                                                                                            QUERY PLAN                                                                                            
--------------------------------------------------------------------------------------------------------------------------------------------------------------------------------------------------
 Aggregate  (cost=557522.15..557522.16 rows=1 width=8) (actual time=8040.658..8040.664 rows=1 loops=1)
   Buffers: shared hit=710387 read=120672
   ->  Nested Loop  (cost=89868.03..557521.96 rows=75 width=0) (actual time=433.145..8039.622 rows=8624 loops=1)
         Buffers: shared hit=710387 read=120672
         ->  Hash Join  (cost=89867.60..557106.77 rows=179 width=4) (actual time=433.109..7745.976 rows=9246 loops=1)
               Hash Cond: (ci.role_id = rt.id)
               Buffers: shared hit=682578 read=111497
               ->  Nested Loop  (cost=89866.42..557101.77 rows=1075 width=8) (actual time=433.060..7742.000 rows=20037 loops=1)
                     Buffers: shared hit=682577 read=111497
                     ->  Nested Loop  (cost=89865.98..553665.27 rows=75 width=12) (actual time=433.019..7486.065 rows=1909 loops=1)
                           Buffers: shared hit=670908 read=97809
                           ->  Seq Scan on info_type it2  (cost=0.00..2.41 rows=1 width=4) (actual time=0.021..0.027 rows=1 loops=1)
                                 Filter: (id = 2)
                                 Rows Removed by Filter: 112
                                 Buffers: shared read=1
                           ->  Nested Loop  (cost=89865.98..553662.11 rows=75 width=16) (actual time=432.997..7485.691 rows=1909 loops=1)
                                 Buffers: shared hit=670908 read=97808
                                 ->  Seq Scan on info_type it1  (cost=0.00..2.41 rows=1 width=4) (actual time=0.006..0.013 rows=1 loops=1)
                                       Filter: (id = 3)
                                       Rows Removed by Filter: 112
                                       Buffers: shared hit=1
                                 ->  Nested Loop  (cost=89865.98..553658.95 rows=75 width=20) (actual time=432.988..7485.356 rows=1909 loops=1)
                                       Buffers: shared hit=670907 read=97808
                                       ->  Hash Join  (cost=89865.55..432702.24 rows=2760 width=12) (actual time=431.596..1261.729 rows=71610 loops=1)
                                             Hash Cond: (mi2.movie_id = t.id)
                                             Buffers: shared hit=13 read=53922
                                             ->  Bitmap Heap Scan on movie_info mi2  (cost=13885.07..356265.51 rows=114308 width=8) (actual time=37.746..559.799 rows=1288928 loops=1)
                                                   Recheck Cond: (info_type_id = 2)
                                                   Filter: ((info)::text = ANY ('{"Black and White",Color}'::text[]))
                                                   Heap Blocks: exact=16526
                                                   Buffers: shared hit=12 read=17531
                                                   ->  Bitmap Index Scan on info_type_id_movie_info  (cost=0.00..13856.49 rows=1296008 width=0) (actual time=35.527..35.527 rows=1288928 loops=1)
                                                         Index Cond: (info_type_id = 2)
                                                         Buffers: shared read=1017
                                             ->  Hash  (cost=75217.44..75217.44 rows=61043 width=4) (actual time=391.218..391.221 rows=137454 loops=1)
                                                   Buckets: 262144 (originally 65536)  Batches: 1 (originally 1)  Memory Usage: 6881kB
                                                   Buffers: shared hit=1 read=36391
                                                   ->  Hash Join  (cost=1.11..75217.44 rows=61043 width=4) (actual time=0.054..366.982 rows=137454 loops=1)
                                                         Hash Cond: (t.kind_id = kt.id)
                                                         Buffers: shared hit=1 read=36391
                                                         ->  Seq Scan on title t  (cost=0.00..74315.95 rows=213650 width=8) (actual time=0.026..344.968 rows=212483 loops=1)
                                                               Filter: ((production_year <= 1970) AND (1950 < production_year))
                                                               Rows Removed by Filter: 2315829
                                                               Buffers: shared read=36391
                                                         ->  Hash  (cost=1.09..1.09 rows=2 width=4) (actual time=0.012..0.013 rows=2 loops=1)
                                                               Buckets: 1024  Batches: 1  Memory Usage: 9kB
                                                               Buffers: shared hit=1
                                                               ->  Seq Scan on kind_type kt  (cost=0.00..1.09 rows=2 width=4) (actual time=0.007..0.008 rows=2 loops=1)
                                                                     Filter: ((kind)::text = ANY ('{episode,"tv movie"}'::text[]))
                                                                     Rows Removed by Filter: 5
                                                                     Buffers: shared hit=1
                                       ->  Index Scan using movie_id_movie_info on movie_info mi1  (cost=0.43..43.81 rows=1 width=8) (actual time=0.086..0.086 rows=0 loops=71610)
                                             Index Cond: (movie_id = t.id)
                                             Filter: ((info_type_id = 3) AND ((info)::text = ANY ('{Action,Adventure,Documentary,Romance,Short}'::text[])))
                                             Rows Removed by Filter: 9
                                             Buffers: shared hit=670894 read=43886
                     ->  Index Scan using movie_id_cast_info on cast_info ci  (cost=0.44..45.44 rows=38 width=12) (actual time=0.032..0.132 rows=10 loops=1909)
                           Index Cond: (movie_id = t.id)
                           Buffers: shared hit=11669 read=13688
               ->  Hash  (cost=1.15..1.15 rows=2 width=4) (actual time=0.029..0.030 rows=2 loops=1)
                     Buckets: 1024  Batches: 1  Memory Usage: 9kB
                     Buffers: shared hit=1
                     ->  Seq Scan on role_type rt  (cost=0.00..1.15 rows=2 width=4) (actual time=0.022..0.025 rows=2 loops=1)
                           Filter: ((role)::text = ANY ('{actor,"miscellaneous crew"}'::text[]))
                           Rows Removed by Filter: 10
                           Buffers: shared hit=1
         ->  Index Scan using name_pkey on name n  (cost=0.43..2.32 rows=1 width=4) (actual time=0.031..0.031 rows=1 loops=9246)
               Index Cond: (id = ci.person_id)
               Filter: ((gender)::text = 'm'::text)
               Rows Removed by Filter: 0
               Buffers: shared hit=27809 read=9175
 Planning:
   Buffers: shared hit=481 read=88
 Planning Time: 9.863 ms
 Execution Time: 8041.650 ms
(75 rows)

