                                                                                               QUERY PLAN                                                                                               
--------------------------------------------------------------------------------------------------------------------------------------------------------------------------------------------------------
 Aggregate  (cost=911320.71..911320.72 rows=1 width=8) (actual time=242429.163..242429.175 rows=1 loops=1)
   Buffers: shared hit=22242649 read=2669890, temp read=17235 written=17235
   ->  Nested Loop  (cost=471657.12..911315.51 rows=2080 width=0) (actual time=1844.958..241867.419 rows=3175394 loops=1)
         Buffers: shared hit=22242649 read=2669890, temp read=17235 written=17235
         ->  Hash Join  (cost=471656.69..903911.60 rows=3192 width=4) (actual time=1844.924..106990.686 rows=3771427 loops=1)
               Hash Cond: (ci.role_id = rt.id)
               Buffers: shared hit=7435259 read=2391572, temp read=17235 written=17235
               ->  Nested Loop  (cost=471655.51..903842.40 rows=19150 width=8) (actual time=1844.811..104460.183 rows=8566809 loops=1)
                     Buffers: shared hit=7435258 read=2391572, temp read=17235 written=17235
                     ->  Nested Loop  (cost=471655.07..845411.71 rows=1336 width=12) (actual time=1844.774..3784.599 rows=497034 loops=1)
                           Buffers: shared hit=4095 read=60817, temp read=17235 written=17235
                           ->  Seq Scan on info_type it2  (cost=0.00..2.41 rows=1 width=4) (actual time=0.019..0.031 rows=1 loops=1)
                                 Filter: (id = 2)
                                 Rows Removed by Filter: 112
                                 Buffers: shared hit=1
                           ->  Nested Loop  (cost=471655.07..845395.94 rows=1336 width=16) (actual time=1844.753..3662.001 rows=497034 loops=1)
                                 Buffers: shared hit=4094 read=60817, temp read=17235 written=17235
                                 ->  Seq Scan on info_type it1  (cost=0.00..2.41 rows=1 width=4) (actual time=0.008..0.023 rows=1 loops=1)
                                       Filter: (id = 3)
                                       Rows Removed by Filter: 112
                                       Buffers: shared hit=1
                                 ->  Hash Join  (cost=471655.07..845380.17 rows=1336 width=20) (actual time=1844.742..3540.657 rows=497034 loops=1)
                                       Hash Cond: (mi1.movie_id = t.id)
                                       Buffers: shared hit=4093 read=60817, temp read=17235 written=17235
                                       ->  Bitmap Heap Scan on movie_info mi1  (cost=16473.50..389810.18 rows=100014 width=8) (actual time=42.264..632.440 rows=935922 loops=1)
                                             Recheck Cond: (info_type_id = 3)
                                             Filter: ((info)::text = ANY ('{Action,Adventure,Comedy,Crime,Documentary,History,Horror,Music,Mystery,Sci-Fi,Short}'::text[]))
                                             Rows Removed by Filter: 597987
                                             Heap Blocks: exact=9772
                                             Buffers: shared hit=1 read=10974
                                             ->  Bitmap Index Scan on info_type_id_movie_info  (cost=0.00..16448.47 rows=1538671 width=0) (actual time=41.077..41.077 rows=1533909 loops=1)
                                                   Index Cond: (info_type_id = 3)
                                                   Buffers: shared read=1203
                                       ->  Hash  (cost=454759.47..454759.47 rows=33768 width=12) (actual time=1801.919..1801.925 rows=663925 loops=1)
                                             Buckets: 262144 (originally 65536)  Batches: 8 (originally 1)  Memory Usage: 6145kB
                                             Buffers: shared hit=4092 read=49843, temp read=10357 written=12623
                                             ->  Hash Join  (cost=107800.70..454759.47 rows=33768 width=12) (actual time=878.515..1694.852 rows=663925 loops=1)
                                                   Hash Cond: (mi2.movie_id = t.id)
                                                   Buffers: shared hit=4092 read=49843, temp read=10357 written=10357
                                                   ->  Bitmap Heap Scan on movie_info mi2  (cost=13885.07..356265.51 rows=114308 width=8) (actual time=34.047..367.257 rows=1288928 loops=1)
                                                         Recheck Cond: (info_type_id = 2)
                                                         Filter: ((info)::text = ANY ('{"Black and White",Color}'::text[]))
                                                         Heap Blocks: exact=16526
                                                         Buffers: shared hit=1291 read=16252
                                                         ->  Bitmap Index Scan on info_type_id_movie_info  (cost=0.00..13856.49 rows=1296008 width=0) (actual time=31.877..31.878 rows=1288928 loops=1)
                                                               Index Cond: (info_type_id = 2)
                                                               Buffers: shared hit=1 read=1016
                                                   ->  Hash  (cost=81661.50..81661.50 rows=746890 width=4) (actual time=843.291..843.295 rows=1610551 loops=1)
                                                         Buckets: 262144 (originally 262144)  Batches: 16 (originally 8)  Memory Usage: 6145kB
                                                         Buffers: shared hit=2801 read=33591, temp written=4414
                                                         ->  Hash Join  (cost=1.13..81661.50 rows=746890 width=4) (actual time=0.053..629.020 rows=1610551 loops=1)
                                                               Hash Cond: (t.kind_id = kt.id)
                                                               Buffers: shared hit=2801 read=33591
                                                               ->  Seq Scan on title t  (cost=0.00..74315.95 rows=1742744 width=8) (actual time=0.026..433.344 rows=1748995 loops=1)
                                                                     Filter: ((production_year <= 2015) AND (1990 < production_year))
                                                                     Rows Removed by Filter: 779317
                                                                     Buffers: shared hit=2800 read=33591
                                                               ->  Hash  (cost=1.10..1.10 rows=3 width=4) (actual time=0.013..0.014 rows=3 loops=1)
                                                                     Buckets: 1024  Batches: 1  Memory Usage: 9kB
                                                                     Buffers: shared hit=1
                                                                     ->  Seq Scan on kind_type kt  (cost=0.00..1.10 rows=3 width=4) (actual time=0.007..0.009 rows=3 loops=1)
                                                                           Filter: ((kind)::text = ANY ('{episode,movie,"video movie"}'::text[]))
                                                                           Rows Removed by Filter: 4
                                                                           Buffers: shared hit=1
                     ->  Index Scan using movie_id_cast_info on cast_info ci  (cost=0.44..43.36 rows=38 width=12) (actual time=0.037..0.197 rows=17 loops=497034)
                           Index Cond: (movie_id = t.id)
                           Buffers: shared hit=7431163 read=2330755
               ->  Hash  (cost=1.15..1.15 rows=2 width=4) (actual time=0.039..0.039 rows=2 loops=1)
                     Buckets: 1024  Batches: 1  Memory Usage: 9kB
                     Buffers: shared hit=1
                     ->  Seq Scan on role_type rt  (cost=0.00..1.15 rows=2 width=4) (actual time=0.022..0.026 rows=2 loops=1)
                           Filter: ((role)::text = ANY ('{actor,producer}'::text[]))
                           Rows Removed by Filter: 10
                           Buffers: shared hit=1
         ->  Index Scan using name_pkey on name n  (cost=0.43..2.32 rows=1 width=4) (actual time=0.035..0.035 rows=1 loops=3771427)
               Index Cond: (id = ci.person_id)
               Filter: ((gender)::text = ANY ('{f,m}'::text[]))
               Rows Removed by Filter: 0
               Buffers: shared hit=14807390 read=278318
 Planning:
   Buffers: shared hit=485 read=92
 Planning Time: 14.339 ms
 Execution Time: 242430.032 ms
(83 rows)

