                                                                                            QUERY PLAN                                                                                            
--------------------------------------------------------------------------------------------------------------------------------------------------------------------------------------------------
 Aggregate  (cost=526917.90..526917.91 rows=1 width=8) (actual time=1189.220..1189.228 rows=1 loops=1)
   Buffers: shared hit=30093 read=54205
   ->  Nested Loop  (cost=92434.96..526917.88 rows=8 width=0) (actual time=411.821..1189.180 rows=184 loops=1)
         Buffers: shared hit=30093 read=54205
         ->  Seq Scan on info_type it2  (cost=0.00..2.41 rows=1 width=4) (actual time=0.040..0.045 rows=1 loops=1)
               Filter: (id = 2)
               Rows Removed by Filter: 112
               Buffers: shared hit=1
         ->  Nested Loop  (cost=92434.96..526915.39 rows=8 width=4) (actual time=411.779..1189.106 rows=184 loops=1)
               Buffers: shared hit=30092 read=54205
               ->  Seq Scan on info_type it1  (cost=0.00..2.41 rows=1 width=4) (actual time=0.010..0.017 rows=1 loops=1)
                     Filter: (id = 3)
                     Rows Removed by Filter: 112
                     Buffers: shared hit=1
               ->  Nested Loop  (cost=92434.96..526912.90 rows=8 width=8) (actual time=411.765..1189.058 rows=184 loops=1)
                     Buffers: shared hit=30091 read=54205
                     ->  Hash Join  (cost=92434.53..526868.83 rows=19 width=12) (actual time=397.990..1171.193 rows=750 loops=1)
                           Hash Cond: (ci.role_id = rt.id)
                           Buffers: shared hit=27820 read=53476
                           ->  Nested Loop  (cost=92433.37..526866.85 rows=229 width=16) (actual time=397.913..1169.741 rows=13693 loops=1)
                                 Buffers: shared hit=27819 read=53476
                                 ->  Nested Loop  (cost=92432.93..526133.73 rows=16 width=20) (actual time=397.883..1011.947 rows=1501 loops=1)
                                       Buffers: shared hit=17285 read=46468
                                       ->  Hash Join  (cost=92432.50..511154.53 rows=343 width=12) (actual time=397.785..792.968 rows=1451 loops=1)
                                             Hash Cond: (mi1.movie_id = t.id)
                                             Buffers: shared hit=6574 read=40793
                                             ->  Bitmap Heap Scan on movie_info mi1  (cost=16452.02..435117.35 rows=14207 width=8) (actual time=42.747..421.730 rows=137233 loops=1)
                                                   Recheck Cond: (info_type_id = 3)
                                                   Filter: ((info)::text = ANY ('{Fantasy,Music,Musical,Mystery,Sci-Fi,War,Western}'::text[]))
                                                   Rows Removed by Filter: 1396676
                                                   Heap Blocks: exact=9772
                                                   Buffers: shared hit=6573 read=4402
                                                   ->  Bitmap Index Scan on info_type_id_movie_info  (cost=0.00..16448.47 rows=1538671 width=0) (actual time=41.544..41.544 rows=1533909 loops=1)
                                                         Index Cond: (info_type_id = 3)
                                                         Buffers: shared read=1203
                                             ->  Hash  (cost=75217.44..75217.44 rows=61043 width=4) (actual time=354.749..354.752 rows=7789 loops=1)
                                                   Buckets: 65536  Batches: 1  Memory Usage: 786kB
                                                   Buffers: shared hit=1 read=36391
                                                   ->  Hash Join  (cost=1.11..75217.44 rows=61043 width=4) (actual time=0.134..352.844 rows=7789 loops=1)
                                                         Hash Cond: (t.kind_id = kt.id)
                                                         Buffers: shared hit=1 read=36391
                                                         ->  Seq Scan on title t  (cost=0.00..74315.95 rows=213650 width=8) (actual time=0.025..339.939 rows=212483 loops=1)
                                                               Filter: ((production_year <= 1970) AND (1950 < production_year))
                                                               Rows Removed by Filter: 2315829
                                                               Buffers: shared read=36391
                                                         ->  Hash  (cost=1.09..1.09 rows=2 width=4) (actual time=0.012..0.014 rows=2 loops=1)
                                                               Buckets: 1024  Batches: 1  Memory Usage: 9kB
                                                               Buffers: shared hit=1
                                                               ->  Seq Scan on kind_type kt  (cost=0.00..1.09 rows=2 width=4) (actual time=0.007..0.008 rows=2 loops=1)
                                                                     Filter: ((kind)::text = ANY ('{"tv series","video movie"}'::text[]))
                                                                     Rows Removed by Filter: 5
                                                                     Buffers: shared hit=1
                                       ->  Index Scan using movie_id_movie_info on movie_info mi2  (cost=0.43..43.66 rows=1 width=8) (actual time=0.132..0.150 rows=1 loops=1451)
                                             Index Cond: (movie_id = t.id)
                                             Filter: (((info)::text = ANY ('{"Black and White",Color}'::text[])) AND (info_type_id = 2))
                                             Rows Removed by Filter: 18
                                             Buffers: shared hit=10711 read=5675
                                 ->  Index Scan using movie_id_cast_info on cast_info ci  (cost=0.44..45.44 rows=38 width=12) (actual time=0.046..0.103 rows=9 loops=1501)
                                       Index Cond: (movie_id = t.id)
                                       Buffers: shared hit=10534 read=7008
                           ->  Hash  (cost=1.15..1.15 rows=1 width=4) (actual time=0.020..0.021 rows=1 loops=1)
                                 Buckets: 1024  Batches: 1  Memory Usage: 9kB
                                 Buffers: shared hit=1
                                 ->  Seq Scan on role_type rt  (cost=0.00..1.15 rows=1 width=4) (actual time=0.011..0.012 rows=1 loops=1)
                                       Filter: ((role)::text = 'miscellaneous crew'::text)
                                       Rows Removed by Filter: 11
                                       Buffers: shared hit=1
                     ->  Index Scan using name_pkey on name n  (cost=0.43..2.32 rows=1 width=4) (actual time=0.023..0.023 rows=0 loops=750)
                           Index Cond: (id = ci.person_id)
                           Filter: ((gender)::text = 'm'::text)
                           Rows Removed by Filter: 1
                           Buffers: shared hit=2271 read=729
 Planning:
   Buffers: shared hit=482 read=92
 Planning Time: 14.173 ms
 Execution Time: 1189.827 ms
(76 rows)

