                                                                                            QUERY PLAN                                                                                            
--------------------------------------------------------------------------------------------------------------------------------------------------------------------------------------------------
 Aggregate  (cost=750019.02..750019.03 rows=1 width=8) (actual time=4418.346..4418.352 rows=1 loops=1)
   Buffers: shared hit=317184 read=101032, temp read=1622 written=1622
   ->  Nested Loop  (cost=477742.79..750018.73 rows=119 width=0) (actual time=875.063..4417.677 rows=4968 loops=1)
         Buffers: shared hit=317184 read=101032, temp read=1622 written=1622
         ->  Seq Scan on info_type it2  (cost=0.00..2.41 rows=1 width=4) (actual time=0.043..0.048 rows=1 loops=1)
               Filter: (id = 2)
               Rows Removed by Filter: 112
               Buffers: shared hit=1
         ->  Nested Loop  (cost=477742.79..750015.12 rows=119 width=4) (actual time=875.018..4417.094 rows=4968 loops=1)
               Buffers: shared hit=317183 read=101032, temp read=1622 written=1622
               ->  Seq Scan on info_type it1  (cost=0.00..2.41 rows=1 width=4) (actual time=0.010..0.016 rows=1 loops=1)
                     Filter: (id = 3)
                     Rows Removed by Filter: 112
                     Buffers: shared hit=1
               ->  Nested Loop  (cost=477742.79..750011.52 rows=119 width=8) (actual time=875.008..4416.468 rows=4968 loops=1)
                     Join Filter: (t.id = mi2.movie_id)
                     Buffers: shared hit=317182 read=101032, temp read=1622 written=1622
                     ->  Nested Loop  (cost=477742.35..639394.95 rows=2629 width=16) (actual time=874.955..3860.540 rows=4709 loops=1)
                           Buffers: shared hit=273275 read=88865, temp read=1622 written=1622
                           ->  Hash Join  (cost=477741.92..613144.95 rows=11317 width=20) (actual time=873.460..2363.772 rows=69808 loops=1)
                                 Hash Cond: (ci.movie_id = t.id)
                                 Buffers: shared hit=14320 read=68588, temp read=1622 written=1622
                                 ->  Nested Loop  (cost=0.44..123965.00 rows=3020080 width=8) (actual time=0.684..1095.031 rows=4008037 loops=1)
                                       Buffers: shared hit=1321 read=34220
                                       ->  Seq Scan on role_type rt  (cost=0.00..1.15 rows=1 width=4) (actual time=0.010..0.012 rows=1 loops=1)
                                             Filter: ((role)::text = 'producer'::text)
                                             Rows Removed by Filter: 11
                                             Buffers: shared hit=1
                                       ->  Index Scan using role_id_cast_info on cast_info ci  (cost=0.44..91017.52 rows=3294633 width=12) (actual time=0.671..770.517 rows=4008037 loops=1)
                                             Index Cond: (role_id = rt.id)
                                             Buffers: shared hit=1320 read=34220
                                 ->  Hash  (cost=477623.06..477623.06 rows=9474 width=12) (actual time=872.553..872.558 rows=33133 loops=1)
                                       Buckets: 65536 (originally 16384)  Batches: 1 (originally 1)  Memory Usage: 1936kB
                                       Buffers: shared hit=12999 read=34368, temp read=1622 written=1622
                                       ->  Hash Join  (cost=101882.34..477623.06 rows=9474 width=12) (actual time=509.938..866.806 rows=33133 loops=1)
                                             Hash Cond: (mi1.movie_id = t.id)
                                             Buffers: shared hit=12999 read=34368, temp read=1622 written=1622
                                             ->  Bitmap Heap Scan on movie_info mi1  (cost=16462.64..389799.33 rows=56611 width=8) (actual time=38.207..281.081 rows=566577 loops=1)
                                                   Recheck Cond: (info_type_id = 3)
                                                   Filter: ((info)::text = ANY ('{Animation,Biography,Comedy,Drama,Game-Show,Horror,Mystery,War,Western}'::text[]))
                                                   Rows Removed by Filter: 967332
                                                   Heap Blocks: exact=9772
                                                   Buffers: shared hit=10975
                                                   ->  Bitmap Index Scan on info_type_id_movie_info  (cost=0.00..16448.47 rows=1538671 width=0) (actual time=37.008..37.009 rows=1533909 loops=1)
                                                         Index Cond: (info_type_id = 3)
                                                         Buffers: shared hit=1203
                                             ->  Hash  (cost=78477.74..78477.74 rows=423117 width=4) (actual time=470.658..470.661 rows=75964 loops=1)
                                                   Buckets: 262144  Batches: 4  Memory Usage: 2707kB
                                                   Buffers: shared hit=2024 read=34368, temp written=166
                                                   ->  Hash Join  (cost=1.13..78477.74 rows=423117 width=4) (actual time=0.046..458.001 rows=75964 loops=1)
                                                         Hash Cond: (t.kind_id = kt.id)
                                                         Buffers: shared hit=2024 read=34368
                                                         ->  Seq Scan on title t  (cost=0.00..74315.95 rows=987274 width=8) (actual time=0.020..399.231 rows=989787 loops=1)
                                                               Filter: ((production_year <= 2010) AND (2000 < production_year))
                                                               Rows Removed by Filter: 1538525
                                                               Buffers: shared hit=2023 read=34368
                                                         ->  Hash  (cost=1.10..1.10 rows=3 width=4) (actual time=0.013..0.014 rows=3 loops=1)
                                                               Buckets: 1024  Batches: 1  Memory Usage: 9kB
                                                               Buffers: shared hit=1
                                                               ->  Seq Scan on kind_type kt  (cost=0.00..1.10 rows=3 width=4) (actual time=0.008..0.009 rows=3 loops=1)
                                                                     Filter: ((kind)::text = ANY ('{"tv movie","tv series","video game"}'::text[]))
                                                                     Rows Removed by Filter: 4
                                                                     Buffers: shared hit=1
                           ->  Index Scan using name_pkey on name n  (cost=0.43..2.32 rows=1 width=4) (actual time=0.021..0.021 rows=0 loops=69808)
                                 Index Cond: (id = ci.person_id)
                                 Filter: ((gender)::text = 'f'::text)
                                 Rows Removed by Filter: 1
                                 Buffers: shared hit=258955 read=20277
                     ->  Index Scan using movie_id_movie_info on movie_info mi2  (cost=0.43..42.06 rows=1 width=8) (actual time=0.102..0.118 rows=1 loops=4709)
                           Index Cond: (movie_id = ci.movie_id)
                           Filter: (((info)::text = ANY ('{"Black and White",Color}'::text[])) AND (info_type_id = 2))
                           Rows Removed by Filter: 15
                           Buffers: shared hit=43907 read=12167
 Planning:
   Buffers: shared hit=576 read=1
 Planning Time: 13.162 ms
 Execution Time: 4418.931 ms
(77 rows)

