                                                                                               QUERY PLAN                                                                                               
--------------------------------------------------------------------------------------------------------------------------------------------------------------------------------------------------------
 Aggregate  (cost=952771.22..952771.23 rows=1 width=8) (actual time=14926.858..14926.866 rows=1 loops=1)
   Buffers: shared hit=1160306 read=304233, temp read=4125 written=4125
   ->  Nested Loop  (cost=472670.64..952768.88 rows=936 width=0) (actual time=1423.947..14922.526 rows=24821 loops=1)
         Buffers: shared hit=1160306 read=304233, temp read=4125 written=4125
         ->  Seq Scan on info_type it2  (cost=0.00..2.41 rows=1 width=4) (actual time=0.039..0.045 rows=1 loops=1)
               Filter: (id = 2)
               Rows Removed by Filter: 112
               Buffers: shared hit=1
         ->  Nested Loop  (cost=472670.64..952757.11 rows=936 width=4) (actual time=1423.906..14919.407 rows=24821 loops=1)
               Buffers: shared hit=1160305 read=304233, temp read=4125 written=4125
               ->  Seq Scan on info_type it1  (cost=0.00..2.41 rows=1 width=4) (actual time=0.013..0.021 rows=1 loops=1)
                     Filter: (id = 3)
                     Rows Removed by Filter: 112
                     Buffers: shared hit=1
               ->  Nested Loop  (cost=472670.64..952745.34 rows=936 width=8) (actual time=1423.890..14915.875 rows=24821 loops=1)
                     Buffers: shared hit=1160304 read=304233, temp read=4125 written=4125
                     ->  Hash Join  (cost=472670.21..947570.49 rows=2231 width=12) (actual time=1423.711..11669.474 rows=96190 loops=1)
                           Hash Cond: (ci.role_id = rt.id)
                           Buffers: shared hit=795939 read=283838, temp read=4125 written=4125
                           ->  Nested Loop  (cost=472669.04..947521.76 rows=13388 width=16) (actual time=1423.659..11574.148 rows=872928 loops=1)
                                 Buffers: shared hit=795938 read=283838, temp read=4125 written=4125
                                 ->  Hash Join  (cost=472668.60..906743.62 rows=934 width=20) (actual time=1423.610..2078.662 rows=61402 loops=1)
                                       Hash Cond: (mi1.movie_id = t.id)
                                       Buffers: shared hit=8327 read=56583, temp read=4125 written=4125
                                       ->  Bitmap Heap Scan on movie_info mi1  (cost=16467.85..450242.73 rows=77549 width=8) (actual time=40.184..541.007 rows=750889 loops=1)
                                             Recheck Cond: (info_type_id = 3)
                                             Filter: ((info)::text = ANY ('{Comedy,Crime,Documentary,Drama,Fantasy,History,Romance,Thriller}'::text[]))
                                             Rows Removed by Filter: 783020
                                             Heap Blocks: exact=9772
                                             Buffers: shared hit=1571 read=9404
                                             ->  Bitmap Index Scan on info_type_id_movie_info  (cost=0.00..16448.47 rows=1538671 width=0) (actual time=38.989..38.989 rows=1533909 loops=1)
                                                   Index Cond: (info_type_id = 3)
                                                   Buffers: shared hit=1203
                                       ->  Hash  (cost=455820.22..455820.22 rows=30442 width=12) (actual time=1383.311..1383.315 rows=99771 loops=1)
                                             Buckets: 131072 (originally 32768)  Batches: 1 (originally 1)  Memory Usage: 5312kB
                                             Buffers: shared hit=6756 read=47179, temp read=4125 written=4125
                                             ->  Hash Join  (cost=109181.70..455820.22 rows=30442 width=12) (actual time=748.742..1366.347 rows=99771 loops=1)
                                                   Hash Cond: (mi2.movie_id = t.id)
                                                   Buffers: shared hit=6756 read=47179, temp read=4125 written=4125
                                                   ->  Bitmap Heap Scan on movie_info mi2  (cost=13885.07..356265.51 rows=114308 width=8) (actual time=35.047..382.213 rows=1288928 loops=1)
                                                         Recheck Cond: (info_type_id = 2)
                                                         Filter: ((info)::text = ANY ('{"Black and White",Color}'::text[]))
                                                         Heap Blocks: exact=16526
                                                         Buffers: shared hit=4668 read=12875
                                                         ->  Bitmap Index Scan on info_type_id_movie_info  (cost=0.00..13856.49 rows=1296008 width=0) (actual time=32.849..32.850 rows=1288928 loops=1)
                                                               Index Cond: (info_type_id = 2)
                                                               Buffers: shared hit=1 read=1016
                                                   ->  Hash  (cost=84248.85..84248.85 rows=673342 width=4) (actual time=709.608..709.610 rows=103087 loops=1)
                                                         Buckets: 262144  Batches: 8  Memory Usage: 2504kB
                                                         Buffers: shared hit=2088 read=34304, temp written=260
                                                         ->  Hash Join  (cost=1.11..84248.85 rows=673342 width=4) (actual time=0.056..691.376 rows=103087 loops=1)
                                                               Hash Cond: (t.kind_id = kt.id)
                                                               Buffers: shared hit=2088 read=34304
                                                               ->  Seq Scan on title t  (cost=0.00..74315.95 rows=2356696 width=8) (actual time=0.028..517.933 rows=2352201 loops=1)
                                                                     Filter: ((production_year <= 2015) AND (1925 < production_year))
                                                                     Rows Removed by Filter: 176111
                                                                     Buffers: shared hit=2087 read=34304
                                                               ->  Hash  (cost=1.09..1.09 rows=2 width=4) (actual time=0.012..0.013 rows=2 loops=1)
                                                                     Buckets: 1024  Batches: 1  Memory Usage: 9kB
                                                                     Buffers: shared hit=1
                                                                     ->  Seq Scan on kind_type kt  (cost=0.00..1.09 rows=2 width=4) (actual time=0.007..0.008 rows=2 loops=1)
                                                                           Filter: ((kind)::text = ANY ('{"tv series","video game"}'::text[]))
                                                                           Rows Removed by Filter: 5
                                                                           Buffers: shared hit=1
                                 ->  Index Scan using movie_id_cast_info on cast_info ci  (cost=0.44..43.28 rows=38 width=12) (actual time=0.037..0.152 rows=14 loops=61402)
                                       Index Cond: (movie_id = t.id)
                                       Buffers: shared hit=787611 read=227255
                           ->  Hash  (cost=1.15..1.15 rows=2 width=4) (actual time=0.022..0.022 rows=2 loops=1)
                                 Buckets: 1024  Batches: 1  Memory Usage: 9kB
                                 Buffers: shared hit=1
                                 ->  Seq Scan on role_type rt  (cost=0.00..1.15 rows=2 width=4) (actual time=0.012..0.015 rows=2 loops=1)
                                       Filter: ((role)::text = ANY ('{cinematographer,producer}'::text[]))
                                       Rows Removed by Filter: 10
                                       Buffers: shared hit=1
                     ->  Index Scan using name_pkey on name n  (cost=0.43..2.32 rows=1 width=4) (actual time=0.033..0.033 rows=0 loops=96190)
                           Index Cond: (id = ci.person_id)
                           Filter: ((gender)::text = 'm'::text)
                           Rows Removed by Filter: 1
                           Buffers: shared hit=364365 read=20395
 Planning:
   Buffers: shared hit=574
 Planning Time: 12.950 ms
 Execution Time: 14927.886 ms
(83 rows)

