                                                                                            QUERY PLAN                                                                                            
--------------------------------------------------------------------------------------------------------------------------------------------------------------------------------------------------
 Aggregate  (cost=557471.71..557471.72 rows=1 width=8) (actual time=1777.478..1777.486 rows=1 loops=1)
   Buffers: shared hit=83565 read=79437
   ->  Nested Loop  (cost=89868.03..557471.42 rows=115 width=0) (actual time=402.133..1777.263 rows=1231 loops=1)
         Buffers: shared hit=83565 read=79437
         ->  Hash Join  (cost=89867.60..557060.87 rows=177 width=4) (actual time=402.003..1683.391 rows=2913 loops=1)
               Hash Cond: (ci.role_id = rt.id)
               Buffers: shared hit=74240 read=77110
               ->  Nested Loop  (cost=89866.42..557055.93 rows=1061 width=8) (actual time=401.803..1681.387 rows=16482 loops=1)
                     Buffers: shared hit=74239 read=77110
                     ->  Nested Loop  (cost=89865.98..553665.25 rows=74 width=12) (actual time=400.759..1504.672 rows=2328 loops=1)
                           Buffers: shared hit=57326 read=71526
                           ->  Seq Scan on info_type it2  (cost=0.00..2.41 rows=1 width=4) (actual time=0.031..0.036 rows=1 loops=1)
                                 Filter: (id = 2)
                                 Rows Removed by Filter: 112
                                 Buffers: shared hit=1
                           ->  Nested Loop  (cost=89865.98..553662.10 rows=74 width=16) (actual time=400.726..1504.336 rows=2328 loops=1)
                                 Buffers: shared hit=57325 read=71526
                                 ->  Seq Scan on info_type it1  (cost=0.00..2.41 rows=1 width=4) (actual time=0.011..0.018 rows=1 loops=1)
                                       Filter: (id = 3)
                                       Rows Removed by Filter: 112
                                       Buffers: shared hit=1
                                 ->  Nested Loop  (cost=89865.98..553658.95 rows=74 width=20) (actual time=400.711..1503.991 rows=2328 loops=1)
                                       Buffers: shared hit=57324 read=71526
                                       ->  Hash Join  (cost=89865.55..432702.24 rows=2760 width=12) (actual time=400.589..837.308 rows=7457 loops=1)
                                             Hash Cond: (mi2.movie_id = t.id)
                                             Buffers: shared hit=15 read=53920
                                             ->  Bitmap Heap Scan on movie_info mi2  (cost=13885.07..356265.51 rows=114308 width=8) (actual time=39.500..377.222 rows=1288928 loops=1)
                                                   Recheck Cond: (info_type_id = 2)
                                                   Filter: ((info)::text = ANY ('{"Black and White",Color}'::text[]))
                                                   Heap Blocks: exact=16526
                                                   Buffers: shared hit=14 read=17529
                                                   ->  Bitmap Index Scan on info_type_id_movie_info  (cost=0.00..13856.49 rows=1296008 width=0) (actual time=37.302..37.302 rows=1288928 loops=1)
                                                         Index Cond: (info_type_id = 2)
                                                         Buffers: shared read=1017
                                             ->  Hash  (cost=75217.44..75217.44 rows=61043 width=4) (actual time=358.362..358.365 rows=7784 loops=1)
                                                   Buckets: 65536  Batches: 1  Memory Usage: 786kB
                                                   Buffers: shared hit=1 read=36391
                                                   ->  Hash Join  (cost=1.11..75217.44 rows=61043 width=4) (actual time=0.155..356.350 rows=7784 loops=1)
                                                         Hash Cond: (t.kind_id = kt.id)
                                                         Buffers: shared hit=1 read=36391
                                                         ->  Seq Scan on title t  (cost=0.00..74315.95 rows=213650 width=8) (actual time=0.037..343.027 rows=212483 loops=1)
                                                               Filter: ((production_year <= 1970) AND (1950 < production_year))
                                                               Rows Removed by Filter: 2315829
                                                               Buffers: shared read=36391
                                                         ->  Hash  (cost=1.09..1.09 rows=2 width=4) (actual time=0.012..0.013 rows=2 loops=1)
                                                               Buckets: 1024  Batches: 1  Memory Usage: 9kB
                                                               Buffers: shared hit=1
                                                               ->  Seq Scan on kind_type kt  (cost=0.00..1.09 rows=2 width=4) (actual time=0.008..0.009 rows=2 loops=1)
                                                                     Filter: ((kind)::text = ANY ('{"tv series","video game"}'::text[]))
                                                                     Rows Removed by Filter: 5
                                                                     Buffers: shared hit=1
                                       ->  Index Scan using movie_id_movie_info on movie_info mi1  (cost=0.43..43.81 rows=1 width=8) (actual time=0.088..0.089 rows=0 loops=7457)
                                             Index Cond: (movie_id = t.id)
                                             Filter: ((info_type_id = 3) AND ((info)::text = ANY ('{Adventure,Crime,Documentary,Family,Short}'::text[])))
                                             Rows Removed by Filter: 10
                                             Buffers: shared hit=57309 read=17606
                     ->  Index Scan using movie_id_cast_info on cast_info ci  (cost=0.44..45.44 rows=38 width=12) (actual time=0.026..0.075 rows=7 loops=2328)
                           Index Cond: (movie_id = t.id)
                           Buffers: shared hit=16913 read=5584
               ->  Hash  (cost=1.15..1.15 rows=2 width=4) (actual time=0.033..0.033 rows=2 loops=1)
                     Buckets: 1024  Batches: 1  Memory Usage: 9kB
                     Buffers: shared hit=1
                     ->  Seq Scan on role_type rt  (cost=0.00..1.15 rows=2 width=4) (actual time=0.024..0.026 rows=2 loops=1)
                           Filter: ((role)::text = ANY ('{"miscellaneous crew",writer}'::text[]))
                           Rows Removed by Filter: 10
                           Buffers: shared hit=1
         ->  Index Scan using name_pkey on name n  (cost=0.43..2.32 rows=1 width=4) (actual time=0.032..0.032 rows=0 loops=2913)
               Index Cond: (id = ci.person_id)
               Filter: ((gender)::text = ANY ('{f,m}'::text[]))
               Rows Removed by Filter: 1
               Buffers: shared hit=9325 read=2327
 Planning:
   Buffers: shared hit=479 read=95
 Planning Time: 14.378 ms
 Execution Time: 1778.020 ms
(75 rows)

