                                                                                               QUERY PLAN                                                                                               
--------------------------------------------------------------------------------------------------------------------------------------------------------------------------------------------------------
 Aggregate  (cost=951395.85..951395.86 rows=1 width=8) (actual time=161348.639..161348.650 rows=1 loops=1)
   Buffers: shared hit=13768190 read=2798747, temp read=20530 written=20530
   ->  Nested Loop  (cost=479859.65..951388.12 rows=3089 width=0) (actual time=2117.131..161298.299 rows=215335 loops=1)
         Buffers: shared hit=13768190 read=2798747, temp read=20530 written=20530
         ->  Hash Join  (cost=479859.22..940393.60 rows=4740 width=4) (actual time=2116.037..136980.041 rows=677200 loops=1)
               Hash Cond: (ci.role_id = rt.id)
               Buffers: shared hit=11313498 read=2544639, temp read=20530 written=20530
               ->  Nested Loop  (cost=479858.05..940291.41 rows=28439 width=8) (actual time=2115.564..134820.795 rows=11940452 loops=1)
                     Buffers: shared hit=11313497 read=2544639, temp read=20530 written=20530
                     ->  Nested Loop  (cost=479857.61..853670.61 rows=1984 width=12) (actual time=2115.526..4253.382 rows=739465 loops=1)
                           Buffers: shared hit=10701 read=54211, temp read=20530 written=20530
                           ->  Seq Scan on info_type it2  (cost=0.00..2.41 rows=1 width=4) (actual time=0.030..0.040 rows=1 loops=1)
                                 Filter: (id = 2)
                                 Rows Removed by Filter: 112
                                 Buffers: shared hit=1
                           ->  Nested Loop  (cost=479857.61..853648.36 rows=1984 width=16) (actual time=2115.494..4092.112 rows=739465 loops=1)
                                 Buffers: shared hit=10700 read=54211, temp read=20530 written=20530
                                 ->  Seq Scan on info_type it1  (cost=0.00..2.41 rows=1 width=4) (actual time=0.009..0.022 rows=1 loops=1)
                                       Filter: (id = 3)
                                       Rows Removed by Filter: 112
                                       Buffers: shared hit=1
                                 ->  Hash Join  (cost=479857.61..853626.11 rows=1984 width=20) (actual time=2115.481..3924.374 rows=739465 loops=1)
                                       Hash Cond: (mi1.movie_id = t.id)
                                       Buffers: shared hit=10699 read=54211, temp read=20530 written=20530
                                       ->  Bitmap Heap Scan on movie_info mi1  (cost=16475.96..389812.65 rows=109861 width=8) (actual time=40.688..589.343 rows=1034130 loops=1)
                                             Recheck Cond: (info_type_id = 3)
                                             Filter: ((info)::text = ANY ('{Action,Adult,Animation,Comedy,Documentary,Family,Fantasy,Music,Mystery,Romance,Short,Sport}'::text[]))
                                             Rows Removed by Filter: 499779
                                             Heap Blocks: exact=9772
                                             Buffers: shared hit=648 read=10327
                                             ->  Bitmap Index Scan on info_type_id_movie_info  (cost=0.00..16448.47 rows=1538671 width=0) (actual time=39.481..39.481 rows=1533909 loops=1)
                                                   Index Cond: (info_type_id = 3)
                                                   Buffers: shared read=1203
                                       ->  Hash  (cost=462810.85..462810.85 rows=45664 width=12) (actual time=2074.411..2074.416 rows=982641 loops=1)
                                             Buckets: 262144 (originally 65536)  Batches: 8 (originally 1)  Memory Usage: 7320kB
                                             Buffers: shared hit=10051 read=43884, temp read=11838 written=15193
                                             ->  Hash Join  (cost=114705.11..462810.85 rows=45664 width=12) (actual time=1028.054..1922.592 rows=982641 loops=1)
                                                   Hash Cond: (mi2.movie_id = t.id)
                                                   Buffers: shared hit=10051 read=43884, temp read=11838 written=11838
                                                   ->  Bitmap Heap Scan on movie_info mi2  (cost=13885.07..356265.51 rows=114308 width=8) (actual time=34.118..367.598 rows=1288928 loops=1)
                                                         Recheck Cond: (info_type_id = 2)
                                                         Filter: ((info)::text = ANY ('{"Black and White",Color}'::text[]))
                                                         Heap Blocks: exact=16526
                                                         Buffers: shared hit=2791 read=14752
                                                         ->  Bitmap Index Scan on info_type_id_movie_info  (cost=0.00..13856.49 rows=1296008 width=0) (actual time=31.936..31.936 rows=1288928 loops=1)
                                                               Index Cond: (info_type_id = 2)
                                                               Buffers: shared hit=1 read=1016
                                                   ->  Hash  (cost=84248.88..84248.88 rows=1010013 width=4) (actual time=992.753..992.756 rows=2148656 loops=1)
                                                         Buckets: 262144 (originally 262144)  Batches: 16 (originally 8)  Memory Usage: 6773kB
                                                         Buffers: shared hit=7260 read=29132, temp written=5895
                                                         ->  Hash Join  (cost=1.13..84248.88 rows=1010013 width=4) (actual time=0.059..712.136 rows=2148656 loops=1)
                                                               Hash Cond: (t.kind_id = kt.id)
                                                               Buffers: shared hit=7260 read=29132
                                                               ->  Seq Scan on title t  (cost=0.00..74315.95 rows=2356696 width=8) (actual time=0.029..453.941 rows=2352201 loops=1)
                                                                     Filter: ((production_year <= 2015) AND (1925 < production_year))
                                                                     Rows Removed by Filter: 176111
                                                                     Buffers: shared hit=7259 read=29132
                                                               ->  Hash  (cost=1.10..1.10 rows=3 width=4) (actual time=0.015..0.016 rows=3 loops=1)
                                                                     Buckets: 1024  Batches: 1  Memory Usage: 9kB
                                                                     Buffers: shared hit=1
                                                                     ->  Seq Scan on kind_type kt  (cost=0.00..1.10 rows=3 width=4) (actual time=0.008..0.009 rows=3 loops=1)
                                                                           Filter: ((kind)::text = ANY ('{episode,movie,"video movie"}'::text[]))
                                                                           Rows Removed by Filter: 4
                                                                           Buffers: shared hit=1
                     ->  Index Scan using movie_id_cast_info on cast_info ci  (cost=0.44..43.28 rows=38 width=12) (actual time=0.035..0.172 rows=16 loops=739465)
                           Index Cond: (movie_id = t.id)
                           Buffers: shared hit=11302796 read=2490428
               ->  Hash  (cost=1.15..1.15 rows=2 width=4) (actual time=0.037..0.038 rows=2 loops=1)
                     Buckets: 1024  Batches: 1  Memory Usage: 9kB
                     Buffers: shared hit=1
                     ->  Seq Scan on role_type rt  (cost=0.00..1.15 rows=2 width=4) (actual time=0.025..0.027 rows=2 loops=1)
                           Filter: ((role)::text = ANY ('{cinematographer,"production designer"}'::text[]))
                           Rows Removed by Filter: 10
                           Buffers: shared hit=1
         ->  Index Scan using name_pkey on name n  (cost=0.43..2.32 rows=1 width=4) (actual time=0.035..0.035 rows=0 loops=677200)
               Index Cond: (id = ci.person_id)
               Filter: ((gender)::text = ANY ('{f,m}'::text[]))
               Rows Removed by Filter: 1
               Buffers: shared hit=2454692 read=254108
 Planning:
   Buffers: shared hit=521 read=56
 Planning Time: 13.038 ms
 Execution Time: 161349.514 ms
(83 rows)

