                                                                                            QUERY PLAN                                                                                            
--------------------------------------------------------------------------------------------------------------------------------------------------------------------------------------------------
 Aggregate  (cost=703670.44..703670.45 rows=1 width=8) (actual time=38655.968..38655.977 rows=1 loops=1)
   Buffers: shared hit=3215752 read=824958, temp read=2209 written=2209
   ->  Nested Loop  (cost=92606.08..703670.16 rows=112 width=0) (actual time=647.724..38652.331 rows=10445 loops=1)
         Buffers: shared hit=3215752 read=824958, temp read=2209 written=2209
         ->  Seq Scan on info_type it2  (cost=0.00..2.41 rows=1 width=4) (actual time=0.046..0.056 rows=1 loops=1)
               Filter: (id = 2)
               Rows Removed by Filter: 112
               Buffers: shared hit=1
         ->  Nested Loop  (cost=92606.08..703666.63 rows=112 width=4) (actual time=647.677..38649.590 rows=10445 loops=1)
               Buffers: shared hit=3215751 read=824958, temp read=2209 written=2209
               ->  Seq Scan on info_type it1  (cost=0.00..2.41 rows=1 width=4) (actual time=0.009..0.021 rows=1 loops=1)
                     Filter: (id = 3)
                     Rows Removed by Filter: 112
                     Buffers: shared hit=1
               ->  Nested Loop  (cost=92606.08..703663.10 rows=112 width=8) (actual time=647.664..38646.580 rows=10445 loops=1)
                     Buffers: shared hit=3215750 read=824958, temp read=2209 written=2209
                     ->  Hash Join  (cost=92605.65..702545.09 rows=482 width=12) (actual time=521.596..34382.557 rows=120967 loops=1)
                           Hash Cond: (ci.role_id = rt.id)
                           Buffers: shared hit=2788817 read=768023, temp read=2209 written=2209
                           ->  Nested Loop  (cost=92604.48..702533.63 rows=2895 width=16) (actual time=521.392..34091.311 rows=1795704 loops=1)
                                 Buffers: shared hit=2788816 read=768023, temp read=2209 written=2209
                                 ->  Nested Loop  (cost=92604.04..693496.24 rows=202 width=20) (actual time=521.352..15382.449 rows=67628 loops=1)
                                       Buffers: shared hit=1331284 read=265005, temp read=2209 written=2209
                                       ->  Hash Join  (cost=92603.60..436735.59 rows=5937 width=12) (actual time=515.021..1479.314 rows=160938 loops=1)
                                             Hash Cond: (mi2.movie_id = t.id)
                                             Buffers: shared hit=1410 read=52525, temp read=2209 written=2209
                                             ->  Bitmap Heap Scan on movie_info mi2  (cost=13878.84..356259.28 rows=89381 width=8) (actual time=39.267..496.453 rows=1000514 loops=1)
                                                   Recheck Cond: (info_type_id = 2)
                                                   Filter: ((info)::text = 'Color'::text)
                                                   Rows Removed by Filter: 288414
                                                   Heap Blocks: exact=16526
                                                   Buffers: shared hit=1409 read=16134
                                                   ->  Bitmap Index Scan on info_type_id_movie_info  (cost=0.00..13856.49 rows=1296008 width=0) (actual time=37.081..37.081 rows=1288928 loops=1)
                                                         Index Cond: (info_type_id = 2)
                                                         Buffers: shared read=1017
                                             ->  Hash  (cost=75968.50..75968.50 rows=167941 width=4) (actual time=474.716..474.719 rows=342123 loops=1)
                                                   Buckets: 262144  Batches: 2  Memory Usage: 8082kB
                                                   Buffers: shared hit=1 read=36391, temp written=499
                                                   ->  Hash Join  (cost=1.13..75968.50 rows=167941 width=4) (actual time=0.056..418.263 rows=342123 loops=1)
                                                         Hash Cond: (t.kind_id = kt.id)
                                                         Buffers: shared hit=1 read=36391
                                                         ->  Seq Scan on title t  (cost=0.00..74315.95 rows=391862 width=8) (actual time=0.029..374.683 rows=386415 loops=1)
                                                               Filter: ((production_year <= 1997) AND (1981 < production_year))
                                                               Rows Removed by Filter: 2141897
                                                               Buffers: shared read=36391
                                                         ->  Hash  (cost=1.10..1.10 rows=3 width=4) (actual time=0.013..0.015 rows=3 loops=1)
                                                               Buckets: 1024  Batches: 1  Memory Usage: 9kB
                                                               Buffers: shared hit=1
                                                               ->  Seq Scan on kind_type kt  (cost=0.00..1.10 rows=3 width=4) (actual time=0.008..0.010 rows=3 loops=1)
                                                                     Filter: ((kind)::text = ANY ('{episode,movie,"tv movie"}'::text[]))
                                                                     Rows Removed by Filter: 4
                                                                     Buffers: shared hit=1
                                       ->  Index Scan using movie_id_movie_info on movie_info mi1  (cost=0.43..43.24 rows=1 width=8) (actual time=0.086..0.086 rows=0 loops=160938)
                                             Index Cond: (movie_id = t.id)
                                             Filter: ((info_type_id = 3) AND ((info)::text = ANY ('{Action,Animation,Crime,Drama,Family,Music,Short,Thriller}'::text[])))
                                             Rows Removed by Filter: 10
                                             Buffers: shared hit=1329874 read=212480
                                 ->  Index Scan using movie_id_cast_info on cast_info ci  (cost=0.44..44.36 rows=38 width=12) (actual time=0.035..0.270 rows=27 loops=67628)
                                       Index Cond: (movie_id = t.id)
                                       Buffers: shared hit=1457532 read=503018
                           ->  Hash  (cost=1.15..1.15 rows=2 width=4) (actual time=0.019..0.020 rows=2 loops=1)
                                 Buckets: 1024  Batches: 1  Memory Usage: 9kB
                                 Buffers: shared hit=1
                                 ->  Seq Scan on role_type rt  (cost=0.00..1.15 rows=2 width=4) (actual time=0.011..0.013 rows=2 loops=1)
                                       Filter: ((role)::text = ANY ('{"costume designer",writer}'::text[]))
                                       Rows Removed by Filter: 10
                                       Buffers: shared hit=1
                     ->  Index Scan using name_pkey on name n  (cost=0.43..2.32 rows=1 width=4) (actual time=0.035..0.035 rows=0 loops=120967)
                           Index Cond: (id = ci.person_id)
                           Filter: ((gender)::text = 'f'::text)
                           Rows Removed by Filter: 1
                           Buffers: shared hit=426933 read=56935
 Planning:
   Buffers: shared hit=530 read=44
 Planning Time: 14.167 ms
 Execution Time: 38656.718 ms
(76 rows)

