                                                                                            QUERY PLAN                                                                                            
--------------------------------------------------------------------------------------------------------------------------------------------------------------------------------------------------
 Aggregate  (cost=620977.96..620977.97 rows=1 width=8) (actual time=25455.400..25455.410 rows=1 loops=1)
   Buffers: shared hit=2169481 read=441341, temp read=3512 written=3512
   ->  Nested Loop  (cost=90249.55..620977.87 rows=36 width=0) (actual time=662.243..25454.452 rows=2450 loops=1)
         Buffers: shared hit=2169481 read=441341, temp read=3512 written=3512
         ->  Seq Scan on info_type it2  (cost=0.00..2.41 rows=1 width=4) (actual time=0.047..0.057 rows=1 loops=1)
               Filter: (id = 2)
               Rows Removed by Filter: 112
               Buffers: shared hit=1
         ->  Nested Loop  (cost=90249.55..620975.10 rows=36 width=4) (actual time=662.194..25453.765 rows=2450 loops=1)
               Buffers: shared hit=2169480 read=441341, temp read=3512 written=3512
               ->  Seq Scan on info_type it1  (cost=0.00..2.41 rows=1 width=4) (actual time=0.010..0.024 rows=1 loops=1)
                     Filter: (id = 3)
                     Rows Removed by Filter: 112
                     Buffers: shared hit=1
               ->  Nested Loop  (cost=90249.55..620972.33 rows=36 width=8) (actual time=662.181..25453.060 rows=2450 loops=1)
                     Buffers: shared hit=2169479 read=441341, temp read=3512 written=3512
                     ->  Hash Join  (cost=90249.12..620617.44 rows=153 width=12) (actual time=630.930..24098.781 rows=36497 loops=1)
                           Hash Cond: (ci.role_id = rt.id)
                           Buffers: shared hit=2044154 read=420678, temp read=3512 written=3512
                           ->  Nested Loop  (cost=90247.96..620609.76 rows=1835 width=16) (actual time=630.623..23951.329 rows=931329 loops=1)
                                 Buffers: shared hit=2044153 read=420678, temp read=3512 written=3512
                                 ->  Nested Loop  (cost=90247.52..614744.81 rows=128 width=20) (actual time=630.567..14012.493 rows=49981 loops=1)
                                       Buffers: shared hit=1170824 read=230681, temp read=3512 written=3512
                                       ->  Hash Join  (cost=90247.08..433097.58 rows=4140 width=12) (actual time=475.667..1822.010 rows=129491 loops=1)
                                             Hash Cond: (mi2.movie_id = t.id)
                                             Buffers: shared hit=3116 read=50819, temp read=3512 written=3512
                                             ->  Bitmap Heap Scan on movie_info mi2  (cost=13885.07..356265.51 rows=114308 width=8) (actual time=38.366..645.698 rows=1288928 loops=1)
                                                   Recheck Cond: (info_type_id = 2)
                                                   Filter: ((info)::text = ANY ('{"Black and White",Color}'::text[]))
                                                   Heap Blocks: exact=16526
                                                   Buffers: shared hit=7 read=17536
                                                   ->  Bitmap Index Scan on info_type_id_movie_info  (cost=0.00..13856.49 rows=1296008 width=0) (actual time=36.156..36.156 rows=1288928 loops=1)
                                                         Index Cond: (info_type_id = 2)
                                                         Buffers: shared read=1017
                                             ->  Hash  (cost=75217.46..75217.46 rows=91564 width=4) (actual time=434.444..434.448 rows=204688 loops=1)
                                                   Buckets: 262144 (originally 131072)  Batches: 2 (originally 1)  Memory Usage: 6145kB
                                                   Buffers: shared hit=3109 read=33283, temp written=299
                                                   ->  Hash Join  (cost=1.13..75217.46 rows=91564 width=4) (actual time=0.056..393.929 rows=204688 loops=1)
                                                         Hash Cond: (t.kind_id = kt.id)
                                                         Buffers: shared hit=3109 read=33283
                                                         ->  Seq Scan on title t  (cost=0.00..74315.95 rows=213650 width=8) (actual time=0.027..367.692 rows=212483 loops=1)
                                                               Filter: ((production_year <= 1970) AND (1950 < production_year))
                                                               Rows Removed by Filter: 2315829
                                                               Buffers: shared hit=3108 read=33283
                                                         ->  Hash  (cost=1.10..1.10 rows=3 width=4) (actual time=0.012..0.014 rows=3 loops=1)
                                                               Buckets: 1024  Batches: 1  Memory Usage: 9kB
                                                               Buffers: shared hit=1
                                                               ->  Seq Scan on kind_type kt  (cost=0.00..1.10 rows=3 width=4) (actual time=0.007..0.009 rows=3 loops=1)
                                                                     Filter: ((kind)::text = ANY ('{episode,movie,"tv movie"}'::text[]))
                                                                     Rows Removed by Filter: 4
                                                                     Buffers: shared hit=1
                                       ->  Index Scan using movie_id_movie_info on movie_info mi1  (cost=0.43..43.87 rows=1 width=8) (actual time=0.093..0.094 rows=0 loops=129491)
                                             Index Cond: (movie_id = t.id)
                                             Filter: ((info_type_id = 3) AND ((info)::text = ANY ('{Action,Adventure,Drama,Family,Romance,Short}'::text[])))
                                             Rows Removed by Filter: 11
                                             Buffers: shared hit=1167708 read=179862
                                 ->  Index Scan using movie_id_cast_info on cast_info ci  (cost=0.44..45.44 rows=38 width=12) (actual time=0.035..0.194 rows=19 loops=49981)
                                       Index Cond: (movie_id = t.id)
                                       Buffers: shared hit=873329 read=189997
                           ->  Hash  (cost=1.15..1.15 rows=1 width=4) (actual time=0.018..0.018 rows=1 loops=1)
                                 Buckets: 1024  Batches: 1  Memory Usage: 9kB
                                 Buffers: shared hit=1
                                 ->  Seq Scan on role_type rt  (cost=0.00..1.15 rows=1 width=4) (actual time=0.011..0.012 rows=1 loops=1)
                                       Filter: ((role)::text = 'miscellaneous crew'::text)
                                       Rows Removed by Filter: 11
                                       Buffers: shared hit=1
                     ->  Index Scan using name_pkey on name n  (cost=0.43..2.32 rows=1 width=4) (actual time=0.037..0.037 rows=0 loops=36497)
                           Index Cond: (id = ci.person_id)
                           Filter: ((gender)::text = 'f'::text)
                           Rows Removed by Filter: 1
                           Buffers: shared hit=125325 read=20663
 Planning:
   Buffers: shared hit=485 read=89
 Planning Time: 13.427 ms
 Execution Time: 25456.184 ms
(75 rows)

