                                                                                            QUERY PLAN                                                                                            
--------------------------------------------------------------------------------------------------------------------------------------------------------------------------------------------------
 Aggregate  (cost=700828.49..700828.50 rows=1 width=8) (actual time=11465.177..11465.187 rows=1 loops=1)
   Buffers: shared hit=908914 read=273474, temp read=1774 written=1774
   ->  Nested Loop  (cost=92606.07..700828.29 rows=77 width=0) (actual time=457.415..11453.665 rows=103041 loops=1)
         Buffers: shared hit=908914 read=273474, temp read=1774 written=1774
         ->  Seq Scan on info_type it2  (cost=0.00..2.41 rows=1 width=4) (actual time=0.029..0.039 rows=1 loops=1)
               Filter: (id = 2)
               Rows Removed by Filter: 112
               Buffers: shared hit=1
         ->  Nested Loop  (cost=92606.07..700825.11 rows=77 width=4) (actual time=457.384..11440.302 rows=103041 loops=1)
               Buffers: shared hit=908913 read=273474, temp read=1774 written=1774
               ->  Seq Scan on info_type it1  (cost=0.00..2.41 rows=1 width=4) (actual time=0.009..0.021 rows=1 loops=1)
                     Filter: (id = 3)
                     Rows Removed by Filter: 112
                     Buffers: shared hit=1
               ->  Nested Loop  (cost=92606.07..700821.93 rows=77 width=8) (actual time=457.372..11426.847 rows=103041 loops=1)
                     Buffers: shared hit=908912 read=273474, temp read=1774 written=1774
                     ->  Hash Join  (cost=92605.64..700395.14 rows=184 width=12) (actual time=457.339..7946.691 rows=103041 loops=1)
                           Hash Cond: (ci.role_id = rt.id)
                           Buffers: shared hit=521231 read=248991, temp read=1774 written=1774
                           ->  Nested Loop  (cost=92604.48..700386.13 rows=2207 width=16) (actual time=457.294..7894.374 rows=292536 loops=1)
                                 Buffers: shared hit=521230 read=248991, temp read=1774 written=1774
                                 ->  Nested Loop  (cost=92604.04..693496.24 rows=154 width=20) (actual time=457.265..4548.529 rows=19613 loops=1)
                                       Buffers: shared hit=308595 read=121516, temp read=1774 written=1774
                                       ->  Hash Join  (cost=92603.60..436735.59 rows=5937 width=12) (actual time=457.195..1196.081 rows=40992 loops=1)
                                             Hash Cond: (mi2.movie_id = t.id)
                                             Buffers: shared hit=22063 read=31872, temp read=1774 written=1774
                                             ->  Bitmap Heap Scan on movie_info mi2  (cost=13878.84..356259.28 rows=89381 width=8) (actual time=40.218..454.725 rows=1000514 loops=1)
                                                   Recheck Cond: (info_type_id = 2)
                                                   Filter: ((info)::text = 'Color'::text)
                                                   Rows Removed by Filter: 288414
                                                   Heap Blocks: exact=16526
                                                   Buffers: shared hit=1472 read=16071
                                                   ->  Bitmap Index Scan on info_type_id_movie_info  (cost=0.00..13856.49 rows=1296008 width=0) (actual time=38.030..38.030 rows=1288928 loops=1)
                                                         Index Cond: (info_type_id = 2)
                                                         Buffers: shared hit=1 read=1016
                                             ->  Hash  (cost=75968.50..75968.50 rows=167941 width=4) (actual time=414.018..414.022 rows=44292 loops=1)
                                                   Buckets: 262144  Batches: 2  Memory Usage: 2832kB
                                                   Buffers: shared hit=20591 read=15801, temp written=64
                                                   ->  Hash Join  (cost=1.13..75968.50 rows=167941 width=4) (actual time=0.076..405.540 rows=44292 loops=1)
                                                         Hash Cond: (t.kind_id = kt.id)
                                                         Buffers: shared hit=20591 read=15801
                                                         ->  Seq Scan on title t  (cost=0.00..74315.95 rows=391862 width=8) (actual time=0.029..380.334 rows=386415 loops=1)
                                                               Filter: ((production_year <= 1997) AND (1981 < production_year))
                                                               Rows Removed by Filter: 2141897
                                                               Buffers: shared hit=20590 read=15801
                                                         ->  Hash  (cost=1.10..1.10 rows=3 width=4) (actual time=0.017..0.019 rows=3 loops=1)
                                                               Buckets: 1024  Batches: 1  Memory Usage: 9kB
                                                               Buffers: shared hit=1
                                                               ->  Seq Scan on kind_type kt  (cost=0.00..1.10 rows=3 width=4) (actual time=0.011..0.012 rows=3 loops=1)
                                                                     Filter: ((kind)::text = ANY ('{"tv series","video game","video movie"}'::text[]))
                                                                     Rows Removed by Filter: 4
                                                                     Buffers: shared hit=1
                                       ->  Index Scan using movie_id_movie_info on movie_info mi1  (cost=0.43..43.24 rows=1 width=8) (actual time=0.080..0.081 rows=0 loops=40992)
                                             Index Cond: (movie_id = t.id)
                                             Filter: ((info_type_id = 3) AND ((info)::text = ANY ('{Action,Adventure,Crime,Documentary,Drama,Family,Music,Romance}'::text[])))
                                             Rows Removed by Filter: 8
                                             Buffers: shared hit=286532 read=89644
                                 ->  Index Scan using movie_id_cast_info on cast_info ci  (cost=0.44..44.36 rows=38 width=12) (actual time=0.035..0.167 rows=15 loops=19613)
                                       Index Cond: (movie_id = t.id)
                                       Buffers: shared hit=212635 read=127475
                           ->  Hash  (cost=1.15..1.15 rows=1 width=4) (actual time=0.020..0.020 rows=1 loops=1)
                                 Buckets: 1024  Batches: 1  Memory Usage: 9kB
                                 Buffers: shared hit=1
                                 ->  Seq Scan on role_type rt  (cost=0.00..1.15 rows=1 width=4) (actual time=0.009..0.012 rows=1 loops=1)
                                       Filter: ((role)::text = 'actor'::text)
                                       Rows Removed by Filter: 11
                                       Buffers: shared hit=1
                     ->  Index Scan using name_pkey on name n  (cost=0.43..2.32 rows=1 width=4) (actual time=0.033..0.033 rows=1 loops=103041)
                           Index Cond: (id = ci.person_id)
                           Filter: ((gender)::text = 'm'::text)
                           Buffers: shared hit=387681 read=24483
 Planning:
   Buffers: shared hit=574
 Planning Time: 13.943 ms
 Execution Time: 11465.884 ms
(75 rows)

