                                                                                            QUERY PLAN                                                                                            
--------------------------------------------------------------------------------------------------------------------------------------------------------------------------------------------------
 Aggregate  (cost=477370.86..477370.87 rows=1 width=8) (actual time=1067.356..1067.362 rows=1 loops=1)
   Buffers: shared hit=35102 read=57158, temp read=826 written=826
   ->  Nested Loop  (cost=93527.24..477370.70 rows=64 width=0) (actual time=468.751..1067.214 rows=907 loops=1)
         Buffers: shared hit=35102 read=57158, temp read=826 written=826
         ->  Hash Join  (cost=93526.81..477143.39 rows=98 width=4) (actual time=468.712..1023.280 rows=1681 loops=1)
               Hash Cond: (ci.role_id = rt.id)
               Buffers: shared hit=29649 read=55887, temp read=826 written=826
               ->  Nested Loop  (cost=93525.64..477140.13 rows=588 width=8) (actual time=467.831..1021.428 rows=16636 loops=1)
                     Buffers: shared hit=29648 read=55887, temp read=826 written=826
                     ->  Nested Loop  (cost=93525.20..475300.07 rows=41 width=12) (actual time=467.794..872.191 rows=1669 loops=1)
                           Buffers: shared hit=17834 read=46381, temp read=826 written=826
                           ->  Seq Scan on info_type it2  (cost=0.00..2.41 rows=1 width=4) (actual time=0.023..0.029 rows=1 loops=1)
                                 Filter: (id = 2)
                                 Rows Removed by Filter: 112
                                 Buffers: shared hit=1
                           ->  Nested Loop  (cost=93525.20..475297.25 rows=41 width=16) (actual time=467.768..871.957 rows=1669 loops=1)
                                 Buffers: shared hit=17833 read=46381, temp read=826 written=826
                                 ->  Seq Scan on info_type it1  (cost=0.00..2.41 rows=1 width=4) (actual time=0.009..0.017 rows=1 loops=1)
                                       Filter: (id = 3)
                                       Rows Removed by Filter: 112
                                       Buffers: shared hit=1
                                 ->  Nested Loop  (cost=93525.20..475294.43 rows=41 width=20) (actual time=467.756..871.729 rows=1669 loops=1)
                                       Buffers: shared hit=17832 read=46381, temp read=826 written=826
                                       ->  Hash Join  (cost=93524.76..436735.36 rows=896 width=12) (actual time=465.510..770.238 rows=1734 loops=1)
                                             Hash Cond: (mi1.movie_id = t.id)
                                             Buffers: shared hit=5473 read=41894, temp read=826 written=826
                                             ->  Bitmap Heap Scan on movie_info mi1  (cost=16454.07..359571.66 rows=22413 width=8) (actual time=41.963..281.106 rows=209333 loops=1)
                                                   Recheck Cond: (info_type_id = 3)
                                                   Filter: ((info)::text = ANY ('{Documentary,Romance}'::text[]))
                                                   Rows Removed by Filter: 1324576
                                                   Heap Blocks: exact=9772
                                                   Buffers: shared hit=5472 read=5503
                                                   ->  Bitmap Index Scan on info_type_id_movie_info  (cost=0.00..16448.47 rows=1538671 width=0) (actual time=40.780..40.780 rows=1533909 loops=1)
                                                         Index Cond: (info_type_id = 3)
                                                         Buffers: shared read=1203
                                             ->  Hash  (cost=75807.56..75807.56 rows=101051 width=4) (actual time=422.469..422.471 rows=187142 loops=1)
                                                   Buckets: 262144 (originally 131072)  Batches: 2 (originally 1)  Memory Usage: 6145kB
                                                   Buffers: shared hit=1 read=36391, temp written=274
                                                   ->  Hash Join  (cost=1.11..75807.56 rows=101051 width=4) (actual time=0.043..385.665 rows=187142 loops=1)
                                                         Hash Cond: (t.kind_id = kt.id)
                                                         Buffers: shared hit=1 read=36391
                                                         ->  Seq Scan on title t  (cost=0.00..74315.95 rows=353677 width=8) (actual time=0.023..353.577 rows=347589 loops=1)
                                                               Filter: ((production_year <= 1975) AND (1925 < production_year))
                                                               Rows Removed by Filter: 2180723
                                                               Buffers: shared read=36391
                                                         ->  Hash  (cost=1.09..1.09 rows=2 width=4) (actual time=0.012..0.013 rows=2 loops=1)
                                                               Buckets: 1024  Batches: 1  Memory Usage: 9kB
                                                               Buffers: shared hit=1
                                                               ->  Seq Scan on kind_type kt  (cost=0.00..1.09 rows=2 width=4) (actual time=0.008..0.009 rows=2 loops=1)
                                                                     Filter: ((kind)::text = ANY ('{episode,"tv movie"}'::text[]))
                                                                     Rows Removed by Filter: 5
                                                                     Buffers: shared hit=1
                                       ->  Index Scan using movie_id_movie_info on movie_info mi2  (cost=0.43..43.02 rows=1 width=8) (actual time=0.048..0.058 rows=1 loops=1734)
                                             Index Cond: (movie_id = t.id)
                                             Filter: (((info)::text = ANY ('{"Black and White",Color}'::text[])) AND (info_type_id = 2))
                                             Rows Removed by Filter: 7
                                             Buffers: shared hit=12359 read=4487
                     ->  Index Scan using movie_id_cast_info on cast_info ci  (cost=0.44..44.50 rows=38 width=12) (actual time=0.024..0.088 rows=10 loops=1669)
                           Index Cond: (movie_id = t.id)
                           Buffers: shared hit=11814 read=9506
               ->  Hash  (cost=1.15..1.15 rows=2 width=4) (actual time=0.038..0.038 rows=2 loops=1)
                     Buckets: 1024  Batches: 1  Memory Usage: 9kB
                     Buffers: shared hit=1
                     ->  Seq Scan on role_type rt  (cost=0.00..1.15 rows=2 width=4) (actual time=0.026..0.028 rows=2 loops=1)
                           Filter: ((role)::text = ANY ('{"costume designer",writer}'::text[]))
                           Rows Removed by Filter: 10
                           Buffers: shared hit=1
         ->  Index Scan using name_pkey on name n  (cost=0.43..2.32 rows=1 width=4) (actual time=0.026..0.026 rows=1 loops=1681)
               Index Cond: (id = ci.person_id)
               Filter: ((gender)::text = ANY ('{f,m}'::text[]))
               Rows Removed by Filter: 0
               Buffers: shared hit=5453 read=1271
 Planning:
   Buffers: shared hit=485 read=89
 Planning Time: 14.437 ms
 Execution Time: 1067.908 ms
(76 rows)

