                                                                                                  QUERY PLAN                                                                                                  
--------------------------------------------------------------------------------------------------------------------------------------------------------------------------------------------------------------
 Aggregate  (cost=820824.62..820824.63 rows=1 width=8) (actual time=35718.273..35718.282 rows=1 loops=1)
   Buffers: shared hit=3144351 read=508812, temp read=6285 written=6179
   ->  Nested Loop  (cost=771075.11..820823.03 rows=635 width=0) (actual time=991.985..35704.229 rows=72805 loops=1)
         Buffers: shared hit=3144351 read=508812, temp read=6285 written=6179
         ->  Hash Join  (cost=771074.68..818561.50 rows=975 width=4) (actual time=991.951..25154.771 rows=294158 loops=1)
               Hash Cond: (ci.role_id = rt.id)
               Buffers: shared hit=2042265 read=434266, temp read=6285 written=6179
               ->  Nested Loop  (cost=771073.51..818539.56 rows=5848 width=8) (actual time=991.854..24892.335 rows=1245338 loops=1)
                     Buffers: shared hit=2042264 read=434266, temp read=6285 written=6179
                     ->  Nested Loop  (cost=771073.07..800710.89 rows=408 width=12) (actual time=991.831..10927.971 rows=52386 loops=1)
                           Buffers: shared hit=1052561 read=52163, temp read=6285 written=6179
                           ->  Nested Loop  (cost=771073.07..800703.38 rows=408 width=16) (actual time=991.821..10895.353 rows=52386 loops=1)
                                 Buffers: shared hit=1052560 read=52163, temp read=6285 written=6179
                                 ->  Nested Loop  (cost=771073.07..800695.86 rows=408 width=20) (actual time=991.801..10863.526 rows=52386 loops=1)
                                       Buffers: shared hit=1052559 read=52163, temp read=6285 written=6179
                                       ->  Nested Loop  (cost=771072.93..800672.02 rows=952 width=24) (actual time=991.786..10695.372 rows=249494 loops=1)
                                             Join Filter: (t.id = mi1.movie_id)
                                             Buffers: shared hit=1052549 read=52161, temp read=6285 written=6179
                                             ->  Merge Join  (cost=771072.50..771777.85 rows=8842 width=16) (actual time=991.738..1487.578 rows=269048 loops=1)
                                                   Merge Cond: (mi1.movie_id = mi2.movie_id)
                                                   Buffers: shared hit=10705 read=17813, temp read=6285 written=6179
                                                   ->  Sort  (cost=407462.66..407547.68 rows=34005 width=8) (actual time=434.856..510.121 rows=346435 loops=1)
                                                         Sort Key: mi1.movie_id
                                                         Sort Method: external merge  Disk: 6120kB
                                                         Buffers: shared hit=5878 read=5097, temp read=765 written=769
                                                         ->  Bitmap Heap Scan on movie_info mi1  (cost=16456.97..404903.20 rows=34005 width=8) (actual time=42.386..372.039 rows=346435 loops=1)
                                                               Recheck Cond: (info_type_id = 3)
                                                               Filter: ((info)::text = ANY ('{Drama,History,Music,Sport,Thriller}'::text[]))
                                                               Rows Removed by Filter: 1187474
                                                               Heap Blocks: exact=9772
                                                               Buffers: shared hit=5878 read=5097
                                                               ->  Bitmap Index Scan on info_type_id_movie_info  (cost=0.00..16448.47 rows=1538671 width=0) (actual time=41.190..41.190 rows=1533909 loops=1)
                                                                     Index Cond: (info_type_id = 3)
                                                                     Buffers: shared read=1203
                                                   ->  Sort  (cost=363609.83..363833.28 rows=89381 width=8) (actual time=556.874..716.750 rows=1026571 loops=1)
                                                         Sort Key: mi2.movie_id
                                                         Sort Method: external sort  Disk: 21624kB
                                                         Buffers: shared hit=4827 read=12716, temp read=5458 written=5410
                                                         ->  Bitmap Heap Scan on movie_info mi2  (cost=13878.84..356259.28 rows=89381 width=8) (actual time=33.505..314.306 rows=1000514 loops=1)
                                                               Recheck Cond: (info_type_id = 2)
                                                               Filter: ((info)::text = 'Color'::text)
                                                               Rows Removed by Filter: 288414
                                                               Heap Blocks: exact=16526
                                                               Buffers: shared hit=4827 read=12716
                                                               ->  Bitmap Index Scan on info_type_id_movie_info  (cost=0.00..13856.49 rows=1296008 width=0) (actual time=31.337..31.338 rows=1288928 loops=1)
                                                                     Index Cond: (info_type_id = 2)
                                                                     Buffers: shared hit=1 read=1016
                                             ->  Index Scan using title_pkey on title t  (cost=0.43..3.26 rows=1 width=8) (actual time=0.034..0.034 rows=1 loops=269048)
                                                   Index Cond: (id = mi2.movie_id)
                                                   Filter: ((production_year <= 2015) AND (1975 < production_year))
                                                   Rows Removed by Filter: 0
                                                   Buffers: shared hit=1041844 read=34348
                                       ->  Memoize  (cost=0.14..0.16 rows=1 width=4) (actual time=0.000..0.000 rows=0 loops=249494)
                                             Cache Key: t.kind_id
                                             Cache Mode: logical
                                             Hits: 249488  Misses: 6  Evictions: 0  Overflows: 0  Memory Usage: 1kB
                                             Buffers: shared hit=10 read=2
                                             ->  Index Scan using kind_type_pkey on kind_type kt  (cost=0.13..0.15 rows=1 width=4) (actual time=0.007..0.008 rows=0 loops=6)
                                                   Index Cond: (id = t.kind_id)
                                                   Filter: ((kind)::text = ANY ('{"tv movie","tv series","video game"}'::text[]))
                                                   Rows Removed by Filter: 0
                                                   Buffers: shared hit=10 read=2
                                 ->  Materialize  (cost=0.00..2.42 rows=1 width=4) (actual time=0.000..0.000 rows=1 loops=52386)
                                       Buffers: shared hit=1
                                       ->  Seq Scan on info_type it1  (cost=0.00..2.41 rows=1 width=4) (actual time=0.017..0.021 rows=1 loops=1)
                                             Filter: (id = 3)
                                             Rows Removed by Filter: 112
                                             Buffers: shared hit=1
                           ->  Materialize  (cost=0.00..2.42 rows=1 width=4) (actual time=0.000..0.000 rows=1 loops=52386)
                                 Buffers: shared hit=1
                                 ->  Seq Scan on info_type it2  (cost=0.00..2.41 rows=1 width=4) (actual time=0.008..0.013 rows=1 loops=1)
                                       Filter: (id = 2)
                                       Rows Removed by Filter: 112
                                       Buffers: shared hit=1
                     ->  Index Scan using movie_id_cast_info on cast_info ci  (cost=0.44..43.32 rows=38 width=12) (actual time=0.036..0.261 rows=24 loops=52386)
                           Index Cond: (movie_id = t.id)
                           Buffers: shared hit=989703 read=382103
               ->  Hash  (cost=1.15..1.15 rows=2 width=4) (actual time=0.033..0.034 rows=2 loops=1)
                     Buckets: 1024  Batches: 1  Memory Usage: 9kB
                     Buffers: shared hit=1
                     ->  Seq Scan on role_type rt  (cost=0.00..1.15 rows=2 width=4) (actual time=0.025..0.027 rows=2 loops=1)
                           Filter: ((role)::text = ANY ('{"miscellaneous crew",producer}'::text[]))
                           Rows Removed by Filter: 10
                           Buffers: shared hit=1
         ->  Index Scan using name_pkey on name n  (cost=0.43..2.32 rows=1 width=4) (actual time=0.035..0.035 rows=0 loops=294158)
               Index Cond: (id = ci.person_id)
               Filter: ((gender)::text = ANY ('{f,m}'::text[]))
               Rows Removed by Filter: 1
               Buffers: shared hit=1102086 read=74546
 Planning:
   Buffers: shared hit=481 read=93
 Planning Time: 14.010 ms
 Execution Time: 35727.425 ms
(93 rows)

