                                                                                            QUERY PLAN                                                                                            
--------------------------------------------------------------------------------------------------------------------------------------------------------------------------------------------------
 Aggregate  (cost=828607.96..828607.97 rows=1 width=8) (actual time=13267.873..13267.884 rows=1 loops=1)
   Buffers: shared hit=1129091 read=165728, temp read=6764 written=6764
   ->  Nested Loop  (cost=439198.23..828607.37 rows=237 width=0) (actual time=1294.058..13261.457 rows=38257 loops=1)
         Buffers: shared hit=1129091 read=165728, temp read=6764 written=6764
         ->  Seq Scan on info_type it2  (cost=0.00..2.41 rows=1 width=4) (actual time=0.035..0.045 rows=1 loops=1)
               Filter: (id = 2)
               Rows Removed by Filter: 112
               Buffers: shared read=1
         ->  Nested Loop  (cost=439198.23..828602.59 rows=237 width=4) (actual time=1294.021..13254.284 rows=38257 loops=1)
               Buffers: shared hit=1129091 read=165727, temp read=6764 written=6764
               ->  Seq Scan on info_type it1  (cost=0.00..2.41 rows=1 width=4) (actual time=0.008..0.021 rows=1 loops=1)
                     Filter: (id = 3)
                     Rows Removed by Filter: 112
                     Buffers: shared hit=1
               ->  Nested Loop  (cost=439198.23..828597.80 rows=237 width=8) (actual time=1294.012..13246.946 rows=38257 loops=1)
                     Join Filter: (t.id = mi1.movie_id)
                     Buffers: shared hit=1129090 read=165727, temp read=6764 written=6764
                     ->  Nested Loop  (cost=439197.80..603925.36 rows=5301 width=16) (actual time=1293.948..7763.395 rows=46353 loops=1)
                           Buffers: shared hit=668409 read=62877, temp read=6764 written=6764
                           ->  Hash Join  (cost=439197.37..574613.59 rows=12637 width=20) (actual time=1293.725..2092.103 rows=167759 loops=1)
                                 Hash Cond: (ci.movie_id = t.id)
                                 Buffers: shared hit=7013 read=53237, temp read=6764 written=6764
                                 ->  Nested Loop  (cost=0.44..123965.00 rows=3020080 width=8) (actual time=0.117..347.397 rows=898389 loops=1)
                                       Buffers: shared hit=839 read=5476
                                       ->  Seq Scan on role_type rt  (cost=0.00..1.15 rows=1 width=4) (actual time=0.011..0.014 rows=1 loops=1)
                                             Filter: ((role)::text = 'cinematographer'::text)
                                             Rows Removed by Filter: 11
                                             Buffers: shared hit=1
                                       ->  Index Scan using role_id_cast_info on cast_info ci  (cost=0.44..91017.52 rows=3294633 width=12) (actual time=0.104..230.682 rows=898389 loops=1)
                                             Index Cond: (role_id = rt.id)
                                             Buffers: shared hit=838 read=5476
                                 ->  Hash  (cost=439064.69..439064.69 rows=10579 width=12) (actual time=1293.347..1293.353 rows=285278 loops=1)
                                       Buckets: 262144 (originally 16384)  Batches: 2 (originally 1)  Memory Usage: 8180kB
                                       Buffers: shared hit=6174 read=47761, temp read=4672 written=5228
                                       ->  Hash Join  (cost=94341.80..439064.69 rows=10579 width=12) (actual time=578.163..1248.130 rows=285278 loops=1)
                                             Hash Cond: (mi2.movie_id = t.id)
                                             Buffers: shared hit=6174 read=47761, temp read=4672 written=4672
                                             ->  Bitmap Heap Scan on movie_info mi2  (cost=13885.07..356265.51 rows=114308 width=8) (actual time=38.977..373.430 rows=1288928 loops=1)
                                                   Recheck Cond: (info_type_id = 2)
                                                   Filter: ((info)::text = ANY ('{"Black and White",Color}'::text[]))
                                                   Heap Blocks: exact=16526
                                                   Buffers: shared hit=1 read=17542
                                                   ->  Bitmap Index Scan on info_type_id_movie_info  (cost=0.00..13856.49 rows=1296008 width=0) (actual time=36.719..36.719 rows=1288928 loops=1)
                                                         Index Cond: (info_type_id = 2)
                                                         Buffers: shared read=1017
                                             ->  Hash  (cost=76617.93..76617.93 rows=233984 width=4) (actual time=538.071..538.074 rows=504538 loops=1)
                                                   Buckets: 262144 (originally 262144)  Batches: 4 (originally 2)  Memory Usage: 6483kB
                                                   Buffers: shared hit=6173 read=30219, temp written=1107
                                                   ->  Hash Join  (cost=1.13..76617.93 rows=233984 width=4) (actual time=0.059..455.663 rows=504538 loops=1)
                                                         Hash Cond: (t.kind_id = kt.id)
                                                         Buffers: shared hit=6173 read=30219
                                                         ->  Seq Scan on title t  (cost=0.00..74315.95 rows=545963 width=8) (actual time=0.029..392.599 rows=538239 loops=1)
                                                               Filter: ((production_year <= 1990) AND (1950 < production_year))
                                                               Rows Removed by Filter: 1990073
                                                               Buffers: shared hit=6172 read=30219
                                                         ->  Hash  (cost=1.10..1.10 rows=3 width=4) (actual time=0.015..0.017 rows=3 loops=1)
                                                               Buckets: 1024  Batches: 1  Memory Usage: 9kB
                                                               Buffers: shared hit=1
                                                               ->  Seq Scan on kind_type kt  (cost=0.00..1.10 rows=3 width=4) (actual time=0.008..0.010 rows=3 loops=1)
                                                                     Filter: ((kind)::text = ANY ('{episode,movie,"tv movie"}'::text[]))
                                                                     Rows Removed by Filter: 4
                                                                     Buffers: shared hit=1
                           ->  Index Scan using name_pkey on name n  (cost=0.43..2.32 rows=1 width=4) (actual time=0.033..0.033 rows=0 loops=167759)
                                 Index Cond: (id = ci.person_id)
                                 Filter: ((gender)::text = 'm'::text)
                                 Rows Removed by Filter: 1
                                 Buffers: shared hit=661396 read=9640
                     ->  Index Scan using movie_id_movie_info on movie_info mi1  (cost=0.43..42.37 rows=1 width=8) (actual time=0.117..0.118 rows=1 loops=46353)
                           Index Cond: (movie_id = ci.movie_id)
                           Filter: ((info_type_id = 3) AND ((info)::text = ANY ('{Adventure,Animation,Comedy,Documentary,Drama,Family,Fantasy,Short}'::text[])))
                           Rows Removed by Filter: 19
                           Buffers: shared hit=460681 read=102850
 Planning:
   Buffers: shared hit=485 read=89
 Planning Time: 13.708 ms
 Execution Time: 13268.595 ms
(76 rows)

