                                                                                               QUERY PLAN                                                                                               
--------------------------------------------------------------------------------------------------------------------------------------------------------------------------------------------------------
 Aggregate  (cost=399151.18..399151.19 rows=1 width=8) (actual time=1989.253..1989.261 rows=1 loops=1)
   Buffers: shared hit=180521 read=25243
   ->  Nested Loop  (cost=16453.80..399151.18 rows=1 width=0) (actual time=66.438..1989.215 rows=163 loops=1)
         Buffers: shared hit=180521 read=25243
         ->  Hash Join  (cost=16453.37..399148.86 rows=1 width=4) (actual time=66.397..1982.937 rows=163 loops=1)
               Hash Cond: (ci.role_id = rt.id)
               Buffers: shared hit=180076 read=25036
               ->  Nested Loop  (cost=16452.20..399147.65 rows=14 width=8) (actual time=66.331..1982.780 rows=294 loops=1)
                     Buffers: shared hit=180075 read=25036
                     ->  Nested Loop  (cost=16451.76..399094.80 rows=1 width=12) (actual time=66.293..1977.400 rows=27 loops=1)
                           Buffers: shared hit=180007 read=24731
                           ->  Nested Loop  (cost=16451.76..399092.38 rows=1 width=16) (actual time=66.287..1977.039 rows=27 loops=1)
                                 Buffers: shared hit=179980 read=24731
                                 ->  Nested Loop  (cost=16451.76..399089.96 rows=1 width=20) (actual time=66.269..1976.599 rows=27 loops=1)
                                       Buffers: shared hit=179953 read=24731
                                       ->  Hash Join  (cost=16451.33..397541.22 rows=32 width=12) (actual time=66.109..1973.239 rows=27 loops=1)
                                             Hash Cond: (t.kind_id = kt.id)
                                             Buffers: shared hit=179737 read=24611
                                             ->  Nested Loop  (cost=16450.22..397539.64 rows=111 width=16) (actual time=66.066..1972.538 rows=3128 loops=1)
                                                   Buffers: shared hit=179736 read=24611
                                                   ->  Bitmap Heap Scan on movie_info mi1  (cost=16449.78..359567.36 rows=5231 width=8) (actual time=42.207..447.039 rows=49937 loops=1)
                                                         Recheck Cond: (info_type_id = 3)
                                                         Filter: ((info)::text = ANY ('{Adventure,Mystery}'::text[]))
                                                         Rows Removed by Filter: 1483972
                                                         Heap Blocks: exact=9772
                                                         Buffers: shared hit=7165 read=3810
                                                         ->  Bitmap Index Scan on info_type_id_movie_info  (cost=0.00..16448.47 rows=1538671 width=0) (actual time=40.936..40.936 rows=1533909 loops=1)
                                                               Index Cond: (info_type_id = 3)
                                                               Buffers: shared read=1203
                                                   ->  Memoize  (cost=0.44..7.30 rows=1 width=8) (actual time=0.030..0.030 rows=0 loops=49937)
                                                         Cache Key: mi1.movie_id
                                                         Cache Mode: logical
                                                         Hits: 1594  Misses: 48343  Evictions: 0  Overflows: 0  Memory Usage: 3327kB
                                                         Buffers: shared hit=172571 read=20801
                                                         ->  Index Scan using title_pkey on title t  (cost=0.43..7.29 rows=1 width=8) (actual time=0.031..0.031 rows=0 loops=48343)
                                                               Index Cond: (id = mi1.movie_id)
                                                               Filter: ((production_year <= 1949) AND (1928 < production_year))
                                                               Rows Removed by Filter: 1
                                                               Buffers: shared hit=172571 read=20801
                                             ->  Hash  (cost=1.09..1.09 rows=2 width=4) (actual time=0.019..0.020 rows=2 loops=1)
                                                   Buckets: 1024  Batches: 1  Memory Usage: 9kB
                                                   Buffers: shared hit=1
                                                   ->  Seq Scan on kind_type kt  (cost=0.00..1.09 rows=2 width=4) (actual time=0.011..0.013 rows=2 loops=1)
                                                         Filter: ((kind)::text = ANY ('{"tv movie","tv series"}'::text[]))
                                                         Rows Removed by Filter: 5
                                                         Buffers: shared hit=1
                                       ->  Index Scan using movie_id_movie_info on movie_info mi2  (cost=0.43..48.39 rows=1 width=8) (actual time=0.110..0.123 rows=1 loops=27)
                                             Index Cond: (movie_id = t.id)
                                             Filter: ((info_type_id = 2) AND ((info)::text = 'Black and White'::text))
                                             Rows Removed by Filter: 14
                                             Buffers: shared hit=216 read=120
                                 ->  Seq Scan on info_type it1  (cost=0.00..2.41 rows=1 width=4) (actual time=0.007..0.013 rows=1 loops=27)
                                       Filter: (id = 3)
                                       Rows Removed by Filter: 112
                                       Buffers: shared hit=27
                           ->  Seq Scan on info_type it2  (cost=0.00..2.41 rows=1 width=4) (actual time=0.005..0.011 rows=1 loops=27)
                                 Filter: (id = 2)
                                 Rows Removed by Filter: 112
                                 Buffers: shared hit=27
                     ->  Index Scan using movie_id_cast_info on cast_info ci  (cost=0.44..52.46 rows=38 width=12) (actual time=0.060..0.195 rows=11 loops=27)
                           Index Cond: (movie_id = t.id)
                           Buffers: shared hit=68 read=305
               ->  Hash  (cost=1.15..1.15 rows=1 width=4) (actual time=0.039..0.040 rows=1 loops=1)
                     Buckets: 1024  Batches: 1  Memory Usage: 9kB
                     Buffers: shared hit=1
                     ->  Seq Scan on role_type rt  (cost=0.00..1.15 rows=1 width=4) (actual time=0.028..0.030 rows=1 loops=1)
                           Filter: ((role)::text = 'actor'::text)
                           Rows Removed by Filter: 11
                           Buffers: shared hit=1
         ->  Index Scan using name_pkey on name n  (cost=0.43..2.32 rows=1 width=4) (actual time=0.038..0.038 rows=1 loops=163)
               Index Cond: (id = ci.person_id)
               Filter: ((gender)::text = 'm'::text)
               Buffers: shared hit=445 read=207
 Planning:
   Buffers: shared hit=504 read=70
 Planning Time: 13.423 ms
 Execution Time: 1990.606 ms
(77 rows)

