                                                                                            QUERY PLAN                                                                                            
--------------------------------------------------------------------------------------------------------------------------------------------------------------------------------------------------
 Aggregate  (cost=669389.56..669389.57 rows=1 width=8) (actual time=2281.157..2281.164 rows=1 loops=1)
   Buffers: shared hit=36668 read=74528
   ->  Nested Loop  (cost=434551.94..669389.38 rows=73 width=0) (actual time=858.449..2281.104 rows=175 loops=1)
         Buffers: shared hit=36668 read=74528
         ->  Seq Scan on info_type it2  (cost=0.00..2.41 rows=1 width=4) (actual time=0.036..0.041 rows=1 loops=1)
               Filter: (id = 2)
               Rows Removed by Filter: 112
               Buffers: shared hit=1
         ->  Nested Loop  (cost=434551.94..669386.24 rows=73 width=4) (actual time=858.412..2281.024 rows=175 loops=1)
               Buffers: shared hit=36667 read=74528
               ->  Seq Scan on info_type it1  (cost=0.00..2.41 rows=1 width=4) (actual time=0.011..0.017 rows=1 loops=1)
                     Filter: (id = 3)
                     Rows Removed by Filter: 112
                     Buffers: shared hit=1
               ->  Nested Loop  (cost=434551.94..669383.09 rows=73 width=8) (actual time=858.399..2280.969 rows=175 loops=1)
                     Join Filter: (t.id = mi1.movie_id)
                     Buffers: shared hit=36666 read=74528
                     ->  Nested Loop  (cost=434551.51..588910.38 rows=1901 width=16) (actual time=846.562..2267.393 rows=221 loops=1)
                           Buffers: shared hit=34565 read=73584
                           ->  Hash Join  (cost=434551.08..569922.79 rows=8186 width=20) (actual time=828.303..2220.308 rows=3227 loops=1)
                                 Hash Cond: (ci.movie_id = t.id)
                                 Buffers: shared hit=24972 read=70269
                                 ->  Nested Loop  (cost=0.44..123965.00 rows=3020080 width=8) (actual time=0.985..1076.382 rows=4323018 loops=1)
                                       Buffers: shared hit=27 read=41279
                                       ->  Seq Scan on role_type rt  (cost=0.00..1.15 rows=1 width=4) (actual time=0.008..0.011 rows=1 loops=1)
                                             Filter: ((role)::text = 'miscellaneous crew'::text)
                                             Rows Removed by Filter: 11
                                             Buffers: shared hit=1
                                       ->  Index Scan using role_id_cast_info on cast_info ci  (cost=0.44..91017.52 rows=3294633 width=12) (actual time=0.973..734.928 rows=4323018 loops=1)
                                             Index Cond: (role_id = rt.id)
                                             Buffers: shared hit=26 read=41279
                                 ->  Hash  (cost=434464.97..434464.97 rows=6853 width=12) (actual time=825.384..825.389 rows=11120 loops=1)
                                       Buckets: 16384 (originally 8192)  Batches: 1 (originally 1)  Memory Usage: 606kB
                                       Buffers: shared hit=24945 read=28990
                                       ->  Hash Join  (cost=91587.35..434464.97 rows=6853 width=12) (actual time=430.483..823.236 rows=11120 loops=1)
                                             Hash Cond: (mi2.movie_id = t.id)
                                             Buffers: shared hit=24945 read=28990
                                             ->  Bitmap Heap Scan on movie_info mi2  (cost=13885.07..356265.51 rows=114308 width=8) (actual time=37.939..337.604 rows=1288928 loops=1)
                                                   Recheck Cond: (info_type_id = 2)
                                                   Filter: ((info)::text = ANY ('{"Black and White",Color}'::text[]))
                                                   Heap Blocks: exact=16526
                                                   Buffers: shared hit=8091 read=9452
                                                   ->  Bitmap Index Scan on info_type_id_movie_info  (cost=0.00..13856.49 rows=1296008 width=0) (actual time=35.731..35.731 rows=1288928 loops=1)
                                                         Index Cond: (info_type_id = 2)
                                                         Buffers: shared hit=1 read=1016
                                             ->  Hash  (cost=75807.58..75807.58 rows=151576 width=4) (actual time=390.003..390.006 rows=11843 loops=1)
                                                   Buckets: 262144  Batches: 1  Memory Usage: 2465kB
                                                   Buffers: shared hit=16854 read=19538
                                                   ->  Hash Join  (cost=1.13..75807.58 rows=151576 width=4) (actual time=0.161..387.134 rows=11843 loops=1)
                                                         Hash Cond: (t.kind_id = kt.id)
                                                         Buffers: shared hit=16854 read=19538
                                                         ->  Seq Scan on title t  (cost=0.00..74315.95 rows=353677 width=8) (actual time=0.028..366.947 rows=347589 loops=1)
                                                               Filter: ((production_year <= 1975) AND (1925 < production_year))
                                                               Rows Removed by Filter: 2180723
                                                               Buffers: shared hit=16853 read=19538
                                                         ->  Hash  (cost=1.10..1.10 rows=3 width=4) (actual time=0.016..0.017 rows=3 loops=1)
                                                               Buckets: 1024  Batches: 1  Memory Usage: 9kB
                                                               Buffers: shared hit=1
                                                               ->  Seq Scan on kind_type kt  (cost=0.00..1.10 rows=3 width=4) (actual time=0.008..0.009 rows=3 loops=1)
                                                                     Filter: ((kind)::text = ANY ('{"tv series","video game","video movie"}'::text[]))
                                                                     Rows Removed by Filter: 4
                                                                     Buffers: shared hit=1
                           ->  Index Scan using name_pkey on name n  (cost=0.43..2.32 rows=1 width=4) (actual time=0.014..0.014 rows=0 loops=3227)
                                 Index Cond: (id = ci.person_id)
                                 Filter: ((gender)::text = 'f'::text)
                                 Rows Removed by Filter: 1
                                 Buffers: shared hit=9593 read=3315
                     ->  Index Scan using movie_id_movie_info on movie_info mi1  (cost=0.43..42.32 rows=1 width=8) (actual time=0.059..0.061 rows=1 loops=221)
                           Index Cond: (movie_id = ci.movie_id)
                           Filter: ((info_type_id = 3) AND ((info)::text = ANY ('{Action,Animation,Crime,Documentary,Drama,Family,Short}'::text[])))
                           Rows Removed by Filter: 31
                           Buffers: shared hit=2101 read=944
 Planning:
   Buffers: shared hit=574
 Planning Time: 13.750 ms
 Execution Time: 2281.804 ms
(76 rows)

