                                                                                            QUERY PLAN                                                                                            
--------------------------------------------------------------------------------------------------------------------------------------------------------------------------------------------------
 Aggregate  (cost=759737.33..759737.34 rows=1 width=8) (actual time=38984.940..38984.947 rows=1 loops=1)
   Buffers: shared hit=2739146 read=1296409, temp read=4205 written=4205
   ->  Nested Loop  (cost=101880.13..759736.97 rows=144 width=0) (actual time=708.656..38976.845 rows=29528 loops=1)
         Buffers: shared hit=2739146 read=1296409, temp read=4205 written=4205
         ->  Seq Scan on info_type it2  (cost=0.00..2.41 rows=1 width=4) (actual time=0.047..0.055 rows=1 loops=1)
               Filter: (id = 2)
               Rows Removed by Filter: 112
               Buffers: shared hit=1
         ->  Nested Loop  (cost=101880.13..759733.12 rows=144 width=4) (actual time=708.607..38970.496 rows=29528 loops=1)
               Buffers: shared hit=2739145 read=1296409, temp read=4205 written=4205
               ->  Seq Scan on info_type it1  (cost=0.00..2.41 rows=1 width=4) (actual time=0.009..0.019 rows=1 loops=1)
                     Filter: (id = 3)
                     Rows Removed by Filter: 112
                     Buffers: shared hit=1
               ->  Nested Loop  (cost=101880.13..759729.27 rows=144 width=8) (actual time=708.594..38963.749 rows=29528 loops=1)
                     Buffers: shared hit=2739144 read=1296409, temp read=4205 written=4205
                     ->  Hash Join  (cost=101879.70..758933.67 rows=343 width=12) (actual time=706.362..35564.049 rows=99824 loops=1)
                           Hash Cond: (ci.role_id = rt.id)
                           Buffers: shared hit=2403442 read=1232815, temp read=4205 written=4205
                           ->  Nested Loop  (cost=101878.54..758917.89 rows=4114 width=16) (actual time=706.290..35210.525 rows=2186489 loops=1)
                                 Buffers: shared hit=2403441 read=1232815, temp read=4205 written=4205
                                 ->  Nested Loop  (cost=101878.10..746301.83 rows=287 width=20) (actual time=706.265..12300.848 rows=106427 loops=1)
                                       Buffers: shared hit=769605 read=433730, temp read=4205 written=4205
                                       ->  Hash Join  (cost=101877.66..477370.85 rows=6341 width=12) (actual time=706.200..1396.989 rows=102164 loops=1)
                                             Hash Cond: (mi1.movie_id = t.id)
                                             Buffers: shared hit=7992 read=39375, temp read=4205 written=4205
                                             ->  Bitmap Heap Scan on movie_info mi1  (cost=16457.96..389794.65 rows=37891 width=8) (actual time=43.115..410.980 rows=364023 loops=1)
                                                   Recheck Cond: (info_type_id = 3)
                                                   Filter: ((info)::text = ANY ('{Biography,Documentary,History,Horror,Music,Romance,Talk-Show,Thriller,War}'::text[]))
                                                   Rows Removed by Filter: 1169886
                                                   Heap Blocks: exact=9772
                                                   Buffers: shared hit=42 read=10933
                                                   ->  Bitmap Index Scan on info_type_id_movie_info  (cost=0.00..16448.47 rows=1538671 width=0) (actual time=41.929..41.929 rows=1533909 loops=1)
                                                         Index Cond: (info_type_id = 3)
                                                         Buffers: shared read=1203
                                             ->  Hash  (cost=78477.74..78477.74 rows=423117 width=4) (actual time=661.699..661.702 rows=913823 loops=1)
                                                   Buckets: 262144 (originally 262144)  Batches: 8 (originally 4)  Memory Usage: 6145kB
                                                   Buffers: shared hit=7950 read=28442, temp written=2340
                                                   ->  Hash Join  (cost=1.13..78477.74 rows=423117 width=4) (actual time=0.049..531.921 rows=913823 loops=1)
                                                         Hash Cond: (t.kind_id = kt.id)
                                                         Buffers: shared hit=7950 read=28442
                                                         ->  Seq Scan on title t  (cost=0.00..74315.95 rows=987274 width=8) (actual time=0.025..421.472 rows=989787 loops=1)
                                                               Filter: ((production_year <= 2010) AND (2000 < production_year))
                                                               Rows Removed by Filter: 1538525
                                                               Buffers: shared hit=7949 read=28442
                                                         ->  Hash  (cost=1.10..1.10 rows=3 width=4) (actual time=0.014..0.015 rows=3 loops=1)
                                                               Buckets: 1024  Batches: 1  Memory Usage: 9kB
                                                               Buffers: shared hit=1
                                                               ->  Seq Scan on kind_type kt  (cost=0.00..1.10 rows=3 width=4) (actual time=0.008..0.010 rows=3 loops=1)
                                                                     Filter: ((kind)::text = ANY ('{episode,movie,"video movie"}'::text[]))
                                                                     Rows Removed by Filter: 4
                                                                     Buffers: shared hit=1
                                       ->  Index Scan using movie_id_movie_info on movie_info mi2  (cost=0.43..42.40 rows=1 width=8) (actual time=0.087..0.106 rows=1 loops=102164)
                                             Index Cond: (movie_id = t.id)
                                             Filter: (((info)::text = ANY ('{"Black and White",Color}'::text[])) AND (info_type_id = 2))
                                             Rows Removed by Filter: 16
                                             Buffers: shared hit=761613 read=394355
                                 ->  Index Scan using movie_id_cast_info on cast_info ci  (cost=0.44..43.58 rows=38 width=12) (actual time=0.034..0.210 rows=21 loops=106427)
                                       Index Cond: (movie_id = t.id)
                                       Buffers: shared hit=1633836 read=799085
                           ->  Hash  (cost=1.15..1.15 rows=1 width=4) (actual time=0.017..0.018 rows=1 loops=1)
                                 Buckets: 1024  Batches: 1  Memory Usage: 9kB
                                 Buffers: shared hit=1
                                 ->  Seq Scan on role_type rt  (cost=0.00..1.15 rows=1 width=4) (actual time=0.010..0.012 rows=1 loops=1)
                                       Filter: ((role)::text = 'cinematographer'::text)
                                       Rows Removed by Filter: 11
                                       Buffers: shared hit=1
                     ->  Index Scan using name_pkey on name n  (cost=0.43..2.32 rows=1 width=4) (actual time=0.033..0.033 rows=0 loops=99824)
                           Index Cond: (id = ci.person_id)
                           Filter: ((gender)::text = 'm'::text)
                           Rows Removed by Filter: 1
                           Buffers: shared hit=335702 read=63594
 Planning:
   Buffers: shared hit=488 read=89
 Planning Time: 14.435 ms
 Execution Time: 38985.546 ms
(76 rows)

