                                                                                            QUERY PLAN                                                                                            
--------------------------------------------------------------------------------------------------------------------------------------------------------------------------------------------------
 Aggregate  (cost=529559.78..529559.79 rows=1 width=8) (actual time=963.218..963.226 rows=1 loops=1)
   Buffers: shared hit=15388 read=52948
   ->  Nested Loop  (cost=92435.57..529559.76 rows=9 width=0) (actual time=396.107..963.189 rows=102 loops=1)
         Buffers: shared hit=15388 read=52948
         ->  Seq Scan on info_type it2  (cost=0.00..2.41 rows=1 width=4) (actual time=0.033..0.038 rows=1 loops=1)
               Filter: (id = 2)
               Rows Removed by Filter: 112
               Buffers: shared hit=1
         ->  Nested Loop  (cost=92435.57..529557.26 rows=9 width=4) (actual time=396.072..963.131 rows=102 loops=1)
               Buffers: shared hit=15387 read=52948
               ->  Seq Scan on info_type it1  (cost=0.00..2.41 rows=1 width=4) (actual time=0.006..0.013 rows=1 loops=1)
                     Filter: (id = 3)
                     Rows Removed by Filter: 112
                     Buffers: shared hit=1
               ->  Nested Loop  (cost=92435.57..529554.76 rows=9 width=8) (actual time=396.064..963.097 rows=102 loops=1)
                     Buffers: shared hit=15386 read=52948
                     ->  Hash Join  (cost=92435.14..529503.73 rows=22 width=12) (actual time=396.017..952.788 rows=255 loops=1)
                           Hash Cond: (ci.role_id = rt.id)
                           Buffers: shared hit=14623 read=52691
                           ->  Nested Loop  (cost=92433.97..529501.64 rows=258 width=16) (actual time=391.951..952.038 rows=7664 loops=1)
                                 Buffers: shared hit=14622 read=52691
                                 ->  Nested Loop  (cost=92433.53..528676.88 rows=18 width=20) (actual time=391.925..872.151 rows=887 loops=1)
                                       Buffers: shared hit=8599 read=48900
                                       ->  Hash Join  (cost=92433.10..511164.76 rows=401 width=12) (actual time=391.836..785.638 rows=842 loops=1)
                                             Hash Cond: (mi1.movie_id = t.id)
                                             Buffers: shared hit=3662 read=43705
                                             ->  Bitmap Heap Scan on movie_info mi1  (cost=16452.62..435117.95 rows=16618 width=8) (actual time=39.391..415.803 rows=157039 loops=1)
                                                   Recheck Cond: (info_type_id = 3)
                                                   Filter: ((info)::text = ANY ('{Fantasy,Horror,Musical,Sci-Fi,Thriller,War,Western}'::text[]))
                                                   Rows Removed by Filter: 1376870
                                                   Heap Blocks: exact=9772
                                                   Buffers: shared hit=3661 read=7314
                                                   ->  Bitmap Index Scan on info_type_id_movie_info  (cost=0.00..16448.47 rows=1538671 width=0) (actual time=38.062..38.062 rows=1533909 loops=1)
                                                         Index Cond: (info_type_id = 3)
                                                         Buffers: shared read=1203
                                             ->  Hash  (cost=75217.44..75217.44 rows=61043 width=4) (actual time=352.183..352.186 rows=7784 loops=1)
                                                   Buckets: 65536  Batches: 1  Memory Usage: 786kB
                                                   Buffers: shared hit=1 read=36391
                                                   ->  Hash Join  (cost=1.11..75217.44 rows=61043 width=4) (actual time=0.138..350.319 rows=7784 loops=1)
                                                         Hash Cond: (t.kind_id = kt.id)
                                                         Buffers: shared hit=1 read=36391
                                                         ->  Seq Scan on title t  (cost=0.00..74315.95 rows=213650 width=8) (actual time=0.021..337.442 rows=212483 loops=1)
                                                               Filter: ((production_year <= 1970) AND (1950 < production_year))
                                                               Rows Removed by Filter: 2315829
                                                               Buffers: shared read=36391
                                                         ->  Hash  (cost=1.09..1.09 rows=2 width=4) (actual time=0.011..0.012 rows=2 loops=1)
                                                               Buckets: 1024  Batches: 1  Memory Usage: 9kB
                                                               Buffers: shared hit=1
                                                               ->  Seq Scan on kind_type kt  (cost=0.00..1.09 rows=2 width=4) (actual time=0.006..0.007 rows=2 loops=1)
                                                                     Filter: ((kind)::text = ANY ('{"tv series","video game"}'::text[]))
                                                                     Rows Removed by Filter: 5
                                                                     Buffers: shared hit=1
                                       ->  Index Scan using movie_id_movie_info on movie_info mi2  (cost=0.43..43.66 rows=1 width=8) (actual time=0.087..0.102 rows=1 loops=842)
                                             Index Cond: (movie_id = t.id)
                                             Filter: (((info)::text = ANY ('{"Black and White",Color}'::text[])) AND (info_type_id = 2))
                                             Rows Removed by Filter: 24
                                             Buffers: shared hit=4937 read=5195
                                 ->  Index Scan using movie_id_cast_info on cast_info ci  (cost=0.44..45.44 rows=38 width=12) (actual time=0.026..0.089 rows=9 loops=887)
                                       Index Cond: (movie_id = t.id)
                                       Buffers: shared hit=6023 read=3791
                           ->  Hash  (cost=1.15..1.15 rows=1 width=4) (actual time=0.013..0.013 rows=1 loops=1)
                                 Buckets: 1024  Batches: 1  Memory Usage: 9kB
                                 Buffers: shared hit=1
                                 ->  Seq Scan on role_type rt  (cost=0.00..1.15 rows=1 width=4) (actual time=0.007..0.008 rows=1 loops=1)
                                       Filter: ((role)::text = 'composer'::text)
                                       Rows Removed by Filter: 11
                                       Buffers: shared hit=1
                     ->  Index Scan using name_pkey on name n  (cost=0.43..2.32 rows=1 width=4) (actual time=0.040..0.040 rows=0 loops=255)
                           Index Cond: (id = ci.person_id)
                           Filter: ((gender)::text = 'm'::text)
                           Rows Removed by Filter: 1
                           Buffers: shared hit=763 read=257
 Planning:
   Buffers: shared hit=483 read=91
 Planning Time: 9.319 ms
 Execution Time: 963.663 ms
(76 rows)

