                                                                                                  QUERY PLAN                                                                                                  
--------------------------------------------------------------------------------------------------------------------------------------------------------------------------------------------------------------
 Aggregate  (cost=819792.21..819792.22 rows=1 width=8) (actual time=20524.100..20524.109 rows=1 loops=1)
   Buffers: shared hit=1889134 read=148228, temp read=12713 written=12656
   ->  Nested Loop  (cost=743895.73..819791.38 rows=333 width=0) (actual time=1162.963..20523.378 rows=1613 loops=1)
         Buffers: shared hit=1889134 read=148228, temp read=12713 written=12656
         ->  Seq Scan on info_type it2  (cost=0.00..2.41 rows=1 width=4) (actual time=0.044..0.058 rows=1 loops=1)
               Filter: (id = 2)
               Rows Removed by Filter: 112
               Buffers: shared hit=1
         ->  Nested Loop  (cost=743895.73..819785.64 rows=333 width=4) (actual time=1162.917..20522.847 rows=1613 loops=1)
               Buffers: shared hit=1889133 read=148228, temp read=12713 written=12656
               ->  Seq Scan on info_type it1  (cost=0.00..2.41 rows=1 width=4) (actual time=0.009..0.024 rows=1 loops=1)
                     Filter: (id = 3)
                     Rows Removed by Filter: 112
                     Buffers: shared hit=1
               ->  Nested Loop  (cost=743895.73..819779.89 rows=333 width=8) (actual time=1162.906..20522.337 rows=1613 loops=1)
                     Buffers: shared hit=1889132 read=148228, temp read=12713 written=12656
                     ->  Hash Join  (cost=743895.30..817938.20 rows=794 width=12) (actual time=1159.506..20222.780 rows=7650 loops=1)
                           Hash Cond: (ci.role_id = rt.id)
                           Buffers: shared hit=1863987 read=142773, temp read=12713 written=12656
                           ->  Nested Loop  (cost=743894.13..817903.18 rows=9532 width=16) (actual time=1158.851..20154.493 rows=351954 loops=1)
                                 Buffers: shared hit=1863986 read=142773, temp read=12713 written=12656
                                 ->  Nested Loop  (cost=743893.69..788844.21 rows=665 width=20) (actual time=1158.816..16233.856 rows=15817 loops=1)
                                       Buffers: shared hit=1600735 read=37207, temp read=12713 written=12656
                                       ->  Nested Loop  (cost=743893.55..788806.01 rows=1552 width=24) (actual time=1158.800..16039.910 rows=272066 loops=1)
                                             Join Filter: (t.id = mi1.movie_id)
                                             Buffers: shared hit=1600723 read=37207, temp read=12713 written=12656
                                             ->  Merge Join  (cost=743893.12..744825.48 rows=14412 width=16) (actual time=1158.734..1831.299 rows=402353 loops=1)
                                                   Merge Cond: (mi1.movie_id = mi2.movie_id)
                                                   Buffers: shared hit=14841 read=13677, temp read=12713 written=12656
                                                   ->  Sort  (cost=378024.27..378132.62 rows=43339 width=8) (actual time=415.350..497.247 rows=410999 loops=1)
                                                         Sort Key: mi1.movie_id
                                                         Sort Method: external sort  Disk: 8880kB
                                                         Buffers: shared hit=10975, temp read=2216 written=2221
                                                         ->  Bitmap Heap Scan on movie_info mi1  (cost=16459.30..374686.44 rows=43339 width=8) (actual time=40.460..313.045 rows=410999 loops=1)
                                                               Recheck Cond: (info_type_id = 3)
                                                               Filter: ((info)::text = ANY ('{Adventure,Sci-Fi,Short}'::text[]))
                                                               Rows Removed by Filter: 1122910
                                                               Heap Blocks: exact=9772
                                                               Buffers: shared hit=10975
                                                               ->  Bitmap Index Scan on info_type_id_movie_info  (cost=0.00..16448.47 rows=1538671 width=0) (actual time=39.261..39.262 rows=1533909 loops=1)
                                                                     Index Cond: (info_type_id = 3)
                                                                     Buffers: shared hit=1203
                                                   ->  Sort  (cost=365868.85..366154.62 rows=114308 width=8) (actual time=743.360..961.142 rows=1306888 loops=1)
                                                         Sort Key: mi2.movie_id
                                                         Sort Method: external sort  Disk: 27832kB
                                                         Buffers: shared hit=3866 read=13677, temp read=10457 written=10435
                                                         ->  Bitmap Heap Scan on movie_info mi2  (cost=13885.07..356265.51 rows=114308 width=8) (actual time=31.953..356.198 rows=1288928 loops=1)
                                                               Recheck Cond: (info_type_id = 2)
                                                               Filter: ((info)::text = ANY ('{"Black and White",Color}'::text[]))
                                                               Heap Blocks: exact=16526
                                                               Buffers: shared hit=3866 read=13677
                                                               ->  Bitmap Index Scan on info_type_id_movie_info  (cost=0.00..13856.49 rows=1296008 width=0) (actual time=29.784..29.784 rows=1288928 loops=1)
                                                                     Index Cond: (info_type_id = 2)
                                                                     Buffers: shared hit=1 read=1016
                                             ->  Index Scan using title_pkey on title t  (cost=0.43..3.04 rows=1 width=8) (actual time=0.035..0.035 rows=1 loops=402353)
                                                   Index Cond: (id = mi2.movie_id)
                                                   Filter: ((production_year <= 2015) AND (1975 < production_year))
                                                   Rows Removed by Filter: 0
                                                   Buffers: shared hit=1585882 read=23530
                                       ->  Memoize  (cost=0.14..0.16 rows=1 width=4) (actual time=0.000..0.000 rows=0 loops=272066)
                                             Cache Key: t.kind_id
                                             Cache Mode: logical
                                             Hits: 272060  Misses: 6  Evictions: 0  Overflows: 0  Memory Usage: 1kB
                                             Buffers: shared hit=12
                                             ->  Index Scan using kind_type_pkey on kind_type kt  (cost=0.13..0.15 rows=1 width=4) (actual time=0.009..0.009 rows=0 loops=6)
                                                   Index Cond: (id = t.kind_id)
                                                   Filter: ((kind)::text = ANY ('{"tv movie","tv series","video game"}'::text[]))
                                                   Rows Removed by Filter: 0
                                                   Buffers: shared hit=12
                                 ->  Index Scan using movie_id_cast_info on cast_info ci  (cost=0.44..43.32 rows=38 width=12) (actual time=0.038..0.241 rows=22 loops=15817)
                                       Index Cond: (movie_id = t.id)
                                       Buffers: shared hit=263251 read=105566
                           ->  Hash  (cost=1.15..1.15 rows=1 width=4) (actual time=0.021..0.021 rows=1 loops=1)
                                 Buckets: 1024  Batches: 1  Memory Usage: 9kB
                                 Buffers: shared hit=1
                                 ->  Seq Scan on role_type rt  (cost=0.00..1.15 rows=1 width=4) (actual time=0.011..0.012 rows=1 loops=1)
                                       Filter: ((role)::text = 'editor'::text)
                                       Rows Removed by Filter: 11
                                       Buffers: shared hit=1
                     ->  Index Scan using name_pkey on name n  (cost=0.43..2.32 rows=1 width=4) (actual time=0.038..0.038 rows=0 loops=7650)
                           Index Cond: (id = ci.person_id)
                           Filter: ((gender)::text = 'm'::text)
                           Rows Removed by Filter: 1
                           Buffers: shared hit=25145 read=5455
 Planning:
   Buffers: shared hit=574
 Planning Time: 14.084 ms
 Execution Time: 20538.401 ms
(88 rows)

