                                                                                            QUERY PLAN                                                                                             
---------------------------------------------------------------------------------------------------------------------------------------------------------------------------------------------------
 Aggregate  (cost=402691.43..402691.44 rows=1 width=8) (actual time=575.682..575.687 rows=1 loops=1)
   Buffers: shared hit=21682 read=7521
   ->  Nested Loop  (cost=48622.87..402691.42 rows=4 width=0) (actual time=197.977..575.677 rows=12 loops=1)
         Buffers: shared hit=21682 read=7521
         ->  Seq Scan on info_type it2  (cost=0.00..2.41 rows=1 width=4) (actual time=0.049..0.054 rows=1 loops=1)
               Filter: (id = 2)
               Rows Removed by Filter: 112
               Buffers: shared hit=1
         ->  Nested Loop  (cost=48622.87..402688.96 rows=4 width=4) (actual time=197.927..575.618 rows=12 loops=1)
               Buffers: shared hit=21681 read=7521
               ->  Seq Scan on info_type it1  (cost=0.00..2.41 rows=1 width=4) (actual time=0.008..0.014 rows=1 loops=1)
                     Filter: (id = 3)
                     Rows Removed by Filter: 112
                     Buffers: shared hit=1
               ->  Nested Loop  (cost=48622.87..402686.51 rows=4 width=8) (actual time=197.917..575.598 rows=12 loops=1)
                     Join Filter: (t.id = mi2.movie_id)
                     Buffers: shared hit=21680 read=7521
                     ->  Nested Loop  (cost=48622.43..398857.64 rows=91 width=16) (actual time=197.868..575.135 rows=12 loops=1)
                           Join Filter: (t.id = mi1.movie_id)
                           Buffers: shared hit=21500 read=7521
                           ->  Nested Loop  (cost=48622.00..225085.68 rows=4105 width=8) (actual time=197.730..569.328 rows=71 loops=1)
                                 Buffers: shared hit=21027 read=7039
                                 ->  Hash Join  (cost=48621.57..184088.17 rows=17675 width=12) (actual time=185.560..547.753 rows=1902 loops=1)
                                       Hash Cond: (ci.movie_id = t.id)
                                       Buffers: shared hit=14351 read=6107
                                       ->  Nested Loop  (cost=0.44..123965.00 rows=3020080 width=8) (actual time=0.509..251.181 rows=1093558 loops=1)
                                             Buffers: shared hit=1748 read=5323
                                             ->  Seq Scan on role_type rt  (cost=0.00..1.15 rows=1 width=4) (actual time=0.009..0.011 rows=1 loops=1)
                                                   Filter: ((role)::text = 'editor'::text)
                                                   Rows Removed by Filter: 11
                                                   Buffers: shared hit=1
                                             ->  Index Scan using role_id_cast_info on cast_info ci  (cost=0.44..91017.52 rows=3294633 width=12) (actual time=0.498..163.251 rows=1093558 loops=1)
                                                   Index Cond: (role_id = rt.id)
                                                   Buffers: shared hit=1747 read=5323
                                       ->  Hash  (cost=48436.16..48436.16 rows=14797 width=4) (actual time=184.032..184.033 rows=103977 loops=1)
                                             Buckets: 131072 (originally 16384)  Batches: 1 (originally 1)  Memory Usage: 4680kB
                                             Buffers: shared hit=12603 read=784
                                             ->  Nested Loop  (cost=4497.16..48436.16 rows=14797 width=4) (actual time=24.826..169.086 rows=103977 loops=1)
                                                   Buffers: shared hit=12603 read=784
                                                   ->  Seq Scan on kind_type kt  (cost=0.00..1.09 rows=1 width=4) (actual time=0.013..0.016 rows=1 loops=1)
                                                         Filter: ((kind)::text = 'movie'::text)
                                                         Rows Removed by Filter: 6
                                                         Buffers: shared hit=1
                                                   ->  Bitmap Heap Scan on title t  (cost=4497.16..48262.45 rows=17263 width=8) (actual time=24.809..162.852 rows=103977 loops=1)
                                                         Recheck Cond: (kind_id = kt.id)
                                                         Filter: ((production_year <= 1925) AND (1875 < production_year))
                                                         Rows Removed by Filter: 558848
                                                         Heap Blocks: exact=12865
                                                         Buffers: shared hit=12602 read=784
                                                         ->  Bitmap Index Scan on kind_id_title  (cost=0.00..4492.84 rows=421388 width=0) (actual time=22.462..22.462 rows=662825 loops=1)
                                                               Index Cond: (kind_id = kt.id)
                                                               Buffers: shared read=521
                                 ->  Index Scan using name_pkey on name n  (cost=0.43..2.32 rows=1 width=4) (actual time=0.011..0.011 rows=0 loops=1902)
                                       Index Cond: (id = ci.person_id)
                                       Filter: ((gender)::text = 'f'::text)
                                       Rows Removed by Filter: 1
                                       Buffers: shared hit=6676 read=932
                           ->  Index Scan using movie_id_movie_info on movie_info mi1  (cost=0.43..42.32 rows=1 width=8) (actual time=0.081..0.081 rows=0 loops=71)
                                 Index Cond: (movie_id = ci.movie_id)
                                 Filter: ((info_type_id = 3) AND ((info)::text = ANY ('{Action,Adventure,Mystery,Short,Sport,Thriller,War}'::text[])))
                                 Rows Removed by Filter: 27
                                 Buffers: shared hit=473 read=482
                     ->  Index Scan using movie_id_movie_info on movie_info mi2  (cost=0.43..42.06 rows=1 width=8) (actual time=0.033..0.037 rows=1 loops=12)
                           Index Cond: (movie_id = ci.movie_id)
                           Filter: (((info)::text = ANY ('{"Black and White",Color}'::text[])) AND (info_type_id = 2))
                           Rows Removed by Filter: 50
                           Buffers: shared hit=180
 Planning:
   Buffers: shared hit=574
 Planning Time: 14.052 ms
 Execution Time: 576.252 ms
(71 rows)

