                                                                                                  QUERY PLAN                                                                                                  
--------------------------------------------------------------------------------------------------------------------------------------------------------------------------------------------------------------
 Aggregate  (cost=832955.83..832955.84 rows=1 width=8) (actual time=38974.931..38974.940 rows=1 loops=1)
   Buffers: shared hit=3434209 read=501421, temp read=11543 written=11294
   ->  Nested Loop  (cost=758832.40..832953.36 rows=987 width=0) (actual time=1090.528..38961.403 rows=65321 loops=1)
         Buffers: shared hit=3434209 read=501421, temp read=11543 written=11294
         ->  Hash Join  (cost=758831.97..829439.29 rows=1515 width=4) (actual time=1090.468..29864.597 rows=250442 loops=1)
               Hash Cond: (ci.role_id = rt.id)
               Buffers: shared hit=2509297 read=424565, temp read=11543 written=11294
               ->  Nested Loop  (cost=758830.79..829405.84 rows=9088 width=8) (actual time=1090.304..29578.241 rows=1204084 loops=1)
                     Buffers: shared hit=2509296 read=424565, temp read=11543 written=11294
                     ->  Nested Loop  (cost=758830.35..801701.49 rows=634 width=12) (actual time=1090.280..15513.842 rows=67901 loops=1)
                           Buffers: shared hit=1520077 read=45535, temp read=11543 written=11294
                           ->  Nested Loop  (cost=758830.35..801691.15 rows=634 width=16) (actual time=1090.274..15466.713 rows=67901 loops=1)
                                 Buffers: shared hit=1520076 read=45535, temp read=11543 written=11294
                                 ->  Nested Loop  (cost=758830.35..801680.81 rows=634 width=20) (actual time=1090.251..15422.318 rows=67901 loops=1)
                                       Buffers: shared hit=1520075 read=45535, temp read=11543 written=11294
                                       ->  Nested Loop  (cost=758830.21..801644.36 rows=1479 width=24) (actual time=1090.234..15215.653 rows=287601 loops=1)
                                             Join Filter: (t.id = mi1.movie_id)
                                             Buffers: shared hit=1520063 read=45535, temp read=11543 written=11294
                                             ->  Merge Join  (cost=758829.78..759745.06 rows=13730 width=16) (actual time=1090.158..1773.788 rows=384270 loops=1)
                                                   Merge Cond: (mi1.movie_id = mi2.movie_id)
                                                   Buffers: shared hit=19722 read=8796, temp read=11543 written=11294
                                                   ->  Sort  (cost=392960.93..393064.15 rows=41288 width=8) (actual time=349.801..438.198 rows=386710 loops=1)
                                                         Sort Key: mi1.movie_id
                                                         Sort Method: external merge  Disk: 6832kB
                                                         Buffers: shared hit=2179 read=8796, temp read=854 written=859
                                                         ->  Bitmap Heap Scan on movie_info mi1  (cost=16458.81..389795.49 rows=41288 width=8) (actual time=43.523..279.569 rows=386710 loops=1)
                                                               Recheck Cond: (info_type_id = 3)
                                                               Filter: ((info)::text = ANY ('{Animation,Biography,Crime,Documentary,History,Musical,Romance,Thriller,War}'::text[]))
                                                               Rows Removed by Filter: 1147199
                                                               Heap Blocks: exact=9772
                                                               Buffers: shared hit=2179 read=8796
                                                               ->  Bitmap Index Scan on info_type_id_movie_info  (cost=0.00..16448.47 rows=1538671 width=0) (actual time=42.338..42.339 rows=1533909 loops=1)
                                                                     Index Cond: (info_type_id = 3)
                                                                     Buffers: shared hit=1 read=1202
                                                   ->  Sort  (cost=365868.85..366154.62 rows=114308 width=8) (actual time=740.348..966.374 rows=1338926 loops=1)
                                                         Sort Key: mi2.movie_id
                                                         Sort Method: external sort  Disk: 27832kB
                                                         Buffers: shared hit=17543, temp read=10553 written=10435
                                                         ->  Bitmap Heap Scan on movie_info mi2  (cost=13885.07..356265.51 rows=114308 width=8) (actual time=31.413..347.379 rows=1288928 loops=1)
                                                               Recheck Cond: (info_type_id = 2)
                                                               Filter: ((info)::text = ANY ('{"Black and White",Color}'::text[]))
                                                               Heap Blocks: exact=16526
                                                               Buffers: shared hit=17543
                                                               ->  Bitmap Index Scan on info_type_id_movie_info  (cost=0.00..13856.49 rows=1296008 width=0) (actual time=29.250..29.251 rows=1288928 loops=1)
                                                                     Index Cond: (info_type_id = 2)
                                                                     Buffers: shared hit=1017
                                             ->  Index Scan using title_pkey on title t  (cost=0.43..3.04 rows=1 width=8) (actual time=0.034..0.034 rows=1 loops=384270)
                                                   Index Cond: (id = mi2.movie_id)
                                                   Filter: ((production_year <= 2015) AND (1975 < production_year))
                                                   Rows Removed by Filter: 0
                                                   Buffers: shared hit=1500341 read=36739
                                       ->  Memoize  (cost=0.14..0.16 rows=1 width=4) (actual time=0.000..0.000 rows=0 loops=287601)
                                             Cache Key: t.kind_id
                                             Cache Mode: logical
                                             Hits: 287595  Misses: 6  Evictions: 0  Overflows: 0  Memory Usage: 1kB
                                             Buffers: shared hit=12
                                             ->  Index Scan using kind_type_pkey on kind_type kt  (cost=0.13..0.15 rows=1 width=4) (actual time=0.010..0.010 rows=0 loops=6)
                                                   Index Cond: (id = t.kind_id)
                                                   Filter: ((kind)::text = ANY ('{"tv movie","tv series","video game"}'::text[]))
                                                   Rows Removed by Filter: 0
                                                   Buffers: shared hit=12
                                 ->  Materialize  (cost=0.00..2.42 rows=1 width=4) (actual time=0.000..0.000 rows=1 loops=67901)
                                       Buffers: shared hit=1
                                       ->  Seq Scan on info_type it1  (cost=0.00..2.41 rows=1 width=4) (actual time=0.021..0.025 rows=1 loops=1)
                                             Filter: (id = 3)
                                             Rows Removed by Filter: 112
                                             Buffers: shared hit=1
                           ->  Materialize  (cost=0.00..2.42 rows=1 width=4) (actual time=0.000..0.000 rows=1 loops=67901)
                                 Buffers: shared hit=1
                                 ->  Seq Scan on info_type it2  (cost=0.00..2.41 rows=1 width=4) (actual time=0.005..0.009 rows=1 loops=1)
                                       Filter: (id = 2)
                                       Rows Removed by Filter: 112
                                       Buffers: shared hit=1
                     ->  Index Scan using movie_id_cast_info on cast_info ci  (cost=0.44..43.32 rows=38 width=12) (actual time=0.037..0.202 rows=18 loops=67901)
                           Index Cond: (movie_id = t.id)
                           Buffers: shared hit=989219 read=379030
               ->  Hash  (cost=1.15..1.15 rows=2 width=4) (actual time=0.051..0.052 rows=2 loops=1)
                     Buckets: 1024  Batches: 1  Memory Usage: 9kB
                     Buffers: shared hit=1
                     ->  Seq Scan on role_type rt  (cost=0.00..1.15 rows=2 width=4) (actual time=0.040..0.043 rows=2 loops=1)
                           Filter: ((role)::text = ANY ('{"miscellaneous crew",writer}'::text[]))
                           Rows Removed by Filter: 10
                           Buffers: shared hit=1
         ->  Index Scan using name_pkey on name n  (cost=0.43..2.32 rows=1 width=4) (actual time=0.036..0.036 rows=0 loops=250442)
               Index Cond: (id = ci.person_id)
               Filter: ((gender)::text = ANY ('{f,m}'::text[]))
               Rows Removed by Filter: 1
               Buffers: shared hit=924912 read=76856
 Planning:
   Buffers: shared hit=576 read=1
 Planning Time: 14.157 ms
 Execution Time: 38986.241 ms
(92 rows)

