                                                                                                  QUERY PLAN                                                                                                  
--------------------------------------------------------------------------------------------------------------------------------------------------------------------------------------------------------------
 Aggregate  (cost=801169.99..801170.00 rows=1 width=8) (actual time=132693.553..132693.562 rows=1 loops=1)
   Buffers: shared hit=12280669 read=1446823, temp read=11851 written=11708
   ->  Nested Loop  (cost=757345.44..801169.47 rows=210 width=0) (actual time=1083.467..132387.586 rows=1878745 loops=1)
         Buffers: shared hit=12280669 read=1446823, temp read=11851 written=11708
         ->  Seq Scan on info_type it2  (cost=0.00..2.41 rows=1 width=4) (actual time=0.033..0.044 rows=1 loops=1)
               Filter: (id = 2)
               Rows Removed by Filter: 112
               Buffers: shared read=1
         ->  Nested Loop  (cost=757345.44..801164.95 rows=210 width=4) (actual time=1083.433..132007.250 rows=1878745 loops=1)
               Buffers: shared hit=12280669 read=1446822, temp read=11851 written=11708
               ->  Seq Scan on info_type it1  (cost=0.00..2.41 rows=1 width=4) (actual time=0.011..0.023 rows=1 loops=1)
                     Filter: (id = 3)
                     Rows Removed by Filter: 112
                     Buffers: shared hit=1
               ->  Nested Loop  (cost=757345.44..801160.44 rows=210 width=8) (actual time=1083.421..131609.519 rows=1878745 loops=1)
                     Buffers: shared hit=12280668 read=1446822, temp read=11851 written=11708
                     ->  Hash Join  (cost=757345.01..800000.68 rows=500 width=12) (actual time=1083.380..65073.608 rows=1878745 loops=1)
                           Hash Cond: (ci.role_id = rt.id)
                           Buffers: shared hit=4853005 read=1359505, temp read=11851 written=11708
                           ->  Nested Loop  (cost=757343.85..799978.19 rows=6006 width=16) (actual time=1083.338..63718.403 rows=4857580 loops=1)
                                 Buffers: shared hit=4853004 read=1359505, temp read=11851 written=11708
                                 ->  Nested Loop  (cost=757343.41..781684.79 rows=419 width=20) (actual time=1083.310..10001.340 rows=174262 loops=1)
                                       Buffers: shared hit=908708 read=64006, temp read=11851 written=11708
                                       ->  Nested Loop  (cost=757343.27..781660.33 rows=978 width=24) (actual time=1083.206..9803.095 rows=226921 loops=1)
                                             Join Filter: (t.id = mi1.movie_id)
                                             Buffers: shared hit=908696 read=64006, temp read=11851 written=11708
                                             ->  Merge Join  (cost=757342.84..758107.61 rows=7718 width=16) (actual time=1083.141..1685.506 rows=236046 loops=1)
                                                   Merge Cond: (mi1.movie_id = mi2.movie_id)
                                                   Buffers: shared hit=3 read=28515, temp read=11851 written=11708
                                                   ->  Sort  (cost=391473.99..391532.01 rows=23210 width=8) (actual time=330.755..379.839 rows=235347 loops=1)
                                                         Sort Key: mi1.movie_id
                                                         Sort Method: external sort  Disk: 5088kB
                                                         Buffers: shared hit=1 read=10974, temp read=1270 written=1273
                                                         ->  Bitmap Heap Scan on movie_info mi1  (cost=16454.30..389790.98 rows=23210 width=8) (actual time=39.788..269.321 rows=235347 loops=1)
                                                               Recheck Cond: (info_type_id = 3)
                                                               Filter: ((info)::text = ANY ('{Crime,Fantasy,History,Music,Musical,News,Romance,Talk-Show,Thriller,War}'::text[]))
                                                               Rows Removed by Filter: 1298562
                                                               Heap Blocks: exact=9772
                                                               Buffers: shared hit=1 read=10974
                                                               ->  Bitmap Index Scan on info_type_id_movie_info  (cost=0.00..16448.47 rows=1538671 width=0) (actual time=38.591..38.591 rows=1533909 loops=1)
                                                                     Index Cond: (info_type_id = 3)
                                                                     Buffers: shared read=1203
                                                   ->  Sort  (cost=365868.85..366154.62 rows=114308 width=8) (actual time=752.373..989.778 rows=1321805 loops=1)
                                                         Sort Key: mi2.movie_id
                                                         Sort Method: external sort  Disk: 27832kB
                                                         Buffers: shared hit=2 read=17541, temp read=10499 written=10435
                                                         ->  Bitmap Heap Scan on movie_info mi2  (cost=13885.07..356265.51 rows=114308 width=8) (actual time=32.236..362.811 rows=1288928 loops=1)
                                                               Recheck Cond: (info_type_id = 2)
                                                               Filter: ((info)::text = ANY ('{"Black and White",Color}'::text[]))
                                                               Heap Blocks: exact=16526
                                                               Buffers: shared hit=2 read=17541
                                                               ->  Bitmap Index Scan on info_type_id_movie_info  (cost=0.00..13856.49 rows=1296008 width=0) (actual time=30.068..30.069 rows=1288928 loops=1)
                                                                     Index Cond: (info_type_id = 2)
                                                                     Buffers: shared hit=1 read=1016
                                             ->  Index Scan using title_pkey on title t  (cost=0.43..3.04 rows=1 width=8) (actual time=0.034..0.034 rows=1 loops=236046)
                                                   Index Cond: (id = mi2.movie_id)
                                                   Filter: ((production_year <= 2015) AND (1925 < production_year))
                                                   Rows Removed by Filter: 0
                                                   Buffers: shared hit=908693 read=35491
                                       ->  Memoize  (cost=0.14..0.16 rows=1 width=4) (actual time=0.000..0.000 rows=1 loops=226921)
                                             Cache Key: t.kind_id
                                             Cache Mode: logical
                                             Hits: 226915  Misses: 6  Evictions: 0  Overflows: 0  Memory Usage: 1kB
                                             Buffers: shared hit=12
                                             ->  Index Scan using kind_type_pkey on kind_type kt  (cost=0.13..0.15 rows=1 width=4) (actual time=0.011..0.011 rows=0 loops=6)
                                                   Index Cond: (id = t.kind_id)
                                                   Filter: ((kind)::text = ANY ('{episode,movie,"video movie"}'::text[]))
                                                   Rows Removed by Filter: 0
                                                   Buffers: shared hit=12
                                 ->  Index Scan using movie_id_cast_info on cast_info ci  (cost=0.44..43.28 rows=38 width=12) (actual time=0.036..0.300 rows=28 loops=174262)
                                       Index Cond: (movie_id = t.id)
                                       Buffers: shared hit=3944296 read=1295499
                           ->  Hash  (cost=1.15..1.15 rows=1 width=4) (actual time=0.018..0.019 rows=1 loops=1)
                                 Buckets: 1024  Batches: 1  Memory Usage: 9kB
                                 Buffers: shared hit=1
                                 ->  Seq Scan on role_type rt  (cost=0.00..1.15 rows=1 width=4) (actual time=0.007..0.009 rows=1 loops=1)
                                       Filter: ((role)::text = 'actor'::text)
                                       Rows Removed by Filter: 11
                                       Buffers: shared hit=1
                     ->  Index Scan using name_pkey on name n  (cost=0.43..2.32 rows=1 width=4) (actual time=0.035..0.035 rows=1 loops=1878745)
                           Index Cond: (id = ci.person_id)
                           Filter: ((gender)::text = 'm'::text)
                           Buffers: shared hit=7427663 read=87317
 Planning:
   Buffers: shared hit=487 read=90
 Planning Time: 9.898 ms
 Execution Time: 132703.155 ms
(87 rows)

