                                                                                               QUERY PLAN                                                                                               
--------------------------------------------------------------------------------------------------------------------------------------------------------------------------------------------------------
 Aggregate  (cost=510232.59..510232.60 rows=1 width=8) (actual time=10369.910..10369.917 rows=1 loops=1)
   Buffers: shared hit=850006 read=228583
   ->  Nested Loop  (cost=16454.98..510232.56 rows=11 width=0) (actual time=83.425..10369.838 rows=63 loops=1)
         Buffers: shared hit=850006 read=228583
         ->  Seq Scan on info_type it2  (cost=0.00..2.41 rows=1 width=4) (actual time=0.044..0.053 rows=1 loops=1)
               Filter: (id = 2)
               Rows Removed by Filter: 112
               Buffers: shared hit=1
         ->  Nested Loop  (cost=16454.98..510230.04 rows=11 width=4) (actual time=83.379..10369.745 rows=63 loops=1)
               Buffers: shared hit=850005 read=228583
               ->  Seq Scan on info_type it1  (cost=0.00..2.41 rows=1 width=4) (actual time=0.009..0.020 rows=1 loops=1)
                     Filter: (id = 3)
                     Rows Removed by Filter: 112
                     Buffers: shared hit=1
               ->  Nested Loop  (cost=16454.98..510227.52 rows=11 width=8) (actual time=83.366..10369.683 rows=63 loops=1)
                     Buffers: shared hit=850004 read=228583
                     ->  Hash Join  (cost=16454.55..510113.86 rows=49 width=12) (actual time=54.215..9946.927 rows=11853 loops=1)
                           Hash Cond: (ci.role_id = rt.id)
                           Buffers: shared hit=807717 read=223458
                           ->  Nested Loop  (cost=16453.39..510110.61 rows=588 width=16) (actual time=53.719..9880.297 rows=443185 loops=1)
                                 Buffers: shared hit=807716 read=223458
                                 ->  Nested Loop  (cost=16452.95..508291.28 rows=41 width=20) (actual time=53.684..5279.294 rows=16180 loops=1)
                                       Buffers: shared hit=464598 read=84970
                                       ->  Hash Join  (cost=16452.52..469184.81 rows=916 width=12) (actual time=53.633..3426.271 rows=16531 loops=1)
                                             Hash Cond: (t.kind_id = kt.id)
                                             Buffers: shared hit=328451 read=28813
                                             ->  Nested Loop  (cost=16451.38..469174.67 rows=2138 width=16) (actual time=41.364..3417.972 rows=20869 loops=1)
                                                   Buffers: shared hit=328450 read=28813
                                                   ->  Bitmap Heap Scan on movie_info mi1  (cost=16450.94..404897.17 rows=9899 width=8) (actual time=41.327..667.811 rows=90892 loops=1)
                                                         Recheck Cond: (info_type_id = 3)
                                                         Filter: ((info)::text = ANY ('{Biography,Music,Musical,Sport,War}'::text[]))
                                                         Rows Removed by Filter: 1443017
                                                         Heap Blocks: exact=9772
                                                         Buffers: shared hit=45 read=10930
                                                         ->  Bitmap Index Scan on info_type_id_movie_info  (cost=0.00..16448.47 rows=1538671 width=0) (actual time=40.103..40.103 rows=1533909 loops=1)
                                                               Index Cond: (info_type_id = 3)
                                                               Buffers: shared read=1203
                                                   ->  Memoize  (cost=0.44..6.57 rows=1 width=8) (actual time=0.030..0.030 rows=0 loops=90892)
                                                         Cache Key: mi1.movie_id
                                                         Cache Mode: logical
                                                         Hits: 4320  Misses: 86572  Evictions: 0  Overflows: 0  Memory Usage: 6541kB
                                                         Buffers: shared hit=328405 read=17883
                                                         ->  Index Scan using title_pkey on title t  (cost=0.43..6.56 rows=1 width=8) (actual time=0.030..0.030 rows=0 loops=86572)
                                                               Index Cond: (id = mi1.movie_id)
                                                               Filter: ((production_year <= 1990) AND (1950 < production_year))
                                                               Rows Removed by Filter: 1
                                                               Buffers: shared hit=328405 read=17883
                                             ->  Hash  (cost=1.10..1.10 rows=3 width=4) (actual time=0.022..0.023 rows=3 loops=1)
                                                   Buckets: 1024  Batches: 1  Memory Usage: 9kB
                                                   Buffers: shared hit=1
                                                   ->  Seq Scan on kind_type kt  (cost=0.00..1.10 rows=3 width=4) (actual time=0.013..0.015 rows=3 loops=1)
                                                         Filter: ((kind)::text = ANY ('{episode,movie,"tv movie"}'::text[]))
                                                         Rows Removed by Filter: 4
                                                         Buffers: shared hit=1
                                       ->  Index Scan using movie_id_movie_info on movie_info mi2  (cost=0.43..42.68 rows=1 width=8) (actual time=0.094..0.111 rows=1 loops=16531)
                                             Index Cond: (movie_id = t.id)
                                             Filter: (((info)::text = ANY ('{"Black and White",Color}'::text[])) AND (info_type_id = 2))
                                             Rows Removed by Filter: 18
                                             Buffers: shared hit=136147 read=56157
                                 ->  Index Scan using movie_id_cast_info on cast_info ci  (cost=0.44..43.99 rows=38 width=12) (actual time=0.034..0.277 rows=27 loops=16180)
                                       Index Cond: (movie_id = t.id)
                                       Buffers: shared hit=343118 read=138488
                           ->  Hash  (cost=1.15..1.15 rows=1 width=4) (actual time=0.017..0.018 rows=1 loops=1)
                                 Buckets: 1024  Batches: 1  Memory Usage: 9kB
                                 Buffers: shared hit=1
                                 ->  Seq Scan on role_type rt  (cost=0.00..1.15 rows=1 width=4) (actual time=0.010..0.011 rows=1 loops=1)
                                       Filter: ((role)::text = 'cinematographer'::text)
                                       Rows Removed by Filter: 11
                                       Buffers: shared hit=1
                     ->  Index Scan using name_pkey on name n  (cost=0.43..2.32 rows=1 width=4) (actual time=0.035..0.035 rows=0 loops=11853)
                           Index Cond: (id = ci.person_id)
                           Filter: ((gender)::text = 'f'::text)
                           Rows Removed by Filter: 1
                           Buffers: shared hit=42287 read=5125
 Planning:
   Buffers: shared hit=519 read=55
 Planning Time: 13.301 ms
 Execution Time: 10372.097 ms
(78 rows)

