                                                                                            QUERY PLAN                                                                                            
--------------------------------------------------------------------------------------------------------------------------------------------------------------------------------------------------
 Aggregate  (cost=620995.64..620995.65 rows=1 width=8) (actual time=21204.168..21204.179 rows=1 loops=1)
   Buffers: shared hit=1877783 read=321232, temp read=3512 written=3512
   ->  Nested Loop  (cost=90249.55..620995.48 rows=62 width=0) (actual time=662.953..21201.623 rows=8615 loops=1)
         Buffers: shared hit=1877783 read=321232, temp read=3512 written=3512
         ->  Seq Scan on info_type it2  (cost=0.00..2.41 rows=1 width=4) (actual time=0.052..0.064 rows=1 loops=1)
               Filter: (id = 2)
               Rows Removed by Filter: 112
               Buffers: shared hit=1
         ->  Nested Loop  (cost=90249.55..620992.45 rows=62 width=4) (actual time=662.900..21199.518 rows=8615 loops=1)
               Buffers: shared hit=1877782 read=321232, temp read=3512 written=3512
               ->  Seq Scan on info_type it1  (cost=0.00..2.41 rows=1 width=4) (actual time=0.010..0.026 rows=1 loops=1)
                     Filter: (id = 3)
                     Rows Removed by Filter: 112
                     Buffers: shared hit=1
               ->  Nested Loop  (cost=90249.55..620989.42 rows=62 width=8) (actual time=662.886..21197.447 rows=8615 loops=1)
                     Buffers: shared hit=1877781 read=321232, temp read=3512 written=3512
                     ->  Hash Join  (cost=90249.12..620646.13 rows=148 width=12) (actual time=479.616..20083.724 rows=32981 loops=1)
                           Hash Cond: (ci.role_id = rt.id)
                           Buffers: shared hit=1751448 read=315641, temp read=3512 written=3512
                           ->  Nested Loop  (cost=90247.96..620638.66 rows=1777 width=16) (actual time=479.184..19987.448 rows=550250 loops=1)
                                 Buffers: shared hit=1751447 read=315641, temp read=3512 written=3512
                                 ->  Nested Loop  (cost=90247.52..614956.98 rows=124 width=20) (actual time=479.157..13719.446 rows=43091 loops=1)
                                       Buffers: shared hit=1216957 read=184548, temp read=3512 written=3512
                                       ->  Hash Join  (cost=90247.08..433097.58 rows=4140 width=12) (actual time=477.772..1848.237 rows=129491 loops=1)
                                             Hash Cond: (mi2.movie_id = t.id)
                                             Buffers: shared hit=11590 read=42345, temp read=3512 written=3512
                                             ->  Bitmap Heap Scan on movie_info mi2  (cost=13885.07..356265.51 rows=114308 width=8) (actual time=38.442..652.215 rows=1288928 loops=1)
                                                   Recheck Cond: (info_type_id = 2)
                                                   Filter: ((info)::text = ANY ('{"Black and White",Color}'::text[]))
                                                   Heap Blocks: exact=16526
                                                   Buffers: shared hit=1121 read=16422
                                                   ->  Bitmap Index Scan on info_type_id_movie_info  (cost=0.00..13856.49 rows=1296008 width=0) (actual time=36.269..36.269 rows=1288928 loops=1)
                                                         Index Cond: (info_type_id = 2)
                                                         Buffers: shared read=1017
                                             ->  Hash  (cost=75217.46..75217.46 rows=91564 width=4) (actual time=436.670..436.675 rows=204688 loops=1)
                                                   Buckets: 262144 (originally 131072)  Batches: 2 (originally 1)  Memory Usage: 6145kB
                                                   Buffers: shared hit=10469 read=25923, temp written=299
                                                   ->  Hash Join  (cost=1.13..75217.46 rows=91564 width=4) (actual time=0.053..397.451 rows=204688 loops=1)
                                                         Hash Cond: (t.kind_id = kt.id)
                                                         Buffers: shared hit=10469 read=25923
                                                         ->  Seq Scan on title t  (cost=0.00..74315.95 rows=213650 width=8) (actual time=0.026..371.460 rows=212483 loops=1)
                                                               Filter: ((production_year <= 1970) AND (1950 < production_year))
                                                               Rows Removed by Filter: 2315829
                                                               Buffers: shared hit=10468 read=25923
                                                         ->  Hash  (cost=1.10..1.10 rows=3 width=4) (actual time=0.012..0.014 rows=3 loops=1)
                                                               Buckets: 1024  Batches: 1  Memory Usage: 9kB
                                                               Buffers: shared hit=1
                                                               ->  Seq Scan on kind_type kt  (cost=0.00..1.10 rows=3 width=4) (actual time=0.007..0.008 rows=3 loops=1)
                                                                     Filter: ((kind)::text = ANY ('{episode,movie,"tv movie"}'::text[]))
                                                                     Rows Removed by Filter: 4
                                                                     Buffers: shared hit=1
                                       ->  Index Scan using movie_id_movie_info on movie_info mi1  (cost=0.43..43.92 rows=1 width=8) (actual time=0.091..0.091 rows=0 loops=129491)
                                             Index Cond: (movie_id = t.id)
                                             Filter: ((info_type_id = 3) AND ((info)::text = ANY ('{Adventure,Animation,Crime,Documentary,Family,Romance,Short}'::text[])))
                                             Rows Removed by Filter: 11
                                             Buffers: shared hit=1205367 read=142203
                                 ->  Index Scan using movie_id_cast_info on cast_info ci  (cost=0.44..45.44 rows=38 width=12) (actual time=0.034..0.142 rows=13 loops=43091)
                                       Index Cond: (movie_id = t.id)
                                       Buffers: shared hit=534490 read=131093
                           ->  Hash  (cost=1.15..1.15 rows=1 width=4) (actual time=0.019..0.020 rows=1 loops=1)
                                 Buckets: 1024  Batches: 1  Memory Usage: 9kB
                                 Buffers: shared hit=1
                                 ->  Seq Scan on role_type rt  (cost=0.00..1.15 rows=1 width=4) (actual time=0.011..0.012 rows=1 loops=1)
                                       Filter: ((role)::text = 'cinematographer'::text)
                                       Rows Removed by Filter: 11
                                       Buffers: shared hit=1
                     ->  Index Scan using name_pkey on name n  (cost=0.43..2.32 rows=1 width=4) (actual time=0.033..0.033 rows=0 loops=32981)
                           Index Cond: (id = ci.person_id)
                           Filter: ((gender)::text = 'm'::text)
                           Rows Removed by Filter: 1
                           Buffers: shared hit=126333 read=5591
 Planning:
   Buffers: shared hit=483 read=91
 Planning Time: 13.531 ms
 Execution Time: 21204.964 ms
(75 rows)

