                                                                                            QUERY PLAN                                                                                            
--------------------------------------------------------------------------------------------------------------------------------------------------------------------------------------------------
 Aggregate  (cost=553151.73..553151.74 rows=1 width=8) (actual time=3201.622..3201.628 rows=1 loops=1)
   Buffers: shared hit=184853 read=136020
   ->  Nested Loop  (cost=93827.88..553151.69 rows=16 width=0) (actual time=430.489..3201.407 rows=684 loops=1)
         Buffers: shared hit=184853 read=136020
         ->  Seq Scan on info_type it2  (cost=0.00..2.41 rows=1 width=4) (actual time=0.040..0.045 rows=1 loops=1)
               Filter: (id = 2)
               Rows Removed by Filter: 112
               Buffers: shared hit=1
         ->  Nested Loop  (cost=93827.88..553149.12 rows=16 width=4) (actual time=430.447..3201.230 rows=684 loops=1)
               Buffers: shared hit=184852 read=136020
               ->  Seq Scan on info_type it1  (cost=0.00..2.41 rows=1 width=4) (actual time=0.008..0.015 rows=1 loops=1)
                     Filter: (id = 3)
                     Rows Removed by Filter: 112
                     Buffers: shared hit=1
               ->  Nested Loop  (cost=93827.88..553146.54 rows=16 width=8) (actual time=430.436..3201.041 rows=684 loops=1)
                     Buffers: shared hit=184851 read=136020
                     ->  Hash Join  (cost=93827.45..552991.14 rows=67 width=12) (actual time=429.269..2850.807 rows=10899 loops=1)
                           Hash Cond: (ci.role_id = rt.id)
                           Buffers: shared hit=149398 read=127877
                           ->  Nested Loop  (cost=93826.28..552987.12 rows=803 width=16) (actual time=428.883..2834.053 rows=126740 loops=1)
                                 Buffers: shared hit=149397 read=127877
                                 ->  Nested Loop  (cost=93825.84..550481.70 rows=56 width=20) (actual time=428.850..1476.292 rows=7809 loops=1)
                                       Buffers: shared hit=66597 read=65377
                                       ->  Hash Join  (cost=93825.41..482421.74 rows=1585 width=12) (actual time=428.777..842.439 rows=8049 loops=1)
                                             Hash Cond: (mi1.movie_id = t.id)
                                             Buffers: shared hit=4898 read=42469
                                             ->  Bitmap Heap Scan on movie_info mi1  (cost=16457.42..404903.65 rows=35800 width=8) (actual time=42.471..406.704 rows=359060 loops=1)
                                                   Recheck Cond: (info_type_id = 3)
                                                   Filter: ((info)::text = ANY ('{Adventure,Crime,Drama,Music,Sci-Fi}'::text[]))
                                                   Rows Removed by Filter: 1174849
                                                   Heap Blocks: exact=9772
                                                   Buffers: shared hit=4896 read=6079
                                                   ->  Bitmap Index Scan on info_type_id_movie_info  (cost=0.00..16448.47 rows=1538671 width=0) (actual time=41.284..41.284 rows=1533909 loops=1)
                                                         Index Cond: (info_type_id = 3)
                                                         Buffers: shared read=1203
                                             ->  Hash  (cost=75968.48..75968.48 rows=111961 width=4) (actual time=385.802..385.805 rows=23692 loops=1)
                                                   Buckets: 131072  Batches: 1  Memory Usage: 1857kB
                                                   Buffers: shared hit=2 read=36390
                                                   ->  Hash Join  (cost=1.11..75968.48 rows=111961 width=4) (actual time=0.058..380.354 rows=23692 loops=1)
                                                         Hash Cond: (t.kind_id = kt.id)
                                                         Buffers: shared hit=2 read=36390
                                                         ->  Seq Scan on title t  (cost=0.00..74315.95 rows=391862 width=8) (actual time=0.023..357.029 rows=386415 loops=1)
                                                               Filter: ((production_year <= 1997) AND (1981 < production_year))
                                                               Rows Removed by Filter: 2141897
                                                               Buffers: shared hit=1 read=36390
                                                         ->  Hash  (cost=1.09..1.09 rows=2 width=4) (actual time=0.012..0.013 rows=2 loops=1)
                                                               Buckets: 1024  Batches: 1  Memory Usage: 9kB
                                                               Buffers: shared hit=1
                                                               ->  Seq Scan on kind_type kt  (cost=0.00..1.09 rows=2 width=4) (actual time=0.007..0.008 rows=2 loops=1)
                                                                     Filter: ((kind)::text = ANY ('{"tv series","video game"}'::text[]))
                                                                     Rows Removed by Filter: 5
                                                                     Buffers: shared hit=1
                                       ->  Index Scan using movie_id_movie_info on movie_info mi2  (cost=0.43..42.93 rows=1 width=8) (actual time=0.061..0.078 rows=1 loops=8049)
                                             Index Cond: (movie_id = t.id)
                                             Filter: ((info_type_id = 2) AND ((info)::text = 'Color'::text))
                                             Rows Removed by Filter: 14
                                             Buffers: shared hit=61699 read=22908
                                 ->  Index Scan using movie_id_cast_info on cast_info ci  (cost=0.44..44.36 rows=38 width=12) (actual time=0.032..0.170 rows=16 loops=7809)
                                       Index Cond: (movie_id = t.id)
                                       Buffers: shared hit=82800 read=62500
                           ->  Hash  (cost=1.15..1.15 rows=1 width=4) (actual time=0.017..0.018 rows=1 loops=1)
                                 Buckets: 1024  Batches: 1  Memory Usage: 9kB
                                 Buffers: shared hit=1
                                 ->  Seq Scan on role_type rt  (cost=0.00..1.15 rows=1 width=4) (actual time=0.008..0.010 rows=1 loops=1)
                                       Filter: ((role)::text = 'writer'::text)
                                       Rows Removed by Filter: 11
                                       Buffers: shared hit=1
                     ->  Index Scan using name_pkey on name n  (cost=0.43..2.32 rows=1 width=4) (actual time=0.032..0.032 rows=0 loops=10899)
                           Index Cond: (id = ci.person_id)
                           Filter: ((gender)::text = 'f'::text)
                           Rows Removed by Filter: 1
                           Buffers: shared hit=35453 read=8143
 Planning:
   Buffers: shared hit=520 read=54
 Planning Time: 13.067 ms
 Execution Time: 3202.118 ms
(76 rows)

