                                                                                            QUERY PLAN                                                                                            
--------------------------------------------------------------------------------------------------------------------------------------------------------------------------------------------------
 Aggregate  (cost=701859.95..701859.96 rows=1 width=8) (actual time=12954.549..12954.559 rows=1 loops=1)
   Buffers: shared hit=1068389 read=273235, temp read=1774 written=1774
   ->  Nested Loop  (cost=92606.08..701859.31 rows=258 width=0) (actual time=435.199..12938.126 rows=110214 loops=1)
         Buffers: shared hit=1068389 read=273235, temp read=1774 written=1774
         ->  Hash Join  (cost=92605.65..700940.78 rows=396 width=4) (actual time=435.146..8173.385 rows=140560 loops=1)
               Hash Cond: (ci.role_id = rt.id)
               Buffers: shared hit=547641 read=231743, temp read=1774 written=1774
               ->  Nested Loop  (cost=92604.48..700931.15 rows=2379 width=8) (actual time=431.937..8092.954 rows=293763 loops=1)
                     Buffers: shared hit=547640 read=231743, temp read=1774 written=1774
                     ->  Nested Loop  (cost=92604.04..693504.38 rows=166 width=12) (actual time=431.900..4698.777 rows=22131 loops=1)
                           Buffers: shared hit=286375 read=143738, temp read=1774 written=1774
                           ->  Seq Scan on info_type it2  (cost=0.00..2.41 rows=1 width=4) (actual time=0.030..0.041 rows=1 loops=1)
                                 Filter: (id = 2)
                                 Rows Removed by Filter: 112
                                 Buffers: shared hit=1
                           ->  Nested Loop  (cost=92604.04..693500.31 rows=166 width=16) (actual time=431.868..4693.626 rows=22131 loops=1)
                                 Buffers: shared hit=286374 read=143738, temp read=1774 written=1774
                                 ->  Seq Scan on info_type it1  (cost=0.00..2.41 rows=1 width=4) (actual time=0.012..0.025 rows=1 loops=1)
                                       Filter: (id = 3)
                                       Rows Removed by Filter: 112
                                       Buffers: shared hit=1
                                 ->  Nested Loop  (cost=92604.04..693496.24 rows=166 width=20) (actual time=431.852..4688.263 rows=22131 loops=1)
                                       Buffers: shared hit=286373 read=143738, temp read=1774 written=1774
                                       ->  Hash Join  (cost=92603.60..436735.59 rows=5937 width=12) (actual time=430.073..1259.522 rows=40992 loops=1)
                                             Hash Cond: (mi2.movie_id = t.id)
                                             Buffers: shared hit=1983 read=51952, temp read=1774 written=1774
                                             ->  Bitmap Heap Scan on movie_info mi2  (cost=13878.84..356259.28 rows=89381 width=8) (actual time=37.783..499.288 rows=1000514 loops=1)
                                                   Recheck Cond: (info_type_id = 2)
                                                   Filter: ((info)::text = 'Color'::text)
                                                   Rows Removed by Filter: 288414
                                                   Heap Blocks: exact=16526
                                                   Buffers: shared hit=1982 read=15561
                                                   ->  Bitmap Index Scan on info_type_id_movie_info  (cost=0.00..13856.49 rows=1296008 width=0) (actual time=35.607..35.607 rows=1288928 loops=1)
                                                         Index Cond: (info_type_id = 2)
                                                         Buffers: shared read=1017
                                             ->  Hash  (cost=75968.50..75968.50 rows=167941 width=4) (actual time=389.364..389.367 rows=44292 loops=1)
                                                   Buckets: 262144  Batches: 2  Memory Usage: 2832kB
                                                   Buffers: shared hit=1 read=36391, temp written=64
                                                   ->  Hash Join  (cost=1.13..75968.50 rows=167941 width=4) (actual time=0.070..380.604 rows=44292 loops=1)
                                                         Hash Cond: (t.kind_id = kt.id)
                                                         Buffers: shared hit=1 read=36391
                                                         ->  Seq Scan on title t  (cost=0.00..74315.95 rows=391862 width=8) (actual time=0.027..355.503 rows=386415 loops=1)
                                                               Filter: ((production_year <= 1997) AND (1981 < production_year))
                                                               Rows Removed by Filter: 2141897
                                                               Buffers: shared read=36391
                                                         ->  Hash  (cost=1.10..1.10 rows=3 width=4) (actual time=0.013..0.014 rows=3 loops=1)
                                                               Buckets: 1024  Batches: 1  Memory Usage: 9kB
                                                               Buffers: shared hit=1
                                                               ->  Seq Scan on kind_type kt  (cost=0.00..1.10 rows=3 width=4) (actual time=0.007..0.008 rows=3 loops=1)
                                                                     Filter: ((kind)::text = ANY ('{"tv series","video game","video movie"}'::text[]))
                                                                     Rows Removed by Filter: 4
                                                                     Buffers: shared hit=1
                                       ->  Index Scan using movie_id_movie_info on movie_info mi1  (cost=0.43..43.24 rows=1 width=8) (actual time=0.082..0.083 rows=1 loops=40992)
                                             Index Cond: (movie_id = t.id)
                                             Filter: ((info_type_id = 3) AND ((info)::text = ANY ('{Action,Adult,Adventure,Animation,Crime,Romance,Short,Thriller}'::text[])))
                                             Rows Removed by Filter: 8
                                             Buffers: shared hit=284390 read=91786
                     ->  Index Scan using movie_id_cast_info on cast_info ci  (cost=0.44..44.36 rows=38 width=12) (actual time=0.034..0.150 rows=13 loops=22131)
                           Index Cond: (movie_id = t.id)
                           Buffers: shared hit=261265 read=88005
               ->  Hash  (cost=1.15..1.15 rows=2 width=4) (actual time=0.033..0.034 rows=2 loops=1)
                     Buckets: 1024  Batches: 1  Memory Usage: 9kB
                     Buffers: shared hit=1
                     ->  Seq Scan on role_type rt  (cost=0.00..1.15 rows=2 width=4) (actual time=0.024..0.028 rows=2 loops=1)
                           Filter: ((role)::text = ANY ('{actor,"miscellaneous crew"}'::text[]))
                           Rows Removed by Filter: 10
                           Buffers: shared hit=1
         ->  Index Scan using name_pkey on name n  (cost=0.43..2.32 rows=1 width=4) (actual time=0.033..0.033 rows=1 loops=140560)
               Index Cond: (id = ci.person_id)
               Filter: ((gender)::text = ANY ('{f,m}'::text[]))
               Rows Removed by Filter: 0
               Buffers: shared hit=520748 read=41492
 Planning:
   Buffers: shared hit=482 read=92
 Planning Time: 13.172 ms
 Execution Time: 12955.244 ms
(76 rows)

