                                                                                            QUERY PLAN                                                                                            
--------------------------------------------------------------------------------------------------------------------------------------------------------------------------------------------------
 Aggregate  (cost=700477.11..700477.12 rows=1 width=8) (actual time=25452.471..25452.479 rows=1 loops=1)
   Buffers: shared hit=1992800 read=604118, temp read=2209 written=2209
   ->  Nested Loop  (cost=92606.07..700476.92 rows=77 width=0) (actual time=570.048..25450.139 rows=6491 loops=1)
         Buffers: shared hit=1992800 read=604118, temp read=2209 written=2209
         ->  Seq Scan on info_type it2  (cost=0.00..2.41 rows=1 width=4) (actual time=0.046..0.056 rows=1 loops=1)
               Filter: (id = 2)
               Rows Removed by Filter: 112
               Buffers: shared hit=1
         ->  Nested Loop  (cost=92606.07..700473.73 rows=77 width=4) (actual time=570.000..25448.460 rows=6491 loops=1)
               Buffers: shared hit=1992799 read=604118, temp read=2209 written=2209
               ->  Seq Scan on info_type it1  (cost=0.00..2.41 rows=1 width=4) (actual time=0.010..0.022 rows=1 loops=1)
                     Filter: (id = 3)
                     Rows Removed by Filter: 112
                     Buffers: shared hit=1
               ->  Nested Loop  (cost=92606.07..700470.55 rows=77 width=8) (actual time=569.986..25446.628 rows=6491 loops=1)
                     Buffers: shared hit=1992798 read=604118, temp read=2209 written=2209
                     ->  Hash Join  (cost=92605.64..700046.08 rows=183 width=12) (actual time=569.928..24509.968 rows=26977 loops=1)
                           Hash Cond: (ci.role_id = rt.id)
                           Buffers: shared hit=1900756 read=588252, temp read=2209 written=2209
                           ->  Nested Loop  (cost=92604.48..700037.12 rows=2193 width=16) (actual time=530.163..24378.709 rows=797577 loops=1)
                                 Buffers: shared hit=1900755 read=588252, temp read=2209 written=2209
                                 ->  Nested Loop  (cost=92604.04..693191.97 rows=153 width=20) (actual time=530.128..15331.237 rows=38227 loops=1)
                                       Buffers: shared hit=1337533 read=258756, temp read=2209 written=2209
                                       ->  Hash Join  (cost=92603.60..436735.59 rows=5937 width=12) (actual time=523.350..1638.606 rows=160938 loops=1)
                                             Hash Cond: (mi2.movie_id = t.id)
                                             Buffers: shared hit=2566 read=51369, temp read=2209 written=2209
                                             ->  Bitmap Heap Scan on movie_info mi2  (cost=13878.84..356259.28 rows=89381 width=8) (actual time=39.589..579.810 rows=1000514 loops=1)
                                                   Recheck Cond: (info_type_id = 2)
                                                   Filter: ((info)::text = 'Color'::text)
                                                   Rows Removed by Filter: 288414
                                                   Heap Blocks: exact=16526
                                                   Buffers: shared hit=2565 read=14978
                                                   ->  Bitmap Index Scan on info_type_id_movie_info  (cost=0.00..13856.49 rows=1296008 width=0) (actual time=37.383..37.383 rows=1288928 loops=1)
                                                         Index Cond: (info_type_id = 2)
                                                         Buffers: shared read=1017
                                             ->  Hash  (cost=75968.50..75968.50 rows=167941 width=4) (actual time=482.705..482.708 rows=342123 loops=1)
                                                   Buckets: 262144  Batches: 2  Memory Usage: 8082kB
                                                   Buffers: shared hit=1 read=36391, temp written=499
                                                   ->  Hash Join  (cost=1.13..75968.50 rows=167941 width=4) (actual time=0.056..425.426 rows=342123 loops=1)
                                                         Hash Cond: (t.kind_id = kt.id)
                                                         Buffers: shared hit=1 read=36391
                                                         ->  Seq Scan on title t  (cost=0.00..74315.95 rows=391862 width=8) (actual time=0.030..381.057 rows=386415 loops=1)
                                                               Filter: ((production_year <= 1997) AND (1981 < production_year))
                                                               Rows Removed by Filter: 2141897
                                                               Buffers: shared read=36391
                                                         ->  Hash  (cost=1.10..1.10 rows=3 width=4) (actual time=0.013..0.014 rows=3 loops=1)
                                                               Buckets: 1024  Batches: 1  Memory Usage: 9kB
                                                               Buffers: shared hit=1
                                                               ->  Seq Scan on kind_type kt  (cost=0.00..1.10 rows=3 width=4) (actual time=0.008..0.009 rows=3 loops=1)
                                                                     Filter: ((kind)::text = ANY ('{episode,movie,"tv movie"}'::text[]))
                                                                     Rows Removed by Filter: 4
                                                                     Buffers: shared hit=1
                                       ->  Index Scan using movie_id_movie_info on movie_info mi1  (cost=0.43..43.19 rows=1 width=8) (actual time=0.084..0.085 rows=0 loops=160938)
                                             Index Cond: (movie_id = t.id)
                                             Filter: ((info_type_id = 3) AND ((info)::text = ANY ('{Adult,Adventure,Animation,Crime,Family,Romance,Short}'::text[])))
                                             Rows Removed by Filter: 11
                                             Buffers: shared hit=1334967 read=207387
                                 ->  Index Scan using movie_id_cast_info on cast_info ci  (cost=0.44..44.36 rows=38 width=12) (actual time=0.036..0.231 rows=21 loops=38227)
                                       Index Cond: (movie_id = t.id)
                                       Buffers: shared hit=563222 read=329496
                           ->  Hash  (cost=1.15..1.15 rows=1 width=4) (actual time=0.021..0.022 rows=1 loops=1)
                                 Buckets: 1024  Batches: 1  Memory Usage: 9kB
                                 Buffers: shared hit=1
                                 ->  Seq Scan on role_type rt  (cost=0.00..1.15 rows=1 width=4) (actual time=0.011..0.012 rows=1 loops=1)
                                       Filter: ((role)::text = 'editor'::text)
                                       Rows Removed by Filter: 11
                                       Buffers: shared hit=1
                     ->  Index Scan using name_pkey on name n  (cost=0.43..2.32 rows=1 width=4) (actual time=0.034..0.034 rows=0 loops=26977)
                           Index Cond: (id = ci.person_id)
                           Filter: ((gender)::text = 'm'::text)
                           Rows Removed by Filter: 1
                           Buffers: shared hit=92042 read=15866
 Planning:
   Buffers: shared hit=485 read=89
 Planning Time: 14.446 ms
 Execution Time: 25453.204 ms
(76 rows)

