                                                                                            QUERY PLAN                                                                                            
--------------------------------------------------------------------------------------------------------------------------------------------------------------------------------------------------
 Aggregate  (cost=793597.02..793597.03 rows=1 width=8) (actual time=32488.134..32488.143 rows=1 loops=1)
   Buffers: shared hit=3071152 read=223789, temp read=15097 written=15097
   ->  Nested Loop  (cost=502404.29..793596.76 rows=106 width=0) (actual time=1462.861..32478.604 rows=46730 loops=1)
         Buffers: shared hit=3071152 read=223789, temp read=15097 written=15097
         ->  Seq Scan on info_type it2  (cost=0.00..2.41 rows=1 width=4) (actual time=0.029..0.036 rows=1 loops=1)
               Filter: (id = 2)
               Rows Removed by Filter: 112
               Buffers: shared hit=1
         ->  Nested Loop  (cost=502404.29..793593.29 rows=106 width=4) (actual time=1462.831..32469.764 rows=46730 loops=1)
               Buffers: shared hit=3071151 read=223789, temp read=15097 written=15097
               ->  Seq Scan on info_type it1  (cost=0.00..2.41 rows=1 width=4) (actual time=0.006..0.017 rows=1 loops=1)
                     Filter: (id = 3)
                     Rows Removed by Filter: 112
                     Buffers: shared hit=1
               ->  Nested Loop  (cost=502404.29..793589.81 rows=106 width=8) (actual time=1462.824..32460.110 rows=46730 loops=1)
                     Join Filter: (t.id = mi2.movie_id)
                     Buffers: shared hit=3071150 read=223789, temp read=15097 written=15097
                     ->  Nested Loop  (cost=502403.86..667699.83 rows=2992 width=16) (actual time=1462.666..23115.386 rows=46687 loops=1)
                           Buffers: shared hit=2186262 read=144843, temp read=15097 written=15097
                           ->  Hash Join  (cost=502403.43..637822.10 rows=12881 width=20) (actual time=1459.383..5154.302 rows=560608 loops=1)
                                 Hash Cond: (ci.movie_id = t.id)
                                 Buffers: shared hit=9578 read=79095, temp read=15097 written=15097
                                 ->  Nested Loop  (cost=0.44..123965.00 rows=3020080 width=8) (actual time=0.082..1931.946 rows=4323018 loops=1)
                                       Buffers: shared hit=4193 read=37113
                                       ->  Seq Scan on role_type rt  (cost=0.00..1.15 rows=1 width=4) (actual time=0.006..0.008 rows=1 loops=1)
                                             Filter: ((role)::text = 'miscellaneous crew'::text)
                                             Rows Removed by Filter: 11
                                             Buffers: shared hit=1
                                       ->  Index Scan using role_id_cast_info on cast_info ci  (cost=0.44..91017.52 rows=3294633 width=12) (actual time=0.075..1305.131 rows=4323018 loops=1)
                                             Index Cond: (role_id = rt.id)
                                             Buffers: shared hit=4192 read=37113
                                 ->  Hash  (cost=502268.19..502268.19 rows=10784 width=12) (actual time=1459.164..1459.168 rows=178569 loops=1)
                                       Buckets: 262144 (originally 16384)  Batches: 2 (originally 1)  Memory Usage: 6145kB
                                       Buffers: shared hit=5385 read=41982, temp read=7337 written=7686
                                       ->  Hash Join  (cost=110373.22..502268.19 rows=10784 width=12) (actual time=872.267..1429.412 rows=178569 loops=1)
                                             Hash Cond: (mi1.movie_id = t.id)
                                             Buffers: shared hit=5385 read=41982, temp read=7337 written=7337
                                             ->  Bitmap Heap Scan on movie_info mi1  (cost=16457.59..404903.83 rows=36506 width=8) (actual time=39.170..371.532 rows=347387 loops=1)
                                                   Recheck Cond: (info_type_id = 3)
                                                   Filter: ((info)::text = ANY ('{Action,Adult,Comedy,Reality-TV,Romance}'::text[]))
                                                   Rows Removed by Filter: 1186522
                                                   Heap Blocks: exact=9772
                                                   Buffers: shared hit=5384 read=5591
                                                   ->  Bitmap Index Scan on info_type_id_movie_info  (cost=0.00..16448.47 rows=1538671 width=0) (actual time=37.948..37.948 rows=1533909 loops=1)
                                                         Index Cond: (info_type_id = 3)
                                                         Buffers: shared read=1203
                                             ->  Hash  (cost=81661.50..81661.50 rows=746890 width=4) (actual time=830.818..830.821 rows=1610551 loops=1)
                                                   Buckets: 262144 (originally 262144)  Batches: 16 (originally 8)  Memory Usage: 6145kB
                                                   Buffers: shared hit=1 read=36391, temp written=4414
                                                   ->  Hash Join  (cost=1.13..81661.50 rows=746890 width=4) (actual time=0.047..617.754 rows=1610551 loops=1)
                                                         Hash Cond: (t.kind_id = kt.id)
                                                         Buffers: shared hit=1 read=36391
                                                         ->  Seq Scan on title t  (cost=0.00..74315.95 rows=1742744 width=8) (actual time=0.023..423.933 rows=1748995 loops=1)
                                                               Filter: ((production_year <= 2015) AND (1990 < production_year))
                                                               Rows Removed by Filter: 779317
                                                               Buffers: shared read=36391
                                                         ->  Hash  (cost=1.10..1.10 rows=3 width=4) (actual time=0.016..0.017 rows=3 loops=1)
                                                               Buckets: 1024  Batches: 1  Memory Usage: 9kB
                                                               Buffers: shared hit=1
                                                               ->  Seq Scan on kind_type kt  (cost=0.00..1.10 rows=3 width=4) (actual time=0.009..0.010 rows=3 loops=1)
                                                                     Filter: ((kind)::text = ANY ('{episode,movie,"video movie"}'::text[]))
                                                                     Rows Removed by Filter: 4
                                                                     Buffers: shared hit=1
                           ->  Index Scan using name_pkey on name n  (cost=0.43..2.32 rows=1 width=4) (actual time=0.032..0.032 rows=0 loops=560608)
                                 Index Cond: (id = ci.person_id)
                                 Filter: ((gender)::text = 'f'::text)
                                 Rows Removed by Filter: 1
                                 Buffers: shared hit=2176684 read=65748
                     ->  Index Scan using movie_id_movie_info on movie_info mi2  (cost=0.43..42.06 rows=1 width=8) (actual time=0.182..0.199 rows=1 loops=46687)
                           Index Cond: (movie_id = ci.movie_id)
                           Filter: ((info_type_id = 2) AND ((info)::text = 'Color'::text))
                           Rows Removed by Filter: 112
                           Buffers: shared hit=884888 read=78946
 Planning:
   Buffers: shared hit=481 read=93
 Planning Time: 10.312 ms
 Execution Time: 32488.597 ms
(77 rows)

