                                                                                            QUERY PLAN                                                                                            
--------------------------------------------------------------------------------------------------------------------------------------------------------------------------------------------------
 Aggregate  (cost=704263.26..704263.27 rows=1 width=8) (actual time=36768.742..36768.750 rows=1 loops=1)
   Buffers: shared hit=3012299 read=795639, temp read=2209 written=2209
   ->  Nested Loop  (cost=92606.09..704262.95 rows=125 width=0) (actual time=716.865..36765.709 rows=7666 loops=1)
         Buffers: shared hit=3012299 read=795639, temp read=2209 written=2209
         ->  Seq Scan on info_type it2  (cost=0.00..2.41 rows=1 width=4) (actual time=0.045..0.055 rows=1 loops=1)
               Filter: (id = 2)
               Rows Removed by Filter: 112
               Buffers: shared hit=1
         ->  Nested Loop  (cost=92606.09..704259.29 rows=125 width=4) (actual time=716.818..36763.530 rows=7666 loops=1)
               Buffers: shared hit=3012298 read=795639, temp read=2209 written=2209
               ->  Seq Scan on info_type it1  (cost=0.00..2.41 rows=1 width=4) (actual time=0.009..0.022 rows=1 loops=1)
                     Filter: (id = 3)
                     Rows Removed by Filter: 112
                     Buffers: shared hit=1
               ->  Nested Loop  (cost=92606.09..704255.62 rows=125 width=8) (actual time=716.805..36761.216 rows=7666 loops=1)
                     Buffers: shared hit=3012297 read=795639, temp read=2209 written=2209
                     ->  Hash Join  (cost=92605.66..703566.73 rows=297 width=12) (actual time=696.360..35868.397 rows=23764 loops=1)
                           Hash Cond: (ci.role_id = rt.id)
                           Buffers: shared hit=2927260 read=785620, temp read=2209 written=2209
                           ->  Nested Loop  (cost=92604.50..703552.89 rows=3569 width=16) (actual time=530.014..35562.570 rows=1918467 loops=1)
                                 Buffers: shared hit=2927259 read=785620, temp read=2209 written=2209
                                 ->  Nested Loop  (cost=92604.06..692412.74 rows=249 width=20) (actual time=529.972..15529.030 rows=79169 loops=1)
                                       Buffers: shared hit=1335524 read=260765, temp read=2209 written=2209
                                       ->  Hash Join  (cost=92603.60..436735.59 rows=5937 width=12) (actual time=523.448..1647.691 rows=160938 loops=1)
                                             Hash Cond: (mi2.movie_id = t.id)
                                             Buffers: shared hit=3613 read=50322, temp read=2209 written=2209
                                             ->  Bitmap Heap Scan on movie_info mi2  (cost=13878.84..356259.28 rows=89381 width=8) (actual time=40.260..570.421 rows=1000514 loops=1)
                                                   Recheck Cond: (info_type_id = 2)
                                                   Filter: ((info)::text = 'Color'::text)
                                                   Rows Removed by Filter: 288414
                                                   Heap Blocks: exact=16526
                                                   Buffers: shared hit=3612 read=13931
                                                   ->  Bitmap Index Scan on info_type_id_movie_info  (cost=0.00..13856.49 rows=1296008 width=0) (actual time=38.051..38.051 rows=1288928 loops=1)
                                                         Index Cond: (info_type_id = 2)
                                                         Buffers: shared read=1017
                                             ->  Hash  (cost=75968.50..75968.50 rows=167941 width=4) (actual time=482.109..482.112 rows=342123 loops=1)
                                                   Buckets: 262144  Batches: 2  Memory Usage: 8082kB
                                                   Buffers: shared hit=1 read=36391, temp written=499
                                                   ->  Hash Join  (cost=1.13..75968.50 rows=167941 width=4) (actual time=0.061..424.380 rows=342123 loops=1)
                                                         Hash Cond: (t.kind_id = kt.id)
                                                         Buffers: shared hit=1 read=36391
                                                         ->  Seq Scan on title t  (cost=0.00..74315.95 rows=391862 width=8) (actual time=0.031..380.339 rows=386415 loops=1)
                                                               Filter: ((production_year <= 1997) AND (1981 < production_year))
                                                               Rows Removed by Filter: 2141897
                                                               Buffers: shared read=36391
                                                         ->  Hash  (cost=1.10..1.10 rows=3 width=4) (actual time=0.017..0.018 rows=3 loops=1)
                                                               Buckets: 1024  Batches: 1  Memory Usage: 9kB
                                                               Buffers: shared hit=1
                                                               ->  Seq Scan on kind_type kt  (cost=0.00..1.10 rows=3 width=4) (actual time=0.010..0.012 rows=3 loops=1)
                                                                     Filter: ((kind)::text = ANY ('{episode,movie,"tv movie"}'::text[]))
                                                                     Rows Removed by Filter: 4
                                                                     Buffers: shared hit=1
                                       ->  Index Scan using movie_id_movie_info on movie_info mi1  (cost=0.46..43.06 rows=1 width=8) (actual time=0.085..0.086 rows=0 loops=160938)
                                             Index Cond: (movie_id = t.id)
                                             Filter: ((info_type_id = 3) AND ((info)::text = ANY ('{Action,Adult,Documentary,Drama,Family,Romance,Sci-Fi,Short,Thriller}'::text[])))
                                             Rows Removed by Filter: 10
                                             Buffers: shared hit=1331911 read=210443
                                 ->  Index Scan using movie_id_cast_info on cast_info ci  (cost=0.44..44.36 rows=38 width=12) (actual time=0.035..0.246 rows=24 loops=79169)
                                       Index Cond: (movie_id = t.id)
                                       Buffers: shared hit=1591735 read=524855
                           ->  Hash  (cost=1.15..1.15 rows=1 width=4) (actual time=0.017..0.018 rows=1 loops=1)
                                 Buckets: 1024  Batches: 1  Memory Usage: 9kB
                                 Buffers: shared hit=1
                                 ->  Seq Scan on role_type rt  (cost=0.00..1.15 rows=1 width=4) (actual time=0.011..0.012 rows=1 loops=1)
                                       Filter: ((role)::text = 'production designer'::text)
                                       Rows Removed by Filter: 11
                                       Buffers: shared hit=1
                     ->  Index Scan using name_pkey on name n  (cost=0.43..2.32 rows=1 width=4) (actual time=0.037..0.037 rows=0 loops=23764)
                           Index Cond: (id = ci.person_id)
                           Filter: ((gender)::text = 'm'::text)
                           Rows Removed by Filter: 1
                           Buffers: shared hit=85037 read=10019
 Planning:
   Buffers: shared hit=484 read=93
 Planning Time: 14.636 ms
 Execution Time: 36769.469 ms
(76 rows)

