                                                                                            QUERY PLAN                                                                                            
--------------------------------------------------------------------------------------------------------------------------------------------------------------------------------------------------
 Aggregate  (cost=621281.88..621281.89 rows=1 width=8) (actual time=1576.173..1576.180 rows=1 loops=1)
   Buffers: shared hit=62520 read=72971
   ->  Nested Loop  (cost=94168.74..621281.64 rows=93 width=0) (actual time=408.600..1575.470 rows=5985 loops=1)
         Buffers: shared hit=62520 read=72971
         ->  Seq Scan on info_type it2  (cost=0.00..2.41 rows=1 width=4) (actual time=0.046..0.051 rows=1 loops=1)
               Filter: (id = 2)
               Rows Removed by Filter: 112
               Buffers: shared hit=1
         ->  Nested Loop  (cost=94168.74..621278.30 rows=93 width=4) (actual time=408.553..1574.645 rows=5985 loops=1)
               Buffers: shared hit=62519 read=72971
               ->  Seq Scan on info_type it1  (cost=0.00..2.41 rows=1 width=4) (actual time=0.012..0.020 rows=1 loops=1)
                     Filter: (id = 3)
                     Rows Removed by Filter: 112
                     Buffers: shared hit=1
               ->  Nested Loop  (cost=94168.74..621274.96 rows=93 width=8) (actual time=408.537..1573.776 rows=5985 loops=1)
                     Buffers: shared hit=62518 read=72971
                     ->  Hash Join  (cost=94168.31..620344.83 rows=401 width=12) (actual time=408.495..1340.203 rows=6819 loops=1)
                           Hash Cond: (ci.role_id = rt.id)
                           Buffers: shared hit=41198 read=67015
                           ->  Nested Loop  (cost=94167.13..620335.10 rows=2408 width=16) (actual time=408.364..1335.909 rows=23376 loops=1)
                                 Buffers: shared hit=41197 read=67015
                                 ->  Nested Loop  (cost=94166.69..612795.36 rows=168 width=20) (actual time=408.336..1032.993 rows=2807 loops=1)
                                       Buffers: shared hit=20725 read=56384
                                       ->  Hash Join  (cost=94166.26..452663.33 rows=3721 width=12) (actual time=408.064..760.744 rows=2864 loops=1)
                                             Hash Cond: (mi1.movie_id = t.id)
                                             Buffers: shared hit=2465 read=44902
                                             ->  Bitmap Heap Scan on movie_info mi1  (cost=16463.98..374691.12 rows=62060 width=8) (actual time=42.879..339.720 rows=592088 loops=1)
                                                   Recheck Cond: (info_type_id = 3)
                                                   Filter: ((info)::text = ANY ('{Comedy,Romance,Short}'::text[]))
                                                   Rows Removed by Filter: 941821
                                                   Heap Blocks: exact=9772
                                                   Buffers: shared hit=2464 read=8511
                                                   ->  Bitmap Index Scan on info_type_id_movie_info  (cost=0.00..16448.47 rows=1538671 width=0) (actual time=41.696..41.696 rows=1533909 loops=1)
                                                         Index Cond: (info_type_id = 3)
                                                         Buffers: shared read=1203
                                             ->  Hash  (cost=75807.58..75807.58 rows=151576 width=4) (actual time=364.158..364.161 rows=11843 loops=1)
                                                   Buckets: 262144  Batches: 1  Memory Usage: 2465kB
                                                   Buffers: shared hit=1 read=36391
                                                   ->  Hash Join  (cost=1.13..75807.58 rows=151576 width=4) (actual time=0.134..361.232 rows=11843 loops=1)
                                                         Hash Cond: (t.kind_id = kt.id)
                                                         Buffers: shared hit=1 read=36391
                                                         ->  Seq Scan on title t  (cost=0.00..74315.95 rows=353677 width=8) (actual time=0.024..340.802 rows=347589 loops=1)
                                                               Filter: ((production_year <= 1975) AND (1925 < production_year))
                                                               Rows Removed by Filter: 2180723
                                                               Buffers: shared read=36391
                                                         ->  Hash  (cost=1.10..1.10 rows=3 width=4) (actual time=0.013..0.014 rows=3 loops=1)
                                                               Buckets: 1024  Batches: 1  Memory Usage: 9kB
                                                               Buffers: shared hit=1
                                                               ->  Seq Scan on kind_type kt  (cost=0.00..1.10 rows=3 width=4) (actual time=0.008..0.009 rows=3 loops=1)
                                                                     Filter: ((kind)::text = ANY ('{"tv series","video game","video movie"}'::text[]))
                                                                     Rows Removed by Filter: 4
                                                                     Buffers: shared hit=1
                                       ->  Index Scan using movie_id_movie_info on movie_info mi2  (cost=0.43..43.02 rows=1 width=8) (actual time=0.076..0.095 rows=1 loops=2864)
                                             Index Cond: (movie_id = t.id)
                                             Filter: (((info)::text = ANY ('{"Black and White",Color}'::text[])) AND (info_type_id = 2))
                                             Rows Removed by Filter: 11
                                             Buffers: shared hit=18260 read=11482
                                 ->  Index Scan using movie_id_cast_info on cast_info ci  (cost=0.44..44.50 rows=38 width=12) (actual time=0.032..0.106 rows=8 loops=2807)
                                       Index Cond: (movie_id = t.id)
                                       Buffers: shared hit=20472 read=10631
                           ->  Hash  (cost=1.15..1.15 rows=2 width=4) (actual time=0.019..0.020 rows=2 loops=1)
                                 Buckets: 1024  Batches: 1  Memory Usage: 9kB
                                 Buffers: shared hit=1
                                 ->  Seq Scan on role_type rt  (cost=0.00..1.15 rows=2 width=4) (actual time=0.011..0.013 rows=2 loops=1)
                                       Filter: ((role)::text = ANY ('{actress,"miscellaneous crew"}'::text[]))
                                       Rows Removed by Filter: 10
                                       Buffers: shared hit=1
                     ->  Index Scan using name_pkey on name n  (cost=0.43..2.32 rows=1 width=4) (actual time=0.034..0.034 rows=1 loops=6819)
                           Index Cond: (id = ci.person_id)
                           Filter: ((gender)::text = 'f'::text)
                           Rows Removed by Filter: 0
                           Buffers: shared hit=21320 read=5956
 Planning:
   Buffers: shared hit=481 read=93
 Planning Time: 14.296 ms
 Execution Time: 1576.806 ms
(76 rows)

