                                                                                               QUERY PLAN                                                                                               
--------------------------------------------------------------------------------------------------------------------------------------------------------------------------------------------------------
 Aggregate  (cost=767703.28..767703.29 rows=1 width=8) (actual time=14229.507..14229.515 rows=1 loops=1)
   Buffers: shared hit=1157518 read=300617
   ->  Nested Loop  (cost=16456.53..767702.94 rows=137 width=0) (actual time=43.964..14228.980 rows=1005 loops=1)
         Buffers: shared hit=1157518 read=300617
         ->  Seq Scan on info_type it2  (cost=0.00..2.41 rows=1 width=4) (actual time=0.047..0.056 rows=1 loops=1)
               Filter: (id = 2)
               Rows Removed by Filter: 112
               Buffers: shared hit=1
         ->  Nested Loop  (cost=16456.53..767699.16 rows=137 width=4) (actual time=43.915..14228.637 rows=1005 loops=1)
               Buffers: shared hit=1157517 read=300617
               ->  Seq Scan on info_type it1  (cost=0.00..2.41 rows=1 width=4) (actual time=0.013..0.024 rows=1 loops=1)
                     Filter: (id = 3)
                     Rows Removed by Filter: 112
                     Buffers: shared hit=1
               ->  Nested Loop  (cost=16456.53..767695.37 rows=137 width=8) (actual time=43.900..14228.279 rows=1005 loops=1)
                     Buffers: shared hit=1157516 read=300617
                     ->  Hash Join  (cost=16456.10..766331.50 rows=588 width=12) (actual time=40.866..13669.559 rows=15436 loops=1)
                           Hash Cond: (ci.role_id = rt.id)
                           Buffers: shared hit=1103135 read=293254
                           ->  Nested Loop  (cost=16454.93..766317.80 rows=3526 width=16) (actual time=39.884..13588.715 rows=503856 loops=1)
                                 Buffers: shared hit=1103134 read=293254
                                 ->  Nested Loop  (cost=16454.49..755568.16 rows=246 width=20) (actual time=39.851..8091.057 rows=21200 loops=1)
                                       Buffers: shared hit=741564 read=102211
                                       ->  Hash Join  (cost=16454.05..525556.22 rows=5446 width=12) (actual time=39.666..5938.664 rows=20709 loops=1)
                                             Hash Cond: (t.kind_id = kt.id)
                                             Buffers: shared hit=578934 read=39634
                                             ->  Nested Loop  (cost=16452.92..525501.53 rows=12708 width=16) (actual time=39.626..5912.197 rows=116026 loops=1)
                                                   Buffers: shared hit=578933 read=39634
                                                   ->  Bitmap Heap Scan on movie_info mi1  (cost=16452.48..435117.81 rows=16041 width=8) (actual time=39.544..814.218 rows=162556 loops=1)
                                                         Recheck Cond: (info_type_id = 3)
                                                         Filter: ((info)::text = ANY ('{Biography,Crime,Horror,News,Romance,War,Western}'::text[]))
                                                         Rows Removed by Filter: 1371353
                                                         Heap Blocks: exact=9772
                                                         Buffers: shared hit=1616 read=9359
                                                         ->  Bitmap Index Scan on info_type_id_movie_info  (cost=0.00..16448.47 rows=1538671 width=0) (actual time=38.340..38.340 rows=1533909 loops=1)
                                                               Index Cond: (info_type_id = 3)
                                                               Buffers: shared hit=1203
                                                   ->  Memoize  (cost=0.44..5.74 rows=1 width=8) (actual time=0.031..0.031 rows=1 loops=162556)
                                                         Cache Key: mi1.movie_id
                                                         Cache Mode: logical
                                                         Hits: 10658  Misses: 151898  Evictions: 64114  Overflows: 0  Memory Usage: 8193kB
                                                         Buffers: shared hit=577317 read=30275
                                                         ->  Index Scan using title_pkey on title t  (cost=0.43..5.73 rows=1 width=8) (actual time=0.032..0.032 rows=1 loops=151898)
                                                               Index Cond: (id = mi1.movie_id)
                                                               Filter: ((production_year <= 2015) AND (1975 < production_year))
                                                               Rows Removed by Filter: 0
                                                               Buffers: shared hit=577317 read=30275
                                             ->  Hash  (cost=1.10..1.10 rows=3 width=4) (actual time=0.018..0.019 rows=3 loops=1)
                                                   Buckets: 1024  Batches: 1  Memory Usage: 9kB
                                                   Buffers: shared hit=1
                                                   ->  Seq Scan on kind_type kt  (cost=0.00..1.10 rows=3 width=4) (actual time=0.009..0.011 rows=3 loops=1)
                                                         Filter: ((kind)::text = ANY ('{"tv movie","tv series","video game"}'::text[]))
                                                         Rows Removed by Filter: 4
                                                         Buffers: shared hit=1
                                       ->  Index Scan using movie_id_movie_info on movie_info mi2  (cost=0.43..42.23 rows=1 width=8) (actual time=0.085..0.103 rows=1 loops=20709)
                                             Index Cond: (movie_id = t.id)
                                             Filter: (((info)::text = ANY ('{"Black and White",Color}'::text[])) AND (info_type_id = 2))
                                             Rows Removed by Filter: 12
                                             Buffers: shared hit=162630 read=62577
                                 ->  Index Scan using movie_id_cast_info on cast_info ci  (cost=0.44..43.32 rows=38 width=12) (actual time=0.036..0.253 rows=24 loops=21200)
                                       Index Cond: (movie_id = t.id)
                                       Buffers: shared hit=361570 read=191043
                           ->  Hash  (cost=1.15..1.15 rows=2 width=4) (actual time=0.022..0.022 rows=2 loops=1)
                                 Buckets: 1024  Batches: 1  Memory Usage: 9kB
                                 Buffers: shared hit=1
                                 ->  Seq Scan on role_type rt  (cost=0.00..1.15 rows=2 width=4) (actual time=0.012..0.015 rows=2 loops=1)
                                       Filter: ((role)::text = ANY ('{composer,"costume designer"}'::text[]))
                                       Rows Removed by Filter: 10
                                       Buffers: shared hit=1
                     ->  Index Scan using name_pkey on name n  (cost=0.43..2.32 rows=1 width=4) (actual time=0.036..0.036 rows=0 loops=15436)
                           Index Cond: (id = ci.person_id)
                           Filter: ((gender)::text = 'f'::text)
                           Rows Removed by Filter: 1
                           Buffers: shared hit=54381 read=7363
 Planning:
   Buffers: shared hit=574
 Planning Time: 12.551 ms
 Execution Time: 14232.194 ms
(78 rows)

