                                                                                               QUERY PLAN                                                                                               
--------------------------------------------------------------------------------------------------------------------------------------------------------------------------------------------------------
 Aggregate  (cost=939017.25..939017.26 rows=1 width=8) (actual time=150044.133..150044.145 rows=1 loops=1)
   Buffers: shared hit=12488218 read=2935278, temp read=19987 written=19987
   ->  Nested Loop  (cost=479856.19..939010.50 rows=2700 width=0) (actual time=2098.747..149967.784 rows=404711 loops=1)
         Buffers: shared hit=12488218 read=2935278, temp read=19987 written=19987
         ->  Hash Join  (cost=479855.76..929403.05 rows=4142 width=4) (actual time=2098.464..119946.411 rows=838692 loops=1)
               Hash Cond: (ci.role_id = rt.id)
               Buffers: shared hit=9499920 read=2568808, temp read=19987 written=19987
               ->  Nested Loop  (cost=479854.58..929313.59 rows=24855 width=8) (actual time=2097.779..118011.113 rows=10434307 loops=1)
                     Buffers: shared hit=9499919 read=2568808, temp read=19987 written=19987
                     ->  Nested Loop  (cost=479854.14..853607.72 rows=1734 width=12) (actual time=2097.738..4011.850 rows=632135 loops=1)
                           Buffers: shared hit=3215 read=61697, temp read=19987 written=19987
                           ->  Seq Scan on info_type it2  (cost=0.00..2.41 rows=1 width=4) (actual time=0.024..0.034 rows=1 loops=1)
                                 Filter: (id = 2)
                                 Rows Removed by Filter: 112
                                 Buffers: shared hit=1
                           ->  Nested Loop  (cost=479854.14..853587.96 rows=1734 width=16) (actual time=2097.713..3874.169 rows=632135 loops=1)
                                 Buffers: shared hit=3214 read=61697, temp read=19987 written=19987
                                 ->  Seq Scan on info_type it1  (cost=0.00..2.41 rows=1 width=4) (actual time=0.008..0.021 rows=1 loops=1)
                                       Filter: (id = 3)
                                       Rows Removed by Filter: 112
                                       Buffers: shared hit=1
                                 ->  Hash Join  (cost=479854.14..853568.21 rows=1734 width=20) (actual time=2097.702..3734.640 rows=632135 loops=1)
                                       Hash Cond: (mi1.movie_id = t.id)
                                       Buffers: shared hit=3213 read=61697, temp read=19987 written=19987
                                       ->  Bitmap Heap Scan on movie_info mi1  (cost=16472.50..389809.18 rows=96013 width=8) (actual time=41.294..578.704 rows=901167 loops=1)
                                             Recheck Cond: (info_type_id = 3)
                                             Filter: ((info)::text = ANY ('{Adventure,Biography,Comedy,Documentary,Family,History,Music,Mystery,Short,Thriller}'::text[]))
                                             Rows Removed by Filter: 632742
                                             Heap Blocks: exact=9772
                                             Buffers: shared hit=1 read=10974
                                             ->  Bitmap Index Scan on info_type_id_movie_info  (cost=0.00..16448.47 rows=1538671 width=0) (actual time=40.105..40.105 rows=1533909 loops=1)
                                                   Index Cond: (info_type_id = 3)
                                                   Buffers: shared read=1203
                                       ->  Hash  (cost=462810.85..462810.85 rows=45664 width=12) (actual time=2056.010..2056.016 rows=982641 loops=1)
                                             Buckets: 262144 (originally 65536)  Batches: 8 (originally 1)  Memory Usage: 7320kB
                                             Buffers: shared hit=3212 read=50723, temp read=11838 written=15193
                                             ->  Hash Join  (cost=114705.11..462810.85 rows=45664 width=12) (actual time=1013.886..1904.634 rows=982641 loops=1)
                                                   Hash Cond: (mi2.movie_id = t.id)
                                                   Buffers: shared hit=3212 read=50723, temp read=11838 written=11838
                                                   ->  Bitmap Heap Scan on movie_info mi2  (cost=13885.07..356265.51 rows=114308 width=8) (actual time=34.894..372.405 rows=1288928 loops=1)
                                                         Recheck Cond: (info_type_id = 2)
                                                         Filter: ((info)::text = ANY ('{"Black and White",Color}'::text[]))
                                                         Heap Blocks: exact=16526
                                                         Buffers: shared hit=3211 read=14332
                                                         ->  Bitmap Index Scan on info_type_id_movie_info  (cost=0.00..13856.49 rows=1296008 width=0) (actual time=32.704..32.705 rows=1288928 loops=1)
                                                               Index Cond: (info_type_id = 2)
                                                               Buffers: shared hit=1 read=1016
                                                   ->  Hash  (cost=84248.88..84248.88 rows=1010013 width=4) (actual time=977.778..977.782 rows=2148656 loops=1)
                                                         Buckets: 262144 (originally 262144)  Batches: 16 (originally 8)  Memory Usage: 6773kB
                                                         Buffers: shared hit=1 read=36391, temp written=5895
                                                         ->  Hash Join  (cost=1.13..84248.88 rows=1010013 width=4) (actual time=0.054..697.463 rows=2148656 loops=1)
                                                               Hash Cond: (t.kind_id = kt.id)
                                                               Buffers: shared hit=1 read=36391
                                                               ->  Seq Scan on title t  (cost=0.00..74315.95 rows=2356696 width=8) (actual time=0.027..436.728 rows=2352201 loops=1)
                                                                     Filter: ((production_year <= 2015) AND (1925 < production_year))
                                                                     Rows Removed by Filter: 176111
                                                                     Buffers: shared read=36391
                                                               ->  Hash  (cost=1.10..1.10 rows=3 width=4) (actual time=0.013..0.015 rows=3 loops=1)
                                                                     Buckets: 1024  Batches: 1  Memory Usage: 9kB
                                                                     Buffers: shared hit=1
                                                                     ->  Seq Scan on kind_type kt  (cost=0.00..1.10 rows=3 width=4) (actual time=0.008..0.009 rows=3 loops=1)
                                                                           Filter: ((kind)::text = ANY ('{episode,movie,"video movie"}'::text[]))
                                                                           Rows Removed by Filter: 4
                                                                           Buffers: shared hit=1
                     ->  Index Scan using movie_id_cast_info on cast_info ci  (cost=0.44..43.28 rows=38 width=12) (actual time=0.035..0.176 rows=17 loops=632135)
                           Index Cond: (movie_id = t.id)
                           Buffers: shared hit=9496704 read=2507111
               ->  Hash  (cost=1.15..1.15 rows=2 width=4) (actual time=0.030..0.031 rows=2 loops=1)
                     Buckets: 1024  Batches: 1  Memory Usage: 9kB
                     Buffers: shared hit=1
                     ->  Seq Scan on role_type rt  (cost=0.00..1.15 rows=2 width=4) (actual time=0.021..0.022 rows=2 loops=1)
                           Filter: ((role)::text = ANY ('{"costume designer",writer}'::text[]))
                           Rows Removed by Filter: 10
                           Buffers: shared hit=1
         ->  Index Scan using name_pkey on name n  (cost=0.43..2.32 rows=1 width=4) (actual time=0.035..0.035 rows=0 loops=838692)
               Index Cond: (id = ci.person_id)
               Filter: ((gender)::text = ANY ('{f,m}'::text[]))
               Rows Removed by Filter: 1
               Buffers: shared hit=2988298 read=366470
 Planning:
   Buffers: shared hit=484 read=93
 Planning Time: 13.188 ms
 Execution Time: 150044.882 ms
(83 rows)

