                                                                                            QUERY PLAN                                                                                            
--------------------------------------------------------------------------------------------------------------------------------------------------------------------------------------------------
 Aggregate  (cost=735631.05..735631.06 rows=1 width=8) (actual time=1889.443..1889.449 rows=1 loops=1)
   Buffers: shared hit=80172 read=61567, temp read=1118 written=1118
   ->  Nested Loop  (cost=487110.39..735630.86 rows=77 width=0) (actual time=962.826..1889.337 rows=552 loops=1)
         Buffers: shared hit=80172 read=61567, temp read=1118 written=1118
         ->  Seq Scan on info_type it2  (cost=0.00..2.41 rows=1 width=4) (actual time=0.044..0.048 rows=1 loops=1)
               Filter: (id = 2)
               Rows Removed by Filter: 112
               Buffers: shared hit=1
         ->  Nested Loop  (cost=487110.39..735627.67 rows=77 width=4) (actual time=962.780..1889.216 rows=552 loops=1)
               Buffers: shared hit=80171 read=61567, temp read=1118 written=1118
               ->  Seq Scan on info_type it1  (cost=0.00..2.41 rows=1 width=4) (actual time=0.009..0.015 rows=1 loops=1)
                     Filter: (id = 3)
                     Rows Removed by Filter: 112
                     Buffers: shared hit=1
               ->  Nested Loop  (cost=487110.39..735624.49 rows=77 width=8) (actual time=962.770..1889.113 rows=552 loops=1)
                     Join Filter: (t.id = mi2.movie_id)
                     Buffers: shared hit=80170 read=61567, temp read=1118 written=1118
                     ->  Nested Loop  (cost=487109.95..644194.37 rows=2173 width=16) (actual time=962.708..1835.617 rows=556 loops=1)
                           Buffers: shared hit=77474 read=57880, temp read=1118 written=1118
                           ->  Hash Join  (cost=487109.52..622492.94 rows=9356 width=20) (actual time=962.080..1353.720 rows=20229 loops=1)
                                 Hash Cond: (ci.movie_id = t.id)
                                 Buffers: shared hit=6787 read=47651, temp read=1118 written=1118
                                 ->  Nested Loop  (cost=0.44..123965.00 rows=3020080 width=8) (actual time=0.103..280.500 rows=1093558 loops=1)
                                       Buffers: shared hit=2924 read=4147
                                       ->  Seq Scan on role_type rt  (cost=0.00..1.15 rows=1 width=4) (actual time=0.009..0.011 rows=1 loops=1)
                                             Filter: ((role)::text = 'editor'::text)
                                             Rows Removed by Filter: 11
                                             Buffers: shared hit=1
                                       ->  Index Scan using role_id_cast_info on cast_info ci  (cost=0.44..91017.52 rows=3294633 width=12) (actual time=0.092..187.912 rows=1093558 loops=1)
                                             Index Cond: (role_id = rt.id)
                                             Buffers: shared hit=2923 read=4147
                                 ->  Hash  (cost=487011.17..487011.17 rows=7833 width=12) (actual time=961.808..961.813 rows=36970 loops=1)
                                       Buckets: 65536 (originally 8192)  Batches: 1 (originally 1)  Memory Usage: 2101kB
                                       Buffers: shared hit=3863 read=43504, temp read=1118 written=1118
                                       ->  Hash Join  (cost=110370.72..487011.17 rows=7833 width=12) (actual time=589.242..955.855 rows=36970 loops=1)
                                             Hash Cond: (mi1.movie_id = t.id)
                                             Buffers: shared hit=3863 read=43504, temp read=1118 written=1118
                                             ->  Bitmap Heap Scan on movie_info mi1  (cost=16455.10..389791.78 rows=26516 width=8) (actual time=41.300..343.552 rows=253230 loops=1)
                                                   Recheck Cond: (info_type_id = 3)
                                                   Filter: ((info)::text = ANY ('{Biography,Comedy,Music,Mystery}'::text[]))
                                                   Rows Removed by Filter: 1280679
                                                   Heap Blocks: exact=9772
                                                   Buffers: shared hit=697 read=10278
                                                   ->  Bitmap Index Scan on info_type_id_movie_info  (cost=0.00..16448.47 rows=1538671 width=0) (actual time=40.104..40.104 rows=1533909 loops=1)
                                                         Index Cond: (info_type_id = 3)
                                                         Buffers: shared read=1203
                                             ->  Hash  (cost=81661.50..81661.50 rows=746890 width=4) (actual time=546.868..546.870 rows=138444 loops=1)
                                                   Buckets: 262144  Batches: 8  Memory Usage: 2656kB
                                                   Buffers: shared hit=3166 read=33226, temp written=350
                                                   ->  Hash Join  (cost=1.13..81661.50 rows=746890 width=4) (actual time=0.049..526.234 rows=138444 loops=1)
                                                         Hash Cond: (t.kind_id = kt.id)
                                                         Buffers: shared hit=3166 read=33226
                                                         ->  Seq Scan on title t  (cost=0.00..74315.95 rows=1742744 width=8) (actual time=0.024..424.519 rows=1748995 loops=1)
                                                               Filter: ((production_year <= 2015) AND (1990 < production_year))
                                                               Rows Removed by Filter: 779317
                                                               Buffers: shared hit=3165 read=33226
                                                         ->  Hash  (cost=1.10..1.10 rows=3 width=4) (actual time=0.014..0.015 rows=3 loops=1)
                                                               Buckets: 1024  Batches: 1  Memory Usage: 9kB
                                                               Buffers: shared hit=1
                                                               ->  Seq Scan on kind_type kt  (cost=0.00..1.10 rows=3 width=4) (actual time=0.009..0.010 rows=3 loops=1)
                                                                     Filter: ((kind)::text = ANY ('{"tv movie","tv series","video game"}'::text[]))
                                                                     Rows Removed by Filter: 4
                                                                     Buffers: shared hit=1
                           ->  Index Scan using name_pkey on name n  (cost=0.43..2.32 rows=1 width=4) (actual time=0.024..0.024 rows=0 loops=20229)
                                 Index Cond: (id = ci.person_id)
                                 Filter: ((gender)::text = 'f'::text)
                                 Rows Removed by Filter: 1
                                 Buffers: shared hit=70687 read=10229
                     ->  Index Scan using movie_id_movie_info on movie_info mi2  (cost=0.43..42.06 rows=1 width=8) (actual time=0.080..0.096 rows=1 loops=556)
                           Index Cond: (movie_id = ci.movie_id)
                           Filter: ((info_type_id = 2) AND ((info)::text = 'Color'::text))
                           Rows Removed by Filter: 12
                           Buffers: shared hit=2696 read=3687
 Planning:
   Buffers: shared hit=483 read=91
 Planning Time: 11.716 ms
 Execution Time: 1890.170 ms
(77 rows)

