                                                                                            QUERY PLAN                                                                                            
--------------------------------------------------------------------------------------------------------------------------------------------------------------------------------------------------
 Aggregate  (cost=340979.79..340979.80 rows=1 width=8) (actual time=921.062..921.069 rows=1 loops=1)
   Buffers: shared hit=83004 read=8469
   ->  Nested Loop  (cost=48525.97..340979.79 rows=1 width=0) (actual time=335.006..921.061 rows=1 loops=1)
         Buffers: shared hit=83004 read=8469
         ->  Nested Loop  (cost=48525.97..340977.37 rows=1 width=4) (actual time=335.000..921.047 rows=1 loops=1)
               Buffers: shared hit=83003 read=8469
               ->  Nested Loop  (cost=48525.97..340974.95 rows=1 width=8) (actual time=334.985..921.026 rows=1 loops=1)
                     Join Filter: (t.id = mi2.movie_id)
                     Buffers: shared hit=83002 read=8469
                     ->  Nested Loop  (cost=48525.53..340596.27 rows=9 width=16) (actual time=334.950..920.984 rows=1 loops=1)
                           Join Filter: (t.id = mi1.movie_id)
                           Buffers: shared hit=82991 read=8469
                           ->  Nested Loop  (cost=48525.10..213963.17 rows=3006 width=8) (actual time=261.512..918.457 rows=39 loops=1)
                                 Buffers: shared hit=82777 read=8369
                                 ->  Hash Join  (cost=48524.67..183943.94 rows=12942 width=12) (actual time=181.400..518.081 rows=17861 loops=1)
                                       Hash Cond: (ci.movie_id = t.id)
                                       Buffers: shared hit=13249 read=6453
                                       ->  Nested Loop  (cost=0.44..123965.00 rows=3020080 width=8) (actual time=0.125..238.594 rows=898389 loops=1)
                                             Buffers: shared hit=1423 read=4892
                                             ->  Seq Scan on role_type rt  (cost=0.00..1.15 rows=1 width=4) (actual time=0.024..0.027 rows=1 loops=1)
                                                   Filter: ((role)::text = 'cinematographer'::text)
                                                   Rows Removed by Filter: 11
                                                   Buffers: shared hit=1
                                             ->  Index Scan using role_id_cast_info on cast_info ci  (cost=0.44..91017.52 rows=3294633 width=12) (actual time=0.098..157.399 rows=898389 loops=1)
                                                   Index Cond: (role_id = rt.id)
                                                   Buffers: shared hit=1422 read=4892
                                       ->  Hash  (cost=48388.79..48388.79 rows=10835 width=4) (actual time=181.072..181.074 rows=74873 loops=1)
                                             Buckets: 131072 (originally 16384)  Batches: 1 (originally 1)  Memory Usage: 3657kB
                                             Buffers: shared hit=11826 read=1561
                                             ->  Nested Loop  (cost=4496.00..48388.79 rows=10835 width=4) (actual time=24.527..169.797 rows=74873 loops=1)
                                                   Buffers: shared hit=11826 read=1561
                                                   ->  Seq Scan on kind_type kt  (cost=0.00..1.09 rows=1 width=4) (actual time=0.010..0.013 rows=1 loops=1)
                                                         Filter: ((kind)::text = 'movie'::text)
                                                         Rows Removed by Filter: 6
                                                         Buffers: shared hit=1
                                                   ->  Bitmap Heap Scan on title t  (cost=4496.00..48261.29 rows=12641 width=8) (actual time=24.514..165.207 rows=74873 loops=1)
                                                         Recheck Cond: (kind_id = kt.id)
                                                         Filter: ((production_year <= 1925) AND (1910 < production_year))
                                                         Rows Removed by Filter: 587952
                                                         Heap Blocks: exact=12865
                                                         Buffers: shared hit=11825 read=1561
                                                         ->  Bitmap Index Scan on kind_id_title  (cost=0.00..4492.84 rows=421388 width=0) (actual time=22.232..22.232 rows=662825 loops=1)
                                                               Index Cond: (kind_id = kt.id)
                                                               Buffers: shared read=521
                                 ->  Index Scan using name_pkey on name n  (cost=0.43..2.32 rows=1 width=4) (actual time=0.022..0.022 rows=0 loops=17861)
                                       Index Cond: (id = ci.person_id)
                                       Filter: ((gender)::text = 'f'::text)
                                       Rows Removed by Filter: 1
                                       Buffers: shared hit=69528 read=1916
                           ->  Index Scan using movie_id_movie_info on movie_info mi1  (cost=0.43..42.11 rows=1 width=8) (actual time=0.064..0.064 rows=0 loops=39)
                                 Index Cond: (movie_id = ci.movie_id)
                                 Filter: ((info_type_id = 3) AND ((info)::text = ANY ('{Mystery,Thriller,War}'::text[])))
                                 Rows Removed by Filter: 7
                                 Buffers: shared hit=214 read=100
                     ->  Index Scan using movie_id_movie_info on movie_info mi2  (cost=0.43..42.06 rows=1 width=8) (actual time=0.033..0.038 rows=1 loops=1)
                           Index Cond: (movie_id = ci.movie_id)
                           Filter: ((info_type_id = 2) AND ((info)::text = 'Black and White'::text))
                           Rows Removed by Filter: 13
                           Buffers: shared hit=11
               ->  Seq Scan on info_type it1  (cost=0.00..2.41 rows=1 width=4) (actual time=0.014..0.019 rows=1 loops=1)
                     Filter: (id = 3)
                     Rows Removed by Filter: 112
                     Buffers: shared hit=1
         ->  Seq Scan on info_type it2  (cost=0.00..2.41 rows=1 width=4) (actual time=0.005..0.011 rows=1 loops=1)
               Filter: (id = 2)
               Rows Removed by Filter: 112
               Buffers: shared hit=1
 Planning:
   Buffers: shared hit=530 read=44
 Planning Time: 14.326 ms
 Execution Time: 921.651 ms
(71 rows)

