                                                                                               QUERY PLAN                                                                                               
--------------------------------------------------------------------------------------------------------------------------------------------------------------------------------------------------------
 Aggregate  (cost=516695.40..516695.41 rows=1 width=8) (actual time=7122.730..7122.738 rows=1 loops=1)
   Buffers: shared hit=617598 read=124754
   ->  Nested Loop  (cost=16454.53..516695.37 rows=12 width=0) (actual time=52.580..7122.295 rows=1183 loops=1)
         Buffers: shared hit=617598 read=124754
         ->  Seq Scan on info_type it2  (cost=0.00..2.41 rows=1 width=4) (actual time=0.035..0.045 rows=1 loops=1)
               Filter: (id = 2)
               Rows Removed by Filter: 112
               Buffers: shared hit=1
         ->  Nested Loop  (cost=16454.53..516692.84 rows=12 width=4) (actual time=52.543..7121.955 rows=1183 loops=1)
               Buffers: shared hit=617597 read=124754
               ->  Seq Scan on info_type it1  (cost=0.00..2.41 rows=1 width=4) (actual time=0.013..0.024 rows=1 loops=1)
                     Filter: (id = 3)
                     Rows Removed by Filter: 112
                     Buffers: shared hit=1
               ->  Nested Loop  (cost=16454.53..516690.30 rows=12 width=8) (actual time=52.526..7121.588 rows=1183 loops=1)
                     Buffers: shared hit=617596 read=124754
                     ->  Hash Join  (cost=16454.10..516623.04 rows=29 width=12) (actual time=52.450..7024.216 rows=2355 loops=1)
                           Hash Cond: (ci.role_id = rt.id)
                           Buffers: shared hit=611557 read=121373
                           ->  Nested Loop  (cost=16452.94..516620.65 rows=344 width=16) (actual time=52.104..7017.356 rows=32978 loops=1)
                                 Buffers: shared hit=611556 read=121373
                                 ->  Nested Loop  (cost=16452.50..515571.00 rows=24 width=20) (actual time=52.073..6555.046 rows=1943 loops=1)
                                       Buffers: shared hit=597779 read=97966
                                       ->  Hash Join  (cost=16452.07..414399.04 rows=2394 width=12) (actual time=43.303..3087.896 rows=34370 loops=1)
                                             Hash Cond: (t.kind_id = kt.id)
                                             Buffers: shared hit=300466 read=17402
                                             ->  Nested Loop  (cost=16450.93..414374.37 rows=5586 width=16) (actual time=42.278..3071.780 rows=44521 loops=1)
                                                   Buffers: shared hit=300465 read=17402
                                                   ->  Bitmap Heap Scan on movie_info mi1  (cost=16450.49..359568.08 rows=8104 width=8) (actual time=42.235..534.298 rows=77315 loops=1)
                                                         Recheck Cond: (info_type_id = 3)
                                                         Filter: ((info)::text = ANY ('{Animation,Crime}'::text[]))
                                                         Rows Removed by Filter: 1456594
                                                         Heap Blocks: exact=9772
                                                         Buffers: shared hit=848 read=10127
                                                         ->  Bitmap Index Scan on info_type_id_movie_info  (cost=0.00..16448.47 rows=1538671 width=0) (actual time=41.022..41.022 rows=1533909 loops=1)
                                                               Index Cond: (info_type_id = 3)
                                                               Buffers: shared read=1203
                                                   ->  Memoize  (cost=0.44..6.82 rows=1 width=8) (actual time=0.032..0.032 rows=1 loops=77315)
                                                         Cache Key: mi1.movie_id
                                                         Cache Mode: logical
                                                         Hits: 592  Misses: 76723  Evictions: 0  Overflows: 0  Memory Usage: 6817kB
                                                         Buffers: shared hit=299617 read=7275
                                                         ->  Index Scan using title_pkey on title t  (cost=0.43..6.81 rows=1 width=8) (actual time=0.032..0.032 rows=1 loops=76723)
                                                               Index Cond: (id = mi1.movie_id)
                                                               Filter: ((production_year <= 2015) AND (1990 < production_year))
                                                               Rows Removed by Filter: 0
                                                               Buffers: shared hit=299617 read=7275
                                             ->  Hash  (cost=1.10..1.10 rows=3 width=4) (actual time=0.021..0.022 rows=3 loops=1)
                                                   Buckets: 1024  Batches: 1  Memory Usage: 9kB
                                                   Buffers: shared hit=1
                                                   ->  Seq Scan on kind_type kt  (cost=0.00..1.10 rows=3 width=4) (actual time=0.009..0.011 rows=3 loops=1)
                                                         Filter: ((kind)::text = ANY ('{episode,movie,"video movie"}'::text[]))
                                                         Rows Removed by Filter: 4
                                                         Buffers: shared hit=1
                                       ->  Index Scan using movie_id_movie_info on movie_info mi2  (cost=0.43..42.25 rows=1 width=8) (actual time=0.100..0.100 rows=0 loops=34370)
                                             Index Cond: (movie_id = t.id)
                                             Filter: ((info_type_id = 2) AND ((info)::text = 'Black and White'::text))
                                             Rows Removed by Filter: 19
                                             Buffers: shared hit=297313 read=80564
                                 ->  Index Scan using movie_id_cast_info on cast_info ci  (cost=0.44..43.36 rows=38 width=12) (actual time=0.042..0.233 rows=17 loops=1943)
                                       Index Cond: (movie_id = t.id)
                                       Buffers: shared hit=13777 read=23407
                           ->  Hash  (cost=1.15..1.15 rows=1 width=4) (actual time=0.017..0.017 rows=1 loops=1)
                                 Buckets: 1024  Batches: 1  Memory Usage: 9kB
                                 Buffers: shared hit=1
                                 ->  Seq Scan on role_type rt  (cost=0.00..1.15 rows=1 width=4) (actual time=0.009..0.011 rows=1 loops=1)
                                       Filter: ((role)::text = 'writer'::text)
                                       Rows Removed by Filter: 11
                                       Buffers: shared hit=1
                     ->  Index Scan using name_pkey on name n  (cost=0.43..2.32 rows=1 width=4) (actual time=0.041..0.041 rows=1 loops=2355)
                           Index Cond: (id = ci.person_id)
                           Filter: ((gender)::text = 'm'::text)
                           Rows Removed by Filter: 0
                           Buffers: shared hit=6039 read=3381
 Planning:
   Buffers: shared hit=528 read=46
 Planning Time: 13.938 ms
 Execution Time: 7124.772 ms
(78 rows)

