                                                                                            QUERY PLAN                                                                                            
--------------------------------------------------------------------------------------------------------------------------------------------------------------------------------------------------
 Aggregate  (cost=584317.43..584317.44 rows=1 width=8) (actual time=28291.599..28291.607 rows=1 loops=1)
   Buffers: shared hit=2317183 read=601394, temp read=1190 written=1190
   ->  Nested Loop  (cost=95185.30..584317.35 rows=32 width=0) (actual time=533.725..28253.849 rows=247051 loops=1)
         Buffers: shared hit=2317183 read=601394, temp read=1190 written=1190
         ->  Seq Scan on info_type it2  (cost=0.00..2.41 rows=1 width=4) (actual time=0.035..0.045 rows=1 loops=1)
               Filter: (id = 2)
               Rows Removed by Filter: 112
               Buffers: shared hit=1
         ->  Nested Loop  (cost=95185.30..584314.62 rows=32 width=4) (actual time=533.688..28208.301 rows=247051 loops=1)
               Buffers: shared hit=2317182 read=601394, temp read=1190 written=1190
               ->  Seq Scan on info_type it1  (cost=0.00..2.41 rows=1 width=4) (actual time=0.009..0.022 rows=1 loops=1)
                     Filter: (id = 3)
                     Rows Removed by Filter: 112
                     Buffers: shared hit=1
               ->  Nested Loop  (cost=95185.30..584311.89 rows=32 width=8) (actual time=533.675..28161.253 rows=247051 loops=1)
                     Buffers: shared hit=2317181 read=601394, temp read=1190 written=1190
                     ->  Hash Join  (cost=95184.87..583994.11 rows=137 width=12) (actual time=533.647..19829.547 rows=247202 loops=1)
                           Hash Cond: (ci.role_id = rt.id)
                           Buffers: shared hit=1359394 read=570373, temp read=1190 written=1190
                           ->  Nested Loop  (cost=95183.70..583987.10 rows=1648 width=16) (actual time=533.501..19566.723 rows=1305261 loops=1)
                                 Buffers: shared hit=1359393 read=570373, temp read=1190 written=1190
                                 ->  Nested Loop  (cost=95183.26..578842.05 rows=115 width=20) (actual time=533.470..5957.778 rows=39635 loops=1)
                                       Buffers: shared hit=355820 read=176662, temp read=1190 written=1190
                                       ->  Hash Join  (cost=95182.83..469645.52 rows=2543 width=12) (actual time=533.425..1228.006 rows=40030 loops=1)
                                             Hash Cond: (mi1.movie_id = t.id)
                                             Buffers: shared hit=11315 read=36052, temp read=1190 written=1190
                                             ->  Bitmap Heap Scan on movie_info mi1  (cost=16458.07..389794.75 rows=38289 width=8) (actual time=41.576..507.997 rows=402866 loops=1)
                                                   Recheck Cond: (info_type_id = 3)
                                                   Filter: ((info)::text = ANY ('{Biography,Drama,Fantasy,Game-Show,History,Horror,Musical,Mystery,News,Sport,War}'::text[]))
                                                   Rows Removed by Filter: 1131043
                                                   Heap Blocks: exact=9772
                                                   Buffers: shared hit=52 read=10923
                                                   ->  Bitmap Index Scan on info_type_id_movie_info  (cost=0.00..16448.47 rows=1538671 width=0) (actual time=40.370..40.370 rows=1533909 loops=1)
                                                         Index Cond: (info_type_id = 3)
                                                         Buffers: shared read=1203
                                             ->  Hash  (cost=75968.50..75968.50 rows=167941 width=4) (actual time=490.769..490.772 rows=342123 loops=1)
                                                   Buckets: 262144  Batches: 2  Memory Usage: 8082kB
                                                   Buffers: shared hit=11263 read=25129, temp written=499
                                                   ->  Hash Join  (cost=1.13..75968.50 rows=167941 width=4) (actual time=0.043..434.341 rows=342123 loops=1)
                                                         Hash Cond: (t.kind_id = kt.id)
                                                         Buffers: shared hit=11263 read=25129
                                                         ->  Seq Scan on title t  (cost=0.00..74315.95 rows=391862 width=8) (actual time=0.022..390.864 rows=386415 loops=1)
                                                               Filter: ((production_year <= 1997) AND (1981 < production_year))
                                                               Rows Removed by Filter: 2141897
                                                               Buffers: shared hit=11262 read=25129
                                                         ->  Hash  (cost=1.10..1.10 rows=3 width=4) (actual time=0.013..0.014 rows=3 loops=1)
                                                               Buckets: 1024  Batches: 1  Memory Usage: 9kB
                                                               Buffers: shared hit=1
                                                               ->  Seq Scan on kind_type kt  (cost=0.00..1.10 rows=3 width=4) (actual time=0.008..0.009 rows=3 loops=1)
                                                                     Filter: ((kind)::text = ANY ('{episode,movie,"tv movie"}'::text[]))
                                                                     Rows Removed by Filter: 4
                                                                     Buffers: shared hit=1
                                       ->  Index Scan using movie_id_movie_info on movie_info mi2  (cost=0.43..42.93 rows=1 width=8) (actual time=0.099..0.117 rows=1 loops=40030)
                                             Index Cond: (movie_id = t.id)
                                             Filter: (((info)::text = ANY ('{"Black and White",Color}'::text[])) AND (info_type_id = 2))
                                             Rows Removed by Filter: 22
                                             Buffers: shared hit=344505 read=140610
                                 ->  Index Scan using movie_id_cast_info on cast_info ci  (cost=0.44..44.36 rows=38 width=12) (actual time=0.037..0.334 rows=33 loops=39635)
                                       Index Cond: (movie_id = t.id)
                                       Buffers: shared hit=1003573 read=393711
                           ->  Hash  (cost=1.15..1.15 rows=1 width=4) (actual time=0.017..0.017 rows=1 loops=1)
                                 Buckets: 1024  Batches: 1  Memory Usage: 9kB
                                 Buffers: shared hit=1
                                 ->  Seq Scan on role_type rt  (cost=0.00..1.15 rows=1 width=4) (actual time=0.009..0.011 rows=1 loops=1)
                                       Filter: ((role)::text = 'actress'::text)
                                       Rows Removed by Filter: 11
                                       Buffers: shared hit=1
                     ->  Index Scan using name_pkey on name n  (cost=0.43..2.32 rows=1 width=4) (actual time=0.033..0.033 rows=1 loops=247202)
                           Index Cond: (id = ci.person_id)
                           Filter: ((gender)::text = 'f'::text)
                           Rows Removed by Filter: 0
                           Buffers: shared hit=957787 read=31021
 Planning:
   Buffers: shared hit=522 read=55
 Planning Time: 13.515 ms
 Execution Time: 28292.240 ms
(76 rows)

