                                                                                               QUERY PLAN                                                                                               
--------------------------------------------------------------------------------------------------------------------------------------------------------------------------------------------------------
 Aggregate  (cost=971670.87..971670.88 rows=1 width=8) (actual time=189611.659..189611.670 rows=1 loops=1)
   Buffers: shared hit=16338507 read=3385730, temp read=12452 written=12452
   ->  Nested Loop  (cost=472680.16..971669.12 rows=698 width=0) (actual time=1612.575..189532.434 rows=384335 loops=1)
         Buffers: shared hit=16338507 read=3385730, temp read=12452 written=12452
         ->  Seq Scan on info_type it2  (cost=0.00..2.41 rows=1 width=4) (actual time=0.037..0.047 rows=1 loops=1)
               Filter: (id = 2)
               Rows Removed by Filter: 112
               Buffers: shared hit=1
         ->  Nested Loop  (cost=472680.16..971659.73 rows=698 width=4) (actual time=1612.537..189454.168 rows=384335 loops=1)
               Buffers: shared hit=16338506 read=3385730, temp read=12452 written=12452
               ->  Seq Scan on info_type it1  (cost=0.00..2.41 rows=1 width=4) (actual time=0.008..0.021 rows=1 loops=1)
                     Filter: (id = 3)
                     Rows Removed by Filter: 112
                     Buffers: shared hit=1
               ->  Nested Loop  (cost=472680.16..971650.34 rows=698 width=8) (actual time=1612.525..189368.731 rows=384335 loops=1)
                     Buffers: shared hit=16338505 read=3385730, temp read=12452 written=12452
                     ->  Hash Join  (cost=472679.73..967790.66 rows=1664 width=12) (actual time=1612.491..158429.894 rows=850741 loops=1)
                           Hash Cond: (ci.role_id = rt.id)
                           Buffers: shared hit=13357194 read=2964077, temp read=12452 written=12452
                           ->  Nested Loop  (cost=472678.56..967718.57 rows=19967 width=16) (actual time=1612.417..155818.973 rows=14296056 loops=1)
                                 Buffers: shared hit=13357193 read=2964077, temp read=12452 written=12452
                                 ->  Hash Join  (cost=472678.12..906900.64 rows=1393 width=20) (actual time=1612.374..3607.437 rows=794357 loops=1)
                                       Hash Cond: (mi1.movie_id = t.id)
                                       Buffers: shared hit=2649 read=62261, temp read=12452 written=12452
                                       ->  Bitmap Heap Scan on movie_info mi1  (cost=16477.38..450252.26 rows=115657 width=8) (actual time=42.943..862.786 rows=1116192 loops=1)
                                             Recheck Cond: (info_type_id = 3)
                                             Filter: ((info)::text = ANY ('{Action,Animation,Comedy,Documentary,Drama,Horror,Romance,Short}'::text[]))
                                             Rows Removed by Filter: 417717
                                             Heap Blocks: exact=9772
                                             Buffers: shared hit=1 read=10974
                                             ->  Bitmap Index Scan on info_type_id_movie_info  (cost=0.00..16448.47 rows=1538671 width=0) (actual time=41.751..41.751 rows=1533909 loops=1)
                                                   Index Cond: (info_type_id = 3)
                                                   Buffers: shared read=1203
                                       ->  Hash  (cost=455820.22..455820.22 rows=30442 width=12) (actual time=1530.218..1530.223 rows=635134 loops=1)
                                             Buckets: 262144 (originally 32768)  Batches: 8 (originally 1)  Memory Usage: 6145kB
                                             Buffers: shared hit=2648 read=51287, temp read=5581 written=7749
                                             ->  Hash Join  (cost=109181.70..455820.22 rows=30442 width=12) (actual time=944.895..1428.294 rows=635134 loops=1)
                                                   Hash Cond: (mi2.movie_id = t.id)
                                                   Buffers: shared hit=2648 read=51287, temp read=5581 written=5581
                                                   ->  Bitmap Heap Scan on movie_info mi2  (cost=13885.07..356265.51 rows=114308 width=8) (actual time=34.890..372.133 rows=1288928 loops=1)
                                                         Recheck Cond: (info_type_id = 2)
                                                         Filter: ((info)::text = ANY ('{"Black and White",Color}'::text[]))
                                                         Heap Blocks: exact=16526
                                                         Buffers: shared hit=2647 read=14896
                                                         ->  Bitmap Index Scan on info_type_id_movie_info  (cost=0.00..13856.49 rows=1296008 width=0) (actual time=32.697..32.697 rows=1288928 loops=1)
                                                               Index Cond: (info_type_id = 2)
                                                               Buffers: shared hit=1 read=1016
                                                   ->  Hash  (cost=84248.85..84248.85 rows=673342 width=4) (actual time=685.211..685.214 rows=670219 loops=1)
                                                         Buckets: 262144  Batches: 8  Memory Usage: 4993kB
                                                         Buffers: shared hit=1 read=36391, temp written=1716
                                                         ->  Hash Join  (cost=1.11..84248.85 rows=673342 width=4) (actual time=21.290..596.957 rows=670219 loops=1)
                                                               Hash Cond: (t.kind_id = kt.id)
                                                               Buffers: shared hit=1 read=36391
                                                               ->  Seq Scan on title t  (cost=0.00..74315.95 rows=2356696 width=8) (actual time=0.029..430.557 rows=2352201 loops=1)
                                                                     Filter: ((production_year <= 2015) AND (1925 < production_year))
                                                                     Rows Removed by Filter: 176111
                                                                     Buffers: shared read=36391
                                                               ->  Hash  (cost=1.09..1.09 rows=2 width=4) (actual time=0.013..0.015 rows=2 loops=1)
                                                                     Buckets: 1024  Batches: 1  Memory Usage: 9kB
                                                                     Buffers: shared hit=1
                                                                     ->  Seq Scan on kind_type kt  (cost=0.00..1.09 rows=2 width=4) (actual time=0.007..0.009 rows=2 loops=1)
                                                                           Filter: ((kind)::text = ANY ('{movie,"video movie"}'::text[]))
                                                                           Rows Removed by Filter: 5
                                                                           Buffers: shared hit=1
                                 ->  Index Scan using movie_id_cast_info on cast_info ci  (cost=0.44..43.28 rows=38 width=12) (actual time=0.034..0.186 rows=18 loops=794357)
                                       Index Cond: (movie_id = t.id)
                                       Buffers: shared hit=13354544 read=2901816
                           ->  Hash  (cost=1.15..1.15 rows=1 width=4) (actual time=0.021..0.022 rows=1 loops=1)
                                 Buckets: 1024  Batches: 1  Memory Usage: 9kB
                                 Buffers: shared hit=1
                                 ->  Seq Scan on role_type rt  (cost=0.00..1.15 rows=1 width=4) (actual time=0.009..0.010 rows=1 loops=1)
                                       Filter: ((role)::text = 'director'::text)
                                       Rows Removed by Filter: 11
                                       Buffers: shared hit=1
                     ->  Index Scan using name_pkey on name n  (cost=0.43..2.32 rows=1 width=4) (actual time=0.036..0.036 rows=0 loops=850741)
                           Index Cond: (id = ci.person_id)
                           Filter: ((gender)::text = 'm'::text)
                           Rows Removed by Filter: 1
                           Buffers: shared hit=2981311 read=421653
 Planning:
   Buffers: shared hit=480 read=94
 Planning Time: 13.680 ms
 Execution Time: 189612.550 ms
(83 rows)

