                                                                                               QUERY PLAN                                                                                               
--------------------------------------------------------------------------------------------------------------------------------------------------------------------------------------------------------
 Aggregate  (cost=434878.37..434878.38 rows=1 width=8) (actual time=1801.625..1801.631 rows=1 loops=1)
   Buffers: shared hit=139782 read=44481
   ->  Nested Loop  (cost=74992.35..434878.36 rows=5 width=0) (actual time=486.707..1801.610 rows=30 loops=1)
         Buffers: shared hit=139782 read=44481
         ->  Seq Scan on info_type it2  (cost=0.00..2.41 rows=1 width=4) (actual time=0.044..0.052 rows=1 loops=1)
               Filter: (id = 2)
               Rows Removed by Filter: 112
               Buffers: shared hit=1
         ->  Nested Loop  (cost=74992.35..434875.89 rows=5 width=4) (actual time=486.661..1801.550 rows=30 loops=1)
               Buffers: shared hit=139781 read=44481
               ->  Seq Scan on info_type it1  (cost=0.00..2.41 rows=1 width=4) (actual time=0.009..0.017 rows=1 loops=1)
                     Filter: (id = 3)
                     Rows Removed by Filter: 112
                     Buffers: shared hit=1
               ->  Nested Loop  (cost=74992.35..434873.43 rows=5 width=8) (actual time=486.650..1801.523 rows=30 loops=1)
                     Join Filter: (t.id = mi2.movie_id)
                     Buffers: shared hit=139780 read=44481
                     ->  Nested Loop  (cost=74991.92..429950.59 rows=117 width=16) (actual time=486.611..1798.819 rows=30 loops=1)
                           Join Filter: (t.id = mi1.movie_id)
                           Buffers: shared hit=139488 read=44481
                           ->  Nested Loop  (cost=74991.48..249808.23 rows=4271 width=8) (actual time=486.482..1795.737 rows=39 loops=1)
                                 Buffers: shared hit=139218 read=44365
                                 ->  Hash Join  (cost=74991.05..207154.58 rows=18389 width=12) (actual time=380.691..853.546 rows=35219 loops=1)
                                       Hash Cond: (t.kind_id = kt.id)
                                       Buffers: shared hit=1313 read=41394
                                       ->  Hash Join  (cost=74989.94..206882.22 rows=64364 width=16) (actual time=380.641..844.413 rows=35231 loops=1)
                                             Hash Cond: (ci.movie_id = t.id)
                                             Buffers: shared hit=1312 read=41394
                                             ->  Nested Loop  (cost=0.44..123965.00 rows=3020080 width=8) (actual time=0.098..328.305 rows=898389 loops=1)
                                                   Buffers: shared hit=1312 read=5003
                                                   ->  Seq Scan on role_type rt  (cost=0.00..1.15 rows=1 width=4) (actual time=0.009..0.012 rows=1 loops=1)
                                                         Filter: ((role)::text = 'cinematographer'::text)
                                                         Rows Removed by Filter: 11
                                                         Buffers: shared hit=1
                                                   ->  Index Scan using role_id_cast_info on cast_info ci  (cost=0.44..91017.52 rows=3294633 width=12) (actual time=0.087..214.353 rows=898389 loops=1)
                                                         Index Cond: (role_id = rt.id)
                                                         Buffers: shared hit=1311 read=5003
                                             ->  Hash  (cost=74315.95..74315.95 rows=53884 width=8) (actual time=379.945..379.945 rows=51669 loops=1)
                                                   Buckets: 65536  Batches: 1  Memory Usage: 2531kB
                                                   Buffers: shared read=36391
                                                   ->  Seq Scan on title t  (cost=0.00..74315.95 rows=53884 width=8) (actual time=0.562..369.723 rows=51669 loops=1)
                                                         Filter: ((production_year <= 1949) AND (1928 < production_year))
                                                         Rows Removed by Filter: 2476643
                                                         Buffers: shared read=36391
                                       ->  Hash  (cost=1.09..1.09 rows=2 width=4) (actual time=0.021..0.022 rows=2 loops=1)
                                             Buckets: 1024  Batches: 1  Memory Usage: 9kB
                                             Buffers: shared hit=1
                                             ->  Seq Scan on kind_type kt  (cost=0.00..1.09 rows=2 width=4) (actual time=0.010..0.012 rows=2 loops=1)
                                                   Filter: ((kind)::text = ANY ('{episode,movie}'::text[]))
                                                   Rows Removed by Filter: 5
                                                   Buffers: shared hit=1
                                 ->  Index Scan using name_pkey on name n  (cost=0.43..2.32 rows=1 width=4) (actual time=0.026..0.026 rows=0 loops=35219)
                                       Index Cond: (id = ci.person_id)
                                       Filter: ((gender)::text = 'f'::text)
                                       Rows Removed by Filter: 1
                                       Buffers: shared hit=137905 read=2971
                           ->  Index Scan using movie_id_movie_info on movie_info mi1  (cost=0.43..42.17 rows=1 width=8) (actual time=0.078..0.078 rows=1 loops=39)
                                 Index Cond: (movie_id = ci.movie_id)
                                 Filter: ((info_type_id = 3) AND ((info)::text = ANY ('{Animation,Drama,Romance,Short}'::text[])))
                                 Rows Removed by Filter: 8
                                 Buffers: shared hit=270 read=116
                     ->  Index Scan using movie_id_movie_info on movie_info mi2  (cost=0.43..42.06 rows=1 width=8) (actual time=0.083..0.089 rows=1 loops=30)
                           Index Cond: (movie_id = ci.movie_id)
                           Filter: (((info)::text = ANY ('{"Black and White",Color}'::text[])) AND (info_type_id = 2))
                           Rows Removed by Filter: 8
                           Buffers: shared hit=292
 Planning:
   Buffers: shared hit=485 read=89
 Planning Time: 13.083 ms
 Execution Time: 1802.183 ms
(70 rows)

