                                                                                               QUERY PLAN                                                                                               
--------------------------------------------------------------------------------------------------------------------------------------------------------------------------------------------------------
 Aggregate  (cost=941203.21..941203.22 rows=1 width=8) (actual time=21394.947..21394.958 rows=1 loops=1)
   Buffers: shared hit=1727533 read=408930, temp read=4215 written=4215
   ->  Nested Loop  (cost=471651.26..941200.65 rows=1027 width=0) (actual time=1258.140..21385.912 rows=50965 loops=1)
         Buffers: shared hit=1727533 read=408930, temp read=4215 written=4215
         ->  Seq Scan on info_type it2  (cost=0.00..2.41 rows=1 width=4) (actual time=0.048..0.060 rows=1 loops=1)
               Filter: (id = 2)
               Rows Removed by Filter: 112
               Buffers: shared hit=1
         ->  Nested Loop  (cost=471651.26..941187.96 rows=1027 width=4) (actual time=1258.090..21377.096 rows=50965 loops=1)
               Buffers: shared hit=1727532 read=408930, temp read=4215 written=4215
               ->  Seq Scan on info_type it1  (cost=0.00..2.41 rows=1 width=4) (actual time=0.009..0.022 rows=1 loops=1)
                     Filter: (id = 3)
                     Rows Removed by Filter: 112
                     Buffers: shared hit=1
               ->  Nested Loop  (cost=471651.26..941175.28 rows=1027 width=8) (actual time=1258.078..21367.624 rows=50965 loops=1)
                     Buffers: shared hit=1727531 read=408930, temp read=4215 written=4215
                     ->  Hash Join  (cost=471650.83..935494.78 rows=2449 width=12) (actual time=1258.040..15413.352 rows=175085 loops=1)
                           Hash Cond: (ci.role_id = rt.id)
                           Buffers: shared hit=1069430 read=366691, temp read=4215 written=4215
                           ->  Nested Loop  (cost=471649.66..935441.42 rows=14692 width=16) (actual time=1257.876..15199.099 rows=1231561 loops=1)
                                 Buffers: shared hit=1069429 read=366691, temp read=4215 written=4215
                                 ->  Hash Join  (cost=471649.22..890612.48 rows=1025 width=20) (actual time=1257.819..2239.115 rows=58448 loops=1)
                                       Hash Cond: (mi1.movie_id = t.id)
                                       Buffers: shared hit=15824 read=49086, temp read=4215 written=4215
                                       ->  Bitmap Heap Scan on movie_info mi1  (cost=16467.65..435132.98 rows=76716 width=8) (actual time=42.141..810.850 rows=766026 loops=1)
                                             Recheck Cond: (info_type_id = 3)
                                             Filter: ((info)::text = ANY ('{Crime,Drama,Family,Music,Reality-TV,Romance,Short}'::text[]))
                                             Rows Removed by Filter: 767883
                                             Heap Blocks: exact=9772
                                             Buffers: shared read=10975
                                             ->  Bitmap Index Scan on info_type_id_movie_info  (cost=0.00..16448.47 rows=1538671 width=0) (actual time=40.950..40.950 rows=1533909 loops=1)
                                                   Index Cond: (info_type_id = 3)
                                                   Buffers: shared read=1203
                                       ->  Hash  (cost=454759.47..454759.47 rows=33768 width=12) (actual time=1215.428..1215.434 rows=135832 loops=1)
                                             Buckets: 262144 (originally 65536)  Batches: 1 (originally 1)  Memory Usage: 7885kB
                                             Buffers: shared hit=15824 read=38111, temp read=4215 written=4215
                                             ->  Hash Join  (cost=107800.70..454759.47 rows=33768 width=12) (actual time=589.783..1191.405 rows=135832 loops=1)
                                                   Hash Cond: (mi2.movie_id = t.id)
                                                   Buffers: shared hit=15824 read=38111, temp read=4215 written=4215
                                                   ->  Bitmap Heap Scan on movie_info mi2  (cost=13885.07..356265.51 rows=114308 width=8) (actual time=34.112..360.713 rows=1288928 loops=1)
                                                         Recheck Cond: (info_type_id = 2)
                                                         Filter: ((info)::text = ANY ('{"Black and White",Color}'::text[]))
                                                         Heap Blocks: exact=16526
                                                         Buffers: shared hit=3316 read=14227
                                                         ->  Bitmap Index Scan on info_type_id_movie_info  (cost=0.00..13856.49 rows=1296008 width=0) (actual time=31.926..31.927 rows=1288928 loops=1)
                                                               Index Cond: (info_type_id = 2)
                                                               Buffers: shared hit=1 read=1016
                                                   ->  Hash  (cost=81661.50..81661.50 rows=746890 width=4) (actual time=553.039..553.042 rows=138444 loops=1)
                                                         Buckets: 262144  Batches: 8  Memory Usage: 2656kB
                                                         Buffers: shared hit=12508 read=23884, temp written=350
                                                         ->  Hash Join  (cost=1.13..81661.50 rows=746890 width=4) (actual time=0.055..532.517 rows=138444 loops=1)
                                                               Hash Cond: (t.kind_id = kt.id)
                                                               Buffers: shared hit=12508 read=23884
                                                               ->  Seq Scan on title t  (cost=0.00..74315.95 rows=1742744 width=8) (actual time=0.025..430.916 rows=1748995 loops=1)
                                                                     Filter: ((production_year <= 2015) AND (1990 < production_year))
                                                                     Rows Removed by Filter: 779317
                                                                     Buffers: shared hit=12507 read=23884
                                                               ->  Hash  (cost=1.10..1.10 rows=3 width=4) (actual time=0.013..0.015 rows=3 loops=1)
                                                                     Buckets: 1024  Batches: 1  Memory Usage: 9kB
                                                                     Buffers: shared hit=1
                                                                     ->  Seq Scan on kind_type kt  (cost=0.00..1.10 rows=3 width=4) (actual time=0.007..0.008 rows=3 loops=1)
                                                                           Filter: ((kind)::text = ANY ('{"tv movie","tv series","video game"}'::text[]))
                                                                           Rows Removed by Filter: 4
                                                                           Buffers: shared hit=1
                                 ->  Index Scan using movie_id_cast_info on cast_info ci  (cost=0.44..43.36 rows=38 width=12) (actual time=0.035..0.216 rows=21 loops=58448)
                                       Index Cond: (movie_id = t.id)
                                       Buffers: shared hit=1053605 read=317605
                           ->  Hash  (cost=1.15..1.15 rows=2 width=4) (actual time=0.018..0.019 rows=2 loops=1)
                                 Buckets: 1024  Batches: 1  Memory Usage: 9kB
                                 Buffers: shared hit=1
                                 ->  Seq Scan on role_type rt  (cost=0.00..1.15 rows=2 width=4) (actual time=0.010..0.012 rows=2 loops=1)
                                       Filter: ((role)::text = ANY ('{director,producer}'::text[]))
                                       Rows Removed by Filter: 10
                                       Buffers: shared hit=1
                     ->  Index Scan using name_pkey on name n  (cost=0.43..2.32 rows=1 width=4) (actual time=0.034..0.034 rows=0 loops=175085)
                           Index Cond: (id = ci.person_id)
                           Filter: ((gender)::text = 'm'::text)
                           Rows Removed by Filter: 1
                           Buffers: shared hit=658101 read=42239
 Planning:
   Buffers: shared hit=529 read=45
 Planning Time: 14.143 ms
 Execution Time: 21396.078 ms
(83 rows)

