                                                                                               QUERY PLAN                                                                                               
--------------------------------------------------------------------------------------------------------------------------------------------------------------------------------------------------------
 Aggregate  (cost=377271.80..377271.81 rows=1 width=8) (actual time=688.386..688.392 rows=1 loops=1)
   Buffers: shared hit=64677 read=3490
   ->  Nested Loop  (cost=16452.90..377271.79 rows=4 width=0) (actual time=43.708..688.378 rows=35 loops=1)
         Buffers: shared hit=64677 read=3490
         ->  Hash Join  (cost=16452.47..377248.59 rows=10 width=4) (actual time=43.664..685.689 rows=76 loops=1)
               Hash Cond: (ci.role_id = rt.id)
               Buffers: shared hit=64470 read=3393
               ->  Nested Loop  (cost=16451.29..377247.21 rows=57 width=8) (actual time=43.543..685.568 rows=445 loops=1)
                     Buffers: shared hit=64469 read=3393
                     ->  Nested Loop  (cost=16450.85..377069.00 rows=4 width=12) (actual time=43.505..678.693 rows=65 loops=1)
                           Buffers: shared hit=64239 read=3026
                           ->  Seq Scan on info_type it2  (cost=0.00..2.41 rows=1 width=4) (actual time=0.033..0.039 rows=1 loops=1)
                                 Filter: (id = 2)
                                 Rows Removed by Filter: 112
                                 Buffers: shared hit=1
                           ->  Nested Loop  (cost=16450.85..377066.54 rows=4 width=16) (actual time=43.470..678.641 rows=65 loops=1)
                                 Buffers: shared hit=64238 read=3026
                                 ->  Seq Scan on info_type it1  (cost=0.00..2.41 rows=1 width=4) (actual time=0.009..0.017 rows=1 loops=1)
                                       Filter: (id = 3)
                                       Rows Removed by Filter: 112
                                       Buffers: shared hit=1
                                 ->  Nested Loop  (cost=16450.85..377064.09 rows=4 width=20) (actual time=43.458..678.608 rows=65 loops=1)
                                       Buffers: shared hit=64237 read=3026
                                       ->  Hash Join  (cost=16450.42..371969.14 rows=119 width=12) (actual time=42.667..660.630 rows=182 loops=1)
                                             Hash Cond: (t.kind_id = kt.id)
                                             Buffers: shared hit=62561 read=2311
                                             ->  Nested Loop  (cost=16449.28..371966.83 rows=278 width=16) (actual time=42.616..659.069 rows=10806 loops=1)
                                                   Buffers: shared hit=62560 read=2311
                                                   ->  Bitmap Heap Scan on movie_info mi1  (cost=16448.85..359566.44 rows=1539 width=8) (actual time=42.584..284.183 rows=13474 loops=1)
                                                         Recheck Cond: (info_type_id = 3)
                                                         Filter: ((info)::text = 'Western'::text)
                                                         Rows Removed by Filter: 1520435
                                                         Heap Blocks: exact=9772
                                                         Buffers: shared hit=9148 read=1827
                                                         ->  Bitmap Index Scan on info_type_id_movie_info  (cost=0.00..16448.47 rows=1538671 width=0) (actual time=41.275..41.276 rows=1533909 loops=1)
                                                               Index Cond: (info_type_id = 3)
                                                               Buffers: shared read=1203
                                                   ->  Index Scan using title_pkey on title t  (cost=0.43..8.06 rows=1 width=8) (actual time=0.027..0.027 rows=1 loops=13474)
                                                         Index Cond: (id = mi1.movie_id)
                                                         Filter: ((production_year <= 1975) AND (1875 < production_year))
                                                         Rows Removed by Filter: 0
                                                         Buffers: shared hit=53412 read=484
                                             ->  Hash  (cost=1.10..1.10 rows=3 width=4) (actual time=0.022..0.023 rows=3 loops=1)
                                                   Buckets: 1024  Batches: 1  Memory Usage: 9kB
                                                   Buffers: shared hit=1
                                                   ->  Seq Scan on kind_type kt  (cost=0.00..1.10 rows=3 width=4) (actual time=0.013..0.015 rows=3 loops=1)
                                                         Filter: ((kind)::text = ANY ('{"tv series","video game","video movie"}'::text[]))
                                                         Rows Removed by Filter: 4
                                                         Buffers: shared hit=1
                                       ->  Index Scan using movie_id_movie_info on movie_info mi2  (cost=0.43..42.80 rows=1 width=8) (actual time=0.092..0.098 rows=0 loops=182)
                                             Index Cond: (movie_id = t.id)
                                             Filter: ((info_type_id = 2) AND ((info)::text = 'Color'::text))
                                             Rows Removed by Filter: 19
                                             Buffers: shared hit=1676 read=715
                     ->  Index Scan using movie_id_cast_info on cast_info ci  (cost=0.44..44.17 rows=38 width=12) (actual time=0.027..0.104 rows=7 loops=65)
                           Index Cond: (movie_id = t.id)
                           Buffers: shared hit=230 read=367
               ->  Hash  (cost=1.15..1.15 rows=2 width=4) (actual time=0.036..0.036 rows=2 loops=1)
                     Buckets: 1024  Batches: 1  Memory Usage: 9kB
                     Buffers: shared hit=1
                     ->  Seq Scan on role_type rt  (cost=0.00..1.15 rows=2 width=4) (actual time=0.027..0.029 rows=2 loops=1)
                           Filter: ((role)::text = ANY ('{cinematographer,director}'::text[]))
                           Rows Removed by Filter: 10
                           Buffers: shared hit=1
         ->  Index Scan using name_pkey on name n  (cost=0.43..2.32 rows=1 width=4) (actual time=0.035..0.035 rows=0 loops=76)
               Index Cond: (id = ci.person_id)
               Filter: ((gender)::text = 'm'::text)
               Rows Removed by Filter: 1
               Buffers: shared hit=207 read=97
 Planning:
   Buffers: shared hit=529 read=45
 Planning Time: 13.648 ms
 Execution Time: 688.991 ms
(73 rows)

