                                                                                            QUERY PLAN                                                                                            
--------------------------------------------------------------------------------------------------------------------------------------------------------------------------------------------------
 Aggregate  (cost=578885.53..578885.54 rows=1 width=8) (actual time=19654.958..19654.967 rows=1 loops=1)
   Buffers: shared hit=1621747 read=408319, temp read=1958 written=1958
   ->  Nested Loop  (cost=95918.42..578885.45 rows=30 width=0) (actual time=561.454..19654.589 rows=680 loops=1)
         Buffers: shared hit=1621747 read=408319, temp read=1958 written=1958
         ->  Seq Scan on info_type it2  (cost=0.00..2.41 rows=1 width=4) (actual time=0.048..0.059 rows=1 loops=1)
               Filter: (id = 2)
               Rows Removed by Filter: 112
               Buffers: shared hit=1
         ->  Nested Loop  (cost=95918.42..578882.74 rows=30 width=4) (actual time=561.404..19654.292 rows=680 loops=1)
               Buffers: shared hit=1621746 read=408319, temp read=1958 written=1958
               ->  Seq Scan on info_type it1  (cost=0.00..2.41 rows=1 width=4) (actual time=0.010..0.023 rows=1 loops=1)
                     Filter: (id = 3)
                     Rows Removed by Filter: 112
                     Buffers: shared hit=1
               ->  Nested Loop  (cost=95918.42..578880.03 rows=30 width=8) (actual time=561.391..19654.007 rows=680 loops=1)
                     Buffers: shared hit=1621745 read=408319, temp read=1958 written=1958
                     ->  Hash Join  (cost=95917.99..578578.49 rows=130 width=12) (actual time=561.364..18105.669 rows=43884 loops=1)
                           Hash Cond: (ci.role_id = rt.id)
                           Buffers: shared hit=1463169 read=391359, temp read=1958 written=1958
                           ->  Nested Loop  (cost=95916.83..578571.78 rows=1562 width=16) (actual time=559.960..17958.403 rows=877871 loops=1)
                                 Buffers: shared hit=1463168 read=391359, temp read=1958 written=1958
                                 ->  Nested Loop  (cost=95916.39..573715.36 rows=109 width=20) (actual time=559.935..8105.460 rows=66182 loops=1)
                                       Buffers: shared hit=620058 read=173474, temp read=1958 written=1958
                                       ->  Hash Join  (cost=95915.95..470403.51 rows=2413 width=12) (actual time=559.886..1219.061 rows=68845 loops=1)
                                             Hash Cond: (mi1.movie_id = t.id)
                                             Buffers: shared hit=21761 read=25606, temp read=1958 written=1958
                                             ->  Bitmap Heap Scan on movie_info mi1  (cost=16456.25..389792.93 rows=31132 width=8) (actual time=39.488..490.877 rows=285527 loops=1)
                                                   Recheck Cond: (info_type_id = 3)
                                                   Filter: ((info)::text = ANY ('{Action,Adventure,Documentary,Romance}'::text[]))
                                                   Rows Removed by Filter: 1248382
                                                   Heap Blocks: exact=9772
                                                   Buffers: shared hit=7467 read=3508
                                                   ->  Bitmap Index Scan on info_type_id_movie_info  (cost=0.00..16448.47 rows=1538671 width=0) (actual time=38.292..38.293 rows=1533909 loops=1)
                                                         Index Cond: (info_type_id = 3)
                                                         Buffers: shared hit=1203
                                             ->  Hash  (cost=76244.10..76244.10 rows=195968 width=4) (actual time=516.506..516.509 rows=439726 loops=1)
                                                   Buckets: 262144 (originally 262144)  Batches: 4 (originally 2)  Memory Usage: 6145kB
                                                   Buffers: shared hit=14294 read=22098, temp written=966
                                                   ->  Hash Join  (cost=1.13..76244.10 rows=195968 width=4) (actual time=0.090..444.299 rows=439726 loops=1)
                                                         Hash Cond: (t.kind_id = kt.id)
                                                         Buffers: shared hit=14294 read=22098
                                                         ->  Seq Scan on title t  (cost=0.00..74315.95 rows=457258 width=8) (actual time=0.069..390.595 rows=451569 loops=1)
                                                               Filter: ((production_year <= 1975) AND (1875 < production_year))
                                                               Rows Removed by Filter: 2076743
                                                               Buffers: shared hit=14293 read=22098
                                                         ->  Hash  (cost=1.10..1.10 rows=3 width=4) (actual time=0.014..0.015 rows=3 loops=1)
                                                               Buckets: 1024  Batches: 1  Memory Usage: 9kB
                                                               Buffers: shared hit=1
                                                               ->  Seq Scan on kind_type kt  (cost=0.00..1.10 rows=3 width=4) (actual time=0.009..0.010 rows=3 loops=1)
                                                                     Filter: ((kind)::text = ANY ('{episode,movie,"tv movie"}'::text[]))
                                                                     Rows Removed by Filter: 4
                                                                     Buffers: shared hit=1
                                       ->  Index Scan using movie_id_movie_info on movie_info mi2  (cost=0.43..42.80 rows=1 width=8) (actual time=0.082..0.099 rows=1 loops=68845)
                                             Index Cond: (movie_id = t.id)
                                             Filter: (((info)::text = ANY ('{"Black and White",Color}'::text[])) AND (info_type_id = 2))
                                             Rows Removed by Filter: 13
                                             Buffers: shared hit=598297 read=147868
                                 ->  Index Scan using movie_id_cast_info on cast_info ci  (cost=0.44..44.17 rows=38 width=12) (actual time=0.034..0.145 rows=13 loops=66182)
                                       Index Cond: (movie_id = t.id)
                                       Buffers: shared hit=843110 read=217885
                           ->  Hash  (cost=1.15..1.15 rows=1 width=4) (actual time=0.018..0.018 rows=1 loops=1)
                                 Buckets: 1024  Batches: 1  Memory Usage: 9kB
                                 Buffers: shared hit=1
                                 ->  Seq Scan on role_type rt  (cost=0.00..1.15 rows=1 width=4) (actual time=0.010..0.012 rows=1 loops=1)
                                       Filter: ((role)::text = 'producer'::text)
                                       Rows Removed by Filter: 11
                                       Buffers: shared hit=1
                     ->  Index Scan using name_pkey on name n  (cost=0.43..2.32 rows=1 width=4) (actual time=0.035..0.035 rows=0 loops=43884)
                           Index Cond: (id = ci.person_id)
                           Filter: ((gender)::text = 'f'::text)
                           Rows Removed by Filter: 1
                           Buffers: shared hit=158576 read=16960
 Planning:
   Buffers: shared hit=574
 Planning Time: 12.967 ms
 Execution Time: 19655.651 ms
(76 rows)

