                                                                                                  QUERY PLAN                                                                                                  
--------------------------------------------------------------------------------------------------------------------------------------------------------------------------------------------------------------
 Aggregate  (cost=789831.58..789831.59 rows=1 width=8) (actual time=16980.605..16980.613 rows=1 loops=1)
   Buffers: shared hit=1397479 read=290162, temp read=6654 written=6639
   ->  Nested Loop  (cost=755162.27..789831.22 rows=145 width=0) (actual time=978.457..16978.844 rows=5041 loops=1)
         Buffers: shared hit=1397479 read=290162, temp read=6654 written=6639
         ->  Seq Scan on info_type it2  (cost=0.00..2.41 rows=1 width=4) (actual time=0.045..0.057 rows=1 loops=1)
               Filter: (id = 2)
               Rows Removed by Filter: 112
               Buffers: shared hit=1
         ->  Nested Loop  (cost=755162.27..789827.36 rows=145 width=4) (actual time=978.410..16977.391 rows=5041 loops=1)
               Buffers: shared hit=1397478 read=290162, temp read=6654 written=6639
               ->  Seq Scan on info_type it1  (cost=0.00..2.41 rows=1 width=4) (actual time=0.009..0.022 rows=1 loops=1)
                     Filter: (id = 3)
                     Rows Removed by Filter: 112
                     Buffers: shared hit=1
               ->  Nested Loop  (cost=755162.27..789823.50 rows=145 width=8) (actual time=978.399..16976.009 rows=5041 loops=1)
                     Buffers: shared hit=1397477 read=290162, temp read=6654 written=6639
                     ->  Hash Join  (cost=755161.84..789020.94 rows=346 width=12) (actual time=950.715..16056.477 rows=25046 loops=1)
                           Hash Cond: (ci.role_id = rt.id)
                           Buffers: shared hit=1308785 read=278670, temp read=6654 written=6639
                           ->  Nested Loop  (cost=755160.68..789005.02 rows=4157 width=16) (actual time=950.587..15924.441 rows=747092 loops=1)
                                 Buffers: shared hit=1308784 read=278670, temp read=6654 written=6639
                                 ->  Nested Loop  (cost=755160.24..776332.68 rows=290 width=20) (actual time=950.561..7421.685 rows=45781 loops=1)
                                       Buffers: shared hit=693285 read=49877, temp read=6654 written=6639
                                       ->  Nested Loop  (cost=755160.10..776315.43 rows=677 width=24) (actual time=950.541..7309.284 rows=166777 loops=1)
                                             Join Filter: (t.id = mi1.movie_id)
                                             Buffers: shared hit=693273 read=49877, temp read=6654 written=6639
                                             ->  Merge Join  (cost=755159.67..755790.17 rows=6281 width=16) (actual time=950.495..1352.716 rows=178658 loops=1)
                                                   Merge Cond: (mi1.movie_id = mi2.movie_id)
                                                   Buffers: shared hit=10781 read=17737, temp read=6654 written=6639
                                                   ->  Sort  (cost=391549.84..391610.23 rows=24157 width=8) (actual time=395.938..436.071 rows=227273 loops=1)
                                                         Sort Key: mi1.movie_id
                                                         Sort Method: external sort  Disk: 4912kB
                                                         Buffers: shared hit=5844 read=5131, temp read=1226 written=1229
                                                         ->  Bitmap Heap Scan on movie_info mi1  (cost=16454.51..389791.19 rows=24157 width=8) (actual time=43.593..336.574 rows=227273 loops=1)
                                                               Recheck Cond: (info_type_id = 3)
                                                               Filter: ((info)::text = ANY ('{Documentary,Fantasy,Mystery,Sci-Fi}'::text[]))
                                                               Rows Removed by Filter: 1306636
                                                               Heap Blocks: exact=9772
                                                               Buffers: shared hit=5844 read=5131
                                                               ->  Bitmap Index Scan on info_type_id_movie_info  (cost=0.00..16448.47 rows=1538671 width=0) (actual time=42.379..42.379 rows=1533909 loops=1)
                                                                     Index Cond: (info_type_id = 3)
                                                                     Buffers: shared read=1203
                                                   ->  Sort  (cost=363609.83..363833.28 rows=89381 width=8) (actual time=554.548..707.841 rows=1007659 loops=1)
                                                         Sort Key: mi2.movie_id
                                                         Sort Method: external sort  Disk: 21624kB
                                                         Buffers: shared hit=4937 read=12606, temp read=5412 written=5410
                                                         ->  Bitmap Heap Scan on movie_info mi2  (cost=13878.84..356259.28 rows=89381 width=8) (actual time=31.727..310.891 rows=1000514 loops=1)
                                                               Recheck Cond: (info_type_id = 2)
                                                               Filter: ((info)::text = 'Color'::text)
                                                               Rows Removed by Filter: 288414
                                                               Heap Blocks: exact=16526
                                                               Buffers: shared hit=4937 read=12606
                                                               ->  Bitmap Index Scan on info_type_id_movie_info  (cost=0.00..13856.49 rows=1296008 width=0) (actual time=29.553..29.553 rows=1288928 loops=1)
                                                                     Index Cond: (info_type_id = 2)
                                                                     Buffers: shared hit=1 read=1016
                                             ->  Index Scan using title_pkey on title t  (cost=0.43..3.26 rows=1 width=8) (actual time=0.033..0.033 rows=1 loops=178658)
                                                   Index Cond: (id = mi2.movie_id)
                                                   Filter: ((production_year <= 2015) AND (1975 < production_year))
                                                   Rows Removed by Filter: 0
                                                   Buffers: shared hit=682492 read=32140
                                       ->  Memoize  (cost=0.14..0.16 rows=1 width=4) (actual time=0.000..0.000 rows=0 loops=166777)
                                             Cache Key: t.kind_id
                                             Cache Mode: logical
                                             Hits: 166771  Misses: 6  Evictions: 0  Overflows: 0  Memory Usage: 1kB
                                             Buffers: shared hit=12
                                             ->  Index Scan using kind_type_pkey on kind_type kt  (cost=0.13..0.15 rows=1 width=4) (actual time=0.010..0.010 rows=0 loops=6)
                                                   Index Cond: (id = t.kind_id)
                                                   Filter: ((kind)::text = ANY ('{"tv movie","tv series","video game"}'::text[]))
                                                   Rows Removed by Filter: 0
                                                   Buffers: shared hit=12
                                 ->  Index Scan using movie_id_cast_info on cast_info ci  (cost=0.44..43.32 rows=38 width=12) (actual time=0.035..0.181 rows=16 loops=45781)
                                       Index Cond: (movie_id = t.id)
                                       Buffers: shared hit=615499 read=228793
                           ->  Hash  (cost=1.15..1.15 rows=1 width=4) (actual time=0.022..0.023 rows=1 loops=1)
                                 Buckets: 1024  Batches: 1  Memory Usage: 9kB
                                 Buffers: shared hit=1
                                 ->  Seq Scan on role_type rt  (cost=0.00..1.15 rows=1 width=4) (actual time=0.010..0.011 rows=1 loops=1)
                                       Filter: ((role)::text = 'cinematographer'::text)
                                       Rows Removed by Filter: 11
                                       Buffers: shared hit=1
                     ->  Index Scan using name_pkey on name n  (cost=0.43..2.32 rows=1 width=4) (actual time=0.036..0.036 rows=0 loops=25046)
                           Index Cond: (id = ci.person_id)
                           Filter: ((gender)::text = 'm'::text)
                           Rows Removed by Filter: 1
                           Buffers: shared hit=88692 read=11492
 Planning:
   Buffers: shared hit=482 read=92
 Planning Time: 14.966 ms
 Execution Time: 16990.228 ms
(89 rows)

