                                                                                            QUERY PLAN                                                                                            
--------------------------------------------------------------------------------------------------------------------------------------------------------------------------------------------------
 Aggregate  (cost=758986.03..758986.04 rows=1 width=8) (actual time=1757.337..1757.344 rows=1 loops=1)
   Buffers: shared hit=77012 read=47191, temp read=1221 written=1221
   ->  Nested Loop  (cost=490511.10..758985.80 rows=90 width=0) (actual time=1003.058..1757.272 rows=309 loops=1)
         Buffers: shared hit=77012 read=47191, temp read=1221 written=1221
         ->  Seq Scan on info_type it2  (cost=0.00..2.41 rows=1 width=4) (actual time=0.048..0.053 rows=1 loops=1)
               Filter: (id = 2)
               Rows Removed by Filter: 112
               Buffers: shared hit=1
         ->  Nested Loop  (cost=490511.10..758982.49 rows=90 width=4) (actual time=1003.007..1757.171 rows=309 loops=1)
               Buffers: shared hit=77011 read=47191, temp read=1221 written=1221
               ->  Seq Scan on info_type it1  (cost=0.00..2.41 rows=1 width=4) (actual time=0.012..0.018 rows=1 loops=1)
                     Filter: (id = 3)
                     Rows Removed by Filter: 112
                     Buffers: shared hit=1
               ->  Nested Loop  (cost=490511.10..758979.18 rows=90 width=8) (actual time=1002.994..1757.103 rows=309 loops=1)
                     Join Filter: (t.id = mi2.movie_id)
                     Buffers: shared hit=77010 read=47191, temp read=1221 written=1221
                     ->  Nested Loop  (cost=490510.66..651434.13 rows=2556 width=16) (actual time=1002.928..1723.774 rows=302 loops=1)
                           Buffers: shared hit=75661 read=44962, temp read=1221 written=1221
                           ->  Hash Join  (cost=490510.23..625910.13 rows=11004 width=20) (actual time=1002.568..1300.157 rows=17041 loops=1)
                                 Hash Cond: (ci.movie_id = t.id)
                                 Buffers: shared hit=14514 read=37945, temp read=1221 written=1221
                                 ->  Nested Loop  (cost=0.44..123965.00 rows=3020080 width=8) (actual time=0.215..208.052 rows=773674 loops=1)
                                       Buffers: shared hit=1875 read=3217
                                       ->  Seq Scan on role_type rt  (cost=0.00..1.15 rows=1 width=4) (actual time=0.009..0.012 rows=1 loops=1)
                                             Filter: ((role)::text = 'composer'::text)
                                             Rows Removed by Filter: 11
                                             Buffers: shared hit=1
                                       ->  Index Scan using role_id_cast_info on cast_info ci  (cost=0.44..91017.52 rows=3294633 width=12) (actual time=0.203..137.712 rows=773674 loops=1)
                                             Index Cond: (role_id = rt.id)
                                             Buffers: shared hit=1874 read=3217
                                 ->  Hash  (cost=490394.64..490394.64 rows=9212 width=12) (actual time=1001.891..1001.895 rows=45631 loops=1)
                                       Buckets: 65536 (originally 16384)  Batches: 1 (originally 1)  Memory Usage: 2473kB
                                       Buffers: shared hit=12639 read=34728, temp read=1221 written=1221
                                       ->  Hash Join  (cost=113298.10..490394.64 rows=9212 width=12) (actual time=630.254..994.413 rows=45631 loops=1)
                                             Hash Cond: (mi1.movie_id = t.id)
                                             Buffers: shared hit=12639 read=34728, temp read=1221 written=1221
                                             ->  Bitmap Heap Scan on movie_info mi1  (cost=16455.25..389791.93 rows=27132 width=8) (actual time=43.512..339.908 rows=256869 loops=1)
                                                   Recheck Cond: (info_type_id = 3)
                                                   Filter: ((info)::text = ANY ('{Animation,Comedy,History,Sport}'::text[]))
                                                   Rows Removed by Filter: 1277040
                                                   Heap Blocks: exact=9772
                                                   Buffers: shared hit=1 read=10974
                                                   ->  Bitmap Index Scan on info_type_id_movie_info  (cost=0.00..16448.47 rows=1538671 width=0) (actual time=42.321..42.321 rows=1533909 loops=1)
                                                         Index Cond: (info_type_id = 3)
                                                         Buffers: shared read=1203
                                             ->  Hash  (cost=82758.38..82758.38 rows=858437 width=4) (actual time=585.659..585.662 rows=174146 loops=1)
                                                   Buckets: 262144  Batches: 8  Memory Usage: 2813kB
                                                   Buffers: shared hit=12638 read=23754, temp written=443
                                                   ->  Hash Join  (cost=1.13..82758.38 rows=858437 width=4) (actual time=0.052..560.394 rows=174146 loops=1)
                                                         Hash Cond: (t.kind_id = kt.id)
                                                         Buffers: shared hit=12638 read=23754
                                                         ->  Seq Scan on title t  (cost=0.00..74315.95 rows=2003019 width=8) (actual time=0.026..443.129 rows=2004612 loops=1)
                                                               Filter: ((production_year <= 2015) AND (1975 < production_year))
                                                               Rows Removed by Filter: 523700
                                                               Buffers: shared hit=12637 read=23754
                                                         ->  Hash  (cost=1.10..1.10 rows=3 width=4) (actual time=0.015..0.016 rows=3 loops=1)
                                                               Buckets: 1024  Batches: 1  Memory Usage: 9kB
                                                               Buffers: shared hit=1
                                                               ->  Seq Scan on kind_type kt  (cost=0.00..1.10 rows=3 width=4) (actual time=0.008..0.010 rows=3 loops=1)
                                                                     Filter: ((kind)::text = ANY ('{"tv movie","tv series","video game"}'::text[]))
                                                                     Rows Removed by Filter: 4
                                                                     Buffers: shared hit=1
                           ->  Index Scan using name_pkey on name n  (cost=0.43..2.32 rows=1 width=4) (actual time=0.025..0.025 rows=0 loops=17041)
                                 Index Cond: (id = ci.person_id)
                                 Filter: ((gender)::text = 'f'::text)
                                 Rows Removed by Filter: 1
                                 Buffers: shared hit=61147 read=7017
                     ->  Index Scan using movie_id_movie_info on movie_info mi2  (cost=0.43..42.06 rows=1 width=8) (actual time=0.097..0.110 rows=1 loops=302)
                           Index Cond: (movie_id = ci.movie_id)
                           Filter: ((info_type_id = 2) AND ((info)::text = 'Color'::text))
                           Rows Removed by Filter: 17
                           Buffers: shared hit=1349 read=2229
 Planning:
   Buffers: shared hit=486 read=88
 Planning Time: 14.396 ms
 Execution Time: 1757.915 ms
(77 rows)

