                                                                                               QUERY PLAN                                                                                               
--------------------------------------------------------------------------------------------------------------------------------------------------------------------------------------------------------
 Aggregate  (cost=441480.15..441480.16 rows=1 width=8) (actual time=5090.984..5090.990 rows=1 loops=1)
   Buffers: shared hit=426538 read=104649
   ->  Nested Loop  (cost=16454.48..441480.13 rows=7 width=0) (actual time=88.551..5090.483 rows=1488 loops=1)
         Buffers: shared hit=426538 read=104649
         ->  Seq Scan on info_type it2  (cost=0.00..2.41 rows=1 width=4) (actual time=0.050..0.059 rows=1 loops=1)
               Filter: (id = 2)
               Rows Removed by Filter: 112
               Buffers: shared hit=1
         ->  Nested Loop  (cost=16454.48..441477.65 rows=7 width=4) (actual time=88.499..5090.104 rows=1488 loops=1)
               Buffers: shared hit=426537 read=104649
               ->  Seq Scan on info_type it1  (cost=0.00..2.41 rows=1 width=4) (actual time=0.009..0.020 rows=1 loops=1)
                     Filter: (id = 3)
                     Rows Removed by Filter: 112
                     Buffers: shared hit=1
               ->  Nested Loop  (cost=16454.48..441475.16 rows=7 width=8) (actual time=88.486..5089.739 rows=1488 loops=1)
                     Buffers: shared hit=426536 read=104649
                     ->  Hash Join  (cost=16454.05..441438.05 rows=16 width=12) (actual time=72.446..4893.753 rows=5245 loops=1)
                           Hash Cond: (ci.role_id = rt.id)
                           Buffers: shared hit=410338 read=99867
                           ->  Nested Loop  (cost=16452.89..441436.22 rows=186 width=16) (actual time=55.566..4875.999 rows=120064 loops=1)
                                 Buffers: shared hit=410337 read=99867
                                 ->  Nested Loop  (cost=16452.45..440840.56 rows=13 width=20) (actual time=55.525..3611.313 rows=4866 loops=1)
                                       Buffers: shared hit=318606 read=59282
                                       ->  Hash Join  (cost=16452.02..428350.62 rows=286 width=12) (actual time=55.433..2912.784 rows=5039 loops=1)
                                             Hash Cond: (t.kind_id = kt.id)
                                             Buffers: shared hit=277505 read=33051
                                             ->  Nested Loop  (cost=16450.88..428346.67 rows=667 width=16) (actual time=42.640..2910.246 rows=5894 loops=1)
                                                   Buffers: shared hit=277504 read=33051
                                                   ->  Bitmap Heap Scan on movie_info mi1  (cost=16450.44..374677.58 rows=7899 width=8) (actual time=42.493..535.072 rows=75827 loops=1)
                                                         Recheck Cond: (info_type_id = 3)
                                                         Filter: ((info)::text = ANY ('{Horror,Music,Western}'::text[]))
                                                         Rows Removed by Filter: 1458082
                                                         Heap Blocks: exact=9772
                                                         Buffers: shared hit=1218 read=9757
                                                         ->  Bitmap Index Scan on info_type_id_movie_info  (cost=0.00..16448.47 rows=1538671 width=0) (actual time=41.298..41.298 rows=1533909 loops=1)
                                                               Index Cond: (info_type_id = 3)
                                                               Buffers: shared read=1203
                                                   ->  Memoize  (cost=0.44..6.85 rows=1 width=8) (actual time=0.031..0.031 rows=0 loops=75827)
                                                         Cache Key: mi1.movie_id
                                                         Cache Mode: logical
                                                         Hits: 932  Misses: 74895  Evictions: 0  Overflows: 0  Memory Usage: 5202kB
                                                         Buffers: shared hit=276286 read=23294
                                                         ->  Index Scan using title_pkey on title t  (cost=0.43..6.84 rows=1 width=8) (actual time=0.031..0.031 rows=0 loops=74895)
                                                               Index Cond: (id = mi1.movie_id)
                                                               Filter: ((production_year <= 1970) AND (1950 < production_year))
                                                               Rows Removed by Filter: 1
                                                               Buffers: shared hit=276286 read=23294
                                             ->  Hash  (cost=1.10..1.10 rows=3 width=4) (actual time=0.021..0.022 rows=3 loops=1)
                                                   Buckets: 1024  Batches: 1  Memory Usage: 9kB
                                                   Buffers: shared hit=1
                                                   ->  Seq Scan on kind_type kt  (cost=0.00..1.10 rows=3 width=4) (actual time=0.009..0.011 rows=3 loops=1)
                                                         Filter: ((kind)::text = ANY ('{episode,movie,"tv movie"}'::text[]))
                                                         Rows Removed by Filter: 4
                                                         Buffers: shared hit=1
                                       ->  Index Scan using movie_id_movie_info on movie_info mi2  (cost=0.43..43.66 rows=1 width=8) (actual time=0.120..0.138 rows=1 loops=5039)
                                             Index Cond: (movie_id = t.id)
                                             Filter: (((info)::text = ANY ('{"Black and White",Color}'::text[])) AND (info_type_id = 2))
                                             Rows Removed by Filter: 21
                                             Buffers: shared hit=41101 read=26231
                                 ->  Index Scan using movie_id_cast_info on cast_info ci  (cost=0.44..45.44 rows=38 width=12) (actual time=0.035..0.254 rows=25 loops=4866)
                                       Index Cond: (movie_id = t.id)
                                       Buffers: shared hit=91731 read=40585
                           ->  Hash  (cost=1.15..1.15 rows=1 width=4) (actual time=0.017..0.018 rows=1 loops=1)
                                 Buckets: 1024  Batches: 1  Memory Usage: 9kB
                                 Buffers: shared hit=1
                                 ->  Seq Scan on role_type rt  (cost=0.00..1.15 rows=1 width=4) (actual time=0.010..0.012 rows=1 loops=1)
                                       Filter: ((role)::text = 'miscellaneous crew'::text)
                                       Rows Removed by Filter: 11
                                       Buffers: shared hit=1
                     ->  Index Scan using name_pkey on name n  (cost=0.43..2.32 rows=1 width=4) (actual time=0.037..0.037 rows=0 loops=5245)
                           Index Cond: (id = ci.person_id)
                           Filter: ((gender)::text = 'm'::text)
                           Rows Removed by Filter: 1
                           Buffers: shared hit=16198 read=4782
 Planning:
   Buffers: shared hit=483 read=91
 Planning Time: 14.004 ms
 Execution Time: 5092.961 ms
(78 rows)

