                                                                                               QUERY PLAN                                                                                               
--------------------------------------------------------------------------------------------------------------------------------------------------------------------------------------------------------
 Aggregate  (cost=401577.38..401577.39 rows=1 width=8) (actual time=3627.158..3627.165 rows=1 loops=1)
   Buffers: shared hit=319109 read=53681
   ->  Nested Loop  (cost=16453.91..401577.38 rows=1 width=0) (actual time=357.342..3627.124 rows=45 loops=1)
         Buffers: shared hit=319109 read=53681
         ->  Hash Join  (cost=16453.48..401572.74 rows=2 width=4) (actual time=357.286..3623.628 rows=131 loops=1)
               Hash Cond: (ci.role_id = rt.id)
               Buffers: shared hit=318693 read=53573
               ->  Nested Loop  (cost=16452.31..401571.51 rows=14 width=8) (actual time=273.811..3618.155 rows=35739 loops=1)
                     Buffers: shared hit=318692 read=53573
                     ->  Nested Loop  (cost=16451.87..401521.38 rows=1 width=12) (actual time=273.754..3131.285 rows=6864 loops=1)
                           Buffers: shared hit=271625 read=44828
                           ->  Nested Loop  (cost=16451.87..401518.95 rows=1 width=16) (actual time=273.745..3001.678 rows=6864 loops=1)
                                 Buffers: shared hit=264761 read=44828
                                 ->  Nested Loop  (cost=16451.87..401516.53 rows=1 width=20) (actual time=273.719..2874.227 rows=6864 loops=1)
                                       Buffers: shared hit=257897 read=44828
                                       ->  Hash Join  (cost=16451.43..400398.84 rows=24 width=12) (actual time=273.614..2242.117 rows=6869 loops=1)
                                             Hash Cond: (t.kind_id = kt.id)
                                             Buffers: shared hit=203761 read=30251
                                             ->  Nested Loop  (cost=16450.33..400397.02 rows=171 width=16) (actual time=273.571..2239.123 rows=6869 loops=1)
                                                   Buffers: shared hit=203760 read=30251
                                                   ->  Bitmap Heap Scan on movie_info mi1  (cost=16449.89..359567.48 rows=5693 width=8) (actual time=42.934..459.839 rows=56131 loops=1)
                                                         Recheck Cond: (info_type_id = 3)
                                                         Filter: ((info)::text = ANY ('{Animation,Western}'::text[]))
                                                         Rows Removed by Filter: 1477778
                                                         Heap Blocks: exact=9772
                                                         Buffers: shared hit=3660 read=7315
                                                         ->  Bitmap Index Scan on info_type_id_movie_info  (cost=0.00..16448.47 rows=1538671 width=0) (actual time=41.712..41.712 rows=1533909 loops=1)
                                                               Index Cond: (info_type_id = 3)
                                                               Buffers: shared read=1203
                                                   ->  Memoize  (cost=0.44..7.21 rows=1 width=8) (actual time=0.031..0.031 rows=0 loops=56131)
                                                         Cache Key: mi1.movie_id
                                                         Cache Mode: logical
                                                         Hits: 372  Misses: 55759  Evictions: 0  Overflows: 0  Memory Usage: 3971kB
                                                         Buffers: shared hit=200100 read=22936
                                                         ->  Index Scan using title_pkey on title t  (cost=0.43..7.20 rows=1 width=8) (actual time=0.031..0.031 rows=0 loops=55759)
                                                               Index Cond: (id = mi1.movie_id)
                                                               Filter: ((production_year <= 1925) AND (1910 < production_year))
                                                               Rows Removed by Filter: 1
                                                               Buffers: shared hit=200100 read=22936
                                             ->  Hash  (cost=1.09..1.09 rows=1 width=4) (actual time=0.019..0.020 rows=1 loops=1)
                                                   Buckets: 1024  Batches: 1  Memory Usage: 9kB
                                                   Buffers: shared hit=1
                                                   ->  Seq Scan on kind_type kt  (cost=0.00..1.09 rows=1 width=4) (actual time=0.009..0.010 rows=1 loops=1)
                                                         Filter: ((kind)::text = 'movie'::text)
                                                         Rows Removed by Filter: 6
                                                         Buffers: shared hit=1
                                       ->  Index Scan using movie_id_movie_info on movie_info mi2  (cost=0.43..46.56 rows=1 width=8) (actual time=0.076..0.091 rows=1 loops=6869)
                                             Index Cond: (movie_id = t.id)
                                             Filter: ((info_type_id = 2) AND ((info)::text = 'Black and White'::text))
                                             Rows Removed by Filter: 11
                                             Buffers: shared hit=54136 read=14577
                                 ->  Seq Scan on info_type it1  (cost=0.00..2.41 rows=1 width=4) (actual time=0.009..0.017 rows=1 loops=6864)
                                       Filter: (id = 3)
                                       Rows Removed by Filter: 112
                                       Buffers: shared hit=6864
                           ->  Seq Scan on info_type it2  (cost=0.00..2.41 rows=1 width=4) (actual time=0.010..0.017 rows=1 loops=6864)
                                 Filter: (id = 2)
                                 Rows Removed by Filter: 112
                                 Buffers: shared hit=6864
                     ->  Index Scan using movie_id_cast_info on cast_info ci  (cost=0.44..49.76 rows=38 width=12) (actual time=0.031..0.069 rows=5 loops=6864)
                           Index Cond: (movie_id = t.id)
                           Buffers: shared hit=47067 read=8745
               ->  Hash  (cost=1.15..1.15 rows=2 width=4) (actual time=0.036..0.036 rows=2 loops=1)
                     Buckets: 1024  Batches: 1  Memory Usage: 9kB
                     Buffers: shared hit=1
                     ->  Seq Scan on role_type rt  (cost=0.00..1.15 rows=2 width=4) (actual time=0.028..0.030 rows=2 loops=1)
                           Filter: ((role)::text = ANY ('{"costume designer",editor}'::text[]))
                           Rows Removed by Filter: 10
                           Buffers: shared hit=1
         ->  Index Scan using name_pkey on name n  (cost=0.43..2.32 rows=1 width=4) (actual time=0.026..0.026 rows=0 loops=131)
               Index Cond: (id = ci.person_id)
               Filter: ((gender)::text = ANY ('{f,m}'::text[]))
               Rows Removed by Filter: 1
               Buffers: shared hit=416 read=108
 Planning:
   Buffers: shared hit=484 read=90
 Planning Time: 14.362 ms
 Execution Time: 3628.619 ms
(78 rows)

