                                                                                            QUERY PLAN                                                                                            
--------------------------------------------------------------------------------------------------------------------------------------------------------------------------------------------------
 Aggregate  (cost=641552.72..641552.73 rows=1 width=8) (actual time=14496.595..14496.605 rows=1 loops=1)
   Buffers: shared hit=1029579 read=459157, temp read=1510 written=1510
   ->  Nested Loop  (cost=95191.44..641552.62 rows=41 width=0) (actual time=542.471..14495.654 rows=1920 loops=1)
         Buffers: shared hit=1029579 read=459157, temp read=1510 written=1510
         ->  Seq Scan on info_type it2  (cost=0.00..2.41 rows=1 width=4) (actual time=0.049..0.059 rows=1 loops=1)
               Filter: (id = 2)
               Rows Removed by Filter: 112
               Buffers: shared hit=1
         ->  Nested Loop  (cost=95191.44..641549.80 rows=41 width=4) (actual time=542.420..14495.010 rows=1920 loops=1)
               Buffers: shared hit=1029578 read=459157, temp read=1510 written=1510
               ->  Seq Scan on info_type it1  (cost=0.00..2.41 rows=1 width=4) (actual time=0.013..0.026 rows=1 loops=1)
                     Filter: (id = 3)
                     Rows Removed by Filter: 112
                     Buffers: shared hit=1
               ->  Nested Loop  (cost=95191.44..641546.98 rows=41 width=8) (actual time=542.404..14494.444 rows=1920 loops=1)
                     Buffers: shared hit=1029577 read=459157, temp read=1510 written=1510
                     ->  Hash Join  (cost=95191.01..641136.42 rows=177 width=12) (actual time=542.366..14193.760 rows=8979 loops=1)
                           Hash Cond: (ci.role_id = rt.id)
                           Buffers: shared hit=997283 read=455535, temp read=1510 written=1510
                           ->  Nested Loop  (cost=95189.85..641127.72 rows=2121 width=16) (actual time=540.920..14076.017 rows=852583 loops=1)
                                 Buffers: shared hit=997282 read=455535, temp read=1510 written=1510
                                 ->  Nested Loop  (cost=95189.41..634506.26 rows=148 width=20) (actual time=540.892..5271.943 rows=36984 loops=1)
                                       Buffers: shared hit=348909 read=160315, temp read=1510 written=1510
                                       ->  Hash Join  (cost=95188.97..454845.13 rows=4184 width=12) (actual time=540.833..1285.421 rows=43481 loops=1)
                                             Hash Cond: (mi1.movie_id = t.id)
                                             Buffers: shared hit=10479 read=36888, temp read=1510 written=1510
                                             ->  Bitmap Heap Scan on movie_info mi1  (cost=16464.21..374691.35 rows=62983 width=8) (actual time=43.631..517.785 rows=591482 loops=1)
                                                   Recheck Cond: (info_type_id = 3)
                                                   Filter: ((info)::text = ANY ('{Action,Comedy,Short}'::text[]))
                                                   Rows Removed by Filter: 942427
                                                   Heap Blocks: exact=9772
                                                   Buffers: shared hit=1090 read=9885
                                                   ->  Bitmap Index Scan on info_type_id_movie_info  (cost=0.00..16448.47 rows=1538671 width=0) (actual time=42.432..42.433 rows=1533909 loops=1)
                                                         Index Cond: (info_type_id = 3)
                                                         Buffers: shared read=1203
                                             ->  Hash  (cost=75968.50..75968.50 rows=167941 width=4) (actual time=496.018..496.022 rows=342123 loops=1)
                                                   Buckets: 262144  Batches: 2  Memory Usage: 8082kB
                                                   Buffers: shared hit=9389 read=27003, temp written=499
                                                   ->  Hash Join  (cost=1.13..75968.50 rows=167941 width=4) (actual time=0.048..438.102 rows=342123 loops=1)
                                                         Hash Cond: (t.kind_id = kt.id)
                                                         Buffers: shared hit=9389 read=27003
                                                         ->  Seq Scan on title t  (cost=0.00..74315.95 rows=391862 width=8) (actual time=0.027..393.171 rows=386415 loops=1)
                                                               Filter: ((production_year <= 1997) AND (1981 < production_year))
                                                               Rows Removed by Filter: 2141897
                                                               Buffers: shared hit=9388 read=27003
                                                         ->  Hash  (cost=1.10..1.10 rows=3 width=4) (actual time=0.013..0.014 rows=3 loops=1)
                                                               Buckets: 1024  Batches: 1  Memory Usage: 9kB
                                                               Buffers: shared hit=1
                                                               ->  Seq Scan on kind_type kt  (cost=0.00..1.10 rows=3 width=4) (actual time=0.007..0.009 rows=3 loops=1)
                                                                     Filter: ((kind)::text = ANY ('{episode,movie,"tv movie"}'::text[]))
                                                                     Rows Removed by Filter: 4
                                                                     Buffers: shared hit=1
                                       ->  Index Scan using movie_id_movie_info on movie_info mi2  (cost=0.43..42.93 rows=1 width=8) (actual time=0.077..0.091 rows=1 loops=43481)
                                             Index Cond: (movie_id = t.id)
                                             Filter: ((info_type_id = 2) AND ((info)::text = 'Color'::text))
                                             Rows Removed by Filter: 15
                                             Buffers: shared hit=338430 read=123427
                                 ->  Index Scan using movie_id_cast_info on cast_info ci  (cost=0.44..44.36 rows=38 width=12) (actual time=0.035..0.232 rows=23 loops=36984)
                                       Index Cond: (movie_id = t.id)
                                       Buffers: shared hit=648373 read=295220
                           ->  Hash  (cost=1.15..1.15 rows=1 width=4) (actual time=0.018..0.019 rows=1 loops=1)
                                 Buckets: 1024  Batches: 1  Memory Usage: 9kB
                                 Buffers: shared hit=1
                                 ->  Seq Scan on role_type rt  (cost=0.00..1.15 rows=1 width=4) (actual time=0.010..0.012 rows=1 loops=1)
                                       Filter: ((role)::text = 'costume designer'::text)
                                       Rows Removed by Filter: 11
                                       Buffers: shared hit=1
                     ->  Index Scan using name_pkey on name n  (cost=0.43..2.32 rows=1 width=4) (actual time=0.033..0.033 rows=0 loops=8979)
                           Index Cond: (id = ci.person_id)
                           Filter: ((gender)::text = 'f'::text)
                           Rows Removed by Filter: 1
                           Buffers: shared hit=32294 read=3622
 Planning:
   Buffers: shared hit=529 read=45
 Planning Time: 13.729 ms
 Execution Time: 14497.279 ms
(76 rows)

