                                                                                               QUERY PLAN                                                                                               
--------------------------------------------------------------------------------------------------------------------------------------------------------------------------------------------------------
 Aggregate  (cost=393949.02..393949.03 rows=1 width=8) (actual time=2036.143..2036.149 rows=1 loops=1)
   Buffers: shared hit=150179 read=58251
   ->  Nested Loop  (cost=16452.92..393948.94 rows=33 width=0) (actual time=54.042..2035.861 rows=1204 loops=1)
         Buffers: shared hit=150179 read=58251
         ->  Hash Join  (cost=16452.49..393832.96 rows=50 width=4) (actual time=43.418..1931.174 rows=3032 loops=1)
               Hash Cond: (ci.role_id = rt.id)
               Buffers: shared hit=140971 read=55331
               ->  Nested Loop  (cost=16451.32..393830.72 rows=301 width=8) (actual time=41.831..1925.037 rows=47386 loops=1)
                     Buffers: shared hit=140970 read=55331
                     ->  Nested Loop  (cost=16450.88..392913.86 rows=21 width=12) (actual time=41.794..1380.806 rows=3757 loops=1)
                           Buffers: shared hit=99109 read=39819
                           ->  Seq Scan on info_type it2  (cost=0.00..2.41 rows=1 width=4) (actual time=0.030..0.038 rows=1 loops=1)
                                 Filter: (id = 2)
                                 Rows Removed by Filter: 112
                                 Buffers: shared hit=1
                           ->  Nested Loop  (cost=16450.88..392911.24 rows=21 width=16) (actual time=41.763..1380.144 rows=3757 loops=1)
                                 Buffers: shared hit=99108 read=39819
                                 ->  Seq Scan on info_type it1  (cost=0.00..2.41 rows=1 width=4) (actual time=0.012..0.022 rows=1 loops=1)
                                       Filter: (id = 3)
                                       Rows Removed by Filter: 112
                                       Buffers: shared hit=1
                                 ->  Nested Loop  (cost=16450.88..392908.62 rows=21 width=20) (actual time=41.747..1379.486 rows=3757 loops=1)
                                       Buffers: shared hit=99107 read=39819
                                       ->  Hash Join  (cost=16450.44..373450.13 rows=461 width=12) (actual time=41.696..1066.558 rows=3759 loops=1)
                                             Hash Cond: (t.kind_id = kt.id)
                                             Buffers: shared hit=75160 read=28164
                                             ->  Nested Loop  (cost=16449.33..373442.22 rows=1614 width=16) (actual time=41.327..1062.738 rows=21557 loops=1)
                                                   Buffers: shared hit=75159 read=28164
                                                   ->  Bitmap Heap Scan on movie_info mi1  (cost=16448.90..359566.49 rows=1732 width=8) (actual time=41.295..389.401 rows=23087 loops=1)
                                                         Recheck Cond: (info_type_id = 3)
                                                         Filter: ((info)::text = ANY ('{News,Sport}'::text[]))
                                                         Rows Removed by Filter: 1510822
                                                         Heap Blocks: exact=9772
                                                         Buffers: shared hit=126 read=10849
                                                         ->  Bitmap Index Scan on info_type_id_movie_info  (cost=0.00..16448.47 rows=1538671 width=0) (actual time=40.095..40.095 rows=1533909 loops=1)
                                                               Index Cond: (info_type_id = 3)
                                                               Buffers: shared read=1203
                                                   ->  Index Scan using title_pkey on title t  (cost=0.43..8.01 rows=1 width=8) (actual time=0.029..0.029 rows=1 loops=23087)
                                                         Index Cond: (id = mi1.movie_id)
                                                         Filter: ((production_year <= 2015) AND (1925 < production_year))
                                                         Rows Removed by Filter: 0
                                                         Buffers: shared hit=75033 read=17315
                                             ->  Hash  (cost=1.09..1.09 rows=2 width=4) (actual time=0.017..0.018 rows=2 loops=1)
                                                   Buckets: 1024  Batches: 1  Memory Usage: 9kB
                                                   Buffers: shared hit=1
                                                   ->  Seq Scan on kind_type kt  (cost=0.00..1.09 rows=2 width=4) (actual time=0.010..0.011 rows=2 loops=1)
                                                         Filter: ((kind)::text = ANY ('{episode,"video movie"}'::text[]))
                                                         Rows Removed by Filter: 5
                                                         Buffers: shared hit=1
                                       ->  Index Scan using movie_id_movie_info on movie_info mi2  (cost=0.43..42.20 rows=1 width=8) (actual time=0.067..0.083 rows=1 loops=3759)
                                             Index Cond: (movie_id = t.id)
                                             Filter: (((info)::text = ANY ('{"Black and White",Color}'::text[])) AND (info_type_id = 2))
                                             Rows Removed by Filter: 7
                                             Buffers: shared hit=23947 read=11655
                     ->  Index Scan using movie_id_cast_info on cast_info ci  (cost=0.44..43.28 rows=38 width=12) (actual time=0.032..0.142 rows=13 loops=3757)
                           Index Cond: (movie_id = t.id)
                           Buffers: shared hit=41861 read=15512
               ->  Hash  (cost=1.15..1.15 rows=2 width=4) (actual time=0.035..0.035 rows=2 loops=1)
                     Buckets: 1024  Batches: 1  Memory Usage: 9kB
                     Buffers: shared hit=1
                     ->  Seq Scan on role_type rt  (cost=0.00..1.15 rows=2 width=4) (actual time=0.026..0.028 rows=2 loops=1)
                           Filter: ((role)::text = ANY ('{director,"production designer"}'::text[]))
                           Rows Removed by Filter: 10
                           Buffers: shared hit=1
         ->  Index Scan using name_pkey on name n  (cost=0.43..2.32 rows=1 width=4) (actual time=0.034..0.034 rows=0 loops=3032)
               Index Cond: (id = ci.person_id)
               Filter: ((gender)::text = ANY ('{f,m}'::text[]))
               Rows Removed by Filter: 1
               Buffers: shared hit=9208 read=2920
 Planning:
   Buffers: shared hit=483 read=91
 Planning Time: 13.593 ms
 Execution Time: 2036.741 ms
(73 rows)

