                                                                                            QUERY PLAN                                                                                            
--------------------------------------------------------------------------------------------------------------------------------------------------------------------------------------------------
 Aggregate  (cost=549124.78..549124.79 rows=1 width=8) (actual time=14686.726..14686.734 rows=1 loops=1)
   Buffers: shared hit=1187715 read=321251, temp read=733 written=733
   ->  Nested Loop  (cost=94331.97..549124.64 rows=56 width=0) (actual time=538.012..14681.812 rows=23765 loops=1)
         Buffers: shared hit=1187715 read=321251, temp read=733 written=733
         ->  Hash Join  (cost=94331.54..548925.16 rows=86 width=4) (actual time=537.983..13343.888 rows=38213 loops=1)
               Hash Cond: (ci.role_id = rt.id)
               Buffers: shared hit=1051627 read=304487, temp read=733 written=733
               ->  Nested Loop  (cost=94330.36..548922.15 rows=516 width=8) (actual time=537.780..13224.122 rows=770489 loops=1)
                     Buffers: shared hit=1051626 read=304487, temp read=733 written=733
                     ->  Nested Loop  (cost=94329.92..547318.19 rows=36 width=12) (actual time=537.744..5428.349 rows=35349 loops=1)
                           Buffers: shared hit=357718 read=135565, temp read=733 written=733
                           ->  Seq Scan on info_type it2  (cost=0.00..2.41 rows=1 width=4) (actual time=0.033..0.042 rows=1 loops=1)
                                 Filter: (id = 2)
                                 Rows Removed by Filter: 112
                                 Buffers: shared hit=1
                           ->  Nested Loop  (cost=94329.92..547315.42 rows=36 width=16) (actual time=537.710..5420.778 rows=35349 loops=1)
                                 Buffers: shared hit=357717 read=135565, temp read=733 written=733
                                 ->  Seq Scan on info_type it1  (cost=0.00..2.41 rows=1 width=4) (actual time=0.009..0.020 rows=1 loops=1)
                                       Filter: (id = 3)
                                       Rows Removed by Filter: 112
                                       Buffers: shared hit=1
                                 ->  Nested Loop  (cost=94329.92..547312.65 rows=36 width=20) (actual time=537.698..5412.679 rows=35349 loops=1)
                                       Buffers: shared hit=357716 read=135565, temp read=733 written=733
                                       ->  Hash Join  (cost=94329.49..513060.90 rows=800 width=12) (actual time=537.540..1266.082 rows=35562 loops=1)
                                             Hash Cond: (mi1.movie_id = t.id)
                                             Buffers: shared hit=26424 read=20943, temp read=733 written=733
                                             ->  Bitmap Heap Scan on movie_info mi1  (cost=16452.34..435117.67 rows=15489 width=8) (actual time=41.107..695.399 rows=143324 loops=1)
                                                   Recheck Cond: (info_type_id = 3)
                                                   Filter: ((info)::text = ANY ('{Crime,History,Music,Sci-Fi,Sport,War,Western}'::text[]))
                                                   Rows Removed by Filter: 1390585
                                                   Heap Blocks: exact=9772
                                                   Buffers: shared hit=4819 read=6156
                                                   ->  Bitmap Index Scan on info_type_id_movie_info  (cost=0.00..16448.47 rows=1538671 width=0) (actual time=39.718..39.719 rows=1533909 loops=1)
                                                         Index Cond: (info_type_id = 3)
                                                         Buffers: shared hit=1203
                                             ->  Hash  (cost=76244.08..76244.08 rows=130645 width=4) (actual time=465.676..465.679 rows=270182 loops=1)
                                                   Buckets: 262144 (originally 131072)  Batches: 2 (originally 1)  Memory Usage: 6799kB
                                                   Buffers: shared hit=21605 read=14787, temp written=395
                                                   ->  Hash Join  (cost=1.11..76244.08 rows=130645 width=4) (actual time=45.541..423.799 rows=270182 loops=1)
                                                         Hash Cond: (t.kind_id = kt.id)
                                                         Buffers: shared hit=21605 read=14787
                                                         ->  Seq Scan on title t  (cost=0.00..74315.95 rows=457258 width=8) (actual time=0.068..382.056 rows=451569 loops=1)
                                                               Filter: ((production_year <= 1975) AND (1875 < production_year))
                                                               Rows Removed by Filter: 2076743
                                                               Buffers: shared hit=21604 read=14787
                                                         ->  Hash  (cost=1.09..1.09 rows=2 width=4) (actual time=0.012..0.013 rows=2 loops=1)
                                                               Buckets: 1024  Batches: 1  Memory Usage: 9kB
                                                               Buffers: shared hit=1
                                                               ->  Seq Scan on kind_type kt  (cost=0.00..1.09 rows=2 width=4) (actual time=0.007..0.008 rows=2 loops=1)
                                                                     Filter: ((kind)::text = ANY ('{movie,"tv movie"}'::text[]))
                                                                     Rows Removed by Filter: 5
                                                                     Buffers: shared hit=1
                                       ->  Index Scan using movie_id_movie_info on movie_info mi2  (cost=0.43..42.80 rows=1 width=8) (actual time=0.098..0.116 rows=1 loops=35562)
                                             Index Cond: (movie_id = t.id)
                                             Filter: (((info)::text = ANY ('{"Black and White",Color}'::text[])) AND (info_type_id = 2))
                                             Rows Removed by Filter: 19
                                             Buffers: shared hit=331292 read=114622
                     ->  Index Scan using movie_id_cast_info on cast_info ci  (cost=0.44..44.17 rows=38 width=12) (actual time=0.034..0.215 rows=22 loops=35349)
                           Index Cond: (movie_id = t.id)
                           Buffers: shared hit=693908 read=168922
               ->  Hash  (cost=1.15..1.15 rows=2 width=4) (actual time=0.038..0.039 rows=2 loops=1)
                     Buckets: 1024  Batches: 1  Memory Usage: 9kB
                     Buffers: shared hit=1
                     ->  Seq Scan on role_type rt  (cost=0.00..1.15 rows=2 width=4) (actual time=0.030..0.032 rows=2 loops=1)
                           Filter: ((role)::text = ANY ('{director,"production designer"}'::text[]))
                           Rows Removed by Filter: 10
                           Buffers: shared hit=1
         ->  Index Scan using name_pkey on name n  (cost=0.43..2.32 rows=1 width=4) (actual time=0.034..0.034 rows=1 loops=38213)
               Index Cond: (id = ci.person_id)
               Filter: ((gender)::text = ANY ('{f,m}'::text[]))
               Rows Removed by Filter: 0
               Buffers: shared hit=136088 read=16764
 Planning:
   Buffers: shared hit=574
 Planning Time: 13.335 ms
 Execution Time: 14687.371 ms
(76 rows)

