                                                                                            QUERY PLAN                                                                                            
--------------------------------------------------------------------------------------------------------------------------------------------------------------------------------------------------
 Aggregate  (cost=409968.47..409968.48 rows=1 width=8) (actual time=12545.499..12545.507 rows=1 loops=1)
   Buffers: shared hit=1169316 read=118506
   ->  Nested Loop  (cost=62389.43..409968.46 rows=1 width=0) (actual time=387.015..12544.915 rows=1145 loops=1)
         Buffers: shared hit=1169316 read=118506
         ->  Nested Loop  (cost=62389.43..409966.04 rows=1 width=4) (actual time=387.006..12521.051 rows=1145 loops=1)
               Buffers: shared hit=1168171 read=118506
               ->  Nested Loop  (cost=62389.43..409963.62 rows=1 width=8) (actual time=386.979..12491.591 rows=1145 loops=1)
                     Buffers: shared hit=1167027 read=118505
                     ->  Hash Join  (cost=62389.00..409952.02 rows=5 width=12) (actual time=347.326..11533.689 rows=24031 loops=1)
                           Hash Cond: (ci.role_id = rt.id)
                           Buffers: shared hit=1075796 read=113612
                           ->  Nested Loop  (cost=62387.83..409950.75 rows=29 width=16) (actual time=347.120..11477.755 rows=245799 loops=1)
                                 Buffers: shared hit=1075795 read=113612
                                 ->  Nested Loop  (cost=62387.39..409850.48 rows=2 width=20) (actual time=347.094..7418.160 rows=61466 loops=1)
                                       Buffers: shared hit=677644 read=83777
                                       ->  Hash Join  (cost=62386.95..404861.94 rows=107 width=12) (actual time=347.009..745.953 rows=74634 loops=1)
                                             Hash Cond: (mi2.movie_id = t.id)
                                             Buffers: shared hit=12698 read=18232
                                             ->  Bitmap Heap Scan on movie_info mi2  (cost=13862.73..356243.17 rows=24927 width=8) (actual time=41.562..457.135 rows=288414 loops=1)
                                                   Recheck Cond: (info_type_id = 2)
                                                   Filter: ((info)::text = 'Black and White'::text)
                                                   Rows Removed by Filter: 1000514
                                                   Heap Blocks: exact=16526
                                                   Buffers: shared hit=7 read=17536
                                                   ->  Bitmap Index Scan on info_type_id_movie_info  (cost=0.00..13856.49 rows=1296008 width=0) (actual time=37.298..37.299 rows=1288928 loops=1)
                                                         Index Cond: (info_type_id = 2)
                                                         Buffers: shared read=1017
                                             ->  Hash  (cost=48388.79..48388.79 rows=10835 width=4) (actual time=166.595..166.598 rows=74873 loops=1)
                                                   Buckets: 131072 (originally 16384)  Batches: 1 (originally 1)  Memory Usage: 3657kB
                                                   Buffers: shared hit=12691 read=696
                                                   ->  Nested Loop  (cost=4496.00..48388.79 rows=10835 width=4) (actual time=19.532..155.799 rows=74873 loops=1)
                                                         Buffers: shared hit=12691 read=696
                                                         ->  Seq Scan on kind_type kt  (cost=0.00..1.09 rows=1 width=4) (actual time=0.008..0.011 rows=1 loops=1)
                                                               Filter: ((kind)::text = 'movie'::text)
                                                               Rows Removed by Filter: 6
                                                               Buffers: shared hit=1
                                                         ->  Bitmap Heap Scan on title t  (cost=4496.00..48261.29 rows=12641 width=8) (actual time=19.520..151.287 rows=74873 loops=1)
                                                               Recheck Cond: (kind_id = kt.id)
                                                               Filter: ((production_year <= 1925) AND (1910 < production_year))
                                                               Rows Removed by Filter: 587952
                                                               Heap Blocks: exact=12865
                                                               Buffers: shared hit=12690 read=696
                                                               ->  Bitmap Index Scan on kind_id_title  (cost=0.00..4492.84 rows=421388 width=0) (actual time=17.239..17.239 rows=662825 loops=1)
                                                                     Index Cond: (kind_id = kt.id)
                                                                     Buffers: shared read=521
                                       ->  Index Scan using movie_id_movie_info on movie_info mi1  (cost=0.43..46.61 rows=1 width=8) (actual time=0.088..0.089 rows=1 loops=74634)
                                             Index Cond: (movie_id = t.id)
                                             Filter: ((info_type_id = 3) AND ((info)::text = ANY ('{Documentary,Short,Western}'::text[])))
                                             Rows Removed by Filter: 10
                                             Buffers: shared hit=664946 read=65545
                                 ->  Index Scan using movie_id_cast_info on cast_info ci  (cost=0.44..49.76 rows=38 width=12) (actual time=0.034..0.064 rows=4 loops=61466)
                                       Index Cond: (movie_id = t.id)
                                       Buffers: shared hit=398151 read=29835
                           ->  Hash  (cost=1.15..1.15 rows=2 width=4) (actual time=0.039..0.040 rows=2 loops=1)
                                 Buckets: 1024  Batches: 1  Memory Usage: 9kB
                                 Buffers: shared hit=1
                                 ->  Seq Scan on role_type rt  (cost=0.00..1.15 rows=2 width=4) (actual time=0.027..0.029 rows=2 loops=1)
                                       Filter: ((role)::text = ANY ('{editor,writer}'::text[]))
                                       Rows Removed by Filter: 10
                                       Buffers: shared hit=1
                     ->  Index Scan using name_pkey on name n  (cost=0.43..2.32 rows=1 width=4) (actual time=0.039..0.039 rows=0 loops=24031)
                           Index Cond: (id = ci.person_id)
                           Filter: ((gender)::text = 'f'::text)
                           Rows Removed by Filter: 1
                           Buffers: shared hit=91231 read=4893
               ->  Seq Scan on info_type it1  (cost=0.00..2.41 rows=1 width=4) (actual time=0.013..0.023 rows=1 loops=1145)
                     Filter: (id = 3)
                     Rows Removed by Filter: 112
                     Buffers: shared hit=1144 read=1
         ->  Seq Scan on info_type it2  (cost=0.00..2.41 rows=1 width=4) (actual time=0.008..0.018 rows=1 loops=1145)
               Filter: (id = 2)
               Rows Removed by Filter: 112
               Buffers: shared hit=1145
 Planning:
   Buffers: shared hit=487 read=87
 Planning Time: 13.977 ms
 Execution Time: 12546.355 ms
(77 rows)

