                                                                                            QUERY PLAN                                                                                            
--------------------------------------------------------------------------------------------------------------------------------------------------------------------------------------------------
 Aggregate  (cost=770024.41..770024.42 rows=1 width=8) (actual time=6211.751..6211.759 rows=1 loops=1)
   Buffers: shared hit=339572 read=227207, temp read=7150 written=7150
   ->  Nested Loop  (cost=107780.82..770024.23 rows=71 width=0) (actual time=961.240..6210.757 rows=3760 loops=1)
         Buffers: shared hit=339572 read=227207, temp read=7150 written=7150
         ->  Seq Scan on info_type it2  (cost=0.00..2.41 rows=1 width=4) (actual time=0.031..0.039 rows=1 loops=1)
               Filter: (id = 2)
               Rows Removed by Filter: 112
               Buffers: shared hit=1
         ->  Nested Loop  (cost=107780.82..770021.11 rows=71 width=4) (actual time=961.208..6209.949 rows=3760 loops=1)
               Buffers: shared hit=339571 read=227207, temp read=7150 written=7150
               ->  Seq Scan on info_type it1  (cost=0.00..2.41 rows=1 width=4) (actual time=0.008..0.018 rows=1 loops=1)
                     Filter: (id = 3)
                     Rows Removed by Filter: 112
                     Buffers: shared hit=1
               ->  Nested Loop  (cost=107780.82..770017.99 rows=71 width=8) (actual time=961.198..6209.202 rows=3760 loops=1)
                     Buffers: shared hit=339570 read=227207, temp read=7150 written=7150
                     ->  Hash Join  (cost=107780.39..769765.16 rows=109 width=12) (actual time=961.162..5856.770 rows=9757 loops=1)
                           Hash Cond: (ci.role_id = rt.id)
                           Buffers: shared hit=311709 read=216040, temp read=7150 written=7150
                           ->  Nested Loop  (cost=107779.23..769759.36 rows=1304 width=16) (actual time=960.775..5829.235 rows=208318 loops=1)
                                 Buffers: shared hit=311708 read=216040, temp read=7150 written=7150
                                 ->  Nested Loop  (cost=107778.79..765779.43 rows=91 width=20) (actual time=960.739..3584.571 rows=9583 loops=1)
                                       Buffers: shared hit=191622 read=106307, temp read=7150 written=7150
                                       ->  Hash Join  (cost=107778.35..453439.91 rows=7364 width=12) (actual time=960.653..1449.689 rows=22739 loops=1)
                                             Hash Cond: (mi2.movie_id = t.id)
                                             Buffers: shared hit=2612 read=51323, temp read=7150 written=7150
                                             ->  Bitmap Heap Scan on movie_info mi2  (cost=13862.73..356243.17 rows=24927 width=8) (actual time=38.785..292.443 rows=288414 loops=1)
                                                   Recheck Cond: (info_type_id = 2)
                                                   Filter: ((info)::text = 'Black and White'::text)
                                                   Rows Removed by Filter: 1000514
                                                   Heap Blocks: exact=16526
                                                   Buffers: shared hit=2092 read=15451
                                                   ->  Bitmap Index Scan on info_type_id_movie_info  (cost=0.00..13856.49 rows=1296008 width=0) (actual time=34.433..34.434 rows=1288928 loops=1)
                                                         Index Cond: (info_type_id = 2)
                                                         Buffers: shared read=1017
                                             ->  Hash  (cost=81661.50..81661.50 rows=746890 width=4) (actual time=843.913..843.916 rows=1610551 loops=1)
                                                   Buckets: 262144 (originally 262144)  Batches: 16 (originally 8)  Memory Usage: 6145kB
                                                   Buffers: shared hit=520 read=35872, temp written=4414
                                                   ->  Hash Join  (cost=1.13..81661.50 rows=746890 width=4) (actual time=0.050..628.018 rows=1610551 loops=1)
                                                         Hash Cond: (t.kind_id = kt.id)
                                                         Buffers: shared hit=520 read=35872
                                                         ->  Seq Scan on title t  (cost=0.00..74315.95 rows=1742744 width=8) (actual time=0.024..431.046 rows=1748995 loops=1)
                                                               Filter: ((production_year <= 2015) AND (1990 < production_year))
                                                               Rows Removed by Filter: 779317
                                                               Buffers: shared hit=519 read=35872
                                                         ->  Hash  (cost=1.10..1.10 rows=3 width=4) (actual time=0.011..0.012 rows=3 loops=1)
                                                               Buckets: 1024  Batches: 1  Memory Usage: 9kB
                                                               Buffers: shared hit=1
                                                               ->  Seq Scan on kind_type kt  (cost=0.00..1.10 rows=3 width=4) (actual time=0.006..0.008 rows=3 loops=1)
                                                                     Filter: ((kind)::text = ANY ('{episode,movie,"video movie"}'::text[]))
                                                                     Rows Removed by Filter: 4
                                                                     Buffers: shared hit=1
                                       ->  Index Scan using movie_id_movie_info on movie_info mi1  (cost=0.43..42.40 rows=1 width=8) (actual time=0.093..0.093 rows=0 loops=22739)
                                             Index Cond: (movie_id = t.id)
                                             Filter: ((info_type_id = 3) AND ((info)::text = ANY ('{Biography,Drama,History,Music,Sci-Fi}'::text[])))
                                             Rows Removed by Filter: 13
                                             Buffers: shared hit=189010 read=54984
                                 ->  Index Scan using movie_id_cast_info on cast_info ci  (cost=0.44..43.36 rows=38 width=12) (actual time=0.036..0.229 rows=22 loops=9583)
                                       Index Cond: (movie_id = t.id)
                                       Buffers: shared hit=120086 read=109733
                           ->  Hash  (cost=1.15..1.15 rows=1 width=4) (actual time=0.012..0.012 rows=1 loops=1)
                                 Buckets: 1024  Batches: 1  Memory Usage: 9kB
                                 Buffers: shared hit=1
                                 ->  Seq Scan on role_type rt  (cost=0.00..1.15 rows=1 width=4) (actual time=0.007..0.008 rows=1 loops=1)
                                       Filter: ((role)::text = 'editor'::text)
                                       Rows Removed by Filter: 11
                                       Buffers: shared hit=1
                     ->  Index Scan using name_pkey on name n  (cost=0.43..2.32 rows=1 width=4) (actual time=0.036..0.036 rows=0 loops=9757)
                           Index Cond: (id = ci.person_id)
                           Filter: ((gender)::text = ANY ('{f,m}'::text[]))
                           Rows Removed by Filter: 1
                           Buffers: shared hit=27861 read=11167
 Planning:
   Buffers: shared hit=529 read=45
 Planning Time: 8.970 ms
 Execution Time: 6212.784 ms
(76 rows)

