                                                                                            QUERY PLAN                                                                                            
--------------------------------------------------------------------------------------------------------------------------------------------------------------------------------------------------
 Aggregate  (cost=436329.44..436329.45 rows=1 width=8) (actual time=15302.689..15302.698 rows=1 loops=1)
   Buffers: shared hit=1446573 read=128566
   ->  Nested Loop  (cost=62508.68..436329.38 rows=22 width=0) (actual time=503.608..15302.436 rows=399 loops=1)
         Buffers: shared hit=1446573 read=128566
         ->  Hash Join  (cost=62508.25..436250.52 rows=34 width=4) (actual time=465.067..15261.993 rows=1077 loops=1)
               Hash Cond: (ci.role_id = rt.id)
               Buffers: shared hit=1442764 read=128067
               ->  Nested Loop  (cost=62507.07..436248.63 rows=201 width=8) (actual time=437.976..15211.854 rows=274352 loops=1)
                     Join Filter: (t.id = ci.movie_id)
                     Buffers: shared hit=1442763 read=128067
                     ->  Nested Loop  (cost=62506.63..435576.92 rows=14 width=12) (actual time=437.944..10373.166 rows=82914 loops=1)
                           Buffers: shared hit=957445 read=93212
                           ->  Seq Scan on info_type it2  (cost=0.00..2.41 rows=1 width=4) (actual time=0.031..0.042 rows=1 loops=1)
                                 Filter: (id = 2)
                                 Rows Removed by Filter: 112
                                 Buffers: shared hit=1
                           ->  Nested Loop  (cost=62506.63..435574.36 rows=14 width=16) (actual time=437.911..10352.649 rows=82914 loops=1)
                                 Buffers: shared hit=957444 read=93212
                                 ->  Seq Scan on info_type it1  (cost=0.00..2.41 rows=1 width=4) (actual time=0.013..0.025 rows=1 loops=1)
                                       Filter: (id = 3)
                                       Rows Removed by Filter: 112
                                       Buffers: shared hit=1
                                 ->  Nested Loop  (cost=62506.63..435571.81 rows=14 width=20) (actual time=437.895..10331.584 rows=82914 loops=1)
                                       Join Filter: (t.id = mi1.movie_id)
                                       Buffers: shared hit=957443 read=93212
                                       ->  Hash Join  (cost=62506.20..405321.98 rows=669 width=12) (actual time=437.810..1128.138 rows=104487 loops=1)
                                             Hash Cond: (mi2.movie_id = t.id)
                                             Buffers: shared hit=1675 read=29255
                                             ->  Bitmap Heap Scan on movie_info mi2  (cost=13885.07..356265.51 rows=114308 width=8) (actual time=37.752..573.058 rows=1288928 loops=1)
                                                   Recheck Cond: (info_type_id = 2)
                                                   Filter: ((info)::text = ANY ('{"Black and White",Color}'::text[]))
                                                   Heap Blocks: exact=16526
                                                   Buffers: shared hit=1674 read=15869
                                                   ->  Bitmap Index Scan on info_type_id_movie_info  (cost=0.00..13856.49 rows=1296008 width=0) (actual time=35.524..35.524 rows=1288928 loops=1)
                                                         Index Cond: (info_type_id = 2)
                                                         Buffers: shared read=1017
                                             ->  Hash  (cost=48436.16..48436.16 rows=14797 width=4) (actual time=193.179..193.182 rows=103977 loops=1)
                                                   Buckets: 131072 (originally 16384)  Batches: 1 (originally 1)  Memory Usage: 4680kB
                                                   Buffers: shared hit=1 read=13386
                                                   ->  Nested Loop  (cost=4497.16..48436.16 rows=14797 width=4) (actual time=19.446..178.007 rows=103977 loops=1)
                                                         Buffers: shared hit=1 read=13386
                                                         ->  Seq Scan on kind_type kt  (cost=0.00..1.09 rows=1 width=4) (actual time=0.008..0.012 rows=1 loops=1)
                                                               Filter: ((kind)::text = 'movie'::text)
                                                               Rows Removed by Filter: 6
                                                               Buffers: shared hit=1
                                                         ->  Bitmap Heap Scan on title t  (cost=4497.16..48262.45 rows=17263 width=8) (actual time=19.434..171.496 rows=103977 loops=1)
                                                               Recheck Cond: (kind_id = kt.id)
                                                               Filter: ((production_year <= 1925) AND (1875 < production_year))
                                                               Rows Removed by Filter: 558848
                                                               Heap Blocks: exact=12865
                                                               Buffers: shared read=13386
                                                               ->  Bitmap Index Scan on kind_id_title  (cost=0.00..4492.84 rows=421388 width=0) (actual time=17.176..17.176 rows=662825 loops=1)
                                                                     Index Cond: (kind_id = kt.id)
                                                                     Buffers: shared read=521
                                       ->  Index Scan using movie_id_movie_info on movie_info mi1  (cost=0.43..45.20 rows=1 width=8) (actual time=0.087..0.087 rows=1 loops=104487)
                                             Index Cond: (movie_id = mi2.movie_id)
                                             Filter: ((info_type_id = 3) AND ((info)::text = ANY ('{Action,Fantasy,Mystery,Short,Thriller}'::text[])))
                                             Rows Removed by Filter: 10
                                             Buffers: shared hit=955768 read=63957
                     ->  Index Scan using movie_id_cast_info on cast_info ci  (cost=0.44..47.50 rows=38 width=12) (actual time=0.033..0.057 rows=3 loops=82914)
                           Index Cond: (movie_id = mi2.movie_id)
                           Buffers: shared hit=485318 read=34855
               ->  Hash  (cost=1.15..1.15 rows=2 width=4) (actual time=0.036..0.037 rows=2 loops=1)
                     Buckets: 1024  Batches: 1  Memory Usage: 9kB
                     Buffers: shared hit=1
                     ->  Seq Scan on role_type rt  (cost=0.00..1.15 rows=2 width=4) (actual time=0.028..0.030 rows=2 loops=1)
                           Filter: ((role)::text = ANY ('{"costume designer",editor}'::text[]))
                           Rows Removed by Filter: 10
                           Buffers: shared hit=1
         ->  Index Scan using name_pkey on name n  (cost=0.43..2.32 rows=1 width=4) (actual time=0.037..0.037 rows=0 loops=1077)
               Index Cond: (id = ci.person_id)
               Filter: ((gender)::text = ANY ('{f,m}'::text[]))
               Rows Removed by Filter: 1
               Buffers: shared hit=3809 read=499
 Planning:
   Buffers: shared hit=481 read=93
 Planning Time: 13.020 ms
 Execution Time: 15303.632 ms
(78 rows)

