                                                                                            QUERY PLAN                                                                                            
--------------------------------------------------------------------------------------------------------------------------------------------------------------------------------------------------
 Aggregate  (cost=601420.13..601420.14 rows=1 width=8) (actual time=1686.368..1686.375 rows=1 loops=1)
   Buffers: shared hit=78308 read=62046
   ->  Nested Loop  (cost=94340.83..601420.04 rows=33 width=0) (actual time=487.838..1686.355 rows=10 loops=1)
         Buffers: shared hit=78308 read=62046
         ->  Seq Scan on info_type it2  (cost=0.00..2.41 rows=1 width=4) (actual time=0.030..0.035 rows=1 loops=1)
               Filter: (id = 2)
               Rows Removed by Filter: 112
               Buffers: shared hit=1
         ->  Nested Loop  (cost=94340.83..601417.30 rows=33 width=4) (actual time=487.806..1686.314 rows=10 loops=1)
               Buffers: shared hit=78307 read=62046
               ->  Seq Scan on info_type it1  (cost=0.00..2.41 rows=1 width=4) (actual time=0.005..0.012 rows=1 loops=1)
                     Filter: (id = 3)
                     Rows Removed by Filter: 112
                     Buffers: shared hit=1
               ->  Nested Loop  (cost=94340.83..601414.56 rows=33 width=8) (actual time=487.798..1686.296 rows=10 loops=1)
                     Buffers: shared hit=78306 read=62046
                     ->  Hash Join  (cost=94340.40..601085.19 rows=142 width=12) (actual time=457.758..1660.841 rows=678 loops=1)
                           Hash Cond: (ci.role_id = rt.id)
                           Buffers: shared hit=76258 read=61382
                           ->  Nested Loop  (cost=94339.23..601077.97 rows=1706 width=16) (actual time=457.681..1657.179 rows=34010 loops=1)
                                 Buffers: shared hit=76257 read=61382
                                 ->  Nested Loop  (cost=94338.79..595776.00 rows=119 width=20) (actual time=457.651..1227.962 rows=4179 loops=1)
                                       Buffers: shared hit=47422 read=44692
                                       ->  Hash Join  (cost=94338.36..483002.11 rows=2634 width=12) (actual time=457.478..834.698 rows=4262 loops=1)
                                             Hash Cond: (mi1.movie_id = t.id)
                                             Buffers: shared hit=17540 read=29827
                                             ->  Bitmap Heap Scan on movie_info mi1  (cost=16461.21..404907.44 rows=50981 width=8) (actual time=45.172..374.929 rows=469396 loops=1)
                                                   Recheck Cond: (info_type_id = 3)
                                                   Filter: ((info)::text = ANY ('{Action,Adventure,Comedy,Documentary,Romance}'::text[]))
                                                   Rows Removed by Filter: 1064513
                                                   Heap Blocks: exact=9772
                                                   Buffers: shared hit=4531 read=6444
                                                   ->  Bitmap Index Scan on info_type_id_movie_info  (cost=0.00..16448.47 rows=1538671 width=0) (actual time=43.994..43.994 rows=1533909 loops=1)
                                                         Index Cond: (info_type_id = 3)
                                                         Buffers: shared read=1203
                                             ->  Hash  (cost=76244.08..76244.08 rows=130645 width=4) (actual time=411.797..411.800 rows=11554 loops=1)
                                                   Buckets: 131072  Batches: 1  Memory Usage: 1431kB
                                                   Buffers: shared hit=13009 read=23383
                                                   ->  Hash Join  (cost=1.11..76244.08 rows=130645 width=4) (actual time=0.128..408.882 rows=11554 loops=1)
                                                         Hash Cond: (t.kind_id = kt.id)
                                                         Buffers: shared hit=13009 read=23383
                                                         ->  Seq Scan on title t  (cost=0.00..74315.95 rows=457258 width=8) (actual time=0.022..380.128 rows=451569 loops=1)
                                                               Filter: ((production_year <= 1975) AND (1875 < production_year))
                                                               Rows Removed by Filter: 2076743
                                                               Buffers: shared hit=13008 read=23383
                                                         ->  Hash  (cost=1.09..1.09 rows=2 width=4) (actual time=0.011..0.012 rows=2 loops=1)
                                                               Buckets: 1024  Batches: 1  Memory Usage: 9kB
                                                               Buffers: shared hit=1
                                                               ->  Seq Scan on kind_type kt  (cost=0.00..1.09 rows=2 width=4) (actual time=0.006..0.007 rows=2 loops=1)
                                                                     Filter: ((kind)::text = ANY ('{"tv series","video movie"}'::text[]))
                                                                     Rows Removed by Filter: 5
                                                                     Buffers: shared hit=1
                                       ->  Index Scan using movie_id_movie_info on movie_info mi2  (cost=0.43..42.80 rows=1 width=8) (actual time=0.073..0.092 rows=1 loops=4262)
                                             Index Cond: (movie_id = t.id)
                                             Filter: (((info)::text = ANY ('{"Black and White",Color}'::text[])) AND (info_type_id = 2))
                                             Rows Removed by Filter: 12
                                             Buffers: shared hit=29882 read=14865
                                 ->  Index Scan using movie_id_cast_info on cast_info ci  (cost=0.44..44.17 rows=38 width=12) (actual time=0.034..0.101 rows=8 loops=4179)
                                       Index Cond: (movie_id = t.id)
                                       Buffers: shared hit=28835 read=16690
                           ->  Hash  (cost=1.15..1.15 rows=1 width=4) (actual time=0.010..0.010 rows=1 loops=1)
                                 Buckets: 1024  Batches: 1  Memory Usage: 9kB
                                 Buffers: shared hit=1
                                 ->  Seq Scan on role_type rt  (cost=0.00..1.15 rows=1 width=4) (actual time=0.005..0.006 rows=1 loops=1)
                                       Filter: ((role)::text = 'editor'::text)
                                       Rows Removed by Filter: 11
                                       Buffers: shared hit=1
                     ->  Index Scan using name_pkey on name n  (cost=0.43..2.32 rows=1 width=4) (actual time=0.037..0.037 rows=0 loops=678)
                           Index Cond: (id = ci.person_id)
                           Filter: ((gender)::text = 'f'::text)
                           Rows Removed by Filter: 1
                           Buffers: shared hit=2048 read=664
 Planning:
   Buffers: shared hit=506 read=68
 Planning Time: 7.672 ms
 Execution Time: 1686.828 ms
(76 rows)

