                                                                                               QUERY PLAN                                                                                               
--------------------------------------------------------------------------------------------------------------------------------------------------------------------------------------------------------
 Aggregate  (cost=912229.25..912229.26 rows=1 width=8) (actual time=246284.271..246284.284 rows=1 loops=1)
   Buffers: shared hit=21575234 read=3697405, temp read=19824 written=19824
   ->  Nested Loop  (cost=472678.99..912225.90 rows=1338 width=0) (actual time=2330.975..246145.623 rows=713686 loops=1)
         Buffers: shared hit=21575234 read=3697405, temp read=19824 written=19824
         ->  Hash Join  (cost=472678.56..904828.96 rows=3189 width=4) (actual time=2330.867..145931.895 rows=2787662 loops=1)
               Hash Cond: (ci.role_id = rt.id)
               Buffers: shared hit=11029505 read=3092486, temp read=19824 written=19824
               ->  Nested Loop  (cost=472677.39..904759.80 rows=19136 width=8) (actual time=2330.388..143123.180 rows=12416173 loops=1)
                     Buffers: shared hit=11029504 read=3092486, temp read=19824 written=19824
                     ->  Nested Loop  (cost=472676.95..846474.14 rows=1335 width=12) (actual time=2330.346..4404.906 rows=663966 loops=1)
                           Buffers: shared hit=19367 read=45545, temp read=19824 written=19824
                           ->  Seq Scan on info_type it2  (cost=0.00..2.41 rows=1 width=4) (actual time=0.022..0.032 rows=1 loops=1)
                                 Filter: (id = 2)
                                 Rows Removed by Filter: 112
                                 Buffers: shared hit=1
                           ->  Nested Loop  (cost=472676.95..846458.38 rows=1335 width=16) (actual time=2330.323..4255.121 rows=663966 loops=1)
                                 Buffers: shared hit=19366 read=45545, temp read=19824 written=19824
                                 ->  Seq Scan on info_type it1  (cost=0.00..2.41 rows=1 width=4) (actual time=0.005..0.018 rows=1 loops=1)
                                       Filter: (id = 3)
                                       Rows Removed by Filter: 112
                                       Buffers: shared hit=1
                                 ->  Hash Join  (cost=472676.95..846442.62 rows=1335 width=20) (actual time=2330.316..4106.040 rows=663966 loops=1)
                                       Hash Cond: (mi1.movie_id = t.id)
                                       Buffers: shared hit=19365 read=45545, temp read=19824 written=19824
                                       ->  Bitmap Heap Scan on movie_info mi1  (cost=16476.21..389812.89 rows=110836 width=8) (actual time=38.531..556.681 rows=1070955 loops=1)
                                             Recheck Cond: (info_type_id = 3)
                                             Filter: ((info)::text = ANY ('{Adult,Adventure,Documentary,Drama,Fantasy,Horror,Music,Mystery,Romance,Sci-Fi,Short,Thriller}'::text[]))
                                             Rows Removed by Filter: 462954
                                             Heap Blocks: exact=9772
                                             Buffers: shared hit=2559 read=8416
                                             ->  Bitmap Index Scan on info_type_id_movie_info  (cost=0.00..16448.47 rows=1538671 width=0) (actual time=36.349..36.350 rows=1533909 loops=1)
                                                   Index Cond: (info_type_id = 3)
                                                   Buffers: shared hit=1203
                                       ->  Hash  (cost=455820.22..455820.22 rows=30442 width=12) (actual time=2291.552..2291.558 rows=865889 loops=1)
                                             Buckets: 262144 (originally 32768)  Batches: 8 (originally 1)  Memory Usage: 6691kB
                                             Buffers: shared hit=16806 read=37129, temp read=11511 written=14468
                                             ->  Hash Join  (cost=109181.70..455820.22 rows=30442 width=12) (actual time=1254.515..2156.112 rows=865889 loops=1)
                                                   Hash Cond: (mi2.movie_id = t.id)
                                                   Buffers: shared hit=16806 read=37129, temp read=11511 written=11511
                                                   ->  Bitmap Heap Scan on movie_info mi2  (cost=13885.07..356265.51 rows=114308 width=8) (actual time=34.856..387.518 rows=1288928 loops=1)
                                                         Recheck Cond: (info_type_id = 2)
                                                         Filter: ((info)::text = ANY ('{"Black and White",Color}'::text[]))
                                                         Heap Blocks: exact=16526
                                                         Buffers: shared hit=1790 read=15753
                                                         ->  Bitmap Index Scan on info_type_id_movie_info  (cost=0.00..13856.49 rows=1296008 width=0) (actual time=32.567..32.567 rows=1288928 loops=1)
                                                               Index Cond: (info_type_id = 2)
                                                               Buffers: shared hit=1 read=1016
                                                   ->  Hash  (cost=84248.85..84248.85 rows=673342 width=4) (actual time=1218.515..1218.519 rows=2030736 loops=1)
                                                         Buckets: 262144 (originally 262144)  Batches: 16 (originally 8)  Memory Usage: 6511kB
                                                         Buffers: shared hit=15016 read=21376, temp written=5570
                                                         ->  Hash Join  (cost=1.11..84248.85 rows=673342 width=4) (actual time=0.040..893.743 rows=2030736 loops=1)
                                                               Hash Cond: (t.kind_id = kt.id)
                                                               Buffers: shared hit=15016 read=21376
                                                               ->  Seq Scan on title t  (cost=0.00..74315.95 rows=2356696 width=8) (actual time=0.017..546.437 rows=2352201 loops=1)
                                                                     Filter: ((production_year <= 2015) AND (1925 < production_year))
                                                                     Rows Removed by Filter: 176111
                                                                     Buffers: shared hit=15015 read=21376
                                                               ->  Hash  (cost=1.09..1.09 rows=2 width=4) (actual time=0.011..0.012 rows=2 loops=1)
                                                                     Buckets: 1024  Batches: 1  Memory Usage: 9kB
                                                                     Buffers: shared hit=1
                                                                     ->  Seq Scan on kind_type kt  (cost=0.00..1.09 rows=2 width=4) (actual time=0.006..0.008 rows=2 loops=1)
                                                                           Filter: ((kind)::text = ANY ('{episode,movie}'::text[]))
                                                                           Rows Removed by Filter: 5
                                                                           Buffers: shared hit=1
                     ->  Index Scan using movie_id_cast_info on cast_info ci  (cost=0.44..43.28 rows=38 width=12) (actual time=0.036..0.204 rows=19 loops=663966)
                           Index Cond: (movie_id = t.id)
                           Buffers: shared hit=11010137 read=3046941
               ->  Hash  (cost=1.15..1.15 rows=2 width=4) (actual time=0.031..0.032 rows=2 loops=1)
                     Buckets: 1024  Batches: 1  Memory Usage: 9kB
                     Buffers: shared hit=1
                     ->  Seq Scan on role_type rt  (cost=0.00..1.15 rows=2 width=4) (actual time=0.023..0.024 rows=2 loops=1)
                           Filter: ((role)::text = ANY ('{"miscellaneous crew",producer}'::text[]))
                           Rows Removed by Filter: 10
                           Buffers: shared hit=1
         ->  Index Scan using name_pkey on name n  (cost=0.43..2.32 rows=1 width=4) (actual time=0.035..0.035 rows=0 loops=2787662)
               Index Cond: (id = ci.person_id)
               Filter: ((gender)::text = 'm'::text)
               Rows Removed by Filter: 1
               Buffers: shared hit=10545729 read=604919
 Planning:
   Buffers: shared hit=576 read=1
 Planning Time: 6.028 ms
 Execution Time: 246285.033 ms
(83 rows)

