                                                                                               QUERY PLAN                                                                                               
--------------------------------------------------------------------------------------------------------------------------------------------------------------------------------------------------------
 Aggregate  (cost=454641.92..454641.93 rows=1 width=8) (actual time=5301.372..5301.379 rows=1 loops=1)
   Buffers: shared hit=424371 read=114818
   ->  Nested Loop  (cost=16454.46..454641.89 rows=10 width=0) (actual time=286.909..5301.277 rows=162 loops=1)
         Buffers: shared hit=424371 read=114818
         ->  Seq Scan on info_type it2  (cost=0.00..2.41 rows=1 width=4) (actual time=0.043..0.052 rows=1 loops=1)
               Filter: (id = 2)
               Rows Removed by Filter: 112
               Buffers: shared hit=1
         ->  Nested Loop  (cost=16454.46..454639.38 rows=10 width=4) (actual time=286.864..5301.172 rows=162 loops=1)
               Buffers: shared hit=424370 read=114818
               ->  Seq Scan on info_type it1  (cost=0.00..2.41 rows=1 width=4) (actual time=0.009..0.020 rows=1 loops=1)
                     Filter: (id = 3)
                     Rows Removed by Filter: 112
                     Buffers: shared hit=1
               ->  Nested Loop  (cost=16454.46..454636.87 rows=10 width=8) (actual time=286.851..5301.087 rows=162 loops=1)
                     Buffers: shared hit=424369 read=114818
                     ->  Hash Join  (cost=16454.03..454578.88 rows=25 width=12) (actual time=60.205..5257.690 rows=1279 loops=1)
                           Hash Cond: (ci.role_id = rt.id)
                           Buffers: shared hit=419863 read=114208
                           ->  Nested Loop  (cost=16452.87..454576.65 rows=301 width=16) (actual time=54.529..5243.080 rows=98229 loops=1)
                                 Buffers: shared hit=419862 read=114208
                                 ->  Nested Loop  (cost=16452.43..453641.01 rows=21 width=20) (actual time=54.488..4148.166 rows=3012 loops=1)
                                       Buffers: shared hit=348405 read=80222
                                       ->  Hash Join  (cost=16451.99..427780.94 rows=604 width=12) (actual time=49.172..2866.338 rows=9216 loops=1)
                                             Hash Cond: (t.kind_id = kt.id)
                                             Buffers: shared hit=266537 read=33887
                                             ->  Nested Loop  (cost=16450.86..427773.86 rows=1410 width=16) (actual time=42.764..2862.194 rows=9780 loops=1)
                                                   Buffers: shared hit=266536 read=33887
                                                   ->  Bitmap Heap Scan on movie_info mi1  (cost=16450.42..374677.55 rows=7796 width=8) (actual time=41.349..526.704 rows=79266 loops=1)
                                                         Recheck Cond: (info_type_id = 3)
                                                         Filter: ((info)::text = ANY ('{Biography,Mystery,Thriller}'::text[]))
                                                         Rows Removed by Filter: 1454643
                                                         Heap Blocks: exact=9772
                                                         Buffers: shared hit=23 read=10952
                                                         ->  Bitmap Index Scan on info_type_id_movie_info  (cost=0.00..16448.47 rows=1538671 width=0) (actual time=40.163..40.163 rows=1533909 loops=1)
                                                               Index Cond: (info_type_id = 3)
                                                               Buffers: shared read=1203
                                                   ->  Memoize  (cost=0.44..6.87 rows=1 width=8) (actual time=0.029..0.029 rows=0 loops=79266)
                                                         Cache Key: mi1.movie_id
                                                         Cache Mode: logical
                                                         Hits: 6904  Misses: 72362  Evictions: 0  Overflows: 0  Memory Usage: 5153kB
                                                         Buffers: shared hit=266513 read=22935
                                                         ->  Index Scan using title_pkey on title t  (cost=0.43..6.86 rows=1 width=8) (actual time=0.031..0.031 rows=0 loops=72362)
                                                               Index Cond: (id = mi1.movie_id)
                                                               Filter: ((production_year <= 1975) AND (1875 < production_year))
                                                               Rows Removed by Filter: 1
                                                               Buffers: shared hit=266513 read=22935
                                             ->  Hash  (cost=1.10..1.10 rows=3 width=4) (actual time=0.021..0.021 rows=3 loops=1)
                                                   Buckets: 1024  Batches: 1  Memory Usage: 9kB
                                                   Buffers: shared hit=1
                                                   ->  Seq Scan on kind_type kt  (cost=0.00..1.10 rows=3 width=4) (actual time=0.009..0.011 rows=3 loops=1)
                                                         Filter: ((kind)::text = ANY ('{episode,movie,"tv movie"}'::text[]))
                                                         Rows Removed by Filter: 4
                                                         Buffers: shared hit=1
                                       ->  Index Scan using movie_id_movie_info on movie_info mi2  (cost=0.43..42.80 rows=1 width=8) (actual time=0.132..0.139 rows=0 loops=9216)
                                             Index Cond: (movie_id = t.id)
                                             Filter: ((info_type_id = 2) AND ((info)::text = 'Color'::text))
                                             Rows Removed by Filter: 27
                                             Buffers: shared hit=81868 read=46335
                                 ->  Index Scan using movie_id_cast_info on cast_info ci  (cost=0.44..44.17 rows=38 width=12) (actual time=0.038..0.355 rows=33 loops=3012)
                                       Index Cond: (movie_id = t.id)
                                       Buffers: shared hit=71457 read=33986
                           ->  Hash  (cost=1.15..1.15 rows=1 width=4) (actual time=0.017..0.018 rows=1 loops=1)
                                 Buckets: 1024  Batches: 1  Memory Usage: 9kB
                                 Buffers: shared hit=1
                                 ->  Seq Scan on role_type rt  (cost=0.00..1.15 rows=1 width=4) (actual time=0.010..0.011 rows=1 loops=1)
                                       Filter: ((role)::text = 'costume designer'::text)
                                       Rows Removed by Filter: 11
                                       Buffers: shared hit=1
                     ->  Index Scan using name_pkey on name n  (cost=0.43..2.32 rows=1 width=4) (actual time=0.033..0.033 rows=0 loops=1279)
                           Index Cond: (id = ci.person_id)
                           Filter: ((gender)::text = 'm'::text)
                           Rows Removed by Filter: 1
                           Buffers: shared hit=4506 read=610
 Planning:
   Buffers: shared hit=481 read=93
 Planning Time: 13.147 ms
 Execution Time: 5303.293 ms
(78 rows)

