                                                                                            QUERY PLAN                                                                                             
---------------------------------------------------------------------------------------------------------------------------------------------------------------------------------------------------
 Aggregate  (cost=399501.80..399501.81 rows=1 width=8) (actual time=2979.431..2979.437 rows=1 loops=1)
   Buffers: shared hit=274260 read=25631
   ->  Nested Loop  (cost=48622.87..399501.80 rows=1 width=0) (actual time=259.772..2979.404 rows=47 loops=1)
         Buffers: shared hit=274260 read=25631
         ->  Nested Loop  (cost=48622.87..399499.38 rows=1 width=4) (actual time=259.761..2978.812 rows=47 loops=1)
               Buffers: shared hit=274213 read=25631
               ->  Nested Loop  (cost=48622.87..399496.95 rows=1 width=8) (actual time=259.738..2978.123 rows=47 loops=1)
                     Join Filter: (t.id = mi1.movie_id)
                     Buffers: shared hit=274166 read=25631
                     ->  Nested Loop  (cost=48622.43..397805.73 rows=40 width=16) (actual time=234.246..2910.239 rows=913 loops=1)
                           Join Filter: (t.id = mi2.movie_id)
                           Buffers: shared hit=266933 read=24269
                           ->  Nested Loop  (cost=48622.00..225085.68 rows=4105 width=8) (actual time=234.154..2820.337 rows=929 loops=1)
                                 Buffers: shared hit=262622 read=19902
                                 ->  Hash Join  (cost=48621.57..184088.17 rows=17675 width=12) (actual time=196.488..1083.680 rows=64524 loops=1)
                                       Hash Cond: (ci.movie_id = t.id)
                                       Buffers: shared hit=9759 read=14669
                                       ->  Nested Loop  (cost=0.44..123965.00 rows=3020080 width=8) (actual time=0.121..599.097 rows=1703543 loops=1)
                                             Buffers: shared hit=3931 read=7110
                                             ->  Seq Scan on role_type rt  (cost=0.00..1.15 rows=1 width=4) (actual time=0.023..0.026 rows=1 loops=1)
                                                   Filter: ((role)::text = 'director'::text)
                                                   Rows Removed by Filter: 11
                                                   Buffers: shared hit=1
                                             ->  Index Scan using role_id_cast_info on cast_info ci  (cost=0.44..91017.52 rows=3294633 width=12) (actual time=0.095..388.045 rows=1703543 loops=1)
                                                   Index Cond: (role_id = rt.id)
                                                   Buffers: shared hit=3930 read=7110
                                       ->  Hash  (cost=48436.16..48436.16 rows=14797 width=4) (actual time=195.965..195.967 rows=103977 loops=1)
                                             Buckets: 131072 (originally 16384)  Batches: 1 (originally 1)  Memory Usage: 4680kB
                                             Buffers: shared hit=5828 read=7559
                                             ->  Nested Loop  (cost=4497.16..48436.16 rows=14797 width=4) (actual time=24.496..180.698 rows=103977 loops=1)
                                                   Buffers: shared hit=5828 read=7559
                                                   ->  Seq Scan on kind_type kt  (cost=0.00..1.09 rows=1 width=4) (actual time=0.010..0.016 rows=1 loops=1)
                                                         Filter: ((kind)::text = 'movie'::text)
                                                         Rows Removed by Filter: 6
                                                         Buffers: shared hit=1
                                                   ->  Bitmap Heap Scan on title t  (cost=4497.16..48262.45 rows=17263 width=8) (actual time=24.483..174.353 rows=103977 loops=1)
                                                         Recheck Cond: (kind_id = kt.id)
                                                         Filter: ((production_year <= 1925) AND (1875 < production_year))
                                                         Rows Removed by Filter: 558848
                                                         Heap Blocks: exact=12865
                                                         Buffers: shared hit=5827 read=7559
                                                         ->  Bitmap Index Scan on kind_id_title  (cost=0.00..4492.84 rows=421388 width=0) (actual time=22.140..22.140 rows=662825 loops=1)
                                                               Index Cond: (kind_id = kt.id)
                                                               Buffers: shared read=521
                                 ->  Index Scan using name_pkey on name n  (cost=0.43..2.32 rows=1 width=4) (actual time=0.027..0.027 rows=0 loops=64524)
                                       Index Cond: (id = ci.person_id)
                                       Filter: ((gender)::text = 'f'::text)
                                       Rows Removed by Filter: 1
                                       Buffers: shared hit=252863 read=5233
                           ->  Index Scan using movie_id_movie_info on movie_info mi2  (cost=0.43..42.06 rows=1 width=8) (actual time=0.079..0.096 rows=1 loops=929)
                                 Index Cond: (movie_id = ci.movie_id)
                                 Filter: ((info_type_id = 2) AND ((info)::text = 'Black and White'::text))
                                 Rows Removed by Filter: 9
                                 Buffers: shared hit=4311 read=4367
                     ->  Index Scan using movie_id_movie_info on movie_info mi1  (cost=0.43..42.27 rows=1 width=8) (actual time=0.074..0.074 rows=0 loops=913)
                           Index Cond: (movie_id = ci.movie_id)
                           Filter: ((info_type_id = 3) AND ((info)::text = ANY ('{Action,Adventure,Fantasy,Mystery,Sport,War}'::text[])))
                           Rows Removed by Filter: 10
                           Buffers: shared hit=7233 read=1362
               ->  Seq Scan on info_type it1  (cost=0.00..2.41 rows=1 width=4) (actual time=0.006..0.012 rows=1 loops=47)
                     Filter: (id = 3)
                     Rows Removed by Filter: 112
                     Buffers: shared hit=47
         ->  Seq Scan on info_type it2  (cost=0.00..2.41 rows=1 width=4) (actual time=0.005..0.011 rows=1 loops=47)
               Filter: (id = 2)
               Rows Removed by Filter: 112
               Buffers: shared hit=47
 Planning:
   Buffers: shared hit=486 read=88
 Planning Time: 13.788 ms
 Execution Time: 2980.051 ms
(71 rows)

