                                                                                            QUERY PLAN                                                                                            
--------------------------------------------------------------------------------------------------------------------------------------------------------------------------------------------------
 Aggregate  (cost=695292.01..695292.02 rows=1 width=8) (actual time=1455.874..1455.881 rows=1 loops=1)
   Buffers: shared hit=50028 read=68236, temp read=1099 written=1099
   ->  Nested Loop  (cost=106013.19..695291.87 rows=59 width=0) (actual time=698.707..1455.748 rows=708 loops=1)
         Buffers: shared hit=50028 read=68236, temp read=1099 written=1099
         ->  Seq Scan on info_type it2  (cost=0.00..2.41 rows=1 width=4) (actual time=0.046..0.053 rows=1 loops=1)
               Filter: (id = 2)
               Rows Removed by Filter: 112
               Buffers: shared hit=1
         ->  Nested Loop  (cost=106013.19..695288.86 rows=59 width=4) (actual time=698.659..1455.586 rows=708 loops=1)
               Buffers: shared hit=50027 read=68236, temp read=1099 written=1099
               ->  Seq Scan on info_type it1  (cost=0.00..2.41 rows=1 width=4) (actual time=0.013..0.022 rows=1 loops=1)
                     Filter: (id = 3)
                     Rows Removed by Filter: 112
                     Buffers: shared hit=1
               ->  Nested Loop  (cost=106013.19..695285.86 rows=59 width=8) (actual time=698.643..1455.450 rows=708 loops=1)
                     Buffers: shared hit=50026 read=68236, temp read=1099 written=1099
                     ->  Hash Join  (cost=106012.76..694961.13 rows=140 width=12) (actual time=635.701..1413.686 rows=1533 loops=1)
                           Hash Cond: (ci.role_id = rt.id)
                           Buffers: shared hit=45113 read=67017, temp read=1099 written=1099
                           ->  Nested Loop  (cost=106011.60..694954.01 rows=1677 width=16) (actual time=635.575..1411.148 rows=22576 loops=1)
                                 Buffers: shared hit=45112 read=67017, temp read=1099 written=1099
                                 ->  Nested Loop  (cost=106011.16..689841.38 rows=117 width=20) (actual time=635.535..1207.965 rows=993 loops=1)
                                       Buffers: shared hit=30140 read=57080, temp read=1099 written=1099
                                       ->  Hash Join  (cost=106010.73..450973.06 rows=5642 width=12) (actual time=635.442..949.677 rows=3378 loops=1)
                                             Hash Cond: (mi2.movie_id = t.id)
                                             Buffers: shared hit=13634 read=40301, temp read=1099 written=1099
                                             ->  Bitmap Heap Scan on movie_info mi2  (cost=13862.73..356243.17 rows=24927 width=8) (actual time=42.127..287.833 rows=288414 loops=1)
                                                   Recheck Cond: (info_type_id = 2)
                                                   Filter: ((info)::text = 'Black and White'::text)
                                                   Rows Removed by Filter: 1000514
                                                   Heap Blocks: exact=16526
                                                   Buffers: shared hit=768 read=16775
                                                   ->  Bitmap Index Scan on info_type_id_movie_info  (cost=0.00..13856.49 rows=1296008 width=0) (actual time=37.904..37.905 rows=1288928 loops=1)
                                                         Index Cond: (info_type_id = 2)
                                                         Buffers: shared read=1017
                                             ->  Hash  (cost=82758.36..82758.36 rows=572291 width=4) (actual time=579.967..579.970 rows=162001 loops=1)
                                                   Buckets: 262144  Batches: 4  Memory Usage: 3465kB
                                                   Buffers: shared hit=12866 read=23526, temp written=354
                                                   ->  Hash Join  (cost=1.11..82758.36 rows=572291 width=4) (actual time=0.053..554.868 rows=162001 loops=1)
                                                         Hash Cond: (t.kind_id = kt.id)
                                                         Buffers: shared hit=12866 read=23526
                                                         ->  Seq Scan on title t  (cost=0.00..74315.95 rows=2003019 width=8) (actual time=0.023..435.646 rows=2004612 loops=1)
                                                               Filter: ((production_year <= 2015) AND (1975 < production_year))
                                                               Rows Removed by Filter: 523700
                                                               Buffers: shared hit=12865 read=23526
                                                         ->  Hash  (cost=1.09..1.09 rows=2 width=4) (actual time=0.012..0.013 rows=2 loops=1)
                                                               Buckets: 1024  Batches: 1  Memory Usage: 9kB
                                                               Buffers: shared hit=1
                                                               ->  Seq Scan on kind_type kt  (cost=0.00..1.09 rows=2 width=4) (actual time=0.007..0.008 rows=2 loops=1)
                                                                     Filter: ((kind)::text = ANY ('{"tv movie","tv series"}'::text[]))
                                                                     Rows Removed by Filter: 5
                                                                     Buffers: shared hit=1
                                       ->  Index Scan using movie_id_movie_info on movie_info mi1  (cost=0.43..42.33 rows=1 width=8) (actual time=0.075..0.076 rows=0 loops=3378)
                                             Index Cond: (movie_id = t.id)
                                             Filter: ((info_type_id = 3) AND ((info)::text = ANY ('{Action,Animation,Comedy,Drama}'::text[])))
                                             Rows Removed by Filter: 10
                                             Buffers: shared hit=16506 read=16779
                                 ->  Index Scan using movie_id_cast_info on cast_info ci  (cost=0.44..43.32 rows=38 width=12) (actual time=0.027..0.201 rows=23 loops=993)
                                       Index Cond: (movie_id = t.id)
                                       Buffers: shared hit=14972 read=9937
                           ->  Hash  (cost=1.15..1.15 rows=1 width=4) (actual time=0.019..0.020 rows=1 loops=1)
                                 Buckets: 1024  Batches: 1  Memory Usage: 9kB
                                 Buffers: shared hit=1
                                 ->  Seq Scan on role_type rt  (cost=0.00..1.15 rows=1 width=4) (actual time=0.010..0.011 rows=1 loops=1)
                                       Filter: ((role)::text = 'writer'::text)
                                       Rows Removed by Filter: 11
                                       Buffers: shared hit=1
                     ->  Index Scan using name_pkey on name n  (cost=0.43..2.32 rows=1 width=4) (actual time=0.027..0.027 rows=0 loops=1533)
                           Index Cond: (id = ci.person_id)
                           Filter: ((gender)::text = 'm'::text)
                           Rows Removed by Filter: 1
                           Buffers: shared hit=4913 read=1219
 Planning:
   Buffers: shared hit=574
 Planning Time: 13.602 ms
 Execution Time: 1456.463 ms
(76 rows)

