                                                                                            QUERY PLAN                                                                                            
--------------------------------------------------------------------------------------------------------------------------------------------------------------------------------------------------
 Aggregate  (cost=530374.62..530374.63 rows=1 width=8) (actual time=862.020..862.028 rows=1 loops=1)
   Buffers: shared hit=11665 read=49343
   ->  Nested Loop  (cost=94157.61..530374.59 rows=13 width=0) (actual time=477.014..862.021 rows=1 loops=1)
         Buffers: shared hit=11665 read=49343
         ->  Seq Scan on info_type it2  (cost=0.00..2.41 rows=1 width=4) (actual time=0.041..0.046 rows=1 loops=1)
               Filter: (id = 2)
               Rows Removed by Filter: 112
               Buffers: shared hit=1
         ->  Nested Loop  (cost=94157.61..530372.05 rows=13 width=4) (actual time=476.971..861.973 rows=1 loops=1)
               Buffers: shared hit=11664 read=49343
               ->  Seq Scan on info_type it1  (cost=0.00..2.41 rows=1 width=4) (actual time=0.008..0.015 rows=1 loops=1)
                     Filter: (id = 3)
                     Rows Removed by Filter: 112
                     Buffers: shared hit=1
               ->  Nested Loop  (cost=94157.61..530369.50 rows=13 width=8) (actual time=476.960..861.954 rows=1 loops=1)
                     Buffers: shared hit=11663 read=49343
                     ->  Hash Join  (cost=94157.18..530237.29 rows=57 width=12) (actual time=409.707..856.935 rows=218 loops=1)
                           Hash Cond: (ci.role_id = rt.id)
                           Buffers: shared hit=11015 read=49119
                           ->  Nested Loop  (cost=94156.02..530233.69 rows=688 width=16) (actual time=409.636..856.426 rows=5380 loops=1)
                                 Buffers: shared hit=11014 read=49119
                                 ->  Nested Loop  (cost=94155.58..528079.48 rows=48 width=20) (actual time=409.607..799.286 rows=552 loops=1)
                                       Buffers: shared hit=6261 read=46970
                                       ->  Hash Join  (cost=94155.14..482677.89 rows=1055 width=12) (actual time=409.523..754.842 rows=534 loops=1)
                                             Hash Cond: (mi1.movie_id = t.id)
                                             Buffers: shared hit=3646 read=43721
                                             ->  Bitmap Heap Scan on movie_info mi1  (cost=16452.87..404899.10 rows=17592 width=8) (actual time=42.362..367.306 rows=158774 loops=1)
                                                   Recheck Cond: (info_type_id = 3)
                                                   Filter: ((info)::text = ANY ('{Adult,History,Horror,Thriller,War}'::text[]))
                                                   Rows Removed by Filter: 1375135
                                                   Heap Blocks: exact=9772
                                                   Buffers: shared hit=3645 read=7330
                                                   ->  Bitmap Index Scan on info_type_id_movie_info  (cost=0.00..16448.47 rows=1538671 width=0) (actual time=41.134..41.135 rows=1533909 loops=1)
                                                         Index Cond: (info_type_id = 3)
                                                         Buffers: shared read=1203
                                             ->  Hash  (cost=75807.58..75807.58 rows=151576 width=4) (actual time=366.160..366.163 rows=11843 loops=1)
                                                   Buckets: 262144  Batches: 1  Memory Usage: 2465kB
                                                   Buffers: shared hit=1 read=36391
                                                   ->  Hash Join  (cost=1.13..75807.58 rows=151576 width=4) (actual time=0.133..363.185 rows=11843 loops=1)
                                                         Hash Cond: (t.kind_id = kt.id)
                                                         Buffers: shared hit=1 read=36391
                                                         ->  Seq Scan on title t  (cost=0.00..74315.95 rows=353677 width=8) (actual time=0.024..342.905 rows=347589 loops=1)
                                                               Filter: ((production_year <= 1975) AND (1925 < production_year))
                                                               Rows Removed by Filter: 2180723
                                                               Buffers: shared read=36391
                                                         ->  Hash  (cost=1.10..1.10 rows=3 width=4) (actual time=0.013..0.014 rows=3 loops=1)
                                                               Buckets: 1024  Batches: 1  Memory Usage: 9kB
                                                               Buffers: shared hit=1
                                                               ->  Seq Scan on kind_type kt  (cost=0.00..1.10 rows=3 width=4) (actual time=0.008..0.009 rows=3 loops=1)
                                                                     Filter: ((kind)::text = ANY ('{"tv series","video game","video movie"}'::text[]))
                                                                     Rows Removed by Filter: 4
                                                                     Buffers: shared hit=1
                                       ->  Index Scan using movie_id_movie_info on movie_info mi2  (cost=0.43..43.02 rows=1 width=8) (actual time=0.068..0.083 rows=1 loops=534)
                                             Index Cond: (movie_id = t.id)
                                             Filter: (((info)::text = ANY ('{"Black and White",Color}'::text[])) AND (info_type_id = 2))
                                             Rows Removed by Filter: 15
                                             Buffers: shared hit=2615 read=3249
                                 ->  Index Scan using movie_id_cast_info on cast_info ci  (cost=0.44..44.50 rows=38 width=12) (actual time=0.028..0.102 rows=10 loops=552)
                                       Index Cond: (movie_id = t.id)
                                       Buffers: shared hit=4753 read=2149
                           ->  Hash  (cost=1.15..1.15 rows=1 width=4) (actual time=0.015..0.016 rows=1 loops=1)
                                 Buckets: 1024  Batches: 1  Memory Usage: 9kB
                                 Buffers: shared hit=1
                                 ->  Seq Scan on role_type rt  (cost=0.00..1.15 rows=1 width=4) (actual time=0.009..0.010 rows=1 loops=1)
                                       Filter: ((role)::text = 'miscellaneous crew'::text)
                                       Rows Removed by Filter: 11
                                       Buffers: shared hit=1
                     ->  Index Scan using name_pkey on name n  (cost=0.43..2.32 rows=1 width=4) (actual time=0.023..0.023 rows=0 loops=218)
                           Index Cond: (id = ci.person_id)
                           Filter: ((gender)::text = 'f'::text)
                           Rows Removed by Filter: 1
                           Buffers: shared hit=648 read=224
 Planning:
   Buffers: shared hit=481 read=93
 Planning Time: 13.236 ms
 Execution Time: 862.595 ms
(76 rows)

