                                                                                            QUERY PLAN                                                                                            
--------------------------------------------------------------------------------------------------------------------------------------------------------------------------------------------------
 Aggregate  (cost=624399.45..624399.46 rows=1 width=8) (actual time=30669.738..30669.745 rows=1 loops=1)
   Buffers: shared hit=2726964 read=447602, temp read=3512 written=3512
   ->  Nested Loop  (cost=90249.59..624398.70 rows=302 width=0) (actual time=456.983..30665.310 rows=15162 loops=1)
         Buffers: shared hit=2726964 read=447602, temp read=3512 written=3512
         ->  Hash Join  (cost=90249.16..623322.44 rows=464 width=4) (actual time=456.948..28590.146 rows=59595 loops=1)
               Hash Cond: (ci.role_id = rt.id)
               Buffers: shared hit=2499544 read=436642, temp read=3512 written=3512
               ->  Nested Loop  (cost=90247.98..623311.38 rows=2781 width=8) (actual time=455.869..28361.486 rows=1336639 loops=1)
                     Buffers: shared hit=2499543 read=436642, temp read=3512 written=3512
                     ->  Nested Loop  (cost=90247.54..614422.31 rows=194 width=12) (actual time=455.836..14186.397 rows=75022 loops=1)
                           Buffers: shared hit=1173773 read=227734, temp read=3512 written=3512
                           ->  Seq Scan on info_type it2  (cost=0.00..2.41 rows=1 width=4) (actual time=0.031..0.039 rows=1 loops=1)
                                 Filter: (id = 2)
                                 Rows Removed by Filter: 112
                                 Buffers: shared hit=1
                           ->  Nested Loop  (cost=90247.54..614417.96 rows=194 width=16) (actual time=455.803..14169.609 rows=75022 loops=1)
                                 Buffers: shared hit=1173772 read=227734, temp read=3512 written=3512
                                 ->  Seq Scan on info_type it1  (cost=0.00..2.41 rows=1 width=4) (actual time=0.009..0.020 rows=1 loops=1)
                                       Filter: (id = 3)
                                       Rows Removed by Filter: 112
                                       Buffers: shared hit=1
                                 ->  Nested Loop  (cost=90247.54..614413.61 rows=194 width=20) (actual time=455.791..14151.870 rows=75022 loops=1)
                                       Buffers: shared hit=1173771 read=227734, temp read=3512 written=3512
                                       ->  Hash Join  (cost=90247.08..433097.58 rows=4140 width=12) (actual time=454.805..1854.308 rows=129491 loops=1)
                                             Hash Cond: (mi2.movie_id = t.id)
                                             Buffers: shared hit=2934 read=51001, temp read=3512 written=3512
                                             ->  Bitmap Heap Scan on movie_info mi2  (cost=13885.07..356265.51 rows=114308 width=8) (actual time=39.307..652.503 rows=1288928 loops=1)
                                                   Recheck Cond: (info_type_id = 2)
                                                   Filter: ((info)::text = ANY ('{"Black and White",Color}'::text[]))
                                                   Heap Blocks: exact=16526
                                                   Buffers: shared hit=910 read=16633
                                                   ->  Bitmap Index Scan on info_type_id_movie_info  (cost=0.00..13856.49 rows=1296008 width=0) (actual time=37.104..37.105 rows=1288928 loops=1)
                                                         Index Cond: (info_type_id = 2)
                                                         Buffers: shared hit=1 read=1016
                                             ->  Hash  (cost=75217.46..75217.46 rows=91564 width=4) (actual time=412.184..412.187 rows=204688 loops=1)
                                                   Buckets: 262144 (originally 131072)  Batches: 2 (originally 1)  Memory Usage: 6145kB
                                                   Buffers: shared hit=2024 read=34368, temp written=299
                                                   ->  Hash Join  (cost=1.13..75217.46 rows=91564 width=4) (actual time=0.055..371.604 rows=204688 loops=1)
                                                         Hash Cond: (t.kind_id = kt.id)
                                                         Buffers: shared hit=2024 read=34368
                                                         ->  Seq Scan on title t  (cost=0.00..74315.95 rows=213650 width=8) (actual time=0.029..346.240 rows=212483 loops=1)
                                                               Filter: ((production_year <= 1970) AND (1950 < production_year))
                                                               Rows Removed by Filter: 2315829
                                                               Buffers: shared hit=2023 read=34368
                                                         ->  Hash  (cost=1.10..1.10 rows=3 width=4) (actual time=0.011..0.012 rows=3 loops=1)
                                                               Buckets: 1024  Batches: 1  Memory Usage: 9kB
                                                               Buffers: shared hit=1
                                                               ->  Seq Scan on kind_type kt  (cost=0.00..1.10 rows=3 width=4) (actual time=0.007..0.008 rows=3 loops=1)
                                                                     Filter: ((kind)::text = ANY ('{episode,movie,"tv movie"}'::text[]))
                                                                     Rows Removed by Filter: 4
                                                                     Buffers: shared hit=1
                                       ->  Index Scan using movie_id_movie_info on movie_info mi1  (cost=0.46..43.79 rows=1 width=8) (actual time=0.094..0.094 rows=1 loops=129491)
                                             Index Cond: (movie_id = t.id)
                                             Filter: ((info_type_id = 3) AND ((info)::text = ANY ('{Adventure,Animation,Comedy,Crime,Documentary,Drama,Music,Romance,Short}'::text[])))
                                             Rows Removed by Filter: 11
                                             Buffers: shared hit=1170837 read=176733
                     ->  Index Scan using movie_id_cast_info on cast_info ci  (cost=0.44..45.44 rows=38 width=12) (actual time=0.035..0.184 rows=18 loops=75022)
                           Index Cond: (movie_id = t.id)
                           Buffers: shared hit=1325770 read=208908
               ->  Hash  (cost=1.15..1.15 rows=2 width=4) (actual time=0.036..0.037 rows=2 loops=1)
                     Buckets: 1024  Batches: 1  Memory Usage: 9kB
                     Buffers: shared hit=1
                     ->  Seq Scan on role_type rt  (cost=0.00..1.15 rows=2 width=4) (actual time=0.028..0.030 rows=2 loops=1)
                           Filter: ((role)::text = ANY ('{editor,"production designer"}'::text[]))
                           Rows Removed by Filter: 10
                           Buffers: shared hit=1
         ->  Index Scan using name_pkey on name n  (cost=0.43..2.32 rows=1 width=4) (actual time=0.034..0.034 rows=0 loops=59595)
               Index Cond: (id = ci.person_id)
               Filter: ((gender)::text = ANY ('{f,m}'::text[]))
               Rows Removed by Filter: 1
               Buffers: shared hit=227420 read=10960
 Planning:
   Buffers: shared hit=576 read=1
 Planning Time: 13.615 ms
 Execution Time: 30670.438 ms
(75 rows)

