                                                                                            QUERY PLAN                                                                                            
--------------------------------------------------------------------------------------------------------------------------------------------------------------------------------------------------
 Aggregate  (cost=749840.05..749840.06 rows=1 width=8) (actual time=34444.596..34444.605 rows=1 loops=1)
   Buffers: shared hit=2297444 read=1234518, temp read=4089 written=4089
   ->  Nested Loop  (cost=101878.26..749839.76 rows=116 width=0) (actual time=717.817..34438.687 rows=19035 loops=1)
         Buffers: shared hit=2297444 read=1234518, temp read=4089 written=4089
         ->  Seq Scan on info_type it2  (cost=0.00..2.41 rows=1 width=4) (actual time=0.044..0.052 rows=1 loops=1)
               Filter: (id = 2)
               Rows Removed by Filter: 112
               Buffers: shared hit=1
         ->  Nested Loop  (cost=101878.26..749836.19 rows=116 width=4) (actual time=717.771..34434.224 rows=19035 loops=1)
               Buffers: shared hit=2297443 read=1234518, temp read=4089 written=4089
               ->  Seq Scan on info_type it1  (cost=0.00..2.41 rows=1 width=4) (actual time=0.013..0.022 rows=1 loops=1)
                     Filter: (id = 3)
                     Rows Removed by Filter: 112
                     Buffers: shared hit=1
               ->  Nested Loop  (cost=101878.26..749832.61 rows=116 width=8) (actual time=717.755..34429.506 rows=19035 loops=1)
                     Buffers: shared hit=2297442 read=1234518, temp read=4089 written=4089
                     ->  Hash Join  (cost=101877.83..749192.43 rows=276 width=12) (actual time=707.428..32406.536 rows=62033 loops=1)
                           Hash Cond: (ci.role_id = rt.id)
                           Buffers: shared hit=2083749 read=1200079, temp read=4089 written=4089
                           ->  Nested Loop  (cost=101876.67..749179.50 rows=3311 width=16) (actual time=707.217..32108.473 rows=2055869 loops=1)
                                 Buffers: shared hit=2083748 read=1200079, temp read=4089 written=4089
                                 ->  Nested Loop  (cost=101876.23..739025.11 rows=231 width=20) (actual time=707.185..10827.489 rows=89524 loops=1)
                                       Buffers: shared hit=618696 read=406763, temp read=4089 written=4089
                                       ->  Hash Join  (cost=101875.79..522599.50 rows=5103 width=12) (actual time=707.126..1515.182 rows=86297 loops=1)
                                             Hash Cond: (mi1.movie_id = t.id)
                                             Buffers: shared hit=3163 read=44204, temp read=4089 written=4089
                                             ->  Bitmap Heap Scan on movie_info mi1  (cost=16456.09..435121.42 rows=30493 width=8) (actual time=40.616..561.385 rows=324958 loops=1)
                                                   Recheck Cond: (info_type_id = 3)
                                                   Filter: ((info)::text = ANY ('{Biography,Drama,Fantasy,Game-Show,Musical,News,Sport}'::text[]))
                                                   Rows Removed by Filter: 1208951
                                                   Heap Blocks: exact=9772
                                                   Buffers: shared hit=63 read=10912
                                                   ->  Bitmap Index Scan on info_type_id_movie_info  (cost=0.00..16448.47 rows=1538671 width=0) (actual time=39.408..39.408 rows=1533909 loops=1)
                                                         Index Cond: (info_type_id = 3)
                                                         Buffers: shared read=1203
                                             ->  Hash  (cost=78477.74..78477.74 rows=423117 width=4) (actual time=664.449..664.453 rows=913823 loops=1)
                                                   Buckets: 262144 (originally 262144)  Batches: 8 (originally 4)  Memory Usage: 6145kB
                                                   Buffers: shared hit=3100 read=33292, temp written=2340
                                                   ->  Hash Join  (cost=1.13..78477.74 rows=423117 width=4) (actual time=0.040..533.199 rows=913823 loops=1)
                                                         Hash Cond: (t.kind_id = kt.id)
                                                         Buffers: shared hit=3100 read=33292
                                                         ->  Seq Scan on title t  (cost=0.00..74315.95 rows=987274 width=8) (actual time=0.021..416.939 rows=989787 loops=1)
                                                               Filter: ((production_year <= 2010) AND (2000 < production_year))
                                                               Rows Removed by Filter: 1538525
                                                               Buffers: shared hit=3099 read=33292
                                                         ->  Hash  (cost=1.10..1.10 rows=3 width=4) (actual time=0.011..0.012 rows=3 loops=1)
                                                               Buckets: 1024  Batches: 1  Memory Usage: 9kB
                                                               Buffers: shared hit=1
                                                               ->  Seq Scan on kind_type kt  (cost=0.00..1.10 rows=3 width=4) (actual time=0.007..0.008 rows=3 loops=1)
                                                                     Filter: ((kind)::text = ANY ('{episode,movie,"video movie"}'::text[]))
                                                                     Rows Removed by Filter: 4
                                                                     Buffers: shared hit=1
                                       ->  Index Scan using movie_id_movie_info on movie_info mi2  (cost=0.43..42.40 rows=1 width=8) (actual time=0.088..0.107 rows=1 loops=86297)
                                             Index Cond: (movie_id = t.id)
                                             Filter: (((info)::text = ANY ('{"Black and White",Color}'::text[])) AND (info_type_id = 2))
                                             Rows Removed by Filter: 16
                                             Buffers: shared hit=615533 read=362559
                                 ->  Index Scan using movie_id_cast_info on cast_info ci  (cost=0.44..43.58 rows=38 width=12) (actual time=0.034..0.232 rows=23 loops=89524)
                                       Index Cond: (movie_id = t.id)
                                       Buffers: shared hit=1465052 read=793316
                           ->  Hash  (cost=1.15..1.15 rows=1 width=4) (actual time=0.017..0.018 rows=1 loops=1)
                                 Buckets: 1024  Batches: 1  Memory Usage: 9kB
                                 Buffers: shared hit=1
                                 ->  Seq Scan on role_type rt  (cost=0.00..1.15 rows=1 width=4) (actual time=0.010..0.012 rows=1 loops=1)
                                       Filter: ((role)::text = 'composer'::text)
                                       Rows Removed by Filter: 11
                                       Buffers: shared hit=1
                     ->  Index Scan using name_pkey on name n  (cost=0.43..2.32 rows=1 width=4) (actual time=0.032..0.032 rows=0 loops=62033)
                           Index Cond: (id = ci.person_id)
                           Filter: ((gender)::text = 'm'::text)
                           Rows Removed by Filter: 1
                           Buffers: shared hit=213693 read=34439
 Planning:
   Buffers: shared hit=483 read=91
 Planning Time: 12.959 ms
 Execution Time: 34445.172 ms
(76 rows)

