                                                                                            QUERY PLAN                                                                                            
--------------------------------------------------------------------------------------------------------------------------------------------------------------------------------------------------
 Aggregate  (cost=612260.75..612260.76 rows=1 width=8) (actual time=51661.151..51661.160 rows=1 loops=1)
   Buffers: shared hit=4615199 read=634884
   ->  Nested Loop  (cost=91249.32..612260.64 rows=46 width=0) (actual time=640.796..51585.378 rows=437116 loops=1)
         Buffers: shared hit=4615199 read=634884
         ->  Seq Scan on info_type it2  (cost=0.00..2.41 rows=1 width=4) (actual time=0.059..0.069 rows=1 loops=1)
               Filter: (id = 2)
               Rows Removed by Filter: 112
               Buffers: shared hit=1
         ->  Nested Loop  (cost=91249.32..612257.76 rows=46 width=4) (actual time=640.735..51494.988 rows=437116 loops=1)
               Buffers: shared hit=4615198 read=634884
               ->  Seq Scan on info_type it1  (cost=0.00..2.41 rows=1 width=4) (actual time=0.011..0.024 rows=1 loops=1)
                     Filter: (id = 3)
                     Rows Removed by Filter: 112
                     Buffers: shared hit=1
               ->  Nested Loop  (cost=91249.32..612254.89 rows=46 width=8) (actual time=640.720..51403.567 rows=437116 loops=1)
                     Buffers: shared hit=4615197 read=634884
                     ->  Hash Join  (cost=91248.89..611800.27 rows=196 width=12) (actual time=640.683..35751.476 rows=437414 loops=1)
                           Hash Cond: (ci.role_id = rt.id)
                           Buffers: shared hit=2895801 read=604624
                           ->  Nested Loop  (cost=91247.73..611790.75 rows=2351 width=16) (actual time=640.309..35198.526 rows=2354154 loops=1)
                                 Buffers: shared hit=2895800 read=604624
                                 ->  Nested Loop  (cost=91247.29..604453.46 rows=164 width=20) (actual time=640.272..9839.189 rows=79699 loops=1)
                                       Buffers: shared hit=799334 read=157957
                                       ->  Hash Join  (cost=91246.83..434002.03 rows=3958 width=12) (actual time=640.144..1250.230 rows=86351 loops=1)
                                             Hash Cond: (mi2.movie_id = t.id)
                                             Buffers: shared hit=538 read=53397
                                             ->  Bitmap Heap Scan on movie_info mi2  (cost=13878.84..356259.28 rows=89381 width=8) (actual time=38.851..522.533 rows=1000514 loops=1)
                                                   Recheck Cond: (info_type_id = 2)
                                                   Filter: ((info)::text = 'Color'::text)
                                                   Rows Removed by Filter: 288414
                                                   Heap Blocks: exact=16526
                                                   Buffers: shared hit=537 read=17006
                                                   ->  Bitmap Index Scan on info_type_id_movie_info  (cost=0.00..13856.49 rows=1296008 width=0) (actual time=36.664..36.664 rows=1288928 loops=1)
                                                         Index Cond: (info_type_id = 2)
                                                         Buffers: shared read=1017
                                             ->  Hash  (cost=75968.48..75968.48 rows=111961 width=4) (actual time=411.387..411.390 rows=105500 loops=1)
                                                   Buckets: 131072  Batches: 1  Memory Usage: 4733kB
                                                   Buffers: shared hit=1 read=36391
                                                   ->  Hash Join  (cost=1.11..75968.48 rows=111961 width=4) (actual time=212.209..392.880 rows=105500 loops=1)
                                                         Hash Cond: (t.kind_id = kt.id)
                                                         Buffers: shared hit=1 read=36391
                                                         ->  Seq Scan on title t  (cost=0.00..74315.95 rows=391862 width=8) (actual time=0.029..364.066 rows=386415 loops=1)
                                                               Filter: ((production_year <= 1997) AND (1981 < production_year))
                                                               Rows Removed by Filter: 2141897
                                                               Buffers: shared read=36391
                                                         ->  Hash  (cost=1.09..1.09 rows=2 width=4) (actual time=0.013..0.015 rows=2 loops=1)
                                                               Buckets: 1024  Batches: 1  Memory Usage: 9kB
                                                               Buffers: shared hit=1
                                                               ->  Seq Scan on kind_type kt  (cost=0.00..1.09 rows=2 width=4) (actual time=0.008..0.010 rows=2 loops=1)
                                                                     Filter: ((kind)::text = ANY ('{movie,"tv movie"}'::text[]))
                                                                     Rows Removed by Filter: 5
                                                                     Buffers: shared hit=1
                                       ->  Index Scan using movie_id_movie_info on movie_info mi1  (cost=0.46..43.06 rows=1 width=8) (actual time=0.098..0.099 rows=1 loops=86351)
                                             Index Cond: (movie_id = t.id)
                                             Filter: ((info_type_id = 3) AND ((info)::text = ANY ('{Action,Comedy,Crime,Drama,Family,Romance,Sci-Fi,Short,Thriller}'::text[])))
                                             Rows Removed by Filter: 13
                                             Buffers: shared hit=798796 read=104560
                                 ->  Index Scan using movie_id_cast_info on cast_info ci  (cost=0.44..44.36 rows=38 width=12) (actual time=0.037..0.309 rows=30 loops=79699)
                                       Index Cond: (movie_id = t.id)
                                       Buffers: shared hit=2096466 read=446667
                           ->  Hash  (cost=1.15..1.15 rows=1 width=4) (actual time=0.017..0.017 rows=1 loops=1)
                                 Buckets: 1024  Batches: 1  Memory Usage: 9kB
                                 Buffers: shared hit=1
                                 ->  Seq Scan on role_type rt  (cost=0.00..1.15 rows=1 width=4) (actual time=0.008..0.010 rows=1 loops=1)
                                       Filter: ((role)::text = 'actress'::text)
                                       Rows Removed by Filter: 11
                                       Buffers: shared hit=1
                     ->  Index Scan using name_pkey on name n  (cost=0.43..2.32 rows=1 width=4) (actual time=0.035..0.035 rows=1 loops=437414)
                           Index Cond: (id = ci.person_id)
                           Filter: ((gender)::text = 'f'::text)
                           Rows Removed by Filter: 0
                           Buffers: shared hit=1719396 read=30260
 Planning:
   Buffers: shared hit=483 read=94
 Planning Time: 13.727 ms
 Execution Time: 51661.899 ms
(76 rows)

