                                                                                            QUERY PLAN                                                                                            
--------------------------------------------------------------------------------------------------------------------------------------------------------------------------------------------------
 Aggregate  (cost=411989.19..411989.20 rows=1 width=8) (actual time=22287.689..22287.698 rows=1 loops=1)
   Buffers: shared hit=2168272 read=139339
   ->  Nested Loop  (cost=62486.32..411989.18 rows=3 width=0) (actual time=378.016..22284.836 rows=9152 loops=1)
         Buffers: shared hit=2168272 read=139339
         ->  Seq Scan on info_type it2  (cost=0.00..2.41 rows=1 width=4) (actual time=0.033..0.045 rows=1 loops=1)
               Filter: (id = 2)
               Rows Removed by Filter: 112
               Buffers: shared hit=1
         ->  Nested Loop  (cost=62486.32..411986.74 rows=3 width=4) (actual time=377.981..22282.559 rows=9152 loops=1)
               Buffers: shared hit=2168271 read=139339
               ->  Seq Scan on info_type it1  (cost=0.00..2.41 rows=1 width=4) (actual time=0.007..0.020 rows=1 loops=1)
                     Filter: (id = 3)
                     Rows Removed by Filter: 112
                     Buffers: shared hit=1
               ->  Nested Loop  (cost=62486.32..411984.30 rows=3 width=8) (actual time=377.972..22280.093 rows=9152 loops=1)
                     Buffers: shared hit=2168270 read=139339
                     ->  Hash Join  (cost=62485.89..411965.74 rows=8 width=12) (actual time=367.761..21151.198 rows=30643 loops=1)
                           Hash Cond: (ci.role_id = rt.id)
                           Buffers: shared hit=2047571 read=137466
                           ->  Nested Loop  (cost=62484.73..411964.23 rows=100 width=16) (actual time=366.842..21008.729 rows=659872 loops=1)
                                 Join Filter: (t.id = ci.movie_id)
                                 Buffers: shared hit=2047570 read=137466
                                 ->  Nested Loop  (cost=62484.29..411627.98 rows=7 width=20) (actual time=366.813..10271.784 rows=163340 loops=1)
                                       Buffers: shared hit=955223 read=87231
                                       ->  Hash Join  (cost=62483.85..404959.23 rows=146 width=12) (actual time=366.727..822.904 rows=103703 loops=1)
                                             Hash Cond: (mi2.movie_id = t.id)
                                             Buffers: shared hit=12522 read=18408
                                             ->  Bitmap Heap Scan on movie_info mi2  (cost=13862.73..356243.17 rows=24927 width=8) (actual time=37.769..482.341 rows=288414 loops=1)
                                                   Recheck Cond: (info_type_id = 2)
                                                   Filter: ((info)::text = 'Black and White'::text)
                                                   Rows Removed by Filter: 1000514
                                                   Heap Blocks: exact=16526
                                                   Buffers: shared hit=1102 read=16441
                                                   ->  Bitmap Index Scan on info_type_id_movie_info  (cost=0.00..13856.49 rows=1296008 width=0) (actual time=33.521..33.521 rows=1288928 loops=1)
                                                         Index Cond: (info_type_id = 2)
                                                         Buffers: shared read=1017
                                             ->  Hash  (cost=48436.16..48436.16 rows=14797 width=4) (actual time=189.838..189.841 rows=103977 loops=1)
                                                   Buckets: 131072 (originally 16384)  Batches: 1 (originally 1)  Memory Usage: 4680kB
                                                   Buffers: shared hit=11420 read=1967
                                                   ->  Nested Loop  (cost=4497.16..48436.16 rows=14797 width=4) (actual time=19.089..175.233 rows=103977 loops=1)
                                                         Buffers: shared hit=11420 read=1967
                                                         ->  Seq Scan on kind_type kt  (cost=0.00..1.09 rows=1 width=4) (actual time=0.007..0.010 rows=1 loops=1)
                                                               Filter: ((kind)::text = 'movie'::text)
                                                               Rows Removed by Filter: 6
                                                               Buffers: shared hit=1
                                                         ->  Bitmap Heap Scan on title t  (cost=4497.16..48262.45 rows=17263 width=8) (actual time=19.078..168.808 rows=103977 loops=1)
                                                               Recheck Cond: (kind_id = kt.id)
                                                               Filter: ((production_year <= 1925) AND (1875 < production_year))
                                                               Rows Removed by Filter: 558848
                                                               Heap Blocks: exact=12865
                                                               Buffers: shared hit=11419 read=1967
                                                               ->  Bitmap Index Scan on kind_id_title  (cost=0.00..4492.84 rows=421388 width=0) (actual time=16.842..16.842 rows=662825 loops=1)
                                                                     Index Cond: (kind_id = kt.id)
                                                                     Buffers: shared read=521
                                       ->  Index Scan using movie_id_movie_info on movie_info mi1  (cost=0.43..45.67 rows=1 width=8) (actual time=0.089..0.090 rows=2 loops=103703)
                                             Index Cond: (movie_id = t.id)
                                             Filter: ((info_type_id = 3) AND ((info)::text = ANY ('{Animation,Comedy,Crime,Documentary,Drama,Romance,Short,Western}'::text[])))
                                             Rows Removed by Filter: 9
                                             Buffers: shared hit=942701 read=68823
                                 ->  Index Scan using movie_id_cast_info on cast_info ci  (cost=0.44..47.56 rows=38 width=12) (actual time=0.034..0.064 rows=4 loops=163340)
                                       Index Cond: (movie_id = mi1.movie_id)
                                       Buffers: shared hit=1092347 read=50235
                           ->  Hash  (cost=1.15..1.15 rows=1 width=4) (actual time=0.015..0.016 rows=1 loops=1)
                                 Buckets: 1024  Batches: 1  Memory Usage: 9kB
                                 Buffers: shared hit=1
                                 ->  Seq Scan on role_type rt  (cost=0.00..1.15 rows=1 width=4) (actual time=0.008..0.009 rows=1 loops=1)
                                       Filter: ((role)::text = 'cinematographer'::text)
                                       Rows Removed by Filter: 11
                                       Buffers: shared hit=1
                     ->  Index Scan using name_pkey on name n  (cost=0.43..2.32 rows=1 width=4) (actual time=0.036..0.036 rows=0 loops=30643)
                           Index Cond: (id = ci.person_id)
                           Filter: ((gender)::text = 'm'::text)
                           Rows Removed by Filter: 1
                           Buffers: shared hit=120699 read=1873
 Planning:
   Buffers: shared hit=504 read=70
 Planning Time: 9.611 ms
 Execution Time: 22288.452 ms
(78 rows)

