                                                                                            QUERY PLAN                                                                                            
--------------------------------------------------------------------------------------------------------------------------------------------------------------------------------------------------
 Aggregate  (cost=599398.39..599398.40 rows=1 width=8) (actual time=3538.154..3538.163 rows=1 loops=1)
   Buffers: shared hit=225450 read=120331, temp read=329 written=329
   ->  Nested Loop  (cost=96911.74..599398.30 rows=34 width=0) (actual time=449.724..3534.473 rows=31647 loops=1)
         Buffers: shared hit=225450 read=120331, temp read=329 written=329
         ->  Seq Scan on info_type it2  (cost=0.00..2.41 rows=1 width=4) (actual time=0.046..0.057 rows=1 loops=1)
               Filter: (id = 2)
               Rows Removed by Filter: 112
               Buffers: shared hit=1
         ->  Nested Loop  (cost=96911.74..599395.55 rows=34 width=4) (actual time=449.677..3529.907 rows=31647 loops=1)
               Buffers: shared hit=225449 read=120331, temp read=329 written=329
               ->  Seq Scan on info_type it1  (cost=0.00..2.41 rows=1 width=4) (actual time=0.009..0.022 rows=1 loops=1)
                     Filter: (id = 3)
                     Rows Removed by Filter: 112
                     Buffers: shared hit=1
               ->  Nested Loop  (cost=96911.74..599392.80 rows=34 width=8) (actual time=449.664..3525.166 rows=31647 loops=1)
                     Buffers: shared hit=225448 read=120331, temp read=329 written=329
                     ->  Hash Join  (cost=96911.31..599204.92 rows=81 width=12) (actual time=449.630..2516.202 rows=31647 loops=1)
                           Hash Cond: (ci.role_id = rt.id)
                           Buffers: shared hit=117832 read=101359, temp read=329 written=329
                           ->  Nested Loop  (cost=96910.15..599200.30 rows=975 width=16) (actual time=449.585..2500.052 rows=74113 loops=1)
                                 Buffers: shared hit=117831 read=101359, temp read=329 written=329
                                 ->  Nested Loop  (cost=96909.71..596182.86 rows=68 width=20) (actual time=449.558..1576.332 rows=7614 loops=1)
                                       Buffers: shared hit=66878 read=58051, temp read=329 written=329
                                       ->  Hash Join  (cost=96909.27..531802.35 rows=1508 width=12) (actual time=449.507..922.024 rows=7664 loops=1)
                                             Hash Cond: (mi1.movie_id = t.id)
                                             Buffers: shared hit=12246 read=35121, temp read=329 written=329
                                             ->  Bitmap Heap Scan on movie_info mi1  (cost=16452.54..450227.42 rows=16298 width=8) (actual time=41.672..465.908 rows=162707 loops=1)
                                                   Recheck Cond: (info_type_id = 3)
                                                   Filter: ((info)::text = ANY ('{Adventure,History,Horror,Music,Mystery,Sport,Talk-Show,Western}'::text[]))
                                                   Rows Removed by Filter: 1371202
                                                   Heap Blocks: exact=9772
                                                   Buffers: shared hit=6580 read=4395
                                                   ->  Bitmap Index Scan on info_type_id_movie_info  (cost=0.00..16448.47 rows=1538671 width=0) (actual time=40.471..40.471 rows=1533909 loops=1)
                                                         Index Cond: (info_type_id = 3)
                                                         Buffers: shared read=1203
                                             ->  Hash  (cost=76617.93..76617.93 rows=233984 width=4) (actual time=406.719..406.722 rows=33701 loops=1)
                                                   Buckets: 262144  Batches: 2  Memory Usage: 2644kB
                                                   Buffers: shared hit=5666 read=30726, temp written=49
                                                   ->  Hash Join  (cost=1.13..76617.93 rows=233984 width=4) (actual time=0.061..399.816 rows=33701 loops=1)
                                                         Hash Cond: (t.kind_id = kt.id)
                                                         Buffers: shared hit=5666 read=30726
                                                         ->  Seq Scan on title t  (cost=0.00..74315.95 rows=545963 width=8) (actual time=0.024..367.910 rows=538239 loops=1)
                                                               Filter: ((production_year <= 1990) AND (1950 < production_year))
                                                               Rows Removed by Filter: 1990073
                                                               Buffers: shared hit=5665 read=30726
                                                         ->  Hash  (cost=1.10..1.10 rows=3 width=4) (actual time=0.013..0.014 rows=3 loops=1)
                                                               Buckets: 1024  Batches: 1  Memory Usage: 9kB
                                                               Buffers: shared hit=1
                                                               ->  Seq Scan on kind_type kt  (cost=0.00..1.10 rows=3 width=4) (actual time=0.008..0.009 rows=3 loops=1)
                                                                     Filter: ((kind)::text = ANY ('{"tv series","video game","video movie"}'::text[]))
                                                                     Rows Removed by Filter: 4
                                                                     Buffers: shared hit=1
                                       ->  Index Scan using movie_id_movie_info on movie_info mi2  (cost=0.43..42.68 rows=1 width=8) (actual time=0.068..0.085 rows=1 loops=7664)
                                             Index Cond: (movie_id = t.id)
                                             Filter: (((info)::text = ANY ('{"Black and White",Color}'::text[])) AND (info_type_id = 2))
                                             Rows Removed by Filter: 11
                                             Buffers: shared hit=54632 read=22930
                                 ->  Index Scan using movie_id_cast_info on cast_info ci  (cost=0.44..43.99 rows=38 width=12) (actual time=0.033..0.119 rows=10 loops=7614)
                                       Index Cond: (movie_id = t.id)
                                       Buffers: shared hit=50953 read=43308
                           ->  Hash  (cost=1.15..1.15 rows=1 width=4) (actual time=0.017..0.018 rows=1 loops=1)
                                 Buckets: 1024  Batches: 1  Memory Usage: 9kB
                                 Buffers: shared hit=1
                                 ->  Seq Scan on role_type rt  (cost=0.00..1.15 rows=1 width=4) (actual time=0.009..0.011 rows=1 loops=1)
                                       Filter: ((role)::text = 'actor'::text)
                                       Rows Removed by Filter: 11
                                       Buffers: shared hit=1
                     ->  Index Scan using name_pkey on name n  (cost=0.43..2.32 rows=1 width=4) (actual time=0.031..0.031 rows=1 loops=31647)
                           Index Cond: (id = ci.person_id)
                           Filter: ((gender)::text = 'm'::text)
                           Buffers: shared hit=107616 read=18972
 Planning:
   Buffers: shared hit=517 read=57
 Planning Time: 13.354 ms
 Execution Time: 3538.791 ms
(75 rows)

