                                                                                            QUERY PLAN                                                                                            
--------------------------------------------------------------------------------------------------------------------------------------------------------------------------------------------------
 Aggregate  (cost=438531.42..438531.43 rows=1 width=8) (actual time=8656.745..8656.754 rows=1 loops=1)
   Buffers: shared hit=726003 read=167121
   ->  Nested Loop  (cost=88601.78..438531.41 rows=1 width=0) (actual time=577.029..8655.884 rows=2415 loops=1)
         Buffers: shared hit=726003 read=167121
         ->  Hash Join  (cost=88601.35..438529.10 rows=1 width=4) (actual time=576.992..8339.230 rows=8822 loops=1)
               Hash Cond: (ci.role_id = rt.id)
               Buffers: shared hit=692423 read=165413
               ->  Nested Loop  (cost=88600.19..438527.88 rows=14 width=8) (actual time=576.084..8296.526 rows=263134 loops=1)
                     Buffers: shared hit=692422 read=165413
                     ->  Nested Loop  (cost=88599.75..438475.04 rows=1 width=12) (actual time=576.050..5682.754 rows=9029 loops=1)
                           Buffers: shared hit=438137 read=134057
                           ->  Nested Loop  (cost=88599.75..438472.62 rows=1 width=16) (actual time=576.040..5489.029 rows=9029 loops=1)
                                 Buffers: shared hit=429108 read=134057
                                 ->  Nested Loop  (cost=88599.75..438470.20 rows=1 width=20) (actual time=576.019..5313.080 rows=9029 loops=1)
                                       Buffers: shared hit=420079 read=134057
                                       ->  Hash Join  (cost=88599.31..431074.75 rows=152 width=12) (actual time=474.883..885.392 rows=43726 loops=1)
                                             Hash Cond: (mi2.movie_id = t.id)
                                             Buffers: shared hit=4 read=53931
                                             ->  Bitmap Heap Scan on movie_info mi2  (cost=13862.73..356243.17 rows=24927 width=8) (actual time=40.468..420.384 rows=288414 loops=1)
                                                   Recheck Cond: (info_type_id = 2)
                                                   Filter: ((info)::text = 'Black and White'::text)
                                                   Rows Removed by Filter: 1000514
                                                   Heap Blocks: exact=16526
                                                   Buffers: shared hit=3 read=17540
                                                   ->  Bitmap Index Scan on info_type_id_movie_info  (cost=0.00..13856.49 rows=1296008 width=0) (actual time=36.378..36.379 rows=1288928 loops=1)
                                                         Index Cond: (info_type_id = 2)
                                                         Buffers: shared read=1017
                                             ->  Hash  (cost=74544.15..74544.15 rows=15395 width=4) (actual time=362.814..362.817 rows=50824 loops=1)
                                                   Buckets: 65536 (originally 16384)  Batches: 1 (originally 1)  Memory Usage: 2299kB
                                                   Buffers: shared hit=1 read=36391
                                                   ->  Hash Join  (cost=1.11..74544.15 rows=15395 width=4) (actual time=0.470..354.266 rows=50824 loops=1)
                                                         Hash Cond: (t.kind_id = kt.id)
                                                         Buffers: shared hit=1 read=36391
                                                         ->  Seq Scan on title t  (cost=0.00..74315.95 rows=53884 width=8) (actual time=0.330..347.385 rows=51669 loops=1)
                                                               Filter: ((production_year <= 1949) AND (1928 < production_year))
                                                               Rows Removed by Filter: 2476643
                                                               Buffers: shared read=36391
                                                         ->  Hash  (cost=1.09..1.09 rows=2 width=4) (actual time=0.012..0.013 rows=2 loops=1)
                                                               Buckets: 1024  Batches: 1  Memory Usage: 9kB
                                                               Buffers: shared hit=1
                                                               ->  Seq Scan on kind_type kt  (cost=0.00..1.09 rows=2 width=4) (actual time=0.007..0.008 rows=2 loops=1)
                                                                     Filter: ((kind)::text = ANY ('{episode,movie}'::text[]))
                                                                     Rows Removed by Filter: 5
                                                                     Buffers: shared hit=1
                                       ->  Index Scan using movie_id_movie_info on movie_info mi1  (cost=0.43..48.64 rows=1 width=8) (actual time=0.101..0.101 rows=0 loops=43726)
                                             Index Cond: (movie_id = t.id)
                                             Filter: ((info_type_id = 3) AND ((info)::text = ANY ('{Action,Adventure,Music,Mystery,Sport,Thriller,War}'::text[])))
                                             Rows Removed by Filter: 14
                                             Buffers: shared hit=420075 read=80126
                                 ->  Seq Scan on info_type it1  (cost=0.00..2.41 rows=1 width=4) (actual time=0.009..0.017 rows=1 loops=9029)
                                       Filter: (id = 3)
                                       Rows Removed by Filter: 112
                                       Buffers: shared hit=9029
                           ->  Seq Scan on info_type it2  (cost=0.00..2.41 rows=1 width=4) (actual time=0.010..0.020 rows=1 loops=9029)
                                 Filter: (id = 2)
                                 Rows Removed by Filter: 112
                                 Buffers: shared hit=9029
                     ->  Index Scan using movie_id_cast_info on cast_info ci  (cost=0.44..52.46 rows=38 width=12) (actual time=0.037..0.282 rows=29 loops=9029)
                           Index Cond: (movie_id = t.id)
                           Buffers: shared hit=254285 read=31356
               ->  Hash  (cost=1.15..1.15 rows=1 width=4) (actual time=0.029..0.029 rows=1 loops=1)
                     Buckets: 1024  Batches: 1  Memory Usage: 9kB
                     Buffers: shared hit=1
                     ->  Seq Scan on role_type rt  (cost=0.00..1.15 rows=1 width=4) (actual time=0.022..0.024 rows=1 loops=1)
                           Filter: ((role)::text = 'cinematographer'::text)
                           Rows Removed by Filter: 11
                           Buffers: shared hit=1
         ->  Index Scan using name_pkey on name n  (cost=0.43..2.32 rows=1 width=4) (actual time=0.035..0.035 rows=0 loops=8822)
               Index Cond: (id = ci.person_id)
               Filter: ((gender)::text = 'm'::text)
               Rows Removed by Filter: 1
               Buffers: shared hit=33580 read=1708
 Planning:
   Buffers: shared hit=480 read=94
 Planning Time: 13.600 ms
 Execution Time: 8657.441 ms
(76 rows)

