                                                                                            QUERY PLAN                                                                                            
--------------------------------------------------------------------------------------------------------------------------------------------------------------------------------------------------
 Aggregate  (cost=815663.13..815663.14 rows=1 width=8) (actual time=6055.061..6055.067 rows=1 loops=1)
   Buffers: shared hit=470877 read=79105, temp read=7723 written=7723
   ->  Nested Loop  (cost=441727.85..815662.72 rows=165 width=0) (actual time=1292.102..6053.451 rows=10980 loops=1)
         Buffers: shared hit=470877 read=79105, temp read=7723 written=7723
         ->  Seq Scan on info_type it2  (cost=0.00..2.41 rows=1 width=4) (actual time=0.045..0.050 rows=1 loops=1)
               Filter: (id = 2)
               Rows Removed by Filter: 112
               Buffers: shared hit=1
         ->  Nested Loop  (cost=441727.85..815658.66 rows=165 width=4) (actual time=1292.055..6051.886 rows=10980 loops=1)
               Buffers: shared hit=470876 read=79105, temp read=7723 written=7723
               ->  Seq Scan on info_type it1  (cost=0.00..2.41 rows=1 width=4) (actual time=0.009..0.017 rows=1 loops=1)
                     Filter: (id = 3)
                     Rows Removed by Filter: 112
                     Buffers: shared hit=1
               ->  Nested Loop  (cost=441727.85..815654.59 rows=165 width=8) (actual time=1292.045..6050.344 rows=10980 loops=1)
                     Join Filter: (t.id = mi1.movie_id)
                     Buffers: shared hit=470875 read=79105, temp read=7723 written=7723
                     ->  Nested Loop  (cost=441727.39..604766.06 rows=4997 width=16) (actual time=1291.100..3915.914 rows=21096 loops=1)
                           Buffers: shared hit=271512 read=49074, temp read=7723 written=7723
                           ->  Hash Join  (cost=441726.96..577135.94 rows=11912 width=20) (actual time=1290.884..1810.348 rows=65084 loops=1)
                                 Hash Cond: (ci.movie_id = t.id)
                                 Buffers: shared hit=26627 read=33623, temp read=7723 written=7723
                                 ->  Nested Loop  (cost=0.44..123965.00 rows=3020080 width=8) (actual time=0.230..244.441 rows=898389 loops=1)
                                       Buffers: shared hit=779 read=5536
                                       ->  Seq Scan on role_type rt  (cost=0.00..1.15 rows=1 width=4) (actual time=0.009..0.011 rows=1 loops=1)
                                             Filter: ((role)::text = 'cinematographer'::text)
                                             Rows Removed by Filter: 11
                                             Buffers: shared hit=1
                                       ->  Index Scan using role_id_cast_info on cast_info ci  (cost=0.44..91017.52 rows=3294633 width=12) (actual time=0.216..166.191 rows=898389 loops=1)
                                             Index Cond: (role_id = rt.id)
                                             Buffers: shared hit=778 read=5536
                                 ->  Hash  (cost=441601.87..441601.87 rows=9972 width=12) (actual time=1290.409..1290.413 rows=202566 loops=1)
                                       Buckets: 262144 (originally 16384)  Batches: 2 (originally 1)  Memory Usage: 6395kB
                                       Buffers: shared hit=25848 read=28087, temp read=5791 written=6187
                                       ->  Hash Join  (cost=96984.53..441601.87 rows=9972 width=12) (actual time=676.327..1256.702 rows=202566 loops=1)
                                             Hash Cond: (mi2.movie_id = t.id)
                                             Buffers: shared hit=25848 read=28087, temp read=5791 written=5791
                                             ->  Bitmap Heap Scan on movie_info mi2  (cost=13878.84..356259.28 rows=89381 width=8) (actual time=39.802..322.918 rows=1000514 loops=1)
                                                   Recheck Cond: (info_type_id = 2)
                                                   Filter: ((info)::text = 'Color'::text)
                                                   Rows Removed by Filter: 288414
                                                   Heap Blocks: exact=16526
                                                   Buffers: shared hit=1132 read=16411
                                                   ->  Bitmap Index Scan on info_type_id_movie_info  (cost=0.00..13856.49 rows=1296008 width=0) (actual time=37.598..37.598 rows=1288928 loops=1)
                                                         Index Cond: (info_type_id = 2)
                                                         Buffers: shared hit=1 read=1016
                                             ->  Hash  (cost=78477.72..78477.72 rows=282078 width=4) (actual time=635.446..635.449 rows=738800 loops=1)
                                                   Buckets: 262144 (originally 262144)  Batches: 8 (originally 2)  Memory Usage: 6145kB
                                                   Buffers: shared hit=24716 read=11676, temp written=1892
                                                   ->  Hash Join  (cost=1.11..78477.72 rows=282078 width=4) (actual time=0.061..529.996 rows=738800 loops=1)
                                                         Hash Cond: (t.kind_id = kt.id)
                                                         Buffers: shared hit=24716 read=11676
                                                         ->  Seq Scan on title t  (cost=0.00..74315.95 rows=987274 width=8) (actual time=0.029..428.918 rows=989787 loops=1)
                                                               Filter: ((production_year <= 2010) AND (2000 < production_year))
                                                               Rows Removed by Filter: 1538525
                                                               Buffers: shared hit=24715 read=11676
                                                         ->  Hash  (cost=1.09..1.09 rows=2 width=4) (actual time=0.013..0.014 rows=2 loops=1)
                                                               Buckets: 1024  Batches: 1  Memory Usage: 9kB
                                                               Buffers: shared hit=1
                                                               ->  Seq Scan on kind_type kt  (cost=0.00..1.09 rows=2 width=4) (actual time=0.008..0.009 rows=2 loops=1)
                                                                     Filter: ((kind)::text = ANY ('{episode,"video movie"}'::text[]))
                                                                     Rows Removed by Filter: 5
                                                                     Buffers: shared hit=1
                           ->  Index Scan using name_pkey on name n  (cost=0.43..2.32 rows=1 width=4) (actual time=0.032..0.032 rows=0 loops=65084)
                                 Index Cond: (id = ci.person_id)
                                 Filter: ((gender)::text = 'm'::text)
                                 Rows Removed by Filter: 1
                                 Buffers: shared hit=244885 read=15451
                     ->  Index Scan using movie_id_movie_info on movie_info mi1  (cost=0.46..42.19 rows=1 width=8) (actual time=0.100..0.101 rows=1 loops=21096)
                           Index Cond: (movie_id = ci.movie_id)
                           Filter: ((info_type_id = 3) AND ((info)::text = ANY ('{Animation,Crime,Documentary,Family,Fantasy,Horror,Music,Sci-Fi,Short,Thriller}'::text[])))
                           Rows Removed by Filter: 12
                           Buffers: shared hit=199363 read=30031
 Planning:
   Buffers: shared hit=577
 Planning Time: 14.006 ms
 Execution Time: 6055.677 ms
(77 rows)

