                                                                                            QUERY PLAN                                                                                            
--------------------------------------------------------------------------------------------------------------------------------------------------------------------------------------------------
 Aggregate  (cost=798282.96..798282.97 rows=1 width=8) (actual time=3249.670..3249.676 rows=1 loops=1)
   Buffers: shared hit=192943 read=87957, temp read=1267 written=1267
   ->  Nested Loop  (cost=95929.74..798281.92 rows=417 width=0) (actual time=438.750..3248.791 rows=4577 loops=1)
         Buffers: shared hit=192943 read=87957, temp read=1267 written=1267
         ->  Hash Join  (cost=95929.31..796797.43 rows=640 width=4) (actual time=438.712..2847.958 rows=10785 loops=1)
               Hash Cond: (ci.role_id = rt.id)
               Buffers: shared hit=156164 read=81596, temp read=1267 written=1267
               ->  Nested Loop  (cost=95928.14..796782.61 rows=3841 width=8) (actual time=438.570..2833.278 rows=80648 loops=1)
                     Buffers: shared hit=156163 read=81596, temp read=1267 written=1267
                     ->  Nested Loop  (cost=95927.70..784842.05 rows=268 width=12) (actual time=438.541..1820.285 rows=8302 loops=1)
                           Buffers: shared hit=80473 read=54740, temp read=1267 written=1267
                           ->  Seq Scan on info_type it2  (cost=0.00..2.41 rows=1 width=4) (actual time=0.025..0.030 rows=1 loops=1)
                                 Filter: (id = 2)
                                 Rows Removed by Filter: 112
                                 Buffers: shared hit=1
                           ->  Nested Loop  (cost=95927.70..784836.95 rows=268 width=16) (actual time=438.515..1818.520 rows=8302 loops=1)
                                 Buffers: shared hit=80472 read=54740, temp read=1267 written=1267
                                 ->  Seq Scan on info_type it1  (cost=0.00..2.41 rows=1 width=4) (actual time=0.008..0.016 rows=1 loops=1)
                                       Filter: (id = 3)
                                       Rows Removed by Filter: 112
                                       Buffers: shared hit=1
                                 ->  Nested Loop  (cost=95927.70..784831.86 rows=268 width=20) (actual time=438.503..1816.800 rows=8302 loops=1)
                                       Buffers: shared hit=80471 read=54740, temp read=1267 written=1267
                                       ->  Hash Join  (cost=95927.26..531411.72 rows=5919 width=12) (actual time=438.391..1000.219 rows=8328 loops=1)
                                             Hash Cond: (mi1.movie_id = t.id)
                                             Buffers: shared hit=12751 read=34616, temp read=1267 written=1267
                                             ->  Bitmap Heap Scan on movie_info mi1  (cost=16467.56..450242.44 rows=76369 width=8) (actual time=41.751..458.501 rows=730163 loops=1)
                                                   Recheck Cond: (info_type_id = 3)
                                                   Filter: ((info)::text = ANY ('{Animation,Comedy,Crime,Documentary,Drama,Family,War,Western}'::text[]))
                                                   Rows Removed by Filter: 803746
                                                   Heap Blocks: exact=9772
                                                   Buffers: shared hit=11 read=10964
                                                   ->  Bitmap Index Scan on info_type_id_movie_info  (cost=0.00..16448.47 rows=1538671 width=0) (actual time=40.557..40.557 rows=1533909 loops=1)
                                                         Index Cond: (info_type_id = 3)
                                                         Buffers: shared read=1203
                                             ->  Hash  (cost=76244.10..76244.10 rows=195968 width=4) (actual time=395.461..395.463 rows=11843 loops=1)
                                                   Buckets: 262144  Batches: 2  Memory Usage: 2260kB
                                                   Buffers: shared hit=12740 read=23652, temp written=17
                                                   ->  Hash Join  (cost=1.13..76244.10 rows=195968 width=4) (actual time=0.138..392.671 rows=11843 loops=1)
                                                         Hash Cond: (t.kind_id = kt.id)
                                                         Buffers: shared hit=12740 read=23652
                                                         ->  Seq Scan on title t  (cost=0.00..74315.95 rows=457258 width=8) (actual time=0.027..367.222 rows=451569 loops=1)
                                                               Filter: ((production_year <= 1975) AND (1875 < production_year))
                                                               Rows Removed by Filter: 2076743
                                                               Buffers: shared hit=12739 read=23652
                                                         ->  Hash  (cost=1.10..1.10 rows=3 width=4) (actual time=0.013..0.013 rows=3 loops=1)
                                                               Buckets: 1024  Batches: 1  Memory Usage: 9kB
                                                               Buffers: shared hit=1
                                                               ->  Seq Scan on kind_type kt  (cost=0.00..1.10 rows=3 width=4) (actual time=0.007..0.008 rows=3 loops=1)
                                                                     Filter: ((kind)::text = ANY ('{"tv series","video game","video movie"}'::text[]))
                                                                     Rows Removed by Filter: 4
                                                                     Buffers: shared hit=1
                                       ->  Index Scan using movie_id_movie_info on movie_info mi2  (cost=0.43..42.80 rows=1 width=8) (actual time=0.077..0.097 rows=1 loops=8328)
                                             Index Cond: (movie_id = t.id)
                                             Filter: (((info)::text = ANY ('{"Black and White",Color}'::text[])) AND (info_type_id = 2))
                                             Rows Removed by Filter: 11
                                             Buffers: shared hit=67720 read=20124
                     ->  Index Scan using movie_id_cast_info on cast_info ci  (cost=0.44..44.17 rows=38 width=12) (actual time=0.036..0.119 rows=10 loops=8302)
                           Index Cond: (movie_id = t.id)
                           Buffers: shared hit=75690 read=26856
               ->  Hash  (cost=1.15..1.15 rows=2 width=4) (actual time=0.029..0.030 rows=2 loops=1)
                     Buckets: 1024  Batches: 1  Memory Usage: 9kB
                     Buffers: shared hit=1
                     ->  Seq Scan on role_type rt  (cost=0.00..1.15 rows=2 width=4) (actual time=0.022..0.024 rows=2 loops=1)
                           Filter: ((role)::text = ANY ('{"production designer",writer}'::text[]))
                           Rows Removed by Filter: 10
                           Buffers: shared hit=1
         ->  Index Scan using name_pkey on name n  (cost=0.43..2.32 rows=1 width=4) (actual time=0.037..0.037 rows=0 loops=10785)
               Index Cond: (id = ci.person_id)
               Filter: ((gender)::text = ANY ('{f,m}'::text[]))
               Rows Removed by Filter: 1
               Buffers: shared hit=36779 read=6361
 Planning:
   Buffers: shared hit=485 read=89
 Planning Time: 13.149 ms
 Execution Time: 3250.124 ms
(76 rows)

