                                                                                               QUERY PLAN                                                                                                
---------------------------------------------------------------------------------------------------------------------------------------------------------------------------------------------------------
 Aggregate  (cost=431200.68..431200.69 rows=1 width=8) (actual time=2400.534..2400.540 rows=1 loops=1)
   Buffers: shared hit=205253 read=43102
   ->  Nested Loop  (cost=74992.35..431200.68 rows=1 width=0) (actual time=420.945..2400.504 rows=67 loops=1)
         Buffers: shared hit=205253 read=43102
         ->  Nested Loop  (cost=74992.35..431198.26 rows=1 width=4) (actual time=420.939..2399.808 rows=67 loops=1)
               Buffers: shared hit=205186 read=43102
               ->  Nested Loop  (cost=74992.35..431195.84 rows=1 width=8) (actual time=420.926..2398.298 rows=67 loops=1)
                     Join Filter: (t.id = mi2.movie_id)
                     Buffers: shared hit=205119 read=43102
                     ->  Nested Loop  (cost=74991.92..429512.82 rows=40 width=16) (actual time=420.877..2392.167 rows=76 loops=1)
                           Join Filter: (t.id = mi1.movie_id)
                           Buffers: shared hit=204263 read=43102
                           ->  Nested Loop  (cost=74991.48..249808.23 rows=4271 width=8) (actual time=379.716..2356.695 rows=343 loops=1)
                                 Buffers: shared hit=202968 read=40769
                                 ->  Hash Join  (cost=74991.05..207154.58 rows=18389 width=12) (actual time=376.728..1118.341 rows=49076 loops=1)
                                       Hash Cond: (t.kind_id = kt.id)
                                       Buffers: shared hit=13719 read=33714
                                       ->  Hash Join  (cost=74989.94..206882.22 rows=64364 width=16) (actual time=376.662..1107.748 rows=49326 loops=1)
                                             Hash Cond: (ci.movie_id = t.id)
                                             Buffers: shared hit=13718 read=33714
                                             ->  Nested Loop  (cost=0.44..123965.00 rows=3020080 width=8) (actual time=0.115..517.741 rows=1703543 loops=1)
                                                   Buffers: shared hit=3110 read=7931
                                                   ->  Seq Scan on role_type rt  (cost=0.00..1.15 rows=1 width=4) (actual time=0.011..0.013 rows=1 loops=1)
                                                         Filter: ((role)::text = 'director'::text)
                                                         Rows Removed by Filter: 11
                                                         Buffers: shared hit=1
                                                   ->  Index Scan using role_id_cast_info on cast_info ci  (cost=0.44..91017.52 rows=3294633 width=12) (actual time=0.102..338.615 rows=1703543 loops=1)
                                                         Index Cond: (role_id = rt.id)
                                                         Buffers: shared hit=3109 read=7931
                                             ->  Hash  (cost=74315.95..74315.95 rows=53884 width=8) (actual time=375.933..375.934 rows=51669 loops=1)
                                                   Buckets: 65536  Batches: 1  Memory Usage: 2531kB
                                                   Buffers: shared hit=10608 read=25783
                                                   ->  Seq Scan on title t  (cost=0.00..74315.95 rows=53884 width=8) (actual time=0.543..366.249 rows=51669 loops=1)
                                                         Filter: ((production_year <= 1949) AND (1928 < production_year))
                                                         Rows Removed by Filter: 2476643
                                                         Buffers: shared hit=10608 read=25783
                                       ->  Hash  (cost=1.09..1.09 rows=2 width=4) (actual time=0.036..0.037 rows=2 loops=1)
                                             Buckets: 1024  Batches: 1  Memory Usage: 9kB
                                             Buffers: shared hit=1
                                             ->  Seq Scan on kind_type kt  (cost=0.00..1.09 rows=2 width=4) (actual time=0.027..0.030 rows=2 loops=1)
                                                   Filter: ((kind)::text = ANY ('{episode,movie}'::text[]))
                                                   Rows Removed by Filter: 5
                                                   Buffers: shared hit=1
                                 ->  Index Scan using name_pkey on name n  (cost=0.43..2.32 rows=1 width=4) (actual time=0.025..0.025 rows=0 loops=49076)
                                       Index Cond: (id = ci.person_id)
                                       Filter: ((gender)::text = 'f'::text)
                                       Rows Removed by Filter: 1
                                       Buffers: shared hit=189249 read=7055
                           ->  Index Scan using movie_id_movie_info on movie_info mi1  (cost=0.43..42.06 rows=1 width=8) (actual time=0.103..0.103 rows=0 loops=343)
                                 Index Cond: (movie_id = ci.movie_id)
                                 Filter: (((info)::text = ANY ('{Animation,Comedy}'::text[])) AND (info_type_id = 3))
                                 Rows Removed by Filter: 11
                                 Buffers: shared hit=1295 read=2333
                     ->  Index Scan using movie_id_movie_info on movie_info mi2  (cost=0.43..42.06 rows=1 width=8) (actual time=0.063..0.080 rows=1 loops=76)
                           Index Cond: (movie_id = ci.movie_id)
                           Filter: ((info_type_id = 2) AND ((info)::text = 'Black and White'::text))
                           Rows Removed by Filter: 13
                           Buffers: shared hit=856
               ->  Seq Scan on info_type it1  (cost=0.00..2.41 rows=1 width=4) (actual time=0.016..0.021 rows=1 loops=67)
                     Filter: (id = 3)
                     Rows Removed by Filter: 112
                     Buffers: shared hit=67
         ->  Seq Scan on info_type it2  (cost=0.00..2.41 rows=1 width=4) (actual time=0.004..0.009 rows=1 loops=67)
               Filter: (id = 2)
               Rows Removed by Filter: 112
               Buffers: shared hit=67
 Planning:
   Buffers: shared hit=567 read=7
 Planning Time: 13.668 ms
 Execution Time: 2401.057 ms
(70 rows)

