                                                                                            QUERY PLAN                                                                                            
--------------------------------------------------------------------------------------------------------------------------------------------------------------------------------------------------
 Aggregate  (cost=783787.60..783787.61 rows=1 width=8) (actual time=96037.290..96037.300 rows=1 loops=1)
   Buffers: shared hit=7328920 read=2525822, temp read=8150 written=8150
   ->  Nested Loop  (cost=111753.86..783787.01 rows=235 width=0) (actual time=991.685..96000.319 rows=200695 loops=1)
         Buffers: shared hit=7328920 read=2525822, temp read=8150 written=8150
         ->  Seq Scan on info_type it2  (cost=0.00..2.41 rows=1 width=4) (actual time=0.036..0.046 rows=1 loops=1)
               Filter: (id = 2)
               Rows Removed by Filter: 112
               Buffers: shared hit=1
         ->  Nested Loop  (cost=111753.86..783782.25 rows=235 width=4) (actual time=991.648..95960.388 rows=200695 loops=1)
               Buffers: shared hit=7328919 read=2525822, temp read=8150 written=8150
               ->  Seq Scan on info_type it1  (cost=0.00..2.41 rows=1 width=4) (actual time=0.007..0.019 rows=1 loops=1)
                     Filter: (id = 3)
                     Rows Removed by Filter: 112
                     Buffers: shared hit=1
               ->  Nested Loop  (cost=111753.86..783777.48 rows=235 width=8) (actual time=991.638..95917.232 rows=200695 loops=1)
                     Buffers: shared hit=7328918 read=2525822, temp read=8150 written=8150
                     ->  Hash Join  (cost=111753.43..782940.14 rows=361 width=12) (actual time=991.484..69705.786 rows=744548 loops=1)
                           Hash Cond: (ci.role_id = rt.id)
                           Buffers: shared hit=4591224 read=2285324, temp read=8150 written=8150
                           ->  Nested Loop  (cost=111752.26..782923.59 rows=4329 width=16) (actual time=990.727..68819.169 rows=4633215 loops=1)
                                 Buffers: shared hit=4591223 read=2285324, temp read=8150 written=8150
                                 ->  Nested Loop  (cost=111751.82..769738.37 rows=302 width=20) (actual time=990.690..20743.528 rows=151991 loops=1)
                                       Buffers: shared hit=1181674 read=739643, temp read=8150 written=8150
                                       ->  Hash Join  (cost=111751.39..488075.76 rows=6673 width=12) (actual time=990.616..1814.062 rows=151020 loops=1)
                                             Hash Cond: (mi1.movie_id = t.id)
                                             Buffers: shared hit=2943 read=44424, temp read=8150 written=8150
                                             ->  Bitmap Heap Scan on movie_info mi1  (cost=16454.76..389791.44 rows=25056 width=8) (actual time=41.580..415.640 rows=239750 loops=1)
                                                   Recheck Cond: (info_type_id = 3)
                                                   Filter: ((info)::text = ANY ('{Action,Adventure,Biography,Crime,History,News,Sport,Talk-Show,Thriller,War,Western}'::text[]))
                                                   Rows Removed by Filter: 1294159
                                                   Heap Blocks: exact=9772
                                                   Buffers: shared hit=2942 read=8033
                                                   ->  Bitmap Index Scan on info_type_id_movie_info  (cost=0.00..16448.47 rows=1538671 width=0) (actual time=40.348..40.348 rows=1533909 loops=1)
                                                         Index Cond: (info_type_id = 3)
                                                         Buffers: shared read=1203
                                             ->  Hash  (cost=84248.85..84248.85 rows=673342 width=4) (actual time=947.129..947.132 rows=2030736 loops=1)
                                                   Buckets: 262144 (originally 262144)  Batches: 16 (originally 8)  Memory Usage: 6511kB
                                                   Buffers: shared hit=1 read=36391, temp written=5570
                                                   ->  Hash Join  (cost=1.11..84248.85 rows=673342 width=4) (actual time=0.047..683.859 rows=2030736 loops=1)
                                                         Hash Cond: (t.kind_id = kt.id)
                                                         Buffers: shared hit=1 read=36391
                                                         ->  Seq Scan on title t  (cost=0.00..74315.95 rows=2356696 width=8) (actual time=0.024..432.708 rows=2352201 loops=1)
                                                               Filter: ((production_year <= 2015) AND (1925 < production_year))
                                                               Rows Removed by Filter: 176111
                                                               Buffers: shared read=36391
                                                         ->  Hash  (cost=1.09..1.09 rows=2 width=4) (actual time=0.014..0.016 rows=2 loops=1)
                                                               Buckets: 1024  Batches: 1  Memory Usage: 9kB
                                                               Buffers: shared hit=1
                                                               ->  Seq Scan on kind_type kt  (cost=0.00..1.09 rows=2 width=4) (actual time=0.009..0.010 rows=2 loops=1)
                                                                     Filter: ((kind)::text = ANY ('{episode,movie}'::text[]))
                                                                     Rows Removed by Filter: 5
                                                                     Buffers: shared hit=1
                                       ->  Index Scan using movie_id_movie_info on movie_info mi2  (cost=0.43..42.20 rows=1 width=8) (actual time=0.105..0.125 rows=1 loops=151020)
                                             Index Cond: (movie_id = t.id)
                                             Filter: (((info)::text = ANY ('{"Black and White",Color}'::text[])) AND (info_type_id = 2))
                                             Rows Removed by Filter: 24
                                             Buffers: shared hit=1178731 read=695219
                                 ->  Index Scan using movie_id_cast_info on cast_info ci  (cost=0.44..43.28 rows=38 width=12) (actual time=0.036..0.308 rows=30 loops=151991)
                                       Index Cond: (movie_id = t.id)
                                       Buffers: shared hit=3409549 read=1545681
                           ->  Hash  (cost=1.15..1.15 rows=1 width=4) (actual time=0.013..0.014 rows=1 loops=1)
                                 Buckets: 1024  Batches: 1  Memory Usage: 9kB
                                 Buffers: shared hit=1
                                 ->  Seq Scan on role_type rt  (cost=0.00..1.15 rows=1 width=4) (actual time=0.008..0.009 rows=1 loops=1)
                                       Filter: ((role)::text = 'miscellaneous crew'::text)
                                       Rows Removed by Filter: 11
                                       Buffers: shared hit=1
                     ->  Index Scan using name_pkey on name n  (cost=0.43..2.32 rows=1 width=4) (actual time=0.035..0.035 rows=0 loops=744548)
                           Index Cond: (id = ci.person_id)
                           Filter: ((gender)::text = ANY ('{f,m}'::text[]))
                           Rows Removed by Filter: 1
                           Buffers: shared hit=2737694 read=240498
 Planning:
   Buffers: shared hit=531 read=46
 Planning Time: 13.002 ms
 Execution Time: 96037.848 ms
(76 rows)

