                                                                                            QUERY PLAN                                                                                            
--------------------------------------------------------------------------------------------------------------------------------------------------------------------------------------------------
 Aggregate  (cost=559756.87..559756.88 rows=1 width=8) (actual time=12335.347..12335.356 rows=1 loops=1)
   Buffers: shared hit=932551 read=338755, temp read=560 written=560
   ->  Nested Loop  (cost=95632.74..559756.81 rows=23 width=0) (actual time=536.135..12333.438 rows=6288 loops=1)
         Buffers: shared hit=932551 read=338755, temp read=560 written=560
         ->  Seq Scan on info_type it2  (cost=0.00..2.41 rows=1 width=4) (actual time=0.034..0.043 rows=1 loops=1)
               Filter: (id = 2)
               Rows Removed by Filter: 112
               Buffers: shared hit=1
         ->  Nested Loop  (cost=95632.74..559754.17 rows=23 width=4) (actual time=536.099..12331.949 rows=6288 loops=1)
               Buffers: shared hit=932550 read=338755, temp read=560 written=560
               ->  Seq Scan on info_type it1  (cost=0.00..2.41 rows=1 width=4) (actual time=0.011..0.022 rows=1 loops=1)
                     Filter: (id = 3)
                     Rows Removed by Filter: 112
                     Buffers: shared hit=1
               ->  Nested Loop  (cost=95632.74..559751.52 rows=23 width=8) (actual time=536.086..12330.367 rows=6288 loops=1)
                     Buffers: shared hit=932549 read=338755, temp read=560 written=560
                     ->  Hash Join  (cost=95632.31..559626.27 rows=54 width=12) (actual time=534.407..11635.061 rows=21228 loops=1)
                           Hash Cond: (ci.role_id = rt.id)
                           Buffers: shared hit=854644 read=331748, temp read=560 written=560
                           ->  Nested Loop  (cost=95631.15..559622.81 rows=645 width=16) (actual time=534.183..11530.690 rows=723068 loops=1)
                                 Buffers: shared hit=854643 read=331748, temp read=560 written=560
                                 ->  Nested Loop  (cost=95630.71..557625.98 rows=45 width=20) (actual time=534.152..4424.128 rows=28152 loops=1)
                                       Buffers: shared hit=252830 read=144155, temp read=560 written=560
                                       ->  Hash Join  (cost=95630.28..515104.10 rows=996 width=12) (actual time=534.079..1186.037 rows=28856 loops=1)
                                             Hash Cond: (mi1.movie_id = t.id)
                                             Buffers: shared hit=12794 read=34573, temp read=560 written=560
                                             ->  Bitmap Heap Scan on movie_info mi1  (cost=16452.50..435117.83 rows=16144 width=8) (actual time=42.396..641.305 rows=161908 loops=1)
                                                   Recheck Cond: (info_type_id = 3)
                                                   Filter: ((info)::text = ANY ('{Action,Animation,Game-Show,History,Mystery,Sci-Fi,War}'::text[]))
                                                   Rows Removed by Filter: 1372001
                                                   Heap Blocks: exact=9772
                                                   Buffers: shared hit=105 read=10870
                                                   ->  Bitmap Index Scan on info_type_id_movie_info  (cost=0.00..16448.47 rows=1538671 width=0) (actual time=41.187..41.188 rows=1533909 loops=1)
                                                         Index Cond: (info_type_id = 3)
                                                         Buffers: shared read=1203
                                             ->  Hash  (cost=76617.91..76617.91 rows=155989 width=4) (actual time=457.835..457.838 rows=193386 loops=1)
                                                   Buckets: 262144  Batches: 2  Memory Usage: 5453kB
                                                   Buffers: shared hit=12689 read=23703, temp written=282
                                                   ->  Hash Join  (cost=1.11..76617.91 rows=155989 width=4) (actual time=218.921..427.334 rows=193386 loops=1)
                                                         Hash Cond: (t.kind_id = kt.id)
                                                         Buffers: shared hit=12689 read=23703
                                                         ->  Seq Scan on title t  (cost=0.00..74315.95 rows=545963 width=8) (actual time=0.022..384.774 rows=538239 loops=1)
                                                               Filter: ((production_year <= 1990) AND (1950 < production_year))
                                                               Rows Removed by Filter: 1990073
                                                               Buffers: shared hit=12688 read=23703
                                                         ->  Hash  (cost=1.09..1.09 rows=2 width=4) (actual time=0.011..0.012 rows=2 loops=1)
                                                               Buckets: 1024  Batches: 1  Memory Usage: 9kB
                                                               Buffers: shared hit=1
                                                               ->  Seq Scan on kind_type kt  (cost=0.00..1.09 rows=2 width=4) (actual time=0.006..0.007 rows=2 loops=1)
                                                                     Filter: ((kind)::text = ANY ('{movie,"tv movie"}'::text[]))
                                                                     Rows Removed by Filter: 5
                                                                     Buffers: shared hit=1
                                       ->  Index Scan using movie_id_movie_info on movie_info mi2  (cost=0.43..42.68 rows=1 width=8) (actual time=0.095..0.112 rows=1 loops=28856)
                                             Index Cond: (movie_id = t.id)
                                             Filter: (((info)::text = ANY ('{"Black and White",Color}'::text[])) AND (info_type_id = 2))
                                             Rows Removed by Filter: 22
                                             Buffers: shared hit=240036 read=109582
                                 ->  Index Scan using movie_id_cast_info on cast_info ci  (cost=0.44..43.99 rows=38 width=12) (actual time=0.034..0.246 rows=26 loops=28152)
                                       Index Cond: (movie_id = t.id)
                                       Buffers: shared hit=601813 read=187593
                           ->  Hash  (cost=1.15..1.15 rows=1 width=4) (actual time=0.016..0.017 rows=1 loops=1)
                                 Buckets: 1024  Batches: 1  Memory Usage: 9kB
                                 Buffers: shared hit=1
                                 ->  Seq Scan on role_type rt  (cost=0.00..1.15 rows=1 width=4) (actual time=0.008..0.010 rows=1 loops=1)
                                       Filter: ((role)::text = 'cinematographer'::text)
                                       Rows Removed by Filter: 11
                                       Buffers: shared hit=1
                     ->  Index Scan using name_pkey on name n  (cost=0.43..2.32 rows=1 width=4) (actual time=0.032..0.032 rows=0 loops=21228)
                           Index Cond: (id = ci.person_id)
                           Filter: ((gender)::text = 'm'::text)
                           Rows Removed by Filter: 1
                           Buffers: shared hit=77905 read=7007
 Planning:
   Buffers: shared hit=486 read=88
 Planning Time: 13.529 ms
 Execution Time: 12335.884 ms
(76 rows)

