                                                                                            QUERY PLAN                                                                                            
--------------------------------------------------------------------------------------------------------------------------------------------------------------------------------------------------
 Aggregate  (cost=438627.80..438627.81 rows=1 width=8) (actual time=751.173..751.180 rows=1 loops=1)
   Buffers: shared hit=26627 read=44904
   ->  Nested Loop  (cost=88601.79..438627.79 rows=2 width=0) (actual time=416.927..751.069 rows=969 loops=1)
         Buffers: shared hit=26627 read=44904
         ->  Seq Scan on info_type it2  (cost=0.00..2.41 rows=1 width=4) (actual time=0.035..0.039 rows=1 loops=1)
               Filter: (id = 2)
               Rows Removed by Filter: 112
               Buffers: shared hit=1
         ->  Nested Loop  (cost=88601.79..438625.36 rows=2 width=4) (actual time=416.891..750.926 rows=969 loops=1)
               Buffers: shared hit=26626 read=44904
               ->  Seq Scan on info_type it1  (cost=0.00..2.41 rows=1 width=4) (actual time=0.010..0.017 rows=1 loops=1)
                     Filter: (id = 3)
                     Rows Removed by Filter: 112
                     Buffers: shared hit=1
               ->  Nested Loop  (cost=88601.79..438622.93 rows=2 width=8) (actual time=416.879..750.803 rows=969 loops=1)
                     Buffers: shared hit=26625 read=44904
                     ->  Hash Join  (cost=88601.36..438606.69 rows=7 width=12) (actual time=416.834..733.816 rows=996 loops=1)
                           Hash Cond: (ci.role_id = rt.id)
                           Buffers: shared hit=23847 read=43698
                           ->  Nested Loop  (cost=88600.19..438605.36 rows=43 width=16) (actual time=410.488..733.239 rows=4134 loops=1)
                                 Buffers: shared hit=23846 read=43698
                                 ->  Nested Loop  (cost=88599.75..438446.83 rows=3 width=20) (actual time=409.922..702.741 rows=385 loops=1)
                                       Buffers: shared hit=20948 read=41403
                                       ->  Hash Join  (cost=88599.31..431074.75 rows=152 width=12) (actual time=409.824..662.639 rows=828 loops=1)
                                             Hash Cond: (mi2.movie_id = t.id)
                                             Buffers: shared hit=15952 read=37983
                                             ->  Bitmap Heap Scan on movie_info mi2  (cost=13862.73..356243.17 rows=24927 width=8) (actual time=39.493..283.480 rows=288414 loops=1)
                                                   Recheck Cond: (info_type_id = 2)
                                                   Filter: ((info)::text = 'Black and White'::text)
                                                   Rows Removed by Filter: 1000514
                                                   Heap Blocks: exact=16526
                                                   Buffers: shared hit=3361 read=14182
                                                   ->  Bitmap Index Scan on info_type_id_movie_info  (cost=0.00..13856.49 rows=1296008 width=0) (actual time=35.243..35.244 rows=1288928 loops=1)
                                                         Index Cond: (info_type_id = 2)
                                                         Buffers: shared read=1017
                                             ->  Hash  (cost=74544.15..74544.15 rows=15395 width=4) (actual time=358.539..358.541 rows=844 loops=1)
                                                   Buckets: 16384  Batches: 1  Memory Usage: 158kB
                                                   Buffers: shared hit=12591 read=23801
                                                   ->  Hash Join  (cost=1.11..74544.15 rows=15395 width=4) (actual time=0.350..358.246 rows=844 loops=1)
                                                         Hash Cond: (t.kind_id = kt.id)
                                                         Buffers: shared hit=12591 read=23801
                                                         ->  Seq Scan on title t  (cost=0.00..74315.95 rows=53884 width=8) (actual time=0.322..354.969 rows=51669 loops=1)
                                                               Filter: ((production_year <= 1949) AND (1928 < production_year))
                                                               Rows Removed by Filter: 2476643
                                                               Buffers: shared hit=12590 read=23801
                                                         ->  Hash  (cost=1.09..1.09 rows=2 width=4) (actual time=0.014..0.014 rows=2 loops=1)
                                                               Buckets: 1024  Batches: 1  Memory Usage: 9kB
                                                               Buffers: shared hit=1
                                                               ->  Seq Scan on kind_type kt  (cost=0.00..1.09 rows=2 width=4) (actual time=0.007..0.008 rows=2 loops=1)
                                                                     Filter: ((kind)::text = ANY ('{"tv movie","tv series"}'::text[]))
                                                                     Rows Removed by Filter: 5
                                                                     Buffers: shared hit=1
                                       ->  Index Scan using movie_id_movie_info on movie_info mi1  (cost=0.43..48.49 rows=1 width=8) (actual time=0.048..0.048 rows=0 loops=828)
                                             Index Cond: (movie_id = t.id)
                                             Filter: ((info_type_id = 3) AND ((info)::text = ANY ('{Animation,Comedy,Drama,Western}'::text[])))
                                             Rows Removed by Filter: 8
                                             Buffers: shared hit=4996 read=3420
                                 ->  Index Scan using movie_id_cast_info on cast_info ci  (cost=0.44..52.46 rows=38 width=12) (actual time=0.020..0.077 rows=11 loops=385)
                                       Index Cond: (movie_id = t.id)
                                       Buffers: shared hit=2898 read=2295
                           ->  Hash  (cost=1.15..1.15 rows=2 width=4) (actual time=0.015..0.016 rows=2 loops=1)
                                 Buckets: 1024  Batches: 1  Memory Usage: 9kB
                                 Buffers: shared hit=1
                                 ->  Seq Scan on role_type rt  (cost=0.00..1.15 rows=2 width=4) (actual time=0.008..0.010 rows=2 loops=1)
                                       Filter: ((role)::text = ANY ('{actress,"miscellaneous crew"}'::text[]))
                                       Rows Removed by Filter: 10
                                       Buffers: shared hit=1
                     ->  Index Scan using name_pkey on name n  (cost=0.43..2.32 rows=1 width=4) (actual time=0.017..0.017 rows=1 loops=996)
                           Index Cond: (id = ci.person_id)
                           Filter: ((gender)::text = 'f'::text)
                           Rows Removed by Filter: 0
                           Buffers: shared hit=2778 read=1206
 Planning:
   Buffers: shared hit=502 read=72
 Planning Time: 12.778 ms
 Execution Time: 751.680 ms
(76 rows)

