                                                                                               QUERY PLAN                                                                                               
--------------------------------------------------------------------------------------------------------------------------------------------------------------------------------------------------------
 Aggregate  (cost=412210.34..412210.35 rows=1 width=8) (actual time=3544.668..3544.674 rows=1 loops=1)
   Buffers: shared hit=315994 read=51589
   ->  Nested Loop  (cost=16454.33..412210.34 rows=1 width=0) (actual time=370.569..3543.021 rows=11389 loops=1)
         Buffers: shared hit=315994 read=51589
         ->  Hash Join  (cost=16453.90..412208.02 rows=1 width=4) (actual time=370.521..3162.428 rows=11389 loops=1)
               Hash Cond: (ci.role_id = rt.id)
               Buffers: shared hit=276417 read=45610
               ->  Nested Loop  (cost=16452.74..412206.81 rows=14 width=8) (actual time=365.982..3156.096 rows=24133 loops=1)
                     Buffers: shared hit=276416 read=45610
                     ->  Nested Loop  (cost=16452.30..412156.67 rows=1 width=12) (actual time=365.936..2831.438 rows=2420 loops=1)
                           Buffers: shared hit=255209 read=35878
                           ->  Nested Loop  (cost=16452.30..412154.25 rows=1 width=16) (actual time=365.929..2781.622 rows=2420 loops=1)
                                 Buffers: shared hit=252789 read=35878
                                 ->  Nested Loop  (cost=16452.30..412151.83 rows=1 width=20) (actual time=365.909..2737.187 rows=2420 loops=1)
                                       Buffers: shared hit=250369 read=35878
                                       ->  Hash Join  (cost=16451.87..410661.57 rows=32 width=12) (actual time=365.244..2487.704 rows=2413 loops=1)
                                             Hash Cond: (t.kind_id = kt.id)
                                             Buffers: shared hit=229096 read=31408
                                             ->  Nested Loop  (cost=16450.77..410659.53 rows=223 width=16) (actual time=365.197..2486.435 rows=2413 loops=1)
                                                   Buffers: shared hit=229095 read=31408
                                                   ->  Bitmap Heap Scan on movie_info mi1  (cost=16450.33..359567.91 rows=7437 width=8) (actual time=43.621..486.399 rows=64083 loops=1)
                                                         Recheck Cond: (info_type_id = 3)
                                                         Filter: ((info)::text = ANY ('{Adventure,Crime}'::text[]))
                                                         Rows Removed by Filter: 1469826
                                                         Heap Blocks: exact=9772
                                                         Buffers: shared hit=4734 read=6241
                                                         ->  Bitmap Index Scan on info_type_id_movie_info  (cost=0.00..16448.47 rows=1538671 width=0) (actual time=42.417..42.418 rows=1533909 loops=1)
                                                               Index Cond: (info_type_id = 3)
                                                               Buffers: shared read=1203
                                                   ->  Memoize  (cost=0.44..6.92 rows=1 width=8) (actual time=0.031..0.031 rows=0 loops=64083)
                                                         Cache Key: mi1.movie_id
                                                         Cache Mode: logical
                                                         Hits: 1701  Misses: 62382  Evictions: 0  Overflows: 0  Memory Usage: 4235kB
                                                         Buffers: shared hit=224361 read=25167
                                                         ->  Index Scan using title_pkey on title t  (cost=0.43..6.91 rows=1 width=8) (actual time=0.031..0.031 rows=0 loops=62382)
                                                               Index Cond: (id = mi1.movie_id)
                                                               Filter: ((production_year <= 1925) AND (1910 < production_year))
                                                               Rows Removed by Filter: 1
                                                               Buffers: shared hit=224361 read=25167
                                             ->  Hash  (cost=1.09..1.09 rows=1 width=4) (actual time=0.020..0.021 rows=1 loops=1)
                                                   Buckets: 1024  Batches: 1  Memory Usage: 9kB
                                                   Buffers: shared hit=1
                                                   ->  Seq Scan on kind_type kt  (cost=0.00..1.09 rows=1 width=4) (actual time=0.009..0.010 rows=1 loops=1)
                                                         Filter: ((kind)::text = 'movie'::text)
                                                         Rows Removed by Filter: 6
                                                         Buffers: shared hit=1
                                       ->  Index Scan using movie_id_movie_info on movie_info mi2  (cost=0.43..46.56 rows=1 width=8) (actual time=0.085..0.103 rows=1 loops=2413)
                                             Index Cond: (movie_id = t.id)
                                             Filter: ((info_type_id = 2) AND ((info)::text = 'Black and White'::text))
                                             Rows Removed by Filter: 13
                                             Buffers: shared hit=21273 read=4470
                                 ->  Seq Scan on info_type it1  (cost=0.00..2.41 rows=1 width=4) (actual time=0.009..0.016 rows=1 loops=2420)
                                       Filter: (id = 3)
                                       Rows Removed by Filter: 112
                                       Buffers: shared hit=2420
                           ->  Seq Scan on info_type it2  (cost=0.00..2.41 rows=1 width=4) (actual time=0.011..0.019 rows=1 loops=2420)
                                 Filter: (id = 2)
                                 Rows Removed by Filter: 112
                                 Buffers: shared hit=2420
                     ->  Index Scan using movie_id_cast_info on cast_info ci  (cost=0.44..49.76 rows=38 width=12) (actual time=0.037..0.131 rows=10 loops=2420)
                           Index Cond: (movie_id = t.id)
                           Buffers: shared hit=21207 read=9732
               ->  Hash  (cost=1.15..1.15 rows=1 width=4) (actual time=0.033..0.034 rows=1 loops=1)
                     Buckets: 1024  Batches: 1  Memory Usage: 9kB
                     Buffers: shared hit=1
                     ->  Seq Scan on role_type rt  (cost=0.00..1.15 rows=1 width=4) (actual time=0.025..0.027 rows=1 loops=1)
                           Filter: ((role)::text = 'actor'::text)
                           Rows Removed by Filter: 11
                           Buffers: shared hit=1
         ->  Index Scan using name_pkey on name n  (cost=0.43..2.32 rows=1 width=4) (actual time=0.033..0.033 rows=1 loops=11389)
               Index Cond: (id = ci.person_id)
               Filter: ((gender)::text = 'm'::text)
               Buffers: shared hit=39577 read=5979
 Planning:
   Buffers: shared hit=482 read=92
 Planning Time: 14.185 ms
 Execution Time: 3546.235 ms
(77 rows)

