                                                                                               QUERY PLAN                                                                                               
--------------------------------------------------------------------------------------------------------------------------------------------------------------------------------------------------------
 Aggregate  (cost=506453.17..506453.18 rows=1 width=8) (actual time=4318.561..4318.570 rows=1 loops=1)
   Buffers: shared hit=434283 read=14126
   ->  Nested Loop  (cost=16455.83..506453.15 rows=6 width=0) (actual time=56.417..4318.557 rows=13 loops=1)
         Buffers: shared hit=434283 read=14126
         ->  Seq Scan on info_type it2  (cost=0.00..2.41 rows=1 width=4) (actual time=0.045..0.055 rows=1 loops=1)
               Filter: (id = 2)
               Rows Removed by Filter: 112
               Buffers: shared hit=1
         ->  Nested Loop  (cost=16455.83..506450.68 rows=6 width=4) (actual time=56.370..4318.495 rows=13 loops=1)
               Buffers: shared hit=434282 read=14126
               ->  Seq Scan on info_type it1  (cost=0.00..2.41 rows=1 width=4) (actual time=0.012..0.024 rows=1 loops=1)
                     Filter: (id = 3)
                     Rows Removed by Filter: 112
                     Buffers: shared hit=1
               ->  Nested Loop  (cost=16455.83..506448.21 rows=6 width=8) (actual time=56.355..4318.464 rows=13 loops=1)
                     Buffers: shared hit=434281 read=14126
                     ->  Hash Join  (cost=16455.40..506387.90 rows=26 width=12) (actual time=42.718..4300.122 rows=539 loops=1)
                           Hash Cond: (ci.role_id = rt.id)
                           Buffers: shared hit=432489 read=13762
                           ->  Nested Loop  (cost=16454.24..506385.62 rows=315 width=16) (actual time=42.614..4298.906 rows=8066 loops=1)
                                 Buffers: shared hit=432488 read=13762
                                 ->  Nested Loop  (cost=16453.80..505377.58 rows=22 width=20) (actual time=41.929..4189.475 rows=925 loops=1)
                                       Buffers: shared hit=426103 read=9532
                                       ->  Hash Join  (cost=16453.36..484371.76 rows=481 width=12) (actual time=41.867..4083.099 rows=891 loops=1)
                                             Hash Cond: (t.kind_id = kt.id)
                                             Buffers: shared hit=420158 read=5006
                                             ->  Nested Loop  (cost=16452.23..484365.90 rows=1123 width=16) (actual time=41.823..4080.492 rows=10988 loops=1)
                                                   Buffers: shared hit=420157 read=5006
                                                   ->  Bitmap Heap Scan on movie_info mi1  (cost=16451.79..404898.02 rows=13284 width=8) (actual time=41.423..691.479 rows=122668 loops=1)
                                                         Recheck Cond: (info_type_id = 3)
                                                         Filter: ((info)::text = ANY ('{Crime,Mystery,Thriller,War,Western}'::text[]))
                                                         Rows Removed by Filter: 1411241
                                                         Heap Blocks: exact=9772
                                                         Buffers: shared hit=9075 read=1900
                                                         ->  Bitmap Index Scan on info_type_id_movie_info  (cost=0.00..16448.47 rows=1538671 width=0) (actual time=40.219..40.220 rows=1533909 loops=1)
                                                               Index Cond: (info_type_id = 3)
                                                               Buffers: shared hit=1144 read=59
                                                   ->  Memoize  (cost=0.44..6.07 rows=1 width=8) (actual time=0.027..0.027 rows=0 loops=122668)
                                                         Cache Key: mi1.movie_id
                                                         Cache Mode: logical
                                                         Hits: 19121  Misses: 103547  Evictions: 0  Overflows: 0  Memory Usage: 7252kB
                                                         Buffers: shared hit=411082 read=3106
                                                         ->  Index Scan using title_pkey on title t  (cost=0.43..6.06 rows=1 width=8) (actual time=0.031..0.031 rows=0 loops=103547)
                                                               Index Cond: (id = mi1.movie_id)
                                                               Filter: ((production_year <= 1970) AND (1950 < production_year))
                                                               Rows Removed by Filter: 1
                                                               Buffers: shared hit=411082 read=3106
                                             ->  Hash  (cost=1.10..1.10 rows=3 width=4) (actual time=0.022..0.023 rows=3 loops=1)
                                                   Buckets: 1024  Batches: 1  Memory Usage: 9kB
                                                   Buffers: shared hit=1
                                                   ->  Seq Scan on kind_type kt  (cost=0.00..1.10 rows=3 width=4) (actual time=0.009..0.010 rows=3 loops=1)
                                                         Filter: ((kind)::text = ANY ('{"tv series","video game","video movie"}'::text[]))
                                                         Rows Removed by Filter: 4
                                                         Buffers: shared hit=1
                                       ->  Index Scan using movie_id_movie_info on movie_info mi2  (cost=0.43..43.66 rows=1 width=8) (actual time=0.099..0.119 rows=1 loops=891)
                                             Index Cond: (movie_id = t.id)
                                             Filter: (((info)::text = ANY ('{"Black and White",Color}'::text[])) AND (info_type_id = 2))
                                             Rows Removed by Filter: 17
                                             Buffers: shared hit=5945 read=4526
                                 ->  Index Scan using movie_id_cast_info on cast_info ci  (cost=0.44..45.44 rows=38 width=12) (actual time=0.034..0.116 rows=9 loops=925)
                                       Index Cond: (movie_id = t.id)
                                       Buffers: shared hit=6385 read=4230
                           ->  Hash  (cost=1.15..1.15 rows=1 width=4) (actual time=0.018..0.019 rows=1 loops=1)
                                 Buckets: 1024  Batches: 1  Memory Usage: 9kB
                                 Buffers: shared hit=1
                                 ->  Seq Scan on role_type rt  (cost=0.00..1.15 rows=1 width=4) (actual time=0.011..0.012 rows=1 loops=1)
                                       Filter: ((role)::text = 'director'::text)
                                       Rows Removed by Filter: 11
                                       Buffers: shared hit=1
                     ->  Index Scan using name_pkey on name n  (cost=0.43..2.32 rows=1 width=4) (actual time=0.034..0.034 rows=0 loops=539)
                           Index Cond: (id = ci.person_id)
                           Filter: ((gender)::text = 'f'::text)
                           Rows Removed by Filter: 1
                           Buffers: shared hit=1792 read=364
 Planning:
   Buffers: shared hit=574
 Planning Time: 14.528 ms
 Execution Time: 4321.008 ms
(78 rows)

