                                                                                            QUERY PLAN                                                                                            
--------------------------------------------------------------------------------------------------------------------------------------------------------------------------------------------------
 Aggregate  (cost=703105.49..703105.50 rows=1 width=8) (actual time=13049.047..13049.056 rows=1 loops=1)
   Buffers: shared hit=1085772 read=266484, temp read=1774 written=1774
   ->  Nested Loop  (cost=92606.11..703105.20 rows=118 width=0) (actual time=458.957..13035.562 rows=86759 loops=1)
         Buffers: shared hit=1085772 read=266484, temp read=1774 written=1774
         ->  Seq Scan on info_type it2  (cost=0.00..2.41 rows=1 width=4) (actual time=0.040..0.050 rows=1 loops=1)
               Filter: (id = 2)
               Rows Removed by Filter: 112
               Buffers: shared hit=1
         ->  Nested Loop  (cost=92606.11..703101.61 rows=118 width=4) (actual time=458.916..13020.120 rows=86759 loops=1)
               Buffers: shared hit=1085771 read=266484, temp read=1774 written=1774
               ->  Seq Scan on info_type it1  (cost=0.00..2.41 rows=1 width=4) (actual time=0.008..0.020 rows=1 loops=1)
                     Filter: (id = 3)
                     Rows Removed by Filter: 112
                     Buffers: shared hit=1
               ->  Nested Loop  (cost=92606.11..703098.01 rows=118 width=8) (actual time=458.905..13003.465 rows=86759 loops=1)
                     Buffers: shared hit=1085770 read=266484, temp read=1774 written=1774
                     ->  Hash Join  (cost=92605.68..701924.34 rows=506 width=12) (actual time=458.866..8681.688 rows=126410 loops=1)
                           Hash Cond: (ci.role_id = rt.id)
                           Buffers: shared hit=615831 read=230783, temp read=1774 written=1774
                           ->  Nested Loop  (cost=92604.50..701912.37 rows=3039 width=16) (actual time=458.764..8592.679 rows=347185 loops=1)
                                 Buffers: shared hit=615830 read=230783, temp read=1774 written=1774
                                 ->  Nested Loop  (cost=92604.06..692427.58 rows=212 width=20) (actual time=458.733..4593.632 rows=27208 loops=1)
                                       Buffers: shared hit=318373 read=111738, temp read=1774 written=1774
                                       ->  Hash Join  (cost=92603.60..436735.59 rows=5937 width=12) (actual time=457.033..1276.435 rows=40992 loops=1)
                                             Hash Cond: (mi2.movie_id = t.id)
                                             Buffers: shared hit=34832 read=19103, temp read=1774 written=1774
                                             ->  Bitmap Heap Scan on movie_info mi2  (cost=13878.84..356259.28 rows=89381 width=8) (actual time=37.829..486.246 rows=1000514 loops=1)
                                                   Recheck Cond: (info_type_id = 2)
                                                   Filter: ((info)::text = 'Color'::text)
                                                   Rows Removed by Filter: 288414
                                                   Heap Blocks: exact=16526
                                                   Buffers: shared hit=11752 read=5791
                                                   ->  Bitmap Index Scan on info_type_id_movie_info  (cost=0.00..13856.49 rows=1296008 width=0) (actual time=35.641..35.641 rows=1288928 loops=1)
                                                         Index Cond: (info_type_id = 2)
                                                         Buffers: shared hit=1017
                                             ->  Hash  (cost=75968.50..75968.50 rows=167941 width=4) (actual time=416.627..416.630 rows=44292 loops=1)
                                                   Buckets: 262144  Batches: 2  Memory Usage: 2832kB
                                                   Buffers: shared hit=23080 read=13312, temp written=64
                                                   ->  Hash Join  (cost=1.13..75968.50 rows=167941 width=4) (actual time=0.057..408.156 rows=44292 loops=1)
                                                         Hash Cond: (t.kind_id = kt.id)
                                                         Buffers: shared hit=23080 read=13312
                                                         ->  Seq Scan on title t  (cost=0.00..74315.95 rows=391862 width=8) (actual time=0.022..383.362 rows=386415 loops=1)
                                                               Filter: ((production_year <= 1997) AND (1981 < production_year))
                                                               Rows Removed by Filter: 2141897
                                                               Buffers: shared hit=23079 read=13312
                                                         ->  Hash  (cost=1.10..1.10 rows=3 width=4) (actual time=0.011..0.013 rows=3 loops=1)
                                                               Buckets: 1024  Batches: 1  Memory Usage: 9kB
                                                               Buffers: shared hit=1
                                                               ->  Seq Scan on kind_type kt  (cost=0.00..1.10 rows=3 width=4) (actual time=0.007..0.008 rows=3 loops=1)
                                                                     Filter: ((kind)::text = ANY ('{"tv series","video game","video movie"}'::text[]))
                                                                     Rows Removed by Filter: 4
                                                                     Buffers: shared hit=1
                                       ->  Index Scan using movie_id_movie_info on movie_info mi1  (cost=0.46..43.06 rows=1 width=8) (actual time=0.080..0.080 rows=1 loops=40992)
                                             Index Cond: (movie_id = t.id)
                                             Filter: ((info_type_id = 3) AND ((info)::text = ANY ('{Action,Adult,Animation,Crime,Documentary,Music,Romance,Sci-Fi,Short,Thriller}'::text[])))
                                             Rows Removed by Filter: 8
                                             Buffers: shared hit=283541 read=92635
                                 ->  Index Scan using movie_id_cast_info on cast_info ci  (cost=0.44..44.36 rows=38 width=12) (actual time=0.034..0.143 rows=13 loops=27208)
                                       Index Cond: (movie_id = t.id)
                                       Buffers: shared hit=297457 read=119045
                           ->  Hash  (cost=1.15..1.15 rows=2 width=4) (actual time=0.018..0.018 rows=2 loops=1)
                                 Buckets: 1024  Batches: 1  Memory Usage: 9kB
                                 Buffers: shared hit=1
                                 ->  Seq Scan on role_type rt  (cost=0.00..1.15 rows=2 width=4) (actual time=0.010..0.012 rows=2 loops=1)
                                       Filter: ((role)::text = ANY ('{actress,"miscellaneous crew"}'::text[]))
                                       Rows Removed by Filter: 10
                                       Buffers: shared hit=1
                     ->  Index Scan using name_pkey on name n  (cost=0.43..2.32 rows=1 width=4) (actual time=0.034..0.034 rows=1 loops=126410)
                           Index Cond: (id = ci.person_id)
                           Filter: ((gender)::text = 'f'::text)
                           Rows Removed by Filter: 0
                           Buffers: shared hit=469939 read=35701
 Planning:
   Buffers: shared hit=576 read=1
 Planning Time: 14.032 ms
 Execution Time: 13049.684 ms
(76 rows)

