                                                                                            QUERY PLAN                                                                                            
--------------------------------------------------------------------------------------------------------------------------------------------------------------------------------------------------
 Aggregate  (cost=621141.93..621141.94 rows=1 width=8) (actual time=2151.424..2151.432 rows=1 loops=1)
   Buffers: shared hit=118454 read=84825
   ->  Nested Loop  (cost=90249.55..621141.84 rows=35 width=0) (actual time=885.395..2151.410 rows=18 loops=1)
         Buffers: shared hit=118454 read=84825
         ->  Seq Scan on info_type it2  (cost=0.00..2.41 rows=1 width=4) (actual time=0.044..0.049 rows=1 loops=1)
               Filter: (id = 2)
               Rows Removed by Filter: 112
               Buffers: shared hit=1
         ->  Nested Loop  (cost=90249.55..621139.08 rows=35 width=4) (actual time=885.349..2151.353 rows=18 loops=1)
               Buffers: shared hit=118453 read=84825
               ->  Seq Scan on info_type it1  (cost=0.00..2.41 rows=1 width=4) (actual time=0.009..0.017 rows=1 loops=1)
                     Filter: (id = 3)
                     Rows Removed by Filter: 112
                     Buffers: shared hit=1
               ->  Nested Loop  (cost=90249.55..621136.31 rows=35 width=8) (actual time=885.336..2151.325 rows=18 loops=1)
                     Buffers: shared hit=118452 read=84825
                     ->  Hash Join  (cost=90249.12..620783.75 rows=152 width=12) (actual time=392.692..2109.446 rows=1156 loops=1)
                           Hash Cond: (ci.role_id = rt.id)
                           Buffers: shared hit=114623 read=84030
                           ->  Nested Loop  (cost=90247.96..620776.12 rows=1820 width=16) (actual time=392.447..2102.823 rows=53980 loops=1)
                                 Buffers: shared hit=114622 read=84030
                                 ->  Nested Loop  (cost=90247.52..614956.98 rows=127 width=20) (actual time=391.603..1457.244 rows=5881 loops=1)
                                       Buffers: shared hit=67947 read=61009
                                       ->  Hash Join  (cost=90247.08..433097.58 rows=4140 width=12) (actual time=391.536..877.921 rows=7468 loops=1)
                                             Hash Cond: (mi2.movie_id = t.id)
                                             Buffers: shared hit=4495 read=49440
                                             ->  Bitmap Heap Scan on movie_info mi2  (cost=13885.07..356265.51 rows=114308 width=8) (actual time=37.658..399.720 rows=1288928 loops=1)
                                                   Recheck Cond: (info_type_id = 2)
                                                   Filter: ((info)::text = ANY ('{"Black and White",Color}'::text[]))
                                                   Heap Blocks: exact=16526
                                                   Buffers: shared hit=4494 read=13049
                                                   ->  Bitmap Index Scan on info_type_id_movie_info  (cost=0.00..13856.49 rows=1296008 width=0) (actual time=35.454..35.455 rows=1288928 loops=1)
                                                         Index Cond: (info_type_id = 2)
                                                         Buffers: shared read=1017
                                             ->  Hash  (cost=75217.46..75217.46 rows=91564 width=4) (actual time=350.696..350.699 rows=7795 loops=1)
                                                   Buckets: 131072  Batches: 1  Memory Usage: 1299kB
                                                   Buffers: shared hit=1 read=36391
                                                   ->  Hash Join  (cost=1.13..75217.46 rows=91564 width=4) (actual time=0.137..348.813 rows=7795 loops=1)
                                                         Hash Cond: (t.kind_id = kt.id)
                                                         Buffers: shared hit=1 read=36391
                                                         ->  Seq Scan on title t  (cost=0.00..74315.95 rows=213650 width=8) (actual time=0.025..335.591 rows=212483 loops=1)
                                                               Filter: ((production_year <= 1970) AND (1950 < production_year))
                                                               Rows Removed by Filter: 2315829
                                                               Buffers: shared read=36391
                                                         ->  Hash  (cost=1.10..1.10 rows=3 width=4) (actual time=0.013..0.014 rows=3 loops=1)
                                                               Buckets: 1024  Batches: 1  Memory Usage: 9kB
                                                               Buffers: shared hit=1
                                                               ->  Seq Scan on kind_type kt  (cost=0.00..1.10 rows=3 width=4) (actual time=0.007..0.008 rows=3 loops=1)
                                                                     Filter: ((kind)::text = ANY ('{"tv series","video game","video movie"}'::text[]))
                                                                     Rows Removed by Filter: 4
                                                                     Buffers: shared hit=1
                                       ->  Index Scan using movie_id_movie_info on movie_info mi1  (cost=0.43..43.92 rows=1 width=8) (actual time=0.074..0.077 rows=1 loops=7468)
                                             Index Cond: (movie_id = t.id)
                                             Filter: ((info_type_id = 3) AND ((info)::text = ANY ('{Action,Comedy,Crime,Documentary,Drama,Family,Music}'::text[])))
                                             Rows Removed by Filter: 10
                                             Buffers: shared hit=63452 read=11569
                                 ->  Index Scan using movie_id_cast_info on cast_info ci  (cost=0.44..45.44 rows=38 width=12) (actual time=0.032..0.108 rows=9 loops=5881)
                                       Index Cond: (movie_id = t.id)
                                       Buffers: shared hit=46675 read=23021
                           ->  Hash  (cost=1.15..1.15 rows=1 width=4) (actual time=0.018..0.019 rows=1 loops=1)
                                 Buckets: 1024  Batches: 1  Memory Usage: 9kB
                                 Buffers: shared hit=1
                                 ->  Seq Scan on role_type rt  (cost=0.00..1.15 rows=1 width=4) (actual time=0.011..0.012 rows=1 loops=1)
                                       Filter: ((role)::text = 'composer'::text)
                                       Rows Removed by Filter: 11
                                       Buffers: shared hit=1
                     ->  Index Scan using name_pkey on name n  (cost=0.43..2.32 rows=1 width=4) (actual time=0.036..0.036 rows=0 loops=1156)
                           Index Cond: (id = ci.person_id)
                           Filter: ((gender)::text = 'f'::text)
                           Rows Removed by Filter: 1
                           Buffers: shared hit=3829 read=795
 Planning:
   Buffers: shared hit=485 read=89
 Planning Time: 13.318 ms
 Execution Time: 2152.046 ms
(75 rows)

