                                                                                            QUERY PLAN                                                                                            
--------------------------------------------------------------------------------------------------------------------------------------------------------------------------------------------------
 Aggregate  (cost=411874.97..411874.98 rows=1 width=8) (actual time=20193.948..20193.957 rows=1 loops=1)
   Buffers: shared hit=1952199 read=131510
   ->  Nested Loop  (cost=62486.32..411874.96 rows=3 width=0) (actual time=365.822..20188.509 rows=20391 loops=1)
         Buffers: shared hit=1952199 read=131510
         ->  Seq Scan on info_type it2  (cost=0.00..2.41 rows=1 width=4) (actual time=0.042..0.054 rows=1 loops=1)
               Filter: (id = 2)
               Rows Removed by Filter: 112
               Buffers: shared hit=1
         ->  Nested Loop  (cost=62486.32..411872.52 rows=3 width=4) (actual time=365.779..20183.473 rows=20391 loops=1)
               Buffers: shared hit=1952198 read=131510
               ->  Seq Scan on info_type it1  (cost=0.00..2.41 rows=1 width=4) (actual time=0.008..0.021 rows=1 loops=1)
                     Filter: (id = 3)
                     Rows Removed by Filter: 112
                     Buffers: shared hit=1
               ->  Nested Loop  (cost=62486.32..411870.07 rows=3 width=8) (actual time=365.768..20178.231 rows=20391 loops=1)
                     Buffers: shared hit=1952197 read=131510
                     ->  Hash Join  (cost=62485.89..411856.16 rows=6 width=12) (actual time=365.736..18805.574 rows=37988 loops=1)
                           Hash Cond: (ci.role_id = rt.id)
                           Buffers: shared hit=1802691 read=129064
                           ->  Nested Loop  (cost=62484.73..411854.74 rows=72 width=16) (actual time=365.431..18694.628 rows=498791 loops=1)
                                 Buffers: shared hit=1802690 read=129064
                                 ->  Nested Loop  (cost=62484.29..411613.02 rows=5 width=20) (actual time=365.399..10308.836 rows=131999 loops=1)
                                       Buffers: shared hit=960816 read=81638
                                       ->  Hash Join  (cost=62483.85..404959.23 rows=146 width=12) (actual time=365.317..803.408 rows=103703 loops=1)
                                             Hash Cond: (mi2.movie_id = t.id)
                                             Buffers: shared hit=16187 read=14743
                                             ->  Bitmap Heap Scan on movie_info mi2  (cost=13862.73..356243.17 rows=24927 width=8) (actual time=39.268..465.985 rows=288414 loops=1)
                                                   Recheck Cond: (info_type_id = 2)
                                                   Filter: ((info)::text = 'Black and White'::text)
                                                   Rows Removed by Filter: 1000514
                                                   Heap Blocks: exact=16526
                                                   Buffers: shared hit=14769 read=2774
                                                   ->  Bitmap Index Scan on info_type_id_movie_info  (cost=0.00..13856.49 rows=1296008 width=0) (actual time=35.446..35.446 rows=1288928 loops=1)
                                                         Index Cond: (info_type_id = 2)
                                                         Buffers: shared hit=1017
                                             ->  Hash  (cost=48436.16..48436.16 rows=14797 width=4) (actual time=190.178..190.181 rows=103977 loops=1)
                                                   Buckets: 131072 (originally 16384)  Batches: 1 (originally 1)  Memory Usage: 4680kB
                                                   Buffers: shared hit=1418 read=11969
                                                   ->  Nested Loop  (cost=4497.16..48436.16 rows=14797 width=4) (actual time=19.656..175.177 rows=103977 loops=1)
                                                         Buffers: shared hit=1418 read=11969
                                                         ->  Seq Scan on kind_type kt  (cost=0.00..1.09 rows=1 width=4) (actual time=0.007..0.010 rows=1 loops=1)
                                                               Filter: ((kind)::text = 'movie'::text)
                                                               Rows Removed by Filter: 6
                                                               Buffers: shared hit=1
                                                         ->  Bitmap Heap Scan on title t  (cost=4497.16..48262.45 rows=17263 width=8) (actual time=19.645..168.820 rows=103977 loops=1)
                                                               Recheck Cond: (kind_id = kt.id)
                                                               Filter: ((production_year <= 1925) AND (1875 < production_year))
                                                               Rows Removed by Filter: 558848
                                                               Heap Blocks: exact=12865
                                                               Buffers: shared hit=1417 read=11969
                                                               ->  Bitmap Index Scan on kind_id_title  (cost=0.00..4492.84 rows=421388 width=0) (actual time=17.354..17.355 rows=662825 loops=1)
                                                                     Index Cond: (kind_id = kt.id)
                                                                     Buffers: shared read=521
                                       ->  Index Scan using movie_id_movie_info on movie_info mi1  (cost=0.43..45.56 rows=1 width=8) (actual time=0.090..0.091 rows=1 loops=103703)
                                             Index Cond: (movie_id = t.id)
                                             Filter: ((info_type_id = 3) AND ((info)::text = ANY ('{Animation,Crime,Documentary,Drama,Short,Western}'::text[])))
                                             Rows Removed by Filter: 10
                                             Buffers: shared hit=944629 read=66895
                                 ->  Index Scan using movie_id_cast_info on cast_info ci  (cost=0.44..47.96 rows=38 width=12) (actual time=0.034..0.062 rows=4 loops=131999)
                                       Index Cond: (movie_id = t.id)
                                       Buffers: shared hit=841874 read=47426
                           ->  Hash  (cost=1.15..1.15 rows=1 width=4) (actual time=0.021..0.022 rows=1 loops=1)
                                 Buckets: 1024  Batches: 1  Memory Usage: 9kB
                                 Buffers: shared hit=1
                                 ->  Seq Scan on role_type rt  (cost=0.00..1.15 rows=1 width=4) (actual time=0.009..0.011 rows=1 loops=1)
                                       Filter: ((role)::text = 'producer'::text)
                                       Rows Removed by Filter: 11
                                       Buffers: shared hit=1
                     ->  Index Scan using name_pkey on name n  (cost=0.43..2.32 rows=1 width=4) (actual time=0.035..0.035 rows=1 loops=37988)
                           Index Cond: (id = ci.person_id)
                           Filter: ((gender)::text = 'm'::text)
                           Rows Removed by Filter: 0
                           Buffers: shared hit=149506 read=2446
 Planning:
   Buffers: shared hit=574
 Planning Time: 13.496 ms
 Execution Time: 20194.785 ms
(77 rows)

