                                                                                            QUERY PLAN                                                                                            
--------------------------------------------------------------------------------------------------------------------------------------------------------------------------------------------------
 Aggregate  (cost=621592.81..621592.82 rows=1 width=8) (actual time=26889.289..26889.298 rows=1 loops=1)
   Buffers: shared hit=2334275 read=454980, temp read=3512 written=3512
   ->  Nested Loop  (cost=90249.55..621592.63 rows=73 width=0) (actual time=661.660..26886.239 rows=10252 loops=1)
         Buffers: shared hit=2334275 read=454980, temp read=3512 written=3512
         ->  Seq Scan on info_type it2  (cost=0.00..2.41 rows=1 width=4) (actual time=0.035..0.045 rows=1 loops=1)
               Filter: (id = 2)
               Rows Removed by Filter: 112
               Buffers: shared hit=1
         ->  Nested Loop  (cost=90249.55..621589.49 rows=73 width=4) (actual time=661.623..26883.879 rows=10252 loops=1)
               Buffers: shared hit=2334274 read=454980, temp read=3512 written=3512
               ->  Seq Scan on info_type it1  (cost=0.00..2.41 rows=1 width=4) (actual time=0.007..0.019 rows=1 loops=1)
                     Filter: (id = 3)
                     Rows Removed by Filter: 112
                     Buffers: shared hit=1
               ->  Nested Loop  (cost=90249.55..621586.35 rows=73 width=8) (actual time=661.614..26881.242 rows=10252 loops=1)
                     Buffers: shared hit=2334273 read=454980, temp read=3512 written=3512
                     ->  Hash Join  (cost=90249.12..621185.07 rows=173 width=12) (actual time=629.495..25419.048 rows=38672 loops=1)
                           Hash Cond: (ci.role_id = rt.id)
                           Buffers: shared hit=2204918 read=429647, temp read=3512 written=3512
                           ->  Nested Loop  (cost=90247.96..621176.53 rows=2078 width=16) (actual time=629.182..25241.915 rows=1088829 loops=1)
                                 Buffers: shared hit=2204917 read=429647, temp read=3512 written=3512
                                 ->  Nested Loop  (cost=90247.52..614532.63 rows=145 width=20) (actual time=629.128..13891.921 rows=55121 loops=1)
                                       Buffers: shared hit=1179386 read=222119, temp read=3512 written=3512
                                       ->  Hash Join  (cost=90247.08..433097.58 rows=4140 width=12) (actual time=476.421..1842.433 rows=129491 loops=1)
                                             Hash Cond: (mi2.movie_id = t.id)
                                             Buffers: shared hit=11557 read=42378, temp read=3512 written=3512
                                             ->  Bitmap Heap Scan on movie_info mi2  (cost=13885.07..356265.51 rows=114308 width=8) (actual time=37.602..637.955 rows=1288928 loops=1)
                                                   Recheck Cond: (info_type_id = 2)
                                                   Filter: ((info)::text = ANY ('{"Black and White",Color}'::text[]))
                                                   Heap Blocks: exact=16526
                                                   Buffers: shared hit=908 read=16635
                                                   ->  Bitmap Index Scan on info_type_id_movie_info  (cost=0.00..13856.49 rows=1296008 width=0) (actual time=35.418..35.419 rows=1288928 loops=1)
                                                         Index Cond: (info_type_id = 2)
                                                         Buffers: shared read=1017
                                             ->  Hash  (cost=75217.46..75217.46 rows=91564 width=4) (actual time=436.005..436.009 rows=204688 loops=1)
                                                   Buckets: 262144 (originally 131072)  Batches: 2 (originally 1)  Memory Usage: 6145kB
                                                   Buffers: shared hit=10649 read=25743, temp written=299
                                                   ->  Hash Join  (cost=1.13..75217.46 rows=91564 width=4) (actual time=0.057..396.922 rows=204688 loops=1)
                                                         Hash Cond: (t.kind_id = kt.id)
                                                         Buffers: shared hit=10649 read=25743
                                                         ->  Seq Scan on title t  (cost=0.00..74315.95 rows=213650 width=8) (actual time=0.025..371.522 rows=212483 loops=1)
                                                               Filter: ((production_year <= 1970) AND (1950 < production_year))
                                                               Rows Removed by Filter: 2315829
                                                               Buffers: shared hit=10648 read=25743
                                                         ->  Hash  (cost=1.10..1.10 rows=3 width=4) (actual time=0.014..0.015 rows=3 loops=1)
                                                               Buckets: 1024  Batches: 1  Memory Usage: 9kB
                                                               Buffers: shared hit=1
                                                               ->  Seq Scan on kind_type kt  (cost=0.00..1.10 rows=3 width=4) (actual time=0.007..0.008 rows=3 loops=1)
                                                                     Filter: ((kind)::text = ANY ('{episode,movie,"tv movie"}'::text[]))
                                                                     Rows Removed by Filter: 4
                                                                     Buffers: shared hit=1
                                       ->  Index Scan using movie_id_movie_info on movie_info mi1  (cost=0.43..43.81 rows=1 width=8) (actual time=0.092..0.092 rows=0 loops=129491)
                                             Index Cond: (movie_id = t.id)
                                             Filter: ((info_type_id = 3) AND ((info)::text = ANY ('{Adventure,Comedy,Crime,Drama,Short}'::text[])))
                                             Rows Removed by Filter: 11
                                             Buffers: shared hit=1167829 read=179741
                                 ->  Index Scan using movie_id_cast_info on cast_info ci  (cost=0.44..45.44 rows=38 width=12) (actual time=0.035..0.201 rows=20 loops=55121)
                                       Index Cond: (movie_id = t.id)
                                       Buffers: shared hit=1025531 read=207528
                           ->  Hash  (cost=1.15..1.15 rows=1 width=4) (actual time=0.013..0.014 rows=1 loops=1)
                                 Buckets: 1024  Batches: 1  Memory Usage: 9kB
                                 Buffers: shared hit=1
                                 ->  Seq Scan on role_type rt  (cost=0.00..1.15 rows=1 width=4) (actual time=0.007..0.009 rows=1 loops=1)
                                       Filter: ((role)::text = 'miscellaneous crew'::text)
                                       Rows Removed by Filter: 11
                                       Buffers: shared hit=1
                     ->  Index Scan using name_pkey on name n  (cost=0.43..2.32 rows=1 width=4) (actual time=0.037..0.037 rows=0 loops=38672)
                           Index Cond: (id = ci.person_id)
                           Filter: ((gender)::text = 'm'::text)
                           Rows Removed by Filter: 1
                           Buffers: shared hit=129355 read=25333
 Planning:
   Buffers: shared hit=483 read=91
 Planning Time: 12.279 ms
 Execution Time: 26889.900 ms
(75 rows)

