                                                                                            QUERY PLAN                                                                                            
--------------------------------------------------------------------------------------------------------------------------------------------------------------------------------------------------
 Aggregate  (cost=855865.08..855865.09 rows=1 width=8) (actual time=39773.338..39773.344 rows=1 loops=1)
   Buffers: shared hit=3885751 read=205613, temp read=1373 written=1373
   ->  Nested Loop  (cost=538010.23..855864.74 rows=135 width=0) (actual time=1011.925..39738.054 rows=249208 loops=1)
         Buffers: shared hit=3885751 read=205613, temp read=1373 written=1373
         ->  Seq Scan on info_type it2  (cost=0.00..2.41 rows=1 width=4) (actual time=0.046..0.051 rows=1 loops=1)
               Filter: (id = 2)
               Rows Removed by Filter: 112
               Buffers: shared hit=1
         ->  Nested Loop  (cost=538010.23..855860.98 rows=135 width=4) (actual time=1011.877..39701.888 rows=249208 loops=1)
               Buffers: shared hit=3885750 read=205613, temp read=1373 written=1373
               ->  Seq Scan on info_type it1  (cost=0.00..2.41 rows=1 width=4) (actual time=0.010..0.015 rows=1 loops=1)
                     Filter: (id = 3)
                     Rows Removed by Filter: 112
                     Buffers: shared hit=1
               ->  Nested Loop  (cost=538010.23..855857.21 rows=135 width=8) (actual time=1011.867..39660.643 rows=249208 loops=1)
                     Join Filter: (t.id = mi2.movie_id)
                     Buffers: shared hit=3885749 read=205613, temp read=1373 written=1373
                     ->  Nested Loop  (cost=538009.79..694581.71 rows=3833 width=16) (actual time=1011.803..15533.632 rows=243678 loops=1)
                           Buffers: shared hit=960474 read=155717, temp read=1373 written=1373
                           ->  Hash Join  (cost=538009.36..673390.58 rows=9136 width=20) (actual time=1011.758..7841.932 rows=243678 loops=1)
                                 Hash Cond: (ci.movie_id = t.id)
                                 Buffers: shared hit=14451 read=127028, temp read=1373 written=1373
                                 ->  Nested Loop  (cost=0.44..123965.00 rows=3020080 width=8) (actual time=0.588..4858.184 rows=12670688 loops=1)
                                       Buffers: shared hit=9648 read=84464
                                       ->  Seq Scan on role_type rt  (cost=0.00..1.15 rows=1 width=4) (actual time=0.011..0.014 rows=1 loops=1)
                                             Filter: ((role)::text = 'actor'::text)
                                             Rows Removed by Filter: 11
                                             Buffers: shared hit=1
                                       ->  Index Scan using role_id_cast_info on cast_info ci  (cost=0.44..91017.52 rows=3294633 width=12) (actual time=0.574..3227.637 rows=12670688 loops=1)
                                             Index Cond: (role_id = rt.id)
                                             Buffers: shared hit=9647 read=84464
                                 ->  Hash  (cost=537913.32..537913.32 rows=7648 width=12) (actual time=1011.081..1011.084 rows=28802 loops=1)
                                       Buckets: 32768 (originally 8192)  Batches: 1 (originally 1)  Memory Usage: 1494kB
                                       Buffers: shared hit=4803 read=42564, temp read=1373 written=1373
                                       ->  Hash Join  (cost=101879.59..537913.32 rows=7648 width=12) (actual time=507.837..1006.356 rows=28802 loops=1)
                                             Hash Cond: (mi1.movie_id = t.id)
                                             Buffers: shared hit=4803 read=42564, temp read=1373 written=1373
                                             ->  Bitmap Heap Scan on movie_info mi1  (cost=16459.89..450234.77 rows=45699 width=8) (actual time=42.142..444.995 rows=468920 loops=1)
                                                   Recheck Cond: (info_type_id = 3)
                                                   Filter: ((info)::text = ANY ('{Adventure,Animation,Drama,Fantasy,Horror,Music,Romance,Sci-Fi}'::text[]))
                                                   Rows Removed by Filter: 1064989
                                                   Heap Blocks: exact=9772
                                                   Buffers: shared hit=4802 read=6173
                                                   ->  Bitmap Index Scan on info_type_id_movie_info  (cost=0.00..16448.47 rows=1538671 width=0) (actual time=40.941..40.941 rows=1533909 loops=1)
                                                         Index Cond: (info_type_id = 3)
                                                         Buffers: shared read=1203
                                             ->  Hash  (cost=78477.74..78477.74 rows=423117 width=4) (actual time=464.533..464.535 rows=75964 loops=1)
                                                   Buckets: 262144  Batches: 4  Memory Usage: 2707kB
                                                   Buffers: shared hit=1 read=36391, temp written=166
                                                   ->  Hash Join  (cost=1.13..78477.74 rows=423117 width=4) (actual time=0.047..451.655 rows=75964 loops=1)
                                                         Hash Cond: (t.kind_id = kt.id)
                                                         Buffers: shared hit=1 read=36391
                                                         ->  Seq Scan on title t  (cost=0.00..74315.95 rows=987274 width=8) (actual time=0.025..392.885 rows=989787 loops=1)
                                                               Filter: ((production_year <= 2010) AND (2000 < production_year))
                                                               Rows Removed by Filter: 1538525
                                                               Buffers: shared read=36391
                                                         ->  Hash  (cost=1.10..1.10 rows=3 width=4) (actual time=0.013..0.013 rows=3 loops=1)
                                                               Buckets: 1024  Batches: 1  Memory Usage: 9kB
                                                               Buffers: shared hit=1
                                                               ->  Seq Scan on kind_type kt  (cost=0.00..1.10 rows=3 width=4) (actual time=0.007..0.008 rows=3 loops=1)
                                                                     Filter: ((kind)::text = ANY ('{"tv movie","tv series","video game"}'::text[]))
                                                                     Rows Removed by Filter: 4
                                                                     Buffers: shared hit=1
                           ->  Index Scan using name_pkey on name n  (cost=0.43..2.32 rows=1 width=4) (actual time=0.031..0.031 rows=1 loops=243678)
                                 Index Cond: (id = ci.person_id)
                                 Filter: ((gender)::text = 'm'::text)
                                 Buffers: shared hit=946023 read=28689
                     ->  Index Scan using movie_id_movie_info on movie_info mi2  (cost=0.43..42.06 rows=1 width=8) (actual time=0.082..0.098 rows=1 loops=243678)
                           Index Cond: (movie_id = ci.movie_id)
                           Filter: ((info_type_id = 2) AND ((info)::text = 'Color'::text))
                           Rows Removed by Filter: 20
                           Buffers: shared hit=2925275 read=49896
 Planning:
   Buffers: shared hit=481 read=93
 Planning Time: 13.906 ms
 Execution Time: 39773.886 ms
(76 rows)

