                                                                                                  QUERY PLAN                                                                                                  
--------------------------------------------------------------------------------------------------------------------------------------------------------------------------------------------------------------
 Aggregate  (cost=940497.34..940497.35 rows=1 width=8) (actual time=101389.815..101389.824 rows=1 loops=1)
   Buffers: shared hit=9240029 read=1223518, temp read=14939 written=14130
   ->  Nested Loop  (cost=821895.39..940496.14 rows=480 width=0) (actual time=1413.794..101381.823 rows=19024 loops=1)
         Buffers: shared hit=9240029 read=1223518, temp read=14939 written=14130
         ->  Seq Scan on info_type it2  (cost=0.00..2.41 rows=1 width=4) (actual time=0.036..0.049 rows=1 loops=1)
               Filter: (id = 2)
               Rows Removed by Filter: 112
               Buffers: shared hit=1
         ->  Nested Loop  (cost=821895.39..940488.93 rows=480 width=4) (actual time=1413.756..101375.916 rows=19024 loops=1)
               Buffers: shared hit=9240028 read=1223518, temp read=14939 written=14130
               ->  Seq Scan on info_type it1  (cost=0.00..2.41 rows=1 width=4) (actual time=0.007..0.021 rows=1 loops=1)
                     Filter: (id = 3)
                     Rows Removed by Filter: 112
                     Buffers: shared hit=1
               ->  Nested Loop  (cost=821895.39..940481.71 rows=480 width=8) (actual time=1413.748..101369.899 rows=19024 loops=1)
                     Buffers: shared hit=9240027 read=1223518, temp read=14939 written=14130
                     ->  Hash Join  (cost=821894.96..937828.18 rows=1144 width=12) (actual time=1386.559..98268.358 rows=79415 loops=1)
                           Hash Cond: (ci.role_id = rt.id)
                           Buffers: shared hit=8971020 read=1174865, temp read=14939 written=14130
                           ->  Nested Loop  (cost=821893.80..937778.25 rows=13732 width=16) (actual time=1386.336..97072.774 rows=6504545 loops=1)
                                 Buffers: shared hit=8971019 read=1174865, temp read=14939 written=14130
                                 ->  Nested Loop  (cost=821893.36..895879.59 rows=958 width=20) (actual time=1386.309..25660.191 rows=377636 loops=1)
                                       Buffers: shared hit=2668569 read=60437, temp read=14939 written=14130
                                       ->  Nested Loop  (cost=821893.22..895825.07 rows=2234 width=24) (actual time=1385.390..25296.936 rows=424574 loops=1)
                                             Join Filter: (t.id = mi1.movie_id)
                                             Buffers: shared hit=2668557 read=60437, temp read=14939 written=14130
                                             ->  Merge Join  (cost=821892.79..823061.28 rows=23844 width=16) (actual time=1385.317..2351.093 rows=675119 loops=1)
                                                   Merge Cond: (mi1.movie_id = mi2.movie_id)
                                                   Buffers: shared hit=5770 read=22748, temp read=14939 written=14130
                                                   ->  Sort  (cost=456023.94..456203.19 rows=71702 width=8) (actual time=629.045..764.130 rows=683474 loops=1)
                                                         Sort Key: mi1.movie_id
                                                         Sort Method: external sort  Disk: 14768kB
                                                         Buffers: shared hit=2972 read=8003, temp read=3686 written=3695
                                                         ->  Bitmap Heap Scan on movie_info mi1  (cost=16466.39..450241.27 rows=71702 width=8) (actual time=41.301..458.677 rows=683474 loops=1)
                                                               Recheck Cond: (info_type_id = 3)
                                                               Filter: ((info)::text = ANY ('{Biography,Comedy,Crime,Horror,Mystery,Sci-Fi,Short,Sport}'::text[]))
                                                               Rows Removed by Filter: 850435
                                                               Heap Blocks: exact=9772
                                                               Buffers: shared hit=2972 read=8003
                                                               ->  Bitmap Index Scan on info_type_id_movie_info  (cost=0.00..16448.47 rows=1538671 width=0) (actual time=40.088..40.089 rows=1533909 loops=1)
                                                                     Index Cond: (info_type_id = 3)
                                                                     Buffers: shared read=1203
                                                   ->  Sort  (cost=365868.85..366154.62 rows=114308 width=8) (actual time=756.262..1035.433 rows=1441594 loops=1)
                                                         Sort Key: mi2.movie_id
                                                         Sort Method: external sort  Disk: 27832kB
                                                         Buffers: shared hit=2798 read=14745, temp read=10835 written=10435
                                                         ->  Bitmap Heap Scan on movie_info mi2  (cost=13885.07..356265.51 rows=114308 width=8) (actual time=31.812..365.362 rows=1288928 loops=1)
                                                               Recheck Cond: (info_type_id = 2)
                                                               Filter: ((info)::text = ANY ('{"Black and White",Color}'::text[]))
                                                               Heap Blocks: exact=16526
                                                               Buffers: shared hit=2798 read=14745
                                                               ->  Bitmap Index Scan on info_type_id_movie_info  (cost=0.00..13856.49 rows=1296008 width=0) (actual time=29.647..29.647 rows=1288928 loops=1)
                                                                     Index Cond: (info_type_id = 2)
                                                                     Buffers: shared hit=1 read=1016
                                             ->  Index Scan using title_pkey on title t  (cost=0.43..3.04 rows=1 width=8) (actual time=0.033..0.033 rows=1 loops=675119)
                                                   Index Cond: (id = mi2.movie_id)
                                                   Filter: ((production_year <= 2015) AND (1990 < production_year))
                                                   Rows Removed by Filter: 0
                                                   Buffers: shared hit=2662787 read=37689
                                       ->  Memoize  (cost=0.14..0.16 rows=1 width=4) (actual time=0.000..0.000 rows=1 loops=424574)
                                             Cache Key: t.kind_id
                                             Cache Mode: logical
                                             Hits: 424568  Misses: 6  Evictions: 0  Overflows: 0  Memory Usage: 1kB
                                             Buffers: shared hit=12
                                             ->  Index Scan using kind_type_pkey on kind_type kt  (cost=0.13..0.15 rows=1 width=4) (actual time=0.151..0.151 rows=0 loops=6)
                                                   Index Cond: (id = t.kind_id)
                                                   Filter: ((kind)::text = ANY ('{episode,movie,"video movie"}'::text[]))
                                                   Rows Removed by Filter: 0
                                                   Buffers: shared hit=12
                                 ->  Index Scan using movie_id_cast_info on cast_info ci  (cost=0.44..43.36 rows=38 width=12) (actual time=0.035..0.184 rows=17 loops=377636)
                                       Index Cond: (movie_id = t.id)
                                       Buffers: shared hit=6302450 read=1114428
                           ->  Hash  (cost=1.15..1.15 rows=1 width=4) (actual time=0.019..0.020 rows=1 loops=1)
                                 Buckets: 1024  Batches: 1  Memory Usage: 9kB
                                 Buffers: shared hit=1
                                 ->  Seq Scan on role_type rt  (cost=0.00..1.15 rows=1 width=4) (actual time=0.012..0.012 rows=1 loops=1)
                                       Filter: ((role)::text = 'production designer'::text)
                                       Rows Removed by Filter: 11
                                       Buffers: shared hit=1
                     ->  Index Scan using name_pkey on name n  (cost=0.43..2.32 rows=1 width=4) (actual time=0.038..0.038 rows=0 loops=79415)
                           Index Cond: (id = ci.person_id)
                           Filter: ((gender)::text = 'm'::text)
                           Rows Removed by Filter: 1
                           Buffers: shared hit=269007 read=48653
 Planning:
   Buffers: shared hit=484 read=90
 Planning Time: 12.486 ms
 Execution Time: 101403.556 ms
(88 rows)

