                                                                                               QUERY PLAN                                                                                               
--------------------------------------------------------------------------------------------------------------------------------------------------------------------------------------------------------
 Aggregate  (cost=911448.01..911448.02 rows=1 width=8) (actual time=61952.012..61952.023 rows=1 loops=1)
   Buffers: shared hit=5169657 read=1183841, temp read=11238 written=11238
   ->  Nested Loop  (cost=461563.58..911447.18 rows=331 width=0) (actual time=1515.807..61935.809 rows=77360 loops=1)
         Buffers: shared hit=5169657 read=1183841, temp read=11238 written=11238
         ->  Seq Scan on info_type it2  (cost=0.00..2.41 rows=1 width=4) (actual time=0.046..0.055 rows=1 loops=1)
               Filter: (id = 2)
               Rows Removed by Filter: 112
               Buffers: shared hit=1
         ->  Nested Loop  (cost=461563.58..911441.46 rows=331 width=4) (actual time=1515.760..61920.155 rows=77360 loops=1)
               Buffers: shared hit=5169656 read=1183841, temp read=11238 written=11238
               ->  Seq Scan on info_type it1  (cost=0.00..2.41 rows=1 width=4) (actual time=0.010..0.022 rows=1 loops=1)
                     Filter: (id = 3)
                     Rows Removed by Filter: 112
                     Buffers: shared hit=1
               ->  Nested Loop  (cost=461563.58..911435.73 rows=331 width=8) (actual time=1515.747..61902.606 rows=77360 loops=1)
                     Buffers: shared hit=5169655 read=1183841, temp read=11238 written=11238
                     ->  Hash Join  (cost=461563.15..909607.95 rows=788 width=12) (actual time=1515.538..46424.026 rows=437413 loops=1)
                           Hash Cond: (ci.role_id = rt.id)
                           Buffers: shared hit=3580589 read=1023255, temp read=11238 written=11238
                           ->  Nested Loop  (cost=461561.99..909573.19 rows=9460 width=16) (actual time=1514.995..45687.876 rows=3919914 loops=1)
                                 Buffers: shared hit=3580588 read=1023255, temp read=11238 written=11238
                                 ->  Hash Join  (cost=461561.55..880560.64 rows=660 width=20) (actual time=1514.956..2923.849 rows=248975 loops=1)
                                       Hash Cond: (mi1.movie_id = t.id)
                                       Buffers: shared hit=3450 read=61460, temp read=11238 written=11238
                                       ->  Bitmap Heap Scan on movie_info mi1  (cost=16470.28..435135.61 rows=87243 width=8) (actual time=42.313..791.364 rows=817854 loops=1)
                                             Recheck Cond: (info_type_id = 3)
                                             Filter: ((info)::text = ANY ('{Comedy,Crime,Documentary,Fantasy,Music,Mystery,Short}'::text[]))
                                             Rows Removed by Filter: 716055
                                             Heap Blocks: exact=9772
                                             Buffers: shared hit=1 read=10974
                                             ->  Bitmap Index Scan on info_type_id_movie_info  (cost=0.00..16448.47 rows=1538671 width=0) (actual time=41.112..41.112 rows=1533909 loops=1)
                                                   Index Cond: (info_type_id = 3)
                                                   Buffers: shared read=1203
                                       ->  Hash  (cost=444852.16..444852.16 rows=19129 width=12) (actual time=1472.173..1472.179 rows=382068 loops=1)
                                             Buckets: 262144 (originally 32768)  Batches: 4 (originally 1)  Memory Usage: 6157kB
                                             Buffers: shared hit=3449 read=50486, temp read=6972 written=8090
                                             ->  Hash Join  (cost=99304.77..444852.16 rows=19129 width=12) (actual time=685.804..1409.685 rows=382068 loops=1)
                                                   Hash Cond: (mi2.movie_id = t.id)
                                                   Buffers: shared hit=3449 read=50486, temp read=6972 written=6972
                                                   ->  Bitmap Heap Scan on movie_info mi2  (cost=13885.07..356265.51 rows=114308 width=8) (actual time=34.655..369.951 rows=1288928 loops=1)
                                                         Recheck Cond: (info_type_id = 2)
                                                         Filter: ((info)::text = ANY ('{"Black and White",Color}'::text[]))
                                                         Heap Blocks: exact=16526
                                                         Buffers: shared hit=3448 read=14095
                                                         ->  Bitmap Index Scan on info_type_id_movie_info  (cost=0.00..13856.49 rows=1296008 width=0) (actual time=32.478..32.478 rows=1288928 loops=1)
                                                               Index Cond: (info_type_id = 2)
                                                               Buffers: shared hit=1 read=1016
                                                   ->  Hash  (cost=78477.74..78477.74 rows=423117 width=4) (actual time=650.035..650.039 rows=913823 loops=1)
                                                         Buckets: 262144 (originally 262144)  Batches: 8 (originally 4)  Memory Usage: 6145kB
                                                         Buffers: shared hit=1 read=36391, temp written=2340
                                                         ->  Hash Join  (cost=1.13..78477.74 rows=423117 width=4) (actual time=0.056..518.924 rows=913823 loops=1)
                                                               Hash Cond: (t.kind_id = kt.id)
                                                               Buffers: shared hit=1 read=36391
                                                               ->  Seq Scan on title t  (cost=0.00..74315.95 rows=987274 width=8) (actual time=0.028..404.924 rows=989787 loops=1)
                                                                     Filter: ((production_year <= 2010) AND (2000 < production_year))
                                                                     Rows Removed by Filter: 1538525
                                                                     Buffers: shared read=36391
                                                               ->  Hash  (cost=1.10..1.10 rows=3 width=4) (actual time=0.014..0.015 rows=3 loops=1)
                                                                     Buckets: 1024  Batches: 1  Memory Usage: 9kB
                                                                     Buffers: shared hit=1
                                                                     ->  Seq Scan on kind_type kt  (cost=0.00..1.10 rows=3 width=4) (actual time=0.007..0.009 rows=3 loops=1)
                                                                           Filter: ((kind)::text = ANY ('{episode,movie,"video movie"}'::text[]))
                                                                           Rows Removed by Filter: 4
                                                                           Buffers: shared hit=1
                                 ->  Index Scan using movie_id_cast_info on cast_info ci  (cost=0.44..43.58 rows=38 width=12) (actual time=0.035..0.167 rows=16 loops=248975)
                                       Index Cond: (movie_id = t.id)
                                       Buffers: shared hit=3577138 read=961795
                           ->  Hash  (cost=1.15..1.15 rows=1 width=4) (actual time=0.024..0.024 rows=1 loops=1)
                                 Buckets: 1024  Batches: 1  Memory Usage: 9kB
                                 Buffers: shared hit=1
                                 ->  Seq Scan on role_type rt  (cost=0.00..1.15 rows=1 width=4) (actual time=0.011..0.012 rows=1 loops=1)
                                       Filter: ((role)::text = 'miscellaneous crew'::text)
                                       Rows Removed by Filter: 11
                                       Buffers: shared hit=1
                     ->  Index Scan using name_pkey on name n  (cost=0.43..2.32 rows=1 width=4) (actual time=0.035..0.035 rows=0 loops=437413)
                           Index Cond: (id = ci.person_id)
                           Filter: ((gender)::text = 'm'::text)
                           Rows Removed by Filter: 1
                           Buffers: shared hit=1589066 read=160586
 Planning:
   Buffers: shared hit=481 read=93
 Planning Time: 14.139 ms
 Execution Time: 61953.603 ms
(83 rows)

