                                                                                               QUERY PLAN                                                                                               
--------------------------------------------------------------------------------------------------------------------------------------------------------------------------------------------------------
 Aggregate  (cost=894804.56..894804.57 rows=1 width=8) (actual time=17273.346..17273.356 rows=1 loops=1)
   Buffers: shared hit=1353737 read=365595, temp read=4215 written=4215
   ->  Nested Loop  (cost=471652.00..894803.23 rows=533 width=0) (actual time=1272.231..17270.926 rows=7705 loops=1)
         Buffers: shared hit=1353737 read=365595, temp read=4215 written=4215
         ->  Seq Scan on info_type it2  (cost=0.00..2.41 rows=1 width=4) (actual time=0.044..0.053 rows=1 loops=1)
               Filter: (id = 2)
               Rows Removed by Filter: 112
               Buffers: shared hit=1
         ->  Nested Loop  (cost=471652.00..894795.49 rows=533 width=4) (actual time=1272.185..17269.069 rows=7705 loops=1)
               Buffers: shared hit=1353736 read=365595, temp read=4215 written=4215
               ->  Seq Scan on info_type it1  (cost=0.00..2.41 rows=1 width=4) (actual time=0.009..0.020 rows=1 loops=1)
                     Filter: (id = 3)
                     Rows Removed by Filter: 112
                     Buffers: shared hit=1
               ->  Nested Loop  (cost=471652.00..894787.75 rows=533 width=8) (actual time=1272.173..17267.122 rows=7705 loops=1)
                     Buffers: shared hit=1353735 read=365595, temp read=4215 written=4215
                     ->  Hash Join  (cost=471651.57..891841.96 rows=1270 width=12) (actual time=1271.626..16024.694 rows=36265 loops=1)
                           Hash Cond: (ci.role_id = rt.id)
                           Buffers: shared hit=1222847 read=351423, temp read=4215 written=4215
                           ->  Nested Loop  (cost=471650.40..891786.67 rows=15237 width=16) (actual time=1271.514..15812.415 rows=1367134 loops=1)
                                 Buffers: shared hit=1222846 read=351423, temp read=4215 written=4215
                                 ->  Hash Join  (cost=471649.96..845295.78 rows=1063 width=20) (actual time=1271.458..2025.821 rows=71172 loops=1)
                                       Hash Cond: (mi1.movie_id = t.id)
                                       Buffers: shared hit=14629 read=50281, temp read=4215 written=4215
                                       ->  Bitmap Heap Scan on movie_info mi1  (cost=16468.39..389805.08 rows=79601 width=8) (actual time=41.726..574.654 rows=754175 loops=1)
                                             Recheck Cond: (info_type_id = 3)
                                             Filter: ((info)::text = ANY ('{Adventure,Crime,Documentary,Family,Fantasy,Mystery,Romance,Sci-Fi,Short,Sport}'::text[]))
                                             Rows Removed by Filter: 779734
                                             Heap Blocks: exact=9772
                                             Buffers: shared hit=1 read=10974
                                             ->  Bitmap Index Scan on info_type_id_movie_info  (cost=0.00..16448.47 rows=1538671 width=0) (actual time=40.531..40.531 rows=1533909 loops=1)
                                                   Index Cond: (info_type_id = 3)
                                                   Buffers: shared read=1203
                                       ->  Hash  (cost=454759.47..454759.47 rows=33768 width=12) (actual time=1229.463..1229.469 rows=135832 loops=1)
                                             Buckets: 262144 (originally 65536)  Batches: 1 (originally 1)  Memory Usage: 7885kB
                                             Buffers: shared hit=14628 read=39307, temp read=4215 written=4215
                                             ->  Hash Join  (cost=107800.70..454759.47 rows=33768 width=12) (actual time=596.615..1205.194 rows=135832 loops=1)
                                                   Hash Cond: (mi2.movie_id = t.id)
                                                   Buffers: shared hit=14628 read=39307, temp read=4215 written=4215
                                                   ->  Bitmap Heap Scan on movie_info mi2  (cost=13885.07..356265.51 rows=114308 width=8) (actual time=34.244..363.980 rows=1288928 loops=1)
                                                         Recheck Cond: (info_type_id = 2)
                                                         Filter: ((info)::text = ANY ('{"Black and White",Color}'::text[]))
                                                         Heap Blocks: exact=16526
                                                         Buffers: shared hit=2836 read=14707
                                                         ->  Bitmap Index Scan on info_type_id_movie_info  (cost=0.00..13856.49 rows=1296008 width=0) (actual time=32.064..32.064 rows=1288928 loops=1)
                                                               Index Cond: (info_type_id = 2)
                                                               Buffers: shared hit=1 read=1016
                                                   ->  Hash  (cost=81661.50..81661.50 rows=746890 width=4) (actual time=559.754..559.757 rows=138444 loops=1)
                                                         Buckets: 262144  Batches: 8  Memory Usage: 2656kB
                                                         Buffers: shared hit=11792 read=24600, temp written=350
                                                         ->  Hash Join  (cost=1.13..81661.50 rows=746890 width=4) (actual time=0.054..539.418 rows=138444 loops=1)
                                                               Hash Cond: (t.kind_id = kt.id)
                                                               Buffers: shared hit=11792 read=24600
                                                               ->  Seq Scan on title t  (cost=0.00..74315.95 rows=1742744 width=8) (actual time=0.025..437.509 rows=1748995 loops=1)
                                                                     Filter: ((production_year <= 2015) AND (1990 < production_year))
                                                                     Rows Removed by Filter: 779317
                                                                     Buffers: shared hit=11791 read=24600
                                                               ->  Hash  (cost=1.10..1.10 rows=3 width=4) (actual time=0.012..0.014 rows=3 loops=1)
                                                                     Buckets: 1024  Batches: 1  Memory Usage: 9kB
                                                                     Buffers: shared hit=1
                                                                     ->  Seq Scan on kind_type kt  (cost=0.00..1.10 rows=3 width=4) (actual time=0.007..0.008 rows=3 loops=1)
                                                                           Filter: ((kind)::text = ANY ('{"tv movie","tv series","video game"}'::text[]))
                                                                           Rows Removed by Filter: 4
                                                                           Buffers: shared hit=1
                                 ->  Index Scan using movie_id_cast_info on cast_info ci  (cost=0.44..43.36 rows=38 width=12) (actual time=0.033..0.188 rows=19 loops=71172)
                                       Index Cond: (movie_id = t.id)
                                       Buffers: shared hit=1208217 read=301142
                           ->  Hash  (cost=1.15..1.15 rows=1 width=4) (actual time=0.018..0.018 rows=1 loops=1)
                                 Buckets: 1024  Batches: 1  Memory Usage: 9kB
                                 Buffers: shared hit=1
                                 ->  Seq Scan on role_type rt  (cost=0.00..1.15 rows=1 width=4) (actual time=0.010..0.011 rows=1 loops=1)
                                       Filter: ((role)::text = 'cinematographer'::text)
                                       Rows Removed by Filter: 11
                                       Buffers: shared hit=1
                     ->  Index Scan using name_pkey on name n  (cost=0.43..2.32 rows=1 width=4) (actual time=0.034..0.034 rows=0 loops=36265)
                           Index Cond: (id = ci.person_id)
                           Filter: ((gender)::text = 'm'::text)
                           Rows Removed by Filter: 1
                           Buffers: shared hit=130888 read=14172
 Planning:
   Buffers: shared hit=486 read=91
 Planning Time: 14.123 ms
 Execution Time: 17274.377 ms
(83 rows)

