                                                                                               QUERY PLAN                                                                                               
--------------------------------------------------------------------------------------------------------------------------------------------------------------------------------------------------------
 Aggregate  (cost=396363.35..396363.36 rows=1 width=8) (actual time=2989.763..2989.770 rows=1 loops=1)
   Buffers: shared hit=257062 read=45892
   ->  Nested Loop  (cost=16453.56..396363.34 rows=2 width=0) (actual time=204.212..2987.844 rows=15159 loops=1)
         Buffers: shared hit=257062 read=45892
         ->  Seq Scan on info_type it2  (cost=0.00..2.41 rows=1 width=4) (actual time=0.049..0.058 rows=1 loops=1)
               Filter: (id = 2)
               Rows Removed by Filter: 112
               Buffers: shared hit=1
         ->  Nested Loop  (cost=16453.56..396360.91 rows=2 width=4) (actual time=204.162..2985.405 rows=15159 loops=1)
               Buffers: shared hit=257061 read=45892
               ->  Seq Scan on info_type it1  (cost=0.00..2.41 rows=1 width=4) (actual time=0.008..0.019 rows=1 loops=1)
                     Filter: (id = 3)
                     Rows Removed by Filter: 112
                     Buffers: shared hit=1
               ->  Nested Loop  (cost=16453.56..396358.48 rows=2 width=8) (actual time=204.150..2983.045 rows=15159 loops=1)
                     Buffers: shared hit=257060 read=45892
                     ->  Hash Join  (cost=16453.13..396346.88 rows=5 width=12) (actual time=204.110..2455.621 rows=15159 loops=1)
                           Hash Cond: (ci.role_id = rt.id)
                           Buffers: shared hit=208367 read=33949
                           ->  Nested Loop  (cost=16451.97..396345.51 rows=57 width=16) (actual time=204.068..2447.853 rows=32556 loops=1)
                                 Buffers: shared hit=208366 read=33949
                                 ->  Nested Loop  (cost=16451.53..396162.23 rows=4 width=20) (actual time=204.016..2056.564 rows=1086 loops=1)
                                       Buffers: shared hit=189593 read=17960
                                       ->  Hash Join  (cost=16451.10..391620.43 rows=104 width=12) (actual time=203.854..1741.172 rows=2050 loops=1)
                                             Hash Cond: (t.kind_id = kt.id)
                                             Buffers: shared hit=176457 read=2179
                                             ->  Nested Loop  (cost=16449.98..391617.79 rows=364 width=16) (actual time=41.871..1740.041 rows=2436 loops=1)
                                                   Buffers: shared hit=176456 read=2179
                                                   ->  Bitmap Heap Scan on movie_info mi1  (cost=16449.54..359567.13 rows=4308 width=8) (actual time=41.758..436.397 rows=44803 loops=1)
                                                         Recheck Cond: (info_type_id = 3)
                                                         Filter: ((info)::text = ANY ('{Fantasy,Sci-Fi}'::text[]))
                                                         Rows Removed by Filter: 1489106
                                                         Heap Blocks: exact=9772
                                                         Buffers: shared hit=10652 read=323
                                                         ->  Bitmap Index Scan on info_type_id_movie_info  (cost=0.00..16448.47 rows=1538671 width=0) (actual time=40.564..40.564 rows=1533909 loops=1)
                                                               Index Cond: (info_type_id = 3)
                                                               Buffers: shared hit=1203
                                                   ->  Memoize  (cost=0.44..7.47 rows=1 width=8) (actual time=0.029..0.029 rows=0 loops=44803)
                                                         Cache Key: mi1.movie_id
                                                         Cache Mode: logical
                                                         Hits: 2888  Misses: 41915  Evictions: 0  Overflows: 0  Memory Usage: 2874kB
                                                         Buffers: shared hit=165804 read=1856
                                                         ->  Index Scan using title_pkey on title t  (cost=0.43..7.46 rows=1 width=8) (actual time=0.030..0.030 rows=0 loops=41915)
                                                               Index Cond: (id = mi1.movie_id)
                                                               Filter: ((production_year <= 1970) AND (1950 < production_year))
                                                               Rows Removed by Filter: 1
                                                               Buffers: shared hit=165804 read=1856
                                             ->  Hash  (cost=1.09..1.09 rows=2 width=4) (actual time=0.017..0.017 rows=2 loops=1)
                                                   Buckets: 1024  Batches: 1  Memory Usage: 9kB
                                                   Buffers: shared hit=1
                                                   ->  Seq Scan on kind_type kt  (cost=0.00..1.09 rows=2 width=4) (actual time=0.009..0.010 rows=2 loops=1)
                                                         Filter: ((kind)::text = ANY ('{movie,"tv movie"}'::text[]))
                                                         Rows Removed by Filter: 5
                                                         Buffers: shared hit=1
                                       ->  Index Scan using movie_id_movie_info on movie_info mi2  (cost=0.43..43.66 rows=1 width=8) (actual time=0.144..0.153 rows=1 loops=2050)
                                             Index Cond: (movie_id = t.id)
                                             Filter: ((info_type_id = 2) AND ((info)::text = 'Color'::text))
                                             Rows Removed by Filter: 28
                                             Buffers: shared hit=13136 read=15781
                                 ->  Index Scan using movie_id_cast_info on cast_info ci  (cost=0.44..45.44 rows=38 width=12) (actual time=0.042..0.352 rows=30 loops=1086)
                                       Index Cond: (movie_id = t.id)
                                       Buffers: shared hit=18773 read=15989
                           ->  Hash  (cost=1.15..1.15 rows=1 width=4) (actual time=0.017..0.018 rows=1 loops=1)
                                 Buckets: 1024  Batches: 1  Memory Usage: 9kB
                                 Buffers: shared hit=1
                                 ->  Seq Scan on role_type rt  (cost=0.00..1.15 rows=1 width=4) (actual time=0.010..0.012 rows=1 loops=1)
                                       Filter: ((role)::text = 'actor'::text)
                                       Rows Removed by Filter: 11
                                       Buffers: shared hit=1
                     ->  Index Scan using name_pkey on name n  (cost=0.43..2.32 rows=1 width=4) (actual time=0.034..0.034 rows=1 loops=15159)
                           Index Cond: (id = ci.person_id)
                           Filter: ((gender)::text = 'm'::text)
                           Buffers: shared hit=48693 read=11943
 Planning:
   Buffers: shared hit=574
 Planning Time: 13.756 ms
 Execution Time: 2991.002 ms
(77 rows)

