                                                                                            QUERY PLAN                                                                                            
--------------------------------------------------------------------------------------------------------------------------------------------------------------------------------------------------
 Aggregate  (cost=410028.83..410028.84 rows=1 width=8) (actual time=14229.287..14229.296 rows=1 loops=1)
   Buffers: shared hit=1347589 read=112616
   ->  Nested Loop  (cost=62389.43..410028.82 rows=5 width=0) (actual time=365.994..14228.120 rows=2533 loops=1)
         Buffers: shared hit=1347589 read=112616
         ->  Hash Join  (cost=62389.00..410012.59 rows=7 width=4) (actual time=352.330..13806.018 rows=11252 loops=1)
               Hash Cond: (ci.role_id = rt.id)
               Buffers: shared hit=1304670 read=110527
               ->  Nested Loop  (cost=62387.83..410011.25 rows=43 width=8) (actual time=351.531..13724.705 rows=416562 loops=1)
                     Buffers: shared hit=1304669 read=110527
                     ->  Nested Loop  (cost=62387.39..409860.84 rows=3 width=12) (actual time=351.502..7528.035 rows=80536 loops=1)
                           Buffers: shared hit=697608 read=63815
                           ->  Seq Scan on info_type it2  (cost=0.00..2.41 rows=1 width=4) (actual time=0.040..0.050 rows=1 loops=1)
                                 Filter: (id = 2)
                                 Rows Removed by Filter: 112
                                 Buffers: shared hit=1
                           ->  Nested Loop  (cost=62387.39..409858.40 rows=3 width=16) (actual time=351.460..7507.740 rows=80536 loops=1)
                                 Buffers: shared hit=697607 read=63815
                                 ->  Seq Scan on info_type it1  (cost=0.00..2.41 rows=1 width=4) (actual time=0.009..0.021 rows=1 loops=1)
                                       Filter: (id = 3)
                                       Rows Removed by Filter: 112
                                       Buffers: shared hit=1
                                 ->  Nested Loop  (cost=62387.39..409855.96 rows=3 width=20) (actual time=351.448..7487.045 rows=80536 loops=1)
                                       Buffers: shared hit=697606 read=63815
                                       ->  Hash Join  (cost=62386.95..404861.94 rows=107 width=12) (actual time=351.390..747.962 rows=74634 loops=1)
                                             Hash Cond: (mi2.movie_id = t.id)
                                             Buffers: shared hit=17807 read=13123
                                             ->  Bitmap Heap Scan on movie_info mi2  (cost=13862.73..356243.17 rows=24927 width=8) (actual time=40.838..452.539 rows=288414 loops=1)
                                                   Recheck Cond: (info_type_id = 2)
                                                   Filter: ((info)::text = 'Black and White'::text)
                                                   Rows Removed by Filter: 1000514
                                                   Heap Blocks: exact=16526
                                                   Buffers: shared hit=5219 read=12324
                                                   ->  Bitmap Index Scan on info_type_id_movie_info  (cost=0.00..13856.49 rows=1296008 width=0) (actual time=36.532..36.532 rows=1288928 loops=1)
                                                         Index Cond: (info_type_id = 2)
                                                         Buffers: shared read=1017
                                             ->  Hash  (cost=48388.79..48388.79 rows=10835 width=4) (actual time=172.998..173.001 rows=74873 loops=1)
                                                   Buckets: 131072 (originally 16384)  Batches: 1 (originally 1)  Memory Usage: 3657kB
                                                   Buffers: shared hit=12588 read=799
                                                   ->  Nested Loop  (cost=4496.00..48388.79 rows=10835 width=4) (actual time=19.122..162.236 rows=74873 loops=1)
                                                         Buffers: shared hit=12588 read=799
                                                         ->  Seq Scan on kind_type kt  (cost=0.00..1.09 rows=1 width=4) (actual time=0.007..0.009 rows=1 loops=1)
                                                               Filter: ((kind)::text = 'movie'::text)
                                                               Rows Removed by Filter: 6
                                                               Buffers: shared hit=1
                                                         ->  Bitmap Heap Scan on title t  (cost=4496.00..48261.29 rows=12641 width=8) (actual time=19.111..157.759 rows=74873 loops=1)
                                                               Recheck Cond: (kind_id = kt.id)
                                                               Filter: ((production_year <= 1925) AND (1910 < production_year))
                                                               Rows Removed by Filter: 587952
                                                               Heap Blocks: exact=12865
                                                               Buffers: shared hit=12587 read=799
                                                               ->  Bitmap Index Scan on kind_id_title  (cost=0.00..4492.84 rows=421388 width=0) (actual time=16.872..16.872 rows=662825 loops=1)
                                                                     Index Cond: (kind_id = kt.id)
                                                                     Buffers: shared read=521
                                       ->  Index Scan using movie_id_movie_info on movie_info mi1  (cost=0.43..46.66 rows=1 width=8) (actual time=0.089..0.090 rows=1 loops=74634)
                                             Index Cond: (movie_id = t.id)
                                             Filter: ((info_type_id = 3) AND ((info)::text = ANY ('{Animation,Drama,Short,Western}'::text[])))
                                             Rows Removed by Filter: 10
                                             Buffers: shared hit=679799 read=50692
                     ->  Index Scan using movie_id_cast_info on cast_info ci  (cost=0.44..49.76 rows=38 width=12) (actual time=0.035..0.075 rows=5 loops=80536)
                           Index Cond: (movie_id = t.id)
                           Buffers: shared hit=607061 read=46712
               ->  Hash  (cost=1.15..1.15 rows=2 width=4) (actual time=0.036..0.037 rows=2 loops=1)
                     Buckets: 1024  Batches: 1  Memory Usage: 9kB
                     Buffers: shared hit=1
                     ->  Seq Scan on role_type rt  (cost=0.00..1.15 rows=2 width=4) (actual time=0.025..0.028 rows=2 loops=1)
                           Filter: ((role)::text = ANY ('{cinematographer,"costume designer"}'::text[]))
                           Rows Removed by Filter: 10
                           Buffers: shared hit=1
         ->  Index Scan using name_pkey on name n  (cost=0.43..2.32 rows=1 width=4) (actual time=0.037..0.037 rows=0 loops=11252)
               Index Cond: (id = ci.person_id)
               Filter: ((gender)::text = ANY ('{f,m}'::text[]))
               Rows Removed by Filter: 1
               Buffers: shared hit=42919 read=2089
 Planning:
   Buffers: shared hit=519 read=55
 Planning Time: 13.805 ms
 Execution Time: 14230.151 ms
(77 rows)

