                                                                                            QUERY PLAN                                                                                            
--------------------------------------------------------------------------------------------------------------------------------------------------------------------------------------------------
 Aggregate  (cost=600343.60..600343.61 rows=1 width=8) (actual time=977.720..977.728 rows=1 loops=1)
   Buffers: shared hit=33184 read=39150
   ->  Nested Loop  (cost=94165.43..600343.42 rows=73 width=0) (actual time=431.302..977.718 rows=4 loops=1)
         Buffers: shared hit=33184 read=39150
         ->  Seq Scan on info_type it2  (cost=0.00..2.41 rows=1 width=4) (actual time=0.047..0.052 rows=1 loops=1)
               Filter: (id = 2)
               Rows Removed by Filter: 112
               Buffers: shared hit=1
         ->  Nested Loop  (cost=94165.43..600340.27 rows=73 width=4) (actual time=431.253..977.661 rows=4 loops=1)
               Buffers: shared hit=33183 read=39150
               ->  Seq Scan on info_type it1  (cost=0.00..2.41 rows=1 width=4) (actual time=0.013..0.020 rows=1 loops=1)
                     Filter: (id = 3)
                     Rows Removed by Filter: 112
                     Buffers: shared hit=1
               ->  Nested Loop  (cost=94165.43..600337.13 rows=73 width=8) (actual time=431.237..977.635 rows=4 loops=1)
                     Buffers: shared hit=33182 read=39150
                     ->  Hash Join  (cost=94165.00..599606.48 rows=315 width=12) (actual time=426.864..962.166 rows=579 loops=1)
                           Hash Cond: (ci.role_id = rt.id)
                           Buffers: shared hit=31373 read=38643
                           ->  Nested Loop  (cost=94163.83..599598.58 rows=1892 width=16) (actual time=426.808..961.146 rows=9244 loops=1)
                                 Buffers: shared hit=31372 read=38643
                                 ->  Nested Loop  (cost=94163.39..593674.50 rows=132 width=20) (actual time=426.597..859.172 rows=971 loops=1)
                                       Buffers: shared hit=24931 read=33625
                                       ->  Hash Join  (cost=94162.95..467712.00 rows=2927 width=12) (actual time=426.543..766.838 rows=978 loops=1)
                                             Hash Cond: (mi1.movie_id = t.id)
                                             Buffers: shared hit=18096 read=29271
                                             ->  Bitmap Heap Scan on movie_info mi1  (cost=16460.67..389797.36 rows=48827 width=8) (actual time=42.230..336.650 rows=463744 loops=1)
                                                   Recheck Cond: (info_type_id = 3)
                                                   Filter: ((info)::text = ANY ('{Action,Animation,Short,Western}'::text[]))
                                                   Rows Removed by Filter: 1070165
                                                   Heap Blocks: exact=9772
                                                   Buffers: shared hit=6799 read=4176
                                                   ->  Bitmap Index Scan on info_type_id_movie_info  (cost=0.00..16448.47 rows=1538671 width=0) (actual time=41.004..41.004 rows=1533909 loops=1)
                                                         Index Cond: (info_type_id = 3)
                                                         Buffers: shared read=1203
                                             ->  Hash  (cost=75807.58..75807.58 rows=151576 width=4) (actual time=383.164..383.167 rows=11843 loops=1)
                                                   Buckets: 262144  Batches: 1  Memory Usage: 2465kB
                                                   Buffers: shared hit=11297 read=25095
                                                   ->  Hash Join  (cost=1.13..75807.58 rows=151576 width=4) (actual time=0.139..380.151 rows=11843 loops=1)
                                                         Hash Cond: (t.kind_id = kt.id)
                                                         Buffers: shared hit=11297 read=25095
                                                         ->  Seq Scan on title t  (cost=0.00..74315.95 rows=353677 width=8) (actual time=0.025..360.129 rows=347589 loops=1)
                                                               Filter: ((production_year <= 1975) AND (1925 < production_year))
                                                               Rows Removed by Filter: 2180723
                                                               Buffers: shared hit=11296 read=25095
                                                         ->  Hash  (cost=1.10..1.10 rows=3 width=4) (actual time=0.015..0.016 rows=3 loops=1)
                                                               Buckets: 1024  Batches: 1  Memory Usage: 9kB
                                                               Buffers: shared hit=1
                                                               ->  Seq Scan on kind_type kt  (cost=0.00..1.10 rows=3 width=4) (actual time=0.008..0.009 rows=3 loops=1)
                                                                     Filter: ((kind)::text = ANY ('{"tv series","video game","video movie"}'::text[]))
                                                                     Rows Removed by Filter: 4
                                                                     Buffers: shared hit=1
                                       ->  Index Scan using movie_id_movie_info on movie_info mi2  (cost=0.43..43.02 rows=1 width=8) (actual time=0.076..0.094 rows=1 loops=978)
                                             Index Cond: (movie_id = t.id)
                                             Filter: (((info)::text = ANY ('{"Black and White",Color}'::text[])) AND (info_type_id = 2))
                                             Rows Removed by Filter: 17
                                             Buffers: shared hit=6835 read=4354
                                 ->  Index Scan using movie_id_cast_info on cast_info ci  (cost=0.44..44.50 rows=38 width=12) (actual time=0.032..0.103 rows=10 loops=971)
                                       Index Cond: (movie_id = t.id)
                                       Buffers: shared hit=6441 read=5018
                           ->  Hash  (cost=1.15..1.15 rows=2 width=4) (actual time=0.021..0.021 rows=2 loops=1)
                                 Buckets: 1024  Batches: 1  Memory Usage: 9kB
                                 Buffers: shared hit=1
                                 ->  Seq Scan on role_type rt  (cost=0.00..1.15 rows=2 width=4) (actual time=0.012..0.014 rows=2 loops=1)
                                       Filter: ((role)::text = ANY ('{cinematographer,composer}'::text[]))
                                       Rows Removed by Filter: 10
                                       Buffers: shared hit=1
                     ->  Index Scan using name_pkey on name n  (cost=0.43..2.32 rows=1 width=4) (actual time=0.026..0.026 rows=0 loops=579)
                           Index Cond: (id = ci.person_id)
                           Filter: ((gender)::text = 'f'::text)
                           Rows Removed by Filter: 1
                           Buffers: shared hit=1809 read=507
 Planning:
   Buffers: shared hit=520 read=54
 Planning Time: 13.393 ms
 Execution Time: 978.397 ms
(76 rows)

