                                                                                            QUERY PLAN                                                                                            
--------------------------------------------------------------------------------------------------------------------------------------------------------------------------------------------------
 Aggregate  (cost=727353.03..727353.04 rows=1 width=8) (actual time=22849.334..22849.344 rows=1 loops=1)
   Buffers: shared hit=1659384 read=654849, temp read=1847 written=1847
   ->  Nested Loop  (cost=95195.90..727352.73 rows=122 width=0) (actual time=543.844..22843.002 rows=31370 loops=1)
         Buffers: shared hit=1659384 read=654849, temp read=1847 written=1847
         ->  Seq Scan on info_type it2  (cost=0.00..2.41 rows=1 width=4) (actual time=0.036..0.046 rows=1 loops=1)
               Filter: (id = 2)
               Rows Removed by Filter: 112
               Buffers: shared hit=1
         ->  Nested Loop  (cost=95195.90..727349.10 rows=122 width=4) (actual time=543.806..22836.859 rows=31370 loops=1)
               Buffers: shared hit=1659383 read=654849, temp read=1847 written=1847
               ->  Seq Scan on info_type it1  (cost=0.00..2.41 rows=1 width=4) (actual time=0.010..0.023 rows=1 loops=1)
                     Filter: (id = 3)
                     Rows Removed by Filter: 112
                     Buffers: shared hit=1
               ->  Nested Loop  (cost=95195.90..727345.46 rows=122 width=8) (actual time=543.793..22830.412 rows=31370 loops=1)
                     Buffers: shared hit=1659382 read=654849, temp read=1847 written=1847
                     ->  Hash Join  (cost=95195.47..726672.80 rows=290 width=12) (actual time=543.434..20288.278 rows=72252 loops=1)
                           Hash Cond: (ci.role_id = rt.id)
                           Buffers: shared hit=1414895 read=610328, temp read=1847 written=1847
                           ->  Nested Loop  (cost=95194.31..726659.27 rows=3483 width=16) (actual time=543.262..20099.110 rows=1159870 loops=1)
                                 Buffers: shared hit=1414894 read=610328, temp read=1847 written=1847
                                 ->  Nested Loop  (cost=95193.87..715787.55 rows=243 width=20) (actual time=543.231..7469.953 rows=59837 loops=1)
                                       Buffers: shared hit=509844 read=197476, temp read=1847 written=1847
                                       ->  Hash Join  (cost=95193.43..485285.42 rows=5368 width=12) (actual time=543.166..1517.245 rows=64546 loops=1)
                                             Hash Cond: (mi1.movie_id = t.id)
                                             Buffers: shared hit=1782 read=45585, temp read=1847 written=1847
                                             ->  Bitmap Heap Scan on movie_info mi1  (cost=16468.67..404914.90 rows=80819 width=8) (actual time=39.927..640.361 rows=788196 loops=1)
                                                   Recheck Cond: (info_type_id = 3)
                                                   Filter: ((info)::text = ANY ('{Documentary,Drama,News,Short,Sport}'::text[]))
                                                   Rows Removed by Filter: 745713
                                                   Heap Blocks: exact=9772
                                                   Buffers: shared hit=51 read=10924
                                                   ->  Bitmap Index Scan on info_type_id_movie_info  (cost=0.00..16448.47 rows=1538671 width=0) (actual time=38.733..38.734 rows=1533909 loops=1)
                                                         Index Cond: (info_type_id = 3)
                                                         Buffers: shared read=1203
                                             ->  Hash  (cost=75968.50..75968.50 rows=167941 width=4) (actual time=501.810..501.814 rows=342123 loops=1)
                                                   Buckets: 262144  Batches: 2  Memory Usage: 8082kB
                                                   Buffers: shared hit=1731 read=34661, temp written=499
                                                   ->  Hash Join  (cost=1.13..75968.50 rows=167941 width=4) (actual time=0.040..443.481 rows=342123 loops=1)
                                                         Hash Cond: (t.kind_id = kt.id)
                                                         Buffers: shared hit=1731 read=34661
                                                         ->  Seq Scan on title t  (cost=0.00..74315.95 rows=391862 width=8) (actual time=0.020..398.029 rows=386415 loops=1)
                                                               Filter: ((production_year <= 1997) AND (1981 < production_year))
                                                               Rows Removed by Filter: 2141897
                                                               Buffers: shared hit=1730 read=34661
                                                         ->  Hash  (cost=1.10..1.10 rows=3 width=4) (actual time=0.012..0.013 rows=3 loops=1)
                                                               Buckets: 1024  Batches: 1  Memory Usage: 9kB
                                                               Buffers: shared hit=1
                                                               ->  Seq Scan on kind_type kt  (cost=0.00..1.10 rows=3 width=4) (actual time=0.007..0.008 rows=3 loops=1)
                                                                     Filter: ((kind)::text = ANY ('{episode,movie,"tv movie"}'::text[]))
                                                                     Rows Removed by Filter: 4
                                                                     Buffers: shared hit=1
                                       ->  Index Scan using movie_id_movie_info on movie_info mi2  (cost=0.43..42.93 rows=1 width=8) (actual time=0.076..0.092 rows=1 loops=64546)
                                             Index Cond: (movie_id = t.id)
                                             Filter: (((info)::text = ANY ('{"Black and White",Color}'::text[])) AND (info_type_id = 2))
                                             Rows Removed by Filter: 12
                                             Buffers: shared hit=508062 read=151891
                                 ->  Index Scan using movie_id_cast_info on cast_info ci  (cost=0.44..44.36 rows=38 width=12) (actual time=0.034..0.206 rows=19 loops=59837)
                                       Index Cond: (movie_id = t.id)
                                       Buffers: shared hit=905050 read=412852
                           ->  Hash  (cost=1.15..1.15 rows=1 width=4) (actual time=0.014..0.015 rows=1 loops=1)
                                 Buckets: 1024  Batches: 1  Memory Usage: 9kB
                                 Buffers: shared hit=1
                                 ->  Seq Scan on role_type rt  (cost=0.00..1.15 rows=1 width=4) (actual time=0.008..0.009 rows=1 loops=1)
                                       Filter: ((role)::text = 'writer'::text)
                                       Rows Removed by Filter: 11
                                       Buffers: shared hit=1
                     ->  Index Scan using name_pkey on name n  (cost=0.43..2.32 rows=1 width=4) (actual time=0.035..0.035 rows=0 loops=72252)
                           Index Cond: (id = ci.person_id)
                           Filter: ((gender)::text = 'm'::text)
                           Rows Removed by Filter: 1
                           Buffers: shared hit=244487 read=44521
 Planning:
   Buffers: shared hit=487 read=87
 Planning Time: 9.935 ms
 Execution Time: 22849.918 ms
(76 rows)

