                                                                                               QUERY PLAN                                                                                               
--------------------------------------------------------------------------------------------------------------------------------------------------------------------------------------------------------
 Aggregate  (cost=930360.05..930360.06 rows=1 width=8) (actual time=150762.904..150762.915 rows=1 loops=1)
   Buffers: shared hit=12995407 read=2587935, temp read=19897 written=19897
   ->  Nested Loop  (cost=479855.03..930357.98 rows=828 width=0) (actual time=2102.758..150756.528 rows=11781 loops=1)
         Buffers: shared hit=12995407 read=2587935, temp read=19897 written=19897
         ->  Seq Scan on info_type it2  (cost=0.00..2.41 rows=1 width=4) (actual time=0.046..0.057 rows=1 loops=1)
               Filter: (id = 2)
               Rows Removed by Filter: 112
               Buffers: shared hit=1
         ->  Nested Loop  (cost=479855.03..930347.29 rows=828 width=4) (actual time=2102.711..150752.806 rows=11781 loops=1)
               Buffers: shared hit=12995406 read=2587935, temp read=19897 written=19897
               ->  Seq Scan on info_type it1  (cost=0.00..2.41 rows=1 width=4) (actual time=0.008..0.022 rows=1 loops=1)
                     Filter: (id = 3)
                     Rows Removed by Filter: 112
                     Buffers: shared hit=1
               ->  Nested Loop  (cost=479855.03..930336.60 rows=828 width=8) (actual time=2102.700..150748.949 rows=11781 loops=1)
                     Buffers: shared hit=12995405 read=2587935, temp read=19897 written=19897
                     ->  Hash Join  (cost=479854.60..925760.18 rows=1973 width=12) (actual time=2102.425..146340.294 rows=124641 loops=1)
                           Hash Cond: (ci.role_id = rt.id)
                           Buffers: shared hit=12530711 read=2554065, temp read=19897 written=19897
                           ->  Nested Loop  (cost=479853.44..925674.91 rows=23680 width=16) (actual time=2101.287..144053.469 rows=13495339 loops=1)
                                 Buffers: shared hit=12530710 read=2554065, temp read=19897 written=19897
                                 ->  Hash Join  (cost=479853.00..853549.13 rows=1652 width=20) (actual time=2101.249..3781.875 rows=635023 loops=1)
                                       Hash Cond: (mi1.movie_id = t.id)
                                       Buffers: shared hit=3237 read=61673, temp read=19897 written=19897
                                       ->  Bitmap Heap Scan on movie_info mi1  (cost=16471.35..389808.04 rows=91448 width=8) (actual time=42.986..588.531 rows=877336 loops=1)
                                             Recheck Cond: (info_type_id = 3)
                                             Filter: ((info)::text = ANY ('{Adult,Animation,Comedy,Crime,Documentary,Drama,Family,Fantasy,Romance,Thriller}'::text[]))
                                             Rows Removed by Filter: 656573
                                             Heap Blocks: exact=9772
                                             Buffers: shared hit=1 read=10974
                                             ->  Bitmap Index Scan on info_type_id_movie_info  (cost=0.00..16448.47 rows=1538671 width=0) (actual time=41.783..41.783 rows=1533909 loops=1)
                                                   Index Cond: (info_type_id = 3)
                                                   Buffers: shared read=1203
                                       ->  Hash  (cost=462810.85..462810.85 rows=45664 width=12) (actual time=2057.854..2057.860 rows=982641 loops=1)
                                             Buckets: 262144 (originally 65536)  Batches: 8 (originally 1)  Memory Usage: 7320kB
                                             Buffers: shared hit=3236 read=50699, temp read=11838 written=15193
                                             ->  Hash Join  (cost=114705.11..462810.85 rows=45664 width=12) (actual time=1010.388..1906.059 rows=982641 loops=1)
                                                   Hash Cond: (mi2.movie_id = t.id)
                                                   Buffers: shared hit=3236 read=50699, temp read=11838 written=11838
                                                   ->  Bitmap Heap Scan on movie_info mi2  (cost=13885.07..356265.51 rows=114308 width=8) (actual time=34.776..372.738 rows=1288928 loops=1)
                                                         Recheck Cond: (info_type_id = 2)
                                                         Filter: ((info)::text = ANY ('{"Black and White",Color}'::text[]))
                                                         Heap Blocks: exact=16526
                                                         Buffers: shared hit=3235 read=14308
                                                         ->  Bitmap Index Scan on info_type_id_movie_info  (cost=0.00..13856.49 rows=1296008 width=0) (actual time=32.570..32.570 rows=1288928 loops=1)
                                                               Index Cond: (info_type_id = 2)
                                                               Buffers: shared hit=1 read=1016
                                                   ->  Hash  (cost=84248.88..84248.88 rows=1010013 width=4) (actual time=974.415..974.419 rows=2148656 loops=1)
                                                         Buckets: 262144 (originally 262144)  Batches: 16 (originally 8)  Memory Usage: 6773kB
                                                         Buffers: shared hit=1 read=36391, temp written=5895
                                                         ->  Hash Join  (cost=1.13..84248.88 rows=1010013 width=4) (actual time=0.057..693.562 rows=2148656 loops=1)
                                                               Hash Cond: (t.kind_id = kt.id)
                                                               Buffers: shared hit=1 read=36391
                                                               ->  Seq Scan on title t  (cost=0.00..74315.95 rows=2356696 width=8) (actual time=0.027..435.858 rows=2352201 loops=1)
                                                                     Filter: ((production_year <= 2015) AND (1925 < production_year))
                                                                     Rows Removed by Filter: 176111
                                                                     Buffers: shared read=36391
                                                               ->  Hash  (cost=1.10..1.10 rows=3 width=4) (actual time=0.014..0.016 rows=3 loops=1)
                                                                     Buckets: 1024  Batches: 1  Memory Usage: 9kB
                                                                     Buffers: shared hit=1
                                                                     ->  Seq Scan on kind_type kt  (cost=0.00..1.10 rows=3 width=4) (actual time=0.007..0.009 rows=3 loops=1)
                                                                           Filter: ((kind)::text = ANY ('{episode,movie,"video movie"}'::text[]))
                                                                           Rows Removed by Filter: 4
                                                                           Buffers: shared hit=1
                                 ->  Index Scan using movie_id_cast_info on cast_info ci  (cost=0.44..43.28 rows=38 width=12) (actual time=0.035..0.215 rows=21 loops=635023)
                                       Index Cond: (movie_id = t.id)
                                       Buffers: shared hit=12527473 read=2492392
                           ->  Hash  (cost=1.15..1.15 rows=1 width=4) (actual time=0.018..0.019 rows=1 loops=1)
                                 Buckets: 1024  Batches: 1  Memory Usage: 9kB
                                 Buffers: shared hit=1
                                 ->  Seq Scan on role_type rt  (cost=0.00..1.15 rows=1 width=4) (actual time=0.009..0.010 rows=1 loops=1)
                                       Filter: ((role)::text = 'costume designer'::text)
                                       Rows Removed by Filter: 11
                                       Buffers: shared hit=1
                     ->  Index Scan using name_pkey on name n  (cost=0.43..2.32 rows=1 width=4) (actual time=0.035..0.035 rows=0 loops=124641)
                           Index Cond: (id = ci.person_id)
                           Filter: ((gender)::text = 'm'::text)
                           Rows Removed by Filter: 1
                           Buffers: shared hit=464694 read=33870
 Planning:
   Buffers: shared hit=483 read=94
 Planning Time: 13.944 ms
 Execution Time: 150763.780 ms
(83 rows)

