                                                                                               QUERY PLAN                                                                                               
--------------------------------------------------------------------------------------------------------------------------------------------------------------------------------------------------------
 Aggregate  (cost=537717.05..537717.06 rows=1 width=8) (actual time=6998.746..6998.753 rows=1 loops=1)
   Buffers: shared hit=625416 read=93750
   ->  Nested Loop  (cost=16456.27..537716.89 rows=62 width=0) (actual time=43.201..6998.289 rows=1749 loops=1)
         Buffers: shared hit=625416 read=93750
         ->  Hash Join  (cost=16455.84..537373.61 rows=148 width=4) (actual time=41.703..6820.327 rows=4643 loops=1)
               Hash Cond: (ci.role_id = rt.id)
               Buffers: shared hit=611597 read=88997
               ->  Nested Loop  (cost=16454.66..537369.27 rows=889 width=8) (actual time=41.418..6810.825 rows=59342 loops=1)
                     Buffers: shared hit=611596 read=88997
                     ->  Nested Loop  (cost=16454.22..534618.09 rows=62 width=12) (actual time=41.389..6021.163 rows=5990 loops=1)
                           Buffers: shared hit=560761 read=65042
                           ->  Seq Scan on info_type it2  (cost=0.00..2.41 rows=1 width=4) (actual time=0.032..0.047 rows=1 loops=1)
                                 Filter: (id = 2)
                                 Rows Removed by Filter: 112
                                 Buffers: shared hit=1
                           ->  Nested Loop  (cost=16454.22..534615.05 rows=62 width=16) (actual time=41.356..6019.865 rows=5990 loops=1)
                                 Buffers: shared hit=560760 read=65042
                                 ->  Seq Scan on info_type it1  (cost=0.00..2.41 rows=1 width=4) (actual time=0.009..0.024 rows=1 loops=1)
                                       Filter: (id = 3)
                                       Rows Removed by Filter: 112
                                       Buffers: shared hit=1
                                 ->  Nested Loop  (cost=16454.22..534612.02 rows=62 width=20) (actual time=41.343..6018.537 rows=5990 loops=1)
                                       Buffers: shared hit=560759 read=65042
                                       ->  Hash Join  (cost=16453.79..475738.86 rows=1379 width=12) (actual time=41.283..5420.653 rows=6039 loops=1)
                                             Hash Cond: (t.kind_id = kt.id)
                                             Buffers: shared hit=522450 read=43970
                                             ->  Nested Loop  (cost=16452.66..475724.16 rows=3218 width=16) (actual time=41.233..5412.443 rows=29538 loops=1)
                                                   Buffers: shared hit=522449 read=43970
                                                   ->  Bitmap Heap Scan on movie_info mi1  (cost=16452.22..389788.90 rows=14901 width=8) (actual time=41.203..556.276 rows=150531 loops=1)
                                                         Recheck Cond: (info_type_id = 3)
                                                         Filter: ((info)::text = ANY ('{Biography,Fantasy,Game-Show,History,Musical,Sport,Talk-Show,Thriller,War}'::text[]))
                                                         Rows Removed by Filter: 1383378
                                                         Heap Blocks: exact=9772
                                                         Buffers: shared hit=6 read=10969
                                                         ->  Bitmap Index Scan on info_type_id_movie_info  (cost=0.00..16448.47 rows=1538671 width=0) (actual time=39.992..39.993 rows=1533909 loops=1)
                                                               Index Cond: (info_type_id = 3)
                                                               Buffers: shared read=1203
                                                   ->  Memoize  (cost=0.44..5.87 rows=1 width=8) (actual time=0.032..0.032 rows=0 loops=150531)
                                                         Cache Key: mi1.movie_id
                                                         Cache Mode: logical
                                                         Hits: 11670  Misses: 138861  Evictions: 28047  Overflows: 0  Memory Usage: 8193kB
                                                         Buffers: shared hit=522443 read=33001
                                                         ->  Index Scan using title_pkey on title t  (cost=0.43..5.86 rows=1 width=8) (actual time=0.033..0.033 rows=0 loops=138861)
                                                               Index Cond: (id = mi1.movie_id)
                                                               Filter: ((production_year <= 1990) AND (1950 < production_year))
                                                               Rows Removed by Filter: 1
                                                               Buffers: shared hit=522443 read=33001
                                             ->  Hash  (cost=1.10..1.10 rows=3 width=4) (actual time=0.022..0.022 rows=3 loops=1)
                                                   Buckets: 1024  Batches: 1  Memory Usage: 9kB
                                                   Buffers: shared hit=1
                                                   ->  Seq Scan on kind_type kt  (cost=0.00..1.10 rows=3 width=4) (actual time=0.012..0.014 rows=3 loops=1)
                                                         Filter: ((kind)::text = ANY ('{"tv series","video game","video movie"}'::text[]))
                                                         Rows Removed by Filter: 4
                                                         Buffers: shared hit=1
                                       ->  Index Scan using movie_id_movie_info on movie_info mi2  (cost=0.43..42.68 rows=1 width=8) (actual time=0.079..0.098 rows=1 loops=6039)
                                             Index Cond: (movie_id = t.id)
                                             Filter: (((info)::text = ANY ('{"Black and White",Color}'::text[])) AND (info_type_id = 2))
                                             Rows Removed by Filter: 9
                                             Buffers: shared hit=38309 read=21072
                     ->  Index Scan using movie_id_cast_info on cast_info ci  (cost=0.44..43.99 rows=38 width=12) (actual time=0.036..0.129 rows=10 loops=5990)
                           Index Cond: (movie_id = t.id)
                           Buffers: shared hit=50835 read=23955
               ->  Hash  (cost=1.15..1.15 rows=2 width=4) (actual time=0.037..0.037 rows=2 loops=1)
                     Buckets: 1024  Batches: 1  Memory Usage: 9kB
                     Buffers: shared hit=1
                     ->  Seq Scan on role_type rt  (cost=0.00..1.15 rows=2 width=4) (actual time=0.028..0.030 rows=2 loops=1)
                           Filter: ((role)::text = ANY ('{composer,director}'::text[]))
                           Rows Removed by Filter: 10
                           Buffers: shared hit=1
         ->  Index Scan using name_pkey on name n  (cost=0.43..2.32 rows=1 width=4) (actual time=0.038..0.038 rows=0 loops=4643)
               Index Cond: (id = ci.person_id)
               Filter: ((gender)::text = 'm'::text)
               Rows Removed by Filter: 1
               Buffers: shared hit=13819 read=4753
 Planning:
   Buffers: shared hit=481 read=96
 Planning Time: 14.210 ms
 Execution Time: 7001.319 ms
(78 rows)

