                                                                                               QUERY PLAN                                                                                               
--------------------------------------------------------------------------------------------------------------------------------------------------------------------------------------------------------
 Aggregate  (cost=888182.95..888182.96 rows=1 width=8) (actual time=17130.034..17130.043 rows=1 loops=1)
   Buffers: shared hit=1345790 read=373986, temp read=3353 written=3353
   ->  Nested Loop  (cost=471194.96..888182.30 rows=258 width=0) (actual time=1180.656..17129.727 rows=380 loops=1)
         Buffers: shared hit=1345790 read=373986, temp read=3353 written=3353
         ->  Seq Scan on info_type it2  (cost=0.00..2.41 rows=1 width=4) (actual time=0.047..0.056 rows=1 loops=1)
               Filter: (id = 2)
               Rows Removed by Filter: 112
               Buffers: shared hit=1
         ->  Nested Loop  (cost=471194.96..888177.31 rows=258 width=4) (actual time=1180.608..17129.515 rows=380 loops=1)
               Buffers: shared hit=1345789 read=373986, temp read=3353 written=3353
               ->  Seq Scan on info_type it1  (cost=0.00..2.41 rows=1 width=4) (actual time=0.009..0.020 rows=1 loops=1)
                     Filter: (id = 3)
                     Rows Removed by Filter: 112
                     Buffers: shared hit=1
               ->  Nested Loop  (cost=471194.96..888172.32 rows=258 width=8) (actual time=1180.595..17129.324 rows=380 loops=1)
                     Buffers: shared hit=1345788 read=373986, temp read=3353 written=3353
                     ->  Hash Join  (cost=471194.53..885595.33 rows=1111 width=12) (actual time=1163.947..16176.303 rows=28744 loops=1)
                           Hash Cond: (ci.role_id = rt.id)
                           Buffers: shared hit=1244064 read=360734, temp read=3353 written=3353
                           ->  Nested Loop  (cost=471193.37..885546.81 rows=13331 width=16) (actual time=1163.892..15961.323 rows=1393887 loops=1)
                                 Buffers: shared hit=1244063 read=360734, temp read=3353 written=3353
                                 ->  Hash Join  (cost=471192.93..844872.76 rows=930 width=20) (actual time=1163.840..1921.419 rows=71030 loops=1)
                                       Hash Cond: (mi1.movie_id = t.id)
                                       Buffers: shared hit=23704 read=41206, temp read=3353 written=3353
                                       ->  Bitmap Heap Scan on movie_info mi1  (cost=16470.75..389807.43 rows=89026 width=8) (actual time=42.186..562.737 rows=852802 loops=1)
                                             Recheck Cond: (info_type_id = 3)
                                             Filter: ((info)::text = ANY ('{Action,Adult,Animation,Comedy,Crime,History,Music,Mystery,Reality-TV,Romance,Short}'::text[]))
                                             Rows Removed by Filter: 681107
                                             Heap Blocks: exact=9772
                                             Buffers: shared read=10975
                                             ->  Bitmap Index Scan on info_type_id_movie_info  (cost=0.00..16448.47 rows=1538671 width=0) (actual time=40.991..40.992 rows=1533909 loops=1)
                                                   Index Cond: (info_type_id = 3)
                                                   Buffers: shared read=1203
                                       ->  Hash  (cost=454392.12..454392.12 rows=26404 width=12) (actual time=1121.535..1121.540 rows=133335 loops=1)
                                             Buckets: 262144 (originally 32768)  Batches: 1 (originally 1)  Memory Usage: 7778kB
                                             Buffers: shared hit=23704 read=30231, temp read=3353 written=3353
                                             ->  Hash Join  (cost=107794.47..454392.12 rows=26404 width=12) (actual time=594.568..1098.440 rows=133335 loops=1)
                                                   Hash Cond: (mi2.movie_id = t.id)
                                                   Buffers: shared hit=23704 read=30231, temp read=3353 written=3353
                                                   ->  Bitmap Heap Scan on movie_info mi2  (cost=13878.84..356259.28 rows=89381 width=8) (actual time=34.640..316.686 rows=1000514 loops=1)
                                                         Recheck Cond: (info_type_id = 2)
                                                         Filter: ((info)::text = 'Color'::text)
                                                         Rows Removed by Filter: 288414
                                                         Heap Blocks: exact=16526
                                                         Buffers: shared hit=2321 read=15222
                                                         ->  Bitmap Index Scan on info_type_id_movie_info  (cost=0.00..13856.49 rows=1296008 width=0) (actual time=32.439..32.439 rows=1288928 loops=1)
                                                               Index Cond: (info_type_id = 2)
                                                               Buffers: shared hit=1 read=1016
                                                   ->  Hash  (cost=81661.50..81661.50 rows=746890 width=4) (actual time=557.090..557.093 rows=138444 loops=1)
                                                         Buckets: 262144  Batches: 8  Memory Usage: 2656kB
                                                         Buffers: shared hit=21383 read=15009, temp written=350
                                                         ->  Hash Join  (cost=1.13..81661.50 rows=746890 width=4) (actual time=0.061..536.494 rows=138444 loops=1)
                                                               Hash Cond: (t.kind_id = kt.id)
                                                               Buffers: shared hit=21383 read=15009
                                                               ->  Seq Scan on title t  (cost=0.00..74315.95 rows=1742744 width=8) (actual time=0.032..433.844 rows=1748995 loops=1)
                                                                     Filter: ((production_year <= 2015) AND (1990 < production_year))
                                                                     Rows Removed by Filter: 779317
                                                                     Buffers: shared hit=21382 read=15009
                                                               ->  Hash  (cost=1.10..1.10 rows=3 width=4) (actual time=0.013..0.014 rows=3 loops=1)
                                                                     Buckets: 1024  Batches: 1  Memory Usage: 9kB
                                                                     Buffers: shared hit=1
                                                                     ->  Seq Scan on kind_type kt  (cost=0.00..1.10 rows=3 width=4) (actual time=0.008..0.009 rows=3 loops=1)
                                                                           Filter: ((kind)::text = ANY ('{"tv movie","tv series","video game"}'::text[]))
                                                                           Rows Removed by Filter: 4
                                                                           Buffers: shared hit=1
                                 ->  Index Scan using movie_id_cast_info on cast_info ci  (cost=0.44..43.36 rows=38 width=12) (actual time=0.033..0.192 rows=20 loops=71030)
                                       Index Cond: (movie_id = t.id)
                                       Buffers: shared hit=1220359 read=319528
                           ->  Hash  (cost=1.15..1.15 rows=1 width=4) (actual time=0.023..0.024 rows=1 loops=1)
                                 Buckets: 1024  Batches: 1  Memory Usage: 9kB
                                 Buffers: shared hit=1
                                 ->  Seq Scan on role_type rt  (cost=0.00..1.15 rows=1 width=4) (actual time=0.010..0.011 rows=1 loops=1)
                                       Filter: ((role)::text = 'cinematographer'::text)
                                       Rows Removed by Filter: 11
                                       Buffers: shared hit=1
                     ->  Index Scan using name_pkey on name n  (cost=0.43..2.32 rows=1 width=4) (actual time=0.033..0.033 rows=0 loops=28744)
                           Index Cond: (id = ci.person_id)
                           Filter: ((gender)::text = 'f'::text)
                           Rows Removed by Filter: 1
                           Buffers: shared hit=101724 read=13252
 Planning:
   Buffers: shared hit=531 read=46
 Planning Time: 13.957 ms
 Execution Time: 17131.841 ms
(84 rows)

