                                                                                              QUERY PLAN                                                                                               
-------------------------------------------------------------------------------------------------------------------------------------------------------------------------------------------------------
 Aggregate  (cost=433431.21..433431.22 rows=1 width=8) (actual time=660.146..660.155 rows=1 loops=1)
   Buffers: shared hit=39786 read=25349
   ->  Nested Loop  (cost=74992.35..433431.20 rows=3 width=0) (actual time=538.847..660.148 rows=3 loops=1)
         Buffers: shared hit=39786 read=25349
         ->  Seq Scan on info_type it2  (cost=0.00..2.41 rows=1 width=4) (actual time=0.051..0.056 rows=1 loops=1)
               Filter: (id = 2)
               Rows Removed by Filter: 112
               Buffers: shared hit=1
         ->  Nested Loop  (cost=74992.35..433428.76 rows=3 width=4) (actual time=538.794..660.089 rows=3 loops=1)
               Buffers: shared hit=39785 read=25349
               ->  Seq Scan on info_type it1  (cost=0.00..2.41 rows=1 width=4) (actual time=0.013..0.019 rows=1 loops=1)
                     Filter: (id = 3)
                     Rows Removed by Filter: 112
                     Buffers: shared hit=1
               ->  Nested Loop  (cost=74992.35..433426.32 rows=3 width=8) (actual time=538.780..660.067 rows=3 loops=1)
                     Join Filter: (t.id = mi2.movie_id)
                     Buffers: shared hit=39784 read=25349
                     ->  Nested Loop  (cost=74991.92..430607.26 rows=67 width=16) (actual time=538.722..659.919 rows=3 loops=1)
                           Join Filter: (t.id = mi1.movie_id)
                           Buffers: shared hit=39740 read=25349
                           ->  Nested Loop  (cost=74991.48..249808.23 rows=4271 width=8) (actual time=536.953..657.645 rows=14 loops=1)
                                 Buffers: shared hit=39663 read=25264
                                 ->  Hash Join  (cost=74991.05..207154.58 rows=18389 width=12) (actual time=384.966..506.143 rows=6588 loops=1)
                                       Hash Cond: (t.kind_id = kt.id)
                                       Buffers: shared hit=14204 read=24371
                                       ->  Hash Join  (cost=74989.94..206882.22 rows=64364 width=16) (actual time=384.917..504.895 rows=6614 loops=1)
                                             Hash Cond: (ci.movie_id = t.id)
                                             Buffers: shared hit=14203 read=24371
                                             ->  Nested Loop  (cost=0.44..123965.00 rows=3020080 width=8) (actual time=0.259..86.757 rows=316118 loops=1)
                                                   Buffers: shared hit=453 read=1730
                                                   ->  Seq Scan on role_type rt  (cost=0.00..1.15 rows=1 width=4) (actual time=0.010..0.012 rows=1 loops=1)
                                                         Filter: ((role)::text = 'production designer'::text)
                                                         Rows Removed by Filter: 11
                                                         Buffers: shared hit=1
                                                   ->  Index Scan using role_id_cast_info on cast_info ci  (cost=0.44..91017.52 rows=3294633 width=12) (actual time=0.242..58.443 rows=316118 loops=1)
                                                         Index Cond: (role_id = rt.id)
                                                         Buffers: shared hit=452 read=1730
                                             ->  Hash  (cost=74315.95..74315.95 rows=53884 width=8) (actual time=383.123..383.127 rows=51669 loops=1)
                                                   Buckets: 65536  Batches: 1  Memory Usage: 2531kB
                                                   Buffers: shared hit=13750 read=22641
                                                   ->  Seq Scan on title t  (cost=0.00..74315.95 rows=53884 width=8) (actual time=0.528..373.416 rows=51669 loops=1)
                                                         Filter: ((production_year <= 1949) AND (1928 < production_year))
                                                         Rows Removed by Filter: 2476643
                                                         Buffers: shared hit=13750 read=22641
                                       ->  Hash  (cost=1.09..1.09 rows=2 width=4) (actual time=0.023..0.023 rows=2 loops=1)
                                             Buckets: 1024  Batches: 1  Memory Usage: 9kB
                                             Buffers: shared hit=1
                                             ->  Seq Scan on kind_type kt  (cost=0.00..1.09 rows=2 width=4) (actual time=0.010..0.013 rows=2 loops=1)
                                                   Filter: ((kind)::text = ANY ('{episode,movie}'::text[]))
                                                   Rows Removed by Filter: 5
                                                   Buffers: shared hit=1
                                 ->  Index Scan using name_pkey on name n  (cost=0.43..2.32 rows=1 width=4) (actual time=0.023..0.023 rows=0 loops=6588)
                                       Index Cond: (id = ci.person_id)
                                       Filter: ((gender)::text = 'f'::text)
                                       Rows Removed by Filter: 1
                                       Buffers: shared hit=25459 read=893
                           ->  Index Scan using movie_id_movie_info on movie_info mi1  (cost=0.43..42.32 rows=1 width=8) (actual time=0.162..0.162 rows=0 loops=14)
                                 Index Cond: (movie_id = ci.movie_id)
                                 Filter: ((info_type_id = 3) AND ((info)::text = ANY ('{Action,Adventure,Comedy,Music,Mystery,Sport,Thriller}'::text[])))
                                 Rows Removed by Filter: 16
                                 Buffers: shared hit=77 read=85
                     ->  Index Scan using movie_id_movie_info on movie_info mi2  (cost=0.43..42.06 rows=1 width=8) (actual time=0.041..0.047 rows=1 loops=3)
                           Index Cond: (movie_id = ci.movie_id)
                           Filter: (((info)::text = ANY ('{"Black and White",Color}'::text[])) AND (info_type_id = 2))
                           Rows Removed by Filter: 33
                           Buffers: shared hit=44
 Planning:
   Buffers: shared hit=574
 Planning Time: 13.591 ms
 Execution Time: 660.687 ms
(70 rows)

