                                                                                            QUERY PLAN                                                                                            
--------------------------------------------------------------------------------------------------------------------------------------------------------------------------------------------------
 Aggregate  (cost=804370.96..804370.97 rows=1 width=8) (actual time=15775.813..15775.825 rows=1 loops=1)
   Buffers: shared hit=1406114 read=170976, temp read=4260 written=4260
   ->  Nested Loop  (cost=484748.76..804370.52 rows=175 width=0) (actual time=1049.593..15764.584 rows=66410 loops=1)
         Buffers: shared hit=1406114 read=170976, temp read=4260 written=4260
         ->  Seq Scan on info_type it2  (cost=0.00..2.41 rows=1 width=4) (actual time=0.046..0.058 rows=1 loops=1)
               Filter: (id = 2)
               Rows Removed by Filter: 112
               Buffers: shared hit=1
         ->  Nested Loop  (cost=484748.76..804366.36 rows=175 width=4) (actual time=1049.545..15751.881 rows=66410 loops=1)
               Buffers: shared hit=1406113 read=170976, temp read=4260 written=4260
               ->  Seq Scan on info_type it1  (cost=0.00..2.41 rows=1 width=4) (actual time=0.010..0.024 rows=1 loops=1)
                     Filter: (id = 3)
                     Rows Removed by Filter: 112
                     Buffers: shared hit=1
               ->  Nested Loop  (cost=484748.76..804362.20 rows=175 width=8) (actual time=1049.534..15738.728 rows=66410 loops=1)
                     Join Filter: (t.id = mi2.movie_id)
                     Buffers: shared hit=1406112 read=170976, temp read=4260 written=4260
                     ->  Nested Loop  (cost=484748.32..641529.90 rows=3870 width=16) (actual time=1049.492..7999.004 rows=64287 loops=1)
                           Buffers: shared hit=698322 read=68104, temp read=4260 written=4260
                           ->  Hash Join  (cost=484747.89..620130.01 rows=9226 width=20) (actual time=1049.428..2080.514 rows=177997 loops=1)
                                 Hash Cond: (ci.movie_id = t.id)
                                 Buffers: shared hit=27468 read=26970, temp read=4260 written=4260
                                 ->  Nested Loop  (cost=0.44..123965.00 rows=3020080 width=8) (actual time=0.160..485.638 rows=1093558 loops=1)
                                       Buffers: shared hit=1044 read=6027
                                       ->  Seq Scan on role_type rt  (cost=0.00..1.15 rows=1 width=4) (actual time=0.009..0.012 rows=1 loops=1)
                                             Filter: ((role)::text = 'editor'::text)
                                             Rows Removed by Filter: 11
                                             Buffers: shared hit=1
                                       ->  Index Scan using role_id_cast_info on cast_info ci  (cost=0.44..91017.52 rows=3294633 width=12) (actual time=0.148..315.231 rows=1093558 loops=1)
                                             Index Cond: (role_id = rt.id)
                                             Buffers: shared hit=1043 read=6027
                                 ->  Hash  (cost=484650.90..484650.90 rows=7724 width=12) (actual time=1049.141..1049.147 rows=189592 loops=1)
                                       Buckets: 262144 (originally 8192)  Batches: 2 (originally 1)  Memory Usage: 6145kB
                                       Buffers: shared hit=26424 read=20943, temp read=2021 written=2392
                                       ->  Hash Join  (cost=108605.02..484650.90 rows=7724 width=12) (actual time=713.467..1018.268 rows=189592 loops=1)
                                             Hash Cond: (mi1.movie_id = t.id)
                                             Buffers: shared hit=26424 read=20943, temp read=2021 written=2021
                                             ->  Bitmap Heap Scan on movie_info mi1  (cost=16457.02..389793.71 rows=34122 width=8) (actual time=40.963..255.102 rows=341300 loops=1)
                                                   Recheck Cond: (info_type_id = 3)
                                                   Filter: ((info)::text = ANY ('{Biography,Comedy,Game-Show,History,Horror,Musical,News,Sci-Fi,Talk-Show,Thriller}'::text[]))
                                                   Rows Removed by Filter: 1192609
                                                   Heap Blocks: exact=9772
                                                   Buffers: shared hit=10576 read=399
                                                   ->  Bitmap Index Scan on info_type_id_movie_info  (cost=0.00..16448.47 rows=1538671 width=0) (actual time=39.777..39.777 rows=1533909 loops=1)
                                                         Index Cond: (info_type_id = 3)
                                                         Buffers: shared hit=1203
                                             ->  Hash  (cost=82758.36..82758.36 rows=572291 width=4) (actual time=647.208..647.212 rows=521570 loops=1)
                                                   Buckets: 262144  Batches: 4  Memory Usage: 6649kB
                                                   Buffers: shared hit=15848 read=20544, temp written=1142
                                                   ->  Hash Join  (cost=1.11..82758.36 rows=572291 width=4) (actual time=23.751..576.955 rows=521570 loops=1)
                                                         Hash Cond: (t.kind_id = kt.id)
                                                         Buffers: shared hit=15848 read=20544
                                                         ->  Seq Scan on title t  (cost=0.00..74315.95 rows=2003019 width=8) (actual time=0.020..440.431 rows=2004612 loops=1)
                                                               Filter: ((production_year <= 2015) AND (1975 < production_year))
                                                               Rows Removed by Filter: 523700
                                                               Buffers: shared hit=15847 read=20544
                                                         ->  Hash  (cost=1.09..1.09 rows=2 width=4) (actual time=0.012..0.014 rows=2 loops=1)
                                                               Buckets: 1024  Batches: 1  Memory Usage: 9kB
                                                               Buffers: shared hit=1
                                                               ->  Seq Scan on kind_type kt  (cost=0.00..1.09 rows=2 width=4) (actual time=0.007..0.008 rows=2 loops=1)
                                                                     Filter: ((kind)::text = ANY ('{movie,"video movie"}'::text[]))
                                                                     Rows Removed by Filter: 5
                                                                     Buffers: shared hit=1
                           ->  Index Scan using name_pkey on name n  (cost=0.43..2.32 rows=1 width=4) (actual time=0.033..0.033 rows=0 loops=177997)
                                 Index Cond: (id = ci.person_id)
                                 Filter: ((gender)::text = 'm'::text)
                                 Rows Removed by Filter: 1
                                 Buffers: shared hit=670854 read=41134
                     ->  Index Scan using movie_id_movie_info on movie_info mi2  (cost=0.43..42.06 rows=1 width=8) (actual time=0.102..0.120 rows=1 loops=64287)
                           Index Cond: (movie_id = ci.movie_id)
                           Filter: (((info)::text = ANY ('{"Black and White",Color}'::text[])) AND (info_type_id = 2))
                           Rows Removed by Filter: 26
                           Buffers: shared hit=707790 read=102872
 Planning:
   Buffers: shared hit=576 read=1
 Planning Time: 14.710 ms
 Execution Time: 15777.372 ms
(77 rows)

