                                                                                            QUERY PLAN                                                                                            
--------------------------------------------------------------------------------------------------------------------------------------------------------------------------------------------------
 Aggregate  (cost=612946.58..612946.59 rows=1 width=8) (actual time=11407.628..11407.637 rows=1 loops=1)
   Buffers: shared hit=784321 read=380320, temp read=1305 written=1305
   ->  Nested Loop  (cost=95187.77..612946.44 rows=57 width=0) (actual time=533.869..11405.271 rows=12156 loops=1)
         Buffers: shared hit=784321 read=380320, temp read=1305 written=1305
         ->  Seq Scan on info_type it2  (cost=0.00..2.41 rows=1 width=4) (actual time=0.039..0.048 rows=1 loops=1)
               Filter: (id = 2)
               Rows Removed by Filter: 112
               Buffers: shared hit=1
         ->  Nested Loop  (cost=95187.77..612943.45 rows=57 width=4) (actual time=533.828..11402.882 rows=12156 loops=1)
               Buffers: shared hit=784320 read=380320, temp read=1305 written=1305
               ->  Seq Scan on info_type it1  (cost=0.00..2.41 rows=1 width=4) (actual time=0.011..0.022 rows=1 loops=1)
                     Filter: (id = 3)
                     Rows Removed by Filter: 112
                     Buffers: shared hit=1
               ->  Nested Loop  (cost=95187.77..612940.47 rows=57 width=8) (actual time=533.814..11400.442 rows=12156 loops=1)
                     Buffers: shared hit=784319 read=380320, temp read=1305 written=1305
                     ->  Hash Join  (cost=95187.34..612627.34 rows=135 width=12) (actual time=533.762..9084.659 rows=69112 loops=1)
                           Hash Cond: (ci.role_id = rt.id)
                           Buffers: shared hit=541934 read=346257, temp read=1305 written=1305
                           ->  Nested Loop  (cost=95186.18..612620.42 rows=1620 width=16) (actual time=533.602..9008.980 rows=446653 loops=1)
                                 Buffers: shared hit=541933 read=346257, temp read=1305 written=1305
                                 ->  Nested Loop  (cost=95185.74..607564.85 rows=113 width=20) (actual time=533.572..3990.651 rows=26055 loops=1)
                                       Buffers: shared hit=253017 read=121933, temp read=1305 written=1305
                                       ->  Hash Join  (cost=95185.31..469770.26 rows=3209 width=12) (actual time=533.513..1212.257 rows=32310 loops=1)
                                             Hash Cond: (mi1.movie_id = t.id)
                                             Buffers: shared hit=4305 read=43062, temp read=1305 written=1305
                                             ->  Bitmap Heap Scan on movie_info mi1  (cost=16460.55..389797.23 rows=48314 width=8) (actual time=42.931..506.939 rows=471606 loops=1)
                                                   Recheck Cond: (info_type_id = 3)
                                                   Filter: ((info)::text = ANY ('{Animation,Romance,Sci-Fi,Short}'::text[]))
                                                   Rows Removed by Filter: 1062303
                                                   Heap Blocks: exact=9772
                                                   Buffers: shared hit=4304 read=6671
                                                   ->  Bitmap Index Scan on info_type_id_movie_info  (cost=0.00..16448.47 rows=1538671 width=0) (actual time=41.713..41.713 rows=1533909 loops=1)
                                                         Index Cond: (info_type_id = 3)
                                                         Buffers: shared read=1203
                                             ->  Hash  (cost=75968.50..75968.50 rows=167941 width=4) (actual time=488.978..488.981 rows=342123 loops=1)
                                                   Buckets: 262144  Batches: 2  Memory Usage: 8082kB
                                                   Buffers: shared hit=1 read=36391, temp written=499
                                                   ->  Hash Join  (cost=1.13..75968.50 rows=167941 width=4) (actual time=0.046..429.932 rows=342123 loops=1)
                                                         Hash Cond: (t.kind_id = kt.id)
                                                         Buffers: shared hit=1 read=36391
                                                         ->  Seq Scan on title t  (cost=0.00..74315.95 rows=391862 width=8) (actual time=0.025..382.857 rows=386415 loops=1)
                                                               Filter: ((production_year <= 1997) AND (1981 < production_year))
                                                               Rows Removed by Filter: 2141897
                                                               Buffers: shared read=36391
                                                         ->  Hash  (cost=1.10..1.10 rows=3 width=4) (actual time=0.013..0.014 rows=3 loops=1)
                                                               Buckets: 1024  Batches: 1  Memory Usage: 9kB
                                                               Buffers: shared hit=1
                                                               ->  Seq Scan on kind_type kt  (cost=0.00..1.10 rows=3 width=4) (actual time=0.008..0.009 rows=3 loops=1)
                                                                     Filter: ((kind)::text = ANY ('{episode,movie,"tv movie"}'::text[]))
                                                                     Rows Removed by Filter: 4
                                                                     Buffers: shared hit=1
                                       ->  Index Scan using movie_id_movie_info on movie_info mi2  (cost=0.43..42.93 rows=1 width=8) (actual time=0.072..0.085 rows=1 loops=32310)
                                             Index Cond: (movie_id = t.id)
                                             Filter: ((info_type_id = 2) AND ((info)::text = 'Color'::text))
                                             Rows Removed by Filter: 13
                                             Buffers: shared hit=248712 read=78871
                                 ->  Index Scan using movie_id_cast_info on cast_info ci  (cost=0.44..44.36 rows=38 width=12) (actual time=0.034..0.188 rows=17 loops=26055)
                                       Index Cond: (movie_id = t.id)
                                       Buffers: shared hit=288916 read=224324
                           ->  Hash  (cost=1.15..1.15 rows=1 width=4) (actual time=0.015..0.016 rows=1 loops=1)
                                 Buckets: 1024  Batches: 1  Memory Usage: 9kB
                                 Buffers: shared hit=1
                                 ->  Seq Scan on role_type rt  (cost=0.00..1.15 rows=1 width=4) (actual time=0.009..0.010 rows=1 loops=1)
                                       Filter: ((role)::text = 'miscellaneous crew'::text)
                                       Rows Removed by Filter: 11
                                       Buffers: shared hit=1
                     ->  Index Scan using name_pkey on name n  (cost=0.43..2.32 rows=1 width=4) (actual time=0.033..0.033 rows=0 loops=69112)
                           Index Cond: (id = ci.person_id)
                           Filter: ((gender)::text = 'm'::text)
                           Rows Removed by Filter: 1
                           Buffers: shared hit=242385 read=34063
 Planning:
   Buffers: shared hit=530 read=44
 Planning Time: 13.251 ms
 Execution Time: 11408.233 ms
(76 rows)

