                                                                                                  QUERY PLAN                                                                                                  
--------------------------------------------------------------------------------------------------------------------------------------------------------------------------------------------------------------
 Aggregate  (cost=869152.53..869152.54 rows=1 width=8) (actual time=119850.050..119850.059 rows=1 loops=1)
   Buffers: shared hit=10642461 read=1768324, temp read=9966 written=9338
   ->  Nested Loop  (cost=759664.01..869151.37 rows=463 width=0) (actual time=1043.044..119820.329 rows=137868 loops=1)
         Buffers: shared hit=10642461 read=1768324, temp read=9966 written=9338
         ->  Seq Scan on info_type it2  (cost=0.00..2.41 rows=1 width=4) (actual time=0.046..0.057 rows=1 loops=1)
               Filter: (id = 2)
               Rows Removed by Filter: 112
               Buffers: shared hit=1
         ->  Nested Loop  (cost=759664.01..869144.33 rows=463 width=4) (actual time=1042.996..119788.992 rows=137868 loops=1)
               Buffers: shared hit=10642460 read=1768324, temp read=9966 written=9338
               ->  Seq Scan on info_type it1  (cost=0.00..2.41 rows=1 width=4) (actual time=0.009..0.021 rows=1 loops=1)
                     Filter: (id = 3)
                     Rows Removed by Filter: 112
                     Buffers: shared hit=1
               ->  Nested Loop  (cost=759664.01..869137.28 rows=463 width=8) (actual time=1042.985..119754.989 rows=137868 loops=1)
                     Buffers: shared hit=10642459 read=1768324, temp read=9966 written=9338
                     ->  Hash Join  (cost=759663.58..866576.54 rows=1104 width=12) (actual time=1037.293..92057.508 rows=765767 loops=1)
                           Hash Cond: (ci.role_id = rt.id)
                           Buffers: shared hit=7835197 read=1512518, temp read=9966 written=9338
                           ->  Nested Loop  (cost=759662.41..866528.32 rows=13245 width=16) (actual time=1037.199..90772.646 rows=6202394 loops=1)
                                 Buffers: shared hit=7835196 read=1512518, temp read=9966 written=9338
                                 ->  Nested Loop  (cost=759661.97..826151.65 rows=924 width=20) (actual time=1037.172..20167.021 rows=401637 loops=1)
                                       Buffers: shared hit=2083278 read=57884, temp read=9966 written=9338
                                       ->  Nested Loop  (cost=759661.83..826098.99 rows=2156 width=24) (actual time=1036.989..19772.202 rows=489091 loops=1)
                                             Join Filter: (t.id = mi1.movie_id)
                                             Buffers: shared hit=2083266 read=57884, temp read=9966 written=9338
                                             ->  Merge Join  (cost=759661.40..760693.32 rows=20015 width=16) (actual time=1036.941..1871.873 rows=528158 loops=1)
                                                   Merge Cond: (mi1.movie_id = mi2.movie_id)
                                                   Buffers: shared hit=9598 read=18920, temp read=9966 written=9338
                                                   ->  Sort  (cost=396051.57..396244.00 rows=76973 width=8) (actual time=483.024..615.016 rows=726481 loops=1)
                                                         Sort Key: mi1.movie_id
                                                         Sort Method: external sort  Disk: 15704kB
                                                         Buffers: shared hit=3974 read=7001, temp read=3918 written=3928
                                                         ->  Bitmap Heap Scan on movie_info mi1  (cost=16467.73..389804.42 rows=76973 width=8) (actual time=42.457..300.648 rows=726481 loops=1)
                                                               Recheck Cond: (info_type_id = 3)
                                                               Filter: ((info)::text = ANY ('{Adventure,Biography,Crime,Documentary,Family,Music,Reality-TV,Short,Thriller}'::text[]))
                                                               Rows Removed by Filter: 807428
                                                               Heap Blocks: exact=9772
                                                               Buffers: shared hit=3974 read=7001
                                                               ->  Bitmap Index Scan on info_type_id_movie_info  (cost=0.00..16448.47 rows=1538671 width=0) (actual time=41.260..41.260 rows=1533909 loops=1)
                                                                     Index Cond: (info_type_id = 3)
                                                                     Buffers: shared read=1203
                                                   ->  Sort  (cost=363609.83..363833.28 rows=89381 width=8) (actual time=553.908..790.504 rows=1117388 loops=1)
                                                         Sort Key: mi2.movie_id
                                                         Sort Method: external sort  Disk: 21624kB
                                                         Buffers: shared hit=5624 read=11919, temp read=5722 written=5410
                                                         ->  Bitmap Heap Scan on movie_info mi2  (cost=13878.84..356259.28 rows=89381 width=8) (actual time=31.706..310.074 rows=1000514 loops=1)
                                                               Recheck Cond: (info_type_id = 2)
                                                               Filter: ((info)::text = 'Color'::text)
                                                               Rows Removed by Filter: 288414
                                                               Heap Blocks: exact=16526
                                                               Buffers: shared hit=5624 read=11919
                                                               ->  Bitmap Index Scan on info_type_id_movie_info  (cost=0.00..13856.49 rows=1296008 width=0) (actual time=29.540..29.540 rows=1288928 loops=1)
                                                                     Index Cond: (info_type_id = 2)
                                                                     Buffers: shared hit=1 read=1016
                                             ->  Index Scan using title_pkey on title t  (cost=0.43..3.26 rows=1 width=8) (actual time=0.033..0.033 rows=1 loops=528158)
                                                   Index Cond: (id = mi2.movie_id)
                                                   Filter: ((production_year <= 2015) AND (1975 < production_year))
                                                   Rows Removed by Filter: 0
                                                   Buffers: shared hit=2073668 read=38964
                                       ->  Memoize  (cost=0.14..0.16 rows=1 width=4) (actual time=0.000..0.000 rows=1 loops=489091)
                                             Cache Key: t.kind_id
                                             Cache Mode: logical
                                             Hits: 489085  Misses: 6  Evictions: 0  Overflows: 0  Memory Usage: 1kB
                                             Buffers: shared hit=12
                                             ->  Index Scan using kind_type_pkey on kind_type kt  (cost=0.13..0.15 rows=1 width=4) (actual time=0.011..0.011 rows=0 loops=6)
                                                   Index Cond: (id = t.kind_id)
                                                   Filter: ((kind)::text = ANY ('{episode,movie,"video movie"}'::text[]))
                                                   Rows Removed by Filter: 0
                                                   Buffers: shared hit=12
                                 ->  Index Scan using movie_id_cast_info on cast_info ci  (cost=0.44..43.32 rows=38 width=12) (actual time=0.035..0.171 rows=15 loops=401637)
                                       Index Cond: (movie_id = t.id)
                                       Buffers: shared hit=5751918 read=1454634
                           ->  Hash  (cost=1.15..1.15 rows=1 width=4) (actual time=0.020..0.021 rows=1 loops=1)
                                 Buckets: 1024  Batches: 1  Memory Usage: 9kB
                                 Buffers: shared hit=1
                                 ->  Seq Scan on role_type rt  (cost=0.00..1.15 rows=1 width=4) (actual time=0.010..0.011 rows=1 loops=1)
                                       Filter: ((role)::text = 'miscellaneous crew'::text)
                                       Rows Removed by Filter: 11
                                       Buffers: shared hit=1
                     ->  Index Scan using name_pkey on name n  (cost=0.43..2.32 rows=1 width=4) (actual time=0.036..0.036 rows=0 loops=765767)
                           Index Cond: (id = ci.person_id)
                           Filter: ((gender)::text = 'm'::text)
                           Rows Removed by Filter: 1
                           Buffers: shared hit=2807262 read=255806
 Planning:
   Buffers: shared hit=531 read=46
 Planning Time: 14.243 ms
 Execution Time: 119861.315 ms
(89 rows)

