                                                                                               QUERY PLAN                                                                                               
--------------------------------------------------------------------------------------------------------------------------------------------------------------------------------------------------------
 Aggregate  (cost=919907.13..919907.14 rows=1 width=8) (actual time=129713.257..129713.268 rows=1 loops=1)
   Buffers: shared hit=10688331 read=2460772, temp read=18332 written=18332
   ->  Nested Loop  (cost=475133.66..919906.07 rows=424 width=0) (actual time=2000.682..129699.525 rows=38190 loops=1)
         Buffers: shared hit=10688331 read=2460772, temp read=18332 written=18332
         ->  Seq Scan on info_type it2  (cost=0.00..2.41 rows=1 width=4) (actual time=0.043..0.052 rows=1 loops=1)
               Filter: (id = 2)
               Rows Removed by Filter: 112
               Buffers: shared hit=1
         ->  Nested Loop  (cost=475133.66..919899.42 rows=424 width=4) (actual time=2000.637..129689.744 rows=38190 loops=1)
               Buffers: shared hit=10688330 read=2460772, temp read=18332 written=18332
               ->  Seq Scan on info_type it1  (cost=0.00..2.41 rows=1 width=4) (actual time=0.009..0.021 rows=1 loops=1)
                     Filter: (id = 3)
                     Rows Removed by Filter: 112
                     Buffers: shared hit=1
               ->  Nested Loop  (cost=475133.66..919892.77 rows=424 width=8) (actual time=2000.625..129678.905 rows=38190 loops=1)
                     Buffers: shared hit=10688329 read=2460772, temp read=18332 written=18332
                     ->  Hash Join  (cost=475133.23..915661.96 rows=1824 width=12) (actual time=1980.478..107711.367 rows=592161 loops=1)
                           Hash Cond: (ci.role_id = rt.id)
                           Buffers: shared hit=8636255 read=2144202, temp read=18332 written=18332
                           ->  Nested Loop  (cost=475132.07..915583.05 rows=21888 width=16) (actual time=1980.011..105956.463 rows=9394779 loops=1)
                                 Buffers: shared hit=8636254 read=2144202, temp read=18332 written=18332
                                 ->  Hash Join  (cost=475131.63..848856.66 rows=1527 width=20) (actual time=1979.971..3550.165 rows=545004 loops=1)
                                       Hash Cond: (mi1.movie_id = t.id)
                                       Buffers: shared hit=12707 read=52203, temp read=18332 written=18332
                                       ->  Bitmap Heap Scan on movie_info mi1  (cost=16473.37..389810.05 rows=99489 width=8) (actual time=41.854..583.858 rows=940335 loops=1)
                                             Recheck Cond: (info_type_id = 3)
                                             Filter: ((info)::text = ANY ('{Action,Biography,Comedy,Crime,Documentary,Family,Fantasy,Horror,Music,Reality-TV,Short}'::text[]))
                                             Rows Removed by Filter: 593574
                                             Heap Blocks: exact=9772
                                             Buffers: shared read=10975
                                             ->  Bitmap Index Scan on info_type_id_movie_info  (cost=0.00..16448.47 rows=1538671 width=0) (actual time=40.665..40.665 rows=1533909 loops=1)
                                                   Index Cond: (info_type_id = 3)
                                                   Buffers: shared read=1203
                                       ->  Hash  (cost=458173.12..458173.12 rows=38811 width=12) (actual time=1937.737..1937.742 rows=773388 loops=1)
                                             Buckets: 262144 (originally 65536)  Batches: 8 (originally 1)  Memory Usage: 6206kB
                                             Buffers: shared hit=12707 read=41228, temp read=10959 written=13600
                                             ->  Hash Join  (cost=110727.92..458173.12 rows=38811 width=12) (actual time=961.931..1814.121 rows=773388 loops=1)
                                                   Hash Cond: (mi2.movie_id = t.id)
                                                   Buffers: shared hit=12707 read=41228, temp read=10959 written=10959
                                                   ->  Bitmap Heap Scan on movie_info mi2  (cost=13885.07..356265.51 rows=114308 width=8) (actual time=34.250..366.434 rows=1288928 loops=1)
                                                         Recheck Cond: (info_type_id = 2)
                                                         Filter: ((info)::text = ANY ('{"Black and White",Color}'::text[]))
                                                         Heap Blocks: exact=16526
                                                         Buffers: shared hit=2 read=17541
                                                         ->  Bitmap Index Scan on info_type_id_movie_info  (cost=0.00..13856.49 rows=1296008 width=0) (actual time=32.054..32.054 rows=1288928 loops=1)
                                                               Index Cond: (info_type_id = 2)
                                                               Buffers: shared hit=1 read=1016
                                                   ->  Hash  (cost=82758.38..82758.38 rows=858437 width=4) (actual time=926.543..926.546 rows=1830466 loops=1)
                                                         Buckets: 262144 (originally 262144)  Batches: 16 (originally 8)  Memory Usage: 6145kB
                                                         Buffers: shared hit=12705 read=23687, temp written=5019
                                                         ->  Hash Join  (cost=1.13..82758.38 rows=858437 width=4) (actual time=0.052..682.772 rows=1830466 loops=1)
                                                               Hash Cond: (t.kind_id = kt.id)
                                                               Buffers: shared hit=12705 read=23687
                                                               ->  Seq Scan on title t  (cost=0.00..74315.95 rows=2003019 width=8) (actual time=0.025..456.833 rows=2004612 loops=1)
                                                                     Filter: ((production_year <= 2015) AND (1975 < production_year))
                                                                     Rows Removed by Filter: 523700
                                                                     Buffers: shared hit=12704 read=23687
                                                               ->  Hash  (cost=1.10..1.10 rows=3 width=4) (actual time=0.014..0.015 rows=3 loops=1)
                                                                     Buckets: 1024  Batches: 1  Memory Usage: 9kB
                                                                     Buffers: shared hit=1
                                                                     ->  Seq Scan on kind_type kt  (cost=0.00..1.10 rows=3 width=4) (actual time=0.008..0.009 rows=3 loops=1)
                                                                           Filter: ((kind)::text = ANY ('{episode,movie,"video movie"}'::text[]))
                                                                           Rows Removed by Filter: 4
                                                                           Buffers: shared hit=1
                                 ->  Index Scan using movie_id_cast_info on cast_info ci  (cost=0.44..43.32 rows=38 width=12) (actual time=0.035..0.183 rows=17 loops=545004)
                                       Index Cond: (movie_id = t.id)
                                       Buffers: shared hit=8623547 read=2091999
                           ->  Hash  (cost=1.15..1.15 rows=1 width=4) (actual time=0.020..0.021 rows=1 loops=1)
                                 Buckets: 1024  Batches: 1  Memory Usage: 9kB
                                 Buffers: shared hit=1
                                 ->  Seq Scan on role_type rt  (cost=0.00..1.15 rows=1 width=4) (actual time=0.011..0.012 rows=1 loops=1)
                                       Filter: ((role)::text = 'director'::text)
                                       Rows Removed by Filter: 11
                                       Buffers: shared hit=1
                     ->  Index Scan using name_pkey on name n  (cost=0.43..2.32 rows=1 width=4) (actual time=0.037..0.037 rows=0 loops=592161)
                           Index Cond: (id = ci.person_id)
                           Filter: ((gender)::text = 'f'::text)
                           Rows Removed by Filter: 1
                           Buffers: shared hit=2052074 read=316570
 Planning:
   Buffers: shared hit=488 read=89
 Planning Time: 14.134 ms
 Execution Time: 129714.112 ms
(83 rows)

