                                                                                            QUERY PLAN                                                                                            
--------------------------------------------------------------------------------------------------------------------------------------------------------------------------------------------------
 Aggregate  (cost=821503.88..821503.89 rows=1 width=8) (actual time=2189.993..2190.000 rows=1 loops=1)
   Buffers: shared hit=116877 read=55881, temp read=1487 written=1487
   ->  Nested Loop  (cost=495242.02..821503.47 rows=166 width=0) (actual time=969.949..2189.859 rows=675 loops=1)
         Buffers: shared hit=116877 read=55881, temp read=1487 written=1487
         ->  Seq Scan on info_type it2  (cost=0.00..2.41 rows=1 width=4) (actual time=0.044..0.050 rows=1 loops=1)
               Filter: (id = 2)
               Rows Removed by Filter: 112
               Buffers: shared hit=1
         ->  Nested Loop  (cost=495242.02..821499.39 rows=166 width=4) (actual time=969.903..2189.712 rows=675 loops=1)
               Buffers: shared hit=116876 read=55881, temp read=1487 written=1487
               ->  Seq Scan on info_type it1  (cost=0.00..2.41 rows=1 width=4) (actual time=0.013..0.019 rows=1 loops=1)
                     Filter: (id = 3)
                     Rows Removed by Filter: 112
                     Buffers: shared hit=1
               ->  Nested Loop  (cost=495242.02..821495.32 rows=166 width=8) (actual time=969.889..2189.582 rows=675 loops=1)
                     Join Filter: (t.id = mi2.movie_id)
                     Buffers: shared hit=116875 read=55881, temp read=1487 written=1487
                     ->  Nested Loop  (cost=495241.59..667288.51 rows=3665 width=16) (actual time=969.823..2118.563 rows=653 loops=1)
                           Buffers: shared hit=111950 read=52808, temp read=1487 written=1487
                           ->  Hash Join  (cost=495241.16..630688.80 rows=15779 width=20) (actual time=969.125..1421.688 rows=27580 loops=1)
                                 Hash Cond: (ci.movie_id = t.id)
                                 Buffers: shared hit=7555 read=46883, temp read=1487 written=1487
                                 ->  Nested Loop  (cost=0.44..123965.00 rows=3020080 width=8) (actual time=0.105..310.762 rows=1093558 loops=1)
                                       Buffers: shared hit=2677 read=4394
                                       ->  Seq Scan on role_type rt  (cost=0.00..1.15 rows=1 width=4) (actual time=0.009..0.011 rows=1 loops=1)
                                             Filter: ((role)::text = 'editor'::text)
                                             Rows Removed by Filter: 11
                                             Buffers: shared hit=1
                                       ->  Index Scan using role_id_cast_info on cast_info ci  (cost=0.44..91017.52 rows=3294633 width=12) (actual time=0.094..206.737 rows=1093558 loops=1)
                                             Index Cond: (role_id = rt.id)
                                             Buffers: shared hit=2676 read=4394
                                 ->  Hash  (cost=495075.59..495075.59 rows=13210 width=12) (actual time=968.824..968.828 rows=60179 loops=1)
                                       Buckets: 65536 (originally 16384)  Batches: 1 (originally 1)  Memory Usage: 3098kB
                                       Buffers: shared hit=4878 read=42489, temp read=1487 written=1487
                                       ->  Hash Join  (cost=117276.80..495075.59 rows=13210 width=12) (actual time=643.772..959.152 rows=60179 loops=1)
                                             Hash Cond: (mi1.movie_id = t.id)
                                             Buffers: shared hit=4878 read=42489, temp read=1487 written=1487
                                             ->  Bitmap Heap Scan on movie_info mi1  (cost=16456.76..389793.44 rows=33069 width=8) (actual time=42.076..274.317 rows=320371 loops=1)
                                                   Recheck Cond: (info_type_id = 3)
                                                   Filter: ((info)::text = ANY ('{Action,Animation,Crime,Game-Show,History,Horror,Music,Romance,Thriller,War,Western}'::text[]))
                                                   Rows Removed by Filter: 1213538
                                                   Heap Blocks: exact=9772
                                                   Buffers: shared hit=3651 read=7324
                                                   ->  Bitmap Index Scan on info_type_id_movie_info  (cost=0.00..16448.47 rows=1538671 width=0) (actual time=40.868..40.868 rows=1533909 loops=1)
                                                         Index Cond: (info_type_id = 3)
                                                         Buffers: shared read=1203
                                             ->  Hash  (cost=84248.88..84248.88 rows=1010013 width=4) (actual time=600.549..600.551 rows=203545 loops=1)
                                                   Buckets: 262144  Batches: 8  Memory Usage: 2942kB
                                                   Buffers: shared hit=1227 read=35165, temp written=519
                                                   ->  Hash Join  (cost=1.13..84248.88 rows=1010013 width=4) (actual time=0.065..571.019 rows=203545 loops=1)
                                                         Hash Cond: (t.kind_id = kt.id)
                                                         Buffers: shared hit=1227 read=35165
                                                         ->  Seq Scan on title t  (cost=0.00..74315.95 rows=2356696 width=8) (actual time=0.039..429.995 rows=2352201 loops=1)
                                                               Filter: ((production_year <= 2015) AND (1925 < production_year))
                                                               Rows Removed by Filter: 176111
                                                               Buffers: shared hit=1226 read=35165
                                                         ->  Hash  (cost=1.10..1.10 rows=3 width=4) (actual time=0.014..0.015 rows=3 loops=1)
                                                               Buckets: 1024  Batches: 1  Memory Usage: 9kB
                                                               Buffers: shared hit=1
                                                               ->  Seq Scan on kind_type kt  (cost=0.00..1.10 rows=3 width=4) (actual time=0.007..0.008 rows=3 loops=1)
                                                                     Filter: ((kind)::text = ANY ('{"tv movie","tv series","video game"}'::text[]))
                                                                     Rows Removed by Filter: 4
                                                                     Buffers: shared hit=1
                           ->  Index Scan using name_pkey on name n  (cost=0.43..2.32 rows=1 width=4) (actual time=0.025..0.025 rows=0 loops=27580)
                                 Index Cond: (id = ci.person_id)
                                 Filter: ((gender)::text = 'f'::text)
                                 Rows Removed by Filter: 1
                                 Buffers: shared hit=104395 read=5925
                     ->  Index Scan using movie_id_movie_info on movie_info mi2  (cost=0.43..42.06 rows=1 width=8) (actual time=0.091..0.108 rows=1 loops=653)
                           Index Cond: (movie_id = ci.movie_id)
                           Filter: (((info)::text = ANY ('{"Black and White",Color}'::text[])) AND (info_type_id = 2))
                           Rows Removed by Filter: 16
                           Buffers: shared hit=4925 read=3073
 Planning:
   Buffers: shared hit=507 read=70
 Planning Time: 13.956 ms
 Execution Time: 2190.588 ms
(77 rows)

