                                                                                            QUERY PLAN                                                                                            
--------------------------------------------------------------------------------------------------------------------------------------------------------------------------------------------------
 Aggregate  (cost=409922.29..409922.30 rows=1 width=8) (actual time=8184.772..8184.780 rows=1 loops=1)
   Buffers: shared hit=755456 read=90213
   ->  Nested Loop  (cost=62389.43..409922.29 rows=1 width=0) (actual time=918.875..8184.748 rows=19 loops=1)
         Buffers: shared hit=755456 read=90213
         ->  Hash Join  (cost=62389.00..409917.65 rows=2 width=4) (actual time=372.250..8168.573 rows=362 loops=1)
               Hash Cond: (ci.role_id = rt.id)
               Buffers: shared hit=754285 read=89936
               ->  Nested Loop  (cost=62387.83..409916.42 rows=14 width=8) (actual time=359.784..8158.692 rows=54314 loops=1)
                     Buffers: shared hit=754284 read=89936
                     ->  Nested Loop  (cost=62387.39..409866.29 rows=1 width=12) (actual time=359.758..7420.860 rows=5870 loops=1)
                           Buffers: shared hit=697419 read=75742
                           ->  Nested Loop  (cost=62387.39..409863.87 rows=1 width=16) (actual time=359.753..7287.814 rows=5870 loops=1)
                                 Buffers: shared hit=691549 read=75742
                                 ->  Nested Loop  (cost=62387.39..409861.44 rows=1 width=20) (actual time=359.736..7153.942 rows=5870 loops=1)
                                       Buffers: shared hit=685679 read=75742
                                       ->  Hash Join  (cost=62386.95..404861.94 rows=107 width=12) (actual time=359.444..730.386 rows=74634 loops=1)
                                             Hash Cond: (mi2.movie_id = t.id)
                                             Buffers: shared hit=10768 read=20162
                                             ->  Bitmap Heap Scan on movie_info mi2  (cost=13862.73..356243.17 rows=24927 width=8) (actual time=41.431..435.389 rows=288414 loops=1)
                                                   Recheck Cond: (info_type_id = 2)
                                                   Filter: ((info)::text = 'Black and White'::text)
                                                   Rows Removed by Filter: 1000514
                                                   Heap Blocks: exact=16526
                                                   Buffers: shared hit=1567 read=15976
                                                   ->  Bitmap Index Scan on info_type_id_movie_info  (cost=0.00..13856.49 rows=1296008 width=0) (actual time=37.211..37.212 rows=1288928 loops=1)
                                                         Index Cond: (info_type_id = 2)
                                                         Buffers: shared read=1017
                                             ->  Hash  (cost=48388.79..48388.79 rows=10835 width=4) (actual time=180.024..180.027 rows=74873 loops=1)
                                                   Buckets: 131072 (originally 16384)  Batches: 1 (originally 1)  Memory Usage: 3657kB
                                                   Buffers: shared hit=9201 read=4186
                                                   ->  Nested Loop  (cost=4496.00..48388.79 rows=10835 width=4) (actual time=19.162..169.061 rows=74873 loops=1)
                                                         Buffers: shared hit=9201 read=4186
                                                         ->  Seq Scan on kind_type kt  (cost=0.00..1.09 rows=1 width=4) (actual time=0.007..0.010 rows=1 loops=1)
                                                               Filter: ((kind)::text = 'movie'::text)
                                                               Rows Removed by Filter: 6
                                                               Buffers: shared hit=1
                                                         ->  Bitmap Heap Scan on title t  (cost=4496.00..48261.29 rows=12641 width=8) (actual time=19.150..164.459 rows=74873 loops=1)
                                                               Recheck Cond: (kind_id = kt.id)
                                                               Filter: ((production_year <= 1925) AND (1910 < production_year))
                                                               Rows Removed by Filter: 587952
                                                               Heap Blocks: exact=12865
                                                               Buffers: shared hit=9200 read=4186
                                                               ->  Bitmap Index Scan on kind_id_title  (cost=0.00..4492.84 rows=421388 width=0) (actual time=16.965..16.965 rows=662825 loops=1)
                                                                     Index Cond: (kind_id = kt.id)
                                                                     Buffers: shared read=521
                                       ->  Index Scan using movie_id_movie_info on movie_info mi1  (cost=0.43..46.71 rows=1 width=8) (actual time=0.086..0.086 rows=0 loops=74634)
                                             Index Cond: (movie_id = t.id)
                                             Filter: ((info_type_id = 3) AND ((info)::text = ANY ('{Crime,Mystery,Romance,Thriller,War}'::text[])))
                                             Rows Removed by Filter: 11
                                             Buffers: shared hit=674911 read=55580
                                 ->  Seq Scan on info_type it1  (cost=0.00..2.41 rows=1 width=4) (actual time=0.011..0.020 rows=1 loops=5870)
                                       Filter: (id = 3)
                                       Rows Removed by Filter: 112
                                       Buffers: shared hit=5870
                           ->  Seq Scan on info_type it2  (cost=0.00..2.41 rows=1 width=4) (actual time=0.011..0.021 rows=1 loops=5870)
                                 Filter: (id = 2)
                                 Rows Removed by Filter: 112
                                 Buffers: shared hit=5870
                     ->  Index Scan using movie_id_cast_info on cast_info ci  (cost=0.44..49.76 rows=38 width=12) (actual time=0.039..0.122 rows=9 loops=5870)
                           Index Cond: (movie_id = t.id)
                           Buffers: shared hit=56865 read=14194
               ->  Hash  (cost=1.15..1.15 rows=2 width=4) (actual time=0.037..0.038 rows=2 loops=1)
                     Buckets: 1024  Batches: 1  Memory Usage: 9kB
                     Buffers: shared hit=1
                     ->  Seq Scan on role_type rt  (cost=0.00..1.15 rows=2 width=4) (actual time=0.026..0.027 rows=2 loops=1)
                           Filter: ((role)::text = ANY ('{editor,"production designer"}'::text[]))
                           Rows Removed by Filter: 10
                           Buffers: shared hit=1
         ->  Index Scan using name_pkey on name n  (cost=0.43..2.32 rows=1 width=4) (actual time=0.044..0.044 rows=0 loops=362)
               Index Cond: (id = ci.person_id)
               Filter: ((gender)::text = 'f'::text)
               Rows Removed by Filter: 1
               Buffers: shared hit=1171 read=277
 Planning:
   Buffers: shared hit=529 read=45
 Planning Time: 14.473 ms
 Execution Time: 8185.608 ms
(77 rows)

