                                                                                            QUERY PLAN                                                                                            
--------------------------------------------------------------------------------------------------------------------------------------------------------------------------------------------------
 Aggregate  (cost=639534.47..639534.48 rows=1 width=8) (actual time=10912.251..10912.262 rows=1 loops=1)
   Buffers: shared hit=897037 read=225371, temp read=844 written=844
   ->  Nested Loop  (cost=95187.45..639534.19 rows=110 width=0) (actual time=455.346..10896.292 rows=115150 loops=1)
         Buffers: shared hit=897037 read=225371, temp read=844 written=844
         ->  Hash Join  (cost=95187.02..638924.16 rows=263 width=4) (actual time=455.311..7021.434 rows=118388 loops=1)
               Hash Cond: (ci.role_id = rt.id)
               Buffers: shared hit=453862 read=194994, temp read=844 written=844
               ->  Nested Loop  (cost=95185.85..638917.39 rows=1577 width=8) (actual time=455.056..6948.853 rows=317055 loops=1)
                     Buffers: shared hit=453861 read=194994, temp read=844 written=844
                     ->  Nested Loop  (cost=95185.41..633996.03 rows=110 width=12) (actual time=454.959..3313.624 rows=22367 loops=1)
                           Buffers: shared hit=192188 read=83069, temp read=844 written=844
                           ->  Seq Scan on info_type it2  (cost=0.00..2.41 rows=1 width=4) (actual time=0.031..0.044 rows=1 loops=1)
                                 Filter: (id = 2)
                                 Rows Removed by Filter: 112
                                 Buffers: shared hit=1
                           ->  Nested Loop  (cost=95185.41..633992.52 rows=110 width=16) (actual time=454.926..3308.695 rows=22367 loops=1)
                                 Buffers: shared hit=192187 read=83069, temp read=844 written=844
                                 ->  Seq Scan on info_type it1  (cost=0.00..2.41 rows=1 width=4) (actual time=0.010..0.028 rows=1 loops=1)
                                       Filter: (id = 3)
                                       Rows Removed by Filter: 112
                                       Buffers: shared hit=1
                                 ->  Nested Loop  (cost=95185.41..633989.01 rows=110 width=20) (actual time=454.911..3303.549 rows=22367 loops=1)
                                       Buffers: shared hit=192186 read=83069, temp read=844 written=844
                                       ->  Hash Join  (cost=95184.97..499973.14 rows=3121 width=12) (actual time=454.874..1225.004 rows=23718 loops=1)
                                             Hash Cond: (mi1.movie_id = t.id)
                                             Buffers: shared hit=16416 read=30951, temp read=844 written=844
                                             ->  Bitmap Heap Scan on movie_info mi1  (cost=16460.21..420015.99 rows=46981 width=8) (actual time=41.718..638.513 rows=455349 loops=1)
                                                   Recheck Cond: (info_type_id = 3)
                                                   Filter: ((info)::text = ANY ('{Action,Adult,Adventure,Animation,Crime,Drama}'::text[]))
                                                   Rows Removed by Filter: 1078560
                                                   Heap Blocks: exact=9772
                                                   Buffers: shared hit=6022 read=4953
                                                   ->  Bitmap Index Scan on info_type_id_movie_info  (cost=0.00..16448.47 rows=1538671 width=0) (actual time=40.526..40.526 rows=1533909 loops=1)
                                                         Index Cond: (info_type_id = 3)
                                                         Buffers: shared hit=1 read=1202
                                             ->  Hash  (cost=75968.50..75968.50 rows=167941 width=4) (actual time=411.997..412.001 rows=44292 loops=1)
                                                   Buckets: 262144  Batches: 2  Memory Usage: 2832kB
                                                   Buffers: shared hit=10394 read=25998, temp written=64
                                                   ->  Hash Join  (cost=1.13..75968.50 rows=167941 width=4) (actual time=0.057..403.199 rows=44292 loops=1)
                                                         Hash Cond: (t.kind_id = kt.id)
                                                         Buffers: shared hit=10394 read=25998
                                                         ->  Seq Scan on title t  (cost=0.00..74315.95 rows=391862 width=8) (actual time=0.024..376.594 rows=386415 loops=1)
                                                               Filter: ((production_year <= 1997) AND (1981 < production_year))
                                                               Rows Removed by Filter: 2141897
                                                               Buffers: shared hit=10393 read=25998
                                                         ->  Hash  (cost=1.10..1.10 rows=3 width=4) (actual time=0.012..0.013 rows=3 loops=1)
                                                               Buckets: 1024  Batches: 1  Memory Usage: 9kB
                                                               Buffers: shared hit=1
                                                               ->  Seq Scan on kind_type kt  (cost=0.00..1.10 rows=3 width=4) (actual time=0.007..0.008 rows=3 loops=1)
                                                                     Filter: ((kind)::text = ANY ('{"tv series","video game","video movie"}'::text[]))
                                                                     Rows Removed by Filter: 4
                                                                     Buffers: shared hit=1
                                       ->  Index Scan using movie_id_movie_info on movie_info mi2  (cost=0.43..42.93 rows=1 width=8) (actual time=0.070..0.087 rows=1 loops=23718)
                                             Index Cond: (movie_id = t.id)
                                             Filter: ((info_type_id = 2) AND ((info)::text = 'Color'::text))
                                             Rows Removed by Filter: 10
                                             Buffers: shared hit=175770 read=52118
                     ->  Index Scan using movie_id_cast_info on cast_info ci  (cost=0.44..44.36 rows=38 width=12) (actual time=0.033..0.159 rows=14 loops=22367)
                           Index Cond: (movie_id = t.id)
                           Buffers: shared hit=261673 read=111925
               ->  Hash  (cost=1.15..1.15 rows=2 width=4) (actual time=0.041..0.042 rows=2 loops=1)
                     Buckets: 1024  Batches: 1  Memory Usage: 9kB
                     Buffers: shared hit=1
                     ->  Seq Scan on role_type rt  (cost=0.00..1.15 rows=2 width=4) (actual time=0.031..0.034 rows=2 loops=1)
                           Filter: ((role)::text = ANY ('{actor,cinematographer}'::text[]))
                           Rows Removed by Filter: 10
                           Buffers: shared hit=1
         ->  Index Scan using name_pkey on name n  (cost=0.43..2.32 rows=1 width=4) (actual time=0.032..0.032 rows=1 loops=118388)
               Index Cond: (id = ci.person_id)
               Filter: ((gender)::text = 'm'::text)
               Rows Removed by Filter: 0
               Buffers: shared hit=443175 read=30377
 Planning:
   Buffers: shared hit=574
 Planning Time: 12.862 ms
 Execution Time: 10913.041 ms
(76 rows)

