                                                                                            QUERY PLAN                                                                                            
--------------------------------------------------------------------------------------------------------------------------------------------------------------------------------------------------
 Aggregate  (cost=541672.03..541672.04 rows=1 width=8) (actual time=17865.162..17865.172 rows=1 loops=1)
   Buffers: shared hit=1452300 read=369843, temp read=1676 written=1676
   ->  Nested Loop  (cost=95632.47..541671.98 rows=21 width=0) (actual time=567.358..17829.833 rows=234693 loops=1)
         Buffers: shared hit=1452300 read=369843, temp read=1676 written=1676
         ->  Seq Scan on info_type it2  (cost=0.00..2.41 rows=1 width=4) (actual time=0.043..0.054 rows=1 loops=1)
               Filter: (id = 2)
               Rows Removed by Filter: 112
               Buffers: shared hit=1
         ->  Nested Loop  (cost=95632.47..541669.36 rows=21 width=4) (actual time=567.313..17789.223 rows=234693 loops=1)
               Buffers: shared hit=1452299 read=369843, temp read=1676 written=1676
               ->  Seq Scan on info_type it1  (cost=0.00..2.41 rows=1 width=4) (actual time=0.009..0.021 rows=1 loops=1)
                     Filter: (id = 3)
                     Rows Removed by Filter: 112
                     Buffers: shared hit=1
               ->  Nested Loop  (cost=95632.47..541666.73 rows=21 width=8) (actual time=567.301..17746.949 rows=234693 loops=1)
                     Buffers: shared hit=1452298 read=369843, temp read=1676 written=1676
                     ->  Hash Join  (cost=95632.04..541550.76 rows=50 width=12) (actual time=567.270..9970.053 rows=234693 loops=1)
                           Hash Cond: (ci.role_id = rt.id)
                           Buffers: shared hit=553249 read=330120, temp read=1676 written=1676
                           ->  Nested Loop  (cost=95630.88..541547.46 rows=602 width=16) (actual time=567.225..9828.861 rows=540849 loops=1)
                                 Buffers: shared hit=553248 read=330120, temp read=1676 written=1676
                                 ->  Nested Loop  (cost=95630.44..539683.75 rows=42 width=20) (actual time=567.197..3989.512 rows=18299 loops=1)
                                       Buffers: shared hit=147318 read=153010, temp read=1676 written=1676
                                       ->  Hash Join  (cost=95630.01..499979.59 rows=930 width=12) (actual time=567.157..1253.369 rows=18488 loops=1)
                                             Hash Cond: (mi1.movie_id = t.id)
                                             Buffers: shared hit=3127 read=44240, temp read=1676 written=1676
                                             ->  Bitmap Heap Scan on movie_info mi1  (cost=16452.23..420008.01 rows=15067 width=8) (actual time=43.221..603.351 rows=151627 loops=1)
                                                   Recheck Cond: (info_type_id = 3)
                                                   Filter: ((info)::text = ANY ('{Family,Game-Show,Horror,Mystery,Sport,Thriller}'::text[]))
                                                   Rows Removed by Filter: 1382282
                                                   Heap Blocks: exact=9772
                                                   Buffers: shared hit=19 read=10956
                                                   ->  Bitmap Index Scan on info_type_id_movie_info  (cost=0.00..16448.47 rows=1538671 width=0) (actual time=42.029..42.030 rows=1533909 loops=1)
                                                         Index Cond: (info_type_id = 3)
                                                         Buffers: shared read=1203
                                             ->  Hash  (cost=76617.91..76617.91 rows=155989 width=4) (actual time=522.758..522.761 rows=468350 loops=1)
                                                   Buckets: 262144 (originally 262144)  Batches: 4 (originally 2)  Memory Usage: 6167kB
                                                   Buffers: shared hit=3108 read=33284, temp written=1027
                                                   ->  Hash Join  (cost=1.11..76617.91 rows=155989 width=4) (actual time=0.047..445.185 rows=468350 loops=1)
                                                         Hash Cond: (t.kind_id = kt.id)
                                                         Buffers: shared hit=3108 read=33284
                                                         ->  Seq Scan on title t  (cost=0.00..74315.95 rows=545963 width=8) (actual time=0.024..385.487 rows=538239 loops=1)
                                                               Filter: ((production_year <= 1990) AND (1950 < production_year))
                                                               Rows Removed by Filter: 1990073
                                                               Buffers: shared hit=3107 read=33284
                                                         ->  Hash  (cost=1.09..1.09 rows=2 width=4) (actual time=0.013..0.014 rows=2 loops=1)
                                                               Buckets: 1024  Batches: 1  Memory Usage: 9kB
                                                               Buffers: shared hit=1
                                                               ->  Seq Scan on kind_type kt  (cost=0.00..1.09 rows=2 width=4) (actual time=0.007..0.009 rows=2 loops=1)
                                                                     Filter: ((kind)::text = ANY ('{episode,movie}'::text[]))
                                                                     Rows Removed by Filter: 5
                                                                     Buffers: shared hit=1
                                       ->  Index Scan using movie_id_movie_info on movie_info mi2  (cost=0.43..42.68 rows=1 width=8) (actual time=0.126..0.147 rows=1 loops=18488)
                                             Index Cond: (movie_id = t.id)
                                             Filter: (((info)::text = ANY ('{"Black and White",Color}'::text[])) AND (info_type_id = 2))
                                             Rows Removed by Filter: 28
                                             Buffers: shared hit=144191 read=108770
                                 ->  Index Scan using movie_id_cast_info on cast_info ci  (cost=0.44..43.99 rows=38 width=12) (actual time=0.037..0.311 rows=30 loops=18299)
                                       Index Cond: (movie_id = t.id)
                                       Buffers: shared hit=405930 read=177110
                           ->  Hash  (cost=1.15..1.15 rows=1 width=4) (actual time=0.016..0.017 rows=1 loops=1)
                                 Buckets: 1024  Batches: 1  Memory Usage: 9kB
                                 Buffers: shared hit=1
                                 ->  Seq Scan on role_type rt  (cost=0.00..1.15 rows=1 width=4) (actual time=0.008..0.011 rows=1 loops=1)
                                       Filter: ((role)::text = 'actor'::text)
                                       Rows Removed by Filter: 11
                                       Buffers: shared hit=1
                     ->  Index Scan using name_pkey on name n  (cost=0.43..2.32 rows=1 width=4) (actual time=0.033..0.033 rows=1 loops=234693)
                           Index Cond: (id = ci.person_id)
                           Filter: ((gender)::text = 'm'::text)
                           Buffers: shared hit=899049 read=39723
 Planning:
   Buffers: shared hit=485 read=89
 Planning Time: 14.166 ms
 Execution Time: 17865.764 ms
(75 rows)

