                                                                                               QUERY PLAN                                                                                               
--------------------------------------------------------------------------------------------------------------------------------------------------------------------------------------------------------
 Aggregate  (cost=486021.10..486021.11 rows=1 width=8) (actual time=4172.519..4172.527 rows=1 loops=1)
   Buffers: shared hit=390899 read=41889
   ->  Nested Loop  (cost=16455.60..486021.08 rows=10 width=0) (actual time=73.174..4172.519 rows=3 loops=1)
         Buffers: shared hit=390899 read=41889
         ->  Seq Scan on info_type it2  (cost=0.00..2.41 rows=1 width=4) (actual time=0.035..0.043 rows=1 loops=1)
               Filter: (id = 2)
               Rows Removed by Filter: 112
               Buffers: shared hit=1
         ->  Nested Loop  (cost=16455.60..486018.57 rows=10 width=4) (actual time=73.137..4172.472 rows=3 loops=1)
               Buffers: shared hit=390898 read=41889
               ->  Seq Scan on info_type it1  (cost=0.00..2.41 rows=1 width=4) (actual time=0.007..0.016 rows=1 loops=1)
                     Filter: (id = 3)
                     Rows Removed by Filter: 112
                     Buffers: shared hit=1
               ->  Nested Loop  (cost=16455.60..486016.05 rows=10 width=8) (actual time=73.128..4172.452 rows=3 loops=1)
                     Buffers: shared hit=390897 read=41889
                     ->  Hash Join  (cost=16455.17..485960.39 rows=24 width=12) (actual time=64.806..4171.669 rows=35 loops=1)
                           Hash Cond: (ci.role_id = rt.id)
                           Buffers: shared hit=390799 read=41847
                           ->  Nested Loop  (cost=16454.01..485958.20 rows=287 width=16) (actual time=42.376..4170.942 rows=5924 loops=1)
                                 Buffers: shared hit=390798 read=41847
                                 ->  Nested Loop  (cost=16453.57..485041.80 rows=20 width=20) (actual time=41.639..4090.424 rows=679 loops=1)
                                       Buffers: shared hit=386080 read=38854
                                       ->  Hash Join  (cost=16453.13..465477.13 rows=448 width=12) (actual time=41.586..4018.575 rows=661 loops=1)
                                             Hash Cond: (t.kind_id = kt.id)
                                             Buffers: shared hit=382660 read=34628
                                             ->  Nested Loop  (cost=16452.00..465471.60 rows=1045 width=16) (actual time=41.553..4016.344 rows=8805 loops=1)
                                                   Buffers: shared hit=382659 read=34628
                                                   ->  Bitmap Heap Scan on movie_info mi1  (cost=16451.56..389788.24 rows=12361 width=8) (actual time=41.097..651.446 rows=112755 loops=1)
                                                         Recheck Cond: (info_type_id = 3)
                                                         Filter: ((info)::text = ANY ('{Crime,Fantasy,Thriller,War}'::text[]))
                                                         Rows Removed by Filter: 1421154
                                                         Heap Blocks: exact=9772
                                                         Buffers: shared hit=2117 read=8858
                                                         ->  Bitmap Index Scan on info_type_id_movie_info  (cost=0.00..16448.47 rows=1538671 width=0) (actual time=39.887..39.887 rows=1533909 loops=1)
                                                               Index Cond: (info_type_id = 3)
                                                               Buffers: shared read=1203
                                                   ->  Memoize  (cost=0.44..6.21 rows=1 width=8) (actual time=0.030..0.030 rows=0 loops=112755)
                                                         Cache Key: mi1.movie_id
                                                         Cache Mode: logical
                                                         Hits: 11177  Misses: 101578  Evictions: 0  Overflows: 0  Memory Usage: 7064kB
                                                         Buffers: shared hit=380542 read=25770
                                                         ->  Index Scan using title_pkey on title t  (cost=0.43..6.20 rows=1 width=8) (actual time=0.032..0.032 rows=0 loops=101578)
                                                               Index Cond: (id = mi1.movie_id)
                                                               Filter: ((production_year <= 1970) AND (1950 < production_year))
                                                               Rows Removed by Filter: 1
                                                               Buffers: shared hit=380542 read=25770
                                             ->  Hash  (cost=1.10..1.10 rows=3 width=4) (actual time=0.013..0.014 rows=3 loops=1)
                                                   Buckets: 1024  Batches: 1  Memory Usage: 9kB
                                                   Buffers: shared hit=1
                                                   ->  Seq Scan on kind_type kt  (cost=0.00..1.10 rows=3 width=4) (actual time=0.007..0.008 rows=3 loops=1)
                                                         Filter: ((kind)::text = ANY ('{"tv series","video game","video movie"}'::text[]))
                                                         Rows Removed by Filter: 4
                                                         Buffers: shared hit=1
                                       ->  Index Scan using movie_id_movie_info on movie_info mi2  (cost=0.43..43.66 rows=1 width=8) (actual time=0.085..0.108 rows=1 loops=661)
                                             Index Cond: (movie_id = t.id)
                                             Filter: (((info)::text = ANY ('{"Black and White",Color}'::text[])) AND (info_type_id = 2))
                                             Rows Removed by Filter: 18
                                             Buffers: shared hit=3420 read=4226
                                 ->  Index Scan using movie_id_cast_info on cast_info ci  (cost=0.44..45.44 rows=38 width=12) (actual time=0.027..0.117 rows=9 loops=679)
                                       Index Cond: (movie_id = t.id)
                                       Buffers: shared hit=4718 read=2993
                           ->  Hash  (cost=1.15..1.15 rows=1 width=4) (actual time=0.013..0.014 rows=1 loops=1)
                                 Buckets: 1024  Batches: 1  Memory Usage: 9kB
                                 Buffers: shared hit=1
                                 ->  Seq Scan on role_type rt  (cost=0.00..1.15 rows=1 width=4) (actual time=0.007..0.009 rows=1 loops=1)
                                       Filter: ((role)::text = 'costume designer'::text)
                                       Rows Removed by Filter: 11
                                       Buffers: shared hit=1
                     ->  Index Scan using name_pkey on name n  (cost=0.43..2.32 rows=1 width=4) (actual time=0.022..0.022 rows=0 loops=35)
                           Index Cond: (id = ci.person_id)
                           Filter: ((gender)::text = 'm'::text)
                           Rows Removed by Filter: 1
                           Buffers: shared hit=98 read=42
 Planning:
   Buffers: shared hit=483 read=91
 Planning Time: 13.047 ms
 Execution Time: 4174.698 ms
(78 rows)

