                                                                                            QUERY PLAN                                                                                            
--------------------------------------------------------------------------------------------------------------------------------------------------------------------------------------------------
 Aggregate  (cost=411669.74..411669.75 rows=1 width=8) (actual time=10856.570..10856.579 rows=1 loops=1)
   Buffers: shared hit=1026348 read=91858
   ->  Nested Loop  (cost=62486.32..411669.74 rows=1 width=0) (actual time=355.884..10855.428 rows=2944 loops=1)
         Buffers: shared hit=1026348 read=91858
         ->  Hash Join  (cost=62485.89..411667.42 rows=1 width=4) (actual time=355.860..10714.696 rows=3702 loops=1)
               Hash Cond: (ci.role_id = rt.id)
               Buffers: shared hit=1012195 read=91203
               ->  Nested Loop  (cost=62484.73..411666.21 rows=14 width=8) (actual time=355.713..10705.867 rows=37818 loops=1)
                     Buffers: shared hit=1012194 read=91203
                     ->  Nested Loop  (cost=62484.29..411617.86 rows=1 width=12) (actual time=355.683..10134.940 rows=4789 loops=1)
                           Buffers: shared hit=975593 read=76439
                           ->  Nested Loop  (cost=62484.29..411615.44 rows=1 width=16) (actual time=355.674..10027.978 rows=4789 loops=1)
                                 Buffers: shared hit=970804 read=76439
                                 ->  Nested Loop  (cost=62484.29..411613.02 rows=1 width=20) (actual time=355.658..9914.108 rows=4789 loops=1)
                                       Buffers: shared hit=966015 read=76439
                                       ->  Hash Join  (cost=62483.85..404959.23 rows=146 width=12) (actual time=355.306..773.920 rows=103703 loops=1)
                                             Hash Cond: (mi2.movie_id = t.id)
                                             Buffers: shared hit=14320 read=16610
                                             ->  Bitmap Heap Scan on movie_info mi2  (cost=13862.73..356243.17 rows=24927 width=8) (actual time=41.748..456.976 rows=288414 loops=1)
                                                   Recheck Cond: (info_type_id = 2)
                                                   Filter: ((info)::text = 'Black and White'::text)
                                                   Rows Removed by Filter: 1000514
                                                   Heap Blocks: exact=16526
                                                   Buffers: shared hit=1519 read=16024
                                                   ->  Bitmap Index Scan on info_type_id_movie_info  (cost=0.00..13856.49 rows=1296008 width=0) (actual time=37.341..37.341 rows=1288928 loops=1)
                                                         Index Cond: (info_type_id = 2)
                                                         Buffers: shared hit=1 read=1016
                                             ->  Hash  (cost=48436.16..48436.16 rows=14797 width=4) (actual time=175.649..175.651 rows=103977 loops=1)
                                                   Buckets: 131072 (originally 16384)  Batches: 1 (originally 1)  Memory Usage: 4680kB
                                                   Buffers: shared hit=12801 read=586
                                                   ->  Nested Loop  (cost=4497.16..48436.16 rows=14797 width=4) (actual time=19.443..161.414 rows=103977 loops=1)
                                                         Buffers: shared hit=12801 read=586
                                                         ->  Seq Scan on kind_type kt  (cost=0.00..1.09 rows=1 width=4) (actual time=0.009..0.012 rows=1 loops=1)
                                                               Filter: ((kind)::text = 'movie'::text)
                                                               Rows Removed by Filter: 6
                                                               Buffers: shared hit=1
                                                         ->  Bitmap Heap Scan on title t  (cost=4497.16..48262.45 rows=17263 width=8) (actual time=19.430..155.243 rows=103977 loops=1)
                                                               Recheck Cond: (kind_id = kt.id)
                                                               Filter: ((production_year <= 1925) AND (1875 < production_year))
                                                               Rows Removed by Filter: 558848
                                                               Heap Blocks: exact=12865
                                                               Buffers: shared hit=12800 read=586
                                                               ->  Bitmap Index Scan on kind_id_title  (cost=0.00..4492.84 rows=421388 width=0) (actual time=17.170..17.170 rows=662825 loops=1)
                                                                     Index Cond: (kind_id = kt.id)
                                                                     Buffers: shared read=521
                                       ->  Index Scan using movie_id_movie_info on movie_info mi1  (cost=0.43..45.56 rows=1 width=8) (actual time=0.088..0.088 rows=0 loops=103703)
                                             Index Cond: (movie_id = t.id)
                                             Filter: ((info_type_id = 3) AND ((info)::text = ANY ('{Action,Adventure,Mystery,Sport,Thriller,War}'::text[])))
                                             Rows Removed by Filter: 11
                                             Buffers: shared hit=951695 read=59829
                                 ->  Seq Scan on info_type it1  (cost=0.00..2.41 rows=1 width=4) (actual time=0.011..0.021 rows=1 loops=4789)
                                       Filter: (id = 3)
                                       Rows Removed by Filter: 112
                                       Buffers: shared hit=4789
                           ->  Seq Scan on info_type it2  (cost=0.00..2.41 rows=1 width=4) (actual time=0.010..0.020 rows=1 loops=4789)
                                 Filter: (id = 2)
                                 Rows Removed by Filter: 112
                                 Buffers: shared hit=4789
                     ->  Index Scan using movie_id_cast_info on cast_info ci  (cost=0.44..47.96 rows=38 width=12) (actual time=0.038..0.116 rows=8 loops=4789)
                           Index Cond: (movie_id = t.id)
                           Buffers: shared hit=36601 read=14764
               ->  Hash  (cost=1.15..1.15 rows=1 width=4) (actual time=0.036..0.037 rows=1 loops=1)
                     Buckets: 1024  Batches: 1  Memory Usage: 9kB
                     Buffers: shared hit=1
                     ->  Seq Scan on role_type rt  (cost=0.00..1.15 rows=1 width=4) (actual time=0.028..0.030 rows=1 loops=1)
                           Filter: ((role)::text = 'director'::text)
                           Rows Removed by Filter: 11
                           Buffers: shared hit=1
         ->  Index Scan using name_pkey on name n  (cost=0.43..2.32 rows=1 width=4) (actual time=0.037..0.037 rows=1 loops=3702)
               Index Cond: (id = ci.person_id)
               Filter: ((gender)::text = 'm'::text)
               Rows Removed by Filter: 0
               Buffers: shared hit=14153 read=655
 Planning:
   Buffers: shared hit=574
 Planning Time: 13.081 ms
 Execution Time: 10857.463 ms
(77 rows)

