                                                                                            QUERY PLAN                                                                                            
--------------------------------------------------------------------------------------------------------------------------------------------------------------------------------------------------
 Aggregate  (cost=703254.88..703254.89 rows=1 width=8) (actual time=37593.246..37593.256 rows=1 loops=1)
   Buffers: shared hit=3129067 read=793770, temp read=2209 written=2209
   ->  Nested Loop  (cost=92606.07..703254.62 rows=103 width=0) (actual time=536.745..37583.571 rows=45031 loops=1)
         Buffers: shared hit=3129067 read=793770, temp read=2209 written=2209
         ->  Seq Scan on info_type it2  (cost=0.00..2.41 rows=1 width=4) (actual time=0.039..0.049 rows=1 loops=1)
               Filter: (id = 2)
               Rows Removed by Filter: 112
               Buffers: shared hit=1
         ->  Nested Loop  (cost=92606.07..703251.18 rows=103 width=4) (actual time=536.704..37573.852 rows=45031 loops=1)
               Buffers: shared hit=3129066 read=793770, temp read=2209 written=2209
               ->  Seq Scan on info_type it1  (cost=0.00..2.41 rows=1 width=4) (actual time=0.011..0.023 rows=1 loops=1)
                     Filter: (id = 3)
                     Rows Removed by Filter: 112
                     Buffers: shared hit=1
               ->  Nested Loop  (cost=92606.07..703247.74 rows=103 width=8) (actual time=536.690..37563.774 rows=45031 loops=1)
                     Buffers: shared hit=3129065 read=793770, temp read=2209 written=2209
                     ->  Hash Join  (cost=92605.64..702679.45 rows=245 width=12) (actual time=536.658..34144.976 rows=95588 loops=1)
                           Hash Cond: (ci.role_id = rt.id)
                           Buffers: shared hit=2804258 read=736225, temp read=2209 written=2209
                           ->  Nested Loop  (cost=92604.48..702667.85 rows=2938 width=16) (actual time=536.477..33838.378 rows=1783892 loops=1)
                                 Buffers: shared hit=2804257 read=736225, temp read=2209 written=2209
                                 ->  Nested Loop  (cost=92604.04..693496.24 rows=205 width=20) (actual time=536.444..15436.044 rows=65325 loops=1)
                                       Buffers: shared hit=1340310 read=255979, temp read=2209 written=2209
                                       ->  Hash Join  (cost=92603.60..436735.59 rows=5937 width=12) (actual time=530.203..1655.003 rows=160938 loops=1)
                                             Hash Cond: (mi2.movie_id = t.id)
                                             Buffers: shared hit=12888 read=41047, temp read=2209 written=2209
                                             ->  Bitmap Heap Scan on movie_info mi2  (cost=13878.84..356259.28 rows=89381 width=8) (actual time=38.726..573.959 rows=1000514 loops=1)
                                                   Recheck Cond: (info_type_id = 2)
                                                   Filter: ((info)::text = 'Color'::text)
                                                   Rows Removed by Filter: 288414
                                                   Heap Blocks: exact=16526
                                                   Buffers: shared hit=991 read=16552
                                                   ->  Bitmap Index Scan on info_type_id_movie_info  (cost=0.00..13856.49 rows=1296008 width=0) (actual time=36.514..36.514 rows=1288928 loops=1)
                                                         Index Cond: (info_type_id = 2)
                                                         Buffers: shared read=1017
                                             ->  Hash  (cost=75968.50..75968.50 rows=167941 width=4) (actual time=490.479..490.482 rows=342123 loops=1)
                                                   Buckets: 262144  Batches: 2  Memory Usage: 8082kB
                                                   Buffers: shared hit=11897 read=24495, temp written=499
                                                   ->  Hash Join  (cost=1.13..75968.50 rows=167941 width=4) (actual time=0.067..431.727 rows=342123 loops=1)
                                                         Hash Cond: (t.kind_id = kt.id)
                                                         Buffers: shared hit=11897 read=24495
                                                         ->  Seq Scan on title t  (cost=0.00..74315.95 rows=391862 width=8) (actual time=0.040..387.422 rows=386415 loops=1)
                                                               Filter: ((production_year <= 1997) AND (1981 < production_year))
                                                               Rows Removed by Filter: 2141897
                                                               Buffers: shared hit=11896 read=24495
                                                         ->  Hash  (cost=1.10..1.10 rows=3 width=4) (actual time=0.012..0.014 rows=3 loops=1)
                                                               Buckets: 1024  Batches: 1  Memory Usage: 9kB
                                                               Buffers: shared hit=1
                                                               ->  Seq Scan on kind_type kt  (cost=0.00..1.10 rows=3 width=4) (actual time=0.007..0.008 rows=3 loops=1)
                                                                     Filter: ((kind)::text = ANY ('{episode,movie,"tv movie"}'::text[]))
                                                                     Rows Removed by Filter: 4
                                                                     Buffers: shared hit=1
                                       ->  Index Scan using movie_id_movie_info on movie_info mi1  (cost=0.43..43.24 rows=1 width=8) (actual time=0.085..0.085 rows=0 loops=160938)
                                             Index Cond: (movie_id = t.id)
                                             Filter: ((info_type_id = 3) AND ((info)::text = ANY ('{Action,Adult,Adventure,Drama,Romance,Sci-Fi,Short,Thriller}'::text[])))
                                             Rows Removed by Filter: 10
                                             Buffers: shared hit=1327422 read=214932
                                 ->  Index Scan using movie_id_cast_info on cast_info ci  (cost=0.44..44.36 rows=38 width=12) (actual time=0.035..0.274 rows=27 loops=65325)
                                       Index Cond: (movie_id = t.id)
                                       Buffers: shared hit=1463947 read=480246
                           ->  Hash  (cost=1.15..1.15 rows=1 width=4) (actual time=0.015..0.016 rows=1 loops=1)
                                 Buckets: 1024  Batches: 1  Memory Usage: 9kB
                                 Buffers: shared hit=1
                                 ->  Seq Scan on role_type rt  (cost=0.00..1.15 rows=1 width=4) (actual time=0.009..0.010 rows=1 loops=1)
                                       Filter: ((role)::text = 'writer'::text)
                                       Rows Removed by Filter: 11
                                       Buffers: shared hit=1
                     ->  Index Scan using name_pkey on name n  (cost=0.43..2.32 rows=1 width=4) (actual time=0.035..0.035 rows=0 loops=95588)
                           Index Cond: (id = ci.person_id)
                           Filter: ((gender)::text = 'm'::text)
                           Rows Removed by Filter: 1
                           Buffers: shared hit=324807 read=57545
 Planning:
   Buffers: shared hit=506 read=68
 Planning Time: 13.800 ms
 Execution Time: 37593.867 ms
(76 rows)

