                                                                                            QUERY PLAN                                                                                            
--------------------------------------------------------------------------------------------------------------------------------------------------------------------------------------------------
 Aggregate  (cost=601079.40..601079.41 rows=1 width=8) (actual time=25391.348..25391.357 rows=1 loops=1)
   Buffers: shared hit=2223144 read=365589, temp read=1747 written=1747
   ->  Nested Loop  (cost=95915.69..601079.31 rows=36 width=0) (actual time=549.167..25335.533 rows=350458 loops=1)
         Buffers: shared hit=2223144 read=365589, temp read=1747 written=1747
         ->  Seq Scan on info_type it2  (cost=0.00..2.41 rows=1 width=4) (actual time=0.038..0.048 rows=1 loops=1)
               Filter: (id = 2)
               Rows Removed by Filter: 112
               Buffers: shared hit=1
         ->  Nested Loop  (cost=95915.69..601076.54 rows=36 width=4) (actual time=549.127..25269.301 rows=350458 loops=1)
               Buffers: shared hit=2223143 read=365589, temp read=1747 written=1747
               ->  Seq Scan on info_type it1  (cost=0.00..2.41 rows=1 width=4) (actual time=0.009..0.021 rows=1 loops=1)
                     Filter: (id = 3)
                     Rows Removed by Filter: 112
                     Buffers: shared hit=1
               ->  Nested Loop  (cost=95915.69..601073.77 rows=36 width=8) (actual time=549.114..25200.233 rows=350458 loops=1)
                     Buffers: shared hit=2223142 read=365589, temp read=1747 written=1747
                     ->  Hash Join  (cost=95915.26..600876.61 rows=85 width=12) (actual time=549.083..13113.472 rows=350458 loops=1)
                           Hash Cond: (ci.role_id = rt.id)
                           Buffers: shared hit=858509 read=328390, temp read=1747 written=1747
                           ->  Nested Loop  (cost=95914.10..600871.83 rows=1018 width=16) (actual time=549.048..12905.757 rows=677206 loops=1)
                                 Buffers: shared hit=858508 read=328390, temp read=1747 written=1747
                                 ->  Nested Loop  (cost=95913.66..597708.47 rows=71 width=20) (actual time=549.018..5345.323 rows=29491 loops=1)
                                       Buffers: shared hit=268267 read=164799, temp read=1747 written=1747
                                       ->  Hash Join  (cost=95913.22..530703.48 rows=1565 width=12) (actual time=547.953..1393.184 rows=29645 loops=1)
                                             Hash Cond: (mi1.movie_id = t.id)
                                             Buffers: shared hit=1094 read=46273, temp read=1747 written=1747
                                             ->  Bitmap Heap Scan on movie_info mi1  (cost=16453.52..450228.39 rows=20196 width=8) (actual time=41.313..737.487 rows=203185 loops=1)
                                                   Recheck Cond: (info_type_id = 3)
                                                   Filter: ((info)::text = ANY ('{Crime,Horror,Music,Mystery,News,Sci-Fi,Sport,Thriller}'::text[]))
                                                   Rows Removed by Filter: 1330724
                                                   Heap Blocks: exact=9772
                                                   Buffers: shared hit=1093 read=9882
                                                   ->  Bitmap Index Scan on info_type_id_movie_info  (cost=0.00..16448.47 rows=1538671 width=0) (actual time=40.121..40.122 rows=1533909 loops=1)
                                                         Index Cond: (info_type_id = 3)
                                                         Buffers: shared read=1203
                                             ->  Hash  (cost=76244.10..76244.10 rows=195968 width=4) (actual time=502.305..502.308 rows=439726 loops=1)
                                                   Buckets: 262144 (originally 262144)  Batches: 4 (originally 2)  Memory Usage: 6145kB
                                                   Buffers: shared hit=1 read=36391, temp written=966
                                                   ->  Hash Join  (cost=1.13..76244.10 rows=195968 width=4) (actual time=0.065..427.184 rows=439726 loops=1)
                                                         Hash Cond: (t.kind_id = kt.id)
                                                         Buffers: shared hit=1 read=36391
                                                         ->  Seq Scan on title t  (cost=0.00..74315.95 rows=457258 width=8) (actual time=0.027..371.886 rows=451569 loops=1)
                                                               Filter: ((production_year <= 1975) AND (1875 < production_year))
                                                               Rows Removed by Filter: 2076743
                                                               Buffers: shared read=36391
                                                         ->  Hash  (cost=1.10..1.10 rows=3 width=4) (actual time=0.013..0.014 rows=3 loops=1)
                                                               Buckets: 1024  Batches: 1  Memory Usage: 9kB
                                                               Buffers: shared hit=1
                                                               ->  Seq Scan on kind_type kt  (cost=0.00..1.10 rows=3 width=4) (actual time=0.008..0.009 rows=3 loops=1)
                                                                     Filter: ((kind)::text = ANY ('{episode,movie,"tv movie"}'::text[]))
                                                                     Rows Removed by Filter: 4
                                                                     Buffers: shared hit=1
                                       ->  Index Scan using movie_id_movie_info on movie_info mi2  (cost=0.43..42.80 rows=1 width=8) (actual time=0.112..0.133 rows=1 loops=29645)
                                             Index Cond: (movie_id = t.id)
                                             Filter: (((info)::text = ANY ('{"Black and White",Color}'::text[])) AND (info_type_id = 2))
                                             Rows Removed by Filter: 21
                                             Buffers: shared hit=267173 read=118526
                                 ->  Index Scan using movie_id_cast_info on cast_info ci  (cost=0.44..44.17 rows=38 width=12) (actual time=0.037..0.249 rows=23 loops=29491)
                                       Index Cond: (movie_id = t.id)
                                       Buffers: shared hit=590241 read=163591
                           ->  Hash  (cost=1.15..1.15 rows=1 width=4) (actual time=0.015..0.015 rows=1 loops=1)
                                 Buckets: 1024  Batches: 1  Memory Usage: 9kB
                                 Buffers: shared hit=1
                                 ->  Seq Scan on role_type rt  (cost=0.00..1.15 rows=1 width=4) (actual time=0.008..0.009 rows=1 loops=1)
                                       Filter: ((role)::text = 'actor'::text)
                                       Rows Removed by Filter: 11
                                       Buffers: shared hit=1
                     ->  Index Scan using name_pkey on name n  (cost=0.43..2.32 rows=1 width=4) (actual time=0.034..0.034 rows=1 loops=350458)
                           Index Cond: (id = ci.person_id)
                           Filter: ((gender)::text = 'm'::text)
                           Buffers: shared hit=1364633 read=37199
 Planning:
   Buffers: shared hit=481 read=93
 Planning Time: 13.369 ms
 Execution Time: 25391.898 ms
(75 rows)

