                                                                                            QUERY PLAN                                                                                            
--------------------------------------------------------------------------------------------------------------------------------------------------------------------------------------------------
 Aggregate  (cost=593003.72..593003.73 rows=1 width=8) (actual time=21888.883..21888.892 rows=1 loops=1)
   Buffers: shared hit=1691736 read=564304, temp read=1085 written=1085
   ->  Nested Loop  (cost=95184.83..593003.55 rows=67 width=0) (actual time=529.095..21880.416 rows=45915 loops=1)
         Buffers: shared hit=1691736 read=564304, temp read=1085 written=1085
         ->  Seq Scan on info_type it2  (cost=0.00..2.41 rows=1 width=4) (actual time=0.032..0.042 rows=1 loops=1)
               Filter: (id = 2)
               Rows Removed by Filter: 112
               Buffers: shared hit=1
         ->  Nested Loop  (cost=95184.83..593000.47 rows=67 width=4) (actual time=529.062..21871.639 rows=45915 loops=1)
               Buffers: shared hit=1691735 read=564304, temp read=1085 written=1085
               ->  Seq Scan on info_type it1  (cost=0.00..2.41 rows=1 width=4) (actual time=0.006..0.018 rows=1 loops=1)
                     Filter: (id = 3)
                     Rows Removed by Filter: 112
                     Buffers: shared hit=1
               ->  Nested Loop  (cost=95184.83..592997.39 rows=67 width=8) (actual time=529.053..21862.668 rows=45915 loops=1)
                     Buffers: shared hit=1691734 read=564304, temp read=1085 written=1085
                     ->  Hash Join  (cost=95184.40..592758.48 rows=103 width=12) (actual time=528.930..15771.873 rows=176038 loops=1)
                           Hash Cond: (ci.role_id = rt.id)
                           Buffers: shared hit=1048462 read=503424, temp read=1085 written=1085
                           ->  Nested Loop  (cost=95183.23..592752.93 rows=1233 width=16) (actual time=527.937..15577.058 rows=1038504 loops=1)
                                 Buffers: shared hit=1048461 read=503424, temp read=1085 written=1085
                                 ->  Nested Loop  (cost=95182.79..588905.33 rows=86 width=20) (actual time=527.911..5095.447 rows=30601 loops=1)
                                       Buffers: shared hit=278389 read=168691, temp read=1085 written=1085
                                       ->  Hash Join  (cost=95182.36..484732.79 rows=2426 width=12) (actual time=527.869..1295.220 rows=32345 loops=1)
                                             Hash Cond: (mi1.movie_id = t.id)
                                             Buffers: shared hit=8577 read=38790, temp read=1085 written=1085
                                             ->  Bitmap Heap Scan on movie_info mi1  (cost=16457.60..404903.83 rows=36518 width=8) (actual time=39.142..623.811 rows=342090 loops=1)
                                                   Recheck Cond: (info_type_id = 3)
                                                   Filter: ((info)::text = ANY ('{Animation,Comedy,Crime,Family,Thriller}'::text[]))
                                                   Rows Removed by Filter: 1191819
                                                   Heap Blocks: exact=9772
                                                   Buffers: shared hit=75 read=10900
                                                   ->  Bitmap Index Scan on info_type_id_movie_info  (cost=0.00..16448.47 rows=1538671 width=0) (actual time=37.930..37.931 rows=1533909 loops=1)
                                                         Index Cond: (info_type_id = 3)
                                                         Buffers: shared read=1203
                                             ->  Hash  (cost=75968.50..75968.50 rows=167941 width=4) (actual time=487.681..487.684 rows=342123 loops=1)
                                                   Buckets: 262144  Batches: 2  Memory Usage: 8082kB
                                                   Buffers: shared hit=8502 read=27890, temp written=499
                                                   ->  Hash Join  (cost=1.13..75968.50 rows=167941 width=4) (actual time=0.042..431.671 rows=342123 loops=1)
                                                         Hash Cond: (t.kind_id = kt.id)
                                                         Buffers: shared hit=8502 read=27890
                                                         ->  Seq Scan on title t  (cost=0.00..74315.95 rows=391862 width=8) (actual time=0.020..387.986 rows=386415 loops=1)
                                                               Filter: ((production_year <= 1997) AND (1981 < production_year))
                                                               Rows Removed by Filter: 2141897
                                                               Buffers: shared hit=8501 read=27890
                                                         ->  Hash  (cost=1.10..1.10 rows=3 width=4) (actual time=0.012..0.013 rows=3 loops=1)
                                                               Buckets: 1024  Batches: 1  Memory Usage: 9kB
                                                               Buffers: shared hit=1
                                                               ->  Seq Scan on kind_type kt  (cost=0.00..1.10 rows=3 width=4) (actual time=0.007..0.009 rows=3 loops=1)
                                                                     Filter: ((kind)::text = ANY ('{episode,movie,"tv movie"}'::text[]))
                                                                     Rows Removed by Filter: 4
                                                                     Buffers: shared hit=1
                                       ->  Index Scan using movie_id_movie_info on movie_info mi2  (cost=0.43..42.93 rows=1 width=8) (actual time=0.100..0.117 rows=1 loops=32345)
                                             Index Cond: (movie_id = t.id)
                                             Filter: ((info_type_id = 2) AND ((info)::text = 'Color'::text))
                                             Rows Removed by Filter: 25
                                             Buffers: shared hit=269812 read=129901
                                 ->  Index Scan using movie_id_cast_info on cast_info ci  (cost=0.44..44.36 rows=38 width=12) (actual time=0.035..0.334 rows=34 loops=30601)
                                       Index Cond: (movie_id = t.id)
                                       Buffers: shared hit=770072 read=334733
                           ->  Hash  (cost=1.15..1.15 rows=1 width=4) (actual time=0.011..0.012 rows=1 loops=1)
                                 Buckets: 1024  Batches: 1  Memory Usage: 9kB
                                 Buffers: shared hit=1
                                 ->  Seq Scan on role_type rt  (cost=0.00..1.15 rows=1 width=4) (actual time=0.006..0.007 rows=1 loops=1)
                                       Filter: ((role)::text = 'miscellaneous crew'::text)
                                       Rows Removed by Filter: 11
                                       Buffers: shared hit=1
                     ->  Index Scan using name_pkey on name n  (cost=0.43..2.32 rows=1 width=4) (actual time=0.034..0.034 rows=0 loops=176038)
                           Index Cond: (id = ci.person_id)
                           Filter: ((gender)::text = ANY ('{f,m}'::text[]))
                           Rows Removed by Filter: 1
                           Buffers: shared hit=643272 read=60880
 Planning:
   Buffers: shared hit=485 read=89
 Planning Time: 8.481 ms
 Execution Time: 21889.367 ms
(76 rows)

