                                                                                            QUERY PLAN                                                                                            
--------------------------------------------------------------------------------------------------------------------------------------------------------------------------------------------------
 Aggregate  (cost=341712.40..341712.41 rows=1 width=8) (actual time=942.820..942.826 rows=1 loops=1)
   Buffers: shared hit=72685 read=19141
   ->  Nested Loop  (cost=48525.97..341712.39 rows=1 width=0) (actual time=305.690..942.814 rows=26 loops=1)
         Buffers: shared hit=72685 read=19141
         ->  Nested Loop  (cost=48525.97..341709.97 rows=1 width=4) (actual time=305.684..942.556 rows=26 loops=1)
               Buffers: shared hit=72659 read=19141
               ->  Nested Loop  (cost=48525.97..341707.55 rows=1 width=8) (actual time=305.667..942.272 rows=26 loops=1)
                     Join Filter: (t.id = mi1.movie_id)
                     Buffers: shared hit=72633 read=19141
                     ->  Nested Loop  (cost=48525.53..340442.21 rows=30 width=16) (actual time=278.237..941.234 rows=39 loops=1)
                           Join Filter: (t.id = mi2.movie_id)
                           Buffers: shared hit=72344 read=19116
                           ->  Nested Loop  (cost=48525.10..213963.17 rows=3006 width=8) (actual time=278.151..937.563 rows=39 loops=1)
                                 Buffers: shared hit=72135 read=19011
                                 ->  Hash Join  (cost=48524.67..183943.94 rows=12942 width=12) (actual time=196.992..547.714 rows=17861 loops=1)
                                       Hash Cond: (ci.movie_id = t.id)
                                       Buffers: shared hit=2567 read=17135
                                       ->  Nested Loop  (cost=0.44..123965.00 rows=3020080 width=8) (actual time=0.132..251.318 rows=898389 loops=1)
                                             Buffers: shared hit=2565 read=3750
                                             ->  Seq Scan on role_type rt  (cost=0.00..1.15 rows=1 width=4) (actual time=0.025..0.028 rows=1 loops=1)
                                                   Filter: ((role)::text = 'cinematographer'::text)
                                                   Rows Removed by Filter: 11
                                                   Buffers: shared hit=1
                                             ->  Index Scan using role_id_cast_info on cast_info ci  (cost=0.44..91017.52 rows=3294633 width=12) (actual time=0.104..170.574 rows=898389 loops=1)
                                                   Index Cond: (role_id = rt.id)
                                                   Buffers: shared hit=2564 read=3750
                                       ->  Hash  (cost=48388.79..48388.79 rows=10835 width=4) (actual time=196.651..196.653 rows=74873 loops=1)
                                             Buckets: 131072 (originally 16384)  Batches: 1 (originally 1)  Memory Usage: 3657kB
                                             Buffers: shared hit=2 read=13385
                                             ->  Nested Loop  (cost=4496.00..48388.79 rows=10835 width=4) (actual time=23.182..184.811 rows=74873 loops=1)
                                                   Buffers: shared hit=2 read=13385
                                                   ->  Seq Scan on kind_type kt  (cost=0.00..1.09 rows=1 width=4) (actual time=0.010..0.014 rows=1 loops=1)
                                                         Filter: ((kind)::text = 'movie'::text)
                                                         Rows Removed by Filter: 6
                                                         Buffers: shared hit=1
                                                   ->  Bitmap Heap Scan on title t  (cost=4496.00..48261.29 rows=12641 width=8) (actual time=23.168..180.089 rows=74873 loops=1)
                                                         Recheck Cond: (kind_id = kt.id)
                                                         Filter: ((production_year <= 1925) AND (1910 < production_year))
                                                         Rows Removed by Filter: 587952
                                                         Heap Blocks: exact=12865
                                                         Buffers: shared hit=1 read=13385
                                                         ->  Bitmap Index Scan on kind_id_title  (cost=0.00..4492.84 rows=421388 width=0) (actual time=20.885..20.886 rows=662825 loops=1)
                                                               Index Cond: (kind_id = kt.id)
                                                               Buffers: shared read=521
                                 ->  Index Scan using name_pkey on name n  (cost=0.43..2.32 rows=1 width=4) (actual time=0.022..0.022 rows=0 loops=17861)
                                       Index Cond: (id = ci.person_id)
                                       Filter: ((gender)::text = 'f'::text)
                                       Rows Removed by Filter: 1
                                       Buffers: shared hit=69568 read=1876
                           ->  Index Scan using movie_id_movie_info on movie_info mi2  (cost=0.43..42.06 rows=1 width=8) (actual time=0.090..0.093 rows=1 loops=39)
                                 Index Cond: (movie_id = ci.movie_id)
                                 Filter: ((info_type_id = 2) AND ((info)::text = 'Black and White'::text))
                                 Rows Removed by Filter: 6
                                 Buffers: shared hit=209 read=105
                     ->  Index Scan using movie_id_movie_info on movie_info mi1  (cost=0.43..42.17 rows=1 width=8) (actual time=0.026..0.026 rows=1 loops=39)
                           Index Cond: (movie_id = ci.movie_id)
                           Filter: ((info_type_id = 3) AND ((info)::text = ANY ('{Animation,Comedy,Documentary,Short}'::text[])))
                           Rows Removed by Filter: 6
                           Buffers: shared hit=289 read=25
               ->  Seq Scan on info_type it1  (cost=0.00..2.41 rows=1 width=4) (actual time=0.005..0.010 rows=1 loops=26)
                     Filter: (id = 3)
                     Rows Removed by Filter: 112
                     Buffers: shared hit=26
         ->  Seq Scan on info_type it2  (cost=0.00..2.41 rows=1 width=4) (actual time=0.004..0.009 rows=1 loops=26)
               Filter: (id = 2)
               Rows Removed by Filter: 112
               Buffers: shared hit=26
 Planning:
   Buffers: shared hit=503 read=71
 Planning Time: 13.342 ms
 Execution Time: 943.429 ms
(71 rows)

