                                                                                               QUERY PLAN                                                                                               
--------------------------------------------------------------------------------------------------------------------------------------------------------------------------------------------------------
 Aggregate  (cost=391076.12..391076.13 rows=1 width=8) (actual time=1955.757..1955.768 rows=1 loops=1)
   Buffers: shared hit=187930 read=13062
   ->  Nested Loop  (cost=16453.49..391076.11 rows=1 width=0) (actual time=577.363..1955.754 rows=8 loops=1)
         Buffers: shared hit=187930 read=13062
         ->  Hash Join  (cost=16453.06..391073.79 rows=1 width=4) (actual time=309.726..1954.975 rows=30 loops=1)
               Hash Cond: (ci.role_id = rt.id)
               Buffers: shared hit=187849 read=13023
               ->  Nested Loop  (cost=16451.90..391072.58 rows=14 width=8) (actual time=209.237..1953.902 rows=6422 loops=1)
                     Buffers: shared hit=187848 read=13023
                     ->  Nested Loop  (cost=16451.46..391024.24 rows=1 width=12) (actual time=209.196..1845.312 rows=1700 loops=1)
                           Buffers: shared hit=180213 read=9328
                           ->  Nested Loop  (cost=16451.46..391021.82 rows=1 width=16) (actual time=209.189..1817.477 rows=1700 loops=1)
                                 Buffers: shared hit=178513 read=9328
                                 ->  Nested Loop  (cost=16451.46..391019.39 rows=1 width=20) (actual time=209.163..1787.371 rows=1700 loops=1)
                                       Buffers: shared hit=176813 read=9328
                                       ->  Hash Join  (cost=16451.02..389930.54 rows=24 width=12) (actual time=209.062..1616.806 rows=1720 loops=1)
                                             Hash Cond: (t.kind_id = kt.id)
                                             Buffers: shared hit=163927 read=4841
                                             ->  Nested Loop  (cost=16449.92..389928.74 rows=166 width=16) (actual time=209.018..1615.986 rows=1720 loops=1)
                                                   Buffers: shared hit=163926 read=4841
                                                   ->  Bitmap Heap Scan on movie_info mi1  (cost=16449.48..359567.07 rows=4052 width=8) (actual time=42.258..429.522 rows=39612 loops=1)
                                                         Recheck Cond: (info_type_id = 3)
                                                         Filter: ((info)::text = ANY ('{Fantasy,Sport}'::text[]))
                                                         Rows Removed by Filter: 1494297
                                                         Heap Blocks: exact=9772
                                                         Buffers: shared hit=9558 read=1417
                                                         ->  Bitmap Index Scan on info_type_id_movie_info  (cost=0.00..16448.47 rows=1538671 width=0) (actual time=41.041..41.042 rows=1533909 loops=1)
                                                               Index Cond: (info_type_id = 3)
                                                               Buffers: shared read=1203
                                                   ->  Memoize  (cost=0.44..7.52 rows=1 width=8) (actual time=0.030..0.030 rows=0 loops=39612)
                                                         Cache Key: mi1.movie_id
                                                         Cache Mode: logical
                                                         Hits: 164  Misses: 39448  Evictions: 0  Overflows: 0  Memory Usage: 2687kB
                                                         Buffers: shared hit=154368 read=3424
                                                         ->  Index Scan using title_pkey on title t  (cost=0.43..7.51 rows=1 width=8) (actual time=0.029..0.029 rows=0 loops=39448)
                                                               Index Cond: (id = mi1.movie_id)
                                                               Filter: ((production_year <= 1925) AND (1875 < production_year))
                                                               Rows Removed by Filter: 1
                                                               Buffers: shared hit=154368 read=3424
                                             ->  Hash  (cost=1.09..1.09 rows=1 width=4) (actual time=0.020..0.021 rows=1 loops=1)
                                                   Buckets: 1024  Batches: 1  Memory Usage: 9kB
                                                   Buffers: shared hit=1
                                                   ->  Seq Scan on kind_type kt  (cost=0.00..1.09 rows=1 width=4) (actual time=0.009..0.010 rows=1 loops=1)
                                                         Filter: ((kind)::text = 'movie'::text)
                                                         Rows Removed by Filter: 6
                                                         Buffers: shared hit=1
                                       ->  Index Scan using movie_id_movie_info on movie_info mi2  (cost=0.43..45.36 rows=1 width=8) (actual time=0.081..0.099 rows=1 loops=1720)
                                             Index Cond: (movie_id = t.id)
                                             Filter: ((info_type_id = 2) AND ((info)::text = 'Black and White'::text))
                                             Rows Removed by Filter: 11
                                             Buffers: shared hit=12886 read=4487
                                 ->  Seq Scan on info_type it1  (cost=0.00..2.41 rows=1 width=4) (actual time=0.009..0.016 rows=1 loops=1700)
                                       Filter: (id = 3)
                                       Rows Removed by Filter: 112
                                       Buffers: shared hit=1700
                           ->  Seq Scan on info_type it2  (cost=0.00..2.41 rows=1 width=4) (actual time=0.008..0.015 rows=1 loops=1700)
                                 Filter: (id = 2)
                                 Rows Removed by Filter: 112
                                 Buffers: shared hit=1700
                     ->  Index Scan using movie_id_cast_info on cast_info ci  (cost=0.44..47.96 rows=38 width=12) (actual time=0.030..0.063 rows=4 loops=1700)
                           Index Cond: (movie_id = t.id)
                           Buffers: shared hit=7635 read=3695
               ->  Hash  (cost=1.15..1.15 rows=1 width=4) (actual time=0.039..0.044 rows=1 loops=1)
                     Buckets: 1024  Batches: 1  Memory Usage: 9kB
                     Buffers: shared hit=1
                     ->  Seq Scan on role_type rt  (cost=0.00..1.15 rows=1 width=4) (actual time=0.027..0.028 rows=1 loops=1)
                           Filter: ((role)::text = 'costume designer'::text)
                           Rows Removed by Filter: 11
                           Buffers: shared hit=1
         ->  Index Scan using name_pkey on name n  (cost=0.43..2.32 rows=1 width=4) (actual time=0.025..0.025 rows=0 loops=30)
               Index Cond: (id = ci.person_id)
               Filter: ((gender)::text = 'm'::text)
               Rows Removed by Filter: 1
               Buffers: shared hit=81 read=39
 Planning:
   Buffers: shared hit=529 read=45
 Planning Time: 13.317 ms
 Execution Time: 1956.919 ms
(78 rows)

