                                                                                               QUERY PLAN                                                                                               
--------------------------------------------------------------------------------------------------------------------------------------------------------------------------------------------------------
 Aggregate  (cost=433291.42..433291.43 rows=1 width=8) (actual time=1486.472..1486.478 rows=1 loops=1)
   Buffers: shared hit=128329 read=22493
   ->  Nested Loop  (cost=74992.37..433291.41 rows=4 width=0) (actual time=500.903..1486.457 rows=43 loops=1)
         Buffers: shared hit=128329 read=22493
         ->  Seq Scan on info_type it2  (cost=0.00..2.41 rows=1 width=4) (actual time=0.047..0.054 rows=1 loops=1)
               Filter: (id = 2)
               Rows Removed by Filter: 112
               Buffers: shared hit=1
         ->  Nested Loop  (cost=74992.37..433288.96 rows=4 width=4) (actual time=500.854..1486.392 rows=43 loops=1)
               Buffers: shared hit=128328 read=22493
               ->  Seq Scan on info_type it1  (cost=0.00..2.41 rows=1 width=4) (actual time=0.012..0.021 rows=1 loops=1)
                     Filter: (id = 3)
                     Rows Removed by Filter: 112
                     Buffers: shared hit=1
               ->  Nested Loop  (cost=74992.37..433286.51 rows=4 width=8) (actual time=500.841..1486.361 rows=43 loops=1)
                     Join Filter: (t.id = mi2.movie_id)
                     Buffers: shared hit=128327 read=22493
                     ->  Nested Loop  (cost=74991.94..430046.69 rows=77 width=16) (actual time=500.778..1482.261 rows=43 loops=1)
                           Join Filter: (t.id = mi1.movie_id)
                           Buffers: shared hit=127770 read=22493
                           ->  Nested Loop  (cost=74991.48..249808.23 rows=4271 width=8) (actual time=409.851..1472.597 rows=81 loops=1)
                                 Buffers: shared hit=127529 read=21771
                                 ->  Hash Join  (cost=74991.05..207154.58 rows=18389 width=12) (actual time=384.468..762.460 rows=26954 loops=1)
                                       Hash Cond: (t.kind_id = kt.id)
                                       Buffers: shared hit=21290 read=20194
                                       ->  Hash Join  (cost=74989.94..206882.22 rows=64364 width=16) (actual time=384.423..755.663 rows=27026 loops=1)
                                             Hash Cond: (ci.movie_id = t.id)
                                             Buffers: shared hit=21289 read=20194
                                             ->  Nested Loop  (cost=0.44..123965.00 rows=3020080 width=8) (actual time=0.158..262.069 rows=773674 loops=1)
                                                   Buffers: shared hit=1977 read=3115
                                                   ->  Seq Scan on role_type rt  (cost=0.00..1.15 rows=1 width=4) (actual time=0.009..0.012 rows=1 loops=1)
                                                         Filter: ((role)::text = 'composer'::text)
                                                         Rows Removed by Filter: 11
                                                         Buffers: shared hit=1
                                                   ->  Index Scan using role_id_cast_info on cast_info ci  (cost=0.44..91017.52 rows=3294633 width=12) (actual time=0.143..169.977 rows=773674 loops=1)
                                                         Index Cond: (role_id = rt.id)
                                                         Buffers: shared hit=1976 read=3115
                                             ->  Hash  (cost=74315.95..74315.95 rows=53884 width=8) (actual time=383.764..383.765 rows=51669 loops=1)
                                                   Buckets: 65536  Batches: 1  Memory Usage: 2531kB
                                                   Buffers: shared hit=19312 read=17079
                                                   ->  Seq Scan on title t  (cost=0.00..74315.95 rows=53884 width=8) (actual time=0.696..374.426 rows=51669 loops=1)
                                                         Filter: ((production_year <= 1949) AND (1928 < production_year))
                                                         Rows Removed by Filter: 2476643
                                                         Buffers: shared hit=19312 read=17079
                                       ->  Hash  (cost=1.09..1.09 rows=2 width=4) (actual time=0.021..0.022 rows=2 loops=1)
                                             Buckets: 1024  Batches: 1  Memory Usage: 9kB
                                             Buffers: shared hit=1
                                             ->  Seq Scan on kind_type kt  (cost=0.00..1.09 rows=2 width=4) (actual time=0.010..0.012 rows=2 loops=1)
                                                   Filter: ((kind)::text = ANY ('{episode,movie}'::text[]))
                                                   Rows Removed by Filter: 5
                                                   Buffers: shared hit=1
                                 ->  Index Scan using name_pkey on name n  (cost=0.43..2.32 rows=1 width=4) (actual time=0.026..0.026 rows=0 loops=26954)
                                       Index Cond: (id = ci.person_id)
                                       Filter: ((gender)::text = 'f'::text)
                                       Rows Removed by Filter: 1
                                       Buffers: shared hit=106239 read=1577
                           ->  Index Scan using movie_id_movie_info on movie_info mi1  (cost=0.46..42.19 rows=1 width=8) (actual time=0.119..0.119 rows=1 loops=81)
                                 Index Cond: (movie_id = ci.movie_id)
                                 Filter: ((info_type_id = 3) AND ((info)::text = ANY ('{Action,Adventure,Comedy,Family,Music,Mystery,Sport,Thriller,War}'::text[])))
                                 Rows Removed by Filter: 13
                                 Buffers: shared hit=241 read=722
                     ->  Index Scan using movie_id_movie_info on movie_info mi2  (cost=0.43..42.06 rows=1 width=8) (actual time=0.089..0.095 rows=1 loops=43)
                           Index Cond: (movie_id = ci.movie_id)
                           Filter: (((info)::text = ANY ('{"Black and White",Color}'::text[])) AND (info_type_id = 2))
                           Rows Removed by Filter: 14
                           Buffers: shared hit=557
 Planning:
   Buffers: shared hit=576 read=1
 Planning Time: 14.680 ms
 Execution Time: 1487.001 ms
(70 rows)

