                                                                                               QUERY PLAN                                                                                               
--------------------------------------------------------------------------------------------------------------------------------------------------------------------------------------------------------
 Aggregate  (cost=953490.24..953490.25 rows=1 width=8) (actual time=189740.805..189740.817 rows=1 loops=1)
   Buffers: shared hit=16414946 read=3207551, temp read=20940 written=20940
   ->  Nested Loop  (cost=479861.89..953487.55 rows=1076 width=0) (actual time=2097.237..189691.434 rows=193102 loops=1)
         Buffers: shared hit=16414946 read=3207551, temp read=20940 written=20940
         ->  Seq Scan on info_type it2  (cost=0.00..2.41 rows=1 width=4) (actual time=0.038..0.050 rows=1 loops=1)
               Filter: (id = 2)
               Rows Removed by Filter: 112
               Buffers: shared read=1
         ->  Nested Loop  (cost=479861.89..953474.38 rows=1076 width=4) (actual time=2097.197..189647.195 rows=193102 loops=1)
               Buffers: shared hit=16414946 read=3207550, temp read=20940 written=20940
               ->  Seq Scan on info_type it1  (cost=0.00..2.41 rows=1 width=4) (actual time=0.013..0.028 rows=1 loops=1)
                     Filter: (id = 3)
                     Rows Removed by Filter: 112
                     Buffers: shared hit=1
               ->  Nested Loop  (cost=479861.89..953461.21 rows=1076 width=8) (actual time=2097.180..189598.306 rows=193102 loops=1)
                     Buffers: shared hit=16414945 read=3207550, temp read=20940 written=20940
                     ->  Hash Join  (cost=479861.46..947511.64 rows=2565 width=12) (actual time=2097.011..165218.784 rows=671376 loops=1)
                           Hash Cond: (ci.role_id = rt.id)
                           Buffers: shared hit=14021864 read=2915127, temp read=20940 written=20940
                           ->  Nested Loop  (cost=479860.30..947401.16 rows=30775 width=16) (actual time=2096.540..162457.896 rows=14784490 loops=1)
                                 Buffers: shared hit=14021863 read=2915127, temp read=20940 written=20940
                                 ->  Hash Join  (cost=479859.86..853663.84 rows=2147 width=20) (actual time=2096.500..4043.920 rows=830816 loops=1)
                                       Hash Cond: (mi1.movie_id = t.id)
                                       Buffers: shared hit=1733 read=63177, temp read=20940 written=20940
                                       ->  Bitmap Heap Scan on movie_info mi1  (cost=16478.21..389814.89 rows=118888 width=8) (actual time=41.777..618.707 rows=1140076 loops=1)
                                             Recheck Cond: (info_type_id = 3)
                                             Filter: ((info)::text = ANY ('{Action,Adult,Biography,Comedy,Documentary,Drama,Mystery,Romance,Short}'::text[]))
                                             Rows Removed by Filter: 393833
                                             Heap Blocks: exact=9772
                                             Buffers: shared read=10975
                                             ->  Bitmap Index Scan on info_type_id_movie_info  (cost=0.00..16448.47 rows=1538671 width=0) (actual time=40.554..40.555 rows=1533909 loops=1)
                                                   Index Cond: (info_type_id = 3)
                                                   Buffers: shared read=1203
                                       ->  Hash  (cost=462810.85..462810.85 rows=45664 width=12) (actual time=2054.347..2054.353 rows=982641 loops=1)
                                             Buckets: 262144 (originally 65536)  Batches: 8 (originally 1)  Memory Usage: 7320kB
                                             Buffers: shared hit=1733 read=52202, temp read=11838 written=15193
                                             ->  Hash Join  (cost=114705.11..462810.85 rows=45664 width=12) (actual time=1011.337..1903.180 rows=982641 loops=1)
                                                   Hash Cond: (mi2.movie_id = t.id)
                                                   Buffers: shared hit=1733 read=52202, temp read=11838 written=11838
                                                   ->  Bitmap Heap Scan on movie_info mi2  (cost=13885.07..356265.51 rows=114308 width=8) (actual time=34.107..374.204 rows=1288928 loops=1)
                                                         Recheck Cond: (info_type_id = 2)
                                                         Filter: ((info)::text = ANY ('{"Black and White",Color}'::text[]))
                                                         Heap Blocks: exact=16526
                                                         Buffers: shared hit=2 read=17541
                                                         ->  Bitmap Index Scan on info_type_id_movie_info  (cost=0.00..13856.49 rows=1296008 width=0) (actual time=31.946..31.947 rows=1288928 loops=1)
                                                               Index Cond: (info_type_id = 2)
                                                               Buffers: shared hit=1 read=1016
                                                   ->  Hash  (cost=84248.88..84248.88 rows=1010013 width=4) (actual time=976.055..976.058 rows=2148656 loops=1)
                                                         Buckets: 262144 (originally 262144)  Batches: 16 (originally 8)  Memory Usage: 6773kB
                                                         Buffers: shared hit=1731 read=34661, temp written=5895
                                                         ->  Hash Join  (cost=1.13..84248.88 rows=1010013 width=4) (actual time=0.055..696.576 rows=2148656 loops=1)
                                                               Hash Cond: (t.kind_id = kt.id)
                                                               Buffers: shared hit=1731 read=34661
                                                               ->  Seq Scan on title t  (cost=0.00..74315.95 rows=2356696 width=8) (actual time=0.026..438.391 rows=2352201 loops=1)
                                                                     Filter: ((production_year <= 2015) AND (1925 < production_year))
                                                                     Rows Removed by Filter: 176111
                                                                     Buffers: shared hit=1730 read=34661
                                                               ->  Hash  (cost=1.10..1.10 rows=3 width=4) (actual time=0.013..0.014 rows=3 loops=1)
                                                                     Buckets: 1024  Batches: 1  Memory Usage: 9kB
                                                                     Buffers: shared hit=1
                                                                     ->  Seq Scan on kind_type kt  (cost=0.00..1.10 rows=3 width=4) (actual time=0.007..0.008 rows=3 loops=1)
                                                                           Filter: ((kind)::text = ANY ('{episode,movie,"video movie"}'::text[]))
                                                                           Rows Removed by Filter: 4
                                                                           Buffers: shared hit=1
                                 ->  Index Scan using movie_id_cast_info on cast_info ci  (cost=0.44..43.28 rows=38 width=12) (actual time=0.034..0.185 rows=18 loops=830816)
                                       Index Cond: (movie_id = t.id)
                                       Buffers: shared hit=14020130 read=2851950
                           ->  Hash  (cost=1.15..1.15 rows=1 width=4) (actual time=0.020..0.021 rows=1 loops=1)
                                 Buckets: 1024  Batches: 1  Memory Usage: 9kB
                                 Buffers: shared hit=1
                                 ->  Seq Scan on role_type rt  (cost=0.00..1.15 rows=1 width=4) (actual time=0.010..0.012 rows=1 loops=1)
                                       Filter: ((role)::text = 'editor'::text)
                                       Rows Removed by Filter: 11
                                       Buffers: shared hit=1
                     ->  Index Scan using name_pkey on name n  (cost=0.43..2.32 rows=1 width=4) (actual time=0.036..0.036 rows=0 loops=671376)
                           Index Cond: (id = ci.person_id)
                           Filter: ((gender)::text = 'm'::text)
                           Rows Removed by Filter: 1
                           Buffers: shared hit=2393081 read=292423
 Planning:
   Buffers: shared hit=487 read=90
 Planning Time: 14.277 ms
 Execution Time: 189741.710 ms
(83 rows)

