                                                                                            QUERY PLAN                                                                                            
--------------------------------------------------------------------------------------------------------------------------------------------------------------------------------------------------
 Aggregate  (cost=411882.45..411882.46 rows=1 width=8) (actual time=19111.420..19111.430 rows=1 loops=1)
   Buffers: shared hit=1828142 read=139815
   ->  Nested Loop  (cost=62486.32..411882.44 rows=3 width=0) (actual time=1449.077..19111.352 rows=76 loops=1)
         Buffers: shared hit=1828142 read=139815
         ->  Seq Scan on info_type it2  (cost=0.00..2.41 rows=1 width=4) (actual time=0.038..0.050 rows=1 loops=1)
               Filter: (id = 2)
               Rows Removed by Filter: 112
               Buffers: shared hit=1
         ->  Nested Loop  (cost=62486.32..411880.00 rows=3 width=4) (actual time=1449.038..19111.263 rows=76 loops=1)
               Buffers: shared hit=1828141 read=139815
               ->  Seq Scan on info_type it1  (cost=0.00..2.41 rows=1 width=4) (actual time=0.008..0.022 rows=1 loops=1)
                     Filter: (id = 3)
                     Rows Removed by Filter: 112
                     Buffers: shared hit=1
               ->  Nested Loop  (cost=62486.32..411877.56 rows=3 width=8) (actual time=1449.026..19111.191 rows=76 loops=1)
                     Buffers: shared hit=1828140 read=139815
                     ->  Hash Join  (cost=62485.89..411863.64 rows=6 width=12) (actual time=629.913..19097.430 rows=336 loops=1)
                           Hash Cond: (ci.role_id = rt.id)
                           Buffers: shared hit=1827006 read=139605
                           ->  Nested Loop  (cost=62484.73..411862.22 rows=72 width=16) (actual time=382.092..18994.948 rows=525781 loops=1)
                                 Buffers: shared hit=1827005 read=139605
                                 ->  Nested Loop  (cost=62484.29..411620.50 rows=5 width=20) (actual time=382.060..10324.847 rows=134755 loops=1)
                                       Buffers: shared hit=947179 read=95275
                                       ->  Hash Join  (cost=62483.85..404959.23 rows=146 width=12) (actual time=381.984..829.315 rows=103703 loops=1)
                                             Hash Cond: (mi2.movie_id = t.id)
                                             Buffers: shared hit=6716 read=24214
                                             ->  Bitmap Heap Scan on movie_info mi2  (cost=13862.73..356243.17 rows=24927 width=8) (actual time=40.482..478.665 rows=288414 loops=1)
                                                   Recheck Cond: (info_type_id = 2)
                                                   Filter: ((info)::text = 'Black and White'::text)
                                                   Rows Removed by Filter: 1000514
                                                   Heap Blocks: exact=16526
                                                   Buffers: shared hit=7 read=17536
                                                   ->  Bitmap Index Scan on info_type_id_movie_info  (cost=0.00..13856.49 rows=1296008 width=0) (actual time=36.315..36.315 rows=1288928 loops=1)
                                                         Index Cond: (info_type_id = 2)
                                                         Buffers: shared read=1017
                                             ->  Hash  (cost=48436.16..48436.16 rows=14797 width=4) (actual time=201.687..201.690 rows=103977 loops=1)
                                                   Buckets: 131072 (originally 16384)  Batches: 1 (originally 1)  Memory Usage: 4680kB
                                                   Buffers: shared hit=6709 read=6678
                                                   ->  Nested Loop  (cost=4497.16..48436.16 rows=14797 width=4) (actual time=19.245..185.565 rows=103977 loops=1)
                                                         Buffers: shared hit=6709 read=6678
                                                         ->  Seq Scan on kind_type kt  (cost=0.00..1.09 rows=1 width=4) (actual time=0.008..0.011 rows=1 loops=1)
                                                               Filter: ((kind)::text = 'movie'::text)
                                                               Rows Removed by Filter: 6
                                                               Buffers: shared hit=1
                                                         ->  Bitmap Heap Scan on title t  (cost=4497.16..48262.45 rows=17263 width=8) (actual time=19.233..178.354 rows=103977 loops=1)
                                                               Recheck Cond: (kind_id = kt.id)
                                                               Filter: ((production_year <= 1925) AND (1875 < production_year))
                                                               Rows Removed by Filter: 558848
                                                               Heap Blocks: exact=12865
                                                               Buffers: shared hit=6708 read=6678
                                                               ->  Bitmap Index Scan on kind_id_title  (cost=0.00..4492.84 rows=421388 width=0) (actual time=16.973..16.974 rows=662825 loops=1)
                                                                     Index Cond: (kind_id = kt.id)
                                                                     Buffers: shared read=521
                                       ->  Index Scan using movie_id_movie_info on movie_info mi1  (cost=0.43..45.62 rows=1 width=8) (actual time=0.090..0.091 rows=1 loops=103703)
                                             Index Cond: (movie_id = t.id)
                                             Filter: ((info_type_id = 3) AND ((info)::text = ANY ('{Animation,Crime,Documentary,Drama,Romance,Short,Western}'::text[])))
                                             Rows Removed by Filter: 10
                                             Buffers: shared hit=940463 read=71061
                                 ->  Index Scan using movie_id_cast_info on cast_info ci  (cost=0.44..47.96 rows=38 width=12) (actual time=0.034..0.063 rows=4 loops=134755)
                                       Index Cond: (movie_id = t.id)
                                       Buffers: shared hit=879826 read=44330
                           ->  Hash  (cost=1.15..1.15 rows=1 width=4) (actual time=0.015..0.015 rows=1 loops=1)
                                 Buckets: 1024  Batches: 1  Memory Usage: 9kB
                                 Buffers: shared hit=1
                                 ->  Seq Scan on role_type rt  (cost=0.00..1.15 rows=1 width=4) (actual time=0.009..0.010 rows=1 loops=1)
                                       Filter: ((role)::text = 'costume designer'::text)
                                       Rows Removed by Filter: 11
                                       Buffers: shared hit=1
                     ->  Index Scan using name_pkey on name n  (cost=0.43..2.32 rows=1 width=4) (actual time=0.040..0.040 rows=0 loops=336)
                           Index Cond: (id = ci.person_id)
                           Filter: ((gender)::text = 'm'::text)
                           Rows Removed by Filter: 1
                           Buffers: shared hit=1134 read=210
 Planning:
   Buffers: shared hit=486 read=88
 Planning Time: 13.253 ms
 Execution Time: 19112.255 ms
(77 rows)

