                                                                                               QUERY PLAN                                                                                               
--------------------------------------------------------------------------------------------------------------------------------------------------------------------------------------------------------
 Aggregate  (cost=492534.66..492534.67 rows=1 width=8) (actual time=7005.776..7005.782 rows=1 loops=1)
   Buffers: shared hit=531747 read=186413
   ->  Nested Loop  (cost=16453.83..492534.61 rows=23 width=0) (actual time=55.026..7005.328 rows=1160 loops=1)
         Buffers: shared hit=531747 read=186413
         ->  Seq Scan on info_type it2  (cost=0.00..2.41 rows=1 width=4) (actual time=0.051..0.057 rows=1 loops=1)
               Filter: (id = 2)
               Rows Removed by Filter: 112
               Buffers: shared hit=1
         ->  Nested Loop  (cost=16453.83..492531.96 rows=23 width=4) (actual time=54.973..7005.004 rows=1160 loops=1)
               Buffers: shared hit=531746 read=186413
               ->  Seq Scan on info_type it1  (cost=0.00..2.41 rows=1 width=4) (actual time=0.011..0.019 rows=1 loops=1)
                     Filter: (id = 3)
                     Rows Removed by Filter: 112
                     Buffers: shared hit=1
               ->  Nested Loop  (cost=16453.83..492529.32 rows=23 width=8) (actual time=54.959..7004.657 rows=1160 loops=1)
                     Buffers: shared hit=531745 read=186413
                     ->  Hash Join  (cost=16453.40..492304.33 rows=97 width=12) (actual time=45.458..6257.549 rows=22040 loops=1)
                           Hash Cond: (ci.role_id = rt.id)
                           Buffers: shared hit=454298 read=175700
                           ->  Nested Loop  (cost=16452.24..492299.04 rows=1161 width=16) (actual time=43.940..6211.335 rows=288599 loops=1)
                                 Buffers: shared hit=454297 read=175700
                                 ->  Nested Loop  (cost=16451.80..488759.52 rows=81 width=20) (actual time=43.907..3242.237 rows=9786 loops=1)
                                       Buffers: shared hit=257533 read=73481
                                       ->  Hash Join  (cost=16451.36..412989.89 rows=1794 width=12) (actual time=43.866..2173.326 rows=9701 loops=1)
                                             Hash Cond: (t.kind_id = kt.id)
                                             Buffers: shared hit=184958 read=32570
                                             ->  Nested Loop  (cost=16450.23..412971.12 rows=4185 width=16) (actual time=43.827..2163.589 rows=42002 loops=1)
                                                   Buffers: shared hit=184957 read=32570
                                                   ->  Bitmap Heap Scan on movie_info mi1  (cost=16449.79..374676.92 rows=5283 width=8) (actual time=43.790..538.077 rows=53421 loops=1)
                                                         Recheck Cond: (info_type_id = 3)
                                                         Filter: ((info)::text = ANY ('{Mystery,Sci-Fi,War}'::text[]))
                                                         Rows Removed by Filter: 1480488
                                                         Heap Blocks: exact=9772
                                                         Buffers: shared hit=491 read=10484
                                                         ->  Bitmap Index Scan on info_type_id_movie_info  (cost=0.00..16448.47 rows=1538671 width=0) (actual time=42.589..42.589 rows=1533909 loops=1)
                                                               Index Cond: (info_type_id = 3)
                                                               Buffers: shared read=1203
                                                   ->  Memoize  (cost=0.44..7.29 rows=1 width=8) (actual time=0.030..0.030 rows=1 loops=53421)
                                                         Cache Key: mi1.movie_id
                                                         Cache Mode: logical
                                                         Hits: 1783  Misses: 51638  Evictions: 0  Overflows: 0  Memory Usage: 5009kB
                                                         Buffers: shared hit=184466 read=22086
                                                         ->  Index Scan using title_pkey on title t  (cost=0.43..7.28 rows=1 width=8) (actual time=0.030..0.030 rows=1 loops=51638)
                                                               Index Cond: (id = mi1.movie_id)
                                                               Filter: ((production_year <= 2015) AND (1975 < production_year))
                                                               Rows Removed by Filter: 0
                                                               Buffers: shared hit=184466 read=22086
                                             ->  Hash  (cost=1.10..1.10 rows=3 width=4) (actual time=0.016..0.017 rows=3 loops=1)
                                                   Buckets: 1024  Batches: 1  Memory Usage: 9kB
                                                   Buffers: shared hit=1
                                                   ->  Seq Scan on kind_type kt  (cost=0.00..1.10 rows=3 width=4) (actual time=0.009..0.010 rows=3 loops=1)
                                                         Filter: ((kind)::text = ANY ('{"tv movie","tv series","video game"}'::text[]))
                                                         Rows Removed by Filter: 4
                                                         Buffers: shared hit=1
                                       ->  Index Scan using movie_id_movie_info on movie_info mi2  (cost=0.43..42.23 rows=1 width=8) (actual time=0.091..0.110 rows=1 loops=9701)
                                             Index Cond: (movie_id = t.id)
                                             Filter: (((info)::text = ANY ('{"Black and White",Color}'::text[])) AND (info_type_id = 2))
                                             Rows Removed by Filter: 18
                                             Buffers: shared hit=72575 read=40911
                                 ->  Index Scan using movie_id_cast_info on cast_info ci  (cost=0.44..43.32 rows=38 width=12) (actual time=0.033..0.296 rows=29 loops=9786)
                                       Index Cond: (movie_id = t.id)
                                       Buffers: shared hit=196764 read=102219
                           ->  Hash  (cost=1.15..1.15 rows=1 width=4) (actual time=0.015..0.016 rows=1 loops=1)
                                 Buckets: 1024  Batches: 1  Memory Usage: 9kB
                                 Buffers: shared hit=1
                                 ->  Seq Scan on role_type rt  (cost=0.00..1.15 rows=1 width=4) (actual time=0.009..0.010 rows=1 loops=1)
                                       Filter: ((role)::text = 'producer'::text)
                                       Rows Removed by Filter: 11
                                       Buffers: shared hit=1
                     ->  Index Scan using name_pkey on name n  (cost=0.43..2.32 rows=1 width=4) (actual time=0.033..0.033 rows=0 loops=22040)
                           Index Cond: (id = ci.person_id)
                           Filter: ((gender)::text = 'f'::text)
                           Rows Removed by Filter: 1
                           Buffers: shared hit=77447 read=10713
 Planning:
   Buffers: shared hit=574
 Planning Time: 13.927 ms
 Execution Time: 7007.075 ms
(78 rows)

