                                                                                                  QUERY PLAN                                                                                                  
--------------------------------------------------------------------------------------------------------------------------------------------------------------------------------------------------------------
 Aggregate  (cost=896870.30..896870.31 rows=1 width=8) (actual time=58588.801..58588.809 rows=1 loops=1)
   Buffers: shared hit=5329517 read=713586, temp read=10789 written=10087
   ->  Nested Loop  (cost=760808.73..896869.42 rows=352 width=0) (actual time=1076.158..58586.122 rows=5687 loops=1)
         Buffers: shared hit=5329517 read=713586, temp read=10789 written=10087
         ->  Seq Scan on info_type it2  (cost=0.00..2.41 rows=1 width=4) (actual time=0.032..0.043 rows=1 loops=1)
               Filter: (id = 2)
               Rows Removed by Filter: 112
               Buffers: shared hit=1
         ->  Nested Loop  (cost=760808.73..896863.49 rows=352 width=4) (actual time=1076.125..58584.332 rows=5687 loops=1)
               Buffers: shared hit=5329516 read=713586, temp read=10789 written=10087
               ->  Seq Scan on info_type it1  (cost=0.00..2.41 rows=1 width=4) (actual time=0.008..0.022 rows=1 loops=1)
                     Filter: (id = 3)
                     Rows Removed by Filter: 112
                     Buffers: shared hit=1
               ->  Nested Loop  (cost=760808.73..896857.55 rows=352 width=8) (actual time=1076.115..58582.286 rows=5687 loops=1)
                     Buffers: shared hit=5329515 read=713586, temp read=10789 written=10087
                     ->  Hash Join  (cost=760808.30..893343.48 rows=1515 width=12) (actual time=1074.853..53925.293 rows=122549 loops=1)
                           Hash Cond: (ci.role_id = rt.id)
                           Buffers: shared hit=4900223 read=652682, temp read=10789 written=10087
                           ->  Nested Loop  (cost=760807.14..893277.75 rows=18175 width=16) (actual time=1074.807..53432.397 rows=2544651 loops=1)
                                 Buffers: shared hit=4900222 read=652682, temp read=10789 written=10087
                                 ->  Nested Loop  (cost=760806.70..837917.29 rows=1268 width=20) (actual time=1074.783..25228.032 rows=137521 loops=1)
                                       Buffers: shared hit=2630862 read=61360, temp read=10789 written=10087
                                       ->  Nested Loop  (cost=760806.55..837845.42 rows=2959 width=24) (actual time=1074.767..24768.200 rows=662404 loops=1)
                                             Buffers: shared hit=2630852 read=61358, temp read=10789 written=10087
                                             ->  Merge Join  (cost=760806.12..761935.58 rows=23352 width=16) (actual time=1074.721..1978.174 rows=665923 loops=1)
                                                   Merge Cond: (mi1.movie_id = mi2.movie_id)
                                                   Buffers: shared hit=8512 read=20006, temp read=10789 written=10087
                                                   ->  Sort  (cost=397196.29..397420.81 rows=89807 width=8) (actual time=516.615..683.217 rows=865011 loops=1)
                                                         Sort Key: mi1.movie_id
                                                         Sort Method: external sort  Disk: 18696kB
                                                         Buffers: shared hit=5798 read=5177, temp read=4665 written=4677
                                                         ->  Bitmap Heap Scan on movie_info mi1  (cost=16470.95..389807.63 rows=89807 width=8) (actual time=38.885..301.897 rows=865011 loops=1)
                                                               Recheck Cond: (info_type_id = 3)
                                                               Filter: ((info)::text = ANY ('{Adult,Adventure,Animation,Comedy,Documentary,Drama,History,Horror,Music,Romance,Sci-Fi}'::text[]))
                                                               Rows Removed by Filter: 668898
                                                               Heap Blocks: exact=9772
                                                               Buffers: shared hit=5798 read=5177
                                                               ->  Bitmap Index Scan on info_type_id_movie_info  (cost=0.00..16448.47 rows=1538671 width=0) (actual time=37.679..37.679 rows=1533909 loops=1)
                                                                     Index Cond: (info_type_id = 3)
                                                                     Buffers: shared read=1203
                                                   ->  Sort  (cost=363609.83..363833.28 rows=89381 width=8) (actual time=558.098..776.357 rows=1134075 loops=1)
                                                         Sort Key: mi2.movie_id
                                                         Sort Method: external sort  Disk: 21624kB
                                                         Buffers: shared hit=2714 read=14829, temp read=5760 written=5410
                                                         ->  Bitmap Heap Scan on movie_info mi2  (cost=13878.84..356259.28 rows=89381 width=8) (actual time=31.815..315.320 rows=1000514 loops=1)
                                                               Recheck Cond: (info_type_id = 2)
                                                               Filter: ((info)::text = 'Color'::text)
                                                               Rows Removed by Filter: 288414
                                                               Heap Blocks: exact=16526
                                                               Buffers: shared hit=2714 read=14829
                                                               ->  Bitmap Index Scan on info_type_id_movie_info  (cost=0.00..13856.49 rows=1296008 width=0) (actual time=29.667..29.667 rows=1288928 loops=1)
                                                                     Index Cond: (info_type_id = 2)
                                                                     Buffers: shared hit=1 read=1016
                                             ->  Index Scan using title_pkey on title t  (cost=0.43..3.25 rows=1 width=8) (actual time=0.034..0.034 rows=1 loops=665923)
                                                   Index Cond: (id = mi1.movie_id)
                                                   Filter: ((production_year <= 2015) AND (1925 < production_year))
                                                   Rows Removed by Filter: 0
                                                   Buffers: shared hit=2622340 read=41352
                                       ->  Memoize  (cost=0.14..0.16 rows=1 width=4) (actual time=0.000..0.000 rows=0 loops=662404)
                                             Cache Key: t.kind_id
                                             Cache Mode: logical
                                             Hits: 662398  Misses: 6  Evictions: 0  Overflows: 0  Memory Usage: 1kB
                                             Buffers: shared hit=10 read=2
                                             ->  Index Scan using kind_type_pkey on kind_type kt  (cost=0.13..0.15 rows=1 width=4) (actual time=0.012..0.012 rows=0 loops=6)
                                                   Index Cond: (id = t.kind_id)
                                                   Filter: ((kind)::text = ANY ('{"tv movie","tv series","video game"}'::text[]))
                                                   Rows Removed by Filter: 0
                                                   Buffers: shared hit=10 read=2
                                 ->  Index Scan using movie_id_cast_info on cast_info ci  (cost=0.44..43.28 rows=38 width=12) (actual time=0.035..0.200 rows=19 loops=137521)
                                       Index Cond: (movie_id = t.id)
                                       Buffers: shared hit=2269360 read=591322
                           ->  Hash  (cost=1.15..1.15 rows=1 width=4) (actual time=0.014..0.015 rows=1 loops=1)
                                 Buckets: 1024  Batches: 1  Memory Usage: 9kB
                                 Buffers: shared hit=1
                                 ->  Seq Scan on role_type rt  (cost=0.00..1.15 rows=1 width=4) (actual time=0.007..0.008 rows=1 loops=1)
                                       Filter: ((role)::text = 'director'::text)
                                       Rows Removed by Filter: 11
                                       Buffers: shared hit=1
                     ->  Index Scan using name_pkey on name n  (cost=0.43..2.32 rows=1 width=4) (actual time=0.037..0.037 rows=0 loops=122549)
                           Index Cond: (id = ci.person_id)
                           Filter: ((gender)::text = 'f'::text)
                           Rows Removed by Filter: 1
                           Buffers: shared hit=429292 read=60904
 Planning:
   Buffers: shared hit=521 read=56
 Planning Time: 9.918 ms
 Execution Time: 58601.322 ms
(88 rows)

