                                                                                            QUERY PLAN                                                                                            
--------------------------------------------------------------------------------------------------------------------------------------------------------------------------------------------------
 Aggregate  (cost=643678.04..643678.05 rows=1 width=8) (actual time=37284.023..37284.033 rows=1 loops=1)
   Buffers: shared hit=3286687 read=572797, temp read=1723 written=1723
   ->  Nested Loop  (cost=94166.64..643677.84 rows=80 width=0) (actual time=519.504..37240.284 rows=256660 loops=1)
         Buffers: shared hit=3286687 read=572797, temp read=1723 written=1723
         ->  Seq Scan on info_type it2  (cost=0.00..2.41 rows=1 width=4) (actual time=0.041..0.052 rows=1 loops=1)
               Filter: (id = 2)
               Rows Removed by Filter: 112
               Buffers: shared hit=1
         ->  Nested Loop  (cost=94166.64..643674.63 rows=80 width=4) (actual time=519.461..37189.788 rows=256660 loops=1)
               Buffers: shared hit=3286686 read=572797, temp read=1723 written=1723
               ->  Seq Scan on info_type it1  (cost=0.00..2.41 rows=1 width=4) (actual time=0.012..0.025 rows=1 loops=1)
                     Filter: (id = 3)
                     Rows Removed by Filter: 112
                     Buffers: shared hit=1
               ->  Nested Loop  (cost=94166.64..643671.42 rows=80 width=8) (actual time=519.446..37138.192 rows=256660 loops=1)
                     Buffers: shared hit=3286685 read=572797, temp read=1723 written=1723
                     ->  Hash Join  (cost=94166.21..642868.86 rows=346 width=12) (actual time=519.411..26532.903 rows=303410 loops=1)
                           Hash Cond: (ci.role_id = rt.id)
                           Buffers: shared hit=2137925 read=507917, temp read=1723 written=1723
                           ->  Nested Loop  (cost=94165.03..642860.31 rows=2078 width=16) (actual time=519.291..26215.768 rows=1417194 loops=1)
                                 Buffers: shared hit=2137924 read=507917, temp read=1723 written=1723
                                 ->  Nested Loop  (cost=94164.59..636352.79 rows=145 width=20) (actual time=519.264..10651.071 rows=81364 loops=1)
                                       Buffers: shared hit=812749 read=204600, temp read=1723 written=1723
                                       ->  Hash Join  (cost=94164.16..497953.28 rows=3216 width=12) (actual time=519.222..1571.551 rows=85085 loops=1)
                                             Hash Cond: (mi1.movie_id = t.id)
                                             Buffers: shared hit=1943 read=45424, temp read=1723 written=1723
                                             ->  Bitmap Heap Scan on movie_info mi1  (cost=16461.88..420017.66 rows=53648 width=8) (actual time=42.773..748.852 rows=491628 loops=1)
                                                   Recheck Cond: (info_type_id = 3)
                                                   Filter: ((info)::text = ANY ('{Adventure,Animation,Comedy,Crime,Documentary,Family}'::text[]))
                                                   Rows Removed by Filter: 1042281
                                                   Heap Blocks: exact=9772
                                                   Buffers: shared hit=1942 read=9033
                                                   ->  Bitmap Index Scan on info_type_id_movie_info  (cost=0.00..16448.47 rows=1538671 width=0) (actual time=41.579..41.579 rows=1533909 loops=1)
                                                         Index Cond: (info_type_id = 3)
                                                         Buffers: shared read=1203
                                             ->  Hash  (cost=75807.58..75807.58 rows=151576 width=4) (actual time=474.601..474.605 rows=335746 loops=1)
                                                   Buckets: 262144 (originally 262144)  Batches: 2 (originally 1)  Memory Usage: 7957kB
                                                   Buffers: shared hit=1 read=36391, temp written=491
                                                   ->  Hash Join  (cost=1.13..75807.58 rows=151576 width=4) (actual time=0.046..412.813 rows=335746 loops=1)
                                                         Hash Cond: (t.kind_id = kt.id)
                                                         Buffers: shared hit=1 read=36391
                                                         ->  Seq Scan on title t  (cost=0.00..74315.95 rows=353677 width=8) (actual time=0.025..370.184 rows=347589 loops=1)
                                                               Filter: ((production_year <= 1975) AND (1925 < production_year))
                                                               Rows Removed by Filter: 2180723
                                                               Buffers: shared read=36391
                                                         ->  Hash  (cost=1.10..1.10 rows=3 width=4) (actual time=0.013..0.015 rows=3 loops=1)
                                                               Buckets: 1024  Batches: 1  Memory Usage: 9kB
                                                               Buffers: shared hit=1
                                                               ->  Seq Scan on kind_type kt  (cost=0.00..1.10 rows=3 width=4) (actual time=0.007..0.008 rows=3 loops=1)
                                                                     Filter: ((kind)::text = ANY ('{episode,movie,"tv movie"}'::text[]))
                                                                     Rows Removed by Filter: 4
                                                                     Buffers: shared hit=1
                                       ->  Index Scan using movie_id_movie_info on movie_info mi2  (cost=0.43..43.02 rows=1 width=8) (actual time=0.089..0.106 rows=1 loops=85085)
                                             Index Cond: (movie_id = t.id)
                                             Filter: (((info)::text = ANY ('{"Black and White",Color}'::text[])) AND (info_type_id = 2))
                                             Rows Removed by Filter: 14
                                             Buffers: shared hit=810806 read=159176
                                 ->  Index Scan using movie_id_cast_info on cast_info ci  (cost=0.44..44.50 rows=38 width=12) (actual time=0.035..0.186 rows=17 loops=81364)
                                       Index Cond: (movie_id = t.id)
                                       Buffers: shared hit=1325175 read=303317
                           ->  Hash  (cost=1.15..1.15 rows=2 width=4) (actual time=0.018..0.019 rows=2 loops=1)
                                 Buckets: 1024  Batches: 1  Memory Usage: 9kB
                                 Buffers: shared hit=1
                                 ->  Seq Scan on role_type rt  (cost=0.00..1.15 rows=2 width=4) (actual time=0.010..0.012 rows=2 loops=1)
                                       Filter: ((role)::text = ANY ('{actress,"miscellaneous crew"}'::text[]))
                                       Rows Removed by Filter: 10
                                       Buffers: shared hit=1
                     ->  Index Scan using name_pkey on name n  (cost=0.43..2.32 rows=1 width=4) (actual time=0.034..0.034 rows=1 loops=303410)
                           Index Cond: (id = ci.person_id)
                           Filter: ((gender)::text = 'f'::text)
                           Rows Removed by Filter: 0
                           Buffers: shared hit=1148760 read=64880
 Planning:
   Buffers: shared hit=505 read=69
 Planning Time: 14.726 ms
 Execution Time: 37284.672 ms
(76 rows)

