                                                                                                  QUERY PLAN                                                                                                  
--------------------------------------------------------------------------------------------------------------------------------------------------------------------------------------------------------------
 Aggregate  (cost=855081.71..855081.72 rows=1 width=8) (actual time=79310.174..79310.184 rows=1 loops=1)
   Buffers: shared hit=6944202 read=1247015, temp read=6282 written=6160
   ->  Nested Loop  (cost=801511.26..855080.00 rows=685 width=0) (actual time=1045.725..79207.649 rows=595983 loops=1)
         Buffers: shared hit=6944202 read=1247015, temp read=6282 written=6160
         ->  Hash Join  (cost=801510.83..852642.18 rows=1051 width=4) (actual time=1045.702..54284.804 rows=708417 loops=1)
               Hash Cond: (ci.role_id = rt.id)
               Buffers: shared hit=4254428 read=1103121, temp read=6282 written=6160
               ->  Nested Loop  (cost=801509.65..852618.60 rows=6307 width=8) (actual time=1045.534..53442.019 rows=3817721 loops=1)
                     Buffers: shared hit=4254427 read=1103121, temp read=6282 written=6160
                     ->  Nested Loop  (cost=801509.21..833391.61 rows=440 width=12) (actual time=1045.508..11182.228 rows=183037 loops=1)
                           Buffers: shared hit=1069151 read=50513, temp read=6282 written=6160
                           ->  Nested Loop  (cost=801509.21..833383.69 rows=440 width=16) (actual time=1045.502..11057.561 rows=183037 loops=1)
                                 Buffers: shared hit=1069150 read=50513, temp read=6282 written=6160
                                 ->  Nested Loop  (cost=801509.21..833375.78 rows=440 width=20) (actual time=1045.483..10936.305 rows=183037 loops=1)
                                       Buffers: shared hit=1069149 read=50513, temp read=6282 written=6160
                                       ->  Nested Loop  (cost=801509.07..833350.17 rows=1026 width=24) (actual time=1044.977..10723.465 rows=251399 loops=1)
                                             Join Filter: (t.id = mi1.movie_id)
                                             Buffers: shared hit=1069137 read=50513, temp read=6282 written=6160
                                             ->  Merge Join  (cost=801508.64..802233.87 rows=9522 width=16) (actual time=1044.933..1606.364 rows=272783 loops=1)
                                                   Merge Cond: (mi1.movie_id = mi2.movie_id)
                                                   Buffers: shared hit=14746 read=13772, temp read=6282 written=6160
                                                   ->  Sort  (cost=437898.81..437990.36 rows=36620 width=8) (actual time=488.898..568.266 rows=337864 loops=1)
                                                         Sort Key: mi1.movie_id
                                                         Sort Method: external merge  Disk: 5968kB
                                                         Buffers: shared hit=8406 read=2569, temp read=746 written=750
                                                         ->  Bitmap Heap Scan on movie_info mi1  (cost=16457.62..435122.95 rows=36620 width=8) (actual time=42.557..426.988 rows=337864 loops=1)
                                                               Recheck Cond: (info_type_id = 3)
                                                               Filter: ((info)::text = ANY ('{Crime,Documentary,Family,Fantasy,Sci-Fi,Sport,Thriller}'::text[]))
                                                               Rows Removed by Filter: 1196045
                                                               Heap Blocks: exact=9772
                                                               Buffers: shared hit=8406 read=2569
                                                               ->  Bitmap Index Scan on info_type_id_movie_info  (cost=0.00..16448.47 rows=1538671 width=0) (actual time=41.376..41.377 rows=1533909 loops=1)
                                                                     Index Cond: (info_type_id = 3)
                                                                     Buffers: shared read=1203
                                                   ->  Sort  (cost=363609.83..363833.28 rows=89381 width=8) (actual time=556.025..746.211 rows=1029376 loops=1)
                                                         Sort Key: mi2.movie_id
                                                         Sort Method: external sort  Disk: 21624kB
                                                         Buffers: shared hit=6340 read=11203, temp read=5466 written=5410
                                                         ->  Bitmap Heap Scan on movie_info mi2  (cost=13878.84..356259.28 rows=89381 width=8) (actual time=33.222..310.758 rows=1000514 loops=1)
                                                               Recheck Cond: (info_type_id = 2)
                                                               Filter: ((info)::text = 'Color'::text)
                                                               Rows Removed by Filter: 288414
                                                               Heap Blocks: exact=16526
                                                               Buffers: shared hit=6340 read=11203
                                                               ->  Bitmap Index Scan on info_type_id_movie_info  (cost=0.00..13856.49 rows=1296008 width=0) (actual time=31.064..31.064 rows=1288928 loops=1)
                                                                     Index Cond: (info_type_id = 2)
                                                                     Buffers: shared hit=1 read=1016
                                             ->  Index Scan using title_pkey on title t  (cost=0.43..3.26 rows=1 width=8) (actual time=0.033..0.033 rows=1 loops=272783)
                                                   Index Cond: (id = mi2.movie_id)
                                                   Filter: ((production_year <= 2015) AND (1975 < production_year))
                                                   Rows Removed by Filter: 0
                                                   Buffers: shared hit=1054391 read=36741
                                       ->  Memoize  (cost=0.14..0.16 rows=1 width=4) (actual time=0.000..0.000 rows=1 loops=251399)
                                             Cache Key: t.kind_id
                                             Cache Mode: logical
                                             Hits: 251393  Misses: 6  Evictions: 0  Overflows: 0  Memory Usage: 1kB
                                             Buffers: shared hit=12
                                             ->  Index Scan using kind_type_pkey on kind_type kt  (cost=0.13..0.15 rows=1 width=4) (actual time=0.011..0.011 rows=0 loops=6)
                                                   Index Cond: (id = t.kind_id)
                                                   Filter: ((kind)::text = ANY ('{episode,movie,"video movie"}'::text[]))
                                                   Rows Removed by Filter: 0
                                                   Buffers: shared hit=12
                                 ->  Materialize  (cost=0.00..2.42 rows=1 width=4) (actual time=0.000..0.000 rows=1 loops=183037)
                                       Buffers: shared hit=1
                                       ->  Seq Scan on info_type it1  (cost=0.00..2.41 rows=1 width=4) (actual time=0.017..0.021 rows=1 loops=1)
                                             Filter: (id = 3)
                                             Rows Removed by Filter: 112
                                             Buffers: shared hit=1
                           ->  Materialize  (cost=0.00..2.42 rows=1 width=4) (actual time=0.000..0.000 rows=1 loops=183037)
                                 Buffers: shared hit=1
                                 ->  Seq Scan on info_type it2  (cost=0.00..2.41 rows=1 width=4) (actual time=0.005..0.009 rows=1 loops=1)
                                       Filter: (id = 2)
                                       Rows Removed by Filter: 112
                                       Buffers: shared hit=1
                     ->  Index Scan using movie_id_cast_info on cast_info ci  (cost=0.44..43.32 rows=38 width=12) (actual time=0.035..0.225 rows=21 loops=183037)
                           Index Cond: (movie_id = t.id)
                           Buffers: shared hit=3185276 read=1052608
               ->  Hash  (cost=1.15..1.15 rows=2 width=4) (actual time=0.032..0.033 rows=2 loops=1)
                     Buckets: 1024  Batches: 1  Memory Usage: 9kB
                     Buffers: shared hit=1
                     ->  Seq Scan on role_type rt  (cost=0.00..1.15 rows=2 width=4) (actual time=0.024..0.026 rows=2 loops=1)
                           Filter: ((role)::text = ANY ('{actress,cinematographer}'::text[]))
                           Rows Removed by Filter: 10
                           Buffers: shared hit=1
         ->  Index Scan using name_pkey on name n  (cost=0.43..2.32 rows=1 width=4) (actual time=0.034..0.034 rows=1 loops=708417)
               Index Cond: (id = ci.person_id)
               Filter: ((gender)::text = ANY ('{f,m}'::text[]))
               Rows Removed by Filter: 0
               Buffers: shared hit=2689774 read=143894
 Planning:
   Buffers: shared hit=529 read=45
 Planning Time: 13.986 ms
 Execution Time: 79319.400 ms
(93 rows)

