                                                                                            QUERY PLAN                                                                                            
--------------------------------------------------------------------------------------------------------------------------------------------------------------------------------------------------
 Aggregate  (cost=411657.11..411657.12 rows=1 width=8) (actual time=10642.291..10642.299 rows=1 loops=1)
   Buffers: shared hit=979371 read=111532
   ->  Nested Loop  (cost=62486.33..411657.10 rows=1 width=0) (actual time=378.047..10641.807 rows=1065 loops=1)
         Buffers: shared hit=979371 read=111532
         ->  Hash Join  (cost=62485.90..411652.46 rows=2 width=4) (actual time=378.012..10570.486 rows=1742 loops=1)
               Hash Cond: (ci.role_id = rt.id)
               Buffers: shared hit=973255 read=110680
               ->  Nested Loop  (cost=62484.73..411651.24 rows=14 width=8) (actual time=377.001..10564.492 rows=25180 loops=1)
                     Buffers: shared hit=973254 read=110680
                     ->  Nested Loop  (cost=62484.29..411602.90 rows=1 width=12) (actual time=376.969..10137.288 rows=3369 loops=1)
                           Buffers: shared hit=949405 read=99787
                           ->  Nested Loop  (cost=62484.29..411600.47 rows=1 width=16) (actual time=376.964..10062.545 rows=3369 loops=1)
                                 Buffers: shared hit=946036 read=99787
                                 ->  Nested Loop  (cost=62484.29..411598.05 rows=1 width=20) (actual time=376.943..9985.839 rows=3369 loops=1)
                                       Buffers: shared hit=942668 read=99786
                                       ->  Hash Join  (cost=62483.85..404959.23 rows=146 width=12) (actual time=376.574..796.449 rows=103703 loops=1)
                                             Hash Cond: (mi2.movie_id = t.id)
                                             Buffers: shared hit=1739 read=29191
                                             ->  Bitmap Heap Scan on movie_info mi2  (cost=13862.73..356243.17 rows=24927 width=8) (actual time=41.404..459.612 rows=288414 loops=1)
                                                   Recheck Cond: (info_type_id = 2)
                                                   Filter: ((info)::text = 'Black and White'::text)
                                                   Rows Removed by Filter: 1000514
                                                   Heap Blocks: exact=16526
                                                   Buffers: shared hit=8 read=17535
                                                   ->  Bitmap Index Scan on info_type_id_movie_info  (cost=0.00..13856.49 rows=1296008 width=0) (actual time=37.189..37.189 rows=1288928 loops=1)
                                                         Index Cond: (info_type_id = 2)
                                                         Buffers: shared read=1017
                                             ->  Hash  (cost=48436.16..48436.16 rows=14797 width=4) (actual time=194.445..194.448 rows=103977 loops=1)
                                                   Buckets: 131072 (originally 16384)  Batches: 1 (originally 1)  Memory Usage: 4680kB
                                                   Buffers: shared hit=1731 read=11656
                                                   ->  Nested Loop  (cost=4497.16..48436.16 rows=14797 width=4) (actual time=19.407..179.789 rows=103977 loops=1)
                                                         Buffers: shared hit=1731 read=11656
                                                         ->  Seq Scan on kind_type kt  (cost=0.00..1.09 rows=1 width=4) (actual time=0.008..0.011 rows=1 loops=1)
                                                               Filter: ((kind)::text = 'movie'::text)
                                                               Rows Removed by Filter: 6
                                                               Buffers: shared hit=1
                                                         ->  Bitmap Heap Scan on title t  (cost=4497.16..48262.45 rows=17263 width=8) (actual time=19.394..173.202 rows=103977 loops=1)
                                                               Recheck Cond: (kind_id = kt.id)
                                                               Filter: ((production_year <= 1925) AND (1875 < production_year))
                                                               Rows Removed by Filter: 558848
                                                               Heap Blocks: exact=12865
                                                               Buffers: shared hit=1730 read=11656
                                                               ->  Bitmap Index Scan on kind_id_title  (cost=0.00..4492.84 rows=421388 width=0) (actual time=17.143..17.143 rows=662825 loops=1)
                                                                     Index Cond: (kind_id = kt.id)
                                                                     Buffers: shared read=521
                                       ->  Index Scan using movie_id_movie_info on movie_info mi1  (cost=0.43..45.46 rows=1 width=8) (actual time=0.088..0.088 rows=0 loops=103703)
                                             Index Cond: (movie_id = t.id)
                                             Filter: ((info_type_id = 3) AND ((info)::text = ANY ('{Adventure,Fantasy,Mystery,Sport}'::text[])))
                                             Rows Removed by Filter: 11
                                             Buffers: shared hit=940929 read=70595
                                 ->  Seq Scan on info_type it1  (cost=0.00..2.41 rows=1 width=4) (actual time=0.010..0.020 rows=1 loops=3369)
                                       Filter: (id = 3)
                                       Rows Removed by Filter: 112
                                       Buffers: shared hit=3368 read=1
                           ->  Seq Scan on info_type it2  (cost=0.00..2.41 rows=1 width=4) (actual time=0.010..0.020 rows=1 loops=3369)
                                 Filter: (id = 2)
                                 Rows Removed by Filter: 112
                                 Buffers: shared hit=3369
                     ->  Index Scan using movie_id_cast_info on cast_info ci  (cost=0.44..47.96 rows=38 width=12) (actual time=0.044..0.124 rows=7 loops=3369)
                           Index Cond: (movie_id = t.id)
                           Buffers: shared hit=23849 read=10893
               ->  Hash  (cost=1.15..1.15 rows=2 width=4) (actual time=0.035..0.035 rows=2 loops=1)
                     Buckets: 1024  Batches: 1  Memory Usage: 9kB
                     Buffers: shared hit=1
                     ->  Seq Scan on role_type rt  (cost=0.00..1.15 rows=2 width=4) (actual time=0.026..0.028 rows=2 loops=1)
                           Filter: ((role)::text = ANY ('{"miscellaneous crew",producer}'::text[]))
                           Rows Removed by Filter: 10
                           Buffers: shared hit=1
         ->  Index Scan using name_pkey on name n  (cost=0.43..2.32 rows=1 width=4) (actual time=0.040..0.040 rows=1 loops=1742)
               Index Cond: (id = ci.person_id)
               Filter: ((gender)::text = ANY ('{f,m}'::text[]))
               Rows Removed by Filter: 0
               Buffers: shared hit=6116 read=852
 Planning:
   Buffers: shared hit=485 read=89
 Planning Time: 14.083 ms
 Execution Time: 10643.740 ms
(77 rows)

