                                                                                               QUERY PLAN                                                                                               
--------------------------------------------------------------------------------------------------------------------------------------------------------------------------------------------------------
 Aggregate  (cost=472342.96..472342.97 rows=1 width=8) (actual time=5974.122..5974.129 rows=1 loops=1)
   Buffers: shared hit=484530 read=136954
   ->  Nested Loop  (cost=16453.94..472342.89 rows=27 width=0) (actual time=50.740..5972.907 rows=7015 loops=1)
         Buffers: shared hit=484530 read=136954
         ->  Hash Join  (cost=16453.51..472247.79 rows=41 width=4) (actual time=50.693..5652.267 rows=8219 loops=1)
               Hash Cond: (ci.role_id = rt.id)
               Buffers: shared hit=461569 read=127039
               ->  Nested Loop  (cost=16452.34..472245.75 rows=244 width=8) (actual time=50.433..5643.412 rows=43768 loops=1)
                     Buffers: shared hit=461568 read=127039
                     ->  Nested Loop  (cost=16451.90..471502.25 rows=17 width=12) (actual time=48.903..5085.278 rows=1998 loops=1)
                           Buffers: shared hit=443683 read=97168
                           ->  Seq Scan on info_type it2  (cost=0.00..2.41 rows=1 width=4) (actual time=0.035..0.043 rows=1 loops=1)
                                 Filter: (id = 2)
                                 Rows Removed by Filter: 112
                                 Buffers: shared hit=1
                           ->  Nested Loop  (cost=16451.90..471499.66 rows=17 width=16) (actual time=48.867..5084.680 rows=1998 loops=1)
                                 Buffers: shared hit=443682 read=97168
                                 ->  Seq Scan on info_type it1  (cost=0.00..2.41 rows=1 width=4) (actual time=0.008..0.019 rows=1 loops=1)
                                       Filter: (id = 3)
                                       Rows Removed by Filter: 112
                                       Buffers: shared hit=1
                                 ->  Nested Loop  (cost=16451.90..471497.08 rows=17 width=20) (actual time=48.855..5084.114 rows=1998 loops=1)
                                       Buffers: shared hit=443681 read=97168
                                       ->  Hash Join  (cost=16451.46..400414.70 rows=1682 width=12) (actual time=42.447..2163.927 rows=27203 loops=1)
                                             Hash Cond: (t.kind_id = kt.id)
                                             Buffers: shared hit=187197 read=26463
                                             ->  Nested Loop  (cost=16450.33..400397.02 rows=3924 width=16) (actual time=41.500..2152.541 rows=34582 loops=1)
                                                   Buffers: shared hit=187196 read=26463
                                                   ->  Bitmap Heap Scan on movie_info mi1  (cost=16449.89..359567.48 rows=5693 width=8) (actual time=41.408..469.928 rows=55170 loops=1)
                                                         Recheck Cond: (info_type_id = 3)
                                                         Filter: ((info)::text = ANY ('{Crime,Mystery}'::text[]))
                                                         Rows Removed by Filter: 1478739
                                                         Heap Blocks: exact=9772
                                                         Buffers: shared hit=7695 read=3280
                                                         ->  Bitmap Index Scan on info_type_id_movie_info  (cost=0.00..16448.47 rows=1538671 width=0) (actual time=40.216..40.216 rows=1533909 loops=1)
                                                               Index Cond: (info_type_id = 3)
                                                               Buffers: shared hit=1203
                                                   ->  Memoize  (cost=0.44..7.21 rows=1 width=8) (actual time=0.030..0.030 rows=1 loops=55170)
                                                         Cache Key: mi1.movie_id
                                                         Cache Mode: logical
                                                         Hits: 4499  Misses: 50671  Evictions: 0  Overflows: 0  Memory Usage: 4612kB
                                                         Buffers: shared hit=179501 read=23183
                                                         ->  Index Scan using title_pkey on title t  (cost=0.43..7.20 rows=1 width=8) (actual time=0.032..0.032 rows=1 loops=50671)
                                                               Index Cond: (id = mi1.movie_id)
                                                               Filter: ((production_year <= 2015) AND (1990 < production_year))
                                                               Rows Removed by Filter: 0
                                                               Buffers: shared hit=179501 read=23183
                                             ->  Hash  (cost=1.10..1.10 rows=3 width=4) (actual time=0.015..0.016 rows=3 loops=1)
                                                   Buckets: 1024  Batches: 1  Memory Usage: 9kB
                                                   Buffers: shared hit=1
                                                   ->  Seq Scan on kind_type kt  (cost=0.00..1.10 rows=3 width=4) (actual time=0.008..0.011 rows=3 loops=1)
                                                         Filter: ((kind)::text = ANY ('{episode,movie,"video movie"}'::text[]))
                                                         Rows Removed by Filter: 4
                                                         Buffers: shared hit=1
                                       ->  Index Scan using movie_id_movie_info on movie_info mi2  (cost=0.43..42.25 rows=1 width=8) (actual time=0.106..0.107 rows=0 loops=27203)
                                             Index Cond: (movie_id = t.id)
                                             Filter: ((info_type_id = 2) AND ((info)::text = 'Black and White'::text))
                                             Rows Removed by Filter: 24
                                             Buffers: shared hit=256484 read=70705
                     ->  Index Scan using movie_id_cast_info on cast_info ci  (cost=0.44..43.36 rows=38 width=12) (actual time=0.039..0.274 rows=22 loops=1998)
                           Index Cond: (movie_id = t.id)
                           Buffers: shared hit=17885 read=29871
               ->  Hash  (cost=1.15..1.15 rows=2 width=4) (actual time=0.035..0.036 rows=2 loops=1)
                     Buckets: 1024  Batches: 1  Memory Usage: 9kB
                     Buffers: shared hit=1
                     ->  Seq Scan on role_type rt  (cost=0.00..1.15 rows=2 width=4) (actual time=0.027..0.029 rows=2 loops=1)
                           Filter: ((role)::text = ANY ('{actress,cinematographer}'::text[]))
                           Rows Removed by Filter: 10
                           Buffers: shared hit=1
         ->  Index Scan using name_pkey on name n  (cost=0.43..2.32 rows=1 width=4) (actual time=0.038..0.038 rows=1 loops=8219)
               Index Cond: (id = ci.person_id)
               Filter: ((gender)::text = ANY ('{f,m}'::text[]))
               Rows Removed by Filter: 0
               Buffers: shared hit=22961 read=9915
 Planning:
   Buffers: shared hit=574
 Planning Time: 14.380 ms
 Execution Time: 5975.721 ms
(78 rows)

