                                                                                             QUERY PLAN                                                                                             
----------------------------------------------------------------------------------------------------------------------------------------------------------------------------------------------------
 Aggregate  (cost=398988.70..398988.71 rows=1 width=8) (actual time=15995.350..15995.356 rows=1 loops=1)
   Buffers: shared hit=1534829 read=96482
   ->  Nested Loop  (cost=48622.87..398988.70 rows=1 width=0) (actual time=197.489..15993.961 rows=3582 loops=1)
         Buffers: shared hit=1534829 read=96482
         ->  Nested Loop  (cost=48622.87..398986.28 rows=1 width=4) (actual time=197.484..15935.540 rows=3582 loops=1)
               Buffers: shared hit=1531247 read=96482
               ->  Nested Loop  (cost=48622.87..398983.85 rows=1 width=8) (actual time=197.468..15869.635 rows=3582 loops=1)
                     Join Filter: (t.id = mi2.movie_id)
                     Buffers: shared hit=1527665 read=96482
                     ->  Nested Loop  (cost=48622.43..398226.50 rows=18 width=16) (actual time=197.444..15579.430 rows=3538 loops=1)
                           Join Filter: (t.id = mi1.movie_id)
                           Buffers: shared hit=1485900 read=96481
                           ->  Nested Loop  (cost=48622.00..225085.68 rows=4105 width=8) (actual time=194.376..7267.213 rows=106622 loops=1)
                                 Buffers: shared hit=428146 read=66653
                                 ->  Hash Join  (cost=48621.57..184088.17 rows=17675 width=12) (actual time=194.336..4258.639 rows=106622 loops=1)
                                       Hash Cond: (ci.movie_id = t.id)
                                       Buffers: shared hit=12322 read=55989
                                       ->  Nested Loop  (cost=0.44..123965.00 rows=3020080 width=8) (actual time=0.101..2727.962 rows=7451973 loops=1)
                                             Buffers: shared hit=1422 read=53502
                                             ->  Seq Scan on role_type rt  (cost=0.00..1.15 rows=1 width=4) (actual time=0.019..0.022 rows=1 loops=1)
                                                   Filter: ((role)::text = 'actress'::text)
                                                   Rows Removed by Filter: 11
                                                   Buffers: shared hit=1
                                             ->  Index Scan using role_id_cast_info on cast_info ci  (cost=0.44..91017.52 rows=3294633 width=12) (actual time=0.079..1744.499 rows=7451973 loops=1)
                                                   Index Cond: (role_id = rt.id)
                                                   Buffers: shared hit=1421 read=53502
                                       ->  Hash  (cost=48436.16..48436.16 rows=14797 width=4) (actual time=194.021..194.023 rows=103977 loops=1)
                                             Buckets: 131072 (originally 16384)  Batches: 1 (originally 1)  Memory Usage: 4680kB
                                             Buffers: shared hit=10900 read=2487
                                             ->  Nested Loop  (cost=4497.16..48436.16 rows=14797 width=4) (actual time=21.321..178.677 rows=103977 loops=1)
                                                   Buffers: shared hit=10900 read=2487
                                                   ->  Seq Scan on kind_type kt  (cost=0.00..1.09 rows=1 width=4) (actual time=0.008..0.012 rows=1 loops=1)
                                                         Filter: ((kind)::text = 'movie'::text)
                                                         Rows Removed by Filter: 6
                                                         Buffers: shared hit=1
                                                   ->  Bitmap Heap Scan on title t  (cost=4497.16..48262.45 rows=17263 width=8) (actual time=21.310..172.483 rows=103977 loops=1)
                                                         Recheck Cond: (kind_id = kt.id)
                                                         Filter: ((production_year <= 1925) AND (1875 < production_year))
                                                         Rows Removed by Filter: 558848
                                                         Heap Blocks: exact=12865
                                                         Buffers: shared hit=10899 read=2487
                                                         ->  Bitmap Index Scan on kind_id_title  (cost=0.00..4492.84 rows=421388 width=0) (actual time=19.025..19.025 rows=662825 loops=1)
                                                               Index Cond: (kind_id = kt.id)
                                                               Buffers: shared read=521
                                 ->  Index Scan using name_pkey on name n  (cost=0.43..2.32 rows=1 width=4) (actual time=0.028..0.028 rows=1 loops=106622)
                                       Index Cond: (id = ci.person_id)
                                       Filter: ((gender)::text = 'f'::text)
                                       Buffers: shared hit=415824 read=10664
                           ->  Index Scan using movie_id_movie_info on movie_info mi1  (cost=0.43..42.17 rows=1 width=8) (actual time=0.078..0.078 rows=0 loops=106622)
                                 Index Cond: (movie_id = ci.movie_id)
                                 Filter: ((info_type_id = 3) AND ((info)::text = ANY ('{Action,Fantasy,Mystery,Sport}'::text[])))
                                 Rows Removed by Filter: 12
                                 Buffers: shared hit=1057754 read=29828
                     ->  Index Scan using movie_id_movie_info on movie_info mi2  (cost=0.43..42.06 rows=1 width=8) (actual time=0.068..0.081 rows=1 loops=3538)
                           Index Cond: (movie_id = ci.movie_id)
                           Filter: ((info_type_id = 2) AND ((info)::text = 'Black and White'::text))
                           Rows Removed by Filter: 17
                           Buffers: shared hit=41765 read=1
               ->  Seq Scan on info_type it1  (cost=0.00..2.41 rows=1 width=4) (actual time=0.009..0.016 rows=1 loops=3582)
                     Filter: (id = 3)
                     Rows Removed by Filter: 112
                     Buffers: shared hit=3582
         ->  Seq Scan on info_type it2  (cost=0.00..2.41 rows=1 width=4) (actual time=0.008..0.015 rows=1 loops=3582)
               Filter: (id = 2)
               Rows Removed by Filter: 112
               Buffers: shared hit=3582
 Planning:
   Buffers: shared hit=529 read=45
 Planning Time: 10.760 ms
 Execution Time: 15995.870 ms
(70 rows)

