                                                                                                QUERY PLAN                                                                                                
----------------------------------------------------------------------------------------------------------------------------------------------------------------------------------------------------------
 Aggregate  (cost=433927.63..433927.64 rows=1 width=8) (actual time=2931.786..2931.791 rows=1 loops=1)
   Buffers: shared hit=42512 read=78455
   ->  Nested Loop  (cost=74992.35..433927.62 rows=4 width=0) (actual time=397.597..2931.686 rows=561 loops=1)
         Buffers: shared hit=42512 read=78455
         ->  Seq Scan on info_type it2  (cost=0.00..2.41 rows=1 width=4) (actual time=0.038..0.044 rows=1 loops=1)
               Filter: (id = 2)
               Rows Removed by Filter: 112
               Buffers: shared hit=1
         ->  Nested Loop  (cost=74992.35..433925.17 rows=4 width=4) (actual time=397.557..2931.562 rows=561 loops=1)
               Buffers: shared hit=42511 read=78455
               ->  Seq Scan on info_type it1  (cost=0.00..2.41 rows=1 width=4) (actual time=0.007..0.012 rows=1 loops=1)
                     Filter: (id = 3)
                     Rows Removed by Filter: 112
                     Buffers: shared hit=1
               ->  Nested Loop  (cost=74992.35..433922.72 rows=4 width=8) (actual time=397.549..2931.459 rows=561 loops=1)
                     Join Filter: (t.id = mi2.movie_id)
                     Buffers: shared hit=42510 read=78455
                     ->  Nested Loop  (cost=74991.92..430388.37 rows=84 width=16) (actual time=397.515..2918.140 rows=560 loops=1)
                           Join Filter: (t.id = mi1.movie_id)
                           Buffers: shared hit=36473 read=78435
                           ->  Nested Loop  (cost=74991.48..249808.23 rows=4271 width=8) (actual time=397.433..2859.674 rows=1693 loops=1)
                                 Buffers: shared hit=21329 read=76759
                                 ->  Hash Join  (cost=74991.05..207154.58 rows=18389 width=12) (actual time=397.387..2835.846 rows=1693 loops=1)
                                       Hash Cond: (t.kind_id = kt.id)
                                       Buffers: shared hit=14993 read=76323
                                       ->  Hash Join  (cost=74989.94..206882.22 rows=64364 width=16) (actual time=389.898..2826.069 rows=170629 loops=1)
                                             Hash Cond: (ci.movie_id = t.id)
                                             Buffers: shared hit=14992 read=76323
                                             ->  Nested Loop  (cost=0.44..123965.00 rows=3020080 width=8) (actual time=0.074..1756.153 rows=7451973 loops=1)
                                                   Buffers: shared hit=7733 read=47191
                                                   ->  Seq Scan on role_type rt  (cost=0.00..1.15 rows=1 width=4) (actual time=0.007..0.010 rows=1 loops=1)
                                                         Filter: ((role)::text = 'actress'::text)
                                                         Rows Removed by Filter: 11
                                                         Buffers: shared hit=1
                                                   ->  Index Scan using role_id_cast_info on cast_info ci  (cost=0.44..91017.52 rows=3294633 width=12) (actual time=0.065..1135.536 rows=7451973 loops=1)
                                                         Index Cond: (role_id = rt.id)
                                                         Buffers: shared hit=7732 read=47191
                                             ->  Hash  (cost=74315.95..74315.95 rows=53884 width=8) (actual time=389.398..389.399 rows=51669 loops=1)
                                                   Buckets: 65536  Batches: 1  Memory Usage: 2531kB
                                                   Buffers: shared hit=7259 read=29132
                                                   ->  Seq Scan on title t  (cost=0.00..74315.95 rows=53884 width=8) (actual time=0.518..379.415 rows=51669 loops=1)
                                                         Filter: ((production_year <= 1949) AND (1928 < production_year))
                                                         Rows Removed by Filter: 2476643
                                                         Buffers: shared hit=7259 read=29132
                                       ->  Hash  (cost=1.09..1.09 rows=2 width=4) (actual time=0.015..0.016 rows=2 loops=1)
                                             Buckets: 1024  Batches: 1  Memory Usage: 9kB
                                             Buffers: shared hit=1
                                             ->  Seq Scan on kind_type kt  (cost=0.00..1.09 rows=2 width=4) (actual time=0.008..0.009 rows=2 loops=1)
                                                   Filter: ((kind)::text = ANY ('{"tv movie","tv series"}'::text[]))
                                                   Rows Removed by Filter: 5
                                                   Buffers: shared hit=1
                                 ->  Index Scan using name_pkey on name n  (cost=0.43..2.32 rows=1 width=4) (actual time=0.014..0.014 rows=1 loops=1693)
                                       Index Cond: (id = ci.person_id)
                                       Filter: ((gender)::text = 'f'::text)
                                       Buffers: shared hit=6336 read=436
                           ->  Index Scan using movie_id_movie_info on movie_info mi1  (cost=0.43..42.27 rows=1 width=8) (actual time=0.034..0.034 rows=0 loops=1693)
                                 Index Cond: (movie_id = ci.movie_id)
                                 Filter: ((info_type_id = 3) AND ((info)::text = ANY ('{Action,Adventure,Comedy,Documentary,Mystery,War}'::text[])))
                                 Rows Removed by Filter: 8
                                 Buffers: shared hit=15144 read=1676
                     ->  Index Scan using movie_id_movie_info on movie_info mi2  (cost=0.43..42.06 rows=1 width=8) (actual time=0.018..0.023 rows=1 loops=560)
                           Index Cond: (movie_id = ci.movie_id)
                           Filter: (((info)::text = ANY ('{"Black and White",Color}'::text[])) AND (info_type_id = 2))
                           Rows Removed by Filter: 9
                           Buffers: shared hit=6037 read=20
 Planning:
   Buffers: shared hit=519 read=55
 Planning Time: 12.280 ms
 Execution Time: 2932.164 ms
(69 rows)

