                                                                                               QUERY PLAN                                                                                               
--------------------------------------------------------------------------------------------------------------------------------------------------------------------------------------------------------
 Aggregate  (cost=508662.58..508662.59 rows=1 width=8) (actual time=4403.298..4403.306 rows=1 loops=1)
   Buffers: shared hit=427738 read=28284
   ->  Nested Loop  (cost=16455.61..508662.41 rows=67 width=0) (actual time=43.685..4402.882 rows=3824 loops=1)
         Buffers: shared hit=427738 read=28284
         ->  Hash Join  (cost=16455.18..508423.50 rows=103 width=4) (actual time=43.653..4261.095 rows=4024 loops=1)
               Hash Cond: (ci.role_id = rt.id)
               Buffers: shared hit=414466 read=25460
               ->  Nested Loop  (cost=16454.01..508420.14 rows=616 width=8) (actual time=43.594..4259.304 rows=8920 loops=1)
                     Buffers: shared hit=414465 read=25460
                     ->  Nested Loop  (cost=16453.57..506504.31 rows=43 width=12) (actual time=43.236..4135.978 rows=977 loops=1)
                           Buffers: shared hit=409241 read=19130
                           ->  Seq Scan on info_type it2  (cost=0.00..2.41 rows=1 width=4) (actual time=0.031..0.040 rows=1 loops=1)
                                 Filter: (id = 2)
                                 Rows Removed by Filter: 112
                                 Buffers: shared hit=1
                           ->  Nested Loop  (cost=16453.57..506501.46 rows=43 width=16) (actual time=43.204..4135.767 rows=977 loops=1)
                                 Buffers: shared hit=409240 read=19130
                                 ->  Seq Scan on info_type it1  (cost=0.00..2.41 rows=1 width=4) (actual time=0.008..0.020 rows=1 loops=1)
                                       Filter: (id = 3)
                                       Rows Removed by Filter: 112
                                       Buffers: shared hit=1
                                 ->  Nested Loop  (cost=16453.57..506498.62 rows=43 width=20) (actual time=43.192..4135.555 rows=977 loops=1)
                                       Buffers: shared hit=409239 read=19130
                                       ->  Hash Join  (cost=16453.13..465482.15 rows=958 width=12) (actual time=43.135..4018.925 rows=972 loops=1)
                                             Hash Cond: (t.kind_id = kt.id)
                                             Buffers: shared hit=402472 read=14816
                                             ->  Nested Loop  (cost=16452.00..465471.60 rows=2236 width=16) (actual time=43.089..4014.008 rows=22092 loops=1)
                                                   Buffers: shared hit=402471 read=14816
                                                   ->  Bitmap Heap Scan on movie_info mi1  (cost=16451.56..389788.24 rows=12361 width=8) (actual time=42.632..663.743 rows=112755 loops=1)
                                                         Recheck Cond: (info_type_id = 3)
                                                         Filter: ((info)::text = ANY ('{Crime,Fantasy,Thriller,War}'::text[]))
                                                         Rows Removed by Filter: 1421154
                                                         Heap Blocks: exact=9772
                                                         Buffers: shared hit=4072 read=6903
                                                         ->  Bitmap Index Scan on info_type_id_movie_info  (cost=0.00..16448.47 rows=1538671 width=0) (actual time=41.421..41.422 rows=1533909 loops=1)
                                                               Index Cond: (info_type_id = 3)
                                                               Buffers: shared read=1203
                                                   ->  Memoize  (cost=0.44..6.21 rows=1 width=8) (actual time=0.029..0.029 rows=0 loops=112755)
                                                         Cache Key: mi1.movie_id
                                                         Cache Mode: logical
                                                         Hits: 11177  Misses: 101578  Evictions: 0  Overflows: 0  Memory Usage: 7551kB
                                                         Buffers: shared hit=398399 read=7913
                                                         ->  Index Scan using title_pkey on title t  (cost=0.43..6.20 rows=1 width=8) (actual time=0.032..0.032 rows=0 loops=101578)
                                                               Index Cond: (id = mi1.movie_id)
                                                               Filter: ((production_year <= 1975) AND (1875 < production_year))
                                                               Rows Removed by Filter: 1
                                                               Buffers: shared hit=398399 read=7913
                                             ->  Hash  (cost=1.10..1.10 rows=3 width=4) (actual time=0.020..0.020 rows=3 loops=1)
                                                   Buckets: 1024  Batches: 1  Memory Usage: 9kB
                                                   Buffers: shared hit=1
                                                   ->  Seq Scan on kind_type kt  (cost=0.00..1.10 rows=3 width=4) (actual time=0.009..0.011 rows=3 loops=1)
                                                         Filter: ((kind)::text = ANY ('{"tv series","video game","video movie"}'::text[]))
                                                         Rows Removed by Filter: 4
                                                         Buffers: shared hit=1
                                       ->  Index Scan using movie_id_movie_info on movie_info mi2  (cost=0.43..42.80 rows=1 width=8) (actual time=0.095..0.119 rows=1 loops=972)
                                             Index Cond: (movie_id = t.id)
                                             Filter: (((info)::text = ANY ('{"Black and White",Color}'::text[])) AND (info_type_id = 2))
                                             Rows Removed by Filter: 16
                                             Buffers: shared hit=6767 read=4314
                     ->  Index Scan using movie_id_cast_info on cast_info ci  (cost=0.44..44.17 rows=38 width=12) (actual time=0.035..0.124 rows=9 loops=977)
                           Index Cond: (movie_id = t.id)
                           Buffers: shared hit=5224 read=6330
               ->  Hash  (cost=1.15..1.15 rows=2 width=4) (actual time=0.036..0.037 rows=2 loops=1)
                     Buckets: 1024  Batches: 1  Memory Usage: 9kB
                     Buffers: shared hit=1
                     ->  Seq Scan on role_type rt  (cost=0.00..1.15 rows=2 width=4) (actual time=0.024..0.028 rows=2 loops=1)
                           Filter: ((role)::text = ANY ('{actor,producer}'::text[]))
                           Rows Removed by Filter: 10
                           Buffers: shared hit=1
         ->  Index Scan using name_pkey on name n  (cost=0.43..2.32 rows=1 width=4) (actual time=0.035..0.035 rows=1 loops=4024)
               Index Cond: (id = ci.person_id)
               Filter: ((gender)::text = ANY ('{f,m}'::text[]))
               Rows Removed by Filter: 0
               Buffers: shared hit=13272 read=2824
 Planning:
   Buffers: shared hit=530 read=44
 Planning Time: 13.897 ms
 Execution Time: 4405.263 ms
(78 rows)

