                                                                                               QUERY PLAN                                                                                               
--------------------------------------------------------------------------------------------------------------------------------------------------------------------------------------------------------
 Aggregate  (cost=951159.26..951159.27 rows=1 width=8) (actual time=95433.172..95433.184 rows=1 loops=1)
   Buffers: shared hit=7836997 read=1950864, temp read=16270 written=16270
   ->  Nested Loop  (cost=471650.34..951158.58 rows=271 width=0) (actual time=1878.089..95428.710 rows=8212 loops=1)
         Buffers: shared hit=7836997 read=1950864, temp read=16270 written=16270
         ->  Seq Scan on info_type it2  (cost=0.00..2.41 rows=1 width=4) (actual time=0.046..0.055 rows=1 loops=1)
               Filter: (id = 2)
               Rows Removed by Filter: 112
               Buffers: shared hit=1
         ->  Nested Loop  (cost=471650.34..951153.46 rows=271 width=4) (actual time=1878.041..95426.127 rows=8212 loops=1)
               Buffers: shared hit=7836996 read=1950864, temp read=16270 written=16270
               ->  Seq Scan on info_type it1  (cost=0.00..2.41 rows=1 width=4) (actual time=0.009..0.021 rows=1 loops=1)
                     Filter: (id = 3)
                     Rows Removed by Filter: 112
                     Buffers: shared hit=1
               ->  Nested Loop  (cost=471650.34..951148.34 rows=271 width=8) (actual time=1878.028..95423.221 rows=8212 loops=1)
                     Buffers: shared hit=7836995 read=1950864, temp read=16270 written=16270
                     ->  Hash Join  (cost=471649.91..948443.78 rows=1166 width=12) (actual time=1870.188..83991.080 rows=323380 loops=1)
                           Hash Cond: (ci.role_id = rt.id)
                           Buffers: shared hit=6702644 read=1791695, temp read=16270 written=16270
                           ->  Nested Loop  (cost=471648.75..948392.92 rows=13990 width=16) (actual time=1870.087..82662.008 rows=7618621 loops=1)
                                 Buffers: shared hit=6702643 read=1791695, temp read=16270 written=16270
                                 ->  Hash Join  (cost=471648.31..905707.03 rows=976 width=20) (actual time=1870.031..3320.158 rows=353170 loops=1)
                                       Hash Cond: (mi1.movie_id = t.id)
                                       Buffers: shared hit=26837 read=38073, temp read=16270 written=16270
                                       ->  Bitmap Heap Scan on movie_info mi1  (cost=16466.74..450241.62 rows=73087 width=8) (actual time=39.155..729.674 rows=700849 loops=1)
                                             Recheck Cond: (info_type_id = 3)
                                             Filter: ((info)::text = ANY ('{Comedy,Documentary,Drama,History,Horror,Thriller,War,Western}'::text[]))
                                             Rows Removed by Filter: 833060
                                             Heap Blocks: exact=9772
                                             Buffers: shared hit=2971 read=8004
                                             ->  Bitmap Index Scan on info_type_id_movie_info  (cost=0.00..16448.47 rows=1538671 width=0) (actual time=37.980..37.980 rows=1533909 loops=1)
                                                   Index Cond: (info_type_id = 3)
                                                   Buffers: shared hit=1203
                                       ->  Hash  (cost=454759.47..454759.47 rows=33768 width=12) (actual time=1830.063..1830.069 rows=663925 loops=1)
                                             Buckets: 262144 (originally 65536)  Batches: 8 (originally 1)  Memory Usage: 6145kB
                                             Buffers: shared hit=23866 read=30069, temp read=10357 written=12623
                                             ->  Hash Join  (cost=107800.70..454759.47 rows=33768 width=12) (actual time=885.674..1716.183 rows=663925 loops=1)
                                                   Hash Cond: (mi2.movie_id = t.id)
                                                   Buffers: shared hit=23866 read=30069, temp read=10357 written=10357
                                                   ->  Bitmap Heap Scan on movie_info mi2  (cost=13885.07..356265.51 rows=114308 width=8) (actual time=34.349..364.622 rows=1288928 loops=1)
                                                         Recheck Cond: (info_type_id = 2)
                                                         Filter: ((info)::text = ANY ('{"Black and White",Color}'::text[]))
                                                         Heap Blocks: exact=16526
                                                         Buffers: shared hit=4098 read=13445
                                                         ->  Bitmap Index Scan on info_type_id_movie_info  (cost=0.00..13856.49 rows=1296008 width=0) (actual time=32.154..32.154 rows=1288928 loops=1)
                                                               Index Cond: (info_type_id = 2)
                                                               Buffers: shared hit=1 read=1016
                                                   ->  Hash  (cost=81661.50..81661.50 rows=746890 width=4) (actual time=850.188..850.191 rows=1610551 loops=1)
                                                         Buckets: 262144 (originally 262144)  Batches: 16 (originally 8)  Memory Usage: 6145kB
                                                         Buffers: shared hit=19768 read=16624, temp written=4414
                                                         ->  Hash Join  (cost=1.13..81661.50 rows=746890 width=4) (actual time=0.050..637.471 rows=1610551 loops=1)
                                                               Hash Cond: (t.kind_id = kt.id)
                                                               Buffers: shared hit=19768 read=16624
                                                               ->  Seq Scan on title t  (cost=0.00..74315.95 rows=1742744 width=8) (actual time=0.024..445.743 rows=1748995 loops=1)
                                                                     Filter: ((production_year <= 2015) AND (1990 < production_year))
                                                                     Rows Removed by Filter: 779317
                                                                     Buffers: shared hit=19767 read=16624
                                                               ->  Hash  (cost=1.10..1.10 rows=3 width=4) (actual time=0.013..0.014 rows=3 loops=1)
                                                                     Buckets: 1024  Batches: 1  Memory Usage: 9kB
                                                                     Buffers: shared hit=1
                                                                     ->  Seq Scan on kind_type kt  (cost=0.00..1.10 rows=3 width=4) (actual time=0.007..0.008 rows=3 loops=1)
                                                                           Filter: ((kind)::text = ANY ('{episode,movie,"video movie"}'::text[]))
                                                                           Rows Removed by Filter: 4
                                                                           Buffers: shared hit=1
                                 ->  Index Scan using movie_id_cast_info on cast_info ci  (cost=0.44..43.36 rows=38 width=12) (actual time=0.035..0.218 rows=22 loops=353170)
                                       Index Cond: (movie_id = t.id)
                                       Buffers: shared hit=6675806 read=1753622
                           ->  Hash  (cost=1.15..1.15 rows=1 width=4) (actual time=0.017..0.018 rows=1 loops=1)
                                 Buckets: 1024  Batches: 1  Memory Usage: 9kB
                                 Buffers: shared hit=1
                                 ->  Seq Scan on role_type rt  (cost=0.00..1.15 rows=1 width=4) (actual time=0.010..0.011 rows=1 loops=1)
                                       Filter: ((role)::text = 'cinematographer'::text)
                                       Rows Removed by Filter: 11
                                       Buffers: shared hit=1
                     ->  Index Scan using name_pkey on name n  (cost=0.43..2.32 rows=1 width=4) (actual time=0.035..0.035 rows=0 loops=323380)
                           Index Cond: (id = ci.person_id)
                           Filter: ((gender)::text = 'f'::text)
                           Rows Removed by Filter: 1
                           Buffers: shared hit=1134351 read=159169
 Planning:
   Buffers: shared hit=574
 Planning Time: 12.291 ms
 Execution Time: 95434.024 ms
(83 rows)

