                                                                                            QUERY PLAN                                                                                            
--------------------------------------------------------------------------------------------------------------------------------------------------------------------------------------------------
 Aggregate  (cost=463458.29..463458.30 rows=1 width=8) (actual time=11091.301..11091.310 rows=1 loops=1)
   Buffers: shared hit=953494 read=184284
   ->  Nested Loop  (cost=88624.13..463458.28 rows=5 width=0) (actual time=670.447..11091.087 rows=371 loops=1)
         Buffers: shared hit=953494 read=184284
         ->  Seq Scan on info_type it2  (cost=0.00..2.41 rows=1 width=4) (actual time=0.032..0.042 rows=1 loops=1)
               Filter: (id = 2)
               Rows Removed by Filter: 112
               Buffers: shared hit=1
         ->  Nested Loop  (cost=88624.13..463455.82 rows=5 width=4) (actual time=670.414..11090.918 rows=371 loops=1)
               Buffers: shared hit=953493 read=184284
               ->  Seq Scan on info_type it1  (cost=0.00..2.41 rows=1 width=4) (actual time=0.008..0.019 rows=1 loops=1)
                     Filter: (id = 3)
                     Rows Removed by Filter: 112
                     Buffers: shared hit=1
               ->  Nested Loop  (cost=88624.13..463453.36 rows=5 width=8) (actual time=670.404..11090.760 rows=371 loops=1)
                     Buffers: shared hit=953492 read=184284
                     ->  Hash Join  (cost=88623.70..463425.52 rows=12 width=12) (actual time=644.019..11018.892 rows=2304 loops=1)
                           Hash Cond: (ci.role_id = rt.id)
                           Buffers: shared hit=945043 read=183517
                           ->  Nested Loop  (cost=88622.53..463423.85 rows=143 width=16) (actual time=642.735..10943.258 rows=478452 loops=1)
                                 Join Filter: (t.id = ci.movie_id)
                                 Buffers: shared hit=945042 read=183517
                                 ->  Nested Loop  (cost=88622.09..462944.06 rows=10 width=20) (actual time=642.700..6102.756 rows=19609 loops=1)
                                       Join Filter: (t.id = mi1.movie_id)
                                       Buffers: shared hit=474513 read=125921
                                       ->  Hash Join  (cost=88621.66..431437.71 rows=696 width=12) (actual time=486.658..1207.293 rows=47319 loops=1)
                                             Hash Cond: (mi2.movie_id = t.id)
                                             Buffers: shared hit=11296 read=42639
                                             ->  Bitmap Heap Scan on movie_info mi2  (cost=13885.07..356265.51 rows=114308 width=8) (actual time=35.983..534.760 rows=1288928 loops=1)
                                                   Recheck Cond: (info_type_id = 2)
                                                   Filter: ((info)::text = ANY ('{"Black and White",Color}'::text[]))
                                                   Heap Blocks: exact=16526
                                                   Buffers: shared hit=3 read=17540
                                                   ->  Bitmap Index Scan on info_type_id_movie_info  (cost=0.00..13856.49 rows=1296008 width=0) (actual time=33.802..33.803 rows=1288928 loops=1)
                                                         Index Cond: (info_type_id = 2)
                                                         Buffers: shared read=1017
                                             ->  Hash  (cost=74544.15..74544.15 rows=15395 width=4) (actual time=376.841..376.845 rows=50824 loops=1)
                                                   Buckets: 65536 (originally 16384)  Batches: 1 (originally 1)  Memory Usage: 2299kB
                                                   Buffers: shared hit=11293 read=25099
                                                   ->  Hash Join  (cost=1.11..74544.15 rows=15395 width=4) (actual time=0.486..368.712 rows=50824 loops=1)
                                                         Hash Cond: (t.kind_id = kt.id)
                                                         Buffers: shared hit=11293 read=25099
                                                         ->  Seq Scan on title t  (cost=0.00..74315.95 rows=53884 width=8) (actual time=0.346..362.290 rows=51669 loops=1)
                                                               Filter: ((production_year <= 1949) AND (1928 < production_year))
                                                               Rows Removed by Filter: 2476643
                                                               Buffers: shared hit=11292 read=25099
                                                         ->  Hash  (cost=1.09..1.09 rows=2 width=4) (actual time=0.011..0.013 rows=2 loops=1)
                                                               Buckets: 1024  Batches: 1  Memory Usage: 9kB
                                                               Buffers: shared hit=1
                                                               ->  Seq Scan on kind_type kt  (cost=0.00..1.09 rows=2 width=4) (actual time=0.006..0.008 rows=2 loops=1)
                                                                     Filter: ((kind)::text = ANY ('{episode,movie}'::text[]))
                                                                     Rows Removed by Filter: 5
                                                                     Buffers: shared hit=1
                                       ->  Index Scan using movie_id_movie_info on movie_info mi1  (cost=0.43..45.26 rows=1 width=8) (actual time=0.102..0.103 rows=0 loops=47319)
                                             Index Cond: (movie_id = mi2.movie_id)
                                             Filter: ((info_type_id = 3) AND ((info)::text = ANY ('{Action,Adventure,Comedy,Family,Mystery,Sport}'::text[])))
                                             Rows Removed by Filter: 14
                                             Buffers: shared hit=463217 read=83282
                                 ->  Index Scan using movie_id_cast_info on cast_info ci  (cost=0.44..47.50 rows=38 width=12) (actual time=0.035..0.239 rows=24 loops=19609)
                                       Index Cond: (movie_id = mi2.movie_id)
                                       Buffers: shared hit=470529 read=57596
                           ->  Hash  (cost=1.15..1.15 rows=1 width=4) (actual time=0.011..0.012 rows=1 loops=1)
                                 Buckets: 1024  Batches: 1  Memory Usage: 9kB
                                 Buffers: shared hit=1
                                 ->  Seq Scan on role_type rt  (cost=0.00..1.15 rows=1 width=4) (actual time=0.007..0.008 rows=1 loops=1)
                                       Filter: ((role)::text = 'production designer'::text)
                                       Rows Removed by Filter: 11
                                       Buffers: shared hit=1
                     ->  Index Scan using name_pkey on name n  (cost=0.43..2.32 rows=1 width=4) (actual time=0.030..0.030 rows=0 loops=2304)
                           Index Cond: (id = ci.person_id)
                           Filter: ((gender)::text = 'm'::text)
                           Rows Removed by Filter: 1
                           Buffers: shared hit=8449 read=767
 Planning:
   Buffers: shared hit=485 read=89
 Planning Time: 10.572 ms
 Execution Time: 11091.820 ms
(77 rows)

