                                                                                               QUERY PLAN                                                                                               
--------------------------------------------------------------------------------------------------------------------------------------------------------------------------------------------------------
 Aggregate  (cost=974801.63..974801.64 rows=1 width=8) (actual time=29520.846..29520.855 rows=1 loops=1)
   Buffers: shared hit=2399083 read=555304, temp read=4151 written=4151
   ->  Nested Loop  (cost=472679.86..974798.18 rows=1381 width=0) (actual time=1318.324..29508.863 rows=60482 loops=1)
         Buffers: shared hit=2399083 read=555304, temp read=4151 written=4151
         ->  Hash Join  (cost=472679.43..967162.32 rows=3292 width=4) (actual time=1318.289..19418.419 rows=287219 loops=1)
               Hash Cond: (ci.role_id = rt.id)
               Buffers: shared hit=1335597 read=469914, temp read=4151 written=4151
               ->  Nested Loop  (cost=472678.26..967090.99 rows=19752 width=8) (actual time=1317.979..19100.242 rows=1562305 loops=1)
                     Buffers: shared hit=1335596 read=469914, temp read=4151 written=4151
                     ->  Nested Loop  (cost=472677.82..906927.96 rows=1378 width=12) (actual time=1317.938..2462.741 rows=73285 loops=1)
                           Buffers: shared hit=4151 read=60761, temp read=4151 written=4151
                           ->  Seq Scan on info_type it2  (cost=0.00..2.41 rows=1 width=4) (actual time=0.032..0.041 rows=1 loops=1)
                                 Filter: (id = 2)
                                 Rows Removed by Filter: 112
                                 Buffers: shared hit=1
                           ->  Nested Loop  (cost=472677.82..906911.76 rows=1378 width=16) (actual time=1317.905..2446.904 rows=73285 loops=1)
                                 Buffers: shared hit=4150 read=60761, temp read=4151 written=4151
                                 ->  Seq Scan on info_type it1  (cost=0.00..2.41 rows=1 width=4) (actual time=0.009..0.019 rows=1 loops=1)
                                       Filter: (id = 3)
                                       Rows Removed by Filter: 112
                                       Buffers: shared hit=1
                                 ->  Hash Join  (cost=472677.82..906895.57 rows=1378 width=20) (actual time=1317.893..2430.636 rows=73285 loops=1)
                                       Hash Cond: (mi1.movie_id = t.id)
                                       Buffers: shared hit=4149 read=60761, temp read=4151 written=4151
                                       ->  Bitmap Heap Scan on movie_info mi1  (cost=16477.07..450251.95 rows=114426 width=8) (actual time=42.009..877.069 rows=1088386 loops=1)
                                             Recheck Cond: (info_type_id = 3)
                                             Filter: ((info)::text = ANY ('{Adult,Comedy,Crime,Documentary,Drama,History,Horror,Short}'::text[]))
                                             Rows Removed by Filter: 445523
                                             Heap Blocks: exact=9772
                                             Buffers: shared hit=29 read=10946
                                             ->  Bitmap Index Scan on info_type_id_movie_info  (cost=0.00..16448.47 rows=1538671 width=0) (actual time=40.820..40.820 rows=1533909 loops=1)
                                                   Index Cond: (info_type_id = 3)
                                                   Buffers: shared read=1203
                                       ->  Hash  (cost=455820.22..455820.22 rows=30442 width=12) (actual time=1238.003..1238.008 rows=106392 loops=1)
                                             Buckets: 131072 (originally 32768)  Batches: 1 (originally 1)  Memory Usage: 5596kB
                                             Buffers: shared hit=4120 read=49815, temp read=4151 written=4151
                                             ->  Hash Join  (cost=109181.70..455820.22 rows=30442 width=12) (actual time=833.971..1219.900 rows=106392 loops=1)
                                                   Hash Cond: (mi2.movie_id = t.id)
                                                   Buffers: shared hit=4120 read=49815, temp read=4151 written=4151
                                                   ->  Bitmap Heap Scan on movie_info mi2  (cost=13885.07..356265.51 rows=114308 width=8) (actual time=34.042..369.049 rows=1288928 loops=1)
                                                         Recheck Cond: (info_type_id = 2)
                                                         Filter: ((info)::text = ANY ('{"Black and White",Color}'::text[]))
                                                         Heap Blocks: exact=16526
                                                         Buffers: shared hit=3217 read=14326
                                                         ->  Bitmap Index Scan on info_type_id_movie_info  (cost=0.00..13856.49 rows=1296008 width=0) (actual time=31.881..31.881 rows=1288928 loops=1)
                                                               Index Cond: (info_type_id = 2)
                                                               Buffers: shared hit=1 read=1016
                                                   ->  Hash  (cost=84248.85..84248.85 rows=673342 width=4) (actual time=576.331..576.334 rows=112892 loops=1)
                                                         Buckets: 262144  Batches: 8  Memory Usage: 2543kB
                                                         Buffers: shared hit=903 read=35489, temp written=286
                                                         ->  Hash Join  (cost=1.11..84248.85 rows=673342 width=4) (actual time=308.960..560.051 rows=112892 loops=1)
                                                               Hash Cond: (t.kind_id = kt.id)
                                                               Buffers: shared hit=903 read=35489
                                                               ->  Seq Scan on title t  (cost=0.00..74315.95 rows=2356696 width=8) (actual time=0.025..426.079 rows=2352201 loops=1)
                                                                     Filter: ((production_year <= 2015) AND (1925 < production_year))
                                                                     Rows Removed by Filter: 176111
                                                                     Buffers: shared hit=902 read=35489
                                                               ->  Hash  (cost=1.09..1.09 rows=2 width=4) (actual time=0.013..0.014 rows=2 loops=1)
                                                                     Buckets: 1024  Batches: 1  Memory Usage: 9kB
                                                                     Buffers: shared hit=1
                                                                     ->  Seq Scan on kind_type kt  (cost=0.00..1.09 rows=2 width=4) (actual time=0.007..0.008 rows=2 loops=1)
                                                                           Filter: ((kind)::text = ANY ('{"tv movie","video game"}'::text[]))
                                                                           Rows Removed by Filter: 5
                                                                           Buffers: shared hit=1
                     ->  Index Scan using movie_id_cast_info on cast_info ci  (cost=0.44..43.28 rows=38 width=12) (actual time=0.033..0.221 rows=21 loops=73285)
                           Index Cond: (movie_id = t.id)
                           Buffers: shared hit=1331445 read=409153
               ->  Hash  (cost=1.15..1.15 rows=2 width=4) (actual time=0.037..0.037 rows=2 loops=1)
                     Buckets: 1024  Batches: 1  Memory Usage: 9kB
                     Buffers: shared hit=1
                     ->  Seq Scan on role_type rt  (cost=0.00..1.15 rows=2 width=4) (actual time=0.026..0.027 rows=2 loops=1)
                           Filter: ((role)::text = ANY ('{director,"miscellaneous crew"}'::text[]))
                           Rows Removed by Filter: 10
                           Buffers: shared hit=1
         ->  Index Scan using name_pkey on name n  (cost=0.43..2.32 rows=1 width=4) (actual time=0.035..0.035 rows=0 loops=287219)
               Index Cond: (id = ci.person_id)
               Filter: ((gender)::text = 'm'::text)
               Rows Removed by Filter: 1
               Buffers: shared hit=1063486 read=85390
 Planning:
   Buffers: shared hit=501 read=73
 Planning Time: 14.320 ms
 Execution Time: 29522.138 ms
(83 rows)

