                                                                                               QUERY PLAN                                                                                               
--------------------------------------------------------------------------------------------------------------------------------------------------------------------------------------------------------
 Aggregate  (cost=391503.19..391503.20 rows=1 width=8) (actual time=2246.876..2246.883 rows=1 loops=1)
   Buffers: shared hit=216211 read=14481
   ->  Nested Loop  (cost=16453.53..391503.19 rows=1 width=0) (actual time=254.541..2246.589 rows=1185 loops=1)
         Buffers: shared hit=216211 read=14481
         ->  Hash Join  (cost=16453.10..391498.55 rows=2 width=4) (actual time=254.492..2195.611 rows=1759 loops=1)
               Hash Cond: (ci.role_id = rt.id)
               Buffers: shared hit=209312 read=14344
               ->  Nested Loop  (cost=16451.92..391497.33 rows=14 width=8) (actual time=253.756..2193.891 rows=6147 loops=1)
                     Buffers: shared hit=209311 read=14344
                     ->  Nested Loop  (cost=16451.48..391447.19 rows=1 width=12) (actual time=253.713..2077.663 rows=2602 loops=1)
                           Buffers: shared hit=197268 read=12502
                           ->  Nested Loop  (cost=16451.48..391444.77 rows=1 width=16) (actual time=253.706..2032.620 rows=2602 loops=1)
                                 Buffers: shared hit=194666 read=12502
                                 ->  Nested Loop  (cost=16451.48..391442.35 rows=1 width=20) (actual time=253.685..1981.272 rows=2602 loops=1)
                                       Buffers: shared hit=192064 read=12502
                                       ->  Hash Join  (cost=16451.05..390604.07 rows=18 width=12) (actual time=253.617..1731.616 rows=2619 loops=1)
                                             Hash Cond: (t.kind_id = kt.id)
                                             Buffers: shared hit=176854 read=4178
                                             ->  Nested Loop  (cost=16449.95..390602.45 rows=125 width=16) (actual time=253.575..1730.353 rows=2619 loops=1)
                                                   Buffers: shared hit=176853 read=4178
                                                   ->  Bitmap Heap Scan on movie_info mi1  (cost=16449.51..359567.09 rows=4154 width=8) (actual time=40.040..372.467 rows=42657 loops=1)
                                                         Recheck Cond: (info_type_id = 3)
                                                         Filter: ((info)::text = 'Animation'::text)
                                                         Rows Removed by Filter: 1491252
                                                         Heap Blocks: exact=9772
                                                         Buffers: shared hit=10975
                                                         ->  Bitmap Index Scan on info_type_id_movie_info  (cost=0.00..16448.47 rows=1538671 width=0) (actual time=38.846..38.847 rows=1533909 loops=1)
                                                               Index Cond: (info_type_id = 3)
                                                               Buffers: shared hit=1203
                                                   ->  Memoize  (cost=0.44..7.50 rows=1 width=8) (actual time=0.032..0.032 rows=0 loops=42657)
                                                         Cache Key: mi1.movie_id
                                                         Cache Mode: logical
                                                         Hits: 143  Misses: 42514  Evictions: 0  Overflows: 0  Memory Usage: 2926kB
                                                         Buffers: shared hit=165878 read=4178
                                                         ->  Index Scan using title_pkey on title t  (cost=0.43..7.49 rows=1 width=8) (actual time=0.031..0.031 rows=0 loops=42514)
                                                               Index Cond: (id = mi1.movie_id)
                                                               Filter: ((production_year <= 1925) AND (1910 < production_year))
                                                               Rows Removed by Filter: 1
                                                               Buffers: shared hit=165878 read=4178
                                             ->  Hash  (cost=1.09..1.09 rows=1 width=4) (actual time=0.015..0.016 rows=1 loops=1)
                                                   Buckets: 1024  Batches: 1  Memory Usage: 9kB
                                                   Buffers: shared hit=1
                                                   ->  Seq Scan on kind_type kt  (cost=0.00..1.09 rows=1 width=4) (actual time=0.010..0.012 rows=1 loops=1)
                                                         Filter: ((kind)::text = 'movie'::text)
                                                         Rows Removed by Filter: 6
                                                         Buffers: shared hit=1
                                       ->  Index Scan using movie_id_movie_info on movie_info mi2  (cost=0.43..46.56 rows=1 width=8) (actual time=0.077..0.095 rows=1 loops=2619)
                                             Index Cond: (movie_id = t.id)
                                             Filter: ((info_type_id = 2) AND ((info)::text = 'Black and White'::text))
                                             Rows Removed by Filter: 9
                                             Buffers: shared hit=15210 read=8324
                                 ->  Seq Scan on info_type it1  (cost=0.00..2.41 rows=1 width=4) (actual time=0.010..0.018 rows=1 loops=2602)
                                       Filter: (id = 3)
                                       Rows Removed by Filter: 112
                                       Buffers: shared hit=2602
                           ->  Seq Scan on info_type it2  (cost=0.00..2.41 rows=1 width=4) (actual time=0.008..0.016 rows=1 loops=2602)
                                 Filter: (id = 2)
                                 Rows Removed by Filter: 112
                                 Buffers: shared hit=2602
                     ->  Index Scan using movie_id_cast_info on cast_info ci  (cost=0.44..49.76 rows=38 width=12) (actual time=0.031..0.044 rows=2 loops=2602)
                           Index Cond: (movie_id = t.id)
                           Buffers: shared hit=12043 read=1842
               ->  Hash  (cost=1.15..1.15 rows=2 width=4) (actual time=0.038..0.039 rows=2 loops=1)
                     Buckets: 1024  Batches: 1  Memory Usage: 9kB
                     Buffers: shared hit=1
                     ->  Seq Scan on role_type rt  (cost=0.00..1.15 rows=2 width=4) (actual time=0.027..0.029 rows=2 loops=1)
                           Filter: ((role)::text = ANY ('{"miscellaneous crew",writer}'::text[]))
                           Rows Removed by Filter: 10
                           Buffers: shared hit=1
         ->  Index Scan using name_pkey on name n  (cost=0.43..2.32 rows=1 width=4) (actual time=0.028..0.028 rows=1 loops=1759)
               Index Cond: (id = ci.person_id)
               Filter: ((gender)::text = 'm'::text)
               Rows Removed by Filter: 0
               Buffers: shared hit=6899 read=137
 Planning:
   Buffers: shared hit=574
 Planning Time: 12.557 ms
 Execution Time: 2248.145 ms
(78 rows)

