                                                                                               QUERY PLAN                                                                                               
--------------------------------------------------------------------------------------------------------------------------------------------------------------------------------------------------------
 Aggregate  (cost=723860.72..723860.73 rows=1 width=8) (actual time=7219.327..7219.334 rows=1 loops=1)
   Buffers: shared hit=711703 read=41474
   ->  Nested Loop  (cost=501709.02..723860.57 rows=59 width=0) (actual time=5959.700..7218.864 rows=3342 loops=1)
         Buffers: shared hit=711703 read=41474
         ->  Seq Scan on info_type it2  (cost=0.00..2.41 rows=1 width=4) (actual time=0.052..0.059 rows=1 loops=1)
               Filter: (id = 2)
               Rows Removed by Filter: 112
               Buffers: shared hit=1
         ->  Nested Loop  (cost=501709.02..723857.57 rows=59 width=4) (actual time=5959.645..7218.360 rows=3342 loops=1)
               Buffers: shared hit=711702 read=41474
               ->  Seq Scan on info_type it1  (cost=0.00..2.41 rows=1 width=4) (actual time=0.009..0.017 rows=1 loops=1)
                     Filter: (id = 3)
                     Rows Removed by Filter: 112
                     Buffers: shared hit=1
               ->  Nested Loop  (cost=501709.02..723854.57 rows=59 width=8) (actual time=5959.635..7217.846 rows=3342 loops=1)
                     Join Filter: (t.id = mi2.movie_id)
                     Buffers: shared hit=711701 read=41474
                     ->  Nested Loop  (cost=501708.59..653714.66 rows=1667 width=16) (actual time=5959.570..6563.825 rows=3364 loops=1)
                           Buffers: shared hit=675570 read=10131
                           ->  Hash Join  (cost=501708.16..637069.79 rows=7176 width=20) (actual time=5959.297..6125.899 rows=15755 loops=1)
                                 Hash Cond: (ci.movie_id = t.id)
                                 Buffers: shared hit=617138 read=5543
                                 ->  Nested Loop  (cost=0.44..123965.00 rows=3020080 width=8) (actual time=0.268..93.924 rows=276403 loops=1)
                                       Buffers: shared hit=321 read=1476
                                       ->  Seq Scan on role_type rt  (cost=0.00..1.15 rows=1 width=4) (actual time=0.010..0.013 rows=1 loops=1)
                                             Filter: ((role)::text = 'costume designer'::text)
                                             Rows Removed by Filter: 11
                                             Buffers: shared hit=1
                                       ->  Index Scan using role_id_cast_info on cast_info ci  (cost=0.44..91017.52 rows=3294633 width=12) (actual time=0.252..60.419 rows=276403 loops=1)
                                             Index Cond: (role_id = rt.id)
                                             Buffers: shared hit=320 read=1476
                                 ->  Hash  (cost=501632.62..501632.62 rows=6008 width=12) (actual time=5958.937..5958.941 rows=119590 loops=1)
                                       Buckets: 131072 (originally 8192)  Batches: 1 (originally 1)  Memory Usage: 6163kB
                                       Buffers: shared hit=616817 read=4067
                                       ->  Hash Join  (cost=16454.47..501632.62 rows=6008 width=12) (actual time=40.409..5912.612 rows=119590 loops=1)
                                             Hash Cond: (t.kind_id = kt.id)
                                             Buffers: shared hit=616817 read=4067
                                             ->  Nested Loop  (cost=16453.33..501572.40 rows=14019 width=16) (actual time=40.173..5861.806 rows=143210 loops=1)
                                                   Buffers: shared hit=616816 read=4067
                                                   ->  Bitmap Heap Scan on movie_info mi1  (cost=16452.89..404899.12 rows=17695 width=8) (actual time=40.129..742.530 rows=163083 loops=1)
                                                         Recheck Cond: (info_type_id = 3)
                                                         Filter: ((info)::text = ANY ('{Action,Adult,Mystery,Sci-Fi,Sport}'::text[]))
                                                         Rows Removed by Filter: 1370826
                                                         Heap Blocks: exact=9772
                                                         Buffers: shared hit=10975
                                                         ->  Bitmap Index Scan on info_type_id_movie_info  (cost=0.00..16448.47 rows=1538671 width=0) (actual time=38.952..38.952 rows=1533909 loops=1)
                                                               Index Cond: (info_type_id = 3)
                                                               Buffers: shared hit=1203
                                                   ->  Memoize  (cost=0.44..5.58 rows=1 width=8) (actual time=0.031..0.031 rows=1 loops=163083)
                                                         Cache Key: mi1.movie_id
                                                         Cache Mode: logical
                                                         Hits: 10606  Misses: 152477  Evictions: 70785  Overflows: 0  Memory Usage: 8193kB
                                                         Buffers: shared hit=605841 read=4067
                                                         ->  Index Scan using title_pkey on title t  (cost=0.43..5.57 rows=1 width=8) (actual time=0.032..0.032 rows=1 loops=152477)
                                                               Index Cond: (id = mi1.movie_id)
                                                               Filter: ((production_year <= 2015) AND (1975 < production_year))
                                                               Rows Removed by Filter: 0
                                                               Buffers: shared hit=605841 read=4067
                                             ->  Hash  (cost=1.10..1.10 rows=3 width=4) (actual time=0.021..0.022 rows=3 loops=1)
                                                   Buckets: 1024  Batches: 1  Memory Usage: 9kB
                                                   Buffers: shared hit=1
                                                   ->  Seq Scan on kind_type kt  (cost=0.00..1.10 rows=3 width=4) (actual time=0.012..0.014 rows=3 loops=1)
                                                         Filter: ((kind)::text = ANY ('{episode,movie,"video movie"}'::text[]))
                                                         Rows Removed by Filter: 4
                                                         Buffers: shared hit=1
                           ->  Index Scan using name_pkey on name n  (cost=0.43..2.32 rows=1 width=4) (actual time=0.027..0.027 rows=0 loops=15755)
                                 Index Cond: (id = ci.person_id)
                                 Filter: ((gender)::text = 'f'::text)
                                 Rows Removed by Filter: 1
                                 Buffers: shared hit=58432 read=4588
                     ->  Index Scan using movie_id_movie_info on movie_info mi2  (cost=0.43..42.06 rows=1 width=8) (actual time=0.179..0.194 rows=1 loops=3364)
                           Index Cond: (movie_id = ci.movie_id)
                           Filter: ((info_type_id = 2) AND ((info)::text = 'Color'::text))
                           Rows Removed by Filter: 99
                           Buffers: shared hit=36131 read=31343
 Planning:
   Buffers: shared hit=574
 Planning Time: 13.457 ms
 Execution Time: 7221.698 ms
(79 rows)

