                                                                                            QUERY PLAN                                                                                            
--------------------------------------------------------------------------------------------------------------------------------------------------------------------------------------------------
 Aggregate  (cost=701933.44..701933.45 rows=1 width=8) (actual time=46916.927..46916.935 rows=1 loops=1)
   Buffers: shared hit=3877626 read=929676, temp read=2209 written=2209
   ->  Nested Loop  (cost=92606.09..701933.19 rows=100 width=0) (actual time=548.836..46905.917 rows=51331 loops=1)
         Buffers: shared hit=3877626 read=929676, temp read=2209 written=2209
         ->  Seq Scan on info_type it2  (cost=0.00..2.41 rows=1 width=4) (actual time=0.049..0.058 rows=1 loops=1)
               Filter: (id = 2)
               Rows Removed by Filter: 112
               Buffers: shared hit=1
         ->  Nested Loop  (cost=92606.09..701929.78 rows=100 width=4) (actual time=548.786..46894.367 rows=51331 loops=1)
               Buffers: shared hit=3877625 read=929676, temp read=2209 written=2209
               ->  Seq Scan on info_type it1  (cost=0.00..2.41 rows=1 width=4) (actual time=0.010..0.021 rows=1 loops=1)
                     Filter: (id = 3)
                     Rows Removed by Filter: 112
                     Buffers: shared hit=1
               ->  Nested Loop  (cost=92606.09..701926.36 rows=100 width=8) (actual time=548.772..46883.184 rows=51331 loops=1)
                     Buffers: shared hit=3877624 read=929676, temp read=2209 written=2209
                     ->  Hash Join  (cost=92605.66..701372.00 rows=239 width=12) (actual time=548.698..36827.108 rows=283467 loops=1)
                           Hash Cond: (ci.role_id = rt.id)
                           Buffers: shared hit=2841169 read=832263, temp read=2209 written=2209
                           ->  Nested Loop  (cost=92604.50..701360.65 rows=2867 width=16) (actual time=534.528..36441.366 rows=1910047 loops=1)
                                 Buffers: shared hit=2841168 read=832263, temp read=2209 written=2209
                                 ->  Nested Loop  (cost=92604.06..692412.74 rows=200 width=20) (actual time=534.483..15765.385 rows=69926 loops=1)
                                       Buffers: shared hit=1353829 read=242460, temp read=2209 written=2209
                                       ->  Hash Join  (cost=92603.60..436735.59 rows=5937 width=12) (actual time=527.793..1649.776 rows=160938 loops=1)
                                             Hash Cond: (mi2.movie_id = t.id)
                                             Buffers: shared hit=26302 read=27633, temp read=2209 written=2209
                                             ->  Bitmap Heap Scan on movie_info mi2  (cost=13878.84..356259.28 rows=89381 width=8) (actual time=36.006..553.930 rows=1000514 loops=1)
                                                   Recheck Cond: (info_type_id = 2)
                                                   Filter: ((info)::text = 'Color'::text)
                                                   Rows Removed by Filter: 288414
                                                   Heap Blocks: exact=16526
                                                   Buffers: shared hit=12182 read=5361
                                                   ->  Bitmap Index Scan on info_type_id_movie_info  (cost=0.00..13856.49 rows=1296008 width=0) (actual time=33.821..33.821 rows=1288928 loops=1)
                                                         Index Cond: (info_type_id = 2)
                                                         Buffers: shared hit=1017
                                             ->  Hash  (cost=75968.50..75968.50 rows=167941 width=4) (actual time=490.777..490.780 rows=342123 loops=1)
                                                   Buckets: 262144  Batches: 2  Memory Usage: 8082kB
                                                   Buffers: shared hit=14120 read=22272, temp written=499
                                                   ->  Hash Join  (cost=1.13..75968.50 rows=167941 width=4) (actual time=0.045..434.347 rows=342123 loops=1)
                                                         Hash Cond: (t.kind_id = kt.id)
                                                         Buffers: shared hit=14120 read=22272
                                                         ->  Seq Scan on title t  (cost=0.00..74315.95 rows=391862 width=8) (actual time=0.017..390.767 rows=386415 loops=1)
                                                               Filter: ((production_year <= 1997) AND (1981 < production_year))
                                                               Rows Removed by Filter: 2141897
                                                               Buffers: shared hit=14119 read=22272
                                                         ->  Hash  (cost=1.10..1.10 rows=3 width=4) (actual time=0.011..0.013 rows=3 loops=1)
                                                               Buckets: 1024  Batches: 1  Memory Usage: 9kB
                                                               Buffers: shared hit=1
                                                               ->  Seq Scan on kind_type kt  (cost=0.00..1.10 rows=3 width=4) (actual time=0.007..0.008 rows=3 loops=1)
                                                                     Filter: ((kind)::text = ANY ('{episode,movie,"tv movie"}'::text[]))
                                                                     Rows Removed by Filter: 4
                                                                     Buffers: shared hit=1
                                       ->  Index Scan using movie_id_movie_info on movie_info mi1  (cost=0.46..43.06 rows=1 width=8) (actual time=0.087..0.087 rows=0 loops=160938)
                                             Index Cond: (movie_id = t.id)
                                             Filter: ((info_type_id = 3) AND ((info)::text = ANY ('{Adult,Adventure,Animation,Comedy,Crime,Documentary,Drama,Music,Sci-Fi}'::text[])))
                                             Rows Removed by Filter: 10
                                             Buffers: shared hit=1327527 read=214827
                                 ->  Index Scan using movie_id_cast_info on cast_info ci  (cost=0.44..44.36 rows=38 width=12) (actual time=0.036..0.288 rows=27 loops=69926)
                                       Index Cond: (movie_id = t.id)
                                       Buffers: shared hit=1487339 read=589803
                           ->  Hash  (cost=1.15..1.15 rows=1 width=4) (actual time=0.023..0.024 rows=1 loops=1)
                                 Buckets: 1024  Batches: 1  Memory Usage: 9kB
                                 Buffers: shared hit=1
                                 ->  Seq Scan on role_type rt  (cost=0.00..1.15 rows=1 width=4) (actual time=0.014..0.015 rows=1 loops=1)
                                       Filter: ((role)::text = 'miscellaneous crew'::text)
                                       Rows Removed by Filter: 11
                                       Buffers: shared hit=1
                     ->  Index Scan using name_pkey on name n  (cost=0.43..2.32 rows=1 width=4) (actual time=0.035..0.035 rows=0 loops=283467)
                           Index Cond: (id = ci.person_id)
                           Filter: ((gender)::text = 'm'::text)
                           Rows Removed by Filter: 1
                           Buffers: shared hit=1036455 read=97413
 Planning:
   Buffers: shared hit=576 read=1
 Planning Time: 12.802 ms
 Execution Time: 46917.619 ms
(76 rows)

