                                                                                            QUERY PLAN                                                                                            
--------------------------------------------------------------------------------------------------------------------------------------------------------------------------------------------------
 Aggregate  (cost=599141.85..599141.86 rows=1 width=8) (actual time=8100.127..8100.135 rows=1 loops=1)
   Buffers: shared hit=623331 read=173627, temp read=2292 written=2292
   ->  Nested Loop  (cost=96917.15..599141.45 rows=159 width=0) (actual time=587.574..8098.066 rows=9155 loops=1)
         Buffers: shared hit=623331 read=173627, temp read=2292 written=2292
         ->  Hash Join  (cost=96916.72..598260.03 rows=380 width=4) (actual time=587.332..7209.687 rows=25123 loops=1)
               Hash Cond: (ci.role_id = rt.id)
               Buffers: shared hit=537348 read=159118, temp read=2292 written=2292
               ->  Nested Loop  (cost=96915.55..598250.76 rows=2279 width=8) (actual time=587.227..7171.782 rows=206259 loops=1)
                     Buffers: shared hit=537347 read=159118, temp read=2292 written=2292
                     ->  Nested Loop  (cost=96915.11..591195.30 rows=159 width=12) (actual time=587.195..4262.464 rows=32311 loops=1)
                           Buffers: shared hit=316539 read=81640, temp read=2292 written=2292
                           ->  Seq Scan on info_type it2  (cost=0.00..2.41 rows=1 width=4) (actual time=0.035..0.041 rows=1 loops=1)
                                 Filter: (id = 2)
                                 Rows Removed by Filter: 112
                                 Buffers: shared hit=1
                           ->  Nested Loop  (cost=96915.11..591191.30 rows=159 width=16) (actual time=587.159..4255.920 rows=32311 loops=1)
                                 Buffers: shared hit=316538 read=81640, temp read=2292 written=2292
                                 ->  Seq Scan on info_type it1  (cost=0.00..2.41 rows=1 width=4) (actual time=0.008..0.017 rows=1 loops=1)
                                       Filter: (id = 3)
                                       Rows Removed by Filter: 112
                                       Buffers: shared hit=1
                                 ->  Nested Loop  (cost=96915.11..591187.29 rows=159 width=20) (actual time=587.147..4249.515 rows=32311 loops=1)
                                       Buffers: shared hit=316537 read=81640, temp read=2292 written=2292
                                       ->  Hash Join  (cost=96914.67..441421.48 rows=3508 width=12) (actual time=587.094..1062.875 rows=38466 loops=1)
                                             Hash Cond: (mi1.movie_id = t.id)
                                             Buffers: shared hit=25624 read=21743, temp read=2292 written=2292
                                             ->  Bitmap Heap Scan on movie_info mi1  (cost=16457.94..359575.53 rows=37903 width=8) (actual time=40.464..300.084 rows=360844 loops=1)
                                                   Recheck Cond: (info_type_id = 3)
                                                   Filter: ((info)::text = 'Short'::text)
                                                   Rows Removed by Filter: 1173065
                                                   Heap Blocks: exact=9772
                                                   Buffers: shared hit=10736 read=239
                                                   ->  Bitmap Index Scan on info_type_id_movie_info  (cost=0.00..16448.47 rows=1538671 width=0) (actual time=39.241..39.241 rows=1533909 loops=1)
                                                         Index Cond: (info_type_id = 3)
                                                         Buffers: shared hit=1203
                                             ->  Hash  (cost=76617.93..76617.93 rows=233984 width=4) (actual time=545.308..545.311 rows=504538 loops=1)
                                                   Buckets: 262144 (originally 262144)  Batches: 4 (originally 2)  Memory Usage: 6483kB
                                                   Buffers: shared hit=14888 read=21504, temp written=1107
                                                   ->  Hash Join  (cost=1.13..76617.93 rows=233984 width=4) (actual time=0.031..463.104 rows=504538 loops=1)
                                                         Hash Cond: (t.kind_id = kt.id)
                                                         Buffers: shared hit=14888 read=21504
                                                         ->  Seq Scan on title t  (cost=0.00..74315.95 rows=545963 width=8) (actual time=0.013..397.688 rows=538239 loops=1)
                                                               Filter: ((production_year <= 1990) AND (1950 < production_year))
                                                               Rows Removed by Filter: 1990073
                                                               Buffers: shared hit=14887 read=21504
                                                         ->  Hash  (cost=1.10..1.10 rows=3 width=4) (actual time=0.011..0.012 rows=3 loops=1)
                                                               Buckets: 1024  Batches: 1  Memory Usage: 9kB
                                                               Buffers: shared hit=1
                                                               ->  Seq Scan on kind_type kt  (cost=0.00..1.10 rows=3 width=4) (actual time=0.006..0.007 rows=3 loops=1)
                                                                     Filter: ((kind)::text = ANY ('{episode,movie,"tv movie"}'::text[]))
                                                                     Rows Removed by Filter: 4
                                                                     Buffers: shared hit=1
                                       ->  Index Scan using movie_id_movie_info on movie_info mi2  (cost=0.43..42.68 rows=1 width=8) (actual time=0.068..0.082 rows=1 loops=38466)
                                             Index Cond: (movie_id = t.id)
                                             Filter: (((info)::text = ANY ('{"Black and White",Color}'::text[])) AND (info_type_id = 2))
                                             Rows Removed by Filter: 7
                                             Buffers: shared hit=290913 read=59897
                     ->  Index Scan using movie_id_cast_info on cast_info ci  (cost=0.44..43.99 rows=38 width=12) (actual time=0.035..0.088 rows=6 loops=32311)
                           Index Cond: (movie_id = t.id)
                           Buffers: shared hit=220808 read=77478
               ->  Hash  (cost=1.15..1.15 rows=2 width=4) (actual time=0.037..0.038 rows=2 loops=1)
                     Buckets: 1024  Batches: 1  Memory Usage: 9kB
                     Buffers: shared hit=1
                     ->  Seq Scan on role_type rt  (cost=0.00..1.15 rows=2 width=4) (actual time=0.028..0.031 rows=2 loops=1)
                           Filter: ((role)::text = ANY ('{"miscellaneous crew",producer}'::text[]))
                           Rows Removed by Filter: 10
                           Buffers: shared hit=1
         ->  Index Scan using name_pkey on name n  (cost=0.43..2.32 rows=1 width=4) (actual time=0.035..0.035 rows=0 loops=25123)
               Index Cond: (id = ci.person_id)
               Filter: ((gender)::text = 'm'::text)
               Rows Removed by Filter: 1
               Buffers: shared hit=85983 read=14509
 Planning:
   Buffers: shared hit=574
 Planning Time: 13.735 ms
 Execution Time: 8100.705 ms
(76 rows)

