                                                                                            QUERY PLAN                                                                                            
--------------------------------------------------------------------------------------------------------------------------------------------------------------------------------------------------
 Aggregate  (cost=411712.48..411712.49 rows=1 width=8) (actual time=14061.732..14061.741 rows=1 loops=1)
   Buffers: shared hit=1338531 read=100891
   ->  Nested Loop  (cost=62486.33..411712.48 rows=2 width=0) (actual time=378.050..14058.577 rows=10167 loops=1)
         Buffers: shared hit=1338531 read=100891
         ->  Hash Join  (cost=62485.90..411700.88 rows=5 width=4) (actual time=378.013..13301.101 rows=20131 loops=1)
               Hash Cond: (ci.role_id = rt.id)
               Buffers: shared hit=1260215 read=98683
               ->  Nested Loop  (cost=62484.73..411699.61 rows=29 width=8) (actual time=377.819..13253.196 rows=205357 loops=1)
                     Buffers: shared hit=1260214 read=98683
                     ->  Nested Loop  (cost=62484.29..411602.92 rows=2 width=12) (actual time=377.785..10104.574 rows=37868 loops=1)
                           Buffers: shared hit=973262 read=69194
                           ->  Seq Scan on info_type it2  (cost=0.00..2.41 rows=1 width=4) (actual time=0.028..0.039 rows=1 loops=1)
                                 Filter: (id = 2)
                                 Rows Removed by Filter: 112
                                 Buffers: shared hit=1
                           ->  Nested Loop  (cost=62484.29..411600.48 rows=2 width=16) (actual time=377.755..10094.084 rows=37868 loops=1)
                                 Buffers: shared hit=973261 read=69194
                                 ->  Seq Scan on info_type it1  (cost=0.00..2.41 rows=1 width=4) (actual time=0.007..0.020 rows=1 loops=1)
                                       Filter: (id = 3)
                                       Rows Removed by Filter: 112
                                       Buffers: shared hit=1
                                 ->  Nested Loop  (cost=62484.29..411598.05 rows=2 width=20) (actual time=377.745..10083.723 rows=37868 loops=1)
                                       Buffers: shared hit=973260 read=69194
                                       ->  Hash Join  (cost=62483.85..404959.23 rows=146 width=12) (actual time=377.658..802.570 rows=103703 loops=1)
                                             Hash Cond: (mi2.movie_id = t.id)
                                             Buffers: shared hit=7063 read=23867
                                             ->  Bitmap Heap Scan on movie_info mi2  (cost=13862.73..356243.17 rows=24927 width=8) (actual time=38.535..458.843 rows=288414 loops=1)
                                                   Recheck Cond: (info_type_id = 2)
                                                   Filter: ((info)::text = 'Black and White'::text)
                                                   Rows Removed by Filter: 1000514
                                                   Heap Blocks: exact=16526
                                                   Buffers: shared hit=4147 read=13396
                                                   ->  Bitmap Index Scan on info_type_id_movie_info  (cost=0.00..13856.49 rows=1296008 width=0) (actual time=34.304..34.304 rows=1288928 loops=1)
                                                         Index Cond: (info_type_id = 2)
                                                         Buffers: shared read=1017
                                             ->  Hash  (cost=48436.16..48436.16 rows=14797 width=4) (actual time=198.250..198.253 rows=103977 loops=1)
                                                   Buckets: 131072 (originally 16384)  Batches: 1 (originally 1)  Memory Usage: 4680kB
                                                   Buffers: shared hit=2916 read=10471
                                                   ->  Nested Loop  (cost=4497.16..48436.16 rows=14797 width=4) (actual time=18.994..183.182 rows=103977 loops=1)
                                                         Buffers: shared hit=2916 read=10471
                                                         ->  Seq Scan on kind_type kt  (cost=0.00..1.09 rows=1 width=4) (actual time=0.009..0.012 rows=1 loops=1)
                                                               Filter: ((kind)::text = 'movie'::text)
                                                               Rows Removed by Filter: 6
                                                               Buffers: shared hit=1
                                                         ->  Bitmap Heap Scan on title t  (cost=4497.16..48262.45 rows=17263 width=8) (actual time=18.981..176.661 rows=103977 loops=1)
                                                               Recheck Cond: (kind_id = kt.id)
                                                               Filter: ((production_year <= 1925) AND (1875 < production_year))
                                                               Rows Removed by Filter: 558848
                                                               Heap Blocks: exact=12865
                                                               Buffers: shared hit=2915 read=10471
                                                               ->  Bitmap Index Scan on kind_id_title  (cost=0.00..4492.84 rows=421388 width=0) (actual time=16.746..16.747 rows=662825 loops=1)
                                                                     Index Cond: (kind_id = kt.id)
                                                                     Buffers: shared read=521
                                       ->  Index Scan using movie_id_movie_info on movie_info mi1  (cost=0.43..45.46 rows=1 width=8) (actual time=0.089..0.089 rows=0 loops=103703)
                                             Index Cond: (movie_id = t.id)
                                             Filter: ((info_type_id = 3) AND ((info)::text = ANY ('{Comedy,Crime,Romance,Western}'::text[])))
                                             Rows Removed by Filter: 10
                                             Buffers: shared hit=966197 read=45327
                     ->  Index Scan using movie_id_cast_info on cast_info ci  (cost=0.44..47.96 rows=38 width=12) (actual time=0.037..0.081 rows=5 loops=37868)
                           Index Cond: (movie_id = t.id)
                           Buffers: shared hit=286952 read=29489
               ->  Hash  (cost=1.15..1.15 rows=2 width=4) (actual time=0.032..0.033 rows=2 loops=1)
                     Buckets: 1024  Batches: 1  Memory Usage: 9kB
                     Buffers: shared hit=1
                     ->  Seq Scan on role_type rt  (cost=0.00..1.15 rows=2 width=4) (actual time=0.022..0.024 rows=2 loops=1)
                           Filter: ((role)::text = ANY ('{cinematographer,producer}'::text[]))
                           Rows Removed by Filter: 10
                           Buffers: shared hit=1
         ->  Index Scan using name_pkey on name n  (cost=0.43..2.32 rows=1 width=4) (actual time=0.037..0.037 rows=1 loops=20131)
               Index Cond: (id = ci.person_id)
               Filter: ((gender)::text = 'm'::text)
               Rows Removed by Filter: 0
               Buffers: shared hit=78316 read=2208
 Planning:
   Buffers: shared hit=520 read=54
 Planning Time: 10.618 ms
 Execution Time: 14062.523 ms
(77 rows)

