                                                                                            QUERY PLAN                                                                                            
--------------------------------------------------------------------------------------------------------------------------------------------------------------------------------------------------
 Aggregate  (cost=609252.00..609252.01 rows=1 width=8) (actual time=2361.353..2361.362 rows=1 loops=1)
   Buffers: shared hit=137632 read=84629, temp read=366 written=366
   ->  Nested Loop  (cost=96912.33..609251.89 rows=43 width=0) (actual time=795.419..2361.322 rows=53 loops=1)
         Buffers: shared hit=137632 read=84629, temp read=366 written=366
         ->  Seq Scan on info_type it2  (cost=0.00..2.41 rows=1 width=4) (actual time=0.043..0.053 rows=1 loops=1)
               Filter: (id = 2)
               Rows Removed by Filter: 112
               Buffers: shared hit=1
         ->  Nested Loop  (cost=96912.33..609249.05 rows=43 width=4) (actual time=795.374..2361.250 rows=53 loops=1)
               Buffers: shared hit=137631 read=84629, temp read=366 written=366
               ->  Seq Scan on info_type it1  (cost=0.00..2.41 rows=1 width=4) (actual time=0.009..0.021 rows=1 loops=1)
                     Filter: (id = 3)
                     Rows Removed by Filter: 112
                     Buffers: shared hit=1
               ->  Nested Loop  (cost=96912.33..609246.21 rows=43 width=8) (actual time=795.361..2361.203 rows=53 loops=1)
                     Buffers: shared hit=137630 read=84629, temp read=366 written=366
                     ->  Hash Join  (cost=96911.90..608814.78 rows=186 width=12) (actual time=459.260..2286.816 rows=2610 loops=1)
                           Hash Cond: (ci.role_id = rt.id)
                           Buffers: shared hit=129314 read=82505, temp read=366 written=366
                           ->  Nested Loop  (cost=96910.72..608809.63 rows=1118 width=16) (actual time=458.000..2277.635 rows=75161 loops=1)
                                 Buffers: shared hit=129313 read=82505, temp read=366 written=366
                                 ->  Nested Loop  (cost=96910.28..605348.46 rows=78 width=20) (actual time=457.972..1525.510 rows=7109 loops=1)
                                       Buffers: shared hit=64334 read=54070, temp read=366 written=366
                                       ->  Hash Join  (cost=96909.85..531831.72 rows=1722 width=12) (actual time=457.850..929.932 rows=7058 loops=1)
                                             Hash Cond: (mi1.movie_id = t.id)
                                             Buffers: shared hit=19168 read=28199, temp read=366 written=366
                                             ->  Bitmap Heap Scan on movie_info mi1  (cost=16453.12..450228.00 rows=18606 width=8) (actual time=41.904..463.126 rows=184635 loops=1)
                                                   Recheck Cond: (info_type_id = 3)
                                                   Filter: ((info)::text = ANY ('{Action,Biography,Fantasy,History,Horror,Music,News,War}'::text[]))
                                                   Rows Removed by Filter: 1349274
                                                   Heap Blocks: exact=9772
                                                   Buffers: shared hit=14 read=10961
                                                   ->  Bitmap Index Scan on info_type_id_movie_info  (cost=0.00..16448.47 rows=1538671 width=0) (actual time=40.705..40.706 rows=1533909 loops=1)
                                                         Index Cond: (info_type_id = 3)
                                                         Buffers: shared read=1203
                                             ->  Hash  (cost=76617.93..76617.93 rows=233984 width=4) (actual time=414.895..414.898 rows=33701 loops=1)
                                                   Buckets: 262144  Batches: 2  Memory Usage: 2644kB
                                                   Buffers: shared hit=19154 read=17238, temp written=49
                                                   ->  Hash Join  (cost=1.13..76617.93 rows=233984 width=4) (actual time=0.057..408.273 rows=33701 loops=1)
                                                         Hash Cond: (t.kind_id = kt.id)
                                                         Buffers: shared hit=19154 read=17238
                                                         ->  Seq Scan on title t  (cost=0.00..74315.95 rows=545963 width=8) (actual time=0.021..376.530 rows=538239 loops=1)
                                                               Filter: ((production_year <= 1990) AND (1950 < production_year))
                                                               Rows Removed by Filter: 1990073
                                                               Buffers: shared hit=19153 read=17238
                                                         ->  Hash  (cost=1.10..1.10 rows=3 width=4) (actual time=0.012..0.013 rows=3 loops=1)
                                                               Buckets: 1024  Batches: 1  Memory Usage: 9kB
                                                               Buffers: shared hit=1
                                                               ->  Seq Scan on kind_type kt  (cost=0.00..1.10 rows=3 width=4) (actual time=0.007..0.008 rows=3 loops=1)
                                                                     Filter: ((kind)::text = ANY ('{"tv series","video game","video movie"}'::text[]))
                                                                     Rows Removed by Filter: 4
                                                                     Buffers: shared hit=1
                                       ->  Index Scan using movie_id_movie_info on movie_info mi2  (cost=0.43..42.68 rows=1 width=8) (actual time=0.068..0.084 rows=1 loops=7058)
                                             Index Cond: (movie_id = t.id)
                                             Filter: (((info)::text = ANY ('{"Black and White",Color}'::text[])) AND (info_type_id = 2))
                                             Rows Removed by Filter: 11
                                             Buffers: shared hit=45166 read=25871
                                 ->  Index Scan using movie_id_cast_info on cast_info ci  (cost=0.44..43.99 rows=38 width=12) (actual time=0.024..0.103 rows=11 loops=7109)
                                       Index Cond: (movie_id = t.id)
                                       Buffers: shared hit=64979 read=28435
                           ->  Hash  (cost=1.15..1.15 rows=2 width=4) (actual time=0.019..0.019 rows=2 loops=1)
                                 Buckets: 1024  Batches: 1  Memory Usage: 9kB
                                 Buffers: shared hit=1
                                 ->  Seq Scan on role_type rt  (cost=0.00..1.15 rows=2 width=4) (actual time=0.011..0.013 rows=2 loops=1)
                                       Filter: ((role)::text = ANY ('{composer,"production designer"}'::text[]))
                                       Rows Removed by Filter: 10
                                       Buffers: shared hit=1
                     ->  Index Scan using name_pkey on name n  (cost=0.43..2.32 rows=1 width=4) (actual time=0.028..0.028 rows=0 loops=2610)
                           Index Cond: (id = ci.person_id)
                           Filter: ((gender)::text = 'f'::text)
                           Rows Removed by Filter: 1
                           Buffers: shared hit=8316 read=2124
 Planning:
   Buffers: shared hit=487 read=87
 Planning Time: 13.720 ms
 Execution Time: 2361.919 ms
(76 rows)

