                                                                                                  QUERY PLAN                                                                                                  
--------------------------------------------------------------------------------------------------------------------------------------------------------------------------------------------------------------
 Aggregate  (cost=796261.49..796261.50 rows=1 width=8) (actual time=81663.334..81663.342 rows=1 loops=1)
   Buffers: shared hit=7262249 read=1189160, temp read=7017 written=6940
   ->  Nested Loop  (cost=755627.97..796261.10 rows=156 width=0) (actual time=950.125..81496.241 rows=1039159 loops=1)
         Buffers: shared hit=7262249 read=1189160, temp read=7017 written=6940
         ->  Seq Scan on info_type it2  (cost=0.00..2.41 rows=1 width=4) (actual time=0.047..0.058 rows=1 loops=1)
               Filter: (id = 2)
               Rows Removed by Filter: 112
               Buffers: shared hit=1
         ->  Nested Loop  (cost=755627.97..796257.13 rows=156 width=4) (actual time=950.076..81289.755 rows=1039159 loops=1)
               Buffers: shared hit=7262248 read=1189160, temp read=7017 written=6940
               ->  Seq Scan on info_type it1  (cost=0.00..2.41 rows=1 width=4) (actual time=0.007..0.020 rows=1 loops=1)
                     Filter: (id = 3)
                     Rows Removed by Filter: 112
                     Buffers: shared hit=1
               ->  Nested Loop  (cost=755627.97..796253.16 rows=156 width=8) (actual time=950.067..81071.880 rows=1039159 loops=1)
                     Buffers: shared hit=7262247 read=1189160, temp read=7017 written=6940
                     ->  Hash Join  (cost=755627.54..795387.98 rows=373 width=12) (actual time=950.037..44982.410 rows=1039159 loops=1)
                           Hash Cond: (ci.role_id = rt.id)
                           Buffers: shared hit=3191446 read=1103325, temp read=7017 written=6940
                           ->  Nested Loop  (cost=755626.38..795370.93 rows=4472 width=16) (actual time=949.998..44171.001 rows=3142356 loops=1)
                                 Buffers: shared hit=3191445 read=1103325, temp read=7017 written=6940
                                 ->  Nested Loop  (cost=755625.94..781725.44 rows=312 width=20) (actual time=949.971..8661.018 rows=130324 loops=1)
                                       Buffers: shared hit=824765 read=49549, temp read=7017 written=6940
                                       ->  Nested Loop  (cost=755625.79..781706.93 rows=729 width=24) (actual time=949.263..8522.592 rows=165503 loops=1)
                                             Join Filter: (t.id = mi1.movie_id)
                                             Buffers: shared hit=824753 read=49549, temp read=7017 written=6940
                                             ->  Merge Join  (cost=755625.36..756299.53 rows=7775 width=16) (actual time=949.216..1426.148 rows=211446 loops=1)
                                                   Merge Cond: (mi1.movie_id = mi2.movie_id)
                                                   Buffers: shared hit=12723 read=15795, temp read=7017 written=6940
                                                   ->  Sort  (cost=392015.53..392090.29 rows=29902 width=8) (actual time=393.628..443.803 rows=283175 loops=1)
                                                         Sort Key: mi1.movie_id
                                                         Sort Method: external sort  Disk: 6120kB
                                                         Buffers: shared hit=9687 read=1288, temp read=1527 written=1530
                                                         ->  Bitmap Heap Scan on movie_info mi1  (cost=16455.94..389792.63 rows=29902 width=8) (actual time=43.070..321.201 rows=283175 loops=1)
                                                               Recheck Cond: (info_type_id = 3)
                                                               Filter: ((info)::text = ANY ('{Animation,Comedy,History,Thriller}'::text[]))
                                                               Rows Removed by Filter: 1250734
                                                               Heap Blocks: exact=9772
                                                               Buffers: shared hit=9687 read=1288
                                                               ->  Bitmap Index Scan on info_type_id_movie_info  (cost=0.00..16448.47 rows=1538671 width=0) (actual time=41.858..41.859 rows=1533909 loops=1)
                                                                     Index Cond: (info_type_id = 3)
                                                                     Buffers: shared read=1203
                                                   ->  Sort  (cost=363609.83..363833.28 rows=89381 width=8) (actual time=555.578..731.321 rows=1015005 loops=1)
                                                         Sort Key: mi2.movie_id
                                                         Sort Method: external sort  Disk: 21624kB
                                                         Buffers: shared hit=3036 read=14507, temp read=5443 written=5410
                                                         ->  Bitmap Heap Scan on movie_info mi2  (cost=13878.84..356259.28 rows=89381 width=8) (actual time=31.398..314.164 rows=1000514 loops=1)
                                                               Recheck Cond: (info_type_id = 2)
                                                               Filter: ((info)::text = 'Color'::text)
                                                               Rows Removed by Filter: 288414
                                                               Heap Blocks: exact=16526
                                                               Buffers: shared hit=3036 read=14507
                                                               ->  Bitmap Index Scan on info_type_id_movie_info  (cost=0.00..13856.49 rows=1296008 width=0) (actual time=29.236..29.236 rows=1288928 loops=1)
                                                                     Index Cond: (info_type_id = 2)
                                                                     Buffers: shared hit=1 read=1016
                                             ->  Index Scan using title_pkey on title t  (cost=0.43..3.26 rows=1 width=8) (actual time=0.033..0.033 rows=1 loops=211446)
                                                   Index Cond: (id = mi2.movie_id)
                                                   Filter: ((production_year <= 2015) AND (1990 < production_year))
                                                   Rows Removed by Filter: 0
                                                   Buffers: shared hit=812030 read=33754
                                       ->  Memoize  (cost=0.14..0.16 rows=1 width=4) (actual time=0.000..0.000 rows=1 loops=165503)
                                             Cache Key: t.kind_id
                                             Cache Mode: logical
                                             Hits: 165497  Misses: 6  Evictions: 0  Overflows: 0  Memory Usage: 1kB
                                             Buffers: shared hit=12
                                             ->  Index Scan using kind_type_pkey on kind_type kt  (cost=0.13..0.15 rows=1 width=4) (actual time=0.010..0.010 rows=0 loops=6)
                                                   Index Cond: (id = t.kind_id)
                                                   Filter: ((kind)::text = ANY ('{episode,movie,"video movie"}'::text[]))
                                                   Rows Removed by Filter: 0
                                                   Buffers: shared hit=12
                                 ->  Index Scan using movie_id_cast_info on cast_info ci  (cost=0.44..43.36 rows=38 width=12) (actual time=0.035..0.265 rows=24 loops=130324)
                                       Index Cond: (movie_id = t.id)
                                       Buffers: shared hit=2366680 read=1053776
                           ->  Hash  (cost=1.15..1.15 rows=1 width=4) (actual time=0.017..0.018 rows=1 loops=1)
                                 Buckets: 1024  Batches: 1  Memory Usage: 9kB
                                 Buffers: shared hit=1
                                 ->  Seq Scan on role_type rt  (cost=0.00..1.15 rows=1 width=4) (actual time=0.008..0.010 rows=1 loops=1)
                                       Filter: ((role)::text = 'actor'::text)
                                       Rows Removed by Filter: 11
                                       Buffers: shared hit=1
                     ->  Index Scan using name_pkey on name n  (cost=0.43..2.32 rows=1 width=4) (actual time=0.034..0.034 rows=1 loops=1039159)
                           Index Cond: (id = ci.person_id)
                           Filter: ((gender)::text = 'm'::text)
                           Buffers: shared hit=4070801 read=85835
 Planning:
   Buffers: shared hit=529 read=45
 Planning Time: 13.359 ms
 Execution Time: 81671.817 ms
(88 rows)

