                                                                                            QUERY PLAN                                                                                            
--------------------------------------------------------------------------------------------------------------------------------------------------------------------------------------------------
 Aggregate  (cost=557589.83..557589.84 rows=1 width=8) (actual time=6362.314..6362.323 rows=1 loops=1)
   Buffers: shared hit=438709 read=205373, temp read=1141 written=1141
   ->  Nested Loop  (cost=95185.54..557589.37 rows=184 width=0) (actual time=538.205..6360.168 rows=13620 loops=1)
         Buffers: shared hit=438709 read=205373, temp read=1141 written=1141
         ->  Hash Join  (cost=95185.11..556935.26 rows=282 width=4) (actual time=537.723..5260.562 rows=33105 loops=1)
               Hash Cond: (ci.role_id = rt.id)
               Buffers: shared hit=325077 read=186585, temp read=1141 written=1141
               ->  Nested Loop  (cost=95183.94..556928.08 rows=1691 width=8) (actual time=537.586..5227.463 rows=199258 loops=1)
                     Buffers: shared hit=325076 read=186585, temp read=1141 written=1141
                     ->  Nested Loop  (cost=95183.50..551648.81 rows=118 width=12) (actual time=537.554..2852.862 rows=19746 loops=1)
                           Buffers: shared hit=168680 read=88042, temp read=1141 written=1141
                           ->  Seq Scan on info_type it2  (cost=0.00..2.41 rows=1 width=4) (actual time=0.032..0.041 rows=1 loops=1)
                                 Filter: (id = 2)
                                 Rows Removed by Filter: 112
                                 Buffers: shared hit=1
                           ->  Nested Loop  (cost=95183.50..551645.22 rows=118 width=16) (actual time=537.520..2849.359 rows=19746 loops=1)
                                 Buffers: shared hit=168679 read=88042, temp read=1141 written=1141
                                 ->  Seq Scan on info_type it1  (cost=0.00..2.41 rows=1 width=4) (actual time=0.009..0.021 rows=1 loops=1)
                                       Filter: (id = 3)
                                       Rows Removed by Filter: 112
                                       Buffers: shared hit=1
                                 ->  Nested Loop  (cost=95183.50..551641.63 rows=118 width=20) (actual time=537.509..2845.664 rows=19746 loops=1)
                                       Buffers: shared hit=168678 read=88042, temp read=1141 written=1141
                                       ->  Hash Join  (cost=95183.06..439439.30 rows=2613 width=12) (actual time=537.444..1069.808 rows=22821 loops=1)
                                             Hash Cond: (mi1.movie_id = t.id)
                                             Buffers: shared hit=18357 read=29010, temp read=1141 written=1141
                                             ->  Bitmap Heap Scan on movie_info mi1  (cost=16458.30..359575.89 rows=39339 width=8) (actual time=40.788..400.183 rows=375648 loops=1)
                                                   Recheck Cond: (info_type_id = 3)
                                                   Filter: ((info)::text = ANY ('{History,Short}'::text[]))
                                                   Rows Removed by Filter: 1158261
                                                   Heap Blocks: exact=9772
                                                   Buffers: shared hit=5227 read=5748
                                                   ->  Bitmap Index Scan on info_type_id_movie_info  (cost=0.00..16448.47 rows=1538671 width=0) (actual time=39.565..39.565 rows=1533909 loops=1)
                                                         Index Cond: (info_type_id = 3)
                                                         Buffers: shared hit=1203
                                             ->  Hash  (cost=75968.50..75968.50 rows=167941 width=4) (actual time=495.271..495.274 rows=342123 loops=1)
                                                   Buckets: 262144  Batches: 2  Memory Usage: 8082kB
                                                   Buffers: shared hit=13130 read=23262, temp written=499
                                                   ->  Hash Join  (cost=1.13..75968.50 rows=167941 width=4) (actual time=0.085..438.519 rows=342123 loops=1)
                                                         Hash Cond: (t.kind_id = kt.id)
                                                         Buffers: shared hit=13130 read=23262
                                                         ->  Seq Scan on title t  (cost=0.00..74315.95 rows=391862 width=8) (actual time=0.066..394.864 rows=386415 loops=1)
                                                               Filter: ((production_year <= 1997) AND (1981 < production_year))
                                                               Rows Removed by Filter: 2141897
                                                               Buffers: shared hit=13129 read=23262
                                                         ->  Hash  (cost=1.10..1.10 rows=3 width=4) (actual time=0.011..0.013 rows=3 loops=1)
                                                               Buckets: 1024  Batches: 1  Memory Usage: 9kB
                                                               Buffers: shared hit=1
                                                               ->  Seq Scan on kind_type kt  (cost=0.00..1.10 rows=3 width=4) (actual time=0.007..0.008 rows=3 loops=1)
                                                                     Filter: ((kind)::text = ANY ('{episode,movie,"tv movie"}'::text[]))
                                                                     Rows Removed by Filter: 4
                                                                     Buffers: shared hit=1
                                       ->  Index Scan using movie_id_movie_info on movie_info mi2  (cost=0.43..42.93 rows=1 width=8) (actual time=0.063..0.077 rows=1 loops=22821)
                                             Index Cond: (movie_id = t.id)
                                             Filter: (((info)::text = ANY ('{"Black and White",Color}'::text[])) AND (info_type_id = 2))
                                             Rows Removed by Filter: 7
                                             Buffers: shared hit=150321 read=59032
                     ->  Index Scan using movie_id_cast_info on cast_info ci  (cost=0.44..44.36 rows=38 width=12) (actual time=0.033..0.118 rows=10 loops=19746)
                           Index Cond: (movie_id = t.id)
                           Buffers: shared hit=156396 read=98543
               ->  Hash  (cost=1.15..1.15 rows=2 width=4) (actual time=0.034..0.035 rows=2 loops=1)
                     Buckets: 1024  Batches: 1  Memory Usage: 9kB
                     Buffers: shared hit=1
                     ->  Seq Scan on role_type rt  (cost=0.00..1.15 rows=2 width=4) (actual time=0.026..0.028 rows=2 loops=1)
                           Filter: ((role)::text = ANY ('{editor,writer}'::text[]))
                           Rows Removed by Filter: 10
                           Buffers: shared hit=1
         ->  Index Scan using name_pkey on name n  (cost=0.43..2.32 rows=1 width=4) (actual time=0.033..0.033 rows=0 loops=33105)
               Index Cond: (id = ci.person_id)
               Filter: ((gender)::text = ANY ('{f,m}'::text[]))
               Rows Removed by Filter: 1
               Buffers: shared hit=113632 read=18788
 Planning:
   Buffers: shared hit=574
 Planning Time: 13.871 ms
 Execution Time: 6362.925 ms
(76 rows)

