                                                                                               QUERY PLAN                                                                                               
--------------------------------------------------------------------------------------------------------------------------------------------------------------------------------------------------------
 Aggregate  (cost=508428.55..508428.56 rows=1 width=8) (actual time=4742.002..4742.010 rows=1 loops=1)
   Buffers: shared hit=476841 read=13861
   ->  Nested Loop  (cost=16455.55..508428.44 rows=45 width=0) (actual time=41.899..4741.874 rows=594 loops=1)
         Buffers: shared hit=476841 read=13861
         ->  Hash Join  (cost=16455.12..508268.39 rows=69 width=4) (actual time=40.687..4690.592 rows=1369 loops=1)
               Hash Cond: (ci.role_id = rt.id)
               Buffers: shared hit=472686 read=12540
               ->  Nested Loop  (cost=16453.95..508265.73 rows=416 width=8) (actual time=40.626..4688.909 rows=9462 loops=1)
                     Buffers: shared hit=472685 read=12540
                     ->  Nested Loop  (cost=16453.51..506973.66 rows=29 width=12) (actual time=40.597..4552.556 rows=1249 loops=1)
                           Buffers: shared hit=466230 read=6139
                           ->  Seq Scan on info_type it2  (cost=0.00..2.41 rows=1 width=4) (actual time=0.030..0.040 rows=1 loops=1)
                                 Filter: (id = 2)
                                 Rows Removed by Filter: 112
                                 Buffers: shared hit=1
                           ->  Nested Loop  (cost=16453.51..506970.95 rows=29 width=16) (actual time=40.565..4552.252 rows=1249 loops=1)
                                 Buffers: shared hit=466229 read=6139
                                 ->  Seq Scan on info_type it1  (cost=0.00..2.41 rows=1 width=4) (actual time=0.008..0.018 rows=1 loops=1)
                                       Filter: (id = 3)
                                       Rows Removed by Filter: 112
                                       Buffers: shared hit=1
                                 ->  Nested Loop  (cost=16453.51..506968.25 rows=29 width=20) (actual time=40.554..4551.989 rows=1249 loops=1)
                                       Buffers: shared hit=466228 read=6139
                                       ->  Hash Join  (cost=16453.07..479952.18 rows=631 width=12) (actual time=40.456..4420.790 rows=1256 loops=1)
                                             Hash Cond: (t.kind_id = kt.id)
                                             Buffers: shared hit=454560 read=4152
                                             ->  Nested Loop  (cost=16451.96..479941.77 rows=2208 width=16) (actual time=40.419..4416.324 rows=18865 loops=1)
                                                   Buffers: shared hit=454559 read=4152
                                                   ->  Bitmap Heap Scan on movie_info mi1  (cost=16451.52..404897.75 rows=12207 width=8) (actual time=40.248..710.012 rows=118249 loops=1)
                                                         Recheck Cond: (info_type_id = 3)
                                                         Filter: ((info)::text = ANY ('{Biography,Crime,Horror,Sci-Fi,Sport}'::text[]))
                                                         Rows Removed by Filter: 1415660
                                                         Heap Blocks: exact=9772
                                                         Buffers: shared hit=10975
                                                         ->  Bitmap Index Scan on info_type_id_movie_info  (cost=0.00..16448.47 rows=1538671 width=0) (actual time=39.028..39.028 rows=1533909 loops=1)
                                                               Index Cond: (info_type_id = 3)
                                                               Buffers: shared hit=1203
                                                   ->  Memoize  (cost=0.44..6.23 rows=1 width=8) (actual time=0.031..0.031 rows=0 loops=118249)
                                                         Cache Key: mi1.movie_id
                                                         Cache Mode: logical
                                                         Hits: 6315  Misses: 111934  Evictions: 0  Overflows: 0  Memory Usage: 8134kB
                                                         Buffers: shared hit=443584 read=4152
                                                         ->  Index Scan using title_pkey on title t  (cost=0.43..6.22 rows=1 width=8) (actual time=0.032..0.032 rows=0 loops=111934)
                                                               Index Cond: (id = mi1.movie_id)
                                                               Filter: ((production_year <= 1975) AND (1875 < production_year))
                                                               Rows Removed by Filter: 1
                                                               Buffers: shared hit=443584 read=4152
                                             ->  Hash  (cost=1.09..1.09 rows=2 width=4) (actual time=0.012..0.013 rows=2 loops=1)
                                                   Buckets: 1024  Batches: 1  Memory Usage: 9kB
                                                   Buffers: shared hit=1
                                                   ->  Seq Scan on kind_type kt  (cost=0.00..1.09 rows=2 width=4) (actual time=0.007..0.009 rows=2 loops=1)
                                                         Filter: ((kind)::text = ANY ('{"tv series","video game"}'::text[]))
                                                         Rows Removed by Filter: 5
                                                         Buffers: shared hit=1
                                       ->  Index Scan using movie_id_movie_info on movie_info mi2  (cost=0.43..42.80 rows=1 width=8) (actual time=0.084..0.104 rows=1 loops=1256)
                                             Index Cond: (movie_id = t.id)
                                             Filter: (((info)::text = ANY ('{"Black and White",Color}'::text[])) AND (info_type_id = 2))
                                             Rows Removed by Filter: 17
                                             Buffers: shared hit=11668 read=1987
                     ->  Index Scan using movie_id_cast_info on cast_info ci  (cost=0.44..44.17 rows=38 width=12) (actual time=0.038..0.107 rows=8 loops=1249)
                           Index Cond: (movie_id = t.id)
                           Buffers: shared hit=6455 read=6401
               ->  Hash  (cost=1.15..1.15 rows=2 width=4) (actual time=0.031..0.032 rows=2 loops=1)
                     Buckets: 1024  Batches: 1  Memory Usage: 9kB
                     Buffers: shared hit=1
                     ->  Seq Scan on role_type rt  (cost=0.00..1.15 rows=2 width=4) (actual time=0.024..0.026 rows=2 loops=1)
                           Filter: ((role)::text = ANY ('{"costume designer",writer}'::text[]))
                           Rows Removed by Filter: 10
                           Buffers: shared hit=1
         ->  Index Scan using name_pkey on name n  (cost=0.43..2.32 rows=1 width=4) (actual time=0.037..0.037 rows=0 loops=1369)
               Index Cond: (id = ci.person_id)
               Filter: ((gender)::text = ANY ('{f,m}'::text[]))
               Rows Removed by Filter: 1
               Buffers: shared hit=4155 read=1321
 Planning:
   Buffers: shared hit=574
 Planning Time: 13.725 ms
 Execution Time: 4744.470 ms
(78 rows)

