                                                                                               QUERY PLAN                                                                                               
--------------------------------------------------------------------------------------------------------------------------------------------------------------------------------------------------------
 Aggregate  (cost=534497.50..534497.51 rows=1 width=8) (actual time=14327.000..14327.007 rows=1 loops=1)
   Buffers: shared hit=1264393 read=228630
   ->  Nested Loop  (cost=16455.96..534497.46 rows=13 width=0) (actual time=145.743..14326.536 rows=993 loops=1)
         Buffers: shared hit=1264393 read=228630
         ->  Seq Scan on info_type it2  (cost=0.00..2.41 rows=1 width=4) (actual time=0.063..0.072 rows=1 loops=1)
               Filter: (id = 2)
               Rows Removed by Filter: 112
               Buffers: shared hit=1
         ->  Nested Loop  (cost=16455.96..534494.92 rows=13 width=4) (actual time=145.678..14326.177 rows=993 loops=1)
               Buffers: shared hit=1264392 read=228630
               ->  Seq Scan on info_type it1  (cost=0.00..2.41 rows=1 width=4) (actual time=0.013..0.023 rows=1 loops=1)
                     Filter: (id = 3)
                     Rows Removed by Filter: 112
                     Buffers: shared hit=1
               ->  Nested Loop  (cost=16455.96..534492.38 rows=13 width=8) (actual time=145.662..14325.785 rows=993 loops=1)
                     Buffers: shared hit=1264391 read=228630
                     ->  Hash Join  (cost=16455.53..534360.17 rows=57 width=12) (actual time=64.882..12899.712 rows=41276 loops=1)
                           Hash Cond: (ci.role_id = rt.id)
                           Buffers: shared hit=1114653 read=213264
                           ->  Nested Loop  (cost=16454.37..534356.56 rows=688 width=16) (actual time=64.421..12802.456 rows=534723 loops=1)
                                 Buffers: shared hit=1114652 read=213264
                                 ->  Nested Loop  (cost=16453.93..532217.96 rows=48 width=20) (actual time=64.366..7137.863 rows=19909 loops=1)
                                       Buffers: shared hit=668666 read=74346
                                       ->  Hash Join  (cost=16453.49..486449.05 rows=1069 width=12) (actual time=52.675..4623.339 rows=19858 loops=1)
                                             Hash Cond: (t.kind_id = kt.id)
                                             Buffers: shared hit=471534 read=10694
                                             ->  Nested Loop  (cost=16452.36..486437.41 rows=2495 width=16) (actual time=39.300..4613.683 rows=20922 loops=1)
                                                   Buffers: shared hit=471533 read=10694
                                                   ->  Bitmap Heap Scan on movie_info mi1  (cost=16451.92..404898.15 rows=13797 width=8) (actual time=38.894..700.938 rows=132289 loops=1)
                                                         Recheck Cond: (info_type_id = 3)
                                                         Filter: ((info)::text = ANY ('{Biography,Crime,Fantasy,History,Thriller}'::text[]))
                                                         Rows Removed by Filter: 1401620
                                                         Heap Blocks: exact=9772
                                                         Buffers: shared hit=5448 read=5527
                                                         ->  Bitmap Index Scan on info_type_id_movie_info  (cost=0.00..16448.47 rows=1538671 width=0) (actual time=37.692..37.692 rows=1533909 loops=1)
                                                               Index Cond: (info_type_id = 3)
                                                               Buffers: shared hit=1203
                                                   ->  Memoize  (cost=0.44..6.01 rows=1 width=8) (actual time=0.029..0.029 rows=0 loops=132289)
                                                         Cache Key: mi1.movie_id
                                                         Cache Mode: logical
                                                         Hits: 14476  Misses: 117813  Evictions: 5422  Overflows: 0  Memory Usage: 8193kB
                                                         Buffers: shared hit=466085 read=5167
                                                         ->  Index Scan using title_pkey on title t  (cost=0.43..6.00 rows=1 width=8) (actual time=0.032..0.032 rows=0 loops=117813)
                                                               Index Cond: (id = mi1.movie_id)
                                                               Filter: ((production_year <= 1975) AND (1875 < production_year))
                                                               Rows Removed by Filter: 1
                                                               Buffers: shared hit=466085 read=5167
                                             ->  Hash  (cost=1.10..1.10 rows=3 width=4) (actual time=0.023..0.024 rows=3 loops=1)
                                                   Buckets: 1024  Batches: 1  Memory Usage: 9kB
                                                   Buffers: shared hit=1
                                                   ->  Seq Scan on kind_type kt  (cost=0.00..1.10 rows=3 width=4) (actual time=0.009..0.012 rows=3 loops=1)
                                                         Filter: ((kind)::text = ANY ('{episode,movie,"tv movie"}'::text[]))
                                                         Rows Removed by Filter: 4
                                                         Buffers: shared hit=1
                                       ->  Index Scan using movie_id_movie_info on movie_info mi2  (cost=0.43..42.80 rows=1 width=8) (actual time=0.108..0.126 rows=1 loops=19858)
                                             Index Cond: (movie_id = t.id)
                                             Filter: (((info)::text = ANY ('{"Black and White",Color}'::text[])) AND (info_type_id = 2))
                                             Rows Removed by Filter: 23
                                             Buffers: shared hit=197132 read=63652
                                 ->  Index Scan using movie_id_cast_info on cast_info ci  (cost=0.44..44.17 rows=38 width=12) (actual time=0.036..0.277 rows=27 loops=19909)
                                       Index Cond: (movie_id = t.id)
                                       Buffers: shared hit=445986 read=138918
                           ->  Hash  (cost=1.15..1.15 rows=1 width=4) (actual time=0.018..0.019 rows=1 loops=1)
                                 Buckets: 1024  Batches: 1  Memory Usage: 9kB
                                 Buffers: shared hit=1
                                 ->  Seq Scan on role_type rt  (cost=0.00..1.15 rows=1 width=4) (actual time=0.011..0.012 rows=1 loops=1)
                                       Filter: ((role)::text = 'writer'::text)
                                       Rows Removed by Filter: 11
                                       Buffers: shared hit=1
                     ->  Index Scan using name_pkey on name n  (cost=0.43..2.32 rows=1 width=4) (actual time=0.034..0.034 rows=0 loops=41276)
                           Index Cond: (id = ci.person_id)
                           Filter: ((gender)::text = 'f'::text)
                           Rows Removed by Filter: 1
                           Buffers: shared hit=149738 read=15366
 Planning:
   Buffers: shared hit=574
 Planning Time: 12.573 ms
 Execution Time: 14329.664 ms
(78 rows)

