                                                                                            QUERY PLAN                                                                                            
--------------------------------------------------------------------------------------------------------------------------------------------------------------------------------------------------
 Aggregate  (cost=486786.16..486786.17 rows=1 width=8) (actual time=1079.820..1079.827 rows=1 loops=1)
   Buffers: shared hit=33600 read=53007
   ->  Nested Loop  (cost=93825.22..486786.13 rows=11 width=0) (actual time=446.051..1079.789 rows=72 loops=1)
         Buffers: shared hit=33600 read=53007
         ->  Seq Scan on info_type it2  (cost=0.00..2.41 rows=1 width=4) (actual time=0.049..0.054 rows=1 loops=1)
               Filter: (id = 2)
               Rows Removed by Filter: 112
               Buffers: shared hit=1
         ->  Nested Loop  (cost=93825.22..486783.61 rows=11 width=4) (actual time=446.000..1079.711 rows=72 loops=1)
               Buffers: shared hit=33599 read=53007
               ->  Seq Scan on info_type it1  (cost=0.00..2.41 rows=1 width=4) (actual time=0.015..0.022 rows=1 loops=1)
                     Filter: (id = 3)
                     Rows Removed by Filter: 112
                     Buffers: shared hit=1
               ->  Nested Loop  (cost=93825.22..486781.08 rows=11 width=8) (actual time=445.981..1079.663 rows=72 loops=1)
                     Buffers: shared hit=33598 read=53007
                     ->  Hash Join  (cost=93824.79..486672.07 rows=47 width=12) (actual time=442.012..1031.534 rows=1444 loops=1)
                           Hash Cond: (ci.role_id = rt.id)
                           Buffers: shared hit=29434 read=51395
                           ->  Nested Loop  (cost=93823.63..486668.91 rows=559 width=16) (actual time=441.953..1029.929 rows=12964 loops=1)
                                 Buffers: shared hit=29433 read=51395
                                 ->  Nested Loop  (cost=93823.19..484924.07 rows=39 width=20) (actual time=441.927..860.692 rows=1713 loops=1)
                                       Buffers: shared hit=20983 read=42129
                                       ->  Hash Join  (cost=93822.75..437045.92 rows=1115 width=12) (actual time=441.841..727.270 rows=1758 loops=1)
                                             Hash Cond: (mi1.movie_id = t.id)
                                             Buffers: shared hit=12177 read=35190
                                             ->  Bitmap Heap Scan on movie_info mi1  (cost=16454.76..359572.35 rows=25183 width=8) (actual time=42.810..300.271 rows=221491 loops=1)
                                                   Recheck Cond: (info_type_id = 3)
                                                   Filter: ((info)::text = ANY ('{Adult,Documentary}'::text[]))
                                                   Rows Removed by Filter: 1312418
                                                   Heap Blocks: exact=9772
                                                   Buffers: shared hit=1398 read=9577
                                                   ->  Bitmap Index Scan on info_type_id_movie_info  (cost=0.00..16448.47 rows=1538671 width=0) (actual time=41.619..41.619 rows=1533909 loops=1)
                                                         Index Cond: (info_type_id = 3)
                                                         Buffers: shared read=1203
                                             ->  Hash  (cost=75968.48..75968.48 rows=111961 width=4) (actual time=398.517..398.520 rows=23692 loops=1)
                                                   Buckets: 131072  Batches: 1  Memory Usage: 1857kB
                                                   Buffers: shared hit=10779 read=25613
                                                   ->  Hash Join  (cost=1.11..75968.48 rows=111961 width=4) (actual time=0.063..393.106 rows=23692 loops=1)
                                                         Hash Cond: (t.kind_id = kt.id)
                                                         Buffers: shared hit=10779 read=25613
                                                         ->  Seq Scan on title t  (cost=0.00..74315.95 rows=391862 width=8) (actual time=0.024..369.554 rows=386415 loops=1)
                                                               Filter: ((production_year <= 1997) AND (1981 < production_year))
                                                               Rows Removed by Filter: 2141897
                                                               Buffers: shared hit=10778 read=25613
                                                         ->  Hash  (cost=1.09..1.09 rows=2 width=4) (actual time=0.017..0.018 rows=2 loops=1)
                                                               Buckets: 1024  Batches: 1  Memory Usage: 9kB
                                                               Buffers: shared hit=1
                                                               ->  Seq Scan on kind_type kt  (cost=0.00..1.09 rows=2 width=4) (actual time=0.008..0.009 rows=2 loops=1)
                                                                     Filter: ((kind)::text = ANY ('{"tv series","video game"}'::text[]))
                                                                     Rows Removed by Filter: 5
                                                                     Buffers: shared hit=1
                                       ->  Index Scan using movie_id_movie_info on movie_info mi2  (cost=0.43..42.93 rows=1 width=8) (actual time=0.056..0.075 rows=1 loops=1758)
                                             Index Cond: (movie_id = t.id)
                                             Filter: ((info_type_id = 2) AND ((info)::text = 'Color'::text))
                                             Rows Removed by Filter: 6
                                             Buffers: shared hit=8806 read=6939
                                 ->  Index Scan using movie_id_cast_info on cast_info ci  (cost=0.44..44.36 rows=38 width=12) (actual time=0.034..0.097 rows=8 loops=1713)
                                       Index Cond: (movie_id = t.id)
                                       Buffers: shared hit=8450 read=9266
                           ->  Hash  (cost=1.15..1.15 rows=1 width=4) (actual time=0.018..0.019 rows=1 loops=1)
                                 Buckets: 1024  Batches: 1  Memory Usage: 9kB
                                 Buffers: shared hit=1
                                 ->  Seq Scan on role_type rt  (cost=0.00..1.15 rows=1 width=4) (actual time=0.011..0.012 rows=1 loops=1)
                                       Filter: ((role)::text = 'director'::text)
                                       Rows Removed by Filter: 11
                                       Buffers: shared hit=1
                     ->  Index Scan using name_pkey on name n  (cost=0.43..2.32 rows=1 width=4) (actual time=0.033..0.033 rows=0 loops=1444)
                           Index Cond: (id = ci.person_id)
                           Filter: ((gender)::text = 'f'::text)
                           Rows Removed by Filter: 1
                           Buffers: shared hit=4164 read=1612
 Planning:
   Buffers: shared hit=483 read=91
 Planning Time: 14.588 ms
 Execution Time: 1080.447 ms
(76 rows)

