                                                                                            QUERY PLAN                                                                                            
--------------------------------------------------------------------------------------------------------------------------------------------------------------------------------------------------
 Aggregate  (cost=541152.81..541152.82 rows=1 width=8) (actual time=25065.220..25065.232 rows=1 loops=1)
   Buffers: shared hit=2134561 read=443417, temp read=1281 written=1281
   ->  Nested Loop  (cost=94161.38..541152.47 rows=137 width=0) (actual time=523.274..25062.692 rows=7330 loops=1)
         Buffers: shared hit=2134561 read=443417, temp read=1281 written=1281
         ->  Hash Join  (cost=94160.95..540665.37 rows=210 width=4) (actual time=522.296..24011.390 rows=29681 loops=1)
               Hash Cond: (ci.role_id = rt.id)
               Buffers: shared hit=2021011 read=438243, temp read=1281 written=1281
               ->  Nested Loop  (cost=94159.77..540659.72 rows=1261 width=8) (actual time=521.733..23765.616 rows=1541935 loops=1)
                     Buffers: shared hit=2021010 read=438243, temp read=1281 written=1281
                     ->  Nested Loop  (cost=94159.33..536710.33 rows=88 width=12) (actual time=521.694..8232.880 rows=57631 loops=1)
                           Buffers: shared hit=569876 read=197840, temp read=1281 written=1281
                           ->  Seq Scan on info_type it2  (cost=0.00..2.41 rows=1 width=4) (actual time=0.026..0.038 rows=1 loops=1)
                                 Filter: (id = 2)
                                 Rows Removed by Filter: 112
                                 Buffers: shared hit=1
                           ->  Nested Loop  (cost=94159.33..536707.04 rows=88 width=16) (actual time=521.667..8219.294 rows=57631 loops=1)
                                 Buffers: shared hit=569875 read=197840, temp read=1281 written=1281
                                 ->  Seq Scan on info_type it1  (cost=0.00..2.41 rows=1 width=4) (actual time=0.008..0.022 rows=1 loops=1)
                                       Filter: (id = 3)
                                       Rows Removed by Filter: 112
                                       Buffers: shared hit=1
                                 ->  Nested Loop  (cost=94159.33..536703.74 rows=88 width=20) (actual time=521.655..8204.878 rows=57631 loops=1)
                                       Buffers: shared hit=569874 read=197840, temp read=1281 written=1281
                                       ->  Hash Join  (cost=94158.90..452527.92 rows=1956 width=12) (actual time=521.598..1311.957 rows=58344 loops=1)
                                             Hash Cond: (mi1.movie_id = t.id)
                                             Buffers: shared hit=373 read=46994, temp read=1281 written=1281
                                             ->  Bitmap Heap Scan on movie_info mi1  (cost=16456.62..374683.76 rows=32620 width=8) (actual time=41.288..590.844 rows=336451 loops=1)
                                                   Recheck Cond: (info_type_id = 3)
                                                   Filter: ((info)::text = ANY ('{Action,Drama,Romance}'::text[]))
                                                   Rows Removed by Filter: 1197458
                                                   Heap Blocks: exact=9772
                                                   Buffers: shared hit=372 read=10603
                                                   ->  Bitmap Index Scan on info_type_id_movie_info  (cost=0.00..16448.47 rows=1538671 width=0) (actual time=40.100..40.101 rows=1533909 loops=1)
                                                         Index Cond: (info_type_id = 3)
                                                         Buffers: shared read=1203
                                             ->  Hash  (cost=75807.58..75807.58 rows=151576 width=4) (actual time=478.732..478.736 rows=335746 loops=1)
                                                   Buckets: 262144 (originally 262144)  Batches: 2 (originally 1)  Memory Usage: 7957kB
                                                   Buffers: shared hit=1 read=36391, temp written=491
                                                   ->  Hash Join  (cost=1.13..75807.58 rows=151576 width=4) (actual time=0.048..416.471 rows=335746 loops=1)
                                                         Hash Cond: (t.kind_id = kt.id)
                                                         Buffers: shared hit=1 read=36391
                                                         ->  Seq Scan on title t  (cost=0.00..74315.95 rows=353677 width=8) (actual time=0.024..372.827 rows=347589 loops=1)
                                                               Filter: ((production_year <= 1975) AND (1925 < production_year))
                                                               Rows Removed by Filter: 2180723
                                                               Buffers: shared read=36391
                                                         ->  Hash  (cost=1.10..1.10 rows=3 width=4) (actual time=0.013..0.015 rows=3 loops=1)
                                                               Buckets: 1024  Batches: 1  Memory Usage: 9kB
                                                               Buffers: shared hit=1
                                                               ->  Seq Scan on kind_type kt  (cost=0.00..1.10 rows=3 width=4) (actual time=0.008..0.009 rows=3 loops=1)
                                                                     Filter: ((kind)::text = ANY ('{episode,movie,"tv movie"}'::text[]))
                                                                     Rows Removed by Filter: 4
                                                                     Buffers: shared hit=1
                                       ->  Index Scan using movie_id_movie_info on movie_info mi2  (cost=0.43..43.02 rows=1 width=8) (actual time=0.099..0.117 rows=1 loops=58344)
                                             Index Cond: (movie_id = t.id)
                                             Filter: (((info)::text = ANY ('{"Black and White",Color}'::text[])) AND (info_type_id = 2))
                                             Rows Removed by Filter: 18
                                             Buffers: shared hit=569501 read=150846
                     ->  Index Scan using movie_id_cast_info on cast_info ci  (cost=0.44..44.50 rows=38 width=12) (actual time=0.035..0.262 rows=27 loops=57631)
                           Index Cond: (movie_id = t.id)
                           Buffers: shared hit=1451134 read=240403
               ->  Hash  (cost=1.15..1.15 rows=2 width=4) (actual time=0.028..0.029 rows=2 loops=1)
                     Buckets: 1024  Batches: 1  Memory Usage: 9kB
                     Buffers: shared hit=1
                     ->  Seq Scan on role_type rt  (cost=0.00..1.15 rows=2 width=4) (actual time=0.022..0.023 rows=2 loops=1)
                           Filter: ((role)::text = ANY ('{"costume designer","production designer"}'::text[]))
                           Rows Removed by Filter: 10
                           Buffers: shared hit=1
         ->  Index Scan using name_pkey on name n  (cost=0.43..2.32 rows=1 width=4) (actual time=0.035..0.035 rows=0 loops=29681)
               Index Cond: (id = ci.person_id)
               Filter: ((gender)::text = ANY ('{f,m}'::text[]))
               Rows Removed by Filter: 1
               Buffers: shared hit=113550 read=5174
 Planning:
   Buffers: shared hit=482 read=92
 Planning Time: 12.950 ms
 Execution Time: 25065.777 ms
(76 rows)

