                                                                                                  QUERY PLAN                                                                                                  
--------------------------------------------------------------------------------------------------------------------------------------------------------------------------------------------------------------
 Aggregate  (cost=832245.68..832245.69 rows=1 width=8) (actual time=82792.547..82792.555 rows=1 loops=1)
   Buffers: shared hit=7329930 read=1157982, temp read=12947 written=12618
   ->  Nested Loop  (cost=758991.29..832244.23 rows=578 width=0) (actual time=1164.015..82755.558 rows=178883 loops=1)
         Buffers: shared hit=7329930 read=1157982, temp read=12947 written=12618
         ->  Seq Scan on info_type it2  (cost=0.00..2.41 rows=1 width=4) (actual time=0.042..0.052 rows=1 loops=1)
               Filter: (id = 2)
               Rows Removed by Filter: 112
               Buffers: shared hit=1
         ->  Nested Loop  (cost=758991.29..832236.04 rows=578 width=4) (actual time=1163.972..82715.744 rows=178883 loops=1)
               Buffers: shared hit=7329929 read=1157982, temp read=12947 written=12618
               ->  Seq Scan on info_type it1  (cost=0.00..2.41 rows=1 width=4) (actual time=0.008..0.020 rows=1 loops=1)
                     Filter: (id = 3)
                     Rows Removed by Filter: 112
                     Buffers: shared hit=1
               ->  Nested Loop  (cost=758991.29..832227.85 rows=578 width=8) (actual time=1163.962..82674.484 rows=178883 loops=1)
                     Buffers: shared hit=7329928 read=1157982, temp read=12947 written=12618
                     ->  Hash Join  (cost=758990.86..829031.55 rows=1378 width=12) (actual time=1163.121..66418.348 rows=444132 loops=1)
                           Hash Cond: (ci.role_id = rt.id)
                           Buffers: shared hit=5709006 read=1002376, temp read=12947 written=12618
                           ->  Nested Loop  (cost=758989.69..829001.00 rows=8271 width=16) (actual time=1163.030..65476.872 rows=4612657 loops=1)
                                 Buffers: shared hit=5709005 read=1002376, temp read=12947 written=12618
                                 ->  Nested Loop  (cost=758989.25..803765.59 rows=577 width=20) (actual time=1163.002..15724.466 rows=209199 loops=1)
                                       Buffers: shared hit=1568772 read=65314, temp read=12947 written=12618
                                       ->  Nested Loop  (cost=758989.11..803732.34 rows=1345 width=24) (actual time=1161.911..15494.936 rows=272328 loops=1)
                                             Join Filter: (t.id = mi1.movie_id)
                                             Buffers: shared hit=1568760 read=65314, temp read=12947 written=12618
                                             ->  Merge Join  (cost=758988.68..759919.65 rows=14357 width=16) (actual time=1161.843..1879.608 rows=401389 loops=1)
                                                   Merge Cond: (mi1.movie_id = mi2.movie_id)
                                                   Buffers: shared hit=3 read=28515, temp read=12947 written=12618
                                                   ->  Sort  (cost=393119.83..393227.76 rows=43173 width=8) (actual time=392.048..467.628 rows=403745 loops=1)
                                                         Sort Key: mi1.movie_id
                                                         Sort Method: external sort  Disk: 8728kB
                                                         Buffers: shared hit=1 read=10974, temp read=2178 written=2183
                                                         ->  Bitmap Heap Scan on movie_info mi1  (cost=16459.29..389795.97 rows=43173 width=8) (actual time=42.344..288.115 rows=403745 loops=1)
                                                               Recheck Cond: (info_type_id = 3)
                                                               Filter: ((info)::text = ANY ('{Action,Crime,Documentary,Game-Show,History,Horror,Musical,Mystery,Sci-Fi,Thriller,Western}'::text[]))
                                                               Rows Removed by Filter: 1130164
                                                               Heap Blocks: exact=9772
                                                               Buffers: shared hit=1 read=10974
                                                               ->  Bitmap Index Scan on info_type_id_movie_info  (cost=0.00..16448.47 rows=1538671 width=0) (actual time=41.157..41.157 rows=1533909 loops=1)
                                                                     Index Cond: (info_type_id = 3)
                                                                     Buffers: shared read=1203
                                                   ->  Sort  (cost=365868.85..366154.62 rows=114308 width=8) (actual time=769.785..1018.404 rows=1358238 loops=1)
                                                         Sort Key: mi2.movie_id
                                                         Sort Method: external sort  Disk: 27832kB
                                                         Buffers: shared hit=2 read=17541, temp read=10593 written=10435
                                                         ->  Bitmap Heap Scan on movie_info mi2  (cost=13885.07..356265.51 rows=114308 width=8) (actual time=32.155..377.838 rows=1288928 loops=1)
                                                               Recheck Cond: (info_type_id = 2)
                                                               Filter: ((info)::text = ANY ('{"Black and White",Color}'::text[]))
                                                               Heap Blocks: exact=16526
                                                               Buffers: shared hit=2 read=17541
                                                               ->  Bitmap Index Scan on info_type_id_movie_info  (cost=0.00..13856.49 rows=1296008 width=0) (actual time=29.966..29.966 rows=1288928 loops=1)
                                                                     Index Cond: (info_type_id = 2)
                                                                     Buffers: shared hit=1 read=1016
                                             ->  Index Scan using title_pkey on title t  (cost=0.43..3.04 rows=1 width=8) (actual time=0.033..0.033 rows=1 loops=401389)
                                                   Index Cond: (id = mi2.movie_id)
                                                   Filter: ((production_year <= 2015) AND (1990 < production_year))
                                                   Rows Removed by Filter: 0
                                                   Buffers: shared hit=1568757 read=36799
                                       ->  Memoize  (cost=0.14..0.16 rows=1 width=4) (actual time=0.000..0.000 rows=1 loops=272328)
                                             Cache Key: t.kind_id
                                             Cache Mode: logical
                                             Hits: 272322  Misses: 6  Evictions: 0  Overflows: 0  Memory Usage: 1kB
                                             Buffers: shared hit=12
                                             ->  Index Scan using kind_type_pkey on kind_type kt  (cost=0.13..0.15 rows=1 width=4) (actual time=0.012..0.012 rows=0 loops=6)
                                                   Index Cond: (id = t.kind_id)
                                                   Filter: ((kind)::text = ANY ('{episode,movie,"video movie"}'::text[]))
                                                   Rows Removed by Filter: 0
                                                   Buffers: shared hit=12
                                 ->  Index Scan using movie_id_cast_info on cast_info ci  (cost=0.44..43.36 rows=38 width=12) (actual time=0.035..0.231 rows=22 loops=209199)
                                       Index Cond: (movie_id = t.id)
                                       Buffers: shared hit=4140233 read=937062
                           ->  Hash  (cost=1.15..1.15 rows=2 width=4) (actual time=0.026..0.027 rows=2 loops=1)
                                 Buckets: 1024  Batches: 1  Memory Usage: 9kB
                                 Buffers: shared hit=1
                                 ->  Seq Scan on role_type rt  (cost=0.00..1.15 rows=2 width=4) (actual time=0.010..0.012 rows=2 loops=1)
                                       Filter: ((role)::text = ANY ('{cinematographer,writer}'::text[]))
                                       Rows Removed by Filter: 10
                                       Buffers: shared hit=1
                     ->  Index Scan using name_pkey on name n  (cost=0.43..2.32 rows=1 width=4) (actual time=0.036..0.036 rows=0 loops=444132)
                           Index Cond: (id = ci.person_id)
                           Filter: ((gender)::text = 'm'::text)
                           Rows Removed by Filter: 1
                           Buffers: shared hit=1620922 read=155606
 Planning:
   Buffers: shared hit=489 read=88
 Planning Time: 14.191 ms
 Execution Time: 82803.729 ms
(88 rows)

