                                                                                            QUERY PLAN                                                                                            
--------------------------------------------------------------------------------------------------------------------------------------------------------------------------------------------------
 Aggregate  (cost=526077.73..526077.74 rows=1 width=8) (actual time=1074.743..1074.749 rows=1 loops=1)
   Buffers: shared hit=49460 read=43079
   ->  Nested Loop  (cost=94158.63..526077.50 rows=90 width=0) (actual time=437.933..1074.713 rows=98 loops=1)
         Buffers: shared hit=49460 read=43079
         ->  Hash Join  (cost=94158.20..525757.41 rows=138 width=4) (actual time=431.696..1059.592 rows=492 loops=1)
               Hash Cond: (ci.role_id = rt.id)
               Buffers: shared hit=47898 read=42673
               ->  Nested Loop  (cost=94157.03..525753.28 rows=831 width=8) (actual time=431.415..1057.379 rows=18323 loops=1)
                     Buffers: shared hit=47897 read=42673
                     ->  Nested Loop  (cost=94156.59..523150.28 rows=58 width=12) (actual time=431.391..849.121 rows=1852 loops=1)
                           Buffers: shared hit=33189 read=34262
                           ->  Seq Scan on info_type it2  (cost=0.00..2.41 rows=1 width=4) (actual time=0.035..0.040 rows=1 loops=1)
                                 Filter: (id = 2)
                                 Rows Removed by Filter: 112
                                 Buffers: shared hit=1
                           ->  Nested Loop  (cost=94156.59..523147.28 rows=58 width=16) (actual time=431.354..848.790 rows=1852 loops=1)
                                 Buffers: shared hit=33188 read=34262
                                 ->  Seq Scan on info_type it1  (cost=0.00..2.41 rows=1 width=4) (actual time=0.008..0.015 rows=1 loops=1)
                                       Filter: (id = 3)
                                       Rows Removed by Filter: 112
                                       Buffers: shared hit=1
                                 ->  Nested Loop  (cost=94156.59..523144.29 rows=58 width=20) (actual time=431.344..848.496 rows=1852 loops=1)
                                       Buffers: shared hit=33187 read=34262
                                       ->  Hash Join  (cost=94156.15..467586.53 rows=1291 width=12) (actual time=431.262..676.640 rows=1865 loops=1)
                                             Hash Cond: (mi1.movie_id = t.id)
                                             Buffers: shared hit=21230 read=26137
                                             ->  Bitmap Heap Scan on movie_info mi1  (cost=16453.88..389790.56 rows=21541 width=8) (actual time=44.076..263.460 rows=211329 loops=1)
                                                   Recheck Cond: (info_type_id = 3)
                                                   Filter: ((info)::text = ANY ('{Biography,Fantasy,History,Horror,Musical,Mystery,Sci-Fi,Sport,Thriller,War}'::text[]))
                                                   Rows Removed by Filter: 1322580
                                                   Heap Blocks: exact=9772
                                                   Buffers: shared hit=7232 read=3743
                                                   ->  Bitmap Index Scan on info_type_id_movie_info  (cost=0.00..16448.47 rows=1538671 width=0) (actual time=42.886..42.886 rows=1533909 loops=1)
                                                         Index Cond: (info_type_id = 3)
                                                         Buffers: shared read=1203
                                             ->  Hash  (cost=75807.58..75807.58 rows=151576 width=4) (actual time=386.081..386.084 rows=11843 loops=1)
                                                   Buckets: 262144  Batches: 1  Memory Usage: 2465kB
                                                   Buffers: shared hit=13998 read=22394
                                                   ->  Hash Join  (cost=1.13..75807.58 rows=151576 width=4) (actual time=0.142..383.113 rows=11843 loops=1)
                                                         Hash Cond: (t.kind_id = kt.id)
                                                         Buffers: shared hit=13998 read=22394
                                                         ->  Seq Scan on title t  (cost=0.00..74315.95 rows=353677 width=8) (actual time=0.026..362.853 rows=347589 loops=1)
                                                               Filter: ((production_year <= 1975) AND (1925 < production_year))
                                                               Rows Removed by Filter: 2180723
                                                               Buffers: shared hit=13997 read=22394
                                                         ->  Hash  (cost=1.10..1.10 rows=3 width=4) (actual time=0.012..0.013 rows=3 loops=1)
                                                               Buckets: 1024  Batches: 1  Memory Usage: 9kB
                                                               Buffers: shared hit=1
                                                               ->  Seq Scan on kind_type kt  (cost=0.00..1.10 rows=3 width=4) (actual time=0.007..0.009 rows=3 loops=1)
                                                                     Filter: ((kind)::text = ANY ('{"tv series","video game","video movie"}'::text[]))
                                                                     Rows Removed by Filter: 4
                                                                     Buffers: shared hit=1
                                       ->  Index Scan using movie_id_movie_info on movie_info mi2  (cost=0.43..43.02 rows=1 width=8) (actual time=0.072..0.092 rows=1 loops=1865)
                                             Index Cond: (movie_id = t.id)
                                             Filter: (((info)::text = ANY ('{"Black and White",Color}'::text[])) AND (info_type_id = 2))
                                             Rows Removed by Filter: 17
                                             Buffers: shared hit=11957 read=8125
                     ->  Index Scan using movie_id_cast_info on cast_info ci  (cost=0.44..44.50 rows=38 width=12) (actual time=0.028..0.110 rows=10 loops=1852)
                           Index Cond: (movie_id = t.id)
                           Buffers: shared hit=14708 read=8411
               ->  Hash  (cost=1.15..1.15 rows=2 width=4) (actual time=0.036..0.037 rows=2 loops=1)
                     Buckets: 1024  Batches: 1  Memory Usage: 9kB
                     Buffers: shared hit=1
                     ->  Seq Scan on role_type rt  (cost=0.00..1.15 rows=2 width=4) (actual time=0.028..0.029 rows=2 loops=1)
                           Filter: ((role)::text = ANY ('{editor,"production designer"}'::text[]))
                           Rows Removed by Filter: 10
                           Buffers: shared hit=1
         ->  Index Scan using name_pkey on name n  (cost=0.43..2.32 rows=1 width=4) (actual time=0.030..0.030 rows=0 loops=492)
               Index Cond: (id = ci.person_id)
               Filter: ((gender)::text = ANY ('{f,m}'::text[]))
               Rows Removed by Filter: 1
               Buffers: shared hit=1562 read=406
 Planning:
   Buffers: shared hit=532 read=45
 Planning Time: 14.306 ms
 Execution Time: 1075.440 ms
(76 rows)

