                                                                                                  QUERY PLAN                                                                                                  
--------------------------------------------------------------------------------------------------------------------------------------------------------------------------------------------------------------
 Aggregate  (cost=819923.60..819923.61 rows=1 width=8) (actual time=21371.556..21371.564 rows=1 loops=1)
   Buffers: shared hit=1760314 read=362141, temp read=7061 written=6993
   ->  Nested Loop  (cost=770850.97..819922.99 rows=245 width=0) (actual time=1004.162..21370.744 rows=1586 loops=1)
         Buffers: shared hit=1760314 read=362141, temp read=7061 written=6993
         ->  Seq Scan on info_type it2  (cost=0.00..2.41 rows=1 width=4) (actual time=0.047..0.058 rows=1 loops=1)
               Filter: (id = 2)
               Rows Removed by Filter: 112
               Buffers: shared hit=1
         ->  Nested Loop  (cost=770850.97..819918.13 rows=245 width=4) (actual time=1004.113..21370.198 rows=1586 loops=1)
               Buffers: shared hit=1760313 read=362141, temp read=7061 written=6993
               ->  Seq Scan on info_type it1  (cost=0.00..2.41 rows=1 width=4) (actual time=0.009..0.021 rows=1 loops=1)
                     Filter: (id = 3)
                     Rows Removed by Filter: 112
                     Buffers: shared hit=1
               ->  Nested Loop  (cost=770850.97..819913.26 rows=245 width=8) (actual time=1004.102..21369.642 rows=1586 loops=1)
                     Buffers: shared hit=1760312 read=362141, temp read=7061 written=6993
                     ->  Hash Join  (cost=770850.54..817463.85 rows=1056 width=12) (actual time=991.529..20690.717 rows=17942 loops=1)
                           Hash Cond: (ci.role_id = rt.id)
                           Buffers: shared hit=1695286 read=355399, temp read=7061 written=6993
                           ->  Nested Loop  (cost=770849.37..817440.17 rows=6336 width=16) (actual time=991.293..20505.900 rows=1021357 loops=1)
                                 Buffers: shared hit=1695285 read=355399, temp read=7061 written=6993
                                 ->  Nested Loop  (cost=770848.93..798142.60 rows=442 width=20) (actual time=991.242..9103.541 rows=54049 loops=1)
                                       Buffers: shared hit=864547 read=50183, temp read=7061 written=6993
                                       ->  Nested Loop  (cost=770848.79..798116.86 rows=1031 width=24) (actual time=991.226..8954.420 rows=220345 loops=1)
                                             Join Filter: (t.id = mi1.movie_id)
                                             Buffers: shared hit=864535 read=50183, temp read=7061 written=6993
                                             ->  Merge Join  (cost=770848.36..771533.04 rows=8135 width=16) (actual time=991.178..1454.729 rows=221550 loops=1)
                                                   Merge Cond: (mi1.movie_id = mi2.movie_id)
                                                   Buffers: shared hit=13781 read=14737, temp read=7061 written=6993
                                                   ->  Sort  (cost=407238.53..407316.74 rows=31286 width=8) (actual time=432.753..484.771 rows=292556 loops=1)
                                                         Sort Key: mi1.movie_id
                                                         Sort Method: external sort  Disk: 6328kB
                                                         Buffers: shared hit=10975, temp read=1579 written=1583
                                                         ->  Bitmap Heap Scan on movie_info mi1  (cost=16456.29..404902.52 rows=31286 width=8) (actual time=39.620..357.996 rows=292556 loops=1)
                                                               Recheck Cond: (info_type_id = 3)
                                                               Filter: ((info)::text = ANY ('{Adventure,Biography,Comedy,Horror,Music}'::text[]))
                                                               Rows Removed by Filter: 1241353
                                                               Heap Blocks: exact=9772
                                                               Buffers: shared hit=10975
                                                               ->  Bitmap Index Scan on info_type_id_movie_info  (cost=0.00..16448.47 rows=1538671 width=0) (actual time=38.415..38.416 rows=1533909 loops=1)
                                                                     Index Cond: (info_type_id = 3)
                                                                     Buffers: shared hit=1203
                                                   ->  Sort  (cost=363609.83..363833.28 rows=89381 width=8) (actual time=558.415..722.587 rows=1017892 loops=1)
                                                         Sort Key: mi2.movie_id
                                                         Sort Method: external sort  Disk: 21624kB
                                                         Buffers: shared hit=2806 read=14737, temp read=5439 written=5410
                                                         ->  Bitmap Heap Scan on movie_info mi2  (cost=13878.84..356259.28 rows=89381 width=8) (actual time=31.972..313.001 rows=1000514 loops=1)
                                                               Recheck Cond: (info_type_id = 2)
                                                               Filter: ((info)::text = 'Color'::text)
                                                               Rows Removed by Filter: 288414
                                                               Heap Blocks: exact=16526
                                                               Buffers: shared hit=2806 read=14737
                                                               ->  Bitmap Index Scan on info_type_id_movie_info  (cost=0.00..13856.49 rows=1296008 width=0) (actual time=29.695..29.695 rows=1288928 loops=1)
                                                                     Index Cond: (info_type_id = 2)
                                                                     Buffers: shared hit=1 read=1016
                                             ->  Index Scan using title_pkey on title t  (cost=0.43..3.26 rows=1 width=8) (actual time=0.033..0.033 rows=1 loops=221550)
                                                   Index Cond: (id = mi2.movie_id)
                                                   Filter: ((production_year <= 2015) AND (1925 < production_year))
                                                   Rows Removed by Filter: 0
                                                   Buffers: shared hit=850754 read=35446
                                       ->  Memoize  (cost=0.14..0.16 rows=1 width=4) (actual time=0.000..0.000 rows=0 loops=220345)
                                             Cache Key: t.kind_id
                                             Cache Mode: logical
                                             Hits: 220339  Misses: 6  Evictions: 0  Overflows: 0  Memory Usage: 1kB
                                             Buffers: shared hit=12
                                             ->  Index Scan using kind_type_pkey on kind_type kt  (cost=0.13..0.15 rows=1 width=4) (actual time=0.010..0.010 rows=0 loops=6)
                                                   Index Cond: (id = t.kind_id)
                                                   Filter: ((kind)::text = ANY ('{"tv movie","tv series","video game"}'::text[]))
                                                   Rows Removed by Filter: 0
                                                   Buffers: shared hit=12
                                 ->  Index Scan using movie_id_cast_info on cast_info ci  (cost=0.44..43.28 rows=38 width=12) (actual time=0.035..0.206 rows=19 loops=54049)
                                       Index Cond: (movie_id = t.id)
                                       Buffers: shared hit=830738 read=305216
                           ->  Hash  (cost=1.15..1.15 rows=2 width=4) (actual time=0.023..0.024 rows=2 loops=1)
                                 Buckets: 1024  Batches: 1  Memory Usage: 9kB
                                 Buffers: shared hit=1
                                 ->  Seq Scan on role_type rt  (cost=0.00..1.15 rows=2 width=4) (actual time=0.012..0.014 rows=2 loops=1)
                                       Filter: ((role)::text = ANY ('{"costume designer","production designer"}'::text[]))
                                       Rows Removed by Filter: 10
                                       Buffers: shared hit=1
                     ->  Index Scan using name_pkey on name n  (cost=0.43..2.32 rows=1 width=4) (actual time=0.037..0.037 rows=0 loops=17942)
                           Index Cond: (id = ci.person_id)
                           Filter: ((gender)::text = 'f'::text)
                           Rows Removed by Filter: 1
                           Buffers: shared hit=65026 read=6742
 Planning:
   Buffers: shared hit=574
 Planning Time: 12.900 ms
 Execution Time: 21382.837 ms
(89 rows)

