                                                                                            QUERY PLAN                                                                                            
--------------------------------------------------------------------------------------------------------------------------------------------------------------------------------------------------
 Aggregate  (cost=815928.29..815928.30 rows=1 width=8) (actual time=1092.548..1092.555 rows=1 loops=1)
   Buffers: shared hit=21597 read=41045, temp read=1098 written=1098
   ->  Nested Loop  (cost=484784.09..815927.82 rows=186 width=0) (actual time=924.280..1092.506 rows=453 loops=1)
         Buffers: shared hit=21597 read=41045, temp read=1098 written=1098
         ->  Seq Scan on info_type it2  (cost=0.00..2.41 rows=1 width=4) (actual time=0.032..0.037 rows=1 loops=1)
               Filter: (id = 2)
               Rows Removed by Filter: 112
               Buffers: shared hit=1
         ->  Nested Loop  (cost=484784.09..815923.55 rows=186 width=4) (actual time=924.246..1092.426 rows=453 loops=1)
               Buffers: shared hit=21596 read=41045, temp read=1098 written=1098
               ->  Seq Scan on info_type it1  (cost=0.00..2.41 rows=1 width=4) (actual time=0.008..0.014 rows=1 loops=1)
                     Filter: (id = 3)
                     Rows Removed by Filter: 112
                     Buffers: shared hit=1
               ->  Nested Loop  (cost=484784.09..815919.28 rows=186 width=8) (actual time=924.237..1092.359 rows=453 loops=1)
                     Join Filter: (t.id = mi2.movie_id)
                     Buffers: shared hit=21595 read=41045, temp read=1098 written=1098
                     ->  Nested Loop  (cost=484783.65..642904.70 rows=4112 width=16) (actual time=924.181..1059.393 rows=430 loops=1)
                           Buffers: shared hit=18917 read=38125, temp read=1098 written=1098
                           ->  Hash Join  (cost=484783.22..620171.09 rows=9801 width=20) (actual time=923.856..1032.616 rows=1873 loops=1)
                                 Hash Cond: (ci.movie_id = t.id)
                                 Buffers: shared hit=12270 read=37280, temp read=1098 written=1098
                                 ->  Nested Loop  (cost=0.44..123965.00 rows=3020080 width=8) (actual time=0.069..77.552 rows=316118 loops=1)
                                       Buffers: shared hit=974 read=1209
                                       ->  Seq Scan on role_type rt  (cost=0.00..1.15 rows=1 width=4) (actual time=0.006..0.008 rows=1 loops=1)
                                             Filter: ((role)::text = 'production designer'::text)
                                             Rows Removed by Filter: 11
                                             Buffers: shared hit=1
                                       ->  Index Scan using role_id_cast_info on cast_info ci  (cost=0.44..91017.52 rows=3294633 width=12) (actual time=0.061..51.755 rows=316118 loops=1)
                                             Index Cond: (role_id = rt.id)
                                             Buffers: shared hit=973 read=1209
                                 ->  Hash  (cost=484680.22..484680.22 rows=8205 width=12) (actual time=922.764..922.769 rows=32714 loops=1)
                                       Buckets: 32768 (originally 16384)  Batches: 1 (originally 1)  Memory Usage: 1662kB
                                       Buffers: shared hit=11296 read=36071, temp read=1098 written=1098
                                       ->  Hash Join  (cost=108605.55..484680.22 rows=8205 width=12) (actual time=606.969..917.295 rows=32714 loops=1)
                                             Hash Cond: (mi1.movie_id = t.id)
                                             Buffers: shared hit=11296 read=36071, temp read=1098 written=1098
                                             ->  Bitmap Heap Scan on movie_info mi1  (cost=16457.55..389794.23 rows=36249 width=8) (actual time=38.703..273.062 rows=348762 loops=1)
                                                   Recheck Cond: (info_type_id = 3)
                                                   Filter: ((info)::text = ANY ('{Animation,Biography,Crime,Documentary,Horror,Musical,Mystery,Sci-Fi,Talk-Show}'::text[]))
                                                   Rows Removed by Filter: 1185147
                                                   Heap Blocks: exact=9772
                                                   Buffers: shared hit=1 read=10974
                                                   ->  Bitmap Index Scan on info_type_id_movie_info  (cost=0.00..16448.47 rows=1538671 width=0) (actual time=37.503..37.503 rows=1533909 loops=1)
                                                         Index Cond: (info_type_id = 3)
                                                         Buffers: shared read=1203
                                             ->  Hash  (cost=82758.36..82758.36 rows=572291 width=4) (actual time=567.274..567.277 rows=91289 loops=1)
                                                   Buckets: 262144  Batches: 4  Memory Usage: 2850kB
                                                   Buffers: shared hit=11295 read=25097, temp written=199
                                                   ->  Hash Join  (cost=1.11..82758.36 rows=572291 width=4) (actual time=0.043..552.411 rows=91289 loops=1)
                                                         Hash Cond: (t.kind_id = kt.id)
                                                         Buffers: shared hit=11295 read=25097
                                                         ->  Seq Scan on title t  (cost=0.00..74315.95 rows=2003019 width=8) (actual time=0.020..441.237 rows=2004612 loops=1)
                                                               Filter: ((production_year <= 2015) AND (1975 < production_year))
                                                               Rows Removed by Filter: 523700
                                                               Buffers: shared hit=11294 read=25097
                                                         ->  Hash  (cost=1.09..1.09 rows=2 width=4) (actual time=0.012..0.013 rows=2 loops=1)
                                                               Buckets: 1024  Batches: 1  Memory Usage: 9kB
                                                               Buffers: shared hit=1
                                                               ->  Seq Scan on kind_type kt  (cost=0.00..1.09 rows=2 width=4) (actual time=0.007..0.008 rows=2 loops=1)
                                                                     Filter: ((kind)::text = ANY ('{"tv series","video game"}'::text[]))
                                                                     Rows Removed by Filter: 5
                                                                     Buffers: shared hit=1
                           ->  Index Scan using name_pkey on name n  (cost=0.43..2.32 rows=1 width=4) (actual time=0.014..0.014 rows=0 loops=1873)
                                 Index Cond: (id = ci.person_id)
                                 Filter: ((gender)::text = 'm'::text)
                                 Rows Removed by Filter: 1
                                 Buffers: shared hit=6647 read=845
                     ->  Index Scan using movie_id_movie_info on movie_info mi2  (cost=0.43..42.06 rows=1 width=8) (actual time=0.065..0.076 rows=1 loops=430)
                           Index Cond: (movie_id = ci.movie_id)
                           Filter: (((info)::text = ANY ('{"Black and White",Color}'::text[])) AND (info_type_id = 2))
                           Rows Removed by Filter: 26
                           Buffers: shared hit=2678 read=2920
 Planning:
   Buffers: shared hit=488 read=89
 Planning Time: 9.467 ms
 Execution Time: 1093.001 ms
(77 rows)

