                                                                                            QUERY PLAN                                                                                            
--------------------------------------------------------------------------------------------------------------------------------------------------------------------------------------------------
 Aggregate  (cost=667966.11..667966.12 rows=1 width=8) (actual time=2201.940..2201.947 rows=1 loops=1)
   Buffers: shared hit=39787 read=53968, temp read=7027 written=7027
   ->  Nested Loop  (cost=451044.89..667966.07 rows=16 width=0) (actual time=1336.705..2201.923 rows=46 loops=1)
         Buffers: shared hit=39787 read=53968, temp read=7027 written=7027
         ->  Seq Scan on info_type it2  (cost=0.00..2.41 rows=1 width=4) (actual time=0.039..0.043 rows=1 loops=1)
               Filter: (id = 2)
               Rows Removed by Filter: 112
               Buffers: shared hit=1
         ->  Nested Loop  (cost=451044.89..667963.50 rows=16 width=4) (actual time=1336.664..2201.867 rows=46 loops=1)
               Buffers: shared hit=39786 read=53968, temp read=7027 written=7027
               ->  Seq Scan on info_type it1  (cost=0.00..2.41 rows=1 width=4) (actual time=0.008..0.013 rows=1 loops=1)
                     Filter: (id = 3)
                     Rows Removed by Filter: 112
                     Buffers: shared hit=1
               ->  Nested Loop  (cost=451044.89..667960.93 rows=16 width=8) (actual time=1336.655..2201.835 rows=46 loops=1)
                     Join Filter: (t.id = mi1.movie_id)
                     Buffers: shared hit=39785 read=53968, temp read=7027 written=7027
                     ->  Nested Loop  (cost=451044.46..602032.52 rows=1565 width=16) (actual time=1325.581..2189.452 rows=260 loops=1)
                           Buffers: shared hit=38101 read=52917, temp read=7027 written=7027
                           ->  Hash Join  (cost=451044.03..586401.27 rows=6739 width=20) (actual time=1324.279..2132.987 rows=3791 loops=1)
                                 Hash Cond: (ci.movie_id = t.id)
                                 Buffers: shared hit=26728 read=49126, temp read=7027 written=7027
                                 ->  Nested Loop  (cost=0.44..123965.00 rows=3020080 width=8) (actual time=0.087..633.215 rows=2728943 loops=1)
                                       Buffers: shared hit=1605 read=20314
                                       ->  Seq Scan on role_type rt  (cost=0.00..1.15 rows=1 width=4) (actual time=0.007..0.010 rows=1 loops=1)
                                             Filter: ((role)::text = 'writer'::text)
                                             Rows Removed by Filter: 11
                                             Buffers: shared hit=1
                                       ->  Index Scan using role_id_cast_info on cast_info ci  (cost=0.44..91017.52 rows=3294633 width=12) (actual time=0.075..419.451 rows=2728943 loops=1)
                                             Index Cond: (role_id = rt.id)
                                             Buffers: shared hit=1604 read=20314
                                 ->  Hash  (cost=450973.06..450973.06 rows=5642 width=12) (actual time=1324.060..1324.064 rows=3899 loops=1)
                                       Buckets: 8192  Batches: 1  Memory Usage: 232kB
                                       Buffers: shared hit=25123 read=28812, temp read=7027 written=7027
                                       ->  Hash Join  (cost=106010.73..450973.06 rows=5642 width=12) (actual time=960.775..1323.344 rows=3899 loops=1)
                                             Hash Cond: (mi2.movie_id = t.id)
                                             Buffers: shared hit=25123 read=28812, temp read=7027 written=7027
                                             ->  Bitmap Heap Scan on movie_info mi2  (cost=13862.73..356243.17 rows=24927 width=8) (actual time=40.431..287.241 rows=288414 loops=1)
                                                   Recheck Cond: (info_type_id = 2)
                                                   Filter: ((info)::text = 'Black and White'::text)
                                                   Rows Removed by Filter: 1000514
                                                   Heap Blocks: exact=16526
                                                   Buffers: shared hit=3432 read=14111
                                                   ->  Bitmap Index Scan on info_type_id_movie_info  (cost=0.00..13856.49 rows=1296008 width=0) (actual time=36.171..36.171 rows=1288928 loops=1)
                                                         Index Cond: (info_type_id = 2)
                                                         Buffers: shared read=1017
                                             ->  Hash  (cost=82758.36..82758.36 rows=572291 width=4) (actual time=843.857..843.860 rows=1426771 loops=1)
                                                   Buckets: 262144 (originally 262144)  Batches: 16 (originally 4)  Memory Usage: 6145kB
                                                   Buffers: shared hit=21691 read=14701, temp written=3909
                                                   ->  Hash Join  (cost=1.11..82758.36 rows=572291 width=4) (actual time=0.052..649.038 rows=1426771 loops=1)
                                                         Hash Cond: (t.kind_id = kt.id)
                                                         Buffers: shared hit=21691 read=14701
                                                         ->  Seq Scan on title t  (cost=0.00..74315.95 rows=2003019 width=8) (actual time=0.023..454.279 rows=2004612 loops=1)
                                                               Filter: ((production_year <= 2015) AND (1975 < production_year))
                                                               Rows Removed by Filter: 523700
                                                               Buffers: shared hit=21690 read=14701
                                                         ->  Hash  (cost=1.09..1.09 rows=2 width=4) (actual time=0.013..0.014 rows=2 loops=1)
                                                               Buckets: 1024  Batches: 1  Memory Usage: 9kB
                                                               Buffers: shared hit=1
                                                               ->  Seq Scan on kind_type kt  (cost=0.00..1.09 rows=2 width=4) (actual time=0.007..0.008 rows=2 loops=1)
                                                                     Filter: ((kind)::text = ANY ('{episode,"video movie"}'::text[]))
                                                                     Rows Removed by Filter: 5
                                                                     Buffers: shared hit=1
                           ->  Index Scan using name_pkey on name n  (cost=0.43..2.32 rows=1 width=4) (actual time=0.015..0.015 rows=0 loops=3791)
                                 Index Cond: (id = ci.person_id)
                                 Filter: ((gender)::text = 'f'::text)
                                 Rows Removed by Filter: 1
                                 Buffers: shared hit=11373 read=3791
                     ->  Index Scan using movie_id_movie_info on movie_info mi1  (cost=0.43..42.11 rows=1 width=8) (actual time=0.047..0.047 rows=0 loops=260)
                           Index Cond: (movie_id = ci.movie_id)
                           Filter: ((info_type_id = 3) AND ((info)::text = ANY ('{Biography,Drama,History}'::text[])))
                           Rows Removed by Filter: 12
                           Buffers: shared hit=1684 read=1051
 Planning:
   Buffers: shared hit=529 read=45
 Planning Time: 13.572 ms
 Execution Time: 2202.509 ms
(77 rows)

