                                                                                               QUERY PLAN                                                                                               
--------------------------------------------------------------------------------------------------------------------------------------------------------------------------------------------------------
 Aggregate  (cost=461398.19..461398.20 rows=1 width=8) (actual time=5855.267..5855.274 rows=1 loops=1)
   Buffers: shared hit=472516 read=134721
   ->  Nested Loop  (cost=16454.01..461398.07 rows=45 width=0) (actual time=44.743..5854.283 rows=4180 loops=1)
         Buffers: shared hit=472516 read=134721
         ->  Hash Join  (cost=16453.58..461147.56 rows=108 width=4) (actual time=44.702..5022.916 rows=24648 loops=1)
               Hash Cond: (ci.role_id = rt.id)
               Buffers: shared hit=389332 read=119313
               ->  Nested Loop  (cost=16452.40..461144.10 rows=645 width=8) (actual time=44.301..5000.037 rows=127457 loops=1)
                     Buffers: shared hit=389331 read=119313
                     ->  Nested Loop  (cost=16451.96..459165.97 rows=45 width=12) (actual time=44.082..3449.184 rows=7209 loops=1)
                           Buffers: shared hit=317146 read=45672
                           ->  Seq Scan on info_type it2  (cost=0.00..2.41 rows=1 width=4) (actual time=0.031..0.040 rows=1 loops=1)
                                 Filter: (id = 2)
                                 Rows Removed by Filter: 112
                                 Buffers: shared hit=1
                           ->  Nested Loop  (cost=16451.96..459163.10 rows=45 width=16) (actual time=44.050..3447.673 rows=7209 loops=1)
                                 Buffers: shared hit=317145 read=45672
                                 ->  Seq Scan on info_type it1  (cost=0.00..2.41 rows=1 width=4) (actual time=0.008..0.019 rows=1 loops=1)
                                       Filter: (id = 3)
                                       Rows Removed by Filter: 112
                                       Buffers: shared hit=1
                                 ->  Nested Loop  (cost=16451.96..459160.24 rows=45 width=20) (actual time=44.039..3446.212 rows=7209 loops=1)
                                       Buffers: shared hit=317144 read=45672
                                       ->  Hash Join  (cost=16451.53..417003.26 rows=994 width=12) (actual time=43.907..2774.720 rows=6999 loops=1)
                                             Hash Cond: (t.kind_id = kt.id)
                                             Buffers: shared hit=270597 read=20823
                                             ->  Nested Loop  (cost=16450.39..416992.36 rows=2318 width=16) (actual time=43.870..2768.556 rows=24028 loops=1)
                                                   Buffers: shared hit=270596 read=20823
                                                   ->  Bitmap Heap Scan on movie_info mi1  (cost=16449.95..374677.09 rows=5937 width=8) (actual time=43.806..534.997 rows=70884 loops=1)
                                                         Recheck Cond: (info_type_id = 3)
                                                         Filter: ((info)::text = ANY ('{Biography,Romance,Talk-Show}'::text[]))
                                                         Rows Removed by Filter: 1463025
                                                         Heap Blocks: exact=9772
                                                         Buffers: shared hit=50 read=10925
                                                         ->  Bitmap Index Scan on info_type_id_movie_info  (cost=0.00..16448.47 rows=1538671 width=0) (actual time=42.585..42.585 rows=1533909 loops=1)
                                                               Index Cond: (info_type_id = 3)
                                                               Buffers: shared hit=1 read=1202
                                                   ->  Memoize  (cost=0.44..7.17 rows=1 width=8) (actual time=0.031..0.031 rows=0 loops=70884)
                                                         Cache Key: mi1.movie_id
                                                         Cache Mode: logical
                                                         Hits: 773  Misses: 70111  Evictions: 0  Overflows: 0  Memory Usage: 5584kB
                                                         Buffers: shared hit=270546 read=9898
                                                         ->  Index Scan using title_pkey on title t  (cost=0.43..7.16 rows=1 width=8) (actual time=0.031..0.031 rows=0 loops=70111)
                                                               Index Cond: (id = mi1.movie_id)
                                                               Filter: ((production_year <= 2010) AND (2000 < production_year))
                                                               Rows Removed by Filter: 1
                                                               Buffers: shared hit=270546 read=9898
                                             ->  Hash  (cost=1.10..1.10 rows=3 width=4) (actual time=0.016..0.017 rows=3 loops=1)
                                                   Buckets: 1024  Batches: 1  Memory Usage: 9kB
                                                   Buffers: shared hit=1
                                                   ->  Seq Scan on kind_type kt  (cost=0.00..1.10 rows=3 width=4) (actual time=0.008..0.010 rows=3 loops=1)
                                                         Filter: ((kind)::text = ANY ('{"tv movie","tv series","video game"}'::text[]))
                                                         Rows Removed by Filter: 4
                                                         Buffers: shared hit=1
                                       ->  Index Scan using movie_id_movie_info on movie_info mi2  (cost=0.43..42.40 rows=1 width=8) (actual time=0.076..0.095 rows=1 loops=6999)
                                             Index Cond: (movie_id = t.id)
                                             Filter: (((info)::text = ANY ('{"Black and White",Color}'::text[])) AND (info_type_id = 2))
                                             Rows Removed by Filter: 9
                                             Buffers: shared hit=46547 read=24849
                     ->  Index Scan using movie_id_cast_info on cast_info ci  (cost=0.44..43.58 rows=38 width=12) (actual time=0.035..0.211 rows=18 loops=7209)
                           Index Cond: (movie_id = t.id)
                           Buffers: shared hit=72185 read=73641
               ->  Hash  (cost=1.15..1.15 rows=2 width=4) (actual time=0.037..0.037 rows=2 loops=1)
                     Buckets: 1024  Batches: 1  Memory Usage: 9kB
                     Buffers: shared hit=1
                     ->  Seq Scan on role_type rt  (cost=0.00..1.15 rows=2 width=4) (actual time=0.029..0.031 rows=2 loops=1)
                           Filter: ((role)::text = ANY ('{director,"miscellaneous crew"}'::text[]))
                           Rows Removed by Filter: 10
                           Buffers: shared hit=1
         ->  Index Scan using name_pkey on name n  (cost=0.43..2.32 rows=1 width=4) (actual time=0.033..0.033 rows=0 loops=24648)
               Index Cond: (id = ci.person_id)
               Filter: ((gender)::text = 'm'::text)
               Rows Removed by Filter: 1
               Buffers: shared hit=83184 read=15408
 Planning:
   Buffers: shared hit=574
 Planning Time: 13.811 ms
 Execution Time: 5856.955 ms
(78 rows)

