                                                                                            QUERY PLAN                                                                                             
---------------------------------------------------------------------------------------------------------------------------------------------------------------------------------------------------
 Aggregate  (cost=399501.80..399501.81 rows=1 width=8) (actual time=2954.162..2954.173 rows=1 loops=1)
   Buffers: shared hit=282129 read=18770
   ->  Nested Loop  (cost=48622.87..399501.80 rows=1 width=0) (actual time=222.038..2954.038 rows=551 loops=1)
         Buffers: shared hit=282129 read=18770
         ->  Nested Loop  (cost=48622.87..399499.38 rows=1 width=4) (actual time=222.031..2944.221 rows=551 loops=1)
               Buffers: shared hit=281578 read=18770
               ->  Nested Loop  (cost=48622.87..399496.95 rows=1 width=8) (actual time=222.012..2933.761 rows=551 loops=1)
                     Join Filter: (t.id = mi1.movie_id)
                     Buffers: shared hit=281027 read=18770
                     ->  Nested Loop  (cost=48622.43..397805.73 rows=40 width=16) (actual time=219.883..2874.040 rows=913 loops=1)
                           Join Filter: (t.id = mi2.movie_id)
                           Buffers: shared hit=272971 read=18231
                           ->  Nested Loop  (cost=48622.00..225085.68 rows=4105 width=8) (actual time=219.201..2785.026 rows=929 loops=1)
                                 Buffers: shared hit=267856 read=14668
                                 ->  Hash Join  (cost=48621.57..184088.17 rows=17675 width=12) (actual time=182.125..1062.353 rows=64524 loops=1)
                                       Hash Cond: (ci.movie_id = t.id)
                                       Buffers: shared hit=14652 read=9776
                                       ->  Nested Loop  (cost=0.44..123965.00 rows=3020080 width=8) (actual time=0.124..595.783 rows=1703543 loops=1)
                                             Buffers: shared hit=1959 read=9082
                                             ->  Seq Scan on role_type rt  (cost=0.00..1.15 rows=1 width=4) (actual time=0.025..0.027 rows=1 loops=1)
                                                   Filter: ((role)::text = 'director'::text)
                                                   Rows Removed by Filter: 11
                                                   Buffers: shared hit=1
                                             ->  Index Scan using role_id_cast_info on cast_info ci  (cost=0.44..91017.52 rows=3294633 width=12) (actual time=0.097..383.288 rows=1703543 loops=1)
                                                   Index Cond: (role_id = rt.id)
                                                   Buffers: shared hit=1958 read=9082
                                       ->  Hash  (cost=48436.16..48436.16 rows=14797 width=4) (actual time=181.603..181.610 rows=103977 loops=1)
                                             Buckets: 131072 (originally 16384)  Batches: 1 (originally 1)  Memory Usage: 4680kB
                                             Buffers: shared hit=12693 read=694
                                             ->  Nested Loop  (cost=4497.16..48436.16 rows=14797 width=4) (actual time=23.254..166.609 rows=103977 loops=1)
                                                   Buffers: shared hit=12693 read=694
                                                   ->  Seq Scan on kind_type kt  (cost=0.00..1.09 rows=1 width=4) (actual time=0.010..0.012 rows=1 loops=1)
                                                         Filter: ((kind)::text = 'movie'::text)
                                                         Rows Removed by Filter: 6
                                                         Buffers: shared hit=1
                                                   ->  Bitmap Heap Scan on title t  (cost=4497.16..48262.45 rows=17263 width=8) (actual time=23.241..160.271 rows=103977 loops=1)
                                                         Recheck Cond: (kind_id = kt.id)
                                                         Filter: ((production_year <= 1925) AND (1875 < production_year))
                                                         Rows Removed by Filter: 558848
                                                         Heap Blocks: exact=12865
                                                         Buffers: shared hit=12692 read=694
                                                         ->  Bitmap Index Scan on kind_id_title  (cost=0.00..4492.84 rows=421388 width=0) (actual time=20.917..20.917 rows=662825 loops=1)
                                                               Index Cond: (kind_id = kt.id)
                                                               Buffers: shared read=521
                                 ->  Index Scan using name_pkey on name n  (cost=0.43..2.32 rows=1 width=4) (actual time=0.026..0.026 rows=0 loops=64524)
                                       Index Cond: (id = ci.person_id)
                                       Filter: ((gender)::text = 'f'::text)
                                       Rows Removed by Filter: 1
                                       Buffers: shared hit=253204 read=4892
                           ->  Index Scan using movie_id_movie_info on movie_info mi2  (cost=0.43..42.06 rows=1 width=8) (actual time=0.085..0.095 rows=1 loops=929)
                                 Index Cond: (movie_id = ci.movie_id)
                                 Filter: ((info_type_id = 2) AND ((info)::text = 'Black and White'::text))
                                 Rows Removed by Filter: 9
                                 Buffers: shared hit=5115 read=3563
                     ->  Index Scan using movie_id_movie_info on movie_info mi1  (cost=0.43..42.27 rows=1 width=8) (actual time=0.064..0.065 rows=1 loops=913)
                           Index Cond: (movie_id = ci.movie_id)
                           Filter: ((info_type_id = 3) AND ((info)::text = ANY ('{Animation,Comedy,Documentary,Drama,Romance,Western}'::text[])))
                           Rows Removed by Filter: 10
                           Buffers: shared hit=8056 read=539
               ->  Seq Scan on info_type it1  (cost=0.00..2.41 rows=1 width=4) (actual time=0.011..0.017 rows=1 loops=551)
                     Filter: (id = 3)
                     Rows Removed by Filter: 112
                     Buffers: shared hit=551
         ->  Seq Scan on info_type it2  (cost=0.00..2.41 rows=1 width=4) (actual time=0.010..0.016 rows=1 loops=551)
               Filter: (id = 2)
               Rows Removed by Filter: 112
               Buffers: shared hit=551
 Planning:
   Buffers: shared hit=529 read=45
 Planning Time: 13.780 ms
 Execution Time: 2954.805 ms
(71 rows)

