                                                                                            QUERY PLAN                                                                                            
--------------------------------------------------------------------------------------------------------------------------------------------------------------------------------------------------
 Aggregate  (cost=411649.62..411649.63 rows=1 width=8) (actual time=10728.279..10728.288 rows=1 loops=1)
   Buffers: shared hit=1015758 read=83872
   ->  Nested Loop  (cost=62486.33..411649.62 rows=1 width=0) (actual time=353.840..10726.442 rows=7936 loops=1)
         Buffers: shared hit=1015758 read=83872
         ->  Hash Join  (cost=62485.90..411644.98 rows=2 width=4) (actual time=353.819..10383.249 rows=7936 loops=1)
               Hash Cond: (ci.role_id = rt.id)
               Buffers: shared hit=989260 read=78626
               ->  Nested Loop  (cost=62484.73..411643.76 rows=14 width=8) (actual time=353.758..10378.080 rows=12617 loops=1)
                     Buffers: shared hit=989259 read=78626
                     ->  Nested Loop  (cost=62484.29..411595.41 rows=1 width=12) (actual time=353.728..10130.644 rows=2605 loops=1)
                           Buffers: shared hit=976491 read=71173
                           ->  Nested Loop  (cost=62484.29..411592.99 rows=1 width=16) (actual time=353.720..10071.951 rows=2605 loops=1)
                                 Buffers: shared hit=973886 read=71173
                                 ->  Nested Loop  (cost=62484.29..411590.57 rows=1 width=20) (actual time=353.701..10010.486 rows=2605 loops=1)
                                       Buffers: shared hit=971281 read=71173
                                       ->  Hash Join  (cost=62483.85..404959.23 rows=146 width=12) (actual time=352.815..780.480 rows=103703 loops=1)
                                             Hash Cond: (mi2.movie_id = t.id)
                                             Buffers: shared hit=15661 read=15269
                                             ->  Bitmap Heap Scan on movie_info mi2  (cost=13862.73..356243.17 rows=24927 width=8) (actual time=40.981..464.405 rows=288414 loops=1)
                                                   Recheck Cond: (info_type_id = 2)
                                                   Filter: ((info)::text = 'Black and White'::text)
                                                   Rows Removed by Filter: 1000514
                                                   Heap Blocks: exact=16526
                                                   Buffers: shared hit=2274 read=15269
                                                   ->  Bitmap Index Scan on info_type_id_movie_info  (cost=0.00..13856.49 rows=1296008 width=0) (actual time=36.689..36.689 rows=1288928 loops=1)
                                                         Index Cond: (info_type_id = 2)
                                                         Buffers: shared hit=1 read=1016
                                             ->  Hash  (cost=48436.16..48436.16 rows=14797 width=4) (actual time=172.119..172.122 rows=103977 loops=1)
                                                   Buckets: 131072 (originally 16384)  Batches: 1 (originally 1)  Memory Usage: 4680kB
                                                   Buffers: shared hit=13387
                                                   ->  Nested Loop  (cost=4497.16..48436.16 rows=14797 width=4) (actual time=17.604..157.926 rows=103977 loops=1)
                                                         Buffers: shared hit=13387
                                                         ->  Seq Scan on kind_type kt  (cost=0.00..1.09 rows=1 width=4) (actual time=0.009..0.011 rows=1 loops=1)
                                                               Filter: ((kind)::text = 'movie'::text)
                                                               Rows Removed by Filter: 6
                                                               Buffers: shared hit=1
                                                         ->  Bitmap Heap Scan on title t  (cost=4497.16..48262.45 rows=17263 width=8) (actual time=17.591..151.706 rows=103977 loops=1)
                                                               Recheck Cond: (kind_id = kt.id)
                                                               Filter: ((production_year <= 1925) AND (1875 < production_year))
                                                               Rows Removed by Filter: 558848
                                                               Heap Blocks: exact=12865
                                                               Buffers: shared hit=13386
                                                               ->  Bitmap Index Scan on kind_id_title  (cost=0.00..4492.84 rows=421388 width=0) (actual time=15.605..15.605 rows=662825 loops=1)
                                                                     Index Cond: (kind_id = kt.id)
                                                                     Buffers: shared hit=521
                                       ->  Index Scan using movie_id_movie_info on movie_info mi1  (cost=0.43..45.41 rows=1 width=8) (actual time=0.088..0.088 rows=0 loops=103703)
                                             Index Cond: (movie_id = t.id)
                                             Filter: ((info_type_id = 3) AND ((info)::text = ANY ('{Sport,Thriller,War}'::text[])))
                                             Rows Removed by Filter: 11
                                             Buffers: shared hit=955620 read=55904
                                 ->  Seq Scan on info_type it1  (cost=0.00..2.41 rows=1 width=4) (actual time=0.011..0.021 rows=1 loops=2605)
                                       Filter: (id = 3)
                                       Rows Removed by Filter: 112
                                       Buffers: shared hit=2605
                           ->  Seq Scan on info_type it2  (cost=0.00..2.41 rows=1 width=4) (actual time=0.010..0.020 rows=1 loops=2605)
                                 Filter: (id = 2)
                                 Rows Removed by Filter: 112
                                 Buffers: shared hit=2605
                     ->  Index Scan using movie_id_cast_info on cast_info ci  (cost=0.44..47.96 rows=38 width=12) (actual time=0.040..0.093 rows=5 loops=2605)
                           Index Cond: (movie_id = t.id)
                           Buffers: shared hit=12768 read=7453
               ->  Hash  (cost=1.15..1.15 rows=2 width=4) (actual time=0.036..0.037 rows=2 loops=1)
                     Buckets: 1024  Batches: 1  Memory Usage: 9kB
                     Buffers: shared hit=1
                     ->  Seq Scan on role_type rt  (cost=0.00..1.15 rows=2 width=4) (actual time=0.026..0.030 rows=2 loops=1)
                           Filter: ((role)::text = ANY ('{actor,actress}'::text[]))
                           Rows Removed by Filter: 10
                           Buffers: shared hit=1
         ->  Index Scan using name_pkey on name n  (cost=0.43..2.32 rows=1 width=4) (actual time=0.042..0.042 rows=1 loops=7936)
               Index Cond: (id = ci.person_id)
               Filter: ((gender)::text = ANY ('{f,m}'::text[]))
               Buffers: shared hit=26498 read=5246
 Planning:
   Buffers: shared hit=574
 Planning Time: 12.380 ms
 Execution Time: 10729.160 ms
(76 rows)

