                                                                                            QUERY PLAN                                                                                            
--------------------------------------------------------------------------------------------------------------------------------------------------------------------------------------------------
 Aggregate  (cost=587007.23..587007.24 rows=1 width=8) (actual time=849.058..849.064 rows=1 loops=1)
   Buffers: shared hit=14117 read=47596
   ->  Nested Loop  (cost=94342.49..587006.71 rows=210 width=0) (actual time=416.685..849.020 rows=202 loops=1)
         Buffers: shared hit=14117 read=47596
         ->  Hash Join  (cost=94342.06..586259.82 rows=322 width=4) (actual time=413.710..832.677 rows=548 loops=1)
               Hash Cond: (ci.role_id = rt.id)
               Buffers: shared hit=12488 read=47033
               ->  Nested Loop  (cost=94340.89..586251.78 rows=1935 width=8) (actual time=413.604..832.179 rows=4104 loops=1)
                     Buffers: shared hit=12487 read=47033
                     ->  Nested Loop  (cost=94340.45..580236.94 rows=135 width=12) (actual time=413.571..779.933 rows=657 loops=1)
                           Buffers: shared hit=8685 read=44831
                           ->  Seq Scan on info_type it2  (cost=0.00..2.41 rows=1 width=4) (actual time=0.030..0.034 rows=1 loops=1)
                                 Filter: (id = 2)
                                 Rows Removed by Filter: 112
                                 Buffers: shared hit=1
                           ->  Nested Loop  (cost=94340.45..580233.18 rows=135 width=16) (actual time=413.540..779.821 rows=657 loops=1)
                                 Buffers: shared hit=8684 read=44831
                                 ->  Seq Scan on info_type it1  (cost=0.00..2.41 rows=1 width=4) (actual time=0.010..0.017 rows=1 loops=1)
                                       Filter: (id = 3)
                                       Rows Removed by Filter: 112
                                       Buffers: shared hit=1
                                 ->  Nested Loop  (cost=94340.45..580229.41 rows=135 width=20) (actual time=413.527..779.719 rows=657 loops=1)
                                       Buffers: shared hit=8683 read=44831
                                       ->  Hash Join  (cost=94340.01..452812.90 rows=2976 width=12) (actual time=413.457..736.282 rows=655 loops=1)
                                             Hash Cond: (mi1.movie_id = t.id)
                                             Buffers: shared hit=3889 read=43478
                                             ->  Bitmap Heap Scan on movie_info mi1  (cost=16462.87..374690.00 rows=57598 width=8) (actual time=41.592..317.718 rows=534981 loops=1)
                                                   Recheck Cond: (info_type_id = 3)
                                                   Filter: ((info)::text = ANY ('{Documentary,Short,War}'::text[]))
                                                   Rows Removed by Filter: 998928
                                                   Heap Blocks: exact=9772
                                                   Buffers: shared hit=3888 read=7087
                                                   ->  Bitmap Index Scan on info_type_id_movie_info  (cost=0.00..16448.47 rows=1538671 width=0) (actual time=40.417..40.417 rows=1533909 loops=1)
                                                         Index Cond: (info_type_id = 3)
                                                         Buffers: shared read=1203
                                             ->  Hash  (cost=76244.08..76244.08 rows=130645 width=4) (actual time=371.294..371.297 rows=11554 loops=1)
                                                   Buckets: 131072  Batches: 1  Memory Usage: 1431kB
                                                   Buffers: shared hit=1 read=36391
                                                   ->  Hash Join  (cost=1.11..76244.08 rows=130645 width=4) (actual time=0.128..368.640 rows=11554 loops=1)
                                                         Hash Cond: (t.kind_id = kt.id)
                                                         Buffers: shared hit=1 read=36391
                                                         ->  Seq Scan on title t  (cost=0.00..74315.95 rows=457258 width=8) (actual time=0.022..342.743 rows=451569 loops=1)
                                                               Filter: ((production_year <= 1975) AND (1875 < production_year))
                                                               Rows Removed by Filter: 2076743
                                                               Buffers: shared read=36391
                                                         ->  Hash  (cost=1.09..1.09 rows=2 width=4) (actual time=0.013..0.013 rows=2 loops=1)
                                                               Buckets: 1024  Batches: 1  Memory Usage: 9kB
                                                               Buffers: shared hit=1
                                                               ->  Seq Scan on kind_type kt  (cost=0.00..1.09 rows=2 width=4) (actual time=0.008..0.009 rows=2 loops=1)
                                                                     Filter: ((kind)::text = ANY ('{"tv series","video movie"}'::text[]))
                                                                     Rows Removed by Filter: 5
                                                                     Buffers: shared hit=1
                                       ->  Index Scan using movie_id_movie_info on movie_info mi2  (cost=0.43..42.80 rows=1 width=8) (actual time=0.053..0.066 rows=1 loops=655)
                                             Index Cond: (movie_id = t.id)
                                             Filter: (((info)::text = ANY ('{"Black and White",Color}'::text[])) AND (info_type_id = 2))
                                             Rows Removed by Filter: 8
                                             Buffers: shared hit=4794 read=1353
                     ->  Index Scan using movie_id_cast_info on cast_info ci  (cost=0.44..44.17 rows=38 width=12) (actual time=0.028..0.078 rows=6 loops=657)
                           Index Cond: (movie_id = t.id)
                           Buffers: shared hit=3802 read=2202
               ->  Hash  (cost=1.15..1.15 rows=2 width=4) (actual time=0.030..0.030 rows=2 loops=1)
                     Buckets: 1024  Batches: 1  Memory Usage: 9kB
                     Buffers: shared hit=1
                     ->  Seq Scan on role_type rt  (cost=0.00..1.15 rows=2 width=4) (actual time=0.023..0.024 rows=2 loops=1)
                           Filter: ((role)::text = ANY ('{director,"miscellaneous crew"}'::text[]))
                           Rows Removed by Filter: 10
                           Buffers: shared hit=1
         ->  Index Scan using name_pkey on name n  (cost=0.43..2.32 rows=1 width=4) (actual time=0.029..0.029 rows=0 loops=548)
               Index Cond: (id = ci.person_id)
               Filter: ((gender)::text = ANY ('{f,m}'::text[]))
               Rows Removed by Filter: 1
               Buffers: shared hit=1629 read=563
 Planning:
   Buffers: shared hit=484 read=90
 Planning Time: 13.873 ms
 Execution Time: 849.558 ms
(76 rows)

