                                                                                                QUERY PLAN                                                                                                
----------------------------------------------------------------------------------------------------------------------------------------------------------------------------------------------------------
 Aggregate  (cost=431251.29..431251.30 rows=1 width=8) (actual time=2913.105..2913.110 rows=1 loops=1)
   Buffers: shared hit=34460 read=80789
   ->  Nested Loop  (cost=74992.35..431251.29 rows=2 width=0) (actual time=450.807..2913.081 rows=29 loops=1)
         Buffers: shared hit=34460 read=80789
         ->  Seq Scan on info_type it2  (cost=0.00..2.41 rows=1 width=4) (actual time=0.053..0.057 rows=1 loops=1)
               Filter: (id = 2)
               Rows Removed by Filter: 112
               Buffers: shared hit=1
         ->  Nested Loop  (cost=74992.35..431248.86 rows=2 width=4) (actual time=450.752..2913.004 rows=29 loops=1)
               Buffers: shared hit=34459 read=80789
               ->  Seq Scan on info_type it1  (cost=0.00..2.41 rows=1 width=4) (actual time=0.009..0.015 rows=1 loops=1)
                     Filter: (id = 3)
                     Rows Removed by Filter: 112
                     Buffers: shared hit=1
               ->  Nested Loop  (cost=74992.35..431246.42 rows=2 width=8) (actual time=450.742..2912.973 rows=29 loops=1)
                     Join Filter: (t.id = mi2.movie_id)
                     Buffers: shared hit=34458 read=80789
                     ->  Nested Loop  (cost=74991.92..429731.70 rows=36 width=16) (actual time=450.712..2912.156 rows=29 loops=1)
                           Join Filter: (t.id = mi1.movie_id)
                           Buffers: shared hit=34119 read=80789
                           ->  Nested Loop  (cost=74991.48..249808.23 rows=4271 width=8) (actual time=382.360..2851.477 rows=1693 loops=1)
                                 Buffers: shared hit=19279 read=78809
                                 ->  Hash Join  (cost=74991.05..207154.58 rows=18389 width=12) (actual time=382.318..2825.290 rows=1693 loops=1)
                                       Hash Cond: (t.kind_id = kt.id)
                                       Buffers: shared hit=14364 read=76952
                                       ->  Hash Join  (cost=74989.94..206882.22 rows=64364 width=16) (actual time=374.621..2815.492 rows=170629 loops=1)
                                             Hash Cond: (ci.movie_id = t.id)
                                             Buffers: shared hit=14363 read=76952
                                             ->  Nested Loop  (cost=0.44..123965.00 rows=3020080 width=8) (actual time=0.236..1756.352 rows=7451973 loops=1)
                                                   Buffers: shared hit=10548 read=44376
                                                   ->  Seq Scan on role_type rt  (cost=0.00..1.15 rows=1 width=4) (actual time=0.009..0.013 rows=1 loops=1)
                                                         Filter: ((role)::text = 'actress'::text)
                                                         Rows Removed by Filter: 11
                                                         Buffers: shared hit=1
                                                   ->  Index Scan using role_id_cast_info on cast_info ci  (cost=0.44..91017.52 rows=3294633 width=12) (actual time=0.224..1159.768 rows=7451973 loops=1)
                                                         Index Cond: (role_id = rt.id)
                                                         Buffers: shared hit=10547 read=44376
                                             ->  Hash  (cost=74315.95..74315.95 rows=53884 width=8) (actual time=373.776..373.777 rows=51669 loops=1)
                                                   Buckets: 65536  Batches: 1  Memory Usage: 2531kB
                                                   Buffers: shared hit=3815 read=32576
                                                   ->  Seq Scan on title t  (cost=0.00..74315.95 rows=53884 width=8) (actual time=0.458..363.455 rows=51669 loops=1)
                                                         Filter: ((production_year <= 1949) AND (1928 < production_year))
                                                         Rows Removed by Filter: 2476643
                                                         Buffers: shared hit=3815 read=32576
                                       ->  Hash  (cost=1.09..1.09 rows=2 width=4) (actual time=0.022..0.023 rows=2 loops=1)
                                             Buckets: 1024  Batches: 1  Memory Usage: 9kB
                                             Buffers: shared hit=1
                                             ->  Seq Scan on kind_type kt  (cost=0.00..1.09 rows=2 width=4) (actual time=0.011..0.013 rows=2 loops=1)
                                                   Filter: ((kind)::text = ANY ('{"tv movie","tv series"}'::text[]))
                                                   Rows Removed by Filter: 5
                                                   Buffers: shared hit=1
                                 ->  Index Scan using name_pkey on name n  (cost=0.43..2.32 rows=1 width=4) (actual time=0.015..0.015 rows=1 loops=1693)
                                       Index Cond: (id = ci.person_id)
                                       Filter: ((gender)::text = 'f'::text)
                                       Buffers: shared hit=4915 read=1857
                           ->  Index Scan using movie_id_movie_info on movie_info mi1  (cost=0.43..42.11 rows=1 width=8) (actual time=0.036..0.036 rows=0 loops=1693)
                                 Index Cond: (movie_id = ci.movie_id)
                                 Filter: ((info_type_id = 3) AND ((info)::text = ANY ('{Documentary,Mystery,Sport}'::text[])))
                                 Rows Removed by Filter: 8
                                 Buffers: shared hit=14840 read=1980
                     ->  Index Scan using movie_id_movie_info on movie_info mi2  (cost=0.43..42.06 rows=1 width=8) (actual time=0.021..0.027 rows=1 loops=29)
                           Index Cond: (movie_id = ci.movie_id)
                           Filter: (((info)::text = ANY ('{"Black and White",Color}'::text[])) AND (info_type_id = 2))
                           Rows Removed by Filter: 10
                           Buffers: shared hit=339
 Planning:
   Buffers: shared hit=574
 Planning Time: 12.605 ms
 Execution Time: 2913.639 ms
(69 rows)

