                                                                                               QUERY PLAN                                                                                               
--------------------------------------------------------------------------------------------------------------------------------------------------------------------------------------------------------
 Aggregate  (cost=763660.93..763660.94 rows=1 width=8) (actual time=90916.249..90916.258 rows=1 loops=1)
   Buffers: shared hit=8216639 read=1226172
   ->  Nested Loop  (cost=16456.54..763660.20 rows=289 width=0) (actual time=39.892..90733.779 rows=1112505 loops=1)
         Buffers: shared hit=8216639 read=1226172
         ->  Hash Join  (cost=16456.11..762059.73 rows=690 width=4) (actual time=39.847..49005.597 rows=1177419 loops=1)
               Hash Cond: (ci.role_id = rt.id)
               Buffers: shared hit=3629492 read=1103643
               ->  Nested Loop  (cost=16454.94..762043.85 rows=4143 width=8) (actual time=39.781..48249.364 rows=2618515 loops=1)
                     Buffers: shared hit=3629491 read=1103643
                     ->  Nested Loop  (cost=16454.50..749426.20 rows=289 width=12) (actual time=39.751..17786.994 rows=109524 loops=1)
                           Buffers: shared hit=1704954 read=164044
                           ->  Seq Scan on info_type it2  (cost=0.00..2.41 rows=1 width=4) (actual time=0.035..0.047 rows=1 loops=1)
                                 Filter: (id = 2)
                                 Rows Removed by Filter: 112
                                 Buffers: shared hit=1
                           ->  Nested Loop  (cost=16454.50..749420.90 rows=289 width=16) (actual time=39.714..17758.265 rows=109524 loops=1)
                                 Buffers: shared hit=1704953 read=164044
                                 ->  Seq Scan on info_type it1  (cost=0.00..2.41 rows=1 width=4) (actual time=0.009..0.021 rows=1 loops=1)
                                       Filter: (id = 3)
                                       Rows Removed by Filter: 112
                                       Buffers: shared hit=1
                                 ->  Nested Loop  (cost=16454.50..749415.60 rows=289 width=20) (actual time=39.702..17729.627 rows=109524 loops=1)
                                       Buffers: shared hit=1704952 read=164044
                                       ->  Hash Join  (cost=16454.06..479993.68 rows=6383 width=12) (actual time=39.656..6073.741 rows=107806 loops=1)
                                             Hash Cond: (t.kind_id = kt.id)
                                             Buffers: shared hit=570155 read=42865
                                             ->  Nested Loop  (cost=16452.93..479929.78 rows=14893 width=16) (actual time=39.505..6006.636 rows=154587 loops=1)
                                                   Buffers: shared hit=570154 read=42865
                                                   ->  Bitmap Heap Scan on movie_info mi1  (cost=16452.49..389789.17 rows=15978 width=8) (actual time=39.458..569.880 rows=163681 loops=1)
                                                         Recheck Cond: (info_type_id = 3)
                                                         Filter: ((info)::text = ANY ('{Biography,Game-Show,History,Horror,Music,Musical,Reality-TV,Sport,War,Western}'::text[]))
                                                         Rows Removed by Filter: 1370228
                                                         Heap Blocks: exact=9772
                                                         Buffers: shared hit=2501 read=8474
                                                         ->  Bitmap Index Scan on info_type_id_movie_info  (cost=0.00..16448.47 rows=1538671 width=0) (actual time=38.251..38.252 rows=1533909 loops=1)
                                                               Index Cond: (info_type_id = 3)
                                                               Buffers: shared hit=1203
                                                   ->  Memoize  (cost=0.44..5.75 rows=1 width=8) (actual time=0.033..0.033 rows=1 loops=163681)
                                                         Cache Key: mi1.movie_id
                                                         Cache Mode: logical
                                                         Hits: 13170  Misses: 150511  Evictions: 70629  Overflows: 0  Memory Usage: 8193kB
                                                         Buffers: shared hit=567653 read=34391
                                                         ->  Index Scan using title_pkey on title t  (cost=0.43..5.74 rows=1 width=8) (actual time=0.034..0.034 rows=1 loops=150511)
                                                               Index Cond: (id = mi1.movie_id)
                                                               Filter: ((production_year <= 2015) AND (1925 < production_year))
                                                               Rows Removed by Filter: 0
                                                               Buffers: shared hit=567653 read=34391
                                             ->  Hash  (cost=1.10..1.10 rows=3 width=4) (actual time=0.015..0.016 rows=3 loops=1)
                                                   Buckets: 1024  Batches: 1  Memory Usage: 9kB
                                                   Buffers: shared hit=1
                                                   ->  Seq Scan on kind_type kt  (cost=0.00..1.10 rows=3 width=4) (actual time=0.008..0.010 rows=3 loops=1)
                                                         Filter: ((kind)::text = ANY ('{episode,movie,"video movie"}'::text[]))
                                                         Rows Removed by Filter: 4
                                                         Buffers: shared hit=1
                                       ->  Index Scan using movie_id_movie_info on movie_info mi2  (cost=0.43..42.20 rows=1 width=8) (actual time=0.089..0.107 rows=1 loops=107806)
                                             Index Cond: (movie_id = t.id)
                                             Filter: (((info)::text = ANY ('{"Black and White",Color}'::text[])) AND (info_type_id = 2))
                                             Rows Removed by Filter: 17
                                             Buffers: shared hit=1134797 read=121179
                     ->  Index Scan using movie_id_cast_info on cast_info ci  (cost=0.44..43.28 rows=38 width=12) (actual time=0.036..0.271 rows=24 loops=109524)
                           Index Cond: (movie_id = t.id)
                           Buffers: shared hit=1924537 read=939599
               ->  Hash  (cost=1.15..1.15 rows=2 width=4) (actual time=0.040..0.040 rows=2 loops=1)
                     Buckets: 1024  Batches: 1  Memory Usage: 9kB
                     Buffers: shared hit=1
                     ->  Seq Scan on role_type rt  (cost=0.00..1.15 rows=2 width=4) (actual time=0.029..0.033 rows=2 loops=1)
                           Filter: ((role)::text = ANY ('{actor,cinematographer}'::text[]))
                           Rows Removed by Filter: 10
                           Buffers: shared hit=1
         ->  Index Scan using name_pkey on name n  (cost=0.43..2.32 rows=1 width=4) (actual time=0.035..0.035 rows=1 loops=1177419)
               Index Cond: (id = ci.person_id)
               Filter: ((gender)::text = 'm'::text)
               Rows Removed by Filter: 0
               Buffers: shared hit=4587147 read=122529
 Planning:
   Buffers: shared hit=576 read=1
 Planning Time: 12.946 ms
 Execution Time: 90919.201 ms
(78 rows)

