                                                                                                QUERY PLAN                                                                                                
----------------------------------------------------------------------------------------------------------------------------------------------------------------------------------------------------------
 Aggregate  (cost=431865.88..431865.89 rows=1 width=8) (actual time=33882.237..33882.243 rows=1 loops=1)
   Buffers: shared hit=3346208 read=171613
   ->  Nested Loop  (cost=74992.35..431865.88 rows=2 width=0) (actual time=383.216..33874.399 rows=29752 loops=1)
         Buffers: shared hit=3346208 read=171613
         ->  Seq Scan on info_type it2  (cost=0.00..2.41 rows=1 width=4) (actual time=0.046..0.054 rows=1 loops=1)
               Filter: (id = 2)
               Rows Removed by Filter: 112
               Buffers: shared hit=1
         ->  Nested Loop  (cost=74992.35..431863.45 rows=2 width=4) (actual time=383.169..33867.948 rows=29752 loops=1)
               Buffers: shared hit=3346207 read=171613
               ->  Seq Scan on info_type it1  (cost=0.00..2.41 rows=1 width=4) (actual time=0.009..0.018 rows=1 loops=1)
                     Filter: (id = 3)
                     Rows Removed by Filter: 112
                     Buffers: shared hit=1
               ->  Nested Loop  (cost=74992.35..431861.01 rows=2 width=8) (actual time=383.159..33861.181 rows=29752 loops=1)
                     Join Filter: (t.id = mi2.movie_id)
                     Buffers: shared hit=3346206 read=171613
                     ->  Nested Loop  (cost=74991.92..430388.37 rows=35 width=16) (actual time=383.100..29885.454 rows=29282 loops=1)
                           Join Filter: (t.id = mi1.movie_id)
                           Buffers: shared hit=2870572 read=171597
                           ->  Nested Loop  (cost=74991.48..249808.23 rows=4271 width=8) (actual time=382.510..10623.511 rows=168928 loops=1)
                                 Buffers: shared hit=668623 read=98437
                                 ->  Hash Join  (cost=74991.05..207154.58 rows=18389 width=12) (actual time=382.468..5478.667 rows=168936 loops=1)
                                       Hash Cond: (t.kind_id = kt.id)
                                       Buffers: shared hit=7960 read=83356
                                       ->  Hash Join  (cost=74989.94..206882.22 rows=64364 width=16) (actual time=382.421..5416.159 rows=170629 loops=1)
                                             Hash Cond: (ci.movie_id = t.id)
                                             Buffers: shared hit=7959 read=83356
                                             ->  Nested Loop  (cost=0.44..123965.00 rows=3020080 width=8) (actual time=0.098..3491.495 rows=7451973 loops=1)
                                                   Buffers: shared hit=2872 read=52052
                                                   ->  Seq Scan on role_type rt  (cost=0.00..1.15 rows=1 width=4) (actual time=0.008..0.012 rows=1 loops=1)
                                                         Filter: ((role)::text = 'actress'::text)
                                                         Rows Removed by Filter: 11
                                                         Buffers: shared hit=1
                                                   ->  Index Scan using role_id_cast_info on cast_info ci  (cost=0.44..91017.52 rows=3294633 width=12) (actual time=0.088..2203.112 rows=7451973 loops=1)
                                                         Index Cond: (role_id = rt.id)
                                                         Buffers: shared hit=2871 read=52052
                                             ->  Hash  (cost=74315.95..74315.95 rows=53884 width=8) (actual time=381.752..381.753 rows=51669 loops=1)
                                                   Buckets: 65536  Batches: 1  Memory Usage: 2531kB
                                                   Buffers: shared hit=5087 read=31304
                                                   ->  Seq Scan on title t  (cost=0.00..74315.95 rows=53884 width=8) (actual time=0.638..371.595 rows=51669 loops=1)
                                                         Filter: ((production_year <= 1949) AND (1928 < production_year))
                                                         Rows Removed by Filter: 2476643
                                                         Buffers: shared hit=5087 read=31304
                                       ->  Hash  (cost=1.09..1.09 rows=2 width=4) (actual time=0.023..0.023 rows=2 loops=1)
                                             Buckets: 1024  Batches: 1  Memory Usage: 9kB
                                             Buffers: shared hit=1
                                             ->  Seq Scan on kind_type kt  (cost=0.00..1.09 rows=2 width=4) (actual time=0.012..0.014 rows=2 loops=1)
                                                   Filter: ((kind)::text = ANY ('{episode,movie}'::text[]))
                                                   Rows Removed by Filter: 5
                                                   Buffers: shared hit=1
                                 ->  Index Scan using name_pkey on name n  (cost=0.43..2.32 rows=1 width=4) (actual time=0.030..0.030 rows=1 loops=168936)
                                       Index Cond: (id = ci.person_id)
                                       Filter: ((gender)::text = 'f'::text)
                                       Rows Removed by Filter: 0
                                       Buffers: shared hit=660663 read=15081
                           ->  Index Scan using movie_id_movie_info on movie_info mi1  (cost=0.43..42.27 rows=1 width=8) (actual time=0.113..0.114 rows=0 loops=168928)
                                 Index Cond: (movie_id = ci.movie_id)
                                 Filter: ((info_type_id = 3) AND ((info)::text = ANY ('{Action,Adventure,Family,Mystery,Sport,Thriller}'::text[])))
                                 Rows Removed by Filter: 22
                                 Buffers: shared hit=2201949 read=73160
                     ->  Index Scan using movie_id_movie_info on movie_info mi2  (cost=0.43..42.06 rows=1 width=8) (actual time=0.118..0.135 rows=1 loops=29282)
                           Index Cond: (movie_id = ci.movie_id)
                           Filter: (((info)::text = ANY ('{"Black and White",Color}'::text[])) AND (info_type_id = 2))
                           Rows Removed by Filter: 37
                           Buffers: shared hit=475634 read=16
 Planning:
   Buffers: shared hit=484 read=90
 Planning Time: 13.955 ms
 Execution Time: 33882.785 ms
(70 rows)

