                                                                                               QUERY PLAN                                                                                               
--------------------------------------------------------------------------------------------------------------------------------------------------------------------------------------------------------
 Aggregate  (cost=466253.42..466253.43 rows=1 width=8) (actual time=5877.981..5877.988 rows=1 loops=1)
   Buffers: shared hit=489380 read=116907
   ->  Nested Loop  (cost=16454.35..466253.39 rows=13 width=0) (actual time=328.573..5877.840 rows=244 loops=1)
         Buffers: shared hit=489380 read=116907
         ->  Seq Scan on info_type it2  (cost=0.00..2.41 rows=1 width=4) (actual time=0.069..0.078 rows=1 loops=1)
               Filter: (id = 2)
               Rows Removed by Filter: 112
               Buffers: shared hit=1
         ->  Nested Loop  (cost=16454.35..466250.85 rows=13 width=4) (actual time=328.502..5877.685 rows=244 loops=1)
               Buffers: shared hit=489379 read=116907
               ->  Seq Scan on info_type it1  (cost=0.00..2.41 rows=1 width=4) (actual time=0.026..0.037 rows=1 loops=1)
                     Filter: (id = 3)
                     Rows Removed by Filter: 112
                     Buffers: shared hit=1
               ->  Nested Loop  (cost=16454.35..466248.31 rows=13 width=8) (actual time=328.471..5877.552 rows=244 loops=1)
                     Buffers: shared hit=489378 read=116907
                     ->  Hash Join  (cost=16453.92..466176.40 rows=31 width=12) (actual time=68.763..5821.592 rows=1681 loops=1)
                           Hash Cond: (ci.role_id = rt.id)
                           Buffers: shared hit=483475 read=116086
                           ->  Nested Loop  (cost=16452.76..466173.91 rows=373 width=16) (actual time=49.652..5795.822 rows=170228 loops=1)
                                 Buffers: shared hit=483474 read=116086
                                 ->  Nested Loop  (cost=16452.32..465015.50 rows=26 width=20) (actual time=49.561..3930.697 rows=7505 loops=1)
                                       Buffers: shared hit=353133 read=58096
                                       ->  Hash Join  (cost=16451.88..440525.50 rows=572 width=12) (actual time=49.366..2895.401 rows=7414 loops=1)
                                             Hash Cond: (t.kind_id = kt.id)
                                             Buffers: shared hit=286022 read=23222
                                             ->  Nested Loop  (cost=16450.75..440518.74 rows=1334 width=16) (actual time=42.772..2891.721 rows=8202 loops=1)
                                                   Buffers: shared hit=286021 read=23222
                                                   ->  Bitmap Heap Scan on movie_info mi1  (cost=16450.31..389786.99 rows=7374 width=8) (actual time=42.683..585.093 rows=82764 loops=1)
                                                         Recheck Cond: (info_type_id = 3)
                                                         Filter: ((info)::text = ANY ('{Fantasy,Horror,News,Sci-Fi}'::text[]))
                                                         Rows Removed by Filter: 1451145
                                                         Heap Blocks: exact=9772
                                                         Buffers: shared hit=170 read=10805
                                                         ->  Bitmap Index Scan on info_type_id_movie_info  (cost=0.00..16448.47 rows=1538671 width=0) (actual time=41.480..41.480 rows=1533909 loops=1)
                                                               Index Cond: (info_type_id = 3)
                                                               Buffers: shared hit=1 read=1202
                                                   ->  Memoize  (cost=0.44..6.93 rows=1 width=8) (actual time=0.028..0.028 rows=0 loops=82764)
                                                         Cache Key: mi1.movie_id
                                                         Cache Mode: logical
                                                         Hits: 8197  Misses: 74567  Evictions: 0  Overflows: 0  Memory Usage: 5238kB
                                                         Buffers: shared hit=285851 read=12417
                                                         ->  Index Scan using title_pkey on title t  (cost=0.43..6.92 rows=1 width=8) (actual time=0.030..0.030 rows=0 loops=74567)
                                                               Index Cond: (id = mi1.movie_id)
                                                               Filter: ((production_year <= 1975) AND (1875 < production_year))
                                                               Rows Removed by Filter: 1
                                                               Buffers: shared hit=285851 read=12417
                                             ->  Hash  (cost=1.10..1.10 rows=3 width=4) (actual time=0.032..0.033 rows=3 loops=1)
                                                   Buckets: 1024  Batches: 1  Memory Usage: 9kB
                                                   Buffers: shared hit=1
                                                   ->  Seq Scan on kind_type kt  (cost=0.00..1.10 rows=3 width=4) (actual time=0.016..0.022 rows=3 loops=1)
                                                         Filter: ((kind)::text = ANY ('{episode,movie,"tv movie"}'::text[]))
                                                         Rows Removed by Filter: 4
                                                         Buffers: shared hit=1
                                       ->  Index Scan using movie_id_movie_info on movie_info mi2  (cost=0.43..42.80 rows=1 width=8) (actual time=0.121..0.139 rows=1 loops=7414)
                                             Index Cond: (movie_id = t.id)
                                             Filter: (((info)::text = ANY ('{"Black and White",Color}'::text[])) AND (info_type_id = 2))
                                             Rows Removed by Filter: 24
                                             Buffers: shared hit=67111 read=34874
                                 ->  Index Scan using movie_id_cast_info on cast_info ci  (cost=0.44..44.17 rows=38 width=12) (actual time=0.037..0.242 rows=23 loops=7505)
                                       Index Cond: (movie_id = t.id)
                                       Buffers: shared hit=130341 read=57990
                           ->  Hash  (cost=1.15..1.15 rows=1 width=4) (actual time=0.029..0.030 rows=1 loops=1)
                                 Buckets: 1024  Batches: 1  Memory Usage: 9kB
                                 Buffers: shared hit=1
                                 ->  Seq Scan on role_type rt  (cost=0.00..1.15 rows=1 width=4) (actual time=0.019..0.022 rows=1 loops=1)
                                       Filter: ((role)::text = 'costume designer'::text)
                                       Rows Removed by Filter: 11
                                       Buffers: shared hit=1
                     ->  Index Scan using name_pkey on name n  (cost=0.43..2.32 rows=1 width=4) (actual time=0.033..0.033 rows=0 loops=1681)
                           Index Cond: (id = ci.person_id)
                           Filter: ((gender)::text = 'm'::text)
                           Rows Removed by Filter: 1
                           Buffers: shared hit=5903 read=821
 Planning:
   Buffers: shared hit=574
 Planning Time: 13.281 ms
 Execution Time: 5879.811 ms
(78 rows)

