                                                                                                  QUERY PLAN                                                                                                  
--------------------------------------------------------------------------------------------------------------------------------------------------------------------------------------------------------------
 Aggregate  (cost=882118.32..882118.33 rows=1 width=8) (actual time=89394.627..89394.635 rows=1 loops=1)
   Buffers: shared hit=7895893 read=1331252, temp read=8466 written=7976
   ->  Nested Loop  (cost=817554.32..882117.70 rows=250 width=0) (actual time=1135.033..89373.564 rows=75082 loops=1)
         Buffers: shared hit=7895893 read=1331252, temp read=8466 written=7976
         ->  Seq Scan on info_type it2  (cost=0.00..2.41 rows=1 width=4) (actual time=0.045..0.055 rows=1 loops=1)
               Filter: (id = 2)
               Rows Removed by Filter: 112
               Buffers: shared hit=1
         ->  Nested Loop  (cost=817554.32..882112.79 rows=250 width=4) (actual time=1134.986..89354.896 rows=75082 loops=1)
               Buffers: shared hit=7895892 read=1331252, temp read=8466 written=7976
               ->  Seq Scan on info_type it1  (cost=0.00..2.41 rows=1 width=4) (actual time=0.012..0.025 rows=1 loops=1)
                     Filter: (id = 3)
                     Rows Removed by Filter: 112
                     Buffers: shared hit=1
               ->  Nested Loop  (cost=817554.32..882107.87 rows=250 width=8) (actual time=1134.972..89335.915 rows=75082 loops=1)
                     Buffers: shared hit=7895891 read=1331252, temp read=8466 written=7976
                     ->  Hash Join  (cost=817553.89..880727.76 rows=595 width=12) (actual time=1117.342..80497.007 rows=233778 loops=1)
                           Hash Cond: (ci.role_id = rt.id)
                           Buffers: shared hit=7092521 read=1199510, temp read=8466 written=7976
                           ->  Nested Loop  (cost=817552.72..880701.24 rows=7138 width=16) (actual time=1117.158..79333.567 rows=6207018 loops=1)
                                 Buffers: shared hit=7092520 read=1199510, temp read=8466 written=7976
                                 ->  Nested Loop  (cost=817552.28..858920.94 rows=498 width=20) (actual time=1117.133..14674.712 rows=246972 loops=1)
                                       Buffers: shared hit=1509025 read=55621, temp read=8466 written=7976
                                       ->  Nested Loop  (cost=817552.14..858892.07 rows=1162 width=24) (actual time=1116.483..14419.942 rows=299607 loops=1)
                                             Join Filter: (t.id = mi1.movie_id)
                                             Buffers: shared hit=1509013 read=55621, temp read=8466 written=7976
                                             ->  Merge Join  (cost=817551.71..818361.14 rows=12403 width=16) (actual time=1116.441..1772.188 rows=384029 loops=1)
                                                   Merge Cond: (mi1.movie_id = mi2.movie_id)
                                                   Buffers: shared hit=8554 read=19964, temp read=8466 written=7976
                                                   ->  Sort  (cost=453941.88..454061.13 rows=47699 width=8) (actual time=565.849..655.207 rows=474623 loops=1)
                                                         Sort Key: mi1.movie_id
                                                         Sort Method: external sort  Disk: 10256kB
                                                         Buffers: shared hit=4386 read=6589, temp read=2560 written=2566
                                                         ->  Bitmap Heap Scan on movie_info mi1  (cost=16460.39..450235.27 rows=47699 width=8) (actual time=42.163..447.077 rows=474623 loops=1)
                                                               Recheck Cond: (info_type_id = 3)
                                                               Filter: ((info)::text = ANY ('{Action,Adventure,Drama,Family,Fantasy,Horror,Sci-Fi,Thriller}'::text[]))
                                                               Rows Removed by Filter: 1059286
                                                               Heap Blocks: exact=9772
                                                               Buffers: shared hit=4386 read=6589
                                                               ->  Bitmap Index Scan on info_type_id_movie_info  (cost=0.00..16448.47 rows=1538671 width=0) (actual time=40.974..40.975 rows=1533909 loops=1)
                                                                     Index Cond: (info_type_id = 3)
                                                                     Buffers: shared read=1203
                                                   ->  Sort  (cost=363609.83..363833.28 rows=89381 width=8) (actual time=550.582..754.804 rows=1094309 loops=1)
                                                         Sort Key: mi2.movie_id
                                                         Sort Method: external sort  Disk: 21624kB
                                                         Buffers: shared hit=4168 read=13375, temp read=5651 written=5410
                                                         ->  Bitmap Heap Scan on movie_info mi2  (cost=13878.84..356259.28 rows=89381 width=8) (actual time=31.604..308.520 rows=1000514 loops=1)
                                                               Recheck Cond: (info_type_id = 2)
                                                               Filter: ((info)::text = 'Color'::text)
                                                               Rows Removed by Filter: 288414
                                                               Heap Blocks: exact=16526
                                                               Buffers: shared hit=4168 read=13375
                                                               ->  Bitmap Index Scan on info_type_id_movie_info  (cost=0.00..13856.49 rows=1296008 width=0) (actual time=29.440..29.440 rows=1288928 loops=1)
                                                                     Index Cond: (info_type_id = 2)
                                                                     Buffers: shared hit=1 read=1016
                                             ->  Index Scan using title_pkey on title t  (cost=0.43..3.26 rows=1 width=8) (actual time=0.032..0.032 rows=1 loops=384029)
                                                   Index Cond: (id = mi2.movie_id)
                                                   Filter: ((production_year <= 2015) AND (1990 < production_year))
                                                   Rows Removed by Filter: 0
                                                   Buffers: shared hit=1500459 read=35657
                                       ->  Memoize  (cost=0.14..0.16 rows=1 width=4) (actual time=0.000..0.000 rows=1 loops=299607)
                                             Cache Key: t.kind_id
                                             Cache Mode: logical
                                             Hits: 299601  Misses: 6  Evictions: 0  Overflows: 0  Memory Usage: 1kB
                                             Buffers: shared hit=12
                                             ->  Index Scan using kind_type_pkey on kind_type kt  (cost=0.13..0.15 rows=1 width=4) (actual time=0.010..0.010 rows=0 loops=6)
                                                   Index Cond: (id = t.kind_id)
                                                   Filter: ((kind)::text = ANY ('{episode,movie,"video movie"}'::text[]))
                                                   Rows Removed by Filter: 0
                                                   Buffers: shared hit=12
                                 ->  Index Scan using movie_id_cast_info on cast_info ci  (cost=0.44..43.36 rows=38 width=12) (actual time=0.034..0.255 rows=25 loops=246972)
                                       Index Cond: (movie_id = t.id)
                                       Buffers: shared hit=5583495 read=1143889
                           ->  Hash  (cost=1.15..1.15 rows=1 width=4) (actual time=0.039..0.040 rows=1 loops=1)
                                 Buckets: 1024  Batches: 1  Memory Usage: 9kB
                                 Buffers: shared hit=1
                                 ->  Seq Scan on role_type rt  (cost=0.00..1.15 rows=1 width=4) (actual time=0.011..0.012 rows=1 loops=1)
                                       Filter: ((role)::text = 'editor'::text)
                                       Rows Removed by Filter: 11
                                       Buffers: shared hit=1
                     ->  Index Scan using name_pkey on name n  (cost=0.43..2.32 rows=1 width=4) (actual time=0.037..0.037 rows=0 loops=233778)
                           Index Cond: (id = ci.person_id)
                           Filter: ((gender)::text = 'm'::text)
                           Rows Removed by Filter: 1
                           Buffers: shared hit=803370 read=131742
 Planning:
   Buffers: shared hit=521 read=53
 Planning Time: 13.752 ms
 Execution Time: 89403.758 ms
(89 rows)

