                                                                                            QUERY PLAN                                                                                            
--------------------------------------------------------------------------------------------------------------------------------------------------------------------------------------------------
 Aggregate  (cost=411654.77..411654.78 rows=1 width=8) (actual time=10943.817..10943.826 rows=1 loops=1)
   Buffers: shared hit=1007222 read=116277
   ->  Nested Loop  (cost=62486.32..411654.77 rows=1 width=0) (actual time=387.590..10941.560 rows=10379 loops=1)
         Buffers: shared hit=1007222 read=116277
         ->  Hash Join  (cost=62485.89..411652.45 rows=1 width=4) (actual time=387.551..10523.644 rows=10379 loops=1)
               Hash Cond: (ci.role_id = rt.id)
               Buffers: shared hit=972251 read=109732
               ->  Nested Loop  (cost=62484.73..411651.24 rows=14 width=8) (actual time=377.142..10515.757 rows=23134 loops=1)
                     Buffers: shared hit=972250 read=109732
                     ->  Nested Loop  (cost=62484.29..411602.90 rows=1 width=12) (actual time=377.109..10115.073 rows=3383 loops=1)
                           Buffers: shared hit=949335 read=99885
                           ->  Nested Loop  (cost=62484.29..411600.47 rows=1 width=16) (actual time=377.100..10036.045 rows=3383 loops=1)
                                 Buffers: shared hit=945952 read=99885
                                 ->  Nested Loop  (cost=62484.29..411598.05 rows=1 width=20) (actual time=377.081..9956.023 rows=3383 loops=1)
                                       Buffers: shared hit=942569 read=99885
                                       ->  Hash Join  (cost=62483.85..404959.23 rows=146 width=12) (actual time=376.013..794.481 rows=103703 loops=1)
                                             Hash Cond: (mi2.movie_id = t.id)
                                             Buffers: shared hit=1739 read=29191
                                             ->  Bitmap Heap Scan on movie_info mi2  (cost=13862.73..356243.17 rows=24927 width=8) (actual time=40.816..457.576 rows=288414 loops=1)
                                                   Recheck Cond: (info_type_id = 2)
                                                   Filter: ((info)::text = 'Black and White'::text)
                                                   Rows Removed by Filter: 1000514
                                                   Heap Blocks: exact=16526
                                                   Buffers: shared hit=8 read=17535
                                                   ->  Bitmap Index Scan on info_type_id_movie_info  (cost=0.00..13856.49 rows=1296008 width=0) (actual time=36.626..36.626 rows=1288928 loops=1)
                                                         Index Cond: (info_type_id = 2)
                                                         Buffers: shared read=1017
                                             ->  Hash  (cost=48436.16..48436.16 rows=14797 width=4) (actual time=195.278..195.281 rows=103977 loops=1)
                                                   Buckets: 131072 (originally 16384)  Batches: 1 (originally 1)  Memory Usage: 4680kB
                                                   Buffers: shared hit=1731 read=11656
                                                   ->  Nested Loop  (cost=4497.16..48436.16 rows=14797 width=4) (actual time=19.390..180.149 rows=103977 loops=1)
                                                         Buffers: shared hit=1731 read=11656
                                                         ->  Seq Scan on kind_type kt  (cost=0.00..1.09 rows=1 width=4) (actual time=0.010..0.013 rows=1 loops=1)
                                                               Filter: ((kind)::text = 'movie'::text)
                                                               Rows Removed by Filter: 6
                                                               Buffers: shared hit=1
                                                         ->  Bitmap Heap Scan on title t  (cost=4497.16..48262.45 rows=17263 width=8) (actual time=19.376..173.683 rows=103977 loops=1)
                                                               Recheck Cond: (kind_id = kt.id)
                                                               Filter: ((production_year <= 1925) AND (1875 < production_year))
                                                               Rows Removed by Filter: 558848
                                                               Heap Blocks: exact=12865
                                                               Buffers: shared hit=1730 read=11656
                                                               ->  Bitmap Index Scan on kind_id_title  (cost=0.00..4492.84 rows=421388 width=0) (actual time=17.115..17.115 rows=662825 loops=1)
                                                                     Index Cond: (kind_id = kt.id)
                                                                     Buffers: shared read=521
                                       ->  Index Scan using movie_id_movie_info on movie_info mi1  (cost=0.43..45.46 rows=1 width=8) (actual time=0.088..0.088 rows=0 loops=103703)
                                             Index Cond: (movie_id = t.id)
                                             Filter: ((info_type_id = 3) AND ((info)::text = ANY ('{Adventure,Fantasy,Sport,Thriller}'::text[])))
                                             Rows Removed by Filter: 11
                                             Buffers: shared hit=940830 read=70694
                                 ->  Seq Scan on info_type it1  (cost=0.00..2.41 rows=1 width=4) (actual time=0.011..0.021 rows=1 loops=3383)
                                       Filter: (id = 3)
                                       Rows Removed by Filter: 112
                                       Buffers: shared hit=3383
                           ->  Seq Scan on info_type it2  (cost=0.00..2.41 rows=1 width=4) (actual time=0.011..0.021 rows=1 loops=3383)
                                 Filter: (id = 2)
                                 Rows Removed by Filter: 112
                                 Buffers: shared hit=3383
                     ->  Index Scan using movie_id_cast_info on cast_info ci  (cost=0.44..47.96 rows=38 width=12) (actual time=0.043..0.116 rows=7 loops=3383)
                           Index Cond: (movie_id = t.id)
                           Buffers: shared hit=22915 read=9847
               ->  Hash  (cost=1.15..1.15 rows=1 width=4) (actual time=0.031..0.032 rows=1 loops=1)
                     Buckets: 1024  Batches: 1  Memory Usage: 9kB
                     Buffers: shared hit=1
                     ->  Seq Scan on role_type rt  (cost=0.00..1.15 rows=1 width=4) (actual time=0.023..0.026 rows=1 loops=1)
                           Filter: ((role)::text = 'actor'::text)
                           Rows Removed by Filter: 11
                           Buffers: shared hit=1
         ->  Index Scan using name_pkey on name n  (cost=0.43..2.32 rows=1 width=4) (actual time=0.039..0.039 rows=1 loops=10379)
               Index Cond: (id = ci.person_id)
               Filter: ((gender)::text = 'm'::text)
               Buffers: shared hit=34971 read=6545
 Planning:
   Buffers: shared hit=486 read=88
 Planning Time: 13.635 ms
 Execution Time: 10944.621 ms
(76 rows)

