                                                                                               QUERY PLAN                                                                                               
--------------------------------------------------------------------------------------------------------------------------------------------------------------------------------------------------------
 Aggregate  (cost=952460.59..952460.60 rows=1 width=8) (actual time=362217.350..362217.362 rows=1 loops=1)
   Buffers: shared hit=33807369 read=3798944, temp read=20854 written=20854
   ->  Nested Loop  (cost=479861.58..952457.92 rows=1065 width=0) (actual time=2089.308..361328.706 rows=5223320 loops=1)
         Buffers: shared hit=33807369 read=3798944, temp read=20854 written=20854
         ->  Seq Scan on info_type it2  (cost=0.00..2.41 rows=1 width=4) (actual time=0.052..0.063 rows=1 loops=1)
               Filter: (id = 2)
               Rows Removed by Filter: 112
               Buffers: shared hit=1
         ->  Nested Loop  (cost=479861.58..952444.86 rows=1065 width=4) (actual time=2089.255..360259.479 rows=5223320 loops=1)
               Buffers: shared hit=33807368 read=3798944, temp read=20854 written=20854
               ->  Seq Scan on info_type it1  (cost=0.00..2.41 rows=1 width=4) (actual time=0.009..0.024 rows=1 loops=1)
                     Filter: (id = 3)
                     Rows Removed by Filter: 112
                     Buffers: shared hit=1
               ->  Nested Loop  (cost=479861.58..952431.80 rows=1065 width=8) (actual time=2089.243..359102.659 rows=5223320 loops=1)
                     Buffers: shared hit=33807367 read=3798944, temp read=20854 written=20854
                     ->  Hash Join  (cost=479861.15..946544.86 rows=2538 width=12) (actual time=2089.211..175510.223 rows=5223320 loops=1)
                           Hash Cond: (ci.role_id = rt.id)
                           Buffers: shared hit=13125731 read=3587300, temp read=20854 written=20854
                           ->  Nested Loop  (cost=479859.99..946435.50 rows=30460 width=16) (actual time=2089.174..171283.268 rows=14707285 loops=1)
                                 Buffers: shared hit=13125730 read=3587300, temp read=20854 written=20854
                                 ->  Hash Join  (cost=479859.55..853658.70 rows=2125 width=20) (actual time=2089.136..4145.388 rows=792535 loops=1)
                                       Hash Cond: (mi1.movie_id = t.id)
                                       Buffers: shared hit=5446 read=59464, temp read=20854 written=20854
                                       ->  Bitmap Heap Scan on movie_info mi1  (cost=16477.90..389814.59 rows=117657 width=8) (actual time=41.349..673.051 rows=1119621 loops=1)
                                             Recheck Cond: (info_type_id = 3)
                                             Filter: ((info)::text = ANY ('{Action,Adventure,Comedy,Crime,Documentary,Drama,Family,Sci-Fi,Short}'::text[]))
                                             Rows Removed by Filter: 414288
                                             Heap Blocks: exact=9772
                                             Buffers: shared hit=1 read=10974
                                             ->  Bitmap Index Scan on info_type_id_movie_info  (cost=0.00..16448.47 rows=1538671 width=0) (actual time=40.147..40.147 rows=1533909 loops=1)
                                                   Index Cond: (info_type_id = 3)
                                                   Buffers: shared read=1203
                                       ->  Hash  (cost=462810.85..462810.85 rows=45664 width=12) (actual time=2047.406..2047.411 rows=982641 loops=1)
                                             Buckets: 262144 (originally 65536)  Batches: 8 (originally 1)  Memory Usage: 7320kB
                                             Buffers: shared hit=5445 read=48490, temp read=11838 written=15193
                                             ->  Hash Join  (cost=114705.11..462810.85 rows=45664 width=12) (actual time=1015.923..1896.678 rows=982641 loops=1)
                                                   Hash Cond: (mi2.movie_id = t.id)
                                                   Buffers: shared hit=5445 read=48490, temp read=11838 written=11838
                                                   ->  Bitmap Heap Scan on movie_info mi2  (cost=13885.07..356265.51 rows=114308 width=8) (actual time=34.085..368.281 rows=1288928 loops=1)
                                                         Recheck Cond: (info_type_id = 2)
                                                         Filter: ((info)::text = ANY ('{"Black and White",Color}'::text[]))
                                                         Heap Blocks: exact=16526
                                                         Buffers: shared hit=1942 read=15601
                                                         ->  Bitmap Index Scan on info_type_id_movie_info  (cost=0.00..13856.49 rows=1296008 width=0) (actual time=31.923..31.923 rows=1288928 loops=1)
                                                               Index Cond: (info_type_id = 2)
                                                               Buffers: shared hit=1 read=1016
                                                   ->  Hash  (cost=84248.88..84248.88 rows=1010013 width=4) (actual time=980.698..980.702 rows=2148656 loops=1)
                                                         Buckets: 262144 (originally 262144)  Batches: 16 (originally 8)  Memory Usage: 6773kB
                                                         Buffers: shared hit=3503 read=32889, temp written=5895
                                                         ->  Hash Join  (cost=1.13..84248.88 rows=1010013 width=4) (actual time=0.054..702.532 rows=2148656 loops=1)
                                                               Hash Cond: (t.kind_id = kt.id)
                                                               Buffers: shared hit=3503 read=32889
                                                               ->  Seq Scan on title t  (cost=0.00..74315.95 rows=2356696 width=8) (actual time=0.025..444.360 rows=2352201 loops=1)
                                                                     Filter: ((production_year <= 2015) AND (1925 < production_year))
                                                                     Rows Removed by Filter: 176111
                                                                     Buffers: shared hit=3502 read=32889
                                                               ->  Hash  (cost=1.10..1.10 rows=3 width=4) (actual time=0.014..0.015 rows=3 loops=1)
                                                                     Buckets: 1024  Batches: 1  Memory Usage: 9kB
                                                                     Buffers: shared hit=1
                                                                     ->  Seq Scan on kind_type kt  (cost=0.00..1.10 rows=3 width=4) (actual time=0.007..0.009 rows=3 loops=1)
                                                                           Filter: ((kind)::text = ANY ('{episode,movie,"video movie"}'::text[]))
                                                                           Rows Removed by Filter: 4
                                                                           Buffers: shared hit=1
                                 ->  Index Scan using movie_id_cast_info on cast_info ci  (cost=0.44..43.28 rows=38 width=12) (actual time=0.036..0.205 rows=19 loops=792535)
                                       Index Cond: (movie_id = t.id)
                                       Buffers: shared hit=13120284 read=3527836
                           ->  Hash  (cost=1.15..1.15 rows=1 width=4) (actual time=0.015..0.015 rows=1 loops=1)
                                 Buckets: 1024  Batches: 1  Memory Usage: 9kB
                                 Buffers: shared hit=1
                                 ->  Seq Scan on role_type rt  (cost=0.00..1.15 rows=1 width=4) (actual time=0.007..0.009 rows=1 loops=1)
                                       Filter: ((role)::text = 'actor'::text)
                                       Rows Removed by Filter: 11
                                       Buffers: shared hit=1
                     ->  Index Scan using name_pkey on name n  (cost=0.43..2.32 rows=1 width=4) (actual time=0.034..0.034 rows=1 loops=5223320)
                           Index Cond: (id = ci.person_id)
                           Filter: ((gender)::text = 'm'::text)
                           Buffers: shared hit=20681636 read=211644
 Planning:
   Buffers: shared hit=485 read=92
 Planning Time: 13.308 ms
 Execution Time: 362218.193 ms
(82 rows)

