                                                                                                  QUERY PLAN                                                                                                  
--------------------------------------------------------------------------------------------------------------------------------------------------------------------------------------------------------------
 Aggregate  (cost=861156.42..861156.43 rows=1 width=8) (actual time=26861.048..26861.057 rows=1 loops=1)
   Buffers: shared hit=2432054 read=227680, temp read=13155 written=12973
   ->  Nested Loop  (cost=774633.46..861155.47 rows=380 width=0) (actual time=1264.986..26857.533 rows=13910 loops=1)
         Buffers: shared hit=2432054 read=227680, temp read=13155 written=12973
         ->  Seq Scan on info_type it2  (cost=0.00..2.41 rows=1 width=4) (actual time=0.044..0.057 rows=1 loops=1)
               Filter: (id = 2)
               Rows Removed by Filter: 112
               Buffers: shared hit=1
         ->  Nested Loop  (cost=774633.46..861149.25 rows=380 width=4) (actual time=1264.941..26854.199 rows=13910 loops=1)
               Buffers: shared hit=2432053 read=227680, temp read=13155 written=12973
               ->  Seq Scan on info_type it1  (cost=0.00..2.41 rows=1 width=4) (actual time=0.008..0.024 rows=1 loops=1)
                     Filter: (id = 3)
                     Rows Removed by Filter: 112
                     Buffers: shared hit=1
               ->  Nested Loop  (cost=774633.46..861143.04 rows=380 width=8) (actual time=1264.932..26850.783 rows=13910 loops=1)
                     Buffers: shared hit=2432052 read=227680, temp read=13155 written=12973
                     ->  Hash Join  (cost=774633.03..859039.24 rows=907 width=12) (actual time=1264.901..25552.618 rows=35645 loops=1)
                           Hash Cond: (ci.role_id = rt.id)
                           Buffers: shared hit=2302209 read=214943, temp read=13155 written=12973
                           ->  Nested Loop  (cost=774631.86..858999.43 rows=10879 width=16) (actual time=1264.472..25431.141 rows=613773 loops=1)
                                 Buffers: shared hit=2302208 read=214943, temp read=13155 written=12973
                                 ->  Nested Loop  (cost=774631.42..825832.87 rows=759 width=20) (actual time=1264.448..18691.245 rows=24440 loops=1)
                                       Buffers: shared hit=1816880 read=56542, temp read=13155 written=12973
                                       ->  Nested Loop  (cost=774631.28..825789.43 rows=1771 width=24) (actual time=1264.429..18468.915 rows=315841 loops=1)
                                             Join Filter: (t.id = mi1.movie_id)
                                             Buffers: shared hit=1816868 read=56542, temp read=13155 written=12973
                                             ->  Merge Join  (cost=774630.85..775614.03 rows=16442 width=16) (actual time=1264.359..2003.411 rows=461223 loops=1)
                                                   Merge Cond: (mi1.movie_id = mi2.movie_id)
                                                   Buffers: shared hit=3 read=28515, temp read=13155 written=12973
                                                   ->  Sort  (cost=408762.00..408885.61 rows=49443 width=8) (actual time=507.054..602.370 rows=469512 loops=1)
                                                         Sort Key: mi1.movie_id
                                                         Sort Method: external sort  Disk: 10144kB
                                                         Buffers: shared hit=1 read=10974, temp read=2532 written=2538
                                                         ->  Bitmap Heap Scan on movie_info mi1  (cost=16460.83..404907.06 rows=49443 width=8) (actual time=42.270..388.763 rows=469512 loops=1)
                                                               Recheck Cond: (info_type_id = 3)
                                                               Filter: ((info)::text = ANY ('{Adventure,Crime,Fantasy,Mystery,Short}'::text[]))
                                                               Rows Removed by Filter: 1064397
                                                               Heap Blocks: exact=9772
                                                               Buffers: shared hit=1 read=10974
                                                               ->  Bitmap Index Scan on info_type_id_movie_info  (cost=0.00..16448.47 rows=1538671 width=0) (actual time=41.078..41.078 rows=1533909 loops=1)
                                                                     Index Cond: (info_type_id = 3)
                                                                     Buffers: shared read=1203
                                                   ->  Sort  (cost=365868.85..366154.62 rows=114308 width=8) (actual time=757.294..982.478 rows=1332842 loops=1)
                                                         Sort Key: mi2.movie_id
                                                         Sort Method: external sort  Disk: 27832kB
                                                         Buffers: shared hit=2 read=17541, temp read=10520 written=10435
                                                         ->  Bitmap Heap Scan on movie_info mi2  (cost=13885.07..356265.51 rows=114308 width=8) (actual time=32.027..362.021 rows=1288928 loops=1)
                                                               Recheck Cond: (info_type_id = 2)
                                                               Filter: ((info)::text = ANY ('{"Black and White",Color}'::text[]))
                                                               Heap Blocks: exact=16526
                                                               Buffers: shared hit=2 read=17541
                                                               ->  Bitmap Index Scan on info_type_id_movie_info  (cost=0.00..13856.49 rows=1296008 width=0) (actual time=29.862..29.862 rows=1288928 loops=1)
                                                                     Index Cond: (info_type_id = 2)
                                                                     Buffers: shared hit=1 read=1016
                                             ->  Index Scan using title_pkey on title t  (cost=0.43..3.04 rows=1 width=8) (actual time=0.035..0.035 rows=1 loops=461223)
                                                   Index Cond: (id = mi2.movie_id)
                                                   Filter: ((production_year <= 2015) AND (1975 < production_year))
                                                   Rows Removed by Filter: 0
                                                   Buffers: shared hit=1816865 read=28027
                                       ->  Memoize  (cost=0.14..0.16 rows=1 width=4) (actual time=0.000..0.000 rows=0 loops=315841)
                                             Cache Key: t.kind_id
                                             Cache Mode: logical
                                             Hits: 315835  Misses: 6  Evictions: 0  Overflows: 0  Memory Usage: 1kB
                                             Buffers: shared hit=12
                                             ->  Index Scan using kind_type_pkey on kind_type kt  (cost=0.13..0.15 rows=1 width=4) (actual time=0.010..0.010 rows=0 loops=6)
                                                   Index Cond: (id = t.kind_id)
                                                   Filter: ((kind)::text = ANY ('{"tv movie","tv series","video game"}'::text[]))
                                                   Rows Removed by Filter: 0
                                                   Buffers: shared hit=12
                                 ->  Index Scan using movie_id_cast_info on cast_info ci  (cost=0.44..43.32 rows=38 width=12) (actual time=0.038..0.268 rows=25 loops=24440)
                                       Index Cond: (movie_id = t.id)
                                       Buffers: shared hit=485328 read=158401
                           ->  Hash  (cost=1.15..1.15 rows=1 width=4) (actual time=0.020..0.021 rows=1 loops=1)
                                 Buckets: 1024  Batches: 1  Memory Usage: 9kB
                                 Buffers: shared hit=1
                                 ->  Seq Scan on role_type rt  (cost=0.00..1.15 rows=1 width=4) (actual time=0.011..0.013 rows=1 loops=1)
                                       Filter: ((role)::text = 'writer'::text)
                                       Rows Removed by Filter: 11
                                       Buffers: shared hit=1
                     ->  Index Scan using name_pkey on name n  (cost=0.43..2.32 rows=1 width=4) (actual time=0.036..0.036 rows=0 loops=35645)
                           Index Cond: (id = ci.person_id)
                           Filter: ((gender)::text = 'm'::text)
                           Rows Removed by Filter: 1
                           Buffers: shared hit=129843 read=12737
 Planning:
   Buffers: shared hit=481 read=93
 Planning Time: 14.180 ms
 Execution Time: 26875.170 ms
(88 rows)

