                                                                                            QUERY PLAN                                                                                            
--------------------------------------------------------------------------------------------------------------------------------------------------------------------------------------------------
 Aggregate  (cost=522728.08..522728.09 rows=1 width=8) (actual time=6404.158..6404.166 rows=1 loops=1)
   Buffers: shared hit=405437 read=232761, temp read=857 written=857
   ->  Nested Loop  (cost=95181.40..522728.03 rows=19 width=0) (actual time=686.960..6403.972 rows=378 loops=1)
         Buffers: shared hit=405437 read=232761, temp read=857 written=857
         ->  Seq Scan on info_type it2  (cost=0.00..2.41 rows=1 width=4) (actual time=0.040..0.048 rows=1 loops=1)
               Filter: (id = 2)
               Rows Removed by Filter: 112
               Buffers: shared hit=1
         ->  Nested Loop  (cost=95181.40..522725.43 rows=19 width=4) (actual time=686.919..6403.822 rows=378 loops=1)
               Buffers: shared hit=405436 read=232761, temp read=857 written=857
               ->  Seq Scan on info_type it1  (cost=0.00..2.41 rows=1 width=4) (actual time=0.007..0.017 rows=1 loops=1)
                     Filter: (id = 3)
                     Rows Removed by Filter: 112
                     Buffers: shared hit=1
               ->  Nested Loop  (cost=95181.40..522722.82 rows=19 width=8) (actual time=686.909..6403.678 rows=378 loops=1)
                     Buffers: shared hit=405435 read=232761, temp read=857 written=857
                     ->  Hash Join  (cost=95180.97..522532.62 rows=82 width=12) (actual time=612.324..5913.459 rows=14975 loops=1)
                           Hash Cond: (ci.role_id = rt.id)
                           Buffers: shared hit=353000 read=225296, temp read=857 written=857
                           ->  Nested Loop  (cost=95179.81..522527.95 rows=989 width=16) (actual time=611.270..5874.931 rows=291439 loops=1)
                                 Buffers: shared hit=352999 read=225296, temp read=857 written=857
                                 ->  Nested Loop  (cost=95179.37..519440.92 rows=69 width=20) (actual time=611.234..2797.125 rows=18080 loops=1)
                                       Buffers: shared hit=131599 read=107798, temp read=857 written=857
                                       ->  Hash Join  (cost=95178.93..454343.82 rows=1516 width=12) (actual time=611.190..1091.485 rows=19053 loops=1)
                                             Hash Cond: (mi1.movie_id = t.id)
                                             Buffers: shared hit=12958 read=34409, temp read=857 written=857
                                             ->  Bitmap Heap Scan on movie_info mi1  (cost=16454.17..374681.31 rows=22824 width=8) (actual time=40.382..415.323 rows=207910 loops=1)
                                                   Recheck Cond: (info_type_id = 3)
                                                   Filter: ((info)::text = ANY ('{Documentary,Horror,Sport}'::text[]))
                                                   Rows Removed by Filter: 1325999
                                                   Heap Blocks: exact=9772
                                                   Buffers: shared hit=27 read=10948
                                                   ->  Bitmap Index Scan on info_type_id_movie_info  (cost=0.00..16448.47 rows=1538671 width=0) (actual time=39.171..39.172 rows=1533909 loops=1)
                                                         Index Cond: (info_type_id = 3)
                                                         Buffers: shared read=1203
                                             ->  Hash  (cost=75968.50..75968.50 rows=167941 width=4) (actual time=569.413..569.416 rows=342123 loops=1)
                                                   Buckets: 262144  Batches: 2  Memory Usage: 8082kB
                                                   Buffers: shared hit=12931 read=23461, temp written=499
                                                   ->  Hash Join  (cost=1.13..75968.50 rows=167941 width=4) (actual time=0.044..508.615 rows=342123 loops=1)
                                                         Hash Cond: (t.kind_id = kt.id)
                                                         Buffers: shared hit=12931 read=23461
                                                         ->  Seq Scan on title t  (cost=0.00..74315.95 rows=391862 width=8) (actual time=0.023..462.912 rows=386415 loops=1)
                                                               Filter: ((production_year <= 1997) AND (1981 < production_year))
                                                               Rows Removed by Filter: 2141897
                                                               Buffers: shared hit=12930 read=23461
                                                         ->  Hash  (cost=1.10..1.10 rows=3 width=4) (actual time=0.014..0.015 rows=3 loops=1)
                                                               Buckets: 1024  Batches: 1  Memory Usage: 9kB
                                                               Buffers: shared hit=1
                                                               ->  Seq Scan on kind_type kt  (cost=0.00..1.10 rows=3 width=4) (actual time=0.008..0.010 rows=3 loops=1)
                                                                     Filter: ((kind)::text = ANY ('{episode,movie,"tv movie"}'::text[]))
                                                                     Rows Removed by Filter: 4
                                                                     Buffers: shared hit=1
                                       ->  Index Scan using movie_id_movie_info on movie_info mi2  (cost=0.43..42.93 rows=1 width=8) (actual time=0.074..0.089 rows=1 loops=19053)
                                             Index Cond: (movie_id = t.id)
                                             Filter: (((info)::text = ANY ('{"Black and White",Color}'::text[])) AND (info_type_id = 2))
                                             Rows Removed by Filter: 11
                                             Buffers: shared hit=118641 read=73389
                                 ->  Index Scan using movie_id_cast_info on cast_info ci  (cost=0.44..44.36 rows=38 width=12) (actual time=0.033..0.167 rows=16 loops=18080)
                                       Index Cond: (movie_id = t.id)
                                       Buffers: shared hit=221400 read=117498
                           ->  Hash  (cost=1.15..1.15 rows=1 width=4) (actual time=0.014..0.014 rows=1 loops=1)
                                 Buckets: 1024  Batches: 1  Memory Usage: 9kB
                                 Buffers: shared hit=1
                                 ->  Seq Scan on role_type rt  (cost=0.00..1.15 rows=1 width=4) (actual time=0.008..0.009 rows=1 loops=1)
                                       Filter: ((role)::text = 'cinematographer'::text)
                                       Rows Removed by Filter: 11
                                       Buffers: shared hit=1
                     ->  Index Scan using name_pkey on name n  (cost=0.43..2.32 rows=1 width=4) (actual time=0.032..0.032 rows=0 loops=14975)
                           Index Cond: (id = ci.person_id)
                           Filter: ((gender)::text = 'f'::text)
                           Rows Removed by Filter: 1
                           Buffers: shared hit=52435 read=7465
 Planning:
   Buffers: shared hit=488 read=86
 Planning Time: 9.676 ms
 Execution Time: 6404.676 ms
(76 rows)

