                                                                                               QUERY PLAN                                                                                               
--------------------------------------------------------------------------------------------------------------------------------------------------------------------------------------------------------
 Aggregate  (cost=965454.82..965454.83 rows=1 width=8) (actual time=109200.690..109200.701 rows=1 loops=1)
   Buffers: shared hit=9462759 read=1823399, temp read=17089 written=17089
   ->  Nested Loop  (cost=471656.06..965453.94 rows=355 width=0) (actual time=1875.057..109197.244 rows=6104 loops=1)
         Buffers: shared hit=9462759 read=1823399, temp read=17089 written=17089
         ->  Seq Scan on info_type it2  (cost=0.00..2.41 rows=1 width=4) (actual time=0.046..0.055 rows=1 loops=1)
               Filter: (id = 2)
               Rows Removed by Filter: 112
               Buffers: shared hit=1
         ->  Nested Loop  (cost=471656.06..965447.97 rows=355 width=4) (actual time=1875.008..109195.131 rows=6104 loops=1)
               Buffers: shared hit=9462758 read=1823399, temp read=17089 written=17089
               ->  Seq Scan on info_type it1  (cost=0.00..2.41 rows=1 width=4) (actual time=0.008..0.020 rows=1 loops=1)
                     Filter: (id = 3)
                     Rows Removed by Filter: 112
                     Buffers: shared hit=1
               ->  Nested Loop  (cost=471656.06..965442.01 rows=355 width=8) (actual time=1874.997..109193.102 rows=6104 loops=1)
                     Buffers: shared hit=9462757 read=1823399, temp read=17089 written=17089
                     ->  Hash Join  (cost=471655.63..961893.15 rows=1530 width=12) (actual time=1860.185..99462.307 rows=275876 loops=1)
                           Hash Cond: (ci.role_id = rt.id)
                           Buffers: shared hit=8452906 read=1729746, temp read=17089 written=17089
                           ->  Nested Loop  (cost=471654.47..961826.76 rows=18362 width=16) (actual time=1860.121..97858.372 rows=8859558 loops=1)
                                 Buffers: shared hit=8452905 read=1729746, temp read=17089 written=17089
                                 ->  Hash Join  (cost=471654.03..905801.53 rows=1281 width=20) (actual time=1860.083..3585.356 rows=509304 loops=1)
                                       Hash Cond: (mi1.movie_id = t.id)
                                       Buffers: shared hit=22526 read=42384, temp read=17089 written=17089
                                       ->  Bitmap Heap Scan on movie_info mi1  (cost=16472.46..450247.33 rows=95950 width=8) (actual time=40.806..789.379 rows=930664 loops=1)
                                             Recheck Cond: (info_type_id = 3)
                                             Filter: ((info)::text = ANY ('{Adult,Comedy,Crime,Drama,Fantasy,Reality-TV,Short,Sport}'::text[]))
                                             Rows Removed by Filter: 603245
                                             Heap Blocks: exact=9772
                                             Buffers: shared hit=3018 read=7957
                                             ->  Bitmap Index Scan on info_type_id_movie_info  (cost=0.00..16448.47 rows=1538671 width=0) (actual time=39.602..39.602 rows=1533909 loops=1)
                                                   Index Cond: (info_type_id = 3)
                                                   Buffers: shared hit=1203
                                       ->  Hash  (cost=454759.47..454759.47 rows=33768 width=12) (actual time=1818.642..1818.647 rows=663925 loops=1)
                                             Buckets: 262144 (originally 65536)  Batches: 8 (originally 1)  Memory Usage: 6145kB
                                             Buffers: shared hit=19508 read=34427, temp read=10357 written=12623
                                             ->  Hash Join  (cost=107800.70..454759.47 rows=33768 width=12) (actual time=894.903..1710.560 rows=663925 loops=1)
                                                   Hash Cond: (mi2.movie_id = t.id)
                                                   Buffers: shared hit=19508 read=34427, temp read=10357 written=10357
                                                   ->  Bitmap Heap Scan on movie_info mi2  (cost=13885.07..356265.51 rows=114308 width=8) (actual time=34.905..361.607 rows=1288928 loops=1)
                                                         Recheck Cond: (info_type_id = 2)
                                                         Filter: ((info)::text = ANY ('{"Black and White",Color}'::text[]))
                                                         Heap Blocks: exact=16526
                                                         Buffers: shared hit=3410 read=14133
                                                         ->  Bitmap Index Scan on info_type_id_movie_info  (cost=0.00..13856.49 rows=1296008 width=0) (actual time=32.714..32.715 rows=1288928 loops=1)
                                                               Index Cond: (info_type_id = 2)
                                                               Buffers: shared hit=1 read=1016
                                                   ->  Hash  (cost=81661.50..81661.50 rows=746890 width=4) (actual time=858.815..858.818 rows=1610551 loops=1)
                                                         Buckets: 262144 (originally 262144)  Batches: 16 (originally 8)  Memory Usage: 6145kB
                                                         Buffers: shared hit=16098 read=20294, temp written=4414
                                                         ->  Hash Join  (cost=1.13..81661.50 rows=746890 width=4) (actual time=0.051..645.947 rows=1610551 loops=1)
                                                               Hash Cond: (t.kind_id = kt.id)
                                                               Buffers: shared hit=16098 read=20294
                                                               ->  Seq Scan on title t  (cost=0.00..74315.95 rows=1742744 width=8) (actual time=0.025..452.921 rows=1748995 loops=1)
                                                                     Filter: ((production_year <= 2015) AND (1990 < production_year))
                                                                     Rows Removed by Filter: 779317
                                                                     Buffers: shared hit=16097 read=20294
                                                               ->  Hash  (cost=1.10..1.10 rows=3 width=4) (actual time=0.013..0.014 rows=3 loops=1)
                                                                     Buckets: 1024  Batches: 1  Memory Usage: 9kB
                                                                     Buffers: shared hit=1
                                                                     ->  Seq Scan on kind_type kt  (cost=0.00..1.10 rows=3 width=4) (actual time=0.007..0.009 rows=3 loops=1)
                                                                           Filter: ((kind)::text = ANY ('{episode,movie,"video movie"}'::text[]))
                                                                           Rows Removed by Filter: 4
                                                                           Buffers: shared hit=1
                                 ->  Index Scan using movie_id_cast_info on cast_info ci  (cost=0.44..43.36 rows=38 width=12) (actual time=0.035..0.180 rows=17 loops=509304)
                                       Index Cond: (movie_id = t.id)
                                       Buffers: shared hit=8430379 read=1687362
                           ->  Hash  (cost=1.15..1.15 rows=1 width=4) (actual time=0.016..0.017 rows=1 loops=1)
                                 Buckets: 1024  Batches: 1  Memory Usage: 9kB
                                 Buffers: shared hit=1
                                 ->  Seq Scan on role_type rt  (cost=0.00..1.15 rows=1 width=4) (actual time=0.009..0.011 rows=1 loops=1)
                                       Filter: ((role)::text = 'composer'::text)
                                       Rows Removed by Filter: 11
                                       Buffers: shared hit=1
                     ->  Index Scan using name_pkey on name n  (cost=0.43..2.32 rows=1 width=4) (actual time=0.035..0.035 rows=0 loops=275876)
                           Index Cond: (id = ci.person_id)
                           Filter: ((gender)::text = 'f'::text)
                           Rows Removed by Filter: 1
                           Buffers: shared hit=1009851 read=93653
 Planning:
   Buffers: shared hit=574
 Planning Time: 13.695 ms
 Execution Time: 109201.528 ms
(83 rows)

