                                                                                               QUERY PLAN                                                                                               
--------------------------------------------------------------------------------------------------------------------------------------------------------------------------------------------------------
 Aggregate  (cost=938201.41..938201.42 rows=1 width=8) (actual time=23156.363..23156.375 rows=1 loops=1)
   Buffers: shared hit=1795582 read=514354, temp read=7080 written=7080
   ->  Nested Loop  (cost=479857.36..938200.15 rows=505 width=0) (actual time=1331.947..23154.954 rows=2887 loops=1)
         Buffers: shared hit=1795582 read=514354, temp read=7080 written=7080
         ->  Seq Scan on info_type it2  (cost=0.00..2.41 rows=1 width=4) (actual time=0.043..0.055 rows=1 loops=1)
               Filter: (id = 2)
               Rows Removed by Filter: 112
               Buffers: shared hit=1
         ->  Nested Loop  (cost=479857.36..938192.68 rows=505 width=4) (actual time=1331.903..23154.098 rows=2887 loops=1)
               Buffers: shared hit=1795581 read=514354, temp read=7080 written=7080
               ->  Seq Scan on info_type it1  (cost=0.00..2.41 rows=1 width=4) (actual time=0.007..0.022 rows=1 loops=1)
                     Filter: (id = 3)
                     Rows Removed by Filter: 112
                     Buffers: shared hit=1
               ->  Nested Loop  (cost=479857.36..938185.22 rows=505 width=8) (actual time=1331.893..23153.245 rows=2887 loops=1)
                     Buffers: shared hit=1795580 read=514354, temp read=7080 written=7080
                     ->  Hash Join  (cost=479856.93..933142.58 rows=2174 width=12) (actual time=1331.862..22504.662 rows=19036 loops=1)
                           Hash Cond: (ci.role_id = rt.id)
                           Buffers: shared hit=1723355 read=510435, temp read=7080 written=7080
                           ->  Nested Loop  (cost=479855.77..933048.76 rows=26088 width=16) (actual time=1330.042..22216.494 rows=1918798 loops=1)
                                 Buffers: shared hit=1723354 read=510435, temp read=7080 written=7080
                                 ->  Hash Join  (cost=479855.33..853588.15 rows=1820 width=20) (actual time=1329.990..2354.247 rows=100312 loops=1)
                                       Hash Cond: (mi1.movie_id = t.id)
                                       Buffers: shared hit=5493 read=59417, temp read=7080 written=7080
                                       ->  Bitmap Heap Scan on movie_info mi1  (cost=16473.69..389810.37 rows=100783 width=8) (actual time=41.548..536.488 rows=966874 loops=1)
                                             Recheck Cond: (info_type_id = 3)
                                             Filter: ((info)::text = ANY ('{Adult,Crime,Documentary,Drama,History,Horror,Mystery,Short,Thriller}'::text[]))
                                             Rows Removed by Filter: 567035
                                             Heap Blocks: exact=9772
                                             Buffers: shared hit=224 read=10751
                                             ->  Bitmap Index Scan on info_type_id_movie_info  (cost=0.00..16448.47 rows=1538671 width=0) (actual time=40.331..40.331 rows=1533909 loops=1)
                                                   Index Cond: (info_type_id = 3)
                                                   Buffers: shared read=1203
                                       ->  Hash  (cost=462810.85..462810.85 rows=45664 width=12) (actual time=1288.189..1288.195 rows=194384 loops=1)
                                             Buckets: 262144 (originally 65536)  Batches: 2 (originally 1)  Memory Usage: 6222kB
                                             Buffers: shared hit=5269 read=48666, temp read=4384 written=4763
                                             ->  Hash Join  (cost=114705.11..462810.85 rows=45664 width=12) (actual time=632.809..1253.691 rows=194384 loops=1)
                                                   Hash Cond: (mi2.movie_id = t.id)
                                                   Buffers: shared hit=5269 read=48666, temp read=4384 written=4384
                                                   ->  Bitmap Heap Scan on movie_info mi2  (cost=13885.07..356265.51 rows=114308 width=8) (actual time=34.355..368.174 rows=1288928 loops=1)
                                                         Recheck Cond: (info_type_id = 2)
                                                         Filter: ((info)::text = ANY ('{"Black and White",Color}'::text[]))
                                                         Heap Blocks: exact=16526
                                                         Buffers: shared hit=5267 read=12276
                                                         ->  Bitmap Index Scan on info_type_id_movie_info  (cost=0.00..13856.49 rows=1296008 width=0) (actual time=32.179..32.179 rows=1288928 loops=1)
                                                               Index Cond: (info_type_id = 2)
                                                               Buffers: shared hit=1 read=1016
                                                   ->  Hash  (cost=84248.88..84248.88 rows=1010013 width=4) (actual time=595.584..595.588 rows=203545 loops=1)
                                                         Buckets: 262144  Batches: 8  Memory Usage: 2942kB
                                                         Buffers: shared hit=2 read=36390, temp written=519
                                                         ->  Hash Join  (cost=1.13..84248.88 rows=1010013 width=4) (actual time=0.058..566.040 rows=203545 loops=1)
                                                               Hash Cond: (t.kind_id = kt.id)
                                                               Buffers: shared hit=2 read=36390
                                                               ->  Seq Scan on title t  (cost=0.00..74315.95 rows=2356696 width=8) (actual time=0.029..426.307 rows=2352201 loops=1)
                                                                     Filter: ((production_year <= 2015) AND (1925 < production_year))
                                                                     Rows Removed by Filter: 176111
                                                                     Buffers: shared hit=1 read=36390
                                                               ->  Hash  (cost=1.10..1.10 rows=3 width=4) (actual time=0.013..0.015 rows=3 loops=1)
                                                                     Buckets: 1024  Batches: 1  Memory Usage: 9kB
                                                                     Buffers: shared hit=1
                                                                     ->  Seq Scan on kind_type kt  (cost=0.00..1.10 rows=3 width=4) (actual time=0.007..0.008 rows=3 loops=1)
                                                                           Filter: ((kind)::text = ANY ('{"tv movie","tv series","video game"}'::text[]))
                                                                           Rows Removed by Filter: 4
                                                                           Buffers: shared hit=1
                                 ->  Index Scan using movie_id_cast_info on cast_info ci  (cost=0.44..43.28 rows=38 width=12) (actual time=0.034..0.193 rows=19 loops=100312)
                                       Index Cond: (movie_id = t.id)
                                       Buffers: shared hit=1717861 read=451018
                           ->  Hash  (cost=1.15..1.15 rows=1 width=4) (actual time=0.017..0.018 rows=1 loops=1)
                                 Buckets: 1024  Batches: 1  Memory Usage: 9kB
                                 Buffers: shared hit=1
                                 ->  Seq Scan on role_type rt  (cost=0.00..1.15 rows=1 width=4) (actual time=0.009..0.010 rows=1 loops=1)
                                       Filter: ((role)::text = 'costume designer'::text)
                                       Rows Removed by Filter: 11
                                       Buffers: shared hit=1
                     ->  Index Scan using name_pkey on name n  (cost=0.43..2.32 rows=1 width=4) (actual time=0.033..0.033 rows=0 loops=19036)
                           Index Cond: (id = ci.person_id)
                           Filter: ((gender)::text = 'f'::text)
                           Rows Removed by Filter: 1
                           Buffers: shared hit=72225 read=3919
 Planning:
   Buffers: shared hit=522 read=55
 Planning Time: 13.718 ms
 Execution Time: 23157.226 ms
(83 rows)

