                                                                                            QUERY PLAN                                                                                            
--------------------------------------------------------------------------------------------------------------------------------------------------------------------------------------------------
 Aggregate  (cost=717856.88..717856.89 rows=1 width=8) (actual time=1914.784..1914.791 rows=1 loops=1)
   Buffers: shared hit=40248 read=75303, temp read=1411 written=1411
   ->  Nested Loop  (cost=472302.50..717856.64 rows=96 width=0) (actual time=897.692..1914.679 rows=687 loops=1)
         Buffers: shared hit=40248 read=75303, temp read=1411 written=1411
         ->  Seq Scan on info_type it2  (cost=0.00..2.41 rows=1 width=4) (actual time=0.045..0.050 rows=1 loops=1)
               Filter: (id = 2)
               Rows Removed by Filter: 112
               Buffers: shared hit=1
         ->  Nested Loop  (cost=472302.50..717853.27 rows=96 width=4) (actual time=897.645..1914.543 rows=687 loops=1)
               Buffers: shared hit=40247 read=75303, temp read=1411 written=1411
               ->  Seq Scan on info_type it1  (cost=0.00..2.41 rows=1 width=4) (actual time=0.011..0.017 rows=1 loops=1)
                     Filter: (id = 3)
                     Rows Removed by Filter: 112
                     Buffers: shared hit=1
               ->  Nested Loop  (cost=472302.50..717849.90 rows=96 width=8) (actual time=897.632..1914.427 rows=687 loops=1)
                     Join Filter: (t.id = mi2.movie_id)
                     Buffers: shared hit=40246 read=75303, temp read=1411 written=1411
                     ->  Nested Loop  (cost=472302.06..628818.08 rows=2116 width=16) (actual time=897.590..1876.509 rows=647 loops=1)
                           Buffers: shared hit=35882 read=72032, temp read=1411 written=1411
                           ->  Hash Join  (cost=472301.63..607682.61 rows=9112 width=20) (actual time=894.565..1744.693 rows=9657 loops=1)
                                 Hash Cond: (ci.movie_id = t.id)
                                 Buffers: shared hit=5552 read=63734, temp read=1411 written=1411
                                 ->  Nested Loop  (cost=0.44..123965.00 rows=3020080 width=8) (actual time=0.094..649.585 rows=2728943 loops=1)
                                       Buffers: shared hit=5550 read=16369
                                       ->  Seq Scan on role_type rt  (cost=0.00..1.15 rows=1 width=4) (actual time=0.008..0.011 rows=1 loops=1)
                                             Filter: ((role)::text = 'writer'::text)
                                             Rows Removed by Filter: 11
                                             Buffers: shared hit=1
                                       ->  Index Scan using role_id_cast_info on cast_info ci  (cost=0.44..91017.52 rows=3294633 width=12) (actual time=0.084..433.726 rows=2728943 loops=1)
                                             Index Cond: (role_id = rt.id)
                                             Buffers: shared hit=5549 read=16369
                                 ->  Hash  (cost=472205.84..472205.84 rows=7628 width=12) (actual time=894.307..894.311 rows=10602 loops=1)
                                       Buckets: 16384 (originally 8192)  Batches: 1 (originally 1)  Memory Usage: 584kB
                                       Buffers: shared hit=2 read=47365, temp read=1411 written=1411
                                       ->  Hash Join  (cost=96925.80..472205.84 rows=7628 width=12) (actual time=440.040..892.227 rows=10602 loops=1)
                                             Hash Cond: (mi1.movie_id = t.id)
                                             Buffers: shared hit=2 read=47365, temp read=1411 written=1411
                                             ->  Bitmap Heap Scan on movie_info mi1  (cost=16469.07..389805.76 rows=82421 width=8) (actual time=42.808..364.986 rows=797049 loops=1)
                                                   Recheck Cond: (info_type_id = 3)
                                                   Filter: ((info)::text = ANY ('{Documentary,Drama,Music,Short}'::text[]))
                                                   Rows Removed by Filter: 736860
                                                   Heap Blocks: exact=9772
                                                   Buffers: shared hit=1 read=10974
                                                   ->  Bitmap Index Scan on info_type_id_movie_info  (cost=0.00..16448.47 rows=1538671 width=0) (actual time=41.614..41.614 rows=1533909 loops=1)
                                                         Index Cond: (info_type_id = 3)
                                                         Buffers: shared read=1203
                                             ->  Hash  (cost=76617.93..76617.93 rows=233984 width=4) (actual time=396.125..396.127 rows=33701 loops=1)
                                                   Buckets: 262144  Batches: 2  Memory Usage: 2644kB
                                                   Buffers: shared hit=1 read=36391, temp written=49
                                                   ->  Hash Join  (cost=1.13..76617.93 rows=233984 width=4) (actual time=0.065..389.380 rows=33701 loops=1)
                                                         Hash Cond: (t.kind_id = kt.id)
                                                         Buffers: shared hit=1 read=36391
                                                         ->  Seq Scan on title t  (cost=0.00..74315.95 rows=545963 width=8) (actual time=0.025..356.178 rows=538239 loops=1)
                                                               Filter: ((production_year <= 1990) AND (1950 < production_year))
                                                               Rows Removed by Filter: 1990073
                                                               Buffers: shared read=36391
                                                         ->  Hash  (cost=1.10..1.10 rows=3 width=4) (actual time=0.014..0.015 rows=3 loops=1)
                                                               Buckets: 1024  Batches: 1  Memory Usage: 9kB
                                                               Buffers: shared hit=1
                                                               ->  Seq Scan on kind_type kt  (cost=0.00..1.10 rows=3 width=4) (actual time=0.008..0.009 rows=3 loops=1)
                                                                     Filter: ((kind)::text = ANY ('{"tv series","video game","video movie"}'::text[]))
                                                                     Rows Removed by Filter: 4
                                                                     Buffers: shared hit=1
                           ->  Index Scan using name_pkey on name n  (cost=0.43..2.32 rows=1 width=4) (actual time=0.013..0.013 rows=0 loops=9657)
                                 Index Cond: (id = ci.person_id)
                                 Filter: ((gender)::text = 'f'::text)
                                 Rows Removed by Filter: 1
                                 Buffers: shared hit=30330 read=8298
                     ->  Index Scan using movie_id_movie_info on movie_info mi2  (cost=0.43..42.06 rows=1 width=8) (actual time=0.047..0.058 rows=1 loops=647)
                           Index Cond: (movie_id = ci.movie_id)
                           Filter: (((info)::text = ANY ('{"Black and White",Color}'::text[])) AND (info_type_id = 2))
                           Rows Removed by Filter: 22
                           Buffers: shared hit=4364 read=3271
 Planning:
   Buffers: shared hit=479 read=95
 Planning Time: 13.585 ms
 Execution Time: 1915.278 ms
(77 rows)

