                                                                                               QUERY PLAN                                                                                                
---------------------------------------------------------------------------------------------------------------------------------------------------------------------------------------------------------
 Aggregate  (cost=435223.51..435223.52 rows=1 width=8) (actual time=1307.035..1307.041 rows=1 loops=1)
   Buffers: shared hit=7336 read=54258
   ->  Nested Loop  (cost=74992.35..435223.49 rows=6 width=0) (actual time=501.370..1307.026 rows=14 loops=1)
         Buffers: shared hit=7336 read=54258
         ->  Seq Scan on info_type it2  (cost=0.00..2.41 rows=1 width=4) (actual time=0.050..0.056 rows=1 loops=1)
               Filter: (id = 2)
               Rows Removed by Filter: 112
               Buffers: shared hit=1
         ->  Nested Loop  (cost=74992.35..435221.02 rows=6 width=4) (actual time=501.318..1306.963 rows=14 loops=1)
               Buffers: shared hit=7335 read=54258
               ->  Seq Scan on info_type it1  (cost=0.00..2.41 rows=1 width=4) (actual time=0.012..0.018 rows=1 loops=1)
                     Filter: (id = 3)
                     Rows Removed by Filter: 112
                     Buffers: shared hit=1
               ->  Nested Loop  (cost=74992.35..435218.55 rows=6 width=8) (actual time=501.305..1306.939 rows=14 loops=1)
                     Join Filter: (t.id = mi2.movie_id)
                     Buffers: shared hit=7334 read=54258
                     ->  Nested Loop  (cost=74991.92..430169.48 rows=120 width=16) (actual time=501.279..1306.528 rows=16 loops=1)
                           Join Filter: (t.id = mi1.movie_id)
                           Buffers: shared hit=7165 read=54257
                           ->  Nested Loop  (cost=74991.48..249808.23 rows=4271 width=8) (actual time=501.182..1304.965 rows=25 loops=1)
                                 Buffers: shared hit=7013 read=54146
                                 ->  Hash Join  (cost=74991.05..207154.58 rows=18389 width=12) (actual time=373.176..1292.825 rows=712 loops=1)
                                       Hash Cond: (t.kind_id = kt.id)
                                       Buffers: shared hit=5070 read=53241
                                       ->  Hash Join  (cost=74989.94..206882.22 rows=64364 width=16) (actual time=372.164..1288.248 rows=80914 loops=1)
                                             Hash Cond: (ci.movie_id = t.id)
                                             Buffers: shared hit=5069 read=53241
                                             ->  Nested Loop  (cost=0.44..123965.00 rows=3020080 width=8) (actual time=0.100..662.196 rows=2728943 loops=1)
                                                   Buffers: shared hit=5069 read=16850
                                                   ->  Seq Scan on role_type rt  (cost=0.00..1.15 rows=1 width=4) (actual time=0.008..0.011 rows=1 loops=1)
                                                         Filter: ((role)::text = 'writer'::text)
                                                         Rows Removed by Filter: 11
                                                         Buffers: shared hit=1
                                                   ->  Index Scan using role_id_cast_info on cast_info ci  (cost=0.44..91017.52 rows=3294633 width=12) (actual time=0.089..448.729 rows=2728943 loops=1)
                                                         Index Cond: (role_id = rt.id)
                                                         Buffers: shared hit=5068 read=16850
                                             ->  Hash  (cost=74315.95..74315.95 rows=53884 width=8) (actual time=371.545..371.546 rows=51669 loops=1)
                                                   Buckets: 65536  Batches: 1  Memory Usage: 2531kB
                                                   Buffers: shared read=36391
                                                   ->  Seq Scan on title t  (cost=0.00..74315.95 rows=53884 width=8) (actual time=0.661..361.295 rows=51669 loops=1)
                                                         Filter: ((production_year <= 1949) AND (1928 < production_year))
                                                         Rows Removed by Filter: 2476643
                                                         Buffers: shared read=36391
                                       ->  Hash  (cost=1.09..1.09 rows=2 width=4) (actual time=0.018..0.019 rows=2 loops=1)
                                             Buckets: 1024  Batches: 1  Memory Usage: 9kB
                                             Buffers: shared hit=1
                                             ->  Seq Scan on kind_type kt  (cost=0.00..1.09 rows=2 width=4) (actual time=0.010..0.012 rows=2 loops=1)
                                                   Filter: ((kind)::text = ANY ('{"tv movie","tv series"}'::text[]))
                                                   Rows Removed by Filter: 5
                                                   Buffers: shared hit=1
                                 ->  Index Scan using name_pkey on name n  (cost=0.43..2.32 rows=1 width=4) (actual time=0.017..0.017 rows=0 loops=712)
                                       Index Cond: (id = ci.person_id)
                                       Filter: ((gender)::text = 'f'::text)
                                       Rows Removed by Filter: 1
                                       Buffers: shared hit=1943 read=905
                           ->  Index Scan using movie_id_movie_info on movie_info mi1  (cost=0.43..42.22 rows=1 width=8) (actual time=0.061..0.061 rows=1 loops=25)
                                 Index Cond: (movie_id = ci.movie_id)
                                 Filter: ((info_type_id = 3) AND ((info)::text = ANY ('{Animation,Drama,Musical,Romance,Short}'::text[])))
                                 Rows Removed by Filter: 10
                                 Buffers: shared hit=152 read=111
                     ->  Index Scan using movie_id_movie_info on movie_info mi2  (cost=0.43..42.06 rows=1 width=8) (actual time=0.020..0.024 rows=1 loops=16)
                           Index Cond: (movie_id = ci.movie_id)
                           Filter: (((info)::text = ANY ('{"Black and White",Color}'::text[])) AND (info_type_id = 2))
                           Rows Removed by Filter: 8
                           Buffers: shared hit=169 read=1
 Planning:
   Buffers: shared hit=482 read=92
 Planning Time: 14.214 ms
 Execution Time: 1307.523 ms
(70 rows)

