                                                                                            QUERY PLAN                                                                                            
--------------------------------------------------------------------------------------------------------------------------------------------------------------------------------------------------
 Aggregate  (cost=830669.77..830669.78 rows=1 width=8) (actual time=1092.131..1092.138 rows=1 loops=1)
   Buffers: shared hit=23886 read=45306, temp read=1481 written=1481
   ->  Nested Loop  (cost=477708.36..830669.26 rows=206 width=0) (actual time=869.494..1092.095 rows=223 loops=1)
         Buffers: shared hit=23886 read=45306, temp read=1481 written=1481
         ->  Seq Scan on info_type it2  (cost=0.00..2.41 rows=1 width=4) (actual time=0.040..0.045 rows=1 loops=1)
               Filter: (id = 2)
               Rows Removed by Filter: 112
               Buffers: shared hit=1
         ->  Nested Loop  (cost=477708.36..830664.79 rows=206 width=4) (actual time=869.452..1092.020 rows=223 loops=1)
               Buffers: shared hit=23885 read=45306, temp read=1481 written=1481
               ->  Seq Scan on info_type it1  (cost=0.00..2.41 rows=1 width=4) (actual time=0.010..0.015 rows=1 loops=1)
                     Filter: (id = 3)
                     Rows Removed by Filter: 112
                     Buffers: shared hit=1
               ->  Nested Loop  (cost=477708.36..830660.31 rows=206 width=8) (actual time=869.441..1091.970 rows=223 loops=1)
                     Join Filter: (t.id = mi2.movie_id)
                     Buffers: shared hit=23884 read=45306, temp read=1481 written=1481
                     ->  Nested Loop  (cost=477707.93..638375.14 rows=4570 width=16) (actual time=869.401..1072.598 rows=222 loops=1)
                           Buffers: shared hit=22195 read=44305, temp read=1481 written=1481
                           ->  Hash Join  (cost=477707.50..613106.30 rows=10894 width=20) (actual time=868.779..965.400 rows=4334 loops=1)
                                 Hash Cond: (ci.movie_id = t.id)
                                 Buffers: shared hit=5853 read=43311, temp read=1481 written=1481
                                 ->  Nested Loop  (cost=0.44..123965.00 rows=3020080 width=8) (actual time=0.086..68.196 rows=276403 loops=1)
                                       Buffers: shared hit=737 read=1060
                                       ->  Seq Scan on role_type rt  (cost=0.00..1.15 rows=1 width=4) (actual time=0.007..0.010 rows=1 loops=1)
                                             Filter: ((role)::text = 'costume designer'::text)
                                             Rows Removed by Filter: 11
                                             Buffers: shared hit=1
                                       ->  Index Scan using role_id_cast_info on cast_info ci  (cost=0.44..91017.52 rows=3294633 width=12) (actual time=0.076..45.048 rows=276403 loops=1)
                                             Index Cond: (role_id = rt.id)
                                             Buffers: shared hit=736 read=1060
                                 ->  Hash  (cost=477593.06..477593.06 rows=9120 width=12) (actual time=868.515..868.520 rows=43769 loops=1)
                                       Buckets: 65536 (originally 16384)  Batches: 1 (originally 1)  Memory Usage: 2393kB
                                       Buffers: shared hit=5116 read=42251, temp read=1481 written=1481
                                       ->  Hash Join  (cost=101881.82..477593.06 rows=9120 width=12) (actual time=503.912..860.943 rows=43769 loops=1)
                                             Hash Cond: (mi1.movie_id = t.id)
                                             Buffers: shared hit=5116 read=42251, temp read=1481 written=1481
                                             ->  Bitmap Heap Scan on movie_info mi1  (cost=16462.12..389798.80 rows=54496 width=8) (actual time=41.998..291.170 rows=511577 loops=1)
                                                   Recheck Cond: (info_type_id = 3)
                                                   Filter: ((info)::text = ANY ('{Animation,Comedy,Documentary,Game-Show,Horror,Musical,Talk-Show,Thriller,War,Western}'::text[]))
                                                   Rows Removed by Filter: 1022332
                                                   Heap Blocks: exact=9772
                                                   Buffers: shared hit=5115 read=5860
                                                   ->  Bitmap Index Scan on info_type_id_movie_info  (cost=0.00..16448.47 rows=1538671 width=0) (actual time=40.799..40.799 rows=1533909 loops=1)
                                                         Index Cond: (info_type_id = 3)
                                                         Buffers: shared read=1203
                                             ->  Hash  (cost=78477.74..78477.74 rows=423117 width=4) (actual time=460.864..460.866 rows=75964 loops=1)
                                                   Buckets: 262144  Batches: 4  Memory Usage: 2707kB
                                                   Buffers: shared hit=1 read=36391, temp written=166
                                                   ->  Hash Join  (cost=1.13..78477.74 rows=423117 width=4) (actual time=0.050..448.130 rows=75964 loops=1)
                                                         Hash Cond: (t.kind_id = kt.id)
                                                         Buffers: shared hit=1 read=36391
                                                         ->  Seq Scan on title t  (cost=0.00..74315.95 rows=987274 width=8) (actual time=0.025..388.326 rows=989787 loops=1)
                                                               Filter: ((production_year <= 2010) AND (2000 < production_year))
                                                               Rows Removed by Filter: 1538525
                                                               Buffers: shared read=36391
                                                         ->  Hash  (cost=1.10..1.10 rows=3 width=4) (actual time=0.016..0.016 rows=3 loops=1)
                                                               Buckets: 1024  Batches: 1  Memory Usage: 9kB
                                                               Buffers: shared hit=1
                                                               ->  Seq Scan on kind_type kt  (cost=0.00..1.10 rows=3 width=4) (actual time=0.008..0.009 rows=3 loops=1)
                                                                     Filter: ((kind)::text = ANY ('{"tv movie","tv series","video game"}'::text[]))
                                                                     Rows Removed by Filter: 4
                                                                     Buffers: shared hit=1
                           ->  Index Scan using name_pkey on name n  (cost=0.43..2.32 rows=1 width=4) (actual time=0.025..0.025 rows=0 loops=4334)
                                 Index Cond: (id = ci.person_id)
                                 Filter: ((gender)::text = 'm'::text)
                                 Rows Removed by Filter: 1
                                 Buffers: shared hit=16342 read=994
                     ->  Index Scan using movie_id_movie_info on movie_info mi2  (cost=0.43..42.06 rows=1 width=8) (actual time=0.073..0.087 rows=1 loops=222)
                           Index Cond: (movie_id = ci.movie_id)
                           Filter: (((info)::text = ANY ('{"Black and White",Color}'::text[])) AND (info_type_id = 2))
                           Rows Removed by Filter: 16
                           Buffers: shared hit=1689 read=1001
 Planning:
   Buffers: shared hit=521 read=56
 Planning Time: 13.091 ms
 Execution Time: 1092.616 ms
(77 rows)

