                                                                                            QUERY PLAN                                                                                            
--------------------------------------------------------------------------------------------------------------------------------------------------------------------------------------------------
 Aggregate  (cost=532839.80..532839.81 rows=1 width=8) (actual time=9595.884..9595.891 rows=1 loops=1)
   Buffers: shared hit=775451 read=202216, temp read=894 written=894
   ->  Nested Loop  (cost=93526.56..532839.75 rows=18 width=0) (actual time=500.264..9594.844 rows=2891 loops=1)
         Buffers: shared hit=775451 read=202216, temp read=894 written=894
         ->  Seq Scan on info_type it2  (cost=0.00..2.41 rows=1 width=4) (actual time=0.041..0.048 rows=1 loops=1)
               Filter: (id = 2)
               Rows Removed by Filter: 112
               Buffers: shared hit=1
         ->  Nested Loop  (cost=93526.56..532837.16 rows=18 width=4) (actual time=500.222..9594.063 rows=2891 loops=1)
               Buffers: shared hit=775450 read=202216, temp read=894 written=894
               ->  Seq Scan on info_type it1  (cost=0.00..2.41 rows=1 width=4) (actual time=0.007..0.017 rows=1 loops=1)
                     Filter: (id = 3)
                     Rows Removed by Filter: 112
                     Buffers: shared hit=1
               ->  Nested Loop  (cost=93526.56..532834.57 rows=18 width=8) (actual time=500.211..9593.347 rows=2891 loops=1)
                     Buffers: shared hit=775449 read=202216, temp read=894 written=894
                     ->  Hash Join  (cost=93526.13..532734.83 rows=43 width=12) (actual time=499.565..9089.833 rows=15309 loops=1)
                           Hash Cond: (ci.role_id = rt.id)
                           Buffers: shared hit=718164 read=198265, temp read=894 written=894
                           ->  Nested Loop  (cost=93524.97..532731.83 rows=516 width=16) (actual time=498.120..9008.457 rows=546793 loops=1)
                                 Buffers: shared hit=718163 read=198265, temp read=894 written=894
                                 ->  Nested Loop  (cost=93524.53..531116.17 rows=36 width=20) (actual time=498.092..3779.900 rows=19705 loops=1)
                                       Buffers: shared hit=206108 read=114056, temp read=894 written=894
                                       ->  Hash Join  (cost=93524.10..497161.81 rows=789 width=12) (actual time=497.393..1170.739 rows=19834 loops=1)
                                             Hash Cond: (mi1.movie_id = t.id)
                                             Buffers: shared hit=2069 read=45298, temp read=894 written=894
                                             ->  Bitmap Heap Scan on movie_info mi1  (cost=16453.40..420009.18 rows=19746 width=8) (actual time=42.023..597.771 rows=179483 loops=1)
                                                   Recheck Cond: (info_type_id = 3)
                                                   Filter: ((info)::text = ANY ('{Adult,Music,Mystery,Thriller,War,Western}'::text[]))
                                                   Rows Removed by Filter: 1354426
                                                   Heap Blocks: exact=9772
                                                   Buffers: shared hit=2068 read=8907
                                                   ->  Bitmap Index Scan on info_type_id_movie_info  (cost=0.00..16448.47 rows=1538671 width=0) (actual time=40.812..40.813 rows=1533909 loops=1)
                                                         Index Cond: (info_type_id = 3)
                                                         Buffers: shared read=1203
                                             ->  Hash  (cost=75807.56..75807.56 rows=101051 width=4) (actual time=453.536..453.539 rows=318145 loops=1)
                                                   Buckets: 262144 (originally 131072)  Batches: 2 (originally 1)  Memory Usage: 7652kB
                                                   Buffers: shared hit=1 read=36391, temp written=465
                                                   ->  Hash Join  (cost=1.11..75807.56 rows=101051 width=4) (actual time=0.045..397.935 rows=318145 loops=1)
                                                         Hash Cond: (t.kind_id = kt.id)
                                                         Buffers: shared hit=1 read=36391
                                                         ->  Seq Scan on title t  (cost=0.00..74315.95 rows=353677 width=8) (actual time=0.026..357.517 rows=347589 loops=1)
                                                               Filter: ((production_year <= 1975) AND (1925 < production_year))
                                                               Rows Removed by Filter: 2180723
                                                               Buffers: shared read=36391
                                                         ->  Hash  (cost=1.09..1.09 rows=2 width=4) (actual time=0.012..0.013 rows=2 loops=1)
                                                               Buckets: 1024  Batches: 1  Memory Usage: 9kB
                                                               Buffers: shared hit=1
                                                               ->  Seq Scan on kind_type kt  (cost=0.00..1.09 rows=2 width=4) (actual time=0.007..0.009 rows=2 loops=1)
                                                                     Filter: ((kind)::text = ANY ('{episode,movie}'::text[]))
                                                                     Rows Removed by Filter: 5
                                                                     Buffers: shared hit=1
                                       ->  Index Scan using movie_id_movie_info on movie_info mi2  (cost=0.43..43.02 rows=1 width=8) (actual time=0.112..0.131 rows=1 loops=19834)
                                             Index Cond: (movie_id = t.id)
                                             Filter: (((info)::text = ANY ('{"Black and White",Color}'::text[])) AND (info_type_id = 2))
                                             Rows Removed by Filter: 23
                                             Buffers: shared hit=204039 read=68758
                                 ->  Index Scan using movie_id_cast_info on cast_info ci  (cost=0.44..44.50 rows=38 width=12) (actual time=0.034..0.258 rows=28 loops=19705)
                                       Index Cond: (movie_id = t.id)
                                       Buffers: shared hit=512055 read=84209
                           ->  Hash  (cost=1.15..1.15 rows=1 width=4) (actual time=0.014..0.015 rows=1 loops=1)
                                 Buckets: 1024  Batches: 1  Memory Usage: 9kB
                                 Buffers: shared hit=1
                                 ->  Seq Scan on role_type rt  (cost=0.00..1.15 rows=1 width=4) (actual time=0.009..0.010 rows=1 loops=1)
                                       Filter: ((role)::text = 'editor'::text)
                                       Rows Removed by Filter: 11
                                       Buffers: shared hit=1
                     ->  Index Scan using name_pkey on name n  (cost=0.43..2.32 rows=1 width=4) (actual time=0.032..0.032 rows=0 loops=15309)
                           Index Cond: (id = ci.person_id)
                           Filter: ((gender)::text = 'm'::text)
                           Rows Removed by Filter: 1
                           Buffers: shared hit=57285 read=3951
 Planning:
   Buffers: shared hit=529 read=45
 Planning Time: 12.810 ms
 Execution Time: 9596.437 ms
(76 rows)

