                                                                                                  QUERY PLAN                                                                                                  
--------------------------------------------------------------------------------------------------------------------------------------------------------------------------------------------------------------
 Aggregate  (cost=817404.27..817404.28 rows=1 width=8) (actual time=70998.067..70998.075 rows=1 loops=1)
   Buffers: shared hit=6162001 read=1039945, temp read=12793 written=12496
   ->  Nested Loop  (cost=758623.79..817403.77 rows=199 width=0) (actual time=1155.936..70990.593 rows=16762 loops=1)
         Buffers: shared hit=6162001 read=1039945, temp read=12793 written=12496
         ->  Seq Scan on info_type it2  (cost=0.00..2.41 rows=1 width=4) (actual time=0.039..0.049 rows=1 loops=1)
               Filter: (id = 2)
               Rows Removed by Filter: 112
               Buffers: shared hit=1
         ->  Nested Loop  (cost=758623.79..817399.37 rows=199 width=4) (actual time=1155.895..70985.533 rows=16762 loops=1)
               Buffers: shared hit=6162000 read=1039945, temp read=12793 written=12496
               ->  Seq Scan on info_type it1  (cost=0.00..2.41 rows=1 width=4) (actual time=0.010..0.022 rows=1 loops=1)
                     Filter: (id = 3)
                     Rows Removed by Filter: 112
                     Buffers: shared hit=1
               ->  Nested Loop  (cost=758623.79..817394.97 rows=199 width=8) (actual time=1155.884..70980.492 rows=16762 loops=1)
                     Buffers: shared hit=6161999 read=1039945, temp read=12793 written=12496
                     ->  Hash Join  (cost=758623.36..816295.51 rows=474 width=12) (actual time=1130.594..68676.500 rows=58711 loops=1)
                           Hash Cond: (ci.role_id = rt.id)
                           Buffers: shared hit=5962960 read=1004140, temp read=12793 written=12496
                           ->  Nested Loop  (cost=758622.20..816274.14 rows=5691 width=16) (actual time=1129.542..67743.542 rows=5031553 loops=1)
                                 Buffers: shared hit=5962959 read=1004140, temp read=12793 written=12496
                                 ->  Nested Loop  (cost=758621.76..798926.15 rows=397 width=20) (actual time=1129.511..14792.576 rows=181307 loops=1)
                                       Buffers: shared hit=1495004 read=58378, temp read=12793 written=12496
                                       ->  Nested Loop  (cost=758621.61..798891.34 rows=1390 width=24) (actual time=1128.857..14575.405 rows=269275 loops=1)
                                             Join Filter: (t.id = mi1.movie_id)
                                             Buffers: shared hit=1494992 read=58378, temp read=12793 written=12496
                                             ->  Merge Join  (cost=758621.18..759515.76 rows=12903 width=16) (actual time=1128.787..1811.523 rows=381213 loops=1)
                                                   Merge Cond: (mi1.movie_id = mi2.movie_id)
                                                   Buffers: shared hit=8431 read=20087, temp read=12793 written=12496
                                                   ->  Sort  (cost=392752.33..392849.34 rows=38802 width=8) (actual time=377.933..452.737 rows=381200 loops=1)
                                                         Sort Key: mi1.movie_id
                                                         Sort Method: external sort  Disk: 8240kB
                                                         Buffers: shared hit=4209 read=6766, temp read=2056 written=2061
                                                         ->  Bitmap Heap Scan on movie_info mi1  (cost=16458.19..389794.88 rows=38802 width=8) (actual time=41.492..280.816 rows=381200 loops=1)
                                                               Recheck Cond: (info_type_id = 3)
                                                               Filter: ((info)::text = ANY ('{Action,Comedy,Game-Show,History,Horror,Mystery,News,Romance,War,Western}'::text[]))
                                                               Rows Removed by Filter: 1152709
                                                               Heap Blocks: exact=9772
                                                               Buffers: shared hit=4209 read=6766
                                                               ->  Bitmap Index Scan on info_type_id_movie_info  (cost=0.00..16448.47 rows=1538671 width=0) (actual time=40.280..40.281 rows=1533909 loops=1)
                                                                     Index Cond: (info_type_id = 3)
                                                                     Buffers: shared read=1203
                                                   ->  Sort  (cost=365868.85..366154.62 rows=114308 width=8) (actual time=750.843..984.723 rows=1346546 loops=1)
                                                         Sort Key: mi2.movie_id
                                                         Sort Method: external sort  Disk: 27832kB
                                                         Buffers: shared hit=4222 read=13321, temp read=10577 written=10435
                                                         ->  Bitmap Heap Scan on movie_info mi2  (cost=13885.07..356265.51 rows=114308 width=8) (actual time=31.990..360.197 rows=1288928 loops=1)
                                                               Recheck Cond: (info_type_id = 2)
                                                               Filter: ((info)::text = ANY ('{"Black and White",Color}'::text[]))
                                                               Heap Blocks: exact=16526
                                                               Buffers: shared hit=4222 read=13321
                                                               ->  Bitmap Index Scan on info_type_id_movie_info  (cost=0.00..13856.49 rows=1296008 width=0) (actual time=29.825..29.826 rows=1288928 loops=1)
                                                                     Index Cond: (info_type_id = 2)
                                                                     Buffers: shared hit=1 read=1016
                                             ->  Index Scan using title_pkey on title t  (cost=0.43..3.04 rows=1 width=8) (actual time=0.033..0.033 rows=1 loops=381213)
                                                   Index Cond: (id = mi2.movie_id)
                                                   Filter: ((production_year <= 2015) AND (1975 < production_year))
                                                   Rows Removed by Filter: 0
                                                   Buffers: shared hit=1486561 read=38291
                                       ->  Memoize  (cost=0.14..0.16 rows=1 width=4) (actual time=0.000..0.000 rows=1 loops=269275)
                                             Cache Key: t.kind_id
                                             Cache Mode: logical
                                             Hits: 269269  Misses: 6  Evictions: 0  Overflows: 0  Memory Usage: 1kB
                                             Buffers: shared hit=12
                                             ->  Index Scan using kind_type_pkey on kind_type kt  (cost=0.13..0.15 rows=1 width=4) (actual time=0.011..0.011 rows=0 loops=6)
                                                   Index Cond: (id = t.kind_id)
                                                   Filter: ((kind)::text = ANY ('{episode,movie}'::text[]))
                                                   Rows Removed by Filter: 1
                                                   Buffers: shared hit=12
                                 ->  Index Scan using movie_id_cast_info on cast_info ci  (cost=0.44..43.32 rows=38 width=12) (actual time=0.035..0.284 rows=28 loops=181307)
                                       Index Cond: (movie_id = t.id)
                                       Buffers: shared hit=4467955 read=945762
                           ->  Hash  (cost=1.15..1.15 rows=1 width=4) (actual time=0.016..0.016 rows=1 loops=1)
                                 Buckets: 1024  Batches: 1  Memory Usage: 9kB
                                 Buffers: shared hit=1
                                 ->  Seq Scan on role_type rt  (cost=0.00..1.15 rows=1 width=4) (actual time=0.008..0.008 rows=1 loops=1)
                                       Filter: ((role)::text = 'production designer'::text)
                                       Rows Removed by Filter: 11
                                       Buffers: shared hit=1
                     ->  Index Scan using name_pkey on name n  (cost=0.43..2.32 rows=1 width=4) (actual time=0.038..0.038 rows=0 loops=58711)
                           Index Cond: (id = ci.person_id)
                           Filter: ((gender)::text = 'm'::text)
                           Rows Removed by Filter: 1
                           Buffers: shared hit=199039 read=35805
 Planning:
   Buffers: shared hit=484 read=93
 Planning Time: 13.182 ms
 Execution Time: 71009.182 ms
(88 rows)

