                                                                                                  QUERY PLAN                                                                                                  
--------------------------------------------------------------------------------------------------------------------------------------------------------------------------------------------------------------
 Aggregate  (cost=807089.91..807089.92 rows=1 width=8) (actual time=107190.560..107190.568 rows=1 loops=1)
   Buffers: shared hit=9446660 read=1639644, temp read=11967 written=11772
   ->  Nested Loop  (cost=757536.89..807088.76 rows=463 width=0) (actual time=1114.429..107137.589 rows=285596 loops=1)
         Buffers: shared hit=9446660 read=1639644, temp read=11967 written=11772
         ->  Seq Scan on info_type it2  (cost=0.00..2.41 rows=1 width=4) (actual time=0.054..0.063 rows=1 loops=1)
               Filter: (id = 2)
               Rows Removed by Filter: 112
               Buffers: shared hit=1
         ->  Nested Loop  (cost=757536.89..807081.71 rows=463 width=4) (actual time=1114.374..107075.849 rows=285596 loops=1)
               Buffers: shared hit=9446659 read=1639644, temp read=11967 written=11772
               ->  Seq Scan on info_type it1  (cost=0.00..2.41 rows=1 width=4) (actual time=0.010..0.021 rows=1 loops=1)
                     Filter: (id = 3)
                     Rows Removed by Filter: 112
                     Buffers: shared hit=1
               ->  Nested Loop  (cost=757536.89..807074.67 rows=463 width=8) (actual time=1114.363..107012.284 rows=285596 loops=1)
                     Buffers: shared hit=9446658 read=1639644, temp read=11967 written=11772
                     ->  Hash Join  (cost=757536.46..804513.92 rows=1104 width=12) (actual time=1114.309..68130.080 rows=1083133 loops=1)
                           Hash Cond: (ci.role_id = rt.id)
                           Buffers: shared hit=5396975 read=1356795, temp read=11967 written=11772
                           ->  Nested Loop  (cost=757535.29..804489.22 rows=6622 width=16) (actual time=1090.225..66906.399 rows=5325542 loops=1)
                                 Buffers: shared hit=5396974 read=1356795, temp read=11967 written=11772
                                 ->  Nested Loop  (cost=757534.85..784318.45 rows=462 width=20) (actual time=1090.197..10266.101 rows=188811 loops=1)
                                       Buffers: shared hit=964506 read=54088, temp read=11967 written=11772
                                       ->  Nested Loop  (cost=757534.70..784291.57 rows=1079 width=24) (actual time=1089.860..10063.088 rows=237304 loops=1)
                                             Join Filter: (t.id = mi1.movie_id)
                                             Buffers: shared hit=964494 read=54088, temp read=11967 written=11772
                                             ->  Merge Join  (cost=757534.27..758318.89 rows=8511 width=16) (actual time=1089.795..1681.288 rows=247516 loops=1)
                                                   Merge Cond: (mi1.movie_id = mi2.movie_id)
                                                   Buffers: shared hit=7070 read=21448, temp read=11967 written=11772
                                                   ->  Sort  (cost=391665.42..391729.41 rows=25593 width=8) (actual time=337.069..386.129 rows=247143 loops=1)
                                                         Sort Key: mi1.movie_id
                                                         Sort Method: external sort  Disk: 5344kB
                                                         Buffers: shared hit=3647 read=7328, temp read=1334 written=1337
                                                         ->  Bitmap Heap Scan on movie_info mi1  (cost=16454.89..389791.57 rows=25593 width=8) (actual time=42.141..273.147 rows=247143 loops=1)
                                                               Recheck Cond: (info_type_id = 3)
                                                               Filter: ((info)::text = ANY ('{Action,Biography,Crime,Fantasy,History,Musical,Mystery,Romance,Sport,War}'::text[]))
                                                               Rows Removed by Filter: 1286766
                                                               Heap Blocks: exact=9772
                                                               Buffers: shared hit=3647 read=7328
                                                               ->  Bitmap Index Scan on info_type_id_movie_info  (cost=0.00..16448.47 rows=1538671 width=0) (actual time=40.940..40.940 rows=1533909 loops=1)
                                                                     Index Cond: (info_type_id = 3)
                                                                     Buffers: shared read=1203
                                                   ->  Sort  (cost=365868.85..366154.62 rows=114308 width=8) (actual time=752.715..983.096 rows=1333732 loops=1)
                                                         Sort Key: mi2.movie_id
                                                         Sort Method: external sort  Disk: 27832kB
                                                         Buffers: shared hit=3423 read=14120, temp read=10525 written=10435
                                                         ->  Bitmap Heap Scan on movie_info mi2  (cost=13885.07..356265.51 rows=114308 width=8) (actual time=32.140..360.418 rows=1288928 loops=1)
                                                               Recheck Cond: (info_type_id = 2)
                                                               Filter: ((info)::text = ANY ('{"Black and White",Color}'::text[]))
                                                               Heap Blocks: exact=16526
                                                               Buffers: shared hit=3423 read=14120
                                                               ->  Bitmap Index Scan on info_type_id_movie_info  (cost=0.00..13856.49 rows=1296008 width=0) (actual time=29.978..29.979 rows=1288928 loops=1)
                                                                     Index Cond: (info_type_id = 2)
                                                                     Buffers: shared hit=1 read=1016
                                             ->  Index Scan using title_pkey on title t  (cost=0.43..3.04 rows=1 width=8) (actual time=0.033..0.033 rows=1 loops=247516)
                                                   Index Cond: (id = mi2.movie_id)
                                                   Filter: ((production_year <= 2015) AND (1925 < production_year))
                                                   Rows Removed by Filter: 0
                                                   Buffers: shared hit=957424 read=32640
                                       ->  Memoize  (cost=0.14..0.16 rows=1 width=4) (actual time=0.000..0.000 rows=1 loops=237304)
                                             Cache Key: t.kind_id
                                             Cache Mode: logical
                                             Hits: 237298  Misses: 6  Evictions: 0  Overflows: 0  Memory Usage: 1kB
                                             Buffers: shared hit=12
                                             ->  Index Scan using kind_type_pkey on kind_type kt  (cost=0.13..0.15 rows=1 width=4) (actual time=0.010..0.010 rows=0 loops=6)
                                                   Index Cond: (id = t.kind_id)
                                                   Filter: ((kind)::text = ANY ('{episode,movie,"video movie"}'::text[]))
                                                   Rows Removed by Filter: 0
                                                   Buffers: shared hit=12
                                 ->  Index Scan using movie_id_cast_info on cast_info ci  (cost=0.44..43.28 rows=38 width=12) (actual time=0.034..0.292 rows=28 loops=188811)
                                       Index Cond: (movie_id = t.id)
                                       Buffers: shared hit=4432468 read=1302707
                           ->  Hash  (cost=1.15..1.15 rows=2 width=4) (actual time=0.020..0.021 rows=2 loops=1)
                                 Buckets: 1024  Batches: 1  Memory Usage: 9kB
                                 Buffers: shared hit=1
                                 ->  Seq Scan on role_type rt  (cost=0.00..1.15 rows=2 width=4) (actual time=0.011..0.013 rows=2 loops=1)
                                       Filter: ((role)::text = ANY ('{"miscellaneous crew",writer}'::text[]))
                                       Rows Removed by Filter: 10
                                       Buffers: shared hit=1
                     ->  Index Scan using name_pkey on name n  (cost=0.43..2.32 rows=1 width=4) (actual time=0.035..0.035 rows=0 loops=1083133)
                           Index Cond: (id = ci.person_id)
                           Filter: ((gender)::text = 'm'::text)
                           Rows Removed by Filter: 1
                           Buffers: shared hit=4049683 read=282849
 Planning:
   Buffers: shared hit=484 read=93
 Planning Time: 13.712 ms
 Execution Time: 107200.404 ms
(88 rows)

