                                                                                            QUERY PLAN                                                                                            
--------------------------------------------------------------------------------------------------------------------------------------------------------------------------------------------------
 Aggregate  (cost=508730.98..508730.99 rows=1 width=8) (actual time=15994.741..15994.750 rows=1 loops=1)
   Buffers: shared hit=1386842 read=269194
   ->  Nested Loop  (cost=93527.44..508730.95 rows=12 width=0) (actual time=506.239..15994.386 rows=682 loops=1)
         Buffers: shared hit=1386842 read=269194
         ->  Seq Scan on info_type it2  (cost=0.00..2.41 rows=1 width=4) (actual time=0.041..0.051 rows=1 loops=1)
               Filter: (id = 2)
               Rows Removed by Filter: 112
               Buffers: shared hit=1
         ->  Nested Loop  (cost=93527.44..508728.42 rows=12 width=4) (actual time=506.197..15994.141 rows=682 loops=1)
               Buffers: shared hit=1386841 read=269194
               ->  Seq Scan on info_type it1  (cost=0.00..2.41 rows=1 width=4) (actual time=0.008..0.019 rows=1 loops=1)
                     Filter: (id = 3)
                     Rows Removed by Filter: 112
                     Buffers: shared hit=1
               ->  Nested Loop  (cost=93527.44..508725.88 rows=12 width=8) (actual time=506.186..15993.910 rows=682 loops=1)
                     Buffers: shared hit=1386840 read=269194
                     ->  Hash Join  (cost=93527.01..508609.91 rows=50 width=12) (actual time=477.628..15065.083 rows=25485 loops=1)
                           Hash Cond: (ci.role_id = rt.id)
                           Buffers: shared hit=1289365 read=264729
                           ->  Nested Loop  (cost=93525.84..508606.61 rows=602 width=16) (actual time=477.401..14938.630 rows=958037 loops=1)
                                 Buffers: shared hit=1289364 read=264729
                                 ->  Nested Loop  (cost=93525.40..506721.67 rows=42 width=20) (actual time=477.364..5321.826 rows=34153 loops=1)
                                       Buffers: shared hit=385316 read=127172
                                       ->  Hash Join  (cost=93524.97..466957.63 rows=924 width=12) (actual time=477.278..931.131 rows=34371 loops=1)
                                             Hash Cond: (mi1.movie_id = t.id)
                                             Buffers: shared hit=1804 read=45563
                                             ->  Bitmap Heap Scan on movie_info mi1  (cost=16454.28..389790.96 rows=23131 width=8) (actual time=41.522..442.669 rows=224295 loops=1)
                                                   Recheck Cond: (info_type_id = 3)
                                                   Filter: ((info)::text = ANY ('{Fantasy,History,Horror,Music,Musical,Mystery,Sci-Fi,Thriller,War,Western}'::text[]))
                                                   Rows Removed by Filter: 1309614
                                                   Heap Blocks: exact=9772
                                                   Buffers: shared hit=73 read=10902
                                                   ->  Bitmap Index Scan on info_type_id_movie_info  (cost=0.00..16448.47 rows=1538671 width=0) (actual time=40.332..40.333 rows=1533909 loops=1)
                                                         Index Cond: (info_type_id = 3)
                                                         Buffers: shared read=1203
                                             ->  Hash  (cost=75807.56..75807.56 rows=101051 width=4) (actual time=415.154..415.157 rows=166205 loops=1)
                                                   Buckets: 262144 (originally 131072)  Batches: 1 (originally 1)  Memory Usage: 7892kB
                                                   Buffers: shared hit=1731 read=34661
                                                   ->  Hash Join  (cost=1.11..75807.56 rows=101051 width=4) (actual time=42.490..386.150 rows=166205 loops=1)
                                                         Hash Cond: (t.kind_id = kt.id)
                                                         Buffers: shared hit=1731 read=34661
                                                         ->  Seq Scan on title t  (cost=0.00..74315.95 rows=353677 width=8) (actual time=0.019..356.175 rows=347589 loops=1)
                                                               Filter: ((production_year <= 1975) AND (1925 < production_year))
                                                               Rows Removed by Filter: 2180723
                                                               Buffers: shared hit=1730 read=34661
                                                         ->  Hash  (cost=1.09..1.09 rows=2 width=4) (actual time=0.013..0.014 rows=2 loops=1)
                                                               Buckets: 1024  Batches: 1  Memory Usage: 9kB
                                                               Buffers: shared hit=1
                                                               ->  Seq Scan on kind_type kt  (cost=0.00..1.09 rows=2 width=4) (actual time=0.007..0.008 rows=2 loops=1)
                                                                     Filter: ((kind)::text = ANY ('{movie,"tv movie"}'::text[]))
                                                                     Rows Removed by Filter: 5
                                                                     Buffers: shared hit=1
                                       ->  Index Scan using movie_id_movie_info on movie_info mi2  (cost=0.43..43.02 rows=1 width=8) (actual time=0.111..0.127 rows=1 loops=34371)
                                             Index Cond: (movie_id = t.id)
                                             Filter: (((info)::text = ANY ('{"Black and White",Color}'::text[])) AND (info_type_id = 2))
                                             Rows Removed by Filter: 23
                                             Buffers: shared hit=383512 read=81609
                                 ->  Index Scan using movie_id_cast_info on cast_info ci  (cost=0.44..44.50 rows=38 width=12) (actual time=0.034..0.276 rows=28 loops=34153)
                                       Index Cond: (movie_id = t.id)
                                       Buffers: shared hit=904048 read=137557
                           ->  Hash  (cost=1.15..1.15 rows=1 width=4) (actual time=0.014..0.014 rows=1 loops=1)
                                 Buckets: 1024  Batches: 1  Memory Usage: 9kB
                                 Buffers: shared hit=1
                                 ->  Seq Scan on role_type rt  (cost=0.00..1.15 rows=1 width=4) (actual time=0.008..0.009 rows=1 loops=1)
                                       Filter: ((role)::text = 'editor'::text)
                                       Rows Removed by Filter: 11
                                       Buffers: shared hit=1
                     ->  Index Scan using name_pkey on name n  (cost=0.43..2.32 rows=1 width=4) (actual time=0.036..0.036 rows=0 loops=25485)
                           Index Cond: (id = ci.person_id)
                           Filter: ((gender)::text = 'f'::text)
                           Rows Removed by Filter: 1
                           Buffers: shared hit=97475 read=4465
 Planning:
   Buffers: shared hit=488 read=89
 Planning Time: 13.163 ms
 Execution Time: 15995.512 ms
(76 rows)

