                                                                                                  QUERY PLAN                                                                                                  
--------------------------------------------------------------------------------------------------------------------------------------------------------------------------------------------------------------
 Aggregate  (cost=868539.98..868539.99 rows=1 width=8) (actual time=28021.219..28021.228 rows=1 loops=1)
   Buffers: shared hit=2469117 read=361986, temp read=7259 written=6793
   ->  Nested Loop  (cost=773727.06..868536.94 rows=1216 width=0) (actual time=1070.602..28016.085 rows=20793 loops=1)
         Buffers: shared hit=2469117 read=361986, temp read=7259 written=6793
         ->  Hash Join  (cost=773726.63..864208.71 rows=1866 width=4) (actual time=1070.570..26177.942 rows=49163 loops=1)
               Hash Cond: (ci.role_id = rt.id)
               Buffers: shared hit=2302142 read=332309, temp read=7259 written=6793
               ->  Nested Loop  (cost=773725.46..864167.77 rows=11195 width=8) (actual time=1070.141..26029.517 rows=813814 loops=1)
                     Buffers: shared hit=2302141 read=332309, temp read=7259 written=6793
                     ->  Nested Loop  (cost=773725.02..830039.87 rows=781 width=12) (actual time=1070.124..16650.109 rows=46743 loops=1)
                           Buffers: shared hit=1658131 read=58817, temp read=7259 written=6793
                           ->  Nested Loop  (cost=773725.02..830027.69 rows=781 width=16) (actual time=1070.115..16619.833 rows=46743 loops=1)
                                 Buffers: shared hit=1658130 read=58817, temp read=7259 written=6793
                                 ->  Nested Loop  (cost=773725.02..830015.51 rows=781 width=20) (actual time=1070.094..16589.955 rows=46743 loops=1)
                                       Buffers: shared hit=1658129 read=58817, temp read=7259 written=6793
                                       ->  Nested Loop  (cost=773724.88..829970.82 rows=1823 width=24) (actual time=1070.080..16324.237 rows=386494 loops=1)
                                             Join Filter: (t.id = mi1.movie_id)
                                             Buffers: shared hit=1658117 read=58817, temp read=7259 written=6793
                                             ->  Merge Join  (cost=773724.45..774666.02 rows=16924 width=16) (actual time=1070.033..1773.245 rows=422104 loops=1)
                                                   Merge Cond: (mi1.movie_id = mi2.movie_id)
                                                   Buffers: shared hit=5378 read=23140, temp read=7259 written=6793
                                                   ->  Sort  (cost=410114.62..410277.33 rows=65086 width=8) (actual time=505.643..643.754 rows=622686 loops=1)
                                                         Sort Key: mi1.movie_id
                                                         Sort Method: external merge  Disk: 11000kB
                                                         Buffers: shared hit=1792 read=9183, temp read=1375 written=1383
                                                         ->  Bitmap Heap Scan on movie_info mi1  (cost=16464.74..404910.97 rows=65086 width=8) (actual time=42.377..395.338 rows=622686 loops=1)
                                                               Recheck Cond: (info_type_id = 3)
                                                               Filter: ((info)::text = ANY ('{Animation,Comedy,History,Mystery,Short}'::text[]))
                                                               Rows Removed by Filter: 911223
                                                               Heap Blocks: exact=9772
                                                               Buffers: shared hit=1792 read=9183
                                                               ->  Bitmap Index Scan on info_type_id_movie_info  (cost=0.00..16448.47 rows=1538671 width=0) (actual time=41.181..41.181 rows=1533909 loops=1)
                                                                     Index Cond: (info_type_id = 3)
                                                                     Buffers: shared read=1203
                                                   ->  Sort  (cost=363609.83..363833.28 rows=89381 width=8) (actual time=564.381..750.832 rows=1088029 loops=1)
                                                         Sort Key: mi2.movie_id
                                                         Sort Method: external sort  Disk: 21624kB
                                                         Buffers: shared hit=3586 read=13957, temp read=5640 written=5410
                                                         ->  Bitmap Heap Scan on movie_info mi2  (cost=13878.84..356259.28 rows=89381 width=8) (actual time=33.678..321.292 rows=1000514 loops=1)
                                                               Recheck Cond: (info_type_id = 2)
                                                               Filter: ((info)::text = 'Color'::text)
                                                               Rows Removed by Filter: 288414
                                                               Heap Blocks: exact=16526
                                                               Buffers: shared hit=3586 read=13957
                                                               ->  Bitmap Index Scan on info_type_id_movie_info  (cost=0.00..13856.49 rows=1296008 width=0) (actual time=31.485..31.485 rows=1288928 loops=1)
                                                                     Index Cond: (info_type_id = 2)
                                                                     Buffers: shared hit=1 read=1016
                                             ->  Index Scan using title_pkey on title t  (cost=0.43..3.26 rows=1 width=8) (actual time=0.034..0.034 rows=1 loops=422104)
                                                   Index Cond: (id = mi2.movie_id)
                                                   Filter: ((production_year <= 2015) AND (1975 < production_year))
                                                   Rows Removed by Filter: 0
                                                   Buffers: shared hit=1652739 read=35677
                                       ->  Memoize  (cost=0.14..0.16 rows=1 width=4) (actual time=0.000..0.000 rows=0 loops=386494)
                                             Cache Key: t.kind_id
                                             Cache Mode: logical
                                             Hits: 386488  Misses: 6  Evictions: 0  Overflows: 0  Memory Usage: 1kB
                                             Buffers: shared hit=12
                                             ->  Index Scan using kind_type_pkey on kind_type kt  (cost=0.13..0.15 rows=1 width=4) (actual time=0.010..0.010 rows=0 loops=6)
                                                   Index Cond: (id = t.kind_id)
                                                   Filter: ((kind)::text = ANY ('{"tv movie","tv series","video game"}'::text[]))
                                                   Rows Removed by Filter: 0
                                                   Buffers: shared hit=12
                                 ->  Materialize  (cost=0.00..2.42 rows=1 width=4) (actual time=0.000..0.000 rows=1 loops=46743)
                                       Buffers: shared hit=1
                                       ->  Seq Scan on info_type it1  (cost=0.00..2.41 rows=1 width=4) (actual time=0.018..0.022 rows=1 loops=1)
                                             Filter: (id = 3)
                                             Rows Removed by Filter: 112
                                             Buffers: shared hit=1
                           ->  Materialize  (cost=0.00..2.42 rows=1 width=4) (actual time=0.000..0.000 rows=1 loops=46743)
                                 Buffers: shared hit=1
                                 ->  Seq Scan on info_type it2  (cost=0.00..2.41 rows=1 width=4) (actual time=0.008..0.013 rows=1 loops=1)
                                       Filter: (id = 2)
                                       Rows Removed by Filter: 112
                                       Buffers: shared hit=1
                     ->  Index Scan using movie_id_cast_info on cast_info ci  (cost=0.44..43.32 rows=38 width=12) (actual time=0.036..0.196 rows=17 loops=46743)
                           Index Cond: (movie_id = t.id)
                           Buffers: shared hit=644010 read=273492
               ->  Hash  (cost=1.15..1.15 rows=2 width=4) (actual time=0.039..0.039 rows=2 loops=1)
                     Buckets: 1024  Batches: 1  Memory Usage: 9kB
                     Buffers: shared hit=1
                     ->  Seq Scan on role_type rt  (cost=0.00..1.15 rows=2 width=4) (actual time=0.027..0.029 rows=2 loops=1)
                           Filter: ((role)::text = ANY ('{director,"production designer"}'::text[]))
                           Rows Removed by Filter: 10
                           Buffers: shared hit=1
         ->  Index Scan using name_pkey on name n  (cost=0.43..2.32 rows=1 width=4) (actual time=0.037..0.037 rows=0 loops=49163)
               Index Cond: (id = ci.person_id)
               Filter: ((gender)::text = ANY ('{f,m}'::text[]))
               Rows Removed by Filter: 1
               Buffers: shared hit=166975 read=29677
 Planning:
   Buffers: shared hit=481 read=93
 Planning Time: 13.890 ms
 Execution Time: 28034.059 ms
(93 rows)

