                                                                                               QUERY PLAN                                                                                               
--------------------------------------------------------------------------------------------------------------------------------------------------------------------------------------------------------
 Aggregate  (cost=879609.82..879609.83 rows=1 width=8) (actual time=15072.832..15072.843 rows=1 loops=1)
   Buffers: shared hit=1189981 read=313096, temp read=3475 written=3475
   ->  Nested Loop  (cost=461573.03..879608.64 rows=474 width=0) (actual time=1159.440..15071.775 rows=2182 loops=1)
         Buffers: shared hit=1189981 read=313096, temp read=3475 written=3475
         ->  Seq Scan on info_type it2  (cost=0.00..2.41 rows=1 width=4) (actual time=0.037..0.048 rows=1 loops=1)
               Filter: (id = 2)
               Rows Removed by Filter: 112
               Buffers: shared read=1
         ->  Nested Loop  (cost=461573.03..879601.48 rows=474 width=4) (actual time=1159.401..15071.151 rows=2182 loops=1)
               Buffers: shared hit=1189981 read=313095, temp read=3475 written=3475
               ->  Seq Scan on info_type it1  (cost=0.00..2.41 rows=1 width=4) (actual time=0.009..0.022 rows=1 loops=1)
                     Filter: (id = 3)
                     Rows Removed by Filter: 112
                     Buffers: shared hit=1
               ->  Nested Loop  (cost=461573.03..879594.33 rows=474 width=8) (actual time=1159.389..15070.470 rows=2182 loops=1)
                     Buffers: shared hit=1189980 read=313095, temp read=3475 written=3475
                     ->  Hash Join  (cost=461572.60..876975.59 rows=1129 width=12) (actual time=1159.354..14741.749 rows=9397 loops=1)
                           Hash Cond: (ci.role_id = rt.id)
                           Buffers: shared hit=1155616 read=309871, temp read=3475 written=3475
                           ->  Nested Loop  (cost=461571.44..876926.31 rows=13546 width=16) (actual time=1158.794..14555.798 rows=1262229 loops=1)
                                 Buffers: shared hit=1155615 read=309871, temp read=3475 written=3475
                                 ->  Hash Join  (cost=461571.00..835385.61 rows=945 width=20) (actual time=1158.739..1991.170 rows=66314 loops=1)
                                       Hash Cond: (mi1.movie_id = t.id)
                                       Buffers: shared hit=12702 read=52208, temp read=3475 written=3475
                                       ->  Bitmap Heap Scan on movie_info mi1  (cost=16479.73..389816.41 rows=124928 width=8) (actual time=42.597..579.087 rows=1204493 loops=1)
                                             Recheck Cond: (info_type_id = 3)
                                             Filter: ((info)::text = ANY ('{Adult,Adventure,Animation,Comedy,Documentary,Drama,Family,Fantasy,Horror,Mystery,Reality-TV,Short}'::text[]))
                                             Rows Removed by Filter: 329416
                                             Heap Blocks: exact=9772
                                             Buffers: shared read=10975
                                             ->  Bitmap Index Scan on info_type_id_movie_info  (cost=0.00..16448.47 rows=1538671 width=0) (actual time=41.414..41.415 rows=1533909 loops=1)
                                                   Index Cond: (info_type_id = 3)
                                                   Buffers: shared read=1203
                                       ->  Hash  (cost=444852.16..444852.16 rows=19129 width=12) (actual time=1116.023..1116.029 rows=75702 loops=1)
                                             Buckets: 131072 (originally 32768)  Batches: 1 (originally 1)  Memory Usage: 4277kB
                                             Buffers: shared hit=12702 read=41233, temp read=3475 written=3475
                                             ->  Hash Join  (cost=99304.77..444852.16 rows=19129 width=12) (actual time=510.534..1102.176 rows=75702 loops=1)
                                                   Hash Cond: (mi2.movie_id = t.id)
                                                   Buffers: shared hit=12702 read=41233, temp read=3475 written=3475
                                                   ->  Bitmap Heap Scan on movie_info mi2  (cost=13885.07..356265.51 rows=114308 width=8) (actual time=33.993..367.246 rows=1288928 loops=1)
                                                         Recheck Cond: (info_type_id = 2)
                                                         Filter: ((info)::text = ANY ('{"Black and White",Color}'::text[]))
                                                         Heap Blocks: exact=16526
                                                         Buffers: shared hit=2 read=17541
                                                         ->  Bitmap Index Scan on info_type_id_movie_info  (cost=0.00..13856.49 rows=1296008 width=0) (actual time=31.812..31.813 rows=1288928 loops=1)
                                                               Index Cond: (info_type_id = 2)
                                                               Buffers: shared hit=1 read=1016
                                                   ->  Hash  (cost=78477.74..78477.74 rows=423117 width=4) (actual time=473.933..473.936 rows=75964 loops=1)
                                                         Buckets: 262144  Batches: 4  Memory Usage: 2707kB
                                                         Buffers: shared hit=12700 read=23692, temp written=166
                                                         ->  Hash Join  (cost=1.13..78477.74 rows=423117 width=4) (actual time=0.052..461.462 rows=75964 loops=1)
                                                               Hash Cond: (t.kind_id = kt.id)
                                                               Buffers: shared hit=12700 read=23692
                                                               ->  Seq Scan on title t  (cost=0.00..74315.95 rows=987274 width=8) (actual time=0.025..402.721 rows=989787 loops=1)
                                                                     Filter: ((production_year <= 2010) AND (2000 < production_year))
                                                                     Rows Removed by Filter: 1538525
                                                                     Buffers: shared hit=12699 read=23692
                                                               ->  Hash  (cost=1.10..1.10 rows=3 width=4) (actual time=0.012..0.014 rows=3 loops=1)
                                                                     Buckets: 1024  Batches: 1  Memory Usage: 9kB
                                                                     Buffers: shared hit=1
                                                                     ->  Seq Scan on kind_type kt  (cost=0.00..1.10 rows=3 width=4) (actual time=0.006..0.007 rows=3 loops=1)
                                                                           Filter: ((kind)::text = ANY ('{"tv movie","tv series","video game"}'::text[]))
                                                                           Rows Removed by Filter: 4
                                                                           Buffers: shared hit=1
                                 ->  Index Scan using movie_id_cast_info on cast_info ci  (cost=0.44..43.58 rows=38 width=12) (actual time=0.033..0.184 rows=19 loops=66314)
                                       Index Cond: (movie_id = t.id)
                                       Buffers: shared hit=1142913 read=257663
                           ->  Hash  (cost=1.15..1.15 rows=1 width=4) (actual time=0.020..0.021 rows=1 loops=1)
                                 Buckets: 1024  Batches: 1  Memory Usage: 9kB
                                 Buffers: shared hit=1
                                 ->  Seq Scan on role_type rt  (cost=0.00..1.15 rows=1 width=4) (actual time=0.011..0.011 rows=1 loops=1)
                                       Filter: ((role)::text = 'production designer'::text)
                                       Rows Removed by Filter: 11
                                       Buffers: shared hit=1
                     ->  Index Scan using name_pkey on name n  (cost=0.43..2.32 rows=1 width=4) (actual time=0.034..0.034 rows=0 loops=9397)
                           Index Cond: (id = ci.person_id)
                           Filter: ((gender)::text = 'm'::text)
                           Rows Removed by Filter: 1
                           Buffers: shared hit=34364 read=3224
 Planning:
   Buffers: shared hit=489 read=88
 Planning Time: 14.950 ms
 Execution Time: 15074.430 ms
(83 rows)

