                                                                                            QUERY PLAN                                                                                            
--------------------------------------------------------------------------------------------------------------------------------------------------------------------------------------------------
 Aggregate  (cost=572864.68..572864.69 rows=1 width=8) (actual time=3341.036..3341.046 rows=1 loops=1)
   Buffers: shared hit=247498 read=85490, temp read=783 written=783
   ->  Nested Loop  (cost=95186.94..572864.48 rows=83 width=0) (actual time=515.437..3340.744 rows=955 loops=1)
         Buffers: shared hit=247498 read=85490, temp read=783 written=783
         ->  Seq Scan on info_type it2  (cost=0.00..2.41 rows=1 width=4) (actual time=0.046..0.056 rows=1 loops=1)
               Filter: (id = 2)
               Rows Removed by Filter: 112
               Buffers: shared hit=1
         ->  Nested Loop  (cost=95186.94..572861.23 rows=83 width=4) (actual time=515.389..3340.478 rows=955 loops=1)
               Buffers: shared hit=247497 read=85490, temp read=783 written=783
               ->  Seq Scan on info_type it1  (cost=0.00..2.41 rows=1 width=4) (actual time=0.009..0.021 rows=1 loops=1)
                     Filter: (id = 3)
                     Rows Removed by Filter: 112
                     Buffers: shared hit=1
               ->  Nested Loop  (cost=95186.94..572857.99 rows=83 width=8) (actual time=515.376..3340.245 rows=955 loops=1)
                     Buffers: shared hit=247496 read=85490, temp read=783 written=783
                     ->  Hash Join  (cost=95186.51..572563.41 rows=127 width=12) (actual time=513.309..3197.509 rows=4001 loops=1)
                           Hash Cond: (ci.role_id = rt.id)
                           Buffers: shared hit=235391 read=81591, temp read=783 written=783
                           ->  Nested Loop  (cost=95185.35..572556.85 rows=1519 width=16) (actual time=493.053..3180.900 rows=120222 loops=1)
                                 Buffers: shared hit=235390 read=81591, temp read=783 written=783
                                 ->  Nested Loop  (cost=95184.91..567814.46 rows=106 width=20) (actual time=493.019..1872.380 rows=12017 loops=1)
                                       Buffers: shared hit=104530 read=57678, temp read=783 written=783
                                       ->  Hash Join  (cost=95184.47..439509.61 rows=2988 width=12) (actual time=492.975..944.693 rows=13170 loops=1)
                                             Hash Cond: (mi1.movie_id = t.id)
                                             Buffers: shared hit=4566 read=42801, temp read=783 written=783
                                             ->  Bitmap Heap Scan on movie_info mi1  (cost=16459.71..359577.30 rows=44980 width=8) (actual time=40.892..366.817 rows=420377 loops=1)
                                                   Recheck Cond: (info_type_id = 3)
                                                   Filter: ((info)::text = ANY ('{Adult,Short}'::text[]))
                                                   Rows Removed by Filter: 1113532
                                                   Heap Blocks: exact=9772
                                                   Buffers: shared hit=4565 read=6410
                                                   ->  Bitmap Index Scan on info_type_id_movie_info  (cost=0.00..16448.47 rows=1538671 width=0) (actual time=39.658..39.658 rows=1533909 loops=1)
                                                         Index Cond: (info_type_id = 3)
                                                         Buffers: shared read=1203
                                             ->  Hash  (cost=75968.50..75968.50 rows=167941 width=4) (actual time=450.754..450.758 rows=44292 loops=1)
                                                   Buckets: 262144  Batches: 2  Memory Usage: 2832kB
                                                   Buffers: shared hit=1 read=36391, temp written=64
                                                   ->  Hash Join  (cost=1.13..75968.50 rows=167941 width=4) (actual time=0.062..440.429 rows=44292 loops=1)
                                                         Hash Cond: (t.kind_id = kt.id)
                                                         Buffers: shared hit=1 read=36391
                                                         ->  Seq Scan on title t  (cost=0.00..74315.95 rows=391862 width=8) (actual time=0.023..410.065 rows=386415 loops=1)
                                                               Filter: ((production_year <= 1997) AND (1981 < production_year))
                                                               Rows Removed by Filter: 2141897
                                                               Buffers: shared read=36391
                                                         ->  Hash  (cost=1.10..1.10 rows=3 width=4) (actual time=0.014..0.016 rows=3 loops=1)
                                                               Buckets: 1024  Batches: 1  Memory Usage: 9kB
                                                               Buffers: shared hit=1
                                                               ->  Seq Scan on kind_type kt  (cost=0.00..1.10 rows=3 width=4) (actual time=0.007..0.009 rows=3 loops=1)
                                                                     Filter: ((kind)::text = ANY ('{"tv series","video game","video movie"}'::text[]))
                                                                     Rows Removed by Filter: 4
                                                                     Buffers: shared hit=1
                                       ->  Index Scan using movie_id_movie_info on movie_info mi2  (cost=0.43..42.93 rows=1 width=8) (actual time=0.056..0.070 rows=1 loops=13170)
                                             Index Cond: (movie_id = t.id)
                                             Filter: ((info_type_id = 2) AND ((info)::text = 'Color'::text))
                                             Rows Removed by Filter: 5
                                             Buffers: shared hit=99964 read=14877
                                 ->  Index Scan using movie_id_cast_info on cast_info ci  (cost=0.44..44.36 rows=38 width=12) (actual time=0.032..0.106 rows=10 loops=12017)
                                       Index Cond: (movie_id = t.id)
                                       Buffers: shared hit=130860 read=23913
                           ->  Hash  (cost=1.15..1.15 rows=1 width=4) (actual time=0.017..0.018 rows=1 loops=1)
                                 Buckets: 1024  Batches: 1  Memory Usage: 9kB
                                 Buffers: shared hit=1
                                 ->  Seq Scan on role_type rt  (cost=0.00..1.15 rows=1 width=4) (actual time=0.010..0.011 rows=1 loops=1)
                                       Filter: ((role)::text = 'miscellaneous crew'::text)
                                       Rows Removed by Filter: 11
                                       Buffers: shared hit=1
                     ->  Index Scan using name_pkey on name n  (cost=0.43..2.32 rows=1 width=4) (actual time=0.035..0.035 rows=0 loops=4001)
                           Index Cond: (id = ci.person_id)
                           Filter: ((gender)::text = ANY ('{f,m}'::text[]))
                           Rows Removed by Filter: 1
                           Buffers: shared hit=12105 read=3899
 Planning:
   Buffers: shared hit=482 read=92
 Planning Time: 12.057 ms
 Execution Time: 3341.614 ms
(76 rows)

