                                                                                                  QUERY PLAN                                                                                                   
---------------------------------------------------------------------------------------------------------------------------------------------------------------------------------------------------------------
 Aggregate  (cost=843376.47..843376.48 rows=1 width=8) (actual time=53422.825..53422.834 rows=1 loops=1)
   Buffers: shared hit=4934315 read=457287, temp read=14036 written=13525
   ->  Nested Loop  (cost=760343.05..843375.36 rows=447 width=0) (actual time=1186.875..53364.138 rows=341243 loops=1)
         Buffers: shared hit=4934315 read=457287, temp read=14036 written=13525
         ->  Seq Scan on info_type it2  (cost=0.00..2.41 rows=1 width=4) (actual time=0.037..0.049 rows=1 loops=1)
               Filter: (id = 2)
               Rows Removed by Filter: 112
               Buffers: shared hit=1
         ->  Nested Loop  (cost=760343.05..843368.47 rows=447 width=4) (actual time=1186.837..53287.952 rows=341243 loops=1)
               Buffers: shared hit=4934314 read=457287, temp read=14036 written=13525
               ->  Seq Scan on info_type it1  (cost=0.00..2.41 rows=1 width=4) (actual time=0.009..0.022 rows=1 loops=1)
                     Filter: (id = 3)
                     Rows Removed by Filter: 112
                     Buffers: shared hit=1
               ->  Nested Loop  (cost=760343.05..843361.59 rows=447 width=8) (actual time=1186.827..53214.294 rows=341243 loops=1)
                     Buffers: shared hit=4934313 read=457287, temp read=14036 written=13525
                     ->  Hash Join  (cost=760342.62..840888.98 rows=1066 width=12) (actual time=1186.723..34904.203 rows=497509 loops=1)
                           Hash Cond: (ci.role_id = rt.id)
                           Buffers: shared hit=3018219 read=383345, temp read=14036 written=13525
                           ->  Nested Loop  (cost=760341.44..840865.10 rows=6393 width=16) (actual time=1186.633..34579.544 rows=968033 loops=1)
                                 Buffers: shared hit=3018218 read=383345, temp read=14036 written=13525
                                 ->  Nested Loop  (cost=760341.00..821259.64 rows=446 width=20) (actual time=1186.611..22734.416 rows=53437 loops=1)
                                       Buffers: shared hit=2250308 read=63314, temp read=14036 written=13525
                                       ->  Nested Loop  (cost=760340.86..821233.68 rows=1041 width=24) (actual time=1186.594..22570.937 rows=206309 loops=1)
                                             Join Filter: (t.id = mi1.movie_id)
                                             Buffers: shared hit=2250296 read=63314, temp read=14036 written=13525
                                             ->  Merge Join  (cost=760340.43..761402.82 rows=19606 width=16) (actual time=1186.456..2071.599 rows=571273 loops=1)
                                                   Merge Cond: (mi1.movie_id = mi2.movie_id)
                                                   Buffers: shared hit=6207 read=22311, temp read=14036 written=13525
                                                   ->  Sort  (cost=394471.58..394618.97 rows=58958 width=8) (actual time=433.630..552.772 rows=571654 loops=1)
                                                         Sort Key: mi1.movie_id
                                                         Sort Method: external sort  Disk: 12352kB
                                                         Buffers: shared hit=4194 read=6781, temp read=3083 written=3090
                                                         ->  Bitmap Heap Scan on movie_info mi1  (cost=16463.24..389799.92 rows=58958 width=8) (actual time=41.891..290.338 rows=571654 loops=1)
                                                               Recheck Cond: (info_type_id = 3)
                                                               Filter: ((info)::text = ANY ('{Biography,Comedy,Documentary,Fantasy,History,Horror,Music,Mystery,News,Romance,Talk-Show,War,Western}'::text[]))
                                                               Rows Removed by Filter: 962255
                                                               Heap Blocks: exact=9772
                                                               Buffers: shared hit=4194 read=6781
                                                               ->  Bitmap Index Scan on info_type_id_movie_info  (cost=0.00..16448.47 rows=1538671 width=0) (actual time=40.697..40.698 rows=1533909 loops=1)
                                                                     Index Cond: (info_type_id = 3)
                                                                     Buffers: shared read=1203
                                                   ->  Sort  (cost=365868.85..366154.62 rows=114308 width=8) (actual time=752.816..1020.250 rows=1385785 loops=1)
                                                         Sort Key: mi2.movie_id
                                                         Sort Method: external sort  Disk: 27832kB
                                                         Buffers: shared hit=2013 read=15530, temp read=10685 written=10435
                                                         ->  Bitmap Heap Scan on movie_info mi2  (cost=13885.07..356265.51 rows=114308 width=8) (actual time=31.832..362.853 rows=1288928 loops=1)
                                                               Recheck Cond: (info_type_id = 2)
                                                               Filter: ((info)::text = ANY ('{"Black and White",Color}'::text[]))
                                                               Heap Blocks: exact=16526
                                                               Buffers: shared hit=2013 read=15530
                                                               ->  Bitmap Index Scan on info_type_id_movie_info  (cost=0.00..13856.49 rows=1296008 width=0) (actual time=29.646..29.646 rows=1288928 loops=1)
                                                                     Index Cond: (info_type_id = 2)
                                                                     Buffers: shared hit=1 read=1016
                                             ->  Index Scan using title_pkey on title t  (cost=0.43..3.04 rows=1 width=8) (actual time=0.035..0.035 rows=0 loops=571273)
                                                   Index Cond: (id = mi2.movie_id)
                                                   Filter: ((production_year <= 2010) AND (2000 < production_year))
                                                   Rows Removed by Filter: 1
                                                   Buffers: shared hit=2244089 read=41003
                                       ->  Memoize  (cost=0.14..0.16 rows=1 width=4) (actual time=0.000..0.000 rows=0 loops=206309)
                                             Cache Key: t.kind_id
                                             Cache Mode: logical
                                             Hits: 206303  Misses: 6  Evictions: 0  Overflows: 0  Memory Usage: 1kB
                                             Buffers: shared hit=12
                                             ->  Index Scan using kind_type_pkey on kind_type kt  (cost=0.13..0.15 rows=1 width=4) (actual time=0.011..0.011 rows=0 loops=6)
                                                   Index Cond: (id = t.kind_id)
                                                   Filter: ((kind)::text = ANY ('{"tv movie","tv series","video game"}'::text[]))
                                                   Rows Removed by Filter: 0
                                                   Buffers: shared hit=12
                                 ->  Index Scan using movie_id_cast_info on cast_info ci  (cost=0.44..43.58 rows=38 width=12) (actual time=0.039..0.216 rows=18 loops=53437)
                                       Index Cond: (movie_id = t.id)
                                       Buffers: shared hit=767910 read=320031
                           ->  Hash  (cost=1.15..1.15 rows=2 width=4) (actual time=0.027..0.028 rows=2 loops=1)
                                 Buckets: 1024  Batches: 1  Memory Usage: 9kB
                                 Buffers: shared hit=1
                                 ->  Seq Scan on role_type rt  (cost=0.00..1.15 rows=2 width=4) (actual time=0.015..0.018 rows=2 loops=1)
                                       Filter: ((role)::text = ANY ('{actor,"miscellaneous crew"}'::text[]))
                                       Rows Removed by Filter: 10
                                       Buffers: shared hit=1
                     ->  Index Scan using name_pkey on name n  (cost=0.43..2.32 rows=1 width=4) (actual time=0.036..0.036 rows=1 loops=497509)
                           Index Cond: (id = ci.person_id)
                           Filter: ((gender)::text = 'm'::text)
                           Rows Removed by Filter: 0
                           Buffers: shared hit=1916094 read=73942
 Planning:
   Buffers: shared hit=507 read=70
 Planning Time: 14.078 ms
 Execution Time: 53435.913 ms
(88 rows)

