                                                                                                  QUERY PLAN                                                                                                  
--------------------------------------------------------------------------------------------------------------------------------------------------------------------------------------------------------------
 Aggregate  (cost=897447.65..897447.66 rows=1 width=8) (actual time=26272.010..26272.020 rows=1 loops=1)
   Buffers: shared hit=2387591 read=252261, temp read=8835 written=8450
   ->  Nested Loop  (cost=818475.38..897447.23 rows=169 width=0) (actual time=1151.379..26270.558 rows=3479 loops=1)
         Buffers: shared hit=2387591 read=252261, temp read=8835 written=8450
         ->  Seq Scan on info_type it2  (cost=0.00..2.41 rows=1 width=4) (actual time=0.046..0.060 rows=1 loops=1)
               Filter: (id = 2)
               Rows Removed by Filter: 112
               Buffers: shared hit=1
         ->  Nested Loop  (cost=818475.38..897443.13 rows=169 width=4) (actual time=1151.331..26269.533 rows=3479 loops=1)
               Buffers: shared hit=2387590 read=252261, temp read=8835 written=8450
               ->  Seq Scan on info_type it1  (cost=0.00..2.41 rows=1 width=4) (actual time=0.009..0.024 rows=1 loops=1)
                     Filter: (id = 3)
                     Rows Removed by Filter: 112
                     Buffers: shared hit=1
               ->  Nested Loop  (cost=818475.38..897439.02 rows=169 width=8) (actual time=1151.321..26268.444 rows=3479 loops=1)
                     Buffers: shared hit=2387589 read=252261, temp read=8835 written=8450
                     ->  Hash Join  (cost=818474.95..895748.09 rows=729 width=12) (actual time=1151.243..24091.410 rows=61558 loops=1)
                           Hash Cond: (ci.role_id = rt.id)
                           Buffers: shared hit=2151109 read=242509, temp read=8835 written=8450
                           ->  Nested Loop  (cost=818473.78..895715.87 rows=8744 width=16) (actual time=1151.195..23937.387 rows=741199 loops=1)
                                 Buffers: shared hit=2151108 read=242509, temp read=8835 written=8450
                                 ->  Nested Loop  (cost=818473.34..869037.18 rows=610 width=20) (actual time=1151.172..15955.625 rows=28423 loops=1)
                                       Buffers: shared hit=1571847 read=46963, temp read=8835 written=8450
                                       ->  Nested Loop  (cost=818473.20..869002.05 rows=1424 width=24) (actual time=1151.156..15722.629 rows=334854 loops=1)
                                             Join Filter: (t.id = mi1.movie_id)
                                             Buffers: shared hit=1571835 read=46963, temp read=8835 written=8450
                                             ->  Merge Join  (cost=818472.77..819363.67 rows=15190 width=16) (actual time=1151.106..1811.897 rows=397570 loops=1)
                                                   Merge Cond: (mi1.movie_id = mi2.movie_id)
                                                   Buffers: shared hit=12293 read=16225, temp read=8835 written=8450
                                                   ->  Sort  (cost=454862.94..455008.98 rows=58418 width=8) (actual time=595.904..701.738 rows=562322 loops=1)
                                                         Sort Key: mi1.movie_id
                                                         Sort Method: external sort  Disk: 12152kB
                                                         Buffers: shared hit=10975, temp read=3033 written=3040
                                                         ->  Bitmap Heap Scan on movie_info mi1  (cost=16463.07..450237.95 rows=58418 width=8) (actual time=40.826..456.518 rows=562322 loops=1)
                                                               Recheck Cond: (info_type_id = 3)
                                                               Filter: ((info)::text = ANY ('{Adventure,Crime,Fantasy,History,Horror,Romance,Sci-Fi,Short}'::text[]))
                                                               Rows Removed by Filter: 971587
                                                               Heap Blocks: exact=9772
                                                               Buffers: shared hit=10975
                                                               ->  Bitmap Index Scan on info_type_id_movie_info  (cost=0.00..16448.47 rows=1538671 width=0) (actual time=39.621..39.621 rows=1533909 loops=1)
                                                                     Index Cond: (info_type_id = 3)
                                                                     Buffers: shared hit=1203
                                                   ->  Sort  (cost=363609.83..363833.28 rows=89381 width=8) (actual time=555.179..743.074 rows=1072312 loops=1)
                                                         Sort Key: mi2.movie_id
                                                         Sort Method: external sort  Disk: 21624kB
                                                         Buffers: shared hit=1318 read=16225, temp read=5599 written=5410
                                                         ->  Bitmap Heap Scan on movie_info mi2  (cost=13878.84..356259.28 rows=89381 width=8) (actual time=31.692..313.274 rows=1000514 loops=1)
                                                               Recheck Cond: (info_type_id = 2)
                                                               Filter: ((info)::text = 'Color'::text)
                                                               Rows Removed by Filter: 288414
                                                               Heap Blocks: exact=16526
                                                               Buffers: shared hit=1318 read=16225
                                                               ->  Bitmap Index Scan on info_type_id_movie_info  (cost=0.00..13856.49 rows=1296008 width=0) (actual time=29.529..29.529 rows=1288928 loops=1)
                                                                     Index Cond: (info_type_id = 2)
                                                                     Buffers: shared hit=1 read=1016
                                             ->  Index Scan using title_pkey on title t  (cost=0.43..3.26 rows=1 width=8) (actual time=0.034..0.034 rows=1 loops=397570)
                                                   Index Cond: (id = mi2.movie_id)
                                                   Filter: ((production_year <= 2015) AND (1990 < production_year))
                                                   Rows Removed by Filter: 0
                                                   Buffers: shared hit=1559542 read=30738
                                       ->  Memoize  (cost=0.14..0.16 rows=1 width=4) (actual time=0.000..0.000 rows=0 loops=334854)
                                             Cache Key: t.kind_id
                                             Cache Mode: logical
                                             Hits: 334848  Misses: 6  Evictions: 0  Overflows: 0  Memory Usage: 1kB
                                             Buffers: shared hit=12
                                             ->  Index Scan using kind_type_pkey on kind_type kt  (cost=0.13..0.15 rows=1 width=4) (actual time=0.010..0.010 rows=0 loops=6)
                                                   Index Cond: (id = t.kind_id)
                                                   Filter: ((kind)::text = ANY ('{"tv movie","tv series","video game"}'::text[]))
                                                   Rows Removed by Filter: 0
                                                   Buffers: shared hit=12
                                 ->  Index Scan using movie_id_cast_info on cast_info ci  (cost=0.44..43.36 rows=38 width=12) (actual time=0.038..0.273 rows=26 loops=28423)
                                       Index Cond: (movie_id = t.id)
                                       Buffers: shared hit=579261 read=195546
                           ->  Hash  (cost=1.15..1.15 rows=1 width=4) (actual time=0.017..0.018 rows=1 loops=1)
                                 Buckets: 1024  Batches: 1  Memory Usage: 9kB
                                 Buffers: shared hit=1
                                 ->  Seq Scan on role_type rt  (cost=0.00..1.15 rows=1 width=4) (actual time=0.010..0.012 rows=1 loops=1)
                                       Filter: ((role)::text = 'producer'::text)
                                       Rows Removed by Filter: 11
                                       Buffers: shared hit=1
                     ->  Index Scan using name_pkey on name n  (cost=0.43..2.32 rows=1 width=4) (actual time=0.035..0.035 rows=0 loops=61558)
                           Index Cond: (id = ci.person_id)
                           Filter: ((gender)::text = 'f'::text)
                           Rows Removed by Filter: 1
                           Buffers: shared hit=236480 read=9752
 Planning:
   Buffers: shared hit=574
 Planning Time: 14.044 ms
 Execution Time: 26285.150 ms
(89 rows)

