                                                                                            QUERY PLAN                                                                                            
--------------------------------------------------------------------------------------------------------------------------------------------------------------------------------------------------
 Aggregate  (cost=622627.05..622627.06 rows=1 width=8) (actual time=1934.794..1934.801 rows=1 loops=1)
   Buffers: shared hit=106992 read=73090
   ->  Nested Loop  (cost=90249.56..622626.47 rows=232 width=0) (actual time=397.695..1934.531 rows=1307 loops=1)
         Buffers: shared hit=106992 read=73090
         ->  Hash Join  (cost=90249.13..621800.72 rows=356 width=4) (actual time=397.657..1831.541 rows=3091 loops=1)
               Hash Cond: (ci.role_id = rt.id)
               Buffers: shared hit=96507 read=71211
               ->  Nested Loop  (cost=90247.96..621791.96 rows=2136 width=8) (actual time=397.351..1827.449 rows=28854 loops=1)
                     Buffers: shared hit=96506 read=71211
                     ->  Nested Loop  (cost=90247.52..614964.79 rows=149 width=12) (actual time=396.951..1462.723 rows=3690 loops=1)
                           Buffers: shared hit=70200 read=58758
                           ->  Seq Scan on info_type it2  (cost=0.00..2.41 rows=1 width=4) (actual time=0.032..0.036 rows=1 loops=1)
                                 Filter: (id = 2)
                                 Rows Removed by Filter: 112
                                 Buffers: shared hit=1
                           ->  Nested Loop  (cost=90247.52..614960.88 rows=149 width=16) (actual time=396.918..1462.094 rows=3690 loops=1)
                                 Buffers: shared hit=70199 read=58758
                                 ->  Seq Scan on info_type it1  (cost=0.00..2.41 rows=1 width=4) (actual time=0.012..0.019 rows=1 loops=1)
                                       Filter: (id = 3)
                                       Rows Removed by Filter: 112
                                       Buffers: shared hit=1
                                 ->  Nested Loop  (cost=90247.52..614956.98 rows=149 width=20) (actual time=396.903..1461.457 rows=3690 loops=1)
                                       Buffers: shared hit=70198 read=58758
                                       ->  Hash Join  (cost=90247.08..433097.58 rows=4140 width=12) (actual time=396.235..886.158 rows=7468 loops=1)
                                             Hash Cond: (mi2.movie_id = t.id)
                                             Buffers: shared hit=12863 read=41072
                                             ->  Bitmap Heap Scan on movie_info mi2  (cost=13885.07..356265.51 rows=114308 width=8) (actual time=39.888..404.878 rows=1288928 loops=1)
                                                   Recheck Cond: (info_type_id = 2)
                                                   Filter: ((info)::text = ANY ('{"Black and White",Color}'::text[]))
                                                   Heap Blocks: exact=16526
                                                   Buffers: shared hit=15 read=17528
                                                   ->  Bitmap Index Scan on info_type_id_movie_info  (cost=0.00..13856.49 rows=1296008 width=0) (actual time=37.686..37.686 rows=1288928 loops=1)
                                                         Index Cond: (info_type_id = 2)
                                                         Buffers: shared read=1017
                                             ->  Hash  (cost=75217.46..75217.46 rows=91564 width=4) (actual time=354.196..354.199 rows=7795 loops=1)
                                                   Buckets: 131072  Batches: 1  Memory Usage: 1299kB
                                                   Buffers: shared hit=12848 read=23544
                                                   ->  Hash Join  (cost=1.13..75217.46 rows=91564 width=4) (actual time=0.142..352.314 rows=7795 loops=1)
                                                         Hash Cond: (t.kind_id = kt.id)
                                                         Buffers: shared hit=12848 read=23544
                                                         ->  Seq Scan on title t  (cost=0.00..74315.95 rows=213650 width=8) (actual time=0.025..339.607 rows=212483 loops=1)
                                                               Filter: ((production_year <= 1970) AND (1950 < production_year))
                                                               Rows Removed by Filter: 2315829
                                                               Buffers: shared hit=12847 read=23544
                                                         ->  Hash  (cost=1.10..1.10 rows=3 width=4) (actual time=0.013..0.014 rows=3 loops=1)
                                                               Buckets: 1024  Batches: 1  Memory Usage: 9kB
                                                               Buffers: shared hit=1
                                                               ->  Seq Scan on kind_type kt  (cost=0.00..1.10 rows=3 width=4) (actual time=0.007..0.009 rows=3 loops=1)
                                                                     Filter: ((kind)::text = ANY ('{"tv series","video game","video movie"}'::text[]))
                                                                     Rows Removed by Filter: 4
                                                                     Buffers: shared hit=1
                                       ->  Index Scan using movie_id_movie_info on movie_info mi1  (cost=0.43..43.92 rows=1 width=8) (actual time=0.075..0.077 rows=0 loops=7468)
                                             Index Cond: (movie_id = t.id)
                                             Filter: ((info_type_id = 3) AND ((info)::text = ANY ('{Adventure,Animation,Comedy,Documentary,Music,Romance,Short}'::text[])))
                                             Rows Removed by Filter: 10
                                             Buffers: shared hit=57335 read=17686
                     ->  Index Scan using movie_id_cast_info on cast_info ci  (cost=0.44..45.44 rows=38 width=12) (actual time=0.034..0.097 rows=8 loops=3690)
                           Index Cond: (movie_id = t.id)
                           Buffers: shared hit=26306 read=12453
               ->  Hash  (cost=1.15..1.15 rows=2 width=4) (actual time=0.036..0.037 rows=2 loops=1)
                     Buckets: 1024  Batches: 1  Memory Usage: 9kB
                     Buffers: shared hit=1
                     ->  Seq Scan on role_type rt  (cost=0.00..1.15 rows=2 width=4) (actual time=0.028..0.029 rows=2 loops=1)
                           Filter: ((role)::text = ANY ('{director,editor}'::text[]))
                           Rows Removed by Filter: 10
                           Buffers: shared hit=1
         ->  Index Scan using name_pkey on name n  (cost=0.43..2.32 rows=1 width=4) (actual time=0.033..0.033 rows=0 loops=3091)
               Index Cond: (id = ci.person_id)
               Filter: ((gender)::text = ANY ('{f,m}'::text[]))
               Rows Removed by Filter: 1
               Buffers: shared hit=10485 read=1879
 Planning:
   Buffers: shared hit=486 read=88
 Planning Time: 14.549 ms
 Execution Time: 1935.478 ms
(75 rows)

