                                                                                               QUERY PLAN                                                                                               
--------------------------------------------------------------------------------------------------------------------------------------------------------------------------------------------------------
 Aggregate  (cost=454803.42..454803.43 rows=1 width=8) (actual time=4874.777..4874.782 rows=1 loops=1)
   Buffers: shared hit=349260 read=146948
   ->  Nested Loop  (cost=16453.72..454803.41 rows=5 width=0) (actual time=61.638..4874.474 rows=754 loops=1)
         Buffers: shared hit=349260 read=146948
         ->  Seq Scan on info_type it2  (cost=0.00..2.41 rows=1 width=4) (actual time=0.045..0.052 rows=1 loops=1)
               Filter: (id = 2)
               Rows Removed by Filter: 112
               Buffers: shared hit=1
         ->  Nested Loop  (cost=16453.72..454800.95 rows=5 width=4) (actual time=61.591..4874.244 rows=754 loops=1)
               Buffers: shared hit=349259 read=146948
               ->  Seq Scan on info_type it1  (cost=0.00..2.41 rows=1 width=4) (actual time=0.009..0.018 rows=1 loops=1)
                     Filter: (id = 3)
                     Rows Removed by Filter: 112
                     Buffers: shared hit=1
               ->  Nested Loop  (cost=16453.72..454798.48 rows=5 width=8) (actual time=61.578..4874.030 rows=754 loops=1)
                     Buffers: shared hit=349258 read=146948
                     ->  Hash Join  (cost=16453.29..454768.33 rows=13 width=12) (actual time=49.275..4809.988 rows=2063 loops=1)
                           Hash Cond: (ci.role_id = rt.id)
                           Buffers: shared hit=342579 read=145375
                           ->  Nested Loop  (cost=16452.13..454766.61 rows=158 width=16) (actual time=41.255..4788.902 rows=165949 loops=1)
                                 Buffers: shared hit=342578 read=145375
                                 ->  Nested Loop  (cost=16451.69..454274.47 rows=11 width=20) (actual time=41.225..3017.392 rows=4594 loops=1)
                                       Buffers: shared hit=256462 read=54828
                                       ->  Hash Join  (cost=16451.25..440447.78 rows=322 width=12) (actual time=41.186..2436.595 rows=4875 loops=1)
                                             Hash Cond: (t.kind_id = kt.id)
                                             Buffers: shared hit=214762 read=34910
                                             ->  Nested Loop  (cost=16450.12..440443.48 rows=751 width=16) (actual time=40.879..2433.854 rows=8116 loops=1)
                                                   Buffers: shared hit=214761 read=34910
                                                   ->  Bitmap Heap Scan on movie_info mi1  (cost=16449.68..404895.91 rows=4848 width=8) (actual time=40.825..545.565 rows=63082 loops=1)
                                                         Recheck Cond: (info_type_id = 3)
                                                         Filter: ((info)::text = ANY ('{Biography,Game-Show,History,Mystery,Talk-Show}'::text[]))
                                                         Rows Removed by Filter: 1470827
                                                         Heap Blocks: exact=9772
                                                         Buffers: shared hit=6155 read=4820
                                                         ->  Bitmap Index Scan on info_type_id_movie_info  (cost=0.00..16448.47 rows=1538671 width=0) (actual time=39.637..39.638 rows=1533909 loops=1)
                                                               Index Cond: (info_type_id = 3)
                                                               Buffers: shared read=1203
                                                   ->  Memoize  (cost=0.44..7.37 rows=1 width=8) (actual time=0.030..0.030 rows=0 loops=63082)
                                                         Cache Key: mi1.movie_id
                                                         Cache Mode: logical
                                                         Hits: 3408  Misses: 59674  Evictions: 0  Overflows: 0  Memory Usage: 4268kB
                                                         Buffers: shared hit=208606 read=30090
                                                         ->  Index Scan using title_pkey on title t  (cost=0.43..7.36 rows=1 width=8) (actual time=0.031..0.031 rows=0 loops=59674)
                                                               Index Cond: (id = mi1.movie_id)
                                                               Filter: ((production_year <= 1997) AND (1981 < production_year))
                                                               Rows Removed by Filter: 1
                                                               Buffers: shared hit=208606 read=30090
                                             ->  Hash  (cost=1.10..1.10 rows=3 width=4) (actual time=0.021..0.022 rows=3 loops=1)
                                                   Buckets: 1024  Batches: 1  Memory Usage: 9kB
                                                   Buffers: shared hit=1
                                                   ->  Seq Scan on kind_type kt  (cost=0.00..1.10 rows=3 width=4) (actual time=0.009..0.011 rows=3 loops=1)
                                                         Filter: ((kind)::text = ANY ('{episode,movie,"tv movie"}'::text[]))
                                                         Rows Removed by Filter: 4
                                                         Buffers: shared hit=1
                                       ->  Index Scan using movie_id_movie_info on movie_info mi2  (cost=0.43..42.93 rows=1 width=8) (actual time=0.103..0.119 rows=1 loops=4875)
                                             Index Cond: (movie_id = t.id)
                                             Filter: ((info_type_id = 2) AND ((info)::text = 'Color'::text))
                                             Rows Removed by Filter: 26
                                             Buffers: shared hit=41700 read=19918
                                 ->  Index Scan using movie_id_cast_info on cast_info ci  (cost=0.44..44.36 rows=38 width=12) (actual time=0.034..0.378 rows=36 loops=4594)
                                       Index Cond: (movie_id = t.id)
                                       Buffers: shared hit=86116 read=90547
                           ->  Hash  (cost=1.15..1.15 rows=1 width=4) (actual time=0.017..0.017 rows=1 loops=1)
                                 Buckets: 1024  Batches: 1  Memory Usage: 9kB
                                 Buffers: shared hit=1
                                 ->  Seq Scan on role_type rt  (cost=0.00..1.15 rows=1 width=4) (actual time=0.010..0.011 rows=1 loops=1)
                                       Filter: ((role)::text = 'production designer'::text)
                                       Rows Removed by Filter: 11
                                       Buffers: shared hit=1
                     ->  Index Scan using name_pkey on name n  (cost=0.43..2.32 rows=1 width=4) (actual time=0.030..0.030 rows=0 loops=2063)
                           Index Cond: (id = ci.person_id)
                           Filter: ((gender)::text = 'm'::text)
                           Rows Removed by Filter: 1
                           Buffers: shared hit=6679 read=1573
 Planning:
   Buffers: shared hit=529 read=45
 Planning Time: 12.823 ms
 Execution Time: 4876.094 ms
(78 rows)

