                                                                                                  QUERY PLAN                                                                                                  
--------------------------------------------------------------------------------------------------------------------------------------------------------------------------------------------------------------
 Aggregate  (cost=831431.44..831431.45 rows=1 width=8) (actual time=64168.855..64168.864 rows=1 loops=1)
   Buffers: shared hit=5607643 read=905263, temp read=6991 written=6719
   ->  Nested Loop  (cost=758437.35..831429.99 rows=581 width=0) (actual time=955.630..64149.209 rows=78578 loops=1)
         Buffers: shared hit=5607643 read=905263, temp read=6991 written=6719
         ->  Hash Join  (cost=758436.92..829363.30 rows=891 width=4) (actual time=953.014..55861.707 rows=220840 loops=1)
               Hash Cond: (ci.role_id = rt.id)
               Buffers: shared hit=4829525 read=800021, temp read=6991 written=6719
               ->  Nested Loop  (cost=758435.75..829343.12 rows=5347 width=8) (actual time=952.869..55208.288 rows=3387241 loops=1)
                     Buffers: shared hit=4829524 read=800021, temp read=6991 written=6719
                     ->  Nested Loop  (cost=758435.31..812946.63 rows=373 width=12) (actual time=952.843..17527.288 rows=163848 loops=1)
                           Buffers: shared hit=1794050 read=58850, temp read=6991 written=6719
                           ->  Nested Loop  (cost=758435.31..812939.56 rows=373 width=16) (actual time=952.837..17411.346 rows=163848 loops=1)
                                 Buffers: shared hit=1794049 read=58850, temp read=6991 written=6719
                                 ->  Nested Loop  (cost=758435.31..812932.48 rows=373 width=20) (actual time=952.813..17298.570 rows=163848 loops=1)
                                       Buffers: shared hit=1794048 read=58850, temp read=6991 written=6719
                                       ->  Nested Loop  (cost=758435.17..812910.60 rows=870 width=24) (actual time=951.529..17112.168 rows=213032 loops=1)
                                             Join Filter: (t.id = mi1.movie_id)
                                             Buffers: shared hit=1794036 read=58850, temp read=6991 written=6719
                                             ->  Merge Join  (cost=758434.74..759360.62 rows=16387 width=16) (actual time=951.459..1691.229 rows=456092 loops=1)
                                                   Merge Cond: (mi1.movie_id = mi2.movie_id)
                                                   Buffers: shared hit=8816 read=19702, temp read=6991 written=6719
                                                   ->  Sort  (cost=394824.91..394982.46 rows=63022 width=8) (actual time=392.514..526.766 rows=589016 loops=1)
                                                         Sort Key: mi1.movie_id
                                                         Sort Method: external merge  Disk: 10408kB
                                                         Buffers: shared hit=6682 read=4293, temp read=1301 written=1309
                                                         ->  Bitmap Heap Scan on movie_info mi1  (cost=16464.25..389800.93 rows=63022 width=8) (actual time=39.979..288.571 rows=589016 loops=1)
                                                               Recheck Cond: (info_type_id = 3)
                                                               Filter: ((info)::text = ANY ('{Adult,Adventure,Comedy,Crime,Documentary,Mystery,Reality-TV,Romance,Thriller}'::text[]))
                                                               Rows Removed by Filter: 944893
                                                               Heap Blocks: exact=9772
                                                               Buffers: shared hit=6682 read=4293
                                                               ->  Bitmap Index Scan on info_type_id_movie_info  (cost=0.00..16448.47 rows=1538671 width=0) (actual time=38.778..38.778 rows=1533909 loops=1)
                                                                     Index Cond: (info_type_id = 3)
                                                                     Buffers: shared read=1203
                                                   ->  Sort  (cost=363609.83..363833.28 rows=89381 width=8) (actual time=558.936..764.741 rows=1059379 loops=1)
                                                         Sort Key: mi2.movie_id
                                                         Sort Method: external sort  Disk: 21624kB
                                                         Buffers: shared hit=2134 read=15409, temp read=5543 written=5410
                                                         ->  Bitmap Heap Scan on movie_info mi2  (cost=13878.84..356259.28 rows=89381 width=8) (actual time=32.957..316.330 rows=1000514 loops=1)
                                                               Recheck Cond: (info_type_id = 2)
                                                               Filter: ((info)::text = 'Color'::text)
                                                               Rows Removed by Filter: 288414
                                                               Heap Blocks: exact=16526
                                                               Buffers: shared hit=2134 read=15409
                                                               ->  Bitmap Index Scan on info_type_id_movie_info  (cost=0.00..13856.49 rows=1296008 width=0) (actual time=30.765..30.765 rows=1288928 loops=1)
                                                                     Index Cond: (info_type_id = 2)
                                                                     Buffers: shared hit=1 read=1016
                                             ->  Index Scan using title_pkey on title t  (cost=0.43..3.26 rows=1 width=8) (actual time=0.033..0.033 rows=0 loops=456092)
                                                   Index Cond: (id = mi2.movie_id)
                                                   Filter: ((production_year <= 2010) AND (2000 < production_year))
                                                   Rows Removed by Filter: 1
                                                   Buffers: shared hit=1785220 read=39148
                                       ->  Memoize  (cost=0.14..0.16 rows=1 width=4) (actual time=0.000..0.000 rows=1 loops=213032)
                                             Cache Key: t.kind_id
                                             Cache Mode: logical
                                             Hits: 213026  Misses: 6  Evictions: 0  Overflows: 0  Memory Usage: 1kB
                                             Buffers: shared hit=12
                                             ->  Index Scan using kind_type_pkey on kind_type kt  (cost=0.13..0.15 rows=1 width=4) (actual time=0.010..0.010 rows=0 loops=6)
                                                   Index Cond: (id = t.kind_id)
                                                   Filter: ((kind)::text = ANY ('{episode,movie,"video movie"}'::text[]))
                                                   Rows Removed by Filter: 0
                                                   Buffers: shared hit=12
                                 ->  Materialize  (cost=0.00..2.42 rows=1 width=4) (actual time=0.000..0.000 rows=1 loops=163848)
                                       Buffers: shared hit=1
                                       ->  Seq Scan on info_type it1  (cost=0.00..2.41 rows=1 width=4) (actual time=0.020..0.025 rows=1 loops=1)
                                             Filter: (id = 3)
                                             Rows Removed by Filter: 112
                                             Buffers: shared hit=1
                           ->  Materialize  (cost=0.00..2.42 rows=1 width=4) (actual time=0.000..0.000 rows=1 loops=163848)
                                 Buffers: shared hit=1
                                 ->  Seq Scan on info_type it2  (cost=0.00..2.41 rows=1 width=4) (actual time=0.005..0.010 rows=1 loops=1)
                                       Filter: (id = 2)
                                       Rows Removed by Filter: 112
                                       Buffers: shared hit=1
                     ->  Index Scan using movie_id_cast_info on cast_info ci  (cost=0.44..43.58 rows=38 width=12) (actual time=0.036..0.224 rows=21 loops=163848)
                           Index Cond: (movie_id = t.id)
                           Buffers: shared hit=3035474 read=741171
               ->  Hash  (cost=1.15..1.15 rows=2 width=4) (actual time=0.032..0.032 rows=2 loops=1)
                     Buckets: 1024  Batches: 1  Memory Usage: 9kB
                     Buffers: shared hit=1
                     ->  Seq Scan on role_type rt  (cost=0.00..1.15 rows=2 width=4) (actual time=0.022..0.024 rows=2 loops=1)
                           Filter: ((role)::text = ANY ('{composer,editor}'::text[]))
                           Rows Removed by Filter: 10
                           Buffers: shared hit=1
         ->  Index Scan using name_pkey on name n  (cost=0.43..2.32 rows=1 width=4) (actual time=0.037..0.037 rows=0 loops=220840)
               Index Cond: (id = ci.person_id)
               Filter: ((gender)::text = ANY ('{f,m}'::text[]))
               Rows Removed by Filter: 1
               Buffers: shared hit=778118 read=105242
 Planning:
   Buffers: shared hit=522 read=55
 Planning Time: 11.078 ms
 Execution Time: 64179.047 ms
(93 rows)

