                                                                                            QUERY PLAN                                                                                            
--------------------------------------------------------------------------------------------------------------------------------------------------------------------------------------------------
 Aggregate  (cost=675253.15..675253.16 rows=1 width=8) (actual time=3002.794..3002.802 rows=1 loops=1)
   Buffers: shared hit=196908 read=61088, temp read=1733 written=1733
   ->  Nested Loop  (cost=470137.78..675253.00 rows=60 width=0) (actual time=936.801..3002.384 rows=2406 loops=1)
         Buffers: shared hit=196908 read=61088, temp read=1733 written=1733
         ->  Seq Scan on info_type it2  (cost=0.00..2.41 rows=1 width=4) (actual time=0.025..0.033 rows=1 loops=1)
               Filter: (id = 2)
               Rows Removed by Filter: 112
               Buffers: shared hit=1
         ->  Nested Loop  (cost=470137.78..675249.99 rows=60 width=4) (actual time=936.774..3002.008 rows=2406 loops=1)
               Buffers: shared hit=196907 read=61088, temp read=1733 written=1733
               ->  Seq Scan on info_type it1  (cost=0.00..2.41 rows=1 width=4) (actual time=0.008..0.016 rows=1 loops=1)
                     Filter: (id = 3)
                     Rows Removed by Filter: 112
                     Buffers: shared hit=1
               ->  Nested Loop  (cost=470137.78..675246.98 rows=60 width=8) (actual time=936.765..3001.588 rows=2406 loops=1)
                     Join Filter: (t.id = mi2.movie_id)
                     Buffers: shared hit=196906 read=61088, temp read=1733 written=1733
                     ->  Nested Loop  (cost=470137.34..618865.77 rows=1340 width=16) (actual time=936.653..2680.337 rows=2454 loops=1)
                           Buffers: shared hit=181875 read=44799, temp read=1733 written=1733
                           ->  Hash Join  (cost=470136.91..605484.46 rows=5769 width=20) (actual time=935.650..1494.748 rows=43059 loops=1)
                                 Hash Cond: (ci.movie_id = t.id)
                                 Buffers: shared hit=17784 read=36654, temp read=1733 written=1733
                                 ->  Nested Loop  (cost=0.44..123965.00 rows=3020080 width=8) (actual time=0.215..371.922 rows=1093558 loops=1)
                                       Buffers: shared hit=2993 read=4078
                                       ->  Seq Scan on role_type rt  (cost=0.00..1.15 rows=1 width=4) (actual time=0.009..0.011 rows=1 loops=1)
                                             Filter: ((role)::text = 'editor'::text)
                                             Rows Removed by Filter: 11
                                             Buffers: shared hit=1
                                       ->  Index Scan using role_id_cast_info on cast_info ci  (cost=0.44..91017.52 rows=3294633 width=12) (actual time=0.201..243.566 rows=1093558 loops=1)
                                             Index Cond: (role_id = rt.id)
                                             Buffers: shared hit=2992 read=4078
                                 ->  Hash  (cost=470076.10..470076.10 rows=4830 width=12) (actual time=935.308..935.312 rows=58379 loops=1)
                                       Buckets: 65536 (originally 8192)  Batches: 1 (originally 1)  Memory Usage: 3021kB
                                       Buffers: shared hit=14791 read=32576, temp read=1733 written=1733
                                       ->  Hash Join  (cost=95191.43..470076.10 rows=4830 width=12) (actual time=530.488..925.653 rows=58379 loops=1)
                                             Hash Cond: (mi1.movie_id = t.id)
                                             Buffers: shared hit=14791 read=32576, temp read=1733 written=1733
                                             ->  Bitmap Heap Scan on movie_info mi1  (cost=16466.67..389803.35 rows=72716 width=8) (actual time=40.363..280.942 rows=721325 loops=1)
                                                   Recheck Cond: (info_type_id = 3)
                                                   Filter: ((info)::text = ANY ('{Biography,Drama,Fantasy,Game-Show,History,Horror,Short,Sport,War}'::text[]))
                                                   Rows Removed by Filter: 812584
                                                   Heap Blocks: exact=9772
                                                   Buffers: shared hit=10975
                                                   ->  Bitmap Index Scan on info_type_id_movie_info  (cost=0.00..16448.47 rows=1538671 width=0) (actual time=39.173..39.173 rows=1533909 loops=1)
                                                         Index Cond: (info_type_id = 3)
                                                         Buffers: shared hit=1203
                                             ->  Hash  (cost=75968.50..75968.50 rows=167941 width=4) (actual time=488.777..488.780 rows=342123 loops=1)
                                                   Buckets: 262144  Batches: 2  Memory Usage: 8082kB
                                                   Buffers: shared hit=3816 read=32576, temp written=499
                                                   ->  Hash Join  (cost=1.13..75968.50 rows=167941 width=4) (actual time=0.052..431.478 rows=342123 loops=1)
                                                         Hash Cond: (t.kind_id = kt.id)
                                                         Buffers: shared hit=3816 read=32576
                                                         ->  Seq Scan on title t  (cost=0.00..74315.95 rows=391862 width=8) (actual time=0.020..387.430 rows=386415 loops=1)
                                                               Filter: ((production_year <= 1997) AND (1981 < production_year))
                                                               Rows Removed by Filter: 2141897
                                                               Buffers: shared hit=3815 read=32576
                                                         ->  Hash  (cost=1.10..1.10 rows=3 width=4) (actual time=0.019..0.020 rows=3 loops=1)
                                                               Buckets: 1024  Batches: 1  Memory Usage: 9kB
                                                               Buffers: shared hit=1
                                                               ->  Seq Scan on kind_type kt  (cost=0.00..1.10 rows=3 width=4) (actual time=0.010..0.013 rows=3 loops=1)
                                                                     Filter: ((kind)::text = ANY ('{episode,movie,"tv movie"}'::text[]))
                                                                     Rows Removed by Filter: 4
                                                                     Buffers: shared hit=1
                           ->  Index Scan using name_pkey on name n  (cost=0.43..2.32 rows=1 width=4) (actual time=0.027..0.027 rows=0 loops=43059)
                                 Index Cond: (id = ci.person_id)
                                 Filter: ((gender)::text = 'f'::text)
                                 Rows Removed by Filter: 1
                                 Buffers: shared hit=164091 read=8145
                     ->  Index Scan using movie_id_movie_info on movie_info mi2  (cost=0.43..42.06 rows=1 width=8) (actual time=0.112..0.130 rows=1 loops=2454)
                           Index Cond: (movie_id = ci.movie_id)
                           Filter: (((info)::text = ANY ('{"Black and White",Color}'::text[])) AND (info_type_id = 2))
                           Rows Removed by Filter: 28
                           Buffers: shared hit=15031 read=16289
 Planning:
   Buffers: shared hit=577
 Planning Time: 13.339 ms
 Execution Time: 3003.354 ms
(77 rows)

