                                                                                            QUERY PLAN                                                                                            
--------------------------------------------------------------------------------------------------------------------------------------------------------------------------------------------------
 Aggregate  (cost=703371.39..703371.40 rows=1 width=8) (actual time=9500.877..9500.886 rows=1 loops=1)
   Buffers: shared hit=723705 read=263225, temp read=1774 written=1774
   ->  Nested Loop  (cost=92606.08..703370.63 rows=305 width=0) (actual time=452.386..9497.896 rows=14895 loops=1)
         Buffers: shared hit=723705 read=263225, temp read=1774 written=1774
         ->  Hash Join  (cost=92605.65..702285.09 rows=468 width=4) (actual time=449.167..8360.583 rows=33206 loops=1)
               Hash Cond: (ci.role_id = rt.id)
               Buffers: shared hit=608459 read=245647, temp read=1774 written=1774
               ->  Nested Loop  (cost=92604.48..702273.94 rows=2809 width=8) (actual time=449.095..8302.929 rows=354114 loops=1)
                     Buffers: shared hit=608458 read=245647, temp read=1774 written=1774
                     ->  Nested Loop  (cost=92604.04..693504.98 rows=196 width=12) (actual time=449.063..4451.909 rows=27976 loops=1)
                           Buffers: shared hit=288709 read=141404, temp read=1774 written=1774
                           ->  Seq Scan on info_type it2  (cost=0.00..2.41 rows=1 width=4) (actual time=0.026..0.036 rows=1 loops=1)
                                 Filter: (id = 2)
                                 Rows Removed by Filter: 112
                                 Buffers: shared hit=1
                           ->  Nested Loop  (cost=92604.04..693500.61 rows=196 width=16) (actual time=449.035..4446.109 rows=27976 loops=1)
                                 Buffers: shared hit=288708 read=141404, temp read=1774 written=1774
                                 ->  Seq Scan on info_type it1  (cost=0.00..2.41 rows=1 width=4) (actual time=0.008..0.020 rows=1 loops=1)
                                       Filter: (id = 3)
                                       Rows Removed by Filter: 112
                                       Buffers: shared hit=1
                                 ->  Nested Loop  (cost=92604.04..693496.24 rows=196 width=20) (actual time=449.024..4440.271 rows=27976 loops=1)
                                       Buffers: shared hit=288707 read=141404, temp read=1774 written=1774
                                       ->  Hash Join  (cost=92603.60..436735.59 rows=5937 width=12) (actual time=448.937..1210.358 rows=40992 loops=1)
                                             Hash Cond: (mi2.movie_id = t.id)
                                             Buffers: shared hit=7070 read=46865, temp read=1774 written=1774
                                             ->  Bitmap Heap Scan on movie_info mi2  (cost=13878.84..356259.28 rows=89381 width=8) (actual time=38.304..453.081 rows=1000514 loops=1)
                                                   Recheck Cond: (info_type_id = 2)
                                                   Filter: ((info)::text = 'Color'::text)
                                                   Rows Removed by Filter: 288414
                                                   Heap Blocks: exact=16526
                                                   Buffers: shared hit=5 read=17538
                                                   ->  Bitmap Index Scan on info_type_id_movie_info  (cost=0.00..13856.49 rows=1296008 width=0) (actual time=36.113..36.114 rows=1288928 loops=1)
                                                         Index Cond: (info_type_id = 2)
                                                         Buffers: shared read=1017
                                             ->  Hash  (cost=75968.50..75968.50 rows=167941 width=4) (actual time=408.059..408.062 rows=44292 loops=1)
                                                   Buckets: 262144  Batches: 2  Memory Usage: 2832kB
                                                   Buffers: shared hit=7065 read=29327, temp written=64
                                                   ->  Hash Join  (cost=1.13..75968.50 rows=167941 width=4) (actual time=0.078..399.244 rows=44292 loops=1)
                                                         Hash Cond: (t.kind_id = kt.id)
                                                         Buffers: shared hit=7065 read=29327
                                                         ->  Seq Scan on title t  (cost=0.00..74315.95 rows=391862 width=8) (actual time=0.029..374.072 rows=386415 loops=1)
                                                               Filter: ((production_year <= 1997) AND (1981 < production_year))
                                                               Rows Removed by Filter: 2141897
                                                               Buffers: shared hit=7064 read=29327
                                                         ->  Hash  (cost=1.10..1.10 rows=3 width=4) (actual time=0.014..0.015 rows=3 loops=1)
                                                               Buckets: 1024  Batches: 1  Memory Usage: 9kB
                                                               Buffers: shared hit=1
                                                               ->  Seq Scan on kind_type kt  (cost=0.00..1.10 rows=3 width=4) (actual time=0.008..0.009 rows=3 loops=1)
                                                                     Filter: ((kind)::text = ANY ('{"tv series","video game","video movie"}'::text[]))
                                                                     Rows Removed by Filter: 4
                                                                     Buffers: shared hit=1
                                       ->  Index Scan using movie_id_movie_info on movie_info mi1  (cost=0.43..43.24 rows=1 width=8) (actual time=0.077..0.078 rows=1 loops=40992)
                                             Index Cond: (movie_id = t.id)
                                             Filter: ((info_type_id = 3) AND ((info)::text = ANY ('{Action,Adult,Animation,Comedy,Crime,Music,Sci-Fi,Short}'::text[])))
                                             Rows Removed by Filter: 8
                                             Buffers: shared hit=281637 read=94539
                     ->  Index Scan using movie_id_cast_info on cast_info ci  (cost=0.44..44.36 rows=38 width=12) (actual time=0.033..0.134 rows=13 loops=27976)
                           Index Cond: (movie_id = t.id)
                           Buffers: shared hit=319749 read=104243
               ->  Hash  (cost=1.15..1.15 rows=2 width=4) (actual time=0.029..0.030 rows=2 loops=1)
                     Buckets: 1024  Batches: 1  Memory Usage: 9kB
                     Buffers: shared hit=1
                     ->  Seq Scan on role_type rt  (cost=0.00..1.15 rows=2 width=4) (actual time=0.023..0.024 rows=2 loops=1)
                           Filter: ((role)::text = ANY ('{editor,writer}'::text[]))
                           Rows Removed by Filter: 10
                           Buffers: shared hit=1
         ->  Index Scan using name_pkey on name n  (cost=0.43..2.32 rows=1 width=4) (actual time=0.034..0.034 rows=0 loops=33206)
               Index Cond: (id = ci.person_id)
               Filter: ((gender)::text = ANY ('{f,m}'::text[]))
               Rows Removed by Filter: 1
               Buffers: shared hit=115246 read=17578
 Planning:
   Buffers: shared hit=486 read=88
 Planning Time: 13.161 ms
 Execution Time: 9501.466 ms
(76 rows)

