                                                                                               QUERY PLAN                                                                                               
--------------------------------------------------------------------------------------------------------------------------------------------------------------------------------------------------------
 Aggregate  (cost=966578.97..966578.98 rows=1 width=8) (actual time=101609.632..101609.643 rows=1 loops=1)
   Buffers: shared hit=8522871 read=1951700, temp read=16913 written=16913
   ->  Nested Loop  (cost=471655.15..966577.26 rows=684 width=0) (actual time=1863.678..101602.610 rows=17349 loops=1)
         Buffers: shared hit=8522871 read=1951700, temp read=16913 written=16913
         ->  Seq Scan on info_type it2  (cost=0.00..2.41 rows=1 width=4) (actual time=0.055..0.065 rows=1 loops=1)
               Filter: (id = 2)
               Rows Removed by Filter: 112
               Buffers: shared hit=1
         ->  Nested Loop  (cost=471655.15..966568.01 rows=684 width=4) (actual time=1863.621..101597.946 rows=17349 loops=1)
               Buffers: shared hit=8522870 read=1951700, temp read=16913 written=16913
               ->  Seq Scan on info_type it1  (cost=0.00..2.41 rows=1 width=4) (actual time=0.007..0.019 rows=1 loops=1)
                     Filter: (id = 3)
                     Rows Removed by Filter: 112
                     Buffers: shared hit=1
               ->  Nested Loop  (cost=471655.15..966558.76 rows=684 width=8) (actual time=1863.611..101592.935 rows=17349 loops=1)
                     Buffers: shared hit=8522869 read=1951700, temp read=16913 written=16913
                     ->  Hash Join  (cost=471654.72..959732.41 rows=2943 width=12) (actual time=1847.308..85510.410 rows=455871 loops=1)
                           Hash Cond: (ci.role_id = rt.id)
                           Buffers: shared hit=6893238 read=1757847, temp read=16913 written=16913
                           ->  Nested Loop  (cost=471653.55..959668.51 rows=17659 width=16) (actual time=1847.270..84188.557 rows=7374597 loops=1)
                                 Buffers: shared hit=6893237 read=1757847, temp read=16913 written=16913
                                 ->  Hash Join  (cost=471653.11..905786.31 rows=1232 width=20) (actual time=1847.222..3477.240 rows=478951 loops=1)
                                       Hash Cond: (mi1.movie_id = t.id)
                                       Buffers: shared hit=22379 read=42531, temp read=16913 written=16913
                                       ->  Bitmap Heap Scan on movie_info mi1  (cost=16471.53..450246.41 rows=92269 width=8) (actual time=41.444..771.785 rows=858904 loops=1)
                                             Recheck Cond: (info_type_id = 3)
                                             Filter: ((info)::text = ANY ('{Adult,Comedy,Documentary,History,Mystery,Short,Sport,Thriller}'::text[]))
                                             Rows Removed by Filter: 675005
                                             Heap Blocks: exact=9772
                                             Buffers: shared hit=997 read=9978
                                             ->  Bitmap Index Scan on info_type_id_movie_info  (cost=0.00..16448.47 rows=1538671 width=0) (actual time=40.247..40.247 rows=1533909 loops=1)
                                                   Index Cond: (info_type_id = 3)
                                                   Buffers: shared read=1203
                                       ->  Hash  (cost=454759.47..454759.47 rows=33768 width=12) (actual time=1805.161..1805.167 rows=663925 loops=1)
                                             Buckets: 262144 (originally 65536)  Batches: 8 (originally 1)  Memory Usage: 6145kB
                                             Buffers: shared hit=21382 read=32553, temp read=10357 written=12623
                                             ->  Hash Join  (cost=107800.70..454759.47 rows=33768 width=12) (actual time=893.484..1698.131 rows=663925 loops=1)
                                                   Hash Cond: (mi2.movie_id = t.id)
                                                   Buffers: shared hit=21382 read=32553, temp read=10357 written=10357
                                                   ->  Bitmap Heap Scan on movie_info mi2  (cost=13885.07..356265.51 rows=114308 width=8) (actual time=34.663..358.821 rows=1288928 loops=1)
                                                         Recheck Cond: (info_type_id = 2)
                                                         Filter: ((info)::text = ANY ('{"Black and White",Color}'::text[]))
                                                         Heap Blocks: exact=16526
                                                         Buffers: shared hit=3691 read=13852
                                                         ->  Bitmap Index Scan on info_type_id_movie_info  (cost=0.00..13856.49 rows=1296008 width=0) (actual time=32.477..32.477 rows=1288928 loops=1)
                                                               Index Cond: (info_type_id = 2)
                                                               Buffers: shared hit=1 read=1016
                                                   ->  Hash  (cost=81661.50..81661.50 rows=746890 width=4) (actual time=857.665..857.669 rows=1610551 loops=1)
                                                         Buckets: 262144 (originally 262144)  Batches: 16 (originally 8)  Memory Usage: 6145kB
                                                         Buffers: shared hit=17691 read=18701, temp written=4414
                                                         ->  Hash Join  (cost=1.13..81661.50 rows=746890 width=4) (actual time=0.057..645.547 rows=1610551 loops=1)
                                                               Hash Cond: (t.kind_id = kt.id)
                                                               Buffers: shared hit=17691 read=18701
                                                               ->  Seq Scan on title t  (cost=0.00..74315.95 rows=1742744 width=8) (actual time=0.027..451.119 rows=1748995 loops=1)
                                                                     Filter: ((production_year <= 2015) AND (1990 < production_year))
                                                                     Rows Removed by Filter: 779317
                                                                     Buffers: shared hit=17690 read=18701
                                                               ->  Hash  (cost=1.10..1.10 rows=3 width=4) (actual time=0.014..0.016 rows=3 loops=1)
                                                                     Buckets: 1024  Batches: 1  Memory Usage: 9kB
                                                                     Buffers: shared hit=1
                                                                     ->  Seq Scan on kind_type kt  (cost=0.00..1.10 rows=3 width=4) (actual time=0.008..0.010 rows=3 loops=1)
                                                                           Filter: ((kind)::text = ANY ('{episode,movie,"video movie"}'::text[]))
                                                                           Rows Removed by Filter: 4
                                                                           Buffers: shared hit=1
                                 ->  Index Scan using movie_id_cast_info on cast_info ci  (cost=0.44..43.36 rows=38 width=12) (actual time=0.035..0.164 rows=15 loops=478951)
                                       Index Cond: (movie_id = t.id)
                                       Buffers: shared hit=6870858 read=1715316
                           ->  Hash  (cost=1.15..1.15 rows=2 width=4) (actual time=0.017..0.017 rows=2 loops=1)
                                 Buckets: 1024  Batches: 1  Memory Usage: 9kB
                                 Buffers: shared hit=1
                                 ->  Seq Scan on role_type rt  (cost=0.00..1.15 rows=2 width=4) (actual time=0.009..0.010 rows=2 loops=1)
                                       Filter: ((role)::text = ANY ('{cinematographer,"production designer"}'::text[]))
                                       Rows Removed by Filter: 10
                                       Buffers: shared hit=1
                     ->  Index Scan using name_pkey on name n  (cost=0.43..2.32 rows=1 width=4) (actual time=0.035..0.035 rows=0 loops=455871)
                           Index Cond: (id = ci.person_id)
                           Filter: ((gender)::text = 'f'::text)
                           Rows Removed by Filter: 1
                           Buffers: shared hit=1629631 read=193853
 Planning:
   Buffers: shared hit=529 read=45
 Planning Time: 12.725 ms
 Execution Time: 101610.332 ms
(83 rows)

