                                                                                            QUERY PLAN                                                                                            
--------------------------------------------------------------------------------------------------------------------------------------------------------------------------------------------------
 Aggregate  (cost=741222.49..741222.50 rows=1 width=8) (actual time=4754.719..4754.730 rows=1 loops=1)
   Buffers: shared hit=360988 read=111630, temp read=885 written=885
   ->  Nested Loop  (cost=99569.26..741221.50 rows=397 width=0) (actual time=492.111..4750.693 rows=30593 loops=1)
         Buffers: shared hit=360988 read=111630, temp read=885 written=885
         ->  Hash Join  (cost=99568.83..739808.91 rows=609 width=4) (actual time=492.057..3618.510 rows=34231 loops=1)
               Hash Cond: (ci.role_id = rt.id)
               Buffers: shared hit=234446 read=101248, temp read=885 written=885
               ->  Nested Loop  (cost=99567.65..739794.75 rows=3655 width=8) (actual time=491.970..3579.608 rows=226536 loops=1)
                     Buffers: shared hit=234445 read=101248, temp read=885 written=885
                     ->  Nested Loop  (cost=99567.21..728585.35 rows=255 width=12) (actual time=491.707..1712.690 rows=6412 loops=1)
                           Buffers: shared hit=57375 read=62019, temp read=885 written=885
                           ->  Seq Scan on info_type it2  (cost=0.00..2.41 rows=1 width=4) (actual time=0.024..0.035 rows=1 loops=1)
                                 Filter: (id = 2)
                                 Rows Removed by Filter: 112
                                 Buffers: shared hit=1
                           ->  Nested Loop  (cost=99567.21..728580.39 rows=255 width=16) (actual time=491.681..1711.308 rows=6412 loops=1)
                                 Buffers: shared hit=57374 read=62019, temp read=885 written=885
                                 ->  Seq Scan on info_type it1  (cost=0.00..2.41 rows=1 width=4) (actual time=0.006..0.019 rows=1 loops=1)
                                       Filter: (id = 3)
                                       Rows Removed by Filter: 112
                                       Buffers: shared hit=1
                                 ->  Nested Loop  (cost=99567.21..728575.43 rows=255 width=20) (actual time=491.673..1710.014 rows=6412 loops=1)
                                       Buffers: shared hit=57373 read=62019, temp read=885 written=885
                                       ->  Hash Join  (cost=99566.78..489756.57 rows=5631 width=12) (actual time=491.543..1071.778 rows=6368 loops=1)
                                             Hash Cond: (mi1.movie_id = t.id)
                                             Buffers: shared hit=3340 read=44027, temp read=885 written=885
                                             ->  Bitmap Heap Scan on movie_info mi1  (cost=16461.08..404907.32 rows=50468 width=8) (actual time=40.654..482.613 rows=482829 loops=1)
                                                   Recheck Cond: (info_type_id = 3)
                                                   Filter: ((info)::text = ANY ('{Action,Fantasy,Horror,Sci-Fi,Short}'::text[]))
                                                   Rows Removed by Filter: 1051080
                                                   Heap Blocks: exact=9772
                                                   Buffers: shared hit=3339 read=7636
                                                   ->  Bitmap Index Scan on info_type_id_movie_info  (cost=0.00..16448.47 rows=1538671 width=0) (actual time=39.438..39.438 rows=1533909 loops=1)
                                                         Index Cond: (info_type_id = 3)
                                                         Buffers: shared read=1203
                                             ->  Hash  (cost=78477.72..78477.72 rows=282078 width=4) (actual time=449.810..449.814 rows=40361 loops=1)
                                                   Buckets: 262144  Batches: 2  Memory Usage: 2752kB
                                                   Buffers: shared hit=1 read=36391, temp written=59
                                                   ->  Hash Join  (cost=1.11..78477.72 rows=282078 width=4) (actual time=0.047..441.842 rows=40361 loops=1)
                                                         Hash Cond: (t.kind_id = kt.id)
                                                         Buffers: shared hit=1 read=36391
                                                         ->  Seq Scan on title t  (cost=0.00..74315.95 rows=987274 width=8) (actual time=0.020..385.869 rows=989787 loops=1)
                                                               Filter: ((production_year <= 2010) AND (2000 < production_year))
                                                               Rows Removed by Filter: 1538525
                                                               Buffers: shared read=36391
                                                         ->  Hash  (cost=1.09..1.09 rows=2 width=4) (actual time=0.018..0.019 rows=2 loops=1)
                                                               Buckets: 1024  Batches: 1  Memory Usage: 9kB
                                                               Buffers: shared hit=1
                                                               ->  Seq Scan on kind_type kt  (cost=0.00..1.09 rows=2 width=4) (actual time=0.007..0.008 rows=2 loops=1)
                                                                     Filter: ((kind)::text = ANY ('{"tv series","video game"}'::text[]))
                                                                     Rows Removed by Filter: 5
                                                                     Buffers: shared hit=1
                                       ->  Index Scan using movie_id_movie_info on movie_info mi2  (cost=0.43..42.40 rows=1 width=8) (actual time=0.083..0.100 rows=1 loops=6368)
                                             Index Cond: (movie_id = t.id)
                                             Filter: (((info)::text = ANY ('{"Black and White",Color}'::text[])) AND (info_type_id = 2))
                                             Rows Removed by Filter: 18
                                             Buffers: shared hit=54033 read=17992
                     ->  Index Scan using movie_id_cast_info on cast_info ci  (cost=0.44..43.58 rows=38 width=12) (actual time=0.032..0.284 rows=35 loops=6412)
                           Index Cond: (movie_id = t.id)
                           Buffers: shared hit=177070 read=39229
               ->  Hash  (cost=1.15..1.15 rows=2 width=4) (actual time=0.043..0.043 rows=2 loops=1)
                     Buckets: 1024  Batches: 1  Memory Usage: 9kB
                     Buffers: shared hit=1
                     ->  Seq Scan on role_type rt  (cost=0.00..1.15 rows=2 width=4) (actual time=0.036..0.038 rows=2 loops=1)
                           Filter: ((role)::text = ANY ('{actress,director}'::text[]))
                           Rows Removed by Filter: 10
                           Buffers: shared hit=1
         ->  Index Scan using name_pkey on name n  (cost=0.43..2.32 rows=1 width=4) (actual time=0.033..0.033 rows=1 loops=34231)
               Index Cond: (id = ci.person_id)
               Filter: ((gender)::text = ANY ('{f,m}'::text[]))
               Rows Removed by Filter: 0
               Buffers: shared hit=126542 read=10382
 Planning:
   Buffers: shared hit=484 read=90
 Planning Time: 12.992 ms
 Execution Time: 4755.346 ms
(76 rows)

