                                                                                                  QUERY PLAN                                                                                                  
--------------------------------------------------------------------------------------------------------------------------------------------------------------------------------------------------------------
 Aggregate  (cost=917039.19..917039.20 rows=1 width=8) (actual time=44570.151..44570.160 rows=1 loops=1)
   Buffers: shared hit=4046201 read=519999, temp read=13523 written=13127
   ->  Nested Loop  (cost=820041.03..917036.91 rows=912 width=0) (actual time=1337.995..44558.238 rows=52123 loops=1)
         Buffers: shared hit=4046201 read=519999, temp read=13523 written=13127
         ->  Seq Scan on info_type it2  (cost=0.00..2.41 rows=1 width=4) (actual time=0.039..0.050 rows=1 loops=1)
               Filter: (id = 2)
               Rows Removed by Filter: 112
               Buffers: shared read=1
         ->  Nested Loop  (cost=820041.03..917025.38 rows=912 width=4) (actual time=1337.954..44546.778 rows=52123 loops=1)
               Buffers: shared hit=4046201 read=519998, temp read=13523 written=13127
               ->  Seq Scan on info_type it1  (cost=0.00..2.41 rows=1 width=4) (actual time=0.012..0.025 rows=1 loops=1)
                     Filter: (id = 3)
                     Rows Removed by Filter: 112
                     Buffers: shared hit=1
               ->  Nested Loop  (cost=820041.03..917013.85 rows=912 width=8) (actual time=1337.940..44534.436 rows=52123 loops=1)
                     Buffers: shared hit=4046200 read=519998, temp read=13523 written=13127
                     ->  Hash Join  (cost=820040.60..911971.21 rows=2174 width=12) (actual time=1337.898..39478.299 rows=140249 loops=1)
                           Hash Cond: (ci.role_id = rt.id)
                           Buffers: shared hit=3537568 read=467634, temp read=13523 written=13127
                           ->  Nested Loop  (cost=820039.43..911923.70 rows=13044 width=16) (actual time=1337.784..39108.975 rows=1818496 loops=1)
                                 Buffers: shared hit=3537567 read=467634, temp read=13523 written=13127
                                 ->  Nested Loop  (cost=820038.99..872193.40 rows=910 width=20) (actual time=1337.759..19399.938 rows=80152 loops=1)
                                       Buffers: shared hit=1945986 read=65124, temp read=13523 written=13127
                                       ->  Nested Loop  (cost=820038.84..872141.54 rows=2123 width=24) (actual time=1337.744..19083.927 rows=461995 loops=1)
                                             Join Filter: (t.id = mi1.movie_id)
                                             Buffers: shared hit=1945976 read=65122, temp read=13523 written=13127
                                             ->  Merge Join  (cost=820038.41..821029.27 rows=16749 width=16) (actual time=1337.676..2108.210 rows=495645 loops=1)
                                                   Merge Cond: (mi1.movie_id = mi2.movie_id)
                                                   Buffers: shared hit=3 read=28515, temp read=13523 written=13127
                                                   ->  Sort  (cost=454169.56..454295.48 rows=50366 width=8) (actual time=582.726..678.642 rows=498116 loops=1)
                                                         Sort Key: mi1.movie_id
                                                         Sort Method: external sort  Disk: 10760kB
                                                         Buffers: shared hit=1 read=10974, temp read=2686 written=2692
                                                         ->  Bitmap Heap Scan on movie_info mi1  (cost=16461.06..450235.94 rows=50366 width=8) (actual time=43.087..457.292 rows=498116 loops=1)
                                                               Recheck Cond: (info_type_id = 3)
                                                               Filter: ((info)::text = ANY ('{Action,Adult,Crime,Drama,History,Music,Romance,Sci-Fi}'::text[]))
                                                               Rows Removed by Filter: 1035793
                                                               Heap Blocks: exact=9772
                                                               Buffers: shared hit=1 read=10974
                                                               ->  Bitmap Index Scan on info_type_id_movie_info  (cost=0.00..16448.47 rows=1538671 width=0) (actual time=41.889..41.889 rows=1533909 loops=1)
                                                                     Index Cond: (info_type_id = 3)
                                                                     Buffers: shared read=1203
                                                   ->  Sort  (cost=365868.85..366154.62 rows=114308 width=8) (actual time=754.939..995.920 rows=1375324 loops=1)
                                                         Sort Key: mi2.movie_id
                                                         Sort Method: external sort  Disk: 27832kB
                                                         Buffers: shared hit=2 read=17541, temp read=10627 written=10435
                                                         ->  Bitmap Heap Scan on movie_info mi2  (cost=13885.07..356265.51 rows=114308 width=8) (actual time=32.138..364.552 rows=1288928 loops=1)
                                                               Recheck Cond: (info_type_id = 2)
                                                               Filter: ((info)::text = ANY ('{"Black and White",Color}'::text[]))
                                                               Heap Blocks: exact=16526
                                                               Buffers: shared hit=2 read=17541
                                                               ->  Bitmap Index Scan on info_type_id_movie_info  (cost=0.00..13856.49 rows=1296008 width=0) (actual time=29.977..29.977 rows=1288928 loops=1)
                                                                     Index Cond: (info_type_id = 2)
                                                                     Buffers: shared hit=1 read=1016
                                             ->  Index Scan using title_pkey on title t  (cost=0.43..3.04 rows=1 width=8) (actual time=0.034..0.034 rows=1 loops=495645)
                                                   Index Cond: (id = mi2.movie_id)
                                                   Filter: ((production_year <= 2015) AND (1925 < production_year))
                                                   Rows Removed by Filter: 0
                                                   Buffers: shared hit=1945973 read=36607
                                       ->  Memoize  (cost=0.14..0.16 rows=1 width=4) (actual time=0.000..0.000 rows=0 loops=461995)
                                             Cache Key: t.kind_id
                                             Cache Mode: logical
                                             Hits: 461989  Misses: 6  Evictions: 0  Overflows: 0  Memory Usage: 1kB
                                             Buffers: shared hit=10 read=2
                                             ->  Index Scan using kind_type_pkey on kind_type kt  (cost=0.13..0.15 rows=1 width=4) (actual time=0.012..0.012 rows=0 loops=6)
                                                   Index Cond: (id = t.kind_id)
                                                   Filter: ((kind)::text = ANY ('{"tv movie","tv series","video game"}'::text[]))
                                                   Rows Removed by Filter: 0
                                                   Buffers: shared hit=10 read=2
                                 ->  Index Scan using movie_id_cast_info on cast_info ci  (cost=0.44..43.28 rows=38 width=12) (actual time=0.036..0.239 rows=23 loops=80152)
                                       Index Cond: (movie_id = t.id)
                                       Buffers: shared hit=1591581 read=402510
                           ->  Hash  (cost=1.15..1.15 rows=2 width=4) (actual time=0.022..0.023 rows=2 loops=1)
                                 Buckets: 1024  Batches: 1  Memory Usage: 9kB
                                 Buffers: shared hit=1
                                 ->  Seq Scan on role_type rt  (cost=0.00..1.15 rows=2 width=4) (actual time=0.011..0.013 rows=2 loops=1)
                                       Filter: ((role)::text = ANY ('{composer,writer}'::text[]))
                                       Rows Removed by Filter: 10
                                       Buffers: shared hit=1
                     ->  Index Scan using name_pkey on name n  (cost=0.43..2.32 rows=1 width=4) (actual time=0.035..0.035 rows=0 loops=140249)
                           Index Cond: (id = ci.person_id)
                           Filter: ((gender)::text = 'm'::text)
                           Rows Removed by Filter: 1
                           Buffers: shared hit=508632 read=52364
 Planning:
   Buffers: shared hit=486 read=88
 Planning Time: 14.229 ms
 Execution Time: 44582.021 ms
(88 rows)

