                                                                                               QUERY PLAN                                                                                                
---------------------------------------------------------------------------------------------------------------------------------------------------------------------------------------------------------
 Aggregate  (cost=437687.85..437687.86 rows=1 width=8) (actual time=2443.469..2443.474 rows=1 loops=1)
   Buffers: shared hit=156520 read=65780
   ->  Nested Loop  (cost=74992.35..437687.83 rows=8 width=0) (actual time=389.254..2443.393 rows=484 loops=1)
         Buffers: shared hit=156520 read=65780
         ->  Seq Scan on info_type it2  (cost=0.00..2.41 rows=1 width=4) (actual time=0.038..0.043 rows=1 loops=1)
               Filter: (id = 2)
               Rows Removed by Filter: 112
               Buffers: shared hit=1
         ->  Nested Loop  (cost=74992.35..437685.34 rows=8 width=4) (actual time=389.214..2443.292 rows=484 loops=1)
               Buffers: shared hit=156519 read=65780
               ->  Seq Scan on info_type it1  (cost=0.00..2.41 rows=1 width=4) (actual time=0.009..0.015 rows=1 loops=1)
                     Filter: (id = 3)
                     Rows Removed by Filter: 112
                     Buffers: shared hit=1
               ->  Nested Loop  (cost=74992.35..437682.85 rows=8 width=8) (actual time=389.204..2443.220 rows=484 loops=1)
                     Join Filter: (t.id = mi1.movie_id)
                     Buffers: shared hit=156518 read=65780
                     ->  Nested Loop  (cost=74991.92..429512.82 rows=193 width=16) (actual time=389.167..2419.796 rows=358 loops=1)
                           Join Filter: (t.id = mi2.movie_id)
                           Buffers: shared hit=152364 read=65280
                           ->  Nested Loop  (cost=74991.48..249808.23 rows=4271 width=8) (actual time=389.098..2384.817 rows=355 loops=1)
                                 Buffers: shared hit=150431 read=62710
                                 ->  Hash Join  (cost=74991.05..207154.58 rows=18389 width=12) (actual time=384.856..1800.770 rows=35302 loops=1)
                                       Hash Cond: (t.kind_id = kt.id)
                                       Buffers: shared hit=14076 read=57857
                                       ->  Hash Join  (cost=74989.94..206882.22 rows=64364 width=16) (actual time=384.806..1794.628 rows=35885 loops=1)
                                             Hash Cond: (ci.movie_id = t.id)
                                             Buffers: shared hit=14075 read=57857
                                             ->  Nested Loop  (cost=0.44..123965.00 rows=3020080 width=8) (actual time=0.102..1016.845 rows=4008037 loops=1)
                                                   Buffers: shared hit=7003 read=28538
                                                   ->  Seq Scan on role_type rt  (cost=0.00..1.15 rows=1 width=4) (actual time=0.009..0.011 rows=1 loops=1)
                                                         Filter: ((role)::text = 'producer'::text)
                                                         Rows Removed by Filter: 11
                                                         Buffers: shared hit=1
                                                   ->  Index Scan using role_id_cast_info on cast_info ci  (cost=0.44..91017.52 rows=3294633 width=12) (actual time=0.091..685.049 rows=4008037 loops=1)
                                                         Index Cond: (role_id = rt.id)
                                                         Buffers: shared hit=7002 read=28538
                                             ->  Hash  (cost=74315.95..74315.95 rows=53884 width=8) (actual time=384.170..384.171 rows=51669 loops=1)
                                                   Buckets: 65536  Batches: 1  Memory Usage: 2531kB
                                                   Buffers: shared hit=7072 read=29319
                                                   ->  Seq Scan on title t  (cost=0.00..74315.95 rows=53884 width=8) (actual time=0.503..374.069 rows=51669 loops=1)
                                                         Filter: ((production_year <= 1949) AND (1928 < production_year))
                                                         Rows Removed by Filter: 2476643
                                                         Buffers: shared hit=7072 read=29319
                                       ->  Hash  (cost=1.09..1.09 rows=2 width=4) (actual time=0.022..0.022 rows=2 loops=1)
                                             Buckets: 1024  Batches: 1  Memory Usage: 9kB
                                             Buffers: shared hit=1
                                             ->  Seq Scan on kind_type kt  (cost=0.00..1.09 rows=2 width=4) (actual time=0.013..0.016 rows=2 loops=1)
                                                   Filter: ((kind)::text = ANY ('{episode,movie}'::text[]))
                                                   Rows Removed by Filter: 5
                                                   Buffers: shared hit=1
                                 ->  Index Scan using name_pkey on name n  (cost=0.43..2.32 rows=1 width=4) (actual time=0.016..0.016 rows=0 loops=35302)
                                       Index Cond: (id = ci.person_id)
                                       Filter: ((gender)::text = 'f'::text)
                                       Rows Removed by Filter: 1
                                       Buffers: shared hit=136355 read=4853
                           ->  Index Scan using movie_id_movie_info on movie_info mi2  (cost=0.43..42.06 rows=1 width=8) (actual time=0.089..0.098 rows=1 loops=355)
                                 Index Cond: (movie_id = ci.movie_id)
                                 Filter: (((info)::text = ANY ('{"Black and White",Color}'::text[])) AND (info_type_id = 2))
                                 Rows Removed by Filter: 17
                                 Buffers: shared hit=1933 read=2570
                     ->  Index Scan using movie_id_movie_info on movie_info mi1  (cost=0.43..42.32 rows=1 width=8) (actual time=0.064..0.065 rows=1 loops=358)
                           Index Cond: (movie_id = ci.movie_id)
                           Filter: ((info_type_id = 3) AND ((info)::text = ANY ('{Animation,Comedy,Documentary,Drama,Musical,Romance,Short}'::text[])))
                           Rows Removed by Filter: 17
                           Buffers: shared hit=4154 read=500
 Planning:
   Buffers: shared hit=485 read=89
 Planning Time: 13.224 ms
 Execution Time: 2443.985 ms
(70 rows)

