                                                                                               QUERY PLAN                                                                                               
--------------------------------------------------------------------------------------------------------------------------------------------------------------------------------------------------------
 Aggregate  (cost=916162.37..916162.38 rows=1 width=8) (actual time=22362.266..22362.278 rows=1 loops=1)
   Buffers: shared hit=1780690 read=466815, temp read=6765 written=6765
   ->  Nested Loop  (cost=475132.36..916161.37 rows=401 width=0) (actual time=1304.239..22361.529 rows=1241 loops=1)
         Buffers: shared hit=1780690 read=466815, temp read=6765 written=6765
         ->  Seq Scan on info_type it2  (cost=0.00..2.41 rows=1 width=4) (actual time=0.039..0.049 rows=1 loops=1)
               Filter: (id = 2)
               Rows Removed by Filter: 112
               Buffers: shared hit=1
         ->  Nested Loop  (cost=475132.36..916154.95 rows=401 width=4) (actual time=1304.198..22361.076 rows=1241 loops=1)
               Buffers: shared hit=1780689 read=466815, temp read=6765 written=6765
               ->  Seq Scan on info_type it1  (cost=0.00..2.41 rows=1 width=4) (actual time=0.009..0.023 rows=1 loops=1)
                     Filter: (id = 3)
                     Rows Removed by Filter: 112
                     Buffers: shared hit=1
               ->  Nested Loop  (cost=475132.36..916148.52 rows=401 width=8) (actual time=1304.186..22360.648 rows=1241 loops=1)
                     Buffers: shared hit=1780688 read=466815, temp read=6765 written=6765
                     ->  Hash Join  (cost=475131.93..912140.39 rows=1728 width=12) (actual time=1304.150..20891.517 rows=43921 loops=1)
                           Hash Cond: (ci.role_id = rt.id)
                           Buffers: shared hit=1622871 read=448948, temp read=6765 written=6765
                           ->  Nested Loop  (cost=475130.77..912065.56 rows=20741 width=16) (actual time=1302.714..20598.909 rows=1847703 loops=1)
                                 Buffers: shared hit=1622870 read=448948, temp read=6765 written=6765
                                 ->  Hash Join  (cost=475130.33..848834.99 rows=1447 width=20) (actual time=1302.657..2290.066 rows=84437 loops=1)
                                       Hash Cond: (mi1.movie_id = t.id)
                                       Buffers: shared hit=7040 read=57870, temp read=6765 written=6765
                                       ->  Bitmap Heap Scan on movie_info mi1  (cost=16472.07..389808.75 rows=94269 width=8) (actual time=41.768..547.187 rows=899616 loops=1)
                                             Recheck Cond: (info_type_id = 3)
                                             Filter: ((info)::text = ANY ('{Action,Adult,Biography,Comedy,Fantasy,History,Horror,Music,Mystery,Romance,Sci-Fi,Short,Thriller}'::text[]))
                                             Rows Removed by Filter: 634293
                                             Heap Blocks: exact=9772
                                             Buffers: shared hit=8 read=10967
                                             ->  Bitmap Index Scan on info_type_id_movie_info  (cost=0.00..16448.47 rows=1538671 width=0) (actual time=40.576..40.576 rows=1533909 loops=1)
                                                   Index Cond: (info_type_id = 3)
                                                   Buffers: shared read=1203
                                       ->  Hash  (cost=458173.12..458173.12 rows=38811 width=12) (actual time=1260.606..1260.612 rows=168495 loops=1)
                                             Buckets: 262144 (originally 65536)  Batches: 2 (originally 1)  Memory Usage: 6145kB
                                             Buffers: shared hit=7032 read=46903, temp read=4308 written=4637
                                             ->  Hash Join  (cost=110727.92..458173.12 rows=38811 width=12) (actual time=612.548..1229.282 rows=168495 loops=1)
                                                   Hash Cond: (mi2.movie_id = t.id)
                                                   Buffers: shared hit=7032 read=46903, temp read=4308 written=4308
                                                   ->  Bitmap Heap Scan on movie_info mi2  (cost=13885.07..356265.51 rows=114308 width=8) (actual time=34.216..368.277 rows=1288928 loops=1)
                                                         Recheck Cond: (info_type_id = 2)
                                                         Filter: ((info)::text = ANY ('{"Black and White",Color}'::text[]))
                                                         Heap Blocks: exact=16526
                                                         Buffers: shared hit=317 read=17226
                                                         ->  Bitmap Index Scan on info_type_id_movie_info  (cost=0.00..13856.49 rows=1296008 width=0) (actual time=32.039..32.039 rows=1288928 loops=1)
                                                               Index Cond: (info_type_id = 2)
                                                               Buffers: shared hit=1 read=1016
                                                   ->  Hash  (cost=82758.38..82758.38 rows=858437 width=4) (actual time=575.689..575.692 rows=174146 loops=1)
                                                         Buckets: 262144  Batches: 8  Memory Usage: 2813kB
                                                         Buffers: shared hit=6715 read=29677, temp written=443
                                                         ->  Hash Join  (cost=1.13..82758.38 rows=858437 width=4) (actual time=0.053..550.536 rows=174146 loops=1)
                                                               Hash Cond: (t.kind_id = kt.id)
                                                               Buffers: shared hit=6715 read=29677
                                                               ->  Seq Scan on title t  (cost=0.00..74315.95 rows=2003019 width=8) (actual time=0.024..433.386 rows=2004612 loops=1)
                                                                     Filter: ((production_year <= 2015) AND (1975 < production_year))
                                                                     Rows Removed by Filter: 523700
                                                                     Buffers: shared hit=6714 read=29677
                                                               ->  Hash  (cost=1.10..1.10 rows=3 width=4) (actual time=0.012..0.013 rows=3 loops=1)
                                                                     Buckets: 1024  Batches: 1  Memory Usage: 9kB
                                                                     Buffers: shared hit=1
                                                                     ->  Seq Scan on kind_type kt  (cost=0.00..1.10 rows=3 width=4) (actual time=0.007..0.008 rows=3 loops=1)
                                                                           Filter: ((kind)::text = ANY ('{"tv movie","tv series","video game"}'::text[]))
                                                                           Rows Removed by Filter: 4
                                                                           Buffers: shared hit=1
                                 ->  Index Scan using movie_id_cast_info on cast_info ci  (cost=0.44..43.32 rows=38 width=12) (actual time=0.033..0.211 rows=22 loops=84437)
                                       Index Cond: (movie_id = t.id)
                                       Buffers: shared hit=1615830 read=391078
                           ->  Hash  (cost=1.15..1.15 rows=1 width=4) (actual time=0.018..0.019 rows=1 loops=1)
                                 Buckets: 1024  Batches: 1  Memory Usage: 9kB
                                 Buffers: shared hit=1
                                 ->  Seq Scan on role_type rt  (cost=0.00..1.15 rows=1 width=4) (actual time=0.011..0.013 rows=1 loops=1)
                                       Filter: ((role)::text = 'editor'::text)
                                       Rows Removed by Filter: 11
                                       Buffers: shared hit=1
                     ->  Index Scan using name_pkey on name n  (cost=0.43..2.32 rows=1 width=4) (actual time=0.033..0.033 rows=0 loops=43921)
                           Index Cond: (id = ci.person_id)
                           Filter: ((gender)::text = 'f'::text)
                           Rows Removed by Filter: 1
                           Buffers: shared hit=157817 read=17867
 Planning:
   Buffers: shared hit=576 read=1
 Planning Time: 13.234 ms
 Execution Time: 22363.145 ms
(83 rows)

