                                                                                            QUERY PLAN                                                                                            
--------------------------------------------------------------------------------------------------------------------------------------------------------------------------------------------------
 Aggregate  (cost=675940.85..675940.86 rows=1 width=8) (actual time=2335.374..2335.380 rows=1 loops=1)
   Buffers: shared hit=118190 read=82161, temp read=797 written=797
   ->  Nested Loop  (cost=95922.10..675940.45 rows=160 width=0) (actual time=431.302..2334.967 rows=2203 loops=1)
         Buffers: shared hit=118190 read=82161, temp read=797 written=797
         ->  Hash Join  (cost=95921.67..675054.39 rows=382 width=4) (actual time=430.616..2127.596 rows=5765 loops=1)
               Hash Cond: (ci.role_id = rt.id)
               Buffers: shared hit=99367 read=77924, temp read=797 written=797
               ->  Nested Loop  (cost=95920.50..675045.07 rows=2293 width=8) (actual time=430.245..2118.300 rows=62664 loops=1)
                     Buffers: shared hit=99366 read=77924, temp read=797 written=797
                     ->  Nested Loop  (cost=95920.06..667916.38 rows=160 width=12) (actual time=429.935..1414.589 rows=4982 loops=1)
                           Buffers: shared hit=43006 read=58402, temp read=797 written=797
                           ->  Seq Scan on info_type it2  (cost=0.00..2.41 rows=1 width=4) (actual time=0.025..0.030 rows=1 loops=1)
                                 Filter: (id = 2)
                                 Rows Removed by Filter: 112
                                 Buffers: shared hit=1
                           ->  Nested Loop  (cost=95920.06..667912.36 rows=160 width=16) (actual time=429.908..1413.613 rows=4982 loops=1)
                                 Buffers: shared hit=43005 read=58402, temp read=797 written=797
                                 ->  Seq Scan on info_type it1  (cost=0.00..2.41 rows=1 width=4) (actual time=0.011..0.018 rows=1 loops=1)
                                       Filter: (id = 3)
                                       Rows Removed by Filter: 112
                                       Buffers: shared hit=1
                                 ->  Nested Loop  (cost=95920.06..667908.35 rows=160 width=20) (actual time=429.894..1412.674 rows=4982 loops=1)
                                       Buffers: shared hit=43004 read=58402, temp read=797 written=797
                                       ->  Hash Join  (cost=95919.62..515916.20 rows=3550 width=12) (actual time=429.837..922.762 rows=5097 loops=1)
                                             Hash Cond: (mi1.movie_id = t.id)
                                             Buffers: shared hit=3617 read=43750, temp read=797 written=797
                                             ->  Bitmap Heap Scan on movie_info mi1  (cost=16459.92..435125.25 rows=45801 width=8) (actual time=42.590..445.240 rows=455370 loops=1)
                                                   Recheck Cond: (info_type_id = 3)
                                                   Filter: ((info)::text = ANY ('{Action,Adventure,Animation,Crime,Drama,Romance,War}'::text[]))
                                                   Rows Removed by Filter: 1078539
                                                   Heap Blocks: exact=9772
                                                   Buffers: shared hit=479 read=10496
                                                   ->  Bitmap Index Scan on info_type_id_movie_info  (cost=0.00..16448.47 rows=1538671 width=0) (actual time=41.408..41.409 rows=1533909 loops=1)
                                                         Index Cond: (info_type_id = 3)
                                                         Buffers: shared read=1203
                                             ->  Hash  (cost=76244.10..76244.10 rows=195968 width=4) (actual time=386.065..386.068 rows=11843 loops=1)
                                                   Buckets: 262144  Batches: 2  Memory Usage: 2260kB
                                                   Buffers: shared hit=3138 read=33254, temp written=17
                                                   ->  Hash Join  (cost=1.13..76244.10 rows=195968 width=4) (actual time=0.141..383.400 rows=11843 loops=1)
                                                         Hash Cond: (t.kind_id = kt.id)
                                                         Buffers: shared hit=3138 read=33254
                                                         ->  Seq Scan on title t  (cost=0.00..74315.95 rows=457258 width=8) (actual time=0.027..357.896 rows=451569 loops=1)
                                                               Filter: ((production_year <= 1975) AND (1875 < production_year))
                                                               Rows Removed by Filter: 2076743
                                                               Buffers: shared hit=3137 read=33254
                                                         ->  Hash  (cost=1.10..1.10 rows=3 width=4) (actual time=0.013..0.014 rows=3 loops=1)
                                                               Buckets: 1024  Batches: 1  Memory Usage: 9kB
                                                               Buffers: shared hit=1
                                                               ->  Seq Scan on kind_type kt  (cost=0.00..1.10 rows=3 width=4) (actual time=0.008..0.009 rows=3 loops=1)
                                                                     Filter: ((kind)::text = ANY ('{"tv series","video game","video movie"}'::text[]))
                                                                     Rows Removed by Filter: 4
                                                                     Buffers: shared hit=1
                                       ->  Index Scan using movie_id_movie_info on movie_info mi2  (cost=0.43..42.80 rows=1 width=8) (actual time=0.075..0.096 rows=1 loops=5097)
                                             Index Cond: (movie_id = t.id)
                                             Filter: (((info)::text = ANY ('{"Black and White",Color}'::text[])) AND (info_type_id = 2))
                                             Rows Removed by Filter: 13
                                             Buffers: shared hit=39387 read=14652
                     ->  Index Scan using movie_id_cast_info on cast_info ci  (cost=0.44..44.17 rows=38 width=12) (actual time=0.033..0.138 rows=13 loops=4982)
                           Index Cond: (movie_id = t.id)
                           Buffers: shared hit=56360 read=19522
               ->  Hash  (cost=1.15..1.15 rows=2 width=4) (actual time=0.035..0.036 rows=2 loops=1)
                     Buckets: 1024  Batches: 1  Memory Usage: 9kB
                     Buffers: shared hit=1
                     ->  Seq Scan on role_type rt  (cost=0.00..1.15 rows=2 width=4) (actual time=0.027..0.029 rows=2 loops=1)
                           Filter: ((role)::text = ANY ('{director,"miscellaneous crew"}'::text[]))
                           Rows Removed by Filter: 10
                           Buffers: shared hit=1
         ->  Index Scan using name_pkey on name n  (cost=0.43..2.32 rows=1 width=4) (actual time=0.035..0.035 rows=0 loops=5765)
               Index Cond: (id = ci.person_id)
               Filter: ((gender)::text = 'm'::text)
               Rows Removed by Filter: 1
               Buffers: shared hit=18823 read=4237
 Planning:
   Buffers: shared hit=483 read=91
 Planning Time: 13.941 ms
 Execution Time: 2335.887 ms
(76 rows)

