                                                                                            QUERY PLAN                                                                                            
--------------------------------------------------------------------------------------------------------------------------------------------------------------------------------------------------
 Aggregate  (cost=637143.40..637143.41 rows=1 width=8) (actual time=2482.154..2482.162 rows=1 loops=1)
   Buffers: shared hit=168568 read=64998
   ->  Nested Loop  (cost=90958.23..637143.33 rows=31 width=0) (actual time=532.339..2482.130 rows=41 loops=1)
         Buffers: shared hit=168568 read=64998
         ->  Seq Scan on info_type it2  (cost=0.00..2.41 rows=1 width=4) (actual time=0.040..0.045 rows=1 loops=1)
               Filter: (id = 2)
               Rows Removed by Filter: 112
               Buffers: shared hit=1
         ->  Nested Loop  (cost=90958.23..637140.60 rows=31 width=4) (actual time=532.298..2482.071 rows=41 loops=1)
               Buffers: shared hit=168567 read=64998
               ->  Seq Scan on info_type it1  (cost=0.00..2.41 rows=1 width=4) (actual time=0.010..0.017 rows=1 loops=1)
                     Filter: (id = 3)
                     Rows Removed by Filter: 112
                     Buffers: shared hit=1
               ->  Nested Loop  (cost=90958.23..637137.88 rows=31 width=8) (actual time=532.284..2482.035 rows=41 loops=1)
                     Buffers: shared hit=168566 read=64998
                     ->  Hash Join  (cost=90957.80..636829.39 rows=133 width=12) (actual time=531.877..2473.373 rows=230 loops=1)
                           Hash Cond: (ci.role_id = rt.id)
                           Buffers: shared hit=167828 read=64816
                           ->  Nested Loop  (cost=90956.64..636822.57 rows=1591 width=16) (actual time=417.134..2465.873 rows=53235 loops=1)
                                 Buffers: shared hit=167827 read=64816
                                 ->  Nested Loop  (cost=90956.20..631840.95 rows=111 width=20) (actual time=416.050..1819.193 rows=6383 loops=1)
                                       Buffers: shared hit=109096 read=53707
                                       ->  Hash Join  (cost=90955.76..433810.55 rows=4569 width=12) (actual time=415.926..939.547 rows=10858 loops=1)
                                             Hash Cond: (mi2.movie_id = t.id)
                                             Buffers: shared hit=7715 read=46220
                                             ->  Bitmap Heap Scan on movie_info mi2  (cost=13885.07..356265.51 rows=114308 width=8) (actual time=40.342..431.717 rows=1288928 loops=1)
                                                   Recheck Cond: (info_type_id = 2)
                                                   Filter: ((info)::text = ANY ('{"Black and White",Color}'::text[]))
                                                   Heap Blocks: exact=16526
                                                   Buffers: shared hit=2820 read=14723
                                                   ->  Bitmap Index Scan on info_type_id_movie_info  (cost=0.00..13856.49 rows=1296008 width=0) (actual time=38.125..38.125 rows=1288928 loops=1)
                                                         Index Cond: (info_type_id = 2)
                                                         Buffers: shared hit=1 read=1016
                                             ->  Hash  (cost=75807.56..75807.56 rows=101051 width=4) (actual time=373.242..373.245 rows=11554 loops=1)
                                                   Buckets: 131072  Batches: 1  Memory Usage: 1431kB
                                                   Buffers: shared hit=4895 read=31497
                                                   ->  Hash Join  (cost=1.11..75807.56 rows=101051 width=4) (actual time=0.141..370.429 rows=11554 loops=1)
                                                         Hash Cond: (t.kind_id = kt.id)
                                                         Buffers: shared hit=4895 read=31497
                                                         ->  Seq Scan on title t  (cost=0.00..74315.95 rows=353677 width=8) (actual time=0.029..350.350 rows=347589 loops=1)
                                                               Filter: ((production_year <= 1975) AND (1925 < production_year))
                                                               Rows Removed by Filter: 2180723
                                                               Buffers: shared hit=4894 read=31497
                                                         ->  Hash  (cost=1.09..1.09 rows=2 width=4) (actual time=0.012..0.013 rows=2 loops=1)
                                                               Buckets: 1024  Batches: 1  Memory Usage: 9kB
                                                               Buffers: shared hit=1
                                                               ->  Seq Scan on kind_type kt  (cost=0.00..1.09 rows=2 width=4) (actual time=0.007..0.009 rows=2 loops=1)
                                                                     Filter: ((kind)::text = ANY ('{"tv series","video movie"}'::text[]))
                                                                     Rows Removed by Filter: 5
                                                                     Buffers: shared hit=1
                                       ->  Index Scan using movie_id_movie_info on movie_info mi1  (cost=0.43..43.33 rows=1 width=8) (actual time=0.078..0.080 rows=1 loops=10858)
                                             Index Cond: (movie_id = t.id)
                                             Filter: ((info_type_id = 3) AND ((info)::text = ANY ('{Action,Animation,Comedy,Crime,Documentary,Family,Musical,Romance}'::text[])))
                                             Rows Removed by Filter: 10
                                             Buffers: shared hit=101381 read=7487
                                 ->  Index Scan using movie_id_cast_info on cast_info ci  (cost=0.44..44.50 rows=38 width=12) (actual time=0.032..0.099 rows=8 loops=6383)
                                       Index Cond: (movie_id = t.id)
                                       Buffers: shared hit=58731 read=11109
                           ->  Hash  (cost=1.15..1.15 rows=1 width=4) (actual time=0.021..0.021 rows=1 loops=1)
                                 Buckets: 1024  Batches: 1  Memory Usage: 9kB
                                 Buffers: shared hit=1
                                 ->  Seq Scan on role_type rt  (cost=0.00..1.15 rows=1 width=4) (actual time=0.010..0.012 rows=1 loops=1)
                                       Filter: ((role)::text = 'costume designer'::text)
                                       Rows Removed by Filter: 11
                                       Buffers: shared hit=1
                     ->  Index Scan using name_pkey on name n  (cost=0.43..2.32 rows=1 width=4) (actual time=0.037..0.037 rows=0 loops=230)
                           Index Cond: (id = ci.person_id)
                           Filter: ((gender)::text = 'f'::text)
                           Rows Removed by Filter: 1
                           Buffers: shared hit=738 read=182
 Planning:
   Buffers: shared hit=574
 Planning Time: 14.229 ms
 Execution Time: 2482.866 ms
(75 rows)

