                                                                                            QUERY PLAN                                                                                            
--------------------------------------------------------------------------------------------------------------------------------------------------------------------------------------------------
 Aggregate  (cost=607980.88..607980.89 rows=1 width=8) (actual time=1856.771..1856.778 rows=1 loops=1)
   Buffers: shared hit=127954 read=32975, temp read=583 written=583
   ->  Nested Loop  (cost=95919.41..607980.40 rows=192 width=0) (actual time=426.644..1856.595 rows=602 loops=1)
         Buffers: shared hit=127954 read=32975, temp read=583 written=583
         ->  Hash Join  (cost=95918.98..607298.46 rows=294 width=4) (actual time=425.959..1795.959 rows=1475 loops=1)
               Hash Cond: (ci.role_id = rt.id)
               Buffers: shared hit=123097 read=31932, temp read=583 written=583
               ->  Nested Loop  (cost=95917.80..607291.02 rows=1763 width=8) (actual time=425.365..1789.445 rows=40668 loops=1)
                     Buffers: shared hit=123096 read=31932, temp read=583 written=583
                     ->  Nested Loop  (cost=95917.36..601810.84 rows=123 width=12) (actual time=425.342..1289.045 rows=5045 loops=1)
                           Buffers: shared hit=69604 read=31511, temp read=583 written=583
                           ->  Seq Scan on info_type it2  (cost=0.00..2.41 rows=1 width=4) (actual time=0.031..0.037 rows=1 loops=1)
                                 Filter: (id = 2)
                                 Rows Removed by Filter: 112
                                 Buffers: shared hit=1
                           ->  Nested Loop  (cost=95917.36..601807.20 rows=123 width=16) (actual time=425.310..1287.861 rows=5045 loops=1)
                                 Buffers: shared hit=69603 read=31511, temp read=583 written=583
                                 ->  Seq Scan on info_type it1  (cost=0.00..2.41 rows=1 width=4) (actual time=0.008..0.017 rows=1 loops=1)
                                       Filter: (id = 3)
                                       Rows Removed by Filter: 112
                                       Buffers: shared hit=1
                                 ->  Nested Loop  (cost=95917.36..601803.55 rows=123 width=20) (actual time=425.299..1286.672 rows=5045 loops=1)
                                       Buffers: shared hit=69602 read=31511, temp read=583 written=583
                                       ->  Hash Join  (cost=95916.93..485561.67 rows=2715 width=12) (actual time=425.188..821.127 rows=5059 loops=1)
                                             Hash Cond: (mi1.movie_id = t.id)
                                             Buffers: shared hit=16271 read=31096, temp read=583 written=583
                                             ->  Bitmap Heap Scan on movie_info mi1  (cost=16457.23..404903.46 rows=35030 width=8) (actual time=43.810..363.526 rows=330548 loops=1)
                                                   Recheck Cond: (info_type_id = 3)
                                                   Filter: ((info)::text = ANY ('{Action,Comedy,Family,Romance,Western}'::text[]))
                                                   Rows Removed by Filter: 1203361
                                                   Heap Blocks: exact=9772
                                                   Buffers: shared hit=9490 read=1485
                                                   ->  Bitmap Index Scan on info_type_id_movie_info  (cost=0.00..16448.47 rows=1538671 width=0) (actual time=42.609..42.609 rows=1533909 loops=1)
                                                         Index Cond: (info_type_id = 3)
                                                         Buffers: shared hit=1 read=1202
                                             ->  Hash  (cost=76244.10..76244.10 rows=195968 width=4) (actual time=380.214..380.216 rows=11843 loops=1)
                                                   Buckets: 262144  Batches: 2  Memory Usage: 2260kB
                                                   Buffers: shared hit=6781 read=29611, temp written=17
                                                   ->  Hash Join  (cost=1.13..76244.10 rows=195968 width=4) (actual time=0.128..377.543 rows=11843 loops=1)
                                                         Hash Cond: (t.kind_id = kt.id)
                                                         Buffers: shared hit=6781 read=29611
                                                         ->  Seq Scan on title t  (cost=0.00..74315.95 rows=457258 width=8) (actual time=0.026..351.849 rows=451569 loops=1)
                                                               Filter: ((production_year <= 1975) AND (1875 < production_year))
                                                               Rows Removed by Filter: 2076743
                                                               Buffers: shared hit=6780 read=29611
                                                         ->  Hash  (cost=1.10..1.10 rows=3 width=4) (actual time=0.014..0.015 rows=3 loops=1)
                                                               Buckets: 1024  Batches: 1  Memory Usage: 9kB
                                                               Buffers: shared hit=1
                                                               ->  Seq Scan on kind_type kt  (cost=0.00..1.10 rows=3 width=4) (actual time=0.009..0.010 rows=3 loops=1)
                                                                     Filter: ((kind)::text = ANY ('{"tv series","video game","video movie"}'::text[]))
                                                                     Rows Removed by Filter: 4
                                                                     Buffers: shared hit=1
                                       ->  Index Scan using movie_id_movie_info on movie_info mi2  (cost=0.43..42.80 rows=1 width=8) (actual time=0.070..0.091 rows=1 loops=5059)
                                             Index Cond: (movie_id = t.id)
                                             Filter: (((info)::text = ANY ('{"Black and White",Color}'::text[])) AND (info_type_id = 2))
                                             Rows Removed by Filter: 12
                                             Buffers: shared hit=53331 read=415
                     ->  Index Scan using movie_id_cast_info on cast_info ci  (cost=0.44..44.17 rows=38 width=12) (actual time=0.035..0.097 rows=8 loops=5045)
                           Index Cond: (movie_id = t.id)
                           Buffers: shared hit=53492 read=421
               ->  Hash  (cost=1.15..1.15 rows=2 width=4) (actual time=0.035..0.035 rows=2 loops=1)
                     Buckets: 1024  Batches: 1  Memory Usage: 9kB
                     Buffers: shared hit=1
                     ->  Seq Scan on role_type rt  (cost=0.00..1.15 rows=2 width=4) (actual time=0.027..0.029 rows=2 loops=1)
                           Filter: ((role)::text = ANY ('{composer,"production designer"}'::text[]))
                           Rows Removed by Filter: 10
                           Buffers: shared hit=1
         ->  Index Scan using name_pkey on name n  (cost=0.43..2.32 rows=1 width=4) (actual time=0.040..0.040 rows=0 loops=1475)
               Index Cond: (id = ci.person_id)
               Filter: ((gender)::text = ANY ('{f,m}'::text[]))
               Rows Removed by Filter: 1
               Buffers: shared hit=4857 read=1043
 Planning:
   Buffers: shared hit=574
 Planning Time: 13.539 ms
 Execution Time: 1857.272 ms
(76 rows)

