                                                                                                  QUERY PLAN                                                                                                  
--------------------------------------------------------------------------------------------------------------------------------------------------------------------------------------------------------------
 Aggregate  (cost=824612.33..824612.34 rows=1 width=8) (actual time=142123.146..142123.154 rows=1 loops=1)
   Buffers: shared hit=12941925 read=1676567, temp read=13421 written=12977
   ->  Nested Loop  (cost=759094.37..824611.78 rows=219 width=0) (actual time=2955.282..141939.567 rows=996308 loops=1)
         Buffers: shared hit=12941925 read=1676567, temp read=13421 written=12977
         ->  Seq Scan on info_type it2  (cost=0.00..2.41 rows=1 width=4) (actual time=0.040..0.052 rows=1 loops=1)
               Filter: (id = 2)
               Rows Removed by Filter: 112
               Buffers: shared hit=1
         ->  Nested Loop  (cost=759094.37..824607.18 rows=219 width=4) (actual time=2955.240..141730.063 rows=996308 loops=1)
               Buffers: shared hit=12941924 read=1676567, temp read=13421 written=12977
               ->  Seq Scan on info_type it1  (cost=0.00..2.41 rows=1 width=4) (actual time=0.007..0.021 rows=1 loops=1)
                     Filter: (id = 3)
                     Rows Removed by Filter: 112
                     Buffers: shared hit=1
               ->  Nested Loop  (cost=759094.37..824602.58 rows=219 width=8) (actual time=2955.231..141516.211 rows=996308 loops=1)
                     Buffers: shared hit=12941923 read=1676567, temp read=13421 written=12977
                     ->  Hash Join  (cost=759093.94..822412.95 rows=944 width=12) (actual time=2955.173..84313.020 rows=1591277 loops=1)
                           Hash Cond: (ci.role_id = rt.id)
                           Buffers: shared hit=6802308 read=1451074, temp read=13421 written=12977
                           ->  Nested Loop  (cost=759092.76..822391.66 rows=5662 width=16) (actual time=2955.031..82765.342 rows=5806337 loops=1)
                                 Buffers: shared hit=6802307 read=1451074, temp read=13421 written=12977
                                 ->  Nested Loop  (cost=759092.32..805116.12 rows=395 width=20) (actual time=2954.978..18383.561 rows=245493 loops=1)
                                       Buffers: shared hit=1867086 read=38256, temp read=13421 written=12977
                                       ->  Nested Loop  (cost=759092.18..805081.48 rows=1383 width=24) (actual time=1132.959..18112.428 rows=304825 loops=1)
                                             Join Filter: (t.id = mi1.movie_id)
                                             Buffers: shared hit=1867074 read=38256, temp read=13421 written=12977
                                             ->  Merge Join  (cost=759091.75..760032.87 rows=14762 width=16) (actual time=1132.894..1961.047 rows=469203 loops=1)
                                                   Merge Cond: (mi1.movie_id = mi2.movie_id)
                                                   Buffers: shared hit=28514 read=4, temp read=13421 written=12977
                                                   ->  Sort  (cost=393222.90..393333.88 rows=44392 width=8) (actual time=383.084..475.646 rows=470175 loops=1)
                                                         Sort Key: mi1.movie_id
                                                         Sort Method: external sort  Disk: 10160kB
                                                         Buffers: shared hit=10975, temp read=2536 written=2542
                                                         ->  Bitmap Heap Scan on movie_info mi1  (cost=16459.59..389796.28 rows=44392 width=8) (actual time=40.752..264.443 rows=470175 loops=1)
                                                               Recheck Cond: (info_type_id = 3)
                                                               Filter: ((info)::text = ANY ('{Animation,Biography,Drama,Game-Show,History,Mystery,Romance,Sci-Fi,Talk-Show,Thriller,War}'::text[]))
                                                               Rows Removed by Filter: 1063734
                                                               Heap Blocks: exact=9772
                                                               Buffers: shared hit=10975
                                                               ->  Bitmap Index Scan on info_type_id_movie_info  (cost=0.00..16448.47 rows=1538671 width=0) (actual time=39.565..39.565 rows=1533909 loops=1)
                                                                     Index Cond: (info_type_id = 3)
                                                                     Buffers: shared hit=1203
                                                   ->  Sort  (cost=365868.85..366154.62 rows=114308 width=8) (actual time=749.799..1030.638 rows=1382674 loops=1)
                                                         Sort Key: mi2.movie_id
                                                         Sort Method: external sort  Disk: 27832kB
                                                         Buffers: shared hit=17539 read=4, temp read=10651 written=10435
                                                         ->  Bitmap Heap Scan on movie_info mi2  (cost=13885.07..356265.51 rows=114308 width=8) (actual time=29.888..356.178 rows=1288928 loops=1)
                                                               Recheck Cond: (info_type_id = 2)
                                                               Filter: ((info)::text = ANY ('{"Black and White",Color}'::text[]))
                                                               Heap Blocks: exact=16526
                                                               Buffers: shared hit=17539 read=4
                                                               ->  Bitmap Index Scan on info_type_id_movie_info  (cost=0.00..13856.49 rows=1296008 width=0) (actual time=27.724..27.724 rows=1288928 loops=1)
                                                                     Index Cond: (info_type_id = 2)
                                                                     Buffers: shared hit=1017
                                             ->  Index Scan using title_pkey on title t  (cost=0.43..3.04 rows=1 width=8) (actual time=0.034..0.034 rows=1 loops=469203)
                                                   Index Cond: (id = mi2.movie_id)
                                                   Filter: ((production_year <= 2015) AND (1990 < production_year))
                                                   Rows Removed by Filter: 0
                                                   Buffers: shared hit=1838560 read=38252
                                       ->  Memoize  (cost=0.14..0.16 rows=1 width=4) (actual time=0.000..0.000 rows=1 loops=304825)
                                             Cache Key: t.kind_id
                                             Cache Mode: logical
                                             Hits: 304819  Misses: 6  Evictions: 0  Overflows: 0  Memory Usage: 1kB
                                             Buffers: shared hit=12
                                             ->  Index Scan using kind_type_pkey on kind_type kt  (cost=0.13..0.15 rows=1 width=4) (actual time=0.010..0.010 rows=0 loops=6)
                                                   Index Cond: (id = t.kind_id)
                                                   Filter: ((kind)::text = ANY ('{movie,"video movie"}'::text[]))
                                                   Rows Removed by Filter: 1
                                                   Buffers: shared hit=12
                                 ->  Index Scan using movie_id_cast_info on cast_info ci  (cost=0.44..43.36 rows=38 width=12) (actual time=0.036..0.255 rows=24 loops=245493)
                                       Index Cond: (movie_id = t.id)
                                       Buffers: shared hit=4935221 read=1412818
                           ->  Hash  (cost=1.15..1.15 rows=2 width=4) (actual time=0.019..0.020 rows=2 loops=1)
                                 Buckets: 1024  Batches: 1  Memory Usage: 9kB
                                 Buffers: shared hit=1
                                 ->  Seq Scan on role_type rt  (cost=0.00..1.15 rows=2 width=4) (actual time=0.009..0.011 rows=2 loops=1)
                                       Filter: ((role)::text = ANY ('{actress,producer}'::text[]))
                                       Rows Removed by Filter: 10
                                       Buffers: shared hit=1
                     ->  Index Scan using name_pkey on name n  (cost=0.43..2.32 rows=1 width=4) (actual time=0.035..0.035 rows=1 loops=1591277)
                           Index Cond: (id = ci.person_id)
                           Filter: ((gender)::text = 'f'::text)
                           Rows Removed by Filter: 0
                           Buffers: shared hit=6139615 read=225493
 Planning:
   Buffers: shared hit=576 read=1
 Planning Time: 13.369 ms
 Execution Time: 142134.821 ms
(88 rows)

