                                                                                            QUERY PLAN                                                                                            
--------------------------------------------------------------------------------------------------------------------------------------------------------------------------------------------------
 Aggregate  (cost=553751.04..553751.05 rows=1 width=8) (actual time=11600.675..11600.684 rows=1 loops=1)
   Buffers: shared hit=889506 read=284775, temp read=852 written=852
   ->  Nested Loop  (cost=94156.98..553750.98 rows=21 width=0) (actual time=522.844..11598.688 rows=7740 loops=1)
         Buffers: shared hit=889506 read=284775, temp read=852 written=852
         ->  Seq Scan on info_type it2  (cost=0.00..2.41 rows=1 width=4) (actual time=0.034..0.043 rows=1 loops=1)
               Filter: (id = 2)
               Rows Removed by Filter: 112
               Buffers: shared hit=1
         ->  Nested Loop  (cost=94156.98..553748.36 rows=21 width=4) (actual time=522.809..11597.134 rows=7740 loops=1)
               Buffers: shared hit=889505 read=284775, temp read=852 written=852
               ->  Seq Scan on info_type it1  (cost=0.00..2.41 rows=1 width=4) (actual time=0.009..0.020 rows=1 loops=1)
                     Filter: (id = 3)
                     Rows Removed by Filter: 112
                     Buffers: shared hit=1
               ->  Nested Loop  (cost=94156.98..553745.74 rows=21 width=8) (actual time=522.797..11595.326 rows=7740 loops=1)
                     Buffers: shared hit=889504 read=284775, temp read=852 written=852
                     ->  Hash Join  (cost=94156.55..553632.08 rows=49 width=12) (actual time=520.971..10585.465 rows=28550 loops=1)
                           Hash Cond: (ci.role_id = rt.id)
                           Buffers: shared hit=791384 read=268695, temp read=852 written=852
                           ->  Nested Loop  (cost=94155.39..553628.83 rows=588 width=16) (actual time=520.651..10484.680 rows=655323 loops=1)
                                 Buffers: shared hit=791383 read=268695, temp read=852 written=852
                                 ->  Nested Loop  (cost=94154.95..551788.78 rows=41 width=20) (actual time=520.625..4196.349 rows=21650 loops=1)
                                       Buffers: shared hit=210977 read=141124, temp read=852 written=852
                                       ->  Hash Join  (cost=94154.51..512885.43 rows=904 width=12) (actual time=519.937..1237.705 rows=21655 loops=1)
                                             Hash Cond: (mi1.movie_id = t.id)
                                             Buffers: shared hit=1743 read=45624, temp read=852 written=852
                                             ->  Bitmap Heap Scan on movie_info mi1  (cost=16452.24..435117.57 rows=15079 width=8) (actual time=40.429..653.757 rows=147617 loops=1)
                                                   Recheck Cond: (info_type_id = 3)
                                                   Filter: ((info)::text = ANY ('{Fantasy,History,Mystery,Sci-Fi,Thriller,War,Western}'::text[]))
                                                   Rows Removed by Filter: 1386292
                                                   Heap Blocks: exact=9772
                                                   Buffers: shared hit=12 read=10963
                                                   ->  Bitmap Index Scan on info_type_id_movie_info  (cost=0.00..16448.47 rows=1538671 width=0) (actual time=39.248..39.249 rows=1533909 loops=1)
                                                         Index Cond: (info_type_id = 3)
                                                         Buffers: shared read=1203
                                             ->  Hash  (cost=75807.58..75807.58 rows=151576 width=4) (actual time=477.149..477.152 rows=335746 loops=1)
                                                   Buckets: 262144 (originally 262144)  Batches: 2 (originally 1)  Memory Usage: 7957kB
                                                   Buffers: shared hit=1731 read=34661, temp written=491
                                                   ->  Hash Join  (cost=1.13..75807.58 rows=151576 width=4) (actual time=0.047..415.559 rows=335746 loops=1)
                                                         Hash Cond: (t.kind_id = kt.id)
                                                         Buffers: shared hit=1731 read=34661
                                                         ->  Seq Scan on title t  (cost=0.00..74315.95 rows=353677 width=8) (actual time=0.022..374.233 rows=347589 loops=1)
                                                               Filter: ((production_year <= 1975) AND (1925 < production_year))
                                                               Rows Removed by Filter: 2180723
                                                               Buffers: shared hit=1730 read=34661
                                                         ->  Hash  (cost=1.10..1.10 rows=3 width=4) (actual time=0.012..0.013 rows=3 loops=1)
                                                               Buckets: 1024  Batches: 1  Memory Usage: 9kB
                                                               Buffers: shared hit=1
                                                               ->  Seq Scan on kind_type kt  (cost=0.00..1.10 rows=3 width=4) (actual time=0.008..0.009 rows=3 loops=1)
                                                                     Filter: ((kind)::text = ANY ('{episode,movie,"tv movie"}'::text[]))
                                                                     Rows Removed by Filter: 4
                                                                     Buffers: shared hit=1
                                       ->  Index Scan using movie_id_movie_info on movie_info mi2  (cost=0.43..43.02 rows=1 width=8) (actual time=0.117..0.136 rows=1 loops=21655)
                                             Index Cond: (movie_id = t.id)
                                             Filter: (((info)::text = ANY ('{"Black and White",Color}'::text[])) AND (info_type_id = 2))
                                             Rows Removed by Filter: 26
                                             Buffers: shared hit=209234 read=95500
                                 ->  Index Scan using movie_id_cast_info on cast_info ci  (cost=0.44..44.50 rows=38 width=12) (actual time=0.033..0.283 rows=30 loops=21650)
                                       Index Cond: (movie_id = t.id)
                                       Buffers: shared hit=580406 read=127571
                           ->  Hash  (cost=1.15..1.15 rows=1 width=4) (actual time=0.018..0.018 rows=1 loops=1)
                                 Buckets: 1024  Batches: 1  Memory Usage: 9kB
                                 Buffers: shared hit=1
                                 ->  Seq Scan on role_type rt  (cost=0.00..1.15 rows=1 width=4) (actual time=0.009..0.010 rows=1 loops=1)
                                       Filter: ((role)::text = 'miscellaneous crew'::text)
                                       Rows Removed by Filter: 11
                                       Buffers: shared hit=1
                     ->  Index Scan using name_pkey on name n  (cost=0.43..2.32 rows=1 width=4) (actual time=0.035..0.035 rows=0 loops=28550)
                           Index Cond: (id = ci.person_id)
                           Filter: ((gender)::text = 'm'::text)
                           Rows Removed by Filter: 1
                           Buffers: shared hit=98120 read=16080
 Planning:
   Buffers: shared hit=486 read=88
 Planning Time: 10.239 ms
 Execution Time: 11601.268 ms
(76 rows)

