                                                                                            QUERY PLAN                                                                                             
---------------------------------------------------------------------------------------------------------------------------------------------------------------------------------------------------
 Aggregate  (cost=399501.80..399501.81 rows=1 width=8) (actual time=2840.881..2840.887 rows=1 loops=1)
   Buffers: shared hit=246311 read=40101
   ->  Nested Loop  (cost=48622.87..399501.80 rows=1 width=0) (actual time=194.954..2840.477 rows=2579 loops=1)
         Buffers: shared hit=246311 read=40101
         ->  Nested Loop  (cost=48622.87..399499.38 rows=1 width=4) (actual time=194.947..2808.554 rows=2579 loops=1)
               Buffers: shared hit=243732 read=40101
               ->  Nested Loop  (cost=48622.87..399496.95 rows=1 width=8) (actual time=194.934..2772.972 rows=2579 loops=1)
                     Join Filter: (t.id = mi1.movie_id)
                     Buffers: shared hit=241153 read=40101
                     ->  Nested Loop  (cost=48622.43..397805.73 rows=40 width=16) (actual time=193.379..2600.851 rows=2413 loops=1)
                           Join Filter: (t.id = mi2.movie_id)
                           Buffers: shared hit=217930 read=37208
                           ->  Nested Loop  (cost=48622.00..225085.68 rows=4105 width=8) (actual time=193.316..2366.480 rows=2406 loops=1)
                                 Buffers: shared hit=202648 read=26454
                                 ->  Hash Join  (cost=48621.57..184088.17 rows=17675 width=12) (actual time=189.105..1323.319 rows=48449 loops=1)
                                       Hash Cond: (ci.movie_id = t.id)
                                       Buffers: shared hit=16037 read=19269
                                       ->  Nested Loop  (cost=0.44..123965.00 rows=3020080 width=8) (actual time=0.128..771.175 rows=2728943 loops=1)
                                             Buffers: shared hit=4743 read=17176
                                             ->  Seq Scan on role_type rt  (cost=0.00..1.15 rows=1 width=4) (actual time=0.022..0.024 rows=1 loops=1)
                                                   Filter: ((role)::text = 'writer'::text)
                                                   Rows Removed by Filter: 11
                                                   Buffers: shared hit=1
                                             ->  Index Scan using role_id_cast_info on cast_info ci  (cost=0.44..91017.52 rows=3294633 width=12) (actual time=0.103..515.332 rows=2728943 loops=1)
                                                   Index Cond: (role_id = rt.id)
                                                   Buffers: shared hit=4742 read=17176
                                       ->  Hash  (cost=48436.16..48436.16 rows=14797 width=4) (actual time=188.536..188.539 rows=103977 loops=1)
                                             Buckets: 131072 (originally 16384)  Batches: 1 (originally 1)  Memory Usage: 4680kB
                                             Buffers: shared hit=11294 read=2093
                                             ->  Nested Loop  (cost=4497.16..48436.16 rows=14797 width=4) (actual time=22.257..173.691 rows=103977 loops=1)
                                                   Buffers: shared hit=11294 read=2093
                                                   ->  Seq Scan on kind_type kt  (cost=0.00..1.09 rows=1 width=4) (actual time=0.009..0.012 rows=1 loops=1)
                                                         Filter: ((kind)::text = 'movie'::text)
                                                         Rows Removed by Filter: 6
                                                         Buffers: shared hit=1
                                                   ->  Bitmap Heap Scan on title t  (cost=4497.16..48262.45 rows=17263 width=8) (actual time=22.244..167.433 rows=103977 loops=1)
                                                         Recheck Cond: (kind_id = kt.id)
                                                         Filter: ((production_year <= 1925) AND (1875 < production_year))
                                                         Rows Removed by Filter: 558848
                                                         Heap Blocks: exact=12865
                                                         Buffers: shared hit=11293 read=2093
                                                         ->  Bitmap Index Scan on kind_id_title  (cost=0.00..4492.84 rows=421388 width=0) (actual time=19.936..19.936 rows=662825 loops=1)
                                                               Index Cond: (kind_id = kt.id)
                                                               Buffers: shared read=521
                                 ->  Index Scan using name_pkey on name n  (cost=0.43..2.32 rows=1 width=4) (actual time=0.021..0.021 rows=0 loops=48449)
                                       Index Cond: (id = ci.person_id)
                                       Filter: ((gender)::text = 'f'::text)
                                       Rows Removed by Filter: 1
                                       Buffers: shared hit=186611 read=7185
                           ->  Index Scan using movie_id_movie_info on movie_info mi2  (cost=0.43..42.06 rows=1 width=8) (actual time=0.085..0.097 rows=1 loops=2406)
                                 Index Cond: (movie_id = ci.movie_id)
                                 Filter: ((info_type_id = 2) AND ((info)::text = 'Black and White'::text))
                                 Rows Removed by Filter: 12
                                 Buffers: shared hit=15282 read=10754
                     ->  Index Scan using movie_id_movie_info on movie_info mi1  (cost=0.43..42.27 rows=1 width=8) (actual time=0.070..0.071 rows=1 loops=2413)
                           Index Cond: (movie_id = ci.movie_id)
                           Filter: ((info_type_id = 3) AND ((info)::text = ANY ('{Animation,Crime,Documentary,Drama,Short,Western}'::text[])))
                           Rows Removed by Filter: 12
                           Buffers: shared hit=23223 read=2893
               ->  Seq Scan on info_type it1  (cost=0.00..2.41 rows=1 width=4) (actual time=0.008..0.013 rows=1 loops=2579)
                     Filter: (id = 3)
                     Rows Removed by Filter: 112
                     Buffers: shared hit=2579
         ->  Seq Scan on info_type it2  (cost=0.00..2.41 rows=1 width=4) (actual time=0.006..0.011 rows=1 loops=2579)
               Filter: (id = 2)
               Rows Removed by Filter: 112
               Buffers: shared hit=2579
 Planning:
   Buffers: shared hit=485 read=89
 Planning Time: 11.067 ms
 Execution Time: 2841.404 ms
(71 rows)

