                                                                                               QUERY PLAN                                                                                               
--------------------------------------------------------------------------------------------------------------------------------------------------------------------------------------------------------
 Aggregate  (cost=871741.42..871741.43 rows=1 width=8) (actual time=17311.403..17311.413 rows=1 loops=1)
   Buffers: shared hit=1359458 read=369499, temp read=3594 written=3594
   ->  Nested Loop  (cost=466341.93..871740.09 rows=531 width=0) (actual time=1247.442..17303.419 rows=45583 loops=1)
         Buffers: shared hit=1359458 read=369499, temp read=3594 written=3594
         ->  Seq Scan on info_type it2  (cost=0.00..2.41 rows=1 width=4) (actual time=0.044..0.054 rows=1 loops=1)
               Filter: (id = 2)
               Rows Removed by Filter: 112
               Buffers: shared hit=1
         ->  Nested Loop  (cost=466341.93..871732.37 rows=531 width=4) (actual time=1247.396..17294.787 rows=45583 loops=1)
               Buffers: shared hit=1359457 read=369499, temp read=3594 written=3594
               ->  Seq Scan on info_type it1  (cost=0.00..2.41 rows=1 width=4) (actual time=0.009..0.020 rows=1 loops=1)
                     Filter: (id = 3)
                     Rows Removed by Filter: 112
                     Buffers: shared hit=1
               ->  Nested Loop  (cost=466341.93..871724.65 rows=531 width=8) (actual time=1247.384..17285.670 rows=45583 loops=1)
                     Buffers: shared hit=1359456 read=369499, temp read=3594 written=3594
                     ->  Hash Join  (cost=466341.50..869834.24 rows=815 width=12) (actual time=1247.355..13181.255 rows=123193 loops=1)
                           Hash Cond: (ci.role_id = rt.id)
                           Buffers: shared hit=899315 read=336868, temp read=3594 written=3594
                           ->  Nested Loop  (cost=466340.34..869798.35 rows=9776 width=16) (actual time=1247.094..12990.452 rows=1026678 loops=1)
                                 Buffers: shared hit=899314 read=336868, temp read=3594 written=3594
                                 ->  Hash Join  (cost=466339.90..839970.70 rows=682 width=20) (actual time=1247.041..1977.144 rows=58633 loops=1)
                                       Hash Cond: (mi1.movie_id = t.id)
                                       Buffers: shared hit=13209 read=51701, temp read=3594 written=3594
                                       ->  Bitmap Heap Scan on movie_info mi1  (cost=16467.65..389804.33 rows=76614 width=8) (actual time=42.085..538.080 rows=739540 loops=1)
                                             Recheck Cond: (info_type_id = 3)
                                             Filter: ((info)::text = ANY ('{Comedy,Crime,Family,Fantasy,Horror,Mystery,Reality-TV,Sci-Fi,Short,Sport}'::text[]))
                                             Rows Removed by Filter: 794369
                                             Heap Blocks: exact=9772
                                             Buffers: shared hit=8 read=10967
                                             ->  Bitmap Index Scan on info_type_id_movie_info  (cost=0.00..16448.47 rows=1538671 width=0) (actual time=40.882..40.882 rows=1533909 loops=1)
                                                   Index Cond: (info_type_id = 3)
                                                   Buffers: shared read=1203
                                       ->  Hash  (cost=449590.85..449590.85 rows=22512 width=12) (actual time=1204.838..1204.844 rows=127823 loops=1)
                                             Buckets: 131072 (originally 32768)  Batches: 1 (originally 1)  Memory Usage: 6517kB
                                             Buffers: shared hit=13201 read=40734, temp read=3594 written=3594
                                             ->  Hash Join  (cost=103716.64..449590.85 rows=22512 width=12) (actual time=582.746..1182.719 rows=127823 loops=1)
                                                   Hash Cond: (mi2.movie_id = t.id)
                                                   Buffers: shared hit=13201 read=40734, temp read=3594 written=3594
                                                   ->  Bitmap Heap Scan on movie_info mi2  (cost=13885.07..356265.51 rows=114308 width=8) (actual time=33.956..371.122 rows=1288928 loops=1)
                                                         Recheck Cond: (info_type_id = 2)
                                                         Filter: ((info)::text = ANY ('{"Black and White",Color}'::text[]))
                                                         Heap Blocks: exact=16526
                                                         Buffers: shared hit=1587 read=15956
                                                         ->  Bitmap Index Scan on info_type_id_movie_info  (cost=0.00..13856.49 rows=1296008 width=0) (actual time=31.779..31.780 rows=1288928 loops=1)
                                                               Index Cond: (info_type_id = 2)
                                                               Buffers: shared hit=1 read=1016
                                                   ->  Hash  (cost=81661.48..81661.48 rows=497927 width=4) (actual time=546.225..546.229 rows=129924 loops=1)
                                                         Buckets: 262144  Batches: 4  Memory Usage: 3185kB
                                                         Buffers: shared hit=11614 read=24778, temp written=285
                                                         ->  Hash Join  (cost=1.11..81661.48 rows=497927 width=4) (actual time=0.053..525.593 rows=129924 loops=1)
                                                               Hash Cond: (t.kind_id = kt.id)
                                                               Buffers: shared hit=11614 read=24778
                                                               ->  Seq Scan on title t  (cost=0.00..74315.95 rows=1742744 width=8) (actual time=0.025..424.049 rows=1748995 loops=1)
                                                                     Filter: ((production_year <= 2015) AND (1990 < production_year))
                                                                     Rows Removed by Filter: 779317
                                                                     Buffers: shared hit=11613 read=24778
                                                               ->  Hash  (cost=1.09..1.09 rows=2 width=4) (actual time=0.012..0.013 rows=2 loops=1)
                                                                     Buckets: 1024  Batches: 1  Memory Usage: 9kB
                                                                     Buffers: shared hit=1
                                                                     ->  Seq Scan on kind_type kt  (cost=0.00..1.09 rows=2 width=4) (actual time=0.008..0.009 rows=2 loops=1)
                                                                           Filter: ((kind)::text = ANY ('{"tv movie","tv series"}'::text[]))
                                                                           Rows Removed by Filter: 5
                                                                           Buffers: shared hit=1
                                 ->  Index Scan using movie_id_cast_info on cast_info ci  (cost=0.44..43.36 rows=38 width=12) (actual time=0.034..0.183 rows=18 loops=58633)
                                       Index Cond: (movie_id = t.id)
                                       Buffers: shared hit=886105 read=285167
                           ->  Hash  (cost=1.15..1.15 rows=1 width=4) (actual time=0.020..0.020 rows=1 loops=1)
                                 Buckets: 1024  Batches: 1  Memory Usage: 9kB
                                 Buffers: shared hit=1
                                 ->  Seq Scan on role_type rt  (cost=0.00..1.15 rows=1 width=4) (actual time=0.009..0.011 rows=1 loops=1)
                                       Filter: ((role)::text = 'producer'::text)
                                       Rows Removed by Filter: 11
                                       Buffers: shared hit=1
                     ->  Index Scan using name_pkey on name n  (cost=0.43..2.32 rows=1 width=4) (actual time=0.033..0.033 rows=0 loops=123193)
                           Index Cond: (id = ci.person_id)
                           Filter: ((gender)::text = ANY ('{f,m}'::text[]))
                           Rows Removed by Filter: 1
                           Buffers: shared hit=460141 read=32631
 Planning:
   Buffers: shared hit=576 read=1
 Planning Time: 13.565 ms
 Execution Time: 17312.781 ms
(83 rows)

