                                                                                            QUERY PLAN                                                                                            
--------------------------------------------------------------------------------------------------------------------------------------------------------------------------------------------------
 Aggregate  (cost=451734.54..451734.55 rows=1 width=8) (actual time=1416.399..1416.408 rows=1 loops=1)
   Buffers: shared hit=59496 read=63125
   ->  Nested Loop  (cost=65953.58..451734.53 rows=6 width=0) (actual time=611.368..1416.393 rows=9 loops=1)
         Buffers: shared hit=59496 read=63125
         ->  Seq Scan on info_type it2  (cost=0.00..2.41 rows=1 width=4) (actual time=0.034..0.038 rows=1 loops=1)
               Filter: (id = 2)
               Rows Removed by Filter: 112
               Buffers: shared hit=1
         ->  Nested Loop  (cost=65953.58..451732.05 rows=6 width=4) (actual time=611.333..1416.348 rows=9 loops=1)
               Buffers: shared hit=59495 read=63125
               ->  Seq Scan on info_type it1  (cost=0.00..2.41 rows=1 width=4) (actual time=0.008..0.014 rows=1 loops=1)
                     Filter: (id = 3)
                     Rows Removed by Filter: 112
                     Buffers: shared hit=1
               ->  Nested Loop  (cost=65953.58..451729.58 rows=6 width=8) (actual time=611.322..1416.324 rows=9 loops=1)
                     Buffers: shared hit=59494 read=63125
                     ->  Hash Join  (cost=65953.15..451669.27 rows=26 width=12) (actual time=292.267..1393.317 rows=716 loops=1)
                           Hash Cond: (ci.role_id = rt.id)
                           Buffers: shared hit=57238 read=62517
                           ->  Nested Loop  (cost=65951.99..451667.00 rows=315 width=16) (actual time=292.168..1389.743 rows=28711 loops=1)
                                 Buffers: shared hit=57237 read=62517
                                 ->  Nested Loop  (cost=65951.55..450679.65 rows=22 width=20) (actual time=291.698..1044.038 rows=1908 loops=1)
                                       Buffers: shared hit=41023 read=45323
                                       ->  Hash Join  (cost=65951.11..424299.39 rows=613 width=12) (actual time=291.252..612.250 rows=4861 loops=1)
                                             Hash Cond: (mi1.movie_id = t.id)
                                             Buffers: shared hit=5354 read=29566
                                             ->  Bitmap Heap Scan on movie_info mi1  (cost=16456.14..374683.27 rows=30671 width=8) (actual time=40.420..328.072 rows=310793 loops=1)
                                                   Recheck Cond: (info_type_id = 3)
                                                   Filter: ((info)::text = ANY ('{Adventure,Drama,Family}'::text[]))
                                                   Rows Removed by Filter: 1223116
                                                   Heap Blocks: exact=9772
                                                   Buffers: shared hit=2840 read=8135
                                                   ->  Bitmap Index Scan on info_type_id_movie_info  (cost=0.00..16448.47 rows=1538671 width=0) (actual time=39.234..39.234 rows=1533909 loops=1)
                                                         Index Cond: (info_type_id = 3)
                                                         Buffers: shared read=1203
                                             ->  Hash  (cost=48863.41..48863.41 rows=50525 width=4) (actual time=250.546..250.549 rows=11509 loops=1)
                                                   Buckets: 65536  Batches: 1  Memory Usage: 917kB
                                                   Buffers: shared hit=2514 read=21431
                                                   ->  Nested Loop  (cost=4507.58..48863.41 rows=50525 width=4) (actual time=8.408..247.423 rows=11509 loops=1)
                                                         Buffers: shared hit=2514 read=21431
                                                         ->  Seq Scan on kind_type kt  (cost=0.00..1.09 rows=1 width=4) (actual time=0.010..0.013 rows=1 loops=1)
                                                               Filter: ((kind)::text = 'tv series'::text)
                                                               Rows Removed by Filter: 6
                                                               Buffers: shared hit=1
                                                         ->  Bitmap Heap Scan on title t  (cost=4507.58..48272.87 rows=58946 width=8) (actual time=8.394..246.285 rows=11509 loops=1)
                                                               Recheck Cond: (kind_id = kt.id)
                                                               Filter: ((production_year <= 1975) AND (1925 < production_year))
                                                               Rows Removed by Filter: 79343
                                                               Heap Blocks: exact=23870
                                                               Buffers: shared hit=2513 read=21431
                                                               ->  Bitmap Index Scan on kind_id_title  (cost=0.00..4492.84 rows=421388 width=0) (actual time=5.137..5.137 rows=90852 loops=1)
                                                                     Index Cond: (kind_id = kt.id)
                                                                     Buffers: shared read=74
                                       ->  Index Scan using movie_id_movie_info on movie_info mi2  (cost=0.43..43.02 rows=1 width=8) (actual time=0.082..0.088 rows=0 loops=4861)
                                             Index Cond: (movie_id = t.id)
                                             Filter: ((info_type_id = 2) AND ((info)::text = 'Color'::text))
                                             Rows Removed by Filter: 13
                                             Buffers: shared hit=35669 read=15757
                                 ->  Index Scan using movie_id_cast_info on cast_info ci  (cost=0.44..44.50 rows=38 width=12) (actual time=0.036..0.178 rows=15 loops=1908)
                                       Index Cond: (movie_id = t.id)
                                       Buffers: shared hit=16214 read=17194
                           ->  Hash  (cost=1.15..1.15 rows=1 width=4) (actual time=0.018..0.019 rows=1 loops=1)
                                 Buckets: 1024  Batches: 1  Memory Usage: 9kB
                                 Buffers: shared hit=1
                                 ->  Seq Scan on role_type rt  (cost=0.00..1.15 rows=1 width=4) (actual time=0.009..0.011 rows=1 loops=1)
                                       Filter: ((role)::text = 'composer'::text)
                                       Rows Removed by Filter: 11
                                       Buffers: shared hit=1
                     ->  Index Scan using name_pkey on name n  (cost=0.43..2.32 rows=1 width=4) (actual time=0.032..0.032 rows=0 loops=716)
                           Index Cond: (id = ci.person_id)
                           Filter: ((gender)::text = 'f'::text)
                           Rows Removed by Filter: 1
                           Buffers: shared hit=2256 read=608
 Planning:
   Buffers: shared hit=530 read=44
 Planning Time: 10.065 ms
 Execution Time: 1417.037 ms
(77 rows)

