                                                                                            QUERY PLAN                                                                                            
--------------------------------------------------------------------------------------------------------------------------------------------------------------------------------------------------
 Aggregate  (cost=673934.98..673934.99 rows=1 width=8) (actual time=1126.409..1126.416 rows=1 loops=1)
   Buffers: shared hit=21956 read=48126, temp read=1276 written=1276
   ->  Nested Loop  (cost=470118.44..673934.83 rows=59 width=0) (actual time=857.163..1126.391 rows=93 loops=1)
         Buffers: shared hit=21956 read=48126, temp read=1276 written=1276
         ->  Seq Scan on info_type it2  (cost=0.00..2.41 rows=1 width=4) (actual time=0.048..0.052 rows=1 loops=1)
               Filter: (id = 2)
               Rows Removed by Filter: 112
               Buffers: shared hit=1
         ->  Nested Loop  (cost=470118.44..673931.83 rows=59 width=4) (actual time=857.114..1126.320 rows=93 loops=1)
               Buffers: shared hit=21955 read=48126, temp read=1276 written=1276
               ->  Seq Scan on info_type it1  (cost=0.00..2.41 rows=1 width=4) (actual time=0.009..0.015 rows=1 loops=1)
                     Filter: (id = 3)
                     Rows Removed by Filter: 112
                     Buffers: shared hit=1
               ->  Nested Loop  (cost=470118.44..673928.82 rows=59 width=8) (actual time=857.103..1126.286 rows=93 loops=1)
                     Join Filter: (t.id = mi2.movie_id)
                     Buffers: shared hit=21954 read=48126, temp read=1276 written=1276
                     ->  Nested Loop  (cost=470118.00..618599.50 rows=1315 width=16) (actual time=857.057..1122.167 rows=89 loops=1)
                           Buffers: shared hit=21118 read=48005, temp read=1276 written=1276
                           ->  Hash Join  (cost=470117.57..605464.06 rows=5663 width=20) (actual time=829.076..1063.687 rows=4166 loops=1)
                                 Hash Cond: (ci.movie_id = t.id)
                                 Buffers: shared hit=6852 read=45607, temp read=1276 written=1276
                                 ->  Nested Loop  (cost=0.44..123965.00 rows=3020080 width=8) (actual time=0.112..176.342 rows=773674 loops=1)
                                       Buffers: shared hit=1415 read=3677
                                       ->  Seq Scan on role_type rt  (cost=0.00..1.15 rows=1 width=4) (actual time=0.013..0.016 rows=1 loops=1)
                                             Filter: ((role)::text = 'composer'::text)
                                             Rows Removed by Filter: 11
                                             Buffers: shared hit=1
                                       ->  Index Scan using role_id_cast_info on cast_info ci  (cost=0.44..91017.52 rows=3294633 width=12) (actual time=0.096..115.148 rows=773674 loops=1)
                                             Index Cond: (role_id = rt.id)
                                             Buffers: shared hit=1414 read=3677
                                 ->  Hash  (cost=470057.87..470057.87 rows=4741 width=12) (actual time=828.473..828.477 rows=10925 loops=1)
                                       Buckets: 16384 (originally 8192)  Batches: 1 (originally 1)  Memory Usage: 598kB
                                       Buffers: shared hit=5437 read=41930, temp read=1276 written=1276
                                       ->  Hash Join  (cost=95191.10..470057.87 rows=4741 width=12) (actual time=447.535..826.284 rows=10925 loops=1)
                                             Hash Cond: (mi1.movie_id = t.id)
                                             Buffers: shared hit=5437 read=41930, temp read=1276 written=1276
                                             ->  Bitmap Heap Scan on movie_info mi1  (cost=16466.34..389803.02 rows=71382 width=8) (actual time=42.428..302.373 rows=708528 loops=1)
                                                   Recheck Cond: (info_type_id = 3)
                                                   Filter: ((info)::text = ANY ('{Biography,Drama,Fantasy,History,Musical,News,Short,Sport,War}'::text[]))
                                                   Rows Removed by Filter: 825381
                                                   Heap Blocks: exact=9772
                                                   Buffers: shared hit=5436 read=5539
                                                   ->  Bitmap Index Scan on info_type_id_movie_info  (cost=0.00..16448.47 rows=1538671 width=0) (actual time=41.235..41.235 rows=1533909 loops=1)
                                                         Index Cond: (info_type_id = 3)
                                                         Buffers: shared read=1203
                                             ->  Hash  (cost=75968.50..75968.50 rows=167941 width=4) (actual time=403.951..403.953 rows=44292 loops=1)
                                                   Buckets: 262144  Batches: 2  Memory Usage: 2832kB
                                                   Buffers: shared hit=1 read=36391, temp written=64
                                                   ->  Hash Join  (cost=1.13..75968.50 rows=167941 width=4) (actual time=0.060..394.817 rows=44292 loops=1)
                                                         Hash Cond: (t.kind_id = kt.id)
                                                         Buffers: shared hit=1 read=36391
                                                         ->  Seq Scan on title t  (cost=0.00..74315.95 rows=391862 width=8) (actual time=0.024..369.367 rows=386415 loops=1)
                                                               Filter: ((production_year <= 1997) AND (1981 < production_year))
                                                               Rows Removed by Filter: 2141897
                                                               Buffers: shared read=36391
                                                         ->  Hash  (cost=1.10..1.10 rows=3 width=4) (actual time=0.013..0.014 rows=3 loops=1)
                                                               Buckets: 1024  Batches: 1  Memory Usage: 9kB
                                                               Buffers: shared hit=1
                                                               ->  Seq Scan on kind_type kt  (cost=0.00..1.10 rows=3 width=4) (actual time=0.007..0.008 rows=3 loops=1)
                                                                     Filter: ((kind)::text = ANY ('{"tv series","video game","video movie"}'::text[]))
                                                                     Rows Removed by Filter: 4
                                                                     Buffers: shared hit=1
                           ->  Index Scan using name_pkey on name n  (cost=0.43..2.32 rows=1 width=4) (actual time=0.014..0.014 rows=0 loops=4166)
                                 Index Cond: (id = ci.person_id)
                                 Filter: ((gender)::text = 'f'::text)
                                 Rows Removed by Filter: 1
                                 Buffers: shared hit=14266 read=2398
                     ->  Index Scan using movie_id_movie_info on movie_info mi2  (cost=0.43..42.06 rows=1 width=8) (actual time=0.038..0.046 rows=1 loops=89)
                           Index Cond: (movie_id = ci.movie_id)
                           Filter: (((info)::text = ANY ('{"Black and White",Color}'::text[])) AND (info_type_id = 2))
                           Rows Removed by Filter: 11
                           Buffers: shared hit=836 read=121
 Planning:
   Buffers: shared hit=487 read=90
 Planning Time: 13.994 ms
 Execution Time: 1126.988 ms
(77 rows)

