                                                                                               QUERY PLAN                                                                                               
--------------------------------------------------------------------------------------------------------------------------------------------------------------------------------------------------------
 Aggregate  (cost=546349.88..546349.89 rows=1 width=8) (actual time=8131.743..8131.749 rows=1 loops=1)
   Buffers: shared hit=695579 read=150424
   ->  Nested Loop  (cost=16455.37..546349.57 rows=124 width=0) (actual time=44.087..8130.028 rows=7680 loops=1)
         Buffers: shared hit=695579 read=150424
         ->  Hash Join  (cost=16454.94..545906.55 rows=191 width=4) (actual time=41.891..7600.493 rows=14182 loops=1)
               Hash Cond: (ci.role_id = rt.id)
               Buffers: shared hit=647539 read=141736
               ->  Nested Loop  (cost=16453.77..545901.29 rows=1147 width=8) (actual time=41.634..7568.013 rows=182659 loops=1)
                     Buffers: shared hit=647538 read=141736
                     ->  Nested Loop  (cost=16453.33..542402.45 rows=80 width=12) (actual time=41.593..5480.886 rows=9908 loops=1)
                           Buffers: shared hit=524058 read=63725
                           ->  Seq Scan on info_type it2  (cost=0.00..2.41 rows=1 width=4) (actual time=0.035..0.045 rows=1 loops=1)
                                 Filter: (id = 2)
                                 Rows Removed by Filter: 112
                                 Buffers: shared hit=1
                           ->  Nested Loop  (cost=16453.33..542399.24 rows=80 width=16) (actual time=41.557..5478.549 rows=9908 loops=1)
                                 Buffers: shared hit=524057 read=63725
                                 ->  Seq Scan on info_type it1  (cost=0.00..2.41 rows=1 width=4) (actual time=0.009..0.020 rows=1 loops=1)
                                       Filter: (id = 3)
                                       Rows Removed by Filter: 112
                                       Buffers: shared hit=1
                                 ->  Nested Loop  (cost=16453.33..542396.02 rows=80 width=20) (actual time=41.544..5476.265 rows=9908 loops=1)
                                       Buffers: shared hit=524056 read=63725
                                       ->  Hash Join  (cost=16452.89..446760.21 rows=2263 width=12) (actual time=39.703..4415.847 rows=10264 loops=1)
                                             Hash Cond: (t.kind_id = kt.id)
                                             Buffers: shared hit=447688 read=32008
                                             ->  Nested Loop  (cost=16451.78..446725.73 rows=7919 width=16) (actual time=39.341..4398.537 rows=77234 loops=1)
                                                   Buffers: shared hit=447687 read=32008
                                                   ->  Bitmap Heap Scan on movie_info mi1  (cost=16451.34..374678.47 rows=11489 width=8) (actual time=39.240..565.253 rows=120445 loops=1)
                                                         Recheck Cond: (info_type_id = 3)
                                                         Filter: ((info)::text = ANY ('{Animation,Horror,Romance}'::text[]))
                                                         Rows Removed by Filter: 1413464
                                                         Heap Blocks: exact=9772
                                                         Buffers: shared hit=5768 read=5207
                                                         ->  Bitmap Index Scan on info_type_id_movie_info  (cost=0.00..16448.47 rows=1538671 width=0) (actual time=38.040..38.040 rows=1533909 loops=1)
                                                               Index Cond: (info_type_id = 3)
                                                               Buffers: shared hit=1203
                                                   ->  Memoize  (cost=0.44..6.35 rows=1 width=8) (actual time=0.031..0.031 rows=1 loops=120445)
                                                         Cache Key: mi1.movie_id
                                                         Cache Mode: logical
                                                         Hits: 3265  Misses: 117180  Evictions: 27120  Overflows: 0  Memory Usage: 8193kB
                                                         Buffers: shared hit=441919 read=26801
                                                         ->  Index Scan using title_pkey on title t  (cost=0.43..6.34 rows=1 width=8) (actual time=0.031..0.031 rows=1 loops=117180)
                                                               Index Cond: (id = mi1.movie_id)
                                                               Filter: ((production_year <= 2015) AND (1990 < production_year))
                                                               Rows Removed by Filter: 0
                                                               Buffers: shared hit=441919 read=26801
                                             ->  Hash  (cost=1.09..1.09 rows=2 width=4) (actual time=0.015..0.016 rows=2 loops=1)
                                                   Buckets: 1024  Batches: 1  Memory Usage: 9kB
                                                   Buffers: shared hit=1
                                                   ->  Seq Scan on kind_type kt  (cost=0.00..1.09 rows=2 width=4) (actual time=0.010..0.011 rows=2 loops=1)
                                                         Filter: ((kind)::text = ANY ('{episode,"video movie"}'::text[]))
                                                         Rows Removed by Filter: 5
                                                         Buffers: shared hit=1
                                       ->  Index Scan using movie_id_movie_info on movie_info mi2  (cost=0.43..42.25 rows=1 width=8) (actual time=0.087..0.103 rows=1 loops=10264)
                                             Index Cond: (movie_id = t.id)
                                             Filter: ((info_type_id = 2) AND ((info)::text = 'Color'::text))
                                             Rows Removed by Filter: 11
                                             Buffers: shared hit=76368 read=31717
                     ->  Index Scan using movie_id_cast_info on cast_info ci  (cost=0.44..43.36 rows=38 width=12) (actual time=0.037..0.206 rows=18 loops=9908)
                           Index Cond: (movie_id = t.id)
                           Buffers: shared hit=123480 read=78011
               ->  Hash  (cost=1.15..1.15 rows=2 width=4) (actual time=0.037..0.038 rows=2 loops=1)
                     Buckets: 1024  Batches: 1  Memory Usage: 9kB
                     Buffers: shared hit=1
                     ->  Seq Scan on role_type rt  (cost=0.00..1.15 rows=2 width=4) (actual time=0.028..0.031 rows=2 loops=1)
                           Filter: ((role)::text = ANY ('{"costume designer",writer}'::text[]))
                           Rows Removed by Filter: 10
                           Buffers: shared hit=1
         ->  Index Scan using name_pkey on name n  (cost=0.43..2.32 rows=1 width=4) (actual time=0.037..0.037 rows=1 loops=14182)
               Index Cond: (id = ci.person_id)
               Filter: ((gender)::text = ANY ('{f,m}'::text[]))
               Rows Removed by Filter: 0
               Buffers: shared hit=48040 read=8688
 Planning:
   Buffers: shared hit=574
 Planning Time: 12.779 ms
 Execution Time: 8134.144 ms
(78 rows)

