                                                                                            QUERY PLAN                                                                                            
--------------------------------------------------------------------------------------------------------------------------------------------------------------------------------------------------
 Aggregate  (cost=654844.12..654844.13 rows=1 width=8) (actual time=1872.595..1872.601 rows=1 loops=1)
   Buffers: shared hit=111803 read=44826
   ->  Nested Loop  (cost=94167.69..654843.92 rows=79 width=0) (actual time=414.970..1872.249 rows=1800 loops=1)
         Buffers: shared hit=111803 read=44826
         ->  Seq Scan on info_type it2  (cost=0.00..2.41 rows=1 width=4) (actual time=0.052..0.057 rows=1 loops=1)
               Filter: (id = 2)
               Rows Removed by Filter: 112
               Buffers: shared hit=1
         ->  Nested Loop  (cost=94167.69..654840.72 rows=79 width=4) (actual time=414.916..1871.860 rows=1800 loops=1)
               Buffers: shared hit=111802 read=44826
               ->  Seq Scan on info_type it1  (cost=0.00..2.41 rows=1 width=4) (actual time=0.017..0.023 rows=1 loops=1)
                     Filter: (id = 3)
                     Rows Removed by Filter: 112
                     Buffers: shared hit=1
               ->  Nested Loop  (cost=94167.69..654837.51 rows=79 width=8) (actual time=414.895..1871.472 rows=1800 loops=1)
                     Buffers: shared hit=111801 read=44826
                     ->  Hash Join  (cost=94167.26..654401.44 rows=188 width=12) (actual time=414.857..1673.706 rows=5000 loops=1)
                           Hash Cond: (ci.role_id = rt.id)
                           Buffers: shared hit=93919 read=42708
                           ->  Nested Loop  (cost=94166.10..654392.28 rows=2250 width=16) (actual time=414.714..1666.502 rows=37506 loops=1)
                                 Buffers: shared hit=93918 read=42708
                                 ->  Nested Loop  (cost=94165.66..647346.21 rows=157 width=20) (actual time=414.692..1203.490 rows=3923 loops=1)
                                       Buffers: shared hit=58292 read=30969
                                       ->  Hash Join  (cost=94165.22..497972.85 rows=3471 width=12) (actual time=414.628..839.362 rows=3955 loops=1)
                                             Hash Cond: (mi1.movie_id = t.id)
                                             Buffers: shared hit=22343 read=25024
                                             ->  Bitmap Heap Scan on movie_info mi1  (cost=16462.94..420018.72 rows=57905 width=8) (actual time=40.511..409.287 rows=554020 loops=1)
                                                   Recheck Cond: (info_type_id = 3)
                                                   Filter: ((info)::text = ANY ('{Adventure,Animation,Crime,Family,Romance,Short}'::text[]))
                                                   Rows Removed by Filter: 979889
                                                   Heap Blocks: exact=9772
                                                   Buffers: shared hit=10975
                                                   ->  Bitmap Index Scan on info_type_id_movie_info  (cost=0.00..16448.47 rows=1538671 width=0) (actual time=39.307..39.308 rows=1533909 loops=1)
                                                         Index Cond: (info_type_id = 3)
                                                         Buffers: shared hit=1203
                                             ->  Hash  (cost=75807.58..75807.58 rows=151576 width=4) (actual time=373.081..373.084 rows=11843 loops=1)
                                                   Buckets: 262144  Batches: 1  Memory Usage: 2465kB
                                                   Buffers: shared hit=11368 read=25024
                                                   ->  Hash Join  (cost=1.13..75807.58 rows=151576 width=4) (actual time=0.095..370.145 rows=11843 loops=1)
                                                         Hash Cond: (t.kind_id = kt.id)
                                                         Buffers: shared hit=11368 read=25024
                                                         ->  Seq Scan on title t  (cost=0.00..74315.95 rows=353677 width=8) (actual time=0.013..349.946 rows=347589 loops=1)
                                                               Filter: ((production_year <= 1975) AND (1925 < production_year))
                                                               Rows Removed by Filter: 2180723
                                                               Buffers: shared hit=11367 read=25024
                                                         ->  Hash  (cost=1.10..1.10 rows=3 width=4) (actual time=0.011..0.012 rows=3 loops=1)
                                                               Buckets: 1024  Batches: 1  Memory Usage: 9kB
                                                               Buffers: shared hit=1
                                                               ->  Seq Scan on kind_type kt  (cost=0.00..1.10 rows=3 width=4) (actual time=0.006..0.007 rows=3 loops=1)
                                                                     Filter: ((kind)::text = ANY ('{"tv series","video game","video movie"}'::text[]))
                                                                     Rows Removed by Filter: 4
                                                                     Buffers: shared hit=1
                                       ->  Index Scan using movie_id_movie_info on movie_info mi2  (cost=0.43..43.02 rows=1 width=8) (actual time=0.075..0.091 rows=1 loops=3955)
                                             Index Cond: (movie_id = t.id)
                                             Filter: (((info)::text = ANY ('{"Black and White",Color}'::text[])) AND (info_type_id = 2))
                                             Rows Removed by Filter: 12
                                             Buffers: shared hit=35949 read=5945
                                 ->  Index Scan using movie_id_cast_info on cast_info ci  (cost=0.44..44.50 rows=38 width=12) (actual time=0.034..0.115 rows=10 loops=3923)
                                       Index Cond: (movie_id = t.id)
                                       Buffers: shared hit=35626 read=11739
                           ->  Hash  (cost=1.15..1.15 rows=1 width=4) (actual time=0.024..0.024 rows=1 loops=1)
                                 Buckets: 1024  Batches: 1  Memory Usage: 9kB
                                 Buffers: shared hit=1
                                 ->  Seq Scan on role_type rt  (cost=0.00..1.15 rows=1 width=4) (actual time=0.013..0.017 rows=1 loops=1)
                                       Filter: ((role)::text = 'writer'::text)
                                       Rows Removed by Filter: 11
                                       Buffers: shared hit=1
                     ->  Index Scan using name_pkey on name n  (cost=0.43..2.32 rows=1 width=4) (actual time=0.039..0.039 rows=0 loops=5000)
                           Index Cond: (id = ci.person_id)
                           Filter: ((gender)::text = 'm'::text)
                           Rows Removed by Filter: 1
                           Buffers: shared hit=17882 read=2118
 Planning:
   Buffers: shared hit=574
 Planning Time: 13.519 ms
 Execution Time: 1873.293 ms
(76 rows)

