                                                                                               QUERY PLAN                                                                                               
--------------------------------------------------------------------------------------------------------------------------------------------------------------------------------------------------------
 Aggregate  (cost=424925.46..424925.47 rows=1 width=8) (actual time=2175.267..2175.274 rows=1 loops=1)
   Buffers: shared hit=212627 read=12294
   ->  Nested Loop  (cost=16453.79..424925.45 rows=2 width=0) (actual time=76.536..2175.264 rows=4 loops=1)
         Buffers: shared hit=212627 read=12294
         ->  Seq Scan on info_type it2  (cost=0.00..2.41 rows=1 width=4) (actual time=0.049..0.058 rows=1 loops=1)
               Filter: (id = 2)
               Rows Removed by Filter: 112
               Buffers: shared hit=1
         ->  Nested Loop  (cost=16453.79..424923.02 rows=2 width=4) (actual time=76.486..2175.202 rows=4 loops=1)
               Buffers: shared hit=212626 read=12294
               ->  Seq Scan on info_type it1  (cost=0.00..2.41 rows=1 width=4) (actual time=0.013..0.023 rows=1 loops=1)
                     Filter: (id = 3)
                     Rows Removed by Filter: 112
                     Buffers: shared hit=1
               ->  Nested Loop  (cost=16453.79..424920.59 rows=2 width=8) (actual time=76.469..2175.172 rows=4 loops=1)
                     Buffers: shared hit=212625 read=12294
                     ->  Hash Join  (cost=16453.36..424904.35 rows=7 width=12) (actual time=41.343..2168.991 rows=194 loops=1)
                           Hash Cond: (ci.role_id = rt.id)
                           Buffers: shared hit=212081 read=12062
                           ->  Nested Loop  (cost=16452.19..424903.02 rows=43 width=16) (actual time=41.292..2168.588 rows=2317 loops=1)
                                 Buffers: shared hit=212080 read=12062
                                 ->  Nested Loop  (cost=16451.75..424768.38 rows=3 width=20) (actual time=41.263..2127.829 rows=349 loops=1)
                                       Buffers: shared hit=209685 read=11137
                                       ->  Hash Join  (cost=16451.31..411685.84 rows=304 width=12) (actual time=41.194..2062.379 rows=751 loops=1)
                                             Hash Cond: (t.kind_id = kt.id)
                                             Buffers: shared hit=202761 read=10327
                                             ->  Nested Loop  (cost=16450.18..411681.72 rows=710 width=16) (actual time=41.152..2061.017 rows=5913 loops=1)
                                                   Buffers: shared hit=202760 read=10327
                                                   ->  Bitmap Heap Scan on movie_info mi1  (cost=16449.74..374676.87 rows=5078 width=8) (actual time=41.007..497.199 rows=51073 loops=1)
                                                         Recheck Cond: (info_type_id = 3)
                                                         Filter: ((info)::text = ANY ('{History,Sci-Fi,Sport}'::text[]))
                                                         Rows Removed by Filter: 1482836
                                                         Heap Blocks: exact=9772
                                                         Buffers: shared hit=10975
                                                         ->  Bitmap Index Scan on info_type_id_movie_info  (cost=0.00..16448.47 rows=1538671 width=0) (actual time=39.809..39.809 rows=1533909 loops=1)
                                                               Index Cond: (info_type_id = 3)
                                                               Buffers: shared hit=1203
                                                   ->  Memoize  (cost=0.44..7.32 rows=1 width=8) (actual time=0.030..0.030 rows=0 loops=51073)
                                                         Cache Key: mi1.movie_id
                                                         Cache Mode: logical
                                                         Hits: 545  Misses: 50528  Evictions: 0  Overflows: 0  Memory Usage: 3585kB
                                                         Buffers: shared hit=191785 read=10327
                                                         ->  Index Scan using title_pkey on title t  (cost=0.43..7.31 rows=1 width=8) (actual time=0.030..0.030 rows=0 loops=50528)
                                                               Index Cond: (id = mi1.movie_id)
                                                               Filter: ((production_year <= 1975) AND (1925 < production_year))
                                                               Rows Removed by Filter: 1
                                                               Buffers: shared hit=191785 read=10327
                                             ->  Hash  (cost=1.10..1.10 rows=3 width=4) (actual time=0.017..0.018 rows=3 loops=1)
                                                   Buckets: 1024  Batches: 1  Memory Usage: 9kB
                                                   Buffers: shared hit=1
                                                   ->  Seq Scan on kind_type kt  (cost=0.00..1.10 rows=3 width=4) (actual time=0.009..0.011 rows=3 loops=1)
                                                         Filter: ((kind)::text = ANY ('{"tv series","video game","video movie"}'::text[]))
                                                         Rows Removed by Filter: 4
                                                         Buffers: shared hit=1
                                       ->  Index Scan using movie_id_movie_info on movie_info mi2  (cost=0.43..43.02 rows=1 width=8) (actual time=0.077..0.087 rows=0 loops=751)
                                             Index Cond: (movie_id = t.id)
                                             Filter: ((info_type_id = 2) AND ((info)::text = 'Black and White'::text))
                                             Rows Removed by Filter: 18
                                             Buffers: shared hit=6924 read=810
                                 ->  Index Scan using movie_id_cast_info on cast_info ci  (cost=0.44..44.50 rows=38 width=12) (actual time=0.037..0.115 rows=7 loops=349)
                                       Index Cond: (movie_id = t.id)
                                       Buffers: shared hit=2395 read=925
                           ->  Hash  (cost=1.15..1.15 rows=2 width=4) (actual time=0.020..0.021 rows=2 loops=1)
                                 Buckets: 1024  Batches: 1  Memory Usage: 9kB
                                 Buffers: shared hit=1
                                 ->  Seq Scan on role_type rt  (cost=0.00..1.15 rows=2 width=4) (actual time=0.012..0.014 rows=2 loops=1)
                                       Filter: ((role)::text = ANY ('{director,"production designer"}'::text[]))
                                       Rows Removed by Filter: 10
                                       Buffers: shared hit=1
                     ->  Index Scan using name_pkey on name n  (cost=0.43..2.32 rows=1 width=4) (actual time=0.031..0.031 rows=0 loops=194)
                           Index Cond: (id = ci.person_id)
                           Filter: ((gender)::text = 'f'::text)
                           Rows Removed by Filter: 1
                           Buffers: shared hit=544 read=232
 Planning:
   Buffers: shared hit=574
 Planning Time: 13.619 ms
 Execution Time: 2176.564 ms
(78 rows)

