                                                                                            QUERY PLAN                                                                                            
--------------------------------------------------------------------------------------------------------------------------------------------------------------------------------------------------
 Aggregate  (cost=559453.60..559453.61 rows=1 width=8) (actual time=9249.839..9249.847 rows=1 loops=1)
   Buffers: shared hit=617530 read=326580, temp read=1000 written=1000
   ->  Nested Loop  (cost=95183.23..559453.54 rows=25 width=0) (actual time=612.138..9249.637 rows=241 loops=1)
         Buffers: shared hit=617530 read=326580, temp read=1000 written=1000
         ->  Seq Scan on info_type it2  (cost=0.00..2.41 rows=1 width=4) (actual time=0.050..0.059 rows=1 loops=1)
               Filter: (id = 2)
               Rows Removed by Filter: 112
               Buffers: shared hit=1
         ->  Nested Loop  (cost=95183.23..559450.88 rows=25 width=4) (actual time=612.086..9249.474 rows=241 loops=1)
               Buffers: shared hit=617529 read=326580, temp read=1000 written=1000
               ->  Seq Scan on info_type it1  (cost=0.00..2.41 rows=1 width=4) (actual time=0.010..0.021 rows=1 loops=1)
                     Filter: (id = 3)
                     Rows Removed by Filter: 112
                     Buffers: shared hit=1
               ->  Nested Loop  (cost=95183.23..559448.21 rows=25 width=8) (actual time=612.072..9249.340 rows=241 loops=1)
                     Buffers: shared hit=617528 read=326580, temp read=1000 written=1000
                     ->  Hash Join  (cost=95182.80..559197.71 rows=108 width=12) (actual time=530.595..8805.420 rows=12817 loops=1)
                           Hash Cond: (ci.role_id = rt.id)
                           Buffers: shared hit=573874 read=318966, temp read=1000 written=1000
                           ->  Nested Loop  (cost=95181.63..559191.96 rows=1290 width=16) (actual time=529.678..8735.311 rows=515711 loops=1)
                                 Buffers: shared hit=573873 read=318966, temp read=1000 written=1000
                                 ->  Nested Loop  (cost=95181.19..555165.39 rows=90 width=20) (actual time=529.644..3456.013 rows=24451 loops=1)
                                       Buffers: shared hit=204248 read=112945, temp read=1000 written=1000
                                       ->  Hash Join  (cost=95180.76..469542.95 rows=1994 width=12) (actual time=529.582..1008.905 rows=25350 loops=1)
                                             Hash Cond: (mi1.movie_id = t.id)
                                             Buffers: shared hit=25704 read=21663, temp read=1000 written=1000
                                             ->  Bitmap Heap Scan on movie_info mi1  (cost=16456.00..389792.68 rows=30019 width=8) (actual time=39.457..374.778 rows=291696 loops=1)
                                                   Recheck Cond: (info_type_id = 3)
                                                   Filter: ((info)::text = ANY ('{Documentary,Fantasy,Game-Show,History,Horror,Musical,News,Sport,Talk-Show,War}'::text[]))
                                                   Rows Removed by Filter: 1242213
                                                   Heap Blocks: exact=9772
                                                   Buffers: shared hit=6965 read=4010
                                                   ->  Bitmap Index Scan on info_type_id_movie_info  (cost=0.00..16448.47 rows=1538671 width=0) (actual time=38.276..38.276 rows=1533909 loops=1)
                                                         Index Cond: (info_type_id = 3)
                                                         Buffers: shared hit=1203
                                             ->  Hash  (cost=75968.50..75968.50 rows=167941 width=4) (actual time=488.653..488.656 rows=342123 loops=1)
                                                   Buckets: 262144  Batches: 2  Memory Usage: 8082kB
                                                   Buffers: shared hit=18739 read=17653, temp written=499
                                                   ->  Hash Join  (cost=1.13..75968.50 rows=167941 width=4) (actual time=0.038..433.500 rows=342123 loops=1)
                                                         Hash Cond: (t.kind_id = kt.id)
                                                         Buffers: shared hit=18739 read=17653
                                                         ->  Seq Scan on title t  (cost=0.00..74315.95 rows=391862 width=8) (actual time=0.017..390.290 rows=386415 loops=1)
                                                               Filter: ((production_year <= 1997) AND (1981 < production_year))
                                                               Rows Removed by Filter: 2141897
                                                               Buffers: shared hit=18738 read=17653
                                                         ->  Hash  (cost=1.10..1.10 rows=3 width=4) (actual time=0.014..0.015 rows=3 loops=1)
                                                               Buckets: 1024  Batches: 1  Memory Usage: 9kB
                                                               Buffers: shared hit=1
                                                               ->  Seq Scan on kind_type kt  (cost=0.00..1.10 rows=3 width=4) (actual time=0.009..0.010 rows=3 loops=1)
                                                                     Filter: ((kind)::text = ANY ('{episode,movie,"tv movie"}'::text[]))
                                                                     Rows Removed by Filter: 4
                                                                     Buffers: shared hit=1
                                       ->  Index Scan using movie_id_movie_info on movie_info mi2  (cost=0.43..42.93 rows=1 width=8) (actual time=0.079..0.096 rows=1 loops=25350)
                                             Index Cond: (movie_id = t.id)
                                             Filter: (((info)::text = ANY ('{"Black and White",Color}'::text[])) AND (info_type_id = 2))
                                             Rows Removed by Filter: 15
                                             Buffers: shared hit=178544 read=91282
                                 ->  Index Scan using movie_id_cast_info on cast_info ci  (cost=0.44..44.36 rows=38 width=12) (actual time=0.034..0.211 rows=21 loops=24451)
                                       Index Cond: (movie_id = t.id)
                                       Buffers: shared hit=369625 read=206021
                           ->  Hash  (cost=1.15..1.15 rows=1 width=4) (actual time=0.020..0.020 rows=1 loops=1)
                                 Buckets: 1024  Batches: 1  Memory Usage: 9kB
                                 Buffers: shared hit=1
                                 ->  Seq Scan on role_type rt  (cost=0.00..1.15 rows=1 width=4) (actual time=0.012..0.013 rows=1 loops=1)
                                       Filter: ((role)::text = 'composer'::text)
                                       Rows Removed by Filter: 11
                                       Buffers: shared hit=1
                     ->  Index Scan using name_pkey on name n  (cost=0.43..2.32 rows=1 width=4) (actual time=0.034..0.034 rows=0 loops=12817)
                           Index Cond: (id = ci.person_id)
                           Filter: ((gender)::text = 'f'::text)
                           Rows Removed by Filter: 1
                           Buffers: shared hit=43654 read=7614
 Planning:
   Buffers: shared hit=576 read=1
 Planning Time: 13.081 ms
 Execution Time: 9250.486 ms
(76 rows)

