                                                                                            QUERY PLAN                                                                                            
--------------------------------------------------------------------------------------------------------------------------------------------------------------------------------------------------
 Aggregate  (cost=645868.77..645868.78 rows=1 width=8) (actual time=9272.343..9272.361 rows=1 loops=1)
   Buffers: shared hit=637278 read=309163, temp read=1249 written=1249
   ->  Nested Loop  (cost=95186.60..645868.44 rows=131 width=0) (actual time=520.035..9268.932 rows=22782 loops=1)
         Buffers: shared hit=637278 read=309163, temp read=1249 written=1249
         ->  Hash Join  (cost=95186.17..645142.43 rows=313 width=4) (actual time=519.902..7597.555 rows=52634 loops=1)
               Hash Cond: (ci.role_id = rt.id)
               Buffers: shared hit=453325 read=282580, temp read=1249 written=1249
               ->  Nested Loop  (cost=95184.99..645134.59 rows=1878 width=8) (actual time=518.837..7541.426 rows=356667 loops=1)
                     Buffers: shared hit=453324 read=282580, temp read=1249 written=1249
                     ->  Nested Loop  (cost=95184.55..639273.71 rows=131 width=12) (actual time=518.805..3607.643 rows=24081 loops=1)
                           Buffers: shared hit=187480 read=127183, temp read=1249 written=1249
                           ->  Seq Scan on info_type it2  (cost=0.00..2.41 rows=1 width=4) (actual time=0.032..0.041 rows=1 loops=1)
                                 Filter: (id = 2)
                                 Rows Removed by Filter: 112
                                 Buffers: shared hit=1
                           ->  Nested Loop  (cost=95184.55..639269.98 rows=131 width=16) (actual time=518.772..3603.034 rows=24081 loops=1)
                                 Buffers: shared hit=187479 read=127183, temp read=1249 written=1249
                                 ->  Seq Scan on info_type it1  (cost=0.00..2.41 rows=1 width=4) (actual time=0.008..0.021 rows=1 loops=1)
                                       Filter: (id = 3)
                                       Rows Removed by Filter: 112
                                       Buffers: shared hit=1
                                 ->  Nested Loop  (cost=95184.55..639266.26 rows=131 width=20) (actual time=518.761..3598.606 rows=24081 loops=1)
                                       Buffers: shared hit=187478 read=127183, temp read=1249 written=1249
                                       ->  Hash Join  (cost=95184.12..515040.72 rows=2893 width=12) (actual time=518.718..1261.590 rows=27178 loops=1)
                                             Hash Cond: (mi1.movie_id = t.id)
                                             Buffers: shared hit=1715 read=45652, temp read=1249 written=1249
                                             ->  Bitmap Heap Scan on movie_info mi1  (cost=16459.36..435124.69 rows=43559 width=8) (actual time=42.355..588.815 rows=438638 loops=1)
                                                   Recheck Cond: (info_type_id = 3)
                                                   Filter: ((info)::text = ANY ('{Fantasy,Game-Show,History,Mystery,News,Short,Talk-Show}'::text[]))
                                                   Rows Removed by Filter: 1095271
                                                   Heap Blocks: exact=9772
                                                   Buffers: shared hit=1714 read=9261
                                                   ->  Bitmap Index Scan on info_type_id_movie_info  (cost=0.00..16448.47 rows=1538671 width=0) (actual time=41.158..41.158 rows=1533909 loops=1)
                                                         Index Cond: (info_type_id = 3)
                                                         Buffers: shared read=1203
                                             ->  Hash  (cost=75968.50..75968.50 rows=167941 width=4) (actual time=475.222..475.225 rows=342123 loops=1)
                                                   Buckets: 262144  Batches: 2  Memory Usage: 8082kB
                                                   Buffers: shared hit=1 read=36391, temp written=499
                                                   ->  Hash Join  (cost=1.13..75968.50 rows=167941 width=4) (actual time=0.046..417.521 rows=342123 loops=1)
                                                         Hash Cond: (t.kind_id = kt.id)
                                                         Buffers: shared hit=1 read=36391
                                                         ->  Seq Scan on title t  (cost=0.00..74315.95 rows=391862 width=8) (actual time=0.024..373.211 rows=386415 loops=1)
                                                               Filter: ((production_year <= 1997) AND (1981 < production_year))
                                                               Rows Removed by Filter: 2141897
                                                               Buffers: shared read=36391
                                                         ->  Hash  (cost=1.10..1.10 rows=3 width=4) (actual time=0.012..0.013 rows=3 loops=1)
                                                               Buckets: 1024  Batches: 1  Memory Usage: 9kB
                                                               Buffers: shared hit=1
                                                               ->  Seq Scan on kind_type kt  (cost=0.00..1.10 rows=3 width=4) (actual time=0.007..0.008 rows=3 loops=1)
                                                                     Filter: ((kind)::text = ANY ('{episode,movie,"tv movie"}'::text[]))
                                                                     Rows Removed by Filter: 4
                                                                     Buffers: shared hit=1
                                       ->  Index Scan using movie_id_movie_info on movie_info mi2  (cost=0.43..42.93 rows=1 width=8) (actual time=0.071..0.085 rows=1 loops=27178)
                                             Index Cond: (movie_id = t.id)
                                             Filter: (((info)::text = ANY ('{"Black and White",Color}'::text[])) AND (info_type_id = 2))
                                             Rows Removed by Filter: 11
                                             Buffers: shared hit=185763 read=81531
                     ->  Index Scan using movie_id_cast_info on cast_info ci  (cost=0.44..44.36 rows=38 width=12) (actual time=0.034..0.160 rows=15 loops=24081)
                           Index Cond: (movie_id = t.id)
                           Buffers: shared hit=265844 read=155397
               ->  Hash  (cost=1.15..1.15 rows=2 width=4) (actual time=0.031..0.041 rows=2 loops=1)
                     Buckets: 1024  Batches: 1  Memory Usage: 9kB
                     Buffers: shared hit=1
                     ->  Seq Scan on role_type rt  (cost=0.00..1.15 rows=2 width=4) (actual time=0.023..0.025 rows=2 loops=1)
                           Filter: ((role)::text = ANY ('{director,writer}'::text[]))
                           Rows Removed by Filter: 10
                           Buffers: shared hit=1
         ->  Index Scan using name_pkey on name n  (cost=0.43..2.32 rows=1 width=4) (actual time=0.031..0.031 rows=0 loops=52634)
               Index Cond: (id = ci.person_id)
               Filter: ((gender)::text = 'm'::text)
               Rows Removed by Filter: 1
               Buffers: shared hit=183953 read=26583
 Planning:
   Buffers: shared hit=482 read=92
 Planning Time: 13.866 ms
 Execution Time: 9272.934 ms
(76 rows)

