                                                                                            QUERY PLAN                                                                                            
--------------------------------------------------------------------------------------------------------------------------------------------------------------------------------------------------
 Aggregate  (cost=608754.38..608754.39 rows=1 width=8) (actual time=7760.131..7760.138 rows=1 loops=1)
   Buffers: shared hit=604431 read=203531
   ->  Nested Loop  (cost=91249.31..608754.27 rows=42 width=0) (actual time=430.257..7759.752 rows=846 loops=1)
         Buffers: shared hit=604431 read=203531
         ->  Seq Scan on info_type it2  (cost=0.00..2.41 rows=1 width=4) (actual time=0.038..0.047 rows=1 loops=1)
               Filter: (id = 2)
               Rows Removed by Filter: 112
               Buffers: shared hit=1
         ->  Nested Loop  (cost=91249.31..608751.44 rows=42 width=4) (actual time=430.217..7759.482 rows=846 loops=1)
               Buffers: shared hit=604430 read=203531
               ->  Seq Scan on info_type it1  (cost=0.00..2.41 rows=1 width=4) (actual time=0.009..0.020 rows=1 loops=1)
                     Filter: (id = 3)
                     Rows Removed by Filter: 112
                     Buffers: shared hit=1
               ->  Nested Loop  (cost=91249.31..608748.61 rows=42 width=8) (actual time=430.205..7759.201 rows=846 loops=1)
                     Buffers: shared hit=604429 read=203531
                     ->  Hash Join  (cost=91248.88..608333.41 rows=179 width=12) (actual time=429.281..7109.277 rows=19509 loops=1)
                           Hash Cond: (ci.role_id = rt.id)
                           Buffers: shared hit=532734 read=197190
                           ->  Nested Loop  (cost=91247.71..608328.42 rows=1075 width=16) (actual time=429.202..7064.871 rows=286873 loops=1)
                                 Buffers: shared hit=532733 read=197190
                                 ->  Nested Loop  (cost=91247.27..604972.95 rows=75 width=20) (actual time=429.010..3953.942 rows=19265 loops=1)
                                       Buffers: shared hit=276047 read=116237
                                       ->  Hash Join  (cost=91246.83..434002.03 rows=3958 width=12) (actual time=428.923..1108.071 rows=36602 loops=1)
                                             Hash Cond: (mi2.movie_id = t.id)
                                             Buffers: shared hit=1312 read=52623
                                             ->  Bitmap Heap Scan on movie_info mi2  (cost=13878.84..356259.28 rows=89381 width=8) (actual time=37.978..485.174 rows=1000514 loops=1)
                                                   Recheck Cond: (info_type_id = 2)
                                                   Filter: ((info)::text = 'Color'::text)
                                                   Rows Removed by Filter: 288414
                                                   Heap Blocks: exact=16526
                                                   Buffers: shared hit=1311 read=16232
                                                   ->  Bitmap Index Scan on info_type_id_movie_info  (cost=0.00..13856.49 rows=1296008 width=0) (actual time=35.787..35.787 rows=1288928 loops=1)
                                                         Index Cond: (info_type_id = 2)
                                                         Buffers: shared read=1017
                                             ->  Hash  (cost=75968.48..75968.48 rows=111961 width=4) (actual time=388.606..388.609 rows=39589 loops=1)
                                                   Buckets: 131072  Batches: 1  Memory Usage: 2416kB
                                                   Buffers: shared hit=1 read=36391
                                                   ->  Hash Join  (cost=1.11..75968.48 rows=111961 width=4) (actual time=0.067..379.880 rows=39589 loops=1)
                                                         Hash Cond: (t.kind_id = kt.id)
                                                         Buffers: shared hit=1 read=36391
                                                         ->  Seq Scan on title t  (cost=0.00..74315.95 rows=391862 width=8) (actual time=0.026..354.889 rows=386415 loops=1)
                                                               Filter: ((production_year <= 1997) AND (1981 < production_year))
                                                               Rows Removed by Filter: 2141897
                                                               Buffers: shared read=36391
                                                         ->  Hash  (cost=1.09..1.09 rows=2 width=4) (actual time=0.011..0.013 rows=2 loops=1)
                                                               Buckets: 1024  Batches: 1  Memory Usage: 9kB
                                                               Buffers: shared hit=1
                                                               ->  Seq Scan on kind_type kt  (cost=0.00..1.09 rows=2 width=4) (actual time=0.007..0.008 rows=2 loops=1)
                                                                     Filter: ((kind)::text = ANY ('{"tv series","video movie"}'::text[]))
                                                                     Rows Removed by Filter: 5
                                                                     Buffers: shared hit=1
                                       ->  Index Scan using movie_id_movie_info on movie_info mi1  (cost=0.43..43.19 rows=1 width=8) (actual time=0.076..0.077 rows=1 loops=36602)
                                             Index Cond: (movie_id = t.id)
                                             Filter: ((info_type_id = 3) AND ((info)::text = ANY ('{Adult,Adventure,Animation,Crime,Drama,Sci-Fi,Thriller}'::text[])))
                                             Rows Removed by Filter: 8
                                             Buffers: shared hit=274735 read=63614
                                 ->  Index Scan using movie_id_cast_info on cast_info ci  (cost=0.44..44.36 rows=38 width=12) (actual time=0.033..0.158 rows=15 loops=19265)
                                       Index Cond: (movie_id = t.id)
                                       Buffers: shared hit=256686 read=80953
                           ->  Hash  (cost=1.15..1.15 rows=2 width=4) (actual time=0.018..0.019 rows=2 loops=1)
                                 Buckets: 1024  Batches: 1  Memory Usage: 9kB
                                 Buffers: shared hit=1
                                 ->  Seq Scan on role_type rt  (cost=0.00..1.15 rows=2 width=4) (actual time=0.011..0.012 rows=2 loops=1)
                                       Filter: ((role)::text = ANY ('{director,"production designer"}'::text[]))
                                       Rows Removed by Filter: 10
                                       Buffers: shared hit=1
                     ->  Index Scan using name_pkey on name n  (cost=0.43..2.32 rows=1 width=4) (actual time=0.033..0.033 rows=0 loops=19509)
                           Index Cond: (id = ci.person_id)
                           Filter: ((gender)::text = 'f'::text)
                           Rows Removed by Filter: 1
                           Buffers: shared hit=71695 read=6341
 Planning:
   Buffers: shared hit=484 read=90
 Planning Time: 13.953 ms
 Execution Time: 7760.901 ms
(76 rows)

