                                                                                               QUERY PLAN                                                                                               
--------------------------------------------------------------------------------------------------------------------------------------------------------------------------------------------------------
 Aggregate  (cost=859121.14..859121.15 rows=1 width=8) (actual time=69151.260..69151.272 rows=1 loops=1)
   Buffers: shared hit=6126290 read=1036692, temp read=5519 written=5519
   ->  Nested Loop  (cost=458560.16..859120.39 rows=300 width=0) (actual time=1297.126..69147.116 rows=8848 loops=1)
         Buffers: shared hit=6126290 read=1036692, temp read=5519 written=5519
         ->  Seq Scan on info_type it2  (cost=0.00..2.41 rows=1 width=4) (actual time=0.032..0.043 rows=1 loops=1)
               Filter: (id = 2)
               Rows Removed by Filter: 112
               Buffers: shared hit=1
         ->  Nested Loop  (cost=458560.16..859114.98 rows=300 width=4) (actual time=1297.092..69144.483 rows=8848 loops=1)
               Buffers: shared hit=6126289 read=1036692, temp read=5519 written=5519
               ->  Seq Scan on info_type it1  (cost=0.00..2.41 rows=1 width=4) (actual time=0.007..0.020 rows=1 loops=1)
                     Filter: (id = 3)
                     Rows Removed by Filter: 112
                     Buffers: shared hit=1
               ->  Nested Loop  (cost=458560.16..859109.57 rows=300 width=8) (actual time=1297.082..69141.727 rows=8848 loops=1)
                     Buffers: shared hit=6126288 read=1036692, temp read=5519 written=5519
                     ->  Hash Join  (cost=458559.73..856112.75 rows=1292 width=12) (actual time=1249.139..60745.749 rows=231233 loops=1)
                           Hash Cond: (ci.role_id = rt.id)
                           Buffers: shared hit=5282904 read=955144, temp read=5519 written=5519
                           ->  Nested Loop  (cost=458558.55..856084.03 rows=7755 width=16) (actual time=1249.020..59762.014 rows=5364861 loops=1)
                                 Buffers: shared hit=5282903 read=955144, temp read=5519 written=5519
                                 ->  Hash Join  (cost=458558.11..832302.53 rows=541 width=20) (actual time=1248.976..2542.551 rows=323480 loops=1)
                                       Hash Cond: (mi1.movie_id = t.id)
                                       Buffers: shared hit=4003 read=60907, temp read=5519 written=5519
                                       ->  Bitmap Heap Scan on movie_info mi1  (cost=16475.31..389812.00 rows=107285 width=8) (actual time=40.460..635.744 rows=1028756 loops=1)
                                             Recheck Cond: (info_type_id = 3)
                                             Filter: ((info)::text = ANY ('{Action,Adult,Crime,Documentary,Drama,Family,Music,Reality-TV,Short,Thriller}'::text[]))
                                             Rows Removed by Filter: 505153
                                             Heap Blocks: exact=9772
                                             Buffers: shared hit=88 read=10887
                                             ->  Bitmap Index Scan on info_type_id_movie_info  (cost=0.00..16448.47 rows=1538671 width=0) (actual time=39.270..39.270 rows=1533909 loops=1)
                                                   Index Cond: (info_type_id = 3)
                                                   Buffers: shared read=1203
                                       ->  Hash  (cost=441923.39..441923.39 rows=12753 width=12) (actual time=1180.089..1180.095 rows=252015 loops=1)
                                             Buckets: 262144 (originally 16384)  Batches: 2 (originally 1)  Memory Usage: 7469kB
                                             Buffers: shared hit=3915 read=50020, temp read=2567 written=3058
                                             ->  Hash Join  (cost=96990.76..441923.39 rows=12753 width=12) (actual time=759.406..1139.989 rows=252015 loops=1)
                                                   Hash Cond: (mi2.movie_id = t.id)
                                                   Buffers: shared hit=3915 read=50020, temp read=2567 written=2567
                                                   ->  Bitmap Heap Scan on movie_info mi2  (cost=13885.07..356265.51 rows=114308 width=8) (actual time=34.189..368.674 rows=1288928 loops=1)
                                                         Recheck Cond: (info_type_id = 2)
                                                         Filter: ((info)::text = ANY ('{"Black and White",Color}'::text[]))
                                                         Heap Blocks: exact=16526
                                                         Buffers: shared hit=3914 read=13629
                                                         ->  Bitmap Index Scan on info_type_id_movie_info  (cost=0.00..13856.49 rows=1296008 width=0) (actual time=32.022..32.022 rows=1288928 loops=1)
                                                               Index Cond: (info_type_id = 2)
                                                               Buffers: shared hit=1 read=1016
                                                   ->  Hash  (cost=78477.72..78477.72 rows=282078 width=4) (actual time=500.372..500.376 rows=249086 loops=1)
                                                         Buckets: 262144  Batches: 2  Memory Usage: 6427kB
                                                         Buffers: shared hit=1 read=36391, temp written=364
                                                         ->  Hash Join  (cost=1.11..78477.72 rows=282078 width=4) (actual time=52.563..460.690 rows=249086 loops=1)
                                                               Hash Cond: (t.kind_id = kt.id)
                                                               Buffers: shared hit=1 read=36391
                                                               ->  Seq Scan on title t  (cost=0.00..74315.95 rows=987274 width=8) (actual time=0.024..392.156 rows=989787 loops=1)
                                                                     Filter: ((production_year <= 2010) AND (2000 < production_year))
                                                                     Rows Removed by Filter: 1538525
                                                                     Buffers: shared read=36391
                                                               ->  Hash  (cost=1.09..1.09 rows=2 width=4) (actual time=0.011..0.013 rows=2 loops=1)
                                                                     Buckets: 1024  Batches: 1  Memory Usage: 9kB
                                                                     Buffers: shared hit=1
                                                                     ->  Seq Scan on kind_type kt  (cost=0.00..1.09 rows=2 width=4) (actual time=0.006..0.008 rows=2 loops=1)
                                                                           Filter: ((kind)::text = ANY ('{movie,"video movie"}'::text[]))
                                                                           Rows Removed by Filter: 5
                                                                           Buffers: shared hit=1
                                 ->  Index Scan using movie_id_cast_info on cast_info ci  (cost=0.44..43.58 rows=38 width=12) (actual time=0.034..0.172 rows=17 loops=323480)
                                       Index Cond: (movie_id = t.id)
                                       Buffers: shared hit=5278900 read=894237
                           ->  Hash  (cost=1.15..1.15 rows=2 width=4) (actual time=0.020..0.021 rows=2 loops=1)
                                 Buckets: 1024  Batches: 1  Memory Usage: 9kB
                                 Buffers: shared hit=1
                                 ->  Seq Scan on role_type rt  (cost=0.00..1.15 rows=2 width=4) (actual time=0.009..0.010 rows=2 loops=1)
                                       Filter: ((role)::text = ANY ('{composer,"production designer"}'::text[]))
                                       Rows Removed by Filter: 10
                                       Buffers: shared hit=1
                     ->  Index Scan using name_pkey on name n  (cost=0.43..2.32 rows=1 width=4) (actual time=0.036..0.036 rows=0 loops=231233)
                           Index Cond: (id = ci.person_id)
                           Filter: ((gender)::text = 'f'::text)
                           Rows Removed by Filter: 1
                           Buffers: shared hit=843384 read=81548
 Planning:
   Buffers: shared hit=504 read=73
 Planning Time: 11.951 ms
 Execution Time: 69152.131 ms
(83 rows)

