                                                                                            QUERY PLAN                                                                                            
--------------------------------------------------------------------------------------------------------------------------------------------------------------------------------------------------
 Aggregate  (cost=742755.69..742755.70 rows=1 width=8) (actual time=68130.692..68130.701 rows=1 loops=1)
   Buffers: shared hit=6284765 read=774353, temp read=3704 written=3704
   ->  Nested Loop  (cost=91589.83..742755.13 rows=224 width=0) (actual time=714.722..68103.005 rows=130111 loops=1)
         Buffers: shared hit=6284765 read=774353, temp read=3704 written=3704
         ->  Hash Join  (cost=91589.40..741518.82 rows=533 width=4) (actual time=527.825..55488.292 rows=346690 loops=1)
               Hash Cond: (ci.role_id = rt.id)
               Buffers: shared hit=4986154 read=686204, temp read=3704 written=3704
               ->  Nested Loop  (cost=91588.22..741506.30 rows=3196 width=8) (actual time=526.530..54891.058 rows=2900437 loops=1)
                     Buffers: shared hit=4986153 read=686204, temp read=3704 written=3704
                     ->  Nested Loop  (cost=91587.78..731498.19 rows=223 width=12) (actual time=526.500..23952.503 rows=129487 loops=1)
                           Buffers: shared hit=2166119 read=269390, temp read=3704 written=3704
                           ->  Seq Scan on info_type it2  (cost=0.00..2.41 rows=1 width=4) (actual time=0.027..0.036 rows=1 loops=1)
                                 Filter: (id = 2)
                                 Rows Removed by Filter: 112
                                 Buffers: shared hit=1
                           ->  Nested Loop  (cost=91587.78..731493.55 rows=223 width=16) (actual time=526.472..23921.120 rows=129487 loops=1)
                                 Buffers: shared hit=2166118 read=269390, temp read=3704 written=3704
                                 ->  Seq Scan on info_type it1  (cost=0.00..2.41 rows=1 width=4) (actual time=0.006..0.019 rows=1 loops=1)
                                       Filter: (id = 3)
                                       Rows Removed by Filter: 112
                                       Buffers: shared hit=1
                                 ->  Nested Loop  (cost=91587.78..731488.90 rows=223 width=20) (actual time=526.463..23888.328 rows=129487 loops=1)
                                       Buffers: shared hit=2166117 read=269390, temp read=3704 written=3704
                                       ->  Hash Join  (cost=91587.35..434464.97 rows=6853 width=12) (actual time=525.178..2140.546 rows=224022 loops=1)
                                             Hash Cond: (mi2.movie_id = t.id)
                                             Buffers: shared hit=14428 read=39507, temp read=3704 written=3704
                                             ->  Bitmap Heap Scan on movie_info mi2  (cost=13885.07..356265.51 rows=114308 width=8) (actual time=38.032..707.632 rows=1288928 loops=1)
                                                   Recheck Cond: (info_type_id = 2)
                                                   Filter: ((info)::text = ANY ('{"Black and White",Color}'::text[]))
                                                   Heap Blocks: exact=16526
                                                   Buffers: shared hit=785 read=16758
                                                   ->  Bitmap Index Scan on info_type_id_movie_info  (cost=0.00..13856.49 rows=1296008 width=0) (actual time=35.822..35.822 rows=1288928 loops=1)
                                                         Index Cond: (info_type_id = 2)
                                                         Buffers: shared read=1017
                                             ->  Hash  (cost=75807.58..75807.58 rows=151576 width=4) (actual time=484.056..484.059 rows=335746 loops=1)
                                                   Buckets: 262144 (originally 262144)  Batches: 2 (originally 1)  Memory Usage: 7957kB
                                                   Buffers: shared hit=13643 read=22749, temp written=491
                                                   ->  Hash Join  (cost=1.13..75807.58 rows=151576 width=4) (actual time=0.057..425.310 rows=335746 loops=1)
                                                         Hash Cond: (t.kind_id = kt.id)
                                                         Buffers: shared hit=13643 read=22749
                                                         ->  Seq Scan on title t  (cost=0.00..74315.95 rows=353677 width=8) (actual time=0.030..381.933 rows=347589 loops=1)
                                                               Filter: ((production_year <= 1975) AND (1925 < production_year))
                                                               Rows Removed by Filter: 2180723
                                                               Buffers: shared hit=13642 read=22749
                                                         ->  Hash  (cost=1.10..1.10 rows=3 width=4) (actual time=0.012..0.014 rows=3 loops=1)
                                                               Buckets: 1024  Batches: 1  Memory Usage: 9kB
                                                               Buffers: shared hit=1
                                                               ->  Seq Scan on kind_type kt  (cost=0.00..1.10 rows=3 width=4) (actual time=0.007..0.009 rows=3 loops=1)
                                                                     Filter: ((kind)::text = ANY ('{episode,movie,"tv movie"}'::text[]))
                                                                     Rows Removed by Filter: 4
                                                                     Buffers: shared hit=1
                                       ->  Index Scan using movie_id_movie_info on movie_info mi1  (cost=0.43..43.33 rows=1 width=8) (actual time=0.096..0.096 rows=1 loops=224022)
                                             Index Cond: (movie_id = t.id)
                                             Filter: ((info_type_id = 3) AND ((info)::text = ANY ('{Action,Adventure,Comedy,Crime,Documentary,Drama,Family,Romance}'::text[])))
                                             Rows Removed by Filter: 11
                                             Buffers: shared hit=2151689 read=229883
                     ->  Index Scan using movie_id_cast_info on cast_info ci  (cost=0.44..44.50 rows=38 width=12) (actual time=0.036..0.232 rows=22 loops=129487)
                           Index Cond: (movie_id = t.id)
                           Buffers: shared hit=2820034 read=416814
               ->  Hash  (cost=1.15..1.15 rows=2 width=4) (actual time=0.031..0.032 rows=2 loops=1)
                     Buckets: 1024  Batches: 1  Memory Usage: 9kB
                     Buffers: shared hit=1
                     ->  Seq Scan on role_type rt  (cost=0.00..1.15 rows=2 width=4) (actual time=0.022..0.024 rows=2 loops=1)
                           Filter: ((role)::text = ANY ('{"miscellaneous crew",writer}'::text[]))
                           Rows Removed by Filter: 10
                           Buffers: shared hit=1
         ->  Index Scan using name_pkey on name n  (cost=0.43..2.32 rows=1 width=4) (actual time=0.036..0.036 rows=0 loops=346690)
               Index Cond: (id = ci.person_id)
               Filter: ((gender)::text = 'm'::text)
               Rows Removed by Filter: 1
               Buffers: shared hit=1298611 read=88149
 Planning:
   Buffers: shared hit=520 read=54
 Planning Time: 13.122 ms
 Execution Time: 68131.344 ms
(75 rows)

