                                                                                            QUERY PLAN                                                                                            
--------------------------------------------------------------------------------------------------------------------------------------------------------------------------------------------------
 Aggregate  (cost=624449.71..624449.72 rows=1 width=8) (actual time=29351.591..29351.601 rows=1 loops=1)
   Buffers: shared hit=2562218 read=441393, temp read=3512 written=3512
   ->  Nested Loop  (cost=90249.59..624449.22 rows=195 width=0) (actual time=643.881..29349.601 rows=5104 loops=1)
         Buffers: shared hit=2562218 read=441393, temp read=3512 written=3512
         ->  Hash Join  (cost=90249.16..623368.33 rows=466 width=4) (actual time=612.971..28409.418 rows=26692 loops=1)
               Hash Cond: (ci.role_id = rt.id)
               Buffers: shared hit=2459816 read=437027, temp read=3512 written=3512
               ->  Nested Loop  (cost=90247.98..623357.22 rows=2795 width=8) (actual time=456.947..28195.114 rows=1304077 loops=1)
                     Buffers: shared hit=2459815 read=437027, temp read=3512 written=3512
                     ->  Nested Loop  (cost=90247.54..614422.33 rows=195 width=12) (actual time=456.913..14318.815 rows=72514 loops=1)
                           Buffers: shared hit=1168227 read=233280, temp read=3512 written=3512
                           ->  Seq Scan on info_type it2  (cost=0.00..2.41 rows=1 width=4) (actual time=0.029..0.068 rows=1 loops=1)
                                 Filter: (id = 2)
                                 Rows Removed by Filter: 112
                                 Buffers: shared hit=1
                           ->  Nested Loop  (cost=90247.54..614417.97 rows=195 width=16) (actual time=456.883..14302.526 rows=72514 loops=1)
                                 Buffers: shared hit=1168226 read=233280, temp read=3512 written=3512
                                 ->  Seq Scan on info_type it1  (cost=0.00..2.41 rows=1 width=4) (actual time=0.008..0.022 rows=1 loops=1)
                                       Filter: (id = 3)
                                       Rows Removed by Filter: 112
                                       Buffers: shared hit=1
                                 ->  Nested Loop  (cost=90247.54..614413.61 rows=195 width=20) (actual time=456.872..14285.357 rows=72514 loops=1)
                                       Buffers: shared hit=1168225 read=233280, temp read=3512 written=3512
                                       ->  Hash Join  (cost=90247.08..433097.58 rows=4140 width=12) (actual time=455.873..1884.858 rows=129491 loops=1)
                                             Hash Cond: (mi2.movie_id = t.id)
                                             Buffers: shared hit=506 read=53429, temp read=3512 written=3512
                                             ->  Bitmap Heap Scan on movie_info mi2  (cost=13885.07..356265.51 rows=114308 width=8) (actual time=38.557..668.834 rows=1288928 loops=1)
                                                   Recheck Cond: (info_type_id = 2)
                                                   Filter: ((info)::text = ANY ('{"Black and White",Color}'::text[]))
                                                   Heap Blocks: exact=16526
                                                   Buffers: shared hit=505 read=17038
                                                   ->  Bitmap Index Scan on info_type_id_movie_info  (cost=0.00..13856.49 rows=1296008 width=0) (actual time=36.396..36.396 rows=1288928 loops=1)
                                                         Index Cond: (info_type_id = 2)
                                                         Buffers: shared read=1017
                                             ->  Hash  (cost=75217.46..75217.46 rows=91564 width=4) (actual time=414.281..414.285 rows=204688 loops=1)
                                                   Buckets: 262144 (originally 131072)  Batches: 2 (originally 1)  Memory Usage: 6145kB
                                                   Buffers: shared hit=1 read=36391, temp written=299
                                                   ->  Hash Join  (cost=1.13..75217.46 rows=91564 width=4) (actual time=0.047..373.171 rows=204688 loops=1)
                                                         Hash Cond: (t.kind_id = kt.id)
                                                         Buffers: shared hit=1 read=36391
                                                         ->  Seq Scan on title t  (cost=0.00..74315.95 rows=213650 width=8) (actual time=0.023..347.303 rows=212483 loops=1)
                                                               Filter: ((production_year <= 1970) AND (1950 < production_year))
                                                               Rows Removed by Filter: 2315829
                                                               Buffers: shared read=36391
                                                         ->  Hash  (cost=1.10..1.10 rows=3 width=4) (actual time=0.011..0.012 rows=3 loops=1)
                                                               Buckets: 1024  Batches: 1  Memory Usage: 9kB
                                                               Buffers: shared hit=1
                                                               ->  Seq Scan on kind_type kt  (cost=0.00..1.10 rows=3 width=4) (actual time=0.006..0.008 rows=3 loops=1)
                                                                     Filter: ((kind)::text = ANY ('{episode,movie,"tv movie"}'::text[]))
                                                                     Rows Removed by Filter: 4
                                                                     Buffers: shared hit=1
                                       ->  Index Scan using movie_id_movie_info on movie_info mi1  (cost=0.46..43.79 rows=1 width=8) (actual time=0.095..0.095 rows=1 loops=129491)
                                             Index Cond: (movie_id = t.id)
                                             Filter: ((info_type_id = 3) AND ((info)::text = ANY ('{Action,Adventure,Comedy,Crime,Documentary,Drama,Family,Music,Short}'::text[])))
                                             Rows Removed by Filter: 11
                                             Buffers: shared hit=1167719 read=179851
                     ->  Index Scan using movie_id_cast_info on cast_info ci  (cost=0.44..45.44 rows=38 width=12) (actual time=0.035..0.186 rows=18 loops=72514)
                           Index Cond: (movie_id = t.id)
                           Buffers: shared hit=1291588 read=203747
               ->  Hash  (cost=1.15..1.15 rows=2 width=4) (actual time=0.031..0.032 rows=2 loops=1)
                     Buckets: 1024  Batches: 1  Memory Usage: 9kB
                     Buffers: shared hit=1
                     ->  Seq Scan on role_type rt  (cost=0.00..1.15 rows=2 width=4) (actual time=0.023..0.025 rows=2 loops=1)
                           Filter: ((role)::text = ANY ('{"costume designer","production designer"}'::text[]))
                           Rows Removed by Filter: 10
                           Buffers: shared hit=1
         ->  Index Scan using name_pkey on name n  (cost=0.43..2.32 rows=1 width=4) (actual time=0.035..0.035 rows=0 loops=26692)
               Index Cond: (id = ci.person_id)
               Filter: ((gender)::text = 'm'::text)
               Rows Removed by Filter: 1
               Buffers: shared hit=102402 read=4366
 Planning:
   Buffers: shared hit=484 read=93
 Planning Time: 14.271 ms
 Execution Time: 29352.353 ms
(75 rows)

