                                                                                               QUERY PLAN                                                                                               
--------------------------------------------------------------------------------------------------------------------------------------------------------------------------------------------------------
 Aggregate  (cost=503433.39..503433.40 rows=1 width=8) (actual time=6804.558..6804.565 rows=1 loops=1)
   Buffers: shared hit=528053 read=179149
   ->  Nested Loop  (cost=16453.97..503433.04 rows=139 width=0) (actual time=49.810..6804.091 rows=1222 loops=1)
         Buffers: shared hit=528053 read=179149
         ->  Hash Join  (cost=16453.54..502938.99 rows=213 width=4) (actual time=39.703..6627.317 rows=5383 loops=1)
               Hash Cond: (ci.role_id = rt.id)
               Buffers: shared hit=508831 read=176839
               ->  Nested Loop  (cost=16452.36..502933.28 rows=1276 width=8) (actual time=39.433..6591.026 rows=258332 loops=1)
                     Buffers: shared hit=508830 read=176839
                     ->  Nested Loop  (cost=16451.92..499044.19 rows=89 width=12) (actual time=39.401..3711.146 rows=12469 loops=1)
                           Buffers: shared hit=340044 read=56891
                           ->  Seq Scan on info_type it2  (cost=0.00..2.41 rows=1 width=4) (actual time=0.035..0.043 rows=1 loops=1)
                                 Filter: (id = 2)
                                 Rows Removed by Filter: 112
                                 Buffers: shared hit=1
                           ->  Nested Loop  (cost=16451.92..499040.89 rows=89 width=16) (actual time=39.365..3708.643 rows=12469 loops=1)
                                 Buffers: shared hit=340043 read=56891
                                 ->  Seq Scan on info_type it1  (cost=0.00..2.41 rows=1 width=4) (actual time=0.009..0.019 rows=1 loops=1)
                                       Filter: (id = 3)
                                       Rows Removed by Filter: 112
                                       Buffers: shared hit=1
                                 ->  Nested Loop  (cost=16451.92..499037.58 rows=89 width=20) (actual time=39.353..3706.229 rows=12469 loops=1)
                                       Buffers: shared hit=340042 read=56891
                                       ->  Hash Join  (cost=16451.49..416087.99 rows=1964 width=12) (actual time=39.261..2544.001 rows=12024 loops=1)
                                             Hash Cond: (t.kind_id = kt.id)
                                             Buffers: shared hit=255614 read=17134
                                             ->  Nested Loop  (cost=16450.35..416067.55 rows=4582 width=16) (actual time=39.219..2532.629 rows=48359 loops=1)
                                                   Buffers: shared hit=255613 read=17134
                                                   ->  Bitmap Heap Scan on movie_info mi1  (cost=16449.91..374677.05 rows=5784 width=8) (actual time=39.134..513.905 rows=66436 loops=1)
                                                         Recheck Cond: (info_type_id = 3)
                                                         Filter: ((info)::text = ANY ('{Game-Show,History,Romance}'::text[]))
                                                         Rows Removed by Filter: 1467473
                                                         Heap Blocks: exact=9772
                                                         Buffers: shared hit=1401 read=9574
                                                         ->  Bitmap Index Scan on info_type_id_movie_info  (cost=0.00..16448.47 rows=1538671 width=0) (actual time=37.937..37.937 rows=1533909 loops=1)
                                                               Index Cond: (info_type_id = 3)
                                                               Buffers: shared hit=1203
                                                   ->  Memoize  (cost=0.44..7.20 rows=1 width=8) (actual time=0.030..0.030 rows=1 loops=66436)
                                                         Cache Key: mi1.movie_id
                                                         Cache Mode: logical
                                                         Hits: 993  Misses: 65443  Evictions: 0  Overflows: 0  Memory Usage: 6210kB
                                                         Buffers: shared hit=254212 read=7560
                                                         ->  Index Scan using title_pkey on title t  (cost=0.43..7.19 rows=1 width=8) (actual time=0.029..0.029 rows=1 loops=65443)
                                                               Index Cond: (id = mi1.movie_id)
                                                               Filter: ((production_year <= 2015) AND (1975 < production_year))
                                                               Rows Removed by Filter: 0
                                                               Buffers: shared hit=254212 read=7560
                                             ->  Hash  (cost=1.10..1.10 rows=3 width=4) (actual time=0.015..0.016 rows=3 loops=1)
                                                   Buckets: 1024  Batches: 1  Memory Usage: 9kB
                                                   Buffers: shared hit=1
                                                   ->  Seq Scan on kind_type kt  (cost=0.00..1.10 rows=3 width=4) (actual time=0.009..0.011 rows=3 loops=1)
                                                         Filter: ((kind)::text = ANY ('{"tv movie","tv series","video game"}'::text[]))
                                                         Rows Removed by Filter: 4
                                                         Buffers: shared hit=1
                                       ->  Index Scan using movie_id_movie_info on movie_info mi2  (cost=0.43..42.23 rows=1 width=8) (actual time=0.077..0.096 rows=1 loops=12024)
                                             Index Cond: (movie_id = t.id)
                                             Filter: (((info)::text = ANY ('{"Black and White",Color}'::text[])) AND (info_type_id = 2))
                                             Rows Removed by Filter: 11
                                             Buffers: shared hit=84428 read=39757
                     ->  Index Scan using movie_id_cast_info on cast_info ci  (cost=0.44..43.32 rows=38 width=12) (actual time=0.033..0.226 rows=21 loops=12469)
                           Index Cond: (movie_id = t.id)
                           Buffers: shared hit=168786 read=119948
               ->  Hash  (cost=1.15..1.15 rows=2 width=4) (actual time=0.035..0.036 rows=2 loops=1)
                     Buckets: 1024  Batches: 1  Memory Usage: 9kB
                     Buffers: shared hit=1
                     ->  Seq Scan on role_type rt  (cost=0.00..1.15 rows=2 width=4) (actual time=0.028..0.029 rows=2 loops=1)
                           Filter: ((role)::text = ANY ('{"costume designer","production designer"}'::text[]))
                           Rows Removed by Filter: 10
                           Buffers: shared hit=1
         ->  Index Scan using name_pkey on name n  (cost=0.43..2.32 rows=1 width=4) (actual time=0.032..0.032 rows=0 loops=5383)
               Index Cond: (id = ci.person_id)
               Filter: ((gender)::text = ANY ('{f,m}'::text[]))
               Rows Removed by Filter: 1
               Buffers: shared hit=19222 read=2310
 Planning:
   Buffers: shared hit=574
 Planning Time: 12.253 ms
 Execution Time: 6806.427 ms
(78 rows)

