                                                                                            QUERY PLAN                                                                                            
--------------------------------------------------------------------------------------------------------------------------------------------------------------------------------------------------
 Aggregate  (cost=572599.17..572599.18 rows=1 width=8) (actual time=18732.423..18732.433 rows=1 loops=1)
   Buffers: shared hit=1624792 read=312238, temp read=1571 written=1571
   ->  Nested Loop  (cost=92826.63..572598.95 rows=90 width=0) (actual time=459.089..18730.691 rows=4938 loops=1)
         Buffers: shared hit=1624792 read=312238, temp read=1571 written=1571
         ->  Hash Join  (cost=92826.20..572100.25 rows=215 width=4) (actual time=458.947..17826.260 rows=25848 loops=1)
               Hash Cond: (ci.role_id = rt.id)
               Buffers: shared hit=1524842 read=308796, temp read=1571 written=1571
               ->  Nested Loop  (cost=92825.02..572094.49 rows=1290 width=8) (actual time=458.757..17638.105 rows=1129465 loops=1)
                     Buffers: shared hit=1524841 read=308796, temp read=1571 written=1571
                     ->  Nested Loop  (cost=92824.58..567970.69 rows=90 width=12) (actual time=458.728..6446.840 rows=44953 loops=1)
                           Buffers: shared hit=437945 read=151768, temp read=1571 written=1571
                           ->  Seq Scan on info_type it2  (cost=0.00..2.41 rows=1 width=4) (actual time=0.031..0.043 rows=1 loops=1)
                                 Filter: (id = 2)
                                 Rows Removed by Filter: 112
                                 Buffers: shared hit=1
                           ->  Nested Loop  (cost=92824.58..567967.38 rows=90 width=16) (actual time=458.695..6436.124 rows=44953 loops=1)
                                 Buffers: shared hit=437944 read=151768, temp read=1571 written=1571
                                 ->  Seq Scan on info_type it1  (cost=0.00..2.41 rows=1 width=4) (actual time=0.011..0.026 rows=1 loops=1)
                                       Filter: (id = 3)
                                       Rows Removed by Filter: 112
                                       Buffers: shared hit=1
                                 ->  Nested Loop  (cost=92824.58..567964.07 rows=90 width=20) (actual time=458.681..6425.199 rows=44953 loops=1)
                                       Buffers: shared hit=437943 read=151768, temp read=1571 written=1571
                                       ->  Hash Join  (cost=92824.15..481495.21 rows=1980 width=12) (actual time=458.599..1367.004 rows=45915 loops=1)
                                             Hash Cond: (mi1.movie_id = t.id)
                                             Buffers: shared hit=885 read=46482, temp read=1571 written=1571
                                             ->  Bitmap Heap Scan on movie_info mi1  (cost=16462.14..404908.37 rows=54674 width=8) (actual time=43.262..651.917 rows=537634 loops=1)
                                                   Recheck Cond: (info_type_id = 3)
                                                   Filter: ((info)::text = ANY ('{Adventure,Comedy,Crime,Drama,Romance}'::text[]))
                                                   Rows Removed by Filter: 996275
                                                   Heap Blocks: exact=9772
                                                   Buffers: shared hit=884 read=10091
                                                   ->  Bitmap Index Scan on info_type_id_movie_info  (cost=0.00..16448.47 rows=1538671 width=0) (actual time=42.075..42.075 rows=1533909 loops=1)
                                                         Index Cond: (info_type_id = 3)
                                                         Buffers: shared read=1203
                                             ->  Hash  (cost=75217.46..75217.46 rows=91564 width=4) (actual time=414.100..414.103 rows=204688 loops=1)
                                                   Buckets: 262144 (originally 131072)  Batches: 2 (originally 1)  Memory Usage: 6145kB
                                                   Buffers: shared hit=1 read=36391, temp written=299
                                                   ->  Hash Join  (cost=1.13..75217.46 rows=91564 width=4) (actual time=0.043..374.037 rows=204688 loops=1)
                                                         Hash Cond: (t.kind_id = kt.id)
                                                         Buffers: shared hit=1 read=36391
                                                         ->  Seq Scan on title t  (cost=0.00..74315.95 rows=213650 width=8) (actual time=0.021..348.533 rows=212483 loops=1)
                                                               Filter: ((production_year <= 1970) AND (1950 < production_year))
                                                               Rows Removed by Filter: 2315829
                                                               Buffers: shared read=36391
                                                         ->  Hash  (cost=1.10..1.10 rows=3 width=4) (actual time=0.013..0.014 rows=3 loops=1)
                                                               Buckets: 1024  Batches: 1  Memory Usage: 9kB
                                                               Buffers: shared hit=1
                                                               ->  Seq Scan on kind_type kt  (cost=0.00..1.10 rows=3 width=4) (actual time=0.007..0.008 rows=3 loops=1)
                                                                     Filter: ((kind)::text = ANY ('{episode,movie,"tv movie"}'::text[]))
                                                                     Rows Removed by Filter: 4
                                                                     Buffers: shared hit=1
                                       ->  Index Scan using movie_id_movie_info on movie_info mi2  (cost=0.43..43.66 rows=1 width=8) (actual time=0.092..0.109 rows=1 loops=45915)
                                             Index Cond: (movie_id = t.id)
                                             Filter: (((info)::text = ANY ('{"Black and White",Color}'::text[])) AND (info_type_id = 2))
                                             Rows Removed by Filter: 16
                                             Buffers: shared hit=437058 read=105286
                     ->  Index Scan using movie_id_cast_info on cast_info ci  (cost=0.44..45.44 rows=38 width=12) (actual time=0.035..0.242 rows=25 loops=44953)
                           Index Cond: (movie_id = t.id)
                           Buffers: shared hit=1086896 read=157028
               ->  Hash  (cost=1.15..1.15 rows=2 width=4) (actual time=0.036..0.037 rows=2 loops=1)
                     Buckets: 1024  Batches: 1  Memory Usage: 9kB
                     Buffers: shared hit=1
                     ->  Seq Scan on role_type rt  (cost=0.00..1.15 rows=2 width=4) (actual time=0.026..0.028 rows=2 loops=1)
                           Filter: ((role)::text = ANY ('{"costume designer","production designer"}'::text[]))
                           Rows Removed by Filter: 10
                           Buffers: shared hit=1
         ->  Index Scan using name_pkey on name n  (cost=0.43..2.32 rows=1 width=4) (actual time=0.034..0.034 rows=0 loops=25848)
               Index Cond: (id = ci.person_id)
               Filter: ((gender)::text = 'm'::text)
               Rows Removed by Filter: 1
               Buffers: shared hit=99950 read=3442
 Planning:
   Buffers: shared hit=481 read=93
 Planning Time: 14.121 ms
 Execution Time: 18733.078 ms
(76 rows)

