                                                                                               QUERY PLAN                                                                                               
--------------------------------------------------------------------------------------------------------------------------------------------------------------------------------------------------------
 Aggregate  (cost=899736.21..899736.22 rows=1 width=8) (actual time=100724.258..100724.270 rows=1 loops=1)
   Buffers: shared hit=8565047 read=1737743, temp read=16707 written=16707
   ->  Nested Loop  (cost=471652.76..899734.68 rows=612 width=0) (actual time=1847.593..100713.578 rows=24390 loops=1)
         Buffers: shared hit=8565047 read=1737743, temp read=16707 written=16707
         ->  Seq Scan on info_type it2  (cost=0.00..2.41 rows=1 width=4) (actual time=0.042..0.052 rows=1 loops=1)
               Filter: (id = 2)
               Rows Removed by Filter: 112
               Buffers: shared hit=1
         ->  Nested Loop  (cost=471652.76..899726.15 rows=612 width=4) (actual time=1847.549..100706.807 rows=24390 loops=1)
               Buffers: shared hit=8565046 read=1737743, temp read=16707 written=16707
               ->  Seq Scan on info_type it1  (cost=0.00..2.41 rows=1 width=4) (actual time=0.012..0.024 rows=1 loops=1)
                     Filter: (id = 3)
                     Rows Removed by Filter: 112
                     Buffers: shared hit=1
               ->  Nested Loop  (cost=471652.76..899717.62 rows=612 width=8) (actual time=1847.535..100699.392 rows=24390 loops=1)
                     Buffers: shared hit=8565045 read=1737743, temp read=16707 written=16707
                     ->  Hash Join  (cost=471652.33..893605.68 rows=2635 width=12) (actual time=1845.372..94359.381 rows=175632 loops=1)
                           Hash Cond: (ci.role_id = rt.id)
                           Buffers: shared hit=7931676 read=1668584, temp read=16707 written=16707
                           ->  Nested Loop  (cost=471651.15..893548.34 rows=15810 width=16) (actual time=1845.042..92866.244 rows=8646807 loops=1)
                                 Buffers: shared hit=7931675 read=1668584, temp read=16707 written=16707
                                 ->  Hash Join  (cost=471650.71..845308.03 rows=1103 width=20) (actual time=1845.004..3225.081 rows=390377 loops=1)
                                       Hash Cond: (mi1.movie_id = t.id)
                                       Buffers: shared hit=4249 read=60661, temp read=16707 written=16707
                                       ->  Bitmap Heap Scan on movie_info mi1  (cost=16469.14..389805.82 rows=82563 width=8) (actual time=42.166..537.534 rows=804508 loops=1)
                                             Recheck Cond: (info_type_id = 3)
                                             Filter: ((info)::text = ANY ('{Action,Biography,Comedy,Crime,Documentary,Drama,History,Musical,Mystery,News,Romance,Western}'::text[]))
                                             Rows Removed by Filter: 729401
                                             Heap Blocks: exact=9772
                                             Buffers: shared hit=26 read=10949
                                             ->  Bitmap Index Scan on info_type_id_movie_info  (cost=0.00..16448.47 rows=1538671 width=0) (actual time=40.970..40.970 rows=1533909 loops=1)
                                                   Index Cond: (info_type_id = 3)
                                                   Buffers: shared read=1203
                                       ->  Hash  (cost=454759.47..454759.47 rows=33768 width=12) (actual time=1802.228..1802.233 rows=663925 loops=1)
                                             Buckets: 262144 (originally 65536)  Batches: 8 (originally 1)  Memory Usage: 6145kB
                                             Buffers: shared hit=4223 read=49712, temp read=10357 written=12623
                                             ->  Hash Join  (cost=107800.70..454759.47 rows=33768 width=12) (actual time=875.070..1695.267 rows=663925 loops=1)
                                                   Hash Cond: (mi2.movie_id = t.id)
                                                   Buffers: shared hit=4223 read=49712, temp read=10357 written=10357
                                                   ->  Bitmap Heap Scan on movie_info mi2  (cost=13885.07..356265.51 rows=114308 width=8) (actual time=34.346..369.978 rows=1288928 loops=1)
                                                         Recheck Cond: (info_type_id = 2)
                                                         Filter: ((info)::text = ANY ('{"Black and White",Color}'::text[]))
                                                         Heap Blocks: exact=16526
                                                         Buffers: shared hit=4222 read=13321
                                                         ->  Bitmap Index Scan on info_type_id_movie_info  (cost=0.00..13856.49 rows=1296008 width=0) (actual time=32.169..32.169 rows=1288928 loops=1)
                                                               Index Cond: (info_type_id = 2)
                                                               Buffers: shared hit=1 read=1016
                                                   ->  Hash  (cost=81661.50..81661.50 rows=746890 width=4) (actual time=839.537..839.541 rows=1610551 loops=1)
                                                         Buckets: 262144 (originally 262144)  Batches: 16 (originally 8)  Memory Usage: 6145kB
                                                         Buffers: shared hit=1 read=36391, temp written=4414
                                                         ->  Hash Join  (cost=1.13..81661.50 rows=746890 width=4) (actual time=0.054..626.452 rows=1610551 loops=1)
                                                               Hash Cond: (t.kind_id = kt.id)
                                                               Buffers: shared hit=1 read=36391
                                                               ->  Seq Scan on title t  (cost=0.00..74315.95 rows=1742744 width=8) (actual time=0.025..428.147 rows=1748995 loops=1)
                                                                     Filter: ((production_year <= 2015) AND (1990 < production_year))
                                                                     Rows Removed by Filter: 779317
                                                                     Buffers: shared read=36391
                                                               ->  Hash  (cost=1.10..1.10 rows=3 width=4) (actual time=0.014..0.015 rows=3 loops=1)
                                                                     Buckets: 1024  Batches: 1  Memory Usage: 9kB
                                                                     Buffers: shared hit=1
                                                                     ->  Seq Scan on kind_type kt  (cost=0.00..1.10 rows=3 width=4) (actual time=0.007..0.008 rows=3 loops=1)
                                                                           Filter: ((kind)::text = ANY ('{episode,movie,"video movie"}'::text[]))
                                                                           Rows Removed by Filter: 4
                                                                           Buffers: shared hit=1
                                 ->  Index Scan using movie_id_cast_info on cast_info ci  (cost=0.44..43.36 rows=38 width=12) (actual time=0.035..0.223 rows=22 loops=390377)
                                       Index Cond: (movie_id = t.id)
                                       Buffers: shared hit=7927426 read=1607923
                           ->  Hash  (cost=1.15..1.15 rows=2 width=4) (actual time=0.022..0.022 rows=2 loops=1)
                                 Buckets: 1024  Batches: 1  Memory Usage: 9kB
                                 Buffers: shared hit=1
                                 ->  Seq Scan on role_type rt  (cost=0.00..1.15 rows=2 width=4) (actual time=0.011..0.013 rows=2 loops=1)
                                       Filter: ((role)::text = ANY ('{"costume designer","production designer"}'::text[]))
                                       Rows Removed by Filter: 10
                                       Buffers: shared hit=1
                     ->  Index Scan using name_pkey on name n  (cost=0.43..2.32 rows=1 width=4) (actual time=0.035..0.035 rows=0 loops=175632)
                           Index Cond: (id = ci.person_id)
                           Filter: ((gender)::text = 'f'::text)
                           Rows Removed by Filter: 1
                           Buffers: shared hit=633369 read=69159
 Planning:
   Buffers: shared hit=483 read=94
 Planning Time: 14.028 ms
 Execution Time: 100725.073 ms
(83 rows)

