                                                                                               QUERY PLAN                                                                                               
--------------------------------------------------------------------------------------------------------------------------------------------------------------------------------------------------------
 Aggregate  (cost=940723.00..940723.01 rows=1 width=8) (actual time=25156.624..25156.634 rows=1 loops=1)
   Buffers: shared hit=2009438 read=516561, temp read=7088 written=7088
   ->  Nested Loop  (cost=479858.11..940721.70 rows=520 width=0) (actual time=1347.224..25154.950 rows=3343 loops=1)
         Buffers: shared hit=2009438 read=516561, temp read=7088 written=7088
         ->  Seq Scan on info_type it2  (cost=0.00..2.41 rows=1 width=4) (actual time=0.034..0.043 rows=1 loops=1)
               Filter: (id = 2)
               Rows Removed by Filter: 112
               Buffers: shared hit=1
         ->  Nested Loop  (cost=479858.11..940714.09 rows=520 width=4) (actual time=1347.188..25153.953 rows=3343 loops=1)
               Buffers: shared hit=2009437 read=516561, temp read=7088 written=7088
               ->  Seq Scan on info_type it1  (cost=0.00..2.41 rows=1 width=4) (actual time=0.008..0.021 rows=1 loops=1)
                     Filter: (id = 3)
                     Rows Removed by Filter: 112
                     Buffers: shared hit=1
               ->  Nested Loop  (cost=479858.11..940706.48 rows=520 width=8) (actual time=1347.177..25152.923 rows=3343 loops=1)
                     Buffers: shared hit=2009436 read=516561, temp read=7088 written=7088
                     ->  Hash Join  (cost=479857.68..935515.39 rows=2238 width=12) (actual time=1347.155..24445.156 rows=22185 loops=1)
                           Hash Cond: (ci.role_id = rt.id)
                           Buffers: shared hit=1924595 read=512662, temp read=7088 written=7088
                           ->  Nested Loop  (cost=479856.51..935418.82 rows=26862 width=16) (actual time=1345.056..24108.480 rows=2133626 loops=1)
                                 Buffers: shared hit=1924594 read=512662, temp read=7088 written=7088
                                 ->  Hash Join  (cost=479856.07..853600.59 rows=1874 width=20) (actual time=1344.999..2393.153 rows=105894 loops=1)
                                       Hash Cond: (mi1.movie_id = t.id)
                                       Buffers: shared hit=2590 read=62320, temp read=7088 written=7088
                                       ->  Bitmap Heap Scan on movie_info mi1  (cost=16474.43..389811.11 rows=103758 width=8) (actual time=40.337..555.159 rows=994662 loops=1)
                                             Recheck Cond: (info_type_id = 3)
                                             Filter: ((info)::text = ANY ('{Action,Adult,Comedy,Crime,Drama,Horror,Sci-Fi,Short,Sport}'::text[]))
                                             Rows Removed by Filter: 539247
                                             Heap Blocks: exact=9772
                                             Buffers: shared read=10975
                                             ->  Bitmap Index Scan on info_type_id_movie_info  (cost=0.00..16448.47 rows=1538671 width=0) (actual time=39.143..39.143 rows=1533909 loops=1)
                                                   Index Cond: (info_type_id = 3)
                                                   Buffers: shared read=1203
                                       ->  Hash  (cost=462810.85..462810.85 rows=45664 width=12) (actual time=1304.372..1304.377 rows=194384 loops=1)
                                             Buckets: 262144 (originally 65536)  Batches: 2 (originally 1)  Memory Usage: 6222kB
                                             Buffers: shared hit=2590 read=51345, temp read=4384 written=4763
                                             ->  Hash Join  (cost=114705.11..462810.85 rows=45664 width=12) (actual time=644.513..1269.336 rows=194384 loops=1)
                                                   Hash Cond: (mi2.movie_id = t.id)
                                                   Buffers: shared hit=2590 read=51345, temp read=4384 written=4384
                                                   ->  Bitmap Heap Scan on movie_info mi2  (cost=13885.07..356265.51 rows=114308 width=8) (actual time=34.335..369.177 rows=1288928 loops=1)
                                                         Recheck Cond: (info_type_id = 2)
                                                         Filter: ((info)::text = ANY ('{"Black and White",Color}'::text[]))
                                                         Heap Blocks: exact=16526
                                                         Buffers: shared hit=2 read=17541
                                                         ->  Bitmap Index Scan on info_type_id_movie_info  (cost=0.00..13856.49 rows=1296008 width=0) (actual time=32.131..32.131 rows=1288928 loops=1)
                                                               Index Cond: (info_type_id = 2)
                                                               Buffers: shared hit=1 read=1016
                                                   ->  Hash  (cost=84248.88..84248.88 rows=1010013 width=4) (actual time=607.445..607.449 rows=203545 loops=1)
                                                         Buckets: 262144  Batches: 8  Memory Usage: 2942kB
                                                         Buffers: shared hit=2588 read=33804, temp written=519
                                                         ->  Hash Join  (cost=1.13..84248.88 rows=1010013 width=4) (actual time=0.057..577.636 rows=203545 loops=1)
                                                               Hash Cond: (t.kind_id = kt.id)
                                                               Buffers: shared hit=2588 read=33804
                                                               ->  Seq Scan on title t  (cost=0.00..74315.95 rows=2356696 width=8) (actual time=0.025..438.269 rows=2352201 loops=1)
                                                                     Filter: ((production_year <= 2015) AND (1925 < production_year))
                                                                     Rows Removed by Filter: 176111
                                                                     Buffers: shared hit=2587 read=33804
                                                               ->  Hash  (cost=1.10..1.10 rows=3 width=4) (actual time=0.014..0.016 rows=3 loops=1)
                                                                     Buckets: 1024  Batches: 1  Memory Usage: 9kB
                                                                     Buffers: shared hit=1
                                                                     ->  Seq Scan on kind_type kt  (cost=0.00..1.10 rows=3 width=4) (actual time=0.008..0.009 rows=3 loops=1)
                                                                           Filter: ((kind)::text = ANY ('{"tv movie","tv series","video game"}'::text[]))
                                                                           Rows Removed by Filter: 4
                                                                           Buffers: shared hit=1
                                 ->  Index Scan using movie_id_cast_info on cast_info ci  (cost=0.44..43.28 rows=38 width=12) (actual time=0.033..0.199 rows=20 loops=105894)
                                       Index Cond: (movie_id = t.id)
                                       Buffers: shared hit=1922004 read=450342
                           ->  Hash  (cost=1.15..1.15 rows=1 width=4) (actual time=0.015..0.016 rows=1 loops=1)
                                 Buckets: 1024  Batches: 1  Memory Usage: 9kB
                                 Buffers: shared hit=1
                                 ->  Seq Scan on role_type rt  (cost=0.00..1.15 rows=1 width=4) (actual time=0.008..0.009 rows=1 loops=1)
                                       Filter: ((role)::text = 'costume designer'::text)
                                       Rows Removed by Filter: 11
                                       Buffers: shared hit=1
                     ->  Index Scan using name_pkey on name n  (cost=0.43..2.32 rows=1 width=4) (actual time=0.031..0.031 rows=0 loops=22185)
                           Index Cond: (id = ci.person_id)
                           Filter: ((gender)::text = 'f'::text)
                           Rows Removed by Filter: 1
                           Buffers: shared hit=84841 read=3899
 Planning:
   Buffers: shared hit=487 read=90
 Planning Time: 12.506 ms
 Execution Time: 25157.319 ms
(83 rows)

