                                                                                            QUERY PLAN                                                                                            
--------------------------------------------------------------------------------------------------------------------------------------------------------------------------------------------------
 Aggregate  (cost=557256.61..557256.62 rows=1 width=8) (actual time=1018.519..1018.526 rows=1 loops=1)
   Buffers: shared hit=33364 read=40667
   ->  Nested Loop  (cost=92817.55..557256.49 rows=47 width=0) (actual time=409.074..1018.505 rows=49 loops=1)
         Buffers: shared hit=33364 read=40667
         ->  Hash Join  (cost=92817.12..557089.49 rows=72 width=4) (actual time=400.422..1013.019 rows=227 loops=1)
               Hash Cond: (ci.role_id = rt.id)
               Buffers: shared hit=32603 read=40520
               ->  Nested Loop  (cost=92815.94..557086.78 rows=430 width=8) (actual time=395.797..1011.911 rows=10726 loops=1)
                     Buffers: shared hit=32602 read=40520
                     ->  Nested Loop  (cost=92815.50..555712.18 rows=30 width=12) (actual time=395.764..899.745 rows=1084 loops=1)
                           Buffers: shared hit=21094 read=38639
                           ->  Seq Scan on info_type it2  (cost=0.00..2.41 rows=1 width=4) (actual time=0.085..0.090 rows=1 loops=1)
                                 Filter: (id = 2)
                                 Rows Removed by Filter: 112
                                 Buffers: shared hit=1
                           ->  Nested Loop  (cost=92815.50..555709.47 rows=30 width=16) (actual time=395.677..899.501 rows=1084 loops=1)
                                 Buffers: shared hit=21093 read=38639
                                 ->  Seq Scan on info_type it1  (cost=0.00..2.41 rows=1 width=4) (actual time=0.012..0.018 rows=1 loops=1)
                                       Filter: (id = 3)
                                       Rows Removed by Filter: 112
                                       Buffers: shared hit=1
                                 ->  Nested Loop  (cost=92815.50..555706.76 rows=30 width=20) (actual time=395.661..899.328 rows=1084 loops=1)
                                       Buffers: shared hit=21092 read=38639
                                       ->  Hash Join  (cost=92815.07..526665.45 rows=665 width=12) (actual time=395.578..796.429 rows=1035 loops=1)
                                             Hash Cond: (mi1.movie_id = t.id)
                                             Buffers: shared hit=9751 read=37616
                                             ->  Bitmap Heap Scan on movie_info mi1  (cost=16453.06..450227.94 rows=18361 width=8) (actual time=42.043..422.253 rows=177551 loops=1)
                                                   Recheck Cond: (info_type_id = 3)
                                                   Filter: ((info)::text = ANY ('{Fantasy,Horror,Musical,Mystery,Sci-Fi,Thriller,War,Western}'::text[]))
                                                   Rows Removed by Filter: 1356358
                                                   Heap Blocks: exact=9772
                                                   Buffers: shared hit=9750 read=1225
                                                   ->  Bitmap Index Scan on info_type_id_movie_info  (cost=0.00..16448.47 rows=1538671 width=0) (actual time=40.845..40.846 rows=1533909 loops=1)
                                                         Index Cond: (info_type_id = 3)
                                                         Buffers: shared read=1203
                                             ->  Hash  (cost=75217.46..75217.46 rows=91564 width=4) (actual time=352.979..352.982 rows=7795 loops=1)
                                                   Buckets: 131072  Batches: 1  Memory Usage: 1299kB
                                                   Buffers: shared hit=1 read=36391
                                                   ->  Hash Join  (cost=1.13..75217.46 rows=91564 width=4) (actual time=0.133..350.988 rows=7795 loops=1)
                                                         Hash Cond: (t.kind_id = kt.id)
                                                         Buffers: shared hit=1 read=36391
                                                         ->  Seq Scan on title t  (cost=0.00..74315.95 rows=213650 width=8) (actual time=0.024..337.971 rows=212483 loops=1)
                                                               Filter: ((production_year <= 1970) AND (1950 < production_year))
                                                               Rows Removed by Filter: 2315829
                                                               Buffers: shared read=36391
                                                         ->  Hash  (cost=1.10..1.10 rows=3 width=4) (actual time=0.012..0.013 rows=3 loops=1)
                                                               Buckets: 1024  Batches: 1  Memory Usage: 9kB
                                                               Buffers: shared hit=1
                                                               ->  Seq Scan on kind_type kt  (cost=0.00..1.10 rows=3 width=4) (actual time=0.007..0.009 rows=3 loops=1)
                                                                     Filter: ((kind)::text = ANY ('{"tv series","video game","video movie"}'::text[]))
                                                                     Rows Removed by Filter: 4
                                                                     Buffers: shared hit=1
                                       ->  Index Scan using movie_id_movie_info on movie_info mi2  (cost=0.43..43.66 rows=1 width=8) (actual time=0.081..0.099 rows=1 loops=1035)
                                             Index Cond: (movie_id = t.id)
                                             Filter: (((info)::text = ANY ('{"Black and White",Color}'::text[])) AND (info_type_id = 2))
                                             Rows Removed by Filter: 23
                                             Buffers: shared hit=11341 read=1023
                     ->  Index Scan using movie_id_cast_info on cast_info ci  (cost=0.44..45.44 rows=38 width=12) (actual time=0.026..0.102 rows=10 loops=1084)
                           Index Cond: (movie_id = t.id)
                           Buffers: shared hit=11508 read=1881
               ->  Hash  (cost=1.15..1.15 rows=2 width=4) (actual time=0.037..0.037 rows=2 loops=1)
                     Buckets: 1024  Batches: 1  Memory Usage: 9kB
                     Buffers: shared hit=1
                     ->  Seq Scan on role_type rt  (cost=0.00..1.15 rows=2 width=4) (actual time=0.028..0.030 rows=2 loops=1)
                           Filter: ((role)::text = ANY ('{"costume designer","production designer"}'::text[]))
                           Rows Removed by Filter: 10
                           Buffers: shared hit=1
         ->  Index Scan using name_pkey on name n  (cost=0.43..2.32 rows=1 width=4) (actual time=0.024..0.024 rows=0 loops=227)
               Index Cond: (id = ci.person_id)
               Filter: ((gender)::text = ANY ('{f,m}'::text[]))
               Rows Removed by Filter: 1
               Buffers: shared hit=761 read=147
 Planning:
   Buffers: shared hit=530 read=44
 Planning Time: 13.219 ms
 Execution Time: 1019.146 ms
(76 rows)

