                                                                                            QUERY PLAN                                                                                            
--------------------------------------------------------------------------------------------------------------------------------------------------------------------------------------------------
 Aggregate  (cost=623154.44..623154.45 rows=1 width=8) (actual time=2005.985..2005.993 rows=1 loops=1)
   Buffers: shared hit=116212 read=71452
   ->  Nested Loop  (cost=90249.55..623154.24 rows=82 width=0) (actual time=543.868..2005.976 rows=15 loops=1)
         Buffers: shared hit=116212 read=71452
         ->  Seq Scan on info_type it2  (cost=0.00..2.41 rows=1 width=4) (actual time=0.048..0.053 rows=1 loops=1)
               Filter: (id = 2)
               Rows Removed by Filter: 112
               Buffers: shared hit=1
         ->  Nested Loop  (cost=90249.55..623151.00 rows=82 width=4) (actual time=543.818..2005.917 rows=15 loops=1)
               Buffers: shared hit=116211 read=71452
               ->  Seq Scan on info_type it1  (cost=0.00..2.41 rows=1 width=4) (actual time=0.010..0.016 rows=1 loops=1)
                     Filter: (id = 3)
                     Rows Removed by Filter: 112
                     Buffers: shared hit=1
               ->  Nested Loop  (cost=90249.55..623147.77 rows=82 width=8) (actual time=543.804..2005.890 rows=15 loops=1)
                     Buffers: shared hit=116210 read=71452
                     ->  Hash Join  (cost=90249.12..622693.14 rows=196 width=12) (actual time=528.058..1995.030 rows=153 loops=1)
                           Hash Cond: (ci.role_id = rt.id)
                           Buffers: shared hit=115743 read=71307
                           ->  Nested Loop  (cost=90247.96..622683.63 rows=2351 width=16) (actual time=401.990..1989.364 rows=46576 loops=1)
                                 Buffers: shared hit=115742 read=71307
                                 ->  Nested Loop  (cost=90247.52..615169.16 rows=164 width=20) (actual time=401.584..1469.173 rows=4465 loops=1)
                                       Buffers: shared hit=70072 read=58884
                                       ->  Hash Join  (cost=90247.08..433097.58 rows=4140 width=12) (actual time=401.499..900.282 rows=7468 loops=1)
                                             Hash Cond: (mi2.movie_id = t.id)
                                             Buffers: shared hit=4772 read=49163
                                             ->  Bitmap Heap Scan on movie_info mi2  (cost=13885.07..356265.51 rows=114308 width=8) (actual time=39.074..415.585 rows=1288928 loops=1)
                                                   Recheck Cond: (info_type_id = 2)
                                                   Filter: ((info)::text = ANY ('{"Black and White",Color}'::text[]))
                                                   Heap Blocks: exact=16526
                                                   Buffers: shared hit=1020 read=16523
                                                   ->  Bitmap Index Scan on info_type_id_movie_info  (cost=0.00..13856.49 rows=1296008 width=0) (actual time=36.886..36.887 rows=1288928 loops=1)
                                                         Index Cond: (info_type_id = 2)
                                                         Buffers: shared hit=1 read=1016
                                             ->  Hash  (cost=75217.46..75217.46 rows=91564 width=4) (actual time=360.353..360.356 rows=7795 loops=1)
                                                   Buckets: 131072  Batches: 1  Memory Usage: 1299kB
                                                   Buffers: shared hit=3752 read=32640
                                                   ->  Hash Join  (cost=1.13..75217.46 rows=91564 width=4) (actual time=0.147..358.416 rows=7795 loops=1)
                                                         Hash Cond: (t.kind_id = kt.id)
                                                         Buffers: shared hit=3752 read=32640
                                                         ->  Seq Scan on title t  (cost=0.00..74315.95 rows=213650 width=8) (actual time=0.030..345.388 rows=212483 loops=1)
                                                               Filter: ((production_year <= 1970) AND (1950 < production_year))
                                                               Rows Removed by Filter: 2315829
                                                               Buffers: shared hit=3751 read=32640
                                                         ->  Hash  (cost=1.10..1.10 rows=3 width=4) (actual time=0.012..0.013 rows=3 loops=1)
                                                               Buckets: 1024  Batches: 1  Memory Usage: 9kB
                                                               Buffers: shared hit=1
                                                               ->  Seq Scan on kind_type kt  (cost=0.00..1.10 rows=3 width=4) (actual time=0.007..0.008 rows=3 loops=1)
                                                                     Filter: ((kind)::text = ANY ('{"tv series","video game","video movie"}'::text[]))
                                                                     Rows Removed by Filter: 4
                                                                     Buffers: shared hit=1
                                       ->  Index Scan using movie_id_movie_info on movie_info mi1  (cost=0.43..43.97 rows=1 width=8) (actual time=0.074..0.076 rows=1 loops=7468)
                                             Index Cond: (movie_id = t.id)
                                             Filter: ((info_type_id = 3) AND ((info)::text = ANY ('{Action,Adventure,Animation,Crime,Documentary,Drama,Family,Short}'::text[])))
                                             Rows Removed by Filter: 10
                                             Buffers: shared hit=65300 read=9721
                                 ->  Index Scan using movie_id_cast_info on cast_info ci  (cost=0.44..45.44 rows=38 width=12) (actual time=0.027..0.114 rows=10 loops=4465)
                                       Index Cond: (movie_id = t.id)
                                       Buffers: shared hit=45670 read=12423
                           ->  Hash  (cost=1.15..1.15 rows=1 width=4) (actual time=0.021..0.021 rows=1 loops=1)
                                 Buckets: 1024  Batches: 1  Memory Usage: 9kB
                                 Buffers: shared hit=1
                                 ->  Seq Scan on role_type rt  (cost=0.00..1.15 rows=1 width=4) (actual time=0.011..0.012 rows=1 loops=1)
                                       Filter: ((role)::text = 'costume designer'::text)
                                       Rows Removed by Filter: 11
                                       Buffers: shared hit=1
                     ->  Index Scan using name_pkey on name n  (cost=0.43..2.32 rows=1 width=4) (actual time=0.070..0.070 rows=0 loops=153)
                           Index Cond: (id = ci.person_id)
                           Filter: ((gender)::text = 'm'::text)
                           Rows Removed by Filter: 1
                           Buffers: shared hit=467 read=145
 Planning:
   Buffers: shared hit=574
 Planning Time: 13.083 ms
 Execution Time: 2006.679 ms
(75 rows)

