                                                                                            QUERY PLAN                                                                                            
--------------------------------------------------------------------------------------------------------------------------------------------------------------------------------------------------
 Aggregate  (cost=828606.34..828606.35 rows=1 width=8) (actual time=1483.536..1483.543 rows=1 loops=1)
   Buffers: shared hit=43979 read=54588, temp read=2252 written=2252
   ->  Nested Loop  (cost=439198.23..828605.93 rows=165 width=0) (actual time=994.401..1483.450 rows=739 loops=1)
         Buffers: shared hit=43979 read=54588, temp read=2252 written=2252
         ->  Seq Scan on info_type it2  (cost=0.00..2.41 rows=1 width=4) (actual time=0.048..0.052 rows=1 loops=1)
               Filter: (id = 2)
               Rows Removed by Filter: 112
               Buffers: shared hit=1
         ->  Nested Loop  (cost=439198.23..828601.87 rows=165 width=4) (actual time=994.352..1483.318 rows=739 loops=1)
               Buffers: shared hit=43978 read=54588, temp read=2252 written=2252
               ->  Seq Scan on info_type it1  (cost=0.00..2.41 rows=1 width=4) (actual time=0.009..0.015 rows=1 loops=1)
                     Filter: (id = 3)
                     Rows Removed by Filter: 112
                     Buffers: shared hit=1
               ->  Nested Loop  (cost=439198.23..828597.80 rows=165 width=8) (actual time=994.341..1483.215 rows=739 loops=1)
                     Join Filter: (t.id = mi1.movie_id)
                     Buffers: shared hit=43977 read=54588, temp read=2252 written=2252
                     ->  Nested Loop  (cost=439197.80..603925.36 rows=5301 width=16) (actual time=994.260..1421.779 rows=1071 loops=1)
                           Buffers: shared hit=36685 read=49877, temp read=2252 written=2252
                           ->  Hash Join  (cost=439197.37..574613.59 rows=12637 width=20) (actual time=992.824..1340.568 rows=6389 loops=1)
                                 Hash Cond: (ci.movie_id = t.id)
                                 Buffers: shared hit=14975 read=46031, temp read=2252 written=2252
                                 ->  Nested Loop  (cost=0.44..123965.00 rows=3020080 width=8) (actual time=0.110..243.414 rows=1093558 loops=1)
                                       Buffers: shared hit=1196 read=5875
                                       ->  Seq Scan on role_type rt  (cost=0.00..1.15 rows=1 width=4) (actual time=0.012..0.014 rows=1 loops=1)
                                             Filter: ((role)::text = 'editor'::text)
                                             Rows Removed by Filter: 11
                                             Buffers: shared hit=1
                                       ->  Index Scan using role_id_cast_info on cast_info ci  (cost=0.44..91017.52 rows=3294633 width=12) (actual time=0.096..157.338 rows=1093558 loops=1)
                                             Index Cond: (role_id = rt.id)
                                             Buffers: shared hit=1195 read=5875
                                 ->  Hash  (cost=439064.69..439064.69 rows=10579 width=12) (actual time=992.529..992.533 rows=31792 loops=1)
                                       Buckets: 32768 (originally 16384)  Batches: 1 (originally 1)  Memory Usage: 1623kB
                                       Buffers: shared hit=13779 read=40156, temp read=2252 written=2252
                                       ->  Hash Join  (cost=94341.80..439064.69 rows=10579 width=12) (actual time=458.584..986.566 rows=31792 loops=1)
                                             Hash Cond: (mi2.movie_id = t.id)
                                             Buffers: shared hit=13779 read=40156, temp read=2252 written=2252
                                             ->  Bitmap Heap Scan on movie_info mi2  (cost=13885.07..356265.51 rows=114308 width=8) (actual time=39.575..365.812 rows=1288928 loops=1)
                                                   Recheck Cond: (info_type_id = 2)
                                                   Filter: ((info)::text = ANY ('{"Black and White",Color}'::text[]))
                                                   Heap Blocks: exact=16526
                                                   Buffers: shared hit=5641 read=11902
                                                   ->  Bitmap Index Scan on info_type_id_movie_info  (cost=0.00..13856.49 rows=1296008 width=0) (actual time=37.341..37.341 rows=1288928 loops=1)
                                                         Index Cond: (info_type_id = 2)
                                                         Buffers: shared read=1017
                                             ->  Hash  (cost=76617.93..76617.93 rows=233984 width=4) (actual time=416.461..416.464 rows=33701 loops=1)
                                                   Buckets: 262144  Batches: 2  Memory Usage: 2644kB
                                                   Buffers: shared hit=8138 read=28254, temp written=49
                                                   ->  Hash Join  (cost=1.13..76617.93 rows=233984 width=4) (actual time=0.076..409.553 rows=33701 loops=1)
                                                         Hash Cond: (t.kind_id = kt.id)
                                                         Buffers: shared hit=8138 read=28254
                                                         ->  Seq Scan on title t  (cost=0.00..74315.95 rows=545963 width=8) (actual time=0.030..377.736 rows=538239 loops=1)
                                                               Filter: ((production_year <= 1990) AND (1950 < production_year))
                                                               Rows Removed by Filter: 1990073
                                                               Buffers: shared hit=8137 read=28254
                                                         ->  Hash  (cost=1.10..1.10 rows=3 width=4) (actual time=0.014..0.015 rows=3 loops=1)
                                                               Buckets: 1024  Batches: 1  Memory Usage: 9kB
                                                               Buffers: shared hit=1
                                                               ->  Seq Scan on kind_type kt  (cost=0.00..1.10 rows=3 width=4) (actual time=0.007..0.009 rows=3 loops=1)
                                                                     Filter: ((kind)::text = ANY ('{"tv series","video game","video movie"}'::text[]))
                                                                     Rows Removed by Filter: 4
                                                                     Buffers: shared hit=1
                           ->  Index Scan using name_pkey on name n  (cost=0.43..2.32 rows=1 width=4) (actual time=0.012..0.012 rows=0 loops=6389)
                                 Index Cond: (id = ci.person_id)
                                 Filter: ((gender)::text = 'm'::text)
                                 Rows Removed by Filter: 1
                                 Buffers: shared hit=21710 read=3846
                     ->  Index Scan using movie_id_movie_info on movie_info mi1  (cost=0.43..42.37 rows=1 width=8) (actual time=0.056..0.057 rows=1 loops=1071)
                           Index Cond: (movie_id = ci.movie_id)
                           Filter: ((info_type_id = 3) AND ((info)::text = ANY ('{Action,Comedy,Crime,Documentary,Drama,Fantasy,Musical,Thriller}'::text[])))
                           Rows Removed by Filter: 14
                           Buffers: shared hit=7292 read=4711
 Planning:
   Buffers: shared hit=484 read=90
 Planning Time: 14.886 ms
 Execution Time: 1484.177 ms
(76 rows)

