                                                                                               QUERY PLAN                                                                                               
--------------------------------------------------------------------------------------------------------------------------------------------------------------------------------------------------------
 Aggregate  (cost=897625.48..897625.49 rows=1 width=8) (actual time=156850.046..156850.060 rows=1 loops=1)
   Buffers: shared hit=13845039 read=2318867, temp read=9605 written=9605
   ->  Nested Loop  (cost=469032.04..897622.69 rows=1114 width=0) (actual time=1511.872..156805.016 rows=176082 loops=1)
         Buffers: shared hit=13845039 read=2318867, temp read=9605 written=9605
         ->  Hash Join  (cost=469031.61..891462.05 rows=2656 width=4) (actual time=1511.527..132808.725 rows=647421 loops=1)
               Hash Cond: (ci.role_id = rt.id)
               Buffers: shared hit=11509931 read=2064291, temp read=9605 written=9605
               ->  Nested Loop  (cost=469030.43..891404.26 rows=15939 width=8) (actual time=1510.860..130510.835 rows=11968980 loops=1)
                     Buffers: shared hit=11509930 read=2064291, temp read=9605 written=9605
                     ->  Nested Loop  (cost=469029.99..842812.42 rows=1112 width=12) (actual time=1510.816..3473.386 rows=632938 loops=1)
                           Buffers: shared hit=1735 read=63177, temp read=9605 written=9605
                           ->  Seq Scan on info_type it2  (cost=0.00..2.41 rows=1 width=4) (actual time=0.024..0.037 rows=1 loops=1)
                                 Filter: (id = 2)
                                 Rows Removed by Filter: 112
                                 Buffers: shared hit=1
                           ->  Nested Loop  (cost=469029.99..842798.88 rows=1112 width=16) (actual time=1510.791..3329.946 rows=632938 loops=1)
                                 Buffers: shared hit=1734 read=63177, temp read=9605 written=9605
                                 ->  Seq Scan on info_type it1  (cost=0.00..2.41 rows=1 width=4) (actual time=0.006..0.022 rows=1 loops=1)
                                       Filter: (id = 3)
                                       Rows Removed by Filter: 112
                                       Buffers: shared hit=1
                                 ->  Hash Join  (cost=469029.99..842785.35 rows=1112 width=20) (actual time=1510.783..3181.333 rows=632938 loops=1)
                                       Hash Cond: (mi1.movie_id = t.id)
                                       Buffers: shared hit=1733 read=63177, temp read=9605 written=9605
                                       ->  Bitmap Heap Scan on movie_info mi1  (cost=16475.66..389812.35 rows=108681 width=8) (actual time=41.146..655.182 rows=1048277 loops=1)
                                             Recheck Cond: (info_type_id = 3)
                                             Filter: ((info)::text = ANY ('{Action,Adult,Biography,Comedy,Crime,Drama,Fantasy,Music,Romance,Short}'::text[]))
                                             Rows Removed by Filter: 485632
                                             Heap Blocks: exact=9772
                                             Buffers: shared read=10975
                                             ->  Bitmap Index Scan on info_type_id_movie_info  (cost=0.00..16448.47 rows=1538671 width=0) (actual time=39.935..39.935 rows=1533909 loops=1)
                                                   Index Cond: (info_type_id = 3)
                                                   Buffers: shared read=1203
                                       ->  Hash  (cost=452230.91..452230.91 rows=25874 width=12) (actual time=1441.524..1441.531 rows=501062 loops=1)
                                             Buckets: 262144 (originally 32768)  Batches: 4 (originally 1)  Memory Usage: 7445kB
                                             Buffers: shared hit=1733 read=52202, temp read=4451 written=5916
                                             ->  Hash Join  (cost=106033.07..452230.91 rows=25874 width=12) (actual time=898.309..1363.219 rows=501062 loops=1)
                                                   Hash Cond: (mi2.movie_id = t.id)
                                                   Buffers: shared hit=1733 read=52202, temp read=4451 written=4451
                                                   ->  Bitmap Heap Scan on movie_info mi2  (cost=13885.07..356265.51 rows=114308 width=8) (actual time=34.618..371.539 rows=1288928 loops=1)
                                                         Recheck Cond: (info_type_id = 2)
                                                         Filter: ((info)::text = ANY ('{"Black and White",Color}'::text[]))
                                                         Heap Blocks: exact=16526
                                                         Buffers: shared hit=2 read=17541
                                                         ->  Bitmap Index Scan on info_type_id_movie_info  (cost=0.00..13856.49 rows=1296008 width=0) (actual time=32.432..32.432 rows=1288928 loops=1)
                                                               Index Cond: (info_type_id = 2)
                                                               Buffers: shared hit=1 read=1016
                                                   ->  Hash  (cost=82758.36..82758.36 rows=572291 width=4) (actual time=635.475..635.479 rows=521570 loops=1)
                                                         Buckets: 262144  Batches: 4  Memory Usage: 6649kB
                                                         Buffers: shared hit=1731 read=34661, temp written=1142
                                                         ->  Hash Join  (cost=1.11..82758.36 rows=572291 width=4) (actual time=20.556..562.128 rows=521570 loops=1)
                                                               Hash Cond: (t.kind_id = kt.id)
                                                               Buffers: shared hit=1731 read=34661
                                                               ->  Seq Scan on title t  (cost=0.00..74315.95 rows=2003019 width=8) (actual time=0.027..422.962 rows=2004612 loops=1)
                                                                     Filter: ((production_year <= 2015) AND (1975 < production_year))
                                                                     Rows Removed by Filter: 523700
                                                                     Buffers: shared hit=1730 read=34661
                                                               ->  Hash  (cost=1.09..1.09 rows=2 width=4) (actual time=0.014..0.015 rows=2 loops=1)
                                                                     Buckets: 1024  Batches: 1  Memory Usage: 9kB
                                                                     Buffers: shared hit=1
                                                                     ->  Seq Scan on kind_type kt  (cost=0.00..1.09 rows=2 width=4) (actual time=0.007..0.008 rows=2 loops=1)
                                                                           Filter: ((kind)::text = ANY ('{movie,"video movie"}'::text[]))
                                                                           Rows Removed by Filter: 5
                                                                           Buffers: shared hit=1
                     ->  Index Scan using movie_id_cast_info on cast_info ci  (cost=0.44..43.32 rows=38 width=12) (actual time=0.034..0.195 rows=19 loops=632938)
                           Index Cond: (movie_id = t.id)
                           Buffers: shared hit=11508195 read=2001114
               ->  Hash  (cost=1.15..1.15 rows=2 width=4) (actual time=0.031..0.031 rows=2 loops=1)
                     Buckets: 1024  Batches: 1  Memory Usage: 9kB
                     Buffers: shared hit=1
                     ->  Seq Scan on role_type rt  (cost=0.00..1.15 rows=2 width=4) (actual time=0.022..0.024 rows=2 loops=1)
                           Filter: ((role)::text = ANY ('{"costume designer",editor}'::text[]))
                           Rows Removed by Filter: 10
                           Buffers: shared hit=1
         ->  Index Scan using name_pkey on name n  (cost=0.43..2.32 rows=1 width=4) (actual time=0.036..0.036 rows=0 loops=647421)
               Index Cond: (id = ci.person_id)
               Filter: ((gender)::text = 'm'::text)
               Rows Removed by Filter: 1
               Buffers: shared hit=2335108 read=254576
 Planning:
   Buffers: shared hit=487 read=90
 Planning Time: 12.183 ms
 Execution Time: 156850.926 ms
(83 rows)

