                                                                                            QUERY PLAN                                                                                            
--------------------------------------------------------------------------------------------------------------------------------------------------------------------------------------------------
 Aggregate  (cost=796662.27..796662.28 rows=1 width=8) (actual time=54624.999..54625.009 rows=1 loops=1)
   Buffers: shared hit=5326676 read=261321, temp read=18480 written=18480
   ->  Nested Loop  (cost=444705.02..796661.93 rows=137 width=0) (actual time=1366.345..54616.061 rows=36359 loops=1)
         Buffers: shared hit=5326676 read=261321, temp read=18480 written=18480
         ->  Seq Scan on info_type it2  (cost=0.00..2.41 rows=1 width=4) (actual time=0.041..0.065 rows=1 loops=1)
               Filter: (id = 2)
               Rows Removed by Filter: 112
               Buffers: shared hit=1
         ->  Nested Loop  (cost=444705.02..796658.14 rows=137 width=4) (actual time=1366.303..54608.023 rows=36359 loops=1)
               Buffers: shared hit=5326675 read=261321, temp read=18480 written=18480
               ->  Seq Scan on info_type it1  (cost=0.00..2.41 rows=1 width=4) (actual time=0.010..0.026 rows=1 loops=1)
                     Filter: (id = 3)
                     Rows Removed by Filter: 112
                     Buffers: shared hit=1
               ->  Nested Loop  (cost=444705.02..796654.36 rows=137 width=8) (actual time=1366.291..54599.796 rows=36359 loops=1)
                     Join Filter: (t.id = mi1.movie_id)
                     Buffers: shared hit=5326674 read=261321, temp read=18480 written=18480
                     ->  Nested Loop  (cost=444704.58..621615.54 rows=4150 width=16) (actual time=1360.768..42208.933 rows=87280 loops=1)
                           Buffers: shared hit=4234377 read=134868, temp read=18480 written=18480
                           ->  Hash Join  (cost=444704.15..580172.68 rows=17867 width=20) (actual time=1357.278..5272.198 rows=1068501 loops=1)
                                 Hash Cond: (ci.movie_id = t.id)
                                 Buffers: shared hit=24068 read=71173, temp read=18480 written=18480
                                 ->  Nested Loop  (cost=0.44..123965.00 rows=3020080 width=8) (actual time=0.216..1651.726 rows=4323018 loops=1)
                                       Buffers: shared hit=4501 read=36805
                                       ->  Seq Scan on role_type rt  (cost=0.00..1.15 rows=1 width=4) (actual time=0.008..0.011 rows=1 loops=1)
                                             Filter: ((role)::text = 'miscellaneous crew'::text)
                                             Rows Removed by Filter: 11
                                             Buffers: shared hit=1
                                       ->  Index Scan using role_id_cast_info on cast_info ci  (cost=0.44..91017.52 rows=3294633 width=12) (actual time=0.205..1130.350 rows=4323018 loops=1)
                                             Index Cond: (role_id = rt.id)
                                             Buffers: shared hit=4500 read=36805
                                 ->  Hash  (cost=444516.74..444516.74 rows=14958 width=12) (actual time=1356.861..1356.866 rows=368933 loops=1)
                                       Buckets: 262144 (originally 16384)  Batches: 4 (originally 1)  Memory Usage: 6145kB
                                       Buffers: shared hit=19567 read=34368, temp read=6110 written=7189
                                       ->  Hash Join  (cost=99298.54..444516.74 rows=14958 width=12) (actual time=692.404..1296.028 rows=368933 loops=1)
                                             Hash Cond: (mi2.movie_id = t.id)
                                             Buffers: shared hit=19567 read=34368, temp read=6110 written=6110
                                             ->  Bitmap Heap Scan on movie_info mi2  (cost=13878.84..356259.28 rows=89381 width=8) (actual time=37.435..311.907 rows=1000514 loops=1)
                                                   Recheck Cond: (info_type_id = 2)
                                                   Filter: ((info)::text = 'Color'::text)
                                                   Rows Removed by Filter: 288414
                                                   Heap Blocks: exact=16526
                                                   Buffers: shared hit=17543
                                                   ->  Bitmap Index Scan on info_type_id_movie_info  (cost=0.00..13856.49 rows=1296008 width=0) (actual time=35.268..35.268 rows=1288928 loops=1)
                                                         Index Cond: (info_type_id = 2)
                                                         Buffers: shared hit=1017
                                             ->  Hash  (cost=78477.74..78477.74 rows=423117 width=4) (actual time=653.849..653.852 rows=913823 loops=1)
                                                   Buckets: 262144 (originally 262144)  Batches: 8 (originally 4)  Memory Usage: 6145kB
                                                   Buffers: shared hit=2024 read=34368, temp written=2340
                                                   ->  Hash Join  (cost=1.13..78477.74 rows=423117 width=4) (actual time=0.048..522.280 rows=913823 loops=1)
                                                         Hash Cond: (t.kind_id = kt.id)
                                                         Buffers: shared hit=2024 read=34368
                                                         ->  Seq Scan on title t  (cost=0.00..74315.95 rows=987274 width=8) (actual time=0.021..411.163 rows=989787 loops=1)
                                                               Filter: ((production_year <= 2010) AND (2000 < production_year))
                                                               Rows Removed by Filter: 1538525
                                                               Buffers: shared hit=2023 read=34368
                                                         ->  Hash  (cost=1.10..1.10 rows=3 width=4) (actual time=0.014..0.015 rows=3 loops=1)
                                                               Buckets: 1024  Batches: 1  Memory Usage: 9kB
                                                               Buffers: shared hit=1
                                                               ->  Seq Scan on kind_type kt  (cost=0.00..1.10 rows=3 width=4) (actual time=0.008..0.009 rows=3 loops=1)
                                                                     Filter: ((kind)::text = ANY ('{episode,movie,"video movie"}'::text[]))
                                                                     Rows Removed by Filter: 4
                                                                     Buffers: shared hit=1
                           ->  Index Scan using name_pkey on name n  (cost=0.43..2.32 rows=1 width=4) (actual time=0.034..0.034 rows=0 loops=1068501)
                                 Index Cond: (id = ci.person_id)
                                 Filter: ((gender)::text = 'f'::text)
                                 Rows Removed by Filter: 1
                                 Buffers: shared hit=4210309 read=63695
                     ->  Index Scan using movie_id_movie_info on movie_info mi1  (cost=0.43..42.17 rows=1 width=8) (actual time=0.141..0.141 rows=0 loops=87280)
                           Index Cond: (movie_id = ci.movie_id)
                           Filter: ((info_type_id = 3) AND ((info)::text = ANY ('{Documentary,Drama,Romance,Short}'::text[])))
                           Rows Removed by Filter: 49
                           Buffers: shared hit=1092297 read=126453
 Planning:
   Buffers: shared hit=574
 Planning Time: 13.425 ms
 Execution Time: 54625.661 ms
(77 rows)

