                                                                                            QUERY PLAN                                                                                            
--------------------------------------------------------------------------------------------------------------------------------------------------------------------------------------------------
 Aggregate  (cost=411649.62..411649.63 rows=1 width=8) (actual time=10498.135..10498.144 rows=1 loops=1)
   Buffers: shared hit=980087 read=98531
   ->  Nested Loop  (cost=62486.33..411649.62 rows=1 width=0) (actual time=369.112..10497.833 rows=580 loops=1)
         Buffers: shared hit=980087 read=98531
         ->  Hash Join  (cost=62485.90..411644.98 rows=2 width=4) (actual time=369.077..10453.978 rows=1045 loops=1)
               Hash Cond: (ci.role_id = rt.id)
               Buffers: shared hit=976650 read=97788
               ->  Nested Loop  (cost=62484.73..411643.76 rows=14 width=8) (actual time=361.080..10448.955 rows=20669 loops=1)
                     Buffers: shared hit=976649 read=97788
                     ->  Nested Loop  (cost=62484.29..411595.41 rows=1 width=12) (actual time=361.040..10129.815 rows=2360 loops=1)
                           Buffers: shared hit=958307 read=88867
                           ->  Nested Loop  (cost=62484.29..411592.99 rows=1 width=16) (actual time=361.035..10069.079 rows=2360 loops=1)
                                 Buffers: shared hit=955947 read=88867
                                 ->  Nested Loop  (cost=62484.29..411590.57 rows=1 width=20) (actual time=361.020..10014.047 rows=2360 loops=1)
                                       Buffers: shared hit=953587 read=88867
                                       ->  Hash Join  (cost=62483.85..404959.23 rows=146 width=12) (actual time=353.540..780.591 rows=103703 loops=1)
                                             Hash Cond: (mi2.movie_id = t.id)
                                             Buffers: shared hit=12683 read=18247
                                             ->  Bitmap Heap Scan on movie_info mi2  (cost=13862.73..356243.17 rows=24927 width=8) (actual time=39.566..462.682 rows=288414 loops=1)
                                                   Recheck Cond: (info_type_id = 2)
                                                   Filter: ((info)::text = 'Black and White'::text)
                                                   Rows Removed by Filter: 1000514
                                                   Heap Blocks: exact=16526
                                                   Buffers: shared hit=8 read=17535
                                                   ->  Bitmap Index Scan on info_type_id_movie_info  (cost=0.00..13856.49 rows=1296008 width=0) (actual time=35.379..35.379 rows=1288928 loops=1)
                                                         Index Cond: (info_type_id = 2)
                                                         Buffers: shared read=1017
                                             ->  Hash  (cost=48436.16..48436.16 rows=14797 width=4) (actual time=175.861..175.863 rows=103977 loops=1)
                                                   Buckets: 131072 (originally 16384)  Batches: 1 (originally 1)  Memory Usage: 4680kB
                                                   Buffers: shared hit=12675 read=712
                                                   ->  Nested Loop  (cost=4497.16..48436.16 rows=14797 width=4) (actual time=19.442..161.292 rows=103977 loops=1)
                                                         Buffers: shared hit=12675 read=712
                                                         ->  Seq Scan on kind_type kt  (cost=0.00..1.09 rows=1 width=4) (actual time=0.008..0.010 rows=1 loops=1)
                                                               Filter: ((kind)::text = 'movie'::text)
                                                               Rows Removed by Filter: 6
                                                               Buffers: shared hit=1
                                                         ->  Bitmap Heap Scan on title t  (cost=4497.16..48262.45 rows=17263 width=8) (actual time=19.429..154.966 rows=103977 loops=1)
                                                               Recheck Cond: (kind_id = kt.id)
                                                               Filter: ((production_year <= 1925) AND (1875 < production_year))
                                                               Rows Removed by Filter: 558848
                                                               Heap Blocks: exact=12865
                                                               Buffers: shared hit=12674 read=712
                                                               ->  Bitmap Index Scan on kind_id_title  (cost=0.00..4492.84 rows=421388 width=0) (actual time=17.159..17.159 rows=662825 loops=1)
                                                                     Index Cond: (kind_id = kt.id)
                                                                     Buffers: shared read=521
                                       ->  Index Scan using movie_id_movie_info on movie_info mi1  (cost=0.43..45.41 rows=1 width=8) (actual time=0.089..0.089 rows=0 loops=103703)
                                             Index Cond: (movie_id = t.id)
                                             Filter: ((info_type_id = 3) AND ((info)::text = ANY ('{Adventure,Fantasy,Thriller}'::text[])))
                                             Rows Removed by Filter: 11
                                             Buffers: shared hit=940904 read=70620
                                 ->  Seq Scan on info_type it1  (cost=0.00..2.41 rows=1 width=4) (actual time=0.010..0.021 rows=1 loops=2360)
                                       Filter: (id = 3)
                                       Rows Removed by Filter: 112
                                       Buffers: shared hit=2360
                           ->  Seq Scan on info_type it2  (cost=0.00..2.41 rows=1 width=4) (actual time=0.013..0.023 rows=1 loops=2360)
                                 Filter: (id = 2)
                                 Rows Removed by Filter: 112
                                 Buffers: shared hit=2360
                     ->  Index Scan using movie_id_cast_info on cast_info ci  (cost=0.44..47.96 rows=38 width=12) (actual time=0.042..0.132 rows=9 loops=2360)
                           Index Cond: (movie_id = t.id)
                           Buffers: shared hit=18342 read=8921
               ->  Hash  (cost=1.15..1.15 rows=2 width=4) (actual time=0.034..0.035 rows=2 loops=1)
                     Buckets: 1024  Batches: 1  Memory Usage: 9kB
                     Buffers: shared hit=1
                     ->  Seq Scan on role_type rt  (cost=0.00..1.15 rows=2 width=4) (actual time=0.023..0.025 rows=2 loops=1)
                           Filter: ((role)::text = ANY ('{composer,producer}'::text[]))
                           Rows Removed by Filter: 10
                           Buffers: shared hit=1
         ->  Index Scan using name_pkey on name n  (cost=0.43..2.32 rows=1 width=4) (actual time=0.041..0.041 rows=1 loops=1045)
               Index Cond: (id = ci.person_id)
               Filter: ((gender)::text = ANY ('{f,m}'::text[]))
               Rows Removed by Filter: 0
               Buffers: shared hit=3437 read=743
 Planning:
   Buffers: shared hit=486 read=88
 Planning Time: 11.970 ms
 Execution Time: 10498.930 ms
(77 rows)

