                                                                                               QUERY PLAN                                                                                               
--------------------------------------------------------------------------------------------------------------------------------------------------------------------------------------------------------
 Aggregate  (cost=436191.27..436191.28 rows=1 width=8) (actual time=1822.043..1822.048 rows=1 loops=1)
   Buffers: shared hit=140818 read=43681
   ->  Nested Loop  (cost=74992.35..436191.25 rows=7 width=0) (actual time=510.111..1822.026 rows=53 loops=1)
         Buffers: shared hit=140818 read=43681
         ->  Seq Scan on info_type it2  (cost=0.00..2.41 rows=1 width=4) (actual time=0.041..0.048 rows=1 loops=1)
               Filter: (id = 2)
               Rows Removed by Filter: 112
               Buffers: shared hit=1
         ->  Nested Loop  (cost=74992.35..436188.77 rows=7 width=4) (actual time=510.068..1821.966 rows=53 loops=1)
               Buffers: shared hit=140817 read=43681
               ->  Seq Scan on info_type it1  (cost=0.00..2.41 rows=1 width=4) (actual time=0.007..0.014 rows=1 loops=1)
                     Filter: (id = 3)
                     Rows Removed by Filter: 112
                     Buffers: shared hit=1
               ->  Nested Loop  (cost=74992.35..436186.28 rows=7 width=8) (actual time=510.060..1821.939 rows=53 loops=1)
                     Join Filter: (t.id = mi2.movie_id)
                     Buffers: shared hit=140816 read=43681
                     ->  Nested Loop  (cost=74991.92..430169.48 rows=143 width=16) (actual time=510.027..1818.483 rows=53 loops=1)
                           Join Filter: (t.id = mi1.movie_id)
                           Buffers: shared hit=140288 read=43681
                           ->  Nested Loop  (cost=74991.48..249808.23 rows=4271 width=8) (actual time=509.927..1814.686 rows=39 loops=1)
                                 Buffers: shared hit=140020 read=43563
                                 ->  Hash Join  (cost=74991.05..207154.58 rows=18389 width=12) (actual time=403.572..885.555 rows=35219 loops=1)
                                       Hash Cond: (t.kind_id = kt.id)
                                       Buffers: shared hit=1747 read=40960
                                       ->  Hash Join  (cost=74989.94..206882.22 rows=64364 width=16) (actual time=403.531..876.349 rows=35231 loops=1)
                                             Hash Cond: (ci.movie_id = t.id)
                                             Buffers: shared hit=1746 read=40960
                                             ->  Nested Loop  (cost=0.44..123965.00 rows=3020080 width=8) (actual time=0.089..338.372 rows=898389 loops=1)
                                                   Buffers: shared hit=1746 read=4569
                                                   ->  Seq Scan on role_type rt  (cost=0.00..1.15 rows=1 width=4) (actual time=0.007..0.010 rows=1 loops=1)
                                                         Filter: ((role)::text = 'cinematographer'::text)
                                                         Rows Removed by Filter: 11
                                                         Buffers: shared hit=1
                                                   ->  Index Scan using role_id_cast_info on cast_info ci  (cost=0.44..91017.52 rows=3294633 width=12) (actual time=0.079..227.319 rows=898389 loops=1)
                                                         Index Cond: (role_id = rt.id)
                                                         Buffers: shared hit=1745 read=4569
                                             ->  Hash  (cost=74315.95..74315.95 rows=53884 width=8) (actual time=402.936..402.937 rows=51669 loops=1)
                                                   Buckets: 65536  Batches: 1  Memory Usage: 2531kB
                                                   Buffers: shared read=36391
                                                   ->  Seq Scan on title t  (cost=0.00..74315.95 rows=53884 width=8) (actual time=0.540..392.093 rows=51669 loops=1)
                                                         Filter: ((production_year <= 1949) AND (1928 < production_year))
                                                         Rows Removed by Filter: 2476643
                                                         Buffers: shared read=36391
                                       ->  Hash  (cost=1.09..1.09 rows=2 width=4) (actual time=0.017..0.018 rows=2 loops=1)
                                             Buckets: 1024  Batches: 1  Memory Usage: 9kB
                                             Buffers: shared hit=1
                                             ->  Seq Scan on kind_type kt  (cost=0.00..1.09 rows=2 width=4) (actual time=0.011..0.012 rows=2 loops=1)
                                                   Filter: ((kind)::text = ANY ('{episode,movie}'::text[]))
                                                   Rows Removed by Filter: 5
                                                   Buffers: shared hit=1
                                 ->  Index Scan using name_pkey on name n  (cost=0.43..2.32 rows=1 width=4) (actual time=0.026..0.026 rows=0 loops=35219)
                                       Index Cond: (id = ci.person_id)
                                       Filter: ((gender)::text = 'f'::text)
                                       Rows Removed by Filter: 1
                                       Buffers: shared hit=138273 read=2603
                           ->  Index Scan using movie_id_movie_info on movie_info mi1  (cost=0.43..42.22 rows=1 width=8) (actual time=0.096..0.096 rows=1 loops=39)
                                 Index Cond: (movie_id = ci.movie_id)
                                 Filter: ((info_type_id = 3) AND ((info)::text = ANY ('{Animation,Documentary,Drama,Short,Western}'::text[])))
                                 Rows Removed by Filter: 8
                                 Buffers: shared hit=268 read=118
                     ->  Index Scan using movie_id_movie_info on movie_info mi2  (cost=0.43..42.06 rows=1 width=8) (actual time=0.037..0.064 rows=1 loops=53)
                           Index Cond: (movie_id = ci.movie_id)
                           Filter: (((info)::text = ANY ('{"Black and White",Color}'::text[])) AND (info_type_id = 2))
                           Rows Removed by Filter: 8
                           Buffers: shared hit=528
 Planning:
   Buffers: shared hit=482 read=92
 Planning Time: 13.717 ms
 Execution Time: 1822.509 ms
(70 rows)

