                                                                                            QUERY PLAN                                                                                            
--------------------------------------------------------------------------------------------------------------------------------------------------------------------------------------------------
 Aggregate  (cost=612210.19..612210.20 rows=1 width=8) (actual time=6358.151..6358.157 rows=1 loops=1)
   Buffers: shared hit=477428 read=181664
   ->  Nested Loop  (cost=91249.30..612210.09 rows=42 width=0) (actual time=421.032..6352.247 rows=40584 loops=1)
         Buffers: shared hit=477428 read=181664
         ->  Seq Scan on info_type it2  (cost=0.00..2.41 rows=1 width=4) (actual time=0.039..0.046 rows=1 loops=1)
               Filter: (id = 2)
               Rows Removed by Filter: 112
               Buffers: shared hit=1
         ->  Nested Loop  (cost=91249.30..612207.26 rows=42 width=4) (actual time=420.991..6345.685 rows=40584 loops=1)
               Buffers: shared hit=477427 read=181664
               ->  Seq Scan on info_type it1  (cost=0.00..2.41 rows=1 width=4) (actual time=0.008..0.016 rows=1 loops=1)
                     Filter: (id = 3)
                     Rows Removed by Filter: 112
                     Buffers: shared hit=1
               ->  Nested Loop  (cost=91249.30..612204.42 rows=42 width=8) (actual time=420.981..6338.786 rows=40584 loops=1)
                     Buffers: shared hit=477426 read=181664
                     ->  Hash Join  (cost=91248.87..611782.27 rows=182 width=12) (actual time=420.943..5005.907 rows=40598 loops=1)
                           Hash Cond: (ci.role_id = rt.id)
                           Buffers: shared hit=328759 read=167939
                           ->  Nested Loop  (cost=91247.71..611773.36 rows=2179 width=16) (actual time=420.887..4967.317 rows=206687 loops=1)
                                 Buffers: shared hit=328758 read=167939
                                 ->  Nested Loop  (cost=91247.27..604972.95 rows=152 width=20) (actual time=420.759..2598.643 rows=13876 loops=1)
                                       Buffers: shared hit=168592 read=89543
                                       ->  Hash Join  (cost=91246.83..434002.03 rows=3958 width=12) (actual time=420.693..946.808 rows=22194 loops=1)
                                             Hash Cond: (mi2.movie_id = t.id)
                                             Buffers: shared hit=3381 read=50554
                                             ->  Bitmap Heap Scan on movie_info mi2  (cost=13878.84..356259.28 rows=89381 width=8) (actual time=37.053..401.866 rows=1000514 loops=1)
                                                   Recheck Cond: (info_type_id = 2)
                                                   Filter: ((info)::text = 'Color'::text)
                                                   Rows Removed by Filter: 288414
                                                   Heap Blocks: exact=16526
                                                   Buffers: shared hit=1293 read=16250
                                                   ->  Bitmap Index Scan on info_type_id_movie_info  (cost=0.00..13856.49 rows=1296008 width=0) (actual time=34.858..34.858 rows=1288928 loops=1)
                                                         Index Cond: (info_type_id = 2)
                                                         Buffers: shared read=1017
                                             ->  Hash  (cost=75968.48..75968.48 rows=111961 width=4) (actual time=381.106..381.109 rows=23692 loops=1)
                                                   Buckets: 131072  Batches: 1  Memory Usage: 1857kB
                                                   Buffers: shared hit=2088 read=34304
                                                   ->  Hash Join  (cost=1.11..75968.48 rows=111961 width=4) (actual time=0.065..375.738 rows=23692 loops=1)
                                                         Hash Cond: (t.kind_id = kt.id)
                                                         Buffers: shared hit=2088 read=34304
                                                         ->  Seq Scan on title t  (cost=0.00..74315.95 rows=391862 width=8) (actual time=0.024..352.415 rows=386415 loops=1)
                                                               Filter: ((production_year <= 1997) AND (1981 < production_year))
                                                               Rows Removed by Filter: 2141897
                                                               Buffers: shared hit=2087 read=34304
                                                         ->  Hash  (cost=1.09..1.09 rows=2 width=4) (actual time=0.015..0.016 rows=2 loops=1)
                                                               Buckets: 1024  Batches: 1  Memory Usage: 9kB
                                                               Buffers: shared hit=1
                                                               ->  Seq Scan on kind_type kt  (cost=0.00..1.09 rows=2 width=4) (actual time=0.010..0.011 rows=2 loops=1)
                                                                     Filter: ((kind)::text = ANY ('{"tv series","video game"}'::text[]))
                                                                     Rows Removed by Filter: 5
                                                                     Buffers: shared hit=1
                                       ->  Index Scan using movie_id_movie_info on movie_info mi1  (cost=0.43..43.19 rows=1 width=8) (actual time=0.072..0.074 rows=1 loops=22194)
                                             Index Cond: (movie_id = t.id)
                                             Filter: ((info_type_id = 3) AND ((info)::text = ANY ('{Adventure,Animation,Comedy,Drama,Family,Short,Thriller}'::text[])))
                                             Rows Removed by Filter: 8
                                             Buffers: shared hit=165211 read=38989
                                 ->  Index Scan using movie_id_cast_info on cast_info ci  (cost=0.44..44.36 rows=38 width=12) (actual time=0.035..0.167 rows=15 loops=13876)
                                       Index Cond: (movie_id = t.id)
                                       Buffers: shared hit=160166 read=78396
                           ->  Hash  (cost=1.15..1.15 rows=1 width=4) (actual time=0.016..0.016 rows=1 loops=1)
                                 Buckets: 1024  Batches: 1  Memory Usage: 9kB
                                 Buffers: shared hit=1
                                 ->  Seq Scan on role_type rt  (cost=0.00..1.15 rows=1 width=4) (actual time=0.008..0.009 rows=1 loops=1)
                                       Filter: ((role)::text = 'actress'::text)
                                       Rows Removed by Filter: 11
                                       Buffers: shared hit=1
                     ->  Index Scan using name_pkey on name n  (cost=0.43..2.32 rows=1 width=4) (actual time=0.032..0.032 rows=1 loops=40598)
                           Index Cond: (id = ci.person_id)
                           Filter: ((gender)::text = 'f'::text)
                           Rows Removed by Filter: 0
                           Buffers: shared hit=148667 read=13725
 Planning:
   Buffers: shared hit=574
 Planning Time: 9.468 ms
 Execution Time: 6358.731 ms
(76 rows)

