                                                                                            QUERY PLAN                                                                                            
--------------------------------------------------------------------------------------------------------------------------------------------------------------------------------------------------
 Aggregate  (cost=797327.44..797327.45 rows=1 width=8) (actual time=8013.672..8013.683 rows=1 loops=1)
   Buffers: shared hit=612793 read=108526, temp read=9968 written=9968
   ->  Nested Loop  (cost=505713.56..797327.10 rows=136 width=0) (actual time=1515.961..8012.272 rows=6484 loops=1)
         Buffers: shared hit=612793 read=108526, temp read=9968 written=9968
         ->  Seq Scan on info_type it2  (cost=0.00..2.41 rows=1 width=4) (actual time=0.039..0.049 rows=1 loops=1)
               Filter: (id = 2)
               Rows Removed by Filter: 112
               Buffers: shared hit=1
         ->  Nested Loop  (cost=505713.56..797323.32 rows=136 width=4) (actual time=1515.921..8010.996 rows=6484 loops=1)
               Buffers: shared hit=612792 read=108526, temp read=9968 written=9968
               ->  Seq Scan on info_type it1  (cost=0.00..2.41 rows=1 width=4) (actual time=0.007..0.020 rows=1 loops=1)
                     Filter: (id = 3)
                     Rows Removed by Filter: 112
                     Buffers: shared hit=1
               ->  Nested Loop  (cost=505713.56..797319.55 rows=136 width=8) (actual time=1515.913..8009.599 rows=6484 loops=1)
                     Join Filter: (t.id = mi2.movie_id)
                     Buffers: shared hit=612791 read=108526, temp read=9968 written=9968
                     ->  Nested Loop  (cost=505713.13..671092.96 rows=3000 width=16) (actual time=1515.875..7120.595 rows=6343 loops=1)
                           Buffers: shared hit=555540 read=83726, temp read=9968 written=9968
                           ->  Hash Join  (cost=505712.70..641131.73 rows=12917 width=20) (actual time=1514.544..2385.084 rows=146207 loops=1)
                                 Hash Cond: (ci.movie_id = t.id)
                                 Buffers: shared hit=7025 read=47413, temp read=9968 written=9968
                                 ->  Nested Loop  (cost=0.44..123965.00 rows=3020080 width=8) (actual time=0.080..419.088 rows=1093558 loops=1)
                                       Buffers: shared hit=1221 read=5850
                                       ->  Seq Scan on role_type rt  (cost=0.00..1.15 rows=1 width=4) (actual time=0.007..0.010 rows=1 loops=1)
                                             Filter: ((role)::text = 'editor'::text)
                                             Rows Removed by Filter: 11
                                             Buffers: shared hit=1
                                       ->  Index Scan using role_id_cast_info on cast_info ci  (cost=0.44..91017.52 rows=3294633 width=12) (actual time=0.071..273.582 rows=1093558 loops=1)
                                             Index Cond: (role_id = rt.id)
                                             Buffers: shared hit=1220 read=5850
                                 ->  Hash  (cost=505577.08..505577.08 rows=10814 width=12) (actual time=1514.299..1514.305 rows=157086 loops=1)
                                       Buckets: 262144 (originally 16384)  Batches: 2 (originally 1)  Memory Usage: 6145kB
                                       Buffers: shared hit=5804 read=41563, temp read=7793 written=8100
                                       ->  Hash Join  (cost=113299.28..505577.08 rows=10814 width=12) (actual time=937.211..1487.319 rows=157086 loops=1)
                                             Hash Cond: (mi1.movie_id = t.id)
                                             Buffers: shared hit=5804 read=41563, temp read=7793 written=7793
                                             ->  Bitmap Heap Scan on movie_info mi1  (cost=16456.43..404902.66 rows=31850 width=8) (actual time=41.657..365.274 rows=300888 loops=1)
                                                   Recheck Cond: (info_type_id = 3)
                                                   Filter: ((info)::text = ANY ('{Comedy,Musical,Romance,Thriller,Western}'::text[]))
                                                   Rows Removed by Filter: 1233021
                                                   Heap Blocks: exact=9772
                                                   Buffers: shared hit=5803 read=5172
                                                   ->  Bitmap Index Scan on info_type_id_movie_info  (cost=0.00..16448.47 rows=1538671 width=0) (actual time=40.464..40.464 rows=1533909 loops=1)
                                                         Index Cond: (info_type_id = 3)
                                                         Buffers: shared read=1203
                                             ->  Hash  (cost=82758.38..82758.38 rows=858437 width=4) (actual time=893.741..893.745 rows=1830466 loops=1)
                                                   Buckets: 262144 (originally 262144)  Batches: 16 (originally 8)  Memory Usage: 6145kB
                                                   Buffers: shared hit=1 read=36391, temp written=5019
                                                   ->  Hash Join  (cost=1.13..82758.38 rows=858437 width=4) (actual time=0.049..652.066 rows=1830466 loops=1)
                                                         Hash Cond: (t.kind_id = kt.id)
                                                         Buffers: shared hit=1 read=36391
                                                         ->  Seq Scan on title t  (cost=0.00..74315.95 rows=2003019 width=8) (actual time=0.024..433.062 rows=2004612 loops=1)
                                                               Filter: ((production_year <= 2015) AND (1975 < production_year))
                                                               Rows Removed by Filter: 523700
                                                               Buffers: shared read=36391
                                                         ->  Hash  (cost=1.10..1.10 rows=3 width=4) (actual time=0.017..0.018 rows=3 loops=1)
                                                               Buckets: 1024  Batches: 1  Memory Usage: 9kB
                                                               Buffers: shared hit=1
                                                               ->  Seq Scan on kind_type kt  (cost=0.00..1.10 rows=3 width=4) (actual time=0.009..0.011 rows=3 loops=1)
                                                                     Filter: ((kind)::text = ANY ('{episode,movie,"video movie"}'::text[]))
                                                                     Rows Removed by Filter: 4
                                                                     Buffers: shared hit=1
                           ->  Index Scan using name_pkey on name n  (cost=0.43..2.32 rows=1 width=4) (actual time=0.032..0.032 rows=0 loops=146207)
                                 Index Cond: (id = ci.person_id)
                                 Filter: ((gender)::text = 'f'::text)
                                 Rows Removed by Filter: 1
                                 Buffers: shared hit=548515 read=36313
                     ->  Index Scan using movie_id_movie_info on movie_info mi2  (cost=0.43..42.06 rows=1 width=8) (actual time=0.120..0.139 rows=1 loops=6343)
                           Index Cond: (movie_id = ci.movie_id)
                           Filter: (((info)::text = ANY ('{"Black and White",Color}'::text[])) AND (info_type_id = 2))
                           Rows Removed by Filter: 29
                           Buffers: shared hit=57251 read=24800
 Planning:
   Buffers: shared hit=483 read=91
 Planning Time: 12.782 ms
 Execution Time: 8014.207 ms
(77 rows)

