                                                                                            QUERY PLAN                                                                                            
--------------------------------------------------------------------------------------------------------------------------------------------------------------------------------------------------
 Aggregate  (cost=524101.86..524101.87 rows=1 width=8) (actual time=3815.971..3815.980 rows=1 loops=1)
   Buffers: shared hit=245348 read=134007, temp read=858 written=858
   ->  Nested Loop  (cost=95633.64..524101.65 rows=85 width=0) (actual time=523.556..3815.017 rows=5464 loops=1)
         Buffers: shared hit=245348 read=134007, temp read=858 written=858
         ->  Hash Join  (cost=95633.21..523797.79 rows=131 width=4) (actual time=523.517..3306.642 rows=15714 loops=1)
               Hash Cond: (ci.role_id = rt.id)
               Buffers: shared hit=189666 read=126833, temp read=858 written=858
               ->  Nested Loop  (cost=95632.03..523793.81 rows=788 width=8) (actual time=522.819..3283.969 rows=161305 loops=1)
                     Buffers: shared hit=189665 read=126833, temp read=858 written=858
                     ->  Nested Loop  (cost=95631.59..521353.24 rows=55 width=12) (actual time=522.793..1641.115 rows=8237 loops=1)
                           Buffers: shared hit=69654 read=65742, temp read=858 written=858
                           ->  Seq Scan on info_type it2  (cost=0.00..2.41 rows=1 width=4) (actual time=0.031..0.040 rows=1 loops=1)
                                 Filter: (id = 2)
                                 Rows Removed by Filter: 112
                                 Buffers: shared hit=1
                           ->  Nested Loop  (cost=95631.59..521350.28 rows=55 width=16) (actual time=522.761..1639.580 rows=8237 loops=1)
                                 Buffers: shared hit=69653 read=65742, temp read=858 written=858
                                 ->  Seq Scan on info_type it1  (cost=0.00..2.41 rows=1 width=4) (actual time=0.009..0.020 rows=1 loops=1)
                                       Filter: (id = 3)
                                       Rows Removed by Filter: 112
                                       Buffers: shared hit=1
                                 ->  Nested Loop  (cost=95631.59..521347.32 rows=55 width=20) (actual time=522.749..1638.086 rows=8237 loops=1)
                                       Buffers: shared hit=69652 read=65742, temp read=858 written=858
                                       ->  Hash Join  (cost=95631.16..469817.29 rows=1207 width=12) (actual time=522.682..904.466 rows=8340 loops=1)
                                             Hash Cond: (mi1.movie_id = t.id)
                                             Buffers: shared hit=3907 read=43460, temp read=858 written=858
                                             ->  Bitmap Heap Scan on movie_info mi1  (cost=16453.38..389790.07 rows=19568 width=8) (actual time=40.996..333.747 rows=202927 loops=1)
                                                   Recheck Cond: (info_type_id = 3)
                                                   Filter: ((info)::text = ANY ('{Biography,Family,Fantasy,Horror,Music,News,Sci-Fi,Talk-Show,War,Western}'::text[]))
                                                   Rows Removed by Filter: 1330982
                                                   Heap Blocks: exact=9772
                                                   Buffers: shared hit=3906 read=7069
                                                   ->  Bitmap Index Scan on info_type_id_movie_info  (cost=0.00..16448.47 rows=1538671 width=0) (actual time=39.793..39.793 rows=1533909 loops=1)
                                                         Index Cond: (info_type_id = 3)
                                                         Buffers: shared read=1203
                                             ->  Hash  (cost=76617.91..76617.91 rows=155989 width=4) (actual time=480.502..480.504 rows=347340 loops=1)
                                                   Buckets: 262144  Batches: 2  Memory Usage: 8150kB
                                                   Buffers: shared hit=1 read=36391, temp written=509
                                                   ->  Hash Join  (cost=1.11..76617.91 rows=155989 width=4) (actual time=0.045..423.478 rows=347340 loops=1)
                                                         Hash Cond: (t.kind_id = kt.id)
                                                         Buffers: shared hit=1 read=36391
                                                         ->  Seq Scan on title t  (cost=0.00..74315.95 rows=545963 width=8) (actual time=0.023..370.921 rows=538239 loops=1)
                                                               Filter: ((production_year <= 1990) AND (1950 < production_year))
                                                               Rows Removed by Filter: 1990073
                                                               Buffers: shared read=36391
                                                         ->  Hash  (cost=1.09..1.09 rows=2 width=4) (actual time=0.012..0.013 rows=2 loops=1)
                                                               Buckets: 1024  Batches: 1  Memory Usage: 9kB
                                                               Buffers: shared hit=1
                                                               ->  Seq Scan on kind_type kt  (cost=0.00..1.09 rows=2 width=4) (actual time=0.008..0.009 rows=2 loops=1)
                                                                     Filter: ((kind)::text = ANY ('{episode,"tv movie"}'::text[]))
                                                                     Rows Removed by Filter: 5
                                                                     Buffers: shared hit=1
                                       ->  Index Scan using movie_id_movie_info on movie_info mi2  (cost=0.43..42.68 rows=1 width=8) (actual time=0.073..0.087 rows=1 loops=8340)
                                             Index Cond: (movie_id = t.id)
                                             Filter: (((info)::text = ANY ('{"Black and White",Color}'::text[])) AND (info_type_id = 2))
                                             Rows Removed by Filter: 10
                                             Buffers: shared hit=65745 read=22282
                     ->  Index Scan using movie_id_cast_info on cast_info ci  (cost=0.44..43.99 rows=38 width=12) (actual time=0.035..0.195 rows=20 loops=8237)
                           Index Cond: (movie_id = t.id)
                           Buffers: shared hit=120011 read=61091
               ->  Hash  (cost=1.15..1.15 rows=2 width=4) (actual time=0.034..0.035 rows=2 loops=1)
                     Buckets: 1024  Batches: 1  Memory Usage: 9kB
                     Buffers: shared hit=1
                     ->  Seq Scan on role_type rt  (cost=0.00..1.15 rows=2 width=4) (actual time=0.026..0.028 rows=2 loops=1)
                           Filter: ((role)::text = ANY ('{composer,"miscellaneous crew"}'::text[]))
                           Rows Removed by Filter: 10
                           Buffers: shared hit=1
         ->  Index Scan using name_pkey on name n  (cost=0.43..2.32 rows=1 width=4) (actual time=0.032..0.032 rows=0 loops=15714)
               Index Cond: (id = ci.person_id)
               Filter: ((gender)::text = ANY ('{f,m}'::text[]))
               Rows Removed by Filter: 1
               Buffers: shared hit=55682 read=7174
 Planning:
   Buffers: shared hit=532 read=45
 Planning Time: 12.472 ms
 Execution Time: 3816.605 ms
(76 rows)

