                                                                                            QUERY PLAN                                                                                            
--------------------------------------------------------------------------------------------------------------------------------------------------------------------------------------------------
 Aggregate  (cost=409919.96..409919.97 rows=1 width=8) (actual time=8132.677..8132.686 rows=1 loops=1)
   Buffers: shared hit=725319 read=97844
   ->  Nested Loop  (cost=62389.42..409919.95 rows=1 width=0) (actual time=378.419..8132.633 rows=61 loops=1)
         Buffers: shared hit=725319 read=97844
         ->  Hash Join  (cost=62388.99..409917.64 rows=1 width=4) (actual time=378.384..8125.143 rows=180 loops=1)
               Hash Cond: (ci.role_id = rt.id)
               Buffers: shared hit=724699 read=97744
               ->  Nested Loop  (cost=62387.83..409916.42 rows=14 width=8) (actual time=369.205..8117.498 rows=40262 loops=1)
                     Buffers: shared hit=724698 read=97744
                     ->  Nested Loop  (cost=62387.39..409866.29 rows=1 width=12) (actual time=369.172..7526.564 rows=4298 loops=1)
                           Buffers: shared hit=686222 read=83795
                           ->  Nested Loop  (cost=62387.39..409863.87 rows=1 width=16) (actual time=369.164..7420.892 rows=4298 loops=1)
                                 Buffers: shared hit=681924 read=83795
                                 ->  Nested Loop  (cost=62387.39..409861.44 rows=1 width=20) (actual time=369.146..7322.917 rows=4298 loops=1)
                                       Buffers: shared hit=677626 read=83795
                                       ->  Hash Join  (cost=62386.95..404861.94 rows=107 width=12) (actual time=368.845..744.576 rows=74634 loops=1)
                                             Hash Cond: (mi2.movie_id = t.id)
                                             Buffers: shared hit=2048 read=28882
                                             ->  Bitmap Heap Scan on movie_info mi2  (cost=13862.73..356243.17 rows=24927 width=8) (actual time=40.673..440.483 rows=288414 loops=1)
                                                   Recheck Cond: (info_type_id = 2)
                                                   Filter: ((info)::text = 'Black and White'::text)
                                                   Rows Removed by Filter: 1000514
                                                   Heap Blocks: exact=16526
                                                   Buffers: shared hit=2047 read=15496
                                                   ->  Bitmap Index Scan on info_type_id_movie_info  (cost=0.00..13856.49 rows=1296008 width=0) (actual time=36.314..36.315 rows=1288928 loops=1)
                                                         Index Cond: (info_type_id = 2)
                                                         Buffers: shared read=1017
                                             ->  Hash  (cost=48388.79..48388.79 rows=10835 width=4) (actual time=188.489..188.491 rows=74873 loops=1)
                                                   Buckets: 131072 (originally 16384)  Batches: 1 (originally 1)  Memory Usage: 3657kB
                                                   Buffers: shared hit=1 read=13386
                                                   ->  Nested Loop  (cost=4496.00..48388.79 rows=10835 width=4) (actual time=19.093..177.080 rows=74873 loops=1)
                                                         Buffers: shared hit=1 read=13386
                                                         ->  Seq Scan on kind_type kt  (cost=0.00..1.09 rows=1 width=4) (actual time=0.007..0.011 rows=1 loops=1)
                                                               Filter: ((kind)::text = 'movie'::text)
                                                               Rows Removed by Filter: 6
                                                               Buffers: shared hit=1
                                                         ->  Bitmap Heap Scan on title t  (cost=4496.00..48261.29 rows=12641 width=8) (actual time=19.081..172.364 rows=74873 loops=1)
                                                               Recheck Cond: (kind_id = kt.id)
                                                               Filter: ((production_year <= 1925) AND (1910 < production_year))
                                                               Rows Removed by Filter: 587952
                                                               Heap Blocks: exact=12865
                                                               Buffers: shared read=13386
                                                               ->  Bitmap Index Scan on kind_id_title  (cost=0.00..4492.84 rows=421388 width=0) (actual time=16.838..16.838 rows=662825 loops=1)
                                                                     Index Cond: (kind_id = kt.id)
                                                                     Buffers: shared read=521
                                       ->  Index Scan using movie_id_movie_info on movie_info mi1  (cost=0.43..46.71 rows=1 width=8) (actual time=0.088..0.088 rows=0 loops=74634)
                                             Index Cond: (movie_id = t.id)
                                             Filter: ((info_type_id = 3) AND ((info)::text = ANY ('{Adventure,Crime,Mystery,Thriller,War}'::text[])))
                                             Rows Removed by Filter: 11
                                             Buffers: shared hit=675578 read=54913
                                 ->  Seq Scan on info_type it1  (cost=0.00..2.41 rows=1 width=4) (actual time=0.011..0.020 rows=1 loops=4298)
                                       Filter: (id = 3)
                                       Rows Removed by Filter: 112
                                       Buffers: shared hit=4298
                           ->  Seq Scan on info_type it2  (cost=0.00..2.41 rows=1 width=4) (actual time=0.013..0.023 rows=1 loops=4298)
                                 Filter: (id = 2)
                                 Rows Removed by Filter: 112
                                 Buffers: shared hit=4298
                     ->  Index Scan using movie_id_cast_info on cast_info ci  (cost=0.44..49.76 rows=38 width=12) (actual time=0.044..0.134 rows=9 loops=4298)
                           Index Cond: (movie_id = t.id)
                           Buffers: shared hit=38476 read=13949
               ->  Hash  (cost=1.15..1.15 rows=1 width=4) (actual time=0.027..0.028 rows=1 loops=1)
                     Buckets: 1024  Batches: 1  Memory Usage: 9kB
                     Buffers: shared hit=1
                     ->  Seq Scan on role_type rt  (cost=0.00..1.15 rows=1 width=4) (actual time=0.021..0.023 rows=1 loops=1)
                           Filter: ((role)::text = 'composer'::text)
                           Rows Removed by Filter: 11
                           Buffers: shared hit=1
         ->  Index Scan using name_pkey on name n  (cost=0.43..2.32 rows=1 width=4) (actual time=0.041..0.041 rows=0 loops=180)
               Index Cond: (id = ci.person_id)
               Filter: ((gender)::text = 'm'::text)
               Rows Removed by Filter: 1
               Buffers: shared hit=620 read=100
 Planning:
   Buffers: shared hit=520 read=54
 Planning Time: 12.954 ms
 Execution Time: 8133.428 ms
(77 rows)

