                                                                                            QUERY PLAN                                                                                            
--------------------------------------------------------------------------------------------------------------------------------------------------------------------------------------------------
 Aggregate  (cost=835421.18..835421.19 rows=1 width=8) (actual time=8433.730..8433.743 rows=1 loops=1)
   Buffers: shared hit=719585 read=67054, temp read=7129 written=7129
   ->  Nested Loop  (cost=523327.35..835420.80 rows=154 width=0) (actual time=1326.626..8432.555 rows=4556 loops=1)
         Buffers: shared hit=719585 read=67054, temp read=7129 written=7129
         ->  Seq Scan on info_type it2  (cost=0.00..2.41 rows=1 width=4) (actual time=0.049..0.060 rows=1 loops=1)
               Filter: (id = 2)
               Rows Removed by Filter: 112
               Buffers: shared hit=1
         ->  Nested Loop  (cost=523327.35..835416.85 rows=154 width=4) (actual time=1326.576..8431.448 rows=4556 loops=1)
               Buffers: shared hit=719584 read=67054, temp read=7129 written=7129
               ->  Seq Scan on info_type it1  (cost=0.00..2.41 rows=1 width=4) (actual time=0.010..0.024 rows=1 loops=1)
                     Filter: (id = 3)
                     Rows Removed by Filter: 112
                     Buffers: shared hit=1
               ->  Nested Loop  (cost=523327.35..835412.89 rows=154 width=8) (actual time=1326.565..8430.363 rows=4556 loops=1)
                     Join Filter: (t.id = mi2.movie_id)
                     Buffers: shared hit=719583 read=67054, temp read=7129 written=7129
                     ->  Nested Loop  (cost=523326.91..692650.62 rows=3393 width=16) (actual time=1326.526..7883.507 rows=4306 loops=1)
                           Buffers: shared hit=683046 read=53656, temp read=7129 written=7129
                           ->  Hash Join  (cost=523326.48..658762.44 rows=14610 width=20) (actual time=1326.305..2157.107 rows=170755 loops=1)
                                 Hash Cond: (ci.movie_id = t.id)
                                 Buffers: shared hit=30004 read=23678, temp read=7129 written=7129
                                 ->  Nested Loop  (cost=0.44..123965.00 rows=3020080 width=8) (actual time=0.240..398.544 rows=898389 loops=1)
                                       Buffers: shared hit=340 read=5975
                                       ->  Seq Scan on role_type rt  (cost=0.00..1.15 rows=1 width=4) (actual time=0.009..0.013 rows=1 loops=1)
                                             Filter: ((role)::text = 'cinematographer'::text)
                                             Rows Removed by Filter: 11
                                             Buffers: shared hit=1
                                       ->  Index Scan using role_id_cast_info on cast_info ci  (cost=0.44..91017.52 rows=3294633 width=12) (actual time=0.225..259.734 rows=898389 loops=1)
                                             Index Cond: (role_id = rt.id)
                                             Buffers: shared hit=339 read=5975
                                 ->  Hash  (cost=523173.15..523173.15 rows=12231 width=12) (actual time=1325.851..1325.858 rows=187229 loops=1)
                                       Buckets: 262144 (originally 16384)  Batches: 2 (originally 1)  Memory Usage: 6145kB
                                       Buffers: shared hit=29664 read=17703, temp read=5227 written=5593
                                       ->  Hash Join  (cost=101886.44..523173.15 rows=12231 width=12) (actual time=706.306..1294.576 rows=187229 loops=1)
                                             Hash Cond: (mi1.movie_id = t.id)
                                             Buffers: shared hit=29664 read=17703, temp read=5227 written=5227
                                             ->  Bitmap Heap Scan on movie_info mi1  (cost=16466.74..435132.07 rows=73087 width=8) (actual time=40.191..391.394 rows=705072 loops=1)
                                                   Recheck Cond: (info_type_id = 3)
                                                   Filter: ((info)::text = ANY ('{Comedy,Documentary,Drama,Romance,Sport,Thriller,War}'::text[]))
                                                   Rows Removed by Filter: 828837
                                                   Heap Blocks: exact=9772
                                                   Buffers: shared hit=10975
                                                   ->  Bitmap Index Scan on info_type_id_movie_info  (cost=0.00..16448.47 rows=1538671 width=0) (actual time=38.924..38.925 rows=1533909 loops=1)
                                                         Index Cond: (info_type_id = 3)
                                                         Buffers: shared hit=1203
                                             ->  Hash  (cost=78477.74..78477.74 rows=423117 width=4) (actual time=664.648..664.652 rows=913823 loops=1)
                                                   Buckets: 262144 (originally 262144)  Batches: 8 (originally 4)  Memory Usage: 6145kB
                                                   Buffers: shared hit=18689 read=17703, temp written=2340
                                                   ->  Hash Join  (cost=1.13..78477.74 rows=423117 width=4) (actual time=0.050..534.952 rows=913823 loops=1)
                                                         Hash Cond: (t.kind_id = kt.id)
                                                         Buffers: shared hit=18689 read=17703
                                                         ->  Seq Scan on title t  (cost=0.00..74315.95 rows=987274 width=8) (actual time=0.029..425.065 rows=989787 loops=1)
                                                               Filter: ((production_year <= 2010) AND (2000 < production_year))
                                                               Rows Removed by Filter: 1538525
                                                               Buffers: shared hit=18688 read=17703
                                                         ->  Hash  (cost=1.10..1.10 rows=3 width=4) (actual time=0.012..0.013 rows=3 loops=1)
                                                               Buckets: 1024  Batches: 1  Memory Usage: 9kB
                                                               Buffers: shared hit=1
                                                               ->  Seq Scan on kind_type kt  (cost=0.00..1.10 rows=3 width=4) (actual time=0.006..0.008 rows=3 loops=1)
                                                                     Filter: ((kind)::text = ANY ('{episode,movie,"video movie"}'::text[]))
                                                                     Rows Removed by Filter: 4
                                                                     Buffers: shared hit=1
                           ->  Index Scan using name_pkey on name n  (cost=0.43..2.32 rows=1 width=4) (actual time=0.033..0.033 rows=0 loops=170755)
                                 Index Cond: (id = ci.person_id)
                                 Filter: ((gender)::text = 'f'::text)
                                 Rows Removed by Filter: 1
                                 Buffers: shared hit=653042 read=29978
                     ->  Index Scan using movie_id_movie_info on movie_info mi2  (cost=0.43..42.06 rows=1 width=8) (actual time=0.108..0.126 rows=1 loops=4306)
                           Index Cond: (movie_id = ci.movie_id)
                           Filter: (((info)::text = ANY ('{"Black and White",Color}'::text[])) AND (info_type_id = 2))
                           Rows Removed by Filter: 16
                           Buffers: shared hit=36537 read=13398
 Planning:
   Buffers: shared hit=574
 Planning Time: 13.254 ms
 Execution Time: 8434.441 ms
(77 rows)

