                                                                                               QUERY PLAN                                                                                               
--------------------------------------------------------------------------------------------------------------------------------------------------------------------------------------------------------
 Aggregate  (cost=882520.94..882520.95 rows=1 width=8) (actual time=95494.920..95494.931 rows=1 loops=1)
   Buffers: shared hit=8068016 read=1723250, temp read=17155 written=17155
   ->  Nested Loop  (cost=468611.16..882519.86 rows=433 width=0) (actual time=1791.360..95472.940 rows=82718 loops=1)
         Buffers: shared hit=8068016 read=1723250, temp read=17155 written=17155
         ->  Seq Scan on info_type it2  (cost=0.00..2.41 rows=1 width=4) (actual time=0.049..0.059 rows=1 loops=1)
               Filter: (id = 2)
               Rows Removed by Filter: 112
               Buffers: shared hit=1
         ->  Nested Loop  (cost=468611.16..882513.12 rows=433 width=4) (actual time=1791.309..95454.719 rows=82718 loops=1)
               Buffers: shared hit=8068015 read=1723250, temp read=17155 written=17155
               ->  Seq Scan on info_type it1  (cost=0.00..2.41 rows=1 width=4) (actual time=0.009..0.022 rows=1 loops=1)
                     Filter: (id = 3)
                     Rows Removed by Filter: 112
                     Buffers: shared hit=1
               ->  Nested Loop  (cost=468611.16..882506.37 rows=433 width=8) (actual time=1791.296..95434.588 rows=82718 loops=1)
                     Buffers: shared hit=8068014 read=1723250, temp read=17155 written=17155
                     ->  Hash Join  (cost=468610.73..880114.95 rows=1031 width=12) (actual time=1790.949..86352.828 rows=255951 loops=1)
                           Hash Cond: (ci.role_id = rt.id)
                           Buffers: shared hit=7131645 read=1635815, temp read=17155 written=17155
                           ->  Nested Loop  (cost=468609.57..880069.84 rows=12370 width=16) (actual time=1790.461..85013.830 rows=7649384 loops=1)
                                 Buffers: shared hit=7131644 read=1635815, temp read=17155 written=17155
                                 ->  Hash Join  (cost=468609.13..842358.73 rows=863 width=20) (actual time=1790.417..3314.281 rows=430618 loops=1)
                                       Hash Cond: (mi1.movie_id = t.id)
                                       Buffers: shared hit=14158 read=50752, temp read=17155 written=17155
                                       ->  Bitmap Heap Scan on movie_info mi1  (cost=16475.45..389812.13 rows=107810 width=8) (actual time=41.865..559.514 rows=1008780 loops=1)
                                             Recheck Cond: (info_type_id = 3)
                                             Filter: ((info)::text = ANY ('{Adult,Adventure,Animation,Biography,Comedy,Crime,Documentary,Fantasy,Music,Romance,Short,Sport}'::text[]))
                                             Rows Removed by Filter: 525129
                                             Heap Blocks: exact=9772
                                             Buffers: shared hit=299 read=10676
                                             ->  Bitmap Index Scan on info_type_id_movie_info  (cost=0.00..16448.47 rows=1538671 width=0) (actual time=40.657..40.657 rows=1533909 loops=1)
                                                   Index Cond: (info_type_id = 3)
                                                   Buffers: shared read=1203
                                       ->  Hash  (cost=451880.78..451880.78 rows=20232 width=12) (actual time=1748.303..1748.309 rows=632879 loops=1)
                                             Buckets: 262144 (originally 32768)  Batches: 8 (originally 1)  Memory Usage: 6145kB
                                             Buffers: shared hit=13859 read=40076, temp read=10098 written=12257
                                             ->  Hash Join  (cost=106026.84..451880.78 rows=20232 width=12) (actual time=925.368..1646.604 rows=632879 loops=1)
                                                   Hash Cond: (mi2.movie_id = t.id)
                                                   Buffers: shared hit=13859 read=40076, temp read=10098 written=10098
                                                   ->  Bitmap Heap Scan on movie_info mi2  (cost=13878.84..356259.28 rows=89381 width=8) (actual time=34.842..319.736 rows=1000514 loops=1)
                                                         Recheck Cond: (info_type_id = 2)
                                                         Filter: ((info)::text = 'Color'::text)
                                                         Rows Removed by Filter: 288414
                                                         Heap Blocks: exact=16526
                                                         Buffers: shared hit=2331 read=15212
                                                         ->  Bitmap Index Scan on info_type_id_movie_info  (cost=0.00..13856.49 rows=1296008 width=0) (actual time=32.653..32.653 rows=1288928 loops=1)
                                                               Index Cond: (info_type_id = 2)
                                                               Buffers: shared hit=1 read=1016
                                                   ->  Hash  (cost=82758.36..82758.36 rows=572291 width=4) (actual time=889.317..889.320 rows=1712591 loops=1)
                                                         Buckets: 262144 (originally 262144)  Batches: 16 (originally 4)  Memory Usage: 6145kB
                                                         Buffers: shared hit=11528 read=24864, temp written=4697
                                                         ->  Hash Join  (cost=1.11..82758.36 rows=572291 width=4) (actual time=0.063..655.369 rows=1712591 loops=1)
                                                               Hash Cond: (t.kind_id = kt.id)
                                                               Buffers: shared hit=11528 read=24864
                                                               ->  Seq Scan on title t  (cost=0.00..74315.95 rows=2003019 width=8) (actual time=0.028..437.601 rows=2004612 loops=1)
                                                                     Filter: ((production_year <= 2015) AND (1975 < production_year))
                                                                     Rows Removed by Filter: 523700
                                                                     Buffers: shared hit=11527 read=24864
                                                               ->  Hash  (cost=1.09..1.09 rows=2 width=4) (actual time=0.014..0.016 rows=2 loops=1)
                                                                     Buckets: 1024  Batches: 1  Memory Usage: 9kB
                                                                     Buffers: shared hit=1
                                                                     ->  Seq Scan on kind_type kt  (cost=0.00..1.09 rows=2 width=4) (actual time=0.008..0.010 rows=2 loops=1)
                                                                           Filter: ((kind)::text = ANY ('{episode,movie}'::text[]))
                                                                           Rows Removed by Filter: 5
                                                                           Buffers: shared hit=1
                                 ->  Index Scan using movie_id_cast_info on cast_info ci  (cost=0.44..43.32 rows=38 width=12) (actual time=0.035..0.185 rows=18 loops=430618)
                                       Index Cond: (movie_id = t.id)
                                       Buffers: shared hit=7117486 read=1585063
                           ->  Hash  (cost=1.15..1.15 rows=1 width=4) (actual time=0.024..0.025 rows=1 loops=1)
                                 Buckets: 1024  Batches: 1  Memory Usage: 9kB
                                 Buffers: shared hit=1
                                 ->  Seq Scan on role_type rt  (cost=0.00..1.15 rows=1 width=4) (actual time=0.011..0.012 rows=1 loops=1)
                                       Filter: ((role)::text = 'composer'::text)
                                       Rows Removed by Filter: 11
                                       Buffers: shared hit=1
                     ->  Index Scan using name_pkey on name n  (cost=0.43..2.32 rows=1 width=4) (actual time=0.035..0.035 rows=0 loops=255951)
                           Index Cond: (id = ci.person_id)
                           Filter: ((gender)::text = 'm'::text)
                           Rows Removed by Filter: 1
                           Buffers: shared hit=936369 read=87435
 Planning:
   Buffers: shared hit=531 read=46
 Planning Time: 13.242 ms
 Execution Time: 95495.789 ms
(84 rows)

