                                                                                            QUERY PLAN                                                                                            
--------------------------------------------------------------------------------------------------------------------------------------------------------------------------------------------------
 Aggregate  (cost=746369.24..746369.25 rows=1 width=8) (actual time=61390.238..61390.249 rows=1 loops=1)
   Buffers: shared hit=5711433 read=695017, temp read=3704 written=3704
   ->  Nested Loop  (cost=91589.85..746368.00 rows=497 width=0) (actual time=506.083..61381.099 rows=30493 loops=1)
         Buffers: shared hit=5711433 read=695017, temp read=3704 written=3704
         ->  Hash Join  (cost=91589.42..744600.52 rows=762 width=4) (actual time=505.400..56975.700 rows=120340 loops=1)
               Hash Cond: (ci.role_id = rt.id)
               Buffers: shared hit=5252616 read=672474, temp read=3704 written=3704
               ->  Nested Loop  (cost=91588.25..744583.10 rows=4573 width=8) (actual time=504.851..56432.998 rows=3032793 loops=1)
                     Buffers: shared hit=5252615 read=672474, temp read=3704 written=3704
                     ->  Nested Loop  (cost=91587.81..730266.57 rows=319 width=12) (actual time=504.815..23745.381 rows=172652 loops=1)
                           Buffers: shared hit=2151242 read=284267, temp read=3704 written=3704
                           ->  Seq Scan on info_type it2  (cost=0.00..2.41 rows=1 width=4) (actual time=0.029..0.038 rows=1 loops=1)
                                 Filter: (id = 2)
                                 Rows Removed by Filter: 112
                                 Buffers: shared hit=1
                           ->  Nested Loop  (cost=91587.81..730260.97 rows=319 width=16) (actual time=504.784..23704.113 rows=172652 loops=1)
                                 Buffers: shared hit=2151241 read=284267, temp read=3704 written=3704
                                 ->  Seq Scan on info_type it1  (cost=0.00..2.41 rows=1 width=4) (actual time=0.011..0.023 rows=1 loops=1)
                                       Filter: (id = 3)
                                       Rows Removed by Filter: 112
                                       Buffers: shared hit=1
                                 ->  Nested Loop  (cost=91587.81..730255.36 rows=319 width=20) (actual time=504.770..23661.132 rows=172652 loops=1)
                                       Buffers: shared hit=2151240 read=284267, temp read=3704 written=3704
                                       ->  Hash Join  (cost=91587.35..434464.97 rows=6853 width=12) (actual time=503.479..2133.919 rows=224022 loops=1)
                                             Hash Cond: (mi2.movie_id = t.id)
                                             Buffers: shared hit=14 read=53921, temp read=3704 written=3704
                                             ->  Bitmap Heap Scan on movie_info mi2  (cost=13885.07..356265.51 rows=114308 width=8) (actual time=36.291..714.414 rows=1288928 loops=1)
                                                   Recheck Cond: (info_type_id = 2)
                                                   Filter: ((info)::text = ANY ('{"Black and White",Color}'::text[]))
                                                   Heap Blocks: exact=16526
                                                   Buffers: shared hit=13 read=17530
                                                   ->  Bitmap Index Scan on info_type_id_movie_info  (cost=0.00..13856.49 rows=1296008 width=0) (actual time=34.130..34.130 rows=1288928 loops=1)
                                                         Index Cond: (info_type_id = 2)
                                                         Buffers: shared read=1017
                                             ->  Hash  (cost=75807.58..75807.58 rows=151576 width=4) (actual time=463.931..463.936 rows=335746 loops=1)
                                                   Buckets: 262144 (originally 262144)  Batches: 2 (originally 1)  Memory Usage: 7957kB
                                                   Buffers: shared hit=1 read=36391, temp written=491
                                                   ->  Hash Join  (cost=1.13..75807.58 rows=151576 width=4) (actual time=0.055..404.265 rows=335746 loops=1)
                                                         Hash Cond: (t.kind_id = kt.id)
                                                         Buffers: shared hit=1 read=36391
                                                         ->  Seq Scan on title t  (cost=0.00..74315.95 rows=353677 width=8) (actual time=0.024..362.796 rows=347589 loops=1)
                                                               Filter: ((production_year <= 1975) AND (1925 < production_year))
                                                               Rows Removed by Filter: 2180723
                                                               Buffers: shared read=36391
                                                         ->  Hash  (cost=1.10..1.10 rows=3 width=4) (actual time=0.013..0.015 rows=3 loops=1)
                                                               Buckets: 1024  Batches: 1  Memory Usage: 9kB
                                                               Buffers: shared hit=1
                                                               ->  Seq Scan on kind_type kt  (cost=0.00..1.10 rows=3 width=4) (actual time=0.007..0.008 rows=3 loops=1)
                                                                     Filter: ((kind)::text = ANY ('{episode,movie,"tv movie"}'::text[]))
                                                                     Rows Removed by Filter: 4
                                                                     Buffers: shared hit=1
                                       ->  Index Scan using movie_id_movie_info on movie_info mi1  (cost=0.46..43.15 rows=1 width=8) (actual time=0.095..0.095 rows=1 loops=224022)
                                             Index Cond: (movie_id = t.id)
                                             Filter: ((info_type_id = 3) AND ((info)::text = ANY ('{Adventure,Animation,Comedy,Crime,Documentary,Drama,Family,Musical,Short,Western}'::text[])))
                                             Rows Removed by Filter: 11
                                             Buffers: shared hit=2151226 read=230346
                     ->  Index Scan using movie_id_cast_info on cast_info ci  (cost=0.44..44.50 rows=38 width=12) (actual time=0.035..0.184 rows=18 loops=172652)
                           Index Cond: (movie_id = t.id)
                           Buffers: shared hit=3101373 read=388207
               ->  Hash  (cost=1.15..1.15 rows=2 width=4) (actual time=0.031..0.032 rows=2 loops=1)
                     Buckets: 1024  Batches: 1  Memory Usage: 9kB
                     Buffers: shared hit=1
                     ->  Seq Scan on role_type rt  (cost=0.00..1.15 rows=2 width=4) (actual time=0.024..0.025 rows=2 loops=1)
                           Filter: ((role)::text = ANY ('{editor,"production designer"}'::text[]))
                           Rows Removed by Filter: 10
                           Buffers: shared hit=1
         ->  Index Scan using name_pkey on name n  (cost=0.43..2.32 rows=1 width=4) (actual time=0.036..0.036 rows=0 loops=120340)
               Index Cond: (id = ci.person_id)
               Filter: ((gender)::text = ANY ('{f,m}'::text[]))
               Rows Removed by Filter: 1
               Buffers: shared hit=458817 read=22543
 Planning:
   Buffers: shared hit=481 read=96
 Planning Time: 10.561 ms
 Execution Time: 61390.892 ms
(75 rows)

