                                                                                            QUERY PLAN                                                                                            
--------------------------------------------------------------------------------------------------------------------------------------------------------------------------------------------------
 Aggregate  (cost=411881.41..411881.42 rows=1 width=8) (actual time=18436.989..18436.999 rows=1 loops=1)
   Buffers: shared hit=1774212 read=133810
   ->  Nested Loop  (cost=62486.33..411881.41 rows=3 width=0) (actual time=612.098..18436.945 rows=38 loops=1)
         Buffers: shared hit=1774212 read=133810
         ->  Seq Scan on info_type it2  (cost=0.00..2.41 rows=1 width=4) (actual time=0.043..0.055 rows=1 loops=1)
               Filter: (id = 2)
               Rows Removed by Filter: 112
               Buffers: shared hit=1
         ->  Nested Loop  (cost=62486.33..411878.96 rows=3 width=4) (actual time=612.053..18436.863 rows=38 loops=1)
               Buffers: shared hit=1774211 read=133810
               ->  Seq Scan on info_type it1  (cost=0.00..2.41 rows=1 width=4) (actual time=0.009..0.023 rows=1 loops=1)
                     Filter: (id = 3)
                     Rows Removed by Filter: 112
                     Buffers: shared hit=1
               ->  Nested Loop  (cost=62486.33..411876.52 rows=3 width=8) (actual time=612.041..18436.811 rows=38 loops=1)
                     Buffers: shared hit=1774210 read=133810
                     ->  Hash Join  (cost=62485.90..411848.69 rows=12 width=12) (actual time=500.603..18392.178 rows=1142 loops=1)
                           Hash Cond: (ci.role_id = rt.id)
                           Buffers: shared hit=1770417 read=133035
                           ->  Nested Loop  (cost=62484.73..411847.26 rows=72 width=16) (actual time=374.599..18298.474 rows=481505 loops=1)
                                 Buffers: shared hit=1770416 read=133035
                                 ->  Nested Loop  (cost=62484.29..411605.53 rows=5 width=20) (actual time=374.566..10167.448 rows=128228 loops=1)
                                       Buffers: shared hit=948183 read=94271
                                       ->  Hash Join  (cost=62483.85..404959.23 rows=146 width=12) (actual time=374.480..818.848 rows=103703 loops=1)
                                             Hash Cond: (mi2.movie_id = t.id)
                                             Buffers: shared hit=1288 read=29642
                                             ->  Bitmap Heap Scan on movie_info mi2  (cost=13862.73..356243.17 rows=24927 width=8) (actual time=39.284..476.032 rows=288414 loops=1)
                                                   Recheck Cond: (info_type_id = 2)
                                                   Filter: ((info)::text = 'Black and White'::text)
                                                   Rows Removed by Filter: 1000514
                                                   Heap Blocks: exact=16526
                                                   Buffers: shared hit=1287 read=16256
                                                   ->  Bitmap Index Scan on info_type_id_movie_info  (cost=0.00..13856.49 rows=1296008 width=0) (actual time=34.914..34.914 rows=1288928 loops=1)
                                                         Index Cond: (info_type_id = 2)
                                                         Buffers: shared read=1017
                                             ->  Hash  (cost=48436.16..48436.16 rows=14797 width=4) (actual time=194.611..194.614 rows=103977 loops=1)
                                                   Buckets: 131072 (originally 16384)  Batches: 1 (originally 1)  Memory Usage: 4680kB
                                                   Buffers: shared hit=1 read=13386
                                                   ->  Nested Loop  (cost=4497.16..48436.16 rows=14797 width=4) (actual time=19.023..179.418 rows=103977 loops=1)
                                                         Buffers: shared hit=1 read=13386
                                                         ->  Seq Scan on kind_type kt  (cost=0.00..1.09 rows=1 width=4) (actual time=0.006..0.010 rows=1 loops=1)
                                                               Filter: ((kind)::text = 'movie'::text)
                                                               Rows Removed by Filter: 6
                                                               Buffers: shared hit=1
                                                         ->  Bitmap Heap Scan on title t  (cost=4497.16..48262.45 rows=17263 width=8) (actual time=19.013..173.021 rows=103977 loops=1)
                                                               Recheck Cond: (kind_id = kt.id)
                                                               Filter: ((production_year <= 1925) AND (1875 < production_year))
                                                               Rows Removed by Filter: 558848
                                                               Heap Blocks: exact=12865
                                                               Buffers: shared read=13386
                                                               ->  Bitmap Index Scan on kind_id_title  (cost=0.00..4492.84 rows=421388 width=0) (actual time=16.797..16.798 rows=662825 loops=1)
                                                                     Index Cond: (kind_id = kt.id)
                                                                     Buffers: shared read=521
                                       ->  Index Scan using movie_id_movie_info on movie_info mi1  (cost=0.43..45.51 rows=1 width=8) (actual time=0.089..0.089 rows=1 loops=103703)
                                             Index Cond: (movie_id = t.id)
                                             Filter: ((info_type_id = 3) AND ((info)::text = ANY ('{Animation,Documentary,Drama,Romance,Short}'::text[])))
                                             Rows Removed by Filter: 10
                                             Buffers: shared hit=946895 read=64629
                                 ->  Index Scan using movie_id_cast_info on cast_info ci  (cost=0.44..47.96 rows=38 width=12) (actual time=0.034..0.062 rows=4 loops=128228)
                                       Index Cond: (movie_id = t.id)
                                       Buffers: shared hit=822233 read=38764
                           ->  Hash  (cost=1.15..1.15 rows=2 width=4) (actual time=0.020..0.020 rows=2 loops=1)
                                 Buckets: 1024  Batches: 1  Memory Usage: 9kB
                                 Buffers: shared hit=1
                                 ->  Seq Scan on role_type rt  (cost=0.00..1.15 rows=2 width=4) (actual time=0.012..0.014 rows=2 loops=1)
                                       Filter: ((role)::text = ANY ('{composer,"costume designer"}'::text[]))
                                       Rows Removed by Filter: 10
                                       Buffers: shared hit=1
                     ->  Index Scan using name_pkey on name n  (cost=0.43..2.32 rows=1 width=4) (actual time=0.038..0.038 rows=0 loops=1142)
                           Index Cond: (id = ci.person_id)
                           Filter: ((gender)::text = 'f'::text)
                           Rows Removed by Filter: 1
                           Buffers: shared hit=3793 read=775
 Planning:
   Buffers: shared hit=481 read=93
 Planning Time: 12.981 ms
 Execution Time: 18437.897 ms
(77 rows)

