                                                                                               QUERY PLAN                                                                                               
--------------------------------------------------------------------------------------------------------------------------------------------------------------------------------------------------------
 Aggregate  (cost=945126.26..945126.27 rows=1 width=8) (actual time=38172.240..38172.251 rows=1 loops=1)
   Buffers: shared hit=3186275 read=716885, temp read=7259 written=7259
   ->  Nested Loop  (cost=479859.42..945123.80 rows=986 width=0) (actual time=1342.170..38162.597 rows=43179 loops=1)
         Buffers: shared hit=3186275 read=716885, temp read=7259 written=7259
         ->  Seq Scan on info_type it2  (cost=0.00..2.41 rows=1 width=4) (actual time=0.046..0.056 rows=1 loops=1)
               Filter: (id = 2)
               Rows Removed by Filter: 112
               Buffers: shared hit=1
         ->  Nested Loop  (cost=479859.42..945111.53 rows=986 width=4) (actual time=1342.122..38153.420 rows=43179 loops=1)
               Buffers: shared hit=3186274 read=716885, temp read=7259 written=7259
               ->  Seq Scan on info_type it1  (cost=0.00..2.41 rows=1 width=4) (actual time=0.012..0.025 rows=1 loops=1)
                     Filter: (id = 3)
                     Rows Removed by Filter: 112
                     Buffers: shared hit=1
               ->  Nested Loop  (cost=479859.42..945099.25 rows=986 width=8) (actual time=1342.107..38143.348 rows=43179 loops=1)
                     Buffers: shared hit=3186273 read=716885, temp read=7259 written=7259
                     ->  Hash Join  (cost=479858.99..939646.06 rows=2351 width=12) (actual time=1341.608..26965.540 rows=321287 loops=1)
                           Hash Cond: (ci.role_id = rt.id)
                           Buffers: shared hit=1978142 read=639868, temp read=7259 written=7259
                           ->  Nested Loop  (cost=479857.83..939544.70 rows=28209 width=16) (actual time=1341.519..26503.791 rows=2273757 loops=1)
                                 Buffers: shared hit=1978141 read=639868, temp read=7259 written=7259
                                 ->  Hash Join  (cost=479857.39..853622.46 rows=1968 width=20) (actual time=1341.463..2488.505 rows=120241 loops=1)
                                       Hash Cond: (mi1.movie_id = t.id)
                                       Buffers: shared hit=2806 read=62104, temp read=7259 written=7259
                                       ->  Bitmap Heap Scan on movie_info mi1  (cost=16475.74..389812.42 rows=108989 width=8) (actual time=42.308..604.945 rows=1060475 loops=1)
                                             Recheck Cond: (info_type_id = 3)
                                             Filter: ((info)::text = ANY ('{Adult,Animation,Comedy,Drama,Family,Fantasy,History,Horror,Romance,Short,Sport}'::text[]))
                                             Rows Removed by Filter: 473434
                                             Heap Blocks: exact=9772
                                             Buffers: shared hit=1 read=10974
                                             ->  Bitmap Index Scan on info_type_id_movie_info  (cost=0.00..16448.47 rows=1538671 width=0) (actual time=41.099..41.099 rows=1533909 loops=1)
                                                   Index Cond: (info_type_id = 3)
                                                   Buffers: shared read=1203
                                       ->  Hash  (cost=462810.85..462810.85 rows=45664 width=12) (actual time=1298.871..1298.876 rows=194384 loops=1)
                                             Buckets: 262144 (originally 65536)  Batches: 2 (originally 1)  Memory Usage: 6222kB
                                             Buffers: shared hit=2805 read=51130, temp read=4384 written=4763
                                             ->  Hash Join  (cost=114705.11..462810.85 rows=45664 width=12) (actual time=639.742..1263.908 rows=194384 loops=1)
                                                   Hash Cond: (mi2.movie_id = t.id)
                                                   Buffers: shared hit=2805 read=51130, temp read=4384 written=4384
                                                   ->  Bitmap Heap Scan on movie_info mi2  (cost=13885.07..356265.51 rows=114308 width=8) (actual time=34.706..372.243 rows=1288928 loops=1)
                                                         Recheck Cond: (info_type_id = 2)
                                                         Filter: ((info)::text = ANY ('{"Black and White",Color}'::text[]))
                                                         Heap Blocks: exact=16526
                                                         Buffers: shared hit=2804 read=14739
                                                         ->  Bitmap Index Scan on info_type_id_movie_info  (cost=0.00..13856.49 rows=1296008 width=0) (actual time=32.503..32.503 rows=1288928 loops=1)
                                                               Index Cond: (info_type_id = 2)
                                                               Buffers: shared hit=1 read=1016
                                                   ->  Hash  (cost=84248.88..84248.88 rows=1010013 width=4) (actual time=601.132..601.136 rows=203545 loops=1)
                                                         Buckets: 262144  Batches: 8  Memory Usage: 2942kB
                                                         Buffers: shared hit=1 read=36391, temp written=519
                                                         ->  Hash Join  (cost=1.13..84248.88 rows=1010013 width=4) (actual time=0.059..571.732 rows=203545 loops=1)
                                                               Hash Cond: (t.kind_id = kt.id)
                                                               Buffers: shared hit=1 read=36391
                                                               ->  Seq Scan on title t  (cost=0.00..74315.95 rows=2356696 width=8) (actual time=0.026..433.125 rows=2352201 loops=1)
                                                                     Filter: ((production_year <= 2015) AND (1925 < production_year))
                                                                     Rows Removed by Filter: 176111
                                                                     Buffers: shared read=36391
                                                               ->  Hash  (cost=1.10..1.10 rows=3 width=4) (actual time=0.014..0.015 rows=3 loops=1)
                                                                     Buckets: 1024  Batches: 1  Memory Usage: 9kB
                                                                     Buffers: shared hit=1
                                                                     ->  Seq Scan on kind_type kt  (cost=0.00..1.10 rows=3 width=4) (actual time=0.007..0.009 rows=3 loops=1)
                                                                           Filter: ((kind)::text = ANY ('{"tv movie","tv series","video game"}'::text[]))
                                                                           Rows Removed by Filter: 4
                                                                           Buffers: shared hit=1
                                 ->  Index Scan using movie_id_cast_info on cast_info ci  (cost=0.44..43.28 rows=38 width=12) (actual time=0.034..0.194 rows=19 loops=120241)
                                       Index Cond: (movie_id = t.id)
                                       Buffers: shared hit=1975335 read=577764
                           ->  Hash  (cost=1.15..1.15 rows=1 width=4) (actual time=0.018..0.019 rows=1 loops=1)
                                 Buckets: 1024  Batches: 1  Memory Usage: 9kB
                                 Buffers: shared hit=1
                                 ->  Seq Scan on role_type rt  (cost=0.00..1.15 rows=1 width=4) (actual time=0.009..0.010 rows=1 loops=1)
                                       Filter: ((role)::text = 'miscellaneous crew'::text)
                                       Rows Removed by Filter: 11
                                       Buffers: shared hit=1
                     ->  Index Scan using name_pkey on name n  (cost=0.43..2.32 rows=1 width=4) (actual time=0.034..0.034 rows=0 loops=321287)
                           Index Cond: (id = ci.person_id)
                           Filter: ((gender)::text = 'm'::text)
                           Rows Removed by Filter: 1
                           Buffers: shared hit=1208131 read=77017
 Planning:
   Buffers: shared hit=484 read=93
 Planning Time: 13.204 ms
 Execution Time: 38173.107 ms
(83 rows)

