                                                                                            QUERY PLAN                                                                                            
--------------------------------------------------------------------------------------------------------------------------------------------------------------------------------------------------
 Aggregate  (cost=623301.52..623301.53 rows=1 width=8) (actual time=1853.684..1853.690 rows=1 loops=1)
   Buffers: shared hit=111532 read=62318
   ->  Nested Loop  (cost=90249.56..623301.30 rows=88 width=0) (actual time=583.986..1853.666 rows=29 loops=1)
         Buffers: shared hit=111532 read=62318
         ->  Seq Scan on info_type it2  (cost=0.00..2.41 rows=1 width=4) (actual time=0.046..0.051 rows=1 loops=1)
               Filter: (id = 2)
               Rows Removed by Filter: 112
               Buffers: shared hit=1
         ->  Nested Loop  (cost=90249.56..623298.00 rows=88 width=4) (actual time=583.939..1853.604 rows=29 loops=1)
               Buffers: shared hit=111531 read=62318
               ->  Seq Scan on info_type it1  (cost=0.00..2.41 rows=1 width=4) (actual time=0.009..0.016 rows=1 loops=1)
                     Filter: (id = 3)
                     Rows Removed by Filter: 112
                     Buffers: shared hit=1
               ->  Nested Loop  (cost=90249.56..623294.71 rows=88 width=8) (actual time=583.926..1853.574 rows=29 loops=1)
                     Buffers: shared hit=111530 read=62318
                     ->  Hash Join  (cost=90249.13..622417.93 rows=378 width=12) (actual time=447.343..1831.179 rows=653 loops=1)
                           Hash Cond: (ci.role_id = rt.id)
                           Buffers: shared hit=109466 read=61770
                           ->  Nested Loop  (cost=90247.96..622408.71 rows=2265 width=16) (actual time=393.728..1827.317 rows=31236 loops=1)
                                 Buffers: shared hit=109465 read=61770
                                 ->  Nested Loop  (cost=90247.52..615169.16 rows=158 width=20) (actual time=393.450..1449.264 rows=4294 loops=1)
                                       Buffers: shared hit=79116 read=49840
                                       ->  Hash Join  (cost=90247.08..433097.58 rows=4140 width=12) (actual time=393.332..859.767 rows=7468 loops=1)
                                             Hash Cond: (mi2.movie_id = t.id)
                                             Buffers: shared hit=19567 read=34368
                                             ->  Bitmap Heap Scan on movie_info mi2  (cost=13885.07..356265.51 rows=114308 width=8) (actual time=39.118..385.772 rows=1288928 loops=1)
                                                   Recheck Cond: (info_type_id = 2)
                                                   Filter: ((info)::text = ANY ('{"Black and White",Color}'::text[]))
                                                   Heap Blocks: exact=16526
                                                   Buffers: shared hit=17543
                                                   ->  Bitmap Index Scan on info_type_id_movie_info  (cost=0.00..13856.49 rows=1296008 width=0) (actual time=36.893..36.893 rows=1288928 loops=1)
                                                         Index Cond: (info_type_id = 2)
                                                         Buffers: shared hit=1017
                                             ->  Hash  (cost=75217.46..75217.46 rows=91564 width=4) (actual time=351.353..351.355 rows=7795 loops=1)
                                                   Buckets: 131072  Batches: 1  Memory Usage: 1299kB
                                                   Buffers: shared hit=2024 read=34368
                                                   ->  Hash Join  (cost=1.13..75217.46 rows=91564 width=4) (actual time=0.120..349.425 rows=7795 loops=1)
                                                         Hash Cond: (t.kind_id = kt.id)
                                                         Buffers: shared hit=2024 read=34368
                                                         ->  Seq Scan on title t  (cost=0.00..74315.95 rows=213650 width=8) (actual time=0.017..336.337 rows=212483 loops=1)
                                                               Filter: ((production_year <= 1970) AND (1950 < production_year))
                                                               Rows Removed by Filter: 2315829
                                                               Buffers: shared hit=2023 read=34368
                                                         ->  Hash  (cost=1.10..1.10 rows=3 width=4) (actual time=0.011..0.012 rows=3 loops=1)
                                                               Buckets: 1024  Batches: 1  Memory Usage: 9kB
                                                               Buffers: shared hit=1
                                                               ->  Seq Scan on kind_type kt  (cost=0.00..1.10 rows=3 width=4) (actual time=0.006..0.007 rows=3 loops=1)
                                                                     Filter: ((kind)::text = ANY ('{"tv series","video game","video movie"}'::text[]))
                                                                     Rows Removed by Filter: 4
                                                                     Buffers: shared hit=1
                                       ->  Index Scan using movie_id_movie_info on movie_info mi1  (cost=0.43..43.97 rows=1 width=8) (actual time=0.077..0.078 rows=1 loops=7468)
                                             Index Cond: (movie_id = t.id)
                                             Filter: ((info_type_id = 3) AND ((info)::text = ANY ('{Action,Adventure,Animation,Comedy,Crime,Documentary,Family,Short}'::text[])))
                                             Rows Removed by Filter: 10
                                             Buffers: shared hit=59549 read=15472
                                 ->  Index Scan using movie_id_cast_info on cast_info ci  (cost=0.44..45.44 rows=38 width=12) (actual time=0.032..0.086 rows=7 loops=4294)
                                       Index Cond: (movie_id = t.id)
                                       Buffers: shared hit=30349 read=11930
                           ->  Hash  (cost=1.15..1.15 rows=2 width=4) (actual time=0.026..0.026 rows=2 loops=1)
                                 Buckets: 1024  Batches: 1  Memory Usage: 9kB
                                 Buffers: shared hit=1
                                 ->  Seq Scan on role_type rt  (cost=0.00..1.15 rows=2 width=4) (actual time=0.012..0.014 rows=2 loops=1)
                                       Filter: ((role)::text = ANY ('{cinematographer,"costume designer"}'::text[]))
                                       Rows Removed by Filter: 10
                                       Buffers: shared hit=1
                     ->  Index Scan using name_pkey on name n  (cost=0.43..2.32 rows=1 width=4) (actual time=0.034..0.034 rows=0 loops=653)
                           Index Cond: (id = ci.person_id)
                           Filter: ((gender)::text = 'f'::text)
                           Rows Removed by Filter: 1
                           Buffers: shared hit=2064 read=548
 Planning:
   Buffers: shared hit=574
 Planning Time: 13.961 ms
 Execution Time: 1854.277 ms
(75 rows)

