                                                                                            QUERY PLAN                                                                                            
--------------------------------------------------------------------------------------------------------------------------------------------------------------------------------------------------
 Aggregate  (cost=591059.18..591059.19 rows=1 width=8) (actual time=23932.389..23932.398 rows=1 loops=1)
   Buffers: shared hit=1868148 read=604833, temp read=2066 written=2066
   ->  Nested Loop  (cost=96914.90..591059.03 rows=60 width=0) (actual time=572.761..23925.986 rows=30839 loops=1)
         Buffers: shared hit=1868148 read=604833, temp read=2066 written=2066
         ->  Seq Scan on info_type it2  (cost=0.00..2.41 rows=1 width=4) (actual time=0.048..0.058 rows=1 loops=1)
               Filter: (id = 2)
               Rows Removed by Filter: 112
               Buffers: shared hit=1
         ->  Nested Loop  (cost=96914.90..591056.02 rows=60 width=4) (actual time=572.711..23919.934 rows=30839 loops=1)
               Buffers: shared hit=1868147 read=604833, temp read=2066 written=2066
               ->  Seq Scan on info_type it1  (cost=0.00..2.41 rows=1 width=4) (actual time=0.009..0.021 rows=1 loops=1)
                     Filter: (id = 3)
                     Rows Removed by Filter: 112
                     Buffers: shared hit=1
               ->  Nested Loop  (cost=96914.90..591053.00 rows=60 width=8) (actual time=572.698..23913.336 rows=30839 loops=1)
                     Buffers: shared hit=1868146 read=604833, temp read=2066 written=2066
                     ->  Hash Join  (cost=96914.47..590718.99 rows=144 width=12) (actual time=571.726..22126.398 rows=51018 loops=1)
                           Hash Cond: (ci.role_id = rt.id)
                           Buffers: shared hit=1692966 read=575941, temp read=2066 written=2066
                           ->  Nested Loop  (cost=96913.31..590711.68 rows=1734 width=16) (actual time=571.622..21891.132 rows=1474383 loops=1)
                                 Buffers: shared hit=1692965 read=575941, temp read=2066 written=2066
                                 ->  Nested Loop  (cost=96912.87..585342.42 rows=121 width=20) (actual time=571.593..7297.779 rows=49189 loops=1)
                                       Buffers: shared hit=449743 read=231687, temp read=2066 written=2066
                                       ->  Hash Join  (cost=96912.43..471523.82 rows=2666 width=12) (actual time=571.536..1156.001 rows=49848 loops=1)
                                             Hash Cond: (mi1.movie_id = t.id)
                                             Buffers: shared hit=4666 read=42701, temp read=2066 written=2066
                                             ->  Bitmap Heap Scan on movie_info mi1  (cost=16455.70..389792.38 rows=28812 width=8) (actual time=44.228..433.124 rows=272608 loops=1)
                                                   Recheck Cond: (info_type_id = 3)
                                                   Filter: ((info)::text = ANY ('{Action,Adventure,Biography,Family,History,Musical,News,Sci-Fi,Sport,Thriller,War,Western}'::text[]))
                                                   Rows Removed by Filter: 1261301
                                                   Heap Blocks: exact=9772
                                                   Buffers: shared hit=850 read=10125
                                                   ->  Bitmap Index Scan on info_type_id_movie_info  (cost=0.00..16448.47 rows=1538671 width=0) (actual time=43.005..43.005 rows=1533909 loops=1)
                                                         Index Cond: (info_type_id = 3)
                                                         Buffers: shared hit=1 read=1202
                                             ->  Hash  (cost=76617.93..76617.93 rows=233984 width=4) (actual time=526.039..526.042 rows=504538 loops=1)
                                                   Buckets: 262144 (originally 262144)  Batches: 4 (originally 2)  Memory Usage: 6483kB
                                                   Buffers: shared hit=3816 read=32576, temp written=1107
                                                   ->  Hash Join  (cost=1.13..76617.93 rows=233984 width=4) (actual time=0.049..443.496 rows=504538 loops=1)
                                                         Hash Cond: (t.kind_id = kt.id)
                                                         Buffers: shared hit=3816 read=32576
                                                         ->  Seq Scan on title t  (cost=0.00..74315.95 rows=545963 width=8) (actual time=0.025..381.750 rows=538239 loops=1)
                                                               Filter: ((production_year <= 1990) AND (1950 < production_year))
                                                               Rows Removed by Filter: 1990073
                                                               Buffers: shared hit=3815 read=32576
                                                         ->  Hash  (cost=1.10..1.10 rows=3 width=4) (actual time=0.015..0.016 rows=3 loops=1)
                                                               Buckets: 1024  Batches: 1  Memory Usage: 9kB
                                                               Buffers: shared hit=1
                                                               ->  Seq Scan on kind_type kt  (cost=0.00..1.10 rows=3 width=4) (actual time=0.010..0.011 rows=3 loops=1)
                                                                     Filter: ((kind)::text = ANY ('{episode,movie,"tv movie"}'::text[]))
                                                                     Rows Removed by Filter: 4
                                                                     Buffers: shared hit=1
                                       ->  Index Scan using movie_id_movie_info on movie_info mi2  (cost=0.43..42.68 rows=1 width=8) (actual time=0.104..0.123 rows=1 loops=49848)
                                             Index Cond: (movie_id = t.id)
                                             Filter: (((info)::text = ANY ('{"Black and White",Color}'::text[])) AND (info_type_id = 2))
                                             Rows Removed by Filter: 24
                                             Buffers: shared hit=445077 read=188986
                                 ->  Index Scan using movie_id_cast_info on cast_info ci  (cost=0.44..43.99 rows=38 width=12) (actual time=0.035..0.289 rows=30 loops=49189)
                                       Index Cond: (movie_id = t.id)
                                       Buffers: shared hit=1243222 read=344254
                           ->  Hash  (cost=1.15..1.15 rows=1 width=4) (actual time=0.018..0.019 rows=1 loops=1)
                                 Buckets: 1024  Batches: 1  Memory Usage: 9kB
                                 Buffers: shared hit=1
                                 ->  Seq Scan on role_type rt  (cost=0.00..1.15 rows=1 width=4) (actual time=0.011..0.012 rows=1 loops=1)
                                       Filter: ((role)::text = 'director'::text)
                                       Rows Removed by Filter: 11
                                       Buffers: shared hit=1
                     ->  Index Scan using name_pkey on name n  (cost=0.43..2.32 rows=1 width=4) (actual time=0.034..0.034 rows=1 loops=51018)
                           Index Cond: (id = ci.person_id)
                           Filter: ((gender)::text = 'm'::text)
                           Rows Removed by Filter: 0
                           Buffers: shared hit=175180 read=28892
 Planning:
   Buffers: shared hit=576 read=1
 Planning Time: 15.274 ms
 Execution Time: 23933.073 ms
(76 rows)

