                                                                                            QUERY PLAN                                                                                            
--------------------------------------------------------------------------------------------------------------------------------------------------------------------------------------------------
 Aggregate  (cost=812454.95..812454.96 rows=1 width=8) (actual time=53213.347..53213.357 rows=1 loops=1)
   Buffers: shared hit=5066973 read=314447, temp read=21181 written=21181
   ->  Nested Loop  (cost=488587.52..812454.54 rows=164 width=0) (actual time=1665.732..53197.088 rows=80097 loops=1)
         Buffers: shared hit=5066973 read=314447, temp read=21181 written=21181
         ->  Seq Scan on info_type it2  (cost=0.00..2.41 rows=1 width=4) (actual time=0.036..0.045 rows=1 loops=1)
               Filter: (id = 2)
               Rows Removed by Filter: 112
               Buffers: shared hit=1
         ->  Nested Loop  (cost=488587.52..812450.48 rows=164 width=4) (actual time=1665.694..53180.882 rows=80097 loops=1)
               Buffers: shared hit=5066972 read=314447, temp read=21181 written=21181
               ->  Seq Scan on info_type it1  (cost=0.00..2.41 rows=1 width=4) (actual time=0.009..0.020 rows=1 loops=1)
                     Filter: (id = 3)
                     Rows Removed by Filter: 112
                     Buffers: shared hit=1
               ->  Nested Loop  (cost=488587.52..812446.43 rows=164 width=8) (actual time=1665.684..53163.620 rows=80097 loops=1)
                     Join Filter: (t.id = mi2.movie_id)
                     Buffers: shared hit=5066971 read=314447, temp read=21181 written=21181
                     ->  Nested Loop  (cost=488587.09..660175.09 rows=3619 width=16) (actual time=1665.517..37531.317 rows=77507 loops=1)
                           Buffers: shared hit=3706680 read=171113, temp read=21181 written=21181
                           ->  Hash Join  (cost=488586.66..624032.33 rows=15582 width=20) (actual time=1662.110..5726.548 rows=947280 loops=1)
                                 Hash Cond: (ci.movie_id = t.id)
                                 Buffers: shared hit=7055 read=81618, temp read=21181 written=21181
                                 ->  Nested Loop  (cost=0.44..123965.00 rows=3020080 width=8) (actual time=0.077..1808.004 rows=4323018 loops=1)
                                       Buffers: shared hit=3577 read=37729
                                       ->  Seq Scan on role_type rt  (cost=0.00..1.15 rows=1 width=4) (actual time=0.006..0.009 rows=1 loops=1)
                                             Filter: ((role)::text = 'miscellaneous crew'::text)
                                             Rows Removed by Filter: 11
                                             Buffers: shared hit=1
                                       ->  Index Scan using role_id_cast_info on cast_info ci  (cost=0.44..91017.52 rows=3294633 width=12) (actual time=0.069..1221.634 rows=4323018 loops=1)
                                             Index Cond: (role_id = rt.id)
                                             Buffers: shared hit=3576 read=37729
                                 ->  Hash  (cost=488423.15..488423.15 rows=13045 width=12) (actual time=1661.862..1661.867 rows=310167 loops=1)
                                       Buckets: 262144 (originally 16384)  Batches: 4 (originally 1)  Memory Usage: 6145kB
                                       Buffers: shared hit=3478 read=43889, temp read=8936 written=9843
                                       ->  Hash Join  (cost=111757.34..488423.15 rows=13045 width=12) (actual time=1013.911..1609.699 rows=310167 loops=1)
                                             Hash Cond: (mi1.movie_id = t.id)
                                             Buffers: shared hit=3478 read=43889, temp read=8936 written=8936
                                             ->  Bitmap Heap Scan on movie_info mi1  (cost=16460.71..389797.40 rows=48981 width=8) (actual time=40.619..344.395 rows=485967 loops=1)
                                                   Recheck Cond: (info_type_id = 3)
                                                   Filter: ((info)::text = ANY ('{Comedy,Drama,Family,Sci-Fi}'::text[]))
                                                   Rows Removed by Filter: 1047942
                                                   Heap Blocks: exact=9772
                                                   Buffers: shared hit=3477 read=7498
                                                   ->  Bitmap Index Scan on info_type_id_movie_info  (cost=0.00..16448.47 rows=1538671 width=0) (actual time=39.437..39.437 rows=1533909 loops=1)
                                                         Index Cond: (info_type_id = 3)
                                                         Buffers: shared read=1203
                                             ->  Hash  (cost=84248.85..84248.85 rows=673342 width=4) (actual time=971.546..971.549 rows=2030736 loops=1)
                                                   Buckets: 262144 (originally 262144)  Batches: 16 (originally 8)  Memory Usage: 6511kB
                                                   Buffers: shared hit=1 read=36391, temp written=5570
                                                   ->  Hash Join  (cost=1.11..84248.85 rows=673342 width=4) (actual time=0.045..701.962 rows=2030736 loops=1)
                                                         Hash Cond: (t.kind_id = kt.id)
                                                         Buffers: shared hit=1 read=36391
                                                         ->  Seq Scan on title t  (cost=0.00..74315.95 rows=2356696 width=8) (actual time=0.024..442.855 rows=2352201 loops=1)
                                                               Filter: ((production_year <= 2015) AND (1925 < production_year))
                                                               Rows Removed by Filter: 176111
                                                               Buffers: shared read=36391
                                                         ->  Hash  (cost=1.09..1.09 rows=2 width=4) (actual time=0.013..0.014 rows=2 loops=1)
                                                               Buckets: 1024  Batches: 1  Memory Usage: 9kB
                                                               Buffers: shared hit=1
                                                               ->  Seq Scan on kind_type kt  (cost=0.00..1.09 rows=2 width=4) (actual time=0.007..0.008 rows=2 loops=1)
                                                                     Filter: ((kind)::text = ANY ('{episode,movie}'::text[]))
                                                                     Rows Removed by Filter: 5
                                                                     Buffers: shared hit=1
                           ->  Index Scan using name_pkey on name n  (cost=0.43..2.32 rows=1 width=4) (actual time=0.033..0.033 rows=0 loops=947280)
                                 Index Cond: (id = ci.person_id)
                                 Filter: ((gender)::text = 'f'::text)
                                 Rows Removed by Filter: 1
                                 Buffers: shared hit=3699625 read=89495
                     ->  Index Scan using movie_id_movie_info on movie_info mi2  (cost=0.43..42.06 rows=1 width=8) (actual time=0.182..0.201 rows=1 loops=77507)
                           Index Cond: (movie_id = ci.movie_id)
                           Filter: (((info)::text = ANY ('{"Black and White",Color}'::text[])) AND (info_type_id = 2))
                           Rows Removed by Filter: 94
                           Buffers: shared hit=1360291 read=143334
 Planning:
   Buffers: shared hit=482 read=92
 Planning Time: 12.560 ms
 Execution Time: 53214.552 ms
(77 rows)

