                                                                                            QUERY PLAN                                                                                            
--------------------------------------------------------------------------------------------------------------------------------------------------------------------------------------------------
 Aggregate  (cost=464306.70..464306.71 rows=1 width=8) (actual time=17434.251..17434.260 rows=1 loops=1)
   Buffers: shared hit=1594613 read=219174
   ->  Nested Loop  (cost=88624.13..464306.67 rows=13 width=0) (actual time=644.701..17433.824 rows=890 loops=1)
         Buffers: shared hit=1594613 read=219174
         ->  Seq Scan on info_type it2  (cost=0.00..2.41 rows=1 width=4) (actual time=0.052..0.062 rows=1 loops=1)
               Filter: (id = 2)
               Rows Removed by Filter: 112
               Buffers: shared hit=1
         ->  Nested Loop  (cost=88624.13..464304.13 rows=13 width=4) (actual time=644.647..17433.492 rows=890 loops=1)
               Buffers: shared hit=1594612 read=219174
               ->  Seq Scan on info_type it1  (cost=0.00..2.41 rows=1 width=4) (actual time=0.010..0.023 rows=1 loops=1)
                     Filter: (id = 3)
                     Rows Removed by Filter: 112
                     Buffers: shared hit=1
               ->  Nested Loop  (cost=88624.13..464301.58 rows=13 width=8) (actual time=644.633..17433.172 rows=890 loops=1)
                     Buffers: shared hit=1594611 read=219174
                     ->  Hash Join  (cost=88623.70..464229.68 rows=31 width=12) (actual time=638.531..17251.220 rows=5160 loops=1)
                           Hash Cond: (ci.role_id = rt.id)
                           Buffers: shared hit=1574707 read=218438
                           ->  Nested Loop  (cost=88622.53..464227.19 rows=373 width=16) (actual time=610.173..17085.751 rows=1056937 loops=1)
                                 Join Filter: (t.id = ci.movie_id)
                                 Buffers: shared hit=1574706 read=218438
                                 ->  Nested Loop  (cost=88622.09..462979.73 rows=26 width=20) (actual time=610.138..6258.790 rows=51135 loops=1)
                                       Join Filter: (t.id = mi1.movie_id)
                                       Buffers: shared hit=483375 read=117059
                                       ->  Hash Join  (cost=88621.66..431437.71 rows=696 width=12) (actual time=478.696..1239.974 rows=47319 loops=1)
                                             Hash Cond: (mi2.movie_id = t.id)
                                             Buffers: shared hit=4552 read=49383
                                             ->  Bitmap Heap Scan on movie_info mi2  (cost=13885.07..356265.51 rows=114308 width=8) (actual time=38.592..559.030 rows=1288928 loops=1)
                                                   Recheck Cond: (info_type_id = 2)
                                                   Filter: ((info)::text = ANY ('{"Black and White",Color}'::text[]))
                                                   Heap Blocks: exact=16526
                                                   Buffers: shared hit=4551 read=12992
                                                   ->  Bitmap Index Scan on info_type_id_movie_info  (cost=0.00..13856.49 rows=1296008 width=0) (actual time=36.382..36.382 rows=1288928 loops=1)
                                                         Index Cond: (info_type_id = 2)
                                                         Buffers: shared read=1017
                                             ->  Hash  (cost=74544.15..74544.15 rows=15395 width=4) (actual time=366.562..366.565 rows=50824 loops=1)
                                                   Buckets: 65536 (originally 16384)  Batches: 1 (originally 1)  Memory Usage: 2299kB
                                                   Buffers: shared hit=1 read=36391
                                                   ->  Hash Join  (cost=1.11..74544.15 rows=15395 width=4) (actual time=0.523..358.360 rows=50824 loops=1)
                                                         Hash Cond: (t.kind_id = kt.id)
                                                         Buffers: shared hit=1 read=36391
                                                         ->  Seq Scan on title t  (cost=0.00..74315.95 rows=53884 width=8) (actual time=0.367..351.541 rows=51669 loops=1)
                                                               Filter: ((production_year <= 1949) AND (1928 < production_year))
                                                               Rows Removed by Filter: 2476643
                                                               Buffers: shared read=36391
                                                         ->  Hash  (cost=1.09..1.09 rows=2 width=4) (actual time=0.013..0.014 rows=2 loops=1)
                                                               Buckets: 1024  Batches: 1  Memory Usage: 9kB
                                                               Buffers: shared hit=1
                                                               ->  Seq Scan on kind_type kt  (cost=0.00..1.09 rows=2 width=4) (actual time=0.007..0.008 rows=2 loops=1)
                                                                     Filter: ((kind)::text = ANY ('{episode,movie}'::text[]))
                                                                     Rows Removed by Filter: 5
                                                                     Buffers: shared hit=1
                                       ->  Index Scan using movie_id_movie_info on movie_info mi1  (cost=0.43..45.31 rows=1 width=8) (actual time=0.105..0.105 rows=1 loops=47319)
                                             Index Cond: (movie_id = mi2.movie_id)
                                             Filter: ((info_type_id = 3) AND ((info)::text = ANY ('{Animation,Comedy,Crime,Drama,Romance,Short,Western}'::text[])))
                                             Rows Removed by Filter: 14
                                             Buffers: shared hit=478823 read=67676
                                 ->  Index Scan using movie_id_cast_info on cast_info ci  (cost=0.44..47.50 rows=38 width=12) (actual time=0.036..0.205 rows=21 loops=51135)
                                       Index Cond: (movie_id = mi2.movie_id)
                                       Buffers: shared hit=1091331 read=101379
                           ->  Hash  (cost=1.15..1.15 rows=1 width=4) (actual time=0.034..0.035 rows=1 loops=1)
                                 Buckets: 1024  Batches: 1  Memory Usage: 9kB
                                 Buffers: shared hit=1
                                 ->  Seq Scan on role_type rt  (cost=0.00..1.15 rows=1 width=4) (actual time=0.025..0.026 rows=1 loops=1)
                                       Filter: ((role)::text = 'production designer'::text)
                                       Rows Removed by Filter: 11
                                       Buffers: shared hit=1
                     ->  Index Scan using name_pkey on name n  (cost=0.43..2.32 rows=1 width=4) (actual time=0.035..0.035 rows=0 loops=5160)
                           Index Cond: (id = ci.person_id)
                           Filter: ((gender)::text = 'm'::text)
                           Rows Removed by Filter: 1
                           Buffers: shared hit=19904 read=736
 Planning:
   Buffers: shared hit=480 read=94
 Planning Time: 14.408 ms
 Execution Time: 17434.990 ms
(77 rows)

