                                                                                               QUERY PLAN                                                                                               
--------------------------------------------------------------------------------------------------------------------------------------------------------------------------------------------------------
 Aggregate  (cost=947720.10..947720.11 rows=1 width=8) (actual time=21246.095..21246.105 rows=1 loops=1)
   Buffers: shared hit=1634221 read=484832, temp read=4215 written=4215
   ->  Nested Loop  (cost=471655.01..947719.25 rows=340 width=0) (actual time=1268.545..21243.047 rows=10328 loops=1)
         Buffers: shared hit=1634221 read=484832, temp read=4215 written=4215
         ->  Seq Scan on info_type it2  (cost=0.00..2.41 rows=1 width=4) (actual time=0.043..0.051 rows=1 loops=1)
               Filter: (id = 2)
               Rows Removed by Filter: 112
               Buffers: shared hit=1
         ->  Nested Loop  (cost=471655.01..947713.44 rows=340 width=4) (actual time=1268.501..21240.689 rows=10328 loops=1)
               Buffers: shared hit=1634220 read=484832, temp read=4215 written=4215
               ->  Seq Scan on info_type it1  (cost=0.00..2.41 rows=1 width=4) (actual time=0.008..0.018 rows=1 loops=1)
                     Filter: (id = 3)
                     Rows Removed by Filter: 112
                     Buffers: shared hit=1
               ->  Nested Loop  (cost=471655.01..947707.63 rows=340 width=8) (actual time=1268.490..21238.145 rows=10328 loops=1)
                     Buffers: shared hit=1634219 read=484832, temp read=4215 written=4215
                     ->  Hash Join  (cost=471654.58..944314.17 rows=1463 width=12) (actual time=1268.319..15287.914 rows=171043 loops=1)
                           Hash Cond: (ci.role_id = rt.id)
                           Buffers: shared hit=1007999 read=426880, temp read=4215 written=4215
                           ->  Nested Loop  (cost=471653.42..944250.64 rows=17559 width=16) (actual time=1268.165..15069.655 rows=1178612 loops=1)
                                 Buffers: shared hit=1007998 read=426880, temp read=4215 written=4215
                                 ->  Hash Join  (cost=471652.98..890674.59 rows=1225 width=20) (actual time=1268.110..2285.901 rows=76370 loops=1)
                                       Hash Cond: (mi1.movie_id = t.id)
                                       Buffers: shared hit=2458 read=62452, temp read=4215 written=4215
                                       ->  Bitmap Heap Scan on movie_info mi1  (cost=16471.40..435136.73 rows=91744 width=8) (actual time=43.025..819.699 rows=865265 loops=1)
                                             Recheck Cond: (info_type_id = 3)
                                             Filter: ((info)::text = ANY ('{Adult,Comedy,Documentary,Reality-TV,Romance,Short,Thriller}'::text[]))
                                             Rows Removed by Filter: 668644
                                             Heap Blocks: exact=9772
                                             Buffers: shared hit=1 read=10974
                                             ->  Bitmap Index Scan on info_type_id_movie_info  (cost=0.00..16448.47 rows=1538671 width=0) (actual time=41.832..41.832 rows=1533909 loops=1)
                                                   Index Cond: (info_type_id = 3)
                                                   Buffers: shared read=1203
                                       ->  Hash  (cost=454759.47..454759.47 rows=33768 width=12) (actual time=1224.814..1224.818 rows=135832 loops=1)
                                             Buckets: 262144 (originally 65536)  Batches: 1 (originally 1)  Memory Usage: 7885kB
                                             Buffers: shared hit=2457 read=51478, temp read=4215 written=4215
                                             ->  Hash Join  (cost=107800.70..454759.47 rows=33768 width=12) (actual time=580.425..1200.574 rows=135832 loops=1)
                                                   Hash Cond: (mi2.movie_id = t.id)
                                                   Buffers: shared hit=2457 read=51478, temp read=4215 written=4215
                                                   ->  Bitmap Heap Scan on movie_info mi2  (cost=13885.07..356265.51 rows=114308 width=8) (actual time=34.990..372.896 rows=1288928 loops=1)
                                                         Recheck Cond: (info_type_id = 2)
                                                         Filter: ((info)::text = ANY ('{"Black and White",Color}'::text[]))
                                                         Heap Blocks: exact=16526
                                                         Buffers: shared hit=2455 read=15088
                                                         ->  Bitmap Index Scan on info_type_id_movie_info  (cost=0.00..13856.49 rows=1296008 width=0) (actual time=32.788..32.788 rows=1288928 loops=1)
                                                               Index Cond: (info_type_id = 2)
                                                               Buffers: shared hit=1 read=1016
                                                   ->  Hash  (cost=81661.50..81661.50 rows=746890 width=4) (actual time=542.377..542.381 rows=138444 loops=1)
                                                         Buckets: 262144  Batches: 8  Memory Usage: 2656kB
                                                         Buffers: shared hit=2 read=36390, temp written=350
                                                         ->  Hash Join  (cost=1.13..81661.50 rows=746890 width=4) (actual time=0.058..521.531 rows=138444 loops=1)
                                                               Hash Cond: (t.kind_id = kt.id)
                                                               Buffers: shared hit=2 read=36390
                                                               ->  Seq Scan on title t  (cost=0.00..74315.95 rows=1742744 width=8) (actual time=0.029..418.427 rows=1748995 loops=1)
                                                                     Filter: ((production_year <= 2015) AND (1990 < production_year))
                                                                     Rows Removed by Filter: 779317
                                                                     Buffers: shared hit=1 read=36390
                                                               ->  Hash  (cost=1.10..1.10 rows=3 width=4) (actual time=0.013..0.014 rows=3 loops=1)
                                                                     Buckets: 1024  Batches: 1  Memory Usage: 9kB
                                                                     Buffers: shared hit=1
                                                                     ->  Seq Scan on kind_type kt  (cost=0.00..1.10 rows=3 width=4) (actual time=0.007..0.009 rows=3 loops=1)
                                                                           Filter: ((kind)::text = ANY ('{"tv movie","tv series","video game"}'::text[]))
                                                                           Rows Removed by Filter: 4
                                                                           Buffers: shared hit=1
                                 ->  Index Scan using movie_id_cast_info on cast_info ci  (cost=0.44..43.36 rows=38 width=12) (actual time=0.033..0.163 rows=15 loops=76370)
                                       Index Cond: (movie_id = t.id)
                                       Buffers: shared hit=1005540 read=364428
                           ->  Hash  (cost=1.15..1.15 rows=1 width=4) (actual time=0.019..0.019 rows=1 loops=1)
                                 Buckets: 1024  Batches: 1  Memory Usage: 9kB
                                 Buffers: shared hit=1
                                 ->  Seq Scan on role_type rt  (cost=0.00..1.15 rows=1 width=4) (actual time=0.010..0.011 rows=1 loops=1)
                                       Filter: ((role)::text = 'miscellaneous crew'::text)
                                       Rows Removed by Filter: 11
                                       Buffers: shared hit=1
                     ->  Index Scan using name_pkey on name n  (cost=0.43..2.32 rows=1 width=4) (actual time=0.034..0.034 rows=0 loops=171043)
                           Index Cond: (id = ci.person_id)
                           Filter: ((gender)::text = 'f'::text)
                           Rows Removed by Filter: 1
                           Buffers: shared hit=626220 read=57952
 Planning:
   Buffers: shared hit=502 read=72
 Planning Time: 13.821 ms
 Execution Time: 21247.095 ms
(83 rows)

