                                                                                            QUERY PLAN                                                                                            
--------------------------------------------------------------------------------------------------------------------------------------------------------------------------------------------------
 Aggregate  (cost=669029.87..669029.88 rows=1 width=8) (actual time=5098.299..5098.308 rows=1 loops=1)
   Buffers: shared hit=337367 read=160333, temp read=658 written=658
   ->  Nested Loop  (cost=99564.89..669029.64 rows=92 width=0) (actual time=512.160..5098.111 rows=460 loops=1)
         Buffers: shared hit=337367 read=160333, temp read=658 written=658
         ->  Seq Scan on info_type it2  (cost=0.00..2.41 rows=1 width=4) (actual time=0.042..0.052 rows=1 loops=1)
               Filter: (id = 2)
               Rows Removed by Filter: 112
               Buffers: shared read=1
         ->  Nested Loop  (cost=99564.89..669026.31 rows=92 width=4) (actual time=512.116..5097.928 rows=460 loops=1)
               Buffers: shared hit=337367 read=160332, temp read=658 written=658
               ->  Seq Scan on info_type it1  (cost=0.00..2.41 rows=1 width=4) (actual time=0.010..0.022 rows=1 loops=1)
                     Filter: (id = 3)
                     Rows Removed by Filter: 112
                     Buffers: shared hit=1
               ->  Nested Loop  (cost=99564.89..669022.98 rows=92 width=8) (actual time=512.102..5097.771 rows=460 loops=1)
                     Buffers: shared hit=337366 read=160332, temp read=658 written=658
                     ->  Hash Join  (cost=99564.46..668104.45 rows=396 width=12) (actual time=511.001..4724.676 rows=10878 loops=1)
                           Hash Cond: (ci.role_id = rt.id)
                           Buffers: shared hit=300114 read=154072, temp read=658 written=658
                           ->  Nested Loop  (cost=99563.28..668094.83 rows=2379 width=16) (actual time=510.528..4690.534 rows=252178 loops=1)
                                 Buffers: shared hit=300113 read=154072, temp read=658 written=658
                                 ->  Nested Loop  (cost=99562.84..660797.73 rows=166 width=20) (actual time=510.498..2198.508 rows=13041 loops=1)
                                       Buffers: shared hit=107812 read=74204, temp read=658 written=658
                                       ->  Hash Join  (cost=99562.41..504638.78 rows=3682 width=12) (actual time=510.420..1017.027 rows=12768 loops=1)
                                             Hash Cond: (mi1.movie_id = t.id)
                                             Buffers: shared hit=5840 read=41527, temp read=658 written=658
                                             ->  Bitmap Heap Scan on movie_info mi1  (cost=16456.72..420012.50 rows=33006 width=8) (actual time=42.995..449.701 rows=349495 loops=1)
                                                   Recheck Cond: (info_type_id = 3)
                                                   Filter: ((info)::text = ANY ('{Drama,Fantasy,Game-Show,Horror,Talk-Show,Thriller}'::text[]))
                                                   Rows Removed by Filter: 1184414
                                                   Heap Blocks: exact=9772
                                                   Buffers: shared hit=15 read=10960
                                                   ->  Bitmap Index Scan on info_type_id_movie_info  (cost=0.00..16448.47 rows=1538671 width=0) (actual time=41.808..41.808 rows=1533909 loops=1)
                                                         Index Cond: (info_type_id = 3)
                                                         Buffers: shared read=1203
                                             ->  Hash  (cost=78477.72..78477.72 rows=282078 width=4) (actual time=466.276..466.280 rows=40361 loops=1)
                                                   Buckets: 262144  Batches: 2  Memory Usage: 2752kB
                                                   Buffers: shared hit=5825 read=30567, temp written=59
                                                   ->  Hash Join  (cost=1.11..78477.72 rows=282078 width=4) (actual time=0.048..458.204 rows=40361 loops=1)
                                                         Hash Cond: (t.kind_id = kt.id)
                                                         Buffers: shared hit=5825 read=30567
                                                         ->  Seq Scan on title t  (cost=0.00..74315.95 rows=987274 width=8) (actual time=0.024..401.444 rows=989787 loops=1)
                                                               Filter: ((production_year <= 2010) AND (2000 < production_year))
                                                               Rows Removed by Filter: 1538525
                                                               Buffers: shared hit=5824 read=30567
                                                         ->  Hash  (cost=1.09..1.09 rows=2 width=4) (actual time=0.015..0.016 rows=2 loops=1)
                                                               Buckets: 1024  Batches: 1  Memory Usage: 9kB
                                                               Buffers: shared hit=1
                                                               ->  Seq Scan on kind_type kt  (cost=0.00..1.09 rows=2 width=4) (actual time=0.010..0.011 rows=2 loops=1)
                                                                     Filter: ((kind)::text = ANY ('{"tv series","video game"}'::text[]))
                                                                     Rows Removed by Filter: 5
                                                                     Buffers: shared hit=1
                                       ->  Index Scan using movie_id_movie_info on movie_info mi2  (cost=0.43..42.40 rows=1 width=8) (actual time=0.072..0.092 rows=1 loops=12768)
                                             Index Cond: (movie_id = t.id)
                                             Filter: (((info)::text = ANY ('{"Black and White",Color}'::text[])) AND (info_type_id = 2))
                                             Rows Removed by Filter: 12
                                             Buffers: shared hit=101972 read=32677
                                 ->  Index Scan using movie_id_cast_info on cast_info ci  (cost=0.44..43.58 rows=38 width=12) (actual time=0.035..0.187 rows=19 loops=13041)
                                       Index Cond: (movie_id = t.id)
                                       Buffers: shared hit=192301 read=79868
                           ->  Hash  (cost=1.15..1.15 rows=2 width=4) (actual time=0.022..0.023 rows=2 loops=1)
                                 Buckets: 1024  Batches: 1  Memory Usage: 9kB
                                 Buffers: shared hit=1
                                 ->  Seq Scan on role_type rt  (cost=0.00..1.15 rows=2 width=4) (actual time=0.012..0.014 rows=2 loops=1)
                                       Filter: ((role)::text = ANY ('{director,"production designer"}'::text[]))
                                       Rows Removed by Filter: 10
                                       Buffers: shared hit=1
                     ->  Index Scan using name_pkey on name n  (cost=0.43..2.32 rows=1 width=4) (actual time=0.034..0.034 rows=0 loops=10878)
                           Index Cond: (id = ci.person_id)
                           Filter: ((gender)::text = 'f'::text)
                           Rows Removed by Filter: 1
                           Buffers: shared hit=37252 read=6260
 Planning:
   Buffers: shared hit=486 read=88
 Planning Time: 14.296 ms
 Execution Time: 5098.946 ms
(76 rows)

