                                                                                            QUERY PLAN                                                                                            
--------------------------------------------------------------------------------------------------------------------------------------------------------------------------------------------------
 Aggregate  (cost=796300.95..796300.96 rows=1 width=8) (actual time=7759.359..7759.367 rows=1 loops=1)
   Buffers: shared hit=574903 read=202944, temp read=932 written=932
   ->  Nested Loop  (cost=106290.19..796299.89 rows=425 width=0) (actual time=561.392..7758.704 rows=1996 loops=1)
         Buffers: shared hit=574903 read=202944, temp read=932 written=932
         ->  Hash Join  (cost=106289.76..794787.57 rows=652 width=4) (actual time=560.100..7425.655 rows=9682 loops=1)
               Hash Cond: (ci.role_id = rt.id)
               Buffers: shared hit=542600 read=196519, temp read=932 written=932
               ->  Nested Loop  (cost=106288.58..794772.49 rows=3913 width=8) (actual time=559.789..7370.454 rows=379033 loops=1)
                     Buffers: shared hit=542599 read=196519, temp read=932 written=932
                     ->  Nested Loop  (cost=106288.14..782832.69 rows=273 width=12) (actual time=559.763..3308.851 rows=26641 loops=1)
                           Buffers: shared hit=236233 read=70646, temp read=932 written=932
                           ->  Seq Scan on info_type it2  (cost=0.00..2.41 rows=1 width=4) (actual time=0.022..0.031 rows=1 loops=1)
                                 Filter: (id = 2)
                                 Rows Removed by Filter: 112
                                 Buffers: shared hit=1
                           ->  Nested Loop  (cost=106288.14..782827.54 rows=273 width=16) (actual time=559.739..3303.198 rows=26641 loops=1)
                                 Buffers: shared hit=236232 read=70646, temp read=932 written=932
                                 ->  Seq Scan on info_type it1  (cost=0.00..2.41 rows=1 width=4) (actual time=0.008..0.020 rows=1 loops=1)
                                       Filter: (id = 3)
                                       Rows Removed by Filter: 112
                                       Buffers: shared hit=1
                                 ->  Nested Loop  (cost=106288.14..782822.40 rows=273 width=20) (actual time=559.727..3297.489 rows=26641 loops=1)
                                       Buffers: shared hit=236231 read=70646, temp read=932 written=932
                                       ->  Hash Join  (cost=106287.71..527314.61 rows=6046 width=12) (actual time=559.666..1066.927 rows=26301 loops=1)
                                             Hash Cond: (mi1.movie_id = t.id)
                                             Buffers: shared hit=13673 read=33694, temp read=932 written=932
                                             ->  Bitmap Heap Scan on movie_info mi1  (cost=16456.14..435121.47 rows=30698 width=8) (actual time=42.514..437.676 rows=298528 loops=1)
                                                   Recheck Cond: (info_type_id = 3)
                                                   Filter: ((info)::text = ANY ('{Action,Documentary,History,News,Romance,Talk-Show,Western}'::text[]))
                                                   Rows Removed by Filter: 1235381
                                                   Heap Blocks: exact=9772
                                                   Buffers: shared hit=958 read=10017
                                                   ->  Bitmap Index Scan on info_type_id_movie_info  (cost=0.00..16448.47 rows=1538671 width=0) (actual time=41.327..41.328 rows=1533909 loops=1)
                                                         Index Cond: (info_type_id = 3)
                                                         Buffers: shared hit=1 read=1202
                                             ->  Hash  (cost=81661.48..81661.48 rows=497927 width=4) (actual time=516.152..516.154 rows=74675 loops=1)
                                                   Buckets: 262144  Batches: 4  Memory Usage: 2705kB
                                                   Buffers: shared hit=12715 read=23677, temp written=162
                                                   ->  Hash Join  (cost=1.11..81661.48 rows=497927 width=4) (actual time=0.042..503.648 rows=74675 loops=1)
                                                         Hash Cond: (t.kind_id = kt.id)
                                                         Buffers: shared hit=12715 read=23677
                                                         ->  Seq Scan on title t  (cost=0.00..74315.95 rows=1742744 width=8) (actual time=0.021..406.577 rows=1748995 loops=1)
                                                               Filter: ((production_year <= 2015) AND (1990 < production_year))
                                                               Rows Removed by Filter: 779317
                                                               Buffers: shared hit=12714 read=23677
                                                         ->  Hash  (cost=1.09..1.09 rows=2 width=4) (actual time=0.011..0.012 rows=2 loops=1)
                                                               Buckets: 1024  Batches: 1  Memory Usage: 9kB
                                                               Buffers: shared hit=1
                                                               ->  Seq Scan on kind_type kt  (cost=0.00..1.09 rows=2 width=4) (actual time=0.007..0.008 rows=2 loops=1)
                                                                     Filter: ((kind)::text = ANY ('{"tv series","video game"}'::text[]))
                                                                     Rows Removed by Filter: 5
                                                                     Buffers: shared hit=1
                                       ->  Index Scan using movie_id_movie_info on movie_info mi2  (cost=0.43..42.25 rows=1 width=8) (actual time=0.064..0.084 rows=1 loops=26301)
                                             Index Cond: (movie_id = t.id)
                                             Filter: (((info)::text = ANY ('{"Black and White",Color}'::text[])) AND (info_type_id = 2))
                                             Rows Removed by Filter: 9
                                             Buffers: shared hit=222558 read=36952
                     ->  Index Scan using movie_id_cast_info on cast_info ci  (cost=0.44..43.36 rows=38 width=12) (actual time=0.033..0.149 rows=14 loops=26641)
                           Index Cond: (movie_id = t.id)
                           Buffers: shared hit=306366 read=125873
               ->  Hash  (cost=1.15..1.15 rows=2 width=4) (actual time=0.034..0.034 rows=2 loops=1)
                     Buckets: 1024  Batches: 1  Memory Usage: 9kB
                     Buffers: shared hit=1
                     ->  Seq Scan on role_type rt  (cost=0.00..1.15 rows=2 width=4) (actual time=0.025..0.027 rows=2 loops=1)
                           Filter: ((role)::text = ANY ('{cinematographer,"production designer"}'::text[]))
                           Rows Removed by Filter: 10
                           Buffers: shared hit=1
         ->  Index Scan using name_pkey on name n  (cost=0.43..2.32 rows=1 width=4) (actual time=0.034..0.034 rows=0 loops=9682)
               Index Cond: (id = ci.person_id)
               Filter: ((gender)::text = ANY ('{f,m}'::text[]))
               Rows Removed by Filter: 1
               Buffers: shared hit=32303 read=6425
 Planning:
   Buffers: shared hit=574
 Planning Time: 13.711 ms
 Execution Time: 7759.949 ms
(76 rows)

