                                                                                               QUERY PLAN                                                                                               
--------------------------------------------------------------------------------------------------------------------------------------------------------------------------------------------------------
 Aggregate  (cost=934782.06..934782.07 rows=1 width=8) (actual time=10936.323..10936.333 rows=1 loops=1)
   Buffers: shared hit=793918 read=258763, temp read=4151 written=4151
   ->  Nested Loop  (cost=472670.51..934780.90 rows=465 width=0) (actual time=1327.729..10935.606 rows=1538 loops=1)
         Buffers: shared hit=793918 read=258763, temp read=4151 written=4151
         ->  Seq Scan on info_type it2  (cost=0.00..2.41 rows=1 width=4) (actual time=0.038..0.049 rows=1 loops=1)
               Filter: (id = 2)
               Rows Removed by Filter: 112
               Buffers: shared hit=1
         ->  Nested Loop  (cost=472670.51..934773.84 rows=465 width=4) (actual time=1327.688..10935.170 rows=1538 loops=1)
               Buffers: shared hit=793917 read=258763, temp read=4151 written=4151
               ->  Seq Scan on info_type it1  (cost=0.00..2.41 rows=1 width=4) (actual time=0.009..0.021 rows=1 loops=1)
                     Filter: (id = 3)
                     Rows Removed by Filter: 112
                     Buffers: shared hit=1
               ->  Nested Loop  (cost=472670.51..934766.78 rows=465 width=8) (actual time=1327.676..10934.712 rows=1538 loops=1)
                     Buffers: shared hit=793916 read=258763, temp read=4151 written=4151
                     ->  Hash Join  (cost=472670.08..932196.75 rows=1108 width=12) (actual time=1306.611..10728.995 rows=6039 loops=1)
                           Hash Cond: (ci.role_id = rt.id)
                           Buffers: shared hit=772681 read=255842, temp read=4151 written=4151
                           ->  Nested Loop  (cost=472668.92..932148.34 rows=13302 width=16) (actual time=1303.774..10609.175 rows=874369 loops=1)
                                 Buffers: shared hit=772680 read=255842, temp read=4151 written=4151
                                 ->  Hash Join  (cost=472668.48..891632.17 rows=928 width=20) (actual time=1303.715..2162.706 rows=43005 loops=1)
                                       Hash Cond: (mi1.movie_id = t.id)
                                       Buffers: shared hit=4388 read=60522, temp read=4151 written=4151
                                       ->  Bitmap Heap Scan on movie_info mi1  (cost=16467.74..435133.07 rows=77087 width=8) (actual time=42.013..731.007 rows=721492 loops=1)
                                             Recheck Cond: (info_type_id = 3)
                                             Filter: ((info)::text = ANY ('{Adult,Adventure,Documentary,Mystery,Romance,Short,Thriller}'::text[]))
                                             Rows Removed by Filter: 812417
                                             Heap Blocks: exact=9772
                                             Buffers: shared hit=977 read=9998
                                             ->  Bitmap Index Scan on info_type_id_movie_info  (cost=0.00..16448.47 rows=1538671 width=0) (actual time=40.827..40.827 rows=1533909 loops=1)
                                                   Index Cond: (info_type_id = 3)
                                                   Buffers: shared read=1203
                                       ->  Hash  (cost=455820.22..455820.22 rows=30442 width=12) (actual time=1226.929..1226.934 rows=106392 loops=1)
                                             Buckets: 131072 (originally 32768)  Batches: 1 (originally 1)  Memory Usage: 5596kB
                                             Buffers: shared hit=3411 read=50524, temp read=4151 written=4151
                                             ->  Hash Join  (cost=109181.70..455820.22 rows=30442 width=12) (actual time=825.048..1208.986 rows=106392 loops=1)
                                                   Hash Cond: (mi2.movie_id = t.id)
                                                   Buffers: shared hit=3411 read=50524, temp read=4151 written=4151
                                                   ->  Bitmap Heap Scan on movie_info mi2  (cost=13885.07..356265.51 rows=114308 width=8) (actual time=34.643..367.545 rows=1288928 loops=1)
                                                         Recheck Cond: (info_type_id = 2)
                                                         Filter: ((info)::text = ANY ('{"Black and White",Color}'::text[]))
                                                         Heap Blocks: exact=16526
                                                         Buffers: shared hit=3410 read=14133
                                                         ->  Bitmap Index Scan on info_type_id_movie_info  (cost=0.00..13856.49 rows=1296008 width=0) (actual time=32.456..32.456 rows=1288928 loops=1)
                                                               Index Cond: (info_type_id = 2)
                                                               Buffers: shared hit=1 read=1016
                                                   ->  Hash  (cost=84248.85..84248.85 rows=673342 width=4) (actual time=568.864..568.867 rows=112892 loops=1)
                                                         Buckets: 262144  Batches: 8  Memory Usage: 2543kB
                                                         Buffers: shared hit=1 read=36391, temp written=286
                                                         ->  Hash Join  (cost=1.11..84248.85 rows=673342 width=4) (actual time=306.690..552.542 rows=112892 loops=1)
                                                               Hash Cond: (t.kind_id = kt.id)
                                                               Buffers: shared hit=1 read=36391
                                                               ->  Seq Scan on title t  (cost=0.00..74315.95 rows=2356696 width=8) (actual time=0.028..421.572 rows=2352201 loops=1)
                                                                     Filter: ((production_year <= 2015) AND (1925 < production_year))
                                                                     Rows Removed by Filter: 176111
                                                                     Buffers: shared read=36391
                                                               ->  Hash  (cost=1.09..1.09 rows=2 width=4) (actual time=0.012..0.013 rows=2 loops=1)
                                                                     Buckets: 1024  Batches: 1  Memory Usage: 9kB
                                                                     Buffers: shared hit=1
                                                                     ->  Seq Scan on kind_type kt  (cost=0.00..1.09 rows=2 width=4) (actual time=0.007..0.008 rows=2 loops=1)
                                                                           Filter: ((kind)::text = ANY ('{"tv movie","video game"}'::text[]))
                                                                           Rows Removed by Filter: 5
                                                                           Buffers: shared hit=1
                                 ->  Index Scan using movie_id_cast_info on cast_info ci  (cost=0.44..43.28 rows=38 width=12) (actual time=0.032..0.191 rows=20 loops=43005)
                                       Index Cond: (movie_id = t.id)
                                       Buffers: shared hit=768292 read=195320
                           ->  Hash  (cost=1.15..1.15 rows=1 width=4) (actual time=0.031..0.031 rows=1 loops=1)
                                 Buckets: 1024  Batches: 1  Memory Usage: 9kB
                                 Buffers: shared hit=1
                                 ->  Seq Scan on role_type rt  (cost=0.00..1.15 rows=1 width=4) (actual time=0.011..0.012 rows=1 loops=1)
                                       Filter: ((role)::text = 'production designer'::text)
                                       Rows Removed by Filter: 11
                                       Buffers: shared hit=1
                     ->  Index Scan using name_pkey on name n  (cost=0.43..2.32 rows=1 width=4) (actual time=0.033..0.033 rows=0 loops=6039)
                           Index Cond: (id = ci.person_id)
                           Filter: ((gender)::text = 'm'::text)
                           Rows Removed by Filter: 1
                           Buffers: shared hit=21235 read=2921
 Planning:
   Buffers: shared hit=519 read=55
 Planning Time: 13.772 ms
 Execution Time: 10937.721 ms
(83 rows)

