                                                                                            QUERY PLAN                                                                                            
--------------------------------------------------------------------------------------------------------------------------------------------------------------------------------------------------
 Aggregate  (cost=410023.32..410023.33 rows=1 width=8) (actual time=15504.950..15504.958 rows=1 loops=1)
   Buffers: shared hit=1448629 read=131853
   ->  Nested Loop  (cost=62389.43..410023.32 rows=2 width=0) (actual time=366.688..15504.580 rows=710 loops=1)
         Buffers: shared hit=1448629 read=131853
         ->  Seq Scan on info_type it2  (cost=0.00..2.41 rows=1 width=4) (actual time=0.046..0.056 rows=1 loops=1)
               Filter: (id = 2)
               Rows Removed by Filter: 112
               Buffers: shared hit=1
         ->  Nested Loop  (cost=62389.43..410020.89 rows=2 width=4) (actual time=366.640..15504.284 rows=710 loops=1)
               Buffers: shared hit=1448628 read=131853
               ->  Seq Scan on info_type it1  (cost=0.00..2.41 rows=1 width=4) (actual time=0.009..0.020 rows=1 loops=1)
                     Filter: (id = 3)
                     Rows Removed by Filter: 112
                     Buffers: shared hit=1
               ->  Nested Loop  (cost=62389.43..410018.45 rows=2 width=8) (actual time=366.628..15503.998 rows=710 loops=1)
                     Buffers: shared hit=1448627 read=131853
                     ->  Hash Join  (cost=62389.00..410002.22 rows=7 width=12) (actual time=365.545..13566.496 rows=51803 loops=1)
                           Hash Cond: (ci.role_id = rt.id)
                           Buffers: shared hit=1246748 read=126520
                           ->  Nested Loop  (cost=62387.83..410000.88 rows=43 width=16) (actual time=365.364..13476.906 rows=386970 loops=1)
                                 Buffers: shared hit=1246747 read=126520
                                 ->  Nested Loop  (cost=62387.39..409850.48 rows=3 width=20) (actual time=365.332..7557.952 rows=76274 loops=1)
                                       Buffers: shared hit=675410 read=86011
                                       ->  Hash Join  (cost=62386.95..404861.94 rows=107 width=12) (actual time=365.243..766.017 rows=74634 loops=1)
                                             Hash Cond: (mi2.movie_id = t.id)
                                             Buffers: shared hit=2292 read=28638
                                             ->  Bitmap Heap Scan on movie_info mi2  (cost=13862.73..356243.17 rows=24927 width=8) (actual time=40.188..456.536 rows=288414 loops=1)
                                                   Recheck Cond: (info_type_id = 2)
                                                   Filter: ((info)::text = 'Black and White'::text)
                                                   Rows Removed by Filter: 1000514
                                                   Heap Blocks: exact=16526
                                                   Buffers: shared hit=2291 read=15252
                                                   ->  Bitmap Index Scan on info_type_id_movie_info  (cost=0.00..13856.49 rows=1296008 width=0) (actual time=35.854..35.855 rows=1288928 loops=1)
                                                         Index Cond: (info_type_id = 2)
                                                         Buffers: shared read=1017
                                             ->  Hash  (cost=48388.79..48388.79 rows=10835 width=4) (actual time=185.013..185.016 rows=74873 loops=1)
                                                   Buckets: 131072 (originally 16384)  Batches: 1 (originally 1)  Memory Usage: 3657kB
                                                   Buffers: shared hit=1 read=13386
                                                   ->  Nested Loop  (cost=4496.00..48388.79 rows=10835 width=4) (actual time=19.266..173.690 rows=74873 loops=1)
                                                         Buffers: shared hit=1 read=13386
                                                         ->  Seq Scan on kind_type kt  (cost=0.00..1.09 rows=1 width=4) (actual time=0.007..0.012 rows=1 loops=1)
                                                               Filter: ((kind)::text = 'movie'::text)
                                                               Rows Removed by Filter: 6
                                                               Buffers: shared hit=1
                                                         ->  Bitmap Heap Scan on title t  (cost=4496.00..48261.29 rows=12641 width=8) (actual time=19.255..168.994 rows=74873 loops=1)
                                                               Recheck Cond: (kind_id = kt.id)
                                                               Filter: ((production_year <= 1925) AND (1910 < production_year))
                                                               Rows Removed by Filter: 587952
                                                               Heap Blocks: exact=12865
                                                               Buffers: shared read=13386
                                                               ->  Bitmap Index Scan on kind_id_title  (cost=0.00..4492.84 rows=421388 width=0) (actual time=16.924..16.925 rows=662825 loops=1)
                                                                     Index Cond: (kind_id = kt.id)
                                                                     Buffers: shared read=521
                                       ->  Index Scan using movie_id_movie_info on movie_info mi1  (cost=0.43..46.61 rows=1 width=8) (actual time=0.090..0.090 rows=1 loops=74634)
                                             Index Cond: (movie_id = t.id)
                                             Filter: ((info_type_id = 3) AND ((info)::text = ANY ('{Animation,Drama,Short}'::text[])))
                                             Rows Removed by Filter: 10
                                             Buffers: shared hit=673118 read=57373
                                 ->  Index Scan using movie_id_cast_info on cast_info ci  (cost=0.44..49.76 rows=38 width=12) (actual time=0.035..0.075 rows=5 loops=76274)
                                       Index Cond: (movie_id = t.id)
                                       Buffers: shared hit=571337 read=40509
                           ->  Hash  (cost=1.15..1.15 rows=2 width=4) (actual time=0.020..0.020 rows=2 loops=1)
                                 Buckets: 1024  Batches: 1  Memory Usage: 9kB
                                 Buffers: shared hit=1
                                 ->  Seq Scan on role_type rt  (cost=0.00..1.15 rows=2 width=4) (actual time=0.012..0.014 rows=2 loops=1)
                                       Filter: ((role)::text = ANY ('{director,editor}'::text[]))
                                       Rows Removed by Filter: 10
                                       Buffers: shared hit=1
                     ->  Index Scan using name_pkey on name n  (cost=0.43..2.32 rows=1 width=4) (actual time=0.037..0.037 rows=0 loops=51803)
                           Index Cond: (id = ci.person_id)
                           Filter: ((gender)::text = 'f'::text)
                           Rows Removed by Filter: 1
                           Buffers: shared hit=201879 read=5333
 Planning:
   Buffers: shared hit=482 read=92
 Planning Time: 13.541 ms
 Execution Time: 15505.866 ms
(77 rows)

