                                                                                            QUERY PLAN                                                                                            
--------------------------------------------------------------------------------------------------------------------------------------------------------------------------------------------------
 Aggregate  (cost=781130.67..781130.68 rows=1 width=8) (actual time=9303.213..9303.220 rows=1 loops=1)
   Buffers: shared hit=785819 read=124310, temp read=1553 written=1553
   ->  Nested Loop  (cost=507966.74..781130.37 rows=120 width=0) (actual time=977.825..9297.621 rows=49412 loops=1)
         Buffers: shared hit=785819 read=124310, temp read=1553 written=1553
         ->  Seq Scan on info_type it2  (cost=0.00..2.41 rows=1 width=4) (actual time=0.041..0.047 rows=1 loops=1)
               Filter: (id = 2)
               Rows Removed by Filter: 112
               Buffers: shared hit=1
         ->  Nested Loop  (cost=507966.74..781126.76 rows=120 width=4) (actual time=977.783..9292.053 rows=49412 loops=1)
               Buffers: shared hit=785818 read=124310, temp read=1553 written=1553
               ->  Seq Scan on info_type it1  (cost=0.00..2.41 rows=1 width=4) (actual time=0.010..0.018 rows=1 loops=1)
                     Filter: (id = 3)
                     Rows Removed by Filter: 112
                     Buffers: shared hit=1
               ->  Nested Loop  (cost=507966.74..781123.14 rows=120 width=8) (actual time=977.771..9285.617 rows=49412 loops=1)
                     Join Filter: (t.id = mi2.movie_id)
                     Buffers: shared hit=785817 read=124310, temp read=1553 written=1553
                     ->  Nested Loop  (cost=507966.30..669791.29 rows=2646 width=16) (actual time=977.700..5105.649 rows=48034 loops=1)
                           Buffers: shared hit=191566 read=102965, temp read=1553 written=1553
                           ->  Hash Join  (cost=507965.87..643369.64 rows=11391 width=20) (actual time=977.665..3917.824 rows=48060 loops=1)
                                 Hash Cond: (ci.movie_id = t.id)
                                 Buffers: shared hit=13270 read=89021, temp read=1553 written=1553
                                 ->  Nested Loop  (cost=0.44..123965.00 rows=3020080 width=8) (actual time=0.094..2188.483 rows=7451973 loops=1)
                                       Buffers: shared hit=5586 read=49338
                                       ->  Seq Scan on role_type rt  (cost=0.00..1.15 rows=1 width=4) (actual time=0.008..0.010 rows=1 loops=1)
                                             Filter: ((role)::text = 'actress'::text)
                                             Rows Removed by Filter: 11
                                             Buffers: shared hit=1
                                       ->  Index Scan using role_id_cast_info on cast_info ci  (cost=0.44..91017.52 rows=3294633 width=12) (actual time=0.085..1434.439 rows=7451973 loops=1)
                                             Index Cond: (role_id = rt.id)
                                             Buffers: shared hit=5585 read=49338
                                 ->  Hash  (cost=507846.23..507846.23 rows=9536 width=12) (actual time=977.369..977.374 rows=13043 loops=1)
                                       Buckets: 16384  Batches: 1  Memory Usage: 689kB
                                       Buffers: shared hit=7684 read=39683, temp read=1553 written=1553
                                       ->  Hash Join  (cost=101882.41..507846.23 rows=9536 width=12) (actual time=500.282..975.045 rows=13043 loops=1)
                                             Hash Cond: (mi1.movie_id = t.id)
                                             Buffers: shared hit=7684 read=39683, temp read=1553 written=1553
                                             ->  Bitmap Heap Scan on movie_info mi1  (cost=16462.71..420018.49 rows=56982 width=8) (actual time=42.399..410.366 rows=539842 loops=1)
                                                   Recheck Cond: (info_type_id = 3)
                                                   Filter: ((info)::text = ANY ('{Adventure,Animation,Crime,Horror,Short,Thriller}'::text[]))
                                                   Rows Removed by Filter: 994067
                                                   Heap Blocks: exact=9772
                                                   Buffers: shared hit=7682 read=3293
                                                   ->  Bitmap Index Scan on info_type_id_movie_info  (cost=0.00..16448.47 rows=1538671 width=0) (actual time=41.176..41.176 rows=1533909 loops=1)
                                                         Index Cond: (info_type_id = 3)
                                                         Buffers: shared read=1203
                                             ->  Hash  (cost=78477.74..78477.74 rows=423117 width=4) (actual time=456.789..456.791 rows=75964 loops=1)
                                                   Buckets: 262144  Batches: 4  Memory Usage: 2707kB
                                                   Buffers: shared hit=2 read=36390, temp written=166
                                                   ->  Hash Join  (cost=1.13..78477.74 rows=423117 width=4) (actual time=0.044..444.109 rows=75964 loops=1)
                                                         Hash Cond: (t.kind_id = kt.id)
                                                         Buffers: shared hit=2 read=36390
                                                         ->  Seq Scan on title t  (cost=0.00..74315.95 rows=987274 width=8) (actual time=0.021..384.474 rows=989787 loops=1)
                                                               Filter: ((production_year <= 2010) AND (2000 < production_year))
                                                               Rows Removed by Filter: 1538525
                                                               Buffers: shared hit=1 read=36390
                                                         ->  Hash  (cost=1.10..1.10 rows=3 width=4) (actual time=0.013..0.014 rows=3 loops=1)
                                                               Buckets: 1024  Batches: 1  Memory Usage: 9kB
                                                               Buffers: shared hit=1
                                                               ->  Seq Scan on kind_type kt  (cost=0.00..1.10 rows=3 width=4) (actual time=0.007..0.008 rows=3 loops=1)
                                                                     Filter: ((kind)::text = ANY ('{"tv movie","tv series","video game"}'::text[]))
                                                                     Rows Removed by Filter: 4
                                                                     Buffers: shared hit=1
                           ->  Index Scan using name_pkey on name n  (cost=0.43..2.32 rows=1 width=4) (actual time=0.024..0.024 rows=1 loops=48060)
                                 Index Cond: (id = ci.person_id)
                                 Filter: ((gender)::text = 'f'::text)
                                 Rows Removed by Filter: 0
                                 Buffers: shared hit=178296 read=13944
                     ->  Index Scan using movie_id_movie_info on movie_info mi2  (cost=0.43..42.06 rows=1 width=8) (actual time=0.073..0.087 rows=1 loops=48034)
                           Index Cond: (movie_id = ci.movie_id)
                           Filter: (((info)::text = ANY ('{"Black and White",Color}'::text[])) AND (info_type_id = 2))
                           Rows Removed by Filter: 25
                           Buffers: shared hit=594251 read=21345
 Planning:
   Buffers: shared hit=520 read=54
 Planning Time: 13.478 ms
 Execution Time: 9303.755 ms
(77 rows)

