                                                                                            QUERY PLAN                                                                                            
--------------------------------------------------------------------------------------------------------------------------------------------------------------------------------------------------
 Aggregate  (cost=669388.98..669388.99 rows=1 width=8) (actual time=6699.391..6699.402 rows=1 loops=1)
   Buffers: shared hit=561027 read=62994, temp read=5677 written=5677
   ->  Nested Loop  (cost=434551.94..669388.86 rows=47 width=0) (actual time=1245.268..6699.309 rows=214 loops=1)
         Buffers: shared hit=561027 read=62994, temp read=5677 written=5677
         ->  Seq Scan on info_type it2  (cost=0.00..2.41 rows=1 width=4) (actual time=0.044..0.056 rows=1 loops=1)
               Filter: (id = 2)
               Rows Removed by Filter: 112
               Buffers: shared hit=1
         ->  Nested Loop  (cost=434551.94..669385.98 rows=47 width=4) (actual time=1245.222..6699.186 rows=214 loops=1)
               Buffers: shared hit=561026 read=62994, temp read=5677 written=5677
               ->  Seq Scan on info_type it1  (cost=0.00..2.41 rows=1 width=4) (actual time=0.009..0.024 rows=1 loops=1)
                     Filter: (id = 3)
                     Rows Removed by Filter: 112
                     Buffers: shared hit=1
               ->  Nested Loop  (cost=434551.94..669383.09 rows=47 width=8) (actual time=1245.212..6699.097 rows=214 loops=1)
                     Join Filter: (t.id = mi1.movie_id)
                     Buffers: shared hit=561025 read=62994, temp read=5677 written=5677
                     ->  Nested Loop  (cost=434551.51..588910.38 rows=1901 width=16) (actual time=1245.078..6656.989 rows=328 loops=1)
                           Buffers: shared hit=558625 read=62025, temp read=5677 written=5677
                           ->  Hash Join  (cost=434551.08..569922.79 rows=8186 width=20) (actual time=1216.074..2031.969 rows=140100 loops=1)
                                 Hash Cond: (ci.movie_id = t.id)
                                 Buffers: shared hit=6515 read=53735, temp read=5677 written=5677
                                 ->  Nested Loop  (cost=0.44..123965.00 rows=3020080 width=8) (actual time=0.214..407.737 rows=898389 loops=1)
                                       Buffers: shared hit=448 read=5867
                                       ->  Seq Scan on role_type rt  (cost=0.00..1.15 rows=1 width=4) (actual time=0.009..0.012 rows=1 loops=1)
                                             Filter: ((role)::text = 'cinematographer'::text)
                                             Rows Removed by Filter: 11
                                             Buffers: shared hit=1
                                       ->  Index Scan using role_id_cast_info on cast_info ci  (cost=0.44..91017.52 rows=3294633 width=12) (actual time=0.200..268.748 rows=898389 loops=1)
                                             Index Cond: (role_id = rt.id)
                                             Buffers: shared hit=447 read=5867
                                 ->  Hash  (cost=434464.97..434464.97 rows=6853 width=12) (actual time=1215.644..1215.651 rows=224022 loops=1)
                                       Buckets: 262144 (originally 8192)  Batches: 2 (originally 1)  Memory Usage: 6859kB
                                       Buffers: shared hit=6067 read=47868, temp read=3704 written=4141
                                       ->  Hash Join  (cost=91587.35..434464.97 rows=6853 width=12) (actual time=517.426..1178.612 rows=224022 loops=1)
                                             Hash Cond: (mi2.movie_id = t.id)
                                             Buffers: shared hit=6067 read=47868, temp read=3704 written=3704
                                             ->  Bitmap Heap Scan on movie_info mi2  (cost=13885.07..356265.51 rows=114308 width=8) (actual time=40.680..362.105 rows=1288928 loops=1)
                                                   Recheck Cond: (info_type_id = 2)
                                                   Filter: ((info)::text = ANY ('{"Black and White",Color}'::text[]))
                                                   Heap Blocks: exact=16526
                                                   Buffers: shared hit=4043 read=13500
                                                   ->  Bitmap Index Scan on info_type_id_movie_info  (cost=0.00..13856.49 rows=1296008 width=0) (actual time=38.466..38.466 rows=1288928 loops=1)
                                                         Index Cond: (info_type_id = 2)
                                                         Buffers: shared hit=1 read=1016
                                             ->  Hash  (cost=75807.58..75807.58 rows=151576 width=4) (actual time=472.961..472.964 rows=335746 loops=1)
                                                   Buckets: 262144 (originally 262144)  Batches: 2 (originally 1)  Memory Usage: 7957kB
                                                   Buffers: shared hit=2024 read=34368, temp written=491
                                                   ->  Hash Join  (cost=1.13..75807.58 rows=151576 width=4) (actual time=0.062..411.708 rows=335746 loops=1)
                                                         Hash Cond: (t.kind_id = kt.id)
                                                         Buffers: shared hit=2024 read=34368
                                                         ->  Seq Scan on title t  (cost=0.00..74315.95 rows=353677 width=8) (actual time=0.030..370.690 rows=347589 loops=1)
                                                               Filter: ((production_year <= 1975) AND (1925 < production_year))
                                                               Rows Removed by Filter: 2180723
                                                               Buffers: shared hit=2023 read=34368
                                                         ->  Hash  (cost=1.10..1.10 rows=3 width=4) (actual time=0.013..0.015 rows=3 loops=1)
                                                               Buckets: 1024  Batches: 1  Memory Usage: 9kB
                                                               Buffers: shared hit=1
                                                               ->  Seq Scan on kind_type kt  (cost=0.00..1.10 rows=3 width=4) (actual time=0.006..0.008 rows=3 loops=1)
                                                                     Filter: ((kind)::text = ANY ('{episode,movie,"tv movie"}'::text[]))
                                                                     Rows Removed by Filter: 4
                                                                     Buffers: shared hit=1
                           ->  Index Scan using name_pkey on name n  (cost=0.43..2.32 rows=1 width=4) (actual time=0.033..0.033 rows=0 loops=140100)
                                 Index Cond: (id = ci.person_id)
                                 Filter: ((gender)::text = 'f'::text)
                                 Rows Removed by Filter: 1
                                 Buffers: shared hit=552110 read=8290
                     ->  Index Scan using movie_id_movie_info on movie_info mi1  (cost=0.43..42.32 rows=1 width=8) (actual time=0.127..0.127 rows=1 loops=328)
                           Index Cond: (movie_id = ci.movie_id)
                           Filter: ((info_type_id = 3) AND ((info)::text = ANY ('{Action,Animation,Crime,Documentary,Drama,Family,Romance}'::text[])))
                           Rows Removed by Filter: 10
                           Buffers: shared hit=2400 read=969
 Planning:
   Buffers: shared hit=574
 Planning Time: 14.279 ms
 Execution Time: 6700.152 ms
(76 rows)

