                                                                                            QUERY PLAN                                                                                            
--------------------------------------------------------------------------------------------------------------------------------------------------------------------------------------------------
 Aggregate  (cost=654325.24..654325.25 rows=1 width=8) (actual time=8697.264..8697.273 rows=1 loops=1)
   Buffers: shared hit=641994 read=258181, temp read=748 written=748
   ->  Nested Loop  (cost=71781.66..654324.60 rows=257 width=0) (actual time=211.644..8695.153 rows=9323 loops=1)
         Buffers: shared hit=641994 read=258181, temp read=748 written=748
         ->  Hash Join  (cost=71781.23..653410.71 rows=394 width=4) (actual time=211.602..7826.618 rows=25796 loops=1)
               Hash Cond: (ci.role_id = rt.id)
               Buffers: shared hit=556098 read=240893, temp read=748 written=748
               ->  Nested Loop  (cost=71780.05..653401.14 rows=2365 width=8) (actual time=211.499..7767.111 rows=416517 loops=1)
                     Buffers: shared hit=556097 read=240893, temp read=748 written=748
                     ->  Nested Loop  (cost=71779.61..646184.77 rows=165 width=12) (actual time=211.470..3315.074 rows=29008 loops=1)
                           Buffers: shared hit=218351 read=91739, temp read=748 written=748
                           ->  Seq Scan on info_type it2  (cost=0.00..2.41 rows=1 width=4) (actual time=0.032..0.041 rows=1 loops=1)
                                 Filter: (id = 2)
                                 Rows Removed by Filter: 112
                                 Buffers: shared hit=1
                           ->  Nested Loop  (cost=71779.61..646180.71 rows=165 width=16) (actual time=211.436..3309.586 rows=29008 loops=1)
                                 Buffers: shared hit=218350 read=91739, temp read=748 written=748
                                 ->  Seq Scan on info_type it1  (cost=0.00..2.41 rows=1 width=4) (actual time=0.009..0.019 rows=1 loops=1)
                                       Filter: (id = 3)
                                       Rows Removed by Filter: 112
                                       Buffers: shared hit=1
                                 ->  Nested Loop  (cost=71779.61..646176.64 rows=165 width=20) (actual time=211.424..3304.204 rows=29008 loops=1)
                                       Buffers: shared hit=218349 read=91739, temp read=748 written=748
                                       ->  Hash Join  (cost=71779.18..491883.07 rows=3651 width=12) (actual time=211.344..848.410 rows=28385 loops=1)
                                             Hash Cond: (mi1.movie_id = t.id)
                                             Buffers: shared hit=8435 read=15349, temp read=748 written=748
                                             ->  Bitmap Heap Scan on movie_info mi1  (cost=16457.74..435123.07 rows=37082 width=8) (actual time=42.737..585.405 rows=340486 loops=1)
                                                   Recheck Cond: (info_type_id = 3)
                                                   Filter: ((info)::text = ANY ('{Action,Crime,Documentary,Fantasy,Romance,War,Western}'::text[]))
                                                   Rows Removed by Filter: 1193423
                                                   Heap Blocks: exact=9772
                                                   Buffers: shared hit=87 read=10888
                                                   ->  Bitmap Index Scan on info_type_id_movie_info  (cost=0.00..16448.47 rows=1538671 width=0) (actual time=41.551..41.551 rows=1533909 loops=1)
                                                         Index Cond: (info_type_id = 3)
                                                         Buffers: shared read=1203
                                             ->  Hash  (cost=51236.40..51236.40 rows=248963 width=4) (actual time=133.320..133.323 rows=112028 loops=1)
                                                   Buckets: 262144  Batches: 2  Memory Usage: 4013kB
                                                   Buffers: shared hit=8348 read=4461, temp written=164
                                                   ->  Nested Loop  (cost=4565.45..51236.40 rows=248963 width=4) (actual time=6.024..114.792 rows=112028 loops=1)
                                                         Buffers: shared hit=8348 read=4461
                                                         ->  Seq Scan on kind_type kt  (cost=0.00..1.09 rows=1 width=4) (actual time=0.011..0.014 rows=1 loops=1)
                                                               Filter: ((kind)::text = 'video movie'::text)
                                                               Rows Removed by Filter: 6
                                                               Buffers: shared hit=1
                                                         ->  Bitmap Heap Scan on title t  (cost=4565.45..48330.74 rows=290457 width=8) (actual time=6.009..107.749 rows=112028 loops=1)
                                                               Recheck Cond: (kind_id = kt.id)
                                                               Filter: ((production_year <= 2015) AND (1990 < production_year))
                                                               Rows Removed by Filter: 6206
                                                               Heap Blocks: exact=12713
                                                               Buffers: shared hit=8347 read=4461
                                                               ->  Bitmap Index Scan on kind_id_title  (cost=0.00..4492.84 rows=421388 width=0) (actual time=4.472..4.472 rows=118234 loops=1)
                                                                     Index Cond: (kind_id = kt.id)
                                                                     Buffers: shared read=95
                                       ->  Index Scan using movie_id_movie_info on movie_info mi2  (cost=0.43..42.25 rows=1 width=8) (actual time=0.069..0.086 rows=1 loops=28385)
                                             Index Cond: (movie_id = t.id)
                                             Filter: (((info)::text = ANY ('{"Black and White",Color}'::text[])) AND (info_type_id = 2))
                                             Rows Removed by Filter: 9
                                             Buffers: shared hit=209914 read=76390
                     ->  Index Scan using movie_id_cast_info on cast_info ci  (cost=0.44..43.36 rows=38 width=12) (actual time=0.032..0.150 rows=14 loops=29008)
                           Index Cond: (movie_id = t.id)
                           Buffers: shared hit=337746 read=149154
               ->  Hash  (cost=1.15..1.15 rows=2 width=4) (actual time=0.040..0.041 rows=2 loops=1)
                     Buckets: 1024  Batches: 1  Memory Usage: 9kB
                     Buffers: shared hit=1
                     ->  Seq Scan on role_type rt  (cost=0.00..1.15 rows=2 width=4) (actual time=0.032..0.034 rows=2 loops=1)
                           Filter: ((role)::text = ANY ('{editor,"production designer"}'::text[]))
                           Rows Removed by Filter: 10
                           Buffers: shared hit=1
         ->  Index Scan using name_pkey on name n  (cost=0.43..2.32 rows=1 width=4) (actual time=0.033..0.033 rows=0 loops=25796)
               Index Cond: (id = ci.person_id)
               Filter: ((gender)::text = ANY ('{f,m}'::text[]))
               Rows Removed by Filter: 1
               Buffers: shared hit=85896 read=17288
 Planning:
   Buffers: shared hit=483 read=91
 Planning Time: 14.095 ms
 Execution Time: 8697.949 ms
(77 rows)

