                                                                                             QUERY PLAN                                                                                              
-----------------------------------------------------------------------------------------------------------------------------------------------------------------------------------------------------
 Aggregate  (cost=431783.91..431783.92 rows=1 width=8) (actual time=2314.011..2314.021 rows=1 loops=1)
   Buffers: shared hit=237729 read=476
   ->  Nested Loop  (cost=4697.71..431783.91 rows=1 width=0) (actual time=352.066..2314.012 rows=4 loops=1)
         Buffers: shared hit=237729 read=476
         ->  Nested Loop  (cost=4697.71..431781.48 rows=1 width=4) (actual time=352.055..2313.932 rows=4 loops=1)
               Buffers: shared hit=237725 read=476
               ->  Nested Loop  (cost=4697.71..431779.06 rows=1 width=8) (actual time=352.026..2313.827 rows=4 loops=1)
                     Buffers: shared hit=237721 read=476
                     ->  Hash Join  (cost=4697.28..431774.42 rows=2 width=12) (actual time=31.698..2313.283 rows=17 loops=1)
                           Hash Cond: (ci.role_id = rt.id)
                           Buffers: shared hit=237659 read=470
                           ->  Nested Loop  (cost=4696.11..431773.16 rows=29 width=16) (actual time=22.321..2312.920 rows=1814 loops=1)
                                 Buffers: shared hit=237658 read=470
                                 ->  Nested Loop  (cost=4695.67..431683.40 rows=2 width=20) (actual time=22.219..2292.979 rows=158 loops=1)
                                       Buffers: shared hit=235582 read=335
                                       ->  Hash Join  (cost=4695.24..428526.91 rows=73 width=12) (actual time=22.099..2273.217 rows=134 loops=1)
                                             Hash Cond: (t.kind_id = kt.id)
                                             Buffers: shared hit=233404 read=321
                                             ->  Nested Loop  (cost=4694.10..428525.06 rows=170 width=16) (actual time=22.051..2266.079 rows=31412 loops=1)
                                                   Buffers: shared hit=233403 read=321
                                                   ->  Bitmap Heap Scan on movie_info mi2  (cost=4693.67..418626.82 rows=1216 width=8) (actual time=20.019..466.005 rows=53538 loops=1)
                                                         Recheck Cond: (info_type_id = 5)
                                                         Filter: ((info)::text = ANY ('{Argentina:Atp,Finland:K-12,Finland:K-16,India:U,Sweden:15,Sweden:Btl,USA:Approved}'::text[]))
                                                         Rows Removed by Filter: 433016
                                                         Heap Blocks: exact=19164
                                                         Buffers: shared hit=19572
                                                         ->  Bitmap Index Scan on info_type_id_movie_info  (cost=0.00..4693.37 rows=439058 width=0) (actual time=16.952..16.953 rows=486554 loops=1)
                                                               Index Cond: (info_type_id = 5)
                                                               Buffers: shared hit=408
                                                   ->  Index Scan using title_pkey on title t  (cost=0.43..8.14 rows=1 width=8) (actual time=0.033..0.033 rows=1 loops=53538)
                                                         Index Cond: (id = mi2.movie_id)
                                                         Filter: ((production_year <= 1975) AND (1925 < production_year))
                                                         Rows Removed by Filter: 0
                                                         Buffers: shared hit=213831 read=321
                                             ->  Hash  (cost=1.10..1.10 rows=3 width=4) (actual time=0.020..0.021 rows=3 loops=1)
                                                   Buckets: 1024  Batches: 1  Memory Usage: 9kB
                                                   Buffers: shared hit=1
                                                   ->  Seq Scan on kind_type kt  (cost=0.00..1.10 rows=3 width=4) (actual time=0.010..0.012 rows=3 loops=1)
                                                         Filter: ((kind)::text = ANY ('{"tv series","video game","video movie"}'::text[]))
                                                         Rows Removed by Filter: 4
                                                         Buffers: shared hit=1
                                       ->  Index Scan using movie_id_movie_info on movie_info mi1  (cost=0.43..43.23 rows=1 width=8) (actual time=0.143..0.147 rows=1 loops=134)
                                             Index Cond: (movie_id = t.id)
                                             Filter: ((info_type_id = 3) AND ((info)::text = ANY ('{Action,Adventure,Documentary,Drama,Family,Thriller}'::text[])))
                                             Rows Removed by Filter: 57
                                             Buffers: shared hit=2178 read=14
                                 ->  Index Scan using movie_id_cast_info on cast_info ci  (cost=0.44..44.50 rows=38 width=12) (actual time=0.037..0.123 rows=11 loops=158)
                                       Index Cond: (movie_id = t.id)
                                       Buffers: shared hit=2076 read=135
                           ->  Hash  (cost=1.15..1.15 rows=1 width=4) (actual time=0.035..0.036 rows=1 loops=1)
                                 Buckets: 1024  Batches: 1  Memory Usage: 9kB
                                 Buffers: shared hit=1
                                 ->  Seq Scan on role_type rt  (cost=0.00..1.15 rows=1 width=4) (actual time=0.028..0.029 rows=1 loops=1)
                                       Filter: ((role)::text = 'cinematographer'::text)
                                       Rows Removed by Filter: 11
                                       Buffers: shared hit=1
                     ->  Index Scan using name_pkey on name n  (cost=0.43..2.32 rows=1 width=4) (actual time=0.031..0.031 rows=0 loops=17)
                           Index Cond: (id = ci.person_id)
                           Filter: ((gender)::text = 'm'::text)
                           Rows Removed by Filter: 1
                           Buffers: shared hit=62 read=6
               ->  Seq Scan on info_type it1  (cost=0.00..2.41 rows=1 width=4) (actual time=0.013..0.023 rows=1 loops=4)
                     Filter: (id = 3)
                     Rows Removed by Filter: 112
                     Buffers: shared hit=4
         ->  Seq Scan on info_type it2  (cost=0.00..2.41 rows=1 width=4) (actual time=0.008..0.018 rows=1 loops=4)
               Filter: (id = 5)
               Rows Removed by Filter: 112
               Buffers: shared hit=4
 Planning:
   Buffers: shared hit=574
 Planning Time: 13.485 ms
 Execution Time: 2314.750 ms
(73 rows)

