                                                                                                                                  QUERY PLAN                                                                                                                                   
-------------------------------------------------------------------------------------------------------------------------------------------------------------------------------------------------------------------------------------------------------------------------------
 Aggregate  (cost=539655.22..539655.23 rows=1 width=8) (actual time=5138.067..5138.073 rows=1 loops=1)
   Buffers: shared hit=412424 read=116775
   ->  Nested Loop  (cost=4697.60..539655.21 rows=3 width=0) (actual time=54.990..5137.886 rows=403 loops=1)
         Buffers: shared hit=412424 read=116775
         ->  Seq Scan on info_type it2  (cost=0.00..2.41 rows=1 width=4) (actual time=0.042..0.056 rows=1 loops=1)
               Filter: (id = 5)
               Rows Removed by Filter: 112
               Buffers: shared hit=1
         ->  Nested Loop  (cost=4697.60..539652.77 rows=3 width=4) (actual time=54.946..5137.727 rows=403 loops=1)
               Buffers: shared hit=412423 read=116775
               ->  Seq Scan on info_type it1  (cost=0.00..2.41 rows=1 width=4) (actual time=0.008..0.019 rows=1 loops=1)
                     Filter: (id = 3)
                     Rows Removed by Filter: 112
                     Buffers: shared hit=1
               ->  Nested Loop  (cost=4697.60..539650.33 rows=3 width=8) (actual time=54.934..5137.594 rows=403 loops=1)
                     Buffers: shared hit=412422 read=116775
                     ->  Hash Join  (cost=4697.17..539617.85 rows=14 width=12) (actual time=22.105..4915.435 rows=7091 loops=1)
                           Hash Cond: (ci.role_id = rt.id)
                           Buffers: shared hit=387516 read=113317
                           ->  Nested Loop  (cost=4696.00..539616.37 rows=86 width=16) (actual time=21.216..4882.063 rows=206529 loops=1)
                                 Buffers: shared hit=387515 read=113317
                                 ->  Nested Loop  (cost=4695.56..539354.42 rows=6 width=20) (actual time=21.180..2936.254 rows=5239 loops=1)
                                       Buffers: shared hit=230015 read=67490
                                       ->  Hash Join  (cost=4695.10..528008.83 rows=268 width=12) (actual time=21.058..2339.998 rows=4020 loops=1)
                                             Hash Cond: (t.kind_id = kt.id)
                                             Buffers: shared hit=198483 read=39826
                                             ->  Nested Loop  (cost=4693.97..528005.06 rows=626 width=16) (actual time=21.017..2329.314 rows=54148 loops=1)
                                                   Buffers: shared hit=198482 read=39826
                                                   ->  Bitmap Heap Scan on movie_info mi2  (cost=4693.54..522444.98 rows=672 width=8) (actual time=20.972..577.173 rows=54684 loops=1)
                                                         Recheck Cond: (info_type_id = 5)
                                                         Filter: ((info)::text = ANY ('{Argentina:Atp,Argentina:X,Brazil:Livre,Canada:13+,Canada:14A,Norway:18,Portugal:M/16,Singapore:M18,"South Korea:18",Switzerland:14,USA:PG,USA:PG-13,USA:Passed,USA:Unrated}'::text[]))
                                                         Rows Removed by Filter: 431870
                                                         Heap Blocks: exact=19164
                                                         Buffers: shared hit=2161 read=17411
                                                         ->  Bitmap Index Scan on info_type_id_movie_info  (cost=0.00..4693.37 rows=439058 width=0) (actual time=18.057..18.058 rows=486554 loops=1)
                                                               Index Cond: (info_type_id = 5)
                                                               Buffers: shared read=408
                                                   ->  Index Scan using title_pkey on title t  (cost=0.43..8.27 rows=1 width=8) (actual time=0.031..0.031 rows=1 loops=54684)
                                                         Index Cond: (id = mi2.movie_id)
                                                         Filter: ((production_year <= 2015) AND (1925 < production_year))
                                                         Rows Removed by Filter: 0
                                                         Buffers: shared hit=196321 read=22415
                                             ->  Hash  (cost=1.10..1.10 rows=3 width=4) (actual time=0.015..0.016 rows=3 loops=1)
                                                   Buckets: 1024  Batches: 1  Memory Usage: 9kB
                                                   Buffers: shared hit=1
                                                   ->  Seq Scan on kind_type kt  (cost=0.00..1.10 rows=3 width=4) (actual time=0.008..0.009 rows=3 loops=1)
                                                         Filter: ((kind)::text = ANY ('{"tv movie","tv series","video game"}'::text[]))
                                                         Rows Removed by Filter: 4
                                                         Buffers: shared hit=1
                                       ->  Index Scan using movie_id_movie_info on movie_info mi1  (cost=0.46..42.32 rows=1 width=8) (actual time=0.145..0.148 rows=1 loops=4020)
                                             Index Cond: (movie_id = t.id)
                                             Filter: ((info_type_id = 3) AND ((info)::text = ANY ('{Action,Adult,Adventure,Comedy,Crime,Family,Fantasy,Horror,Thriller}'::text[])))
                                             Rows Removed by Filter: 33
                                             Buffers: shared hit=31532 read=27664
                                 ->  Index Scan using movie_id_cast_info on cast_info ci  (cost=0.44..43.28 rows=38 width=12) (actual time=0.036..0.362 rows=39 loops=5239)
                                       Index Cond: (movie_id = t.id)
                                       Buffers: shared hit=157500 read=45827
                           ->  Hash  (cost=1.15..1.15 rows=2 width=4) (actual time=0.018..0.019 rows=2 loops=1)
                                 Buckets: 1024  Batches: 1  Memory Usage: 9kB
                                 Buffers: shared hit=1
                                 ->  Seq Scan on role_type rt  (cost=0.00..1.15 rows=2 width=4) (actual time=0.010..0.012 rows=2 loops=1)
                                       Filter: ((role)::text = ANY ('{"costume designer",director}'::text[]))
                                       Rows Removed by Filter: 10
                                       Buffers: shared hit=1
                     ->  Index Scan using name_pkey on name n  (cost=0.43..2.32 rows=1 width=4) (actual time=0.031..0.031 rows=0 loops=7091)
                           Index Cond: (id = ci.person_id)
                           Filter: ((gender)::text = 'f'::text)
                           Rows Removed by Filter: 1
                           Buffers: shared hit=24906 read=3458
 Planning:
   Buffers: shared hit=485 read=92
 Planning Time: 14.291 ms
 Execution Time: 5138.712 ms
(73 rows)

