                                                                                                      QUERY PLAN                                                                                                       
-----------------------------------------------------------------------------------------------------------------------------------------------------------------------------------------------------------------------
 Aggregate  (cost=485613.55..485613.56 rows=1 width=8) (actual time=3688.007..3688.016 rows=1 loops=1)
   Buffers: shared hit=342764 read=38617
   ->  Nested Loop  (cost=4697.91..485613.54 rows=7 width=0) (actual time=51.232..3687.982 rows=68 loops=1)
         Buffers: shared hit=342764 read=38617
         ->  Hash Join  (cost=4697.48..485590.34 rows=10 width=4) (actual time=51.169..3679.741 rows=216 loops=1)
               Hash Cond: (ci.role_id = rt.id)
               Buffers: shared hit=342087 read=38430
               ->  Nested Loop  (cost=4696.30..485588.96 rows=57 width=8) (actual time=34.910..3678.707 rows=5802 loops=1)
                     Buffers: shared hit=342086 read=38430
                     ->  Nested Loop  (cost=4695.86..485410.74 rows=4 width=12) (actual time=31.220..3605.709 rows=439 loops=1)
                           Buffers: shared hit=336739 read=36878
                           ->  Seq Scan on info_type it2  (cost=0.00..2.41 rows=1 width=4) (actual time=0.032..0.043 rows=1 loops=1)
                                 Filter: (id = 5)
                                 Rows Removed by Filter: 112
                                 Buffers: shared hit=1
                           ->  Nested Loop  (cost=4695.86..485408.29 rows=4 width=16) (actual time=31.186..3605.552 rows=439 loops=1)
                                 Buffers: shared hit=336738 read=36878
                                 ->  Seq Scan on info_type it1  (cost=0.00..2.41 rows=1 width=4) (actual time=0.008..0.021 rows=1 loops=1)
                                       Filter: (id = 3)
                                       Rows Removed by Filter: 112
                                       Buffers: shared hit=1
                                 ->  Nested Loop  (cost=4695.86..485405.84 rows=4 width=20) (actual time=31.175..3605.406 rows=439 loops=1)
                                       Buffers: shared hit=336737 read=36878
                                       ->  Hash Join  (cost=4695.43..478815.98 rows=153 width=12) (actual time=20.413..3514.706 rows=512 loops=1)
                                             Hash Cond: (t.kind_id = kt.id)
                                             Buffers: shared hit=331713 read=33700
                                             ->  Nested Loop  (cost=4694.29..478813.35 rows=357 width=16) (actual time=20.370..3504.740 rows=43654 loops=1)
                                                   Buffers: shared hit=331712 read=33700
                                                   ->  Bitmap Heap Scan on movie_info mi2  (cost=4693.86..463120.56 rows=1973 width=8) (actual time=20.283..544.092 rows=86460 loops=1)
                                                         Recheck Cond: (info_type_id = 5)
                                                         Filter: ((info)::text = ANY ('{Argentina:Atp,Australia:G,Australia:M,Finland:K-16,India:U,UK:U,USA:Approved,USA:Passed,USA:TV-G,"West Germany:12"}'::text[]))
                                                         Rows Removed by Filter: 400094
                                                         Heap Blocks: exact=19164
                                                         Buffers: shared hit=3336 read=16236
                                                         ->  Bitmap Index Scan on info_type_id_movie_info  (cost=0.00..4693.37 rows=439058 width=0) (actual time=17.676..17.676 rows=486554 loops=1)
                                                               Index Cond: (info_type_id = 5)
                                                               Buffers: shared read=408
                                                   ->  Index Scan using title_pkey on title t  (cost=0.43..7.95 rows=1 width=8) (actual time=0.034..0.034 rows=1 loops=86460)
                                                         Index Cond: (id = mi2.movie_id)
                                                         Filter: ((production_year <= 1975) AND (1875 < production_year))
                                                         Rows Removed by Filter: 0
                                                         Buffers: shared hit=328376 read=17464
                                             ->  Hash  (cost=1.10..1.10 rows=3 width=4) (actual time=0.015..0.016 rows=3 loops=1)
                                                   Buckets: 1024  Batches: 1  Memory Usage: 9kB
                                                   Buffers: shared hit=1
                                                   ->  Seq Scan on kind_type kt  (cost=0.00..1.10 rows=3 width=4) (actual time=0.007..0.009 rows=3 loops=1)
                                                         Filter: ((kind)::text = ANY ('{"tv series","video game","video movie"}'::text[]))
                                                         Rows Removed by Filter: 4
                                                         Buffers: shared hit=1
                                       ->  Index Scan using movie_id_movie_info on movie_info mi1  (cost=0.43..43.06 rows=1 width=8) (actual time=0.171..0.176 rows=1 loops=512)
                                             Index Cond: (movie_id = t.id)
                                             Filter: ((info_type_id = 3) AND ((info)::text = ANY ('{Action,Comedy,Drama,Music,Romance,Thriller,War}'::text[])))
                                             Rows Removed by Filter: 53
                                             Buffers: shared hit=5024 read=3178
                     ->  Index Scan using movie_id_cast_info on cast_info ci  (cost=0.44..44.17 rows=38 width=12) (actual time=0.037..0.162 rows=13 loops=439)
                           Index Cond: (movie_id = t.id)
                           Buffers: shared hit=5347 read=1552
               ->  Hash  (cost=1.15..1.15 rows=2 width=4) (actual time=0.031..0.032 rows=2 loops=1)
                     Buckets: 1024  Batches: 1  Memory Usage: 9kB
                     Buffers: shared hit=1
                     ->  Seq Scan on role_type rt  (cost=0.00..1.15 rows=2 width=4) (actual time=0.024..0.025 rows=2 loops=1)
                           Filter: ((role)::text = ANY ('{editor,"production designer"}'::text[]))
                           Rows Removed by Filter: 10
                           Buffers: shared hit=1
         ->  Index Scan using name_pkey on name n  (cost=0.43..2.32 rows=1 width=4) (actual time=0.037..0.037 rows=0 loops=216)
               Index Cond: (id = ci.person_id)
               Filter: ((gender)::text = ANY ('{f,m}'::text[]))
               Rows Removed by Filter: 1
               Buffers: shared hit=677 read=187
 Planning:
   Buffers: shared hit=506 read=68
 Planning Time: 13.856 ms
 Execution Time: 3688.667 ms
(73 rows)

