                                                                                             QUERY PLAN                                                                                              
-----------------------------------------------------------------------------------------------------------------------------------------------------------------------------------------------------
 Aggregate  (cost=404700.80..404700.81 rows=1 width=8) (actual time=15536.468..15536.475 rows=1 loops=1)
   Buffers: shared hit=1425150 read=178468
   ->  Nested Loop  (cost=4697.77..404700.79 rows=1 width=0) (actual time=3874.711..15536.449 rows=16 loops=1)
         Buffers: shared hit=1425150 read=178468
         ->  Nested Loop  (cost=4697.77..404698.37 rows=1 width=4) (actual time=3874.700..15536.131 rows=16 loops=1)
               Buffers: shared hit=1425134 read=178468
               ->  Nested Loop  (cost=4697.77..404695.95 rows=1 width=8) (actual time=3874.679..15535.745 rows=16 loops=1)
                     Buffers: shared hit=1425118 read=178468
                     ->  Hash Join  (cost=4697.34..404686.67 rows=4 width=12) (actual time=29.517..14855.619 rows=18648 loops=1)
                           Hash Cond: (ci.role_id = rt.id)
                           Buffers: shared hit=1353050 read=175944
                           ->  Nested Loop  (cost=4696.17..404685.35 rows=43 width=16) (actual time=29.354..14713.268 rows=800107 loops=1)
                                 Buffers: shared hit=1353049 read=175944
                                 ->  Nested Loop  (cost=4695.73..404550.71 rows=3 width=20) (actual time=29.322..6741.676 rows=20713 loops=1)
                                       Buffers: shared hit=596538 read=83913
                                       ->  Hash Join  (cost=4695.30..400759.15 rows=88 width=12) (actual time=29.104..2252.343 rows=26885 loops=1)
                                             Hash Cond: (t.kind_id = kt.id)
                                             Buffers: shared hit=222723 read=5770
                                             ->  Nested Loop  (cost=4694.16..400757.16 rows=204 width=16) (actual time=19.992..2238.218 rows=27203 loops=1)
                                                   Buffers: shared hit=222722 read=5770
                                                   ->  Bitmap Heap Scan on movie_info mi2  (cost=4693.73..388964.51 rows=1460 width=8) (actual time=19.741..417.558 rows=52230 loops=1)
                                                         Recheck Cond: (info_type_id = 5)
                                                         Filter: ((info)::text = ANY ('{Australia:G,Australia:PG,Finland:K-16,UK:PG,USA:Approved}'::text[]))
                                                         Rows Removed by Filter: 434324
                                                         Heap Blocks: exact=19164
                                                         Buffers: shared hit=17516 read=2056
                                                         ->  Bitmap Index Scan on info_type_id_movie_info  (cost=0.00..4693.37 rows=439058 width=0) (actual time=17.112..17.113 rows=486554 loops=1)
                                                               Index Cond: (info_type_id = 5)
                                                               Buffers: shared hit=408
                                                   ->  Index Scan using title_pkey on title t  (cost=0.43..8.08 rows=1 width=8) (actual time=0.034..0.034 rows=1 loops=52230)
                                                         Index Cond: (id = mi2.movie_id)
                                                         Filter: ((production_year <= 1975) AND (1925 < production_year))
                                                         Rows Removed by Filter: 0
                                                         Buffers: shared hit=205206 read=3714
                                             ->  Hash  (cost=1.10..1.10 rows=3 width=4) (actual time=0.018..0.019 rows=3 loops=1)
                                                   Buckets: 1024  Batches: 1  Memory Usage: 9kB
                                                   Buffers: shared hit=1
                                                   ->  Seq Scan on kind_type kt  (cost=0.00..1.10 rows=3 width=4) (actual time=0.010..0.012 rows=3 loops=1)
                                                         Filter: ((kind)::text = ANY ('{episode,movie,"tv movie"}'::text[]))
                                                         Rows Removed by Filter: 4
                                                         Buffers: shared hit=1
                                       ->  Index Scan using movie_id_movie_info on movie_info mi1  (cost=0.43..43.08 rows=1 width=8) (actual time=0.166..0.166 rows=1 loops=26885)
                                             Index Cond: (movie_id = t.id)
                                             Filter: ((info_type_id = 3) AND ((info)::text = ANY ('{Comedy,Drama,Short}'::text[])))
                                             Rows Removed by Filter: 41
                                             Buffers: shared hit=373815 read=78143
                                 ->  Index Scan using movie_id_cast_info on cast_info ci  (cost=0.44..44.50 rows=38 width=12) (actual time=0.037..0.374 rows=39 loops=20713)
                                       Index Cond: (movie_id = t.id)
                                       Buffers: shared hit=756511 read=92031
                           ->  Hash  (cost=1.15..1.15 rows=1 width=4) (actual time=0.031..0.031 rows=1 loops=1)
                                 Buckets: 1024  Batches: 1  Memory Usage: 9kB
                                 Buffers: shared hit=1
                                 ->  Seq Scan on role_type rt  (cost=0.00..1.15 rows=1 width=4) (actual time=0.024..0.025 rows=1 loops=1)
                                       Filter: ((role)::text = 'cinematographer'::text)
                                       Rows Removed by Filter: 11
                                       Buffers: shared hit=1
                     ->  Index Scan using name_pkey on name n  (cost=0.43..2.32 rows=1 width=4) (actual time=0.036..0.036 rows=0 loops=18648)
                           Index Cond: (id = ci.person_id)
                           Filter: ((gender)::text = 'f'::text)
                           Rows Removed by Filter: 1
                           Buffers: shared hit=72068 read=2524
               ->  Seq Scan on info_type it1  (cost=0.00..2.41 rows=1 width=4) (actual time=0.010..0.020 rows=1 loops=16)
                     Filter: (id = 3)
                     Rows Removed by Filter: 112
                     Buffers: shared hit=16
         ->  Seq Scan on info_type it2  (cost=0.00..2.41 rows=1 width=4) (actual time=0.008..0.017 rows=1 loops=16)
               Filter: (id = 5)
               Rows Removed by Filter: 112
               Buffers: shared hit=16
 Planning:
   Buffers: shared hit=574
 Planning Time: 13.679 ms
 Execution Time: 15537.078 ms
(73 rows)

