                                                                                             QUERY PLAN                                                                                              
-----------------------------------------------------------------------------------------------------------------------------------------------------------------------------------------------------
 Aggregate  (cost=410893.24..410893.25 rows=1 width=8) (actual time=3305.649..3305.656 rows=1 loops=1)
   Buffers: shared hit=302390 read=41221
   ->  Nested Loop  (cost=4697.49..410893.24 rows=1 width=0) (actual time=373.511..3305.636 rows=15 loops=1)
         Buffers: shared hit=302390 read=41221
         ->  Hash Join  (cost=4697.06..410890.92 rows=1 width=4) (actual time=46.082..3241.291 rows=1837 loops=1)
               Hash Cond: (ci.role_id = rt.id)
               Buffers: shared hit=295934 read=40329
               ->  Nested Loop  (cost=4695.89..410889.71 rows=14 width=8) (actual time=34.834..3225.116 rows=101515 loops=1)
                     Buffers: shared hit=295933 read=40329
                     ->  Nested Loop  (cost=4695.45..410845.97 rows=1 width=12) (actual time=34.783..2241.286 rows=1731 loops=1)
                           Buffers: shared hit=215538 read=17776
                           ->  Nested Loop  (cost=4695.45..410843.55 rows=1 width=16) (actual time=34.776..2206.770 rows=1731 loops=1)
                                 Buffers: shared hit=213807 read=17776
                                 ->  Nested Loop  (cost=4695.45..410841.13 rows=1 width=20) (actual time=34.749..2171.943 rows=1731 loops=1)
                                       Buffers: shared hit=212076 read=17776
                                       ->  Hash Join  (cost=4695.02..407320.73 rows=83 width=12) (actual time=20.203..1687.374 rows=3825 loops=1)
                                             Hash Cond: (t.kind_id = kt.id)
                                             Buffers: shared hit=171872 read=6953
                                             ->  Nested Loop  (cost=4693.91..407318.39 rows=291 width=16) (actual time=19.676..1680.225 rows=30544 loops=1)
                                                   Buffers: shared hit=171871 read=6953
                                                   ->  Bitmap Heap Scan on movie_info mi2  (cost=4693.48..403795.44 rows=422 width=8) (actual time=19.642..406.618 rows=39813 loops=1)
                                                         Recheck Cond: (info_type_id = 5)
                                                         Filter: ((info)::text = ANY ('{Australia:M,Australia:MA,Canada:PG,Germany:16,Singapore:M18,Singapore:PG}'::text[]))
                                                         Rows Removed by Filter: 446741
                                                         Heap Blocks: exact=19164
                                                         Buffers: shared hit=19226 read=346
                                                         ->  Bitmap Index Scan on info_type_id_movie_info  (cost=0.00..4693.37 rows=439058 width=0) (actual time=17.015..17.015 rows=486554 loops=1)
                                                               Index Cond: (info_type_id = 5)
                                                               Buffers: shared hit=408
                                                   ->  Index Scan using title_pkey on title t  (cost=0.43..8.35 rows=1 width=8) (actual time=0.031..0.031 rows=1 loops=39813)
                                                         Index Cond: (id = mi2.movie_id)
                                                         Filter: ((production_year <= 2015) AND (1990 < production_year))
                                                         Rows Removed by Filter: 0
                                                         Buffers: shared hit=152645 read=6607
                                             ->  Hash  (cost=1.09..1.09 rows=2 width=4) (actual time=0.020..0.021 rows=2 loops=1)
                                                   Buckets: 1024  Batches: 1  Memory Usage: 9kB
                                                   Buffers: shared hit=1
                                                   ->  Seq Scan on kind_type kt  (cost=0.00..1.09 rows=2 width=4) (actual time=0.014..0.015 rows=2 loops=1)
                                                         Filter: ((kind)::text = ANY ('{episode,"video movie"}'::text[]))
                                                         Rows Removed by Filter: 5
                                                         Buffers: shared hit=1
                                       ->  Index Scan using movie_id_movie_info on movie_info mi1  (cost=0.43..42.40 rows=1 width=8) (actual time=0.126..0.126 rows=0 loops=3825)
                                             Index Cond: (movie_id = t.id)
                                             Filter: ((info_type_id = 3) AND ((info)::text = ANY ('{Action,Drama,Horror,Romance,Thriller}'::text[])))
                                             Rows Removed by Filter: 21
                                             Buffers: shared hit=40204 read=10823
                                 ->  Seq Scan on info_type it1  (cost=0.00..2.41 rows=1 width=4) (actual time=0.009..0.018 rows=1 loops=1731)
                                       Filter: (id = 3)
                                       Rows Removed by Filter: 112
                                       Buffers: shared hit=1731
                           ->  Seq Scan on info_type it2  (cost=0.00..2.41 rows=1 width=4) (actual time=0.010..0.018 rows=1 loops=1731)
                                 Filter: (id = 5)
                                 Rows Removed by Filter: 112
                                 Buffers: shared hit=1731
                     ->  Index Scan using movie_id_cast_info on cast_info ci  (cost=0.44..43.36 rows=38 width=12) (actual time=0.033..0.554 rows=59 loops=1731)
                           Index Cond: (movie_id = t.id)
                           Buffers: shared hit=80395 read=22553
               ->  Hash  (cost=1.15..1.15 rows=1 width=4) (actual time=0.035..0.036 rows=1 loops=1)
                     Buckets: 1024  Batches: 1  Memory Usage: 9kB
                     Buffers: shared hit=1
                     ->  Seq Scan on role_type rt  (cost=0.00..1.15 rows=1 width=4) (actual time=0.028..0.029 rows=1 loops=1)
                           Filter: ((role)::text = 'composer'::text)
                           Rows Removed by Filter: 11
                           Buffers: shared hit=1
         ->  Index Scan using name_pkey on name n  (cost=0.43..2.32 rows=1 width=4) (actual time=0.034..0.034 rows=0 loops=1837)
               Index Cond: (id = ci.person_id)
               Filter: ((gender)::text = 'f'::text)
               Rows Removed by Filter: 1
               Buffers: shared hit=6456 read=892
 Planning:
   Buffers: shared hit=574
 Planning Time: 13.155 ms
 Execution Time: 3306.318 ms
(73 rows)

