                                                                                              QUERY PLAN                                                                                              
------------------------------------------------------------------------------------------------------------------------------------------------------------------------------------------------------
 Aggregate  (cost=443692.85..443692.86 rows=1 width=8) (actual time=3086.552..3086.559 rows=1 loops=1)
   Buffers: shared hit=238874 read=72853
   ->  Nested Loop  (cost=4697.51..443692.84 rows=2 width=0) (actual time=20.781..3085.839 rows=3628 loops=1)
         Buffers: shared hit=238874 read=72853
         ->  Hash Join  (cost=4697.08..443681.25 rows=5 width=4) (actual time=20.683..2777.952 rows=8861 loops=1)
               Hash Cond: (ci.role_id = rt.id)
               Buffers: shared hit=209082 read=67201
               ->  Nested Loop  (cost=4695.91..443679.97 rows=29 width=8) (actual time=20.622..2762.836 rows=97274 loops=1)
                     Buffers: shared hit=209081 read=67201
                     ->  Nested Loop  (cost=4695.47..443592.65 rows=2 width=12) (actual time=20.576..1843.476 rows=1645 loops=1)
                           Buffers: shared hit=134836 read=48119
                           ->  Seq Scan on info_type it2  (cost=0.00..2.41 rows=1 width=4) (actual time=0.032..0.040 rows=1 loops=1)
                                 Filter: (id = 5)
                                 Rows Removed by Filter: 112
                                 Buffers: shared hit=1
                           ->  Nested Loop  (cost=4695.47..443590.22 rows=2 width=16) (actual time=20.543..1843.077 rows=1645 loops=1)
                                 Buffers: shared hit=134835 read=48119
                                 ->  Seq Scan on info_type it1  (cost=0.00..2.41 rows=1 width=4) (actual time=0.009..0.020 rows=1 loops=1)
                                       Filter: (id = 3)
                                       Rows Removed by Filter: 112
                                       Buffers: shared hit=1
                                 ->  Nested Loop  (cost=4695.47..443587.79 rows=2 width=20) (actual time=20.531..1842.663 rows=1645 loops=1)
                                       Buffers: shared hit=134834 read=48119
                                       ->  Hash Join  (cost=4695.03..436801.50 rows=160 width=12) (actual time=20.339..1528.799 rows=1965 loops=1)
                                             Hash Cond: (t.kind_id = kt.id)
                                             Buffers: shared hit=120373 read=32684
                                             ->  Nested Loop  (cost=4693.90..436798.80 rows=373 width=16) (actual time=20.030..1522.105 rows=33304 loops=1)
                                                   Buffers: shared hit=120372 read=32684
                                                   ->  Bitmap Heap Scan on movie_info mi2  (cost=4693.47..433457.80 rows=400 width=8) (actual time=19.985..477.708 rows=33371 loops=1)
                                                         Recheck Cond: (info_type_id = 5)
                                                         Filter: ((info)::text = ANY ('{Finland:K-15,Finland:K-16,Germany:o.Al.,Portugal:M/16,"South Korea:18",Switzerland:7,UK:18,USA:PG}'::text[]))
                                                         Rows Removed by Filter: 453183
                                                         Heap Blocks: exact=19164
                                                         Buffers: shared hit=1072 read=18500
                                                         ->  Bitmap Index Scan on info_type_id_movie_info  (cost=0.00..4693.37 rows=439058 width=0) (actual time=16.947..16.947 rows=486554 loops=1)
                                                               Index Cond: (info_type_id = 5)
                                                               Buffers: shared read=408
                                                   ->  Index Scan using title_pkey on title t  (cost=0.43..8.35 rows=1 width=8) (actual time=0.031..0.031 rows=1 loops=33371)
                                                         Index Cond: (id = mi2.movie_id)
                                                         Filter: ((production_year <= 2015) AND (1925 < production_year))
                                                         Rows Removed by Filter: 0
                                                         Buffers: shared hit=119300 read=14184
                                             ->  Hash  (cost=1.10..1.10 rows=3 width=4) (actual time=0.023..0.024 rows=3 loops=1)
                                                   Buckets: 1024  Batches: 1  Memory Usage: 9kB
                                                   Buffers: shared hit=1
                                                   ->  Seq Scan on kind_type kt  (cost=0.00..1.10 rows=3 width=4) (actual time=0.012..0.013 rows=3 loops=1)
                                                         Filter: ((kind)::text = ANY ('{"tv movie","tv series","video game"}'::text[]))
                                                         Rows Removed by Filter: 4
                                                         Buffers: shared hit=1
                                       ->  Index Scan using movie_id_movie_info on movie_info mi1  (cost=0.43..42.40 rows=1 width=8) (actual time=0.157..0.159 rows=1 loops=1965)
                                             Index Cond: (movie_id = t.id)
                                             Filter: ((info_type_id = 3) AND ((info)::text = ANY ('{Action,Comedy,Crime,Horror,Mystery,War}'::text[])))
                                             Rows Removed by Filter: 34
                                             Buffers: shared hit=14461 read=15435
                     ->  Index Scan using movie_id_cast_info on cast_info ci  (cost=0.44..43.28 rows=38 width=12) (actual time=0.034..0.546 rows=59 loops=1645)
                           Index Cond: (movie_id = t.id)
                           Buffers: shared hit=74245 read=19082
               ->  Hash  (cost=1.15..1.15 rows=2 width=4) (actual time=0.036..0.037 rows=2 loops=1)
                     Buckets: 1024  Batches: 1  Memory Usage: 9kB
                     Buffers: shared hit=1
                     ->  Seq Scan on role_type rt  (cost=0.00..1.15 rows=2 width=4) (actual time=0.027..0.030 rows=2 loops=1)
                           Filter: ((role)::text = ANY ('{producer,writer}'::text[]))
                           Rows Removed by Filter: 10
                           Buffers: shared hit=1
         ->  Index Scan using name_pkey on name n  (cost=0.43..2.32 rows=1 width=4) (actual time=0.034..0.034 rows=0 loops=8861)
               Index Cond: (id = ci.person_id)
               Filter: ((gender)::text = 'm'::text)
               Rows Removed by Filter: 1
               Buffers: shared hit=29792 read=5652
 Planning:
   Buffers: shared hit=483 read=91
 Planning Time: 13.540 ms
 Execution Time: 3087.295 ms
(73 rows)

