                                                                                             QUERY PLAN                                                                                              
-----------------------------------------------------------------------------------------------------------------------------------------------------------------------------------------------------
 Aggregate  (cost=461382.76..461382.77 rows=1 width=8) (actual time=30089.813..30089.820 rows=1 loops=1)
   Buffers: shared hit=2739509 read=373457
   ->  Nested Loop  (cost=4697.53..461382.75 rows=1 width=0) (actual time=347.997..30089.555 rows=365 loops=1)
         Buffers: shared hit=2739509 read=373457
         ->  Nested Loop  (cost=4697.53..461380.33 rows=1 width=4) (actual time=347.983..30081.311 rows=365 loops=1)
               Buffers: shared hit=2739144 read=373457
               ->  Nested Loop  (cost=4697.53..461377.91 rows=1 width=8) (actual time=347.960..30073.563 rows=365 loops=1)
                     Buffers: shared hit=2738779 read=373457
                     ->  Hash Join  (cost=4697.10..461373.27 rows=2 width=12) (actual time=46.785..29022.049 rows=29185 loops=1)
                           Hash Cond: (ci.role_id = rt.id)
                           Buffers: shared hit=2628283 read=367213
                           ->  Nested Loop  (cost=4695.94..461372.01 rows=29 width=16) (actual time=46.422..28647.230 rows=2147034 loops=1)
                                 Buffers: shared hit=2628282 read=367213
                                 ->  Nested Loop  (cost=4695.50..461284.69 rows=2 width=20) (actual time=46.362..8477.996 rows=26825 loops=1)
                                       Buffers: shared hit=686070 read=152962
                                       ->  Hash Join  (cost=4695.06..452568.75 rows=205 width=12) (actual time=20.475..2042.033 rows=34993 loops=1)
                                             Hash Cond: (t.kind_id = kt.id)
                                             Buffers: shared hit=153906 read=35111
                                             ->  Nested Loop  (cost=4693.93..452565.60 rows=479 width=16) (actual time=19.918..2020.509 rows=40347 loops=1)
                                                   Buffers: shared hit=153905 read=35111
                                                   ->  Bitmap Heap Scan on movie_info mi2  (cost=4693.50..448289.01 rows=514 width=8) (actual time=19.867..535.361 rows=42361 loops=1)
                                                         Recheck Cond: (info_type_id = 5)
                                                         Filter: ((info)::text = ANY ('{Argentina:16,Australia:PG,Canada:G,Iceland:12,India:U,Portugal:M/12,Portugal:M/16,UK:U,USA:G}'::text[]))
                                                         Rows Removed by Filter: 444193
                                                         Heap Blocks: exact=19164
                                                         Buffers: shared hit=4336 read=15236
                                                         ->  Bitmap Index Scan on info_type_id_movie_info  (cost=0.00..4693.37 rows=439058 width=0) (actual time=17.316..17.316 rows=486554 loops=1)
                                                               Index Cond: (info_type_id = 5)
                                                               Buffers: shared read=408
                                                   ->  Index Scan using title_pkey on title t  (cost=0.43..8.32 rows=1 width=8) (actual time=0.034..0.034 rows=1 loops=42361)
                                                         Index Cond: (id = mi2.movie_id)
                                                         Filter: ((production_year <= 2015) AND (1925 < production_year))
                                                         Rows Removed by Filter: 0
                                                         Buffers: shared hit=149569 read=19875
                                             ->  Hash  (cost=1.10..1.10 rows=3 width=4) (actual time=0.025..0.026 rows=3 loops=1)
                                                   Buckets: 1024  Batches: 1  Memory Usage: 9kB
                                                   Buffers: shared hit=1
                                                   ->  Seq Scan on kind_type kt  (cost=0.00..1.10 rows=3 width=4) (actual time=0.012..0.014 rows=3 loops=1)
                                                         Filter: ((kind)::text = ANY ('{episode,movie,"video movie"}'::text[]))
                                                         Rows Removed by Filter: 4
                                                         Buffers: shared hit=1
                                       ->  Index Scan using movie_id_movie_info on movie_info mi1  (cost=0.43..42.51 rows=1 width=8) (actual time=0.182..0.183 rows=1 loops=34993)
                                             Index Cond: (movie_id = t.id)
                                             Filter: ((info_type_id = 3) AND ((info)::text = ANY ('{Action,Adventure,Animation,Crime,Family,Horror,Mystery,Thriller}'::text[])))
                                             Rows Removed by Filter: 81
                                             Buffers: shared hit=532164 read=117851
                                 ->  Index Scan using movie_id_cast_info on cast_info ci  (cost=0.44..43.28 rows=38 width=12) (actual time=0.037..0.730 rows=80 loops=26825)
                                       Index Cond: (movie_id = t.id)
                                       Buffers: shared hit=1942212 read=214251
                           ->  Hash  (cost=1.15..1.15 rows=1 width=4) (actual time=0.046..0.046 rows=1 loops=1)
                                 Buckets: 1024  Batches: 1  Memory Usage: 9kB
                                 Buffers: shared hit=1
                                 ->  Seq Scan on role_type rt  (cost=0.00..1.15 rows=1 width=4) (actual time=0.026..0.030 rows=1 loops=1)
                                       Filter: ((role)::text = 'composer'::text)
                                       Rows Removed by Filter: 11
                                       Buffers: shared hit=1
                     ->  Index Scan using name_pkey on name n  (cost=0.43..2.32 rows=1 width=4) (actual time=0.035..0.035 rows=0 loops=29185)
                           Index Cond: (id = ci.person_id)
                           Filter: ((gender)::text = 'f'::text)
                           Rows Removed by Filter: 1
                           Buffers: shared hit=110496 read=6244
               ->  Seq Scan on info_type it1  (cost=0.00..2.41 rows=1 width=4) (actual time=0.008..0.018 rows=1 loops=365)
                     Filter: (id = 3)
                     Rows Removed by Filter: 112
                     Buffers: shared hit=365
         ->  Seq Scan on info_type it2  (cost=0.00..2.41 rows=1 width=4) (actual time=0.011..0.020 rows=1 loops=365)
               Filter: (id = 5)
               Rows Removed by Filter: 112
               Buffers: shared hit=365
 Planning:
   Buffers: shared hit=529 read=45
 Planning Time: 13.178 ms
 Execution Time: 30090.504 ms
(73 rows)

