                                                                                             QUERY PLAN                                                                                              
-----------------------------------------------------------------------------------------------------------------------------------------------------------------------------------------------------
 Aggregate  (cost=409071.07..409071.08 rows=1 width=8) (actual time=55761.735..55761.751 rows=1 loops=1)
   Buffers: shared hit=5176679 read=543342
   ->  Nested Loop  (cost=4697.65..409071.05 rows=9 width=0) (actual time=71.401..55722.695 rows=207759 loops=1)
         Buffers: shared hit=5176679 read=543342
         ->  Hash Join  (cost=4697.22..409038.58 rows=14 width=4) (actual time=71.317..27866.735 rows=757414 loops=1)
               Hash Cond: (ci.role_id = rt.id)
               Buffers: shared hit=2237161 read=453204
               ->  Nested Loop  (cost=4696.05..409037.10 rows=86 width=8) (actual time=70.606..27286.810 rows=2037171 loops=1)
                     Buffers: shared hit=2237160 read=453204
                     ->  Nested Loop  (cost=4695.61..408774.68 rows=6 width=12) (actual time=70.522..7010.377 rows=23675 loops=1)
                           Buffers: shared hit=492920 read=141559
                           ->  Seq Scan on info_type it2  (cost=0.00..2.41 rows=1 width=4) (actual time=0.028..0.037 rows=1 loops=1)
                                 Filter: (id = 5)
                                 Rows Removed by Filter: 112
                                 Buffers: shared hit=1
                           ->  Nested Loop  (cost=4695.61..408772.21 rows=6 width=16) (actual time=70.493..7003.137 rows=23675 loops=1)
                                 Buffers: shared hit=492919 read=141559
                                 ->  Seq Scan on info_type it1  (cost=0.00..2.41 rows=1 width=4) (actual time=0.006..0.017 rows=1 loops=1)
                                       Filter: (id = 3)
                                       Rows Removed by Filter: 112
                                       Buffers: shared hit=1
                                 ->  Nested Loop  (cost=4695.61..408769.74 rows=6 width=20) (actual time=70.484..6995.958 rows=23675 loops=1)
                                       Buffers: shared hit=492918 read=141559
                                       ->  Hash Join  (cost=4695.17..396808.88 rows=282 width=12) (actual time=20.205..2155.657 rows=26326 loops=1)
                                             Hash Cond: (t.kind_id = kt.id)
                                             Buffers: shared hit=145055 read=39846
                                             ->  Nested Loop  (cost=4694.04..396804.97 rows=659 width=16) (actual time=20.174..2138.753 rows=28733 loops=1)
                                                   Buffers: shared hit=145054 read=39846
                                                   ->  Bitmap Heap Scan on movie_info mi2  (cost=4693.61..388964.38 rows=956 width=8) (actual time=19.399..538.508 rows=41332 loops=1)
                                                         Recheck Cond: (info_type_id = 5)
                                                         Filter: ((info)::text = ANY ('{Argentina:Atp,Iceland:L,Singapore:NC-16,UK:12,USA:R}'::text[]))
                                                         Rows Removed by Filter: 445222
                                                         Heap Blocks: exact=19164
                                                         Buffers: shared hit=3001 read=16571
                                                         ->  Bitmap Index Scan on info_type_id_movie_info  (cost=0.00..4693.37 rows=439058 width=0) (actual time=16.765..16.766 rows=486554 loops=1)
                                                               Index Cond: (info_type_id = 5)
                                                               Buffers: shared read=408
                                                   ->  Index Scan using title_pkey on title t  (cost=0.43..8.20 rows=1 width=8) (actual time=0.038..0.038 rows=1 loops=41332)
                                                         Index Cond: (id = mi2.movie_id)
                                                         Filter: ((production_year <= 2015) AND (1990 < production_year))
                                                         Rows Removed by Filter: 0
                                                         Buffers: shared hit=142053 read=23275
                                             ->  Hash  (cost=1.10..1.10 rows=3 width=4) (actual time=0.011..0.021 rows=3 loops=1)
                                                   Buckets: 1024  Batches: 1  Memory Usage: 9kB
                                                   Buffers: shared hit=1
                                                   ->  Seq Scan on kind_type kt  (cost=0.00..1.10 rows=3 width=4) (actual time=0.006..0.008 rows=3 loops=1)
                                                         Filter: ((kind)::text = ANY ('{episode,movie,"video movie"}'::text[]))
                                                         Rows Removed by Filter: 4
                                                         Buffers: shared hit=1
                                       ->  Index Scan using movie_id_movie_info on movie_info mi1  (cost=0.43..42.40 rows=1 width=8) (actual time=0.182..0.183 rows=1 loops=26326)
                                             Index Cond: (movie_id = t.id)
                                             Filter: ((info_type_id = 3) AND ((info)::text = ANY ('{Comedy,Crime,Drama,Family,Thriller}'::text[])))
                                             Rows Removed by Filter: 62
                                             Buffers: shared hit=347863 read=101713
                     ->  Index Scan using movie_id_cast_info on cast_info ci  (cost=0.44..43.36 rows=38 width=12) (actual time=0.038..0.831 rows=86 loops=23675)
                           Index Cond: (movie_id = t.id)
                           Buffers: shared hit=1744240 read=311645
               ->  Hash  (cost=1.15..1.15 rows=2 width=4) (actual time=0.031..0.032 rows=2 loops=1)
                     Buckets: 1024  Batches: 1  Memory Usage: 9kB
                     Buffers: shared hit=1
                     ->  Seq Scan on role_type rt  (cost=0.00..1.15 rows=2 width=4) (actual time=0.023..0.024 rows=2 loops=1)
                           Filter: ((role)::text = ANY ('{director,"miscellaneous crew"}'::text[]))
                           Rows Removed by Filter: 10
                           Buffers: shared hit=1
         ->  Index Scan using name_pkey on name n  (cost=0.43..2.32 rows=1 width=4) (actual time=0.036..0.036 rows=0 loops=757414)
               Index Cond: (id = ci.person_id)
               Filter: ((gender)::text = ANY ('{f,m}'::text[]))
               Rows Removed by Filter: 1
               Buffers: shared hit=2939518 read=90138
 Planning:
   Buffers: shared hit=483 read=91
 Planning Time: 12.915 ms
 Execution Time: 55762.311 ms
(73 rows)

