                                                                                             QUERY PLAN                                                                                              
-----------------------------------------------------------------------------------------------------------------------------------------------------------------------------------------------------
 Aggregate  (cost=461906.31..461906.32 rows=1 width=8) (actual time=27921.428..27921.436 rows=1 loops=1)
   Buffers: shared hit=2542447 read=340861
   ->  Nested Loop  (cost=4697.69..461906.30 rows=4 width=0) (actual time=34.741..27905.617 rows=82316 loops=1)
         Buffers: shared hit=2542447 read=340861
         ->  Hash Join  (cost=4697.26..461883.11 rows=10 width=4) (actual time=34.691..22527.695 rows=151489 loops=1)
               Hash Cond: (ci.role_id = rt.id)
               Buffers: shared hit=1962729 read=314623
               ->  Nested Loop  (cost=4696.09..461881.73 rows=57 width=8) (actual time=34.366..22239.607 rows=1463556 loops=1)
                     Buffers: shared hit=1962728 read=314623
                     ->  Nested Loop  (cost=4695.65..461704.23 rows=4 width=12) (actual time=34.320..7652.830 rows=31153 loops=1)
                           Buffers: shared hit=626839 read=122463
                           ->  Seq Scan on info_type it2  (cost=0.00..2.41 rows=1 width=4) (actual time=0.032..0.042 rows=1 loops=1)
                                 Filter: (id = 5)
                                 Rows Removed by Filter: 112
                                 Buffers: shared hit=1
                           ->  Nested Loop  (cost=4695.65..461701.78 rows=4 width=16) (actual time=34.287..7644.752 rows=31153 loops=1)
                                 Buffers: shared hit=626838 read=122463
                                 ->  Seq Scan on info_type it1  (cost=0.00..2.41 rows=1 width=4) (actual time=0.009..0.021 rows=1 loops=1)
                                       Filter: (id = 3)
                                       Rows Removed by Filter: 112
                                       Buffers: shared hit=1
                                 ->  Nested Loop  (cost=4695.65..461699.33 rows=4 width=20) (actual time=34.275..7636.126 rows=31153 loops=1)
                                       Buffers: shared hit=626837 read=122463
                                       ->  Hash Join  (cost=4695.21..457323.77 rows=102 width=12) (actual time=34.005..2869.044 rows=26721 loops=1)
                                             Hash Cond: (t.kind_id = kt.id)
                                             Buffers: shared hit=245675 read=34050
                                             ->  Nested Loop  (cost=4694.08..457321.63 rows=239 width=16) (actual time=21.086..2853.523 rows=27022 loops=1)
                                                   Buffers: shared hit=245674 read=34050
                                                   ->  Bitmap Heap Scan on movie_info mi2  (cost=4693.65..448289.16 rows=1106 width=8) (actual time=21.042..554.314 rows=65038 loops=1)
                                                         Recheck Cond: (info_type_id = 5)
                                                         Filter: ((info)::text = ANY ('{Finland:K-12,Finland:K-16,Iceland:16,India:U,Sweden:Btl,UK:18,USA:Approved,USA:PG,USA:R}'::text[]))
                                                         Rows Removed by Filter: 421516
                                                         Heap Blocks: exact=19164
                                                         Buffers: shared hit=2372 read=17200
                                                         ->  Bitmap Index Scan on info_type_id_movie_info  (cost=0.00..4693.37 rows=439058 width=0) (actual time=18.136..18.136 rows=486554 loops=1)
                                                               Index Cond: (info_type_id = 5)
                                                               Buffers: shared read=408
                                                   ->  Index Scan using title_pkey on title t  (cost=0.43..8.17 rows=1 width=8) (actual time=0.035..0.035 rows=0 loops=65038)
                                                         Index Cond: (id = mi2.movie_id)
                                                         Filter: ((production_year <= 1990) AND (1950 < production_year))
                                                         Rows Removed by Filter: 1
                                                         Buffers: shared hit=243302 read=16850
                                             ->  Hash  (cost=1.10..1.10 rows=3 width=4) (actual time=0.030..0.032 rows=3 loops=1)
                                                   Buckets: 1024  Batches: 1  Memory Usage: 9kB
                                                   Buffers: shared hit=1
                                                   ->  Seq Scan on kind_type kt  (cost=0.00..1.10 rows=3 width=4) (actual time=0.019..0.021 rows=3 loops=1)
                                                         Filter: ((kind)::text = ANY ('{episode,movie,"tv movie"}'::text[]))
                                                         Rows Removed by Filter: 4
                                                         Buffers: shared hit=1
                                       ->  Index Scan using movie_id_movie_info on movie_info mi1  (cost=0.43..42.89 rows=1 width=8) (actual time=0.176..0.178 rows=1 loops=26721)
                                             Index Cond: (movie_id = t.id)
                                             Filter: ((info_type_id = 3) AND ((info)::text = ANY ('{Adventure,Comedy,Drama,Horror,Short,Thriller}'::text[])))
                                             Rows Removed by Filter: 54
                                             Buffers: shared hit=381162 read=88413
                     ->  Index Scan using movie_id_cast_info on cast_info ci  (cost=0.44..43.99 rows=38 width=12) (actual time=0.037..0.456 rows=47 loops=31153)
                           Index Cond: (movie_id = t.id)
                           Buffers: shared hit=1335889 read=192160
               ->  Hash  (cost=1.15..1.15 rows=2 width=4) (actual time=0.035..0.035 rows=2 loops=1)
                     Buckets: 1024  Batches: 1  Memory Usage: 9kB
                     Buffers: shared hit=1
                     ->  Seq Scan on role_type rt  (cost=0.00..1.15 rows=2 width=4) (actual time=0.025..0.028 rows=2 loops=1)
                           Filter: ((role)::text = ANY ('{producer,writer}'::text[]))
                           Rows Removed by Filter: 10
                           Buffers: shared hit=1
         ->  Index Scan using name_pkey on name n  (cost=0.43..2.32 rows=1 width=4) (actual time=0.035..0.035 rows=1 loops=151489)
               Index Cond: (id = ci.person_id)
               Filter: ((gender)::text = 'm'::text)
               Rows Removed by Filter: 0
               Buffers: shared hit=579718 read=26238
 Planning:
   Buffers: shared hit=483 read=91
 Planning Time: 14.333 ms
 Execution Time: 27922.186 ms
(73 rows)

