                                                                                             QUERY PLAN                                                                                              
-----------------------------------------------------------------------------------------------------------------------------------------------------------------------------------------------------
 Aggregate  (cost=367531.05..367531.06 rows=1 width=8) (actual time=1783.286..1783.293 rows=1 loops=1)
   Buffers: shared hit=144786 read=38602
   ->  Nested Loop  (cost=4697.48..367531.05 rows=1 width=0) (actual time=44.225..1783.193 rows=207 loops=1)
         Buffers: shared hit=144786 read=38602
         ->  Hash Join  (cost=4697.05..367528.73 rows=1 width=4) (actual time=36.540..1751.697 rows=848 loops=1)
               Hash Cond: (ci.role_id = rt.id)
               Buffers: shared hit=142007 read=37989
               ->  Nested Loop  (cost=4695.89..367527.52 rows=14 width=8) (actual time=36.096..1745.603 rows=42796 loops=1)
                     Buffers: shared hit=142006 read=37989
                     ->  Nested Loop  (cost=4695.45..367483.86 rows=1 width=12) (actual time=36.055..1295.440 rows=775 loops=1)
                           Buffers: shared hit=113179 read=22332
                           ->  Nested Loop  (cost=4695.45..367481.44 rows=1 width=16) (actual time=36.049..1282.947 rows=775 loops=1)
                                 Buffers: shared hit=112404 read=22332
                                 ->  Nested Loop  (cost=4695.45..367479.02 rows=1 width=20) (actual time=36.020..1269.507 rows=775 loops=1)
                                       Buffers: shared hit=111629 read=22332
                                       ->  Hash Join  (cost=4695.02..362793.78 rows=111 width=12) (actual time=35.873..1036.072 rows=1402 loops=1)
                                             Hash Cond: (t.kind_id = kt.id)
                                             Buffers: shared hit=99344 read=13341
                                             ->  Nested Loop  (cost=4693.90..362791.02 rows=390 width=16) (actual time=19.887..1031.520 rows=23212 loops=1)
                                                   Buffers: shared hit=99343 read=13341
                                                   ->  Bitmap Heap Scan on movie_info mi2  (cost=4693.47..359301.88 rows=418 width=8) (actual time=19.843..330.122 rows=23278 loops=1)
                                                         Recheck Cond: (info_type_id = 5)
                                                         Filter: ((info)::text = ANY ('{Iceland:12,Sweden:Btl,USA:R}'::text[]))
                                                         Rows Removed by Filter: 463276
                                                         Heap Blocks: exact=19164
                                                         Buffers: shared hit=10422 read=9150
                                                         ->  Bitmap Index Scan on info_type_id_movie_info  (cost=0.00..4693.37 rows=439058 width=0) (actual time=16.583..16.584 rows=486554 loops=1)
                                                               Index Cond: (info_type_id = 5)
                                                               Buffers: shared read=408
                                                   ->  Index Scan using title_pkey on title t  (cost=0.43..8.35 rows=1 width=8) (actual time=0.030..0.030 rows=1 loops=23278)
                                                         Index Cond: (id = mi2.movie_id)
                                                         Filter: ((production_year <= 2015) AND (1925 < production_year))
                                                         Rows Removed by Filter: 0
                                                         Buffers: shared hit=88921 read=4191
                                             ->  Hash  (cost=1.09..1.09 rows=2 width=4) (actual time=0.015..0.015 rows=2 loops=1)
                                                   Buckets: 1024  Batches: 1  Memory Usage: 9kB
                                                   Buffers: shared hit=1
                                                   ->  Seq Scan on kind_type kt  (cost=0.00..1.09 rows=2 width=4) (actual time=0.009..0.010 rows=2 loops=1)
                                                         Filter: ((kind)::text = ANY ('{"tv movie","video game"}'::text[]))
                                                         Rows Removed by Filter: 5
                                                         Buffers: shared hit=1
                                       ->  Index Scan using movie_id_movie_info on movie_info mi1  (cost=0.43..42.20 rows=1 width=8) (actual time=0.166..0.166 rows=1 loops=1402)
                                             Index Cond: (movie_id = t.id)
                                             Filter: ((info_type_id = 3) AND ((info)::text = 'Drama'::text))
                                             Rows Removed by Filter: 23
                                             Buffers: shared hit=12285 read=8991
                                 ->  Seq Scan on info_type it1  (cost=0.00..2.41 rows=1 width=4) (actual time=0.008..0.015 rows=1 loops=775)
                                       Filter: (id = 3)
                                       Rows Removed by Filter: 112
                                       Buffers: shared hit=775
                           ->  Seq Scan on info_type it2  (cost=0.00..2.41 rows=1 width=4) (actual time=0.007..0.014 rows=1 loops=775)
                                 Filter: (id = 5)
                                 Rows Removed by Filter: 112
                                 Buffers: shared hit=775
                     ->  Index Scan using movie_id_cast_info on cast_info ci  (cost=0.44..43.28 rows=38 width=12) (actual time=0.040..0.569 rows=55 loops=775)
                           Index Cond: (movie_id = t.id)
                           Buffers: shared hit=28827 read=15657
               ->  Hash  (cost=1.15..1.15 rows=1 width=4) (actual time=0.035..0.036 rows=1 loops=1)
                     Buckets: 1024  Batches: 1  Memory Usage: 9kB
                     Buffers: shared hit=1
                     ->  Seq Scan on role_type rt  (cost=0.00..1.15 rows=1 width=4) (actual time=0.028..0.029 rows=1 loops=1)
                           Filter: ((role)::text = 'editor'::text)
                           Rows Removed by Filter: 11
                           Buffers: shared hit=1
         ->  Index Scan using name_pkey on name n  (cost=0.43..2.32 rows=1 width=4) (actual time=0.036..0.036 rows=0 loops=848)
               Index Cond: (id = ci.person_id)
               Filter: ((gender)::text = 'm'::text)
               Rows Removed by Filter: 1
               Buffers: shared hit=2779 read=613
 Planning:
   Buffers: shared hit=529 read=45
 Planning Time: 12.774 ms
 Execution Time: 1783.942 ms
(73 rows)

