                                                                                                          QUERY PLAN                                                                                                          
------------------------------------------------------------------------------------------------------------------------------------------------------------------------------------------------------------------------------
 Aggregate  (cost=479617.26..479617.27 rows=1 width=8) (actual time=34754.194..34754.202 rows=1 loops=1)
   Buffers: shared hit=3220490 read=389137
   ->  Nested Loop  (cost=4697.63..479617.26 rows=1 width=0) (actual time=96.671..34750.189 rows=8132 loops=1)
         Buffers: shared hit=3220490 read=389137
         ->  Nested Loop  (cost=4697.63..479614.83 rows=1 width=4) (actual time=96.665..34563.369 rows=8132 loops=1)
               Buffers: shared hit=3212358 read=389137
               ->  Nested Loop  (cost=4697.63..479612.41 rows=1 width=8) (actual time=96.645..34362.817 rows=8132 loops=1)
                     Buffers: shared hit=3204226 read=389137
                     ->  Hash Join  (cost=4697.20..479598.49 rows=6 width=12) (actual time=21.916..33584.440 rows=22381 loops=1)
                           Hash Cond: (ci.role_id = rt.id)
                           Buffers: shared hit=3117482 read=386357
                           ->  Nested Loop  (cost=4696.03..479597.08 rows=72 width=16) (actual time=21.535..33113.373 rows=2622406 loops=1)
                                 Buffers: shared hit=3117481 read=386357
                                 ->  Nested Loop  (cost=4695.59..479378.40 rows=5 width=20) (actual time=21.497..8906.074 rows=27030 loops=1)
                                       Buffers: shared hit=727216 read=146453
                                       ->  Hash Join  (cost=4695.16..471172.64 rows=193 width=12) (actual time=20.319..2695.231 rows=33841 loops=1)
                                             Hash Cond: (t.kind_id = kt.id)
                                             Buffers: shared hit=215117 read=39676
                                             ->  Nested Loop  (cost=4694.05..471168.67 rows=677 width=16) (actual time=19.703..2671.870 rows=43298 loops=1)
                                                   Buffers: shared hit=215116 read=39676
                                                   ->  Bitmap Heap Scan on movie_info mi2  (cost=4693.62..463120.32 rows=982 width=8) (actual time=19.660..568.169 rows=58805 loops=1)
                                                         Recheck Cond: (info_type_id = 5)
                                                         Filter: ((info)::text = ANY ('{Argentina:Atp,Australia:M,Germany:18,"Hong Kong:IIB",Iceland:16,Italy:T,Singapore:PG,Switzerland:10,USA:PG-13,USA:Unrated}'::text[]))
                                                         Rows Removed by Filter: 427749
                                                         Heap Blocks: exact=19164
                                                         Buffers: shared hit=3771 read=15801
                                                         ->  Bitmap Index Scan on info_type_id_movie_info  (cost=0.00..4693.37 rows=439058 width=0) (actual time=17.037..17.038 rows=486554 loops=1)
                                                               Index Cond: (info_type_id = 5)
                                                               Buffers: shared read=408
                                                   ->  Index Scan using title_pkey on title t  (cost=0.43..8.20 rows=1 width=8) (actual time=0.035..0.035 rows=1 loops=58805)
                                                         Index Cond: (id = mi2.movie_id)
                                                         Filter: ((production_year <= 2015) AND (1990 < production_year))
                                                         Rows Removed by Filter: 0
                                                         Buffers: shared hit=211345 read=23875
                                             ->  Hash  (cost=1.09..1.09 rows=2 width=4) (actual time=0.018..0.019 rows=2 loops=1)
                                                   Buckets: 1024  Batches: 1  Memory Usage: 9kB
                                                   Buffers: shared hit=1
                                                   ->  Seq Scan on kind_type kt  (cost=0.00..1.09 rows=2 width=4) (actual time=0.010..0.012 rows=2 loops=1)
                                                         Filter: ((kind)::text = ANY ('{episode,movie}'::text[]))
                                                         Rows Removed by Filter: 5
                                                         Buffers: shared hit=1
                                       ->  Index Scan using movie_id_movie_info on movie_info mi1  (cost=0.43..42.51 rows=1 width=8) (actual time=0.182..0.183 rows=1 loops=33841)
                                             Index Cond: (movie_id = t.id)
                                             Filter: ((info_type_id = 3) AND ((info)::text = ANY ('{Action,Adult,Comedy,Crime,Documentary,Fantasy,Thriller}'::text[])))
                                             Rows Removed by Filter: 83
                                             Buffers: shared hit=512099 read=106777
                                 ->  Index Scan using movie_id_cast_info on cast_info ci  (cost=0.44..43.36 rows=38 width=12) (actual time=0.039..0.869 rows=97 loops=27030)
                                       Index Cond: (movie_id = t.id)
                                       Buffers: shared hit=2390265 read=239904
                           ->  Hash  (cost=1.15..1.15 rows=1 width=4) (actual time=0.034..0.035 rows=1 loops=1)
                                 Buckets: 1024  Batches: 1  Memory Usage: 9kB
                                 Buffers: shared hit=1
                                 ->  Seq Scan on role_type rt  (cost=0.00..1.15 rows=1 width=4) (actual time=0.027..0.029 rows=1 loops=1)
                                       Filter: ((role)::text = 'costume designer'::text)
                                       Rows Removed by Filter: 11
                                       Buffers: shared hit=1
                     ->  Index Scan using name_pkey on name n  (cost=0.43..2.32 rows=1 width=4) (actual time=0.034..0.034 rows=0 loops=22381)
                           Index Cond: (id = ci.person_id)
                           Filter: ((gender)::text = 'f'::text)
                           Rows Removed by Filter: 1
                           Buffers: shared hit=86744 read=2780
               ->  Seq Scan on info_type it1  (cost=0.00..2.41 rows=1 width=4) (actual time=0.012..0.022 rows=1 loops=8132)
                     Filter: (id = 3)
                     Rows Removed by Filter: 112
                     Buffers: shared hit=8132
         ->  Seq Scan on info_type it2  (cost=0.00..2.41 rows=1 width=4) (actual time=0.011..0.021 rows=1 loops=8132)
               Filter: (id = 5)
               Rows Removed by Filter: 112
               Buffers: shared hit=8132
 Planning:
   Buffers: shared hit=519 read=55
 Planning Time: 13.780 ms
 Execution Time: 34754.909 ms
(73 rows)

