                                                                                                   QUERY PLAN                                                                                                    
-----------------------------------------------------------------------------------------------------------------------------------------------------------------------------------------------------------------
 Aggregate  (cost=451902.77..451902.78 rows=1 width=8) (actual time=36830.605..36830.613 rows=1 loops=1)
   Buffers: shared hit=3478024 read=258234
   ->  Nested Loop  (cost=4697.81..451902.75 rows=8 width=0) (actual time=30.164..36816.438 rows=65625 loops=1)
         Buffers: shared hit=3478024 read=258234
         ->  Hash Join  (cost=4697.38..451874.92 rows=12 width=4) (actual time=30.084..31287.226 rows=148617 loops=1)
               Hash Cond: (ci.role_id = rt.id)
               Buffers: shared hit=2895214 read=246576
               ->  Nested Loop  (cost=4696.21..451873.49 rows=72 width=8) (actual time=29.944..30872.004 rows=2074983 loops=1)
                     Buffers: shared hit=2895213 read=246576
                     ->  Nested Loop  (cost=4695.77..451650.71 rows=5 width=12) (actual time=29.907..9908.894 rows=51778 loops=1)
                           Buffers: shared hit=815128 read=132196
                           ->  Seq Scan on info_type it2  (cost=0.00..2.41 rows=1 width=4) (actual time=0.024..0.035 rows=1 loops=1)
                                 Filter: (id = 5)
                                 Rows Removed by Filter: 112
                                 Buffers: shared hit=1
                           ->  Nested Loop  (cost=4695.77..451648.25 rows=5 width=16) (actual time=29.882..9895.278 rows=51778 loops=1)
                                 Buffers: shared hit=815127 read=132196
                                 ->  Seq Scan on info_type it1  (cost=0.00..2.41 rows=1 width=4) (actual time=0.008..0.022 rows=1 loops=1)
                                       Filter: (id = 3)
                                       Rows Removed by Filter: 112
                                       Buffers: shared hit=1
                                 ->  Nested Loop  (cost=4695.77..451645.79 rows=5 width=20) (actual time=29.871..9880.719 rows=51778 loops=1)
                                       Buffers: shared hit=815126 read=132196
                                       ->  Hash Join  (cost=4695.33..446298.64 rows=124 width=12) (actual time=29.610..3301.807 rows=39133 loops=1)
                                             Hash Cond: (t.kind_id = kt.id)
                                             Buffers: shared hit=256065 read=45388
                                             ->  Nested Loop  (cost=4694.20..446296.29 rows=289 width=16) (actual time=20.153..3278.900 rows=39440 loops=1)
                                                   Buffers: shared hit=256064 read=45388
                                                   ->  Bitmap Heap Scan on movie_info mi2  (cost=4693.77..433458.10 rows=1596 width=8) (actual time=20.111..584.221 rows=70470 loops=1)
                                                         Recheck Cond: (info_type_id = 5)
                                                         Filter: ((info)::text = ANY ('{Argentina:Atp,Australia:G,Finland:K-16,Sweden:15,Sweden:Btl,USA:Approved,"West Germany:12","West Germany:16"}'::text[]))
                                                         Rows Removed by Filter: 416084
                                                         Heap Blocks: exact=19164
                                                         Buffers: shared hit=2685 read=16887
                                                         ->  Bitmap Index Scan on info_type_id_movie_info  (cost=0.00..4693.37 rows=439058 width=0) (actual time=17.462..17.462 rows=486554 loops=1)
                                                               Index Cond: (info_type_id = 5)
                                                               Buffers: shared read=408
                                                   ->  Index Scan using title_pkey on title t  (cost=0.43..8.04 rows=1 width=8) (actual time=0.038..0.038 rows=1 loops=70470)
                                                         Index Cond: (id = mi2.movie_id)
                                                         Filter: ((production_year <= 1975) AND (1875 < production_year))
                                                         Rows Removed by Filter: 0
                                                         Buffers: shared hit=253379 read=28501
                                             ->  Hash  (cost=1.10..1.10 rows=3 width=4) (actual time=0.016..0.018 rows=3 loops=1)
                                                   Buckets: 1024  Batches: 1  Memory Usage: 9kB
                                                   Buffers: shared hit=1
                                                   ->  Seq Scan on kind_type kt  (cost=0.00..1.10 rows=3 width=4) (actual time=0.008..0.010 rows=3 loops=1)
                                                         Filter: ((kind)::text = ANY ('{episode,movie,"tv movie"}'::text[]))
                                                         Rows Removed by Filter: 4
                                                         Buffers: shared hit=1
                                       ->  Index Scan using movie_id_movie_info on movie_info mi1  (cost=0.43..43.11 rows=1 width=8) (actual time=0.166..0.167 rows=1 loops=39133)
                                             Index Cond: (movie_id = t.id)
                                             Filter: ((info_type_id = 3) AND ((info)::text = ANY ('{Action,Animation,Comedy,Drama,Romance,Short,Thriller,Western}'::text[])))
                                             Rows Removed by Filter: 39
                                             Buffers: shared hit=559061 read=86808
                     ->  Index Scan using movie_id_cast_info on cast_info ci  (cost=0.44..44.17 rows=38 width=12) (actual time=0.037..0.393 rows=40 loops=51778)
                           Index Cond: (movie_id = t.id)
                           Buffers: shared hit=2080085 read=114380
               ->  Hash  (cost=1.15..1.15 rows=2 width=4) (actual time=0.034..0.035 rows=2 loops=1)
                     Buckets: 1024  Batches: 1  Memory Usage: 9kB
                     Buffers: shared hit=1
                     ->  Seq Scan on role_type rt  (cost=0.00..1.15 rows=2 width=4) (actual time=0.026..0.028 rows=2 loops=1)
                           Filter: ((role)::text = ANY ('{"production designer",writer}'::text[]))
                           Rows Removed by Filter: 10
                           Buffers: shared hit=1
         ->  Index Scan using name_pkey on name n  (cost=0.43..2.32 rows=1 width=4) (actual time=0.037..0.037 rows=0 loops=148617)
               Index Cond: (id = ci.person_id)
               Filter: ((gender)::text = ANY ('{f,m}'::text[]))
               Rows Removed by Filter: 1
               Buffers: shared hit=582810 read=11658
 Planning:
   Buffers: shared hit=504 read=70
 Planning Time: 14.164 ms
 Execution Time: 36831.285 ms
(73 rows)

