                                                                                                        QUERY PLAN                                                                                                        
--------------------------------------------------------------------------------------------------------------------------------------------------------------------------------------------------------------------------
 Aggregate  (cost=517159.71..517159.72 rows=1 width=8) (actual time=164400.475..164400.482 rows=1 loops=1)
   Buffers: shared hit=16273747 read=865786
   ->  Nested Loop  (cost=4697.84..517159.65 rows=22 width=0) (actual time=40.527..164260.371 rows=753161 loops=1)
         Buffers: shared hit=16273747 read=865786
         ->  Hash Join  (cost=4697.41..517080.79 rows=34 width=4) (actual time=40.476..74767.147 rows=2425766 loops=1)
               Hash Cond: (ci.role_id = rt.id)
               Buffers: shared hit=6705797 read=730672
               ->  Nested Loop  (cost=4696.24..517078.90 rows=201 width=8) (actual time=39.080..72984.449 rows=5903057 loops=1)
                     Buffers: shared hit=6705796 read=730672
                     ->  Nested Loop  (cost=4695.80..516467.13 rows=14 width=12) (actual time=39.036..15552.851 rows=70829 loops=1)
                           Buffers: shared hit=1295449 read=177143
                           ->  Seq Scan on info_type it2  (cost=0.00..2.41 rows=1 width=4) (actual time=0.030..0.040 rows=1 loops=1)
                                 Filter: (id = 5)
                                 Rows Removed by Filter: 112
                                 Buffers: shared hit=1
                           ->  Nested Loop  (cost=4695.80..516464.58 rows=14 width=16) (actual time=39.005..15531.740 rows=70829 loops=1)
                                 Buffers: shared hit=1295448 read=177143
                                 ->  Seq Scan on info_type it1  (cost=0.00..2.41 rows=1 width=4) (actual time=0.008..0.020 rows=1 loops=1)
                                       Filter: (id = 3)
                                       Rows Removed by Filter: 112
                                       Buffers: shared hit=1
                                 ->  Nested Loop  (cost=4695.80..516462.02 rows=14 width=20) (actual time=38.993..15508.059 rows=70829 loops=1)
                                       Buffers: shared hit=1295447 read=177143
                                       ->  Hash Join  (cost=4695.36..491719.49 rows=583 width=12) (actual time=21.102..3886.587 rows=61287 loops=1)
                                             Hash Cond: (t.kind_id = kt.id)
                                             Buffers: shared hit=313368 read=44297
                                             ->  Nested Loop  (cost=4694.23..491712.63 rows=1360 width=16) (actual time=20.592..3843.170 rows=70062 loops=1)
                                                   Buffers: shared hit=313367 read=44297
                                                   ->  Bitmap Heap Scan on movie_info mi2  (cost=4693.80..477951.68 rows=1717 width=8) (actual time=20.536..664.280 rows=84523 loops=1)
                                                         Recheck Cond: (info_type_id = 5)
                                                         Filter: ((info)::text = ANY ('{Argentina:Atp,Australia:M,Finland:K-16,Germany:16,Germany:18,Netherlands:16,Singapore:PG,UK:15,UK:18,USA:PG,USA:PG-13}'::text[]))
                                                         Rows Removed by Filter: 402031
                                                         Heap Blocks: exact=19164
                                                         Buffers: shared hit=5505 read=14067
                                                         ->  Bitmap Index Scan on info_type_id_movie_info  (cost=0.00..4693.37 rows=439058 width=0) (actual time=17.897..17.897 rows=486554 loops=1)
                                                               Index Cond: (info_type_id = 5)
                                                               Buffers: shared read=408
                                                   ->  Index Scan using title_pkey on title t  (cost=0.43..8.01 rows=1 width=8) (actual time=0.037..0.037 rows=1 loops=84523)
                                                         Index Cond: (id = mi2.movie_id)
                                                         Filter: ((production_year <= 2015) AND (1975 < production_year))
                                                         Rows Removed by Filter: 0
                                                         Buffers: shared hit=307862 read=30230
                                             ->  Hash  (cost=1.10..1.10 rows=3 width=4) (actual time=0.014..0.015 rows=3 loops=1)
                                                   Buckets: 1024  Batches: 1  Memory Usage: 9kB
                                                   Buffers: shared hit=1
                                                   ->  Seq Scan on kind_type kt  (cost=0.00..1.10 rows=3 width=4) (actual time=0.008..0.010 rows=3 loops=1)
                                                         Filter: ((kind)::text = ANY ('{episode,movie,"video movie"}'::text[]))
                                                         Rows Removed by Filter: 4
                                                         Buffers: shared hit=1
                                       ->  Index Scan using movie_id_movie_info on movie_info mi1  (cost=0.43..42.43 rows=1 width=8) (actual time=0.187..0.189 rows=1 loops=61287)
                                             Index Cond: (movie_id = t.id)
                                             Filter: ((info_type_id = 3) AND ((info)::text = ANY ('{Action,Comedy,Drama,Family,Romance,Thriller}'::text[])))
                                             Rows Removed by Filter: 75
                                             Buffers: shared hit=982079 read=132846
                     ->  Index Scan using movie_id_cast_info on cast_info ci  (cost=0.44..43.32 rows=38 width=12) (actual time=0.038..0.786 rows=83 loops=70829)
                           Index Cond: (movie_id = t.id)
                           Buffers: shared hit=5410347 read=553529
               ->  Hash  (cost=1.15..1.15 rows=2 width=4) (actual time=0.038..0.039 rows=2 loops=1)
                     Buckets: 1024  Batches: 1  Memory Usage: 9kB
                     Buffers: shared hit=1
                     ->  Seq Scan on role_type rt  (cost=0.00..1.15 rows=2 width=4) (actual time=0.024..0.027 rows=2 loops=1)
                           Filter: ((role)::text = ANY ('{"miscellaneous crew",producer}'::text[]))
                           Rows Removed by Filter: 10
                           Buffers: shared hit=1
         ->  Index Scan using name_pkey on name n  (cost=0.43..2.32 rows=1 width=4) (actual time=0.036..0.036 rows=0 loops=2425766)
               Index Cond: (id = ci.person_id)
               Filter: ((gender)::text = ANY ('{f,m}'::text[]))
               Rows Removed by Filter: 1
               Buffers: shared hit=9567950 read=135114
 Planning:
   Buffers: shared hit=484 read=90
 Planning Time: 14.666 ms
 Execution Time: 164401.145 ms
(73 rows)

