                                                                                             QUERY PLAN                                                                                              
-----------------------------------------------------------------------------------------------------------------------------------------------------------------------------------------------------
 Aggregate  (cost=454309.70..454309.71 rows=1 width=8) (actual time=3218.277..3218.285 rows=1 loops=1)
   Buffers: shared hit=281026 read=51587
   ->  Nested Loop  (cost=4697.84..454309.67 rows=9 width=0) (actual time=252.517..3218.204 rows=211 loops=1)
         Buffers: shared hit=281026 read=51587
         ->  Hash Join  (cost=4697.41..454277.20 rows=14 width=4) (actual time=22.565..3200.593 rows=454 loops=1)
               Hash Cond: (ci.role_id = rt.id)
               Buffers: shared hit=279483 read=51314
               ->  Nested Loop  (cost=4696.24..454275.72 rows=86 width=8) (actual time=22.387..3198.933 rows=10526 loops=1)
                     Buffers: shared hit=279482 read=51314
                     ->  Nested Loop  (cost=4695.80..454009.48 rows=6 width=12) (actual time=22.351..3082.151 rows=457 loops=1)
                           Buffers: shared hit=272183 read=47004
                           ->  Seq Scan on info_type it2  (cost=0.00..2.41 rows=1 width=4) (actual time=0.031..0.041 rows=1 loops=1)
                                 Filter: (id = 5)
                                 Rows Removed by Filter: 112
                                 Buffers: shared hit=1
                           ->  Nested Loop  (cost=4695.80..454007.01 rows=6 width=16) (actual time=22.319..3082.006 rows=457 loops=1)
                                 Buffers: shared hit=272182 read=47004
                                 ->  Seq Scan on info_type it1  (cost=0.00..2.41 rows=1 width=4) (actual time=0.012..0.024 rows=1 loops=1)
                                       Filter: (id = 3)
                                       Rows Removed by Filter: 112
                                       Buffers: shared hit=1
                                 ->  Nested Loop  (cost=4695.80..454004.53 rows=6 width=20) (actual time=22.304..3081.865 rows=457 loops=1)
                                       Buffers: shared hit=272181 read=47004
                                       ->  Hash Join  (cost=4695.36..447191.96 rows=159 width=12) (actual time=20.715..2994.837 rows=527 loops=1)
                                             Hash Cond: (t.kind_id = kt.id)
                                             Buffers: shared hit=268769 read=42060
                                             ->  Nested Loop  (cost=4694.23..447189.26 rows=370 width=16) (actual time=20.670..2988.947 rows=26714 loops=1)
                                                   Buffers: shared hit=268768 read=42060
                                                   ->  Bitmap Heap Scan on movie_info mi2  (cost=4693.80..433458.13 rows=1713 width=8) (actual time=20.627..508.335 rows=72814 loops=1)
                                                         Recheck Cond: (info_type_id = 5)
                                                         Filter: ((info)::text = ANY ('{Argentina:Atp,Finland:K-12,Iceland:16,Sweden:15,UK:15,USA:Approved,USA:R,"West Germany:16"}'::text[]))
                                                         Rows Removed by Filter: 413740
                                                         Heap Blocks: exact=19164
                                                         Buffers: shared hit=694 read=18878
                                                         ->  Bitmap Index Scan on info_type_id_movie_info  (cost=0.00..4693.37 rows=439058 width=0) (actual time=17.744..17.744 rows=486554 loops=1)
                                                               Index Cond: (info_type_id = 5)
                                                               Buffers: shared read=408
                                                   ->  Index Scan using title_pkey on title t  (cost=0.43..8.02 rows=1 width=8) (actual time=0.034..0.034 rows=0 loops=72814)
                                                         Index Cond: (id = mi2.movie_id)
                                                         Filter: ((production_year <= 1990) AND (1950 < production_year))
                                                         Rows Removed by Filter: 1
                                                         Buffers: shared hit=268074 read=23182
                                             ->  Hash  (cost=1.10..1.10 rows=3 width=4) (actual time=0.017..0.018 rows=3 loops=1)
                                                   Buckets: 1024  Batches: 1  Memory Usage: 9kB
                                                   Buffers: shared hit=1
                                                   ->  Seq Scan on kind_type kt  (cost=0.00..1.10 rows=3 width=4) (actual time=0.009..0.011 rows=3 loops=1)
                                                         Filter: ((kind)::text = ANY ('{"tv series","video game","video movie"}'::text[]))
                                                         Rows Removed by Filter: 4
                                                         Buffers: shared hit=1
                                       ->  Index Scan using movie_id_movie_info on movie_info mi1  (cost=0.43..42.84 rows=1 width=8) (actual time=0.161..0.164 rows=1 loops=527)
                                             Index Cond: (movie_id = t.id)
                                             Filter: ((info_type_id = 3) AND ((info)::text = ANY ('{Comedy,Crime,Drama,Short,Thriller}'::text[])))
                                             Rows Removed by Filter: 44
                                             Buffers: shared hit=3412 read=4944
                     ->  Index Scan using movie_id_cast_info on cast_info ci  (cost=0.44..43.99 rows=38 width=12) (actual time=0.031..0.250 rows=23 loops=457)
                           Index Cond: (movie_id = t.id)
                           Buffers: shared hit=7299 read=4310
               ->  Hash  (cost=1.15..1.15 rows=2 width=4) (actual time=0.035..0.036 rows=2 loops=1)
                     Buckets: 1024  Batches: 1  Memory Usage: 9kB
                     Buffers: shared hit=1
                     ->  Seq Scan on role_type rt  (cost=0.00..1.15 rows=2 width=4) (actual time=0.026..0.028 rows=2 loops=1)
                           Filter: ((role)::text = ANY ('{director,"production designer"}'::text[]))
                           Rows Removed by Filter: 10
                           Buffers: shared hit=1
         ->  Index Scan using name_pkey on name n  (cost=0.43..2.32 rows=1 width=4) (actual time=0.038..0.038 rows=0 loops=454)
               Index Cond: (id = ci.person_id)
               Filter: ((gender)::text = ANY ('{f,m}'::text[]))
               Rows Removed by Filter: 1
               Buffers: shared hit=1543 read=273
 Planning:
   Buffers: shared hit=484 read=90
 Planning Time: 14.505 ms
 Execution Time: 3218.938 ms
(73 rows)

