                                                                                             QUERY PLAN                                                                                              
-----------------------------------------------------------------------------------------------------------------------------------------------------------------------------------------------------
 Aggregate  (cost=348175.72..348175.73 rows=1 width=8) (actual time=9173.286..9173.293 rows=1 loops=1)
   Buffers: shared hit=802873 read=146991
   ->  Nested Loop  (cost=4697.48..348175.71 rows=1 width=0) (actual time=33.894..9172.769 rows=1502 loops=1)
         Buffers: shared hit=802873 read=146991
         ->  Hash Join  (cost=4697.05..348173.39 rows=1 width=4) (actual time=33.764..8439.322 rows=20105 loops=1)
               Hash Cond: (ci.role_id = rt.id)
               Buffers: shared hit=728847 read=140597
               ->  Nested Loop  (cost=4695.89..348172.18 rows=14 width=8) (actual time=33.333..8361.016 rows=492973 loops=1)
                     Buffers: shared hit=728846 read=140597
                     ->  Nested Loop  (cost=4695.45..348127.30 rows=1 width=12) (actual time=33.296..3742.210 rows=13893 loops=1)
                           Buffers: shared hit=264245 read=80261
                           ->  Nested Loop  (cost=4695.45..348124.88 rows=1 width=16) (actual time=33.291..3467.676 rows=13893 loops=1)
                                 Buffers: shared hit=250352 read=80261
                                 ->  Nested Loop  (cost=4695.45..348122.46 rows=1 width=20) (actual time=33.270..3172.064 rows=13893 loops=1)
                                       Buffers: shared hit=236459 read=80261
                                       ->  Hash Join  (cost=4695.02..347258.69 rows=20 width=12) (actual time=33.159..914.737 rows=14251 loops=1)
                                             Hash Cond: (t.kind_id = kt.id)
                                             Buffers: shared hit=66445 read=17892
                                             ->  Nested Loop  (cost=4693.88..347257.36 rows=47 width=16) (actual time=33.120..907.742 rows=14260 loops=1)
                                                   Buffers: shared hit=66444 read=17892
                                                   ->  Bitmap Heap Scan on movie_info mi2  (cost=4693.45..344470.67 rows=333 width=8) (actual time=21.875..364.993 rows=16191 loops=1)
                                                         Recheck Cond: (info_type_id = 5)
                                                         Filter: ((info)::text = ANY ('{Sweden:Btl,USA:Approved}'::text[]))
                                                         Rows Removed by Filter: 470363
                                                         Heap Blocks: exact=19164
                                                         Buffers: shared hit=2331 read=17241
                                                         ->  Bitmap Index Scan on info_type_id_movie_info  (cost=0.00..4693.37 rows=439058 width=0) (actual time=17.887..17.887 rows=486554 loops=1)
                                                               Index Cond: (info_type_id = 5)
                                                               Buffers: shared read=408
                                                   ->  Index Scan using title_pkey on title t  (cost=0.43..8.37 rows=1 width=8) (actual time=0.033..0.033 rows=1 loops=16191)
                                                         Index Cond: (id = mi2.movie_id)
                                                         Filter: ((production_year <= 1975) AND (1925 < production_year))
                                                         Rows Removed by Filter: 0
                                                         Buffers: shared hit=64113 read=651
                                             ->  Hash  (cost=1.10..1.10 rows=3 width=4) (actual time=0.015..0.016 rows=3 loops=1)
                                                   Buckets: 1024  Batches: 1  Memory Usage: 9kB
                                                   Buffers: shared hit=1
                                                   ->  Seq Scan on kind_type kt  (cost=0.00..1.10 rows=3 width=4) (actual time=0.009..0.012 rows=3 loops=1)
                                                         Filter: ((kind)::text = ANY ('{episode,movie,"tv movie"}'::text[]))
                                                         Rows Removed by Filter: 4
                                                         Buffers: shared hit=1
                                       ->  Index Scan using movie_id_movie_info on movie_info mi1  (cost=0.43..43.18 rows=1 width=8) (actual time=0.157..0.158 rows=1 loops=14251)
                                             Index Cond: (movie_id = t.id)
                                             Filter: ((info_type_id = 3) AND ((info)::text = ANY ('{Animation,Comedy,Drama,Family,Mystery}'::text[])))
                                             Rows Removed by Filter: 33
                                             Buffers: shared hit=170014 read=62369
                                 ->  Seq Scan on info_type it1  (cost=0.00..2.41 rows=1 width=4) (actual time=0.011..0.019 rows=1 loops=13893)
                                       Filter: (id = 3)
                                       Rows Removed by Filter: 112
                                       Buffers: shared hit=13893
                           ->  Seq Scan on info_type it2  (cost=0.00..2.41 rows=1 width=4) (actual time=0.010..0.018 rows=1 loops=13893)
                                 Filter: (id = 5)
                                 Rows Removed by Filter: 112
                                 Buffers: shared hit=13893
                     ->  Index Scan using movie_id_cast_info on cast_info ci  (cost=0.44..44.50 rows=38 width=12) (actual time=0.035..0.324 rows=35 loops=13893)
                           Index Cond: (movie_id = t.id)
                           Buffers: shared hit=464601 read=60336
               ->  Hash  (cost=1.15..1.15 rows=1 width=4) (actual time=0.030..0.031 rows=1 loops=1)
                     Buckets: 1024  Batches: 1  Memory Usage: 9kB
                     Buffers: shared hit=1
                     ->  Seq Scan on role_type rt  (cost=0.00..1.15 rows=1 width=4) (actual time=0.024..0.025 rows=1 loops=1)
                           Filter: ((role)::text = 'miscellaneous crew'::text)
                           Rows Removed by Filter: 11
                           Buffers: shared hit=1
         ->  Index Scan using name_pkey on name n  (cost=0.43..2.32 rows=1 width=4) (actual time=0.036..0.036 rows=0 loops=20105)
               Index Cond: (id = ci.person_id)
               Filter: ((gender)::text = 'f'::text)
               Rows Removed by Filter: 1
               Buffers: shared hit=74026 read=6394
 Planning:
   Buffers: shared hit=529 read=45
 Planning Time: 14.518 ms
 Execution Time: 9173.973 ms
(73 rows)

