                                                                                             QUERY PLAN                                                                                              
-----------------------------------------------------------------------------------------------------------------------------------------------------------------------------------------------------
 Aggregate  (cost=431975.84..431975.85 rows=1 width=8) (actual time=53290.018..53290.024 rows=1 loops=1)
   Buffers: shared hit=4929487 read=632492
   ->  Nested Loop  (cost=4697.72..431975.82 rows=7 width=0) (actual time=22.752..53285.577 rows=10511 loops=1)
         Buffers: shared hit=4929487 read=632492
         ->  Seq Scan on info_type it2  (cost=0.00..2.41 rows=1 width=4) (actual time=0.034..0.042 rows=1 loops=1)
               Filter: (id = 5)
               Rows Removed by Filter: 112
               Buffers: shared hit=1
         ->  Nested Loop  (cost=4697.72..431973.34 rows=7 width=4) (actual time=22.717..53282.608 rows=10511 loops=1)
               Buffers: shared hit=4929486 read=632492
               ->  Seq Scan on info_type it1  (cost=0.00..2.41 rows=1 width=4) (actual time=0.006..0.016 rows=1 loops=1)
                     Filter: (id = 3)
                     Rows Removed by Filter: 112
                     Buffers: shared hit=1
               ->  Nested Loop  (cost=4697.72..431970.86 rows=7 width=8) (actual time=22.708..53279.430 rows=10511 loops=1)
                     Buffers: shared hit=4929485 read=632492
                     ->  Hash Join  (cost=4697.29..431898.95 rows=31 width=12) (actual time=22.635..47797.212 rows=152150 loops=1)
                           Hash Cond: (ci.role_id = rt.id)
                           Buffers: shared hit=4370930 read=582447
                           ->  Nested Loop  (cost=4696.11..431897.11 rows=186 width=16) (actual time=19.822..47087.065 rows=3982773 loops=1)
                                 Buffers: shared hit=4370929 read=582447
                                 ->  Nested Loop  (cost=4695.67..431329.04 rows=13 width=20) (actual time=19.788..9458.042 rows=51329 loops=1)
                                       Buffers: shared hit=754486 read=161677
                                       ->  Hash Join  (cost=4695.24..413716.44 rows=414 width=12) (actual time=19.321..2479.938 rows=37578 loops=1)
                                             Hash Cond: (t.kind_id = kt.id)
                                             Buffers: shared hit=189563 read=38710
                                             ->  Nested Loop  (cost=4694.10..413711.23 rows=966 width=16) (actual time=18.706..2455.366 rows=46000 loops=1)
                                                   Buffers: shared hit=189562 read=38710
                                                   ->  Bitmap Heap Scan on movie_info mi2  (cost=4693.67..403795.63 rows=1219 width=8) (actual time=18.658..487.418 rows=52175 loops=1)
                                                         Recheck Cond: (info_type_id = 5)
                                                         Filter: ((info)::text = ANY ('{Australia:M,Australia:MA,Australia:PG,Germany:18,Netherlands:AL,USA:R}'::text[]))
                                                         Rows Removed by Filter: 434379
                                                         Heap Blocks: exact=19164
                                                         Buffers: shared hit=5276 read=14296
                                                         ->  Bitmap Index Scan on info_type_id_movie_info  (cost=0.00..4693.37 rows=439058 width=0) (actual time=16.121..16.121 rows=486554 loops=1)
                                                               Index Cond: (info_type_id = 5)
                                                               Buffers: shared read=408
                                                   ->  Index Scan using title_pkey on title t  (cost=0.43..8.13 rows=1 width=8) (actual time=0.037..0.037 rows=1 loops=52175)
                                                         Index Cond: (id = mi2.movie_id)
                                                         Filter: ((production_year <= 2015) AND (1975 < production_year))
                                                         Rows Removed by Filter: 0
                                                         Buffers: shared hit=184286 read=24414
                                             ->  Hash  (cost=1.10..1.10 rows=3 width=4) (actual time=0.013..0.014 rows=3 loops=1)
                                                   Buckets: 1024  Batches: 1  Memory Usage: 9kB
                                                   Buffers: shared hit=1
                                                   ->  Seq Scan on kind_type kt  (cost=0.00..1.10 rows=3 width=4) (actual time=0.007..0.008 rows=3 loops=1)
                                                         Filter: ((kind)::text = ANY ('{episode,movie,"video movie"}'::text[]))
                                                         Rows Removed by Filter: 4
                                                         Buffers: shared hit=1
                                       ->  Index Scan using movie_id_movie_info on movie_info mi1  (cost=0.43..42.53 rows=1 width=8) (actual time=0.183..0.185 rows=1 loops=37578)
                                             Index Cond: (movie_id = t.id)
                                             Filter: ((info_type_id = 3) AND ((info)::text = ANY ('{Action,Adventure,Comedy,Crime,Documentary,Drama,Horror,Romance}'::text[])))
                                             Rows Removed by Filter: 70
                                             Buffers: shared hit=564923 read=122967
                                 ->  Index Scan using movie_id_cast_info on cast_info ci  (cost=0.44..43.32 rows=38 width=12) (actual time=0.036..0.711 rows=78 loops=51329)
                                       Index Cond: (movie_id = t.id)
                                       Buffers: shared hit=3616443 read=420770
                           ->  Hash  (cost=1.15..1.15 rows=2 width=4) (actual time=0.014..0.015 rows=2 loops=1)
                                 Buckets: 1024  Batches: 1  Memory Usage: 9kB
                                 Buffers: shared hit=1
                                 ->  Seq Scan on role_type rt  (cost=0.00..1.15 rows=2 width=4) (actual time=0.008..0.010 rows=2 loops=1)
                                       Filter: ((role)::text = ANY ('{"production designer",writer}'::text[]))
                                       Rows Removed by Filter: 10
                                       Buffers: shared hit=1
                     ->  Index Scan using name_pkey on name n  (cost=0.43..2.32 rows=1 width=4) (actual time=0.035..0.035 rows=0 loops=152150)
                           Index Cond: (id = ci.person_id)
                           Filter: ((gender)::text = 'f'::text)
                           Rows Removed by Filter: 1
                           Buffers: shared hit=558555 read=50045
 Planning:
   Buffers: shared hit=520 read=54
 Planning Time: 12.483 ms
 Execution Time: 53290.545 ms
(73 rows)

