                                                                                             QUERY PLAN                                                                                              
-----------------------------------------------------------------------------------------------------------------------------------------------------------------------------------------------------
 Aggregate  (cost=411322.90..411322.91 rows=1 width=8) (actual time=21299.461..21299.479 rows=1 loops=1)
   Buffers: shared hit=1995725 read=214160
   ->  Nested Loop  (cost=4697.57..411322.90 rows=1 width=0) (actual time=38.685..21277.052 rows=127486 loops=1)
         Buffers: shared hit=1995725 read=214160
         ->  Hash Join  (cost=4697.14..411320.58 rows=1 width=4) (actual time=38.637..16796.325 rows=127495 loops=1)
               Hash Cond: (ci.role_id = rt.id)
               Buffers: shared hit=1501513 read=198392
               ->  Nested Loop  (cost=4695.98..411319.37 rows=14 width=8) (actual time=38.416..16623.415 rows=839600 loops=1)
                     Buffers: shared hit=1501512 read=198392
                     ->  Nested Loop  (cost=4695.54..411274.49 rows=1 width=12) (actual time=38.367..8439.992 rows=23779 loops=1)
                           Buffers: shared hit=688776 read=117710
                           ->  Nested Loop  (cost=4695.54..411272.07 rows=1 width=16) (actual time=38.360..7916.675 rows=23779 loops=1)
                                 Buffers: shared hit=664997 read=117710
                                 ->  Nested Loop  (cost=4695.54..411269.64 rows=1 width=20) (actual time=38.338..7395.824 rows=23779 loops=1)
                                       Buffers: shared hit=641218 read=117710
                                       ->  Hash Join  (cost=4695.11..409496.82 rows=41 width=12) (actual time=33.446..2093.553 rows=33075 loops=1)
                                             Hash Cond: (t.kind_id = kt.id)
                                             Buffers: shared hit=169020 read=33693
                                             ->  Nested Loop  (cost=4693.97..409495.27 rows=96 width=16) (actual time=23.135..2076.181 rows=33166 loops=1)
                                                   Buffers: shared hit=169019 read=33693
                                                   ->  Bitmap Heap Scan on movie_info mi2  (cost=4693.54..403795.50 rows=689 width=8) (actual time=20.820..483.607 rows=45785 loops=1)
                                                         Recheck Cond: (info_type_id = 5)
                                                         Filter: ((info)::text = ANY ('{Finland:K-16,Sweden:15,UK:U,USA:Approved,"West Germany:12","West Germany:16"}'::text[]))
                                                         Rows Removed by Filter: 440769
                                                         Heap Blocks: exact=19164
                                                         Buffers: shared hit=2077 read=17495
                                                         ->  Bitmap Index Scan on info_type_id_movie_info  (cost=0.00..4693.37 rows=439058 width=0) (actual time=17.555..17.556 rows=486554 loops=1)
                                                               Index Cond: (info_type_id = 5)
                                                               Buffers: shared read=408
                                                   ->  Index Scan using title_pkey on title t  (cost=0.43..8.27 rows=1 width=8) (actual time=0.034..0.034 rows=1 loops=45785)
                                                         Index Cond: (id = mi2.movie_id)
                                                         Filter: ((production_year <= 1975) AND (1925 < production_year))
                                                         Rows Removed by Filter: 0
                                                         Buffers: shared hit=166942 read=16198
                                             ->  Hash  (cost=1.10..1.10 rows=3 width=4) (actual time=0.019..0.020 rows=3 loops=1)
                                                   Buckets: 1024  Batches: 1  Memory Usage: 9kB
                                                   Buffers: shared hit=1
                                                   ->  Seq Scan on kind_type kt  (cost=0.00..1.10 rows=3 width=4) (actual time=0.010..0.012 rows=3 loops=1)
                                                         Filter: ((kind)::text = ANY ('{episode,movie,"tv movie"}'::text[]))
                                                         Rows Removed by Filter: 4
                                                         Buffers: shared hit=1
                                       ->  Index Scan using movie_id_movie_info on movie_info mi1  (cost=0.43..43.23 rows=1 width=8) (actual time=0.159..0.160 rows=1 loops=33075)
                                             Index Cond: (movie_id = t.id)
                                             Filter: ((info_type_id = 3) AND ((info)::text = ANY ('{Action,Adventure,Comedy,Documentary,Short,War}'::text[])))
                                             Rows Removed by Filter: 41
                                             Buffers: shared hit=472198 read=84017
                                 ->  Seq Scan on info_type it1  (cost=0.00..2.41 rows=1 width=4) (actual time=0.010..0.020 rows=1 loops=23779)
                                       Filter: (id = 3)
                                       Rows Removed by Filter: 112
                                       Buffers: shared hit=23779
                           ->  Seq Scan on info_type it2  (cost=0.00..2.41 rows=1 width=4) (actual time=0.011..0.020 rows=1 loops=23779)
                                 Filter: (id = 5)
                                 Rows Removed by Filter: 112
                                 Buffers: shared hit=23779
                     ->  Index Scan using movie_id_cast_info on cast_info ci  (cost=0.44..44.50 rows=38 width=12) (actual time=0.035..0.334 rows=35 loops=23779)
                           Index Cond: (movie_id = t.id)
                           Buffers: shared hit=812736 read=80682
               ->  Hash  (cost=1.15..1.15 rows=1 width=4) (actual time=0.037..0.047 rows=1 loops=1)
                     Buckets: 1024  Batches: 1  Memory Usage: 9kB
                     Buffers: shared hit=1
                     ->  Seq Scan on role_type rt  (cost=0.00..1.15 rows=1 width=4) (actual time=0.026..0.028 rows=1 loops=1)
                           Filter: ((role)::text = 'actress'::text)
                           Rows Removed by Filter: 11
                           Buffers: shared hit=1
         ->  Index Scan using name_pkey on name n  (cost=0.43..2.32 rows=1 width=4) (actual time=0.034..0.034 rows=1 loops=127495)
               Index Cond: (id = ci.person_id)
               Filter: ((gender)::text = 'f'::text)
               Rows Removed by Filter: 0
               Buffers: shared hit=494212 read=15768
 Planning:
   Buffers: shared hit=483 read=91
 Planning Time: 14.493 ms
 Execution Time: 21300.205 ms
(73 rows)

