                                                                                                                              QUERY PLAN                                                                                                                               
-----------------------------------------------------------------------------------------------------------------------------------------------------------------------------------------------------------------------------------------------------------------------
 Aggregate  (cost=537234.41..537234.42 rows=1 width=8) (actual time=61463.328..61463.336 rows=1 loops=1)
   Buffers: shared hit=5753870 read=675742
   ->  Nested Loop  (cost=4697.58..537234.39 rows=8 width=0) (actual time=28.753..61428.015 rows=181385 loops=1)
         Buffers: shared hit=5753870 read=675742
         ->  Hash Join  (cost=4697.15..537190.32 rows=19 width=4) (actual time=28.567..47936.878 rows=374788 loops=1)
               Hash Cond: (ci.role_id = rt.id)
               Buffers: shared hit=4325535 read=604925
               ->  Nested Loop  (cost=4695.97..537188.73 rows=115 width=8) (actual time=28.315..47200.814 rows=3763814 loops=1)
                     Buffers: shared hit=4325534 read=604925
                     ->  Nested Loop  (cost=4695.53..536839.45 rows=8 width=12) (actual time=28.273..11174.256 rows=58108 loops=1)
                           Buffers: shared hit=927578 read=162192
                           ->  Seq Scan on info_type it2  (cost=0.00..2.41 rows=1 width=4) (actual time=0.035..0.046 rows=1 loops=1)
                                 Filter: (id = 5)
                                 Rows Removed by Filter: 112
                                 Buffers: shared hit=1
                           ->  Nested Loop  (cost=4695.53..536836.96 rows=8 width=16) (actual time=28.237..11158.977 rows=58108 loops=1)
                                 Buffers: shared hit=927577 read=162192
                                 ->  Seq Scan on info_type it1  (cost=0.00..2.41 rows=1 width=4) (actual time=0.009..0.023 rows=1 loops=1)
                                       Filter: (id = 3)
                                       Rows Removed by Filter: 112
                                       Buffers: shared hit=1
                                 ->  Nested Loop  (cost=4695.53..536834.47 rows=8 width=20) (actual time=28.224..11141.720 rows=58108 loops=1)
                                       Buffers: shared hit=927576 read=162192
                                       ->  Hash Join  (cost=4695.08..527182.25 rows=228 width=12) (actual time=23.402..2575.831 rows=47708 loops=1)
                                             Hash Cond: (t.kind_id = kt.id)
                                             Buffers: shared hit=194890 read=34863
                                             ->  Nested Loop  (cost=4693.94..527178.88 rows=531 width=16) (actual time=20.242..2545.584 rows=52116 loops=1)
                                                   Buffers: shared hit=194889 read=34863
                                                   ->  Bitmap Heap Scan on movie_info mi2  (cost=4693.51..522444.95 rows=570 width=8) (actual time=20.195..663.369 rows=52545 loops=1)
                                                         Recheck Cond: (info_type_id = 5)
                                                         Filter: ((info)::text = ANY ('{Argentina:X,Australia:MA,Canada:13+,Chile:14,France:U,"Hong Kong:III",India:U,Netherlands:AL,Portugal:M/16,Sweden:7,UK:15,USA:Passed,USA:Unrated,"West Germany:16"}'::text[]))
                                                         Rows Removed by Filter: 434009
                                                         Heap Blocks: exact=19164
                                                         Buffers: shared hit=5006 read=14566
                                                         ->  Bitmap Index Scan on info_type_id_movie_info  (cost=0.00..4693.37 rows=439058 width=0) (actual time=17.250..17.250 rows=486554 loops=1)
                                                               Index Cond: (info_type_id = 5)
                                                               Buffers: shared read=408
                                                   ->  Index Scan using title_pkey on title t  (cost=0.43..8.31 rows=1 width=8) (actual time=0.035..0.035 rows=1 loops=52545)
                                                         Index Cond: (id = mi2.movie_id)
                                                         Filter: ((production_year <= 2015) AND (1925 < production_year))
                                                         Rows Removed by Filter: 0
                                                         Buffers: shared hit=189883 read=20297
                                             ->  Hash  (cost=1.10..1.10 rows=3 width=4) (actual time=0.022..0.023 rows=3 loops=1)
                                                   Buckets: 1024  Batches: 1  Memory Usage: 9kB
                                                   Buffers: shared hit=1
                                                   ->  Seq Scan on kind_type kt  (cost=0.00..1.10 rows=3 width=4) (actual time=0.010..0.012 rows=3 loops=1)
                                                         Filter: ((kind)::text = ANY ('{episode,movie,"video movie"}'::text[]))
                                                         Rows Removed by Filter: 4
                                                         Buffers: shared hit=1
                                       ->  Index Scan using movie_id_movie_info on movie_info mi1  (cost=0.46..42.32 rows=1 width=8) (actual time=0.178..0.179 rows=1 loops=47708)
                                             Index Cond: (movie_id = t.id)
                                             Filter: ((info_type_id = 3) AND ((info)::text = ANY ('{Action,Adult,Adventure,Animation,Drama,Family,Romance,Short,Thriller}'::text[])))
                                             Rows Removed by Filter: 72
                                             Buffers: shared hit=732686 read=127329
                     ->  Index Scan using movie_id_cast_info on cast_info ci  (cost=0.44..43.28 rows=38 width=12) (actual time=0.036..0.602 rows=65 loops=58108)
                           Index Cond: (movie_id = t.id)
                           Buffers: shared hit=3397956 read=442733
               ->  Hash  (cost=1.15..1.15 rows=2 width=4) (actual time=0.038..0.039 rows=2 loops=1)
                     Buckets: 1024  Batches: 1  Memory Usage: 9kB
                     Buffers: shared hit=1
                     ->  Seq Scan on role_type rt  (cost=0.00..1.15 rows=2 width=4) (actual time=0.028..0.031 rows=2 loops=1)
                           Filter: ((role)::text = ANY ('{producer,writer}'::text[]))
                           Rows Removed by Filter: 10
                           Buffers: shared hit=1
         ->  Index Scan using name_pkey on name n  (cost=0.43..2.32 rows=1 width=4) (actual time=0.035..0.035 rows=0 loops=374788)
               Index Cond: (id = ci.person_id)
               Filter: ((gender)::text = 'm'::text)
               Rows Removed by Filter: 1
               Buffers: shared hit=1428335 read=70817
 Planning:
   Buffers: shared hit=484 read=93
 Planning Time: 14.338 ms
 Execution Time: 61464.075 ms
(73 rows)

