                                                                                             QUERY PLAN                                                                                              
-----------------------------------------------------------------------------------------------------------------------------------------------------------------------------------------------------
 Aggregate  (cost=426776.62..426776.63 rows=1 width=8) (actual time=2146.909..2146.919 rows=1 loops=1)
   Buffers: shared hit=184416 read=36152
   ->  Nested Loop  (cost=4697.60..426776.61 rows=1 width=0) (actual time=22.804..2146.902 rows=29 loops=1)
         Buffers: shared hit=184416 read=36152
         ->  Hash Join  (cost=4697.17..426771.97 rows=2 width=4) (actual time=22.765..2145.029 rows=55 loops=1)
               Hash Cond: (ci.role_id = rt.id)
               Buffers: shared hit=184256 read=36092
               ->  Nested Loop  (cost=4695.99..426770.75 rows=14 width=8) (actual time=22.642..2144.845 rows=1103 loops=1)
                     Buffers: shared hit=184255 read=36092
                     ->  Nested Loop  (cost=4695.55..426725.87 rows=1 width=12) (actual time=22.608..2129.354 rows=116 loops=1)
                           Buffers: shared hit=183375 read=35555
                           ->  Nested Loop  (cost=4695.55..426723.45 rows=1 width=16) (actual time=22.601..2128.174 rows=116 loops=1)
                                 Buffers: shared hit=183259 read=35555
                                 ->  Nested Loop  (cost=4695.55..426721.03 rows=1 width=20) (actual time=22.585..2126.906 rows=116 loops=1)
                                       Buffers: shared hit=183143 read=35555
                                       ->  Hash Join  (cost=4695.12..424772.93 rows=45 width=12) (actual time=22.496..2109.758 rows=120 loops=1)
                                             Hash Cond: (t.kind_id = kt.id)
                                             Buffers: shared hit=182660 read=34321
                                             ->  Nested Loop  (cost=4693.99..424771.36 rows=104 width=16) (actual time=22.466..2104.772 rows=23907 loops=1)
                                                   Buffers: shared hit=182659 read=34321
                                                   ->  Bitmap Heap Scan on movie_info mi2  (cost=4693.56..418626.70 rows=744 width=8) (actual time=18.978..459.097 rows=49352 loops=1)
                                                         Recheck Cond: (info_type_id = 5)
                                                         Filter: ((info)::text = ANY ('{Australia:M,Finland:K-16,Sweden:15,UK:U,"West Germany:12","West Germany:16","West Germany:18"}'::text[]))
                                                         Rows Removed by Filter: 437202
                                                         Heap Blocks: exact=19164
                                                         Buffers: shared hit=1623 read=17949
                                                         ->  Bitmap Index Scan on info_type_id_movie_info  (cost=0.00..4693.37 rows=439058 width=0) (actual time=16.330..16.330 rows=486554 loops=1)
                                                               Index Cond: (info_type_id = 5)
                                                               Buffers: shared read=408
                                                   ->  Index Scan using title_pkey on title t  (cost=0.43..8.26 rows=1 width=8) (actual time=0.033..0.033 rows=0 loops=49352)
                                                         Index Cond: (id = mi2.movie_id)
                                                         Filter: ((production_year <= 1975) AND (1925 < production_year))
                                                         Rows Removed by Filter: 1
                                                         Buffers: shared hit=181036 read=16372
                                             ->  Hash  (cost=1.10..1.10 rows=3 width=4) (actual time=0.011..0.012 rows=3 loops=1)
                                                   Buckets: 1024  Batches: 1  Memory Usage: 9kB
                                                   Buffers: shared hit=1
                                                   ->  Seq Scan on kind_type kt  (cost=0.00..1.10 rows=3 width=4) (actual time=0.007..0.008 rows=3 loops=1)
                                                         Filter: ((kind)::text = ANY ('{"tv series","video game","video movie"}'::text[]))
                                                         Rows Removed by Filter: 4
                                                         Buffers: shared hit=1
                                       ->  Index Scan using movie_id_movie_info on movie_info mi1  (cost=0.43..43.28 rows=1 width=8) (actual time=0.139..0.142 rows=1 loops=120)
                                             Index Cond: (movie_id = t.id)
                                             Filter: ((info_type_id = 3) AND ((info)::text = ANY ('{Action,Adventure,Crime,Drama,Romance,Short,Thriller}'::text[])))
                                             Rows Removed by Filter: 53
                                             Buffers: shared hit=483 read=1234
                                 ->  Seq Scan on info_type it1  (cost=0.00..2.41 rows=1 width=4) (actual time=0.004..0.009 rows=1 loops=116)
                                       Filter: (id = 3)
                                       Rows Removed by Filter: 112
                                       Buffers: shared hit=116
                           ->  Seq Scan on info_type it2  (cost=0.00..2.41 rows=1 width=4) (actual time=0.004..0.009 rows=1 loops=116)
                                 Filter: (id = 5)
                                 Rows Removed by Filter: 112
                                 Buffers: shared hit=116
                     ->  Index Scan using movie_id_cast_info on cast_info ci  (cost=0.44..44.50 rows=38 width=12) (actual time=0.035..0.131 rows=10 loops=116)
                           Index Cond: (movie_id = t.id)
                           Buffers: shared hit=880 read=537
               ->  Hash  (cost=1.15..1.15 rows=2 width=4) (actual time=0.029..0.030 rows=2 loops=1)
                     Buckets: 1024  Batches: 1  Memory Usage: 9kB
                     Buffers: shared hit=1
                     ->  Seq Scan on role_type rt  (cost=0.00..1.15 rows=2 width=4) (actual time=0.021..0.022 rows=2 loops=1)
                           Filter: ((role)::text = ANY ('{director,editor}'::text[]))
                           Rows Removed by Filter: 10
                           Buffers: shared hit=1
         ->  Index Scan using name_pkey on name n  (cost=0.43..2.32 rows=1 width=4) (actual time=0.033..0.033 rows=1 loops=55)
               Index Cond: (id = ci.person_id)
               Filter: ((gender)::text = ANY ('{f,m}'::text[]))
               Rows Removed by Filter: 0
               Buffers: shared hit=160 read=60
 Planning:
   Buffers: shared hit=483 read=91
 Planning Time: 12.625 ms
 Execution Time: 2147.498 ms
(73 rows)

