                                                                                                   QUERY PLAN                                                                                                   
----------------------------------------------------------------------------------------------------------------------------------------------------------------------------------------------------------------
 Aggregate  (cost=458431.19..458431.20 rows=1 width=8) (actual time=39963.924..39963.932 rows=1 loops=1)
   Buffers: shared hit=3908243 read=235141
   ->  Nested Loop  (cost=4697.65..458431.19 rows=2 width=0) (actual time=48.353..39858.621 rows=574292 loops=1)
         Buffers: shared hit=3908243 read=235141
         ->  Hash Join  (cost=4697.22..458419.59 rows=5 width=4) (actual time=48.307..18373.832 rows=588053 loops=1)
               Hash Cond: (ci.role_id = rt.id)
               Buffers: shared hit=1588859 read=202313
               ->  Nested Loop  (cost=4696.04..458418.32 rows=29 width=8) (actual time=48.244..18028.054 rows=1025309 loops=1)
                     Buffers: shared hit=1588858 read=202313
                     ->  Nested Loop  (cost=4695.60..458328.56 rows=2 width=12) (actual time=48.191..7380.090 rows=24189 loops=1)
                           Buffers: shared hit=615485 read=96146
                           ->  Seq Scan on info_type it2  (cost=0.00..2.41 rows=1 width=4) (actual time=0.031..0.041 rows=1 loops=1)
                                 Filter: (id = 5)
                                 Rows Removed by Filter: 112
                                 Buffers: shared hit=1
                           ->  Nested Loop  (cost=4695.60..458326.13 rows=2 width=16) (actual time=48.159..7373.053 rows=24189 loops=1)
                                 Buffers: shared hit=615484 read=96146
                                 ->  Seq Scan on info_type it1  (cost=0.00..2.41 rows=1 width=4) (actual time=0.008..0.021 rows=1 loops=1)
                                       Filter: (id = 3)
                                       Rows Removed by Filter: 112
                                       Buffers: shared hit=1
                                 ->  Nested Loop  (cost=4695.60..458323.69 rows=2 width=20) (actual time=48.147..7365.753 rows=24189 loops=1)
                                       Buffers: shared hit=615483 read=96146
                                       ->  Hash Join  (cost=4695.17..455902.27 rows=56 width=12) (actual time=33.193..2685.515 rows=26846 loops=1)
                                             Hash Cond: (t.kind_id = kt.id)
                                             Buffers: shared hit=238773 read=18248
                                             ->  Nested Loop  (cost=4694.03..455900.58 rows=130 width=16) (actual time=22.747..2668.621 rows=27164 loops=1)
                                                   Buffers: shared hit=238772 read=18248
                                                   ->  Bitmap Heap Scan on movie_info mi2  (cost=4693.60..448289.12 rows=927 width=8) (actual time=20.316..527.727 rows=59362 loops=1)
                                                         Recheck Cond: (info_type_id = 5)
                                                         Filter: ((info)::text = ANY ('{Argentina:Atp,Finland:K-16,Sweden:15,UK:A,UK:U,"USA:Not Rated",USA:TV-G,"West Germany:16","West Germany:18"}'::text[]))
                                                         Rows Removed by Filter: 427192
                                                         Heap Blocks: exact=19164
                                                         Buffers: shared hit=16879 read=2693
                                                         ->  Bitmap Index Scan on info_type_id_movie_info  (cost=0.00..4693.37 rows=439058 width=0) (actual time=17.346..17.346 rows=486554 loops=1)
                                                               Index Cond: (info_type_id = 5)
                                                               Buffers: shared hit=408
                                                   ->  Index Scan using title_pkey on title t  (cost=0.43..8.21 rows=1 width=8) (actual time=0.035..0.035 rows=0 loops=59362)
                                                         Index Cond: (id = mi2.movie_id)
                                                         Filter: ((production_year <= 1975) AND (1925 < production_year))
                                                         Rows Removed by Filter: 1
                                                         Buffers: shared hit=221893 read=15555
                                             ->  Hash  (cost=1.10..1.10 rows=3 width=4) (actual time=0.018..0.019 rows=3 loops=1)
                                                   Buckets: 1024  Batches: 1  Memory Usage: 9kB
                                                   Buffers: shared hit=1
                                                   ->  Seq Scan on kind_type kt  (cost=0.00..1.10 rows=3 width=4) (actual time=0.009..0.011 rows=3 loops=1)
                                                         Filter: ((kind)::text = ANY ('{episode,movie,"tv movie"}'::text[]))
                                                         Rows Removed by Filter: 4
                                                         Buffers: shared hit=1
                                       ->  Index Scan using movie_id_movie_info on movie_info mi1  (cost=0.43..43.23 rows=1 width=8) (actual time=0.173..0.173 rows=1 loops=26846)
                                             Index Cond: (movie_id = t.id)
                                             Filter: ((info_type_id = 3) AND ((info)::text = ANY ('{Adventure,Crime,Drama,Family,Short,War}'::text[])))
                                             Rows Removed by Filter: 44
                                             Buffers: shared hit=376710 read=77898
                     ->  Index Scan using movie_id_cast_info on cast_info ci  (cost=0.44..44.50 rows=38 width=12) (actual time=0.037..0.426 rows=42 loops=24189)
                           Index Cond: (movie_id = t.id)
                           Buffers: shared hit=973373 read=106167
               ->  Hash  (cost=1.15..1.15 rows=2 width=4) (actual time=0.038..0.038 rows=2 loops=1)
                     Buckets: 1024  Batches: 1  Memory Usage: 9kB
                     Buffers: shared hit=1
                     ->  Seq Scan on role_type rt  (cost=0.00..1.15 rows=2 width=4) (actual time=0.025..0.029 rows=2 loops=1)
                           Filter: ((role)::text = ANY ('{actor,cinematographer}'::text[]))
                           Rows Removed by Filter: 10
                           Buffers: shared hit=1
         ->  Index Scan using name_pkey on name n  (cost=0.43..2.32 rows=1 width=4) (actual time=0.036..0.036 rows=1 loops=588053)
               Index Cond: (id = ci.person_id)
               Filter: ((gender)::text = 'm'::text)
               Rows Removed by Filter: 0
               Buffers: shared hit=2319384 read=32828
 Planning:
   Buffers: shared hit=574
 Planning Time: 14.208 ms
 Execution Time: 39964.602 ms
(73 rows)

