                                                                                             QUERY PLAN                                                                                              
-----------------------------------------------------------------------------------------------------------------------------------------------------------------------------------------------------
 Aggregate  (cost=360233.41..360233.42 rows=1 width=8) (actual time=4532.816..4532.822 rows=1 loops=1)
   Buffers: shared hit=292959 read=164508
   ->  Nested Loop  (cost=4697.41..360233.41 rows=1 width=0) (actual time=49.632..4532.453 rows=768 loops=1)
         Buffers: shared hit=292959 read=164508
         ->  Hash Join  (cost=4696.98..360231.09 rows=1 width=4) (actual time=32.995..4436.502 rows=2715 loops=1)
               Hash Cond: (ci.role_id = rt.id)
               Buffers: shared hit=283406 read=163201
               ->  Nested Loop  (cost=4695.82..360229.88 rows=14 width=8) (actual time=32.270..4399.818 rows=282777 loops=1)
                     Buffers: shared hit=283405 read=163201
                     ->  Nested Loop  (cost=4695.38..360186.22 rows=1 width=12) (actual time=32.233..1782.430 rows=3570 loops=1)
                           Buffers: shared hit=88876 read=71913
                           ->  Nested Loop  (cost=4695.38..360183.79 rows=1 width=16) (actual time=32.226..1717.478 rows=3570 loops=1)
                                 Buffers: shared hit=85306 read=71913
                                 ->  Nested Loop  (cost=4695.38..360181.37 rows=1 width=20) (actual time=32.207..1647.536 rows=3570 loops=1)
                                       Buffers: shared hit=81736 read=71913
                                       ->  Hash Join  (cost=4694.94..359590.44 rows=14 width=12) (actual time=32.034..508.292 rows=5592 loops=1)
                                             Hash Cond: (t.kind_id = kt.id)
                                             Buffers: shared hit=19411 read=23454
                                             ->  Nested Loop  (cost=4693.81..359589.17 rows=32 width=16) (actual time=21.925..505.585 rows=5820 loops=1)
                                                   Buffers: shared hit=19410 read=23454
                                                   ->  Bitmap Heap Scan on movie_info mi2  (cost=4693.38..359301.78 rows=34 width=8) (actual time=21.860..322.185 rows=5823 loops=1)
                                                         Recheck Cond: (info_type_id = 5)
                                                         Filter: ((info)::text = ANY ('{Finland:K-15,Switzerland:7,"West Germany:18"}'::text[]))
                                                         Rows Removed by Filter: 480731
                                                         Heap Blocks: exact=19164
                                                         Buffers: shared hit=2342 read=17230
                                                         ->  Bitmap Index Scan on info_type_id_movie_info  (cost=0.00..4693.37 rows=439058 width=0) (actual time=17.226..17.226 rows=486554 loops=1)
                                                               Index Cond: (info_type_id = 5)
                                                               Buffers: shared read=408
                                                   ->  Index Scan using title_pkey on title t  (cost=0.43..8.45 rows=1 width=8) (actual time=0.031..0.031 rows=1 loops=5823)
                                                         Index Cond: (id = mi2.movie_id)
                                                         Filter: ((production_year <= 2015) AND (1925 < production_year))
                                                         Rows Removed by Filter: 0
                                                         Buffers: shared hit=17068 read=6224
                                             ->  Hash  (cost=1.10..1.10 rows=3 width=4) (actual time=0.019..0.020 rows=3 loops=1)
                                                   Buckets: 1024  Batches: 1  Memory Usage: 9kB
                                                   Buffers: shared hit=1
                                                   ->  Seq Scan on kind_type kt  (cost=0.00..1.10 rows=3 width=4) (actual time=0.012..0.013 rows=3 loops=1)
                                                         Filter: ((kind)::text = ANY ('{episode,movie,"video movie"}'::text[]))
                                                         Rows Removed by Filter: 4
                                                         Buffers: shared hit=1
                                       ->  Index Scan using movie_id_movie_info on movie_info mi1  (cost=0.43..42.20 rows=1 width=8) (actual time=0.203..0.203 rows=1 loops=5592)
                                             Index Cond: (movie_id = t.id)
                                             Filter: (((info)::text = ANY ('{Action,Drama}'::text[])) AND (info_type_id = 3))
                                             Rows Removed by Filter: 96
                                             Buffers: shared hit=62325 read=48459
                                 ->  Seq Scan on info_type it1  (cost=0.00..2.41 rows=1 width=4) (actual time=0.011..0.018 rows=1 loops=3570)
                                       Filter: (id = 3)
                                       Rows Removed by Filter: 112
                                       Buffers: shared hit=3570
                           ->  Seq Scan on info_type it2  (cost=0.00..2.41 rows=1 width=4) (actual time=0.010..0.017 rows=1 loops=3570)
                                 Filter: (id = 5)
                                 Rows Removed by Filter: 112
                                 Buffers: shared hit=3570
                     ->  Index Scan using movie_id_cast_info on cast_info ci  (cost=0.44..43.28 rows=38 width=12) (actual time=0.029..0.718 rows=79 loops=3570)
                           Index Cond: (movie_id = t.id)
                           Buffers: shared hit=194529 read=91288
               ->  Hash  (cost=1.15..1.15 rows=1 width=4) (actual time=0.028..0.028 rows=1 loops=1)
                     Buckets: 1024  Batches: 1  Memory Usage: 9kB
                     Buffers: shared hit=1
                     ->  Seq Scan on role_type rt  (cost=0.00..1.15 rows=1 width=4) (actual time=0.022..0.023 rows=1 loops=1)
                           Filter: ((role)::text = 'costume designer'::text)
                           Rows Removed by Filter: 11
                           Buffers: shared hit=1
         ->  Index Scan using name_pkey on name n  (cost=0.43..2.32 rows=1 width=4) (actual time=0.035..0.035 rows=0 loops=2715)
               Index Cond: (id = ci.person_id)
               Filter: ((gender)::text = 'f'::text)
               Rows Removed by Filter: 1
               Buffers: shared hit=9553 read=1307
 Planning:
   Buffers: shared hit=485 read=89
 Planning Time: 13.734 ms
 Execution Time: 4533.392 ms
(73 rows)

