                                                                                             QUERY PLAN                                                                                              
-----------------------------------------------------------------------------------------------------------------------------------------------------------------------------------------------------
 Aggregate  (cost=398417.69..398417.70 rows=1 width=8) (actual time=1359.277..1359.284 rows=1 loops=1)
   Buffers: shared hit=103577 read=35663
   ->  Nested Loop  (cost=4697.51..398417.68 rows=5 width=0) (actual time=26.147..1359.220 rows=198 loops=1)
         Buffers: shared hit=103577 read=35663
         ->  Hash Join  (cost=4697.08..398401.44 rows=7 width=4) (actual time=26.106..1343.957 rows=413 loops=1)
               Hash Cond: (ci.role_id = rt.id)
               Buffers: shared hit=102517 read=35071
               ->  Nested Loop  (cost=4695.90..398400.11 rows=43 width=8) (actual time=24.282..1342.939 rows=7168 loops=1)
                     Buffers: shared hit=102516 read=35071
                     ->  Nested Loop  (cost=4695.46..398269.13 rows=3 width=12) (actual time=24.244..1272.015 rows=191 loops=1)
                           Buffers: shared hit=98358 read=31868
                           ->  Seq Scan on info_type it2  (cost=0.00..2.41 rows=1 width=4) (actual time=0.032..0.040 rows=1 loops=1)
                                 Filter: (id = 5)
                                 Rows Removed by Filter: 112
                                 Buffers: shared hit=1
                           ->  Nested Loop  (cost=4695.46..398266.69 rows=3 width=16) (actual time=24.210..1271.929 rows=191 loops=1)
                                 Buffers: shared hit=98357 read=31868
                                 ->  Seq Scan on info_type it1  (cost=0.00..2.41 rows=1 width=4) (actual time=0.009..0.018 rows=1 loops=1)
                                       Filter: (id = 3)
                                       Rows Removed by Filter: 112
                                       Buffers: shared hit=1
                                 ->  Nested Loop  (cost=4695.46..398264.25 rows=3 width=20) (actual time=24.199..1271.855 rows=191 loops=1)
                                       Buffers: shared hit=98356 read=31868
                                       ->  Hash Join  (cost=4695.03..392036.88 rows=147 width=12) (actual time=22.805..1193.216 rows=548 loops=1)
                                             Hash Cond: (t.kind_id = kt.id)
                                             Buffers: shared hit=95083 read=27338
                                             ->  Nested Loop  (cost=4693.89..392034.30 rows=342 width=16) (actual time=22.756..1188.742 rows=25296 loops=1)
                                                   Buffers: shared hit=95082 read=27338
                                                   ->  Bitmap Heap Scan on movie_info mi2  (cost=4693.46..388964.24 rows=367 width=8) (actual time=22.709..360.889 rows=25712 loops=1)
                                                         Recheck Cond: (info_type_id = 5)
                                                         Filter: ((info)::text = ANY ('{Norway:16,Spain:13,USA:Approved,USA:G,USA:Passed}'::text[]))
                                                         Rows Removed by Filter: 460842
                                                         Heap Blocks: exact=19164
                                                         Buffers: shared hit=2664 read=16908
                                                         ->  Bitmap Index Scan on info_type_id_movie_info  (cost=0.00..4693.37 rows=439058 width=0) (actual time=18.408..18.408 rows=486554 loops=1)
                                                               Index Cond: (info_type_id = 5)
                                                               Buffers: shared read=408
                                                   ->  Index Scan using title_pkey on title t  (cost=0.43..8.37 rows=1 width=8) (actual time=0.032..0.032 rows=1 loops=25712)
                                                         Index Cond: (id = mi2.movie_id)
                                                         Filter: ((production_year <= 2015) AND (1925 < production_year))
                                                         Rows Removed by Filter: 0
                                                         Buffers: shared hit=92418 read=10430
                                             ->  Hash  (cost=1.10..1.10 rows=3 width=4) (actual time=0.020..0.020 rows=3 loops=1)
                                                   Buckets: 1024  Batches: 1  Memory Usage: 9kB
                                                   Buffers: shared hit=1
                                                   ->  Seq Scan on kind_type kt  (cost=0.00..1.10 rows=3 width=4) (actual time=0.011..0.013 rows=3 loops=1)
                                                         Filter: ((kind)::text = ANY ('{"tv movie","tv series","video game"}'::text[]))
                                                         Rows Removed by Filter: 4
                                                         Buffers: shared hit=1
                                       ->  Index Scan using movie_id_movie_info on movie_info mi1  (cost=0.43..42.35 rows=1 width=8) (actual time=0.142..0.143 rows=0 loops=548)
                                             Index Cond: (movie_id = t.id)
                                             Filter: ((info_type_id = 3) AND ((info)::text = ANY ('{Animation,Crime,Romance,Short,Thriller}'::text[])))
                                             Rows Removed by Filter: 25
                                             Buffers: shared hit=3273 read=4530
                     ->  Index Scan using movie_id_cast_info on cast_info ci  (cost=0.44..43.28 rows=38 width=12) (actual time=0.039..0.364 rows=38 loops=191)
                           Index Cond: (movie_id = t.id)
                           Buffers: shared hit=4158 read=3203
               ->  Hash  (cost=1.15..1.15 rows=2 width=4) (actual time=0.034..0.035 rows=2 loops=1)
                     Buckets: 1024  Batches: 1  Memory Usage: 9kB
                     Buffers: shared hit=1
                     ->  Seq Scan on role_type rt  (cost=0.00..1.15 rows=2 width=4) (actual time=0.026..0.028 rows=2 loops=1)
                           Filter: ((role)::text = ANY ('{"production designer",writer}'::text[]))
                           Rows Removed by Filter: 10
                           Buffers: shared hit=1
         ->  Index Scan using name_pkey on name n  (cost=0.43..2.32 rows=1 width=4) (actual time=0.036..0.036 rows=0 loops=413)
               Index Cond: (id = ci.person_id)
               Filter: ((gender)::text = ANY ('{f,m}'::text[]))
               Rows Removed by Filter: 1
               Buffers: shared hit=1060 read=592
 Planning:
   Buffers: shared hit=502 read=72
 Planning Time: 14.512 ms
 Execution Time: 1359.917 ms
(73 rows)

