                                                                                             QUERY PLAN                                                                                              
-----------------------------------------------------------------------------------------------------------------------------------------------------------------------------------------------------
 Aggregate  (cost=347871.38..347871.39 rows=1 width=8) (actual time=824.571..824.578 rows=1 loops=1)
   Buffers: shared hit=82627 read=605
   ->  Nested Loop  (cost=4697.46..347871.37 rows=1 width=0) (actual time=223.036..824.571 rows=2 loops=1)
         Buffers: shared hit=82627 read=605
         ->  Hash Join  (cost=4697.03..347869.06 rows=1 width=4) (actual time=222.982..824.487 rows=2 loops=1)
               Hash Cond: (ci.role_id = rt.id)
               Buffers: shared hit=82623 read=601
               ->  Nested Loop  (cost=4695.87..347867.84 rows=14 width=8) (actual time=210.705..824.429 rows=13 loops=1)
                     Buffers: shared hit=82622 read=601
                     ->  Nested Loop  (cost=4695.43..347822.97 rows=1 width=12) (actual time=210.664..824.187 rows=6 loops=1)
                           Buffers: shared hit=82604 read=588
                           ->  Nested Loop  (cost=4695.43..347820.54 rows=1 width=16) (actual time=210.656..824.119 rows=6 loops=1)
                                 Buffers: shared hit=82598 read=588
                                 ->  Nested Loop  (cost=4695.43..347818.12 rows=1 width=20) (actual time=210.643..824.039 rows=6 loops=1)
                                       Buffers: shared hit=82592 read=588
                                       ->  Hash Join  (cost=4695.00..347258.67 rows=13 width=12) (actual time=210.518..823.163 rows=11 loops=1)
                                             Hash Cond: (t.kind_id = kt.id)
                                             Buffers: shared hit=82458 read=555
                                             ->  Nested Loop  (cost=4693.88..347257.36 rows=47 width=16) (actual time=31.604..820.470 rows=14179 loops=1)
                                                   Buffers: shared hit=82457 read=555
                                                   ->  Bitmap Heap Scan on movie_info mi2  (cost=4693.45..344470.67 rows=333 width=8) (actual time=21.869..316.766 rows=15860 loops=1)
                                                         Recheck Cond: (info_type_id = 5)
                                                         Filter: ((info)::text = ANY ('{USA:Approved,"West Germany:16"}'::text[]))
                                                         Rows Removed by Filter: 470694
                                                         Heap Blocks: exact=19164
                                                         Buffers: shared hit=19572
                                                         ->  Bitmap Index Scan on info_type_id_movie_info  (cost=0.00..4693.37 rows=439058 width=0) (actual time=18.045..18.045 rows=486554 loops=1)
                                                               Index Cond: (info_type_id = 5)
                                                               Buffers: shared hit=408
                                                   ->  Index Scan using title_pkey on title t  (cost=0.43..8.37 rows=1 width=8) (actual time=0.031..0.031 rows=1 loops=15860)
                                                         Index Cond: (id = mi2.movie_id)
                                                         Filter: ((production_year <= 1975) AND (1925 < production_year))
                                                         Rows Removed by Filter: 0
                                                         Buffers: shared hit=62885 read=555
                                             ->  Hash  (cost=1.09..1.09 rows=2 width=4) (actual time=0.016..0.017 rows=2 loops=1)
                                                   Buckets: 1024  Batches: 1  Memory Usage: 9kB
                                                   Buffers: shared hit=1
                                                   ->  Seq Scan on kind_type kt  (cost=0.00..1.09 rows=2 width=4) (actual time=0.009..0.011 rows=2 loops=1)
                                                         Filter: ((kind)::text = ANY ('{"tv series","video game"}'::text[]))
                                                         Rows Removed by Filter: 5
                                                         Buffers: shared hit=1
                                       ->  Index Scan using movie_id_movie_info on movie_info mi1  (cost=0.43..43.02 rows=1 width=8) (actual time=0.076..0.079 rows=1 loops=11)
                                             Index Cond: (movie_id = t.id)
                                             Filter: (((info)::text = ANY ('{Drama,Mystery}'::text[])) AND (info_type_id = 3))
                                             Rows Removed by Filter: 25
                                             Buffers: shared hit=134 read=33
                                 ->  Seq Scan on info_type it1  (cost=0.00..2.41 rows=1 width=4) (actual time=0.006..0.011 rows=1 loops=6)
                                       Filter: (id = 3)
                                       Rows Removed by Filter: 112
                                       Buffers: shared hit=6
                           ->  Seq Scan on info_type it2  (cost=0.00..2.41 rows=1 width=4) (actual time=0.005..0.010 rows=1 loops=6)
                                 Filter: (id = 5)
                                 Rows Removed by Filter: 112
                                 Buffers: shared hit=6
                     ->  Index Scan using movie_id_cast_info on cast_info ci  (cost=0.44..44.50 rows=38 width=12) (actual time=0.028..0.038 rows=2 loops=6)
                           Index Cond: (movie_id = t.id)
                           Buffers: shared hit=18 read=13
               ->  Hash  (cost=1.15..1.15 rows=1 width=4) (actual time=0.030..0.031 rows=1 loops=1)
                     Buckets: 1024  Batches: 1  Memory Usage: 9kB
                     Buffers: shared hit=1
                     ->  Seq Scan on role_type rt  (cost=0.00..1.15 rows=1 width=4) (actual time=0.023..0.025 rows=1 loops=1)
                           Filter: ((role)::text = 'actress'::text)
                           Rows Removed by Filter: 11
                           Buffers: shared hit=1
         ->  Index Scan using name_pkey on name n  (cost=0.43..2.32 rows=1 width=4) (actual time=0.040..0.040 rows=1 loops=2)
               Index Cond: (id = ci.person_id)
               Filter: ((gender)::text = 'f'::text)
               Buffers: shared hit=4 read=4
 Planning:
   Buffers: shared hit=574
 Planning Time: 13.902 ms
 Execution Time: 825.189 ms
(72 rows)

