                                                                                             QUERY PLAN                                                                                              
-----------------------------------------------------------------------------------------------------------------------------------------------------------------------------------------------------
 Aggregate  (cost=354781.08..354781.09 rows=1 width=8) (actual time=1166.869..1166.876 rows=1 loops=1)
   Buffers: shared hit=103581 read=15797
   ->  Nested Loop  (cost=4697.64..354781.08 rows=1 width=0) (actual time=238.861..1166.870 rows=1 loops=1)
         Buffers: shared hit=103581 read=15797
         ->  Hash Join  (cost=4697.21..354778.76 rows=1 width=4) (actual time=238.558..1163.571 rows=96 loops=1)
               Hash Cond: (ci.role_id = rt.id)
               Buffers: shared hit=103324 read=15670
               ->  Nested Loop  (cost=4696.05..354777.55 rows=14 width=8) (actual time=28.388..1163.158 rows=2091 loops=1)
                     Buffers: shared hit=103323 read=15670
                     ->  Nested Loop  (cost=4695.61..354732.67 rows=1 width=12) (actual time=28.351..1132.299 rows=109 loops=1)
                           Buffers: shared hit=102354 read=14299
                           ->  Nested Loop  (cost=4695.61..354730.25 rows=1 width=16) (actual time=28.345..1129.223 rows=109 loops=1)
                                 Buffers: shared hit=102245 read=14299
                                 ->  Nested Loop  (cost=4695.61..354727.83 rows=1 width=20) (actual time=28.321..1127.475 rows=109 loops=1)
                                       Buffers: shared hit=102136 read=14299
                                       ->  Hash Join  (cost=4695.17..352274.85 rows=57 width=12) (actual time=24.374..1073.946 rows=286 loops=1)
                                             Hash Cond: (t.kind_id = kt.id)
                                             Buffers: shared hit=99999 read=11626
                                             ->  Nested Loop  (cost=4694.04..352273.16 rows=133 width=16) (actual time=24.317..1072.859 rows=4879 loops=1)
                                                   Buffers: shared hit=99998 read=11626
                                                   ->  Bitmap Heap Scan on movie_info mi2  (cost=4693.61..344470.83 rows=951 width=8) (actual time=19.901..307.677 rows=23013 loops=1)
                                                         Recheck Cond: (info_type_id = 5)
                                                         Filter: ((info)::text = ANY ('{Argentina:Atp,Australia:PG}'::text[]))
                                                         Rows Removed by Filter: 463541
                                                         Heap Blocks: exact=19164
                                                         Buffers: shared hit=19572
                                                         ->  Bitmap Index Scan on info_type_id_movie_info  (cost=0.00..4693.37 rows=439058 width=0) (actual time=17.327..17.328 rows=486554 loops=1)
                                                               Index Cond: (info_type_id = 5)
                                                               Buffers: shared hit=408
                                                   ->  Index Scan using title_pkey on title t  (cost=0.43..8.20 rows=1 width=8) (actual time=0.033..0.033 rows=0 loops=23013)
                                                         Index Cond: (id = mi2.movie_id)
                                                         Filter: ((production_year <= 1975) AND (1925 < production_year))
                                                         Rows Removed by Filter: 1
                                                         Buffers: shared hit=80426 read=11626
                                             ->  Hash  (cost=1.10..1.10 rows=3 width=4) (actual time=0.030..0.031 rows=3 loops=1)
                                                   Buckets: 1024  Batches: 1  Memory Usage: 9kB
                                                   Buffers: shared hit=1
                                                   ->  Seq Scan on kind_type kt  (cost=0.00..1.10 rows=3 width=4) (actual time=0.012..0.014 rows=3 loops=1)
                                                         Filter: ((kind)::text = ANY ('{"tv series","video game","video movie"}'::text[]))
                                                         Rows Removed by Filter: 4
                                                         Buffers: shared hit=1
                                       ->  Index Scan using movie_id_movie_info on movie_info mi1  (cost=0.43..43.02 rows=1 width=8) (actual time=0.185..0.187 rows=0 loops=286)
                                             Index Cond: (movie_id = t.id)
                                             Filter: (((info)::text = ANY ('{Family,Romance}'::text[])) AND (info_type_id = 3))
                                             Rows Removed by Filter: 69
                                             Buffers: shared hit=2137 read=2673
                                 ->  Seq Scan on info_type it1  (cost=0.00..2.41 rows=1 width=4) (actual time=0.006..0.014 rows=1 loops=109)
                                       Filter: (id = 3)
                                       Rows Removed by Filter: 112
                                       Buffers: shared hit=109
                           ->  Seq Scan on info_type it2  (cost=0.00..2.41 rows=1 width=4) (actual time=0.019..0.026 rows=1 loops=109)
                                 Filter: (id = 5)
                                 Rows Removed by Filter: 112
                                 Buffers: shared hit=109
                     ->  Index Scan using movie_id_cast_info on cast_info ci  (cost=0.44..44.50 rows=38 width=12) (actual time=0.057..0.278 rows=19 loops=109)
                           Index Cond: (movie_id = t.id)
                           Buffers: shared hit=969 read=1371
               ->  Hash  (cost=1.15..1.15 rows=1 width=4) (actual time=0.037..0.037 rows=1 loops=1)
                     Buckets: 1024  Batches: 1  Memory Usage: 9kB
                     Buffers: shared hit=1
                     ->  Seq Scan on role_type rt  (cost=0.00..1.15 rows=1 width=4) (actual time=0.029..0.030 rows=1 loops=1)
                           Filter: ((role)::text = 'editor'::text)
                           Rows Removed by Filter: 11
                           Buffers: shared hit=1
         ->  Index Scan using name_pkey on name n  (cost=0.43..2.32 rows=1 width=4) (actual time=0.034..0.034 rows=0 loops=96)
               Index Cond: (id = ci.person_id)
               Filter: ((gender)::text = 'f'::text)
               Rows Removed by Filter: 1
               Buffers: shared hit=257 read=127
 Planning:
   Buffers: shared hit=574
 Planning Time: 13.632 ms
 Execution Time: 1167.553 ms
(73 rows)

