                                                                                                              QUERY PLAN                                                                                                               
---------------------------------------------------------------------------------------------------------------------------------------------------------------------------------------------------------------------------------------
 Aggregate  (cost=498416.55..498416.56 rows=1 width=8) (actual time=78586.376..78586.383 rows=1 loops=1)
   Buffers: shared hit=7461220 read=653718
   ->  Nested Loop  (cost=4697.60..498416.54 rows=3 width=0) (actual time=209.642..78585.554 rows=1210 loops=1)
         Buffers: shared hit=7461220 read=653718
         ->  Seq Scan on info_type it2  (cost=0.00..2.41 rows=1 width=4) (actual time=0.048..0.058 rows=1 loops=1)
               Filter: (id = 5)
               Rows Removed by Filter: 112
               Buffers: shared hit=1
         ->  Nested Loop  (cost=4697.60..498414.10 rows=3 width=4) (actual time=209.592..78585.043 rows=1210 loops=1)
               Buffers: shared hit=7461219 read=653718
               ->  Seq Scan on info_type it1  (cost=0.00..2.41 rows=1 width=4) (actual time=0.008..0.021 rows=1 loops=1)
                     Filter: (id = 3)
                     Rows Removed by Filter: 112
                     Buffers: shared hit=1
               ->  Nested Loop  (cost=4697.60..498411.65 rows=3 width=8) (actual time=209.581..78584.531 rows=1210 loops=1)
                     Buffers: shared hit=7461218 read=653718
                     ->  Hash Join  (cost=4697.17..498379.18 rows=14 width=12) (actual time=23.556..74965.591 rows=96037 loops=1)
                           Hash Cond: (ci.role_id = rt.id)
                           Buffers: shared hit=7094756 read=636032
                           ->  Nested Loop  (cost=4696.01..498377.41 rows=172 width=16) (actual time=23.132..73856.209 rows=5909714 loops=1)
                                 Buffers: shared hit=7094755 read=636032
                                 ->  Nested Loop  (cost=4695.57..497853.50 rows=12 width=20) (actual time=23.096..16693.923 rows=102551 loops=1)
                                       Buffers: shared hit=1468825 read=180199
                                       ->  Hash Join  (cost=4695.13..484460.71 rows=315 width=12) (actual time=21.415..3787.003 rows=73279 loops=1)
                                             Hash Cond: (t.kind_id = kt.id)
                                             Buffers: shared hit=312758 read=40311
                                             ->  Nested Loop  (cost=4694.00..484456.47 rows=735 width=16) (actual time=20.669..3740.467 rows=80827 loops=1)
                                                   Buffers: shared hit=312757 read=40311
                                                   ->  Bitmap Heap Scan on movie_info mi2  (cost=4693.57..477951.45 rows=789 width=8) (actual time=20.623..647.028 rows=83374 loops=1)
                                                         Recheck Cond: (info_type_id = 5)
                                                         Filter: ((info)::text = ANY ('{Australia:M,Germany:16,Netherlands:AL,Portugal:M/12,Sweden:15,UK:PG,UK:U,USA:Approved,"USA:Not Rated",USA:Passed,"West Germany:16"}'::text[]))
                                                         Rows Removed by Filter: 403180
                                                         Heap Blocks: exact=19164
                                                         Buffers: shared hit=5340 read=14232
                                                         ->  Bitmap Index Scan on info_type_id_movie_info  (cost=0.00..4693.37 rows=439058 width=0) (actual time=17.959..17.959 rows=486554 loops=1)
                                                               Index Cond: (info_type_id = 5)
                                                               Buffers: shared read=408
                                                   ->  Index Scan using title_pkey on title t  (cost=0.43..8.24 rows=1 width=8) (actual time=0.036..0.036 rows=1 loops=83374)
                                                         Index Cond: (id = mi2.movie_id)
                                                         Filter: ((production_year <= 2015) AND (1925 < production_year))
                                                         Rows Removed by Filter: 0
                                                         Buffers: shared hit=307417 read=26079
                                             ->  Hash  (cost=1.10..1.10 rows=3 width=4) (actual time=0.014..0.016 rows=3 loops=1)
                                                   Buckets: 1024  Batches: 1  Memory Usage: 9kB
                                                   Buffers: shared hit=1
                                                   ->  Seq Scan on kind_type kt  (cost=0.00..1.10 rows=3 width=4) (actual time=0.009..0.011 rows=3 loops=1)
                                                         Filter: ((kind)::text = ANY ('{episode,movie,"video movie"}'::text[]))
                                                         Rows Removed by Filter: 4
                                                         Buffers: shared hit=1
                                       ->  Index Scan using movie_id_movie_info on movie_info mi1  (cost=0.43..42.51 rows=1 width=8) (actual time=0.174..0.175 rows=1 loops=73279)
                                             Index Cond: (movie_id = t.id)
                                             Filter: ((info_type_id = 3) AND ((info)::text = ANY ('{Action,Adventure,Comedy,Crime,Drama,Mystery,Romance,Short}'::text[])))
                                             Rows Removed by Filter: 60
                                             Buffers: shared hit=1156067 read=139888
                                 ->  Index Scan using movie_id_cast_info on cast_info ci  (cost=0.44..43.28 rows=38 width=12) (actual time=0.036..0.540 rows=58 loops=102551)
                                       Index Cond: (movie_id = t.id)
                                       Buffers: shared hit=5625930 read=455833
                           ->  Hash  (cost=1.15..1.15 rows=1 width=4) (actual time=0.016..0.016 rows=1 loops=1)
                                 Buckets: 1024  Batches: 1  Memory Usage: 9kB
                                 Buffers: shared hit=1
                                 ->  Seq Scan on role_type rt  (cost=0.00..1.15 rows=1 width=4) (actual time=0.009..0.010 rows=1 loops=1)
                                       Filter: ((role)::text = 'composer'::text)
                                       Rows Removed by Filter: 11
                                       Buffers: shared hit=1
                     ->  Index Scan using name_pkey on name n  (cost=0.43..2.32 rows=1 width=4) (actual time=0.037..0.037 rows=0 loops=96037)
                           Index Cond: (id = ci.person_id)
                           Filter: ((gender)::text = 'f'::text)
                           Rows Removed by Filter: 1
                           Buffers: shared hit=366462 read=17686
 Planning:
   Buffers: shared hit=483 read=91
 Planning Time: 13.943 ms
 Execution Time: 78587.553 ms
(73 rows)

