                                                                                             QUERY PLAN                                                                                              
-----------------------------------------------------------------------------------------------------------------------------------------------------------------------------------------------------
 Aggregate  (cost=348172.64..348172.65 rows=1 width=8) (actual time=7769.454..7769.461 rows=1 loops=1)
   Buffers: shared hit=687630 read=111525
   ->  Nested Loop  (cost=4697.48..348172.64 rows=1 width=0) (actual time=35.582..7767.952 rows=6546 loops=1)
         Buffers: shared hit=687630 read=111525
         ->  Hash Join  (cost=4697.05..348170.32 rows=1 width=4) (actual time=35.538..7020.583 rows=21407 loops=1)
               Hash Cond: (ci.role_id = rt.id)
               Buffers: shared hit=607246 read=106281
               ->  Nested Loop  (cost=4695.89..348169.11 rows=14 width=8) (actual time=35.119..6968.627 rows=305144 loops=1)
                     Buffers: shared hit=607245 read=106281
                     ->  Nested Loop  (cost=4695.45..348124.23 rows=1 width=12) (actual time=35.069..4094.711 rows=7366 loops=1)
                           Buffers: shared hit=306296 read=84328
                           ->  Nested Loop  (cost=4695.45..348121.81 rows=1 width=16) (actual time=35.062..3935.531 rows=7366 loops=1)
                                 Buffers: shared hit=298930 read=84328
                                 ->  Nested Loop  (cost=4695.45..348119.38 rows=1 width=20) (actual time=35.040..3777.026 rows=7366 loops=1)
                                       Buffers: shared hit=291564 read=84328
                                       ->  Hash Join  (cost=4695.02..347258.69 rows=20 width=12) (actual time=34.885..1053.841 rows=17619 loops=1)
                                             Hash Cond: (t.kind_id = kt.id)
                                             Buffers: shared hit=65128 read=27929
                                             ->  Nested Loop  (cost=4693.88..347257.36 rows=47 width=16) (actual time=34.841..1045.477 rows=17626 loops=1)
                                                   Buffers: shared hit=65127 read=27929
                                                   ->  Bitmap Heap Scan on movie_info mi2  (cost=4693.45..344470.67 rows=333 width=8) (actual time=22.631..374.806 rows=18371 loops=1)
                                                         Recheck Cond: (info_type_id = 5)
                                                         Filter: ((info)::text = ANY ('{USA:Approved,USA:Passed}'::text[]))
                                                         Rows Removed by Filter: 468183
                                                         Heap Blocks: exact=19164
                                                         Buffers: shared hit=1711 read=17861
                                                         ->  Bitmap Index Scan on info_type_id_movie_info  (cost=0.00..4693.37 rows=439058 width=0) (actual time=18.407..18.407 rows=486554 loops=1)
                                                               Index Cond: (info_type_id = 5)
                                                               Buffers: shared read=408
                                                   ->  Index Scan using title_pkey on title t  (cost=0.43..8.37 rows=1 width=8) (actual time=0.036..0.036 rows=1 loops=18371)
                                                         Index Cond: (id = mi2.movie_id)
                                                         Filter: ((production_year <= 1975) AND (1925 < production_year))
                                                         Rows Removed by Filter: 0
                                                         Buffers: shared hit=63416 read=10068
                                             ->  Hash  (cost=1.10..1.10 rows=3 width=4) (actual time=0.018..0.019 rows=3 loops=1)
                                                   Buckets: 1024  Batches: 1  Memory Usage: 9kB
                                                   Buffers: shared hit=1
                                                   ->  Seq Scan on kind_type kt  (cost=0.00..1.10 rows=3 width=4) (actual time=0.009..0.011 rows=3 loops=1)
                                                         Filter: ((kind)::text = ANY ('{episode,movie,"tv movie"}'::text[]))
                                                         Rows Removed by Filter: 4
                                                         Buffers: shared hit=1
                                       ->  Index Scan using movie_id_movie_info on movie_info mi1  (cost=0.43..43.02 rows=1 width=8) (actual time=0.154..0.154 rows=0 loops=17619)
                                             Index Cond: (movie_id = t.id)
                                             Filter: (((info)::text = ANY ('{Crime,Romance}'::text[])) AND (info_type_id = 3))
                                             Rows Removed by Filter: 31
                                             Buffers: shared hit=226436 read=56399
                                 ->  Seq Scan on info_type it1  (cost=0.00..2.41 rows=1 width=4) (actual time=0.011..0.019 rows=1 loops=7366)
                                       Filter: (id = 3)
                                       Rows Removed by Filter: 112
                                       Buffers: shared hit=7366
                           ->  Seq Scan on info_type it2  (cost=0.00..2.41 rows=1 width=4) (actual time=0.011..0.020 rows=1 loops=7366)
                                 Filter: (id = 5)
                                 Rows Removed by Filter: 112
                                 Buffers: shared hit=7366
                     ->  Index Scan using movie_id_cast_info on cast_info ci  (cost=0.44..44.50 rows=38 width=12) (actual time=0.035..0.380 rows=41 loops=7366)
                           Index Cond: (movie_id = t.id)
                           Buffers: shared hit=300949 read=21953
               ->  Hash  (cost=1.15..1.15 rows=1 width=4) (actual time=0.032..0.033 rows=1 loops=1)
                     Buckets: 1024  Batches: 1  Memory Usage: 9kB
                     Buffers: shared hit=1
                     ->  Seq Scan on role_type rt  (cost=0.00..1.15 rows=1 width=4) (actual time=0.024..0.026 rows=1 loops=1)
                           Filter: ((role)::text = 'writer'::text)
                           Rows Removed by Filter: 11
                           Buffers: shared hit=1
         ->  Index Scan using name_pkey on name n  (cost=0.43..2.32 rows=1 width=4) (actual time=0.034..0.034 rows=0 loops=21407)
               Index Cond: (id = ci.person_id)
               Filter: ((gender)::text = 'm'::text)
               Rows Removed by Filter: 1
               Buffers: shared hit=80384 read=5244
 Planning:
   Buffers: shared hit=485 read=89
 Planning Time: 14.542 ms
 Execution Time: 7770.166 ms
(73 rows)

