                                                                                             QUERY PLAN                                                                                              
-----------------------------------------------------------------------------------------------------------------------------------------------------------------------------------------------------
 Aggregate  (cost=359940.64..359940.65 rows=1 width=8) (actual time=979.872..979.878 rows=1 loops=1)
   Buffers: shared hit=61597 read=37589
   ->  Nested Loop  (cost=4697.40..359940.64 rows=1 width=0) (actual time=22.576..979.792 rows=306 loops=1)
         Buffers: shared hit=61597 read=37589
         ->  Hash Join  (cost=4696.97..359936.00 rows=2 width=4) (actual time=22.535..960.582 rows=553 loops=1)
               Hash Cond: (ci.role_id = rt.id)
               Buffers: shared hit=60086 read=36888
               ->  Nested Loop  (cost=4695.80..359934.78 rows=14 width=8) (actual time=22.456..959.717 rows=5624 loops=1)
                     Buffers: shared hit=60085 read=36888
                     ->  Nested Loop  (cost=4695.36..359891.04 rows=1 width=12) (actual time=22.416..897.652 rows=200 loops=1)
                           Buffers: shared hit=58135 read=32757
                           ->  Nested Loop  (cost=4695.36..359888.62 rows=1 width=16) (actual time=22.411..895.215 rows=200 loops=1)
                                 Buffers: shared hit=57935 read=32757
                                 ->  Nested Loop  (cost=4695.36..359886.20 rows=1 width=20) (actual time=22.391..892.085 rows=200 loops=1)
                                       Buffers: shared hit=57735 read=32757
                                       ->  Hash Join  (cost=4694.92..359590.37 rows=7 width=12) (actual time=21.370..740.077 rows=994 loops=1)
                                             Hash Cond: (t.kind_id = kt.id)
                                             Buffers: shared hit=50150 read=25155
                                             ->  Nested Loop  (cost=4693.81..359589.17 rows=23 width=16) (actual time=21.330..738.115 rows=12166 loops=1)
                                                   Buffers: shared hit=50149 read=25155
                                                   ->  Bitmap Heap Scan on movie_info mi2  (cost=4693.38..359301.78 rows=34 width=8) (actual time=21.281..300.336 rows=13933 loops=1)
                                                         Recheck Cond: (info_type_id = 5)
                                                         Filter: ((info)::text = ANY ('{Italy:T,Netherlands:12,Netherlands:AL}'::text[]))
                                                         Rows Removed by Filter: 472621
                                                         Heap Blocks: exact=19164
                                                         Buffers: shared hit=4455 read=15117
                                                         ->  Bitmap Index Scan on info_type_id_movie_info  (cost=0.00..4693.37 rows=439058 width=0) (actual time=18.353..18.353 rows=486554 loops=1)
                                                               Index Cond: (info_type_id = 5)
                                                               Buffers: shared read=408
                                                   ->  Index Scan using title_pkey on title t  (cost=0.43..8.45 rows=1 width=8) (actual time=0.031..0.031 rows=1 loops=13933)
                                                         Index Cond: (id = mi2.movie_id)
                                                         Filter: ((production_year <= 2015) AND (1990 < production_year))
                                                         Rows Removed by Filter: 0
                                                         Buffers: shared hit=45694 read=10038
                                             ->  Hash  (cost=1.09..1.09 rows=2 width=4) (actual time=0.018..0.019 rows=2 loops=1)
                                                   Buckets: 1024  Batches: 1  Memory Usage: 9kB
                                                   Buffers: shared hit=1
                                                   ->  Seq Scan on kind_type kt  (cost=0.00..1.09 rows=2 width=4) (actual time=0.008..0.009 rows=2 loops=1)
                                                         Filter: ((kind)::text = ANY ('{"tv movie","tv series"}'::text[]))
                                                         Rows Removed by Filter: 5
                                                         Buffers: shared hit=1
                                       ->  Index Scan using movie_id_movie_info on movie_info mi1  (cost=0.43..42.25 rows=1 width=8) (actual time=0.152..0.152 rows=0 loops=994)
                                             Index Cond: (movie_id = t.id)
                                             Filter: ((info_type_id = 3) AND ((info)::text = 'Comedy'::text))
                                             Rows Removed by Filter: 37
                                             Buffers: shared hit=7585 read=7602
                                 ->  Seq Scan on info_type it1  (cost=0.00..2.41 rows=1 width=4) (actual time=0.008..0.014 rows=1 loops=200)
                                       Filter: (id = 3)
                                       Rows Removed by Filter: 112
                                       Buffers: shared hit=200
                           ->  Seq Scan on info_type it2  (cost=0.00..2.41 rows=1 width=4) (actual time=0.005..0.011 rows=1 loops=200)
                                 Filter: (id = 5)
                                 Rows Removed by Filter: 112
                                 Buffers: shared hit=200
                     ->  Index Scan using movie_id_cast_info on cast_info ci  (cost=0.44..43.36 rows=38 width=12) (actual time=0.047..0.305 rows=28 loops=200)
                           Index Cond: (movie_id = t.id)
                           Buffers: shared hit=1950 read=4131
               ->  Hash  (cost=1.15..1.15 rows=2 width=4) (actual time=0.036..0.036 rows=2 loops=1)
                     Buckets: 1024  Batches: 1  Memory Usage: 9kB
                     Buffers: shared hit=1
                     ->  Seq Scan on role_type rt  (cost=0.00..1.15 rows=2 width=4) (actual time=0.025..0.027 rows=2 loops=1)
                           Filter: ((role)::text = ANY ('{editor,writer}'::text[]))
                           Rows Removed by Filter: 10
                           Buffers: shared hit=1
         ->  Index Scan using name_pkey on name n  (cost=0.43..2.32 rows=1 width=4) (actual time=0.034..0.034 rows=1 loops=553)
               Index Cond: (id = ci.person_id)
               Filter: ((gender)::text = ANY ('{f,m}'::text[]))
               Rows Removed by Filter: 0
               Buffers: shared hit=1511 read=701
 Planning:
   Buffers: shared hit=504 read=70
 Planning Time: 14.600 ms
 Execution Time: 980.426 ms
(73 rows)

