                                                                                             QUERY PLAN                                                                                              
-----------------------------------------------------------------------------------------------------------------------------------------------------------------------------------------------------
 Aggregate  (cost=368163.00..368163.01 rows=1 width=8) (actual time=19996.225..19996.232 rows=1 loops=1)
   Buffers: shared hit=1734776 read=329622
   ->  Nested Loop  (cost=4697.50..368162.99 rows=3 width=0) (actual time=42.894..19984.082 rows=69454 loops=1)
         Buffers: shared hit=1734776 read=329622
         ->  Hash Join  (cost=4697.07..368151.39 rows=5 width=4) (actual time=42.837..11743.193 rows=232840 loops=1)
               Hash Cond: (ci.role_id = rt.id)
               Buffers: shared hit=841405 read=291633
               ->  Nested Loop  (cost=4695.90..368150.12 rows=29 width=8) (actual time=42.307..11559.624 rows=766991 loops=1)
                     Buffers: shared hit=841404 read=291633
                     ->  Nested Loop  (cost=4695.46..368062.80 rows=2 width=12) (actual time=42.245..4033.108 rows=9986 loops=1)
                           Buffers: shared hit=238573 read=115637
                           ->  Seq Scan on info_type it2  (cost=0.00..2.41 rows=1 width=4) (actual time=0.030..0.040 rows=1 loops=1)
                                 Filter: (id = 5)
                                 Rows Removed by Filter: 112
                                 Buffers: shared hit=1
                           ->  Nested Loop  (cost=4695.46..368060.37 rows=2 width=16) (actual time=42.214..4030.231 rows=9986 loops=1)
                                 Buffers: shared hit=238572 read=115637
                                 ->  Seq Scan on info_type it1  (cost=0.00..2.41 rows=1 width=4) (actual time=0.012..0.024 rows=1 loops=1)
                                       Filter: (id = 3)
                                       Rows Removed by Filter: 112
                                       Buffers: shared hit=1
                                 ->  Nested Loop  (cost=4695.46..368057.93 rows=2 width=20) (actual time=42.198..4027.181 rows=9986 loops=1)
                                       Buffers: shared hit=238571 read=115637
                                       ->  Hash Join  (cost=4695.02..363035.03 rows=119 width=12) (actual time=41.953..1167.295 rows=12044 loops=1)
                                             Hash Cond: (t.kind_id = kt.id)
                                             Buffers: shared hit=66048 read=34905
                                             ->  Nested Loop  (cost=4693.91..363032.15 rows=417 width=16) (actual time=19.123..1158.506 rows=20266 loops=1)
                                                   Buffers: shared hit=66047 read=34905
                                                   ->  Bitmap Heap Scan on movie_info mi2  (cost=4693.48..359301.89 rows=447 width=8) (actual time=19.058..409.196 rows=20345 loops=1)
                                                         Recheck Cond: (info_type_id = 5)
                                                         Filter: ((info)::text = ANY ('{Australia:PG,"South Korea:15",UK:PG}'::text[]))
                                                         Rows Removed by Filter: 466209
                                                         Heap Blocks: exact=19164
                                                         Buffers: shared hit=2079 read=17493
                                                         ->  Bitmap Index Scan on info_type_id_movie_info  (cost=0.00..4693.37 rows=439058 width=0) (actual time=16.541..16.541 rows=486554 loops=1)
                                                               Index Cond: (info_type_id = 5)
                                                               Buffers: shared read=408
                                                   ->  Index Scan using title_pkey on title t  (cost=0.43..8.35 rows=1 width=8) (actual time=0.036..0.036 rows=1 loops=20345)
                                                         Index Cond: (id = mi2.movie_id)
                                                         Filter: ((production_year <= 2015) AND (1925 < production_year))
                                                         Rows Removed by Filter: 0
                                                         Buffers: shared hit=63968 read=17412
                                             ->  Hash  (cost=1.09..1.09 rows=2 width=4) (actual time=0.014..0.015 rows=2 loops=1)
                                                   Buckets: 1024  Batches: 1  Memory Usage: 9kB
                                                   Buffers: shared hit=1
                                                   ->  Seq Scan on kind_type kt  (cost=0.00..1.09 rows=2 width=4) (actual time=0.008..0.010 rows=2 loops=1)
                                                         Filter: ((kind)::text = ANY ('{movie,"video movie"}'::text[]))
                                                         Rows Removed by Filter: 5
                                                         Buffers: shared hit=1
                                       ->  Index Scan using movie_id_movie_info on movie_info mi1  (cost=0.43..42.20 rows=1 width=8) (actual time=0.236..0.237 rows=1 loops=12044)
                                             Index Cond: (movie_id = t.id)
                                             Filter: (((info)::text = ANY ('{Comedy,Drama}'::text[])) AND (info_type_id = 3))
                                             Rows Removed by Filter: 102
                                             Buffers: shared hit=172523 read=80732
                     ->  Index Scan using movie_id_cast_info on cast_info ci  (cost=0.44..43.28 rows=38 width=12) (actual time=0.038..0.734 rows=77 loops=9986)
                           Index Cond: (movie_id = t.id)
                           Buffers: shared hit=602831 read=175996
               ->  Hash  (cost=1.15..1.15 rows=2 width=4) (actual time=0.033..0.033 rows=2 loops=1)
                     Buckets: 1024  Batches: 1  Memory Usage: 9kB
                     Buffers: shared hit=1
                     ->  Seq Scan on role_type rt  (cost=0.00..1.15 rows=2 width=4) (actual time=0.025..0.027 rows=2 loops=1)
                           Filter: ((role)::text = ANY ('{director,"miscellaneous crew"}'::text[]))
                           Rows Removed by Filter: 10
                           Buffers: shared hit=1
         ->  Index Scan using name_pkey on name n  (cost=0.43..2.32 rows=1 width=4) (actual time=0.035..0.035 rows=0 loops=232840)
               Index Cond: (id = ci.person_id)
               Filter: ((gender)::text = ANY ('{f,m}'::text[]))
               Rows Removed by Filter: 1
               Buffers: shared hit=893371 read=37989
 Planning:
   Buffers: shared hit=484 read=90
 Planning Time: 13.534 ms
 Execution Time: 19996.902 ms
(73 rows)

