                                                                                             QUERY PLAN                                                                                              
-----------------------------------------------------------------------------------------------------------------------------------------------------------------------------------------------------
 Aggregate  (cost=418999.55..418999.56 rows=1 width=8) (actual time=4745.315..4745.322 rows=1 loops=1)
   Buffers: shared hit=369338 read=123380
   ->  Nested Loop  (cost=4697.60..418999.53 rows=6 width=0) (actual time=52.196..4744.850 rows=1361 loops=1)
         Buffers: shared hit=369338 read=123380
         ->  Hash Join  (cost=4697.17..418967.06 rows=14 width=4) (actual time=49.043..4533.056 rows=6299 loops=1)
               Hash Cond: (ci.role_id = rt.id)
               Buffers: shared hit=345761 read=121761
               ->  Nested Loop  (cost=4696.00..418965.58 rows=86 width=8) (actual time=47.142..4497.809 rows=239193 loops=1)
                     Buffers: shared hit=345760 read=121761
                     ->  Nested Loop  (cost=4695.56..418703.39 rows=6 width=12) (actual time=47.093..2217.643 rows=4606 loops=1)
                           Buffers: shared hit=156291 read=65217
                           ->  Seq Scan on info_type it2  (cost=0.00..2.41 rows=1 width=4) (actual time=0.027..0.036 rows=1 loops=1)
                                 Filter: (id = 5)
                                 Rows Removed by Filter: 112
                                 Buffers: shared hit=1
                           ->  Nested Loop  (cost=4695.56..418700.92 rows=6 width=16) (actual time=47.065..2216.590 rows=4606 loops=1)
                                 Buffers: shared hit=156290 read=65217
                                 ->  Seq Scan on info_type it1  (cost=0.00..2.41 rows=1 width=4) (actual time=0.006..0.018 rows=1 loops=1)
                                       Filter: (id = 3)
                                       Rows Removed by Filter: 112
                                       Buffers: shared hit=1
                                 ->  Nested Loop  (cost=4695.56..418698.45 rows=6 width=20) (actual time=47.057..2215.514 rows=4606 loops=1)
                                       Buffers: shared hit=156289 read=65217
                                       ->  Hash Join  (cost=4695.12..410677.28 rows=189 width=12) (actual time=46.929..1611.429 rows=4159 loops=1)
                                             Hash Cond: (t.kind_id = kt.id)
                                             Buffers: shared hit=123077 read=40016
                                             ->  Nested Loop  (cost=4694.01..410673.38 rows=662 width=16) (actual time=19.702..1604.600 rows=30386 loops=1)
                                                   Buffers: shared hit=123076 read=40016
                                                   ->  Bitmap Heap Scan on movie_info mi2  (cost=4693.58..403795.54 rows=835 width=8) (actual time=19.653..430.098 rows=35880 loops=1)
                                                         Recheck Cond: (info_type_id = 5)
                                                         Filter: ((info)::text = ANY ('{Australia:M,Australia:PG,Canada:13+,Germany:6,Iceland:12,USA:Unrated}'::text[]))
                                                         Rows Removed by Filter: 450674
                                                         Heap Blocks: exact=19164
                                                         Buffers: shared hit=1063 read=18509
                                                         ->  Bitmap Index Scan on info_type_id_movie_info  (cost=0.00..4693.37 rows=439058 width=0) (actual time=17.067..17.068 rows=486554 loops=1)
                                                               Index Cond: (info_type_id = 5)
                                                               Buffers: shared read=408
                                                   ->  Index Scan using title_pkey on title t  (cost=0.43..8.24 rows=1 width=8) (actual time=0.032..0.032 rows=1 loops=35880)
                                                         Index Cond: (id = mi2.movie_id)
                                                         Filter: ((production_year <= 2015) AND (1975 < production_year))
                                                         Rows Removed by Filter: 0
                                                         Buffers: shared hit=122013 read=21507
                                             ->  Hash  (cost=1.09..1.09 rows=2 width=4) (actual time=0.014..0.015 rows=2 loops=1)
                                                   Buckets: 1024  Batches: 1  Memory Usage: 9kB
                                                   Buffers: shared hit=1
                                                   ->  Seq Scan on kind_type kt  (cost=0.00..1.09 rows=2 width=4) (actual time=0.008..0.009 rows=2 loops=1)
                                                         Filter: ((kind)::text = ANY ('{"tv movie","video game"}'::text[]))
                                                         Rows Removed by Filter: 5
                                                         Buffers: shared hit=1
                                       ->  Index Scan using movie_id_movie_info on movie_info mi1  (cost=0.43..42.43 rows=1 width=8) (actual time=0.144..0.144 rows=1 loops=4159)
                                             Index Cond: (movie_id = t.id)
                                             Filter: ((info_type_id = 3) AND ((info)::text = ANY ('{Action,Comedy,Crime,Documentary,Drama,Romance}'::text[])))
                                             Rows Removed by Filter: 21
                                             Buffers: shared hit=33212 read=25201
                     ->  Index Scan using movie_id_cast_info on cast_info ci  (cost=0.44..43.32 rows=38 width=12) (actual time=0.034..0.484 rows=52 loops=4606)
                           Index Cond: (movie_id = t.id)
                           Buffers: shared hit=189469 read=56544
               ->  Hash  (cost=1.15..1.15 rows=2 width=4) (actual time=0.031..0.032 rows=2 loops=1)
                     Buckets: 1024  Batches: 1  Memory Usage: 9kB
                     Buffers: shared hit=1
                     ->  Seq Scan on role_type rt  (cost=0.00..1.15 rows=2 width=4) (actual time=0.024..0.026 rows=2 loops=1)
                           Filter: ((role)::text = ANY ('{"costume designer","production designer"}'::text[]))
                           Rows Removed by Filter: 10
                           Buffers: shared hit=1
         ->  Index Scan using name_pkey on name n  (cost=0.43..2.32 rows=1 width=4) (actual time=0.033..0.033 rows=0 loops=6299)
               Index Cond: (id = ci.person_id)
               Filter: ((gender)::text = 'm'::text)
               Rows Removed by Filter: 1
               Buffers: shared hit=23577 read=1619
 Planning:
   Buffers: shared hit=483 read=91
 Planning Time: 14.001 ms
 Execution Time: 4745.994 ms
(73 rows)

