                                                                                             QUERY PLAN                                                                                              
-----------------------------------------------------------------------------------------------------------------------------------------------------------------------------------------------------
 Aggregate  (cost=363414.55..363414.56 rows=1 width=8) (actual time=1903.342..1903.349 rows=1 loops=1)
   Buffers: shared hit=162145 read=35244
   ->  Nested Loop  (cost=4697.49..363414.54 rows=1 width=0) (actual time=620.887..1903.341 rows=1 loops=1)
         Buffers: shared hit=162145 read=35244
         ->  Hash Join  (cost=4697.06..363409.90 rows=2 width=4) (actual time=80.526..1894.455 rows=243 loops=1)
               Hash Cond: (ci.role_id = rt.id)
               Buffers: shared hit=161434 read=34983
               ->  Nested Loop  (cost=4695.89..363408.68 rows=14 width=8) (actual time=80.257..1893.754 rows=3509 loops=1)
                     Buffers: shared hit=161433 read=34983
                     ->  Nested Loop  (cost=4695.45..363363.80 rows=1 width=12) (actual time=80.213..1844.281 rows=120 loops=1)
                           Buffers: shared hit=159042 read=33544
                           ->  Nested Loop  (cost=4695.45..363361.38 rows=1 width=16) (actual time=80.208..1842.432 rows=120 loops=1)
                                 Buffers: shared hit=158922 read=33544
                                 ->  Nested Loop  (cost=4695.45..363358.96 rows=1 width=20) (actual time=80.187..1840.427 rows=120 loops=1)
                                       Buffers: shared hit=158802 read=33544
                                       ->  Hash Join  (cost=4695.01..362669.58 rows=16 width=12) (actual time=31.085..1484.551 rows=3226 loops=1)
                                             Hash Cond: (t.kind_id = kt.id)
                                             Buffers: shared hit=121695 read=30466
                                             ->  Nested Loop  (cost=4693.90..362668.23 rows=56 width=16) (actual time=19.563..1481.324 rows=12252 loops=1)
                                                   Buffers: shared hit=121694 read=30466
                                                   ->  Bitmap Heap Scan on movie_info mi2  (cost=4693.47..359301.88 rows=403 width=8) (actual time=19.515..360.849 rows=33147 loops=1)
                                                         Recheck Cond: (info_type_id = 5)
                                                         Filter: ((info)::text = ANY ('{Australia:G,Sweden:15,"USA:Not Rated"}'::text[]))
                                                         Rows Removed by Filter: 453407
                                                         Heap Blocks: exact=19164
                                                         Buffers: shared hit=2015 read=17557
                                                         ->  Bitmap Index Scan on info_type_id_movie_info  (cost=0.00..4693.37 rows=439058 width=0) (actual time=16.865..16.865 rows=486554 loops=1)
                                                               Index Cond: (info_type_id = 5)
                                                               Buffers: shared read=408
                                                   ->  Index Scan using title_pkey on title t  (cost=0.43..8.35 rows=1 width=8) (actual time=0.033..0.033 rows=0 loops=33147)
                                                         Index Cond: (id = mi2.movie_id)
                                                         Filter: ((production_year <= 1975) AND (1925 < production_year))
                                                         Rows Removed by Filter: 1
                                                         Buffers: shared hit=119679 read=12909
                                             ->  Hash  (cost=1.09..1.09 rows=2 width=4) (actual time=0.021..0.022 rows=2 loops=1)
                                                   Buckets: 1024  Batches: 1  Memory Usage: 9kB
                                                   Buffers: shared hit=1
                                                   ->  Seq Scan on kind_type kt  (cost=0.00..1.09 rows=2 width=4) (actual time=0.010..0.012 rows=2 loops=1)
                                                         Filter: ((kind)::text = ANY ('{episode,"tv movie"}'::text[]))
                                                         Rows Removed by Filter: 5
                                                         Buffers: shared hit=1
                                       ->  Index Scan using movie_id_movie_info on movie_info mi1  (cost=0.43..43.08 rows=1 width=8) (actual time=0.110..0.110 rows=0 loops=3226)
                                             Index Cond: (movie_id = t.id)
                                             Filter: ((info_type_id = 3) AND ((info)::text = ANY ('{Drama,Romance,War}'::text[])))
                                             Rows Removed by Filter: 14
                                             Buffers: shared hit=37107 read=3078
                                 ->  Seq Scan on info_type it1  (cost=0.00..2.41 rows=1 width=4) (actual time=0.007..0.014 rows=1 loops=120)
                                       Filter: (id = 3)
                                       Rows Removed by Filter: 112
                                       Buffers: shared hit=120
                           ->  Seq Scan on info_type it2  (cost=0.00..2.41 rows=1 width=4) (actual time=0.006..0.014 rows=1 loops=120)
                                 Filter: (id = 5)
                                 Rows Removed by Filter: 112
                                 Buffers: shared hit=120
                     ->  Index Scan using movie_id_cast_info on cast_info ci  (cost=0.44..44.50 rows=38 width=12) (actual time=0.041..0.404 rows=29 loops=120)
                           Index Cond: (movie_id = t.id)
                           Buffers: shared hit=2391 read=1439
               ->  Hash  (cost=1.15..1.15 rows=2 width=4) (actual time=0.034..0.035 rows=2 loops=1)
                     Buckets: 1024  Batches: 1  Memory Usage: 9kB
                     Buffers: shared hit=1
                     ->  Seq Scan on role_type rt  (cost=0.00..1.15 rows=2 width=4) (actual time=0.026..0.028 rows=2 loops=1)
                           Filter: ((role)::text = ANY ('{cinematographer,editor}'::text[]))
                           Rows Removed by Filter: 10
                           Buffers: shared hit=1
         ->  Index Scan using name_pkey on name n  (cost=0.43..2.32 rows=1 width=4) (actual time=0.036..0.036 rows=0 loops=243)
               Index Cond: (id = ci.person_id)
               Filter: ((gender)::text = 'f'::text)
               Rows Removed by Filter: 1
               Buffers: shared hit=711 read=261
 Planning:
   Buffers: shared hit=519 read=55
 Planning Time: 13.170 ms
 Execution Time: 1904.001 ms
(73 rows)

