                                                                                             QUERY PLAN                                                                                              
-----------------------------------------------------------------------------------------------------------------------------------------------------------------------------------------------------
 Aggregate  (cost=399249.47..399249.48 rows=1 width=8) (actual time=20038.539..20038.545 rows=1 loops=1)
   Buffers: shared hit=1906736 read=181614
   ->  Nested Loop  (cost=4697.63..399249.46 rows=3 width=0) (actual time=66.733..20035.658 rows=9982 loops=1)
         Buffers: shared hit=1906736 read=181614
         ->  Hash Join  (cost=4697.20..399237.87 rows=5 width=4) (actual time=45.490..18560.879 rows=40657 loops=1)
               Hash Cond: (ci.role_id = rt.id)
               Buffers: shared hit=1747609 read=178113
               ->  Nested Loop  (cost=4696.03..399236.59 rows=29 width=8) (actual time=44.645..18344.576 rows=1198353 loops=1)
                     Buffers: shared hit=1747608 read=178113
                     ->  Nested Loop  (cost=4695.59..399147.48 rows=2 width=12) (actual time=44.591..6625.890 rows=30409 loops=1)
                           Buffers: shared hit=568204 read=89031
                           ->  Seq Scan on info_type it2  (cost=0.00..2.41 rows=1 width=4) (actual time=0.029..0.038 rows=1 loops=1)
                                 Filter: (id = 5)
                                 Rows Removed by Filter: 112
                                 Buffers: shared hit=1
                           ->  Nested Loop  (cost=4695.59..399145.05 rows=2 width=16) (actual time=44.561..6617.836 rows=30409 loops=1)
                                 Buffers: shared hit=568203 read=89031
                                 ->  Seq Scan on info_type it1  (cost=0.00..2.41 rows=1 width=4) (actual time=0.006..0.017 rows=1 loops=1)
                                       Filter: (id = 3)
                                       Rows Removed by Filter: 112
                                       Buffers: shared hit=1
                                 ->  Nested Loop  (cost=4695.59..399142.62 rows=2 width=20) (actual time=44.552..6609.550 rows=30409 loops=1)
                                       Buffers: shared hit=568202 read=89031
                                       ->  Hash Join  (cost=4695.15..396217.28 rows=68 width=12) (actual time=32.460..2051.559 rows=28176 loops=1)
                                             Hash Cond: (t.kind_id = kt.id)
                                             Buffers: shared hit=184535 read=12614
                                             ->  Nested Loop  (cost=4694.02..396215.47 rows=160 width=16) (actual time=22.376..2035.562 rows=28456 loops=1)
                                                   Buffers: shared hit=184534 read=12614
                                                   ->  Bitmap Heap Scan on movie_info mi2  (cost=4693.59..388964.37 rows=882 width=8) (actual time=19.498..452.247 rows=44394 loops=1)
                                                         Recheck Cond: (info_type_id = 5)
                                                         Filter: ((info)::text = ANY ('{Argentina:Atp,Sweden:15,USA:Approved,USA:Passed,USA:TV-G}'::text[]))
                                                         Rows Removed by Filter: 442160
                                                         Heap Blocks: exact=19164
                                                         Buffers: shared hit=17530 read=2042
                                                         ->  Bitmap Index Scan on info_type_id_movie_info  (cost=0.00..4693.37 rows=439058 width=0) (actual time=16.358..16.358 rows=486554 loops=1)
                                                               Index Cond: (info_type_id = 5)
                                                               Buffers: shared hit=408
                                                   ->  Index Scan using title_pkey on title t  (cost=0.43..8.22 rows=1 width=8) (actual time=0.035..0.035 rows=1 loops=44394)
                                                         Index Cond: (id = mi2.movie_id)
                                                         Filter: ((production_year <= 1975) AND (1875 < production_year))
                                                         Rows Removed by Filter: 0
                                                         Buffers: shared hit=167004 read=10572
                                             ->  Hash  (cost=1.10..1.10 rows=3 width=4) (actual time=0.013..0.014 rows=3 loops=1)
                                                   Buckets: 1024  Batches: 1  Memory Usage: 9kB
                                                   Buffers: shared hit=1
                                                   ->  Seq Scan on kind_type kt  (cost=0.00..1.10 rows=3 width=4) (actual time=0.007..0.008 rows=3 loops=1)
                                                         Filter: ((kind)::text = ANY ('{episode,movie,"tv movie"}'::text[]))
                                                         Rows Removed by Filter: 4
                                                         Buffers: shared hit=1
                                       ->  Index Scan using movie_id_movie_info on movie_info mi1  (cost=0.43..43.01 rows=1 width=8) (actual time=0.160..0.161 rows=1 loops=28176)
                                             Index Cond: (movie_id = t.id)
                                             Filter: ((info_type_id = 3) AND ((info)::text = ANY ('{Action,Adventure,Comedy,Drama,Music,Musical}'::text[])))
                                             Rows Removed by Filter: 34
                                             Buffers: shared hit=383667 read=76417
                     ->  Index Scan using movie_id_cast_info on cast_info ci  (cost=0.44..44.17 rows=38 width=12) (actual time=0.037..0.374 rows=39 loops=30409)
                           Index Cond: (movie_id = t.id)
                           Buffers: shared hit=1179404 read=89082
               ->  Hash  (cost=1.15..1.15 rows=2 width=4) (actual time=0.030..0.030 rows=2 loops=1)
                     Buckets: 1024  Batches: 1  Memory Usage: 9kB
                     Buffers: shared hit=1
                     ->  Seq Scan on role_type rt  (cost=0.00..1.15 rows=2 width=4) (actual time=0.023..0.025 rows=2 loops=1)
                           Filter: ((role)::text = ANY ('{"costume designer",editor}'::text[]))
                           Rows Removed by Filter: 10
                           Buffers: shared hit=1
         ->  Index Scan using name_pkey on name n  (cost=0.43..2.32 rows=1 width=4) (actual time=0.036..0.036 rows=0 loops=40657)
               Index Cond: (id = ci.person_id)
               Filter: ((gender)::text = ANY ('{f,m}'::text[]))
               Rows Removed by Filter: 1
               Buffers: shared hit=159127 read=3501
 Planning:
   Buffers: shared hit=574
 Planning Time: 13.524 ms
 Execution Time: 20039.133 ms
(73 rows)

