                                                                                             QUERY PLAN                                                                                              
-----------------------------------------------------------------------------------------------------------------------------------------------------------------------------------------------------
 Aggregate  (cost=378544.02..378544.03 rows=1 width=8) (actual time=7523.935..7523.942 rows=1 loops=1)
   Buffers: shared hit=671042 read=107960
   ->  Nested Loop  (cost=4697.48..378544.02 rows=1 width=0) (actual time=54.477..7521.815 rows=9945 loops=1)
         Buffers: shared hit=671042 read=107960
         ->  Hash Join  (cost=4697.05..378541.70 rows=1 width=4) (actual time=54.410..7035.798 rows=14579 loops=1)
               Hash Cond: (ci.role_id = rt.id)
               Buffers: shared hit=616114 read=104572
               ->  Nested Loop  (cost=4695.89..378540.49 rows=14 width=8) (actual time=53.949..6991.363 rows=278548 loops=1)
                     Buffers: shared hit=616113 read=104572
                     ->  Nested Loop  (cost=4695.45..378495.94 rows=1 width=12) (actual time=53.891..4232.817 rows=13618 loops=1)
                           Buffers: shared hit=327093 read=80702
                           ->  Nested Loop  (cost=4695.45..378493.51 rows=1 width=16) (actual time=53.882..3969.127 rows=13618 loops=1)
                                 Buffers: shared hit=313475 read=80702
                                 ->  Nested Loop  (cost=4695.45..378491.09 rows=1 width=20) (actual time=53.851..3697.128 rows=13618 loops=1)
                                       Buffers: shared hit=299857 read=80702
                                       ->  Hash Join  (cost=4695.02..377589.83 rows=21 width=12) (actual time=53.677..1578.269 rows=15427 loops=1)
                                             Hash Cond: (t.kind_id = kt.id)
                                             Buffers: shared hit=112849 read=37064
                                             ->  Nested Loop  (cost=4693.90..377588.40 rows=75 width=16) (actual time=20.496..1570.547 rows=18425 loops=1)
                                                   Buffers: shared hit=112848 read=37064
                                                   ->  Bitmap Heap Scan on movie_info mi2  (cost=4693.47..374133.06 rows=414 width=8) (actual time=20.451..418.005 rows=32585 loops=1)
                                                         Recheck Cond: (info_type_id = 5)
                                                         Filter: ((info)::text = ANY ('{Australia:G,Belgium:KT,UK:U,USA:Passed}'::text[]))
                                                         Rows Removed by Filter: 453969
                                                         Heap Blocks: exact=19164
                                                         Buffers: shared hit=2940 read=16632
                                                         ->  Bitmap Index Scan on info_type_id_movie_info  (cost=0.00..4693.37 rows=439058 width=0) (actual time=17.756..17.757 rows=486554 loops=1)
                                                               Index Cond: (info_type_id = 5)
                                                               Buffers: shared read=408
                                                   ->  Index Scan using title_pkey on title t  (cost=0.43..8.35 rows=1 width=8) (actual time=0.035..0.035 rows=1 loops=32585)
                                                         Index Cond: (id = mi2.movie_id)
                                                         Filter: ((production_year <= 1975) AND (1875 < production_year))
                                                         Rows Removed by Filter: 0
                                                         Buffers: shared hit=109908 read=20432
                                             ->  Hash  (cost=1.09..1.09 rows=2 width=4) (actual time=0.021..0.022 rows=2 loops=1)
                                                   Buckets: 1024  Batches: 1  Memory Usage: 9kB
                                                   Buffers: shared hit=1
                                                   ->  Seq Scan on kind_type kt  (cost=0.00..1.09 rows=2 width=4) (actual time=0.010..0.012 rows=2 loops=1)
                                                         Filter: ((kind)::text = ANY ('{movie,"tv movie"}'::text[]))
                                                         Rows Removed by Filter: 5
                                                         Buffers: shared hit=1
                                       ->  Index Scan using movie_id_movie_info on movie_info mi1  (cost=0.43..42.91 rows=1 width=8) (actual time=0.136..0.137 rows=1 loops=15427)
                                             Index Cond: (movie_id = t.id)
                                             Filter: ((info_type_id = 3) AND ((info)::text = ANY ('{Adventure,Comedy,Documentary,Short}'::text[])))
                                             Rows Removed by Filter: 31
                                             Buffers: shared hit=187008 read=43638
                                 ->  Seq Scan on info_type it1  (cost=0.00..2.41 rows=1 width=4) (actual time=0.010..0.018 rows=1 loops=13618)
                                       Filter: (id = 3)
                                       Rows Removed by Filter: 112
                                       Buffers: shared hit=13618
                           ->  Seq Scan on info_type it2  (cost=0.00..2.41 rows=1 width=4) (actual time=0.009..0.018 rows=1 loops=13618)
                                 Filter: (id = 5)
                                 Rows Removed by Filter: 112
                                 Buffers: shared hit=13618
                     ->  Index Scan using movie_id_cast_info on cast_info ci  (cost=0.44..44.17 rows=38 width=12) (actual time=0.034..0.197 rows=20 loops=13618)
                           Index Cond: (movie_id = t.id)
                           Buffers: shared hit=289020 read=23870
               ->  Hash  (cost=1.15..1.15 rows=1 width=4) (actual time=0.033..0.034 rows=1 loops=1)
                     Buckets: 1024  Batches: 1  Memory Usage: 9kB
                     Buffers: shared hit=1
                     ->  Seq Scan on role_type rt  (cost=0.00..1.15 rows=1 width=4) (actual time=0.026..0.027 rows=1 loops=1)
                           Filter: ((role)::text = 'director'::text)
                           Rows Removed by Filter: 11
                           Buffers: shared hit=1
         ->  Index Scan using name_pkey on name n  (cost=0.43..2.32 rows=1 width=4) (actual time=0.033..0.033 rows=1 loops=14579)
               Index Cond: (id = ci.person_id)
               Filter: ((gender)::text = 'm'::text)
               Rows Removed by Filter: 0
               Buffers: shared hit=54928 read=3388
 Planning:
   Buffers: shared hit=484 read=90
 Planning Time: 14.209 ms
 Execution Time: 7524.597 ms
(73 rows)

