                                                                                                  QUERY PLAN                                                                                                   
---------------------------------------------------------------------------------------------------------------------------------------------------------------------------------------------------------------
 Aggregate  (cost=450465.51..450465.52 rows=1 width=8) (actual time=75770.400..75770.407 rows=1 loops=1)
   Buffers: shared hit=7168416 read=612792
   ->  Nested Loop  (cost=4697.43..450465.51 rows=1 width=0) (actual time=34.409..75609.038 rows=944924 loops=1)
         Buffers: shared hit=7168416 read=612792
         ->  Hash Join  (cost=4697.00..450463.19 rows=1 width=4) (actual time=34.362..41444.753 rows=944924 loops=1)
               Hash Cond: (ci.role_id = rt.id)
               Buffers: shared hit=3452018 read=549494
               ->  Nested Loop  (cost=4695.83..450461.98 rows=14 width=8) (actual time=34.293..40677.799 rows=2987434 loops=1)
                     Buffers: shared hit=3452017 read=549494
                     ->  Nested Loop  (cost=4695.39..450418.24 rows=1 width=12) (actual time=34.246..11363.566 rows=34585 loops=1)
                           Buffers: shared hit=835569 read=150960
                           ->  Nested Loop  (cost=4695.39..450415.82 rows=1 width=16) (actual time=34.240..10536.294 rows=34585 loops=1)
                                 Buffers: shared hit=800984 read=150960
                                 ->  Nested Loop  (cost=4695.39..450413.40 rows=1 width=20) (actual time=34.218..9715.981 rows=34585 loops=1)
                                       Buffers: shared hit=766399 read=150960
                                       ->  Hash Join  (cost=4694.96..449144.04 rows=30 width=12) (actual time=21.025..2567.507 rows=36180 loops=1)
                                             Hash Cond: (t.kind_id = kt.id)
                                             Buffers: shared hit=196316 read=35825
                                             ->  Nested Loop  (cost=4693.83..449142.61 rows=70 width=16) (actual time=20.679..2542.331 rows=40959 loops=1)
                                                   Buffers: shared hit=196315 read=35825
                                                   ->  Bitmap Heap Scan on movie_info mi2  (cost=4693.40..448288.91 rows=101 width=8) (actual time=20.617..595.137 rows=53142 loops=1)
                                                         Recheck Cond: (info_type_id = 5)
                                                         Filter: ((info)::text = ANY ('{Australia:MA,Finland:K-15,Germany:12,Germany:16,Portugal:M/12,Singapore:PG,UK:18,"USA:Not Rated",USA:PG-13}'::text[]))
                                                         Rows Removed by Filter: 433412
                                                         Heap Blocks: exact=19164
                                                         Buffers: shared hit=4139 read=15433
                                                         ->  Bitmap Index Scan on info_type_id_movie_info  (cost=0.00..4693.37 rows=439058 width=0) (actual time=17.650..17.650 rows=486554 loops=1)
                                                               Index Cond: (info_type_id = 5)
                                                               Buffers: shared read=408
                                                   ->  Index Scan using title_pkey on title t  (cost=0.43..8.45 rows=1 width=8) (actual time=0.036..0.036 rows=1 loops=53142)
                                                         Index Cond: (id = mi2.movie_id)
                                                         Filter: ((production_year <= 2015) AND (1990 < production_year))
                                                         Rows Removed by Filter: 0
                                                         Buffers: shared hit=192176 read=20392
                                             ->  Hash  (cost=1.10..1.10 rows=3 width=4) (actual time=0.020..0.020 rows=3 loops=1)
                                                   Buckets: 1024  Batches: 1  Memory Usage: 9kB
                                                   Buffers: shared hit=1
                                                   ->  Seq Scan on kind_type kt  (cost=0.00..1.10 rows=3 width=4) (actual time=0.010..0.012 rows=3 loops=1)
                                                         Filter: ((kind)::text = ANY ('{episode,movie,"video movie"}'::text[]))
                                                         Rows Removed by Filter: 4
                                                         Buffers: shared hit=1
                                       ->  Index Scan using movie_id_movie_info on movie_info mi1  (cost=0.43..42.30 rows=1 width=8) (actual time=0.196..0.197 rows=1 loops=36180)
                                             Index Cond: (movie_id = t.id)
                                             Filter: ((info_type_id = 3) AND ((info)::text = ANY ('{Comedy,Drama,Thriller}'::text[])))
                                             Rows Removed by Filter: 84
                                             Buffers: shared hit=570083 read=115135
                                 ->  Seq Scan on info_type it1  (cost=0.00..2.41 rows=1 width=4) (actual time=0.011..0.021 rows=1 loops=34585)
                                       Filter: (id = 3)
                                       Rows Removed by Filter: 112
                                       Buffers: shared hit=34585
                           ->  Seq Scan on info_type it2  (cost=0.00..2.41 rows=1 width=4) (actual time=0.011..0.022 rows=1 loops=34585)
                                 Filter: (id = 5)
                                 Rows Removed by Filter: 112
                                 Buffers: shared hit=34585
                     ->  Index Scan using movie_id_cast_info on cast_info ci  (cost=0.44..43.36 rows=38 width=12) (actual time=0.038..0.824 rows=86 loops=34585)
                           Index Cond: (movie_id = t.id)
                           Buffers: shared hit=2616448 read=398534
               ->  Hash  (cost=1.15..1.15 rows=1 width=4) (actual time=0.040..0.041 rows=1 loops=1)
                     Buckets: 1024  Batches: 1  Memory Usage: 9kB
                     Buffers: shared hit=1
                     ->  Seq Scan on role_type rt  (cost=0.00..1.15 rows=1 width=4) (actual time=0.032..0.034 rows=1 loops=1)
                           Filter: ((role)::text = 'actor'::text)
                           Rows Removed by Filter: 11
                           Buffers: shared hit=1
         ->  Index Scan using name_pkey on name n  (cost=0.43..2.32 rows=1 width=4) (actual time=0.035..0.035 rows=1 loops=944924)
               Index Cond: (id = ci.person_id)
               Filter: ((gender)::text = 'm'::text)
               Buffers: shared hit=3716398 read=63298
 Planning:
   Buffers: shared hit=483 read=91
 Planning Time: 14.165 ms
 Execution Time: 75771.103 ms
(72 rows)

