                                                                                             QUERY PLAN                                                                                              
-----------------------------------------------------------------------------------------------------------------------------------------------------------------------------------------------------
 Aggregate  (cost=394074.70..394074.71 rows=1 width=8) (actual time=22846.010..22846.018 rows=1 loops=1)
   Buffers: shared hit=2134349 read=246130
   ->  Nested Loop  (cost=4697.50..394074.70 rows=1 width=0) (actual time=39.624..22797.172 rows=314282 loops=1)
         Buffers: shared hit=2134349 read=246130
         ->  Hash Join  (cost=4697.07..394072.38 rows=1 width=4) (actual time=39.574..11911.005 rows=314282 loops=1)
               Hash Cond: (ci.role_id = rt.id)
               Buffers: shared hit=893280 read=230071
               ->  Nested Loop  (cost=4695.91..394071.17 rows=14 width=8) (actual time=39.515..11719.675 rows=696786 loops=1)
                     Buffers: shared hit=893279 read=230071
                     ->  Nested Loop  (cost=4695.47..394026.80 rows=1 width=12) (actual time=39.468..4641.207 rows=12911 loops=1)
                           Buffers: shared hit=299212 read=102558
                           ->  Nested Loop  (cost=4695.47..394024.38 rows=1 width=16) (actual time=39.461..4348.255 rows=12911 loops=1)
                                 Buffers: shared hit=286301 read=102558
                                 ->  Nested Loop  (cost=4695.47..394021.95 rows=1 width=20) (actual time=39.435..4057.697 rows=12911 loops=1)
                                       Buffers: shared hit=273390 read=102558
                                       ->  Hash Join  (cost=4695.04..392395.74 rows=38 width=12) (actual time=39.306..1626.967 rows=11900 loops=1)
                                             Hash Cond: (t.kind_id = kt.id)
                                             Buffers: shared hit=112829 read=36320
                                             ->  Nested Loop  (cost=4693.90..392394.23 rows=89 width=16) (actual time=20.671..1619.671 rows=12392 loops=1)
                                                   Buffers: shared hit=112828 read=36320
                                                   ->  Bitmap Heap Scan on movie_info mi2  (cost=4693.47..388964.25 rows=411 width=8) (actual time=20.355..467.200 rows=32394 loops=1)
                                                         Recheck Cond: (info_type_id = 5)
                                                         Filter: ((info)::text = ANY ('{Australia:M,Australia:R,Iceland:16,Singapore:PG,"West Germany:16"}'::text[]))
                                                         Rows Removed by Filter: 454160
                                                         Heap Blocks: exact=19164
                                                         Buffers: shared hit=1805 read=17767
                                                         ->  Bitmap Index Scan on info_type_id_movie_info  (cost=0.00..4693.37 rows=439058 width=0) (actual time=17.768..17.768 rows=486554 loops=1)
                                                               Index Cond: (info_type_id = 5)
                                                               Buffers: shared read=408
                                                   ->  Index Scan using title_pkey on title t  (cost=0.43..8.35 rows=1 width=8) (actual time=0.035..0.035 rows=0 loops=32394)
                                                         Index Cond: (id = mi2.movie_id)
                                                         Filter: ((production_year <= 1990) AND (1950 < production_year))
                                                         Rows Removed by Filter: 1
                                                         Buffers: shared hit=111023 read=18553
                                             ->  Hash  (cost=1.10..1.10 rows=3 width=4) (actual time=0.025..0.026 rows=3 loops=1)
                                                   Buckets: 1024  Batches: 1  Memory Usage: 9kB
                                                   Buffers: shared hit=1
                                                   ->  Seq Scan on kind_type kt  (cost=0.00..1.10 rows=3 width=4) (actual time=0.012..0.014 rows=3 loops=1)
                                                         Filter: ((kind)::text = ANY ('{episode,movie,"tv movie"}'::text[]))
                                                         Rows Removed by Filter: 4
                                                         Buffers: shared hit=1
                                       ->  Index Scan using movie_id_movie_info on movie_info mi1  (cost=0.43..42.79 rows=1 width=8) (actual time=0.202..0.203 rows=1 loops=11900)
                                             Index Cond: (movie_id = t.id)
                                             Filter: ((info_type_id = 3) AND ((info)::text = ANY ('{Action,Comedy,Drama,Horror}'::text[])))
                                             Rows Removed by Filter: 72
                                             Buffers: shared hit=160561 read=66238
                                 ->  Seq Scan on info_type it1  (cost=0.00..2.41 rows=1 width=4) (actual time=0.011..0.020 rows=1 loops=12911)
                                       Filter: (id = 3)
                                       Rows Removed by Filter: 112
                                       Buffers: shared hit=12911
                           ->  Seq Scan on info_type it2  (cost=0.00..2.41 rows=1 width=4) (actual time=0.011..0.021 rows=1 loops=12911)
                                 Filter: (id = 5)
                                 Rows Removed by Filter: 112
                                 Buffers: shared hit=12911
                     ->  Index Scan using movie_id_cast_info on cast_info ci  (cost=0.44..43.99 rows=38 width=12) (actual time=0.035..0.533 rows=54 loops=12911)
                           Index Cond: (movie_id = t.id)
                           Buffers: shared hit=594067 read=127513
               ->  Hash  (cost=1.15..1.15 rows=1 width=4) (actual time=0.030..0.031 rows=1 loops=1)
                     Buckets: 1024  Batches: 1  Memory Usage: 9kB
                     Buffers: shared hit=1
                     ->  Seq Scan on role_type rt  (cost=0.00..1.15 rows=1 width=4) (actual time=0.023..0.025 rows=1 loops=1)
                           Filter: ((role)::text = 'actor'::text)
                           Rows Removed by Filter: 11
                           Buffers: shared hit=1
         ->  Index Scan using name_pkey on name n  (cost=0.43..2.32 rows=1 width=4) (actual time=0.034..0.034 rows=1 loops=314282)
               Index Cond: (id = ci.person_id)
               Filter: ((gender)::text = 'm'::text)
               Buffers: shared hit=1241069 read=16059
 Planning:
   Buffers: shared hit=484 read=90
 Planning Time: 14.576 ms
 Execution Time: 22846.713 ms
(72 rows)

