                                                                                                      QUERY PLAN                                                                                                      
----------------------------------------------------------------------------------------------------------------------------------------------------------------------------------------------------------------------
 Aggregate  (cost=459178.88..459178.89 rows=1 width=8) (actual time=23896.076..23896.083 rows=1 loops=1)
   Buffers: shared hit=2227656 read=260001
   ->  Nested Loop  (cost=4697.63..459178.87 rows=1 width=0) (actual time=78.196..23894.832 rows=3120 loops=1)
         Buffers: shared hit=2227656 read=260001
         ->  Nested Loop  (cost=4697.63..459176.45 rows=1 width=4) (actual time=78.186..23826.500 rows=3120 loops=1)
               Buffers: shared hit=2224536 read=260001
               ->  Nested Loop  (cost=4697.63..459174.03 rows=1 width=8) (actual time=78.161..23755.692 rows=3120 loops=1)
                     Buffers: shared hit=2221416 read=260001
                     ->  Hash Join  (cost=4697.20..459162.43 rows=5 width=12) (actual time=21.452..20157.937 rows=101239 loops=1)
                           Hash Cond: (ci.role_id = rt.id)
                           Buffers: shared hit=1832977 read=243484
                           ->  Nested Loop  (cost=4696.03..459161.16 rows=29 width=16) (actual time=21.070..19891.218 rows=1427696 loops=1)
                                 Buffers: shared hit=1832976 read=243484
                                 ->  Nested Loop  (cost=4695.59..459072.41 rows=2 width=20) (actual time=21.027..6166.544 rows=28033 loops=1)
                                       Buffers: shared hit=496402 read=95199
                                       ->  Hash Join  (cost=4695.15..455550.60 rows=82 width=12) (actual time=20.944..2286.420 rows=22703 loops=1)
                                             Hash Cond: (t.kind_id = kt.id)
                                             Buffers: shared hit=194910 read=17299
                                             ->  Nested Loop  (cost=4694.02..455548.66 rows=191 width=16) (actual time=19.533..2273.466 rows=23380 loops=1)
                                                   Buffers: shared hit=194909 read=17299
                                                   ->  Bitmap Heap Scan on movie_info mi2  (cost=4693.59..448289.11 rows=883 width=8) (actual time=19.501..511.993 rows=48159 loops=1)
                                                         Recheck Cond: (info_type_id = 5)
                                                         Filter: ((info)::text = ANY ('{Argentina:16,Australia:G,Finland:K-18,Iceland:16,UK:15,UK:X,"West Germany:12","West Germany:16","West Germany:18"}'::text[]))
                                                         Rows Removed by Filter: 438395
                                                         Heap Blocks: exact=19164
                                                         Buffers: shared hit=16920 read=2652
                                                         ->  Bitmap Index Scan on info_type_id_movie_info  (cost=0.00..4693.37 rows=439058 width=0) (actual time=16.866..16.867 rows=486554 loops=1)
                                                               Index Cond: (info_type_id = 5)
                                                               Buffers: shared hit=408
                                                   ->  Index Scan using title_pkey on title t  (cost=0.43..8.22 rows=1 width=8) (actual time=0.036..0.036 rows=0 loops=48159)
                                                         Index Cond: (id = mi2.movie_id)
                                                         Filter: ((production_year <= 1990) AND (1950 < production_year))
                                                         Rows Removed by Filter: 1
                                                         Buffers: shared hit=177989 read=14647
                                             ->  Hash  (cost=1.10..1.10 rows=3 width=4) (actual time=0.018..0.019 rows=3 loops=1)
                                                   Buckets: 1024  Batches: 1  Memory Usage: 9kB
                                                   Buffers: shared hit=1
                                                   ->  Seq Scan on kind_type kt  (cost=0.00..1.10 rows=3 width=4) (actual time=0.009..0.011 rows=3 loops=1)
                                                         Filter: ((kind)::text = ANY ('{episode,movie,"tv movie"}'::text[]))
                                                         Rows Removed by Filter: 4
                                                         Buffers: shared hit=1
                                       ->  Index Scan using movie_id_movie_info on movie_info mi1  (cost=0.43..42.94 rows=1 width=8) (actual time=0.169..0.170 rows=1 loops=22703)
                                             Index Cond: (movie_id = t.id)
                                             Filter: ((info_type_id = 3) AND ((info)::text = ANY ('{Action,Comedy,Crime,Drama,Horror,Romance,Thriller}'::text[])))
                                             Rows Removed by Filter: 53
                                             Buffers: shared hit=301492 read=77900
                                 ->  Index Scan using movie_id_cast_info on cast_info ci  (cost=0.44..43.99 rows=38 width=12) (actual time=0.038..0.475 rows=51 loops=28033)
                                       Index Cond: (movie_id = t.id)
                                       Buffers: shared hit=1336574 read=148285
                           ->  Hash  (cost=1.15..1.15 rows=2 width=4) (actual time=0.039..0.040 rows=2 loops=1)
                                 Buckets: 1024  Batches: 1  Memory Usage: 9kB
                                 Buffers: shared hit=1
                                 ->  Seq Scan on role_type rt  (cost=0.00..1.15 rows=2 width=4) (actual time=0.028..0.030 rows=2 loops=1)
                                       Filter: ((role)::text = ANY ('{composer,writer}'::text[]))
                                       Rows Removed by Filter: 10
                                       Buffers: shared hit=1
                     ->  Index Scan using name_pkey on name n  (cost=0.43..2.32 rows=1 width=4) (actual time=0.035..0.035 rows=0 loops=101239)
                           Index Cond: (id = ci.person_id)
                           Filter: ((gender)::text = 'f'::text)
                           Rows Removed by Filter: 1
                           Buffers: shared hit=388439 read=16517
               ->  Seq Scan on info_type it1  (cost=0.00..2.41 rows=1 width=4) (actual time=0.011..0.020 rows=1 loops=3120)
                     Filter: (id = 3)
                     Rows Removed by Filter: 112
                     Buffers: shared hit=3120
         ->  Seq Scan on info_type it2  (cost=0.00..2.41 rows=1 width=4) (actual time=0.010..0.020 rows=1 loops=3120)
               Filter: (id = 5)
               Rows Removed by Filter: 112
               Buffers: shared hit=3120
 Planning:
   Buffers: shared hit=574
 Planning Time: 13.817 ms
 Execution Time: 23896.771 ms
(73 rows)

