                                                                                             QUERY PLAN                                                                                              
-----------------------------------------------------------------------------------------------------------------------------------------------------------------------------------------------------
 Aggregate  (cost=396956.67..396956.68 rows=1 width=8) (actual time=25045.665..25045.674 rows=1 loops=1)
   Buffers: shared hit=2398114 read=215556
   ->  Nested Loop  (cost=4697.57..396956.66 rows=1 width=0) (actual time=52.862..25044.517 rows=2905 loops=1)
         Buffers: shared hit=2398114 read=215556
         ->  Nested Loop  (cost=4697.57..396954.24 rows=1 width=4) (actual time=52.854..24975.853 rows=2905 loops=1)
               Buffers: shared hit=2395209 read=215556
               ->  Nested Loop  (cost=4697.57..396951.82 rows=1 width=8) (actual time=52.830..24904.749 rows=2905 loops=1)
                     Buffers: shared hit=2392304 read=215556
                     ->  Hash Join  (cost=4697.14..396947.18 rows=2 width=12) (actual time=32.464..21401.123 rows=95583 loops=1)
                           Hash Cond: (ci.role_id = rt.id)
                           Buffers: shared hit=2021265 read=204263
                           ->  Nested Loop  (cost=4695.98..396945.92 rows=29 width=16) (actual time=32.165..21128.792 rows=1368626 loops=1)
                                 Buffers: shared hit=2021264 read=204263
                                 ->  Nested Loop  (cost=4695.54..396856.81 rows=2 width=20) (actual time=32.120..7705.069 rows=38311 loops=1)
                                       Buffers: shared hit=649718 read=116176
                                       ->  Hash Join  (cost=4695.10..394576.77 rows=53 width=12) (actual time=31.858..2105.409 rows=35214 loops=1)
                                             Hash Cond: (t.kind_id = kt.id)
                                             Buffers: shared hit=159137 read=31764
                                             ->  Nested Loop  (cost=4693.97..394575.11 rows=123 width=16) (actual time=31.823..2086.578 rows=35228 loops=1)
                                                   Buffers: shared hit=159136 read=31764
                                                   ->  Bitmap Heap Scan on movie_info mi2  (cost=4693.54..388964.31 rows=678 width=8) (actual time=19.573..493.747 rows=42832 loops=1)
                                                         Recheck Cond: (info_type_id = 5)
                                                         Filter: ((info)::text = ANY ('{Finland:K-16,Finland:S,Sweden:15,USA:Approved,USA:Passed}'::text[]))
                                                         Rows Removed by Filter: 443722
                                                         Heap Blocks: exact=19164
                                                         Buffers: shared hit=2540 read=17032
                                                         ->  Bitmap Index Scan on info_type_id_movie_info  (cost=0.00..4693.37 rows=439058 width=0) (actual time=16.315..16.315 rows=486554 loops=1)
                                                               Index Cond: (info_type_id = 5)
                                                               Buffers: shared read=408
                                                   ->  Index Scan using title_pkey on title t  (cost=0.43..8.28 rows=1 width=8) (actual time=0.036..0.036 rows=1 loops=42832)
                                                         Index Cond: (id = mi2.movie_id)
                                                         Filter: ((production_year <= 1975) AND (1875 < production_year))
                                                         Rows Removed by Filter: 0
                                                         Buffers: shared hit=156596 read=14732
                                             ->  Hash  (cost=1.10..1.10 rows=3 width=4) (actual time=0.013..0.015 rows=3 loops=1)
                                                   Buckets: 1024  Batches: 1  Memory Usage: 9kB
                                                   Buffers: shared hit=1
                                                   ->  Seq Scan on kind_type kt  (cost=0.00..1.10 rows=3 width=4) (actual time=0.007..0.009 rows=3 loops=1)
                                                         Filter: ((kind)::text = ANY ('{episode,movie,"tv movie"}'::text[]))
                                                         Rows Removed by Filter: 4
                                                         Buffers: shared hit=1
                                       ->  Index Scan using movie_id_movie_info on movie_info mi1  (cost=0.43..43.01 rows=1 width=8) (actual time=0.157..0.158 rows=1 loops=35214)
                                             Index Cond: (movie_id = t.id)
                                             Filter: ((info_type_id = 3) AND ((info)::text = ANY ('{Action,Comedy,Crime,Romance,Short,Western}'::text[])))
                                             Rows Removed by Filter: 35
                                             Buffers: shared hit=490581 read=84412
                                 ->  Index Scan using movie_id_cast_info on cast_info ci  (cost=0.44..44.17 rows=38 width=12) (actual time=0.037..0.340 rows=36 loops=38311)
                                       Index Cond: (movie_id = t.id)
                                       Buffers: shared hit=1371546 read=88087
                           ->  Hash  (cost=1.15..1.15 rows=1 width=4) (actual time=0.047..0.048 rows=1 loops=1)
                                 Buckets: 1024  Batches: 1  Memory Usage: 9kB
                                 Buffers: shared hit=1
                                 ->  Seq Scan on role_type rt  (cost=0.00..1.15 rows=1 width=4) (actual time=0.028..0.030 rows=1 loops=1)
                                       Filter: ((role)::text = 'writer'::text)
                                       Rows Removed by Filter: 11
                                       Buffers: shared hit=1
                     ->  Index Scan using name_pkey on name n  (cost=0.43..2.32 rows=1 width=4) (actual time=0.036..0.036 rows=0 loops=95583)
                           Index Cond: (id = ci.person_id)
                           Filter: ((gender)::text = 'f'::text)
                           Rows Removed by Filter: 1
                           Buffers: shared hit=371039 read=11293
               ->  Seq Scan on info_type it1  (cost=0.00..2.41 rows=1 width=4) (actual time=0.012..0.022 rows=1 loops=2905)
                     Filter: (id = 3)
                     Rows Removed by Filter: 112
                     Buffers: shared hit=2905
         ->  Seq Scan on info_type it2  (cost=0.00..2.41 rows=1 width=4) (actual time=0.011..0.021 rows=1 loops=2905)
               Filter: (id = 5)
               Rows Removed by Filter: 112
               Buffers: shared hit=2905
 Planning:
   Buffers: shared hit=485 read=89
 Planning Time: 13.022 ms
 Execution Time: 25046.393 ms
(73 rows)

