                                                                                             QUERY PLAN                                                                                              
-----------------------------------------------------------------------------------------------------------------------------------------------------------------------------------------------------
 Aggregate  (cost=383208.45..383208.46 rows=1 width=8) (actual time=14149.760..14149.766 rows=1 loops=1)
   Buffers: shared hit=1167885 read=314107
   ->  Nested Loop  (cost=4697.49..383208.45 rows=1 width=0) (actual time=43.812..14145.202 rows=20457 loops=1)
         Buffers: shared hit=1167885 read=314107
         ->  Nested Loop  (cost=4697.49..383206.03 rows=1 width=4) (actual time=43.805..13774.602 rows=20457 loops=1)
               Buffers: shared hit=1147428 read=314107
               ->  Nested Loop  (cost=4697.49..383203.61 rows=1 width=8) (actual time=43.783..13402.181 rows=20457 loops=1)
                     Buffers: shared hit=1126971 read=314107
                     ->  Hash Join  (cost=4697.06..383198.97 rows=2 width=12) (actual time=43.725..12118.541 rows=38673 loops=1)
                           Hash Cond: (ci.role_id = rt.id)
                           Buffers: shared hit=991595 read=294791
                           ->  Nested Loop  (cost=4695.90..383197.71 rows=29 width=16) (actual time=43.462..12005.990 rows=732873 loops=1)
                                 Buffers: shared hit=991594 read=294791
                                 ->  Nested Loop  (cost=4695.46..383110.39 rows=2 width=20) (actual time=43.415..5281.491 rows=10820 loops=1)
                                       Buffers: shared hit=401728 read=133285
                                       ->  Hash Join  (cost=4695.02..377116.67 rows=142 width=12) (actual time=23.173..1288.825 rows=23989 loops=1)
                                             Hash Cond: (t.kind_id = kt.id)
                                             Buffers: shared hit=86457 read=33416
                                             ->  Nested Loop  (cost=4693.89..377114.14 rows=332 width=16) (actual time=22.766..1277.474 rows=24986 loops=1)
                                                   Buffers: shared hit=86456 read=33416
                                                   ->  Bitmap Heap Scan on movie_info mi2  (cost=4693.46..374133.05 rows=356 width=8) (actual time=22.723..391.795 rows=25075 loops=1)
                                                         Recheck Cond: (info_type_id = 5)
                                                         Filter: ((info)::text = ANY ('{Canada:13+,Netherlands:12,Spain:18,USA:Approved}'::text[]))
                                                         Rows Removed by Filter: 461479
                                                         Heap Blocks: exact=19164
                                                         Buffers: shared hit=3970 read=15602
                                                         ->  Bitmap Index Scan on info_type_id_movie_info  (cost=0.00..4693.37 rows=439058 width=0) (actual time=18.350..18.350 rows=486554 loops=1)
                                                               Index Cond: (info_type_id = 5)
                                                               Buffers: shared read=408
                                                   ->  Index Scan using title_pkey on title t  (cost=0.43..8.37 rows=1 width=8) (actual time=0.035..0.035 rows=1 loops=25075)
                                                         Index Cond: (id = mi2.movie_id)
                                                         Filter: ((production_year <= 2015) AND (1925 < production_year))
                                                         Rows Removed by Filter: 0
                                                         Buffers: shared hit=82486 read=17814
                                             ->  Hash  (cost=1.10..1.10 rows=3 width=4) (actual time=0.017..0.018 rows=3 loops=1)
                                                   Buckets: 1024  Batches: 1  Memory Usage: 9kB
                                                   Buffers: shared hit=1
                                                   ->  Seq Scan on kind_type kt  (cost=0.00..1.10 rows=3 width=4) (actual time=0.009..0.011 rows=3 loops=1)
                                                         Filter: ((kind)::text = ANY ('{episode,movie,"video movie"}'::text[]))
                                                         Rows Removed by Filter: 4
                                                         Buffers: shared hit=1
                                       ->  Index Scan using movie_id_movie_info on movie_info mi1  (cost=0.43..42.20 rows=1 width=8) (actual time=0.165..0.166 rows=0 loops=23989)
                                             Index Cond: (movie_id = t.id)
                                             Filter: (((info)::text = ANY ('{Crime,Drama}'::text[])) AND (info_type_id = 3))
                                             Rows Removed by Filter: 58
                                             Buffers: shared hit=315271 read=99869
                                 ->  Index Scan using movie_id_cast_info on cast_info ci  (cost=0.44..43.28 rows=38 width=12) (actual time=0.036..0.606 rows=68 loops=10820)
                                       Index Cond: (movie_id = t.id)
                                       Buffers: shared hit=589866 read=161506
                           ->  Hash  (cost=1.15..1.15 rows=1 width=4) (actual time=0.033..0.033 rows=1 loops=1)
                                 Buckets: 1024  Batches: 1  Memory Usage: 9kB
                                 Buffers: shared hit=1
                                 ->  Seq Scan on role_type rt  (cost=0.00..1.15 rows=1 width=4) (actual time=0.023..0.025 rows=1 loops=1)
                                       Filter: ((role)::text = 'producer'::text)
                                       Rows Removed by Filter: 11
                                       Buffers: shared hit=1
                     ->  Index Scan using name_pkey on name n  (cost=0.43..2.32 rows=1 width=4) (actual time=0.033..0.033 rows=1 loops=38673)
                           Index Cond: (id = ci.person_id)
                           Filter: ((gender)::text = ANY ('{f,m}'::text[]))
                           Rows Removed by Filter: 0
                           Buffers: shared hit=135376 read=19316
               ->  Seq Scan on info_type it1  (cost=0.00..2.41 rows=1 width=4) (actual time=0.009..0.016 rows=1 loops=20457)
                     Filter: (id = 3)
                     Rows Removed by Filter: 112
                     Buffers: shared hit=20457
         ->  Seq Scan on info_type it2  (cost=0.00..2.41 rows=1 width=4) (actual time=0.009..0.016 rows=1 loops=20457)
               Filter: (id = 5)
               Rows Removed by Filter: 112
               Buffers: shared hit=20457
 Planning:
   Buffers: shared hit=483 read=91
 Planning Time: 13.963 ms
 Execution Time: 14150.345 ms
(73 rows)

