                                                                                                        QUERY PLAN                                                                                                         
---------------------------------------------------------------------------------------------------------------------------------------------------------------------------------------------------------------------------
 Aggregate  (cost=518100.26..518100.27 rows=1 width=8) (actual time=91750.883..91750.891 rows=1 loops=1)
   Buffers: shared hit=8711579 read=782328
   ->  Nested Loop  (cost=4697.81..518100.20 rows=25 width=0) (actual time=28.052..91711.482 rows=167741 loops=1)
         Buffers: shared hit=8711579 read=782328
         ->  Hash Join  (cost=4697.38..518012.06 rows=38 width=4) (actual time=28.006..80674.770 rows=298685 loops=1)
               Hash Cond: (ci.role_id = rt.id)
               Buffers: shared hit=7583081 read=716086
               ->  Nested Loop  (cost=4696.20..518010.07 rows=229 width=8) (actual time=27.609..79444.135 rows=6378629 loops=1)
                     Buffers: shared hit=7583080 read=716086
                     ->  Nested Loop  (cost=4695.76..517311.52 rows=16 width=12) (actual time=27.569..17948.676 rows=97402 loops=1)
                           Buffers: shared hit=1594598 read=187398
                           ->  Seq Scan on info_type it2  (cost=0.00..2.41 rows=1 width=4) (actual time=0.033..0.043 rows=1 loops=1)
                                 Filter: (id = 5)
                                 Rows Removed by Filter: 112
                                 Buffers: shared hit=1
                           ->  Nested Loop  (cost=4695.76..517308.95 rows=16 width=16) (actual time=27.535..17922.216 rows=97402 loops=1)
                                 Buffers: shared hit=1594597 read=187398
                                 ->  Seq Scan on info_type it1  (cost=0.00..2.41 rows=1 width=4) (actual time=0.009..0.022 rows=1 loops=1)
                                       Filter: (id = 3)
                                       Rows Removed by Filter: 112
                                       Buffers: shared hit=1
                                 ->  Nested Loop  (cost=4695.76..517306.37 rows=16 width=20) (actual time=27.523..17894.531 rows=97402 loops=1)
                                       Buffers: shared hit=1594596 read=187398
                                       ->  Hash Join  (cost=4695.33..490605.83 rows=628 width=12) (actual time=20.790..4183.853 rows=82199 loops=1)
                                             Hash Cond: (t.kind_id = kt.id)
                                             Buffers: shared hit=352128 read=44941
                                             ->  Nested Loop  (cost=4694.19..490598.53 rows=1464 width=16) (actual time=20.650..4130.739 rows=91324 loops=1)
                                                   Buffers: shared hit=352127 read=44941
                                                   ->  Bitmap Heap Scan on movie_info mi2  (cost=4693.76..477951.65 rows=1571 width=8) (actual time=20.606..638.087 rows=94374 loops=1)
                                                         Recheck Cond: (info_type_id = 5)
                                                         Filter: ((info)::text = ANY ('{Argentina:13,Argentina:16,Australia:G,Australia:M,Portugal:M/16,Sweden:15,UK:15,UK:A,UK:U,USA:Approved,"USA:Not Rated"}'::text[]))
                                                         Rows Removed by Filter: 392180
                                                         Heap Blocks: exact=19164
                                                         Buffers: shared hit=6369 read=13203
                                                         ->  Bitmap Index Scan on info_type_id_movie_info  (cost=0.00..4693.37 rows=439058 width=0) (actual time=17.954..17.954 rows=486554 loops=1)
                                                               Index Cond: (info_type_id = 5)
                                                               Buffers: shared read=408
                                                   ->  Index Scan using title_pkey on title t  (cost=0.43..8.05 rows=1 width=8) (actual time=0.036..0.036 rows=1 loops=94374)
                                                         Index Cond: (id = mi2.movie_id)
                                                         Filter: ((production_year <= 2015) AND (1925 < production_year))
                                                         Rows Removed by Filter: 0
                                                         Buffers: shared hit=345758 read=31738
                                             ->  Hash  (cost=1.10..1.10 rows=3 width=4) (actual time=0.014..0.015 rows=3 loops=1)
                                                   Buckets: 1024  Batches: 1  Memory Usage: 9kB
                                                   Buffers: shared hit=1
                                                   ->  Seq Scan on kind_type kt  (cost=0.00..1.10 rows=3 width=4) (actual time=0.008..0.010 rows=3 loops=1)
                                                         Filter: ((kind)::text = ANY ('{episode,movie,"video movie"}'::text[]))
                                                         Rows Removed by Filter: 4
                                                         Buffers: shared hit=1
                                       ->  Index Scan using movie_id_movie_info on movie_info mi1  (cost=0.43..42.51 rows=1 width=8) (actual time=0.165..0.166 rows=1 loops=82199)
                                             Index Cond: (movie_id = t.id)
                                             Filter: ((info_type_id = 3) AND ((info)::text = ANY ('{Action,Adventure,Comedy,Drama,Family,Romance,Thriller,Western}'::text[])))
                                             Rows Removed by Filter: 57
                                             Buffers: shared hit=1242468 read=142457
                     ->  Index Scan using movie_id_cast_info on cast_info ci  (cost=0.44..43.28 rows=38 width=12) (actual time=0.036..0.613 rows=65 loops=97402)
                           Index Cond: (movie_id = t.id)
                           Buffers: shared hit=5988482 read=528688
               ->  Hash  (cost=1.15..1.15 rows=2 width=4) (actual time=0.038..0.038 rows=2 loops=1)
                     Buckets: 1024  Batches: 1  Memory Usage: 9kB
                     Buffers: shared hit=1
                     ->  Seq Scan on role_type rt  (cost=0.00..1.15 rows=2 width=4) (actual time=0.029..0.032 rows=2 loops=1)
                           Filter: ((role)::text = ANY ('{"production designer",writer}'::text[]))
                           Rows Removed by Filter: 10
                           Buffers: shared hit=1
         ->  Index Scan using name_pkey on name n  (cost=0.43..2.32 rows=1 width=4) (actual time=0.036..0.036 rows=1 loops=298685)
               Index Cond: (id = ci.person_id)
               Filter: ((gender)::text = ANY ('{f,m}'::text[]))
               Rows Removed by Filter: 0
               Buffers: shared hit=1128498 read=66242
 Planning:
   Buffers: shared hit=483 read=91
 Planning Time: 14.334 ms
 Execution Time: 91751.565 ms
(73 rows)

