                                                                                             QUERY PLAN                                                                                              
-----------------------------------------------------------------------------------------------------------------------------------------------------------------------------------------------------
 Aggregate  (cost=378075.88..378075.89 rows=1 width=8) (actual time=1449.865..1449.873 rows=1 loops=1)
   Buffers: shared hit=117223 read=31636
   ->  Nested Loop  (cost=4697.50..378075.87 rows=1 width=0) (actual time=23.401..1449.854 rows=59 loops=1)
         Buffers: shared hit=117223 read=31636
         ->  Hash Join  (cost=4697.07..378071.23 rows=2 width=4) (actual time=23.361..1448.284 rows=63 loops=1)
               Hash Cond: (ci.role_id = rt.id)
               Buffers: shared hit=117072 read=31535
               ->  Nested Loop  (cost=4695.90..378070.01 rows=14 width=8) (actual time=23.258..1448.177 rows=210 loops=1)
                     Buffers: shared hit=117071 read=31535
                     ->  Nested Loop  (cost=4695.46..378025.13 rows=1 width=12) (actual time=23.224..1445.827 rows=39 loops=1)
                           Buffers: shared hit=116925 read=31354
                           ->  Nested Loop  (cost=4695.46..378022.71 rows=1 width=16) (actual time=23.218..1445.491 rows=39 loops=1)
                                 Buffers: shared hit=116886 read=31354
                                 ->  Nested Loop  (cost=4695.46..378020.29 rows=1 width=20) (actual time=23.202..1445.110 rows=39 loops=1)
                                       Buffers: shared hit=116847 read=31354
                                       ->  Hash Join  (cost=4695.02..377115.48 rows=21 width=12) (actual time=23.113..1440.757 rows=59 loops=1)
                                             Hash Cond: (t.kind_id = kt.id)
                                             Buffers: shared hit=116645 read=30868
                                             ->  Nested Loop  (cost=4693.89..377114.14 rows=50 width=16) (actual time=23.068..1435.796 rows=26650 loops=1)
                                                   Buffers: shared hit=116644 read=30868
                                                   ->  Bitmap Heap Scan on movie_info mi2  (cost=4693.46..374133.05 rows=356 width=8) (actual time=21.816..379.183 rows=31985 loops=1)
                                                         Recheck Cond: (info_type_id = 5)
                                                         Filter: ((info)::text = ANY ('{Sweden:15,USA:Approved,USA:Passed,"West Germany:12"}'::text[]))
                                                         Rows Removed by Filter: 454569
                                                         Heap Blocks: exact=19164
                                                         Buffers: shared hit=1065 read=18507
                                                         ->  Bitmap Index Scan on info_type_id_movie_info  (cost=0.00..4693.37 rows=439058 width=0) (actual time=17.667..17.667 rows=486554 loops=1)
                                                               Index Cond: (info_type_id = 5)
                                                               Buffers: shared read=408
                                                   ->  Index Scan using title_pkey on title t  (cost=0.43..8.37 rows=1 width=8) (actual time=0.033..0.033 rows=1 loops=31985)
                                                         Index Cond: (id = mi2.movie_id)
                                                         Filter: ((production_year <= 1975) AND (1925 < production_year))
                                                         Rows Removed by Filter: 0
                                                         Buffers: shared hit=115579 read=12361
                                             ->  Hash  (cost=1.10..1.10 rows=3 width=4) (actual time=0.021..0.022 rows=3 loops=1)
                                                   Buckets: 1024  Batches: 1  Memory Usage: 9kB
                                                   Buffers: shared hit=1
                                                   ->  Seq Scan on kind_type kt  (cost=0.00..1.10 rows=3 width=4) (actual time=0.010..0.012 rows=3 loops=1)
                                                         Filter: ((kind)::text = ANY ('{"tv series","video game","video movie"}'::text[]))
                                                         Rows Removed by Filter: 4
                                                         Buffers: shared hit=1
                                       ->  Index Scan using movie_id_movie_info on movie_info mi1  (cost=0.43..43.08 rows=1 width=8) (actual time=0.070..0.073 rows=1 loops=59)
                                             Index Cond: (movie_id = t.id)
                                             Filter: ((info_type_id = 3) AND ((info)::text = ANY ('{Adventure,Comedy,Drama}'::text[])))
                                             Rows Removed by Filter: 12
                                             Buffers: shared hit=202 read=486
                                 ->  Seq Scan on info_type it1  (cost=0.00..2.41 rows=1 width=4) (actual time=0.004..0.008 rows=1 loops=39)
                                       Filter: (id = 3)
                                       Rows Removed by Filter: 112
                                       Buffers: shared hit=39
                           ->  Seq Scan on info_type it2  (cost=0.00..2.41 rows=1 width=4) (actual time=0.003..0.007 rows=1 loops=39)
                                 Filter: (id = 5)
                                 Rows Removed by Filter: 112
                                 Buffers: shared hit=39
                     ->  Index Scan using movie_id_cast_info on cast_info ci  (cost=0.44..44.50 rows=38 width=12) (actual time=0.021..0.059 rows=5 loops=39)
                           Index Cond: (movie_id = t.id)
                           Buffers: shared hit=146 read=181
               ->  Hash  (cost=1.15..1.15 rows=2 width=4) (actual time=0.038..0.038 rows=2 loops=1)
                     Buckets: 1024  Batches: 1  Memory Usage: 9kB
                     Buffers: shared hit=1
                     ->  Seq Scan on role_type rt  (cost=0.00..1.15 rows=2 width=4) (actual time=0.028..0.031 rows=2 loops=1)
                           Filter: ((role)::text = ANY ('{actress,director}'::text[]))
                           Rows Removed by Filter: 10
                           Buffers: shared hit=1
         ->  Index Scan using name_pkey on name n  (cost=0.43..2.32 rows=1 width=4) (actual time=0.024..0.024 rows=1 loops=63)
               Index Cond: (id = ci.person_id)
               Filter: ((gender)::text = ANY ('{f,m}'::text[]))
               Rows Removed by Filter: 0
               Buffers: shared hit=151 read=101
 Planning:
   Buffers: shared hit=484 read=90
 Planning Time: 13.931 ms
 Execution Time: 1450.495 ms
(73 rows)

