                                                                                             QUERY PLAN                                                                                              
-----------------------------------------------------------------------------------------------------------------------------------------------------------------------------------------------------
 Aggregate  (cost=467300.29..467300.30 rows=1 width=8) (actual time=33630.765..33630.774 rows=1 loops=1)
   Buffers: shared hit=3264144 read=244873
   ->  Nested Loop  (cost=4697.81..467300.28 rows=3 width=0) (actual time=50.780..33620.490 rows=38923 loops=1)
         Buffers: shared hit=3264144 read=244873
         ->  Seq Scan on info_type it2  (cost=0.00..2.41 rows=1 width=4) (actual time=0.049..0.060 rows=1 loops=1)
               Filter: (id = 5)
               Rows Removed by Filter: 112
               Buffers: shared hit=1
         ->  Nested Loop  (cost=4697.81..467297.84 rows=3 width=4) (actual time=50.729..33611.132 rows=38923 loops=1)
               Buffers: shared hit=3264143 read=244873
               ->  Seq Scan on info_type it1  (cost=0.00..2.41 rows=1 width=4) (actual time=0.009..0.022 rows=1 loops=1)
                     Filter: (id = 3)
                     Rows Removed by Filter: 112
                     Buffers: shared hit=1
               ->  Nested Loop  (cost=4697.81..467295.40 rows=3 width=8) (actual time=50.716..33601.226 rows=38923 loops=1)
                     Buffers: shared hit=3264142 read=244873
                     ->  Hash Join  (cost=4697.38..467281.48 rows=6 width=12) (actual time=50.652..30846.125 rows=73908 loops=1)
                           Hash Cond: (ci.role_id = rt.id)
                           Buffers: shared hit=2978149 read=235234
                           ->  Nested Loop  (cost=4696.22..467280.06 rows=72 width=16) (actual time=50.371..30474.181 rows=1964743 loops=1)
                                 Buffers: shared hit=2978148 read=235234
                                 ->  Nested Loop  (cost=4695.78..467057.29 rows=5 width=20) (actual time=50.327..11094.291 rows=55757 loops=1)
                                       Buffers: shared hit=983404 read=131728
                                       ->  Hash Join  (cost=4695.35..461550.77 rows=128 width=12) (actual time=50.005..3547.257 rows=47103 loops=1)
                                             Hash Cond: (t.kind_id = kt.id)
                                             Buffers: shared hit=297021 read=42972
                                             ->  Nested Loop  (cost=4694.21..461548.38 rows=299 width=16) (actual time=26.586..3520.199 rows=47455 loops=1)
                                                   Buffers: shared hit=297020 read=42972
                                                   ->  Bitmap Heap Scan on movie_info mi2  (cost=4693.78..448289.30 rows=1651 width=8) (actual time=19.007..601.546 rows=80105 loops=1)
                                                         Recheck Cond: (info_type_id = 5)
                                                         Filter: ((info)::text = ANY ('{Argentina:Atp,Australia:PG,Finland:K-16,Finland:S,Sweden:15,UK:PG,UK:U,USA:Approved,USA:Passed}'::text[]))
                                                         Rows Removed by Filter: 406449
                                                         Heap Blocks: exact=19164
                                                         Buffers: shared hit=3236 read=16336
                                                         ->  Bitmap Index Scan on info_type_id_movie_info  (cost=0.00..4693.37 rows=439058 width=0) (actual time=16.474..16.475 rows=486554 loops=1)
                                                               Index Cond: (info_type_id = 5)
                                                               Buffers: shared read=408
                                                   ->  Index Scan using title_pkey on title t  (cost=0.43..8.03 rows=1 width=8) (actual time=0.036..0.036 rows=1 loops=80105)
                                                         Index Cond: (id = mi2.movie_id)
                                                         Filter: ((production_year <= 1975) AND (1875 < production_year))
                                                         Rows Removed by Filter: 0
                                                         Buffers: shared hit=293784 read=26636
                                             ->  Hash  (cost=1.10..1.10 rows=3 width=4) (actual time=0.020..0.021 rows=3 loops=1)
                                                   Buckets: 1024  Batches: 1  Memory Usage: 9kB
                                                   Buffers: shared hit=1
                                                   ->  Seq Scan on kind_type kt  (cost=0.00..1.10 rows=3 width=4) (actual time=0.010..0.012 rows=3 loops=1)
                                                         Filter: ((kind)::text = ANY ('{episode,movie,"tv movie"}'::text[]))
                                                         Rows Removed by Filter: 4
                                                         Buffers: shared hit=1
                                       ->  Index Scan using movie_id_movie_info on movie_info mi1  (cost=0.43..43.01 rows=1 width=8) (actual time=0.158..0.159 rows=1 loops=47103)
                                             Index Cond: (movie_id = t.id)
                                             Filter: ((info_type_id = 3) AND ((info)::text = ANY ('{Comedy,Crime,Drama,Music,Short,Western}'::text[])))
                                             Rows Removed by Filter: 39
                                             Buffers: shared hit=686383 read=88756
                                 ->  Index Scan using movie_id_cast_info on cast_info ci  (cost=0.44..44.17 rows=38 width=12) (actual time=0.037..0.337 rows=35 loops=55757)
                                       Index Cond: (movie_id = t.id)
                                       Buffers: shared hit=1994744 read=103506
                           ->  Hash  (cost=1.15..1.15 rows=1 width=4) (actual time=0.017..0.018 rows=1 loops=1)
                                 Buckets: 1024  Batches: 1  Memory Usage: 9kB
                                 Buffers: shared hit=1
                                 ->  Seq Scan on role_type rt  (cost=0.00..1.15 rows=1 width=4) (actual time=0.009..0.011 rows=1 loops=1)
                                       Filter: ((role)::text = 'producer'::text)
                                       Rows Removed by Filter: 11
                                       Buffers: shared hit=1
                     ->  Index Scan using name_pkey on name n  (cost=0.43..2.32 rows=1 width=4) (actual time=0.037..0.037 rows=1 loops=73908)
                           Index Cond: (id = ci.person_id)
                           Filter: ((gender)::text = 'm'::text)
                           Rows Removed by Filter: 0
                           Buffers: shared hit=285993 read=9639
 Planning:
   Buffers: shared hit=519 read=55
 Planning Time: 12.936 ms
 Execution Time: 33631.515 ms
(73 rows)

