                                                                                                                    QUERY PLAN                                                                                                                    
--------------------------------------------------------------------------------------------------------------------------------------------------------------------------------------------------------------------------------------------------
 Aggregate  (cost=518663.58..518663.59 rows=1 width=8) (actual time=56097.896..56097.903 rows=1 loops=1)
   Buffers: shared hit=5215751 read=642054
   ->  Nested Loop  (cost=4697.65..518663.57 rows=4 width=0) (actual time=85.354..56095.923 rows=3769 loops=1)
         Buffers: shared hit=5215751 read=642054
         ->  Seq Scan on info_type it2  (cost=0.00..2.41 rows=1 width=4) (actual time=0.050..0.059 rows=1 loops=1)
               Filter: (id = 5)
               Rows Removed by Filter: 112
               Buffers: shared hit=1
         ->  Nested Loop  (cost=4697.65..518661.12 rows=4 width=4) (actual time=85.302..56094.741 rows=3769 loops=1)
               Buffers: shared hit=5215750 read=642054
               ->  Seq Scan on info_type it1  (cost=0.00..2.41 rows=1 width=4) (actual time=0.009..0.021 rows=1 loops=1)
                     Filter: (id = 3)
                     Rows Removed by Filter: 112
                     Buffers: shared hit=1
               ->  Nested Loop  (cost=4697.65..518658.66 rows=4 width=8) (actual time=85.289..56093.477 rows=3769 loops=1)
                     Buffers: shared hit=5215749 read=642054
                     ->  Hash Join  (cost=4697.22..518619.23 rows=17 width=12) (actual time=37.768..53677.513 rows=66834 loops=1)
                           Hash Cond: (ci.role_id = rt.id)
                           Buffers: shared hit=4964597 read=625870
                           ->  Nested Loop  (cost=4696.06..518617.35 rows=201 width=16) (actual time=37.324..52942.587 rows=4058051 loops=1)
                                 Buffers: shared hit=4964596 read=625870
                                 ->  Nested Loop  (cost=4695.62..518006.12 rows=14 width=20) (actual time=37.273..14412.812 rows=59977 loops=1)
                                       Buffers: shared hit=1277306 read=173687
                                       ->  Hash Join  (cost=4695.19..501018.54 rows=401 width=12) (actual time=20.478..3286.232 rows=64552 loops=1)
                                             Hash Cond: (t.kind_id = kt.id)
                                             Buffers: shared hit=271751 read=38354
                                             ->  Nested Loop  (cost=4694.05..501013.45 rows=937 width=16) (actual time=19.977..3246.442 rows=72150 loops=1)
                                                   Buffers: shared hit=271750 read=38354
                                                   ->  Bitmap Heap Scan on movie_info mi2  (cost=4693.62..492782.69 rows=1005 width=8) (actual time=19.850..606.248 rows=72633 loops=1)
                                                         Recheck Cond: (info_type_id = 5)
                                                         Filter: ((info)::text = ANY ('{Argentina:Atp,Australia:M,Australia:MA,Finland:K-15,France:U,Netherlands:16,Singapore:NC-16,Spain:18,UK:18,UK:PG,USA:Passed,"West Germany:18"}'::text[]))
                                                         Rows Removed by Filter: 413921
                                                         Heap Blocks: exact=19164
                                                         Buffers: shared hit=8806 read=10766
                                                         ->  Bitmap Index Scan on info_type_id_movie_info  (cost=0.00..4693.37 rows=439058 width=0) (actual time=17.211..17.212 rows=486554 loops=1)
                                                               Index Cond: (info_type_id = 5)
                                                               Buffers: shared hit=408
                                                   ->  Index Scan using title_pkey on title t  (cost=0.43..8.19 rows=1 width=8) (actual time=0.035..0.035 rows=1 loops=72633)
                                                         Index Cond: (id = mi2.movie_id)
                                                         Filter: ((production_year <= 2015) AND (1925 < production_year))
                                                         Rows Removed by Filter: 0
                                                         Buffers: shared hit=262944 read=27588
                                             ->  Hash  (cost=1.10..1.10 rows=3 width=4) (actual time=0.019..0.019 rows=3 loops=1)
                                                   Buckets: 1024  Batches: 1  Memory Usage: 9kB
                                                   Buffers: shared hit=1
                                                   ->  Seq Scan on kind_type kt  (cost=0.00..1.10 rows=3 width=4) (actual time=0.009..0.011 rows=3 loops=1)
                                                         Filter: ((kind)::text = ANY ('{episode,movie,"video movie"}'::text[]))
                                                         Rows Removed by Filter: 4
                                                         Buffers: shared hit=1
                                       ->  Index Scan using movie_id_movie_info on movie_info mi1  (cost=0.43..42.35 rows=1 width=8) (actual time=0.170..0.171 rows=1 loops=64552)
                                             Index Cond: (movie_id = t.id)
                                             Filter: ((info_type_id = 3) AND ((info)::text = ANY ('{Action,Comedy,Drama,Romance,Short}'::text[])))
                                             Rows Removed by Filter: 68
                                             Buffers: shared hit=1005555 read=135333
                                 ->  Index Scan using movie_id_cast_info on cast_info ci  (cost=0.44..43.28 rows=38 width=12) (actual time=0.035..0.623 rows=68 loops=59977)
                                       Index Cond: (movie_id = t.id)
                                       Buffers: shared hit=3687290 read=452183
                           ->  Hash  (cost=1.15..1.15 rows=1 width=4) (actual time=0.018..0.019 rows=1 loops=1)
                                 Buckets: 1024  Batches: 1  Memory Usage: 9kB
                                 Buffers: shared hit=1
                                 ->  Seq Scan on role_type rt  (cost=0.00..1.15 rows=1 width=4) (actual time=0.011..0.012 rows=1 loops=1)
                                       Filter: ((role)::text = 'editor'::text)
                                       Rows Removed by Filter: 11
                                       Buffers: shared hit=1
                     ->  Index Scan using name_pkey on name n  (cost=0.43..2.32 rows=1 width=4) (actual time=0.035..0.035 rows=0 loops=66834)
                           Index Cond: (id = ci.person_id)
                           Filter: ((gender)::text = 'f'::text)
                           Rows Removed by Filter: 1
                           Buffers: shared hit=251152 read=16184
 Planning:
   Buffers: shared hit=574
 Planning Time: 13.718 ms
 Execution Time: 56098.604 ms
(73 rows)

