                                                                                             QUERY PLAN                                                                                              
-----------------------------------------------------------------------------------------------------------------------------------------------------------------------------------------------------
 Aggregate  (cost=360022.80..360022.81 rows=1 width=8) (actual time=967.287..967.294 rows=1 loops=1)
   Buffers: shared hit=69182 read=27014
   ->  Nested Loop  (cost=4697.39..360022.80 rows=1 width=0) (actual time=45.279..967.178 rows=612 loops=1)
         Buffers: shared hit=69182 read=27014
         ->  Hash Join  (cost=4696.96..360020.48 rows=1 width=4) (actual time=45.205..923.311 rows=1314 loops=1)
               Hash Cond: (ci.role_id = rt.id)
               Buffers: shared hit=65258 read=25682
               ->  Nested Loop  (cost=4695.80..360019.27 rows=14 width=8) (actual time=44.725..921.354 rows=14125 loops=1)
                     Buffers: shared hit=65257 read=25682
                     ->  Nested Loop  (cost=4695.36..359975.61 rows=1 width=12) (actual time=44.668..780.841 rows=259 loops=1)
                           Buffers: shared hit=55546 read=20971
                           ->  Nested Loop  (cost=4695.36..359973.19 rows=1 width=16) (actual time=44.660..777.663 rows=259 loops=1)
                                 Buffers: shared hit=55287 read=20971
                                 ->  Nested Loop  (cost=4695.36..359970.77 rows=1 width=20) (actual time=44.632..773.564 rows=259 loops=1)
                                       Buffers: shared hit=55028 read=20971
                                       ->  Hash Join  (cost=4694.92..359590.42 rows=9 width=12) (actual time=19.821..672.119 rows=830 loops=1)
                                             Hash Cond: (t.kind_id = kt.id)
                                             Buffers: shared hit=47604 read=16721
                                             ->  Nested Loop  (cost=4693.81..359589.17 rows=32 width=16) (actual time=19.777..670.217 rows=11111 loops=1)
                                                   Buffers: shared hit=47603 read=16721
                                                   ->  Bitmap Heap Scan on movie_info mi2  (cost=4693.38..359301.78 rows=34 width=8) (actual time=19.737..342.295 rows=11188 loops=1)
                                                         Recheck Cond: (info_type_id = 5)
                                                         Filter: ((info)::text = ANY ('{Canada:13+,Germany:16,Sweden:Btl}'::text[]))
                                                         Rows Removed by Filter: 475366
                                                         Heap Blocks: exact=19164
                                                         Buffers: shared hit=3813 read=15759
                                                         ->  Bitmap Index Scan on info_type_id_movie_info  (cost=0.00..4693.37 rows=439058 width=0) (actual time=16.581..16.581 rows=486554 loops=1)
                                                               Index Cond: (info_type_id = 5)
                                                               Buffers: shared read=408
                                                   ->  Index Scan using title_pkey on title t  (cost=0.43..8.45 rows=1 width=8) (actual time=0.029..0.029 rows=1 loops=11188)
                                                         Index Cond: (id = mi2.movie_id)
                                                         Filter: ((production_year <= 2015) AND (1925 < production_year))
                                                         Rows Removed by Filter: 0
                                                         Buffers: shared hit=43790 read=962
                                             ->  Hash  (cost=1.09..1.09 rows=2 width=4) (actual time=0.016..0.017 rows=2 loops=1)
                                                   Buckets: 1024  Batches: 1  Memory Usage: 9kB
                                                   Buffers: shared hit=1
                                                   ->  Seq Scan on kind_type kt  (cost=0.00..1.09 rows=2 width=4) (actual time=0.011..0.012 rows=2 loops=1)
                                                         Filter: ((kind)::text = ANY ('{episode,"video movie"}'::text[]))
                                                         Rows Removed by Filter: 5
                                                         Buffers: shared hit=1
                                       ->  Index Scan using movie_id_movie_info on movie_info mi1  (cost=0.43..42.25 rows=1 width=8) (actual time=0.122..0.122 rows=0 loops=830)
                                             Index Cond: (movie_id = t.id)
                                             Filter: ((info_type_id = 3) AND ((info)::text = ANY ('{Family,Sci-Fi,Thriller}'::text[])))
                                             Rows Removed by Filter: 24
                                             Buffers: shared hit=7424 read=4250
                                 ->  Seq Scan on info_type it1  (cost=0.00..2.41 rows=1 width=4) (actual time=0.008..0.014 rows=1 loops=259)
                                       Filter: (id = 3)
                                       Rows Removed by Filter: 112
                                       Buffers: shared hit=259
                           ->  Seq Scan on info_type it2  (cost=0.00..2.41 rows=1 width=4) (actual time=0.005..0.011 rows=1 loops=259)
                                 Filter: (id = 5)
                                 Rows Removed by Filter: 112
                                 Buffers: shared hit=259
                     ->  Index Scan using movie_id_cast_info on cast_info ci  (cost=0.44..43.28 rows=38 width=12) (actual time=0.047..0.532 rows=55 loops=259)
                           Index Cond: (movie_id = t.id)
                           Buffers: shared hit=9711 read=4711
               ->  Hash  (cost=1.15..1.15 rows=1 width=4) (actual time=0.033..0.034 rows=1 loops=1)
                     Buckets: 1024  Batches: 1  Memory Usage: 9kB
                     Buffers: shared hit=1
                     ->  Seq Scan on role_type rt  (cost=0.00..1.15 rows=1 width=4) (actual time=0.025..0.027 rows=1 loops=1)
                           Filter: ((role)::text = 'producer'::text)
                           Rows Removed by Filter: 11
                           Buffers: shared hit=1
         ->  Index Scan using name_pkey on name n  (cost=0.43..2.32 rows=1 width=4) (actual time=0.033..0.033 rows=0 loops=1314)
               Index Cond: (id = ci.person_id)
               Filter: ((gender)::text = 'm'::text)
               Rows Removed by Filter: 1
               Buffers: shared hit=3924 read=1332
 Planning:
   Buffers: shared hit=519 read=55
 Planning Time: 13.266 ms
 Execution Time: 967.916 ms
(73 rows)

