                                                                                                            QUERY PLAN                                                                                                            
----------------------------------------------------------------------------------------------------------------------------------------------------------------------------------------------------------------------------------
 Aggregate  (cost=499068.13..499068.14 rows=1 width=8) (actual time=6711.880..6711.887 rows=1 loops=1)
   Buffers: shared hit=596254 read=95629
   ->  Nested Loop  (cost=4697.63..499068.13 rows=3 width=0) (actual time=21.336..6710.699 rows=3308 loops=1)
         Buffers: shared hit=596254 read=95629
         ->  Seq Scan on info_type it2  (cost=0.00..2.41 rows=1 width=4) (actual time=0.049..0.059 rows=1 loops=1)
               Filter: (id = 5)
               Rows Removed by Filter: 112
               Buffers: shared hit=1
         ->  Nested Loop  (cost=4697.63..499065.68 rows=3 width=4) (actual time=21.285..6709.871 rows=3308 loops=1)
               Buffers: shared hit=596253 read=95629
               ->  Seq Scan on info_type it1  (cost=0.00..2.41 rows=1 width=4) (actual time=0.010..0.022 rows=1 loops=1)
                     Filter: (id = 3)
                     Rows Removed by Filter: 112
                     Buffers: shared hit=1
               ->  Nested Loop  (cost=4697.63..499063.24 rows=3 width=8) (actual time=21.272..6708.996 rows=3308 loops=1)
                     Buffers: shared hit=596252 read=95629
                     ->  Hash Join  (cost=4697.20..499044.68 rows=8 width=12) (actual time=21.226..6487.072 rows=6369 loops=1)
                           Hash Cond: (ci.role_id = rt.id)
                           Buffers: shared hit=573387 read=93018
                           ->  Nested Loop  (cost=4696.04..499043.17 rows=100 width=16) (actual time=20.653..6432.862 rows=303100 loops=1)
                                 Buffers: shared hit=573386 read=93018
                                 ->  Nested Loop  (cost=4695.60..498737.29 rows=7 width=20) (actual time=20.618..3444.283 rows=6503 loops=1)
                                       Buffers: shared hit=314590 read=40908
                                       ->  Hash Join  (cost=4695.16..485511.99 rows=312 width=12) (actual time=19.668..2529.742 rows=5716 loops=1)
                                             Hash Cond: (t.kind_id = kt.id)
                                             Buffers: shared hit=258725 read=10004
                                             ->  Nested Loop  (cost=4694.03..485507.79 rows=729 width=16) (actual time=19.623..2516.370 rows=56994 loops=1)
                                                   Buffers: shared hit=258724 read=10004
                                                   ->  Bitmap Heap Scan on movie_info mi2  (cost=4693.60..477951.48 rows=920 width=8) (actual time=19.512..500.170 rows=62289 loops=1)
                                                         Recheck Cond: (info_type_id = 5)
                                                         Filter: ((info)::text = ANY ('{Germany:12,Iceland:L,Netherlands:AL,Singapore:M18,"South Korea:15","South Korea:18",Spain:13,Switzerland:14,UK:15,UK:18,USA:R}'::text[]))
                                                         Rows Removed by Filter: 424265
                                                         Heap Blocks: exact=19164
                                                         Buffers: shared hit=17000 read=2572
                                                         ->  Bitmap Index Scan on info_type_id_movie_info  (cost=0.00..4693.37 rows=439058 width=0) (actual time=16.728..16.729 rows=486554 loops=1)
                                                               Index Cond: (info_type_id = 5)
                                                               Buffers: shared hit=408
                                                   ->  Index Scan using title_pkey on title t  (cost=0.43..8.21 rows=1 width=8) (actual time=0.032..0.032 rows=1 loops=62289)
                                                         Index Cond: (id = mi2.movie_id)
                                                         Filter: ((production_year <= 2015) AND (1975 < production_year))
                                                         Rows Removed by Filter: 0
                                                         Buffers: shared hit=241724 read=7432
                                             ->  Hash  (cost=1.10..1.10 rows=3 width=4) (actual time=0.020..0.021 rows=3 loops=1)
                                                   Buckets: 1024  Batches: 1  Memory Usage: 9kB
                                                   Buffers: shared hit=1
                                                   ->  Seq Scan on kind_type kt  (cost=0.00..1.10 rows=3 width=4) (actual time=0.010..0.012 rows=3 loops=1)
                                                         Filter: ((kind)::text = ANY ('{"tv movie","tv series","video game"}'::text[]))
                                                         Rows Removed by Filter: 4
                                                         Buffers: shared hit=1
                                       ->  Index Scan using movie_id_movie_info on movie_info mi1  (cost=0.43..42.38 rows=1 width=8) (actual time=0.157..0.159 rows=1 loops=5716)
                                             Index Cond: (movie_id = t.id)
                                             Filter: ((info_type_id = 3) AND ((info)::text = ANY ('{Comedy,Drama,Horror,Romance,Thriller}'::text[])))
                                             Rows Removed by Filter: 34
                                             Buffers: shared hit=55865 read=30904
                                 ->  Index Scan using movie_id_cast_info on cast_info ci  (cost=0.44..43.32 rows=38 width=12) (actual time=0.035..0.447 rows=47 loops=6503)
                                       Index Cond: (movie_id = t.id)
                                       Buffers: shared hit=258796 read=52110
                           ->  Hash  (cost=1.15..1.15 rows=1 width=4) (actual time=0.019..0.019 rows=1 loops=1)
                                 Buckets: 1024  Batches: 1  Memory Usage: 9kB
                                 Buffers: shared hit=1
                                 ->  Seq Scan on role_type rt  (cost=0.00..1.15 rows=1 width=4) (actual time=0.011..0.013 rows=1 loops=1)
                                       Filter: ((role)::text = 'director'::text)
                                       Rows Removed by Filter: 11
                                       Buffers: shared hit=1
                     ->  Index Scan using name_pkey on name n  (cost=0.43..2.32 rows=1 width=4) (actual time=0.034..0.034 rows=1 loops=6369)
                           Index Cond: (id = ci.person_id)
                           Filter: ((gender)::text = 'm'::text)
                           Rows Removed by Filter: 0
                           Buffers: shared hit=22865 read=2611
 Planning:
   Buffers: shared hit=574
 Planning Time: 13.452 ms
 Execution Time: 6712.587 ms
(73 rows)

