                                                                                                   QUERY PLAN                                                                                                    
-----------------------------------------------------------------------------------------------------------------------------------------------------------------------------------------------------------------
 Aggregate  (cost=463885.64..463885.65 rows=1 width=8) (actual time=3164.756..3164.764 rows=1 loops=1)
   Buffers: shared hit=314061 read=13924
   ->  Nested Loop  (cost=4697.72..463885.63 rows=1 width=0) (actual time=366.539..3164.714 rows=96 loops=1)
         Buffers: shared hit=314061 read=13924
         ->  Nested Loop  (cost=4697.72..463883.21 rows=1 width=4) (actual time=366.531..3163.125 rows=96 loops=1)
               Buffers: shared hit=313965 read=13924
               ->  Nested Loop  (cost=4697.72..463880.79 rows=1 width=8) (actual time=366.516..3161.419 rows=96 loops=1)
                     Buffers: shared hit=313869 read=13924
                     ->  Hash Join  (cost=4697.29..463876.15 rows=2 width=12) (actual time=36.347..3147.763 rows=384 loops=1)
                           Hash Cond: (ci.role_id = rt.id)
                           Buffers: shared hit=312745 read=13512
                           ->  Nested Loop  (cost=4696.13..463874.89 rows=29 width=16) (actual time=22.182..3145.526 rows=13270 loops=1)
                                 Buffers: shared hit=312744 read=13512
                                 ->  Nested Loop  (cost=4695.69..463786.14 rows=2 width=20) (actual time=22.137..2996.451 rows=643 loops=1)
                                       Buffers: shared hit=303593 read=7861
                                       ->  Hash Join  (cost=4695.25..458699.62 rows=119 width=12) (actual time=20.691..2862.388 rows=854 loops=1)
                                             Hash Cond: (t.kind_id = kt.id)
                                             Buffers: shared hit=295243 read=3070
                                             ->  Nested Loop  (cost=4694.12..458697.31 rows=277 width=16) (actual time=20.646..2854.799 rows=31356 loops=1)
                                                   Buffers: shared hit=295242 read=3070
                                                   ->  Bitmap Heap Scan on movie_info mi2  (cost=4693.69..448289.21 rows=1282 width=8) (actual time=20.327..494.711 rows=69685 loops=1)
                                                         Recheck Cond: (info_type_id = 5)
                                                         Filter: ((info)::text = ANY ('{Argentina:Atp,Australia:M,Finland:K-16,Finland:S,Iceland:16,Iceland:L,Sweden:15,Sweden:Btl,"West Germany:12"}'::text[]))
                                                         Rows Removed by Filter: 416869
                                                         Heap Blocks: exact=19164
                                                         Buffers: shared hit=19572
                                                         ->  Bitmap Index Scan on info_type_id_movie_info  (cost=0.00..4693.37 rows=439058 width=0) (actual time=17.637..17.637 rows=486554 loops=1)
                                                               Index Cond: (info_type_id = 5)
                                                               Buffers: shared hit=408
                                                   ->  Index Scan using title_pkey on title t  (cost=0.43..8.12 rows=1 width=8) (actual time=0.033..0.033 rows=0 loops=69685)
                                                         Index Cond: (id = mi2.movie_id)
                                                         Filter: ((production_year <= 1990) AND (1950 < production_year))
                                                         Rows Removed by Filter: 1
                                                         Buffers: shared hit=275670 read=3070
                                             ->  Hash  (cost=1.10..1.10 rows=3 width=4) (actual time=0.019..0.020 rows=3 loops=1)
                                                   Buckets: 1024  Batches: 1  Memory Usage: 9kB
                                                   Buffers: shared hit=1
                                                   ->  Seq Scan on kind_type kt  (cost=0.00..1.10 rows=3 width=4) (actual time=0.011..0.012 rows=3 loops=1)
                                                         Filter: ((kind)::text = ANY ('{"tv series","video game","video movie"}'::text[]))
                                                         Rows Removed by Filter: 4
                                                         Buffers: shared hit=1
                                       ->  Index Scan using movie_id_movie_info on movie_info mi1  (cost=0.43..42.73 rows=1 width=8) (actual time=0.152..0.156 rows=1 loops=854)
                                             Index Cond: (movie_id = t.id)
                                             Filter: ((info_type_id = 3) AND ((info)::text = ANY ('{Comedy,Drama,Thriller}'::text[])))
                                             Rows Removed by Filter: 48
                                             Buffers: shared hit=8350 read=4791
                                 ->  Index Scan using movie_id_cast_info on cast_info ci  (cost=0.44..43.99 rows=38 width=12) (actual time=0.033..0.226 rows=21 loops=643)
                                       Index Cond: (movie_id = t.id)
                                       Buffers: shared hit=9151 read=5651
                           ->  Hash  (cost=1.15..1.15 rows=1 width=4) (actual time=0.034..0.034 rows=1 loops=1)
                                 Buckets: 1024  Batches: 1  Memory Usage: 9kB
                                 Buffers: shared hit=1
                                 ->  Seq Scan on role_type rt  (cost=0.00..1.15 rows=1 width=4) (actual time=0.027..0.028 rows=1 loops=1)
                                       Filter: ((role)::text = 'editor'::text)
                                       Rows Removed by Filter: 11
                                       Buffers: shared hit=1
                     ->  Index Scan using name_pkey on name n  (cost=0.43..2.32 rows=1 width=4) (actual time=0.035..0.035 rows=0 loops=384)
                           Index Cond: (id = ci.person_id)
                           Filter: ((gender)::text = 'm'::text)
                           Rows Removed by Filter: 1
                           Buffers: shared hit=1124 read=412
               ->  Seq Scan on info_type it1  (cost=0.00..2.41 rows=1 width=4) (actual time=0.007..0.015 rows=1 loops=96)
                     Filter: (id = 3)
                     Rows Removed by Filter: 112
                     Buffers: shared hit=96
         ->  Seq Scan on info_type it2  (cost=0.00..2.41 rows=1 width=4) (actual time=0.007..0.015 rows=1 loops=96)
               Filter: (id = 5)
               Rows Removed by Filter: 112
               Buffers: shared hit=96
 Planning:
   Buffers: shared hit=574
 Planning Time: 13.991 ms
 Execution Time: 3165.420 ms
(73 rows)

