                                                                                                                 QUERY PLAN                                                                                                                  
---------------------------------------------------------------------------------------------------------------------------------------------------------------------------------------------------------------------------------------------
 Aggregate  (cost=529856.37..529856.38 rows=1 width=8) (actual time=9079.749..9079.758 rows=1 loops=1)
   Buffers: shared hit=815535 read=124393
   ->  Nested Loop  (cost=4697.92..529856.36 rows=4 width=0) (actual time=417.043..9079.713 rows=48 loops=1)
         Buffers: shared hit=815535 read=124393
         ->  Seq Scan on info_type it2  (cost=0.00..2.41 rows=1 width=4) (actual time=0.042..0.052 rows=1 loops=1)
               Filter: (id = 5)
               Rows Removed by Filter: 112
               Buffers: shared hit=1
         ->  Nested Loop  (cost=4697.92..529853.91 rows=4 width=4) (actual time=416.998..9079.640 rows=48 loops=1)
               Buffers: shared hit=815534 read=124393
               ->  Seq Scan on info_type it1  (cost=0.00..2.41 rows=1 width=4) (actual time=0.008..0.020 rows=1 loops=1)
                     Filter: (id = 3)
                     Rows Removed by Filter: 112
                     Buffers: shared hit=1
               ->  Nested Loop  (cost=4697.92..529851.45 rows=4 width=8) (actual time=416.988..9079.595 rows=48 loops=1)
                     Buffers: shared hit=815533 read=124393
                     ->  Hash Join  (cost=4697.49..529812.02 rows=17 width=12) (actual time=26.730..8880.048 rows=5283 loops=1)
                           Hash Cond: (ci.role_id = rt.id)
                           Buffers: shared hit=796510 read=122284
                           ->  Nested Loop  (cost=4696.32..529810.14 rows=201 width=16) (actual time=20.105..8817.978 rows=355301 loops=1)
                                 Buffers: shared hit=796509 read=122284
                                 ->  Nested Loop  (cost=4695.88..529198.91 rows=14 width=20) (actual time=20.068..5270.647 rows=9621 loops=1)
                                       Buffers: shared hit=493763 read=53144
                                       ->  Hash Join  (cost=4695.45..494292.23 rows=822 width=12) (actual time=19.507..3827.066 rows=9478 loops=1)
                                             Hash Cond: (t.kind_id = kt.id)
                                             Buffers: shared hit=400758 read=9091
                                             ->  Nested Loop  (cost=4694.31..494283.01 rows=1918 width=16) (actual time=19.470..3803.587 rows=96616 loops=1)
                                                   Buffers: shared hit=400757 read=9091
                                                   ->  Bitmap Heap Scan on movie_info mi2  (cost=4693.88..477951.77 rows=2058 width=8) (actual time=19.423..522.226 rows=97569 loops=1)
                                                         Recheck Cond: (info_type_id = 5)
                                                         Filter: ((info)::text = ANY ('{Argentina:Atp,Australia:G,Australia:M,Australia:MA,Netherlands:16,Norway:15,Sweden:Btl,Switzerland:12,USA:Approved,"USA:Not Rated",USA:R}'::text[]))
                                                         Rows Removed by Filter: 388985
                                                         Heap Blocks: exact=19164
                                                         Buffers: shared hit=17256 read=2316
                                                         ->  Bitmap Index Scan on info_type_id_movie_info  (cost=0.00..4693.37 rows=439058 width=0) (actual time=16.624..16.625 rows=486554 loops=1)
                                                               Index Cond: (info_type_id = 5)
                                                               Buffers: shared hit=408
                                                   ->  Index Scan using title_pkey on title t  (cost=0.43..7.94 rows=1 width=8) (actual time=0.033..0.033 rows=1 loops=97569)
                                                         Index Cond: (id = mi2.movie_id)
                                                         Filter: ((production_year <= 2015) AND (1925 < production_year))
                                                         Rows Removed by Filter: 0
                                                         Buffers: shared hit=383501 read=6775
                                             ->  Hash  (cost=1.10..1.10 rows=3 width=4) (actual time=0.017..0.018 rows=3 loops=1)
                                                   Buckets: 1024  Batches: 1  Memory Usage: 9kB
                                                   Buffers: shared hit=1
                                                   ->  Seq Scan on kind_type kt  (cost=0.00..1.10 rows=3 width=4) (actual time=0.009..0.011 rows=3 loops=1)
                                                         Filter: ((kind)::text = ANY ('{"tv movie","tv series","video game"}'::text[]))
                                                         Rows Removed by Filter: 4
                                                         Buffers: shared hit=1
                                       ->  Index Scan using movie_id_movie_info on movie_info mi1  (cost=0.43..42.46 rows=1 width=8) (actual time=0.149..0.151 rows=1 loops=9478)
                                             Index Cond: (movie_id = t.id)
                                             Filter: ((info_type_id = 3) AND ((info)::text = ANY ('{Animation,Crime,Drama,Family,Horror,Mystery,Romance}'::text[])))
                                             Rows Removed by Filter: 30
                                             Buffers: shared hit=93005 read=44053
                                 ->  Index Scan using movie_id_cast_info on cast_info ci  (cost=0.44..43.28 rows=38 width=12) (actual time=0.037..0.359 rows=37 loops=9621)
                                       Index Cond: (movie_id = t.id)
                                       Buffers: shared hit=302746 read=69140
                           ->  Hash  (cost=1.15..1.15 rows=1 width=4) (actual time=0.015..0.016 rows=1 loops=1)
                                 Buckets: 1024  Batches: 1  Memory Usage: 9kB
                                 Buffers: shared hit=1
                                 ->  Seq Scan on role_type rt  (cost=0.00..1.15 rows=1 width=4) (actual time=0.009..0.011 rows=1 loops=1)
                                       Filter: ((role)::text = 'cinematographer'::text)
                                       Rows Removed by Filter: 11
                                       Buffers: shared hit=1
                     ->  Index Scan using name_pkey on name n  (cost=0.43..2.32 rows=1 width=4) (actual time=0.037..0.037 rows=0 loops=5283)
                           Index Cond: (id = ci.person_id)
                           Filter: ((gender)::text = 'f'::text)
                           Rows Removed by Filter: 1
                           Buffers: shared hit=19023 read=2109
 Planning:
   Buffers: shared hit=574
 Planning Time: 13.600 ms
 Execution Time: 9080.363 ms
(73 rows)

