                                                                                                                    QUERY PLAN                                                                                                                    
--------------------------------------------------------------------------------------------------------------------------------------------------------------------------------------------------------------------------------------------------
 Aggregate  (cost=488691.24..488691.25 rows=1 width=8) (actual time=7141.932..7141.940 rows=1 loops=1)
   Buffers: shared hit=648932 read=91022
   ->  Nested Loop  (cost=4697.54..488691.22 rows=5 width=0) (actual time=22.413..7140.935 rows=3477 loops=1)
         Buffers: shared hit=648932 read=91022
         ->  Hash Join  (cost=4697.11..488674.99 rows=7 width=4) (actual time=22.368..6870.870 rows=8134 loops=1)
               Hash Cond: (ci.role_id = rt.id)
               Buffers: shared hit=618440 read=88978
               ->  Nested Loop  (cost=4695.94..488673.65 rows=43 width=8) (actual time=22.274..6815.719 rows=331842 loops=1)
                     Buffers: shared hit=618439 read=88978
                     ->  Nested Loop  (cost=4695.50..488542.45 rows=3 width=12) (actual time=22.239..3628.752 rows=6874 loops=1)
                           Buffers: shared hit=320389 read=47194
                           ->  Seq Scan on info_type it2  (cost=0.00..2.41 rows=1 width=4) (actual time=0.031..0.041 rows=1 loops=1)
                                 Filter: (id = 5)
                                 Rows Removed by Filter: 112
                                 Buffers: shared hit=1
                           ->  Nested Loop  (cost=4695.50..488540.01 rows=3 width=16) (actual time=22.207..3627.101 rows=6874 loops=1)
                                 Buffers: shared hit=320388 read=47194
                                 ->  Seq Scan on info_type it1  (cost=0.00..2.41 rows=1 width=4) (actual time=0.009..0.021 rows=1 loops=1)
                                       Filter: (id = 3)
                                       Rows Removed by Filter: 112
                                       Buffers: shared hit=1
                                 ->  Nested Loop  (cost=4695.50..488537.56 rows=3 width=20) (actual time=22.194..3625.350 rows=6874 loops=1)
                                       Buffers: shared hit=320387 read=47194
                                       ->  Hash Join  (cost=4695.06..482175.41 rows=150 width=12) (actual time=21.952..2778.022 rows=5187 loops=1)
                                             Hash Cond: (t.kind_id = kt.id)
                                             Buffers: shared hit=262937 read=23300
                                             ->  Nested Loop  (cost=4693.93..482172.80 rows=349 width=16) (actual time=21.876..2765.330 rows=50050 loops=1)
                                                   Buffers: shared hit=262936 read=23300
                                                   ->  Bitmap Heap Scan on movie_info mi2  (cost=4693.50..477951.38 rows=507 width=8) (actual time=21.491..571.132 rows=66666 loops=1)
                                                         Recheck Cond: (info_type_id = 5)
                                                         Filter: ((info)::text = ANY ('{Argentina:13,Australia:MA,Finland:K-15,Iceland:16,Portugal:M/12,Portugal:M/16,Singapore:NC-16,Singapore:PG,"South Korea:15",USA:R,USA:Unrated}'::text[]))
                                                         Rows Removed by Filter: 419888
                                                         Heap Blocks: exact=19164
                                                         Buffers: shared hit=1573 read=17999
                                                         ->  Bitmap Index Scan on info_type_id_movie_info  (cost=0.00..4693.37 rows=439058 width=0) (actual time=16.879..16.879 rows=486554 loops=1)
                                                               Index Cond: (info_type_id = 5)
                                                               Buffers: shared read=408
                                                   ->  Index Scan using title_pkey on title t  (cost=0.43..8.33 rows=1 width=8) (actual time=0.032..0.032 rows=1 loops=66666)
                                                         Index Cond: (id = mi2.movie_id)
                                                         Filter: ((production_year <= 2015) AND (1990 < production_year))
                                                         Rows Removed by Filter: 0
                                                         Buffers: shared hit=261363 read=5301
                                             ->  Hash  (cost=1.10..1.10 rows=3 width=4) (actual time=0.021..0.021 rows=3 loops=1)
                                                   Buckets: 1024  Batches: 1  Memory Usage: 9kB
                                                   Buffers: shared hit=1
                                                   ->  Seq Scan on kind_type kt  (cost=0.00..1.10 rows=3 width=4) (actual time=0.012..0.014 rows=3 loops=1)
                                                         Filter: ((kind)::text = ANY ('{"tv movie","tv series","video game"}'::text[]))
                                                         Rows Removed by Filter: 4
                                                         Buffers: shared hit=1
                                       ->  Index Scan using movie_id_movie_info on movie_info mi1  (cost=0.43..42.40 rows=1 width=8) (actual time=0.160..0.162 rows=1 loops=5187)
                                             Index Cond: (movie_id = t.id)
                                             Filter: ((info_type_id = 3) AND ((info)::text = ANY ('{Action,Comedy,Crime,Drama,Thriller}'::text[])))
                                             Rows Removed by Filter: 39
                                             Buffers: shared hit=57450 read=23894
                     ->  Index Scan using movie_id_cast_info on cast_info ci  (cost=0.44..43.36 rows=38 width=12) (actual time=0.036..0.451 rows=48 loops=6874)
                           Index Cond: (movie_id = t.id)
                           Buffers: shared hit=298050 read=41784
               ->  Hash  (cost=1.15..1.15 rows=2 width=4) (actual time=0.035..0.035 rows=2 loops=1)
                     Buckets: 1024  Batches: 1  Memory Usage: 9kB
                     Buffers: shared hit=1
                     ->  Seq Scan on role_type rt  (cost=0.00..1.15 rows=2 width=4) (actual time=0.026..0.028 rows=2 loops=1)
                           Filter: ((role)::text = ANY ('{cinematographer,"production designer"}'::text[]))
                           Rows Removed by Filter: 10
                           Buffers: shared hit=1
         ->  Index Scan using name_pkey on name n  (cost=0.43..2.32 rows=1 width=4) (actual time=0.032..0.032 rows=0 loops=8134)
               Index Cond: (id = ci.person_id)
               Filter: ((gender)::text = ANY ('{f,m}'::text[]))
               Rows Removed by Filter: 1
               Buffers: shared hit=30492 read=2044
 Planning:
   Buffers: shared hit=529 read=45
 Planning Time: 13.107 ms
 Execution Time: 7142.603 ms
(73 rows)

