                                                                                                      QUERY PLAN                                                                                                       
-----------------------------------------------------------------------------------------------------------------------------------------------------------------------------------------------------------------------
 Aggregate  (cost=483485.73..483485.74 rows=1 width=8) (actual time=33367.408..33367.415 rows=1 loops=1)
   Buffers: shared hit=3228834 read=266062
   ->  Nested Loop  (cost=4697.86..483485.72 rows=5 width=0) (actual time=54.798..33351.164 rows=78799 loops=1)
         Buffers: shared hit=3228834 read=266062
         ->  Hash Join  (cost=4697.43..483469.48 rows=7 width=4) (actual time=54.736..27286.132 rows=166389 loops=1)
               Hash Cond: (ci.role_id = rt.id)
               Buffers: shared hit=2582060 read=247280
               ->  Nested Loop  (cost=4696.25..483468.15 rows=43 width=8) (actual time=54.417..26954.290 rows=1677757 loops=1)
                     Buffers: shared hit=2582059 read=247280
                     ->  Nested Loop  (cost=4695.81..483334.49 rows=3 width=12) (actual time=54.361..10592.807 rows=39028 loops=1)
                           Buffers: shared hit=927761 read=135978
                           ->  Seq Scan on info_type it2  (cost=0.00..2.41 rows=1 width=4) (actual time=0.028..0.039 rows=1 loops=1)
                                 Filter: (id = 5)
                                 Rows Removed by Filter: 112
                                 Buffers: shared hit=1
                           ->  Nested Loop  (cost=4695.81..483332.05 rows=3 width=16) (actual time=54.331..10582.121 rows=39028 loops=1)
                                 Buffers: shared hit=927760 read=135978
                                 ->  Seq Scan on info_type it1  (cost=0.00..2.41 rows=1 width=4) (actual time=0.006..0.019 rows=1 loops=1)
                                       Filter: (id = 3)
                                       Rows Removed by Filter: 112
                                       Buffers: shared hit=1
                                 ->  Nested Loop  (cost=4695.81..483329.60 rows=3 width=20) (actual time=54.322..10571.165 rows=39028 loops=1)
                                       Buffers: shared hit=927759 read=135978
                                       ->  Hash Join  (cost=4695.38..477385.81 rows=138 width=12) (actual time=30.125..3977.716 rows=41462 loops=1)
                                             Hash Cond: (t.kind_id = kt.id)
                                             Buffers: shared hit=348447 read=45578
                                             ->  Nested Loop  (cost=4694.25..477383.32 rows=322 width=16) (actual time=19.741..3953.453 rows=41705 loops=1)
                                                   Buffers: shared hit=348446 read=45578
                                                   ->  Bitmap Heap Scan on movie_info mi2  (cost=4693.82..463120.52 rows=1783 width=8) (actual time=19.652..637.542 rows=93613 loops=1)
                                                         Recheck Cond: (info_type_id = 5)
                                                         Filter: ((info)::text = ANY ('{Australia:G,Australia:M,Finland:K-16,India:U,Sweden:15,UK:U,USA:Approved,USA:X,"West Germany:12","West Germany:18"}'::text[]))
                                                         Rows Removed by Filter: 392941
                                                         Heap Blocks: exact=19164
                                                         Buffers: shared hit=2256 read=17316
                                                         ->  Bitmap Index Scan on info_type_id_movie_info  (cost=0.00..4693.37 rows=439058 width=0) (actual time=17.001..17.001 rows=486554 loops=1)
                                                               Index Cond: (info_type_id = 5)
                                                               Buffers: shared read=408
                                                   ->  Index Scan using title_pkey on title t  (cost=0.43..8.00 rows=1 width=8) (actual time=0.035..0.035 rows=0 loops=93613)
                                                         Index Cond: (id = mi2.movie_id)
                                                         Filter: ((production_year <= 1975) AND (1875 < production_year))
                                                         Rows Removed by Filter: 1
                                                         Buffers: shared hit=346190 read=28262
                                             ->  Hash  (cost=1.10..1.10 rows=3 width=4) (actual time=0.013..0.014 rows=3 loops=1)
                                                   Buckets: 1024  Batches: 1  Memory Usage: 9kB
                                                   Buffers: shared hit=1
                                                   ->  Seq Scan on kind_type kt  (cost=0.00..1.10 rows=3 width=4) (actual time=0.007..0.008 rows=3 loops=1)
                                                         Filter: ((kind)::text = ANY ('{episode,movie,"tv movie"}'::text[]))
                                                         Rows Removed by Filter: 4
                                                         Buffers: shared hit=1
                                       ->  Index Scan using movie_id_movie_info on movie_info mi1  (cost=0.43..43.06 rows=1 width=8) (actual time=0.157..0.158 rows=1 loops=41462)
                                             Index Cond: (movie_id = t.id)
                                             Filter: ((info_type_id = 3) AND ((info)::text = ANY ('{Action,Adult,Adventure,Drama,Family,Romance,War}'::text[])))
                                             Rows Removed by Filter: 38
                                             Buffers: shared hit=579312 read=90400
                     ->  Index Scan using movie_id_cast_info on cast_info ci  (cost=0.44..44.17 rows=38 width=12) (actual time=0.036..0.407 rows=43 loops=39028)
                           Index Cond: (movie_id = t.id)
                           Buffers: shared hit=1654298 read=111302
               ->  Hash  (cost=1.15..1.15 rows=2 width=4) (actual time=0.028..0.029 rows=2 loops=1)
                     Buckets: 1024  Batches: 1  Memory Usage: 9kB
                     Buffers: shared hit=1
                     ->  Seq Scan on role_type rt  (cost=0.00..1.15 rows=2 width=4) (actual time=0.022..0.023 rows=2 loops=1)
                           Filter: ((role)::text = ANY ('{producer,writer}'::text[]))
                           Rows Removed by Filter: 10
                           Buffers: shared hit=1
         ->  Index Scan using name_pkey on name n  (cost=0.43..2.32 rows=1 width=4) (actual time=0.036..0.036 rows=0 loops=166389)
               Index Cond: (id = ci.person_id)
               Filter: ((gender)::text = ANY ('{f,m}'::text[]))
               Rows Removed by Filter: 1
               Buffers: shared hit=646774 read=18782
 Planning:
   Buffers: shared hit=483 read=91
 Planning Time: 13.844 ms
 Execution Time: 33368.123 ms
(73 rows)

