                                                                                             QUERY PLAN                                                                                              
-----------------------------------------------------------------------------------------------------------------------------------------------------------------------------------------------------
 Aggregate  (cost=396400.63..396400.64 rows=1 width=8) (actual time=19282.280..19282.287 rows=1 loops=1)
   Buffers: shared hit=1813398 read=199571
   ->  Nested Loop  (cost=4697.57..396400.63 rows=1 width=0) (actual time=34.838..19277.335 rows=20960 loops=1)
         Buffers: shared hit=1813398 read=199571
         ->  Hash Join  (cost=4697.14..396398.31 rows=1 width=4) (actual time=34.786..17866.067 rows=40525 loops=1)
               Hash Cond: (ci.role_id = rt.id)
               Buffers: shared hit=1657598 read=193271
               ->  Nested Loop  (cost=4695.98..396397.10 rows=14 width=8) (actual time=34.505..17682.741 rows=1084337 loops=1)
                     Buffers: shared hit=1657597 read=193271
                     ->  Nested Loop  (cost=4695.54..396352.22 rows=1 width=12) (actual time=34.463..7447.350 rows=28262 loops=1)
                           Buffers: shared hit=590536 read=110503
                           ->  Nested Loop  (cost=4695.54..396349.80 rows=1 width=16) (actual time=34.453..6830.371 rows=28262 loops=1)
                                 Buffers: shared hit=562274 read=110503
                                 ->  Nested Loop  (cost=4695.54..396347.37 rows=1 width=20) (actual time=34.432..6210.779 rows=28262 loops=1)
                                       Buffers: shared hit=534012 read=110503
                                       ->  Hash Join  (cost=4695.10..394576.65 rows=41 width=12) (actual time=34.147..1676.705 rows=29529 loops=1)
                                             Hash Cond: (t.kind_id = kt.id)
                                             Buffers: shared hit=129608 read=30581
                                             ->  Nested Loop  (cost=4693.97..394575.11 rows=95 width=16) (actual time=23.030..1661.030 rows=29591 loops=1)
                                                   Buffers: shared hit=129607 read=30581
                                                   ->  Bitmap Heap Scan on movie_info mi2  (cost=4693.54..388964.31 rows=678 width=8) (actual time=20.825..445.575 rows=35154 loops=1)
                                                         Recheck Cond: (info_type_id = 5)
                                                         Filter: ((info)::text = ANY ('{Finland:K-16,USA:Approved,USA:Passed,"West Germany:12","West Germany:16"}'::text[]))
                                                         Rows Removed by Filter: 451400
                                                         Heap Blocks: exact=19164
                                                         Buffers: shared hit=3254 read=16318
                                                         ->  Bitmap Index Scan on info_type_id_movie_info  (cost=0.00..4693.37 rows=439058 width=0) (actual time=17.575..17.575 rows=486554 loops=1)
                                                               Index Cond: (info_type_id = 5)
                                                               Buffers: shared read=408
                                                   ->  Index Scan using title_pkey on title t  (cost=0.43..8.28 rows=1 width=8) (actual time=0.034..0.034 rows=1 loops=35154)
                                                         Index Cond: (id = mi2.movie_id)
                                                         Filter: ((production_year <= 1975) AND (1925 < production_year))
                                                         Rows Removed by Filter: 0
                                                         Buffers: shared hit=126353 read=14263
                                             ->  Hash  (cost=1.10..1.10 rows=3 width=4) (actual time=0.015..0.016 rows=3 loops=1)
                                                   Buckets: 1024  Batches: 1  Memory Usage: 9kB
                                                   Buffers: shared hit=1
                                                   ->  Seq Scan on kind_type kt  (cost=0.00..1.10 rows=3 width=4) (actual time=0.009..0.011 rows=3 loops=1)
                                                         Filter: ((kind)::text = ANY ('{episode,movie,"tv movie"}'::text[]))
                                                         Rows Removed by Filter: 4
                                                         Buffers: shared hit=1
                                       ->  Index Scan using movie_id_movie_info on movie_info mi1  (cost=0.43..43.18 rows=1 width=8) (actual time=0.152..0.153 rows=1 loops=29529)
                                             Index Cond: (movie_id = t.id)
                                             Filter: ((info_type_id = 3) AND ((info)::text = ANY ('{Adventure,Animation,Comedy,Drama,Musical}'::text[])))
                                             Rows Removed by Filter: 36
                                             Buffers: shared hit=404404 read=79922
                                 ->  Seq Scan on info_type it1  (cost=0.00..2.41 rows=1 width=4) (actual time=0.011..0.020 rows=1 loops=28262)
                                       Filter: (id = 3)
                                       Rows Removed by Filter: 112
                                       Buffers: shared hit=28262
                           ->  Seq Scan on info_type it2  (cost=0.00..2.41 rows=1 width=4) (actual time=0.010..0.020 rows=1 loops=28262)
                                 Filter: (id = 5)
                                 Rows Removed by Filter: 112
                                 Buffers: shared hit=28262
                     ->  Index Scan using movie_id_cast_info on cast_info ci  (cost=0.44..44.50 rows=38 width=12) (actual time=0.035..0.352 rows=38 loops=28262)
                           Index Cond: (movie_id = t.id)
                           Buffers: shared hit=1067061 read=82768
               ->  Hash  (cost=1.15..1.15 rows=1 width=4) (actual time=0.031..0.031 rows=1 loops=1)
                     Buckets: 1024  Batches: 1  Memory Usage: 9kB
                     Buffers: shared hit=1
                     ->  Seq Scan on role_type rt  (cost=0.00..1.15 rows=1 width=4) (actual time=0.023..0.025 rows=1 loops=1)
                           Filter: ((role)::text = 'producer'::text)
                           Rows Removed by Filter: 11
                           Buffers: shared hit=1
         ->  Index Scan using name_pkey on name n  (cost=0.43..2.32 rows=1 width=4) (actual time=0.034..0.034 rows=1 loops=40525)
               Index Cond: (id = ci.person_id)
               Filter: ((gender)::text = 'm'::text)
               Rows Removed by Filter: 0
               Buffers: shared hit=155800 read=6300
 Planning:
   Buffers: shared hit=484 read=90
 Planning Time: 14.072 ms
 Execution Time: 19282.908 ms
(73 rows)

