                                                                                                          QUERY PLAN                                                                                                           
-------------------------------------------------------------------------------------------------------------------------------------------------------------------------------------------------------------------------------
 Aggregate  (cost=479323.87..479323.88 rows=1 width=8) (actual time=3235.121..3235.129 rows=1 loops=1)
   Buffers: shared hit=269497 read=35791
   ->  Nested Loop  (cost=4697.76..479323.86 rows=1 width=0) (actual time=919.797..3235.096 rows=44 loops=1)
         Buffers: shared hit=269497 read=35791
         ->  Nested Loop  (cost=4697.76..479321.44 rows=1 width=4) (actual time=919.788..3234.122 rows=44 loops=1)
               Buffers: shared hit=269453 read=35791
               ->  Nested Loop  (cost=4697.76..479319.02 rows=1 width=8) (actual time=919.762..3233.090 rows=44 loops=1)
                     Buffers: shared hit=269409 read=35791
                     ->  Hash Join  (cost=4697.33..479314.38 rows=2 width=12) (actual time=239.965..3208.565 rows=596 loops=1)
                           Hash Cond: (ci.role_id = rt.id)
                           Buffers: shared hit=267488 read=35328
                           ->  Nested Loop  (cost=4696.16..479313.12 rows=29 width=16) (actual time=228.091..3207.363 rows=4950 loops=1)
                                 Buffers: shared hit=267487 read=35328
                                 ->  Nested Loop  (cost=4695.72..479224.37 rows=2 width=20) (actual time=228.045..3155.174 rows=105 loops=1)
                                       Buffers: shared hit=263848 read=33798
                                       ->  Hash Join  (cost=4695.29..475230.12 rows=93 width=12) (actual time=175.292..3129.946 rows=141 loops=1)
                                             Hash Cond: (t.kind_id = kt.id)
                                             Buffers: shared hit=262586 read=33155
                                             ->  Nested Loop  (cost=4694.18..475227.65 rows=324 width=16) (actual time=20.705..3123.894 rows=26743 loops=1)
                                                   Buffers: shared hit=262585 read=33155
                                                   ->  Bitmap Heap Scan on movie_info mi2  (cost=4693.75..463120.45 rows=1501 width=8) (actual time=20.390..566.740 rows=69042 loops=1)
                                                         Recheck Cond: (info_type_id = 5)
                                                         Filter: ((info)::text = ANY ('{Argentina:13,Australia:M,Finland:K-16,Iceland:16,Norway:15,Sweden:11,UK:15,USA:Approved,"West Germany:16","West Germany:6"}'::text[]))
                                                         Rows Removed by Filter: 417512
                                                         Heap Blocks: exact=19164
                                                         Buffers: shared hit=2743 read=16829
                                                         ->  Bitmap Index Scan on info_type_id_movie_info  (cost=0.00..4693.37 rows=439058 width=0) (actual time=17.579..17.579 rows=486554 loops=1)
                                                               Index Cond: (info_type_id = 5)
                                                               Buffers: shared read=408
                                                   ->  Index Scan using title_pkey on title t  (cost=0.43..8.07 rows=1 width=8) (actual time=0.036..0.036 rows=0 loops=69042)
                                                         Index Cond: (id = mi2.movie_id)
                                                         Filter: ((production_year <= 1990) AND (1950 < production_year))
                                                         Rows Removed by Filter: 1
                                                         Buffers: shared hit=259842 read=16326
                                             ->  Hash  (cost=1.09..1.09 rows=2 width=4) (actual time=0.016..0.017 rows=2 loops=1)
                                                   Buckets: 1024  Batches: 1  Memory Usage: 9kB
                                                   Buffers: shared hit=1
                                                   ->  Seq Scan on kind_type kt  (cost=0.00..1.09 rows=2 width=4) (actual time=0.009..0.010 rows=2 loops=1)
                                                         Filter: ((kind)::text = ANY ('{"video game","video movie"}'::text[]))
                                                         Rows Removed by Filter: 5
                                                         Buffers: shared hit=1
                                       ->  Index Scan using movie_id_movie_info on movie_info mi1  (cost=0.43..42.94 rows=1 width=8) (actual time=0.177..0.178 rows=1 loops=141)
                                             Index Cond: (movie_id = t.id)
                                             Filter: ((info_type_id = 3) AND ((info)::text = ANY ('{Action,Comedy,Crime,Drama,Romance,Thriller,War}'::text[])))
                                             Rows Removed by Filter: 19
                                             Buffers: shared hit=1262 read=643
                                 ->  Index Scan using movie_id_cast_info on cast_info ci  (cost=0.44..43.99 rows=38 width=12) (actual time=0.035..0.482 rows=47 loops=105)
                                       Index Cond: (movie_id = t.id)
                                       Buffers: shared hit=3639 read=1530
                           ->  Hash  (cost=1.15..1.15 rows=1 width=4) (actual time=0.034..0.034 rows=1 loops=1)
                                 Buckets: 1024  Batches: 1  Memory Usage: 9kB
                                 Buffers: shared hit=1
                                 ->  Seq Scan on role_type rt  (cost=0.00..1.15 rows=1 width=4) (actual time=0.027..0.028 rows=1 loops=1)
                                       Filter: ((role)::text = 'miscellaneous crew'::text)
                                       Rows Removed by Filter: 11
                                       Buffers: shared hit=1
                     ->  Index Scan using name_pkey on name n  (cost=0.43..2.32 rows=1 width=4) (actual time=0.041..0.041 rows=0 loops=596)
                           Index Cond: (id = ci.person_id)
                           Filter: ((gender)::text = 'f'::text)
                           Rows Removed by Filter: 1
                           Buffers: shared hit=1921 read=463
               ->  Seq Scan on info_type it1  (cost=0.00..2.41 rows=1 width=4) (actual time=0.009..0.021 rows=1 loops=44)
                     Filter: (id = 3)
                     Rows Removed by Filter: 112
                     Buffers: shared hit=44
         ->  Seq Scan on info_type it2  (cost=0.00..2.41 rows=1 width=4) (actual time=0.008..0.020 rows=1 loops=44)
               Filter: (id = 5)
               Rows Removed by Filter: 112
               Buffers: shared hit=44
 Planning:
   Buffers: shared hit=483 read=91
 Planning Time: 13.808 ms
 Execution Time: 3235.785 ms
(73 rows)

