                                                                                             QUERY PLAN                                                                                              
-----------------------------------------------------------------------------------------------------------------------------------------------------------------------------------------------------
 Aggregate  (cost=418662.74..418662.75 rows=1 width=8) (actual time=2674.522..2674.528 rows=1 loops=1)
   Buffers: shared hit=220890 read=54681
   ->  Nested Loop  (cost=4697.56..418662.73 rows=5 width=0) (actual time=21.687..2674.035 rows=2150 loops=1)
         Buffers: shared hit=220890 read=54681
         ->  Hash Join  (cost=4697.13..418646.50 rows=7 width=4) (actual time=21.602..2501.476 rows=4919 loops=1)
               Hash Cond: (ci.role_id = rt.id)
               Buffers: shared hit=204867 read=51028
               ->  Nested Loop  (cost=4695.95..418645.16 rows=43 width=8) (actual time=21.507..2490.218 rows=71997 loops=1)
                     Buffers: shared hit=204866 read=51028
                     ->  Nested Loop  (cost=4695.51..418514.18 rows=3 width=12) (actual time=21.469..1769.670 rows=1998 loops=1)
                           Buffers: shared hit=159200 read=23935
                           ->  Seq Scan on info_type it2  (cost=0.00..2.41 rows=1 width=4) (actual time=0.035..0.044 rows=1 loops=1)
                                 Filter: (id = 5)
                                 Rows Removed by Filter: 112
                                 Buffers: shared hit=1
                           ->  Nested Loop  (cost=4695.51..418511.74 rows=3 width=16) (actual time=21.432..1769.176 rows=1998 loops=1)
                                 Buffers: shared hit=159199 read=23935
                                 ->  Seq Scan on info_type it1  (cost=0.00..2.41 rows=1 width=4) (actual time=0.009..0.020 rows=1 loops=1)
                                       Filter: (id = 3)
                                       Rows Removed by Filter: 112
                                       Buffers: shared hit=1
                                 ->  Nested Loop  (cost=4695.51..418509.30 rows=3 width=20) (actual time=21.420..1768.696 rows=1998 loops=1)
                                       Buffers: shared hit=159198 read=23935
                                       ->  Hash Join  (cost=4695.08..408638.71 rows=233 width=12) (actual time=20.512..1403.562 rows=2132 loops=1)
                                             Hash Cond: (t.kind_id = kt.id)
                                             Buffers: shared hit=142926 read=7147
                                             ->  Nested Loop  (cost=4693.95..408635.28 rows=543 width=16) (actual time=19.942..1397.277 rows=32474 loops=1)
                                                   Buffers: shared hit=142925 read=7147
                                                   ->  Bitmap Heap Scan on movie_info mi2  (cost=4693.52..403795.48 rows=583 width=8) (actual time=19.850..370.155 rows=32625 loops=1)
                                                         Recheck Cond: (info_type_id = 5)
                                                         Filter: ((info)::text = ANY ('{Argentina:Atp,Canada:PG,Germany:16,"South Korea:18","West Germany:16","West Germany:18"}'::text[]))
                                                         Rows Removed by Filter: 453929
                                                         Heap Blocks: exact=19164
                                                         Buffers: shared hit=19290 read=282
                                                         ->  Bitmap Index Scan on info_type_id_movie_info  (cost=0.00..4693.37 rows=439058 width=0) (actual time=16.862..16.862 rows=486554 loops=1)
                                                               Index Cond: (info_type_id = 5)
                                                               Buffers: shared hit=408
                                                   ->  Index Scan using title_pkey on title t  (cost=0.43..8.30 rows=1 width=8) (actual time=0.031..0.031 rows=1 loops=32625)
                                                         Index Cond: (id = mi2.movie_id)
                                                         Filter: ((production_year <= 2015) AND (1925 < production_year))
                                                         Rows Removed by Filter: 0
                                                         Buffers: shared hit=123635 read=6865
                                             ->  Hash  (cost=1.10..1.10 rows=3 width=4) (actual time=0.019..0.020 rows=3 loops=1)
                                                   Buckets: 1024  Batches: 1  Memory Usage: 9kB
                                                   Buffers: shared hit=1
                                                   ->  Seq Scan on kind_type kt  (cost=0.00..1.10 rows=3 width=4) (actual time=0.010..0.011 rows=3 loops=1)
                                                         Filter: ((kind)::text = ANY ('{"tv movie","tv series","video game"}'::text[]))
                                                         Rows Removed by Filter: 4
                                                         Buffers: shared hit=1
                                       ->  Index Scan using movie_id_movie_info on movie_info mi1  (cost=0.43..42.35 rows=1 width=8) (actual time=0.167..0.171 rows=1 loops=2132)
                                             Index Cond: (movie_id = t.id)
                                             Filter: ((info_type_id = 3) AND ((info)::text = ANY ('{Action,Comedy,Crime,Fantasy,Romance}'::text[])))
                                             Rows Removed by Filter: 43
                                             Buffers: shared hit=16272 read=16788
                     ->  Index Scan using movie_id_cast_info on cast_info ci  (cost=0.44..43.28 rows=38 width=12) (actual time=0.035..0.352 rows=36 loops=1998)
                           Index Cond: (movie_id = t.id)
                           Buffers: shared hit=45666 read=27093
               ->  Hash  (cost=1.15..1.15 rows=2 width=4) (actual time=0.040..0.040 rows=2 loops=1)
                     Buckets: 1024  Batches: 1  Memory Usage: 9kB
                     Buffers: shared hit=1
                     ->  Seq Scan on role_type rt  (cost=0.00..1.15 rows=2 width=4) (actual time=0.031..0.033 rows=2 loops=1)
                           Filter: ((role)::text = ANY ('{"costume designer",writer}'::text[]))
                           Rows Removed by Filter: 10
                           Buffers: shared hit=1
         ->  Index Scan using name_pkey on name n  (cost=0.43..2.32 rows=1 width=4) (actual time=0.035..0.035 rows=0 loops=4919)
               Index Cond: (id = ci.person_id)
               Filter: ((gender)::text = ANY ('{f,m}'::text[]))
               Rows Removed by Filter: 1
               Buffers: shared hit=16023 read=3653
 Planning:
   Buffers: shared hit=574
 Planning Time: 13.639 ms
 Execution Time: 2675.207 ms
(73 rows)

