                                                                                                            QUERY PLAN                                                                                                             
-----------------------------------------------------------------------------------------------------------------------------------------------------------------------------------------------------------------------------------
 Aggregate  (cost=517129.98..517129.99 rows=1 width=8) (actual time=11306.036..11306.043 rows=1 loops=1)
   Buffers: shared hit=1041198 read=131788
   ->  Nested Loop  (cost=4697.70..517129.96 rows=9 width=0) (actual time=53.596..11287.382 rows=118878 loops=1)
         Buffers: shared hit=1041198 read=131788
         ->  Hash Join  (cost=4697.27..517078.93 rows=22 width=4) (actual time=53.539..6834.356 rows=125017 loops=1)
               Hash Cond: (ci.role_id = rt.id)
               Buffers: shared hit=565031 read=107887
               ->  Nested Loop  (cost=4696.09..517077.29 rows=129 width=8) (actual time=53.469..6754.327 rows=306058 loops=1)
                     Buffers: shared hit=565030 read=107887
                     ->  Nested Loop  (cost=4695.65..516684.36 rows=9 width=12) (actual time=53.418..3706.815 rows=5481 loops=1)
                           Buffers: shared hit=313071 read=53107
                           ->  Seq Scan on info_type it2  (cost=0.00..2.41 rows=1 width=4) (actual time=0.028..0.039 rows=1 loops=1)
                                 Filter: (id = 5)
                                 Rows Removed by Filter: 112
                                 Buffers: shared hit=1
                           ->  Nested Loop  (cost=4695.65..516681.85 rows=9 width=16) (actual time=53.389..3705.235 rows=5481 loops=1)
                                 Buffers: shared hit=313070 read=53107
                                 ->  Seq Scan on info_type it1  (cost=0.00..2.41 rows=1 width=4) (actual time=0.007..0.021 rows=1 loops=1)
                                       Filter: (id = 3)
                                       Rows Removed by Filter: 112
                                       Buffers: shared hit=1
                                 ->  Nested Loop  (cost=4695.65..516679.35 rows=9 width=20) (actual time=53.379..3703.538 rows=5481 loops=1)
                                       Buffers: shared hit=313069 read=53107
                                       ->  Hash Join  (cost=4695.22..502776.36 rows=327 width=12) (actual time=52.774..3023.620 rows=3989 loops=1)
                                             Hash Cond: (t.kind_id = kt.id)
                                             Buffers: shared hit=278391 read=29354
                                             ->  Nested Loop  (cost=4694.11..502770.42 rows=1145 width=16) (actual time=20.116..3006.875 rows=69371 loops=1)
                                                   Buffers: shared hit=278390 read=29354
                                                   ->  Bitmap Heap Scan on movie_info mi2  (cost=4693.68..492782.75 rows=1228 width=8) (actual time=20.069..607.748 rows=72043 loops=1)
                                                         Recheck Cond: (info_type_id = 5)
                                                         Filter: ((info)::text = ANY ('{Argentina:16,Australia:G,Finland:K-16,Germany:12,Germany:16,Germany:18,Netherlands:16,Spain:13,Switzerland:12,UK:12,UK:15,UK:U}'::text[]))
                                                         Rows Removed by Filter: 414511
                                                         Heap Blocks: exact=19164
                                                         Buffers: shared hit=2482 read=17090
                                                         ->  Bitmap Index Scan on info_type_id_movie_info  (cost=0.00..4693.37 rows=439058 width=0) (actual time=17.445..17.446 rows=486554 loops=1)
                                                               Index Cond: (info_type_id = 5)
                                                               Buffers: shared read=408
                                                   ->  Index Scan using title_pkey on title t  (cost=0.43..8.13 rows=1 width=8) (actual time=0.033..0.033 rows=1 loops=72043)
                                                         Index Cond: (id = mi2.movie_id)
                                                         Filter: ((production_year <= 2015) AND (1925 < production_year))
                                                         Rows Removed by Filter: 0
                                                         Buffers: shared hit=275908 read=12264
                                             ->  Hash  (cost=1.09..1.09 rows=2 width=4) (actual time=0.017..0.018 rows=2 loops=1)
                                                   Buckets: 1024  Batches: 1  Memory Usage: 9kB
                                                   Buffers: shared hit=1
                                                   ->  Seq Scan on kind_type kt  (cost=0.00..1.09 rows=2 width=4) (actual time=0.010..0.012 rows=2 loops=1)
                                                         Filter: ((kind)::text = ANY ('{"tv movie","video game"}'::text[]))
                                                         Rows Removed by Filter: 5
                                                         Buffers: shared hit=1
                                       ->  Index Scan using movie_id_movie_info on movie_info mi1  (cost=0.43..42.51 rows=1 width=8) (actual time=0.168..0.169 rows=1 loops=3989)
                                             Index Cond: (movie_id = t.id)
                                             Filter: ((info_type_id = 3) AND ((info)::text = ANY ('{Action,Animation,Comedy,Crime,Drama,Horror,Romance,Thriller}'::text[])))
                                             Rows Removed by Filter: 25
                                             Buffers: shared hit=34678 read=23753
                     ->  Index Scan using movie_id_cast_info on cast_info ci  (cost=0.44..43.28 rows=38 width=12) (actual time=0.035..0.540 rows=56 loops=5481)
                           Index Cond: (movie_id = t.id)
                           Buffers: shared hit=251959 read=54780
               ->  Hash  (cost=1.15..1.15 rows=2 width=4) (actual time=0.033..0.034 rows=2 loops=1)
                     Buckets: 1024  Batches: 1  Memory Usage: 9kB
                     Buffers: shared hit=1
                     ->  Seq Scan on role_type rt  (cost=0.00..1.15 rows=2 width=4) (actual time=0.024..0.027 rows=2 loops=1)
                           Filter: ((role)::text = ANY ('{actor,writer}'::text[]))
                           Rows Removed by Filter: 10
                           Buffers: shared hit=1
         ->  Index Scan using name_pkey on name n  (cost=0.43..2.32 rows=1 width=4) (actual time=0.035..0.035 rows=1 loops=125017)
               Index Cond: (id = ci.person_id)
               Filter: ((gender)::text = 'm'::text)
               Rows Removed by Filter: 0
               Buffers: shared hit=476167 read=23901
 Planning:
   Buffers: shared hit=529 read=45
 Planning Time: 13.327 ms
 Execution Time: 11306.729 ms
(73 rows)

