                                                                                             QUERY PLAN                                                                                              
-----------------------------------------------------------------------------------------------------------------------------------------------------------------------------------------------------
 Aggregate  (cost=444183.46..444183.47 rows=1 width=8) (actual time=100983.421..100983.428 rows=1 loops=1)
   Buffers: shared hit=10052363 read=475374
   ->  Nested Loop  (cost=4697.53..444183.46 rows=2 width=0) (actual time=46.134..100925.024 rows=283922 loops=1)
         Buffers: shared hit=10052363 read=475374
         ->  Seq Scan on info_type it2  (cost=0.00..2.41 rows=1 width=4) (actual time=0.047..0.057 rows=1 loops=1)
               Filter: (id = 5)
               Rows Removed by Filter: 112
               Buffers: shared hit=1
         ->  Nested Loop  (cost=4697.53..444181.03 rows=2 width=4) (actual time=46.086..100857.035 rows=283922 loops=1)
               Buffers: shared hit=10052362 read=475374
               ->  Seq Scan on info_type it1  (cost=0.00..2.41 rows=1 width=4) (actual time=0.009..0.021 rows=1 loops=1)
                     Filter: (id = 3)
                     Rows Removed by Filter: 112
                     Buffers: shared hit=1
               ->  Nested Loop  (cost=4697.53..444178.59 rows=2 width=8) (actual time=46.074..100779.620 rows=283922 loops=1)
                     Buffers: shared hit=10052361 read=475374
                     ->  Hash Join  (cost=4697.10..444167.00 rows=5 width=12) (actual time=43.741..44045.348 rows=1540645 loops=1)
                           Hash Cond: (ci.role_id = rt.id)
                           Buffers: shared hit=3955324 read=409831
                           ->  Nested Loop  (cost=4695.93..444165.63 rows=57 width=16) (actual time=43.434..42824.941 rows=3739185 loops=1)
                                 Buffers: shared hit=3955323 read=409831
                                 ->  Nested Loop  (cost=4695.49..443990.69 rows=4 width=20) (actual time=43.387..7316.913 rows=35378 loops=1)
                                       Buffers: shared hit=500103 read=133215
                                       ->  Hash Join  (cost=4695.06..437648.03 rows=149 width=12) (actual time=20.779..1996.308 rows=22589 loops=1)
                                             Hash Cond: (t.kind_id = kt.id)
                                             Buffers: shared hit=131495 read=35022
                                             ->  Nested Loop  (cost=4693.93..437645.43 rows=347 width=16) (actual time=20.245..1979.912 rows=26580 loops=1)
                                                   Buffers: shared hit=131494 read=35022
                                                   ->  Bitmap Heap Scan on movie_info mi2  (cost=4693.50..433457.83 rows=503 width=8) (actual time=20.147..577.002 rows=36736 loops=1)
                                                         Recheck Cond: (info_type_id = 5)
                                                         Filter: ((info)::text = ANY ('{Australia:PG,Canada:13+,Canada:14A,France:U,Germany:12,Singapore:PG,Sweden:11,Switzerland:7}'::text[]))
                                                         Rows Removed by Filter: 449818
                                                         Heap Blocks: exact=19164
                                                         Buffers: shared hit=3271 read=16301
                                                         ->  Bitmap Index Scan on info_type_id_movie_info  (cost=0.00..4693.37 rows=439058 width=0) (actual time=17.610..17.611 rows=486554 loops=1)
                                                               Index Cond: (info_type_id = 5)
                                                               Buffers: shared read=408
                                                   ->  Index Scan using title_pkey on title t  (cost=0.43..8.33 rows=1 width=8) (actual time=0.037..0.037 rows=1 loops=36736)
                                                         Index Cond: (id = mi2.movie_id)
                                                         Filter: ((production_year <= 2015) AND (1990 < production_year))
                                                         Rows Removed by Filter: 0
                                                         Buffers: shared hit=128223 read=18721
                                             ->  Hash  (cost=1.10..1.10 rows=3 width=4) (actual time=0.017..0.018 rows=3 loops=1)
                                                   Buckets: 1024  Batches: 1  Memory Usage: 9kB
                                                   Buffers: shared hit=1
                                                   ->  Seq Scan on kind_type kt  (cost=0.00..1.10 rows=3 width=4) (actual time=0.009..0.011 rows=3 loops=1)
                                                         Filter: ((kind)::text = ANY ('{episode,movie,"video movie"}'::text[]))
                                                         Rows Removed by Filter: 4
                                                         Buffers: shared hit=1
                                       ->  Index Scan using movie_id_movie_info on movie_info mi1  (cost=0.43..42.56 rows=1 width=8) (actual time=0.233..0.234 rows=2 loops=22589)
                                             Index Cond: (movie_id = t.id)
                                             Filter: ((info_type_id = 3) AND ((info)::text = ANY ('{Action,Adventure,Comedy,Crime,Drama,Family,Fantasy,Romance}'::text[])))
                                             Rows Removed by Filter: 113
                                             Buffers: shared hit=368608 read=98193
                                 ->  Index Scan using movie_id_cast_info on cast_info ci  (cost=0.44..43.36 rows=38 width=12) (actual time=0.038..0.971 rows=106 loops=35378)
                                       Index Cond: (movie_id = t.id)
                                       Buffers: shared hit=3455220 read=276616
                           ->  Hash  (cost=1.15..1.15 rows=1 width=4) (actual time=0.016..0.017 rows=1 loops=1)
                                 Buckets: 1024  Batches: 1  Memory Usage: 9kB
                                 Buffers: shared hit=1
                                 ->  Seq Scan on role_type rt  (cost=0.00..1.15 rows=1 width=4) (actual time=0.010..0.011 rows=1 loops=1)
                                       Filter: ((role)::text = 'miscellaneous crew'::text)
                                       Rows Removed by Filter: 11
                                       Buffers: shared hit=1
                     ->  Index Scan using name_pkey on name n  (cost=0.43..2.32 rows=1 width=4) (actual time=0.036..0.036 rows=0 loops=1540645)
                           Index Cond: (id = ci.person_id)
                           Filter: ((gender)::text = 'm'::text)
                           Rows Removed by Filter: 1
                           Buffers: shared hit=6097037 read=65543
 Planning:
   Buffers: shared hit=519 read=55
 Planning Time: 14.073 ms
 Execution Time: 100984.089 ms
(73 rows)

