                                                                                                         QUERY PLAN                                                                                                          
-----------------------------------------------------------------------------------------------------------------------------------------------------------------------------------------------------------------------------
 Aggregate  (cost=514188.41..514188.42 rows=1 width=8) (actual time=56299.326..56299.332 rows=1 loops=1)
   Buffers: shared hit=5237948 read=577189
   ->  Nested Loop  (cost=4697.83..514188.40 rows=4 width=0) (actual time=139.495..56297.060 rows=4137 loops=1)
         Buffers: shared hit=5237948 read=577189
         ->  Seq Scan on info_type it2  (cost=0.00..2.41 rows=1 width=4) (actual time=0.045..0.054 rows=1 loops=1)
               Filter: (id = 5)
               Rows Removed by Filter: 112
               Buffers: shared hit=1
         ->  Nested Loop  (cost=4697.83..514185.95 rows=4 width=4) (actual time=139.448..56295.760 rows=4137 loops=1)
               Buffers: shared hit=5237947 read=577189
               ->  Seq Scan on info_type it1  (cost=0.00..2.41 rows=1 width=4) (actual time=0.009..0.020 rows=1 loops=1)
                     Filter: (id = 3)
                     Rows Removed by Filter: 112
                     Buffers: shared hit=1
               ->  Nested Loop  (cost=4697.83..514183.50 rows=4 width=8) (actual time=139.436..56294.274 rows=4137 loops=1)
                     Buffers: shared hit=5237946 read=577189
                     ->  Hash Join  (cost=4697.40..514146.38 rows=16 width=12) (actual time=39.917..53833.416 rows=64394 loops=1)
                           Hash Cond: (ci.role_id = rt.id)
                           Buffers: shared hit=5010159 read=547400
                           ->  Nested Loop  (cost=4696.24..514144.55 rows=186 width=16) (actual time=39.524..53100.990 rows=4090658 loops=1)
                                 Buffers: shared hit=5010158 read=547400
                                 ->  Nested Loop  (cost=4695.80..513575.99 rows=13 width=20) (actual time=39.469..13856.872 rows=62472 loops=1)
                                       Buffers: shared hit=1208270 read=170046
                                       ->  Hash Join  (cost=4695.37..491833.59 rows=512 width=12) (actual time=20.679..4140.188 rows=62654 loops=1)
                                             Hash Cond: (t.kind_id = kt.id)
                                             Buffers: shared hit=355747 read=45258
                                             ->  Nested Loop  (cost=4694.23..491827.42 rows=1194 width=16) (actual time=20.019..4099.676 rows=70774 loops=1)
                                                   Buffers: shared hit=355746 read=45258
                                                   ->  Bitmap Heap Scan on movie_info mi2  (cost=4693.80..477951.69 rows=1732 width=8) (actual time=19.895..648.607 rows=95358 loops=1)
                                                         Recheck Cond: (info_type_id = 5)
                                                         Filter: ((info)::text = ANY ('{Argentina:13,Argentina:Atp,Australia:M,Germany:16,Singapore:M18,"South Korea:15",UK:12,UK:15,UK:18,"USA:Not Rated",USA:X}'::text[]))
                                                         Rows Removed by Filter: 391196
                                                         Heap Blocks: exact=19164
                                                         Buffers: shared hit=4271 read=15301
                                                         ->  Bitmap Index Scan on info_type_id_movie_info  (cost=0.00..4693.37 rows=439058 width=0) (actual time=17.329..17.329 rows=486554 loops=1)
                                                               Index Cond: (info_type_id = 5)
                                                               Buffers: shared read=408
                                                   ->  Index Scan using title_pkey on title t  (cost=0.43..8.01 rows=1 width=8) (actual time=0.035..0.035 rows=1 loops=95358)
                                                         Index Cond: (id = mi2.movie_id)
                                                         Filter: ((production_year <= 2015) AND (1990 < production_year))
                                                         Rows Removed by Filter: 0
                                                         Buffers: shared hit=351475 read=29957
                                             ->  Hash  (cost=1.10..1.10 rows=3 width=4) (actual time=0.022..0.023 rows=3 loops=1)
                                                   Buckets: 1024  Batches: 1  Memory Usage: 9kB
                                                   Buffers: shared hit=1
                                                   ->  Seq Scan on kind_type kt  (cost=0.00..1.10 rows=3 width=4) (actual time=0.013..0.015 rows=3 loops=1)
                                                         Filter: ((kind)::text = ANY ('{episode,movie,"video movie"}'::text[]))
                                                         Rows Removed by Filter: 4
                                                         Buffers: shared hit=1
                                       ->  Index Scan using movie_id_movie_info on movie_info mi1  (cost=0.43..42.46 rows=1 width=8) (actual time=0.153..0.154 rows=1 loops=62654)
                                             Index Cond: (movie_id = t.id)
                                             Filter: ((info_type_id = 3) AND ((info)::text = ANY ('{Adult,Comedy,Drama,Horror,Romance,Thriller}'::text[])))
                                             Rows Removed by Filter: 53
                                             Buffers: shared hit=852523 read=124788
                                 ->  Index Scan using movie_id_cast_info on cast_info ci  (cost=0.44..43.36 rows=38 width=12) (actual time=0.035..0.609 rows=65 loops=62472)
                                       Index Cond: (movie_id = t.id)
                                       Buffers: shared hit=3801888 read=377354
                           ->  Hash  (cost=1.15..1.15 rows=1 width=4) (actual time=0.017..0.018 rows=1 loops=1)
                                 Buckets: 1024  Batches: 1  Memory Usage: 9kB
                                 Buffers: shared hit=1
                                 ->  Seq Scan on role_type rt  (cost=0.00..1.15 rows=1 width=4) (actual time=0.011..0.012 rows=1 loops=1)
                                       Filter: ((role)::text = 'director'::text)
                                       Rows Removed by Filter: 11
                                       Buffers: shared hit=1
                     ->  Index Scan using name_pkey on name n  (cost=0.43..2.32 rows=1 width=4) (actual time=0.037..0.037 rows=0 loops=64394)
                           Index Cond: (id = ci.person_id)
                           Filter: ((gender)::text = 'f'::text)
                           Rows Removed by Filter: 1
                           Buffers: shared hit=227787 read=29789
 Planning:
   Buffers: shared hit=483 read=91
 Planning Time: 13.680 ms
 Execution Time: 56300.012 ms
(73 rows)

