                                                                                             QUERY PLAN                                                                                              
-----------------------------------------------------------------------------------------------------------------------------------------------------------------------------------------------------
 Aggregate  (cost=400934.21..400934.22 rows=1 width=8) (actual time=11842.188..11842.195 rows=1 loops=1)
   Buffers: shared hit=932675 read=278476
   ->  Nested Loop  (cost=4697.52..400934.20 rows=2 width=0) (actual time=38.501..11840.156 rows=5642 loops=1)
         Buffers: shared hit=932675 read=278476
         ->  Seq Scan on info_type it2  (cost=0.00..2.41 rows=1 width=4) (actual time=0.040..0.051 rows=1 loops=1)
               Filter: (id = 5)
               Rows Removed by Filter: 112
               Buffers: shared hit=1
         ->  Nested Loop  (cost=4697.52..400931.77 rows=2 width=4) (actual time=38.459..11838.668 rows=5642 loops=1)
               Buffers: shared hit=932674 read=278476
               ->  Seq Scan on info_type it1  (cost=0.00..2.41 rows=1 width=4) (actual time=0.008..0.022 rows=1 loops=1)
                     Filter: (id = 3)
                     Rows Removed by Filter: 112
                     Buffers: shared hit=1
               ->  Nested Loop  (cost=4697.52..400929.34 rows=2 width=8) (actual time=38.449..11837.124 rows=5642 loops=1)
                     Buffers: shared hit=932673 read=278476
                     ->  Hash Join  (cost=4697.09..400920.06 rows=4 width=12) (actual time=38.396..11437.723 rows=11387 loops=1)
                           Hash Cond: (ci.role_id = rt.id)
                           Buffers: shared hit=891524 read=274077
                           ->  Nested Loop  (cost=4695.93..400918.74 rows=43 width=16) (actual time=37.913..11324.448 rows=738530 loops=1)
                                 Buffers: shared hit=891523 read=274077
                                 ->  Nested Loop  (cost=4695.49..400787.76 rows=3 width=20) (actual time=37.866..4286.000 rows=11472 loops=1)
                                       Buffers: shared hit=282207 read=127349
                                       ->  Hash Join  (cost=4695.05..392875.46 rows=187 width=12) (actual time=20.606..1195.627 rows=17061 loops=1)
                                             Hash Cond: (t.kind_id = kt.id)
                                             Buffers: shared hit=67839 read=33806
                                             ->  Nested Loop  (cost=4693.92..392872.48 rows=437 width=16) (actual time=20.014..1185.703 rows=20151 loops=1)
                                                   Buffers: shared hit=67838 read=33806
                                                   ->  Bitmap Heap Scan on movie_info mi2  (cost=4693.49..388964.26 rows=469 width=8) (actual time=19.970..427.878 rows=20518 loops=1)
                                                         Recheck Cond: (info_type_id = 5)
                                                         Filter: ((info)::text = ANY ('{Australia:PG,Finland:K-18,"New Zealand:R16",UK:12A,USA:Passed}'::text[]))
                                                         Rows Removed by Filter: 466036
                                                         Heap Blocks: exact=19164
                                                         Buffers: shared hit=2721 read=16851
                                                         ->  Bitmap Index Scan on info_type_id_movie_info  (cost=0.00..4693.37 rows=439058 width=0) (actual time=17.426..17.426 rows=486554 loops=1)
                                                               Index Cond: (info_type_id = 5)
                                                               Buffers: shared read=408
                                                   ->  Index Scan using title_pkey on title t  (cost=0.43..8.33 rows=1 width=8) (actual time=0.036..0.036 rows=1 loops=20518)
                                                         Index Cond: (id = mi2.movie_id)
                                                         Filter: ((production_year <= 2015) AND (1925 < production_year))
                                                         Rows Removed by Filter: 0
                                                         Buffers: shared hit=65117 read=16955
                                             ->  Hash  (cost=1.10..1.10 rows=3 width=4) (actual time=0.017..0.018 rows=3 loops=1)
                                                   Buckets: 1024  Batches: 1  Memory Usage: 9kB
                                                   Buffers: shared hit=1
                                                   ->  Seq Scan on kind_type kt  (cost=0.00..1.10 rows=3 width=4) (actual time=0.009..0.011 rows=3 loops=1)
                                                         Filter: ((kind)::text = ANY ('{episode,movie,"video movie"}'::text[]))
                                                         Rows Removed by Filter: 4
                                                         Buffers: shared hit=1
                                       ->  Index Scan using movie_id_movie_info on movie_info mi1  (cost=0.43..42.30 rows=1 width=8) (actual time=0.180..0.180 rows=1 loops=17061)
                                             Index Cond: (movie_id = t.id)
                                             Filter: ((info_type_id = 3) AND ((info)::text = ANY ('{Animation,Crime,Drama,Thriller}'::text[])))
                                             Rows Removed by Filter: 67
                                             Buffers: shared hit=214368 read=93543
                                 ->  Index Scan using movie_id_cast_info on cast_info ci  (cost=0.44..43.28 rows=38 width=12) (actual time=0.037..0.598 rows=64 loops=11472)
                                       Index Cond: (movie_id = t.id)
                                       Buffers: shared hit=609316 read=146728
                           ->  Hash  (cost=1.15..1.15 rows=1 width=4) (actual time=0.015..0.016 rows=1 loops=1)
                                 Buckets: 1024  Batches: 1  Memory Usage: 9kB
                                 Buffers: shared hit=1
                                 ->  Seq Scan on role_type rt  (cost=0.00..1.15 rows=1 width=4) (actual time=0.009..0.010 rows=1 loops=1)
                                       Filter: ((role)::text = 'cinematographer'::text)
                                       Rows Removed by Filter: 11
                                       Buffers: shared hit=1
                     ->  Index Scan using name_pkey on name n  (cost=0.43..2.32 rows=1 width=4) (actual time=0.034..0.034 rows=0 loops=11387)
                           Index Cond: (id = ci.person_id)
                           Filter: ((gender)::text = 'm'::text)
                           Rows Removed by Filter: 1
                           Buffers: shared hit=41149 read=4399
 Planning:
   Buffers: shared hit=484 read=90
 Planning Time: 13.665 ms
 Execution Time: 11842.874 ms
(73 rows)

