                                                                                             QUERY PLAN                                                                                              
-----------------------------------------------------------------------------------------------------------------------------------------------------------------------------------------------------
 Aggregate  (cost=416026.95..416026.96 rows=1 width=8) (actual time=17446.770..17446.778 rows=1 loops=1)
   Buffers: shared hit=1628351 read=194708
   ->  Nested Loop  (cost=4697.68..416026.95 rows=1 width=0) (actual time=54.005..17445.297 rows=4371 loops=1)
         Buffers: shared hit=1628351 read=194708
         ->  Hash Join  (cost=4697.25..416022.31 rows=2 width=4) (actual time=53.946..16716.600 rows=21297 loops=1)
               Hash Cond: (ci.role_id = rt.id)
               Buffers: shared hit=1546555 read=191316
               ->  Nested Loop  (cost=4696.07..416021.09 rows=14 width=8) (actual time=51.348..16581.226 rows=838015 loops=1)
                     Buffers: shared hit=1546554 read=191316
                     ->  Nested Loop  (cost=4695.63..415976.53 rows=1 width=12) (actual time=51.282..8662.450 rows=20861 loops=1)
                           Buffers: shared hit=729084 read=122775
                           ->  Nested Loop  (cost=4695.63..415974.11 rows=1 width=16) (actual time=51.264..8214.512 rows=20861 loops=1)
                                 Buffers: shared hit=708223 read=122775
                                 ->  Nested Loop  (cost=4695.63..415971.69 rows=1 width=20) (actual time=51.237..7760.422 rows=20861 loops=1)
                                       Buffers: shared hit=687362 read=122775
                                       ->  Hash Join  (cost=4695.20..412448.28 rows=82 width=12) (actual time=26.679..2367.411 rows=36231 loops=1)
                                             Hash Cond: (t.kind_id = kt.id)
                                             Buffers: shared hit=187135 read=40054
                                             ->  Nested Loop  (cost=4694.06..412446.34 rows=191 width=16) (actual time=21.127..2349.553 rows=36413 loops=1)
                                                   Buffers: shared hit=187134 read=40054
                                                   ->  Bitmap Heap Scan on movie_info mi2  (cost=4693.63..403795.59 rows=1058 width=8) (actual time=21.076..499.197 rows=51904 loops=1)
                                                         Recheck Cond: (info_type_id = 5)
                                                         Filter: ((info)::text = ANY ('{Australia:G,Finland:K-16,Finland:S,USA:Approved,USA:Passed,"West Germany:12"}'::text[]))
                                                         Rows Removed by Filter: 434650
                                                         Heap Blocks: exact=19164
                                                         Buffers: shared hit=2739 read=16833
                                                         ->  Bitmap Index Scan on info_type_id_movie_info  (cost=0.00..4693.37 rows=439058 width=0) (actual time=18.411..18.411 rows=486554 loops=1)
                                                               Index Cond: (info_type_id = 5)
                                                               Buffers: shared read=408
                                                   ->  Index Scan using title_pkey on title t  (cost=0.43..8.18 rows=1 width=8) (actual time=0.035..0.035 rows=1 loops=51904)
                                                         Index Cond: (id = mi2.movie_id)
                                                         Filter: ((production_year <= 1975) AND (1875 < production_year))
                                                         Rows Removed by Filter: 0
                                                         Buffers: shared hit=184395 read=23221
                                             ->  Hash  (cost=1.10..1.10 rows=3 width=4) (actual time=0.020..0.021 rows=3 loops=1)
                                                   Buckets: 1024  Batches: 1  Memory Usage: 9kB
                                                   Buffers: shared hit=1
                                                   ->  Seq Scan on kind_type kt  (cost=0.00..1.10 rows=3 width=4) (actual time=0.008..0.010 rows=3 loops=1)
                                                         Filter: ((kind)::text = ANY ('{episode,movie,"tv movie"}'::text[]))
                                                         Rows Removed by Filter: 4
                                                         Buffers: shared hit=1
                                       ->  Index Scan using movie_id_movie_info on movie_info mi1  (cost=0.43..42.96 rows=1 width=8) (actual time=0.148..0.148 rows=1 loops=36231)
                                             Index Cond: (movie_id = t.id)
                                             Filter: ((info_type_id = 3) AND ((info)::text = ANY ('{Animation,Musical,Romance,Thriller,Western}'::text[])))
                                             Rows Removed by Filter: 35
                                             Buffers: shared hit=500227 read=82721
                                 ->  Seq Scan on info_type it1  (cost=0.00..2.41 rows=1 width=4) (actual time=0.010..0.020 rows=1 loops=20861)
                                       Filter: (id = 3)
                                       Rows Removed by Filter: 112
                                       Buffers: shared hit=20861
                           ->  Seq Scan on info_type it2  (cost=0.00..2.41 rows=1 width=4) (actual time=0.010..0.020 rows=1 loops=20861)
                                 Filter: (id = 5)
                                 Rows Removed by Filter: 112
                                 Buffers: shared hit=20861
                     ->  Index Scan using movie_id_cast_info on cast_info ci  (cost=0.44..44.17 rows=38 width=12) (actual time=0.035..0.369 rows=40 loops=20861)
                           Index Cond: (movie_id = t.id)
                           Buffers: shared hit=817470 read=68541
               ->  Hash  (cost=1.15..1.15 rows=2 width=4) (actual time=0.035..0.035 rows=2 loops=1)
                     Buckets: 1024  Batches: 1  Memory Usage: 9kB
                     Buffers: shared hit=1
                     ->  Seq Scan on role_type rt  (cost=0.00..1.15 rows=2 width=4) (actual time=0.027..0.028 rows=2 loops=1)
                           Filter: ((role)::text = ANY ('{editor,"production designer"}'::text[]))
                           Rows Removed by Filter: 10
                           Buffers: shared hit=1
         ->  Index Scan using name_pkey on name n  (cost=0.43..2.32 rows=1 width=4) (actual time=0.034..0.034 rows=0 loops=21297)
               Index Cond: (id = ci.person_id)
               Filter: ((gender)::text = 'm'::text)
               Rows Removed by Filter: 1
               Buffers: shared hit=81796 read=3392
 Planning:
   Buffers: shared hit=520 read=54
 Planning Time: 14.353 ms
 Execution Time: 17447.400 ms
(73 rows)

