                                                                                             QUERY PLAN                                                                                              
-----------------------------------------------------------------------------------------------------------------------------------------------------------------------------------------------------
 Aggregate  (cost=401888.19..401888.20 rows=1 width=8) (actual time=65566.487..65566.494 rows=1 loops=1)
   Buffers: shared hit=6566742 read=254630
   ->  Nested Loop  (cost=4697.70..401888.19 rows=1 width=0) (actual time=44.890..65462.873 rows=764223 loops=1)
         Buffers: shared hit=6566742 read=254630
         ->  Nested Loop  (cost=4697.70..401885.76 rows=1 width=4) (actual time=44.881..52653.994 rows=764223 loops=1)
               Buffers: shared hit=5802519 read=254630
               ->  Nested Loop  (cost=4697.70..401883.34 rows=1 width=8) (actual time=44.857..39659.344 rows=764223 loops=1)
                     Buffers: shared hit=5038296 read=254630
                     ->  Hash Join  (cost=4697.27..401878.70 rows=2 width=12) (actual time=44.800..18141.181 rows=764223 loops=1)
                           Hash Cond: (ci.role_id = rt.id)
                           Buffers: shared hit=2008262 read=227772
                           ->  Nested Loop  (cost=4696.11..401877.44 rows=29 width=16) (actual time=44.697..17811.530 rows=1389752 loops=1)
                                 Buffers: shared hit=2008261 read=227772
                                 ->  Nested Loop  (cost=4695.67..401787.68 rows=2 width=20) (actual time=44.644..6455.643 rows=37402 loops=1)
                                       Buffers: shared hit=633765 read=123066
                                       ->  Hash Join  (cost=4695.23..398678.11 rows=72 width=12) (actual time=44.330..2058.039 rows=32563 loops=1)
                                             Hash Cond: (t.kind_id = kt.id)
                                             Buffers: shared hit=181370 read=39595
                                             ->  Nested Loop  (cost=4694.10..398676.28 rows=167 width=16) (actual time=21.955..2043.794 rows=32694 loops=1)
                                                   Buffers: shared hit=181369 read=39595
                                                   ->  Bitmap Heap Scan on movie_info mi2  (cost=4693.67..388964.44 rows=1193 width=8) (actual time=19.401..420.157 rows=50348 loops=1)
                                                         Recheck Cond: (info_type_id = 5)
                                                         Filter: ((info)::text = ANY ('{Argentina:Atp,Finland:K-16,Sweden:15,USA:Approved,USA:Passed}'::text[]))
                                                         Rows Removed by Filter: 436206
                                                         Heap Blocks: exact=19164
                                                         Buffers: shared hit=2017 read=17555
                                                         ->  Bitmap Index Scan on info_type_id_movie_info  (cost=0.00..4693.37 rows=439058 width=0) (actual time=16.171..16.172 rows=486554 loops=1)
                                                               Index Cond: (info_type_id = 5)
                                                               Buffers: shared read=408
                                                   ->  Index Scan using title_pkey on title t  (cost=0.43..8.14 rows=1 width=8) (actual time=0.032..0.032 rows=1 loops=50348)
                                                         Index Cond: (id = mi2.movie_id)
                                                         Filter: ((production_year <= 1975) AND (1925 < production_year))
                                                         Rows Removed by Filter: 0
                                                         Buffers: shared hit=179352 read=22040
                                             ->  Hash  (cost=1.10..1.10 rows=3 width=4) (actual time=0.016..0.017 rows=3 loops=1)
                                                   Buckets: 1024  Batches: 1  Memory Usage: 9kB
                                                   Buffers: shared hit=1
                                                   ->  Seq Scan on kind_type kt  (cost=0.00..1.10 rows=3 width=4) (actual time=0.010..0.012 rows=3 loops=1)
                                                         Filter: ((kind)::text = ANY ('{episode,movie,"tv movie"}'::text[]))
                                                         Rows Removed by Filter: 4
                                                         Buffers: shared hit=1
                                       ->  Index Scan using movie_id_movie_info on movie_info mi1  (cost=0.43..43.18 rows=1 width=8) (actual time=0.134..0.134 rows=1 loops=32563)
                                             Index Cond: (movie_id = t.id)
                                             Filter: ((info_type_id = 3) AND ((info)::text = ANY ('{Comedy,Drama,Mystery,Romance,Short}'::text[])))
                                             Rows Removed by Filter: 36
                                             Buffers: shared hit=452395 read=83471
                                 ->  Index Scan using movie_id_cast_info on cast_info ci  (cost=0.44..44.50 rows=38 width=12) (actual time=0.031..0.295 rows=37 loops=37402)
                                       Index Cond: (movie_id = t.id)
                                       Buffers: shared hit=1374496 read=104706
                           ->  Hash  (cost=1.15..1.15 rows=1 width=4) (actual time=0.038..0.038 rows=1 loops=1)
                                 Buckets: 1024  Batches: 1  Memory Usage: 9kB
                                 Buffers: shared hit=1
                                 ->  Seq Scan on role_type rt  (cost=0.00..1.15 rows=1 width=4) (actual time=0.027..0.029 rows=1 loops=1)
                                       Filter: ((role)::text = 'actor'::text)
                                       Rows Removed by Filter: 11
                                       Buffers: shared hit=1
                     ->  Index Scan using name_pkey on name n  (cost=0.43..2.32 rows=1 width=4) (actual time=0.028..0.028 rows=1 loops=764223)
                           Index Cond: (id = ci.person_id)
                           Filter: ((gender)::text = 'm'::text)
                           Buffers: shared hit=3030034 read=26858
               ->  Seq Scan on info_type it1  (cost=0.00..2.41 rows=1 width=4) (actual time=0.009..0.016 rows=1 loops=764223)
                     Filter: (id = 3)
                     Rows Removed by Filter: 112
                     Buffers: shared hit=764223
         ->  Seq Scan on info_type it2  (cost=0.00..2.41 rows=1 width=4) (actual time=0.009..0.015 rows=1 loops=764223)
               Filter: (id = 5)
               Rows Removed by Filter: 112
               Buffers: shared hit=764223
 Planning:
   Buffers: shared hit=484 read=90
 Planning Time: 12.586 ms
 Execution Time: 65567.121 ms
(72 rows)

