                                                                                                        QUERY PLAN                                                                                                         
---------------------------------------------------------------------------------------------------------------------------------------------------------------------------------------------------------------------------
 Aggregate  (cost=484519.10..484519.11 rows=1 width=8) (actual time=10641.047..10641.054 rows=1 loops=1)
   Buffers: shared hit=965228 read=143555
   ->  Nested Loop  (cost=4697.71..484519.08 rows=9 width=0) (actual time=66.350..10627.065 rows=88326 loops=1)
         Buffers: shared hit=965228 read=143555
         ->  Hash Join  (cost=4697.28..484486.60 rows=14 width=4) (actual time=66.302..6313.764 rows=121288 loops=1)
               Hash Cond: (ci.role_id = rt.id)
               Buffers: shared hit=499371 read=124260
               ->  Nested Loop  (cost=4696.11..484485.12 rows=86 width=8) (actual time=66.252..6249.630 rows=209910 loops=1)
                     Buffers: shared hit=499370 read=124260
                     ->  Nested Loop  (cost=4695.67..484222.71 rows=6 width=12) (actual time=66.198..4079.143 rows=4583 loops=1)
                           Buffers: shared hit=335635 read=74592
                           ->  Seq Scan on info_type it2  (cost=0.00..2.41 rows=1 width=4) (actual time=0.036..0.046 rows=1 loops=1)
                                 Filter: (id = 5)
                                 Rows Removed by Filter: 112
                                 Buffers: shared hit=1
                           ->  Nested Loop  (cost=4695.67..484220.24 rows=6 width=16) (actual time=66.160..4077.790 rows=4583 loops=1)
                                 Buffers: shared hit=335634 read=74592
                                 ->  Seq Scan on info_type it1  (cost=0.00..2.41 rows=1 width=4) (actual time=0.007..0.019 rows=1 loops=1)
                                       Filter: (id = 3)
                                       Rows Removed by Filter: 112
                                       Buffers: shared hit=1
                                 ->  Nested Loop  (cost=4695.67..484217.77 rows=6 width=20) (actual time=66.151..4076.442 rows=4583 loops=1)
                                       Buffers: shared hit=335633 read=74592
                                       ->  Hash Join  (cost=4695.23..473503.51 rows=252 width=12) (actual time=20.161..2909.279 rows=12118 loops=1)
                                             Hash Cond: (t.kind_id = kt.id)
                                             Buffers: shared hit=244706 read=44863
                                             ->  Nested Loop  (cost=4694.12..473498.68 rows=881 width=16) (actual time=19.978..2896.033 rows=44518 loops=1)
                                                   Buffers: shared hit=244705 read=44863
                                                   ->  Bitmap Heap Scan on movie_info mi2  (cost=4693.69..463120.39 rows=1278 width=8) (actual time=19.866..575.234 rows=67499 loops=1)
                                                         Recheck Cond: (info_type_id = 5)
                                                         Filter: ((info)::text = ANY ('{Australia:G,Australia:PG,Canada:13+,Germany:18,Singapore:NC-16,"South Korea:15",Switzerland:10,UK:18,USA:R,USA:Unrated}'::text[]))
                                                         Rows Removed by Filter: 419055
                                                         Heap Blocks: exact=19164
                                                         Buffers: shared hit=1977 read=17595
                                                         ->  Bitmap Index Scan on info_type_id_movie_info  (cost=0.00..4693.37 rows=439058 width=0) (actual time=17.283..17.283 rows=486554 loops=1)
                                                               Index Cond: (info_type_id = 5)
                                                               Buffers: shared read=408
                                                   ->  Index Scan using title_pkey on title t  (cost=0.43..8.12 rows=1 width=8) (actual time=0.034..0.034 rows=1 loops=67499)
                                                         Index Cond: (id = mi2.movie_id)
                                                         Filter: ((production_year <= 2015) AND (1990 < production_year))
                                                         Rows Removed by Filter: 0
                                                         Buffers: shared hit=242728 read=27268
                                             ->  Hash  (cost=1.09..1.09 rows=2 width=4) (actual time=0.015..0.016 rows=2 loops=1)
                                                   Buckets: 1024  Batches: 1  Memory Usage: 9kB
                                                   Buffers: shared hit=1
                                                   ->  Seq Scan on kind_type kt  (cost=0.00..1.09 rows=2 width=4) (actual time=0.007..0.008 rows=2 loops=1)
                                                         Filter: ((kind)::text = ANY ('{episode,"video movie"}'::text[]))
                                                         Rows Removed by Filter: 5
                                                         Buffers: shared hit=1
                                       ->  Index Scan using movie_id_movie_info on movie_info mi1  (cost=0.43..42.51 rows=1 width=8) (actual time=0.095..0.096 rows=0 loops=12118)
                                             Index Cond: (movie_id = t.id)
                                             Filter: ((info_type_id = 3) AND ((info)::text = ANY ('{Action,Animation,Comedy,Crime,Drama,Horror,Sci-Fi}'::text[])))
                                             Rows Removed by Filter: 11
                                             Buffers: shared hit=90927 read=29729
                     ->  Index Scan using movie_id_cast_info on cast_info ci  (cost=0.44..43.36 rows=38 width=12) (actual time=0.038..0.461 rows=46 loops=4583)
                           Index Cond: (movie_id = t.id)
                           Buffers: shared hit=163735 read=49668
               ->  Hash  (cost=1.15..1.15 rows=2 width=4) (actual time=0.029..0.030 rows=2 loops=1)
                     Buckets: 1024  Batches: 1  Memory Usage: 9kB
                     Buffers: shared hit=1
                     ->  Seq Scan on role_type rt  (cost=0.00..1.15 rows=2 width=4) (actual time=0.022..0.024 rows=2 loops=1)
                           Filter: ((role)::text = ANY ('{actor,"miscellaneous crew"}'::text[]))
                           Rows Removed by Filter: 10
                           Buffers: shared hit=1
         ->  Index Scan using name_pkey on name n  (cost=0.43..2.32 rows=1 width=4) (actual time=0.035..0.035 rows=1 loops=121288)
               Index Cond: (id = ci.person_id)
               Filter: ((gender)::text = ANY ('{f,m}'::text[]))
               Rows Removed by Filter: 0
               Buffers: shared hit=465857 read=19295
 Planning:
   Buffers: shared hit=485 read=89
 Planning Time: 13.549 ms
 Execution Time: 10641.687 ms
(73 rows)

