                                                                                                                       QUERY PLAN                                                                                                                        
---------------------------------------------------------------------------------------------------------------------------------------------------------------------------------------------------------------------------------------------------------
 Aggregate  (cost=535068.67..535068.68 rows=1 width=8) (actual time=66501.074..66501.081 rows=1 loops=1)
   Buffers: shared hit=6378364 read=534561
   ->  Nested Loop  (cost=4697.73..535068.66 rows=7 width=0) (actual time=42.541..66484.999 rows=39150 loops=1)
         Buffers: shared hit=6378364 read=534561
         ->  Seq Scan on info_type it2  (cost=0.00..2.41 rows=1 width=4) (actual time=0.034..0.044 rows=1 loops=1)
               Filter: (id = 5)
               Rows Removed by Filter: 112
               Buffers: shared hit=1
         ->  Nested Loop  (cost=4697.73..535066.17 rows=7 width=4) (actual time=42.506..66474.200 rows=39150 loops=1)
               Buffers: shared hit=6378363 read=534561
               ->  Seq Scan on info_type it1  (cost=0.00..2.41 rows=1 width=4) (actual time=0.006..0.019 rows=1 loops=1)
                     Filter: (id = 3)
                     Rows Removed by Filter: 112
                     Buffers: shared hit=1
               ->  Nested Loop  (cost=4697.73..535063.69 rows=7 width=8) (actual time=42.497..66462.768 rows=39150 loops=1)
                     Buffers: shared hit=6378362 read=534561
                     ->  Hash Join  (cost=4697.30..535024.26 rows=17 width=12) (actual time=20.961..64095.626 rows=64978 loops=1)
                           Hash Cond: (ci.role_id = rt.id)
                           Buffers: shared hit=6131077 read=521934
                           ->  Nested Loop  (cost=4696.13..535022.38 rows=201 width=16) (actual time=20.637..63119.936 rows=5318757 loops=1)
                                 Buffers: shared hit=6131076 read=521934
                                 ->  Nested Loop  (cost=4695.69..534410.08 rows=14 width=20) (actual time=20.599..13139.902 rows=62032 loops=1)
                                       Buffers: shared hit=1120467 read=157005
                                       ->  Hash Join  (cost=4695.26..518145.75 rows=383 width=12) (actual time=19.279..3609.998 rows=48402 loops=1)
                                             Hash Cond: (t.kind_id = kt.id)
                                             Buffers: shared hit=307455 read=37794
                                             ->  Nested Loop  (cost=4694.12..518140.84 rows=894 width=16) (actual time=18.622..3576.201 rows=55039 loops=1)
                                                   Buffers: shared hit=307454 read=37794
                                                   ->  Bitmap Heap Scan on movie_info mi2  (cost=4693.69..507613.95 rows=1297 width=8) (actual time=18.576..673.826 rows=81419 loops=1)
                                                         Recheck Cond: (info_type_id = 5)
                                                         Filter: ((info)::text = ANY ('{Argentina:Unrated,Australia:M,Canada:PG,France:U,India:U,Netherlands:16,Singapore:M18,"South Korea:18",Sweden:15,Switzerland:7,UK:15,USA:PG-13,USA:R}'::text[]))
                                                         Rows Removed by Filter: 405135
                                                         Heap Blocks: exact=19164
                                                         Buffers: shared hit=4460 read=15112
                                                         ->  Bitmap Index Scan on info_type_id_movie_info  (cost=0.00..4693.37 rows=439058 width=0) (actual time=15.944..15.944 rows=486554 loops=1)
                                                               Index Cond: (info_type_id = 5)
                                                               Buffers: shared read=408
                                                   ->  Index Scan using title_pkey on title t  (cost=0.43..8.12 rows=1 width=8) (actual time=0.035..0.035 rows=1 loops=81419)
                                                         Index Cond: (id = mi2.movie_id)
                                                         Filter: ((production_year <= 2015) AND (1990 < production_year))
                                                         Rows Removed by Filter: 0
                                                         Buffers: shared hit=302994 read=22682
                                             ->  Hash  (cost=1.10..1.10 rows=3 width=4) (actual time=0.012..0.013 rows=3 loops=1)
                                                   Buckets: 1024  Batches: 1  Memory Usage: 9kB
                                                   Buffers: shared hit=1
                                                   ->  Seq Scan on kind_type kt  (cost=0.00..1.10 rows=3 width=4) (actual time=0.007..0.008 rows=3 loops=1)
                                                         Filter: ((kind)::text = ANY ('{episode,movie,"video movie"}'::text[]))
                                                         Rows Removed by Filter: 4
                                                         Buffers: shared hit=1
                                       ->  Index Scan using movie_id_movie_info on movie_info mi1  (cost=0.43..42.46 rows=1 width=8) (actual time=0.194..0.196 rows=1 loops=48402)
                                             Index Cond: (movie_id = t.id)
                                             Filter: ((info_type_id = 3) AND ((info)::text = ANY ('{Comedy,Crime,Drama,Mystery,Short,Thriller}'::text[])))
                                             Rows Removed by Filter: 87
                                             Buffers: shared hit=813012 read=119211
                                 ->  Index Scan using movie_id_cast_info on cast_info ci  (cost=0.44..43.36 rows=38 width=12) (actual time=0.037..0.781 rows=86 loops=62032)
                                       Index Cond: (movie_id = t.id)
                                       Buffers: shared hit=5010609 read=364929
                           ->  Hash  (cost=1.15..1.15 rows=1 width=4) (actual time=0.012..0.012 rows=1 loops=1)
                                 Buckets: 1024  Batches: 1  Memory Usage: 9kB
                                 Buffers: shared hit=1
                                 ->  Seq Scan on role_type rt  (cost=0.00..1.15 rows=1 width=4) (actual time=0.007..0.008 rows=1 loops=1)
                                       Filter: ((role)::text = 'composer'::text)
                                       Rows Removed by Filter: 11
                                       Buffers: shared hit=1
                     ->  Index Scan using name_pkey on name n  (cost=0.43..2.32 rows=1 width=4) (actual time=0.035..0.035 rows=1 loops=64978)
                           Index Cond: (id = ci.person_id)
                           Filter: ((gender)::text = 'm'::text)
                           Rows Removed by Filter: 0
                           Buffers: shared hit=247285 read=12627
 Planning:
   Buffers: shared hit=503 read=71
 Planning Time: 11.833 ms
 Execution Time: 66501.646 ms
(73 rows)

