                                                                                             QUERY PLAN                                                                                              
-----------------------------------------------------------------------------------------------------------------------------------------------------------------------------------------------------
 Aggregate  (cost=363601.89..363601.90 rows=1 width=8) (actual time=6052.134..6052.140 rows=1 loops=1)
   Buffers: shared hit=450030 read=180315
   ->  Nested Loop  (cost=4697.49..363601.89 rows=1 width=0) (actual time=43.969..6051.880 rows=707 loops=1)
         Buffers: shared hit=450030 read=180315
         ->  Hash Join  (cost=4697.06..363599.57 rows=1 width=4) (actual time=33.939..5582.625 rows=13780 loops=1)
               Hash Cond: (ci.role_id = rt.id)
               Buffers: shared hit=404982 read=170243
               ->  Nested Loop  (cost=4695.89..363598.36 rows=14 width=8) (actual time=33.650..5540.041 rows=296412 loops=1)
                     Buffers: shared hit=404981 read=170243
                     ->  Nested Loop  (cost=4695.45..363553.98 rows=1 width=12) (actual time=33.602..2735.245 rows=5882 loops=1)
                           Buffers: shared hit=175602 read=91573
                           ->  Nested Loop  (cost=4695.45..363551.56 rows=1 width=16) (actual time=33.587..2629.306 rows=5882 loops=1)
                                 Buffers: shared hit=169720 read=91573
                                 ->  Nested Loop  (cost=4695.45..363549.14 rows=1 width=20) (actual time=33.560..2522.665 rows=5882 loops=1)
                                       Buffers: shared hit=163838 read=91573
                                       ->  Hash Join  (cost=4695.02..362182.97 rows=32 width=12) (actual time=33.440..1063.037 rows=8122 loops=1)
                                             Hash Cond: (t.kind_id = kt.id)
                                             Buffers: shared hit=77387 read=31506
                                             ->  Nested Loop  (cost=4693.89..362181.52 rows=74 width=16) (actual time=19.398..1059.474 rows=8292 loops=1)
                                                   Buffers: shared hit=77386 read=31506
                                                   ->  Bitmap Heap Scan on movie_info mi2  (cost=4693.46..359301.86 rows=344 width=8) (actual time=19.354..344.340 rows=22330 loops=1)
                                                         Recheck Cond: (info_type_id = 5)
                                                         Filter: ((info)::text = ANY ('{Iceland:16,Iceland:L,USA:Approved}'::text[]))
                                                         Rows Removed by Filter: 464224
                                                         Heap Blocks: exact=19164
                                                         Buffers: shared hit=1603 read=17969
                                                         ->  Bitmap Index Scan on info_type_id_movie_info  (cost=0.00..4693.37 rows=439058 width=0) (actual time=16.488..16.489 rows=486554 loops=1)
                                                               Index Cond: (info_type_id = 5)
                                                               Buffers: shared read=408
                                                   ->  Index Scan using title_pkey on title t  (cost=0.43..8.37 rows=1 width=8) (actual time=0.032..0.032 rows=0 loops=22330)
                                                         Index Cond: (id = mi2.movie_id)
                                                         Filter: ((production_year <= 1990) AND (1950 < production_year))
                                                         Rows Removed by Filter: 1
                                                         Buffers: shared hit=75783 read=13537
                                             ->  Hash  (cost=1.10..1.10 rows=3 width=4) (actual time=0.016..0.017 rows=3 loops=1)
                                                   Buckets: 1024  Batches: 1  Memory Usage: 9kB
                                                   Buffers: shared hit=1
                                                   ->  Seq Scan on kind_type kt  (cost=0.00..1.10 rows=3 width=4) (actual time=0.010..0.012 rows=3 loops=1)
                                                         Filter: ((kind)::text = ANY ('{episode,movie,"tv movie"}'::text[]))
                                                         Rows Removed by Filter: 4
                                                         Buffers: shared hit=1
                                       ->  Index Scan using movie_id_movie_info on movie_info mi1  (cost=0.43..42.68 rows=1 width=8) (actual time=0.178..0.179 rows=1 loops=8122)
                                             Index Cond: (movie_id = t.id)
                                             Filter: (((info)::text = ANY ('{Comedy,Drama}'::text[])) AND (info_type_id = 3))
                                             Rows Removed by Filter: 58
                                             Buffers: shared hit=86451 read=60067
                                 ->  Seq Scan on info_type it1  (cost=0.00..2.41 rows=1 width=4) (actual time=0.009..0.016 rows=1 loops=5882)
                                       Filter: (id = 3)
                                       Rows Removed by Filter: 112
                                       Buffers: shared hit=5882
                           ->  Seq Scan on info_type it2  (cost=0.00..2.41 rows=1 width=4) (actual time=0.009..0.016 rows=1 loops=5882)
                                 Filter: (id = 5)
                                 Rows Removed by Filter: 112
                                 Buffers: shared hit=5882
                     ->  Index Scan using movie_id_cast_info on cast_info ci  (cost=0.44..43.99 rows=38 width=12) (actual time=0.035..0.466 rows=50 loops=5882)
                           Index Cond: (movie_id = t.id)
                           Buffers: shared hit=229379 read=78670
               ->  Hash  (cost=1.15..1.15 rows=1 width=4) (actual time=0.034..0.035 rows=1 loops=1)
                     Buckets: 1024  Batches: 1  Memory Usage: 9kB
                     Buffers: shared hit=1
                     ->  Seq Scan on role_type rt  (cost=0.00..1.15 rows=1 width=4) (actual time=0.027..0.029 rows=1 loops=1)
                           Filter: ((role)::text = 'writer'::text)
                           Rows Removed by Filter: 11
                           Buffers: shared hit=1
         ->  Index Scan using name_pkey on name n  (cost=0.43..2.32 rows=1 width=4) (actual time=0.034..0.034 rows=0 loops=13780)
               Index Cond: (id = ci.person_id)
               Filter: ((gender)::text = 'f'::text)
               Rows Removed by Filter: 1
               Buffers: shared hit=45048 read=10072
 Planning:
   Buffers: shared hit=483 read=91
 Planning Time: 12.990 ms
 Execution Time: 6052.740 ms
(73 rows)

