                                                                                                              QUERY PLAN                                                                                                               
---------------------------------------------------------------------------------------------------------------------------------------------------------------------------------------------------------------------------------------
 Aggregate  (cost=488046.84..488046.85 rows=1 width=8) (actual time=50860.038..50860.045 rows=1 loops=1)
   Buffers: shared hit=4791417 read=507986
   ->  Nested Loop  (cost=4697.52..488046.83 rows=2 width=0) (actual time=35.261..50835.814 rows=102405 loops=1)
         Buffers: shared hit=4791417 read=507986
         ->  Seq Scan on info_type it2  (cost=0.00..2.41 rows=1 width=4) (actual time=0.048..0.057 rows=1 loops=1)
               Filter: (id = 5)
               Rows Removed by Filter: 112
               Buffers: shared hit=1
         ->  Nested Loop  (cost=4697.52..488044.40 rows=2 width=4) (actual time=35.211..50812.798 rows=102405 loops=1)
               Buffers: shared hit=4791416 read=507986
               ->  Seq Scan on info_type it1  (cost=0.00..2.41 rows=1 width=4) (actual time=0.014..0.024 rows=1 loops=1)
                     Filter: (id = 3)
                     Rows Removed by Filter: 112
                     Buffers: shared hit=1
               ->  Nested Loop  (cost=4697.52..488041.97 rows=2 width=8) (actual time=35.194..50787.204 rows=102405 loops=1)
                     Buffers: shared hit=4791415 read=507986
                     ->  Hash Join  (cost=4697.09..488032.69 rows=4 width=12) (actual time=35.139..42353.879 rows=233059 loops=1)
                           Hash Cond: (ci.role_id = rt.id)
                           Buffers: shared hit=3898577 read=468588
                           ->  Nested Loop  (cost=4695.93..488031.37 rows=43 width=16) (actual time=34.789..41694.973 rows=3376431 loops=1)
                                 Buffers: shared hit=3898576 read=468588
                                 ->  Nested Loop  (cost=4695.49..487900.17 rows=3 width=20) (actual time=34.743..10046.025 rows=35799 loops=1)
                                       Buffers: shared hit=813228 read=151368
                                       ->  Hash Join  (cost=4695.05..481934.19 rows=141 width=12) (actual time=20.148..2755.097 rows=35845 loops=1)
                                             Hash Cond: (t.kind_id = kt.id)
                                             Buffers: shared hit=216970 read=39207
                                             ->  Nested Loop  (cost=4693.92..481931.67 rows=329 width=16) (actual time=19.494..2731.535 rows=42883 loops=1)
                                                   Buffers: shared hit=216969 read=39207
                                                   ->  Bitmap Heap Scan on movie_info mi2  (cost=4693.49..477951.37 rows=478 width=8) (actual time=19.447..619.078 rows=59151 loops=1)
                                                         Recheck Cond: (info_type_id = 5)
                                                         Filter: ((info)::text = ANY ('{Argentina:13,Australia:M,Australia:MA,Finland:K-15,Germany:16,Germany:6,Iceland:L,Portugal:M/12,Singapore:M18,Switzerland:14,UK:PG}'::text[]))
                                                         Rows Removed by Filter: 427403
                                                         Heap Blocks: exact=19164
                                                         Buffers: shared hit=4326 read=15246
                                                         ->  Bitmap Index Scan on info_type_id_movie_info  (cost=0.00..4693.37 rows=439058 width=0) (actual time=16.814..16.814 rows=486554 loops=1)
                                                               Index Cond: (info_type_id = 5)
                                                               Buffers: shared read=408
                                                   ->  Index Scan using title_pkey on title t  (cost=0.43..8.33 rows=1 width=8) (actual time=0.035..0.035 rows=1 loops=59151)
                                                         Index Cond: (id = mi2.movie_id)
                                                         Filter: ((production_year <= 2015) AND (1990 < production_year))
                                                         Rows Removed by Filter: 0
                                                         Buffers: shared hit=212643 read=23961
                                             ->  Hash  (cost=1.10..1.10 rows=3 width=4) (actual time=0.018..0.019 rows=3 loops=1)
                                                   Buckets: 1024  Batches: 1  Memory Usage: 9kB
                                                   Buffers: shared hit=1
                                                   ->  Seq Scan on kind_type kt  (cost=0.00..1.10 rows=3 width=4) (actual time=0.011..0.013 rows=3 loops=1)
                                                         Filter: ((kind)::text = ANY ('{episode,movie,"video movie"}'::text[]))
                                                         Rows Removed by Filter: 4
                                                         Buffers: shared hit=1
                                       ->  Index Scan using movie_id_movie_info on movie_info mi1  (cost=0.43..42.30 rows=1 width=8) (actual time=0.202..0.202 rows=1 loops=35845)
                                             Index Cond: (movie_id = t.id)
                                             Filter: ((info_type_id = 3) AND ((info)::text = ANY ('{Comedy,Drama,Thriller}'::text[])))
                                             Rows Removed by Filter: 97
                                             Buffers: shared hit=596258 read=112161
                                 ->  Index Scan using movie_id_cast_info on cast_info ci  (cost=0.44..43.36 rows=38 width=12) (actual time=0.037..0.858 rows=94 loops=35799)
                                       Index Cond: (movie_id = t.id)
                                       Buffers: shared hit=3085348 read=317220
                           ->  Hash  (cost=1.15..1.15 rows=1 width=4) (actual time=0.018..0.019 rows=1 loops=1)
                                 Buckets: 1024  Batches: 1  Memory Usage: 9kB
                                 Buffers: shared hit=1
                                 ->  Seq Scan on role_type rt  (cost=0.00..1.15 rows=1 width=4) (actual time=0.010..0.012 rows=1 loops=1)
                                       Filter: ((role)::text = 'producer'::text)
                                       Rows Removed by Filter: 11
                                       Buffers: shared hit=1
                     ->  Index Scan using name_pkey on name n  (cost=0.43..2.32 rows=1 width=4) (actual time=0.036..0.036 rows=0 loops=233059)
                           Index Cond: (id = ci.person_id)
                           Filter: ((gender)::text = 'm'::text)
                           Rows Removed by Filter: 1
                           Buffers: shared hit=892838 read=39398
 Planning:
   Buffers: shared hit=501 read=73
 Planning Time: 13.914 ms
 Execution Time: 50860.756 ms
(73 rows)

