                                                                                             QUERY PLAN                                                                                              
-----------------------------------------------------------------------------------------------------------------------------------------------------------------------------------------------------
 Aggregate  (cost=359730.81..359730.82 rows=1 width=8) (actual time=5399.061..5399.067 rows=1 loops=1)
   Buffers: shared hit=407159 read=153759
   ->  Nested Loop  (cost=4696.42..359730.80 rows=1 width=0) (actual time=34.787..5397.631 rows=6495 loops=1)
         Buffers: shared hit=407159 read=153759
         ->  Hash Join  (cost=4695.99..359726.17 rows=2 width=4) (actual time=34.738..5068.029 rows=9733 loops=1)
               Hash Cond: (ci.role_id = rt.id)
               Buffers: shared hit=372271 read=149715
               ->  Nested Loop  (cost=4694.82..359724.94 rows=14 width=8) (actual time=34.337..5026.328 rows=290373 loops=1)
                     Buffers: shared hit=372270 read=149715
                     ->  Nested Loop  (cost=4694.38..359680.57 rows=1 width=12) (actual time=34.297..2322.474 rows=5447 loops=1)
                           Buffers: shared hit=138115 read=81897
                           ->  Nested Loop  (cost=4694.38..359678.15 rows=1 width=16) (actual time=34.292..2222.726 rows=5447 loops=1)
                                 Buffers: shared hit=132668 read=81897
                                 ->  Nested Loop  (cost=4694.38..359675.72 rows=1 width=20) (actual time=34.267..2123.634 rows=5447 loops=1)
                                       Buffers: shared hit=127221 read=81897
                                       ->  Nested Loop  (cost=4693.94..359590.24 rows=2 width=12) (actual time=34.137..888.064 rows=6900 loops=1)
                                             Buffers: shared hit=53420 read=28350
                                             ->  Nested Loop  (cost=4693.81..359589.17 rows=7 width=16) (actual time=20.989..775.679 rows=7099 loops=1)
                                                   Buffers: shared hit=39222 read=28350
                                                   ->  Bitmap Heap Scan on movie_info mi2  (cost=4693.38..359301.78 rows=34 width=8) (actual time=20.945..350.475 rows=12000 loops=1)
                                                         Recheck Cond: (info_type_id = 5)
                                                         Filter: ((info)::text = ANY ('{Iceland:16,Sweden:11,"West Germany:12"}'::text[]))
                                                         Rows Removed by Filter: 474554
                                                         Heap Blocks: exact=19164
                                                         Buffers: shared hit=1499 read=18073
                                                         ->  Bitmap Index Scan on info_type_id_movie_info  (cost=0.00..4693.37 rows=439058 width=0) (actual time=18.066..18.067 rows=486554 loops=1)
                                                               Index Cond: (info_type_id = 5)
                                                               Buffers: shared read=408
                                                   ->  Index Scan using title_pkey on title t  (cost=0.43..8.45 rows=1 width=8) (actual time=0.035..0.035 rows=1 loops=12000)
                                                         Index Cond: (id = mi2.movie_id)
                                                         Filter: ((production_year <= 1990) AND (1950 < production_year))
                                                         Rows Removed by Filter: 0
                                                         Buffers: shared hit=37723 read=10277
                                             ->  Index Scan using kind_type_pkey on kind_type kt  (cost=0.13..0.15 rows=1 width=4) (actual time=0.015..0.015 rows=1 loops=7099)
                                                   Index Cond: (id = t.kind_id)
                                                   Filter: ((kind)::text = ANY ('{movie,"tv movie"}'::text[]))
                                                   Rows Removed by Filter: 0
                                                   Buffers: shared hit=14198
                                       ->  Index Scan using movie_id_movie_info on movie_info mi1  (cost=0.43..42.73 rows=1 width=8) (actual time=0.178..0.178 rows=1 loops=6900)
                                             Index Cond: (movie_id = t.id)
                                             Filter: ((info_type_id = 3) AND ((info)::text = ANY ('{Crime,Drama,Romance}'::text[])))
                                             Rows Removed by Filter: 67
                                             Buffers: shared hit=73801 read=53547
                                 ->  Seq Scan on info_type it1  (cost=0.00..2.41 rows=1 width=4) (actual time=0.009..0.016 rows=1 loops=5447)
                                       Filter: (id = 3)
                                       Rows Removed by Filter: 112
                                       Buffers: shared hit=5447
                           ->  Seq Scan on info_type it2  (cost=0.00..2.41 rows=1 width=4) (actual time=0.010..0.017 rows=1 loops=5447)
                                 Filter: (id = 5)
                                 Rows Removed by Filter: 112
                                 Buffers: shared hit=5447
                     ->  Index Scan using movie_id_cast_info on cast_info ci  (cost=0.44..43.99 rows=38 width=12) (actual time=0.034..0.485 rows=53 loops=5447)
                           Index Cond: (movie_id = t.id)
                           Buffers: shared hit=234155 read=67818
               ->  Hash  (cost=1.15..1.15 rows=2 width=4) (actual time=0.037..0.037 rows=2 loops=1)
                     Buckets: 1024  Batches: 1  Memory Usage: 9kB
                     Buffers: shared hit=1
                     ->  Seq Scan on role_type rt  (cost=0.00..1.15 rows=2 width=4) (actual time=0.024..0.026 rows=2 loops=1)
                           Filter: ((role)::text = ANY ('{"costume designer",director}'::text[]))
                           Rows Removed by Filter: 10
                           Buffers: shared hit=1
         ->  Index Scan using name_pkey on name n  (cost=0.43..2.32 rows=1 width=4) (actual time=0.033..0.033 rows=1 loops=9733)
               Index Cond: (id = ci.person_id)
               Filter: ((gender)::text = ANY ('{f,m}'::text[]))
               Rows Removed by Filter: 0
               Buffers: shared hit=34888 read=4044
 Planning:
   Buffers: shared hit=483 read=91
 Planning Time: 14.559 ms
 Execution Time: 5399.696 ms
(70 rows)

