                                                                                                                 QUERY PLAN                                                                                                                 
--------------------------------------------------------------------------------------------------------------------------------------------------------------------------------------------------------------------------------------------
 Aggregate  (cost=522872.36..522872.37 rows=1 width=8) (actual time=7262.676..7262.683 rows=1 loops=1)
   Buffers: shared hit=590070 read=165597
   ->  Nested Loop  (cost=4697.69..522872.34 rows=8 width=0) (actual time=23.621..7262.260 rows=1011 loops=1)
         Buffers: shared hit=590070 read=165597
         ->  Seq Scan on info_type it2  (cost=0.00..2.41 rows=1 width=4) (actual time=0.045..0.054 rows=1 loops=1)
               Filter: (id = 5)
               Rows Removed by Filter: 112
               Buffers: shared hit=1
         ->  Nested Loop  (cost=4697.69..522869.84 rows=8 width=4) (actual time=23.574..7261.954 rows=1011 loops=1)
               Buffers: shared hit=590069 read=165597
               ->  Seq Scan on info_type it1  (cost=0.00..2.41 rows=1 width=4) (actual time=0.009..0.020 rows=1 loops=1)
                     Filter: (id = 3)
                     Rows Removed by Filter: 112
                     Buffers: shared hit=1
               ->  Nested Loop  (cost=4697.69..522867.35 rows=8 width=8) (actual time=23.562..7261.657 rows=1011 loops=1)
                     Buffers: shared hit=590068 read=165597
                     ->  Hash Join  (cost=4697.26..522825.60 rows=18 width=12) (actual time=21.184..7042.662 rows=6043 loops=1)
                           Hash Cond: (ci.role_id = rt.id)
                           Buffers: shared hit=569085 read=162408
                           ->  Nested Loop  (cost=4696.10..522823.67 rows=215 width=16) (actual time=19.511..7000.550 rows=279291 loops=1)
                                 Buffers: shared hit=569084 read=162408
                                 ->  Nested Loop  (cost=4695.66..522168.78 rows=15 width=20) (actual time=19.469..4168.182 rows=8012 loops=1)
                                       Buffers: shared hit=351773 read=85560
                                       ->  Hash Join  (cost=4695.23..502313.44 rows=467 width=12) (actual time=19.261..3117.749 rows=6974 loops=1)
                                             Hash Cond: (t.kind_id = kt.id)
                                             Buffers: shared hit=292860 read=43061
                                             ->  Nested Loop  (cost=4694.09..502307.70 rows=1090 width=16) (actual time=19.210..3100.548 rows=78490 loops=1)
                                                   Buffers: shared hit=292859 read=43061
                                                   ->  Bitmap Heap Scan on movie_info mi2  (cost=4693.66..492782.73 rows=1169 width=8) (actual time=19.160..545.334 rows=79087 loops=1)
                                                         Recheck Cond: (info_type_id = 5)
                                                         Filter: ((info)::text = ANY ('{Australia:PG,Finland:K-16,Finland:S,Germany:12,Netherlands:12,Netherlands:AL,Singapore:NC-16,UK:18,USA:Approved,USA:G,USA:PG,USA:Passed}'::text[]))
                                                         Rows Removed by Filter: 407467
                                                         Heap Blocks: exact=19164
                                                         Buffers: shared hit=1702 read=17870
                                                         ->  Bitmap Index Scan on info_type_id_movie_info  (cost=0.00..4693.37 rows=439058 width=0) (actual time=16.609..16.609 rows=486554 loops=1)
                                                               Index Cond: (info_type_id = 5)
                                                               Buffers: shared read=408
                                                   ->  Index Scan using title_pkey on title t  (cost=0.43..8.15 rows=1 width=8) (actual time=0.032..0.032 rows=1 loops=79087)
                                                         Index Cond: (id = mi2.movie_id)
                                                         Filter: ((production_year <= 2015) AND (1925 < production_year))
                                                         Rows Removed by Filter: 0
                                                         Buffers: shared hit=291157 read=25191
                                             ->  Hash  (cost=1.10..1.10 rows=3 width=4) (actual time=0.019..0.020 rows=3 loops=1)
                                                   Buckets: 1024  Batches: 1  Memory Usage: 9kB
                                                   Buffers: shared hit=1
                                                   ->  Seq Scan on kind_type kt  (cost=0.00..1.10 rows=3 width=4) (actual time=0.011..0.012 rows=3 loops=1)
                                                         Filter: ((kind)::text = ANY ('{"tv movie","tv series","video game"}'::text[]))
                                                         Rows Removed by Filter: 4
                                                         Buffers: shared hit=1
                                       ->  Index Scan using movie_id_movie_info on movie_info mi1  (cost=0.43..42.51 rows=1 width=8) (actual time=0.147..0.150 rows=1 loops=6974)
                                             Index Cond: (movie_id = t.id)
                                             Filter: ((info_type_id = 3) AND ((info)::text = ANY ('{Animation,Comedy,Documentary,Drama,Family,Romance,Thriller,Western}'::text[])))
                                             Rows Removed by Filter: 32
                                             Buffers: shared hit=58913 read=42499
                                 ->  Index Scan using movie_id_cast_info on cast_info ci  (cost=0.44..43.28 rows=38 width=12) (actual time=0.034..0.345 rows=35 loops=8012)
                                       Index Cond: (movie_id = t.id)
                                       Buffers: shared hit=217311 read=76848
                           ->  Hash  (cost=1.15..1.15 rows=1 width=4) (actual time=0.017..0.017 rows=1 loops=1)
                                 Buckets: 1024  Batches: 1  Memory Usage: 9kB
                                 Buffers: shared hit=1
                                 ->  Seq Scan on role_type rt  (cost=0.00..1.15 rows=1 width=4) (actual time=0.010..0.011 rows=1 loops=1)
                                       Filter: ((role)::text = 'editor'::text)
                                       Rows Removed by Filter: 11
                                       Buffers: shared hit=1
                     ->  Index Scan using name_pkey on name n  (cost=0.43..2.32 rows=1 width=4) (actual time=0.036..0.036 rows=0 loops=6043)
                           Index Cond: (id = ci.person_id)
                           Filter: ((gender)::text = 'm'::text)
                           Rows Removed by Filter: 1
                           Buffers: shared hit=20983 read=3189
 Planning:
   Buffers: shared hit=503 read=71
 Planning Time: 13.284 ms
 Execution Time: 7263.348 ms
(73 rows)

