                                                                                                                              QUERY PLAN                                                                                                                               
-----------------------------------------------------------------------------------------------------------------------------------------------------------------------------------------------------------------------------------------------------------------------
 Aggregate  (cost=543992.19..543992.20 rows=1 width=8) (actual time=7021.200..7021.207 rows=1 loops=1)
   Buffers: shared hit=637612 read=91158
   ->  Nested Loop  (cost=4697.65..543992.18 rows=4 width=0) (actual time=31.044..7020.666 rows=1439 loops=1)
         Buffers: shared hit=637612 read=91158
         ->  Seq Scan on info_type it2  (cost=0.00..2.41 rows=1 width=4) (actual time=0.038..0.047 rows=1 loops=1)
               Filter: (id = 5)
               Rows Removed by Filter: 112
               Buffers: shared hit=1
         ->  Nested Loop  (cost=4697.65..543989.73 rows=4 width=4) (actual time=31.004..7020.271 rows=1439 loops=1)
               Buffers: shared hit=637611 read=91158
               ->  Seq Scan on info_type it1  (cost=0.00..2.41 rows=1 width=4) (actual time=0.007..0.018 rows=1 loops=1)
                     Filter: (id = 3)
                     Rows Removed by Filter: 112
                     Buffers: shared hit=1
               ->  Nested Loop  (cost=4697.65..543987.28 rows=4 width=8) (actual time=30.995..7019.882 rows=1439 loops=1)
                     Buffers: shared hit=637610 read=91158
                     ->  Hash Join  (cost=4697.22..543964.08 rows=10 width=12) (actual time=30.957..6888.862 rows=3296 loops=1)
                           Hash Cond: (ci.role_id = rt.id)
                           Buffers: shared hit=625863 read=89721
                           ->  Nested Loop  (cost=4696.06..543962.51 rows=115 width=16) (actual time=30.636..6856.183 rows=205096 loops=1)
                                 Buffers: shared hit=625862 read=89721
                                 ->  Nested Loop  (cost=4695.62..543613.23 rows=8 width=20) (actual time=30.599..4822.902 rows=3861 loops=1)
                                       Buffers: shared hit=452490 read=54519
                                       ->  Hash Join  (cost=4695.18..531325.88 rows=289 width=12) (actual time=19.824..3163.690 rows=14815 loops=1)
                                             Hash Cond: (t.kind_id = kt.id)
                                             Buffers: shared hit=298188 read=31537
                                             ->  Nested Loop  (cost=4694.07..531320.50 rows=1012 width=16) (actual time=19.640..3142.755 rows=76815 loops=1)
                                                   Buffers: shared hit=298187 read=31537
                                                   ->  Bitmap Heap Scan on movie_info mi2  (cost=4693.64..522445.08 rows=1086 width=8) (actual time=19.596..618.485 rows=77538 loops=1)
                                                         Recheck Cond: (info_type_id = 5)
                                                         Filter: ((info)::text = ANY ('{Argentina:Atp,Canada:G,Germany:18,Netherlands:16,Singapore:M18,Singapore:PG,Sweden:11,Sweden:Btl,UK:15,UK:18,USA:PG,USA:Passed,"West Germany:12","West Germany:18"}'::text[]))
                                                         Rows Removed by Filter: 409016
                                                         Heap Blocks: exact=19164
                                                         Buffers: shared hit=1276 read=18296
                                                         ->  Bitmap Index Scan on info_type_id_movie_info  (cost=0.00..4693.37 rows=439058 width=0) (actual time=16.714..16.714 rows=486554 loops=1)
                                                               Index Cond: (info_type_id = 5)
                                                               Buffers: shared read=408
                                                   ->  Index Scan using title_pkey on title t  (cost=0.43..8.17 rows=1 width=8) (actual time=0.032..0.032 rows=1 loops=77538)
                                                         Index Cond: (id = mi2.movie_id)
                                                         Filter: ((production_year <= 2015) AND (1925 < production_year))
                                                         Rows Removed by Filter: 0
                                                         Buffers: shared hit=296911 read=13241
                                             ->  Hash  (cost=1.09..1.09 rows=2 width=4) (actual time=0.016..0.016 rows=2 loops=1)
                                                   Buckets: 1024  Batches: 1  Memory Usage: 9kB
                                                   Buffers: shared hit=1
                                                   ->  Seq Scan on kind_type kt  (cost=0.00..1.09 rows=2 width=4) (actual time=0.010..0.011 rows=2 loops=1)
                                                         Filter: ((kind)::text = ANY ('{episode,"video movie"}'::text[]))
                                                         Rows Removed by Filter: 5
                                                         Buffers: shared hit=1
                                       ->  Index Scan using movie_id_movie_info on movie_info mi1  (cost=0.43..42.51 rows=1 width=8) (actual time=0.111..0.111 rows=0 loops=14815)
                                             Index Cond: (movie_id = t.id)
                                             Filter: ((info_type_id = 3) AND ((info)::text = ANY ('{Action,Adventure,Comedy,Drama,Family,Horror,Romance,Thriller}'::text[])))
                                             Rows Removed by Filter: 14
                                             Buffers: shared hit=154302 read=22982
                                 ->  Index Scan using movie_id_cast_info on cast_info ci  (cost=0.44..43.28 rows=38 width=12) (actual time=0.037..0.513 rows=53 loops=3861)
                                       Index Cond: (movie_id = t.id)
                                       Buffers: shared hit=173372 read=35202
                           ->  Hash  (cost=1.15..1.15 rows=1 width=4) (actual time=0.013..0.014 rows=1 loops=1)
                                 Buckets: 1024  Batches: 1  Memory Usage: 9kB
                                 Buffers: shared hit=1
                                 ->  Seq Scan on role_type rt  (cost=0.00..1.15 rows=1 width=4) (actual time=0.008..0.009 rows=1 loops=1)
                                       Filter: ((role)::text = 'cinematographer'::text)
                                       Rows Removed by Filter: 11
                                       Buffers: shared hit=1
                     ->  Index Scan using name_pkey on name n  (cost=0.43..2.32 rows=1 width=4) (actual time=0.039..0.039 rows=0 loops=3296)
                           Index Cond: (id = ci.person_id)
                           Filter: ((gender)::text = 'm'::text)
                           Rows Removed by Filter: 1
                           Buffers: shared hit=11747 read=1437
 Planning:
   Buffers: shared hit=521 read=53
 Planning Time: 13.188 ms
 Execution Time: 7021.764 ms
(73 rows)

