                                                                                                               QUERY PLAN                                                                                                                
-----------------------------------------------------------------------------------------------------------------------------------------------------------------------------------------------------------------------------------------
 Aggregate  (cost=533619.54..533619.55 rows=1 width=8) (actual time=69538.660..69538.668 rows=1 loops=1)
   Buffers: shared hit=6645805 read=546182
   ->  Nested Loop  (cost=4697.72..533619.51 rows=12 width=0) (actual time=22.329..69519.272 rows=58728 loops=1)
         Buffers: shared hit=6645805 read=546182
         ->  Hash Join  (cost=4697.29..533575.44 rows=19 width=4) (actual time=22.232..65631.290 rows=101914 loops=1)
               Hash Cond: (ci.role_id = rt.id)
               Buffers: shared hit=6258464 read=525867
               ->  Nested Loop  (cost=4696.12..533573.85 rows=115 width=8) (actual time=21.849..64657.301 rows=5182348 loops=1)
                     Buffers: shared hit=6258463 read=525867
                     ->  Nested Loop  (cost=4695.68..533223.96 rows=8 width=12) (actual time=21.813..15568.145 rows=65435 loops=1)
                           Buffers: shared hit=1365102 read=163524
                           ->  Seq Scan on info_type it2  (cost=0.00..2.41 rows=1 width=4) (actual time=0.035..0.046 rows=1 loops=1)
                                 Filter: (id = 5)
                                 Rows Removed by Filter: 112
                                 Buffers: shared hit=1
                           ->  Nested Loop  (cost=4695.68..533221.47 rows=8 width=16) (actual time=21.776..15549.371 rows=65435 loops=1)
                                 Buffers: shared hit=1365101 read=163524
                                 ->  Seq Scan on info_type it1  (cost=0.00..2.41 rows=1 width=4) (actual time=0.008..0.021 rows=1 loops=1)
                                       Filter: (id = 3)
                                       Rows Removed by Filter: 112
                                       Buffers: shared hit=1
                                 ->  Nested Loop  (cost=4695.68..533218.98 rows=8 width=20) (actual time=21.764..15530.342 rows=65435 loops=1)
                                       Buffers: shared hit=1365100 read=163524
                                       ->  Hash Join  (cost=4695.24..517695.32 rows=366 width=12) (actual time=20.491..4272.304 rows=63901 loops=1)
                                             Hash Cond: (t.kind_id = kt.id)
                                             Buffers: shared hit=372121 read=41048
                                             ->  Nested Loop  (cost=4694.11..517690.58 rows=854 width=16) (actual time=19.854..4230.195 rows=72003 loops=1)
                                                   Buffers: shared hit=372120 read=41048
                                                   ->  Bitmap Heap Scan on movie_info mi2  (cost=4693.68..507613.93 rows=1239 width=8) (actual time=19.804..690.425 rows=98399 loops=1)
                                                         Recheck Cond: (info_type_id = 5)
                                                         Filter: ((info)::text = ANY ('{Argentina:13,Australia:M,Canada:14A,Canada:G,France:U,Germany:12,Iceland:16,Netherlands:12,Portugal:M/12,UK:15,UK:PG,USA:PG-13,USA:X}'::text[]))
                                                         Rows Removed by Filter: 388155
                                                         Heap Blocks: exact=19164
                                                         Buffers: shared hit=4803 read=14769
                                                         ->  Bitmap Index Scan on info_type_id_movie_info  (cost=0.00..4693.37 rows=439058 width=0) (actual time=17.190..17.190 rows=486554 loops=1)
                                                               Index Cond: (info_type_id = 5)
                                                               Buffers: shared read=408
                                                   ->  Index Scan using title_pkey on title t  (cost=0.43..8.13 rows=1 width=8) (actual time=0.035..0.035 rows=1 loops=98399)
                                                         Index Cond: (id = mi2.movie_id)
                                                         Filter: ((production_year <= 2015) AND (1990 < production_year))
                                                         Rows Removed by Filter: 0
                                                         Buffers: shared hit=367317 read=26279
                                             ->  Hash  (cost=1.10..1.10 rows=3 width=4) (actual time=0.018..0.020 rows=3 loops=1)
                                                   Buckets: 1024  Batches: 1  Memory Usage: 9kB
                                                   Buffers: shared hit=1
                                                   ->  Seq Scan on kind_type kt  (cost=0.00..1.10 rows=3 width=4) (actual time=0.009..0.011 rows=3 loops=1)
                                                         Filter: ((kind)::text = ANY ('{episode,movie,"video movie"}'::text[]))
                                                         Rows Removed by Filter: 4
                                                         Buffers: shared hit=1
                                       ->  Index Scan using movie_id_movie_info on movie_info mi1  (cost=0.43..42.40 rows=1 width=8) (actual time=0.174..0.175 rows=1 loops=63901)
                                             Index Cond: (movie_id = t.id)
                                             Filter: ((info_type_id = 3) AND ((info)::text = ANY ('{Adult,Comedy,Crime,Drama,Thriller}'::text[])))
                                             Rows Removed by Filter: 75
                                             Buffers: shared hit=992979 read=122476
                     ->  Index Scan using movie_id_cast_info on cast_info ci  (cost=0.44..43.36 rows=38 width=12) (actual time=0.036..0.728 rows=79 loops=65435)
                           Index Cond: (movie_id = t.id)
                           Buffers: shared hit=4893361 read=362343
               ->  Hash  (cost=1.15..1.15 rows=2 width=4) (actual time=0.071..0.072 rows=2 loops=1)
                     Buckets: 1024  Batches: 1  Memory Usage: 9kB
                     Buffers: shared hit=1
                     ->  Seq Scan on role_type rt  (cost=0.00..1.15 rows=2 width=4) (actual time=0.029..0.064 rows=2 loops=1)
                           Filter: ((role)::text = ANY ('{cinematographer,"production designer"}'::text[]))
                           Rows Removed by Filter: 10
                           Buffers: shared hit=1
         ->  Index Scan using name_pkey on name n  (cost=0.43..2.32 rows=1 width=4) (actual time=0.037..0.037 rows=1 loops=101914)
               Index Cond: (id = ci.person_id)
               Filter: ((gender)::text = ANY ('{f,m}'::text[]))
               Rows Removed by Filter: 0
               Buffers: shared hit=387341 read=20315
 Planning:
   Buffers: shared hit=527 read=47
 Planning Time: 13.891 ms
 Execution Time: 69539.338 ms
(73 rows)

