                                                                                             QUERY PLAN                                                                                              
-----------------------------------------------------------------------------------------------------------------------------------------------------------------------------------------------------
 Aggregate  (cost=447703.61..447703.62 rows=1 width=8) (actual time=24198.988..24198.995 rows=1 loops=1)
   Buffers: shared hit=2230401 read=292191
   ->  Nested Loop  (cost=4697.69..447703.61 rows=1 width=0) (actual time=64.237..24197.682 rows=3243 loops=1)
         Buffers: shared hit=2230401 read=292191
         ->  Nested Loop  (cost=4697.69..447701.19 rows=1 width=4) (actual time=64.227..24126.319 rows=3243 loops=1)
               Buffers: shared hit=2227158 read=292191
               ->  Nested Loop  (cost=4697.69..447698.77 rows=1 width=8) (actual time=64.201..24048.967 rows=3243 loops=1)
                     Buffers: shared hit=2223915 read=292191
                     ->  Hash Join  (cost=4697.26..447694.13 rows=2 width=12) (actual time=41.669..21409.459 rows=73816 loops=1)
                           Hash Cond: (ci.role_id = rt.id)
                           Buffers: shared hit=1946478 read=274364
                           ->  Nested Loop  (cost=4696.10..447692.87 rows=29 width=16) (actual time=41.364..21144.374 rows=1482299 loops=1)
                                 Buffers: shared hit=1946477 read=274364
                                 ->  Nested Loop  (cost=4695.66..447604.12 rows=2 width=20) (actual time=41.303..6927.853 rows=28567 loops=1)
                                       Buffers: shared hit=554318 read=126129
                                       ->  Hash Join  (cost=4695.23..442976.71 rows=108 width=12) (actual time=41.025..2496.300 rows=24472 loops=1)
                                             Hash Cond: (t.kind_id = kt.id)
                                             Buffers: shared hit=201410 read=39639
                                             ->  Nested Loop  (cost=4694.09..442974.51 rows=252 width=16) (actual time=20.023..2482.424 rows=25342 loops=1)
                                                   Buffers: shared hit=201409 read=39639
                                                   ->  Bitmap Heap Scan on movie_info mi2  (cost=4693.66..433457.99 rows=1168 width=8) (actual time=19.977..546.004 rows=55369 loops=1)
                                                         Recheck Cond: (info_type_id = 5)
                                                         Filter: ((info)::text = ANY ('{Australia:M,Australia:PG,Finland:K-12,Finland:K-16,Finland:S,Sweden:Btl,UK:18,"West Germany:16"}'::text[]))
                                                         Rows Removed by Filter: 431185
                                                         Heap Blocks: exact=19164
                                                         Buffers: shared hit=3149 read=16423
                                                         ->  Bitmap Index Scan on info_type_id_movie_info  (cost=0.00..4693.37 rows=439058 width=0) (actual time=17.405..17.405 rows=486554 loops=1)
                                                               Index Cond: (info_type_id = 5)
                                                               Buffers: shared read=408
                                                   ->  Index Scan using title_pkey on title t  (cost=0.43..8.15 rows=1 width=8) (actual time=0.034..0.034 rows=0 loops=55369)
                                                         Index Cond: (id = mi2.movie_id)
                                                         Filter: ((production_year <= 1990) AND (1950 < production_year))
                                                         Rows Removed by Filter: 1
                                                         Buffers: shared hit=198260 read=23216
                                             ->  Hash  (cost=1.10..1.10 rows=3 width=4) (actual time=0.021..0.021 rows=3 loops=1)
                                                   Buckets: 1024  Batches: 1  Memory Usage: 9kB
                                                   Buffers: shared hit=1
                                                   ->  Seq Scan on kind_type kt  (cost=0.00..1.10 rows=3 width=4) (actual time=0.012..0.013 rows=3 loops=1)
                                                         Filter: ((kind)::text = ANY ('{episode,movie,"tv movie"}'::text[]))
                                                         Rows Removed by Filter: 4
                                                         Buffers: shared hit=1
                                       ->  Index Scan using movie_id_movie_info on movie_info mi1  (cost=0.43..42.84 rows=1 width=8) (actual time=0.179..0.180 rows=1 loops=24472)
                                             Index Cond: (movie_id = t.id)
                                             Filter: ((info_type_id = 3) AND ((info)::text = ANY ('{Action,Comedy,Drama,Romance,Thriller}'::text[])))
                                             Rows Removed by Filter: 58
                                             Buffers: shared hit=352908 read=86490
                                 ->  Index Scan using movie_id_cast_info on cast_info ci  (cost=0.44..43.99 rows=38 width=12) (actual time=0.035..0.483 rows=52 loops=28567)
                                       Index Cond: (movie_id = t.id)
                                       Buffers: shared hit=1392159 read=148235
                           ->  Hash  (cost=1.15..1.15 rows=1 width=4) (actual time=0.036..0.037 rows=1 loops=1)
                                 Buckets: 1024  Batches: 1  Memory Usage: 9kB
                                 Buffers: shared hit=1
                                 ->  Seq Scan on role_type rt  (cost=0.00..1.15 rows=1 width=4) (actual time=0.025..0.027 rows=1 loops=1)
                                       Filter: ((role)::text = 'writer'::text)
                                       Rows Removed by Filter: 11
                                       Buffers: shared hit=1
                     ->  Index Scan using name_pkey on name n  (cost=0.43..2.32 rows=1 width=4) (actual time=0.035..0.035 rows=0 loops=73816)
                           Index Cond: (id = ci.person_id)
                           Filter: ((gender)::text = 'f'::text)
                           Rows Removed by Filter: 1
                           Buffers: shared hit=277437 read=17827
               ->  Seq Scan on info_type it1  (cost=0.00..2.41 rows=1 width=4) (actual time=0.012..0.021 rows=1 loops=3243)
                     Filter: (id = 3)
                     Rows Removed by Filter: 112
                     Buffers: shared hit=3243
         ->  Seq Scan on info_type it2  (cost=0.00..2.41 rows=1 width=4) (actual time=0.010..0.020 rows=1 loops=3243)
               Filter: (id = 5)
               Rows Removed by Filter: 112
               Buffers: shared hit=3243
 Planning:
   Buffers: shared hit=484 read=90
 Planning Time: 13.831 ms
 Execution Time: 24199.716 ms
(73 rows)

