                                                                                                                   QUERY PLAN                                                                                                                    
-------------------------------------------------------------------------------------------------------------------------------------------------------------------------------------------------------------------------------------------------
 Aggregate  (cost=513210.03..513210.04 rows=1 width=8) (actual time=50050.858..50050.864 rows=1 loops=1)
   Buffers: shared hit=4677421 read=502809
   ->  Nested Loop  (cost=4697.65..513210.02 rows=5 width=0) (actual time=78.914..50048.960 rows=3773 loops=1)
         Buffers: shared hit=4677421 read=502809
         ->  Seq Scan on info_type it2  (cost=0.00..2.41 rows=1 width=4) (actual time=0.043..0.053 rows=1 loops=1)
               Filter: (id = 5)
               Rows Removed by Filter: 112
               Buffers: shared hit=1
         ->  Nested Loop  (cost=4697.65..513207.56 rows=5 width=4) (actual time=78.869..50047.795 rows=3773 loops=1)
               Buffers: shared hit=4677420 read=502809
               ->  Seq Scan on info_type it1  (cost=0.00..2.41 rows=1 width=4) (actual time=0.008..0.020 rows=1 loops=1)
                     Filter: (id = 3)
                     Rows Removed by Filter: 112
                     Buffers: shared hit=1
               ->  Nested Loop  (cost=4697.65..513205.10 rows=5 width=8) (actual time=78.858..50046.492 rows=3773 loops=1)
                     Buffers: shared hit=4677419 read=502809
                     ->  Hash Join  (cost=4697.22..513154.07 rows=22 width=12) (actual time=40.526..46643.179 rows=90047 loops=1)
                           Hash Cond: (ci.role_id = rt.id)
                           Buffers: shared hit=4348577 read=471463
                           ->  Nested Loop  (cost=4696.05..513152.43 rows=129 width=16) (actual time=39.382..45929.595 rows=3904071 loops=1)
                                 Buffers: shared hit=4348576 read=471463
                                 ->  Nested Loop  (cost=4695.61..512758.81 rows=9 width=20) (actual time=39.336..9492.717 rows=42660 loops=1)
                                       Buffers: shared hit=741681 read=153178
                                       ->  Hash Join  (cost=4695.17..500669.46 rows=284 width=12) (actual time=20.248..2707.917 rows=34358 loops=1)
                                             Hash Cond: (t.kind_id = kt.id)
                                             Buffers: shared hit=208370 read=40199
                                             ->  Nested Loop  (cost=4694.04..500665.53 rows=662 width=16) (actual time=19.553..2683.301 rows=40430 loops=1)
                                                   Buffers: shared hit=208369 read=40199
                                                   ->  Bitmap Heap Scan on movie_info mi2  (cost=4693.61..492782.68 rows=961 width=8) (actual time=19.438..638.011 rows=57249 loops=1)
                                                         Recheck Cond: (info_type_id = 5)
                                                         Filter: ((info)::text = ANY ('{Argentina:13,Australia:PG,Finland:K-11,Germany:o.Al.,Iceland:16,Italy:T,Netherlands:AL,"South Korea:15",Spain:13,Sweden:11,UK:15,USA:Unrated}'::text[]))
                                                         Rows Removed by Filter: 429305
                                                         Heap Blocks: exact=19164
                                                         Buffers: shared hit=3862 read=15710
                                                         ->  Bitmap Index Scan on info_type_id_movie_info  (cost=0.00..4693.37 rows=439058 width=0) (actual time=16.855..16.855 rows=486554 loops=1)
                                                               Index Cond: (info_type_id = 5)
                                                               Buffers: shared read=408
                                                   ->  Index Scan using title_pkey on title t  (cost=0.43..8.20 rows=1 width=8) (actual time=0.035..0.035 rows=1 loops=57249)
                                                         Index Cond: (id = mi2.movie_id)
                                                         Filter: ((production_year <= 2015) AND (1990 < production_year))
                                                         Rows Removed by Filter: 0
                                                         Buffers: shared hit=204507 read=24489
                                             ->  Hash  (cost=1.10..1.10 rows=3 width=4) (actual time=0.014..0.015 rows=3 loops=1)
                                                   Buckets: 1024  Batches: 1  Memory Usage: 9kB
                                                   Buffers: shared hit=1
                                                   ->  Seq Scan on kind_type kt  (cost=0.00..1.10 rows=3 width=4) (actual time=0.007..0.008 rows=3 loops=1)
                                                         Filter: ((kind)::text = ANY ('{episode,movie,"video movie"}'::text[]))
                                                         Rows Removed by Filter: 4
                                                         Buffers: shared hit=1
                                       ->  Index Scan using movie_id_movie_info on movie_info mi1  (cost=0.43..42.56 rows=1 width=8) (actual time=0.195..0.196 rows=1 loops=34358)
                                             Index Cond: (movie_id = t.id)
                                             Filter: ((info_type_id = 3) AND ((info)::text = ANY ('{Adventure,Comedy,Crime,Documentary,Drama,Family,Sci-Fi,Thriller}'::text[])))
                                             Rows Removed by Filter: 87
                                             Buffers: shared hit=533311 read=112979
                                 ->  Index Scan using movie_id_cast_info on cast_info ci  (cost=0.44..43.36 rows=38 width=12) (actual time=0.037..0.828 rows=92 loops=42660)
                                       Index Cond: (movie_id = t.id)
                                       Buffers: shared hit=3606895 read=318285
                           ->  Hash  (cost=1.15..1.15 rows=2 width=4) (actual time=0.017..0.017 rows=2 loops=1)
                                 Buckets: 1024  Batches: 1  Memory Usage: 9kB
                                 Buffers: shared hit=1
                                 ->  Seq Scan on role_type rt  (cost=0.00..1.15 rows=2 width=4) (actual time=0.010..0.011 rows=2 loops=1)
                                       Filter: ((role)::text = ANY ('{cinematographer,director}'::text[]))
                                       Rows Removed by Filter: 10
                                       Buffers: shared hit=1
                     ->  Index Scan using name_pkey on name n  (cost=0.43..2.32 rows=1 width=4) (actual time=0.037..0.037 rows=0 loops=90047)
                           Index Cond: (id = ci.person_id)
                           Filter: ((gender)::text = 'f'::text)
                           Rows Removed by Filter: 1
                           Buffers: shared hit=328842 read=31346
 Planning:
   Buffers: shared hit=483 read=91
 Planning Time: 12.936 ms
 Execution Time: 50051.515 ms
(73 rows)

