                                                                                                            QUERY PLAN                                                                                                            
----------------------------------------------------------------------------------------------------------------------------------------------------------------------------------------------------------------------------------
 Aggregate  (cost=505498.01..505498.02 rows=1 width=8) (actual time=5279.509..5279.518 rows=1 loops=1)
   Buffers: shared hit=497498 read=50735
   ->  Nested Loop  (cost=4697.67..505498.00 rows=1 width=0) (actual time=276.598..5279.457 rows=64 loops=1)
         Buffers: shared hit=497498 read=50735
         ->  Nested Loop  (cost=4697.67..505495.58 rows=1 width=4) (actual time=276.588..5278.283 rows=64 loops=1)
               Buffers: shared hit=497434 read=50735
               ->  Nested Loop  (cost=4697.67..505493.16 rows=1 width=8) (actual time=276.564..5276.155 rows=64 loops=1)
                     Buffers: shared hit=497370 read=50735
                     ->  Hash Join  (cost=4697.24..505488.52 rows=2 width=12) (actual time=21.322..5239.691 rows=978 loops=1)
                           Hash Cond: (ci.role_id = rt.id)
                           Buffers: shared hit=493942 read=50251
                           ->  Nested Loop  (cost=4696.08..505487.26 rows=29 width=16) (actual time=20.866..5227.670 rows=66770 loops=1)
                                 Buffers: shared hit=493941 read=50251
                                 ->  Nested Loop  (cost=4695.64..505398.51 rows=2 width=20) (actual time=20.828..4516.457 rows=1802 loops=1)
                                       Buffers: shared hit=439897 read=33610
                                       ->  Hash Join  (cost=4695.20..502309.88 rows=72 width=12) (actual time=20.743..3538.698 rows=8666 loops=1)
                                             Hash Cond: (t.kind_id = kt.id)
                                             Buffers: shared hit=350851 read=20658
                                             ->  Nested Loop  (cost=4694.09..502307.70 rows=252 width=16) (actual time=19.025..3528.931 rows=34047 loops=1)
                                                   Buffers: shared hit=350850 read=20658
                                                   ->  Bitmap Heap Scan on movie_info mi2  (cost=4693.66..492782.73 rows=1169 width=8) (actual time=18.925..533.168 rows=87984 loops=1)
                                                         Recheck Cond: (info_type_id = 5)
                                                         Filter: ((info)::text = ANY ('{Australia:G,Australia:M,Finland:K-18,Norway:15,Norway:16,Portugal:M/12,Sweden:15,UK:A,UK:PG,UK:U,USA:Approved,"USA:Not Rated"}'::text[]))
                                                         Rows Removed by Filter: 398570
                                                         Heap Blocks: exact=19164
                                                         Buffers: shared hit=19454 read=118
                                                         ->  Bitmap Index Scan on info_type_id_movie_info  (cost=0.00..4693.37 rows=439058 width=0) (actual time=16.224..16.224 rows=486554 loops=1)
                                                               Index Cond: (info_type_id = 5)
                                                               Buffers: shared hit=408
                                                   ->  Index Scan using title_pkey on title t  (cost=0.43..8.15 rows=1 width=8) (actual time=0.034..0.034 rows=0 loops=87984)
                                                         Index Cond: (id = mi2.movie_id)
                                                         Filter: ((production_year <= 1990) AND (1950 < production_year))
                                                         Rows Removed by Filter: 1
                                                         Buffers: shared hit=331396 read=20540
                                             ->  Hash  (cost=1.09..1.09 rows=2 width=4) (actual time=0.015..0.016 rows=2 loops=1)
                                                   Buckets: 1024  Batches: 1  Memory Usage: 9kB
                                                   Buffers: shared hit=1
                                                   ->  Seq Scan on kind_type kt  (cost=0.00..1.09 rows=2 width=4) (actual time=0.008..0.009 rows=2 loops=1)
                                                         Filter: ((kind)::text = ANY ('{episode,"tv movie"}'::text[]))
                                                         Rows Removed by Filter: 5
                                                         Buffers: shared hit=1
                                       ->  Index Scan using movie_id_movie_info on movie_info mi1  (cost=0.43..42.89 rows=1 width=8) (actual time=0.112..0.112 rows=0 loops=8666)
                                             Index Cond: (movie_id = t.id)
                                             Filter: ((info_type_id = 3) AND ((info)::text = ANY ('{Action,Comedy,Crime,Drama,Family,Western}'::text[])))
                                             Rows Removed by Filter: 14
                                             Buffers: shared hit=89046 read=12952
                                 ->  Index Scan using movie_id_cast_info on cast_info ci  (cost=0.44..43.99 rows=38 width=12) (actual time=0.040..0.384 rows=37 loops=1802)
                                       Index Cond: (movie_id = t.id)
                                       Buffers: shared hit=54044 read=16641
                           ->  Hash  (cost=1.15..1.15 rows=1 width=4) (actual time=0.029..0.030 rows=1 loops=1)
                                 Buckets: 1024  Batches: 1  Memory Usage: 9kB
                                 Buffers: shared hit=1
                                 ->  Seq Scan on role_type rt  (cost=0.00..1.15 rows=1 width=4) (actual time=0.024..0.025 rows=1 loops=1)
                                       Filter: ((role)::text = 'costume designer'::text)
                                       Rows Removed by Filter: 11
                                       Buffers: shared hit=1
                     ->  Index Scan using name_pkey on name n  (cost=0.43..2.32 rows=1 width=4) (actual time=0.037..0.037 rows=0 loops=978)
                           Index Cond: (id = ci.person_id)
                           Filter: ((gender)::text = 'm'::text)
                           Rows Removed by Filter: 1
                           Buffers: shared hit=3428 read=484
               ->  Seq Scan on info_type it1  (cost=0.00..2.41 rows=1 width=4) (actual time=0.021..0.030 rows=1 loops=64)
                     Filter: (id = 3)
                     Rows Removed by Filter: 112
                     Buffers: shared hit=64
         ->  Seq Scan on info_type it2  (cost=0.00..2.41 rows=1 width=4) (actual time=0.007..0.016 rows=1 loops=64)
               Filter: (id = 5)
               Rows Removed by Filter: 112
               Buffers: shared hit=64
 Planning:
   Buffers: shared hit=574
 Planning Time: 12.714 ms
 Execution Time: 5280.221 ms
(73 rows)

