                                                                                                         QUERY PLAN                                                                                                         
----------------------------------------------------------------------------------------------------------------------------------------------------------------------------------------------------------------------------
 Aggregate  (cost=482191.52..482191.53 rows=1 width=8) (actual time=53871.468..53871.477 rows=1 loops=1)
   Buffers: shared hit=5107686 read=506437
   ->  Nested Loop  (cost=4697.64..482191.51 rows=4 width=0) (actual time=44.886..53857.792 rows=40490 loops=1)
         Buffers: shared hit=5107686 read=506437
         ->  Hash Join  (cost=4697.21..482168.31 rows=10 width=4) (actual time=28.305..50170.865 rows=101828 loops=1)
               Hash Cond: (ci.role_id = rt.id)
               Buffers: shared hit=4724379 read=482432
               ->  Nested Loop  (cost=4696.04..482166.93 rows=57 width=8) (actual time=27.559..49441.836 rows=3977773 loops=1)
                     Buffers: shared hit=4724378 read=482432
                     ->  Nested Loop  (cost=4695.60..481991.99 rows=4 width=12) (actual time=27.522..11841.502 rows=50794 loops=1)
                           Buffers: shared hit=1044685 read=134423
                           ->  Seq Scan on info_type it2  (cost=0.00..2.41 rows=1 width=4) (actual time=0.037..0.049 rows=1 loops=1)
                                 Filter: (id = 5)
                                 Rows Removed by Filter: 112
                                 Buffers: shared hit=1
                           ->  Nested Loop  (cost=4695.60..481989.54 rows=4 width=16) (actual time=27.483..11826.992 rows=50794 loops=1)
                                 Buffers: shared hit=1044684 read=134423
                                 ->  Seq Scan on info_type it1  (cost=0.00..2.41 rows=1 width=4) (actual time=0.009..0.023 rows=1 loops=1)
                                       Filter: (id = 3)
                                       Rows Removed by Filter: 112
                                       Buffers: shared hit=1
                                 ->  Nested Loop  (cost=4695.60..481987.08 rows=4 width=20) (actual time=27.471..11811.944 rows=50794 loops=1)
                                       Buffers: shared hit=1044683 read=134423
                                       ->  Hash Join  (cost=4695.16..470591.40 rows=269 width=12) (actual time=19.395..3059.278 rows=47801 loops=1)
                                             Hash Cond: (t.kind_id = kt.id)
                                             Buffers: shared hit=281501 read=21960
                                             ->  Nested Loop  (cost=4694.03..470587.62 rows=627 width=16) (actual time=19.351..3027.166 rows=53461 loops=1)
                                                   Buffers: shared hit=281500 read=21960
                                                   ->  Bitmap Heap Scan on movie_info mi2  (cost=4693.60..463120.30 rows=909 width=8) (actual time=18.961..537.049 rows=70972 loops=1)
                                                         Recheck Cond: (info_type_id = 5)
                                                         Filter: ((info)::text = ANY ('{Argentina:16,Australia:MA,Portugal:M/16,Singapore:NC-16,Singapore:PG,"South Korea:15",UK:15,UK:18,"USA:Not Rated",USA:R}'::text[]))
                                                         Rows Removed by Filter: 415582
                                                         Heap Blocks: exact=19164
                                                         Buffers: shared hit=14040 read=5532
                                                         ->  Bitmap Index Scan on info_type_id_movie_info  (cost=0.00..4693.37 rows=439058 width=0) (actual time=16.155..16.155 rows=486554 loops=1)
                                                               Index Cond: (info_type_id = 5)
                                                               Buffers: shared hit=408
                                                   ->  Index Scan using title_pkey on title t  (cost=0.43..8.21 rows=1 width=8) (actual time=0.034..0.034 rows=1 loops=70972)
                                                         Index Cond: (id = mi2.movie_id)
                                                         Filter: ((production_year <= 2015) AND (1990 < production_year))
                                                         Rows Removed by Filter: 0
                                                         Buffers: shared hit=267460 read=16428
                                             ->  Hash  (cost=1.10..1.10 rows=3 width=4) (actual time=0.018..0.019 rows=3 loops=1)
                                                   Buckets: 1024  Batches: 1  Memory Usage: 9kB
                                                   Buffers: shared hit=1
                                                   ->  Seq Scan on kind_type kt  (cost=0.00..1.10 rows=3 width=4) (actual time=0.009..0.011 rows=3 loops=1)
                                                         Filter: ((kind)::text = ANY ('{episode,movie,"video movie"}'::text[]))
                                                         Rows Removed by Filter: 4
                                                         Buffers: shared hit=1
                                       ->  Index Scan using movie_id_movie_info on movie_info mi1  (cost=0.43..42.35 rows=1 width=8) (actual time=0.181..0.182 rows=1 loops=47801)
                                             Index Cond: (movie_id = t.id)
                                             Filter: ((info_type_id = 3) AND ((info)::text = ANY ('{Action,Drama,Horror,Thriller}'::text[])))
                                             Rows Removed by Filter: 73
                                             Buffers: shared hit=763182 read=112463
                     ->  Index Scan using movie_id_cast_info on cast_info ci  (cost=0.44..43.36 rows=38 width=12) (actual time=0.036..0.719 rows=78 loops=50794)
                           Index Cond: (movie_id = t.id)
                           Buffers: shared hit=3679693 read=348009
               ->  Hash  (cost=1.15..1.15 rows=2 width=4) (actual time=0.037..0.038 rows=2 loops=1)
                     Buckets: 1024  Batches: 1  Memory Usage: 9kB
                     Buffers: shared hit=1
                     ->  Seq Scan on role_type rt  (cost=0.00..1.15 rows=2 width=4) (actual time=0.029..0.031 rows=2 loops=1)
                           Filter: ((role)::text = ANY ('{editor,"production designer"}'::text[]))
                           Rows Removed by Filter: 10
                           Buffers: shared hit=1
         ->  Index Scan using name_pkey on name n  (cost=0.43..2.32 rows=1 width=4) (actual time=0.035..0.035 rows=0 loops=101828)
               Index Cond: (id = ci.person_id)
               Filter: ((gender)::text = 'm'::text)
               Rows Removed by Filter: 1
               Buffers: shared hit=383307 read=24005
 Planning:
   Buffers: shared hit=574
 Planning Time: 12.493 ms
 Execution Time: 53872.195 ms
(73 rows)

