                                                                                                       QUERY PLAN                                                                                                       
------------------------------------------------------------------------------------------------------------------------------------------------------------------------------------------------------------------------
 Aggregate  (cost=479777.65..479777.66 rows=1 width=8) (actual time=5664.253..5664.259 rows=1 loops=1)
   Buffers: shared hit=487647 read=100813
   ->  Nested Loop  (cost=4697.60..479777.63 rows=9 width=0) (actual time=41.322..5663.213 rows=4092 loops=1)
         Buffers: shared hit=487647 read=100813
         ->  Hash Join  (cost=4697.17..479745.16 rows=14 width=4) (actual time=41.265..5397.450 rows=7749 loops=1)
               Hash Cond: (ci.role_id = rt.id)
               Buffers: shared hit=459907 read=97557
               ->  Nested Loop  (cost=4696.00..479743.68 rows=86 width=8) (actual time=41.064..5358.751 rows=246314 loops=1)
                     Buffers: shared hit=459906 read=97557
                     ->  Nested Loop  (cost=4695.56..479481.72 rows=6 width=12) (actual time=41.010..3018.111 rows=5059 loops=1)
                           Buffers: shared hit=247069 read=60454
                           ->  Seq Scan on info_type it2  (cost=0.00..2.41 rows=1 width=4) (actual time=0.024..0.034 rows=1 loops=1)
                                 Filter: (id = 5)
                                 Rows Removed by Filter: 112
                                 Buffers: shared hit=1
                           ->  Nested Loop  (cost=4695.56..479479.25 rows=6 width=16) (actual time=40.985..3016.912 rows=5059 loops=1)
                                 Buffers: shared hit=247068 read=60454
                                 ->  Seq Scan on info_type it1  (cost=0.00..2.41 rows=1 width=4) (actual time=0.008..0.020 rows=1 loops=1)
                                       Filter: (id = 3)
                                       Rows Removed by Filter: 112
                                       Buffers: shared hit=1
                                 ->  Nested Loop  (cost=4695.56..479476.78 rows=6 width=20) (actual time=40.973..3015.571 rows=5059 loops=1)
                                       Buffers: shared hit=247067 read=60454
                                       ->  Hash Join  (cost=4695.12..470006.96 rows=223 width=12) (actual time=40.469..2391.669 rows=4401 loops=1)
                                             Hash Cond: (t.kind_id = kt.id)
                                             Buffers: shared hit=211587 read=37714
                                             ->  Nested Loop  (cost=4694.01..470002.57 rows=779 width=16) (actual time=19.304..2378.956 rows=56757 loops=1)
                                                   Buffers: shared hit=211586 read=37714
                                                   ->  Bitmap Heap Scan on movie_info mi2  (cost=4693.58..463120.28 rows=836 width=8) (actual time=19.261..519.430 rows=57432 loops=1)
                                                         Recheck Cond: (info_type_id = 5)
                                                         Filter: ((info)::text = ANY ('{Argentina:13,Australia:R,Belgium:KT,Canada:14A,Finland:K-16,Finland:S,Germany:16,"South Korea:18",UK:15,USA:Unrated}'::text[]))
                                                         Rows Removed by Filter: 429122
                                                         Heap Blocks: exact=19164
                                                         Buffers: shared hit=1131 read=18441
                                                         ->  Bitmap Index Scan on info_type_id_movie_info  (cost=0.00..4693.37 rows=439058 width=0) (actual time=16.393..16.393 rows=486554 loops=1)
                                                               Index Cond: (info_type_id = 5)
                                                               Buffers: shared read=408
                                                   ->  Index Scan using title_pkey on title t  (cost=0.43..8.23 rows=1 width=8) (actual time=0.032..0.032 rows=1 loops=57432)
                                                         Index Cond: (id = mi2.movie_id)
                                                         Filter: ((production_year <= 2015) AND (1925 < production_year))
                                                         Rows Removed by Filter: 0
                                                         Buffers: shared hit=210455 read=19273
                                             ->  Hash  (cost=1.09..1.09 rows=2 width=4) (actual time=0.011..0.012 rows=2 loops=1)
                                                   Buckets: 1024  Batches: 1  Memory Usage: 9kB
                                                   Buffers: shared hit=1
                                                   ->  Seq Scan on kind_type kt  (cost=0.00..1.09 rows=2 width=4) (actual time=0.007..0.008 rows=2 loops=1)
                                                         Filter: ((kind)::text = ANY ('{"tv movie","video game"}'::text[]))
                                                         Rows Removed by Filter: 5
                                                         Buffers: shared hit=1
                                       ->  Index Scan using movie_id_movie_info on movie_info mi1  (cost=0.43..42.46 rows=1 width=8) (actual time=0.140..0.141 rows=1 loops=4401)
                                             Index Cond: (movie_id = t.id)
                                             Filter: ((info_type_id = 3) AND ((info)::text = ANY ('{Action,Comedy,Crime,Drama,Horror,Romance,Thriller}'::text[])))
                                             Rows Removed by Filter: 19
                                             Buffers: shared hit=35480 read=22740
                     ->  Index Scan using movie_id_cast_info on cast_info ci  (cost=0.44..43.28 rows=38 width=12) (actual time=0.034..0.451 rows=49 loops=5059)
                           Index Cond: (movie_id = t.id)
                           Buffers: shared hit=212837 read=37103
               ->  Hash  (cost=1.15..1.15 rows=2 width=4) (actual time=0.031..0.032 rows=2 loops=1)
                     Buckets: 1024  Batches: 1  Memory Usage: 9kB
                     Buffers: shared hit=1
                     ->  Seq Scan on role_type rt  (cost=0.00..1.15 rows=2 width=4) (actual time=0.021..0.023 rows=2 loops=1)
                           Filter: ((role)::text = ANY ('{"costume designer",director}'::text[]))
                           Rows Removed by Filter: 10
                           Buffers: shared hit=1
         ->  Index Scan using name_pkey on name n  (cost=0.43..2.32 rows=1 width=4) (actual time=0.034..0.034 rows=1 loops=7749)
               Index Cond: (id = ci.person_id)
               Filter: ((gender)::text = ANY ('{f,m}'::text[]))
               Rows Removed by Filter: 0
               Buffers: shared hit=27740 read=3256
 Planning:
   Buffers: shared hit=483 read=91
 Planning Time: 13.160 ms
 Execution Time: 5664.861 ms
(73 rows)

