                                                                                                          QUERY PLAN                                                                                                          
------------------------------------------------------------------------------------------------------------------------------------------------------------------------------------------------------------------------------
 Aggregate  (cost=491621.84..491621.85 rows=1 width=8) (actual time=61937.057..61937.065 rows=1 loops=1)
   Buffers: shared hit=6112942 read=279065
   ->  Nested Loop  (cost=4697.74..491621.83 rows=2 width=0) (actual time=49.411..61772.488 rows=913400 loops=1)
         Buffers: shared hit=6112942 read=279065
         ->  Seq Scan on info_type it2  (cost=0.00..2.41 rows=1 width=4) (actual time=0.045..0.055 rows=1 loops=1)
               Filter: (id = 5)
               Rows Removed by Filter: 112
               Buffers: shared hit=1
         ->  Nested Loop  (cost=4697.74..491619.40 rows=2 width=4) (actual time=49.364..61565.771 rows=913400 loops=1)
               Buffers: shared hit=6112941 read=279065
               ->  Seq Scan on info_type it1  (cost=0.00..2.41 rows=1 width=4) (actual time=0.009..0.022 rows=1 loops=1)
                     Filter: (id = 3)
                     Rows Removed by Filter: 112
                     Buffers: shared hit=1
               ->  Nested Loop  (cost=4697.74..491616.97 rows=2 width=8) (actual time=49.353..61357.769 rows=913400 loops=1)
                     Buffers: shared hit=6112940 read=279065
                     ->  Hash Join  (cost=4697.31..491607.69 rows=4 width=12) (actual time=49.307..27884.584 rows=913400 loops=1)
                           Hash Cond: (ci.role_id = rt.id)
                           Buffers: shared hit=2491898 read=246507
                           ->  Nested Loop  (cost=4696.15..491606.37 rows=43 width=16) (actual time=49.267..27324.151 rows=1621472 loops=1)
                                 Buffers: shared hit=2491897 read=246507
                                 ->  Nested Loop  (cost=4695.71..491471.73 rows=3 width=20) (actual time=48.961..10317.435 rows=47353 loops=1)
                                       Buffers: shared hit=877580 read=127748
                                       ->  Hash Join  (cost=4695.25..488191.59 rows=76 width=12) (actual time=35.926..3336.475 rows=42918 loops=1)
                                             Hash Cond: (t.kind_id = kt.id)
                                             Buffers: shared hit=271266 read=39175
                                             ->  Nested Loop  (cost=4694.11..488189.72 rows=176 width=16) (actual time=21.321..3311.008 rows=43402 loops=1)
                                                   Buffers: shared hit=271265 read=39175
                                                   ->  Bitmap Heap Scan on movie_info mi2  (cost=4693.68..477951.57 rows=1260 width=8) (actual time=21.275..654.660 rows=72717 loops=1)
                                                         Recheck Cond: (info_type_id = 5)
                                                         Filter: ((info)::text = ANY ('{Argentina:Atp,Belgium:KT,Finland:K-16,India:U,Norway:16,Sweden:15,UK:U,USA:Approved,USA:Passed,USA:TV-G,"West Germany:18"}'::text[]))
                                                         Rows Removed by Filter: 413837
                                                         Heap Blocks: exact=19164
                                                         Buffers: shared hit=2233 read=17339
                                                         ->  Bitmap Index Scan on info_type_id_movie_info  (cost=0.00..4693.37 rows=439058 width=0) (actual time=18.364..18.364 rows=486554 loops=1)
                                                               Index Cond: (info_type_id = 5)
                                                               Buffers: shared read=408
                                                   ->  Index Scan using title_pkey on title t  (cost=0.43..8.13 rows=1 width=8) (actual time=0.036..0.036 rows=1 loops=72717)
                                                         Index Cond: (id = mi2.movie_id)
                                                         Filter: ((production_year <= 1975) AND (1925 < production_year))
                                                         Rows Removed by Filter: 0
                                                         Buffers: shared hit=269032 read=21836
                                             ->  Hash  (cost=1.10..1.10 rows=3 width=4) (actual time=0.018..0.019 rows=3 loops=1)
                                                   Buckets: 1024  Batches: 1  Memory Usage: 9kB
                                                   Buffers: shared hit=1
                                                   ->  Seq Scan on kind_type kt  (cost=0.00..1.10 rows=3 width=4) (actual time=0.010..0.012 rows=3 loops=1)
                                                         Filter: ((kind)::text = ANY ('{episode,movie,"tv movie"}'::text[]))
                                                         Rows Removed by Filter: 4
                                                         Buffers: shared hit=1
                                       ->  Index Scan using movie_id_movie_info on movie_info mi1  (cost=0.46..43.15 rows=1 width=8) (actual time=0.161..0.162 rows=1 loops=42918)
                                             Index Cond: (movie_id = t.id)
                                             Filter: ((info_type_id = 3) AND ((info)::text = ANY ('{Action,Adventure,Animation,Documentary,Drama,Music,Short,Thriller,War}'::text[])))
                                             Rows Removed by Filter: 36
                                             Buffers: shared hit=606314 read=88573
                                 ->  Index Scan using movie_id_cast_info on cast_info ci  (cost=0.44..44.50 rows=38 width=12) (actual time=0.037..0.348 rows=34 loops=47353)
                                       Index Cond: (movie_id = t.id)
                                       Buffers: shared hit=1614317 read=118759
                           ->  Hash  (cost=1.15..1.15 rows=1 width=4) (actual time=0.017..0.017 rows=1 loops=1)
                                 Buckets: 1024  Batches: 1  Memory Usage: 9kB
                                 Buffers: shared hit=1
                                 ->  Seq Scan on role_type rt  (cost=0.00..1.15 rows=1 width=4) (actual time=0.009..0.011 rows=1 loops=1)
                                       Filter: ((role)::text = 'actor'::text)
                                       Rows Removed by Filter: 11
                                       Buffers: shared hit=1
                     ->  Index Scan using name_pkey on name n  (cost=0.43..2.32 rows=1 width=4) (actual time=0.036..0.036 rows=1 loops=913400)
                           Index Cond: (id = ci.person_id)
                           Filter: ((gender)::text = 'm'::text)
                           Buffers: shared hit=3621042 read=32558
 Planning:
   Buffers: shared hit=521 read=56
 Planning Time: 14.741 ms
 Execution Time: 61937.734 ms
(72 rows)

