                                                                                             QUERY PLAN                                                                                              
-----------------------------------------------------------------------------------------------------------------------------------------------------------------------------------------------------
 Aggregate  (cost=360022.80..360022.81 rows=1 width=8) (actual time=1049.832..1049.838 rows=1 loops=1)
   Buffers: shared hit=64765 read=41028
   ->  Nested Loop  (cost=4697.39..360022.80 rows=1 width=0) (actual time=48.713..1049.806 rows=38 loops=1)
         Buffers: shared hit=64765 read=41028
         ->  Hash Join  (cost=4696.96..360020.48 rows=1 width=4) (actual time=48.668..1042.711 rows=211 loops=1)
               Hash Cond: (ci.role_id = rt.id)
               Buffers: shared hit=64195 read=40754
               ->  Nested Loop  (cost=4695.80..360019.27 rows=14 width=8) (actual time=44.884..1040.492 rows=18338 loops=1)
                     Buffers: shared hit=64194 read=40754
                     ->  Nested Loop  (cost=4695.36..359975.61 rows=1 width=12) (actual time=44.836..839.853 rows=430 loops=1)
                           Buffers: shared hit=54876 read=31333
                           ->  Nested Loop  (cost=4695.36..359973.19 rows=1 width=16) (actual time=44.829..830.970 rows=430 loops=1)
                                 Buffers: shared hit=54446 read=31333
                                 ->  Nested Loop  (cost=4695.36..359970.77 rows=1 width=20) (actual time=44.806..825.753 rows=430 loops=1)
                                       Buffers: shared hit=54016 read=31333
                                       ->  Hash Join  (cost=4694.92..359590.42 rows=9 width=12) (actual time=37.096..736.897 rows=657 loops=1)
                                             Hash Cond: (t.kind_id = kt.id)
                                             Buffers: shared hit=49155 read=26670
                                             ->  Nested Loop  (cost=4693.81..359589.17 rows=32 width=16) (actual time=20.360..735.025 rows=12149 loops=1)
                                                   Buffers: shared hit=49154 read=26670
                                                   ->  Bitmap Heap Scan on movie_info mi2  (cost=4693.38..359301.78 rows=34 width=8) (actual time=20.319..311.994 rows=14063 loops=1)
                                                         Recheck Cond: (info_type_id = 5)
                                                         Filter: ((info)::text = ANY ('{Netherlands:16,UK:U,USA:G}'::text[]))
                                                         Rows Removed by Filter: 472491
                                                         Heap Blocks: exact=19164
                                                         Buffers: shared hit=2017 read=17555
                                                         ->  Bitmap Index Scan on info_type_id_movie_info  (cost=0.00..4693.37 rows=439058 width=0) (actual time=16.644..16.645 rows=486554 loops=1)
                                                               Index Cond: (info_type_id = 5)
                                                               Buffers: shared read=408
                                                   ->  Index Scan using title_pkey on title t  (cost=0.43..8.45 rows=1 width=8) (actual time=0.030..0.030 rows=1 loops=14063)
                                                         Index Cond: (id = mi2.movie_id)
                                                         Filter: ((production_year <= 2015) AND (1925 < production_year))
                                                         Rows Removed by Filter: 0
                                                         Buffers: shared hit=47137 read=9115
                                             ->  Hash  (cost=1.09..1.09 rows=2 width=4) (actual time=0.016..0.017 rows=2 loops=1)
                                                   Buckets: 1024  Batches: 1  Memory Usage: 9kB
                                                   Buffers: shared hit=1
                                                   ->  Seq Scan on kind_type kt  (cost=0.00..1.09 rows=2 width=4) (actual time=0.008..0.009 rows=2 loops=1)
                                                         Filter: ((kind)::text = ANY ('{"tv movie","video game"}'::text[]))
                                                         Rows Removed by Filter: 5
                                                         Buffers: shared hit=1
                                       ->  Index Scan using movie_id_movie_info on movie_info mi1  (cost=0.43..42.25 rows=1 width=8) (actual time=0.134..0.135 rows=1 loops=657)
                                             Index Cond: (movie_id = t.id)
                                             Filter: ((info_type_id = 3) AND ((info)::text = ANY ('{Animation,Drama,Family}'::text[])))
                                             Rows Removed by Filter: 24
                                             Buffers: shared hit=4861 read=4663
                                 ->  Seq Scan on info_type it1  (cost=0.00..2.41 rows=1 width=4) (actual time=0.005..0.010 rows=1 loops=430)
                                       Filter: (id = 3)
                                       Rows Removed by Filter: 112
                                       Buffers: shared hit=430
                           ->  Seq Scan on info_type it2  (cost=0.00..2.41 rows=1 width=4) (actual time=0.014..0.019 rows=1 loops=430)
                                 Filter: (id = 5)
                                 Rows Removed by Filter: 112
                                 Buffers: shared hit=430
                     ->  Index Scan using movie_id_cast_info on cast_info ci  (cost=0.44..43.28 rows=38 width=12) (actual time=0.035..0.459 rows=43 loops=430)
                           Index Cond: (movie_id = t.id)
                           Buffers: shared hit=9318 read=9421
               ->  Hash  (cost=1.15..1.15 rows=1 width=4) (actual time=0.025..0.025 rows=1 loops=1)
                     Buckets: 1024  Batches: 1  Memory Usage: 9kB
                     Buffers: shared hit=1
                     ->  Seq Scan on role_type rt  (cost=0.00..1.15 rows=1 width=4) (actual time=0.019..0.020 rows=1 loops=1)
                           Filter: ((role)::text = 'costume designer'::text)
                           Rows Removed by Filter: 11
                           Buffers: shared hit=1
         ->  Index Scan using name_pkey on name n  (cost=0.43..2.32 rows=1 width=4) (actual time=0.033..0.033 rows=0 loops=211)
               Index Cond: (id = ci.person_id)
               Filter: ((gender)::text = 'f'::text)
               Rows Removed by Filter: 1
               Buffers: shared hit=570 read=274
 Planning:
   Buffers: shared hit=485 read=89
 Planning Time: 12.978 ms
 Execution Time: 1050.348 ms
(73 rows)

