                                                                                             QUERY PLAN                                                                                              
-----------------------------------------------------------------------------------------------------------------------------------------------------------------------------------------------------
 Aggregate  (cost=349244.03..349244.04 rows=1 width=8) (actual time=2395.618..2395.624 rows=1 loops=1)
   Buffers: shared hit=194423 read=52802
   ->  Nested Loop  (cost=4697.50..349244.03 rows=1 width=0) (actual time=46.307..2395.548 rows=130 loops=1)
         Buffers: shared hit=194423 read=52802
         ->  Hash Join  (cost=4697.07..349241.71 rows=1 width=4) (actual time=46.257..2368.506 rows=757 loops=1)
               Hash Cond: (ci.role_id = rt.id)
               Buffers: shared hit=191800 read=52397
               ->  Nested Loop  (cost=4695.91..349240.50 rows=14 width=8) (actual time=36.176..2360.096 rows=60352 loops=1)
                     Buffers: shared hit=191799 read=52397
                     ->  Nested Loop  (cost=4695.47..349195.94 rows=1 width=12) (actual time=36.129..1731.054 rows=1549 loops=1)
                           Buffers: shared hit=151036 read=29304
                           ->  Nested Loop  (cost=4695.47..349193.52 rows=1 width=16) (actual time=36.122..1705.751 rows=1549 loops=1)
                                 Buffers: shared hit=149487 read=29304
                                 ->  Nested Loop  (cost=4695.47..349191.10 rows=1 width=20) (actual time=36.097..1680.098 rows=1549 loops=1)
                                       Buffers: shared hit=147938 read=29304
                                       ->  Hash Join  (cost=4695.04..347863.84 rows=31 width=12) (actual time=35.839..1124.632 rows=3358 loops=1)
                                             Hash Cond: (t.kind_id = kt.id)
                                             Buffers: shared hit=113354 read=7635
                                             ->  Nested Loop  (cost=4693.90..347862.41 rows=73 width=16) (actual time=35.787..1122.971 rows=3370 loops=1)
                                                   Buffers: shared hit=113353 read=7635
                                                   ->  Bitmap Heap Scan on movie_info mi2  (cost=4693.47..344470.69 rows=406 width=8) (actual time=21.378..316.261 rows=25354 loops=1)
                                                         Recheck Cond: (info_type_id = 5)
                                                         Filter: ((info)::text = ANY ('{"USA:Not Rated",USA:R}'::text[]))
                                                         Rows Removed by Filter: 461200
                                                         Heap Blocks: exact=19164
                                                         Buffers: shared hit=17763 read=1809
                                                         ->  Bitmap Index Scan on info_type_id_movie_info  (cost=0.00..4693.37 rows=439058 width=0) (actual time=18.083..18.083 rows=486554 loops=1)
                                                               Index Cond: (info_type_id = 5)
                                                               Buffers: shared read=408
                                                   ->  Index Scan using title_pkey on title t  (cost=0.43..8.35 rows=1 width=8) (actual time=0.031..0.031 rows=0 loops=25354)
                                                         Index Cond: (id = mi2.movie_id)
                                                         Filter: ((production_year <= 1975) AND (1875 < production_year))
                                                         Rows Removed by Filter: 1
                                                         Buffers: shared hit=95590 read=5826
                                             ->  Hash  (cost=1.10..1.10 rows=3 width=4) (actual time=0.021..0.022 rows=3 loops=1)
                                                   Buckets: 1024  Batches: 1  Memory Usage: 9kB
                                                   Buffers: shared hit=1
                                                   ->  Seq Scan on kind_type kt  (cost=0.00..1.10 rows=3 width=4) (actual time=0.012..0.014 rows=3 loops=1)
                                                         Filter: ((kind)::text = ANY ('{episode,movie,"tv movie"}'::text[]))
                                                         Rows Removed by Filter: 4
                                                         Buffers: shared hit=1
                                       ->  Index Scan using movie_id_movie_info on movie_info mi1  (cost=0.43..42.80 rows=1 width=8) (actual time=0.165..0.165 rows=0 loops=3358)
                                             Index Cond: (movie_id = t.id)
                                             Filter: ((info_type_id = 3) AND ((info)::text = 'Drama'::text))
                                             Rows Removed by Filter: 40
                                             Buffers: shared hit=34584 read=21669
                                 ->  Seq Scan on info_type it1  (cost=0.00..2.41 rows=1 width=4) (actual time=0.007..0.015 rows=1 loops=1549)
                                       Filter: (id = 3)
                                       Rows Removed by Filter: 112
                                       Buffers: shared hit=1549
                           ->  Seq Scan on info_type it2  (cost=0.00..2.41 rows=1 width=4) (actual time=0.007..0.015 rows=1 loops=1549)
                                 Filter: (id = 5)
                                 Rows Removed by Filter: 112
                                 Buffers: shared hit=1549
                     ->  Index Scan using movie_id_cast_info on cast_info ci  (cost=0.44..44.17 rows=38 width=12) (actual time=0.036..0.397 rows=39 loops=1549)
                           Index Cond: (movie_id = t.id)
                           Buffers: shared hit=40763 read=23093
               ->  Hash  (cost=1.15..1.15 rows=1 width=4) (actual time=0.034..0.034 rows=1 loops=1)
                     Buckets: 1024  Batches: 1  Memory Usage: 9kB
                     Buffers: shared hit=1
                     ->  Seq Scan on role_type rt  (cost=0.00..1.15 rows=1 width=4) (actual time=0.026..0.028 rows=1 loops=1)
                           Filter: ((role)::text = 'costume designer'::text)
                           Rows Removed by Filter: 11
                           Buffers: shared hit=1
         ->  Index Scan using name_pkey on name n  (cost=0.43..2.32 rows=1 width=4) (actual time=0.035..0.035 rows=0 loops=757)
               Index Cond: (id = ci.person_id)
               Filter: ((gender)::text = 'f'::text)
               Rows Removed by Filter: 1
               Buffers: shared hit=2623 read=405
 Planning:
   Buffers: shared hit=530 read=44
 Planning Time: 13.998 ms
 Execution Time: 2396.298 ms
(73 rows)

