                                                                                             QUERY PLAN                                                                                              
-----------------------------------------------------------------------------------------------------------------------------------------------------------------------------------------------------
 Aggregate  (cost=348427.19..348427.20 rows=1 width=8) (actual time=5801.484..5801.491 rows=1 loops=1)
   Buffers: shared hit=466867 read=136931
   ->  Nested Loop  (cost=4697.50..348427.19 rows=1 width=0) (actual time=40.048..5801.036 rows=1225 loops=1)
         Buffers: shared hit=466867 read=136931
         ->  Hash Join  (cost=4697.07..348422.55 rows=2 width=4) (actual time=37.167..5084.096 rows=20233 loops=1)
               Hash Cond: (ci.role_id = rt.id)
               Buffers: shared hit=397935 read=124931
               ->  Nested Loop  (cost=4695.89..348421.33 rows=14 width=8) (actual time=36.908..5048.357 rows=224538 loops=1)
                     Buffers: shared hit=397934 read=124931
                     ->  Nested Loop  (cost=4695.45..348376.77 rows=1 width=12) (actual time=36.852..2900.330 rows=5509 loops=1)
                           Buffers: shared hit=209841 read=75475
                           ->  Nested Loop  (cost=4695.45..348374.35 rows=1 width=16) (actual time=36.844..2800.058 rows=5509 loops=1)
                                 Buffers: shared hit=204332 read=75475
                                 ->  Nested Loop  (cost=4695.45..348371.93 rows=1 width=20) (actual time=36.819..2689.369 rows=5509 loops=1)
                                       Buffers: shared hit=198823 read=75475
                                       ->  Hash Join  (cost=4695.02..347258.75 rows=26 width=12) (actual time=30.969..877.833 rows=11859 loops=1)
                                             Hash Cond: (t.kind_id = kt.id)
                                             Buffers: shared hit=65923 read=18894
                                             ->  Nested Loop  (cost=4693.88..347257.36 rows=60 width=16) (actual time=30.894..872.777 rows=11887 loops=1)
                                                   Buffers: shared hit=65922 read=18894
                                                   ->  Bitmap Heap Scan on movie_info mi2  (cost=4693.45..344470.67 rows=333 width=8) (actual time=20.380..347.736 rows=16311 loops=1)
                                                         Recheck Cond: (info_type_id = 5)
                                                         Filter: ((info)::text = ANY ('{Finland:K-16,UK:U}'::text[]))
                                                         Rows Removed by Filter: 470243
                                                         Heap Blocks: exact=19164
                                                         Buffers: shared hit=5154 read=14418
                                                         ->  Bitmap Index Scan on info_type_id_movie_info  (cost=0.00..4693.37 rows=439058 width=0) (actual time=17.382..17.383 rows=486554 loops=1)
                                                               Index Cond: (info_type_id = 5)
                                                               Buffers: shared hit=408
                                                   ->  Index Scan using title_pkey on title t  (cost=0.43..8.37 rows=1 width=8) (actual time=0.032..0.032 rows=1 loops=16311)
                                                         Index Cond: (id = mi2.movie_id)
                                                         Filter: ((production_year <= 1975) AND (1875 < production_year))
                                                         Rows Removed by Filter: 0
                                                         Buffers: shared hit=60768 read=4476
                                             ->  Hash  (cost=1.10..1.10 rows=3 width=4) (actual time=0.050..0.050 rows=3 loops=1)
                                                   Buckets: 1024  Batches: 1  Memory Usage: 9kB
                                                   Buffers: shared hit=1
                                                   ->  Seq Scan on kind_type kt  (cost=0.00..1.10 rows=3 width=4) (actual time=0.009..0.011 rows=3 loops=1)
                                                         Filter: ((kind)::text = ANY ('{episode,movie,"tv movie"}'::text[]))
                                                         Rows Removed by Filter: 4
                                                         Buffers: shared hit=1
                                       ->  Index Scan using movie_id_movie_info on movie_info mi1  (cost=0.43..42.80 rows=1 width=8) (actual time=0.152..0.152 rows=0 loops=11859)
                                             Index Cond: (movie_id = t.id)
                                             Filter: ((info_type_id = 3) AND ((info)::text = 'Drama'::text))
                                             Rows Removed by Filter: 40
                                             Buffers: shared hit=132900 read=56581
                                 ->  Seq Scan on info_type it1  (cost=0.00..2.41 rows=1 width=4) (actual time=0.011..0.018 rows=1 loops=5509)
                                       Filter: (id = 3)
                                       Rows Removed by Filter: 112
                                       Buffers: shared hit=5509
                           ->  Seq Scan on info_type it2  (cost=0.00..2.41 rows=1 width=4) (actual time=0.009..0.017 rows=1 loops=5509)
                                 Filter: (id = 5)
                                 Rows Removed by Filter: 112
                                 Buffers: shared hit=5509
                     ->  Index Scan using movie_id_cast_info on cast_info ci  (cost=0.44..44.17 rows=38 width=12) (actual time=0.032..0.381 rows=41 loops=5509)
                           Index Cond: (movie_id = t.id)
                           Buffers: shared hit=188093 read=49456
               ->  Hash  (cost=1.15..1.15 rows=2 width=4) (actual time=0.036..0.037 rows=2 loops=1)
                     Buckets: 1024  Batches: 1  Memory Usage: 9kB
                     Buffers: shared hit=1
                     ->  Seq Scan on role_type rt  (cost=0.00..1.15 rows=2 width=4) (actual time=0.027..0.030 rows=2 loops=1)
                           Filter: ((role)::text = ANY ('{"miscellaneous crew",producer}'::text[]))
                           Rows Removed by Filter: 10
                           Buffers: shared hit=1
         ->  Index Scan using name_pkey on name n  (cost=0.43..2.32 rows=1 width=4) (actual time=0.035..0.035 rows=0 loops=20233)
               Index Cond: (id = ci.person_id)
               Filter: ((gender)::text = 'f'::text)
               Rows Removed by Filter: 1
               Buffers: shared hit=68932 read=12000
 Planning:
   Buffers: shared hit=574
 Planning Time: 13.744 ms
 Execution Time: 5802.812 ms
(73 rows)

