                                                                                             QUERY PLAN                                                                                              
-----------------------------------------------------------------------------------------------------------------------------------------------------------------------------------------------------
 Aggregate  (cost=448936.76..448936.77 rows=1 width=8) (actual time=3183.520..3183.529 rows=1 loops=1)
   Buffers: shared hit=270825 read=54303
   ->  Nested Loop  (cost=4697.72..448936.75 rows=1 width=0) (actual time=1045.107..3183.515 rows=2 loops=1)
         Buffers: shared hit=270825 read=54303
         ->  Nested Loop  (cost=4697.72..448934.33 rows=1 width=4) (actual time=1045.099..3183.487 rows=2 loops=1)
               Buffers: shared hit=270823 read=54303
               ->  Nested Loop  (cost=4697.72..448931.91 rows=1 width=8) (actual time=1045.075..3183.439 rows=2 loops=1)
                     Buffers: shared hit=270821 read=54303
                     ->  Hash Join  (cost=4697.29..448927.27 rows=2 width=12) (actual time=269.292..3168.344 rows=343 loops=1)
                           Hash Cond: (ci.role_id = rt.id)
                           Buffers: shared hit=269774 read=53978
                           ->  Nested Loop  (cost=4696.13..448926.01 rows=29 width=16) (actual time=21.537..3166.065 rows=14964 loops=1)
                                 Buffers: shared hit=269773 read=53978
                                 ->  Nested Loop  (cost=4695.69..448837.26 rows=2 width=20) (actual time=21.501..3000.856 rows=779 loops=1)
                                       Buffers: shared hit=259352 read=47500
                                       ->  Hash Join  (cost=4695.25..443787.43 rows=118 width=12) (actual time=19.332..2855.556 rows=749 loops=1)
                                             Hash Cond: (t.kind_id = kt.id)
                                             Buffers: shared hit=253294 read=40815
                                             ->  Nested Loop  (cost=4694.12..443785.15 rows=274 width=16) (actual time=19.299..2849.692 rows=27801 loops=1)
                                                   Buffers: shared hit=253293 read=40815
                                                   ->  Bitmap Heap Scan on movie_info mi2  (cost=4693.69..433458.02 rows=1271 width=8) (actual time=18.991..507.035 rows=68634 loops=1)
                                                         Recheck Cond: (info_type_id = 5)
                                                         Filter: ((info)::text = ANY ('{Argentina:13,Argentina:Atp,Australia:M,Finland:K-12,Finland:K-16,Sweden:15,UK:PG,USA:PG}'::text[]))
                                                         Rows Removed by Filter: 417920
                                                         Heap Blocks: exact=19164
                                                         Buffers: shared hit=2057 read=17515
                                                         ->  Bitmap Index Scan on info_type_id_movie_info  (cost=0.00..4693.37 rows=439058 width=0) (actual time=16.382..16.383 rows=486554 loops=1)
                                                               Index Cond: (info_type_id = 5)
                                                               Buffers: shared read=408
                                                   ->  Index Scan using title_pkey on title t  (cost=0.43..8.13 rows=1 width=8) (actual time=0.034..0.034 rows=0 loops=68634)
                                                         Index Cond: (id = mi2.movie_id)
                                                         Filter: ((production_year <= 1990) AND (1950 < production_year))
                                                         Rows Removed by Filter: 1
                                                         Buffers: shared hit=251236 read=23300
                                             ->  Hash  (cost=1.10..1.10 rows=3 width=4) (actual time=0.013..0.014 rows=3 loops=1)
                                                   Buckets: 1024  Batches: 1  Memory Usage: 9kB
                                                   Buffers: shared hit=1
                                                   ->  Seq Scan on kind_type kt  (cost=0.00..1.10 rows=3 width=4) (actual time=0.007..0.008 rows=3 loops=1)
                                                         Filter: ((kind)::text = ANY ('{"tv series","video game","video movie"}'::text[]))
                                                         Rows Removed by Filter: 4
                                                         Buffers: shared hit=1
                                       ->  Index Scan using movie_id_movie_info on movie_info mi1  (cost=0.43..42.79 rows=1 width=8) (actual time=0.188..0.193 rows=1 loops=749)
                                             Index Cond: (movie_id = t.id)
                                             Filter: ((info_type_id = 3) AND ((info)::text = ANY ('{Action,Comedy,Drama,Romance}'::text[])))
                                             Rows Removed by Filter: 63
                                             Buffers: shared hit=6058 read=6685
                                 ->  Index Scan using movie_id_cast_info on cast_info ci  (cost=0.44..43.99 rows=38 width=12) (actual time=0.034..0.207 rows=19 loops=779)
                                       Index Cond: (movie_id = t.id)
                                       Buffers: shared hit=10421 read=6478
                           ->  Hash  (cost=1.15..1.15 rows=1 width=4) (actual time=0.046..0.047 rows=1 loops=1)
                                 Buckets: 1024  Batches: 1  Memory Usage: 9kB
                                 Buffers: shared hit=1
                                 ->  Seq Scan on role_type rt  (cost=0.00..1.15 rows=1 width=4) (actual time=0.027..0.041 rows=1 loops=1)
                                       Filter: ((role)::text = 'composer'::text)
                                       Rows Removed by Filter: 11
                                       Buffers: shared hit=1
                     ->  Index Scan using name_pkey on name n  (cost=0.43..2.32 rows=1 width=4) (actual time=0.043..0.043 rows=0 loops=343)
                           Index Cond: (id = ci.person_id)
                           Filter: ((gender)::text = 'f'::text)
                           Rows Removed by Filter: 1
                           Buffers: shared hit=1047 read=325
               ->  Seq Scan on info_type it1  (cost=0.00..2.41 rows=1 width=4) (actual time=0.015..0.021 rows=1 loops=2)
                     Filter: (id = 3)
                     Rows Removed by Filter: 112
                     Buffers: shared hit=2
         ->  Seq Scan on info_type it2  (cost=0.00..2.41 rows=1 width=4) (actual time=0.006..0.012 rows=1 loops=2)
               Filter: (id = 5)
               Rows Removed by Filter: 112
               Buffers: shared hit=2
 Planning:
   Buffers: shared hit=485 read=89
 Planning Time: 12.886 ms
 Execution Time: 3184.185 ms
(73 rows)

