                                                                                                   QUERY PLAN                                                                                                   
----------------------------------------------------------------------------------------------------------------------------------------------------------------------------------------------------------------
 Aggregate  (cost=458301.09..458301.10 rows=1 width=8) (actual time=23173.014..23173.021 rows=1 loops=1)
   Buffers: shared hit=1857016 read=378446
   ->  Nested Loop  (cost=4697.53..458301.07 rows=7 width=0) (actual time=73.645..23167.833 rows=14764 loops=1)
         Buffers: shared hit=1857016 read=378446
         ->  Hash Join  (cost=4697.10..458277.88 rows=10 width=4) (actual time=69.399..21803.845 rows=34665 loops=1)
               Hash Cond: (ci.role_id = rt.id)
               Buffers: shared hit=1729673 read=367129
               ->  Nested Loop  (cost=4695.93..458276.50 rows=57 width=8) (actual time=66.709..21533.582 rows=1549135 loops=1)
                     Buffers: shared hit=1729672 read=367129
                     ->  Nested Loop  (cost=4695.49..458101.55 rows=4 width=12) (actual time=66.640..6177.558 rows=17002 loops=1)
                           Buffers: shared hit=414811 read=126463
                           ->  Seq Scan on info_type it2  (cost=0.00..2.41 rows=1 width=4) (actual time=0.034..0.044 rows=1 loops=1)
                                 Filter: (id = 5)
                                 Rows Removed by Filter: 112
                                 Buffers: shared hit=1
                           ->  Nested Loop  (cost=4695.49..458099.10 rows=4 width=16) (actual time=66.605..6172.514 rows=17002 loops=1)
                                 Buffers: shared hit=414810 read=126463
                                 ->  Seq Scan on info_type it1  (cost=0.00..2.41 rows=1 width=4) (actual time=0.008..0.020 rows=1 loops=1)
                                       Filter: (id = 3)
                                       Rows Removed by Filter: 112
                                       Buffers: shared hit=1
                                 ->  Nested Loop  (cost=4695.49..458096.65 rows=4 width=20) (actual time=66.593..6167.330 rows=17002 loops=1)
                                       Buffers: shared hit=414809 read=126463
                                       ->  Hash Join  (cost=4695.05..452208.17 rows=139 width=12) (actual time=19.451..2010.579 rows=22080 loops=1)
                                             Hash Cond: (t.kind_id = kt.id)
                                             Buffers: shared hit=133416 read=32093
                                             ->  Nested Loop  (cost=4693.92..452205.68 rows=324 width=16) (actual time=19.377..1995.514 rows=24981 loops=1)
                                                   Buffers: shared hit=133415 read=32093
                                                   ->  Bitmap Heap Scan on movie_info mi2  (cost=4693.49..448289.00 rows=470 width=8) (actual time=19.239..571.267 rows=36484 loops=1)
                                                         Recheck Cond: (info_type_id = 5)
                                                         Filter: ((info)::text = ANY ('{Australia:G,Australia:R,Canada:14A,Germany:12,Germany:18,Germany:6,Malaysia:U,Singapore:NC-16,Singapore:R21}'::text[]))
                                                         Rows Removed by Filter: 450070
                                                         Heap Blocks: exact=19164
                                                         Buffers: shared hit=5301 read=14271
                                                         ->  Bitmap Index Scan on info_type_id_movie_info  (cost=0.00..4693.37 rows=439058 width=0) (actual time=16.605..16.606 rows=486554 loops=1)
                                                               Index Cond: (info_type_id = 5)
                                                               Buffers: shared hit=408
                                                   ->  Index Scan using title_pkey on title t  (cost=0.43..8.33 rows=1 width=8) (actual time=0.038..0.038 rows=1 loops=36484)
                                                         Index Cond: (id = mi2.movie_id)
                                                         Filter: ((production_year <= 2015) AND (1990 < production_year))
                                                         Rows Removed by Filter: 0
                                                         Buffers: shared hit=128114 read=17822
                                             ->  Hash  (cost=1.10..1.10 rows=3 width=4) (actual time=0.018..0.019 rows=3 loops=1)
                                                   Buckets: 1024  Batches: 1  Memory Usage: 9kB
                                                   Buffers: shared hit=1
                                                   ->  Seq Scan on kind_type kt  (cost=0.00..1.10 rows=3 width=4) (actual time=0.008..0.010 rows=3 loops=1)
                                                         Filter: ((kind)::text = ANY ('{episode,movie,"video movie"}'::text[]))
                                                         Rows Removed by Filter: 4
                                                         Buffers: shared hit=1
                                       ->  Index Scan using movie_id_movie_info on movie_info mi1  (cost=0.43..42.35 rows=1 width=8) (actual time=0.186..0.187 rows=1 loops=22080)
                                             Index Cond: (movie_id = t.id)
                                             Filter: ((info_type_id = 3) AND ((info)::text = ANY ('{Action,Comedy,Documentary,Drama}'::text[])))
                                             Rows Removed by Filter: 79
                                             Buffers: shared hit=281393 read=94370
                     ->  Index Scan using movie_id_cast_info on cast_info ci  (cost=0.44..43.36 rows=38 width=12) (actual time=0.039..0.879 rows=91 loops=17002)
                           Index Cond: (movie_id = t.id)
                           Buffers: shared hit=1314861 read=240666
               ->  Hash  (cost=1.15..1.15 rows=2 width=4) (actual time=0.034..0.035 rows=2 loops=1)
                     Buckets: 1024  Batches: 1  Memory Usage: 9kB
                     Buffers: shared hit=1
                     ->  Seq Scan on role_type rt  (cost=0.00..1.15 rows=2 width=4) (actual time=0.026..0.028 rows=2 loops=1)
                           Filter: ((role)::text = ANY ('{"costume designer",editor}'::text[]))
                           Rows Removed by Filter: 10
                           Buffers: shared hit=1
         ->  Index Scan using name_pkey on name n  (cost=0.43..2.32 rows=1 width=4) (actual time=0.039..0.039 rows=0 loops=34665)
               Index Cond: (id = ci.person_id)
               Filter: ((gender)::text = ANY ('{f,m}'::text[]))
               Rows Removed by Filter: 1
               Buffers: shared hit=127343 read=11317
 Planning:
   Buffers: shared hit=574
 Planning Time: 13.137 ms
 Execution Time: 23173.704 ms
(73 rows)

