                                                                                             QUERY PLAN                                                                                              
-----------------------------------------------------------------------------------------------------------------------------------------------------------------------------------------------------
 Aggregate  (cost=374949.82..374949.83 rows=1 width=8) (actual time=10486.595..10486.602 rows=1 loops=1)
   Buffers: shared hit=895146 read=195905
   ->  Nested Loop  (cost=4697.40..374949.82 rows=1 width=0) (actual time=40.115..10484.408 rows=7161 loops=1)
         Buffers: shared hit=895146 read=195905
         ->  Hash Join  (cost=4696.97..374945.18 rows=2 width=4) (actual time=37.563..10001.307 rows=14066 loops=1)
               Hash Cond: (ci.role_id = rt.id)
               Buffers: shared hit=842103 read=192684
               ->  Nested Loop  (cost=4695.80..374943.96 rows=14 width=8) (actual time=32.797..9882.136 rows=789134 loops=1)
                     Buffers: shared hit=842102 read=192684
                     ->  Nested Loop  (cost=4695.36..374900.22 rows=1 width=12) (actual time=32.753..2888.242 rows=7995 loops=1)
                           Buffers: shared hit=147829 read=93750
                           ->  Nested Loop  (cost=4695.36..374897.80 rows=1 width=16) (actual time=32.746..2719.720 rows=7995 loops=1)
                                 Buffers: shared hit=139834 read=93750
                                 ->  Nested Loop  (cost=4695.36..374895.38 rows=1 width=20) (actual time=32.728..2560.036 rows=7995 loops=1)
                                       Buffers: shared hit=131839 read=93750
                                       ->  Hash Join  (cost=4694.92..374514.57 rows=9 width=12) (actual time=32.605..802.782 rows=7149 loops=1)
                                             Hash Cond: (t.kind_id = kt.id)
                                             Buffers: shared hit=39005 read=28200
                                             ->  Nested Loop  (cost=4693.81..374513.33 rows=31 width=16) (actual time=21.577..798.309 rows=8307 loops=1)
                                                   Buffers: shared hit=39004 read=28200
                                                   ->  Bitmap Heap Scan on movie_info mi2  (cost=4693.38..374132.97 rows=45 width=8) (actual time=21.536..382.818 rows=11908 loops=1)
                                                         Recheck Cond: (info_type_id = 5)
                                                         Filter: ((info)::text = ANY ('{Canada:13+,Iceland:L,Malaysia:U,Singapore:NC-16}'::text[]))
                                                         Rows Removed by Filter: 474646
                                                         Heap Blocks: exact=19164
                                                         Buffers: shared hit=2205 read=17367
                                                         ->  Bitmap Index Scan on info_type_id_movie_info  (cost=0.00..4693.37 rows=439058 width=0) (actual time=17.082..17.082 rows=486554 loops=1)
                                                               Index Cond: (info_type_id = 5)
                                                               Buffers: shared read=408
                                                   ->  Index Scan using title_pkey on title t  (cost=0.43..8.45 rows=1 width=8) (actual time=0.034..0.034 rows=1 loops=11908)
                                                         Index Cond: (id = mi2.movie_id)
                                                         Filter: ((production_year <= 2015) AND (1990 < production_year))
                                                         Rows Removed by Filter: 0
                                                         Buffers: shared hit=36799 read=10833
                                             ->  Hash  (cost=1.09..1.09 rows=2 width=4) (actual time=0.018..0.019 rows=2 loops=1)
                                                   Buckets: 1024  Batches: 1  Memory Usage: 9kB
                                                   Buffers: shared hit=1
                                                   ->  Seq Scan on kind_type kt  (cost=0.00..1.09 rows=2 width=4) (actual time=0.010..0.012 rows=2 loops=1)
                                                         Filter: ((kind)::text = ANY ('{episode,movie}'::text[]))
                                                         Rows Removed by Filter: 5
                                                         Buffers: shared hit=1
                                       ->  Index Scan using movie_id_movie_info on movie_info mi1  (cost=0.43..42.30 rows=1 width=8) (actual time=0.244..0.245 rows=1 loops=7149)
                                             Index Cond: (movie_id = t.id)
                                             Filter: ((info_type_id = 3) AND ((info)::text = ANY ('{Comedy,Drama,Romance}'::text[])))
                                             Rows Removed by Filter: 128
                                             Buffers: shared hit=92834 read=65550
                                 ->  Seq Scan on info_type it1  (cost=0.00..2.41 rows=1 width=4) (actual time=0.009..0.018 rows=1 loops=7995)
                                       Filter: (id = 3)
                                       Rows Removed by Filter: 112
                                       Buffers: shared hit=7995
                           ->  Seq Scan on info_type it2  (cost=0.00..2.41 rows=1 width=4) (actual time=0.011..0.019 rows=1 loops=7995)
                                 Filter: (id = 5)
                                 Rows Removed by Filter: 112
                                 Buffers: shared hit=7995
                     ->  Index Scan using movie_id_cast_info on cast_info ci  (cost=0.44..43.36 rows=38 width=12) (actual time=0.038..0.852 rows=99 loops=7995)
                           Index Cond: (movie_id = t.id)
                           Buffers: shared hit=694273 read=98934
               ->  Hash  (cost=1.15..1.15 rows=2 width=4) (actual time=0.035..0.036 rows=2 loops=1)
                     Buckets: 1024  Batches: 1  Memory Usage: 9kB
                     Buffers: shared hit=1
                     ->  Seq Scan on role_type rt  (cost=0.00..1.15 rows=2 width=4) (actual time=0.026..0.028 rows=2 loops=1)
                           Filter: ((role)::text = ANY ('{"costume designer","production designer"}'::text[]))
                           Rows Removed by Filter: 10
                           Buffers: shared hit=1
         ->  Index Scan using name_pkey on name n  (cost=0.43..2.32 rows=1 width=4) (actual time=0.034..0.034 rows=1 loops=14066)
               Index Cond: (id = ci.person_id)
               Filter: ((gender)::text = ANY ('{f,m}'::text[]))
               Rows Removed by Filter: 0
               Buffers: shared hit=53043 read=3221
 Planning:
   Buffers: shared hit=484 read=90
 Planning Time: 13.850 ms
 Execution Time: 10487.274 ms
(73 rows)

