                                                                                             QUERY PLAN                                                                                              
-----------------------------------------------------------------------------------------------------------------------------------------------------------------------------------------------------
 Aggregate  (cost=344795.45..344795.46 rows=1 width=8) (actual time=2896.854..2896.860 rows=1 loops=1)
   Buffers: shared hit=207911 read=92353
   ->  Nested Loop  (cost=4696.41..344795.45 rows=1 width=0) (actual time=36.557..2896.729 rows=336 loops=1)
         Buffers: shared hit=207911 read=92353
         ->  Hash Join  (cost=4695.98..344793.13 rows=1 width=4) (actual time=35.139..2691.053 rows=6372 loops=1)
               Hash Cond: (ci.role_id = rt.id)
               Buffers: shared hit=188223 read=86553
               ->  Nested Loop  (cost=4694.81..344791.92 rows=14 width=8) (actual time=34.687..2675.357 rows=112989 loops=1)
                     Buffers: shared hit=188222 read=86553
                     ->  Nested Loop  (cost=4694.37..344747.54 rows=1 width=12) (actual time=34.620..1573.693 rows=2429 loops=1)
                           Buffers: shared hit=104095 read=52255
                           ->  Nested Loop  (cost=4694.37..344745.12 rows=1 width=16) (actual time=34.615..1534.569 rows=2429 loops=1)
                                 Buffers: shared hit=101666 read=52255
                                 ->  Nested Loop  (cost=4694.37..344742.70 rows=1 width=20) (actual time=34.595..1496.368 rows=2429 loops=1)
                                       Buffers: shared hit=99237 read=52255
                                       ->  Nested Loop  (cost=4693.94..344657.31 rows=2 width=12) (actual time=34.458..621.277 rows=5482 loops=1)
                                             Buffers: shared hit=35236 read=20704
                                             ->  Nested Loop  (cost=4693.81..344656.55 rows=5 width=16) (actual time=23.903..534.775 rows=5592 loops=1)
                                                   Buffers: shared hit=24052 read=20704
                                                   ->  Bitmap Heap Scan on movie_info mi2  (cost=4693.38..344470.60 rows=22 width=8) (actual time=23.849..318.685 rows=6296 loops=1)
                                                         Recheck Cond: (info_type_id = 5)
                                                         Filter: ((info)::text = ANY ('{"West Germany:12","West Germany:18"}'::text[]))
                                                         Rows Removed by Filter: 480258
                                                         Heap Blocks: exact=19164
                                                         Buffers: shared hit=2203 read=17369
                                                         ->  Bitmap Index Scan on info_type_id_movie_info  (cost=0.00..4693.37 rows=439058 width=0) (actual time=18.455..18.456 rows=486554 loops=1)
                                                               Index Cond: (info_type_id = 5)
                                                               Buffers: shared read=408
                                                   ->  Index Scan using title_pkey on title t  (cost=0.43..8.45 rows=1 width=8) (actual time=0.034..0.034 rows=1 loops=6296)
                                                         Index Cond: (id = mi2.movie_id)
                                                         Filter: ((production_year <= 1990) AND (1950 < production_year))
                                                         Rows Removed by Filter: 0
                                                         Buffers: shared hit=21849 read=3335
                                             ->  Index Scan using kind_type_pkey on kind_type kt  (cost=0.13..0.15 rows=1 width=4) (actual time=0.015..0.015 rows=1 loops=5592)
                                                   Index Cond: (id = t.kind_id)
                                                   Filter: ((kind)::text = ANY ('{episode,movie,"tv movie"}'::text[]))
                                                   Rows Removed by Filter: 0
                                                   Buffers: shared hit=11184
                                       ->  Index Scan using movie_id_movie_info on movie_info mi1  (cost=0.43..42.68 rows=1 width=8) (actual time=0.159..0.159 rows=0 loops=5482)
                                             Index Cond: (movie_id = t.id)
                                             Filter: ((info_type_id = 3) AND ((info)::text = 'Drama'::text))
                                             Rows Removed by Filter: 56
                                             Buffers: shared hit=64001 read=31551
                                 ->  Seq Scan on info_type it1  (cost=0.00..2.41 rows=1 width=4) (actual time=0.007..0.014 rows=1 loops=2429)
                                       Filter: (id = 3)
                                       Rows Removed by Filter: 112
                                       Buffers: shared hit=2429
                           ->  Seq Scan on info_type it2  (cost=0.00..2.41 rows=1 width=4) (actual time=0.008..0.015 rows=1 loops=2429)
                                 Filter: (id = 5)
                                 Rows Removed by Filter: 112
                                 Buffers: shared hit=2429
                     ->  Index Scan using movie_id_cast_info on cast_info ci  (cost=0.44..43.99 rows=38 width=12) (actual time=0.037..0.444 rows=47 loops=2429)
                           Index Cond: (movie_id = t.id)
                           Buffers: shared hit=84127 read=34298
               ->  Hash  (cost=1.15..1.15 rows=1 width=4) (actual time=0.034..0.035 rows=1 loops=1)
                     Buckets: 1024  Batches: 1  Memory Usage: 9kB
                     Buffers: shared hit=1
                     ->  Seq Scan on role_type rt  (cost=0.00..1.15 rows=1 width=4) (actual time=0.026..0.028 rows=1 loops=1)
                           Filter: ((role)::text = 'writer'::text)
                           Rows Removed by Filter: 11
                           Buffers: shared hit=1
         ->  Index Scan using name_pkey on name n  (cost=0.43..2.32 rows=1 width=4) (actual time=0.032..0.032 rows=0 loops=6372)
               Index Cond: (id = ci.person_id)
               Filter: ((gender)::text = 'f'::text)
               Rows Removed by Filter: 1
               Buffers: shared hit=19688 read=5800
 Planning:
   Buffers: shared hit=519 read=55
 Planning Time: 14.707 ms
 Execution Time: 2897.510 ms
(70 rows)

