                                                                                             QUERY PLAN                                                                                              
-----------------------------------------------------------------------------------------------------------------------------------------------------------------------------------------------------
 Aggregate  (cost=391101.91..391101.92 rows=1 width=8) (actual time=4492.161..4492.169 rows=1 loops=1)
   Buffers: shared hit=352083 read=113793
   ->  Nested Loop  (cost=4697.60..391101.91 rows=1 width=0) (actual time=64.383..4491.674 rows=1332 loops=1)
         Buffers: shared hit=352083 read=113793
         ->  Nested Loop  (cost=4697.60..391099.48 rows=1 width=4) (actual time=64.373..4469.621 rows=1332 loops=1)
               Buffers: shared hit=350751 read=113793
               ->  Nested Loop  (cost=4697.60..391097.06 rows=1 width=8) (actual time=64.355..4445.198 rows=1332 loops=1)
                     Buffers: shared hit=349419 read=113793
                     ->  Hash Join  (cost=4697.17..391092.42 rows=2 width=12) (actual time=23.096..4330.740 rows=3259 loops=1)
                           Hash Cond: (ci.role_id = rt.id)
                           Buffers: shared hit=337862 read=112314
                           ->  Nested Loop  (cost=4696.01..391091.16 rows=29 width=16) (actual time=22.744..4298.906 rows=209299 loops=1)
                                 Buffers: shared hit=337861 read=112314
                                 ->  Nested Loop  (cost=4695.57..391003.69 rows=2 width=20) (actual time=22.699..2327.891 rows=4087 loops=1)
                                       Buffers: shared hit=176565 read=65286
                                       ->  Hash Join  (cost=4695.14..380836.54 rows=240 width=12) (actual time=20.826..1505.223 rows=5683 loops=1)
                                             Hash Cond: (t.kind_id = kt.id)
                                             Buffers: shared hit=122718 read=34587
                                             ->  Nested Loop  (cost=4694.00..380833.05 rows=560 width=16) (actual time=20.778..1498.642 rows=26587 loops=1)
                                                   Buffers: shared hit=122717 read=34587
                                                   ->  Bitmap Heap Scan on movie_info mi2  (cost=4693.57..374133.16 rows=813 width=8) (actual time=20.730..388.968 rows=34433 loops=1)
                                                         Recheck Cond: (info_type_id = 5)
                                                         Filter: ((info)::text = ANY ('{Australia:M,Australia:MA,Germany:16,UK:15}'::text[]))
                                                         Rows Removed by Filter: 452121
                                                         Heap Blocks: exact=19164
                                                         Buffers: shared hit=2258 read=17314
                                                         ->  Bitmap Index Scan on info_type_id_movie_info  (cost=0.00..4693.37 rows=439058 width=0) (actual time=18.081..18.081 rows=486554 loops=1)
                                                               Index Cond: (info_type_id = 5)
                                                               Buffers: shared read=408
                                                   ->  Index Scan using title_pkey on title t  (cost=0.43..8.24 rows=1 width=8) (actual time=0.032..0.032 rows=1 loops=34433)
                                                         Index Cond: (id = mi2.movie_id)
                                                         Filter: ((production_year <= 2015) AND (1990 < production_year))
                                                         Rows Removed by Filter: 0
                                                         Buffers: shared hit=120459 read=17273
                                             ->  Hash  (cost=1.10..1.10 rows=3 width=4) (actual time=0.019..0.020 rows=3 loops=1)
                                                   Buckets: 1024  Batches: 1  Memory Usage: 9kB
                                                   Buffers: shared hit=1
                                                   ->  Seq Scan on kind_type kt  (cost=0.00..1.10 rows=3 width=4) (actual time=0.010..0.012 rows=3 loops=1)
                                                         Filter: ((kind)::text = ANY ('{"tv movie","tv series","video game"}'::text[]))
                                                         Rows Removed by Filter: 4
                                                         Buffers: shared hit=1
                                       ->  Index Scan using movie_id_movie_info on movie_info mi1  (cost=0.43..42.35 rows=1 width=8) (actual time=0.143..0.144 rows=1 loops=5683)
                                             Index Cond: (movie_id = t.id)
                                             Filter: ((info_type_id = 3) AND ((info)::text = ANY ('{Action,Crime,Romance,Thriller}'::text[])))
                                             Rows Removed by Filter: 33
                                             Buffers: shared hit=53847 read=30699
                                 ->  Index Scan using movie_id_cast_info on cast_info ci  (cost=0.44..43.36 rows=38 width=12) (actual time=0.038..0.470 rows=51 loops=4087)
                                       Index Cond: (movie_id = t.id)
                                       Buffers: shared hit=161296 read=47028
                           ->  Hash  (cost=1.15..1.15 rows=1 width=4) (actual time=0.034..0.034 rows=1 loops=1)
                                 Buckets: 1024  Batches: 1  Memory Usage: 9kB
                                 Buffers: shared hit=1
                                 ->  Seq Scan on role_type rt  (cost=0.00..1.15 rows=1 width=4) (actual time=0.026..0.028 rows=1 loops=1)
                                       Filter: ((role)::text = 'composer'::text)
                                       Rows Removed by Filter: 11
                                       Buffers: shared hit=1
                     ->  Index Scan using name_pkey on name n  (cost=0.43..2.32 rows=1 width=4) (actual time=0.034..0.034 rows=0 loops=3259)
                           Index Cond: (id = ci.person_id)
                           Filter: ((gender)::text = 'm'::text)
                           Rows Removed by Filter: 1
                           Buffers: shared hit=11557 read=1479
               ->  Seq Scan on info_type it1  (cost=0.00..2.41 rows=1 width=4) (actual time=0.009..0.016 rows=1 loops=1332)
                     Filter: (id = 3)
                     Rows Removed by Filter: 112
                     Buffers: shared hit=1332
         ->  Seq Scan on info_type it2  (cost=0.00..2.41 rows=1 width=4) (actual time=0.007..0.015 rows=1 loops=1332)
               Filter: (id = 5)
               Rows Removed by Filter: 112
               Buffers: shared hit=1332
 Planning:
   Buffers: shared hit=483 read=91
 Planning Time: 14.228 ms
 Execution Time: 4492.823 ms
(73 rows)

