                                                                                                        QUERY PLAN                                                                                                         
---------------------------------------------------------------------------------------------------------------------------------------------------------------------------------------------------------------------------
 Aggregate  (cost=480028.73..480028.74 rows=1 width=8) (actual time=34777.154..34777.161 rows=1 loops=1)
   Buffers: shared hit=3154358 read=400817
   ->  Nested Loop  (cost=4697.60..480028.72 rows=5 width=0) (actual time=74.484..34770.535 rows=16441 loops=1)
         Buffers: shared hit=3154358 read=400817
         ->  Seq Scan on info_type it2  (cost=0.00..2.41 rows=1 width=4) (actual time=0.042..0.051 rows=1 loops=1)
               Filter: (id = 5)
               Rows Removed by Filter: 112
               Buffers: shared hit=1
         ->  Nested Loop  (cost=4697.60..480026.25 rows=5 width=4) (actual time=74.441..34765.881 rows=16441 loops=1)
               Buffers: shared hit=3154357 read=400817
               ->  Seq Scan on info_type it1  (cost=0.00..2.41 rows=1 width=4) (actual time=0.008..0.019 rows=1 loops=1)
                     Filter: (id = 3)
                     Rows Removed by Filter: 112
                     Buffers: shared hit=1
               ->  Nested Loop  (cost=4697.60..480023.79 rows=5 width=8) (actual time=74.430..34760.924 rows=16441 loops=1)
                     Buffers: shared hit=3154356 read=400817
                     ->  Hash Join  (cost=4697.17..479998.28 rows=11 width=12) (actual time=74.374..33668.127 rows=28665 loops=1)
                           Hash Cond: (ci.role_id = rt.id)
                           Buffers: shared hit=3048463 read=392050
                           ->  Nested Loop  (cost=4696.01..479996.65 rows=129 width=16) (actual time=73.280..33191.612 rows=2679758 loops=1)
                                 Buffers: shared hit=3048462 read=392050
                                 ->  Nested Loop  (cost=4695.57..479603.03 rows=9 width=20) (actual time=73.230..8045.629 rows=29221 loops=1)
                                       Buffers: shared hit=602074 read=146146
                                       ->  Hash Join  (cost=4695.13..469654.08 rows=234 width=12) (actual time=20.718..2695.975 rows=30225 loops=1)
                                             Hash Cond: (t.kind_id = kt.id)
                                             Buffers: shared hit=199658 read=42363
                                             ->  Nested Loop  (cost=4694.00..469650.65 rows=546 width=16) (actual time=20.648..2675.495 rows=33970 loops=1)
                                                   Buffers: shared hit=199657 read=42363
                                                   ->  Bitmap Heap Scan on movie_info mi2  (cost=4693.57..463120.27 rows=792 width=8) (actual time=20.558..617.311 rows=55612 loops=1)
                                                         Recheck Cond: (info_type_id = 5)
                                                         Filter: ((info)::text = ANY ('{Australia:G,Finland:K-16,Germany:12,Netherlands:12,Netherlands:16,Peru:14,Singapore:NC-16,Spain:T,Sweden:7,USA:Unrated}'::text[]))
                                                         Rows Removed by Filter: 430942
                                                         Heap Blocks: exact=19164
                                                         Buffers: shared hit=3667 read=15905
                                                         ->  Bitmap Index Scan on info_type_id_movie_info  (cost=0.00..4693.37 rows=439058 width=0) (actual time=17.885..17.885 rows=486554 loops=1)
                                                               Index Cond: (info_type_id = 5)
                                                               Buffers: shared read=408
                                                   ->  Index Scan using title_pkey on title t  (cost=0.43..8.25 rows=1 width=8) (actual time=0.036..0.036 rows=1 loops=55612)
                                                         Index Cond: (id = mi2.movie_id)
                                                         Filter: ((production_year <= 2015) AND (1990 < production_year))
                                                         Rows Removed by Filter: 0
                                                         Buffers: shared hit=195990 read=26458
                                             ->  Hash  (cost=1.10..1.10 rows=3 width=4) (actual time=0.016..0.017 rows=3 loops=1)
                                                   Buckets: 1024  Batches: 1  Memory Usage: 9kB
                                                   Buffers: shared hit=1
                                                   ->  Seq Scan on kind_type kt  (cost=0.00..1.10 rows=3 width=4) (actual time=0.008..0.010 rows=3 loops=1)
                                                         Filter: ((kind)::text = ANY ('{episode,movie,"video movie"}'::text[]))
                                                         Rows Removed by Filter: 4
                                                         Buffers: shared hit=1
                                       ->  Index Scan using movie_id_movie_info on movie_info mi1  (cost=0.43..42.51 rows=1 width=8) (actual time=0.175..0.176 rows=1 loops=30225)
                                             Index Cond: (movie_id = t.id)
                                             Filter: ((info_type_id = 3) AND ((info)::text = ANY ('{Action,Animation,Comedy,Crime,Drama,Short,Thriller}'::text[])))
                                             Rows Removed by Filter: 73
                                             Buffers: shared hit=402416 read=103783
                                 ->  Index Scan using movie_id_cast_info on cast_info ci  (cost=0.44..43.36 rows=38 width=12) (actual time=0.038..0.835 rows=92 loops=29221)
                                       Index Cond: (movie_id = t.id)
                                       Buffers: shared hit=2446388 read=245904
                           ->  Hash  (cost=1.15..1.15 rows=1 width=4) (actual time=0.015..0.016 rows=1 loops=1)
                                 Buckets: 1024  Batches: 1  Memory Usage: 9kB
                                 Buffers: shared hit=1
                                 ->  Seq Scan on role_type rt  (cost=0.00..1.15 rows=1 width=4) (actual time=0.009..0.010 rows=1 loops=1)
                                       Filter: ((role)::text = 'cinematographer'::text)
                                       Rows Removed by Filter: 11
                                       Buffers: shared hit=1
                     ->  Index Scan using name_pkey on name n  (cost=0.43..2.32 rows=1 width=4) (actual time=0.037..0.037 rows=1 loops=28665)
                           Index Cond: (id = ci.person_id)
                           Filter: ((gender)::text = 'm'::text)
                           Rows Removed by Filter: 0
                           Buffers: shared hit=105893 read=8767
 Planning:
   Buffers: shared hit=520 read=54
 Planning Time: 13.893 ms
 Execution Time: 34777.817 ms
(73 rows)

