                                                                                             QUERY PLAN                                                                                              
-----------------------------------------------------------------------------------------------------------------------------------------------------------------------------------------------------
 Aggregate  (cost=366126.33..366126.34 rows=1 width=8) (actual time=1358.073..1358.086 rows=1 loops=1)
   Buffers: shared hit=97684 read=35077
   ->  Nested Loop  (cost=4697.48..366126.32 rows=1 width=0) (actual time=55.978..1357.982 rows=368 loops=1)
         Buffers: shared hit=97684 read=35077
         ->  Hash Join  (cost=4697.05..366121.69 rows=2 width=4) (actual time=55.929..1336.537 rows=557 loops=1)
               Hash Cond: (ci.role_id = rt.id)
               Buffers: shared hit=95943 read=34590
               ->  Nested Loop  (cost=4695.87..366120.46 rows=14 width=8) (actual time=55.523..1334.871 rows=10714 loops=1)
                     Buffers: shared hit=95942 read=34590
                     ->  Nested Loop  (cost=4695.43..366076.80 rows=1 width=12) (actual time=55.480..1223.674 rows=172 loops=1)
                           Buffers: shared hit=87005 read=32554
                           ->  Nested Loop  (cost=4695.43..366074.38 rows=1 width=16) (actual time=55.474..1221.203 rows=172 loops=1)
                                 Buffers: shared hit=86833 read=32554
                                 ->  Nested Loop  (cost=4695.43..366071.96 rows=1 width=20) (actual time=55.447..1217.013 rows=172 loops=1)
                                       Buffers: shared hit=86661 read=32554
                                       ->  Hash Join  (cost=4695.00..362183.99 rows=92 width=12) (actual time=47.218..1032.938 rows=1613 loops=1)
                                             Hash Cond: (t.kind_id = kt.id)
                                             Buffers: shared hit=69663 read=30058
                                             ->  Nested Loop  (cost=4693.89..362181.52 rows=321 width=16) (actual time=20.675..1029.120 rows=19703 loops=1)
                                                   Buffers: shared hit=69662 read=30058
                                                   ->  Bitmap Heap Scan on movie_info mi2  (cost=4693.46..359301.86 rows=344 width=8) (actual time=20.628..352.504 rows=20037 loops=1)
                                                         Recheck Cond: (info_type_id = 5)
                                                         Filter: ((info)::text = ANY ('{Argentina:16,Finland:K-16,USA:Passed}'::text[]))
                                                         Rows Removed by Filter: 466517
                                                         Heap Blocks: exact=19164
                                                         Buffers: shared hit=1062 read=18510
                                                         ->  Bitmap Index Scan on info_type_id_movie_info  (cost=0.00..4693.37 rows=439058 width=0) (actual time=17.296..17.296 rows=486554 loops=1)
                                                               Index Cond: (info_type_id = 5)
                                                               Buffers: shared read=408
                                                   ->  Index Scan using title_pkey on title t  (cost=0.43..8.37 rows=1 width=8) (actual time=0.033..0.033 rows=1 loops=20037)
                                                         Index Cond: (id = mi2.movie_id)
                                                         Filter: ((production_year <= 2015) AND (1925 < production_year))
                                                         Rows Removed by Filter: 0
                                                         Buffers: shared hit=68600 read=11548
                                             ->  Hash  (cost=1.09..1.09 rows=2 width=4) (actual time=0.019..0.020 rows=2 loops=1)
                                                   Buckets: 1024  Batches: 1  Memory Usage: 9kB
                                                   Buffers: shared hit=1
                                                   ->  Seq Scan on kind_type kt  (cost=0.00..1.09 rows=2 width=4) (actual time=0.011..0.012 rows=2 loops=1)
                                                         Filter: ((kind)::text = ANY ('{episode,"video movie"}'::text[]))
                                                         Rows Removed by Filter: 5
                                                         Buffers: shared hit=1
                                       ->  Index Scan using movie_id_movie_info on movie_info mi1  (cost=0.43..42.25 rows=1 width=8) (actual time=0.113..0.114 rows=0 loops=1613)
                                             Index Cond: (movie_id = t.id)
                                             Filter: ((info_type_id = 3) AND ((info)::text = ANY ('{Drama,Thriller,Western}'::text[])))
                                             Rows Removed by Filter: 14
                                             Buffers: shared hit=16998 read=2496
                                 ->  Seq Scan on info_type it1  (cost=0.00..2.41 rows=1 width=4) (actual time=0.015..0.022 rows=1 loops=172)
                                       Filter: (id = 3)
                                       Rows Removed by Filter: 112
                                       Buffers: shared hit=172
                           ->  Seq Scan on info_type it2  (cost=0.00..2.41 rows=1 width=4) (actual time=0.006..0.013 rows=1 loops=172)
                                 Filter: (id = 5)
                                 Rows Removed by Filter: 112
                                 Buffers: shared hit=172
                     ->  Index Scan using movie_id_cast_info on cast_info ci  (cost=0.44..43.28 rows=38 width=12) (actual time=0.031..0.633 rows=62 loops=172)
                           Index Cond: (movie_id = t.id)
                           Buffers: shared hit=8937 read=2036
               ->  Hash  (cost=1.15..1.15 rows=2 width=4) (actual time=0.040..0.047 rows=2 loops=1)
                     Buckets: 1024  Batches: 1  Memory Usage: 9kB
                     Buffers: shared hit=1
                     ->  Seq Scan on role_type rt  (cost=0.00..1.15 rows=2 width=4) (actual time=0.028..0.030 rows=2 loops=1)
                           Filter: ((role)::text = ANY ('{director,writer}'::text[]))
                           Rows Removed by Filter: 10
                           Buffers: shared hit=1
         ->  Index Scan using name_pkey on name n  (cost=0.43..2.32 rows=1 width=4) (actual time=0.038..0.038 rows=1 loops=557)
               Index Cond: (id = ci.person_id)
               Filter: ((gender)::text = 'm'::text)
               Rows Removed by Filter: 0
               Buffers: shared hit=1741 read=487
 Planning:
   Buffers: shared hit=483 read=91
 Planning Time: 13.483 ms
 Execution Time: 1358.717 ms
(73 rows)

