                                                                                             QUERY PLAN                                                                                              
-----------------------------------------------------------------------------------------------------------------------------------------------------------------------------------------------------
 Aggregate  (cost=408485.31..408485.32 rows=1 width=8) (actual time=14411.017..14411.025 rows=1 loops=1)
   Buffers: shared hit=1291856 read=216538
   ->  Nested Loop  (cost=4697.49..408485.31 rows=1 width=0) (actual time=65.176..14410.068 rows=2571 loops=1)
         Buffers: shared hit=1291856 read=216538
         ->  Hash Join  (cost=4697.06..408482.99 rows=1 width=4) (actual time=54.235..14045.185 rows=10799 loops=1)
               Hash Cond: (ci.role_id = rt.id)
               Buffers: shared hit=1250436 read=214762
               ->  Nested Loop  (cost=4695.89..408481.78 rows=14 width=8) (actual time=47.019..13904.499 rows=883609 loops=1)
                     Buffers: shared hit=1250435 read=214762
                     ->  Nested Loop  (cost=4695.45..408437.41 rows=1 width=12) (actual time=46.929..5774.625 rows=16085 loops=1)
                           Buffers: shared hit=457824 read=94719
                           ->  Nested Loop  (cost=4695.45..408434.98 rows=1 width=16) (actual time=46.914..5431.252 rows=16085 loops=1)
                                 Buffers: shared hit=441739 read=94719
                                 ->  Nested Loop  (cost=4695.45..408432.56 rows=1 width=20) (actual time=46.869..5092.328 rows=16085 loops=1)
                                       Buffers: shared hit=425654 read=94719
                                       ->  Hash Join  (cost=4695.02..407319.89 rows=26 width=12) (actual time=31.185..1922.614 rows=17342 loops=1)
                                             Hash Cond: (t.kind_id = kt.id)
                                             Buffers: shared hit=177783 read=19886
                                             ->  Nested Loop  (cost=4693.91..407318.39 rows=91 width=16) (actual time=20.902..1913.327 rows=18389 loops=1)
                                                   Buffers: shared hit=177782 read=19886
                                                   ->  Bitmap Heap Scan on movie_info mi2  (cost=4693.48..403795.44 rows=422 width=8) (actual time=20.584..409.128 rows=44524 loops=1)
                                                         Recheck Cond: (info_type_id = 5)
                                                         Filter: ((info)::text = ANY ('{Australia:M,Portugal:M/12,Sweden:15,UK:PG,UK:U,UK:X}'::text[]))
                                                         Rows Removed by Filter: 442030
                                                         Heap Blocks: exact=19164
                                                         Buffers: shared hit=16836 read=2736
                                                         ->  Bitmap Index Scan on info_type_id_movie_info  (cost=0.00..4693.37 rows=439058 width=0) (actual time=17.970..17.970 rows=486554 loops=1)
                                                               Index Cond: (info_type_id = 5)
                                                               Buffers: shared hit=408
                                                   ->  Index Scan using title_pkey on title t  (cost=0.43..8.35 rows=1 width=8) (actual time=0.033..0.033 rows=0 loops=44524)
                                                         Index Cond: (id = mi2.movie_id)
                                                         Filter: ((production_year <= 1990) AND (1950 < production_year))
                                                         Rows Removed by Filter: 1
                                                         Buffers: shared hit=160946 read=17150
                                             ->  Hash  (cost=1.09..1.09 rows=2 width=4) (actual time=0.016..0.017 rows=2 loops=1)
                                                   Buckets: 1024  Batches: 1  Memory Usage: 9kB
                                                   Buffers: shared hit=1
                                                   ->  Seq Scan on kind_type kt  (cost=0.00..1.09 rows=2 width=4) (actual time=0.010..0.012 rows=2 loops=1)
                                                         Filter: ((kind)::text = ANY ('{episode,movie}'::text[]))
                                                         Rows Removed by Filter: 5
                                                         Buffers: shared hit=1
                                       ->  Index Scan using movie_id_movie_info on movie_info mi1  (cost=0.43..42.79 rows=1 width=8) (actual time=0.181..0.182 rows=1 loops=17342)
                                             Index Cond: (movie_id = t.id)
                                             Filter: ((info_type_id = 3) AND ((info)::text = ANY ('{Action,Adventure,Comedy,Drama}'::text[])))
                                             Rows Removed by Filter: 68
                                             Buffers: shared hit=247871 read=74833
                                 ->  Seq Scan on info_type it1  (cost=0.00..2.41 rows=1 width=4) (actual time=0.010..0.019 rows=1 loops=16085)
                                       Filter: (id = 3)
                                       Rows Removed by Filter: 112
                                       Buffers: shared hit=16085
                           ->  Seq Scan on info_type it2  (cost=0.00..2.41 rows=1 width=4) (actual time=0.011..0.019 rows=1 loops=16085)
                                 Filter: (id = 5)
                                 Rows Removed by Filter: 112
                                 Buffers: shared hit=16085
                     ->  Index Scan using movie_id_cast_info on cast_info ci  (cost=0.44..43.99 rows=38 width=12) (actual time=0.034..0.492 rows=55 loops=16085)
                           Index Cond: (movie_id = t.id)
                           Buffers: shared hit=792611 read=120043
               ->  Hash  (cost=1.15..1.15 rows=1 width=4) (actual time=0.038..0.039 rows=1 loops=1)
                     Buckets: 1024  Batches: 1  Memory Usage: 9kB
                     Buffers: shared hit=1
                     ->  Seq Scan on role_type rt  (cost=0.00..1.15 rows=1 width=4) (actual time=0.028..0.029 rows=1 loops=1)
                           Filter: ((role)::text = 'costume designer'::text)
                           Rows Removed by Filter: 11
                           Buffers: shared hit=1
         ->  Index Scan using name_pkey on name n  (cost=0.43..2.32 rows=1 width=4) (actual time=0.033..0.033 rows=0 loops=10799)
               Index Cond: (id = ci.person_id)
               Filter: ((gender)::text = 'f'::text)
               Rows Removed by Filter: 1
               Buffers: shared hit=41420 read=1776
 Planning:
   Buffers: shared hit=574
 Planning Time: 14.825 ms
 Execution Time: 14411.731 ms
(73 rows)

