                                                                                                  QUERY PLAN                                                                                                   
---------------------------------------------------------------------------------------------------------------------------------------------------------------------------------------------------------------
 Aggregate  (cost=446746.33..446746.34 rows=1 width=8) (actual time=2278.654..2278.662 rows=1 loops=1)
   Buffers: shared hit=236105 read=700
   ->  Nested Loop  (cost=4697.72..446746.32 rows=3 width=0) (actual time=23.496..2278.612 rows=173 loops=1)
         Buffers: shared hit=236105 read=700
         ->  Hash Join  (cost=4697.29..446734.72 rows=5 width=4) (actual time=23.461..2262.426 rows=430 loops=1)
               Hash Cond: (ci.role_id = rt.id)
               Buffers: shared hit=234476 read=609
               ->  Nested Loop  (cost=4696.12..446733.45 rows=29 width=8) (actual time=23.374..2261.838 rows=2668 loops=1)
                     Buffers: shared hit=234475 read=609
                     ->  Nested Loop  (cost=4695.68..446643.69 rows=2 width=12) (actual time=23.339..2234.631 rows=182 loops=1)
                           Buffers: shared hit=231646 read=352
                           ->  Seq Scan on info_type it2  (cost=0.00..2.41 rows=1 width=4) (actual time=0.032..0.042 rows=1 loops=1)
                                 Filter: (id = 5)
                                 Rows Removed by Filter: 112
                                 Buffers: shared hit=1
                           ->  Nested Loop  (cost=4695.68..446641.26 rows=2 width=16) (actual time=23.306..2234.540 rows=182 loops=1)
                                 Buffers: shared hit=231645 read=352
                                 ->  Seq Scan on info_type it1  (cost=0.00..2.41 rows=1 width=4) (actual time=0.008..0.020 rows=1 loops=1)
                                       Filter: (id = 3)
                                       Rows Removed by Filter: 112
                                       Buffers: shared hit=1
                                 ->  Nested Loop  (cost=4695.68..446638.82 rows=2 width=20) (actual time=23.295..2234.464 rows=182 loops=1)
                                       Buffers: shared hit=231644 read=352
                                       ->  Hash Join  (cost=4695.24..443439.09 rows=74 width=12) (actual time=23.174..2212.541 rows=139 loops=1)
                                             Hash Cond: (t.kind_id = kt.id)
                                             Buffers: shared hit=229467 read=290
                                             ->  Nested Loop  (cost=4694.11..443437.22 rows=172 width=16) (actual time=23.131..2205.550 rows=32654 loops=1)
                                                   Buffers: shared hit=229466 read=290
                                                   ->  Bitmap Heap Scan on movie_info mi2  (cost=4693.68..433458.01 rows=1227 width=8) (actual time=19.894..484.253 rows=52546 loops=1)
                                                         Recheck Cond: (info_type_id = 5)
                                                         Filter: ((info)::text = ANY ('{Argentina:Atp,Finland:K-16,Finland:S,Norway:16,Sweden:Btl,USA:Approved,"West Germany:16","West Germany:18"}'::text[]))
                                                         Rows Removed by Filter: 434008
                                                         Heap Blocks: exact=19164
                                                         Buffers: shared hit=19567 read=5
                                                         ->  Bitmap Index Scan on info_type_id_movie_info  (cost=0.00..4693.37 rows=439058 width=0) (actual time=16.855..16.856 rows=486554 loops=1)
                                                               Index Cond: (info_type_id = 5)
                                                               Buffers: shared hit=408
                                                   ->  Index Scan using title_pkey on title t  (cost=0.43..8.13 rows=1 width=8) (actual time=0.032..0.032 rows=1 loops=52546)
                                                         Index Cond: (id = mi2.movie_id)
                                                         Filter: ((production_year <= 1975) AND (1925 < production_year))
                                                         Rows Removed by Filter: 0
                                                         Buffers: shared hit=209899 read=285
                                             ->  Hash  (cost=1.10..1.10 rows=3 width=4) (actual time=0.019..0.020 rows=3 loops=1)
                                                   Buckets: 1024  Batches: 1  Memory Usage: 9kB
                                                   Buffers: shared hit=1
                                                   ->  Seq Scan on kind_type kt  (cost=0.00..1.10 rows=3 width=4) (actual time=0.011..0.013 rows=3 loops=1)
                                                         Filter: ((kind)::text = ANY ('{"tv series","video game","video movie"}'::text[]))
                                                         Rows Removed by Filter: 4
                                                         Buffers: shared hit=1
                                       ->  Index Scan using movie_id_movie_info on movie_info mi1  (cost=0.43..43.23 rows=1 width=8) (actual time=0.153..0.157 rows=1 loops=139)
                                             Index Cond: (movie_id = t.id)
                                             Filter: ((info_type_id = 3) AND ((info)::text = ANY ('{Adventure,Animation,Comedy,Drama,Musical,War}'::text[])))
                                             Rows Removed by Filter: 54
                                             Buffers: shared hit=2177 read=62
                     ->  Index Scan using movie_id_cast_info on cast_info ci  (cost=0.44..44.50 rows=38 width=12) (actual time=0.035..0.145 rows=15 loops=182)
                           Index Cond: (movie_id = t.id)
                           Buffers: shared hit=2829 read=257
               ->  Hash  (cost=1.15..1.15 rows=2 width=4) (actual time=0.035..0.036 rows=2 loops=1)
                     Buckets: 1024  Batches: 1  Memory Usage: 9kB
                     Buffers: shared hit=1
                     ->  Seq Scan on role_type rt  (cost=0.00..1.15 rows=2 width=4) (actual time=0.028..0.029 rows=2 loops=1)
                           Filter: ((role)::text = ANY ('{director,"miscellaneous crew"}'::text[]))
                           Rows Removed by Filter: 10
                           Buffers: shared hit=1
         ->  Index Scan using name_pkey on name n  (cost=0.43..2.32 rows=1 width=4) (actual time=0.037..0.037 rows=0 loops=430)
               Index Cond: (id = ci.person_id)
               Filter: ((gender)::text = ANY ('{f,m}'::text[]))
               Rows Removed by Filter: 1
               Buffers: shared hit=1629 read=91
 Planning:
   Buffers: shared hit=574
 Planning Time: 12.699 ms
 Execution Time: 2279.336 ms
(73 rows)

