                                                                                             QUERY PLAN                                                                                              
-----------------------------------------------------------------------------------------------------------------------------------------------------------------------------------------------------
 Aggregate  (cost=447682.29..447682.30 rows=1 width=8) (actual time=2769.209..2769.218 rows=1 loops=1)
   Buffers: shared hit=281405 read=3078
   ->  Nested Loop  (cost=4697.72..447682.28 rows=3 width=0) (actual time=336.489..2769.175 rows=64 loops=1)
         Buffers: shared hit=281405 read=3078
         ->  Hash Join  (cost=4697.29..447666.05 rows=7 width=4) (actual time=336.428..2764.310 rows=125 loops=1)
               Hash Cond: (ci.role_id = rt.id)
               Buffers: shared hit=281026 read=2957
               ->  Nested Loop  (cost=4696.12..447664.72 rows=43 width=8) (actual time=22.616..2763.864 rows=1998 loops=1)
                     Buffers: shared hit=281025 read=2957
                     ->  Nested Loop  (cost=4695.68..447531.05 rows=3 width=12) (actual time=22.594..2741.512 rows=201 loops=1)
                           Buffers: shared hit=278648 read=2814
                           ->  Seq Scan on info_type it2  (cost=0.00..2.41 rows=1 width=4) (actual time=0.033..0.043 rows=1 loops=1)
                                 Filter: (id = 5)
                                 Rows Removed by Filter: 112
                                 Buffers: shared hit=1
                           ->  Nested Loop  (cost=4695.68..447528.61 rows=3 width=16) (actual time=22.560..2741.416 rows=201 loops=1)
                                 Buffers: shared hit=278647 read=2814
                                 ->  Seq Scan on info_type it1  (cost=0.00..2.41 rows=1 width=4) (actual time=0.008..0.022 rows=1 loops=1)
                                       Filter: (id = 3)
                                       Rows Removed by Filter: 112
                                       Buffers: shared hit=1
                                 ->  Nested Loop  (cost=4695.68..447526.17 rows=3 width=20) (actual time=22.548..2741.337 rows=201 loops=1)
                                       Buffers: shared hit=278646 read=2814
                                       ->  Hash Join  (cost=4695.24..443439.30 rows=95 width=12) (actual time=22.433..2709.419 rows=189 loops=1)
                                             Hash Cond: (t.kind_id = kt.id)
                                             Buffers: shared hit=275904 read=2429
                                             ->  Nested Loop  (cost=4694.11..443437.22 rows=222 width=16) (actual time=22.389..2699.965 rows=41210 loops=1)
                                                   Buffers: shared hit=275903 read=2429
                                                   ->  Bitmap Heap Scan on movie_info mi2  (cost=4693.68..433458.01 rows=1227 width=8) (actual time=18.830..490.925 rows=64690 loops=1)
                                                         Recheck Cond: (info_type_id = 5)
                                                         Filter: ((info)::text = ANY ('{Argentina:Atp,Finland:K-16,Finland:S,UK:PG,UK:U,USA:Approved,USA:Passed,"West Germany:16"}'::text[]))
                                                         Rows Removed by Filter: 421864
                                                         Heap Blocks: exact=19164
                                                         Buffers: shared hit=19572
                                                         ->  Bitmap Index Scan on info_type_id_movie_info  (cost=0.00..4693.37 rows=439058 width=0) (actual time=16.012..16.013 rows=486554 loops=1)
                                                               Index Cond: (info_type_id = 5)
                                                               Buffers: shared hit=408
                                                   ->  Index Scan using title_pkey on title t  (cost=0.43..8.13 rows=1 width=8) (actual time=0.034..0.034 rows=1 loops=64690)
                                                         Index Cond: (id = mi2.movie_id)
                                                         Filter: ((production_year <= 1975) AND (1875 < production_year))
                                                         Rows Removed by Filter: 0
                                                         Buffers: shared hit=256331 read=2429
                                             ->  Hash  (cost=1.10..1.10 rows=3 width=4) (actual time=0.017..0.018 rows=3 loops=1)
                                                   Buckets: 1024  Batches: 1  Memory Usage: 9kB
                                                   Buffers: shared hit=1
                                                   ->  Seq Scan on kind_type kt  (cost=0.00..1.10 rows=3 width=4) (actual time=0.009..0.011 rows=3 loops=1)
                                                         Filter: ((kind)::text = ANY ('{"tv series","video game","video movie"}'::text[]))
                                                         Rows Removed by Filter: 4
                                                         Buffers: shared hit=1
                                       ->  Index Scan using movie_id_movie_info on movie_info mi1  (cost=0.43..43.01 rows=1 width=8) (actual time=0.164..0.168 rows=1 loops=189)
                                             Index Cond: (movie_id = t.id)
                                             Filter: ((info_type_id = 3) AND ((info)::text = ANY ('{Adventure,Comedy,Crime,Drama,Short,Western}'::text[])))
                                             Rows Removed by Filter: 74
                                             Buffers: shared hit=2742 read=385
                     ->  Index Scan using movie_id_cast_info on cast_info ci  (cost=0.44..44.17 rows=38 width=12) (actual time=0.032..0.108 rows=10 loops=201)
                           Index Cond: (movie_id = t.id)
                           Buffers: shared hit=2377 read=143
               ->  Hash  (cost=1.15..1.15 rows=2 width=4) (actual time=0.044..0.045 rows=2 loops=1)
                     Buckets: 1024  Batches: 1  Memory Usage: 9kB
                     Buffers: shared hit=1
                     ->  Seq Scan on role_type rt  (cost=0.00..1.15 rows=2 width=4) (actual time=0.027..0.030 rows=2 loops=1)
                           Filter: ((role)::text = ANY ('{cinematographer,producer}'::text[]))
                           Rows Removed by Filter: 10
                           Buffers: shared hit=1
         ->  Index Scan using name_pkey on name n  (cost=0.43..2.32 rows=1 width=4) (actual time=0.038..0.038 rows=1 loops=125)
               Index Cond: (id = ci.person_id)
               Filter: ((gender)::text = 'm'::text)
               Rows Removed by Filter: 0
               Buffers: shared hit=379 read=121
 Planning:
   Buffers: shared hit=574
 Planning Time: 12.769 ms
 Execution Time: 2769.895 ms
(73 rows)

