                                                                                             QUERY PLAN                                                                                              
-----------------------------------------------------------------------------------------------------------------------------------------------------------------------------------------------------
 Aggregate  (cost=396405.06..396405.07 rows=1 width=8) (actual time=1865.822..1865.832 rows=1 loops=1)
   Buffers: shared hit=191392 read=52
   ->  Nested Loop  (cost=4697.58..396405.06 rows=1 width=0) (actual time=298.437..1865.820 rows=37 loops=1)
         Buffers: shared hit=191392 read=52
         ->  Hash Join  (cost=4697.15..396400.42 rows=2 width=4) (actual time=284.216..1864.914 rows=39 loops=1)
               Hash Cond: (ci.role_id = rt.id)
               Buffers: shared hit=191288
               ->  Nested Loop  (cost=4695.98..396399.20 rows=14 width=8) (actual time=284.156..1864.830 rows=137 loops=1)
                     Buffers: shared hit=191287
                     ->  Nested Loop  (cost=4695.54..396354.32 rows=1 width=12) (actual time=284.123..1864.207 rows=12 loops=1)
                           Buffers: shared hit=191143
                           ->  Nested Loop  (cost=4695.54..396351.90 rows=1 width=16) (actual time=284.115..1864.087 rows=12 loops=1)
                                 Buffers: shared hit=191131
                                 ->  Nested Loop  (cost=4695.54..396349.48 rows=1 width=20) (actual time=284.089..1863.942 rows=12 loops=1)
                                       Buffers: shared hit=191119
                                       ->  Hash Join  (cost=4695.10..394576.65 rows=41 width=12) (actual time=283.969..1863.068 rows=14 loops=1)
                                             Hash Cond: (t.kind_id = kt.id)
                                             Buffers: shared hit=190901
                                             ->  Nested Loop  (cost=4693.97..394575.11 rows=95 width=16) (actual time=30.061..1855.027 rows=34679 loops=1)
                                                   Buffers: shared hit=190900
                                                   ->  Bitmap Heap Scan on movie_info mi2  (cost=4693.54..388964.31 rows=678 width=8) (actual time=20.981..400.108 rows=42832 loops=1)
                                                         Recheck Cond: (info_type_id = 5)
                                                         Filter: ((info)::text = ANY ('{Finland:K-16,Finland:S,Sweden:15,USA:Approved,USA:Passed}'::text[]))
                                                         Rows Removed by Filter: 443722
                                                         Heap Blocks: exact=19164
                                                         Buffers: shared hit=19572
                                                         ->  Bitmap Index Scan on info_type_id_movie_info  (cost=0.00..4693.37 rows=439058 width=0) (actual time=17.974..17.974 rows=486554 loops=1)
                                                               Index Cond: (info_type_id = 5)
                                                               Buffers: shared hit=408
                                                   ->  Index Scan using title_pkey on title t  (cost=0.43..8.28 rows=1 width=8) (actual time=0.033..0.033 rows=1 loops=42832)
                                                         Index Cond: (id = mi2.movie_id)
                                                         Filter: ((production_year <= 1975) AND (1925 < production_year))
                                                         Rows Removed by Filter: 0
                                                         Buffers: shared hit=171328
                                             ->  Hash  (cost=1.10..1.10 rows=3 width=4) (actual time=0.018..0.019 rows=3 loops=1)
                                                   Buckets: 1024  Batches: 1  Memory Usage: 9kB
                                                   Buffers: shared hit=1
                                                   ->  Seq Scan on kind_type kt  (cost=0.00..1.10 rows=3 width=4) (actual time=0.009..0.010 rows=3 loops=1)
                                                         Filter: ((kind)::text = ANY ('{"tv series","video game","video movie"}'::text[]))
                                                         Rows Removed by Filter: 4
                                                         Buffers: shared hit=1
                                       ->  Index Scan using movie_id_movie_info on movie_info mi1  (cost=0.43..43.23 rows=1 width=8) (actual time=0.059..0.062 rows=1 loops=14)
                                             Index Cond: (movie_id = t.id)
                                             Filter: ((info_type_id = 3) AND ((info)::text = ANY ('{Action,Crime,Drama,Family,Musical,Romance}'::text[])))
                                             Rows Removed by Filter: 28
                                             Buffers: shared hit=218
                                 ->  Seq Scan on info_type it1  (cost=0.00..2.41 rows=1 width=4) (actual time=0.006..0.010 rows=1 loops=12)
                                       Filter: (id = 3)
                                       Rows Removed by Filter: 112
                                       Buffers: shared hit=12
                           ->  Seq Scan on info_type it2  (cost=0.00..2.41 rows=1 width=4) (actual time=0.004..0.009 rows=1 loops=12)
                                 Filter: (id = 5)
                                 Rows Removed by Filter: 112
                                 Buffers: shared hit=12
                     ->  Index Scan using movie_id_cast_info on cast_info ci  (cost=0.44..44.50 rows=38 width=12) (actual time=0.017..0.049 rows=11 loops=12)
                           Index Cond: (movie_id = t.id)
                           Buffers: shared hit=144
               ->  Hash  (cost=1.15..1.15 rows=2 width=4) (actual time=0.034..0.035 rows=2 loops=1)
                     Buckets: 1024  Batches: 1  Memory Usage: 9kB
                     Buffers: shared hit=1
                     ->  Seq Scan on role_type rt  (cost=0.00..1.15 rows=2 width=4) (actual time=0.025..0.028 rows=2 loops=1)
                           Filter: ((role)::text = ANY ('{actress,writer}'::text[]))
                           Rows Removed by Filter: 10
                           Buffers: shared hit=1
         ->  Index Scan using name_pkey on name n  (cost=0.43..2.32 rows=1 width=4) (actual time=0.023..0.023 rows=1 loops=39)
               Index Cond: (id = ci.person_id)
               Filter: ((gender)::text = ANY ('{f,m}'::text[]))
               Rows Removed by Filter: 0
               Buffers: shared hit=104 read=52
 Planning:
   Buffers: shared hit=574
 Planning Time: 14.520 ms
 Execution Time: 1866.503 ms
(73 rows)

