                                                                                                              QUERY PLAN                                                                                                              
--------------------------------------------------------------------------------------------------------------------------------------------------------------------------------------------------------------------------------------
 Aggregate  (cost=466031.34..466031.35 rows=1 width=8) (actual time=3546.238..3546.245 rows=1 loops=1)
   Buffers: shared hit=294434 read=73371
   ->  Nested Loop  (cost=4697.43..466031.34 rows=1 width=0) (actual time=85.148..3546.173 rows=120 loops=1)
         Buffers: shared hit=294434 read=73371
         ->  Hash Join  (cost=4697.00..466029.02 rows=1 width=4) (actual time=37.654..3497.805 rows=1671 loops=1)
               Hash Cond: (ci.role_id = rt.id)
               Buffers: shared hit=288185 read=72936
               ->  Nested Loop  (cost=4695.84..466027.81 rows=14 width=8) (actual time=20.888..3477.772 rows=143764 loops=1)
                     Buffers: shared hit=288184 read=72936
                     ->  Nested Loop  (cost=4695.40..465984.15 rows=1 width=12) (actual time=20.851..2072.128 rows=3599 loops=1)
                           Buffers: shared hit=185118 read=27244
                           ->  Nested Loop  (cost=4695.40..465981.72 rows=1 width=16) (actual time=20.845..2013.157 rows=3599 loops=1)
                                 Buffers: shared hit=181519 read=27244
                                 ->  Nested Loop  (cost=4695.40..465979.30 rows=1 width=20) (actual time=20.823..1949.101 rows=3599 loops=1)
                                       Buffers: shared hit=177920 read=27244
                                       ->  Hash Join  (cost=4694.96..464068.35 rows=45 width=12) (actual time=20.438..1426.753 rows=3146 loops=1)
                                             Hash Cond: (t.kind_id = kt.id)
                                             Buffers: shared hit=151899 read=3426
                                             ->  Nested Loop  (cost=4693.83..464066.78 rows=104 width=16) (actual time=20.377..1420.105 rows=33680 loops=1)
                                                   Buffers: shared hit=151898 read=3426
                                                   ->  Bitmap Heap Scan on movie_info mi2  (cost=4693.40..463120.10 rows=112 width=8) (actual time=20.266..415.988 rows=33938 loops=1)
                                                         Recheck Cond: (info_type_id = 5)
                                                         Filter: ((info)::text = ANY ('{Canada:R,Germany:12,Germany:18,"Hong Kong:III",Philippines:PG-13,Singapore:PG,Sweden:11,Switzerland:7,USA:TV-PG,"West Germany:16"}'::text[]))
                                                         Rows Removed by Filter: 452616
                                                         Heap Blocks: exact=19164
                                                         Buffers: shared hit=19572
                                                         ->  Bitmap Index Scan on info_type_id_movie_info  (cost=0.00..4693.37 rows=439058 width=0) (actual time=17.621..17.621 rows=486554 loops=1)
                                                               Index Cond: (info_type_id = 5)
                                                               Buffers: shared hit=408
                                                   ->  Index Scan using title_pkey on title t  (cost=0.43..8.45 rows=1 width=8) (actual time=0.029..0.029 rows=1 loops=33938)
                                                         Index Cond: (id = mi2.movie_id)
                                                         Filter: ((production_year <= 2015) AND (1925 < production_year))
                                                         Rows Removed by Filter: 0
                                                         Buffers: shared hit=132326 read=3426
                                             ->  Hash  (cost=1.10..1.10 rows=3 width=4) (actual time=0.029..0.030 rows=3 loops=1)
                                                   Buckets: 1024  Batches: 1  Memory Usage: 9kB
                                                   Buffers: shared hit=1
                                                   ->  Seq Scan on kind_type kt  (cost=0.00..1.10 rows=3 width=4) (actual time=0.015..0.018 rows=3 loops=1)
                                                         Filter: ((kind)::text = ANY ('{"tv movie","tv series","video game"}'::text[]))
                                                         Rows Removed by Filter: 4
                                                         Buffers: shared hit=1
                                       ->  Index Scan using movie_id_movie_info on movie_info mi1  (cost=0.43..42.46 rows=1 width=8) (actual time=0.163..0.165 rows=1 loops=3146)
                                             Index Cond: (movie_id = t.id)
                                             Filter: ((info_type_id = 3) AND ((info)::text = ANY ('{Action,Adult,Comedy,Crime,Drama,Family,Romance}'::text[])))
                                             Rows Removed by Filter: 45
                                             Buffers: shared hit=26021 read=23818
                                 ->  Seq Scan on info_type it1  (cost=0.00..2.41 rows=1 width=4) (actual time=0.009..0.016 rows=1 loops=3599)
                                       Filter: (id = 3)
                                       Rows Removed by Filter: 112
                                       Buffers: shared hit=3599
                           ->  Seq Scan on info_type it2  (cost=0.00..2.41 rows=1 width=4) (actual time=0.008..0.015 rows=1 loops=3599)
                                 Filter: (id = 5)
                                 Rows Removed by Filter: 112
                                 Buffers: shared hit=3599
                     ->  Index Scan using movie_id_cast_info on cast_info ci  (cost=0.44..43.28 rows=38 width=12) (actual time=0.031..0.382 rows=40 loops=3599)
                           Index Cond: (movie_id = t.id)
                           Buffers: shared hit=103066 read=45692
               ->  Hash  (cost=1.15..1.15 rows=1 width=4) (actual time=0.052..0.053 rows=1 loops=1)
                     Buckets: 1024  Batches: 1  Memory Usage: 9kB
                     Buffers: shared hit=1
                     ->  Seq Scan on role_type rt  (cost=0.00..1.15 rows=1 width=4) (actual time=0.042..0.044 rows=1 loops=1)
                           Filter: ((role)::text = 'costume designer'::text)
                           Rows Removed by Filter: 11
                           Buffers: shared hit=1
         ->  Index Scan using name_pkey on name n  (cost=0.43..2.32 rows=1 width=4) (actual time=0.028..0.028 rows=0 loops=1671)
               Index Cond: (id = ci.person_id)
               Filter: ((gender)::text = 'm'::text)
               Rows Removed by Filter: 1
               Buffers: shared hit=6249 read=435
 Planning:
   Buffers: shared hit=574
 Planning Time: 14.299 ms
 Execution Time: 3546.987 ms
(73 rows)

