                                                                                             QUERY PLAN                                                                                              
-----------------------------------------------------------------------------------------------------------------------------------------------------------------------------------------------------
 Aggregate  (cost=375200.99..375201.00 rows=1 width=8) (actual time=1731.887..1731.894 rows=1 loops=1)
   Buffers: shared hit=154013 read=23819
   ->  Nested Loop  (cost=4697.41..375200.98 rows=1 width=0) (actual time=41.080..1731.815 rows=195 loops=1)
         Buffers: shared hit=154013 read=23819
         ->  Hash Join  (cost=4696.98..375198.66 rows=1 width=4) (actual time=20.941..1650.187 rows=1884 loops=1)
               Hash Cond: (ci.role_id = rt.id)
               Buffers: shared hit=148748 read=21548
               ->  Nested Loop  (cost=4695.82..375197.45 rows=14 width=8) (actual time=20.880..1643.669 rows=45019 loops=1)
                     Buffers: shared hit=148747 read=21548
                     ->  Nested Loop  (cost=4695.38..375153.76 rows=1 width=12) (actual time=20.838..1203.129 rows=1055 loops=1)
                           Buffers: shared hit=112579 read=10762
                           ->  Nested Loop  (cost=4695.38..375151.33 rows=1 width=16) (actual time=20.833..1182.671 rows=1055 loops=1)
                                 Buffers: shared hit=111524 read=10762
                                 ->  Nested Loop  (cost=4695.38..375148.91 rows=1 width=20) (actual time=20.814..1163.735 rows=1055 loops=1)
                                       Buffers: shared hit=110469 read=10762
                                       ->  Hash Join  (cost=4694.94..374514.62 rows=15 width=12) (actual time=19.326..961.749 rows=1311 loops=1)
                                             Hash Cond: (t.kind_id = kt.id)
                                             Buffers: shared hit=96726 read=3671
                                             ->  Nested Loop  (cost=4693.81..374513.33 rows=36 width=16) (actual time=19.276..957.983 rows=18776 loops=1)
                                                   Buffers: shared hit=96725 read=3671
                                                   ->  Bitmap Heap Scan on movie_info mi2  (cost=4693.38..374132.97 rows=45 width=8) (actual time=19.186..337.964 rows=20206 loops=1)
                                                         Recheck Cond: (info_type_id = 5)
                                                         Filter: ((info)::text = ANY ('{Germany:18,Netherlands:12,Norway:15,Portugal:M/12}'::text[]))
                                                         Rows Removed by Filter: 466348
                                                         Heap Blocks: exact=19164
                                                         Buffers: shared hit=19572
                                                         ->  Bitmap Index Scan on info_type_id_movie_info  (cost=0.00..4693.37 rows=439058 width=0) (actual time=15.948..15.948 rows=486554 loops=1)
                                                               Index Cond: (info_type_id = 5)
                                                               Buffers: shared hit=408
                                                   ->  Index Scan using title_pkey on title t  (cost=0.43..8.45 rows=1 width=8) (actual time=0.030..0.030 rows=1 loops=20206)
                                                         Index Cond: (id = mi2.movie_id)
                                                         Filter: ((production_year <= 2015) AND (1975 < production_year))
                                                         Rows Removed by Filter: 0
                                                         Buffers: shared hit=77153 read=3671
                                             ->  Hash  (cost=1.10..1.10 rows=3 width=4) (actual time=0.023..0.024 rows=3 loops=1)
                                                   Buckets: 1024  Batches: 1  Memory Usage: 9kB
                                                   Buffers: shared hit=1
                                                   ->  Seq Scan on kind_type kt  (cost=0.00..1.10 rows=3 width=4) (actual time=0.014..0.016 rows=3 loops=1)
                                                         Filter: ((kind)::text = ANY ('{"tv movie","tv series","video game"}'::text[]))
                                                         Rows Removed by Filter: 4
                                                         Buffers: shared hit=1
                                       ->  Index Scan using movie_id_movie_info on movie_info mi1  (cost=0.43..42.28 rows=1 width=8) (actual time=0.152..0.153 rows=1 loops=1311)
                                             Index Cond: (movie_id = t.id)
                                             Filter: ((info_type_id = 3) AND ((info)::text = ANY ('{Drama,Horror,Romance}'::text[])))
                                             Rows Removed by Filter: 40
                                             Buffers: shared hit=13743 read=7091
                                 ->  Seq Scan on info_type it1  (cost=0.00..2.41 rows=1 width=4) (actual time=0.009..0.016 rows=1 loops=1055)
                                       Filter: (id = 3)
                                       Rows Removed by Filter: 112
                                       Buffers: shared hit=1055
                           ->  Seq Scan on info_type it2  (cost=0.00..2.41 rows=1 width=4) (actual time=0.011..0.018 rows=1 loops=1055)
                                 Filter: (id = 5)
                                 Rows Removed by Filter: 112
                                 Buffers: shared hit=1055
                     ->  Index Scan using movie_id_cast_info on cast_info ci  (cost=0.44..43.32 rows=38 width=12) (actual time=0.030..0.408 rows=43 loops=1055)
                           Index Cond: (movie_id = t.id)
                           Buffers: shared hit=36168 read=10786
               ->  Hash  (cost=1.15..1.15 rows=1 width=4) (actual time=0.036..0.037 rows=1 loops=1)
                     Buckets: 1024  Batches: 1  Memory Usage: 9kB
                     Buffers: shared hit=1
                     ->  Seq Scan on role_type rt  (cost=0.00..1.15 rows=1 width=4) (actual time=0.026..0.028 rows=1 loops=1)
                           Filter: ((role)::text = 'writer'::text)
                           Rows Removed by Filter: 11
                           Buffers: shared hit=1
         ->  Index Scan using name_pkey on name n  (cost=0.43..2.32 rows=1 width=4) (actual time=0.043..0.043 rows=0 loops=1884)
               Index Cond: (id = ci.person_id)
               Filter: ((gender)::text = 'f'::text)
               Rows Removed by Filter: 1
               Buffers: shared hit=5265 read=2271
 Planning:
   Buffers: shared hit=574
 Planning Time: 12.662 ms
 Execution Time: 1732.541 ms
(73 rows)

