                                                                                             QUERY PLAN                                                                                              
-----------------------------------------------------------------------------------------------------------------------------------------------------------------------------------------------------
 Aggregate  (cost=368613.52..368613.53 rows=1 width=8) (actual time=1488.735..1488.742 rows=1 loops=1)
   Buffers: shared hit=141132 read=11290
   ->  Nested Loop  (cost=4697.60..368613.52 rows=1 width=0) (actual time=270.825..1488.730 rows=6 loops=1)
         Buffers: shared hit=141132 read=11290
         ->  Hash Join  (cost=4697.17..368608.88 rows=2 width=4) (actual time=65.341..1477.764 rows=336 loops=1)
               Hash Cond: (ci.role_id = rt.id)
               Buffers: shared hit=140211 read=10867
               ->  Nested Loop  (cost=4696.00..368607.66 rows=14 width=8) (actual time=20.625..1476.442 rows=9120 loops=1)
                     Buffers: shared hit=140210 read=10867
                     ->  Nested Loop  (cost=4695.56..368563.29 rows=1 width=12) (actual time=20.584..1368.662 rows=495 loops=1)
                           Buffers: shared hit=134249 read=6572
                           ->  Nested Loop  (cost=4695.56..368560.86 rows=1 width=16) (actual time=20.579..1362.375 rows=495 loops=1)
                                 Buffers: shared hit=133754 read=6572
                                 ->  Nested Loop  (cost=4695.56..368558.44 rows=1 width=20) (actual time=20.554..1355.451 rows=495 loops=1)
                                       Buffers: shared hit=133259 read=6572
                                       ->  Hash Join  (cost=4695.12..365562.78 rows=70 width=12) (actual time=20.315..1276.370 rows=472 loops=1)
                                             Hash Cond: (t.kind_id = kt.id)
                                             Buffers: shared hit=128877 read=3168
                                             ->  Nested Loop  (cost=4693.99..365560.96 rows=164 width=16) (actual time=20.269..1273.122 rows=14972 loops=1)
                                                   Buffers: shared hit=128876 read=3168
                                                   ->  Bitmap Heap Scan on movie_info mi2  (cost=4693.56..359301.96 rows=758 width=8) (actual time=20.172..354.053 rows=28118 loops=1)
                                                         Recheck Cond: (info_type_id = 5)
                                                         Filter: ((info)::text = ANY ('{Australia:PG,Finland:K-16,Sweden:15}'::text[]))
                                                         Rows Removed by Filter: 458436
                                                         Heap Blocks: exact=19164
                                                         Buffers: shared hit=19572
                                                         ->  Bitmap Index Scan on info_type_id_movie_info  (cost=0.00..4693.37 rows=439058 width=0) (actual time=17.602..17.603 rows=486554 loops=1)
                                                               Index Cond: (info_type_id = 5)
                                                               Buffers: shared hit=408
                                                   ->  Index Scan using title_pkey on title t  (cost=0.43..8.26 rows=1 width=8) (actual time=0.032..0.032 rows=1 loops=28118)
                                                         Index Cond: (id = mi2.movie_id)
                                                         Filter: ((production_year <= 1990) AND (1950 < production_year))
                                                         Rows Removed by Filter: 0
                                                         Buffers: shared hit=109304 read=3168
                                             ->  Hash  (cost=1.10..1.10 rows=3 width=4) (actual time=0.020..0.021 rows=3 loops=1)
                                                   Buckets: 1024  Batches: 1  Memory Usage: 9kB
                                                   Buffers: shared hit=1
                                                   ->  Seq Scan on kind_type kt  (cost=0.00..1.10 rows=3 width=4) (actual time=0.014..0.016 rows=3 loops=1)
                                                         Filter: ((kind)::text = ANY ('{"tv series","video game","video movie"}'::text[]))
                                                         Rows Removed by Filter: 4
                                                         Buffers: shared hit=1
                                       ->  Index Scan using movie_id_movie_info on movie_info mi1  (cost=0.43..42.79 rows=1 width=8) (actual time=0.163..0.167 rows=1 loops=472)
                                             Index Cond: (movie_id = t.id)
                                             Filter: ((info_type_id = 3) AND ((info)::text = ANY ('{Adventure,Comedy,Drama,Thriller}'::text[])))
                                             Rows Removed by Filter: 60
                                             Buffers: shared hit=4382 read=3404
                                 ->  Seq Scan on info_type it1  (cost=0.00..2.41 rows=1 width=4) (actual time=0.006..0.013 rows=1 loops=495)
                                       Filter: (id = 3)
                                       Rows Removed by Filter: 112
                                       Buffers: shared hit=495
                           ->  Seq Scan on info_type it2  (cost=0.00..2.41 rows=1 width=4) (actual time=0.005..0.011 rows=1 loops=495)
                                 Filter: (id = 5)
                                 Rows Removed by Filter: 112
                                 Buffers: shared hit=495
                     ->  Index Scan using movie_id_cast_info on cast_info ci  (cost=0.44..43.99 rows=38 width=12) (actual time=0.042..0.214 rows=18 loops=495)
                           Index Cond: (movie_id = t.id)
                           Buffers: shared hit=5961 read=4295
               ->  Hash  (cost=1.15..1.15 rows=2 width=4) (actual time=0.039..0.040 rows=2 loops=1)
                     Buckets: 1024  Batches: 1  Memory Usage: 9kB
                     Buffers: shared hit=1
                     ->  Seq Scan on role_type rt  (cost=0.00..1.15 rows=2 width=4) (actual time=0.031..0.033 rows=2 loops=1)
                           Filter: ((role)::text = ANY ('{editor,"production designer"}'::text[]))
                           Rows Removed by Filter: 10
                           Buffers: shared hit=1
         ->  Index Scan using name_pkey on name n  (cost=0.43..2.32 rows=1 width=4) (actual time=0.032..0.032 rows=0 loops=336)
               Index Cond: (id = ci.person_id)
               Filter: ((gender)::text = 'f'::text)
               Rows Removed by Filter: 1
               Buffers: shared hit=921 read=423
 Planning:
   Buffers: shared hit=574
 Planning Time: 13.879 ms
 Execution Time: 1489.422 ms
(73 rows)

