                                                                                             QUERY PLAN                                                                                              
-----------------------------------------------------------------------------------------------------------------------------------------------------------------------------------------------------
 Aggregate  (cost=344965.38..344965.39 rows=1 width=8) (actual time=437.260..437.264 rows=1 loops=1)
   Buffers: shared hit=39111 read=3947
   ->  Nested Loop  (cost=4697.40..344965.37 rows=1 width=0) (actual time=37.586..437.235 rows=95 loops=1)
         Buffers: shared hit=39111 read=3947
         ->  Hash Join  (cost=4696.97..344960.73 rows=2 width=4) (actual time=34.074..430.198 rows=156 loops=1)
               Hash Cond: (ci.role_id = rt.id)
               Buffers: shared hit=38662 read=3772
               ->  Nested Loop  (cost=4695.79..344959.51 rows=14 width=8) (actual time=33.647..429.718 rows=4067 loops=1)
                     Buffers: shared hit=38661 read=3772
                     ->  Nested Loop  (cost=4695.35..344915.85 rows=1 width=12) (actual time=33.599..397.950 rows=79 loops=1)
                           Buffers: shared hit=35637 read=2610
                           ->  Nested Loop  (cost=4695.35..344913.43 rows=1 width=16) (actual time=33.592..397.171 rows=79 loops=1)
                                 Buffers: shared hit=35558 read=2610
                                 ->  Nested Loop  (cost=4695.35..344911.01 rows=1 width=20) (actual time=33.568..396.336 rows=79 loops=1)
                                       Buffers: shared hit=35479 read=2610
                                       ->  Hash Join  (cost=4694.92..344657.75 rows=6 width=12) (actual time=33.426..369.111 rows=213 loops=1)
                                             Hash Cond: (t.kind_id = kt.id)
                                             Buffers: shared hit=34132 read=1005
                                             ->  Nested Loop  (cost=4693.81..344656.55 rows=21 width=16) (actual time=19.376..368.515 rows=3774 loops=1)
                                                   Buffers: shared hit=34131 read=1005
                                                   ->  Bitmap Heap Scan on movie_info mi2  (cost=4693.38..344470.60 rows=22 width=8) (actual time=19.254..261.503 rows=3891 loops=1)
                                                         Recheck Cond: (info_type_id = 5)
                                                         Filter: ((info)::text = ANY ('{Ireland:15A,USA:TV-G}'::text[]))
                                                         Rows Removed by Filter: 482663
                                                         Heap Blocks: exact=19164
                                                         Buffers: shared hit=19572
                                                         ->  Bitmap Index Scan on info_type_id_movie_info  (cost=0.00..4693.37 rows=439058 width=0) (actual time=16.226..16.227 rows=486554 loops=1)
                                                               Index Cond: (info_type_id = 5)
                                                               Buffers: shared hit=408
                                                   ->  Index Scan using title_pkey on title t  (cost=0.43..8.45 rows=1 width=8) (actual time=0.027..0.027 rows=1 loops=3891)
                                                         Index Cond: (id = mi2.movie_id)
                                                         Filter: ((production_year <= 2015) AND (1925 < production_year))
                                                         Rows Removed by Filter: 0
                                                         Buffers: shared hit=14559 read=1005
                                             ->  Hash  (cost=1.09..1.09 rows=2 width=4) (actual time=0.017..0.018 rows=2 loops=1)
                                                   Buckets: 1024  Batches: 1  Memory Usage: 9kB
                                                   Buffers: shared hit=1
                                                   ->  Seq Scan on kind_type kt  (cost=0.00..1.09 rows=2 width=4) (actual time=0.011..0.013 rows=2 loops=1)
                                                         Filter: ((kind)::text = ANY ('{"tv movie","video game"}'::text[]))
                                                         Rows Removed by Filter: 5
                                                         Buffers: shared hit=1
                                       ->  Index Scan using movie_id_movie_info on movie_info mi1  (cost=0.43..42.20 rows=1 width=8) (actual time=0.127..0.127 rows=0 loops=213)
                                             Index Cond: (movie_id = t.id)
                                             Filter: (((info)::text = ANY ('{Comedy,Drama}'::text[])) AND (info_type_id = 3))
                                             Rows Removed by Filter: 23
                                             Buffers: shared hit=1347 read=1605
                                 ->  Seq Scan on info_type it1  (cost=0.00..2.41 rows=1 width=4) (actual time=0.004..0.009 rows=1 loops=79)
                                       Filter: (id = 3)
                                       Rows Removed by Filter: 112
                                       Buffers: shared hit=79
                           ->  Seq Scan on info_type it2  (cost=0.00..2.41 rows=1 width=4) (actual time=0.004..0.009 rows=1 loops=79)
                                 Filter: (id = 5)
                                 Rows Removed by Filter: 112
                                 Buffers: shared hit=79
                     ->  Index Scan using movie_id_cast_info on cast_info ci  (cost=0.44..43.28 rows=38 width=12) (actual time=0.031..0.395 rows=51 loops=79)
                           Index Cond: (movie_id = t.id)
                           Buffers: shared hit=3024 read=1162
               ->  Hash  (cost=1.15..1.15 rows=2 width=4) (actual time=0.039..0.039 rows=2 loops=1)
                     Buckets: 1024  Batches: 1  Memory Usage: 9kB
                     Buffers: shared hit=1
                     ->  Seq Scan on role_type rt  (cost=0.00..1.15 rows=2 width=4) (actual time=0.030..0.032 rows=2 loops=1)
                           Filter: ((role)::text = ANY ('{cinematographer,director}'::text[]))
                           Rows Removed by Filter: 10
                           Buffers: shared hit=1
         ->  Index Scan using name_pkey on name n  (cost=0.43..2.32 rows=1 width=4) (actual time=0.045..0.045 rows=1 loops=156)
               Index Cond: (id = ci.person_id)
               Filter: ((gender)::text = 'm'::text)
               Rows Removed by Filter: 0
               Buffers: shared hit=449 read=175
 Planning:
   Buffers: shared hit=574
 Planning Time: 12.990 ms
 Execution Time: 437.837 ms
(73 rows)

