                                                                                             QUERY PLAN                                                                                              
-----------------------------------------------------------------------------------------------------------------------------------------------------------------------------------------------------
 Aggregate  (cost=345007.80..345007.81 rows=1 width=8) (actual time=1686.156..1686.163 rows=1 loops=1)
   Buffers: shared hit=149477 read=24791
   ->  Nested Loop  (cost=4697.42..345007.80 rows=1 width=0) (actual time=20.623..1685.862 rows=1188 loops=1)
         Buffers: shared hit=149477 read=24791
         ->  Hash Join  (cost=4696.99..345003.16 rows=2 width=4) (actual time=20.590..1578.862 rows=2805 loops=1)
               Hash Cond: (ci.role_id = rt.id)
               Buffers: shared hit=140397 read=22651
               ->  Nested Loop  (cost=4695.81..345001.94 rows=14 width=8) (actual time=20.528..1571.760 rows=45512 loops=1)
                     Buffers: shared hit=140396 read=22651
                     ->  Nested Loop  (cost=4695.37..344958.24 rows=1 width=12) (actual time=20.497..1111.900 rows=1008 loops=1)
                           Buffers: shared hit=104040 read=11336
                           ->  Nested Loop  (cost=4695.37..344955.82 rows=1 width=16) (actual time=20.492..1094.228 rows=1008 loops=1)
                                 Buffers: shared hit=103032 read=11336
                                 ->  Nested Loop  (cost=4695.37..344953.40 rows=1 width=20) (actual time=20.476..1076.590 rows=1008 loops=1)
                                       Buffers: shared hit=102024 read=11336
                                       ->  Hash Join  (cost=4694.94..344657.75 rows=7 width=12) (actual time=20.226..809.208 rows=1772 loops=1)
                                             Hash Cond: (t.kind_id = kt.id)
                                             Buffers: shared hit=84949 read=1048
                                             ->  Nested Loop  (cost=4693.81..344656.55 rows=17 width=16) (actual time=20.182..806.121 rows=14124 loops=1)
                                                   Buffers: shared hit=84948 read=1048
                                                   ->  Bitmap Heap Scan on movie_info mi2  (cost=4693.38..344470.60 rows=22 width=8) (actual time=20.140..306.016 rows=16606 loops=1)
                                                         Recheck Cond: (info_type_id = 5)
                                                         Filter: ((info)::text = ANY ('{Singapore:PG,"USA:Not Rated"}'::text[]))
                                                         Rows Removed by Filter: 469948
                                                         Heap Blocks: exact=19164
                                                         Buffers: shared hit=19572
                                                         ->  Bitmap Index Scan on info_type_id_movie_info  (cost=0.00..4693.37 rows=439058 width=0) (actual time=16.192..16.193 rows=486554 loops=1)
                                                               Index Cond: (info_type_id = 5)
                                                               Buffers: shared hit=408
                                                   ->  Index Scan using title_pkey on title t  (cost=0.43..8.45 rows=1 width=8) (actual time=0.030..0.030 rows=1 loops=16606)
                                                         Index Cond: (id = mi2.movie_id)
                                                         Filter: ((production_year <= 2015) AND (1975 < production_year))
                                                         Rows Removed by Filter: 0
                                                         Buffers: shared hit=65376 read=1048
                                             ->  Hash  (cost=1.10..1.10 rows=3 width=4) (actual time=0.016..0.016 rows=3 loops=1)
                                                   Buckets: 1024  Batches: 1  Memory Usage: 9kB
                                                   Buffers: shared hit=1
                                                   ->  Seq Scan on kind_type kt  (cost=0.00..1.10 rows=3 width=4) (actual time=0.010..0.011 rows=3 loops=1)
                                                         Filter: ((kind)::text = ANY ('{"tv movie","tv series","video game"}'::text[]))
                                                         Rows Removed by Filter: 4
                                                         Buffers: shared hit=1
                                       ->  Index Scan using movie_id_movie_info on movie_info mi1  (cost=0.43..42.23 rows=1 width=8) (actual time=0.148..0.150 rows=1 loops=1772)
                                             Index Cond: (movie_id = t.id)
                                             Filter: (((info)::text = ANY ('{Drama,Thriller}'::text[])) AND (info_type_id = 3))
                                             Rows Removed by Filter: 39
                                             Buffers: shared hit=17075 read=10288
                                 ->  Seq Scan on info_type it1  (cost=0.00..2.41 rows=1 width=4) (actual time=0.008..0.016 rows=1 loops=1008)
                                       Filter: (id = 3)
                                       Rows Removed by Filter: 112
                                       Buffers: shared hit=1008
                           ->  Seq Scan on info_type it2  (cost=0.00..2.41 rows=1 width=4) (actual time=0.009..0.016 rows=1 loops=1008)
                                 Filter: (id = 5)
                                 Rows Removed by Filter: 112
                                 Buffers: shared hit=1008
                     ->  Index Scan using movie_id_cast_info on cast_info ci  (cost=0.44..43.32 rows=38 width=12) (actual time=0.031..0.446 rows=45 loops=1008)
                           Index Cond: (movie_id = t.id)
                           Buffers: shared hit=36356 read=11315
               ->  Hash  (cost=1.15..1.15 rows=2 width=4) (actual time=0.037..0.037 rows=2 loops=1)
                     Buckets: 1024  Batches: 1  Memory Usage: 9kB
                     Buffers: shared hit=1
                     ->  Seq Scan on role_type rt  (cost=0.00..1.15 rows=2 width=4) (actual time=0.025..0.028 rows=2 loops=1)
                           Filter: ((role)::text = ANY ('{editor,writer}'::text[]))
                           Rows Removed by Filter: 10
                           Buffers: shared hit=1
         ->  Index Scan using name_pkey on name n  (cost=0.43..2.32 rows=1 width=4) (actual time=0.038..0.038 rows=0 loops=2805)
               Index Cond: (id = ci.person_id)
               Filter: ((gender)::text = ANY ('{f,m}'::text[]))
               Rows Removed by Filter: 1
               Buffers: shared hit=9080 read=2140
 Planning:
   Buffers: shared hit=574
 Planning Time: 12.914 ms
 Execution Time: 1686.799 ms
(73 rows)

