                                                                                             QUERY PLAN                                                                                              
-----------------------------------------------------------------------------------------------------------------------------------------------------------------------------------------------------
 Aggregate  (cost=397787.88..397787.89 rows=1 width=8) (actual time=11682.388..11682.395 rows=1 loops=1)
   Buffers: shared hit=1050110 read=158894
   ->  Nested Loop  (cost=4697.61..397787.87 rows=1 width=0) (actual time=47.602..11680.828 rows=5216 loops=1)
         Buffers: shared hit=1050110 read=158894
         ->  Hash Join  (cost=4697.18..397783.24 rows=2 width=4) (actual time=46.130..10827.003 rows=24906 loops=1)
               Hash Cond: (ci.role_id = rt.id)
               Buffers: shared hit=953777 read=155603
               ->  Nested Loop  (cost=4696.01..397782.01 rows=14 width=8) (actual time=45.740..10717.780 rows=672010 loops=1)
                     Buffers: shared hit=953776 read=155603
                     ->  Nested Loop  (cost=4695.57..397737.13 rows=1 width=12) (actual time=45.688..4406.568 rows=15365 loops=1)
                           Buffers: shared hit=332753 read=69548
                           ->  Nested Loop  (cost=4695.57..397734.71 rows=1 width=16) (actual time=45.680..4096.775 rows=15365 loops=1)
                                 Buffers: shared hit=317388 read=69548
                                 ->  Nested Loop  (cost=4695.57..397732.29 rows=1 width=20) (actual time=45.649..3763.820 rows=15365 loops=1)
                                       Buffers: shared hit=302023 read=69548
                                       ->  Hash Join  (cost=4695.13..396217.11 rows=35 width=12) (actual time=45.356..1494.218 rows=13680 loops=1)
                                             Hash Cond: (t.kind_id = kt.id)
                                             Buffers: shared hit=138869 read=8276
                                             ->  Nested Loop  (cost=4694.02..396215.47 rows=123 width=16) (actual time=23.598..1487.042 rows=13968 loops=1)
                                                   Buffers: shared hit=138868 read=8276
                                                   ->  Bitmap Heap Scan on movie_info mi2  (cost=4693.59..388964.37 rows=882 width=8) (actual time=20.924..405.394 rows=31893 loops=1)
                                                         Recheck Cond: (info_type_id = 5)
                                                         Filter: ((info)::text = ANY ('{Argentina:Atp,Finland:K-12,Finland:K-16,India:U,"West Germany:12"}'::text[]))
                                                         Rows Removed by Filter: 454661
                                                         Heap Blocks: exact=19164
                                                         Buffers: shared hit=18957 read=615
                                                         ->  Bitmap Index Scan on info_type_id_movie_info  (cost=0.00..4693.37 rows=439058 width=0) (actual time=17.935..17.936 rows=486554 loops=1)
                                                               Index Cond: (info_type_id = 5)
                                                               Buffers: shared hit=408
                                                   ->  Index Scan using title_pkey on title t  (cost=0.43..8.22 rows=1 width=8) (actual time=0.033..0.033 rows=0 loops=31893)
                                                         Index Cond: (id = mi2.movie_id)
                                                         Filter: ((production_year <= 1975) AND (1925 < production_year))
                                                         Rows Removed by Filter: 1
                                                         Buffers: shared hit=119911 read=7661
                                             ->  Hash  (cost=1.09..1.09 rows=2 width=4) (actual time=0.018..0.019 rows=2 loops=1)
                                                   Buckets: 1024  Batches: 1  Memory Usage: 9kB
                                                   Buffers: shared hit=1
                                                   ->  Seq Scan on kind_type kt  (cost=0.00..1.09 rows=2 width=4) (actual time=0.010..0.011 rows=2 loops=1)
                                                         Filter: ((kind)::text = ANY ('{episode,movie}'::text[]))
                                                         Rows Removed by Filter: 5
                                                         Buffers: shared hit=1
                                       ->  Index Scan using movie_id_movie_info on movie_info mi1  (cost=0.43..43.28 rows=1 width=8) (actual time=0.164..0.165 rows=1 loops=13680)
                                             Index Cond: (movie_id = t.id)
                                             Filter: ((info_type_id = 3) AND ((info)::text = ANY ('{Adventure,Animation,Drama,Romance,Thriller,War,Western}'::text[])))
                                             Rows Removed by Filter: 41
                                             Buffers: shared hit=163154 read=61272
                                 ->  Seq Scan on info_type it1  (cost=0.00..2.41 rows=1 width=4) (actual time=0.011..0.020 rows=1 loops=15365)
                                       Filter: (id = 3)
                                       Rows Removed by Filter: 112
                                       Buffers: shared hit=15365
                           ->  Seq Scan on info_type it2  (cost=0.00..2.41 rows=1 width=4) (actual time=0.009..0.018 rows=1 loops=15365)
                                 Filter: (id = 5)
                                 Rows Removed by Filter: 112
                                 Buffers: shared hit=15365
                     ->  Index Scan using movie_id_cast_info on cast_info ci  (cost=0.44..44.50 rows=38 width=12) (actual time=0.035..0.400 rows=44 loops=15365)
                           Index Cond: (movie_id = t.id)
                           Buffers: shared hit=621023 read=86055
               ->  Hash  (cost=1.15..1.15 rows=2 width=4) (actual time=0.036..0.037 rows=2 loops=1)
                     Buckets: 1024  Batches: 1  Memory Usage: 9kB
                     Buffers: shared hit=1
                     ->  Seq Scan on role_type rt  (cost=0.00..1.15 rows=2 width=4) (actual time=0.028..0.030 rows=2 loops=1)
                           Filter: ((role)::text = ANY ('{"costume designer",editor}'::text[]))
                           Rows Removed by Filter: 10
                           Buffers: shared hit=1
         ->  Index Scan using name_pkey on name n  (cost=0.43..2.32 rows=1 width=4) (actual time=0.034..0.034 rows=0 loops=24906)
               Index Cond: (id = ci.person_id)
               Filter: ((gender)::text = 'm'::text)
               Rows Removed by Filter: 1
               Buffers: shared hit=96333 read=3291
 Planning:
   Buffers: shared hit=574
 Planning Time: 14.450 ms
 Execution Time: 11683.082 ms
(73 rows)

