                                                                                             QUERY PLAN                                                                                              
-----------------------------------------------------------------------------------------------------------------------------------------------------------------------------------------------------
 Aggregate  (cost=354055.86..354055.87 rows=1 width=8) (actual time=5795.674..5795.680 rows=1 loops=1)
   Buffers: shared hit=407069 read=191706
   ->  Nested Loop  (cost=4697.51..354055.86 rows=1 width=0) (actual time=41.426..5795.023 rows=1664 loops=1)
         Buffers: shared hit=407069 read=191706
         ->  Hash Join  (cost=4697.08..354051.22 rows=2 width=4) (actual time=41.028..5629.774 rows=5286 loops=1)
               Hash Cond: (ci.role_id = rt.id)
               Buffers: shared hit=388820 read=188811
               ->  Nested Loop  (cost=4695.90..354050.00 rows=14 width=8) (actual time=36.811..5595.381 rows=264914 loops=1)
                     Buffers: shared hit=388819 read=188811
                     ->  Nested Loop  (cost=4695.46..354006.34 rows=1 width=12) (actual time=36.767..3119.530 rows=3165 loops=1)
                           Buffers: shared hit=217723 read=91802
                           ->  Nested Loop  (cost=4695.46..354003.91 rows=1 width=16) (actual time=36.760..3058.565 rows=3165 loops=1)
                                 Buffers: shared hit=214558 read=91802
                                 ->  Nested Loop  (cost=4695.46..354001.49 rows=1 width=20) (actual time=36.737..3005.637 rows=3165 loops=1)
                                       Buffers: shared hit=211393 read=91802
                                       ->  Hash Join  (cost=4695.03..347627.89 rows=151 width=12) (actual time=19.874..788.643 rows=11535 loops=1)
                                             Hash Cond: (t.kind_id = kt.id)
                                             Buffers: shared hit=68824 read=10533
                                             ->  Nested Loop  (cost=4693.89..347625.28 rows=351 width=16) (actual time=19.437..783.349 rows=14933 loops=1)
                                                   Buffers: shared hit=68823 read=10533
                                                   ->  Bitmap Heap Scan on movie_info mi2  (cost=4693.46..344470.68 rows=377 width=8) (actual time=19.300..287.759 rows=14946 loops=1)
                                                         Recheck Cond: (info_type_id = 5)
                                                         Filter: ((info)::text = ANY ('{Australia:M,Norway:18}'::text[]))
                                                         Rows Removed by Filter: 471608
                                                         Heap Blocks: exact=19164
                                                         Buffers: shared hit=17536 read=2036
                                                         ->  Bitmap Index Scan on info_type_id_movie_info  (cost=0.00..4693.37 rows=439058 width=0) (actual time=16.604..16.605 rows=486554 loops=1)
                                                               Index Cond: (info_type_id = 5)
                                                               Buffers: shared hit=408
                                                   ->  Index Scan using title_pkey on title t  (cost=0.43..8.37 rows=1 width=8) (actual time=0.033..0.033 rows=1 loops=14946)
                                                         Index Cond: (id = mi2.movie_id)
                                                         Filter: ((production_year <= 2015) AND (1925 < production_year))
                                                         Rows Removed by Filter: 0
                                                         Buffers: shared hit=51287 read=8497
                                             ->  Hash  (cost=1.10..1.10 rows=3 width=4) (actual time=0.017..0.018 rows=3 loops=1)
                                                   Buckets: 1024  Batches: 1  Memory Usage: 9kB
                                                   Buffers: shared hit=1
                                                   ->  Seq Scan on kind_type kt  (cost=0.00..1.10 rows=3 width=4) (actual time=0.010..0.012 rows=3 loops=1)
                                                         Filter: ((kind)::text = ANY ('{episode,movie,"video movie"}'::text[]))
                                                         Rows Removed by Filter: 4
                                                         Buffers: shared hit=1
                                       ->  Index Scan using movie_id_movie_info on movie_info mi1  (cost=0.43..42.20 rows=1 width=8) (actual time=0.192..0.192 rows=0 loops=11535)
                                             Index Cond: (movie_id = t.id)
                                             Filter: (((info)::text = ANY ('{Fantasy,Thriller}'::text[])) AND (info_type_id = 3))
                                             Rows Removed by Filter: 85
                                             Buffers: shared hit=142569 read=81269
                                 ->  Seq Scan on info_type it1  (cost=0.00..2.41 rows=1 width=4) (actual time=0.007..0.015 rows=1 loops=3165)
                                       Filter: (id = 3)
                                       Rows Removed by Filter: 112
                                       Buffers: shared hit=3165
                           ->  Seq Scan on info_type it2  (cost=0.00..2.41 rows=1 width=4) (actual time=0.011..0.018 rows=1 loops=3165)
                                 Filter: (id = 5)
                                 Rows Removed by Filter: 112
                                 Buffers: shared hit=3165
                     ->  Index Scan using movie_id_cast_info on cast_info ci  (cost=0.44..43.28 rows=38 width=12) (actual time=0.035..0.765 rows=84 loops=3165)
                           Index Cond: (movie_id = t.id)
                           Buffers: shared hit=171096 read=97009
               ->  Hash  (cost=1.15..1.15 rows=2 width=4) (actual time=0.031..0.031 rows=2 loops=1)
                     Buckets: 1024  Batches: 1  Memory Usage: 9kB
                     Buffers: shared hit=1
                     ->  Seq Scan on role_type rt  (cost=0.00..1.15 rows=2 width=4) (actual time=0.024..0.026 rows=2 loops=1)
                           Filter: ((role)::text = ANY ('{"costume designer","production designer"}'::text[]))
                           Rows Removed by Filter: 10
                           Buffers: shared hit=1
         ->  Index Scan using name_pkey on name n  (cost=0.43..2.32 rows=1 width=4) (actual time=0.031..0.031 rows=0 loops=5286)
               Index Cond: (id = ci.person_id)
               Filter: ((gender)::text = 'm'::text)
               Rows Removed by Filter: 1
               Buffers: shared hit=18249 read=2895
 Planning:
   Buffers: shared hit=574
 Planning Time: 13.277 ms
 Execution Time: 5796.216 ms
(73 rows)

