                                                                                                   QUERY PLAN                                                                                                    
-----------------------------------------------------------------------------------------------------------------------------------------------------------------------------------------------------------------
 Aggregate  (cost=457650.97..457650.98 rows=1 width=8) (actual time=62725.611..62725.619 rows=1 loops=1)
   Buffers: shared hit=5854426 read=566910
   ->  Nested Loop  (cost=4697.52..457650.96 rows=3 width=0) (actual time=22.549..62687.913 rows=174681 loops=1)
         Buffers: shared hit=5854426 read=566910
         ->  Hash Join  (cost=4697.09..457634.72 rows=7 width=4) (actual time=22.382..49737.273 rows=348995 loops=1)
               Hash Cond: (ci.role_id = rt.id)
               Buffers: shared hit=4513786 read=511570
               ->  Nested Loop  (cost=4695.92..457633.39 rows=43 width=8) (actual time=22.090..48894.447 rows=4055431 loops=1)
                     Buffers: shared hit=4513785 read=511570
                     ->  Nested Loop  (cost=4695.48..457502.30 rows=3 width=12) (actual time=22.051..9993.728 rows=48781 loops=1)
                           Buffers: shared hit=774929 read=151681
                           ->  Seq Scan on info_type it2  (cost=0.00..2.41 rows=1 width=4) (actual time=0.031..0.043 rows=1 loops=1)
                                 Filter: (id = 5)
                                 Rows Removed by Filter: 112
                                 Buffers: shared hit=1
                           ->  Nested Loop  (cost=4695.48..457499.85 rows=3 width=16) (actual time=22.018..9979.793 rows=48781 loops=1)
                                 Buffers: shared hit=774928 read=151681
                                 ->  Seq Scan on info_type it1  (cost=0.00..2.41 rows=1 width=4) (actual time=0.009..0.023 rows=1 loops=1)
                                       Filter: (id = 3)
                                       Rows Removed by Filter: 112
                                       Buffers: shared hit=1
                                 ->  Nested Loop  (cost=4695.48..457497.41 rows=3 width=20) (actual time=22.006..9965.175 rows=48781 loops=1)
                                       Buffers: shared hit=774927 read=151681
                                       ->  Hash Join  (cost=4695.04..452568.42 rows=116 width=12) (actual time=20.561..2509.050 rows=36222 loops=1)
                                             Hash Cond: (t.kind_id = kt.id)
                                             Buffers: shared hit=187363 read=35102
                                             ->  Nested Loop  (cost=4693.93..452565.60 rows=407 width=16) (actual time=20.143..2482.961 rows=46457 loops=1)
                                                   Buffers: shared hit=187362 read=35102
                                                   ->  Bitmap Heap Scan on movie_info mi2  (cost=4693.50..448289.01 rows=514 width=8) (actual time=20.097..602.902 rows=50723 loops=1)
                                                         Recheck Cond: (info_type_id = 5)
                                                         Filter: ((info)::text = ANY ('{Argentina:13,Australia:MA,Germany:16,Germany:18,"Hong Kong:IIB",Singapore:M18,Singapore:PG,UK:15,USA:Unrated}'::text[]))
                                                         Rows Removed by Filter: 435831
                                                         Heap Blocks: exact=19164
                                                         Buffers: shared hit=4908 read=14664
                                                         ->  Bitmap Index Scan on info_type_id_movie_info  (cost=0.00..4693.37 rows=439058 width=0) (actual time=17.246..17.246 rows=486554 loops=1)
                                                               Index Cond: (info_type_id = 5)
                                                               Buffers: shared read=408
                                                   ->  Index Scan using title_pkey on title t  (cost=0.43..8.32 rows=1 width=8) (actual time=0.036..0.036 rows=1 loops=50723)
                                                         Index Cond: (id = mi2.movie_id)
                                                         Filter: ((production_year <= 2015) AND (1975 < production_year))
                                                         Rows Removed by Filter: 0
                                                         Buffers: shared hit=182454 read=20438
                                             ->  Hash  (cost=1.09..1.09 rows=2 width=4) (actual time=0.022..0.023 rows=2 loops=1)
                                                   Buckets: 1024  Batches: 1  Memory Usage: 9kB
                                                   Buffers: shared hit=1
                                                   ->  Seq Scan on kind_type kt  (cost=0.00..1.09 rows=2 width=4) (actual time=0.011..0.013 rows=2 loops=1)
                                                         Filter: ((kind)::text = ANY ('{episode,movie}'::text[]))
                                                         Rows Removed by Filter: 5
                                                         Buffers: shared hit=1
                                       ->  Index Scan using movie_id_movie_info on movie_info mi1  (cost=0.43..42.48 rows=1 width=8) (actual time=0.203..0.205 rows=1 loops=36222)
                                             Index Cond: (movie_id = t.id)
                                             Filter: ((info_type_id = 3) AND ((info)::text = ANY ('{Action,Crime,Documentary,Drama,Horror,Sci-Fi,Thriller}'::text[])))
                                             Rows Removed by Filter: 90
                                             Buffers: shared hit=587564 read=116579
                     ->  Index Scan using movie_id_cast_info on cast_info ci  (cost=0.44..43.32 rows=38 width=12) (actual time=0.037..0.775 rows=83 loops=48781)
                           Index Cond: (movie_id = t.id)
                           Buffers: shared hit=3738856 read=359889
               ->  Hash  (cost=1.15..1.15 rows=2 width=4) (actual time=0.035..0.036 rows=2 loops=1)
                     Buckets: 1024  Batches: 1  Memory Usage: 9kB
                     Buffers: shared hit=1
                     ->  Seq Scan on role_type rt  (cost=0.00..1.15 rows=2 width=4) (actual time=0.026..0.029 rows=2 loops=1)
                           Filter: ((role)::text = ANY ('{director,producer}'::text[]))
                           Rows Removed by Filter: 10
                           Buffers: shared hit=1
         ->  Index Scan using name_pkey on name n  (cost=0.43..2.32 rows=1 width=4) (actual time=0.036..0.036 rows=1 loops=348995)
               Index Cond: (id = ci.person_id)
               Filter: ((gender)::text = 'm'::text)
               Rows Removed by Filter: 0
               Buffers: shared hit=1340640 read=55340
 Planning:
   Buffers: shared hit=485 read=89
 Planning Time: 13.937 ms
 Execution Time: 62726.423 ms
(73 rows)

