                                                                                             QUERY PLAN                                                                                              
-----------------------------------------------------------------------------------------------------------------------------------------------------------------------------------------------------
 Aggregate  (cost=465093.89..465093.90 rows=1 width=8) (actual time=31004.723..31004.731 rows=1 loops=1)
   Buffers: shared hit=2902709 read=322751
   ->  Nested Loop  (cost=4697.78..465093.89 rows=3 width=0) (actual time=38.032..30985.659 rows=98778 loops=1)
         Buffers: shared hit=2902709 read=322751
         ->  Hash Join  (cost=4697.35..465082.29 rows=5 width=4) (actual time=37.983..25111.087 rows=162036 loops=1)
               Hash Cond: (ci.role_id = rt.id)
               Buffers: shared hit=2279414 read=297902
               ->  Nested Loop  (cost=4696.18..465081.01 rows=29 width=8) (actual time=37.764..24781.751 rows=1677069 loops=1)
                     Buffers: shared hit=2279413 read=297902
                     ->  Nested Loop  (cost=4695.74..464992.27 rows=2 width=12) (actual time=37.724..8529.608 rows=31512 loops=1)
                           Buffers: shared hit=713027 read=124294
                           ->  Seq Scan on info_type it2  (cost=0.00..2.41 rows=1 width=4) (actual time=0.027..0.037 rows=1 loops=1)
                                 Filter: (id = 5)
                                 Rows Removed by Filter: 112
                                 Buffers: shared hit=1
                           ->  Nested Loop  (cost=4695.74..464989.83 rows=2 width=16) (actual time=37.696..8520.936 rows=31512 loops=1)
                                 Buffers: shared hit=713026 read=124294
                                 ->  Seq Scan on info_type it1  (cost=0.00..2.41 rows=1 width=4) (actual time=0.010..0.023 rows=1 loops=1)
                                       Filter: (id = 3)
                                       Rows Removed by Filter: 112
                                       Buffers: shared hit=1
                                 ->  Nested Loop  (cost=4695.74..464987.40 rows=2 width=20) (actual time=37.683..8511.822 rows=31512 loops=1)
                                       Buffers: shared hit=713025 read=124294
                                       ->  Hash Join  (cost=4695.30..460879.07 rows=96 width=12) (actual time=37.447..3145.023 rows=28434 loops=1)
                                             Hash Cond: (t.kind_id = kt.id)
                                             Buffers: shared hit=270390 read=38327
                                             ->  Nested Loop  (cost=4694.19..460876.53 rows=338 width=16) (actual time=19.874..3127.873 rows=29881 loops=1)
                                                   Buffers: shared hit=270389 read=38327
                                                   ->  Bitmap Heap Scan on movie_info mi2  (cost=4693.76..448289.28 rows=1563 width=8) (actual time=19.564..580.206 rows=72286 loops=1)
                                                         Recheck Cond: (info_type_id = 5)
                                                         Filter: ((info)::text = ANY ('{Australia:M,Finland:K-16,Norway:16,Sweden:Btl,UK:15,UK:18,USA:PG,USA:R,"West Germany:12"}'::text[]))
                                                         Rows Removed by Filter: 414268
                                                         Heap Blocks: exact=19164
                                                         Buffers: shared hit=2619 read=16953
                                                         ->  Bitmap Index Scan on info_type_id_movie_info  (cost=0.00..4693.37 rows=439058 width=0) (actual time=16.898..16.898 rows=486554 loops=1)
                                                               Index Cond: (info_type_id = 5)
                                                               Buffers: shared read=408
                                                   ->  Index Scan using title_pkey on title t  (cost=0.43..8.05 rows=1 width=8) (actual time=0.035..0.035 rows=0 loops=72286)
                                                         Index Cond: (id = mi2.movie_id)
                                                         Filter: ((production_year <= 1990) AND (1950 < production_year))
                                                         Rows Removed by Filter: 1
                                                         Buffers: shared hit=267770 read=21374
                                             ->  Hash  (cost=1.09..1.09 rows=2 width=4) (actual time=0.014..0.015 rows=2 loops=1)
                                                   Buckets: 1024  Batches: 1  Memory Usage: 9kB
                                                   Buffers: shared hit=1
                                                   ->  Seq Scan on kind_type kt  (cost=0.00..1.09 rows=2 width=4) (actual time=0.008..0.009 rows=2 loops=1)
                                                         Filter: ((kind)::text = ANY ('{episode,movie}'::text[]))
                                                         Rows Removed by Filter: 5
                                                         Buffers: shared hit=1
                                       ->  Index Scan using movie_id_movie_info on movie_info mi1  (cost=0.43..42.79 rows=1 width=8) (actual time=0.187..0.188 rows=1 loops=28434)
                                             Index Cond: (movie_id = t.id)
                                             Filter: ((info_type_id = 3) AND ((info)::text = ANY ('{Action,Comedy,Drama,Thriller}'::text[])))
                                             Rows Removed by Filter: 64
                                             Buffers: shared hit=442635 read=85967
                     ->  Index Scan using movie_id_cast_info on cast_info ci  (cost=0.44..43.99 rows=38 width=12) (actual time=0.038..0.501 rows=53 loops=31512)
                           Index Cond: (movie_id = t.id)
                           Buffers: shared hit=1566386 read=173608
               ->  Hash  (cost=1.15..1.15 rows=2 width=4) (actual time=0.030..0.031 rows=2 loops=1)
                     Buckets: 1024  Batches: 1  Memory Usage: 9kB
                     Buffers: shared hit=1
                     ->  Seq Scan on role_type rt  (cost=0.00..1.15 rows=2 width=4) (actual time=0.023..0.025 rows=2 loops=1)
                           Filter: ((role)::text = ANY ('{producer,writer}'::text[]))
                           Rows Removed by Filter: 10
                           Buffers: shared hit=1
         ->  Index Scan using name_pkey on name n  (cost=0.43..2.32 rows=1 width=4) (actual time=0.036..0.036 rows=1 loops=162036)
               Index Cond: (id = ci.person_id)
               Filter: ((gender)::text = ANY ('{f,m}'::text[]))
               Rows Removed by Filter: 0
               Buffers: shared hit=623295 read=24849
 Planning:
   Buffers: shared hit=483 read=91
 Planning Time: 12.832 ms
 Execution Time: 31005.376 ms
(73 rows)

