                                                                                                        QUERY PLAN                                                                                                        
--------------------------------------------------------------------------------------------------------------------------------------------------------------------------------------------------------------------------
 Aggregate  (cost=461310.92..461310.93 rows=1 width=8) (actual time=48864.378..48864.393 rows=1 loops=1)
   Buffers: shared hit=4619774 read=471278
   ->  Nested Loop  (cost=4697.56..461310.92 rows=3 width=0) (actual time=35.719..48837.523 rows=124187 loops=1)
         Buffers: shared hit=4619774 read=471278
         ->  Seq Scan on info_type it2  (cost=0.00..2.41 rows=1 width=4) (actual time=0.047..0.055 rows=1 loops=1)
               Filter: (id = 5)
               Rows Removed by Filter: 112
               Buffers: shared hit=1
         ->  Nested Loop  (cost=4697.56..461308.47 rows=3 width=4) (actual time=35.670..48810.567 rows=124187 loops=1)
               Buffers: shared hit=4619773 read=471278
               ->  Seq Scan on info_type it1  (cost=0.00..2.41 rows=1 width=4) (actual time=0.013..0.023 rows=1 loops=1)
                     Filter: (id = 3)
                     Rows Removed by Filter: 112
                     Buffers: shared hit=1
               ->  Nested Loop  (cost=4697.56..461306.03 rows=3 width=8) (actual time=35.654..48780.199 rows=124187 loops=1)
                     Buffers: shared hit=4619772 read=471278
                     ->  Hash Join  (cost=4697.13..461294.43 rows=5 width=12) (actual time=35.602..40103.211 rows=238704 loops=1)
                           Hash Cond: (ci.role_id = rt.id)
                           Buffers: shared hit=3699812 read=436422
                           ->  Nested Loop  (cost=4695.96..461293.07 rows=57 width=16) (actual time=35.232..39452.981 rows=3280322 loops=1)
                                 Buffers: shared hit=3699811 read=436422
                                 ->  Nested Loop  (cost=4695.52..461118.12 rows=4 width=20) (actual time=35.178..8869.290 rows=36449 loops=1)
                                       Buffers: shared hit=688223 read=146344
                                       ->  Hash Join  (cost=4695.09..453398.71 rows=182 width=12) (actual time=21.010..2469.446 rows=33950 loops=1)
                                             Hash Cond: (t.kind_id = kt.id)
                                             Buffers: shared hit=174656 read=40057
                                             ->  Nested Loop  (cost=4693.95..453395.78 rows=425 width=16) (actual time=20.967..2448.278 rows=37837 loops=1)
                                                   Buffers: shared hit=174655 read=40057
                                                   ->  Bitmap Heap Scan on movie_info mi2  (cost=4693.52..448289.04 rows=616 width=8) (actual time=20.924..585.992 rows=48785 loops=1)
                                                         Recheck Cond: (info_type_id = 5)
                                                         Filter: ((info)::text = ANY ('{Argentina:Atp,Australia:MA,Finland:K-15,Germany:16,Netherlands:16,Singapore:PG,"South Korea:18",Switzerland:12,USA:PG}'::text[]))
                                                         Rows Removed by Filter: 437769
                                                         Heap Blocks: exact=19164
                                                         Buffers: shared hit=3890 read=15682
                                                         ->  Bitmap Index Scan on info_type_id_movie_info  (cost=0.00..4693.37 rows=439058 width=0) (actual time=17.872..17.872 rows=486554 loops=1)
                                                               Index Cond: (info_type_id = 5)
                                                               Buffers: shared read=408
                                                   ->  Index Scan using title_pkey on title t  (cost=0.43..8.29 rows=1 width=8) (actual time=0.037..0.037 rows=1 loops=48785)
                                                         Index Cond: (id = mi2.movie_id)
                                                         Filter: ((production_year <= 2015) AND (1990 < production_year))
                                                         Rows Removed by Filter: 0
                                                         Buffers: shared hit=170765 read=24375
                                             ->  Hash  (cost=1.10..1.10 rows=3 width=4) (actual time=0.017..0.027 rows=3 loops=1)
                                                   Buckets: 1024  Batches: 1  Memory Usage: 9kB
                                                   Buffers: shared hit=1
                                                   ->  Seq Scan on kind_type kt  (cost=0.00..1.10 rows=3 width=4) (actual time=0.011..0.013 rows=3 loops=1)
                                                         Filter: ((kind)::text = ANY ('{episode,movie,"video movie"}'::text[]))
                                                         Rows Removed by Filter: 4
                                                         Buffers: shared hit=1
                                       ->  Index Scan using movie_id_movie_info on movie_info mi1  (cost=0.43..42.40 rows=1 width=8) (actual time=0.186..0.188 rows=1 loops=33950)
                                             Index Cond: (movie_id = t.id)
                                             Filter: ((info_type_id = 3) AND ((info)::text = ANY ('{Action,Comedy,Drama,Horror,Thriller}'::text[])))
                                             Rows Removed by Filter: 80
                                             Buffers: shared hit=513567 read=106287
                                 ->  Index Scan using movie_id_cast_info on cast_info ci  (cost=0.44..43.36 rows=38 width=12) (actual time=0.037..0.814 rows=90 loops=36449)
                                       Index Cond: (movie_id = t.id)
                                       Buffers: shared hit=3011588 read=290078
                           ->  Hash  (cost=1.15..1.15 rows=1 width=4) (actual time=0.018..0.018 rows=1 loops=1)
                                 Buckets: 1024  Batches: 1  Memory Usage: 9kB
                                 Buffers: shared hit=1
                                 ->  Seq Scan on role_type rt  (cost=0.00..1.15 rows=1 width=4) (actual time=0.010..0.011 rows=1 loops=1)
                                       Filter: ((role)::text = 'producer'::text)
                                       Rows Removed by Filter: 11
                                       Buffers: shared hit=1
                     ->  Index Scan using name_pkey on name n  (cost=0.43..2.32 rows=1 width=4) (actual time=0.036..0.036 rows=1 loops=238704)
                           Index Cond: (id = ci.person_id)
                           Filter: ((gender)::text = ANY ('{f,m}'::text[]))
                           Rows Removed by Filter: 0
                           Buffers: shared hit=919960 read=34856
 Planning:
   Buffers: shared hit=483 read=91
 Planning Time: 14.248 ms
 Execution Time: 48865.066 ms
(73 rows)

