                                                                                             QUERY PLAN                                                                                              
-----------------------------------------------------------------------------------------------------------------------------------------------------------------------------------------------------
 Aggregate  (cost=393039.05..393039.06 rows=1 width=8) (actual time=1516.697..1516.706 rows=1 loops=1)
   Buffers: shared hit=118793 read=31468
   ->  Nested Loop  (cost=4697.49..393039.05 rows=1 width=0) (actual time=35.318..1516.696 rows=5 loops=1)
         Buffers: shared hit=118793 read=31468
         ->  Hash Join  (cost=4697.06..393036.73 rows=1 width=4) (actual time=35.260..1516.525 rows=5 loops=1)
               Hash Cond: (ci.role_id = rt.id)
               Buffers: shared hit=118780 read=31461
               ->  Nested Loop  (cost=4695.90..393035.52 rows=14 width=8) (actual time=24.523..1516.429 rows=212 loops=1)
                     Buffers: shared hit=118779 read=31461
                     ->  Nested Loop  (cost=4695.46..392990.64 rows=1 width=12) (actual time=24.487..1514.342 rows=33 loops=1)
                           Buffers: shared hit=118675 read=31277
                           ->  Nested Loop  (cost=4695.46..392988.22 rows=1 width=16) (actual time=24.482..1514.057 rows=33 loops=1)
                                 Buffers: shared hit=118642 read=31277
                                 ->  Nested Loop  (cost=4695.46..392985.80 rows=1 width=20) (actual time=24.464..1513.726 rows=33 loops=1)
                                       Buffers: shared hit=118609 read=31277
                                       ->  Hash Join  (cost=4695.03..392035.65 rows=22 width=12) (actual time=24.354..1509.193 rows=63 loops=1)
                                             Hash Cond: (t.kind_id = kt.id)
                                             Buffers: shared hit=118397 read=30768
                                             ->  Nested Loop  (cost=4693.89..392034.30 rows=51 width=16) (actual time=24.310..1504.062 rows=27415 loops=1)
                                                   Buffers: shared hit=118396 read=30768
                                                   ->  Bitmap Heap Scan on movie_info mi2  (cost=4693.46..388964.24 rows=367 width=8) (actual time=22.238..410.656 rows=32398 loops=1)
                                                         Recheck Cond: (info_type_id = 5)
                                                         Filter: ((info)::text = ANY ('{Finland:S,Sweden:Btl,USA:Approved,USA:Passed,"West Germany:12"}'::text[]))
                                                         Rows Removed by Filter: 454156
                                                         Heap Blocks: exact=19164
                                                         Buffers: shared hit=972 read=18600
                                                         ->  Bitmap Index Scan on info_type_id_movie_info  (cost=0.00..4693.37 rows=439058 width=0) (actual time=18.691..18.692 rows=486554 loops=1)
                                                               Index Cond: (info_type_id = 5)
                                                               Buffers: shared read=408
                                                   ->  Index Scan using title_pkey on title t  (cost=0.43..8.37 rows=1 width=8) (actual time=0.033..0.033 rows=1 loops=32398)
                                                         Index Cond: (id = mi2.movie_id)
                                                         Filter: ((production_year <= 1975) AND (1925 < production_year))
                                                         Rows Removed by Filter: 0
                                                         Buffers: shared hit=117424 read=12168
                                             ->  Hash  (cost=1.10..1.10 rows=3 width=4) (actual time=0.019..0.020 rows=3 loops=1)
                                                   Buckets: 1024  Batches: 1  Memory Usage: 9kB
                                                   Buffers: shared hit=1
                                                   ->  Seq Scan on kind_type kt  (cost=0.00..1.10 rows=3 width=4) (actual time=0.010..0.012 rows=3 loops=1)
                                                         Filter: ((kind)::text = ANY ('{"tv series","video game","video movie"}'::text[]))
                                                         Rows Removed by Filter: 4
                                                         Buffers: shared hit=1
                                       ->  Index Scan using movie_id_movie_info on movie_info mi1  (cost=0.43..43.18 rows=1 width=8) (actual time=0.069..0.071 rows=1 loops=63)
                                             Index Cond: (movie_id = t.id)
                                             Filter: ((info_type_id = 3) AND ((info)::text = ANY ('{Comedy,Drama,Mystery,Romance,Western}'::text[])))
                                             Rows Removed by Filter: 11
                                             Buffers: shared hit=212 read=509
                                 ->  Seq Scan on info_type it1  (cost=0.00..2.41 rows=1 width=4) (actual time=0.004..0.008 rows=1 loops=33)
                                       Filter: (id = 3)
                                       Rows Removed by Filter: 112
                                       Buffers: shared hit=33
                           ->  Seq Scan on info_type it2  (cost=0.00..2.41 rows=1 width=4) (actual time=0.003..0.007 rows=1 loops=33)
                                 Filter: (id = 5)
                                 Rows Removed by Filter: 112
                                 Buffers: shared hit=33
                     ->  Index Scan using movie_id_cast_info on cast_info ci  (cost=0.44..44.50 rows=38 width=12) (actual time=0.021..0.061 rows=6 loops=33)
                           Index Cond: (movie_id = t.id)
                           Buffers: shared hit=104 read=184
               ->  Hash  (cost=1.15..1.15 rows=1 width=4) (actual time=0.035..0.036 rows=1 loops=1)
                     Buckets: 1024  Batches: 1  Memory Usage: 9kB
                     Buffers: shared hit=1
                     ->  Seq Scan on role_type rt  (cost=0.00..1.15 rows=1 width=4) (actual time=0.028..0.029 rows=1 loops=1)
                           Filter: ((role)::text = 'composer'::text)
                           Rows Removed by Filter: 11
                           Buffers: shared hit=1
         ->  Index Scan using name_pkey on name n  (cost=0.43..2.32 rows=1 width=4) (actual time=0.032..0.032 rows=1 loops=5)
               Index Cond: (id = ci.person_id)
               Filter: ((gender)::text = 'm'::text)
               Buffers: shared hit=13 read=7
 Planning:
   Buffers: shared hit=483 read=91
 Planning Time: 14.619 ms
 Execution Time: 1517.467 ms
(72 rows)

