                                                                                                                  QUERY PLAN                                                                                                                  
----------------------------------------------------------------------------------------------------------------------------------------------------------------------------------------------------------------------------------------------
 Aggregate  (cost=504778.58..504778.59 rows=1 width=8) (actual time=101130.263..101130.271 rows=1 loops=1)
   Buffers: shared hit=9742861 read=647257
   ->  Nested Loop  (cost=4697.54..504778.57 rows=4 width=0) (actual time=21.617..101083.931 rows=183335 loops=1)
         Buffers: shared hit=9742861 read=647257
         ->  Hash Join  (cost=4697.11..504755.37 rows=10 width=4) (actual time=21.439..89977.887 rows=298505 loops=1)
               Hash Cond: (ci.role_id = rt.id)
               Buffers: shared hit=8606197 read=589901
               ->  Nested Loop  (cost=4695.94..504753.99 rows=57 width=8) (actual time=21.043..88423.221 rows=7762345 loops=1)
                     Buffers: shared hit=8606196 read=589901
                     ->  Nested Loop  (cost=4695.50..504579.20 rows=4 width=12) (actual time=21.003..14383.101 rows=91424 loops=1)
                           Buffers: shared hit=1194250 read=149637
                           ->  Seq Scan on info_type it2  (cost=0.00..2.41 rows=1 width=4) (actual time=0.034..0.045 rows=1 loops=1)
                                 Filter: (id = 5)
                                 Rows Removed by Filter: 112
                                 Buffers: shared hit=1
                           ->  Nested Loop  (cost=4695.50..504576.75 rows=4 width=16) (actual time=20.968..14357.149 rows=91424 loops=1)
                                 Buffers: shared hit=1194249 read=149637
                                 ->  Seq Scan on info_type it1  (cost=0.00..2.41 rows=1 width=4) (actual time=0.009..0.022 rows=1 loops=1)
                                       Filter: (id = 3)
                                       Rows Removed by Filter: 112
                                       Buffers: shared hit=1
                                 ->  Nested Loop  (cost=4695.50..504574.30 rows=4 width=20) (actual time=20.956..14329.329 rows=91424 loops=1)
                                       Buffers: shared hit=1194248 read=149637
                                       ->  Hash Join  (cost=4695.06..497095.83 rows=176 width=12) (actual time=19.704..3310.998 rows=53127 loops=1)
                                             Hash Cond: (t.kind_id = kt.id)
                                             Buffers: shared hit=265191 read=29502
                                             ->  Nested Loop  (cost=4693.93..497092.96 rows=410 width=16) (actual time=19.659..3271.907 rows=57279 loops=1)
                                                   Buffers: shared hit=265190 read=29502
                                                   ->  Bitmap Heap Scan on movie_info mi2  (cost=4693.50..492782.57 rows=518 width=8) (actual time=19.528..664.094 rows=68780 loops=1)
                                                         Recheck Cond: (info_type_id = 5)
                                                         Filter: ((info)::text = ANY ('{Argentina:13,Australia:MA,France:U,Germany:16,Germany:18,Norway:15,Portugal:M/12,"South Korea:18",Spain:18,Sweden:15,Switzerland:14,USA:R}'::text[]))
                                                         Rows Removed by Filter: 417774
                                                         Heap Blocks: exact=19164
                                                         Buffers: shared hit=8774 read=10798
                                                         ->  Bitmap Index Scan on info_type_id_movie_info  (cost=0.00..4693.37 rows=439058 width=0) (actual time=16.548..16.549 rows=486554 loops=1)
                                                               Index Cond: (info_type_id = 5)
                                                               Buffers: shared hit=408
                                                   ->  Index Scan using title_pkey on title t  (cost=0.43..8.32 rows=1 width=8) (actual time=0.037..0.037 rows=1 loops=68780)
                                                         Index Cond: (id = mi2.movie_id)
                                                         Filter: ((production_year <= 2015) AND (1975 < production_year))
                                                         Rows Removed by Filter: 0
                                                         Buffers: shared hit=256416 read=18704
                                             ->  Hash  (cost=1.10..1.10 rows=3 width=4) (actual time=0.018..0.020 rows=3 loops=1)
                                                   Buckets: 1024  Batches: 1  Memory Usage: 9kB
                                                   Buffers: shared hit=1
                                                   ->  Seq Scan on kind_type kt  (cost=0.00..1.10 rows=3 width=4) (actual time=0.009..0.011 rows=3 loops=1)
                                                         Filter: ((kind)::text = ANY ('{episode,movie,"video movie"}'::text[]))
                                                         Rows Removed by Filter: 4
                                                         Buffers: shared hit=1
                                       ->  Index Scan using movie_id_movie_info on movie_info mi1  (cost=0.43..42.48 rows=1 width=8) (actual time=0.204..0.206 rows=2 loops=53127)
                                             Index Cond: (movie_id = t.id)
                                             Filter: ((info_type_id = 3) AND ((info)::text = ANY ('{Action,Comedy,Crime,Drama,Horror,Romance,Thriller}'::text[])))
                                             Rows Removed by Filter: 91
                                             Buffers: shared hit=929057 read=120135
                     ->  Index Scan using movie_id_cast_info on cast_info ci  (cost=0.44..43.32 rows=38 width=12) (actual time=0.037..0.785 rows=85 loops=91424)
                           Index Cond: (movie_id = t.id)
                           Buffers: shared hit=7411946 read=440264
               ->  Hash  (cost=1.15..1.15 rows=2 width=4) (actual time=0.042..0.043 rows=2 loops=1)
                     Buckets: 1024  Batches: 1  Memory Usage: 9kB
                     Buffers: shared hit=1
                     ->  Seq Scan on role_type rt  (cost=0.00..1.15 rows=2 width=4) (actual time=0.029..0.032 rows=2 loops=1)
                           Filter: ((role)::text = ANY ('{cinematographer,writer}'::text[]))
                           Rows Removed by Filter: 10
                           Buffers: shared hit=1
         ->  Index Scan using name_pkey on name n  (cost=0.43..2.32 rows=1 width=4) (actual time=0.036..0.036 rows=1 loops=298505)
               Index Cond: (id = ci.person_id)
               Filter: ((gender)::text = 'm'::text)
               Rows Removed by Filter: 0
               Buffers: shared hit=1136664 read=57356
 Planning:
   Buffers: shared hit=574
 Planning Time: 12.832 ms
 Execution Time: 101130.988 ms
(73 rows)

