                                                                                                        QUERY PLAN                                                                                                         
---------------------------------------------------------------------------------------------------------------------------------------------------------------------------------------------------------------------------
 Aggregate  (cost=459960.44..459960.45 rows=1 width=8) (actual time=2828.227..2828.238 rows=1 loops=1)
   Buffers: shared hit=246767 read=41766
   ->  Nested Loop  (cost=4697.68..459960.44 rows=1 width=0) (actual time=23.517..2828.174 rows=467 loops=1)
         Buffers: shared hit=246767 read=41766
         ->  Hash Join  (cost=4697.25..459955.80 rows=2 width=4) (actual time=23.480..2810.245 rows=493 loops=1)
               Hash Cond: (ci.role_id = rt.id)
               Buffers: shared hit=245293 read=41268
               ->  Nested Loop  (cost=4696.08..459954.58 rows=14 width=8) (actual time=23.416..2809.945 rows=1258 loops=1)
                     Buffers: shared hit=245292 read=41268
                     ->  Nested Loop  (cost=4695.64..459909.70 rows=1 width=12) (actual time=23.381..2790.380 rows=139 loops=1)
                           Buffers: shared hit=244344 read=40592
                           ->  Nested Loop  (cost=4695.64..459907.27 rows=1 width=16) (actual time=23.376..2788.844 rows=139 loops=1)
                                 Buffers: shared hit=244205 read=40592
                                 ->  Nested Loop  (cost=4695.64..459904.85 rows=1 width=20) (actual time=23.360..2786.432 rows=139 loops=1)
                                       Buffers: shared hit=244066 read=40592
                                       ->  Hash Join  (cost=4695.20..457094.27 rows=65 width=12) (actual time=23.274..2767.316 rows=134 loops=1)
                                             Hash Cond: (t.kind_id = kt.id)
                                             Buffers: shared hit=243559 read=39142
                                             ->  Nested Loop  (cost=4694.07..457092.50 rows=151 width=16) (actual time=23.230..2759.681 rows=35922 loops=1)
                                                   Buffers: shared hit=243558 read=39142
                                                   ->  Bitmap Heap Scan on movie_info mi2  (cost=4693.64..448289.15 rows=1077 width=8) (actual time=19.893..514.723 rows=65782 loops=1)
                                                         Recheck Cond: (info_type_id = 5)
                                                         Filter: ((info)::text = ANY ('{Australia:M,Finland:K-12,Finland:K-16,UK:U,USA:Approved,"USA:Not Rated",USA:Passed,"West Germany:12","West Germany:18"}'::text[]))
                                                         Rows Removed by Filter: 420772
                                                         Heap Blocks: exact=19164
                                                         Buffers: shared hit=842 read=18730
                                                         ->  Bitmap Index Scan on info_type_id_movie_info  (cost=0.00..4693.37 rows=439058 width=0) (actual time=17.273..17.273 rows=486554 loops=1)
                                                               Index Cond: (info_type_id = 5)
                                                               Buffers: shared read=408
                                                   ->  Index Scan using title_pkey on title t  (cost=0.43..8.17 rows=1 width=8) (actual time=0.034..0.034 rows=1 loops=65782)
                                                         Index Cond: (id = mi2.movie_id)
                                                         Filter: ((production_year <= 1975) AND (1925 < production_year))
                                                         Rows Removed by Filter: 0
                                                         Buffers: shared hit=242716 read=20412
                                             ->  Hash  (cost=1.10..1.10 rows=3 width=4) (actual time=0.019..0.021 rows=3 loops=1)
                                                   Buckets: 1024  Batches: 1  Memory Usage: 9kB
                                                   Buffers: shared hit=1
                                                   ->  Seq Scan on kind_type kt  (cost=0.00..1.10 rows=3 width=4) (actual time=0.011..0.013 rows=3 loops=1)
                                                         Filter: ((kind)::text = ANY ('{"tv series","video game","video movie"}'::text[]))
                                                         Rows Removed by Filter: 4
                                                         Buffers: shared hit=1
                                       ->  Index Scan using movie_id_movie_info on movie_info mi1  (cost=0.43..43.23 rows=1 width=8) (actual time=0.137..0.142 rows=1 loops=134)
                                             Index Cond: (movie_id = t.id)
                                             Filter: ((info_type_id = 3) AND ((info)::text = ANY ('{Comedy,Drama,Family,Music,Thriller,War}'::text[])))
                                             Rows Removed by Filter: 54
                                             Buffers: shared hit=507 read=1450
                                 ->  Seq Scan on info_type it1  (cost=0.00..2.41 rows=1 width=4) (actual time=0.010..0.016 rows=1 loops=139)
                                       Filter: (id = 3)
                                       Rows Removed by Filter: 112
                                       Buffers: shared hit=139
                           ->  Seq Scan on info_type it2  (cost=0.00..2.41 rows=1 width=4) (actual time=0.004..0.010 rows=1 loops=139)
                                 Filter: (id = 5)
                                 Rows Removed by Filter: 112
                                 Buffers: shared hit=139
                     ->  Index Scan using movie_id_cast_info on cast_info ci  (cost=0.44..44.50 rows=38 width=12) (actual time=0.043..0.139 rows=9 loops=139)
                           Index Cond: (movie_id = t.id)
                           Buffers: shared hit=948 read=676
               ->  Hash  (cost=1.15..1.15 rows=2 width=4) (actual time=0.037..0.037 rows=2 loops=1)
                     Buckets: 1024  Batches: 1  Memory Usage: 9kB
                     Buffers: shared hit=1
                     ->  Seq Scan on role_type rt  (cost=0.00..1.15 rows=2 width=4) (actual time=0.024..0.028 rows=2 loops=1)
                           Filter: ((role)::text = ANY ('{actor,producer}'::text[]))
                           Rows Removed by Filter: 10
                           Buffers: shared hit=1
         ->  Index Scan using name_pkey on name n  (cost=0.43..2.32 rows=1 width=4) (actual time=0.036..0.036 rows=1 loops=493)
               Index Cond: (id = ci.person_id)
               Filter: ((gender)::text = 'm'::text)
               Rows Removed by Filter: 0
               Buffers: shared hit=1474 read=498
 Planning:
   Buffers: shared hit=484 read=90
 Planning Time: 14.542 ms
 Execution Time: 2828.947 ms
(73 rows)

