                                                                                                  QUERY PLAN                                                                                                  
--------------------------------------------------------------------------------------------------------------------------------------------------------------------------------------------------------------
 Aggregate  (cost=458120.02..458120.03 rows=1 width=8) (actual time=2822.007..2822.014 rows=1 loops=1)
   Buffers: shared hit=280168 read=10418
   ->  Nested Loop  (cost=4697.61..458120.01 rows=3 width=0) (actual time=23.249..2821.450 rows=4325 loops=1)
         Buffers: shared hit=280168 read=10418
         ->  Hash Join  (cost=4697.18..458108.41 rows=5 width=4) (actual time=23.217..2670.482 rows=4325 loops=1)
               Hash Cond: (ci.role_id = rt.id)
               Buffers: shared hit=267062 read=6224
               ->  Nested Loop  (cost=4696.01..458107.14 rows=29 width=8) (actual time=23.161..2668.686 rows=7092 loops=1)
                     Buffers: shared hit=267061 read=6224
                     ->  Nested Loop  (cost=4695.57..458018.39 rows=2 width=12) (actual time=23.121..2590.036 rows=291 loops=1)
                           Buffers: shared hit=262179 read=3381
                           ->  Seq Scan on info_type it2  (cost=0.00..2.41 rows=1 width=4) (actual time=0.024..0.034 rows=1 loops=1)
                                 Filter: (id = 5)
                                 Rows Removed by Filter: 112
                                 Buffers: shared hit=1
                           ->  Nested Loop  (cost=4695.57..458015.96 rows=2 width=16) (actual time=23.096..2589.930 rows=291 loops=1)
                                 Buffers: shared hit=262178 read=3381
                                 ->  Seq Scan on info_type it1  (cost=0.00..2.41 rows=1 width=4) (actual time=0.007..0.019 rows=1 loops=1)
                                       Filter: (id = 3)
                                       Rows Removed by Filter: 112
                                       Buffers: shared hit=1
                                 ->  Nested Loop  (cost=4695.57..458013.53 rows=2 width=20) (actual time=23.086..2589.841 rows=291 loops=1)
                                       Buffers: shared hit=262177 read=3381
                                       ->  Hash Join  (cost=4695.13..454846.68 rows=74 width=12) (actual time=20.895..2541.095 rows=375 loops=1)
                                             Hash Cond: (t.kind_id = kt.id)
                                             Buffers: shared hit=259681 read=720
                                             ->  Nested Loop  (cost=4694.00..454844.82 rows=172 width=16) (actual time=20.858..2534.586 rows=28077 loops=1)
                                                   Buffers: shared hit=259680 read=720
                                                   ->  Bitmap Heap Scan on movie_info mi2  (cost=4693.57..448289.08 rows=795 width=8) (actual time=20.719..481.566 rows=60207 loops=1)
                                                         Recheck Cond: (info_type_id = 5)
                                                         Filter: ((info)::text = ANY ('{Finland:S,Iceland:12,Iceland:L,Norway:16,Sweden:15,USA:Approved,USA:R,"West Germany:12","West Germany:18"}'::text[]))
                                                         Rows Removed by Filter: 426347
                                                         Heap Blocks: exact=19164
                                                         Buffers: shared hit=19556 read=16
                                                         ->  Bitmap Index Scan on info_type_id_movie_info  (cost=0.00..4693.37 rows=439058 width=0) (actual time=17.612..17.612 rows=486554 loops=1)
                                                               Index Cond: (info_type_id = 5)
                                                               Buffers: shared hit=408
                                                   ->  Index Scan using title_pkey on title t  (cost=0.43..8.25 rows=1 width=8) (actual time=0.034..0.034 rows=0 loops=60207)
                                                         Index Cond: (id = mi2.movie_id)
                                                         Filter: ((production_year <= 1990) AND (1950 < production_year))
                                                         Rows Removed by Filter: 1
                                                         Buffers: shared hit=240124 read=704
                                             ->  Hash  (cost=1.10..1.10 rows=3 width=4) (actual time=0.015..0.016 rows=3 loops=1)
                                                   Buckets: 1024  Batches: 1  Memory Usage: 9kB
                                                   Buffers: shared hit=1
                                                   ->  Seq Scan on kind_type kt  (cost=0.00..1.10 rows=3 width=4) (actual time=0.007..0.009 rows=3 loops=1)
                                                         Filter: ((kind)::text = ANY ('{"tv series","video game","video movie"}'::text[]))
                                                         Rows Removed by Filter: 4
                                                         Buffers: shared hit=1
                                       ->  Index Scan using movie_id_movie_info on movie_info mi1  (cost=0.43..42.79 rows=1 width=8) (actual time=0.127..0.129 rows=1 loops=375)
                                             Index Cond: (movie_id = t.id)
                                             Filter: ((info_type_id = 3) AND ((info)::text = ANY ('{Action,Comedy,Crime,Drama}'::text[])))
                                             Rows Removed by Filter: 32
                                             Buffers: shared hit=2496 read=2661
                     ->  Index Scan using movie_id_cast_info on cast_info ci  (cost=0.44..43.99 rows=38 width=12) (actual time=0.035..0.264 rows=24 loops=291)
                           Index Cond: (movie_id = t.id)
                           Buffers: shared hit=4882 read=2843
               ->  Hash  (cost=1.15..1.15 rows=2 width=4) (actual time=0.032..0.033 rows=2 loops=1)
                     Buckets: 1024  Batches: 1  Memory Usage: 9kB
                     Buffers: shared hit=1
                     ->  Seq Scan on role_type rt  (cost=0.00..1.15 rows=2 width=4) (actual time=0.023..0.026 rows=2 loops=1)
                           Filter: ((role)::text = ANY ('{actor,actress}'::text[]))
                           Rows Removed by Filter: 10
                           Buffers: shared hit=1
         ->  Index Scan using name_pkey on name n  (cost=0.43..2.32 rows=1 width=4) (actual time=0.034..0.034 rows=1 loops=4325)
               Index Cond: (id = ci.person_id)
               Filter: ((gender)::text = ANY ('{f,m}'::text[]))
               Buffers: shared hit=13106 read=4194
 Planning:
   Buffers: shared hit=574
 Planning Time: 13.760 ms
 Execution Time: 2822.661 ms
(72 rows)

