                                                                                                                          QUERY PLAN                                                                                                                           
---------------------------------------------------------------------------------------------------------------------------------------------------------------------------------------------------------------------------------------------------------------
 Aggregate  (cost=553560.38..553560.39 rows=1 width=8) (actual time=60748.141..60748.147 rows=1 loops=1)
   Buffers: shared hit=5757116 read=570153
   ->  Nested Loop  (cost=4697.87..553560.36 rows=7 width=0) (actual time=130.125..60741.863 rows=14272 loops=1)
         Buffers: shared hit=5757116 read=570153
         ->  Seq Scan on info_type it2  (cost=0.00..2.41 rows=1 width=4) (actual time=0.039..0.048 rows=1 loops=1)
               Filter: (id = 5)
               Rows Removed by Filter: 112
               Buffers: shared hit=1
         ->  Nested Loop  (cost=4697.87..553557.88 rows=7 width=4) (actual time=130.085..60737.681 rows=14272 loops=1)
               Buffers: shared hit=5757115 read=570153
               ->  Seq Scan on info_type it1  (cost=0.00..2.41 rows=1 width=4) (actual time=0.009..0.020 rows=1 loops=1)
                     Filter: (id = 3)
                     Rows Removed by Filter: 112
                     Buffers: shared hit=1
               ->  Nested Loop  (cost=4697.87..553555.40 rows=7 width=8) (actual time=130.072..60733.276 rows=14272 loops=1)
                     Buffers: shared hit=5757114 read=570153
                     ->  Hash Join  (cost=4697.44..553485.81 rows=30 width=12) (actual time=30.657..59098.986 rows=46434 loops=1)
                           Hash Cond: (ci.role_id = rt.id)
                           Buffers: shared hit=5576301 read=565230
                           ->  Nested Loop  (cost=4696.28..553483.38 rows=358 width=16) (actual time=30.247..58284.654 rows=4615040 loops=1)
                                 Buffers: shared hit=5576300 read=565230
                                 ->  Nested Loop  (cost=4695.84..552391.88 rows=25 width=20) (actual time=30.202..14737.075 rows=60715 loops=1)
                                       Buffers: shared hit=1301870 read=162601
                                       ->  Hash Join  (cost=4695.38..521995.86 rows=718 width=12) (actual time=20.434..3606.298 rows=67572 loops=1)
                                             Hash Cond: (t.kind_id = kt.id)
                                             Buffers: shared hit=310362 read=30315
                                             ->  Nested Loop  (cost=4694.25..521987.67 rows=1676 width=16) (actual time=20.165..3561.057 rows=79437 loops=1)
                                                   Buffers: shared hit=310361 read=30315
                                                   ->  Bitmap Heap Scan on movie_info mi2  (cost=4693.82..507614.07 rows=1798 width=8) (actual time=20.080..601.220 rows=80276 loops=1)
                                                         Recheck Cond: (info_type_id = 5)
                                                         Filter: ((info)::text = ANY ('{Argentina:Atp,Australia:G,Australia:M,Australia:PG,Finland:S,Iceland:L,Netherlands:AL,"South Korea:18",Spain:18,Switzerland:14,Switzerland:16,USA:M,USA:PG}'::text[]))
                                                         Rows Removed by Filter: 406278
                                                         Heap Blocks: exact=19164
                                                         Buffers: shared hit=15041 read=4531
                                                         ->  Bitmap Index Scan on info_type_id_movie_info  (cost=0.00..4693.37 rows=439058 width=0) (actual time=17.492..17.492 rows=486554 loops=1)
                                                               Index Cond: (info_type_id = 5)
                                                               Buffers: shared hit=408
                                                   ->  Index Scan using title_pkey on title t  (cost=0.43..7.99 rows=1 width=8) (actual time=0.036..0.036 rows=1 loops=80276)
                                                         Index Cond: (id = mi2.movie_id)
                                                         Filter: ((production_year <= 2015) AND (1925 < production_year))
                                                         Rows Removed by Filter: 0
                                                         Buffers: shared hit=295320 read=25784
                                             ->  Hash  (cost=1.10..1.10 rows=3 width=4) (actual time=0.023..0.024 rows=3 loops=1)
                                                   Buckets: 1024  Batches: 1  Memory Usage: 9kB
                                                   Buffers: shared hit=1
                                                   ->  Seq Scan on kind_type kt  (cost=0.00..1.10 rows=3 width=4) (actual time=0.011..0.013 rows=3 loops=1)
                                                         Filter: ((kind)::text = ANY ('{episode,movie,"video movie"}'::text[]))
                                                         Rows Removed by Filter: 4
                                                         Buffers: shared hit=1
                                       ->  Index Scan using movie_id_movie_info on movie_info mi1  (cost=0.46..42.32 rows=1 width=8) (actual time=0.163..0.164 rows=1 loops=67572)
                                             Index Cond: (movie_id = t.id)
                                             Filter: ((info_type_id = 3) AND ((info)::text = ANY ('{Action,Crime,Drama,Family,Fantasy,Musical,Romance,Short,Thriller}'::text[])))
                                             Rows Removed by Filter: 63
                                             Buffers: shared hit=991508 read=132286
                                 ->  Index Scan using movie_id_cast_info on cast_info ci  (cost=0.44..43.28 rows=38 width=12) (actual time=0.036..0.696 rows=76 loops=60715)
                                       Index Cond: (movie_id = t.id)
                                       Buffers: shared hit=4274430 read=402629
                           ->  Hash  (cost=1.15..1.15 rows=1 width=4) (actual time=0.021..0.021 rows=1 loops=1)
                                 Buckets: 1024  Batches: 1  Memory Usage: 9kB
                                 Buffers: shared hit=1
                                 ->  Seq Scan on role_type rt  (cost=0.00..1.15 rows=1 width=4) (actual time=0.011..0.012 rows=1 loops=1)
                                       Filter: ((role)::text = 'costume designer'::text)
                                       Rows Removed by Filter: 11
                                       Buffers: shared hit=1
                     ->  Index Scan using name_pkey on name n  (cost=0.43..2.32 rows=1 width=4) (actual time=0.034..0.034 rows=0 loops=46434)
                           Index Cond: (id = ci.person_id)
                           Filter: ((gender)::text = 'f'::text)
                           Rows Removed by Filter: 1
                           Buffers: shared hit=180813 read=4923
 Planning:
   Buffers: shared hit=576 read=1
 Planning Time: 14.199 ms
 Execution Time: 60748.858 ms
(73 rows)

