                                                                                             QUERY PLAN                                                                                              
-----------------------------------------------------------------------------------------------------------------------------------------------------------------------------------------------------
 Aggregate  (cost=396400.63..396400.64 rows=1 width=8) (actual time=1905.513..1905.523 rows=1 loops=1)
   Buffers: shared hit=191011 read=4166
   ->  Nested Loop  (cost=4697.57..396400.63 rows=1 width=0) (actual time=313.328..1905.510 rows=35 loops=1)
         Buffers: shared hit=191011 read=4166
         ->  Hash Join  (cost=4697.14..396398.31 rows=1 width=4) (actual time=313.281..1904.668 rows=35 loops=1)
               Hash Cond: (ci.role_id = rt.id)
               Buffers: shared hit=190928 read=4109
               ->  Nested Loop  (cost=4695.98..396397.10 rows=14 width=8) (actual time=287.750..1904.571 rows=287 loops=1)
                     Buffers: shared hit=190927 read=4109
                     ->  Nested Loop  (cost=4695.54..396352.22 rows=1 width=12) (actual time=287.701..1902.086 rows=36 loops=1)
                           Buffers: shared hit=190752 read=3925
                           ->  Nested Loop  (cost=4695.54..396349.80 rows=1 width=16) (actual time=287.692..1901.647 rows=36 loops=1)
                                 Buffers: shared hit=190716 read=3925
                                 ->  Nested Loop  (cost=4695.54..396347.37 rows=1 width=20) (actual time=287.668..1901.172 rows=36 loops=1)
                                       Buffers: shared hit=190680 read=3925
                                       ->  Hash Join  (cost=4695.10..394576.65 rows=41 width=12) (actual time=287.554..1894.654 rows=39 loops=1)
                                             Hash Cond: (t.kind_id = kt.id)
                                             Buffers: shared hit=190314 read=3583
                                             ->  Nested Loop  (cost=4693.97..394575.11 rows=95 width=16) (actual time=32.154..1887.827 rows=30753 loops=1)
                                                   Buffers: shared hit=190313 read=3583
                                                   ->  Bitmap Heap Scan on movie_info mi2  (cost=4693.54..388964.31 rows=678 width=8) (actual time=18.917..405.062 rows=43581 loops=1)
                                                         Recheck Cond: (info_type_id = 5)
                                                         Filter: ((info)::text = ANY ('{Finland:K-16,Finland:S,Sweden:15,UK:PG,USA:Approved}'::text[]))
                                                         Rows Removed by Filter: 442973
                                                         Heap Blocks: exact=19164
                                                         Buffers: shared hit=19572
                                                         ->  Bitmap Index Scan on info_type_id_movie_info  (cost=0.00..4693.37 rows=439058 width=0) (actual time=16.112..16.113 rows=486554 loops=1)
                                                               Index Cond: (info_type_id = 5)
                                                               Buffers: shared hit=408
                                                   ->  Index Scan using title_pkey on title t  (cost=0.43..8.28 rows=1 width=8) (actual time=0.033..0.033 rows=1 loops=43581)
                                                         Index Cond: (id = mi2.movie_id)
                                                         Filter: ((production_year <= 1975) AND (1925 < production_year))
                                                         Rows Removed by Filter: 0
                                                         Buffers: shared hit=170741 read=3583
                                             ->  Hash  (cost=1.10..1.10 rows=3 width=4) (actual time=0.018..0.019 rows=3 loops=1)
                                                   Buckets: 1024  Batches: 1  Memory Usage: 9kB
                                                   Buffers: shared hit=1
                                                   ->  Seq Scan on kind_type kt  (cost=0.00..1.10 rows=3 width=4) (actual time=0.011..0.012 rows=3 loops=1)
                                                         Filter: ((kind)::text = ANY ('{"tv series","video game","video movie"}'::text[]))
                                                         Rows Removed by Filter: 4
                                                         Buffers: shared hit=1
                                       ->  Index Scan using movie_id_movie_info on movie_info mi1  (cost=0.43..43.18 rows=1 width=8) (actual time=0.164..0.166 rows=1 loops=39)
                                             Index Cond: (movie_id = t.id)
                                             Filter: ((info_type_id = 3) AND ((info)::text = ANY ('{Action,Crime,Drama,Mystery,Western}'::text[])))
                                             Rows Removed by Filter: 107
                                             Buffers: shared hit=366 read=342
                                 ->  Seq Scan on info_type it1  (cost=0.00..2.41 rows=1 width=4) (actual time=0.006..0.011 rows=1 loops=36)
                                       Filter: (id = 3)
                                       Rows Removed by Filter: 112
                                       Buffers: shared hit=36
                           ->  Seq Scan on info_type it2  (cost=0.00..2.41 rows=1 width=4) (actual time=0.005..0.011 rows=1 loops=36)
                                 Filter: (id = 5)
                                 Rows Removed by Filter: 112
                                 Buffers: shared hit=36
                     ->  Index Scan using movie_id_cast_info on cast_info ci  (cost=0.44..44.50 rows=38 width=12) (actual time=0.021..0.067 rows=8 loops=36)
                           Index Cond: (movie_id = t.id)
                           Buffers: shared hit=175 read=184
               ->  Hash  (cost=1.15..1.15 rows=1 width=4) (actual time=0.029..0.029 rows=1 loops=1)
                     Buckets: 1024  Batches: 1  Memory Usage: 9kB
                     Buffers: shared hit=1
                     ->  Seq Scan on role_type rt  (cost=0.00..1.15 rows=1 width=4) (actual time=0.022..0.023 rows=1 loops=1)
                           Filter: ((role)::text = 'actress'::text)
                           Rows Removed by Filter: 11
                           Buffers: shared hit=1
         ->  Index Scan using name_pkey on name n  (cost=0.43..2.32 rows=1 width=4) (actual time=0.023..0.024 rows=1 loops=35)
               Index Cond: (id = ci.person_id)
               Filter: ((gender)::text = 'f'::text)
               Buffers: shared hit=83 read=57
 Planning:
   Buffers: shared hit=574
 Planning Time: 13.478 ms
 Execution Time: 1906.190 ms
(72 rows)

