                                                                                                             QUERY PLAN                                                                                                             
------------------------------------------------------------------------------------------------------------------------------------------------------------------------------------------------------------------------------------
 Aggregate  (cost=496345.65..496345.66 rows=1 width=8) (actual time=64696.305..64696.312 rows=1 loops=1)
   Buffers: shared hit=6213455 read=527895
   ->  Nested Loop  (cost=4697.62..496345.65 rows=3 width=0) (actual time=71.463..64695.520 rows=1145 loops=1)
         Buffers: shared hit=6213455 read=527895
         ->  Seq Scan on info_type it2  (cost=0.00..2.41 rows=1 width=4) (actual time=0.049..0.057 rows=1 loops=1)
               Filter: (id = 5)
               Rows Removed by Filter: 112
               Buffers: shared hit=1
         ->  Nested Loop  (cost=4697.62..496343.20 rows=3 width=4) (actual time=71.413..64695.046 rows=1145 loops=1)
               Buffers: shared hit=6213454 read=527895
               ->  Seq Scan on info_type it1  (cost=0.00..2.41 rows=1 width=4) (actual time=0.012..0.023 rows=1 loops=1)
                     Filter: (id = 3)
                     Rows Removed by Filter: 112
                     Buffers: shared hit=1
               ->  Nested Loop  (cost=4697.62..496340.76 rows=3 width=8) (actual time=71.397..64694.540 rows=1145 loops=1)
                     Buffers: shared hit=6213453 read=527895
                     ->  Hash Join  (cost=4697.19..496312.93 rows=12 width=12) (actual time=34.173..62372.528 rows=63386 loops=1)
                           Hash Cond: (ci.role_id = rt.id)
                           Buffers: shared hit=5975900 read=511904
                           ->  Nested Loop  (cost=4696.02..496311.26 rows=143 width=16) (actual time=30.930..61399.831 rows=5207872 loops=1)
                                 Buffers: shared hit=5975899 read=511904
                                 ->  Nested Loop  (cost=4695.58..495873.90 rows=10 width=20) (actual time=30.894..12362.612 rows=62904 loops=1)
                                       Buffers: shared hit=1084583 read=140526
                                       ->  Hash Join  (cost=4695.15..485045.16 rows=255 width=12) (actual time=20.030..3369.776 rows=47479 loops=1)
                                             Hash Cond: (t.kind_id = kt.id)
                                             Buffers: shared hit=312934 read=23767
                                             ->  Nested Loop  (cost=4694.02..485041.53 rows=594 width=16) (actual time=19.592..3336.783 rows=54467 loops=1)
                                                   Buffers: shared hit=312933 read=23767
                                                   ->  Bitmap Heap Scan on movie_info mi2  (cost=4693.59..477951.47 rows=862 width=8) (actual time=19.489..577.093 rows=79282 loops=1)
                                                         Recheck Cond: (info_type_id = 5)
                                                         Filter: ((info)::text = ANY ('{Australia:M,Iceland:16,Netherlands:16,Portugal:M/12,Singapore:PG,Switzerland:14,Switzerland:7,UK:18,UK:PG,"USA:Not Rated",USA:R}'::text[]))
                                                         Rows Removed by Filter: 407272
                                                         Heap Blocks: exact=19164
                                                         Buffers: shared hit=17392 read=2180
                                                         ->  Bitmap Index Scan on info_type_id_movie_info  (cost=0.00..4693.37 rows=439058 width=0) (actual time=16.851..16.852 rows=486554 loops=1)
                                                               Index Cond: (info_type_id = 5)
                                                               Buffers: shared hit=408
                                                   ->  Index Scan using title_pkey on title t  (cost=0.43..8.23 rows=1 width=8) (actual time=0.034..0.034 rows=1 loops=79282)
                                                         Index Cond: (id = mi2.movie_id)
                                                         Filter: ((production_year <= 2015) AND (1990 < production_year))
                                                         Rows Removed by Filter: 0
                                                         Buffers: shared hit=295541 read=21587
                                             ->  Hash  (cost=1.10..1.10 rows=3 width=4) (actual time=0.018..0.019 rows=3 loops=1)
                                                   Buckets: 1024  Batches: 1  Memory Usage: 9kB
                                                   Buffers: shared hit=1
                                                   ->  Seq Scan on kind_type kt  (cost=0.00..1.10 rows=3 width=4) (actual time=0.009..0.011 rows=3 loops=1)
                                                         Filter: ((kind)::text = ANY ('{episode,movie,"video movie"}'::text[]))
                                                         Rows Removed by Filter: 4
                                                         Buffers: shared hit=1
                                       ->  Index Scan using movie_id_movie_info on movie_info mi1  (cost=0.43..42.46 rows=1 width=8) (actual time=0.187..0.188 rows=1 loops=47479)
                                             Index Cond: (movie_id = t.id)
                                             Filter: ((info_type_id = 3) AND ((info)::text = ANY ('{Action,Comedy,Drama,Romance,Short,Thriller}'::text[])))
                                             Rows Removed by Filter: 80
                                             Buffers: shared hit=771649 read=116759
                                 ->  Index Scan using movie_id_cast_info on cast_info ci  (cost=0.44..43.36 rows=38 width=12) (actual time=0.037..0.756 rows=83 loops=62904)
                                       Index Cond: (movie_id = t.id)
                                       Buffers: shared hit=4891316 read=371378
                           ->  Hash  (cost=1.15..1.15 rows=1 width=4) (actual time=0.017..0.018 rows=1 loops=1)
                                 Buckets: 1024  Batches: 1  Memory Usage: 9kB
                                 Buffers: shared hit=1
                                 ->  Seq Scan on role_type rt  (cost=0.00..1.15 rows=1 width=4) (actual time=0.010..0.011 rows=1 loops=1)
                                       Filter: ((role)::text = 'cinematographer'::text)
                                       Rows Removed by Filter: 11
                                       Buffers: shared hit=1
                     ->  Index Scan using name_pkey on name n  (cost=0.43..2.32 rows=1 width=4) (actual time=0.036..0.036 rows=0 loops=63386)
                           Index Cond: (id = ci.person_id)
                           Filter: ((gender)::text = 'f'::text)
                           Rows Removed by Filter: 1
                           Buffers: shared hit=237553 read=15991
 Planning:
   Buffers: shared hit=574
 Planning Time: 13.897 ms
 Execution Time: 64696.965 ms
(73 rows)

