                                                                                                                   QUERY PLAN                                                                                                                    
-------------------------------------------------------------------------------------------------------------------------------------------------------------------------------------------------------------------------------------------------
 Aggregate  (cost=498472.94..498472.95 rows=1 width=8) (actual time=10032.269..10032.276 rows=1 loops=1)
   Buffers: shared hit=872477 read=169097
   ->  Nested Loop  (cost=4697.62..498472.93 rows=3 width=0) (actual time=20.096..10029.870 rows=9604 loops=1)
         Buffers: shared hit=872477 read=169097
         ->  Seq Scan on info_type it2  (cost=0.00..2.41 rows=1 width=4) (actual time=0.043..0.053 rows=1 loops=1)
               Filter: (id = 5)
               Rows Removed by Filter: 112
               Buffers: shared hit=1
         ->  Nested Loop  (cost=4697.62..498470.49 rows=3 width=4) (actual time=20.052..10027.820 rows=9604 loops=1)
               Buffers: shared hit=872476 read=169097
               ->  Seq Scan on info_type it1  (cost=0.00..2.41 rows=1 width=4) (actual time=0.007..0.020 rows=1 loops=1)
                     Filter: (id = 3)
                     Rows Removed by Filter: 112
                     Buffers: shared hit=1
               ->  Nested Loop  (cost=4697.62..498468.05 rows=3 width=8) (actual time=20.042..10025.508 rows=9604 loops=1)
                     Buffers: shared hit=872475 read=169097
                     ->  Hash Join  (cost=4697.19..498449.49 rows=8 width=12) (actual time=19.914..9271.399 rows=21814 loops=1)
                           Hash Cond: (ci.role_id = rt.id)
                           Buffers: shared hit=794468 read=159848
                           ->  Nested Loop  (cost=4696.03..498447.98 rows=100 width=16) (actual time=19.777..9185.038 rows=505282 loops=1)
                                 Buffers: shared hit=794467 read=159848
                                 ->  Nested Loop  (cost=4695.59..498142.09 rows=7 width=20) (actual time=19.722..4326.460 rows=11610 loops=1)
                                       Buffers: shared hit=350150 read=87819
                                       ->  Hash Join  (cost=4695.16..485282.77 rows=303 width=12) (actual time=19.370..2965.025 rows=8772 loops=1)
                                             Hash Cond: (t.kind_id = kt.id)
                                             Buffers: shared hit=264107 read=42158
                                             ->  Nested Loop  (cost=4694.02..485278.66 rows=706 width=16) (actual time=19.333..2948.384 rows=65327 loops=1)
                                                   Buffers: shared hit=264106 read=42158
                                                   ->  Bitmap Heap Scan on movie_info mi2  (cost=4693.59..477951.48 rows=891 width=8) (actual time=19.290..577.713 rows=71673 loops=1)
                                                         Recheck Cond: (info_type_id = 5)
                                                         Filter: ((info)::text = ANY ('{Argentina:13,Australia:M,Australia:MA,France:U,Portugal:M/12,Singapore:NC-16,"South Korea:18",Switzerland:12,UK:15,"USA:Not Rated",USA:PG-13}'::text[]))
                                                         Rows Removed by Filter: 414881
                                                         Heap Blocks: exact=19164
                                                         Buffers: shared hit=1185 read=18387
                                                         ->  Bitmap Index Scan on info_type_id_movie_info  (cost=0.00..4693.37 rows=439058 width=0) (actual time=16.611..16.611 rows=486554 loops=1)
                                                               Index Cond: (info_type_id = 5)
                                                               Buffers: shared read=408
                                                   ->  Index Scan using title_pkey on title t  (cost=0.43..8.22 rows=1 width=8) (actual time=0.032..0.032 rows=1 loops=71673)
                                                         Index Cond: (id = mi2.movie_id)
                                                         Filter: ((production_year <= 2015) AND (1975 < production_year))
                                                         Rows Removed by Filter: 0
                                                         Buffers: shared hit=262921 read=23771
                                             ->  Hash  (cost=1.10..1.10 rows=3 width=4) (actual time=0.016..0.017 rows=3 loops=1)
                                                   Buckets: 1024  Batches: 1  Memory Usage: 9kB
                                                   Buffers: shared hit=1
                                                   ->  Seq Scan on kind_type kt  (cost=0.00..1.10 rows=3 width=4) (actual time=0.008..0.009 rows=3 loops=1)
                                                         Filter: ((kind)::text = ANY ('{"tv movie","tv series","video game"}'::text[]))
                                                         Rows Removed by Filter: 4
                                                         Buffers: shared hit=1
                                       ->  Index Scan using movie_id_movie_info on movie_info mi1  (cost=0.43..42.43 rows=1 width=8) (actual time=0.151..0.154 rows=1 loops=8772)
                                             Index Cond: (movie_id = t.id)
                                             Filter: ((info_type_id = 3) AND ((info)::text = ANY ('{Action,Comedy,Drama,Horror,Romance,Thriller}'::text[])))
                                             Rows Removed by Filter: 33
                                             Buffers: shared hit=86043 read=45661
                                 ->  Index Scan using movie_id_cast_info on cast_info ci  (cost=0.44..43.32 rows=38 width=12) (actual time=0.037..0.407 rows=44 loops=11610)
                                       Index Cond: (movie_id = t.id)
                                       Buffers: shared hit=444317 read=72029
                           ->  Hash  (cost=1.15..1.15 rows=1 width=4) (actual time=0.013..0.014 rows=1 loops=1)
                                 Buckets: 1024  Batches: 1  Memory Usage: 9kB
                                 Buffers: shared hit=1
                                 ->  Seq Scan on role_type rt  (cost=0.00..1.15 rows=1 width=4) (actual time=0.007..0.009 rows=1 loops=1)
                                       Filter: ((role)::text = 'writer'::text)
                                       Rows Removed by Filter: 11
                                       Buffers: shared hit=1
                     ->  Index Scan using name_pkey on name n  (cost=0.43..2.32 rows=1 width=4) (actual time=0.034..0.034 rows=0 loops=21814)
                           Index Cond: (id = ci.person_id)
                           Filter: ((gender)::text = 'm'::text)
                           Rows Removed by Filter: 1
                           Buffers: shared hit=78007 read=9249
 Planning:
   Buffers: shared hit=483 read=91
 Planning Time: 12.748 ms
 Execution Time: 10032.876 ms
(73 rows)

