                                                                                               QUERY PLAN                                                                                                
---------------------------------------------------------------------------------------------------------------------------------------------------------------------------------------------------------
 Aggregate  (cost=468509.97..468509.98 rows=1 width=8) (actual time=7356.627..7356.634 rows=1 loops=1)
   Buffers: shared hit=618949 read=147391
   ->  Nested Loop  (cost=4697.63..468509.92 rows=17 width=0) (actual time=21.081..7355.360 rows=4678 loops=1)
         Buffers: shared hit=618949 read=147391
         ->  Hash Join  (cost=4697.20..468449.62 rows=26 width=4) (actual time=21.042..6885.362 rows=13475 loops=1)
               Hash Cond: (ci.role_id = rt.id)
               Buffers: shared hit=569953 read=142487
               ->  Nested Loop  (cost=4696.03..468447.88 rows=158 width=8) (actual time=20.410..6829.955 rows=340497 loops=1)
                     Buffers: shared hit=569952 read=142487
                     ->  Nested Loop  (cost=4695.59..467967.21 rows=11 width=12) (actual time=20.369..3524.588 rows=8885 loops=1)
                           Buffers: shared hit=276708 read=79332
                           ->  Seq Scan on info_type it2  (cost=0.00..2.41 rows=1 width=4) (actual time=0.032..0.041 rows=1 loops=1)
                                 Filter: (id = 5)
                                 Rows Removed by Filter: 112
                                 Buffers: shared hit=1
                           ->  Nested Loop  (cost=4695.59..467964.68 rows=11 width=16) (actual time=20.336..3522.523 rows=8885 loops=1)
                                 Buffers: shared hit=276707 read=79332
                                 ->  Seq Scan on info_type it1  (cost=0.00..2.41 rows=1 width=4) (actual time=0.009..0.020 rows=1 loops=1)
                                       Filter: (id = 3)
                                       Rows Removed by Filter: 112
                                       Buffers: shared hit=1
                                 ->  Nested Loop  (cost=4695.59..467962.16 rows=11 width=20) (actual time=20.324..3520.451 rows=8885 loops=1)
                                       Buffers: shared hit=276706 read=79332
                                       ->  Hash Join  (cost=4695.15..455442.35 rows=295 width=12) (actual time=20.130..2149.913 rows=9445 loops=1)
                                             Hash Cond: (t.kind_id = kt.id)
                                             Buffers: shared hit=187535 read=31858
                                             ->  Nested Loop  (cost=4694.02..455438.32 rows=688 width=16) (actual time=20.087..2138.575 rows=42575 loops=1)
                                                   Buffers: shared hit=187534 read=31858
                                                   ->  Bitmap Heap Scan on movie_info mi2  (cost=4693.59..448289.10 rows=869 width=8) (actual time=20.031..512.252 rows=49955 loops=1)
                                                         Recheck Cond: (info_type_id = 5)
                                                         Filter: ((info)::text = ANY ('{Australia:M,Australia:PG,Iceland:12,Iceland:16,Iceland:L,Norway:15,Singapore:M18,Spain:T,USA:Unrated}'::text[]))
                                                         Rows Removed by Filter: 436599
                                                         Heap Blocks: exact=19164
                                                         Buffers: shared hit=1368 read=18204
                                                         ->  Bitmap Index Scan on info_type_id_movie_info  (cost=0.00..4693.37 rows=439058 width=0) (actual time=17.452..17.452 rows=486554 loops=1)
                                                               Index Cond: (info_type_id = 5)
                                                               Buffers: shared read=408
                                                   ->  Index Scan using title_pkey on title t  (cost=0.43..8.23 rows=1 width=8) (actual time=0.032..0.032 rows=1 loops=49955)
                                                         Index Cond: (id = mi2.movie_id)
                                                         Filter: ((production_year <= 2015) AND (1975 < production_year))
                                                         Rows Removed by Filter: 0
                                                         Buffers: shared hit=186166 read=13654
                                             ->  Hash  (cost=1.10..1.10 rows=3 width=4) (actual time=0.017..0.018 rows=3 loops=1)
                                                   Buckets: 1024  Batches: 1  Memory Usage: 9kB
                                                   Buffers: shared hit=1
                                                   ->  Seq Scan on kind_type kt  (cost=0.00..1.10 rows=3 width=4) (actual time=0.009..0.011 rows=3 loops=1)
                                                         Filter: ((kind)::text = ANY ('{"tv movie","tv series","video game"}'::text[]))
                                                         Rows Removed by Filter: 4
                                                         Buffers: shared hit=1
                                       ->  Index Scan using movie_id_movie_info on movie_info mi1  (cost=0.43..42.43 rows=1 width=8) (actual time=0.142..0.144 rows=1 loops=9445)
                                             Index Cond: (movie_id = t.id)
                                             Filter: ((info_type_id = 3) AND ((info)::text = ANY ('{Comedy,Crime,Drama,Family,Fantasy,Short}'::text[])))
                                             Rows Removed by Filter: 30
                                             Buffers: shared hit=89171 read=47474
                     ->  Index Scan using movie_id_cast_info on cast_info ci  (cost=0.44..43.32 rows=38 width=12) (actual time=0.034..0.363 rows=38 loops=8885)
                           Index Cond: (movie_id = t.id)
                           Buffers: shared hit=293244 read=63155
               ->  Hash  (cost=1.15..1.15 rows=2 width=4) (actual time=0.037..0.038 rows=2 loops=1)
                     Buckets: 1024  Batches: 1  Memory Usage: 9kB
                     Buffers: shared hit=1
                     ->  Seq Scan on role_type rt  (cost=0.00..1.15 rows=2 width=4) (actual time=0.029..0.031 rows=2 loops=1)
                           Filter: ((role)::text = ANY ('{composer,editor}'::text[]))
                           Rows Removed by Filter: 10
                           Buffers: shared hit=1
         ->  Index Scan using name_pkey on name n  (cost=0.43..2.32 rows=1 width=4) (actual time=0.034..0.034 rows=0 loops=13475)
               Index Cond: (id = ci.person_id)
               Filter: ((gender)::text = ANY ('{f,m}'::text[]))
               Rows Removed by Filter: 1
               Buffers: shared hit=48996 read=4904
 Planning:
   Buffers: shared hit=502 read=72
 Planning Time: 14.108 ms
 Execution Time: 7357.293 ms
(73 rows)

