                                                                                                  QUERY PLAN                                                                                                   
---------------------------------------------------------------------------------------------------------------------------------------------------------------------------------------------------------------
 Aggregate  (cost=458447.89..458447.90 rows=1 width=8) (actual time=2664.745..2664.754 rows=1 loops=1)
   Buffers: shared hit=245035 read=30751
   ->  Nested Loop  (cost=4697.61..458447.89 rows=1 width=0) (actual time=380.570..2664.740 rows=13 loops=1)
         Buffers: shared hit=245035 read=30751
         ->  Nested Loop  (cost=4697.61..458445.47 rows=1 width=4) (actual time=380.564..2664.589 rows=13 loops=1)
               Buffers: shared hit=245022 read=30751
               ->  Nested Loop  (cost=4697.61..458443.05 rows=1 width=8) (actual time=380.542..2664.404 rows=13 loops=1)
                     Buffers: shared hit=245009 read=30751
                     ->  Hash Join  (cost=4697.18..458438.41 rows=2 width=12) (actual time=22.144..2663.174 rows=53 loops=1)
                           Hash Cond: (ci.role_id = rt.id)
                           Buffers: shared hit=244856 read=30692
                           ->  Nested Loop  (cost=4696.02..458437.15 rows=29 width=16) (actual time=21.153..2662.137 rows=7842 loops=1)
                                 Buffers: shared hit=244855 read=30692
                                 ->  Nested Loop  (cost=4695.58..458348.40 rows=2 width=20) (actual time=21.119..2581.943 rows=536 loops=1)
                                       Buffers: shared hit=238134 read=28148
                                       ->  Hash Join  (cost=4695.14..455084.28 rows=76 width=12) (actual time=20.818..2510.465 rows=536 loops=1)
                                             Hash Cond: (t.kind_id = kt.id)
                                             Buffers: shared hit=233791 read=25594
                                             ->  Nested Loop  (cost=4694.01..455082.40 rows=178 width=16) (actual time=20.770..2505.041 rows=23839 loops=1)
                                                   Buffers: shared hit=233790 read=25594
                                                   ->  Bitmap Heap Scan on movie_info mi2  (cost=4693.58..448289.09 rows=825 width=8) (actual time=20.726..518.006 rows=59953 loops=1)
                                                         Recheck Cond: (info_type_id = 5)
                                                         Filter: ((info)::text = ANY ('{Argentina:16,Belgium:KT,Portugal:M/12,Sweden:15,UK:15,UK:U,USA:Approved,"West Germany:16","West Germany:6"}'::text[]))
                                                         Rows Removed by Filter: 426601
                                                         Heap Blocks: exact=19164
                                                         Buffers: shared hit=2316 read=17256
                                                         ->  Bitmap Index Scan on info_type_id_movie_info  (cost=0.00..4693.37 rows=439058 width=0) (actual time=17.870..17.870 rows=486554 loops=1)
                                                               Index Cond: (info_type_id = 5)
                                                               Buffers: shared read=408
                                                   ->  Index Scan using title_pkey on title t  (cost=0.43..8.23 rows=1 width=8) (actual time=0.033..0.033 rows=0 loops=59953)
                                                         Index Cond: (id = mi2.movie_id)
                                                         Filter: ((production_year <= 1990) AND (1950 < production_year))
                                                         Rows Removed by Filter: 1
                                                         Buffers: shared hit=231474 read=8338
                                             ->  Hash  (cost=1.10..1.10 rows=3 width=4) (actual time=0.018..0.019 rows=3 loops=1)
                                                   Buckets: 1024  Batches: 1  Memory Usage: 9kB
                                                   Buffers: shared hit=1
                                                   ->  Seq Scan on kind_type kt  (cost=0.00..1.10 rows=3 width=4) (actual time=0.012..0.014 rows=3 loops=1)
                                                         Filter: ((kind)::text = ANY ('{"tv series","video game","video movie"}'::text[]))
                                                         Rows Removed by Filter: 4
                                                         Buffers: shared hit=1
                                       ->  Index Scan using movie_id_movie_info on movie_info mi1  (cost=0.43..42.94 rows=1 width=8) (actual time=0.128..0.133 rows=1 loops=536)
                                             Index Cond: (movie_id = t.id)
                                             Filter: ((info_type_id = 3) AND ((info)::text = ANY ('{Adventure,Comedy,Crime,Drama,Family,Thriller,Western}'::text[])))
                                             Rows Removed by Filter: 28
                                             Buffers: shared hit=4343 read=2554
                                 ->  Index Scan using movie_id_cast_info on cast_info ci  (cost=0.44..43.99 rows=38 width=12) (actual time=0.031..0.146 rows=15 loops=536)
                                       Index Cond: (movie_id = t.id)
                                       Buffers: shared hit=6721 read=2544
                           ->  Hash  (cost=1.15..1.15 rows=1 width=4) (actual time=0.033..0.033 rows=1 loops=1)
                                 Buckets: 1024  Batches: 1  Memory Usage: 9kB
                                 Buffers: shared hit=1
                                 ->  Seq Scan on role_type rt  (cost=0.00..1.15 rows=1 width=4) (actual time=0.026..0.027 rows=1 loops=1)
                                       Filter: ((role)::text = 'production designer'::text)
                                       Rows Removed by Filter: 11
                                       Buffers: shared hit=1
                     ->  Index Scan using name_pkey on name n  (cost=0.43..2.32 rows=1 width=4) (actual time=0.022..0.022 rows=0 loops=53)
                           Index Cond: (id = ci.person_id)
                           Filter: ((gender)::text = 'm'::text)
                           Rows Removed by Filter: 1
                           Buffers: shared hit=153 read=59
               ->  Seq Scan on info_type it1  (cost=0.00..2.41 rows=1 width=4) (actual time=0.006..0.012 rows=1 loops=13)
                     Filter: (id = 3)
                     Rows Removed by Filter: 112
                     Buffers: shared hit=13
         ->  Seq Scan on info_type it2  (cost=0.00..2.41 rows=1 width=4) (actual time=0.004..0.010 rows=1 loops=13)
               Filter: (id = 5)
               Rows Removed by Filter: 112
               Buffers: shared hit=13
 Planning:
   Buffers: shared hit=507 read=67
 Planning Time: 14.156 ms
 Execution Time: 2665.486 ms
(73 rows)

