                                                                                                          QUERY PLAN                                                                                                           
-------------------------------------------------------------------------------------------------------------------------------------------------------------------------------------------------------------------------------
 Aggregate  (cost=494621.02..494621.03 rows=1 width=8) (actual time=37676.833..37676.841 rows=1 loops=1)
   Buffers: shared hit=3408109 read=518197
   ->  Nested Loop  (cost=4697.71..494621.01 rows=5 width=0) (actual time=113.497..37676.374 rows=530 loops=1)
         Buffers: shared hit=3408109 read=518197
         ->  Seq Scan on info_type it2  (cost=0.00..2.41 rows=1 width=4) (actual time=0.040..0.058 rows=1 loops=1)
               Filter: (id = 5)
               Rows Removed by Filter: 112
               Buffers: shared hit=1
         ->  Nested Loop  (cost=4697.71..494618.54 rows=5 width=4) (actual time=113.455..37676.092 rows=530 loops=1)
               Buffers: shared hit=3408108 read=518197
               ->  Seq Scan on info_type it1  (cost=0.00..2.41 rows=1 width=4) (actual time=0.010..0.022 rows=1 loops=1)
                     Filter: (id = 3)
                     Rows Removed by Filter: 112
                     Buffers: shared hit=1
               ->  Nested Loop  (cost=4697.71..494616.08 rows=5 width=8) (actual time=113.442..37675.816 rows=530 loops=1)
                     Buffers: shared hit=3408107 read=518197
                     ->  Hash Join  (cost=4697.28..494562.73 rows=23 width=12) (actual time=27.855..36152.944 rows=41817 loops=1)
                           Hash Cond: (ci.role_id = rt.id)
                           Buffers: shared hit=3252131 read=506905
                           ->  Nested Loop  (cost=4696.11..494560.60 rows=272 width=16) (actual time=27.488..35701.880 rows=2552244 loops=1)
                                 Buffers: shared hit=3252130 read=506905
                                 ->  Nested Loop  (cost=4695.67..493731.07 rows=19 width=20) (actual time=27.450..11315.438 rows=40369 loops=1)
                                       Buffers: shared hit=996686 read=156243
                                       ->  Hash Join  (cost=4695.24..473050.35 rows=487 width=12) (actual time=19.765..2990.952 rows=59832 loops=1)
                                             Hash Cond: (t.kind_id = kt.id)
                                             Buffers: shared hit=252650 read=32911
                                             ->  Nested Loop  (cost=4694.11..473044.43 rows=1137 width=16) (actual time=19.539..2957.685 rows=65749 loops=1)
                                                   Buffers: shared hit=252649 read=32911
                                                   ->  Bitmap Heap Scan on movie_info mi2  (cost=4693.68..463120.38 rows=1220 width=8) (actual time=19.432..557.259 rows=66497 loops=1)
                                                         Recheck Cond: (info_type_id = 5)
                                                         Filter: ((info)::text = ANY ('{Argentina:16,Australia:G,Australia:PG,Canada:13+,Canada:G,Finland:K-18,Finland:S,USA:X,"West Germany:16","West Germany:18"}'::text[]))
                                                         Rows Removed by Filter: 420057
                                                         Heap Blocks: exact=19164
                                                         Buffers: shared hit=11244 read=8328
                                                         ->  Bitmap Index Scan on info_type_id_movie_info  (cost=0.00..4693.37 rows=439058 width=0) (actual time=16.730..16.731 rows=486554 loops=1)
                                                               Index Cond: (info_type_id = 5)
                                                               Buffers: shared hit=408
                                                   ->  Index Scan using title_pkey on title t  (cost=0.43..8.13 rows=1 width=8) (actual time=0.035..0.035 rows=1 loops=66497)
                                                         Index Cond: (id = mi2.movie_id)
                                                         Filter: ((production_year <= 2015) AND (1925 < production_year))
                                                         Rows Removed by Filter: 0
                                                         Buffers: shared hit=241405 read=24583
                                             ->  Hash  (cost=1.10..1.10 rows=3 width=4) (actual time=0.015..0.016 rows=3 loops=1)
                                                   Buckets: 1024  Batches: 1  Memory Usage: 9kB
                                                   Buffers: shared hit=1
                                                   ->  Seq Scan on kind_type kt  (cost=0.00..1.10 rows=3 width=4) (actual time=0.007..0.009 rows=3 loops=1)
                                                         Filter: ((kind)::text = ANY ('{episode,movie,"video movie"}'::text[]))
                                                         Rows Removed by Filter: 4
                                                         Buffers: shared hit=1
                                       ->  Index Scan using movie_id_movie_info on movie_info mi1  (cost=0.43..42.46 rows=1 width=8) (actual time=0.138..0.138 rows=1 loops=59832)
                                             Index Cond: (movie_id = t.id)
                                             Filter: ((info_type_id = 3) AND ((info)::text = ANY ('{Action,Comedy,Drama,Family,Horror,Short,Thriller}'::text[])))
                                             Rows Removed by Filter: 44
                                             Buffers: shared hit=744036 read=123332
                                 ->  Index Scan using movie_id_cast_info on cast_info ci  (cost=0.44..43.28 rows=38 width=12) (actual time=0.035..0.587 rows=63 loops=40369)
                                       Index Cond: (movie_id = t.id)
                                       Buffers: shared hit=2255444 read=350662
                           ->  Hash  (cost=1.15..1.15 rows=1 width=4) (actual time=0.015..0.015 rows=1 loops=1)
                                 Buckets: 1024  Batches: 1  Memory Usage: 9kB
                                 Buffers: shared hit=1
                                 ->  Seq Scan on role_type rt  (cost=0.00..1.15 rows=1 width=4) (actual time=0.009..0.010 rows=1 loops=1)
                                       Filter: ((role)::text = 'composer'::text)
                                       Rows Removed by Filter: 11
                                       Buffers: shared hit=1
                     ->  Index Scan using name_pkey on name n  (cost=0.43..2.32 rows=1 width=4) (actual time=0.036..0.036 rows=0 loops=41817)
                           Index Cond: (id = ci.person_id)
                           Filter: ((gender)::text = 'f'::text)
                           Rows Removed by Filter: 1
                           Buffers: shared hit=155976 read=11292
 Planning:
   Buffers: shared hit=574
 Planning Time: 13.619 ms
 Execution Time: 37677.424 ms
(73 rows)

