                                                                                             QUERY PLAN                                                                                              
-----------------------------------------------------------------------------------------------------------------------------------------------------------------------------------------------------
 Aggregate  (cost=407101.54..407101.55 rows=1 width=8) (actual time=32951.323..32951.330 rows=1 loops=1)
   Buffers: shared hit=2941130 read=489779
   ->  Nested Loop  (cost=4697.60..407101.54 rows=1 width=0) (actual time=43.235..32950.297 rows=1808 loops=1)
         Buffers: shared hit=2941130 read=489779
         ->  Nested Loop  (cost=4697.60..407099.12 rows=1 width=4) (actual time=43.224..32908.923 rows=1808 loops=1)
               Buffers: shared hit=2939322 read=489779
               ->  Nested Loop  (cost=4697.60..407096.69 rows=1 width=8) (actual time=43.201..32865.197 rows=1808 loops=1)
                     Buffers: shared hit=2937514 read=489779
                     ->  Hash Join  (cost=4697.17..407087.41 rows=4 width=12) (actual time=43.142..31561.491 rows=35678 loops=1)
                           Hash Cond: (ci.role_id = rt.id)
                           Buffers: shared hit=2809909 read=474672
                           ->  Nested Loop  (cost=4696.01..407086.09 rows=43 width=16) (actual time=42.188..31173.788 rows=2296721 loops=1)
                                 Buffers: shared hit=2809908 read=474672
                                 ->  Nested Loop  (cost=4695.57..406955.00 rows=3 width=20) (actual time=42.133..9389.975 rows=29937 loops=1)
                                       Buffers: shared hit=801799 read=157953
                                       ->  Hash Join  (cost=4695.13..395523.87 rows=270 width=12) (actual time=20.110..2288.724 rows=39816 loops=1)
                                             Hash Cond: (t.kind_id = kt.id)
                                             Buffers: shared hit=189355 read=36014
                                             ->  Nested Loop  (cost=4694.00..395520.08 rows=630 width=16) (actual time=19.452..2265.379 rows=46119 loops=1)
                                                   Buffers: shared hit=189354 read=36014
                                                   ->  Bitmap Heap Scan on movie_info mi2  (cost=4693.57..388964.34 rows=795 width=8) (actual time=19.409..470.549 rows=51449 loops=1)
                                                         Recheck Cond: (info_type_id = 5)
                                                         Filter: ((info)::text = ANY ('{Australia:M,Singapore:PG,"USA:Not Rated",USA:PG-13,USA:R}'::text[]))
                                                         Rows Removed by Filter: 435105
                                                         Heap Blocks: exact=19164
                                                         Buffers: shared hit=4746 read=14826
                                                         ->  Bitmap Index Scan on info_type_id_movie_info  (cost=0.00..4693.37 rows=439058 width=0) (actual time=16.760..16.761 rows=486554 loops=1)
                                                               Index Cond: (info_type_id = 5)
                                                               Buffers: shared read=408
                                                   ->  Index Scan using title_pkey on title t  (cost=0.43..8.25 rows=1 width=8) (actual time=0.034..0.034 rows=1 loops=51449)
                                                         Index Cond: (id = mi2.movie_id)
                                                         Filter: ((production_year <= 2015) AND (1975 < production_year))
                                                         Rows Removed by Filter: 0
                                                         Buffers: shared hit=184608 read=21188
                                             ->  Hash  (cost=1.10..1.10 rows=3 width=4) (actual time=0.014..0.015 rows=3 loops=1)
                                                   Buckets: 1024  Batches: 1  Memory Usage: 9kB
                                                   Buffers: shared hit=1
                                                   ->  Seq Scan on kind_type kt  (cost=0.00..1.10 rows=3 width=4) (actual time=0.007..0.009 rows=3 loops=1)
                                                         Filter: ((kind)::text = ANY ('{episode,movie,"video movie"}'::text[]))
                                                         Rows Removed by Filter: 4
                                                         Buffers: shared hit=1
                                       ->  Index Scan using movie_id_movie_info on movie_info mi1  (cost=0.43..42.33 rows=1 width=8) (actual time=0.177..0.178 rows=1 loops=39816)
                                             Index Cond: (movie_id = t.id)
                                             Filter: ((info_type_id = 3) AND ((info)::text = ANY ('{Action,Comedy,Horror,Romance}'::text[])))
                                             Rows Removed by Filter: 72
                                             Buffers: shared hit=612444 read=121939
                                 ->  Index Scan using movie_id_cast_info on cast_info ci  (cost=0.44..43.32 rows=38 width=12) (actual time=0.034..0.706 rows=77 loops=29937)
                                       Index Cond: (movie_id = t.id)
                                       Buffers: shared hit=2008109 read=316719
                           ->  Hash  (cost=1.15..1.15 rows=1 width=4) (actual time=0.028..0.028 rows=1 loops=1)
                                 Buckets: 1024  Batches: 1  Memory Usage: 9kB
                                 Buffers: shared hit=1
                                 ->  Seq Scan on role_type rt  (cost=0.00..1.15 rows=1 width=4) (actual time=0.020..0.021 rows=1 loops=1)
                                       Filter: ((role)::text = 'editor'::text)
                                       Rows Removed by Filter: 11
                                       Buffers: shared hit=1
                     ->  Index Scan using name_pkey on name n  (cost=0.43..2.32 rows=1 width=4) (actual time=0.036..0.036 rows=0 loops=35678)
                           Index Cond: (id = ci.person_id)
                           Filter: ((gender)::text = 'f'::text)
                           Rows Removed by Filter: 1
                           Buffers: shared hit=127605 read=15107
               ->  Seq Scan on info_type it1  (cost=0.00..2.41 rows=1 width=4) (actual time=0.012..0.021 rows=1 loops=1808)
                     Filter: (id = 3)
                     Rows Removed by Filter: 112
                     Buffers: shared hit=1808
         ->  Seq Scan on info_type it2  (cost=0.00..2.41 rows=1 width=4) (actual time=0.011..0.021 rows=1 loops=1808)
               Filter: (id = 5)
               Rows Removed by Filter: 112
               Buffers: shared hit=1808
 Planning:
   Buffers: shared hit=483 read=91
 Planning Time: 14.728 ms
 Execution Time: 32952.033 ms
(73 rows)

