                                                                                             QUERY PLAN                                                                                              
-----------------------------------------------------------------------------------------------------------------------------------------------------------------------------------------------------
 Aggregate  (cost=345007.80..345007.81 rows=1 width=8) (actual time=1122.853..1122.858 rows=1 loops=1)
   Buffers: shared hit=65318 read=49035
   ->  Nested Loop  (cost=4697.42..345007.80 rows=1 width=0) (actual time=25.692..1122.641 rows=1503 loops=1)
         Buffers: shared hit=65318 read=49035
         ->  Hash Join  (cost=4696.99..345003.16 rows=2 width=4) (actual time=24.865..890.391 rows=6936 loops=1)
               Hash Cond: (ci.role_id = rt.id)
               Buffers: shared hit=45380 read=41229
               ->  Nested Loop  (cost=4695.81..345001.94 rows=14 width=8) (actual time=24.801..886.992 rows=22580 loops=1)
                     Buffers: shared hit=45379 read=41229
                     ->  Nested Loop  (cost=4695.37..344958.24 rows=1 width=12) (actual time=24.760..650.724 rows=521 loops=1)
                           Buffers: shared hit=31562 read=31398
                           ->  Nested Loop  (cost=4695.37..344955.82 rows=1 width=16) (actual time=24.755..643.266 rows=521 loops=1)
                                 Buffers: shared hit=31041 read=31398
                                 ->  Nested Loop  (cost=4695.37..344953.40 rows=1 width=20) (actual time=24.733..636.051 rows=521 loops=1)
                                       Buffers: shared hit=30520 read=31398
                                       ->  Hash Join  (cost=4694.94..344657.75 rows=7 width=12) (actual time=23.369..521.916 rows=771 loops=1)
                                             Hash Cond: (t.kind_id = kt.id)
                                             Buffers: shared hit=25581 read=24908
                                             ->  Nested Loop  (cost=4693.81..344656.55 rows=17 width=16) (actual time=23.324..520.781 rows=6713 loops=1)
                                                   Buffers: shared hit=25580 read=24908
                                                   ->  Bitmap Heap Scan on movie_info mi2  (cost=4693.38..344470.60 rows=22 width=8) (actual time=21.727..288.091 rows=7729 loops=1)
                                                         Recheck Cond: (info_type_id = 5)
                                                         Filter: ((info)::text = ANY ('{Australia:R,Germany:12}'::text[]))
                                                         Rows Removed by Filter: 478825
                                                         Heap Blocks: exact=19164
                                                         Buffers: shared hit=1622 read=17950
                                                         ->  Bitmap Index Scan on info_type_id_movie_info  (cost=0.00..4693.37 rows=439058 width=0) (actual time=17.889..17.889 rows=486554 loops=1)
                                                               Index Cond: (info_type_id = 5)
                                                               Buffers: shared read=408
                                                   ->  Index Scan using title_pkey on title t  (cost=0.43..8.45 rows=1 width=8) (actual time=0.030..0.030 rows=1 loops=7729)
                                                         Index Cond: (id = mi2.movie_id)
                                                         Filter: ((production_year <= 2015) AND (1975 < production_year))
                                                         Rows Removed by Filter: 0
                                                         Buffers: shared hit=23958 read=6958
                                             ->  Hash  (cost=1.10..1.10 rows=3 width=4) (actual time=0.021..0.021 rows=3 loops=1)
                                                   Buckets: 1024  Batches: 1  Memory Usage: 9kB
                                                   Buffers: shared hit=1
                                                   ->  Seq Scan on kind_type kt  (cost=0.00..1.10 rows=3 width=4) (actual time=0.009..0.011 rows=3 loops=1)
                                                         Filter: ((kind)::text = ANY ('{"tv movie","tv series","video game"}'::text[]))
                                                         Rows Removed by Filter: 4
                                                         Buffers: shared hit=1
                                       ->  Index Scan using movie_id_movie_info on movie_info mi1  (cost=0.43..42.23 rows=1 width=8) (actual time=0.146..0.147 rows=1 loops=771)
                                             Index Cond: (movie_id = t.id)
                                             Filter: (((info)::text = ANY ('{Comedy,Drama}'::text[])) AND (info_type_id = 3))
                                             Rows Removed by Filter: 31
                                             Buffers: shared hit=4939 read=6490
                                 ->  Seq Scan on info_type it1  (cost=0.00..2.41 rows=1 width=4) (actual time=0.007..0.012 rows=1 loops=521)
                                       Filter: (id = 3)
                                       Rows Removed by Filter: 112
                                       Buffers: shared hit=521
                           ->  Seq Scan on info_type it2  (cost=0.00..2.41 rows=1 width=4) (actual time=0.008..0.013 rows=1 loops=521)
                                 Filter: (id = 5)
                                 Rows Removed by Filter: 112
                                 Buffers: shared hit=521
                     ->  Index Scan using movie_id_cast_info on cast_info ci  (cost=0.44..43.32 rows=38 width=12) (actual time=0.034..0.446 rows=43 loops=521)
                           Index Cond: (movie_id = t.id)
                           Buffers: shared hit=13817 read=9831
               ->  Hash  (cost=1.15..1.15 rows=2 width=4) (actual time=0.040..0.040 rows=2 loops=1)
                     Buckets: 1024  Batches: 1  Memory Usage: 9kB
                     Buffers: shared hit=1
                     ->  Seq Scan on role_type rt  (cost=0.00..1.15 rows=2 width=4) (actual time=0.028..0.031 rows=2 loops=1)
                           Filter: ((role)::text = ANY ('{"miscellaneous crew",producer}'::text[]))
                           Rows Removed by Filter: 10
                           Buffers: shared hit=1
         ->  Index Scan using name_pkey on name n  (cost=0.43..2.32 rows=1 width=4) (actual time=0.033..0.033 rows=0 loops=6936)
               Index Cond: (id = ci.person_id)
               Filter: ((gender)::text = 'm'::text)
               Rows Removed by Filter: 1
               Buffers: shared hit=19938 read=7806
 Planning:
   Buffers: shared hit=484 read=90
 Planning Time: 14.396 ms
 Execution Time: 1123.507 ms
(73 rows)

