                                                                                             QUERY PLAN                                                                                              
-----------------------------------------------------------------------------------------------------------------------------------------------------------------------------------------------------
 Aggregate  (cost=420653.30..420653.31 rows=1 width=8) (actual time=4035.439..4035.446 rows=1 loops=1)
   Buffers: shared hit=328168 read=89837
   ->  Nested Loop  (cost=4697.43..420653.30 rows=1 width=0) (actual time=21.953..4035.121 rows=960 loops=1)
         Buffers: shared hit=328168 read=89837
         ->  Hash Join  (cost=4697.00..420648.66 rows=2 width=4) (actual time=21.746..3887.752 rows=4008 loops=1)
               Hash Cond: (ci.role_id = rt.id)
               Buffers: shared hit=314479 read=87494
               ->  Nested Loop  (cost=4695.83..420647.44 rows=14 width=8) (actual time=21.318..3867.653 rows=142367 loops=1)
                     Buffers: shared hit=314478 read=87494
                     ->  Nested Loop  (cost=4695.39..420603.78 rows=1 width=12) (actual time=21.260..2455.387 rows=4253 loops=1)
                           Buffers: shared hit=206407 read=44818
                           ->  Nested Loop  (cost=4695.39..420601.35 rows=1 width=16) (actual time=21.255..2382.836 rows=4253 loops=1)
                                 Buffers: shared hit=202154 read=44818
                                 ->  Nested Loop  (cost=4695.39..420598.93 rows=1 width=20) (actual time=21.231..2306.199 rows=4253 loops=1)
                                       Buffers: shared hit=197901 read=44818
                                       ->  Hash Join  (cost=4694.95..419287.27 rows=31 width=12) (actual time=20.843..1573.404 rows=5324 loops=1)
                                             Hash Cond: (t.kind_id = kt.id)
                                             Buffers: shared hit=149732 read=16801
                                             ->  Nested Loop  (cost=4693.82..419285.83 rows=73 width=16) (actual time=20.803..1565.559 rows=36256 loops=1)
                                                   Buffers: shared hit=149731 read=16801
                                                   ->  Bitmap Heap Scan on movie_info mi2  (cost=4693.39..418626.53 rows=78 width=8) (actual time=20.694..414.498 rows=36740 loops=1)
                                                         Recheck Cond: (info_type_id = 5)
                                                         Filter: ((info)::text = ANY ('{Argentina:13,Australia:MA,Belgium:KT,Canada:PG,Norway:16,Singapore:NC-16,Singapore:PG}'::text[]))
                                                         Rows Removed by Filter: 449814
                                                         Heap Blocks: exact=19164
                                                         Buffers: shared hit=17495 read=2077
                                                         ->  Bitmap Index Scan on info_type_id_movie_info  (cost=0.00..4693.37 rows=439058 width=0) (actual time=17.859..17.860 rows=486554 loops=1)
                                                               Index Cond: (info_type_id = 5)
                                                               Buffers: shared hit=408
                                                   ->  Index Scan using title_pkey on title t  (cost=0.43..8.45 rows=1 width=8) (actual time=0.031..0.031 rows=1 loops=36740)
                                                         Index Cond: (id = mi2.movie_id)
                                                         Filter: ((production_year <= 2015) AND (1925 < production_year))
                                                         Rows Removed by Filter: 0
                                                         Buffers: shared hit=132236 read=14724
                                             ->  Hash  (cost=1.10..1.10 rows=3 width=4) (actual time=0.020..0.021 rows=3 loops=1)
                                                   Buckets: 1024  Batches: 1  Memory Usage: 9kB
                                                   Buffers: shared hit=1
                                                   ->  Seq Scan on kind_type kt  (cost=0.00..1.10 rows=3 width=4) (actual time=0.012..0.013 rows=3 loops=1)
                                                         Filter: ((kind)::text = ANY ('{"tv movie","tv series","video game"}'::text[]))
                                                         Rows Removed by Filter: 4
                                                         Buffers: shared hit=1
                                       ->  Index Scan using movie_id_movie_info on movie_info mi1  (cost=0.43..42.30 rows=1 width=8) (actual time=0.135..0.137 rows=1 loops=5324)
                                             Index Cond: (movie_id = t.id)
                                             Filter: ((info_type_id = 3) AND ((info)::text = ANY ('{Comedy,Drama,Horror,Romance}'::text[])))
                                             Rows Removed by Filter: 35
                                             Buffers: shared hit=48169 read=28017
                                 ->  Seq Scan on info_type it1  (cost=0.00..2.41 rows=1 width=4) (actual time=0.009..0.016 rows=1 loops=4253)
                                       Filter: (id = 3)
                                       Rows Removed by Filter: 112
                                       Buffers: shared hit=4253
                           ->  Seq Scan on info_type it2  (cost=0.00..2.41 rows=1 width=4) (actual time=0.008..0.016 rows=1 loops=4253)
                                 Filter: (id = 5)
                                 Rows Removed by Filter: 112
                                 Buffers: shared hit=4253
                     ->  Index Scan using movie_id_cast_info on cast_info ci  (cost=0.44..43.28 rows=38 width=12) (actual time=0.036..0.325 rows=33 loops=4253)
                           Index Cond: (movie_id = t.id)
                           Buffers: shared hit=108071 read=42676
               ->  Hash  (cost=1.15..1.15 rows=2 width=4) (actual time=0.034..0.034 rows=2 loops=1)
                     Buckets: 1024  Batches: 1  Memory Usage: 9kB
                     Buffers: shared hit=1
                     ->  Seq Scan on role_type rt  (cost=0.00..1.15 rows=2 width=4) (actual time=0.026..0.028 rows=2 loops=1)
                           Filter: ((role)::text = ANY ('{"costume designer",editor}'::text[]))
                           Rows Removed by Filter: 10
                           Buffers: shared hit=1
         ->  Index Scan using name_pkey on name n  (cost=0.43..2.32 rows=1 width=4) (actual time=0.036..0.036 rows=0 loops=4008)
               Index Cond: (id = ci.person_id)
               Filter: ((gender)::text = ANY ('{f,m}'::text[]))
               Rows Removed by Filter: 1
               Buffers: shared hit=13689 read=2343
 Planning:
   Buffers: shared hit=574
 Planning Time: 13.998 ms
 Execution Time: 4036.072 ms
(73 rows)

