                                                                                             QUERY PLAN                                                                                              
-----------------------------------------------------------------------------------------------------------------------------------------------------------------------------------------------------
 Aggregate  (cost=379481.55..379481.56 rows=1 width=8) (actual time=1347.607..1347.615 rows=1 loops=1)
   Buffers: shared hit=118352 read=20283
   ->  Nested Loop  (cost=4697.52..379481.55 rows=1 width=0) (actual time=280.413..1347.606 rows=3 loops=1)
         Buffers: shared hit=118352 read=20283
         ->  Hash Join  (cost=4697.09..379476.91 rows=2 width=4) (actual time=21.834..1341.048 rows=147 loops=1)
               Hash Cond: (ci.role_id = rt.id)
               Buffers: shared hit=117910 read=20137
               ->  Nested Loop  (cost=4695.92..379475.69 rows=14 width=8) (actual time=21.714..1340.477 rows=3184 loops=1)
                     Buffers: shared hit=117909 read=20137
                     ->  Nested Loop  (cost=4695.48..379431.31 rows=1 width=12) (actual time=21.674..1303.629 rows=91 loops=1)
                           Buffers: shared hit=116042 read=18610
                           ->  Nested Loop  (cost=4695.48..379428.89 rows=1 width=16) (actual time=21.667..1302.406 rows=91 loops=1)
                                 Buffers: shared hit=115951 read=18610
                                 ->  Nested Loop  (cost=4695.48..379426.47 rows=1 width=20) (actual time=21.647..1301.093 rows=91 loops=1)
                                       Buffers: shared hit=115860 read=18610
                                       ->  Hash Join  (cost=4695.04..377716.71 rows=40 width=12) (actual time=21.575..1279.667 rows=184 loops=1)
                                             Hash Cond: (t.kind_id = kt.id)
                                             Buffers: shared hit=114462 read=17659
                                             ->  Nested Loop  (cost=4693.91..377715.19 rows=93 width=16) (actual time=21.540..1276.953 rows=13281 loops=1)
                                                   Buffers: shared hit=114461 read=17659
                                                   ->  Bitmap Heap Scan on movie_info mi2  (cost=4693.48..374133.07 rows=429 width=8) (actual time=19.268..374.221 rows=28137 loops=1)
                                                         Recheck Cond: (info_type_id = 5)
                                                         Filter: ((info)::text = ANY ('{USA:PG,USA:R,"West Germany:12","West Germany:18"}'::text[]))
                                                         Rows Removed by Filter: 458417
                                                         Heap Blocks: exact=19164
                                                         Buffers: shared hit=4263 read=15309
                                                         ->  Bitmap Index Scan on info_type_id_movie_info  (cost=0.00..4693.37 rows=439058 width=0) (actual time=16.433..16.433 rows=486554 loops=1)
                                                               Index Cond: (info_type_id = 5)
                                                               Buffers: shared read=408
                                                   ->  Index Scan using title_pkey on title t  (cost=0.43..8.35 rows=1 width=8) (actual time=0.032..0.032 rows=0 loops=28137)
                                                         Index Cond: (id = mi2.movie_id)
                                                         Filter: ((production_year <= 1990) AND (1950 < production_year))
                                                         Rows Removed by Filter: 1
                                                         Buffers: shared hit=110198 read=2350
                                             ->  Hash  (cost=1.10..1.10 rows=3 width=4) (actual time=0.015..0.016 rows=3 loops=1)
                                                   Buckets: 1024  Batches: 1  Memory Usage: 9kB
                                                   Buffers: shared hit=1
                                                   ->  Seq Scan on kind_type kt  (cost=0.00..1.10 rows=3 width=4) (actual time=0.007..0.008 rows=3 loops=1)
                                                         Filter: ((kind)::text = ANY ('{"tv series","video game","video movie"}'::text[]))
                                                         Rows Removed by Filter: 4
                                                         Buffers: shared hit=1
                                       ->  Index Scan using movie_id_movie_info on movie_info mi1  (cost=0.43..42.73 rows=1 width=8) (actual time=0.115..0.116 rows=0 loops=184)
                                             Index Cond: (movie_id = t.id)
                                             Filter: ((info_type_id = 3) AND ((info)::text = ANY ('{Action,Drama,Horror}'::text[])))
                                             Rows Removed by Filter: 17
                                             Buffers: shared hit=1398 read=951
                                 ->  Seq Scan on info_type it1  (cost=0.00..2.41 rows=1 width=4) (actual time=0.006..0.012 rows=1 loops=91)
                                       Filter: (id = 3)
                                       Rows Removed by Filter: 112
                                       Buffers: shared hit=91
                           ->  Seq Scan on info_type it2  (cost=0.00..2.41 rows=1 width=4) (actual time=0.005..0.012 rows=1 loops=91)
                                 Filter: (id = 5)
                                 Rows Removed by Filter: 112
                                 Buffers: shared hit=91
                     ->  Index Scan using movie_id_cast_info on cast_info ci  (cost=0.44..43.99 rows=38 width=12) (actual time=0.033..0.396 rows=35 loops=91)
                           Index Cond: (movie_id = t.id)
                           Buffers: shared hit=1867 read=1527
               ->  Hash  (cost=1.15..1.15 rows=2 width=4) (actual time=0.026..0.026 rows=2 loops=1)
                     Buckets: 1024  Batches: 1  Memory Usage: 9kB
                     Buffers: shared hit=1
                     ->  Seq Scan on role_type rt  (cost=0.00..1.15 rows=2 width=4) (actual time=0.020..0.021 rows=2 loops=1)
                           Filter: ((role)::text = ANY ('{director,editor}'::text[]))
                           Rows Removed by Filter: 10
                           Buffers: shared hit=1
         ->  Index Scan using name_pkey on name n  (cost=0.43..2.32 rows=1 width=4) (actual time=0.044..0.044 rows=0 loops=147)
               Index Cond: (id = ci.person_id)
               Filter: ((gender)::text = 'f'::text)
               Rows Removed by Filter: 1
               Buffers: shared hit=442 read=146
 Planning:
   Buffers: shared hit=529 read=45
 Planning Time: 12.518 ms
 Execution Time: 1348.249 ms
(73 rows)

