                                                                                                                QUERY PLAN                                                                                                                 
-------------------------------------------------------------------------------------------------------------------------------------------------------------------------------------------------------------------------------------------
 Aggregate  (cost=471163.17..471163.18 rows=1 width=8) (actual time=19799.538..19799.544 rows=1 loops=1)
   Buffers: shared hit=1805912 read=251294
   ->  Nested Loop  (cost=4697.56..471163.17 rows=1 width=0) (actual time=35.544..19795.657 rows=13821 loops=1)
         Buffers: shared hit=1805912 read=251294
         ->  Hash Join  (cost=4697.13..471160.85 rows=1 width=4) (actual time=35.481..18894.474 rows=26065 loops=1)
               Hash Cond: (ci.role_id = rt.id)
               Buffers: shared hit=1706696 read=246250
               ->  Nested Loop  (cost=4695.97..471159.64 rows=14 width=8) (actual time=35.166..18699.269 rows=1185327 loops=1)
                     Buffers: shared hit=1706695 read=246250
                     ->  Nested Loop  (cost=4695.53..471115.26 rows=1 width=12) (actual time=35.116..7473.189 rows=24916 loops=1)
                           Buffers: shared hit=621996 read=93543
                           ->  Nested Loop  (cost=4695.53..471112.84 rows=1 width=16) (actual time=35.108..6935.102 rows=24916 loops=1)
                                 Buffers: shared hit=597080 read=93543
                                 ->  Nested Loop  (cost=4695.53..471110.42 rows=1 width=20) (actual time=35.080..6389.187 rows=24916 loops=1)
                                       Buffers: shared hit=572164 read=93543
                                       ->  Hash Join  (cost=4695.10..469177.72 rows=45 width=12) (actual time=34.800..2602.010 rows=22048 loops=1)
                                             Hash Cond: (t.kind_id = kt.id)
                                             Buffers: shared hit=259920 read=14269
                                             ->  Nested Loop  (cost=4693.98..469175.94 rows=158 width=16) (actual time=20.495..2589.264 rows=25158 loops=1)
                                                   Buffers: shared hit=259919 read=14269
                                                   ->  Bitmap Heap Scan on movie_info mi2  (cost=4693.55..463120.25 rows=733 width=8) (actual time=20.382..495.426 rows=63654 loops=1)
                                                         Recheck Cond: (info_type_id = 5)
                                                         Filter: ((info)::text = ANY ('{Argentina:13,Belgium:KT,Finland:K-16,Iceland:16,Norway:15,Singapore:PG,USA:Approved,"USA:Not Rated","West Germany:16","West Germany:6"}'::text[]))
                                                         Rows Removed by Filter: 422900
                                                         Heap Blocks: exact=19164
                                                         Buffers: shared hit=17424 read=2148
                                                         ->  Bitmap Index Scan on info_type_id_movie_info  (cost=0.00..4693.37 rows=439058 width=0) (actual time=17.539..17.539 rows=486554 loops=1)
                                                               Index Cond: (info_type_id = 5)
                                                               Buffers: shared hit=408
                                                   ->  Index Scan using title_pkey on title t  (cost=0.43..8.26 rows=1 width=8) (actual time=0.032..0.032 rows=0 loops=63654)
                                                         Index Cond: (id = mi2.movie_id)
                                                         Filter: ((production_year <= 1990) AND (1950 < production_year))
                                                         Rows Removed by Filter: 1
                                                         Buffers: shared hit=242495 read=12121
                                             ->  Hash  (cost=1.09..1.09 rows=2 width=4) (actual time=0.016..0.017 rows=2 loops=1)
                                                   Buckets: 1024  Batches: 1  Memory Usage: 9kB
                                                   Buffers: shared hit=1
                                                   ->  Seq Scan on kind_type kt  (cost=0.00..1.09 rows=2 width=4) (actual time=0.010..0.012 rows=2 loops=1)
                                                         Filter: ((kind)::text = ANY ('{episode,movie}'::text[]))
                                                         Rows Removed by Filter: 5
                                                         Buffers: shared hit=1
                                       ->  Index Scan using movie_id_movie_info on movie_info mi1  (cost=0.43..42.94 rows=1 width=8) (actual time=0.170..0.171 rows=1 loops=22048)
                                             Index Cond: (movie_id = t.id)
                                             Filter: ((info_type_id = 3) AND ((info)::text = ANY ('{Comedy,Documentary,Drama,Horror,Thriller,War,Western}'::text[])))
                                             Rows Removed by Filter: 60
                                             Buffers: shared hit=312244 read=79274
                                 ->  Seq Scan on info_type it1  (cost=0.00..2.41 rows=1 width=4) (actual time=0.011..0.020 rows=1 loops=24916)
                                       Filter: (id = 3)
                                       Rows Removed by Filter: 112
                                       Buffers: shared hit=24916
                           ->  Seq Scan on info_type it2  (cost=0.00..2.41 rows=1 width=4) (actual time=0.011..0.020 rows=1 loops=24916)
                                 Filter: (id = 5)
                                 Rows Removed by Filter: 112
                                 Buffers: shared hit=24916
                     ->  Index Scan using movie_id_cast_info on cast_info ci  (cost=0.44..43.99 rows=38 width=12) (actual time=0.034..0.438 rows=48 loops=24916)
                           Index Cond: (movie_id = t.id)
                           Buffers: shared hit=1084699 read=152707
               ->  Hash  (cost=1.15..1.15 rows=1 width=4) (actual time=0.033..0.033 rows=1 loops=1)
                     Buckets: 1024  Batches: 1  Memory Usage: 9kB
                     Buffers: shared hit=1
                     ->  Seq Scan on role_type rt  (cost=0.00..1.15 rows=1 width=4) (actual time=0.025..0.027 rows=1 loops=1)
                           Filter: ((role)::text = 'cinematographer'::text)
                           Rows Removed by Filter: 11
                           Buffers: shared hit=1
         ->  Index Scan using name_pkey on name n  (cost=0.43..2.32 rows=1 width=4) (actual time=0.034..0.034 rows=1 loops=26065)
               Index Cond: (id = ci.person_id)
               Filter: ((gender)::text = 'm'::text)
               Rows Removed by Filter: 0
               Buffers: shared hit=99216 read=5044
 Planning:
   Buffers: shared hit=574
 Planning Time: 13.915 ms
 Execution Time: 19800.190 ms
(73 rows)

