                                                                                                                  QUERY PLAN                                                                                                                   
-----------------------------------------------------------------------------------------------------------------------------------------------------------------------------------------------------------------------------------------------
 Aggregate  (cost=503723.86..503723.87 rows=1 width=8) (actual time=7054.420..7054.427 rows=1 loops=1)
   Buffers: shared hit=610893 read=122016
   ->  Nested Loop  (cost=4697.53..503723.85 rows=3 width=0) (actual time=20.383..7052.663 rows=8372 loops=1)
         Buffers: shared hit=610893 read=122016
         ->  Hash Join  (cost=4697.10..503714.57 rows=4 width=4) (actual time=20.339..6378.952 rows=19453 loops=1)
               Hash Cond: (ci.role_id = rt.id)
               Buffers: shared hit=539439 read=115658
               ->  Nested Loop  (cost=4695.94..503713.25 rows=43 width=8) (actual time=20.110..6331.642 rows=281244 loops=1)
                     Buffers: shared hit=539438 read=115658
                     ->  Nested Loop  (cost=4695.50..503582.05 rows=3 width=12) (actual time=20.075..3598.632 rows=5593 loops=1)
                           Buffers: shared hit=310305 read=58768
                           ->  Seq Scan on info_type it2  (cost=0.00..2.41 rows=1 width=4) (actual time=0.028..0.037 rows=1 loops=1)
                                 Filter: (id = 5)
                                 Rows Removed by Filter: 112
                                 Buffers: shared hit=1
                           ->  Nested Loop  (cost=4695.50..503579.60 rows=3 width=16) (actual time=20.047..3597.311 rows=5593 loops=1)
                                 Buffers: shared hit=310304 read=58768
                                 ->  Seq Scan on info_type it1  (cost=0.00..2.41 rows=1 width=4) (actual time=0.007..0.019 rows=1 loops=1)
                                       Filter: (id = 3)
                                       Rows Removed by Filter: 112
                                       Buffers: shared hit=1
                                 ->  Nested Loop  (cost=4695.50..503577.16 rows=3 width=20) (actual time=20.037..3595.875 rows=5593 loops=1)
                                       Buffers: shared hit=310303 read=58768
                                       ->  Hash Join  (cost=4695.06..497095.60 rows=153 width=12) (actual time=19.744..2744.356 rows=5195 loops=1)
                                             Hash Cond: (t.kind_id = kt.id)
                                             Buffers: shared hit=254467 read=31582
                                             ->  Nested Loop  (cost=4693.93..497092.96 rows=357 width=16) (actual time=19.679..2732.105 rows=51699 loops=1)
                                                   Buffers: shared hit=254466 read=31582
                                                   ->  Bitmap Heap Scan on movie_info mi2  (cost=4693.50..492782.57 rows=518 width=8) (actual time=18.994..582.428 rows=66619 loops=1)
                                                         Recheck Cond: (info_type_id = 5)
                                                         Filter: ((info)::text = ANY ('{Argentina:13,Argentina:16,Australia:MA,Germany:6,Portugal:M/16,Singapore:M18,Singapore:NC-16,Singapore:PG,Switzerland:12,UK:12,UK:18,USA:R}'::text[]))
                                                         Rows Removed by Filter: 419935
                                                         Heap Blocks: exact=19164
                                                         Buffers: shared hit=2010 read=17562
                                                         ->  Bitmap Index Scan on info_type_id_movie_info  (cost=0.00..4693.37 rows=439058 width=0) (actual time=16.372..16.372 rows=486554 loops=1)
                                                               Index Cond: (info_type_id = 5)
                                                               Buffers: shared read=408
                                                   ->  Index Scan using title_pkey on title t  (cost=0.43..8.32 rows=1 width=8) (actual time=0.032..0.032 rows=1 loops=66619)
                                                         Index Cond: (id = mi2.movie_id)
                                                         Filter: ((production_year <= 2015) AND (1990 < production_year))
                                                         Rows Removed by Filter: 0
                                                         Buffers: shared hit=252456 read=14020
                                             ->  Hash  (cost=1.10..1.10 rows=3 width=4) (actual time=0.015..0.016 rows=3 loops=1)
                                                   Buckets: 1024  Batches: 1  Memory Usage: 9kB
                                                   Buffers: shared hit=1
                                                   ->  Seq Scan on kind_type kt  (cost=0.00..1.10 rows=3 width=4) (actual time=0.008..0.009 rows=3 loops=1)
                                                         Filter: ((kind)::text = ANY ('{"tv movie","tv series","video game"}'::text[]))
                                                         Rows Removed by Filter: 4
                                                         Buffers: shared hit=1
                                       ->  Index Scan using movie_id_movie_info on movie_info mi1  (cost=0.43..42.35 rows=1 width=8) (actual time=0.161..0.163 rows=1 loops=5195)
                                             Index Cond: (movie_id = t.id)
                                             Filter: ((info_type_id = 3) AND ((info)::text = ANY ('{Comedy,Drama,Mystery,Thriller}'::text[])))
                                             Rows Removed by Filter: 42
                                             Buffers: shared hit=55836 read=27186
                     ->  Index Scan using movie_id_cast_info on cast_info ci  (cost=0.44..43.36 rows=38 width=12) (actual time=0.035..0.477 rows=50 loops=5593)
                           Index Cond: (movie_id = t.id)
                           Buffers: shared hit=229133 read=56890
               ->  Hash  (cost=1.15..1.15 rows=1 width=4) (actual time=0.030..0.031 rows=1 loops=1)
                     Buckets: 1024  Batches: 1  Memory Usage: 9kB
                     Buffers: shared hit=1
                     ->  Seq Scan on role_type rt  (cost=0.00..1.15 rows=1 width=4) (actual time=0.023..0.025 rows=1 loops=1)
                           Filter: ((role)::text = 'producer'::text)
                           Rows Removed by Filter: 11
                           Buffers: shared hit=1
         ->  Index Scan using name_pkey on name n  (cost=0.43..2.32 rows=1 width=4) (actual time=0.034..0.034 rows=0 loops=19453)
               Index Cond: (id = ci.person_id)
               Filter: ((gender)::text = ANY ('{f,m}'::text[]))
               Rows Removed by Filter: 1
               Buffers: shared hit=71454 read=6358
 Planning:
   Buffers: shared hit=519 read=55
 Planning Time: 11.859 ms
 Execution Time: 7055.032 ms
(73 rows)

