                                                                                             QUERY PLAN                                                                                              
-----------------------------------------------------------------------------------------------------------------------------------------------------------------------------------------------------
 Aggregate  (cost=369514.37..369514.38 rows=1 width=8) (actual time=6375.986..6375.994 rows=1 loops=1)
   Buffers: shared hit=474949 read=172974
   ->  Nested Loop  (cost=4697.51..369514.37 rows=1 width=0) (actual time=50.089..6375.834 rows=179 loops=1)
         Buffers: shared hit=474949 read=172974
         ->  Hash Join  (cost=4697.08..369512.05 rows=1 width=4) (actual time=40.192..6223.262 rows=4567 loops=1)
               Hash Cond: (ci.role_id = rt.id)
               Buffers: shared hit=459392 read=170263
               ->  Nested Loop  (cost=4695.92..369510.84 rows=14 width=8) (actual time=39.697..6174.614 rows=340392 loops=1)
                     Buffers: shared hit=459391 read=170263
                     ->  Nested Loop  (cost=4695.48..369467.14 rows=1 width=12) (actual time=39.650..2998.872 rows=3506 loops=1)
                           Buffers: shared hit=210076 read=78629
                           ->  Nested Loop  (cost=4695.48..369464.72 rows=1 width=16) (actual time=39.643..2932.881 rows=3506 loops=1)
                                 Buffers: shared hit=206570 read=78629
                                 ->  Nested Loop  (cost=4695.48..369462.30 rows=1 width=20) (actual time=39.614..2859.970 rows=3506 loops=1)
                                       Buffers: shared hit=203064 read=78629
                                       ->  Hash Join  (cost=4695.05..363034.78 rows=152 width=12) (actual time=19.130..901.932 rows=10180 loops=1)
                                             Hash Cond: (t.kind_id = kt.id)
                                             Buffers: shared hit=79902 read=7155
                                             ->  Nested Loop  (cost=4693.91..363032.15 rows=354 width=16) (actual time=18.599..896.106 rows=13781 loops=1)
                                                   Buffers: shared hit=79901 read=7155
                                                   ->  Bitmap Heap Scan on movie_info mi2  (cost=4693.48..359301.89 rows=447 width=8) (actual time=18.545..333.227 rows=16871 loops=1)
                                                         Recheck Cond: (info_type_id = 5)
                                                         Filter: ((info)::text = ANY ('{Australia:PG,Iceland:12,Netherlands:16}'::text[]))
                                                         Rows Removed by Filter: 469683
                                                         Heap Blocks: exact=19164
                                                         Buffers: shared hit=17551 read=2021
                                                         ->  Bitmap Index Scan on info_type_id_movie_info  (cost=0.00..4693.37 rows=439058 width=0) (actual time=15.975..15.976 rows=486554 loops=1)
                                                               Index Cond: (info_type_id = 5)
                                                               Buffers: shared hit=408
                                                   ->  Index Scan using title_pkey on title t  (cost=0.43..8.35 rows=1 width=8) (actual time=0.033..0.033 rows=1 loops=16871)
                                                         Index Cond: (id = mi2.movie_id)
                                                         Filter: ((production_year <= 2015) AND (1975 < production_year))
                                                         Rows Removed by Filter: 0
                                                         Buffers: shared hit=62350 read=5134
                                             ->  Hash  (cost=1.10..1.10 rows=3 width=4) (actual time=0.013..0.014 rows=3 loops=1)
                                                   Buckets: 1024  Batches: 1  Memory Usage: 9kB
                                                   Buffers: shared hit=1
                                                   ->  Seq Scan on kind_type kt  (cost=0.00..1.10 rows=3 width=4) (actual time=0.008..0.010 rows=3 loops=1)
                                                         Filter: ((kind)::text = ANY ('{episode,movie,"video movie"}'::text[]))
                                                         Rows Removed by Filter: 4
                                                         Buffers: shared hit=1
                                       ->  Index Scan using movie_id_movie_info on movie_info mi1  (cost=0.43..42.28 rows=1 width=8) (actual time=0.191..0.192 rows=0 loops=10180)
                                             Index Cond: (movie_id = t.id)
                                             Filter: ((info_type_id = 3) AND ((info)::text = ANY ('{Action,Crime,Family}'::text[])))
                                             Rows Removed by Filter: 88
                                             Buffers: shared hit=123162 read=71474
                                 ->  Seq Scan on info_type it1  (cost=0.00..2.41 rows=1 width=4) (actual time=0.011..0.019 rows=1 loops=3506)
                                       Filter: (id = 3)
                                       Rows Removed by Filter: 112
                                       Buffers: shared hit=3506
                           ->  Seq Scan on info_type it2  (cost=0.00..2.41 rows=1 width=4) (actual time=0.009..0.017 rows=1 loops=3506)
                                 Filter: (id = 5)
                                 Rows Removed by Filter: 112
                                 Buffers: shared hit=3506
                     ->  Index Scan using movie_id_cast_info on cast_info ci  (cost=0.44..43.32 rows=38 width=12) (actual time=0.039..0.884 rows=97 loops=3506)
                           Index Cond: (movie_id = t.id)
                           Buffers: shared hit=249315 read=91634
               ->  Hash  (cost=1.15..1.15 rows=1 width=4) (actual time=0.029..0.029 rows=1 loops=1)
                     Buckets: 1024  Batches: 1  Memory Usage: 9kB
                     Buffers: shared hit=1
                     ->  Seq Scan on role_type rt  (cost=0.00..1.15 rows=1 width=4) (actual time=0.023..0.024 rows=1 loops=1)
                           Filter: ((role)::text = 'editor'::text)
                           Rows Removed by Filter: 11
                           Buffers: shared hit=1
         ->  Index Scan using name_pkey on name n  (cost=0.43..2.32 rows=1 width=4) (actual time=0.033..0.033 rows=0 loops=4567)
               Index Cond: (id = ci.person_id)
               Filter: ((gender)::text = 'f'::text)
               Rows Removed by Filter: 1
               Buffers: shared hit=15557 read=2711
 Planning:
   Buffers: shared hit=574
 Planning Time: 12.470 ms
 Execution Time: 6376.578 ms
(73 rows)

