                                                                                                                    QUERY PLAN                                                                                                                     
---------------------------------------------------------------------------------------------------------------------------------------------------------------------------------------------------------------------------------------------------
 Aggregate  (cost=503370.31..503370.32 rows=1 width=8) (actual time=3288.614..3288.622 rows=1 loops=1)
   Buffers: shared hit=307971 read=33521
   ->  Nested Loop  (cost=4697.65..503370.31 rows=1 width=0) (actual time=907.518..3288.585 rows=90 loops=1)
         Buffers: shared hit=307971 read=33521
         ->  Hash Join  (cost=4697.22..503367.99 rows=1 width=4) (actual time=202.848..3250.074 rows=1085 loops=1)
               Hash Cond: (ci.role_id = rt.id)
               Buffers: shared hit=304253 read=32899
               ->  Nested Loop  (cost=4696.05..503366.78 rows=14 width=8) (actual time=100.049..3248.394 rows=7662 loops=1)
                     Buffers: shared hit=304252 read=32899
                     ->  Nested Loop  (cost=4695.61..503322.40 rows=1 width=12) (actual time=100.006..3166.984 rows=189 loops=1)
                           Buffers: shared hit=298064 read=31008
                           ->  Nested Loop  (cost=4695.61..503319.98 rows=1 width=16) (actual time=100.000..3163.605 rows=189 loops=1)
                                 Buffers: shared hit=297875 read=31008
                                 ->  Nested Loop  (cost=4695.61..503317.56 rows=1 width=20) (actual time=99.977..3159.991 rows=189 loops=1)
                                       Buffers: shared hit=297686 read=31008
                                       ->  Hash Join  (cost=4695.18..501855.55 rows=34 width=12) (actual time=99.832..3125.753 rows=224 loops=1)
                                             Hash Cond: (t.kind_id = kt.id)
                                             Buffers: shared hit=295583 read=30182
                                             ->  Nested Loop  (cost=4694.08..501853.45 rows=240 width=16) (actual time=20.979..3118.016 rows=36437 loops=1)
                                                   Buffers: shared hit=295582 read=30182
                                                   ->  Bitmap Heap Scan on movie_info mi2  (cost=4693.65..492782.72 rows=1111 width=8) (actual time=20.665..574.909 rows=76548 loops=1)
                                                         Recheck Cond: (info_type_id = 5)
                                                         Filter: ((info)::text = ANY ('{Australia:M,Finland:K-16,Iceland:16,Norway:15,Norway:16,Sweden:15,UK:18,UK:U,USA:Approved,"West Germany:12","West Germany:18","West Germany:6"}'::text[]))
                                                         Rows Removed by Filter: 410006
                                                         Heap Blocks: exact=19164
                                                         Buffers: shared hit=2467 read=17105
                                                         ->  Bitmap Index Scan on info_type_id_movie_info  (cost=0.00..4693.37 rows=439058 width=0) (actual time=18.017..18.017 rows=486554 loops=1)
                                                               Index Cond: (info_type_id = 5)
                                                               Buffers: shared read=408
                                                   ->  Index Scan using title_pkey on title t  (cost=0.43..8.16 rows=1 width=8) (actual time=0.033..0.033 rows=0 loops=76548)
                                                         Index Cond: (id = mi2.movie_id)
                                                         Filter: ((production_year <= 1990) AND (1950 < production_year))
                                                         Rows Removed by Filter: 1
                                                         Buffers: shared hit=293115 read=13077
                                             ->  Hash  (cost=1.09..1.09 rows=1 width=4) (actual time=0.012..0.013 rows=1 loops=1)
                                                   Buckets: 1024  Batches: 1  Memory Usage: 9kB
                                                   Buffers: shared hit=1
                                                   ->  Seq Scan on kind_type kt  (cost=0.00..1.09 rows=1 width=4) (actual time=0.008..0.009 rows=1 loops=1)
                                                         Filter: ((kind)::text = 'video movie'::text)
                                                         Rows Removed by Filter: 6
                                                         Buffers: shared hit=1
                                       ->  Index Scan using movie_id_movie_info on movie_info mi1  (cost=0.43..42.99 rows=1 width=8) (actual time=0.151..0.152 rows=1 loops=224)
                                             Index Cond: (movie_id = t.id)
                                             Filter: ((info_type_id = 3) AND ((info)::text = ANY ('{Action,Comedy,Drama,Family,Horror,Romance,Thriller,Western}'::text[])))
                                             Rows Removed by Filter: 17
                                             Buffers: shared hit=2103 read=826
                                 ->  Seq Scan on info_type it1  (cost=0.00..2.41 rows=1 width=4) (actual time=0.008..0.016 rows=1 loops=189)
                                       Filter: (id = 3)
                                       Rows Removed by Filter: 112
                                       Buffers: shared hit=189
                           ->  Seq Scan on info_type it2  (cost=0.00..2.41 rows=1 width=4) (actual time=0.007..0.016 rows=1 loops=189)
                                 Filter: (id = 5)
                                 Rows Removed by Filter: 112
                                 Buffers: shared hit=189
                     ->  Index Scan using movie_id_cast_info on cast_info ci  (cost=0.44..43.99 rows=38 width=12) (actual time=0.055..0.419 rows=41 loops=189)
                           Index Cond: (movie_id = t.id)
                           Buffers: shared hit=6188 read=1891
               ->  Hash  (cost=1.15..1.15 rows=1 width=4) (actual time=0.032..0.033 rows=1 loops=1)
                     Buckets: 1024  Batches: 1  Memory Usage: 9kB
                     Buffers: shared hit=1
                     ->  Seq Scan on role_type rt  (cost=0.00..1.15 rows=1 width=4) (actual time=0.026..0.027 rows=1 loops=1)
                           Filter: ((role)::text = 'miscellaneous crew'::text)
                           Rows Removed by Filter: 11
                           Buffers: shared hit=1
         ->  Index Scan using name_pkey on name n  (cost=0.43..2.32 rows=1 width=4) (actual time=0.035..0.035 rows=0 loops=1085)
               Index Cond: (id = ci.person_id)
               Filter: ((gender)::text = 'f'::text)
               Rows Removed by Filter: 1
               Buffers: shared hit=3718 read=622
 Planning:
   Buffers: shared hit=486 read=88
 Planning Time: 13.887 ms
 Execution Time: 3289.266 ms
(73 rows)

