                                                                                             QUERY PLAN                                                                                              
-----------------------------------------------------------------------------------------------------------------------------------------------------------------------------------------------------
 Aggregate  (cost=445579.26..445579.27 rows=1 width=8) (actual time=20488.675..20488.682 rows=1 loops=1)
   Buffers: shared hit=1899104 read=191864
   ->  Nested Loop  (cost=4697.68..445579.26 rows=1 width=0) (actual time=57.657..20487.220 rows=4636 loops=1)
         Buffers: shared hit=1899104 read=191864
         ->  Hash Join  (cost=4697.25..445576.94 rows=1 width=4) (actual time=31.541..18309.249 rows=59338 loops=1)
               Hash Cond: (ci.role_id = rt.id)
               Buffers: shared hit=1677003 read=176613
               ->  Nested Loop  (cost=4696.09..445575.73 rows=14 width=8) (actual time=31.332..18113.084 rows=1076431 loops=1)
                     Buffers: shared hit=1677002 read=176613
                     ->  Nested Loop  (cost=4695.65..445530.85 rows=1 width=12) (actual time=31.292..7775.115 rows=25285 loops=1)
                           Buffers: shared hit=631956 read=88897
                           ->  Nested Loop  (cost=4695.65..445528.43 rows=1 width=16) (actual time=31.286..7223.366 rows=25285 loops=1)
                                 Buffers: shared hit=606671 read=88897
                                 ->  Nested Loop  (cost=4695.65..445526.01 rows=1 width=20) (actual time=31.264..6638.438 rows=25285 loops=1)
                                       Buffers: shared hit=581386 read=88897
                                       ->  Hash Join  (cost=4695.21..442632.38 rows=67 width=12) (actual time=27.830..2516.652 rows=25498 loops=1)
                                             Hash Cond: (t.kind_id = kt.id)
                                             Buffers: shared hit=238174 read=13447
                                             ->  Nested Loop  (cost=4694.08..442630.59 rows=157 width=16) (actual time=19.432..2502.989 rows=25839 loops=1)
                                                   Buffers: shared hit=238173 read=13447
                                                   ->  Bitmap Heap Scan on movie_info mi2  (cost=4693.65..433457.98 rows=1124 width=8) (actual time=19.304..483.451 rows=58012 loops=1)
                                                         Recheck Cond: (info_type_id = 5)
                                                         Filter: ((info)::text = ANY ('{Australia:G,Australia:M,Finland:K-12,India:U,Norway:16,UK:U,USA:Approved,USA:TV-G}'::text[]))
                                                         Rows Removed by Filter: 428542
                                                         Heap Blocks: exact=19164
                                                         Buffers: shared hit=17184 read=2388
                                                         ->  Bitmap Index Scan on info_type_id_movie_info  (cost=0.00..4693.37 rows=439058 width=0) (actual time=16.690..16.691 rows=486554 loops=1)
                                                               Index Cond: (info_type_id = 5)
                                                               Buffers: shared hit=408
                                                   ->  Index Scan using title_pkey on title t  (cost=0.43..8.16 rows=1 width=8) (actual time=0.034..0.034 rows=0 loops=58012)
                                                         Index Cond: (id = mi2.movie_id)
                                                         Filter: ((production_year <= 1975) AND (1925 < production_year))
                                                         Rows Removed by Filter: 1
                                                         Buffers: shared hit=220989 read=11059
                                             ->  Hash  (cost=1.10..1.10 rows=3 width=4) (actual time=0.020..0.021 rows=3 loops=1)
                                                   Buckets: 1024  Batches: 1  Memory Usage: 9kB
                                                   Buffers: shared hit=1
                                                   ->  Seq Scan on kind_type kt  (cost=0.00..1.10 rows=3 width=4) (actual time=0.013..0.015 rows=3 loops=1)
                                                         Filter: ((kind)::text = ANY ('{episode,movie,"tv movie"}'::text[]))
                                                         Rows Removed by Filter: 4
                                                         Buffers: shared hit=1
                                       ->  Index Scan using movie_id_movie_info on movie_info mi1  (cost=0.43..43.18 rows=1 width=8) (actual time=0.160..0.161 rows=1 loops=25498)
                                             Index Cond: (movie_id = t.id)
                                             Filter: ((info_type_id = 3) AND ((info)::text = ANY ('{Comedy,Drama,Family,Romance,Thriller}'::text[])))
                                             Rows Removed by Filter: 38
                                             Buffers: shared hit=343212 read=75450
                                 ->  Seq Scan on info_type it1  (cost=0.00..2.41 rows=1 width=4) (actual time=0.011..0.021 rows=1 loops=25285)
                                       Filter: (id = 3)
                                       Rows Removed by Filter: 112
                                       Buffers: shared hit=25285
                           ->  Seq Scan on info_type it2  (cost=0.00..2.41 rows=1 width=4) (actual time=0.010..0.020 rows=1 loops=25285)
                                 Filter: (id = 5)
                                 Rows Removed by Filter: 112
                                 Buffers: shared hit=25285
                     ->  Index Scan using movie_id_cast_info on cast_info ci  (cost=0.44..44.50 rows=38 width=12) (actual time=0.036..0.397 rows=43 loops=25285)
                           Index Cond: (movie_id = t.id)
                           Buffers: shared hit=1045046 read=87716
               ->  Hash  (cost=1.15..1.15 rows=1 width=4) (actual time=0.035..0.035 rows=1 loops=1)
                     Buckets: 1024  Batches: 1  Memory Usage: 9kB
                     Buffers: shared hit=1
                     ->  Seq Scan on role_type rt  (cost=0.00..1.15 rows=1 width=4) (actual time=0.027..0.029 rows=1 loops=1)
                           Filter: ((role)::text = 'miscellaneous crew'::text)
                           Rows Removed by Filter: 11
                           Buffers: shared hit=1
         ->  Index Scan using name_pkey on name n  (cost=0.43..2.32 rows=1 width=4) (actual time=0.036..0.036 rows=0 loops=59338)
               Index Cond: (id = ci.person_id)
               Filter: ((gender)::text = 'f'::text)
               Rows Removed by Filter: 1
               Buffers: shared hit=222101 read=15251
 Planning:
   Buffers: shared hit=574
 Planning Time: 13.417 ms
 Execution Time: 20489.339 ms
(73 rows)

