                                                                                             QUERY PLAN                                                                                              
-----------------------------------------------------------------------------------------------------------------------------------------------------------------------------------------------------
 Aggregate  (cost=426958.92..426958.93 rows=1 width=8) (actual time=2741.718..2741.734 rows=1 loops=1)
   Buffers: shared hit=250959 read=32460
   ->  Nested Loop  (cost=4697.58..426958.92 rows=1 width=0) (actual time=438.025..2741.723 rows=3 loops=1)
         Buffers: shared hit=250959 read=32460
         ->  Hash Join  (cost=4697.15..426956.60 rows=1 width=4) (actual time=421.923..2741.438 rows=9 loops=1)
               Hash Cond: (ci.role_id = rt.id)
               Buffers: shared hit=250939 read=32444
               ->  Nested Loop  (cost=4695.99..426955.39 rows=14 width=8) (actual time=406.249..2741.270 rows=725 loops=1)
                     Buffers: shared hit=250938 read=32444
                     ->  Nested Loop  (cost=4695.55..426910.83 rows=1 width=12) (actual time=406.204..2731.726 rows=79 loops=1)
                           Buffers: shared hit=250607 read=31838
                           ->  Nested Loop  (cost=4695.55..426908.41 rows=1 width=16) (actual time=406.197..2730.830 rows=79 loops=1)
                                 Buffers: shared hit=250528 read=31838
                                 ->  Nested Loop  (cost=4695.55..426905.99 rows=1 width=20) (actual time=406.175..2729.850 rows=79 loops=1)
                                       Buffers: shared hit=250449 read=31838
                                       ->  Hash Join  (cost=4695.11..424539.90 rows=55 width=12) (actual time=30.078..2694.382 rows=219 loops=1)
                                             Hash Cond: (t.kind_id = kt.id)
                                             Buffers: shared hit=249133 read=29524
                                             ->  Nested Loop  (cost=4693.98..424538.23 rows=129 width=16) (actual time=30.044..2686.975 rows=33257 loops=1)
                                                   Buffers: shared hit=249132 read=29524
                                                   ->  Bitmap Heap Scan on movie_info mi2  (cost=4693.55..418626.69 rows=715 width=8) (actual time=19.822..495.771 rows=64771 loops=1)
                                                         Recheck Cond: (info_type_id = 5)
                                                         Filter: ((info)::text = ANY ('{Argentina:13,Sweden:15,UK:U,USA:Approved,USA:Passed,USA:TV-G,USA:X}'::text[]))
                                                         Rows Removed by Filter: 421783
                                                         Heap Blocks: exact=19164
                                                         Buffers: shared hit=3076 read=16496
                                                         ->  Bitmap Index Scan on info_type_id_movie_info  (cost=0.00..4693.37 rows=439058 width=0) (actual time=16.481..16.482 rows=486554 loops=1)
                                                               Index Cond: (info_type_id = 5)
                                                               Buffers: shared read=408
                                                   ->  Index Scan using title_pkey on title t  (cost=0.43..8.27 rows=1 width=8) (actual time=0.033..0.033 rows=1 loops=64771)
                                                         Index Cond: (id = mi2.movie_id)
                                                         Filter: ((production_year <= 1975) AND (1875 < production_year))
                                                         Rows Removed by Filter: 0
                                                         Buffers: shared hit=246056 read=13028
                                             ->  Hash  (cost=1.10..1.10 rows=3 width=4) (actual time=0.014..0.015 rows=3 loops=1)
                                                   Buckets: 1024  Batches: 1  Memory Usage: 9kB
                                                   Buffers: shared hit=1
                                                   ->  Seq Scan on kind_type kt  (cost=0.00..1.10 rows=3 width=4) (actual time=0.007..0.009 rows=3 loops=1)
                                                         Filter: ((kind)::text = ANY ('{"tv series","video game","video movie"}'::text[]))
                                                         Rows Removed by Filter: 4
                                                         Buffers: shared hit=1
                                       ->  Index Scan using movie_id_movie_info on movie_info mi1  (cost=0.43..43.01 rows=1 width=8) (actual time=0.160..0.161 rows=0 loops=219)
                                             Index Cond: (movie_id = t.id)
                                             Filter: ((info_type_id = 3) AND ((info)::text = ANY ('{Adult,Drama,Music,Romance,War,Western}'::text[])))
                                             Rows Removed by Filter: 53
                                             Buffers: shared hit=1316 read=2314
                                 ->  Seq Scan on info_type it1  (cost=0.00..2.41 rows=1 width=4) (actual time=0.005..0.011 rows=1 loops=79)
                                       Filter: (id = 3)
                                       Rows Removed by Filter: 112
                                       Buffers: shared hit=79
                           ->  Seq Scan on info_type it2  (cost=0.00..2.41 rows=1 width=4) (actual time=0.004..0.010 rows=1 loops=79)
                                 Filter: (id = 5)
                                 Rows Removed by Filter: 112
                                 Buffers: shared hit=79
                     ->  Index Scan using movie_id_cast_info on cast_info ci  (cost=0.44..44.17 rows=38 width=12) (actual time=0.038..0.118 rows=9 loops=79)
                           Index Cond: (movie_id = t.id)
                           Buffers: shared hit=331 read=606
               ->  Hash  (cost=1.15..1.15 rows=1 width=4) (actual time=0.029..0.037 rows=1 loops=1)
                     Buckets: 1024  Batches: 1  Memory Usage: 9kB
                     Buffers: shared hit=1
                     ->  Seq Scan on role_type rt  (cost=0.00..1.15 rows=1 width=4) (actual time=0.021..0.022 rows=1 loops=1)
                           Filter: ((role)::text = 'editor'::text)
                           Rows Removed by Filter: 11
                           Buffers: shared hit=1
         ->  Index Scan using name_pkey on name n  (cost=0.43..2.32 rows=1 width=4) (actual time=0.030..0.030 rows=0 loops=9)
               Index Cond: (id = ci.person_id)
               Filter: ((gender)::text = 'm'::text)
               Rows Removed by Filter: 1
               Buffers: shared hit=20 read=16
 Planning:
   Buffers: shared hit=485 read=89
 Planning Time: 12.648 ms
 Execution Time: 2742.292 ms
(73 rows)

