                                                                                                      QUERY PLAN                                                                                                       
-----------------------------------------------------------------------------------------------------------------------------------------------------------------------------------------------------------------------
 Aggregate  (cost=443421.50..443421.51 rows=1 width=8) (actual time=26070.063..26070.071 rows=1 loops=1)
   Buffers: shared hit=2484124 read=194270
   ->  Nested Loop  (cost=4697.64..443421.50 rows=1 width=0) (actual time=83.180..26068.965 rows=2974 loops=1)
         Buffers: shared hit=2484124 read=194270
         ->  Hash Join  (cost=4697.21..443416.86 rows=2 width=4) (actual time=44.832..23943.756 rows=59326 loops=1)
               Hash Cond: (ci.role_id = rt.id)
               Buffers: shared hit=2251078 read=190012
               ->  Nested Loop  (cost=4696.04..443415.63 rows=14 width=8) (actual time=44.471..23663.244 rows=1558494 loops=1)
                     Buffers: shared hit=2251077 read=190012
                     ->  Nested Loop  (cost=4695.60..443370.75 rows=1 width=12) (actual time=44.416..8848.175 rows=38390 loops=1)
                           Buffers: shared hit=700006 read=93815
                           ->  Nested Loop  (cost=4695.60..443368.33 rows=1 width=16) (actual time=44.407..7974.015 rows=38390 loops=1)
                                 Buffers: shared hit=661616 read=93815
                                 ->  Nested Loop  (cost=4695.60..443365.91 rows=1 width=20) (actual time=44.382..7095.153 rows=38390 loops=1)
                                       Buffers: shared hit=623226 read=93815
                                       ->  Hash Join  (cost=4695.16..440982.09 rows=55 width=12) (actual time=43.996..2489.328 rows=28275 loops=1)
                                             Hash Cond: (t.kind_id = kt.id)
                                             Buffers: shared hit=231588 read=14329
                                             ->  Nested Loop  (cost=4694.03..440980.42 rows=128 width=16) (actual time=21.768..2473.523 rows=28486 loops=1)
                                                   Buffers: shared hit=231587 read=14329
                                                   ->  Bitmap Heap Scan on movie_info mi2  (cost=4693.60..433457.93 rows=916 width=8) (actual time=19.364..497.085 rows=56586 loops=1)
                                                         Recheck Cond: (info_type_id = 5)
                                                         Filter: ((info)::text = ANY ('{Argentina:13,Argentina:Atp,Finland:K-16,Sweden:15,USA:Passed,"West Germany:12","West Germany:16","West Germany:18"}'::text[]))
                                                         Rows Removed by Filter: 429968
                                                         Heap Blocks: exact=19164
                                                         Buffers: shared hit=17080 read=2492
                                                         ->  Bitmap Index Scan on info_type_id_movie_info  (cost=0.00..4693.37 rows=439058 width=0) (actual time=16.347..16.347 rows=486554 loops=1)
                                                               Index Cond: (info_type_id = 5)
                                                               Buffers: shared hit=408
                                                   ->  Index Scan using title_pkey on title t  (cost=0.43..8.21 rows=1 width=8) (actual time=0.034..0.034 rows=1 loops=56586)
                                                         Index Cond: (id = mi2.movie_id)
                                                         Filter: ((production_year <= 1975) AND (1925 < production_year))
                                                         Rows Removed by Filter: 0
                                                         Buffers: shared hit=214507 read=11837
                                             ->  Hash  (cost=1.10..1.10 rows=3 width=4) (actual time=0.019..0.020 rows=3 loops=1)
                                                   Buckets: 1024  Batches: 1  Memory Usage: 9kB
                                                   Buffers: shared hit=1
                                                   ->  Seq Scan on kind_type kt  (cost=0.00..1.10 rows=3 width=4) (actual time=0.009..0.011 rows=3 loops=1)
                                                         Filter: ((kind)::text = ANY ('{episode,movie,"tv movie"}'::text[]))
                                                         Rows Removed by Filter: 4
                                                         Buffers: shared hit=1
                                       ->  Index Scan using movie_id_movie_info on movie_info mi1  (cost=0.43..43.33 rows=1 width=8) (actual time=0.161..0.162 rows=1 loops=28275)
                                             Index Cond: (movie_id = t.id)
                                             Filter: ((info_type_id = 3) AND ((info)::text = ANY ('{Adventure,Animation,Comedy,Drama,Family,Romance,Thriller,Western}'::text[])))
                                             Rows Removed by Filter: 40
                                             Buffers: shared hit=391638 read=79486
                                 ->  Seq Scan on info_type it1  (cost=0.00..2.41 rows=1 width=4) (actual time=0.011..0.021 rows=1 loops=38390)
                                       Filter: (id = 3)
                                       Rows Removed by Filter: 112
                                       Buffers: shared hit=38390
                           ->  Seq Scan on info_type it2  (cost=0.00..2.41 rows=1 width=4) (actual time=0.011..0.021 rows=1 loops=38390)
                                 Filter: (id = 5)
                                 Rows Removed by Filter: 112
                                 Buffers: shared hit=38390
                     ->  Index Scan using movie_id_cast_info on cast_info ci  (cost=0.44..44.50 rows=38 width=12) (actual time=0.035..0.374 rows=41 loops=38390)
                           Index Cond: (movie_id = t.id)
                           Buffers: shared hit=1551071 read=96197
               ->  Hash  (cost=1.15..1.15 rows=2 width=4) (actual time=0.039..0.040 rows=2 loops=1)
                     Buckets: 1024  Batches: 1  Memory Usage: 9kB
                     Buffers: shared hit=1
                     ->  Seq Scan on role_type rt  (cost=0.00..1.15 rows=2 width=4) (actual time=0.028..0.030 rows=2 loops=1)
                           Filter: ((role)::text = ANY ('{cinematographer,"costume designer"}'::text[]))
                           Rows Removed by Filter: 10
                           Buffers: shared hit=1
         ->  Index Scan using name_pkey on name n  (cost=0.43..2.32 rows=1 width=4) (actual time=0.035..0.035 rows=0 loops=59326)
               Index Cond: (id = ci.person_id)
               Filter: ((gender)::text = 'f'::text)
               Rows Removed by Filter: 1
               Buffers: shared hit=233046 read=4258
 Planning:
   Buffers: shared hit=574
 Planning Time: 12.699 ms
 Execution Time: 26070.761 ms
(73 rows)

