                                                                                                                QUERY PLAN                                                                                                                
------------------------------------------------------------------------------------------------------------------------------------------------------------------------------------------------------------------------------------------
 Aggregate  (cost=500137.93..500137.94 rows=1 width=8) (actual time=6048.467..6048.474 rows=1 loops=1)
   Buffers: shared hit=495810 read=132594
   ->  Nested Loop  (cost=4697.64..500137.92 rows=2 width=0) (actual time=21.849..6043.688 rows=31019 loops=1)
         Buffers: shared hit=495810 read=132594
         ->  Seq Scan on info_type it2  (cost=0.00..2.41 rows=1 width=4) (actual time=0.039..0.049 rows=1 loops=1)
               Filter: (id = 5)
               Rows Removed by Filter: 112
               Buffers: shared hit=1
         ->  Nested Loop  (cost=4697.64..500135.49 rows=2 width=4) (actual time=21.808..6038.436 rows=31019 loops=1)
               Buffers: shared hit=495809 read=132594
               ->  Seq Scan on info_type it1  (cost=0.00..2.41 rows=1 width=4) (actual time=0.010..0.021 rows=1 loops=1)
                     Filter: (id = 3)
                     Rows Removed by Filter: 112
                     Buffers: shared hit=1
               ->  Nested Loop  (cost=4697.64..500133.06 rows=2 width=8) (actual time=21.795..6032.574 rows=31019 loops=1)
                     Buffers: shared hit=495808 read=132594
                     ->  Hash Join  (cost=4697.21..500109.86 rows=10 width=12) (actual time=21.753..5008.750 rows=31034 loops=1)
                           Hash Cond: (ci.role_id = rt.id)
                           Buffers: shared hit=383345 read=120921
                           ->  Nested Loop  (cost=4696.05..500108.29 rows=115 width=16) (actual time=20.866..4975.831 rows=174332 loops=1)
                                 Buffers: shared hit=383344 read=120921
                                 ->  Nested Loop  (cost=4695.61..499758.70 rows=8 width=20) (actual time=20.824..3190.291 rows=4874 loops=1)
                                       Buffers: shared hit=251808 read=68648
                                       ->  Hash Join  (cost=4695.17..485864.06 rows=327 width=12) (actual time=20.144..2592.871 rows=3640 loops=1)
                                             Hash Cond: (t.kind_id = kt.id)
                                             Buffers: shared hit=224255 read=42010
                                             ->  Nested Loop  (cost=4694.04..485859.71 rows=764 width=16) (actual time=20.104..2581.868 rows=51933 loops=1)
                                                   Buffers: shared hit=224254 read=42010
                                                   ->  Bitmap Heap Scan on movie_info mi2  (cost=4693.61..477951.50 rows=964 width=8) (actual time=19.848..546.608 rows=61673 loops=1)
                                                         Recheck Cond: (info_type_id = 5)
                                                         Filter: ((info)::text = ANY ('{Argentina:Atp,Belgium:KT,Canada:PG,Finland:K-18,Iceland:L,"New Zealand:R16",Norway:18,Singapore:PG,Singapore:R21,Switzerland:12,USA:X}'::text[]))
                                                         Rows Removed by Filter: 424881
                                                         Heap Blocks: exact=19164
                                                         Buffers: shared hit=1889 read=17683
                                                         ->  Bitmap Index Scan on info_type_id_movie_info  (cost=0.00..4693.37 rows=439058 width=0) (actual time=16.884..16.884 rows=486554 loops=1)
                                                               Index Cond: (info_type_id = 5)
                                                               Buffers: shared read=408
                                                   ->  Index Scan using title_pkey on title t  (cost=0.43..8.20 rows=1 width=8) (actual time=0.032..0.032 rows=1 loops=61673)
                                                         Index Cond: (id = mi2.movie_id)
                                                         Filter: ((production_year <= 2015) AND (1975 < production_year))
                                                         Rows Removed by Filter: 0
                                                         Buffers: shared hit=222365 read=24327
                                             ->  Hash  (cost=1.10..1.10 rows=3 width=4) (actual time=0.014..0.015 rows=3 loops=1)
                                                   Buckets: 1024  Batches: 1  Memory Usage: 9kB
                                                   Buffers: shared hit=1
                                                   ->  Seq Scan on kind_type kt  (cost=0.00..1.10 rows=3 width=4) (actual time=0.007..0.009 rows=3 loops=1)
                                                         Filter: ((kind)::text = ANY ('{"tv movie","tv series","video game"}'::text[]))
                                                         Rows Removed by Filter: 4
                                                         Buffers: shared hit=1
                                       ->  Index Scan using movie_id_movie_info on movie_info mi1  (cost=0.43..42.48 rows=1 width=8) (actual time=0.160..0.163 rows=1 loops=3640)
                                             Index Cond: (movie_id = t.id)
                                             Filter: ((info_type_id = 3) AND ((info)::text = ANY ('{Adventure,Comedy,Crime,Drama,Family,Romance,Thriller}'::text[])))
                                             Rows Removed by Filter: 38
                                             Buffers: shared hit=27553 read=26638
                                 ->  Index Scan using movie_id_cast_info on cast_info ci  (cost=0.44..43.32 rows=38 width=12) (actual time=0.036..0.357 rows=36 loops=4874)
                                       Index Cond: (movie_id = t.id)
                                       Buffers: shared hit=131536 read=52273
                           ->  Hash  (cost=1.15..1.15 rows=1 width=4) (actual time=0.013..0.014 rows=1 loops=1)
                                 Buckets: 1024  Batches: 1  Memory Usage: 9kB
                                 Buffers: shared hit=1
                                 ->  Seq Scan on role_type rt  (cost=0.00..1.15 rows=1 width=4) (actual time=0.007..0.009 rows=1 loops=1)
                                       Filter: ((role)::text = 'actress'::text)
                                       Rows Removed by Filter: 11
                                       Buffers: shared hit=1
                     ->  Index Scan using name_pkey on name n  (cost=0.43..2.32 rows=1 width=4) (actual time=0.032..0.032 rows=1 loops=31034)
                           Index Cond: (id = ci.person_id)
                           Filter: ((gender)::text = 'f'::text)
                           Rows Removed by Filter: 0
                           Buffers: shared hit=112463 read=11673
 Planning:
   Buffers: shared hit=484 read=90
 Planning Time: 13.448 ms
 Execution Time: 6049.069 ms
(73 rows)

