                                                                                             QUERY PLAN                                                                                              
-----------------------------------------------------------------------------------------------------------------------------------------------------------------------------------------------------
 Aggregate  (cost=345092.03..345092.04 rows=1 width=8) (actual time=395.303..395.308 rows=1 loops=1)
   Buffers: shared hit=20069 read=18053
   ->  Nested Loop  (cost=4697.42..345092.02 rows=1 width=0) (actual time=199.215..395.300 rows=7 loops=1)
         Buffers: shared hit=20069 read=18053
         ->  Hash Join  (cost=4696.99..345087.38 rows=2 width=4) (actual time=122.150..390.959 rows=193 loops=1)
               Hash Cond: (ci.role_id = rt.id)
               Buffers: shared hit=19514 read=17836
               ->  Nested Loop  (cost=4695.81..345086.16 rows=14 width=8) (actual time=121.903..390.673 rows=2194 loops=1)
                     Buffers: shared hit=19513 read=17836
                     ->  Nested Loop  (cost=4695.37..345042.50 rows=1 width=12) (actual time=121.866..371.213 rows=62 loops=1)
                           Buffers: shared hit=18115 read=16899
                           ->  Nested Loop  (cost=4695.37..345040.08 rows=1 width=16) (actual time=121.861..370.674 rows=62 loops=1)
                                 Buffers: shared hit=18053 read=16899
                                 ->  Nested Loop  (cost=4695.37..345037.66 rows=1 width=20) (actual time=121.844..370.079 rows=62 loops=1)
                                       Buffers: shared hit=17991 read=16899
                                       ->  Hash Join  (cost=4694.94..344657.77 rows=9 width=12) (actual time=121.668..356.898 rows=90 loops=1)
                                             Hash Cond: (t.kind_id = kt.id)
                                             Buffers: shared hit=17245 read=16320
                                             ->  Nested Loop  (cost=4693.81..344656.55 rows=21 width=16) (actual time=34.060..356.464 rows=3498 loops=1)
                                                   Buffers: shared hit=17244 read=16320
                                                   ->  Bitmap Heap Scan on movie_info mi2  (cost=4693.38..344470.60 rows=22 width=8) (actual time=33.996..270.223 rows=3498 loops=1)
                                                         Recheck Cond: (info_type_id = 5)
                                                         Filter: ((info)::text = ANY ('{Australia:R,Switzerland:16}'::text[]))
                                                         Rows Removed by Filter: 483056
                                                         Heap Blocks: exact=19164
                                                         Buffers: shared hit=3460 read=16112
                                                         ->  Bitmap Index Scan on info_type_id_movie_info  (cost=0.00..4693.37 rows=439058 width=0) (actual time=16.764..16.765 rows=486554 loops=1)
                                                               Index Cond: (info_type_id = 5)
                                                               Buffers: shared read=408
                                                   ->  Index Scan using title_pkey on title t  (cost=0.43..8.45 rows=1 width=8) (actual time=0.024..0.024 rows=1 loops=3498)
                                                         Index Cond: (id = mi2.movie_id)
                                                         Filter: ((production_year <= 2015) AND (1925 < production_year))
                                                         Buffers: shared hit=13784 read=208
                                             ->  Hash  (cost=1.10..1.10 rows=3 width=4) (actual time=0.020..0.020 rows=3 loops=1)
                                                   Buckets: 1024  Batches: 1  Memory Usage: 9kB
                                                   Buffers: shared hit=1
                                                   ->  Seq Scan on kind_type kt  (cost=0.00..1.10 rows=3 width=4) (actual time=0.008..0.010 rows=3 loops=1)
                                                         Filter: ((kind)::text = ANY ('{"tv movie","tv series","video game"}'::text[]))
                                                         Rows Removed by Filter: 4
                                                         Buffers: shared hit=1
                                       ->  Index Scan using movie_id_movie_info on movie_info mi1  (cost=0.43..42.20 rows=1 width=8) (actual time=0.145..0.146 rows=1 loops=90)
                                             Index Cond: (movie_id = t.id)
                                             Filter: (((info)::text = ANY ('{Drama,Horror}'::text[])) AND (info_type_id = 3))
                                             Rows Removed by Filter: 33
                                             Buffers: shared hit=746 read=579
                                 ->  Seq Scan on info_type it1  (cost=0.00..2.41 rows=1 width=4) (actual time=0.004..0.008 rows=1 loops=62)
                                       Filter: (id = 3)
                                       Rows Removed by Filter: 112
                                       Buffers: shared hit=62
                           ->  Seq Scan on info_type it2  (cost=0.00..2.41 rows=1 width=4) (actual time=0.003..0.008 rows=1 loops=62)
                                 Filter: (id = 5)
                                 Rows Removed by Filter: 112
                                 Buffers: shared hit=62
                     ->  Index Scan using movie_id_cast_info on cast_info ci  (cost=0.44..43.28 rows=38 width=12) (actual time=0.020..0.309 rows=35 loops=62)
                           Index Cond: (movie_id = t.id)
                           Buffers: shared hit=1398 read=937
               ->  Hash  (cost=1.15..1.15 rows=2 width=4) (actual time=0.032..0.033 rows=2 loops=1)
                     Buckets: 1024  Batches: 1  Memory Usage: 9kB
                     Buffers: shared hit=1
                     ->  Seq Scan on role_type rt  (cost=0.00..1.15 rows=2 width=4) (actual time=0.024..0.026 rows=2 loops=1)
                           Filter: ((role)::text = ANY ('{director,writer}'::text[]))
                           Rows Removed by Filter: 10
                           Buffers: shared hit=1
         ->  Index Scan using name_pkey on name n  (cost=0.43..2.32 rows=1 width=4) (actual time=0.022..0.022 rows=0 loops=193)
               Index Cond: (id = ci.person_id)
               Filter: ((gender)::text = 'f'::text)
               Rows Removed by Filter: 1
               Buffers: shared hit=555 read=217
 Planning:
   Buffers: shared hit=507 read=67
 Planning Time: 13.685 ms
 Execution Time: 395.838 ms
(72 rows)

