                                                                                             QUERY PLAN                                                                                              
-----------------------------------------------------------------------------------------------------------------------------------------------------------------------------------------------------
 Aggregate  (cost=405265.73..405265.74 rows=1 width=8) (actual time=43881.111..43881.117 rows=1 loops=1)
   Buffers: shared hit=4194165 read=386999
   ->  Nested Loop  (cost=4697.43..405265.73 rows=1 width=0) (actual time=38.364..43848.608 rows=175478 loops=1)
         Buffers: shared hit=4194165 read=386999
         ->  Hash Join  (cost=4697.00..405261.09 rows=2 width=4) (actual time=37.944..20925.592 rows=634252 loops=1)
               Hash Cond: (ci.role_id = rt.id)
               Buffers: shared hit=1717817 read=326339
               ->  Nested Loop  (cost=4695.83..405259.86 rows=14 width=8) (actual time=32.171..20486.628 rows=1552951 loops=1)
                     Buffers: shared hit=1717816 read=326339
                     ->  Nested Loop  (cost=4695.39..405216.13 rows=1 width=12) (actual time=32.131..5734.865 rows=17221 loops=1)
                           Buffers: shared hit=379969 read=104904
                           ->  Nested Loop  (cost=4695.39..405213.71 rows=1 width=16) (actual time=32.126..5347.081 rows=17221 loops=1)
                                 Buffers: shared hit=362748 read=104904
                                 ->  Nested Loop  (cost=4695.39..405211.28 rows=1 width=20) (actual time=32.107..4948.490 rows=17221 loops=1)
                                       Buffers: shared hit=345527 read=104904
                                       ->  Hash Join  (cost=4694.95..404363.00 rows=20 width=12) (actual time=23.316..1387.150 rows=17221 loops=1)
                                             Hash Cond: (t.kind_id = kt.id)
                                             Buffers: shared hit=108028 read=15569
                                             ->  Nested Loop  (cost=4693.82..404361.66 rows=46 width=16) (actual time=21.874..1376.067 rows=18895 loops=1)
                                                   Buffers: shared hit=108027 read=15569
                                                   ->  Bitmap Heap Scan on movie_info mi2  (cost=4693.39..403795.35 rows=67 width=8) (actual time=21.780..420.411 rows=26006 loops=1)
                                                         Recheck Cond: (info_type_id = 5)
                                                         Filter: ((info)::text = ANY ('{"Hong Kong:IIB",Iceland:L,Malaysia:U,Singapore:PG,UK:12A,"USA:Not Rated"}'::text[]))
                                                         Rows Removed by Filter: 460548
                                                         Heap Blocks: exact=19164
                                                         Buffers: shared hit=16965 read=2607
                                                         ->  Bitmap Index Scan on info_type_id_movie_info  (cost=0.00..4693.37 rows=439058 width=0) (actual time=17.827..17.828 rows=486554 loops=1)
                                                               Index Cond: (info_type_id = 5)
                                                               Buffers: shared hit=408
                                                   ->  Index Scan using title_pkey on title t  (cost=0.43..8.45 rows=1 width=8) (actual time=0.036..0.036 rows=1 loops=26006)
                                                         Index Cond: (id = mi2.movie_id)
                                                         Filter: ((production_year <= 2015) AND (1990 < production_year))
                                                         Rows Removed by Filter: 0
                                                         Buffers: shared hit=91062 read=12962
                                             ->  Hash  (cost=1.10..1.10 rows=3 width=4) (actual time=0.017..0.018 rows=3 loops=1)
                                                   Buckets: 1024  Batches: 1  Memory Usage: 9kB
                                                   Buffers: shared hit=1
                                                   ->  Seq Scan on kind_type kt  (cost=0.00..1.10 rows=3 width=4) (actual time=0.009..0.011 rows=3 loops=1)
                                                         Filter: ((kind)::text = ANY ('{episode,movie,"video movie"}'::text[]))
                                                         Rows Removed by Filter: 4
                                                         Buffers: shared hit=1
                                       ->  Index Scan using movie_id_movie_info on movie_info mi1  (cost=0.43..42.40 rows=1 width=8) (actual time=0.205..0.206 rows=1 loops=17221)
                                             Index Cond: (movie_id = t.id)
                                             Filter: ((info_type_id = 3) AND ((info)::text = ANY ('{Action,Drama,Family,Romance,Thriller}'::text[])))
                                             Rows Removed by Filter: 89
                                             Buffers: shared hit=237499 read=89335
                                 ->  Seq Scan on info_type it1  (cost=0.00..2.41 rows=1 width=4) (actual time=0.011..0.021 rows=1 loops=17221)
                                       Filter: (id = 3)
                                       Rows Removed by Filter: 112
                                       Buffers: shared hit=17221
                           ->  Seq Scan on info_type it2  (cost=0.00..2.41 rows=1 width=4) (actual time=0.010..0.020 rows=1 loops=17221)
                                 Filter: (id = 5)
                                 Rows Removed by Filter: 112
                                 Buffers: shared hit=17221
                     ->  Index Scan using movie_id_cast_info on cast_info ci  (cost=0.44..43.36 rows=38 width=12) (actual time=0.037..0.831 rows=90 loops=17221)
                           Index Cond: (movie_id = t.id)
                           Buffers: shared hit=1337847 read=221435
               ->  Hash  (cost=1.15..1.15 rows=2 width=4) (actual time=0.034..0.035 rows=2 loops=1)
                     Buckets: 1024  Batches: 1  Memory Usage: 9kB
                     Buffers: shared hit=1
                     ->  Seq Scan on role_type rt  (cost=0.00..1.15 rows=2 width=4) (actual time=0.026..0.028 rows=2 loops=1)
                           Filter: ((role)::text = ANY ('{cinematographer,"miscellaneous crew"}'::text[]))
                           Rows Removed by Filter: 10
                           Buffers: shared hit=1
         ->  Index Scan using name_pkey on name n  (cost=0.43..2.32 rows=1 width=4) (actual time=0.036..0.036 rows=0 loops=634252)
               Index Cond: (id = ci.person_id)
               Filter: ((gender)::text = ANY ('{f,m}'::text[]))
               Rows Removed by Filter: 1
               Buffers: shared hit=2476348 read=60660
 Planning:
   Buffers: shared hit=574
 Planning Time: 14.562 ms
 Execution Time: 43881.758 ms
(73 rows)

