                                                                                                  QUERY PLAN                                                                                                   
---------------------------------------------------------------------------------------------------------------------------------------------------------------------------------------------------------------
 Aggregate  (cost=475717.89..475717.90 rows=1 width=8) (actual time=5501.729..5501.736 rows=1 loops=1)
   Buffers: shared hit=490943 read=81991
   ->  Nested Loop  (cost=4697.67..475717.88 rows=1 width=0) (actual time=40.981..5496.941 rows=31878 loops=1)
         Buffers: shared hit=490943 read=81991
         ->  Hash Join  (cost=4697.24..475715.56 rows=1 width=4) (actual time=40.926..4382.677 rows=31878 loops=1)
               Hash Cond: (ci.role_id = rt.id)
               Buffers: shared hit=373563 read=71859
               ->  Nested Loop  (cost=4696.08..475714.35 rows=14 width=8) (actual time=40.861..4363.864 rows=71543 loops=1)
                     Buffers: shared hit=373562 read=71859
                     ->  Nested Loop  (cost=4695.64..475669.98 rows=1 width=12) (actual time=40.814..3580.984 rows=1760 loops=1)
                           Buffers: shared hit=318486 read=50914
                           ->  Nested Loop  (cost=4695.64..475667.56 rows=1 width=16) (actual time=40.807..3542.261 rows=1760 loops=1)
                                 Buffers: shared hit=316726 read=50914
                                 ->  Nested Loop  (cost=4695.64..475665.14 rows=1 width=20) (actual time=40.770..3506.399 rows=1760 loops=1)
                                       Buffers: shared hit=314966 read=50914
                                       ->  Hash Join  (cost=4695.20..472583.88 rows=72 width=12) (actual time=40.652..3149.887 rows=2137 loops=1)
                                             Hash Cond: (t.kind_id = kt.id)
                                             Buffers: shared hit=296562 read=38603
                                             ->  Nested Loop  (cost=4694.09..472581.71 rows=251 width=16) (actual time=20.895..3141.615 rows=35655 loops=1)
                                                   Buffers: shared hit=296561 read=38603
                                                   ->  Bitmap Heap Scan on movie_info mi2  (cost=4693.66..463120.36 rows=1161 width=8) (actual time=20.560..529.896 rows=78898 loops=1)
                                                         Recheck Cond: (info_type_id = 5)
                                                         Filter: ((info)::text = ANY ('{Australia:M,Finland:K-16,Finland:S,Iceland:12,Iceland:16,Iceland:L,Sweden:15,UK:18,USA:R,"West Germany:12"}'::text[]))
                                                         Rows Removed by Filter: 407656
                                                         Heap Blocks: exact=19164
                                                         Buffers: shared hit=699 read=18873
                                                         ->  Bitmap Index Scan on info_type_id_movie_info  (cost=0.00..4693.37 rows=439058 width=0) (actual time=17.881..17.881 rows=486554 loops=1)
                                                               Index Cond: (info_type_id = 5)
                                                               Buffers: shared read=408
                                                   ->  Index Scan using title_pkey on title t  (cost=0.43..8.15 rows=1 width=8) (actual time=0.033..0.033 rows=0 loops=78898)
                                                         Index Cond: (id = mi2.movie_id)
                                                         Filter: ((production_year <= 1990) AND (1950 < production_year))
                                                         Rows Removed by Filter: 1
                                                         Buffers: shared hit=295862 read=19730
                                             ->  Hash  (cost=1.09..1.09 rows=2 width=4) (actual time=0.018..0.019 rows=2 loops=1)
                                                   Buckets: 1024  Batches: 1  Memory Usage: 9kB
                                                   Buffers: shared hit=1
                                                   ->  Seq Scan on kind_type kt  (cost=0.00..1.09 rows=2 width=4) (actual time=0.010..0.011 rows=2 loops=1)
                                                         Filter: ((kind)::text = ANY ('{episode,"tv movie"}'::text[]))
                                                         Rows Removed by Filter: 5
                                                         Buffers: shared hit=1
                                       ->  Index Scan using movie_id_movie_info on movie_info mi1  (cost=0.43..42.79 rows=1 width=8) (actual time=0.165..0.166 rows=1 loops=2137)
                                             Index Cond: (movie_id = t.id)
                                             Filter: ((info_type_id = 3) AND ((info)::text = ANY ('{Comedy,Drama,Horror,Thriller}'::text[])))
                                             Rows Removed by Filter: 21
                                             Buffers: shared hit=18404 read=12311
                                 ->  Seq Scan on info_type it1  (cost=0.00..2.41 rows=1 width=4) (actual time=0.009..0.018 rows=1 loops=1760)
                                       Filter: (id = 3)
                                       Rows Removed by Filter: 112
                                       Buffers: shared hit=1760
                           ->  Seq Scan on info_type it2  (cost=0.00..2.41 rows=1 width=4) (actual time=0.011..0.020 rows=1 loops=1760)
                                 Filter: (id = 5)
                                 Rows Removed by Filter: 112
                                 Buffers: shared hit=1760
                     ->  Index Scan using movie_id_cast_info on cast_info ci  (cost=0.44..43.99 rows=38 width=12) (actual time=0.038..0.434 rows=41 loops=1760)
                           Index Cond: (movie_id = t.id)
                           Buffers: shared hit=55076 read=20945
               ->  Hash  (cost=1.15..1.15 rows=1 width=4) (actual time=0.038..0.038 rows=1 loops=1)
                     Buckets: 1024  Batches: 1  Memory Usage: 9kB
                     Buffers: shared hit=1
                     ->  Seq Scan on role_type rt  (cost=0.00..1.15 rows=1 width=4) (actual time=0.029..0.032 rows=1 loops=1)
                           Filter: ((role)::text = 'actor'::text)
                           Rows Removed by Filter: 11
                           Buffers: shared hit=1
         ->  Index Scan using name_pkey on name n  (cost=0.43..2.32 rows=1 width=4) (actual time=0.034..0.034 rows=1 loops=31878)
               Index Cond: (id = ci.person_id)
               Filter: ((gender)::text = 'm'::text)
               Buffers: shared hit=117380 read=10132
 Planning:
   Buffers: shared hit=483 read=91
 Planning Time: 14.182 ms
 Execution Time: 5502.422 ms
(72 rows)

