                                                                                             QUERY PLAN                                                                                              
-----------------------------------------------------------------------------------------------------------------------------------------------------------------------------------------------------
 Aggregate  (cost=468699.69..468699.70 rows=1 width=8) (actual time=55649.652..55649.674 rows=1 loops=1)
   Buffers: shared hit=4968065 read=491465
   ->  Nested Loop  (cost=4697.64..468699.68 rows=3 width=0) (actual time=38.000..55530.073 rows=656509 loops=1)
         Buffers: shared hit=4968065 read=491465
         ->  Seq Scan on info_type it2  (cost=0.00..2.41 rows=1 width=4) (actual time=0.047..0.058 rows=1 loops=1)
               Filter: (id = 5)
               Rows Removed by Filter: 112
               Buffers: shared hit=1
         ->  Nested Loop  (cost=4697.64..468697.24 rows=3 width=4) (actual time=37.951..55388.654 rows=656509 loops=1)
               Buffers: shared hit=4968064 read=491465
               ->  Seq Scan on info_type it1  (cost=0.00..2.41 rows=1 width=4) (actual time=0.012..0.025 rows=1 loops=1)
                     Filter: (id = 3)
                     Rows Removed by Filter: 112
                     Buffers: shared hit=1
               ->  Nested Loop  (cost=4697.64..468694.80 rows=3 width=8) (actual time=37.936..55234.073 rows=656509 loops=1)
                     Buffers: shared hit=4968063 read=491465
                     ->  Hash Join  (cost=4697.21..468678.56 rows=7 width=12) (actual time=37.888..30420.450 rows=656509 loops=1)
                           Hash Cond: (ci.role_id = rt.id)
                           Buffers: shared hit=2396787 read=436705
                           ->  Nested Loop  (cost=4696.05..468677.10 rows=86 width=16) (actual time=37.847..29844.602 rows=2025981 loops=1)
                                 Buffers: shared hit=2396786 read=436705
                                 ->  Nested Loop  (cost=4695.61..468414.68 rows=6 width=20) (actual time=37.797..9055.546 rows=23121 loops=1)
                                       Buffers: shared hit=642836 read=150398
                                       ->  Hash Join  (cost=4695.18..456256.46 rows=287 width=12) (actual time=21.413..2781.055 rows=32147 loops=1)
                                             Hash Cond: (t.kind_id = kt.id)
                                             Buffers: shared hit=193417 read=42588
                                             ->  Nested Loop  (cost=4694.04..456252.51 rows=669 width=16) (actual time=20.737..2759.262 rows=37501 loops=1)
                                                   Buffers: shared hit=193416 read=42588
                                                   ->  Bitmap Heap Scan on movie_info mi2  (cost=4693.61..448289.13 rows=971 width=8) (actual time=20.598..628.273 rows=54108 loops=1)
                                                         Recheck Cond: (info_type_id = 5)
                                                         Filter: ((info)::text = ANY ('{Argentina:Atp,Australia:M,France:U,Germany:18,Iceland:12,Iceland:16,India:U,Netherlands:16,UK:12}'::text[]))
                                                         Rows Removed by Filter: 432446
                                                         Heap Blocks: exact=19164
                                                         Buffers: shared hit=3764 read=15808
                                                         ->  Bitmap Index Scan on info_type_id_movie_info  (cost=0.00..4693.37 rows=439058 width=0) (actual time=18.010..18.011 rows=486554 loops=1)
                                                               Index Cond: (info_type_id = 5)
                                                               Buffers: shared read=408
                                                   ->  Index Scan using title_pkey on title t  (cost=0.43..8.20 rows=1 width=8) (actual time=0.039..0.039 rows=1 loops=54108)
                                                         Index Cond: (id = mi2.movie_id)
                                                         Filter: ((production_year <= 2015) AND (1990 < production_year))
                                                         Rows Removed by Filter: 0
                                                         Buffers: shared hit=189652 read=26780
                                             ->  Hash  (cost=1.10..1.10 rows=3 width=4) (actual time=0.018..0.032 rows=3 loops=1)
                                                   Buckets: 1024  Batches: 1  Memory Usage: 9kB
                                                   Buffers: shared hit=1
                                                   ->  Seq Scan on kind_type kt  (cost=0.00..1.10 rows=3 width=4) (actual time=0.009..0.012 rows=3 loops=1)
                                                         Filter: ((kind)::text = ANY ('{episode,movie,"video movie"}'::text[]))
                                                         Rows Removed by Filter: 4
                                                         Buffers: shared hit=1
                                       ->  Index Scan using movie_id_movie_info on movie_info mi1  (cost=0.43..42.35 rows=1 width=8) (actual time=0.193..0.194 rows=1 loops=32147)
                                             Index Cond: (movie_id = t.id)
                                             Filter: ((info_type_id = 3) AND ((info)::text = ANY ('{Action,Comedy,Drama,Family}'::text[])))
                                             Rows Removed by Filter: 72
                                             Buffers: shared hit=449419 read=107810
                                 ->  Index Scan using movie_id_cast_info on cast_info ci  (cost=0.44..43.36 rows=38 width=12) (actual time=0.041..0.872 rows=88 loops=23121)
                                       Index Cond: (movie_id = t.id)
                                       Buffers: shared hit=1753950 read=286307
                           ->  Hash  (cost=1.15..1.15 rows=1 width=4) (actual time=0.017..0.018 rows=1 loops=1)
                                 Buckets: 1024  Batches: 1  Memory Usage: 9kB
                                 Buffers: shared hit=1
                                 ->  Seq Scan on role_type rt  (cost=0.00..1.15 rows=1 width=4) (actual time=0.009..0.012 rows=1 loops=1)
                                       Filter: ((role)::text = 'actor'::text)
                                       Rows Removed by Filter: 11
                                       Buffers: shared hit=1
                     ->  Index Scan using name_pkey on name n  (cost=0.43..2.32 rows=1 width=4) (actual time=0.037..0.037 rows=1 loops=656509)
                           Index Cond: (id = ci.person_id)
                           Filter: ((gender)::text = 'm'::text)
                           Buffers: shared hit=2571276 read=54760
 Planning:
   Buffers: shared hit=483 read=91
 Planning Time: 14.301 ms
 Execution Time: 55650.347 ms
(72 rows)

