                                                                                             QUERY PLAN                                                                                              
-----------------------------------------------------------------------------------------------------------------------------------------------------------------------------------------------------
 Aggregate  (cost=344752.19..344752.20 rows=1 width=8) (actual time=1468.584..1468.591 rows=1 loops=1)
   Buffers: shared hit=116766 read=33354
   ->  Nested Loop  (cost=4696.41..344752.19 rows=1 width=0) (actual time=262.607..1468.478 rows=580 loops=1)
         Buffers: shared hit=116766 read=33354
         ->  Nested Loop  (cost=4695.98..344749.87 rows=1 width=4) (actual time=262.562..1442.226 rows=580 loops=1)
               Buffers: shared hit=114547 read=33253
               ->  Nested Loop  (cost=4695.98..344747.45 rows=1 width=8) (actual time=262.556..1431.482 rows=580 loops=1)
                     Buffers: shared hit=113967 read=33253
                     ->  Nested Loop  (cost=4695.98..344745.02 rows=1 width=12) (actual time=262.537..1422.770 rows=580 loops=1)
                           Join Filter: (t.id = mi1.movie_id)
                           Buffers: shared hit=113387 read=33253
                           ->  Hash Join  (cost=4695.54..344702.90 rows=1 width=20) (actual time=36.593..1037.340 rows=2981 loops=1)
                                 Hash Cond: (ci.role_id = rt.id)
                                 Buffers: shared hit=67166 read=31581
                                 ->  Nested Loop  (cost=4694.38..344701.69 rows=14 width=24) (actual time=36.545..1035.347 rows=6349 loops=1)
                                       Buffers: shared hit=67165 read=31581
                                       ->  Nested Loop  (cost=4693.94..344657.31 rows=1 width=12) (actual time=36.496..935.980 rows=207 loops=1)
                                             Buffers: shared hit=63915 read=27917
                                             ->  Nested Loop  (cost=4693.81..344656.55 rows=5 width=16) (actual time=21.834..812.326 rows=8902 loops=1)
                                                   Buffers: shared hit=46111 read=27917
                                                   ->  Bitmap Heap Scan on movie_info mi2  (cost=4693.38..344470.60 rows=22 width=8) (actual time=21.789..345.422 rows=13614 loops=1)
                                                         Recheck Cond: (info_type_id = 5)
                                                         Filter: ((info)::text = ANY ('{Sweden:15,"West Germany:12"}'::text[]))
                                                         Rows Removed by Filter: 472940
                                                         Heap Blocks: exact=19164
                                                         Buffers: shared hit=899 read=18673
                                                         ->  Bitmap Index Scan on info_type_id_movie_info  (cost=0.00..4693.37 rows=439058 width=0) (actual time=16.305..16.305 rows=486554 loops=1)
                                                               Index Cond: (info_type_id = 5)
                                                               Buffers: shared read=408
                                                   ->  Index Scan using title_pkey on title t  (cost=0.43..8.45 rows=1 width=8) (actual time=0.034..0.034 rows=1 loops=13614)
                                                         Index Cond: (id = mi2.movie_id)
                                                         Filter: ((production_year <= 1990) AND (1950 < production_year))
                                                         Rows Removed by Filter: 0
                                                         Buffers: shared hit=45212 read=9244
                                             ->  Index Scan using kind_type_pkey on kind_type kt  (cost=0.13..0.15 rows=1 width=4) (actual time=0.013..0.013 rows=0 loops=8902)
                                                   Index Cond: (id = t.kind_id)
                                                   Filter: ((kind)::text = ANY ('{episode,"tv movie"}'::text[]))
                                                   Rows Removed by Filter: 1
                                                   Buffers: shared hit=17804
                                       ->  Index Scan using movie_id_cast_info on cast_info ci  (cost=0.44..43.99 rows=38 width=12) (actual time=0.039..0.471 rows=31 loops=207)
                                             Index Cond: (movie_id = t.id)
                                             Buffers: shared hit=3250 read=3664
                                 ->  Hash  (cost=1.15..1.15 rows=1 width=4) (actual time=0.027..0.027 rows=1 loops=1)
                                       Buckets: 1024  Batches: 1  Memory Usage: 9kB
                                       Buffers: shared hit=1
                                       ->  Seq Scan on role_type rt  (cost=0.00..1.15 rows=1 width=4) (actual time=0.021..0.022 rows=1 loops=1)
                                             Filter: ((role)::text = 'actor'::text)
                                             Rows Removed by Filter: 11
                                             Buffers: shared hit=1
                           ->  Index Scan using movie_id_movie_info on movie_info mi1  (cost=0.43..42.11 rows=1 width=8) (actual time=0.129..0.129 rows=0 loops=2981)
                                 Index Cond: (movie_id = ci.movie_id)
                                 Filter: ((info_type_id = 3) AND ((info)::text = ANY ('{Adventure,Romance,Western}'::text[])))
                                 Rows Removed by Filter: 34
                                 Buffers: shared hit=46221 read=1672
                     ->  Seq Scan on info_type it1  (cost=0.00..2.41 rows=1 width=4) (actual time=0.006..0.013 rows=1 loops=580)
                           Filter: (id = 3)
                           Rows Removed by Filter: 112
                           Buffers: shared hit=580
               ->  Seq Scan on info_type it2  (cost=0.00..2.41 rows=1 width=4) (actual time=0.010..0.017 rows=1 loops=580)
                     Filter: (id = 5)
                     Rows Removed by Filter: 112
                     Buffers: shared hit=580
         ->  Index Scan using name_pkey on name n  (cost=0.43..2.32 rows=1 width=4) (actual time=0.045..0.045 rows=1 loops=580)
               Index Cond: (id = ci.person_id)
               Filter: ((gender)::text = 'm'::text)
               Buffers: shared hit=2219 read=101
 Planning:
   Buffers: shared hit=484 read=90
 Planning Time: 11.762 ms
 Execution Time: 1469.101 ms
(70 rows)

