                                                                                             QUERY PLAN                                                                                              
-----------------------------------------------------------------------------------------------------------------------------------------------------------------------------------------------------
 Aggregate  (cost=363391.85..363391.86 rows=1 width=8) (actual time=1088.751..1088.761 rows=1 loops=1)
   Buffers: shared hit=106828 read=3382
   ->  Nested Loop  (cost=4697.49..363391.84 rows=1 width=0) (actual time=22.843..1088.752 rows=4 loops=1)
         Buffers: shared hit=106828 read=3382
         ->  Hash Join  (cost=4697.06..363389.52 rows=1 width=4) (actual time=22.790..1088.586 rows=6 loops=1)
               Hash Cond: (ci.role_id = rt.id)
               Buffers: shared hit=106810 read=3376
               ->  Nested Loop  (cost=4695.89..363388.31 rows=14 width=8) (actual time=22.642..1088.507 rows=87 loops=1)
                     Buffers: shared hit=106809 read=3376
                     ->  Nested Loop  (cost=4695.45..363343.76 rows=1 width=12) (actual time=22.603..1087.488 rows=14 loops=1)
                           Buffers: shared hit=106773 read=3283
                           ->  Nested Loop  (cost=4695.45..363341.34 rows=1 width=16) (actual time=22.598..1087.341 rows=14 loops=1)
                                 Buffers: shared hit=106759 read=3283
                                 ->  Nested Loop  (cost=4695.45..363338.91 rows=1 width=20) (actual time=22.574..1087.157 rows=14 loops=1)
                                       Buffers: shared hit=106745 read=3283
                                       ->  Hash Join  (cost=4695.02..362182.92 rows=27 width=12) (actual time=22.479..1082.888 rows=57 loops=1)
                                             Hash Cond: (t.kind_id = kt.id)
                                             Buffers: shared hit=106545 read=2832
                                             ->  Nested Loop  (cost=4693.89..362181.52 rows=62 width=16) (actual time=22.418..1078.540 rows=20937 loops=1)
                                                   Buffers: shared hit=106544 read=2832
                                                   ->  Bitmap Heap Scan on movie_info mi2  (cost=4693.46..359301.86 rows=344 width=8) (actual time=21.309..329.616 rows=22451 loops=1)
                                                         Recheck Cond: (info_type_id = 5)
                                                         Filter: ((info)::text = ANY ('{USA:Approved,USA:Passed,"West Germany:12"}'::text[]))
                                                         Rows Removed by Filter: 464103
                                                         Heap Blocks: exact=19164
                                                         Buffers: shared hit=19568 read=4
                                                         ->  Bitmap Index Scan on info_type_id_movie_info  (cost=0.00..4693.37 rows=439058 width=0) (actual time=17.465..17.466 rows=486554 loops=1)
                                                               Index Cond: (info_type_id = 5)
                                                               Buffers: shared hit=408
                                                   ->  Index Scan using title_pkey on title t  (cost=0.43..8.37 rows=1 width=8) (actual time=0.033..0.033 rows=1 loops=22451)
                                                         Index Cond: (id = mi2.movie_id)
                                                         Filter: ((production_year <= 1975) AND (1875 < production_year))
                                                         Rows Removed by Filter: 0
                                                         Buffers: shared hit=86976 read=2828
                                             ->  Hash  (cost=1.10..1.10 rows=3 width=4) (actual time=0.021..0.022 rows=3 loops=1)
                                                   Buckets: 1024  Batches: 1  Memory Usage: 9kB
                                                   Buffers: shared hit=1
                                                   ->  Seq Scan on kind_type kt  (cost=0.00..1.10 rows=3 width=4) (actual time=0.012..0.014 rows=3 loops=1)
                                                         Filter: ((kind)::text = ANY ('{"tv series","video game","video movie"}'::text[]))
                                                         Rows Removed by Filter: 4
                                                         Buffers: shared hit=1
                                       ->  Index Scan using movie_id_movie_info on movie_info mi1  (cost=0.43..42.80 rows=1 width=8) (actual time=0.073..0.074 rows=0 loops=57)
                                             Index Cond: (movie_id = t.id)
                                             Filter: (((info)::text = ANY ('{Drama,Mystery}'::text[])) AND (info_type_id = 3))
                                             Rows Removed by Filter: 11
                                             Buffers: shared hit=200 read=451
                                 ->  Seq Scan on info_type it1  (cost=0.00..2.41 rows=1 width=4) (actual time=0.006..0.011 rows=1 loops=14)
                                       Filter: (id = 3)
                                       Rows Removed by Filter: 112
                                       Buffers: shared hit=14
                           ->  Seq Scan on info_type it2  (cost=0.00..2.41 rows=1 width=4) (actual time=0.004..0.009 rows=1 loops=14)
                                 Filter: (id = 5)
                                 Rows Removed by Filter: 112
                                 Buffers: shared hit=14
                     ->  Index Scan using movie_id_cast_info on cast_info ci  (cost=0.44..44.17 rows=38 width=12) (actual time=0.026..0.071 rows=6 loops=14)
                           Index Cond: (movie_id = t.id)
                           Buffers: shared hit=36 read=93
               ->  Hash  (cost=1.15..1.15 rows=1 width=4) (actual time=0.037..0.037 rows=1 loops=1)
                     Buckets: 1024  Batches: 1  Memory Usage: 9kB
                     Buffers: shared hit=1
                     ->  Seq Scan on role_type rt  (cost=0.00..1.15 rows=1 width=4) (actual time=0.029..0.030 rows=1 loops=1)
                           Filter: ((role)::text = 'director'::text)
                           Rows Removed by Filter: 11
                           Buffers: shared hit=1
         ->  Index Scan using name_pkey on name n  (cost=0.43..2.32 rows=1 width=4) (actual time=0.026..0.026 rows=1 loops=6)
               Index Cond: (id = ci.person_id)
               Filter: ((gender)::text = 'm'::text)
               Rows Removed by Filter: 0
               Buffers: shared hit=18 read=6
 Planning:
   Buffers: shared hit=574
 Planning Time: 13.595 ms
 Execution Time: 1089.458 ms
(73 rows)

