                                                                                                         QUERY PLAN                                                                                                          
-----------------------------------------------------------------------------------------------------------------------------------------------------------------------------------------------------------------------------
 Aggregate  (cost=487096.74..487096.75 rows=1 width=8) (actual time=42305.059..42305.066 rows=1 loops=1)
   Buffers: shared hit=3931904 read=443681
   ->  Nested Loop  (cost=4697.66..487096.73 rows=5 width=0) (actual time=79.241..42295.871 rows=22062 loops=1)
         Buffers: shared hit=3931904 read=443681
         ->  Seq Scan on info_type it2  (cost=0.00..2.41 rows=1 width=4) (actual time=0.048..0.059 rows=1 loops=1)
               Filter: (id = 5)
               Rows Removed by Filter: 112
               Buffers: shared hit=1
         ->  Nested Loop  (cost=4697.66..487094.27 rows=5 width=4) (actual time=79.192..42289.992 rows=22062 loops=1)
               Buffers: shared hit=3931903 read=443681
               ->  Seq Scan on info_type it1  (cost=0.00..2.41 rows=1 width=4) (actual time=0.009..0.022 rows=1 loops=1)
                     Filter: (id = 3)
                     Rows Removed by Filter: 112
                     Buffers: shared hit=1
               ->  Nested Loop  (cost=4697.66..487091.81 rows=5 width=8) (actual time=79.179..42283.549 rows=22062 loops=1)
                     Buffers: shared hit=3931902 read=443681
                     ->  Hash Join  (cost=4697.23..487063.97 rows=12 width=12) (actual time=79.082..40896.661 rows=37848 loops=1)
                           Hash Cond: (ci.role_id = rt.id)
                           Buffers: shared hit=3790351 read=433840
                           ->  Nested Loop  (cost=4696.07..487062.30 rows=143 width=16) (actual time=77.467..40266.607 rows=3311781 loops=1)
                                 Buffers: shared hit=3790350 read=433840
                                 ->  Nested Loop  (cost=4695.63..486625.32 rows=10 width=20) (actual time=77.388..9296.460 rows=36945 loops=1)
                                       Buffers: shared hit=748844 read=139497
                                       ->  Hash Join  (cost=4695.19..471643.99 rows=353 width=12) (actual time=20.140..2619.376 rows=36117 loops=1)
                                             Hash Cond: (t.kind_id = kt.id)
                                             Buffers: shared hit=208983 read=30342
                                             ->  Nested Loop  (cost=4694.06..471639.38 rows=825 width=16) (actual time=19.650..2595.085 rows=42105 loops=1)
                                                   Buffers: shared hit=208982 read=30342
                                                   ->  Bitmap Heap Scan on movie_info mi2  (cost=4693.63..463120.33 rows=1041 width=8) (actual time=19.528..540.363 rows=54938 loops=1)
                                                         Recheck Cond: (info_type_id = 5)
                                                         Filter: ((info)::text = ANY ('{Argentina:Atp,Australia:PG,Finland:S,France:U,Germany:12,Malaysia:U,"New Zealand:M",Singapore:M18,"South Korea:18",UK:PG}'::text[]))
                                                         Rows Removed by Filter: 431616
                                                         Heap Blocks: exact=19164
                                                         Buffers: shared hit=14723 read=4849
                                                         ->  Bitmap Index Scan on info_type_id_movie_info  (cost=0.00..4693.37 rows=439058 width=0) (actual time=16.947..16.947 rows=486554 loops=1)
                                                               Index Cond: (info_type_id = 5)
                                                               Buffers: shared hit=408
                                                   ->  Index Scan using title_pkey on title t  (cost=0.43..8.18 rows=1 width=8) (actual time=0.037..0.037 rows=1 loops=54938)
                                                         Index Cond: (id = mi2.movie_id)
                                                         Filter: ((production_year <= 2015) AND (1975 < production_year))
                                                         Rows Removed by Filter: 0
                                                         Buffers: shared hit=194259 read=25493
                                             ->  Hash  (cost=1.10..1.10 rows=3 width=4) (actual time=0.019..0.020 rows=3 loops=1)
                                                   Buckets: 1024  Batches: 1  Memory Usage: 9kB
                                                   Buffers: shared hit=1
                                                   ->  Seq Scan on kind_type kt  (cost=0.00..1.10 rows=3 width=4) (actual time=0.010..0.012 rows=3 loops=1)
                                                         Filter: ((kind)::text = ANY ('{episode,movie,"video movie"}'::text[]))
                                                         Rows Removed by Filter: 4
                                                         Buffers: shared hit=1
                                       ->  Index Scan using movie_id_movie_info on movie_info mi1  (cost=0.43..42.43 rows=1 width=8) (actual time=0.183..0.184 rows=1 loops=36117)
                                             Index Cond: (movie_id = t.id)
                                             Filter: ((info_type_id = 3) AND ((info)::text = ANY ('{Action,Comedy,Documentary,Drama,Romance,Thriller}'::text[])))
                                             Rows Removed by Filter: 82
                                             Buffers: shared hit=539861 read=109155
                                 ->  Index Scan using movie_id_cast_info on cast_info ci  (cost=0.44..43.32 rows=38 width=12) (actual time=0.037..0.813 rows=90 loops=36945)
                                       Index Cond: (movie_id = t.id)
                                       Buffers: shared hit=3041506 read=294343
                           ->  Hash  (cost=1.15..1.15 rows=1 width=4) (actual time=0.019..0.020 rows=1 loops=1)
                                 Buckets: 1024  Batches: 1  Memory Usage: 9kB
                                 Buffers: shared hit=1
                                 ->  Seq Scan on role_type rt  (cost=0.00..1.15 rows=1 width=4) (actual time=0.011..0.012 rows=1 loops=1)
                                       Filter: ((role)::text = 'cinematographer'::text)
                                       Rows Removed by Filter: 11
                                       Buffers: shared hit=1
                     ->  Index Scan using name_pkey on name n  (cost=0.43..2.32 rows=1 width=4) (actual time=0.036..0.036 rows=1 loops=37848)
                           Index Cond: (id = ci.person_id)
                           Filter: ((gender)::text = 'm'::text)
                           Rows Removed by Filter: 0
                           Buffers: shared hit=141551 read=9841
 Planning:
   Buffers: shared hit=574
 Planning Time: 13.285 ms
 Execution Time: 42305.792 ms
(73 rows)

