                                                                                                     QUERY PLAN                                                                                                     
--------------------------------------------------------------------------------------------------------------------------------------------------------------------------------------------------------------------
 Aggregate  (cost=514410.66..514410.67 rows=1 width=8) (actual time=117855.858..117855.865 rows=1 loops=1)
   Buffers: shared hit=11490027 read=792153
   ->  Nested Loop  (cost=4697.92..514410.63 rows=11 width=0) (actual time=40.701..117681.895 rows=928746 loops=1)
         Buffers: shared hit=11490027 read=792153
         ->  Seq Scan on info_type it2  (cost=0.00..2.41 rows=1 width=4) (actual time=0.049..0.058 rows=1 loops=1)
               Filter: (id = 5)
               Rows Removed by Filter: 112
               Buffers: shared hit=1
         ->  Nested Loop  (cost=4697.92..514408.11 rows=11 width=4) (actual time=40.650..117475.012 rows=928746 loops=1)
               Buffers: shared hit=11490026 read=792153
               ->  Seq Scan on info_type it1  (cost=0.00..2.41 rows=1 width=4) (actual time=0.009..0.020 rows=1 loops=1)
                     Filter: (id = 3)
                     Rows Removed by Filter: 112
                     Buffers: shared hit=1
               ->  Nested Loop  (cost=4697.92..514405.59 rows=11 width=8) (actual time=40.638..117256.765 rows=928746 loops=1)
                     Buffers: shared hit=11490025 read=792153
                     ->  Hash Join  (cost=4697.49..514294.25 rows=48 width=12) (actual time=40.581..73708.304 rows=1204466 loops=1)
                           Hash Cond: (ci.role_id = rt.id)
                           Buffers: shared hit=6765665 read=698649
                           ->  Nested Loop  (cost=4696.31..514292.06 rows=287 width=16) (actual time=40.311..72307.402 rows=5643588 loops=1)
                                 Buffers: shared hit=6765664 read=698649
                                 ->  Nested Loop  (cost=4695.87..513418.86 rows=20 width=20) (actual time=40.255..17060.399 rows=92079 loops=1)
                                       Buffers: shared hit=1482532 read=182718
                                       ->  Hash Join  (cost=4695.44..479150.33 rows=806 width=12) (actual time=21.583..3939.411 rows=75624 loops=1)
                                             Hash Cond: (t.kind_id = kt.id)
                                             Buffers: shared hit=324669 read=44484
                                             ->  Nested Loop  (cost=4694.30..479141.27 rows=1880 width=16) (actual time=20.897..3892.223 rows=84787 loops=1)
                                                   Buffers: shared hit=324668 read=44484
                                                   ->  Bitmap Heap Scan on movie_info mi2  (cost=4693.87..463120.57 rows=2017 width=8) (actual time=20.849..640.300 rows=87395 loops=1)
                                                         Recheck Cond: (info_type_id = 5)
                                                         Filter: ((info)::text = ANY ('{Argentina:Atp,Australia:M,Australia:PG,Finland:K-16,Finland:S,Iceland:16,UK:U,USA:Approved,USA:PG-13,USA:Passed}'::text[]))
                                                         Rows Removed by Filter: 399159
                                                         Heap Blocks: exact=19164
                                                         Buffers: shared hit=5866 read=13706
                                                         ->  Bitmap Index Scan on info_type_id_movie_info  (cost=0.00..4693.37 rows=439058 width=0) (actual time=18.254..18.254 rows=486554 loops=1)
                                                               Index Cond: (info_type_id = 5)
                                                               Buffers: shared read=408
                                                   ->  Index Scan using title_pkey on title t  (cost=0.43..7.94 rows=1 width=8) (actual time=0.036..0.036 rows=1 loops=87395)
                                                         Index Cond: (id = mi2.movie_id)
                                                         Filter: ((production_year <= 2015) AND (1925 < production_year))
                                                         Rows Removed by Filter: 0
                                                         Buffers: shared hit=318802 read=30778
                                             ->  Hash  (cost=1.10..1.10 rows=3 width=4) (actual time=0.022..0.023 rows=3 loops=1)
                                                   Buckets: 1024  Batches: 1  Memory Usage: 9kB
                                                   Buffers: shared hit=1
                                                   ->  Seq Scan on kind_type kt  (cost=0.00..1.10 rows=3 width=4) (actual time=0.013..0.015 rows=3 loops=1)
                                                         Filter: ((kind)::text = ANY ('{episode,movie,"video movie"}'::text[]))
                                                         Rows Removed by Filter: 4
                                                         Buffers: shared hit=1
                                       ->  Index Scan using movie_id_movie_info on movie_info mi1  (cost=0.43..42.51 rows=1 width=8) (actual time=0.171..0.173 rows=1 loops=75624)
                                             Index Cond: (movie_id = t.id)
                                             Filter: ((info_type_id = 3) AND ((info)::text = ANY ('{Action,Comedy,Drama,Horror,Mystery,Romance,Thriller,Western}'::text[])))
                                             Rows Removed by Filter: 55
                                             Buffers: shared hit=1157863 read=138234
                                 ->  Index Scan using movie_id_cast_info on cast_info ci  (cost=0.44..43.28 rows=38 width=12) (actual time=0.037..0.581 rows=61 loops=92079)
                                       Index Cond: (movie_id = t.id)
                                       Buffers: shared hit=5283132 read=515931
                           ->  Hash  (cost=1.15..1.15 rows=2 width=4) (actual time=0.021..0.021 rows=2 loops=1)
                                 Buckets: 1024  Batches: 1  Memory Usage: 9kB
                                 Buffers: shared hit=1
                                 ->  Seq Scan on role_type rt  (cost=0.00..1.15 rows=2 width=4) (actual time=0.011..0.014 rows=2 loops=1)
                                       Filter: ((role)::text = ANY ('{actress,producer}'::text[]))
                                       Rows Removed by Filter: 10
                                       Buffers: shared hit=1
                     ->  Index Scan using name_pkey on name n  (cost=0.43..2.32 rows=1 width=4) (actual time=0.035..0.035 rows=1 loops=1204466)
                           Index Cond: (id = ci.person_id)
                           Filter: ((gender)::text = 'f'::text)
                           Rows Removed by Filter: 0
                           Buffers: shared hit=4724360 read=93504
 Planning:
   Buffers: shared hit=483 read=91
 Planning Time: 14.575 ms
 Execution Time: 117856.611 ms
(73 rows)

