                                                                                                           QUERY PLAN                                                                                                            
---------------------------------------------------------------------------------------------------------------------------------------------------------------------------------------------------------------------------------
 Aggregate  (cost=494020.83..494020.84 rows=1 width=8) (actual time=100264.167..100264.175 rows=1 loops=1)
   Buffers: shared hit=9577480 read=854163
   ->  Nested Loop  (cost=4697.70..494020.81 rows=10 width=0) (actual time=22.803..100050.842 rows=1357923 loops=1)
         Buffers: shared hit=9577480 read=854163
         ->  Seq Scan on info_type it2  (cost=0.00..2.41 rows=1 width=4) (actual time=0.043..0.054 rows=1 loops=1)
               Filter: (id = 5)
               Rows Removed by Filter: 112
               Buffers: shared hit=1
         ->  Nested Loop  (cost=4697.70..494018.29 rows=10 width=4) (actual time=22.758..99753.657 rows=1357923 loops=1)
               Buffers: shared hit=9577479 read=854163
               ->  Seq Scan on info_type it1  (cost=0.00..2.41 rows=1 width=4) (actual time=0.009..0.022 rows=1 loops=1)
                     Filter: (id = 3)
                     Rows Removed by Filter: 112
                     Buffers: shared hit=1
               ->  Nested Loop  (cost=4697.70..494015.78 rows=10 width=8) (actual time=22.746..99455.523 rows=1357923 loops=1)
                     Buffers: shared hit=9577478 read=854163
                     ->  Hash Join  (cost=4697.27..493957.79 rows=25 width=12) (actual time=22.715..50970.615 rows=1357923 loops=1)
                           Hash Cond: (ci.role_id = rt.id)
                           Buffers: shared hit=4224101 read=775848
                           ->  Nested Loop  (cost=4696.11..493955.56 rows=301 width=16) (actual time=22.671..49970.787 rows=3575481 loops=1)
                                 Buffers: shared hit=4224100 read=775848
                                 ->  Nested Loop  (cost=4695.67..493038.71 rows=21 width=20) (actual time=22.630..13584.007 rows=63279 loops=1)
                                       Buffers: shared hit=1145890 read=178869
                                       ->  Hash Join  (cost=4695.23..472825.11 rows=476 width=12) (actual time=19.802..3115.088 rows=57710 loops=1)
                                             Hash Cond: (t.kind_id = kt.id)
                                             Buffers: shared hit=248043 read=40262
                                             ->  Nested Loop  (cost=4694.10..472819.30 rows=1110 width=16) (actual time=19.196..3076.860 rows=66717 loops=1)
                                                   Buffers: shared hit=248042 read=40262
                                                   ->  Bitmap Heap Scan on movie_info mi2  (cost=4693.67..463120.37 rows=1191 width=8) (actual time=19.152..598.448 rows=67183 loops=1)
                                                         Recheck Cond: (info_type_id = 5)
                                                         Filter: ((info)::text = ANY ('{Australia:M,Australia:PG,Canada:14A,Germany:16,Germany:18,Portugal:M/16,"South Korea:18",USA:Approved,"USA:Not Rated",USA:PG}'::text[]))
                                                         Rows Removed by Filter: 419371
                                                         Heap Blocks: exact=19164
                                                         Buffers: shared hit=5480 read=14092
                                                         ->  Bitmap Index Scan on info_type_id_movie_info  (cost=0.00..4693.37 rows=439058 width=0) (actual time=16.600..16.601 rows=486554 loops=1)
                                                               Index Cond: (info_type_id = 5)
                                                               Buffers: shared read=408
                                                   ->  Index Scan using title_pkey on title t  (cost=0.43..8.14 rows=1 width=8) (actual time=0.036..0.036 rows=1 loops=67183)
                                                         Index Cond: (id = mi2.movie_id)
                                                         Filter: ((production_year <= 2015) AND (1925 < production_year))
                                                         Rows Removed by Filter: 0
                                                         Buffers: shared hit=242562 read=26170
                                             ->  Hash  (cost=1.10..1.10 rows=3 width=4) (actual time=0.021..0.022 rows=3 loops=1)
                                                   Buckets: 1024  Batches: 1  Memory Usage: 9kB
                                                   Buffers: shared hit=1
                                                   ->  Seq Scan on kind_type kt  (cost=0.00..1.10 rows=3 width=4) (actual time=0.009..0.011 rows=3 loops=1)
                                                         Filter: ((kind)::text = ANY ('{episode,movie,"video movie"}'::text[]))
                                                         Rows Removed by Filter: 4
                                                         Buffers: shared hit=1
                                       ->  Index Scan using movie_id_movie_info on movie_info mi1  (cost=0.43..42.46 rows=1 width=8) (actual time=0.179..0.180 rows=1 loops=57710)
                                             Index Cond: (movie_id = t.id)
                                             Filter: ((info_type_id = 3) AND ((info)::text = ANY ('{Animation,Comedy,Crime,Documentary,Drama,Horror,Short}'::text[])))
                                             Rows Removed by Filter: 64
                                             Buffers: shared hit=897847 read=138607
                                 ->  Index Scan using movie_id_cast_info on cast_info ci  (cost=0.44..43.28 rows=38 width=12) (actual time=0.038..0.558 rows=57 loops=63279)
                                       Index Cond: (movie_id = t.id)
                                       Buffers: shared hit=3078210 read=596979
                           ->  Hash  (cost=1.15..1.15 rows=1 width=4) (actual time=0.017..0.017 rows=1 loops=1)
                                 Buckets: 1024  Batches: 1  Memory Usage: 9kB
                                 Buffers: shared hit=1
                                 ->  Seq Scan on role_type rt  (cost=0.00..1.15 rows=1 width=4) (actual time=0.009..0.011 rows=1 loops=1)
                                       Filter: ((role)::text = 'actor'::text)
                                       Rows Removed by Filter: 11
                                       Buffers: shared hit=1
                     ->  Index Scan using name_pkey on name n  (cost=0.43..2.32 rows=1 width=4) (actual time=0.035..0.035 rows=1 loops=1357923)
                           Index Cond: (id = ci.person_id)
                           Filter: ((gender)::text = 'm'::text)
                           Buffers: shared hit=5353377 read=78315
 Planning:
   Buffers: shared hit=483 read=91
 Planning Time: 13.481 ms
 Execution Time: 100264.854 ms
(72 rows)

