                                                                                             QUERY PLAN                                                                                              
-----------------------------------------------------------------------------------------------------------------------------------------------------------------------------------------------------
 Aggregate  (cost=411463.24..411463.25 rows=1 width=8) (actual time=40110.131..40110.139 rows=1 loops=1)
   Buffers: shared hit=3697299 read=472512
   ->  Nested Loop  (cost=4697.66..411463.22 rows=9 width=0) (actual time=81.070..40084.060 rows=142690 loops=1)
         Buffers: shared hit=3697299 read=472512
         ->  Hash Join  (cost=4697.23..411430.75 rows=14 width=4) (actual time=42.336..21593.473 rows=514333 loops=1)
               Hash Cond: (ci.role_id = rt.id)
               Buffers: shared hit=1706227 read=406252
               ->  Nested Loop  (cost=4696.06..411429.27 rows=86 width=8) (actual time=41.901..21203.484 rows=1417634 loops=1)
                     Buffers: shared hit=1706226 read=406252
                     ->  Nested Loop  (cost=4695.62..411167.08 rows=6 width=12) (actual time=41.855..7296.583 rows=16567 loops=1)
                           Buffers: shared hit=538205 read=147053
                           ->  Seq Scan on info_type it2  (cost=0.00..2.41 rows=1 width=4) (actual time=0.033..0.042 rows=1 loops=1)
                                 Filter: (id = 5)
                                 Rows Removed by Filter: 112
                                 Buffers: shared hit=1
                           ->  Nested Loop  (cost=4695.62..411164.61 rows=6 width=16) (actual time=41.821..7291.742 rows=16567 loops=1)
                                 Buffers: shared hit=538204 read=147053
                                 ->  Seq Scan on info_type it1  (cost=0.00..2.41 rows=1 width=4) (actual time=0.009..0.020 rows=1 loops=1)
                                       Filter: (id = 3)
                                       Rows Removed by Filter: 112
                                       Buffers: shared hit=1
                                 ->  Nested Loop  (cost=4695.62..411162.14 rows=6 width=20) (actual time=41.808..7286.912 rows=16567 loops=1)
                                       Buffers: shared hit=538203 read=147053
                                       ->  Hash Join  (cost=4695.18..397038.52 rows=334 width=12) (actual time=21.109..2109.657 rows=30329 loops=1)
                                             Hash Cond: (t.kind_id = kt.id)
                                             Buffers: shared hit=142920 read=43465
                                             ->  Nested Loop  (cost=4694.05..397034.10 rows=780 width=16) (actual time=20.495..2091.480 rows=34828 loops=1)
                                                   Buffers: shared hit=142919 read=43465
                                                   ->  Bitmap Heap Scan on movie_info mi2  (cost=4693.62..388964.39 rows=985 width=8) (actual time=20.452..488.305 rows=41703 loops=1)
                                                         Recheck Cond: (info_type_id = 5)
                                                         Filter: ((info)::text = ANY ('{Argentina:Atp,Australia:PG,France:U,Netherlands:12,USA:PG}'::text[]))
                                                         Rows Removed by Filter: 444851
                                                         Heap Blocks: exact=19164
                                                         Buffers: shared hit=3127 read=16445
                                                         ->  Bitmap Index Scan on info_type_id_movie_info  (cost=0.00..4693.37 rows=439058 width=0) (actual time=17.882..17.882 rows=486554 loops=1)
                                                               Index Cond: (info_type_id = 5)
                                                               Buffers: shared read=408
                                                   ->  Index Scan using title_pkey on title t  (cost=0.43..8.19 rows=1 width=8) (actual time=0.038..0.038 rows=1 loops=41703)
                                                         Index Cond: (id = mi2.movie_id)
                                                         Filter: ((production_year <= 2015) AND (1975 < production_year))
                                                         Rows Removed by Filter: 0
                                                         Buffers: shared hit=139792 read=27020
                                             ->  Hash  (cost=1.10..1.10 rows=3 width=4) (actual time=0.015..0.016 rows=3 loops=1)
                                                   Buckets: 1024  Batches: 1  Memory Usage: 9kB
                                                   Buffers: shared hit=1
                                                   ->  Seq Scan on kind_type kt  (cost=0.00..1.10 rows=3 width=4) (actual time=0.008..0.010 rows=3 loops=1)
                                                         Filter: ((kind)::text = ANY ('{episode,movie,"video movie"}'::text[]))
                                                         Rows Removed by Filter: 4
                                                         Buffers: shared hit=1
                                       ->  Index Scan using movie_id_movie_info on movie_info mi1  (cost=0.43..42.28 rows=1 width=8) (actual time=0.169..0.170 rows=1 loops=30329)
                                             Index Cond: (movie_id = t.id)
                                             Filter: ((info_type_id = 3) AND ((info)::text = ANY ('{Comedy,Drama,Family}'::text[])))
                                             Rows Removed by Filter: 63
                                             Buffers: shared hit=395283 read=103588
                     ->  Index Scan using movie_id_cast_info on cast_info ci  (cost=0.44..43.32 rows=38 width=12) (actual time=0.038..0.816 rows=86 loops=16567)
                           Index Cond: (movie_id = t.id)
                           Buffers: shared hit=1168021 read=259199
               ->  Hash  (cost=1.15..1.15 rows=2 width=4) (actual time=0.037..0.038 rows=2 loops=1)
                     Buckets: 1024  Batches: 1  Memory Usage: 9kB
                     Buffers: shared hit=1
                     ->  Seq Scan on role_type rt  (cost=0.00..1.15 rows=2 width=4) (actual time=0.029..0.031 rows=2 loops=1)
                           Filter: ((role)::text = ANY ('{director,"miscellaneous crew"}'::text[]))
                           Rows Removed by Filter: 10
                           Buffers: shared hit=1
         ->  Index Scan using name_pkey on name n  (cost=0.43..2.32 rows=1 width=4) (actual time=0.035..0.035 rows=0 loops=514333)
               Index Cond: (id = ci.person_id)
               Filter: ((gender)::text = ANY ('{f,m}'::text[]))
               Rows Removed by Filter: 1
               Buffers: shared hit=1991072 read=66260
 Planning:
   Buffers: shared hit=484 read=90
 Planning Time: 14.466 ms
 Execution Time: 40110.800 ms
(73 rows)

