                                                                                             QUERY PLAN                                                                                              
-----------------------------------------------------------------------------------------------------------------------------------------------------------------------------------------------------
 Aggregate  (cost=353092.39..353092.40 rows=1 width=8) (actual time=10341.487..10341.494 rows=1 loops=1)
   Buffers: shared hit=843434 read=230430
   ->  Nested Loop  (cost=4697.50..353092.39 rows=1 width=0) (actual time=41.770..10338.938 rows=10671 loops=1)
         Buffers: shared hit=843434 read=230430
         ->  Hash Join  (cost=4697.07..353090.07 rows=1 width=4) (actual time=41.713..9769.451 rows=16425 loops=1)
               Hash Cond: (ci.role_id = rt.id)
               Buffers: shared hit=786211 read=221953
               ->  Nested Loop  (cost=4695.90..353088.86 rows=14 width=8) (actual time=41.225..9672.818 rows=631039 loops=1)
                     Buffers: shared hit=786210 read=221953
                     ->  Nested Loop  (cost=4695.46..353045.16 rows=1 width=12) (actual time=41.149..3939.645 rows=6655 loops=1)
                           Buffers: shared hit=261536 read=110513
                           ->  Nested Loop  (cost=4695.46..353042.74 rows=1 width=16) (actual time=41.133..3802.898 rows=6655 loops=1)
                                 Buffers: shared hit=254881 read=110513
                                 ->  Nested Loop  (cost=4695.46..353040.32 rows=1 width=20) (actual time=37.802..3662.244 rows=6655 loops=1)
                                       Buffers: shared hit=248226 read=110513
                                       ->  Hash Join  (cost=4695.03..347627.67 rows=128 width=12) (actual time=20.266..1143.410 rows=12252 loops=1)
                                             Hash Cond: (t.kind_id = kt.id)
                                             Buffers: shared hit=84637 read=27132
                                             ->  Nested Loop  (cost=4693.89..347625.28 rows=299 width=16) (actual time=19.706..1136.361 rows=15671 loops=1)
                                                   Buffers: shared hit=84636 read=27132
                                                   ->  Bitmap Heap Scan on movie_info mi2  (cost=4693.46..344470.68 rows=377 width=8) (actual time=19.654..362.444 rows=23049 loops=1)
                                                         Recheck Cond: (info_type_id = 5)
                                                         Filter: ((info)::text = ANY ('{Australia:M,Sweden:15}'::text[]))
                                                         Rows Removed by Filter: 463505
                                                         Heap Blocks: exact=19164
                                                         Buffers: shared hit=3896 read=15676
                                                         ->  Bitmap Index Scan on info_type_id_movie_info  (cost=0.00..4693.37 rows=439058 width=0) (actual time=16.970..16.971 rows=486554 loops=1)
                                                               Index Cond: (info_type_id = 5)
                                                               Buffers: shared read=408
                                                   ->  Index Scan using title_pkey on title t  (cost=0.43..8.37 rows=1 width=8) (actual time=0.033..0.033 rows=1 loops=23049)
                                                         Index Cond: (id = mi2.movie_id)
                                                         Filter: ((production_year <= 2015) AND (1975 < production_year))
                                                         Rows Removed by Filter: 0
                                                         Buffers: shared hit=80740 read=11456
                                             ->  Hash  (cost=1.10..1.10 rows=3 width=4) (actual time=0.019..0.020 rows=3 loops=1)
                                                   Buckets: 1024  Batches: 1  Memory Usage: 9kB
                                                   Buffers: shared hit=1
                                                   ->  Seq Scan on kind_type kt  (cost=0.00..1.10 rows=3 width=4) (actual time=0.010..0.012 rows=3 loops=1)
                                                         Filter: ((kind)::text = ANY ('{episode,movie,"video movie"}'::text[]))
                                                         Rows Removed by Filter: 4
                                                         Buffers: shared hit=1
                                       ->  Index Scan using movie_id_movie_info on movie_info mi1  (cost=0.43..42.28 rows=1 width=8) (actual time=0.204..0.205 rows=1 loops=12252)
                                             Index Cond: (movie_id = t.id)
                                             Filter: ((info_type_id = 3) AND ((info)::text = ANY ('{Action,Mystery,Thriller}'::text[])))
                                             Rows Removed by Filter: 98
                                             Buffers: shared hit=163589 read=83381
                                 ->  Seq Scan on info_type it1  (cost=0.00..2.41 rows=1 width=4) (actual time=0.011..0.019 rows=1 loops=6655)
                                       Filter: (id = 3)
                                       Rows Removed by Filter: 112
                                       Buffers: shared hit=6655
                           ->  Seq Scan on info_type it2  (cost=0.00..2.41 rows=1 width=4) (actual time=0.010..0.019 rows=1 loops=6655)
                                 Filter: (id = 5)
                                 Rows Removed by Filter: 112
                                 Buffers: shared hit=6655
                     ->  Index Scan using movie_id_cast_info on cast_info ci  (cost=0.44..43.32 rows=38 width=12) (actual time=0.036..0.840 rows=95 loops=6655)
                           Index Cond: (movie_id = t.id)
                           Buffers: shared hit=524674 read=111440
               ->  Hash  (cost=1.15..1.15 rows=1 width=4) (actual time=0.034..0.035 rows=1 loops=1)
                     Buckets: 1024  Batches: 1  Memory Usage: 9kB
                     Buffers: shared hit=1
                     ->  Seq Scan on role_type rt  (cost=0.00..1.15 rows=1 width=4) (actual time=0.026..0.028 rows=1 loops=1)
                           Filter: ((role)::text = 'writer'::text)
                           Rows Removed by Filter: 11
                           Buffers: shared hit=1
         ->  Index Scan using name_pkey on name n  (cost=0.43..2.32 rows=1 width=4) (actual time=0.034..0.034 rows=1 loops=16425)
               Index Cond: (id = ci.person_id)
               Filter: ((gender)::text = 'm'::text)
               Rows Removed by Filter: 0
               Buffers: shared hit=57223 read=8477
 Planning:
   Buffers: shared hit=529 read=45
 Planning Time: 12.761 ms
 Execution Time: 10342.194 ms
(73 rows)

