                                                                                             QUERY PLAN                                                                                              
-----------------------------------------------------------------------------------------------------------------------------------------------------------------------------------------------------
 Aggregate  (cost=450611.40..450611.41 rows=1 width=8) (actual time=18162.306..18162.314 rows=1 loops=1)
   Buffers: shared hit=1660927 read=224017
   ->  Nested Loop  (cost=4697.81..450611.39 rows=5 width=0) (actual time=50.024..18156.850 rows=25383 loops=1)
         Buffers: shared hit=1660927 read=224017
         ->  Hash Join  (cost=4697.38..450595.15 rows=7 width=4) (actual time=49.977..16551.898 rows=45844 loops=1)
               Hash Cond: (ci.role_id = rt.id)
               Buffers: shared hit=1485918 read=215650
               ->  Nested Loop  (cost=4696.21..450593.82 rows=43 width=8) (actual time=49.597..16390.046 rows=907805 loops=1)
                     Buffers: shared hit=1485917 read=215650
                     ->  Nested Loop  (cost=4695.77..450459.18 rows=3 width=12) (actual time=49.548..7429.128 rows=21940 loops=1)
                           Buffers: shared hit=622084 read=122074
                           ->  Seq Scan on info_type it2  (cost=0.00..2.41 rows=1 width=4) (actual time=0.034..0.044 rows=1 loops=1)
                                 Filter: (id = 5)
                                 Rows Removed by Filter: 112
                                 Buffers: shared hit=1
                           ->  Nested Loop  (cost=4695.77..450456.74 rows=3 width=16) (actual time=49.513..7423.678 rows=21940 loops=1)
                                 Buffers: shared hit=622083 read=122074
                                 ->  Seq Scan on info_type it1  (cost=0.00..2.41 rows=1 width=4) (actual time=0.012..0.025 rows=1 loops=1)
                                       Filter: (id = 3)
                                       Rows Removed by Filter: 112
                                       Buffers: shared hit=1
                                 ->  Nested Loop  (cost=4695.77..450454.29 rows=3 width=20) (actual time=49.497..7417.500 rows=21940 loops=1)
                                       Buffers: shared hit=622082 read=122074
                                       ->  Hash Join  (cost=4695.33..446298.36 rows=96 width=12) (actual time=49.176..3294.243 rows=24571 loops=1)
                                             Hash Cond: (t.kind_id = kt.id)
                                             Buffers: shared hit=283992 read=44289
                                             ->  Nested Loop  (cost=4694.20..446296.29 rows=223 width=16) (actual time=24.487..3280.288 rows=24809 loops=1)
                                                   Buffers: shared hit=283991 read=44289
                                                   ->  Bitmap Heap Scan on movie_info mi2  (cost=4693.77..433458.10 rows=1596 width=8) (actual time=19.948..540.096 rows=77177 loops=1)
                                                         Recheck Cond: (info_type_id = 5)
                                                         Filter: ((info)::text = ANY ('{Argentina:Atp,Australia:M,Finland:K-12,Finland:K-16,Sweden:15,UK:U,USA:X,"West Germany:12"}'::text[]))
                                                         Rows Removed by Filter: 409377
                                                         Heap Blocks: exact=19164
                                                         Buffers: shared hit=2390 read=17182
                                                         ->  Bitmap Index Scan on info_type_id_movie_info  (cost=0.00..4693.37 rows=439058 width=0) (actual time=17.305..17.305 rows=486554 loops=1)
                                                               Index Cond: (info_type_id = 5)
                                                               Buffers: shared read=408
                                                   ->  Index Scan using title_pkey on title t  (cost=0.43..8.04 rows=1 width=8) (actual time=0.035..0.035 rows=0 loops=77177)
                                                         Index Cond: (id = mi2.movie_id)
                                                         Filter: ((production_year <= 1975) AND (1925 < production_year))
                                                         Rows Removed by Filter: 1
                                                         Buffers: shared hit=281601 read=27107
                                             ->  Hash  (cost=1.10..1.10 rows=3 width=4) (actual time=0.021..0.022 rows=3 loops=1)
                                                   Buckets: 1024  Batches: 1  Memory Usage: 9kB
                                                   Buffers: shared hit=1
                                                   ->  Seq Scan on kind_type kt  (cost=0.00..1.10 rows=3 width=4) (actual time=0.009..0.011 rows=3 loops=1)
                                                         Filter: ((kind)::text = ANY ('{episode,movie,"tv movie"}'::text[]))
                                                         Rows Removed by Filter: 4
                                                         Buffers: shared hit=1
                                       ->  Index Scan using movie_id_movie_info on movie_info mi1  (cost=0.43..43.28 rows=1 width=8) (actual time=0.166..0.167 rows=1 loops=24571)
                                             Index Cond: (movie_id = t.id)
                                             Filter: ((info_type_id = 3) AND ((info)::text = ANY ('{Action,Adult,Adventure,Drama,Family,Short,Thriller}'::text[])))
                                             Rows Removed by Filter: 45
                                             Buffers: shared hit=338090 read=77785
                     ->  Index Scan using movie_id_cast_info on cast_info ci  (cost=0.44..44.50 rows=38 width=12) (actual time=0.037..0.397 rows=41 loops=21940)
                           Index Cond: (movie_id = t.id)
                           Buffers: shared hit=863833 read=93576
               ->  Hash  (cost=1.15..1.15 rows=2 width=4) (actual time=0.040..0.041 rows=2 loops=1)
                     Buckets: 1024  Batches: 1  Memory Usage: 9kB
                     Buffers: shared hit=1
                     ->  Seq Scan on role_type rt  (cost=0.00..1.15 rows=2 width=4) (actual time=0.029..0.031 rows=2 loops=1)
                           Filter: ((role)::text = ANY ('{director,editor}'::text[]))
                           Rows Removed by Filter: 10
                           Buffers: shared hit=1
         ->  Index Scan using name_pkey on name n  (cost=0.43..2.32 rows=1 width=4) (actual time=0.034..0.034 rows=1 loops=45844)
               Index Cond: (id = ci.person_id)
               Filter: ((gender)::text = ANY ('{f,m}'::text[]))
               Rows Removed by Filter: 0
               Buffers: shared hit=175009 read=8367
 Planning:
   Buffers: shared hit=483 read=91
 Planning Time: 13.968 ms
 Execution Time: 18163.079 ms
(73 rows)

