                                                                                                                                  QUERY PLAN                                                                                                                                   
-------------------------------------------------------------------------------------------------------------------------------------------------------------------------------------------------------------------------------------------------------------------------------
 Aggregate  (cost=547662.24..547662.25 rows=1 width=8) (actual time=71012.444..71012.451 rows=1 loops=1)
   Buffers: shared hit=6735545 read=593447
   ->  Nested Loop  (cost=4697.67..547662.24 rows=3 width=0) (actual time=40.457..71010.638 rows=3140 loops=1)
         Buffers: shared hit=6735545 read=593447
         ->  Seq Scan on info_type it2  (cost=0.00..2.41 rows=1 width=4) (actual time=0.048..0.058 rows=1 loops=1)
               Filter: (id = 5)
               Rows Removed by Filter: 112
               Buffers: shared hit=1
         ->  Nested Loop  (cost=4697.67..547659.79 rows=3 width=4) (actual time=40.407..71009.539 rows=3140 loops=1)
               Buffers: shared hit=6735544 read=593447
               ->  Seq Scan on info_type it1  (cost=0.00..2.41 rows=1 width=4) (actual time=0.012..0.023 rows=1 loops=1)
                     Filter: (id = 3)
                     Rows Removed by Filter: 112
                     Buffers: shared hit=1
               ->  Nested Loop  (cost=4697.67..547657.35 rows=3 width=8) (actual time=40.391..71008.416 rows=3140 loops=1)
                     Buffers: shared hit=6735543 read=593447
                     ->  Hash Join  (cost=4697.24..547627.20 rows=13 width=12) (actual time=40.332..69237.973 rows=45852 loops=1)
                           Hash Cond: (ci.role_id = rt.id)
                           Buffers: shared hit=6561270 read=584312
                           ->  Nested Loop  (cost=4696.08..547625.47 rows=158 width=16) (actual time=36.179..68195.742 rows=5690600 loops=1)
                                 Buffers: shared hit=6561269 read=584312
                                 ->  Nested Loop  (cost=4695.64..547145.22 rows=11 width=20) (actual time=36.130..14106.901 rows=80890 loops=1)
                                       Buffers: shared hit=1183951 read=178709
                                       ->  Hash Join  (cost=4695.18..530506.86 rows=393 width=12) (actual time=20.971..3345.788 rows=62159 loops=1)
                                             Hash Cond: (t.kind_id = kt.id)
                                             Buffers: shared hit=247079 read=43746
                                             ->  Nested Loop  (cost=4694.05..530501.86 rows=916 width=16) (actual time=20.459..3305.582 rows=67451 loops=1)
                                                   Buffers: shared hit=247078 read=43746
                                                   ->  Bitmap Heap Scan on movie_info mi2  (cost=4693.62..522445.06 rows=983 width=8) (actual time=20.400..697.662 rows=67813 loops=1)
                                                         Recheck Cond: (info_type_id = 5)
                                                         Filter: ((info)::text = ANY ('{Argentina:Atp,Australia:MA,Canada:G,Italy:VM14,Philippines:PG-13,"South Korea:18",Spain:13,Spain:18,UK:PG,USA:Approved,USA:PG,USA:TV-PG,"West Germany:18","West Germany:6"}'::text[]))
                                                         Rows Removed by Filter: 418741
                                                         Heap Blocks: exact=19164
                                                         Buffers: shared hit=5138 read=14434
                                                         ->  Bitmap Index Scan on info_type_id_movie_info  (cost=0.00..4693.37 rows=439058 width=0) (actual time=17.758..17.758 rows=486554 loops=1)
                                                               Index Cond: (info_type_id = 5)
                                                               Buffers: shared read=408
                                                   ->  Index Scan using title_pkey on title t  (cost=0.43..8.20 rows=1 width=8) (actual time=0.038..0.038 rows=1 loops=67813)
                                                         Index Cond: (id = mi2.movie_id)
                                                         Filter: ((production_year <= 2015) AND (1925 < production_year))
                                                         Rows Removed by Filter: 0
                                                         Buffers: shared hit=241940 read=29312
                                             ->  Hash  (cost=1.10..1.10 rows=3 width=4) (actual time=0.017..0.018 rows=3 loops=1)
                                                   Buckets: 1024  Batches: 1  Memory Usage: 9kB
                                                   Buffers: shared hit=1
                                                   ->  Seq Scan on kind_type kt  (cost=0.00..1.10 rows=3 width=4) (actual time=0.011..0.013 rows=3 loops=1)
                                                         Filter: ((kind)::text = ANY ('{episode,movie,"video movie"}'::text[]))
                                                         Rows Removed by Filter: 4
                                                         Buffers: shared hit=1
                                       ->  Index Scan using movie_id_movie_info on movie_info mi1  (cost=0.46..42.33 rows=1 width=8) (actual time=0.171..0.172 rows=1 loops=62159)
                                             Index Cond: (movie_id = t.id)
                                             Filter: ((info_type_id = 3) AND ((info)::text = ANY ('{Action,Adventure,Comedy,Crime,Drama,Family,Fantasy,Musical,Romance,Thriller}'::text[])))
                                             Rows Removed by Filter: 61
                                             Buffers: shared hit=936872 read=134963
                                 ->  Index Scan using movie_id_cast_info on cast_info ci  (cost=0.44..43.28 rows=38 width=12) (actual time=0.035..0.648 rows=70 loops=80890)
                                       Index Cond: (movie_id = t.id)
                                       Buffers: shared hit=5377318 read=405603
                           ->  Hash  (cost=1.15..1.15 rows=1 width=4) (actual time=0.018..0.018 rows=1 loops=1)
                                 Buckets: 1024  Batches: 1  Memory Usage: 9kB
                                 Buffers: shared hit=1
                                 ->  Seq Scan on role_type rt  (cost=0.00..1.15 rows=1 width=4) (actual time=0.011..0.012 rows=1 loops=1)
                                       Filter: ((role)::text = 'production designer'::text)
                                       Rows Removed by Filter: 11
                                       Buffers: shared hit=1
                     ->  Index Scan using name_pkey on name n  (cost=0.43..2.32 rows=1 width=4) (actual time=0.038..0.038 rows=0 loops=45852)
                           Index Cond: (id = ci.person_id)
                           Filter: ((gender)::text = 'f'::text)
                           Rows Removed by Filter: 1
                           Buffers: shared hit=174273 read=9135
 Planning:
   Buffers: shared hit=485 read=92
 Planning Time: 14.080 ms
 Execution Time: 71013.126 ms
(73 rows)

