                                                                                             QUERY PLAN                                                                                              
-----------------------------------------------------------------------------------------------------------------------------------------------------------------------------------------------------
 Aggregate  (cost=382985.12..382985.13 rows=1 width=8) (actual time=1709.953..1709.962 rows=1 loops=1)
   Buffers: shared hit=132386 read=41498
   ->  Nested Loop  (cost=4697.61..382985.12 rows=1 width=0) (actual time=339.804..1709.948 rows=9 loops=1)
         Buffers: shared hit=132386 read=41498
         ->  Hash Join  (cost=4697.18..382980.48 rows=2 width=4) (actual time=25.628..1699.519 rows=319 loops=1)
               Hash Cond: (ci.role_id = rt.id)
               Buffers: shared hit=131515 read=41093
               ->  Nested Loop  (cost=4696.01..382979.26 rows=14 width=8) (actual time=25.474..1699.199 rows=1396 loops=1)
                     Buffers: shared hit=131514 read=41093
                     ->  Nested Loop  (cost=4695.57..382934.38 rows=1 width=12) (actual time=25.431..1681.396 rows=82 loops=1)
                           Buffers: shared hit=130626 read=40393
                           ->  Nested Loop  (cost=4695.57..382931.96 rows=1 width=16) (actual time=25.425..1680.278 rows=82 loops=1)
                                 Buffers: shared hit=130544 read=40393
                                 ->  Nested Loop  (cost=4695.57..382929.54 rows=1 width=20) (actual time=25.394..1678.603 rows=82 loops=1)
                                       Buffers: shared hit=130462 read=40393
                                       ->  Hash Join  (cost=4695.13..381419.73 rows=35 width=12) (actual time=23.051..1655.583 rows=125 loops=1)
                                             Hash Cond: (t.kind_id = kt.id)
                                             Buffers: shared hit=129902 read=38915
                                             ->  Nested Loop  (cost=4694.02..381418.10 rows=124 width=16) (actual time=23.011..1654.077 rows=7259 loops=1)
                                                   Buffers: shared hit=129901 read=38915
                                                   ->  Bitmap Heap Scan on movie_info mi2  (cost=4693.59..374133.18 rows=886 width=8) (actual time=21.406..393.153 rows=37311 loops=1)
                                                         Recheck Cond: (info_type_id = 5)
                                                         Filter: ((info)::text = ANY ('{Argentina:Atp,Norway:16,USA:X,"West Germany:16"}'::text[]))
                                                         Rows Removed by Filter: 449243
                                                         Heap Blocks: exact=19164
                                                         Buffers: shared hit=1063 read=18509
                                                         ->  Bitmap Index Scan on info_type_id_movie_info  (cost=0.00..4693.37 rows=439058 width=0) (actual time=17.082..17.082 rows=486554 loops=1)
                                                               Index Cond: (info_type_id = 5)
                                                               Buffers: shared read=408
                                                   ->  Index Scan using title_pkey on title t  (cost=0.43..8.22 rows=1 width=8) (actual time=0.033..0.033 rows=0 loops=37311)
                                                         Index Cond: (id = mi2.movie_id)
                                                         Filter: ((production_year <= 1975) AND (1925 < production_year))
                                                         Rows Removed by Filter: 1
                                                         Buffers: shared hit=128838 read=20406
                                             ->  Hash  (cost=1.09..1.09 rows=2 width=4) (actual time=0.014..0.015 rows=2 loops=1)
                                                   Buckets: 1024  Batches: 1  Memory Usage: 9kB
                                                   Buffers: shared hit=1
                                                   ->  Seq Scan on kind_type kt  (cost=0.00..1.09 rows=2 width=4) (actual time=0.008..0.009 rows=2 loops=1)
                                                         Filter: ((kind)::text = ANY ('{"tv series","video game"}'::text[]))
                                                         Rows Removed by Filter: 5
                                                         Buffers: shared hit=1
                                       ->  Index Scan using movie_id_movie_info on movie_info mi1  (cost=0.43..43.13 rows=1 width=8) (actual time=0.180..0.183 rows=1 loops=125)
                                             Index Cond: (movie_id = t.id)
                                             Filter: ((info_type_id = 3) AND ((info)::text = ANY ('{Adult,Animation,Crime,Drama}'::text[])))
                                             Rows Removed by Filter: 59
                                             Buffers: shared hit=560 read=1478
                                 ->  Seq Scan on info_type it1  (cost=0.00..2.41 rows=1 width=4) (actual time=0.012..0.018 rows=1 loops=82)
                                       Filter: (id = 3)
                                       Rows Removed by Filter: 112
                                       Buffers: shared hit=82
                           ->  Seq Scan on info_type it2  (cost=0.00..2.41 rows=1 width=4) (actual time=0.005..0.012 rows=1 loops=82)
                                 Filter: (id = 5)
                                 Rows Removed by Filter: 112
                                 Buffers: shared hit=82
                     ->  Index Scan using movie_id_cast_info on cast_info ci  (cost=0.44..44.50 rows=38 width=12) (actual time=0.029..0.213 rows=17 loops=82)
                           Index Cond: (movie_id = t.id)
                           Buffers: shared hit=888 read=700
               ->  Hash  (cost=1.15..1.15 rows=2 width=4) (actual time=0.031..0.031 rows=2 loops=1)
                     Buckets: 1024  Batches: 1  Memory Usage: 9kB
                     Buffers: shared hit=1
                     ->  Seq Scan on role_type rt  (cost=0.00..1.15 rows=2 width=4) (actual time=0.023..0.025 rows=2 loops=1)
                           Filter: ((role)::text = ANY ('{director,writer}'::text[]))
                           Rows Removed by Filter: 10
                           Buffers: shared hit=1
         ->  Index Scan using name_pkey on name n  (cost=0.43..2.32 rows=1 width=4) (actual time=0.032..0.032 rows=0 loops=319)
               Index Cond: (id = ci.person_id)
               Filter: ((gender)::text = 'f'::text)
               Rows Removed by Filter: 1
               Buffers: shared hit=871 read=405
 Planning:
   Buffers: shared hit=484 read=90
 Planning Time: 13.362 ms
 Execution Time: 1710.574 ms
(73 rows)

