                                                                                                                       QUERY PLAN                                                                                                                        
---------------------------------------------------------------------------------------------------------------------------------------------------------------------------------------------------------------------------------------------------------
 Aggregate  (cost=549587.32..549587.33 rows=1 width=8) (actual time=134397.338..134397.347 rows=1 loops=1)
   Buffers: shared hit=13148526 read=702274
   ->  Nested Loop  (cost=4698.04..549587.30 rows=10 width=0) (actual time=27.772..134083.876 rows=1764376 loops=1)
         Buffers: shared hit=13148526 read=702274
         ->  Seq Scan on info_type it2  (cost=0.00..2.41 rows=1 width=4) (actual time=0.058..0.069 rows=1 loops=1)
               Filter: (id = 5)
               Rows Removed by Filter: 112
               Buffers: shared hit=1
         ->  Nested Loop  (cost=4698.04..549584.79 rows=10 width=4) (actual time=27.713..133684.648 rows=1764376 loops=1)
               Buffers: shared hit=13148525 read=702274
               ->  Seq Scan on info_type it1  (cost=0.00..2.41 rows=1 width=4) (actual time=0.008..0.022 rows=1 loops=1)
                     Filter: (id = 3)
                     Rows Removed by Filter: 112
                     Buffers: shared hit=1
               ->  Nested Loop  (cost=4698.04..549582.27 rows=10 width=8) (actual time=27.701..133263.237 rows=1764376 loops=1)
                     Buffers: shared hit=13148524 read=702274
                     ->  Hash Join  (cost=4697.61..549526.60 rows=24 width=12) (actual time=27.657..68692.579 rows=1764376 loops=1)
                           Hash Cond: (ci.role_id = rt.id)
                           Buffers: shared hit=6157508 read=635786
                           ->  Nested Loop  (cost=4696.45..549524.42 rows=287 width=16) (actual time=27.619..67235.437 rows=5352723 loops=1)
                                 Buffers: shared hit=6157507 read=635786
                                 ->  Nested Loop  (cost=4696.01..548650.47 rows=20 width=20) (actual time=27.572..15079.502 rows=62106 loops=1)
                                       Buffers: shared hit=1209591 read=180591
                                       ->  Hash Join  (cost=4695.57..512449.13 rows=853 width=12) (actual time=20.255..3508.780 rows=62379 loops=1)
                                             Hash Cond: (t.kind_id = kt.id)
                                             Buffers: shared hit=250578 read=49519
                                             ->  Nested Loop  (cost=4694.44..512439.61 rows=1989 width=16) (actual time=20.010..3469.352 rows=74912 loops=1)
                                                   Buffers: shared hit=250577 read=49519
                                                   ->  Bitmap Heap Scan on movie_info mi2  (cost=4694.00..492783.07 rows=2511 width=8) (actual time=19.957..674.159 rows=100765 loops=1)
                                                         Recheck Cond: (info_type_id = 5)
                                                         Filter: ((info)::text = ANY ('{Argentina:Atp,Australia:G,Australia:M,Australia:MA,Australia:PG,Canada:14A,Finland:K-16,Iceland:16,"South Korea:15","South Korea:18",Sweden:15,UK:15}'::text[]))
                                                         Rows Removed by Filter: 385789
                                                         Heap Blocks: exact=19164
                                                         Buffers: shared hit=5428 read=14144
                                                         ->  Bitmap Index Scan on info_type_id_movie_info  (cost=0.00..4693.37 rows=439058 width=0) (actual time=17.370..17.370 rows=486554 loops=1)
                                                               Index Cond: (info_type_id = 5)
                                                               Buffers: shared read=408
                                                   ->  Memoize  (cost=0.44..7.84 rows=1 width=8) (actual time=0.027..0.027 rows=1 loops=100765)
                                                         Cache Key: mi2.movie_id
                                                         Cache Mode: logical
                                                         Hits: 30634  Misses: 70131  Evictions: 0  Overflows: 0  Memory Usage: 6702kB
                                                         Buffers: shared hit=245149 read=35375
                                                         ->  Index Scan using title_pkey on title t  (cost=0.43..7.83 rows=1 width=8) (actual time=0.037..0.037 rows=1 loops=70131)
                                                               Index Cond: (id = mi2.movie_id)
                                                               Filter: ((production_year <= 2015) AND (1975 < production_year))
                                                               Rows Removed by Filter: 0
                                                               Buffers: shared hit=245149 read=35375
                                             ->  Hash  (cost=1.10..1.10 rows=3 width=4) (actual time=0.017..0.017 rows=3 loops=1)
                                                   Buckets: 1024  Batches: 1  Memory Usage: 9kB
                                                   Buffers: shared hit=1
                                                   ->  Seq Scan on kind_type kt  (cost=0.00..1.10 rows=3 width=4) (actual time=0.009..0.010 rows=3 loops=1)
                                                         Filter: ((kind)::text = ANY ('{episode,movie,"video movie"}'::text[]))
                                                         Rows Removed by Filter: 4
                                                         Buffers: shared hit=1
                                       ->  Index Scan using movie_id_movie_info on movie_info mi1  (cost=0.43..42.43 rows=1 width=8) (actual time=0.184..0.185 rows=1 loops=62379)
                                             Index Cond: (movie_id = t.id)
                                             Filter: ((info_type_id = 3) AND ((info)::text = ANY ('{Adventure,Comedy,Drama,Family,Romance,Thriller}'::text[])))
                                             Rows Removed by Filter: 75
                                             Buffers: shared hit=959013 read=131072
                                 ->  Index Scan using movie_id_cast_info on cast_info ci  (cost=0.44..43.32 rows=38 width=12) (actual time=0.038..0.812 rows=86 loops=62106)
                                       Index Cond: (movie_id = t.id)
                                       Buffers: shared hit=4947916 read=455195
                           ->  Hash  (cost=1.15..1.15 rows=1 width=4) (actual time=0.015..0.016 rows=1 loops=1)
                                 Buckets: 1024  Batches: 1  Memory Usage: 9kB
                                 Buffers: shared hit=1
                                 ->  Seq Scan on role_type rt  (cost=0.00..1.15 rows=1 width=4) (actual time=0.008..0.010 rows=1 loops=1)
                                       Filter: ((role)::text = 'actor'::text)
                                       Rows Removed by Filter: 11
                                       Buffers: shared hit=1
                     ->  Index Scan using name_pkey on name n  (cost=0.43..2.32 rows=1 width=4) (actual time=0.036..0.036 rows=1 loops=1764376)
                           Index Cond: (id = ci.person_id)
                           Filter: ((gender)::text = 'm'::text)
                           Buffers: shared hit=6991016 read=66488
 Planning:
   Buffers: shared hit=483 read=91
 Planning Time: 13.721 ms
 Execution Time: 134399.416 ms
(77 rows)

