                                                                                             QUERY PLAN                                                                                              
-----------------------------------------------------------------------------------------------------------------------------------------------------------------------------------------------------
 Aggregate  (cost=459022.40..459022.41 rows=1 width=8) (actual time=4104.098..4104.105 rows=1 loops=1)
   Buffers: shared hit=374442 read=50747
   ->  Nested Loop  (cost=4697.70..459022.39 rows=2 width=0) (actual time=115.398..4104.006 rows=209 loops=1)
         Buffers: shared hit=374442 read=50747
         ->  Seq Scan on info_type it2  (cost=0.00..2.41 rows=1 width=4) (actual time=0.051..0.061 rows=1 loops=1)
               Filter: (id = 5)
               Rows Removed by Filter: 112
               Buffers: shared hit=1
         ->  Nested Loop  (cost=4697.70..459019.96 rows=2 width=4) (actual time=115.345..4103.887 rows=209 loops=1)
               Buffers: shared hit=374441 read=50747
               ->  Seq Scan on info_type it1  (cost=0.00..2.41 rows=1 width=4) (actual time=0.009..0.021 rows=1 loops=1)
                     Filter: (id = 3)
                     Rows Removed by Filter: 112
                     Buffers: shared hit=1
               ->  Nested Loop  (cost=4697.70..459017.53 rows=2 width=8) (actual time=115.333..4103.802 rows=209 loops=1)
                     Buffers: shared hit=374440 read=50747
                     ->  Hash Join  (cost=4697.27..458998.97 rows=8 width=12) (actual time=55.237..3992.700 rows=3123 loops=1)
                           Hash Cond: (ci.role_id = rt.id)
                           Buffers: shared hit=363808 read=48887
                           ->  Nested Loop  (cost=4696.11..458997.46 rows=100 width=16) (actual time=54.482..3976.776 rows=93171 loops=1)
                                 Buffers: shared hit=363807 read=48887
                                 ->  Nested Loop  (cost=4695.67..458691.84 rows=7 width=20) (actual time=54.426..3030.108 rows=1472 loops=1)
                                       Buffers: shared hit=298594 read=20476
                                       ->  Hash Join  (cost=4695.24..444016.49 rows=346 width=12) (actual time=52.932..2749.580 rows=1619 loops=1)
                                             Hash Cond: (t.kind_id = kt.id)
                                             Buffers: shared hit=286904 read=7533
                                             ->  Nested Loop  (cost=4694.12..444010.28 rows=1212 width=16) (actual time=21.088..2734.554 rows=68379 loops=1)
                                                   Buffers: shared hit=286903 read=7533
                                                   ->  Bitmap Heap Scan on movie_info mi2  (cost=4693.69..433458.03 rows=1300 width=8) (actual time=21.048..462.597 rows=68716 loops=1)
                                                         Recheck Cond: (info_type_id = 5)
                                                         Filter: ((info)::text = ANY ('{Argentina:Atp,Canada:13+,Sweden:15,Sweden:Btl,UK:18,USA:Approved,USA:R,"West Germany:16"}'::text[]))
                                                         Rows Removed by Filter: 417838
                                                         Heap Blocks: exact=19164
                                                         Buffers: shared hit=19349 read=223
                                                         ->  Bitmap Index Scan on info_type_id_movie_info  (cost=0.00..4693.37 rows=439058 width=0) (actual time=17.978..17.978 rows=486554 loops=1)
                                                               Index Cond: (info_type_id = 5)
                                                               Buffers: shared hit=305 read=103
                                                   ->  Index Scan using title_pkey on title t  (cost=0.43..8.12 rows=1 width=8) (actual time=0.032..0.032 rows=1 loops=68716)
                                                         Index Cond: (id = mi2.movie_id)
                                                         Filter: ((production_year <= 2015) AND (1925 < production_year))
                                                         Rows Removed by Filter: 0
                                                         Buffers: shared hit=267554 read=7310
                                             ->  Hash  (cost=1.09..1.09 rows=2 width=4) (actual time=0.020..0.021 rows=2 loops=1)
                                                   Buckets: 1024  Batches: 1  Memory Usage: 9kB
                                                   Buffers: shared hit=1
                                                   ->  Seq Scan on kind_type kt  (cost=0.00..1.09 rows=2 width=4) (actual time=0.013..0.014 rows=2 loops=1)
                                                         Filter: ((kind)::text = ANY ('{"tv movie","video game"}'::text[]))
                                                         Rows Removed by Filter: 5
                                                         Buffers: shared hit=1
                                       ->  Index Scan using movie_id_movie_info on movie_info mi1  (cost=0.43..42.40 rows=1 width=8) (actual time=0.172..0.172 rows=1 loops=1619)
                                             Index Cond: (movie_id = t.id)
                                             Filter: ((info_type_id = 3) AND ((info)::text = ANY ('{Comedy,Crime,Drama,Romance,Sci-Fi,Western}'::text[])))
                                             Rows Removed by Filter: 26
                                             Buffers: shared hit=11690 read=12943
                                 ->  Index Scan using movie_id_cast_info on cast_info ci  (cost=0.44..43.28 rows=38 width=12) (actual time=0.036..0.626 rows=63 loops=1472)
                                       Index Cond: (movie_id = t.id)
                                       Buffers: shared hit=65213 read=28411
                           ->  Hash  (cost=1.15..1.15 rows=1 width=4) (actual time=0.017..0.018 rows=1 loops=1)
                                 Buckets: 1024  Batches: 1  Memory Usage: 9kB
                                 Buffers: shared hit=1
                                 ->  Seq Scan on role_type rt  (cost=0.00..1.15 rows=1 width=4) (actual time=0.010..0.012 rows=1 loops=1)
                                       Filter: ((role)::text = 'writer'::text)
                                       Rows Removed by Filter: 11
                                       Buffers: shared hit=1
                     ->  Index Scan using name_pkey on name n  (cost=0.43..2.32 rows=1 width=4) (actual time=0.035..0.035 rows=0 loops=3123)
                           Index Cond: (id = ci.person_id)
                           Filter: ((gender)::text = 'f'::text)
                           Rows Removed by Filter: 1
                           Buffers: shared hit=10632 read=1860
 Planning:
   Buffers: shared hit=552 read=22
 Planning Time: 14.546 ms
 Execution Time: 4104.769 ms
(73 rows)

