                                                                                                                        QUERY PLAN                                                                                                                         
-----------------------------------------------------------------------------------------------------------------------------------------------------------------------------------------------------------------------------------------------------------
 Aggregate  (cost=495669.70..495669.71 rows=1 width=8) (actual time=55705.160..55705.166 rows=1 loops=1)
   Buffers: shared hit=5411102 read=397555
   ->  Nested Loop  (cost=4697.45..495669.70 rows=1 width=0) (actual time=46.650..55697.935 rows=15793 loops=1)
         Buffers: shared hit=5411102 read=397555
         ->  Hash Join  (cost=4697.02..495665.06 rows=2 width=4) (actual time=36.667..52623.167 rows=85439 loops=1)
               Hash Cond: (ci.role_id = rt.id)
               Buffers: shared hit=5080070 read=386831
               ->  Nested Loop  (cost=4695.84..495663.83 rows=14 width=8) (actual time=36.236..51819.489 rows=4521231 loops=1)
                     Buffers: shared hit=5080069 read=386831
                     ->  Nested Loop  (cost=4695.40..495620.10 rows=1 width=12) (actual time=36.189..11064.402 rows=44281 loops=1)
                           Buffers: shared hit=799927 read=131975
                           ->  Nested Loop  (cost=4695.40..495617.68 rows=1 width=16) (actual time=36.182..10026.228 rows=44281 loops=1)
                                 Buffers: shared hit=755646 read=131975
                                 ->  Nested Loop  (cost=4695.40..495615.25 rows=1 width=20) (actual time=36.154..8957.581 rows=44281 loops=1)
                                       Buffers: shared hit=711365 read=131975
                                       ->  Hash Join  (cost=4694.97..493916.63 rows=40 width=12) (actual time=22.710..2410.601 rows=30424 loops=1)
                                             Hash Cond: (t.kind_id = kt.id)
                                             Buffers: shared hit=187674 read=31183
                                             ->  Nested Loop  (cost=4693.83..493915.11 rows=92 width=16) (actual time=19.759..2389.027 rows=33193 loops=1)
                                                   Buffers: shared hit=187673 read=31183
                                                   ->  Bitmap Heap Scan on movie_info mi2  (cost=4693.40..492782.47 rows=134 width=8) (actual time=19.659..635.797 rows=49821 loops=1)
                                                         Recheck Cond: (info_type_id = 5)
                                                         Filter: ((info)::text = ANY ('{Argentina:13,"Hong Kong:IIB",Iceland:16,Ireland:15A,Malaysia:U,Netherlands:AL,Singapore:PG,"South Korea:15",Spain:13,Spain:18,Sweden:15,Switzerland:12}'::text[]))
                                                         Rows Removed by Filter: 436733
                                                         Heap Blocks: exact=19164
                                                         Buffers: shared hit=4264 read=15308
                                                         ->  Bitmap Index Scan on info_type_id_movie_info  (cost=0.00..4693.37 rows=439058 width=0) (actual time=16.733..16.733 rows=486554 loops=1)
                                                               Index Cond: (info_type_id = 5)
                                                               Buffers: shared hit=330 read=78
                                                   ->  Index Scan using title_pkey on title t  (cost=0.43..8.45 rows=1 width=8) (actual time=0.034..0.034 rows=1 loops=49821)
                                                         Index Cond: (id = mi2.movie_id)
                                                         Filter: ((production_year <= 2015) AND (1990 < production_year))
                                                         Rows Removed by Filter: 0
                                                         Buffers: shared hit=183409 read=15875
                                             ->  Hash  (cost=1.10..1.10 rows=3 width=4) (actual time=0.020..0.021 rows=3 loops=1)
                                                   Buckets: 1024  Batches: 1  Memory Usage: 9kB
                                                   Buffers: shared hit=1
                                                   ->  Seq Scan on kind_type kt  (cost=0.00..1.10 rows=3 width=4) (actual time=0.011..0.013 rows=3 loops=1)
                                                         Filter: ((kind)::text = ANY ('{episode,movie,"video movie"}'::text[]))
                                                         Rows Removed by Filter: 4
                                                         Buffers: shared hit=1
                                       ->  Index Scan using movie_id_movie_info on movie_info mi1  (cost=0.43..42.46 rows=1 width=8) (actual time=0.212..0.214 rows=1 loops=30424)
                                             Index Cond: (movie_id = t.id)
                                             Filter: ((info_type_id = 3) AND ((info)::text = ANY ('{Action,Adventure,Comedy,Crime,Drama,Thriller}'::text[])))
                                             Rows Removed by Filter: 110
                                             Buffers: shared hit=523691 read=100792
                                 ->  Seq Scan on info_type it1  (cost=0.00..2.41 rows=1 width=4) (actual time=0.011..0.022 rows=1 loops=44281)
                                       Filter: (id = 3)
                                       Rows Removed by Filter: 112
                                       Buffers: shared hit=44281
                           ->  Seq Scan on info_type it2  (cost=0.00..2.41 rows=1 width=4) (actual time=0.011..0.021 rows=1 loops=44281)
                                 Filter: (id = 5)
                                 Rows Removed by Filter: 112
                                 Buffers: shared hit=44281
                     ->  Index Scan using movie_id_cast_info on cast_info ci  (cost=0.44..43.36 rows=38 width=12) (actual time=0.035..0.893 rows=102 loops=44281)
                           Index Cond: (movie_id = t.id)
                           Buffers: shared hit=4280142 read=254856
               ->  Hash  (cost=1.15..1.15 rows=2 width=4) (actual time=0.042..0.042 rows=2 loops=1)
                     Buckets: 1024  Batches: 1  Memory Usage: 9kB
                     Buffers: shared hit=1
                     ->  Seq Scan on role_type rt  (cost=0.00..1.15 rows=2 width=4) (actual time=0.030..0.032 rows=2 loops=1)
                           Filter: ((role)::text = ANY ('{cinematographer,"costume designer"}'::text[]))
                           Rows Removed by Filter: 10
                           Buffers: shared hit=1
         ->  Index Scan using name_pkey on name n  (cost=0.43..2.32 rows=1 width=4) (actual time=0.035..0.035 rows=0 loops=85439)
               Index Cond: (id = ci.person_id)
               Filter: ((gender)::text = 'f'::text)
               Rows Removed by Filter: 1
               Buffers: shared hit=331032 read=10724
 Planning:
   Buffers: shared hit=574
 Planning Time: 12.939 ms
 Execution Time: 55705.816 ms
(73 rows)

