                                                                                                           QUERY PLAN                                                                                                            
---------------------------------------------------------------------------------------------------------------------------------------------------------------------------------------------------------------------------------
 Aggregate  (cost=480466.09..480466.10 rows=1 width=8) (actual time=3390.372..3390.381 rows=1 loops=1)
   Buffers: shared hit=294324 read=54206
   ->  Nested Loop  (cost=4697.81..480466.08 rows=2 width=0) (actual time=402.568..3390.178 rows=1127 loops=1)
         Buffers: shared hit=294324 read=54206
         ->  Seq Scan on info_type it2  (cost=0.00..2.41 rows=1 width=4) (actual time=0.042..0.052 rows=1 loops=1)
               Filter: (id = 5)
               Rows Removed by Filter: 112
               Buffers: shared hit=1
         ->  Nested Loop  (cost=4697.81..480463.65 rows=2 width=4) (actual time=402.523..3389.916 rows=1127 loops=1)
               Buffers: shared hit=294323 read=54206
               ->  Seq Scan on info_type it1  (cost=0.00..2.41 rows=1 width=4) (actual time=0.012..0.023 rows=1 loops=1)
                     Filter: (id = 3)
                     Rows Removed by Filter: 112
                     Buffers: shared hit=1
               ->  Nested Loop  (cost=4697.81..480461.22 rows=2 width=8) (actual time=402.508..3389.676 rows=1127 loops=1)
                     Buffers: shared hit=294322 read=54206
                     ->  Hash Join  (cost=4697.38..480451.94 rows=4 width=12) (actual time=402.446..3351.303 rows=1127 loops=1)
                           Hash Cond: (ci.role_id = rt.id)
                           Buffers: shared hit=290804 read=53216
                           ->  Nested Loop  (cost=4696.21..480450.62 rows=43 width=16) (actual time=32.670..3350.310 rows=3951 loops=1)
                                 Buffers: shared hit=290803 read=53216
                                 ->  Nested Loop  (cost=4695.77..480315.98 rows=3 width=20) (actual time=28.564..3295.187 rows=350 loops=1)
                                       Buffers: shared hit=287736 read=51438
                                       ->  Hash Join  (cost=4695.34..476126.70 rows=97 width=12) (actual time=20.537..3207.786 rows=439 loops=1)
                                             Hash Cond: (t.kind_id = kt.id)
                                             Buffers: shared hit=284266 read=47591
                                             ->  Nested Loop  (cost=4694.20..476124.62 rows=226 width=16) (actual time=20.496..3199.708 rows=39052 loops=1)
                                                   Buffers: shared hit=284265 read=47591
                                                   ->  Bitmap Heap Scan on movie_info mi2  (cost=4693.77..463120.47 rows=1618 width=8) (actual time=20.457..531.318 rows=78071 loops=1)
                                                         Recheck Cond: (info_type_id = 5)
                                                         Filter: ((info)::text = ANY ('{Argentina:13,Argentina:Atp,Australia:G,Finland:K-16,Sweden:15,UK:A,USA:Approved,USA:TV-G,"West Germany:16","West Germany:18"}'::text[]))
                                                         Rows Removed by Filter: 408483
                                                         Heap Blocks: exact=19164
                                                         Buffers: shared hit=963 read=18609
                                                         ->  Bitmap Index Scan on info_type_id_movie_info  (cost=0.00..4693.37 rows=439058 width=0) (actual time=17.821..17.822 rows=486554 loops=1)
                                                               Index Cond: (info_type_id = 5)
                                                               Buffers: shared read=408
                                                   ->  Index Scan using title_pkey on title t  (cost=0.43..8.04 rows=1 width=8) (actual time=0.034..0.034 rows=1 loops=78071)
                                                         Index Cond: (id = mi2.movie_id)
                                                         Filter: ((production_year <= 1975) AND (1925 < production_year))
                                                         Rows Removed by Filter: 0
                                                         Buffers: shared hit=283302 read=28982
                                             ->  Hash  (cost=1.10..1.10 rows=3 width=4) (actual time=0.015..0.016 rows=3 loops=1)
                                                   Buckets: 1024  Batches: 1  Memory Usage: 9kB
                                                   Buffers: shared hit=1
                                                   ->  Seq Scan on kind_type kt  (cost=0.00..1.10 rows=3 width=4) (actual time=0.010..0.011 rows=3 loops=1)
                                                         Filter: ((kind)::text = ANY ('{"tv series","video game","video movie"}'::text[]))
                                                         Rows Removed by Filter: 4
                                                         Buffers: shared hit=1
                                       ->  Index Scan using movie_id_movie_info on movie_info mi1  (cost=0.43..43.18 rows=1 width=8) (actual time=0.192..0.198 rows=1 loops=439)
                                             Index Cond: (movie_id = t.id)
                                             Filter: ((info_type_id = 3) AND ((info)::text = ANY ('{Action,Comedy,Documentary,Drama,Romance}'::text[])))
                                             Rows Removed by Filter: 55
                                             Buffers: shared hit=3470 read=3847
                                 ->  Index Scan using movie_id_cast_info on cast_info ci  (cost=0.44..44.50 rows=38 width=12) (actual time=0.041..0.154 rows=11 loops=350)
                                       Index Cond: (movie_id = t.id)
                                       Buffers: shared hit=3067 read=1778
                           ->  Hash  (cost=1.15..1.15 rows=1 width=4) (actual time=0.017..0.018 rows=1 loops=1)
                                 Buckets: 1024  Batches: 1  Memory Usage: 9kB
                                 Buffers: shared hit=1
                                 ->  Seq Scan on role_type rt  (cost=0.00..1.15 rows=1 width=4) (actual time=0.010..0.012 rows=1 loops=1)
                                       Filter: ((role)::text = 'actor'::text)
                                       Rows Removed by Filter: 11
                                       Buffers: shared hit=1
                     ->  Index Scan using name_pkey on name n  (cost=0.43..2.32 rows=1 width=4) (actual time=0.033..0.033 rows=1 loops=1127)
                           Index Cond: (id = ci.person_id)
                           Filter: ((gender)::text = 'm'::text)
                           Buffers: shared hit=3518 read=990
 Planning:
   Buffers: shared hit=484 read=90
 Planning Time: 14.300 ms
 Execution Time: 3391.011 ms
(72 rows)

