                                                                                                                                      QUERY PLAN                                                                                                                                       
---------------------------------------------------------------------------------------------------------------------------------------------------------------------------------------------------------------------------------------------------------------------------------------
 Aggregate  (cost=546878.99..546879.00 rows=1 width=8) (actual time=50877.214..50877.220 rows=1 loops=1)
   Buffers: shared hit=4683997 read=598910
   ->  Nested Loop  (cost=4697.66..546878.97 rows=5 width=0) (actual time=113.750..50875.467 rows=3286 loops=1)
         Buffers: shared hit=4683997 read=598910
         ->  Seq Scan on info_type it2  (cost=0.00..2.41 rows=1 width=4) (actual time=0.035..0.044 rows=1 loops=1)
               Filter: (id = 5)
               Rows Removed by Filter: 112
               Buffers: shared hit=1
         ->  Nested Loop  (cost=4697.66..546876.51 rows=5 width=4) (actual time=113.714..50874.433 rows=3286 loops=1)
               Buffers: shared hit=4683996 read=598910
               ->  Seq Scan on info_type it1  (cost=0.00..2.41 rows=1 width=4) (actual time=0.006..0.017 rows=1 loops=1)
                     Filter: (id = 3)
                     Rows Removed by Filter: 112
                     Buffers: shared hit=1
               ->  Nested Loop  (cost=4697.66..546874.05 rows=5 width=8) (actual time=113.705..50873.328 rows=3286 loops=1)
                     Buffers: shared hit=4683995 read=598910
                     ->  Hash Join  (cost=4697.23..546823.02 rows=22 width=12) (actual time=29.191..48503.867 rows=64168 loops=1)
                           Hash Cond: (ci.role_id = rt.id)
                           Buffers: shared hit=4445261 read=580972
                           ->  Nested Loop  (cost=4696.07..546820.93 rows=258 width=16) (actual time=28.796..47817.893 rows=3906955 loops=1)
                                 Buffers: shared hit=4445260 read=580972
                                 ->  Nested Loop  (cost=4695.63..546035.06 rows=18 width=20) (actual time=28.756..10914.063 rows=55039 loops=1)
                                       Buffers: shared hit=893006 read=167999
                                       ->  Hash Join  (cost=4695.17..530158.76 rows=375 width=12) (actual time=19.011..2754.680 rows=48479 loops=1)
                                             Hash Cond: (t.kind_id = kt.id)
                                             Buffers: shared hit=208175 read=38426
                                             ->  Nested Loop  (cost=4694.03..530153.94 rows=875 width=16) (actual time=18.780..2723.204 rows=56078 loops=1)
                                                   Buffers: shared hit=208174 read=38426
                                                   ->  Bitmap Heap Scan on movie_info mi2  (cost=4693.60..522445.04 rows=939 width=8) (actual time=18.729..661.594 rows=56757 loops=1)
                                                         Recheck Cond: (info_type_id = 5)
                                                         Filter: ((info)::text = ANY ('{Australia:G,Australia:PG,Australia:R,Brazil:Livre,Germany:12,Italy:VM14,Netherlands:16,Norway:16,Singapore:M18,Singapore:R21,UK:12A,USA:Unrated,"West Germany:16","West Germany:6"}'::text[]))
                                                         Rows Removed by Filter: 429797
                                                         Heap Blocks: exact=19164
                                                         Buffers: shared hit=5130 read=14442
                                                         ->  Bitmap Index Scan on info_type_id_movie_info  (cost=0.00..4693.37 rows=439058 width=0) (actual time=16.140..16.141 rows=486554 loops=1)
                                                               Index Cond: (info_type_id = 5)
                                                               Buffers: shared read=408
                                                   ->  Index Scan using title_pkey on title t  (cost=0.43..8.21 rows=1 width=8) (actual time=0.035..0.035 rows=1 loops=56757)
                                                         Index Cond: (id = mi2.movie_id)
                                                         Filter: ((production_year <= 2015) AND (1925 < production_year))
                                                         Rows Removed by Filter: 0
                                                         Buffers: shared hit=203044 read=23984
                                             ->  Hash  (cost=1.10..1.10 rows=3 width=4) (actual time=0.013..0.014 rows=3 loops=1)
                                                   Buckets: 1024  Batches: 1  Memory Usage: 9kB
                                                   Buffers: shared hit=1
                                                   ->  Seq Scan on kind_type kt  (cost=0.00..1.10 rows=3 width=4) (actual time=0.007..0.009 rows=3 loops=1)
                                                         Filter: ((kind)::text = ANY ('{episode,movie,"video movie"}'::text[]))
                                                         Rows Removed by Filter: 4
                                                         Buffers: shared hit=1
                                       ->  Index Scan using movie_id_movie_info on movie_info mi1  (cost=0.46..42.33 rows=1 width=8) (actual time=0.166..0.167 rows=1 loops=48479)
                                             Index Cond: (movie_id = t.id)
                                             Filter: ((info_type_id = 3) AND ((info)::text = ANY ('{Action,Comedy,Crime,Documentary,Drama,Family,Fantasy,Musical,Short,Thriller}'::text[])))
                                             Rows Removed by Filter: 65
                                             Buffers: shared hit=684831 read=129573
                                 ->  Index Scan using movie_id_cast_info on cast_info ci  (cost=0.44..43.28 rows=38 width=12) (actual time=0.035..0.650 rows=71 loops=55039)
                                       Index Cond: (movie_id = t.id)
                                       Buffers: shared hit=3552254 read=412973
                           ->  Hash  (cost=1.15..1.15 rows=1 width=4) (actual time=0.013..0.013 rows=1 loops=1)
                                 Buckets: 1024  Batches: 1  Memory Usage: 9kB
                                 Buffers: shared hit=1
                                 ->  Seq Scan on role_type rt  (cost=0.00..1.15 rows=1 width=4) (actual time=0.008..0.008 rows=1 loops=1)
                                       Filter: ((role)::text = 'editor'::text)
                                       Rows Removed by Filter: 11
                                       Buffers: shared hit=1
                     ->  Index Scan using name_pkey on name n  (cost=0.43..2.32 rows=1 width=4) (actual time=0.036..0.036 rows=0 loops=64168)
                           Index Cond: (id = ci.person_id)
                           Filter: ((gender)::text = 'f'::text)
                           Rows Removed by Filter: 1
                           Buffers: shared hit=238734 read=17938
 Planning:
   Buffers: shared hit=531 read=46
 Planning Time: 12.834 ms
 Execution Time: 50877.838 ms
(73 rows)

