                                                                                             QUERY PLAN                                                                                              
-----------------------------------------------------------------------------------------------------------------------------------------------------------------------------------------------------
 Aggregate  (cost=344965.75..344965.76 rows=1 width=8) (actual time=606.414..606.419 rows=1 loops=1)
   Buffers: shared hit=27560 read=32658
   ->  Nested Loop  (cost=4697.42..344965.75 rows=1 width=0) (actual time=71.836..606.398 rows=46 loops=1)
         Buffers: shared hit=27560 read=32658
         ->  Hash Join  (cost=4696.99..344961.11 rows=2 width=4) (actual time=32.539..585.285 rows=677 loops=1)
               Hash Cond: (ci.role_id = rt.id)
               Buffers: shared hit=25652 read=31858
               ->  Nested Loop  (cost=4695.81..344959.89 rows=14 width=8) (actual time=32.472..584.322 rows=8941 loops=1)
                     Buffers: shared hit=25651 read=31858
                     ->  Nested Loop  (cost=4695.37..344916.15 rows=1 width=12) (actual time=32.430..492.633 rows=231 loops=1)
                           Buffers: shared hit=20043 read=28502
                           ->  Nested Loop  (cost=4695.37..344913.73 rows=1 width=16) (actual time=32.425..490.495 rows=231 loops=1)
                                 Buffers: shared hit=19812 read=28502
                                 ->  Nested Loop  (cost=4695.37..344911.31 rows=1 width=20) (actual time=32.402..488.388 rows=231 loops=1)
                                       Buffers: shared hit=19581 read=28502
                                       ->  Hash Join  (cost=4694.94..344657.75 rows=6 width=12) (actual time=24.847..438.018 rows=374 loops=1)
                                             Hash Cond: (t.kind_id = kt.id)
                                             Buffers: shared hit=17633 read=24904
                                             ->  Nested Loop  (cost=4693.81..344656.55 rows=15 width=16) (actual time=24.794..437.381 rows=4367 loops=1)
                                                   Buffers: shared hit=17632 read=24904
                                                   ->  Bitmap Heap Scan on movie_info mi2  (cost=4693.38..344470.60 rows=22 width=8) (actual time=24.749..272.426 rows=5741 loops=1)
                                                         Recheck Cond: (info_type_id = 5)
                                                         Filter: ((info)::text = ANY ('{"South Korea:18",Spain:T}'::text[]))
                                                         Rows Removed by Filter: 480813
                                                         Heap Blocks: exact=19164
                                                         Buffers: shared hit=1071 read=18501
                                                         ->  Bitmap Index Scan on info_type_id_movie_info  (cost=0.00..4693.37 rows=439058 width=0) (actual time=18.152..18.152 rows=486554 loops=1)
                                                               Index Cond: (info_type_id = 5)
                                                               Buffers: shared read=408
                                                   ->  Index Scan using title_pkey on title t  (cost=0.43..8.45 rows=1 width=8) (actual time=0.028..0.028 rows=1 loops=5741)
                                                         Index Cond: (id = mi2.movie_id)
                                                         Filter: ((production_year <= 2015) AND (1990 < production_year))
                                                         Rows Removed by Filter: 0
                                                         Buffers: shared hit=16561 read=6403
                                             ->  Hash  (cost=1.10..1.10 rows=3 width=4) (actual time=0.026..0.026 rows=3 loops=1)
                                                   Buckets: 1024  Batches: 1  Memory Usage: 9kB
                                                   Buffers: shared hit=1
                                                   ->  Seq Scan on kind_type kt  (cost=0.00..1.10 rows=3 width=4) (actual time=0.010..0.012 rows=3 loops=1)
                                                         Filter: ((kind)::text = ANY ('{"tv movie","tv series","video game"}'::text[]))
                                                         Rows Removed by Filter: 4
                                                         Buffers: shared hit=1
                                       ->  Index Scan using movie_id_movie_info on movie_info mi1  (cost=0.43..42.25 rows=1 width=8) (actual time=0.132..0.134 rows=1 loops=374)
                                             Index Cond: (movie_id = t.id)
                                             Filter: (((info)::text = ANY ('{Comedy,Drama}'::text[])) AND (info_type_id = 3))
                                             Rows Removed by Filter: 39
                                             Buffers: shared hit=1948 read=3598
                                 ->  Seq Scan on info_type it1  (cost=0.00..2.41 rows=1 width=4) (actual time=0.004..0.008 rows=1 loops=231)
                                       Filter: (id = 3)
                                       Rows Removed by Filter: 112
                                       Buffers: shared hit=231
                           ->  Seq Scan on info_type it2  (cost=0.00..2.41 rows=1 width=4) (actual time=0.004..0.008 rows=1 loops=231)
                                 Filter: (id = 5)
                                 Rows Removed by Filter: 112
                                 Buffers: shared hit=231
                     ->  Index Scan using movie_id_cast_info on cast_info ci  (cost=0.44..43.36 rows=38 width=12) (actual time=0.035..0.391 rows=39 loops=231)
                           Index Cond: (movie_id = t.id)
                           Buffers: shared hit=5608 read=3356
               ->  Hash  (cost=1.15..1.15 rows=2 width=4) (actual time=0.037..0.038 rows=2 loops=1)
                     Buckets: 1024  Batches: 1  Memory Usage: 9kB
                     Buffers: shared hit=1
                     ->  Seq Scan on role_type rt  (cost=0.00..1.15 rows=2 width=4) (actual time=0.028..0.030 rows=2 loops=1)
                           Filter: ((role)::text = ANY ('{director,writer}'::text[]))
                           Rows Removed by Filter: 10
                           Buffers: shared hit=1
         ->  Index Scan using name_pkey on name n  (cost=0.43..2.32 rows=1 width=4) (actual time=0.031..0.031 rows=0 loops=677)
               Index Cond: (id = ci.person_id)
               Filter: ((gender)::text = 'f'::text)
               Rows Removed by Filter: 1
               Buffers: shared hit=1908 read=800
 Planning:
   Buffers: shared hit=483 read=91
 Planning Time: 14.675 ms
 Execution Time: 606.983 ms
(73 rows)

