                                                                                             QUERY PLAN                                                                                              
-----------------------------------------------------------------------------------------------------------------------------------------------------------------------------------------------------
 Aggregate  (cost=427038.27..427038.28 rows=1 width=8) (actual time=4156.977..4156.983 rows=1 loops=1)
   Buffers: shared hit=356040 read=73090
   ->  Nested Loop  (cost=4697.51..427038.27 rows=1 width=0) (actual time=82.978..4156.886 rows=164 loops=1)
         Buffers: shared hit=356040 read=73090
         ->  Nested Loop  (cost=4697.51..427035.85 rows=1 width=4) (actual time=82.429..4153.415 rows=164 loops=1)
               Buffers: shared hit=355876 read=73090
               ->  Nested Loop  (cost=4697.51..427033.42 rows=1 width=8) (actual time=82.408..4149.346 rows=164 loops=1)
                     Buffers: shared hit=355712 read=73090
                     ->  Hash Join  (cost=4697.08..427021.83 rows=5 width=12) (actual time=26.427..3994.256 rows=4153 loops=1)
                           Hash Cond: (ci.role_id = rt.id)
                           Buffers: shared hit=341621 read=70569
                           ->  Nested Loop  (cost=4695.90..427020.55 rows=29 width=16) (actual time=20.723..3974.731 rows=122869 loops=1)
                                 Buffers: shared hit=341620 read=70569
                                 ->  Nested Loop  (cost=4695.46..426933.16 rows=2 width=20) (actual time=20.684..2755.584 rows=2629 loops=1)
                                       Buffers: shared hit=247041 read=40123
                                       ->  Hash Join  (cost=4695.03..422482.34 rows=105 width=12) (actual time=20.397..1938.965 rows=6174 loops=1)
                                             Hash Cond: (t.kind_id = kt.id)
                                             Buffers: shared hit=193664 read=13373
                                             ->  Nested Loop  (cost=4693.92..422479.69 rows=366 width=16) (actual time=20.348..1929.205 rows=40569 loops=1)
                                                   Buffers: shared hit=193663 read=13373
                                                   ->  Bitmap Heap Scan on movie_info mi2  (cost=4693.49..418626.63 rows=462 width=8) (actual time=20.231..421.467 rows=46866 loops=1)
                                                         Recheck Cond: (info_type_id = 5)
                                                         Filter: ((info)::text = ANY ('{Germany:18,India:U,Netherlands:6,Singapore:PG,"USA:Not Rated",USA:PG,USA:R}'::text[]))
                                                         Rows Removed by Filter: 439688
                                                         Heap Blocks: exact=19164
                                                         Buffers: shared hit=18749 read=823
                                                         ->  Bitmap Index Scan on info_type_id_movie_info  (cost=0.00..4693.37 rows=439058 width=0) (actual time=17.391..17.391 rows=486554 loops=1)
                                                               Index Cond: (info_type_id = 5)
                                                               Buffers: shared hit=408
                                                   ->  Index Scan using title_pkey on title t  (cost=0.43..8.34 rows=1 width=8) (actual time=0.032..0.032 rows=1 loops=46866)
                                                         Index Cond: (id = mi2.movie_id)
                                                         Filter: ((production_year <= 2015) AND (1975 < production_year))
                                                         Rows Removed by Filter: 0
                                                         Buffers: shared hit=174914 read=12550
                                             ->  Hash  (cost=1.09..1.09 rows=2 width=4) (actual time=0.020..0.021 rows=2 loops=1)
                                                   Buckets: 1024  Batches: 1  Memory Usage: 9kB
                                                   Buffers: shared hit=1
                                                   ->  Seq Scan on kind_type kt  (cost=0.00..1.09 rows=2 width=4) (actual time=0.012..0.013 rows=2 loops=1)
                                                         Filter: ((kind)::text = ANY ('{episode,"video movie"}'::text[]))
                                                         Rows Removed by Filter: 5
                                                         Buffers: shared hit=1
                                       ->  Index Scan using movie_id_movie_info on movie_info mi1  (cost=0.43..42.38 rows=1 width=8) (actual time=0.131..0.132 rows=0 loops=6174)
                                             Index Cond: (movie_id = t.id)
                                             Filter: ((info_type_id = 3) AND ((info)::text = ANY ('{Action,Adventure,Comedy,Crime,Drama}'::text[])))
                                             Rows Removed by Filter: 17
                                             Buffers: shared hit=53377 read=26750
                                 ->  Index Scan using movie_id_cast_info on cast_info ci  (cost=0.44..43.32 rows=38 width=12) (actual time=0.038..0.452 rows=47 loops=2629)
                                       Index Cond: (movie_id = t.id)
                                       Buffers: shared hit=94579 read=30446
                           ->  Hash  (cost=1.15..1.15 rows=2 width=4) (actual time=0.037..0.037 rows=2 loops=1)
                                 Buckets: 1024  Batches: 1  Memory Usage: 9kB
                                 Buffers: shared hit=1
                                 ->  Seq Scan on role_type rt  (cost=0.00..1.15 rows=2 width=4) (actual time=0.029..0.030 rows=2 loops=1)
                                       Filter: ((role)::text = ANY ('{editor,"production designer"}'::text[]))
                                       Rows Removed by Filter: 10
                                       Buffers: shared hit=1
                     ->  Index Scan using name_pkey on name n  (cost=0.43..2.32 rows=1 width=4) (actual time=0.037..0.037 rows=0 loops=4153)
                           Index Cond: (id = ci.person_id)
                           Filter: ((gender)::text = 'f'::text)
                           Rows Removed by Filter: 1
                           Buffers: shared hit=14091 read=2521
               ->  Seq Scan on info_type it1  (cost=0.00..2.41 rows=1 width=4) (actual time=0.014..0.022 rows=1 loops=164)
                     Filter: (id = 3)
                     Rows Removed by Filter: 112
                     Buffers: shared hit=164
         ->  Seq Scan on info_type it2  (cost=0.00..2.41 rows=1 width=4) (actual time=0.011..0.019 rows=1 loops=164)
               Filter: (id = 5)
               Rows Removed by Filter: 112
               Buffers: shared hit=164
 Planning:
   Buffers: shared hit=574
 Planning Time: 13.700 ms
 Execution Time: 4157.645 ms
(73 rows)

