                                                                                             QUERY PLAN                                                                                              
-----------------------------------------------------------------------------------------------------------------------------------------------------------------------------------------------------
 Aggregate  (cost=413026.78..413026.79 rows=1 width=8) (actual time=1931.638..1931.646 rows=1 loops=1)
   Buffers: shared hit=160837 read=35406
   ->  Nested Loop  (cost=4697.59..413026.78 rows=1 width=0) (actual time=281.619..1931.628 rows=17 loops=1)
         Buffers: shared hit=160837 read=35406
         ->  Nested Loop  (cost=4697.59..413024.35 rows=1 width=4) (actual time=281.612..1931.381 rows=17 loops=1)
               Buffers: shared hit=160820 read=35406
               ->  Nested Loop  (cost=4697.59..413021.93 rows=1 width=8) (actual time=281.593..1931.100 rows=17 loops=1)
                     Buffers: shared hit=160803 read=35406
                     ->  Hash Join  (cost=4697.16..413017.29 rows=2 width=12) (actual time=281.540..1929.336 rows=70 loops=1)
                           Hash Cond: (ci.role_id = rt.id)
                           Buffers: shared hit=160571 read=35358
                           ->  Nested Loop  (cost=4696.00..413016.03 rows=29 width=16) (actual time=23.068..1928.133 rows=7667 loops=1)
                                 Buffers: shared hit=160570 read=35358
                                 ->  Nested Loop  (cost=4695.56..412927.28 rows=2 width=20) (actual time=23.029..1834.702 rows=551 loops=1)
                                       Buffers: shared hit=154930 read=31963
                                       ->  Hash Join  (cost=4695.12..409967.35 rows=69 width=12) (actual time=20.988..1749.124 rows=490 loops=1)
                                             Hash Cond: (t.kind_id = kt.id)
                                             Buffers: shared hit=151598 read=27543
                                             ->  Nested Loop  (cost=4693.99..409965.53 rows=161 width=16) (actual time=20.941..1744.989 rows=20105 loops=1)
                                                   Buffers: shared hit=151597 read=27543
                                                   ->  Bitmap Heap Scan on movie_info mi2  (cost=4693.56..403795.52 rows=747 width=8) (actual time=20.880..425.349 rows=39892 loops=1)
                                                         Recheck Cond: (info_type_id = 5)
                                                         Filter: ((info)::text = ANY ('{Argentina:13,Australia:G,Finland:K-16,Finland:K-18,Norway:16,"West Germany:16"}'::text[]))
                                                         Rows Removed by Filter: 446662
                                                         Heap Blocks: exact=19164
                                                         Buffers: shared hit=3141 read=16431
                                                         ->  Bitmap Index Scan on info_type_id_movie_info  (cost=0.00..4693.37 rows=439058 width=0) (actual time=18.199..18.200 rows=486554 loops=1)
                                                               Index Cond: (info_type_id = 5)
                                                               Buffers: shared read=408
                                                   ->  Index Scan using title_pkey on title t  (cost=0.43..8.26 rows=1 width=8) (actual time=0.033..0.033 rows=1 loops=39892)
                                                         Index Cond: (id = mi2.movie_id)
                                                         Filter: ((production_year <= 1990) AND (1950 < production_year))
                                                         Rows Removed by Filter: 0
                                                         Buffers: shared hit=148456 read=11112
                                             ->  Hash  (cost=1.10..1.10 rows=3 width=4) (actual time=0.019..0.020 rows=3 loops=1)
                                                   Buckets: 1024  Batches: 1  Memory Usage: 9kB
                                                   Buffers: shared hit=1
                                                   ->  Seq Scan on kind_type kt  (cost=0.00..1.10 rows=3 width=4) (actual time=0.010..0.012 rows=3 loops=1)
                                                         Filter: ((kind)::text = ANY ('{"tv series","video game","video movie"}'::text[]))
                                                         Rows Removed by Filter: 4
                                                         Buffers: shared hit=1
                                       ->  Index Scan using movie_id_movie_info on movie_info mi1  (cost=0.43..42.89 rows=1 width=8) (actual time=0.170..0.174 rows=1 loops=490)
                                             Index Cond: (movie_id = t.id)
                                             Filter: ((info_type_id = 3) AND ((info)::text = ANY ('{Comedy,Crime,Drama,Family,Thriller,Western}'::text[])))
                                             Rows Removed by Filter: 52
                                             Buffers: shared hit=3332 read=4420
                                 ->  Index Scan using movie_id_cast_info on cast_info ci  (cost=0.44..43.99 rows=38 width=12) (actual time=0.032..0.166 rows=14 loops=551)
                                       Index Cond: (movie_id = t.id)
                                       Buffers: shared hit=5640 read=3395
                           ->  Hash  (cost=1.15..1.15 rows=1 width=4) (actual time=0.035..0.035 rows=1 loops=1)
                                 Buckets: 1024  Batches: 1  Memory Usage: 9kB
                                 Buffers: shared hit=1
                                 ->  Seq Scan on role_type rt  (cost=0.00..1.15 rows=1 width=4) (actual time=0.028..0.029 rows=1 loops=1)
                                       Filter: ((role)::text = 'production designer'::text)
                                       Rows Removed by Filter: 11
                                       Buffers: shared hit=1
                     ->  Index Scan using name_pkey on name n  (cost=0.43..2.32 rows=1 width=4) (actual time=0.024..0.024 rows=0 loops=70)
                           Index Cond: (id = ci.person_id)
                           Filter: ((gender)::text = 'm'::text)
                           Rows Removed by Filter: 1
                           Buffers: shared hit=232 read=48
               ->  Seq Scan on info_type it1  (cost=0.00..2.41 rows=1 width=4) (actual time=0.007..0.014 rows=1 loops=17)
                     Filter: (id = 3)
                     Rows Removed by Filter: 112
                     Buffers: shared hit=17
         ->  Seq Scan on info_type it2  (cost=0.00..2.41 rows=1 width=4) (actual time=0.005..0.013 rows=1 loops=17)
               Filter: (id = 5)
               Rows Removed by Filter: 112
               Buffers: shared hit=17
 Planning:
   Buffers: shared hit=529 read=45
 Planning Time: 14.251 ms
 Execution Time: 1932.272 ms
(73 rows)

