                                                                                                                        QUERY PLAN                                                                                                                        
----------------------------------------------------------------------------------------------------------------------------------------------------------------------------------------------------------------------------------------------------------
 Aggregate  (cost=510122.75..510122.76 rows=1 width=8) (actual time=33628.258..33628.265 rows=1 loops=1)
   Buffers: shared hit=3061800 read=378250
   ->  Nested Loop  (cost=4697.43..510122.75 rows=1 width=0) (actual time=55.819..33624.193 rows=8239 loops=1)
         Buffers: shared hit=3061800 read=378250
         ->  Hash Join  (cost=4697.00..510118.11 rows=2 width=4) (actual time=40.632..32046.845 rows=45610 loops=1)
               Hash Cond: (ci.role_id = rt.id)
               Buffers: shared hit=2889368 read=368242
               ->  Nested Loop  (cost=4695.82..510116.89 rows=14 width=8) (actual time=40.193..31610.107 rows=2481899 loops=1)
                     Buffers: shared hit=2889367 read=368242
                     ->  Nested Loop  (cost=4695.38..510073.15 rows=1 width=12) (actual time=40.142..8672.834 rows=24723 loops=1)
                           Buffers: shared hit=649166 read=124711
                           ->  Nested Loop  (cost=4695.38..510070.73 rows=1 width=16) (actual time=40.134..8133.004 rows=24723 loops=1)
                                 Buffers: shared hit=624443 read=124711
                                 ->  Nested Loop  (cost=4695.38..510068.31 rows=1 width=20) (actual time=40.106..7554.677 rows=24723 loops=1)
                                       Buffers: shared hit=599720 read=124711
                                       ->  Hash Join  (cost=4694.95..508836.80 rows=29 width=12) (actual time=38.258..2330.623 rows=24524 loops=1)
                                             Hash Cond: (t.kind_id = kt.id)
                                             Buffers: shared hit=191191 read=26758
                                             ->  Nested Loop  (cost=4693.84..508835.27 rows=100 width=16) (actual time=20.795..2312.824 rows=34307 loops=1)
                                                   Buffers: shared hit=191190 read=26758
                                                   ->  Bitmap Heap Scan on movie_info mi2  (cost=4693.41..507613.66 rows=145 width=8) (actual time=20.446..584.382 rows=49594 loops=1)
                                                         Recheck Cond: (info_type_id = 5)
                                                         Filter: ((info)::text = ANY ('{Brazil:14,Germany:12,Germany:6,Iceland:16,Netherlands:12,"New Zealand:R16",Norway:15,Singapore:PG,Singapore:R21,Switzerland:10,UK:U,USA:T,USA:Unrated}'::text[]))
                                                         Rows Removed by Filter: 436960
                                                         Heap Blocks: exact=19164
                                                         Buffers: shared hit=13334 read=6238
                                                         ->  Bitmap Index Scan on info_type_id_movie_info  (cost=0.00..4693.37 rows=439058 width=0) (actual time=17.546..17.547 rows=486554 loops=1)
                                                               Index Cond: (info_type_id = 5)
                                                               Buffers: shared hit=408
                                                   ->  Index Scan using title_pkey on title t  (cost=0.43..8.42 rows=1 width=8) (actual time=0.034..0.034 rows=1 loops=49594)
                                                         Index Cond: (id = mi2.movie_id)
                                                         Filter: ((production_year <= 2015) AND (1990 < production_year))
                                                         Rows Removed by Filter: 0
                                                         Buffers: shared hit=177856 read=20520
                                             ->  Hash  (cost=1.09..1.09 rows=2 width=4) (actual time=0.016..0.017 rows=2 loops=1)
                                                   Buckets: 1024  Batches: 1  Memory Usage: 9kB
                                                   Buffers: shared hit=1
                                                   ->  Seq Scan on kind_type kt  (cost=0.00..1.09 rows=2 width=4) (actual time=0.008..0.009 rows=2 loops=1)
                                                         Filter: ((kind)::text = ANY ('{movie,"video movie"}'::text[]))
                                                         Rows Removed by Filter: 5
                                                         Buffers: shared hit=1
                                       ->  Index Scan using movie_id_movie_info on movie_info mi1  (cost=0.43..42.46 rows=1 width=8) (actual time=0.211..0.212 rows=1 loops=24524)
                                             Index Cond: (movie_id = t.id)
                                             Filter: ((info_type_id = 3) AND ((info)::text = ANY ('{Action,Adult,Adventure,Crime,Drama,Family}'::text[])))
                                             Rows Removed by Filter: 110
                                             Buffers: shared hit=408529 read=97953
                                 ->  Seq Scan on info_type it1  (cost=0.00..2.41 rows=1 width=4) (actual time=0.011..0.021 rows=1 loops=24723)
                                       Filter: (id = 3)
                                       Rows Removed by Filter: 112
                                       Buffers: shared hit=24723
                           ->  Seq Scan on info_type it2  (cost=0.00..2.41 rows=1 width=4) (actual time=0.010..0.020 rows=1 loops=24723)
                                 Filter: (id = 5)
                                 Rows Removed by Filter: 112
                                 Buffers: shared hit=24723
                     ->  Index Scan using movie_id_cast_info on cast_info ci  (cost=0.44..43.36 rows=38 width=12) (actual time=0.037..0.901 rows=100 loops=24723)
                           Index Cond: (movie_id = t.id)
                           Buffers: shared hit=2240201 read=243531
               ->  Hash  (cost=1.15..1.15 rows=2 width=4) (actual time=0.035..0.036 rows=2 loops=1)
                     Buckets: 1024  Batches: 1  Memory Usage: 9kB
                     Buffers: shared hit=1
                     ->  Seq Scan on role_type rt  (cost=0.00..1.15 rows=2 width=4) (actual time=0.025..0.027 rows=2 loops=1)
                           Filter: ((role)::text = ANY ('{cinematographer,"costume designer"}'::text[]))
                           Rows Removed by Filter: 10
                           Buffers: shared hit=1
         ->  Index Scan using name_pkey on name n  (cost=0.43..2.32 rows=1 width=4) (actual time=0.034..0.034 rows=0 loops=45610)
               Index Cond: (id = ci.person_id)
               Filter: ((gender)::text = 'f'::text)
               Rows Removed by Filter: 1
               Buffers: shared hit=172432 read=10008
 Planning:
   Buffers: shared hit=574
 Planning Time: 14.189 ms
 Execution Time: 33628.889 ms
(73 rows)

