                                                                                             QUERY PLAN                                                                                              
-----------------------------------------------------------------------------------------------------------------------------------------------------------------------------------------------------
 Aggregate  (cost=411883.83..411883.84 rows=1 width=8) (actual time=1983.830..1983.839 rows=1 loops=1)
   Buffers: shared hit=180052 read=23071
   ->  Nested Loop  (cost=4697.59..411883.83 rows=2 width=0) (actual time=21.426..1983.824 rows=23 loops=1)
         Buffers: shared hit=180052 read=23071
         ->  Hash Join  (cost=4697.16..411872.23 rows=5 width=4) (actual time=21.385..1981.365 rows=69 loops=1)
               Hash Cond: (ci.role_id = rt.id)
               Buffers: shared hit=179823 read=23024
               ->  Nested Loop  (cost=4695.98..411870.95 rows=29 width=8) (actual time=21.055..1981.142 rows=1387 loops=1)
                     Buffers: shared hit=179822 read=23024
                     ->  Nested Loop  (cost=4695.54..411781.85 rows=2 width=12) (actual time=21.021..1969.150 rows=93 loops=1)
                           Buffers: shared hit=178790 read=22436
                           ->  Seq Scan on info_type it2  (cost=0.00..2.41 rows=1 width=4) (actual time=0.030..0.040 rows=1 loops=1)
                                 Filter: (id = 5)
                                 Rows Removed by Filter: 112
                                 Buffers: shared hit=1
                           ->  Nested Loop  (cost=4695.54..411779.41 rows=2 width=16) (actual time=20.990..1969.088 rows=93 loops=1)
                                 Buffers: shared hit=178789 read=22436
                                 ->  Seq Scan on info_type it1  (cost=0.00..2.41 rows=1 width=4) (actual time=0.008..0.021 rows=1 loops=1)
                                       Filter: (id = 3)
                                       Rows Removed by Filter: 112
                                       Buffers: shared hit=1
                                 ->  Nested Loop  (cost=4695.54..411776.98 rows=2 width=20) (actual time=20.978..1969.043 rows=93 loops=1)
                                       Buffers: shared hit=178788 read=22436
                                       ->  Hash Join  (cost=4695.11..409496.94 rows=53 width=12) (actual time=20.631..1944.724 rows=213 loops=1)
                                             Hash Cond: (t.kind_id = kt.id)
                                             Buffers: shared hit=177351 read=21430
                                             ->  Nested Loop  (cost=4693.97..409495.27 rows=125 width=16) (actual time=20.585..1937.598 rows=33588 loops=1)
                                                   Buffers: shared hit=177350 read=21430
                                                   ->  Bitmap Heap Scan on movie_info mi2  (cost=4693.54..403795.50 rows=689 width=8) (actual time=20.549..441.118 rows=44802 loops=1)
                                                         Recheck Cond: (info_type_id = 5)
                                                         Filter: ((info)::text = ANY ('{Belgium:KT,Finland:K-16,Finland:S,UK:PG,USA:Approved,USA:Passed}'::text[]))
                                                         Rows Removed by Filter: 441752
                                                         Heap Blocks: exact=19164
                                                         Buffers: shared hit=2867 read=16705
                                                         ->  Bitmap Index Scan on info_type_id_movie_info  (cost=0.00..4693.37 rows=439058 width=0) (actual time=17.744..17.744 rows=486554 loops=1)
                                                               Index Cond: (info_type_id = 5)
                                                               Buffers: shared read=408
                                                   ->  Index Scan using title_pkey on title t  (cost=0.43..8.27 rows=1 width=8) (actual time=0.033..0.033 rows=1 loops=44802)
                                                         Index Cond: (id = mi2.movie_id)
                                                         Filter: ((production_year <= 1975) AND (1875 < production_year))
                                                         Rows Removed by Filter: 0
                                                         Buffers: shared hit=174483 read=4725
                                             ->  Hash  (cost=1.10..1.10 rows=3 width=4) (actual time=0.019..0.020 rows=3 loops=1)
                                                   Buckets: 1024  Batches: 1  Memory Usage: 9kB
                                                   Buffers: shared hit=1
                                                   ->  Seq Scan on kind_type kt  (cost=0.00..1.10 rows=3 width=4) (actual time=0.008..0.010 rows=3 loops=1)
                                                         Filter: ((kind)::text = ANY ('{"tv series","video game","video movie"}'::text[]))
                                                         Rows Removed by Filter: 4
                                                         Buffers: shared hit=1
                                       ->  Index Scan using movie_id_movie_info on movie_info mi1  (cost=0.43..43.01 rows=1 width=8) (actual time=0.112..0.114 rows=0 loops=213)
                                             Index Cond: (movie_id = t.id)
                                             Filter: ((info_type_id = 3) AND ((info)::text = ANY ('{Action,Adventure,Comedy,Crime,Documentary,Drama}'::text[])))
                                             Rows Removed by Filter: 25
                                             Buffers: shared hit=1437 read=1006
                     ->  Index Scan using movie_id_cast_info on cast_info ci  (cost=0.44..44.17 rows=38 width=12) (actual time=0.037..0.126 rows=15 loops=93)
                           Index Cond: (movie_id = t.id)
                           Buffers: shared hit=1032 read=588
               ->  Hash  (cost=1.15..1.15 rows=2 width=4) (actual time=0.034..0.034 rows=2 loops=1)
                     Buckets: 1024  Batches: 1  Memory Usage: 9kB
                     Buffers: shared hit=1
                     ->  Seq Scan on role_type rt  (cost=0.00..1.15 rows=2 width=4) (actual time=0.025..0.028 rows=2 loops=1)
                           Filter: ((role)::text = ANY ('{composer,producer}'::text[]))
                           Rows Removed by Filter: 10
                           Buffers: shared hit=1
         ->  Index Scan using name_pkey on name n  (cost=0.43..2.32 rows=1 width=4) (actual time=0.035..0.035 rows=0 loops=69)
               Index Cond: (id = ci.person_id)
               Filter: ((gender)::text = 'm'::text)
               Rows Removed by Filter: 1
               Buffers: shared hit=229 read=47
 Planning:
   Buffers: shared hit=519 read=55
 Planning Time: 14.428 ms
 Execution Time: 1984.507 ms
(73 rows)

