                                                                                             QUERY PLAN                                                                                              
-----------------------------------------------------------------------------------------------------------------------------------------------------------------------------------------------------
 Aggregate  (cost=441260.46..441260.47 rows=1 width=8) (actual time=2319.492..2319.501 rows=1 loops=1)
   Buffers: shared hit=201792 read=37419
   ->  Nested Loop  (cost=4697.59..441260.45 rows=1 width=0) (actual time=22.543..2319.475 rows=74 loops=1)
         Buffers: shared hit=201792 read=37419
         ->  Hash Join  (cost=4697.16..441255.82 rows=2 width=4) (actual time=22.327..2312.991 rows=240 loops=1)
               Hash Cond: (ci.role_id = rt.id)
               Buffers: shared hit=201019 read=37232
               ->  Nested Loop  (cost=4695.99..441254.59 rows=14 width=8) (actual time=21.338..2312.328 rows=4829 loops=1)
                     Buffers: shared hit=201018 read=37232
                     ->  Nested Loop  (cost=4695.55..441209.71 rows=1 width=12) (actual time=21.286..2266.001 rows=371 loops=1)
                           Buffers: shared hit=197120 read=35432
                           ->  Nested Loop  (cost=4695.55..441207.29 rows=1 width=16) (actual time=21.281..2261.602 rows=371 loops=1)
                                 Buffers: shared hit=196749 read=35432
                                 ->  Nested Loop  (cost=4695.55..441204.87 rows=1 width=20) (actual time=21.258..2256.094 rows=371 loops=1)
                                       Buffers: shared hit=196378 read=35432
                                       ->  Hash Join  (cost=4695.11..439341.15 rows=43 width=12) (actual time=21.162..2209.740 rows=365 loops=1)
                                             Hash Cond: (t.kind_id = kt.id)
                                             Buffers: shared hit=194503 read=32482
                                             ->  Nested Loop  (cost=4693.98..439339.61 rows=99 width=16) (actual time=21.118..2202.700 rows=35390 loops=1)
                                                   Buffers: shared hit=194502 read=32482
                                                   ->  Bitmap Heap Scan on movie_info mi2  (cost=4693.55..433457.88 rows=711 width=8) (actual time=21.071..489.130 rows=51853 loops=1)
                                                         Recheck Cond: (info_type_id = 5)
                                                         Filter: ((info)::text = ANY ('{Belgium:KT,Finland:K-16,Sweden:15,Sweden:Btl,UK:U,USA:Approved,USA:TV-G,"West Germany:18"}'::text[]))
                                                         Rows Removed by Filter: 434701
                                                         Heap Blocks: exact=19164
                                                         Buffers: shared hit=1500 read=18072
                                                         ->  Bitmap Index Scan on info_type_id_movie_info  (cost=0.00..4693.37 rows=439058 width=0) (actual time=18.123..18.123 rows=486554 loops=1)
                                                               Index Cond: (info_type_id = 5)
                                                               Buffers: shared read=408
                                                   ->  Index Scan using title_pkey on title t  (cost=0.43..8.27 rows=1 width=8) (actual time=0.033..0.033 rows=1 loops=51853)
                                                         Index Cond: (id = mi2.movie_id)
                                                         Filter: ((production_year <= 1975) AND (1925 < production_year))
                                                         Rows Removed by Filter: 0
                                                         Buffers: shared hit=193002 read=14410
                                             ->  Hash  (cost=1.10..1.10 rows=3 width=4) (actual time=0.017..0.018 rows=3 loops=1)
                                                   Buckets: 1024  Batches: 1  Memory Usage: 9kB
                                                   Buffers: shared hit=1
                                                   ->  Seq Scan on kind_type kt  (cost=0.00..1.10 rows=3 width=4) (actual time=0.009..0.010 rows=3 loops=1)
                                                         Filter: ((kind)::text = ANY ('{"tv series","video game","video movie"}'::text[]))
                                                         Rows Removed by Filter: 4
                                                         Buffers: shared hit=1
                                       ->  Index Scan using movie_id_movie_info on movie_info mi1  (cost=0.43..43.33 rows=1 width=8) (actual time=0.121..0.126 rows=1 loops=365)
                                             Index Cond: (movie_id = t.id)
                                             Filter: ((info_type_id = 3) AND ((info)::text = ANY ('{Adventure,Comedy,Documentary,Drama,Family,Romance,Thriller,War}'::text[])))
                                             Rows Removed by Filter: 28
                                             Buffers: shared hit=1875 read=2950
                                 ->  Seq Scan on info_type it1  (cost=0.00..2.41 rows=1 width=4) (actual time=0.007..0.014 rows=1 loops=371)
                                       Filter: (id = 3)
                                       Rows Removed by Filter: 112
                                       Buffers: shared hit=371
                           ->  Seq Scan on info_type it2  (cost=0.00..2.41 rows=1 width=4) (actual time=0.004..0.011 rows=1 loops=371)
                                 Filter: (id = 5)
                                 Rows Removed by Filter: 112
                                 Buffers: shared hit=371
                     ->  Index Scan using movie_id_cast_info on cast_info ci  (cost=0.44..44.50 rows=38 width=12) (actual time=0.025..0.122 rows=13 loops=371)
                           Index Cond: (movie_id = t.id)
                           Buffers: shared hit=3898 read=1800
               ->  Hash  (cost=1.15..1.15 rows=2 width=4) (actual time=0.039..0.040 rows=2 loops=1)
                     Buckets: 1024  Batches: 1  Memory Usage: 9kB
                     Buffers: shared hit=1
                     ->  Seq Scan on role_type rt  (cost=0.00..1.15 rows=2 width=4) (actual time=0.030..0.032 rows=2 loops=1)
                           Filter: ((role)::text = ANY ('{"costume designer",editor}'::text[]))
                           Rows Removed by Filter: 10
                           Buffers: shared hit=1
         ->  Index Scan using name_pkey on name n  (cost=0.43..2.32 rows=1 width=4) (actual time=0.027..0.027 rows=0 loops=240)
               Index Cond: (id = ci.person_id)
               Filter: ((gender)::text = ANY ('{f,m}'::text[]))
               Rows Removed by Filter: 1
               Buffers: shared hit=773 read=187
 Planning:
   Buffers: shared hit=483 read=91
 Planning Time: 14.497 ms
 Execution Time: 2320.217 ms
(73 rows)

