                                                                                             QUERY PLAN                                                                                              
-----------------------------------------------------------------------------------------------------------------------------------------------------------------------------------------------------
 Aggregate  (cost=412990.07..412990.08 rows=1 width=8) (actual time=2158.262..2158.271 rows=1 loops=1)
   Buffers: shared hit=211626 read=9794
   ->  Nested Loop  (cost=4697.60..412990.06 rows=1 width=0) (actual time=372.422..2158.253 rows=19 loops=1)
         Buffers: shared hit=211626 read=9794
         ->  Hash Join  (cost=4697.17..412987.75 rows=1 width=4) (actual time=302.654..2156.915 rows=48 loops=1)
               Hash Cond: (ci.role_id = rt.id)
               Buffers: shared hit=211512 read=9716
               ->  Nested Loop  (cost=4696.01..412986.53 rows=14 width=8) (actual time=23.764..2156.201 rows=4286 loops=1)
                     Buffers: shared hit=211511 read=9716
                     ->  Nested Loop  (cost=4695.57..412941.98 rows=1 width=12) (actual time=23.728..2112.145 rows=230 loops=1)
                           Buffers: shared hit=208945 read=7497
                           ->  Nested Loop  (cost=4695.57..412939.56 rows=1 width=16) (actual time=23.722..2109.068 rows=230 loops=1)
                                 Buffers: shared hit=208715 read=7497
                                 ->  Nested Loop  (cost=4695.57..412937.14 rows=1 width=20) (actual time=23.700..2105.853 rows=230 loops=1)
                                       Buffers: shared hit=208485 read=7497
                                       ->  Hash Join  (cost=4695.13..410319.19 rows=61 width=12) (actual time=23.623..2065.367 rows=228 loops=1)
                                             Hash Cond: (t.kind_id = kt.id)
                                             Buffers: shared hit=206239 read=5846
                                             ->  Nested Loop  (cost=4694.00..410317.46 rows=143 width=16) (actual time=23.581..2058.263 rows=32205 loops=1)
                                                   Buffers: shared hit=206238 read=5846
                                                   ->  Bitmap Heap Scan on movie_info mi2  (cost=4693.57..403795.53 rows=791 width=8) (actual time=20.487..437.718 rows=48128 loops=1)
                                                         Recheck Cond: (info_type_id = 5)
                                                         Filter: ((info)::text = ANY ('{Australia:PG,Finland:S,UK:PG,UK:U,USA:Approved,USA:Passed}'::text[]))
                                                         Rows Removed by Filter: 438426
                                                         Heap Blocks: exact=19164
                                                         Buffers: shared hit=19567 read=5
                                                         ->  Bitmap Index Scan on info_type_id_movie_info  (cost=0.00..4693.37 rows=439058 width=0) (actual time=17.926..17.926 rows=486554 loops=1)
                                                               Index Cond: (info_type_id = 5)
                                                               Buffers: shared hit=408
                                                   ->  Index Scan using title_pkey on title t  (cost=0.43..8.25 rows=1 width=8) (actual time=0.033..0.033 rows=1 loops=48128)
                                                         Index Cond: (id = mi2.movie_id)
                                                         Filter: ((production_year <= 1975) AND (1875 < production_year))
                                                         Rows Removed by Filter: 0
                                                         Buffers: shared hit=186671 read=5841
                                             ->  Hash  (cost=1.10..1.10 rows=3 width=4) (actual time=0.019..0.020 rows=3 loops=1)
                                                   Buckets: 1024  Batches: 1  Memory Usage: 9kB
                                                   Buffers: shared hit=1
                                                   ->  Seq Scan on kind_type kt  (cost=0.00..1.10 rows=3 width=4) (actual time=0.013..0.015 rows=3 loops=1)
                                                         Filter: ((kind)::text = ANY ('{"tv series","video game","video movie"}'::text[]))
                                                         Rows Removed by Filter: 4
                                                         Buffers: shared hit=1
                                       ->  Index Scan using movie_id_movie_info on movie_info mi1  (cost=0.43..42.91 rows=1 width=8) (actual time=0.173..0.177 rows=1 loops=228)
                                             Index Cond: (movie_id = t.id)
                                             Filter: ((info_type_id = 3) AND ((info)::text = ANY ('{Adventure,Comedy,Drama,Music}'::text[])))
                                             Rows Removed by Filter: 83
                                             Buffers: shared hit=2246 read=1651
                                 ->  Seq Scan on info_type it1  (cost=0.00..2.41 rows=1 width=4) (actual time=0.006..0.012 rows=1 loops=230)
                                       Filter: (id = 3)
                                       Rows Removed by Filter: 112
                                       Buffers: shared hit=230
                           ->  Seq Scan on info_type it2  (cost=0.00..2.41 rows=1 width=4) (actual time=0.005..0.012 rows=1 loops=230)
                                 Filter: (id = 5)
                                 Rows Removed by Filter: 112
                                 Buffers: shared hit=230
                     ->  Index Scan using movie_id_cast_info on cast_info ci  (cost=0.44..44.17 rows=38 width=12) (actual time=0.030..0.187 rows=19 loops=230)
                           Index Cond: (movie_id = t.id)
                           Buffers: shared hit=2566 read=2219
               ->  Hash  (cost=1.15..1.15 rows=1 width=4) (actual time=0.032..0.032 rows=1 loops=1)
                     Buckets: 1024  Batches: 1  Memory Usage: 9kB
                     Buffers: shared hit=1
                     ->  Seq Scan on role_type rt  (cost=0.00..1.15 rows=1 width=4) (actual time=0.024..0.026 rows=1 loops=1)
                           Filter: ((role)::text = 'cinematographer'::text)
                           Rows Removed by Filter: 11
                           Buffers: shared hit=1
         ->  Index Scan using name_pkey on name n  (cost=0.43..2.32 rows=1 width=4) (actual time=0.027..0.027 rows=0 loops=48)
               Index Cond: (id = ci.person_id)
               Filter: ((gender)::text = 'm'::text)
               Rows Removed by Filter: 1
               Buffers: shared hit=114 read=78
 Planning:
   Buffers: shared hit=574
 Planning Time: 14.733 ms
 Execution Time: 2158.920 ms
(73 rows)

