                                                                                             QUERY PLAN                                                                                              
-----------------------------------------------------------------------------------------------------------------------------------------------------------------------------------------------------
 Aggregate  (cost=430461.42..430461.43 rows=1 width=8) (actual time=33569.370..33569.378 rows=1 loops=1)
   Buffers: shared hit=3282144 read=204911
   ->  Nested Loop  (cost=4697.68..430461.41 rows=5 width=0) (actual time=48.214..33564.999 rows=15176 loops=1)
         Buffers: shared hit=3282144 read=204911
         ->  Hash Join  (cost=4697.25..430445.17 rows=7 width=4) (actual time=40.130..31275.238 rows=61961 loops=1)
               Hash Cond: (ci.role_id = rt.id)
               Buffers: shared hit=3039771 read=199440
               ->  Nested Loop  (cost=4696.08..430443.84 rows=43 width=8) (actual time=39.823..30870.604 rows=2193557 loops=1)
                     Buffers: shared hit=3039770 read=199440
                     ->  Nested Loop  (cost=4695.64..430309.20 rows=3 width=12) (actual time=39.777..9224.692 rows=57466 loops=1)
                           Buffers: shared hit=819411 read=90596
                           ->  Seq Scan on info_type it2  (cost=0.00..2.41 rows=1 width=4) (actual time=0.037..0.049 rows=1 loops=1)
                                 Filter: (id = 5)
                                 Rows Removed by Filter: 112
                                 Buffers: shared hit=1
                           ->  Nested Loop  (cost=4695.64..430306.76 rows=3 width=16) (actual time=39.738..9209.181 rows=57466 loops=1)
                                 Buffers: shared hit=819410 read=90596
                                 ->  Seq Scan on info_type it1  (cost=0.00..2.41 rows=1 width=4) (actual time=0.008..0.022 rows=1 loops=1)
                                       Filter: (id = 3)
                                       Rows Removed by Filter: 112
                                       Buffers: shared hit=1
                                 ->  Nested Loop  (cost=4695.64..430304.31 rows=3 width=20) (actual time=39.727..9193.240 rows=57466 loops=1)
                                       Buffers: shared hit=819409 read=90596
                                       ->  Hash Join  (cost=4695.20..427487.07 rows=65 width=12) (actual time=39.423..2956.823 rows=37089 loops=1)
                                             Hash Cond: (t.kind_id = kt.id)
                                             Buffers: shared hit=281932 read=7397
                                             ->  Nested Loop  (cost=4694.07..427485.30 rows=152 width=16) (actual time=39.379..2934.564 rows=37151 loops=1)
                                                   Buffers: shared hit=281931 read=7397
                                                   ->  Bitmap Heap Scan on movie_info mi2  (cost=4693.64..418626.79 rows=1084 width=8) (actual time=20.470..499.142 rows=67439 loops=1)
                                                         Recheck Cond: (info_type_id = 5)
                                                         Filter: ((info)::text = ANY ('{Finland:K-16,Sweden:15,UK:PG,UK:U,USA:Approved,USA:Passed,USA:R}'::text[]))
                                                         Rows Removed by Filter: 419115
                                                         Heap Blocks: exact=19164
                                                         Buffers: shared hit=17933 read=1639
                                                         ->  Bitmap Index Scan on info_type_id_movie_info  (cost=0.00..4693.37 rows=439058 width=0) (actual time=17.623..17.624 rows=486554 loops=1)
                                                               Index Cond: (info_type_id = 5)
                                                               Buffers: shared hit=408
                                                   ->  Index Scan using title_pkey on title t  (cost=0.43..8.17 rows=1 width=8) (actual time=0.035..0.035 rows=1 loops=67439)
                                                         Index Cond: (id = mi2.movie_id)
                                                         Filter: ((production_year <= 1975) AND (1925 < production_year))
                                                         Rows Removed by Filter: 0
                                                         Buffers: shared hit=263998 read=5758
                                             ->  Hash  (cost=1.10..1.10 rows=3 width=4) (actual time=0.018..0.019 rows=3 loops=1)
                                                   Buckets: 1024  Batches: 1  Memory Usage: 9kB
                                                   Buffers: shared hit=1
                                                   ->  Seq Scan on kind_type kt  (cost=0.00..1.10 rows=3 width=4) (actual time=0.008..0.010 rows=3 loops=1)
                                                         Filter: ((kind)::text = ANY ('{episode,movie,"tv movie"}'::text[]))
                                                         Rows Removed by Filter: 4
                                                         Buffers: shared hit=1
                                       ->  Index Scan using movie_id_movie_info on movie_info mi1  (cost=0.43..43.33 rows=1 width=8) (actual time=0.166..0.167 rows=2 loops=37089)
                                             Index Cond: (movie_id = t.id)
                                             Filter: ((info_type_id = 3) AND ((info)::text = ANY ('{Action,Comedy,Crime,Drama,Music,Romance,Short,Western}'::text[])))
                                             Rows Removed by Filter: 39
                                             Buffers: shared hit=537477 read=83199
                     ->  Index Scan using movie_id_cast_info on cast_info ci  (cost=0.44..44.50 rows=38 width=12) (actual time=0.036..0.365 rows=38 loops=57466)
                           Index Cond: (movie_id = t.id)
                           Buffers: shared hit=2220359 read=108844
               ->  Hash  (cost=1.15..1.15 rows=2 width=4) (actual time=0.037..0.038 rows=2 loops=1)
                     Buckets: 1024  Batches: 1  Memory Usage: 9kB
                     Buffers: shared hit=1
                     ->  Seq Scan on role_type rt  (cost=0.00..1.15 rows=2 width=4) (actual time=0.029..0.031 rows=2 loops=1)
                           Filter: ((role)::text = ANY ('{editor,"production designer"}'::text[]))
                           Rows Removed by Filter: 10
                           Buffers: shared hit=1
         ->  Index Scan using name_pkey on name n  (cost=0.43..2.32 rows=1 width=4) (actual time=0.036..0.036 rows=0 loops=61961)
               Index Cond: (id = ci.person_id)
               Filter: ((gender)::text = ANY ('{f,m}'::text[]))
               Rows Removed by Filter: 1
               Buffers: shared hit=242373 read=5471
 Planning:
   Buffers: shared hit=574
 Planning Time: 14.679 ms
 Execution Time: 33570.115 ms
(73 rows)

