                                                                                                       QUERY PLAN                                                                                                       
------------------------------------------------------------------------------------------------------------------------------------------------------------------------------------------------------------------------
 Aggregate  (cost=438440.26..438440.27 rows=1 width=8) (actual time=21743.985..21743.992 rows=1 loops=1)
   Buffers: shared hit=2003763 read=260486
   ->  Nested Loop  (cost=4697.50..438440.25 rows=1 width=0) (actual time=54.830..21743.712 rows=525 loops=1)
         Buffers: shared hit=2003763 read=260486
         ->  Hash Join  (cost=4697.07..438437.94 rows=1 width=4) (actual time=34.855..20639.403 rows=30171 loops=1)
               Hash Cond: (ci.role_id = rt.id)
               Buffers: shared hit=1891657 read=251908
               ->  Nested Loop  (cost=4695.91..438436.73 rows=14 width=8) (actual time=34.600..20402.402 rows=1447609 loops=1)
                     Buffers: shared hit=1891656 read=251908
                     ->  Nested Loop  (cost=4695.47..438392.35 rows=1 width=12) (actual time=34.540..6908.938 rows=28386 loops=1)
                           Buffers: shared hit=532965 read=104251
                           ->  Nested Loop  (cost=4695.47..438389.93 rows=1 width=16) (actual time=34.535..6306.760 rows=28386 loops=1)
                                 Buffers: shared hit=504579 read=104251
                                 ->  Nested Loop  (cost=4695.47..438387.51 rows=1 width=20) (actual time=34.516..5697.065 rows=28386 loops=1)
                                       Buffers: shared hit=476193 read=104251
                                       ->  Hash Join  (cost=4695.03..436800.29 rows=37 width=12) (actual time=31.014..1889.093 rows=21358 loops=1)
                                             Hash Cond: (t.kind_id = kt.id)
                                             Buffers: shared hit=164519 read=25422
                                             ->  Nested Loop  (cost=4693.90..436798.80 rows=86 width=16) (actual time=19.875..1876.896 rows=21811 loops=1)
                                                   Buffers: shared hit=164518 read=25422
                                                   ->  Bitmap Heap Scan on movie_info mi2  (cost=4693.47..433457.80 rows=400 width=8) (actual time=19.829..484.444 rows=42592 loops=1)
                                                         Recheck Cond: (info_type_id = 5)
                                                         Filter: ((info)::text = ANY ('{Argentina:13,Australia:R,Finland:K-16,Iceland:16,Singapore:PG,"West Germany:12","West Germany:16","West Germany:18"}'::text[]))
                                                         Rows Removed by Filter: 443962
                                                         Heap Blocks: exact=19164
                                                         Buffers: shared hit=3814 read=15758
                                                         ->  Bitmap Index Scan on info_type_id_movie_info  (cost=0.00..4693.37 rows=439058 width=0) (actual time=16.915..16.915 rows=486554 loops=1)
                                                               Index Cond: (info_type_id = 5)
                                                               Buffers: shared read=408
                                                   ->  Index Scan using title_pkey on title t  (cost=0.43..8.35 rows=1 width=8) (actual time=0.032..0.032 rows=1 loops=42592)
                                                         Index Cond: (id = mi2.movie_id)
                                                         Filter: ((production_year <= 1990) AND (1950 < production_year))
                                                         Rows Removed by Filter: 0
                                                         Buffers: shared hit=160704 read=9664
                                             ->  Hash  (cost=1.10..1.10 rows=3 width=4) (actual time=0.015..0.016 rows=3 loops=1)
                                                   Buckets: 1024  Batches: 1  Memory Usage: 9kB
                                                   Buffers: shared hit=1
                                                   ->  Seq Scan on kind_type kt  (cost=0.00..1.10 rows=3 width=4) (actual time=0.008..0.010 rows=3 loops=1)
                                                         Filter: ((kind)::text = ANY ('{episode,movie,"tv movie"}'::text[]))
                                                         Rows Removed by Filter: 4
                                                         Buffers: shared hit=1
                                       ->  Index Scan using movie_id_movie_info on movie_info mi1  (cost=0.43..42.89 rows=1 width=8) (actual time=0.176..0.177 rows=1 loops=21358)
                                             Index Cond: (movie_id = t.id)
                                             Filter: ((info_type_id = 3) AND ((info)::text = ANY ('{Action,Comedy,Drama,Romance,Thriller,Western}'::text[])))
                                             Rows Removed by Filter: 64
                                             Buffers: shared hit=311674 read=78829
                                 ->  Seq Scan on info_type it1  (cost=0.00..2.41 rows=1 width=4) (actual time=0.010..0.019 rows=1 loops=28386)
                                       Filter: (id = 3)
                                       Rows Removed by Filter: 112
                                       Buffers: shared hit=28386
                           ->  Seq Scan on info_type it2  (cost=0.00..2.41 rows=1 width=4) (actual time=0.010..0.019 rows=1 loops=28386)
                                 Filter: (id = 5)
                                 Rows Removed by Filter: 112
                                 Buffers: shared hit=28386
                     ->  Index Scan using movie_id_cast_info on cast_info ci  (cost=0.44..43.99 rows=38 width=12) (actual time=0.035..0.462 rows=51 loops=28386)
                           Index Cond: (movie_id = t.id)
                           Buffers: shared hit=1358691 read=147657
               ->  Hash  (cost=1.15..1.15 rows=1 width=4) (actual time=0.029..0.030 rows=1 loops=1)
                     Buckets: 1024  Batches: 1  Memory Usage: 9kB
                     Buffers: shared hit=1
                     ->  Seq Scan on role_type rt  (cost=0.00..1.15 rows=1 width=4) (actual time=0.022..0.023 rows=1 loops=1)
                           Filter: ((role)::text = 'director'::text)
                           Rows Removed by Filter: 11
                           Buffers: shared hit=1
         ->  Index Scan using name_pkey on name n  (cost=0.43..2.32 rows=1 width=4) (actual time=0.036..0.036 rows=0 loops=30171)
               Index Cond: (id = ci.person_id)
               Filter: ((gender)::text = 'f'::text)
               Rows Removed by Filter: 1
               Buffers: shared hit=112106 read=8578
 Planning:
   Buffers: shared hit=529 read=45
 Planning Time: 12.549 ms
 Execution Time: 21744.592 ms
(73 rows)

