                                                                                                               QUERY PLAN                                                                                                               
----------------------------------------------------------------------------------------------------------------------------------------------------------------------------------------------------------------------------------------
 Aggregate  (cost=520507.29..520507.30 rows=1 width=8) (actual time=42557.031..42557.047 rows=1 loops=1)
   Buffers: shared hit=3973714 read=470280
   ->  Nested Loop  (cost=4697.73..520507.29 rows=2 width=0) (actual time=81.018..42555.771 rows=2135 loops=1)
         Buffers: shared hit=3973714 read=470280
         ->  Seq Scan on info_type it2  (cost=0.00..2.41 rows=1 width=4) (actual time=0.042..0.051 rows=1 loops=1)
               Filter: (id = 5)
               Rows Removed by Filter: 112
               Buffers: shared hit=1
         ->  Nested Loop  (cost=4697.73..520504.86 rows=2 width=4) (actual time=80.974..42555.028 rows=2135 loops=1)
               Buffers: shared hit=3973713 read=470280
               ->  Seq Scan on info_type it1  (cost=0.00..2.41 rows=1 width=4) (actual time=0.010..0.021 rows=1 loops=1)
                     Filter: (id = 3)
                     Rows Removed by Filter: 112
                     Buffers: shared hit=1
               ->  Nested Loop  (cost=4697.73..520502.42 rows=2 width=8) (actual time=80.961..42554.275 rows=2135 loops=1)
                     Buffers: shared hit=3973712 read=470280
                     ->  Hash Join  (cost=4697.30..520486.19 rows=7 width=12) (actual time=57.445..41009.663 rows=42126 loops=1)
                           Hash Cond: (ci.role_id = rt.id)
                           Buffers: shared hit=3817030 read=458458
                           ->  Nested Loop  (cost=4696.14..520484.72 rows=86 width=16) (actual time=56.304..40451.401 rows=3106736 loops=1)
                                 Buffers: shared hit=3817029 read=458458
                                 ->  Nested Loop  (cost=4695.70..520222.31 rows=6 width=20) (actual time=56.244..11584.389 rows=34597 loops=1)
                                       Buffers: shared hit=981535 read=167545
                                       ->  Hash Join  (cost=4695.27..503573.60 rows=393 width=12) (actual time=18.455..3546.810 rows=47896 loops=1)
                                             Hash Cond: (t.kind_id = kt.id)
                                             Buffers: shared hit=293491 read=47202
                                             ->  Nested Loop  (cost=4694.13..503568.60 rows=917 width=16) (actual time=18.259..3517.238 rows=55681 loops=1)
                                                   Buffers: shared hit=293490 read=47202
                                                   ->  Bitmap Heap Scan on movie_info mi2  (cost=4693.70..492782.77 rows=1330 width=8) (actual time=18.161..618.143 rows=80280 loops=1)
                                                         Recheck Cond: (info_type_id = 5)
                                                         Filter: ((info)::text = ANY ('{Argentina:16,Australia:G,Australia:PG,Finland:K-15,Germany:16,Germany:18,Netherlands:12,Netherlands:16,UK:15,UK:18,USA:PG,USA:PG-13}'::text[]))
                                                         Rows Removed by Filter: 406274
                                                         Heap Blocks: exact=19164
                                                         Buffers: shared hit=4416 read=15156
                                                         ->  Bitmap Index Scan on info_type_id_movie_info  (cost=0.00..4693.37 rows=439058 width=0) (actual time=15.565..15.565 rows=486554 loops=1)
                                                               Index Cond: (info_type_id = 5)
                                                               Buffers: shared read=408
                                                   ->  Index Scan using title_pkey on title t  (cost=0.43..8.11 rows=1 width=8) (actual time=0.035..0.035 rows=1 loops=80280)
                                                         Index Cond: (id = mi2.movie_id)
                                                         Filter: ((production_year <= 2015) AND (1990 < production_year))
                                                         Rows Removed by Filter: 0
                                                         Buffers: shared hit=289074 read=32046
                                             ->  Hash  (cost=1.10..1.10 rows=3 width=4) (actual time=0.016..0.026 rows=3 loops=1)
                                                   Buckets: 1024  Batches: 1  Memory Usage: 9kB
                                                   Buffers: shared hit=1
                                                   ->  Seq Scan on kind_type kt  (cost=0.00..1.10 rows=3 width=4) (actual time=0.009..0.010 rows=3 loops=1)
                                                         Filter: ((kind)::text = ANY ('{episode,movie,"video movie"}'::text[]))
                                                         Rows Removed by Filter: 4
                                                         Buffers: shared hit=1
                                       ->  Index Scan using movie_id_movie_info on movie_info mi1  (cost=0.43..42.35 rows=1 width=8) (actual time=0.166..0.167 rows=1 loops=47896)
                                             Index Cond: (movie_id = t.id)
                                             Filter: ((info_type_id = 3) AND ((info)::text = ANY ('{Action,Drama,Family,Thriller}'::text[])))
                                             Rows Removed by Filter: 68
                                             Buffers: shared hit=688044 read=120343
                                 ->  Index Scan using movie_id_cast_info on cast_info ci  (cost=0.44..43.36 rows=38 width=12) (actual time=0.037..0.809 rows=90 loops=34597)
                                       Index Cond: (movie_id = t.id)
                                       Buffers: shared hit=2835494 read=290913
                           ->  Hash  (cost=1.15..1.15 rows=1 width=4) (actual time=0.015..0.015 rows=1 loops=1)
                                 Buckets: 1024  Batches: 1  Memory Usage: 9kB
                                 Buffers: shared hit=1
                                 ->  Seq Scan on role_type rt  (cost=0.00..1.15 rows=1 width=4) (actual time=0.008..0.009 rows=1 loops=1)
                                       Filter: ((role)::text = 'editor'::text)
                                       Rows Removed by Filter: 11
                                       Buffers: shared hit=1
                     ->  Index Scan using name_pkey on name n  (cost=0.43..2.32 rows=1 width=4) (actual time=0.036..0.036 rows=0 loops=42126)
                           Index Cond: (id = ci.person_id)
                           Filter: ((gender)::text = 'f'::text)
                           Rows Removed by Filter: 1
                           Buffers: shared hit=156682 read=11822
 Planning:
   Buffers: shared hit=483 read=91
 Planning Time: 10.058 ms
 Execution Time: 42557.609 ms
(73 rows)

