                                                                                                               QUERY PLAN                                                                                                                
-----------------------------------------------------------------------------------------------------------------------------------------------------------------------------------------------------------------------------------------
 Aggregate  (cost=489666.23..489666.24 rows=1 width=8) (actual time=7008.426..7008.434 rows=1 loops=1)
   Buffers: shared hit=640250 read=93161
   ->  Nested Loop  (cost=4697.63..489666.23 rows=3 width=0) (actual time=50.205..7005.782 rows=13767 loops=1)
         Buffers: shared hit=640250 read=93161
         ->  Hash Join  (cost=4697.20..489654.63 rows=5 width=4) (actual time=42.319..5934.523 rows=30441 loops=1)
               Hash Cond: (ci.role_id = rt.id)
               Buffers: shared hit=525660 read=85987
               ->  Nested Loop  (cost=4696.02..489653.36 rows=29 width=8) (actual time=40.645..5879.178 rows=291117 loops=1)
                     Buffers: shared hit=525659 read=85987
                     ->  Nested Loop  (cost=4695.58..489565.96 rows=2 width=12) (actual time=40.598..3009.898 rows=5279 loops=1)
                           Buffers: shared hit=280379 read=28860
                           ->  Seq Scan on info_type it2  (cost=0.00..2.41 rows=1 width=4) (actual time=0.033..0.043 rows=1 loops=1)
                                 Filter: (id = 5)
                                 Rows Removed by Filter: 112
                                 Buffers: shared hit=1
                           ->  Nested Loop  (cost=4695.58..489563.53 rows=2 width=16) (actual time=40.563..3008.626 rows=5279 loops=1)
                                 Buffers: shared hit=280378 read=28860
                                 ->  Seq Scan on info_type it1  (cost=0.00..2.41 rows=1 width=4) (actual time=0.009..0.021 rows=1 loops=1)
                                       Filter: (id = 3)
                                       Rows Removed by Filter: 112
                                       Buffers: shared hit=1
                                 ->  Nested Loop  (cost=4695.58..489561.09 rows=2 width=20) (actual time=40.551..3007.155 rows=5279 loops=1)
                                       Buffers: shared hit=280377 read=28860
                                       ->  Hash Join  (cost=4695.12..485282.73 rows=101 width=12) (actual time=40.422..2386.456 rows=3897 loops=1)
                                             Hash Cond: (t.kind_id = kt.id)
                                             Buffers: shared hit=244168 read=7033
                                             ->  Nested Loop  (cost=4694.02..485278.66 rows=706 width=16) (actual time=19.827..2375.488 rows=47175 loops=1)
                                                   Buffers: shared hit=244167 read=7033
                                                   ->  Bitmap Heap Scan on movie_info mi2  (cost=4693.59..477951.48 rows=891 width=8) (actual time=19.736..514.017 rows=57907 loops=1)
                                                         Recheck Cond: (info_type_id = 5)
                                                         Filter: ((info)::text = ANY ('{Australia:M,Germany:12,Germany:18,Iceland:12,Norway:18,Philippines:PG-13,"South Korea:18",Sweden:15,Switzerland:10,UK:15,USA:Unrated}'::text[]))
                                                         Rows Removed by Filter: 428647
                                                         Heap Blocks: exact=19164
                                                         Buffers: shared hit=17651 read=1921
                                                         ->  Bitmap Index Scan on info_type_id_movie_info  (cost=0.00..4693.37 rows=439058 width=0) (actual time=17.127..17.127 rows=486554 loops=1)
                                                               Index Cond: (info_type_id = 5)
                                                               Buffers: shared hit=408
                                                   ->  Index Scan using title_pkey on title t  (cost=0.43..8.22 rows=1 width=8) (actual time=0.032..0.032 rows=1 loops=57907)
                                                         Index Cond: (id = mi2.movie_id)
                                                         Filter: ((production_year <= 2015) AND (1975 < production_year))
                                                         Rows Removed by Filter: 0
                                                         Buffers: shared hit=226516 read=5112
                                             ->  Hash  (cost=1.09..1.09 rows=1 width=4) (actual time=0.022..0.023 rows=1 loops=1)
                                                   Buckets: 1024  Batches: 1  Memory Usage: 9kB
                                                   Buffers: shared hit=1
                                                   ->  Seq Scan on kind_type kt  (cost=0.00..1.09 rows=1 width=4) (actual time=0.009..0.010 rows=1 loops=1)
                                                         Filter: ((kind)::text = 'tv movie'::text)
                                                         Rows Removed by Filter: 6
                                                         Buffers: shared hit=1
                                       ->  Index Scan using movie_id_movie_info on movie_info mi1  (cost=0.46..42.35 rows=1 width=8) (actual time=0.157..0.158 rows=1 loops=3897)
                                             Index Cond: (movie_id = t.id)
                                             Filter: ((info_type_id = 3) AND ((info)::text = ANY ('{Action,Adult,Adventure,Drama,Fantasy,Horror,Mystery,Romance,Thriller}'::text[])))
                                             Rows Removed by Filter: 23
                                             Buffers: shared hit=36209 read=21827
                     ->  Index Scan using movie_id_cast_info on cast_info ci  (cost=0.44..43.32 rows=38 width=12) (actual time=0.036..0.529 rows=55 loops=5279)
                           Index Cond: (movie_id = t.id)
                           Buffers: shared hit=245280 read=57127
               ->  Hash  (cost=1.15..1.15 rows=2 width=4) (actual time=0.038..0.039 rows=2 loops=1)
                     Buckets: 1024  Batches: 1  Memory Usage: 9kB
                     Buffers: shared hit=1
                     ->  Seq Scan on role_type rt  (cost=0.00..1.15 rows=2 width=4) (actual time=0.029..0.031 rows=2 loops=1)
                           Filter: ((role)::text = ANY ('{cinematographer,producer}'::text[]))
                           Rows Removed by Filter: 10
                           Buffers: shared hit=1
         ->  Index Scan using name_pkey on name n  (cost=0.43..2.32 rows=1 width=4) (actual time=0.035..0.035 rows=0 loops=30441)
               Index Cond: (id = ci.person_id)
               Filter: ((gender)::text = ANY ('{f,m}'::text[]))
               Rows Removed by Filter: 1
               Buffers: shared hit=114590 read=7174
 Planning:
   Buffers: shared hit=576 read=1
 Planning Time: 13.691 ms
 Execution Time: 7009.155 ms
(73 rows)

