                                                                                                        QUERY PLAN                                                                                                         
---------------------------------------------------------------------------------------------------------------------------------------------------------------------------------------------------------------------------
 Aggregate  (cost=496641.80..496641.81 rows=1 width=8) (actual time=13725.349..13725.356 rows=1 loops=1)
   Buffers: shared hit=1292810 read=122359
   ->  Nested Loop  (cost=4697.64..496641.79 rows=4 width=0) (actual time=26.369..13720.323 rows=23257 loops=1)
         Buffers: shared hit=1292810 read=122359
         ->  Hash Join  (cost=4697.21..496618.59 rows=10 width=4) (actual time=20.614..8419.692 rows=143605 loops=1)
               Hash Cond: (ci.role_id = rt.id)
               Buffers: shared hit=740940 read=99809
               ->  Nested Loop  (cost=4696.03..496617.21 rows=57 width=8) (actual time=20.300..8300.417 rows=431873 loops=1)
                     Buffers: shared hit=740939 read=99809
                     ->  Nested Loop  (cost=4695.59..496442.27 rows=4 width=12) (actual time=20.271..4134.789 rows=8584 loops=1)
                           Buffers: shared hit=362546 read=43674
                           ->  Seq Scan on info_type it2  (cost=0.00..2.41 rows=1 width=4) (actual time=0.033..0.043 rows=1 loops=1)
                                 Filter: (id = 5)
                                 Rows Removed by Filter: 112
                                 Buffers: shared hit=1
                           ->  Nested Loop  (cost=4695.59..496439.82 rows=4 width=16) (actual time=20.236..4132.394 rows=8584 loops=1)
                                 Buffers: shared hit=362545 read=43674
                                 ->  Seq Scan on info_type it1  (cost=0.00..2.41 rows=1 width=4) (actual time=0.009..0.022 rows=1 loops=1)
                                       Filter: (id = 3)
                                       Rows Removed by Filter: 112
                                       Buffers: shared hit=1
                                 ->  Nested Loop  (cost=4695.59..496437.36 rows=4 width=20) (actual time=20.224..4129.935 rows=8584 loops=1)
                                       Buffers: shared hit=362544 read=43674
                                       ->  Hash Join  (cost=4695.16..485282.38 rows=263 width=12) (actual time=18.808..2919.025 rows=7477 loops=1)
                                             Hash Cond: (t.kind_id = kt.id)
                                             Buffers: shared hit=282203 read=11050
                                             ->  Nested Loop  (cost=4694.02..485278.66 rows=614 width=16) (actual time=18.765..2904.640 rows=50111 loops=1)
                                                   Buffers: shared hit=282202 read=11050
                                                   ->  Bitmap Heap Scan on movie_info mi2  (cost=4693.59..477951.48 rows=891 width=8) (actual time=18.645..553.428 rows=68420 loops=1)
                                                         Recheck Cond: (info_type_id = 5)
                                                         Filter: ((info)::text = ANY ('{Argentina:13,Argentina:16,Australia:M,Australia:MA,Canada:PG,Finland:K-15,Germany:12,India:U,Portugal:M/16,UK:15,UK:18}'::text[]))
                                                         Rows Removed by Filter: 418134
                                                         Heap Blocks: exact=19164
                                                         Buffers: shared hit=16825 read=2747
                                                         ->  Bitmap Index Scan on info_type_id_movie_info  (cost=0.00..4693.37 rows=439058 width=0) (actual time=15.998..15.998 rows=486554 loops=1)
                                                               Index Cond: (info_type_id = 5)
                                                               Buffers: shared hit=408
                                                   ->  Index Scan using title_pkey on title t  (cost=0.43..8.22 rows=1 width=8) (actual time=0.034..0.034 rows=1 loops=68420)
                                                         Index Cond: (id = mi2.movie_id)
                                                         Filter: ((production_year <= 2015) AND (1990 < production_year))
                                                         Rows Removed by Filter: 0
                                                         Buffers: shared hit=265377 read=8303
                                             ->  Hash  (cost=1.10..1.10 rows=3 width=4) (actual time=0.018..0.019 rows=3 loops=1)
                                                   Buckets: 1024  Batches: 1  Memory Usage: 9kB
                                                   Buffers: shared hit=1
                                                   ->  Seq Scan on kind_type kt  (cost=0.00..1.10 rows=3 width=4) (actual time=0.009..0.011 rows=3 loops=1)
                                                         Filter: ((kind)::text = ANY ('{"tv movie","tv series","video game"}'::text[]))
                                                         Rows Removed by Filter: 4
                                                         Buffers: shared hit=1
                                       ->  Index Scan using movie_id_movie_info on movie_info mi1  (cost=0.43..42.40 rows=1 width=8) (actual time=0.159..0.161 rows=1 loops=7477)
                                             Index Cond: (movie_id = t.id)
                                             Filter: ((info_type_id = 3) AND ((info)::text = ANY ('{Action,Drama,Horror,Romance,Thriller}'::text[])))
                                             Rows Removed by Filter: 34
                                             Buffers: shared hit=80341 read=32624
                     ->  Index Scan using movie_id_cast_info on cast_info ci  (cost=0.44..43.36 rows=38 width=12) (actual time=0.037..0.470 rows=50 loops=8584)
                           Index Cond: (movie_id = t.id)
                           Buffers: shared hit=378393 read=56135
               ->  Hash  (cost=1.15..1.15 rows=2 width=4) (actual time=0.040..0.040 rows=2 loops=1)
                     Buckets: 1024  Batches: 1  Memory Usage: 9kB
                     Buffers: shared hit=1
                     ->  Seq Scan on role_type rt  (cost=0.00..1.15 rows=2 width=4) (actual time=0.028..0.030 rows=2 loops=1)
                           Filter: ((role)::text = ANY ('{composer,"miscellaneous crew"}'::text[]))
                           Rows Removed by Filter: 10
                           Buffers: shared hit=1
         ->  Index Scan using name_pkey on name n  (cost=0.43..2.32 rows=1 width=4) (actual time=0.036..0.036 rows=0 loops=143605)
               Index Cond: (id = ci.person_id)
               Filter: ((gender)::text = 'm'::text)
               Rows Removed by Filter: 1
               Buffers: shared hit=551870 read=22550
 Planning:
   Buffers: shared hit=574
 Planning Time: 12.839 ms
 Execution Time: 13726.038 ms
(73 rows)

