                                                                                                     QUERY PLAN                                                                                                      
---------------------------------------------------------------------------------------------------------------------------------------------------------------------------------------------------------------------
 Aggregate  (cost=482971.73..482971.74 rows=1 width=8) (actual time=63709.831..63709.838 rows=1 loops=1)
   Buffers: shared hit=5999523 read=633265
   ->  Nested Loop  (cost=4697.62..482971.73 rows=3 width=0) (actual time=25.750..63679.139 rows=137045 loops=1)
         Buffers: shared hit=5999523 read=633265
         ->  Seq Scan on info_type it2  (cost=0.00..2.41 rows=1 width=4) (actual time=0.044..0.053 rows=1 loops=1)
               Filter: (id = 5)
               Rows Removed by Filter: 112
               Buffers: shared hit=1
         ->  Nested Loop  (cost=4697.62..482969.28 rows=3 width=4) (actual time=25.705..63648.994 rows=137045 loops=1)
               Buffers: shared hit=5999522 read=633265
               ->  Seq Scan on info_type it1  (cost=0.00..2.41 rows=1 width=4) (actual time=0.007..0.018 rows=1 loops=1)
                     Filter: (id = 3)
                     Rows Removed by Filter: 112
                     Buffers: shared hit=1
               ->  Nested Loop  (cost=4697.62..482966.84 rows=3 width=8) (actual time=25.695..63615.908 rows=137045 loops=1)
                     Buffers: shared hit=5999521 read=633265
                     ->  Hash Join  (cost=4697.19..482950.61 rows=7 width=12) (actual time=25.605..52780.303 rows=300127 loops=1)
                           Hash Cond: (ci.role_id = rt.id)
                           Buffers: shared hit=4850546 read=581732
                           ->  Nested Loop  (cost=4696.03..482949.14 rows=86 width=16) (actual time=25.260..51984.371 rows=4191561 loops=1)
                                 Buffers: shared hit=4850545 read=581732
                                 ->  Nested Loop  (cost=4695.59..482686.95 rows=6 width=20) (actual time=25.223..12070.764 rows=52716 loops=1)
                                       Buffers: shared hit=1020529 read=162664
                                       ->  Hash Join  (cost=4695.15..470239.72 rows=294 width=12) (actual time=20.441..3045.558 rows=51783 loops=1)
                                             Hash Cond: (t.kind_id = kt.id)
                                             Buffers: shared hit=246291 read=41814
                                             ->  Nested Loop  (cost=4694.02..470235.70 rows=685 width=16) (actual time=20.374..3013.220 rows=57423 loops=1)
                                                   Buffers: shared hit=246290 read=41814
                                                   ->  Bitmap Heap Scan on movie_info mi2  (cost=4693.59..463120.29 rows=865 width=8) (actual time=20.294..603.648 rows=67133 loops=1)
                                                         Recheck Cond: (info_type_id = 5)
                                                         Filter: ((info)::text = ANY ('{Argentina:13,Australia:G,Canada:13+,Iceland:16,Netherlands:AL,Singapore:M18,Singapore:NC-16,Spain:13,UK:18,USA:R}'::text[]))
                                                         Rows Removed by Filter: 419421
                                                         Heap Blocks: exact=19164
                                                         Buffers: shared hit=4881 read=14691
                                                         ->  Bitmap Index Scan on info_type_id_movie_info  (cost=0.00..4693.37 rows=439058 width=0) (actual time=17.579..17.580 rows=486554 loops=1)
                                                               Index Cond: (info_type_id = 5)
                                                               Buffers: shared read=408
                                                   ->  Index Scan using title_pkey on title t  (cost=0.43..8.23 rows=1 width=8) (actual time=0.035..0.035 rows=1 loops=67133)
                                                         Index Cond: (id = mi2.movie_id)
                                                         Filter: ((production_year <= 2015) AND (1975 < production_year))
                                                         Rows Removed by Filter: 0
                                                         Buffers: shared hit=241409 read=27123
                                             ->  Hash  (cost=1.10..1.10 rows=3 width=4) (actual time=0.018..0.019 rows=3 loops=1)
                                                   Buckets: 1024  Batches: 1  Memory Usage: 9kB
                                                   Buffers: shared hit=1
                                                   ->  Seq Scan on kind_type kt  (cost=0.00..1.10 rows=3 width=4) (actual time=0.011..0.012 rows=3 loops=1)
                                                         Filter: ((kind)::text = ANY ('{episode,movie,"video movie"}'::text[]))
                                                         Rows Removed by Filter: 4
                                                         Buffers: shared hit=1
                                       ->  Index Scan using movie_id_movie_info on movie_info mi1  (cost=0.43..42.33 rows=1 width=8) (actual time=0.172..0.173 rows=1 loops=51783)
                                             Index Cond: (movie_id = t.id)
                                             Filter: ((info_type_id = 3) AND ((info)::text = ANY ('{Action,Comedy,Drama,Thriller}'::text[])))
                                             Rows Removed by Filter: 69
                                             Buffers: shared hit=774238 read=120850
                                 ->  Index Scan using movie_id_cast_info on cast_info ci  (cost=0.44..43.32 rows=38 width=12) (actual time=0.037..0.735 rows=80 loops=52716)
                                       Index Cond: (movie_id = t.id)
                                       Buffers: shared hit=3830016 read=419068
                           ->  Hash  (cost=1.15..1.15 rows=1 width=4) (actual time=0.014..0.015 rows=1 loops=1)
                                 Buckets: 1024  Batches: 1  Memory Usage: 9kB
                                 Buffers: shared hit=1
                                 ->  Seq Scan on role_type rt  (cost=0.00..1.15 rows=1 width=4) (actual time=0.008..0.009 rows=1 loops=1)
                                       Filter: ((role)::text = 'producer'::text)
                                       Rows Removed by Filter: 11
                                       Buffers: shared hit=1
                     ->  Index Scan using name_pkey on name n  (cost=0.43..2.32 rows=1 width=4) (actual time=0.035..0.035 rows=0 loops=300127)
                           Index Cond: (id = ci.person_id)
                           Filter: ((gender)::text = 'm'::text)
                           Rows Removed by Filter: 1
                           Buffers: shared hit=1148975 read=51533
 Planning:
   Buffers: shared hit=520 read=54
 Planning Time: 13.596 ms
 Execution Time: 63710.463 ms
(73 rows)

