                                                                                                        QUERY PLAN                                                                                                         
---------------------------------------------------------------------------------------------------------------------------------------------------------------------------------------------------------------------------
 Aggregate  (cost=468325.35..468325.36 rows=1 width=8) (actual time=27952.019..27952.028 rows=1 loops=1)
   Buffers: shared hit=2604666 read=283302
   ->  Nested Loop  (cost=4697.81..468325.34 rows=1 width=0) (actual time=49.343..27950.051 rows=5184 loops=1)
         Buffers: shared hit=2604666 read=283302
         ->  Nested Loop  (cost=4697.81..468322.92 rows=1 width=4) (actual time=49.333..27818.642 rows=5184 loops=1)
               Buffers: shared hit=2599482 read=283302
               ->  Nested Loop  (cost=4697.81..468320.50 rows=1 width=8) (actual time=49.305..27696.350 rows=5184 loops=1)
                     Buffers: shared hit=2594298 read=283302
                     ->  Hash Join  (cost=4697.38..468308.90 rows=5 width=12) (actual time=49.243..26843.524 rows=24282 loops=1)
                           Hash Cond: (ci.role_id = rt.id)
                           Buffers: shared hit=2499372 read=281100
                           ->  Nested Loop  (cost=4696.22..468307.53 rows=57 width=16) (actual time=45.920..26486.588 rows=1939482 loops=1)
                                 Buffers: shared hit=2499371 read=281100
                                 ->  Nested Loop  (cost=4695.78..468130.04 rows=4 width=20) (actual time=45.872..7802.885 rows=38165 loops=1)
                                       Buffers: shared hit=635702 read=127577
                                       ->  Hash Join  (cost=4695.35..461551.01 rows=153 width=12) (actual time=45.577..2938.947 rows=26642 loops=1)
                                             Hash Cond: (t.kind_id = kt.id)
                                             Buffers: shared hit=243777 read=41568
                                             ->  Nested Loop  (cost=4694.21..461548.38 rows=357 width=16) (actual time=20.038..2922.523 rows=27252 loops=1)
                                                   Buffers: shared hit=243776 read=41568
                                                   ->  Bitmap Heap Scan on movie_info mi2  (cost=4693.78..448289.30 rows=1651 width=8) (actual time=19.995..574.892 rows=66443 loops=1)
                                                         Recheck Cond: (info_type_id = 5)
                                                         Filter: ((info)::text = ANY ('{Argentina:Atp,Australia:R,Finland:K-16,Iceland:16,Portugal:M/12,UK:15,USA:Approved,"West Germany:12","West Germany:16"}'::text[]))
                                                         Rows Removed by Filter: 420111
                                                         Heap Blocks: exact=19164
                                                         Buffers: shared hit=2568 read=17004
                                                         ->  Bitmap Index Scan on info_type_id_movie_info  (cost=0.00..4693.37 rows=439058 width=0) (actual time=17.099..17.100 rows=486554 loops=1)
                                                               Index Cond: (info_type_id = 5)
                                                               Buffers: shared read=408
                                                   ->  Index Scan using title_pkey on title t  (cost=0.43..8.03 rows=1 width=8) (actual time=0.035..0.035 rows=0 loops=66443)
                                                         Index Cond: (id = mi2.movie_id)
                                                         Filter: ((production_year <= 1990) AND (1950 < production_year))
                                                         Rows Removed by Filter: 1
                                                         Buffers: shared hit=241208 read=24564
                                             ->  Hash  (cost=1.10..1.10 rows=3 width=4) (actual time=0.020..0.021 rows=3 loops=1)
                                                   Buckets: 1024  Batches: 1  Memory Usage: 9kB
                                                   Buffers: shared hit=1
                                                   ->  Seq Scan on kind_type kt  (cost=0.00..1.10 rows=3 width=4) (actual time=0.011..0.013 rows=3 loops=1)
                                                         Filter: ((kind)::text = ANY ('{episode,movie,"tv movie"}'::text[]))
                                                         Rows Removed by Filter: 4
                                                         Buffers: shared hit=1
                                       ->  Index Scan using movie_id_movie_info on movie_info mi1  (cost=0.43..42.99 rows=1 width=8) (actual time=0.180..0.182 rows=1 loops=26642)
                                             Index Cond: (movie_id = t.id)
                                             Filter: ((info_type_id = 3) AND ((info)::text = ANY ('{Action,Adventure,Comedy,Crime,Drama,Thriller,War,Western}'::text[])))
                                             Rows Removed by Filter: 59
                                             Buffers: shared hit=391925 read=86009
                                 ->  Index Scan using movie_id_cast_info on cast_info ci  (cost=0.44..43.99 rows=38 width=12) (actual time=0.037..0.475 rows=51 loops=38165)
                                       Index Cond: (movie_id = t.id)
                                       Buffers: shared hit=1863669 read=153523
                           ->  Hash  (cost=1.15..1.15 rows=1 width=4) (actual time=0.033..0.034 rows=1 loops=1)
                                 Buckets: 1024  Batches: 1  Memory Usage: 9kB
                                 Buffers: shared hit=1
                                 ->  Seq Scan on role_type rt  (cost=0.00..1.15 rows=1 width=4) (actual time=0.026..0.027 rows=1 loops=1)
                                       Filter: ((role)::text = 'costume designer'::text)
                                       Rows Removed by Filter: 11
                                       Buffers: shared hit=1
                     ->  Index Scan using name_pkey on name n  (cost=0.43..2.32 rows=1 width=4) (actual time=0.034..0.034 rows=0 loops=24282)
                           Index Cond: (id = ci.person_id)
                           Filter: ((gender)::text = 'f'::text)
                           Rows Removed by Filter: 1
                           Buffers: shared hit=94926 read=2202
               ->  Seq Scan on info_type it1  (cost=0.00..2.41 rows=1 width=4) (actual time=0.011..0.021 rows=1 loops=5184)
                     Filter: (id = 3)
                     Rows Removed by Filter: 112
                     Buffers: shared hit=5184
         ->  Seq Scan on info_type it2  (cost=0.00..2.41 rows=1 width=4) (actual time=0.013..0.023 rows=1 loops=5184)
               Filter: (id = 5)
               Rows Removed by Filter: 112
               Buffers: shared hit=5184
 Planning:
   Buffers: shared hit=483 read=91
 Planning Time: 14.027 ms
 Execution Time: 27952.766 ms
(73 rows)

