                                                                                                                   QUERY PLAN                                                                                                                    
-------------------------------------------------------------------------------------------------------------------------------------------------------------------------------------------------------------------------------------------------
 Aggregate  (cost=520517.94..520517.95 rows=1 width=8) (actual time=101883.105..101883.111 rows=1 loops=1)
   Buffers: shared hit=9944620 read=643487
   ->  Nested Loop  (cost=4697.54..520517.94 rows=2 width=0) (actual time=47.614..101830.108 rows=266454 loops=1)
         Buffers: shared hit=9944620 read=643487
         ->  Seq Scan on info_type it2  (cost=0.00..2.41 rows=1 width=4) (actual time=0.043..0.052 rows=1 loops=1)
               Filter: (id = 5)
               Rows Removed by Filter: 112
               Buffers: shared hit=1
         ->  Nested Loop  (cost=4697.54..520515.50 rows=2 width=4) (actual time=47.569..101766.640 rows=266454 loops=1)
               Buffers: shared hit=9944619 read=643487
               ->  Seq Scan on info_type it1  (cost=0.00..2.41 rows=1 width=4) (actual time=0.008..0.019 rows=1 loops=1)
                     Filter: (id = 3)
                     Rows Removed by Filter: 112
                     Buffers: shared hit=1
               ->  Nested Loop  (cost=4697.54..520513.07 rows=2 width=8) (actual time=47.558..101700.776 rows=266454 loops=1)
                     Buffers: shared hit=9944618 read=643487
                     ->  Hash Join  (cost=4697.11..520501.47 rows=5 width=12) (actual time=46.985..48501.976 rows=1446589 loops=1)
                           Hash Cond: (ci.role_id = rt.id)
                           Buffers: shared hit=4252361 read=549388
                           ->  Nested Loop  (cost=4695.95..520500.11 rows=57 width=16) (actual time=27.305..47384.726 rows=3827568 loops=1)
                                 Buffers: shared hit=4252360 read=549388
                                 ->  Nested Loop  (cost=4695.51..520325.31 rows=4 width=20) (actual time=27.252..10520.921 rows=41404 loops=1)
                                       Buffers: shared hit=813885 read=156904
                                       ->  Hash Join  (cost=4695.07..512261.71 rows=190 width=12) (actual time=23.879..2642.755 rows=37017 loops=1)
                                             Hash Cond: (t.kind_id = kt.id)
                                             Buffers: shared hit=194641 read=38048
                                             ->  Nested Loop  (cost=4693.94..512258.71 rows=443 width=16) (actual time=20.397..2617.389 rows=42030 loops=1)
                                                   Buffers: shared hit=194640 read=38048
                                                   ->  Bitmap Heap Scan on movie_info mi2  (cost=4693.51..507613.76 rows=559 width=8) (actual time=20.353..657.675 rows=53279 loops=1)
                                                         Recheck Cond: (info_type_id = 5)
                                                         Filter: ((info)::text = ANY ('{Argentina:16,Canada:G,Canada:PG,Germany:6,Germany:o.Al.,"New Zealand:R16",Portugal:M/16,Singapore:PG,Spain:T,Switzerland:16,UK:12,UK:15,UK:U}'::text[]))
                                                         Rows Removed by Filter: 433275
                                                         Heap Blocks: exact=19164
                                                         Buffers: shared hit=4234 read=15338
                                                         ->  Bitmap Index Scan on info_type_id_movie_info  (cost=0.00..4693.37 rows=439058 width=0) (actual time=17.741..17.741 rows=486554 loops=1)
                                                               Index Cond: (info_type_id = 5)
                                                               Buffers: shared read=408
                                                   ->  Index Scan using title_pkey on title t  (cost=0.43..8.31 rows=1 width=8) (actual time=0.036..0.036 rows=1 loops=53279)
                                                         Index Cond: (id = mi2.movie_id)
                                                         Filter: ((production_year <= 2015) AND (1975 < production_year))
                                                         Rows Removed by Filter: 0
                                                         Buffers: shared hit=190406 read=22710
                                             ->  Hash  (cost=1.10..1.10 rows=3 width=4) (actual time=0.019..0.019 rows=3 loops=1)
                                                   Buckets: 1024  Batches: 1  Memory Usage: 9kB
                                                   Buffers: shared hit=1
                                                   ->  Seq Scan on kind_type kt  (cost=0.00..1.10 rows=3 width=4) (actual time=0.008..0.010 rows=3 loops=1)
                                                         Filter: ((kind)::text = ANY ('{episode,movie,"video movie"}'::text[]))
                                                         Rows Removed by Filter: 4
                                                         Buffers: shared hit=1
                                       ->  Index Scan using movie_id_movie_info on movie_info mi1  (cost=0.43..42.43 rows=1 width=8) (actual time=0.210..0.212 rows=1 loops=37017)
                                             Index Cond: (movie_id = t.id)
                                             Filter: ((info_type_id = 3) AND ((info)::text = ANY ('{Action,Adventure,Animation,Comedy,Drama,Fantasy}'::text[])))
                                             Rows Removed by Filter: 100
                                             Buffers: shared hit=619244 read=118856
                                 ->  Index Scan using movie_id_cast_info on cast_info ci  (cost=0.44..43.32 rows=38 width=12) (actual time=0.037..0.863 rows=92 loops=41404)
                                       Index Cond: (movie_id = t.id)
                                       Buffers: shared hit=3438475 read=392484
                           ->  Hash  (cost=1.15..1.15 rows=1 width=4) (actual time=0.016..0.016 rows=1 loops=1)
                                 Buckets: 1024  Batches: 1  Memory Usage: 9kB
                                 Buffers: shared hit=1
                                 ->  Seq Scan on role_type rt  (cost=0.00..1.15 rows=1 width=4) (actual time=0.010..0.010 rows=1 loops=1)
                                       Filter: ((role)::text = 'miscellaneous crew'::text)
                                       Rows Removed by Filter: 11
                                       Buffers: shared hit=1
                     ->  Index Scan using name_pkey on name n  (cost=0.43..2.32 rows=1 width=4) (actual time=0.036..0.036 rows=0 loops=1446589)
                           Index Cond: (id = ci.person_id)
                           Filter: ((gender)::text = 'm'::text)
                           Rows Removed by Filter: 1
                           Buffers: shared hit=5692257 read=94099
 Planning:
   Buffers: shared hit=483 read=91
 Planning Time: 13.861 ms
 Execution Time: 101883.760 ms
(73 rows)

