                                                                                             QUERY PLAN                                                                                              
-----------------------------------------------------------------------------------------------------------------------------------------------------------------------------------------------------
 Aggregate  (cost=394143.15..394143.16 rows=1 width=8) (actual time=1749.030..1749.039 rows=1 loops=1)
   Buffers: shared hit=172651 read=6340
   ->  Nested Loop  (cost=4697.47..394143.15 rows=1 width=0) (actual time=278.289..1749.012 rows=64 loops=1)
         Buffers: shared hit=172651 read=6340
         ->  Hash Join  (cost=4697.04..394140.83 rows=1 width=4) (actual time=21.589..1744.045 rows=107 loops=1)
               Hash Cond: (ci.role_id = rt.id)
               Buffers: shared hit=172274 read=6289
               ->  Nested Loop  (cost=4695.88..394139.62 rows=14 width=8) (actual time=21.204..1743.152 rows=5969 loops=1)
                     Buffers: shared hit=172273 read=6289
                     ->  Nested Loop  (cost=4695.44..394095.88 rows=1 width=12) (actual time=21.169..1687.952 rows=112 loops=1)
                           Buffers: shared hit=167665 read=4695
                           ->  Nested Loop  (cost=4695.44..394093.46 rows=1 width=16) (actual time=21.162..1684.759 rows=112 loops=1)
                                 Buffers: shared hit=167553 read=4695
                                 ->  Nested Loop  (cost=4695.44..394091.04 rows=1 width=20) (actual time=21.141..1683.046 rows=112 loops=1)
                                       Buffers: shared hit=167441 read=4695
                                       ->  Hash Join  (cost=4695.00..392396.51 rows=40 width=12) (actual time=20.201..1538.358 rows=1407 loops=1)
                                             Hash Cond: (t.kind_id = kt.id)
                                             Buffers: shared hit=155878 read=811
                                             ->  Nested Loop  (cost=4693.90..392394.23 rows=283 width=16) (actual time=19.749..1533.720 rows=20929 loops=1)
                                                   Buffers: shared hit=155877 read=811
                                                   ->  Bitmap Heap Scan on movie_info mi2  (cost=4693.47..388964.25 rows=411 width=8) (actual time=19.721..404.876 rows=34279 loops=1)
                                                         Recheck Cond: (info_type_id = 5)
                                                         Filter: ((info)::text = ANY ('{Australia:M,Australia:MA,Australia:R,"South Korea:18",Sweden:15}'::text[]))
                                                         Rows Removed by Filter: 452275
                                                         Heap Blocks: exact=19164
                                                         Buffers: shared hit=19502 read=70
                                                         ->  Bitmap Index Scan on info_type_id_movie_info  (cost=0.00..4693.37 rows=439058 width=0) (actual time=16.910..16.910 rows=486554 loops=1)
                                                               Index Cond: (info_type_id = 5)
                                                               Buffers: shared hit=402 read=6
                                                   ->  Index Scan using title_pkey on title t  (cost=0.43..8.35 rows=1 width=8) (actual time=0.032..0.032 rows=1 loops=34279)
                                                         Index Cond: (id = mi2.movie_id)
                                                         Filter: ((production_year <= 2015) AND (1990 < production_year))
                                                         Rows Removed by Filter: 0
                                                         Buffers: shared hit=136375 read=741
                                             ->  Hash  (cost=1.09..1.09 rows=1 width=4) (actual time=0.019..0.020 rows=1 loops=1)
                                                   Buckets: 1024  Batches: 1  Memory Usage: 9kB
                                                   Buffers: shared hit=1
                                                   ->  Seq Scan on kind_type kt  (cost=0.00..1.09 rows=1 width=4) (actual time=0.011..0.011 rows=1 loops=1)
                                                         Filter: ((kind)::text = 'episode'::text)
                                                         Rows Removed by Filter: 6
                                                         Buffers: shared hit=1
                                       ->  Index Scan using movie_id_movie_info on movie_info mi1  (cost=0.43..42.35 rows=1 width=8) (actual time=0.102..0.102 rows=0 loops=1407)
                                             Index Cond: (movie_id = t.id)
                                             Filter: ((info_type_id = 3) AND ((info)::text = ANY ('{Crime,Drama,Horror,Mystery}'::text[])))
                                             Rows Removed by Filter: 17
                                             Buffers: shared hit=11563 read=3884
                                 ->  Seq Scan on info_type it1  (cost=0.00..2.41 rows=1 width=4) (actual time=0.006..0.013 rows=1 loops=112)
                                       Filter: (id = 3)
                                       Rows Removed by Filter: 112
                                       Buffers: shared hit=112
                           ->  Seq Scan on info_type it2  (cost=0.00..2.41 rows=1 width=4) (actual time=0.019..0.027 rows=1 loops=112)
                                 Filter: (id = 5)
                                 Rows Removed by Filter: 112
                                 Buffers: shared hit=112
                     ->  Index Scan using movie_id_cast_info on cast_info ci  (cost=0.44..43.36 rows=38 width=12) (actual time=0.029..0.481 rows=53 loops=112)
                           Index Cond: (movie_id = t.id)
                           Buffers: shared hit=4608 read=1594
               ->  Hash  (cost=1.15..1.15 rows=1 width=4) (actual time=0.029..0.030 rows=1 loops=1)
                     Buckets: 1024  Batches: 1  Memory Usage: 9kB
                     Buffers: shared hit=1
                     ->  Seq Scan on role_type rt  (cost=0.00..1.15 rows=1 width=4) (actual time=0.023..0.024 rows=1 loops=1)
                           Filter: ((role)::text = 'composer'::text)
                           Rows Removed by Filter: 11
                           Buffers: shared hit=1
         ->  Index Scan using name_pkey on name n  (cost=0.43..2.32 rows=1 width=4) (actual time=0.046..0.046 rows=1 loops=107)
               Index Cond: (id = ci.person_id)
               Filter: ((gender)::text = 'm'::text)
               Rows Removed by Filter: 0
               Buffers: shared hit=377 read=51
 Planning:
   Buffers: shared hit=574
 Planning Time: 12.767 ms
 Execution Time: 1749.675 ms
(73 rows)

