                                                                                             QUERY PLAN                                                                                              
-----------------------------------------------------------------------------------------------------------------------------------------------------------------------------------------------------
 Aggregate  (cost=426210.61..426210.62 rows=1 width=8) (actual time=4735.619..4735.626 rows=1 loops=1)
   Buffers: shared hit=438063 read=52099
   ->  Nested Loop  (cost=4697.80..426210.61 rows=2 width=0) (actual time=54.801..4734.458 rows=5248 loops=1)
         Buffers: shared hit=438063 read=52099
         ->  Seq Scan on info_type it2  (cost=0.00..2.41 rows=1 width=4) (actual time=0.043..0.053 rows=1 loops=1)
               Filter: (id = 5)
               Rows Removed by Filter: 112
               Buffers: shared hit=1
         ->  Nested Loop  (cost=4697.80..426208.17 rows=2 width=4) (actual time=54.757..4733.348 rows=5248 loops=1)
               Buffers: shared hit=438062 read=52099
               ->  Seq Scan on info_type it1  (cost=0.00..2.41 rows=1 width=4) (actual time=0.008..0.020 rows=1 loops=1)
                     Filter: (id = 3)
                     Rows Removed by Filter: 112
                     Buffers: shared hit=1
               ->  Nested Loop  (cost=4697.80..426205.74 rows=2 width=8) (actual time=54.746..4732.159 rows=5248 loops=1)
                     Buffers: shared hit=438061 read=52099
                     ->  Hash Join  (cost=4697.37..426194.14 rows=5 width=12) (actual time=54.620..4318.284 rows=11420 loops=1)
                           Hash Cond: (ci.role_id = rt.id)
                           Buffers: shared hit=395977 read=48503
                           ->  Nested Loop  (cost=4696.21..426192.78 rows=57 width=16) (actual time=52.523..4293.351 rows=122111 loops=1)
                                 Buffers: shared hit=395976 read=48503
                                 ->  Nested Loop  (cost=4695.77..426017.99 rows=4 width=20) (actual time=52.455..3069.310 rows=2357 loops=1)
                                       Buffers: shared hit=302835 read=17236
                                       ->  Hash Join  (cost=4695.33..417699.74 rows=196 width=12) (actual time=28.758..2603.832 rows=2751 loops=1)
                                             Hash Cond: (t.kind_id = kt.id)
                                             Buffers: shared hit=277747 read=1266
                                             ->  Nested Loop  (cost=4694.23..417692.85 rows=1375 width=16) (actual time=19.450..2590.821 rows=58112 loops=1)
                                                   Buffers: shared hit=277746 read=1266
                                                   ->  Bitmap Heap Scan on movie_info mi2  (cost=4693.80..403795.76 rows=1735 width=8) (actual time=19.419..442.531 rows=64860 loops=1)
                                                         Recheck Cond: (info_type_id = 5)
                                                         Filter: ((info)::text = ANY ('{Argentina:Atp,Australia:M,Singapore:PG,"South Korea:15",UK:15,USA:R}'::text[]))
                                                         Rows Removed by Filter: 421694
                                                         Heap Blocks: exact=19164
                                                         Buffers: shared hit=19557 read=15
                                                         ->  Bitmap Index Scan on info_type_id_movie_info  (cost=0.00..4693.37 rows=439058 width=0) (actual time=16.677..16.677 rows=486554 loops=1)
                                                               Index Cond: (info_type_id = 5)
                                                               Buffers: shared hit=408
                                                   ->  Index Scan using title_pkey on title t  (cost=0.43..8.01 rows=1 width=8) (actual time=0.032..0.032 rows=1 loops=64860)
                                                         Index Cond: (id = mi2.movie_id)
                                                         Filter: ((production_year <= 2015) AND (1975 < production_year))
                                                         Rows Removed by Filter: 0
                                                         Buffers: shared hit=258189 read=1251
                                             ->  Hash  (cost=1.09..1.09 rows=1 width=4) (actual time=0.013..0.014 rows=1 loops=1)
                                                   Buckets: 1024  Batches: 1  Memory Usage: 9kB
                                                   Buffers: shared hit=1
                                                   ->  Seq Scan on kind_type kt  (cost=0.00..1.09 rows=1 width=4) (actual time=0.007..0.008 rows=1 loops=1)
                                                         Filter: ((kind)::text = 'video movie'::text)
                                                         Rows Removed by Filter: 6
                                                         Buffers: shared hit=1
                                       ->  Index Scan using movie_id_movie_info on movie_info mi1  (cost=0.43..42.43 rows=1 width=8) (actual time=0.168..0.168 rows=1 loops=2751)
                                             Index Cond: (movie_id = t.id)
                                             Filter: ((info_type_id = 3) AND ((info)::text = ANY ('{Adventure,Comedy,Drama,Romance,Sci-Fi,Thriller}'::text[])))
                                             Rows Removed by Filter: 23
                                             Buffers: shared hit=25088 read=15970
                                 ->  Index Scan using movie_id_cast_info on cast_info ci  (cost=0.44..43.32 rows=38 width=12) (actual time=0.036..0.505 rows=52 loops=2357)
                                       Index Cond: (movie_id = t.id)
                                       Buffers: shared hit=93141 read=31267
                           ->  Hash  (cost=1.15..1.15 rows=1 width=4) (actual time=0.015..0.016 rows=1 loops=1)
                                 Buckets: 1024  Batches: 1  Memory Usage: 9kB
                                 Buffers: shared hit=1
                                 ->  Seq Scan on role_type rt  (cost=0.00..1.15 rows=1 width=4) (actual time=0.008..0.010 rows=1 loops=1)
                                       Filter: ((role)::text = 'producer'::text)
                                       Rows Removed by Filter: 11
                                       Buffers: shared hit=1
                     ->  Index Scan using name_pkey on name n  (cost=0.43..2.32 rows=1 width=4) (actual time=0.036..0.036 rows=0 loops=11420)
                           Index Cond: (id = ci.person_id)
                           Filter: ((gender)::text = 'm'::text)
                           Rows Removed by Filter: 1
                           Buffers: shared hit=42084 read=3596
 Planning:
   Buffers: shared hit=574
 Planning Time: 13.669 ms
 Execution Time: 4736.228 ms
(73 rows)

