                                                                                             QUERY PLAN                                                                                              
-----------------------------------------------------------------------------------------------------------------------------------------------------------------------------------------------------
 Aggregate  (cost=422485.35..422485.36 rows=1 width=8) (actual time=17953.135..17953.141 rows=1 loops=1)
   Buffers: shared hit=1537628 read=323215
   ->  Nested Loop  (cost=4697.64..422485.35 rows=3 width=0) (actual time=44.426..17944.498 rows=44388 loops=1)
         Buffers: shared hit=1537628 read=323215
         ->  Hash Join  (cost=4697.21..422469.11 rows=7 width=4) (actual time=44.350..14700.615 rows=95085 loops=1)
               Hash Cond: (ci.role_id = rt.id)
               Buffers: shared hit=1186745 read=293758
               ->  Nested Loop  (cost=4696.03..422467.78 rows=43 width=8) (actual time=39.671..14518.088 rows=1010993 loops=1)
                     Buffers: shared hit=1186744 read=293758
                     ->  Nested Loop  (cost=4695.59..422336.57 rows=3 width=12) (actual time=39.626..4858.371 rows=11083 loops=1)
                           Buffers: shared hit=358429 read=102898
                           ->  Seq Scan on info_type it2  (cost=0.00..2.41 rows=1 width=4) (actual time=0.038..0.047 rows=1 loops=1)
                                 Filter: (id = 5)
                                 Rows Removed by Filter: 112
                                 Buffers: shared hit=1
                           ->  Nested Loop  (cost=4695.59..422334.13 rows=3 width=16) (actual time=39.587..4855.226 rows=11083 loops=1)
                                 Buffers: shared hit=358428 read=102898
                                 ->  Seq Scan on info_type it1  (cost=0.00..2.41 rows=1 width=4) (actual time=0.009..0.019 rows=1 loops=1)
                                       Filter: (id = 3)
                                       Rows Removed by Filter: 112
                                       Buffers: shared hit=1
                                 ->  Nested Loop  (cost=4695.59..422331.69 rows=3 width=20) (actual time=39.575..4852.090 rows=11083 loops=1)
                                       Buffers: shared hit=358427 read=102898
                                       ->  Hash Join  (cost=4695.16..411147.82 rows=264 width=12) (actual time=20.698..1523.011 rows=16714 loops=1)
                                             Hash Cond: (t.kind_id = kt.id)
                                             Buffers: shared hit=130781 read=15128
                                             ->  Nested Loop  (cost=4694.02..411144.09 rows=616 width=16) (actual time=20.238..1512.516 rows=20622 loops=1)
                                                   Buffers: shared hit=130780 read=15128
                                                   ->  Bitmap Heap Scan on movie_info mi2  (cost=4693.59..403795.55 rows=894 width=8) (actual time=20.084..424.154 rows=31584 loops=1)
                                                         Recheck Cond: (info_type_id = 5)
                                                         Filter: ((info)::text = ANY ('{Australia:PG,Germany:18,Iceland:L,Ireland:15A,Spain:18,UK:15}'::text[]))
                                                         Rows Removed by Filter: 454970
                                                         Heap Blocks: exact=19164
                                                         Buffers: shared hit=16398 read=3174
                                                         ->  Bitmap Index Scan on info_type_id_movie_info  (cost=0.00..4693.37 rows=439058 width=0) (actual time=17.511..17.511 rows=486554 loops=1)
                                                               Index Cond: (info_type_id = 5)
                                                               Buffers: shared hit=408
                                                   ->  Index Scan using title_pkey on title t  (cost=0.43..8.22 rows=1 width=8) (actual time=0.034..0.034 rows=1 loops=31584)
                                                         Index Cond: (id = mi2.movie_id)
                                                         Filter: ((production_year <= 2015) AND (1990 < production_year))
                                                         Rows Removed by Filter: 0
                                                         Buffers: shared hit=114382 read=11954
                                             ->  Hash  (cost=1.10..1.10 rows=3 width=4) (actual time=0.018..0.019 rows=3 loops=1)
                                                   Buckets: 1024  Batches: 1  Memory Usage: 9kB
                                                   Buffers: shared hit=1
                                                   ->  Seq Scan on kind_type kt  (cost=0.00..1.10 rows=3 width=4) (actual time=0.009..0.011 rows=3 loops=1)
                                                         Filter: ((kind)::text = ANY ('{episode,movie,"video movie"}'::text[]))
                                                         Rows Removed by Filter: 4
                                                         Buffers: shared hit=1
                                       ->  Index Scan using movie_id_movie_info on movie_info mi1  (cost=0.43..42.35 rows=1 width=8) (actual time=0.198..0.198 rows=1 loops=16714)
                                             Index Cond: (movie_id = t.id)
                                             Filter: ((info_type_id = 3) AND ((info)::text = ANY ('{Drama,Family,Mystery,Romance}'::text[])))
                                             Rows Removed by Filter: 84
                                             Buffers: shared hit=227646 read=87770
                     ->  Index Scan using movie_id_cast_info on cast_info ci  (cost=0.44..43.36 rows=38 width=12) (actual time=0.037..0.849 rows=91 loops=11083)
                           Index Cond: (movie_id = t.id)
                           Buffers: shared hit=828315 read=190860
               ->  Hash  (cost=1.15..1.15 rows=2 width=4) (actual time=0.038..0.038 rows=2 loops=1)
                     Buckets: 1024  Batches: 1  Memory Usage: 9kB
                     Buffers: shared hit=1
                     ->  Seq Scan on role_type rt  (cost=0.00..1.15 rows=2 width=4) (actual time=0.028..0.031 rows=2 loops=1)
                           Filter: ((role)::text = ANY ('{producer,writer}'::text[]))
                           Rows Removed by Filter: 10
                           Buffers: shared hit=1
         ->  Index Scan using name_pkey on name n  (cost=0.43..2.32 rows=1 width=4) (actual time=0.034..0.034 rows=0 loops=95085)
               Index Cond: (id = ci.person_id)
               Filter: ((gender)::text = 'm'::text)
               Rows Removed by Filter: 1
               Buffers: shared hit=350883 read=29457
 Planning:
   Buffers: shared hit=574
 Planning Time: 13.890 ms
 Execution Time: 17953.810 ms
(73 rows)

