                                                                                             QUERY PLAN                                                                                              
-----------------------------------------------------------------------------------------------------------------------------------------------------------------------------------------------------
 Aggregate  (cost=448938.59..448938.60 rows=1 width=8) (actual time=3121.987..3121.997 rows=1 loops=1)
   Buffers: shared hit=314121 read=6075
   ->  Nested Loop  (cost=4697.75..448938.58 rows=3 width=0) (actual time=31.238..3121.948 rows=124 loops=1)
         Buffers: shared hit=314121 read=6075
         ->  Hash Join  (cost=4697.32..448926.98 rows=5 width=4) (actual time=31.186..3105.066 rows=492 loops=1)
               Hash Cond: (ci.role_id = rt.id)
               Buffers: shared hit=312383 read=5845
               ->  Nested Loop  (cost=4696.14..448925.71 rows=29 width=8) (actual time=27.030..3104.055 rows=5000 loops=1)
                     Buffers: shared hit=312382 read=5845
                     ->  Nested Loop  (cost=4695.70..448836.60 rows=2 width=12) (actual time=26.989..3048.071 rows=365 loops=1)
                           Buffers: shared hit=307202 read=5140
                           ->  Seq Scan on info_type it2  (cost=0.00..2.41 rows=1 width=4) (actual time=0.031..0.042 rows=1 loops=1)
                                 Filter: (id = 5)
                                 Rows Removed by Filter: 112
                                 Buffers: shared hit=1
                           ->  Nested Loop  (cost=4695.70..448834.17 rows=2 width=16) (actual time=26.957..3047.938 rows=365 loops=1)
                                 Buffers: shared hit=307201 read=5140
                                 ->  Seq Scan on info_type it1  (cost=0.00..2.41 rows=1 width=4) (actual time=0.008..0.022 rows=1 loops=1)
                                       Filter: (id = 3)
                                       Rows Removed by Filter: 112
                                       Buffers: shared hit=1
                                 ->  Nested Loop  (cost=4695.70..448831.73 rows=2 width=20) (actual time=26.945..3047.821 rows=365 loops=1)
                                       Buffers: shared hit=307200 read=5140
                                       ->  Hash Join  (cost=4695.27..444352.36 rows=104 width=12) (actual time=23.404..3004.734 rows=240 loops=1)
                                             Hash Cond: (t.kind_id = kt.id)
                                             Buffers: shared hit=304320 read=4341
                                             ->  Nested Loop  (cost=4694.14..444350.20 rows=243 width=16) (actual time=23.361..2998.734 rows=25204 loops=1)
                                                   Buffers: shared hit=304319 read=4341
                                                   ->  Bitmap Heap Scan on movie_info mi2  (cost=4693.71..433458.04 rows=1344 width=8) (actual time=20.203..488.667 rows=72272 loops=1)
                                                         Recheck Cond: (info_type_id = 5)
                                                         Filter: ((info)::text = ANY ('{Argentina:Atp,Australia:M,Finland:S,Sweden:15,UK:U,USA:R,"West Germany:12","West Germany:18"}'::text[]))
                                                         Rows Removed by Filter: 414282
                                                         Heap Blocks: exact=19164
                                                         Buffers: shared hit=19567 read=5
                                                         ->  Bitmap Index Scan on info_type_id_movie_info  (cost=0.00..4693.37 rows=439058 width=0) (actual time=17.458..17.458 rows=486554 loops=1)
                                                               Index Cond: (info_type_id = 5)
                                                               Buffers: shared hit=408
                                                   ->  Index Scan using title_pkey on title t  (cost=0.43..8.10 rows=1 width=8) (actual time=0.034..0.034 rows=0 loops=72272)
                                                         Index Cond: (id = mi2.movie_id)
                                                         Filter: ((production_year <= 1975) AND (1875 < production_year))
                                                         Rows Removed by Filter: 1
                                                         Buffers: shared hit=284752 read=4336
                                             ->  Hash  (cost=1.10..1.10 rows=3 width=4) (actual time=0.019..0.021 rows=3 loops=1)
                                                   Buckets: 1024  Batches: 1  Memory Usage: 9kB
                                                   Buffers: shared hit=1
                                                   ->  Seq Scan on kind_type kt  (cost=0.00..1.10 rows=3 width=4) (actual time=0.011..0.013 rows=3 loops=1)
                                                         Filter: ((kind)::text = ANY ('{"tv series","video game","video movie"}'::text[]))
                                                         Rows Removed by Filter: 4
                                                         Buffers: shared hit=1
                                       ->  Index Scan using movie_id_movie_info on movie_info mi1  (cost=0.43..43.06 rows=1 width=8) (actual time=0.171..0.179 rows=2 loops=240)
                                             Index Cond: (movie_id = t.id)
                                             Filter: ((info_type_id = 3) AND ((info)::text = ANY ('{Animation,Comedy,Drama,Family,Musical,Romance,Western}'::text[])))
                                             Rows Removed by Filter: 56
                                             Buffers: shared hit=2880 read=799
                     ->  Index Scan using movie_id_cast_info on cast_info ci  (cost=0.44..44.17 rows=38 width=12) (actual time=0.032..0.149 rows=14 loops=365)
                           Index Cond: (movie_id = t.id)
                           Buffers: shared hit=5180 read=705
               ->  Hash  (cost=1.15..1.15 rows=2 width=4) (actual time=0.037..0.038 rows=2 loops=1)
                     Buckets: 1024  Batches: 1  Memory Usage: 9kB
                     Buffers: shared hit=1
                     ->  Seq Scan on role_type rt  (cost=0.00..1.15 rows=2 width=4) (actual time=0.029..0.030 rows=2 loops=1)
                           Filter: ((role)::text = ANY ('{composer,editor}'::text[]))
                           Rows Removed by Filter: 10
                           Buffers: shared hit=1
         ->  Index Scan using name_pkey on name n  (cost=0.43..2.32 rows=1 width=4) (actual time=0.034..0.034 rows=0 loops=492)
               Index Cond: (id = ci.person_id)
               Filter: ((gender)::text = ANY ('{f,m}'::text[]))
               Rows Removed by Filter: 1
               Buffers: shared hit=1738 read=230
 Planning:
   Buffers: shared hit=574
 Planning Time: 13.844 ms
 Execution Time: 3122.682 ms
(73 rows)

