                                                                                                           QUERY PLAN                                                                                                           
--------------------------------------------------------------------------------------------------------------------------------------------------------------------------------------------------------------------------------
 Aggregate  (cost=465735.03..465735.04 rows=1 width=8) (actual time=3756.407..3756.413 rows=1 loops=1)
   Buffers: shared hit=327855 read=63414
   ->  Nested Loop  (cost=4697.43..465735.03 rows=1 width=0) (actual time=122.478..3756.354 rows=88 loops=1)
         Buffers: shared hit=327855 read=63414
         ->  Hash Join  (cost=4697.00..465732.71 rows=1 width=4) (actual time=19.268..3625.287 rows=4157 loops=1)
               Hash Cond: (ci.role_id = rt.id)
               Buffers: shared hit=313113 read=61528
               ->  Nested Loop  (cost=4695.84..465731.50 rows=14 width=8) (actual time=19.182..3607.072 rows=122731 loops=1)
                     Buffers: shared hit=313112 read=61528
                     ->  Nested Loop  (cost=4695.40..465687.80 rows=1 width=12) (actual time=19.147..2395.786 rows=4181 loops=1)
                           Buffers: shared hit=218986 read=27230
                           ->  Nested Loop  (cost=4695.40..465685.38 rows=1 width=16) (actual time=19.142..2322.461 rows=4181 loops=1)
                                 Buffers: shared hit=214805 read=27230
                                 ->  Nested Loop  (cost=4695.40..465682.96 rows=1 width=20) (actual time=19.124..2240.796 rows=4181 loops=1)
                                       Buffers: shared hit=210624 read=27230
                                       ->  Hash Join  (cost=4694.96..464068.29 rows=38 width=12) (actual time=18.666..1675.435 rows=3812 loops=1)
                                             Hash Cond: (t.kind_id = kt.id)
                                             Buffers: shared hit=182493 read=1812
                                             ->  Nested Loop  (cost=4693.83..464066.78 rows=89 width=16) (actual time=18.624..1668.801 rows=31179 loops=1)
                                                   Buffers: shared hit=182492 read=1812
                                                   ->  Bitmap Heap Scan on movie_info mi2  (cost=4693.40..463120.10 rows=112 width=8) (actual time=18.582..438.375 rows=41183 loops=1)
                                                         Recheck Cond: (info_type_id = 5)
                                                         Filter: ((info)::text = ANY ('{Canada:13+,Germany:12,Singapore:NC-16,"South Korea:18",Switzerland:10,Switzerland:14,UK:U,USA:G,"USA:Not Rated",USA:Unrated}'::text[]))
                                                         Rows Removed by Filter: 445371
                                                         Heap Blocks: exact=19164
                                                         Buffers: shared hit=19407 read=165
                                                         ->  Bitmap Index Scan on info_type_id_movie_info  (cost=0.00..4693.37 rows=439058 width=0) (actual time=15.542..15.543 rows=486554 loops=1)
                                                               Index Cond: (info_type_id = 5)
                                                               Buffers: shared hit=408
                                                   ->  Index Scan using title_pkey on title t  (cost=0.43..8.45 rows=1 width=8) (actual time=0.029..0.029 rows=1 loops=41183)
                                                         Index Cond: (id = mi2.movie_id)
                                                         Filter: ((production_year <= 2015) AND (1975 < production_year))
                                                         Rows Removed by Filter: 0
                                                         Buffers: shared hit=163085 read=1647
                                             ->  Hash  (cost=1.10..1.10 rows=3 width=4) (actual time=0.018..0.019 rows=3 loops=1)
                                                   Buckets: 1024  Batches: 1  Memory Usage: 9kB
                                                   Buffers: shared hit=1
                                                   ->  Seq Scan on kind_type kt  (cost=0.00..1.10 rows=3 width=4) (actual time=0.010..0.011 rows=3 loops=1)
                                                         Filter: ((kind)::text = ANY ('{"tv movie","tv series","video game"}'::text[]))
                                                         Rows Removed by Filter: 4
                                                         Buffers: shared hit=1
                                       ->  Index Scan using movie_id_movie_info on movie_info mi1  (cost=0.43..42.48 rows=1 width=8) (actual time=0.145..0.148 rows=1 loops=3812)
                                             Index Cond: (movie_id = t.id)
                                             Filter: ((info_type_id = 3) AND ((info)::text = ANY ('{Action,Animation,Comedy,Crime,Family,Horror,Thriller}'::text[])))
                                             Rows Removed by Filter: 27
                                             Buffers: shared hit=28131 read=25418
                                 ->  Seq Scan on info_type it1  (cost=0.00..2.41 rows=1 width=4) (actual time=0.011..0.018 rows=1 loops=4181)
                                       Filter: (id = 3)
                                       Rows Removed by Filter: 112
                                       Buffers: shared hit=4181
                           ->  Seq Scan on info_type it2  (cost=0.00..2.41 rows=1 width=4) (actual time=0.009..0.016 rows=1 loops=4181)
                                 Filter: (id = 5)
                                 Rows Removed by Filter: 112
                                 Buffers: shared hit=4181
                     ->  Index Scan using movie_id_cast_info on cast_info ci  (cost=0.44..43.32 rows=38 width=12) (actual time=0.035..0.283 rows=29 loops=4181)
                           Index Cond: (movie_id = t.id)
                           Buffers: shared hit=94126 read=34298
               ->  Hash  (cost=1.15..1.15 rows=1 width=4) (actual time=0.034..0.035 rows=1 loops=1)
                     Buckets: 1024  Batches: 1  Memory Usage: 9kB
                     Buffers: shared hit=1
                     ->  Seq Scan on role_type rt  (cost=0.00..1.15 rows=1 width=4) (actual time=0.027..0.028 rows=1 loops=1)
                           Filter: ((role)::text = 'director'::text)
                           Rows Removed by Filter: 11
                           Buffers: shared hit=1
         ->  Index Scan using name_pkey on name n  (cost=0.43..2.32 rows=1 width=4) (actual time=0.031..0.031 rows=0 loops=4157)
               Index Cond: (id = ci.person_id)
               Filter: ((gender)::text = 'f'::text)
               Rows Removed by Filter: 1
               Buffers: shared hit=14742 read=1886
 Planning:
   Buffers: shared hit=574
 Planning Time: 10.751 ms
 Execution Time: 3757.037 ms
(73 rows)

