                                                                                             QUERY PLAN                                                                                              
-----------------------------------------------------------------------------------------------------------------------------------------------------------------------------------------------------
 Aggregate  (cost=417866.18..417866.19 rows=1 width=8) (actual time=20125.404..20125.411 rows=1 loops=1)
   Buffers: shared hit=1866691 read=209790
   ->  Nested Loop  (cost=4697.73..417866.18 rows=1 width=0) (actual time=48.922..20119.612 rows=21228 loops=1)
         Buffers: shared hit=1866691 read=209790
         ->  Nested Loop  (cost=4697.73..417863.76 rows=1 width=4) (actual time=48.914..19652.281 rows=21228 loops=1)
               Buffers: shared hit=1845463 read=209790
               ->  Nested Loop  (cost=4697.73..417861.34 rows=1 width=8) (actual time=48.884..19162.193 rows=21228 loops=1)
                     Buffers: shared hit=1824235 read=209790
                     ->  Hash Join  (cost=4697.30..417856.70 rows=2 width=12) (actual time=48.823..17790.237 rows=38873 loops=1)
                           Hash Cond: (ci.role_id = rt.id)
                           Buffers: shared hit=1675507 read=203026
                           ->  Nested Loop  (cost=4696.14..417855.44 rows=29 width=16) (actual time=48.527..17585.550 rows=1146953 loops=1)
                                 Buffers: shared hit=1675506 read=203026
                                 ->  Nested Loop  (cost=4695.70..417765.68 rows=2 width=20) (actual time=48.476..6701.663 rows=25627 loops=1)
                                       Buffers: shared hit=548249 read=124179
                                       ->  Hash Join  (cost=4695.26..414400.98 rows=78 width=12) (actual time=48.137..2327.619 rows=26463 loops=1)
                                             Hash Cond: (t.kind_id = kt.id)
                                             Buffers: shared hit=180940 read=42605
                                             ->  Nested Loop  (cost=4694.13..414399.07 rows=183 width=16) (actual time=27.107..2313.321 rows=26809 loops=1)
                                                   Buffers: shared hit=180939 read=42605
                                                   ->  Bitmap Heap Scan on movie_info mi2  (cost=4693.70..403795.66 rows=1307 width=8) (actual time=19.965..507.485 rows=50993 loops=1)
                                                         Recheck Cond: (info_type_id = 5)
                                                         Filter: ((info)::text = ANY ('{Argentina:Atp,Australia:PG,Finland:K-12,Sweden:15,USA:Approved,"West Germany:12"}'::text[]))
                                                         Rows Removed by Filter: 435561
                                                         Heap Blocks: exact=19164
                                                         Buffers: shared hit=2730 read=16842
                                                         ->  Bitmap Index Scan on info_type_id_movie_info  (cost=0.00..4693.37 rows=439058 width=0) (actual time=17.411..17.411 rows=486554 loops=1)
                                                               Index Cond: (info_type_id = 5)
                                                               Buffers: shared read=408
                                                   ->  Index Scan using title_pkey on title t  (cost=0.43..8.11 rows=1 width=8) (actual time=0.035..0.035 rows=1 loops=50993)
                                                         Index Cond: (id = mi2.movie_id)
                                                         Filter: ((production_year <= 1975) AND (1925 < production_year))
                                                         Rows Removed by Filter: 0
                                                         Buffers: shared hit=178209 read=25763
                                             ->  Hash  (cost=1.10..1.10 rows=3 width=4) (actual time=0.019..0.020 rows=3 loops=1)
                                                   Buckets: 1024  Batches: 1  Memory Usage: 9kB
                                                   Buffers: shared hit=1
                                                   ->  Seq Scan on kind_type kt  (cost=0.00..1.10 rows=3 width=4) (actual time=0.010..0.012 rows=3 loops=1)
                                                         Filter: ((kind)::text = ANY ('{episode,movie,"tv movie"}'::text[]))
                                                         Rows Removed by Filter: 4
                                                         Buffers: shared hit=1
                                       ->  Index Scan using movie_id_movie_info on movie_info mi1  (cost=0.43..43.13 rows=1 width=8) (actual time=0.164..0.164 rows=1 loops=26463)
                                             Index Cond: (movie_id = t.id)
                                             Filter: ((info_type_id = 3) AND ((info)::text = ANY ('{Comedy,Drama,Romance,Thriller}'::text[])))
                                             Rows Removed by Filter: 41
                                             Buffers: shared hit=367309 read=81574
                                 ->  Index Scan using movie_id_cast_info on cast_info ci  (cost=0.44..44.50 rows=38 width=12) (actual time=0.036..0.412 rows=45 loops=25627)
                                       Index Cond: (movie_id = t.id)
                                       Buffers: shared hit=1127257 read=78847
                           ->  Hash  (cost=1.15..1.15 rows=1 width=4) (actual time=0.032..0.033 rows=1 loops=1)
                                 Buckets: 1024  Batches: 1  Memory Usage: 9kB
                                 Buffers: shared hit=1
                                 ->  Seq Scan on role_type rt  (cost=0.00..1.15 rows=1 width=4) (actual time=0.024..0.026 rows=1 loops=1)
                                       Filter: ((role)::text = 'producer'::text)
                                       Rows Removed by Filter: 11
                                       Buffers: shared hit=1
                     ->  Index Scan using name_pkey on name n  (cost=0.43..2.32 rows=1 width=4) (actual time=0.035..0.035 rows=1 loops=38873)
                           Index Cond: (id = ci.person_id)
                           Filter: ((gender)::text = 'm'::text)
                           Rows Removed by Filter: 0
                           Buffers: shared hit=148728 read=6764
               ->  Seq Scan on info_type it1  (cost=0.00..2.41 rows=1 width=4) (actual time=0.012..0.021 rows=1 loops=21228)
                     Filter: (id = 3)
                     Rows Removed by Filter: 112
                     Buffers: shared hit=21228
         ->  Seq Scan on info_type it2  (cost=0.00..2.41 rows=1 width=4) (actual time=0.011..0.020 rows=1 loops=21228)
               Filter: (id = 5)
               Rows Removed by Filter: 112
               Buffers: shared hit=21228
 Planning:
   Buffers: shared hit=484 read=90
 Planning Time: 13.751 ms
 Execution Time: 20126.072 ms
(73 rows)

