                                                                                                                QUERY PLAN                                                                                                                
------------------------------------------------------------------------------------------------------------------------------------------------------------------------------------------------------------------------------------------
 Aggregate  (cost=486884.74..486884.75 rows=1 width=8) (actual time=5608.306..5608.313 rows=1 loops=1)
   Buffers: shared hit=457686 read=121076
   ->  Nested Loop  (cost=4697.69..486884.70 rows=19 width=0) (actual time=34.422..5607.488 rows=3397 loops=1)
         Buffers: shared hit=457686 read=121076
         ->  Hash Join  (cost=4697.26..486817.43 rows=29 width=4) (actual time=33.935..5378.011 rows=6081 loops=1)
               Hash Cond: (ci.role_id = rt.id)
               Buffers: shared hit=437922 read=116516
               ->  Nested Loop  (cost=4696.09..486815.65 rows=172 width=8) (actual time=33.524..5355.053 rows=144884 loops=1)
                     Buffers: shared hit=437921 read=116516
                     ->  Nested Loop  (cost=4695.65..486291.73 rows=12 width=12) (actual time=33.481..3796.605 rows=4750 loops=1)
                           Buffers: shared hit=332858 read=68179
                           ->  Seq Scan on info_type it2  (cost=0.00..2.41 rows=1 width=4) (actual time=0.034..0.043 rows=1 loops=1)
                                 Filter: (id = 5)
                                 Rows Removed by Filter: 112
                                 Buffers: shared hit=1
                           ->  Nested Loop  (cost=4695.65..486289.20 rows=12 width=16) (actual time=33.446..3795.530 rows=4750 loops=1)
                                 Buffers: shared hit=332857 read=68179
                                 ->  Seq Scan on info_type it1  (cost=0.00..2.41 rows=1 width=4) (actual time=0.013..0.024 rows=1 loops=1)
                                       Filter: (id = 3)
                                       Rows Removed by Filter: 112
                                       Buffers: shared hit=1
                                 ->  Nested Loop  (cost=4695.65..486286.67 rows=12 width=20) (actual time=33.430..3794.344 rows=4750 loops=1)
                                       Buffers: shared hit=332856 read=68179
                                       ->  Hash Join  (cost=4695.21..472825.09 rows=317 width=12) (actual time=21.051..2673.385 rows=9590 loops=1)
                                             Hash Cond: (t.kind_id = kt.id)
                                             Buffers: shared hit=242612 read=38393
                                             ->  Nested Loop  (cost=4694.10..472819.30 rows=1110 width=16) (actual time=20.196..2658.259 rows=64572 loops=1)
                                                   Buffers: shared hit=242611 read=38393
                                                   ->  Bitmap Heap Scan on movie_info mi2  (cost=4693.67..463120.37 rows=1191 width=8) (actual time=20.148..529.134 rows=65358 loops=1)
                                                         Recheck Cond: (info_type_id = 5)
                                                         Filter: ((info)::text = ANY ('{Argentina:Unrated,Australia:M,Belgium:KT,Netherlands:AL,Singapore:NC-16,Switzerland:14,UK:15,USA:Approved,"USA:Not Rated",USA:Unrated}'::text[]))
                                                         Rows Removed by Filter: 421196
                                                         Heap Blocks: exact=19164
                                                         Buffers: shared hit=2313 read=17259
                                                         ->  Bitmap Index Scan on info_type_id_movie_info  (cost=0.00..4693.37 rows=439058 width=0) (actual time=17.415..17.416 rows=486554 loops=1)
                                                               Index Cond: (info_type_id = 5)
                                                               Buffers: shared read=408
                                                   ->  Index Scan using title_pkey on title t  (cost=0.43..8.14 rows=1 width=8) (actual time=0.032..0.032 rows=1 loops=65358)
                                                         Index Cond: (id = mi2.movie_id)
                                                         Filter: ((production_year <= 2015) AND (1925 < production_year))
                                                         Rows Removed by Filter: 0
                                                         Buffers: shared hit=240298 read=21134
                                             ->  Hash  (cost=1.09..1.09 rows=2 width=4) (actual time=0.014..0.015 rows=2 loops=1)
                                                   Buckets: 1024  Batches: 1  Memory Usage: 9kB
                                                   Buffers: shared hit=1
                                                   ->  Seq Scan on kind_type kt  (cost=0.00..1.09 rows=2 width=4) (actual time=0.009..0.010 rows=2 loops=1)
                                                         Filter: ((kind)::text = ANY ('{episode,"video movie"}'::text[]))
                                                         Rows Removed by Filter: 5
                                                         Buffers: shared hit=1
                                       ->  Index Scan using movie_id_movie_info on movie_info mi1  (cost=0.43..42.46 rows=1 width=8) (actual time=0.116..0.116 rows=0 loops=9590)
                                             Index Cond: (movie_id = t.id)
                                             Filter: ((info_type_id = 3) AND ((info)::text = ANY ('{Action,Documentary,Drama,Horror,Romance,Short,Thriller}'::text[])))
                                             Rows Removed by Filter: 16
                                             Buffers: shared hit=90244 read=29786
                     ->  Index Scan using movie_id_cast_info on cast_info ci  (cost=0.44..43.28 rows=38 width=12) (actual time=0.037..0.321 rows=31 loops=4750)
                           Index Cond: (movie_id = t.id)
                           Buffers: shared hit=105063 read=48337
               ->  Hash  (cost=1.15..1.15 rows=2 width=4) (actual time=0.041..0.042 rows=2 loops=1)
                     Buckets: 1024  Batches: 1  Memory Usage: 9kB
                     Buffers: shared hit=1
                     ->  Seq Scan on role_type rt  (cost=0.00..1.15 rows=2 width=4) (actual time=0.027..0.029 rows=2 loops=1)
                           Filter: ((role)::text = ANY ('{"costume designer",director}'::text[]))
                           Rows Removed by Filter: 10
                           Buffers: shared hit=1
         ->  Index Scan using name_pkey on name n  (cost=0.43..2.32 rows=1 width=4) (actual time=0.037..0.037 rows=1 loops=6081)
               Index Cond: (id = ci.person_id)
               Filter: ((gender)::text = ANY ('{f,m}'::text[]))
               Rows Removed by Filter: 0
               Buffers: shared hit=19764 read=4560
 Planning:
   Buffers: shared hit=483 read=91
 Planning Time: 14.038 ms
 Execution Time: 5609.050 ms
(73 rows)

