                                                                                                        QUERY PLAN                                                                                                         
---------------------------------------------------------------------------------------------------------------------------------------------------------------------------------------------------------------------------
 Aggregate  (cost=490366.11..490366.12 rows=1 width=8) (actual time=4037.685..4037.694 rows=1 loops=1)
   Buffers: shared hit=385451 read=23048
   ->  Nested Loop  (cost=4697.67..490366.10 rows=1 width=0) (actual time=40.189..4037.609 rows=152 loops=1)
         Buffers: shared hit=385451 read=23048
         ->  Hash Join  (cost=4697.24..490363.78 rows=1 width=4) (actual time=40.138..4017.406 rows=576 loops=1)
               Hash Cond: (ci.role_id = rt.id)
               Buffers: shared hit=383427 read=22768
               ->  Nested Loop  (cost=4696.07..490362.57 rows=14 width=8) (actual time=38.591..4013.501 rows=20113 loops=1)
                     Buffers: shared hit=383426 read=22768
                     ->  Nested Loop  (cost=4695.63..490318.20 rows=1 width=12) (actual time=38.538..3757.411 rows=1296 loops=1)
                           Buffers: shared hit=364487 read=17939
                           ->  Nested Loop  (cost=4695.63..490315.78 rows=1 width=16) (actual time=38.532..3725.716 rows=1296 loops=1)
                                 Buffers: shared hit=363191 read=17939
                                 ->  Nested Loop  (cost=4695.63..490313.35 rows=1 width=20) (actual time=38.502..3694.956 rows=1296 loops=1)
                                       Buffers: shared hit=361895 read=17939
                                       ->  Hash Join  (cost=4695.20..487274.90 rows=71 width=12) (actual time=34.279..3525.024 rows=1302 loops=1)
                                             Hash Cond: (t.kind_id = kt.id)
                                             Buffers: shared hit=353766 read=12555
                                             ->  Nested Loop  (cost=4694.09..487272.75 rows=247 width=16) (actual time=21.388..3517.409 rows=30782 loops=1)
                                                   Buffers: shared hit=353765 read=12555
                                                   ->  Bitmap Heap Scan on movie_info mi2  (cost=4693.66..477951.54 rows=1143 width=8) (actual time=21.231..542.646 rows=86687 loops=1)
                                                         Recheck Cond: (info_type_id = 5)
                                                         Filter: ((info)::text = ANY ('{Argentina:13,Finland:K-16,Iceland:12,India:U,Portugal:M/12,Singapore:PG,Sweden:Btl,UK:18,USA:R,USA:X,"West Germany:16"}'::text[]))
                                                         Rows Removed by Filter: 399867
                                                         Heap Blocks: exact=19164
                                                         Buffers: shared hit=13924 read=5648
                                                         ->  Bitmap Index Scan on info_type_id_movie_info  (cost=0.00..4693.37 rows=439058 width=0) (actual time=17.994..17.994 rows=486554 loops=1)
                                                               Index Cond: (info_type_id = 5)
                                                               Buffers: shared read=408
                                                   ->  Index Scan using title_pkey on title t  (cost=0.43..8.16 rows=1 width=8) (actual time=0.034..0.034 rows=0 loops=86687)
                                                         Index Cond: (id = mi2.movie_id)
                                                         Filter: ((production_year <= 1990) AND (1950 < production_year))
                                                         Rows Removed by Filter: 1
                                                         Buffers: shared hit=339841 read=6907
                                             ->  Hash  (cost=1.09..1.09 rows=2 width=4) (actual time=0.017..0.018 rows=2 loops=1)
                                                   Buckets: 1024  Batches: 1  Memory Usage: 9kB
                                                   Buffers: shared hit=1
                                                   ->  Seq Scan on kind_type kt  (cost=0.00..1.09 rows=2 width=4) (actual time=0.010..0.011 rows=2 loops=1)
                                                         Filter: ((kind)::text = ANY ('{"video game","video movie"}'::text[]))
                                                         Rows Removed by Filter: 5
                                                         Buffers: shared hit=1
                                       ->  Index Scan using movie_id_movie_info on movie_info mi1  (cost=0.43..42.79 rows=1 width=8) (actual time=0.129..0.130 rows=1 loops=1302)
                                             Index Cond: (movie_id = t.id)
                                             Filter: ((info_type_id = 3) AND ((info)::text = ANY ('{Adult,Comedy,Drama,Horror}'::text[])))
                                             Rows Removed by Filter: 8
                                             Buffers: shared hit=8129 read=5384
                                 ->  Seq Scan on info_type it1  (cost=0.00..2.41 rows=1 width=4) (actual time=0.012..0.021 rows=1 loops=1296)
                                       Filter: (id = 3)
                                       Rows Removed by Filter: 112
                                       Buffers: shared hit=1296
                           ->  Seq Scan on info_type it2  (cost=0.00..2.41 rows=1 width=4) (actual time=0.013..0.022 rows=1 loops=1296)
                                 Filter: (id = 5)
                                 Rows Removed by Filter: 112
                                 Buffers: shared hit=1296
                     ->  Index Scan using movie_id_cast_info on cast_info ci  (cost=0.44..43.99 rows=38 width=12) (actual time=0.040..0.193 rows=16 loops=1296)
                           Index Cond: (movie_id = t.id)
                           Buffers: shared hit=18939 read=4829
               ->  Hash  (cost=1.15..1.15 rows=1 width=4) (actual time=0.032..0.033 rows=1 loops=1)
                     Buckets: 1024  Batches: 1  Memory Usage: 9kB
                     Buffers: shared hit=1
                     ->  Seq Scan on role_type rt  (cost=0.00..1.15 rows=1 width=4) (actual time=0.026..0.027 rows=1 loops=1)
                           Filter: ((role)::text = 'editor'::text)
                           Rows Removed by Filter: 11
                           Buffers: shared hit=1
         ->  Index Scan using name_pkey on name n  (cost=0.43..2.32 rows=1 width=4) (actual time=0.034..0.034 rows=0 loops=576)
               Index Cond: (id = ci.person_id)
               Filter: ((gender)::text = 'm'::text)
               Rows Removed by Filter: 1
               Buffers: shared hit=2024 read=280
 Planning:
   Buffers: shared hit=529 read=45
 Planning Time: 13.544 ms
 Execution Time: 4038.361 ms
(73 rows)

