                                                                                                     QUERY PLAN                                                                                                      
---------------------------------------------------------------------------------------------------------------------------------------------------------------------------------------------------------------------
 Aggregate  (cost=462925.56..462925.57 rows=1 width=8) (actual time=4997.481..4997.488 rows=1 loops=1)
   Buffers: shared hit=464347 read=54309
   ->  Nested Loop  (cost=4697.61..462925.54 rows=7 width=0) (actual time=22.409..4995.646 rows=9925 loops=1)
         Buffers: shared hit=464347 read=54309
         ->  Hash Join  (cost=4697.18..462902.34 rows=10 width=4) (actual time=22.326..3710.168 rows=35943 loops=1)
               Hash Cond: (ci.role_id = rt.id)
               Buffers: shared hit=331995 read=42889
               ->  Nested Loop  (cost=4696.00..462900.96 rows=57 width=8) (actual time=22.001..3682.583 rows=114164 loops=1)
                     Buffers: shared hit=331994 read=42889
                     ->  Nested Loop  (cost=4695.56..462726.02 rows=4 width=12) (actual time=21.963..2569.526 rows=1872 loops=1)
                           Buffers: shared hit=239004 read=20821
                           ->  Seq Scan on info_type it2  (cost=0.00..2.41 rows=1 width=4) (actual time=0.030..0.039 rows=1 loops=1)
                                 Filter: (id = 5)
                                 Rows Removed by Filter: 112
                                 Buffers: shared hit=1
                           ->  Nested Loop  (cost=4695.56..462723.57 rows=4 width=16) (actual time=21.932..2568.975 rows=1872 loops=1)
                                 Buffers: shared hit=239003 read=20821
                                 ->  Seq Scan on info_type it1  (cost=0.00..2.41 rows=1 width=4) (actual time=0.008..0.020 rows=1 loops=1)
                                       Filter: (id = 3)
                                       Rows Removed by Filter: 112
                                       Buffers: shared hit=1
                                 ->  Nested Loop  (cost=4695.56..462721.12 rows=4 width=20) (actual time=21.920..2568.419 rows=1872 loops=1)
                                       Buffers: shared hit=239002 read=20821
                                       ->  Hash Join  (cost=4695.13..455441.97 rows=171 width=12) (actual time=20.437..1932.221 rows=5297 loops=1)
                                             Hash Cond: (t.kind_id = kt.id)
                                             Buffers: shared hit=190447 read=7254
                                             ->  Nested Loop  (cost=4694.02..455438.32 rows=599 width=16) (actual time=19.997..1923.928 rows=32399 loops=1)
                                                   Buffers: shared hit=190446 read=7254
                                                   ->  Bitmap Heap Scan on movie_info mi2  (cost=4693.59..448289.10 rows=869 width=8) (actual time=19.802..469.446 rows=44532 loops=1)
                                                         Recheck Cond: (info_type_id = 5)
                                                         Filter: ((info)::text = ANY ('{Argentina:16,Australia:M,Australia:PG,Germany:12,"New Zealand:R16",Singapore:M18,"South Korea:18",Spain:T,UK:12A}'::text[]))
                                                         Rows Removed by Filter: 442022
                                                         Heap Blocks: exact=19164
                                                         Buffers: shared hit=19548 read=24
                                                         ->  Bitmap Index Scan on info_type_id_movie_info  (cost=0.00..4693.37 rows=439058 width=0) (actual time=17.242..17.242 rows=486554 loops=1)
                                                               Index Cond: (info_type_id = 5)
                                                               Buffers: shared hit=408
                                                   ->  Index Scan using title_pkey on title t  (cost=0.43..8.23 rows=1 width=8) (actual time=0.032..0.032 rows=1 loops=44532)
                                                         Index Cond: (id = mi2.movie_id)
                                                         Filter: ((production_year <= 2015) AND (1990 < production_year))
                                                         Rows Removed by Filter: 0
                                                         Buffers: shared hit=170898 read=7230
                                             ->  Hash  (cost=1.09..1.09 rows=2 width=4) (actual time=0.019..0.019 rows=2 loops=1)
                                                   Buckets: 1024  Batches: 1  Memory Usage: 9kB
                                                   Buffers: shared hit=1
                                                   ->  Seq Scan on kind_type kt  (cost=0.00..1.09 rows=2 width=4) (actual time=0.011..0.012 rows=2 loops=1)
                                                         Filter: ((kind)::text = ANY ('{episode,"video movie"}'::text[]))
                                                         Rows Removed by Filter: 5
                                                         Buffers: shared hit=1
                                       ->  Index Scan using movie_id_movie_info on movie_info mi1  (cost=0.43..42.56 rows=1 width=8) (actual time=0.119..0.119 rows=0 loops=5297)
                                             Index Cond: (movie_id = t.id)
                                             Filter: ((info_type_id = 3) AND ((info)::text = ANY ('{Action,Comedy,Crime,Drama,Fantasy,Horror,Romance,Thriller}'::text[])))
                                             Rows Removed by Filter: 16
                                             Buffers: shared hit=48555 read=13567
                     ->  Index Scan using movie_id_cast_info on cast_info ci  (cost=0.44..43.36 rows=38 width=12) (actual time=0.037..0.578 rows=61 loops=1872)
                           Index Cond: (movie_id = t.id)
                           Buffers: shared hit=92990 read=22068
               ->  Hash  (cost=1.15..1.15 rows=2 width=4) (actual time=0.033..0.034 rows=2 loops=1)
                     Buckets: 1024  Batches: 1  Memory Usage: 9kB
                     Buffers: shared hit=1
                     ->  Seq Scan on role_type rt  (cost=0.00..1.15 rows=2 width=4) (actual time=0.025..0.027 rows=2 loops=1)
                           Filter: ((role)::text = ANY ('{"miscellaneous crew",writer}'::text[]))
                           Rows Removed by Filter: 10
                           Buffers: shared hit=1
         ->  Index Scan using name_pkey on name n  (cost=0.43..2.32 rows=1 width=4) (actual time=0.035..0.035 rows=0 loops=35943)
               Index Cond: (id = ci.person_id)
               Filter: ((gender)::text = ANY ('{f,m}'::text[]))
               Rows Removed by Filter: 1
               Buffers: shared hit=132352 read=11420
 Planning:
   Buffers: shared hit=574
 Planning Time: 14.321 ms
 Execution Time: 4998.091 ms
(73 rows)

