                                                                                             QUERY PLAN                                                                                              
-----------------------------------------------------------------------------------------------------------------------------------------------------------------------------------------------------
 Aggregate  (cost=345005.83..345005.84 rows=1 width=8) (actual time=569.347..569.352 rows=1 loops=1)
   Buffers: shared hit=40679 read=13643
   ->  Nested Loop  (cost=4697.41..345005.83 rows=1 width=0) (actual time=529.441..569.346 rows=1 loops=1)
         Buffers: shared hit=40679 read=13643
         ->  Hash Join  (cost=4696.98..345003.51 rows=1 width=4) (actual time=37.413..566.786 rows=141 loops=1)
               Hash Cond: (ci.role_id = rt.id)
               Buffers: shared hit=40224 read=13534
               ->  Nested Loop  (cost=4695.81..345002.30 rows=14 width=8) (actual time=36.771..565.539 rows=11606 loops=1)
                     Buffers: shared hit=40223 read=13534
                     ->  Nested Loop  (cost=4695.37..344958.60 rows=1 width=12) (actual time=31.287..458.979 rows=292 loops=1)
                           Buffers: shared hit=31010 read=10701
                           ->  Nested Loop  (cost=4695.37..344956.18 rows=1 width=16) (actual time=31.280..455.289 rows=292 loops=1)
                                 Buffers: shared hit=30718 read=10701
                                 ->  Nested Loop  (cost=4695.37..344953.76 rows=1 width=20) (actual time=31.252..448.220 rows=292 loops=1)
                                       Buffers: shared hit=30426 read=10701
                                       ->  Hash Join  (cost=4694.94..344657.75 rows=7 width=12) (actual time=29.397..413.390 rows=270 loops=1)
                                             Hash Cond: (t.kind_id = kt.id)
                                             Buffers: shared hit=28196 read=8737
                                             ->  Nested Loop  (cost=4693.81..344656.55 rows=17 width=16) (actual time=29.361..412.801 rows=3652 loops=1)
                                                   Buffers: shared hit=28195 read=8737
                                                   ->  Bitmap Heap Scan on movie_info mi2  (cost=4693.38..344470.60 rows=22 width=8) (actual time=29.300..284.221 rows=4340 loops=1)
                                                         Recheck Cond: (info_type_id = 5)
                                                         Filter: ((info)::text = ANY ('{Canada:13+,Finland:K-18}'::text[]))
                                                         Rows Removed by Filter: 482214
                                                         Heap Blocks: exact=19164
                                                         Buffers: shared hit=10953 read=8619
                                                         ->  Bitmap Index Scan on info_type_id_movie_info  (cost=0.00..4693.37 rows=439058 width=0) (actual time=16.117..16.117 rows=486554 loops=1)
                                                               Index Cond: (info_type_id = 5)
                                                               Buffers: shared hit=408
                                                   ->  Index Scan using title_pkey on title t  (cost=0.43..8.45 rows=1 width=8) (actual time=0.029..0.029 rows=1 loops=4340)
                                                         Index Cond: (id = mi2.movie_id)
                                                         Filter: ((production_year <= 2015) AND (1975 < production_year))
                                                         Rows Removed by Filter: 0
                                                         Buffers: shared hit=17242 read=118
                                             ->  Hash  (cost=1.10..1.10 rows=3 width=4) (actual time=0.015..0.016 rows=3 loops=1)
                                                   Buckets: 1024  Batches: 1  Memory Usage: 9kB
                                                   Buffers: shared hit=1
                                                   ->  Seq Scan on kind_type kt  (cost=0.00..1.10 rows=3 width=4) (actual time=0.008..0.010 rows=3 loops=1)
                                                         Filter: ((kind)::text = ANY ('{"tv movie","tv series","video game"}'::text[]))
                                                         Rows Removed by Filter: 4
                                                         Buffers: shared hit=1
                                       ->  Index Scan using movie_id_movie_info on movie_info mi1  (cost=0.43..42.28 rows=1 width=8) (actual time=0.123..0.128 rows=1 loops=270)
                                             Index Cond: (movie_id = t.id)
                                             Filter: ((info_type_id = 3) AND ((info)::text = ANY ('{Comedy,Drama,Thriller}'::text[])))
                                             Rows Removed by Filter: 48
                                             Buffers: shared hit=2230 read=1964
                                 ->  Seq Scan on info_type it1  (cost=0.00..2.41 rows=1 width=4) (actual time=0.018..0.023 rows=1 loops=292)
                                       Filter: (id = 3)
                                       Rows Removed by Filter: 112
                                       Buffers: shared hit=292
                           ->  Seq Scan on info_type it2  (cost=0.00..2.41 rows=1 width=4) (actual time=0.007..0.012 rows=1 loops=292)
                                 Filter: (id = 5)
                                 Rows Removed by Filter: 112
                                 Buffers: shared hit=292
                     ->  Index Scan using movie_id_cast_info on cast_info ci  (cost=0.44..43.32 rows=38 width=12) (actual time=0.024..0.358 rows=40 loops=292)
                           Index Cond: (movie_id = t.id)
                           Buffers: shared hit=9213 read=2833
               ->  Hash  (cost=1.15..1.15 rows=1 width=4) (actual time=0.030..0.030 rows=1 loops=1)
                     Buckets: 1024  Batches: 1  Memory Usage: 9kB
                     Buffers: shared hit=1
                     ->  Seq Scan on role_type rt  (cost=0.00..1.15 rows=1 width=4) (actual time=0.024..0.025 rows=1 loops=1)
                           Filter: ((role)::text = 'editor'::text)
                           Rows Removed by Filter: 11
                           Buffers: shared hit=1
         ->  Index Scan using name_pkey on name n  (cost=0.43..2.32 rows=1 width=4) (actual time=0.018..0.018 rows=0 loops=141)
               Index Cond: (id = ci.person_id)
               Filter: ((gender)::text = 'f'::text)
               Rows Removed by Filter: 1
               Buffers: shared hit=455 read=109
 Planning:
   Buffers: shared hit=574
 Planning Time: 13.388 ms
 Execution Time: 569.825 ms
(73 rows)

