                                                                                             QUERY PLAN                                                                                              
-----------------------------------------------------------------------------------------------------------------------------------------------------------------------------------------------------
 Aggregate  (cost=360065.63..360065.64 rows=1 width=8) (actual time=1259.786..1259.793 rows=1 loops=1)
   Buffers: shared hit=108879 read=19655
   ->  Nested Loop  (cost=4697.41..360065.63 rows=1 width=0) (actual time=680.318..1259.785 rows=2 loops=1)
         Buffers: shared hit=108879 read=19655
         ->  Hash Join  (cost=4696.98..360063.31 rows=1 width=4) (actual time=23.428..1243.702 rows=454 loops=1)
               Hash Cond: (ci.role_id = rt.id)
               Buffers: shared hit=107472 read=19246
               ->  Nested Loop  (cost=4695.82..360062.10 rows=14 width=8) (actual time=21.966..1239.565 rows=31049 loops=1)
                     Buffers: shared hit=107471 read=19246
                     ->  Nested Loop  (cost=4695.38..360018.36 rows=1 width=12) (actual time=21.933..933.732 rows=695 loops=1)
                           Buffers: shared hit=85573 read=9225
                           ->  Nested Loop  (cost=4695.38..360015.94 rows=1 width=16) (actual time=21.927..922.735 rows=695 loops=1)
                                 Buffers: shared hit=84878 read=9225
                                 ->  Nested Loop  (cost=4695.38..360013.51 rows=1 width=20) (actual time=21.904..909.250 rows=695 loops=1)
                                       Buffers: shared hit=84183 read=9225
                                       ->  Hash Join  (cost=4694.94..359590.40 rows=10 width=12) (actual time=21.569..714.822 rows=1339 loops=1)
                                             Hash Cond: (t.kind_id = kt.id)
                                             Buffers: shared hit=72358 read=779
                                             ->  Nested Loop  (cost=4693.81..359589.17 rows=23 width=16) (actual time=21.526..712.592 rows=11238 loops=1)
                                                   Buffers: shared hit=72357 read=779
                                                   ->  Bitmap Heap Scan on movie_info mi2  (cost=4693.38..359301.78 rows=34 width=8) (actual time=20.856..310.442 rows=13391 loops=1)
                                                         Recheck Cond: (info_type_id = 5)
                                                         Filter: ((info)::text = ANY ('{Germany:12,Netherlands:16,"South Korea:15"}'::text[]))
                                                         Rows Removed by Filter: 473163
                                                         Heap Blocks: exact=19164
                                                         Buffers: shared hit=19572
                                                         ->  Bitmap Index Scan on info_type_id_movie_info  (cost=0.00..4693.37 rows=439058 width=0) (actual time=17.469..17.470 rows=486554 loops=1)
                                                               Index Cond: (info_type_id = 5)
                                                               Buffers: shared hit=408
                                                   ->  Index Scan using title_pkey on title t  (cost=0.43..8.45 rows=1 width=8) (actual time=0.030..0.030 rows=1 loops=13391)
                                                         Index Cond: (id = mi2.movie_id)
                                                         Filter: ((production_year <= 2015) AND (1990 < production_year))
                                                         Rows Removed by Filter: 0
                                                         Buffers: shared hit=52785 read=779
                                             ->  Hash  (cost=1.10..1.10 rows=3 width=4) (actual time=0.017..0.018 rows=3 loops=1)
                                                   Buckets: 1024  Batches: 1  Memory Usage: 9kB
                                                   Buffers: shared hit=1
                                                   ->  Seq Scan on kind_type kt  (cost=0.00..1.10 rows=3 width=4) (actual time=0.009..0.011 rows=3 loops=1)
                                                         Filter: ((kind)::text = ANY ('{"tv movie","tv series","video game"}'::text[]))
                                                         Rows Removed by Filter: 4
                                                         Buffers: shared hit=1
                                       ->  Index Scan using movie_id_movie_info on movie_info mi1  (cost=0.43..42.30 rows=1 width=8) (actual time=0.143..0.145 rows=1 loops=1339)
                                             Index Cond: (movie_id = t.id)
                                             Filter: ((info_type_id = 3) AND ((info)::text = ANY ('{Action,Crime,Horror}'::text[])))
                                             Rows Removed by Filter: 37
                                             Buffers: shared hit=11825 read=8446
                                 ->  Seq Scan on info_type it1  (cost=0.00..2.41 rows=1 width=4) (actual time=0.011..0.018 rows=1 loops=695)
                                       Filter: (id = 3)
                                       Rows Removed by Filter: 112
                                       Buffers: shared hit=695
                           ->  Seq Scan on info_type it2  (cost=0.00..2.41 rows=1 width=4) (actual time=0.008..0.014 rows=1 loops=695)
                                 Filter: (id = 5)
                                 Rows Removed by Filter: 112
                                 Buffers: shared hit=695
                     ->  Index Scan using movie_id_cast_info on cast_info ci  (cost=0.44..43.36 rows=38 width=12) (actual time=0.033..0.431 rows=45 loops=695)
                           Index Cond: (movie_id = t.id)
                           Buffers: shared hit=21898 read=10021
               ->  Hash  (cost=1.15..1.15 rows=1 width=4) (actual time=0.032..0.033 rows=1 loops=1)
                     Buckets: 1024  Batches: 1  Memory Usage: 9kB
                     Buffers: shared hit=1
                     ->  Seq Scan on role_type rt  (cost=0.00..1.15 rows=1 width=4) (actual time=0.025..0.026 rows=1 loops=1)
                           Filter: ((role)::text = 'cinematographer'::text)
                           Rows Removed by Filter: 11
                           Buffers: shared hit=1
         ->  Index Scan using name_pkey on name n  (cost=0.43..2.32 rows=1 width=4) (actual time=0.035..0.035 rows=0 loops=454)
               Index Cond: (id = ci.person_id)
               Filter: ((gender)::text = 'f'::text)
               Rows Removed by Filter: 1
               Buffers: shared hit=1407 read=409
 Planning:
   Buffers: shared hit=574
 Planning Time: 14.295 ms
 Execution Time: 1260.393 ms
(73 rows)

