                                                                                             QUERY PLAN                                                                                              
-----------------------------------------------------------------------------------------------------------------------------------------------------------------------------------------------------
 Aggregate  (cost=390297.64..390297.65 rows=1 width=8) (actual time=1352.290..1352.296 rows=1 loops=1)
   Buffers: shared hit=129410 read=7771
   ->  Nested Loop  (cost=4697.43..390297.63 rows=1 width=0) (actual time=38.790..1352.233 rows=127 loops=1)
         Buffers: shared hit=129410 read=7771
         ->  Hash Join  (cost=4697.00..390292.99 rows=2 width=4) (actual time=38.673..1326.287 rows=722 loops=1)
               Hash Cond: (ci.role_id = rt.id)
               Buffers: shared hit=126874 read=7419
               ->  Nested Loop  (cost=4695.82..390291.77 rows=14 width=8) (actual time=20.877..1319.080 rows=51841 loops=1)
                     Buffers: shared hit=126873 read=7419
                     ->  Nested Loop  (cost=4695.38..390248.07 rows=1 width=12) (actual time=20.836..863.834 rows=1068 loops=1)
                           Buffers: shared hit=81162 read=2218
                           ->  Nested Loop  (cost=4695.38..390245.65 rows=1 width=16) (actual time=20.831..845.909 rows=1068 loops=1)
                                 Buffers: shared hit=80094 read=2218
                                 ->  Nested Loop  (cost=4695.38..390243.23 rows=1 width=20) (actual time=20.806..825.513 rows=1068 loops=1)
                                       Buffers: shared hit=79026 read=2218
                                       ->  Hash Join  (cost=4694.95..389438.82 rows=19 width=12) (actual time=20.660..697.543 rows=883 loops=1)
                                             Hash Cond: (t.kind_id = kt.id)
                                             Buffers: shared hit=67109 read=204
                                             ->  Nested Loop  (cost=4693.81..389437.50 rows=44 width=16) (actual time=20.609..695.337 rows=10956 loops=1)
                                                   Buffers: shared hit=67108 read=204
                                                   ->  Bitmap Heap Scan on movie_info mi2  (cost=4693.38..388964.16 rows=56 width=8) (actual time=20.515..357.551 rows=11935 loops=1)
                                                         Recheck Cond: (info_type_id = 5)
                                                         Filter: ((info)::text = ANY ('{Canada:13+,Canada:14A,Finland:K-18,"New Zealand:R16","South Korea:18"}'::text[]))
                                                         Rows Removed by Filter: 474619
                                                         Heap Blocks: exact=19164
                                                         Buffers: shared hit=19572
                                                         ->  Bitmap Index Scan on info_type_id_movie_info  (cost=0.00..4693.37 rows=439058 width=0) (actual time=17.256..17.257 rows=486554 loops=1)
                                                               Index Cond: (info_type_id = 5)
                                                               Buffers: shared hit=408
                                                   ->  Index Scan using title_pkey on title t  (cost=0.43..8.45 rows=1 width=8) (actual time=0.028..0.028 rows=1 loops=11935)
                                                         Index Cond: (id = mi2.movie_id)
                                                         Filter: ((production_year <= 2015) AND (1975 < production_year))
                                                         Rows Removed by Filter: 0
                                                         Buffers: shared hit=47536 read=204
                                             ->  Hash  (cost=1.10..1.10 rows=3 width=4) (actual time=0.023..0.024 rows=3 loops=1)
                                                   Buckets: 1024  Batches: 1  Memory Usage: 9kB
                                                   Buffers: shared hit=1
                                                   ->  Seq Scan on kind_type kt  (cost=0.00..1.10 rows=3 width=4) (actual time=0.014..0.016 rows=3 loops=1)
                                                         Filter: ((kind)::text = ANY ('{"tv movie","tv series","video game"}'::text[]))
                                                         Rows Removed by Filter: 4
                                                         Buffers: shared hit=1
                                       ->  Index Scan using movie_id_movie_info on movie_info mi1  (cost=0.43..42.33 rows=1 width=8) (actual time=0.141..0.144 rows=1 loops=883)
                                             Index Cond: (movie_id = t.id)
                                             Filter: ((info_type_id = 3) AND ((info)::text = ANY ('{Action,Crime,Drama,Horror}'::text[])))
                                             Rows Removed by Filter: 48
                                             Buffers: shared hit=11917 read=2014
                                 ->  Seq Scan on info_type it1  (cost=0.00..2.41 rows=1 width=4) (actual time=0.010..0.017 rows=1 loops=1068)
                                       Filter: (id = 3)
                                       Rows Removed by Filter: 112
                                       Buffers: shared hit=1068
                           ->  Seq Scan on info_type it2  (cost=0.00..2.41 rows=1 width=4) (actual time=0.008..0.015 rows=1 loops=1068)
                                 Filter: (id = 5)
                                 Rows Removed by Filter: 112
                                 Buffers: shared hit=1068
                     ->  Index Scan using movie_id_cast_info on cast_info ci  (cost=0.44..43.32 rows=38 width=12) (actual time=0.035..0.416 rows=49 loops=1068)
                           Index Cond: (movie_id = t.id)
                           Buffers: shared hit=45711 read=5201
               ->  Hash  (cost=1.15..1.15 rows=2 width=4) (actual time=0.038..0.039 rows=2 loops=1)
                     Buckets: 1024  Batches: 1  Memory Usage: 9kB
                     Buffers: shared hit=1
                     ->  Seq Scan on role_type rt  (cost=0.00..1.15 rows=2 width=4) (actual time=0.029..0.031 rows=2 loops=1)
                           Filter: ((role)::text = ANY ('{"costume designer",editor}'::text[]))
                           Rows Removed by Filter: 10
                           Buffers: shared hit=1
         ->  Index Scan using name_pkey on name n  (cost=0.43..2.32 rows=1 width=4) (actual time=0.035..0.035 rows=0 loops=722)
               Index Cond: (id = ci.person_id)
               Filter: ((gender)::text = 'm'::text)
               Rows Removed by Filter: 1
               Buffers: shared hit=2536 read=352
 Planning:
   Buffers: shared hit=574
 Planning Time: 14.148 ms
 Execution Time: 1352.928 ms
(73 rows)

