                                                                                             QUERY PLAN                                                                                              
-----------------------------------------------------------------------------------------------------------------------------------------------------------------------------------------------------
 Aggregate  (cost=418428.29..418428.30 rows=1 width=8) (actual time=2091.697..2091.703 rows=1 loops=1)
   Buffers: shared hit=198510 read=16619
   ->  Nested Loop  (cost=4697.73..418428.28 rows=5 width=0) (actual time=329.044..2091.662 rows=116 loops=1)
         Buffers: shared hit=198510 read=16619
         ->  Hash Join  (cost=4697.30..418412.04 rows=7 width=4) (actual time=317.012..2083.044 rows=256 loops=1)
               Hash Cond: (ci.role_id = rt.id)
               Buffers: shared hit=197669 read=16436
               ->  Nested Loop  (cost=4696.12..418410.71 rows=43 width=8) (actual time=32.839..2082.315 rows=3557 loops=1)
                     Buffers: shared hit=197668 read=16436
                     ->  Nested Loop  (cost=4695.68..418277.04 rows=3 width=12) (actual time=28.532..2034.075 rows=296 loops=1)
                           Buffers: shared hit=194997 read=14813
                           ->  Seq Scan on info_type it2  (cost=0.00..2.41 rows=1 width=4) (actual time=0.030..0.038 rows=1 loops=1)
                                 Filter: (id = 5)
                                 Rows Removed by Filter: 112
                                 Buffers: shared hit=1
                           ->  Nested Loop  (cost=4695.68..418274.60 rows=3 width=16) (actual time=28.500..2033.953 rows=296 loops=1)
                                 Buffers: shared hit=194996 read=14813
                                 ->  Seq Scan on info_type it1  (cost=0.00..2.41 rows=1 width=4) (actual time=0.007..0.017 rows=1 loops=1)
                                       Filter: (id = 3)
                                       Rows Removed by Filter: 112
                                       Buffers: shared hit=1
                                 ->  Nested Loop  (cost=4695.68..418272.16 rows=3 width=20) (actual time=28.491..2033.848 rows=296 loops=1)
                                       Buffers: shared hit=194995 read=14813
                                       ->  Hash Join  (cost=4695.25..414061.25 rows=98 width=12) (actual time=18.447..1950.891 rows=397 loops=1)
                                             Hash Cond: (t.kind_id = kt.id)
                                             Buffers: shared hit=190925 read=12328
                                             ->  Nested Loop  (cost=4694.12..414059.15 rows=228 width=16) (actual time=18.412..1946.979 rows=18946 loops=1)
                                                   Buffers: shared hit=190924 read=12328
                                                   ->  Bitmap Heap Scan on movie_info mi2  (cost=4693.69..403795.65 rows=1263 width=8) (actual time=18.289..401.886 rows=45920 loops=1)
                                                         Recheck Cond: (info_type_id = 5)
                                                         Filter: ((info)::text = ANY ('{Argentina:Atp,Australia:G,Finland:K-12,Finland:K-16,USA:TV-G,"West Germany:16"}'::text[]))
                                                         Rows Removed by Filter: 440634
                                                         Heap Blocks: exact=19164
                                                         Buffers: shared hit=19572
                                                         ->  Bitmap Index Scan on info_type_id_movie_info  (cost=0.00..4693.37 rows=439058 width=0) (actual time=15.648..15.648 rows=486554 loops=1)
                                                               Index Cond: (info_type_id = 5)
                                                               Buffers: shared hit=408
                                                   ->  Index Scan using title_pkey on title t  (cost=0.43..8.13 rows=1 width=8) (actual time=0.033..0.033 rows=0 loops=45920)
                                                         Index Cond: (id = mi2.movie_id)
                                                         Filter: ((production_year <= 1975) AND (1875 < production_year))
                                                         Rows Removed by Filter: 1
                                                         Buffers: shared hit=171352 read=12328
                                             ->  Hash  (cost=1.10..1.10 rows=3 width=4) (actual time=0.014..0.015 rows=3 loops=1)
                                                   Buckets: 1024  Batches: 1  Memory Usage: 9kB
                                                   Buffers: shared hit=1
                                                   ->  Seq Scan on kind_type kt  (cost=0.00..1.10 rows=3 width=4) (actual time=0.007..0.008 rows=3 loops=1)
                                                         Filter: ((kind)::text = ANY ('{"tv series","video game","video movie"}'::text[]))
                                                         Rows Removed by Filter: 4
                                                         Buffers: shared hit=1
                                       ->  Index Scan using movie_id_movie_info on movie_info mi1  (cost=0.43..42.96 rows=1 width=8) (actual time=0.204..0.208 rows=1 loops=397)
                                             Index Cond: (movie_id = t.id)
                                             Filter: ((info_type_id = 3) AND ((info)::text = ANY ('{Action,Comedy,Drama,Romance,Short}'::text[])))
                                             Rows Removed by Filter: 53
                                             Buffers: shared hit=4070 read=2485
                     ->  Index Scan using movie_id_cast_info on cast_info ci  (cost=0.44..44.17 rows=38 width=12) (actual time=0.035..0.159 rows=12 loops=296)
                           Index Cond: (movie_id = t.id)
                           Buffers: shared hit=2671 read=1623
               ->  Hash  (cost=1.15..1.15 rows=2 width=4) (actual time=0.033..0.034 rows=2 loops=1)
                     Buckets: 1024  Batches: 1  Memory Usage: 9kB
                     Buffers: shared hit=1
                     ->  Seq Scan on role_type rt  (cost=0.00..1.15 rows=2 width=4) (actual time=0.026..0.028 rows=2 loops=1)
                           Filter: ((role)::text = ANY ('{"costume designer",director}'::text[]))
                           Rows Removed by Filter: 10
                           Buffers: shared hit=1
         ->  Index Scan using name_pkey on name n  (cost=0.43..2.32 rows=1 width=4) (actual time=0.033..0.033 rows=0 loops=256)
               Index Cond: (id = ci.person_id)
               Filter: ((gender)::text = ANY ('{f,m}'::text[]))
               Rows Removed by Filter: 1
               Buffers: shared hit=841 read=183
 Planning:
   Buffers: shared hit=574
 Planning Time: 11.407 ms
 Execution Time: 2092.264 ms
(73 rows)

