                                                                                             QUERY PLAN                                                                                              
-----------------------------------------------------------------------------------------------------------------------------------------------------------------------------------------------------
 Aggregate  (cost=407824.52..407824.53 rows=1 width=8) (actual time=2115.765..2115.775 rows=1 loops=1)
   Buffers: shared hit=182871 read=34919
   ->  Nested Loop  (cost=4697.48..407824.52 rows=1 width=0) (actual time=376.267..2115.745 rows=179 loops=1)
         Buffers: shared hit=182871 read=34919
         ->  Hash Join  (cost=4697.05..407822.20 rows=1 width=4) (actual time=376.225..2110.539 rows=179 loops=1)
               Hash Cond: (ci.role_id = rt.id)
               Buffers: shared hit=182316 read=34758
               ->  Nested Loop  (cost=4695.89..407820.99 rows=14 width=8) (actual time=374.593..2110.380 rows=441 loops=1)
                     Buffers: shared hit=182315 read=34758
                     ->  Nested Loop  (cost=4695.45..407776.11 rows=1 width=12) (actual time=374.557..2105.549 rows=42 loops=1)
                           Buffers: shared hit=182070 read=34481
                           ->  Nested Loop  (cost=4695.45..407773.68 rows=1 width=16) (actual time=374.551..2105.035 rows=42 loops=1)
                                 Buffers: shared hit=182028 read=34481
                                 ->  Nested Loop  (cost=4695.45..407771.26 rows=1 width=20) (actual time=374.533..2104.473 rows=42 loops=1)
                                       Buffers: shared hit=181986 read=34481
                                       ->  Hash Join  (cost=4695.01..407078.61 rows=16 width=12) (actual time=374.309..2098.464 rows=34 loops=1)
                                             Hash Cond: (t.kind_id = kt.id)
                                             Buffers: shared hit=181893 read=34052
                                             ->  Nested Loop  (cost=4693.90..407077.26 rows=55 width=16) (actual time=32.393..2093.901 rows=22341 loops=1)
                                                   Buffers: shared hit=181892 read=34052
                                                   ->  Bitmap Heap Scan on movie_info mi2  (cost=4693.47..403795.43 rows=393 width=8) (actual time=20.485..451.495 rows=49093 loops=1)
                                                         Recheck Cond: (info_type_id = 5)
                                                         Filter: ((info)::text = ANY ('{Finland:S,Sweden:15,UK:A,UK:U,USA:Passed,USA:X}'::text[]))
                                                         Rows Removed by Filter: 437461
                                                         Heap Blocks: exact=19164
                                                         Buffers: shared hit=775 read=18797
                                                         ->  Bitmap Index Scan on info_type_id_movie_info  (cost=0.00..4693.37 rows=439058 width=0) (actual time=16.975..16.975 rows=486554 loops=1)
                                                               Index Cond: (info_type_id = 5)
                                                               Buffers: shared read=408
                                                   ->  Index Scan using title_pkey on title t  (cost=0.43..8.35 rows=1 width=8) (actual time=0.033..0.033 rows=0 loops=49093)
                                                         Index Cond: (id = mi2.movie_id)
                                                         Filter: ((production_year <= 1975) AND (1925 < production_year))
                                                         Rows Removed by Filter: 1
                                                         Buffers: shared hit=181117 read=15255
                                             ->  Hash  (cost=1.09..1.09 rows=2 width=4) (actual time=0.019..0.020 rows=2 loops=1)
                                                   Buckets: 1024  Batches: 1  Memory Usage: 9kB
                                                   Buffers: shared hit=1
                                                   ->  Seq Scan on kind_type kt  (cost=0.00..1.09 rows=2 width=4) (actual time=0.010..0.012 rows=2 loops=1)
                                                         Filter: ((kind)::text = ANY ('{"tv series","video game"}'::text[]))
                                                         Rows Removed by Filter: 5
                                                         Buffers: shared hit=1
                                       ->  Index Scan using movie_id_movie_info on movie_info mi1  (cost=0.43..43.28 rows=1 width=8) (actual time=0.171..0.176 rows=1 loops=34)
                                             Index Cond: (movie_id = t.id)
                                             Filter: ((info_type_id = 3) AND ((info)::text = ANY ('{Adult,Animation,Drama,Family,Musical,Short,War}'::text[])))
                                             Rows Removed by Filter: 84
                                             Buffers: shared hit=93 read=429
                                 ->  Seq Scan on info_type it1  (cost=0.00..2.41 rows=1 width=4) (actual time=0.006..0.011 rows=1 loops=42)
                                       Filter: (id = 3)
                                       Rows Removed by Filter: 112
                                       Buffers: shared hit=42
                           ->  Seq Scan on info_type it2  (cost=0.00..2.41 rows=1 width=4) (actual time=0.005..0.011 rows=1 loops=42)
                                 Filter: (id = 5)
                                 Rows Removed by Filter: 112
                                 Buffers: shared hit=42
                     ->  Index Scan using movie_id_cast_info on cast_info ci  (cost=0.44..44.50 rows=38 width=12) (actual time=0.026..0.112 rows=10 loops=42)
                           Index Cond: (movie_id = t.id)
                           Buffers: shared hit=245 read=277
               ->  Hash  (cost=1.15..1.15 rows=1 width=4) (actual time=0.037..0.038 rows=1 loops=1)
                     Buckets: 1024  Batches: 1  Memory Usage: 9kB
                     Buffers: shared hit=1
                     ->  Seq Scan on role_type rt  (cost=0.00..1.15 rows=1 width=4) (actual time=0.029..0.031 rows=1 loops=1)
                           Filter: ((role)::text = 'actor'::text)
                           Rows Removed by Filter: 11
                           Buffers: shared hit=1
         ->  Index Scan using name_pkey on name n  (cost=0.43..2.32 rows=1 width=4) (actual time=0.029..0.029 rows=1 loops=179)
               Index Cond: (id = ci.person_id)
               Filter: ((gender)::text = 'm'::text)
               Buffers: shared hit=555 read=161
 Planning:
   Buffers: shared hit=483 read=91
 Planning Time: 14.063 ms
 Execution Time: 2116.459 ms
(72 rows)

