                                                                                                              QUERY PLAN                                                                                                               
---------------------------------------------------------------------------------------------------------------------------------------------------------------------------------------------------------------------------------------
 Aggregate  (cost=486649.69..486649.70 rows=1 width=8) (actual time=3120.996..3121.005 rows=1 loops=1)
   Buffers: shared hit=313143 read=8006
   ->  Nested Loop  (cost=4697.61..486649.68 rows=1 width=0) (actual time=419.181..3120.992 rows=7 loops=1)
         Buffers: shared hit=313143 read=8006
         ->  Hash Join  (cost=4697.18..486647.36 rows=1 width=4) (actual time=385.068..3120.370 rows=28 loops=1)
               Hash Cond: (ci.role_id = rt.id)
               Buffers: shared hit=313052 read=7985
               ->  Nested Loop  (cost=4696.02..486646.15 rows=14 width=8) (actual time=22.849..3119.990 rows=2431 loops=1)
                     Buffers: shared hit=313051 read=7985
                     ->  Nested Loop  (cost=4695.58..486601.60 rows=1 width=12) (actual time=22.810..3092.286 rows=250 loops=1)
                           Buffers: shared hit=311328 read=6663
                           ->  Nested Loop  (cost=4695.58..486599.18 rows=1 width=16) (actual time=22.803..3088.109 rows=250 loops=1)
                                 Buffers: shared hit=311078 read=6663
                                 ->  Nested Loop  (cost=4695.58..486596.76 rows=1 width=20) (actual time=22.782..3085.001 rows=250 loops=1)
                                       Buffers: shared hit=310828 read=6663
                                       ->  Hash Join  (cost=4695.12..484106.25 rows=58 width=12) (actual time=22.678..3042.105 rows=280 loops=1)
                                             Hash Cond: (t.kind_id = kt.id)
                                             Buffers: shared hit=309019 read=4162
                                             ->  Nested Loop  (cost=4693.99..484104.55 rows=135 width=16) (actual time=22.634..3030.357 rows=51158 loops=1)
                                                   Buffers: shared hit=309018 read=4162
                                                   ->  Bitmap Heap Scan on movie_info mi2  (cost=4693.56..477951.44 rows=745 width=8) (actual time=20.638..539.759 rows=73402 loops=1)
                                                         Recheck Cond: (info_type_id = 5)
                                                         Filter: ((info)::text = ANY ('{Argentina:13,Finland:K-16,Finland:S,Sweden:15,Sweden:Btl,UK:U,USA:Approved,USA:Passed,USA:TV-G,"West Germany:12","West Germany:16"}'::text[]))
                                                         Rows Removed by Filter: 413152
                                                         Heap Blocks: exact=19164
                                                         Buffers: shared hit=19567 read=5
                                                         ->  Bitmap Index Scan on info_type_id_movie_info  (cost=0.00..4693.37 rows=439058 width=0) (actual time=17.583..17.584 rows=486554 loops=1)
                                                               Index Cond: (info_type_id = 5)
                                                               Buffers: shared hit=408
                                                   ->  Index Scan using title_pkey on title t  (cost=0.43..8.26 rows=1 width=8) (actual time=0.033..0.033 rows=1 loops=73402)
                                                         Index Cond: (id = mi2.movie_id)
                                                         Filter: ((production_year <= 1975) AND (1875 < production_year))
                                                         Rows Removed by Filter: 0
                                                         Buffers: shared hit=289451 read=4157
                                             ->  Hash  (cost=1.10..1.10 rows=3 width=4) (actual time=0.015..0.016 rows=3 loops=1)
                                                   Buckets: 1024  Batches: 1  Memory Usage: 9kB
                                                   Buffers: shared hit=1
                                                   ->  Seq Scan on kind_type kt  (cost=0.00..1.10 rows=3 width=4) (actual time=0.010..0.011 rows=3 loops=1)
                                                         Filter: ((kind)::text = ANY ('{"tv series","video game","video movie"}'::text[]))
                                                         Rows Removed by Filter: 4
                                                         Buffers: shared hit=1
                                       ->  Index Scan using movie_id_movie_info on movie_info mi1  (cost=0.46..42.93 rows=1 width=8) (actual time=0.149..0.153 rows=1 loops=280)
                                             Index Cond: (movie_id = t.id)
                                             Filter: ((info_type_id = 3) AND ((info)::text = ANY ('{Adventure,Comedy,Drama,Music,Musical,Romance,Thriller,War,Western}'::text[])))
                                             Rows Removed by Filter: 43
                                             Buffers: shared hit=1809 read=2501
                                 ->  Seq Scan on info_type it1  (cost=0.00..2.41 rows=1 width=4) (actual time=0.005..0.011 rows=1 loops=250)
                                       Filter: (id = 3)
                                       Rows Removed by Filter: 112
                                       Buffers: shared hit=250
                           ->  Seq Scan on info_type it2  (cost=0.00..2.41 rows=1 width=4) (actual time=0.009..0.015 rows=1 loops=250)
                                 Filter: (id = 5)
                                 Rows Removed by Filter: 112
                                 Buffers: shared hit=250
                     ->  Index Scan using movie_id_cast_info on cast_info ci  (cost=0.44..44.17 rows=38 width=12) (actual time=0.027..0.109 rows=10 loops=250)
                           Index Cond: (movie_id = t.id)
                           Buffers: shared hit=1723 read=1322
               ->  Hash  (cost=1.15..1.15 rows=1 width=4) (actual time=0.032..0.032 rows=1 loops=1)
                     Buckets: 1024  Batches: 1  Memory Usage: 9kB
                     Buffers: shared hit=1
                     ->  Seq Scan on role_type rt  (cost=0.00..1.15 rows=1 width=4) (actual time=0.025..0.026 rows=1 loops=1)
                           Filter: ((role)::text = 'costume designer'::text)
                           Rows Removed by Filter: 11
                           Buffers: shared hit=1
         ->  Index Scan using name_pkey on name n  (cost=0.43..2.32 rows=1 width=4) (actual time=0.021..0.021 rows=0 loops=28)
               Index Cond: (id = ci.person_id)
               Filter: ((gender)::text = 'f'::text)
               Rows Removed by Filter: 1
               Buffers: shared hit=91 read=21
 Planning:
   Buffers: shared hit=576 read=1
 Planning Time: 13.828 ms
 Execution Time: 3121.673 ms
(73 rows)

