                                                                                             QUERY PLAN                                                                                              
-----------------------------------------------------------------------------------------------------------------------------------------------------------------------------------------------------
 Aggregate  (cost=394769.19..394769.20 rows=1 width=8) (actual time=1539.055..1539.061 rows=1 loops=1)
   Buffers: shared hit=151860 read=5920
   ->  Nested Loop  (cost=4697.52..394769.18 rows=1 width=0) (actual time=306.270..1539.046 rows=21 loops=1)
         Buffers: shared hit=151860 read=5920
         ->  Hash Join  (cost=4697.09..394766.86 rows=1 width=4) (actual time=263.332..1536.871 rows=74 loops=1)
               Hash Cond: (ci.role_id = rt.id)
               Buffers: shared hit=151620 read=5864
               ->  Nested Loop  (cost=4695.93..394765.65 rows=14 width=8) (actual time=21.662..1535.988 rows=6055 loops=1)
                     Buffers: shared hit=151619 read=5864
                     ->  Nested Loop  (cost=4695.49..394721.28 rows=1 width=12) (actual time=21.623..1479.453 rows=201 loops=1)
                           Buffers: shared hit=147100 read=3834
                           ->  Nested Loop  (cost=4695.49..394718.86 rows=1 width=16) (actual time=21.617..1475.458 rows=201 loops=1)
                                 Buffers: shared hit=146899 read=3834
                                 ->  Nested Loop  (cost=4695.49..394716.43 rows=1 width=20) (actual time=21.595..1472.696 rows=201 loops=1)
                                       Buffers: shared hit=146698 read=3834
                                       ->  Hash Join  (cost=4695.05..392874.04 rows=43 width=12) (actual time=20.359..1435.560 rows=199 loops=1)
                                             Hash Cond: (t.kind_id = kt.id)
                                             Buffers: shared hit=145118 read=2263
                                             ->  Nested Loop  (cost=4693.92..392872.48 rows=101 width=16) (actual time=20.302..1432.636 rows=13583 loops=1)
                                                   Buffers: shared hit=145117 read=2263
                                                   ->  Bitmap Heap Scan on movie_info mi2  (cost=4693.49..388964.26 rows=469 width=8) (actual time=20.193..395.532 rows=31952 loops=1)
                                                         Recheck Cond: (info_type_id = 5)
                                                         Filter: ((info)::text = ANY ('{Argentina:16,Iceland:16,Norway:16,Sweden:15,UK:15}'::text[]))
                                                         Rows Removed by Filter: 454602
                                                         Heap Blocks: exact=19164
                                                         Buffers: shared hit=19572
                                                         ->  Bitmap Index Scan on info_type_id_movie_info  (cost=0.00..4693.37 rows=439058 width=0) (actual time=17.406..17.407 rows=486554 loops=1)
                                                               Index Cond: (info_type_id = 5)
                                                               Buffers: shared hit=408
                                                   ->  Index Scan using title_pkey on title t  (cost=0.43..8.33 rows=1 width=8) (actual time=0.032..0.032 rows=0 loops=31952)
                                                         Index Cond: (id = mi2.movie_id)
                                                         Filter: ((production_year <= 1990) AND (1950 < production_year))
                                                         Rows Removed by Filter: 1
                                                         Buffers: shared hit=125545 read=2263
                                             ->  Hash  (cost=1.10..1.10 rows=3 width=4) (actual time=0.023..0.024 rows=3 loops=1)
                                                   Buckets: 1024  Batches: 1  Memory Usage: 9kB
                                                   Buffers: shared hit=1
                                                   ->  Seq Scan on kind_type kt  (cost=0.00..1.10 rows=3 width=4) (actual time=0.017..0.018 rows=3 loops=1)
                                                         Filter: ((kind)::text = ANY ('{"tv series","video game","video movie"}'::text[]))
                                                         Rows Removed by Filter: 4
                                                         Buffers: shared hit=1
                                       ->  Index Scan using movie_id_movie_info on movie_info mi1  (cost=0.43..42.84 rows=1 width=8) (actual time=0.183..0.186 rows=1 loops=199)
                                             Index Cond: (movie_id = t.id)
                                             Filter: ((info_type_id = 3) AND ((info)::text = ANY ('{Action,Adventure,Crime,Drama,Thriller}'::text[])))
                                             Rows Removed by Filter: 41
                                             Buffers: shared hit=1580 read=1571
                                 ->  Seq Scan on info_type it1  (cost=0.00..2.41 rows=1 width=4) (actual time=0.005..0.012 rows=1 loops=201)
                                       Filter: (id = 3)
                                       Rows Removed by Filter: 112
                                       Buffers: shared hit=201
                           ->  Seq Scan on info_type it2  (cost=0.00..2.41 rows=1 width=4) (actual time=0.012..0.018 rows=1 loops=201)
                                 Filter: (id = 5)
                                 Rows Removed by Filter: 112
                                 Buffers: shared hit=201
                     ->  Index Scan using movie_id_cast_info on cast_info ci  (cost=0.44..43.99 rows=38 width=12) (actual time=0.034..0.275 rows=30 loops=201)
                           Index Cond: (movie_id = t.id)
                           Buffers: shared hit=4519 read=2030
               ->  Hash  (cost=1.15..1.15 rows=1 width=4) (actual time=0.034..0.034 rows=1 loops=1)
                     Buckets: 1024  Batches: 1  Memory Usage: 9kB
                     Buffers: shared hit=1
                     ->  Seq Scan on role_type rt  (cost=0.00..1.15 rows=1 width=4) (actual time=0.026..0.027 rows=1 loops=1)
                           Filter: ((role)::text = 'costume designer'::text)
                           Rows Removed by Filter: 11
                           Buffers: shared hit=1
         ->  Index Scan using name_pkey on name n  (cost=0.43..2.32 rows=1 width=4) (actual time=0.029..0.029 rows=0 loops=74)
               Index Cond: (id = ci.person_id)
               Filter: ((gender)::text = ANY ('{f,m}'::text[]))
               Rows Removed by Filter: 1
               Buffers: shared hit=240 read=56
 Planning:
   Buffers: shared hit=574
 Planning Time: 14.248 ms
 Execution Time: 1539.693 ms
(73 rows)

