                                                                                             QUERY PLAN                                                                                              
-----------------------------------------------------------------------------------------------------------------------------------------------------------------------------------------------------
 Aggregate  (cost=431251.82..431251.83 rows=1 width=8) (actual time=25181.443..25181.451 rows=1 loops=1)
   Buffers: shared hit=2401861 read=225660
   ->  Nested Loop  (cost=4697.69..431251.81 rows=1 width=0) (actual time=31.247..25173.124 rows=38442 loops=1)
         Buffers: shared hit=2401861 read=225660
         ->  Hash Join  (cost=4697.26..431249.50 rows=1 width=4) (actual time=31.162..22061.796 rows=88390 loops=1)
               Hash Cond: (ci.role_id = rt.id)
               Buffers: shared hit=2059578 read=214383
               ->  Nested Loop  (cost=4696.10..431248.28 rows=14 width=8) (actual time=31.019..21816.151 rows=1358607 loops=1)
                     Buffers: shared hit=2059577 read=214383
                     ->  Nested Loop  (cost=4695.66..431203.41 rows=1 width=12) (actual time=30.982..9081.159 rows=30160 loops=1)
                           Buffers: shared hit=718403 read=127952
                           ->  Nested Loop  (cost=4695.66..431200.98 rows=1 width=16) (actual time=30.977..8403.171 rows=30160 loops=1)
                                 Buffers: shared hit=688243 read=127952
                                 ->  Nested Loop  (cost=4695.66..431198.56 rows=1 width=20) (actual time=30.958..7724.566 rows=30160 loops=1)
                                       Buffers: shared hit=658083 read=127952
                                       ->  Hash Join  (cost=4695.23..428178.96 rows=70 width=12) (actual time=30.719..2750.743 rows=30479 loops=1)
                                             Hash Cond: (t.kind_id = kt.id)
                                             Buffers: shared hit=226641 read=45376
                                             ->  Nested Loop  (cost=4694.09..428177.14 rows=164 width=16) (actual time=20.790..2734.104 rows=30819 loops=1)
                                                   Buffers: shared hit=226640 read=45376
                                                   ->  Bitmap Heap Scan on movie_info mi2  (cost=4693.66..418626.81 rows=1172 width=8) (actual time=20.589..523.956 rows=63111 loops=1)
                                                         Recheck Cond: (info_type_id = 5)
                                                         Filter: ((info)::text = ANY ('{Australia:G,Australia:PG,Finland:K-16,Sweden:15,UK:PG,UK:U,USA:Passed}'::text[]))
                                                         Rows Removed by Filter: 423443
                                                         Heap Blocks: exact=19164
                                                         Buffers: shared hit=2478 read=17094
                                                         ->  Bitmap Index Scan on info_type_id_movie_info  (cost=0.00..4693.37 rows=439058 width=0) (actual time=18.016..18.017 rows=486554 loops=1)
                                                               Index Cond: (info_type_id = 5)
                                                               Buffers: shared read=408
                                                   ->  Index Scan using title_pkey on title t  (cost=0.43..8.15 rows=1 width=8) (actual time=0.034..0.034 rows=0 loops=63111)
                                                         Index Cond: (id = mi2.movie_id)
                                                         Filter: ((production_year <= 1975) AND (1925 < production_year))
                                                         Rows Removed by Filter: 1
                                                         Buffers: shared hit=224162 read=28282
                                             ->  Hash  (cost=1.10..1.10 rows=3 width=4) (actual time=0.018..0.019 rows=3 loops=1)
                                                   Buckets: 1024  Batches: 1  Memory Usage: 9kB
                                                   Buffers: shared hit=1
                                                   ->  Seq Scan on kind_type kt  (cost=0.00..1.10 rows=3 width=4) (actual time=0.010..0.012 rows=3 loops=1)
                                                         Filter: ((kind)::text = ANY ('{episode,movie,"tv movie"}'::text[]))
                                                         Rows Removed by Filter: 4
                                                         Buffers: shared hit=1
                                       ->  Index Scan using movie_id_movie_info on movie_info mi1  (cost=0.43..43.13 rows=1 width=8) (actual time=0.162..0.162 rows=1 loops=30479)
                                             Index Cond: (movie_id = t.id)
                                             Filter: ((info_type_id = 3) AND ((info)::text = ANY ('{Comedy,Crime,Drama,Romance}'::text[])))
                                             Rows Removed by Filter: 43
                                             Buffers: shared hit=431442 read=82576
                                 ->  Seq Scan on info_type it1  (cost=0.00..2.41 rows=1 width=4) (actual time=0.011..0.020 rows=1 loops=30160)
                                       Filter: (id = 3)
                                       Rows Removed by Filter: 112
                                       Buffers: shared hit=30160
                           ->  Seq Scan on info_type it2  (cost=0.00..2.41 rows=1 width=4) (actual time=0.011..0.020 rows=1 loops=30160)
                                 Filter: (id = 5)
                                 Rows Removed by Filter: 112
                                 Buffers: shared hit=30160
                     ->  Index Scan using movie_id_cast_info on cast_info ci  (cost=0.44..44.50 rows=38 width=12) (actual time=0.035..0.410 rows=45 loops=30160)
                           Index Cond: (movie_id = t.id)
                           Buffers: shared hit=1341174 read=86431
               ->  Hash  (cost=1.15..1.15 rows=1 width=4) (actual time=0.037..0.038 rows=1 loops=1)
                     Buckets: 1024  Batches: 1  Memory Usage: 9kB
                     Buffers: shared hit=1
                     ->  Seq Scan on role_type rt  (cost=0.00..1.15 rows=1 width=4) (actual time=0.029..0.031 rows=1 loops=1)
                           Filter: ((role)::text = 'writer'::text)
                           Rows Removed by Filter: 11
                           Buffers: shared hit=1
         ->  Index Scan using name_pkey on name n  (cost=0.43..2.32 rows=1 width=4) (actual time=0.035..0.035 rows=0 loops=88390)
               Index Cond: (id = ci.person_id)
               Filter: ((gender)::text = 'm'::text)
               Rows Removed by Filter: 1
               Buffers: shared hit=342283 read=11277
 Planning:
   Buffers: shared hit=483 read=91
 Planning Time: 14.477 ms
 Execution Time: 25182.157 ms
(73 rows)

