                                                                                             QUERY PLAN                                                                                              
-----------------------------------------------------------------------------------------------------------------------------------------------------------------------------------------------------
 Aggregate  (cost=448400.19..448400.20 rows=1 width=8) (actual time=32454.412..32454.419 rows=1 loops=1)
   Buffers: shared hit=3124755 read=215549
   ->  Nested Loop  (cost=4697.77..448400.19 rows=1 width=0) (actual time=137.973..32453.676 rows=1696 loops=1)
         Buffers: shared hit=3124755 read=215549
         ->  Nested Loop  (cost=4697.77..448397.77 rows=1 width=4) (actual time=137.964..32409.080 rows=1696 loops=1)
               Buffers: shared hit=3123059 read=215549
               ->  Nested Loop  (cost=4697.77..448395.34 rows=1 width=8) (actual time=137.939..32365.617 rows=1696 loops=1)
                     Buffers: shared hit=3121363 read=215549
                     ->  Hash Join  (cost=4697.34..448390.71 rows=2 width=12) (actual time=39.715..30537.168 rows=49865 loops=1)
                           Hash Cond: (ci.role_id = rt.id)
                           Buffers: shared hit=2925292 read=212160
                           ->  Nested Loop  (cost=4696.18..448389.44 rows=29 width=16) (actual time=39.430..30122.119 rows=2131773 loops=1)
                                 Buffers: shared hit=2925291 read=212160
                                 ->  Nested Loop  (cost=4695.74..448299.69 rows=2 width=20) (actual time=39.382..9232.456 rows=48673 loops=1)
                                       Buffers: shared hit=770805 read=123776
                                       ->  Hash Join  (cost=4695.28..444717.43 rows=83 width=12) (actual time=35.247..3348.433 rows=34011 loops=1)
                                             Hash Cond: (t.kind_id = kt.id)
                                             Buffers: shared hit=286366 read=38695
                                             ->  Nested Loop  (cost=4694.15..444715.48 rows=195 width=16) (actual time=24.110..3327.499 rows=34238 loops=1)
                                                   Buffers: shared hit=286365 read=38695
                                                   ->  Bitmap Heap Scan on movie_info mi2  (cost=4693.72..433458.05 rows=1391 width=8) (actual time=19.432..594.077 rows=76372 loops=1)
                                                         Recheck Cond: (info_type_id = 5)
                                                         Filter: ((info)::text = ANY ('{Australia:M,Finland:K-16,Sweden:15,UK:U,USA:Approved,USA:TV-G,USA:X,"West Germany:16"}'::text[]))
                                                         Rows Removed by Filter: 410182
                                                         Heap Blocks: exact=19164
                                                         Buffers: shared hit=3285 read=16287
                                                         ->  Bitmap Index Scan on info_type_id_movie_info  (cost=0.00..4693.37 rows=439058 width=0) (actual time=16.765..16.765 rows=486554 loops=1)
                                                               Index Cond: (info_type_id = 5)
                                                               Buffers: shared read=408
                                                   ->  Index Scan using title_pkey on title t  (cost=0.43..8.09 rows=1 width=8) (actual time=0.035..0.035 rows=0 loops=76372)
                                                         Index Cond: (id = mi2.movie_id)
                                                         Filter: ((production_year <= 1975) AND (1925 < production_year))
                                                         Rows Removed by Filter: 1
                                                         Buffers: shared hit=283080 read=22408
                                             ->  Hash  (cost=1.10..1.10 rows=3 width=4) (actual time=0.019..0.021 rows=3 loops=1)
                                                   Buckets: 1024  Batches: 1  Memory Usage: 9kB
                                                   Buffers: shared hit=1
                                                   ->  Seq Scan on kind_type kt  (cost=0.00..1.10 rows=3 width=4) (actual time=0.010..0.012 rows=3 loops=1)
                                                         Filter: ((kind)::text = ANY ('{episode,movie,"tv movie"}'::text[]))
                                                         Rows Removed by Filter: 4
                                                         Buffers: shared hit=1
                                       ->  Index Scan using movie_id_movie_info on movie_info mi1  (cost=0.46..43.15 rows=1 width=8) (actual time=0.171..0.172 rows=1 loops=34011)
                                             Index Cond: (movie_id = t.id)
                                             Filter: ((info_type_id = 3) AND ((info)::text = ANY ('{Action,Adult,Adventure,Comedy,Crime,Drama,Romance,Thriller,War}'::text[])))
                                             Rows Removed by Filter: 40
                                             Buffers: shared hit=484439 read=85081
                                 ->  Index Scan using movie_id_cast_info on cast_info ci  (cost=0.44..44.50 rows=38 width=12) (actual time=0.036..0.416 rows=44 loops=48673)
                                       Index Cond: (movie_id = t.id)
                                       Buffers: shared hit=2154486 read=88384
                           ->  Hash  (cost=1.15..1.15 rows=1 width=4) (actual time=0.033..0.034 rows=1 loops=1)
                                 Buckets: 1024  Batches: 1  Memory Usage: 9kB
                                 Buffers: shared hit=1
                                 ->  Seq Scan on role_type rt  (cost=0.00..1.15 rows=1 width=4) (actual time=0.026..0.027 rows=1 loops=1)
                                       Filter: ((role)::text = 'editor'::text)
                                       Rows Removed by Filter: 11
                                       Buffers: shared hit=1
                     ->  Index Scan using name_pkey on name n  (cost=0.43..2.32 rows=1 width=4) (actual time=0.036..0.036 rows=0 loops=49865)
                           Index Cond: (id = ci.person_id)
                           Filter: ((gender)::text = 'f'::text)
                           Rows Removed by Filter: 1
                           Buffers: shared hit=196071 read=3389
               ->  Seq Scan on info_type it1  (cost=0.00..2.41 rows=1 width=4) (actual time=0.012..0.023 rows=1 loops=1696)
                     Filter: (id = 3)
                     Rows Removed by Filter: 112
                     Buffers: shared hit=1696
         ->  Seq Scan on info_type it2  (cost=0.00..2.41 rows=1 width=4) (actual time=0.013..0.024 rows=1 loops=1696)
               Filter: (id = 5)
               Rows Removed by Filter: 112
               Buffers: shared hit=1696
 Planning:
   Buffers: shared hit=486 read=91
 Planning Time: 13.538 ms
 Execution Time: 32455.128 ms
(73 rows)

