                                                                                             QUERY PLAN                                                                                              
-----------------------------------------------------------------------------------------------------------------------------------------------------------------------------------------------------
 Aggregate  (cost=457717.30..457717.31 rows=1 width=8) (actual time=27026.894..27026.911 rows=1 loops=1)
   Buffers: shared hit=2362921 read=399170
   ->  Nested Loop  (cost=4697.85..457717.28 rows=11 width=0) (actual time=33.862..27021.375 rows=17179 loops=1)
         Buffers: shared hit=2362921 read=399170
         ->  Hash Join  (cost=4697.42..457677.84 rows=17 width=4) (actual time=33.713..25732.838 rows=36596 loops=1)
               Hash Cond: (ci.role_id = rt.id)
               Buffers: shared hit=2225702 read=390005
               ->  Nested Loop  (cost=4696.24..457676.32 rows=100 width=8) (actual time=33.208..25454.785 rows=1571993 loops=1)
                     Buffers: shared hit=2225701 read=390005
                     ->  Nested Loop  (cost=4695.80..457370.43 rows=7 width=12) (actual time=33.154..10318.028 rows=17168 loops=1)
                           Buffers: shared hit=865007 read=165296
                           ->  Seq Scan on info_type it2  (cost=0.00..2.41 rows=1 width=4) (actual time=0.026..0.036 rows=1 loops=1)
                                 Filter: (id = 5)
                                 Rows Removed by Filter: 112
                                 Buffers: shared hit=1
                           ->  Nested Loop  (cost=4695.80..457367.95 rows=7 width=16) (actual time=33.126..10313.145 rows=17168 loops=1)
                                 Buffers: shared hit=865006 read=165296
                                 ->  Seq Scan on info_type it1  (cost=0.00..2.41 rows=1 width=4) (actual time=0.009..0.020 rows=1 loops=1)
                                       Filter: (id = 3)
                                       Rows Removed by Filter: 112
                                       Buffers: shared hit=1
                                 ->  Nested Loop  (cost=4695.80..457365.47 rows=7 width=20) (actual time=33.113..10308.290 rows=17168 loops=1)
                                       Buffers: shared hit=865005 read=165296
                                       ->  Hash Join  (cost=4695.37..432501.14 rows=588 width=12) (actual time=20.595..3128.863 rows=43939 loops=1)
                                             Hash Cond: (t.kind_id = kt.id)
                                             Buffers: shared hit=259773 read=47308
                                             ->  Nested Loop  (cost=4694.23..432494.23 rows=1371 width=16) (actual time=20.332..3102.527 rows=53347 loops=1)
                                                   Buffers: shared hit=259772 read=47308
                                                   ->  Bitmap Heap Scan on movie_info mi2  (cost=4693.80..418626.95 rows=1731 width=8) (actual time=20.285..520.346 rows=71877 loops=1)
                                                         Recheck Cond: (info_type_id = 5)
                                                         Filter: ((info)::text = ANY ('{Argentina:Atp,Australia:G,Australia:M,Australia:PG,Iceland:16,Portugal:M/12,Sweden:15}'::text[]))
                                                         Rows Removed by Filter: 414677
                                                         Heap Blocks: exact=19164
                                                         Buffers: shared hit=4913 read=14659
                                                         ->  Bitmap Index Scan on info_type_id_movie_info  (cost=0.00..4693.37 rows=439058 width=0) (actual time=17.718..17.718 rows=486554 loops=1)
                                                               Index Cond: (info_type_id = 5)
                                                               Buffers: shared read=408
                                                   ->  Index Scan using title_pkey on title t  (cost=0.43..8.01 rows=1 width=8) (actual time=0.035..0.035 rows=1 loops=71877)
                                                         Index Cond: (id = mi2.movie_id)
                                                         Filter: ((production_year <= 2015) AND (1975 < production_year))
                                                         Rows Removed by Filter: 0
                                                         Buffers: shared hit=254859 read=32649
                                             ->  Hash  (cost=1.10..1.10 rows=3 width=4) (actual time=0.015..0.025 rows=3 loops=1)
                                                   Buckets: 1024  Batches: 1  Memory Usage: 9kB
                                                   Buffers: shared hit=1
                                                   ->  Seq Scan on kind_type kt  (cost=0.00..1.10 rows=3 width=4) (actual time=0.008..0.010 rows=3 loops=1)
                                                         Filter: ((kind)::text = ANY ('{episode,movie,"video movie"}'::text[]))
                                                         Rows Removed by Filter: 4
                                                         Buffers: shared hit=1
                                       ->  Index Scan using movie_id_movie_info on movie_info mi1  (cost=0.43..42.28 rows=1 width=8) (actual time=0.162..0.163 rows=0 loops=43939)
                                             Index Cond: (movie_id = t.id)
                                             Filter: ((info_type_id = 3) AND ((info)::text = ANY ('{Comedy,Crime,Romance}'::text[])))
                                             Rows Removed by Filter: 69
                                             Buffers: shared hit=605232 read=117988
                     ->  Index Scan using movie_id_cast_info on cast_info ci  (cost=0.44..43.32 rows=38 width=12) (actual time=0.037..0.858 rows=92 loops=17168)
                           Index Cond: (movie_id = t.id)
                           Buffers: shared hit=1360694 read=224709
               ->  Hash  (cost=1.15..1.15 rows=2 width=4) (actual time=0.040..0.041 rows=2 loops=1)
                     Buckets: 1024  Batches: 1  Memory Usage: 9kB
                     Buffers: shared hit=1
                     ->  Seq Scan on role_type rt  (cost=0.00..1.15 rows=2 width=4) (actual time=0.028..0.030 rows=2 loops=1)
                           Filter: ((role)::text = ANY ('{"costume designer",editor}'::text[]))
                           Rows Removed by Filter: 10
                           Buffers: shared hit=1
         ->  Index Scan using name_pkey on name n  (cost=0.43..2.32 rows=1 width=4) (actual time=0.034..0.034 rows=0 loops=36596)
               Index Cond: (id = ci.person_id)
               Filter: ((gender)::text = ANY ('{f,m}'::text[]))
               Rows Removed by Filter: 1
               Buffers: shared hit=137219 read=9165
 Planning:
   Buffers: shared hit=483 read=91
 Planning Time: 13.824 ms
 Execution Time: 27027.573 ms
(73 rows)

