                                                                                             QUERY PLAN                                                                                              
-----------------------------------------------------------------------------------------------------------------------------------------------------------------------------------------------------
 Aggregate  (cost=450793.19..450793.20 rows=1 width=8) (actual time=6069.936..6069.943 rows=1 loops=1)
   Buffers: shared hit=505508 read=125431
   ->  Nested Loop  (cost=4697.61..450793.18 rows=1 width=0) (actual time=162.932..6069.785 rows=277 loops=1)
         Buffers: shared hit=505508 read=125431
         ->  Nested Loop  (cost=4697.61..450790.76 rows=1 width=4) (actual time=162.925..6065.247 rows=277 loops=1)
               Buffers: shared hit=505231 read=125431
               ->  Nested Loop  (cost=4697.61..450788.34 rows=1 width=8) (actual time=162.904..6059.508 rows=277 loops=1)
                     Buffers: shared hit=504954 read=125431
                     ->  Hash Join  (cost=4697.18..450779.06 rows=4 width=12) (actual time=22.717..5896.043 rows=4632 loops=1)
                           Hash Cond: (ci.role_id = rt.id)
                           Buffers: shared hit=489258 read=122599
                           ->  Nested Loop  (cost=4696.02..450777.74 rows=43 width=16) (actual time=22.314..5858.223 rows=239336 loops=1)
                                 Buffers: shared hit=489257 read=122599
                                 ->  Nested Loop  (cost=4695.58..450646.53 rows=3 width=20) (actual time=22.273..3510.973 rows=4831 loops=1)
                                       Buffers: shared hit=289725 read=74643
                                       ->  Hash Join  (cost=4695.14..440280.12 rows=245 width=12) (actual time=20.424..2572.828 rows=6083 loops=1)
                                             Hash Cond: (t.kind_id = kt.id)
                                             Buffers: shared hit=234870 read=38975
                                             ->  Nested Loop  (cost=4694.01..440276.58 rows=571 width=16) (actual time=20.371..2562.348 rows=44563 loops=1)
                                                   Buffers: shared hit=234869 read=38975
                                                   ->  Bitmap Heap Scan on movie_info mi2  (cost=4693.58..433457.91 rows=828 width=8) (actual time=20.322..497.216 rows=63568 loops=1)
                                                         Recheck Cond: (info_type_id = 5)
                                                         Filter: ((info)::text = ANY ('{Argentina:13,Australia:M,Germany:16,"South Korea:12",UK:18,USA:PG,USA:R,USA:Unrated}'::text[]))
                                                         Rows Removed by Filter: 422986
                                                         Heap Blocks: exact=19164
                                                         Buffers: shared hit=1606 read=17966
                                                         ->  Bitmap Index Scan on info_type_id_movie_info  (cost=0.00..4693.37 rows=439058 width=0) (actual time=17.630..17.630 rows=486554 loops=1)
                                                               Index Cond: (info_type_id = 5)
                                                               Buffers: shared read=408
                                                   ->  Index Scan using title_pkey on title t  (cost=0.43..8.24 rows=1 width=8) (actual time=0.032..0.032 rows=1 loops=63568)
                                                         Index Cond: (id = mi2.movie_id)
                                                         Filter: ((production_year <= 2015) AND (1990 < production_year))
                                                         Rows Removed by Filter: 0
                                                         Buffers: shared hit=233263 read=21009
                                             ->  Hash  (cost=1.10..1.10 rows=3 width=4) (actual time=0.021..0.022 rows=3 loops=1)
                                                   Buckets: 1024  Batches: 1  Memory Usage: 9kB
                                                   Buffers: shared hit=1
                                                   ->  Seq Scan on kind_type kt  (cost=0.00..1.10 rows=3 width=4) (actual time=0.011..0.013 rows=3 loops=1)
                                                         Filter: ((kind)::text = ANY ('{"tv movie","tv series","video game"}'::text[]))
                                                         Rows Removed by Filter: 4
                                                         Buffers: shared hit=1
                                       ->  Index Scan using movie_id_movie_info on movie_info mi1  (cost=0.43..42.30 rows=1 width=8) (actual time=0.152..0.154 rows=1 loops=6083)
                                             Index Cond: (movie_id = t.id)
                                             Filter: ((info_type_id = 3) AND ((info)::text = ANY ('{Drama,Romance,Thriller}'::text[])))
                                             Rows Removed by Filter: 31
                                             Buffers: shared hit=54855 read=35668
                                 ->  Index Scan using movie_id_cast_info on cast_info ci  (cost=0.44..43.36 rows=38 width=12) (actual time=0.037..0.474 rows=50 loops=4831)
                                       Index Cond: (movie_id = t.id)
                                       Buffers: shared hit=199532 read=47956
                           ->  Hash  (cost=1.15..1.15 rows=1 width=4) (actual time=0.039..0.040 rows=1 loops=1)
                                 Buckets: 1024  Batches: 1  Memory Usage: 9kB
                                 Buffers: shared hit=1
                                 ->  Seq Scan on role_type rt  (cost=0.00..1.15 rows=1 width=4) (actual time=0.031..0.032 rows=1 loops=1)
                                       Filter: ((role)::text = 'director'::text)
                                       Rows Removed by Filter: 11
                                       Buffers: shared hit=1
                     ->  Index Scan using name_pkey on name n  (cost=0.43..2.32 rows=1 width=4) (actual time=0.035..0.035 rows=0 loops=4632)
                           Index Cond: (id = ci.person_id)
                           Filter: ((gender)::text = 'f'::text)
                           Rows Removed by Filter: 1
                           Buffers: shared hit=15696 read=2832
               ->  Seq Scan on info_type it1  (cost=0.00..2.41 rows=1 width=4) (actual time=0.010..0.018 rows=1 loops=277)
                     Filter: (id = 3)
                     Rows Removed by Filter: 112
                     Buffers: shared hit=277
         ->  Seq Scan on info_type it2  (cost=0.00..2.41 rows=1 width=4) (actual time=0.006..0.014 rows=1 loops=277)
               Filter: (id = 5)
               Rows Removed by Filter: 112
               Buffers: shared hit=277
 Planning:
   Buffers: shared hit=483 read=91
 Planning Time: 14.660 ms
 Execution Time: 6070.689 ms
(73 rows)

