                                                                                                         QUERY PLAN                                                                                                         
----------------------------------------------------------------------------------------------------------------------------------------------------------------------------------------------------------------------------
 Aggregate  (cost=460053.02..460053.03 rows=1 width=8) (actual time=81560.864..81560.871 rows=1 loops=1)
   Buffers: shared hit=7863055 read=689707
   ->  Nested Loop  (cost=4697.52..460053.02 rows=1 width=0) (actual time=23.578..81538.746 rows=85528 loops=1)
         Buffers: shared hit=7863055 read=689707
         ->  Nested Loop  (cost=4697.52..460050.60 rows=1 width=4) (actual time=23.572..79618.319 rows=85528 loops=1)
               Buffers: shared hit=7777527 read=689707
               ->  Nested Loop  (cost=4697.52..460048.17 rows=1 width=8) (actual time=23.552..77655.650 rows=85528 loops=1)
                     Buffers: shared hit=7691999 read=689707
                     ->  Hash Join  (cost=4697.09..460034.26 rows=6 width=12) (actual time=23.213..40219.494 rows=1067017 loops=1)
                           Hash Cond: (ci.role_id = rt.id)
                           Buffers: shared hit=3521801 read=591837
                           ->  Nested Loop  (cost=4695.92..460032.84 rows=72 width=16) (actual time=22.817..39326.832 rows=3249133 loops=1)
                                 Buffers: shared hit=3521800 read=591837
                                 ->  Nested Loop  (cost=4695.48..459814.54 rows=5 width=20) (actual time=22.781..8583.615 rows=41485 loops=1)
                                       Buffers: shared hit=666330 read=153283
                                       ->  Hash Join  (cost=4695.05..452085.81 rows=182 width=12) (actual time=21.552..2062.225 rows=33539 loops=1)
                                             Hash Cond: (t.kind_id = kt.id)
                                             Buffers: shared hit=142850 read=35271
                                             ->  Nested Loop  (cost=4693.91..452082.89 rows=424 width=16) (actual time=20.997..2040.200 rows=39528 loops=1)
                                                   Buffers: shared hit=142849 read=35271
                                                   ->  Bitmap Heap Scan on movie_info mi2  (cost=4693.48..448289.00 rows=455 width=8) (actual time=20.955..561.274 rows=39637 loops=1)
                                                         Recheck Cond: (info_type_id = 5)
                                                         Filter: ((info)::text = ANY ('{Argentina:13,Australia:M,Iceland:12,"New Zealand:M","New Zealand:R18",Portugal:M/16,Spain:18,Switzerland:10,USA:Unrated}'::text[]))
                                                         Rows Removed by Filter: 446917
                                                         Heap Blocks: exact=19164
                                                         Buffers: shared hit=4246 read=15326
                                                         ->  Bitmap Index Scan on info_type_id_movie_info  (cost=0.00..4693.37 rows=439058 width=0) (actual time=18.339..18.340 rows=486554 loops=1)
                                                               Index Cond: (info_type_id = 5)
                                                               Buffers: shared read=408
                                                   ->  Index Scan using title_pkey on title t  (cost=0.43..8.34 rows=1 width=8) (actual time=0.036..0.036 rows=1 loops=39637)
                                                         Index Cond: (id = mi2.movie_id)
                                                         Filter: ((production_year <= 2015) AND (1925 < production_year))
                                                         Rows Removed by Filter: 0
                                                         Buffers: shared hit=138603 read=19945
                                             ->  Hash  (cost=1.10..1.10 rows=3 width=4) (actual time=0.021..0.022 rows=3 loops=1)
                                                   Buckets: 1024  Batches: 1  Memory Usage: 9kB
                                                   Buffers: shared hit=1
                                                   ->  Seq Scan on kind_type kt  (cost=0.00..1.10 rows=3 width=4) (actual time=0.012..0.014 rows=3 loops=1)
                                                         Filter: ((kind)::text = ANY ('{episode,movie,"video movie"}'::text[]))
                                                         Rows Removed by Filter: 4
                                                         Buffers: shared hit=1
                                       ->  Index Scan using movie_id_movie_info on movie_info mi1  (cost=0.43..42.46 rows=1 width=8) (actual time=0.192..0.193 rows=1 loops=33539)
                                             Index Cond: (movie_id = t.id)
                                             Filter: ((info_type_id = 3) AND ((info)::text = ANY ('{Action,Comedy,Crime,Documentary,Drama,Horror,Mystery}'::text[])))
                                             Rows Removed by Filter: 86
                                             Buffers: shared hit=523480 read=118012
                                 ->  Index Scan using movie_id_cast_info on cast_info ci  (cost=0.44..43.28 rows=38 width=12) (actual time=0.036..0.719 rows=78 loops=41485)
                                       Index Cond: (movie_id = t.id)
                                       Buffers: shared hit=2855470 read=438554
                           ->  Hash  (cost=1.15..1.15 rows=1 width=4) (actual time=0.034..0.034 rows=1 loops=1)
                                 Buckets: 1024  Batches: 1  Memory Usage: 9kB
                                 Buffers: shared hit=1
                                 ->  Seq Scan on role_type rt  (cost=0.00..1.15 rows=1 width=4) (actual time=0.027..0.028 rows=1 loops=1)
                                       Filter: ((role)::text = 'miscellaneous crew'::text)
                                       Rows Removed by Filter: 11
                                       Buffers: shared hit=1
                     ->  Index Scan using name_pkey on name n  (cost=0.43..2.32 rows=1 width=4) (actual time=0.035..0.035 rows=0 loops=1067017)
                           Index Cond: (id = ci.person_id)
                           Filter: ((gender)::text = 'f'::text)
                           Rows Removed by Filter: 1
                           Buffers: shared hit=4170198 read=97870
               ->  Seq Scan on info_type it1  (cost=0.00..2.41 rows=1 width=4) (actual time=0.011..0.021 rows=1 loops=85528)
                     Filter: (id = 3)
                     Rows Removed by Filter: 112
                     Buffers: shared hit=85528
         ->  Seq Scan on info_type it2  (cost=0.00..2.41 rows=1 width=4) (actual time=0.011..0.020 rows=1 loops=85528)
               Filter: (id = 5)
               Rows Removed by Filter: 112
               Buffers: shared hit=85528
 Planning:
   Buffers: shared hit=504 read=70
 Planning Time: 14.718 ms
 Execution Time: 81561.503 ms
(73 rows)

