                                                                                                 QUERY PLAN                                                                                                  
-------------------------------------------------------------------------------------------------------------------------------------------------------------------------------------------------------------
 Aggregate  (cost=469030.13..469030.14 rows=1 width=8) (actual time=68809.217..68809.224 rows=1 loops=1)
   Buffers: shared hit=6742399 read=451796
   ->  Nested Loop  (cost=4697.66..469030.10 rows=9 width=0) (actual time=59.734..68750.820 rows=317540 loops=1)
         Buffers: shared hit=6742399 read=451796
         ->  Hash Join  (cost=4697.23..468997.63 rows=14 width=4) (actual time=59.543..30278.749 rows=1056393 loops=1)
               Hash Cond: (ci.role_id = rt.id)
               Buffers: shared hit=2580636 read=387987
               ->  Nested Loop  (cost=4696.06..468996.15 rows=86 width=8) (actual time=59.116..29583.549 rows=2221585 loops=1)
                     Buffers: shared hit=2580635 read=387987
                     ->  Nested Loop  (cost=4695.62..468733.74 rows=6 width=12) (actual time=59.058..7963.561 rows=22733 loops=1)
                           Buffers: shared hit=605048 read=130783
                           ->  Seq Scan on info_type it2  (cost=0.00..2.41 rows=1 width=4) (actual time=0.032..0.041 rows=1 loops=1)
                                 Filter: (id = 5)
                                 Rows Removed by Filter: 112
                                 Buffers: shared hit=1
                           ->  Nested Loop  (cost=4695.62..468731.27 rows=6 width=16) (actual time=59.025..7956.579 rows=22733 loops=1)
                                 Buffers: shared hit=605047 read=130783
                                 ->  Seq Scan on info_type it1  (cost=0.00..2.41 rows=1 width=4) (actual time=0.009..0.021 rows=1 loops=1)
                                       Filter: (id = 3)
                                       Rows Removed by Filter: 112
                                       Buffers: shared hit=1
                                 ->  Nested Loop  (cost=4695.62..468728.79 rows=6 width=20) (actual time=59.013..7949.392 rows=22733 loops=1)
                                       Buffers: shared hit=605046 read=130783
                                       ->  Hash Join  (cost=4695.18..456371.29 rows=291 width=12) (actual time=19.853..2761.715 rows=29602 loops=1)
                                             Hash Cond: (t.kind_id = kt.id)
                                             Buffers: shared hit=214898 read=36383
                                             ->  Nested Loop  (cost=4694.05..456367.30 rows=680 width=16) (actual time=19.783..2742.317 rows=32881 loops=1)
                                                   Buffers: shared hit=214897 read=36383
                                                   ->  Bitmap Heap Scan on movie_info mi2  (cost=4693.62..448289.13 rows=986 width=8) (actual time=19.621..572.028 rows=57927 loops=1)
                                                         Recheck Cond: (info_type_id = 5)
                                                         Filter: ((info)::text = ANY ('{Argentina:Atp,Australia:G,Finland:K-15,Iceland:16,Norway:15,Portugal:M/12,Singapore:M18,Sweden:15,UK:R18}'::text[]))
                                                         Rows Removed by Filter: 428627
                                                         Heap Blocks: exact=19164
                                                         Buffers: shared hit=9617 read=9955
                                                         ->  Bitmap Index Scan on info_type_id_movie_info  (cost=0.00..4693.37 rows=439058 width=0) (actual time=17.000..17.000 rows=486554 loops=1)
                                                               Index Cond: (info_type_id = 5)
                                                               Buffers: shared hit=408
                                                   ->  Index Scan using title_pkey on title t  (cost=0.43..8.19 rows=1 width=8) (actual time=0.037..0.037 rows=1 loops=57927)
                                                         Index Cond: (id = mi2.movie_id)
                                                         Filter: ((production_year <= 2015) AND (1990 < production_year))
                                                         Rows Removed by Filter: 0
                                                         Buffers: shared hit=205280 read=26428
                                             ->  Hash  (cost=1.10..1.10 rows=3 width=4) (actual time=0.020..0.022 rows=3 loops=1)
                                                   Buckets: 1024  Batches: 1  Memory Usage: 9kB
                                                   Buffers: shared hit=1
                                                   ->  Seq Scan on kind_type kt  (cost=0.00..1.10 rows=3 width=4) (actual time=0.012..0.014 rows=3 loops=1)
                                                         Filter: ((kind)::text = ANY ('{episode,movie,"video movie"}'::text[]))
                                                         Rows Removed by Filter: 4
                                                         Buffers: shared hit=1
                                       ->  Index Scan using movie_id_movie_info on movie_info mi1  (cost=0.43..42.46 rows=1 width=8) (actual time=0.174..0.174 rows=1 loops=29602)
                                             Index Cond: (movie_id = t.id)
                                             Filter: ((info_type_id = 3) AND ((info)::text = ANY ('{Action,Adult,Drama,Family,Romance,Thriller}'::text[])))
                                             Rows Removed by Filter: 73
                                             Buffers: shared hit=390148 read=94400
                     ->  Index Scan using movie_id_cast_info on cast_info ci  (cost=0.44..43.36 rows=38 width=12) (actual time=0.038..0.922 rows=98 loops=22733)
                           Index Cond: (movie_id = t.id)
                           Buffers: shared hit=1975587 read=257204
               ->  Hash  (cost=1.15..1.15 rows=2 width=4) (actual time=0.036..0.037 rows=2 loops=1)
                     Buckets: 1024  Batches: 1  Memory Usage: 9kB
                     Buffers: shared hit=1
                     ->  Seq Scan on role_type rt  (cost=0.00..1.15 rows=2 width=4) (actual time=0.027..0.030 rows=2 loops=1)
                           Filter: ((role)::text = ANY ('{"miscellaneous crew",producer}'::text[]))
                           Rows Removed by Filter: 10
                           Buffers: shared hit=1
         ->  Index Scan using name_pkey on name n  (cost=0.43..2.32 rows=1 width=4) (actual time=0.036..0.036 rows=0 loops=1056393)
               Index Cond: (id = ci.person_id)
               Filter: ((gender)::text = ANY ('{f,m}'::text[]))
               Rows Removed by Filter: 1
               Buffers: shared hit=4161763 read=63809
 Planning:
   Buffers: shared hit=574
 Planning Time: 13.310 ms
 Execution Time: 68809.884 ms
(73 rows)

