                                                                                                              QUERY PLAN                                                                                                              
--------------------------------------------------------------------------------------------------------------------------------------------------------------------------------------------------------------------------------------
 Aggregate  (cost=474230.57..474230.58 rows=1 width=8) (actual time=50215.332..50215.339 rows=1 loops=1)
   Buffers: shared hit=4752463 read=473082
   ->  Nested Loop  (cost=4697.52..474230.57 rows=2 width=0) (actual time=79.682..50202.334 rows=35666 loops=1)
         Buffers: shared hit=4752463 read=473082
         ->  Seq Scan on info_type it2  (cost=0.00..2.41 rows=1 width=4) (actual time=0.039..0.049 rows=1 loops=1)
               Filter: (id = 5)
               Rows Removed by Filter: 112
               Buffers: shared hit=1
         ->  Nested Loop  (cost=4697.52..474228.14 rows=2 width=4) (actual time=79.641..50192.895 rows=35666 loops=1)
               Buffers: shared hit=4752462 read=473082
               ->  Seq Scan on info_type it1  (cost=0.00..2.41 rows=1 width=4) (actual time=0.008..0.019 rows=1 loops=1)
                     Filter: (id = 3)
                     Rows Removed by Filter: 112
                     Buffers: shared hit=1
               ->  Nested Loop  (cost=4697.52..474225.70 rows=2 width=8) (actual time=79.630..50182.706 rows=35666 loops=1)
                     Buffers: shared hit=4752461 read=473082
                     ->  Hash Join  (cost=4697.09..474214.11 rows=5 width=12) (actual time=25.520..48422.812 rows=45488 loops=1)
                           Hash Cond: (ci.role_id = rt.id)
                           Buffers: shared hit=4588254 read=455337
                           ->  Nested Loop  (cost=4695.93..474212.74 rows=57 width=16) (actual time=25.112..47692.498 rows=3946345 loops=1)
                                 Buffers: shared hit=4588253 read=455337
                                 ->  Nested Loop  (cost=4695.49..474037.95 rows=4 width=20) (actual time=25.074..11329.163 rows=42261 loops=1)
                                       Buffers: shared hit=907787 read=161272
                                       ->  Hash Join  (cost=4695.05..467128.58 rows=163 width=12) (actual time=20.439..2965.398 rows=43213 loops=1)
                                             Hash Cond: (t.kind_id = kt.id)
                                             Buffers: shared hit=225031 read=43878
                                             ->  Nested Loop  (cost=4693.92..467125.84 rows=381 width=16) (actual time=20.375..2936.909 rows=48472 loops=1)
                                                   Buffers: shared hit=225030 read=43878
                                                   ->  Bitmap Heap Scan on movie_info mi2  (cost=4693.49..463120.19 rows=481 width=8) (actual time=20.300..623.460 rows=62334 loops=1)
                                                         Recheck Cond: (info_type_id = 5)
                                                         Filter: ((info)::text = ANY ('{Australia:G,Canada:14A,Iceland:16,Netherlands:12,Norway:15,Portugal:M/12,Singapore:PG,"South Korea:12","South Korea:15",Sweden:15}'::text[]))
                                                         Rows Removed by Filter: 424220
                                                         Heap Blocks: exact=19164
                                                         Buffers: shared hit=4014 read=15558
                                                         ->  Bitmap Index Scan on info_type_id_movie_info  (cost=0.00..4693.37 rows=439058 width=0) (actual time=17.650..17.650 rows=486554 loops=1)
                                                               Index Cond: (info_type_id = 5)
                                                               Buffers: shared read=408
                                                   ->  Index Scan using title_pkey on title t  (cost=0.43..8.33 rows=1 width=8) (actual time=0.036..0.036 rows=1 loops=62334)
                                                         Index Cond: (id = mi2.movie_id)
                                                         Filter: ((production_year <= 2015) AND (1975 < production_year))
                                                         Rows Removed by Filter: 0
                                                         Buffers: shared hit=221016 read=28320
                                             ->  Hash  (cost=1.10..1.10 rows=3 width=4) (actual time=0.016..0.017 rows=3 loops=1)
                                                   Buckets: 1024  Batches: 1  Memory Usage: 9kB
                                                   Buffers: shared hit=1
                                                   ->  Seq Scan on kind_type kt  (cost=0.00..1.10 rows=3 width=4) (actual time=0.008..0.010 rows=3 loops=1)
                                                         Filter: ((kind)::text = ANY ('{episode,movie,"video movie"}'::text[]))
                                                         Rows Removed by Filter: 4
                                                         Buffers: shared hit=1
                                       ->  Index Scan using movie_id_movie_info on movie_info mi1  (cost=0.43..42.38 rows=1 width=8) (actual time=0.192..0.193 rows=1 loops=43213)
                                             Index Cond: (movie_id = t.id)
                                             Filter: ((info_type_id = 3) AND ((info)::text = ANY ('{Animation,Comedy,Drama,Romance,Thriller}'::text[])))
                                             Rows Removed by Filter: 93
                                             Buffers: shared hit=682756 read=117394
                                 ->  Index Scan using movie_id_cast_info on cast_info ci  (cost=0.44..43.32 rows=38 width=12) (actual time=0.036..0.835 rows=93 loops=42261)
                                       Index Cond: (movie_id = t.id)
                                       Buffers: shared hit=3680466 read=294065
                           ->  Hash  (cost=1.15..1.15 rows=1 width=4) (actual time=0.014..0.015 rows=1 loops=1)
                                 Buckets: 1024  Batches: 1  Memory Usage: 9kB
                                 Buffers: shared hit=1
                                 ->  Seq Scan on role_type rt  (cost=0.00..1.15 rows=1 width=4) (actual time=0.008..0.009 rows=1 loops=1)
                                       Filter: ((role)::text = 'director'::text)
                                       Rows Removed by Filter: 11
                                       Buffers: shared hit=1
                     ->  Index Scan using name_pkey on name n  (cost=0.43..2.32 rows=1 width=4) (actual time=0.038..0.038 rows=1 loops=45488)
                           Index Cond: (id = ci.person_id)
                           Filter: ((gender)::text = 'm'::text)
                           Rows Removed by Filter: 0
                           Buffers: shared hit=164207 read=17745
 Planning:
   Buffers: shared hit=484 read=90
 Planning Time: 13.670 ms
 Execution Time: 50215.934 ms
(73 rows)

