                                                                                             QUERY PLAN                                                                                              
-----------------------------------------------------------------------------------------------------------------------------------------------------------------------------------------------------
 Aggregate  (cost=397999.34..397999.35 rows=1 width=8) (actual time=19226.095..19226.101 rows=1 loops=1)
   Buffers: shared hit=1658819 read=314830
   ->  Nested Loop  (cost=4697.51..397999.34 rows=1 width=0) (actual time=66.674..19207.406 rows=128942 loops=1)
         Buffers: shared hit=1658819 read=314830
         ->  Nested Loop  (cost=4697.51..397996.92 rows=1 width=4) (actual time=66.661..17022.356 rows=128942 loops=1)
               Buffers: shared hit=1529877 read=314830
               ->  Nested Loop  (cost=4697.51..397994.49 rows=1 width=8) (actual time=66.634..14777.086 rows=128942 loops=1)
                     Buffers: shared hit=1400935 read=314830
                     ->  Hash Join  (cost=4697.08..397985.22 rows=4 width=12) (actual time=66.563..10900.432 rows=128997 loops=1)
                           Hash Cond: (ci.role_id = rt.id)
                           Buffers: shared hit=907245 read=292532
                           ->  Nested Loop  (cost=4695.91..397983.90 rows=43 width=16) (actual time=65.951..10756.015 rows=859739 loops=1)
                                 Buffers: shared hit=907244 read=292532
                                 ->  Nested Loop  (cost=4695.48..397852.69 rows=3 width=20) (actual time=65.886..3456.395 rows=9251 loops=1)
                                       Buffers: shared hit=224982 read=112994
                                       ->  Hash Join  (cost=4695.04..392514.93 rows=126 width=12) (actual time=19.341..1309.574 rows=13858 loops=1)
                                             Hash Cond: (t.kind_id = kt.id)
                                             Buffers: shared hit=84433 read=37404
                                             ->  Nested Loop  (cost=4693.91..392512.56 rows=293 width=16) (actual time=19.282..1302.448 rows=16074 loops=1)
                                                   Buffers: shared hit=84432 read=37404
                                                   ->  Bitmap Heap Scan on movie_info mi2  (cost=4693.48..388964.25 rows=425 width=8) (actual time=19.199..410.230 rows=25566 loops=1)
                                                         Recheck Cond: (info_type_id = 5)
                                                         Filter: ((info)::text = ANY ('{Australia:G,Canada:13+,Germany:o.Al.,Italy:T,USA:PG-13}'::text[]))
                                                         Rows Removed by Filter: 460988
                                                         Heap Blocks: exact=19164
                                                         Buffers: shared hit=2959 read=16613
                                                         ->  Bitmap Index Scan on info_type_id_movie_info  (cost=0.00..4693.37 rows=439058 width=0) (actual time=16.495..16.495 rows=486554 loops=1)
                                                               Index Cond: (info_type_id = 5)
                                                               Buffers: shared read=408
                                                   ->  Index Scan using title_pkey on title t  (cost=0.43..8.35 rows=1 width=8) (actual time=0.034..0.034 rows=1 loops=25566)
                                                         Index Cond: (id = mi2.movie_id)
                                                         Filter: ((production_year <= 2015) AND (1990 < production_year))
                                                         Rows Removed by Filter: 0
                                                         Buffers: shared hit=81473 read=20791
                                             ->  Hash  (cost=1.10..1.10 rows=3 width=4) (actual time=0.012..0.013 rows=3 loops=1)
                                                   Buckets: 1024  Batches: 1  Memory Usage: 9kB
                                                   Buffers: shared hit=1
                                                   ->  Seq Scan on kind_type kt  (cost=0.00..1.10 rows=3 width=4) (actual time=0.007..0.009 rows=3 loops=1)
                                                         Filter: ((kind)::text = ANY ('{episode,movie,"video movie"}'::text[]))
                                                         Rows Removed by Filter: 4
                                                         Buffers: shared hit=1
                                       ->  Index Scan using movie_id_movie_info on movie_info mi1  (cost=0.43..42.35 rows=1 width=8) (actual time=0.154..0.154 rows=1 loops=13858)
                                             Index Cond: (movie_id = t.id)
                                             Filter: ((info_type_id = 3) AND ((info)::text = ANY ('{Action,Comedy,Documentary,Drama}'::text[])))
                                             Rows Removed by Filter: 71
                                             Buffers: shared hit=140549 read=75590
                                 ->  Index Scan using movie_id_cast_info on cast_info ci  (cost=0.44..43.36 rows=38 width=12) (actual time=0.033..0.769 rows=93 loops=9251)
                                       Index Cond: (movie_id = t.id)
                                       Buffers: shared hit=682262 read=179538
                           ->  Hash  (cost=1.15..1.15 rows=1 width=4) (actual time=0.026..0.027 rows=1 loops=1)
                                 Buckets: 1024  Batches: 1  Memory Usage: 9kB
                                 Buffers: shared hit=1
                                 ->  Seq Scan on role_type rt  (cost=0.00..1.15 rows=1 width=4) (actual time=0.021..0.022 rows=1 loops=1)
                                       Filter: ((role)::text = 'actress'::text)
                                       Rows Removed by Filter: 11
                                       Buffers: shared hit=1
                     ->  Index Scan using name_pkey on name n  (cost=0.43..2.32 rows=1 width=4) (actual time=0.030..0.030 rows=1 loops=128997)
                           Index Cond: (id = ci.person_id)
                           Filter: ((gender)::text = 'f'::text)
                           Rows Removed by Filter: 0
                           Buffers: shared hit=493690 read=22298
               ->  Seq Scan on info_type it1  (cost=0.00..2.41 rows=1 width=4) (actual time=0.009..0.016 rows=1 loops=128942)
                     Filter: (id = 3)
                     Rows Removed by Filter: 112
                     Buffers: shared hit=128942
         ->  Seq Scan on info_type it2  (cost=0.00..2.41 rows=1 width=4) (actual time=0.009..0.016 rows=1 loops=128942)
               Filter: (id = 5)
               Rows Removed by Filter: 112
               Buffers: shared hit=128942
 Planning:
   Buffers: shared hit=483 read=91
 Planning Time: 12.878 ms
 Execution Time: 19226.630 ms
(73 rows)

