                                                                                             QUERY PLAN                                                                                              
-----------------------------------------------------------------------------------------------------------------------------------------------------------------------------------------------------
 Aggregate  (cost=405262.65..405262.66 rows=1 width=8) (actual time=1044.105..1044.111 rows=1 loops=1)
   Buffers: shared hit=65024 read=41671
   ->  Nested Loop  (cost=4697.43..405262.65 rows=1 width=0) (actual time=39.023..1044.086 rows=30 loops=1)
         Buffers: shared hit=65024 read=41671
         ->  Hash Join  (cost=4697.00..405258.01 rows=2 width=4) (actual time=38.909..1019.976 rows=770 loops=1)
               Hash Cond: (ci.role_id = rt.id)
               Buffers: shared hit=62935 read=40680
               ->  Nested Loop  (cost=4695.83..405256.79 rows=14 width=8) (actual time=23.204..1017.861 rows=19885 loops=1)
                     Buffers: shared hit=62934 read=40680
                     ->  Nested Loop  (cost=4695.39..405213.05 rows=1 width=12) (actual time=23.165..824.190 rows=548 loops=1)
                           Buffers: shared hit=49134 read=33547
                           ->  Nested Loop  (cost=4695.39..405210.63 rows=1 width=16) (actual time=23.160..819.133 rows=548 loops=1)
                                 Buffers: shared hit=48586 read=33547
                                 ->  Nested Loop  (cost=4695.39..405208.21 rows=1 width=20) (actual time=23.139..812.390 rows=548 loops=1)
                                       Buffers: shared hit=48038 read=33547
                                       ->  Hash Join  (cost=4694.95..404363.00 rows=20 width=12) (actual time=22.811..698.505 rows=689 loops=1)
                                             Hash Cond: (t.kind_id = kt.id)
                                             Buffers: shared hit=43332 read=26729
                                             ->  Nested Loop  (cost=4693.82..404361.66 rows=46 width=16) (actual time=22.769..697.044 rows=10318 loops=1)
                                                   Buffers: shared hit=43331 read=26729
                                                   ->  Bitmap Heap Scan on movie_info mi2  (cost=4693.39..403795.35 rows=67 width=8) (actual time=22.724..328.620 rows=12622 loops=1)
                                                         Recheck Cond: (info_type_id = 5)
                                                         Filter: ((info)::text = ANY ('{Canada:13+,Finland:K-11,"Hong Kong:IIA",Singapore:NC-16,Spain:18,Switzerland:12}'::text[]))
                                                         Rows Removed by Filter: 473932
                                                         Heap Blocks: exact=19164
                                                         Buffers: shared hit=1136 read=18436
                                                         ->  Bitmap Index Scan on info_type_id_movie_info  (cost=0.00..4693.37 rows=439058 width=0) (actual time=18.173..18.174 rows=486554 loops=1)
                                                               Index Cond: (info_type_id = 5)
                                                               Buffers: shared read=408
                                                   ->  Index Scan using title_pkey on title t  (cost=0.43..8.45 rows=1 width=8) (actual time=0.029..0.029 rows=1 loops=12622)
                                                         Index Cond: (id = mi2.movie_id)
                                                         Filter: ((production_year <= 2015) AND (1990 < production_year))
                                                         Rows Removed by Filter: 0
                                                         Buffers: shared hit=42195 read=8293
                                             ->  Hash  (cost=1.10..1.10 rows=3 width=4) (actual time=0.018..0.019 rows=3 loops=1)
                                                   Buckets: 1024  Batches: 1  Memory Usage: 9kB
                                                   Buffers: shared hit=1
                                                   ->  Seq Scan on kind_type kt  (cost=0.00..1.10 rows=3 width=4) (actual time=0.009..0.010 rows=3 loops=1)
                                                         Filter: ((kind)::text = ANY ('{"tv movie","tv series","video game"}'::text[]))
                                                         Rows Removed by Filter: 4
                                                         Buffers: shared hit=1
                                       ->  Index Scan using movie_id_movie_info on movie_info mi1  (cost=0.43..42.25 rows=1 width=8) (actual time=0.163..0.165 rows=1 loops=689)
                                             Index Cond: (movie_id = t.id)
                                             Filter: (((info)::text = ANY ('{Comedy,Drama}'::text[])) AND (info_type_id = 3))
                                             Rows Removed by Filter: 53
                                             Buffers: shared hit=4706 read=6818
                                 ->  Seq Scan on info_type it1  (cost=0.00..2.41 rows=1 width=4) (actual time=0.006..0.011 rows=1 loops=548)
                                       Filter: (id = 3)
                                       Rows Removed by Filter: 112
                                       Buffers: shared hit=548
                           ->  Seq Scan on info_type it2  (cost=0.00..2.41 rows=1 width=4) (actual time=0.004..0.008 rows=1 loops=548)
                                 Filter: (id = 5)
                                 Rows Removed by Filter: 112
                                 Buffers: shared hit=548
                     ->  Index Scan using movie_id_cast_info on cast_info ci  (cost=0.44..43.36 rows=38 width=12) (actual time=0.043..0.348 rows=36 loops=548)
                           Index Cond: (movie_id = t.id)
                           Buffers: shared hit=13800 read=7133
               ->  Hash  (cost=1.15..1.15 rows=2 width=4) (actual time=0.037..0.038 rows=2 loops=1)
                     Buckets: 1024  Batches: 1  Memory Usage: 9kB
                     Buffers: shared hit=1
                     ->  Seq Scan on role_type rt  (cost=0.00..1.15 rows=2 width=4) (actual time=0.029..0.030 rows=2 loops=1)
                           Filter: ((role)::text = ANY ('{composer,director}'::text[]))
                           Rows Removed by Filter: 10
                           Buffers: shared hit=1
         ->  Index Scan using name_pkey on name n  (cost=0.43..2.32 rows=1 width=4) (actual time=0.031..0.031 rows=0 loops=770)
               Index Cond: (id = ci.person_id)
               Filter: ((gender)::text = 'f'::text)
               Rows Removed by Filter: 1
               Buffers: shared hit=2089 read=991
 Planning:
   Buffers: shared hit=482 read=92
 Planning Time: 14.116 ms
 Execution Time: 1044.695 ms
(73 rows)

