                                                                                             QUERY PLAN                                                                                              
-----------------------------------------------------------------------------------------------------------------------------------------------------------------------------------------------------
 Aggregate  (cost=431557.73..431557.74 rows=1 width=8) (actual time=18042.775..18042.782 rows=1 loops=1)
   Buffers: shared hit=1618233 read=248108
   ->  Nested Loop  (cost=4697.66..431557.73 rows=1 width=0) (actual time=43.698..18037.616 rows=19544 loops=1)
         Buffers: shared hit=1618233 read=248108
         ->  Nested Loop  (cost=4697.66..431555.31 rows=1 width=4) (actual time=43.689..17630.942 rows=19544 loops=1)
               Buffers: shared hit=1598689 read=248108
               ->  Nested Loop  (cost=4697.66..431552.88 rows=1 width=8) (actual time=43.659..17214.971 rows=19544 loops=1)
                     Buffers: shared hit=1579145 read=248108
                     ->  Hash Join  (cost=4697.23..431548.24 rows=2 width=12) (actual time=43.591..16341.970 rows=24134 loops=1)
                           Hash Cond: (ci.role_id = rt.id)
                           Buffers: shared hit=1490412 read=240305
                           ->  Nested Loop  (cost=4696.07..431546.98 rows=29 width=16) (actual time=43.191..16163.982 rows=1054188 loops=1)
                                 Buffers: shared hit=1490411 read=240305
                                 ->  Nested Loop  (cost=4695.63..431458.24 rows=2 width=20) (actual time=43.127..6242.677 rows=22176 loops=1)
                                       Buffers: shared hit=535839 read=97704
                                       ->  Hash Join  (cost=4695.20..427254.27 rows=98 width=12) (actual time=32.273..2368.396 rows=21499 loops=1)
                                             Hash Cond: (t.kind_id = kt.id)
                                             Buffers: shared hit=228454 read=17495
                                             ->  Nested Loop  (cost=4694.06..427252.17 rows=228 width=16) (actual time=19.313..2357.022 rows=21931 loops=1)
                                                   Buffers: shared hit=228453 read=17495
                                                   ->  Bitmap Heap Scan on movie_info mi2  (cost=4693.63..418626.78 rows=1055 width=8) (actual time=19.002..432.513 rows=56594 loops=1)
                                                         Recheck Cond: (info_type_id = 5)
                                                         Filter: ((info)::text = ANY ('{Argentina:16,Australia:M,Finland:K-16,Portugal:M/12,UK:U,USA:Approved,"West Germany:16"}'::text[]))
                                                         Rows Removed by Filter: 429960
                                                         Heap Blocks: exact=19164
                                                         Buffers: shared hit=17373 read=2199
                                                         ->  Bitmap Index Scan on info_type_id_movie_info  (cost=0.00..4693.37 rows=439058 width=0) (actual time=16.344..16.345 rows=486554 loops=1)
                                                               Index Cond: (info_type_id = 5)
                                                               Buffers: shared hit=408
                                                   ->  Index Scan using title_pkey on title t  (cost=0.43..8.18 rows=1 width=8) (actual time=0.033..0.033 rows=0 loops=56594)
                                                         Index Cond: (id = mi2.movie_id)
                                                         Filter: ((production_year <= 1990) AND (1950 < production_year))
                                                         Rows Removed by Filter: 1
                                                         Buffers: shared hit=211080 read=15296
                                             ->  Hash  (cost=1.10..1.10 rows=3 width=4) (actual time=0.021..0.022 rows=3 loops=1)
                                                   Buckets: 1024  Batches: 1  Memory Usage: 9kB
                                                   Buffers: shared hit=1
                                                   ->  Seq Scan on kind_type kt  (cost=0.00..1.10 rows=3 width=4) (actual time=0.011..0.013 rows=3 loops=1)
                                                         Filter: ((kind)::text = ANY ('{episode,movie,"tv movie"}'::text[]))
                                                         Rows Removed by Filter: 4
                                                         Buffers: shared hit=1
                                       ->  Index Scan using movie_id_movie_info on movie_info mi1  (cost=0.43..42.89 rows=1 width=8) (actual time=0.178..0.179 rows=1 loops=21499)
                                             Index Cond: (movie_id = t.id)
                                             Filter: ((info_type_id = 3) AND ((info)::text = ANY ('{Action,Animation,Comedy,Drama,Family,War}'::text[])))
                                             Rows Removed by Filter: 60
                                             Buffers: shared hit=307385 read=80209
                                 ->  Index Scan using movie_id_cast_info on cast_info ci  (cost=0.44..43.99 rows=38 width=12) (actual time=0.034..0.435 rows=48 loops=22176)
                                       Index Cond: (movie_id = t.id)
                                       Buffers: shared hit=954572 read=142601
                           ->  Hash  (cost=1.15..1.15 rows=1 width=4) (actual time=0.035..0.035 rows=1 loops=1)
                                 Buckets: 1024  Batches: 1  Memory Usage: 9kB
                                 Buffers: shared hit=1
                                 ->  Seq Scan on role_type rt  (cost=0.00..1.15 rows=1 width=4) (actual time=0.027..0.029 rows=1 loops=1)
                                       Filter: ((role)::text = 'director'::text)
                                       Rows Removed by Filter: 11
                                       Buffers: shared hit=1
                     ->  Index Scan using name_pkey on name n  (cost=0.43..2.32 rows=1 width=4) (actual time=0.035..0.035 rows=1 loops=24134)
                           Index Cond: (id = ci.person_id)
                           Filter: ((gender)::text = 'm'::text)
                           Rows Removed by Filter: 0
                           Buffers: shared hit=88733 read=7803
               ->  Seq Scan on info_type it1  (cost=0.00..2.41 rows=1 width=4) (actual time=0.010..0.019 rows=1 loops=19544)
                     Filter: (id = 3)
                     Rows Removed by Filter: 112
                     Buffers: shared hit=19544
         ->  Seq Scan on info_type it2  (cost=0.00..2.41 rows=1 width=4) (actual time=0.010..0.019 rows=1 loops=19544)
               Filter: (id = 5)
               Rows Removed by Filter: 112
               Buffers: shared hit=19544
 Planning:
   Buffers: shared hit=574
 Planning Time: 12.969 ms
 Execution Time: 18043.462 ms
(73 rows)

