                                                                                             QUERY PLAN                                                                                              
-----------------------------------------------------------------------------------------------------------------------------------------------------------------------------------------------------
 Aggregate  (cost=378074.62..378074.63 rows=1 width=8) (actual time=1479.386..1479.395 rows=1 loops=1)
   Buffers: shared hit=137916 read=14212
   ->  Nested Loop  (cost=4697.49..378074.62 rows=1 width=0) (actual time=285.016..1479.382 rows=13 loops=1)
         Buffers: shared hit=137916 read=14212
         ->  Hash Join  (cost=4697.06..378072.30 rows=1 width=4) (actual time=269.230..1478.341 rows=25 loops=1)
               Hash Cond: (ci.role_id = rt.id)
               Buffers: shared hit=137863 read=14165
               ->  Nested Loop  (cost=4695.90..378071.09 rows=14 width=8) (actual time=23.901..1478.225 rows=336 loops=1)
                     Buffers: shared hit=137862 read=14165
                     ->  Nested Loop  (cost=4695.46..378026.21 rows=1 width=12) (actual time=23.866..1473.849 rows=65 loops=1)
                           Buffers: shared hit=137606 read=13904
                           ->  Nested Loop  (cost=4695.46..378023.79 rows=1 width=16) (actual time=23.860..1473.134 rows=65 loops=1)
                                 Buffers: shared hit=137541 read=13904
                                 ->  Nested Loop  (cost=4695.46..378021.36 rows=1 width=20) (actual time=23.843..1472.379 rows=65 loops=1)
                                       Buffers: shared hit=137476 read=13904
                                       ->  Hash Join  (cost=4695.02..377115.48 rows=21 width=12) (actual time=23.751..1460.413 rows=96 loops=1)
                                             Hash Cond: (t.kind_id = kt.id)
                                             Buffers: shared hit=136951 read=13162
                                             ->  Nested Loop  (cost=4693.89..377114.14 rows=50 width=16) (actual time=23.703..1456.089 rows=19783 loops=1)
                                                   Buffers: shared hit=136950 read=13162
                                                   ->  Bitmap Heap Scan on movie_info mi2  (cost=4693.46..374133.05 rows=356 width=8) (actual time=21.925..375.852 rows=32635 loops=1)
                                                         Recheck Cond: (info_type_id = 5)
                                                         Filter: ((info)::text = ANY ('{UK:U,USA:Approved,"USA:Not Rated","West Germany:12"}'::text[]))
                                                         Rows Removed by Filter: 453919
                                                         Heap Blocks: exact=19164
                                                         Buffers: shared hit=12220 read=7352
                                                         ->  Bitmap Index Scan on info_type_id_movie_info  (cost=0.00..4693.37 rows=439058 width=0) (actual time=18.231..18.232 rows=486554 loops=1)
                                                               Index Cond: (info_type_id = 5)
                                                               Buffers: shared read=408
                                                   ->  Index Scan using title_pkey on title t  (cost=0.43..8.37 rows=1 width=8) (actual time=0.033..0.033 rows=1 loops=32635)
                                                         Index Cond: (id = mi2.movie_id)
                                                         Filter: ((production_year <= 1975) AND (1925 < production_year))
                                                         Rows Removed by Filter: 0
                                                         Buffers: shared hit=124730 read=5810
                                             ->  Hash  (cost=1.10..1.10 rows=3 width=4) (actual time=0.022..0.023 rows=3 loops=1)
                                                   Buckets: 1024  Batches: 1  Memory Usage: 9kB
                                                   Buffers: shared hit=1
                                                   ->  Seq Scan on kind_type kt  (cost=0.00..1.10 rows=3 width=4) (actual time=0.010..0.012 rows=3 loops=1)
                                                         Filter: ((kind)::text = ANY ('{"tv series","video game","video movie"}'::text[]))
                                                         Rows Removed by Filter: 4
                                                         Buffers: shared hit=1
                                       ->  Index Scan using movie_id_movie_info on movie_info mi1  (cost=0.43..43.13 rows=1 width=8) (actual time=0.121..0.124 rows=1 loops=96)
                                             Index Cond: (movie_id = t.id)
                                             Filter: ((info_type_id = 3) AND ((info)::text = ANY ('{Drama,Family,Romance,War}'::text[])))
                                             Rows Removed by Filter: 42
                                             Buffers: shared hit=525 read=742
                                 ->  Seq Scan on info_type it1  (cost=0.00..2.41 rows=1 width=4) (actual time=0.005..0.010 rows=1 loops=65)
                                       Filter: (id = 3)
                                       Rows Removed by Filter: 112
                                       Buffers: shared hit=65
                           ->  Seq Scan on info_type it2  (cost=0.00..2.41 rows=1 width=4) (actual time=0.004..0.010 rows=1 loops=65)
                                 Filter: (id = 5)
                                 Rows Removed by Filter: 112
                                 Buffers: shared hit=65
                     ->  Index Scan using movie_id_cast_info on cast_info ci  (cost=0.44..44.50 rows=38 width=12) (actual time=0.024..0.066 rows=5 loops=65)
                           Index Cond: (movie_id = t.id)
                           Buffers: shared hit=256 read=261
               ->  Hash  (cost=1.15..1.15 rows=1 width=4) (actual time=0.034..0.034 rows=1 loops=1)
                     Buckets: 1024  Batches: 1  Memory Usage: 9kB
                     Buffers: shared hit=1
                     ->  Seq Scan on role_type rt  (cost=0.00..1.15 rows=1 width=4) (actual time=0.027..0.028 rows=1 loops=1)
                           Filter: ((role)::text = 'miscellaneous crew'::text)
                           Rows Removed by Filter: 11
                           Buffers: shared hit=1
         ->  Index Scan using name_pkey on name n  (cost=0.43..2.32 rows=1 width=4) (actual time=0.041..0.041 rows=1 loops=25)
               Index Cond: (id = ci.person_id)
               Filter: ((gender)::text = 'm'::text)
               Rows Removed by Filter: 0
               Buffers: shared hit=53 read=47
 Planning:
   Buffers: shared hit=529 read=45
 Planning Time: 14.174 ms
 Execution Time: 1480.050 ms
(73 rows)

