                                                                                                           QUERY PLAN                                                                                                           
--------------------------------------------------------------------------------------------------------------------------------------------------------------------------------------------------------------------------------
 Aggregate  (cost=483290.94..483290.95 rows=1 width=8) (actual time=10102.144..10102.151 rows=1 loops=1)
   Buffers: shared hit=879351 read=170103
   ->  Nested Loop  (cost=4697.62..483290.94 rows=3 width=0) (actual time=19.002..10099.240 rows=13220 loops=1)
         Buffers: shared hit=879351 read=170103
         ->  Seq Scan on info_type it2  (cost=0.00..2.41 rows=1 width=4) (actual time=0.040..0.050 rows=1 loops=1)
               Filter: (id = 5)
               Rows Removed by Filter: 112
               Buffers: shared hit=1
         ->  Nested Loop  (cost=4697.62..483288.49 rows=3 width=4) (actual time=18.960..10096.504 rows=13220 loops=1)
               Buffers: shared hit=879350 read=170103
               ->  Seq Scan on info_type it1  (cost=0.00..2.41 rows=1 width=4) (actual time=0.007..0.018 rows=1 loops=1)
                     Filter: (id = 3)
                     Rows Removed by Filter: 112
                     Buffers: shared hit=1
               ->  Nested Loop  (cost=4697.62..483286.05 rows=3 width=8) (actual time=18.951..10093.597 rows=13220 loops=1)
                     Buffers: shared hit=879349 read=170103
                     ->  Hash Join  (cost=4697.19..483269.81 rows=7 width=12) (actual time=18.904..7108.862 rows=85389 loops=1)
                           Hash Cond: (ci.role_id = rt.id)
                           Buffers: shared hit=562552 read=145344
                           ->  Nested Loop  (cost=4696.03..483268.35 rows=86 width=16) (actual time=18.831..7035.342 rows=299992 loops=1)
                                 Buffers: shared hit=562551 read=145344
                                 ->  Nested Loop  (cost=4695.59..483006.16 rows=6 width=20) (actual time=18.791..3915.105 rows=8143 loops=1)
                                       Buffers: shared hit=328246 read=63632
                                       ->  Hash Join  (cost=4695.15..470362.57 rows=299 width=12) (actual time=18.564..2355.555 rows=10051 loops=1)
                                             Hash Cond: (t.kind_id = kt.id)
                                             Buffers: shared hit=227163 read=15106
                                             ->  Nested Loop  (cost=4694.02..470358.49 rows=697 width=16) (actual time=18.530..2342.556 rows=48983 loops=1)
                                                   Buffers: shared hit=227162 read=15106
                                                   ->  Bitmap Heap Scan on movie_info mi2  (cost=4693.59..463120.29 rows=880 width=8) (actual time=18.389..479.466 rows=55674 loops=1)
                                                         Recheck Cond: (info_type_id = 5)
                                                         Filter: ((info)::text = ANY ('{Australia:M,Australia:MA,Australia:PG,Canada:G,Iceland:L,Singapore:M18,Singapore:PG,"South Korea:15",Spain:13,Switzerland:7}'::text[]))
                                                         Rows Removed by Filter: 430880
                                                         Heap Blocks: exact=19164
                                                         Buffers: shared hit=16646 read=2926
                                                         ->  Bitmap Index Scan on info_type_id_movie_info  (cost=0.00..4693.37 rows=439058 width=0) (actual time=15.815..15.815 rows=486554 loops=1)
                                                               Index Cond: (info_type_id = 5)
                                                               Buffers: shared hit=408
                                                   ->  Index Scan using title_pkey on title t  (cost=0.43..8.23 rows=1 width=8) (actual time=0.033..0.033 rows=1 loops=55674)
                                                         Index Cond: (id = mi2.movie_id)
                                                         Filter: ((production_year <= 2015) AND (1975 < production_year))
                                                         Rows Removed by Filter: 0
                                                         Buffers: shared hit=210516 read=12180
                                             ->  Hash  (cost=1.10..1.10 rows=3 width=4) (actual time=0.014..0.015 rows=3 loops=1)
                                                   Buckets: 1024  Batches: 1  Memory Usage: 9kB
                                                   Buffers: shared hit=1
                                                   ->  Seq Scan on kind_type kt  (cost=0.00..1.10 rows=3 width=4) (actual time=0.008..0.009 rows=3 loops=1)
                                                         Filter: ((kind)::text = ANY ('{"tv movie","tv series","video game"}'::text[]))
                                                         Rows Removed by Filter: 4
                                                         Buffers: shared hit=1
                                       ->  Index Scan using movie_id_movie_info on movie_info mi1  (cost=0.43..42.28 rows=1 width=8) (actual time=0.152..0.154 rows=1 loops=10051)
                                             Index Cond: (movie_id = t.id)
                                             Filter: ((info_type_id = 3) AND ((info)::text = ANY ('{Comedy,Drama,Romance}'::text[])))
                                             Rows Removed by Filter: 36
                                             Buffers: shared hit=101083 read=48526
                                 ->  Index Scan using movie_id_cast_info on cast_info ci  (cost=0.44..43.32 rows=38 width=12) (actual time=0.038..0.373 rows=37 loops=8143)
                                       Index Cond: (movie_id = t.id)
                                       Buffers: shared hit=234305 read=81712
                           ->  Hash  (cost=1.15..1.15 rows=1 width=4) (actual time=0.014..0.015 rows=1 loops=1)
                                 Buckets: 1024  Batches: 1  Memory Usage: 9kB
                                 Buffers: shared hit=1
                                 ->  Seq Scan on role_type rt  (cost=0.00..1.15 rows=1 width=4) (actual time=0.009..0.010 rows=1 loops=1)
                                       Filter: ((role)::text = 'miscellaneous crew'::text)
                                       Rows Removed by Filter: 11
                                       Buffers: shared hit=1
                     ->  Index Scan using name_pkey on name n  (cost=0.43..2.32 rows=1 width=4) (actual time=0.034..0.034 rows=0 loops=85389)
                           Index Cond: (id = ci.person_id)
                           Filter: ((gender)::text = 'm'::text)
                           Rows Removed by Filter: 1
                           Buffers: shared hit=316797 read=24759
 Planning:
   Buffers: shared hit=574
 Planning Time: 12.925 ms
 Execution Time: 10102.789 ms
(73 rows)

