                                                                                                                  QUERY PLAN                                                                                                                  
----------------------------------------------------------------------------------------------------------------------------------------------------------------------------------------------------------------------------------------------
 Aggregate  (cost=493348.21..493348.22 rows=1 width=8) (actual time=3839.724..3839.733 rows=1 loops=1)
   Buffers: shared hit=347591 read=34658
   ->  Nested Loop  (cost=4697.76..493348.21 rows=1 width=0) (actual time=473.506..3839.716 rows=17 loops=1)
         Buffers: shared hit=347591 read=34658
         ->  Nested Loop  (cost=4697.76..493345.79 rows=1 width=4) (actual time=473.498..3839.505 rows=17 loops=1)
               Buffers: shared hit=347574 read=34658
               ->  Nested Loop  (cost=4697.76..493343.36 rows=1 width=8) (actual time=473.479..3839.252 rows=17 loops=1)
                     Buffers: shared hit=347557 read=34658
                     ->  Hash Join  (cost=4697.33..493331.77 rows=5 width=12) (actual time=23.036..3824.143 rows=321 loops=1)
                           Hash Cond: (ci.role_id = rt.id)
                           Buffers: shared hit=346589 read=34342
                           ->  Nested Loop  (cost=4696.16..493330.49 rows=29 width=16) (actual time=22.912..3823.301 rows=6208 loops=1)
                                 Buffers: shared hit=346588 read=34342
                                 ->  Nested Loop  (cost=4695.72..493241.38 rows=2 width=20) (actual time=22.876..3756.977 rows=344 loops=1)
                                       Buffers: shared hit=342856 read=31118
                                       ->  Hash Join  (cost=4695.28..489924.92 rows=77 width=12) (actual time=22.800..3686.387 rows=389 loops=1)
                                             Hash Cond: (t.kind_id = kt.id)
                                             Buffers: shared hit=339682 read=28095
                                             ->  Nested Loop  (cost=4694.17..489922.68 rows=268 width=16) (actual time=22.765..3675.994 rows=44895 loops=1)
                                                   Buffers: shared hit=339681 read=28095
                                                   ->  Bitmap Heap Scan on movie_info mi2  (cost=4693.74..477951.63 rows=1483 width=8) (actual time=19.314..584.301 rows=87051 loops=1)
                                                         Recheck Cond: (info_type_id = 5)
                                                         Filter: ((info)::text = ANY ('{Australia:PG,Finland:K-16,Sweden:15,Sweden:Btl,USA:Approved,"USA:Not Rated",USA:Passed,USA:TV-G,USA:X,"West Germany:12","West Germany:18"}'::text[]))
                                                         Rows Removed by Filter: 399503
                                                         Heap Blocks: exact=19164
                                                         Buffers: shared hit=2042 read=17530
                                                         ->  Bitmap Index Scan on info_type_id_movie_info  (cost=0.00..4693.37 rows=439058 width=0) (actual time=16.706..16.707 rows=486554 loops=1)
                                                               Index Cond: (info_type_id = 5)
                                                               Buffers: shared read=408
                                                   ->  Index Scan using title_pkey on title t  (cost=0.43..8.07 rows=1 width=8) (actual time=0.035..0.035 rows=1 loops=87051)
                                                         Index Cond: (id = mi2.movie_id)
                                                         Filter: ((production_year <= 1975) AND (1875 < production_year))
                                                         Rows Removed by Filter: 0
                                                         Buffers: shared hit=337639 read=10565
                                             ->  Hash  (cost=1.09..1.09 rows=2 width=4) (actual time=0.014..0.016 rows=2 loops=1)
                                                   Buckets: 1024  Batches: 1  Memory Usage: 9kB
                                                   Buffers: shared hit=1
                                                   ->  Seq Scan on kind_type kt  (cost=0.00..1.09 rows=2 width=4) (actual time=0.007..0.008 rows=2 loops=1)
                                                         Filter: ((kind)::text = ANY ('{"tv series","video game"}'::text[]))
                                                         Rows Removed by Filter: 5
                                                         Buffers: shared hit=1
                                       ->  Index Scan using movie_id_movie_info on movie_info mi1  (cost=0.43..43.06 rows=1 width=8) (actual time=0.178..0.181 rows=1 loops=389)
                                             Index Cond: (movie_id = t.id)
                                             Filter: ((info_type_id = 3) AND ((info)::text = ANY ('{Adult,Comedy,Drama,Music,Romance,Thriller,War}'::text[])))
                                             Rows Removed by Filter: 51
                                             Buffers: shared hit=3174 read=3023
                                 ->  Index Scan using movie_id_cast_info on cast_info ci  (cost=0.44..44.17 rows=38 width=12) (actual time=0.030..0.189 rows=18 loops=344)
                                       Index Cond: (movie_id = t.id)
                                       Buffers: shared hit=3732 read=3224
                           ->  Hash  (cost=1.15..1.15 rows=2 width=4) (actual time=0.027..0.028 rows=2 loops=1)
                                 Buckets: 1024  Batches: 1  Memory Usage: 9kB
                                 Buffers: shared hit=1
                                 ->  Seq Scan on role_type rt  (cost=0.00..1.15 rows=2 width=4) (actual time=0.021..0.023 rows=2 loops=1)
                                       Filter: ((role)::text = ANY ('{"costume designer",director}'::text[]))
                                       Rows Removed by Filter: 10
                                       Buffers: shared hit=1
                     ->  Index Scan using name_pkey on name n  (cost=0.43..2.32 rows=1 width=4) (actual time=0.047..0.047 rows=0 loops=321)
                           Index Cond: (id = ci.person_id)
                           Filter: ((gender)::text = 'f'::text)
                           Rows Removed by Filter: 1
                           Buffers: shared hit=968 read=316
               ->  Seq Scan on info_type it1  (cost=0.00..2.41 rows=1 width=4) (actual time=0.006..0.012 rows=1 loops=17)
                     Filter: (id = 3)
                     Rows Removed by Filter: 112
                     Buffers: shared hit=17
         ->  Seq Scan on info_type it2  (cost=0.00..2.41 rows=1 width=4) (actual time=0.005..0.011 rows=1 loops=17)
               Filter: (id = 5)
               Rows Removed by Filter: 112
               Buffers: shared hit=17
 Planning:
   Buffers: shared hit=519 read=55
 Planning Time: 12.846 ms
 Execution Time: 3840.414 ms
(73 rows)

