                                                                                             QUERY PLAN                                                                                              
-----------------------------------------------------------------------------------------------------------------------------------------------------------------------------------------------------
 Aggregate  (cost=416758.90..416758.91 rows=1 width=8) (actual time=23926.505..23926.512 rows=1 loops=1)
   Buffers: shared hit=2148242 read=296997
   ->  Nested Loop  (cost=4697.68..416758.89 rows=3 width=0) (actual time=37.224..23915.947 rows=52226 loops=1)
         Buffers: shared hit=2148242 read=296997
         ->  Hash Join  (cost=4697.25..416747.29 rows=5 width=4) (actual time=37.174..20428.517 rows=95280 loops=1)
               Hash Cond: (ci.role_id = rt.id)
               Buffers: shared hit=1787092 read=277027
               ->  Nested Loop  (cost=4696.07..416746.02 rows=29 width=8) (actual time=36.891..20177.507 rows=1312668 loops=1)
                     Buffers: shared hit=1787091 read=277027
                     ->  Nested Loop  (cost=4695.63..416657.27 rows=2 width=12) (actual time=36.841..7117.930 rows=28162 loops=1)
                           Buffers: shared hit=576979 read=114061
                           ->  Seq Scan on info_type it2  (cost=0.00..2.41 rows=1 width=4) (actual time=0.033..0.042 rows=1 loops=1)
                                 Filter: (id = 5)
                                 Rows Removed by Filter: 112
                                 Buffers: shared hit=1
                           ->  Nested Loop  (cost=4695.63..416654.84 rows=2 width=16) (actual time=36.807..7110.533 rows=28162 loops=1)
                                 Buffers: shared hit=576978 read=114061
                                 ->  Seq Scan on info_type it1  (cost=0.00..2.41 rows=1 width=4) (actual time=0.009..0.022 rows=1 loops=1)
                                       Filter: (id = 3)
                                       Rows Removed by Filter: 112
                                       Buffers: shared hit=1
                                 ->  Nested Loop  (cost=4695.63..416652.41 rows=2 width=20) (actual time=36.795..7102.438 rows=28162 loops=1)
                                       Buffers: shared hit=576977 read=114061
                                       ->  Hash Join  (cost=4695.20..412448.44 rows=98 width=12) (actual time=36.507..2771.808 rows=23603 loops=1)
                                             Hash Cond: (t.kind_id = kt.id)
                                             Buffers: shared hit=239465 read=32724
                                             ->  Nested Loop  (cost=4694.06..412446.34 rows=228 width=16) (actual time=20.292..2756.510 rows=25127 loops=1)
                                                   Buffers: shared hit=239464 read=32724
                                                   ->  Bitmap Heap Scan on movie_info mi2  (cost=4693.63..403795.59 rows=1058 width=8) (actual time=19.945..510.760 rows=63154 loops=1)
                                                         Recheck Cond: (info_type_id = 5)
                                                         Filter: ((info)::text = ANY ('{Australia:M,Finland:K-16,Sweden:15,UK:18,USA:PG,USA:X}'::text[]))
                                                         Rows Removed by Filter: 423400
                                                         Heap Blocks: exact=19164
                                                         Buffers: shared hit=2882 read=16690
                                                         ->  Bitmap Index Scan on info_type_id_movie_info  (cost=0.00..4693.37 rows=439058 width=0) (actual time=17.271..17.271 rows=486554 loops=1)
                                                               Index Cond: (info_type_id = 5)
                                                               Buffers: shared read=408
                                                   ->  Index Scan using title_pkey on title t  (cost=0.43..8.18 rows=1 width=8) (actual time=0.035..0.035 rows=0 loops=63154)
                                                         Index Cond: (id = mi2.movie_id)
                                                         Filter: ((production_year <= 1990) AND (1950 < production_year))
                                                         Rows Removed by Filter: 1
                                                         Buffers: shared hit=236582 read=16034
                                             ->  Hash  (cost=1.10..1.10 rows=3 width=4) (actual time=0.023..0.024 rows=3 loops=1)
                                                   Buckets: 1024  Batches: 1  Memory Usage: 9kB
                                                   Buffers: shared hit=1
                                                   ->  Seq Scan on kind_type kt  (cost=0.00..1.10 rows=3 width=4) (actual time=0.012..0.014 rows=3 loops=1)
                                                         Filter: ((kind)::text = ANY ('{episode,movie,"tv movie"}'::text[]))
                                                         Rows Removed by Filter: 4
                                                         Buffers: shared hit=1
                                       ->  Index Scan using movie_id_movie_info on movie_info mi1  (cost=0.43..42.89 rows=1 width=8) (actual time=0.182..0.183 rows=1 loops=23603)
                                             Index Cond: (movie_id = t.id)
                                             Filter: ((info_type_id = 3) AND ((info)::text = ANY ('{Adult,Comedy,Drama,Horror,Romance,Thriller}'::text[])))
                                             Rows Removed by Filter: 57
                                             Buffers: shared hit=337512 read=81337
                     ->  Index Scan using movie_id_cast_info on cast_info ci  (cost=0.44..43.99 rows=38 width=12) (actual time=0.037..0.451 rows=47 loops=28162)
                           Index Cond: (movie_id = t.id)
                           Buffers: shared hit=1210112 read=162966
               ->  Hash  (cost=1.15..1.15 rows=2 width=4) (actual time=0.037..0.038 rows=2 loops=1)
                     Buckets: 1024  Batches: 1  Memory Usage: 9kB
                     Buffers: shared hit=1
                     ->  Seq Scan on role_type rt  (cost=0.00..1.15 rows=2 width=4) (actual time=0.028..0.031 rows=2 loops=1)
                           Filter: ((role)::text = ANY ('{editor,writer}'::text[]))
                           Rows Removed by Filter: 10
                           Buffers: shared hit=1
         ->  Index Scan using name_pkey on name n  (cost=0.43..2.32 rows=1 width=4) (actual time=0.036..0.036 rows=1 loops=95280)
               Index Cond: (id = ci.person_id)
               Filter: ((gender)::text = ANY ('{f,m}'::text[]))
               Rows Removed by Filter: 0
               Buffers: shared hit=361150 read=19970
 Planning:
   Buffers: shared hit=529 read=45
 Planning Time: 13.462 ms
 Execution Time: 23927.269 ms
(73 rows)

