                                                                                                                QUERY PLAN                                                                                                                 
-------------------------------------------------------------------------------------------------------------------------------------------------------------------------------------------------------------------------------------------
 Aggregate  (cost=528015.27..528015.28 rows=1 width=8) (actual time=59225.880..59225.888 rows=1 loops=1)
   Buffers: shared hit=5620791 read=541007
   ->  Nested Loop  (cost=4697.82..528015.25 rows=6 width=0) (actual time=52.360..59206.329 rows=69844 loops=1)
         Buffers: shared hit=5620791 read=541007
         ->  Seq Scan on info_type it2  (cost=0.00..2.41 rows=1 width=4) (actual time=0.040..0.051 rows=1 loops=1)
               Filter: (id = 5)
               Rows Removed by Filter: 112
               Buffers: shared hit=1
         ->  Nested Loop  (cost=4697.82..528012.78 rows=6 width=4) (actual time=52.318..59188.757 rows=69844 loops=1)
               Buffers: shared hit=5620790 read=541007
               ->  Seq Scan on info_type it1  (cost=0.00..2.41 rows=1 width=4) (actual time=0.007..0.021 rows=1 loops=1)
                     Filter: (id = 3)
                     Rows Removed by Filter: 112
                     Buffers: shared hit=1
               ->  Nested Loop  (cost=4697.82..528010.31 rows=6 width=8) (actual time=52.308..59170.651 rows=69844 loops=1)
                     Buffers: shared hit=5620789 read=541007
                     ->  Hash Join  (cost=4697.39..527977.83 rows=14 width=12) (actual time=52.251..54889.361 rows=115912 loops=1)
                           Hash Cond: (ci.role_id = rt.id)
                           Buffers: shared hit=5192164 read=505984
                           ->  Nested Loop  (cost=4696.23..527976.06 rows=172 width=16) (actual time=51.814..54058.188 rows=4503973 loops=1)
                                 Buffers: shared hit=5192163 read=505984
                                 ->  Nested Loop  (cost=4695.79..527451.24 rows=12 width=20) (actual time=51.748..12109.345 rows=51594 loops=1)
                                       Buffers: shared hit=993535 read=166339
                                       ->  Hash Join  (cost=4695.36..506303.35 rows=498 width=12) (actual time=20.297..3773.273 rows=45906 loops=1)
                                             Hash Cond: (t.kind_id = kt.id)
                                             Buffers: shared hit=311604 read=46917
                                             ->  Nested Loop  (cost=4694.22..506297.32 rows=1161 width=16) (actual time=20.104..3741.419 rows=56428 loops=1)
                                                   Buffers: shared hit=311603 read=46917
                                                   ->  Bitmap Heap Scan on movie_info mi2  (cost=4693.79..492782.86 rows=1685 width=8) (actual time=20.008..645.099 rows=84737 loops=1)
                                                         Recheck Cond: (info_type_id = 5)
                                                         Filter: ((info)::text = ANY ('{Argentina:16,Australia:G,Australia:M,Australia:MA,Australia:PG,Canada:PG,India:U,Netherlands:16,Norway:15,"South Korea:15",UK:15,UK:18}'::text[]))
                                                         Rows Removed by Filter: 401817
                                                         Heap Blocks: exact=19164
                                                         Buffers: shared hit=4599 read=14973
                                                         ->  Bitmap Index Scan on info_type_id_movie_info  (cost=0.00..4693.37 rows=439058 width=0) (actual time=17.433..17.433 rows=486554 loops=1)
                                                               Index Cond: (info_type_id = 5)
                                                               Buffers: shared read=408
                                                   ->  Index Scan using title_pkey on title t  (cost=0.43..8.02 rows=1 width=8) (actual time=0.036..0.036 rows=1 loops=84737)
                                                         Index Cond: (id = mi2.movie_id)
                                                         Filter: ((production_year <= 2015) AND (1990 < production_year))
                                                         Rows Removed by Filter: 0
                                                         Buffers: shared hit=307004 read=31944
                                             ->  Hash  (cost=1.10..1.10 rows=3 width=4) (actual time=0.014..0.015 rows=3 loops=1)
                                                   Buckets: 1024  Batches: 1  Memory Usage: 9kB
                                                   Buffers: shared hit=1
                                                   ->  Seq Scan on kind_type kt  (cost=0.00..1.10 rows=3 width=4) (actual time=0.007..0.009 rows=3 loops=1)
                                                         Filter: ((kind)::text = ANY ('{episode,movie,"video movie"}'::text[]))
                                                         Rows Removed by Filter: 4
                                                         Buffers: shared hit=1
                                       ->  Index Scan using movie_id_movie_info on movie_info mi1  (cost=0.43..42.46 rows=1 width=8) (actual time=0.179..0.181 rows=1 loops=45906)
                                             Index Cond: (movie_id = t.id)
                                             Filter: ((info_type_id = 3) AND ((info)::text = ANY ('{Action,Comedy,Drama,Family,Horror,Thriller}'::text[])))
                                             Rows Removed by Filter: 76
                                             Buffers: shared hit=681931 read=119422
                                 ->  Index Scan using movie_id_cast_info on cast_info ci  (cost=0.44..43.36 rows=38 width=12) (actual time=0.036..0.789 rows=87 loops=51594)
                                       Index Cond: (movie_id = t.id)
                                       Buffers: shared hit=4198628 read=339645
                           ->  Hash  (cost=1.15..1.15 rows=1 width=4) (actual time=0.016..0.017 rows=1 loops=1)
                                 Buckets: 1024  Batches: 1  Memory Usage: 9kB
                                 Buffers: shared hit=1
                                 ->  Seq Scan on role_type rt  (cost=0.00..1.15 rows=1 width=4) (actual time=0.010..0.012 rows=1 loops=1)
                                       Filter: ((role)::text = 'writer'::text)
                                       Rows Removed by Filter: 11
                                       Buffers: shared hit=1
                     ->  Index Scan using name_pkey on name n  (cost=0.43..2.32 rows=1 width=4) (actual time=0.036..0.036 rows=1 loops=115912)
                           Index Cond: (id = ci.person_id)
                           Filter: ((gender)::text = 'm'::text)
                           Rows Removed by Filter: 0
                           Buffers: shared hit=428625 read=35023
 Planning:
   Buffers: shared hit=483 read=91
 Planning Time: 13.338 ms
 Execution Time: 59226.510 ms
(73 rows)

