                                                                                              QUERY PLAN                                                                                              
------------------------------------------------------------------------------------------------------------------------------------------------------------------------------------------------------
 Aggregate  (cost=441760.29..441760.30 rows=1 width=8) (actual time=2476.198..2476.207 rows=1 loops=1)
   Buffers: shared hit=219044 read=34326
   ->  Nested Loop  (cost=4697.58..441760.29 rows=1 width=0) (actual time=22.167..2476.194 rows=13 loops=1)
         Buffers: shared hit=219044 read=34326
         ->  Hash Join  (cost=4697.15..441757.97 rows=1 width=4) (actual time=22.127..2473.211 rows=19 loops=1)
               Hash Cond: (ci.role_id = rt.id)
               Buffers: shared hit=218992 read=34302
               ->  Nested Loop  (cost=4695.99..441756.76 rows=14 width=8) (actual time=21.977..2473.099 rows=458 loops=1)
                     Buffers: shared hit=218991 read=34302
                     ->  Nested Loop  (cost=4695.55..441712.21 rows=1 width=12) (actual time=21.934..2467.043 rows=83 loops=1)
                           Buffers: shared hit=218649 read=33966
                           ->  Nested Loop  (cost=4695.55..441709.78 rows=1 width=16) (actual time=21.929..2465.550 rows=83 loops=1)
                                 Buffers: shared hit=218566 read=33966
                                 ->  Nested Loop  (cost=4695.55..441707.36 rows=1 width=20) (actual time=21.911..2464.770 rows=83 loops=1)
                                       Buffers: shared hit=218483 read=33966
                                       ->  Hash Join  (cost=4695.11..439341.28 rows=55 width=12) (actual time=21.822..2453.901 rows=95 loops=1)
                                             Hash Cond: (t.kind_id = kt.id)
                                             Buffers: shared hit=218131 read=33090
                                             ->  Nested Loop  (cost=4693.98..439339.61 rows=129 width=16) (actual time=21.780..2444.428 rows=45850 loops=1)
                                                   Buffers: shared hit=218130 read=33090
                                                   ->  Bitmap Heap Scan on movie_info mi2  (cost=4693.55..433457.88 rows=711 width=8) (actual time=19.477..490.911 rows=57912 loops=1)
                                                         Recheck Cond: (info_type_id = 5)
                                                         Filter: ((info)::text = ANY ('{Finland:K-16,Finland:S,Sweden:15,UK:U,USA:Approved,USA:Passed,"West Germany:12","West Germany:16"}'::text[]))
                                                         Rows Removed by Filter: 428642
                                                         Heap Blocks: exact=19164
                                                         Buffers: shared hit=1013 read=18559
                                                         ->  Bitmap Index Scan on info_type_id_movie_info  (cost=0.00..4693.37 rows=439058 width=0) (actual time=16.181..16.182 rows=486554 loops=1)
                                                               Index Cond: (info_type_id = 5)
                                                               Buffers: shared read=408
                                                   ->  Index Scan using title_pkey on title t  (cost=0.43..8.27 rows=1 width=8) (actual time=0.033..0.033 rows=1 loops=57912)
                                                         Index Cond: (id = mi2.movie_id)
                                                         Filter: ((production_year <= 1975) AND (1875 < production_year))
                                                         Rows Removed by Filter: 0
                                                         Buffers: shared hit=217117 read=14531
                                             ->  Hash  (cost=1.10..1.10 rows=3 width=4) (actual time=0.017..0.018 rows=3 loops=1)
                                                   Buckets: 1024  Batches: 1  Memory Usage: 9kB
                                                   Buffers: shared hit=1
                                                   ->  Seq Scan on kind_type kt  (cost=0.00..1.10 rows=3 width=4) (actual time=0.009..0.011 rows=3 loops=1)
                                                         Filter: ((kind)::text = ANY ('{"tv series","video game","video movie"}'::text[]))
                                                         Rows Removed by Filter: 4
                                                         Buffers: shared hit=1
                                       ->  Index Scan using movie_id_movie_info on movie_info mi1  (cost=0.43..43.01 rows=1 width=8) (actual time=0.110..0.114 rows=1 loops=95)
                                             Index Cond: (movie_id = t.id)
                                             Filter: ((info_type_id = 3) AND ((info)::text = ANY ('{Action,Adventure,Comedy,Crime,Drama,Romance}'::text[])))
                                             Rows Removed by Filter: 37
                                             Buffers: shared hit=352 read=876
                                 ->  Seq Scan on info_type it1  (cost=0.00..2.41 rows=1 width=4) (actual time=0.004..0.008 rows=1 loops=83)
                                       Filter: (id = 3)
                                       Rows Removed by Filter: 112
                                       Buffers: shared hit=83
                           ->  Seq Scan on info_type it2  (cost=0.00..2.41 rows=1 width=4) (actual time=0.013..0.017 rows=1 loops=83)
                                 Filter: (id = 5)
                                 Rows Removed by Filter: 112
                                 Buffers: shared hit=83
                     ->  Index Scan using movie_id_cast_info on cast_info ci  (cost=0.44..44.17 rows=38 width=12) (actual time=0.041..0.072 rows=6 loops=83)
                           Index Cond: (movie_id = t.id)
                           Buffers: shared hit=342 read=336
               ->  Hash  (cost=1.15..1.15 rows=1 width=4) (actual time=0.030..0.031 rows=1 loops=1)
                     Buckets: 1024  Batches: 1  Memory Usage: 9kB
                     Buffers: shared hit=1
                     ->  Seq Scan on role_type rt  (cost=0.00..1.15 rows=1 width=4) (actual time=0.024..0.025 rows=1 loops=1)
                           Filter: ((role)::text = 'director'::text)
                           Rows Removed by Filter: 11
                           Buffers: shared hit=1
         ->  Index Scan using name_pkey on name n  (cost=0.43..2.32 rows=1 width=4) (actual time=0.156..0.156 rows=1 loops=19)
               Index Cond: (id = ci.person_id)
               Filter: ((gender)::text = 'm'::text)
               Rows Removed by Filter: 0
               Buffers: shared hit=52 read=24
 Planning:
   Buffers: shared hit=483 read=91
 Planning Time: 11.199 ms
 Execution Time: 2476.886 ms
(73 rows)

