                                                                                             QUERY PLAN                                                                                              
-----------------------------------------------------------------------------------------------------------------------------------------------------------------------------------------------------
 Aggregate  (cost=417395.04..417395.05 rows=1 width=8) (actual time=2333.785..2333.794 rows=1 loops=1)
   Buffers: shared hit=226277 read=13959
   ->  Nested Loop  (cost=4697.73..417395.04 rows=1 width=0) (actual time=25.931..2333.767 rows=57 loops=1)
         Buffers: shared hit=226277 read=13959
         ->  Hash Join  (cost=4697.30..417390.40 rows=2 width=4) (actual time=25.893..2326.510 rows=254 loops=1)
               Hash Cond: (ci.role_id = rt.id)
               Buffers: shared hit=225561 read=13659
               ->  Nested Loop  (cost=4696.12..417389.18 rows=14 width=8) (actual time=25.457..2326.017 rows=2285 loops=1)
                     Buffers: shared hit=225560 read=13659
                     ->  Nested Loop  (cost=4695.68..417344.30 rows=1 width=12) (actual time=25.423..2301.512 rows=157 loops=1)
                           Buffers: shared hit=224131 read=12411
                           ->  Nested Loop  (cost=4695.68..417341.88 rows=1 width=16) (actual time=25.418..2299.202 rows=157 loops=1)
                                 Buffers: shared hit=223974 read=12411
                                 ->  Nested Loop  (cost=4695.68..417339.46 rows=1 width=20) (actual time=25.400..2294.868 rows=157 loops=1)
                                       Buffers: shared hit=223817 read=12411
                                       ->  Hash Join  (cost=4695.25..414061.03 rows=76 width=12) (actual time=25.328..2253.545 rows=209 loops=1)
                                             Hash Cond: (t.kind_id = kt.id)
                                             Buffers: shared hit=222277 read=10740
                                             ->  Nested Loop  (cost=4694.12..414059.15 rows=177 width=16) (actual time=25.285..2251.145 rows=10298 loops=1)
                                                   Buffers: shared hit=222276 read=10740
                                                   ->  Bitmap Heap Scan on movie_info mi2  (cost=4693.69..403795.65 rows=1263 width=8) (actual time=20.805..444.379 rows=53361 loops=1)
                                                         Recheck Cond: (info_type_id = 5)
                                                         Filter: ((info)::text = ANY ('{Argentina:Atp,Australia:M,Finland:K-12,UK:A,USA:X,"West Germany:12"}'::text[]))
                                                         Rows Removed by Filter: 433193
                                                         Heap Blocks: exact=19164
                                                         Buffers: shared hit=19566 read=6
                                                         ->  Bitmap Index Scan on info_type_id_movie_info  (cost=0.00..4693.37 rows=439058 width=0) (actual time=18.114..18.114 rows=486554 loops=1)
                                                               Index Cond: (info_type_id = 5)
                                                               Buffers: shared hit=408
                                                   ->  Index Scan using title_pkey on title t  (cost=0.43..8.13 rows=1 width=8) (actual time=0.033..0.033 rows=0 loops=53361)
                                                         Index Cond: (id = mi2.movie_id)
                                                         Filter: ((production_year <= 1975) AND (1925 < production_year))
                                                         Rows Removed by Filter: 1
                                                         Buffers: shared hit=202710 read=10734
                                             ->  Hash  (cost=1.10..1.10 rows=3 width=4) (actual time=0.019..0.020 rows=3 loops=1)
                                                   Buckets: 1024  Batches: 1  Memory Usage: 9kB
                                                   Buffers: shared hit=1
                                                   ->  Seq Scan on kind_type kt  (cost=0.00..1.10 rows=3 width=4) (actual time=0.013..0.014 rows=3 loops=1)
                                                         Filter: ((kind)::text = ANY ('{"tv series","video game","video movie"}'::text[]))
                                                         Rows Removed by Filter: 4
                                                         Buffers: shared hit=1
                                       ->  Index Scan using movie_id_movie_info on movie_info mi1  (cost=0.43..43.13 rows=1 width=8) (actual time=0.193..0.197 rows=1 loops=209)
                                             Index Cond: (movie_id = t.id)
                                             Filter: ((info_type_id = 3) AND ((info)::text = ANY ('{Adult,Adventure,Animation,Drama}'::text[])))
                                             Rows Removed by Filter: 52
                                             Buffers: shared hit=1540 read=1671
                                 ->  Seq Scan on info_type it1  (cost=0.00..2.41 rows=1 width=4) (actual time=0.018..0.026 rows=1 loops=157)
                                       Filter: (id = 3)
                                       Rows Removed by Filter: 112
                                       Buffers: shared hit=157
                           ->  Seq Scan on info_type it2  (cost=0.00..2.41 rows=1 width=4) (actual time=0.006..0.013 rows=1 loops=157)
                                 Filter: (id = 5)
                                 Rows Removed by Filter: 112
                                 Buffers: shared hit=157
                     ->  Index Scan using movie_id_cast_info on cast_info ci  (cost=0.44..44.50 rows=38 width=12) (actual time=0.029..0.152 rows=15 loops=157)
                           Index Cond: (movie_id = t.id)
                           Buffers: shared hit=1429 read=1248
               ->  Hash  (cost=1.15..1.15 rows=2 width=4) (actual time=0.036..0.037 rows=2 loops=1)
                     Buckets: 1024  Batches: 1  Memory Usage: 9kB
                     Buffers: shared hit=1
                     ->  Seq Scan on role_type rt  (cost=0.00..1.15 rows=2 width=4) (actual time=0.028..0.030 rows=2 loops=1)
                           Filter: ((role)::text = ANY ('{composer,"miscellaneous crew"}'::text[]))
                           Rows Removed by Filter: 10
                           Buffers: shared hit=1
         ->  Index Scan using name_pkey on name n  (cost=0.43..2.32 rows=1 width=4) (actual time=0.028..0.028 rows=0 loops=254)
               Index Cond: (id = ci.person_id)
               Filter: ((gender)::text = ANY ('{f,m}'::text[]))
               Rows Removed by Filter: 1
               Buffers: shared hit=716 read=300
 Planning:
   Buffers: shared hit=574
 Planning Time: 13.987 ms
 Execution Time: 2334.447 ms
(73 rows)

