                                                                                                     QUERY PLAN                                                                                                      
---------------------------------------------------------------------------------------------------------------------------------------------------------------------------------------------------------------------
 Aggregate  (cost=470922.57..470922.58 rows=1 width=8) (actual time=36632.123..36632.130 rows=1 loops=1)
   Buffers: shared hit=3372848 read=450010
   ->  Nested Loop  (cost=4697.62..470922.56 rows=4 width=0) (actual time=111.611..36630.155 rows=3603 loops=1)
         Buffers: shared hit=3372848 read=450010
         ->  Seq Scan on info_type it2  (cost=0.00..2.41 rows=1 width=4) (actual time=0.047..0.056 rows=1 loops=1)
               Filter: (id = 5)
               Rows Removed by Filter: 112
               Buffers: shared hit=1
         ->  Nested Loop  (cost=4697.62..470920.11 rows=4 width=4) (actual time=111.562..36629.092 rows=3603 loops=1)
               Buffers: shared hit=3372847 read=450010
               ->  Seq Scan on info_type it1  (cost=0.00..2.41 rows=1 width=4) (actual time=0.009..0.021 rows=1 loops=1)
                     Filter: (id = 3)
                     Rows Removed by Filter: 112
                     Buffers: shared hit=1
               ->  Nested Loop  (cost=4697.62..470917.65 rows=4 width=8) (actual time=111.550..36627.882 rows=3603 loops=1)
                     Buffers: shared hit=3372846 read=450010
                     ->  Hash Join  (cost=4697.19..470894.46 rows=10 width=12) (actual time=29.783..35669.955 rows=27132 loops=1)
                           Hash Cond: (ci.role_id = rt.id)
                           Buffers: shared hit=3268033 read=446295
                           ->  Nested Loop  (cost=4696.03..470892.88 rows=115 width=16) (actual time=29.340..35153.611 rows=2874515 loops=1)
                                 Buffers: shared hit=3268032 read=446295
                                 ->  Nested Loop  (cost=4695.59..470543.61 rows=8 width=20) (actual time=29.294..8621.326 rows=33643 loops=1)
                                       Buffers: shared hit=670038 read=147125
                                       ->  Hash Join  (cost=4695.15..455553.27 rows=353 width=12) (actual time=20.957..2201.110 rows=36733 loops=1)
                                             Hash Cond: (t.kind_id = kt.id)
                                             Buffers: shared hit=164370 read=29895
                                             ->  Nested Loop  (cost=4694.02..455548.66 rows=823 width=16) (actual time=20.661..2177.227 rows=42963 loops=1)
                                                   Buffers: shared hit=164369 read=29895
                                                   ->  Bitmap Heap Scan on movie_info mi2  (cost=4693.59..448289.11 rows=883 width=8) (actual time=20.600..528.268 rows=43673 loops=1)
                                                         Recheck Cond: (info_type_id = 5)
                                                         Filter: ((info)::text = ANY ('{Australia:G,Australia:PG,Canada:PG,Chile:14,Germany:o.Al.,Netherlands:16,"New Zealand:R16",Singapore:M18,Spain:T}'::text[]))
                                                         Rows Removed by Filter: 442881
                                                         Heap Blocks: exact=19164
                                                         Buffers: shared hit=10869 read=8703
                                                         ->  Bitmap Index Scan on info_type_id_movie_info  (cost=0.00..4693.37 rows=439058 width=0) (actual time=18.027..18.027 rows=486554 loops=1)
                                                               Index Cond: (info_type_id = 5)
                                                               Buffers: shared hit=408
                                                   ->  Index Scan using title_pkey on title t  (cost=0.43..8.22 rows=1 width=8) (actual time=0.037..0.037 rows=1 loops=43673)
                                                         Index Cond: (id = mi2.movie_id)
                                                         Filter: ((production_year <= 2015) AND (1925 < production_year))
                                                         Rows Removed by Filter: 0
                                                         Buffers: shared hit=153500 read=21192
                                             ->  Hash  (cost=1.10..1.10 rows=3 width=4) (actual time=0.018..0.019 rows=3 loops=1)
                                                   Buckets: 1024  Batches: 1  Memory Usage: 9kB
                                                   Buffers: shared hit=1
                                                   ->  Seq Scan on kind_type kt  (cost=0.00..1.10 rows=3 width=4) (actual time=0.009..0.011 rows=3 loops=1)
                                                         Filter: ((kind)::text = ANY ('{episode,movie,"video movie"}'::text[]))
                                                         Rows Removed by Filter: 4
                                                         Buffers: shared hit=1
                                       ->  Index Scan using movie_id_movie_info on movie_info mi1  (cost=0.43..42.46 rows=1 width=8) (actual time=0.173..0.174 rows=1 loops=36733)
                                             Index Cond: (movie_id = t.id)
                                             Filter: ((info_type_id = 3) AND ((info)::text = ANY ('{Adventure,Comedy,Crime,Drama,Fantasy,Horror,Thriller}'::text[])))
                                             Rows Removed by Filter: 72
                                             Buffers: shared hit=505668 read=117230
                                 ->  Index Scan using movie_id_cast_info on cast_info ci  (cost=0.44..43.28 rows=38 width=12) (actual time=0.036..0.765 rows=85 loops=33643)
                                       Index Cond: (movie_id = t.id)
                                       Buffers: shared hit=2597994 read=299170
                           ->  Hash  (cost=1.15..1.15 rows=1 width=4) (actual time=0.018..0.019 rows=1 loops=1)
                                 Buckets: 1024  Batches: 1  Memory Usage: 9kB
                                 Buffers: shared hit=1
                                 ->  Seq Scan on role_type rt  (cost=0.00..1.15 rows=1 width=4) (actual time=0.011..0.012 rows=1 loops=1)
                                       Filter: ((role)::text = 'costume designer'::text)
                                       Rows Removed by Filter: 11
                                       Buffers: shared hit=1
                     ->  Index Scan using name_pkey on name n  (cost=0.43..2.32 rows=1 width=4) (actual time=0.034..0.034 rows=0 loops=27132)
                           Index Cond: (id = ci.person_id)
                           Filter: ((gender)::text = 'm'::text)
                           Rows Removed by Filter: 1
                           Buffers: shared hit=104813 read=3715
 Planning:
   Buffers: shared hit=574
 Planning Time: 14.261 ms
 Execution Time: 36632.769 ms
(73 rows)

