                                                                                                                        QUERY PLAN                                                                                                                         
-----------------------------------------------------------------------------------------------------------------------------------------------------------------------------------------------------------------------------------------------------------
 Aggregate  (cost=500081.73..500081.74 rows=1 width=8) (actual time=50732.483..50732.500 rows=1 loops=1)
   Buffers: shared hit=4799568 read=467442
   ->  Nested Loop  (cost=4697.66..500081.72 rows=3 width=0) (actual time=75.933..50722.042 rows=25373 loops=1)
         Buffers: shared hit=4799568 read=467442
         ->  Seq Scan on info_type it2  (cost=0.00..2.41 rows=1 width=4) (actual time=0.046..0.057 rows=1 loops=1)
               Filter: (id = 5)
               Rows Removed by Filter: 112
               Buffers: shared hit=1
         ->  Nested Loop  (cost=4697.66..500079.28 rows=3 width=4) (actual time=75.885..50714.787 rows=25373 loops=1)
               Buffers: shared hit=4799567 read=467442
               ->  Seq Scan on info_type it1  (cost=0.00..2.41 rows=1 width=4) (actual time=0.012..0.025 rows=1 loops=1)
                     Filter: (id = 3)
                     Rows Removed by Filter: 112
                     Buffers: shared hit=1
               ->  Nested Loop  (cost=4697.66..500076.83 rows=3 width=8) (actual time=75.870..50707.027 rows=25373 loops=1)
                     Buffers: shared hit=4799566 read=467442
                     ->  Hash Join  (cost=4697.23..500058.28 rows=8 width=12) (actual time=35.153..48995.685 rows=45906 loops=1)
                           Hash Cond: (ci.role_id = rt.id)
                           Buffers: shared hit=4628919 read=454465
                           ->  Nested Loop  (cost=4696.07..500056.76 rows=100 width=16) (actual time=34.819..48262.278 rows=3972917 loops=1)
                                 Buffers: shared hit=4628918 read=454465
                                 ->  Nested Loop  (cost=4695.63..499750.62 rows=7 width=20) (actual time=34.751..11153.889 rows=45077 loops=1)
                                       Buffers: shared hit=920653 read=157331
                                       ->  Hash Join  (cost=4695.20..486559.74 rows=311 width=12) (actual time=23.121..3010.230 rows=44480 loops=1)
                                             Hash Cond: (t.kind_id = kt.id)
                                             Buffers: shared hit=230794 read=41879
                                             ->  Nested Loop  (cost=4694.06..486555.55 rows=725 width=16) (actual time=21.803..2981.195 rows=49124 loops=1)
                                                   Buffers: shared hit=230793 read=41879
                                                   ->  Bitmap Heap Scan on movie_info mi2  (cost=4693.63..477951.52 rows=1052 width=8) (actual time=21.328..633.090 rows=63275 loops=1)
                                                         Recheck Cond: (info_type_id = 5)
                                                         Filter: ((info)::text = ANY ('{Argentina:Atp,Australia:MA,"Hong Kong:IIB",Netherlands:16,Portugal:M/12,Singapore:PG,Switzerland:12,Switzerland:14,Switzerland:7,UK:15,"USA:Not Rated"}'::text[]))
                                                         Rows Removed by Filter: 423279
                                                         Heap Blocks: exact=19164
                                                         Buffers: shared hit=4053 read=15519
                                                         ->  Bitmap Index Scan on info_type_id_movie_info  (cost=0.00..4693.37 rows=439058 width=0) (actual time=18.428..18.429 rows=486554 loops=1)
                                                               Index Cond: (info_type_id = 5)
                                                               Buffers: shared read=408
                                                   ->  Index Scan using title_pkey on title t  (cost=0.43..8.18 rows=1 width=8) (actual time=0.036..0.036 rows=1 loops=63275)
                                                         Index Cond: (id = mi2.movie_id)
                                                         Filter: ((production_year <= 2015) AND (1990 < production_year))
                                                         Rows Removed by Filter: 0
                                                         Buffers: shared hit=226740 read=26360
                                             ->  Hash  (cost=1.10..1.10 rows=3 width=4) (actual time=0.018..0.029 rows=3 loops=1)
                                                   Buckets: 1024  Batches: 1  Memory Usage: 9kB
                                                   Buffers: shared hit=1
                                                   ->  Seq Scan on kind_type kt  (cost=0.00..1.10 rows=3 width=4) (actual time=0.010..0.012 rows=3 loops=1)
                                                         Filter: ((kind)::text = ANY ('{episode,movie,"video movie"}'::text[]))
                                                         Rows Removed by Filter: 4
                                                         Buffers: shared hit=1
                                       ->  Index Scan using movie_id_movie_info on movie_info mi1  (cost=0.43..42.40 rows=1 width=8) (actual time=0.181..0.182 rows=1 loops=44480)
                                             Index Cond: (movie_id = t.id)
                                             Filter: ((info_type_id = 3) AND ((info)::text = ANY ('{Comedy,Crime,Drama,Horror,Thriller}'::text[])))
                                             Rows Removed by Filter: 80
                                             Buffers: shared hit=689859 read=115452
                                 ->  Index Scan using movie_id_cast_info on cast_info ci  (cost=0.44..43.36 rows=38 width=12) (actual time=0.034..0.798 rows=88 loops=45077)
                                       Index Cond: (movie_id = t.id)
                                       Buffers: shared hit=3708265 read=297134
                           ->  Hash  (cost=1.15..1.15 rows=1 width=4) (actual time=0.017..0.017 rows=1 loops=1)
                                 Buckets: 1024  Batches: 1  Memory Usage: 9kB
                                 Buffers: shared hit=1
                                 ->  Seq Scan on role_type rt  (cost=0.00..1.15 rows=1 width=4) (actual time=0.009..0.011 rows=1 loops=1)
                                       Filter: ((role)::text = 'cinematographer'::text)
                                       Rows Removed by Filter: 11
                                       Buffers: shared hit=1
                     ->  Index Scan using name_pkey on name n  (cost=0.43..2.32 rows=1 width=4) (actual time=0.036..0.036 rows=1 loops=45906)
                           Index Cond: (id = ci.person_id)
                           Filter: ((gender)::text = 'm'::text)
                           Rows Removed by Filter: 0
                           Buffers: shared hit=170647 read=12977
 Planning:
   Buffers: shared hit=483 read=91
 Planning Time: 14.828 ms
 Execution Time: 50733.171 ms
(73 rows)

