                                                                                                 QUERY PLAN                                                                                                 
------------------------------------------------------------------------------------------------------------------------------------------------------------------------------------------------------------
 Aggregate  (cost=464117.80..464117.81 rows=1 width=8) (actual time=67616.862..67616.869 rows=1 loops=1)
   Buffers: shared hit=6379149 read=616613
   ->  Nested Loop  (cost=4697.56..464117.79 rows=3 width=0) (actual time=36.675..67590.395 rows=89488 loops=1)
         Buffers: shared hit=6379149 read=616613
         ->  Seq Scan on info_type it2  (cost=0.00..2.41 rows=1 width=4) (actual time=0.038..0.048 rows=1 loops=1)
               Filter: (id = 5)
               Rows Removed by Filter: 112
               Buffers: shared hit=1
         ->  Nested Loop  (cost=4697.56..464115.35 rows=3 width=4) (actual time=36.635..67569.181 rows=89488 loops=1)
               Buffers: shared hit=6379148 read=616613
               ->  Seq Scan on info_type it1  (cost=0.00..2.41 rows=1 width=4) (actual time=0.009..0.020 rows=1 loops=1)
                     Filter: (id = 3)
                     Rows Removed by Filter: 112
                     Buffers: shared hit=1
               ->  Nested Loop  (cost=4697.56..464112.91 rows=3 width=8) (actual time=36.624..67545.704 rows=89488 loops=1)
                     Buffers: shared hit=6379147 read=616613
                     ->  Hash Join  (cost=4697.13..464096.67 rows=7 width=12) (actual time=36.577..61636.285 rows=158537 loops=1)
                           Hash Cond: (ci.role_id = rt.id)
                           Buffers: shared hit=5789652 read=571960
                           ->  Nested Loop  (cost=4695.96..464095.21 rows=86 width=16) (actual time=36.221..60700.228 rows=4931620 loops=1)
                                 Buffers: shared hit=5789651 read=571960
                                 ->  Nested Loop  (cost=4695.52..463833.25 rows=6 width=20) (actual time=36.177..14053.037 rows=61134 loops=1)
                                       Buffers: shared hit=1197157 read=174637
                                       ->  Hash Join  (cost=4695.09..453399.33 rows=246 width=12) (actual time=19.520..3059.297 rows=59576 loops=1)
                                             Hash Cond: (t.kind_id = kt.id)
                                             Buffers: shared hit=234810 read=42691
                                             ->  Nested Loop  (cost=4693.95..453395.78 rows=574 width=16) (actual time=19.485..3021.431 rows=64208 loops=1)
                                                   Buffers: shared hit=234809 read=42691
                                                   ->  Bitmap Heap Scan on movie_info mi2  (cost=4693.52..448289.04 rows=616 width=8) (actual time=19.441..582.760 rows=64482 loops=1)
                                                         Recheck Cond: (info_type_id = 5)
                                                         Filter: ((info)::text = ANY ('{Argentina:Atp,Canada:PG,Iceland:L,Netherlands:12,Portugal:M/12,Singapore:PG,Sweden:15,Sweden:Btl,USA:PG}'::text[]))
                                                         Rows Removed by Filter: 422072
                                                         Heap Blocks: exact=19164
                                                         Buffers: shared hit=4984 read=14588
                                                         ->  Bitmap Index Scan on info_type_id_movie_info  (cost=0.00..4693.37 rows=439058 width=0) (actual time=16.385..16.385 rows=486554 loops=1)
                                                               Index Cond: (info_type_id = 5)
                                                               Buffers: shared read=408
                                                   ->  Index Scan using title_pkey on title t  (cost=0.43..8.29 rows=1 width=8) (actual time=0.037..0.037 rows=1 loops=64482)
                                                         Index Cond: (id = mi2.movie_id)
                                                         Filter: ((production_year <= 2015) AND (1925 < production_year))
                                                         Rows Removed by Filter: 0
                                                         Buffers: shared hit=229825 read=28103
                                             ->  Hash  (cost=1.10..1.10 rows=3 width=4) (actual time=0.014..0.015 rows=3 loops=1)
                                                   Buckets: 1024  Batches: 1  Memory Usage: 9kB
                                                   Buffers: shared hit=1
                                                   ->  Seq Scan on kind_type kt  (cost=0.00..1.10 rows=3 width=4) (actual time=0.007..0.009 rows=3 loops=1)
                                                         Filter: ((kind)::text = ANY ('{episode,movie,"video movie"}'::text[]))
                                                         Rows Removed by Filter: 4
                                                         Buffers: shared hit=1
                                       ->  Index Scan using movie_id_movie_info on movie_info mi1  (cost=0.43..42.40 rows=1 width=8) (actual time=0.182..0.184 rows=1 loops=59576)
                                             Index Cond: (movie_id = t.id)
                                             Filter: ((info_type_id = 3) AND ((info)::text = ANY ('{Action,Animation,Comedy,Crime,Drama,Romance}'::text[])))
                                             Rows Removed by Filter: 77
                                             Buffers: shared hit=962347 read=131946
                                 ->  Index Scan using movie_id_cast_info on cast_info ci  (cost=0.44..43.28 rows=38 width=12) (actual time=0.037..0.739 rows=81 loops=61134)
                                       Index Cond: (movie_id = t.id)
                                       Buffers: shared hit=4592494 read=397323
                           ->  Hash  (cost=1.15..1.15 rows=1 width=4) (actual time=0.013..0.014 rows=1 loops=1)
                                 Buckets: 1024  Batches: 1  Memory Usage: 9kB
                                 Buffers: shared hit=1
                                 ->  Seq Scan on role_type rt  (cost=0.00..1.15 rows=1 width=4) (actual time=0.008..0.009 rows=1 loops=1)
                                       Filter: ((role)::text = 'writer'::text)
                                       Rows Removed by Filter: 11
                                       Buffers: shared hit=1
                     ->  Index Scan using name_pkey on name n  (cost=0.43..2.32 rows=1 width=4) (actual time=0.036..0.036 rows=1 loops=158537)
                           Index Cond: (id = ci.person_id)
                           Filter: ((gender)::text = 'm'::text)
                           Rows Removed by Filter: 0
                           Buffers: shared hit=589495 read=44653
 Planning:
   Buffers: shared hit=483 read=91
 Planning Time: 12.244 ms
 Execution Time: 67617.424 ms
(73 rows)

