                                                                                                      QUERY PLAN                                                                                                      
----------------------------------------------------------------------------------------------------------------------------------------------------------------------------------------------------------------------
 Aggregate  (cost=460533.75..460533.76 rows=1 width=8) (actual time=2428.699..2428.708 rows=1 loops=1)
   Buffers: shared hit=208293 read=42424
   ->  Nested Loop  (cost=4697.69..460533.74 rows=1 width=0) (actual time=22.223..2428.688 rows=37 loops=1)
         Buffers: shared hit=208293 read=42424
         ->  Hash Join  (cost=4697.26..460531.42 rows=1 width=4) (actual time=22.191..2424.374 rows=145 loops=1)
               Hash Cond: (ci.role_id = rt.id)
               Buffers: shared hit=207870 read=42267
               ->  Nested Loop  (cost=4696.10..460530.21 rows=14 width=8) (actual time=22.129..2424.008 rows=1976 loops=1)
                     Buffers: shared hit=207869 read=42267
                     ->  Nested Loop  (cost=4695.66..460485.33 rows=1 width=12) (actual time=22.095..2401.996 rows=193 loops=1)
                           Buffers: shared hit=206362 read=41296
                           ->  Nested Loop  (cost=4695.66..460482.91 rows=1 width=16) (actual time=22.090..2399.522 rows=193 loops=1)
                                 Buffers: shared hit=206169 read=41296
                                 ->  Nested Loop  (cost=4695.66..460480.49 rows=1 width=20) (actual time=22.070..2396.876 rows=193 loops=1)
                                       Buffers: shared hit=205976 read=41296
                                       ->  Hash Join  (cost=4695.22..458359.23 rows=49 width=12) (actual time=21.883..2373.361 rows=137 loops=1)
                                             Hash Cond: (t.kind_id = kt.id)
                                             Buffers: shared hit=205291 read=39738
                                             ->  Nested Loop  (cost=4694.11..458357.39 rows=173 width=16) (actual time=21.852..2366.483 rows=34614 loops=1)
                                                   Buffers: shared hit=205290 read=39738
                                                   ->  Bitmap Heap Scan on movie_info mi2  (cost=4693.68..448289.19 rows=1238 width=8) (actual time=19.331..498.773 rows=56364 loops=1)
                                                         Recheck Cond: (info_type_id = 5)
                                                         Filter: ((info)::text = ANY ('{Argentina:Atp,Finland:K-12,Finland:K-16,Norway:16,Sweden:15,UK:A,USA:Approved,"West Germany:16","West Germany:18"}'::text[]))
                                                         Rows Removed by Filter: 430190
                                                         Heap Blocks: exact=19164
                                                         Buffers: shared hit=1012 read=18560
                                                         ->  Bitmap Index Scan on info_type_id_movie_info  (cost=0.00..4693.37 rows=439058 width=0) (actual time=16.126..16.127 rows=486554 loops=1)
                                                               Index Cond: (info_type_id = 5)
                                                               Buffers: shared read=408
                                                   ->  Index Scan using title_pkey on title t  (cost=0.43..8.13 rows=1 width=8) (actual time=0.033..0.033 rows=1 loops=56364)
                                                         Index Cond: (id = mi2.movie_id)
                                                         Filter: ((production_year <= 1975) AND (1925 < production_year))
                                                         Rows Removed by Filter: 0
                                                         Buffers: shared hit=204278 read=21178
                                             ->  Hash  (cost=1.09..1.09 rows=2 width=4) (actual time=0.014..0.015 rows=2 loops=1)
                                                   Buckets: 1024  Batches: 1  Memory Usage: 9kB
                                                   Buffers: shared hit=1
                                                   ->  Seq Scan on kind_type kt  (cost=0.00..1.09 rows=2 width=4) (actual time=0.007..0.008 rows=2 loops=1)
                                                         Filter: ((kind)::text = ANY ('{"tv series","video game"}'::text[]))
                                                         Rows Removed by Filter: 5
                                                         Buffers: shared hit=1
                                       ->  Index Scan using movie_id_movie_info on movie_info mi1  (cost=0.43..43.28 rows=1 width=8) (actual time=0.166..0.171 rows=1 loops=137)
                                             Index Cond: (movie_id = t.id)
                                             Filter: ((info_type_id = 3) AND ((info)::text = ANY ('{Action,Adventure,Crime,Drama,Family,Thriller,Western}'::text[])))
                                             Rows Removed by Filter: 56
                                             Buffers: shared hit=685 read=1558
                                 ->  Seq Scan on info_type it1  (cost=0.00..2.41 rows=1 width=4) (actual time=0.005..0.012 rows=1 loops=193)
                                       Filter: (id = 3)
                                       Rows Removed by Filter: 112
                                       Buffers: shared hit=193
                           ->  Seq Scan on info_type it2  (cost=0.00..2.41 rows=1 width=4) (actual time=0.005..0.011 rows=1 loops=193)
                                 Filter: (id = 5)
                                 Rows Removed by Filter: 112
                                 Buffers: shared hit=193
                     ->  Index Scan using movie_id_cast_info on cast_info ci  (cost=0.44..44.50 rows=38 width=12) (actual time=0.035..0.111 rows=10 loops=193)
                           Index Cond: (movie_id = t.id)
                           Buffers: shared hit=1507 read=971
               ->  Hash  (cost=1.15..1.15 rows=1 width=4) (actual time=0.026..0.027 rows=1 loops=1)
                     Buckets: 1024  Batches: 1  Memory Usage: 9kB
                     Buffers: shared hit=1
                     ->  Seq Scan on role_type rt  (cost=0.00..1.15 rows=1 width=4) (actual time=0.019..0.019 rows=1 loops=1)
                           Filter: ((role)::text = 'miscellaneous crew'::text)
                           Rows Removed by Filter: 11
                           Buffers: shared hit=1
         ->  Index Scan using name_pkey on name n  (cost=0.43..2.32 rows=1 width=4) (actual time=0.029..0.029 rows=0 loops=145)
               Index Cond: (id = ci.person_id)
               Filter: ((gender)::text = 'm'::text)
               Rows Removed by Filter: 1
               Buffers: shared hit=423 read=157
 Planning:
   Buffers: shared hit=483 read=91
 Planning Time: 12.656 ms
 Execution Time: 2429.374 ms
(73 rows)

