                                                                                                             QUERY PLAN                                                                                                              
-------------------------------------------------------------------------------------------------------------------------------------------------------------------------------------------------------------------------------------
 Aggregate  (cost=511839.16..511839.17 rows=1 width=8) (actual time=61322.855..61322.863 rows=1 loops=1)
   Buffers: shared hit=5909981 read=457161
   ->  Nested Loop  (cost=4697.63..511839.15 rows=2 width=0) (actual time=47.649..61314.895 rows=16150 loops=1)
         Buffers: shared hit=5909981 read=457161
         ->  Seq Scan on info_type it2  (cost=0.00..2.41 rows=1 width=4) (actual time=0.049..0.060 rows=1 loops=1)
               Filter: (id = 5)
               Rows Removed by Filter: 112
               Buffers: shared hit=1
         ->  Nested Loop  (cost=4697.63..511836.72 rows=2 width=4) (actual time=47.598..61309.899 rows=16150 loops=1)
               Buffers: shared hit=5909980 read=457161
               ->  Seq Scan on info_type it1  (cost=0.00..2.41 rows=1 width=4) (actual time=0.009..0.022 rows=1 loops=1)
                     Filter: (id = 3)
                     Rows Removed by Filter: 112
                     Buffers: shared hit=1
               ->  Nested Loop  (cost=4697.63..511834.29 rows=2 width=8) (actual time=47.586..61304.595 rows=16150 loops=1)
                     Buffers: shared hit=5909979 read=457161
                     ->  Hash Join  (cost=4697.20..511815.73 rows=8 width=12) (actual time=21.449..59456.202 rows=49638 loops=1)
                           Hash Cond: (ci.role_id = rt.id)
                           Buffers: shared hit=5715590 read=452998
                           ->  Nested Loop  (cost=4696.03..511814.22 rows=100 width=16) (actual time=21.032..58480.056 rows=5086685 loops=1)
                                 Buffers: shared hit=5715589 read=452998
                                 ->  Nested Loop  (cost=4695.59..511508.07 rows=7 width=20) (actual time=20.995..11017.253 rows=57440 loops=1)
                                       Buffers: shared hit=894723 read=144063
                                       ->  Hash Join  (cost=4695.16..500198.58 rows=266 width=12) (actual time=19.911..3075.440 rows=39740 loops=1)
                                             Hash Cond: (t.kind_id = kt.id)
                                             Buffers: shared hit=244228 read=32405
                                             ->  Nested Loop  (cost=4694.03..500194.82 rows=622 width=16) (actual time=19.419..3045.587 rows=46870 loops=1)
                                                   Buffers: shared hit=244227 read=32405
                                                   ->  Bitmap Heap Scan on movie_info mi2  (cost=4693.60..492782.67 rows=902 width=8) (actual time=19.319..648.079 rows=64265 loops=1)
                                                         Recheck Cond: (info_type_id = 5)
                                                         Filter: ((info)::text = ANY ('{Australia:M,Australia:MA,Canada:PG,Germany:18,Iceland:12,Netherlands:16,Norway:15,Portugal:M/12,Switzerland:7,UK:15,UK:18,UK:R18}'::text[]))
                                                         Rows Removed by Filter: 422289
                                                         Heap Blocks: exact=19164
                                                         Buffers: shared hit=7352 read=12220
                                                         ->  Bitmap Index Scan on info_type_id_movie_info  (cost=0.00..4693.37 rows=439058 width=0) (actual time=16.659..16.659 rows=486554 loops=1)
                                                               Index Cond: (info_type_id = 5)
                                                               Buffers: shared hit=408
                                                   ->  Index Scan using title_pkey on title t  (cost=0.43..8.22 rows=1 width=8) (actual time=0.036..0.036 rows=1 loops=64265)
                                                         Index Cond: (id = mi2.movie_id)
                                                         Filter: ((production_year <= 2015) AND (1990 < production_year))
                                                         Rows Removed by Filter: 0
                                                         Buffers: shared hit=236875 read=20185
                                             ->  Hash  (cost=1.10..1.10 rows=3 width=4) (actual time=0.020..0.021 rows=3 loops=1)
                                                   Buckets: 1024  Batches: 1  Memory Usage: 9kB
                                                   Buffers: shared hit=1
                                                   ->  Seq Scan on kind_type kt  (cost=0.00..1.10 rows=3 width=4) (actual time=0.010..0.012 rows=3 loops=1)
                                                         Filter: ((kind)::text = ANY ('{episode,movie,"video movie"}'::text[]))
                                                         Rows Removed by Filter: 4
                                                         Buffers: shared hit=1
                                       ->  Index Scan using movie_id_movie_info on movie_info mi1  (cost=0.43..42.51 rows=1 width=8) (actual time=0.197..0.199 rows=1 loops=39740)
                                             Index Cond: (movie_id = t.id)
                                             Filter: ((info_type_id = 3) AND ((info)::text = ANY ('{Action,Adult,Comedy,Crime,Drama,Horror,Thriller}'::text[])))
                                             Rows Removed by Filter: 88
                                             Buffers: shared hit=650495 read=111658
                                 ->  Index Scan using movie_id_cast_info on cast_info ci  (cost=0.44..43.36 rows=38 width=12) (actual time=0.037..0.800 rows=89 loops=57440)
                                       Index Cond: (movie_id = t.id)
                                       Buffers: shared hit=4820866 read=308935
                           ->  Hash  (cost=1.15..1.15 rows=1 width=4) (actual time=0.018..0.019 rows=1 loops=1)
                                 Buckets: 1024  Batches: 1  Memory Usage: 9kB
                                 Buffers: shared hit=1
                                 ->  Seq Scan on role_type rt  (cost=0.00..1.15 rows=1 width=4) (actual time=0.011..0.012 rows=1 loops=1)
                                       Filter: ((role)::text = 'costume designer'::text)
                                       Rows Removed by Filter: 11
                                       Buffers: shared hit=1
                     ->  Index Scan using name_pkey on name n  (cost=0.43..2.32 rows=1 width=4) (actual time=0.036..0.036 rows=0 loops=49638)
                           Index Cond: (id = ci.person_id)
                           Filter: ((gender)::text = 'f'::text)
                           Rows Removed by Filter: 1
                           Buffers: shared hit=194389 read=4163
 Planning:
   Buffers: shared hit=574
 Planning Time: 13.113 ms
 Execution Time: 61323.560 ms
(73 rows)

