                                                                                             QUERY PLAN                                                                                              
-----------------------------------------------------------------------------------------------------------------------------------------------------------------------------------------------------
 Aggregate  (cost=393290.32..393290.33 rows=1 width=8) (actual time=12104.851..12104.859 rows=1 loops=1)
   Buffers: shared hit=1049671 read=178235
   ->  Nested Loop  (cost=4697.49..393290.32 rows=1 width=0) (actual time=70.388..12103.928 rows=2496 loops=1)
         Buffers: shared hit=1049671 read=178235
         ->  Hash Join  (cost=4697.06..393288.00 rows=1 width=4) (actual time=36.781..11848.501 rows=7323 loops=1)
               Hash Cond: (ci.role_id = rt.id)
               Buffers: shared hit=1020912 read=177702
               ->  Nested Loop  (cost=4695.90..393286.79 rows=14 width=8) (actual time=31.889..11748.003 rows=619326 loops=1)
                     Buffers: shared hit=1020911 read=177702
                     ->  Nested Loop  (cost=4695.46..393242.24 rows=1 width=12) (actual time=31.854..5793.642 rows=15348 loops=1)
                           Buffers: shared hit=433304 read=110542
                           ->  Nested Loop  (cost=4695.46..393239.82 rows=1 width=16) (actual time=31.849..5461.002 rows=15348 loops=1)
                                 Buffers: shared hit=417956 read=110542
                                 ->  Nested Loop  (cost=4695.46..393237.39 rows=1 width=20) (actual time=31.831..5118.617 rows=15348 loops=1)
                                       Buffers: shared hit=402608 read=110542
                                       ->  Hash Join  (cost=4695.03..392035.71 rows=28 width=12) (actual time=31.694..1629.000 rows=21963 loops=1)
                                             Hash Cond: (t.kind_id = kt.id)
                                             Buffers: shared hit=120793 read=35420
                                             ->  Nested Loop  (cost=4693.89..392034.30 rows=66 width=16) (actual time=22.309..1617.580 rows=22081 loops=1)
                                                   Buffers: shared hit=120792 read=35420
                                                   ->  Bitmap Heap Scan on movie_info mi2  (cost=4693.46..388964.24 rows=367 width=8) (actual time=20.531..450.608 rows=34160 loops=1)
                                                         Recheck Cond: (info_type_id = 5)
                                                         Filter: ((info)::text = ANY ('{Argentina:13,Finland:K-12,UK:U,USA:Approved,"West Germany:12"}'::text[]))
                                                         Rows Removed by Filter: 452394
                                                         Heap Blocks: exact=19164
                                                         Buffers: shared hit=1739 read=17833
                                                         ->  Bitmap Index Scan on info_type_id_movie_info  (cost=0.00..4693.37 rows=439058 width=0) (actual time=16.822..16.823 rows=486554 loops=1)
                                                               Index Cond: (info_type_id = 5)
                                                               Buffers: shared read=408
                                                   ->  Index Scan using title_pkey on title t  (cost=0.43..8.37 rows=1 width=8) (actual time=0.034..0.034 rows=1 loops=34160)
                                                         Index Cond: (id = mi2.movie_id)
                                                         Filter: ((production_year <= 1975) AND (1875 < production_year))
                                                         Rows Removed by Filter: 0
                                                         Buffers: shared hit=119053 read=17587
                                             ->  Hash  (cost=1.10..1.10 rows=3 width=4) (actual time=0.017..0.018 rows=3 loops=1)
                                                   Buckets: 1024  Batches: 1  Memory Usage: 9kB
                                                   Buffers: shared hit=1
                                                   ->  Seq Scan on kind_type kt  (cost=0.00..1.10 rows=3 width=4) (actual time=0.008..0.009 rows=3 loops=1)
                                                         Filter: ((kind)::text = ANY ('{episode,movie,"tv movie"}'::text[]))
                                                         Rows Removed by Filter: 4
                                                         Buffers: shared hit=1
                                       ->  Index Scan using movie_id_movie_info on movie_info mi1  (cost=0.43..42.91 rows=1 width=8) (actual time=0.158..0.158 rows=1 loops=21963)
                                             Index Cond: (movie_id = t.id)
                                             Filter: ((info_type_id = 3) AND ((info)::text = ANY ('{Documentary,Drama,Family,Romance}'::text[])))
                                             Rows Removed by Filter: 38
                                             Buffers: shared hit=281815 read=75122
                                 ->  Seq Scan on info_type it1  (cost=0.00..2.41 rows=1 width=4) (actual time=0.011..0.020 rows=1 loops=15348)
                                       Filter: (id = 3)
                                       Rows Removed by Filter: 112
                                       Buffers: shared hit=15348
                           ->  Seq Scan on info_type it2  (cost=0.00..2.41 rows=1 width=4) (actual time=0.011..0.020 rows=1 loops=15348)
                                 Filter: (id = 5)
                                 Rows Removed by Filter: 112
                                 Buffers: shared hit=15348
                     ->  Index Scan using movie_id_cast_info on cast_info ci  (cost=0.44..44.17 rows=38 width=12) (actual time=0.036..0.377 rows=40 loops=15348)
                           Index Cond: (movie_id = t.id)
                           Buffers: shared hit=587607 read=67160
               ->  Hash  (cost=1.15..1.15 rows=1 width=4) (actual time=0.031..0.032 rows=1 loops=1)
                     Buckets: 1024  Batches: 1  Memory Usage: 9kB
                     Buffers: shared hit=1
                     ->  Seq Scan on role_type rt  (cost=0.00..1.15 rows=1 width=4) (actual time=0.024..0.025 rows=1 loops=1)
                           Filter: ((role)::text = 'costume designer'::text)
                           Rows Removed by Filter: 11
                           Buffers: shared hit=1
         ->  Index Scan using name_pkey on name n  (cost=0.43..2.32 rows=1 width=4) (actual time=0.034..0.034 rows=0 loops=7323)
               Index Cond: (id = ci.person_id)
               Filter: ((gender)::text = ANY ('{f,m}'::text[]))
               Rows Removed by Filter: 1
               Buffers: shared hit=28759 read=533
 Planning:
   Buffers: shared hit=483 read=91
 Planning Time: 13.176 ms
 Execution Time: 12105.447 ms
(73 rows)

