                                                                                             QUERY PLAN                                                                                              
-----------------------------------------------------------------------------------------------------------------------------------------------------------------------------------------------------
 Aggregate  (cost=420314.84..420314.85 rows=1 width=8) (actual time=2552.670..2552.677 rows=1 loops=1)
   Buffers: shared hit=229309 read=33998
   ->  Nested Loop  (cost=4697.42..420314.84 rows=1 width=0) (actual time=1647.414..2552.668 rows=1 loops=1)
         Buffers: shared hit=229309 read=33998
         ->  Hash Join  (cost=4696.99..420312.52 rows=1 width=4) (actual time=21.559..2525.900 rows=829 loops=1)
               Hash Cond: (ci.role_id = rt.id)
               Buffers: shared hit=226703 read=33288
               ->  Nested Loop  (cost=4695.83..420311.31 rows=14 width=8) (actual time=21.467..2509.459 rows=117544 loops=1)
                     Buffers: shared hit=226702 read=33288
                     ->  Nested Loop  (cost=4695.39..420267.57 rows=1 width=12) (actual time=21.427..1447.551 rows=1939 loops=1)
                           Buffers: shared hit=136555 read=10879
                           ->  Nested Loop  (cost=4695.39..420265.15 rows=1 width=16) (actual time=21.422..1411.463 rows=1939 loops=1)
                                 Buffers: shared hit=134616 read=10879
                                 ->  Nested Loop  (cost=4695.39..420262.72 rows=1 width=20) (actual time=21.401..1374.685 rows=1939 loops=1)
                                       Buffers: shared hit=132677 read=10879
                                       ->  Hash Join  (cost=4694.95..419287.19 rows=23 width=12) (actual time=21.243..1141.057 rows=1926 loops=1)
                                             Hash Cond: (t.kind_id = kt.id)
                                             Buffers: shared hit=115079 read=2590
                                             ->  Nested Loop  (cost=4693.82..419285.83 rows=54 width=16) (actual time=21.197..1137.754 rows=14073 loops=1)
                                                   Buffers: shared hit=115078 read=2590
                                                   ->  Bitmap Heap Scan on movie_info mi2  (cost=4693.39..418626.53 rows=78 width=8) (actual time=19.763..386.229 rows=24524 loops=1)
                                                         Recheck Cond: (info_type_id = 5)
                                                         Filter: ((info)::text = ANY ('{Germany:12,"Hong Kong:IIB",Spain:13,Spain:T,Sweden:15,Switzerland:10,USA:T}'::text[]))
                                                         Rows Removed by Filter: 462030
                                                         Heap Blocks: exact=19164
                                                         Buffers: shared hit=19572
                                                         ->  Bitmap Index Scan on info_type_id_movie_info  (cost=0.00..4693.37 rows=439058 width=0) (actual time=16.231..16.231 rows=486554 loops=1)
                                                               Index Cond: (info_type_id = 5)
                                                               Buffers: shared hit=408
                                                   ->  Index Scan using title_pkey on title t  (cost=0.43..8.45 rows=1 width=8) (actual time=0.030..0.030 rows=1 loops=24524)
                                                         Index Cond: (id = mi2.movie_id)
                                                         Filter: ((production_year <= 2015) AND (1990 < production_year))
                                                         Rows Removed by Filter: 0
                                                         Buffers: shared hit=95506 read=2590
                                             ->  Hash  (cost=1.10..1.10 rows=3 width=4) (actual time=0.023..0.023 rows=3 loops=1)
                                                   Buckets: 1024  Batches: 1  Memory Usage: 9kB
                                                   Buffers: shared hit=1
                                                   ->  Seq Scan on kind_type kt  (cost=0.00..1.10 rows=3 width=4) (actual time=0.014..0.015 rows=3 loops=1)
                                                         Filter: ((kind)::text = ANY ('{"tv movie","tv series","video game"}'::text[]))
                                                         Rows Removed by Filter: 4
                                                         Buffers: shared hit=1
                                       ->  Index Scan using movie_id_movie_info on movie_info mi1  (cost=0.43..42.40 rows=1 width=8) (actual time=0.119..0.121 rows=1 loops=1926)
                                             Index Cond: (movie_id = t.id)
                                             Filter: ((info_type_id = 3) AND ((info)::text = ANY ('{Adventure,Comedy,Crime,Drama,Thriller}'::text[])))
                                             Rows Removed by Filter: 27
                                             Buffers: shared hit=17598 read=8289
                                 ->  Seq Scan on info_type it1  (cost=0.00..2.41 rows=1 width=4) (actual time=0.010..0.017 rows=1 loops=1939)
                                       Filter: (id = 3)
                                       Rows Removed by Filter: 112
                                       Buffers: shared hit=1939
                           ->  Seq Scan on info_type it2  (cost=0.00..2.41 rows=1 width=4) (actual time=0.009..0.017 rows=1 loops=1939)
                                 Filter: (id = 5)
                                 Rows Removed by Filter: 112
                                 Buffers: shared hit=1939
                     ->  Index Scan using movie_id_cast_info on cast_info ci  (cost=0.44..43.36 rows=38 width=12) (actual time=0.033..0.534 rows=61 loops=1939)
                           Index Cond: (movie_id = t.id)
                           Buffers: shared hit=90147 read=22409
               ->  Hash  (cost=1.15..1.15 rows=1 width=4) (actual time=0.038..0.039 rows=1 loops=1)
                     Buckets: 1024  Batches: 1  Memory Usage: 9kB
                     Buffers: shared hit=1
                     ->  Seq Scan on role_type rt  (cost=0.00..1.15 rows=1 width=4) (actual time=0.028..0.030 rows=1 loops=1)
                           Filter: ((role)::text = 'cinematographer'::text)
                           Rows Removed by Filter: 11
                           Buffers: shared hit=1
         ->  Index Scan using name_pkey on name n  (cost=0.43..2.32 rows=1 width=4) (actual time=0.032..0.032 rows=0 loops=829)
               Index Cond: (id = ci.person_id)
               Filter: ((gender)::text = 'f'::text)
               Rows Removed by Filter: 1
               Buffers: shared hit=2606 read=710
 Planning:
   Buffers: shared hit=574
 Planning Time: 12.590 ms
 Execution Time: 2553.327 ms
(73 rows)

