                                                                                             QUERY PLAN                                                                                              
-----------------------------------------------------------------------------------------------------------------------------------------------------------------------------------------------------
 Aggregate  (cost=437151.21..437151.22 rows=1 width=8) (actual time=47874.901..47874.908 rows=1 loops=1)
   Buffers: shared hit=4426981 read=551644
   ->  Nested Loop  (cost=4697.62..437151.21 rows=2 width=0) (actual time=39.906..47867.668 rows=21369 loops=1)
         Buffers: shared hit=4426981 read=551644
         ->  Seq Scan on info_type it2  (cost=0.00..2.41 rows=1 width=4) (actual time=0.042..0.051 rows=1 loops=1)
               Filter: (id = 5)
               Rows Removed by Filter: 112
               Buffers: shared hit=1
         ->  Nested Loop  (cost=4697.62..437148.78 rows=2 width=4) (actual time=39.863..47862.117 rows=21369 loops=1)
               Buffers: shared hit=4426980 read=551644
               ->  Seq Scan on info_type it1  (cost=0.00..2.41 rows=1 width=4) (actual time=0.008..0.019 rows=1 loops=1)
                     Filter: (id = 3)
                     Rows Removed by Filter: 112
                     Buffers: shared hit=1
               ->  Nested Loop  (cost=4697.62..437146.34 rows=2 width=8) (actual time=39.852..47856.270 rows=21369 loops=1)
                     Buffers: shared hit=4426979 read=551644
                     ->  Hash Join  (cost=4697.19..437127.79 rows=8 width=12) (actual time=18.268..39107.848 rows=240751 loops=1)
                           Hash Cond: (ci.role_id = rt.id)
                           Buffers: shared hit=3515834 read=499785
                           ->  Nested Loop  (cost=4696.03..437126.27 rows=100 width=16) (actual time=18.211..38500.506 rows=3035681 loops=1)
                                 Buffers: shared hit=3515833 read=499785
                                 ->  Nested Loop  (cost=4695.59..436820.13 rows=7 width=20) (actual time=18.168..9365.055 rows=39860 loops=1)
                                       Buffers: shared hit=804016 read=132292
                                       ->  Hash Join  (cost=4695.15..425834.80 rows=259 width=12) (actual time=18.108..2470.325 rows=37228 loops=1)
                                             Hash Cond: (t.kind_id = kt.id)
                                             Buffers: shared hit=218964 read=23765
                                             ->  Nested Loop  (cost=4694.02..425831.12 rows=604 width=16) (actual time=18.071..2446.757 rows=41844 loops=1)
                                                   Buffers: shared hit=218963 read=23765
                                                   ->  Bitmap Heap Scan on movie_info mi2  (cost=4693.59..418626.73 rows=876 width=8) (actual time=17.679..489.948 rows=55789 loops=1)
                                                         Recheck Cond: (info_type_id = 5)
                                                         Filter: ((info)::text = ANY ('{Australia:MA,Germany:12,Portugal:M/12,"South Korea:18",UK:15,"USA:Not Rated",USA:R}'::text[]))
                                                         Rows Removed by Filter: 430765
                                                         Heap Blocks: exact=19164
                                                         Buffers: shared hit=13183 read=6389
                                                         ->  Bitmap Index Scan on info_type_id_movie_info  (cost=0.00..4693.37 rows=439058 width=0) (actual time=14.880..14.880 rows=486554 loops=1)
                                                               Index Cond: (info_type_id = 5)
                                                               Buffers: shared hit=408
                                                   ->  Index Scan using title_pkey on title t  (cost=0.43..8.22 rows=1 width=8) (actual time=0.034..0.034 rows=1 loops=55789)
                                                         Index Cond: (id = mi2.movie_id)
                                                         Filter: ((production_year <= 2015) AND (1990 < production_year))
                                                         Rows Removed by Filter: 0
                                                         Buffers: shared hit=205780 read=17376
                                             ->  Hash  (cost=1.10..1.10 rows=3 width=4) (actual time=0.016..0.017 rows=3 loops=1)
                                                   Buckets: 1024  Batches: 1  Memory Usage: 9kB
                                                   Buffers: shared hit=1
                                                   ->  Seq Scan on kind_type kt  (cost=0.00..1.10 rows=3 width=4) (actual time=0.009..0.010 rows=3 loops=1)
                                                         Filter: ((kind)::text = ANY ('{episode,movie,"video movie"}'::text[]))
                                                         Rows Removed by Filter: 4
                                                         Buffers: shared hit=1
                                       ->  Index Scan using movie_id_movie_info on movie_info mi1  (cost=0.43..42.40 rows=1 width=8) (actual time=0.183..0.184 rows=1 loops=37228)
                                             Index Cond: (movie_id = t.id)
                                             Filter: ((info_type_id = 3) AND ((info)::text = ANY ('{Comedy,Documentary,Drama,Horror,Romance}'::text[])))
                                             Rows Removed by Filter: 75
                                             Buffers: shared hit=585052 read=108527
                                 ->  Index Scan using movie_id_cast_info on cast_info ci  (cost=0.44..43.36 rows=38 width=12) (actual time=0.036..0.709 rows=76 loops=39860)
                                       Index Cond: (movie_id = t.id)
                                       Buffers: shared hit=2711817 read=367493
                           ->  Hash  (cost=1.15..1.15 rows=1 width=4) (actual time=0.020..0.021 rows=1 loops=1)
                                 Buckets: 1024  Batches: 1  Memory Usage: 9kB
                                 Buffers: shared hit=1
                                 ->  Seq Scan on role_type rt  (cost=0.00..1.15 rows=1 width=4) (actual time=0.009..0.010 rows=1 loops=1)
                                       Filter: ((role)::text = 'producer'::text)
                                       Rows Removed by Filter: 11
                                       Buffers: shared hit=1
                     ->  Index Scan using name_pkey on name n  (cost=0.43..2.32 rows=1 width=4) (actual time=0.036..0.036 rows=0 loops=240751)
                           Index Cond: (id = ci.person_id)
                           Filter: ((gender)::text = 'f'::text)
                           Rows Removed by Filter: 1
                           Buffers: shared hit=911145 read=51859
 Planning:
   Buffers: shared hit=574
 Planning Time: 10.492 ms
 Execution Time: 47875.488 ms
(73 rows)

