                                                                                               QUERY PLAN                                                                                                
---------------------------------------------------------------------------------------------------------------------------------------------------------------------------------------------------------
 Aggregate  (cost=478794.47..478794.48 rows=1 width=8) (actual time=8116.337..8116.343 rows=1 loops=1)
   Buffers: shared hit=674271 read=169208
   ->  Nested Loop  (cost=4697.71..478794.45 rows=10 width=0) (actual time=24.180..8115.903 rows=1060 loops=1)
         Buffers: shared hit=674271 read=169208
         ->  Seq Scan on info_type it2  (cost=0.00..2.41 rows=1 width=4) (actual time=0.047..0.057 rows=1 loops=1)
               Filter: (id = 5)
               Rows Removed by Filter: 112
               Buffers: shared hit=1
         ->  Nested Loop  (cost=4697.71..478791.94 rows=10 width=4) (actual time=24.132..8115.582 rows=1060 loops=1)
               Buffers: shared hit=674270 read=169208
               ->  Seq Scan on info_type it1  (cost=0.00..2.41 rows=1 width=4) (actual time=0.008..0.020 rows=1 loops=1)
                     Filter: (id = 3)
                     Rows Removed by Filter: 112
                     Buffers: shared hit=1
               ->  Nested Loop  (cost=4697.71..478789.42 rows=10 width=8) (actual time=24.121..8115.279 rows=1060 loops=1)
                     Buffers: shared hit=674269 read=169208
                     ->  Hash Join  (cost=4697.28..478689.68 rows=43 width=12) (actual time=23.051..7790.082 rows=9389 loops=1)
                           Hash Cond: (ci.role_id = rt.id)
                           Buffers: shared hit=639214 read=166707
                           ->  Nested Loop  (cost=4696.10..478687.59 rows=258 width=16) (actual time=21.383..7732.299 rows=380029 loops=1)
                                 Buffers: shared hit=639213 read=166707
                                 ->  Nested Loop  (cost=4695.66..477901.71 rows=18 width=20) (actual time=21.343..4000.086 rows=10253 loops=1)
                                       Buffers: shared hit=323073 read=85029
                                       ->  Hash Join  (cost=4695.23..457900.44 rows=471 width=12) (actual time=21.020..2743.789 rows=9036 loops=1)
                                             Hash Cond: (t.kind_id = kt.id)
                                             Buffers: shared hit=241814 read=39863
                                             ->  Nested Loop  (cost=4694.09..457894.68 rows=1099 width=16) (actual time=20.976..2727.743 rows=64923 loops=1)
                                                   Buffers: shared hit=241813 read=39863
                                                   ->  Bitmap Heap Scan on movie_info mi2  (cost=4693.66..448289.18 rows=1179 width=8) (actual time=20.927..529.470 rows=65526 loops=1)
                                                         Recheck Cond: (info_type_id = 5)
                                                         Filter: ((info)::text = ANY ('{Argentina:16,Australia:M,Belgium:KT,Finland:K-16,Germany:16,Iceland:L,Netherlands:AL,Sweden:15,UK:15}'::text[]))
                                                         Rows Removed by Filter: 421028
                                                         Heap Blocks: exact=19164
                                                         Buffers: shared hit=1759 read=17813
                                                         ->  Bitmap Index Scan on info_type_id_movie_info  (cost=0.00..4693.37 rows=439058 width=0) (actual time=18.260..18.261 rows=486554 loops=1)
                                                               Index Cond: (info_type_id = 5)
                                                               Buffers: shared read=408
                                                   ->  Index Scan using title_pkey on title t  (cost=0.43..8.15 rows=1 width=8) (actual time=0.033..0.033 rows=1 loops=65526)
                                                         Index Cond: (id = mi2.movie_id)
                                                         Filter: ((production_year <= 2015) AND (1925 < production_year))
                                                         Rows Removed by Filter: 0
                                                         Buffers: shared hit=240054 read=22050
                                             ->  Hash  (cost=1.10..1.10 rows=3 width=4) (actual time=0.019..0.020 rows=3 loops=1)
                                                   Buckets: 1024  Batches: 1  Memory Usage: 9kB
                                                   Buffers: shared hit=1
                                                   ->  Seq Scan on kind_type kt  (cost=0.00..1.10 rows=3 width=4) (actual time=0.011..0.013 rows=3 loops=1)
                                                         Filter: ((kind)::text = ANY ('{"tv movie","tv series","video game"}'::text[]))
                                                         Rows Removed by Filter: 4
                                                         Buffers: shared hit=1
                                       ->  Index Scan using movie_id_movie_info on movie_info mi1  (cost=0.43..42.46 rows=1 width=8) (actual time=0.136..0.138 rows=1 loops=9036)
                                             Index Cond: (movie_id = t.id)
                                             Filter: ((info_type_id = 3) AND ((info)::text = ANY ('{Action,Comedy,Crime,Drama,Mystery,Romance,Short}'::text[])))
                                             Rows Removed by Filter: 27
                                             Buffers: shared hit=81259 read=45166
                                 ->  Index Scan using movie_id_cast_info on cast_info ci  (cost=0.44..43.28 rows=38 width=12) (actual time=0.037..0.355 rows=37 loops=10253)
                                       Index Cond: (movie_id = t.id)
                                       Buffers: shared hit=316140 read=81678
                           ->  Hash  (cost=1.15..1.15 rows=2 width=4) (actual time=0.018..0.019 rows=2 loops=1)
                                 Buckets: 1024  Batches: 1  Memory Usage: 9kB
                                 Buffers: shared hit=1
                                 ->  Seq Scan on role_type rt  (cost=0.00..1.15 rows=2 width=4) (actual time=0.011..0.012 rows=2 loops=1)
                                       Filter: ((role)::text = ANY ('{"costume designer","production designer"}'::text[]))
                                       Rows Removed by Filter: 10
                                       Buffers: shared hit=1
                     ->  Index Scan using name_pkey on name n  (cost=0.43..2.32 rows=1 width=4) (actual time=0.034..0.034 rows=0 loops=9389)
                           Index Cond: (id = ci.person_id)
                           Filter: ((gender)::text = 'f'::text)
                           Rows Removed by Filter: 1
                           Buffers: shared hit=35055 read=2501
 Planning:
   Buffers: shared hit=520 read=54
 Planning Time: 14.067 ms
 Execution Time: 8117.006 ms
(73 rows)

