                                                                                             QUERY PLAN                                                                                              
-----------------------------------------------------------------------------------------------------------------------------------------------------------------------------------------------------
 Aggregate  (cost=414217.65..414217.66 rows=1 width=8) (actual time=2393.964..2393.973 rows=1 loops=1)
   Buffers: shared hit=234593 read=12314
   ->  Nested Loop  (cost=4697.62..414217.65 rows=1 width=0) (actual time=25.003..2393.855 rows=656 loops=1)
         Buffers: shared hit=234593 read=12314
         ->  Nested Loop  (cost=4697.62..414215.23 rows=1 width=4) (actual time=24.997..2383.884 rows=656 loops=1)
               Buffers: shared hit=233937 read=12314
               ->  Nested Loop  (cost=4697.62..414212.81 rows=1 width=8) (actual time=24.976..2373.420 rows=656 loops=1)
                     Buffers: shared hit=233281 read=12314
                     ->  Hash Join  (cost=4697.19..414208.17 rows=2 width=12) (actual time=24.931..2351.229 rows=656 loops=1)
                           Hash Cond: (ci.role_id = rt.id)
                           Buffers: shared hit=231193 read=11778
                           ->  Nested Loop  (cost=4696.03..414206.91 rows=29 width=16) (actual time=24.864..2350.531 rows=3239 loops=1)
                                 Buffers: shared hit=231192 read=11778
                                 ->  Nested Loop  (cost=4695.59..414117.80 rows=2 width=20) (actual time=24.824..2317.878 rows=249 loops=1)
                                       Buffers: shared hit=228535 read=10580
                                       ->  Hash Join  (cost=4695.16..411145.90 rows=69 width=12) (actual time=24.613..2289.033 rows=159 loops=1)
                                             Hash Cond: (t.kind_id = kt.id)
                                             Buffers: shared hit=227092 read=9349
                                             ->  Nested Loop  (cost=4694.02..411144.09 rows=162 width=16) (actual time=24.562..2281.603 rows=33040 loops=1)
                                                   Buffers: shared hit=227091 read=9349
                                                   ->  Bitmap Heap Scan on movie_info mi2  (cost=4693.59..403795.55 rows=894 width=8) (actual time=20.699..425.828 rows=54217 loops=1)
                                                         Recheck Cond: (info_type_id = 5)
                                                         Filter: ((info)::text = ANY ('{Argentina:Atp,Finland:S,Sweden:15,UK:PG,USA:Approved,USA:Passed}'::text[]))
                                                         Rows Removed by Filter: 432337
                                                         Heap Blocks: exact=19164
                                                         Buffers: shared hit=19572
                                                         ->  Bitmap Index Scan on info_type_id_movie_info  (cost=0.00..4693.37 rows=439058 width=0) (actual time=17.857..17.857 rows=486554 loops=1)
                                                               Index Cond: (info_type_id = 5)
                                                               Buffers: shared hit=408
                                                   ->  Index Scan using title_pkey on title t  (cost=0.43..8.22 rows=1 width=8) (actual time=0.034..0.034 rows=1 loops=54217)
                                                         Index Cond: (id = mi2.movie_id)
                                                         Filter: ((production_year <= 1975) AND (1875 < production_year))
                                                         Rows Removed by Filter: 0
                                                         Buffers: shared hit=207519 read=9349
                                             ->  Hash  (cost=1.10..1.10 rows=3 width=4) (actual time=0.020..0.021 rows=3 loops=1)
                                                   Buckets: 1024  Batches: 1  Memory Usage: 9kB
                                                   Buffers: shared hit=1
                                                   ->  Seq Scan on kind_type kt  (cost=0.00..1.10 rows=3 width=4) (actual time=0.011..0.012 rows=3 loops=1)
                                                         Filter: ((kind)::text = ANY ('{"tv series","video game","video movie"}'::text[]))
                                                         Rows Removed by Filter: 4
                                                         Buffers: shared hit=1
                                       ->  Index Scan using movie_id_movie_info on movie_info mi1  (cost=0.43..43.06 rows=1 width=8) (actual time=0.175..0.180 rows=2 loops=159)
                                             Index Cond: (movie_id = t.id)
                                             Filter: ((info_type_id = 3) AND ((info)::text = ANY ('{Action,Adventure,Animation,Comedy,Drama,Mystery,Romance}'::text[])))
                                             Rows Removed by Filter: 71
                                             Buffers: shared hit=1443 read=1231
                                 ->  Index Scan using movie_id_cast_info on cast_info ci  (cost=0.44..44.17 rows=38 width=12) (actual time=0.030..0.128 rows=13 loops=249)
                                       Index Cond: (movie_id = t.id)
                                       Buffers: shared hit=2657 read=1198
                           ->  Hash  (cost=1.15..1.15 rows=1 width=4) (actual time=0.036..0.037 rows=1 loops=1)
                                 Buckets: 1024  Batches: 1  Memory Usage: 9kB
                                 Buffers: shared hit=1
                                 ->  Seq Scan on role_type rt  (cost=0.00..1.15 rows=1 width=4) (actual time=0.028..0.030 rows=1 loops=1)
                                       Filter: ((role)::text = 'actress'::text)
                                       Rows Removed by Filter: 11
                                       Buffers: shared hit=1
                     ->  Index Scan using name_pkey on name n  (cost=0.43..2.32 rows=1 width=4) (actual time=0.033..0.033 rows=1 loops=656)
                           Index Cond: (id = ci.person_id)
                           Filter: ((gender)::text = 'f'::text)
                           Buffers: shared hit=2088 read=536
               ->  Seq Scan on info_type it1  (cost=0.00..2.41 rows=1 width=4) (actual time=0.007..0.014 rows=1 loops=656)
                     Filter: (id = 3)
                     Rows Removed by Filter: 112
                     Buffers: shared hit=656
         ->  Seq Scan on info_type it2  (cost=0.00..2.41 rows=1 width=4) (actual time=0.006..0.014 rows=1 loops=656)
               Filter: (id = 5)
               Rows Removed by Filter: 112
               Buffers: shared hit=656
 Planning:
   Buffers: shared hit=574
 Planning Time: 14.780 ms
 Execution Time: 2394.652 ms
(72 rows)

