                                                                                                                           QUERY PLAN                                                                                                                            
-----------------------------------------------------------------------------------------------------------------------------------------------------------------------------------------------------------------------------------------------------------------
 Aggregate  (cost=542949.61..542949.62 rows=1 width=8) (actual time=89207.951..89207.958 rows=1 loops=1)
   Buffers: shared hit=8534079 read=689178
   ->  Nested Loop  (cost=4697.77..542949.60 rows=4 width=0) (actual time=26.233..89077.741 rows=732150 loops=1)
         Buffers: shared hit=8534079 read=689178
         ->  Seq Scan on info_type it2  (cost=0.00..2.41 rows=1 width=4) (actual time=0.047..0.057 rows=1 loops=1)
               Filter: (id = 5)
               Rows Removed by Filter: 112
               Buffers: shared hit=1
         ->  Nested Loop  (cost=4697.77..542947.14 rows=4 width=4) (actual time=26.185..88914.852 rows=732150 loops=1)
               Buffers: shared hit=8534078 read=689178
               ->  Seq Scan on info_type it1  (cost=0.00..2.41 rows=1 width=4) (actual time=0.007..0.019 rows=1 loops=1)
                     Filter: (id = 3)
                     Rows Removed by Filter: 112
                     Buffers: shared hit=1
               ->  Nested Loop  (cost=4697.77..542944.69 rows=4 width=8) (actual time=26.174..88746.914 rows=732150 loops=1)
                     Buffers: shared hit=8534077 read=689178
                     ->  Hash Join  (cost=4697.34..542902.94 rows=18 width=12) (actual time=26.127..62234.009 rows=732512 loops=1)
                           Hash Cond: (ci.role_id = rt.id)
                           Buffers: shared hit=5641129 read=652078
                           ->  Nested Loop  (cost=4696.18..542901.01 rows=215 width=16) (actual time=25.880..61150.750 rows=4894008 loops=1)
                                 Buffers: shared hit=5641128 read=652078
                                 ->  Nested Loop  (cost=4695.74..542246.12 rows=15 width=20) (actual time=25.830..14109.853 rows=64121 loops=1)
                                       Buffers: shared hit=1171227 read=169713
                                       ->  Hash Join  (cost=4695.28..518835.25 rows=553 width=12) (actual time=19.397..3512.908 rows=62956 loops=1)
                                             Hash Cond: (t.kind_id = kt.id)
                                             Buffers: shared hit=277007 read=36650
                                             ->  Nested Loop  (cost=4694.15..518828.68 rows=1291 width=16) (actual time=19.251..3471.370 rows=72680 loops=1)
                                                   Buffers: shared hit=277006 read=36650
                                                   ->  Bitmap Heap Scan on movie_info mi2  (cost=4693.72..507613.97 rows=1385 width=8) (actual time=19.183..642.892 rows=73521 loops=1)
                                                         Recheck Cond: (info_type_id = 5)
                                                         Filter: ((info)::text = ANY ('{Argentina:Atp,Australia:G,Australia:M,Canada:G,"Hong Kong:IIB",Iceland:16,Norway:18,Singapore:M18,Singapore:NC-16,Switzerland:10,USA:G,USA:M,"USA:Not Rated"}'::text[]))
                                                         Rows Removed by Filter: 413033
                                                         Heap Blocks: exact=19164
                                                         Buffers: shared hit=13076 read=6496
                                                         ->  Bitmap Index Scan on info_type_id_movie_info  (cost=0.00..4693.37 rows=439058 width=0) (actual time=16.476..16.477 rows=486554 loops=1)
                                                               Index Cond: (info_type_id = 5)
                                                               Buffers: shared hit=408
                                                   ->  Index Scan using title_pkey on title t  (cost=0.43..8.10 rows=1 width=8) (actual time=0.038..0.038 rows=1 loops=73521)
                                                         Index Cond: (id = mi2.movie_id)
                                                         Filter: ((production_year <= 2015) AND (1925 < production_year))
                                                         Rows Removed by Filter: 0
                                                         Buffers: shared hit=263930 read=30154
                                             ->  Hash  (cost=1.10..1.10 rows=3 width=4) (actual time=0.018..0.019 rows=3 loops=1)
                                                   Buckets: 1024  Batches: 1  Memory Usage: 9kB
                                                   Buffers: shared hit=1
                                                   ->  Seq Scan on kind_type kt  (cost=0.00..1.10 rows=3 width=4) (actual time=0.008..0.010 rows=3 loops=1)
                                                         Filter: ((kind)::text = ANY ('{episode,movie,"video movie"}'::text[]))
                                                         Rows Removed by Filter: 4
                                                         Buffers: shared hit=1
                                       ->  Index Scan using movie_id_movie_info on movie_info mi1  (cost=0.46..42.32 rows=1 width=8) (actual time=0.166..0.167 rows=1 loops=62956)
                                             Index Cond: (movie_id = t.id)
                                             Filter: ((info_type_id = 3) AND ((info)::text = ANY ('{Action,Adventure,Comedy,Crime,Drama,Music,Musical,Mystery,Thriller}'::text[])))
                                             Rows Removed by Filter: 60
                                             Buffers: shared hit=894220 read=133063
                                 ->  Index Scan using movie_id_cast_info on cast_info ci  (cost=0.44..43.28 rows=38 width=12) (actual time=0.038..0.712 rows=76 loops=64121)
                                       Index Cond: (movie_id = t.id)
                                       Buffers: shared hit=4469901 read=482365
                           ->  Hash  (cost=1.15..1.15 rows=1 width=4) (actual time=0.019..0.020 rows=1 loops=1)
                                 Buckets: 1024  Batches: 1  Memory Usage: 9kB
                                 Buffers: shared hit=1
                                 ->  Seq Scan on role_type rt  (cost=0.00..1.15 rows=1 width=4) (actual time=0.009..0.011 rows=1 loops=1)
                                       Filter: ((role)::text = 'actress'::text)
                                       Rows Removed by Filter: 11
                                       Buffers: shared hit=1
                     ->  Index Scan using name_pkey on name n  (cost=0.43..2.32 rows=1 width=4) (actual time=0.035..0.035 rows=1 loops=732512)
                           Index Cond: (id = ci.person_id)
                           Filter: ((gender)::text = 'f'::text)
                           Rows Removed by Filter: 0
                           Buffers: shared hit=2892948 read=37100
 Planning:
   Buffers: shared hit=576 read=1
 Planning Time: 13.624 ms
 Execution Time: 89208.595 ms
(73 rows)

