                                                                                                    QUERY PLAN                                                                                                     
-------------------------------------------------------------------------------------------------------------------------------------------------------------------------------------------------------------------
 Aggregate  (cost=472046.73..472046.74 rows=1 width=8) (actual time=43590.022..43590.029 rows=1 loops=1)
   Buffers: shared hit=4027299 read=440029
   ->  Nested Loop  (cost=4697.67..472046.69 rows=14 width=0) (actual time=82.879..43576.958 rows=43237 loops=1)
         Buffers: shared hit=4027299 read=440029
         ->  Hash Join  (cost=4697.24..471995.66 rows=22 width=4) (actual time=78.599..40545.087 rows=82433 loops=1)
               Hash Cond: (ci.role_id = rt.id)
               Buffers: shared hit=3715934 read=421662
               ->  Nested Loop  (cost=4696.07..471994.03 rows=129 width=8) (actual time=32.812..39936.726 rows=3339184 loops=1)
                     Buffers: shared hit=3715933 read=421662
                     ->  Nested Loop  (cost=4695.63..471600.75 rows=9 width=12) (actual time=32.692..8494.231 rows=36793 loops=1)
                           Buffers: shared hit=627224 read=148966
                           ->  Seq Scan on info_type it2  (cost=0.00..2.41 rows=1 width=4) (actual time=0.035..0.043 rows=1 loops=1)
                                 Filter: (id = 5)
                                 Rows Removed by Filter: 112
                                 Buffers: shared hit=1
                           ->  Nested Loop  (cost=4695.63..471598.24 rows=9 width=16) (actual time=32.655..8483.758 rows=36793 loops=1)
                                 Buffers: shared hit=627223 read=148966
                                 ->  Seq Scan on info_type it1  (cost=0.00..2.41 rows=1 width=4) (actual time=0.008..0.019 rows=1 loops=1)
                                       Filter: (id = 3)
                                       Rows Removed by Filter: 112
                                       Buffers: shared hit=1
                                 ->  Nested Loop  (cost=4695.63..471595.74 rows=9 width=20) (actual time=32.642..8472.997 rows=36793 loops=1)
                                       Buffers: shared hit=627222 read=148966
                                       ->  Hash Join  (cost=4695.19..456723.79 rows=350 width=12) (actual time=22.073..2211.298 rows=32614 loops=1)
                                             Hash Cond: (t.kind_id = kt.id)
                                             Buffers: shared hit=151514 read=38579
                                             ->  Nested Loop  (cost=4694.06..456719.22 rows=816 width=16) (actual time=20.503..2188.723 rows=35345 loops=1)
                                                   Buffers: shared hit=151513 read=38579
                                                   ->  Bitmap Heap Scan on movie_info mi2  (cost=4693.63..448289.14 rows=1030 width=8) (actual time=20.457..581.960 rows=42630 loops=1)
                                                         Recheck Cond: (info_type_id = 5)
                                                         Filter: ((info)::text = ANY ('{Argentina:Atp,Brazil:14,Canada:14A,Finland:K-18,France:U,Germany:o.Al.,"Hong Kong:IIB",UK:15,"West Germany:16"}'::text[]))
                                                         Rows Removed by Filter: 443924
                                                         Heap Blocks: exact=19164
                                                         Buffers: shared hit=4141 read=15431
                                                         ->  Bitmap Index Scan on info_type_id_movie_info  (cost=0.00..4693.37 rows=439058 width=0) (actual time=17.554..17.554 rows=486554 loops=1)
                                                               Index Cond: (info_type_id = 5)
                                                               Buffers: shared read=408
                                                   ->  Index Scan using title_pkey on title t  (cost=0.43..8.18 rows=1 width=8) (actual time=0.037..0.037 rows=1 loops=42630)
                                                         Index Cond: (id = mi2.movie_id)
                                                         Filter: ((production_year <= 2015) AND (1975 < production_year))
                                                         Rows Removed by Filter: 0
                                                         Buffers: shared hit=147372 read=23148
                                             ->  Hash  (cost=1.10..1.10 rows=3 width=4) (actual time=0.021..0.021 rows=3 loops=1)
                                                   Buckets: 1024  Batches: 1  Memory Usage: 9kB
                                                   Buffers: shared hit=1
                                                   ->  Seq Scan on kind_type kt  (cost=0.00..1.10 rows=3 width=4) (actual time=0.010..0.012 rows=3 loops=1)
                                                         Filter: ((kind)::text = ANY ('{episode,movie,"video movie"}'::text[]))
                                                         Rows Removed by Filter: 4
                                                         Buffers: shared hit=1
                                       ->  Index Scan using movie_id_movie_info on movie_info mi1  (cost=0.43..42.48 rows=1 width=8) (actual time=0.190..0.191 rows=1 loops=32614)
                                             Index Cond: (movie_id = t.id)
                                             Filter: ((info_type_id = 3) AND ((info)::text = ANY ('{Action,Adventure,Comedy,Crime,Drama,Mystery,Thriller}'::text[])))
                                             Rows Removed by Filter: 80
                                             Buffers: shared hit=475708 read=110387
                     ->  Index Scan using movie_id_cast_info on cast_info ci  (cost=0.44..43.32 rows=38 width=12) (actual time=0.036..0.830 rows=91 loops=36793)
                           Index Cond: (movie_id = t.id)
                           Buffers: shared hit=3088709 read=272696
               ->  Hash  (cost=1.15..1.15 rows=2 width=4) (actual time=0.035..0.036 rows=2 loops=1)
                     Buckets: 1024  Batches: 1  Memory Usage: 9kB
                     Buffers: shared hit=1
                     ->  Seq Scan on role_type rt  (cost=0.00..1.15 rows=2 width=4) (actual time=0.027..0.029 rows=2 loops=1)
                           Filter: ((role)::text = ANY ('{cinematographer,editor}'::text[]))
                           Rows Removed by Filter: 10
                           Buffers: shared hit=1
         ->  Index Scan using name_pkey on name n  (cost=0.43..2.32 rows=1 width=4) (actual time=0.036..0.036 rows=1 loops=82433)
               Index Cond: (id = ci.person_id)
               Filter: ((gender)::text = ANY ('{f,m}'::text[]))
               Rows Removed by Filter: 0
               Buffers: shared hit=311365 read=18367
 Planning:
   Buffers: shared hit=484 read=90
 Planning Time: 14.409 ms
 Execution Time: 43590.728 ms
(73 rows)

