                                                                                             QUERY PLAN                                                                                              
-----------------------------------------------------------------------------------------------------------------------------------------------------------------------------------------------------
 Aggregate  (cost=370644.88..370644.89 rows=1 width=8) (actual time=2058.255..2058.261 rows=1 loops=1)
   Buffers: shared hit=161527 read=51435
   ->  Nested Loop  (cost=4697.53..370644.88 rows=1 width=0) (actual time=22.234..2057.916 rows=1604 loops=1)
         Buffers: shared hit=161527 read=51435
         ->  Hash Join  (cost=4697.10..370640.24 rows=2 width=4) (actual time=22.188..1939.664 rows=3520 loops=1)
               Hash Cond: (ci.role_id = rt.id)
               Buffers: shared hit=149726 read=49156
               ->  Nested Loop  (cost=4695.92..370639.02 rows=14 width=8) (actual time=22.103..1931.683 rows=55025 loops=1)
                     Buffers: shared hit=149725 read=49156
                     ->  Nested Loop  (cost=4695.48..370595.36 rows=1 width=12) (actual time=22.062..1384.177 rows=1150 loops=1)
                           Buffers: shared hit=109680 read=33219
                           ->  Nested Loop  (cost=4695.48..370592.94 rows=1 width=16) (actual time=22.057..1364.582 rows=1150 loops=1)
                                 Buffers: shared hit=108530 read=33219
                                 ->  Nested Loop  (cost=4695.48..370590.51 rows=1 width=20) (actual time=22.035..1345.642 rows=1150 loops=1)
                                       Buffers: shared hit=107380 read=33219
                                       ->  Hash Join  (cost=4695.05..363035.05 rows=179 width=12) (actual time=21.173..965.371 rows=2500 loops=1)
                                             Hash Cond: (t.kind_id = kt.id)
                                             Buffers: shared hit=84613 read=17264
                                             ->  Nested Loop  (cost=4693.91..363032.15 rows=417 width=16) (actual time=21.131..961.331 rows=20550 loops=1)
                                                   Buffers: shared hit=84612 read=17264
                                                   ->  Bitmap Heap Scan on movie_info mi2  (cost=4693.48..359301.89 rows=447 width=8) (actual time=21.090..344.673 rows=20576 loops=1)
                                                         Recheck Cond: (info_type_id = 5)
                                                         Filter: ((info)::text = ANY ('{Iceland:16,UK:15,USA:PG-13}'::text[]))
                                                         Rows Removed by Filter: 465978
                                                         Heap Blocks: exact=19164
                                                         Buffers: shared hit=4067 read=15505
                                                         ->  Bitmap Index Scan on info_type_id_movie_info  (cost=0.00..4693.37 rows=439058 width=0) (actual time=18.226..18.227 rows=486554 loops=1)
                                                               Index Cond: (info_type_id = 5)
                                                               Buffers: shared read=408
                                                   ->  Index Scan using title_pkey on title t  (cost=0.43..8.35 rows=1 width=8) (actual time=0.029..0.029 rows=1 loops=20576)
                                                         Index Cond: (id = mi2.movie_id)
                                                         Filter: ((production_year <= 2015) AND (1925 < production_year))
                                                         Rows Removed by Filter: 0
                                                         Buffers: shared hit=80545 read=1759
                                             ->  Hash  (cost=1.10..1.10 rows=3 width=4) (actual time=0.019..0.020 rows=3 loops=1)
                                                   Buckets: 1024  Batches: 1  Memory Usage: 9kB
                                                   Buffers: shared hit=1
                                                   ->  Seq Scan on kind_type kt  (cost=0.00..1.10 rows=3 width=4) (actual time=0.009..0.010 rows=3 loops=1)
                                                         Filter: ((kind)::text = ANY ('{"tv movie","tv series","video game"}'::text[]))
                                                         Rows Removed by Filter: 4
                                                         Buffers: shared hit=1
                                       ->  Index Scan using movie_id_movie_info on movie_info mi1  (cost=0.43..42.20 rows=1 width=8) (actual time=0.151..0.152 rows=0 loops=2500)
                                             Index Cond: (movie_id = t.id)
                                             Filter: (((info)::text = ANY ('{Mystery,Thriller}'::text[])) AND (info_type_id = 3))
                                             Rows Removed by Filter: 32
                                             Buffers: shared hit=22767 read=15955
                                 ->  Seq Scan on info_type it1  (cost=0.00..2.41 rows=1 width=4) (actual time=0.008..0.015 rows=1 loops=1150)
                                       Filter: (id = 3)
                                       Rows Removed by Filter: 112
                                       Buffers: shared hit=1150
                           ->  Seq Scan on info_type it2  (cost=0.00..2.41 rows=1 width=4) (actual time=0.009..0.016 rows=1 loops=1150)
                                 Filter: (id = 5)
                                 Rows Removed by Filter: 112
                                 Buffers: shared hit=1150
                     ->  Index Scan using movie_id_cast_info on cast_info ci  (cost=0.44..43.28 rows=38 width=12) (actual time=0.031..0.466 rows=48 loops=1150)
                           Index Cond: (movie_id = t.id)
                           Buffers: shared hit=40045 read=15937
               ->  Hash  (cost=1.15..1.15 rows=2 width=4) (actual time=0.033..0.033 rows=2 loops=1)
                     Buckets: 1024  Batches: 1  Memory Usage: 9kB
                     Buffers: shared hit=1
                     ->  Seq Scan on role_type rt  (cost=0.00..1.15 rows=2 width=4) (actual time=0.025..0.027 rows=2 loops=1)
                           Filter: ((role)::text = ANY ('{composer,writer}'::text[]))
                           Rows Removed by Filter: 10
                           Buffers: shared hit=1
         ->  Index Scan using name_pkey on name n  (cost=0.43..2.32 rows=1 width=4) (actual time=0.033..0.033 rows=0 loops=3520)
               Index Cond: (id = ci.person_id)
               Filter: ((gender)::text = 'm'::text)
               Rows Removed by Filter: 1
               Buffers: shared hit=11801 read=2279
 Planning:
   Buffers: shared hit=521 read=53
 Planning Time: 13.744 ms
 Execution Time: 2059.446 ms
(73 rows)

