                                                                                                                   QUERY PLAN                                                                                                                   
------------------------------------------------------------------------------------------------------------------------------------------------------------------------------------------------------------------------------------------------
 Aggregate  (cost=517427.85..517427.86 rows=1 width=8) (actual time=10236.446..10236.453 rows=1 loops=1)
   Buffers: shared hit=921876 read=144460
   ->  Nested Loop  (cost=4697.65..517427.82 rows=14 width=0) (actual time=20.982..10234.725 rows=6053 loops=1)
         Buffers: shared hit=921876 read=144460
         ->  Hash Join  (cost=4697.22..517376.79 rows=22 width=4) (actual time=20.933..9727.086 rows=14266 loops=1)
               Hash Cond: (ci.role_id = rt.id)
               Buffers: shared hit=868378 read=140894
               ->  Nested Loop  (cost=4696.05..517375.15 rows=129 width=8) (actual time=20.275..9636.539 rows=544866 loops=1)
                     Buffers: shared hit=868377 read=140894
                     ->  Nested Loop  (cost=4695.61..516982.22 rows=9 width=12) (actual time=20.233..4434.718 rows=12297 loops=1)
                           Buffers: shared hit=402464 read=59463
                           ->  Seq Scan on info_type it2  (cost=0.00..2.41 rows=1 width=4) (actual time=0.035..0.044 rows=1 loops=1)
                                 Filter: (id = 5)
                                 Rows Removed by Filter: 112
                                 Buffers: shared hit=1
                           ->  Nested Loop  (cost=4695.61..516979.71 rows=9 width=16) (actual time=20.196..4431.749 rows=12297 loops=1)
                                 Buffers: shared hit=402463 read=59463
                                 ->  Seq Scan on info_type it1  (cost=0.00..2.41 rows=1 width=4) (actual time=0.009..0.020 rows=1 loops=1)
                                       Filter: (id = 3)
                                       Rows Removed by Filter: 112
                                       Buffers: shared hit=1
                                 ->  Nested Loop  (cost=4695.61..516977.21 rows=9 width=20) (actual time=20.184..4428.732 rows=12297 loops=1)
                                       Buffers: shared hit=402462 read=59463
                                       ->  Hash Join  (cost=4695.17..500670.44 rows=384 width=12) (actual time=19.983..3017.615 rows=9277 loops=1)
                                             Hash Cond: (t.kind_id = kt.id)
                                             Buffers: shared hit=303143 read=18162
                                             ->  Nested Loop  (cost=4694.04..500665.53 rows=896 width=16) (actual time=19.940..2998.771 rows=75025 loops=1)
                                                   Buffers: shared hit=303142 read=18162
                                                   ->  Bitmap Heap Scan on movie_info mi2  (cost=4693.61..492782.68 rows=961 width=8) (actual time=19.827..537.740 rows=75433 loops=1)
                                                         Recheck Cond: (info_type_id = 5)
                                                         Filter: ((info)::text = ANY ('{Australia:MA,Australia:PG,Germany:16,Germany:18,Netherlands:12,Singapore:PG,"South Korea:18",Spain:18,Sweden:15,UK:15,USA:PG-13,USA:Unrated}'::text[]))
                                                         Rows Removed by Filter: 411121
                                                         Heap Blocks: exact=19164
                                                         Buffers: shared hit=16021 read=3551
                                                         ->  Bitmap Index Scan on info_type_id_movie_info  (cost=0.00..4693.37 rows=439058 width=0) (actual time=17.208..17.208 rows=486554 loops=1)
                                                               Index Cond: (info_type_id = 5)
                                                               Buffers: shared hit=408
                                                   ->  Index Scan using title_pkey on title t  (cost=0.43..8.20 rows=1 width=8) (actual time=0.032..0.032 rows=1 loops=75433)
                                                         Index Cond: (id = mi2.movie_id)
                                                         Filter: ((production_year <= 2015) AND (1925 < production_year))
                                                         Rows Removed by Filter: 0
                                                         Buffers: shared hit=287121 read=14611
                                             ->  Hash  (cost=1.10..1.10 rows=3 width=4) (actual time=0.018..0.019 rows=3 loops=1)
                                                   Buckets: 1024  Batches: 1  Memory Usage: 9kB
                                                   Buffers: shared hit=1
                                                   ->  Seq Scan on kind_type kt  (cost=0.00..1.10 rows=3 width=4) (actual time=0.009..0.010 rows=3 loops=1)
                                                         Filter: ((kind)::text = ANY ('{"tv movie","tv series","video game"}'::text[]))
                                                         Rows Removed by Filter: 4
                                                         Buffers: shared hit=1
                                       ->  Index Scan using movie_id_movie_info on movie_info mi1  (cost=0.43..42.46 rows=1 width=8) (actual time=0.148..0.151 rows=1 loops=9277)
                                             Index Cond: (movie_id = t.id)
                                             Filter: ((info_type_id = 3) AND ((info)::text = ANY ('{Action,Adventure,Comedy,Drama,Horror,Thriller,Western}'::text[])))
                                             Rows Removed by Filter: 37
                                             Buffers: shared hit=99319 read=41301
                     ->  Index Scan using movie_id_cast_info on cast_info ci  (cost=0.44..43.28 rows=38 width=12) (actual time=0.036..0.412 rows=44 loops=12297)
                           Index Cond: (movie_id = t.id)
                           Buffers: shared hit=465913 read=81431
               ->  Hash  (cost=1.15..1.15 rows=2 width=4) (actual time=0.038..0.039 rows=2 loops=1)
                     Buckets: 1024  Batches: 1  Memory Usage: 9kB
                     Buffers: shared hit=1
                     ->  Seq Scan on role_type rt  (cost=0.00..1.15 rows=2 width=4) (actual time=0.029..0.031 rows=2 loops=1)
                           Filter: ((role)::text = ANY ('{composer,"production designer"}'::text[]))
                           Rows Removed by Filter: 10
                           Buffers: shared hit=1
         ->  Index Scan using name_pkey on name n  (cost=0.43..2.32 rows=1 width=4) (actual time=0.035..0.035 rows=0 loops=14266)
               Index Cond: (id = ci.person_id)
               Filter: ((gender)::text = ANY ('{f,m}'::text[]))
               Rows Removed by Filter: 1
               Buffers: shared hit=53498 read=3566
 Planning:
   Buffers: shared hit=574
 Planning Time: 14.220 ms
 Execution Time: 10237.116 ms
(73 rows)

