                                                                                                      QUERY PLAN                                                                                                       
-----------------------------------------------------------------------------------------------------------------------------------------------------------------------------------------------------------------------
 Aggregate  (cost=484057.58..484057.59 rows=1 width=8) (actual time=7521.467..7521.473 rows=1 loops=1)
   Buffers: shared hit=671992 read=107957
   ->  Nested Loop  (cost=4697.64..484057.56 rows=7 width=0) (actual time=20.883..7520.181 rows=4824 loops=1)
         Buffers: shared hit=671992 read=107957
         ->  Hash Join  (cost=4697.21..484018.13 rows=17 width=4) (actual time=20.832..7128.032 rows=10532 loops=1)
               Hash Cond: (ci.role_id = rt.id)
               Buffers: shared hit=632655 read=105166
               ->  Nested Loop  (cost=4696.04..484016.61 rows=100 width=8) (actual time=20.763..7074.437 rows=327462 loops=1)
                     Buffers: shared hit=632654 read=105166
                     ->  Nested Loop  (cost=4695.60..483710.72 rows=7 width=12) (actual time=20.726..3951.856 rows=7399 loops=1)
                           Buffers: shared hit=336304 read=62889
                           ->  Seq Scan on info_type it2  (cost=0.00..2.41 rows=1 width=4) (actual time=0.031..0.040 rows=1 loops=1)
                                 Filter: (id = 5)
                                 Rows Removed by Filter: 112
                                 Buffers: shared hit=1
                           ->  Nested Loop  (cost=4695.60..483708.24 rows=7 width=16) (actual time=20.694..3950.149 rows=7399 loops=1)
                                 Buffers: shared hit=336303 read=62889
                                 ->  Seq Scan on info_type it1  (cost=0.00..2.41 rows=1 width=4) (actual time=0.008..0.020 rows=1 loops=1)
                                       Filter: (id = 3)
                                       Rows Removed by Filter: 112
                                       Buffers: shared hit=1
                                 ->  Nested Loop  (cost=4695.60..483705.76 rows=7 width=20) (actual time=20.682..3948.237 rows=7399 loops=1)
                                       Buffers: shared hit=336302 read=62889
                                       ->  Hash Join  (cost=4695.16..470591.79 rows=309 width=12) (actual time=20.460..2929.855 rows=6032 loops=1)
                                             Hash Cond: (t.kind_id = kt.id)
                                             Buffers: shared hit=272575 read=31406
                                             ->  Nested Loop  (cost=4694.03..470587.62 rows=720 width=16) (actual time=20.413..2914.474 rows=63170 loops=1)
                                                   Buffers: shared hit=272574 read=31406
                                                   ->  Bitmap Heap Scan on movie_info mi2  (cost=4693.60..463120.30 rows=909 width=8) (actual time=20.377..554.048 rows=71102 loops=1)
                                                         Recheck Cond: (info_type_id = 5)
                                                         Filter: ((info)::text = ANY ('{Netherlands:12,Netherlands:16,Portugal:M/16,Singapore:M18,Singapore:PG,Sweden:11,UK:15,UK:PG,"USA:Not Rated",USA:R}'::text[]))
                                                         Rows Removed by Filter: 415452
                                                         Heap Blocks: exact=19164
                                                         Buffers: shared hit=1340 read=18232
                                                         ->  Bitmap Index Scan on info_type_id_movie_info  (cost=0.00..4693.37 rows=439058 width=0) (actual time=17.616..17.617 rows=486554 loops=1)
                                                               Index Cond: (info_type_id = 5)
                                                               Buffers: shared read=408
                                                   ->  Index Scan using title_pkey on title t  (cost=0.43..8.21 rows=1 width=8) (actual time=0.033..0.033 rows=1 loops=71102)
                                                         Index Cond: (id = mi2.movie_id)
                                                         Filter: ((production_year <= 2015) AND (1975 < production_year))
                                                         Rows Removed by Filter: 0
                                                         Buffers: shared hit=271234 read=13174
                                             ->  Hash  (cost=1.10..1.10 rows=3 width=4) (actual time=0.017..0.018 rows=3 loops=1)
                                                   Buckets: 1024  Batches: 1  Memory Usage: 9kB
                                                   Buffers: shared hit=1
                                                   ->  Seq Scan on kind_type kt  (cost=0.00..1.10 rows=3 width=4) (actual time=0.008..0.010 rows=3 loops=1)
                                                         Filter: ((kind)::text = ANY ('{"tv movie","tv series","video game"}'::text[]))
                                                         Rows Removed by Filter: 4
                                                         Buffers: shared hit=1
                                       ->  Index Scan using movie_id_movie_info on movie_info mi1  (cost=0.43..42.43 rows=1 width=8) (actual time=0.166..0.168 rows=1 loops=6032)
                                             Index Cond: (movie_id = t.id)
                                             Filter: ((info_type_id = 3) AND ((info)::text = ANY ('{Comedy,Drama,Horror,Mystery,Romance,Thriller}'::text[])))
                                             Rows Removed by Filter: 37
                                             Buffers: shared hit=63727 read=31483
                     ->  Index Scan using movie_id_cast_info on cast_info ci  (cost=0.44..43.32 rows=38 width=12) (actual time=0.035..0.411 rows=44 loops=7399)
                           Index Cond: (movie_id = t.id)
                           Buffers: shared hit=296350 read=42277
               ->  Hash  (cost=1.15..1.15 rows=2 width=4) (actual time=0.035..0.036 rows=2 loops=1)
                     Buckets: 1024  Batches: 1  Memory Usage: 9kB
                     Buffers: shared hit=1
                     ->  Seq Scan on role_type rt  (cost=0.00..1.15 rows=2 width=4) (actual time=0.026..0.029 rows=2 loops=1)
                           Filter: ((role)::text = ANY ('{cinematographer,composer}'::text[]))
                           Rows Removed by Filter: 10
                           Buffers: shared hit=1
         ->  Index Scan using name_pkey on name n  (cost=0.43..2.32 rows=1 width=4) (actual time=0.037..0.037 rows=0 loops=10532)
               Index Cond: (id = ci.person_id)
               Filter: ((gender)::text = 'm'::text)
               Rows Removed by Filter: 1
               Buffers: shared hit=39337 read=2791
 Planning:
   Buffers: shared hit=520 read=54
 Planning Time: 14.042 ms
 Execution Time: 7522.153 ms
(73 rows)

