                                                                                             QUERY PLAN                                                                                              
-----------------------------------------------------------------------------------------------------------------------------------------------------------------------------------------------------
 Aggregate  (cost=437626.21..437626.22 rows=1 width=8) (actual time=46170.705..46170.712 rows=1 loops=1)
   Buffers: shared hit=4284662 read=512801
   ->  Nested Loop  (cost=4697.59..437626.20 rows=3 width=0) (actual time=48.536..46163.967 rows=16048 loops=1)
         Buffers: shared hit=4284662 read=512801
         ->  Seq Scan on info_type it2  (cost=0.00..2.41 rows=1 width=4) (actual time=0.048..0.057 rows=1 loops=1)
               Filter: (id = 5)
               Rows Removed by Filter: 112
               Buffers: shared hit=1
         ->  Nested Loop  (cost=4697.59..437623.76 rows=3 width=4) (actual time=48.486..46159.470 rows=16048 loops=1)
               Buffers: shared hit=4284661 read=512801
               ->  Seq Scan on info_type it1  (cost=0.00..2.41 rows=1 width=4) (actual time=0.009..0.021 rows=1 loops=1)
                     Filter: (id = 3)
                     Rows Removed by Filter: 112
                     Buffers: shared hit=1
               ->  Nested Loop  (cost=4697.59..437621.32 rows=3 width=8) (actual time=48.474..46154.730 rows=16048 loops=1)
                     Buffers: shared hit=4284660 read=512801
                     ->  Hash Join  (cost=4697.16..437607.40 rows=6 width=12) (actual time=23.760..44868.344 rows=36524 loops=1)
                           Hash Cond: (ci.role_id = rt.id)
                           Buffers: shared hit=4145719 read=505646
                           ->  Nested Loop  (cost=4695.99..437605.98 rows=72 width=16) (actual time=23.135..44253.078 rows=3647911 loops=1)
                                 Buffers: shared hit=4145718 read=505646
                                 ->  Nested Loop  (cost=4695.55..437387.68 rows=5 width=20) (actual time=23.097..9475.571 rows=51099 loops=1)
                                       Buffers: shared hit=771855 read=154628
                                       ->  Hash Join  (cost=4695.12..424775.42 rows=297 width=12) (actual time=20.849..2180.159 rows=38782 loops=1)
                                             Hash Cond: (t.kind_id = kt.id)
                                             Buffers: shared hit=163845 read=32756
                                             ->  Nested Loop  (cost=4693.99..424771.36 rows=693 width=16) (actual time=20.309..2155.127 rows=44126 loops=1)
                                                   Buffers: shared hit=163844 read=32756
                                                   ->  Bitmap Heap Scan on movie_info mi2  (cost=4693.56..418626.70 rows=744 width=8) (actual time=20.260..514.815 rows=44257 loops=1)
                                                         Recheck Cond: (info_type_id = 5)
                                                         Filter: ((info)::text = ANY ('{Australia:M,Australia:R,Finland:K-16,Finland:S,Germany:16,Iceland:16,"South Korea:18"}'::text[]))
                                                         Rows Removed by Filter: 442297
                                                         Heap Blocks: exact=19164
                                                         Buffers: shared hit=5233 read=14339
                                                         ->  Bitmap Index Scan on info_type_id_movie_info  (cost=0.00..4693.37 rows=439058 width=0) (actual time=17.633..17.633 rows=486554 loops=1)
                                                               Index Cond: (info_type_id = 5)
                                                               Buffers: shared read=408
                                                   ->  Index Scan using title_pkey on title t  (cost=0.43..8.26 rows=1 width=8) (actual time=0.036..0.036 rows=1 loops=44257)
                                                         Index Cond: (id = mi2.movie_id)
                                                         Filter: ((production_year <= 2015) AND (1925 < production_year))
                                                         Rows Removed by Filter: 0
                                                         Buffers: shared hit=158611 read=18417
                                             ->  Hash  (cost=1.10..1.10 rows=3 width=4) (actual time=0.022..0.023 rows=3 loops=1)
                                                   Buckets: 1024  Batches: 1  Memory Usage: 9kB
                                                   Buffers: shared hit=1
                                                   ->  Seq Scan on kind_type kt  (cost=0.00..1.10 rows=3 width=4) (actual time=0.012..0.014 rows=3 loops=1)
                                                         Filter: ((kind)::text = ANY ('{episode,movie,"video movie"}'::text[]))
                                                         Rows Removed by Filter: 4
                                                         Buffers: shared hit=1
                                       ->  Index Scan using movie_id_movie_info on movie_info mi1  (cost=0.43..42.46 rows=1 width=8) (actual time=0.186..0.187 rows=1 loops=38782)
                                             Index Cond: (movie_id = t.id)
                                             Filter: ((info_type_id = 3) AND ((info)::text = ANY ('{Action,Crime,Drama,Romance,Sci-Fi,Thriller,Western}'::text[])))
                                             Rows Removed by Filter: 74
                                             Buffers: shared hit=608010 read=121872
                                 ->  Index Scan using movie_id_cast_info on cast_info ci  (cost=0.44..43.28 rows=38 width=12) (actual time=0.035..0.660 rows=71 loops=51099)
                                       Index Cond: (movie_id = t.id)
                                       Buffers: shared hit=3373863 read=351018
                           ->  Hash  (cost=1.15..1.15 rows=1 width=4) (actual time=0.017..0.018 rows=1 loops=1)
                                 Buckets: 1024  Batches: 1  Memory Usage: 9kB
                                 Buffers: shared hit=1
                                 ->  Seq Scan on role_type rt  (cost=0.00..1.15 rows=1 width=4) (actual time=0.010..0.011 rows=1 loops=1)
                                       Filter: ((role)::text = 'production designer'::text)
                                       Rows Removed by Filter: 11
                                       Buffers: shared hit=1
                     ->  Index Scan using name_pkey on name n  (cost=0.43..2.32 rows=1 width=4) (actual time=0.034..0.034 rows=0 loops=36524)
                           Index Cond: (id = ci.person_id)
                           Filter: ((gender)::text = 'm'::text)
                           Rows Removed by Filter: 1
                           Buffers: shared hit=138941 read=7155
 Planning:
   Buffers: shared hit=530 read=44
 Planning Time: 14.468 ms
 Execution Time: 46171.441 ms
(73 rows)

