                                                                                             QUERY PLAN                                                                                              
-----------------------------------------------------------------------------------------------------------------------------------------------------------------------------------------------------
 Aggregate  (cost=385934.02..385934.03 rows=1 width=8) (actual time=21337.281..21337.289 rows=1 loops=1)
   Buffers: shared hit=2031399 read=199021
   ->  Nested Loop  (cost=4697.68..385934.02 rows=2 width=0) (actual time=52.668..21336.288 rows=2383 loops=1)
         Buffers: shared hit=2031399 read=199021
         ->  Seq Scan on info_type it2  (cost=0.00..2.41 rows=1 width=4) (actual time=0.034..0.044 rows=1 loops=1)
               Filter: (id = 5)
               Rows Removed by Filter: 112
               Buffers: shared hit=1
         ->  Nested Loop  (cost=4697.68..385931.59 rows=2 width=4) (actual time=52.632..21335.567 rows=2383 loops=1)
               Buffers: shared hit=2031398 read=199021
               ->  Seq Scan on info_type it1  (cost=0.00..2.41 rows=1 width=4) (actual time=0.008..0.020 rows=1 loops=1)
                     Filter: (id = 3)
                     Rows Removed by Filter: 112
                     Buffers: shared hit=1
               ->  Nested Loop  (cost=4697.68..385929.15 rows=2 width=8) (actual time=52.621..21334.803 rows=2383 loops=1)
                     Buffers: shared hit=2031397 read=199021
                     ->  Hash Join  (cost=4697.25..385912.92 rows=7 width=12) (actual time=33.974..17315.194 rows=113366 loops=1)
                           Hash Cond: (ci.role_id = rt.id)
                           Buffers: shared hit=1591238 read=185716
                           ->  Nested Loop  (cost=4696.08..385911.58 rows=43 width=16) (actual time=33.748..17075.678 rows=1156578 loops=1)
                                 Buffers: shared hit=1591237 read=185716
                                 ->  Nested Loop  (cost=4695.64..385776.95 rows=3 width=20) (actual time=33.694..5750.177 rows=31274 loops=1)
                                       Buffers: shared hit=433699 read=114673
                                       ->  Hash Join  (cost=4695.20..382959.70 rows=65 width=12) (actual time=33.448..1767.378 rows=23206 loops=1)
                                             Hash Cond: (t.kind_id = kt.id)
                                             Buffers: shared hit=123300 read=35373
                                             ->  Nested Loop  (cost=4694.07..382957.93 rows=151 width=16) (actual time=23.413..1754.748 rows=23381 loops=1)
                                                   Buffers: shared hit=123299 read=35373
                                                   ->  Bitmap Heap Scan on movie_info mi2  (cost=4693.64..374133.23 rows=1080 width=8) (actual time=19.807..454.596 rows=34775 loops=1)
                                                         Recheck Cond: (info_type_id = 5)
                                                         Filter: ((info)::text = ANY ('{Australia:PG,Finland:K-16,Sweden:Btl,USA:Approved}'::text[]))
                                                         Rows Removed by Filter: 451779
                                                         Heap Blocks: exact=19164
                                                         Buffers: shared hit=3271 read=16301
                                                         ->  Bitmap Index Scan on info_type_id_movie_info  (cost=0.00..4693.37 rows=439058 width=0) (actual time=17.206..17.206 rows=486554 loops=1)
                                                               Index Cond: (info_type_id = 5)
                                                               Buffers: shared read=408
                                                   ->  Index Scan using title_pkey on title t  (cost=0.43..8.17 rows=1 width=8) (actual time=0.037..0.037 rows=1 loops=34775)
                                                         Index Cond: (id = mi2.movie_id)
                                                         Filter: ((production_year <= 1975) AND (1925 < production_year))
                                                         Rows Removed by Filter: 0
                                                         Buffers: shared hit=120028 read=19072
                                             ->  Hash  (cost=1.10..1.10 rows=3 width=4) (actual time=0.014..0.015 rows=3 loops=1)
                                                   Buckets: 1024  Batches: 1  Memory Usage: 9kB
                                                   Buffers: shared hit=1
                                                   ->  Seq Scan on kind_type kt  (cost=0.00..1.10 rows=3 width=4) (actual time=0.007..0.009 rows=3 loops=1)
                                                         Filter: ((kind)::text = ANY ('{episode,movie,"tv movie"}'::text[]))
                                                         Rows Removed by Filter: 4
                                                         Buffers: shared hit=1
                                       ->  Index Scan using movie_id_movie_info on movie_info mi1  (cost=0.43..43.33 rows=1 width=8) (actual time=0.169..0.171 rows=1 loops=23206)
                                             Index Cond: (movie_id = t.id)
                                             Filter: ((info_type_id = 3) AND ((info)::text = ANY ('{Action,Adventure,Animation,Comedy,Crime,Drama,Family,Short}'::text[])))
                                             Rows Removed by Filter: 39
                                             Buffers: shared hit=310399 read=79300
                                 ->  Index Scan using movie_id_cast_info on cast_info ci  (cost=0.44..44.50 rows=38 width=12) (actual time=0.036..0.351 rows=37 loops=31274)
                                       Index Cond: (movie_id = t.id)
                                       Buffers: shared hit=1157538 read=71043
                           ->  Hash  (cost=1.15..1.15 rows=2 width=4) (actual time=0.017..0.017 rows=2 loops=1)
                                 Buckets: 1024  Batches: 1  Memory Usage: 9kB
                                 Buffers: shared hit=1
                                 ->  Seq Scan on role_type rt  (cost=0.00..1.15 rows=2 width=4) (actual time=0.009..0.011 rows=2 loops=1)
                                       Filter: ((role)::text = ANY ('{director,writer}'::text[]))
                                       Rows Removed by Filter: 10
                                       Buffers: shared hit=1
                     ->  Index Scan using name_pkey on name n  (cost=0.43..2.32 rows=1 width=4) (actual time=0.035..0.035 rows=0 loops=113366)
                           Index Cond: (id = ci.person_id)
                           Filter: ((gender)::text = 'f'::text)
                           Rows Removed by Filter: 1
                           Buffers: shared hit=440159 read=13305
 Planning:
   Buffers: shared hit=484 read=90
 Planning Time: 13.298 ms
 Execution Time: 21337.938 ms
(73 rows)

