                                                                                             QUERY PLAN                                                                                              
-----------------------------------------------------------------------------------------------------------------------------------------------------------------------------------------------------
 Aggregate  (cost=417284.03..417284.04 rows=1 width=8) (actual time=34351.181..34351.198 rows=1 loops=1)
   Buffers: shared hit=3118099 read=457774
   ->  Nested Loop  (cost=4697.56..417284.02 rows=5 width=0) (actual time=71.265..34333.601 rows=92222 loops=1)
         Buffers: shared hit=3118099 read=457774
         ->  Hash Join  (cost=4697.13..417256.19 rows=12 width=4) (actual time=71.188..17710.248 rows=464069 loops=1)
               Hash Cond: (ci.role_id = rt.id)
               Buffers: shared hit=1332321 read=387276
               ->  Nested Loop  (cost=4695.95..417254.75 rows=72 width=8) (actual time=70.505..17375.605 rows=1233895 loops=1)
                     Buffers: shared hit=1332320 read=387276
                     ->  Nested Loop  (cost=4695.51..417036.27 rows=5 width=12) (actual time=70.434..5211.402 rows=14533 loops=1)
                           Buffers: shared hit=347683 read=126977
                           ->  Seq Scan on info_type it2  (cost=0.00..2.41 rows=1 width=4) (actual time=0.030..0.040 rows=1 loops=1)
                                 Filter: (id = 5)
                                 Rows Removed by Filter: 112
                                 Buffers: shared hit=1
                           ->  Nested Loop  (cost=4695.51..417033.80 rows=5 width=16) (actual time=70.402..5207.011 rows=14533 loops=1)
                                 Buffers: shared hit=347682 read=126977
                                 ->  Seq Scan on info_type it1  (cost=0.00..2.41 rows=1 width=4) (actual time=0.008..0.019 rows=1 loops=1)
                                       Filter: (id = 3)
                                       Rows Removed by Filter: 112
                                       Buffers: shared hit=1
                                 ->  Nested Loop  (cost=4695.51..417031.34 rows=5 width=20) (actual time=70.391..5202.902 rows=14533 loops=1)
                                       Buffers: shared hit=347681 read=126977
                                       ->  Hash Join  (cost=4695.08..408638.36 rows=198 width=12) (actual time=21.493..1659.976 rows=20163 loops=1)
                                             Hash Cond: (t.kind_id = kt.id)
                                             Buffers: shared hit=100128 read=37169
                                             ->  Nested Loop  (cost=4693.95..408635.28 rows=462 width=16) (actual time=21.452..1647.788 rows=21687 loops=1)
                                                   Buffers: shared hit=100127 read=37169
                                                   ->  Bitmap Heap Scan on movie_info mi2  (cost=4693.52..403795.48 rows=583 width=8) (actual time=21.410..512.231 rows=29431 loops=1)
                                                         Recheck Cond: (info_type_id = 5)
                                                         Filter: ((info)::text = ANY ('{Argentina:Atp,Finland:S,Germany:16,Ireland:15A,Spain:13,Sweden:7}'::text[]))
                                                         Rows Removed by Filter: 457123
                                                         Heap Blocks: exact=19164
                                                         Buffers: shared hit=3138 read=16434
                                                         ->  Bitmap Index Scan on info_type_id_movie_info  (cost=0.00..4693.37 rows=439058 width=0) (actual time=18.166..18.166 rows=486554 loops=1)
                                                               Index Cond: (info_type_id = 5)
                                                               Buffers: shared read=408
                                                   ->  Index Scan using title_pkey on title t  (cost=0.43..8.30 rows=1 width=8) (actual time=0.038..0.038 rows=1 loops=29431)
                                                         Index Cond: (id = mi2.movie_id)
                                                         Filter: ((production_year <= 2015) AND (1975 < production_year))
                                                         Rows Removed by Filter: 0
                                                         Buffers: shared hit=96989 read=20735
                                             ->  Hash  (cost=1.10..1.10 rows=3 width=4) (actual time=0.015..0.026 rows=3 loops=1)
                                                   Buckets: 1024  Batches: 1  Memory Usage: 9kB
                                                   Buffers: shared hit=1
                                                   ->  Seq Scan on kind_type kt  (cost=0.00..1.10 rows=3 width=4) (actual time=0.007..0.009 rows=3 loops=1)
                                                         Filter: ((kind)::text = ANY ('{episode,movie,"video movie"}'::text[]))
                                                         Rows Removed by Filter: 4
                                                         Buffers: shared hit=1
                                       ->  Index Scan using movie_id_movie_info on movie_info mi1  (cost=0.43..42.38 rows=1 width=8) (actual time=0.174..0.175 rows=1 loops=20163)
                                             Index Cond: (movie_id = t.id)
                                             Filter: ((info_type_id = 3) AND ((info)::text = ANY ('{Comedy,Documentary,Drama,Sci-Fi,Thriller}'::text[])))
                                             Rows Removed by Filter: 67
                                             Buffers: shared hit=247553 read=89808
                     ->  Index Scan using movie_id_cast_info on cast_info ci  (cost=0.44..43.32 rows=38 width=12) (actual time=0.038..0.814 rows=85 loops=14533)
                           Index Cond: (movie_id = t.id)
                           Buffers: shared hit=984637 read=260299
               ->  Hash  (cost=1.15..1.15 rows=2 width=4) (actual time=0.034..0.035 rows=2 loops=1)
                     Buckets: 1024  Batches: 1  Memory Usage: 9kB
                     Buffers: shared hit=1
                     ->  Seq Scan on role_type rt  (cost=0.00..1.15 rows=2 width=4) (actual time=0.025..0.026 rows=2 loops=1)
                           Filter: ((role)::text = ANY ('{director,"miscellaneous crew"}'::text[]))
                           Rows Removed by Filter: 10
                           Buffers: shared hit=1
         ->  Index Scan using name_pkey on name n  (cost=0.43..2.32 rows=1 width=4) (actual time=0.035..0.035 rows=0 loops=464069)
               Index Cond: (id = ci.person_id)
               Filter: ((gender)::text = 'm'::text)
               Rows Removed by Filter: 1
               Buffers: shared hit=1785778 read=70498
 Planning:
   Buffers: shared hit=483 read=91
 Planning Time: 13.928 ms
 Execution Time: 34351.804 ms
(73 rows)

