                                                                                                 QUERY PLAN                                                                                                 
------------------------------------------------------------------------------------------------------------------------------------------------------------------------------------------------------------
 Aggregate  (cost=482285.88..482285.89 rows=1 width=8) (actual time=66166.486..66166.493 rows=1 loops=1)
   Buffers: shared hit=6336331 read=511760
   ->  Nested Loop  (cost=4697.63..482285.87 rows=3 width=0) (actual time=158.469..66163.763 rows=5320 loops=1)
         Buffers: shared hit=6336331 read=511760
         ->  Seq Scan on info_type it2  (cost=0.00..2.41 rows=1 width=4) (actual time=0.042..0.051 rows=1 loops=1)
               Filter: (id = 5)
               Rows Removed by Filter: 112
               Buffers: shared hit=1
         ->  Nested Loop  (cost=4697.63..482283.43 rows=3 width=4) (actual time=158.425..66162.141 rows=5320 loops=1)
               Buffers: shared hit=6336330 read=511760
               ->  Seq Scan on info_type it1  (cost=0.00..2.41 rows=1 width=4) (actual time=0.008..0.019 rows=1 loops=1)
                     Filter: (id = 3)
                     Rows Removed by Filter: 112
                     Buffers: shared hit=1
               ->  Nested Loop  (cost=4697.63..482280.99 rows=3 width=8) (actual time=158.414..66160.376 rows=5320 loops=1)
                     Buffers: shared hit=6336329 read=511760
                     ->  Hash Join  (cost=4697.20..482264.75 rows=7 width=12) (actual time=31.061..64148.201 rows=54510 loops=1)
                           Hash Cond: (ci.role_id = rt.id)
                           Buffers: shared hit=6123000 read=507049
                           ->  Nested Loop  (cost=4696.04..482263.28 rows=86 width=16) (actual time=30.782..63123.908 rows=5378285 loops=1)
                                 Buffers: shared hit=6122999 read=507049
                                 ->  Nested Loop  (cost=4695.60..482000.87 rows=6 width=20) (actual time=30.736..12669.329 rows=63548 loops=1)
                                       Buffers: shared hit=1049903 read=150262
                                       ->  Hash Join  (cost=4695.16..470591.40 rows=269 width=12) (actual time=21.489..3367.804 rows=45619 loops=1)
                                             Hash Cond: (t.kind_id = kt.id)
                                             Buffers: shared hit=278592 read=34921
                                             ->  Nested Loop  (cost=4694.03..470587.62 rows=627 width=16) (actual time=21.094..3334.506 rows=51111 loops=1)
                                                   Buffers: shared hit=278591 read=34921
                                                   ->  Bitmap Heap Scan on movie_info mi2  (cost=4693.60..463120.30 rows=909 width=8) (actual time=20.963..621.647 rows=73485 loops=1)
                                                         Recheck Cond: (info_type_id = 5)
                                                         Filter: ((info)::text = ANY ('{Australia:MA,France:U,Singapore:M18,Singapore:PG,"South Korea:15",Sweden:15,UK:15,UK:18,USA:PG-13,USA:R}'::text[]))
                                                         Rows Removed by Filter: 413069
                                                         Heap Blocks: exact=19164
                                                         Buffers: shared hit=4356 read=15216
                                                         ->  Bitmap Index Scan on info_type_id_movie_info  (cost=0.00..4693.37 rows=439058 width=0) (actual time=18.047..18.047 rows=486554 loops=1)
                                                               Index Cond: (info_type_id = 5)
                                                               Buffers: shared read=408
                                                   ->  Index Scan using title_pkey on title t  (cost=0.43..8.21 rows=1 width=8) (actual time=0.036..0.036 rows=1 loops=73485)
                                                         Index Cond: (id = mi2.movie_id)
                                                         Filter: ((production_year <= 2015) AND (1990 < production_year))
                                                         Rows Removed by Filter: 0
                                                         Buffers: shared hit=274235 read=19705
                                             ->  Hash  (cost=1.10..1.10 rows=3 width=4) (actual time=0.017..0.017 rows=3 loops=1)
                                                   Buckets: 1024  Batches: 1  Memory Usage: 9kB
                                                   Buffers: shared hit=1
                                                   ->  Seq Scan on kind_type kt  (cost=0.00..1.10 rows=3 width=4) (actual time=0.009..0.011 rows=3 loops=1)
                                                         Filter: ((kind)::text = ANY ('{episode,movie,"video movie"}'::text[]))
                                                         Rows Removed by Filter: 4
                                                         Buffers: shared hit=1
                                       ->  Index Scan using movie_id_movie_info on movie_info mi1  (cost=0.43..42.40 rows=1 width=8) (actual time=0.201..0.203 rows=1 loops=45619)
                                             Index Cond: (movie_id = t.id)
                                             Filter: ((info_type_id = 3) AND ((info)::text = ANY ('{Action,Comedy,Drama,Horror,Thriller}'::text[])))
                                             Rows Removed by Filter: 87
                                             Buffers: shared hit=771311 read=115341
                                 ->  Index Scan using movie_id_cast_info on cast_info ci  (cost=0.44..43.36 rows=38 width=12) (actual time=0.037..0.770 rows=85 loops=63548)
                                       Index Cond: (movie_id = t.id)
                                       Buffers: shared hit=5073096 read=356787
                           ->  Hash  (cost=1.15..1.15 rows=1 width=4) (actual time=0.015..0.016 rows=1 loops=1)
                                 Buckets: 1024  Batches: 1  Memory Usage: 9kB
                                 Buffers: shared hit=1
                                 ->  Seq Scan on role_type rt  (cost=0.00..1.15 rows=1 width=4) (actual time=0.009..0.010 rows=1 loops=1)
                                       Filter: ((role)::text = 'costume designer'::text)
                                       Rows Removed by Filter: 11
                                       Buffers: shared hit=1
                     ->  Index Scan using name_pkey on name n  (cost=0.43..2.32 rows=1 width=4) (actual time=0.036..0.036 rows=0 loops=54510)
                           Index Cond: (id = ci.person_id)
                           Filter: ((gender)::text = 'm'::text)
                           Rows Removed by Filter: 1
                           Buffers: shared hit=213329 read=4711
 Planning:
   Buffers: shared hit=484 read=90
 Planning Time: 13.698 ms
 Execution Time: 66167.095 ms
(73 rows)

