                                                                                                     QUERY PLAN                                                                                                      
---------------------------------------------------------------------------------------------------------------------------------------------------------------------------------------------------------------------
 Aggregate  (cost=488316.08..488316.09 rows=1 width=8) (actual time=54543.839..54543.846 rows=1 loops=1)
   Buffers: shared hit=5049817 read=606345
   ->  Nested Loop  (cost=4697.68..488316.05 rows=11 width=0) (actual time=35.106..54515.505 rows=131436 loops=1)
         Buffers: shared hit=5049817 read=606345
         ->  Hash Join  (cost=4697.25..488255.74 rows=26 width=4) (actual time=35.060..45291.823 rows=254727 loops=1)
               Hash Cond: (ci.role_id = rt.id)
               Buffers: shared hit=4085766 read=551488
               ->  Nested Loop  (cost=4696.08..488254.01 rows=158 width=8) (actual time=34.670..44600.923 rows=3525350 loops=1)
                     Buffers: shared hit=4085765 read=551488
                     ->  Nested Loop  (cost=4695.64..487773.75 rows=11 width=12) (actual time=34.623..10934.946 rows=48718 loops=1)
                           Buffers: shared hit=899260 read=166755
                           ->  Seq Scan on info_type it2  (cost=0.00..2.41 rows=1 width=4) (actual time=0.037..0.047 rows=1 loops=1)
                                 Filter: (id = 5)
                                 Rows Removed by Filter: 112
                                 Buffers: shared hit=1
                           ->  Nested Loop  (cost=4695.64..487771.23 rows=11 width=16) (actual time=34.585..10921.839 rows=48718 loops=1)
                                 Buffers: shared hit=899259 read=166755
                                 ->  Seq Scan on info_type it1  (cost=0.00..2.41 rows=1 width=4) (actual time=0.009..0.021 rows=1 loops=1)
                                       Filter: (id = 3)
                                       Rows Removed by Filter: 112
                                       Buffers: shared hit=1
                                 ->  Nested Loop  (cost=4695.64..487768.71 rows=11 width=20) (actual time=34.572..10908.407 rows=48718 loops=1)
                                       Buffers: shared hit=899258 read=166755
                                       ->  Hash Join  (cost=4695.18..471173.66 rows=392 width=12) (actual time=21.024..2580.896 rows=46128 loops=1)
                                             Hash Cond: (t.kind_id = kt.id)
                                             Buffers: shared hit=188214 read=40579
                                             ->  Nested Loop  (cost=4694.05..471168.67 rows=915 width=16) (actual time=20.322..2552.176 rows=52059 loops=1)
                                                   Buffers: shared hit=188213 read=40579
                                                   ->  Bitmap Heap Scan on movie_info mi2  (cost=4693.62..463120.32 rows=982 width=8) (actual time=20.276..589.506 rows=52305 loops=1)
                                                         Recheck Cond: (info_type_id = 5)
                                                         Filter: ((info)::text = ANY ('{Argentina:Atp,Argentina:X,Australia:M,Canada:18A,Canada:G,Iceland:16,Norway:18,"South Korea:All",Sweden:15,USA:G}'::text[]))
                                                         Rows Removed by Filter: 434249
                                                         Heap Blocks: exact=19164
                                                         Buffers: shared hit=5297 read=14275
                                                         ->  Bitmap Index Scan on info_type_id_movie_info  (cost=0.00..4693.37 rows=439058 width=0) (actual time=17.614..17.614 rows=486554 loops=1)
                                                               Index Cond: (info_type_id = 5)
                                                               Buffers: shared read=408
                                                   ->  Index Scan using title_pkey on title t  (cost=0.43..8.20 rows=1 width=8) (actual time=0.037..0.037 rows=1 loops=52305)
                                                         Index Cond: (id = mi2.movie_id)
                                                         Filter: ((production_year <= 2015) AND (1925 < production_year))
                                                         Rows Removed by Filter: 0
                                                         Buffers: shared hit=182916 read=26304
                                             ->  Hash  (cost=1.10..1.10 rows=3 width=4) (actual time=0.018..0.019 rows=3 loops=1)
                                                   Buckets: 1024  Batches: 1  Memory Usage: 9kB
                                                   Buffers: shared hit=1
                                                   ->  Seq Scan on kind_type kt  (cost=0.00..1.10 rows=3 width=4) (actual time=0.009..0.011 rows=3 loops=1)
                                                         Filter: ((kind)::text = ANY ('{episode,movie,"video movie"}'::text[]))
                                                         Rows Removed by Filter: 4
                                                         Buffers: shared hit=1
                                       ->  Index Scan using movie_id_movie_info on movie_info mi1  (cost=0.46..42.32 rows=1 width=8) (actual time=0.179..0.180 rows=1 loops=46128)
                                             Index Cond: (movie_id = t.id)
                                             Filter: ((info_type_id = 3) AND ((info)::text = ANY ('{Adult,Adventure,Animation,Comedy,Drama,Fantasy,Horror,Mystery,Romance}'::text[])))
                                             Rows Removed by Filter: 74
                                             Buffers: shared hit=711044 read=126176
                     ->  Index Scan using movie_id_cast_info on cast_info ci  (cost=0.44..43.28 rows=38 width=12) (actual time=0.036..0.672 rows=72 loops=48718)
                           Index Cond: (movie_id = t.id)
                           Buffers: shared hit=3186505 read=384733
               ->  Hash  (cost=1.15..1.15 rows=2 width=4) (actual time=0.036..0.037 rows=2 loops=1)
                     Buckets: 1024  Batches: 1  Memory Usage: 9kB
                     Buffers: shared hit=1
                     ->  Seq Scan on role_type rt  (cost=0.00..1.15 rows=2 width=4) (actual time=0.027..0.029 rows=2 loops=1)
                           Filter: ((role)::text = ANY ('{composer,producer}'::text[]))
                           Rows Removed by Filter: 10
                           Buffers: shared hit=1
         ->  Index Scan using name_pkey on name n  (cost=0.43..2.32 rows=1 width=4) (actual time=0.036..0.036 rows=1 loops=254727)
               Index Cond: (id = ci.person_id)
               Filter: ((gender)::text = 'm'::text)
               Rows Removed by Filter: 0
               Buffers: shared hit=964051 read=54857
 Planning:
   Buffers: shared hit=485 read=92
 Planning Time: 14.291 ms
 Execution Time: 54544.584 ms
(73 rows)

