                                                                                                  QUERY PLAN                                                                                                  
--------------------------------------------------------------------------------------------------------------------------------------------------------------------------------------------------------------
 Aggregate  (cost=481660.58..481660.59 rows=1 width=8) (actual time=29886.359..29886.368 rows=1 loops=1)
   Buffers: shared hit=2846654 read=252966
   ->  Nested Loop  (cost=4697.82..481660.57 rows=5 width=0) (actual time=64.606..29880.333 rows=23774 loops=1)
         Buffers: shared hit=2846654 read=252966
         ->  Hash Join  (cost=4697.39..481644.33 rows=7 width=4) (actual time=32.644..27641.199 rows=62024 loops=1)
               Hash Cond: (ci.role_id = rt.id)
               Buffers: shared hit=2603601 read=247923
               ->  Nested Loop  (cost=4696.21..481643.00 rows=43 width=8) (actual time=32.445..27323.297 rows=1709001 loops=1)
                     Buffers: shared hit=2603600 read=247923
                     ->  Nested Loop  (cost=4695.77..481509.34 rows=3 width=12) (actual time=32.397..10481.158 rows=43291 loops=1)
                           Buffers: shared hit=903794 read=138168
                           ->  Seq Scan on info_type it2  (cost=0.00..2.41 rows=1 width=4) (actual time=0.032..0.044 rows=1 loops=1)
                                 Filter: (id = 5)
                                 Rows Removed by Filter: 112
                                 Buffers: shared hit=1
                           ->  Nested Loop  (cost=4695.77..481506.89 rows=3 width=16) (actual time=32.364..10469.879 rows=43291 loops=1)
                                 Buffers: shared hit=903793 read=138168
                                 ->  Seq Scan on info_type it1  (cost=0.00..2.41 rows=1 width=4) (actual time=0.012..0.026 rows=1 loops=1)
                                       Filter: (id = 3)
                                       Rows Removed by Filter: 112
                                       Buffers: shared hit=1
                                 ->  Nested Loop  (cost=4695.77..481504.45 rows=3 width=20) (actual time=32.349..10457.502 rows=43291 loops=1)
                                       Buffers: shared hit=903792 read=138168
                                       ->  Hash Join  (cost=4695.34..476126.99 rows=125 width=12) (actual time=28.669..3564.155 rows=44475 loops=1)
                                             Hash Cond: (t.kind_id = kt.id)
                                             Buffers: shared hit=286902 read=47951
                                             ->  Nested Loop  (cost=4694.20..476124.62 rows=293 width=16) (actual time=19.802..3538.680 rows=44932 loops=1)
                                                   Buffers: shared hit=286901 read=47951
                                                   ->  Bitmap Heap Scan on movie_info mi2  (cost=4693.77..463120.47 rows=1618 width=8) (actual time=19.758..616.391 rows=78820 loops=1)
                                                         Recheck Cond: (info_type_id = 5)
                                                         Filter: ((info)::text = ANY ('{Argentina:Atp,Australia:G,Belgium:KT,Finland:K-16,Finland:S,Sweden:Btl,UK:A,UK:PG,USA:Approved,USA:Passed}'::text[]))
                                                         Rows Removed by Filter: 407734
                                                         Heap Blocks: exact=19164
                                                         Buffers: shared hit=2391 read=17181
                                                         ->  Bitmap Index Scan on info_type_id_movie_info  (cost=0.00..4693.37 rows=439058 width=0) (actual time=17.122..17.122 rows=486554 loops=1)
                                                               Index Cond: (info_type_id = 5)
                                                               Buffers: shared read=408
                                                   ->  Index Scan using title_pkey on title t  (cost=0.43..8.04 rows=1 width=8) (actual time=0.036..0.036 rows=1 loops=78820)
                                                         Index Cond: (id = mi2.movie_id)
                                                         Filter: ((production_year <= 1975) AND (1875 < production_year))
                                                         Rows Removed by Filter: 0
                                                         Buffers: shared hit=284510 read=30770
                                             ->  Hash  (cost=1.10..1.10 rows=3 width=4) (actual time=0.015..0.016 rows=3 loops=1)
                                                   Buckets: 1024  Batches: 1  Memory Usage: 9kB
                                                   Buffers: shared hit=1
                                                   ->  Seq Scan on kind_type kt  (cost=0.00..1.10 rows=3 width=4) (actual time=0.009..0.011 rows=3 loops=1)
                                                         Filter: ((kind)::text = ANY ('{episode,movie,"tv movie"}'::text[]))
                                                         Rows Removed by Filter: 4
                                                         Buffers: shared hit=1
                                       ->  Index Scan using movie_id_movie_info on movie_info mi1  (cost=0.43..43.01 rows=1 width=8) (actual time=0.153..0.154 rows=1 loops=44475)
                                             Index Cond: (movie_id = t.id)
                                             Filter: ((info_type_id = 3) AND ((info)::text = ANY ('{Adventure,Comedy,Crime,Documentary,Drama,Mystery}'::text[])))
                                             Rows Removed by Filter: 35
                                             Buffers: shared hit=616890 read=90217
                     ->  Index Scan using movie_id_cast_info on cast_info ci  (cost=0.44..44.17 rows=38 width=12) (actual time=0.037..0.378 rows=39 loops=43291)
                           Index Cond: (movie_id = t.id)
                           Buffers: shared hit=1699806 read=109755
               ->  Hash  (cost=1.15..1.15 rows=2 width=4) (actual time=0.039..0.040 rows=2 loops=1)
                     Buckets: 1024  Batches: 1  Memory Usage: 9kB
                     Buffers: shared hit=1
                     ->  Seq Scan on role_type rt  (cost=0.00..1.15 rows=2 width=4) (actual time=0.026..0.028 rows=2 loops=1)
                           Filter: ((role)::text = ANY ('{cinematographer,"costume designer"}'::text[]))
                           Rows Removed by Filter: 10
                           Buffers: shared hit=1
         ->  Index Scan using name_pkey on name n  (cost=0.43..2.32 rows=1 width=4) (actual time=0.035..0.035 rows=0 loops=62024)
               Index Cond: (id = ci.person_id)
               Filter: ((gender)::text = ANY ('{f,m}'::text[]))
               Rows Removed by Filter: 1
               Buffers: shared hit=243053 read=5043
 Planning:
   Buffers: shared hit=484 read=90
 Planning Time: 13.847 ms
 Execution Time: 29887.117 ms
(73 rows)

