                                                                                             QUERY PLAN                                                                                              
-----------------------------------------------------------------------------------------------------------------------------------------------------------------------------------------------------
 Aggregate  (cost=356732.52..356732.53 rows=1 width=8) (actual time=1077.568..1077.573 rows=1 loops=1)
   Buffers: shared hit=65694 read=44240
   ->  Nested Loop  (cost=4697.55..356732.51 rows=1 width=0) (actual time=74.699..1077.530 rows=113 loops=1)
         Buffers: shared hit=65694 read=44240
         ->  Hash Join  (cost=4697.12..356727.88 rows=2 width=4) (actual time=44.925..1066.607 rows=392 loops=1)
               Hash Cond: (ci.role_id = rt.id)
               Buffers: shared hit=64509 read=43857
               ->  Nested Loop  (cost=4695.94..356726.65 rows=14 width=8) (actual time=20.823..1065.084 rows=12298 loops=1)
                     Buffers: shared hit=64508 read=43857
                     ->  Nested Loop  (cost=4695.50..356682.95 rows=1 width=12) (actual time=20.785..938.962 rows=449 loops=1)
                           Buffers: shared hit=58353 read=37050
                           ->  Nested Loop  (cost=4695.50..356680.53 rows=1 width=16) (actual time=20.780..933.038 rows=449 loops=1)
                                 Buffers: shared hit=57904 read=37050
                                 ->  Nested Loop  (cost=4695.50..356678.11 rows=1 width=20) (actual time=20.759..927.557 rows=449 loops=1)
                                       Buffers: shared hit=57455 read=37050
                                       ->  Hash Join  (cost=4695.07..348949.10 rows=183 width=12) (actual time=20.605..803.391 rows=927 loops=1)
                                             Hash Cond: (t.kind_id = kt.id)
                                             Buffers: shared hit=51715 read=29322
                                             ->  Nested Loop  (cost=4693.93..348946.17 rows=426 width=16) (actual time=20.568..801.354 rows=12661 loops=1)
                                                   Buffers: shared hit=51714 read=29322
                                                   ->  Bitmap Heap Scan on movie_info mi2  (cost=4693.50..344470.72 rows=538 width=8) (actual time=20.526..290.091 rows=15366 loops=1)
                                                         Recheck Cond: (info_type_id = 5)
                                                         Filter: ((info)::text = ANY ('{Argentina:Atp,Germany:o.Al.}'::text[]))
                                                         Rows Removed by Filter: 471188
                                                         Heap Blocks: exact=19164
                                                         Buffers: shared hit=2519 read=17053
                                                         ->  Bitmap Index Scan on info_type_id_movie_info  (cost=0.00..4693.37 rows=439058 width=0) (actual time=16.296..16.297 rows=486554 loops=1)
                                                               Index Cond: (info_type_id = 5)
                                                               Buffers: shared read=408
                                                   ->  Index Scan using title_pkey on title t  (cost=0.43..8.32 rows=1 width=8) (actual time=0.033..0.033 rows=1 loops=15366)
                                                         Index Cond: (id = mi2.movie_id)
                                                         Filter: ((production_year <= 2015) AND (1975 < production_year))
                                                         Rows Removed by Filter: 0
                                                         Buffers: shared hit=49195 read=12269
                                             ->  Hash  (cost=1.10..1.10 rows=3 width=4) (actual time=0.017..0.018 rows=3 loops=1)
                                                   Buckets: 1024  Batches: 1  Memory Usage: 9kB
                                                   Buffers: shared hit=1
                                                   ->  Seq Scan on kind_type kt  (cost=0.00..1.10 rows=3 width=4) (actual time=0.008..0.009 rows=3 loops=1)
                                                         Filter: ((kind)::text = ANY ('{"tv movie","tv series","video game"}'::text[]))
                                                         Rows Removed by Filter: 4
                                                         Buffers: shared hit=1
                                       ->  Index Scan using movie_id_movie_info on movie_info mi1  (cost=0.43..42.23 rows=1 width=8) (actual time=0.131..0.133 rows=0 loops=927)
                                             Index Cond: (movie_id = t.id)
                                             Filter: (((info)::text = ANY ('{Adventure,Family}'::text[])) AND (info_type_id = 3))
                                             Rows Removed by Filter: 34
                                             Buffers: shared hit=5740 read=7728
                                 ->  Seq Scan on info_type it1  (cost=0.00..2.41 rows=1 width=4) (actual time=0.005..0.011 rows=1 loops=449)
                                       Filter: (id = 3)
                                       Rows Removed by Filter: 112
                                       Buffers: shared hit=449
                           ->  Seq Scan on info_type it2  (cost=0.00..2.41 rows=1 width=4) (actual time=0.006..0.012 rows=1 loops=449)
                                 Filter: (id = 5)
                                 Rows Removed by Filter: 112
                                 Buffers: shared hit=449
                     ->  Index Scan using movie_id_cast_info on cast_info ci  (cost=0.44..43.32 rows=38 width=12) (actual time=0.038..0.276 rows=27 loops=449)
                           Index Cond: (movie_id = t.id)
                           Buffers: shared hit=6155 read=6807
               ->  Hash  (cost=1.15..1.15 rows=2 width=4) (actual time=0.026..0.026 rows=2 loops=1)
                     Buckets: 1024  Batches: 1  Memory Usage: 9kB
                     Buffers: shared hit=1
                     ->  Seq Scan on role_type rt  (cost=0.00..1.15 rows=2 width=4) (actual time=0.020..0.021 rows=2 loops=1)
                           Filter: ((role)::text = ANY ('{"costume designer",editor}'::text[]))
                           Rows Removed by Filter: 10
                           Buffers: shared hit=1
         ->  Index Scan using name_pkey on name n  (cost=0.43..2.32 rows=1 width=4) (actual time=0.027..0.027 rows=0 loops=392)
               Index Cond: (id = ci.person_id)
               Filter: ((gender)::text = ANY ('{f,m}'::text[]))
               Rows Removed by Filter: 1
               Buffers: shared hit=1185 read=383
 Planning:
   Buffers: shared hit=483 read=91
 Planning Time: 12.325 ms
 Execution Time: 1078.076 ms
(73 rows)

