                                                                                             QUERY PLAN                                                                                              
-----------------------------------------------------------------------------------------------------------------------------------------------------------------------------------------------------
 Aggregate  (cost=345005.47..345005.48 rows=1 width=8) (actual time=5858.546..5858.553 rows=1 loops=1)
   Buffers: shared hit=409815 read=196225
   ->  Nested Loop  (cost=4697.41..345005.47 rows=1 width=0) (actual time=39.382..5857.657 rows=2461 loops=1)
         Buffers: shared hit=409815 read=196225
         ->  Hash Join  (cost=4696.98..345003.15 rows=1 width=4) (actual time=39.339..5733.569 rows=3563 loops=1)
               Hash Cond: (ci.role_id = rt.id)
               Buffers: shared hit=397801 read=193987
               ->  Nested Loop  (cost=4695.81..345001.94 rows=14 width=8) (actual time=38.539..5693.576 rows=295609 loops=1)
                     Buffers: shared hit=397800 read=193987
                     ->  Nested Loop  (cost=4695.37..344958.24 rows=1 width=12) (actual time=34.755..2979.569 rows=3388 loops=1)
                           Buffers: shared hit=188959 read=104425
                           ->  Nested Loop  (cost=4695.37..344955.82 rows=1 width=16) (actual time=34.746..2918.142 rows=3388 loops=1)
                                 Buffers: shared hit=185571 read=104425
                                 ->  Nested Loop  (cost=4695.37..344953.40 rows=1 width=20) (actual time=34.721..2860.588 rows=3388 loops=1)
                                       Buffers: shared hit=182183 read=104425
                                       ->  Hash Join  (cost=4694.94..344657.75 rows=7 width=12) (actual time=34.466..807.722 rows=11172 loops=1)
                                             Hash Cond: (t.kind_id = kt.id)
                                             Buffers: shared hit=44631 read=28170
                                             ->  Nested Loop  (cost=4693.81..344656.55 rows=17 width=16) (actual time=22.503..802.570 rows=11858 loops=1)
                                                   Buffers: shared hit=44630 read=28170
                                                   ->  Bitmap Heap Scan on movie_info mi2  (cost=4693.38..344470.60 rows=22 width=8) (actual time=22.460..339.678 rows=13307 loops=1)
                                                         Recheck Cond: (info_type_id = 5)
                                                         Filter: ((info)::text = ANY ('{Argentina:13,France:U}'::text[]))
                                                         Rows Removed by Filter: 473247
                                                         Heap Blocks: exact=19164
                                                         Buffers: shared hit=3310 read=16262
                                                         ->  Bitmap Index Scan on info_type_id_movie_info  (cost=0.00..4693.37 rows=439058 width=0) (actual time=18.007..18.007 rows=486554 loops=1)
                                                               Index Cond: (info_type_id = 5)
                                                               Buffers: shared read=408
                                                   ->  Index Scan using title_pkey on title t  (cost=0.43..8.45 rows=1 width=8) (actual time=0.034..0.034 rows=1 loops=13307)
                                                         Index Cond: (id = mi2.movie_id)
                                                         Filter: ((production_year <= 2015) AND (1975 < production_year))
                                                         Rows Removed by Filter: 0
                                                         Buffers: shared hit=41320 read=11908
                                             ->  Hash  (cost=1.10..1.10 rows=3 width=4) (actual time=0.016..0.017 rows=3 loops=1)
                                                   Buckets: 1024  Batches: 1  Memory Usage: 9kB
                                                   Buffers: shared hit=1
                                                   ->  Seq Scan on kind_type kt  (cost=0.00..1.10 rows=3 width=4) (actual time=0.010..0.012 rows=3 loops=1)
                                                         Filter: ((kind)::text = ANY ('{episode,movie,"video movie"}'::text[]))
                                                         Rows Removed by Filter: 4
                                                         Buffers: shared hit=1
                                       ->  Index Scan using movie_id_movie_info on movie_info mi1  (cost=0.43..42.23 rows=1 width=8) (actual time=0.183..0.183 rows=0 loops=11172)
                                             Index Cond: (movie_id = t.id)
                                             Filter: ((info_type_id = 3) AND ((info)::text = 'Comedy'::text))
                                             Rows Removed by Filter: 95
                                             Buffers: shared hit=137552 read=76255
                                 ->  Seq Scan on info_type it1  (cost=0.00..2.41 rows=1 width=4) (actual time=0.008..0.015 rows=1 loops=3388)
                                       Filter: (id = 3)
                                       Rows Removed by Filter: 112
                                       Buffers: shared hit=3388
                           ->  Seq Scan on info_type it2  (cost=0.00..2.41 rows=1 width=4) (actual time=0.009..0.017 rows=1 loops=3388)
                                 Filter: (id = 5)
                                 Rows Removed by Filter: 112
                                 Buffers: shared hit=3388
                     ->  Index Scan using movie_id_cast_info on cast_info ci  (cost=0.44..43.32 rows=38 width=12) (actual time=0.038..0.784 rows=87 loops=3388)
                           Index Cond: (movie_id = t.id)
                           Buffers: shared hit=208841 read=89562
               ->  Hash  (cost=1.15..1.15 rows=1 width=4) (actual time=0.033..0.034 rows=1 loops=1)
                     Buckets: 1024  Batches: 1  Memory Usage: 9kB
                     Buffers: shared hit=1
                     ->  Seq Scan on role_type rt  (cost=0.00..1.15 rows=1 width=4) (actual time=0.026..0.027 rows=1 loops=1)
                           Filter: ((role)::text = 'composer'::text)
                           Rows Removed by Filter: 11
                           Buffers: shared hit=1
         ->  Index Scan using name_pkey on name n  (cost=0.43..2.32 rows=1 width=4) (actual time=0.034..0.034 rows=1 loops=3563)
               Index Cond: (id = ci.person_id)
               Filter: ((gender)::text = 'm'::text)
               Rows Removed by Filter: 0
               Buffers: shared hit=12014 read=2238
 Planning:
   Buffers: shared hit=483 read=91
 Planning Time: 14.481 ms
 Execution Time: 5859.234 ms
(73 rows)

