                                                                                             QUERY PLAN                                                                                              
-----------------------------------------------------------------------------------------------------------------------------------------------------------------------------------------------------
 Aggregate  (cost=378077.85..378077.86 rows=1 width=8) (actual time=31838.227..31838.234 rows=1 loops=1)
   Buffers: shared hit=3111713 read=222577
   ->  Nested Loop  (cost=4697.49..378077.85 rows=1 width=0) (actual time=32.985..31793.267 rows=259262 loops=1)
         Buffers: shared hit=3111713 read=222577
         ->  Hash Join  (cost=4697.06..378075.53 rows=1 width=4) (actual time=32.935..22757.347 rows=259284 loops=1)
               Hash Cond: (ci.role_id = rt.id)
               Buffers: shared hit=2091247 read=205907
               ->  Nested Loop  (cost=4695.90..378074.32 rows=14 width=8) (actual time=32.735..22429.883 rows=1501092 loops=1)
                     Buffers: shared hit=2091246 read=205907
                     ->  Nested Loop  (cost=4695.46..378029.44 rows=1 width=12) (actual time=32.680..8091.753 rows=42112 loops=1)
                           Buffers: shared hit=587300 read=108032
                           ->  Nested Loop  (cost=4695.46..378027.01 rows=1 width=16) (actual time=32.673..7141.367 rows=42112 loops=1)
                                 Buffers: shared hit=545188 read=108032
                                 ->  Nested Loop  (cost=4695.46..378024.59 rows=1 width=20) (actual time=32.652..6182.759 rows=42112 loops=1)
                                       Buffers: shared hit=503076 read=108032
                                       ->  Hash Join  (cost=4695.02..377115.48 rows=21 width=12) (actual time=32.374..1708.868 rows=28063 loops=1)
                                             Hash Cond: (t.kind_id = kt.id)
                                             Buffers: shared hit=124257 read=30616
                                             ->  Nested Loop  (cost=4693.89..377114.14 rows=50 width=16) (actual time=32.342..1692.929 rows=28076 loops=1)
                                                   Buffers: shared hit=124256 read=30616
                                                   ->  Bitmap Heap Scan on movie_info mi2  (cost=4693.46..374133.05 rows=356 width=8) (actual time=19.779..454.846 rows=33825 loops=1)
                                                         Recheck Cond: (info_type_id = 5)
                                                         Filter: ((info)::text = ANY ('{Finland:S,Sweden:15,USA:Approved,USA:Passed}'::text[]))
                                                         Rows Removed by Filter: 452729
                                                         Heap Blocks: exact=19164
                                                         Buffers: shared hit=2574 read=16998
                                                         ->  Bitmap Index Scan on info_type_id_movie_info  (cost=0.00..4693.37 rows=439058 width=0) (actual time=16.301..16.302 rows=486554 loops=1)
                                                               Index Cond: (info_type_id = 5)
                                                               Buffers: shared read=408
                                                   ->  Index Scan using title_pkey on title t  (cost=0.43..8.37 rows=1 width=8) (actual time=0.036..0.036 rows=1 loops=33825)
                                                         Index Cond: (id = mi2.movie_id)
                                                         Filter: ((production_year <= 1975) AND (1925 < production_year))
                                                         Rows Removed by Filter: 0
                                                         Buffers: shared hit=121682 read=13618
                                             ->  Hash  (cost=1.10..1.10 rows=3 width=4) (actual time=0.012..0.013 rows=3 loops=1)
                                                   Buckets: 1024  Batches: 1  Memory Usage: 9kB
                                                   Buffers: shared hit=1
                                                   ->  Seq Scan on kind_type kt  (cost=0.00..1.10 rows=3 width=4) (actual time=0.008..0.009 rows=3 loops=1)
                                                         Filter: ((kind)::text = ANY ('{episode,movie,"tv movie"}'::text[]))
                                                         Rows Removed by Filter: 4
                                                         Buffers: shared hit=1
                                       ->  Index Scan using movie_id_movie_info on movie_info mi1  (cost=0.43..43.28 rows=1 width=8) (actual time=0.157..0.158 rows=2 loops=28063)
                                             Index Cond: (movie_id = t.id)
                                             Filter: ((info_type_id = 3) AND ((info)::text = ANY ('{Animation,Comedy,Crime,Drama,Romance,Short,Western}'::text[])))
                                             Rows Removed by Filter: 33
                                             Buffers: shared hit=378819 read=77416
                                 ->  Seq Scan on info_type it1  (cost=0.00..2.41 rows=1 width=4) (actual time=0.011..0.020 rows=1 loops=42112)
                                       Filter: (id = 3)
                                       Rows Removed by Filter: 112
                                       Buffers: shared hit=42112
                           ->  Seq Scan on info_type it2  (cost=0.00..2.41 rows=1 width=4) (actual time=0.011..0.021 rows=1 loops=42112)
                                 Filter: (id = 5)
                                 Rows Removed by Filter: 112
                                 Buffers: shared hit=42112
                     ->  Index Scan using movie_id_cast_info on cast_info ci  (cost=0.44..44.50 rows=38 width=12) (actual time=0.034..0.330 rows=36 loops=42112)
                           Index Cond: (movie_id = t.id)
                           Buffers: shared hit=1503946 read=97875
               ->  Hash  (cost=1.15..1.15 rows=1 width=4) (actual time=0.028..0.029 rows=1 loops=1)
                     Buckets: 1024  Batches: 1  Memory Usage: 9kB
                     Buffers: shared hit=1
                     ->  Seq Scan on role_type rt  (cost=0.00..1.15 rows=1 width=4) (actual time=0.021..0.023 rows=1 loops=1)
                           Filter: ((role)::text = 'actress'::text)
                           Rows Removed by Filter: 11
                           Buffers: shared hit=1
         ->  Index Scan using name_pkey on name n  (cost=0.43..2.32 rows=1 width=4) (actual time=0.034..0.034 rows=1 loops=259284)
               Index Cond: (id = ci.person_id)
               Filter: ((gender)::text = 'f'::text)
               Rows Removed by Filter: 0
               Buffers: shared hit=1020466 read=16670
 Planning:
   Buffers: shared hit=485 read=89
 Planning Time: 12.917 ms
 Execution Time: 31838.785 ms
(73 rows)

