                                                                                             QUERY PLAN                                                                                              
-----------------------------------------------------------------------------------------------------------------------------------------------------------------------------------------------------
 Aggregate  (cost=352988.11..352988.12 rows=1 width=8) (actual time=13043.808..13043.815 rows=1 loops=1)
   Buffers: shared hit=1036436 read=321254
   ->  Nested Loop  (cost=4697.50..352988.11 rows=1 width=0) (actual time=35.170..13039.150 rows=25647 loops=1)
         Buffers: shared hit=1036436 read=321254
         ->  Hash Join  (cost=4697.07..352985.79 rows=1 width=4) (actual time=35.063..10983.350 rows=60325 loops=1)
               Hash Cond: (ci.role_id = rt.id)
               Buffers: shared hit=820170 read=296220
               ->  Nested Loop  (cost=4695.91..352984.58 rows=14 width=8) (actual time=34.793..10869.479 rows=723938 loops=1)
                     Buffers: shared hit=820169 read=296220
                     ->  Nested Loop  (cost=4695.47..352940.84 rows=1 width=12) (actual time=34.749..4033.426 rows=9066 loops=1)
                           Buffers: shared hit=274154 read=108320
                           ->  Nested Loop  (cost=4695.47..352938.42 rows=1 width=16) (actual time=34.743..3860.186 rows=9066 loops=1)
                                 Buffers: shared hit=265088 read=108320
                                 ->  Nested Loop  (cost=4695.47..352936.00 rows=1 width=20) (actual time=34.722..3691.562 rows=9066 loops=1)
                                       Buffers: shared hit=256022 read=108320
                                       ->  Hash Join  (cost=4695.04..347864.72 rows=120 width=12) (actual time=22.137..1084.304 rows=14282 loops=1)
                                             Hash Cond: (t.kind_id = kt.id)
                                             Buffers: shared hit=73477 read=30456
                                             ->  Nested Loop  (cost=4693.90..347862.41 rows=280 width=16) (actual time=22.093..1076.813 rows=15123 loops=1)
                                                   Buffers: shared hit=73476 read=30456
                                                   ->  Bitmap Heap Scan on movie_info mi2  (cost=4693.47..344470.69 rows=406 width=8) (actual time=22.047..365.010 rows=21090 loops=1)
                                                         Recheck Cond: (info_type_id = 5)
                                                         Filter: ((info)::text = ANY ('{Argentina:16,USA:R}'::text[]))
                                                         Rows Removed by Filter: 465464
                                                         Heap Blocks: exact=19164
                                                         Buffers: shared hit=3185 read=16387
                                                         ->  Bitmap Index Scan on info_type_id_movie_info  (cost=0.00..4693.37 rows=439058 width=0) (actual time=18.738..18.740 rows=486554 loops=1)
                                                               Index Cond: (info_type_id = 5)
                                                               Buffers: shared read=408
                                                   ->  Index Scan using title_pkey on title t  (cost=0.43..8.35 rows=1 width=8) (actual time=0.033..0.033 rows=1 loops=21090)
                                                         Index Cond: (id = mi2.movie_id)
                                                         Filter: ((production_year <= 2015) AND (1990 < production_year))
                                                         Rows Removed by Filter: 0
                                                         Buffers: shared hit=70291 read=14069
                                             ->  Hash  (cost=1.10..1.10 rows=3 width=4) (actual time=0.018..0.019 rows=3 loops=1)
                                                   Buckets: 1024  Batches: 1  Memory Usage: 9kB
                                                   Buffers: shared hit=1
                                                   ->  Seq Scan on kind_type kt  (cost=0.00..1.10 rows=3 width=4) (actual time=0.010..0.012 rows=3 loops=1)
                                                         Filter: ((kind)::text = ANY ('{episode,movie,"video movie"}'::text[]))
                                                         Rows Removed by Filter: 4
                                                         Buffers: shared hit=1
                                       ->  Index Scan using movie_id_movie_info on movie_info mi1  (cost=0.43..42.25 rows=1 width=8) (actual time=0.181..0.182 rows=1 loops=14282)
                                             Index Cond: (movie_id = t.id)
                                             Filter: (((info)::text = ANY ('{Action,Drama}'::text[])) AND (info_type_id = 3))
                                             Rows Removed by Filter: 66
                                             Buffers: shared hit=182545 read=77864
                                 ->  Seq Scan on info_type it1  (cost=0.00..2.41 rows=1 width=4) (actual time=0.009..0.017 rows=1 loops=9066)
                                       Filter: (id = 3)
                                       Rows Removed by Filter: 112
                                       Buffers: shared hit=9066
                           ->  Seq Scan on info_type it2  (cost=0.00..2.41 rows=1 width=4) (actual time=0.009..0.017 rows=1 loops=9066)
                                 Filter: (id = 5)
                                 Rows Removed by Filter: 112
                                 Buffers: shared hit=9066
                     ->  Index Scan using movie_id_cast_info on cast_info ci  (cost=0.44..43.36 rows=38 width=12) (actual time=0.037..0.736 rows=80 loops=9066)
                           Index Cond: (movie_id = t.id)
                           Buffers: shared hit=546015 read=187900
               ->  Hash  (cost=1.15..1.15 rows=1 width=4) (actual time=0.033..0.034 rows=1 loops=1)
                     Buckets: 1024  Batches: 1  Memory Usage: 9kB
                     Buffers: shared hit=1
                     ->  Seq Scan on role_type rt  (cost=0.00..1.15 rows=1 width=4) (actual time=0.026..0.027 rows=1 loops=1)
                           Filter: ((role)::text = 'producer'::text)
                           Rows Removed by Filter: 11
                           Buffers: shared hit=1
         ->  Index Scan using name_pkey on name n  (cost=0.43..2.32 rows=1 width=4) (actual time=0.034..0.034 rows=0 loops=60325)
               Index Cond: (id = ci.person_id)
               Filter: ((gender)::text = 'm'::text)
               Rows Removed by Filter: 1
               Buffers: shared hit=216266 read=25034
 Planning:
   Buffers: shared hit=483 read=91
 Planning Time: 14.326 ms
 Execution Time: 13044.502 ms
(73 rows)

