                                                                                             QUERY PLAN                                                                                              
-----------------------------------------------------------------------------------------------------------------------------------------------------------------------------------------------------
 Aggregate  (cost=393041.38..393041.39 rows=1 width=8) (actual time=1728.019..1728.028 rows=1 loops=1)
   Buffers: shared hit=143085 read=33219
   ->  Nested Loop  (cost=4697.51..393041.38 rows=1 width=0) (actual time=37.138..1728.015 rows=10 loops=1)
         Buffers: shared hit=143085 read=33219
         ->  Hash Join  (cost=4697.08..393036.74 rows=2 width=4) (actual time=37.083..1727.522 rows=19 loops=1)
               Hash Cond: (ci.role_id = rt.id)
               Buffers: shared hit=143035 read=33193
               ->  Nested Loop  (cost=4695.90..393035.52 rows=14 width=8) (actual time=23.974..1727.387 rows=464 loops=1)
                     Buffers: shared hit=143034 read=33193
                     ->  Nested Loop  (cost=4695.46..392990.64 rows=1 width=12) (actual time=23.931..1720.854 rows=74 loops=1)
                           Buffers: shared hit=142764 read=32801
                           ->  Nested Loop  (cost=4695.46..392988.22 rows=1 width=16) (actual time=23.926..1720.099 rows=74 loops=1)
                                 Buffers: shared hit=142690 read=32801
                                 ->  Nested Loop  (cost=4695.46..392985.80 rows=1 width=20) (actual time=23.907..1719.264 rows=74 loops=1)
                                       Buffers: shared hit=142616 read=32801
                                       ->  Hash Join  (cost=4695.03..392035.65 rows=22 width=12) (actual time=23.817..1698.264 rows=88 loops=1)
                                             Hash Cond: (t.kind_id = kt.id)
                                             Buffers: shared hit=142270 read=31919
                                             ->  Nested Loop  (cost=4693.89..392034.30 rows=51 width=16) (actual time=23.772..1693.039 rows=27070 loops=1)
                                                   Buffers: shared hit=142269 read=31919
                                                   ->  Bitmap Heap Scan on movie_info mi2  (cost=4693.46..388964.24 rows=367 width=8) (actual time=21.072..413.341 rows=38654 loops=1)
                                                         Recheck Cond: (info_type_id = 5)
                                                         Filter: ((info)::text = ANY ('{Finland:S,Sweden:15,UK:PG,USA:Approved,"West Germany:12"}'::text[]))
                                                         Rows Removed by Filter: 447900
                                                         Heap Blocks: exact=19164
                                                         Buffers: shared hit=1553 read=18019
                                                         ->  Bitmap Index Scan on info_type_id_movie_info  (cost=0.00..4693.37 rows=439058 width=0) (actual time=18.051..18.051 rows=486554 loops=1)
                                                               Index Cond: (info_type_id = 5)
                                                               Buffers: shared read=408
                                                   ->  Index Scan using title_pkey on title t  (cost=0.43..8.37 rows=1 width=8) (actual time=0.033..0.033 rows=1 loops=38654)
                                                         Index Cond: (id = mi2.movie_id)
                                                         Filter: ((production_year <= 1975) AND (1925 < production_year))
                                                         Rows Removed by Filter: 0
                                                         Buffers: shared hit=140716 read=13900
                                             ->  Hash  (cost=1.10..1.10 rows=3 width=4) (actual time=0.021..0.022 rows=3 loops=1)
                                                   Buckets: 1024  Batches: 1  Memory Usage: 9kB
                                                   Buffers: shared hit=1
                                                   ->  Seq Scan on kind_type kt  (cost=0.00..1.10 rows=3 width=4) (actual time=0.009..0.011 rows=3 loops=1)
                                                         Filter: ((kind)::text = ANY ('{"tv series","video game","video movie"}'::text[]))
                                                         Rows Removed by Filter: 4
                                                         Buffers: shared hit=1
                                       ->  Index Scan using movie_id_movie_info on movie_info mi1  (cost=0.43..43.18 rows=1 width=8) (actual time=0.234..0.238 rows=1 loops=88)
                                             Index Cond: (movie_id = t.id)
                                             Filter: ((info_type_id = 3) AND ((info)::text = ANY ('{Crime,Drama,Family,Romance,Short}'::text[])))
                                             Rows Removed by Filter: 52
                                             Buffers: shared hit=346 read=882
                                 ->  Seq Scan on info_type it1  (cost=0.00..2.41 rows=1 width=4) (actual time=0.005..0.010 rows=1 loops=74)
                                       Filter: (id = 3)
                                       Rows Removed by Filter: 112
                                       Buffers: shared hit=74
                           ->  Seq Scan on info_type it2  (cost=0.00..2.41 rows=1 width=4) (actual time=0.004..0.009 rows=1 loops=74)
                                 Filter: (id = 5)
                                 Rows Removed by Filter: 112
                                 Buffers: shared hit=74
                     ->  Index Scan using movie_id_cast_info on cast_info ci  (cost=0.44..44.50 rows=38 width=12) (actual time=0.021..0.087 rows=6 loops=74)
                           Index Cond: (movie_id = t.id)
                           Buffers: shared hit=270 read=392
               ->  Hash  (cost=1.15..1.15 rows=2 width=4) (actual time=0.041..0.042 rows=2 loops=1)
                     Buckets: 1024  Batches: 1  Memory Usage: 9kB
                     Buffers: shared hit=1
                     ->  Seq Scan on role_type rt  (cost=0.00..1.15 rows=2 width=4) (actual time=0.027..0.030 rows=2 loops=1)
                           Filter: ((role)::text = ANY ('{composer,producer}'::text[]))
                           Rows Removed by Filter: 10
                           Buffers: shared hit=1
         ->  Index Scan using name_pkey on name n  (cost=0.43..2.32 rows=1 width=4) (actual time=0.025..0.025 rows=1 loops=19)
               Index Cond: (id = ci.person_id)
               Filter: ((gender)::text = 'm'::text)
               Rows Removed by Filter: 0
               Buffers: shared hit=50 read=26
 Planning:
   Buffers: shared hit=484 read=90
 Planning Time: 14.462 ms
 Execution Time: 1728.732 ms
(73 rows)

