                                                                                             QUERY PLAN                                                                                              
-----------------------------------------------------------------------------------------------------------------------------------------------------------------------------------------------------
 Aggregate  (cost=360065.63..360065.64 rows=1 width=8) (actual time=1262.810..1262.818 rows=1 loops=1)
   Buffers: shared hit=113778 read=14547
   ->  Nested Loop  (cost=4697.41..360065.63 rows=1 width=0) (actual time=34.859..1262.753 rows=152 loops=1)
         Buffers: shared hit=113778 read=14547
         ->  Hash Join  (cost=4696.98..360063.31 rows=1 width=4) (actual time=31.954..1248.150 rows=316 loops=1)
               Hash Cond: (ci.role_id = rt.id)
               Buffers: shared hit=112841 read=14220
               ->  Nested Loop  (cost=4695.82..360062.10 rows=14 width=8) (actual time=31.378..1246.639 rows=9321 loops=1)
                     Buffers: shared hit=112840 read=14220
                     ->  Nested Loop  (cost=4695.38..360018.36 rows=1 width=12) (actual time=31.336..1150.411 rows=280 loops=1)
                           Buffers: shared hit=107543 read=9713
                           ->  Nested Loop  (cost=4695.38..360015.94 rows=1 width=16) (actual time=31.330..1145.719 rows=280 loops=1)
                                 Buffers: shared hit=107263 read=9713
                                 ->  Nested Loop  (cost=4695.38..360013.51 rows=1 width=20) (actual time=31.308..1141.471 rows=280 loops=1)
                                       Buffers: shared hit=106983 read=9713
                                       ->  Hash Join  (cost=4694.94..359590.40 rows=10 width=12) (actual time=22.790..1014.875 rows=889 loops=1)
                                             Hash Cond: (t.kind_id = kt.id)
                                             Buffers: shared hit=101791 read=2934
                                             ->  Nested Loop  (cost=4693.81..359589.17 rows=23 width=16) (actual time=22.743..1012.387 rows=11514 loops=1)
                                                   Buffers: shared hit=101790 read=2934
                                                   ->  Bitmap Heap Scan on movie_info mi2  (cost=4693.38..359301.78 rows=34 width=8) (actual time=21.395..325.065 rows=21288 loops=1)
                                                         Recheck Cond: (info_type_id = 5)
                                                         Filter: ((info)::text = ANY ('{France:U,UK:U,"USA:Not Rated"}'::text[]))
                                                         Rows Removed by Filter: 465266
                                                         Heap Blocks: exact=19164
                                                         Buffers: shared hit=19572
                                                         ->  Bitmap Index Scan on info_type_id_movie_info  (cost=0.00..4693.37 rows=439058 width=0) (actual time=18.077..18.077 rows=486554 loops=1)
                                                               Index Cond: (info_type_id = 5)
                                                               Buffers: shared hit=408
                                                   ->  Index Scan using title_pkey on title t  (cost=0.43..8.45 rows=1 width=8) (actual time=0.032..0.032 rows=1 loops=21288)
                                                         Index Cond: (id = mi2.movie_id)
                                                         Filter: ((production_year <= 2015) AND (1990 < production_year))
                                                         Rows Removed by Filter: 0
                                                         Buffers: shared hit=82218 read=2934
                                             ->  Hash  (cost=1.10..1.10 rows=3 width=4) (actual time=0.019..0.020 rows=3 loops=1)
                                                   Buckets: 1024  Batches: 1  Memory Usage: 9kB
                                                   Buffers: shared hit=1
                                                   ->  Seq Scan on kind_type kt  (cost=0.00..1.10 rows=3 width=4) (actual time=0.010..0.012 rows=3 loops=1)
                                                         Filter: ((kind)::text = ANY ('{"tv movie","tv series","video game"}'::text[]))
                                                         Rows Removed by Filter: 4
                                                         Buffers: shared hit=1
                                       ->  Index Scan using movie_id_movie_info on movie_info mi1  (cost=0.43..42.30 rows=1 width=8) (actual time=0.141..0.142 rows=0 loops=889)
                                             Index Cond: (movie_id = t.id)
                                             Filter: ((info_type_id = 3) AND ((info)::text = ANY ('{Family,Romance,Thriller}'::text[])))
                                             Rows Removed by Filter: 21
                                             Buffers: shared hit=5192 read=6779
                                 ->  Seq Scan on info_type it1  (cost=0.00..2.41 rows=1 width=4) (actual time=0.006..0.013 rows=1 loops=280)
                                       Filter: (id = 3)
                                       Rows Removed by Filter: 112
                                       Buffers: shared hit=280
                           ->  Seq Scan on info_type it2  (cost=0.00..2.41 rows=1 width=4) (actual time=0.008..0.015 rows=1 loops=280)
                                 Filter: (id = 5)
                                 Rows Removed by Filter: 112
                                 Buffers: shared hit=280
                     ->  Index Scan using movie_id_cast_info on cast_info ci  (cost=0.44..43.36 rows=38 width=12) (actual time=0.038..0.336 rows=33 loops=280)
                           Index Cond: (movie_id = t.id)
                           Buffers: shared hit=5297 read=4507
               ->  Hash  (cost=1.15..1.15 rows=1 width=4) (actual time=0.035..0.036 rows=1 loops=1)
                     Buckets: 1024  Batches: 1  Memory Usage: 9kB
                     Buffers: shared hit=1
                     ->  Seq Scan on role_type rt  (cost=0.00..1.15 rows=1 width=4) (actual time=0.028..0.029 rows=1 loops=1)
                           Filter: ((role)::text = 'director'::text)
                           Rows Removed by Filter: 11
                           Buffers: shared hit=1
         ->  Index Scan using name_pkey on name n  (cost=0.43..2.32 rows=1 width=4) (actual time=0.046..0.046 rows=0 loops=316)
               Index Cond: (id = ci.person_id)
               Filter: ((gender)::text = 'm'::text)
               Rows Removed by Filter: 1
               Buffers: shared hit=937 read=327
 Planning:
   Buffers: shared hit=574
 Planning Time: 14.557 ms
 Execution Time: 1263.499 ms
(73 rows)

