                                                                                             QUERY PLAN                                                                                              
-----------------------------------------------------------------------------------------------------------------------------------------------------------------------------------------------------
 Aggregate  (cost=397840.96..397840.97 rows=1 width=8) (actual time=1868.688..1868.696 rows=1 loops=1)
   Buffers: shared hit=152407 read=40590
   ->  Nested Loop  (cost=4697.58..397840.96 rows=1 width=0) (actual time=191.672..1868.662 rows=70 loops=1)
         Buffers: shared hit=152407 read=40590
         ->  Hash Join  (cost=4697.15..397838.64 rows=1 width=4) (actual time=191.622..1857.092 rows=296 loops=1)
               Hash Cond: (ci.role_id = rt.id)
               Buffers: shared hit=151480 read=40333
               ->  Nested Loop  (cost=4695.99..397837.43 rows=14 width=8) (actual time=23.045..1855.801 rows=10036 loops=1)
                     Buffers: shared hit=151479 read=40333
                     ->  Nested Loop  (cost=4695.55..397793.05 rows=1 width=12) (actual time=23.002..1753.949 rows=442 loops=1)
                           Buffers: shared hit=142894 read=37752
                           ->  Nested Loop  (cost=4695.55..397790.63 rows=1 width=16) (actual time=22.997..1747.980 rows=442 loops=1)
                                 Buffers: shared hit=142452 read=37752
                                 ->  Nested Loop  (cost=4695.55..397788.21 rows=1 width=20) (actual time=22.973..1741.790 rows=442 loops=1)
                                       Buffers: shared hit=142010 read=37752
                                       ->  Hash Join  (cost=4695.11..394924.37 rows=67 width=12) (actual time=21.160..1671.503 rows=430 loops=1)
                                             Hash Cond: (t.kind_id = kt.id)
                                             Buffers: shared hit=138695 read=33742
                                             ->  Nested Loop  (cost=4693.98..394922.58 rows=156 width=16) (actual time=21.119..1668.310 rows=15896 loops=1)
                                                   Buffers: shared hit=138694 read=33742
                                                   ->  Bitmap Heap Scan on movie_info mi2  (cost=4693.55..388964.33 rows=721 width=8) (actual time=20.788..421.606 rows=38216 loops=1)
                                                         Recheck Cond: (info_type_id = 5)
                                                         Filter: ((info)::text = ANY ('{Argentina:13,Australia:M,Finland:K-16,Iceland:16,Norway:16}'::text[]))
                                                         Rows Removed by Filter: 448338
                                                         Heap Blocks: exact=19164
                                                         Buffers: shared hit=1587 read=17985
                                                         ->  Bitmap Index Scan on info_type_id_movie_info  (cost=0.00..4693.37 rows=439058 width=0) (actual time=18.112..18.112 rows=486554 loops=1)
                                                               Index Cond: (info_type_id = 5)
                                                               Buffers: shared read=408
                                                   ->  Index Scan using title_pkey on title t  (cost=0.43..8.26 rows=1 width=8) (actual time=0.032..0.032 rows=0 loops=38216)
                                                         Index Cond: (id = mi2.movie_id)
                                                         Filter: ((production_year <= 1990) AND (1950 < production_year))
                                                         Rows Removed by Filter: 1
                                                         Buffers: shared hit=137107 read=15757
                                             ->  Hash  (cost=1.10..1.10 rows=3 width=4) (actual time=0.018..0.019 rows=3 loops=1)
                                                   Buckets: 1024  Batches: 1  Memory Usage: 9kB
                                                   Buffers: shared hit=1
                                                   ->  Seq Scan on kind_type kt  (cost=0.00..1.10 rows=3 width=4) (actual time=0.009..0.011 rows=3 loops=1)
                                                         Filter: ((kind)::text = ANY ('{"tv series","video game","video movie"}'::text[]))
                                                         Rows Removed by Filter: 4
                                                         Buffers: shared hit=1
                                       ->  Index Scan using movie_id_movie_info on movie_info mi1  (cost=0.43..42.73 rows=1 width=8) (actual time=0.159..0.163 rows=1 loops=430)
                                             Index Cond: (movie_id = t.id)
                                             Filter: ((info_type_id = 3) AND ((info)::text = ANY ('{Crime,Drama,Thriller}'::text[])))
                                             Rows Removed by Filter: 60
                                             Buffers: shared hit=3315 read=4010
                                 ->  Seq Scan on info_type it1  (cost=0.00..2.41 rows=1 width=4) (actual time=0.006..0.012 rows=1 loops=442)
                                       Filter: (id = 3)
                                       Rows Removed by Filter: 112
                                       Buffers: shared hit=442
                           ->  Seq Scan on info_type it2  (cost=0.00..2.41 rows=1 width=4) (actual time=0.006..0.012 rows=1 loops=442)
                                 Filter: (id = 5)
                                 Rows Removed by Filter: 112
                                 Buffers: shared hit=442
                     ->  Index Scan using movie_id_cast_info on cast_info ci  (cost=0.44..43.99 rows=38 width=12) (actual time=0.028..0.226 rows=23 loops=442)
                           Index Cond: (movie_id = t.id)
                           Buffers: shared hit=8585 read=2581
               ->  Hash  (cost=1.15..1.15 rows=1 width=4) (actual time=0.031..0.032 rows=1 loops=1)
                     Buckets: 1024  Batches: 1  Memory Usage: 9kB
                     Buffers: shared hit=1
                     ->  Seq Scan on role_type rt  (cost=0.00..1.15 rows=1 width=4) (actual time=0.025..0.026 rows=1 loops=1)
                           Filter: ((role)::text = 'editor'::text)
                           Rows Removed by Filter: 11
                           Buffers: shared hit=1
         ->  Index Scan using name_pkey on name n  (cost=0.43..2.32 rows=1 width=4) (actual time=0.039..0.039 rows=0 loops=296)
               Index Cond: (id = ci.person_id)
               Filter: ((gender)::text = 'm'::text)
               Rows Removed by Filter: 1
               Buffers: shared hit=927 read=257
 Planning:
   Buffers: shared hit=483 read=91
 Planning Time: 13.760 ms
 Execution Time: 1869.388 ms
(73 rows)

