                                                                                             QUERY PLAN                                                                                              
-----------------------------------------------------------------------------------------------------------------------------------------------------------------------------------------------------
 Aggregate  (cost=420315.99..420316.00 rows=1 width=8) (actual time=2329.282..2329.289 rows=1 loops=1)
   Buffers: shared hit=196057 read=43912
   ->  Nested Loop  (cost=4697.43..420315.99 rows=1 width=0) (actual time=46.380..2328.982 rows=1182 loops=1)
         Buffers: shared hit=196057 read=43912
         ->  Hash Join  (cost=4697.00..420311.35 rows=2 width=4) (actual time=22.059..2250.786 rows=2473 loops=1)
               Hash Cond: (ci.role_id = rt.id)
               Buffers: shared hit=187731 read=42346
               ->  Nested Loop  (cost=4695.83..420310.13 rows=14 width=8) (actual time=21.907..2240.266 rows=76143 loops=1)
                     Buffers: shared hit=187730 read=42346
                     ->  Nested Loop  (cost=4695.39..420266.39 rows=1 width=12) (actual time=21.863..1478.956 rows=1775 loops=1)
                           Buffers: shared hit=134236 read=16555
                           ->  Nested Loop  (cost=4695.39..420263.97 rows=1 width=16) (actual time=21.858..1445.971 rows=1775 loops=1)
                                 Buffers: shared hit=132461 read=16555
                                 ->  Nested Loop  (cost=4695.39..420261.55 rows=1 width=20) (actual time=21.833..1417.667 rows=1775 loops=1)
                                       Buffers: shared hit=130686 read=16555
                                       ->  Hash Join  (cost=4694.95..419287.19 rows=23 width=12) (actual time=21.699..1127.944 rows=1942 loops=1)
                                             Hash Cond: (t.kind_id = kt.id)
                                             Buffers: shared hit=115258 read=2359
                                             ->  Nested Loop  (cost=4693.82..419285.83 rows=54 width=16) (actual time=21.655..1124.349 rows=17489 loops=1)
                                                   Buffers: shared hit=115257 read=2359
                                                   ->  Bitmap Heap Scan on movie_info mi2  (cost=4693.39..418626.53 rows=78 width=8) (actual time=21.538..370.283 rows=24511 loops=1)
                                                         Recheck Cond: (info_type_id = 5)
                                                         Filter: ((info)::text = ANY ('{Germany:12,Iceland:L,Malaysia:U,"New Zealand:R16",Singapore:NC-16,Spain:T,USA:Unrated}'::text[]))
                                                         Rows Removed by Filter: 462043
                                                         Heap Blocks: exact=19164
                                                         Buffers: shared hit=19414 read=158
                                                         ->  Bitmap Index Scan on info_type_id_movie_info  (cost=0.00..4693.37 rows=439058 width=0) (actual time=18.334..18.335 rows=486554 loops=1)
                                                               Index Cond: (info_type_id = 5)
                                                               Buffers: shared hit=408
                                                   ->  Index Scan using title_pkey on title t  (cost=0.43..8.45 rows=1 width=8) (actual time=0.030..0.030 rows=1 loops=24511)
                                                         Index Cond: (id = mi2.movie_id)
                                                         Filter: ((production_year <= 2015) AND (1990 < production_year))
                                                         Rows Removed by Filter: 0
                                                         Buffers: shared hit=95843 read=2201
                                             ->  Hash  (cost=1.10..1.10 rows=3 width=4) (actual time=0.022..0.023 rows=3 loops=1)
                                                   Buckets: 1024  Batches: 1  Memory Usage: 9kB
                                                   Buffers: shared hit=1
                                                   ->  Seq Scan on kind_type kt  (cost=0.00..1.10 rows=3 width=4) (actual time=0.013..0.015 rows=3 loops=1)
                                                         Filter: ((kind)::text = ANY ('{"tv movie","tv series","video game"}'::text[]))
                                                         Rows Removed by Filter: 4
                                                         Buffers: shared hit=1
                                       ->  Index Scan using movie_id_movie_info on movie_info mi1  (cost=0.43..42.35 rows=1 width=8) (actual time=0.147..0.149 rows=1 loops=1942)
                                             Index Cond: (movie_id = t.id)
                                             Filter: ((info_type_id = 3) AND ((info)::text = ANY ('{Adventure,Comedy,Drama,Romance}'::text[])))
                                             Rows Removed by Filter: 36
                                             Buffers: shared hit=15428 read=14196
                                 ->  Seq Scan on info_type it1  (cost=0.00..2.41 rows=1 width=4) (actual time=0.008..0.014 rows=1 loops=1775)
                                       Filter: (id = 3)
                                       Rows Removed by Filter: 112
                                       Buffers: shared hit=1775
                           ->  Seq Scan on info_type it2  (cost=0.00..2.41 rows=1 width=4) (actual time=0.010..0.017 rows=1 loops=1775)
                                 Filter: (id = 5)
                                 Rows Removed by Filter: 112
                                 Buffers: shared hit=1775
                     ->  Index Scan using movie_id_cast_info on cast_info ci  (cost=0.44..43.36 rows=38 width=12) (actual time=0.036..0.420 rows=43 loops=1775)
                           Index Cond: (movie_id = t.id)
                           Buffers: shared hit=53494 read=25791
               ->  Hash  (cost=1.15..1.15 rows=2 width=4) (actual time=0.037..0.038 rows=2 loops=1)
                     Buckets: 1024  Batches: 1  Memory Usage: 9kB
                     Buffers: shared hit=1
                     ->  Seq Scan on role_type rt  (cost=0.00..1.15 rows=2 width=4) (actual time=0.028..0.030 rows=2 loops=1)
                           Filter: ((role)::text = ANY ('{cinematographer,composer}'::text[]))
                           Rows Removed by Filter: 10
                           Buffers: shared hit=1
         ->  Index Scan using name_pkey on name n  (cost=0.43..2.32 rows=1 width=4) (actual time=0.031..0.031 rows=0 loops=2473)
               Index Cond: (id = ci.person_id)
               Filter: ((gender)::text = 'm'::text)
               Rows Removed by Filter: 1
               Buffers: shared hit=8326 read=1566
 Planning:
   Buffers: shared hit=574
 Planning Time: 14.734 ms
 Execution Time: 2329.957 ms
(73 rows)

