                                                                                                        QUERY PLAN                                                                                                         
---------------------------------------------------------------------------------------------------------------------------------------------------------------------------------------------------------------------------
 Aggregate  (cost=465395.13..465395.14 rows=1 width=8) (actual time=32886.003..32886.011 rows=1 loops=1)
   Buffers: shared hit=2986633 read=450721
   ->  Nested Loop  (cost=4697.42..465395.13 rows=1 width=0) (actual time=38.403..32870.521 rows=78535 loops=1)
         Buffers: shared hit=2986633 read=450721
         ->  Hash Join  (cost=4696.99..465390.49 rows=2 width=4) (actual time=38.349..27941.364 rows=141384 loops=1)
               Hash Cond: (ci.role_id = rt.id)
               Buffers: shared hit=2451521 read=420297
               ->  Nested Loop  (cost=4695.82..465389.26 rows=14 width=8) (actual time=37.963..27574.684 rows=2118431 loops=1)
                     Buffers: shared hit=2451520 read=420297
                     ->  Nested Loop  (cost=4695.38..465345.60 rows=1 width=12) (actual time=37.911..8110.703 rows=31579 loops=1)
                           Buffers: shared hit=565412 read=144636
                           ->  Nested Loop  (cost=4695.38..465343.18 rows=1 width=16) (actual time=37.904..7434.281 rows=31579 loops=1)
                                 Buffers: shared hit=533833 read=144636
                                 ->  Nested Loop  (cost=4695.38..465340.76 rows=1 width=20) (actual time=37.873..6749.492 rows=31579 loops=1)
                                       Buffers: shared hit=502254 read=144636
                                       ->  Hash Join  (cost=4694.94..464068.33 rows=30 width=12) (actual time=20.974..1686.236 rows=26943 loops=1)
                                             Hash Cond: (t.kind_id = kt.id)
                                             Buffers: shared hit=106334 read=34443
                                             ->  Nested Loop  (cost=4693.83..464066.78 rows=104 width=16) (actual time=20.363..1670.998 rows=29810 loops=1)
                                                   Buffers: shared hit=106333 read=34443
                                                   ->  Bitmap Heap Scan on movie_info mi2  (cost=4693.40..463120.10 rows=112 width=8) (actual time=20.319..546.223 rows=30301 loops=1)
                                                         Recheck Cond: (info_type_id = 5)
                                                         Filter: ((info)::text = ANY ('{Canada:G,Canada:R,France:-12,Netherlands:AL,"South Korea:All",Spain:13,Sweden:11,USA:Passed,USA:TV-G,"West Germany:16"}'::text[]))
                                                         Rows Removed by Filter: 456253
                                                         Heap Blocks: exact=19164
                                                         Buffers: shared hit=3213 read=16359
                                                         ->  Bitmap Index Scan on info_type_id_movie_info  (cost=0.00..4693.37 rows=439058 width=0) (actual time=17.402..17.403 rows=486554 loops=1)
                                                               Index Cond: (info_type_id = 5)
                                                               Buffers: shared read=408
                                                   ->  Index Scan using title_pkey on title t  (cost=0.43..8.45 rows=1 width=8) (actual time=0.036..0.036 rows=1 loops=30301)
                                                         Index Cond: (id = mi2.movie_id)
                                                         Filter: ((production_year <= 2015) AND (1925 < production_year))
                                                         Rows Removed by Filter: 0
                                                         Buffers: shared hit=103120 read=18084
                                             ->  Hash  (cost=1.09..1.09 rows=2 width=4) (actual time=0.017..0.018 rows=2 loops=1)
                                                   Buckets: 1024  Batches: 1  Memory Usage: 9kB
                                                   Buffers: shared hit=1
                                                   ->  Seq Scan on kind_type kt  (cost=0.00..1.09 rows=2 width=4) (actual time=0.010..0.011 rows=2 loops=1)
                                                         Filter: ((kind)::text = ANY ('{episode,movie}'::text[]))
                                                         Rows Removed by Filter: 5
                                                         Buffers: shared hit=1
                                       ->  Index Scan using movie_id_movie_info on movie_info mi1  (cost=0.43..42.40 rows=1 width=8) (actual time=0.186..0.187 rows=1 loops=26943)
                                             Index Cond: (movie_id = t.id)
                                             Filter: ((info_type_id = 3) AND ((info)::text = ANY ('{Comedy,Drama,Family,Music,Romance,Thriller}'::text[])))
                                             Rows Removed by Filter: 78
                                             Buffers: shared hit=395920 read=110193
                                 ->  Seq Scan on info_type it1  (cost=0.00..2.41 rows=1 width=4) (actual time=0.011..0.019 rows=1 loops=31579)
                                       Filter: (id = 3)
                                       Rows Removed by Filter: 112
                                       Buffers: shared hit=31579
                           ->  Seq Scan on info_type it2  (cost=0.00..2.41 rows=1 width=4) (actual time=0.010..0.019 rows=1 loops=31579)
                                 Filter: (id = 5)
                                 Rows Removed by Filter: 112
                                 Buffers: shared hit=31579
                     ->  Index Scan using movie_id_cast_info on cast_info ci  (cost=0.44..43.28 rows=38 width=12) (actual time=0.035..0.600 rows=67 loops=31579)
                           Index Cond: (movie_id = t.id)
                           Buffers: shared hit=1886108 read=275661
               ->  Hash  (cost=1.15..1.15 rows=2 width=4) (actual time=0.033..0.034 rows=2 loops=1)
                     Buckets: 1024  Batches: 1  Memory Usage: 9kB
                     Buffers: shared hit=1
                     ->  Seq Scan on role_type rt  (cost=0.00..1.15 rows=2 width=4) (actual time=0.025..0.027 rows=2 loops=1)
                           Filter: ((role)::text = ANY ('{cinematographer,producer}'::text[]))
                           Rows Removed by Filter: 10
                           Buffers: shared hit=1
         ->  Index Scan using name_pkey on name n  (cost=0.43..2.32 rows=1 width=4) (actual time=0.034..0.034 rows=1 loops=141384)
               Index Cond: (id = ci.person_id)
               Filter: ((gender)::text = ANY ('{f,m}'::text[]))
               Rows Removed by Filter: 0
               Buffers: shared hit=535112 read=30424
 Planning:
   Buffers: shared hit=484 read=90
 Planning Time: 14.343 ms
 Execution Time: 32886.640 ms
(73 rows)

