                                                                                                                    QUERY PLAN                                                                                                                     
---------------------------------------------------------------------------------------------------------------------------------------------------------------------------------------------------------------------------------------------------
 Aggregate  (cost=524785.90..524785.91 rows=1 width=8) (actual time=6448.391..6448.397 rows=1 loops=1)
   Buffers: shared hit=532505 read=140490
   ->  Nested Loop  (cost=4697.59..524785.89 rows=3 width=0) (actual time=79.508..6447.899 rows=1518 loops=1)
         Buffers: shared hit=532505 read=140490
         ->  Seq Scan on info_type it2  (cost=0.00..2.41 rows=1 width=4) (actual time=0.042..0.051 rows=1 loops=1)
               Filter: (id = 5)
               Rows Removed by Filter: 112
               Buffers: shared hit=1
         ->  Nested Loop  (cost=4697.59..524783.45 rows=3 width=4) (actual time=79.464..6447.499 rows=1518 loops=1)
               Buffers: shared hit=532504 read=140490
               ->  Seq Scan on info_type it1  (cost=0.00..2.41 rows=1 width=4) (actual time=0.007..0.018 rows=1 loops=1)
                     Filter: (id = 3)
                     Rows Removed by Filter: 112
                     Buffers: shared hit=1
               ->  Nested Loop  (cost=4697.59..524781.01 rows=3 width=8) (actual time=79.454..6447.106 rows=1518 loops=1)
                     Buffers: shared hit=532503 read=140490
                     ->  Hash Join  (cost=4697.16..524750.85 rows=13 width=12) (actual time=21.402..5797.235 rows=20052 loops=1)
                           Hash Cond: (ci.role_id = rt.id)
                           Buffers: shared hit=457802 read=134983
                           ->  Nested Loop  (cost=4696.00..524749.13 rows=158 width=16) (actual time=19.911..5755.888 rows=254647 loops=1)
                                 Buffers: shared hit=457801 read=134983
                                 ->  Nested Loop  (cost=4695.56..524268.88 rows=11 width=20) (actual time=19.872..3253.655 rows=6717 loops=1)
                                       Buffers: shared hit=245528 read=80294
                                       ->  Hash Join  (cost=4695.10..513092.62 rows=264 width=12) (actual time=19.677..2374.570 rows=5395 loops=1)
                                             Hash Cond: (t.kind_id = kt.id)
                                             Buffers: shared hit=196663 read=44602
                                             ->  Nested Loop  (cost=4693.97..513088.89 rows=616 width=16) (actual time=19.639..2362.614 rows=55133 loops=1)
                                                   Buffers: shared hit=196662 read=44602
                                                   ->  Bitmap Heap Scan on movie_info mi2  (cost=4693.54..507613.79 rows=661 width=8) (actual time=19.593..551.791 rows=55423 loops=1)
                                                         Recheck Cond: (info_type_id = 5)
                                                         Filter: ((info)::text = ANY ('{Argentina:Atp,Argentina:X,Finland:K-18,Germany:6,Netherlands:AL,Portugal:M/6,Singapore:NC-16,Singapore:PG,Spain:T,Sweden:11,UK:12,UK:PG,USA:PG}'::text[]))
                                                         Rows Removed by Filter: 431131
                                                         Heap Blocks: exact=19164
                                                         Buffers: shared hit=1160 read=18412
                                                         ->  Bitmap Index Scan on info_type_id_movie_info  (cost=0.00..4693.37 rows=439058 width=0) (actual time=17.006..17.007 rows=486554 loops=1)
                                                               Index Cond: (info_type_id = 5)
                                                               Buffers: shared read=408
                                                   ->  Index Scan using title_pkey on title t  (cost=0.43..8.28 rows=1 width=8) (actual time=0.032..0.032 rows=1 loops=55423)
                                                         Index Cond: (id = mi2.movie_id)
                                                         Filter: ((production_year <= 2015) AND (1925 < production_year))
                                                         Rows Removed by Filter: 0
                                                         Buffers: shared hit=195502 read=26190
                                             ->  Hash  (cost=1.10..1.10 rows=3 width=4) (actual time=0.015..0.016 rows=3 loops=1)
                                                   Buckets: 1024  Batches: 1  Memory Usage: 9kB
                                                   Buffers: shared hit=1
                                                   ->  Seq Scan on kind_type kt  (cost=0.00..1.10 rows=3 width=4) (actual time=0.008..0.009 rows=3 loops=1)
                                                         Filter: ((kind)::text = ANY ('{"tv movie","tv series","video game"}'::text[]))
                                                         Rows Removed by Filter: 4
                                                         Buffers: shared hit=1
                                       ->  Index Scan using movie_id_movie_info on movie_info mi1  (cost=0.46..42.32 rows=1 width=8) (actual time=0.159..0.162 rows=1 loops=5395)
                                             Index Cond: (movie_id = t.id)
                                             Filter: ((info_type_id = 3) AND ((info)::text = ANY ('{Action,Adult,Comedy,Crime,Drama,Horror,Romance,Short,Thriller}'::text[])))
                                             Rows Removed by Filter: 43
                                             Buffers: shared hit=48865 read=35692
                                 ->  Index Scan using movie_id_cast_info on cast_info ci  (cost=0.44..43.28 rows=38 width=12) (actual time=0.037..0.364 rows=38 loops=6717)
                                       Index Cond: (movie_id = t.id)
                                       Buffers: shared hit=212273 read=54689
                           ->  Hash  (cost=1.15..1.15 rows=1 width=4) (actual time=0.016..0.016 rows=1 loops=1)
                                 Buckets: 1024  Batches: 1  Memory Usage: 9kB
                                 Buffers: shared hit=1
                                 ->  Seq Scan on role_type rt  (cost=0.00..1.15 rows=1 width=4) (actual time=0.008..0.009 rows=1 loops=1)
                                       Filter: ((role)::text = 'producer'::text)
                                       Rows Removed by Filter: 11
                                       Buffers: shared hit=1
                     ->  Index Scan using name_pkey on name n  (cost=0.43..2.32 rows=1 width=4) (actual time=0.032..0.032 rows=0 loops=20052)
                           Index Cond: (id = ci.person_id)
                           Filter: ((gender)::text = 'f'::text)
                           Rows Removed by Filter: 1
                           Buffers: shared hit=74701 read=5507
 Planning:
   Buffers: shared hit=485 read=92
 Planning Time: 14.139 ms
 Execution Time: 6449.084 ms
(73 rows)

