                                                                                             QUERY PLAN                                                                                              
-----------------------------------------------------------------------------------------------------------------------------------------------------------------------------------------------------
 Aggregate  (cost=426769.67..426769.68 rows=1 width=8) (actual time=18540.125..18540.132 rows=1 loops=1)
   Buffers: shared hit=1683759 read=212010
   ->  Nested Loop  (cost=4697.59..426769.67 rows=1 width=0) (actual time=38.737..18535.415 rows=20546 loops=1)
         Buffers: shared hit=1683759 read=212010
         ->  Hash Join  (cost=4697.16..426767.35 rows=1 width=4) (actual time=38.693..17215.103 rows=37356 loops=1)
               Hash Cond: (ci.role_id = rt.id)
               Buffers: shared hit=1540351 read=205994
               ->  Nested Loop  (cost=4695.99..426766.14 rows=14 width=8) (actual time=38.408..17044.715 rows=995719 loops=1)
                     Buffers: shared hit=1540350 read=205994
                     ->  Nested Loop  (cost=4695.55..426721.26 rows=1 width=12) (actual time=38.362..7454.483 rows=23915 loops=1)
                           Buffers: shared hit=585645 read=109680
                           ->  Nested Loop  (cost=4695.55..426718.84 rows=1 width=16) (actual time=38.355..6916.657 rows=23915 loops=1)
                                 Buffers: shared hit=561730 read=109680
                                 ->  Nested Loop  (cost=4695.55..426716.41 rows=1 width=20) (actual time=38.329..6383.076 rows=23915 loops=1)
                                       Buffers: shared hit=537815 read=109680
                                       ->  Hash Join  (cost=4695.12..424772.93 rows=45 width=12) (actual time=34.281..2369.943 rows=24613 loops=1)
                                             Hash Cond: (t.kind_id = kt.id)
                                             Buffers: shared hit=200048 read=33213
                                             ->  Nested Loop  (cost=4693.99..424771.36 rows=104 width=16) (actual time=24.704..2356.698 rows=24839 loops=1)
                                                   Buffers: shared hit=200047 read=33213
                                                   ->  Bitmap Heap Scan on movie_info mi2  (cost=4693.56..418626.70 rows=744 width=8) (actual time=20.605..508.246 rows=53422 loops=1)
                                                         Recheck Cond: (info_type_id = 5)
                                                         Filter: ((info)::text = ANY ('{Argentina:13,Australia:M,Finland:K-16,Sweden:15,USA:Passed,USA:TV-G,"West Germany:16"}'::text[]))
                                                         Rows Removed by Filter: 433132
                                                         Heap Blocks: exact=19164
                                                         Buffers: shared hit=2128 read=17444
                                                         ->  Bitmap Index Scan on info_type_id_movie_info  (cost=0.00..4693.37 rows=439058 width=0) (actual time=17.966..17.967 rows=486554 loops=1)
                                                               Index Cond: (info_type_id = 5)
                                                               Buffers: shared read=408
                                                   ->  Index Scan using title_pkey on title t  (cost=0.43..8.26 rows=1 width=8) (actual time=0.034..0.034 rows=0 loops=53422)
                                                         Index Cond: (id = mi2.movie_id)
                                                         Filter: ((production_year <= 1975) AND (1925 < production_year))
                                                         Rows Removed by Filter: 1
                                                         Buffers: shared hit=197919 read=15769
                                             ->  Hash  (cost=1.10..1.10 rows=3 width=4) (actual time=0.020..0.021 rows=3 loops=1)
                                                   Buckets: 1024  Batches: 1  Memory Usage: 9kB
                                                   Buffers: shared hit=1
                                                   ->  Seq Scan on kind_type kt  (cost=0.00..1.10 rows=3 width=4) (actual time=0.012..0.014 rows=3 loops=1)
                                                         Filter: ((kind)::text = ANY ('{episode,movie,"tv movie"}'::text[]))
                                                         Rows Removed by Filter: 4
                                                         Buffers: shared hit=1
                                       ->  Index Scan using movie_id_movie_info on movie_info mi1  (cost=0.43..43.18 rows=1 width=8) (actual time=0.161..0.162 rows=1 loops=24613)
                                             Index Cond: (movie_id = t.id)
                                             Filter: ((info_type_id = 3) AND ((info)::text = ANY ('{Adventure,Animation,Comedy,Drama,Thriller}'::text[])))
                                             Rows Removed by Filter: 41
                                             Buffers: shared hit=337767 read=76467
                                 ->  Seq Scan on info_type it1  (cost=0.00..2.41 rows=1 width=4) (actual time=0.011..0.020 rows=1 loops=23915)
                                       Filter: (id = 3)
                                       Rows Removed by Filter: 112
                                       Buffers: shared hit=23915
                           ->  Seq Scan on info_type it2  (cost=0.00..2.41 rows=1 width=4) (actual time=0.011..0.021 rows=1 loops=23915)
                                 Filter: (id = 5)
                                 Rows Removed by Filter: 112
                                 Buffers: shared hit=23915
                     ->  Index Scan using movie_id_cast_info on cast_info ci  (cost=0.44..44.50 rows=38 width=12) (actual time=0.036..0.390 rows=42 loops=23915)
                           Index Cond: (movie_id = t.id)
                           Buffers: shared hit=954705 read=96314
               ->  Hash  (cost=1.15..1.15 rows=1 width=4) (actual time=0.029..0.029 rows=1 loops=1)
                     Buckets: 1024  Batches: 1  Memory Usage: 9kB
                     Buffers: shared hit=1
                     ->  Seq Scan on role_type rt  (cost=0.00..1.15 rows=1 width=4) (actual time=0.022..0.024 rows=1 loops=1)
                           Filter: ((role)::text = 'producer'::text)
                           Rows Removed by Filter: 11
                           Buffers: shared hit=1
         ->  Index Scan using name_pkey on name n  (cost=0.43..2.32 rows=1 width=4) (actual time=0.035..0.035 rows=1 loops=37356)
               Index Cond: (id = ci.person_id)
               Filter: ((gender)::text = ANY ('{f,m}'::text[]))
               Rows Removed by Filter: 0
               Buffers: shared hit=143408 read=6016
 Planning:
   Buffers: shared hit=505 read=69
 Planning Time: 14.245 ms
 Execution Time: 18540.817 ms
(73 rows)

