                                                                                                             QUERY PLAN                                                                                                             
------------------------------------------------------------------------------------------------------------------------------------------------------------------------------------------------------------------------------------
 Aggregate  (cost=498589.19..498589.20 rows=1 width=8) (actual time=6250.027..6250.034 rows=1 loops=1)
   Buffers: shared hit=532146 read=117378
   ->  Nested Loop  (cost=4697.82..498589.18 rows=7 width=0) (actual time=46.953..6247.733 rows=12593 loops=1)
         Buffers: shared hit=532146 read=117378
         ->  Hash Join  (cost=4697.39..498565.98 rows=10 width=4) (actual time=46.897..5432.518 rows=23884 loops=1)
               Hash Cond: (ci.role_id = rt.id)
               Buffers: shared hit=445075 read=108913
               ->  Nested Loop  (cost=4696.22..498564.60 rows=57 width=8) (actual time=46.681..5402.561 rows=167004 loops=1)
                     Buffers: shared hit=445074 read=108913
                     ->  Nested Loop  (cost=4695.78..498389.66 rows=4 width=12) (actual time=46.628..3701.767 rows=4463 loops=1)
                           Buffers: shared hit=320090 read=64054
                           ->  Seq Scan on info_type it2  (cost=0.00..2.41 rows=1 width=4) (actual time=0.032..0.041 rows=1 loops=1)
                                 Filter: (id = 5)
                                 Rows Removed by Filter: 112
                                 Buffers: shared hit=1
                           ->  Nested Loop  (cost=4695.78..498387.21 rows=4 width=16) (actual time=46.595..3700.682 rows=4463 loops=1)
                                 Buffers: shared hit=320089 read=64054
                                 ->  Seq Scan on info_type it1  (cost=0.00..2.41 rows=1 width=4) (actual time=0.008..0.019 rows=1 loops=1)
                                       Filter: (id = 3)
                                       Rows Removed by Filter: 112
                                       Buffers: shared hit=1
                                 ->  Nested Loop  (cost=4695.78..498384.75 rows=4 width=20) (actual time=46.583..3699.553 rows=4463 loops=1)
                                       Buffers: shared hit=320088 read=64054
                                       ->  Hash Join  (cost=4695.32..491391.12 rows=165 width=12) (actual time=46.427..3152.889 rows=4013 loops=1)
                                             Hash Cond: (t.kind_id = kt.id)
                                             Buffers: shared hit=284793 read=45884
                                             ->  Nested Loop  (cost=4694.22..491385.16 rows=1154 width=16) (actual time=21.001..3141.133 rows=52980 loops=1)
                                                   Buffers: shared hit=284792 read=45884
                                                   ->  Bitmap Heap Scan on movie_info mi2  (cost=4693.79..477951.67 rows=1674 width=8) (actual time=20.873..533.760 rows=77776 loops=1)
                                                         Recheck Cond: (info_type_id = 5)
                                                         Filter: ((info)::text = ANY ('{Australia:G,Australia:M,Australia:MA,Australia:PG,Canada:PG,Germany:12,"Hong Kong:IIB","South Korea:18",UK:12,UK:15,USA:Unrated}'::text[]))
                                                         Rows Removed by Filter: 408778
                                                         Heap Blocks: exact=19164
                                                         Buffers: shared hit=2066 read=17506
                                                         ->  Bitmap Index Scan on info_type_id_movie_info  (cost=0.00..4693.37 rows=439058 width=0) (actual time=18.306..18.306 rows=486554 loops=1)
                                                               Index Cond: (info_type_id = 5)
                                                               Buffers: shared read=408
                                                   ->  Index Scan using title_pkey on title t  (cost=0.43..8.02 rows=1 width=8) (actual time=0.033..0.033 rows=1 loops=77776)
                                                         Index Cond: (id = mi2.movie_id)
                                                         Filter: ((production_year <= 2015) AND (1990 < production_year))
                                                         Rows Removed by Filter: 0
                                                         Buffers: shared hit=282726 read=28378
                                             ->  Hash  (cost=1.09..1.09 rows=1 width=4) (actual time=0.015..0.016 rows=1 loops=1)
                                                   Buckets: 1024  Batches: 1  Memory Usage: 9kB
                                                   Buffers: shared hit=1
                                                   ->  Seq Scan on kind_type kt  (cost=0.00..1.09 rows=1 width=4) (actual time=0.009..0.009 rows=1 loops=1)
                                                         Filter: ((kind)::text = 'video movie'::text)
                                                         Rows Removed by Filter: 6
                                                         Buffers: shared hit=1
                                       ->  Index Scan using movie_id_movie_info on movie_info mi1  (cost=0.46..42.38 rows=1 width=8) (actual time=0.135..0.135 rows=1 loops=4013)
                                             Index Cond: (movie_id = t.id)
                                             Filter: ((info_type_id = 3) AND ((info)::text = ANY ('{Action,Adult,Animation,Comedy,Crime,Documentary,Horror,Mystery,Romance}'::text[])))
                                             Rows Removed by Filter: 19
                                             Buffers: shared hit=35295 read=18170
                     ->  Index Scan using movie_id_cast_info on cast_info ci  (cost=0.44..43.36 rows=38 width=12) (actual time=0.039..0.372 rows=37 loops=4463)
                           Index Cond: (movie_id = t.id)
                           Buffers: shared hit=124984 read=44859
               ->  Hash  (cost=1.15..1.15 rows=2 width=4) (actual time=0.033..0.034 rows=2 loops=1)
                     Buckets: 1024  Batches: 1  Memory Usage: 9kB
                     Buffers: shared hit=1
                     ->  Seq Scan on role_type rt  (cost=0.00..1.15 rows=2 width=4) (actual time=0.024..0.027 rows=2 loops=1)
                           Filter: ((role)::text = ANY ('{producer,writer}'::text[]))
                           Rows Removed by Filter: 10
                           Buffers: shared hit=1
         ->  Index Scan using name_pkey on name n  (cost=0.43..2.32 rows=1 width=4) (actual time=0.034..0.034 rows=1 loops=23884)
               Index Cond: (id = ci.person_id)
               Filter: ((gender)::text = ANY ('{f,m}'::text[]))
               Rows Removed by Filter: 0
               Buffers: shared hit=87071 read=8465
 Planning:
   Buffers: shared hit=486 read=91
 Planning Time: 14.825 ms
 Execution Time: 6250.723 ms
(73 rows)

