                                                                                                     QUERY PLAN                                                                                                      
---------------------------------------------------------------------------------------------------------------------------------------------------------------------------------------------------------------------
 Aggregate  (cost=463282.11..463282.12 rows=1 width=8) (actual time=39912.734..39912.743 rows=1 loops=1)
   Buffers: shared hit=3885835 read=260346
   ->  Nested Loop  (cost=4697.74..463282.10 rows=5 width=0) (actual time=30.230..39895.545 rows=75512 loops=1)
         Buffers: shared hit=3885835 read=260346
         ->  Hash Join  (cost=4697.31..463265.86 rows=7 width=4) (actual time=30.151..32502.285 rows=200362 loops=1)
               Hash Cond: (ci.role_id = rt.id)
               Buffers: shared hit=3099475 read=245258
               ->  Nested Loop  (cost=4696.13..463264.53 rows=43 width=8) (actual time=27.592..32035.363 rows=2214830 loops=1)
                     Buffers: shared hit=3099474 read=245258
                     ->  Nested Loop  (cost=4695.69..463130.87 rows=3 width=12) (actual time=27.552..10173.318 rows=54691 loops=1)
                           Buffers: shared hit=876873 read=128511
                           ->  Seq Scan on info_type it2  (cost=0.00..2.41 rows=1 width=4) (actual time=0.028..0.039 rows=1 loops=1)
                                 Filter: (id = 5)
                                 Rows Removed by Filter: 112
                                 Buffers: shared hit=1
                           ->  Nested Loop  (cost=4695.69..463128.43 rows=3 width=16) (actual time=27.523..10158.430 rows=54691 loops=1)
                                 Buffers: shared hit=876872 read=128511
                                 ->  Seq Scan on info_type it1  (cost=0.00..2.41 rows=1 width=4) (actual time=0.008..0.022 rows=1 loops=1)
                                       Filter: (id = 3)
                                       Rows Removed by Filter: 112
                                       Buffers: shared hit=1
                                 ->  Nested Loop  (cost=4695.69..463125.98 rows=3 width=20) (actual time=27.513..10143.295 rows=54691 loops=1)
                                       Buffers: shared hit=876871 read=128511
                                       ->  Hash Join  (cost=4695.26..458813.76 rows=100 width=12) (actual time=27.269..3488.653 rows=41634 loops=1)
                                             Hash Cond: (t.kind_id = kt.id)
                                             Buffers: shared hit=290878 read=40723
                                             ->  Nested Loop  (cost=4694.12..458811.65 rows=234 width=16) (actual time=20.435..3463.953 rows=42100 loops=1)
                                                   Buffers: shared hit=290877 read=40723
                                                   ->  Bitmap Heap Scan on movie_info mi2  (cost=4693.69..448289.21 rows=1296 width=8) (actual time=20.394..610.019 rows=78007 loops=1)
                                                         Recheck Cond: (info_type_id = 5)
                                                         Filter: ((info)::text = ANY ('{Argentina:Atp,Australia:G,Finland:S,Sweden:15,USA:Approved,"USA:Not Rated",USA:Passed,USA:TV-G,"West Germany:12"}'::text[]))
                                                         Rows Removed by Filter: 408547
                                                         Heap Blocks: exact=19164
                                                         Buffers: shared hit=2377 read=17195
                                                         ->  Bitmap Index Scan on info_type_id_movie_info  (cost=0.00..4693.37 rows=439058 width=0) (actual time=17.752..17.752 rows=486554 loops=1)
                                                               Index Cond: (info_type_id = 5)
                                                               Buffers: shared read=408
                                                   ->  Index Scan using title_pkey on title t  (cost=0.43..8.12 rows=1 width=8) (actual time=0.036..0.036 rows=1 loops=78007)
                                                         Index Cond: (id = mi2.movie_id)
                                                         Filter: ((production_year <= 1975) AND (1875 < production_year))
                                                         Rows Removed by Filter: 0
                                                         Buffers: shared hit=288500 read=23528
                                             ->  Hash  (cost=1.10..1.10 rows=3 width=4) (actual time=0.016..0.018 rows=3 loops=1)
                                                   Buckets: 1024  Batches: 1  Memory Usage: 9kB
                                                   Buffers: shared hit=1
                                                   ->  Seq Scan on kind_type kt  (cost=0.00..1.10 rows=3 width=4) (actual time=0.007..0.009 rows=3 loops=1)
                                                         Filter: ((kind)::text = ANY ('{episode,movie,"tv movie"}'::text[]))
                                                         Rows Removed by Filter: 4
                                                         Buffers: shared hit=1
                                       ->  Index Scan using movie_id_movie_info on movie_info mi1  (cost=0.43..43.11 rows=1 width=8) (actual time=0.158..0.159 rows=1 loops=41634)
                                             Index Cond: (movie_id = t.id)
                                             Filter: ((info_type_id = 3) AND ((info)::text = ANY ('{Adventure,Animation,Comedy,Documentary,Drama,Musical,Romance,Western}'::text[])))
                                             Rows Removed by Filter: 35
                                             Buffers: shared hit=585993 read=87788
                     ->  Index Scan using movie_id_cast_info on cast_info ci  (cost=0.44..44.17 rows=38 width=12) (actual time=0.037..0.388 rows=40 loops=54691)
                           Index Cond: (movie_id = t.id)
                           Buffers: shared hit=2222601 read=116747
               ->  Hash  (cost=1.15..1.15 rows=2 width=4) (actual time=0.032..0.033 rows=2 loops=1)
                     Buckets: 1024  Batches: 1  Memory Usage: 9kB
                     Buffers: shared hit=1
                     ->  Seq Scan on role_type rt  (cost=0.00..1.15 rows=2 width=4) (actual time=0.022..0.024 rows=2 loops=1)
                           Filter: ((role)::text = ANY ('{editor,writer}'::text[]))
                           Rows Removed by Filter: 10
                           Buffers: shared hit=1
         ->  Index Scan using name_pkey on name n  (cost=0.43..2.32 rows=1 width=4) (actual time=0.036..0.036 rows=0 loops=200362)
               Index Cond: (id = ci.person_id)
               Filter: ((gender)::text = ANY ('{f,m}'::text[]))
               Rows Removed by Filter: 1
               Buffers: shared hit=786360 read=15088
 Planning:
   Buffers: shared hit=521 read=53
 Planning Time: 13.698 ms
 Execution Time: 39913.417 ms
(73 rows)

