                                                                                             QUERY PLAN                                                                                              
-----------------------------------------------------------------------------------------------------------------------------------------------------------------------------------------------------
 Aggregate  (cost=447612.00..447612.01 rows=1 width=8) (actual time=35099.081..35099.089 rows=1 loops=1)
   Buffers: shared hit=3272596 read=370523
   ->  Nested Loop  (cost=4697.70..447611.99 rows=5 width=0) (actual time=36.225..35076.306 rows=113931 loops=1)
         Buffers: shared hit=3272596 read=370523
         ->  Hash Join  (cost=4697.27..447595.75 rows=7 width=4) (actual time=36.166..23791.392 rows=309354 loops=1)
               Hash Cond: (ci.role_id = rt.id)
               Buffers: shared hit=2087100 read=318603
               ->  Nested Loop  (cost=4696.10..447594.42 rows=43 width=8) (actual time=35.887..23427.108 rows=1555378 loops=1)
                     Buffers: shared hit=2087099 read=318603
                     ->  Nested Loop  (cost=4695.66..447461.29 rows=3 width=12) (actual time=35.845..7948.544 rows=32100 loops=1)
                           Buffers: shared hit=658806 read=124025
                           ->  Seq Scan on info_type it2  (cost=0.00..2.41 rows=1 width=4) (actual time=0.033..0.044 rows=1 loops=1)
                                 Filter: (id = 5)
                                 Rows Removed by Filter: 112
                                 Buffers: shared hit=1
                           ->  Nested Loop  (cost=4695.66..447458.85 rows=3 width=16) (actual time=35.810..7939.889 rows=32100 loops=1)
                                 Buffers: shared hit=658805 read=124025
                                 ->  Seq Scan on info_type it1  (cost=0.00..2.41 rows=1 width=4) (actual time=0.009..0.020 rows=1 loops=1)
                                       Filter: (id = 3)
                                       Rows Removed by Filter: 112
                                       Buffers: shared hit=1
                                 ->  Nested Loop  (cost=4695.66..447456.41 rows=3 width=20) (actual time=35.798..7930.935 rows=32100 loops=1)
                                       Buffers: shared hit=658804 read=124025
                                       ->  Hash Join  (cost=4695.22..442866.36 rows=107 width=12) (actual time=35.516..3297.469 rows=26158 loops=1)
                                             Hash Cond: (t.kind_id = kt.id)
                                             Buffers: shared hit=288822 read=36691
                                             ->  Nested Loop  (cost=4694.09..442864.17 rows=249 width=16) (actual time=19.374..3281.165 rows=27852 loops=1)
                                                   Buffers: shared hit=288821 read=36691
                                                   ->  Bitmap Heap Scan on movie_info mi2  (cost=4693.66..433457.99 rows=1154 width=8) (actual time=19.071..559.262 rows=76485 loops=1)
                                                         Recheck Cond: (info_type_id = 5)
                                                         Filter: ((info)::text = ANY ('{Australia:M,Finland:S,Iceland:12,Iceland:16,Iceland:L,Sweden:15,USA:R,USA:X}'::text[]))
                                                         Rows Removed by Filter: 410069
                                                         Heap Blocks: exact=19164
                                                         Buffers: shared hit=3488 read=16084
                                                         ->  Bitmap Index Scan on info_type_id_movie_info  (cost=0.00..4693.37 rows=439058 width=0) (actual time=16.436..16.436 rows=486554 loops=1)
                                                               Index Cond: (info_type_id = 5)
                                                               Buffers: shared read=408
                                                   ->  Index Scan using title_pkey on title t  (cost=0.43..8.15 rows=1 width=8) (actual time=0.035..0.035 rows=0 loops=76485)
                                                         Index Cond: (id = mi2.movie_id)
                                                         Filter: ((production_year <= 1990) AND (1950 < production_year))
                                                         Rows Removed by Filter: 1
                                                         Buffers: shared hit=285333 read=20607
                                             ->  Hash  (cost=1.10..1.10 rows=3 width=4) (actual time=0.017..0.018 rows=3 loops=1)
                                                   Buckets: 1024  Batches: 1  Memory Usage: 9kB
                                                   Buffers: shared hit=1
                                                   ->  Seq Scan on kind_type kt  (cost=0.00..1.10 rows=3 width=4) (actual time=0.008..0.011 rows=3 loops=1)
                                                         Filter: ((kind)::text = ANY ('{episode,movie,"tv movie"}'::text[]))
                                                         Rows Removed by Filter: 4
                                                         Buffers: shared hit=1
                                       ->  Index Scan using movie_id_movie_info on movie_info mi1  (cost=0.43..42.89 rows=1 width=8) (actual time=0.175..0.176 rows=1 loops=26158)
                                             Index Cond: (movie_id = t.id)
                                             Filter: ((info_type_id = 3) AND ((info)::text = ANY ('{Adult,Comedy,Crime,Drama,Horror,Thriller}'::text[])))
                                             Rows Removed by Filter: 55
                                             Buffers: shared hit=369982 read=87334
                     ->  Index Scan using movie_id_cast_info on cast_info ci  (cost=0.44..43.99 rows=38 width=12) (actual time=0.037..0.468 rows=48 loops=32100)
                           Index Cond: (movie_id = t.id)
                           Buffers: shared hit=1428293 read=194578
               ->  Hash  (cost=1.15..1.15 rows=2 width=4) (actual time=0.038..0.039 rows=2 loops=1)
                     Buckets: 1024  Batches: 1  Memory Usage: 9kB
                     Buffers: shared hit=1
                     ->  Seq Scan on role_type rt  (cost=0.00..1.15 rows=2 width=4) (actual time=0.026..0.028 rows=2 loops=1)
                           Filter: ((role)::text = ANY ('{"miscellaneous crew",writer}'::text[]))
                           Rows Removed by Filter: 10
                           Buffers: shared hit=1
         ->  Index Scan using name_pkey on name n  (cost=0.43..2.32 rows=1 width=4) (actual time=0.036..0.036 rows=0 loops=309354)
               Index Cond: (id = ci.person_id)
               Filter: ((gender)::text = ANY ('{f,m}'::text[]))
               Rows Removed by Filter: 1
               Buffers: shared hit=1185496 read=51920
 Planning:
   Buffers: shared hit=483 read=91
 Planning Time: 13.108 ms
 Execution Time: 35099.796 ms
(73 rows)

