                                                                                                              QUERY PLAN                                                                                                               
---------------------------------------------------------------------------------------------------------------------------------------------------------------------------------------------------------------------------------------
 Aggregate  (cost=503216.62..503216.63 rows=1 width=8) (actual time=39429.796..39429.805 rows=1 loops=1)
   Buffers: shared hit=3757340 read=250078
   ->  Nested Loop  (cost=4698.05..503216.60 rows=7 width=0) (actual time=63.833..39420.422 rows=36150 loops=1)
         Buffers: shared hit=3757340 read=250078
         ->  Hash Join  (cost=4697.62..503193.41 rows=10 width=4) (actual time=63.778..35253.501 rows=110977 loops=1)
               Hash Cond: (ci.role_id = rt.id)
               Buffers: shared hit=3319725 read=243785
               ->  Nested Loop  (cost=4696.44..503192.03 rows=57 width=8) (actual time=63.449..34795.772 rows=2319370 loops=1)
                     Buffers: shared hit=3319724 read=243785
                     ->  Nested Loop  (cost=4696.00..503012.51 rows=4 width=12) (actual time=63.392..11607.701 rows=55284 loops=1)
                           Buffers: shared hit=974737 read=140420
                           ->  Seq Scan on info_type it2  (cost=0.00..2.41 rows=1 width=4) (actual time=0.022..0.035 rows=1 loops=1)
                                 Filter: (id = 5)
                                 Rows Removed by Filter: 112
                                 Buffers: shared hit=1
                           ->  Nested Loop  (cost=4696.00..503010.06 rows=4 width=16) (actual time=63.368..11592.173 rows=55284 loops=1)
                                 Buffers: shared hit=974736 read=140420
                                 ->  Seq Scan on info_type it1  (cost=0.00..2.41 rows=1 width=4) (actual time=0.006..0.020 rows=1 loops=1)
                                       Filter: (id = 3)
                                       Rows Removed by Filter: 112
                                       Buffers: shared hit=1
                                 ->  Nested Loop  (cost=4696.00..503007.61 rows=4 width=20) (actual time=63.360..11576.970 rows=55284 loops=1)
                                       Buffers: shared hit=974735 read=140420
                                       ->  Hash Join  (cost=4695.54..496792.61 rows=144 width=12) (actual time=31.251..3569.998 rows=47921 loops=1)
                                             Hash Cond: (t.kind_id = kt.id)
                                             Buffers: shared hit=262716 read=50377
                                             ->  Nested Loop  (cost=4694.41..496790.06 rows=335 width=16) (actual time=19.390..3543.381 rows=48450 loops=1)
                                                   Buffers: shared hit=262715 read=50377
                                                   ->  Bitmap Heap Scan on movie_info mi2  (cost=4693.97..477951.85 rows=2398 width=8) (actual time=19.157..654.445 rows=101430 loops=1)
                                                         Recheck Cond: (info_type_id = 5)
                                                         Filter: ((info)::text = ANY ('{Argentina:Atp,Australia:G,Australia:M,Australia:PG,Finland:K-16,Norway:16,Sweden:15,UK:U,USA:Approved,USA:Passed,"West Germany:12"}'::text[]))
                                                         Rows Removed by Filter: 385124
                                                         Heap Blocks: exact=19164
                                                         Buffers: shared hit=2525 read=17047
                                                         ->  Bitmap Index Scan on info_type_id_movie_info  (cost=0.00..4693.37 rows=439058 width=0) (actual time=16.552..16.552 rows=486554 loops=1)
                                                               Index Cond: (info_type_id = 5)
                                                               Buffers: shared read=408
                                                   ->  Memoize  (cost=0.44..7.87 rows=1 width=8) (actual time=0.028..0.028 rows=0 loops=101430)
                                                         Cache Key: mi2.movie_id
                                                         Cache Mode: logical
                                                         Hits: 28050  Misses: 73380  Evictions: 0  Overflows: 0  Memory Usage: 5985kB
                                                         Buffers: shared hit=260190 read=33330
                                                         ->  Index Scan using title_pkey on title t  (cost=0.43..7.86 rows=1 width=8) (actual time=0.037..0.037 rows=0 loops=73380)
                                                               Index Cond: (id = mi2.movie_id)
                                                               Filter: ((production_year <= 1975) AND (1925 < production_year))
                                                               Rows Removed by Filter: 1
                                                               Buffers: shared hit=260190 read=33330
                                             ->  Hash  (cost=1.10..1.10 rows=3 width=4) (actual time=0.012..0.013 rows=3 loops=1)
                                                   Buckets: 1024  Batches: 1  Memory Usage: 9kB
                                                   Buffers: shared hit=1
                                                   ->  Seq Scan on kind_type kt  (cost=0.00..1.10 rows=3 width=4) (actual time=0.006..0.008 rows=3 loops=1)
                                                         Filter: ((kind)::text = ANY ('{episode,movie,"tv movie"}'::text[]))
                                                         Rows Removed by Filter: 4
                                                         Buffers: shared hit=1
                                       ->  Index Scan using movie_id_movie_info on movie_info mi1  (cost=0.46..43.15 rows=1 width=8) (actual time=0.165..0.166 rows=1 loops=47921)
                                             Index Cond: (movie_id = t.id)
                                             Filter: ((info_type_id = 3) AND ((info)::text = ANY ('{Action,Animation,Documentary,Drama,Music,Romance,Thriller,War,Western}'::text[])))
                                             Rows Removed by Filter: 40
                                             Buffers: shared hit=712019 read=90043
                     ->  Index Scan using movie_id_cast_info on cast_info ci  (cost=0.44..44.50 rows=38 width=12) (actual time=0.038..0.407 rows=42 loops=55284)
                           Index Cond: (movie_id = t.id)
                           Buffers: shared hit=2344987 read=103365
               ->  Hash  (cost=1.15..1.15 rows=2 width=4) (actual time=0.029..0.030 rows=2 loops=1)
                     Buckets: 1024  Batches: 1  Memory Usage: 9kB
                     Buffers: shared hit=1
                     ->  Seq Scan on role_type rt  (cost=0.00..1.15 rows=2 width=4) (actual time=0.022..0.024 rows=2 loops=1)
                           Filter: ((role)::text = ANY ('{cinematographer,editor}'::text[]))
                           Rows Removed by Filter: 10
                           Buffers: shared hit=1
         ->  Index Scan using name_pkey on name n  (cost=0.43..2.32 rows=1 width=4) (actual time=0.037..0.037 rows=0 loops=110977)
               Index Cond: (id = ci.person_id)
               Filter: ((gender)::text = ANY ('{f,m}'::text[]))
               Rows Removed by Filter: 1
               Buffers: shared hit=437615 read=6293
 Planning:
   Buffers: shared hit=486 read=91
 Planning Time: 12.395 ms
 Execution Time: 39431.759 ms
(78 rows)

