                                                                                                                       QUERY PLAN                                                                                                                       
--------------------------------------------------------------------------------------------------------------------------------------------------------------------------------------------------------------------------------------------------------
 Aggregate  (cost=512320.51..512320.52 rows=1 width=8) (actual time=7772.013..7772.020 rows=1 loops=1)
   Buffers: shared hit=654868 read=138183
   ->  Nested Loop  (cost=4697.63..512320.51 rows=1 width=0) (actual time=21.662..7770.814 rows=4152 loops=1)
         Buffers: shared hit=654868 read=138183
         ->  Nested Loop  (cost=4697.63..512318.09 rows=1 width=4) (actual time=21.655..7686.140 rows=4152 loops=1)
               Buffers: shared hit=650716 read=138183
               ->  Nested Loop  (cost=4697.63..512315.67 rows=1 width=8) (actual time=21.634..7601.931 rows=4152 loops=1)
                     Buffers: shared hit=646564 read=138183
                     ->  Hash Join  (cost=4697.20..512301.75 rows=6 width=12) (actual time=20.230..5716.505 rows=54137 loops=1)
                           Hash Cond: (ci.role_id = rt.id)
                           Buffers: shared hit=448799 read=119400
                           ->  Nested Loop  (cost=4696.04..512300.33 rows=72 width=16) (actual time=20.126..5670.085 rows=195856 loops=1)
                                 Buffers: shared hit=448798 read=119400
                                 ->  Nested Loop  (cost=4695.60..512081.65 rows=5 width=20) (actual time=20.089..3667.700 rows=4486 loops=1)
                                       Buffers: shared hit=299291 read=64939
                                       ->  Hash Join  (cost=4695.17..500431.79 rows=275 width=12) (actual time=19.954..2864.634 rows=4722 loops=1)
                                             Hash Cond: (t.kind_id = kt.id)
                                             Buffers: shared hit=252973 read=37076
                                             ->  Nested Loop  (cost=4694.03..500427.95 rows=642 width=16) (actual time=19.919..2852.795 rows=51534 loops=1)
                                                   Buffers: shared hit=252972 read=37076
                                                   ->  Bitmap Heap Scan on movie_info mi2  (cost=4693.60..492782.67 rows=931 width=8) (actual time=19.791..565.935 rows=67619 loops=1)
                                                         Recheck Cond: (info_type_id = 5)
                                                         Filter: ((info)::text = ANY ('{Argentina:13,Argentina:16,Canada:14A,Iceland:12,Portugal:M/12,Singapore:NC-16,"South Korea:12","South Korea:15",Switzerland:7,UK:15,USA:PG-13,USA:R}'::text[]))
                                                         Rows Removed by Filter: 418935
                                                         Heap Blocks: exact=19164
                                                         Buffers: shared hit=2410 read=17162
                                                         ->  Bitmap Index Scan on info_type_id_movie_info  (cost=0.00..4693.37 rows=439058 width=0) (actual time=16.894..16.894 rows=486554 loops=1)
                                                               Index Cond: (info_type_id = 5)
                                                               Buffers: shared read=408
                                                   ->  Index Scan using title_pkey on title t  (cost=0.43..8.21 rows=1 width=8) (actual time=0.033..0.033 rows=1 loops=67619)
                                                         Index Cond: (id = mi2.movie_id)
                                                         Filter: ((production_year <= 2015) AND (1990 < production_year))
                                                         Rows Removed by Filter: 0
                                                         Buffers: shared hit=250562 read=19914
                                             ->  Hash  (cost=1.10..1.10 rows=3 width=4) (actual time=0.014..0.015 rows=3 loops=1)
                                                   Buckets: 1024  Batches: 1  Memory Usage: 9kB
                                                   Buffers: shared hit=1
                                                   ->  Seq Scan on kind_type kt  (cost=0.00..1.10 rows=3 width=4) (actual time=0.008..0.009 rows=3 loops=1)
                                                         Filter: ((kind)::text = ANY ('{"tv movie","tv series","video game"}'::text[]))
                                                         Rows Removed by Filter: 4
                                                         Buffers: shared hit=1
                                       ->  Index Scan using movie_id_movie_info on movie_info mi1  (cost=0.43..42.35 rows=1 width=8) (actual time=0.167..0.169 rows=1 loops=4722)
                                             Index Cond: (movie_id = t.id)
                                             Filter: ((info_type_id = 3) AND ((info)::text = ANY ('{Comedy,Drama,Horror,Romance}'::text[])))
                                             Rows Removed by Filter: 37
                                             Buffers: shared hit=46318 read=27863
                                 ->  Index Scan using movie_id_cast_info on cast_info ci  (cost=0.44..43.36 rows=38 width=12) (actual time=0.037..0.434 rows=44 loops=4486)
                                       Index Cond: (movie_id = t.id)
                                       Buffers: shared hit=149507 read=54461
                           ->  Hash  (cost=1.15..1.15 rows=1 width=4) (actual time=0.045..0.046 rows=1 loops=1)
                                 Buckets: 1024  Batches: 1  Memory Usage: 9kB
                                 Buffers: shared hit=1
                                 ->  Seq Scan on role_type rt  (cost=0.00..1.15 rows=1 width=4) (actual time=0.039..0.040 rows=1 loops=1)
                                       Filter: ((role)::text = 'miscellaneous crew'::text)
                                       Rows Removed by Filter: 11
                                       Buffers: shared hit=1
                     ->  Index Scan using name_pkey on name n  (cost=0.43..2.32 rows=1 width=4) (actual time=0.034..0.034 rows=0 loops=54137)
                           Index Cond: (id = ci.person_id)
                           Filter: ((gender)::text = 'f'::text)
                           Rows Removed by Filter: 1
                           Buffers: shared hit=197765 read=18783
               ->  Seq Scan on info_type it1  (cost=0.00..2.41 rows=1 width=4) (actual time=0.010..0.018 rows=1 loops=4152)
                     Filter: (id = 3)
                     Rows Removed by Filter: 112
                     Buffers: shared hit=4152
         ->  Seq Scan on info_type it2  (cost=0.00..2.41 rows=1 width=4) (actual time=0.010..0.019 rows=1 loops=4152)
               Filter: (id = 5)
               Rows Removed by Filter: 112
               Buffers: shared hit=4152
 Planning:
   Buffers: shared hit=483 read=91
 Planning Time: 13.789 ms
 Execution Time: 7772.729 ms
(73 rows)

