                                                                                                                        QUERY PLAN                                                                                                                        
----------------------------------------------------------------------------------------------------------------------------------------------------------------------------------------------------------------------------------------------------------
 Aggregate  (cost=505446.74..505446.75 rows=1 width=8) (actual time=11740.767..11740.774 rows=1 loops=1)
   Buffers: shared hit=1070183 read=156245
   ->  Nested Loop  (cost=4697.56..505446.73 rows=3 width=0) (actual time=21.978..11720.917 rows=125487 loops=1)
         Buffers: shared hit=1070183 read=156245
         ->  Seq Scan on info_type it2  (cost=0.00..2.41 rows=1 width=4) (actual time=0.035..0.044 rows=1 loops=1)
               Filter: (id = 5)
               Rows Removed by Filter: 112
               Buffers: shared hit=1
         ->  Nested Loop  (cost=4697.56..505444.29 rows=3 width=4) (actual time=21.941..11696.889 rows=125487 loops=1)
               Buffers: shared hit=1070182 read=156245
               ->  Seq Scan on info_type it1  (cost=0.00..2.41 rows=1 width=4) (actual time=0.011..0.023 rows=1 loops=1)
                     Filter: (id = 3)
                     Rows Removed by Filter: 112
                     Buffers: shared hit=1
               ->  Nested Loop  (cost=4697.56..505441.84 rows=3 width=8) (actual time=21.927..11671.088 rows=125487 loops=1)
                     Buffers: shared hit=1070181 read=156245
                     ->  Hash Join  (cost=4697.13..505427.93 rows=6 width=12) (actual time=21.873..7367.297 rows=125487 loops=1)
                           Hash Cond: (ci.role_id = rt.id)
                           Buffers: shared hit=590557 read=133921
                           ->  Nested Loop  (cost=4695.97..505426.51 rows=72 width=16) (actual time=20.824..7271.018 rows=384631 loops=1)
                                 Buffers: shared hit=590556 read=133921
                                 ->  Nested Loop  (cost=4695.53..505208.02 rows=5 width=20) (actual time=20.789..3405.918 rows=9628 loops=1)
                                       Buffers: shared hit=258634 read=68192
                                       ->  Hash Join  (cost=4695.07..497329.05 rows=186 width=12) (actual time=20.589..2354.538 rows=6413 loops=1)
                                             Hash Cond: (t.kind_id = kt.id)
                                             Buffers: shared hit=198393 read=31188
                                             ->  Nested Loop  (cost=4693.94..497326.09 rows=433 width=16) (actual time=20.548..2343.343 rows=42999 loops=1)
                                                   Buffers: shared hit=198392 read=31188
                                                   ->  Bitmap Heap Scan on movie_info mi2  (cost=4693.51..492782.58 rows=547 width=8) (actual time=20.500..604.713 rows=52502 loops=1)
                                                         Recheck Cond: (info_type_id = 5)
                                                         Filter: ((info)::text = ANY ('{Australia:PG,Canada:13+,Chile:14,France:U,Germany:o.Al.,Iceland:16,Netherlands:16,Netherlands:6,Singapore:PG,"South Korea:18",UK:PG,"West Germany:16"}'::text[]))
                                                         Rows Removed by Filter: 434052
                                                         Heap Blocks: exact=19164
                                                         Buffers: shared hit=1596 read=17976
                                                         ->  Bitmap Index Scan on info_type_id_movie_info  (cost=0.00..4693.37 rows=439058 width=0) (actual time=17.935..17.935 rows=486554 loops=1)
                                                               Index Cond: (info_type_id = 5)
                                                               Buffers: shared read=408
                                                   ->  Index Scan using title_pkey on title t  (cost=0.43..8.31 rows=1 width=8) (actual time=0.032..0.032 rows=1 loops=52502)
                                                         Index Cond: (id = mi2.movie_id)
                                                         Filter: ((production_year <= 2015) AND (1975 < production_year))
                                                         Rows Removed by Filter: 0
                                                         Buffers: shared hit=196796 read=13212
                                             ->  Hash  (cost=1.10..1.10 rows=3 width=4) (actual time=0.018..0.019 rows=3 loops=1)
                                                   Buckets: 1024  Batches: 1  Memory Usage: 9kB
                                                   Buffers: shared hit=1
                                                   ->  Seq Scan on kind_type kt  (cost=0.00..1.10 rows=3 width=4) (actual time=0.008..0.010 rows=3 loops=1)
                                                         Filter: ((kind)::text = ANY ('{"tv movie","tv series","video game"}'::text[]))
                                                         Rows Removed by Filter: 4
                                                         Buffers: shared hit=1
                                       ->  Index Scan using movie_id_movie_info on movie_info mi1  (cost=0.46..42.35 rows=1 width=8) (actual time=0.159..0.163 rows=2 loops=6413)
                                             Index Cond: (movie_id = t.id)
                                             Filter: ((info_type_id = 3) AND ((info)::text = ANY ('{Action,Adventure,Comedy,Crime,Drama,Family,Horror,Mystery,Thriller}'::text[])))
                                             Rows Removed by Filter: 36
                                             Buffers: shared hit=60241 read=37004
                                 ->  Index Scan using movie_id_cast_info on cast_info ci  (cost=0.44..43.32 rows=38 width=12) (actual time=0.037..0.390 rows=40 loops=9628)
                                       Index Cond: (movie_id = t.id)
                                       Buffers: shared hit=331922 read=65729
                           ->  Hash  (cost=1.15..1.15 rows=1 width=4) (actual time=0.016..0.016 rows=1 loops=1)
                                 Buckets: 1024  Batches: 1  Memory Usage: 9kB
                                 Buffers: shared hit=1
                                 ->  Seq Scan on role_type rt  (cost=0.00..1.15 rows=1 width=4) (actual time=0.009..0.010 rows=1 loops=1)
                                       Filter: ((role)::text = 'actor'::text)
                                       Rows Removed by Filter: 11
                                       Buffers: shared hit=1
                     ->  Index Scan using name_pkey on name n  (cost=0.43..2.32 rows=1 width=4) (actual time=0.034..0.034 rows=1 loops=125487)
                           Index Cond: (id = ci.person_id)
                           Filter: ((gender)::text = 'm'::text)
                           Buffers: shared hit=479624 read=22324
 Planning:
   Buffers: shared hit=506 read=71
 Planning Time: 14.448 ms
 Execution Time: 11741.407 ms
(72 rows)

