                                                                                                                  QUERY PLAN                                                                                                                   
-----------------------------------------------------------------------------------------------------------------------------------------------------------------------------------------------------------------------------------------------
 Aggregate  (cost=511540.33..511540.34 rows=1 width=8) (actual time=4519.494..4519.502 rows=1 loops=1)
   Buffers: shared hit=412934 read=59332
   ->  Nested Loop  (cost=4697.83..511540.32 rows=2 width=0) (actual time=59.886..4519.362 rows=459 loops=1)
         Buffers: shared hit=412934 read=59332
         ->  Seq Scan on info_type it2  (cost=0.00..2.41 rows=1 width=4) (actual time=0.039..0.049 rows=1 loops=1)
               Filter: (id = 5)
               Rows Removed by Filter: 112
               Buffers: shared hit=1
         ->  Nested Loop  (cost=4697.83..511537.89 rows=2 width=4) (actual time=59.846..4519.215 rows=459 loops=1)
               Buffers: shared hit=412933 read=59332
               ->  Seq Scan on info_type it1  (cost=0.00..2.41 rows=1 width=4) (actual time=0.009..0.021 rows=1 loops=1)
                     Filter: (id = 3)
                     Rows Removed by Filter: 112
                     Buffers: shared hit=1
               ->  Nested Loop  (cost=4697.83..511535.46 rows=2 width=8) (actual time=59.833..4519.078 rows=459 loops=1)
                     Buffers: shared hit=412932 read=59332
                     ->  Hash Join  (cost=4697.40..511519.22 rows=7 width=12) (actual time=21.449..4302.130 rows=6098 loops=1)
                           Hash Cond: (ci.role_id = rt.id)
                           Buffers: shared hit=391687 read=56185
                           ->  Nested Loop  (cost=4696.22..511517.89 rows=43 width=16) (actual time=21.162..4296.877 rows=25080 loops=1)
                                 Buffers: shared hit=391686 read=56185
                                 ->  Nested Loop  (cost=4695.78..511384.76 rows=3 width=20) (actual time=21.125..4011.288 rows=1652 loops=1)
                                       Buffers: shared hit=370644 read=48094
                                       ->  Hash Join  (cost=4695.35..506746.28 rows=108 width=12) (actual time=20.061..3787.855 rows=1343 loops=1)
                                             Hash Cond: (t.kind_id = kt.id)
                                             Buffers: shared hit=357648 read=40553
                                             ->  Nested Loop  (cost=4694.24..506743.58 rows=376 width=16) (actual time=20.012..3780.600 rows=31040 loops=1)
                                                   Buffers: shared hit=357647 read=40553
                                                   ->  Bitmap Heap Scan on movie_info mi2  (cost=4693.81..492782.88 rows=1743 width=8) (actual time=19.970..587.117 rows=94657 loops=1)
                                                         Recheck Cond: (info_type_id = 5)
                                                         Filter: ((info)::text = ANY ('{Argentina:13,Argentina:16,Argentina:Atp,Australia:G,Belgium:KT,Iceland:16,Singapore:PG,Sweden:11,UK:15,UK:U,USA:Approved,"West Germany:16"}'::text[]))
                                                         Rows Removed by Filter: 391897
                                                         Heap Blocks: exact=19164
                                                         Buffers: shared hit=876 read=18696
                                                         ->  Bitmap Index Scan on info_type_id_movie_info  (cost=0.00..4693.37 rows=439058 width=0) (actual time=17.306..17.306 rows=486554 loops=1)
                                                               Index Cond: (info_type_id = 5)
                                                               Buffers: shared read=408
                                                   ->  Index Scan using title_pkey on title t  (cost=0.43..8.01 rows=1 width=8) (actual time=0.033..0.033 rows=0 loops=94657)
                                                         Index Cond: (id = mi2.movie_id)
                                                         Filter: ((production_year <= 1990) AND (1950 < production_year))
                                                         Rows Removed by Filter: 1
                                                         Buffers: shared hit=356771 read=21857
                                             ->  Hash  (cost=1.09..1.09 rows=2 width=4) (actual time=0.017..0.018 rows=2 loops=1)
                                                   Buckets: 1024  Batches: 1  Memory Usage: 9kB
                                                   Buffers: shared hit=1
                                                   ->  Seq Scan on kind_type kt  (cost=0.00..1.09 rows=2 width=4) (actual time=0.009..0.010 rows=2 loops=1)
                                                         Filter: ((kind)::text = ANY ('{"tv series","video movie"}'::text[]))
                                                         Rows Removed by Filter: 5
                                                         Buffers: shared hit=1
                                       ->  Index Scan using movie_id_movie_info on movie_info mi1  (cost=0.43..42.94 rows=1 width=8) (actual time=0.160..0.166 rows=1 loops=1343)
                                             Index Cond: (movie_id = t.id)
                                             Filter: ((info_type_id = 3) AND ((info)::text = ANY ('{Action,Comedy,Drama,Family,Horror,Thriller,Western}'::text[])))
                                             Rows Removed by Filter: 49
                                             Buffers: shared hit=12996 read=7541
                                 ->  Index Scan using movie_id_cast_info on cast_info ci  (cost=0.44..43.99 rows=38 width=12) (actual time=0.031..0.169 rows=15 loops=1652)
                                       Index Cond: (movie_id = t.id)
                                       Buffers: shared hit=21042 read=8091
                           ->  Hash  (cost=1.15..1.15 rows=2 width=4) (actual time=0.020..0.020 rows=2 loops=1)
                                 Buckets: 1024  Batches: 1  Memory Usage: 9kB
                                 Buffers: shared hit=1
                                 ->  Seq Scan on role_type rt  (cost=0.00..1.15 rows=2 width=4) (actual time=0.011..0.014 rows=2 loops=1)
                                       Filter: ((role)::text = ANY ('{"miscellaneous crew",producer}'::text[]))
                                       Rows Removed by Filter: 10
                                       Buffers: shared hit=1
                     ->  Index Scan using name_pkey on name n  (cost=0.43..2.32 rows=1 width=4) (actual time=0.035..0.035 rows=0 loops=6098)
                           Index Cond: (id = ci.person_id)
                           Filter: ((gender)::text = 'f'::text)
                           Rows Removed by Filter: 1
                           Buffers: shared hit=21245 read=3147
 Planning:
   Buffers: shared hit=506 read=68
 Planning Time: 13.884 ms
 Execution Time: 4520.248 ms
(73 rows)

