                                                                                             QUERY PLAN                                                                                              
-----------------------------------------------------------------------------------------------------------------------------------------------------------------------------------------------------
 Aggregate  (cost=375201.76..375201.77 rows=1 width=8) (actual time=7616.014..7616.021 rows=1 loops=1)
   Buffers: shared hit=608878 read=182739
   ->  Nested Loop  (cost=4697.41..375201.75 rows=1 width=0) (actual time=62.124..7615.751 rows=492 loops=1)
         Buffers: shared hit=608878 read=182739
         ->  Hash Join  (cost=4696.98..375199.43 rows=1 width=4) (actual time=32.493..7346.528 rows=7319 loops=1)
               Hash Cond: (ci.role_id = rt.id)
               Buffers: shared hit=585438 read=176903
               ->  Nested Loop  (cost=4695.82..375198.22 rows=14 width=8) (actual time=31.682..7270.342 rows=540617 loops=1)
                     Buffers: shared hit=585437 read=176903
                     ->  Nested Loop  (cost=4695.38..375154.53 rows=1 width=12) (actual time=31.639..2381.921 rows=6886 loops=1)
                           Buffers: shared hit=144864 read=71394
                           ->  Nested Loop  (cost=4695.38..375152.10 rows=1 width=16) (actual time=31.633..2254.644 rows=6886 loops=1)
                                 Buffers: shared hit=137978 read=71394
                                 ->  Nested Loop  (cost=4695.38..375149.68 rows=1 width=20) (actual time=31.615..2126.840 rows=6886 loops=1)
                                       Buffers: shared hit=131092 read=71394
                                       ->  Hash Join  (cost=4694.94..374514.62 rows=15 width=12) (actual time=31.458..697.229 rows=7855 loops=1)
                                             Hash Cond: (t.kind_id = kt.id)
                                             Buffers: shared hit=39872 read=19289
                                             ->  Nested Loop  (cost=4693.81..374513.33 rows=36 width=16) (actual time=21.577..692.992 rows=8660 loops=1)
                                                   Buffers: shared hit=39871 read=19289
                                                   ->  Bitmap Heap Scan on movie_info mi2  (cost=4693.38..374132.97 rows=45 width=8) (actual time=21.538..381.067 rows=9897 loops=1)
                                                         Recheck Cond: (info_type_id = 5)
                                                         Filter: ((info)::text = ANY ('{Norway:18,Switzerland:14,Switzerland:7,USA:Unrated}'::text[]))
                                                         Rows Removed by Filter: 476657
                                                         Heap Blocks: exact=19164
                                                         Buffers: shared hit=2474 read=17098
                                                         ->  Bitmap Index Scan on info_type_id_movie_info  (cost=0.00..4693.37 rows=439058 width=0) (actual time=18.144..18.145 rows=486554 loops=1)
                                                               Index Cond: (info_type_id = 5)
                                                               Buffers: shared read=408
                                                   ->  Index Scan using title_pkey on title t  (cost=0.43..8.45 rows=1 width=8) (actual time=0.031..0.031 rows=1 loops=9897)
                                                         Index Cond: (id = mi2.movie_id)
                                                         Filter: ((production_year <= 2015) AND (1975 < production_year))
                                                         Rows Removed by Filter: 0
                                                         Buffers: shared hit=37397 read=2191
                                             ->  Hash  (cost=1.10..1.10 rows=3 width=4) (actual time=0.017..0.018 rows=3 loops=1)
                                                   Buckets: 1024  Batches: 1  Memory Usage: 9kB
                                                   Buffers: shared hit=1
                                                   ->  Seq Scan on kind_type kt  (cost=0.00..1.10 rows=3 width=4) (actual time=0.009..0.011 rows=3 loops=1)
                                                         Filter: ((kind)::text = ANY ('{episode,movie,"video movie"}'::text[]))
                                                         Rows Removed by Filter: 4
                                                         Buffers: shared hit=1
                                       ->  Index Scan using movie_id_movie_info on movie_info mi1  (cost=0.43..42.33 rows=1 width=8) (actual time=0.181..0.181 rows=1 loops=7855)
                                             Index Cond: (movie_id = t.id)
                                             Filter: ((info_type_id = 3) AND ((info)::text = ANY ('{Adult,Comedy,Drama,Thriller}'::text[])))
                                             Rows Removed by Filter: 87
                                             Buffers: shared hit=91220 read=52105
                                 ->  Seq Scan on info_type it1  (cost=0.00..2.41 rows=1 width=4) (actual time=0.009..0.016 rows=1 loops=6886)
                                       Filter: (id = 3)
                                       Rows Removed by Filter: 112
                                       Buffers: shared hit=6886
                           ->  Seq Scan on info_type it2  (cost=0.00..2.41 rows=1 width=4) (actual time=0.009..0.017 rows=1 loops=6886)
                                 Filter: (id = 5)
                                 Rows Removed by Filter: 112
                                 Buffers: shared hit=6886
                     ->  Index Scan using movie_id_cast_info on cast_info ci  (cost=0.44..43.32 rows=38 width=12) (actual time=0.033..0.693 rows=79 loops=6886)
                           Index Cond: (movie_id = t.id)
                           Buffers: shared hit=440573 read=105509
               ->  Hash  (cost=1.15..1.15 rows=1 width=4) (actual time=0.030..0.030 rows=1 loops=1)
                     Buckets: 1024  Batches: 1  Memory Usage: 9kB
                     Buffers: shared hit=1
                     ->  Seq Scan on role_type rt  (cost=0.00..1.15 rows=1 width=4) (actual time=0.024..0.025 rows=1 loops=1)
                           Filter: ((role)::text = 'director'::text)
                           Rows Removed by Filter: 11
                           Buffers: shared hit=1
         ->  Index Scan using name_pkey on name n  (cost=0.43..2.32 rows=1 width=4) (actual time=0.036..0.036 rows=0 loops=7319)
               Index Cond: (id = ci.person_id)
               Filter: ((gender)::text = 'f'::text)
               Rows Removed by Filter: 1
               Buffers: shared hit=23440 read=5836
 Planning:
   Buffers: shared hit=519 read=55
 Planning Time: 13.910 ms
 Execution Time: 7616.608 ms
(73 rows)

