                                                                                                           QUERY PLAN                                                                                                           
--------------------------------------------------------------------------------------------------------------------------------------------------------------------------------------------------------------------------------
 Aggregate  (cost=450173.41..450173.42 rows=1 width=8) (actual time=22741.722..22741.730 rows=1 loops=1)
   Buffers: shared hit=2066638 read=309101
   ->  Nested Loop  (cost=4697.42..450173.40 rows=1 width=0) (actual time=44.058..22740.205 rows=3645 loops=1)
         Buffers: shared hit=2066638 read=309101
         ->  Hash Join  (cost=4696.99..450168.77 rows=2 width=4) (actual time=36.629..20627.962 rows=61088 loops=1)
               Hash Cond: (ci.role_id = rt.id)
               Buffers: shared hit=1844707 read=286680
               ->  Nested Loop  (cost=4695.81..450167.54 rows=14 width=8) (actual time=31.980..20351.697 rows=1712868 loops=1)
                     Buffers: shared hit=1844706 read=286680
                     ->  Nested Loop  (cost=4695.37..450123.84 rows=1 width=12) (actual time=31.933..5072.851 rows=17288 loops=1)
                           Buffers: shared hit=299396 read=112217
                           ->  Nested Loop  (cost=4695.37..450121.42 rows=1 width=16) (actual time=31.928..4705.018 rows=17288 loops=1)
                                 Buffers: shared hit=282108 read=112217
                                 ->  Nested Loop  (cost=4695.37..450119.00 rows=1 width=20) (actual time=31.911..4337.268 rows=17288 loops=1)
                                       Buffers: shared hit=264820 read=112217
                                       ->  Hash Join  (cost=4694.94..449144.06 rows=23 width=12) (actual time=31.641..1204.442 rows=12940 loops=1)
                                             Hash Cond: (t.kind_id = kt.id)
                                             Buffers: shared hit=63805 read=29032
                                             ->  Nested Loop  (cost=4693.83..449142.61 rows=80 width=16) (actual time=23.145..1195.906 rows=13830 loops=1)
                                                   Buffers: shared hit=63804 read=29032
                                                   ->  Bitmap Heap Scan on movie_info mi2  (cost=4693.40..448288.91 rows=101 width=8) (actual time=23.103..519.918 rows=18316 loops=1)
                                                         Recheck Cond: (info_type_id = 5)
                                                         Filter: ((info)::text = ANY ('{Finland:K-12,Finland:K-18,Philippines:PG-13,Portugal:M/16,"South Korea:12",Sweden:7,Sweden:Btl,Switzerland:16,Switzerland:7}'::text[]))
                                                         Rows Removed by Filter: 468238
                                                         Heap Blocks: exact=19164
                                                         Buffers: shared hit=2720 read=16852
                                                         ->  Bitmap Index Scan on info_type_id_movie_info  (cost=0.00..4693.37 rows=439058 width=0) (actual time=17.769..17.769 rows=486554 loops=1)
                                                               Index Cond: (info_type_id = 5)
                                                               Buffers: shared read=408
                                                   ->  Index Scan using title_pkey on title t  (cost=0.43..8.45 rows=1 width=8) (actual time=0.036..0.036 rows=1 loops=18316)
                                                         Index Cond: (id = mi2.movie_id)
                                                         Filter: ((production_year <= 2015) AND (1975 < production_year))
                                                         Rows Removed by Filter: 0
                                                         Buffers: shared hit=61084 read=12180
                                             ->  Hash  (cost=1.09..1.09 rows=2 width=4) (actual time=0.016..0.018 rows=2 loops=1)
                                                   Buckets: 1024  Batches: 1  Memory Usage: 9kB
                                                   Buffers: shared hit=1
                                                   ->  Seq Scan on kind_type kt  (cost=0.00..1.09 rows=2 width=4) (actual time=0.009..0.010 rows=2 loops=1)
                                                         Filter: ((kind)::text = ANY ('{episode,movie}'::text[]))
                                                         Rows Removed by Filter: 5
                                                         Buffers: shared hit=1
                                       ->  Index Scan using movie_id_movie_info on movie_info mi1  (cost=0.43..42.38 rows=1 width=8) (actual time=0.240..0.241 rows=1 loops=12940)
                                             Index Cond: (movie_id = t.id)
                                             Filter: ((info_type_id = 3) AND ((info)::text = ANY ('{Action,Comedy,Drama,Horror,Thriller}'::text[])))
                                             Rows Removed by Filter: 129
                                             Buffers: shared hit=201015 read=83185
                                 ->  Seq Scan on info_type it1  (cost=0.00..2.41 rows=1 width=4) (actual time=0.010..0.019 rows=1 loops=17288)
                                       Filter: (id = 3)
                                       Rows Removed by Filter: 112
                                       Buffers: shared hit=17288
                           ->  Seq Scan on info_type it2  (cost=0.00..2.41 rows=1 width=4) (actual time=0.010..0.019 rows=1 loops=17288)
                                 Filter: (id = 5)
                                 Rows Removed by Filter: 112
                                 Buffers: shared hit=17288
                     ->  Index Scan using movie_id_cast_info on cast_info ci  (cost=0.44..43.32 rows=38 width=12) (actual time=0.035..0.859 rows=99 loops=17288)
                           Index Cond: (movie_id = t.id)
                           Buffers: shared hit=1545310 read=174463
               ->  Hash  (cost=1.15..1.15 rows=2 width=4) (actual time=0.033..0.034 rows=2 loops=1)
                     Buckets: 1024  Batches: 1  Memory Usage: 9kB
                     Buffers: shared hit=1
                     ->  Seq Scan on role_type rt  (cost=0.00..1.15 rows=2 width=4) (actual time=0.025..0.027 rows=2 loops=1)
                           Filter: ((role)::text = ANY ('{composer,writer}'::text[]))
                           Rows Removed by Filter: 10
                           Buffers: shared hit=1
         ->  Index Scan using name_pkey on name n  (cost=0.43..2.32 rows=1 width=4) (actual time=0.034..0.034 rows=0 loops=61088)
               Index Cond: (id = ci.person_id)
               Filter: ((gender)::text = 'f'::text)
               Rows Removed by Filter: 1
               Buffers: shared hit=221931 read=22421
 Planning:
   Buffers: shared hit=502 read=72
 Planning Time: 14.391 ms
 Execution Time: 22742.381 ms
(73 rows)

