                                                                                             QUERY PLAN                                                                                              
-----------------------------------------------------------------------------------------------------------------------------------------------------------------------------------------------------
 Aggregate  (cost=467154.31..467154.32 rows=1 width=8) (actual time=112546.227..112546.235 rows=1 loops=1)
   Buffers: shared hit=11074906 read=630366
   ->  Nested Loop  (cost=4697.64..467154.29 rows=8 width=0) (actual time=38.549..112449.951 rows=509244 loops=1)
         Buffers: shared hit=11074906 read=630366
         ->  Hash Join  (cost=4697.21..467126.46 rows=12 width=4) (actual time=38.494..49748.032 rows=1701736 loops=1)
               Hash Cond: (ci.role_id = rt.id)
               Buffers: shared hit=4371477 read=526851
               ->  Nested Loop  (cost=4696.03..467125.03 rows=72 width=8) (actual time=37.650..48519.117 rows=3869456 loops=1)
                     Buffers: shared hit=4371476 read=526851
                     ->  Nested Loop  (cost=4695.59..466906.35 rows=5 width=12) (actual time=37.604..10719.461 rows=43848 loops=1)
                           Buffers: shared hit=841208 read=147133
                           ->  Seq Scan on info_type it2  (cost=0.00..2.41 rows=1 width=4) (actual time=0.035..0.047 rows=1 loops=1)
                                 Filter: (id = 5)
                                 Rows Removed by Filter: 112
                                 Buffers: shared hit=1
                           ->  Nested Loop  (cost=4695.59..466903.88 rows=5 width=16) (actual time=37.568..10705.771 rows=43848 loops=1)
                                 Buffers: shared hit=841207 read=147133
                                 ->  Seq Scan on info_type it1  (cost=0.00..2.41 rows=1 width=4) (actual time=0.009..0.023 rows=1 loops=1)
                                       Filter: (id = 3)
                                       Rows Removed by Filter: 112
                                       Buffers: shared hit=1
                                 ->  Nested Loop  (cost=4695.59..466901.42 rows=5 width=20) (actual time=37.556..10692.129 rows=43848 loops=1)
                                       Buffers: shared hit=841206 read=147133
                                       ->  Hash Join  (cost=4695.16..455675.19 rows=265 width=12) (actual time=21.000..2789.916 rows=38450 loops=1)
                                             Hash Cond: (t.kind_id = kt.id)
                                             Buffers: shared hit=211906 read=36483
                                             ->  Nested Loop  (cost=4694.02..455671.45 rows=619 width=16) (actual time=20.957..2762.622 rows=41784 loops=1)
                                                   Buffers: shared hit=211905 read=36483
                                                   ->  Bitmap Heap Scan on movie_info mi2  (cost=4693.59..448289.11 rows=898 width=8) (actual time=20.489..628.410 rows=57204 loops=1)
                                                         Recheck Cond: (info_type_id = 5)
                                                         Filter: ((info)::text = ANY ('{Argentina:13,Argentina:16,France:U,Iceland:12,Netherlands:16,Norway:15,Portugal:M/16,UK:15,USA:R}'::text[]))
                                                         Rows Removed by Filter: 429350
                                                         Heap Blocks: exact=19164
                                                         Buffers: shared hit=4019 read=15553
                                                         ->  Bitmap Index Scan on info_type_id_movie_info  (cost=0.00..4693.37 rows=439058 width=0) (actual time=17.582..17.582 rows=486554 loops=1)
                                                               Index Cond: (info_type_id = 5)
                                                               Buffers: shared read=408
                                                   ->  Index Scan using title_pkey on title t  (cost=0.43..8.22 rows=1 width=8) (actual time=0.036..0.036 rows=1 loops=57204)
                                                         Index Cond: (id = mi2.movie_id)
                                                         Filter: ((production_year <= 2015) AND (1990 < production_year))
                                                         Rows Removed by Filter: 0
                                                         Buffers: shared hit=207886 read=20930
                                             ->  Hash  (cost=1.10..1.10 rows=3 width=4) (actual time=0.015..0.016 rows=3 loops=1)
                                                   Buckets: 1024  Batches: 1  Memory Usage: 9kB
                                                   Buffers: shared hit=1
                                                   ->  Seq Scan on kind_type kt  (cost=0.00..1.10 rows=3 width=4) (actual time=0.008..0.010 rows=3 loops=1)
                                                         Filter: ((kind)::text = ANY ('{episode,movie,"video movie"}'::text[]))
                                                         Rows Removed by Filter: 4
                                                         Buffers: shared hit=1
                                       ->  Index Scan using movie_id_movie_info on movie_info mi1  (cost=0.43..42.35 rows=1 width=8) (actual time=0.204..0.204 rows=1 loops=38450)
                                             Index Cond: (movie_id = t.id)
                                             Filter: ((info_type_id = 3) AND ((info)::text = ANY ('{Comedy,Drama,Romance,Thriller}'::text[])))
                                             Rows Removed by Filter: 86
                                             Buffers: shared hit=629300 read=110650
                     ->  Index Scan using movie_id_cast_info on cast_info ci  (cost=0.44..43.36 rows=38 width=12) (actual time=0.040..0.836 rows=88 loops=43848)
                           Index Cond: (movie_id = t.id)
                           Buffers: shared hit=3530268 read=379718
               ->  Hash  (cost=1.15..1.15 rows=2 width=4) (actual time=0.039..0.040 rows=2 loops=1)
                     Buckets: 1024  Batches: 1  Memory Usage: 9kB
                     Buffers: shared hit=1
                     ->  Seq Scan on role_type rt  (cost=0.00..1.15 rows=2 width=4) (actual time=0.029..0.032 rows=2 loops=1)
                           Filter: ((role)::text = ANY ('{"miscellaneous crew",producer}'::text[]))
                           Rows Removed by Filter: 10
                           Buffers: shared hit=1
         ->  Index Scan using name_pkey on name n  (cost=0.43..2.32 rows=1 width=4) (actual time=0.036..0.036 rows=0 loops=1701736)
               Index Cond: (id = ci.person_id)
               Filter: ((gender)::text = ANY ('{f,m}'::text[]))
               Rows Removed by Filter: 1
               Buffers: shared hit=6703429 read=103515
 Planning:
   Buffers: shared hit=483 read=91
 Planning Time: 14.192 ms
 Execution Time: 112546.987 ms
(73 rows)

