                                                                                             QUERY PLAN                                                                                              
-----------------------------------------------------------------------------------------------------------------------------------------------------------------------------------------------------
 Aggregate  (cost=360025.13..360025.14 rows=1 width=8) (actual time=566.816..566.824 rows=1 loops=1)
   Buffers: shared hit=28471 read=28776
   ->  Nested Loop  (cost=4697.40..360025.13 rows=1 width=0) (actual time=18.641..566.803 rows=98 loops=1)
         Buffers: shared hit=28471 read=28776
         ->  Hash Join  (cost=4696.97..360020.49 rows=2 width=4) (actual time=18.602..563.328 rows=102 loops=1)
               Hash Cond: (ci.role_id = rt.id)
               Buffers: shared hit=28180 read=28659
               ->  Nested Loop  (cost=4695.80..360019.27 rows=14 width=8) (actual time=18.484..563.214 rows=526 loops=1)
                     Buffers: shared hit=28179 read=28659
                     ->  Nested Loop  (cost=4695.36..359975.61 rows=1 width=12) (actual time=18.448..557.688 rows=38 loops=1)
                           Buffers: shared hit=27948 read=28280
                           ->  Nested Loop  (cost=4695.36..359973.19 rows=1 width=16) (actual time=18.444..557.362 rows=38 loops=1)
                                 Buffers: shared hit=27910 read=28280
                                 ->  Nested Loop  (cost=4695.36..359970.77 rows=1 width=20) (actual time=18.424..556.692 rows=38 loops=1)
                                       Buffers: shared hit=27872 read=28280
                                       ->  Hash Join  (cost=4694.92..359590.42 rows=9 width=12) (actual time=18.284..538.995 rows=177 loops=1)
                                             Hash Cond: (t.kind_id = kt.id)
                                             Buffers: shared hit=27129 read=26652
                                             ->  Nested Loop  (cost=4693.81..359589.17 rows=32 width=16) (actual time=18.249..537.909 rows=8551 loops=1)
                                                   Buffers: shared hit=27128 read=26652
                                                   ->  Bitmap Heap Scan on movie_info mi2  (cost=4693.38..359301.78 rows=34 width=8) (actual time=18.208..284.376 rows=8552 loops=1)
                                                         Recheck Cond: (info_type_id = 5)
                                                         Filter: ((info)::text = ANY ('{Iceland:12,"West Germany:12","West Germany:6"}'::text[]))
                                                         Rows Removed by Filter: 478002
                                                         Heap Blocks: exact=19164
                                                         Buffers: shared hit=806 read=18766
                                                         ->  Bitmap Index Scan on info_type_id_movie_info  (cost=0.00..4693.37 rows=439058 width=0) (actual time=14.945..14.946 rows=486554 loops=1)
                                                               Index Cond: (info_type_id = 5)
                                                               Buffers: shared read=408
                                                   ->  Index Scan using title_pkey on title t  (cost=0.43..8.45 rows=1 width=8) (actual time=0.029..0.029 rows=1 loops=8552)
                                                         Index Cond: (id = mi2.movie_id)
                                                         Filter: ((production_year <= 2015) AND (1925 < production_year))
                                                         Rows Removed by Filter: 0
                                                         Buffers: shared hit=26322 read=7886
                                             ->  Hash  (cost=1.09..1.09 rows=2 width=4) (actual time=0.018..0.019 rows=2 loops=1)
                                                   Buckets: 1024  Batches: 1  Memory Usage: 9kB
                                                   Buffers: shared hit=1
                                                   ->  Seq Scan on kind_type kt  (cost=0.00..1.09 rows=2 width=4) (actual time=0.006..0.007 rows=2 loops=1)
                                                         Filter: ((kind)::text = ANY ('{"tv series","video game"}'::text[]))
                                                         Rows Removed by Filter: 5
                                                         Buffers: shared hit=1
                                       ->  Index Scan using movie_id_movie_info on movie_info mi1  (cost=0.43..42.25 rows=1 width=8) (actual time=0.099..0.100 rows=0 loops=177)
                                             Index Cond: (movie_id = t.id)
                                             Filter: ((info_type_id = 3) AND ((info)::text = ANY ('{Comedy,Romance,Western}'::text[])))
                                             Rows Removed by Filter: 32
                                             Buffers: shared hit=743 read=1628
                                 ->  Seq Scan on info_type it1  (cost=0.00..2.41 rows=1 width=4) (actual time=0.012..0.016 rows=1 loops=38)
                                       Filter: (id = 3)
                                       Rows Removed by Filter: 112
                                       Buffers: shared hit=38
                           ->  Seq Scan on info_type it2  (cost=0.00..2.41 rows=1 width=4) (actual time=0.003..0.007 rows=1 loops=38)
                                 Filter: (id = 5)
                                 Rows Removed by Filter: 112
                                 Buffers: shared hit=38
                     ->  Index Scan using movie_id_cast_info on cast_info ci  (cost=0.44..43.28 rows=38 width=12) (actual time=0.023..0.143 rows=14 loops=38)
                           Index Cond: (movie_id = t.id)
                           Buffers: shared hit=231 read=379
               ->  Hash  (cost=1.15..1.15 rows=2 width=4) (actual time=0.023..0.024 rows=2 loops=1)
                     Buckets: 1024  Batches: 1  Memory Usage: 9kB
                     Buffers: shared hit=1
                     ->  Seq Scan on role_type rt  (cost=0.00..1.15 rows=2 width=4) (actual time=0.017..0.019 rows=2 loops=1)
                           Filter: ((role)::text = ANY ('{actress,cinematographer}'::text[]))
                           Rows Removed by Filter: 10
                           Buffers: shared hit=1
         ->  Index Scan using name_pkey on name n  (cost=0.43..2.32 rows=1 width=4) (actual time=0.034..0.034 rows=1 loops=102)
               Index Cond: (id = ci.person_id)
               Filter: ((gender)::text = ANY ('{f,m}'::text[]))
               Rows Removed by Filter: 0
               Buffers: shared hit=291 read=117
 Planning:
   Buffers: shared hit=484 read=90
 Planning Time: 9.080 ms
 Execution Time: 567.319 ms
(73 rows)

