                                                                                                                         QUERY PLAN                                                                                                                          
-------------------------------------------------------------------------------------------------------------------------------------------------------------------------------------------------------------------------------------------------------------
 Aggregate  (cost=501819.47..501819.48 rows=1 width=8) (actual time=9115.883..9115.892 rows=1 loops=1)
   Buffers: shared hit=750033 read=153298
   ->  Nested Loop  (cost=4697.50..501819.46 rows=1 width=0) (actual time=51.773..9115.407 rows=1034 loops=1)
         Buffers: shared hit=750033 read=153298
         ->  Nested Loop  (cost=4697.50..501817.04 rows=1 width=4) (actual time=51.763..9094.254 rows=1034 loops=1)
               Buffers: shared hit=748999 read=153298
               ->  Nested Loop  (cost=4697.50..501814.62 rows=1 width=8) (actual time=51.740..9066.098 rows=1034 loops=1)
                     Buffers: shared hit=747965 read=153298
                     ->  Hash Join  (cost=4697.07..501800.70 rows=6 width=12) (actual time=22.474..8842.824 rows=5868 loops=1)
                           Hash Cond: (ci.role_id = rt.id)
                           Buffers: shared hit=725460 read=152331
                           ->  Nested Loop  (cost=4695.91..501799.28 rows=72 width=16) (actual time=21.174..8771.275 rows=420673 loops=1)
                                 Buffers: shared hit=725459 read=152331
                                 ->  Nested Loop  (cost=4695.47..501580.80 rows=5 width=20) (actual time=21.130..4418.231 rows=11082 loops=1)
                                       Buffers: shared hit=361697 read=70712
                                       ->  Hash Join  (cost=4695.03..496858.58 rows=111 width=12) (actual time=20.776..3052.766 rows=7994 loops=1)
                                             Hash Cond: (t.kind_id = kt.id)
                                             Buffers: shared hit=283092 read=27521
                                             ->  Nested Loop  (cost=4693.92..496855.83 rows=387 width=16) (actual time=20.729..3035.851 rows=64364 loops=1)
                                                   Buffers: shared hit=283091 read=27521
                                                   ->  Bitmap Heap Scan on movie_info mi2  (cost=4693.49..492782.56 rows=489 width=8) (actual time=20.595..545.956 rows=72760 loops=1)
                                                         Recheck Cond: (info_type_id = 5)
                                                         Filter: ((info)::text = ANY ('{Argentina:13,Australia:M,Germany:12,"Hong Kong:IIB",India:U,Netherlands:12,Netherlands:16,Singapore:M18,"South Korea:15",UK:PG,"USA:Not Rated",USA:PG-13}'::text[]))
                                                         Rows Removed by Filter: 413794
                                                         Heap Blocks: exact=19164
                                                         Buffers: shared hit=16597 read=2975
                                                         ->  Bitmap Index Scan on info_type_id_movie_info  (cost=0.00..4693.37 rows=439058 width=0) (actual time=17.979..17.980 rows=486554 loops=1)
                                                               Index Cond: (info_type_id = 5)
                                                               Buffers: shared hit=408
                                                   ->  Index Scan using title_pkey on title t  (cost=0.43..8.33 rows=1 width=8) (actual time=0.034..0.034 rows=1 loops=72760)
                                                         Index Cond: (id = mi2.movie_id)
                                                         Filter: ((production_year <= 2015) AND (1975 < production_year))
                                                         Rows Removed by Filter: 0
                                                         Buffers: shared hit=266494 read=24546
                                             ->  Hash  (cost=1.09..1.09 rows=2 width=4) (actual time=0.019..0.020 rows=2 loops=1)
                                                   Buckets: 1024  Batches: 1  Memory Usage: 9kB
                                                   Buffers: shared hit=1
                                                   ->  Seq Scan on kind_type kt  (cost=0.00..1.09 rows=2 width=4) (actual time=0.010..0.011 rows=2 loops=1)
                                                         Filter: ((kind)::text = ANY ('{"tv movie","tv series"}'::text[]))
                                                         Rows Removed by Filter: 5
                                                         Buffers: shared hit=1
                                       ->  Index Scan using movie_id_movie_info on movie_info mi1  (cost=0.43..42.53 rows=1 width=8) (actual time=0.167..0.170 rows=1 loops=7994)
                                             Index Cond: (movie_id = t.id)
                                             Filter: ((info_type_id = 3) AND ((info)::text = ANY ('{Action,Adventure,Comedy,Documentary,Drama,Romance,Short,Thriller}'::text[])))
                                             Rows Removed by Filter: 34
                                             Buffers: shared hit=78605 read=43191
                                 ->  Index Scan using movie_id_cast_info on cast_info ci  (cost=0.44..43.32 rows=38 width=12) (actual time=0.036..0.383 rows=38 loops=11082)
                                       Index Cond: (movie_id = t.id)
                                       Buffers: shared hit=363762 read=81619
                           ->  Hash  (cost=1.15..1.15 rows=1 width=4) (actual time=0.033..0.034 rows=1 loops=1)
                                 Buckets: 1024  Batches: 1  Memory Usage: 9kB
                                 Buffers: shared hit=1
                                 ->  Seq Scan on role_type rt  (cost=0.00..1.15 rows=1 width=4) (actual time=0.026..0.028 rows=1 loops=1)
                                       Filter: ((role)::text = 'costume designer'::text)
                                       Rows Removed by Filter: 11
                                       Buffers: shared hit=1
                     ->  Index Scan using name_pkey on name n  (cost=0.43..2.32 rows=1 width=4) (actual time=0.037..0.037 rows=0 loops=5868)
                           Index Cond: (id = ci.person_id)
                           Filter: ((gender)::text = 'f'::text)
                           Rows Removed by Filter: 1
                           Buffers: shared hit=22505 read=967
               ->  Seq Scan on info_type it1  (cost=0.00..2.41 rows=1 width=4) (actual time=0.015..0.025 rows=1 loops=1034)
                     Filter: (id = 3)
                     Rows Removed by Filter: 112
                     Buffers: shared hit=1034
         ->  Seq Scan on info_type it2  (cost=0.00..2.41 rows=1 width=4) (actual time=0.009..0.018 rows=1 loops=1034)
               Filter: (id = 5)
               Rows Removed by Filter: 112
               Buffers: shared hit=1034
 Planning:
   Buffers: shared hit=574
 Planning Time: 14.755 ms
 Execution Time: 9116.649 ms
(73 rows)

