                                                                                                           QUERY PLAN                                                                                                            
---------------------------------------------------------------------------------------------------------------------------------------------------------------------------------------------------------------------------------
 Aggregate  (cost=487652.42..487652.43 rows=1 width=8) (actual time=5297.920..5297.927 rows=1 loops=1)
   Buffers: shared hit=462807 read=82910
   ->  Nested Loop  (cost=4697.51..487652.42 rows=1 width=0) (actual time=45.845..5296.983 rows=3594 loops=1)
         Buffers: shared hit=462807 read=82910
         ->  Nested Loop  (cost=4697.51..487650.00 rows=1 width=4) (actual time=45.837..5226.699 rows=3594 loops=1)
               Buffers: shared hit=459213 read=82910
               ->  Nested Loop  (cost=4697.51..487647.58 rows=1 width=8) (actual time=45.815..5152.979 rows=3594 loops=1)
                     Buffers: shared hit=455619 read=82910
                     ->  Hash Join  (cost=4697.08..487642.94 rows=2 width=12) (actual time=45.752..4863.965 rows=7810 loops=1)
                           Hash Cond: (ci.role_id = rt.id)
                           Buffers: shared hit=428972 read=78317
                           ->  Nested Loop  (cost=4695.92..487641.68 rows=29 width=16) (actual time=43.545..4828.185 rows=221076 loops=1)
                                 Buffers: shared hit=428971 read=78317
                                 ->  Nested Loop  (cost=4695.48..487554.28 rows=2 width=20) (actual time=43.495..2749.538 rows=4049 loops=1)
                                       Buffers: shared hit=232618 read=48709
                                       ->  Hash Join  (cost=4695.05..482412.84 rows=121 width=12) (actual time=43.363..2239.712 rows=3420 loops=1)
                                             Hash Cond: (t.kind_id = kt.id)
                                             Buffers: shared hit=202216 read=29945
                                             ->  Nested Loop  (cost=4693.93..482409.93 rows=425 width=16) (actual time=18.786..2230.007 rows=45576 loops=1)
                                                   Buffers: shared hit=202215 read=29945
                                                   ->  Bitmap Heap Scan on movie_info mi2  (cost=4693.50..477951.39 rows=536 width=8) (actual time=18.732..555.011 rows=53147 loops=1)
                                                         Recheck Cond: (info_type_id = 5)
                                                         Filter: ((info)::text = ANY ('{Australia:PG,France:-12,France:U,Germany:16,"Hong Kong:IIA",Netherlands:12,Norway:18,Singapore:PG,Spain:T,USA:PG,USA:Unrated}'::text[]))
                                                         Rows Removed by Filter: 433407
                                                         Heap Blocks: exact=19164
                                                         Buffers: shared hit=1396 read=18176
                                                         ->  Bitmap Index Scan on info_type_id_movie_info  (cost=0.00..4693.37 rows=439058 width=0) (actual time=16.184..16.184 rows=486554 loops=1)
                                                               Index Cond: (info_type_id = 5)
                                                               Buffers: shared read=408
                                                   ->  Index Scan using title_pkey on title t  (cost=0.43..8.32 rows=1 width=8) (actual time=0.031..0.031 rows=1 loops=53147)
                                                         Index Cond: (id = mi2.movie_id)
                                                         Filter: ((production_year <= 2015) AND (1975 < production_year))
                                                         Rows Removed by Filter: 0
                                                         Buffers: shared hit=200819 read=11769
                                             ->  Hash  (cost=1.09..1.09 rows=2 width=4) (actual time=0.013..0.014 rows=2 loops=1)
                                                   Buckets: 1024  Batches: 1  Memory Usage: 9kB
                                                   Buffers: shared hit=1
                                                   ->  Seq Scan on kind_type kt  (cost=0.00..1.09 rows=2 width=4) (actual time=0.008..0.009 rows=2 loops=1)
                                                         Filter: ((kind)::text = ANY ('{"tv movie","video game"}'::text[]))
                                                         Rows Removed by Filter: 5
                                                         Buffers: shared hit=1
                                       ->  Index Scan using movie_id_movie_info on movie_info mi1  (cost=0.43..42.48 rows=1 width=8) (actual time=0.147..0.148 rows=1 loops=3420)
                                             Index Cond: (movie_id = t.id)
                                             Filter: ((info_type_id = 3) AND ((info)::text = ANY ('{Action,Crime,Drama,Family,Fantasy,Sci-Fi,Thriller}'::text[])))
                                             Rows Removed by Filter: 23
                                             Buffers: shared hit=30402 read=18764
                                 ->  Index Scan using movie_id_cast_info on cast_info ci  (cost=0.44..43.32 rows=38 width=12) (actual time=0.034..0.500 rows=55 loops=4049)
                                       Index Cond: (movie_id = t.id)
                                       Buffers: shared hit=196353 read=29608
                           ->  Hash  (cost=1.15..1.15 rows=1 width=4) (actual time=0.026..0.027 rows=1 loops=1)
                                 Buckets: 1024  Batches: 1  Memory Usage: 9kB
                                 Buffers: shared hit=1
                                 ->  Seq Scan on role_type rt  (cost=0.00..1.15 rows=1 width=4) (actual time=0.019..0.020 rows=1 loops=1)
                                       Filter: ((role)::text = 'writer'::text)
                                       Rows Removed by Filter: 11
                                       Buffers: shared hit=1
                     ->  Index Scan using name_pkey on name n  (cost=0.43..2.32 rows=1 width=4) (actual time=0.036..0.036 rows=0 loops=7810)
                           Index Cond: (id = ci.person_id)
                           Filter: ((gender)::text = 'm'::text)
                           Rows Removed by Filter: 1
                           Buffers: shared hit=26647 read=4593
               ->  Seq Scan on info_type it1  (cost=0.00..2.41 rows=1 width=4) (actual time=0.010..0.018 rows=1 loops=3594)
                     Filter: (id = 3)
                     Rows Removed by Filter: 112
                     Buffers: shared hit=3594
         ->  Seq Scan on info_type it2  (cost=0.00..2.41 rows=1 width=4) (actual time=0.010..0.018 rows=1 loops=3594)
               Filter: (id = 5)
               Rows Removed by Filter: 112
               Buffers: shared hit=3594
 Planning:
   Buffers: shared hit=520 read=54
 Planning Time: 12.462 ms
 Execution Time: 5298.443 ms
(73 rows)

