                                                                                             QUERY PLAN                                                                                              
-----------------------------------------------------------------------------------------------------------------------------------------------------------------------------------------------------
 Aggregate  (cost=420247.96..420247.97 rows=1 width=8) (actual time=15386.201..15386.208 rows=1 loops=1)
   Buffers: shared hit=1357594 read=249179
   ->  Nested Loop  (cost=4697.76..420247.96 rows=1 width=0) (actual time=54.068..15385.461 rows=1920 loops=1)
         Buffers: shared hit=1357594 read=249179
         ->  Nested Loop  (cost=4697.76..420245.54 rows=1 width=4) (actual time=54.060..15344.922 rows=1920 loops=1)
               Buffers: shared hit=1355674 read=249179
               ->  Nested Loop  (cost=4697.76..420243.11 rows=1 width=8) (actual time=54.035..15303.253 rows=1920 loops=1)
                     Buffers: shared hit=1353754 read=249179
                     ->  Hash Join  (cost=4697.33..420238.47 rows=2 width=12) (actual time=34.055..13972.332 rows=36698 loops=1)
                           Hash Cond: (ci.role_id = rt.id)
                           Buffers: shared hit=1220543 read=235598
                           ->  Nested Loop  (cost=4696.17..420237.21 rows=29 width=16) (actual time=33.824..13830.353 rows=836122 loops=1)
                                 Buffers: shared hit=1220542 read=235598
                                 ->  Nested Loop  (cost=4695.73..420148.47 rows=2 width=20) (actual time=33.789..5788.816 rows=15550 loops=1)
                                       Buffers: shared hit=482948 read=106994
                                       ->  Hash Join  (cost=4695.29..416130.54 rows=94 width=12) (actual time=33.572..2599.085 rows=17237 loops=1)
                                             Hash Cond: (t.kind_id = kt.id)
                                             Buffers: shared hit=237389 read=31660
                                             ->  Nested Loop  (cost=4694.18..416128.04 rows=330 width=16) (actual time=20.442..2589.938 rows=18171 loops=1)
                                                   Buffers: shared hit=237388 read=31660
                                                   ->  Bitmap Heap Scan on movie_info mi2  (cost=4693.75..403795.71 rows=1530 width=8) (actual time=20.168..480.431 rows=62369 loops=1)
                                                         Recheck Cond: (info_type_id = 5)
                                                         Filter: ((info)::text = ANY ('{Australia:M,Portugal:M/12,Sweden:Btl,UK:15,USA:Approved,USA:R}'::text[]))
                                                         Rows Removed by Filter: 424185
                                                         Heap Blocks: exact=19164
                                                         Buffers: shared hit=2381 read=17191
                                                         ->  Bitmap Index Scan on info_type_id_movie_info  (cost=0.00..4693.37 rows=439058 width=0) (actual time=17.534..17.535 rows=486554 loops=1)
                                                               Index Cond: (info_type_id = 5)
                                                               Buffers: shared read=408
                                                   ->  Index Scan using title_pkey on title t  (cost=0.43..8.06 rows=1 width=8) (actual time=0.033..0.033 rows=0 loops=62369)
                                                         Index Cond: (id = mi2.movie_id)
                                                         Filter: ((production_year <= 1990) AND (1950 < production_year))
                                                         Rows Removed by Filter: 1
                                                         Buffers: shared hit=235007 read=14469
                                             ->  Hash  (cost=1.09..1.09 rows=2 width=4) (actual time=0.017..0.018 rows=2 loops=1)
                                                   Buckets: 1024  Batches: 1  Memory Usage: 9kB
                                                   Buffers: shared hit=1
                                                   ->  Seq Scan on kind_type kt  (cost=0.00..1.09 rows=2 width=4) (actual time=0.011..0.013 rows=2 loops=1)
                                                         Filter: ((kind)::text = ANY ('{movie,"tv movie"}'::text[]))
                                                         Rows Removed by Filter: 5
                                                         Buffers: shared hit=1
                                       ->  Index Scan using movie_id_movie_info on movie_info mi1  (cost=0.43..42.73 rows=1 width=8) (actual time=0.184..0.184 rows=1 loops=17237)
                                             Index Cond: (movie_id = t.id)
                                             Filter: ((info_type_id = 3) AND ((info)::text = ANY ('{Comedy,Crime,Drama}'::text[])))
                                             Rows Removed by Filter: 64
                                             Buffers: shared hit=245559 read=75334
                                 ->  Index Scan using movie_id_cast_info on cast_info ci  (cost=0.44..43.99 rows=38 width=12) (actual time=0.035..0.503 rows=54 loops=15550)
                                       Index Cond: (movie_id = t.id)
                                       Buffers: shared hit=737594 read=128604
                           ->  Hash  (cost=1.15..1.15 rows=1 width=4) (actual time=0.029..0.029 rows=1 loops=1)
                                 Buckets: 1024  Batches: 1  Memory Usage: 9kB
                                 Buffers: shared hit=1
                                 ->  Seq Scan on role_type rt  (cost=0.00..1.15 rows=1 width=4) (actual time=0.022..0.023 rows=1 loops=1)
                                       Filter: ((role)::text = 'writer'::text)
                                       Rows Removed by Filter: 11
                                       Buffers: shared hit=1
                     ->  Index Scan using name_pkey on name n  (cost=0.43..2.32 rows=1 width=4) (actual time=0.036..0.036 rows=0 loops=36698)
                           Index Cond: (id = ci.person_id)
                           Filter: ((gender)::text = 'f'::text)
                           Rows Removed by Filter: 1
                           Buffers: shared hit=133211 read=13581
               ->  Seq Scan on info_type it1  (cost=0.00..2.41 rows=1 width=4) (actual time=0.010..0.019 rows=1 loops=1920)
                     Filter: (id = 3)
                     Rows Removed by Filter: 112
                     Buffers: shared hit=1920
         ->  Seq Scan on info_type it2  (cost=0.00..2.41 rows=1 width=4) (actual time=0.010..0.019 rows=1 loops=1920)
               Filter: (id = 5)
               Rows Removed by Filter: 112
               Buffers: shared hit=1920
 Planning:
   Buffers: shared hit=529 read=45
 Planning Time: 13.600 ms
 Execution Time: 15386.833 ms
(73 rows)

