                                                                                                    QUERY PLAN                                                                                                     
-------------------------------------------------------------------------------------------------------------------------------------------------------------------------------------------------------------------
 Aggregate  (cost=493412.35..493412.36 rows=1 width=8) (actual time=3717.750..3717.757 rows=1 loops=1)
   Buffers: shared hit=325587 read=60098
   ->  Nested Loop  (cost=4697.72..493412.35 rows=2 width=0) (actual time=23.929..3717.493 rows=1096 loops=1)
         Buffers: shared hit=325587 read=60098
         ->  Seq Scan on info_type it2  (cost=0.00..2.41 rows=1 width=4) (actual time=0.078..0.088 rows=1 loops=1)
               Filter: (id = 5)
               Rows Removed by Filter: 112
               Buffers: shared hit=1
         ->  Nested Loop  (cost=4697.72..493409.92 rows=2 width=4) (actual time=23.850..3717.201 rows=1096 loops=1)
               Buffers: shared hit=325586 read=60098
               ->  Seq Scan on info_type it1  (cost=0.00..2.41 rows=1 width=4) (actual time=0.008..0.021 rows=1 loops=1)
                     Filter: (id = 3)
                     Rows Removed by Filter: 112
                     Buffers: shared hit=1
               ->  Nested Loop  (cost=4697.72..493407.48 rows=2 width=8) (actual time=23.839..3716.948 rows=1096 loops=1)
                     Buffers: shared hit=325585 read=60098
                     ->  Hash Join  (cost=4697.29..493395.89 rows=5 width=12) (actual time=23.795..3648.816 rows=2113 loops=1)
                           Hash Cond: (ci.role_id = rt.id)
                           Buffers: shared hit=318308 read=58923
                           ->  Nested Loop  (cost=4696.12..493394.52 rows=57 width=16) (actual time=23.447..3645.190 rows=21075 loops=1)
                                 Buffers: shared hit=318307 read=58923
                                 ->  Nested Loop  (cost=4695.68..493217.02 rows=4 width=20) (actual time=23.408..3397.696 rows=1156 loops=1)
                                       Buffers: shared hit=301100 read=52110
                                       ->  Hash Join  (cost=4695.25..488192.00 rows=117 width=12) (actual time=22.067..3195.363 rows=1185 loops=1)
                                             Hash Cond: (t.kind_id = kt.id)
                                             Buffers: shared hit=291483 read=43710
                                             ->  Nested Loop  (cost=4694.11..488189.72 rows=272 width=16) (actual time=22.032..3188.677 rows=30506 loops=1)
                                                   Buffers: shared hit=291482 read=43710
                                                   ->  Bitmap Heap Scan on movie_info mi2  (cost=4693.68..477951.57 rows=1260 width=8) (actual time=21.951..544.932 rows=78905 loops=1)
                                                         Recheck Cond: (info_type_id = 5)
                                                         Filter: ((info)::text = ANY ('{Argentina:13,Argentina:16,Australia:G,Australia:M,Belgium:KT,Finland:K-18,Norway:16,Sweden:15,UK:15,UK:A,UK:PG}'::text[]))
                                                         Rows Removed by Filter: 407649
                                                         Heap Blocks: exact=19164
                                                         Buffers: shared hit=1633 read=17939
                                                         ->  Bitmap Index Scan on info_type_id_movie_info  (cost=0.00..4693.37 rows=439058 width=0) (actual time=19.015..19.016 rows=486554 loops=1)
                                                               Index Cond: (info_type_id = 5)
                                                               Buffers: shared read=408
                                                   ->  Index Scan using title_pkey on title t  (cost=0.43..8.13 rows=1 width=8) (actual time=0.033..0.033 rows=0 loops=78905)
                                                         Index Cond: (id = mi2.movie_id)
                                                         Filter: ((production_year <= 1990) AND (1950 < production_year))
                                                         Rows Removed by Filter: 1
                                                         Buffers: shared hit=289849 read=25771
                                             ->  Hash  (cost=1.10..1.10 rows=3 width=4) (actual time=0.013..0.014 rows=3 loops=1)
                                                   Buckets: 1024  Batches: 1  Memory Usage: 9kB
                                                   Buffers: shared hit=1
                                                   ->  Seq Scan on kind_type kt  (cost=0.00..1.10 rows=3 width=4) (actual time=0.008..0.010 rows=3 loops=1)
                                                         Filter: ((kind)::text = ANY ('{"tv series","video game","video movie"}'::text[]))
                                                         Rows Removed by Filter: 4
                                                         Buffers: shared hit=1
                                       ->  Index Scan using movie_id_movie_info on movie_info mi1  (cost=0.43..42.94 rows=1 width=8) (actual time=0.166..0.170 rows=1 loops=1185)
                                             Index Cond: (movie_id = t.id)
                                             Filter: ((info_type_id = 3) AND ((info)::text = ANY ('{Action,Comedy,Crime,Documentary,Drama,Horror,Romance}'::text[])))
                                             Rows Removed by Filter: 49
                                             Buffers: shared hit=9617 read=8400
                                 ->  Index Scan using movie_id_cast_info on cast_info ci  (cost=0.44..43.99 rows=38 width=12) (actual time=0.038..0.209 rows=18 loops=1156)
                                       Index Cond: (movie_id = t.id)
                                       Buffers: shared hit=17207 read=6813
                           ->  Hash  (cost=1.15..1.15 rows=1 width=4) (actual time=0.016..0.016 rows=1 loops=1)
                                 Buckets: 1024  Batches: 1  Memory Usage: 9kB
                                 Buffers: shared hit=1
                                 ->  Seq Scan on role_type rt  (cost=0.00..1.15 rows=1 width=4) (actual time=0.009..0.010 rows=1 loops=1)
                                       Filter: ((role)::text = 'writer'::text)
                                       Rows Removed by Filter: 11
                                       Buffers: shared hit=1
                     ->  Index Scan using name_pkey on name n  (cost=0.43..2.32 rows=1 width=4) (actual time=0.032..0.032 rows=1 loops=2113)
                           Index Cond: (id = ci.person_id)
                           Filter: ((gender)::text = 'm'::text)
                           Rows Removed by Filter: 0
                           Buffers: shared hit=7277 read=1175
 Planning:
   Buffers: shared hit=483 read=91
 Planning Time: 13.603 ms
 Execution Time: 3718.368 ms
(73 rows)

