                                                                                               QUERY PLAN                                                                                               
--------------------------------------------------------------------------------------------------------------------------------------------------------------------------------------------------------
 Aggregate  (cost=463875.93..463875.94 rows=1 width=8) (actual time=3529.946..3529.954 rows=1 loops=1)
   Buffers: shared hit=353771 read=11480
   ->  Nested Loop  (cost=4697.76..463875.93 rows=1 width=0) (actual time=552.808..3529.927 rows=28 loops=1)
         Buffers: shared hit=353771 read=11480
         ->  Nested Loop  (cost=4697.76..463873.51 rows=1 width=4) (actual time=552.796..3529.358 rows=28 loops=1)
               Buffers: shared hit=353743 read=11480
               ->  Nested Loop  (cost=4697.76..463871.08 rows=1 width=8) (actual time=552.772..3528.734 rows=28 loops=1)
                     Buffers: shared hit=353715 read=11480
                     ->  Hash Join  (cost=4697.33..463866.44 rows=2 width=12) (actual time=29.792..3525.963 rows=94 loops=1)
                           Hash Cond: (ci.role_id = rt.id)
                           Buffers: shared hit=353434 read=11385
                           ->  Nested Loop  (cost=4696.16..463865.18 rows=29 width=16) (actual time=29.595..3524.612 rows=7091 loops=1)
                                 Buffers: shared hit=353433 read=11385
                                 ->  Nested Loop  (cost=4695.72..463776.07 rows=2 width=20) (actual time=29.559..3439.311 rows=260 loops=1)
                                       Buffers: shared hit=348015 read=9083
                                       ->  Hash Join  (cost=4695.29..460428.53 rows=78 width=12) (actual time=29.317..3046.341 rows=3326 loops=1)
                                             Hash Cond: (t.kind_id = kt.id)
                                             Buffers: shared hit=309598 read=6151
                                             ->  Nested Loop  (cost=4694.18..460426.27 rows=272 width=16) (actual time=19.842..3034.426 rows=47329 loops=1)
                                                   Buffers: shared hit=309597 read=6151
                                                   ->  Bitmap Heap Scan on movie_info mi2  (cost=4693.75..448289.26 rows=1505 width=8) (actual time=19.633..514.331 rows=74044 loops=1)
                                                         Recheck Cond: (info_type_id = 5)
                                                         Filter: ((info)::text = ANY ('{Australia:G,Australia:PG,Finland:K-16,Sweden:15,UK:A,UK:U,USA:Approved,USA:Passed,"West Germany:16"}'::text[]))
                                                         Rows Removed by Filter: 412510
                                                         Heap Blocks: exact=19164
                                                         Buffers: shared hit=15736 read=3836
                                                         ->  Bitmap Index Scan on info_type_id_movie_info  (cost=0.00..4693.37 rows=439058 width=0) (actual time=17.047..17.048 rows=486554 loops=1)
                                                               Index Cond: (info_type_id = 5)
                                                               Buffers: shared read=408
                                                   ->  Index Scan using title_pkey on title t  (cost=0.43..8.06 rows=1 width=8) (actual time=0.033..0.033 rows=1 loops=74044)
                                                         Index Cond: (id = mi2.movie_id)
                                                         Filter: ((production_year <= 1975) AND (1875 < production_year))
                                                         Rows Removed by Filter: 0
                                                         Buffers: shared hit=293861 read=2315
                                             ->  Hash  (cost=1.09..1.09 rows=2 width=4) (actual time=0.015..0.016 rows=2 loops=1)
                                                   Buckets: 1024  Batches: 1  Memory Usage: 9kB
                                                   Buffers: shared hit=1
                                                   ->  Seq Scan on kind_type kt  (cost=0.00..1.09 rows=2 width=4) (actual time=0.008..0.009 rows=2 loops=1)
                                                         Filter: ((kind)::text = ANY ('{episode,"tv movie"}'::text[]))
                                                         Rows Removed by Filter: 5
                                                         Buffers: shared hit=1
                                       ->  Index Scan using movie_id_movie_info on movie_info mi1  (cost=0.43..42.91 rows=1 width=8) (actual time=0.117..0.118 rows=0 loops=3326)
                                             Index Cond: (movie_id = t.id)
                                             Filter: ((info_type_id = 3) AND ((info)::text = ANY ('{Action,Comedy,Drama,Romance}'::text[])))
                                             Rows Removed by Filter: 15
                                             Buffers: shared hit=38417 read=2932
                                 ->  Index Scan using movie_id_cast_info on cast_info ci  (cost=0.44..44.17 rows=38 width=12) (actual time=0.046..0.320 rows=27 loops=260)
                                       Index Cond: (movie_id = t.id)
                                       Buffers: shared hit=5418 read=2302
                           ->  Hash  (cost=1.15..1.15 rows=1 width=4) (actual time=0.028..0.029 rows=1 loops=1)
                                 Buckets: 1024  Batches: 1  Memory Usage: 9kB
                                 Buffers: shared hit=1
                                 ->  Seq Scan on role_type rt  (cost=0.00..1.15 rows=1 width=4) (actual time=0.023..0.024 rows=1 loops=1)
                                       Filter: ((role)::text = 'production designer'::text)
                                       Rows Removed by Filter: 11
                                       Buffers: shared hit=1
                     ->  Index Scan using name_pkey on name n  (cost=0.43..2.32 rows=1 width=4) (actual time=0.029..0.029 rows=0 loops=94)
                           Index Cond: (id = ci.person_id)
                           Filter: ((gender)::text = 'm'::text)
                           Rows Removed by Filter: 1
                           Buffers: shared hit=281 read=95
               ->  Seq Scan on info_type it1  (cost=0.00..2.41 rows=1 width=4) (actual time=0.009..0.019 rows=1 loops=28)
                     Filter: (id = 3)
                     Rows Removed by Filter: 112
                     Buffers: shared hit=28
         ->  Seq Scan on info_type it2  (cost=0.00..2.41 rows=1 width=4) (actual time=0.008..0.018 rows=1 loops=28)
               Filter: (id = 5)
               Rows Removed by Filter: 112
               Buffers: shared hit=28
 Planning:
   Buffers: shared hit=529 read=45
 Planning Time: 12.968 ms
 Execution Time: 3530.667 ms
(73 rows)

