                                                                                             QUERY PLAN                                                                                              
-----------------------------------------------------------------------------------------------------------------------------------------------------------------------------------------------------
 Aggregate  (cost=381935.09..381935.10 rows=1 width=8) (actual time=1541.598..1541.607 rows=1 loops=1)
   Buffers: shared hit=157388 read=101
   ->  Nested Loop  (cost=4697.58..381935.08 rows=1 width=0) (actual time=276.329..1541.599 rows=4 loops=1)
         Buffers: shared hit=157388 read=101
         ->  Hash Join  (cost=4697.15..381930.45 rows=2 width=4) (actual time=276.285..1541.455 rows=5 loops=1)
               Hash Cond: (ci.role_id = rt.id)
               Buffers: shared hit=157378 read=91
               ->  Nested Loop  (cost=4695.98..381929.22 rows=14 width=8) (actual time=261.924..1541.386 rows=30 loops=1)
                     Buffers: shared hit=157377 read=91
                     ->  Nested Loop  (cost=4695.54..381884.67 rows=1 width=12) (actual time=261.864..1541.056 rows=9 loops=1)
                           Buffers: shared hit=157342 read=75
                           ->  Nested Loop  (cost=4695.54..381882.25 rows=1 width=16) (actual time=261.854..1540.959 rows=9 loops=1)
                                 Buffers: shared hit=157333 read=75
                                 ->  Nested Loop  (cost=4695.54..381879.82 rows=1 width=20) (actual time=261.822..1540.832 rows=9 loops=1)
                                       Buffers: shared hit=157324 read=75
                                       ->  Hash Join  (cost=4695.10..379648.13 rows=52 width=12) (actual time=261.453..1539.392 rows=14 loops=1)
                                             Hash Cond: (t.kind_id = kt.id)
                                             Buffers: shared hit=157177
                                             ->  Nested Loop  (cost=4693.97..379646.49 rows=120 width=16) (actual time=30.212..1533.624 rows=27048 loops=1)
                                                   Buffers: shared hit=157176
                                                   ->  Bitmap Heap Scan on movie_info mi2  (cost=4693.54..374133.13 rows=666 width=8) (actual time=19.169..371.288 rows=34401 loops=1)
                                                         Recheck Cond: (info_type_id = 5)
                                                         Filter: ((info)::text = ANY ('{Finland:K-16,Sweden:15,USA:Approved,"West Germany:16"}'::text[]))
                                                         Rows Removed by Filter: 452153
                                                         Heap Blocks: exact=19164
                                                         Buffers: shared hit=19572
                                                         ->  Bitmap Index Scan on info_type_id_movie_info  (cost=0.00..4693.37 rows=439058 width=0) (actual time=16.130..16.130 rows=486554 loops=1)
                                                               Index Cond: (info_type_id = 5)
                                                               Buffers: shared hit=408
                                                   ->  Index Scan using title_pkey on title t  (cost=0.43..8.28 rows=1 width=8) (actual time=0.033..0.033 rows=1 loops=34401)
                                                         Index Cond: (id = mi2.movie_id)
                                                         Filter: ((production_year <= 1975) AND (1875 < production_year))
                                                         Rows Removed by Filter: 0
                                                         Buffers: shared hit=137604
                                             ->  Hash  (cost=1.10..1.10 rows=3 width=4) (actual time=0.018..0.019 rows=3 loops=1)
                                                   Buckets: 1024  Batches: 1  Memory Usage: 9kB
                                                   Buffers: shared hit=1
                                                   ->  Seq Scan on kind_type kt  (cost=0.00..1.10 rows=3 width=4) (actual time=0.012..0.014 rows=3 loops=1)
                                                         Filter: ((kind)::text = ANY ('{"tv series","video game","video movie"}'::text[]))
                                                         Rows Removed by Filter: 4
                                                         Buffers: shared hit=1
                                       ->  Index Scan using movie_id_movie_info on movie_info mi1  (cost=0.43..42.91 rows=1 width=8) (actual time=0.099..0.102 rows=1 loops=14)
                                             Index Cond: (movie_id = t.id)
                                             Filter: ((info_type_id = 3) AND ((info)::text = ANY ('{Action,Comedy,Drama,Romance}'::text[])))
                                             Rows Removed by Filter: 30
                                             Buffers: shared hit=147 read=75
                                 ->  Seq Scan on info_type it1  (cost=0.00..2.41 rows=1 width=4) (actual time=0.007..0.012 rows=1 loops=9)
                                       Filter: (id = 3)
                                       Rows Removed by Filter: 112
                                       Buffers: shared hit=9
                           ->  Seq Scan on info_type it2  (cost=0.00..2.41 rows=1 width=4) (actual time=0.004..0.009 rows=1 loops=9)
                                 Filter: (id = 5)
                                 Rows Removed by Filter: 112
                                 Buffers: shared hit=9
                     ->  Index Scan using movie_id_cast_info on cast_info ci  (cost=0.44..44.17 rows=38 width=12) (actual time=0.025..0.035 rows=3 loops=9)
                           Index Cond: (movie_id = t.id)
                           Buffers: shared hit=35 read=16
               ->  Hash  (cost=1.15..1.15 rows=2 width=4) (actual time=0.035..0.036 rows=2 loops=1)
                     Buckets: 1024  Batches: 1  Memory Usage: 9kB
                     Buffers: shared hit=1
                     ->  Seq Scan on role_type rt  (cost=0.00..1.15 rows=2 width=4) (actual time=0.026..0.029 rows=2 loops=1)
                           Filter: ((role)::text = ANY ('{actress,director}'::text[]))
                           Rows Removed by Filter: 10
                           Buffers: shared hit=1
         ->  Index Scan using name_pkey on name n  (cost=0.43..2.32 rows=1 width=4) (actual time=0.028..0.028 rows=1 loops=5)
               Index Cond: (id = ci.person_id)
               Filter: ((gender)::text = ANY ('{f,m}'::text[]))
               Rows Removed by Filter: 0
               Buffers: shared hit=10 read=10
 Planning:
   Buffers: shared hit=574
 Planning Time: 12.259 ms
 Execution Time: 1542.278 ms
(73 rows)

