                                                                                             QUERY PLAN                                                                                              
-----------------------------------------------------------------------------------------------------------------------------------------------------------------------------------------------------
 Aggregate  (cost=375116.76..375116.77 rows=1 width=8) (actual time=978.892..978.899 rows=1 loops=1)
   Buffers: shared hit=81036 read=18159
   ->  Nested Loop  (cost=4697.41..375116.76 rows=1 width=0) (actual time=29.489..978.449 rows=4011 loops=1)
         Buffers: shared hit=81036 read=18159
         ->  Hash Join  (cost=4696.98..375114.44 rows=1 width=4) (actual time=29.441..845.207 rows=4011 loops=1)
               Hash Cond: (ci.role_id = rt.id)
               Buffers: shared hit=69535 read=13616
               ->  Nested Loop  (cost=4695.82..375113.23 rows=14 width=8) (actual time=28.090..843.082 rows=12752 loops=1)
                     Buffers: shared hit=69534 read=13616
                     ->  Nested Loop  (cost=4695.38..375069.49 rows=1 width=12) (actual time=28.047..709.250 rows=353 loops=1)
                           Buffers: shared hit=63837 read=6058
                           ->  Nested Loop  (cost=4695.38..375067.07 rows=1 width=16) (actual time=28.041..705.321 rows=353 loops=1)
                                 Buffers: shared hit=63484 read=6058
                                 ->  Nested Loop  (cost=4695.38..375064.65 rows=1 width=20) (actual time=28.021..700.646 rows=353 loops=1)
                                       Buffers: shared hit=63131 read=6058
                                       ->  Hash Join  (cost=4694.94..374514.59 rows=13 width=12) (actual time=21.542..587.912 rows=737 loops=1)
                                             Hash Cond: (t.kind_id = kt.id)
                                             Buffers: shared hit=57992 read=237
                                             ->  Nested Loop  (cost=4693.81..374513.33 rows=31 width=16) (actual time=21.496..586.481 rows=8029 loops=1)
                                                   Buffers: shared hit=57991 read=237
                                                   ->  Bitmap Heap Scan on movie_info mi2  (cost=4693.38..374132.97 rows=45 width=8) (actual time=20.041..305.944 rows=9664 loops=1)
                                                         Recheck Cond: (info_type_id = 5)
                                                         Filter: ((info)::text = ANY ('{Germany:12,"South Korea:All",Sweden:7,Switzerland:10}'::text[]))
                                                         Rows Removed by Filter: 476890
                                                         Heap Blocks: exact=19164
                                                         Buffers: shared hit=19572
                                                         ->  Bitmap Index Scan on info_type_id_movie_info  (cost=0.00..4693.37 rows=439058 width=0) (actual time=16.605..16.606 rows=486554 loops=1)
                                                               Index Cond: (info_type_id = 5)
                                                               Buffers: shared hit=408
                                                   ->  Index Scan using title_pkey on title t  (cost=0.43..8.45 rows=1 width=8) (actual time=0.029..0.029 rows=1 loops=9664)
                                                         Index Cond: (id = mi2.movie_id)
                                                         Filter: ((production_year <= 2015) AND (1990 < production_year))
                                                         Rows Removed by Filter: 0
                                                         Buffers: shared hit=38419 read=237
                                             ->  Hash  (cost=1.10..1.10 rows=3 width=4) (actual time=0.019..0.020 rows=3 loops=1)
                                                   Buckets: 1024  Batches: 1  Memory Usage: 9kB
                                                   Buffers: shared hit=1
                                                   ->  Seq Scan on kind_type kt  (cost=0.00..1.10 rows=3 width=4) (actual time=0.010..0.012 rows=3 loops=1)
                                                         Filter: ((kind)::text = ANY ('{"tv movie","tv series","video game"}'::text[]))
                                                         Rows Removed by Filter: 4
                                                         Buffers: shared hit=1
                                       ->  Index Scan using movie_id_movie_info on movie_info mi1  (cost=0.43..42.30 rows=1 width=8) (actual time=0.150..0.152 rows=0 loops=737)
                                             Index Cond: (movie_id = t.id)
                                             Filter: ((info_type_id = 3) AND ((info)::text = ANY ('{Comedy,Family,Thriller}'::text[])))
                                             Rows Removed by Filter: 33
                                             Buffers: shared hit=5139 read=5821
                                 ->  Seq Scan on info_type it1  (cost=0.00..2.41 rows=1 width=4) (actual time=0.006..0.012 rows=1 loops=353)
                                       Filter: (id = 3)
                                       Rows Removed by Filter: 112
                                       Buffers: shared hit=353
                           ->  Seq Scan on info_type it2  (cost=0.00..2.41 rows=1 width=4) (actual time=0.004..0.010 rows=1 loops=353)
                                 Filter: (id = 5)
                                 Rows Removed by Filter: 112
                                 Buffers: shared hit=353
                     ->  Index Scan using movie_id_cast_info on cast_info ci  (cost=0.44..43.36 rows=38 width=12) (actual time=0.029..0.372 rows=36 loops=353)
                           Index Cond: (movie_id = t.id)
                           Buffers: shared hit=5697 read=7558
               ->  Hash  (cost=1.15..1.15 rows=1 width=4) (actual time=0.038..0.039 rows=1 loops=1)
                     Buckets: 1024  Batches: 1  Memory Usage: 9kB
                     Buffers: shared hit=1
                     ->  Seq Scan on role_type rt  (cost=0.00..1.15 rows=1 width=4) (actual time=0.027..0.030 rows=1 loops=1)
                           Filter: ((role)::text = 'actor'::text)
                           Rows Removed by Filter: 11
                           Buffers: shared hit=1
         ->  Index Scan using name_pkey on name n  (cost=0.43..2.32 rows=1 width=4) (actual time=0.033..0.033 rows=1 loops=4011)
               Index Cond: (id = ci.person_id)
               Filter: ((gender)::text = 'm'::text)
               Buffers: shared hit=11501 read=4543
 Planning:
   Buffers: shared hit=574
 Planning Time: 13.326 ms
 Execution Time: 979.537 ms
(72 rows)

