                                                                                             QUERY PLAN                                                                                              
-----------------------------------------------------------------------------------------------------------------------------------------------------------------------------------------------------
 Aggregate  (cost=344963.42..344963.43 rows=1 width=8) (actual time=4612.701..4612.706 rows=1 loops=1)
   Buffers: shared hit=367097 read=113854
   ->  Nested Loop  (cost=4697.41..344963.42 rows=1 width=0) (actual time=54.500..4612.495 rows=438 loops=1)
         Buffers: shared hit=367097 read=113854
         ->  Hash Join  (cost=4696.98..344961.10 rows=1 width=4) (actual time=32.299..4487.072 rows=3771 loops=1)
               Hash Cond: (ci.role_id = rt.id)
               Buffers: shared hit=354421 read=111446
               ->  Nested Loop  (cost=4695.81..344959.89 rows=14 width=8) (actual time=31.846..4441.271 rows=340440 loops=1)
                     Buffers: shared hit=354420 read=111446
                     ->  Nested Loop  (cost=4695.37..344916.15 rows=1 width=12) (actual time=31.790..1405.437 rows=3490 loops=1)
                           Buffers: shared hit=91143 read=32163
                           ->  Nested Loop  (cost=4695.37..344913.73 rows=1 width=16) (actual time=31.783..1344.304 rows=3490 loops=1)
                                 Buffers: shared hit=87653 read=32163
                                 ->  Nested Loop  (cost=4695.37..344911.31 rows=1 width=20) (actual time=31.762..1282.832 rows=3490 loops=1)
                                       Buffers: shared hit=84163 read=32163
                                       ->  Hash Join  (cost=4694.94..344657.75 rows=6 width=12) (actual time=31.542..418.070 rows=3627 loops=1)
                                             Hash Cond: (t.kind_id = kt.id)
                                             Buffers: shared hit=36075 read=210
                                             ->  Nested Loop  (cost=4693.81..344656.55 rows=15 width=16) (actual time=20.526..416.038 rows=3839 loops=1)
                                                   Buffers: shared hit=36074 read=210
                                                   ->  Bitmap Heap Scan on movie_info mi2  (cost=4693.38..344470.60 rows=22 width=8) (actual time=19.037..284.037 rows=4178 loops=1)
                                                         Recheck Cond: (info_type_id = 5)
                                                         Filter: ((info)::text = ANY ('{Germany:6,Switzerland:12}'::text[]))
                                                         Rows Removed by Filter: 482376
                                                         Heap Blocks: exact=19164
                                                         Buffers: shared hit=19488 read=84
                                                         ->  Bitmap Index Scan on info_type_id_movie_info  (cost=0.00..4693.37 rows=439058 width=0) (actual time=15.684..15.684 rows=486554 loops=1)
                                                               Index Cond: (info_type_id = 5)
                                                               Buffers: shared hit=408
                                                   ->  Index Scan using title_pkey on title t  (cost=0.43..8.45 rows=1 width=8) (actual time=0.031..0.031 rows=1 loops=4178)
                                                         Index Cond: (id = mi2.movie_id)
                                                         Filter: ((production_year <= 2015) AND (1990 < production_year))
                                                         Rows Removed by Filter: 0
                                                         Buffers: shared hit=16586 read=126
                                             ->  Hash  (cost=1.10..1.10 rows=3 width=4) (actual time=0.021..0.022 rows=3 loops=1)
                                                   Buckets: 1024  Batches: 1  Memory Usage: 9kB
                                                   Buffers: shared hit=1
                                                   ->  Seq Scan on kind_type kt  (cost=0.00..1.10 rows=3 width=4) (actual time=0.012..0.014 rows=3 loops=1)
                                                         Filter: ((kind)::text = ANY ('{episode,movie,"video movie"}'::text[]))
                                                         Rows Removed by Filter: 4
                                                         Buffers: shared hit=1
                                       ->  Index Scan using movie_id_movie_info on movie_info mi1  (cost=0.43..42.25 rows=1 width=8) (actual time=0.237..0.238 rows=1 loops=3627)
                                             Index Cond: (movie_id = t.id)
                                             Filter: (((info)::text = ANY ('{Comedy,Drama}'::text[])) AND (info_type_id = 3))
                                             Rows Removed by Filter: 130
                                             Buffers: shared hit=48088 read=31953
                                 ->  Seq Scan on info_type it1  (cost=0.00..2.41 rows=1 width=4) (actual time=0.008..0.016 rows=1 loops=3490)
                                       Filter: (id = 3)
                                       Rows Removed by Filter: 112
                                       Buffers: shared hit=3490
                           ->  Seq Scan on info_type it2  (cost=0.00..2.41 rows=1 width=4) (actual time=0.009..0.016 rows=1 loops=3490)
                                 Filter: (id = 5)
                                 Rows Removed by Filter: 112
                                 Buffers: shared hit=3490
                     ->  Index Scan using movie_id_cast_info on cast_info ci  (cost=0.44..43.36 rows=38 width=12) (actual time=0.037..0.850 rows=98 loops=3490)
                           Index Cond: (movie_id = t.id)
                           Buffers: shared hit=263277 read=79283
               ->  Hash  (cost=1.15..1.15 rows=1 width=4) (actual time=0.038..0.039 rows=1 loops=1)
                     Buckets: 1024  Batches: 1  Memory Usage: 9kB
                     Buffers: shared hit=1
                     ->  Seq Scan on role_type rt  (cost=0.00..1.15 rows=1 width=4) (actual time=0.029..0.030 rows=1 loops=1)
                           Filter: ((role)::text = 'director'::text)
                           Rows Removed by Filter: 11
                           Buffers: shared hit=1
         ->  Index Scan using name_pkey on name n  (cost=0.43..2.32 rows=1 width=4) (actual time=0.033..0.033 rows=0 loops=3771)
               Index Cond: (id = ci.person_id)
               Filter: ((gender)::text = 'f'::text)
               Rows Removed by Filter: 1
               Buffers: shared hit=12676 read=2408
 Planning:
   Buffers: shared hit=574
 Planning Time: 12.511 ms
 Execution Time: 4613.372 ms
(73 rows)

