                                                                                              QUERY PLAN                                                                                               
-------------------------------------------------------------------------------------------------------------------------------------------------------------------------------------------------------
 Aggregate  (cost=438542.36..438542.37 rows=1 width=8) (actual time=2570.710..2570.717 rows=1 loops=1)
   Buffers: shared hit=222846 read=43281
   ->  Nested Loop  (cost=4697.49..438542.36 rows=1 width=0) (actual time=52.640..2570.664 rows=138 loops=1)
         Buffers: shared hit=222846 read=43281
         ->  Hash Join  (cost=4697.06..438540.04 rows=1 width=4) (actual time=27.092..2504.727 rows=1787 loops=1)
               Hash Cond: (ci.role_id = rt.id)
               Buffers: shared hit=217308 read=41671
               ->  Nested Loop  (cost=4695.90..438538.83 rows=14 width=8) (actual time=21.707..2502.539 rows=12871 loops=1)
                     Buffers: shared hit=217307 read=41671
                     ->  Nested Loop  (cost=4695.46..438494.45 rows=1 width=12) (actual time=21.669..2362.987 rows=949 loops=1)
                           Buffers: shared hit=207056 read=36744
                           ->  Nested Loop  (cost=4695.46..438492.03 rows=1 width=16) (actual time=21.664..2346.860 rows=949 loops=1)
                                 Buffers: shared hit=206107 read=36744
                                 ->  Nested Loop  (cost=4695.46..438489.61 rows=1 width=20) (actual time=21.647..2327.760 rows=949 loops=1)
                                       Buffers: shared hit=205158 read=36744
                                       ->  Hash Join  (cost=4695.03..437287.04 rows=28 width=12) (actual time=20.822..2205.455 rows=807 loops=1)
                                             Hash Cond: (t.kind_id = kt.id)
                                             Buffers: shared hit=199910 read=31259
                                             ->  Nested Loop  (cost=4693.91..437285.51 rows=99 width=16) (actual time=20.779..2200.479 rows=24439 loops=1)
                                                   Buffers: shared hit=199909 read=31259
                                                   ->  Bitmap Heap Scan on movie_info mi2  (cost=4693.48..433457.81 rows=459 width=8) (actual time=20.737..489.354 rows=52899 loops=1)
                                                         Recheck Cond: (info_type_id = 5)
                                                         Filter: ((info)::text = ANY ('{Australia:G,Belgium:KT,Sweden:11,Sweden:15,UK:U,"USA:Not Rated","West Germany:16","West Germany:6"}'::text[]))
                                                         Rows Removed by Filter: 433655
                                                         Heap Blocks: exact=19164
                                                         Buffers: shared hit=3867 read=15705
                                                         ->  Bitmap Index Scan on info_type_id_movie_info  (cost=0.00..4693.37 rows=439058 width=0) (actual time=18.070..18.070 rows=486554 loops=1)
                                                               Index Cond: (info_type_id = 5)
                                                               Buffers: shared read=408
                                                   ->  Index Scan using title_pkey on title t  (cost=0.43..8.34 rows=1 width=8) (actual time=0.032..0.032 rows=0 loops=52899)
                                                         Index Cond: (id = mi2.movie_id)
                                                         Filter: ((production_year <= 1990) AND (1950 < production_year))
                                                         Rows Removed by Filter: 1
                                                         Buffers: shared hit=196042 read=15554
                                             ->  Hash  (cost=1.09..1.09 rows=2 width=4) (actual time=0.018..0.019 rows=2 loops=1)
                                                   Buckets: 1024  Batches: 1  Memory Usage: 9kB
                                                   Buffers: shared hit=1
                                                   ->  Seq Scan on kind_type kt  (cost=0.00..1.09 rows=2 width=4) (actual time=0.010..0.011 rows=2 loops=1)
                                                         Filter: ((kind)::text = ANY ('{"tv series","video movie"}'::text[]))
                                                         Rows Removed by Filter: 5
                                                         Buffers: shared hit=1
                                       ->  Index Scan using movie_id_movie_info on movie_info mi1  (cost=0.43..42.94 rows=1 width=8) (actual time=0.146..0.151 rows=1 loops=807)
                                             Index Cond: (movie_id = t.id)
                                             Filter: ((info_type_id = 3) AND ((info)::text = ANY ('{Action,Adventure,Comedy,Documentary,Drama,Family,Thriller}'::text[])))
                                             Rows Removed by Filter: 31
                                             Buffers: shared hit=5248 read=5485
                                 ->  Seq Scan on info_type it1  (cost=0.00..2.41 rows=1 width=4) (actual time=0.012..0.018 rows=1 loops=949)
                                       Filter: (id = 3)
                                       Rows Removed by Filter: 112
                                       Buffers: shared hit=949
                           ->  Seq Scan on info_type it2  (cost=0.00..2.41 rows=1 width=4) (actual time=0.009..0.015 rows=1 loops=949)
                                 Filter: (id = 5)
                                 Rows Removed by Filter: 112
                                 Buffers: shared hit=949
                     ->  Index Scan using movie_id_cast_info on cast_info ci  (cost=0.44..43.99 rows=38 width=12) (actual time=0.032..0.144 rows=14 loops=949)
                           Index Cond: (movie_id = t.id)
                           Buffers: shared hit=10251 read=4927
               ->  Hash  (cost=1.15..1.15 rows=1 width=4) (actual time=0.032..0.032 rows=1 loops=1)
                     Buckets: 1024  Batches: 1  Memory Usage: 9kB
                     Buffers: shared hit=1
                     ->  Seq Scan on role_type rt  (cost=0.00..1.15 rows=1 width=4) (actual time=0.025..0.026 rows=1 loops=1)
                           Filter: ((role)::text = 'miscellaneous crew'::text)
                           Rows Removed by Filter: 11
                           Buffers: shared hit=1
         ->  Index Scan using name_pkey on name n  (cost=0.43..2.32 rows=1 width=4) (actual time=0.036..0.036 rows=0 loops=1787)
               Index Cond: (id = ci.person_id)
               Filter: ((gender)::text = 'f'::text)
               Rows Removed by Filter: 1
               Buffers: shared hit=5538 read=1610
 Planning:
   Buffers: shared hit=529 read=45
 Planning Time: 14.342 ms
 Execution Time: 2571.341 ms
(73 rows)

