                                                                                             QUERY PLAN                                                                                              
-----------------------------------------------------------------------------------------------------------------------------------------------------------------------------------------------------
 Aggregate  (cost=344878.88..344878.89 rows=1 width=8) (actual time=631.300..631.306 rows=1 loops=1)
   Buffers: shared hit=52314 read=10164
   ->  Nested Loop  (cost=4697.39..344878.88 rows=1 width=0) (actual time=56.842..631.270 rows=100 loops=1)
         Buffers: shared hit=52314 read=10164
         ->  Hash Join  (cost=4696.96..344876.56 rows=1 width=4) (actual time=56.742..620.660 rows=261 loops=1)
               Hash Cond: (ci.role_id = rt.id)
               Buffers: shared hit=51583 read=9851
               ->  Nested Loop  (cost=4695.79..344875.35 rows=14 width=8) (actual time=55.811..618.428 rows=21631 loops=1)
                     Buffers: shared hit=51582 read=9851
                     ->  Nested Loop  (cost=4695.35..344831.61 rows=1 width=12) (actual time=55.739..442.508 rows=226 loops=1)
                           Buffers: shared hit=39868 read=3125
                           ->  Nested Loop  (cost=4695.35..344829.19 rows=1 width=16) (actual time=55.727..440.046 rows=226 loops=1)
                                 Buffers: shared hit=39642 read=3125
                                 ->  Nested Loop  (cost=4695.35..344826.77 rows=1 width=20) (actual time=55.698..435.413 rows=226 loops=1)
                                       Buffers: shared hit=39416 read=3125
                                       ->  Hash Join  (cost=4694.92..344657.72 rows=4 width=12) (actual time=55.329..395.642 rows=316 loops=1)
                                             Hash Cond: (t.kind_id = kt.id)
                                             Buffers: shared hit=37417 read=764
                                             ->  Nested Loop  (cost=4693.81..344656.55 rows=15 width=16) (actual time=20.651..394.969 rows=4023 loops=1)
                                                   Buffers: shared hit=37416 read=764
                                                   ->  Bitmap Heap Scan on movie_info mi2  (cost=4693.38..344470.60 rows=22 width=8) (actual time=20.539..265.793 rows=4652 loops=1)
                                                         Recheck Cond: (info_type_id = 5)
                                                         Filter: ((info)::text = ANY ('{Singapore:M18,"South Korea:All"}'::text[]))
                                                         Rows Removed by Filter: 481902
                                                         Heap Blocks: exact=19164
                                                         Buffers: shared hit=19116 read=456
                                                         ->  Bitmap Index Scan on info_type_id_movie_info  (cost=0.00..4693.37 rows=439058 width=0) (actual time=17.307..17.308 rows=486554 loops=1)
                                                               Index Cond: (info_type_id = 5)
                                                               Buffers: shared hit=408
                                                   ->  Index Scan using title_pkey on title t  (cost=0.43..8.45 rows=1 width=8) (actual time=0.027..0.027 rows=1 loops=4652)
                                                         Index Cond: (id = mi2.movie_id)
                                                         Filter: ((production_year <= 2015) AND (1990 < production_year))
                                                         Rows Removed by Filter: 0
                                                         Buffers: shared hit=18300 read=308
                                             ->  Hash  (cost=1.09..1.09 rows=2 width=4) (actual time=0.018..0.018 rows=2 loops=1)
                                                   Buckets: 1024  Batches: 1  Memory Usage: 9kB
                                                   Buffers: shared hit=1
                                                   ->  Seq Scan on kind_type kt  (cost=0.00..1.09 rows=2 width=4) (actual time=0.010..0.011 rows=2 loops=1)
                                                         Filter: ((kind)::text = ANY ('{"tv movie","video game"}'::text[]))
                                                         Rows Removed by Filter: 5
                                                         Buffers: shared hit=1
                                       ->  Index Scan using movie_id_movie_info on movie_info mi1  (cost=0.43..42.25 rows=1 width=8) (actual time=0.125..0.125 rows=1 loops=316)
                                             Index Cond: (movie_id = t.id)
                                             Filter: (((info)::text = ANY ('{Action,Comedy}'::text[])) AND (info_type_id = 3))
                                             Rows Removed by Filter: 29
                                             Buffers: shared hit=1999 read=2361
                                 ->  Seq Scan on info_type it1  (cost=0.00..2.41 rows=1 width=4) (actual time=0.014..0.019 rows=1 loops=226)
                                       Filter: (id = 3)
                                       Rows Removed by Filter: 112
                                       Buffers: shared hit=226
                           ->  Seq Scan on info_type it2  (cost=0.00..2.41 rows=1 width=4) (actual time=0.004..0.010 rows=1 loops=226)
                                 Filter: (id = 5)
                                 Rows Removed by Filter: 112
                                 Buffers: shared hit=226
                     ->  Index Scan using movie_id_cast_info on cast_info ci  (cost=0.44..43.36 rows=38 width=12) (actual time=0.032..0.764 rows=96 loops=226)
                           Index Cond: (movie_id = t.id)
                           Buffers: shared hit=11714 read=6726
               ->  Hash  (cost=1.15..1.15 rows=1 width=4) (actual time=0.033..0.034 rows=1 loops=1)
                     Buckets: 1024  Batches: 1  Memory Usage: 9kB
                     Buffers: shared hit=1
                     ->  Seq Scan on role_type rt  (cost=0.00..1.15 rows=1 width=4) (actual time=0.026..0.027 rows=1 loops=1)
                           Filter: ((role)::text = 'composer'::text)
                           Rows Removed by Filter: 11
                           Buffers: shared hit=1
         ->  Index Scan using name_pkey on name n  (cost=0.43..2.32 rows=1 width=4) (actual time=0.040..0.040 rows=0 loops=261)
               Index Cond: (id = ci.person_id)
               Filter: ((gender)::text = 'm'::text)
               Rows Removed by Filter: 1
               Buffers: shared hit=731 read=313
 Planning:
   Buffers: shared hit=574
 Planning Time: 14.177 ms
 Execution Time: 631.868 ms
(73 rows)

