                                                                                               QUERY PLAN                                                                                               
--------------------------------------------------------------------------------------------------------------------------------------------------------------------------------------------------------
 Aggregate  (cost=453851.27..453851.28 rows=1 width=8) (actual time=37940.538..37940.545 rows=1 loops=1)
   Buffers: shared hit=3518283 read=427854
   ->  Nested Loop  (cost=4697.64..453851.26 rows=3 width=0) (actual time=327.750..37939.950 rows=780 loops=1)
         Buffers: shared hit=3518283 read=427854
         ->  Seq Scan on info_type it2  (cost=0.00..2.41 rows=1 width=4) (actual time=0.046..0.054 rows=1 loops=1)
               Filter: (id = 5)
               Rows Removed by Filter: 112
               Buffers: shared hit=1
         ->  Nested Loop  (cost=4697.64..453848.82 rows=3 width=4) (actual time=327.703..37939.623 rows=780 loops=1)
               Buffers: shared hit=3518282 read=427854
               ->  Seq Scan on info_type it1  (cost=0.00..2.41 rows=1 width=4) (actual time=0.009..0.021 rows=1 loops=1)
                     Filter: (id = 3)
                     Rows Removed by Filter: 112
                     Buffers: shared hit=1
               ->  Nested Loop  (cost=4697.64..453846.38 rows=3 width=8) (actual time=327.690..37939.278 rows=780 loops=1)
                     Buffers: shared hit=3518281 read=427854
                     ->  Hash Join  (cost=4697.21..453820.86 rows=11 width=12) (actual time=21.669..36702.287 rows=33777 loops=1)
                           Hash Cond: (ci.role_id = rt.id)
                           Buffers: shared hit=3393131 read=417896
                           ->  Nested Loop  (cost=4696.05..453819.24 rows=129 width=16) (actual time=21.290..36164.467 rows=2915185 loops=1)
                                 Buffers: shared hit=3393130 read=417896
                                 ->  Nested Loop  (cost=4695.61..453425.62 rows=9 width=20) (actual time=21.253..9020.221 rows=32986 loops=1)
                                       Buffers: shared hit=741936 read=136510
                                       ->  Hash Join  (cost=4695.17..441336.27 rows=284 width=12) (actual time=20.286..2601.590 rows=36916 loops=1)
                                             Hash Cond: (t.kind_id = kt.id)
                                             Buffers: shared hit=222133 read=28224
                                             ->  Nested Loop  (cost=4694.04..441332.34 rows=662 width=16) (actual time=19.771..2577.020 rows=42730 loops=1)
                                                   Buffers: shared hit=222132 read=28224
                                                   ->  Bitmap Heap Scan on movie_info mi2  (cost=4693.61..433457.94 rows=960 width=8) (actual time=19.645..497.457 rows=57696 loops=1)
                                                         Recheck Cond: (info_type_id = 5)
                                                         Filter: ((info)::text = ANY ('{Argentina:Atp,Australia:M,Netherlands:12,Portugal:M/12,Singapore:PG,Singapore:R21,USA:G,USA:Unrated}'::text[]))
                                                         Rows Removed by Filter: 428858
                                                         Heap Blocks: exact=19164
                                                         Buffers: shared hit=16279 read=3293
                                                         ->  Bitmap Index Scan on info_type_id_movie_info  (cost=0.00..4693.37 rows=439058 width=0) (actual time=17.022..17.022 rows=486554 loops=1)
                                                               Index Cond: (info_type_id = 5)
                                                               Buffers: shared hit=408
                                                   ->  Index Scan using title_pkey on title t  (cost=0.43..8.20 rows=1 width=8) (actual time=0.035..0.035 rows=1 loops=57696)
                                                         Index Cond: (id = mi2.movie_id)
                                                         Filter: ((production_year <= 2015) AND (1990 < production_year))
                                                         Rows Removed by Filter: 0
                                                         Buffers: shared hit=205853 read=24931
                                             ->  Hash  (cost=1.10..1.10 rows=3 width=4) (actual time=0.018..0.018 rows=3 loops=1)
                                                   Buckets: 1024  Batches: 1  Memory Usage: 9kB
                                                   Buffers: shared hit=1
                                                   ->  Seq Scan on kind_type kt  (cost=0.00..1.10 rows=3 width=4) (actual time=0.009..0.011 rows=3 loops=1)
                                                         Filter: ((kind)::text = ANY ('{episode,movie,"video movie"}'::text[]))
                                                         Rows Removed by Filter: 4
                                                         Buffers: shared hit=1
                                       ->  Index Scan using movie_id_movie_info on movie_info mi1  (cost=0.43..42.56 rows=1 width=8) (actual time=0.172..0.173 rows=1 loops=36916)
                                             Index Cond: (movie_id = t.id)
                                             Filter: ((info_type_id = 3) AND ((info)::text = ANY ('{Adult,Comedy,Crime,Documentary,Drama,Family,Fantasy,Thriller}'::text[])))
                                             Rows Removed by Filter: 69
                                             Buffers: shared hit=519803 read=108286
                                 ->  Index Scan using movie_id_cast_info on cast_info ci  (cost=0.44..43.36 rows=38 width=12) (actual time=0.037..0.799 rows=88 loops=32986)
                                       Index Cond: (movie_id = t.id)
                                       Buffers: shared hit=2651194 read=281386
                           ->  Hash  (cost=1.15..1.15 rows=1 width=4) (actual time=0.017..0.018 rows=1 loops=1)
                                 Buckets: 1024  Batches: 1  Memory Usage: 9kB
                                 Buffers: shared hit=1
                                 ->  Seq Scan on role_type rt  (cost=0.00..1.15 rows=1 width=4) (actual time=0.010..0.012 rows=1 loops=1)
                                       Filter: ((role)::text = 'composer'::text)
                                       Rows Removed by Filter: 11
                                       Buffers: shared hit=1
                     ->  Index Scan using name_pkey on name n  (cost=0.43..2.32 rows=1 width=4) (actual time=0.036..0.036 rows=0 loops=33777)
                           Index Cond: (id = ci.person_id)
                           Filter: ((gender)::text = 'f'::text)
                           Rows Removed by Filter: 1
                           Buffers: shared hit=125150 read=9958
 Planning:
   Buffers: shared hit=574
 Planning Time: 13.633 ms
 Execution Time: 37941.184 ms
(73 rows)

