                                                                                             QUERY PLAN                                                                                              
-----------------------------------------------------------------------------------------------------------------------------------------------------------------------------------------------------
 Aggregate  (cost=408795.22..408795.23 rows=1 width=8) (actual time=3368.258..3368.266 rows=1 loops=1)
   Buffers: shared hit=258329 read=88143
   ->  Nested Loop  (cost=4697.60..408795.22 rows=1 width=0) (actual time=100.668..3368.123 rows=342 loops=1)
         Buffers: shared hit=258329 read=88143
         ->  Nested Loop  (cost=4697.60..408792.80 rows=1 width=4) (actual time=100.659..3361.830 rows=342 loops=1)
               Buffers: shared hit=257987 read=88143
               ->  Nested Loop  (cost=4697.60..408790.37 rows=1 width=8) (actual time=100.639..3356.411 rows=342 loops=1)
                     Buffers: shared hit=257645 read=88143
                     ->  Hash Join  (cost=4697.17..408778.77 rows=5 width=12) (actual time=22.700..3206.461 rows=4541 loops=1)
                           Hash Cond: (ci.role_id = rt.id)
                           Buffers: shared hit=243226 read=84398
                           ->  Nested Loop  (cost=4696.00..408777.41 rows=57 width=16) (actual time=21.576..3189.365 rows=114611 loops=1)
                                 Buffers: shared hit=243225 read=84398
                                 ->  Nested Loop  (cost=4695.56..408602.77 rows=4 width=20) (actual time=21.537..2052.788 rows=2457 loops=1)
                                       Buffers: shared hit=154510 read=56593
                                       ->  Hash Join  (cost=4695.13..395401.49 rows=312 width=12) (actual time=21.184..1587.782 rows=2894 loops=1)
                                             Hash Cond: (t.kind_id = kt.id)
                                             Buffers: shared hit=132767 read=34494
                                             ->  Nested Loop  (cost=4693.99..395397.29 rows=727 width=16) (actual time=21.141..1580.503 rows=36805 loops=1)
                                                   Buffers: shared hit=132766 read=34494
                                                   ->  Bitmap Heap Scan on movie_info mi2  (cost=4693.56..388964.34 rows=780 width=8) (actual time=21.095..396.823 rows=36922 loops=1)
                                                         Recheck Cond: (info_type_id = 5)
                                                         Filter: ((info)::text = ANY ('{"South Korea:15",UK:15,USA:Approved,USA:PG,USA:PG-13}'::text[]))
                                                         Rows Removed by Filter: 449632
                                                         Heap Blocks: exact=19164
                                                         Buffers: shared hit=1042 read=18530
                                                         ->  Bitmap Index Scan on info_type_id_movie_info  (cost=0.00..4693.37 rows=439058 width=0) (actual time=18.178..18.178 rows=486554 loops=1)
                                                               Index Cond: (info_type_id = 5)
                                                               Buffers: shared read=408
                                                   ->  Index Scan using title_pkey on title t  (cost=0.43..8.25 rows=1 width=8) (actual time=0.031..0.031 rows=1 loops=36922)
                                                         Index Cond: (id = mi2.movie_id)
                                                         Filter: ((production_year <= 2015) AND (1925 < production_year))
                                                         Rows Removed by Filter: 0
                                                         Buffers: shared hit=131724 read=15964
                                             ->  Hash  (cost=1.10..1.10 rows=3 width=4) (actual time=0.016..0.017 rows=3 loops=1)
                                                   Buckets: 1024  Batches: 1  Memory Usage: 9kB
                                                   Buffers: shared hit=1
                                                   ->  Seq Scan on kind_type kt  (cost=0.00..1.10 rows=3 width=4) (actual time=0.010..0.012 rows=3 loops=1)
                                                         Filter: ((kind)::text = ANY ('{"tv movie","tv series","video game"}'::text[]))
                                                         Rows Removed by Filter: 4
                                                         Buffers: shared hit=1
                                       ->  Index Scan using movie_id_movie_info on movie_info mi1  (cost=0.43..42.30 rows=1 width=8) (actual time=0.158..0.160 rows=1 loops=2894)
                                             Index Cond: (movie_id = t.id)
                                             Filter: ((info_type_id = 3) AND ((info)::text = ANY ('{Action,Drama,Music,Mystery}'::text[])))
                                             Rows Removed by Filter: 32
                                             Buffers: shared hit=21743 read=22099
                                 ->  Index Scan using movie_id_cast_info on cast_info ci  (cost=0.44..43.28 rows=38 width=12) (actual time=0.040..0.452 rows=47 loops=2457)
                                       Index Cond: (movie_id = t.id)
                                       Buffers: shared hit=88715 read=27805
                           ->  Hash  (cost=1.15..1.15 rows=1 width=4) (actual time=0.032..0.033 rows=1 loops=1)
                                 Buckets: 1024  Batches: 1  Memory Usage: 9kB
                                 Buffers: shared hit=1
                                 ->  Seq Scan on role_type rt  (cost=0.00..1.15 rows=1 width=4) (actual time=0.024..0.026 rows=1 loops=1)
                                       Filter: ((role)::text = 'writer'::text)
                                       Rows Removed by Filter: 11
                                       Buffers: shared hit=1
                     ->  Index Scan using name_pkey on name n  (cost=0.43..2.32 rows=1 width=4) (actual time=0.033..0.033 rows=0 loops=4541)
                           Index Cond: (id = ci.person_id)
                           Filter: ((gender)::text = 'f'::text)
                           Rows Removed by Filter: 1
                           Buffers: shared hit=14419 read=3745
               ->  Seq Scan on info_type it1  (cost=0.00..2.41 rows=1 width=4) (actual time=0.006..0.014 rows=1 loops=342)
                     Filter: (id = 3)
                     Rows Removed by Filter: 112
                     Buffers: shared hit=342
         ->  Seq Scan on info_type it2  (cost=0.00..2.41 rows=1 width=4) (actual time=0.009..0.017 rows=1 loops=342)
               Filter: (id = 5)
               Rows Removed by Filter: 112
               Buffers: shared hit=342
 Planning:
   Buffers: shared hit=484 read=90
 Planning Time: 14.741 ms
 Execution Time: 3368.986 ms
(73 rows)

