                                                                                             QUERY PLAN                                                                                              
-----------------------------------------------------------------------------------------------------------------------------------------------------------------------------------------------------
 Aggregate  (cost=443160.78..443160.79 rows=1 width=8) (actual time=2735.620..2735.628 rows=1 loops=1)
   Buffers: shared hit=251909 read=30616
   ->  Nested Loop  (cost=4697.61..443160.77 rows=3 width=0) (actual time=23.541..2735.503 rows=648 loops=1)
         Buffers: shared hit=251909 read=30616
         ->  Hash Join  (cost=4697.18..443149.17 rows=5 width=4) (actual time=23.504..2662.413 rows=2172 loops=1)
               Hash Cond: (ci.role_id = rt.id)
               Buffers: shared hit=245064 read=28773
               ->  Nested Loop  (cost=4696.00..443147.90 rows=29 width=8) (actual time=23.109..2660.430 rows=10699 loops=1)
                     Buffers: shared hit=245063 read=28773
                     ->  Nested Loop  (cost=4695.56..443059.15 rows=2 width=12) (actual time=23.073..2546.808 rows=514 loops=1)
                           Buffers: shared hit=236543 read=25351
                           ->  Seq Scan on info_type it2  (cost=0.00..2.41 rows=1 width=4) (actual time=0.031..0.042 rows=1 loops=1)
                                 Filter: (id = 5)
                                 Rows Removed by Filter: 112
                                 Buffers: shared hit=1
                           ->  Nested Loop  (cost=4695.56..443056.72 rows=2 width=16) (actual time=23.040..2546.665 rows=514 loops=1)
                                 Buffers: shared hit=236542 read=25351
                                 ->  Seq Scan on info_type it1  (cost=0.00..2.41 rows=1 width=4) (actual time=0.009..0.020 rows=1 loops=1)
                                       Filter: (id = 3)
                                       Rows Removed by Filter: 112
                                       Buffers: shared hit=1
                                 ->  Nested Loop  (cost=4695.56..443054.29 rows=2 width=20) (actual time=23.028..2546.526 rows=514 loops=1)
                                       Buffers: shared hit=236541 read=25351
                                       ->  Hash Join  (cost=4695.13..439926.50 rows=73 width=12) (actual time=22.939..2460.553 rows=538 loops=1)
                                             Hash Cond: (t.kind_id = kt.id)
                                             Buffers: shared hit=231644 read=21981
                                             ->  Nested Loop  (cost=4694.00..439924.66 rows=169 width=16) (actual time=22.890..2454.992 rows=24417 loops=1)
                                                   Buffers: shared hit=231643 read=21981
                                                   ->  Bitmap Heap Scan on movie_info mi2  (cost=4693.57..433457.90 rows=784 width=8) (actual time=20.618..504.547 rows=58513 loops=1)
                                                         Recheck Cond: (info_type_id = 5)
                                                         Filter: ((info)::text = ANY ('{Finland:K-16,Iceland:L,India:U,Portugal:M/12,Singapore:PG,UK:18,USA:R,"West Germany:12"}'::text[]))
                                                         Rows Removed by Filter: 428041
                                                         Heap Blocks: exact=19164
                                                         Buffers: shared hit=2394 read=17178
                                                         ->  Bitmap Index Scan on info_type_id_movie_info  (cost=0.00..4693.37 rows=439058 width=0) (actual time=17.502..17.503 rows=486554 loops=1)
                                                               Index Cond: (info_type_id = 5)
                                                               Buffers: shared read=408
                                                   ->  Index Scan using title_pkey on title t  (cost=0.43..8.25 rows=1 width=8) (actual time=0.033..0.033 rows=0 loops=58513)
                                                         Index Cond: (id = mi2.movie_id)
                                                         Filter: ((production_year <= 1990) AND (1950 < production_year))
                                                         Rows Removed by Filter: 1
                                                         Buffers: shared hit=229249 read=4803
                                             ->  Hash  (cost=1.10..1.10 rows=3 width=4) (actual time=0.018..0.019 rows=3 loops=1)
                                                   Buckets: 1024  Batches: 1  Memory Usage: 9kB
                                                   Buffers: shared hit=1
                                                   ->  Seq Scan on kind_type kt  (cost=0.00..1.10 rows=3 width=4) (actual time=0.009..0.011 rows=3 loops=1)
                                                         Filter: ((kind)::text = ANY ('{"tv series","video game","video movie"}'::text[]))
                                                         Rows Removed by Filter: 4
                                                         Buffers: shared hit=1
                                       ->  Index Scan using movie_id_movie_info on movie_info mi1  (cost=0.43..42.84 rows=1 width=8) (actual time=0.155..0.159 rows=1 loops=538)
                                             Index Cond: (movie_id = t.id)
                                             Filter: ((info_type_id = 3) AND ((info)::text = ANY ('{Action,Comedy,Crime,Drama,Horror}'::text[])))
                                             Rows Removed by Filter: 54
                                             Buffers: shared hit=4897 read=3370
                     ->  Index Scan using movie_id_cast_info on cast_info ci  (cost=0.44..43.99 rows=38 width=12) (actual time=0.031..0.216 rows=21 loops=514)
                           Index Cond: (movie_id = t.id)
                           Buffers: shared hit=8520 read=3422
               ->  Hash  (cost=1.15..1.15 rows=2 width=4) (actual time=0.034..0.035 rows=2 loops=1)
                     Buckets: 1024  Batches: 1  Memory Usage: 9kB
                     Buffers: shared hit=1
                     ->  Seq Scan on role_type rt  (cost=0.00..1.15 rows=2 width=4) (actual time=0.026..0.028 rows=2 loops=1)
                           Filter: ((role)::text = ANY ('{composer,"miscellaneous crew"}'::text[]))
                           Rows Removed by Filter: 10
                           Buffers: shared hit=1
         ->  Index Scan using name_pkey on name n  (cost=0.43..2.32 rows=1 width=4) (actual time=0.033..0.033 rows=0 loops=2172)
               Index Cond: (id = ci.person_id)
               Filter: ((gender)::text = ANY ('{f,m}'::text[]))
               Rows Removed by Filter: 1
               Buffers: shared hit=6845 read=1843
 Planning:
   Buffers: shared hit=519 read=55
 Planning Time: 13.832 ms
 Execution Time: 2736.291 ms
(73 rows)

