                                                                                             QUERY PLAN                                                                                              
-----------------------------------------------------------------------------------------------------------------------------------------------------------------------------------------------------
 Aggregate  (cost=363601.89..363601.90 rows=1 width=8) (actual time=6889.457..6889.464 rows=1 loops=1)
   Buffers: shared hit=565863 read=145915
   ->  Nested Loop  (cost=4697.49..363601.89 rows=1 width=0) (actual time=37.202..6888.837 rows=1681 loops=1)
         Buffers: shared hit=565863 read=145915
         ->  Hash Join  (cost=4697.06..363599.57 rows=1 width=4) (actual time=37.147..6739.313 rows=4303 loops=1)
               Hash Cond: (ci.role_id = rt.id)
               Buffers: shared hit=550323 read=144243
               ->  Nested Loop  (cost=4695.89..363598.36 rows=14 width=8) (actual time=35.516..6686.568 rows=376393 loops=1)
                     Buffers: shared hit=550322 read=144243
                     ->  Nested Loop  (cost=4695.45..363553.98 rows=1 width=12) (actual time=35.464..3116.417 rows=7828 loops=1)
                           Buffers: shared hit=237146 read=63374
                           ->  Nested Loop  (cost=4695.45..363551.56 rows=1 width=16) (actual time=35.457..2974.132 rows=7828 loops=1)
                                 Buffers: shared hit=229318 read=63374
                                 ->  Nested Loop  (cost=4695.45..363549.14 rows=1 width=20) (actual time=35.434..2820.476 rows=7828 loops=1)
                                       Buffers: shared hit=221490 read=63374
                                       ->  Hash Join  (cost=4695.02..362182.97 rows=32 width=12) (actual time=35.042..816.919 rows=11260 loops=1)
                                             Hash Cond: (t.kind_id = kt.id)
                                             Buffers: shared hit=77974 read=2267
                                             ->  Nested Loop  (cost=4693.89..362181.52 rows=74 width=16) (actual time=21.654..811.748 rows=11389 loops=1)
                                                   Buffers: shared hit=77973 read=2267
                                                   ->  Bitmap Heap Scan on movie_info mi2  (cost=4693.46..359301.86 rows=344 width=8) (actual time=20.098..329.223 rows=15167 loops=1)
                                                         Recheck Cond: (info_type_id = 5)
                                                         Filter: ((info)::text = ANY ('{Finland:K-16,Norway:16,"West Germany:12"}'::text[]))
                                                         Rows Removed by Filter: 471387
                                                         Heap Blocks: exact=19164
                                                         Buffers: shared hit=17746 read=1826
                                                         ->  Bitmap Index Scan on info_type_id_movie_info  (cost=0.00..4693.37 rows=439058 width=0) (actual time=17.048..17.049 rows=486554 loops=1)
                                                               Index Cond: (info_type_id = 5)
                                                               Buffers: shared hit=408
                                                   ->  Index Scan using title_pkey on title t  (cost=0.43..8.37 rows=1 width=8) (actual time=0.031..0.031 rows=1 loops=15167)
                                                         Index Cond: (id = mi2.movie_id)
                                                         Filter: ((production_year <= 1990) AND (1950 < production_year))
                                                         Rows Removed by Filter: 0
                                                         Buffers: shared hit=60227 read=441
                                             ->  Hash  (cost=1.10..1.10 rows=3 width=4) (actual time=0.019..0.020 rows=3 loops=1)
                                                   Buckets: 1024  Batches: 1  Memory Usage: 9kB
                                                   Buffers: shared hit=1
                                                   ->  Seq Scan on kind_type kt  (cost=0.00..1.10 rows=3 width=4) (actual time=0.009..0.012 rows=3 loops=1)
                                                         Filter: ((kind)::text = ANY ('{episode,movie,"tv movie"}'::text[]))
                                                         Rows Removed by Filter: 4
                                                         Buffers: shared hit=1
                                       ->  Index Scan using movie_id_movie_info on movie_info mi1  (cost=0.43..42.68 rows=1 width=8) (actual time=0.177..0.177 rows=1 loops=11260)
                                             Index Cond: (movie_id = t.id)
                                             Filter: (((info)::text = ANY ('{Crime,Drama}'::text[])) AND (info_type_id = 3))
                                             Rows Removed by Filter: 61
                                             Buffers: shared hit=143516 read=61107
                                 ->  Seq Scan on info_type it1  (cost=0.00..2.41 rows=1 width=4) (actual time=0.010..0.018 rows=1 loops=7828)
                                       Filter: (id = 3)
                                       Rows Removed by Filter: 112
                                       Buffers: shared hit=7828
                           ->  Seq Scan on info_type it2  (cost=0.00..2.41 rows=1 width=4) (actual time=0.009..0.016 rows=1 loops=7828)
                                 Filter: (id = 5)
                                 Rows Removed by Filter: 112
                                 Buffers: shared hit=7828
                     ->  Index Scan using movie_id_cast_info on cast_info ci  (cost=0.44..43.99 rows=38 width=12) (actual time=0.034..0.445 rows=48 loops=7828)
                           Index Cond: (movie_id = t.id)
                           Buffers: shared hit=313176 read=80869
               ->  Hash  (cost=1.15..1.15 rows=1 width=4) (actual time=0.034..0.035 rows=1 loops=1)
                     Buckets: 1024  Batches: 1  Memory Usage: 9kB
                     Buffers: shared hit=1
                     ->  Seq Scan on role_type rt  (cost=0.00..1.15 rows=1 width=4) (actual time=0.027..0.028 rows=1 loops=1)
                           Filter: ((role)::text = 'production designer'::text)
                           Rows Removed by Filter: 11
                           Buffers: shared hit=1
         ->  Index Scan using name_pkey on name n  (cost=0.43..2.32 rows=1 width=4) (actual time=0.034..0.034 rows=0 loops=4303)
               Index Cond: (id = ci.person_id)
               Filter: ((gender)::text = 'm'::text)
               Rows Removed by Filter: 1
               Buffers: shared hit=15540 read=1672
 Planning:
   Buffers: shared hit=574
 Planning Time: 13.517 ms
 Execution Time: 6890.113 ms
(73 rows)

