                                                                                             QUERY PLAN                                                                                              
-----------------------------------------------------------------------------------------------------------------------------------------------------------------------------------------------------
 Aggregate  (cost=452953.39..452953.40 rows=1 width=8) (actual time=3308.924..3308.933 rows=1 loops=1)
   Buffers: shared hit=299357 read=44361
   ->  Nested Loop  (cost=4697.82..452953.37 rows=5 width=0) (actual time=234.616..3308.871 rows=152 loops=1)
         Buffers: shared hit=299357 read=44361
         ->  Hash Join  (cost=4697.39..452937.14 rows=7 width=4) (actual time=83.774..3282.920 rows=698 loops=1)
               Hash Cond: (ci.role_id = rt.id)
               Buffers: shared hit=297095 read=43831
               ->  Nested Loop  (cost=4696.21..452935.80 rows=43 width=8) (actual time=19.309..3280.390 rows=18391 loops=1)
                     Buffers: shared hit=297094 read=43831
                     ->  Nested Loop  (cost=4695.77..452802.68 rows=3 width=12) (actual time=19.269..3078.810 rows=904 loops=1)
                           Buffers: shared hit=283561 read=36871
                           ->  Seq Scan on info_type it2  (cost=0.00..2.41 rows=1 width=4) (actual time=0.031..0.042 rows=1 loops=1)
                                 Filter: (id = 5)
                                 Rows Removed by Filter: 112
                                 Buffers: shared hit=1
                           ->  Nested Loop  (cost=4695.77..452800.24 rows=3 width=16) (actual time=19.236..3078.601 rows=904 loops=1)
                                 Buffers: shared hit=283560 read=36871
                                 ->  Seq Scan on info_type it1  (cost=0.00..2.41 rows=1 width=4) (actual time=0.009..0.021 rows=1 loops=1)
                                       Filter: (id = 3)
                                       Rows Removed by Filter: 112
                                       Buffers: shared hit=1
                                 ->  Nested Loop  (cost=4695.77..452797.80 rows=3 width=20) (actual time=19.223..3078.401 rows=904 loops=1)
                                       Buffers: shared hit=283559 read=36871
                                       ->  Hash Join  (cost=4695.34..446413.68 rows=149 width=12) (actual time=19.026..2937.690 rows=795 loops=1)
                                             Hash Cond: (t.kind_id = kt.id)
                                             Buffers: shared hit=276368 read=30469
                                             ->  Nested Loop  (cost=4694.20..446411.08 rows=348 width=16) (actual time=18.978..2930.975 rows=28574 loops=1)
                                                   Buffers: shared hit=276367 read=30469
                                                   ->  Bitmap Heap Scan on movie_info mi2  (cost=4693.77..433458.10 rows=1611 width=8) (actual time=18.926..507.950 rows=71816 loops=1)
                                                         Recheck Cond: (info_type_id = 5)
                                                         Filter: ((info)::text = ANY ('{Australia:PG,Finland:K-16,Singapore:PG,Sweden:15,Sweden:Btl,UK:15,USA:PG,USA:R}'::text[]))
                                                         Rows Removed by Filter: 414738
                                                         Heap Blocks: exact=19164
                                                         Buffers: shared hit=2507 read=17065
                                                         ->  Bitmap Index Scan on info_type_id_movie_info  (cost=0.00..4693.37 rows=439058 width=0) (actual time=16.394..16.395 rows=486554 loops=1)
                                                               Index Cond: (info_type_id = 5)
                                                               Buffers: shared read=408
                                                   ->  Index Scan using title_pkey on title t  (cost=0.43..8.04 rows=1 width=8) (actual time=0.033..0.033 rows=0 loops=71816)
                                                         Index Cond: (id = mi2.movie_id)
                                                         Filter: ((production_year <= 1990) AND (1950 < production_year))
                                                         Rows Removed by Filter: 1
                                                         Buffers: shared hit=273860 read=13404
                                             ->  Hash  (cost=1.10..1.10 rows=3 width=4) (actual time=0.020..0.021 rows=3 loops=1)
                                                   Buckets: 1024  Batches: 1  Memory Usage: 9kB
                                                   Buffers: shared hit=1
                                                   ->  Seq Scan on kind_type kt  (cost=0.00..1.10 rows=3 width=4) (actual time=0.011..0.013 rows=3 loops=1)
                                                         Filter: ((kind)::text = ANY ('{"tv series","video game","video movie"}'::text[]))
                                                         Rows Removed by Filter: 4
                                                         Buffers: shared hit=1
                                       ->  Index Scan using movie_id_movie_info on movie_info mi1  (cost=0.43..42.84 rows=1 width=8) (actual time=0.172..0.176 rows=1 loops=795)
                                             Index Cond: (movie_id = t.id)
                                             Filter: ((info_type_id = 3) AND ((info)::text = ANY ('{Action,Comedy,Drama,Romance,Thriller}'::text[])))
                                             Rows Removed by Filter: 67
                                             Buffers: shared hit=7191 read=6402
                     ->  Index Scan using movie_id_cast_info on cast_info ci  (cost=0.44..43.99 rows=38 width=12) (actual time=0.039..0.219 rows=20 loops=904)
                           Index Cond: (movie_id = t.id)
                           Buffers: shared hit=13533 read=6960
               ->  Hash  (cost=1.15..1.15 rows=2 width=4) (actual time=0.033..0.034 rows=2 loops=1)
                     Buckets: 1024  Batches: 1  Memory Usage: 9kB
                     Buffers: shared hit=1
                     ->  Seq Scan on role_type rt  (cost=0.00..1.15 rows=2 width=4) (actual time=0.026..0.027 rows=2 loops=1)
                           Filter: ((role)::text = ANY ('{editor,"production designer"}'::text[]))
                           Rows Removed by Filter: 10
                           Buffers: shared hit=1
         ->  Index Scan using name_pkey on name n  (cost=0.43..2.32 rows=1 width=4) (actual time=0.037..0.037 rows=0 loops=698)
               Index Cond: (id = ci.person_id)
               Filter: ((gender)::text = ANY ('{f,m}'::text[]))
               Rows Removed by Filter: 1
               Buffers: shared hit=2262 read=530
 Planning:
   Buffers: shared hit=520 read=54
 Planning Time: 12.988 ms
 Execution Time: 3309.615 ms
(73 rows)

