                                                                                              QUERY PLAN                                                                                               
-------------------------------------------------------------------------------------------------------------------------------------------------------------------------------------------------------
 Aggregate  (cost=466551.42..466551.43 rows=1 width=8) (actual time=25086.729..25086.736 rows=1 loops=1)
   Buffers: shared hit=2406910 read=196570
   ->  Nested Loop  (cost=4697.83..466551.42 rows=1 width=0) (actual time=201.587..25086.255 rows=1017 loops=1)
         Buffers: shared hit=2406910 read=196570
         ->  Nested Loop  (cost=4697.83..466548.99 rows=1 width=4) (actual time=201.576..25062.176 rows=1017 loops=1)
               Buffers: shared hit=2405893 read=196570
               ->  Nested Loop  (cost=4697.83..466546.57 rows=1 width=8) (actual time=201.547..25037.672 rows=1017 loops=1)
                     Buffers: shared hit=2404876 read=196570
                     ->  Hash Join  (cost=4697.40..466541.93 rows=2 width=12) (actual time=60.663..23927.502 rows=30827 loops=1)
                           Hash Cond: (ci.role_id = rt.id)
                           Buffers: shared hit=2284618 read=193520
                           ->  Nested Loop  (cost=4696.24..466540.67 rows=29 width=16) (actual time=60.341..23656.402 rows=1462696 loops=1)
                                 Buffers: shared hit=2284617 read=193520
                                 ->  Nested Loop  (cost=4695.80..466450.91 rows=2 width=20) (actual time=60.277..9472.985 rows=31337 loops=1)
                                       Buffers: shared hit=842782 read=102995
                                       ->  Hash Join  (cost=4695.36..461997.23 rows=103 width=12) (actual time=28.399..3326.263 rows=37080 loops=1)
                                             Hash Cond: (t.kind_id = kt.id)
                                             Buffers: shared hit=312212 read=18225
                                             ->  Nested Loop  (cost=4694.23..461995.09 rows=239 width=16) (actual time=18.844..3305.500 rows=37677 loops=1)
                                                   Buffers: shared hit=312211 read=18225
                                                   ->  Bitmap Heap Scan on movie_info mi2  (cost=4693.80..448289.31 rows=1710 width=8) (actual time=18.630..518.809 rows=77716 loops=1)
                                                         Recheck Cond: (info_type_id = 5)
                                                         Filter: ((info)::text = ANY ('{Argentina:Atp,Australia:G,Australia:PG,Finland:K-12,Finland:S,Sweden:15,UK:U,USA:Approved,USA:TV-G}'::text[]))
                                                         Rows Removed by Filter: 408838
                                                         Heap Blocks: exact=19164
                                                         Buffers: shared hit=16840 read=2732
                                                         ->  Bitmap Index Scan on info_type_id_movie_info  (cost=0.00..4693.37 rows=439058 width=0) (actual time=16.023..16.023 rows=486554 loops=1)
                                                               Index Cond: (info_type_id = 5)
                                                               Buffers: shared hit=408
                                                   ->  Index Scan using title_pkey on title t  (cost=0.43..8.02 rows=1 width=8) (actual time=0.035..0.035 rows=0 loops=77716)
                                                         Index Cond: (id = mi2.movie_id)
                                                         Filter: ((production_year <= 1975) AND (1925 < production_year))
                                                         Rows Removed by Filter: 1
                                                         Buffers: shared hit=295371 read=15493
                                             ->  Hash  (cost=1.10..1.10 rows=3 width=4) (actual time=0.016..0.017 rows=3 loops=1)
                                                   Buckets: 1024  Batches: 1  Memory Usage: 9kB
                                                   Buffers: shared hit=1
                                                   ->  Seq Scan on kind_type kt  (cost=0.00..1.10 rows=3 width=4) (actual time=0.008..0.010 rows=3 loops=1)
                                                         Filter: ((kind)::text = ANY ('{episode,movie,"tv movie"}'::text[]))
                                                         Rows Removed by Filter: 4
                                                         Buffers: shared hit=1
                                       ->  Index Scan using movie_id_movie_info on movie_info mi1  (cost=0.43..43.23 rows=1 width=8) (actual time=0.164..0.165 rows=1 loops=37080)
                                             Index Cond: (movie_id = t.id)
                                             Filter: ((info_type_id = 3) AND ((info)::text = ANY ('{Animation,Drama,Musical,Romance,Thriller,War}'::text[])))
                                             Rows Removed by Filter: 40
                                             Buffers: shared hit=530570 read=84770
                                 ->  Index Scan using movie_id_cast_info on cast_info ci  (cost=0.44..44.50 rows=38 width=12) (actual time=0.037..0.439 rows=47 loops=31337)
                                       Index Cond: (movie_id = t.id)
                                       Buffers: shared hit=1441835 read=90525
                           ->  Hash  (cost=1.15..1.15 rows=1 width=4) (actual time=0.028..0.028 rows=1 loops=1)
                                 Buckets: 1024  Batches: 1  Memory Usage: 9kB
                                 Buffers: shared hit=1
                                 ->  Seq Scan on role_type rt  (cost=0.00..1.15 rows=1 width=4) (actual time=0.022..0.023 rows=1 loops=1)
                                       Filter: ((role)::text = 'editor'::text)
                                       Rows Removed by Filter: 11
                                       Buffers: shared hit=1
                     ->  Index Scan using name_pkey on name n  (cost=0.43..2.32 rows=1 width=4) (actual time=0.035..0.035 rows=0 loops=30827)
                           Index Cond: (id = ci.person_id)
                           Filter: ((gender)::text = 'f'::text)
                           Rows Removed by Filter: 1
                           Buffers: shared hit=120258 read=3050
               ->  Seq Scan on info_type it1  (cost=0.00..2.41 rows=1 width=4) (actual time=0.011..0.021 rows=1 loops=1017)
                     Filter: (id = 3)
                     Rows Removed by Filter: 112
                     Buffers: shared hit=1017
         ->  Seq Scan on info_type it2  (cost=0.00..2.41 rows=1 width=4) (actual time=0.011..0.021 rows=1 loops=1017)
               Filter: (id = 5)
               Rows Removed by Filter: 112
               Buffers: shared hit=1017
 Planning:
   Buffers: shared hit=574
 Planning Time: 14.263 ms
 Execution Time: 25087.371 ms
(73 rows)

