                                                                                             QUERY PLAN                                                                                              
-----------------------------------------------------------------------------------------------------------------------------------------------------------------------------------------------------
 Aggregate  (cost=422926.10..422926.11 rows=1 width=8) (actual time=15559.452..15559.460 rows=1 loops=1)
   Buffers: shared hit=1430463 read=196640
   ->  Nested Loop  (cost=4697.51..422926.10 rows=1 width=0) (actual time=44.579..15559.314 rows=177 loops=1)
         Buffers: shared hit=1430463 read=196640
         ->  Hash Join  (cost=4697.08..422921.46 rows=2 width=4) (actual time=37.993..14130.856 rows=41819 loops=1)
               Hash Cond: (ci.role_id = rt.id)
               Buffers: shared hit=1270695 read=189132
               ->  Nested Loop  (cost=4695.91..422920.24 rows=14 width=8) (actual time=37.695..13985.972 rows=889415 loops=1)
                     Buffers: shared hit=1270694 read=189132
                     ->  Nested Loop  (cost=4695.47..422875.36 rows=1 width=12) (actual time=37.651..5731.628 rows=19253 loops=1)
                           Buffers: shared hit=425735 read=103130
                           ->  Nested Loop  (cost=4695.47..422872.93 rows=1 width=16) (actual time=37.644..5323.516 rows=19253 loops=1)
                                 Buffers: shared hit=406482 read=103130
                                 ->  Nested Loop  (cost=4695.47..422870.51 rows=1 width=20) (actual time=37.617..4913.614 rows=19253 loops=1)
                                       Buffers: shared hit=387229 read=103130
                                       ->  Hash Join  (cost=4695.03..421876.00 rows=23 width=12) (actual time=35.066..1686.689 rows=20535 loops=1)
                                             Hash Cond: (t.kind_id = kt.id)
                                             Buffers: shared hit=130707 read=27646
                                             ->  Nested Loop  (cost=4693.90..421874.63 rows=54 width=16) (actual time=34.047..1676.218 rows=20719 loops=1)
                                                   Buffers: shared hit=130706 read=27646
                                                   ->  Bitmap Heap Scan on movie_info mi2  (cost=4693.47..418626.61 rows=389 width=8) (actual time=21.234..475.313 rows=34695 loops=1)
                                                         Recheck Cond: (info_type_id = 5)
                                                         Filter: ((info)::text = ANY ('{Finland:K-16,Finland:S,India:U,Sweden:Btl,UK:U,USA:TV-G,"West Germany:18"}'::text[]))
                                                         Rows Removed by Filter: 451859
                                                         Heap Blocks: exact=19164
                                                         Buffers: shared hit=2651 read=16921
                                                         ->  Bitmap Index Scan on info_type_id_movie_info  (cost=0.00..4693.37 rows=439058 width=0) (actual time=17.986..17.987 rows=486554 loops=1)
                                                               Index Cond: (info_type_id = 5)
                                                               Buffers: shared read=408
                                                   ->  Index Scan using title_pkey on title t  (cost=0.43..8.35 rows=1 width=8) (actual time=0.034..0.034 rows=1 loops=34695)
                                                         Index Cond: (id = mi2.movie_id)
                                                         Filter: ((production_year <= 1975) AND (1925 < production_year))
                                                         Rows Removed by Filter: 0
                                                         Buffers: shared hit=128055 read=10725
                                             ->  Hash  (cost=1.10..1.10 rows=3 width=4) (actual time=0.023..0.024 rows=3 loops=1)
                                                   Buckets: 1024  Batches: 1  Memory Usage: 9kB
                                                   Buffers: shared hit=1
                                                   ->  Seq Scan on kind_type kt  (cost=0.00..1.10 rows=3 width=4) (actual time=0.011..0.013 rows=3 loops=1)
                                                         Filter: ((kind)::text = ANY ('{episode,movie,"tv movie"}'::text[]))
                                                         Rows Removed by Filter: 4
                                                         Buffers: shared hit=1
                                       ->  Index Scan using movie_id_movie_info on movie_info mi1  (cost=0.43..43.23 rows=1 width=8) (actual time=0.156..0.156 rows=1 loops=20535)
                                             Index Cond: (movie_id = t.id)
                                             Filter: ((info_type_id = 3) AND ((info)::text = ANY ('{Drama,Family,Musical,Romance,Thriller,Western}'::text[])))
                                             Rows Removed by Filter: 38
                                             Buffers: shared hit=256522 read=75484
                                 ->  Seq Scan on info_type it1  (cost=0.00..2.41 rows=1 width=4) (actual time=0.010..0.019 rows=1 loops=19253)
                                       Filter: (id = 3)
                                       Rows Removed by Filter: 112
                                       Buffers: shared hit=19253
                           ->  Seq Scan on info_type it2  (cost=0.00..2.41 rows=1 width=4) (actual time=0.010..0.019 rows=1 loops=19253)
                                 Filter: (id = 5)
                                 Rows Removed by Filter: 112
                                 Buffers: shared hit=19253
                     ->  Index Scan using movie_id_cast_info on cast_info ci  (cost=0.44..44.50 rows=38 width=12) (actual time=0.035..0.417 rows=46 loops=19253)
                           Index Cond: (movie_id = t.id)
                           Buffers: shared hit=844959 read=86002
               ->  Hash  (cost=1.15..1.15 rows=2 width=4) (actual time=0.039..0.040 rows=2 loops=1)
                     Buckets: 1024  Batches: 1  Memory Usage: 9kB
                     Buffers: shared hit=1
                     ->  Seq Scan on role_type rt  (cost=0.00..1.15 rows=2 width=4) (actual time=0.030..0.032 rows=2 loops=1)
                           Filter: ((role)::text = ANY ('{cinematographer,director}'::text[]))
                           Rows Removed by Filter: 10
                           Buffers: shared hit=1
         ->  Index Scan using name_pkey on name n  (cost=0.43..2.32 rows=1 width=4) (actual time=0.034..0.034 rows=0 loops=41819)
               Index Cond: (id = ci.person_id)
               Filter: ((gender)::text = 'f'::text)
               Rows Removed by Filter: 1
               Buffers: shared hit=159768 read=7508
 Planning:
   Buffers: shared hit=519 read=55
 Planning Time: 13.775 ms
 Execution Time: 15560.186 ms
(73 rows)

