                                                                                                                     QUERY PLAN                                                                                                                      
-----------------------------------------------------------------------------------------------------------------------------------------------------------------------------------------------------------------------------------------------------
 Aggregate  (cost=487426.32..487426.33 rows=1 width=8) (actual time=3366.222..3366.229 rows=1 loops=1)
   Buffers: shared hit=279744 read=69097
   ->  Nested Loop  (cost=4697.51..487426.32 rows=1 width=0) (actual time=40.818..3366.131 rows=166 loops=1)
         Buffers: shared hit=279744 read=69097
         ->  Nested Loop  (cost=4697.51..487423.89 rows=1 width=4) (actual time=40.809..3363.519 rows=166 loops=1)
               Buffers: shared hit=279578 read=69097
               ->  Nested Loop  (cost=4697.51..487421.47 rows=1 width=8) (actual time=40.789..3360.281 rows=166 loops=1)
                     Buffers: shared hit=279412 read=69097
                     ->  Hash Join  (cost=4697.08..487409.87 rows=5 width=12) (actual time=40.677..3289.840 rows=1883 loops=1)
                           Hash Cond: (ci.role_id = rt.id)
                           Buffers: shared hit=272892 read=68085
                           ->  Nested Loop  (cost=4695.91..487408.60 rows=29 width=16) (actual time=39.715..3277.751 rows=77762 loops=1)
                                 Buffers: shared hit=272891 read=68085
                                 ->  Nested Loop  (cost=4695.47..487321.28 rows=2 width=20) (actual time=39.667..2505.684 rows=1394 loops=1)
                                       Buffers: shared hit=217253 read=45372
                                       ->  Hash Join  (cost=4695.03..481934.66 rows=127 width=12) (actual time=21.491..2101.811 rows=3264 loops=1)
                                             Hash Cond: (t.kind_id = kt.id)
                                             Buffers: shared hit=185547 read=33122
                                             ->  Nested Loop  (cost=4693.92..481931.67 rows=446 width=16) (actual time=20.860..2092.016 rows=49683 loops=1)
                                                   Buffers: shared hit=185546 read=33122
                                                   ->  Bitmap Heap Scan on movie_info mi2  (cost=4693.49..477951.37 rows=478 width=8) (actual time=20.814..494.352 rows=49774 loops=1)
                                                         Recheck Cond: (info_type_id = 5)
                                                         Filter: ((info)::text = ANY ('{Australia:M,Australia:R,Iceland:16,Malaysia:U,Portugal:M/16,Portugal:M/6,Singapore:PG,"South Korea:18","South Korea:All",Sweden:15,Switzerland:7}'::text[]))
                                                         Rows Removed by Filter: 436780
                                                         Heap Blocks: exact=19164
                                                         Buffers: shared hit=1783 read=17789
                                                         ->  Bitmap Index Scan on info_type_id_movie_info  (cost=0.00..4693.37 rows=439058 width=0) (actual time=18.175..18.175 rows=486554 loops=1)
                                                               Index Cond: (info_type_id = 5)
                                                               Buffers: shared read=408
                                                   ->  Index Scan using title_pkey on title t  (cost=0.43..8.33 rows=1 width=8) (actual time=0.032..0.032 rows=1 loops=49774)
                                                         Index Cond: (id = mi2.movie_id)
                                                         Filter: ((production_year <= 2015) AND (1925 < production_year))
                                                         Rows Removed by Filter: 0
                                                         Buffers: shared hit=183763 read=15333
                                             ->  Hash  (cost=1.09..1.09 rows=2 width=4) (actual time=0.016..0.017 rows=2 loops=1)
                                                   Buckets: 1024  Batches: 1  Memory Usage: 9kB
                                                   Buffers: shared hit=1
                                                   ->  Seq Scan on kind_type kt  (cost=0.00..1.09 rows=2 width=4) (actual time=0.009..0.010 rows=2 loops=1)
                                                         Filter: ((kind)::text = ANY ('{episode,"video movie"}'::text[]))
                                                         Rows Removed by Filter: 5
                                                         Buffers: shared hit=1
                                       ->  Index Scan using movie_id_movie_info on movie_info mi1  (cost=0.43..42.40 rows=1 width=8) (actual time=0.123..0.123 rows=0 loops=3264)
                                             Index Cond: (movie_id = t.id)
                                             Filter: ((info_type_id = 3) AND ((info)::text = ANY ('{Action,Animation,Comedy,Fantasy,Horror,War}'::text[])))
                                             Rows Removed by Filter: 23
                                             Buffers: shared hit=31706 read=12250
                                 ->  Index Scan using movie_id_cast_info on cast_info ci  (cost=0.44..43.28 rows=38 width=12) (actual time=0.033..0.541 rows=56 loops=1394)
                                       Index Cond: (movie_id = t.id)
                                       Buffers: shared hit=55638 read=22713
                           ->  Hash  (cost=1.15..1.15 rows=2 width=4) (actual time=0.032..0.033 rows=2 loops=1)
                                 Buckets: 1024  Batches: 1  Memory Usage: 9kB
                                 Buffers: shared hit=1
                                 ->  Seq Scan on role_type rt  (cost=0.00..1.15 rows=2 width=4) (actual time=0.024..0.026 rows=2 loops=1)
                                       Filter: ((role)::text = ANY ('{cinematographer,"costume designer"}'::text[]))
                                       Rows Removed by Filter: 10
                                       Buffers: shared hit=1
                     ->  Index Scan using name_pkey on name n  (cost=0.43..2.32 rows=1 width=4) (actual time=0.037..0.037 rows=0 loops=1883)
                           Index Cond: (id = ci.person_id)
                           Filter: ((gender)::text = 'f'::text)
                           Rows Removed by Filter: 1
                           Buffers: shared hit=6520 read=1012
               ->  Seq Scan on info_type it1  (cost=0.00..2.41 rows=1 width=4) (actual time=0.009..0.017 rows=1 loops=166)
                     Filter: (id = 3)
                     Rows Removed by Filter: 112
                     Buffers: shared hit=166
         ->  Seq Scan on info_type it2  (cost=0.00..2.41 rows=1 width=4) (actual time=0.006..0.014 rows=1 loops=166)
               Filter: (id = 5)
               Rows Removed by Filter: 112
               Buffers: shared hit=166
 Planning:
   Buffers: shared hit=485 read=89
 Planning Time: 14.159 ms
 Execution Time: 3366.888 ms
(73 rows)

