                                                                                             QUERY PLAN                                                                                              
-----------------------------------------------------------------------------------------------------------------------------------------------------------------------------------------------------
 Aggregate  (cost=368170.97..368170.98 rows=1 width=8) (actual time=15756.625..15756.632 rows=1 loops=1)
   Buffers: shared hit=1286542 read=351604
   ->  Nested Loop  (cost=4697.50..368170.97 rows=1 width=0) (actual time=33.910..15751.517 rows=25446 loops=1)
         Buffers: shared hit=1286542 read=351604
         ->  Hash Join  (cost=4697.07..368168.65 rows=1 width=4) (actual time=33.857..13744.563 rows=58998 loops=1)
               Hash Cond: (ci.role_id = rt.id)
               Buffers: shared hit=1074602 read=327552
               ->  Nested Loop  (cost=4695.91..368167.44 rows=14 width=8) (actual time=27.331..13604.313 rows=885607 loops=1)
                     Buffers: shared hit=1074601 read=327552
                     ->  Nested Loop  (cost=4695.47..368123.74 rows=1 width=12) (actual time=27.290..5258.634 rows=11167 loops=1)
                           Buffers: shared hit=376562 read=126255
                           ->  Nested Loop  (cost=4695.47..368121.32 rows=1 width=16) (actual time=27.285..5037.219 rows=11167 loops=1)
                                 Buffers: shared hit=365395 read=126255
                                 ->  Nested Loop  (cost=4695.47..368118.89 rows=1 width=20) (actual time=27.268..4813.607 rows=11167 loops=1)
                                       Buffers: shared hit=354228 read=126255
                                       ->  Hash Join  (cost=4695.03..362543.87 rows=132 width=12) (actual time=20.521..1315.866 rows=19682 loops=1)
                                             Hash Cond: (t.kind_id = kt.id)
                                             Buffers: shared hit=99005 read=30476
                                             ->  Nested Loop  (cost=4693.90..362541.44 rows=307 width=16) (actual time=19.901..1305.073 rows=24380 loops=1)
                                                   Buffers: shared hit=99004 read=30476
                                                   ->  Bitmap Heap Scan on movie_info mi2  (cost=4693.47..359301.87 rows=388 width=8) (actual time=19.851..366.339 rows=27477 loops=1)
                                                         Recheck Cond: (info_type_id = 5)
                                                         Filter: ((info)::text = ANY ('{Argentina:13,Australia:M,USA:Unrated}'::text[]))
                                                         Rows Removed by Filter: 459077
                                                         Heap Blocks: exact=19164
                                                         Buffers: shared hit=3965 read=15607
                                                         ->  Bitmap Index Scan on info_type_id_movie_info  (cost=0.00..4693.37 rows=439058 width=0) (actual time=17.230..17.230 rows=486554 loops=1)
                                                               Index Cond: (info_type_id = 5)
                                                               Buffers: shared read=408
                                                   ->  Index Scan using title_pkey on title t  (cost=0.43..8.35 rows=1 width=8) (actual time=0.033..0.033 rows=1 loops=27477)
                                                         Index Cond: (id = mi2.movie_id)
                                                         Filter: ((production_year <= 2015) AND (1975 < production_year))
                                                         Rows Removed by Filter: 0
                                                         Buffers: shared hit=95039 read=14869
                                             ->  Hash  (cost=1.10..1.10 rows=3 width=4) (actual time=0.022..0.022 rows=3 loops=1)
                                                   Buckets: 1024  Batches: 1  Memory Usage: 9kB
                                                   Buffers: shared hit=1
                                                   ->  Seq Scan on kind_type kt  (cost=0.00..1.10 rows=3 width=4) (actual time=0.010..0.012 rows=3 loops=1)
                                                         Filter: ((kind)::text = ANY ('{episode,movie,"video movie"}'::text[]))
                                                         Rows Removed by Filter: 4
                                                         Buffers: shared hit=1
                                       ->  Index Scan using movie_id_movie_info on movie_info mi1  (cost=0.43..42.23 rows=1 width=8) (actual time=0.177..0.177 rows=1 loops=19682)
                                             Index Cond: (movie_id = t.id)
                                             Filter: (((info)::text = ANY ('{Drama,Romance}'::text[])) AND (info_type_id = 3))
                                             Rows Removed by Filter: 73
                                             Buffers: shared hit=255223 read=95779
                                 ->  Seq Scan on info_type it1  (cost=0.00..2.41 rows=1 width=4) (actual time=0.010..0.018 rows=1 loops=11167)
                                       Filter: (id = 3)
                                       Rows Removed by Filter: 112
                                       Buffers: shared hit=11167
                           ->  Seq Scan on info_type it2  (cost=0.00..2.41 rows=1 width=4) (actual time=0.010..0.018 rows=1 loops=11167)
                                 Filter: (id = 5)
                                 Rows Removed by Filter: 112
                                 Buffers: shared hit=11167
                     ->  Index Scan using movie_id_cast_info on cast_info ci  (cost=0.44..43.32 rows=38 width=12) (actual time=0.035..0.729 rows=79 loops=11167)
                           Index Cond: (movie_id = t.id)
                           Buffers: shared hit=698039 read=201297
               ->  Hash  (cost=1.15..1.15 rows=1 width=4) (actual time=0.034..0.034 rows=1 loops=1)
                     Buckets: 1024  Batches: 1  Memory Usage: 9kB
                     Buffers: shared hit=1
                     ->  Seq Scan on role_type rt  (cost=0.00..1.15 rows=1 width=4) (actual time=0.026..0.028 rows=1 loops=1)
                           Filter: ((role)::text = 'producer'::text)
                           Rows Removed by Filter: 11
                           Buffers: shared hit=1
         ->  Index Scan using name_pkey on name n  (cost=0.43..2.32 rows=1 width=4) (actual time=0.033..0.033 rows=0 loops=58998)
               Index Cond: (id = ci.person_id)
               Filter: ((gender)::text = 'm'::text)
               Rows Removed by Filter: 1
               Buffers: shared hit=211940 read=24052
 Planning:
   Buffers: shared hit=529 read=45
 Planning Time: 13.155 ms
 Execution Time: 15757.294 ms
(73 rows)

