                                                                                                                  QUERY PLAN                                                                                                                   
-----------------------------------------------------------------------------------------------------------------------------------------------------------------------------------------------------------------------------------------------
 Aggregate  (cost=477643.17..477643.18 rows=1 width=8) (actual time=47076.245..47076.252 rows=1 loops=1)
   Buffers: shared hit=4275675 read=570149
   ->  Nested Loop  (cost=4697.56..477643.17 rows=1 width=0) (actual time=61.233..47074.328 rows=3537 loops=1)
         Buffers: shared hit=4275675 read=570149
         ->  Nested Loop  (cost=4697.56..477640.75 rows=1 width=4) (actual time=61.219..46996.246 rows=3537 loops=1)
               Buffers: shared hit=4272138 read=570149
               ->  Nested Loop  (cost=4697.56..477638.32 rows=1 width=8) (actual time=61.182..46916.785 rows=3537 loops=1)
                     Buffers: shared hit=4268601 read=570149
                     ->  Hash Join  (cost=4697.13..477626.72 rows=5 width=12) (actual time=42.063..44785.142 rows=57520 loops=1)
                           Hash Cond: (ci.role_id = rt.id)
                           Buffers: shared hit=4055779 read=552891
                           ->  Nested Loop  (cost=4695.97..477625.36 rows=57 width=16) (actual time=41.760..44207.116 rows=3282212 loops=1)
                                 Buffers: shared hit=4055778 read=552891
                                 ->  Nested Loop  (cost=4695.53..477450.72 rows=4 width=20) (actual time=41.715..12410.661 rows=50921 loops=1)
                                       Buffers: shared hit=1080530 read=162526
                                       ->  Hash Join  (cost=4695.10..469179.93 rows=195 width=12) (actual time=41.458..2888.694 rows=52492 loops=1)
                                             Hash Cond: (t.kind_id = kt.id)
                                             Buffers: shared hit=234336 read=36573
                                             ->  Nested Loop  (cost=4693.98..469175.94 rows=683 width=16) (actual time=21.151..2856.567 rows=62595 loops=1)
                                                   Buffers: shared hit=234335 read=36573
                                                   ->  Bitmap Heap Scan on movie_info mi2  (cost=4693.55..463120.25 rows=733 width=8) (actual time=21.108..579.478 rows=62834 loops=1)
                                                         Recheck Cond: (info_type_id = 5)
                                                         Filter: ((info)::text = ANY ('{Finland:K-16,France:U,Iceland:12,Netherlands:12,Singapore:M18,Singapore:PG,"South Korea:12",USA:Approved,"USA:Not Rated","West Germany:12"}'::text[]))
                                                         Rows Removed by Filter: 423720
                                                         Heap Blocks: exact=19164
                                                         Buffers: shared hit=5764 read=13808
                                                         ->  Bitmap Index Scan on info_type_id_movie_info  (cost=0.00..4693.37 rows=439058 width=0) (actual time=17.807..17.808 rows=486554 loops=1)
                                                               Index Cond: (info_type_id = 5)
                                                               Buffers: shared read=408
                                                   ->  Index Scan using title_pkey on title t  (cost=0.43..8.26 rows=1 width=8) (actual time=0.035..0.035 rows=1 loops=62834)
                                                         Index Cond: (id = mi2.movie_id)
                                                         Filter: ((production_year <= 2015) AND (1925 < production_year))
                                                         Rows Removed by Filter: 0
                                                         Buffers: shared hit=228571 read=22765
                                             ->  Hash  (cost=1.09..1.09 rows=2 width=4) (actual time=0.022..0.023 rows=2 loops=1)
                                                   Buckets: 1024  Batches: 1  Memory Usage: 9kB
                                                   Buffers: shared hit=1
                                                   ->  Seq Scan on kind_type kt  (cost=0.00..1.09 rows=2 width=4) (actual time=0.013..0.015 rows=2 loops=1)
                                                         Filter: ((kind)::text = ANY ('{movie,"video movie"}'::text[]))
                                                         Rows Removed by Filter: 5
                                                         Buffers: shared hit=1
                                       ->  Index Scan using movie_id_movie_info on movie_info mi1  (cost=0.43..42.40 rows=1 width=8) (actual time=0.180..0.181 rows=1 loops=52492)
                                             Index Cond: (movie_id = t.id)
                                             Filter: ((info_type_id = 3) AND ((info)::text = ANY ('{Documentary,Drama,Music,Mystery,Romance,Thriller}'::text[])))
                                             Rows Removed by Filter: 72
                                             Buffers: shared hit=846194 read=125953
                                 ->  Index Scan using movie_id_cast_info on cast_info ci  (cost=0.44..43.28 rows=38 width=12) (actual time=0.037..0.606 rows=64 loops=50921)
                                       Index Cond: (movie_id = t.id)
                                       Buffers: shared hit=2975248 read=390365
                           ->  Hash  (cost=1.15..1.15 rows=1 width=4) (actual time=0.036..0.036 rows=1 loops=1)
                                 Buckets: 1024  Batches: 1  Memory Usage: 9kB
                                 Buffers: shared hit=1
                                 ->  Seq Scan on role_type rt  (cost=0.00..1.15 rows=1 width=4) (actual time=0.025..0.027 rows=1 loops=1)
                                       Filter: ((role)::text = 'editor'::text)
                                       Rows Removed by Filter: 11
                                       Buffers: shared hit=1
                     ->  Index Scan using name_pkey on name n  (cost=0.43..2.32 rows=1 width=4) (actual time=0.036..0.036 rows=0 loops=57520)
                           Index Cond: (id = ci.person_id)
                           Filter: ((gender)::text = 'f'::text)
                           Rows Removed by Filter: 1
                           Buffers: shared hit=212822 read=17258
               ->  Seq Scan on info_type it1  (cost=0.00..2.41 rows=1 width=4) (actual time=0.010..0.020 rows=1 loops=3537)
                     Filter: (id = 3)
                     Rows Removed by Filter: 112
                     Buffers: shared hit=3537
         ->  Seq Scan on info_type it2  (cost=0.00..2.41 rows=1 width=4) (actual time=0.010..0.020 rows=1 loops=3537)
               Filter: (id = 5)
               Rows Removed by Filter: 112
               Buffers: shared hit=3537
 Planning:
   Buffers: shared hit=483 read=91
 Planning Time: 14.040 ms
 Execution Time: 47076.937 ms
(73 rows)

