                                                                                             QUERY PLAN                                                                                              
-----------------------------------------------------------------------------------------------------------------------------------------------------------------------------------------------------
 Aggregate  (cost=428524.19..428524.20 rows=1 width=8) (actual time=2140.794..2140.802 rows=1 loops=1)
   Buffers: shared hit=193947 read=27148
   ->  Nested Loop  (cost=4697.61..428524.19 rows=2 width=0) (actual time=21.226..2140.735 rows=282 loops=1)
         Buffers: shared hit=193947 read=27148
         ->  Hash Join  (cost=4697.18..428512.59 rows=5 width=4) (actual time=21.181..2121.277 rows=696 loops=1)
               Hash Cond: (ci.role_id = rt.id)
               Buffers: shared hit=191902 read=26409
               ->  Nested Loop  (cost=4696.01..428511.32 rows=29 width=8) (actual time=20.846..2120.354 rows=5675 loops=1)
                     Buffers: shared hit=191901 read=26409
                     ->  Nested Loop  (cost=4695.57..428422.57 rows=2 width=12) (actual time=20.800..2065.491 rows=326 loops=1)
                           Buffers: shared hit=187519 read=24233
                           ->  Seq Scan on info_type it2  (cost=0.00..2.41 rows=1 width=4) (actual time=0.031..0.040 rows=1 loops=1)
                                 Filter: (id = 5)
                                 Rows Removed by Filter: 112
                                 Buffers: shared hit=1
                           ->  Nested Loop  (cost=4695.57..428420.14 rows=2 width=16) (actual time=20.768..2065.388 rows=326 loops=1)
                                 Buffers: shared hit=187518 read=24233
                                 ->  Seq Scan on info_type it1  (cost=0.00..2.41 rows=1 width=4) (actual time=0.009..0.021 rows=1 loops=1)
                                       Filter: (id = 3)
                                       Rows Removed by Filter: 112
                                       Buffers: shared hit=1
                                 ->  Nested Loop  (cost=4695.57..428417.71 rows=2 width=20) (actual time=20.756..2065.301 rows=326 loops=1)
                                       Buffers: shared hit=187517 read=24233
                                       ->  Hash Join  (cost=4695.13..425239.49 rows=74 width=12) (actual time=20.144..2002.027 rows=500 loops=1)
                                             Hash Cond: (t.kind_id = kt.id)
                                             Buffers: shared hit=183994 read=21775
                                             ->  Nested Loop  (cost=4694.00..425237.62 rows=173 width=16) (actual time=20.098..1996.995 rows=22594 loops=1)
                                                   Buffers: shared hit=183993 read=21775
                                                   ->  Bitmap Heap Scan on movie_info mi2  (cost=4693.57..418626.72 rows=802 width=8) (actual time=20.057..459.702 rows=46549 loops=1)
                                                         Recheck Cond: (info_type_id = 5)
                                                         Filter: ((info)::text = ANY ('{Belgium:KT,Sweden:15,UK:15,USA:Approved,"West Germany:12","West Germany:16","West Germany:18"}'::text[]))
                                                         Rows Removed by Filter: 440005
                                                         Heap Blocks: exact=19164
                                                         Buffers: shared hit=2838 read=16734
                                                         ->  Bitmap Index Scan on info_type_id_movie_info  (cost=0.00..4693.37 rows=439058 width=0) (actual time=17.196..17.196 rows=486554 loops=1)
                                                               Index Cond: (info_type_id = 5)
                                                               Buffers: shared read=408
                                                   ->  Index Scan using title_pkey on title t  (cost=0.43..8.24 rows=1 width=8) (actual time=0.033..0.033 rows=0 loops=46549)
                                                         Index Cond: (id = mi2.movie_id)
                                                         Filter: ((production_year <= 1990) AND (1950 < production_year))
                                                         Rows Removed by Filter: 1
                                                         Buffers: shared hit=181155 read=5041
                                             ->  Hash  (cost=1.10..1.10 rows=3 width=4) (actual time=0.017..0.018 rows=3 loops=1)
                                                   Buckets: 1024  Batches: 1  Memory Usage: 9kB
                                                   Buffers: shared hit=1
                                                   ->  Seq Scan on kind_type kt  (cost=0.00..1.10 rows=3 width=4) (actual time=0.008..0.010 rows=3 loops=1)
                                                         Filter: ((kind)::text = ANY ('{"tv series","video game","video movie"}'::text[]))
                                                         Rows Removed by Filter: 4
                                                         Buffers: shared hit=1
                                       ->  Index Scan using movie_id_movie_info on movie_info mi1  (cost=0.43..42.94 rows=1 width=8) (actual time=0.120..0.126 rows=1 loops=500)
                                             Index Cond: (movie_id = t.id)
                                             Filter: ((info_type_id = 3) AND ((info)::text = ANY ('{Action,Adventure,Comedy,Crime,Documentary,Drama,Western}'::text[])))
                                             Rows Removed by Filter: 19
                                             Buffers: shared hit=3523 read=2458
                     ->  Index Scan using movie_id_cast_info on cast_info ci  (cost=0.44..43.99 rows=38 width=12) (actual time=0.028..0.165 rows=17 loops=326)
                           Index Cond: (movie_id = t.id)
                           Buffers: shared hit=4382 read=2176
               ->  Hash  (cost=1.15..1.15 rows=2 width=4) (actual time=0.036..0.037 rows=2 loops=1)
                     Buckets: 1024  Batches: 1  Memory Usage: 9kB
                     Buffers: shared hit=1
                     ->  Seq Scan on role_type rt  (cost=0.00..1.15 rows=2 width=4) (actual time=0.027..0.030 rows=2 loops=1)
                           Filter: ((role)::text = ANY ('{producer,writer}'::text[]))
                           Rows Removed by Filter: 10
                           Buffers: shared hit=1
         ->  Index Scan using name_pkey on name n  (cost=0.43..2.32 rows=1 width=4) (actual time=0.027..0.027 rows=0 loops=696)
               Index Cond: (id = ci.person_id)
               Filter: ((gender)::text = 'm'::text)
               Rows Removed by Filter: 1
               Buffers: shared hit=2045 read=739
 Planning:
   Buffers: shared hit=503 read=71
 Planning Time: 14.146 ms
 Execution Time: 2141.490 ms
(73 rows)

