                                                                                             QUERY PLAN                                                                                              
-----------------------------------------------------------------------------------------------------------------------------------------------------------------------------------------------------
 Aggregate  (cost=464624.19..464624.20 rows=1 width=8) (actual time=37967.812..37967.820 rows=1 loops=1)
   Buffers: shared hit=3716623 read=227021
   ->  Nested Loop  (cost=4697.78..464624.19 rows=1 width=0) (actual time=1981.379..37967.771 rows=34 loops=1)
         Buffers: shared hit=3716623 read=227021
         ->  Nested Loop  (cost=4697.78..464621.77 rows=1 width=4) (actual time=1981.367..37965.528 rows=34 loops=1)
               Buffers: shared hit=3716589 read=227021
               ->  Nested Loop  (cost=4697.78..464619.35 rows=1 width=8) (actual time=1981.337..37964.665 rows=34 loops=1)
                     Buffers: shared hit=3716555 read=227021
                     ->  Hash Join  (cost=4697.35..464610.07 rows=4 width=12) (actual time=40.635..35774.283 rows=60072 loops=1)
                           Hash Cond: (ci.role_id = rt.id)
                           Buffers: shared hit=3480112 read=223176
                           ->  Nested Loop  (cost=4696.19..464608.75 rows=43 width=16) (actual time=35.721..35285.238 rows=2485826 loops=1)
                                 Buffers: shared hit=3480111 read=223176
                                 ->  Nested Loop  (cost=4695.75..464474.11 rows=3 width=20) (actual time=35.678..10750.606 rows=60947 loops=1)
                                       Buffers: shared hit=974741 read=101837
                                       ->  Hash Join  (cost=4695.31..460534.64 rows=91 width=12) (actual time=35.450..3456.729 rows=44367 loops=1)
                                             Hash Cond: (t.kind_id = kt.id)
                                             Buffers: shared hit=324795 read=14806
                                             ->  Nested Loop  (cost=4694.18..460532.61 rows=212 width=16) (actual time=22.340..3431.423 rows=44575 loops=1)
                                                   Buffers: shared hit=324794 read=14806
                                                   ->  Bitmap Heap Scan on movie_info mi2  (cost=4693.75..448289.26 rows=1519 width=8) (actual time=19.071..527.859 rows=80007 loops=1)
                                                         Recheck Cond: (info_type_id = 5)
                                                         Filter: ((info)::text = ANY ('{Australia:PG,Finland:K-16,Finland:S,Sweden:15,Sweden:Btl,UK:U,USA:Approved,USA:Passed,USA:R}'::text[]))
                                                         Rows Removed by Filter: 406547
                                                         Heap Blocks: exact=19164
                                                         Buffers: shared hit=17239 read=2333
                                                         ->  Bitmap Index Scan on info_type_id_movie_info  (cost=0.00..4693.37 rows=439058 width=0) (actual time=16.376..16.376 rows=486554 loops=1)
                                                               Index Cond: (info_type_id = 5)
                                                               Buffers: shared hit=408
                                                   ->  Index Scan using title_pkey on title t  (cost=0.43..8.06 rows=1 width=8) (actual time=0.036..0.036 rows=1 loops=80007)
                                                         Index Cond: (id = mi2.movie_id)
                                                         Filter: ((production_year <= 1975) AND (1925 < production_year))
                                                         Rows Removed by Filter: 0
                                                         Buffers: shared hit=307555 read=12473
                                             ->  Hash  (cost=1.10..1.10 rows=3 width=4) (actual time=0.016..0.017 rows=3 loops=1)
                                                   Buckets: 1024  Batches: 1  Memory Usage: 9kB
                                                   Buffers: shared hit=1
                                                   ->  Seq Scan on kind_type kt  (cost=0.00..1.10 rows=3 width=4) (actual time=0.008..0.010 rows=3 loops=1)
                                                         Filter: ((kind)::text = ANY ('{episode,movie,"tv movie"}'::text[]))
                                                         Rows Removed by Filter: 4
                                                         Buffers: shared hit=1
                                       ->  Index Scan using movie_id_movie_info on movie_info mi1  (cost=0.43..43.28 rows=1 width=8) (actual time=0.162..0.163 rows=1 loops=44367)
                                             Index Cond: (movie_id = t.id)
                                             Filter: ((info_type_id = 3) AND ((info)::text = ANY ('{Action,Comedy,Crime,Drama,Musical,Romance,Short}'::text[])))
                                             Rows Removed by Filter: 38
                                             Buffers: shared hit=649946 read=87031
                                 ->  Index Scan using movie_id_cast_info on cast_info ci  (cost=0.44..44.50 rows=38 width=12) (actual time=0.036..0.390 rows=41 loops=60947)
                                       Index Cond: (movie_id = t.id)
                                       Buffers: shared hit=2505370 read=121339
                           ->  Hash  (cost=1.15..1.15 rows=1 width=4) (actual time=0.029..0.029 rows=1 loops=1)
                                 Buckets: 1024  Batches: 1  Memory Usage: 9kB
                                 Buffers: shared hit=1
                                 ->  Seq Scan on role_type rt  (cost=0.00..1.15 rows=1 width=4) (actual time=0.023..0.024 rows=1 loops=1)
                                       Filter: ((role)::text = 'cinematographer'::text)
                                       Rows Removed by Filter: 11
                                       Buffers: shared hit=1
                     ->  Index Scan using name_pkey on name n  (cost=0.43..2.32 rows=1 width=4) (actual time=0.036..0.036 rows=0 loops=60072)
                           Index Cond: (id = ci.person_id)
                           Filter: ((gender)::text = 'f'::text)
                           Rows Removed by Filter: 1
                           Buffers: shared hit=236443 read=3845
               ->  Seq Scan on info_type it1  (cost=0.00..2.41 rows=1 width=4) (actual time=0.010..0.021 rows=1 loops=34)
                     Filter: (id = 3)
                     Rows Removed by Filter: 112
                     Buffers: shared hit=34
         ->  Seq Scan on info_type it2  (cost=0.00..2.41 rows=1 width=4) (actual time=0.053..0.063 rows=1 loops=34)
               Filter: (id = 5)
               Rows Removed by Filter: 112
               Buffers: shared hit=34
 Planning:
   Buffers: shared hit=574
 Planning Time: 12.989 ms
 Execution Time: 37968.428 ms
(73 rows)

