                                                                                                         QUERY PLAN                                                                                                         
----------------------------------------------------------------------------------------------------------------------------------------------------------------------------------------------------------------------------
 Aggregate  (cost=486537.41..486537.42 rows=1 width=8) (actual time=5220.962..5220.969 rows=1 loops=1)
   Buffers: shared hit=452183 read=87655
   ->  Nested Loop  (cost=4697.52..486537.40 rows=2 width=0) (actual time=43.121..5220.413 rows=1715 loops=1)
         Buffers: shared hit=452183 read=87655
         ->  Hash Join  (cost=4697.09..486525.81 rows=5 width=4) (actual time=40.917..5023.431 rows=5396 loops=1)
               Hash Cond: (ci.role_id = rt.id)
               Buffers: shared hit=432836 read=85418
               ->  Nested Loop  (cost=4695.91..486524.53 rows=29 width=8) (actual time=39.723..4989.650 rows=216135 loops=1)
                     Buffers: shared hit=432835 read=85418
                     ->  Nested Loop  (cost=4695.47..486437.06 rows=2 width=12) (actual time=39.673..2898.749 rows=3138 loops=1)
                           Buffers: shared hit=262136 read=40815
                           ->  Seq Scan on info_type it2  (cost=0.00..2.41 rows=1 width=4) (actual time=0.029..0.038 rows=1 loops=1)
                                 Filter: (id = 5)
                                 Rows Removed by Filter: 112
                                 Buffers: shared hit=1
                           ->  Nested Loop  (cost=4695.47..486434.63 rows=2 width=16) (actual time=39.642..2897.951 rows=3138 loops=1)
                                 Buffers: shared hit=262135 read=40815
                                 ->  Seq Scan on info_type it1  (cost=0.00..2.41 rows=1 width=4) (actual time=0.007..0.019 rows=1 loops=1)
                                       Filter: (id = 3)
                                       Rows Removed by Filter: 112
                                       Buffers: shared hit=1
                                 ->  Nested Loop  (cost=4695.47..486432.20 rows=2 width=20) (actual time=39.633..2897.072 rows=3138 loops=1)
                                       Buffers: shared hit=262134 read=40815
                                       ->  Hash Join  (cost=4695.04..482175.38 rows=100 width=12) (actual time=31.345..2486.321 rows=2555 loops=1)
                                             Hash Cond: (t.kind_id = kt.id)
                                             Buffers: shared hit=234248 read=29589
                                             ->  Nested Loop  (cost=4693.93..482172.80 rows=349 width=16) (actual time=19.495..2477.645 rows=38228 loops=1)
                                                   Buffers: shared hit=234247 read=29589
                                                   ->  Bitmap Heap Scan on movie_info mi2  (cost=4693.50..477951.38 rows=507 width=8) (actual time=19.451..522.966 rows=61066 loops=1)
                                                         Recheck Cond: (info_type_id = 5)
                                                         Filter: ((info)::text = ANY ('{Australia:MA,Germany:12,Germany:16,Germany:18,"Hong Kong:IIB",Ireland:15A,Singapore:NC-16,Spain:18,Sweden:15,UK:U,USA:R}'::text[]))
                                                         Rows Removed by Filter: 425488
                                                         Heap Blocks: exact=19164
                                                         Buffers: shared hit=2929 read=16643
                                                         ->  Bitmap Index Scan on info_type_id_movie_info  (cost=0.00..4693.37 rows=439058 width=0) (actual time=16.239..16.239 rows=486554 loops=1)
                                                               Index Cond: (info_type_id = 5)
                                                               Buffers: shared read=408
                                                   ->  Index Scan using title_pkey on title t  (cost=0.43..8.33 rows=1 width=8) (actual time=0.031..0.031 rows=1 loops=61066)
                                                         Index Cond: (id = mi2.movie_id)
                                                         Filter: ((production_year <= 2015) AND (1990 < production_year))
                                                         Rows Removed by Filter: 0
                                                         Buffers: shared hit=231318 read=12946
                                             ->  Hash  (cost=1.09..1.09 rows=2 width=4) (actual time=0.014..0.015 rows=2 loops=1)
                                                   Buckets: 1024  Batches: 1  Memory Usage: 9kB
                                                   Buffers: shared hit=1
                                                   ->  Seq Scan on kind_type kt  (cost=0.00..1.09 rows=2 width=4) (actual time=0.007..0.008 rows=2 loops=1)
                                                         Filter: ((kind)::text = ANY ('{"tv movie","video game"}'::text[]))
                                                         Rows Removed by Filter: 5
                                                         Buffers: shared hit=1
                                       ->  Index Scan using movie_id_movie_info on movie_info mi1  (cost=0.43..42.56 rows=1 width=8) (actual time=0.159..0.160 rows=1 loops=2555)
                                             Index Cond: (movie_id = t.id)
                                             Filter: ((info_type_id = 3) AND ((info)::text = ANY ('{Adult,Crime,Drama,Family,Mystery,Romance,Sci-Fi,Thriller}'::text[])))
                                             Rows Removed by Filter: 28
                                             Buffers: shared hit=27886 read=11226
                     ->  Index Scan using movie_id_cast_info on cast_info ci  (cost=0.44..43.36 rows=38 width=12) (actual time=0.031..0.650 rows=69 loops=3138)
                           Index Cond: (movie_id = t.id)
                           Buffers: shared hit=170699 read=44603
               ->  Hash  (cost=1.15..1.15 rows=2 width=4) (actual time=0.030..0.030 rows=2 loops=1)
                     Buckets: 1024  Batches: 1  Memory Usage: 9kB
                     Buffers: shared hit=1
                     ->  Seq Scan on role_type rt  (cost=0.00..1.15 rows=2 width=4) (actual time=0.023..0.024 rows=2 loops=1)
                           Filter: ((role)::text = ANY ('{editor,"production designer"}'::text[]))
                           Rows Removed by Filter: 10
                           Buffers: shared hit=1
         ->  Index Scan using name_pkey on name n  (cost=0.43..2.32 rows=1 width=4) (actual time=0.036..0.036 rows=0 loops=5396)
               Index Cond: (id = ci.person_id)
               Filter: ((gender)::text = 'm'::text)
               Rows Removed by Filter: 1
               Buffers: shared hit=19347 read=2237
 Planning:
   Buffers: shared hit=502 read=72
 Planning Time: 11.389 ms
 Execution Time: 5221.558 ms
(73 rows)

