                                                                                             QUERY PLAN                                                                                              
-----------------------------------------------------------------------------------------------------------------------------------------------------------------------------------------------------
 Aggregate  (cost=363603.53..363603.54 rows=1 width=8) (actual time=4523.111..4523.118 rows=1 loops=1)
   Buffers: shared hit=370869 read=99726
   ->  Nested Loop  (cost=4697.49..363603.53 rows=1 width=0) (actual time=35.029..4522.384 rows=2592 loops=1)
         Buffers: shared hit=370869 read=99726
         ->  Hash Join  (cost=4697.06..363601.21 rows=1 width=4) (actual time=34.972..4360.211 rows=4858 loops=1)
               Hash Cond: (ci.role_id = rt.id)
               Buffers: shared hit=353238 read=97925
               ->  Nested Loop  (cost=4695.89..363600.00 rows=14 width=8) (actual time=34.694..4327.338 rows=223104 loops=1)
                     Buffers: shared hit=353237 read=97925
                     ->  Nested Loop  (cost=4695.45..363555.62 rows=1 width=12) (actual time=34.650..2278.063 rows=4548 loops=1)
                           Buffers: shared hit=158306 read=59582
                           ->  Nested Loop  (cost=4695.45..363553.20 rows=1 width=16) (actual time=34.643..2195.123 rows=4548 loops=1)
                                 Buffers: shared hit=153758 read=59582
                                 ->  Nested Loop  (cost=4695.45..363550.78 rows=1 width=20) (actual time=34.620..2111.831 rows=4548 loops=1)
                                       Buffers: shared hit=149210 read=59582
                                       ->  Hash Join  (cost=4695.02..362182.97 rows=32 width=12) (actual time=34.349..986.242 rows=6237 loops=1)
                                             Hash Cond: (t.kind_id = kt.id)
                                             Buffers: shared hit=68873 read=26968
                                             ->  Nested Loop  (cost=4693.89..362181.52 rows=74 width=16) (actual time=34.305..983.290 rows=6259 loops=1)
                                                   Buffers: shared hit=68872 read=26968
                                                   ->  Bitmap Heap Scan on movie_info mi2  (cost=4693.46..359301.86 rows=344 width=8) (actual time=21.787..357.432 rows=19067 loops=1)
                                                         Recheck Cond: (info_type_id = 5)
                                                         Filter: ((info)::text = ANY ('{Argentina:16,Norway:16,USA:Approved}'::text[]))
                                                         Rows Removed by Filter: 467487
                                                         Heap Blocks: exact=19164
                                                         Buffers: shared hit=2958 read=16614
                                                         ->  Bitmap Index Scan on info_type_id_movie_info  (cost=0.00..4693.37 rows=439058 width=0) (actual time=17.504..17.504 rows=486554 loops=1)
                                                               Index Cond: (info_type_id = 5)
                                                               Buffers: shared read=408
                                                   ->  Index Scan using title_pkey on title t  (cost=0.43..8.37 rows=1 width=8) (actual time=0.032..0.032 rows=0 loops=19067)
                                                         Index Cond: (id = mi2.movie_id)
                                                         Filter: ((production_year <= 1990) AND (1950 < production_year))
                                                         Rows Removed by Filter: 1
                                                         Buffers: shared hit=65914 read=10354
                                             ->  Hash  (cost=1.10..1.10 rows=3 width=4) (actual time=0.019..0.020 rows=3 loops=1)
                                                   Buckets: 1024  Batches: 1  Memory Usage: 9kB
                                                   Buffers: shared hit=1
                                                   ->  Seq Scan on kind_type kt  (cost=0.00..1.10 rows=3 width=4) (actual time=0.010..0.012 rows=3 loops=1)
                                                         Filter: ((kind)::text = ANY ('{episode,movie,"tv movie"}'::text[]))
                                                         Rows Removed by Filter: 4
                                                         Buffers: shared hit=1
                                       ->  Index Scan using movie_id_movie_info on movie_info mi1  (cost=0.43..42.73 rows=1 width=8) (actual time=0.179..0.180 rows=1 loops=6237)
                                             Index Cond: (movie_id = t.id)
                                             Filter: ((info_type_id = 3) AND ((info)::text = ANY ('{Drama,Romance,Thriller}'::text[])))
                                             Rows Removed by Filter: 58
                                             Buffers: shared hit=80337 read=32614
                                 ->  Seq Scan on info_type it1  (cost=0.00..2.41 rows=1 width=4) (actual time=0.009..0.016 rows=1 loops=4548)
                                       Filter: (id = 3)
                                       Rows Removed by Filter: 112
                                       Buffers: shared hit=4548
                           ->  Seq Scan on info_type it2  (cost=0.00..2.41 rows=1 width=4) (actual time=0.009..0.017 rows=1 loops=4548)
                                 Filter: (id = 5)
                                 Rows Removed by Filter: 112
                                 Buffers: shared hit=4548
                     ->  Index Scan using movie_id_cast_info on cast_info ci  (cost=0.44..43.99 rows=38 width=12) (actual time=0.034..0.440 rows=49 loops=4548)
                           Index Cond: (movie_id = t.id)
                           Buffers: shared hit=194931 read=38343
               ->  Hash  (cost=1.15..1.15 rows=1 width=4) (actual time=0.036..0.037 rows=1 loops=1)
                     Buckets: 1024  Batches: 1  Memory Usage: 9kB
                     Buffers: shared hit=1
                     ->  Seq Scan on role_type rt  (cost=0.00..1.15 rows=1 width=4) (actual time=0.029..0.031 rows=1 loops=1)
                           Filter: ((role)::text = 'cinematographer'::text)
                           Rows Removed by Filter: 11
                           Buffers: shared hit=1
         ->  Index Scan using name_pkey on name n  (cost=0.43..2.32 rows=1 width=4) (actual time=0.033..0.033 rows=1 loops=4858)
               Index Cond: (id = ci.person_id)
               Filter: ((gender)::text = 'm'::text)
               Rows Removed by Filter: 0
               Buffers: shared hit=17631 read=1801
 Planning:
   Buffers: shared hit=483 read=91
 Planning Time: 13.800 ms
 Execution Time: 4523.762 ms
(73 rows)

