                                                                                                 QUERY PLAN                                                                                                 
------------------------------------------------------------------------------------------------------------------------------------------------------------------------------------------------------------
 Aggregate  (cost=469903.06..469903.07 rows=1 width=8) (actual time=45462.516..45462.522 rows=1 loops=1)
   Buffers: shared hit=4218073 read=485358
   ->  Nested Loop  (cost=4697.67..469903.04 rows=9 width=0) (actual time=73.531..45446.182 rows=52722 loops=1)
         Buffers: shared hit=4218073 read=485358
         ->  Hash Join  (cost=4697.24..469870.57 rows=14 width=4) (actual time=71.368..42284.821 rows=83895 loops=1)
               Hash Cond: (ci.role_id = rt.id)
               Buffers: shared hit=3912018 read=455833
               ->  Nested Loop  (cost=4696.07..469869.09 rows=86 width=8) (actual time=70.713..41707.411 rows=3288462 loops=1)
                     Buffers: shared hit=3912017 read=455833
                     ->  Nested Loop  (cost=4695.63..469606.68 rows=6 width=12) (actual time=70.637..10672.958 rows=37016 loops=1)
                           Buffers: shared hit=896554 read=155524
                           ->  Seq Scan on info_type it2  (cost=0.00..2.41 rows=1 width=4) (actual time=0.026..0.035 rows=1 loops=1)
                                 Filter: (id = 5)
                                 Rows Removed by Filter: 112
                                 Buffers: shared hit=1
                           ->  Nested Loop  (cost=4695.63..469604.20 rows=6 width=16) (actual time=70.610..10662.959 rows=37016 loops=1)
                                 Buffers: shared hit=896553 read=155524
                                 ->  Seq Scan on info_type it1  (cost=0.00..2.41 rows=1 width=4) (actual time=0.006..0.017 rows=1 loops=1)
                                       Filter: (id = 3)
                                       Rows Removed by Filter: 112
                                       Buffers: shared hit=1
                                 ->  Nested Loop  (cost=4695.63..469601.73 rows=6 width=20) (actual time=70.602..10651.682 rows=37016 loops=1)
                                       Buffers: shared hit=896552 read=155524
                                       ->  Hash Join  (cost=4695.19..456723.34 rows=304 width=12) (actual time=20.979..3069.171 rows=43046 loops=1)
                                             Hash Cond: (t.kind_id = kt.id)
                                             Buffers: shared hit=240761 read=41856
                                             ->  Nested Loop  (cost=4694.06..456719.22 rows=710 width=16) (actual time=19.409..3040.664 rows=47265 loops=1)
                                                   Buffers: shared hit=240760 read=41856
                                                   ->  Bitmap Heap Scan on movie_info mi2  (cost=4693.63..448289.14 rows=1030 width=8) (actual time=19.288..597.541 rows=65761 loops=1)
                                                         Recheck Cond: (info_type_id = 5)
                                                         Filter: ((info)::text = ANY ('{Argentina:13,Argentina:Atp,Canada:G,France:U,Portugal:M/12,Singapore:PG,Sweden:11,UK:15,"USA:Not Rated"}'::text[]))
                                                         Rows Removed by Filter: 420793
                                                         Heap Blocks: exact=19164
                                                         Buffers: shared hit=4281 read=15291
                                                         ->  Bitmap Index Scan on info_type_id_movie_info  (cost=0.00..4693.37 rows=439058 width=0) (actual time=16.406..16.406 rows=486554 loops=1)
                                                               Index Cond: (info_type_id = 5)
                                                               Buffers: shared read=408
                                                   ->  Index Scan using title_pkey on title t  (cost=0.43..8.18 rows=1 width=8) (actual time=0.036..0.036 rows=1 loops=65761)
                                                         Index Cond: (id = mi2.movie_id)
                                                         Filter: ((production_year <= 2015) AND (1990 < production_year))
                                                         Rows Removed by Filter: 0
                                                         Buffers: shared hit=236479 read=26565
                                             ->  Hash  (cost=1.10..1.10 rows=3 width=4) (actual time=0.013..0.014 rows=3 loops=1)
                                                   Buckets: 1024  Batches: 1  Memory Usage: 9kB
                                                   Buffers: shared hit=1
                                                   ->  Seq Scan on kind_type kt  (cost=0.00..1.10 rows=3 width=4) (actual time=0.006..0.008 rows=3 loops=1)
                                                         Filter: ((kind)::text = ANY ('{episode,movie,"video movie"}'::text[]))
                                                         Rows Removed by Filter: 4
                                                         Buffers: shared hit=1
                                       ->  Index Scan using movie_id_movie_info on movie_info mi1  (cost=0.43..42.35 rows=1 width=8) (actual time=0.174..0.175 rows=1 loops=43046)
                                             Index Cond: (movie_id = t.id)
                                             Filter: ((info_type_id = 3) AND ((info)::text = ANY ('{Comedy,Crime,Drama,Romance}'::text[])))
                                             Rows Removed by Filter: 78
                                             Buffers: shared hit=655791 read=113668
                     ->  Index Scan using movie_id_cast_info on cast_info ci  (cost=0.44..43.36 rows=38 width=12) (actual time=0.036..0.815 rows=89 loops=37016)
                           Index Cond: (movie_id = t.id)
                           Buffers: shared hit=3015463 read=300309
               ->  Hash  (cost=1.15..1.15 rows=2 width=4) (actual time=0.027..0.028 rows=2 loops=1)
                     Buckets: 1024  Batches: 1  Memory Usage: 9kB
                     Buffers: shared hit=1
                     ->  Seq Scan on role_type rt  (cost=0.00..1.15 rows=2 width=4) (actual time=0.021..0.023 rows=2 loops=1)
                           Filter: ((role)::text = ANY ('{director,editor}'::text[]))
                           Rows Removed by Filter: 10
                           Buffers: shared hit=1
         ->  Index Scan using name_pkey on name n  (cost=0.43..2.32 rows=1 width=4) (actual time=0.037..0.037 rows=1 loops=83895)
               Index Cond: (id = ci.person_id)
               Filter: ((gender)::text = ANY ('{f,m}'::text[]))
               Rows Removed by Filter: 0
               Buffers: shared hit=306055 read=29525
 Planning:
   Buffers: shared hit=519 read=55
 Planning Time: 13.303 ms
 Execution Time: 45463.082 ms
(73 rows)

