                                                                                             QUERY PLAN                                                                                              
-----------------------------------------------------------------------------------------------------------------------------------------------------------------------------------------------------
 Aggregate  (cost=360236.46..360236.47 rows=1 width=8) (actual time=8938.082..8938.089 rows=1 loops=1)
   Buffers: shared hit=727677 read=200592
   ->  Nested Loop  (cost=4697.42..360236.46 rows=1 width=0) (actual time=38.067..8931.974 rows=37685 loops=1)
         Buffers: shared hit=727677 read=200592
         ->  Hash Join  (cost=4696.99..360231.82 rows=2 width=4) (actual time=38.015..5028.939 rows=113277 loops=1)
               Hash Cond: (ci.role_id = rt.id)
               Buffers: shared hit=312813 read=162348
               ->  Nested Loop  (cost=4695.82..360230.59 rows=14 width=8) (actual time=37.460..4961.989 rows=291362 loops=1)
                     Buffers: shared hit=312812 read=162348
                     ->  Nested Loop  (cost=4695.38..360186.93 rows=1 width=12) (actual time=37.400..2133.876 rows=3929 loops=1)
                           Buffers: shared hit=98203 read=82565
                           ->  Nested Loop  (cost=4695.38..360184.51 rows=1 width=16) (actual time=37.393..2058.100 rows=3929 loops=1)
                                 Buffers: shared hit=94274 read=82565
                                 ->  Nested Loop  (cost=4695.38..360182.09 rows=1 width=20) (actual time=37.368..1976.046 rows=3929 loops=1)
                                       Buffers: shared hit=90345 read=82565
                                       ->  Hash Join  (cost=4694.94..359590.44 rows=14 width=12) (actual time=23.411..640.740 rows=6530 loops=1)
                                             Hash Cond: (t.kind_id = kt.id)
                                             Buffers: shared hit=22621 read=26164
                                             ->  Nested Loop  (cost=4693.81..359589.17 rows=32 width=16) (actual time=19.473..637.223 rows=7294 loops=1)
                                                   Buffers: shared hit=22620 read=26164
                                                   ->  Bitmap Heap Scan on movie_info mi2  (cost=4693.38..359301.78 rows=34 width=8) (actual time=19.426..365.167 rows=7303 loops=1)
                                                         Recheck Cond: (info_type_id = 5)
                                                         Filter: ((info)::text = ANY ('{Finland:K-18,"Hong Kong:IIB",UK:12}'::text[]))
                                                         Rows Removed by Filter: 479251
                                                         Heap Blocks: exact=19164
                                                         Buffers: shared hit=1979 read=17593
                                                         ->  Bitmap Index Scan on info_type_id_movie_info  (cost=0.00..4693.37 rows=439058 width=0) (actual time=16.820..16.820 rows=486554 loops=1)
                                                               Index Cond: (info_type_id = 5)
                                                               Buffers: shared read=408
                                                   ->  Index Scan using title_pkey on title t  (cost=0.43..8.45 rows=1 width=8) (actual time=0.036..0.036 rows=1 loops=7303)
                                                         Index Cond: (id = mi2.movie_id)
                                                         Filter: ((production_year <= 2015) AND (1925 < production_year))
                                                         Rows Removed by Filter: 0
                                                         Buffers: shared hit=20641 read=8571
                                             ->  Hash  (cost=1.10..1.10 rows=3 width=4) (actual time=0.016..0.017 rows=3 loops=1)
                                                   Buckets: 1024  Batches: 1  Memory Usage: 9kB
                                                   Buffers: shared hit=1
                                                   ->  Seq Scan on kind_type kt  (cost=0.00..1.10 rows=3 width=4) (actual time=0.007..0.008 rows=3 loops=1)
                                                         Filter: ((kind)::text = ANY ('{episode,movie,"video movie"}'::text[]))
                                                         Rows Removed by Filter: 4
                                                         Buffers: shared hit=1
                                       ->  Index Scan using movie_id_movie_info on movie_info mi1  (cost=0.43..42.25 rows=1 width=8) (actual time=0.203..0.204 rows=1 loops=6530)
                                             Index Cond: (movie_id = t.id)
                                             Filter: ((info_type_id = 3) AND ((info)::text = ANY ('{Action,Comedy,Horror}'::text[])))
                                             Rows Removed by Filter: 89
                                             Buffers: shared hit=67724 read=56401
                                 ->  Seq Scan on info_type it1  (cost=0.00..2.41 rows=1 width=4) (actual time=0.010..0.019 rows=1 loops=3929)
                                       Filter: (id = 3)
                                       Rows Removed by Filter: 112
                                       Buffers: shared hit=3929
                           ->  Seq Scan on info_type it2  (cost=0.00..2.41 rows=1 width=4) (actual time=0.009..0.017 rows=1 loops=3929)
                                 Filter: (id = 5)
                                 Rows Removed by Filter: 112
                                 Buffers: shared hit=3929
                     ->  Index Scan using movie_id_cast_info on cast_info ci  (cost=0.44..43.28 rows=38 width=12) (actual time=0.036..0.702 rows=74 loops=3929)
                           Index Cond: (movie_id = t.id)
                           Buffers: shared hit=214609 read=79783
               ->  Hash  (cost=1.15..1.15 rows=2 width=4) (actual time=0.031..0.032 rows=2 loops=1)
                     Buckets: 1024  Batches: 1  Memory Usage: 9kB
                     Buffers: shared hit=1
                     ->  Seq Scan on role_type rt  (cost=0.00..1.15 rows=2 width=4) (actual time=0.022..0.024 rows=2 loops=1)
                           Filter: ((role)::text = ANY ('{"miscellaneous crew",producer}'::text[]))
                           Rows Removed by Filter: 10
                           Buffers: shared hit=1
         ->  Index Scan using name_pkey on name n  (cost=0.43..2.32 rows=1 width=4) (actual time=0.034..0.034 rows=0 loops=113277)
               Index Cond: (id = ci.person_id)
               Filter: ((gender)::text = ANY ('{f,m}'::text[]))
               Rows Removed by Filter: 1
               Buffers: shared hit=414864 read=38244
 Planning:
   Buffers: shared hit=484 read=90
 Planning Time: 13.351 ms
 Execution Time: 8938.692 ms
(73 rows)

