                                                                                             QUERY PLAN                                                                                              
-----------------------------------------------------------------------------------------------------------------------------------------------------------------------------------------------------
 Aggregate  (cost=359773.95..359773.96 rows=1 width=8) (actual time=14183.591..14183.598 rows=1 loops=1)
   Buffers: shared hit=1265663 read=172830
   ->  Nested Loop  (cost=4696.42..359773.94 rows=1 width=0) (actual time=31.912..14155.341 rows=184804 loops=1)
         Buffers: shared hit=1265663 read=172830
         ->  Hash Join  (cost=4695.99..359769.31 rows=2 width=4) (actual time=31.853..7297.433 rows=193069 loops=1)
               Hash Cond: (ci.role_id = rt.id)
               Buffers: shared hit=515676 read=150541
               ->  Nested Loop  (cost=4694.82..359768.08 rows=14 width=8) (actual time=31.790..7192.176 rows=337149 loops=1)
                     Buffers: shared hit=515675 read=150541
                     ->  Nested Loop  (cost=4694.38..359723.53 rows=1 width=12) (actual time=31.747..3550.368 rows=9754 loops=1)
                           Buffers: shared hit=218686 read=86500
                           ->  Nested Loop  (cost=4694.38..359721.11 rows=1 width=16) (actual time=31.740..3329.446 rows=9754 loops=1)
                                 Buffers: shared hit=208932 read=86500
                                 ->  Nested Loop  (cost=4694.38..359718.68 rows=1 width=20) (actual time=31.720..3116.108 rows=9754 loops=1)
                                       Buffers: shared hit=199178 read=86500
                                       ->  Nested Loop  (cost=4693.94..359590.09 rows=3 width=12) (actual time=31.581..1186.408 rows=11649 loops=1)
                                             Buffers: shared hit=70919 read=29311
                                             ->  Nested Loop  (cost=4693.81..359589.17 rows=6 width=16) (actual time=21.947..975.142 rows=11701 loops=1)
                                                   Buffers: shared hit=47517 read=29311
                                                   ->  Bitmap Heap Scan on movie_info mi2  (cost=4693.38..359301.78 rows=34 width=8) (actual time=21.906..394.308 rows=14314 loops=1)
                                                         Recheck Cond: (info_type_id = 5)
                                                         Filter: ((info)::text = ANY ('{Sweden:Btl,USA:Passed,"West Germany:12"}'::text[]))
                                                         Rows Removed by Filter: 472240
                                                         Heap Blocks: exact=19164
                                                         Buffers: shared hit=1213 read=18359
                                                         ->  Bitmap Index Scan on info_type_id_movie_info  (cost=0.00..4693.37 rows=439058 width=0) (actual time=16.570..16.571 rows=486554 loops=1)
                                                               Index Cond: (info_type_id = 5)
                                                               Buffers: shared read=408
                                                   ->  Index Scan using title_pkey on title t  (cost=0.43..8.45 rows=1 width=8) (actual time=0.040..0.040 rows=1 loops=14314)
                                                         Index Cond: (id = mi2.movie_id)
                                                         Filter: ((production_year <= 1975) AND (1875 < production_year))
                                                         Rows Removed by Filter: 0
                                                         Buffers: shared hit=46304 read=10952
                                             ->  Index Scan using kind_type_pkey on kind_type kt  (cost=0.13..0.15 rows=1 width=4) (actual time=0.017..0.017 rows=1 loops=11701)
                                                   Index Cond: (id = t.kind_id)
                                                   Filter: ((kind)::text = ANY ('{episode,movie,"tv movie"}'::text[]))
                                                   Rows Removed by Filter: 0
                                                   Buffers: shared hit=23402
                                       ->  Index Scan using movie_id_movie_info on movie_info mi1  (cost=0.43..42.86 rows=1 width=8) (actual time=0.164..0.165 rows=1 loops=11649)
                                             Index Cond: (movie_id = t.id)
                                             Filter: ((info_type_id = 3) AND ((info)::text = ANY ('{Comedy,Drama,Short}'::text[])))
                                             Rows Removed by Filter: 33
                                             Buffers: shared hit=128259 read=57189
                                 ->  Seq Scan on info_type it1  (cost=0.00..2.41 rows=1 width=4) (actual time=0.010..0.020 rows=1 loops=9754)
                                       Filter: (id = 3)
                                       Rows Removed by Filter: 112
                                       Buffers: shared hit=9754
                           ->  Seq Scan on info_type it2  (cost=0.00..2.41 rows=1 width=4) (actual time=0.011..0.021 rows=1 loops=9754)
                                 Filter: (id = 5)
                                 Rows Removed by Filter: 112
                                 Buffers: shared hit=9754
                     ->  Index Scan using movie_id_cast_info on cast_info ci  (cost=0.44..44.17 rows=38 width=12) (actual time=0.037..0.363 rows=35 loops=9754)
                           Index Cond: (movie_id = t.id)
                           Buffers: shared hit=296989 read=64041
               ->  Hash  (cost=1.15..1.15 rows=2 width=4) (actual time=0.036..0.037 rows=2 loops=1)
                     Buckets: 1024  Batches: 1  Memory Usage: 9kB
                     Buffers: shared hit=1
                     ->  Seq Scan on role_type rt  (cost=0.00..1.15 rows=2 width=4) (actual time=0.024..0.027 rows=2 loops=1)
                           Filter: ((role)::text = ANY ('{actor,"miscellaneous crew"}'::text[]))
                           Rows Removed by Filter: 10
                           Buffers: shared hit=1
         ->  Index Scan using name_pkey on name n  (cost=0.43..2.32 rows=1 width=4) (actual time=0.035..0.035 rows=1 loops=193069)
               Index Cond: (id = ci.person_id)
               Filter: ((gender)::text = ANY ('{f,m}'::text[]))
               Rows Removed by Filter: 0
               Buffers: shared hit=749987 read=22289
 Planning:
   Buffers: shared hit=485 read=89
 Planning Time: 13.438 ms
 Execution Time: 14184.300 ms
(70 rows)

