                                                                                             QUERY PLAN                                                                                              
-----------------------------------------------------------------------------------------------------------------------------------------------------------------------------------------------------
 Aggregate  (cost=416580.25..416580.26 rows=1 width=8) (actual time=19719.315..19719.322 rows=1 loops=1)
   Buffers: shared hit=1795963 read=258409
   ->  Nested Loop  (cost=4697.66..416580.25 rows=1 width=0) (actual time=68.437..19718.190 rows=2750 loops=1)
         Buffers: shared hit=1795963 read=258409
         ->  Nested Loop  (cost=4697.66..416577.83 rows=1 width=4) (actual time=68.426..19657.599 rows=2750 loops=1)
               Buffers: shared hit=1793213 read=258409
               ->  Nested Loop  (cost=4697.66..416575.41 rows=1 width=8) (actual time=68.406..19595.185 rows=2750 loops=1)
                     Buffers: shared hit=1790463 read=258409
                     ->  Hash Join  (cost=4697.23..416570.77 rows=2 width=12) (actual time=38.803..19008.024 rows=16366 loops=1)
                           Hash Cond: (ci.role_id = rt.id)
                           Buffers: shared hit=1726742 read=256666
                           ->  Nested Loop  (cost=4696.07..416569.51 rows=29 width=16) (actual time=33.884..18787.044 rows=1265178 loops=1)
                                 Buffers: shared hit=1726741 read=256666
                                 ->  Nested Loop  (cost=4695.63..416480.76 rows=2 width=20) (actual time=33.847..6699.730 rows=24476 loops=1)
                                       Buffers: shared hit=551865 read=116495
                                       ->  Hash Join  (cost=4695.19..412329.63 rows=97 width=12) (actual time=33.614..2410.596 rows=23482 loops=1)
                                             Hash Cond: (t.kind_id = kt.id)
                                             Buffers: shared hit=200912 read=36201
                                             ->  Nested Loop  (cost=4694.06..412327.55 rows=225 width=16) (actual time=19.583..2397.366 rows=23897 loops=1)
                                                   Buffers: shared hit=200911 read=36201
                                                   ->  Bitmap Heap Scan on movie_info mi2  (cost=4693.63..403795.59 rows=1043 width=8) (actual time=19.257..499.708 rows=54385 loops=1)
                                                         Recheck Cond: (info_type_id = 5)
                                                         Filter: ((info)::text = ANY ('{Australia:M,Finland:K-16,Portugal:M/12,Sweden:15,USA:Approved,"West Germany:12"}'::text[]))
                                                         Rows Removed by Filter: 432169
                                                         Heap Blocks: exact=19164
                                                         Buffers: shared hit=3179 read=16393
                                                         ->  Bitmap Index Scan on info_type_id_movie_info  (cost=0.00..4693.37 rows=439058 width=0) (actual time=16.626..16.626 rows=486554 loops=1)
                                                               Index Cond: (info_type_id = 5)
                                                               Buffers: shared read=408
                                                   ->  Index Scan using title_pkey on title t  (cost=0.43..8.18 rows=1 width=8) (actual time=0.034..0.034 rows=0 loops=54385)
                                                         Index Cond: (id = mi2.movie_id)
                                                         Filter: ((production_year <= 1990) AND (1950 < production_year))
                                                         Rows Removed by Filter: 1
                                                         Buffers: shared hit=197732 read=19808
                                             ->  Hash  (cost=1.10..1.10 rows=3 width=4) (actual time=0.017..0.018 rows=3 loops=1)
                                                   Buckets: 1024  Batches: 1  Memory Usage: 9kB
                                                   Buffers: shared hit=1
                                                   ->  Seq Scan on kind_type kt  (cost=0.00..1.10 rows=3 width=4) (actual time=0.008..0.010 rows=3 loops=1)
                                                         Filter: ((kind)::text = ANY ('{episode,movie,"tv movie"}'::text[]))
                                                         Rows Removed by Filter: 4
                                                         Buffers: shared hit=1
                                       ->  Index Scan using movie_id_movie_info on movie_info mi1  (cost=0.43..42.79 rows=1 width=8) (actual time=0.181..0.182 rows=1 loops=23482)
                                             Index Cond: (movie_id = t.id)
                                             Filter: ((info_type_id = 3) AND ((info)::text = ANY ('{Action,Comedy,Drama,Thriller}'::text[])))
                                             Rows Removed by Filter: 62
                                             Buffers: shared hit=350953 read=80294
                                 ->  Index Scan using movie_id_cast_info on cast_info ci  (cost=0.44..43.99 rows=38 width=12) (actual time=0.035..0.479 rows=52 loops=24476)
                                       Index Cond: (movie_id = t.id)
                                       Buffers: shared hit=1174876 read=140171
                           ->  Hash  (cost=1.15..1.15 rows=1 width=4) (actual time=0.028..0.028 rows=1 loops=1)
                                 Buckets: 1024  Batches: 1  Memory Usage: 9kB
                                 Buffers: shared hit=1
                                 ->  Seq Scan on role_type rt  (cost=0.00..1.15 rows=1 width=4) (actual time=0.022..0.023 rows=1 loops=1)
                                       Filter: ((role)::text = 'costume designer'::text)
                                       Rows Removed by Filter: 11
                                       Buffers: shared hit=1
                     ->  Index Scan using name_pkey on name n  (cost=0.43..2.32 rows=1 width=4) (actual time=0.035..0.035 rows=0 loops=16366)
                           Index Cond: (id = ci.person_id)
                           Filter: ((gender)::text = 'm'::text)
                           Rows Removed by Filter: 1
                           Buffers: shared hit=63721 read=1743
               ->  Seq Scan on info_type it1  (cost=0.00..2.41 rows=1 width=4) (actual time=0.011..0.020 rows=1 loops=2750)
                     Filter: (id = 3)
                     Rows Removed by Filter: 112
                     Buffers: shared hit=2750
         ->  Seq Scan on info_type it2  (cost=0.00..2.41 rows=1 width=4) (actual time=0.011..0.020 rows=1 loops=2750)
               Filter: (id = 5)
               Rows Removed by Filter: 112
               Buffers: shared hit=2750
 Planning:
   Buffers: shared hit=506 read=68
 Planning Time: 12.562 ms
 Execution Time: 19719.924 ms
(73 rows)

