                                                                                                            QUERY PLAN                                                                                                             
-----------------------------------------------------------------------------------------------------------------------------------------------------------------------------------------------------------------------------------
 Aggregate  (cost=522224.11..522224.12 rows=1 width=8) (actual time=11363.191..11363.198 rows=1 loops=1)
   Buffers: shared hit=982230 read=192625
   ->  Nested Loop  (cost=4697.72..522224.10 rows=3 width=0) (actual time=107.826..11363.005 rows=331 loops=1)
         Buffers: shared hit=982230 read=192625
         ->  Seq Scan on info_type it2  (cost=0.00..2.41 rows=1 width=4) (actual time=0.035..0.046 rows=1 loops=1)
               Filter: (id = 5)
               Rows Removed by Filter: 112
               Buffers: shared hit=1
         ->  Nested Loop  (cost=4697.72..522221.66 rows=3 width=4) (actual time=107.789..11362.854 rows=331 loops=1)
               Buffers: shared hit=982229 read=192625
               ->  Seq Scan on info_type it1  (cost=0.00..2.41 rows=1 width=4) (actual time=0.007..0.020 rows=1 loops=1)
                     Filter: (id = 3)
                     Rows Removed by Filter: 112
                     Buffers: shared hit=1
               ->  Nested Loop  (cost=4697.72..522219.21 rows=3 width=8) (actual time=107.780..11362.718 rows=331 loops=1)
                     Buffers: shared hit=982228 read=192625
                     ->  Hash Join  (cost=4697.29..522193.70 rows=11 width=12) (actual time=28.300..11101.859 rows=7305 loops=1)
                           Hash Cond: (ci.role_id = rt.id)
                           Buffers: shared hit=954709 read=190924
                           ->  Nested Loop  (cost=4696.13..522192.08 rows=129 width=16) (actual time=20.970..11005.220 rows=625132 loops=1)
                                 Buffers: shared hit=954708 read=190924
                                 ->  Nested Loop  (cost=4695.69..521798.80 rows=9 width=20) (actual time=20.928..4945.827 rows=12928 loops=1)
                                       Buffers: shared hit=414061 read=94800
                                       ->  Hash Join  (cost=4695.26..503230.11 rows=437 width=12) (actual time=19.933..3341.845 rows=10755 loops=1)
                                             Hash Cond: (t.kind_id = kt.id)
                                             Buffers: shared hit=306119 read=42446
                                             ->  Nested Loop  (cost=4694.12..503224.68 rows=1019 width=16) (actual time=19.893..3322.789 rows=73265 loops=1)
                                                   Buffers: shared hit=306118 read=42446
                                                   ->  Bitmap Heap Scan on movie_info mi2  (cost=4693.69..492782.76 rows=1286 width=8) (actual time=19.843..591.745 rows=82248 loops=1)
                                                         Recheck Cond: (info_type_id = 5)
                                                         Filter: ((info)::text = ANY ('{Argentina:13,Australia:M,Australia:MA,Australia:PG,Germany:16,Germany:18,Iceland:12,Norway:15,Portugal:M/12,UK:18,UK:R18,USA:R}'::text[]))
                                                         Rows Removed by Filter: 404306
                                                         Heap Blocks: exact=19164
                                                         Buffers: shared hit=2723 read=16849
                                                         ->  Bitmap Index Scan on info_type_id_movie_info  (cost=0.00..4693.37 rows=439058 width=0) (actual time=16.340..16.340 rows=486554 loops=1)
                                                               Index Cond: (info_type_id = 5)
                                                               Buffers: shared read=408
                                                   ->  Index Scan using title_pkey on title t  (cost=0.43..8.12 rows=1 width=8) (actual time=0.033..0.033 rows=1 loops=82248)
                                                         Index Cond: (id = mi2.movie_id)
                                                         Filter: ((production_year <= 2015) AND (1975 < production_year))
                                                         Rows Removed by Filter: 0
                                                         Buffers: shared hit=303395 read=25597
                                             ->  Hash  (cost=1.10..1.10 rows=3 width=4) (actual time=0.015..0.016 rows=3 loops=1)
                                                   Buckets: 1024  Batches: 1  Memory Usage: 9kB
                                                   Buffers: shared hit=1
                                                   ->  Seq Scan on kind_type kt  (cost=0.00..1.10 rows=3 width=4) (actual time=0.007..0.008 rows=3 loops=1)
                                                         Filter: ((kind)::text = ANY ('{"tv movie","tv series","video game"}'::text[]))
                                                         Rows Removed by Filter: 4
                                                         Buffers: shared hit=1
                                       ->  Index Scan using movie_id_movie_info on movie_info mi1  (cost=0.43..42.48 rows=1 width=8) (actual time=0.146..0.148 rows=1 loops=10755)
                                             Index Cond: (movie_id = t.id)
                                             Filter: ((info_type_id = 3) AND ((info)::text = ANY ('{Action,Adult,Crime,Drama,Horror,Romance,Thriller}'::text[])))
                                             Rows Removed by Filter: 33
                                             Buffers: shared hit=107942 read=52354
                                 ->  Index Scan using movie_id_cast_info on cast_info ci  (cost=0.44..43.32 rows=38 width=12) (actual time=0.036..0.456 rows=48 loops=12928)
                                       Index Cond: (movie_id = t.id)
                                       Buffers: shared hit=540647 read=96124
                           ->  Hash  (cost=1.15..1.15 rows=1 width=4) (actual time=0.012..0.013 rows=1 loops=1)
                                 Buckets: 1024  Batches: 1  Memory Usage: 9kB
                                 Buffers: shared hit=1
                                 ->  Seq Scan on role_type rt  (cost=0.00..1.15 rows=1 width=4) (actual time=0.008..0.008 rows=1 loops=1)
                                       Filter: ((role)::text = 'production designer'::text)
                                       Rows Removed by Filter: 11
                                       Buffers: shared hit=1
                     ->  Index Scan using name_pkey on name n  (cost=0.43..2.32 rows=1 width=4) (actual time=0.035..0.035 rows=0 loops=7305)
                           Index Cond: (id = ci.person_id)
                           Filter: ((gender)::text = 'f'::text)
                           Rows Removed by Filter: 1
                           Buffers: shared hit=27519 read=1701
 Planning:
   Buffers: shared hit=484 read=90
 Planning Time: 12.635 ms
 Execution Time: 11363.832 ms
(73 rows)

