                                                                                                            QUERY PLAN                                                                                                             
-----------------------------------------------------------------------------------------------------------------------------------------------------------------------------------------------------------------------------------
 Aggregate  (cost=497024.00..497024.01 rows=1 width=8) (actual time=29079.715..29079.723 rows=1 loops=1)
   Buffers: shared hit=2720501 read=307864
   ->  Nested Loop  (cost=4697.79..497024.00 rows=2 width=0) (actual time=67.774..29075.672 rows=13180 loops=1)
         Buffers: shared hit=2720501 read=307864
         ->  Seq Scan on info_type it2  (cost=0.00..2.41 rows=1 width=4) (actual time=0.048..0.057 rows=1 loops=1)
               Filter: (id = 5)
               Rows Removed by Filter: 112
               Buffers: shared hit=1
         ->  Nested Loop  (cost=4697.79..497021.57 rows=2 width=4) (actual time=67.725..29072.411 rows=13180 loops=1)
               Buffers: shared hit=2720500 read=307864
               ->  Seq Scan on info_type it1  (cost=0.00..2.41 rows=1 width=4) (actual time=0.009..0.021 rows=1 loops=1)
                     Filter: (id = 3)
                     Rows Removed by Filter: 112
                     Buffers: shared hit=1
               ->  Nested Loop  (cost=4697.79..497019.13 rows=2 width=8) (actual time=67.712..29068.833 rows=13180 loops=1)
                     Buffers: shared hit=2720499 read=307864
                     ->  Hash Join  (cost=4697.36..497007.54 rows=5 width=12) (actual time=23.208..27566.866 rows=41379 loops=1)
                           Hash Cond: (ci.role_id = rt.id)
                           Buffers: shared hit=2561103 read=301744
                           ->  Nested Loop  (cost=4696.20..497006.17 rows=57 width=16) (actual time=22.786..27223.957 rows=1846361 loops=1)
                                 Buffers: shared hit=2561102 read=301744
                                 ->  Nested Loop  (cost=4695.76..496828.67 rows=4 width=20) (actual time=22.742..9354.243 rows=37395 loops=1)
                                       Buffers: shared hit=805173 read=134839
                                       ->  Hash Join  (cost=4695.33..490601.08 rows=145 width=12) (actual time=22.655..3515.162 rows=35183 loops=1)
                                             Hash Cond: (t.kind_id = kt.id)
                                             Buffers: shared hit=303326 read=44619
                                             ->  Nested Loop  (cost=4694.19..490598.53 rows=339 width=16) (actual time=20.220..3494.514 rows=36338 loops=1)
                                                   Buffers: shared hit=303325 read=44619
                                                   ->  Bitmap Heap Scan on movie_info mi2  (cost=4693.76..477951.65 rows=1571 width=8) (actual time=20.128..608.317 rows=82093 loops=1)
                                                         Recheck Cond: (info_type_id = 5)
                                                         Filter: ((info)::text = ANY ('{Australia:G,Australia:M,Belgium:KT,Finland:K-16,Finland:S,Singapore:PG,Sweden:15,UK:15,UK:A,"West Germany:16","West Germany:6"}'::text[]))
                                                         Rows Removed by Filter: 404461
                                                         Heap Blocks: exact=19164
                                                         Buffers: shared hit=2716 read=16856
                                                         ->  Bitmap Index Scan on info_type_id_movie_info  (cost=0.00..4693.37 rows=439058 width=0) (actual time=17.481..17.482 rows=486554 loops=1)
                                                               Index Cond: (info_type_id = 5)
                                                               Buffers: shared read=408
                                                   ->  Index Scan using title_pkey on title t  (cost=0.43..8.05 rows=1 width=8) (actual time=0.035..0.035 rows=0 loops=82093)
                                                         Index Cond: (id = mi2.movie_id)
                                                         Filter: ((production_year <= 1990) AND (1950 < production_year))
                                                         Rows Removed by Filter: 1
                                                         Buffers: shared hit=300609 read=27763
                                             ->  Hash  (cost=1.10..1.10 rows=3 width=4) (actual time=0.019..0.020 rows=3 loops=1)
                                                   Buckets: 1024  Batches: 1  Memory Usage: 9kB
                                                   Buffers: shared hit=1
                                                   ->  Seq Scan on kind_type kt  (cost=0.00..1.10 rows=3 width=4) (actual time=0.010..0.012 rows=3 loops=1)
                                                         Filter: ((kind)::text = ANY ('{episode,movie,"tv movie"}'::text[]))
                                                         Rows Removed by Filter: 4
                                                         Buffers: shared hit=1
                                       ->  Index Scan using movie_id_movie_info on movie_info mi1  (cost=0.43..42.94 rows=1 width=8) (actual time=0.164..0.165 rows=1 loops=35183)
                                             Index Cond: (movie_id = t.id)
                                             Filter: ((info_type_id = 3) AND ((info)::text = ANY ('{Comedy,Documentary,Drama,Horror,Romance,Thriller,War}'::text[])))
                                             Rows Removed by Filter: 54
                                             Buffers: shared hit=501847 read=90220
                                 ->  Index Scan using movie_id_cast_info on cast_info ci  (cost=0.44..43.99 rows=38 width=12) (actual time=0.035..0.464 rows=49 loops=37395)
                                       Index Cond: (movie_id = t.id)
                                       Buffers: shared hit=1755929 read=166905
                           ->  Hash  (cost=1.15..1.15 rows=1 width=4) (actual time=0.017..0.018 rows=1 loops=1)
                                 Buckets: 1024  Batches: 1  Memory Usage: 9kB
                                 Buffers: shared hit=1
                                 ->  Seq Scan on role_type rt  (cost=0.00..1.15 rows=1 width=4) (actual time=0.010..0.012 rows=1 loops=1)
                                       Filter: ((role)::text = 'editor'::text)
                                       Rows Removed by Filter: 11
                                       Buffers: shared hit=1
                     ->  Index Scan using name_pkey on name n  (cost=0.43..2.32 rows=1 width=4) (actual time=0.036..0.036 rows=0 loops=41379)
                           Index Cond: (id = ci.person_id)
                           Filter: ((gender)::text = 'm'::text)
                           Rows Removed by Filter: 1
                           Buffers: shared hit=159396 read=6120
 Planning:
   Buffers: shared hit=504 read=70
 Planning Time: 13.834 ms
 Execution Time: 29080.453 ms
(73 rows)

