                                                                                             QUERY PLAN                                                                                              
-----------------------------------------------------------------------------------------------------------------------------------------------------------------------------------------------------
 Aggregate  (cost=396400.63..396400.64 rows=1 width=8) (actual time=1822.044..1822.053 rows=1 loops=1)
   Buffers: shared hit=168050 read=19551
   ->  Nested Loop  (cost=4697.57..396400.63 rows=1 width=0) (actual time=378.299..1822.046 rows=1 loops=1)
         Buffers: shared hit=168050 read=19551
         ->  Hash Join  (cost=4697.14..396398.31 rows=1 width=4) (actual time=355.032..1821.918 rows=4 loops=1)
               Hash Cond: (ci.role_id = rt.id)
               Buffers: shared hit=168040 read=19545
               ->  Nested Loop  (cost=4695.98..396397.10 rows=14 width=8) (actual time=287.178..1821.824 rows=227 loops=1)
                     Buffers: shared hit=168039 read=19545
                     ->  Nested Loop  (cost=4695.54..396352.22 rows=1 width=12) (actual time=287.130..1819.387 rows=40 loops=1)
                           Buffers: shared hit=167827 read=19417
                           ->  Nested Loop  (cost=4695.54..396349.80 rows=1 width=16) (actual time=287.123..1818.893 rows=40 loops=1)
                                 Buffers: shared hit=167787 read=19417
                                 ->  Nested Loop  (cost=4695.54..396347.37 rows=1 width=20) (actual time=287.101..1817.619 rows=40 loops=1)
                                       Buffers: shared hit=167747 read=19417
                                       ->  Hash Join  (cost=4695.10..394576.65 rows=41 width=12) (actual time=286.923..1805.695 rows=60 loops=1)
                                             Hash Cond: (t.kind_id = kt.id)
                                             Buffers: shared hit=167079 read=19046
                                             ->  Nested Loop  (cost=4693.97..394575.11 rows=95 width=16) (actual time=33.264..1799.588 rows=29552 loops=1)
                                                   Buffers: shared hit=167078 read=19046
                                                   ->  Bitmap Heap Scan on movie_info mi2  (cost=4693.54..388964.31 rows=678 width=8) (actual time=20.232..403.889 rows=41638 loops=1)
                                                         Recheck Cond: (info_type_id = 5)
                                                         Filter: ((info)::text = ANY ('{Finland:K-16,UK:PG,UK:U,USA:Approved,USA:Passed}'::text[]))
                                                         Rows Removed by Filter: 444916
                                                         Heap Blocks: exact=19164
                                                         Buffers: shared hit=7724 read=11848
                                                         ->  Bitmap Index Scan on info_type_id_movie_info  (cost=0.00..4693.37 rows=439058 width=0) (actual time=17.245..17.245 rows=486554 loops=1)
                                                               Index Cond: (info_type_id = 5)
                                                               Buffers: shared read=408
                                                   ->  Index Scan using title_pkey on title t  (cost=0.43..8.28 rows=1 width=8) (actual time=0.033..0.033 rows=1 loops=41638)
                                                         Index Cond: (id = mi2.movie_id)
                                                         Filter: ((production_year <= 1975) AND (1925 < production_year))
                                                         Rows Removed by Filter: 0
                                                         Buffers: shared hit=159354 read=7198
                                             ->  Hash  (cost=1.10..1.10 rows=3 width=4) (actual time=0.016..0.016 rows=3 loops=1)
                                                   Buckets: 1024  Batches: 1  Memory Usage: 9kB
                                                   Buffers: shared hit=1
                                                   ->  Seq Scan on kind_type kt  (cost=0.00..1.10 rows=3 width=4) (actual time=0.010..0.012 rows=3 loops=1)
                                                         Filter: ((kind)::text = ANY ('{"tv series","video game","video movie"}'::text[]))
                                                         Rows Removed by Filter: 4
                                                         Buffers: shared hit=1
                                       ->  Index Scan using movie_id_movie_info on movie_info mi1  (cost=0.43..43.18 rows=1 width=8) (actual time=0.196..0.198 rows=1 loops=60)
                                             Index Cond: (movie_id = t.id)
                                             Filter: ((info_type_id = 3) AND ((info)::text = ANY ('{Adventure,Drama,Romance,Short,Western}'::text[])))
                                             Rows Removed by Filter: 112
                                             Buffers: shared hit=668 read=371
                                 ->  Seq Scan on info_type it1  (cost=0.00..2.41 rows=1 width=4) (actual time=0.024..0.030 rows=1 loops=40)
                                       Filter: (id = 3)
                                       Rows Removed by Filter: 112
                                       Buffers: shared hit=40
                           ->  Seq Scan on info_type it2  (cost=0.00..2.41 rows=1 width=4) (actual time=0.005..0.011 rows=1 loops=40)
                                 Filter: (id = 5)
                                 Rows Removed by Filter: 112
                                 Buffers: shared hit=40
                     ->  Index Scan using movie_id_cast_info on cast_info ci  (cost=0.44..44.50 rows=38 width=12) (actual time=0.023..0.059 rows=6 loops=40)
                           Index Cond: (movie_id = t.id)
                           Buffers: shared hit=212 read=128
               ->  Hash  (cost=1.15..1.15 rows=1 width=4) (actual time=0.030..0.030 rows=1 loops=1)
                     Buckets: 1024  Batches: 1  Memory Usage: 9kB
                     Buffers: shared hit=1
                     ->  Seq Scan on role_type rt  (cost=0.00..1.15 rows=1 width=4) (actual time=0.024..0.025 rows=1 loops=1)
                           Filter: ((role)::text = 'cinematographer'::text)
                           Rows Removed by Filter: 11
                           Buffers: shared hit=1
         ->  Index Scan using name_pkey on name n  (cost=0.43..2.32 rows=1 width=4) (actual time=0.030..0.030 rows=0 loops=4)
               Index Cond: (id = ci.person_id)
               Filter: ((gender)::text = 'm'::text)
               Rows Removed by Filter: 1
               Buffers: shared hit=10 read=6
 Planning:
   Buffers: shared hit=529 read=45
 Planning Time: 13.206 ms
 Execution Time: 1822.634 ms
(73 rows)

