                                                                                             QUERY PLAN                                                                                              
-----------------------------------------------------------------------------------------------------------------------------------------------------------------------------------------------------
 Aggregate  (cost=352981.10..352981.11 rows=1 width=8) (actual time=6451.551..6451.558 rows=1 loops=1)
   Buffers: shared hit=548365 read=94183
   ->  Nested Loop  (cost=4697.60..352981.10 rows=1 width=0) (actual time=2037.034..6451.540 rows=9 loops=1)
         Buffers: shared hit=548365 read=94183
         ->  Hash Join  (cost=4697.17..352976.46 rows=2 width=4) (actual time=47.828..6238.797 rows=5839 loops=1)
               Hash Cond: (ci.role_id = rt.id)
               Buffers: shared hit=526477 read=92715
               ->  Nested Loop  (cost=4696.00..352975.23 rows=14 width=8) (actual time=45.265..6195.856 rows=252592 loops=1)
                     Buffers: shared hit=526476 read=92715
                     ->  Nested Loop  (cost=4695.56..352930.36 rows=1 width=12) (actual time=45.211..3751.161 rows=5737 loops=1)
                           Buffers: shared hit=277651 read=75017
                           ->  Nested Loop  (cost=4695.56..352927.93 rows=1 width=16) (actual time=45.200..3619.817 rows=5737 loops=1)
                                 Buffers: shared hit=271914 read=75017
                                 ->  Nested Loop  (cost=4695.56..352925.51 rows=1 width=20) (actual time=45.174..3485.291 rows=5737 loops=1)
                                       Buffers: shared hit=266177 read=75017
                                       ->  Hash Join  (cost=4695.12..351460.59 rows=34 width=12) (actual time=44.991..1342.729 rows=13354 loops=1)
                                             Hash Cond: (t.kind_id = kt.id)
                                             Buffers: shared hit=89058 read=32915
                                             ->  Nested Loop  (cost=4694.01..351458.97 rows=119 width=16) (actual time=23.019..1335.794 rows=14098 loops=1)
                                                   Buffers: shared hit=89057 read=32915
                                                   ->  Bitmap Heap Scan on movie_info mi2  (cost=4693.58..344470.80 rows=849 width=8) (actual time=21.325..393.225 rows=25600 loops=1)
                                                         Recheck Cond: (info_type_id = 5)
                                                         Filter: ((info)::text = ANY ('{Argentina:Atp,USA:Approved}'::text[]))
                                                         Rows Removed by Filter: 460954
                                                         Heap Blocks: exact=19164
                                                         Buffers: shared hit=3159 read=16413
                                                         ->  Bitmap Index Scan on info_type_id_movie_info  (cost=0.00..4693.37 rows=439058 width=0) (actual time=17.024..17.024 rows=486554 loops=1)
                                                               Index Cond: (info_type_id = 5)
                                                               Buffers: shared read=408
                                                   ->  Index Scan using title_pkey on title t  (cost=0.43..8.23 rows=1 width=8) (actual time=0.036..0.036 rows=1 loops=25600)
                                                         Index Cond: (id = mi2.movie_id)
                                                         Filter: ((production_year <= 1975) AND (1925 < production_year))
                                                         Rows Removed by Filter: 0
                                                         Buffers: shared hit=85898 read=16502
                                             ->  Hash  (cost=1.09..1.09 rows=2 width=4) (actual time=0.022..0.023 rows=2 loops=1)
                                                   Buckets: 1024  Batches: 1  Memory Usage: 9kB
                                                   Buffers: shared hit=1
                                                   ->  Seq Scan on kind_type kt  (cost=0.00..1.09 rows=2 width=4) (actual time=0.014..0.015 rows=2 loops=1)
                                                         Filter: ((kind)::text = ANY ('{movie,"tv movie"}'::text[]))
                                                         Rows Removed by Filter: 5
                                                         Buffers: shared hit=1
                                       ->  Index Scan using movie_id_movie_info on movie_info mi1  (cost=0.43..43.08 rows=1 width=8) (actual time=0.159..0.160 rows=0 loops=13354)
                                             Index Cond: (movie_id = t.id)
                                             Filter: ((info_type_id = 3) AND ((info)::text = ANY ('{Documentary,Drama,War}'::text[])))
                                             Rows Removed by Filter: 35
                                             Buffers: shared hit=177119 read=42102
                                 ->  Seq Scan on info_type it1  (cost=0.00..2.41 rows=1 width=4) (actual time=0.012..0.022 rows=1 loops=5737)
                                       Filter: (id = 3)
                                       Rows Removed by Filter: 112
                                       Buffers: shared hit=5737
                           ->  Seq Scan on info_type it2  (cost=0.00..2.41 rows=1 width=4) (actual time=0.012..0.021 rows=1 loops=5737)
                                 Filter: (id = 5)
                                 Rows Removed by Filter: 112
                                 Buffers: shared hit=5737
                     ->  Index Scan using movie_id_cast_info on cast_info ci  (cost=0.44..44.50 rows=38 width=12) (actual time=0.035..0.414 rows=44 loops=5737)
                           Index Cond: (movie_id = t.id)
                           Buffers: shared hit=248825 read=17698
               ->  Hash  (cost=1.15..1.15 rows=2 width=4) (actual time=0.037..0.038 rows=2 loops=1)
                     Buckets: 1024  Batches: 1  Memory Usage: 9kB
                     Buffers: shared hit=1
                     ->  Seq Scan on role_type rt  (cost=0.00..1.15 rows=2 width=4) (actual time=0.028..0.030 rows=2 loops=1)
                           Filter: ((role)::text = ANY ('{composer,"production designer"}'::text[]))
                           Rows Removed by Filter: 10
                           Buffers: shared hit=1
         ->  Index Scan using name_pkey on name n  (cost=0.43..2.32 rows=1 width=4) (actual time=0.036..0.036 rows=0 loops=5839)
               Index Cond: (id = ci.person_id)
               Filter: ((gender)::text = 'f'::text)
               Rows Removed by Filter: 1
               Buffers: shared hit=21888 read=1468
 Planning:
   Buffers: shared hit=484 read=90
 Planning Time: 13.422 ms
 Execution Time: 6452.282 ms
(73 rows)

