                                                                                                       QUERY PLAN                                                                                                        
-------------------------------------------------------------------------------------------------------------------------------------------------------------------------------------------------------------------------
 Aggregate  (cost=495067.97..495067.98 rows=1 width=8) (actual time=89980.200..89980.209 rows=1 loops=1)
   Buffers: shared hit=8625905 read=786694
   ->  Nested Loop  (cost=4697.73..495067.93 rows=19 width=0) (actual time=30.047..89926.970 rows=254441 loops=1)
         Buffers: shared hit=8625905 read=786694
         ->  Hash Join  (cost=4697.30..495000.66 rows=29 width=4) (actual time=29.964..73005.424 rows=462691 loops=1)
               Hash Cond: (ci.role_id = rt.id)
               Buffers: shared hit=6848149 read=713686
               ->  Nested Loop  (cost=4696.12..494998.88 rows=172 width=8) (actual time=29.621..71805.226 rows=6000656 loops=1)
                     Buffers: shared hit=6848148 read=713686
                     ->  Nested Loop  (cost=4695.68..494474.96 rows=12 width=12) (actual time=29.580..15047.798 rows=77169 loops=1)
                           Buffers: shared hit=1296428 read=178917
                           ->  Seq Scan on info_type it2  (cost=0.00..2.41 rows=1 width=4) (actual time=0.030..0.041 rows=1 loops=1)
                                 Filter: (id = 5)
                                 Rows Removed by Filter: 112
                                 Buffers: shared hit=1
                           ->  Nested Loop  (cost=4695.68..494472.43 rows=12 width=16) (actual time=29.549..15026.701 rows=77169 loops=1)
                                 Buffers: shared hit=1296427 read=178917
                                 ->  Seq Scan on info_type it1  (cost=0.00..2.41 rows=1 width=4) (actual time=0.008..0.021 rows=1 loops=1)
                                       Filter: (id = 3)
                                       Rows Removed by Filter: 112
                                       Buffers: shared hit=1
                                 ->  Nested Loop  (cost=4695.68..494469.90 rows=12 width=20) (actual time=29.539..15005.148 rows=77169 loops=1)
                                       Buffers: shared hit=1296426 read=178917
                                       ->  Hash Join  (cost=4695.25..473279.59 rows=499 width=12) (actual time=20.759..3327.811 rows=64138 loops=1)
                                             Hash Cond: (t.kind_id = kt.id)
                                             Buffers: shared hit=274770 read=42383
                                             ->  Nested Loop  (cost=4694.11..473273.55 rows=1164 width=16) (actual time=20.622..3287.280 rows=73759 loops=1)
                                                   Buffers: shared hit=274769 read=42383
                                                   ->  Bitmap Heap Scan on movie_info mi2  (cost=4693.68..463120.38 rows=1249 width=8) (actual time=20.581..597.112 rows=74395 loops=1)
                                                         Recheck Cond: (info_type_id = 5)
                                                         Filter: ((info)::text = ANY ('{Australia:G,Australia:M,Australia:MA,Finland:K-15,Norway:15,Singapore:PG,Sweden:15,UK:15,USA:PG-13,"West Germany:16"}'::text[]))
                                                         Rows Removed by Filter: 412159
                                                         Heap Blocks: exact=19164
                                                         Buffers: shared hit=6654 read=12918
                                                         ->  Bitmap Index Scan on info_type_id_movie_info  (cost=0.00..4693.37 rows=439058 width=0) (actual time=17.971..17.971 rows=486554 loops=1)
                                                               Index Cond: (info_type_id = 5)
                                                               Buffers: shared read=408
                                                   ->  Index Scan using title_pkey on title t  (cost=0.43..8.13 rows=1 width=8) (actual time=0.035..0.035 rows=1 loops=74395)
                                                         Index Cond: (id = mi2.movie_id)
                                                         Filter: ((production_year <= 2015) AND (1925 < production_year))
                                                         Rows Removed by Filter: 0
                                                         Buffers: shared hit=268115 read=29465
                                             ->  Hash  (cost=1.10..1.10 rows=3 width=4) (actual time=0.015..0.017 rows=3 loops=1)
                                                   Buckets: 1024  Batches: 1  Memory Usage: 9kB
                                                   Buffers: shared hit=1
                                                   ->  Seq Scan on kind_type kt  (cost=0.00..1.10 rows=3 width=4) (actual time=0.007..0.009 rows=3 loops=1)
                                                         Filter: ((kind)::text = ANY ('{episode,movie,"video movie"}'::text[]))
                                                         Rows Removed by Filter: 4
                                                         Buffers: shared hit=1
                                       ->  Index Scan using movie_id_movie_info on movie_info mi1  (cost=0.43..42.46 rows=1 width=8) (actual time=0.180..0.181 rows=1 loops=64138)
                                             Index Cond: (movie_id = t.id)
                                             Filter: ((info_type_id = 3) AND ((info)::text = ANY ('{Action,Comedy,Drama,Horror,Mystery,Thriller,Western}'::text[])))
                                             Rows Removed by Filter: 76
                                             Buffers: shared hit=1021656 read=136534
                     ->  Index Scan using movie_id_cast_info on cast_info ci  (cost=0.44..43.28 rows=38 width=12) (actual time=0.037..0.714 rows=78 loops=77169)
                           Index Cond: (movie_id = t.id)
                           Buffers: shared hit=5551720 read=534769
               ->  Hash  (cost=1.15..1.15 rows=2 width=4) (actual time=0.036..0.037 rows=2 loops=1)
                     Buckets: 1024  Batches: 1  Memory Usage: 9kB
                     Buffers: shared hit=1
                     ->  Seq Scan on role_type rt  (cost=0.00..1.15 rows=2 width=4) (actual time=0.027..0.030 rows=2 loops=1)
                           Filter: ((role)::text = ANY ('{cinematographer,producer}'::text[]))
                           Rows Removed by Filter: 10
                           Buffers: shared hit=1
         ->  Index Scan using name_pkey on name n  (cost=0.43..2.32 rows=1 width=4) (actual time=0.036..0.036 rows=1 loops=462691)
               Index Cond: (id = ci.person_id)
               Filter: ((gender)::text = ANY ('{f,m}'::text[]))
               Rows Removed by Filter: 0
               Buffers: shared hit=1777756 read=73008
 Planning:
   Buffers: shared hit=520 read=54
 Planning Time: 14.008 ms
 Execution Time: 89980.879 ms
(73 rows)

