                                                                                             QUERY PLAN                                                                                              
-----------------------------------------------------------------------------------------------------------------------------------------------------------------------------------------------------
 Aggregate  (cost=414750.81..414750.82 rows=1 width=8) (actual time=15671.778..15671.795 rows=1 loops=1)
   Buffers: shared hit=1348467 read=283107
   ->  Nested Loop  (cost=4697.53..414750.80 rows=1 width=0) (actual time=40.083..15664.211 rows=39748 loops=1)
         Buffers: shared hit=1348467 read=283107
         ->  Hash Join  (cost=4697.10..414746.16 rows=2 width=4) (actual time=40.026..13431.986 rows=64646 loops=1)
               Hash Cond: (ci.role_id = rt.id)
               Buffers: shared hit=1106496 read=266494
               ->  Nested Loop  (cost=4695.93..414744.94 rows=14 width=8) (actual time=39.628..13284.126 rows=847007 loops=1)
                     Buffers: shared hit=1106495 read=266494
                     ->  Nested Loop  (cost=4695.49..414701.24 rows=1 width=12) (actual time=39.575..5570.805 rows=8724 loops=1)
                           Buffers: shared hit=389795 read=132988
                           ->  Nested Loop  (cost=4695.49..414698.82 rows=1 width=16) (actual time=39.568..5398.804 rows=8724 loops=1)
                                 Buffers: shared hit=381071 read=132988
                                 ->  Nested Loop  (cost=4695.49..414696.40 rows=1 width=20) (actual time=39.545..5215.555 rows=8724 loops=1)
                                       Buffers: shared hit=372347 read=132988
                                       ->  Hash Join  (cost=4695.05..407795.38 rows=163 width=12) (actual time=22.832..1425.392 rows=19229 loops=1)
                                             Hash Cond: (t.kind_id = kt.id)
                                             Buffers: shared hit=94408 read=34969
                                             ->  Nested Loop  (cost=4693.92..407792.65 rows=380 width=16) (actual time=22.205..1414.596 rows=22943 loops=1)
                                                   Buffers: shared hit=94407 read=34969
                                                   ->  Bitmap Heap Scan on movie_info mi2  (cost=4693.49..403795.45 rows=480 width=8) (actual time=22.158..467.944 rows=27451 loops=1)
                                                         Recheck Cond: (info_type_id = 5)
                                                         Filter: ((info)::text = ANY ('{Argentina:13,Australia:PG,Finland:K-15,Finland:K-18,Norway:15,Portugal:M/16}'::text[]))
                                                         Rows Removed by Filter: 459103
                                                         Heap Blocks: exact=19164
                                                         Buffers: shared hit=3896 read=15676
                                                         ->  Bitmap Index Scan on info_type_id_movie_info  (cost=0.00..4693.37 rows=439058 width=0) (actual time=19.562..19.563 rows=486554 loops=1)
                                                               Index Cond: (info_type_id = 5)
                                                               Buffers: shared read=408
                                                   ->  Index Scan using title_pkey on title t  (cost=0.43..8.33 rows=1 width=8) (actual time=0.034..0.034 rows=1 loops=27451)
                                                         Index Cond: (id = mi2.movie_id)
                                                         Filter: ((production_year <= 2015) AND (1975 < production_year))
                                                         Rows Removed by Filter: 0
                                                         Buffers: shared hit=90511 read=19293
                                             ->  Hash  (cost=1.10..1.10 rows=3 width=4) (actual time=0.017..0.018 rows=3 loops=1)
                                                   Buckets: 1024  Batches: 1  Memory Usage: 9kB
                                                   Buffers: shared hit=1
                                                   ->  Seq Scan on kind_type kt  (cost=0.00..1.10 rows=3 width=4) (actual time=0.011..0.013 rows=3 loops=1)
                                                         Filter: ((kind)::text = ANY ('{episode,movie,"video movie"}'::text[]))
                                                         Rows Removed by Filter: 4
                                                         Buffers: shared hit=1
                                       ->  Index Scan using movie_id_movie_info on movie_info mi1  (cost=0.43..42.33 rows=1 width=8) (actual time=0.196..0.196 rows=0 loops=19229)
                                             Index Cond: (movie_id = t.id)
                                             Filter: ((info_type_id = 3) AND ((info)::text = ANY ('{Action,Crime,Family,Horror}'::text[])))
                                             Rows Removed by Filter: 97
                                             Buffers: shared hit=277939 read=98019
                                 ->  Seq Scan on info_type it1  (cost=0.00..2.41 rows=1 width=4) (actual time=0.010..0.019 rows=1 loops=8724)
                                       Filter: (id = 3)
                                       Rows Removed by Filter: 112
                                       Buffers: shared hit=8724
                           ->  Seq Scan on info_type it2  (cost=0.00..2.41 rows=1 width=4) (actual time=0.009..0.018 rows=1 loops=8724)
                                 Filter: (id = 5)
                                 Rows Removed by Filter: 112
                                 Buffers: shared hit=8724
                     ->  Index Scan using movie_id_cast_info on cast_info ci  (cost=0.44..43.32 rows=38 width=12) (actual time=0.036..0.861 rows=97 loops=8724)
                           Index Cond: (movie_id = t.id)
                           Buffers: shared hit=716700 read=133506
               ->  Hash  (cost=1.15..1.15 rows=2 width=4) (actual time=0.043..0.054 rows=2 loops=1)
                     Buckets: 1024  Batches: 1  Memory Usage: 9kB
                     Buffers: shared hit=1
                     ->  Seq Scan on role_type rt  (cost=0.00..1.15 rows=2 width=4) (actual time=0.029..0.031 rows=2 loops=1)
                           Filter: ((role)::text = ANY ('{director,producer}'::text[]))
                           Rows Removed by Filter: 10
                           Buffers: shared hit=1
         ->  Index Scan using name_pkey on name n  (cost=0.43..2.32 rows=1 width=4) (actual time=0.034..0.034 rows=1 loops=64646)
               Index Cond: (id = ci.person_id)
               Filter: ((gender)::text = ANY ('{f,m}'::text[]))
               Rows Removed by Filter: 0
               Buffers: shared hit=241971 read=16613
 Planning:
   Buffers: shared hit=483 read=91
 Planning Time: 16.172 ms
 Execution Time: 15672.436 ms
(73 rows)

