                                                                                             QUERY PLAN                                                                                              
-----------------------------------------------------------------------------------------------------------------------------------------------------------------------------------------------------
 Aggregate  (cost=399043.75..399043.76 rows=1 width=8) (actual time=3081.132..3081.139 rows=1 loops=1)
   Buffers: shared hit=243336 read=78121
   ->  Nested Loop  (cost=4697.52..399043.75 rows=3 width=0) (actual time=19.920..3080.501 rows=2848 loops=1)
         Buffers: shared hit=243336 read=78121
         ->  Hash Join  (cost=4697.09..399032.15 rows=5 width=4) (actual time=19.874..2894.012 rows=5441 loops=1)
               Hash Cond: (ci.role_id = rt.id)
               Buffers: shared hit=225790 read=73903
               ->  Nested Loop  (cost=4695.92..399030.88 rows=29 width=8) (actual time=19.793..2878.977 rows=101627 loops=1)
                     Buffers: shared hit=225789 read=73903
                     ->  Nested Loop  (cost=4695.48..398943.48 rows=2 width=12) (actual time=19.756..1897.911 rows=1903 loops=1)
                           Buffers: shared hit=145197 read=49107
                           ->  Seq Scan on info_type it2  (cost=0.00..2.41 rows=1 width=4) (actual time=0.029..0.038 rows=1 loops=1)
                                 Filter: (id = 5)
                                 Rows Removed by Filter: 112
                                 Buffers: shared hit=1
                           ->  Nested Loop  (cost=4695.48..398941.05 rows=2 width=16) (actual time=19.726..1897.446 rows=1903 loops=1)
                                 Buffers: shared hit=145196 read=49107
                                 ->  Seq Scan on info_type it1  (cost=0.00..2.41 rows=1 width=4) (actual time=0.008..0.019 rows=1 loops=1)
                                       Filter: (id = 3)
                                       Rows Removed by Filter: 112
                                       Buffers: shared hit=1
                                 ->  Nested Loop  (cost=4695.48..398938.62 rows=2 width=20) (actual time=19.715..1896.977 rows=1903 loops=1)
                                       Buffers: shared hit=145195 read=49107
                                       ->  Hash Join  (cost=4695.04..392637.96 rows=149 width=12) (actual time=19.007..1536.736 rows=2138 loops=1)
                                             Hash Cond: (t.kind_id = kt.id)
                                             Buffers: shared hit=126743 read=33138
                                             ->  Nested Loop  (cost=4693.91..392635.36 rows=349 width=16) (actual time=18.968..1530.371 rows=31472 loops=1)
                                                   Buffers: shared hit=126742 read=33138
                                                   ->  Bitmap Heap Scan on movie_info mi2  (cost=4693.48..388964.26 rows=440 width=8) (actual time=18.926..411.826 rows=35077 loops=1)
                                                         Recheck Cond: (info_type_id = 5)
                                                         Filter: ((info)::text = ANY ('{Argentina:13,Iceland:16,Portugal:M/16,Spain:18,USA:R}'::text[]))
                                                         Rows Removed by Filter: 451477
                                                         Heap Blocks: exact=19164
                                                         Buffers: shared hit=1276 read=18296
                                                         ->  Bitmap Index Scan on info_type_id_movie_info  (cost=0.00..4693.37 rows=439058 width=0) (actual time=16.048..16.048 rows=486554 loops=1)
                                                               Index Cond: (info_type_id = 5)
                                                               Buffers: shared read=408
                                                   ->  Index Scan using title_pkey on title t  (cost=0.43..8.34 rows=1 width=8) (actual time=0.031..0.031 rows=1 loops=35077)
                                                         Index Cond: (id = mi2.movie_id)
                                                         Filter: ((production_year <= 2015) AND (1975 < production_year))
                                                         Rows Removed by Filter: 0
                                                         Buffers: shared hit=125466 read=14842
                                             ->  Hash  (cost=1.10..1.10 rows=3 width=4) (actual time=0.013..0.014 rows=3 loops=1)
                                                   Buckets: 1024  Batches: 1  Memory Usage: 9kB
                                                   Buffers: shared hit=1
                                                   ->  Seq Scan on kind_type kt  (cost=0.00..1.10 rows=3 width=4) (actual time=0.008..0.009 rows=3 loops=1)
                                                         Filter: ((kind)::text = ANY ('{"tv movie","tv series","video game"}'::text[]))
                                                         Rows Removed by Filter: 4
                                                         Buffers: shared hit=1
                                       ->  Index Scan using movie_id_movie_info on movie_info mi1  (cost=0.43..42.28 rows=1 width=8) (actual time=0.166..0.168 rows=1 loops=2138)
                                             Index Cond: (movie_id = t.id)
                                             Filter: ((info_type_id = 3) AND ((info)::text = ANY ('{Action,Drama,Horror}'::text[])))
                                             Rows Removed by Filter: 34
                                             Buffers: shared hit=18452 read=15969
                     ->  Index Scan using movie_id_cast_info on cast_info ci  (cost=0.44..43.32 rows=38 width=12) (actual time=0.032..0.504 rows=53 loops=1903)
                           Index Cond: (movie_id = t.id)
                           Buffers: shared hit=80592 read=24796
               ->  Hash  (cost=1.15..1.15 rows=2 width=4) (actual time=0.036..0.036 rows=2 loops=1)
                     Buckets: 1024  Batches: 1  Memory Usage: 9kB
                     Buffers: shared hit=1
                     ->  Seq Scan on role_type rt  (cost=0.00..1.15 rows=2 width=4) (actual time=0.027..0.029 rows=2 loops=1)
                           Filter: ((role)::text = ANY ('{"production designer",writer}'::text[]))
                           Rows Removed by Filter: 10
                           Buffers: shared hit=1
         ->  Index Scan using name_pkey on name n  (cost=0.43..2.32 rows=1 width=4) (actual time=0.034..0.034 rows=1 loops=5441)
               Index Cond: (id = ci.person_id)
               Filter: ((gender)::text = ANY ('{f,m}'::text[]))
               Rows Removed by Filter: 0
               Buffers: shared hit=17546 read=4218
 Planning:
   Buffers: shared hit=483 read=91
 Planning Time: 10.853 ms
 Execution Time: 3081.795 ms
(73 rows)

