                                                                                                                    QUERY PLAN                                                                                                                     
---------------------------------------------------------------------------------------------------------------------------------------------------------------------------------------------------------------------------------------------------
 Aggregate  (cost=465520.02..465520.03 rows=1 width=8) (actual time=4181.938..4181.945 rows=1 loops=1)
   Buffers: shared hit=374178 read=58354
   ->  Nested Loop  (cost=4697.43..465520.02 rows=1 width=0) (actual time=31.022..4181.100 rows=4026 loops=1)
         Buffers: shared hit=374178 read=58354
         ->  Hash Join  (cost=4697.00..465517.70 rows=1 width=4) (actual time=30.893..3784.318 rows=11203 loops=1)
               Hash Cond: (ci.role_id = rt.id)
               Buffers: shared hit=334845 read=52875
               ->  Nested Loop  (cost=4695.84..465516.49 rows=14 width=8) (actual time=21.088..3760.278 rows=149684 loops=1)
                     Buffers: shared hit=334844 read=52875
                     ->  Nested Loop  (cost=4695.40..465472.76 rows=1 width=12) (actual time=21.045..2360.549 rows=3310 loops=1)
                           Buffers: shared hit=203462 read=30802
                           ->  Nested Loop  (cost=4695.40..465470.33 rows=1 width=16) (actual time=21.040..2296.952 rows=3310 loops=1)
                                 Buffers: shared hit=200152 read=30802
                                 ->  Nested Loop  (cost=4695.40..465467.91 rows=1 width=20) (actual time=21.018..2234.122 rows=3310 loops=1)
                                       Buffers: shared hit=196842 read=30802
                                       ->  Hash Join  (cost=4694.96..464068.24 rows=33 width=12) (actual time=20.659..1828.488 rows=2654 loops=1)
                                             Hash Cond: (t.kind_id = kt.id)
                                             Buffers: shared hit=167930 read=19039
                                             ->  Nested Loop  (cost=4693.83..464066.78 rows=77 width=16) (actual time=20.609..1821.195 rows=32936 loops=1)
                                                   Buffers: shared hit=167929 read=19039
                                                   ->  Bitmap Heap Scan on movie_info mi2  (cost=4693.40..463120.10 rows=112 width=8) (actual time=20.568..511.446 rows=41849 loops=1)
                                                         Recheck Cond: (info_type_id = 5)
                                                         Filter: ((info)::text = ANY ('{Argentina:13,Germany:12,"Hong Kong:IIB",Italy:T,Philippines:R-18,Portugal:M/12,Singapore:NC-16,"South Korea:18",Switzerland:10,"USA:Not Rated"}'::text[]))
                                                         Rows Removed by Filter: 444705
                                                         Heap Blocks: exact=19164
                                                         Buffers: shared hit=4831 read=14741
                                                         ->  Bitmap Index Scan on info_type_id_movie_info  (cost=0.00..4693.37 rows=439058 width=0) (actual time=16.904..16.905 rows=486554 loops=1)
                                                               Index Cond: (info_type_id = 5)
                                                               Buffers: shared read=408
                                                   ->  Index Scan using title_pkey on title t  (cost=0.43..8.45 rows=1 width=8) (actual time=0.031..0.031 rows=1 loops=41849)
                                                         Index Cond: (id = mi2.movie_id)
                                                         Filter: ((production_year <= 2015) AND (1990 < production_year))
                                                         Rows Removed by Filter: 0
                                                         Buffers: shared hit=163098 read=4298
                                             ->  Hash  (cost=1.10..1.10 rows=3 width=4) (actual time=0.029..0.030 rows=3 loops=1)
                                                   Buckets: 1024  Batches: 1  Memory Usage: 9kB
                                                   Buffers: shared hit=1
                                                   ->  Seq Scan on kind_type kt  (cost=0.00..1.10 rows=3 width=4) (actual time=0.020..0.021 rows=3 loops=1)
                                                         Filter: ((kind)::text = ANY ('{"tv movie","tv series","video game"}'::text[]))
                                                         Rows Removed by Filter: 4
                                                         Buffers: shared hit=1
                                       ->  Index Scan using movie_id_movie_info on movie_info mi1  (cost=0.43..42.40 rows=1 width=8) (actual time=0.150..0.152 rows=1 loops=2654)
                                             Index Cond: (movie_id = t.id)
                                             Filter: ((info_type_id = 3) AND ((info)::text = ANY ('{Action,Comedy,Crime,Drama,Thriller}'::text[])))
                                             Rows Removed by Filter: 37
                                             Buffers: shared hit=28912 read=11763
                                 ->  Seq Scan on info_type it1  (cost=0.00..2.41 rows=1 width=4) (actual time=0.009..0.017 rows=1 loops=3310)
                                       Filter: (id = 3)
                                       Rows Removed by Filter: 112
                                       Buffers: shared hit=3310
                           ->  Seq Scan on info_type it2  (cost=0.00..2.41 rows=1 width=4) (actual time=0.010..0.018 rows=1 loops=3310)
                                 Filter: (id = 5)
                                 Rows Removed by Filter: 112
                                 Buffers: shared hit=3310
                     ->  Index Scan using movie_id_cast_info on cast_info ci  (cost=0.44..43.36 rows=38 width=12) (actual time=0.031..0.413 rows=45 loops=3310)
                           Index Cond: (movie_id = t.id)
                           Buffers: shared hit=131382 read=22073
               ->  Hash  (cost=1.15..1.15 rows=1 width=4) (actual time=0.029..0.029 rows=1 loops=1)
                     Buckets: 1024  Batches: 1  Memory Usage: 9kB
                     Buffers: shared hit=1
                     ->  Seq Scan on role_type rt  (cost=0.00..1.15 rows=1 width=4) (actual time=0.022..0.024 rows=1 loops=1)
                           Filter: ((role)::text = 'producer'::text)
                           Rows Removed by Filter: 11
                           Buffers: shared hit=1
         ->  Index Scan using name_pkey on name n  (cost=0.43..2.32 rows=1 width=4) (actual time=0.035..0.035 rows=0 loops=11203)
               Index Cond: (id = ci.person_id)
               Filter: ((gender)::text = 'm'::text)
               Rows Removed by Filter: 1
               Buffers: shared hit=39333 read=5479
 Planning:
   Buffers: shared hit=529 read=45
 Planning Time: 13.320 ms
 Execution Time: 4182.523 ms
(73 rows)

