                                                                                             QUERY PLAN                                                                                              
-----------------------------------------------------------------------------------------------------------------------------------------------------------------------------------------------------
 Aggregate  (cost=354413.43..354413.44 rows=1 width=8) (actual time=6406.926..6406.932 rows=1 loops=1)
   Buffers: shared hit=447298 read=206368
   ->  Nested Loop  (cost=4697.51..354413.43 rows=1 width=0) (actual time=44.852..6406.061 rows=2283 loops=1)
         Buffers: shared hit=447298 read=206368
         ->  Hash Join  (cost=4697.08..354411.11 rows=1 width=4) (actual time=37.358..6260.940 rows=4138 loops=1)
               Hash Cond: (ci.role_id = rt.id)
               Buffers: shared hit=434107 read=203007
               ->  Nested Loop  (cost=4695.92..354409.90 rows=14 width=8) (actual time=36.961..6219.531 rows=314910 loops=1)
                     Buffers: shared hit=434106 read=203007
                     ->  Nested Loop  (cost=4695.48..354366.20 rows=1 width=12) (actual time=36.919..3212.086 rows=4007 loops=1)
                           Buffers: shared hit=214517 read=103428
                           ->  Nested Loop  (cost=4695.48..354363.78 rows=1 width=16) (actual time=36.913..3142.361 rows=4007 loops=1)
                                 Buffers: shared hit=210510 read=103428
                                 ->  Nested Loop  (cost=4695.48..354361.36 rows=1 width=20) (actual time=36.895..3064.001 rows=4007 loops=1)
                                       Buffers: shared hit=206503 read=103428
                                       ->  Hash Join  (cost=4695.04..348110.57 rows=148 width=12) (actual time=21.716..823.204 rows=12035 loops=1)
                                             Hash Cond: (t.kind_id = kt.id)
                                             Buffers: shared hit=50019 read=28038
                                             ->  Nested Loop  (cost=4693.91..348107.99 rows=345 width=16) (actual time=19.612..817.693 rows=13660 loops=1)
                                                   Buffers: shared hit=50018 read=28038
                                                   ->  Bitmap Heap Scan on movie_info mi2  (cost=4693.48..344470.70 rows=436 width=8) (actual time=19.572..327.912 rows=14621 loops=1)
                                                         Recheck Cond: (info_type_id = 5)
                                                         Filter: ((info)::text = ANY ('{Netherlands:16,UK:15}'::text[]))
                                                         Rows Removed by Filter: 471933
                                                         Heap Blocks: exact=19164
                                                         Buffers: shared hit=3701 read=15871
                                                         ->  Bitmap Index Scan on info_type_id_movie_info  (cost=0.00..4693.37 rows=439058 width=0) (actual time=16.753..16.754 rows=486554 loops=1)
                                                               Index Cond: (info_type_id = 5)
                                                               Buffers: shared read=408
                                                   ->  Index Scan using title_pkey on title t  (cost=0.43..8.34 rows=1 width=8) (actual time=0.033..0.033 rows=1 loops=14621)
                                                         Index Cond: (id = mi2.movie_id)
                                                         Filter: ((production_year <= 2015) AND (1975 < production_year))
                                                         Rows Removed by Filter: 0
                                                         Buffers: shared hit=46317 read=12167
                                             ->  Hash  (cost=1.10..1.10 rows=3 width=4) (actual time=0.023..0.023 rows=3 loops=1)
                                                   Buckets: 1024  Batches: 1  Memory Usage: 9kB
                                                   Buffers: shared hit=1
                                                   ->  Seq Scan on kind_type kt  (cost=0.00..1.10 rows=3 width=4) (actual time=0.014..0.016 rows=3 loops=1)
                                                         Filter: ((kind)::text = ANY ('{episode,movie,"video movie"}'::text[]))
                                                         Rows Removed by Filter: 4
                                                         Buffers: shared hit=1
                                       ->  Index Scan using movie_id_movie_info on movie_info mi1  (cost=0.43..42.23 rows=1 width=8) (actual time=0.185..0.186 rows=0 loops=12035)
                                             Index Cond: (movie_id = t.id)
                                             Filter: (((info)::text = ANY ('{Crime,Horror}'::text[])) AND (info_type_id = 3))
                                             Rows Removed by Filter: 85
                                             Buffers: shared hit=156484 read=75390
                                 ->  Seq Scan on info_type it1  (cost=0.00..2.41 rows=1 width=4) (actual time=0.011..0.018 rows=1 loops=4007)
                                       Filter: (id = 3)
                                       Rows Removed by Filter: 112
                                       Buffers: shared hit=4007
                           ->  Seq Scan on info_type it2  (cost=0.00..2.41 rows=1 width=4) (actual time=0.009..0.016 rows=1 loops=4007)
                                 Filter: (id = 5)
                                 Rows Removed by Filter: 112
                                 Buffers: shared hit=4007
                     ->  Index Scan using movie_id_cast_info on cast_info ci  (cost=0.44..43.32 rows=38 width=12) (actual time=0.039..0.735 rows=79 loops=4007)
                           Index Cond: (movie_id = t.id)
                           Buffers: shared hit=219589 read=99579
               ->  Hash  (cost=1.15..1.15 rows=1 width=4) (actual time=0.033..0.033 rows=1 loops=1)
                     Buckets: 1024  Batches: 1  Memory Usage: 9kB
                     Buffers: shared hit=1
                     ->  Seq Scan on role_type rt  (cost=0.00..1.15 rows=1 width=4) (actual time=0.025..0.027 rows=1 loops=1)
                           Filter: ((role)::text = 'cinematographer'::text)
                           Rows Removed by Filter: 11
                           Buffers: shared hit=1
         ->  Index Scan using name_pkey on name n  (cost=0.43..2.32 rows=1 width=4) (actual time=0.034..0.034 rows=1 loops=4138)
               Index Cond: (id = ci.person_id)
               Filter: ((gender)::text = 'm'::text)
               Rows Removed by Filter: 0
               Buffers: shared hit=13191 read=3361
 Planning:
   Buffers: shared hit=520 read=54
 Planning Time: 13.465 ms
 Execution Time: 6407.557 ms
(73 rows)

