                                                                                             QUERY PLAN                                                                                              
-----------------------------------------------------------------------------------------------------------------------------------------------------------------------------------------------------
 Aggregate  (cost=344965.75..344965.76 rows=1 width=8) (actual time=4535.926..4535.932 rows=1 loops=1)
   Buffers: shared hit=296294 read=171272
   ->  Nested Loop  (cost=4697.42..344965.75 rows=1 width=0) (actual time=43.527..4534.966 rows=4600 loops=1)
         Buffers: shared hit=296294 read=171272
         ->  Hash Join  (cost=4696.99..344961.11 rows=2 width=4) (actual time=35.060..4178.894 rows=10367 loops=1)
               Hash Cond: (ci.role_id = rt.id)
               Buffers: shared hit=263497 read=162601
               ->  Nested Loop  (cost=4695.81..344959.89 rows=14 width=8) (actual time=34.734..4151.590 rows=202939 loops=1)
                     Buffers: shared hit=263496 read=162601
                     ->  Nested Loop  (cost=4695.37..344916.15 rows=1 width=12) (actual time=34.691..2152.420 rows=5098 loops=1)
                           Buffers: shared hit=136486 read=77117
                           ->  Nested Loop  (cost=4695.37..344913.73 rows=1 width=16) (actual time=34.683..2065.849 rows=5098 loops=1)
                                 Buffers: shared hit=131388 read=77117
                                 ->  Nested Loop  (cost=4695.37..344911.31 rows=1 width=20) (actual time=34.669..1973.648 rows=5098 loops=1)
                                       Buffers: shared hit=126290 read=77117
                                       ->  Hash Join  (cost=4694.94..344657.75 rows=6 width=12) (actual time=34.441..730.639 rows=8534 loops=1)
                                             Hash Cond: (t.kind_id = kt.id)
                                             Buffers: shared hit=41974 read=27723
                                             ->  Nested Loop  (cost=4693.81..344656.55 rows=15 width=16) (actual time=22.607..727.224 rows=9416 loops=1)
                                                   Buffers: shared hit=41973 read=27723
                                                   ->  Bitmap Heap Scan on movie_info mi2  (cost=4693.38..344470.60 rows=22 width=8) (actual time=22.561..328.281 rows=12531 loops=1)
                                                         Recheck Cond: (info_type_id = 5)
                                                         Filter: ((info)::text = ANY ('{Singapore:NC-16,"USA:Not Rated"}'::text[]))
                                                         Rows Removed by Filter: 474023
                                                         Heap Blocks: exact=19164
                                                         Buffers: shared hit=2323 read=17249
                                                         ->  Bitmap Index Scan on info_type_id_movie_info  (cost=0.00..4693.37 rows=439058 width=0) (actual time=18.198..18.199 rows=486554 loops=1)
                                                               Index Cond: (info_type_id = 5)
                                                               Buffers: shared read=408
                                                   ->  Index Scan using title_pkey on title t  (cost=0.43..8.45 rows=1 width=8) (actual time=0.031..0.031 rows=1 loops=12531)
                                                         Index Cond: (id = mi2.movie_id)
                                                         Filter: ((production_year <= 2015) AND (1990 < production_year))
                                                         Rows Removed by Filter: 0
                                                         Buffers: shared hit=39650 read=10474
                                             ->  Hash  (cost=1.10..1.10 rows=3 width=4) (actual time=0.019..0.019 rows=3 loops=1)
                                                   Buckets: 1024  Batches: 1  Memory Usage: 9kB
                                                   Buffers: shared hit=1
                                                   ->  Seq Scan on kind_type kt  (cost=0.00..1.10 rows=3 width=4) (actual time=0.008..0.010 rows=3 loops=1)
                                                         Filter: ((kind)::text = ANY ('{episode,movie,"video movie"}'::text[]))
                                                         Rows Removed by Filter: 4
                                                         Buffers: shared hit=1
                                       ->  Index Scan using movie_id_movie_info on movie_info mi1  (cost=0.43..42.25 rows=1 width=8) (actual time=0.145..0.145 rows=1 loops=8534)
                                             Index Cond: (movie_id = t.id)
                                             Filter: (((info)::text = ANY ('{Drama,Short}'::text[])) AND (info_type_id = 3))
                                             Rows Removed by Filter: 43
                                             Buffers: shared hit=84316 read=49394
                                 ->  Seq Scan on info_type it1  (cost=0.00..2.41 rows=1 width=4) (actual time=0.010..0.016 rows=1 loops=5098)
                                       Filter: (id = 3)
                                       Rows Removed by Filter: 112
                                       Buffers: shared hit=5098
                           ->  Seq Scan on info_type it2  (cost=0.00..2.41 rows=1 width=4) (actual time=0.009..0.016 rows=1 loops=5098)
                                 Filter: (id = 5)
                                 Rows Removed by Filter: 112
                                 Buffers: shared hit=5098
                     ->  Index Scan using movie_id_cast_info on cast_info ci  (cost=0.44..43.36 rows=38 width=12) (actual time=0.034..0.384 rows=40 loops=5098)
                           Index Cond: (movie_id = t.id)
                           Buffers: shared hit=127010 read=85484
               ->  Hash  (cost=1.15..1.15 rows=2 width=4) (actual time=0.035..0.036 rows=2 loops=1)
                     Buckets: 1024  Batches: 1  Memory Usage: 9kB
                     Buffers: shared hit=1
                     ->  Seq Scan on role_type rt  (cost=0.00..1.15 rows=2 width=4) (actual time=0.028..0.030 rows=2 loops=1)
                           Filter: ((role)::text = ANY ('{cinematographer,editor}'::text[]))
                           Rows Removed by Filter: 10
                           Buffers: shared hit=1
         ->  Index Scan using name_pkey on name n  (cost=0.43..2.32 rows=1 width=4) (actual time=0.034..0.034 rows=0 loops=10367)
               Index Cond: (id = ci.person_id)
               Filter: ((gender)::text = ANY ('{f,m}'::text[]))
               Rows Removed by Filter: 1
               Buffers: shared hit=32797 read=8671
 Planning:
   Buffers: shared hit=485 read=89
 Planning Time: 14.668 ms
 Execution Time: 4536.513 ms
(73 rows)

