                                                                                             QUERY PLAN                                                                                              
-----------------------------------------------------------------------------------------------------------------------------------------------------------------------------------------------------
 Aggregate  (cost=449111.36..449111.37 rows=1 width=8) (actual time=3362.253..3362.261 rows=1 loops=1)
   Buffers: shared hit=279076 read=70185
   ->  Nested Loop  (cost=4697.56..449111.33 rows=11 width=0) (actual time=22.366..3361.511 rows=3653 loops=1)
         Buffers: shared hit=279076 read=70185
         ->  Hash Join  (cost=4697.13..449071.90 rows=17 width=4) (actual time=20.651..3072.514 rows=8548 loops=1)
               Hash Cond: (ci.role_id = rt.id)
               Buffers: shared hit=250654 read=64415
               ->  Nested Loop  (cost=4695.96..449070.37 rows=100 width=8) (actual time=20.566..3054.960 rows=113107 loops=1)
                     Buffers: shared hit=250653 read=64415
                     ->  Nested Loop  (cost=4695.52..448764.76 rows=7 width=12) (actual time=20.526..1913.224 rows=3055 loops=1)
                           Buffers: shared hit=171092 read=24923
                           ->  Seq Scan on info_type it2  (cost=0.00..2.41 rows=1 width=4) (actual time=0.034..0.042 rows=1 loops=1)
                                 Filter: (id = 5)
                                 Rows Removed by Filter: 112
                                 Buffers: shared hit=1
                           ->  Nested Loop  (cost=4695.52..448762.27 rows=7 width=16) (actual time=20.491..1912.582 rows=3055 loops=1)
                                 Buffers: shared hit=171091 read=24923
                                 ->  Seq Scan on info_type it1  (cost=0.00..2.41 rows=1 width=4) (actual time=0.008..0.020 rows=1 loops=1)
                                       Filter: (id = 3)
                                       Rows Removed by Filter: 112
                                       Buffers: shared hit=1
                                 ->  Nested Loop  (cost=4695.52..448759.79 rows=7 width=20) (actual time=20.480..1911.865 rows=3055 loops=1)
                                       Buffers: shared hit=171090 read=24923
                                       ->  Hash Join  (cost=4695.09..438483.13 rows=242 width=12) (actual time=20.372..1517.140 rows=2541 loops=1)
                                             Hash Cond: (t.kind_id = kt.id)
                                             Buffers: shared hit=151706 read=6199
                                             ->  Nested Loop  (cost=4693.95..438479.61 rows=564 width=16) (actual time=20.329..1510.342 rows=34351 loops=1)
                                                   Buffers: shared hit=151705 read=6199
                                                   ->  Bitmap Heap Scan on movie_info mi2  (cost=4693.52..433457.85 rows=605 width=8) (actual time=20.270..414.369 rows=34583 loops=1)
                                                         Recheck Cond: (info_type_id = 5)
                                                         Filter: ((info)::text = ANY ('{Argentina:Atp,Australia:R,Germany:12,"Hong Kong:IIB",Malaysia:U,Norway:15,Spain:T,USA:PG-13}'::text[]))
                                                         Rows Removed by Filter: 451971
                                                         Heap Blocks: exact=19164
                                                         Buffers: shared hit=19089 read=483
                                                         ->  Bitmap Index Scan on info_type_id_movie_info  (cost=0.00..4693.37 rows=439058 width=0) (actual time=17.378..17.378 rows=486554 loops=1)
                                                               Index Cond: (info_type_id = 5)
                                                               Buffers: shared hit=408
                                                   ->  Index Scan using title_pkey on title t  (cost=0.43..8.30 rows=1 width=8) (actual time=0.031..0.031 rows=1 loops=34583)
                                                         Index Cond: (id = mi2.movie_id)
                                                         Filter: ((production_year <= 2015) AND (1925 < production_year))
                                                         Rows Removed by Filter: 0
                                                         Buffers: shared hit=132616 read=5716
                                             ->  Hash  (cost=1.10..1.10 rows=3 width=4) (actual time=0.014..0.015 rows=3 loops=1)
                                                   Buckets: 1024  Batches: 1  Memory Usage: 9kB
                                                   Buffers: shared hit=1
                                                   ->  Seq Scan on kind_type kt  (cost=0.00..1.10 rows=3 width=4) (actual time=0.008..0.010 rows=3 loops=1)
                                                         Filter: ((kind)::text = ANY ('{"tv movie","tv series","video game"}'::text[]))
                                                         Rows Removed by Filter: 4
                                                         Buffers: shared hit=1
                                       ->  Index Scan using movie_id_movie_info on movie_info mi1  (cost=0.43..42.46 rows=1 width=8) (actual time=0.152..0.155 rows=1 loops=2541)
                                             Index Cond: (movie_id = t.id)
                                             Filter: ((info_type_id = 3) AND ((info)::text = ANY ('{Action,Adventure,Comedy,Crime,Documentary,Drama,Horror}'::text[])))
                                             Rows Removed by Filter: 33
                                             Buffers: shared hit=19384 read=18724
                     ->  Index Scan using movie_id_cast_info on cast_info ci  (cost=0.44..43.28 rows=38 width=12) (actual time=0.035..0.365 rows=37 loops=3055)
                           Index Cond: (movie_id = t.id)
                           Buffers: shared hit=79561 read=39492
               ->  Hash  (cost=1.15..1.15 rows=2 width=4) (actual time=0.039..0.040 rows=2 loops=1)
                     Buckets: 1024  Batches: 1  Memory Usage: 9kB
                     Buffers: shared hit=1
                     ->  Seq Scan on role_type rt  (cost=0.00..1.15 rows=2 width=4) (actual time=0.028..0.030 rows=2 loops=1)
                           Filter: ((role)::text = ANY ('{editor,writer}'::text[]))
                           Rows Removed by Filter: 10
                           Buffers: shared hit=1
         ->  Index Scan using name_pkey on name n  (cost=0.43..2.32 rows=1 width=4) (actual time=0.033..0.033 rows=0 loops=8548)
               Index Cond: (id = ci.person_id)
               Filter: ((gender)::text = ANY ('{f,m}'::text[]))
               Rows Removed by Filter: 1
               Buffers: shared hit=28422 read=5770
 Planning:
   Buffers: shared hit=574
 Planning Time: 14.203 ms
 Execution Time: 3362.898 ms
(73 rows)

