                                                                                             QUERY PLAN                                                                                              
-----------------------------------------------------------------------------------------------------------------------------------------------------------------------------------------------------
 Aggregate  (cost=378076.95..378076.96 rows=1 width=8) (actual time=12182.614..12182.622 rows=1 loops=1)
   Buffers: shared hit=1084244 read=172172
   ->  Nested Loop  (cost=4697.50..378076.95 rows=1 width=0) (actual time=35.463..12180.254 rows=8940 loops=1)
         Buffers: shared hit=1084244 read=172172
         ->  Hash Join  (cost=4697.07..378072.31 rows=2 width=4) (actual time=35.415..11345.251 rows=23559 loops=1)
               Hash Cond: (ci.role_id = rt.id)
               Buffers: shared hit=993354 read=168826
               ->  Nested Loop  (cost=4695.90..378071.09 rows=14 width=8) (actual time=34.984..11240.052 rows=647268 loops=1)
                     Buffers: shared hit=993353 read=168826
                     ->  Nested Loop  (cost=4695.46..378026.21 rows=1 width=12) (actual time=34.944..5085.277 rows=15802 loops=1)
                           Buffers: shared hit=386360 read=92249
                           ->  Nested Loop  (cost=4695.46..378023.79 rows=1 width=16) (actual time=34.938..4762.353 rows=15802 loops=1)
                                 Buffers: shared hit=370558 read=92249
                                 ->  Nested Loop  (cost=4695.46..378021.36 rows=1 width=20) (actual time=34.920..4435.008 rows=15802 loops=1)
                                       Buffers: shared hit=354756 read=92249
                                       ->  Hash Join  (cost=4695.02..377115.48 rows=21 width=12) (actual time=34.801..1434.322 rows=18875 loops=1)
                                             Hash Cond: (t.kind_id = kt.id)
                                             Buffers: shared hit=114663 read=22342
                                             ->  Nested Loop  (cost=4693.89..377114.14 rows=50 width=16) (actual time=24.258..1424.782 rows=18946 loops=1)
                                                   Buffers: shared hit=114662 read=22342
                                                   ->  Bitmap Heap Scan on movie_info mi2  (cost=4693.46..374133.05 rows=356 width=8) (actual time=23.049..433.957 rows=29358 loops=1)
                                                         Recheck Cond: (info_type_id = 5)
                                                         Filter: ((info)::text = ANY ('{Sweden:Btl,USA:Approved,"USA:Not Rated","West Germany:12"}'::text[]))
                                                         Rows Removed by Filter: 457196
                                                         Heap Blocks: exact=19164
                                                         Buffers: shared hit=2280 read=17292
                                                         ->  Bitmap Index Scan on info_type_id_movie_info  (cost=0.00..4693.37 rows=439058 width=0) (actual time=19.055..19.055 rows=486554 loops=1)
                                                               Index Cond: (info_type_id = 5)
                                                               Buffers: shared read=408
                                                   ->  Index Scan using title_pkey on title t  (cost=0.43..8.37 rows=1 width=8) (actual time=0.033..0.033 rows=1 loops=29358)
                                                         Index Cond: (id = mi2.movie_id)
                                                         Filter: ((production_year <= 1975) AND (1925 < production_year))
                                                         Rows Removed by Filter: 0
                                                         Buffers: shared hit=112382 read=5050
                                             ->  Hash  (cost=1.10..1.10 rows=3 width=4) (actual time=0.020..0.021 rows=3 loops=1)
                                                   Buckets: 1024  Batches: 1  Memory Usage: 9kB
                                                   Buffers: shared hit=1
                                                   ->  Seq Scan on kind_type kt  (cost=0.00..1.10 rows=3 width=4) (actual time=0.009..0.011 rows=3 loops=1)
                                                         Filter: ((kind)::text = ANY ('{episode,movie,"tv movie"}'::text[]))
                                                         Rows Removed by Filter: 4
                                                         Buffers: shared hit=1
                                       ->  Index Scan using movie_id_movie_info on movie_info mi1  (cost=0.43..43.13 rows=1 width=8) (actual time=0.157..0.158 rows=1 loops=18875)
                                             Index Cond: (movie_id = t.id)
                                             Filter: ((info_type_id = 3) AND ((info)::text = ANY ('{Adventure,Comedy,Documentary,Drama}'::text[])))
                                             Rows Removed by Filter: 36
                                             Buffers: shared hit=240093 read=69907
                                 ->  Seq Scan on info_type it1  (cost=0.00..2.41 rows=1 width=4) (actual time=0.010..0.019 rows=1 loops=15802)
                                       Filter: (id = 3)
                                       Rows Removed by Filter: 112
                                       Buffers: shared hit=15802
                           ->  Seq Scan on info_type it2  (cost=0.00..2.41 rows=1 width=4) (actual time=0.010..0.019 rows=1 loops=15802)
                                 Filter: (id = 5)
                                 Rows Removed by Filter: 112
                                 Buffers: shared hit=15802
                     ->  Index Scan using movie_id_cast_info on cast_info ci  (cost=0.44..44.50 rows=38 width=12) (actual time=0.035..0.379 rows=41 loops=15802)
                           Index Cond: (movie_id = t.id)
                           Buffers: shared hit=606993 read=76577
               ->  Hash  (cost=1.15..1.15 rows=2 width=4) (actual time=0.034..0.035 rows=2 loops=1)
                     Buckets: 1024  Batches: 1  Memory Usage: 9kB
                     Buffers: shared hit=1
                     ->  Seq Scan on role_type rt  (cost=0.00..1.15 rows=2 width=4) (actual time=0.026..0.028 rows=2 loops=1)
                           Filter: ((role)::text = ANY ('{cinematographer,"costume designer"}'::text[]))
                           Rows Removed by Filter: 10
                           Buffers: shared hit=1
         ->  Index Scan using name_pkey on name n  (cost=0.43..2.32 rows=1 width=4) (actual time=0.035..0.035 rows=0 loops=23559)
               Index Cond: (id = ci.person_id)
               Filter: ((gender)::text = ANY ('{f,m}'::text[]))
               Rows Removed by Filter: 1
               Buffers: shared hit=90890 read=3346
 Planning:
   Buffers: shared hit=529 read=45
 Planning Time: 14.771 ms
 Execution Time: 12183.288 ms
(73 rows)

