                                                                                                                         QUERY PLAN                                                                                                                         
------------------------------------------------------------------------------------------------------------------------------------------------------------------------------------------------------------------------------------------------------------
 Aggregate  (cost=509678.25..509678.26 rows=1 width=8) (actual time=4633.908..4633.915 rows=1 loops=1)
   Buffers: shared hit=393371 read=84931
   ->  Nested Loop  (cost=4697.60..509678.23 rows=6 width=0) (actual time=21.299..4633.671 rows=651 loops=1)
         Buffers: shared hit=393371 read=84931
         ->  Seq Scan on info_type it2  (cost=0.00..2.41 rows=1 width=4) (actual time=0.049..0.059 rows=1 loops=1)
               Filter: (id = 5)
               Rows Removed by Filter: 112
               Buffers: shared hit=1
         ->  Nested Loop  (cost=4697.60..509675.76 rows=6 width=4) (actual time=21.247..4633.453 rows=651 loops=1)
               Buffers: shared hit=393370 read=84931
               ->  Seq Scan on info_type it1  (cost=0.00..2.41 rows=1 width=4) (actual time=0.012..0.024 rows=1 loops=1)
                     Filter: (id = 3)
                     Rows Removed by Filter: 112
                     Buffers: shared hit=1
               ->  Nested Loop  (cost=4697.60..509673.29 rows=6 width=8) (actual time=21.232..4633.246 rows=651 loops=1)
                     Buffers: shared hit=393369 read=84931
                     ->  Hash Join  (cost=4697.17..509617.62 rows=24 width=12) (actual time=19.670..4270.219 rows=10369 loops=1)
                           Hash Cond: (ci.role_id = rt.id)
                           Buffers: shared hit=358464 read=78360
                           ->  Nested Loop  (cost=4695.99..509615.93 rows=143 width=16) (actual time=19.317..4246.792 rows=134450 loops=1)
                                 Buffers: shared hit=358463 read=78360
                                 ->  Nested Loop  (cost=4695.55..509179.34 rows=10 width=20) (actual time=19.275..2856.219 rows=4670 loops=1)
                                       Buffers: shared hit=260294 read=34404
                                       ->  Hash Join  (cost=4695.10..498172.42 rows=260 width=12) (actual time=18.820..2268.204 rows=4511 loops=1)
                                             Hash Cond: (t.kind_id = kt.id)
                                             Buffers: shared hit=226029 read=10832
                                             ->  Nested Loop  (cost=4693.96..498168.73 rows=606 width=16) (actual time=18.776..2257.250 rows=53152 loops=1)
                                                   Buffers: shared hit=226028 read=10832
                                                   ->  Bitmap Heap Scan on movie_info mi2  (cost=4693.53..492782.60 rows=650 width=8) (actual time=18.681..491.257 rows=54322 loops=1)
                                                         Recheck Cond: (info_type_id = 5)
                                                         Filter: ((info)::text = ANY ('{Argentina:Atp,Belgium:KT,Canada:18A,Finland:K-18,Finland:S,Germany:18,Netherlands:AL,Portugal:M/12,Spain:13,Switzerland:16,USA:Passed,"West Germany:16"}'::text[]))
                                                         Rows Removed by Filter: 432232
                                                         Heap Blocks: exact=19164
                                                         Buffers: shared hit=18630 read=942
                                                         ->  Bitmap Index Scan on info_type_id_movie_info  (cost=0.00..4693.37 rows=439058 width=0) (actual time=15.920..15.920 rows=486554 loops=1)
                                                               Index Cond: (info_type_id = 5)
                                                               Buffers: shared hit=408
                                                   ->  Index Scan using title_pkey on title t  (cost=0.43..8.29 rows=1 width=8) (actual time=0.032..0.032 rows=1 loops=54322)
                                                         Index Cond: (id = mi2.movie_id)
                                                         Filter: ((production_year <= 2015) AND (1925 < production_year))
                                                         Rows Removed by Filter: 0
                                                         Buffers: shared hit=207398 read=9890
                                             ->  Hash  (cost=1.10..1.10 rows=3 width=4) (actual time=0.019..0.020 rows=3 loops=1)
                                                   Buckets: 1024  Batches: 1  Memory Usage: 9kB
                                                   Buffers: shared hit=1
                                                   ->  Seq Scan on kind_type kt  (cost=0.00..1.10 rows=3 width=4) (actual time=0.010..0.012 rows=3 loops=1)
                                                         Filter: ((kind)::text = ANY ('{"tv movie","tv series","video game"}'::text[]))
                                                         Rows Removed by Filter: 4
                                                         Buffers: shared hit=1
                                       ->  Index Scan using movie_id_movie_info on movie_info mi1  (cost=0.46..42.32 rows=1 width=8) (actual time=0.127..0.130 rows=1 loops=4511)
                                             Index Cond: (movie_id = t.id)
                                             Filter: ((info_type_id = 3) AND ((info)::text = ANY ('{Action,Comedy,Crime,Drama,Fantasy,Music,Musical,Romance,Short}'::text[])))
                                             Rows Removed by Filter: 23
                                             Buffers: shared hit=34265 read=23572
                                 ->  Index Scan using movie_id_cast_info on cast_info ci  (cost=0.44..43.28 rows=38 width=12) (actual time=0.036..0.290 rows=29 loops=4670)
                                       Index Cond: (movie_id = t.id)
                                       Buffers: shared hit=98169 read=43956
                           ->  Hash  (cost=1.15..1.15 rows=2 width=4) (actual time=0.021..0.022 rows=2 loops=1)
                                 Buckets: 1024  Batches: 1  Memory Usage: 9kB
                                 Buffers: shared hit=1
                                 ->  Seq Scan on role_type rt  (cost=0.00..1.15 rows=2 width=4) (actual time=0.012..0.015 rows=2 loops=1)
                                       Filter: ((role)::text = ANY ('{cinematographer,writer}'::text[]))
                                       Rows Removed by Filter: 10
                                       Buffers: shared hit=1
                     ->  Index Scan using name_pkey on name n  (cost=0.43..2.32 rows=1 width=4) (actual time=0.035..0.035 rows=0 loops=10369)
                           Index Cond: (id = ci.person_id)
                           Filter: ((gender)::text = 'f'::text)
                           Rows Removed by Filter: 1
                           Buffers: shared hit=34905 read=6571
 Planning:
   Buffers: shared hit=576 read=1
 Planning Time: 12.758 ms
 Execution Time: 4634.585 ms
(73 rows)

