                                                                                             QUERY PLAN                                                                                              
-----------------------------------------------------------------------------------------------------------------------------------------------------------------------------------------------------
 Aggregate  (cost=384580.47..384580.48 rows=1 width=8) (actual time=11717.409..11717.415 rows=1 loops=1)
   Buffers: shared hit=882098 read=300985
   ->  Nested Loop  (cost=4697.57..384580.46 rows=1 width=0) (actual time=62.944..11716.566 rows=1672 loops=1)
         Buffers: shared hit=882098 read=300985
         ->  Hash Join  (cost=4697.14..384578.15 rows=1 width=4) (actual time=54.823..11510.330 rows=5636 loops=1)
               Hash Cond: (ci.role_id = rt.id)
               Buffers: shared hit=861556 read=298983
               ->  Nested Loop  (cost=4695.97..384576.93 rows=14 width=8) (actual time=54.362..11421.749 rows=582614 loops=1)
                     Buffers: shared hit=861555 read=298983
                     ->  Nested Loop  (cost=4695.53..384533.24 rows=1 width=12) (actual time=54.301..5749.157 rows=8020 loops=1)
                           Buffers: shared hit=430013 read=139713
                           ->  Nested Loop  (cost=4695.53..384530.81 rows=1 width=16) (actual time=54.291..5591.315 rows=8020 loops=1)
                                 Buffers: shared hit=421993 read=139713
                                 ->  Nested Loop  (cost=4695.53..384528.39 rows=1 width=20) (actual time=54.261..5425.135 rows=8020 loops=1)
                                       Buffers: shared hit=413973 read=139713
                                       ->  Hash Join  (cost=4695.10..380718.01 rows=90 width=12) (actual time=53.989..1952.098 rows=18614 loops=1)
                                             Hash Cond: (t.kind_id = kt.id)
                                             Buffers: shared hit=154791 read=43038
                                             ->  Nested Loop  (cost=4694.00..380714.25 rows=632 width=16) (actual time=21.054..1939.195 rows=36939 loops=1)
                                                   Buffers: shared hit=154790 read=43038
                                                   ->  Bitmap Heap Scan on movie_info mi2  (cost=4693.57..374133.16 rows=798 width=8) (actual time=20.973..411.418 rows=44564 loops=1)
                                                         Recheck Cond: (info_type_id = 5)
                                                         Filter: ((info)::text = ANY ('{Australia:G,Netherlands:12,USA:R,USA:Unrated}'::text[]))
                                                         Rows Removed by Filter: 441990
                                                         Heap Blocks: exact=19164
                                                         Buffers: shared hit=3113 read=16459
                                                         ->  Bitmap Index Scan on info_type_id_movie_info  (cost=0.00..4693.37 rows=439058 width=0) (actual time=18.297..18.298 rows=486554 loops=1)
                                                               Index Cond: (info_type_id = 5)
                                                               Buffers: shared read=408
                                                   ->  Index Scan using title_pkey on title t  (cost=0.43..8.25 rows=1 width=8) (actual time=0.034..0.034 rows=1 loops=44564)
                                                         Index Cond: (id = mi2.movie_id)
                                                         Filter: ((production_year <= 2015) AND (1975 < production_year))
                                                         Rows Removed by Filter: 0
                                                         Buffers: shared hit=151677 read=26579
                                             ->  Hash  (cost=1.09..1.09 rows=1 width=4) (actual time=0.016..0.016 rows=1 loops=1)
                                                   Buckets: 1024  Batches: 1  Memory Usage: 9kB
                                                   Buffers: shared hit=1
                                                   ->  Seq Scan on kind_type kt  (cost=0.00..1.09 rows=1 width=4) (actual time=0.008..0.009 rows=1 loops=1)
                                                         Filter: ((kind)::text = 'movie'::text)
                                                         Rows Removed by Filter: 6
                                                         Buffers: shared hit=1
                                       ->  Index Scan using movie_id_movie_info on movie_info mi1  (cost=0.43..42.33 rows=1 width=8) (actual time=0.186..0.186 rows=0 loops=18614)
                                             Index Cond: (movie_id = t.id)
                                             Filter: ((info_type_id = 3) AND ((info)::text = ANY ('{Animation,Documentary,Sci-Fi,Thriller}'::text[])))
                                             Rows Removed by Filter: 77
                                             Buffers: shared hit=259182 read=96675
                                 ->  Seq Scan on info_type it1  (cost=0.00..2.41 rows=1 width=4) (actual time=0.010..0.019 rows=1 loops=8020)
                                       Filter: (id = 3)
                                       Rows Removed by Filter: 112
                                       Buffers: shared hit=8020
                           ->  Seq Scan on info_type it2  (cost=0.00..2.41 rows=1 width=4) (actual time=0.009..0.018 rows=1 loops=8020)
                                 Filter: (id = 5)
                                 Rows Removed by Filter: 112
                                 Buffers: shared hit=8020
                     ->  Index Scan using movie_id_cast_info on cast_info ci  (cost=0.44..43.32 rows=38 width=12) (actual time=0.035..0.691 rows=73 loops=8020)
                           Index Cond: (movie_id = t.id)
                           Buffers: shared hit=431542 read=159270
               ->  Hash  (cost=1.15..1.15 rows=1 width=4) (actual time=0.033..0.034 rows=1 loops=1)
                     Buckets: 1024  Batches: 1  Memory Usage: 9kB
                     Buffers: shared hit=1
                     ->  Seq Scan on role_type rt  (cost=0.00..1.15 rows=1 width=4) (actual time=0.026..0.027 rows=1 loops=1)
                           Filter: ((role)::text = 'costume designer'::text)
                           Rows Removed by Filter: 11
                           Buffers: shared hit=1
         ->  Index Scan using name_pkey on name n  (cost=0.43..2.32 rows=1 width=4) (actual time=0.036..0.036 rows=0 loops=5636)
               Index Cond: (id = ci.person_id)
               Filter: ((gender)::text = 'f'::text)
               Rows Removed by Filter: 1
               Buffers: shared hit=20542 read=2002
 Planning:
   Buffers: shared hit=484 read=90
 Planning Time: 14.636 ms
 Execution Time: 11718.033 ms
(73 rows)

