                                                                                                      QUERY PLAN                                                                                                       
-----------------------------------------------------------------------------------------------------------------------------------------------------------------------------------------------------------------------
 Aggregate  (cost=484455.82..484455.83 rows=1 width=8) (actual time=30850.966..30850.974 rows=1 loops=1)
   Buffers: shared hit=2887856 read=320511
   ->  Nested Loop  (cost=4697.88..484455.82 rows=1 width=0) (actual time=77.664..30849.984 rows=2247 loops=1)
         Buffers: shared hit=2887856 read=320511
         ->  Nested Loop  (cost=4697.88..484453.40 rows=1 width=4) (actual time=77.654..30802.784 rows=2247 loops=1)
               Buffers: shared hit=2885609 read=320511
               ->  Nested Loop  (cost=4697.88..484450.97 rows=1 width=8) (actual time=77.629..30747.566 rows=2247 loops=1)
                     Buffers: shared hit=2883362 read=320511
                     ->  Hash Join  (cost=4697.45..484437.06 rows=6 width=12) (actual time=49.672..29088.710 rows=46141 loops=1)
                           Hash Cond: (ci.role_id = rt.id)
                           Buffers: shared hit=2705301 read=314008
                           ->  Nested Loop  (cost=4696.28..484435.64 rows=72 width=16) (actual time=49.317..28716.423 rows=2027220 loops=1)
                                 Buffers: shared hit=2705300 read=314008
                                 ->  Nested Loop  (cost=4695.84..484213.77 rows=5 width=20) (actual time=49.268..9187.510 rows=40902 loops=1)
                                       Buffers: shared hit=775705 read=132739
                                       ->  Hash Join  (cost=4695.41..478931.05 rows=123 width=12) (actual time=48.948..3707.826 rows=30277 loops=1)
                                             Hash Cond: (t.kind_id = kt.id)
                                             Buffers: shared hit=321689 read=43032
                                             ->  Nested Loop  (cost=4694.30..478928.14 rows=429 width=16) (actual time=20.953..3690.268 rows=32973 loops=1)
                                                   Buffers: shared hit=321688 read=43032
                                                   ->  Bitmap Heap Scan on movie_info mi2  (cost=4693.87..463120.57 rows=1988 width=8) (actual time=20.630..591.201 rows=86287 loops=1)
                                                         Recheck Cond: (info_type_id = 5)
                                                         Filter: ((info)::text = ANY ('{Argentina:Atp,Australia:M,Finland:K-16,Finland:S,Iceland:12,Iceland:16,USA:Approved,USA:PG,USA:R,"West Germany:18"}'::text[]))
                                                         Rows Removed by Filter: 400267
                                                         Heap Blocks: exact=19164
                                                         Buffers: shared hit=3342 read=16230
                                                         ->  Bitmap Index Scan on info_type_id_movie_info  (cost=0.00..4693.37 rows=439058 width=0) (actual time=17.976..17.976 rows=486554 loops=1)
                                                               Index Cond: (info_type_id = 5)
                                                               Buffers: shared read=408
                                                   ->  Index Scan using title_pkey on title t  (cost=0.43..7.95 rows=1 width=8) (actual time=0.035..0.035 rows=0 loops=86287)
                                                         Index Cond: (id = mi2.movie_id)
                                                         Filter: ((production_year <= 1990) AND (1950 < production_year))
                                                         Rows Removed by Filter: 1
                                                         Buffers: shared hit=318346 read=26802
                                             ->  Hash  (cost=1.09..1.09 rows=2 width=4) (actual time=0.019..0.020 rows=2 loops=1)
                                                   Buckets: 1024  Batches: 1  Memory Usage: 9kB
                                                   Buffers: shared hit=1
                                                   ->  Seq Scan on kind_type kt  (cost=0.00..1.09 rows=2 width=4) (actual time=0.010..0.012 rows=2 loops=1)
                                                         Filter: ((kind)::text = ANY ('{movie,"tv movie"}'::text[]))
                                                         Rows Removed by Filter: 5
                                                         Buffers: shared hit=1
                                       ->  Index Scan using movie_id_movie_info on movie_info mi1  (cost=0.43..42.94 rows=1 width=8) (actual time=0.179..0.180 rows=1 loops=30277)
                                             Index Cond: (movie_id = t.id)
                                             Filter: ((info_type_id = 3) AND ((info)::text = ANY ('{Adventure,Comedy,Crime,Drama,Romance,Short,Thriller}'::text[])))
                                             Rows Removed by Filter: 57
                                             Buffers: shared hit=454016 read=89707
                                 ->  Index Scan using movie_id_cast_info on cast_info ci  (cost=0.44..43.99 rows=38 width=12) (actual time=0.035..0.463 rows=50 loops=40902)
                                       Index Cond: (movie_id = t.id)
                                       Buffers: shared hit=1929595 read=181269
                           ->  Hash  (cost=1.15..1.15 rows=1 width=4) (actual time=0.036..0.037 rows=1 loops=1)
                                 Buckets: 1024  Batches: 1  Memory Usage: 9kB
                                 Buffers: shared hit=1
                                 ->  Seq Scan on role_type rt  (cost=0.00..1.15 rows=1 width=4) (actual time=0.029..0.030 rows=1 loops=1)
                                       Filter: ((role)::text = 'editor'::text)
                                       Rows Removed by Filter: 11
                                       Buffers: shared hit=1
                     ->  Index Scan using name_pkey on name n  (cost=0.43..2.32 rows=1 width=4) (actual time=0.035..0.035 rows=0 loops=46141)
                           Index Cond: (id = ci.person_id)
                           Filter: ((gender)::text = 'f'::text)
                           Rows Removed by Filter: 1
                           Buffers: shared hit=178061 read=6503
               ->  Seq Scan on info_type it1  (cost=0.00..2.41 rows=1 width=4) (actual time=0.012..0.022 rows=1 loops=2247)
                     Filter: (id = 3)
                     Rows Removed by Filter: 112
                     Buffers: shared hit=2247
         ->  Seq Scan on info_type it2  (cost=0.00..2.41 rows=1 width=4) (actual time=0.009..0.019 rows=1 loops=2247)
               Filter: (id = 5)
               Rows Removed by Filter: 112
               Buffers: shared hit=2247
 Planning:
   Buffers: shared hit=483 read=91
 Planning Time: 14.685 ms
 Execution Time: 30851.666 ms
(73 rows)

