                                                                                                QUERY PLAN                                                                                                
----------------------------------------------------------------------------------------------------------------------------------------------------------------------------------------------------------
 Aggregate  (cost=447249.67..447249.68 rows=1 width=8) (actual time=2767.094..2767.101 rows=1 loops=1)
   Buffers: shared hit=273776 read=11564
   ->  Nested Loop  (cost=4697.69..447249.66 rows=2 width=0) (actual time=354.875..2767.063 rows=68 loops=1)
         Buffers: shared hit=273776 read=11564
         ->  Seq Scan on info_type it2  (cost=0.00..2.41 rows=1 width=4) (actual time=0.042..0.052 rows=1 loops=1)
               Filter: (id = 5)
               Rows Removed by Filter: 112
               Buffers: shared hit=1
         ->  Nested Loop  (cost=4697.69..447247.23 rows=2 width=4) (actual time=354.832..2766.990 rows=68 loops=1)
               Buffers: shared hit=273775 read=11564
               ->  Seq Scan on info_type it1  (cost=0.00..2.41 rows=1 width=4) (actual time=0.010..0.022 rows=1 loops=1)
                     Filter: (id = 3)
                     Rows Removed by Filter: 112
                     Buffers: shared hit=1
               ->  Nested Loop  (cost=4697.69..447244.80 rows=2 width=8) (actual time=354.819..2766.943 rows=68 loops=1)
                     Buffers: shared hit=273774 read=11564
                     ->  Hash Join  (cost=4697.26..447228.56 rows=7 width=12) (actual time=20.598..2691.721 rows=1812 loops=1)
                           Hash Cond: (ci.role_id = rt.id)
                           Buffers: shared hit=268091 read=9999
                           ->  Nested Loop  (cost=4696.09..447227.23 rows=43 width=16) (actual time=20.252..2688.661 rows=15565 loops=1)
                                 Buffers: shared hit=268090 read=9999
                                 ->  Nested Loop  (cost=4695.65..447094.11 rows=3 width=20) (actual time=20.213..2516.773 rows=877 loops=1)
                                       Buffers: shared hit=253001 read=7299
                                       ->  Hash Join  (cost=4695.21..442632.75 rows=104 width=12) (actual time=19.022..2368.975 rows=1007 loops=1)
                                             Hash Cond: (t.kind_id = kt.id)
                                             Buffers: shared hit=240294 read=5179
                                             ->  Nested Loop  (cost=4694.08..442630.59 rows=243 width=16) (actual time=18.984..2363.184 rows=25140 loops=1)
                                                   Buffers: shared hit=240293 read=5179
                                                   ->  Bitmap Heap Scan on movie_info mi2  (cost=4693.65..433457.98 rows=1124 width=8) (actual time=18.913..455.314 rows=56475 loops=1)
                                                         Recheck Cond: (info_type_id = 5)
                                                         Filter: ((info)::text = ANY ('{Argentina:13,Australia:G,Australia:M,Belgium:KT,Finland:K-16,Finland:K-18,Norway:16,"West Germany:18"}'::text[]))
                                                         Rows Removed by Filter: 430079
                                                         Heap Blocks: exact=19164
                                                         Buffers: shared hit=19572
                                                         ->  Bitmap Index Scan on info_type_id_movie_info  (cost=0.00..4693.37 rows=439058 width=0) (actual time=16.220..16.220 rows=486554 loops=1)
                                                               Index Cond: (info_type_id = 5)
                                                               Buffers: shared hit=408
                                                   ->  Index Scan using title_pkey on title t  (cost=0.43..8.16 rows=1 width=8) (actual time=0.033..0.033 rows=0 loops=56475)
                                                         Index Cond: (id = mi2.movie_id)
                                                         Filter: ((production_year <= 1990) AND (1950 < production_year))
                                                         Rows Removed by Filter: 1
                                                         Buffers: shared hit=220721 read=5179
                                             ->  Hash  (cost=1.10..1.10 rows=3 width=4) (actual time=0.019..0.020 rows=3 loops=1)
                                                   Buckets: 1024  Batches: 1  Memory Usage: 9kB
                                                   Buffers: shared hit=1
                                                   ->  Seq Scan on kind_type kt  (cost=0.00..1.10 rows=3 width=4) (actual time=0.007..0.009 rows=3 loops=1)
                                                         Filter: ((kind)::text = ANY ('{"tv series","video game","video movie"}'::text[]))
                                                         Rows Removed by Filter: 4
                                                         Buffers: shared hit=1
                                       ->  Index Scan using movie_id_movie_info on movie_info mi1  (cost=0.43..42.89 rows=1 width=8) (actual time=0.140..0.146 rows=1 loops=1007)
                                             Index Cond: (movie_id = t.id)
                                             Filter: ((info_type_id = 3) AND ((info)::text = ANY ('{Action,Comedy,Crime,Documentary,Drama,War}'::text[])))
                                             Rows Removed by Filter: 45
                                             Buffers: shared hit=12707 read=2120
                                 ->  Index Scan using movie_id_cast_info on cast_info ci  (cost=0.44..43.99 rows=38 width=12) (actual time=0.033..0.191 rows=18 loops=877)
                                       Index Cond: (movie_id = t.id)
                                       Buffers: shared hit=15089 read=2700
                           ->  Hash  (cost=1.15..1.15 rows=2 width=4) (actual time=0.016..0.017 rows=2 loops=1)
                                 Buckets: 1024  Batches: 1  Memory Usage: 9kB
                                 Buffers: shared hit=1
                                 ->  Seq Scan on role_type rt  (cost=0.00..1.15 rows=2 width=4) (actual time=0.010..0.011 rows=2 loops=1)
                                       Filter: ((role)::text = ANY ('{"production designer",writer}'::text[]))
                                       Rows Removed by Filter: 10
                                       Buffers: shared hit=1
                     ->  Index Scan using name_pkey on name n  (cost=0.43..2.32 rows=1 width=4) (actual time=0.041..0.041 rows=0 loops=1812)
                           Index Cond: (id = ci.person_id)
                           Filter: ((gender)::text = 'f'::text)
                           Rows Removed by Filter: 1
                           Buffers: shared hit=5683 read=1565
 Planning:
   Buffers: shared hit=574
 Planning Time: 13.051 ms
 Execution Time: 2767.681 ms
(73 rows)

