                                                                                                             QUERY PLAN                                                                                                              
-------------------------------------------------------------------------------------------------------------------------------------------------------------------------------------------------------------------------------------
 Aggregate  (cost=520564.03..520564.04 rows=1 width=8) (actual time=42680.936..42680.943 rows=1 loops=1)
   Buffers: shared hit=3966847 read=483659
   ->  Nested Loop  (cost=4697.54..520564.02 rows=3 width=0) (actual time=50.261..42674.096 rows=14737 loops=1)
         Buffers: shared hit=3966847 read=483659
         ->  Seq Scan on info_type it2  (cost=0.00..2.41 rows=1 width=4) (actual time=0.047..0.056 rows=1 loops=1)
               Filter: (id = 5)
               Rows Removed by Filter: 112
               Buffers: shared hit=1
         ->  Nested Loop  (cost=4697.54..520561.58 rows=3 width=4) (actual time=50.213..42669.795 rows=14737 loops=1)
               Buffers: shared hit=3966846 read=483659
               ->  Seq Scan on info_type it1  (cost=0.00..2.41 rows=1 width=4) (actual time=0.009..0.020 rows=1 loops=1)
                     Filter: (id = 3)
                     Rows Removed by Filter: 112
                     Buffers: shared hit=1
               ->  Nested Loop  (cost=4697.54..520559.14 rows=3 width=8) (actual time=50.201..42665.124 rows=14737 loops=1)
                     Buffers: shared hit=3966845 read=483659
                     ->  Hash Join  (cost=4697.11..520545.22 rows=6 width=12) (actual time=50.136..41500.524 rows=31178 loops=1)
                           Hash Cond: (ci.role_id = rt.id)
                           Buffers: shared hit=3849953 read=475839
                           ->  Nested Loop  (cost=4695.95..520543.80 rows=72 width=16) (actual time=48.526..40907.227 rows=3385589 loops=1)
                                 Buffers: shared hit=3849952 read=475839
                                 ->  Nested Loop  (cost=4695.51..520325.31 rows=5 width=20) (actual time=48.465..9553.367 rows=38267 loops=1)
                                       Buffers: shared hit=791177 read=132378
                                       ->  Hash Join  (cost=4695.07..512261.71 rows=190 width=12) (actual time=21.108..2397.124 rows=35860 loops=1)
                                             Hash Cond: (t.kind_id = kt.id)
                                             Buffers: shared hit=200189 read=18320
                                             ->  Nested Loop  (cost=4693.94..512258.71 rows=443 width=16) (actual time=20.566..2373.442 rows=41549 loops=1)
                                                   Buffers: shared hit=200188 read=18320
                                                   ->  Bitmap Heap Scan on movie_info mi2  (cost=4693.51..507613.76 rows=559 width=8) (actual time=20.521..587.411 rows=49734 loops=1)
                                                         Recheck Cond: (info_type_id = 5)
                                                         Filter: ((info)::text = ANY ('{Australia:PG,Canada:18A,Canada:G,France:U,Germany:16,Germany:18,Italy:T,Norway:18,Singapore:M18,Spain:T,Sweden:7,UK:PG,USA:PG-13}'::text[]))
                                                         Rows Removed by Filter: 436820
                                                         Heap Blocks: exact=19164
                                                         Buffers: shared hit=17328 read=2244
                                                         ->  Bitmap Index Scan on info_type_id_movie_info  (cost=0.00..4693.37 rows=439058 width=0) (actual time=17.944..17.945 rows=486554 loops=1)
                                                               Index Cond: (info_type_id = 5)
                                                               Buffers: shared hit=408
                                                   ->  Index Scan using title_pkey on title t  (cost=0.43..8.31 rows=1 width=8) (actual time=0.035..0.035 rows=1 loops=49734)
                                                         Index Cond: (id = mi2.movie_id)
                                                         Filter: ((production_year <= 2015) AND (1975 < production_year))
                                                         Rows Removed by Filter: 0
                                                         Buffers: shared hit=182860 read=16076
                                             ->  Hash  (cost=1.10..1.10 rows=3 width=4) (actual time=0.018..0.018 rows=3 loops=1)
                                                   Buckets: 1024  Batches: 1  Memory Usage: 9kB
                                                   Buffers: shared hit=1
                                                   ->  Seq Scan on kind_type kt  (cost=0.00..1.10 rows=3 width=4) (actual time=0.009..0.011 rows=3 loops=1)
                                                         Filter: ((kind)::text = ANY ('{episode,movie,"video movie"}'::text[]))
                                                         Rows Removed by Filter: 4
                                                         Buffers: shared hit=1
                                       ->  Index Scan using movie_id_movie_info on movie_info mi1  (cost=0.43..42.43 rows=1 width=8) (actual time=0.197..0.199 rows=1 loops=35860)
                                             Index Cond: (movie_id = t.id)
                                             Filter: ((info_type_id = 3) AND ((info)::text = ANY ('{Adult,Adventure,Animation,Comedy,Drama,Thriller}'::text[])))
                                             Rows Removed by Filter: 96
                                             Buffers: shared hit=590988 read=114058
                                 ->  Index Scan using movie_id_cast_info on cast_info ci  (cost=0.44..43.32 rows=38 width=12) (actual time=0.036..0.795 rows=88 loops=38267)
                                       Index Cond: (movie_id = t.id)
                                       Buffers: shared hit=3058775 read=343461
                           ->  Hash  (cost=1.15..1.15 rows=1 width=4) (actual time=0.018..0.019 rows=1 loops=1)
                                 Buckets: 1024  Batches: 1  Memory Usage: 9kB
                                 Buffers: shared hit=1
                                 ->  Seq Scan on role_type rt  (cost=0.00..1.15 rows=1 width=4) (actual time=0.011..0.012 rows=1 loops=1)
                                       Filter: ((role)::text = 'production designer'::text)
                                       Rows Removed by Filter: 11
                                       Buffers: shared hit=1
                     ->  Index Scan using name_pkey on name n  (cost=0.43..2.32 rows=1 width=4) (actual time=0.036..0.036 rows=0 loops=31178)
                           Index Cond: (id = ci.person_id)
                           Filter: ((gender)::text = 'm'::text)
                           Rows Removed by Filter: 1
                           Buffers: shared hit=116892 read=7820
 Planning:
   Buffers: shared hit=574
 Planning Time: 14.707 ms
 Execution Time: 42681.611 ms
(73 rows)

