                                                                                             QUERY PLAN                                                                                              
-----------------------------------------------------------------------------------------------------------------------------------------------------------------------------------------------------
 Aggregate  (cost=398005.80..398005.81 rows=1 width=8) (actual time=14417.783..14417.790 rows=1 loops=1)
   Buffers: shared hit=1241040 read=260073
   ->  Nested Loop  (cost=4697.51..398005.80 rows=1 width=0) (actual time=70.469..14417.618 rows=176 loops=1)
         Buffers: shared hit=1241040 read=260073
         ->  Nested Loop  (cost=4697.51..398003.37 rows=1 width=4) (actual time=70.459..14411.341 rows=176 loops=1)
               Buffers: shared hit=1240864 read=260073
               ->  Nested Loop  (cost=4697.51..398000.95 rows=1 width=8) (actual time=70.434..14406.923 rows=176 loops=1)
                     Buffers: shared hit=1240688 read=260073
                     ->  Hash Join  (cost=4697.08..397991.67 rows=4 width=12) (actual time=60.776..14015.369 rows=11033 loops=1)
                           Hash Cond: (ci.role_id = rt.id)
                           Buffers: shared hit=1200671 read=255958
                           ->  Nested Loop  (cost=4695.91..397990.35 rows=43 width=16) (actual time=60.217..13840.374 rows=1098611 loops=1)
                                 Buffers: shared hit=1200670 read=255958
                                 ->  Nested Loop  (cost=4695.48..397859.15 rows=3 width=20) (actual time=60.157..3910.252 rows=12050 loops=1)
                                       Buffers: shared hit=268276 read=89585
                                       ->  Hash Join  (cost=4695.04..392514.93 rows=126 width=12) (actual time=20.141..1415.357 rows=14593 loops=1)
                                             Hash Cond: (t.kind_id = kt.id)
                                             Buffers: shared hit=113772 read=16249
                                             ->  Nested Loop  (cost=4693.91..392512.56 rows=293 width=16) (actual time=20.067..1406.378 rows=16997 loops=1)
                                                   Buffers: shared hit=113771 read=16249
                                                   ->  Bitmap Heap Scan on movie_info mi2  (cost=4693.48..388964.25 rows=425 width=8) (actual time=19.916..391.819 rows=27612 loops=1)
                                                         Recheck Cond: (info_type_id = 5)
                                                         Filter: ((info)::text = ANY ('{Australia:G,Finland:K-11,"Hong Kong:IIB",Singapore:PG,USA:G}'::text[]))
                                                         Rows Removed by Filter: 458942
                                                         Heap Blocks: exact=19164
                                                         Buffers: shared hit=16341 read=3231
                                                         ->  Bitmap Index Scan on info_type_id_movie_info  (cost=0.00..4693.37 rows=439058 width=0) (actual time=17.276..17.277 rows=486554 loops=1)
                                                               Index Cond: (info_type_id = 5)
                                                               Buffers: shared hit=408
                                                   ->  Index Scan using title_pkey on title t  (cost=0.43..8.35 rows=1 width=8) (actual time=0.036..0.036 rows=1 loops=27612)
                                                         Index Cond: (id = mi2.movie_id)
                                                         Filter: ((production_year <= 2015) AND (1990 < production_year))
                                                         Rows Removed by Filter: 0
                                                         Buffers: shared hit=97430 read=13018
                                             ->  Hash  (cost=1.10..1.10 rows=3 width=4) (actual time=0.020..0.021 rows=3 loops=1)
                                                   Buckets: 1024  Batches: 1  Memory Usage: 9kB
                                                   Buffers: shared hit=1
                                                   ->  Seq Scan on kind_type kt  (cost=0.00..1.10 rows=3 width=4) (actual time=0.010..0.012 rows=3 loops=1)
                                                         Filter: ((kind)::text = ANY ('{episode,movie,"video movie"}'::text[]))
                                                         Rows Removed by Filter: 4
                                                         Buffers: shared hit=1
                                       ->  Index Scan using movie_id_movie_info on movie_info mi1  (cost=0.43..42.40 rows=1 width=8) (actual time=0.169..0.170 rows=1 loops=14593)
                                             Index Cond: (movie_id = t.id)
                                             Filter: ((info_type_id = 3) AND ((info)::text = ANY ('{Comedy,Drama,Family,Sci-Fi,Thriller}'::text[])))
                                             Rows Removed by Filter: 73
                                             Buffers: shared hit=154504 read=73336
                                 ->  Index Scan using movie_id_cast_info on cast_info ci  (cost=0.44..43.36 rows=38 width=12) (actual time=0.036..0.801 rows=91 loops=12050)
                                       Index Cond: (movie_id = t.id)
                                       Buffers: shared hit=932394 read=166373
                           ->  Hash  (cost=1.15..1.15 rows=1 width=4) (actual time=0.035..0.036 rows=1 loops=1)
                                 Buckets: 1024  Batches: 1  Memory Usage: 9kB
                                 Buffers: shared hit=1
                                 ->  Seq Scan on role_type rt  (cost=0.00..1.15 rows=1 width=4) (actual time=0.027..0.029 rows=1 loops=1)
                                       Filter: ((role)::text = 'cinematographer'::text)
                                       Rows Removed by Filter: 11
                                       Buffers: shared hit=1
                     ->  Index Scan using name_pkey on name n  (cost=0.43..2.32 rows=1 width=4) (actual time=0.035..0.035 rows=0 loops=11033)
                           Index Cond: (id = ci.person_id)
                           Filter: ((gender)::text = 'f'::text)
                           Rows Removed by Filter: 1
                           Buffers: shared hit=40017 read=4115
               ->  Seq Scan on info_type it1  (cost=0.00..2.41 rows=1 width=4) (actual time=0.013..0.021 rows=1 loops=176)
                     Filter: (id = 3)
                     Rows Removed by Filter: 112
                     Buffers: shared hit=176
         ->  Seq Scan on info_type it2  (cost=0.00..2.41 rows=1 width=4) (actual time=0.025..0.033 rows=1 loops=176)
               Filter: (id = 5)
               Rows Removed by Filter: 112
               Buffers: shared hit=176
 Planning:
   Buffers: shared hit=574
 Planning Time: 13.813 ms
 Execution Time: 14418.460 ms
(73 rows)

