                                                                                             QUERY PLAN                                                                                              
-----------------------------------------------------------------------------------------------------------------------------------------------------------------------------------------------------
 Aggregate  (cost=420317.17..420317.18 rows=1 width=8) (actual time=30038.338..30038.344 rows=1 loops=1)
   Buffers: shared hit=2704782 read=409677
   ->  Nested Loop  (cost=4697.43..420317.17 rows=1 width=0) (actual time=55.634..30031.159 rows=25036 loops=1)
         Buffers: shared hit=2704782 read=409677
         ->  Hash Join  (cost=4697.00..420312.53 rows=2 width=4) (actual time=37.427..28152.480 rows=52145 loops=1)
               Hash Cond: (ci.role_id = rt.id)
               Buffers: shared hit=2511375 read=394504
               ->  Nested Loop  (cost=4695.83..420311.31 rows=14 width=8) (actual time=36.733..27787.124 rows=2158841 loops=1)
                     Buffers: shared hit=2511374 read=394504
                     ->  Nested Loop  (cost=4695.39..420267.57 rows=1 width=12) (actual time=36.689..7950.286 rows=30285 loops=1)
                           Buffers: shared hit=574996 read=137415
                           ->  Nested Loop  (cost=4695.39..420265.15 rows=1 width=16) (actual time=36.683..7297.259 rows=30285 loops=1)
                                 Buffers: shared hit=544711 read=137415
                                 ->  Nested Loop  (cost=4695.39..420262.72 rows=1 width=20) (actual time=36.663..6628.716 rows=30285 loops=1)
                                       Buffers: shared hit=514426 read=137415
                                       ->  Hash Join  (cost=4694.95..419287.19 rows=23 width=12) (actual time=19.645..1924.709 rows=26853 loops=1)
                                             Hash Cond: (t.kind_id = kt.id)
                                             Buffers: shared hit=138807 read=35350
                                             ->  Nested Loop  (cost=4693.82..419285.83 rows=54 width=16) (actual time=19.321..1907.978 rows=29705 loops=1)
                                                   Buffers: shared hit=138806 read=35350
                                                   ->  Bitmap Heap Scan on movie_info mi2  (cost=4693.39..418626.53 rows=78 width=8) (actual time=19.265..521.693 rows=38646 loops=1)
                                                         Recheck Cond: (info_type_id = 5)
                                                         Filter: ((info)::text = ANY ('{Argentina:16,Germany:16,Singapore:NC-16,"South Korea:15",UK:18,"USA:Not Rated",USA:PG-13}'::text[]))
                                                         Rows Removed by Filter: 447908
                                                         Heap Blocks: exact=19164
                                                         Buffers: shared hit=3064 read=16508
                                                         ->  Bitmap Index Scan on info_type_id_movie_info  (cost=0.00..4693.37 rows=439058 width=0) (actual time=16.362..16.362 rows=486554 loops=1)
                                                               Index Cond: (info_type_id = 5)
                                                               Buffers: shared read=408
                                                   ->  Index Scan using title_pkey on title t  (cost=0.43..8.45 rows=1 width=8) (actual time=0.035..0.035 rows=1 loops=38646)
                                                         Index Cond: (id = mi2.movie_id)
                                                         Filter: ((production_year <= 2015) AND (1990 < production_year))
                                                         Rows Removed by Filter: 0
                                                         Buffers: shared hit=135742 read=18842
                                             ->  Hash  (cost=1.10..1.10 rows=3 width=4) (actual time=0.012..0.013 rows=3 loops=1)
                                                   Buckets: 1024  Batches: 1  Memory Usage: 9kB
                                                   Buffers: shared hit=1
                                                   ->  Seq Scan on kind_type kt  (cost=0.00..1.10 rows=3 width=4) (actual time=0.006..0.008 rows=3 loops=1)
                                                         Filter: ((kind)::text = ANY ('{episode,movie,"video movie"}'::text[]))
                                                         Rows Removed by Filter: 4
                                                         Buffers: shared hit=1
                                       ->  Index Scan using movie_id_movie_info on movie_info mi1  (cost=0.43..42.40 rows=1 width=8) (actual time=0.173..0.174 rows=1 loops=26853)
                                             Index Cond: (movie_id = t.id)
                                             Filter: ((info_type_id = 3) AND ((info)::text = ANY ('{Comedy,Drama,Horror,Short,Thriller}'::text[])))
                                             Rows Removed by Filter: 70
                                             Buffers: shared hit=375619 read=102065
                                 ->  Seq Scan on info_type it1  (cost=0.00..2.41 rows=1 width=4) (actual time=0.011..0.020 rows=1 loops=30285)
                                       Filter: (id = 3)
                                       Rows Removed by Filter: 112
                                       Buffers: shared hit=30285
                           ->  Seq Scan on info_type it2  (cost=0.00..2.41 rows=1 width=4) (actual time=0.010..0.020 rows=1 loops=30285)
                                 Filter: (id = 5)
                                 Rows Removed by Filter: 112
                                 Buffers: shared hit=30285
                     ->  Index Scan using movie_id_cast_info on cast_info ci  (cost=0.44..43.36 rows=38 width=12) (actual time=0.035..0.637 rows=71 loops=30285)
                           Index Cond: (movie_id = t.id)
                           Buffers: shared hit=1936378 read=257089
               ->  Hash  (cost=1.15..1.15 rows=2 width=4) (actual time=0.026..0.027 rows=2 loops=1)
                     Buckets: 1024  Batches: 1  Memory Usage: 9kB
                     Buffers: shared hit=1
                     ->  Seq Scan on role_type rt  (cost=0.00..1.15 rows=2 width=4) (actual time=0.020..0.021 rows=2 loops=1)
                           Filter: ((role)::text = ANY ('{cinematographer,"costume designer"}'::text[]))
                           Rows Removed by Filter: 10
                           Buffers: shared hit=1
         ->  Index Scan using name_pkey on name n  (cost=0.43..2.32 rows=1 width=4) (actual time=0.035..0.035 rows=0 loops=52145)
               Index Cond: (id = ci.person_id)
               Filter: ((gender)::text = ANY ('{f,m}'::text[]))
               Rows Removed by Filter: 1
               Buffers: shared hit=193407 read=15173
 Planning:
   Buffers: shared hit=483 read=91
 Planning Time: 13.053 ms
 Execution Time: 30038.915 ms
(73 rows)

