                                                                                                          QUERY PLAN                                                                                                           
-------------------------------------------------------------------------------------------------------------------------------------------------------------------------------------------------------------------------------
 Aggregate  (cost=487125.99..487126.00 rows=1 width=8) (actual time=51847.045..51847.052 rows=1 loops=1)
   Buffers: shared hit=4736178 read=538003
   ->  Nested Loop  (cost=4697.66..487125.97 rows=7 width=0) (actual time=75.101..51838.697 rows=18963 loops=1)
         Buffers: shared hit=4736178 read=538003
         ->  Seq Scan on info_type it2  (cost=0.00..2.41 rows=1 width=4) (actual time=0.048..0.058 rows=1 loops=1)
               Filter: (id = 5)
               Rows Removed by Filter: 112
               Buffers: shared hit=1
         ->  Nested Loop  (cost=4697.66..487123.49 rows=7 width=4) (actual time=75.051..51833.149 rows=18963 loops=1)
               Buffers: shared hit=4736177 read=538003
               ->  Seq Scan on info_type it1  (cost=0.00..2.41 rows=1 width=4) (actual time=0.008..0.021 rows=1 loops=1)
                     Filter: (id = 3)
                     Rows Removed by Filter: 112
                     Buffers: shared hit=1
               ->  Nested Loop  (cost=4697.66..487121.00 rows=7 width=8) (actual time=75.040..51827.220 rows=18963 loops=1)
                     Buffers: shared hit=4736176 read=538003
                     ->  Hash Join  (cost=4697.23..487095.49 rows=11 width=12) (actual time=21.379..50443.153 rows=34912 loops=1)
                           Hash Cond: (ci.role_id = rt.id)
                           Buffers: shared hit=4604408 read=530123
                           ->  Nested Loop  (cost=4696.07..487093.87 rows=129 width=16) (actual time=20.664..49746.647 rows=3895631 loops=1)
                                 Buffers: shared hit=4604407 read=530123
                                 ->  Nested Loop  (cost=4695.63..486700.93 rows=9 width=20) (actual time=20.625..12265.704 rows=52662 loops=1)
                                       Buffers: shared hit=1017757 read=168631
                                       ->  Hash Join  (cost=4695.17..470825.57 rows=375 width=12) (actual time=19.335..2859.275 rows=53213 loops=1)
                                             Hash Cond: (t.kind_id = kt.id)
                                             Buffers: shared hit=213397 read=39328
                                             ->  Nested Loop  (cost=4694.03..470820.75 rows=874 width=16) (actual time=19.296..2826.009 rows=57955 loops=1)
                                                   Buffers: shared hit=213396 read=39328
                                                   ->  Bitmap Heap Scan on movie_info mi2  (cost=4693.60..463120.30 rows=938 width=8) (actual time=19.251..601.225 rows=58288 loops=1)
                                                         Recheck Cond: (info_type_id = 5)
                                                         Filter: ((info)::text = ANY ('{Argentina:Atp,Canada:G,Finland:K-16,France:-12,France:U,Germany:12,Germany:16,Iceland:12,"USA:Not Rated","West Germany:16"}'::text[]))
                                                         Rows Removed by Filter: 428266
                                                         Heap Blocks: exact=19164
                                                         Buffers: shared hit=5326 read=14246
                                                         ->  Bitmap Index Scan on info_type_id_movie_info  (cost=0.00..4693.37 rows=439058 width=0) (actual time=15.988..15.988 rows=486554 loops=1)
                                                               Index Cond: (info_type_id = 5)
                                                               Buffers: shared read=408
                                                   ->  Index Scan using title_pkey on title t  (cost=0.43..8.21 rows=1 width=8) (actual time=0.037..0.037 rows=1 loops=58288)
                                                         Index Cond: (id = mi2.movie_id)
                                                         Filter: ((production_year <= 2015) AND (1925 < production_year))
                                                         Rows Removed by Filter: 0
                                                         Buffers: shared hit=208070 read=25082
                                             ->  Hash  (cost=1.10..1.10 rows=3 width=4) (actual time=0.016..0.017 rows=3 loops=1)
                                                   Buckets: 1024  Batches: 1  Memory Usage: 9kB
                                                   Buffers: shared hit=1
                                                   ->  Seq Scan on kind_type kt  (cost=0.00..1.10 rows=3 width=4) (actual time=0.008..0.010 rows=3 loops=1)
                                                         Filter: ((kind)::text = ANY ('{episode,movie,"video movie"}'::text[]))
                                                         Rows Removed by Filter: 4
                                                         Buffers: shared hit=1
                                       ->  Index Scan using movie_id_movie_info on movie_info mi1  (cost=0.46..42.32 rows=1 width=8) (actual time=0.175..0.176 rows=1 loops=53213)
                                             Index Cond: (movie_id = t.id)
                                             Filter: ((info_type_id = 3) AND ((info)::text = ANY ('{Action,Adventure,Comedy,Crime,Documentary,Mystery,Romance,Sci-Fi,Thriller}'::text[])))
                                             Rows Removed by Filter: 66
                                             Buffers: shared hit=804360 read=129303
                                 ->  Index Scan using movie_id_cast_info on cast_info ci  (cost=0.44..43.28 rows=38 width=12) (actual time=0.036..0.690 rows=74 loops=52662)
                                       Index Cond: (movie_id = t.id)
                                       Buffers: shared hit=3586650 read=361492
                           ->  Hash  (cost=1.15..1.15 rows=1 width=4) (actual time=0.015..0.016 rows=1 loops=1)
                                 Buckets: 1024  Batches: 1  Memory Usage: 9kB
                                 Buffers: shared hit=1
                                 ->  Seq Scan on role_type rt  (cost=0.00..1.15 rows=1 width=4) (actual time=0.009..0.010 rows=1 loops=1)
                                       Filter: ((role)::text = 'production designer'::text)
                                       Rows Removed by Filter: 11
                                       Buffers: shared hit=1
                     ->  Index Scan using name_pkey on name n  (cost=0.43..2.32 rows=1 width=4) (actual time=0.038..0.038 rows=1 loops=34912)
                           Index Cond: (id = ci.person_id)
                           Filter: ((gender)::text = ANY ('{f,m}'::text[]))
                           Rows Removed by Filter: 0
                           Buffers: shared hit=131768 read=7880
 Planning:
   Buffers: shared hit=485 read=92
 Planning Time: 10.554 ms
 Execution Time: 51847.678 ms
(73 rows)

