                                                                                                             QUERY PLAN                                                                                                             
------------------------------------------------------------------------------------------------------------------------------------------------------------------------------------------------------------------------------------
 Aggregate  (cost=498306.91..498306.92 rows=1 width=8) (actual time=2634.080..2634.087 rows=1 loops=1)
   Buffers: shared hit=226237 read=45337
   ->  Nested Loop  (cost=4697.51..498306.91 rows=1 width=0) (actual time=408.898..2634.063 rows=36 loops=1)
         Buffers: shared hit=226237 read=45337
         ->  Hash Join  (cost=4697.08..498304.59 rows=1 width=4) (actual time=21.870..2604.641 rows=933 loops=1)
               Hash Cond: (ci.role_id = rt.id)
               Buffers: shared hit=223456 read=44386
               ->  Nested Loop  (cost=4695.92..498303.38 rows=14 width=8) (actual time=21.793..2602.883 rows=11382 loops=1)
                     Buffers: shared hit=223455 read=44386
                     ->  Nested Loop  (cost=4695.48..498259.00 rows=1 width=12) (actual time=21.756..2493.193 rows=385 loops=1)
                           Buffers: shared hit=214754 read=40879
                           ->  Nested Loop  (cost=4695.48..498256.58 rows=1 width=16) (actual time=21.751..2485.412 rows=385 loops=1)
                                 Buffers: shared hit=214369 read=40879
                                 ->  Nested Loop  (cost=4695.48..498254.16 rows=1 width=20) (actual time=21.728..2479.154 rows=385 loops=1)
                                       Buffers: shared hit=213984 read=40879
                                       ->  Hash Join  (cost=4695.05..496497.46 rows=41 width=12) (actual time=20.213..2401.900 rows=458 loops=1)
                                             Hash Cond: (t.kind_id = kt.id)
                                             Buffers: shared hit=210612 read=37081
                                             ->  Nested Loop  (cost=4693.91..496495.91 rows=96 width=16) (actual time=20.175..2396.833 rows=25494 loops=1)
                                                   Buffers: shared hit=210611 read=37081
                                                   ->  Bitmap Heap Scan on movie_info mi2  (cost=4693.48..492782.55 rows=445 width=8) (actual time=20.127..520.849 rows=57030 loops=1)
                                                         Recheck Cond: (info_type_id = 5)
                                                         Filter: ((info)::text = ANY ('{Australia:R,Canada:PG,Finland:K-18,Iceland:16,Norway:15,Norway:16,Portugal:M/12,UK:18,UK:PG,UK:X,USA:Approved,"West Germany:16"}'::text[]))
                                                         Rows Removed by Filter: 429524
                                                         Heap Blocks: exact=19164
                                                         Buffers: shared hit=1124 read=18448
                                                         ->  Bitmap Index Scan on info_type_id_movie_info  (cost=0.00..4693.37 rows=439058 width=0) (actual time=17.185..17.185 rows=486554 loops=1)
                                                               Index Cond: (info_type_id = 5)
                                                               Buffers: shared read=408
                                                   ->  Index Scan using title_pkey on title t  (cost=0.43..8.34 rows=1 width=8) (actual time=0.032..0.032 rows=0 loops=57030)
                                                         Index Cond: (id = mi2.movie_id)
                                                         Filter: ((production_year <= 1990) AND (1950 < production_year))
                                                         Rows Removed by Filter: 1
                                                         Buffers: shared hit=209487 read=18633
                                             ->  Hash  (cost=1.10..1.10 rows=3 width=4) (actual time=0.019..0.020 rows=3 loops=1)
                                                   Buckets: 1024  Batches: 1  Memory Usage: 9kB
                                                   Buffers: shared hit=1
                                                   ->  Seq Scan on kind_type kt  (cost=0.00..1.10 rows=3 width=4) (actual time=0.009..0.010 rows=3 loops=1)
                                                         Filter: ((kind)::text = ANY ('{"tv series","video game","video movie"}'::text[]))
                                                         Rows Removed by Filter: 4
                                                         Buffers: shared hit=1
                                       ->  Index Scan using movie_id_movie_info on movie_info mi1  (cost=0.43..42.84 rows=1 width=8) (actual time=0.164..0.168 rows=1 loops=458)
                                             Index Cond: (movie_id = t.id)
                                             Filter: ((info_type_id = 3) AND ((info)::text = ANY ('{Action,Comedy,Crime,Drama,Family}'::text[])))
                                             Rows Removed by Filter: 61
                                             Buffers: shared hit=3372 read=3798
                                 ->  Seq Scan on info_type it1  (cost=0.00..2.41 rows=1 width=4) (actual time=0.008..0.014 rows=1 loops=385)
                                       Filter: (id = 3)
                                       Rows Removed by Filter: 112
                                       Buffers: shared hit=385
                           ->  Seq Scan on info_type it2  (cost=0.00..2.41 rows=1 width=4) (actual time=0.012..0.019 rows=1 loops=385)
                                 Filter: (id = 5)
                                 Rows Removed by Filter: 112
                                 Buffers: shared hit=385
                     ->  Index Scan using movie_id_cast_info on cast_info ci  (cost=0.44..43.99 rows=38 width=12) (actual time=0.024..0.279 rows=30 loops=385)
                           Index Cond: (movie_id = t.id)
                           Buffers: shared hit=8701 read=3507
               ->  Hash  (cost=1.15..1.15 rows=1 width=4) (actual time=0.034..0.035 rows=1 loops=1)
                     Buckets: 1024  Batches: 1  Memory Usage: 9kB
                     Buffers: shared hit=1
                     ->  Seq Scan on role_type rt  (cost=0.00..1.15 rows=1 width=4) (actual time=0.027..0.029 rows=1 loops=1)
                           Filter: ((role)::text = 'writer'::text)
                           Rows Removed by Filter: 11
                           Buffers: shared hit=1
         ->  Index Scan using name_pkey on name n  (cost=0.43..2.32 rows=1 width=4) (actual time=0.031..0.031 rows=0 loops=933)
               Index Cond: (id = ci.person_id)
               Filter: ((gender)::text = 'f'::text)
               Rows Removed by Filter: 1
               Buffers: shared hit=2781 read=951
 Planning:
   Buffers: shared hit=483 read=91
 Planning Time: 16.218 ms
 Execution Time: 2634.678 ms
(73 rows)

