                                                                                                 QUERY PLAN                                                                                                 
------------------------------------------------------------------------------------------------------------------------------------------------------------------------------------------------------------
 Aggregate  (cost=481470.95..481470.96 rows=1 width=8) (actual time=6002.520..6002.527 rows=1 loops=1)
   Buffers: shared hit=501925 read=117239
   ->  Nested Loop  (cost=4697.61..481470.94 rows=4 width=0) (actual time=26.410..6002.159 rows=915 loops=1)
         Buffers: shared hit=501925 read=117239
         ->  Seq Scan on info_type it2  (cost=0.00..2.41 rows=1 width=4) (actual time=0.047..0.057 rows=1 loops=1)
               Filter: (id = 5)
               Rows Removed by Filter: 112
               Buffers: shared hit=1
         ->  Nested Loop  (cost=4697.61..481468.49 rows=4 width=4) (actual time=26.361..6001.874 rows=915 loops=1)
               Buffers: shared hit=501924 read=117239
               ->  Seq Scan on info_type it1  (cost=0.00..2.41 rows=1 width=4) (actual time=0.012..0.025 rows=1 loops=1)
                     Filter: (id = 3)
                     Rows Removed by Filter: 112
                     Buffers: shared hit=1
               ->  Nested Loop  (cost=4697.61..481466.04 rows=4 width=8) (actual time=26.345..6001.608 rows=915 loops=1)
                     Buffers: shared hit=501923 read=117239
                     ->  Hash Join  (cost=4697.18..481421.97 rows=19 width=12) (actual time=20.430..5516.469 rows=13802 loops=1)
                           Hash Cond: (ci.role_id = rt.id)
                           Buffers: shared hit=455637 read=108317
                           ->  Nested Loop  (cost=4696.01..481420.38 rows=115 width=16) (actual time=20.278..5479.754 rows=213536 loops=1)
                                 Buffers: shared hit=455636 read=108317
                                 ->  Nested Loop  (cost=4695.57..481070.80 rows=8 width=20) (actual time=20.236..3292.469 rows=5643 loops=1)
                                       Buffers: shared hit=295322 read=45519
                                       ->  Hash Join  (cost=4695.13..469654.43 rows=269 width=12) (actual time=19.869..2404.490 rows=5556 loops=1)
                                             Hash Cond: (t.kind_id = kt.id)
                                             Buffers: shared hit=250548 read=9205
                                             ->  Nested Loop  (cost=4694.00..469650.65 rows=627 width=16) (actual time=19.816..2392.504 rows=52500 loops=1)
                                                   Buffers: shared hit=250547 read=9205
                                                   ->  Bitmap Heap Scan on movie_info mi2  (cost=4693.57..463120.27 rows=792 width=8) (actual time=19.720..485.864 rows=60045 loops=1)
                                                         Recheck Cond: (info_type_id = 5)
                                                         Filter: ((info)::text = ANY ('{Australia:M,Finland:K-18,Portugal:M/16,Sweden:11,Sweden:7,Switzerland:10,UK:PG,USA:PG,USA:Unrated,USA:X}'::text[]))
                                                         Rows Removed by Filter: 426509
                                                         Heap Blocks: exact=19164
                                                         Buffers: shared hit=16596 read=2976
                                                         ->  Bitmap Index Scan on info_type_id_movie_info  (cost=0.00..4693.37 rows=439058 width=0) (actual time=17.098..17.098 rows=486554 loops=1)
                                                               Index Cond: (info_type_id = 5)
                                                               Buffers: shared hit=408
                                                   ->  Index Scan using title_pkey on title t  (cost=0.43..8.25 rows=1 width=8) (actual time=0.031..0.031 rows=1 loops=60045)
                                                         Index Cond: (id = mi2.movie_id)
                                                         Filter: ((production_year <= 2015) AND (1975 < production_year))
                                                         Rows Removed by Filter: 0
                                                         Buffers: shared hit=233951 read=6229
                                             ->  Hash  (cost=1.10..1.10 rows=3 width=4) (actual time=0.028..0.029 rows=3 loops=1)
                                                   Buckets: 1024  Batches: 1  Memory Usage: 9kB
                                                   Buffers: shared hit=1
                                                   ->  Seq Scan on kind_type kt  (cost=0.00..1.10 rows=3 width=4) (actual time=0.009..0.011 rows=3 loops=1)
                                                         Filter: ((kind)::text = ANY ('{"tv movie","tv series","video game"}'::text[]))
                                                         Rows Removed by Filter: 4
                                                         Buffers: shared hit=1
                                       ->  Index Scan using movie_id_movie_info on movie_info mi1  (cost=0.43..42.43 rows=1 width=8) (actual time=0.156..0.159 rows=1 loops=5556)
                                             Index Cond: (movie_id = t.id)
                                             Filter: ((info_type_id = 3) AND ((info)::text = ANY ('{Action,Adult,Comedy,Documentary,Drama,Fantasy}'::text[])))
                                             Rows Removed by Filter: 30
                                             Buffers: shared hit=44774 read=36314
                                 ->  Index Scan using movie_id_cast_info on cast_info ci  (cost=0.44..43.32 rows=38 width=12) (actual time=0.040..0.378 rows=38 loops=5643)
                                       Index Cond: (movie_id = t.id)
                                       Buffers: shared hit=160314 read=62798
                           ->  Hash  (cost=1.15..1.15 rows=2 width=4) (actual time=0.020..0.021 rows=2 loops=1)
                                 Buckets: 1024  Batches: 1  Memory Usage: 9kB
                                 Buffers: shared hit=1
                                 ->  Seq Scan on role_type rt  (cost=0.00..1.15 rows=2 width=4) (actual time=0.012..0.014 rows=2 loops=1)
                                       Filter: ((role)::text = ANY ('{editor,writer}'::text[]))
                                       Rows Removed by Filter: 10
                                       Buffers: shared hit=1
                     ->  Index Scan using name_pkey on name n  (cost=0.43..2.32 rows=1 width=4) (actual time=0.035..0.035 rows=0 loops=13802)
                           Index Cond: (id = ci.person_id)
                           Filter: ((gender)::text = 'f'::text)
                           Rows Removed by Filter: 1
                           Buffers: shared hit=46286 read=8922
 Planning:
   Buffers: shared hit=574
 Planning Time: 13.903 ms
 Execution Time: 6003.202 ms
(73 rows)

