                                                                                             QUERY PLAN                                                                                              
-----------------------------------------------------------------------------------------------------------------------------------------------------------------------------------------------------
 Aggregate  (cost=353614.13..353614.14 rows=1 width=8) (actual time=1506.594..1506.601 rows=1 loops=1)
   Buffers: shared hit=116381 read=38245
   ->  Nested Loop  (cost=4697.51..353614.12 rows=1 width=0) (actual time=40.893..1506.545 rows=106 loops=1)
         Buffers: shared hit=116381 read=38245
         ->  Hash Join  (cost=4697.08..353611.80 rows=1 width=4) (actual time=21.609..1490.654 rows=435 loops=1)
               Hash Cond: (ci.role_id = rt.id)
               Buffers: shared hit=114797 read=38089
               ->  Nested Loop  (cost=4695.92..353610.59 rows=14 width=8) (actual time=21.267..1486.265 rows=34443 loops=1)
                     Buffers: shared hit=114796 read=38089
                     ->  Nested Loop  (cost=4695.48..353566.86 rows=1 width=12) (actual time=21.228..1154.170 rows=703 loops=1)
                           Buffers: shared hit=88423 read=29844
                           ->  Nested Loop  (cost=4695.48..353564.44 rows=1 width=16) (actual time=21.223..1138.938 rows=703 loops=1)
                                 Buffers: shared hit=87720 read=29844
                                 ->  Nested Loop  (cost=4695.48..353562.01 rows=1 width=20) (actual time=21.201..1128.728 rows=703 loops=1)
                                       Buffers: shared hit=87017 read=29844
                                       ->  Hash Join  (cost=4695.04..348110.39 rows=129 width=12) (actual time=20.700..825.412 rows=2212 loops=1)
                                             Hash Cond: (t.kind_id = kt.id)
                                             Buffers: shared hit=64218 read=19051
                                             ->  Nested Loop  (cost=4693.91..348107.99 rows=301 width=16) (actual time=20.665..822.643 rows=12890 loops=1)
                                                   Buffers: shared hit=64217 read=19051
                                                   ->  Bitmap Heap Scan on movie_info mi2  (cost=4693.48..344470.70 rows=436 width=8) (actual time=20.239..319.205 rows=15924 loops=1)
                                                         Recheck Cond: (info_type_id = 5)
                                                         Filter: ((info)::text = ANY ('{Australia:MA,UK:15}'::text[]))
                                                         Rows Removed by Filter: 470630
                                                         Heap Blocks: exact=19164
                                                         Buffers: shared hit=2801 read=16771
                                                         ->  Bitmap Index Scan on info_type_id_movie_info  (cost=0.00..4693.37 rows=439058 width=0) (actual time=17.396..17.396 rows=486554 loops=1)
                                                               Index Cond: (info_type_id = 5)
                                                               Buffers: shared read=408
                                                   ->  Index Scan using title_pkey on title t  (cost=0.43..8.34 rows=1 width=8) (actual time=0.031..0.031 rows=1 loops=15924)
                                                         Index Cond: (id = mi2.movie_id)
                                                         Filter: ((production_year <= 2015) AND (1990 < production_year))
                                                         Rows Removed by Filter: 0
                                                         Buffers: shared hit=61416 read=2280
                                             ->  Hash  (cost=1.10..1.10 rows=3 width=4) (actual time=0.014..0.015 rows=3 loops=1)
                                                   Buckets: 1024  Batches: 1  Memory Usage: 9kB
                                                   Buffers: shared hit=1
                                                   ->  Seq Scan on kind_type kt  (cost=0.00..1.10 rows=3 width=4) (actual time=0.009..0.010 rows=3 loops=1)
                                                         Filter: ((kind)::text = ANY ('{"tv movie","tv series","video game"}'::text[]))
                                                         Rows Removed by Filter: 4
                                                         Buffers: shared hit=1
                                       ->  Index Scan using movie_id_movie_info on movie_info mi1  (cost=0.43..42.25 rows=1 width=8) (actual time=0.136..0.137 rows=0 loops=2212)
                                             Index Cond: (movie_id = t.id)
                                             Filter: (((info)::text = ANY ('{Crime,Horror}'::text[])) AND (info_type_id = 3))
                                             Rows Removed by Filter: 36
                                             Buffers: shared hit=22799 read=10793
                                 ->  Seq Scan on info_type it1  (cost=0.00..2.41 rows=1 width=4) (actual time=0.006..0.013 rows=1 loops=703)
                                       Filter: (id = 3)
                                       Rows Removed by Filter: 112
                                       Buffers: shared hit=703
                           ->  Seq Scan on info_type it2  (cost=0.00..2.41 rows=1 width=4) (actual time=0.014..0.020 rows=1 loops=703)
                                 Filter: (id = 5)
                                 Rows Removed by Filter: 112
                                 Buffers: shared hit=703
                     ->  Index Scan using movie_id_cast_info on cast_info ci  (cost=0.44..43.36 rows=38 width=12) (actual time=0.039..0.463 rows=49 loops=703)
                           Index Cond: (movie_id = t.id)
                           Buffers: shared hit=26373 read=8245
               ->  Hash  (cost=1.15..1.15 rows=1 width=4) (actual time=0.027..0.028 rows=1 loops=1)
                     Buckets: 1024  Batches: 1  Memory Usage: 9kB
                     Buffers: shared hit=1
                     ->  Seq Scan on role_type rt  (cost=0.00..1.15 rows=1 width=4) (actual time=0.021..0.022 rows=1 loops=1)
                           Filter: ((role)::text = 'editor'::text)
                           Rows Removed by Filter: 11
                           Buffers: shared hit=1
         ->  Index Scan using name_pkey on name n  (cost=0.43..2.32 rows=1 width=4) (actual time=0.036..0.036 rows=0 loops=435)
               Index Cond: (id = ci.person_id)
               Filter: ((gender)::text = 'm'::text)
               Rows Removed by Filter: 1
               Buffers: shared hit=1584 read=156
 Planning:
   Buffers: shared hit=520 read=54
 Planning Time: 13.171 ms
 Execution Time: 1507.180 ms
(73 rows)

