                                                                                             QUERY PLAN                                                                                              
-----------------------------------------------------------------------------------------------------------------------------------------------------------------------------------------------------
 Aggregate  (cost=399752.26..399752.27 rows=1 width=8) (actual time=3526.507..3526.513 rows=1 loops=1)
   Buffers: shared hit=263577 read=101939
   ->  Nested Loop  (cost=4697.53..399752.25 rows=5 width=0) (actual time=48.838..3526.195 rows=944 loops=1)
         Buffers: shared hit=263577 read=101939
         ->  Hash Join  (cost=4697.10..399736.01 rows=7 width=4) (actual time=23.568..3410.052 rows=3900 loops=1)
               Hash Cond: (ci.role_id = rt.id)
               Buffers: shared hit=250004 read=99912
               ->  Nested Loop  (cost=4695.93..399734.68 rows=43 width=8) (actual time=23.003..3390.835 rows=140615 loops=1)
                     Buffers: shared hit=250003 read=99912
                     ->  Nested Loop  (cost=4695.49..399603.59 rows=3 width=12) (actual time=22.965..1997.429 rows=3350 loops=1)
                           Buffers: shared hit=146976 read=58177
                           ->  Seq Scan on info_type it2  (cost=0.00..2.41 rows=1 width=4) (actual time=0.032..0.041 rows=1 loops=1)
                                 Filter: (id = 5)
                                 Rows Removed by Filter: 112
                                 Buffers: shared hit=1
                           ->  Nested Loop  (cost=4695.49..399601.14 rows=3 width=16) (actual time=22.931..1996.716 rows=3350 loops=1)
                                 Buffers: shared hit=146975 read=58177
                                 ->  Seq Scan on info_type it1  (cost=0.00..2.41 rows=1 width=4) (actual time=0.008..0.020 rows=1 loops=1)
                                       Filter: (id = 3)
                                       Rows Removed by Filter: 112
                                       Buffers: shared hit=1
                                 ->  Nested Loop  (cost=4695.49..399598.70 rows=3 width=20) (actual time=22.919..1995.976 rows=3350 loops=1)
                                       Buffers: shared hit=146974 read=58177
                                       ->  Hash Join  (cost=4695.05..392875.18 rows=159 width=12) (actual time=21.776..1414.876 rows=3954 loops=1)
                                             Hash Cond: (t.kind_id = kt.id)
                                             Buffers: shared hit=113859 read=33378
                                             ->  Nested Loop  (cost=4693.92..392872.48 rows=372 width=16) (actual time=21.730..1408.905 rows=28473 loops=1)
                                                   Buffers: shared hit=113858 read=33378
                                                   ->  Bitmap Heap Scan on movie_info mi2  (cost=4693.49..388964.26 rows=469 width=8) (actual time=21.685..399.843 rows=31916 loops=1)
                                                         Recheck Cond: (info_type_id = 5)
                                                         Filter: ((info)::text = ANY ('{Australia:MA,Canada:14A,Netherlands:AL,UK:15,"USA:Not Rated"}'::text[]))
                                                         Rows Removed by Filter: 454638
                                                         Heap Blocks: exact=19164
                                                         Buffers: shared hit=2030 read=17542
                                                         ->  Bitmap Index Scan on info_type_id_movie_info  (cost=0.00..4693.37 rows=439058 width=0) (actual time=18.752..18.752 rows=486554 loops=1)
                                                               Index Cond: (info_type_id = 5)
                                                               Buffers: shared read=408
                                                   ->  Index Scan using title_pkey on title t  (cost=0.43..8.33 rows=1 width=8) (actual time=0.031..0.031 rows=1 loops=31916)
                                                         Index Cond: (id = mi2.movie_id)
                                                         Filter: ((production_year <= 2015) AND (1975 < production_year))
                                                         Rows Removed by Filter: 0
                                                         Buffers: shared hit=111828 read=15836
                                             ->  Hash  (cost=1.10..1.10 rows=3 width=4) (actual time=0.015..0.016 rows=3 loops=1)
                                                   Buckets: 1024  Batches: 1  Memory Usage: 9kB
                                                   Buffers: shared hit=1
                                                   ->  Seq Scan on kind_type kt  (cost=0.00..1.10 rows=3 width=4) (actual time=0.009..0.011 rows=3 loops=1)
                                                         Filter: ((kind)::text = ANY ('{"tv movie","tv series","video game"}'::text[]))
                                                         Rows Removed by Filter: 4
                                                         Buffers: shared hit=1
                                       ->  Index Scan using movie_id_movie_info on movie_info mi1  (cost=0.43..42.28 rows=1 width=8) (actual time=0.144..0.146 rows=1 loops=3954)
                                             Index Cond: (movie_id = t.id)
                                             Filter: ((info_type_id = 3) AND ((info)::text = ANY ('{Comedy,Drama,Thriller}'::text[])))
                                             Rows Removed by Filter: 31
                                             Buffers: shared hit=33115 read=24799
                     ->  Index Scan using movie_id_cast_info on cast_info ci  (cost=0.44..43.32 rows=38 width=12) (actual time=0.035..0.407 rows=42 loops=3350)
                           Index Cond: (movie_id = t.id)
                           Buffers: shared hit=103027 read=41735
               ->  Hash  (cost=1.15..1.15 rows=2 width=4) (actual time=0.037..0.037 rows=2 loops=1)
                     Buckets: 1024  Batches: 1  Memory Usage: 9kB
                     Buffers: shared hit=1
                     ->  Seq Scan on role_type rt  (cost=0.00..1.15 rows=2 width=4) (actual time=0.028..0.030 rows=2 loops=1)
                           Filter: ((role)::text = ANY ('{"costume designer",editor}'::text[]))
                           Rows Removed by Filter: 10
                           Buffers: shared hit=1
         ->  Index Scan using name_pkey on name n  (cost=0.43..2.32 rows=1 width=4) (actual time=0.029..0.029 rows=0 loops=3900)
               Index Cond: (id = ci.person_id)
               Filter: ((gender)::text = ANY ('{f,m}'::text[]))
               Rows Removed by Filter: 1
               Buffers: shared hit=13573 read=2027
 Planning:
   Buffers: shared hit=521 read=53
 Planning Time: 14.860 ms
 Execution Time: 3527.169 ms
(73 rows)

