                                                                                                     QUERY PLAN                                                                                                     
--------------------------------------------------------------------------------------------------------------------------------------------------------------------------------------------------------------------
 Aggregate  (cost=455816.92..455816.93 rows=1 width=8) (actual time=3127.698..3127.708 rows=1 loops=1)
   Buffers: shared hit=281520 read=43868
   ->  Nested Loop  (cost=4697.58..455816.92 rows=1 width=0) (actual time=22.868..3127.635 rows=293 loops=1)
         Buffers: shared hit=281520 read=43868
         ->  Hash Join  (cost=4697.15..455812.28 rows=2 width=4) (actual time=22.822..3101.221 rows=655 loops=1)
               Hash Cond: (ci.role_id = rt.id)
               Buffers: shared hit=279491 read=43277
               ->  Nested Loop  (cost=4695.97..455811.06 rows=14 width=8) (actual time=22.428..3100.343 rows=4666 loops=1)
                     Buffers: shared hit=279490 read=43277
                     ->  Nested Loop  (cost=4695.53..455766.68 rows=1 width=12) (actual time=22.392..3048.885 rows=143 loops=1)
                           Buffers: shared hit=275615 read=42152
                           ->  Nested Loop  (cost=4695.53..455764.26 rows=1 width=16) (actual time=22.387..3046.200 rows=143 loops=1)
                                 Buffers: shared hit=275472 read=42152
                                 ->  Nested Loop  (cost=4695.53..455761.84 rows=1 width=20) (actual time=22.365..3043.990 rows=143 loops=1)
                                       Buffers: shared hit=275329 read=42152
                                       ->  Hash Join  (cost=4695.10..454732.29 rows=24 width=12) (actual time=22.277..2614.806 rows=4893 loops=1)
                                             Hash Cond: (t.kind_id = kt.id)
                                             Buffers: shared hit=228257 read=39032
                                             ->  Nested Loop  (cost=4694.00..454730.48 rows=169 width=16) (actual time=20.175..2607.674 rows=29084 loops=1)
                                                   Buffers: shared hit=228256 read=39032
                                                   ->  Bitmap Heap Scan on movie_info mi2  (cost=4693.57..448289.08 rows=781 width=8) (actual time=20.130..519.043 rows=61929 loops=1)
                                                         Recheck Cond: (info_type_id = 5)
                                                         Filter: ((info)::text = ANY ('{Australia:G,Australia:R,Norway:16,Portugal:M/12,Sweden:15,UK:U,USA:Approved,"West Germany:12","West Germany:16"}'::text[]))
                                                         Rows Removed by Filter: 424625
                                                         Heap Blocks: exact=19164
                                                         Buffers: shared hit=1686 read=17886
                                                         ->  Bitmap Index Scan on info_type_id_movie_info  (cost=0.00..4693.37 rows=439058 width=0) (actual time=17.459..17.460 rows=486554 loops=1)
                                                               Index Cond: (info_type_id = 5)
                                                               Buffers: shared read=408
                                                   ->  Index Scan using title_pkey on title t  (cost=0.43..8.25 rows=1 width=8) (actual time=0.033..0.033 rows=0 loops=61929)
                                                         Index Cond: (id = mi2.movie_id)
                                                         Filter: ((production_year <= 1990) AND (1950 < production_year))
                                                         Rows Removed by Filter: 1
                                                         Buffers: shared hit=226570 read=21146
                                             ->  Hash  (cost=1.09..1.09 rows=1 width=4) (actual time=0.025..0.026 rows=1 loops=1)
                                                   Buckets: 1024  Batches: 1  Memory Usage: 9kB
                                                   Buffers: shared hit=1
                                                   ->  Seq Scan on kind_type kt  (cost=0.00..1.09 rows=1 width=4) (actual time=0.014..0.015 rows=1 loops=1)
                                                         Filter: ((kind)::text = 'episode'::text)
                                                         Rows Removed by Filter: 6
                                                         Buffers: shared hit=1
                                       ->  Index Scan using movie_id_movie_info on movie_info mi1  (cost=0.43..42.89 rows=1 width=8) (actual time=0.087..0.087 rows=0 loops=4893)
                                             Index Cond: (movie_id = t.id)
                                             Filter: ((info_type_id = 3) AND ((info)::text = ANY ('{Comedy,Drama,Family,Romance,Thriller,Western}'::text[])))
                                             Rows Removed by Filter: 11
                                             Buffers: shared hit=47072 read=3120
                                 ->  Seq Scan on info_type it1  (cost=0.00..2.41 rows=1 width=4) (actual time=0.006..0.013 rows=1 loops=143)
                                       Filter: (id = 3)
                                       Rows Removed by Filter: 112
                                       Buffers: shared hit=143
                           ->  Seq Scan on info_type it2  (cost=0.00..2.41 rows=1 width=4) (actual time=0.010..0.017 rows=1 loops=143)
                                 Filter: (id = 5)
                                 Rows Removed by Filter: 112
                                 Buffers: shared hit=143
                     ->  Index Scan using movie_id_cast_info on cast_info ci  (cost=0.44..43.99 rows=38 width=12) (actual time=0.033..0.352 rows=33 loops=143)
                           Index Cond: (movie_id = t.id)
                           Buffers: shared hit=3875 read=1125
               ->  Hash  (cost=1.15..1.15 rows=2 width=4) (actual time=0.041..0.042 rows=2 loops=1)
                     Buckets: 1024  Batches: 1  Memory Usage: 9kB
                     Buffers: shared hit=1
                     ->  Seq Scan on role_type rt  (cost=0.00..1.15 rows=2 width=4) (actual time=0.029..0.031 rows=2 loops=1)
                           Filter: ((role)::text = ANY ('{"miscellaneous crew",writer}'::text[]))
                           Rows Removed by Filter: 10
                           Buffers: shared hit=1
         ->  Index Scan using name_pkey on name n  (cost=0.43..2.32 rows=1 width=4) (actual time=0.040..0.040 rows=0 loops=655)
               Index Cond: (id = ci.person_id)
               Filter: ((gender)::text = 'm'::text)
               Rows Removed by Filter: 1
               Buffers: shared hit=2029 read=591
 Planning:
   Buffers: shared hit=483 read=91
 Planning Time: 13.528 ms
 Execution Time: 3128.390 ms
(73 rows)

