                                                                                                                 QUERY PLAN                                                                                                                  
---------------------------------------------------------------------------------------------------------------------------------------------------------------------------------------------------------------------------------------------
 Aggregate  (cost=475161.56..475161.57 rows=1 width=8) (actual time=48344.281..48344.288 rows=1 loops=1)
   Buffers: shared hit=4490096 read=541117
   ->  Nested Loop  (cost=4697.52..475161.56 rows=1 width=0) (actual time=115.499..48342.831 rows=2461 loops=1)
         Buffers: shared hit=4490096 read=541117
         ->  Nested Loop  (cost=4697.52..475159.14 rows=1 width=4) (actual time=115.491..48286.026 rows=2461 loops=1)
               Buffers: shared hit=4487635 read=541117
               ->  Nested Loop  (cost=4697.52..475156.71 rows=1 width=8) (actual time=115.468..48226.048 rows=2461 loops=1)
                     Buffers: shared hit=4485174 read=541117
                     ->  Hash Join  (cost=4697.09..475145.12 rows=5 width=12) (actual time=30.828..46317.957 rows=50124 loops=1)
                           Hash Cond: (ci.role_id = rt.id)
                           Buffers: shared hit=4309495 read=516300
                           ->  Nested Loop  (cost=4695.93..475143.75 rows=57 width=16) (actual time=30.441..45627.700 rows=3803573 loops=1)
                                 Buffers: shared hit=4309494 read=516300
                                 ->  Nested Loop  (cost=4695.49..474969.11 rows=4 width=20) (actual time=30.401..10107.585 rows=46666 loops=1)
                                       Buffers: shared hit=826486 read=157330
                                       ->  Hash Join  (cost=4695.05..467018.47 rows=187 width=12) (actual time=21.093..2298.960 rows=40507 loops=1)
                                             Hash Cond: (t.kind_id = kt.id)
                                             Buffers: shared hit=175462 read=32759
                                             ->  Nested Loop  (cost=4693.92..467015.50 rows=435 width=16) (actual time=20.644..2273.469 rows=46984 loops=1)
                                                   Buffers: shared hit=175461 read=32759
                                                   ->  Bitmap Heap Scan on movie_info mi2  (cost=4693.49..463120.19 rows=467 width=8) (actual time=20.562..601.235 rows=47162 loops=1)
                                                         Recheck Cond: (info_type_id = 5)
                                                         Filter: ((info)::text = ANY ('{Argentina:X,Australia:M,Canada:G,"Hong Kong:III","New Zealand:R18",Norway:18,Portugal:M/12,Singapore:PG,"South Korea:18","USA:Not Rated"}'::text[]))
                                                         Rows Removed by Filter: 439392
                                                         Heap Blocks: exact=19164
                                                         Buffers: shared hit=7425 read=12147
                                                         ->  Bitmap Index Scan on info_type_id_movie_info  (cost=0.00..4693.37 rows=439058 width=0) (actual time=17.899..17.900 rows=486554 loops=1)
                                                               Index Cond: (info_type_id = 5)
                                                               Buffers: shared hit=408
                                                   ->  Index Scan using title_pkey on title t  (cost=0.43..8.34 rows=1 width=8) (actual time=0.035..0.035 rows=1 loops=47162)
                                                         Index Cond: (id = mi2.movie_id)
                                                         Filter: ((production_year <= 2015) AND (1925 < production_year))
                                                         Rows Removed by Filter: 0
                                                         Buffers: shared hit=168036 read=20612
                                             ->  Hash  (cost=1.10..1.10 rows=3 width=4) (actual time=0.019..0.020 rows=3 loops=1)
                                                   Buckets: 1024  Batches: 1  Memory Usage: 9kB
                                                   Buffers: shared hit=1
                                                   ->  Seq Scan on kind_type kt  (cost=0.00..1.10 rows=3 width=4) (actual time=0.010..0.012 rows=3 loops=1)
                                                         Filter: ((kind)::text = ANY ('{episode,movie,"video movie"}'::text[]))
                                                         Rows Removed by Filter: 4
                                                         Buffers: shared hit=1
                                       ->  Index Scan using movie_id_movie_info on movie_info mi1  (cost=0.43..42.51 rows=1 width=8) (actual time=0.191..0.192 rows=1 loops=40507)
                                             Index Cond: (movie_id = t.id)
                                             Filter: ((info_type_id = 3) AND ((info)::text = ANY ('{Action,Adult,Adventure,Drama,Fantasy,Music,Romance,Thriller}'::text[])))
                                             Rows Removed by Filter: 85
                                             Buffers: shared hit=651024 read=124571
                                 ->  Index Scan using movie_id_cast_info on cast_info ci  (cost=0.44..43.28 rows=38 width=12) (actual time=0.037..0.738 rows=82 loops=46666)
                                       Index Cond: (movie_id = t.id)
                                       Buffers: shared hit=3483008 read=358970
                           ->  Hash  (cost=1.15..1.15 rows=1 width=4) (actual time=0.037..0.038 rows=1 loops=1)
                                 Buckets: 1024  Batches: 1  Memory Usage: 9kB
                                 Buffers: shared hit=1
                                 ->  Seq Scan on role_type rt  (cost=0.00..1.15 rows=1 width=4) (actual time=0.030..0.031 rows=1 loops=1)
                                       Filter: ((role)::text = 'director'::text)
                                       Rows Removed by Filter: 11
                                       Buffers: shared hit=1
                     ->  Index Scan using name_pkey on name n  (cost=0.43..2.32 rows=1 width=4) (actual time=0.037..0.037 rows=0 loops=50124)
                           Index Cond: (id = ci.person_id)
                           Filter: ((gender)::text = 'f'::text)
                           Rows Removed by Filter: 1
                           Buffers: shared hit=175679 read=24817
               ->  Seq Scan on info_type it1  (cost=0.00..2.41 rows=1 width=4) (actual time=0.012..0.021 rows=1 loops=2461)
                     Filter: (id = 3)
                     Rows Removed by Filter: 112
                     Buffers: shared hit=2461
         ->  Seq Scan on info_type it2  (cost=0.00..2.41 rows=1 width=4) (actual time=0.011..0.021 rows=1 loops=2461)
               Filter: (id = 5)
               Rows Removed by Filter: 112
               Buffers: shared hit=2461
 Planning:
   Buffers: shared hit=574
 Planning Time: 14.487 ms
 Execution Time: 48345.002 ms
(73 rows)

