                                                                                                    QUERY PLAN                                                                                                     
-------------------------------------------------------------------------------------------------------------------------------------------------------------------------------------------------------------------
 Aggregate  (cost=480378.56..480378.57 rows=1 width=8) (actual time=3372.663..3372.673 rows=1 loops=1)
   Buffers: shared hit=323564 read=22125
   ->  Nested Loop  (cost=4697.80..480378.56 rows=2 width=0) (actual time=435.669..3372.652 rows=14 loops=1)
         Buffers: shared hit=323564 read=22125
         ->  Seq Scan on info_type it2  (cost=0.00..2.41 rows=1 width=4) (actual time=0.041..0.052 rows=1 loops=1)
               Filter: (id = 5)
               Rows Removed by Filter: 112
               Buffers: shared hit=1
         ->  Nested Loop  (cost=4697.80..480376.12 rows=2 width=4) (actual time=435.626..3372.592 rows=14 loops=1)
               Buffers: shared hit=323563 read=22125
               ->  Seq Scan on info_type it1  (cost=0.00..2.41 rows=1 width=4) (actual time=0.006..0.019 rows=1 loops=1)
                     Filter: (id = 3)
                     Rows Removed by Filter: 112
                     Buffers: shared hit=1
               ->  Nested Loop  (cost=4697.80..480373.69 rows=2 width=8) (actual time=435.617..3372.562 rows=14 loops=1)
                     Buffers: shared hit=323562 read=22125
                     ->  Hash Join  (cost=4697.37..480362.09 rows=5 width=12) (actual time=26.859..3371.062 rows=57 loops=1)
                           Hash Cond: (ci.role_id = rt.id)
                           Buffers: shared hit=323402 read=22057
                           ->  Nested Loop  (cost=4696.21..480360.73 rows=57 width=16) (actual time=26.759..3370.467 rows=3836 loops=1)
                                 Buffers: shared hit=323401 read=22057
                                 ->  Nested Loop  (cost=4695.77..480181.21 rows=4 width=20) (actual time=26.721..3322.831 rows=336 loops=1)
                                       Buffers: shared hit=320397 read=20377
                                       ->  Hash Join  (cost=4695.33..476020.36 rows=96 width=12) (actual time=26.626..3278.871 rows=245 loops=1)
                                             Hash Cond: (t.kind_id = kt.id)
                                             Buffers: shared hit=318487 read=18510
                                             ->  Nested Loop  (cost=4694.20..476018.28 rows=224 width=16) (actual time=26.589..3268.702 rows=43106 loops=1)
                                                   Buffers: shared hit=318486 read=18510
                                                   ->  Bitmap Heap Scan on movie_info mi2  (cost=4693.77..463120.47 rows=1604 width=8) (actual time=19.283..518.106 rows=79356 loops=1)
                                                         Recheck Cond: (info_type_id = 5)
                                                         Filter: ((info)::text = ANY ('{Argentina:Atp,Australia:M,Finland:K-16,Norway:16,Sweden:15,UK:A,UK:U,USA:Approved,USA:Passed,"West Germany:12"}'::text[]))
                                                         Rows Removed by Filter: 407198
                                                         Heap Blocks: exact=19164
                                                         Buffers: shared hit=15928 read=3644
                                                         ->  Bitmap Index Scan on info_type_id_movie_info  (cost=0.00..4693.37 rows=439058 width=0) (actual time=16.617..16.618 rows=486554 loops=1)
                                                               Index Cond: (info_type_id = 5)
                                                               Buffers: shared read=408
                                                   ->  Index Scan using title_pkey on title t  (cost=0.43..8.04 rows=1 width=8) (actual time=0.034..0.034 rows=1 loops=79356)
                                                         Index Cond: (id = mi2.movie_id)
                                                         Filter: ((production_year <= 1975) AND (1925 < production_year))
                                                         Rows Removed by Filter: 0
                                                         Buffers: shared hit=302558 read=14866
                                             ->  Hash  (cost=1.10..1.10 rows=3 width=4) (actual time=0.016..0.017 rows=3 loops=1)
                                                   Buckets: 1024  Batches: 1  Memory Usage: 9kB
                                                   Buffers: shared hit=1
                                                   ->  Seq Scan on kind_type kt  (cost=0.00..1.10 rows=3 width=4) (actual time=0.010..0.011 rows=3 loops=1)
                                                         Filter: ((kind)::text = ANY ('{"tv series","video game","video movie"}'::text[]))
                                                         Rows Removed by Filter: 4
                                                         Buffers: shared hit=1
                                       ->  Index Scan using movie_id_movie_info on movie_info mi1  (cost=0.43..43.33 rows=1 width=8) (actual time=0.174..0.179 rows=1 loops=245)
                                             Index Cond: (movie_id = t.id)
                                             Filter: ((info_type_id = 3) AND ((info)::text = ANY ('{Adventure,Animation,Documentary,Drama,Family,Short,Thriller,Western}'::text[])))
                                             Rows Removed by Filter: 56
                                             Buffers: shared hit=1910 read=1867
                                 ->  Index Scan using movie_id_cast_info on cast_info ci  (cost=0.44..44.50 rows=38 width=12) (actual time=0.029..0.139 rows=11 loops=336)
                                       Index Cond: (movie_id = t.id)
                                       Buffers: shared hit=3004 read=1680
                           ->  Hash  (cost=1.15..1.15 rows=1 width=4) (actual time=0.013..0.014 rows=1 loops=1)
                                 Buckets: 1024  Batches: 1  Memory Usage: 9kB
                                 Buffers: shared hit=1
                                 ->  Seq Scan on role_type rt  (cost=0.00..1.15 rows=1 width=4) (actual time=0.007..0.009 rows=1 loops=1)
                                       Filter: ((role)::text = 'cinematographer'::text)
                                       Rows Removed by Filter: 11
                                       Buffers: shared hit=1
                     ->  Index Scan using name_pkey on name n  (cost=0.43..2.32 rows=1 width=4) (actual time=0.026..0.026 rows=0 loops=57)
                           Index Cond: (id = ci.person_id)
                           Filter: ((gender)::text = 'm'::text)
                           Rows Removed by Filter: 1
                           Buffers: shared hit=160 read=68
 Planning:
   Buffers: shared hit=529 read=45
 Planning Time: 12.657 ms
 Execution Time: 3373.314 ms
(73 rows)

