                                                                                              QUERY PLAN                                                                                               
-------------------------------------------------------------------------------------------------------------------------------------------------------------------------------------------------------
 Aggregate  (cost=461030.40..461030.41 rows=1 width=8) (actual time=51242.591..51242.599 rows=1 loops=1)
   Buffers: shared hit=4676727 read=670110
   ->  Nested Loop  (cost=4697.53..461030.38 rows=9 width=0) (actual time=52.206..51232.425 rows=29546 loops=1)
         Buffers: shared hit=4676727 read=670110
         ->  Hash Join  (cost=4697.10..460979.35 rows=22 width=4) (actual time=36.075..47385.049 rows=106629 loops=1)
               Hash Cond: (ci.role_id = rt.id)
               Buffers: shared hit=4281529 read=638792
               ->  Nested Loop  (cost=4695.93..460977.71 rows=129 width=8) (actual time=20.209..46694.019 rows=3729497 loops=1)
                     Buffers: shared hit=4281528 read=638792
                     ->  Nested Loop  (cost=4695.49..460584.77 rows=9 width=12) (actual time=20.165..10623.775 rows=62175 loops=1)
                           Buffers: shared hit=937750 read=150469
                           ->  Seq Scan on info_type it2  (cost=0.00..2.41 rows=1 width=4) (actual time=0.034..0.044 rows=1 loops=1)
                                 Filter: (id = 5)
                                 Rows Removed by Filter: 112
                                 Buffers: shared hit=1
                           ->  Nested Loop  (cost=4695.49..460582.27 rows=9 width=16) (actual time=20.129..10607.563 rows=62175 loops=1)
                                 Buffers: shared hit=937749 read=150469
                                 ->  Seq Scan on info_type it1  (cost=0.00..2.41 rows=1 width=4) (actual time=0.009..0.020 rows=1 loops=1)
                                       Filter: (id = 3)
                                       Rows Removed by Filter: 112
                                       Buffers: shared hit=1
                                 ->  Nested Loop  (cost=4695.49..460579.77 rows=9 width=20) (actual time=20.117..10590.694 rows=62175 loops=1)
                                       Buffers: shared hit=937748 read=150469
                                       ->  Hash Join  (cost=4695.06..452331.51 rows=194 width=12) (actual time=20.054..2434.960 rows=48843 loops=1)
                                             Hash Cond: (t.kind_id = kt.id)
                                             Buffers: shared hit=208486 read=26867
                                             ->  Nested Loop  (cost=4693.92..452328.47 rows=452 width=16) (actual time=19.699..2404.266 rows=53221 loops=1)
                                                   Buffers: shared hit=208485 read=26867
                                                   ->  Bitmap Heap Scan on movie_info mi2  (cost=4693.49..448289.01 rows=485 width=8) (actual time=19.603..531.954 rows=53945 loops=1)
                                                         Recheck Cond: (info_type_id = 5)
                                                         Filter: ((info)::text = ANY ('{Argentina:Unrated,Belgium:KT,Canada:14A,Finland:S,Norway:15,Sweden:15,UK:R18,"USA:Not Rated",USA:R}'::text[]))
                                                         Rows Removed by Filter: 432609
                                                         Heap Blocks: exact=19164
                                                         Buffers: shared hit=8146 read=11426
                                                         ->  Bitmap Index Scan on info_type_id_movie_info  (cost=0.00..4693.37 rows=439058 width=0) (actual time=16.785..16.785 rows=486554 loops=1)
                                                               Index Cond: (info_type_id = 5)
                                                               Buffers: shared hit=408
                                                   ->  Index Scan using title_pkey on title t  (cost=0.43..8.33 rows=1 width=8) (actual time=0.034..0.034 rows=1 loops=53945)
                                                         Index Cond: (id = mi2.movie_id)
                                                         Filter: ((production_year <= 2015) AND (1925 < production_year))
                                                         Rows Removed by Filter: 0
                                                         Buffers: shared hit=200339 read=15441
                                             ->  Hash  (cost=1.10..1.10 rows=3 width=4) (actual time=0.018..0.019 rows=3 loops=1)
                                                   Buckets: 1024  Batches: 1  Memory Usage: 9kB
                                                   Buffers: shared hit=1
                                                   ->  Seq Scan on kind_type kt  (cost=0.00..1.10 rows=3 width=4) (actual time=0.009..0.011 rows=3 loops=1)
                                                         Filter: ((kind)::text = ANY ('{episode,movie,"video movie"}'::text[]))
                                                         Rows Removed by Filter: 4
                                                         Buffers: shared hit=1
                                       ->  Index Scan using movie_id_movie_info on movie_info mi1  (cost=0.43..42.51 rows=1 width=8) (actual time=0.165..0.166 rows=1 loops=48843)
                                             Index Cond: (movie_id = t.id)
                                             Filter: ((info_type_id = 3) AND ((info)::text = ANY ('{Adult,Comedy,Crime,Documentary,Drama,Mystery,Short,Thriller}'::text[])))
                                             Rows Removed by Filter: 60
                                             Buffers: shared hit=729262 read=123602
                     ->  Index Scan using movie_id_cast_info on cast_info ci  (cost=0.44..43.28 rows=38 width=12) (actual time=0.035..0.563 rows=60 loops=62175)
                           Index Cond: (movie_id = t.id)
                           Buffers: shared hit=3343778 read=488323
               ->  Hash  (cost=1.15..1.15 rows=2 width=4) (actual time=0.042..0.043 rows=2 loops=1)
                     Buckets: 1024  Batches: 1  Memory Usage: 9kB
                     Buffers: shared hit=1
                     ->  Seq Scan on role_type rt  (cost=0.00..1.15 rows=2 width=4) (actual time=0.030..0.032 rows=2 loops=1)
                           Filter: ((role)::text = ANY ('{"costume designer",editor}'::text[]))
                           Rows Removed by Filter: 10
                           Buffers: shared hit=1
         ->  Index Scan using name_pkey on name n  (cost=0.43..2.32 rows=1 width=4) (actual time=0.035..0.035 rows=0 loops=106629)
               Index Cond: (id = ci.person_id)
               Filter: ((gender)::text = 'm'::text)
               Rows Removed by Filter: 1
               Buffers: shared hit=395198 read=31318
 Planning:
   Buffers: shared hit=574
 Planning Time: 13.541 ms
 Execution Time: 51243.285 ms
(73 rows)

