                                                                                                    QUERY PLAN                                                                                                    
------------------------------------------------------------------------------------------------------------------------------------------------------------------------------------------------------------------
 Aggregate  (cost=455563.03..455563.04 rows=1 width=8) (actual time=2665.764..2665.774 rows=1 loops=1)
   Buffers: shared hit=247863 read=23407
   ->  Nested Loop  (cost=4697.56..455563.02 rows=1 width=0) (actual time=23.141..2665.753 rows=44 loops=1)
         Buffers: shared hit=247863 read=23407
         ->  Hash Join  (cost=4697.13..455560.70 rows=1 width=4) (actual time=23.103..2664.007 rows=44 loops=1)
               Hash Cond: (ci.role_id = rt.id)
               Buffers: shared hit=247762 read=23332
               ->  Nested Loop  (cost=4695.97..455559.49 rows=14 width=8) (actual time=23.006..2663.868 rows=524 loops=1)
                     Buffers: shared hit=247761 read=23332
                     ->  Nested Loop  (cost=4695.53..455514.61 rows=1 width=12) (actual time=22.969..2658.185 rows=82 loops=1)
                           Buffers: shared hit=247364 read=22996
                           ->  Nested Loop  (cost=4695.53..455512.19 rows=1 width=16) (actual time=22.963..2657.383 rows=82 loops=1)
                                 Buffers: shared hit=247282 read=22996
                                 ->  Nested Loop  (cost=4695.53..455509.77 rows=1 width=20) (actual time=22.946..2656.512 rows=82 loops=1)
                                       Buffers: shared hit=247200 read=22996
                                       ->  Hash Join  (cost=4695.09..454257.30 rows=29 width=12) (actual time=22.855..2641.007 rows=128 loops=1)
                                             Hash Cond: (t.kind_id = kt.id)
                                             Buffers: shared hit=246600 read=21753
                                             ->  Nested Loop  (cost=4693.98..454255.77 rows=101 width=16) (actual time=22.809..2632.362 rows=39777 loops=1)
                                                   Buffers: shared hit=246599 read=21753
                                                   ->  Bitmap Heap Scan on movie_info mi2  (cost=4693.55..448289.07 rows=722 width=8) (actual time=20.475..503.061 rows=62195 loops=1)
                                                         Recheck Cond: (info_type_id = 5)
                                                         Filter: ((info)::text = ANY ('{Argentina:13,Finland:K-16,Finland:S,Norway:16,Sweden:15,UK:U,USA:Approved,"West Germany:12","West Germany:16"}'::text[]))
                                                         Rows Removed by Filter: 424359
                                                         Heap Blocks: exact=19164
                                                         Buffers: shared hit=4088 read=15484
                                                         ->  Bitmap Index Scan on info_type_id_movie_info  (cost=0.00..4693.37 rows=439058 width=0) (actual time=17.257..17.257 rows=486554 loops=1)
                                                               Index Cond: (info_type_id = 5)
                                                               Buffers: shared read=408
                                                   ->  Index Scan using title_pkey on title t  (cost=0.43..8.26 rows=1 width=8) (actual time=0.034..0.034 rows=1 loops=62195)
                                                         Index Cond: (id = mi2.movie_id)
                                                         Filter: ((production_year <= 1975) AND (1925 < production_year))
                                                         Rows Removed by Filter: 0
                                                         Buffers: shared hit=242511 read=6269
                                             ->  Hash  (cost=1.09..1.09 rows=2 width=4) (actual time=0.022..0.023 rows=2 loops=1)
                                                   Buckets: 1024  Batches: 1  Memory Usage: 9kB
                                                   Buffers: shared hit=1
                                                   ->  Seq Scan on kind_type kt  (cost=0.00..1.09 rows=2 width=4) (actual time=0.011..0.012 rows=2 loops=1)
                                                         Filter: ((kind)::text = ANY ('{"tv series","video game"}'::text[]))
                                                         Rows Removed by Filter: 5
                                                         Buffers: shared hit=1
                                       ->  Index Scan using movie_id_movie_info on movie_info mi1  (cost=0.43..43.18 rows=1 width=8) (actual time=0.118..0.121 rows=1 loops=128)
                                             Index Cond: (movie_id = t.id)
                                             Filter: ((info_type_id = 3) AND ((info)::text = ANY ('{Comedy,Drama,Musical,Short,Thriller}'::text[])))
                                             Rows Removed by Filter: 48
                                             Buffers: shared hit=600 read=1243
                                 ->  Seq Scan on info_type it1  (cost=0.00..2.41 rows=1 width=4) (actual time=0.004..0.009 rows=1 loops=82)
                                       Filter: (id = 3)
                                       Rows Removed by Filter: 112
                                       Buffers: shared hit=82
                           ->  Seq Scan on info_type it2  (cost=0.00..2.41 rows=1 width=4) (actual time=0.004..0.009 rows=1 loops=82)
                                 Filter: (id = 5)
                                 Rows Removed by Filter: 112
                                 Buffers: shared hit=82
                     ->  Index Scan using movie_id_cast_info on cast_info ci  (cost=0.44..44.50 rows=38 width=12) (actual time=0.032..0.068 rows=6 loops=82)
                           Index Cond: (movie_id = t.id)
                           Buffers: shared hit=397 read=336
               ->  Hash  (cost=1.15..1.15 rows=1 width=4) (actual time=0.034..0.035 rows=1 loops=1)
                     Buckets: 1024  Batches: 1  Memory Usage: 9kB
                     Buffers: shared hit=1
                     ->  Seq Scan on role_type rt  (cost=0.00..1.15 rows=1 width=4) (actual time=0.026..0.028 rows=1 loops=1)
                           Filter: ((role)::text = 'actress'::text)
                           Rows Removed by Filter: 11
                           Buffers: shared hit=1
         ->  Index Scan using name_pkey on name n  (cost=0.43..2.32 rows=1 width=4) (actual time=0.039..0.039 rows=1 loops=44)
               Index Cond: (id = ci.person_id)
               Filter: ((gender)::text = 'f'::text)
               Buffers: shared hit=101 read=75
 Planning:
   Buffers: shared hit=529 read=45
 Planning Time: 13.348 ms
 Execution Time: 2666.460 ms
(72 rows)

