                                                                                                      QUERY PLAN                                                                                                      
----------------------------------------------------------------------------------------------------------------------------------------------------------------------------------------------------------------------
 Aggregate  (cost=480007.97..480007.98 rows=1 width=8) (actual time=4908.586..4908.595 rows=1 loops=1)
   Buffers: shared hit=442127 read=62745
   ->  Nested Loop  (cost=4697.59..480007.97 rows=1 width=0) (actual time=1163.302..4908.572 rows=14 loops=1)
         Buffers: shared hit=442127 read=62745
         ->  Nested Loop  (cost=4697.59..480005.55 rows=1 width=4) (actual time=1163.293..4908.327 rows=14 loops=1)
               Buffers: shared hit=442113 read=62745
               ->  Nested Loop  (cost=4697.59..480003.12 rows=1 width=8) (actual time=1163.270..4908.026 rows=14 loops=1)
                     Buffers: shared hit=442099 read=62745
                     ->  Hash Join  (cost=4697.16..479989.21 rows=6 width=12) (actual time=77.493..4856.628 rows=1170 loops=1)
                           Hash Cond: (ci.role_id = rt.id)
                           Buffers: shared hit=438021 read=62143
                           ->  Nested Loop  (cost=4696.00..479987.79 rows=72 width=16) (actual time=37.047..4846.145 rows=59950 loops=1)
                                 Buffers: shared hit=438020 read=62143
                                 ->  Nested Loop  (cost=4695.56..479769.49 rows=5 width=20) (actual time=37.000..4199.701 rows=1830 loops=1)
                                       Buffers: shared hit=394258 read=43117
                                       ->  Hash Join  (cost=4695.13..470129.81 rows=227 width=12) (actual time=18.725..2333.049 rows=18710 loops=1)
                                             Hash Cond: (t.kind_id = kt.id)
                                             Buffers: shared hit=235256 read=4889
                                             ->  Nested Loop  (cost=4694.01..470125.36 rows=793 width=16) (actual time=18.282..2316.073 rows=54947 loops=1)
                                                   Buffers: shared hit=235255 read=4889
                                                   ->  Bitmap Heap Scan on movie_info mi2  (cost=4693.58..463120.28 rows=851 width=8) (actual time=18.158..495.302 rows=55143 loops=1)
                                                         Recheck Cond: (info_type_id = 5)
                                                         Filter: ((info)::text = ANY ('{Australia:PG,Finland:K-15,Finland:S,Germany:6,"Hong Kong:IIA",India:U,Switzerland:7,UK:18,USA:X,"West Germany:12"}'::text[]))
                                                         Rows Removed by Filter: 431411
                                                         Heap Blocks: exact=19164
                                                         Buffers: shared hit=19559 read=13
                                                         ->  Bitmap Index Scan on info_type_id_movie_info  (cost=0.00..4693.37 rows=439058 width=0) (actual time=15.560..15.561 rows=486554 loops=1)
                                                               Index Cond: (info_type_id = 5)
                                                               Buffers: shared hit=408
                                                   ->  Index Scan using title_pkey on title t  (cost=0.43..8.23 rows=1 width=8) (actual time=0.032..0.032 rows=1 loops=55143)
                                                         Index Cond: (id = mi2.movie_id)
                                                         Filter: ((production_year <= 2015) AND (1925 < production_year))
                                                         Rows Removed by Filter: 0
                                                         Buffers: shared hit=215696 read=4876
                                             ->  Hash  (cost=1.09..1.09 rows=2 width=4) (actual time=0.015..0.016 rows=2 loops=1)
                                                   Buckets: 1024  Batches: 1  Memory Usage: 9kB
                                                   Buffers: shared hit=1
                                                   ->  Seq Scan on kind_type kt  (cost=0.00..1.09 rows=2 width=4) (actual time=0.008..0.009 rows=2 loops=1)
                                                         Filter: ((kind)::text = ANY ('{episode,"video movie"}'::text[]))
                                                         Rows Removed by Filter: 5
                                                         Buffers: shared hit=1
                                       ->  Index Scan using movie_id_movie_info on movie_info mi1  (cost=0.43..42.46 rows=1 width=8) (actual time=0.099..0.099 rows=0 loops=18710)
                                             Index Cond: (movie_id = t.id)
                                             Filter: ((info_type_id = 3) AND ((info)::text = ANY ('{Adventure,Animation,Comedy,Crime,Drama,Family,Mystery}'::text[])))
                                             Rows Removed by Filter: 9
                                             Buffers: shared hit=159002 read=38228
                                 ->  Index Scan using movie_id_cast_info on cast_info ci  (cost=0.44..43.28 rows=38 width=12) (actual time=0.036..0.344 rows=33 loops=1830)
                                       Index Cond: (movie_id = t.id)
                                       Buffers: shared hit=43762 read=19026
                           ->  Hash  (cost=1.15..1.15 rows=1 width=4) (actual time=0.028..0.028 rows=1 loops=1)
                                 Buckets: 1024  Batches: 1  Memory Usage: 9kB
                                 Buffers: shared hit=1
                                 ->  Seq Scan on role_type rt  (cost=0.00..1.15 rows=1 width=4) (actual time=0.021..0.023 rows=1 loops=1)
                                       Filter: ((role)::text = 'composer'::text)
                                       Rows Removed by Filter: 11
                                       Buffers: shared hit=1
                     ->  Index Scan using name_pkey on name n  (cost=0.43..2.32 rows=1 width=4) (actual time=0.043..0.043 rows=0 loops=1170)
                           Index Cond: (id = ci.person_id)
                           Filter: ((gender)::text = 'f'::text)
                           Rows Removed by Filter: 1
                           Buffers: shared hit=4078 read=602
               ->  Seq Scan on info_type it1  (cost=0.00..2.41 rows=1 width=4) (actual time=0.009..0.018 rows=1 loops=14)
                     Filter: (id = 3)
                     Rows Removed by Filter: 112
                     Buffers: shared hit=14
         ->  Seq Scan on info_type it2  (cost=0.00..2.41 rows=1 width=4) (actual time=0.007..0.015 rows=1 loops=14)
               Filter: (id = 5)
               Rows Removed by Filter: 112
               Buffers: shared hit=14
 Planning:
   Buffers: shared hit=574
 Planning Time: 11.545 ms
 Execution Time: 4909.177 ms
(73 rows)

