                                                                                             QUERY PLAN                                                                                              
-----------------------------------------------------------------------------------------------------------------------------------------------------------------------------------------------------
 Aggregate  (cost=414080.91..414080.92 rows=1 width=8) (actual time=19799.842..19799.849 rows=1 loops=1)
   Buffers: shared hit=1795559 read=274865
   ->  Nested Loop  (cost=4697.62..414080.91 rows=1 width=0) (actual time=68.321..19799.500 rows=609 loops=1)
         Buffers: shared hit=1795559 read=274865
         ->  Nested Loop  (cost=4697.62..414078.49 rows=1 width=4) (actual time=68.304..19787.224 rows=609 loops=1)
               Buffers: shared hit=1794950 read=274865
               ->  Nested Loop  (cost=4697.62..414076.06 rows=1 width=8) (actual time=68.276..19772.990 rows=609 loops=1)
                     Buffers: shared hit=1794341 read=274865
                     ->  Hash Join  (cost=4697.19..414064.47 rows=5 width=12) (actual time=39.514..18023.039 rows=48721 loops=1)
                           Hash Cond: (ci.role_id = rt.id)
                           Buffers: shared hit=1611286 read=263036
                           ->  Nested Loop  (cost=4696.02..414063.19 rows=29 width=16) (actual time=39.203..17800.133 rows=1232891 loops=1)
                                 Buffers: shared hit=1611285 read=263036
                                 ->  Nested Loop  (cost=4695.58..413974.44 rows=2 width=20) (actual time=39.152..6013.418 rows=23023 loops=1)
                                       Buffers: shared hit=497818 read=98385
                                       ->  Hash Join  (cost=4695.14..410675.27 rows=77 width=12) (actual time=38.876..2177.535 rows=20274 loops=1)
                                             Hash Cond: (t.kind_id = kt.id)
                                             Buffers: shared hit=192051 read=23894
                                             ->  Nested Loop  (cost=4694.01..410673.38 rows=180 width=16) (actual time=19.553..2166.625 rows=21253 loops=1)
                                                   Buffers: shared hit=192050 read=23894
                                                   ->  Bitmap Heap Scan on movie_info mi2  (cost=4693.58..403795.54 rows=835 width=8) (actual time=19.499..471.976 rows=49093 loops=1)
                                                         Recheck Cond: (info_type_id = 5)
                                                         Filter: ((info)::text = ANY ('{Australia:M,Australia:PG,Iceland:L,Sweden:15,UK:18,"West Germany:12"}'::text[]))
                                                         Rows Removed by Filter: 437461
                                                         Heap Blocks: exact=19164
                                                         Buffers: shared hit=10607 read=8965
                                                         ->  Bitmap Index Scan on info_type_id_movie_info  (cost=0.00..4693.37 rows=439058 width=0) (actual time=16.937..16.937 rows=486554 loops=1)
                                                               Index Cond: (info_type_id = 5)
                                                               Buffers: shared hit=408
                                                   ->  Index Scan using title_pkey on title t  (cost=0.43..8.24 rows=1 width=8) (actual time=0.034..0.034 rows=0 loops=49093)
                                                         Index Cond: (id = mi2.movie_id)
                                                         Filter: ((production_year <= 1990) AND (1950 < production_year))
                                                         Rows Removed by Filter: 1
                                                         Buffers: shared hit=181443 read=14929
                                             ->  Hash  (cost=1.10..1.10 rows=3 width=4) (actual time=0.017..0.018 rows=3 loops=1)
                                                   Buckets: 1024  Batches: 1  Memory Usage: 9kB
                                                   Buffers: shared hit=1
                                                   ->  Seq Scan on kind_type kt  (cost=0.00..1.10 rows=3 width=4) (actual time=0.009..0.011 rows=3 loops=1)
                                                         Filter: ((kind)::text = ANY ('{episode,movie,"tv movie"}'::text[]))
                                                         Rows Removed by Filter: 4
                                                         Buffers: shared hit=1
                                       ->  Index Scan using movie_id_movie_info on movie_info mi1  (cost=0.43..42.84 rows=1 width=8) (actual time=0.187..0.188 rows=1 loops=20274)
                                             Index Cond: (movie_id = t.id)
                                             Filter: ((info_type_id = 3) AND ((info)::text = ANY ('{Action,Comedy,Crime,Drama,Horror}'::text[])))
                                             Rows Removed by Filter: 67
                                             Buffers: shared hit=305767 read=74491
                                 ->  Index Scan using movie_id_cast_info on cast_info ci  (cost=0.44..43.99 rows=38 width=12) (actual time=0.036..0.497 rows=54 loops=23023)
                                       Index Cond: (movie_id = t.id)
                                       Buffers: shared hit=1113467 read=164651
                           ->  Hash  (cost=1.15..1.15 rows=2 width=4) (actual time=0.035..0.036 rows=2 loops=1)
                                 Buckets: 1024  Batches: 1  Memory Usage: 9kB
                                 Buffers: shared hit=1
                                 ->  Seq Scan on role_type rt  (cost=0.00..1.15 rows=2 width=4) (actual time=0.027..0.029 rows=2 loops=1)
                                       Filter: ((role)::text = ANY ('{cinematographer,director}'::text[]))
                                       Rows Removed by Filter: 10
                                       Buffers: shared hit=1
                     ->  Index Scan using name_pkey on name n  (cost=0.43..2.32 rows=1 width=4) (actual time=0.035..0.035 rows=0 loops=48721)
                           Index Cond: (id = ci.person_id)
                           Filter: ((gender)::text = 'f'::text)
                           Rows Removed by Filter: 1
                           Buffers: shared hit=183055 read=11829
               ->  Seq Scan on info_type it1  (cost=0.00..2.41 rows=1 width=4) (actual time=0.011..0.020 rows=1 loops=609)
                     Filter: (id = 3)
                     Rows Removed by Filter: 112
                     Buffers: shared hit=609
         ->  Seq Scan on info_type it2  (cost=0.00..2.41 rows=1 width=4) (actual time=0.009..0.018 rows=1 loops=609)
               Filter: (id = 5)
               Rows Removed by Filter: 112
               Buffers: shared hit=609
 Planning:
   Buffers: shared hit=574
 Planning Time: 13.751 ms
 Execution Time: 19800.516 ms
(73 rows)

