                                                                                                       QUERY PLAN                                                                                                        
-------------------------------------------------------------------------------------------------------------------------------------------------------------------------------------------------------------------------
 Aggregate  (cost=469418.14..469418.15 rows=1 width=8) (actual time=140611.590..140611.598 rows=1 loops=1)
   Buffers: shared hit=13871893 read=788841
   ->  Nested Loop  (cost=4697.62..469418.13 rows=7 width=0) (actual time=29.598..140253.717 rows=2007452 loops=1)
         Buffers: shared hit=13871893 read=788841
         ->  Hash Join  (cost=4697.19..469378.69 rows=17 width=4) (actual time=29.561..65864.498 rows=2043555 loops=1)
               Hash Cond: (ci.role_id = rt.id)
               Buffers: shared hit=5775440 read=711074
               ->  Nested Loop  (cost=4696.02..469377.17 rows=100 width=8) (actual time=29.496..64327.566 rows=5069994 loops=1)
                     Buffers: shared hit=5775439 read=711074
                     ->  Nested Loop  (cost=4695.58..469071.55 rows=7 width=12) (actual time=29.455..14000.570 rows=73056 loops=1)
                           Buffers: shared hit=1145424 read=164857
                           ->  Seq Scan on info_type it2  (cost=0.00..2.41 rows=1 width=4) (actual time=0.031..0.041 rows=1 loops=1)
                                 Filter: (id = 5)
                                 Rows Removed by Filter: 112
                                 Buffers: shared hit=1
                           ->  Nested Loop  (cost=4695.58..469069.07 rows=7 width=16) (actual time=29.423..13979.078 rows=73056 loops=1)
                                 Buffers: shared hit=1145423 read=164857
                                 ->  Seq Scan on info_type it1  (cost=0.00..2.41 rows=1 width=4) (actual time=0.008..0.020 rows=1 loops=1)
                                       Filter: (id = 3)
                                       Rows Removed by Filter: 112
                                       Buffers: shared hit=1
                                 ->  Nested Loop  (cost=4695.58..469066.58 rows=7 width=20) (actual time=29.412..13957.522 rows=73056 loops=1)
                                       Buffers: shared hit=1145422 read=164857
                                       ->  Hash Join  (cost=4695.14..455086.78 rows=330 width=12) (actual time=23.776..2967.187 rows=55981 loops=1)
                                             Hash Cond: (t.kind_id = kt.id)
                                             Buffers: shared hit=225104 read=34997
                                             ->  Nested Loop  (cost=4694.01..455082.40 rows=769 width=16) (actual time=20.758..2928.578 rows=59719 loops=1)
                                                   Buffers: shared hit=225103 read=34997
                                                   ->  Bitmap Heap Scan on movie_info mi2  (cost=4693.58..448289.09 rows=825 width=8) (actual time=20.713..612.257 rows=60132 loops=1)
                                                         Recheck Cond: (info_type_id = 5)
                                                         Filter: ((info)::text = ANY ('{Argentina:13,Finland:K-16,"Hong Kong:IIB",Singapore:PG,"South Korea:18",Sweden:15,UK:15,USA:Passed,"West Germany:12"}'::text[]))
                                                         Rows Removed by Filter: 426422
                                                         Heap Blocks: exact=19164
                                                         Buffers: shared hit=5694 read=13878
                                                         ->  Bitmap Index Scan on info_type_id_movie_info  (cost=0.00..4693.37 rows=439058 width=0) (actual time=17.778..17.778 rows=486554 loops=1)
                                                               Index Cond: (info_type_id = 5)
                                                               Buffers: shared read=408
                                                   ->  Index Scan using title_pkey on title t  (cost=0.43..8.23 rows=1 width=8) (actual time=0.038..0.038 rows=1 loops=60132)
                                                         Index Cond: (id = mi2.movie_id)
                                                         Filter: ((production_year <= 2015) AND (1925 < production_year))
                                                         Rows Removed by Filter: 0
                                                         Buffers: shared hit=219409 read=21119
                                             ->  Hash  (cost=1.10..1.10 rows=3 width=4) (actual time=0.014..0.015 rows=3 loops=1)
                                                   Buckets: 1024  Batches: 1  Memory Usage: 9kB
                                                   Buffers: shared hit=1
                                                   ->  Seq Scan on kind_type kt  (cost=0.00..1.10 rows=3 width=4) (actual time=0.008..0.010 rows=3 loops=1)
                                                         Filter: ((kind)::text = ANY ('{episode,movie,"video movie"}'::text[]))
                                                         Rows Removed by Filter: 4
                                                         Buffers: shared hit=1
                                       ->  Index Scan using movie_id_movie_info on movie_info mi1  (cost=0.43..42.35 rows=1 width=8) (actual time=0.194..0.195 rows=1 loops=55981)
                                             Index Cond: (movie_id = t.id)
                                             Filter: ((info_type_id = 3) AND ((info)::text = ANY ('{Action,Comedy,Drama,Romance,Thriller}'::text[])))
                                             Rows Removed by Filter: 75
                                             Buffers: shared hit=920318 read=129860
                     ->  Index Scan using movie_id_cast_info on cast_info ci  (cost=0.44..43.28 rows=38 width=12) (actual time=0.037..0.668 rows=69 loops=73056)
                           Index Cond: (movie_id = t.id)
                           Buffers: shared hit=4630015 read=546217
               ->  Hash  (cost=1.15..1.15 rows=2 width=4) (actual time=0.038..0.039 rows=2 loops=1)
                     Buckets: 1024  Batches: 1  Memory Usage: 9kB
                     Buffers: shared hit=1
                     ->  Seq Scan on role_type rt  (cost=0.00..1.15 rows=2 width=4) (actual time=0.029..0.032 rows=2 loops=1)
                           Filter: ((role)::text = ANY ('{actor,cinematographer}'::text[]))
                           Rows Removed by Filter: 10
                           Buffers: shared hit=1
         ->  Index Scan using name_pkey on name n  (cost=0.43..2.32 rows=1 width=4) (actual time=0.036..0.036 rows=1 loops=2043555)
               Index Cond: (id = ci.person_id)
               Filter: ((gender)::text = 'm'::text)
               Rows Removed by Filter: 0
               Buffers: shared hit=8096453 read=77767
 Planning:
   Buffers: shared hit=483 read=91
 Planning Time: 14.122 ms
 Execution Time: 140612.275 ms
(73 rows)

