                                                                                             QUERY PLAN                                                                                              
-----------------------------------------------------------------------------------------------------------------------------------------------------------------------------------------------------
 Aggregate  (cost=363143.25..363143.26 rows=1 width=8) (actual time=10852.737..10852.744 rows=1 loops=1)
   Buffers: shared hit=958783 read=135735
   ->  Nested Loop  (cost=4697.50..363143.25 rows=1 width=0) (actual time=35.576..10850.457 rows=9096 loops=1)
         Buffers: shared hit=958783 read=135735
         ->  Hash Join  (cost=4697.07..363138.61 rows=2 width=4) (actual time=35.518..9987.562 rows=23398 loops=1)
               Hash Cond: (ci.role_id = rt.id)
               Buffers: shared hit=874187 read=126739
               ->  Nested Loop  (cost=4695.89..363137.39 rows=14 width=8) (actual time=35.221..9911.240 rows=428244 loops=1)
                     Buffers: shared hit=874186 read=126739
                     ->  Nested Loop  (cost=4695.45..363092.51 rows=1 width=12) (actual time=35.180..5669.734 rows=12125 loops=1)
                           Buffers: shared hit=448786 read=95235
                           ->  Nested Loop  (cost=4695.45..363090.09 rows=1 width=16) (actual time=35.174..5407.445 rows=12125 loops=1)
                                 Buffers: shared hit=436661 read=95235
                                 ->  Nested Loop  (cost=4695.45..363087.66 rows=1 width=20) (actual time=35.152..5135.480 rows=12125 loops=1)
                                       Buffers: shared hit=424536 read=95235
                                       ->  Hash Join  (cost=4695.02..362182.86 rows=21 width=12) (actual time=34.896..1407.046 rows=23721 loops=1)
                                             Hash Cond: (t.kind_id = kt.id)
                                             Buffers: shared hit=102788 read=28405
                                             ->  Nested Loop  (cost=4693.89..362181.52 rows=48 width=16) (actual time=34.848..1395.007 rows=23730 loops=1)
                                                   Buffers: shared hit=102787 read=28405
                                                   ->  Bitmap Heap Scan on movie_info mi2  (cost=4693.46..359301.86 rows=344 width=8) (actual time=21.987..415.325 rows=27905 loops=1)
                                                         Recheck Cond: (info_type_id = 5)
                                                         Filter: ((info)::text = ANY ('{Sweden:15,USA:Approved,USA:Passed}'::text[]))
                                                         Rows Removed by Filter: 458649
                                                         Heap Blocks: exact=19164
                                                         Buffers: shared hit=3166 read=16406
                                                         ->  Bitmap Index Scan on info_type_id_movie_info  (cost=0.00..4693.37 rows=439058 width=0) (actual time=17.646..17.647 rows=486554 loops=1)
                                                               Index Cond: (info_type_id = 5)
                                                               Buffers: shared read=408
                                                   ->  Index Scan using title_pkey on title t  (cost=0.43..8.37 rows=1 width=8) (actual time=0.034..0.034 rows=1 loops=27905)
                                                         Index Cond: (id = mi2.movie_id)
                                                         Filter: ((production_year <= 1975) AND (1925 < production_year))
                                                         Rows Removed by Filter: 0
                                                         Buffers: shared hit=99621 read=11999
                                             ->  Hash  (cost=1.10..1.10 rows=3 width=4) (actual time=0.022..0.023 rows=3 loops=1)
                                                   Buckets: 1024  Batches: 1  Memory Usage: 9kB
                                                   Buffers: shared hit=1
                                                   ->  Seq Scan on kind_type kt  (cost=0.00..1.10 rows=3 width=4) (actual time=0.010..0.012 rows=3 loops=1)
                                                         Filter: ((kind)::text = ANY ('{episode,movie,"tv movie"}'::text[]))
                                                         Rows Removed by Filter: 4
                                                         Buffers: shared hit=1
                                       ->  Index Scan using movie_id_movie_info on movie_info mi1  (cost=0.43..43.08 rows=1 width=8) (actual time=0.156..0.157 rows=1 loops=23721)
                                             Index Cond: (movie_id = t.id)
                                             Filter: ((info_type_id = 3) AND ((info)::text = ANY ('{Comedy,Crime,Music}'::text[])))
                                             Rows Removed by Filter: 35
                                             Buffers: shared hit=321748 read=66830
                                 ->  Seq Scan on info_type it1  (cost=0.00..2.41 rows=1 width=4) (actual time=0.011..0.020 rows=1 loops=12125)
                                       Filter: (id = 3)
                                       Rows Removed by Filter: 112
                                       Buffers: shared hit=12125
                           ->  Seq Scan on info_type it2  (cost=0.00..2.41 rows=1 width=4) (actual time=0.010..0.020 rows=1 loops=12125)
                                 Filter: (id = 5)
                                 Rows Removed by Filter: 112
                                 Buffers: shared hit=12125
                     ->  Index Scan using movie_id_cast_info on cast_info ci  (cost=0.44..44.50 rows=38 width=12) (actual time=0.036..0.340 rows=35 loops=12125)
                           Index Cond: (movie_id = t.id)
                           Buffers: shared hit=425400 read=31504
               ->  Hash  (cost=1.15..1.15 rows=2 width=4) (actual time=0.040..0.041 rows=2 loops=1)
                     Buckets: 1024  Batches: 1  Memory Usage: 9kB
                     Buffers: shared hit=1
                     ->  Seq Scan on role_type rt  (cost=0.00..1.15 rows=2 width=4) (actual time=0.031..0.034 rows=2 loops=1)
                           Filter: ((role)::text = ANY ('{composer,"miscellaneous crew"}'::text[]))
                           Rows Removed by Filter: 10
                           Buffers: shared hit=1
         ->  Index Scan using name_pkey on name n  (cost=0.43..2.32 rows=1 width=4) (actual time=0.036..0.036 rows=0 loops=23398)
               Index Cond: (id = ci.person_id)
               Filter: ((gender)::text = 'm'::text)
               Rows Removed by Filter: 1
               Buffers: shared hit=84596 read=8996
 Planning:
   Buffers: shared hit=483 read=91
 Planning Time: 13.821 ms
 Execution Time: 10853.419 ms
(73 rows)

