                                                                                             QUERY PLAN                                                                                              
-----------------------------------------------------------------------------------------------------------------------------------------------------------------------------------------------------
 Aggregate  (cost=398556.65..398556.66 rows=1 width=8) (actual time=1762.617..1762.626 rows=1 loops=1)
   Buffers: shared hit=155171 read=27068
   ->  Nested Loop  (cost=4697.62..398556.65 rows=1 width=0) (actual time=396.779..1762.611 rows=9 loops=1)
         Buffers: shared hit=155171 read=27068
         ->  Hash Join  (cost=4697.19..398554.33 rows=1 width=4) (actual time=396.679..1760.424 rows=20 loops=1)
               Hash Cond: (ci.role_id = rt.id)
               Buffers: shared hit=155116 read=27043
               ->  Nested Loop  (cost=4696.03..398553.12 rows=14 width=8) (actual time=290.868..1760.275 rows=489 loops=1)
                     Buffers: shared hit=155115 read=27043
                     ->  Nested Loop  (cost=4695.59..398508.24 rows=1 width=12) (actual time=290.820..1753.309 rows=28 loops=1)
                           Buffers: shared hit=154914 read=26712
                           ->  Nested Loop  (cost=4695.59..398505.82 rows=1 width=16) (actual time=290.813..1752.901 rows=28 loops=1)
                                 Buffers: shared hit=154886 read=26712
                                 ->  Nested Loop  (cost=4695.59..398503.40 rows=1 width=20) (actual time=290.792..1752.444 rows=28 loops=1)
                                       Buffers: shared hit=154858 read=26712
                                       ->  Hash Join  (cost=4695.15..396217.13 rows=53 width=12) (actual time=22.592..1729.687 rows=128 loops=1)
                                             Hash Cond: (t.kind_id = kt.id)
                                             Buffers: shared hit=153871 read=25610
                                             ->  Nested Loop  (cost=4694.02..396215.47 rows=123 width=16) (actual time=22.548..1725.679 rows=20784 loops=1)
                                                   Buffers: shared hit=153870 read=25610
                                                   ->  Bitmap Heap Scan on movie_info mi2  (cost=4693.59..388964.37 rows=882 width=8) (actual time=20.055..414.720 rows=39977 loops=1)
                                                         Recheck Cond: (info_type_id = 5)
                                                         Filter: ((info)::text = ANY ('{Argentina:Atp,Finland:K-16,Finland:S,Norway:16,Sweden:15}'::text[]))
                                                         Rows Removed by Filter: 446577
                                                         Heap Blocks: exact=19164
                                                         Buffers: shared hit=2713 read=16859
                                                         ->  Bitmap Index Scan on info_type_id_movie_info  (cost=0.00..4693.37 rows=439058 width=0) (actual time=16.760..16.760 rows=486554 loops=1)
                                                               Index Cond: (info_type_id = 5)
                                                               Buffers: shared read=408
                                                   ->  Index Scan using title_pkey on title t  (cost=0.43..8.22 rows=1 width=8) (actual time=0.032..0.032 rows=1 loops=39977)
                                                         Index Cond: (id = mi2.movie_id)
                                                         Filter: ((production_year <= 1975) AND (1925 < production_year))
                                                         Rows Removed by Filter: 0
                                                         Buffers: shared hit=151157 read=8751
                                             ->  Hash  (cost=1.10..1.10 rows=3 width=4) (actual time=0.019..0.020 rows=3 loops=1)
                                                   Buckets: 1024  Batches: 1  Memory Usage: 9kB
                                                   Buffers: shared hit=1
                                                   ->  Seq Scan on kind_type kt  (cost=0.00..1.10 rows=3 width=4) (actual time=0.010..0.012 rows=3 loops=1)
                                                         Filter: ((kind)::text = ANY ('{"tv series","video game","video movie"}'::text[]))
                                                         Rows Removed by Filter: 4
                                                         Buffers: shared hit=1
                                       ->  Index Scan using movie_id_movie_info on movie_info mi1  (cost=0.43..43.13 rows=1 width=8) (actual time=0.176..0.177 rows=0 loops=128)
                                             Index Cond: (movie_id = t.id)
                                             Filter: ((info_type_id = 3) AND ((info)::text = ANY ('{Drama,Musical,Thriller,War}'::text[])))
                                             Rows Removed by Filter: 59
                                             Buffers: shared hit=987 read=1102
                                 ->  Seq Scan on info_type it1  (cost=0.00..2.41 rows=1 width=4) (actual time=0.007..0.014 rows=1 loops=28)
                                       Filter: (id = 3)
                                       Rows Removed by Filter: 112
                                       Buffers: shared hit=28
                           ->  Seq Scan on info_type it2  (cost=0.00..2.41 rows=1 width=4) (actual time=0.006..0.013 rows=1 loops=28)
                                 Filter: (id = 5)
                                 Rows Removed by Filter: 112
                                 Buffers: shared hit=28
                     ->  Index Scan using movie_id_cast_info on cast_info ci  (cost=0.44..44.50 rows=38 width=12) (actual time=0.048..0.244 rows=17 loops=28)
                           Index Cond: (movie_id = t.id)
                           Buffers: shared hit=201 read=331
               ->  Hash  (cost=1.15..1.15 rows=1 width=4) (actual time=0.032..0.032 rows=1 loops=1)
                     Buckets: 1024  Batches: 1  Memory Usage: 9kB
                     Buffers: shared hit=1
                     ->  Seq Scan on role_type rt  (cost=0.00..1.15 rows=1 width=4) (actual time=0.025..0.026 rows=1 loops=1)
                           Filter: ((role)::text = 'director'::text)
                           Rows Removed by Filter: 11
                           Buffers: shared hit=1
         ->  Index Scan using name_pkey on name n  (cost=0.43..2.32 rows=1 width=4) (actual time=0.108..0.108 rows=0 loops=20)
               Index Cond: (id = ci.person_id)
               Filter: ((gender)::text = 'm'::text)
               Rows Removed by Filter: 1
               Buffers: shared hit=55 read=25
 Planning:
   Buffers: shared hit=503 read=71
 Planning Time: 13.610 ms
 Execution Time: 1763.371 ms
(73 rows)

