                                                                                                               QUERY PLAN                                                                                                                
-----------------------------------------------------------------------------------------------------------------------------------------------------------------------------------------------------------------------------------------
 Aggregate  (cost=465186.24..465186.25 rows=1 width=8) (actual time=4054.627..4054.634 rows=1 loops=1)
   Buffers: shared hit=369993 read=49864
   ->  Nested Loop  (cost=4697.42..465186.24 rows=1 width=0) (actual time=79.863..4054.479 rows=331 loops=1)
         Buffers: shared hit=369993 read=49864
         ->  Hash Join  (cost=4696.99..465181.60 rows=2 width=4) (actual time=37.512..3921.986 rows=3701 loops=1)
               Hash Cond: (ci.role_id = rt.id)
               Buffers: shared hit=356888 read=48165
               ->  Nested Loop  (cost=4695.82..465180.37 rows=14 width=8) (actual time=34.898..3893.526 rows=178742 loops=1)
                     Buffers: shared hit=356887 read=48165
                     ->  Nested Loop  (cost=4695.38..465136.68 rows=1 width=12) (actual time=34.849..2240.059 rows=2780 loops=1)
                           Buffers: shared hit=213425 read=15751
                           ->  Nested Loop  (cost=4695.38..465134.25 rows=1 width=16) (actual time=34.843..2184.668 rows=2780 loops=1)
                                 Buffers: shared hit=210645 read=15751
                                 ->  Nested Loop  (cost=4695.38..465131.83 rows=1 width=20) (actual time=34.813..2125.841 rows=2780 loops=1)
                                       Buffers: shared hit=207865 read=15751
                                       ->  Hash Join  (cost=4694.94..464068.27 rows=25 width=12) (actual time=34.699..1792.552 rows=2169 loops=1)
                                             Hash Cond: (t.kind_id = kt.id)
                                             Buffers: shared hit=189164 read=3141
                                             ->  Nested Loop  (cost=4693.83..464066.78 rows=89 width=16) (actual time=19.807..1784.247 rows=39530 loops=1)
                                                   Buffers: shared hit=189163 read=3141
                                                   ->  Bitmap Heap Scan on movie_info mi2  (cost=4693.40..463120.10 rows=112 width=8) (actual time=19.709..439.354 rows=43183 loops=1)
                                                         Recheck Cond: (info_type_id = 5)
                                                         Filter: ((info)::text = ANY ('{Argentina:Unrated,Australia:R,Canada:14A,Netherlands:16,Portugal:M/12,Singapore:PG,"South Korea:18",Switzerland:12,UK:18,USA:Unrated}'::text[]))
                                                         Rows Removed by Filter: 443371
                                                         Heap Blocks: exact=19164
                                                         Buffers: shared hit=19570 read=2
                                                         ->  Bitmap Index Scan on info_type_id_movie_info  (cost=0.00..4693.37 rows=439058 width=0) (actual time=16.315..16.315 rows=486554 loops=1)
                                                               Index Cond: (info_type_id = 5)
                                                               Buffers: shared hit=408
                                                   ->  Index Scan using title_pkey on title t  (cost=0.43..8.45 rows=1 width=8) (actual time=0.031..0.031 rows=1 loops=43183)
                                                         Index Cond: (id = mi2.movie_id)
                                                         Filter: ((production_year <= 2015) AND (1975 < production_year))
                                                         Rows Removed by Filter: 0
                                                         Buffers: shared hit=169593 read=3139
                                             ->  Hash  (cost=1.09..1.09 rows=2 width=4) (actual time=0.014..0.015 rows=2 loops=1)
                                                   Buckets: 1024  Batches: 1  Memory Usage: 9kB
                                                   Buffers: shared hit=1
                                                   ->  Seq Scan on kind_type kt  (cost=0.00..1.09 rows=2 width=4) (actual time=0.007..0.008 rows=2 loops=1)
                                                         Filter: ((kind)::text = ANY ('{"tv movie","video game"}'::text[]))
                                                         Rows Removed by Filter: 5
                                                         Buffers: shared hit=1
                                       ->  Index Scan using movie_id_movie_info on movie_info mi1  (cost=0.43..42.53 rows=1 width=8) (actual time=0.152..0.153 rows=1 loops=2169)
                                             Index Cond: (movie_id = t.id)
                                             Filter: ((info_type_id = 3) AND ((info)::text = ANY ('{Action,Comedy,Crime,Documentary,Drama,Romance,Short,Thriller}'::text[])))
                                             Rows Removed by Filter: 26
                                             Buffers: shared hit=18701 read=12610
                                 ->  Seq Scan on info_type it1  (cost=0.00..2.41 rows=1 width=4) (actual time=0.011..0.019 rows=1 loops=2780)
                                       Filter: (id = 3)
                                       Rows Removed by Filter: 112
                                       Buffers: shared hit=2780
                           ->  Seq Scan on info_type it2  (cost=0.00..2.41 rows=1 width=4) (actual time=0.010..0.018 rows=1 loops=2780)
                                 Filter: (id = 5)
                                 Rows Removed by Filter: 112
                                 Buffers: shared hit=2780
                     ->  Index Scan using movie_id_cast_info on cast_info ci  (cost=0.44..43.32 rows=38 width=12) (actual time=0.036..0.579 rows=64 loops=2780)
                           Index Cond: (movie_id = t.id)
                           Buffers: shared hit=143462 read=32414
               ->  Hash  (cost=1.15..1.15 rows=2 width=4) (actual time=0.034..0.035 rows=2 loops=1)
                     Buckets: 1024  Batches: 1  Memory Usage: 9kB
                     Buffers: shared hit=1
                     ->  Seq Scan on role_type rt  (cost=0.00..1.15 rows=2 width=4) (actual time=0.025..0.026 rows=2 loops=1)
                           Filter: ((role)::text = ANY ('{cinematographer,"costume designer"}'::text[]))
                           Rows Removed by Filter: 10
                           Buffers: shared hit=1
         ->  Index Scan using name_pkey on name n  (cost=0.43..2.32 rows=1 width=4) (actual time=0.035..0.035 rows=0 loops=3701)
               Index Cond: (id = ci.person_id)
               Filter: ((gender)::text = 'f'::text)
               Rows Removed by Filter: 1
               Buffers: shared hit=13105 read=1699
 Planning:
   Buffers: shared hit=574
 Planning Time: 13.325 ms
 Execution Time: 4055.199 ms
(73 rows)

