                                                                                                                     QUERY PLAN                                                                                                                      
-----------------------------------------------------------------------------------------------------------------------------------------------------------------------------------------------------------------------------------------------------
 Aggregate  (cost=519316.32..519316.33 rows=1 width=8) (actual time=61390.381..61390.388 rows=1 loops=1)
   Buffers: shared hit=5844192 read=535004
   ->  Nested Loop  (cost=4697.54..519316.32 rows=2 width=0) (actual time=22.168..61379.970 rows=27581 loops=1)
         Buffers: shared hit=5844192 read=535004
         ->  Seq Scan on info_type it2  (cost=0.00..2.41 rows=1 width=4) (actual time=0.040..0.050 rows=1 loops=1)
               Filter: (id = 5)
               Rows Removed by Filter: 112
               Buffers: shared hit=1
         ->  Nested Loop  (cost=4697.54..519313.88 rows=2 width=4) (actual time=22.126..61372.501 rows=27581 loops=1)
               Buffers: shared hit=5844191 read=535004
               ->  Seq Scan on info_type it1  (cost=0.00..2.41 rows=1 width=4) (actual time=0.009..0.020 rows=1 loops=1)
                     Filter: (id = 3)
                     Rows Removed by Filter: 112
                     Buffers: shared hit=1
               ->  Nested Loop  (cost=4697.54..519311.45 rows=2 width=8) (actual time=22.114..61364.375 rows=27581 loops=1)
                     Buffers: shared hit=5844190 read=535004
                     ->  Hash Join  (cost=4697.11..519299.85 rows=5 width=12) (actual time=22.073..58701.783 rows=72322 loops=1)
                           Hash Cond: (ci.role_id = rt.id)
                           Buffers: shared hit=5568106 read=521800
                           ->  Nested Loop  (cost=4695.95..519298.49 rows=57 width=16) (actual time=21.698..57821.873 rows=4865836 loops=1)
                                 Buffers: shared hit=5568105 read=521800
                                 ->  Nested Loop  (cost=4695.51..519123.85 rows=4 width=20) (actual time=21.656..12170.402 rows=59911 loops=1)
                                       Buffers: shared hit=1012705 read=156466
                                       ->  Hash Join  (cost=4695.05..511419.01 rows=182 width=12) (actual time=20.473..2696.516 rows=47933 loops=1)
                                             Hash Cond: (t.kind_id = kt.id)
                                             Buffers: shared hit=206632 read=30321
                                             ->  Nested Loop  (cost=4693.91..511416.08 rows=425 width=16) (actual time=20.058..2664.744 rows=52352 loops=1)
                                                   Buffers: shared hit=206631 read=30321
                                                   ->  Bitmap Heap Scan on movie_info mi2  (cost=4693.48..507613.74 rows=456 width=8) (actual time=20.011..628.057 rows=54345 loops=1)
                                                         Recheck Cond: (info_type_id = 5)
                                                         Filter: ((info)::text = ANY ('{Finland:K-16,Germany:12,Germany:16,Netherlands:AL,Norway:15,Norway:18,Portugal:M/16,Singapore:M18,"South Korea:18",Sweden:11,Sweden:7,UK:PG,UK:U}'::text[]))
                                                         Rows Removed by Filter: 432209
                                                         Heap Blocks: exact=19164
                                                         Buffers: shared hit=8523 read=11049
                                                         ->  Bitmap Index Scan on info_type_id_movie_info  (cost=0.00..4693.37 rows=439058 width=0) (actual time=17.071..17.071 rows=486554 loops=1)
                                                               Index Cond: (info_type_id = 5)
                                                               Buffers: shared hit=408
                                                   ->  Index Scan using title_pkey on title t  (cost=0.43..8.34 rows=1 width=8) (actual time=0.036..0.036 rows=1 loops=54345)
                                                         Index Cond: (id = mi2.movie_id)
                                                         Filter: ((production_year <= 2015) AND (1925 < production_year))
                                                         Rows Removed by Filter: 0
                                                         Buffers: shared hit=198108 read=19272
                                             ->  Hash  (cost=1.10..1.10 rows=3 width=4) (actual time=0.021..0.022 rows=3 loops=1)
                                                   Buckets: 1024  Batches: 1  Memory Usage: 9kB
                                                   Buffers: shared hit=1
                                                   ->  Seq Scan on kind_type kt  (cost=0.00..1.10 rows=3 width=4) (actual time=0.012..0.014 rows=3 loops=1)
                                                         Filter: ((kind)::text = ANY ('{episode,movie,"video movie"}'::text[]))
                                                         Rows Removed by Filter: 4
                                                         Buffers: shared hit=1
                                       ->  Index Scan using movie_id_movie_info on movie_info mi1  (cost=0.46..42.32 rows=1 width=8) (actual time=0.195..0.197 rows=1 loops=47933)
                                             Index Cond: (movie_id = t.id)
                                             Filter: ((info_type_id = 3) AND ((info)::text = ANY ('{Action,Adventure,Comedy,Crime,Family,Horror,Mystery,Romance,Thriller}'::text[])))
                                             Rows Removed by Filter: 87
                                             Buffers: shared hit=806073 read=126145
                                 ->  Index Scan using movie_id_cast_info on cast_info ci  (cost=0.44..43.28 rows=38 width=12) (actual time=0.036..0.739 rows=81 loops=59911)
                                       Index Cond: (movie_id = t.id)
                                       Buffers: shared hit=4555400 read=365334
                           ->  Hash  (cost=1.15..1.15 rows=1 width=4) (actual time=0.017..0.017 rows=1 loops=1)
                                 Buckets: 1024  Batches: 1  Memory Usage: 9kB
                                 Buffers: shared hit=1
                                 ->  Seq Scan on role_type rt  (cost=0.00..1.15 rows=1 width=4) (actual time=0.010..0.011 rows=1 loops=1)
                                       Filter: ((role)::text = 'editor'::text)
                                       Rows Removed by Filter: 11
                                       Buffers: shared hit=1
                     ->  Index Scan using name_pkey on name n  (cost=0.43..2.32 rows=1 width=4) (actual time=0.036..0.036 rows=0 loops=72322)
                           Index Cond: (id = ci.person_id)
                           Filter: ((gender)::text = 'm'::text)
                           Rows Removed by Filter: 1
                           Buffers: shared hit=276084 read=13204
 Planning:
   Buffers: shared hit=576 read=1
 Planning Time: 13.983 ms
 Execution Time: 61391.119 ms
(73 rows)

