                                                                                                  QUERY PLAN                                                                                                  
--------------------------------------------------------------------------------------------------------------------------------------------------------------------------------------------------------------
 Aggregate  (cost=453985.78..453985.79 rows=1 width=8) (actual time=33573.313..33573.320 rows=1 loops=1)
   Buffers: shared hit=2982993 read=502877
   ->  Nested Loop  (cost=4697.62..453985.77 rows=3 width=0) (actual time=202.936..33572.826 rows=586 loops=1)
         Buffers: shared hit=2982993 read=502877
         ->  Seq Scan on info_type it2  (cost=0.00..2.41 rows=1 width=4) (actual time=0.041..0.050 rows=1 loops=1)
               Filter: (id = 5)
               Rows Removed by Filter: 112
               Buffers: shared hit=1
         ->  Nested Loop  (cost=4697.62..453983.33 rows=3 width=4) (actual time=202.894..33572.528 rows=586 loops=1)
               Buffers: shared hit=2982992 read=502877
               ->  Seq Scan on info_type it1  (cost=0.00..2.41 rows=1 width=4) (actual time=0.007..0.019 rows=1 loops=1)
                     Filter: (id = 3)
                     Rows Removed by Filter: 112
                     Buffers: shared hit=1
               ->  Nested Loop  (cost=4697.62..453980.88 rows=3 width=8) (actual time=202.884..33572.253 rows=586 loops=1)
                     Buffers: shared hit=2982991 read=502877
                     ->  Hash Join  (cost=4697.19..453953.05 rows=12 width=12) (actual time=39.518..32335.405 rows=33016 loops=1)
                           Hash Cond: (ci.role_id = rt.id)
                           Buffers: shared hit=2862697 read=491107
                           ->  Nested Loop  (cost=4696.03..453951.38 rows=143 width=16) (actual time=38.988..31890.186 rows=2554475 loops=1)
                                 Buffers: shared hit=2862696 read=491107
                                 ->  Nested Loop  (cost=4695.59..453514.40 rows=10 width=20) (actual time=38.938..7771.152 rows=33041 loops=1)
                                       Buffers: shared hit=620423 read=141790
                                       ->  Hash Join  (cost=4695.16..440755.38 rows=301 width=12) (actual time=19.259..1971.955 rows=31090 loops=1)
                                             Hash Cond: (t.kind_id = kt.id)
                                             Buffers: shared hit=154108 read=28489
                                             ->  Nested Loop  (cost=4694.02..440751.29 rows=703 width=16) (actual time=18.747..1952.165 rows=35419 loops=1)
                                                   Buffers: shared hit=154107 read=28489
                                                   ->  Bitmap Heap Scan on movie_info mi2  (cost=4693.59..433457.92 rows=887 width=8) (actual time=18.712..514.220 rows=40756 loops=1)
                                                         Recheck Cond: (info_type_id = 5)
                                                         Filter: ((info)::text = ANY ('{Argentina:Unrated,Australia:PG,"Hong Kong:IIB",Netherlands:AL,Singapore:M18,Spain:18,Switzerland:12,USA:R}'::text[]))
                                                         Rows Removed by Filter: 445798
                                                         Heap Blocks: exact=19164
                                                         Buffers: shared hit=8902 read=10670
                                                         ->  Bitmap Index Scan on info_type_id_movie_info  (cost=0.00..4693.37 rows=439058 width=0) (actual time=16.084..16.084 rows=486554 loops=1)
                                                               Index Cond: (info_type_id = 5)
                                                               Buffers: shared hit=408
                                                   ->  Index Scan using title_pkey on title t  (cost=0.43..8.22 rows=1 width=8) (actual time=0.034..0.034 rows=1 loops=40756)
                                                         Index Cond: (id = mi2.movie_id)
                                                         Filter: ((production_year <= 2015) AND (1975 < production_year))
                                                         Rows Removed by Filter: 0
                                                         Buffers: shared hit=145205 read=17819
                                             ->  Hash  (cost=1.10..1.10 rows=3 width=4) (actual time=0.014..0.015 rows=3 loops=1)
                                                   Buckets: 1024  Batches: 1  Memory Usage: 9kB
                                                   Buffers: shared hit=1
                                                   ->  Seq Scan on kind_type kt  (cost=0.00..1.10 rows=3 width=4) (actual time=0.007..0.009 rows=3 loops=1)
                                                         Filter: ((kind)::text = ANY ('{episode,movie,"video movie"}'::text[]))
                                                         Rows Removed by Filter: 4
                                                         Buffers: shared hit=1
                                       ->  Index Scan using movie_id_movie_info on movie_info mi1  (cost=0.43..42.38 rows=1 width=8) (actual time=0.185..0.186 rows=1 loops=31090)
                                             Index Cond: (movie_id = t.id)
                                             Filter: ((info_type_id = 3) AND ((info)::text = ANY ('{Comedy,Drama,Sci-Fi,Short,Thriller}'::text[])))
                                             Rows Removed by Filter: 78
                                             Buffers: shared hit=466315 read=113301
                                 ->  Index Scan using movie_id_cast_info on cast_info ci  (cost=0.44..43.32 rows=38 width=12) (actual time=0.037..0.709 rows=77 loops=33041)
                                       Index Cond: (movie_id = t.id)
                                       Buffers: shared hit=2242273 read=349317
                           ->  Hash  (cost=1.15..1.15 rows=1 width=4) (actual time=0.014..0.015 rows=1 loops=1)
                                 Buckets: 1024  Batches: 1  Memory Usage: 9kB
                                 Buffers: shared hit=1
                                 ->  Seq Scan on role_type rt  (cost=0.00..1.15 rows=1 width=4) (actual time=0.008..0.010 rows=1 loops=1)
                                       Filter: ((role)::text = 'cinematographer'::text)
                                       Rows Removed by Filter: 11
                                       Buffers: shared hit=1
                     ->  Index Scan using name_pkey on name n  (cost=0.43..2.32 rows=1 width=4) (actual time=0.037..0.037 rows=0 loops=33016)
                           Index Cond: (id = ci.person_id)
                           Filter: ((gender)::text = 'f'::text)
                           Rows Removed by Filter: 1
                           Buffers: shared hit=120294 read=11770
 Planning:
   Buffers: shared hit=574
 Planning Time: 13.297 ms
 Execution Time: 33573.879 ms
(73 rows)

