                                                                                                                 QUERY PLAN                                                                                                                  
---------------------------------------------------------------------------------------------------------------------------------------------------------------------------------------------------------------------------------------------
 Aggregate  (cost=480235.19..480235.20 rows=1 width=8) (actual time=4059.268..4059.274 rows=1 loops=1)
   Buffers: shared hit=309184 read=111460
   ->  Nested Loop  (cost=4697.42..480235.19 rows=1 width=0) (actual time=49.676..4059.089 rows=507 loops=1)
         Buffers: shared hit=309184 read=111460
         ->  Hash Join  (cost=4696.99..480230.55 rows=2 width=4) (actual time=21.270..3891.408 rows=5023 loops=1)
               Hash Cond: (ci.role_id = rt.id)
               Buffers: shared hit=290625 read=109927
               ->  Nested Loop  (cost=4695.82..480229.33 rows=14 width=8) (actual time=21.201..3869.694 rows=160234 loops=1)
                     Buffers: shared hit=290624 read=109927
                     ->  Nested Loop  (cost=4695.38..480185.63 rows=1 width=12) (actual time=21.165..2290.766 rows=4136 loops=1)
                           Buffers: shared hit=172057 read=60023
                           ->  Nested Loop  (cost=4695.38..480183.21 rows=1 width=16) (actual time=21.158..2224.325 rows=4136 loops=1)
                                 Buffers: shared hit=167921 read=60023
                                 ->  Nested Loop  (cost=4695.38..480180.79 rows=1 width=20) (actual time=21.138..2161.624 rows=4136 loops=1)
                                       Buffers: shared hit=163785 read=60023
                                       ->  Hash Join  (cost=4694.94..478992.47 rows=28 width=12) (actual time=20.998..1626.143 rows=3372 loops=1)
                                             Hash Cond: (t.kind_id = kt.id)
                                             Buffers: shared hit=135909 read=34104
                                             ->  Nested Loop  (cost=4693.83..478990.94 rows=97 width=16) (actual time=20.959..1619.919 rows=30649 loops=1)
                                                   Buffers: shared hit=135908 read=34104
                                                   ->  Bitmap Heap Scan on movie_info mi2  (cost=4693.40..477951.29 rows=123 width=8) (actual time=20.919..475.347 rows=37610 loops=1)
                                                         Recheck Cond: (info_type_id = 5)
                                                         Filter: ((info)::text = ANY ('{Australia:R,Brazil:14,Canada:G,Germany:12,Iceland:L,Norway:18,Singapore:NC-16,Singapore:PG,"South Korea:All",Sweden:11,"West Germany:16"}'::text[]))
                                                         Rows Removed by Filter: 448944
                                                         Heap Blocks: exact=19164
                                                         Buffers: shared hit=945 read=18627
                                                         ->  Bitmap Index Scan on info_type_id_movie_info  (cost=0.00..4693.37 rows=439058 width=0) (actual time=18.002..18.002 rows=486554 loops=1)
                                                               Index Cond: (info_type_id = 5)
                                                               Buffers: shared read=408
                                                   ->  Index Scan using title_pkey on title t  (cost=0.43..8.45 rows=1 width=8) (actual time=0.030..0.030 rows=1 loops=37610)
                                                         Index Cond: (id = mi2.movie_id)
                                                         Filter: ((production_year <= 2015) AND (1975 < production_year))
                                                         Rows Removed by Filter: 0
                                                         Buffers: shared hit=134963 read=15477
                                             ->  Hash  (cost=1.09..1.09 rows=2 width=4) (actual time=0.015..0.016 rows=2 loops=1)
                                                   Buckets: 1024  Batches: 1  Memory Usage: 9kB
                                                   Buffers: shared hit=1
                                                   ->  Seq Scan on kind_type kt  (cost=0.00..1.09 rows=2 width=4) (actual time=0.008..0.009 rows=2 loops=1)
                                                         Filter: ((kind)::text = ANY ('{"tv movie","tv series"}'::text[]))
                                                         Rows Removed by Filter: 5
                                                         Buffers: shared hit=1
                                       ->  Index Scan using movie_id_movie_info on movie_info mi1  (cost=0.43..42.43 rows=1 width=8) (actual time=0.156..0.158 rows=1 loops=3372)
                                             Index Cond: (movie_id = t.id)
                                             Filter: ((info_type_id = 3) AND ((info)::text = ANY ('{Adventure,Comedy,Drama,Family,Horror,Thriller}'::text[])))
                                             Rows Removed by Filter: 42
                                             Buffers: shared hit=27876 read=25919
                                 ->  Seq Scan on info_type it1  (cost=0.00..2.41 rows=1 width=4) (actual time=0.007..0.014 rows=1 loops=4136)
                                       Filter: (id = 3)
                                       Rows Removed by Filter: 112
                                       Buffers: shared hit=4136
                           ->  Seq Scan on info_type it2  (cost=0.00..2.41 rows=1 width=4) (actual time=0.008..0.015 rows=1 loops=4136)
                                 Filter: (id = 5)
                                 Rows Removed by Filter: 112
                                 Buffers: shared hit=4136
                     ->  Index Scan using movie_id_cast_info on cast_info ci  (cost=0.44..43.32 rows=38 width=12) (actual time=0.034..0.374 rows=39 loops=4136)
                           Index Cond: (movie_id = t.id)
                           Buffers: shared hit=118567 read=49904
               ->  Hash  (cost=1.15..1.15 rows=2 width=4) (actual time=0.036..0.037 rows=2 loops=1)
                     Buckets: 1024  Batches: 1  Memory Usage: 9kB
                     Buffers: shared hit=1
                     ->  Seq Scan on role_type rt  (cost=0.00..1.15 rows=2 width=4) (actual time=0.024..0.026 rows=2 loops=1)
                           Filter: ((role)::text = ANY ('{composer,"costume designer"}'::text[]))
                           Rows Removed by Filter: 10
                           Buffers: shared hit=1
         ->  Index Scan using name_pkey on name n  (cost=0.43..2.32 rows=1 width=4) (actual time=0.033..0.033 rows=0 loops=5023)
               Index Cond: (id = ci.person_id)
               Filter: ((gender)::text = 'f'::text)
               Rows Removed by Filter: 1
               Buffers: shared hit=18559 read=1533
 Planning:
   Buffers: shared hit=484 read=90
 Planning Time: 14.059 ms
 Execution Time: 4059.928 ms
(73 rows)

