                                                                                             QUERY PLAN                                                                                              
-----------------------------------------------------------------------------------------------------------------------------------------------------------------------------------------------------
 Aggregate  (cost=369579.96..369579.97 rows=1 width=8) (actual time=2057.456..2057.463 rows=1 loops=1)
   Buffers: shared hit=171975 read=41646
   ->  Nested Loop  (cost=4697.51..369579.96 rows=3 width=0) (actual time=20.471..2056.526 rows=6417 loops=1)
         Buffers: shared hit=171975 read=41646
         ->  Hash Join  (cost=4697.08..369568.36 rows=5 width=4) (actual time=20.418..1807.264 rows=7065 loops=1)
               Hash Cond: (ci.role_id = rt.id)
               Buffers: shared hit=148113 read=37248
               ->  Nested Loop  (cost=4695.91..369567.09 rows=29 width=8) (actual time=20.300..1800.167 rows=41300 loops=1)
                     Buffers: shared hit=148112 read=37248
                     ->  Nested Loop  (cost=4695.47..369479.77 rows=2 width=12) (actual time=20.259..1391.745 rows=1238 loops=1)
                           Buffers: shared hit=117713 read=25049
                           ->  Seq Scan on info_type it2  (cost=0.00..2.41 rows=1 width=4) (actual time=0.034..0.042 rows=1 loops=1)
                                 Filter: (id = 5)
                                 Rows Removed by Filter: 112
                                 Buffers: shared hit=1
                           ->  Nested Loop  (cost=4695.47..369477.33 rows=2 width=16) (actual time=20.224..1391.381 rows=1238 loops=1)
                                 Buffers: shared hit=117712 read=25049
                                 ->  Seq Scan on info_type it1  (cost=0.00..2.41 rows=1 width=4) (actual time=0.009..0.019 rows=1 loops=1)
                                       Filter: (id = 3)
                                       Rows Removed by Filter: 112
                                       Buffers: shared hit=1
                                 ->  Nested Loop  (cost=4695.47..369474.90 rows=2 width=20) (actual time=20.212..1391.066 rows=1238 loops=1)
                                       Buffers: shared hit=117711 read=25049
                                       ->  Hash Join  (cost=4695.03..362670.95 rows=161 width=12) (actual time=19.406..1033.113 rows=2508 loops=1)
                                             Hash Cond: (t.kind_id = kt.id)
                                             Buffers: shared hit=98192 read=9925
                                             ->  Nested Loop  (cost=4693.90..362668.23 rows=376 width=16) (actual time=19.362..1028.708 rows=21567 loops=1)
                                                   Buffers: shared hit=98191 read=9925
                                                   ->  Bitmap Heap Scan on movie_info mi2  (cost=4693.47..359301.88 rows=403 width=8) (actual time=19.258..297.959 rows=22136 loops=1)
                                                         Recheck Cond: (info_type_id = 5)
                                                         Filter: ((info)::text = ANY ('{Australia:G,Canada:G,Netherlands:16}'::text[]))
                                                         Rows Removed by Filter: 464418
                                                         Heap Blocks: exact=19164
                                                         Buffers: shared hit=19572
                                                         ->  Bitmap Index Scan on info_type_id_movie_info  (cost=0.00..4693.37 rows=439058 width=0) (actual time=16.597..16.597 rows=486554 loops=1)
                                                               Index Cond: (info_type_id = 5)
                                                               Buffers: shared hit=408
                                                   ->  Index Scan using title_pkey on title t  (cost=0.43..8.35 rows=1 width=8) (actual time=0.032..0.032 rows=1 loops=22136)
                                                         Index Cond: (id = mi2.movie_id)
                                                         Filter: ((production_year <= 2015) AND (1925 < production_year))
                                                         Rows Removed by Filter: 0
                                                         Buffers: shared hit=78619 read=9925
                                             ->  Hash  (cost=1.10..1.10 rows=3 width=4) (actual time=0.018..0.019 rows=3 loops=1)
                                                   Buckets: 1024  Batches: 1  Memory Usage: 9kB
                                                   Buffers: shared hit=1
                                                   ->  Seq Scan on kind_type kt  (cost=0.00..1.10 rows=3 width=4) (actual time=0.009..0.011 rows=3 loops=1)
                                                         Filter: ((kind)::text = ANY ('{"tv movie","tv series","video game"}'::text[]))
                                                         Rows Removed by Filter: 4
                                                         Buffers: shared hit=1
                                       ->  Index Scan using movie_id_movie_info on movie_info mi1  (cost=0.43..42.25 rows=1 width=8) (actual time=0.141..0.142 rows=0 loops=2508)
                                             Index Cond: (movie_id = t.id)
                                             Filter: ((info_type_id = 3) AND ((info)::text = ANY ('{Action,Adventure,Drama}'::text[])))
                                             Rows Removed by Filter: 31
                                             Buffers: shared hit=19519 read=15124
                     ->  Index Scan using movie_id_cast_info on cast_info ci  (cost=0.44..43.28 rows=38 width=12) (actual time=0.038..0.323 rows=33 loops=1238)
                           Index Cond: (movie_id = t.id)
                           Buffers: shared hit=30399 read=12199
               ->  Hash  (cost=1.15..1.15 rows=2 width=4) (actual time=0.041..0.042 rows=2 loops=1)
                     Buckets: 1024  Batches: 1  Memory Usage: 9kB
                     Buffers: shared hit=1
                     ->  Seq Scan on role_type rt  (cost=0.00..1.15 rows=2 width=4) (actual time=0.032..0.035 rows=2 loops=1)
                           Filter: ((role)::text = ANY ('{actress,director}'::text[]))
                           Rows Removed by Filter: 10
                           Buffers: shared hit=1
         ->  Index Scan using name_pkey on name n  (cost=0.43..2.32 rows=1 width=4) (actual time=0.035..0.035 rows=1 loops=7065)
               Index Cond: (id = ci.person_id)
               Filter: ((gender)::text = ANY ('{f,m}'::text[]))
               Rows Removed by Filter: 0
               Buffers: shared hit=23862 read=4398
 Planning:
   Buffers: shared hit=574
 Planning Time: 13.197 ms
 Execution Time: 2058.141 ms
(73 rows)

