                                                                                                                QUERY PLAN                                                                                                                
------------------------------------------------------------------------------------------------------------------------------------------------------------------------------------------------------------------------------------------
 Aggregate  (cost=486598.64..486598.65 rows=1 width=8) (actual time=59381.491..59381.497 rows=1 loops=1)
   Buffers: shared hit=5659908 read=473199
   ->  Nested Loop  (cost=4697.49..486598.64 rows=1 width=0) (actual time=38.469..59316.579 rows=414674 loops=1)
         Buffers: shared hit=5659908 read=473199
         ->  Nested Loop  (cost=4697.49..486596.21 rows=1 width=4) (actual time=38.462..51659.723 rows=414674 loops=1)
               Buffers: shared hit=5245234 read=473199
               ->  Nested Loop  (cost=4697.49..486593.79 rows=1 width=8) (actual time=38.436..43904.872 rows=414674 loops=1)
                     Buffers: shared hit=4830560 read=473199
                     ->  Hash Join  (cost=4697.06..486589.15 rows=2 width=12) (actual time=38.376..31254.409 rows=414898 loops=1)
                           Hash Cond: (ci.role_id = rt.id)
                           Buffers: shared hit=3195867 read=448300
                           ->  Nested Loop  (cost=4695.90..486587.89 rows=29 width=16) (actual time=38.137..30731.484 rows=2880231 loops=1)
                                 Buffers: shared hit=3195866 read=448300
                                 ->  Nested Loop  (cost=4695.46..486500.57 rows=2 width=20) (actual time=38.097..6873.675 rows=37833 loops=1)
                                       Buffers: shared hit=596381 read=126325
                                       ->  Hash Join  (cost=4695.02..481574.57 rows=116 width=12) (actual time=37.828..1609.916 rows=28690 loops=1)
                                             Hash Cond: (t.kind_id = kt.id)
                                             Buffers: shared hit=138109 read=19280
                                             ->  Nested Loop  (cost=4693.91..481571.75 rows=405 width=16) (actual time=20.951..1595.972 rows=32519 loops=1)
                                                   Buffers: shared hit=138108 read=19280
                                                   ->  Bitmap Heap Scan on movie_info mi2  (cost=4693.48..477951.36 rows=434 width=8) (actual time=20.919..462.397 rows=34454 loops=1)
                                                         Recheck Cond: (info_type_id = 5)
                                                         Filter: ((info)::text = ANY ('{Argentina:16,Brazil:14,Canada:13+,Finland:K-16,France:-12,"Hong Kong:IIB","Hong Kong:III",Ireland:15A,"South Korea:All",Spain:13,UK:U}'::text[]))
                                                         Rows Removed by Filter: 452100
                                                         Heap Blocks: exact=19164
                                                         Buffers: shared hit=14503 read=5069
                                                         ->  Bitmap Index Scan on info_type_id_movie_info  (cost=0.00..4693.37 rows=439058 width=0) (actual time=17.889..17.889 rows=486554 loops=1)
                                                               Index Cond: (info_type_id = 5)
                                                               Buffers: shared hit=408
                                                   ->  Index Scan using title_pkey on title t  (cost=0.43..8.34 rows=1 width=8) (actual time=0.032..0.032 rows=1 loops=34454)
                                                         Index Cond: (id = mi2.movie_id)
                                                         Filter: ((production_year <= 2015) AND (1925 < production_year))
                                                         Rows Removed by Filter: 0
                                                         Buffers: shared hit=123605 read=14211
                                             ->  Hash  (cost=1.09..1.09 rows=2 width=4) (actual time=0.018..0.019 rows=2 loops=1)
                                                   Buckets: 1024  Batches: 1  Memory Usage: 9kB
                                                   Buffers: shared hit=1
                                                   ->  Seq Scan on kind_type kt  (cost=0.00..1.09 rows=2 width=4) (actual time=0.010..0.012 rows=2 loops=1)
                                                         Filter: ((kind)::text = ANY ('{movie,"video movie"}'::text[]))
                                                         Rows Removed by Filter: 5
                                                         Buffers: shared hit=1
                                       ->  Index Scan using movie_id_movie_info on movie_info mi1  (cost=0.43..42.46 rows=1 width=8) (actual time=0.182..0.183 rows=1 loops=28690)
                                             Index Cond: (movie_id = t.id)
                                             Filter: ((info_type_id = 3) AND ((info)::text = ANY ('{Action,Adventure,Drama,Family,Mystery,Romance,Thriller}'::text[])))
                                             Rows Removed by Filter: 91
                                             Buffers: shared hit=458272 read=107045
                                 ->  Index Scan using movie_id_cast_info on cast_info ci  (cost=0.44..43.28 rows=38 width=12) (actual time=0.033..0.613 rows=76 loops=37833)
                                       Index Cond: (movie_id = t.id)
                                       Buffers: shared hit=2599485 read=321975
                           ->  Hash  (cost=1.15..1.15 rows=1 width=4) (actual time=0.039..0.040 rows=1 loops=1)
                                 Buckets: 1024  Batches: 1  Memory Usage: 9kB
                                 Buffers: shared hit=1
                                 ->  Seq Scan on role_type rt  (cost=0.00..1.15 rows=1 width=4) (actual time=0.028..0.030 rows=1 loops=1)
                                       Filter: ((role)::text = 'actress'::text)
                                       Rows Removed by Filter: 11
                                       Buffers: shared hit=1
                     ->  Index Scan using name_pkey on name n  (cost=0.43..2.32 rows=1 width=4) (actual time=0.030..0.030 rows=1 loops=414898)
                           Index Cond: (id = ci.person_id)
                           Filter: ((gender)::text = 'f'::text)
                           Rows Removed by Filter: 0
                           Buffers: shared hit=1634693 read=24899
               ->  Seq Scan on info_type it1  (cost=0.00..2.41 rows=1 width=4) (actual time=0.009..0.017 rows=1 loops=414674)
                     Filter: (id = 3)
                     Rows Removed by Filter: 112
                     Buffers: shared hit=414674
         ->  Seq Scan on info_type it2  (cost=0.00..2.41 rows=1 width=4) (actual time=0.009..0.017 rows=1 loops=414674)
               Filter: (id = 5)
               Rows Removed by Filter: 112
               Buffers: shared hit=414674
 Planning:
   Buffers: shared hit=574
 Planning Time: 14.234 ms
 Execution Time: 59382.102 ms
(73 rows)

