                                                                                             QUERY PLAN                                                                                              
-----------------------------------------------------------------------------------------------------------------------------------------------------------------------------------------------------
 Aggregate  (cost=419678.59..419678.60 rows=1 width=8) (actual time=31440.360..31440.366 rows=1 loops=1)
   Buffers: shared hit=2881430 read=359850
   ->  Nested Loop  (cost=4697.39..419678.59 rows=1 width=0) (actual time=39.072..31438.464 rows=4421 loops=1)
         Buffers: shared hit=2881430 read=359850
         ->  Hash Join  (cost=4696.96..419676.27 rows=1 width=4) (actual time=26.242..29367.399 rows=58076 loops=1)
               Hash Cond: (ci.role_id = rt.id)
               Buffers: shared hit=2671874 read=337102
               ->  Nested Loop  (cost=4695.79..419675.06 rows=14 width=8) (actual time=25.977..28962.632 rows=2430215 loops=1)
                     Buffers: shared hit=2671873 read=337102
                     ->  Nested Loop  (cost=4695.35..419631.32 rows=1 width=12) (actual time=25.939..6799.825 rows=26090 loops=1)
                           Buffers: shared hit=439442 read=121992
                           ->  Nested Loop  (cost=4695.35..419628.90 rows=1 width=16) (actual time=25.934..6217.586 rows=26090 loops=1)
                                 Buffers: shared hit=413352 read=121992
                                 ->  Nested Loop  (cost=4695.35..419626.48 rows=1 width=20) (actual time=25.911..5598.066 rows=26090 loops=1)
                                       Buffers: shared hit=387262 read=121992
                                       ->  Hash Join  (cost=4694.92..419287.16 rows=8 width=12) (actual time=25.649..1522.383 rows=17768 loops=1)
                                             Hash Cond: (t.kind_id = kt.id)
                                             Buffers: shared hit=100252 read=32489
                                             ->  Nested Loop  (cost=4693.82..419285.83 rows=54 width=16) (actual time=20.721..1509.249 rows=23705 loops=1)
                                                   Buffers: shared hit=100251 read=32489
                                                   ->  Bitmap Heap Scan on movie_info mi2  (cost=4693.39..418626.53 rows=78 width=8) (actual time=20.671..507.186 rows=28292 loops=1)
                                                         Recheck Cond: (info_type_id = 5)
                                                         Filter: ((info)::text = ANY ('{Australia:MA,Germany:16,Iceland:12,Netherlands:16,"South Korea:15",Switzerland:7,USA:PG-13}'::text[]))
                                                         Rows Removed by Filter: 458262
                                                         Heap Blocks: exact=19164
                                                         Buffers: shared hit=3022 read=16550
                                                         ->  Bitmap Index Scan on info_type_id_movie_info  (cost=0.00..4693.37 rows=439058 width=0) (actual time=17.721..17.721 rows=486554 loops=1)
                                                               Index Cond: (info_type_id = 5)
                                                               Buffers: shared read=408
                                                   ->  Index Scan using title_pkey on title t  (cost=0.43..8.45 rows=1 width=8) (actual time=0.035..0.035 rows=1 loops=28292)
                                                         Index Cond: (id = mi2.movie_id)
                                                         Filter: ((production_year <= 2015) AND (1990 < production_year))
                                                         Rows Removed by Filter: 0
                                                         Buffers: shared hit=97229 read=15939
                                             ->  Hash  (cost=1.09..1.09 rows=1 width=4) (actual time=0.014..0.015 rows=1 loops=1)
                                                   Buckets: 1024  Batches: 1  Memory Usage: 9kB
                                                   Buffers: shared hit=1
                                                   ->  Seq Scan on kind_type kt  (cost=0.00..1.09 rows=1 width=4) (actual time=0.009..0.010 rows=1 loops=1)
                                                         Filter: ((kind)::text = 'movie'::text)
                                                         Rows Removed by Filter: 6
                                                         Buffers: shared hit=1
                                       ->  Index Scan using movie_id_movie_info on movie_info mi1  (cost=0.43..42.40 rows=1 width=8) (actual time=0.227..0.228 rows=1 loops=17768)
                                             Index Cond: (movie_id = t.id)
                                             Filter: ((info_type_id = 3) AND ((info)::text = ANY ('{Comedy,Drama,Horror,Romance,Thriller}'::text[])))
                                             Rows Removed by Filter: 110
                                             Buffers: shared hit=287010 read=89503
                                 ->  Seq Scan on info_type it1  (cost=0.00..2.41 rows=1 width=4) (actual time=0.012..0.021 rows=1 loops=26090)
                                       Filter: (id = 3)
                                       Rows Removed by Filter: 112
                                       Buffers: shared hit=26090
                           ->  Seq Scan on info_type it2  (cost=0.00..2.41 rows=1 width=4) (actual time=0.011..0.020 rows=1 loops=26090)
                                 Filter: (id = 5)
                                 Rows Removed by Filter: 112
                                 Buffers: shared hit=26090
                     ->  Index Scan using movie_id_cast_info on cast_info ci  (cost=0.44..43.36 rows=38 width=12) (actual time=0.036..0.825 rows=93 loops=26090)
                           Index Cond: (movie_id = t.id)
                           Buffers: shared hit=2232431 read=215110
               ->  Hash  (cost=1.15..1.15 rows=1 width=4) (actual time=0.034..0.035 rows=1 loops=1)
                     Buckets: 1024  Batches: 1  Memory Usage: 9kB
                     Buffers: shared hit=1
                     ->  Seq Scan on role_type rt  (cost=0.00..1.15 rows=1 width=4) (actual time=0.027..0.028 rows=1 loops=1)
                           Filter: ((role)::text = 'writer'::text)
                           Rows Removed by Filter: 11
                           Buffers: shared hit=1
         ->  Index Scan using name_pkey on name n  (cost=0.43..2.32 rows=1 width=4) (actual time=0.035..0.035 rows=0 loops=58076)
               Index Cond: (id = ci.person_id)
               Filter: ((gender)::text = 'f'::text)
               Rows Removed by Filter: 1
               Buffers: shared hit=209556 read=22748
 Planning:
   Buffers: shared hit=482 read=92
 Planning Time: 13.977 ms
 Execution Time: 31441.039 ms
(73 rows)

