                                                                                               QUERY PLAN                                                                                               
--------------------------------------------------------------------------------------------------------------------------------------------------------------------------------------------------------
 Aggregate  (cost=464115.20..464115.21 rows=1 width=8) (actual time=3303.055..3303.063 rows=1 loops=1)
   Buffers: shared hit=297637 read=41693
   ->  Nested Loop  (cost=4697.78..464115.20 rows=1 width=0) (actual time=726.761..3303.056 rows=1 loops=1)
         Buffers: shared hit=297637 read=41693
         ->  Nested Loop  (cost=4697.78..464112.77 rows=1 width=4) (actual time=726.752..3303.039 rows=1 loops=1)
               Buffers: shared hit=297636 read=41693
               ->  Nested Loop  (cost=4697.78..464110.35 rows=1 width=8) (actual time=726.727..3303.006 rows=1 loops=1)
                     Buffers: shared hit=297635 read=41693
                     ->  Hash Join  (cost=4697.35..464098.75 rows=5 width=12) (actual time=45.244..3298.953 rows=91 loops=1)
                           Hash Cond: (ci.role_id = rt.id)
                           Buffers: shared hit=297418 read=41546
                           ->  Nested Loop  (cost=4696.18..464097.48 rows=29 width=16) (actual time=30.824..3298.670 rows=1176 loops=1)
                                 Buffers: shared hit=297417 read=41546
                                 ->  Nested Loop  (cost=4695.74..464007.72 rows=2 width=20) (actual time=27.381..3280.858 rows=140 loops=1)
                                       Buffers: shared hit=296705 read=40725
                                       ->  Hash Join  (cost=4695.30..460207.14 rows=88 width=12) (actual time=20.801..3247.622 rows=163 loops=1)
                                             Hash Cond: (t.kind_id = kt.id)
                                             Buffers: shared hit=295846 read=38807
                                             ->  Nested Loop  (cost=4694.17..460205.14 rows=206 width=16) (actual time=20.760..3238.450 rows=41380 loops=1)
                                                   Buffers: shared hit=295845 read=38807
                                                   ->  Bitmap Heap Scan on movie_info mi2  (cost=4693.74..448289.25 rows=1476 width=8) (actual time=20.716..542.266 rows=78770 loops=1)
                                                         Recheck Cond: (info_type_id = 5)
                                                         Filter: ((info)::text = ANY ('{Australia:G,Finland:K-16,Finland:S,Sweden:Btl,UK:PG,USA:Approved,USA:Passed,USA:R,"West Germany:16"}'::text[]))
                                                         Rows Removed by Filter: 407784
                                                         Heap Blocks: exact=19164
                                                         Buffers: shared hit=2467 read=17105
                                                         ->  Bitmap Index Scan on info_type_id_movie_info  (cost=0.00..4693.37 rows=439058 width=0) (actual time=18.030..18.030 rows=486554 loops=1)
                                                               Index Cond: (info_type_id = 5)
                                                               Buffers: shared read=408
                                                   ->  Index Scan using title_pkey on title t  (cost=0.43..8.07 rows=1 width=8) (actual time=0.034..0.034 rows=1 loops=78770)
                                                         Index Cond: (id = mi2.movie_id)
                                                         Filter: ((production_year <= 1975) AND (1925 < production_year))
                                                         Rows Removed by Filter: 0
                                                         Buffers: shared hit=293378 read=21702
                                             ->  Hash  (cost=1.10..1.10 rows=3 width=4) (actual time=0.015..0.017 rows=3 loops=1)
                                                   Buckets: 1024  Batches: 1  Memory Usage: 9kB
                                                   Buffers: shared hit=1
                                                   ->  Seq Scan on kind_type kt  (cost=0.00..1.10 rows=3 width=4) (actual time=0.008..0.010 rows=3 loops=1)
                                                         Filter: ((kind)::text = ANY ('{"tv series","video game","video movie"}'::text[]))
                                                         Rows Removed by Filter: 4
                                                         Buffers: shared hit=1
                                       ->  Index Scan using movie_id_movie_info on movie_info mi1  (cost=0.43..43.18 rows=1 width=8) (actual time=0.199..0.203 rows=1 loops=163)
                                             Index Cond: (movie_id = t.id)
                                             Filter: ((info_type_id = 3) AND ((info)::text = ANY ('{Action,Comedy,Drama,Mystery,Romance}'::text[])))
                                             Rows Removed by Filter: 74
                                             Buffers: shared hit=859 read=1918
                                 ->  Index Scan using movie_id_cast_info on cast_info ci  (cost=0.44..44.50 rows=38 width=12) (actual time=0.043..0.124 rows=8 loops=140)
                                       Index Cond: (movie_id = t.id)
                                       Buffers: shared hit=712 read=821
                           ->  Hash  (cost=1.15..1.15 rows=2 width=4) (actual time=0.032..0.033 rows=2 loops=1)
                                 Buckets: 1024  Batches: 1  Memory Usage: 9kB
                                 Buffers: shared hit=1
                                 ->  Seq Scan on role_type rt  (cost=0.00..1.15 rows=2 width=4) (actual time=0.024..0.026 rows=2 loops=1)
                                       Filter: ((role)::text = ANY ('{composer,editor}'::text[]))
                                       Rows Removed by Filter: 10
                                       Buffers: shared hit=1
                     ->  Index Scan using name_pkey on name n  (cost=0.43..2.32 rows=1 width=4) (actual time=0.044..0.044 rows=0 loops=91)
                           Index Cond: (id = ci.person_id)
                           Filter: ((gender)::text = 'f'::text)
                           Rows Removed by Filter: 1
                           Buffers: shared hit=217 read=147
               ->  Seq Scan on info_type it1  (cost=0.00..2.41 rows=1 width=4) (actual time=0.024..0.031 rows=1 loops=1)
                     Filter: (id = 3)
                     Rows Removed by Filter: 112
                     Buffers: shared hit=1
         ->  Seq Scan on info_type it2  (cost=0.00..2.41 rows=1 width=4) (actual time=0.007..0.014 rows=1 loops=1)
               Filter: (id = 5)
               Rows Removed by Filter: 112
               Buffers: shared hit=1
 Planning:
   Buffers: shared hit=484 read=90
 Planning Time: 13.730 ms
 Execution Time: 3303.700 ms
(73 rows)

