                                                                                             QUERY PLAN                                                                                              
-----------------------------------------------------------------------------------------------------------------------------------------------------------------------------------------------------
 Aggregate  (cost=451687.65..451687.66 rows=1 width=8) (actual time=3310.518..3310.527 rows=1 loops=1)
   Buffers: shared hit=299590 read=43824
   ->  Nested Loop  (cost=4697.83..451687.65 rows=3 width=0) (actual time=33.160..3310.476 rows=127 loops=1)
         Buffers: shared hit=299590 read=43824
         ->  Seq Scan on info_type it2  (cost=0.00..2.41 rows=1 width=4) (actual time=0.040..0.049 rows=1 loops=1)
               Filter: (id = 5)
               Rows Removed by Filter: 112
               Buffers: shared hit=1
         ->  Nested Loop  (cost=4697.83..451685.20 rows=3 width=4) (actual time=33.118..3310.393 rows=127 loops=1)
               Buffers: shared hit=299589 read=43824
               ->  Seq Scan on info_type it1  (cost=0.00..2.41 rows=1 width=4) (actual time=0.007..0.020 rows=1 loops=1)
                     Filter: (id = 3)
                     Rows Removed by Filter: 112
                     Buffers: shared hit=1
               ->  Nested Loop  (cost=4697.83..451682.76 rows=3 width=8) (actual time=33.108..3310.337 rows=127 loops=1)
                     Buffers: shared hit=299588 read=43824
                     ->  Hash Join  (cost=4697.40..451671.16 rows=5 width=12) (actual time=33.068..3301.733 rows=223 loops=1)
                           Hash Cond: (ci.role_id = rt.id)
                           Buffers: shared hit=298893 read=43627
                           ->  Nested Loop  (cost=4696.23..451669.80 rows=57 width=16) (actual time=32.845..3300.546 rows=6531 loops=1)
                                 Buffers: shared hit=298892 read=43627
                                 ->  Nested Loop  (cost=4695.79..451490.28 rows=4 width=20) (actual time=29.556..3216.417 rows=465 loops=1)
                                       Buffers: shared hit=295058 read=39775
                                       ->  Hash Join  (cost=4695.36..447085.06 rows=102 width=12) (actual time=19.198..3119.221 rows=492 loops=1)
                                             Hash Cond: (t.kind_id = kt.id)
                                             Buffers: shared hit=291167 read=35718
                                             ->  Nested Loop  (cost=4694.22..447082.92 rows=238 width=16) (actual time=19.160..3110.673 rows=39271 loops=1)
                                                   Buffers: shared hit=291166 read=35718
                                                   ->  Bitmap Heap Scan on movie_info mi2  (cost=4693.79..433458.12 rows=1699 width=8) (actual time=18.960..524.845 rows=76828 loops=1)
                                                         Recheck Cond: (info_type_id = 5)
                                                         Filter: ((info)::text = ANY ('{Argentina:Atp,Australia:G,Australia:PG,Sweden:15,UK:U,USA:Approved,USA:Passed,"West Germany:12"}'::text[]))
                                                         Rows Removed by Filter: 409726
                                                         Heap Blocks: exact=19164
                                                         Buffers: shared hit=3284 read=16288
                                                         ->  Bitmap Index Scan on info_type_id_movie_info  (cost=0.00..4693.37 rows=439058 width=0) (actual time=16.399..16.399 rows=486554 loops=1)
                                                               Index Cond: (info_type_id = 5)
                                                               Buffers: shared read=408
                                                   ->  Index Scan using title_pkey on title t  (cost=0.43..8.02 rows=1 width=8) (actual time=0.033..0.033 rows=1 loops=76828)
                                                         Index Cond: (id = mi2.movie_id)
                                                         Filter: ((production_year <= 1975) AND (1925 < production_year))
                                                         Rows Removed by Filter: 0
                                                         Buffers: shared hit=287882 read=19430
                                             ->  Hash  (cost=1.10..1.10 rows=3 width=4) (actual time=0.015..0.016 rows=3 loops=1)
                                                   Buckets: 1024  Batches: 1  Memory Usage: 9kB
                                                   Buffers: shared hit=1
                                                   ->  Seq Scan on kind_type kt  (cost=0.00..1.10 rows=3 width=4) (actual time=0.008..0.010 rows=3 loops=1)
                                                         Filter: ((kind)::text = ANY ('{"tv series","video game","video movie"}'::text[]))
                                                         Rows Removed by Filter: 4
                                                         Buffers: shared hit=1
                                       ->  Index Scan using movie_id_movie_info on movie_info mi1  (cost=0.43..43.18 rows=1 width=8) (actual time=0.193..0.197 rows=1 loops=492)
                                             Index Cond: (movie_id = t.id)
                                             Filter: ((info_type_id = 3) AND ((info)::text = ANY ('{Action,Comedy,Crime,Drama,Short}'::text[])))
                                             Rows Removed by Filter: 62
                                             Buffers: shared hit=3891 read=4057
                                 ->  Index Scan using movie_id_cast_info on cast_info ci  (cost=0.44..44.50 rows=38 width=12) (actual time=0.042..0.177 rows=14 loops=465)
                                       Index Cond: (movie_id = t.id)
                                       Buffers: shared hit=3834 read=3852
                           ->  Hash  (cost=1.15..1.15 rows=1 width=4) (actual time=0.014..0.015 rows=1 loops=1)
                                 Buckets: 1024  Batches: 1  Memory Usage: 9kB
                                 Buffers: shared hit=1
                                 ->  Seq Scan on role_type rt  (cost=0.00..1.15 rows=1 width=4) (actual time=0.008..0.009 rows=1 loops=1)
                                       Filter: ((role)::text = 'producer'::text)
                                       Rows Removed by Filter: 11
                                       Buffers: shared hit=1
                     ->  Index Scan using name_pkey on name n  (cost=0.43..2.32 rows=1 width=4) (actual time=0.038..0.038 rows=1 loops=223)
                           Index Cond: (id = ci.person_id)
                           Filter: ((gender)::text = ANY ('{f,m}'::text[]))
                           Rows Removed by Filter: 0
                           Buffers: shared hit=695 read=197
 Planning:
   Buffers: shared hit=521 read=53
 Planning Time: 12.163 ms
 Execution Time: 3311.119 ms
(73 rows)

