                                                                                                                                 QUERY PLAN                                                                                                                                  
-----------------------------------------------------------------------------------------------------------------------------------------------------------------------------------------------------------------------------------------------------------------------------
 Aggregate  (cost=544910.37..544910.38 rows=1 width=8) (actual time=9215.752..9215.759 rows=1 loops=1)
   Buffers: shared hit=828507 read=129875
   ->  Nested Loop  (cost=4697.66..544910.36 rows=4 width=0) (actual time=22.857..9215.118 rows=1676 loops=1)
         Buffers: shared hit=828507 read=129875
         ->  Seq Scan on info_type it2  (cost=0.00..2.41 rows=1 width=4) (actual time=0.047..0.057 rows=1 loops=1)
               Filter: (id = 5)
               Rows Removed by Filter: 112
               Buffers: shared hit=1
         ->  Nested Loop  (cost=4697.66..544907.91 rows=4 width=4) (actual time=22.809..9214.649 rows=1676 loops=1)
               Buffers: shared hit=828506 read=129875
               ->  Seq Scan on info_type it1  (cost=0.00..2.41 rows=1 width=4) (actual time=0.008..0.019 rows=1 loops=1)
                     Filter: (id = 3)
                     Rows Removed by Filter: 112
                     Buffers: shared hit=1
               ->  Nested Loop  (cost=4697.66..544905.46 rows=4 width=8) (actual time=22.798..9214.176 rows=1676 loops=1)
                     Buffers: shared hit=828505 read=129875
                     ->  Hash Join  (cost=4697.23..544882.26 rows=10 width=12) (actual time=21.477..8901.221 rows=9227 loops=1)
                           Hash Cond: (ci.role_id = rt.id)
                           Buffers: shared hit=794079 read=127393
                           ->  Nested Loop  (cost=4696.07..544880.69 rows=115 width=16) (actual time=20.665..8825.591 rows=438135 loops=1)
                                 Buffers: shared hit=794078 read=127393
                                 ->  Nested Loop  (cost=4695.63..544531.41 rows=8 width=20) (actual time=20.617..4408.374 rows=11553 loops=1)
                                       Buffers: shared hit=411627 read=46108
                                       ->  Hash Join  (cost=4695.20..531691.34 rows=302 width=12) (actual time=20.214..3196.750 rows=7381 loops=1)
                                             Hash Cond: (t.kind_id = kt.id)
                                             Buffers: shared hit=334486 read=8251
                                             ->  Nested Loop  (cost=4694.08..531685.78 rows=1056 width=16) (actual time=20.173..3177.637 rows=80275 loops=1)
                                                   Buffers: shared hit=334485 read=8251
                                                   ->  Bitmap Heap Scan on movie_info mi2  (cost=4693.65..522445.09 rows=1133 width=8) (actual time=20.135..567.709 rows=80791 loops=1)
                                                         Recheck Cond: (info_type_id = 5)
                                                         Filter: ((info)::text = ANY ('{Argentina:13,Australia:M,Canada:G,Finland:K-15,Finland:K-16,"Hong Kong:IIB",Iceland:16,Netherlands:12,Singapore:NC-16,"South Korea:12",Sweden:11,UK:A,UK:PG,USA:Approved}'::text[]))
                                                         Rows Removed by Filter: 405763
                                                         Heap Blocks: exact=19164
                                                         Buffers: shared hit=17302 read=2270
                                                         ->  Bitmap Index Scan on info_type_id_movie_info  (cost=0.00..4693.37 rows=439058 width=0) (actual time=17.494..17.494 rows=486554 loops=1)
                                                               Index Cond: (info_type_id = 5)
                                                               Buffers: shared hit=408
                                                   ->  Index Scan using title_pkey on title t  (cost=0.43..8.16 rows=1 width=8) (actual time=0.032..0.032 rows=1 loops=80791)
                                                         Index Cond: (id = mi2.movie_id)
                                                         Filter: ((production_year <= 2015) AND (1925 < production_year))
                                                         Rows Removed by Filter: 0
                                                         Buffers: shared hit=317183 read=5981
                                             ->  Hash  (cost=1.09..1.09 rows=2 width=4) (actual time=0.017..0.018 rows=2 loops=1)
                                                   Buckets: 1024  Batches: 1  Memory Usage: 9kB
                                                   Buffers: shared hit=1
                                                   ->  Seq Scan on kind_type kt  (cost=0.00..1.09 rows=2 width=4) (actual time=0.009..0.011 rows=2 loops=1)
                                                         Filter: ((kind)::text = ANY ('{"tv movie","tv series"}'::text[]))
                                                         Rows Removed by Filter: 5
                                                         Buffers: shared hit=1
                                       ->  Index Scan using movie_id_movie_info on movie_info mi1  (cost=0.43..42.51 rows=1 width=8) (actual time=0.160..0.163 rows=2 loops=7381)
                                             Index Cond: (movie_id = t.id)
                                             Filter: ((info_type_id = 3) AND ((info)::text = ANY ('{Action,Adventure,Comedy,Drama,Horror,Mystery,Romance,Thriller}'::text[])))
                                             Rows Removed by Filter: 37
                                             Buffers: shared hit=77141 read=37857
                                 ->  Index Scan using movie_id_cast_info on cast_info ci  (cost=0.44..43.28 rows=38 width=12) (actual time=0.037..0.372 rows=38 loops=11553)
                                       Index Cond: (movie_id = t.id)
                                       Buffers: shared hit=382451 read=81285
                           ->  Hash  (cost=1.15..1.15 rows=1 width=4) (actual time=0.017..0.017 rows=1 loops=1)
                                 Buckets: 1024  Batches: 1  Memory Usage: 9kB
                                 Buffers: shared hit=1
                                 ->  Seq Scan on role_type rt  (cost=0.00..1.15 rows=1 width=4) (actual time=0.010..0.011 rows=1 loops=1)
                                       Filter: ((role)::text = 'editor'::text)
                                       Rows Removed by Filter: 11
                                       Buffers: shared hit=1
                     ->  Index Scan using name_pkey on name n  (cost=0.43..2.32 rows=1 width=4) (actual time=0.033..0.033 rows=0 loops=9227)
                           Index Cond: (id = ci.person_id)
                           Filter: ((gender)::text = 'm'::text)
                           Rows Removed by Filter: 1
                           Buffers: shared hit=34426 read=2482
 Planning:
   Buffers: shared hit=574
 Planning Time: 14.119 ms
 Execution Time: 9216.406 ms
(73 rows)

