                                                                                             QUERY PLAN                                                                                              
-----------------------------------------------------------------------------------------------------------------------------------------------------------------------------------------------------
 Aggregate  (cost=360024.67..360024.68 rows=1 width=8) (actual time=1356.602..1356.608 rows=1 loops=1)
   Buffers: shared hit=94098 read=44623
   ->  Nested Loop  (cost=4697.40..360024.67 rows=1 width=0) (actual time=31.281..1356.079 rows=4323 loops=1)
         Buffers: shared hit=94098 read=44623
         ->  Hash Join  (cost=4696.97..360020.03 rows=2 width=4) (actual time=31.240..1115.221 rows=7445 loops=1)
               Hash Cond: (ci.role_id = rt.id)
               Buffers: shared hit=72860 read=36081
               ->  Nested Loop  (cost=4695.80..360018.81 rows=14 width=8) (actual time=30.932..1111.764 rows=18308 loops=1)
                     Buffers: shared hit=72859 read=36081
                     ->  Nested Loop  (cost=4695.36..359975.15 rows=1 width=12) (actual time=30.894..916.392 rows=408 loops=1)
                           Buffers: shared hit=62100 read=28199
                           ->  Nested Loop  (cost=4695.36..359972.73 rows=1 width=16) (actual time=30.888..909.354 rows=408 loops=1)
                                 Buffers: shared hit=61692 read=28199
                                 ->  Nested Loop  (cost=4695.36..359970.30 rows=1 width=20) (actual time=30.871..902.463 rows=408 loops=1)
                                       Buffers: shared hit=61284 read=28199
                                       ->  Hash Join  (cost=4694.92..359590.42 rows=9 width=12) (actual time=30.717..672.192 rows=1978 loops=1)
                                             Hash Cond: (t.kind_id = kt.id)
                                             Buffers: shared hit=46574 read=18811
                                             ->  Nested Loop  (cost=4693.81..359589.17 rows=32 width=16) (actual time=20.487..669.988 rows=11369 loops=1)
                                                   Buffers: shared hit=46573 read=18811
                                                   ->  Bitmap Heap Scan on movie_info mi2  (cost=4693.38..359301.78 rows=34 width=8) (actual time=20.433..309.618 rows=11453 loops=1)
                                                         Recheck Cond: (info_type_id = 5)
                                                         Filter: ((info)::text = ANY ('{Finland:K-15,"South Korea:15",USA:Unrated}'::text[]))
                                                         Rows Removed by Filter: 475101
                                                         Heap Blocks: exact=19164
                                                         Buffers: shared hit=1940 read=17632
                                                         ->  Bitmap Index Scan on info_type_id_movie_info  (cost=0.00..4693.37 rows=439058 width=0) (actual time=17.137..17.137 rows=486554 loops=1)
                                                               Index Cond: (info_type_id = 5)
                                                               Buffers: shared read=408
                                                   ->  Index Scan using title_pkey on title t  (cost=0.43..8.45 rows=1 width=8) (actual time=0.031..0.031 rows=1 loops=11453)
                                                         Index Cond: (id = mi2.movie_id)
                                                         Filter: ((production_year <= 2015) AND (1925 < production_year))
                                                         Rows Removed by Filter: 0
                                                         Buffers: shared hit=44633 read=1179
                                             ->  Hash  (cost=1.09..1.09 rows=2 width=4) (actual time=0.016..0.017 rows=2 loops=1)
                                                   Buckets: 1024  Batches: 1  Memory Usage: 9kB
                                                   Buffers: shared hit=1
                                                   ->  Seq Scan on kind_type kt  (cost=0.00..1.09 rows=2 width=4) (actual time=0.008..0.009 rows=2 loops=1)
                                                         Filter: ((kind)::text = ANY ('{episode,"video movie"}'::text[]))
                                                         Rows Removed by Filter: 5
                                                         Buffers: shared hit=1
                                       ->  Index Scan using movie_id_movie_info on movie_info mi1  (cost=0.43..42.20 rows=1 width=8) (actual time=0.116..0.116 rows=0 loops=1978)
                                             Index Cond: (movie_id = t.id)
                                             Filter: (((info)::text = ANY ('{Comedy,Thriller}'::text[])) AND (info_type_id = 3))
                                             Rows Removed by Filter: 15
                                             Buffers: shared hit=14710 read=9388
                                 ->  Seq Scan on info_type it1  (cost=0.00..2.41 rows=1 width=4) (actual time=0.009..0.015 rows=1 loops=408)
                                       Filter: (id = 3)
                                       Rows Removed by Filter: 112
                                       Buffers: shared hit=408
                           ->  Seq Scan on info_type it2  (cost=0.00..2.41 rows=1 width=4) (actual time=0.010..0.016 rows=1 loops=408)
                                 Filter: (id = 5)
                                 Rows Removed by Filter: 112
                                 Buffers: shared hit=408
                     ->  Index Scan using movie_id_cast_info on cast_info ci  (cost=0.44..43.28 rows=38 width=12) (actual time=0.037..0.470 rows=45 loops=408)
                           Index Cond: (movie_id = t.id)
                           Buffers: shared hit=10759 read=7882
               ->  Hash  (cost=1.15..1.15 rows=2 width=4) (actual time=0.029..0.029 rows=2 loops=1)
                     Buckets: 1024  Batches: 1  Memory Usage: 9kB
                     Buffers: shared hit=1
                     ->  Seq Scan on role_type rt  (cost=0.00..1.15 rows=2 width=4) (actual time=0.021..0.023 rows=2 loops=1)
                           Filter: ((role)::text = ANY ('{actress,"miscellaneous crew"}'::text[]))
                           Rows Removed by Filter: 10
                           Buffers: shared hit=1
         ->  Index Scan using name_pkey on name n  (cost=0.43..2.32 rows=1 width=4) (actual time=0.032..0.032 rows=1 loops=7445)
               Index Cond: (id = ci.person_id)
               Filter: ((gender)::text = ANY ('{f,m}'::text[]))
               Rows Removed by Filter: 0
               Buffers: shared hit=21238 read=8542
 Planning:
   Buffers: shared hit=528 read=46
 Planning Time: 13.073 ms
 Execution Time: 1357.135 ms
(73 rows)

