                                                                                             QUERY PLAN                                                                                              
-----------------------------------------------------------------------------------------------------------------------------------------------------------------------------------------------------
 Aggregate  (cost=427581.41..427581.42 rows=1 width=8) (actual time=41638.575..41638.582 rows=1 loops=1)
   Buffers: shared hit=3852849 read=498034
   ->  Nested Loop  (cost=4697.50..427581.41 rows=1 width=0) (actual time=97.287..41637.364 rows=1959 loops=1)
         Buffers: shared hit=3852849 read=498034
         ->  Nested Loop  (cost=4697.50..427578.98 rows=1 width=4) (actual time=97.277..41595.881 rows=1959 loops=1)
               Buffers: shared hit=3850890 read=498034
               ->  Nested Loop  (cost=4697.50..427576.56 rows=1 width=8) (actual time=97.249..41550.522 rows=1959 loops=1)
                     Buffers: shared hit=3848931 read=498034
                     ->  Hash Join  (cost=4697.07..427567.28 rows=4 width=12) (actual time=28.913..39785.854 rows=46553 loops=1)
                           Hash Cond: (ci.role_id = rt.id)
                           Buffers: shared hit=3687004 read=473749
                           ->  Nested Loop  (cost=4695.91..427565.96 rows=43 width=16) (actual time=28.702..39219.820 rows=3236976 loops=1)
                                 Buffers: shared hit=3687003 read=473749
                                 ->  Nested Loop  (cost=4695.47..427434.87 rows=3 width=20) (actual time=28.646..8877.656 rows=43817 loops=1)
                                       Buffers: shared hit=728611 read=141238
                                       ->  Hash Join  (cost=4695.04..422724.03 rows=111 width=12) (actual time=28.536..2143.032 rows=34608 loops=1)
                                             Hash Cond: (t.kind_id = kt.id)
                                             Buffers: shared hit=175055 read=29106
                                             ->  Nested Loop  (cost=4693.92..422721.27 rows=390 width=16) (actual time=20.432..2120.697 rows=40860 loops=1)
                                                   Buffers: shared hit=175054 read=29106
                                                   ->  Bitmap Heap Scan on movie_info mi2  (cost=4693.49..418626.64 rows=492 width=8) (actual time=20.359..491.987 rows=46147 loops=1)
                                                         Recheck Cond: (info_type_id = 5)
                                                         Filter: ((info)::text = ANY ('{Canada:14A,Iceland:16,Iceland:L,Portugal:M/12,UK:15,UK:18,"USA:Not Rated"}'::text[]))
                                                         Rows Removed by Filter: 440407
                                                         Heap Blocks: exact=19164
                                                         Buffers: shared hit=7526 read=12046
                                                         ->  Bitmap Index Scan on info_type_id_movie_info  (cost=0.00..4693.37 rows=439058 width=0) (actual time=17.474..17.474 rows=486554 loops=1)
                                                               Index Cond: (info_type_id = 5)
                                                               Buffers: shared hit=408
                                                   ->  Index Scan using title_pkey on title t  (cost=0.43..8.32 rows=1 width=8) (actual time=0.034..0.034 rows=1 loops=46147)
                                                         Index Cond: (id = mi2.movie_id)
                                                         Filter: ((production_year <= 2015) AND (1975 < production_year))
                                                         Rows Removed by Filter: 0
                                                         Buffers: shared hit=167528 read=17060
                                             ->  Hash  (cost=1.09..1.09 rows=2 width=4) (actual time=0.020..0.020 rows=2 loops=1)
                                                   Buckets: 1024  Batches: 1  Memory Usage: 9kB
                                                   Buffers: shared hit=1
                                                   ->  Seq Scan on kind_type kt  (cost=0.00..1.09 rows=2 width=4) (actual time=0.010..0.012 rows=2 loops=1)
                                                         Filter: ((kind)::text = ANY ('{movie,"video movie"}'::text[]))
                                                         Rows Removed by Filter: 5
                                                         Buffers: shared hit=1
                                       ->  Index Scan using movie_id_movie_info on movie_info mi1  (cost=0.43..42.43 rows=1 width=8) (actual time=0.192..0.194 rows=1 loops=34608)
                                             Index Cond: (movie_id = t.id)
                                             Filter: ((info_type_id = 3) AND ((info)::text = ANY ('{Action,Crime,Drama,Horror,Short,Thriller}'::text[])))
                                             Rows Removed by Filter: 82
                                             Buffers: shared hit=553556 read=112132
                                 ->  Index Scan using movie_id_cast_info on cast_info ci  (cost=0.44..43.32 rows=38 width=12) (actual time=0.036..0.672 rows=74 loops=43817)
                                       Index Cond: (movie_id = t.id)
                                       Buffers: shared hit=2958392 read=332511
                           ->  Hash  (cost=1.15..1.15 rows=1 width=4) (actual time=0.035..0.035 rows=1 loops=1)
                                 Buckets: 1024  Batches: 1  Memory Usage: 9kB
                                 Buffers: shared hit=1
                                 ->  Seq Scan on role_type rt  (cost=0.00..1.15 rows=1 width=4) (actual time=0.027..0.029 rows=1 loops=1)
                                       Filter: ((role)::text = 'director'::text)
                                       Rows Removed by Filter: 11
                                       Buffers: shared hit=1
                     ->  Index Scan using name_pkey on name n  (cost=0.43..2.32 rows=1 width=4) (actual time=0.037..0.037 rows=0 loops=46553)
                           Index Cond: (id = ci.person_id)
                           Filter: ((gender)::text = 'f'::text)
                           Rows Removed by Filter: 1
                           Buffers: shared hit=161927 read=24285
               ->  Seq Scan on info_type it1  (cost=0.00..2.41 rows=1 width=4) (actual time=0.010..0.020 rows=1 loops=1959)
                     Filter: (id = 3)
                     Rows Removed by Filter: 112
                     Buffers: shared hit=1959
         ->  Seq Scan on info_type it2  (cost=0.00..2.41 rows=1 width=4) (actual time=0.009..0.019 rows=1 loops=1959)
               Filter: (id = 5)
               Rows Removed by Filter: 112
               Buffers: shared hit=1959
 Planning:
   Buffers: shared hit=574
 Planning Time: 13.816 ms
 Execution Time: 41639.222 ms
(73 rows)

