                                                                                             QUERY PLAN                                                                                              
-----------------------------------------------------------------------------------------------------------------------------------------------------------------------------------------------------
 Aggregate  (cost=427553.34..427553.35 rows=1 width=8) (actual time=2795.623..2795.630 rows=1 loops=1)
   Buffers: shared hit=274865 read=12868
   ->  Nested Loop  (cost=4697.58..427553.33 rows=1 width=0) (actual time=2540.086..2795.623 rows=1 loops=1)
         Buffers: shared hit=274865 read=12868
         ->  Hash Join  (cost=4697.15..427551.01 rows=1 width=4) (actual time=696.954..2793.666 rows=45 loops=1)
               Hash Cond: (ci.role_id = rt.id)
               Buffers: shared hit=274727 read=12826
               ->  Nested Loop  (cost=4695.99..427549.80 rows=14 width=8) (actual time=218.459..2792.701 rows=4920 loops=1)
                     Buffers: shared hit=274726 read=12826
                     ->  Nested Loop  (cost=4695.55..427505.43 rows=1 width=12) (actual time=218.405..2735.963 rows=110 loops=1)
                           Buffers: shared hit=271021 read=11367
                           ->  Nested Loop  (cost=4695.55..427503.01 rows=1 width=16) (actual time=218.396..2733.747 rows=110 loops=1)
                                 Buffers: shared hit=270911 read=11367
                                 ->  Nested Loop  (cost=4695.55..427500.58 rows=1 width=20) (actual time=218.367..2730.865 rows=110 loops=1)
                                       Buffers: shared hit=270801 read=11367
                                       ->  Hash Join  (cost=4695.12..425358.26 rows=50 width=12) (actual time=137.362..2711.985 rows=113 loops=1)
                                             Hash Cond: (t.kind_id = kt.id)
                                             Buffers: shared hit=269992 read=10561
                                             ->  Nested Loop  (cost=4694.00..425356.41 rows=176 width=16) (actual time=21.494..2706.596 rows=23748 loops=1)
                                                   Buffers: shared hit=269991 read=10561
                                                   ->  Bitmap Heap Scan on movie_info mi2  (cost=4693.57..418626.72 rows=817 width=8) (actual time=21.180..459.631 rows=65245 loops=1)
                                                         Recheck Cond: (info_type_id = 5)
                                                         Filter: ((info)::text = ANY ('{Argentina:13,Australia:M,Finland:S,Singapore:PG,Sweden:15,USA:R,"West Germany:12"}'::text[]))
                                                         Rows Removed by Filter: 421309
                                                         Heap Blocks: exact=19164
                                                         Buffers: shared hit=19562 read=10
                                                         ->  Bitmap Index Scan on info_type_id_movie_info  (cost=0.00..4693.37 rows=439058 width=0) (actual time=18.540..18.541 rows=486554 loops=1)
                                                               Index Cond: (info_type_id = 5)
                                                               Buffers: shared hit=408
                                                   ->  Index Scan using title_pkey on title t  (cost=0.43..8.24 rows=1 width=8) (actual time=0.034..0.034 rows=0 loops=65245)
                                                         Index Cond: (id = mi2.movie_id)
                                                         Filter: ((production_year <= 1990) AND (1950 < production_year))
                                                         Rows Removed by Filter: 1
                                                         Buffers: shared hit=250429 read=10551
                                             ->  Hash  (cost=1.09..1.09 rows=2 width=4) (actual time=0.019..0.020 rows=2 loops=1)
                                                   Buckets: 1024  Batches: 1  Memory Usage: 9kB
                                                   Buffers: shared hit=1
                                                   ->  Seq Scan on kind_type kt  (cost=0.00..1.09 rows=2 width=4) (actual time=0.014..0.015 rows=2 loops=1)
                                                         Filter: ((kind)::text = ANY ('{"video game","video movie"}'::text[]))
                                                         Rows Removed by Filter: 5
                                                         Buffers: shared hit=1
                                       ->  Index Scan using movie_id_movie_info on movie_info mi1  (cost=0.43..42.84 rows=1 width=8) (actual time=0.165..0.166 rows=1 loops=113)
                                             Index Cond: (movie_id = t.id)
                                             Filter: ((info_type_id = 3) AND ((info)::text = ANY ('{Action,Comedy,Drama,Horror,Thriller}'::text[])))
                                             Rows Removed by Filter: 20
                                             Buffers: shared hit=809 read=806
                                 ->  Seq Scan on info_type it1  (cost=0.00..2.41 rows=1 width=4) (actual time=0.014..0.023 rows=1 loops=110)
                                       Filter: (id = 3)
                                       Rows Removed by Filter: 112
                                       Buffers: shared hit=110
                           ->  Seq Scan on info_type it2  (cost=0.00..2.41 rows=1 width=4) (actual time=0.009..0.018 rows=1 loops=110)
                                 Filter: (id = 5)
                                 Rows Removed by Filter: 112
                                 Buffers: shared hit=110
                     ->  Index Scan using movie_id_cast_info on cast_info ci  (cost=0.44..43.99 rows=38 width=12) (actual time=0.059..0.503 rows=45 loops=110)
                           Index Cond: (movie_id = t.id)
                           Buffers: shared hit=3705 read=1459
               ->  Hash  (cost=1.15..1.15 rows=1 width=4) (actual time=0.034..0.035 rows=1 loops=1)
                     Buckets: 1024  Batches: 1  Memory Usage: 9kB
                     Buffers: shared hit=1
                     ->  Seq Scan on role_type rt  (cost=0.00..1.15 rows=1 width=4) (actual time=0.027..0.028 rows=1 loops=1)
                           Filter: ((role)::text = 'costume designer'::text)
                           Rows Removed by Filter: 11
                           Buffers: shared hit=1
         ->  Index Scan using name_pkey on name n  (cost=0.43..2.32 rows=1 width=4) (actual time=0.043..0.043 rows=0 loops=45)
               Index Cond: (id = ci.person_id)
               Filter: ((gender)::text = 'm'::text)
               Rows Removed by Filter: 1
               Buffers: shared hit=138 read=42
 Planning:
   Buffers: shared hit=574
 Planning Time: 14.712 ms
 Execution Time: 2796.334 ms
(73 rows)

