                                                                                               QUERY PLAN                                                                                                
---------------------------------------------------------------------------------------------------------------------------------------------------------------------------------------------------------
 Aggregate  (cost=439870.91..439870.92 rows=1 width=8) (actual time=2877.356..2877.365 rows=1 loops=1)
   Buffers: shared hit=250896 read=11759
   ->  Nested Loop  (cost=4697.53..439870.91 rows=1 width=0) (actual time=542.972..2877.347 rows=19 loops=1)
         Buffers: shared hit=250896 read=11759
         ->  Hash Join  (cost=4697.10..439868.59 rows=1 width=4) (actual time=37.649..2876.130 rows=56 loops=1)
               Hash Cond: (ci.role_id = rt.id)
               Buffers: shared hit=250699 read=11732
               ->  Nested Loop  (cost=4695.94..439867.38 rows=14 width=8) (actual time=23.333..2874.703 rows=8895 loops=1)
                     Buffers: shared hit=250698 read=11732
                     ->  Nested Loop  (cost=4695.50..439822.82 rows=1 width=12) (actual time=23.303..2764.984 rows=636 loops=1)
                           Buffers: shared hit=242575 read=9534
                           ->  Nested Loop  (cost=4695.50..439820.40 rows=1 width=16) (actual time=23.297..2754.125 rows=636 loops=1)
                                 Buffers: shared hit=241939 read=9534
                                 ->  Nested Loop  (cost=4695.50..439817.98 rows=1 width=20) (actual time=23.277..2742.369 rows=636 loops=1)
                                       Buffers: shared hit=241303 read=9534
                                       ->  Hash Join  (cost=4695.06..438481.19 rows=31 width=12) (actual time=23.186..2681.740 rows=366 loops=1)
                                             Hash Cond: (t.kind_id = kt.id)
                                             Buffers: shared hit=238191 read=6970
                                             ->  Nested Loop  (cost=4693.95..438479.61 rows=109 width=16) (actual time=23.141..2675.283 rows=29133 loops=1)
                                                   Buffers: shared hit=238190 read=6970
                                                   ->  Bitmap Heap Scan on movie_info mi2  (cost=4693.52..433457.85 rows=605 width=8) (actual time=20.757..511.861 rows=56397 loops=1)
                                                         Recheck Cond: (info_type_id = 5)
                                                         Filter: ((info)::text = ANY ('{Argentina:Atp,Sweden:15,UK:U,"USA:Not Rated",USA:Passed,USA:TV-G,"West Germany:12","West Germany:16"}'::text[]))
                                                         Rows Removed by Filter: 430157
                                                         Heap Blocks: exact=19164
                                                         Buffers: shared hit=19572
                                                         ->  Bitmap Index Scan on info_type_id_movie_info  (cost=0.00..4693.37 rows=439058 width=0) (actual time=17.703..17.704 rows=486554 loops=1)
                                                               Index Cond: (info_type_id = 5)
                                                               Buffers: shared hit=408
                                                   ->  Index Scan using title_pkey on title t  (cost=0.43..8.30 rows=1 width=8) (actual time=0.038..0.038 rows=1 loops=56397)
                                                         Index Cond: (id = mi2.movie_id)
                                                         Filter: ((production_year <= 1975) AND (1875 < production_year))
                                                         Rows Removed by Filter: 0
                                                         Buffers: shared hit=218618 read=6970
                                             ->  Hash  (cost=1.09..1.09 rows=2 width=4) (actual time=0.019..0.020 rows=2 loops=1)
                                                   Buckets: 1024  Batches: 1  Memory Usage: 9kB
                                                   Buffers: shared hit=1
                                                   ->  Seq Scan on kind_type kt  (cost=0.00..1.09 rows=2 width=4) (actual time=0.013..0.014 rows=2 loops=1)
                                                         Filter: ((kind)::text = ANY ('{"tv series","video game"}'::text[]))
                                                         Rows Removed by Filter: 5
                                                         Buffers: shared hit=1
                                       ->  Index Scan using movie_id_movie_info on movie_info mi1  (cost=0.43..43.11 rows=1 width=8) (actual time=0.159..0.165 rows=2 loops=366)
                                             Index Cond: (movie_id = t.id)
                                             Filter: ((info_type_id = 3) AND ((info)::text = ANY ('{Action,Animation,Comedy,Drama,Family,Music,Romance,Western}'::text[])))
                                             Rows Removed by Filter: 46
                                             Buffers: shared hit=3112 read=2564
                                 ->  Seq Scan on info_type it1  (cost=0.00..2.41 rows=1 width=4) (actual time=0.008..0.017 rows=1 loops=636)
                                       Filter: (id = 3)
                                       Rows Removed by Filter: 112
                                       Buffers: shared hit=636
                           ->  Seq Scan on info_type it2  (cost=0.00..2.41 rows=1 width=4) (actual time=0.007..0.015 rows=1 loops=636)
                                 Filter: (id = 5)
                                 Rows Removed by Filter: 112
                                 Buffers: shared hit=636
                     ->  Index Scan using movie_id_cast_info on cast_info ci  (cost=0.44..44.17 rows=38 width=12) (actual time=0.042..0.169 rows=14 loops=636)
                           Index Cond: (movie_id = t.id)
                           Buffers: shared hit=8123 read=2198
               ->  Hash  (cost=1.15..1.15 rows=1 width=4) (actual time=0.035..0.036 rows=1 loops=1)
                     Buckets: 1024  Batches: 1  Memory Usage: 9kB
                     Buffers: shared hit=1
                     ->  Seq Scan on role_type rt  (cost=0.00..1.15 rows=1 width=4) (actual time=0.028..0.029 rows=1 loops=1)
                           Filter: ((role)::text = 'costume designer'::text)
                           Rows Removed by Filter: 11
                           Buffers: shared hit=1
         ->  Index Scan using name_pkey on name n  (cost=0.43..2.32 rows=1 width=4) (actual time=0.021..0.021 rows=0 loops=56)
               Index Cond: (id = ci.person_id)
               Filter: ((gender)::text = 'f'::text)
               Rows Removed by Filter: 1
               Buffers: shared hit=197 read=27
 Planning:
   Buffers: shared hit=574
 Planning Time: 14.034 ms
 Execution Time: 2878.003 ms
(73 rows)

