                                                                                                                   QUERY PLAN                                                                                                                   
------------------------------------------------------------------------------------------------------------------------------------------------------------------------------------------------------------------------------------------------
 Aggregate  (cost=519469.51..519469.52 rows=1 width=8) (actual time=5069.667..5069.674 rows=1 loops=1)
   Buffers: shared hit=443515 read=85617
   ->  Nested Loop  (cost=4697.54..519469.51 rows=1 width=0) (actual time=26.244..5069.384 rows=799 loops=1)
         Buffers: shared hit=443515 read=85617
         ->  Nested Loop  (cost=4697.54..519467.08 rows=1 width=4) (actual time=26.238..5056.380 rows=799 loops=1)
               Buffers: shared hit=442716 read=85617
               ->  Nested Loop  (cost=4697.54..519464.66 rows=1 width=8) (actual time=26.222..5041.643 rows=799 loops=1)
                     Buffers: shared hit=441917 read=85617
                     ->  Hash Join  (cost=4697.11..519453.06 rows=5 width=12) (actual time=20.196..4719.788 rows=9286 loops=1)
                           Hash Cond: (ci.role_id = rt.id)
                           Buffers: shared hit=410597 read=79793
                           ->  Nested Loop  (cost=4695.95..519451.70 rows=57 width=16) (actual time=20.055..4687.642 rows=200443 loops=1)
                                 Buffers: shared hit=410596 read=79793
                                 ->  Nested Loop  (cost=4695.51..519276.75 rows=4 width=20) (actual time=20.013..2745.291 rows=4637 loops=1)
                                       Buffers: shared hit=254556 read=30166
                                       ->  Hash Join  (cost=4695.07..512261.47 rows=165 width=12) (actual time=19.571..2114.785 rows=4147 loops=1)
                                             Hash Cond: (t.kind_id = kt.id)
                                             Buffers: shared hit=220890 read=3583
                                             ->  Nested Loop  (cost=4693.94..512258.71 rows=385 width=16) (actual time=19.531..2107.558 rows=30145 loops=1)
                                                   Buffers: shared hit=220889 read=3583
                                                   ->  Bitmap Heap Scan on movie_info mi2  (cost=4693.51..507613.76 rows=559 width=8) (actual time=19.401..510.829 rows=51225 loops=1)
                                                         Recheck Cond: (info_type_id = 5)
                                                         Filter: ((info)::text = ANY ('{Argentina:16,Australia:PG,Germany:18,Iceland:L,Ireland:15A,Italy:T,Netherlands:AL,Spain:18,Spain:T,Sweden:11,Sweden:15,Switzerland:10,UK:12}'::text[]))
                                                         Rows Removed by Filter: 435329
                                                         Heap Blocks: exact=19164
                                                         Buffers: shared hit=19516 read=56
                                                         ->  Bitmap Index Scan on info_type_id_movie_info  (cost=0.00..4693.37 rows=439058 width=0) (actual time=16.764..16.765 rows=486554 loops=1)
                                                               Index Cond: (info_type_id = 5)
                                                               Buffers: shared hit=408
                                                   ->  Index Scan using title_pkey on title t  (cost=0.43..8.31 rows=1 width=8) (actual time=0.031..0.031 rows=1 loops=51225)
                                                         Index Cond: (id = mi2.movie_id)
                                                         Filter: ((production_year <= 2015) AND (1990 < production_year))
                                                         Rows Removed by Filter: 0
                                                         Buffers: shared hit=201373 read=3527
                                             ->  Hash  (cost=1.10..1.10 rows=3 width=4) (actual time=0.017..0.018 rows=3 loops=1)
                                                   Buckets: 1024  Batches: 1  Memory Usage: 9kB
                                                   Buffers: shared hit=1
                                                   ->  Seq Scan on kind_type kt  (cost=0.00..1.10 rows=3 width=4) (actual time=0.009..0.010 rows=3 loops=1)
                                                         Filter: ((kind)::text = ANY ('{"tv movie","tv series","video game"}'::text[]))
                                                         Rows Removed by Filter: 4
                                                         Buffers: shared hit=1
                                       ->  Index Scan using movie_id_movie_info on movie_info mi1  (cost=0.43..42.51 rows=1 width=8) (actual time=0.149..0.151 rows=1 loops=4147)
                                             Index Cond: (movie_id = t.id)
                                             Filter: ((info_type_id = 3) AND ((info)::text = ANY ('{Action,Comedy,Crime,Drama,Horror,Romance,Thriller}'::text[])))
                                             Rows Removed by Filter: 32
                                             Buffers: shared hit=33666 read=26583
                                 ->  Index Scan using movie_id_cast_info on cast_info ci  (cost=0.44..43.36 rows=38 width=12) (actual time=0.034..0.408 rows=43 loops=4637)
                                       Index Cond: (movie_id = t.id)
                                       Buffers: shared hit=156040 read=49627
                           ->  Hash  (cost=1.15..1.15 rows=1 width=4) (actual time=0.031..0.031 rows=1 loops=1)
                                 Buckets: 1024  Batches: 1  Memory Usage: 9kB
                                 Buffers: shared hit=1
                                 ->  Seq Scan on role_type rt  (cost=0.00..1.15 rows=1 width=4) (actual time=0.025..0.026 rows=1 loops=1)
                                       Filter: ((role)::text = 'writer'::text)
                                       Rows Removed by Filter: 11
                                       Buffers: shared hit=1
                     ->  Index Scan using name_pkey on name n  (cost=0.43..2.32 rows=1 width=4) (actual time=0.034..0.034 rows=0 loops=9286)
                           Index Cond: (id = ci.person_id)
                           Filter: ((gender)::text = 'f'::text)
                           Rows Removed by Filter: 1
                           Buffers: shared hit=31320 read=5824
               ->  Seq Scan on info_type it1  (cost=0.00..2.41 rows=1 width=4) (actual time=0.008..0.016 rows=1 loops=799)
                     Filter: (id = 3)
                     Rows Removed by Filter: 112
                     Buffers: shared hit=799
         ->  Seq Scan on info_type it2  (cost=0.00..2.41 rows=1 width=4) (actual time=0.007..0.015 rows=1 loops=799)
               Filter: (id = 5)
               Rows Removed by Filter: 112
               Buffers: shared hit=799
 Planning:
   Buffers: shared hit=574
 Planning Time: 13.294 ms
 Execution Time: 5070.273 ms
(73 rows)

