                                                                                                                QUERY PLAN                                                                                                                
------------------------------------------------------------------------------------------------------------------------------------------------------------------------------------------------------------------------------------------
 Aggregate  (cost=502684.23..502684.24 rows=1 width=8) (actual time=57125.069..57125.076 rows=1 loops=1)
   Buffers: shared hit=5350521 read=533662
   ->  Nested Loop  (cost=4697.65..502684.20 rows=14 width=0) (actual time=70.192..57047.740 rows=427681 loops=1)
         Buffers: shared hit=5350521 read=533662
         ->  Hash Join  (cost=4697.22..502633.17 rows=22 width=4) (actual time=70.116..40842.554 rows=442494 loops=1)
               Hash Cond: (ci.role_id = rt.id)
               Buffers: shared hit=3623771 read=490436
               ->  Nested Loop  (cost=4696.05..502631.53 rows=129 width=8) (actual time=69.791..40181.644 rows=2947840 loops=1)
                     Buffers: shared hit=3623770 read=490436
                     ->  Nested Loop  (cost=4695.61..502238.59 rows=9 width=12) (actual time=69.715..11799.222 rows=35236 loops=1)
                           Buffers: shared hit=984497 read=157814
                           ->  Seq Scan on info_type it2  (cost=0.00..2.41 rows=1 width=4) (actual time=0.032..0.042 rows=1 loops=1)
                                 Filter: (id = 5)
                                 Rows Removed by Filter: 112
                                 Buffers: shared hit=1
                           ->  Nested Loop  (cost=4695.61..502236.09 rows=9 width=16) (actual time=69.681..11789.213 rows=35236 loops=1)
                                 Buffers: shared hit=984496 read=157814
                                 ->  Seq Scan on info_type it1  (cost=0.00..2.41 rows=1 width=4) (actual time=0.012..0.024 rows=1 loops=1)
                                       Filter: (id = 3)
                                       Rows Removed by Filter: 112
                                       Buffers: shared hit=1
                                 ->  Nested Loop  (cost=4695.61..502233.59 rows=9 width=20) (actual time=69.665..11778.333 rows=35236 loops=1)
                                       Buffers: shared hit=984495 read=157814
                                       ->  Hash Join  (cost=4695.17..485864.62 rows=385 width=12) (actual time=21.020..2825.793 rows=55727 loops=1)
                                             Hash Cond: (t.kind_id = kt.id)
                                             Buffers: shared hit=221247 read=36382
                                             ->  Nested Loop  (cost=4694.04..485859.71 rows=899 width=16) (actual time=19.986..2793.002 rows=59327 loops=1)
                                                   Buffers: shared hit=221246 read=36382
                                                   ->  Bitmap Heap Scan on movie_info mi2  (cost=4693.61..477951.50 rows=964 width=8) (actual time=19.933..633.254 rows=59514 loops=1)
                                                         Recheck Cond: (info_type_id = 5)
                                                         Filter: ((info)::text = ANY ('{Argentina:Atp,Canada:13+,Canada:PG,Finland:K-18,Iceland:12,Norway:16,Singapore:M18,Singapore:PG,Switzerland:14,USA:X,"West Germany:6"}'::text[]))
                                                         Rows Removed by Filter: 427040
                                                         Heap Blocks: exact=19164
                                                         Buffers: shared hit=5162 read=14410
                                                         ->  Bitmap Index Scan on info_type_id_movie_info  (cost=0.00..4693.37 rows=439058 width=0) (actual time=16.846..16.846 rows=486554 loops=1)
                                                               Index Cond: (info_type_id = 5)
                                                               Buffers: shared read=408
                                                   ->  Index Scan using title_pkey on title t  (cost=0.43..8.20 rows=1 width=8) (actual time=0.035..0.035 rows=1 loops=59514)
                                                         Index Cond: (id = mi2.movie_id)
                                                         Filter: ((production_year <= 2015) AND (1925 < production_year))
                                                         Rows Removed by Filter: 0
                                                         Buffers: shared hit=216084 read=21972
                                             ->  Hash  (cost=1.10..1.10 rows=3 width=4) (actual time=0.017..0.018 rows=3 loops=1)
                                                   Buckets: 1024  Batches: 1  Memory Usage: 9kB
                                                   Buffers: shared hit=1
                                                   ->  Seq Scan on kind_type kt  (cost=0.00..1.10 rows=3 width=4) (actual time=0.008..0.010 rows=3 loops=1)
                                                         Filter: ((kind)::text = ANY ('{episode,movie,"video movie"}'::text[]))
                                                         Rows Removed by Filter: 4
                                                         Buffers: shared hit=1
                                       ->  Index Scan using movie_id_movie_info on movie_info mi1  (cost=0.43..42.51 rows=1 width=8) (actual time=0.159..0.160 rows=1 loops=55727)
                                             Index Cond: (movie_id = t.id)
                                             Filter: ((info_type_id = 3) AND ((info)::text = ANY ('{Action,Adventure,Comedy,Crime,Documentary,Horror,Mystery,Thriller}'::text[])))
                                             Rows Removed by Filter: 59
                                             Buffers: shared hit=763248 read=121432
                     ->  Index Scan using movie_id_cast_info on cast_info ci  (cost=0.44..43.28 rows=38 width=12) (actual time=0.037..0.783 rows=84 loops=35236)
                           Index Cond: (movie_id = t.id)
                           Buffers: shared hit=2639273 read=332622
               ->  Hash  (cost=1.15..1.15 rows=2 width=4) (actual time=0.035..0.035 rows=2 loops=1)
                     Buckets: 1024  Batches: 1  Memory Usage: 9kB
                     Buffers: shared hit=1
                     ->  Seq Scan on role_type rt  (cost=0.00..1.15 rows=2 width=4) (actual time=0.026..0.028 rows=2 loops=1)
                           Filter: ((role)::text = ANY ('{actress,cinematographer}'::text[]))
                           Rows Removed by Filter: 10
                           Buffers: shared hit=1
         ->  Index Scan using name_pkey on name n  (cost=0.43..2.32 rows=1 width=4) (actual time=0.036..0.036 rows=1 loops=442494)
               Index Cond: (id = ci.person_id)
               Filter: ((gender)::text = ANY ('{f,m}'::text[]))
               Rows Removed by Filter: 0
               Buffers: shared hit=1726750 read=43226
 Planning:
   Buffers: shared hit=529 read=45
 Planning Time: 13.259 ms
 Execution Time: 57125.756 ms
(73 rows)

