                                                                                                  QUERY PLAN                                                                                                  
--------------------------------------------------------------------------------------------------------------------------------------------------------------------------------------------------------------
 Aggregate  (cost=494152.14..494152.15 rows=1 width=8) (actual time=6926.117..6926.138 rows=1 loops=1)
   Buffers: shared hit=574673 read=142592
   ->  Nested Loop  (cost=4697.71..494152.13 rows=3 width=0) (actual time=160.062..6925.975 rows=268 loops=1)
         Buffers: shared hit=574673 read=142592
         ->  Seq Scan on info_type it2  (cost=0.00..2.41 rows=1 width=4) (actual time=0.041..0.051 rows=1 loops=1)
               Filter: (id = 5)
               Rows Removed by Filter: 112
               Buffers: shared hit=1
         ->  Nested Loop  (cost=4697.71..494149.69 rows=3 width=4) (actual time=160.020..6925.839 rows=268 loops=1)
               Buffers: shared hit=574672 read=142592
               ->  Seq Scan on info_type it1  (cost=0.00..2.41 rows=1 width=4) (actual time=0.010..0.022 rows=1 loops=1)
                     Filter: (id = 3)
                     Rows Removed by Filter: 112
                     Buffers: shared hit=1
               ->  Nested Loop  (cost=4697.71..494147.25 rows=3 width=8) (actual time=160.007..6925.725 rows=268 loops=1)
                     Buffers: shared hit=574671 read=142592
                     ->  Hash Join  (cost=4697.28..494119.42 rows=12 width=12) (actual time=20.263..6726.838 rows=5701 loops=1)
                           Hash Cond: (ci.role_id = rt.id)
                           Buffers: shared hit=555400 read=139059
                           ->  Nested Loop  (cost=4696.11..494117.74 rows=143 width=16) (actual time=20.221..6686.064 rows=256468 loops=1)
                                 Buffers: shared hit=555399 read=139059
                                 ->  Nested Loop  (cost=4695.67..493681.15 rows=10 width=20) (actual time=20.183..4121.322 rows=6200 loops=1)
                                       Buffers: shared hit=346737 read=80343
                                       ->  Hash Join  (cost=4695.24..473050.35 rows=487 width=12) (actual time=19.981..3125.080 rows=6020 loops=1)
                                             Hash Cond: (t.kind_id = kt.id)
                                             Buffers: shared hit=292353 read=41452
                                             ->  Nested Loop  (cost=4694.11..473044.43 rows=1137 width=16) (actual time=19.944..3108.068 rows=78095 loops=1)
                                                   Buffers: shared hit=292352 read=41452
                                                   ->  Bitmap Heap Scan on movie_info mi2  (cost=4693.68..463120.38 rows=1220 width=8) (actual time=19.896..531.016 rows=78558 loops=1)
                                                         Recheck Cond: (info_type_id = 5)
                                                         Filter: ((info)::text = ANY ('{Argentina:16,Australia:PG,Canada:14A,Canada:PG,Finland:K-16,Singapore:PG,Sweden:15,UK:18,USA:Passed,USA:R}'::text[]))
                                                         Rows Removed by Filter: 407996
                                                         Heap Blocks: exact=19164
                                                         Buffers: shared hit=1104 read=18468
                                                         ->  Bitmap Index Scan on info_type_id_movie_info  (cost=0.00..4693.37 rows=439058 width=0) (actual time=17.275..17.275 rows=486554 loops=1)
                                                               Index Cond: (info_type_id = 5)
                                                               Buffers: shared read=408
                                                   ->  Index Scan using title_pkey on title t  (cost=0.43..8.13 rows=1 width=8) (actual time=0.032..0.032 rows=1 loops=78558)
                                                         Index Cond: (id = mi2.movie_id)
                                                         Filter: ((production_year <= 2015) AND (1925 < production_year))
                                                         Rows Removed by Filter: 0
                                                         Buffers: shared hit=291248 read=22984
                                             ->  Hash  (cost=1.10..1.10 rows=3 width=4) (actual time=0.014..0.028 rows=3 loops=1)
                                                   Buckets: 1024  Batches: 1  Memory Usage: 9kB
                                                   Buffers: shared hit=1
                                                   ->  Seq Scan on kind_type kt  (cost=0.00..1.10 rows=3 width=4) (actual time=0.008..0.009 rows=3 loops=1)
                                                         Filter: ((kind)::text = ANY ('{"tv movie","tv series","video game"}'::text[]))
                                                         Rows Removed by Filter: 4
                                                         Buffers: shared hit=1
                                       ->  Index Scan using movie_id_movie_info on movie_info mi1  (cost=0.43..42.35 rows=1 width=8) (actual time=0.163..0.165 rows=1 loops=6020)
                                             Index Cond: (movie_id = t.id)
                                             Filter: ((info_type_id = 3) AND ((info)::text = ANY ('{Comedy,Drama,Mystery,Romance,Thriller}'::text[])))
                                             Rows Removed by Filter: 40
                                             Buffers: shared hit=54384 read=38891
                                 ->  Index Scan using movie_id_cast_info on cast_info ci  (cost=0.44..43.28 rows=38 width=12) (actual time=0.035..0.403 rows=41 loops=6200)
                                       Index Cond: (movie_id = t.id)
                                       Buffers: shared hit=208662 read=58716
                           ->  Hash  (cost=1.15..1.15 rows=1 width=4) (actual time=0.015..0.015 rows=1 loops=1)
                                 Buckets: 1024  Batches: 1  Memory Usage: 9kB
                                 Buffers: shared hit=1
                                 ->  Seq Scan on role_type rt  (cost=0.00..1.15 rows=1 width=4) (actual time=0.009..0.010 rows=1 loops=1)
                                       Filter: ((role)::text = 'director'::text)
                                       Rows Removed by Filter: 11
                                       Buffers: shared hit=1
                     ->  Index Scan using name_pkey on name n  (cost=0.43..2.32 rows=1 width=4) (actual time=0.034..0.034 rows=0 loops=5701)
                           Index Cond: (id = ci.person_id)
                           Filter: ((gender)::text = 'f'::text)
                           Rows Removed by Filter: 1
                           Buffers: shared hit=19271 read=3533
 Planning:
   Buffers: shared hit=483 read=91
 Planning Time: 13.265 ms
 Execution Time: 6926.760 ms
(73 rows)

