                                                                                             QUERY PLAN                                                                                              
-----------------------------------------------------------------------------------------------------------------------------------------------------------------------------------------------------
 Aggregate  (cost=359731.59..359731.60 rows=1 width=8) (actual time=5998.294..5998.300 rows=1 loops=1)
   Buffers: shared hit=505231 read=118304
   ->  Nested Loop  (cost=4696.42..359731.59 rows=1 width=0) (actual time=34.218..5996.450 rows=9038 loops=1)
         Buffers: shared hit=505231 read=118304
         ->  Hash Join  (cost=4695.99..359726.95 rows=2 width=4) (actual time=34.177..5486.024 rows=14979 loops=1)
               Hash Cond: (ci.role_id = rt.id)
               Buffers: shared hit=449674 read=113945
               ->  Nested Loop  (cost=4694.82..359725.73 rows=14 width=8) (actual time=33.845..5447.976 rows=234243 loops=1)
                     Buffers: shared hit=449673 read=113945
                     ->  Nested Loop  (cost=4694.38..359680.85 rows=1 width=12) (actual time=33.805..3218.064 rows=6322 loops=1)
                           Buffers: shared hit=241035 read=73577
                           ->  Nested Loop  (cost=4694.38..359678.42 rows=1 width=16) (actual time=33.800..3097.546 rows=6322 loops=1)
                                 Buffers: shared hit=234713 read=73577
                                 ->  Nested Loop  (cost=4694.38..359676.00 rows=1 width=20) (actual time=33.780..2966.967 rows=6322 loops=1)
                                       Buffers: shared hit=228391 read=73577
                                       ->  Nested Loop  (cost=4693.94..359589.93 rows=2 width=12) (actual time=33.667..1128.574 rows=11743 loops=1)
                                             Buffers: shared hit=92716 read=20552
                                             ->  Nested Loop  (cost=4693.81..359589.17 rows=5 width=16) (actual time=33.653..943.291 rows=11772 loops=1)
                                                   Buffers: shared hit=69172 read=20552
                                                   ->  Bitmap Heap Scan on movie_info mi2  (cost=4693.38..359301.78 rows=34 width=8) (actual time=21.156..378.480 rows=17538 loops=1)
                                                         Recheck Cond: (info_type_id = 5)
                                                         Filter: ((info)::text = ANY ('{Sweden:Btl,UK:U,USA:Passed}'::text[]))
                                                         Rows Removed by Filter: 469016
                                                         Heap Blocks: exact=19164
                                                         Buffers: shared hit=1467 read=18105
                                                         ->  Bitmap Index Scan on info_type_id_movie_info  (cost=0.00..4693.37 rows=439058 width=0) (actual time=17.534..17.535 rows=486554 loops=1)
                                                               Index Cond: (info_type_id = 5)
                                                               Buffers: shared read=408
                                                   ->  Index Scan using title_pkey on title t  (cost=0.43..8.45 rows=1 width=8) (actual time=0.032..0.032 rows=1 loops=17538)
                                                         Index Cond: (id = mi2.movie_id)
                                                         Filter: ((production_year <= 1975) AND (1925 < production_year))
                                                         Rows Removed by Filter: 0
                                                         Buffers: shared hit=67705 read=2447
                                             ->  Index Scan using kind_type_pkey on kind_type kt  (cost=0.13..0.15 rows=1 width=4) (actual time=0.015..0.015 rows=1 loops=11772)
                                                   Index Cond: (id = t.kind_id)
                                                   Filter: ((kind)::text = ANY ('{episode,movie,"tv movie"}'::text[]))
                                                   Rows Removed by Filter: 0
                                                   Buffers: shared hit=23544
                                       ->  Index Scan using movie_id_movie_info on movie_info mi1  (cost=0.43..43.02 rows=1 width=8) (actual time=0.155..0.156 rows=1 loops=11743)
                                             Index Cond: (movie_id = t.id)
                                             Filter: (((info)::text = ANY ('{Comedy,Western}'::text[])) AND (info_type_id = 3))
                                             Rows Removed by Filter: 35
                                             Buffers: shared hit=135675 read=53025
                                 ->  Seq Scan on info_type it1  (cost=0.00..2.41 rows=1 width=4) (actual time=0.011..0.019 rows=1 loops=6322)
                                       Filter: (id = 3)
                                       Rows Removed by Filter: 112
                                       Buffers: shared hit=6322
                           ->  Seq Scan on info_type it2  (cost=0.00..2.41 rows=1 width=4) (actual time=0.009..0.017 rows=1 loops=6322)
                                 Filter: (id = 5)
                                 Rows Removed by Filter: 112
                                 Buffers: shared hit=6322
                     ->  Index Scan using movie_id_cast_info on cast_info ci  (cost=0.44..44.50 rows=38 width=12) (actual time=0.034..0.344 rows=37 loops=6322)
                           Index Cond: (movie_id = t.id)
                           Buffers: shared hit=208638 read=40368
               ->  Hash  (cost=1.15..1.15 rows=2 width=4) (actual time=0.036..0.037 rows=2 loops=1)
                     Buckets: 1024  Batches: 1  Memory Usage: 9kB
                     Buffers: shared hit=1
                     ->  Seq Scan on role_type rt  (cost=0.00..1.15 rows=2 width=4) (actual time=0.028..0.030 rows=2 loops=1)
                           Filter: ((role)::text = ANY ('{director,producer}'::text[]))
                           Rows Removed by Filter: 10
                           Buffers: shared hit=1
         ->  Index Scan using name_pkey on name n  (cost=0.43..2.32 rows=1 width=4) (actual time=0.033..0.033 rows=1 loops=14979)
               Index Cond: (id = ci.person_id)
               Filter: ((gender)::text = 'm'::text)
               Rows Removed by Filter: 0
               Buffers: shared hit=55557 read=4359
 Planning:
   Buffers: shared hit=506 read=68
 Planning Time: 15.368 ms
 Execution Time: 5999.788 ms
(70 rows)

