                                                                                             QUERY PLAN                                                                                              
-----------------------------------------------------------------------------------------------------------------------------------------------------------------------------------------------------
 Aggregate  (cost=400736.38..400736.39 rows=1 width=8) (actual time=12690.495..12690.503 rows=1 loops=1)
   Buffers: shared hit=1159994 read=164864
   ->  Nested Loop  (cost=4697.67..400736.38 rows=1 width=0) (actual time=86.836..12689.791 rows=1927 loops=1)
         Buffers: shared hit=1159994 read=164864
         ->  Hash Join  (cost=4697.24..400734.06 rows=1 width=4) (actual time=27.331..12337.591 rows=10100 loops=1)
               Hash Cond: (ci.role_id = rt.id)
               Buffers: shared hit=1120671 read=163787
               ->  Nested Loop  (cost=4696.08..400732.85 rows=14 width=8) (actual time=27.175..12223.845 rows=750189 loops=1)
                     Buffers: shared hit=1120670 read=163787
                     ->  Nested Loop  (cost=4695.64..400687.97 rows=1 width=12) (actual time=27.136..5313.822 rows=15902 loops=1)
                           Buffers: shared hit=405759 read=92684
                           ->  Nested Loop  (cost=4695.64..400685.55 rows=1 width=16) (actual time=27.131..4983.978 rows=15902 loops=1)
                                 Buffers: shared hit=389857 read=92684
                                 ->  Nested Loop  (cost=4695.64..400683.12 rows=1 width=20) (actual time=27.115..4644.463 rows=15902 loops=1)
                                       Buffers: shared hit=373955 read=92684
                                       ->  Hash Join  (cost=4695.21..397875.88 rows=65 width=12) (actual time=26.871..1963.812 rows=16274 loops=1)
                                             Hash Cond: (t.kind_id = kt.id)
                                             Buffers: shared hit=155654 read=36751
                                             ->  Nested Loop  (cost=4694.07..397874.10 rows=153 width=16) (actual time=17.596..1955.276 rows=16481 loops=1)
                                                   Buffers: shared hit=155653 read=36751
                                                   ->  Bitmap Heap Scan on movie_info mi2  (cost=4693.64..388964.42 rows=1091 width=8) (actual time=17.510..444.870 rows=43208 loops=1)
                                                         Recheck Cond: (info_type_id = 5)
                                                         Filter: ((info)::text = ANY ('{Australia:G,Australia:M,Finland:K-16,Norway:16,"West Germany:12"}'::text[]))
                                                         Rows Removed by Filter: 443346
                                                         Heap Blocks: exact=19164
                                                         Buffers: shared hit=3447 read=16125
                                                         ->  Bitmap Index Scan on info_type_id_movie_info  (cost=0.00..4693.37 rows=439058 width=0) (actual time=14.894..14.895 rows=486554 loops=1)
                                                               Index Cond: (info_type_id = 5)
                                                               Buffers: shared read=408
                                                   ->  Index Scan using title_pkey on title t  (cost=0.43..8.17 rows=1 width=8) (actual time=0.034..0.034 rows=0 loops=43208)
                                                         Index Cond: (id = mi2.movie_id)
                                                         Filter: ((production_year <= 1975) AND (1925 < production_year))
                                                         Rows Removed by Filter: 1
                                                         Buffers: shared hit=152206 read=20626
                                             ->  Hash  (cost=1.10..1.10 rows=3 width=4) (actual time=0.012..0.013 rows=3 loops=1)
                                                   Buckets: 1024  Batches: 1  Memory Usage: 9kB
                                                   Buffers: shared hit=1
                                                   ->  Seq Scan on kind_type kt  (cost=0.00..1.10 rows=3 width=4) (actual time=0.008..0.009 rows=3 loops=1)
                                                         Filter: ((kind)::text = ANY ('{episode,movie,"tv movie"}'::text[]))
                                                         Rows Removed by Filter: 4
                                                         Buffers: shared hit=1
                                       ->  Index Scan using movie_id_movie_info on movie_info mi1  (cost=0.43..43.18 rows=1 width=8) (actual time=0.163..0.164 rows=1 loops=16274)
                                             Index Cond: (movie_id = t.id)
                                             Filter: ((info_type_id = 3) AND ((info)::text = ANY ('{Action,Comedy,Drama,Romance,Thriller}'::text[])))
                                             Rows Removed by Filter: 45
                                             Buffers: shared hit=218301 read=55933
                                 ->  Seq Scan on info_type it1  (cost=0.00..2.41 rows=1 width=4) (actual time=0.010..0.019 rows=1 loops=15902)
                                       Filter: (id = 3)
                                       Rows Removed by Filter: 112
                                       Buffers: shared hit=15902
                           ->  Seq Scan on info_type it2  (cost=0.00..2.41 rows=1 width=4) (actual time=0.010..0.019 rows=1 loops=15902)
                                 Filter: (id = 5)
                                 Rows Removed by Filter: 112
                                 Buffers: shared hit=15902
                     ->  Index Scan using movie_id_cast_info on cast_info ci  (cost=0.44..44.50 rows=38 width=12) (actual time=0.034..0.423 rows=47 loops=15902)
                           Index Cond: (movie_id = t.id)
                           Buffers: shared hit=714911 read=71103
               ->  Hash  (cost=1.15..1.15 rows=1 width=4) (actual time=0.025..0.026 rows=1 loops=1)
                     Buckets: 1024  Batches: 1  Memory Usage: 9kB
                     Buffers: shared hit=1
                     ->  Seq Scan on role_type rt  (cost=0.00..1.15 rows=1 width=4) (actual time=0.020..0.021 rows=1 loops=1)
                           Filter: ((role)::text = 'costume designer'::text)
                           Rows Removed by Filter: 11
                           Buffers: shared hit=1
         ->  Index Scan using name_pkey on name n  (cost=0.43..2.32 rows=1 width=4) (actual time=0.034..0.034 rows=0 loops=10100)
               Index Cond: (id = ci.person_id)
               Filter: ((gender)::text = 'm'::text)
               Rows Removed by Filter: 1
               Buffers: shared hit=39323 read=1077
 Planning:
   Buffers: shared hit=520 read=54
 Planning Time: 10.004 ms
 Execution Time: 12691.066 ms
(73 rows)

