                                                                                             QUERY PLAN                                                                                              
-----------------------------------------------------------------------------------------------------------------------------------------------------------------------------------------------------
 Aggregate  (cost=471538.59..471538.60 rows=1 width=8) (actual time=3714.912..3714.919 rows=1 loops=1)
   Buffers: shared hit=336822 read=48251
   ->  Nested Loop  (cost=4697.88..471538.58 rows=1 width=0) (actual time=441.637..3714.907 rows=7 loops=1)
         Buffers: shared hit=336822 read=48251
         ->  Nested Loop  (cost=4697.88..471536.16 rows=1 width=4) (actual time=441.627..3714.821 rows=7 loops=1)
               Buffers: shared hit=336815 read=48251
               ->  Nested Loop  (cost=4697.88..471533.74 rows=1 width=8) (actual time=441.609..3714.711 rows=7 loops=1)
                     Buffers: shared hit=336808 read=48251
                     ->  Hash Join  (cost=4697.45..471522.14 rows=5 width=12) (actual time=21.066..3694.157 rows=559 loops=1)
                           Hash Cond: (ci.role_id = rt.id)
                           Buffers: shared hit=335309 read=47514
                           ->  Nested Loop  (cost=4696.29..471520.77 rows=57 width=16) (actual time=21.007..3691.488 rows=18059 loops=1)
                                 Buffers: shared hit=335308 read=47514
                                 ->  Nested Loop  (cost=4695.85..471343.28 rows=4 width=20) (actual time=20.966..3492.040 rows=791 loops=1)
                                       Buffers: shared hit=323461 read=39540
                                       ->  Hash Join  (cost=4695.42..463682.95 rows=179 width=12) (actual time=20.779..3357.717 rows=815 loops=1)
                                             Hash Cond: (t.kind_id = kt.id)
                                             Buffers: shared hit=317068 read=32905
                                             ->  Nested Loop  (cost=4694.28..463680.05 rows=417 width=16) (actual time=20.733..3349.959 rows=33618 loops=1)
                                                   Buffers: shared hit=317067 read=32905
                                                   ->  Bitmap Heap Scan on movie_info mi2  (cost=4693.85..448289.37 rows=1933 width=8) (actual time=20.680..539.390 rows=82600 loops=1)
                                                         Recheck Cond: (info_type_id = 5)
                                                         Filter: ((info)::text = ANY ('{Australia:PG,Finland:K-16,Iceland:16,Iceland:L,Sweden:15,UK:15,USA:Approved,USA:PG,USA:R}'::text[]))
                                                         Rows Removed by Filter: 403954
                                                         Heap Blocks: exact=19164
                                                         Buffers: shared hit=2196 read=17376
                                                         ->  Bitmap Index Scan on info_type_id_movie_info  (cost=0.00..4693.37 rows=439058 width=0) (actual time=18.101..18.101 rows=486554 loops=1)
                                                               Index Cond: (info_type_id = 5)
                                                               Buffers: shared read=408
                                                   ->  Index Scan using title_pkey on title t  (cost=0.43..7.96 rows=1 width=8) (actual time=0.034..0.034 rows=0 loops=82600)
                                                         Index Cond: (id = mi2.movie_id)
                                                         Filter: ((production_year <= 1990) AND (1950 < production_year))
                                                         Rows Removed by Filter: 1
                                                         Buffers: shared hit=314871 read=15529
                                             ->  Hash  (cost=1.10..1.10 rows=3 width=4) (actual time=0.020..0.021 rows=3 loops=1)
                                                   Buckets: 1024  Batches: 1  Memory Usage: 9kB
                                                   Buffers: shared hit=1
                                                   ->  Seq Scan on kind_type kt  (cost=0.00..1.10 rows=3 width=4) (actual time=0.009..0.011 rows=3 loops=1)
                                                         Filter: ((kind)::text = ANY ('{"tv series","video game","video movie"}'::text[]))
                                                         Rows Removed by Filter: 4
                                                         Buffers: shared hit=1
                                       ->  Index Scan using movie_id_movie_info on movie_info mi1  (cost=0.43..42.79 rows=1 width=8) (actual time=0.160..0.164 rows=1 loops=815)
                                             Index Cond: (movie_id = t.id)
                                             Filter: ((info_type_id = 3) AND ((info)::text = ANY ('{Action,Comedy,Drama,Thriller}'::text[])))
                                             Rows Removed by Filter: 53
                                             Buffers: shared hit=6393 read=6635
                                 ->  Index Scan using movie_id_cast_info on cast_info ci  (cost=0.44..43.99 rows=38 width=12) (actual time=0.030..0.247 rows=23 loops=791)
                                       Index Cond: (movie_id = t.id)
                                       Buffers: shared hit=11847 read=7974
                           ->  Hash  (cost=1.15..1.15 rows=1 width=4) (actual time=0.033..0.033 rows=1 loops=1)
                                 Buckets: 1024  Batches: 1  Memory Usage: 9kB
                                 Buffers: shared hit=1
                                 ->  Seq Scan on role_type rt  (cost=0.00..1.15 rows=1 width=4) (actual time=0.026..0.027 rows=1 loops=1)
                                       Filter: ((role)::text = 'director'::text)
                                       Rows Removed by Filter: 11
                                       Buffers: shared hit=1
                     ->  Index Scan using name_pkey on name n  (cost=0.43..2.32 rows=1 width=4) (actual time=0.036..0.036 rows=0 loops=559)
                           Index Cond: (id = ci.person_id)
                           Filter: ((gender)::text = 'f'::text)
                           Rows Removed by Filter: 1
                           Buffers: shared hit=1499 read=737
               ->  Seq Scan on info_type it1  (cost=0.00..2.41 rows=1 width=4) (actual time=0.008..0.013 rows=1 loops=7)
                     Filter: (id = 3)
                     Rows Removed by Filter: 112
                     Buffers: shared hit=7
         ->  Seq Scan on info_type it2  (cost=0.00..2.41 rows=1 width=4) (actual time=0.005..0.011 rows=1 loops=7)
               Filter: (id = 5)
               Rows Removed by Filter: 112
               Buffers: shared hit=7
 Planning:
   Buffers: shared hit=505 read=69
 Planning Time: 14.576 ms
 Execution Time: 3715.550 ms
(73 rows)

