                                                                                             QUERY PLAN                                                                                              
-----------------------------------------------------------------------------------------------------------------------------------------------------------------------------------------------------
 Aggregate  (cost=399000.66..399000.67 rows=1 width=8) (actual time=20422.543..20422.550 rows=1 loops=1)
   Buffers: shared hit=1802147 read=333973
   ->  Nested Loop  (cost=4697.52..399000.66 rows=1 width=0) (actual time=37.363..20413.038 rows=53380 loops=1)
         Buffers: shared hit=1802147 read=333973
         ->  Hash Join  (cost=4697.09..398996.02 rows=2 width=4) (actual time=20.669..16755.153 rows=103335 loops=1)
               Hash Cond: (ci.role_id = rt.id)
               Buffers: shared hit=1418342 read=304438
               ->  Nested Loop  (cost=4695.92..398994.80 rows=14 width=8) (actual time=20.588..16564.928 rows=1041776 loops=1)
                     Buffers: shared hit=1418341 read=304438
                     ->  Nested Loop  (cost=4695.48..398951.10 rows=1 width=12) (actual time=20.550..6768.356 rows=12985 loops=1)
                           Buffers: shared hit=547283 read=122906
                           ->  Nested Loop  (cost=4695.48..398948.67 rows=1 width=16) (actual time=20.543..6489.258 rows=12985 loops=1)
                                 Buffers: shared hit=534298 read=122906
                                 ->  Nested Loop  (cost=4695.48..398946.25 rows=1 width=20) (actual time=20.522..6208.184 rows=12985 loops=1)
                                       Buffers: shared hit=521313 read=122906
                                       ->  Hash Join  (cost=4695.04..392637.96 rows=149 width=12) (actual time=20.460..1474.985 rows=26570 loops=1)
                                             Hash Cond: (t.kind_id = kt.id)
                                             Buffers: shared hit=121527 read=22542
                                             ->  Nested Loop  (cost=4693.91..392635.36 rows=349 width=16) (actual time=20.415..1461.315 rows=28467 loops=1)
                                                   Buffers: shared hit=121526 read=22542
                                                   ->  Bitmap Heap Scan on movie_info mi2  (cost=4693.48..388964.26 rows=440 width=8) (actual time=20.376..426.204 rows=31124 loops=1)
                                                         Recheck Cond: (info_type_id = 5)
                                                         Filter: ((info)::text = ANY ('{Germany:12,Germany:18,"Hong Kong:IIB",Netherlands:16,USA:R}'::text[]))
                                                         Rows Removed by Filter: 455430
                                                         Heap Blocks: exact=19164
                                                         Buffers: shared hit=6661 read=12911
                                                         ->  Bitmap Index Scan on info_type_id_movie_info  (cost=0.00..4693.37 rows=439058 width=0) (actual time=17.318..17.319 rows=486554 loops=1)
                                                               Index Cond: (info_type_id = 5)
                                                               Buffers: shared hit=408
                                                   ->  Index Scan using title_pkey on title t  (cost=0.43..8.34 rows=1 width=8) (actual time=0.032..0.032 rows=1 loops=31124)
                                                         Index Cond: (id = mi2.movie_id)
                                                         Filter: ((production_year <= 2015) AND (1975 < production_year))
                                                         Rows Removed by Filter: 0
                                                         Buffers: shared hit=114865 read=9631
                                             ->  Hash  (cost=1.10..1.10 rows=3 width=4) (actual time=0.021..0.022 rows=3 loops=1)
                                                   Buckets: 1024  Batches: 1  Memory Usage: 9kB
                                                   Buffers: shared hit=1
                                                   ->  Seq Scan on kind_type kt  (cost=0.00..1.10 rows=3 width=4) (actual time=0.009..0.011 rows=3 loops=1)
                                                         Filter: ((kind)::text = ANY ('{episode,movie,"video movie"}'::text[]))
                                                         Rows Removed by Filter: 4
                                                         Buffers: shared hit=1
                                       ->  Index Scan using movie_id_movie_info on movie_info mi1  (cost=0.43..42.33 rows=1 width=8) (actual time=0.177..0.177 rows=0 loops=26570)
                                             Index Cond: (movie_id = t.id)
                                             Filter: ((info_type_id = 3) AND ((info)::text = ANY ('{Action,Adult,Adventure,Crime}'::text[])))
                                             Rows Removed by Filter: 77
                                             Buffers: shared hit=399786 read=100364
                                 ->  Seq Scan on info_type it1  (cost=0.00..2.41 rows=1 width=4) (actual time=0.011..0.019 rows=1 loops=12985)
                                       Filter: (id = 3)
                                       Rows Removed by Filter: 112
                                       Buffers: shared hit=12985
                           ->  Seq Scan on info_type it2  (cost=0.00..2.41 rows=1 width=4) (actual time=0.011..0.020 rows=1 loops=12985)
                                 Filter: (id = 5)
                                 Rows Removed by Filter: 112
                                 Buffers: shared hit=12985
                     ->  Index Scan using movie_id_cast_info on cast_info ci  (cost=0.44..43.32 rows=38 width=12) (actual time=0.035..0.735 rows=80 loops=12985)
                           Index Cond: (movie_id = t.id)
                           Buffers: shared hit=871058 read=181532
               ->  Hash  (cost=1.15..1.15 rows=2 width=4) (actual time=0.037..0.038 rows=2 loops=1)
                     Buckets: 1024  Batches: 1  Memory Usage: 9kB
                     Buffers: shared hit=1
                     ->  Seq Scan on role_type rt  (cost=0.00..1.15 rows=2 width=4) (actual time=0.028..0.031 rows=2 loops=1)
                           Filter: ((role)::text = ANY ('{producer,writer}'::text[]))
                           Rows Removed by Filter: 10
                           Buffers: shared hit=1
         ->  Index Scan using name_pkey on name n  (cost=0.43..2.32 rows=1 width=4) (actual time=0.035..0.035 rows=1 loops=103335)
               Index Cond: (id = ci.person_id)
               Filter: ((gender)::text = 'm'::text)
               Rows Removed by Filter: 0
               Buffers: shared hit=383805 read=29535
 Planning:
   Buffers: shared hit=574
 Planning Time: 13.856 ms
 Execution Time: 20423.260 ms
(73 rows)

