                                                                                                           QUERY PLAN                                                                                                           
--------------------------------------------------------------------------------------------------------------------------------------------------------------------------------------------------------------------------------
 Aggregate  (cost=509179.77..509179.78 rows=1 width=8) (actual time=94031.863..94031.870 rows=1 loops=1)
   Buffers: shared hit=9055458 read=693483
   ->  Nested Loop  (cost=4697.78..509179.76 rows=3 width=0) (actual time=42.630..94021.731 rows=22567 loops=1)
         Buffers: shared hit=9055458 read=693483
         ->  Seq Scan on info_type it2  (cost=0.00..2.41 rows=1 width=4) (actual time=0.045..0.056 rows=1 loops=1)
               Filter: (id = 5)
               Rows Removed by Filter: 112
               Buffers: shared hit=1
         ->  Nested Loop  (cost=4697.78..509177.32 rows=3 width=4) (actual time=42.584..94015.209 rows=22567 loops=1)
               Buffers: shared hit=9055457 read=693483
               ->  Seq Scan on info_type it1  (cost=0.00..2.41 rows=1 width=4) (actual time=0.009..0.022 rows=1 loops=1)
                     Filter: (id = 3)
                     Rows Removed by Filter: 112
                     Buffers: shared hit=1
               ->  Nested Loop  (cost=4697.78..509174.87 rows=3 width=8) (actual time=42.571..94007.828 rows=22567 loops=1)
                     Buffers: shared hit=9055456 read=693483
                     ->  Hash Join  (cost=4697.35..509144.72 rows=13 width=12) (actual time=31.485..91132.801 rows=77094 loops=1)
                           Hash Cond: (ci.role_id = rt.id)
                           Buffers: shared hit=8754255 read=686308
                           ->  Nested Loop  (cost=4696.18..509143.00 rows=158 width=16) (actual time=28.186..89704.739 rows=7545559 loops=1)
                                 Buffers: shared hit=8754254 read=686308
                                 ->  Nested Loop  (cost=4695.74..508662.74 rows=11 width=20) (actual time=28.142..17718.317 rows=107907 loops=1)
                                       Buffers: shared hit=1582179 read=168534
                                       ->  Hash Join  (cost=4695.31..490720.66 rows=422 width=12) (actual time=27.909..3904.633 rows=72618 loops=1)
                                             Hash Cond: (t.kind_id = kt.id)
                                             Buffers: shared hit=334821 read=38376
                                             ->  Nested Loop  (cost=4694.20..490713.32 rows=1478 width=16) (actual time=19.812..3851.960 rows=87931 loops=1)
                                                   Buffers: shared hit=334820 read=38376
                                                   ->  Bitmap Heap Scan on movie_info mi2  (cost=4693.77..477951.65 rows=1586 width=8) (actual time=19.777..621.486 rows=88406 loops=1)
                                                         Recheck Cond: (info_type_id = 5)
                                                         Filter: ((info)::text = ANY ('{Argentina:13,Australia:M,Australia:MA,Netherlands:16,Netherlands:AL,Sweden:11,UK:15,USA:Approved,USA:PG-13,USA:Passed,USA:R}'::text[]))
                                                         Rows Removed by Filter: 398148
                                                         Heap Blocks: exact=19164
                                                         Buffers: shared hit=6401 read=13171
                                                         ->  Bitmap Index Scan on info_type_id_movie_info  (cost=0.00..4693.37 rows=439058 width=0) (actual time=17.144..17.144 rows=486554 loops=1)
                                                               Index Cond: (info_type_id = 5)
                                                               Buffers: shared read=408
                                                   ->  Index Scan using title_pkey on title t  (cost=0.43..8.05 rows=1 width=8) (actual time=0.036..0.036 rows=1 loops=88406)
                                                         Index Cond: (id = mi2.movie_id)
                                                         Filter: ((production_year <= 2015) AND (1925 < production_year))
                                                         Rows Removed by Filter: 0
                                                         Buffers: shared hit=328419 read=25205
                                             ->  Hash  (cost=1.09..1.09 rows=2 width=4) (actual time=0.017..0.018 rows=2 loops=1)
                                                   Buckets: 1024  Batches: 1  Memory Usage: 9kB
                                                   Buffers: shared hit=1
                                                   ->  Seq Scan on kind_type kt  (cost=0.00..1.09 rows=2 width=4) (actual time=0.009..0.011 rows=2 loops=1)
                                                         Filter: ((kind)::text = ANY ('{movie,"video movie"}'::text[]))
                                                         Rows Removed by Filter: 5
                                                         Buffers: shared hit=1
                                       ->  Index Scan using movie_id_movie_info on movie_info mi1  (cost=0.43..42.51 rows=1 width=8) (actual time=0.187..0.189 rows=1 loops=72618)
                                             Index Cond: (movie_id = t.id)
                                             Filter: ((info_type_id = 3) AND ((info)::text = ANY ('{Action,Adventure,Comedy,Drama,Horror,Music,Mystery,Romance}'::text[])))
                                             Rows Removed by Filter: 73
                                             Buffers: shared hit=1247358 read=130158
                                 ->  Index Scan using movie_id_cast_info on cast_info ci  (cost=0.44..43.28 rows=38 width=12) (actual time=0.036..0.646 rows=70 loops=107907)
                                       Index Cond: (movie_id = t.id)
                                       Buffers: shared hit=7172075 read=517774
                           ->  Hash  (cost=1.15..1.15 rows=1 width=4) (actual time=0.017..0.017 rows=1 loops=1)
                                 Buckets: 1024  Batches: 1  Memory Usage: 9kB
                                 Buffers: shared hit=1
                                 ->  Seq Scan on role_type rt  (cost=0.00..1.15 rows=1 width=4) (actual time=0.010..0.011 rows=1 loops=1)
                                       Filter: ((role)::text = 'costume designer'::text)
                                       Rows Removed by Filter: 11
                                       Buffers: shared hit=1
                     ->  Index Scan using name_pkey on name n  (cost=0.43..2.32 rows=1 width=4) (actual time=0.036..0.036 rows=0 loops=77094)
                           Index Cond: (id = ci.person_id)
                           Filter: ((gender)::text = 'f'::text)
                           Rows Removed by Filter: 1
                           Buffers: shared hit=301201 read=7175
 Planning:
   Buffers: shared hit=502 read=72
 Planning Time: 13.994 ms
 Execution Time: 94032.563 ms
(73 rows)

