                                                                                                QUERY PLAN                                                                                                
----------------------------------------------------------------------------------------------------------------------------------------------------------------------------------------------------------
 Aggregate  (cost=446839.72..446839.73 rows=1 width=8) (actual time=3350.229..3350.236 rows=1 loops=1)
   Buffers: shared hit=289006 read=52112
   ->  Nested Loop  (cost=4697.71..446839.72 rows=3 width=0) (actual time=608.713..3350.210 rows=31 loops=1)
         Buffers: shared hit=289006 read=52112
         ->  Hash Join  (cost=4697.28..446828.12 rows=5 width=4) (actual time=33.014..3344.939 rows=157 loops=1)
               Hash Cond: (ci.role_id = rt.id)
               Buffers: shared hit=288467 read=52023
               ->  Nested Loop  (cost=4696.11..446826.85 rows=29 width=8) (actual time=32.812..3343.886 rows=5605 loops=1)
                     Buffers: shared hit=288466 read=52023
                     ->  Nested Loop  (cost=4695.67..446737.74 rows=2 width=12) (actual time=32.740..3271.249 rows=221 loops=1)
                           Buffers: shared hit=284287 read=50159
                           ->  Seq Scan on info_type it2  (cost=0.00..2.41 rows=1 width=4) (actual time=0.032..0.042 rows=1 loops=1)
                                 Filter: (id = 5)
                                 Rows Removed by Filter: 112
                                 Buffers: shared hit=1
                           ->  Nested Loop  (cost=4695.67..446735.30 rows=2 width=16) (actual time=32.707..3271.135 rows=221 loops=1)
                                 Buffers: shared hit=284286 read=50159
                                 ->  Seq Scan on info_type it1  (cost=0.00..2.41 rows=1 width=4) (actual time=0.012..0.024 rows=1 loops=1)
                                       Filter: (id = 3)
                                       Rows Removed by Filter: 112
                                       Buffers: shared hit=1
                                 ->  Nested Loop  (cost=4695.67..446732.87 rows=2 width=20) (actual time=32.691..3271.031 rows=221 loops=1)
                                       Buffers: shared hit=284285 read=50159
                                       ->  Hash Join  (cost=4695.23..443893.57 rows=66 width=12) (actual time=28.674..2888.251 rows=3196 loops=1)
                                             Hash Cond: (t.kind_id = kt.id)
                                             Buffers: shared hit=248100 read=46845
                                             ->  Nested Loop  (cost=4694.12..443891.48 rows=232 width=16) (actual time=20.573..2880.950 rows=31805 loops=1)
                                                   Buffers: shared hit=248099 read=46845
                                                   ->  Bitmap Heap Scan on movie_info mi2  (cost=4693.69..433458.02 rows=1285 width=8) (actual time=20.526..502.927 rows=68843 loops=1)
                                                         Recheck Cond: (info_type_id = 5)
                                                         Filter: ((info)::text = ANY ('{Argentina:13,Argentina:Atp,Australia:G,Finland:K-16,Sweden:15,Sweden:Btl,USA:Passed,"West Germany:16"}'::text[]))
                                                         Rows Removed by Filter: 417711
                                                         Heap Blocks: exact=19164
                                                         Buffers: shared hit=1064 read=18508
                                                         ->  Bitmap Index Scan on info_type_id_movie_info  (cost=0.00..4693.37 rows=439058 width=0) (actual time=17.841..17.842 rows=486554 loops=1)
                                                               Index Cond: (info_type_id = 5)
                                                               Buffers: shared read=408
                                                   ->  Index Scan using title_pkey on title t  (cost=0.43..8.12 rows=1 width=8) (actual time=0.034..0.034 rows=0 loops=68843)
                                                         Index Cond: (id = mi2.movie_id)
                                                         Filter: ((production_year <= 1975) AND (1875 < production_year))
                                                         Rows Removed by Filter: 1
                                                         Buffers: shared hit=247035 read=28337
                                             ->  Hash  (cost=1.09..1.09 rows=2 width=4) (actual time=0.017..0.018 rows=2 loops=1)
                                                   Buckets: 1024  Batches: 1  Memory Usage: 9kB
                                                   Buffers: shared hit=1
                                                   ->  Seq Scan on kind_type kt  (cost=0.00..1.09 rows=2 width=4) (actual time=0.009..0.010 rows=2 loops=1)
                                                         Filter: ((kind)::text = ANY ('{episode,"tv movie"}'::text[]))
                                                         Rows Removed by Filter: 5
                                                         Buffers: shared hit=1
                                       ->  Index Scan using movie_id_movie_info on movie_info mi1  (cost=0.43..43.01 rows=1 width=8) (actual time=0.119..0.119 rows=0 loops=3196)
                                             Index Cond: (movie_id = t.id)
                                             Filter: ((info_type_id = 3) AND ((info)::text = ANY ('{Adventure,Animation,Comedy,Drama,Romance,Short}'::text[])))
                                             Rows Removed by Filter: 15
                                             Buffers: shared hit=36185 read=3314
                     ->  Index Scan using movie_id_cast_info on cast_info ci  (cost=0.44..44.17 rows=38 width=12) (actual time=0.061..0.322 rows=25 loops=221)
                           Index Cond: (movie_id = t.id)
                           Buffers: shared hit=4179 read=1864
               ->  Hash  (cost=1.15..1.15 rows=2 width=4) (actual time=0.035..0.036 rows=2 loops=1)
                     Buckets: 1024  Batches: 1  Memory Usage: 9kB
                     Buffers: shared hit=1
                     ->  Seq Scan on role_type rt  (cost=0.00..1.15 rows=2 width=4) (actual time=0.027..0.029 rows=2 loops=1)
                           Filter: ((role)::text = ANY ('{"costume designer","production designer"}'::text[]))
                           Rows Removed by Filter: 10
                           Buffers: shared hit=1
         ->  Index Scan using name_pkey on name n  (cost=0.43..2.32 rows=1 width=4) (actual time=0.033..0.033 rows=0 loops=157)
               Index Cond: (id = ci.person_id)
               Filter: ((gender)::text = ANY ('{f,m}'::text[]))
               Rows Removed by Filter: 1
               Buffers: shared hit=539 read=89
 Planning:
   Buffers: shared hit=484 read=90
 Planning Time: 14.314 ms
 Execution Time: 3350.896 ms
(73 rows)

