                                                                                                                QUERY PLAN                                                                                                                 
-------------------------------------------------------------------------------------------------------------------------------------------------------------------------------------------------------------------------------------------
 Aggregate  (cost=498221.15..498221.16 rows=1 width=8) (actual time=78851.743..78851.750 rows=1 loops=1)
   Buffers: shared hit=7455347 read=710098
   ->  Nested Loop  (cost=4697.61..498221.13 rows=8 width=0) (actual time=49.196..78822.213 rows=118226 loops=1)
         Buffers: shared hit=7455347 read=710098
         ->  Hash Join  (cost=4697.18..498177.06 rows=19 width=4) (actual time=37.026..72618.613 rows=169869 loops=1)
               Hash Cond: (ci.role_id = rt.id)
               Buffers: shared hit=6822837 read=663132
               ->  Nested Loop  (cost=4696.01..498175.47 rows=115 width=8) (actual time=36.564..71524.811 rows=5932475 loops=1)
                     Buffers: shared hit=6822836 read=663132
                     ->  Nested Loop  (cost=4695.57..497826.19 rows=8 width=12) (actual time=36.514..14910.183 rows=80966 loops=1)
                           Buffers: shared hit=1281669 read=172182
                           ->  Seq Scan on info_type it2  (cost=0.00..2.41 rows=1 width=4) (actual time=0.032..0.041 rows=1 loops=1)
                                 Filter: (id = 5)
                                 Rows Removed by Filter: 112
                                 Buffers: shared hit=1
                           ->  Nested Loop  (cost=4695.57..497823.70 rows=8 width=16) (actual time=36.480..14888.380 rows=80966 loops=1)
                                 Buffers: shared hit=1281668 read=172182
                                 ->  Seq Scan on info_type it1  (cost=0.00..2.41 rows=1 width=4) (actual time=0.011..0.022 rows=1 loops=1)
                                       Filter: (id = 3)
                                       Rows Removed by Filter: 112
                                       Buffers: shared hit=1
                                 ->  Nested Loop  (cost=4695.57..497821.21 rows=8 width=20) (actual time=36.465..14862.603 rows=80966 loops=1)
                                       Buffers: shared hit=1281667 read=172182
                                       ->  Hash Join  (cost=4695.13..484460.71 rows=315 width=12) (actual time=21.283..3170.791 rows=61882 loops=1)
                                             Hash Cond: (t.kind_id = kt.id)
                                             Buffers: shared hit=257801 read=36852
                                             ->  Nested Loop  (cost=4694.00..484456.47 rows=735 width=16) (actual time=20.782..3128.309 rows=68576 loops=1)
                                                   Buffers: shared hit=257800 read=36852
                                                   ->  Bitmap Heap Scan on movie_info mi2  (cost=4693.57..477951.45 rows=789 width=8) (actual time=20.737..623.862 rows=68770 loops=1)
                                                         Recheck Cond: (info_type_id = 5)
                                                         Filter: ((info)::text = ANY ('{Australia:M,Germany:16,"Hong Kong:IIB",Netherlands:16,Philippines:R-18,Portugal:M/12,Singapore:PG,Sweden:Btl,UK:18,USA:Approved,USA:PG}'::text[]))
                                                         Rows Removed by Filter: 417784
                                                         Heap Blocks: exact=19164
                                                         Buffers: shared hit=5871 read=13701
                                                         ->  Bitmap Index Scan on info_type_id_movie_info  (cost=0.00..4693.37 rows=439058 width=0) (actual time=18.084..18.084 rows=486554 loops=1)
                                                               Index Cond: (info_type_id = 5)
                                                               Buffers: shared read=408
                                                   ->  Index Scan using title_pkey on title t  (cost=0.43..8.24 rows=1 width=8) (actual time=0.035..0.035 rows=1 loops=68770)
                                                         Index Cond: (id = mi2.movie_id)
                                                         Filter: ((production_year <= 2015) AND (1925 < production_year))
                                                         Rows Removed by Filter: 0
                                                         Buffers: shared hit=251929 read=23151
                                             ->  Hash  (cost=1.10..1.10 rows=3 width=4) (actual time=0.014..0.015 rows=3 loops=1)
                                                   Buckets: 1024  Batches: 1  Memory Usage: 9kB
                                                   Buffers: shared hit=1
                                                   ->  Seq Scan on kind_type kt  (cost=0.00..1.10 rows=3 width=4) (actual time=0.008..0.010 rows=3 loops=1)
                                                         Filter: ((kind)::text = ANY ('{episode,movie,"video movie"}'::text[]))
                                                         Rows Removed by Filter: 4
                                                         Buffers: shared hit=1
                                       ->  Index Scan using movie_id_movie_info on movie_info mi1  (cost=0.43..42.40 rows=1 width=8) (actual time=0.187..0.188 rows=1 loops=61882)
                                             Index Cond: (movie_id = t.id)
                                             Filter: ((info_type_id = 3) AND ((info)::text = ANY ('{Action,Comedy,Drama,Family,Romance,Thriller}'::text[])))
                                             Rows Removed by Filter: 75
                                             Buffers: shared hit=1023866 read=135330
                     ->  Index Scan using movie_id_cast_info on cast_info ci  (cost=0.44..43.28 rows=38 width=12) (actual time=0.036..0.679 rows=73 loops=80966)
                           Index Cond: (movie_id = t.id)
                           Buffers: shared hit=5541167 read=490950
               ->  Hash  (cost=1.15..1.15 rows=2 width=4) (actual time=0.038..0.039 rows=2 loops=1)
                     Buckets: 1024  Batches: 1  Memory Usage: 9kB
                     Buffers: shared hit=1
                     ->  Seq Scan on role_type rt  (cost=0.00..1.15 rows=2 width=4) (actual time=0.027..0.029 rows=2 loops=1)
                           Filter: ((role)::text = ANY ('{composer,director}'::text[]))
                           Rows Removed by Filter: 10
                           Buffers: shared hit=1
         ->  Index Scan using name_pkey on name n  (cost=0.43..2.32 rows=1 width=4) (actual time=0.036..0.036 rows=1 loops=169869)
               Index Cond: (id = ci.person_id)
               Filter: ((gender)::text = 'm'::text)
               Rows Removed by Filter: 0
               Buffers: shared hit=632510 read=46966
 Planning:
   Buffers: shared hit=483 read=91
 Planning Time: 14.282 ms
 Execution Time: 78852.446 ms
(73 rows)

