                                                                                                     QUERY PLAN                                                                                                      
---------------------------------------------------------------------------------------------------------------------------------------------------------------------------------------------------------------------
 Aggregate  (cost=468713.35..468713.36 rows=1 width=8) (actual time=19093.027..19093.035 rows=1 loops=1)
   Buffers: shared hit=1712304 read=255483
   ->  Nested Loop  (cost=4697.82..468713.35 rows=1 width=0) (actual time=71.227..19092.077 rows=2275 loops=1)
         Buffers: shared hit=1712304 read=255483
         ->  Nested Loop  (cost=4697.82..468710.92 rows=1 width=4) (actual time=71.220..19038.563 rows=2275 loops=1)
               Buffers: shared hit=1710029 read=255483
               ->  Nested Loop  (cost=4697.82..468708.50 rows=1 width=8) (actual time=71.198..18982.246 rows=2275 loops=1)
                     Buffers: shared hit=1707754 read=255483
                     ->  Hash Join  (cost=4697.39..468703.86 rows=2 width=12) (actual time=48.856..18447.406 rows=14803 loops=1)
                           Hash Cond: (ci.role_id = rt.id)
                           Buffers: shared hit=1650514 read=253511
                           ->  Nested Loop  (cost=4696.23..468702.60 rows=29 width=16) (actual time=47.332..18249.872 rows=1133996 loops=1)
                                 Buffers: shared hit=1650513 read=253511
                                 ->  Nested Loop  (cost=4695.79..468613.85 rows=2 width=20) (actual time=47.256..7281.102 rows=22173 loops=1)
                                       Buffers: shared hit=593513 read=129040
                                       ->  Hash Join  (cost=4695.36..461886.97 rows=157 width=12) (actual time=46.934..3012.870 rows=24385 loops=1)
                                             Hash Cond: (t.kind_id = kt.id)
                                             Buffers: shared hit=253564 read=44689
                                             ->  Nested Loop  (cost=4694.22..461884.30 rows=366 width=16) (actual time=18.046..2998.654 rows=25446 loops=1)
                                                   Buffers: shared hit=253563 read=44689
                                                   ->  Bitmap Heap Scan on movie_info mi2  (cost=4693.79..448289.31 rows=1695 width=8) (actual time=17.739..557.126 rows=69670 loops=1)
                                                         Recheck Cond: (info_type_id = 5)
                                                         Filter: ((info)::text = ANY ('{Argentina:Atp,Australia:M,Belgium:KT,Iceland:16,Sweden:11,UK:15,USA:Approved,"West Germany:12","West Germany:16"}'::text[]))
                                                         Rows Removed by Filter: 416884
                                                         Heap Blocks: exact=19164
                                                         Buffers: shared hit=2356 read=17216
                                                         ->  Bitmap Index Scan on info_type_id_movie_info  (cost=0.00..4693.37 rows=439058 width=0) (actual time=15.150..15.151 rows=486554 loops=1)
                                                               Index Cond: (info_type_id = 5)
                                                               Buffers: shared read=408
                                                   ->  Index Scan using title_pkey on title t  (cost=0.43..8.02 rows=1 width=8) (actual time=0.034..0.034 rows=0 loops=69670)
                                                         Index Cond: (id = mi2.movie_id)
                                                         Filter: ((production_year <= 1990) AND (1950 < production_year))
                                                         Rows Removed by Filter: 1
                                                         Buffers: shared hit=251207 read=27473
                                             ->  Hash  (cost=1.10..1.10 rows=3 width=4) (actual time=0.016..0.017 rows=3 loops=1)
                                                   Buckets: 1024  Batches: 1  Memory Usage: 9kB
                                                   Buffers: shared hit=1
                                                   ->  Seq Scan on kind_type kt  (cost=0.00..1.10 rows=3 width=4) (actual time=0.007..0.009 rows=3 loops=1)
                                                         Filter: ((kind)::text = ANY ('{episode,movie,"tv movie"}'::text[]))
                                                         Rows Removed by Filter: 4
                                                         Buffers: shared hit=1
                                       ->  Index Scan using movie_id_movie_info on movie_info mi1  (cost=0.43..42.84 rows=1 width=8) (actual time=0.174..0.174 rows=1 loops=24385)
                                             Index Cond: (movie_id = t.id)
                                             Filter: ((info_type_id = 3) AND ((info)::text = ANY ('{Crime,Drama,Horror,Romance,Thriller}'::text[])))
                                             Rows Removed by Filter: 57
                                             Buffers: shared hit=339949 read=84351
                                 ->  Index Scan using movie_id_cast_info on cast_info ci  (cost=0.44..43.99 rows=38 width=12) (actual time=0.036..0.480 rows=51 loops=22173)
                                       Index Cond: (movie_id = t.id)
                                       Buffers: shared hit=1057000 read=124471
                           ->  Hash  (cost=1.15..1.15 rows=1 width=4) (actual time=0.023..0.023 rows=1 loops=1)
                                 Buckets: 1024  Batches: 1  Memory Usage: 9kB
                                 Buffers: shared hit=1
                                 ->  Seq Scan on role_type rt  (cost=0.00..1.15 rows=1 width=4) (actual time=0.017..0.018 rows=1 loops=1)
                                       Filter: ((role)::text = 'costume designer'::text)
                                       Rows Removed by Filter: 11
                                       Buffers: shared hit=1
                     ->  Index Scan using name_pkey on name n  (cost=0.43..2.32 rows=1 width=4) (actual time=0.035..0.035 rows=0 loops=14803)
                           Index Cond: (id = ci.person_id)
                           Filter: ((gender)::text = 'm'::text)
                           Rows Removed by Filter: 1
                           Buffers: shared hit=57240 read=1972
               ->  Seq Scan on info_type it1  (cost=0.00..2.41 rows=1 width=4) (actual time=0.012..0.022 rows=1 loops=2275)
                     Filter: (id = 3)
                     Rows Removed by Filter: 112
                     Buffers: shared hit=2275
         ->  Seq Scan on info_type it2  (cost=0.00..2.41 rows=1 width=4) (actual time=0.012..0.021 rows=1 loops=2275)
               Filter: (id = 5)
               Rows Removed by Filter: 112
               Buffers: shared hit=2275
 Planning:
   Buffers: shared hit=484 read=90
 Planning Time: 9.703 ms
 Execution Time: 19093.623 ms
(73 rows)

