                                                                                             QUERY PLAN                                                                                              
-----------------------------------------------------------------------------------------------------------------------------------------------------------------------------------------------------
 Aggregate  (cost=465885.00..465885.01 rows=1 width=8) (actual time=4017.227..4017.236 rows=1 loops=1)
   Buffers: shared hit=358344 read=49486
   ->  Nested Loop  (cost=4697.89..465885.00 rows=1 width=0) (actual time=30.999..4017.094 rows=754 loops=1)
         Buffers: shared hit=358344 read=49486
         ->  Hash Join  (cost=4697.46..465880.36 rows=2 width=4) (actual time=30.957..3990.670 rows=782 loops=1)
               Hash Cond: (ci.role_id = rt.id)
               Buffers: shared hit=355833 read=48869
               ->  Nested Loop  (cost=4696.28..465879.13 rows=14 width=8) (actual time=30.907..3989.718 rows=4491 loops=1)
                     Buffers: shared hit=355832 read=48869
                     ->  Nested Loop  (cost=4695.84..465834.58 rows=1 width=12) (actual time=27.730..3935.111 rows=326 loops=1)
                           Buffers: shared hit=352072 read=47412
                           ->  Nested Loop  (cost=4695.84..465832.16 rows=1 width=16) (actual time=27.725..3929.988 rows=326 loops=1)
                                 Buffers: shared hit=351746 read=47412
                                 ->  Nested Loop  (cost=4695.84..465829.74 rows=1 width=20) (actual time=27.708..3924.556 rows=326 loops=1)
                                       Buffers: shared hit=351420 read=47412
                                       ->  Hash Join  (cost=4695.38..463682.63 rows=50 width=12) (actual time=19.566..3838.394 rows=431 loops=1)
                                             Hash Cond: (t.kind_id = kt.id)
                                             Buffers: shared hit=347910 read=43835
                                             ->  Nested Loop  (cost=4694.28..463680.05 rows=350 width=16) (actual time=19.529..3828.683 rows=44092 loops=1)
                                                   Buffers: shared hit=347909 read=43835
                                                   ->  Bitmap Heap Scan on movie_info mi2  (cost=4693.85..448289.37 rows=1933 width=8) (actual time=19.487..564.169 rows=93043 loops=1)
                                                         Recheck Cond: (info_type_id = 5)
                                                         Filter: ((info)::text = ANY ('{Argentina:Atp,Australia:G,Finland:K-16,Finland:S,Sweden:15,UK:U,USA:Approved,USA:TV-G,USA:X}'::text[]))
                                                         Rows Removed by Filter: 393511
                                                         Heap Blocks: exact=19164
                                                         Buffers: shared hit=1687 read=17885
                                                         ->  Bitmap Index Scan on info_type_id_movie_info  (cost=0.00..4693.37 rows=439058 width=0) (actual time=16.837..16.838 rows=486554 loops=1)
                                                               Index Cond: (info_type_id = 5)
                                                               Buffers: shared read=408
                                                   ->  Index Scan using title_pkey on title t  (cost=0.43..7.96 rows=1 width=8) (actual time=0.035..0.035 rows=0 loops=93043)
                                                         Index Cond: (id = mi2.movie_id)
                                                         Filter: ((production_year <= 1975) AND (1875 < production_year))
                                                         Rows Removed by Filter: 1
                                                         Buffers: shared hit=346222 read=25950
                                             ->  Hash  (cost=1.09..1.09 rows=1 width=4) (actual time=0.016..0.017 rows=1 loops=1)
                                                   Buckets: 1024  Batches: 1  Memory Usage: 9kB
                                                   Buffers: shared hit=1
                                                   ->  Seq Scan on kind_type kt  (cost=0.00..1.09 rows=1 width=4) (actual time=0.010..0.011 rows=1 loops=1)
                                                         Filter: ((kind)::text = 'tv series'::text)
                                                         Rows Removed by Filter: 6
                                                         Buffers: shared hit=1
                                       ->  Index Scan using movie_id_movie_info on movie_info mi1  (cost=0.46..42.93 rows=1 width=8) (actual time=0.196..0.199 rows=1 loops=431)
                                             Index Cond: (movie_id = t.id)
                                             Filter: ((info_type_id = 3) AND ((info)::text = ANY ('{Adult,Adventure,Animation,Documentary,Drama,Musical,Romance,Thriller,War,Western}'::text[])))
                                             Rows Removed by Filter: 56
                                             Buffers: shared hit=3510 read=3577
                                 ->  Seq Scan on info_type it1  (cost=0.00..2.41 rows=1 width=4) (actual time=0.006..0.015 rows=1 loops=326)
                                       Filter: (id = 3)
                                       Rows Removed by Filter: 112
                                       Buffers: shared hit=326
                           ->  Seq Scan on info_type it2  (cost=0.00..2.41 rows=1 width=4) (actual time=0.006..0.014 rows=1 loops=326)
                                 Filter: (id = 5)
                                 Rows Removed by Filter: 112
                                 Buffers: shared hit=326
                     ->  Index Scan using movie_id_cast_info on cast_info ci  (cost=0.44..44.17 rows=38 width=12) (actual time=0.030..0.164 rows=14 loops=326)
                           Index Cond: (movie_id = t.id)
                           Buffers: shared hit=3760 read=1457
               ->  Hash  (cost=1.15..1.15 rows=2 width=4) (actual time=0.028..0.028 rows=2 loops=1)
                     Buckets: 1024  Batches: 1  Memory Usage: 9kB
                     Buffers: shared hit=1
                     ->  Seq Scan on role_type rt  (cost=0.00..1.15 rows=2 width=4) (actual time=0.021..0.023 rows=2 loops=1)
                           Filter: ((role)::text = ANY ('{actress,cinematographer}'::text[]))
                           Rows Removed by Filter: 10
                           Buffers: shared hit=1
         ->  Index Scan using name_pkey on name n  (cost=0.43..2.32 rows=1 width=4) (actual time=0.033..0.033 rows=1 loops=782)
               Index Cond: (id = ci.person_id)
               Filter: ((gender)::text = ANY ('{f,m}'::text[]))
               Rows Removed by Filter: 0
               Buffers: shared hit=2511 read=617
 Planning:
   Buffers: shared hit=485 read=92
 Planning Time: 12.599 ms
 Execution Time: 4017.825 ms
(73 rows)

