                                                                                               QUERY PLAN                                                                                               
--------------------------------------------------------------------------------------------------------------------------------------------------------------------------------------------------------
 Aggregate  (cost=435792.76..435792.77 rows=1 width=8) (actual time=51916.988..51916.994 rows=1 loops=1)
   Buffers: shared hit=4740732 read=644039
   ->  Nested Loop  (cost=4697.44..435792.76 rows=1 width=0) (actual time=23.669..51884.005 rows=178926 loops=1)
         Buffers: shared hit=4740732 read=644039
         ->  Hash Join  (cost=4697.01..435788.12 rows=2 width=4) (actual time=23.470..41018.720 rows=308857 loops=1)
               Hash Cond: (ci.role_id = rt.id)
               Buffers: shared hit=3575073 read=574270
               ->  Nested Loop  (cost=4695.83..435786.90 rows=14 width=8) (actual time=23.223..40419.123 rows=3166845 loops=1)
                     Buffers: shared hit=3575072 read=574270
                     ->  Nested Loop  (cost=4695.39..435743.24 rows=1 width=12) (actual time=23.183..10592.498 rows=43844 loops=1)
                           Buffers: shared hit=776590 read=150373
                           ->  Nested Loop  (cost=4695.39..435740.82 rows=1 width=16) (actual time=23.178..9601.280 rows=43844 loops=1)
                                 Buffers: shared hit=732746 read=150373
                                 ->  Nested Loop  (cost=4695.39..435738.39 rows=1 width=20) (actual time=23.160..8585.926 rows=43844 loops=1)
                                       Buffers: shared hit=688902 read=150373
                                       ->  Hash Join  (cost=4694.96..434211.48 rows=36 width=12) (actual time=22.926..1932.397 rows=35822 loops=1)
                                             Hash Cond: (t.kind_id = kt.id)
                                             Buffers: shared hit=146645 read=29508
                                             ->  Nested Loop  (cost=4693.82..434209.99 rows=83 width=16) (actual time=20.007..1911.102 rows=38949 loops=1)
                                                   Buffers: shared hit=146644 read=29508
                                                   ->  Bitmap Heap Scan on movie_info mi2  (cost=4693.39..433457.72 rows=89 width=8) (actual time=19.958..527.360 rows=39145 loops=1)
                                                         Recheck Cond: (info_type_id = 5)
                                                         Filter: ((info)::text = ANY ('{Argentina:13,Australia:MA,Malaysia:U,"New Zealand:R16",Portugal:M/16,Sweden:15,UK:X,"USA:Not Rated"}'::text[]))
                                                         Rows Removed by Filter: 447409
                                                         Heap Blocks: exact=19164
                                                         Buffers: shared hit=6211 read=13361
                                                         ->  Bitmap Index Scan on info_type_id_movie_info  (cost=0.00..4693.37 rows=439058 width=0) (actual time=16.899..16.899 rows=486554 loops=1)
                                                               Index Cond: (info_type_id = 5)
                                                               Buffers: shared hit=408
                                                   ->  Index Scan using title_pkey on title t  (cost=0.43..8.45 rows=1 width=8) (actual time=0.034..0.034 rows=1 loops=39145)
                                                         Index Cond: (id = mi2.movie_id)
                                                         Filter: ((production_year <= 2015) AND (1925 < production_year))
                                                         Rows Removed by Filter: 0
                                                         Buffers: shared hit=140433 read=16147
                                             ->  Hash  (cost=1.10..1.10 rows=3 width=4) (actual time=0.025..0.026 rows=3 loops=1)
                                                   Buckets: 1024  Batches: 1  Memory Usage: 9kB
                                                   Buffers: shared hit=1
                                                   ->  Seq Scan on kind_type kt  (cost=0.00..1.10 rows=3 width=4) (actual time=0.015..0.017 rows=3 loops=1)
                                                         Filter: ((kind)::text = ANY ('{episode,movie,"video movie"}'::text[]))
                                                         Rows Removed by Filter: 4
                                                         Buffers: shared hit=1
                                       ->  Index Scan using movie_id_movie_info on movie_info mi1  (cost=0.43..42.40 rows=1 width=8) (actual time=0.184..0.185 rows=1 loops=35822)
                                             Index Cond: (movie_id = t.id)
                                             Filter: ((info_type_id = 3) AND ((info)::text = ANY ('{Action,Comedy,Crime,Drama,Horror,Romance}'::text[])))
                                             Rows Removed by Filter: 75
                                             Buffers: shared hit=542257 read=120865
                                 ->  Seq Scan on info_type it1  (cost=0.00..2.41 rows=1 width=4) (actual time=0.011..0.021 rows=1 loops=43844)
                                       Filter: (id = 3)
                                       Rows Removed by Filter: 112
                                       Buffers: shared hit=43844
                           ->  Seq Scan on info_type it2  (cost=0.00..2.41 rows=1 width=4) (actual time=0.011..0.021 rows=1 loops=43844)
                                 Filter: (id = 5)
                                 Rows Removed by Filter: 112
                                 Buffers: shared hit=43844
                     ->  Index Scan using movie_id_cast_info on cast_info ci  (cost=0.44..43.28 rows=38 width=12) (actual time=0.036..0.661 rows=72 loops=43844)
                           Index Cond: (movie_id = t.id)
                           Buffers: shared hit=2798482 read=423897
               ->  Hash  (cost=1.15..1.15 rows=2 width=4) (actual time=0.038..0.038 rows=2 loops=1)
                     Buckets: 1024  Batches: 1  Memory Usage: 9kB
                     Buffers: shared hit=1
                     ->  Seq Scan on role_type rt  (cost=0.00..1.15 rows=2 width=4) (actual time=0.028..0.031 rows=2 loops=1)
                           Filter: ((role)::text = ANY ('{producer,writer}'::text[]))
                           Rows Removed by Filter: 10
                           Buffers: shared hit=1
         ->  Index Scan using name_pkey on name n  (cost=0.43..2.32 rows=1 width=4) (actual time=0.035..0.035 rows=1 loops=308857)
               Index Cond: (id = ci.person_id)
               Filter: ((gender)::text = ANY ('{f,m}'::text[]))
               Rows Removed by Filter: 0
               Buffers: shared hit=1165659 read=69769
 Planning:
   Buffers: shared hit=574
 Planning Time: 13.311 ms
 Execution Time: 51917.660 ms
(73 rows)

