                                                                                             QUERY PLAN                                                                                              
-----------------------------------------------------------------------------------------------------------------------------------------------------------------------------------------------------
 Aggregate  (cost=360234.13..360234.14 rows=1 width=8) (actual time=7378.018..7378.025 rows=1 loops=1)
   Buffers: shared hit=563627 read=197159
   ->  Nested Loop  (cost=4697.41..360234.12 rows=1 width=0) (actual time=65.045..7377.654 rows=594 loops=1)
         Buffers: shared hit=563627 read=197159
         ->  Hash Join  (cost=4696.98..360231.80 rows=1 width=4) (actual time=35.113..7203.146 rows=5156 loops=1)
               Hash Cond: (ci.role_id = rt.id)
               Buffers: shared hit=544766 read=195396
               ->  Nested Loop  (cost=4695.82..360230.59 rows=14 width=8) (actual time=34.681..7124.845 rows=539296 loops=1)
                     Buffers: shared hit=544765 read=195396
                     ->  Nested Loop  (cost=4695.38..360186.93 rows=1 width=12) (actual time=34.637..2285.401 rows=5864 loops=1)
                           Buffers: shared hit=110623 read=85831
                           ->  Nested Loop  (cost=4695.38..360184.51 rows=1 width=16) (actual time=34.630..2181.236 rows=5864 loops=1)
                                 Buffers: shared hit=104759 read=85831
                                 ->  Nested Loop  (cost=4695.38..360182.09 rows=1 width=20) (actual time=34.608..2072.480 rows=5864 loops=1)
                                       Buffers: shared hit=98895 read=85831
                                       ->  Hash Join  (cost=4694.94..359590.44 rows=14 width=12) (actual time=34.402..612.902 rows=6430 loops=1)
                                             Hash Cond: (t.kind_id = kt.id)
                                             Buffers: shared hit=21812 read=25413
                                             ->  Nested Loop  (cost=4693.81..359589.17 rows=32 width=16) (actual time=21.376..609.166 rows=6912 loops=1)
                                                   Buffers: shared hit=21811 read=25413
                                                   ->  Bitmap Heap Scan on movie_info mi2  (cost=4693.38..359301.78 rows=34 width=8) (actual time=21.329..368.661 rows=6913 loops=1)
                                                         Recheck Cond: (info_type_id = 5)
                                                         Filter: ((info)::text = ANY ('{Portugal:M/16,Singapore:M18,UK:12A}'::text[]))
                                                         Rows Removed by Filter: 479641
                                                         Heap Blocks: exact=19164
                                                         Buffers: shared hit=1814 read=17758
                                                         ->  Bitmap Index Scan on info_type_id_movie_info  (cost=0.00..4693.37 rows=439058 width=0) (actual time=17.891..17.891 rows=486554 loops=1)
                                                               Index Cond: (info_type_id = 5)
                                                               Buffers: shared read=408
                                                   ->  Index Scan using title_pkey on title t  (cost=0.43..8.45 rows=1 width=8) (actual time=0.034..0.034 rows=1 loops=6913)
                                                         Index Cond: (id = mi2.movie_id)
                                                         Filter: ((production_year <= 2015) AND (1925 < production_year))
                                                         Rows Removed by Filter: 0
                                                         Buffers: shared hit=19997 read=7655
                                             ->  Hash  (cost=1.10..1.10 rows=3 width=4) (actual time=0.023..0.024 rows=3 loops=1)
                                                   Buckets: 1024  Batches: 1  Memory Usage: 9kB
                                                   Buffers: shared hit=1
                                                   ->  Seq Scan on kind_type kt  (cost=0.00..1.10 rows=3 width=4) (actual time=0.010..0.012 rows=3 loops=1)
                                                         Filter: ((kind)::text = ANY ('{episode,movie,"video movie"}'::text[]))
                                                         Rows Removed by Filter: 4
                                                         Buffers: shared hit=1
                                       ->  Index Scan using movie_id_movie_info on movie_info mi1  (cost=0.43..42.25 rows=1 width=8) (actual time=0.225..0.226 rows=1 loops=6430)
                                             Index Cond: (movie_id = t.id)
                                             Filter: ((info_type_id = 3) AND ((info)::text = ANY ('{Action,Drama,Horror}'::text[])))
                                             Rows Removed by Filter: 116
                                             Buffers: shared hit=77083 read=60418
                                 ->  Seq Scan on info_type it1  (cost=0.00..2.41 rows=1 width=4) (actual time=0.009..0.016 rows=1 loops=5864)
                                       Filter: (id = 3)
                                       Rows Removed by Filter: 112
                                       Buffers: shared hit=5864
                           ->  Seq Scan on info_type it2  (cost=0.00..2.41 rows=1 width=4) (actual time=0.008..0.016 rows=1 loops=5864)
                                 Filter: (id = 5)
                                 Rows Removed by Filter: 112
                                 Buffers: shared hit=5864
                     ->  Index Scan using movie_id_cast_info on cast_info ci  (cost=0.44..43.28 rows=38 width=12) (actual time=0.033..0.806 rows=92 loops=5864)
                           Index Cond: (movie_id = t.id)
                           Buffers: shared hit=434142 read=109565
               ->  Hash  (cost=1.15..1.15 rows=1 width=4) (actual time=0.037..0.037 rows=1 loops=1)
                     Buckets: 1024  Batches: 1  Memory Usage: 9kB
                     Buffers: shared hit=1
                     ->  Seq Scan on role_type rt  (cost=0.00..1.15 rows=1 width=4) (actual time=0.029..0.031 rows=1 loops=1)
                           Filter: ((role)::text = 'costume designer'::text)
                           Rows Removed by Filter: 11
                           Buffers: shared hit=1
         ->  Index Scan using name_pkey on name n  (cost=0.43..2.32 rows=1 width=4) (actual time=0.033..0.033 rows=0 loops=5156)
               Index Cond: (id = ci.person_id)
               Filter: ((gender)::text = 'm'::text)
               Rows Removed by Filter: 1
               Buffers: shared hit=18861 read=1763
 Planning:
   Buffers: shared hit=484 read=90
 Planning Time: 14.458 ms
 Execution Time: 7378.755 ms
(73 rows)

