                                                                                                  QUERY PLAN                                                                                                   
---------------------------------------------------------------------------------------------------------------------------------------------------------------------------------------------------------------
 Aggregate  (cost=462638.49..462638.50 rows=1 width=8) (actual time=30947.285..30947.293 rows=1 loops=1)
   Buffers: shared hit=2974973 read=247709
   ->  Nested Loop  (cost=4697.71..462638.48 rows=2 width=0) (actual time=52.932..30944.088 rows=9733 loops=1)
         Buffers: shared hit=2974973 read=247709
         ->  Seq Scan on info_type it2  (cost=0.00..2.41 rows=1 width=4) (actual time=0.046..0.058 rows=1 loops=1)
               Filter: (id = 5)
               Rows Removed by Filter: 112
               Buffers: shared hit=1
         ->  Nested Loop  (cost=4697.71..462636.05 rows=2 width=4) (actual time=52.884..30941.471 rows=9733 loops=1)
               Buffers: shared hit=2974972 read=247709
               ->  Seq Scan on info_type it1  (cost=0.00..2.41 rows=1 width=4) (actual time=0.009..0.023 rows=1 loops=1)
                     Filter: (id = 3)
                     Rows Removed by Filter: 112
                     Buffers: shared hit=1
               ->  Nested Loop  (cost=4697.71..462633.62 rows=2 width=8) (actual time=52.872..30938.496 rows=9733 loops=1)
                     Buffers: shared hit=2974971 read=247709
                     ->  Hash Join  (cost=4697.28..462624.34 rows=4 width=12) (actual time=47.093..29300.659 rows=45451 loops=1)
                           Hash Cond: (ci.role_id = rt.id)
                           Buffers: shared hit=2797152 read=243724
                           ->  Nested Loop  (cost=4696.12..462623.02 rows=43 width=16) (actual time=46.713..28959.756 rows=1873328 loops=1)
                                 Buffers: shared hit=2797151 read=243724
                                 ->  Nested Loop  (cost=4695.68..462489.36 rows=3 width=20) (actual time=46.662..10336.918 rows=55810 loops=1)
                                       Buffers: shared hit=903237 read=130262
                                       ->  Hash Join  (cost=4695.24..458359.47 rows=96 width=12) (actual time=46.352..3056.763 rows=45548 loops=1)
                                             Hash Cond: (t.kind_id = kt.id)
                                             Buffers: shared hit=248526 read=40875
                                             ->  Nested Loop  (cost=4694.11..458357.39 rows=224 width=16) (actual time=23.087..3031.592 rows=45761 loops=1)
                                                   Buffers: shared hit=248525 read=40875
                                                   ->  Bitmap Heap Scan on movie_info mi2  (cost=4693.68..448289.19 rows=1238 width=8) (actual time=20.493..584.695 rows=67457 loops=1)
                                                         Recheck Cond: (info_type_id = 5)
                                                         Filter: ((info)::text = ANY ('{Argentina:Atp,Finland:K-16,Sweden:15,UK:A,UK:U,USA:Approved,USA:Passed,"West Germany:12","West Germany:16"}'::text[]))
                                                         Rows Removed by Filter: 419097
                                                         Heap Blocks: exact=19164
                                                         Buffers: shared hit=2418 read=17154
                                                         ->  Bitmap Index Scan on info_type_id_movie_info  (cost=0.00..4693.37 rows=439058 width=0) (actual time=17.282..17.282 rows=486554 loops=1)
                                                               Index Cond: (info_type_id = 5)
                                                               Buffers: shared read=408
                                                   ->  Index Scan using title_pkey on title t  (cost=0.43..8.13 rows=1 width=8) (actual time=0.036..0.036 rows=1 loops=67457)
                                                         Index Cond: (id = mi2.movie_id)
                                                         Filter: ((production_year <= 1975) AND (1875 < production_year))
                                                         Rows Removed by Filter: 0
                                                         Buffers: shared hit=246107 read=23721
                                             ->  Hash  (cost=1.10..1.10 rows=3 width=4) (actual time=0.014..0.016 rows=3 loops=1)
                                                   Buckets: 1024  Batches: 1  Memory Usage: 9kB
                                                   Buffers: shared hit=1
                                                   ->  Seq Scan on kind_type kt  (cost=0.00..1.10 rows=3 width=4) (actual time=0.008..0.010 rows=3 loops=1)
                                                         Filter: ((kind)::text = ANY ('{episode,movie,"tv movie"}'::text[]))
                                                         Rows Removed by Filter: 4
                                                         Buffers: shared hit=1
                                       ->  Index Scan using movie_id_movie_info on movie_info mi1  (cost=0.43..43.01 rows=1 width=8) (actual time=0.158..0.159 rows=1 loops=45548)
                                             Index Cond: (movie_id = t.id)
                                             Filter: ((info_type_id = 3) AND ((info)::text = ANY ('{Comedy,Crime,Drama,Family,Short,Western}'::text[])))
                                             Rows Removed by Filter: 38
                                             Buffers: shared hit=654711 read=89387
                                 ->  Index Scan using movie_id_cast_info on cast_info ci  (cost=0.44..44.17 rows=38 width=12) (actual time=0.037..0.324 rows=34 loops=55810)
                                       Index Cond: (movie_id = t.id)
                                       Buffers: shared hit=1893914 read=113462
                           ->  Hash  (cost=1.15..1.15 rows=1 width=4) (actual time=0.016..0.016 rows=1 loops=1)
                                 Buckets: 1024  Batches: 1  Memory Usage: 9kB
                                 Buffers: shared hit=1
                                 ->  Seq Scan on role_type rt  (cost=0.00..1.15 rows=1 width=4) (actual time=0.009..0.010 rows=1 loops=1)
                                       Filter: ((role)::text = 'editor'::text)
                                       Rows Removed by Filter: 11
                                       Buffers: shared hit=1
                     ->  Index Scan using name_pkey on name n  (cost=0.43..2.32 rows=1 width=4) (actual time=0.035..0.035 rows=0 loops=45451)
                           Index Cond: (id = ci.person_id)
                           Filter: ((gender)::text = 'm'::text)
                           Rows Removed by Filter: 1
                           Buffers: shared hit=177819 read=3985
 Planning:
   Buffers: shared hit=484 read=90
 Planning Time: 13.788 ms
 Execution Time: 30947.986 ms
(73 rows)

