                                                                                             QUERY PLAN                                                                                              
-----------------------------------------------------------------------------------------------------------------------------------------------------------------------------------------------------
 Aggregate  (cost=412341.98..412341.99 rows=1 width=8) (actual time=17004.995..17005.003 rows=1 loops=1)
   Buffers: shared hit=1509456 read=237866
   ->  Nested Loop  (cost=4697.57..412341.98 rows=1 width=0) (actual time=35.963..17003.333 rows=4561 loops=1)
         Buffers: shared hit=1509456 read=237866
         ->  Nested Loop  (cost=4697.57..412339.55 rows=1 width=4) (actual time=35.958..16904.414 rows=4561 loops=1)
               Buffers: shared hit=1504895 read=237866
               ->  Nested Loop  (cost=4697.57..412337.13 rows=1 width=8) (actual time=35.938..16804.241 rows=4561 loops=1)
                     Buffers: shared hit=1500334 read=237866
                     ->  Hash Join  (cost=4697.14..412332.49 rows=2 width=12) (actual time=34.909..16399.228 rows=10700 loops=1)
                           Hash Cond: (ci.role_id = rt.id)
                           Buffers: shared hit=1460247 read=235153
                           ->  Nested Loop  (cost=4695.98..412331.23 rows=29 width=16) (actual time=32.547..16214.903 rows=1079255 loops=1)
                                 Buffers: shared hit=1460246 read=235153
                                 ->  Nested Loop  (cost=4695.54..412242.48 rows=2 width=20) (actual time=32.509..5742.462 rows=23224 loops=1)
                                       Buffers: shared hit=457123 read=110308
                                       ->  Hash Join  (cost=4695.11..409497.03 rows=64 width=12) (actual time=32.290..2080.542 rows=20414 loops=1)
                                             Hash Cond: (t.kind_id = kt.id)
                                             Buffers: shared hit=168528 read=31609
                                             ->  Nested Loop  (cost=4693.97..409495.27 rows=149 width=16) (actual time=19.912..2068.886 rows=20628 loops=1)
                                                   Buffers: shared hit=168527 read=31609
                                                   ->  Bitmap Heap Scan on movie_info mi2  (cost=4693.54..403795.50 rows=689 width=8) (actual time=19.807..477.823 rows=45141 loops=1)
                                                         Recheck Cond: (info_type_id = 5)
                                                         Filter: ((info)::text = ANY ('{Finland:K-16,Iceland:12,Sweden:15,Sweden:Btl,UK:18,USA:Approved}'::text[]))
                                                         Rows Removed by Filter: 441413
                                                         Heap Blocks: exact=19164
                                                         Buffers: shared hit=3576 read=15996
                                                         ->  Bitmap Index Scan on info_type_id_movie_info  (cost=0.00..4693.37 rows=439058 width=0) (actual time=16.515..16.516 rows=486554 loops=1)
                                                               Index Cond: (info_type_id = 5)
                                                               Buffers: shared read=408
                                                   ->  Index Scan using title_pkey on title t  (cost=0.43..8.27 rows=1 width=8) (actual time=0.035..0.035 rows=0 loops=45141)
                                                         Index Cond: (id = mi2.movie_id)
                                                         Filter: ((production_year <= 1990) AND (1950 < production_year))
                                                         Rows Removed by Filter: 1
                                                         Buffers: shared hit=164951 read=15613
                                             ->  Hash  (cost=1.10..1.10 rows=3 width=4) (actual time=0.014..0.015 rows=3 loops=1)
                                                   Buckets: 1024  Batches: 1  Memory Usage: 9kB
                                                   Buffers: shared hit=1
                                                   ->  Seq Scan on kind_type kt  (cost=0.00..1.10 rows=3 width=4) (actual time=0.008..0.009 rows=3 loops=1)
                                                         Filter: ((kind)::text = ANY ('{episode,movie,"tv movie"}'::text[]))
                                                         Rows Removed by Filter: 4
                                                         Buffers: shared hit=1
                                       ->  Index Scan using movie_id_movie_info on movie_info mi1  (cost=0.43..42.89 rows=1 width=8) (actual time=0.178..0.179 rows=1 loops=20414)
                                             Index Cond: (movie_id = t.id)
                                             Filter: ((info_type_id = 3) AND ((info)::text = ANY ('{Adventure,Comedy,Drama,Horror,Short,Thriller}'::text[])))
                                             Rows Removed by Filter: 57
                                             Buffers: shared hit=288595 read=78699
                                 ->  Index Scan using movie_id_cast_info on cast_info ci  (cost=0.44..43.99 rows=38 width=12) (actual time=0.037..0.438 rows=46 loops=23224)
                                       Index Cond: (movie_id = t.id)
                                       Buffers: shared hit=1003123 read=124845
                           ->  Hash  (cost=1.15..1.15 rows=1 width=4) (actual time=0.026..0.027 rows=1 loops=1)
                                 Buckets: 1024  Batches: 1  Memory Usage: 9kB
                                 Buffers: shared hit=1
                                 ->  Seq Scan on role_type rt  (cost=0.00..1.15 rows=1 width=4) (actual time=0.021..0.022 rows=1 loops=1)
                                       Filter: ((role)::text = 'production designer'::text)
                                       Rows Removed by Filter: 11
                                       Buffers: shared hit=1
                     ->  Index Scan using name_pkey on name n  (cost=0.43..2.32 rows=1 width=4) (actual time=0.037..0.037 rows=0 loops=10700)
                           Index Cond: (id = ci.person_id)
                           Filter: ((gender)::text = 'm'::text)
                           Rows Removed by Filter: 1
                           Buffers: shared hit=40087 read=2713
               ->  Seq Scan on info_type it1  (cost=0.00..2.41 rows=1 width=4) (actual time=0.010..0.019 rows=1 loops=4561)
                     Filter: (id = 3)
                     Rows Removed by Filter: 112
                     Buffers: shared hit=4561
         ->  Seq Scan on info_type it2  (cost=0.00..2.41 rows=1 width=4) (actual time=0.010..0.020 rows=1 loops=4561)
               Filter: (id = 5)
               Rows Removed by Filter: 112
               Buffers: shared hit=4561
 Planning:
   Buffers: shared hit=484 read=90
 Planning Time: 12.944 ms
 Execution Time: 17005.614 ms
(73 rows)

