                                                                                             QUERY PLAN                                                                                              
-----------------------------------------------------------------------------------------------------------------------------------------------------------------------------------------------------
 Aggregate  (cost=445914.90..445914.91 rows=1 width=8) (actual time=3234.248..3234.256 rows=1 loops=1)
   Buffers: shared hit=275422 read=60959
   ->  Nested Loop  (cost=4697.66..445914.89 rows=1 width=0) (actual time=361.204..3234.207 rows=103 loops=1)
         Buffers: shared hit=275422 read=60959
         ->  Nested Loop  (cost=4697.66..445912.47 rows=1 width=4) (actual time=361.198..3232.808 rows=103 loops=1)
               Buffers: shared hit=275319 read=60959
               ->  Nested Loop  (cost=4697.66..445910.05 rows=1 width=8) (actual time=361.177..3230.926 rows=103 loops=1)
                     Buffers: shared hit=275216 read=60959
                     ->  Hash Join  (cost=4697.23..445905.41 rows=2 width=12) (actual time=20.919..3159.229 rows=2214 loops=1)
                           Hash Cond: (ci.role_id = rt.id)
                           Buffers: shared hit=268618 read=58701
                           ->  Nested Loop  (cost=4696.06..445904.15 rows=29 width=16) (actual time=18.360..3155.964 rows=19147 loops=1)
                                 Buffers: shared hit=268617 read=58701
                                 ->  Nested Loop  (cost=4695.62..445815.40 rows=2 width=20) (actual time=18.323..2936.244 rows=1095 loops=1)
                                       Buffers: shared hit=255282 read=50328
                                       ->  Hash Join  (cost=4695.19..441792.66 rows=94 width=12) (actual time=18.138..2733.962 rows=1144 loops=1)
                                             Hash Cond: (t.kind_id = kt.id)
                                             Buffers: shared hit=244862 read=41843
                                             ->  Nested Loop  (cost=4694.05..441790.60 rows=220 width=16) (actual time=18.105..2728.799 rows=23171 loops=1)
                                                   Buffers: shared hit=244861 read=41843
                                                   ->  Bitmap Heap Scan on movie_info mi2  (cost=4693.62..433457.95 rows=1018 width=8) (actual time=18.061..481.122 rows=66783 loops=1)
                                                         Recheck Cond: (info_type_id = 5)
                                                         Filter: ((info)::text = ANY ('{Argentina:13,Argentina:Atp,Australia:PG,Finland:S,Iceland:L,Singapore:PG,Sweden:15,UK:18}'::text[]))
                                                         Rows Removed by Filter: 419771
                                                         Heap Blocks: exact=19164
                                                         Buffers: shared hit=1664 read=17908
                                                         ->  Bitmap Index Scan on info_type_id_movie_info  (cost=0.00..4693.37 rows=439058 width=0) (actual time=15.487..15.487 rows=486554 loops=1)
                                                               Index Cond: (info_type_id = 5)
                                                               Buffers: shared read=408
                                                   ->  Index Scan using title_pkey on title t  (cost=0.43..8.19 rows=1 width=8) (actual time=0.033..0.033 rows=0 loops=66783)
                                                         Index Cond: (id = mi2.movie_id)
                                                         Filter: ((production_year <= 1990) AND (1950 < production_year))
                                                         Rows Removed by Filter: 1
                                                         Buffers: shared hit=243197 read=23935
                                             ->  Hash  (cost=1.10..1.10 rows=3 width=4) (actual time=0.013..0.014 rows=3 loops=1)
                                                   Buckets: 1024  Batches: 1  Memory Usage: 9kB
                                                   Buffers: shared hit=1
                                                   ->  Seq Scan on kind_type kt  (cost=0.00..1.10 rows=3 width=4) (actual time=0.007..0.008 rows=3 loops=1)
                                                         Filter: ((kind)::text = ANY ('{"tv series","video game","video movie"}'::text[]))
                                                         Rows Removed by Filter: 4
                                                         Buffers: shared hit=1
                                       ->  Index Scan using movie_id_movie_info on movie_info mi1  (cost=0.43..42.79 rows=1 width=8) (actual time=0.172..0.176 rows=1 loops=1144)
                                             Index Cond: (movie_id = t.id)
                                             Filter: ((info_type_id = 3) AND ((info)::text = ANY ('{Action,Comedy,Drama,Horror}'::text[])))
                                             Rows Removed by Filter: 62
                                             Buffers: shared hit=10420 read=8485
                                 ->  Index Scan using movie_id_cast_info on cast_info ci  (cost=0.44..43.99 rows=38 width=12) (actual time=0.031..0.196 rows=17 loops=1095)
                                       Index Cond: (movie_id = t.id)
                                       Buffers: shared hit=13335 read=8373
                           ->  Hash  (cost=1.15..1.15 rows=1 width=4) (actual time=0.025..0.025 rows=1 loops=1)
                                 Buckets: 1024  Batches: 1  Memory Usage: 9kB
                                 Buffers: shared hit=1
                                 ->  Seq Scan on role_type rt  (cost=0.00..1.15 rows=1 width=4) (actual time=0.020..0.021 rows=1 loops=1)
                                       Filter: ((role)::text = 'writer'::text)
                                       Rows Removed by Filter: 11
                                       Buffers: shared hit=1
                     ->  Index Scan using name_pkey on name n  (cost=0.43..2.32 rows=1 width=4) (actual time=0.032..0.032 rows=0 loops=2214)
                           Index Cond: (id = ci.person_id)
                           Filter: ((gender)::text = 'f'::text)
                           Rows Removed by Filter: 1
                           Buffers: shared hit=6598 read=2258
               ->  Seq Scan on info_type it1  (cost=0.00..2.41 rows=1 width=4) (actual time=0.010..0.016 rows=1 loops=103)
                     Filter: (id = 3)
                     Rows Removed by Filter: 112
                     Buffers: shared hit=103
         ->  Seq Scan on info_type it2  (cost=0.00..2.41 rows=1 width=4) (actual time=0.005..0.012 rows=1 loops=103)
               Filter: (id = 5)
               Rows Removed by Filter: 112
               Buffers: shared hit=103
 Planning:
   Buffers: shared hit=483 read=91
 Planning Time: 11.046 ms
 Execution Time: 3234.784 ms
(73 rows)

