                                                                                             QUERY PLAN                                                                                              
-----------------------------------------------------------------------------------------------------------------------------------------------------------------------------------------------------
 Aggregate  (cost=451238.80..451238.81 rows=1 width=8) (actual time=19480.656..19480.663 rows=1 loops=1)
   Buffers: shared hit=1798878 read=208538
   ->  Nested Loop  (cost=4697.83..451238.80 rows=2 width=0) (actual time=184.709..19480.287 rows=759 loops=1)
         Buffers: shared hit=1798878 read=208538
         ->  Seq Scan on info_type it2  (cost=0.00..2.41 rows=1 width=4) (actual time=0.052..0.062 rows=1 loops=1)
               Filter: (id = 5)
               Rows Removed by Filter: 112
               Buffers: shared hit=1
         ->  Nested Loop  (cost=4697.83..451236.36 rows=2 width=4) (actual time=184.655..19479.994 rows=759 loops=1)
               Buffers: shared hit=1798877 read=208538
               ->  Seq Scan on info_type it1  (cost=0.00..2.41 rows=1 width=4) (actual time=0.009..0.021 rows=1 loops=1)
                     Filter: (id = 3)
                     Rows Removed by Filter: 112
                     Buffers: shared hit=1
               ->  Nested Loop  (cost=4697.83..451233.93 rows=2 width=8) (actual time=184.642..19479.720 rows=759 loops=1)
                     Buffers: shared hit=1798876 read=208538
                     ->  Hash Join  (cost=4697.40..451210.74 rows=10 width=12) (actual time=52.643..17864.859 rows=44258 loops=1)
                           Hash Cond: (ci.role_id = rt.id)
                           Buffers: shared hit=1628686 read=201696
                           ->  Nested Loop  (cost=4696.22..451209.36 rows=57 width=16) (actual time=52.295..17691.366 rows=950060 loops=1)
                                 Buffers: shared hit=1628685 read=201696
                                 ->  Nested Loop  (cost=4695.78..451029.84 rows=4 width=20) (actual time=52.240..8134.352 rows=26004 loops=1)
                                       Buffers: shared hit=707748 read=110013
                                       ->  Hash Join  (cost=4695.35..446749.11 rows=99 width=12) (actual time=51.925..3240.977 rows=30031 loops=1)
                                             Hash Cond: (t.kind_id = kt.id)
                                             Buffers: shared hit=300803 read=26282
                                             ->  Nested Loop  (cost=4694.21..446747.00 rows=232 width=16) (actual time=21.104..3224.804 rows=30529 loops=1)
                                                   Buffers: shared hit=300802 read=26282
                                                   ->  Bitmap Heap Scan on movie_info mi2  (cost=4693.78..433458.11 rows=1655 width=8) (actual time=20.630..571.270 rows=76878 loops=1)
                                                         Recheck Cond: (info_type_id = 5)
                                                         Filter: ((info)::text = ANY ('{Argentina:Atp,Australia:PG,Belgium:KT,Sweden:15,UK:U,USA:Approved,USA:X,"West Germany:18"}'::text[]))
                                                         Rows Removed by Filter: 409676
                                                         Heap Blocks: exact=19164
                                                         Buffers: shared hit=3147 read=16425
                                                         ->  Bitmap Index Scan on info_type_id_movie_info  (cost=0.00..4693.37 rows=439058 width=0) (actual time=18.032..18.032 rows=486554 loops=1)
                                                               Index Cond: (info_type_id = 5)
                                                               Buffers: shared read=408
                                                   ->  Index Scan using title_pkey on title t  (cost=0.43..8.03 rows=1 width=8) (actual time=0.034..0.034 rows=0 loops=76878)
                                                         Index Cond: (id = mi2.movie_id)
                                                         Filter: ((production_year <= 1975) AND (1925 < production_year))
                                                         Rows Removed by Filter: 1
                                                         Buffers: shared hit=297655 read=9857
                                             ->  Hash  (cost=1.10..1.10 rows=3 width=4) (actual time=0.021..0.022 rows=3 loops=1)
                                                   Buckets: 1024  Batches: 1  Memory Usage: 9kB
                                                   Buffers: shared hit=1
                                                   ->  Seq Scan on kind_type kt  (cost=0.00..1.10 rows=3 width=4) (actual time=0.012..0.014 rows=3 loops=1)
                                                         Filter: ((kind)::text = ANY ('{episode,movie,"tv movie"}'::text[]))
                                                         Rows Removed by Filter: 4
                                                         Buffers: shared hit=1
                                       ->  Index Scan using movie_id_movie_info on movie_info mi1  (cost=0.43..43.23 rows=1 width=8) (actual time=0.162..0.162 rows=1 loops=30031)
                                             Index Cond: (movie_id = t.id)
                                             Filter: ((info_type_id = 3) AND ((info)::text = ANY ('{Adult,Documentary,Drama,Romance,Short,Thriller}'::text[])))
                                             Rows Removed by Filter: 38
                                             Buffers: shared hit=406945 read=83731
                                 ->  Index Scan using movie_id_cast_info on cast_info ci  (cost=0.44..44.50 rows=38 width=12) (actual time=0.037..0.357 rows=37 loops=26004)
                                       Index Cond: (movie_id = t.id)
                                       Buffers: shared hit=920937 read=91683
                           ->  Hash  (cost=1.15..1.15 rows=2 width=4) (actual time=0.020..0.021 rows=2 loops=1)
                                 Buckets: 1024  Batches: 1  Memory Usage: 9kB
                                 Buffers: shared hit=1
                                 ->  Seq Scan on role_type rt  (cost=0.00..1.15 rows=2 width=4) (actual time=0.012..0.014 rows=2 loops=1)
                                       Filter: ((role)::text = ANY ('{composer,editor}'::text[]))
                                       Rows Removed by Filter: 10
                                       Buffers: shared hit=1
                     ->  Index Scan using name_pkey on name n  (cost=0.43..2.32 rows=1 width=4) (actual time=0.036..0.036 rows=0 loops=44258)
                           Index Cond: (id = ci.person_id)
                           Filter: ((gender)::text = 'f'::text)
                           Rows Removed by Filter: 1
                           Buffers: shared hit=170190 read=6842
 Planning:
   Buffers: shared hit=529 read=45
 Planning Time: 14.062 ms
 Execution Time: 19481.355 ms
(73 rows)

