                                                                                             QUERY PLAN                                                                                              
-----------------------------------------------------------------------------------------------------------------------------------------------------------------------------------------------------
 Aggregate  (cost=367268.31..367268.32 rows=1 width=8) (actual time=13987.935..13987.942 rows=1 loops=1)
   Buffers: shared hit=1260658 read=199720
   ->  Nested Loop  (cost=4697.60..367268.31 rows=1 width=0) (actual time=33.491..13983.310 rows=22103 loops=1)
         Buffers: shared hit=1260658 read=199720
         ->  Hash Join  (cost=4697.17..367263.67 rows=2 width=4) (actual time=33.444..12161.554 rows=52180 loops=1)
               Hash Cond: (ci.role_id = rt.id)
               Buffers: shared hit=1060894 read=190764
               ->  Nested Loop  (cost=4695.99..367262.45 rows=14 width=8) (actual time=33.155..12042.437 rows=686297 loops=1)
                     Buffers: shared hit=1060893 read=190764
                     ->  Nested Loop  (cost=4695.55..367217.57 rows=1 width=12) (actual time=33.113..5536.448 rows=16283 loops=1)
                           Buffers: shared hit=418582 read=108721
                           ->  Nested Loop  (cost=4695.55..367215.15 rows=1 width=16) (actual time=33.106..5195.836 rows=16283 loops=1)
                                 Buffers: shared hit=402299 read=108721
                                 ->  Nested Loop  (cost=4695.55..367212.73 rows=1 width=20) (actual time=33.085..4845.769 rows=16283 loops=1)
                                       Buffers: shared hit=386016 read=108721
                                       ->  Hash Join  (cost=4695.12..365316.95 rows=44 width=12) (actual time=32.822..1700.358 rows=19327 loops=1)
                                             Hash Cond: (t.kind_id = kt.id)
                                             Buffers: shared hit=138465 read=32968
                                             ->  Nested Loop  (cost=4693.98..365315.38 rows=102 width=16) (actual time=32.792..1690.388 rows=19336 loops=1)
                                                   Buffers: shared hit=138464 read=32968
                                                   ->  Bitmap Heap Scan on movie_info mi2  (cost=4693.55..359301.96 rows=728 width=8) (actual time=19.446..407.711 rows=37965 loops=1)
                                                         Recheck Cond: (info_type_id = 5)
                                                         Filter: ((info)::text = ANY ('{Sweden:15,USA:Approved,USA:R}'::text[]))
                                                         Rows Removed by Filter: 448589
                                                         Heap Blocks: exact=19164
                                                         Buffers: shared hit=1673 read=17899
                                                         ->  Bitmap Index Scan on info_type_id_movie_info  (cost=0.00..4693.37 rows=439058 width=0) (actual time=16.248..16.248 rows=486554 loops=1)
                                                               Index Cond: (info_type_id = 5)
                                                               Buffers: shared read=408
                                                   ->  Index Scan using title_pkey on title t  (cost=0.43..8.26 rows=1 width=8) (actual time=0.033..0.033 rows=1 loops=37965)
                                                         Index Cond: (id = mi2.movie_id)
                                                         Filter: ((production_year <= 1975) AND (1925 < production_year))
                                                         Rows Removed by Filter: 0
                                                         Buffers: shared hit=136791 read=15069
                                             ->  Hash  (cost=1.10..1.10 rows=3 width=4) (actual time=0.012..0.013 rows=3 loops=1)
                                                   Buckets: 1024  Batches: 1  Memory Usage: 9kB
                                                   Buffers: shared hit=1
                                                   ->  Seq Scan on kind_type kt  (cost=0.00..1.10 rows=3 width=4) (actual time=0.006..0.008 rows=3 loops=1)
                                                         Filter: ((kind)::text = ANY ('{episode,movie,"tv movie"}'::text[]))
                                                         Rows Removed by Filter: 4
                                                         Buffers: shared hit=1
                                       ->  Index Scan using movie_id_movie_info on movie_info mi1  (cost=0.43..43.08 rows=1 width=8) (actual time=0.161..0.162 rows=1 loops=19327)
                                             Index Cond: (movie_id = t.id)
                                             Filter: ((info_type_id = 3) AND ((info)::text = ANY ('{Comedy,Crime,Drama}'::text[])))
                                             Rows Removed by Filter: 38
                                             Buffers: shared hit=247551 read=75753
                                 ->  Seq Scan on info_type it1  (cost=0.00..2.41 rows=1 width=4) (actual time=0.011..0.019 rows=1 loops=16283)
                                       Filter: (id = 3)
                                       Rows Removed by Filter: 112
                                       Buffers: shared hit=16283
                           ->  Seq Scan on info_type it2  (cost=0.00..2.41 rows=1 width=4) (actual time=0.010..0.019 rows=1 loops=16283)
                                 Filter: (id = 5)
                                 Rows Removed by Filter: 112
                                 Buffers: shared hit=16283
                     ->  Index Scan using movie_id_cast_info on cast_info ci  (cost=0.44..44.50 rows=38 width=12) (actual time=0.036..0.389 rows=42 loops=16283)
                           Index Cond: (movie_id = t.id)
                           Buffers: shared hit=642311 read=82043
               ->  Hash  (cost=1.15..1.15 rows=2 width=4) (actual time=0.027..0.028 rows=2 loops=1)
                     Buckets: 1024  Batches: 1  Memory Usage: 9kB
                     Buffers: shared hit=1
                     ->  Seq Scan on role_type rt  (cost=0.00..1.15 rows=2 width=4) (actual time=0.019..0.020 rows=2 loops=1)
                           Filter: ((role)::text = ANY ('{"costume designer",writer}'::text[]))
                           Rows Removed by Filter: 10
                           Buffers: shared hit=1
         ->  Index Scan using name_pkey on name n  (cost=0.43..2.32 rows=1 width=4) (actual time=0.034..0.034 rows=0 loops=52180)
               Index Cond: (id = ci.person_id)
               Filter: ((gender)::text = ANY ('{f,m}'::text[]))
               Rows Removed by Filter: 1
               Buffers: shared hit=199764 read=8956
 Planning:
   Buffers: shared hit=484 read=90
 Planning Time: 12.738 ms
 Execution Time: 13988.583 ms
(73 rows)

