                                                                                             QUERY PLAN                                                                                              
-----------------------------------------------------------------------------------------------------------------------------------------------------------------------------------------------------
 Aggregate  (cost=367464.01..367464.02 rows=1 width=8) (actual time=14909.826..14909.832 rows=1 loops=1)
   Buffers: shared hit=1240077 read=314333
   ->  Nested Loop  (cost=4697.51..367464.01 rows=1 width=0) (actual time=33.330..14904.762 rows=22009 loops=1)
         Buffers: shared hit=1240077 read=314333
         ->  Hash Join  (cost=4697.08..367459.37 rows=2 width=4) (actual time=33.279..13577.969 rows=37831 loops=1)
               Hash Cond: (ci.role_id = rt.id)
               Buffers: shared hit=1107825 read=295261
               ->  Nested Loop  (cost=4695.91..367458.15 rows=14 width=8) (actual time=32.896..13416.507 rows=1008332 loops=1)
                     Buffers: shared hit=1107824 read=295261
                     ->  Nested Loop  (cost=4695.47..367414.41 rows=1 width=12) (actual time=32.852..4183.540 rows=11032 loops=1)
                           Buffers: shared hit=270254 read=116457
                           ->  Nested Loop  (cost=4695.47..367411.99 rows=1 width=16) (actual time=32.846..3961.018 rows=11032 loops=1)
                                 Buffers: shared hit=259222 read=116457
                                 ->  Nested Loop  (cost=4695.47..367409.57 rows=1 width=20) (actual time=32.826..3734.416 rows=11032 loops=1)
                                       Buffers: shared hit=248190 read=116457
                                       ->  Hash Join  (cost=4695.03..362543.70 rows=115 width=12) (actual time=19.933..1184.323 rows=13115 loops=1)
                                             Hash Cond: (t.kind_id = kt.id)
                                             Buffers: shared hit=75527 read=33330
                                             ->  Nested Loop  (cost=4693.90..362541.44 rows=267 width=16) (actual time=19.283..1176.024 rows=17062 loops=1)
                                                   Buffers: shared hit=75526 read=33330
                                                   ->  Bitmap Heap Scan on movie_info mi2  (cost=4693.47..359301.87 rows=388 width=8) (actual time=19.233..372.032 rows=22321 loops=1)
                                                         Recheck Cond: (info_type_id = 5)
                                                         Filter: ((info)::text = ANY ('{Australia:M,Germany:16,"South Korea:15"}'::text[]))
                                                         Rows Removed by Filter: 464233
                                                         Heap Blocks: exact=19164
                                                         Buffers: shared hit=3154 read=16418
                                                         ->  Bitmap Index Scan on info_type_id_movie_info  (cost=0.00..4693.37 rows=439058 width=0) (actual time=16.589..16.590 rows=486554 loops=1)
                                                               Index Cond: (info_type_id = 5)
                                                               Buffers: shared read=408
                                                   ->  Index Scan using title_pkey on title t  (cost=0.43..8.35 rows=1 width=8) (actual time=0.035..0.035 rows=1 loops=22321)
                                                         Index Cond: (id = mi2.movie_id)
                                                         Filter: ((production_year <= 2015) AND (1990 < production_year))
                                                         Rows Removed by Filter: 0
                                                         Buffers: shared hit=72372 read=16912
                                             ->  Hash  (cost=1.10..1.10 rows=3 width=4) (actual time=0.013..0.014 rows=3 loops=1)
                                                   Buckets: 1024  Batches: 1  Memory Usage: 9kB
                                                   Buffers: shared hit=1
                                                   ->  Seq Scan on kind_type kt  (cost=0.00..1.10 rows=3 width=4) (actual time=0.007..0.008 rows=3 loops=1)
                                                         Filter: ((kind)::text = ANY ('{episode,movie,"video movie"}'::text[]))
                                                         Rows Removed by Filter: 4
                                                         Buffers: shared hit=1
                                       ->  Index Scan using movie_id_movie_info on movie_info mi1  (cost=0.43..42.30 rows=1 width=8) (actual time=0.193..0.194 rows=1 loops=13115)
                                             Index Cond: (movie_id = t.id)
                                             Filter: ((info_type_id = 3) AND ((info)::text = ANY ('{Action,Drama,Romance}'::text[])))
                                             Rows Removed by Filter: 92
                                             Buffers: shared hit=172663 read=83127
                                 ->  Seq Scan on info_type it1  (cost=0.00..2.41 rows=1 width=4) (actual time=0.010..0.018 rows=1 loops=11032)
                                       Filter: (id = 3)
                                       Rows Removed by Filter: 112
                                       Buffers: shared hit=11032
                           ->  Seq Scan on info_type it2  (cost=0.00..2.41 rows=1 width=4) (actual time=0.010..0.018 rows=1 loops=11032)
                                 Filter: (id = 5)
                                 Rows Removed by Filter: 112
                                 Buffers: shared hit=11032
                     ->  Index Scan using movie_id_cast_info on cast_info ci  (cost=0.44..43.36 rows=38 width=12) (actual time=0.037..0.816 rows=91 loops=11032)
                           Index Cond: (movie_id = t.id)
                           Buffers: shared hit=837570 read=178804
               ->  Hash  (cost=1.15..1.15 rows=2 width=4) (actual time=0.030..0.031 rows=2 loops=1)
                     Buckets: 1024  Batches: 1  Memory Usage: 9kB
                     Buffers: shared hit=1
                     ->  Seq Scan on role_type rt  (cost=0.00..1.15 rows=2 width=4) (actual time=0.021..0.023 rows=2 loops=1)
                           Filter: ((role)::text = ANY ('{editor,writer}'::text[]))
                           Rows Removed by Filter: 10
                           Buffers: shared hit=1
         ->  Index Scan using name_pkey on name n  (cost=0.43..2.32 rows=1 width=4) (actual time=0.034..0.034 rows=1 loops=37831)
               Index Cond: (id = ci.person_id)
               Filter: ((gender)::text = ANY ('{f,m}'::text[]))
               Rows Removed by Filter: 0
               Buffers: shared hit=132252 read=19072
 Planning:
   Buffers: shared hit=504 read=70
 Planning Time: 12.866 ms
 Execution Time: 14910.341 ms
(73 rows)

