                                                                                             QUERY PLAN                                                                                              
-----------------------------------------------------------------------------------------------------------------------------------------------------------------------------------------------------
 Aggregate  (cost=472690.42..472690.43 rows=1 width=8) (actual time=6286.333..6286.340 rows=1 loops=1)
   Buffers: shared hit=567045 read=87743
   ->  Nested Loop  (cost=4697.52..472690.42 rows=2 width=0) (actual time=44.101..6286.139 rows=420 loops=1)
         Buffers: shared hit=567045 read=87743
         ->  Seq Scan on info_type it2  (cost=0.00..2.41 rows=1 width=4) (actual time=0.048..0.058 rows=1 loops=1)
               Filter: (id = 5)
               Rows Removed by Filter: 112
               Buffers: shared hit=1
         ->  Nested Loop  (cost=4697.52..472687.98 rows=2 width=4) (actual time=44.051..6285.963 rows=420 loops=1)
               Buffers: shared hit=567044 read=87743
               ->  Seq Scan on info_type it1  (cost=0.00..2.41 rows=1 width=4) (actual time=0.009..0.021 rows=1 loops=1)
                     Filter: (id = 3)
                     Rows Removed by Filter: 112
                     Buffers: shared hit=1
               ->  Nested Loop  (cost=4697.52..472685.55 rows=2 width=8) (actual time=44.038..6285.810 rows=420 loops=1)
                     Buffers: shared hit=567043 read=87743
                     ->  Hash Join  (cost=4697.09..472669.31 rows=7 width=12) (actual time=42.657..5962.209 rows=9524 loops=1)
                           Hash Cond: (ci.role_id = rt.id)
                           Buffers: shared hit=532439 read=84251
                           ->  Nested Loop  (cost=4695.92..472667.98 rows=43 width=16) (actual time=42.507..5915.331 rows=272821 loops=1)
                                 Buffers: shared hit=532438 read=84251
                                 ->  Nested Loop  (cost=4695.48..472536.89 rows=3 width=20) (actual time=42.443..3239.926 rows=4679 loops=1)
                                       Buffers: shared hit=303578 read=34737
                                       ->  Hash Join  (cost=4695.04..467492.62 rows=119 width=12) (actual time=41.422..2520.092 rows=4586 loops=1)
                                             Hash Cond: (t.kind_id = kt.id)
                                             Buffers: shared hit=262731 read=7758
                                             ->  Nested Loop  (cost=4693.93..467489.76 rows=416 width=16) (actual time=20.379..2507.698 rows=54459 loops=1)
                                                   Buffers: shared hit=262730 read=7758
                                                   ->  Bitmap Heap Scan on movie_info mi2  (cost=4693.50..463120.20 rows=525 width=8) (actual time=20.293..481.052 rows=62729 loops=1)
                                                         Recheck Cond: (info_type_id = 5)
                                                         Filter: ((info)::text = ANY ('{Argentina:16,Canada:PG,Germany:16,Iceland:L,Singapore:PG,UK:15,UK:18,UK:PG,USA:PG-13,USA:Unrated}'::text[]))
                                                         Rows Removed by Filter: 423825
                                                         Heap Blocks: exact=19164
                                                         Buffers: shared hit=18271 read=1301
                                                         ->  Bitmap Index Scan on info_type_id_movie_info  (cost=0.00..4693.37 rows=439058 width=0) (actual time=17.475..17.475 rows=486554 loops=1)
                                                               Index Cond: (info_type_id = 5)
                                                               Buffers: shared hit=408
                                                   ->  Index Scan using title_pkey on title t  (cost=0.43..8.32 rows=1 width=8) (actual time=0.032..0.032 rows=1 loops=62729)
                                                         Index Cond: (id = mi2.movie_id)
                                                         Filter: ((production_year <= 2015) AND (1975 < production_year))
                                                         Rows Removed by Filter: 0
                                                         Buffers: shared hit=244459 read=6457
                                             ->  Hash  (cost=1.09..1.09 rows=2 width=4) (actual time=0.019..0.020 rows=2 loops=1)
                                                   Buckets: 1024  Batches: 1  Memory Usage: 9kB
                                                   Buffers: shared hit=1
                                                   ->  Seq Scan on kind_type kt  (cost=0.00..1.09 rows=2 width=4) (actual time=0.011..0.012 rows=2 loops=1)
                                                         Filter: ((kind)::text = ANY ('{"tv movie","video game"}'::text[]))
                                                         Rows Removed by Filter: 5
                                                         Buffers: shared hit=1
                                       ->  Index Scan using movie_id_movie_info on movie_info mi1  (cost=0.43..42.38 rows=1 width=8) (actual time=0.155..0.156 rows=1 loops=4586)
                                             Index Cond: (movie_id = t.id)
                                             Filter: ((info_type_id = 3) AND ((info)::text = ANY ('{Comedy,Crime,Drama,Romance,Thriller}'::text[])))
                                             Rows Removed by Filter: 25
                                             Buffers: shared hit=40847 read=26979
                                 ->  Index Scan using movie_id_cast_info on cast_info ci  (cost=0.44..43.32 rows=38 width=12) (actual time=0.039..0.556 rows=58 loops=4679)
                                       Index Cond: (movie_id = t.id)
                                       Buffers: shared hit=228860 read=49514
                           ->  Hash  (cost=1.15..1.15 rows=2 width=4) (actual time=0.021..0.021 rows=2 loops=1)
                                 Buckets: 1024  Batches: 1  Memory Usage: 9kB
                                 Buffers: shared hit=1
                                 ->  Seq Scan on role_type rt  (cost=0.00..1.15 rows=2 width=4) (actual time=0.013..0.014 rows=2 loops=1)
                                       Filter: ((role)::text = ANY ('{director,editor}'::text[]))
                                       Rows Removed by Filter: 10
                                       Buffers: shared hit=1
                     ->  Index Scan using name_pkey on name n  (cost=0.43..2.32 rows=1 width=4) (actual time=0.033..0.033 rows=0 loops=9524)
                           Index Cond: (id = ci.person_id)
                           Filter: ((gender)::text = 'f'::text)
                           Rows Removed by Filter: 1
                           Buffers: shared hit=34604 read=3492
 Planning:
   Buffers: shared hit=574
 Planning Time: 13.987 ms
 Execution Time: 6287.049 ms
(73 rows)

