                                                                                             QUERY PLAN                                                                                              
-----------------------------------------------------------------------------------------------------------------------------------------------------------------------------------------------------
 Aggregate  (cost=395173.83..395173.84 rows=1 width=8) (actual time=1376.337..1376.344 rows=1 loops=1)
   Buffers: shared hit=112209 read=25721
   ->  Nested Loop  (cost=4697.48..395173.83 rows=1 width=0) (actual time=218.696..1376.307 rows=75 loops=1)
         Buffers: shared hit=112209 read=25721
         ->  Hash Join  (cost=4697.05..395171.51 rows=1 width=4) (actual time=47.647..1371.094 rows=210 loops=1)
               Hash Cond: (ci.role_id = rt.id)
               Buffers: shared hit=111490 read=25600
               ->  Nested Loop  (cost=4695.89..395170.30 rows=14 width=8) (actual time=46.469..1368.848 rows=16162 loops=1)
                     Buffers: shared hit=111489 read=25600
                     ->  Nested Loop  (cost=4695.45..395126.60 rows=1 width=12) (actual time=46.415..1223.966 rows=186 loops=1)
                           Buffers: shared hit=98833 read=23652
                           ->  Nested Loop  (cost=4695.45..395124.18 rows=1 width=16) (actual time=46.403..1219.860 rows=186 loops=1)
                                 Buffers: shared hit=98647 read=23652
                                 ->  Nested Loop  (cost=4695.45..395121.76 rows=1 width=20) (actual time=46.377..1216.552 rows=186 loops=1)
                                       Buffers: shared hit=98461 read=23652
                                       ->  Hash Join  (cost=4695.02..392875.15 rows=53 width=12) (actual time=46.210..1183.188 rows=207 loops=1)
                                             Hash Cond: (t.kind_id = kt.id)
                                             Buffers: shared hit=96555 read=22826
                                             ->  Nested Loop  (cost=4693.92..392872.48 rows=372 width=16) (actual time=20.558..1179.379 rows=20585 loops=1)
                                                   Buffers: shared hit=96554 read=22826
                                                   ->  Bitmap Heap Scan on movie_info mi2  (cost=4693.49..388964.26 rows=469 width=8) (actual time=20.508..394.948 rows=24952 loops=1)
                                                         Recheck Cond: (info_type_id = 5)
                                                         Filter: ((info)::text = ANY ('{Australia:PG,Australia:R,Finland:K-18,Singapore:PG,UK:12}'::text[]))
                                                         Rows Removed by Filter: 461602
                                                         Heap Blocks: exact=19164
                                                         Buffers: shared hit=2381 read=17191
                                                         ->  Bitmap Index Scan on info_type_id_movie_info  (cost=0.00..4693.37 rows=439058 width=0) (actual time=17.934..17.934 rows=486554 loops=1)
                                                               Index Cond: (info_type_id = 5)
                                                               Buffers: shared read=408
                                                   ->  Index Scan using title_pkey on title t  (cost=0.43..8.33 rows=1 width=8) (actual time=0.031..0.031 rows=1 loops=24952)
                                                         Index Cond: (id = mi2.movie_id)
                                                         Filter: ((production_year <= 2015) AND (1975 < production_year))
                                                         Rows Removed by Filter: 0
                                                         Buffers: shared hit=94173 read=5635
                                             ->  Hash  (cost=1.09..1.09 rows=1 width=4) (actual time=0.015..0.016 rows=1 loops=1)
                                                   Buckets: 1024  Batches: 1  Memory Usage: 9kB
                                                   Buffers: shared hit=1
                                                   ->  Seq Scan on kind_type kt  (cost=0.00..1.09 rows=1 width=4) (actual time=0.009..0.009 rows=1 loops=1)
                                                         Filter: ((kind)::text = 'video game'::text)
                                                         Rows Removed by Filter: 6
                                                         Buffers: shared hit=1
                                       ->  Index Scan using movie_id_movie_info on movie_info mi1  (cost=0.43..42.38 rows=1 width=8) (actual time=0.160..0.160 rows=1 loops=207)
                                             Index Cond: (movie_id = t.id)
                                             Filter: ((info_type_id = 3) AND ((info)::text = ANY ('{Comedy,Fantasy,Horror,Sci-Fi,Thriller}'::text[])))
                                             Rows Removed by Filter: 33
                                             Buffers: shared hit=1906 read=826
                                 ->  Seq Scan on info_type it1  (cost=0.00..2.41 rows=1 width=4) (actual time=0.008..0.016 rows=1 loops=186)
                                       Filter: (id = 3)
                                       Rows Removed by Filter: 112
                                       Buffers: shared hit=186
                           ->  Seq Scan on info_type it2  (cost=0.00..2.41 rows=1 width=4) (actual time=0.013..0.020 rows=1 loops=186)
                                 Filter: (id = 5)
                                 Rows Removed by Filter: 112
                                 Buffers: shared hit=186
                     ->  Index Scan using movie_id_cast_info on cast_info ci  (cost=0.44..43.32 rows=38 width=12) (actual time=0.039..0.761 rows=87 loops=186)
                           Index Cond: (movie_id = t.id)
                           Buffers: shared hit=12656 read=1948
               ->  Hash  (cost=1.15..1.15 rows=1 width=4) (actual time=0.033..0.034 rows=1 loops=1)
                     Buckets: 1024  Batches: 1  Memory Usage: 9kB
                     Buffers: shared hit=1
                     ->  Seq Scan on role_type rt  (cost=0.00..1.15 rows=1 width=4) (actual time=0.026..0.027 rows=1 loops=1)
                           Filter: ((role)::text = 'director'::text)
                           Rows Removed by Filter: 11
                           Buffers: shared hit=1
         ->  Index Scan using name_pkey on name n  (cost=0.43..2.32 rows=1 width=4) (actual time=0.024..0.024 rows=0 loops=210)
               Index Cond: (id = ci.person_id)
               Filter: ((gender)::text = 'm'::text)
               Rows Removed by Filter: 1
               Buffers: shared hit=719 read=121
 Planning:
   Buffers: shared hit=529 read=45
 Planning Time: 14.308 ms
 Execution Time: 1376.983 ms
(73 rows)

