                                                                                             QUERY PLAN                                                                                              
-----------------------------------------------------------------------------------------------------------------------------------------------------------------------------------------------------
 Aggregate  (cost=390298.61..390298.62 rows=1 width=8) (actual time=2603.048..2603.055 rows=1 loops=1)
   Buffers: shared hit=229664 read=38577
   ->  Nested Loop  (cost=4697.43..390298.61 rows=1 width=0) (actual time=194.302..2603.009 rows=61 loops=1)
         Buffers: shared hit=229664 read=38577
         ->  Hash Join  (cost=4697.00..390293.97 rows=2 width=4) (actual time=29.476..2488.142 rows=3272 loops=1)
               Hash Cond: (ci.role_id = rt.id)
               Buffers: shared hit=218530 read=36623
               ->  Nested Loop  (cost=4695.82..390292.74 rows=14 width=8) (actual time=21.671..2475.234 rows=88601 loops=1)
                     Buffers: shared hit=218529 read=36623
                     ->  Nested Loop  (cost=4695.38..390249.05 rows=1 width=12) (actual time=21.634..1623.460 rows=2360 loops=1)
                           Buffers: shared hit=144125 read=18368
                           ->  Nested Loop  (cost=4695.38..390246.62 rows=1 width=16) (actual time=21.629..1584.008 rows=2360 loops=1)
                                 Buffers: shared hit=141765 read=18368
                                 ->  Nested Loop  (cost=4695.38..390244.20 rows=1 width=20) (actual time=21.607..1536.302 rows=2360 loops=1)
                                       Buffers: shared hit=139405 read=18368
                                       ->  Hash Join  (cost=4694.95..389438.82 rows=19 width=12) (actual time=21.206..1179.526 rows=2271 loops=1)
                                             Hash Cond: (t.kind_id = kt.id)
                                             Buffers: shared hit=120311 read=2638
                                             ->  Nested Loop  (cost=4693.81..389437.50 rows=44 width=16) (actual time=21.144..1174.746 rows=22043 loops=1)
                                                   Buffers: shared hit=120310 read=2638
                                                   ->  Bitmap Heap Scan on movie_info mi2  (cost=4693.38..388964.16 rows=56 width=8) (actual time=21.109..369.810 rows=25844 loops=1)
                                                         Recheck Cond: (info_type_id = 5)
                                                         Filter: ((info)::text = ANY ('{Argentina:16,Singapore:PG,"South Korea:12",Spain:T,"USA:Not Rated"}'::text[]))
                                                         Rows Removed by Filter: 460710
                                                         Heap Blocks: exact=19164
                                                         Buffers: shared hit=19561 read=11
                                                         ->  Bitmap Index Scan on info_type_id_movie_info  (cost=0.00..4693.37 rows=439058 width=0) (actual time=17.112..17.113 rows=486554 loops=1)
                                                               Index Cond: (info_type_id = 5)
                                                               Buffers: shared hit=408
                                                   ->  Index Scan using title_pkey on title t  (cost=0.43..8.45 rows=1 width=8) (actual time=0.031..0.031 rows=1 loops=25844)
                                                         Index Cond: (id = mi2.movie_id)
                                                         Filter: ((production_year <= 2015) AND (1975 < production_year))
                                                         Rows Removed by Filter: 0
                                                         Buffers: shared hit=100749 read=2627
                                             ->  Hash  (cost=1.10..1.10 rows=3 width=4) (actual time=0.032..0.033 rows=3 loops=1)
                                                   Buckets: 1024  Batches: 1  Memory Usage: 9kB
                                                   Buffers: shared hit=1
                                                   ->  Seq Scan on kind_type kt  (cost=0.00..1.10 rows=3 width=4) (actual time=0.019..0.022 rows=3 loops=1)
                                                         Filter: ((kind)::text = ANY ('{"tv movie","tv series","video game"}'::text[]))
                                                         Rows Removed by Filter: 4
                                                         Buffers: shared hit=1
                                       ->  Index Scan using movie_id_movie_info on movie_info mi1  (cost=0.43..42.38 rows=1 width=8) (actual time=0.153..0.156 rows=1 loops=2271)
                                             Index Cond: (movie_id = t.id)
                                             Filter: ((info_type_id = 3) AND ((info)::text = ANY ('{Action,Comedy,Crime,Drama,Fantasy}'::text[])))
                                             Rows Removed by Filter: 38
                                             Buffers: shared hit=19094 read=15730
                                 ->  Seq Scan on info_type it1  (cost=0.00..2.41 rows=1 width=4) (actual time=0.011..0.018 rows=1 loops=2360)
                                       Filter: (id = 3)
                                       Rows Removed by Filter: 112
                                       Buffers: shared hit=2360
                           ->  Seq Scan on info_type it2  (cost=0.00..2.41 rows=1 width=4) (actual time=0.008..0.015 rows=1 loops=2360)
                                 Filter: (id = 5)
                                 Rows Removed by Filter: 112
                                 Buffers: shared hit=2360
                     ->  Index Scan using movie_id_cast_info on cast_info ci  (cost=0.44..43.32 rows=38 width=12) (actual time=0.034..0.352 rows=38 loops=2360)
                           Index Cond: (movie_id = t.id)
                           Buffers: shared hit=74404 read=18255
               ->  Hash  (cost=1.15..1.15 rows=2 width=4) (actual time=0.050..0.050 rows=2 loops=1)
                     Buckets: 1024  Batches: 1  Memory Usage: 9kB
                     Buffers: shared hit=1
                     ->  Seq Scan on role_type rt  (cost=0.00..1.15 rows=2 width=4) (actual time=0.038..0.041 rows=2 loops=1)
                           Filter: ((role)::text = ANY ('{cinematographer,director}'::text[]))
                           Rows Removed by Filter: 10
                           Buffers: shared hit=1
         ->  Index Scan using name_pkey on name n  (cost=0.43..2.32 rows=1 width=4) (actual time=0.035..0.035 rows=0 loops=3272)
               Index Cond: (id = ci.person_id)
               Filter: ((gender)::text = 'f'::text)
               Rows Removed by Filter: 1
               Buffers: shared hit=11134 read=1954
 Planning:
   Buffers: shared hit=574
 Planning Time: 13.929 ms
 Execution Time: 2603.755 ms
(73 rows)

