                                                                                                                      QUERY PLAN                                                                                                                      
------------------------------------------------------------------------------------------------------------------------------------------------------------------------------------------------------------------------------------------------------
 Aggregate  (cost=545746.65..545746.66 rows=1 width=8) (actual time=98822.275..98822.282 rows=1 loops=1)
   Buffers: shared hit=9612241 read=703740
   ->  Nested Loop  (cost=4697.83..545746.63 rows=8 width=0) (actual time=29.048..98815.183 rows=18098 loops=1)
         Buffers: shared hit=9612241 read=703740
         ->  Seq Scan on info_type it2  (cost=0.00..2.41 rows=1 width=4) (actual time=0.039..0.049 rows=1 loops=1)
               Filter: (id = 5)
               Rows Removed by Filter: 112
               Buffers: shared hit=1
         ->  Nested Loop  (cost=4697.83..545744.14 rows=8 width=4) (actual time=29.008..98809.985 rows=18098 loops=1)
               Buffers: shared hit=9612240 read=703740
               ->  Seq Scan on info_type it1  (cost=0.00..2.41 rows=1 width=4) (actual time=0.007..0.019 rows=1 loops=1)
                     Filter: (id = 3)
                     Rows Removed by Filter: 112
                     Buffers: shared hit=1
               ->  Nested Loop  (cost=4697.83..545741.65 rows=8 width=8) (actual time=28.998..98804.566 rows=18098 loops=1)
                     Buffers: shared hit=9612239 read=703740
                     ->  Hash Join  (cost=4697.40..545662.78 rows=34 width=12) (actual time=28.174..88804.886 rows=274760 loops=1)
                           Hash Cond: (ci.role_id = rt.id)
                           Buffers: shared hit=8573249 read=643690
                           ->  Nested Loop  (cost=4696.23..545660.89 rows=201 width=16) (actual time=24.777..87397.632 rows=7491307 loops=1)
                                 Buffers: shared hit=8573248 read=643690
                                 ->  Nested Loop  (cost=4695.79..545049.12 rows=14 width=20) (actual time=24.733..16794.817 rows=88155 loops=1)
                                       Buffers: shared hit=1478657 read=170789
                                       ->  Hash Join  (cost=4695.35..520999.06 rows=566 width=12) (actual time=18.544..4226.273 rows=67726 loops=1)
                                             Hash Cond: (t.kind_id = kt.id)
                                             Buffers: shared hit=367652 read=39673
                                             ->  Nested Loop  (cost=4694.22..520992.36 rows=1321 width=16) (actual time=18.376..4180.383 rows=78958 loops=1)
                                                   Buffers: shared hit=367651 read=39673
                                                   ->  Bitmap Heap Scan on movie_info mi2  (cost=4693.79..507614.04 rows=1667 width=8) (actual time=18.245..652.935 rows=96938 loops=1)
                                                         Recheck Cond: (info_type_id = 5)
                                                         Filter: ((info)::text = ANY ('{Australia:G,Australia:M,Portugal:M/12,Singapore:M18,Singapore:NC-16,Singapore:PG,"South Korea:18",Sweden:15,Switzerland:7,UK:15,UK:PG,USA:R,USA:T}'::text[]))
                                                         Rows Removed by Filter: 389616
                                                         Heap Blocks: exact=19164
                                                         Buffers: shared hit=8441 read=11131
                                                         ->  Bitmap Index Scan on info_type_id_movie_info  (cost=0.00..4693.37 rows=439058 width=0) (actual time=15.641..15.641 rows=486554 loops=1)
                                                               Index Cond: (info_type_id = 5)
                                                               Buffers: shared hit=408
                                                   ->  Index Scan using title_pkey on title t  (cost=0.43..8.03 rows=1 width=8) (actual time=0.036..0.036 rows=1 loops=96938)
                                                         Index Cond: (id = mi2.movie_id)
                                                         Filter: ((production_year <= 2015) AND (1975 < production_year))
                                                         Rows Removed by Filter: 0
                                                         Buffers: shared hit=359210 read=28542
                                             ->  Hash  (cost=1.10..1.10 rows=3 width=4) (actual time=0.018..0.019 rows=3 loops=1)
                                                   Buckets: 1024  Batches: 1  Memory Usage: 9kB
                                                   Buffers: shared hit=1
                                                   ->  Seq Scan on kind_type kt  (cost=0.00..1.10 rows=3 width=4) (actual time=0.007..0.009 rows=3 loops=1)
                                                         Filter: ((kind)::text = ANY ('{episode,movie,"video movie"}'::text[]))
                                                         Rows Removed by Filter: 4
                                                         Buffers: shared hit=1
                                       ->  Index Scan using movie_id_movie_info on movie_info mi1  (cost=0.43..42.48 rows=1 width=8) (actual time=0.183..0.185 rows=1 loops=67726)
                                             Index Cond: (movie_id = t.id)
                                             Filter: ((info_type_id = 3) AND ((info)::text = ANY ('{Action,Animation,Comedy,Crime,Drama,Mystery,Thriller}'::text[])))
                                             Rows Removed by Filter: 81
                                             Buffers: shared hit=1111005 read=131116
                                 ->  Index Scan using movie_id_cast_info on cast_info ci  (cost=0.44..43.32 rows=38 width=12) (actual time=0.037..0.776 rows=85 loops=88155)
                                       Index Cond: (movie_id = t.id)
                                       Buffers: shared hit=7094591 read=472901
                           ->  Hash  (cost=1.15..1.15 rows=2 width=4) (actual time=0.017..0.017 rows=2 loops=1)
                                 Buckets: 1024  Batches: 1  Memory Usage: 9kB
                                 Buffers: shared hit=1
                                 ->  Seq Scan on role_type rt  (cost=0.00..1.15 rows=2 width=4) (actual time=0.010..0.012 rows=2 loops=1)
                                       Filter: ((role)::text = ANY ('{"production designer",writer}'::text[]))
                                       Rows Removed by Filter: 10
                                       Buffers: shared hit=1
                     ->  Index Scan using name_pkey on name n  (cost=0.43..2.32 rows=1 width=4) (actual time=0.036..0.036 rows=0 loops=274760)
                           Index Cond: (id = ci.person_id)
                           Filter: ((gender)::text = 'f'::text)
                           Rows Removed by Filter: 1
                           Buffers: shared hit=1038990 read=60050
 Planning:
   Buffers: shared hit=574
 Planning Time: 11.456 ms
 Execution Time: 98822.914 ms
(73 rows)

