                                                                                             QUERY PLAN                                                                                              
-----------------------------------------------------------------------------------------------------------------------------------------------------------------------------------------------------
 Aggregate  (cost=345007.80..345007.81 rows=1 width=8) (actual time=1015.059..1015.065 rows=1 loops=1)
   Buffers: shared hit=60559 read=43038
   ->  Nested Loop  (cost=4697.42..345007.80 rows=1 width=0) (actual time=38.628..1014.458 rows=6305 loops=1)
         Buffers: shared hit=60559 read=43038
         ->  Hash Join  (cost=4696.99..345003.16 rows=2 width=4) (actual time=38.589..809.909 rows=6416 loops=1)
               Hash Cond: (ci.role_id = rt.id)
               Buffers: shared hit=41181 read=36752
               ->  Nested Loop  (cost=4695.81..345001.94 rows=14 width=8) (actual time=20.874..807.190 rows=16843 loops=1)
                     Buffers: shared hit=41180 read=36752
                     ->  Nested Loop  (cost=4695.37..344958.24 rows=1 width=12) (actual time=20.834..642.725 rows=299 loops=1)
                           Buffers: shared hit=29306 read=31233
                           ->  Nested Loop  (cost=4695.37..344955.82 rows=1 width=16) (actual time=20.829..636.923 rows=299 loops=1)
                                 Buffers: shared hit=29007 read=31233
                                 ->  Nested Loop  (cost=4695.37..344953.40 rows=1 width=20) (actual time=20.809..632.334 rows=299 loops=1)
                                       Buffers: shared hit=28708 read=31233
                                       ->  Hash Join  (cost=4694.94..344657.75 rows=7 width=12) (actual time=20.683..555.311 rows=491 loops=1)
                                             Hash Cond: (t.kind_id = kt.id)
                                             Buffers: shared hit=26063 read=26426
                                             ->  Nested Loop  (cost=4693.81..344656.55 rows=17 width=16) (actual time=20.632..554.175 rows=7183 loops=1)
                                                   Buffers: shared hit=26062 read=26426
                                                   ->  Bitmap Heap Scan on movie_info mi2  (cost=4693.38..344470.60 rows=22 width=8) (actual time=20.587..294.962 rows=8229 loops=1)
                                                         Recheck Cond: (info_type_id = 5)
                                                         Filter: ((info)::text = ANY ('{India:U,USA:PG-13}'::text[]))
                                                         Rows Removed by Filter: 478325
                                                         Heap Blocks: exact=19164
                                                         Buffers: shared hit=970 read=18602
                                                         ->  Bitmap Index Scan on info_type_id_movie_info  (cost=0.00..4693.37 rows=439058 width=0) (actual time=17.680..17.680 rows=486554 loops=1)
                                                               Index Cond: (info_type_id = 5)
                                                               Buffers: shared read=408
                                                   ->  Index Scan using title_pkey on title t  (cost=0.43..8.45 rows=1 width=8) (actual time=0.031..0.031 rows=1 loops=8229)
                                                         Index Cond: (id = mi2.movie_id)
                                                         Filter: ((production_year <= 2015) AND (1975 < production_year))
                                                         Rows Removed by Filter: 0
                                                         Buffers: shared hit=25092 read=7824
                                             ->  Hash  (cost=1.10..1.10 rows=3 width=4) (actual time=0.021..0.022 rows=3 loops=1)
                                                   Buckets: 1024  Batches: 1  Memory Usage: 9kB
                                                   Buffers: shared hit=1
                                                   ->  Seq Scan on kind_type kt  (cost=0.00..1.10 rows=3 width=4) (actual time=0.010..0.011 rows=3 loops=1)
                                                         Filter: ((kind)::text = ANY ('{"tv movie","tv series","video game"}'::text[]))
                                                         Rows Removed by Filter: 4
                                                         Buffers: shared hit=1
                                       ->  Index Scan using movie_id_movie_info on movie_info mi1  (cost=0.43..42.23 rows=1 width=8) (actual time=0.156..0.156 rows=1 loops=491)
                                             Index Cond: (movie_id = t.id)
                                             Filter: (((info)::text = ANY ('{Drama,Romance}'::text[])) AND (info_type_id = 3))
                                             Rows Removed by Filter: 24
                                             Buffers: shared hit=2645 read=4807
                                 ->  Seq Scan on info_type it1  (cost=0.00..2.41 rows=1 width=4) (actual time=0.008..0.014 rows=1 loops=299)
                                       Filter: (id = 3)
                                       Rows Removed by Filter: 112
                                       Buffers: shared hit=299
                           ->  Seq Scan on info_type it2  (cost=0.00..2.41 rows=1 width=4) (actual time=0.013..0.018 rows=1 loops=299)
                                 Filter: (id = 5)
                                 Rows Removed by Filter: 112
                                 Buffers: shared hit=299
                     ->  Index Scan using movie_id_cast_info on cast_info ci  (cost=0.44..43.32 rows=38 width=12) (actual time=0.042..0.540 rows=56 loops=299)
                           Index Cond: (movie_id = t.id)
                           Buffers: shared hit=11874 read=5519
               ->  Hash  (cost=1.15..1.15 rows=2 width=4) (actual time=0.038..0.039 rows=2 loops=1)
                     Buckets: 1024  Batches: 1  Memory Usage: 9kB
                     Buffers: shared hit=1
                     ->  Seq Scan on role_type rt  (cost=0.00..1.15 rows=2 width=4) (actual time=0.025..0.029 rows=2 loops=1)
                           Filter: ((role)::text = ANY ('{actor,director}'::text[]))
                           Rows Removed by Filter: 10
                           Buffers: shared hit=1
         ->  Index Scan using name_pkey on name n  (cost=0.43..2.32 rows=1 width=4) (actual time=0.031..0.031 rows=1 loops=6416)
               Index Cond: (id = ci.person_id)
               Filter: ((gender)::text = 'm'::text)
               Rows Removed by Filter: 0
               Buffers: shared hit=19378 read=6286
 Planning:
   Buffers: shared hit=484 read=90
 Planning Time: 14.296 ms
 Execution Time: 1015.787 ms
(73 rows)

