                                                                                                         QUERY PLAN                                                                                                         
----------------------------------------------------------------------------------------------------------------------------------------------------------------------------------------------------------------------------
 Aggregate  (cost=838807.25..838807.26 rows=1 width=8) (actual time=55522.905..55522.915 rows=1 loops=1)
   Buffers: shared hit=5356047 read=262890, temp read=7776 written=7776
   ->  Nested Loop  (cost=550202.13..838806.92 rows=132 width=0) (actual time=1547.442..55506.792 rows=94418 loops=1)
         Buffers: shared hit=5356047 read=262890, temp read=7776 written=7776
         ->  Seq Scan on info_type it2  (cost=0.00..2.41 rows=1 width=4) (actual time=0.051..0.061 rows=1 loops=1)
               Filter: (id = 7)
               Rows Removed by Filter: 112
               Buffers: shared hit=1
         ->  Nested Loop  (cost=550202.13..838803.19 rows=132 width=4) (actual time=1547.389..55487.829 rows=94418 loops=1)
               Buffers: shared hit=5356046 read=262890, temp read=7776 written=7776
               ->  Seq Scan on info_type it1  (cost=0.00..2.41 rows=1 width=4) (actual time=0.010..0.021 rows=1 loops=1)
                     Filter: (id = 3)
                     Rows Removed by Filter: 112
                     Buffers: shared hit=1
               ->  Nested Loop  (cost=550202.13..838799.46 rows=132 width=8) (actual time=1547.379..55468.492 rows=94418 loops=1)
                     Join Filter: (t.id = mi1.movie_id)
                     Buffers: shared hit=5356045 read=262890, temp read=7776 written=7776
                     ->  Nested Loop  (cost=550201.70..714829.10 rows=2925 width=16) (actual time=1547.294..38859.493 rows=78628 loops=1)
                           Buffers: shared hit=3861063 read=117792, temp read=7776 written=7776
                           ->  Hash Join  (cost=550201.27..685617.06 rows=12594 width=20) (actual time=1546.682..5851.657 rows=972502 loops=1)
                                 Hash Cond: (ci.movie_id = t.id)
                                 Buffers: shared hit=30013 read=58834, temp read=7776 written=7776
                                 ->  Nested Loop  (cost=0.44..123965.00 rows=3020080 width=8) (actual time=0.265..2553.976 rows=4323018 loops=1)
                                       Buffers: shared hit=1864 read=39442
                                       ->  Seq Scan on role_type rt  (cost=0.00..1.15 rows=1 width=4) (actual time=0.010..0.013 rows=1 loops=1)
                                             Filter: ((role)::text = 'miscellaneous crew'::text)
                                             Rows Removed by Filter: 11
                                             Buffers: shared hit=1
                                       ->  Index Scan using role_id_cast_info on cast_info ci  (cost=0.44..91017.52 rows=3294633 width=12) (actual time=0.249..1680.630 rows=4323018 loops=1)
                                             Index Cond: (role_id = rt.id)
                                             Buffers: shared hit=1863 read=39442
                                 ->  Hash  (cost=550069.04..550069.04 rows=10543 width=12) (actual time=1546.236..1546.242 rows=115759 loops=1)
                                       Buckets: 131072 (originally 16384)  Batches: 1 (originally 1)  Memory Usage: 5999kB
                                       Buffers: shared hit=28149 read=19392, temp read=7776 written=7776
                                       ->  Hash Join  (cost=112721.00..550069.04 rows=10543 width=12) (actual time=953.573..1528.518 rows=115759 loops=1)
                                             Hash Cond: (mi2.movie_id = t.id)
                                             Buffers: shared hit=28149 read=19392, temp read=7776 written=7776
                                             ->  Bitmap Heap Scan on movie_info mi2  (cost=15878.15..449406.32 rows=31053 width=8) (actual time=37.748..396.368 rows=295398 loops=1)
                                                   Recheck Cond: (info_type_id = 7)
                                                   Filter: ((info)::text = ANY ('{"CAM:Arriflex Cameras",PCS:Spherical,"RAT:1.37 : 1","RAT:1.66 : 1","RAT:1.78 : 1","RAT:1.85 : 1","RAT:16:9 HD","RAT:2.35 : 1"}'::text[]))
                                                   Rows Removed by Filter: 1106504
                                                   Heap Blocks: exact=10050
                                                   Buffers: shared hit=11149
                                                   ->  Bitmap Index Scan on info_type_id_movie_info  (cost=0.00..15870.39 rows=1484527 width=0) (actual time=36.501..36.501 rows=1401902 loops=1)
                                                         Index Cond: (info_type_id = 7)
                                                         Buffers: shared hit=1099
                                             ->  Hash  (cost=82758.38..82758.38 rows=858437 width=4) (actual time=914.504..914.507 rows=1830466 loops=1)
                                                   Buckets: 262144 (originally 262144)  Batches: 16 (originally 8)  Memory Usage: 6145kB
                                                   Buffers: shared hit=17000 read=19392, temp written=5019
                                                   ->  Hash Join  (cost=1.13..82758.38 rows=858437 width=4) (actual time=0.053..675.648 rows=1830466 loops=1)
                                                         Hash Cond: (t.kind_id = kt.id)
                                                         Buffers: shared hit=17000 read=19392
                                                         ->  Seq Scan on title t  (cost=0.00..74315.95 rows=2003019 width=8) (actual time=0.029..454.757 rows=2004612 loops=1)
                                                               Filter: ((production_year <= 2015) AND (1975 < production_year))
                                                               Rows Removed by Filter: 523700
                                                               Buffers: shared hit=16999 read=19392
                                                         ->  Hash  (cost=1.10..1.10 rows=3 width=4) (actual time=0.014..0.015 rows=3 loops=1)
                                                               Buckets: 1024  Batches: 1  Memory Usage: 9kB
                                                               Buffers: shared hit=1
                                                               ->  Seq Scan on kind_type kt  (cost=0.00..1.10 rows=3 width=4) (actual time=0.007..0.009 rows=3 loops=1)
                                                                     Filter: ((kind)::text = ANY ('{episode,movie,"video movie"}'::text[]))
                                                                     Rows Removed by Filter: 4
                                                                     Buffers: shared hit=1
                           ->  Index Scan using name_pkey on name n  (cost=0.43..2.32 rows=1 width=4) (actual time=0.033..0.033 rows=0 loops=972502)
                                 Index Cond: (id = ci.person_id)
                                 Filter: ((gender)::text = 'f'::text)
                                 Rows Removed by Filter: 1
                                 Buffers: shared hit=3831050 read=58958
                     ->  Index Scan using movie_id_movie_info on movie_info mi1  (cost=0.43..42.37 rows=1 width=8) (actual time=0.209..0.210 rows=1 loops=78628)
                           Index Cond: (movie_id = ci.movie_id)
                           Filter: ((info_type_id = 3) AND ((info)::text = ANY ('{Comedy,Crime,Documentary,Drama,Family,Horror,Short,Thriller}'::text[])))
                           Rows Removed by Filter: 110
                           Buffers: shared hit=1494982 read=145098
 Planning:
   Buffers: shared hit=574
 Planning Time: 12.415 ms
 Execution Time: 55523.717 ms
(77 rows)

