                                                                                            QUERY PLAN                                                                                            
--------------------------------------------------------------------------------------------------------------------------------------------------------------------------------------------------
 Aggregate  (cost=705216.79..705216.80 rows=1 width=8) (actual time=12454.693..12454.704 rows=1 loops=1)
   Buffers: shared hit=1153866 read=53123, temp read=6987 written=6987
   ->  Nested Loop  (cost=485360.39..705216.63 rows=66 width=0) (actual time=1196.653..12454.612 rows=268 loops=1)
         Buffers: shared hit=1153866 read=53123, temp read=6987 written=6987
         ->  Seq Scan on info_type it2  (cost=0.00..2.41 rows=1 width=4) (actual time=0.050..0.061 rows=1 loops=1)
               Filter: (id = 7)
               Rows Removed by Filter: 112
               Buffers: shared hit=1
         ->  Nested Loop  (cost=485360.39..705213.56 rows=66 width=4) (actual time=1196.602..12454.475 rows=268 loops=1)
               Buffers: shared hit=1153865 read=53123, temp read=6987 written=6987
               ->  Seq Scan on info_type it1  (cost=0.00..2.41 rows=1 width=4) (actual time=0.010..0.026 rows=1 loops=1)
                     Filter: (id = 3)
                     Rows Removed by Filter: 112
                     Buffers: shared hit=1
               ->  Nested Loop  (cost=485360.39..705210.48 rows=66 width=8) (actual time=1196.591..12454.371 rows=268 loops=1)
                     Join Filter: (t.id = mi1.movie_id)
                     Buffers: shared hit=1153864 read=53123, temp read=6987 written=6987
                     ->  Nested Loop  (cost=485359.93..636883.78 rows=1619 width=16) (actual time=1196.467..12419.540 rows=282 loops=1)
                           Buffers: shared hit=1150792 read=52704, temp read=6987 written=6987
                           ->  Hash Join  (cost=485359.50..620719.05 rows=6969 width=20) (actual time=1167.680..2158.368 rows=287410 loops=1)
                                 Hash Cond: (ci.movie_id = t.id)
                                 Buffers: shared hit=4987 read=48869, temp read=6987 written=6987
                                 ->  Nested Loop  (cost=0.44..123965.00 rows=3020080 width=8) (actual time=0.105..420.155 rows=898389 loops=1)
                                       Buffers: shared hit=1 read=6314
                                       ->  Seq Scan on role_type rt  (cost=0.00..1.15 rows=1 width=4) (actual time=0.010..0.013 rows=1 loops=1)
                                             Filter: ((role)::text = 'cinematographer'::text)
                                             Rows Removed by Filter: 11
                                             Buffers: shared hit=1
                                       ->  Index Scan using role_id_cast_info on cast_info ci  (cost=0.44..91017.52 rows=3294633 width=12) (actual time=0.093..277.542 rows=898389 loops=1)
                                             Index Cond: (role_id = rt.id)
                                             Buffers: shared read=6314
                                 ->  Hash  (cost=485286.13..485286.13 rows=5834 width=12) (actual time=1167.276..1167.282 rows=561196 loops=1)
                                       Buckets: 262144 (originally 8192)  Batches: 4 (originally 1)  Memory Usage: 8050kB
                                       Buffers: shared hit=4986 read=42555, temp read=3035 written=4680
                                       ->  Hash Join  (cost=95348.91..485286.13 rows=5834 width=12) (actual time=536.138..1085.882 rows=561196 loops=1)
                                             Hash Cond: (mi2.movie_id = t.id)
                                             Buffers: shared hit=4986 read=42555, temp read=3035 written=3035
                                             ->  Bitmap Heap Scan on movie_info mi2  (cost=15889.20..404129.84 rows=75266 width=8) (actual time=39.678..377.136 rows=704709 loops=1)
                                                   Recheck Cond: (info_type_id = 7)
                                                   Filter: ((info)::text = ANY ('{"MET:300 m","OFM:35 mm",PCS:Spherical,"PFM:35 mm","RAT:1.37 : 1"}'::text[]))
                                                   Rows Removed by Filter: 697193
                                                   Heap Blocks: exact=10050
                                                   Buffers: shared hit=4985 read=6164
                                                   ->  Bitmap Index Scan on info_type_id_movie_info  (cost=0.00..15870.39 rows=1484527 width=0) (actual time=38.420..38.420 rows=1401902 loops=1)
                                                         Index Cond: (info_type_id = 7)
                                                         Buffers: shared read=1099
                                             ->  Hash  (cost=76244.10..76244.10 rows=195968 width=4) (actual time=495.315..495.318 rows=439726 loops=1)
                                                   Buckets: 262144 (originally 262144)  Batches: 4 (originally 2)  Memory Usage: 6145kB
                                                   Buffers: shared hit=1 read=36391, temp written=966
                                                   ->  Hash Join  (cost=1.13..76244.10 rows=195968 width=4) (actual time=0.047..420.747 rows=439726 loops=1)
                                                         Hash Cond: (t.kind_id = kt.id)
                                                         Buffers: shared hit=1 read=36391
                                                         ->  Seq Scan on title t  (cost=0.00..74315.95 rows=457258 width=8) (actual time=0.025..367.191 rows=451569 loops=1)
                                                               Filter: ((production_year <= 1975) AND (1875 < production_year))
                                                               Rows Removed by Filter: 2076743
                                                               Buffers: shared read=36391
                                                         ->  Hash  (cost=1.10..1.10 rows=3 width=4) (actual time=0.014..0.016 rows=3 loops=1)
                                                               Buckets: 1024  Batches: 1  Memory Usage: 9kB
                                                               Buffers: shared hit=1
                                                               ->  Seq Scan on kind_type kt  (cost=0.00..1.10 rows=3 width=4) (actual time=0.009..0.010 rows=3 loops=1)
                                                                     Filter: ((kind)::text = ANY ('{episode,movie,"tv movie"}'::text[]))
                                                                     Rows Removed by Filter: 4
                                                                     Buffers: shared hit=1
                           ->  Index Scan using name_pkey on name n  (cost=0.43..2.32 rows=1 width=4) (actual time=0.035..0.035 rows=0 loops=287410)
                                 Index Cond: (id = ci.person_id)
                                 Filter: ((gender)::text = 'f'::text)
                                 Rows Removed by Filter: 1
                                 Buffers: shared hit=1145805 read=3835
                     ->  Index Scan using movie_id_movie_info on movie_info mi1  (cost=0.46..42.19 rows=1 width=8) (actual time=0.122..0.122 rows=1 loops=282)
                           Index Cond: (movie_id = ci.movie_id)
                           Filter: ((info_type_id = 3) AND ((info)::text = ANY ('{Action,Adventure,Comedy,Crime,Drama,Musical,Mystery,Short,Thriller,Western}'::text[])))
                           Rows Removed by Filter: 16
                           Buffers: shared hit=3072 read=419
 Planning:
   Buffers: shared hit=483 read=94
 Planning Time: 14.490 ms
 Execution Time: 12455.442 ms
(77 rows)

