                                                                                             QUERY PLAN                                                                                              
-----------------------------------------------------------------------------------------------------------------------------------------------------------------------------------------------------
 Aggregate  (cost=670491.23..670491.24 rows=1 width=8) (actual time=1225.638..1225.644 rows=1 loops=1)
   Buffers: shared hit=50967 read=46968
   ->  Nested Loop  (cost=93588.49..670490.83 rows=160 width=0) (actual time=404.314..1225.369 rows=2762 loops=1)
         Buffers: shared hit=50967 read=46968
         ->  Hash Join  (cost=93588.06..669920.23 rows=246 width=4) (actual time=404.258..1130.675 rows=2762 loops=1)
               Hash Cond: (ci.role_id = rt.id)
               Buffers: shared hit=41190 read=45697
               ->  Nested Loop  (cost=93586.89..669913.81 rows=1476 width=8) (actual time=403.316..1129.480 rows=7807 loops=1)
                     Buffers: shared hit=41189 read=45697
                     ->  Nested Loop  (cost=93586.45..665291.23 rows=103 width=12) (actual time=402.638..1040.594 rows=1284 loops=1)
                           Buffers: shared hit=33587 read=42004
                           ->  Seq Scan on info_type it2  (cost=0.00..2.41 rows=1 width=4) (actual time=0.030..0.034 rows=1 loops=1)
                                 Filter: (id = 7)
                                 Rows Removed by Filter: 112
                                 Buffers: shared hit=1
                           ->  Nested Loop  (cost=93586.45..665287.79 rows=103 width=16) (actual time=402.606..1040.394 rows=1284 loops=1)
                                 Buffers: shared hit=33586 read=42004
                                 ->  Seq Scan on info_type it1  (cost=0.00..2.41 rows=1 width=4) (actual time=0.007..0.013 rows=1 loops=1)
                                       Filter: (id = 3)
                                       Rows Removed by Filter: 112
                                       Buffers: shared hit=1
                                 ->  Nested Loop  (cost=93586.45..665284.35 rows=103 width=20) (actual time=402.597..1040.210 rows=1284 loops=1)
                                       Buffers: shared hit=33585 read=42004
                                       ->  Hash Join  (cost=93585.99..527346.03 rows=3196 width=12) (actual time=402.470..849.776 rows=2076 loops=1)
                                             Hash Cond: (mi2.movie_id = t.id)
                                             Buffers: shared hit=13115 read=34426
                                             ->  Bitmap Heap Scan on movie_info mi2  (cost=15883.71..449411.88 rows=53309 width=8) (actual time=38.001..435.714 rows=516727 loops=1)
                                                   Recheck Cond: (info_type_id = 7)
                                                   Filter: ((info)::text = ANY ('{MET:,PCS:Spherical,"PFM:16 mm","PFM:35 mm","RAT:1.37 : 1","RAT:1.66 : 1","RAT:1.85 : 1","RAT:2.35 : 1"}'::text[]))
                                                   Rows Removed by Filter: 885175
                                                   Heap Blocks: exact=10050
                                                   Buffers: shared hit=11091 read=58
                                                   ->  Bitmap Index Scan on info_type_id_movie_info  (cost=0.00..15870.39 rows=1484527 width=0) (actual time=36.724..36.725 rows=1401902 loops=1)
                                                         Index Cond: (info_type_id = 7)
                                                         Buffers: shared hit=1099
                                             ->  Hash  (cost=75807.58..75807.58 rows=151576 width=4) (actual time=363.276..363.278 rows=11843 loops=1)
                                                   Buckets: 262144  Batches: 1  Memory Usage: 2465kB
                                                   Buffers: shared hit=2024 read=34368
                                                   ->  Hash Join  (cost=1.13..75807.58 rows=151576 width=4) (actual time=0.116..360.336 rows=11843 loops=1)
                                                         Hash Cond: (t.kind_id = kt.id)
                                                         Buffers: shared hit=2024 read=34368
                                                         ->  Seq Scan on title t  (cost=0.00..74315.95 rows=353677 width=8) (actual time=0.017..339.930 rows=347589 loops=1)
                                                               Filter: ((production_year <= 1975) AND (1925 < production_year))
                                                               Rows Removed by Filter: 2180723
                                                               Buffers: shared hit=2023 read=34368
                                                         ->  Hash  (cost=1.10..1.10 rows=3 width=4) (actual time=0.010..0.011 rows=3 loops=1)
                                                               Buckets: 1024  Batches: 1  Memory Usage: 9kB
                                                               Buffers: shared hit=1
                                                               ->  Seq Scan on kind_type kt  (cost=0.00..1.10 rows=3 width=4) (actual time=0.006..0.007 rows=3 loops=1)
                                                                     Filter: ((kind)::text = ANY ('{"tv series","video game","video movie"}'::text[]))
                                                                     Rows Removed by Filter: 4
                                                                     Buffers: shared hit=1
                                       ->  Index Scan using movie_id_movie_info on movie_info mi1  (cost=0.46..43.15 rows=1 width=8) (actual time=0.090..0.091 rows=1 loops=2076)
                                             Index Cond: (movie_id = t.id)
                                             Filter: ((info_type_id = 3) AND ((info)::text = ANY ('{Action,Drama,Fantasy,Music,Romance,Sci-Fi,Short,Sport,War}'::text[])))
                                             Rows Removed by Filter: 25
                                             Buffers: shared hit=20470 read=7578
                     ->  Index Scan using movie_id_cast_info on cast_info ci  (cost=0.44..44.50 rows=38 width=12) (actual time=0.029..0.068 rows=6 loops=1284)
                           Index Cond: (movie_id = t.id)
                           Buffers: shared hit=7602 read=3693
               ->  Hash  (cost=1.15..1.15 rows=2 width=4) (actual time=0.033..0.034 rows=2 loops=1)
                     Buckets: 1024  Batches: 1  Memory Usage: 9kB
                     Buffers: shared hit=1
                     ->  Seq Scan on role_type rt  (cost=0.00..1.15 rows=2 width=4) (actual time=0.023..0.025 rows=2 loops=1)
                           Filter: ((role)::text = ANY ('{actor,actress}'::text[]))
                           Rows Removed by Filter: 10
                           Buffers: shared hit=1
         ->  Index Scan using name_pkey on name n  (cost=0.43..2.32 rows=1 width=4) (actual time=0.034..0.034 rows=1 loops=2762)
               Index Cond: (id = ci.person_id)
               Filter: ((gender)::text = ANY ('{f,m}'::text[]))
               Buffers: shared hit=9777 read=1271
 Planning:
   Buffers: shared hit=577
 Planning Time: 13.676 ms
 Execution Time: 1226.249 ms
(75 rows)

