                                                                                            QUERY PLAN                                                                                            
--------------------------------------------------------------------------------------------------------------------------------------------------------------------------------------------------
 Aggregate  (cost=750825.72..750825.73 rows=1 width=8) (actual time=1318.207..1318.213 rows=1 loops=1)
   Buffers: shared hit=18006 read=54647, temp read=1081 written=1081
   ->  Nested Loop  (cost=499096.95..750825.60 rows=46 width=0) (actual time=973.058..1318.200 rows=29 loops=1)
         Buffers: shared hit=18006 read=54647, temp read=1081 written=1081
         ->  Seq Scan on info_type it2  (cost=0.00..2.41 rows=1 width=4) (actual time=0.047..0.051 rows=1 loops=1)
               Filter: (id = 7)
               Rows Removed by Filter: 112
               Buffers: shared hit=1
         ->  Nested Loop  (cost=499096.95..750822.73 rows=46 width=4) (actual time=973.010..1318.139 rows=29 loops=1)
               Buffers: shared hit=18005 read=54647, temp read=1081 written=1081
               ->  Seq Scan on info_type it1  (cost=0.00..2.41 rows=1 width=4) (actual time=0.009..0.015 rows=1 loops=1)
                     Filter: (id = 3)
                     Rows Removed by Filter: 112
                     Buffers: shared hit=1
               ->  Nested Loop  (cost=499096.95..750819.86 rows=46 width=8) (actual time=973.000..1318.116 rows=29 loops=1)
                     Join Filter: (t.id = mi1.movie_id)
                     Buffers: shared hit=18004 read=54647, temp read=1081 written=1081
                     ->  Nested Loop  (cost=499096.51..656733.02 rows=2228 width=16) (actual time=972.906..1313.952 rows=53 loops=1)
                           Buffers: shared hit=17812 read=54180, temp read=1081 written=1081
                           ->  Hash Join  (cost=499096.08..634481.87 rows=9593 width=20) (actual time=972.870..1249.845 rows=4534 loops=1)
                                 Hash Cond: (ci.movie_id = t.id)
                                 Buffers: shared hit=2507 read=51349, temp read=1081 written=1081
                                 ->  Nested Loop  (cost=0.44..123965.00 rows=3020080 width=8) (actual time=0.131..210.891 rows=898389 loops=1)
                                       Buffers: shared hit=1223 read=5092
                                       ->  Seq Scan on role_type rt  (cost=0.00..1.15 rows=1 width=4) (actual time=0.009..0.012 rows=1 loops=1)
                                             Filter: ((role)::text = 'cinematographer'::text)
                                             Rows Removed by Filter: 11
                                             Buffers: shared hit=1
                                       ->  Index Scan using role_id_cast_info on cast_info ci  (cost=0.44..91017.52 rows=3294633 width=12) (actual time=0.120..139.505 rows=898389 loops=1)
                                             Index Cond: (role_id = rt.id)
                                             Buffers: shared hit=1222 read=5092
                                 ->  Hash  (cost=498995.25..498995.25 rows=8031 width=12) (actual time=972.551..972.556 rows=10180 loops=1)
                                       Buckets: 16384 (originally 8192)  Batches: 1 (originally 1)  Memory Usage: 566kB
                                       Buffers: shared hit=1284 read=46257, temp read=1081 written=1081
                                       ->  Hash Join  (cost=108027.26..498995.25 rows=8031 width=12) (actual time=583.310..970.686 rows=10180 loops=1)
                                             Hash Cond: (mi2.movie_id = t.id)
                                             Buffers: shared hit=1284 read=46257, temp read=1081 written=1081
                                             ->  Bitmap Heap Scan on movie_info mi2  (cost=15879.26..404119.90 rows=35480 width=8) (actual time=38.594..353.324 rows=342491 loops=1)
                                                   Recheck Cond: (info_type_id = 7)
                                                   Filter: ((info)::text = ANY ('{PFM:Video,"RAT:1.33 : 1","RAT:1.37 : 1","RAT:1.78 : 1","RAT:16:9 HD"}'::text[]))
                                                   Rows Removed by Filter: 1059411
                                                   Heap Blocks: exact=10050
                                                   Buffers: shared hit=1283 read=9866
                                                   ->  Bitmap Index Scan on info_type_id_movie_info  (cost=0.00..15870.39 rows=1484527 width=0) (actual time=37.327..37.327 rows=1401902 loops=1)
                                                         Index Cond: (info_type_id = 7)
                                                         Buffers: shared read=1099
                                             ->  Hash  (cost=82758.36..82758.36 rows=572291 width=4) (actual time=543.457..543.460 rows=91289 loops=1)
                                                   Buckets: 262144  Batches: 4  Memory Usage: 2850kB
                                                   Buffers: shared hit=1 read=36391, temp written=199
                                                   ->  Hash Join  (cost=1.11..82758.36 rows=572291 width=4) (actual time=0.048..528.235 rows=91289 loops=1)
                                                         Hash Cond: (t.kind_id = kt.id)
                                                         Buffers: shared hit=1 read=36391
                                                         ->  Seq Scan on title t  (cost=0.00..74315.95 rows=2003019 width=8) (actual time=0.025..416.794 rows=2004612 loops=1)
                                                               Filter: ((production_year <= 2015) AND (1975 < production_year))
                                                               Rows Removed by Filter: 523700
                                                               Buffers: shared read=36391
                                                         ->  Hash  (cost=1.09..1.09 rows=2 width=4) (actual time=0.014..0.014 rows=2 loops=1)
                                                               Buckets: 1024  Batches: 1  Memory Usage: 9kB
                                                               Buffers: shared hit=1
                                                               ->  Seq Scan on kind_type kt  (cost=0.00..1.09 rows=2 width=4) (actual time=0.007..0.008 rows=2 loops=1)
                                                                     Filter: ((kind)::text = ANY ('{"tv series","video game"}'::text[]))
                                                                     Rows Removed by Filter: 5
                                                                     Buffers: shared hit=1
                           ->  Index Scan using name_pkey on name n  (cost=0.43..2.32 rows=1 width=4) (actual time=0.014..0.014 rows=0 loops=4534)
                                 Index Cond: (id = ci.person_id)
                                 Filter: ((gender)::text = 'f'::text)
                                 Rows Removed by Filter: 1
                                 Buffers: shared hit=15305 read=2831
                     ->  Index Scan using movie_id_movie_info on movie_info mi1  (cost=0.43..42.22 rows=1 width=8) (actual time=0.076..0.078 rows=1 loops=53)
                           Index Cond: (movie_id = ci.movie_id)
                           Filter: ((info_type_id = 3) AND ((info)::text = ANY ('{Adventure,Documentary,Drama,Fantasy,Thriller}'::text[])))
                           Rows Removed by Filter: 12
                           Buffers: shared hit=192 read=467
 Planning:
   Buffers: shared hit=481 read=93
 Planning Time: 14.320 ms
 Execution Time: 1318.746 ms
(77 rows)

