                                                                                                 QUERY PLAN                                                                                                  
-------------------------------------------------------------------------------------------------------------------------------------------------------------------------------------------------------------
 Aggregate  (cost=600521.91..600521.92 rows=1 width=8) (actual time=1078.270..1078.278 rows=1 loops=1)
   Buffers: shared hit=30862 read=55008
   ->  Nested Loop  (cost=92833.33..600521.85 rows=25 width=0) (actual time=612.882..1078.271 rows=3 loops=1)
         Buffers: shared hit=30862 read=55008
         ->  Seq Scan on info_type it2  (cost=0.00..2.41 rows=1 width=4) (actual time=0.049..0.054 rows=1 loops=1)
               Filter: (id = 7)
               Rows Removed by Filter: 112
               Buffers: shared hit=1
         ->  Nested Loop  (cost=92833.33..600519.19 rows=25 width=4) (actual time=612.831..1078.214 rows=3 loops=1)
               Buffers: shared hit=30861 read=55008
               ->  Seq Scan on info_type it1  (cost=0.00..2.41 rows=1 width=4) (actual time=0.010..0.016 rows=1 loops=1)
                     Filter: (id = 3)
                     Rows Removed by Filter: 112
                     Buffers: shared hit=1
               ->  Nested Loop  (cost=92833.33..600516.52 rows=25 width=8) (actual time=612.818..1078.193 rows=3 loops=1)
                     Buffers: shared hit=30860 read=55008
                     ->  Hash Join  (cost=92832.90..600263.70 rows=109 width=12) (actual time=421.065..1072.163 rows=152 loops=1)
                           Hash Cond: (ci.role_id = rt.id)
                           Buffers: shared hit=30323 read=54937
                           ->  Nested Loop  (cost=92831.74..600257.90 rows=1304 width=16) (actual time=412.980..1070.980 rows=9565 loops=1)
                                 Buffers: shared hit=30322 read=54937
                                 ->  Nested Loop  (cost=92831.30..596088.28 rows=91 width=20) (actual time=412.944..957.322 rows=1344 loops=1)
                                       Buffers: shared hit=19495 read=52853
                                       ->  Hash Join  (cost=92830.87..466502.47 rows=2950 width=12) (actual time=412.346..738.167 rows=2363 loops=1)
                                             Hash Cond: (mi1.movie_id = t.id)
                                             Buffers: shared hit=3466 read=43901
                                             ->  Bitmap Heap Scan on movie_info mi1  (cost=16468.85..389805.54 rows=81447 width=8) (actual time=43.358..308.018 rows=768621 loops=1)
                                                   Recheck Cond: (info_type_id = 3)
                                                   Filter: ((info)::text = ANY ('{Adventure,Animation,Crime,Documentary,History,Musical,Romance,Sci-Fi,Short,Thriller}'::text[]))
                                                   Rows Removed by Filter: 765288
                                                   Heap Blocks: exact=9772
                                                   Buffers: shared hit=1378 read=9597
                                                   ->  Bitmap Index Scan on info_type_id_movie_info  (cost=0.00..16448.47 rows=1538671 width=0) (actual time=42.157..42.157 rows=1533909 loops=1)
                                                         Index Cond: (info_type_id = 3)
                                                         Buffers: shared hit=1 read=1202
                                             ->  Hash  (cost=75217.46..75217.46 rows=91564 width=4) (actual time=368.464..368.467 rows=7795 loops=1)
                                                   Buckets: 131072  Batches: 1  Memory Usage: 1299kB
                                                   Buffers: shared hit=2088 read=34304
                                                   ->  Hash Join  (cost=1.13..75217.46 rows=91564 width=4) (actual time=0.126..366.504 rows=7795 loops=1)
                                                         Hash Cond: (t.kind_id = kt.id)
                                                         Buffers: shared hit=2088 read=34304
                                                         ->  Seq Scan on title t  (cost=0.00..74315.95 rows=213650 width=8) (actual time=0.026..353.150 rows=212483 loops=1)
                                                               Filter: ((production_year <= 1970) AND (1950 < production_year))
                                                               Rows Removed by Filter: 2315829
                                                               Buffers: shared hit=2087 read=34304
                                                         ->  Hash  (cost=1.10..1.10 rows=3 width=4) (actual time=0.014..0.015 rows=3 loops=1)
                                                               Buckets: 1024  Batches: 1  Memory Usage: 9kB
                                                               Buffers: shared hit=1
                                                               ->  Seq Scan on kind_type kt  (cost=0.00..1.10 rows=3 width=4) (actual time=0.009..0.010 rows=3 loops=1)
                                                                     Filter: ((kind)::text = ANY ('{"tv series","video game","video movie"}'::text[]))
                                                                     Rows Removed by Filter: 4
                                                                     Buffers: shared hit=1
                                       ->  Index Scan using movie_id_movie_info on movie_info mi2  (cost=0.43..43.92 rows=1 width=8) (actual time=0.076..0.092 rows=1 loops=2363)
                                             Index Cond: (movie_id = t.id)
                                             Filter: ((info_type_id = 7) AND ((info)::text = ANY ('{"OFM:16 mm","OFM:35 mm",PCS:Spherical,"PFM:16 mm","PFM:35 mm","RAT:1.37 : 1","RAT:2.35 : 1"}'::text[])))
                                             Rows Removed by Filter: 15
                                             Buffers: shared hit=16029 read=8952
                                 ->  Index Scan using movie_id_cast_info on cast_info ci  (cost=0.44..45.44 rows=38 width=12) (actual time=0.034..0.083 rows=7 loops=1344)
                                       Index Cond: (movie_id = t.id)
                                       Buffers: shared hit=10827 read=2084
                           ->  Hash  (cost=1.15..1.15 rows=1 width=4) (actual time=0.018..0.019 rows=1 loops=1)
                                 Buckets: 1024  Batches: 1  Memory Usage: 9kB
                                 Buffers: shared hit=1
                                 ->  Seq Scan on role_type rt  (cost=0.00..1.15 rows=1 width=4) (actual time=0.011..0.012 rows=1 loops=1)
                                       Filter: ((role)::text = 'production designer'::text)
                                       Rows Removed by Filter: 11
                                       Buffers: shared hit=1
                     ->  Index Scan using name_pkey on name n  (cost=0.43..2.32 rows=1 width=4) (actual time=0.039..0.039 rows=0 loops=152)
                           Index Cond: (id = ci.person_id)
                           Filter: ((gender)::text = 'f'::text)
                           Rows Removed by Filter: 1
                           Buffers: shared hit=537 read=71
 Planning:
   Buffers: shared hit=576 read=1
 Planning Time: 13.900 ms
 Execution Time: 1078.853 ms
(76 rows)

