                                                                                                                           QUERY PLAN                                                                                                                           
----------------------------------------------------------------------------------------------------------------------------------------------------------------------------------------------------------------------------------------------------------------
 Aggregate  (cost=682385.33..682385.34 rows=1 width=8) (actual time=1170.457..1170.464 rows=1 loops=1)
   Buffers: shared hit=19165 read=38782, temp read=1628 written=1628
   ->  Nested Loop  (cost=233914.31..682385.23 rows=42 width=0) (actual time=1116.957..1170.457 rows=3 loops=1)
         Buffers: shared hit=19165 read=38782, temp read=1628 written=1628
         ->  Seq Scan on info_type it2  (cost=0.00..2.41 rows=1 width=4) (actual time=0.042..0.047 rows=1 loops=1)
               Filter: (id = 7)
               Rows Removed by Filter: 112
               Buffers: shared hit=1
         ->  Nested Loop  (cost=233914.31..682382.39 rows=42 width=4) (actual time=1116.912..1170.406 rows=3 loops=1)
               Buffers: shared hit=19164 read=38782, temp read=1628 written=1628
               ->  Seq Scan on info_type it1  (cost=0.00..2.41 rows=1 width=4) (actual time=0.008..0.016 rows=1 loops=1)
                     Filter: (id = 3)
                     Rows Removed by Filter: 112
                     Buffers: shared hit=1
               ->  Nested Loop  (cost=233914.31..682379.56 rows=42 width=8) (actual time=1116.902..1170.386 rows=3 loops=1)
                     Join Filter: (t.id = mi2.movie_id)
                     Buffers: shared hit=19163 read=38782, temp read=1628 written=1628
                     ->  Nested Loop  (cost=233913.87..623097.02 rows=1392 width=16) (actual time=756.443..1169.877 rows=8 loops=1)
                           Buffers: shared hit=19077 read=38761, temp read=1628 written=1628
                           ->  Hash Join  (cost=233913.44..609196.14 rows=5993 width=20) (actual time=745.772..1145.836 rows=850 loops=1)
                                 Hash Cond: (mi1.movie_id = t.id)
                                 Buffers: shared hit=16239 read=38199, temp read=1628 written=1628
                                 ->  Bitmap Heap Scan on movie_info mi1  (cost=16472.76..389809.45 rows=97090 width=8) (actual time=40.563..293.970 rows=950794 loops=1)
                                       Recheck Cond: (info_type_id = 3)
                                       Filter: ((info)::text = ANY ('{Animation,Comedy,Crime,Drama,History,Horror,Mystery,Sci-Fi,Short}'::text[]))
                                       Rows Removed by Filter: 583115
                                       Heap Blocks: exact=9772
                                       Buffers: shared hit=10975
                                       ->  Bitmap Index Scan on info_type_id_movie_info  (cost=0.00..16448.47 rows=1538671 width=0) (actual time=39.372..39.372 rows=1533909 loops=1)
                                             Index Cond: (info_type_id = 3)
                                             Buffers: shared hit=1203
                                 ->  Hash  (cost=214727.99..214727.99 rows=156055 width=12) (actual time=703.711..703.715 rows=1218 loops=1)
                                       Buckets: 262144  Batches: 2  Memory Usage: 2075kB
                                       Buffers: shared hit=5264 read=38199, temp written=2
                                       ->  Hash Join  (cost=77877.59..214727.99 rows=156055 width=12) (actual time=379.256..703.208 rows=1218 loops=1)
                                             Hash Cond: (ci.movie_id = t.id)
                                             Buffers: shared hit=5264 read=38199
                                             ->  Nested Loop  (cost=0.44..123965.00 rows=3020080 width=8) (actual time=0.119..246.131 rows=1093558 loops=1)
                                                   Buffers: shared hit=1128 read=5943
                                                   ->  Seq Scan on role_type rt  (cost=0.00..1.15 rows=1 width=4) (actual time=0.009..0.013 rows=1 loops=1)
                                                         Filter: ((role)::text = 'editor'::text)
                                                         Rows Removed by Filter: 11
                                                         Buffers: shared hit=1
                                                   ->  Index Scan using role_id_cast_info on cast_info ci  (cost=0.44..91017.52 rows=3294633 width=12) (actual time=0.108..160.522 rows=1093558 loops=1)
                                                         Index Cond: (role_id = rt.id)
                                                         Buffers: shared hit=1127 read=5943
                                             ->  Hash  (cost=76244.08..76244.08 rows=130645 width=4) (actual time=377.307..377.309 rows=11798 loops=1)
                                                   Buckets: 131072  Batches: 1  Memory Usage: 1439kB
                                                   Buffers: shared hit=4136 read=32256
                                                   ->  Hash Join  (cost=1.11..76244.08 rows=130645 width=4) (actual time=0.133..374.456 rows=11798 loops=1)
                                                         Hash Cond: (t.kind_id = kt.id)
                                                         Buffers: shared hit=4136 read=32256
                                                         ->  Seq Scan on title t  (cost=0.00..74315.95 rows=457258 width=8) (actual time=0.026..348.161 rows=451569 loops=1)
                                                               Filter: ((production_year <= 1975) AND (1875 < production_year))
                                                               Rows Removed by Filter: 2076743
                                                               Buffers: shared hit=4135 read=32256
                                                         ->  Hash  (cost=1.09..1.09 rows=2 width=4) (actual time=0.012..0.013 rows=2 loops=1)
                                                               Buckets: 1024  Batches: 1  Memory Usage: 9kB
                                                               Buffers: shared hit=1
                                                               ->  Seq Scan on kind_type kt  (cost=0.00..1.09 rows=2 width=4) (actual time=0.007..0.008 rows=2 loops=1)
                                                                     Filter: ((kind)::text = ANY ('{"tv series","video game"}'::text[]))
                                                                     Rows Removed by Filter: 5
                                                                     Buffers: shared hit=1
                           ->  Index Scan using name_pkey on name n  (cost=0.43..2.32 rows=1 width=4) (actual time=0.028..0.028 rows=0 loops=850)
                                 Index Cond: (id = ci.person_id)
                                 Filter: ((gender)::text = 'f'::text)
                                 Rows Removed by Filter: 1
                                 Buffers: shared hit=2838 read=562
                     ->  Index Scan using movie_id_movie_info on movie_info mi2  (cost=0.43..42.58 rows=1 width=8) (actual time=0.047..0.062 rows=0 loops=8)
                           Index Cond: (movie_id = ci.movie_id)
                           Filter: ((info_type_id = 7) AND ((info)::text = ANY ('{"MET:1500 m","MET:200 m","MET:23 m","MET:300 m","OFM:35 mm",PCS:Spherical,"PFM:16 mm","RAT:1.20 : 1","RAT:1.33 : 1","RAT:1.37 : 1","RAT:1.85 : 1","RAT:2.35 : 1"}'::text[])))
                           Rows Removed by Filter: 35
                           Buffers: shared hit=86 read=21
 Planning:
   Buffers: shared hit=577
 Planning Time: 13.430 ms
 Execution Time: 1170.965 ms
(77 rows)

