                                                                                                        QUERY PLAN                                                                                                         
---------------------------------------------------------------------------------------------------------------------------------------------------------------------------------------------------------------------------
 Aggregate  (cost=1017228.10..1017228.11 rows=1 width=8) (actual time=11549.007..11549.016 rows=1 loops=1)
   Buffers: shared hit=917474 read=200049, temp read=3481 written=3481
   ->  Nested Loop  (cost=538145.90..1017225.03 rows=1226 width=0) (actual time=1244.335..11544.252 rows=24919 loops=1)
         Buffers: shared hit=917474 read=200049, temp read=3481 written=3481
         ->  Seq Scan on info_type it2  (cost=0.00..2.41 rows=1 width=4) (actual time=0.035..0.042 rows=1 loops=1)
               Filter: (id = 7)
               Rows Removed by Filter: 112
               Buffers: shared hit=1
         ->  Nested Loop  (cost=538145.90..1017210.36 rows=1226 width=4) (actual time=1244.298..11539.474 rows=24919 loops=1)
               Buffers: shared hit=917473 read=200049, temp read=3481 written=3481
               ->  Seq Scan on info_type it1  (cost=0.00..2.41 rows=1 width=4) (actual time=0.009..0.018 rows=1 loops=1)
                     Filter: (id = 3)
                     Rows Removed by Filter: 112
                     Buffers: shared hit=1
               ->  Nested Loop  (cost=538145.90..1017195.69 rows=1226 width=8) (actual time=1244.287..11534.369 rows=24919 loops=1)
                     Buffers: shared hit=917472 read=200049, temp read=3481 written=3481
                     ->  Hash Join  (cost=538145.47..1010418.05 rows=2922 width=12) (actual time=1244.249..9604.913 rows=60236 loops=1)
                           Hash Cond: (ci.role_id = rt.id)
                           Buffers: shared hit=688172 read=188405, temp read=3481 written=3481
                           ->  Nested Loop  (cost=538144.30..1010354.61 rows=17530 width=16) (actual time=1244.068..9471.070 rows=764201 loops=1)
                                 Buffers: shared hit=688171 read=188405, temp read=3481 written=3481
                                 ->  Hash Join  (cost=538143.86..956912.32 rows=1223 width=20) (actual time=1244.024..2082.535 rows=23132 loops=1)
                                       Hash Cond: (mi2.movie_id = t.id)
                                       Buffers: shared hit=3972 read=54544, temp read=3481 written=3481
                                       ->  Bitmap Heap Scan on movie_info mi2  (cost=15891.98..434324.30 rows=86376 width=8) (actual time=37.765..695.828 rows=829263 loops=1)
                                             Recheck Cond: (info_type_id = 7)
                                             Filter: ((info)::text = ANY ('{"OFM:35 mm","PCS:Digital Intermediate","PFM:35 mm","RAT:1.33 : 1","RAT:1.37 : 1","RAT:1.78 : 1 / (high definition)","RAT:1.85 : 1"}'::text[]))
                                             Rows Removed by Filter: 572639
                                             Heap Blocks: exact=10050
                                             Buffers: shared hit=82 read=11067
                                             ->  Bitmap Index Scan on info_type_id_movie_info  (cost=0.00..15870.39 rows=1484527 width=0) (actual time=36.509..36.509 rows=1401902 loops=1)
                                                   Index Cond: (info_type_id = 7)
                                                   Buffers: shared read=1099
                                       ->  Hash  (cost=521804.55..521804.55 rows=35786 width=12) (actual time=1205.905..1205.910 rows=112364 loops=1)
                                             Buckets: 131072 (originally 65536)  Batches: 1 (originally 1)  Memory Usage: 5853kB
                                             Buffers: shared hit=3890 read=43477, temp read=3481 written=3481
                                             ->  Hash Join  (cost=113317.66..521804.55 rows=35786 width=12) (actual time=600.505..1186.638 rows=112364 loops=1)
                                                   Hash Cond: (mi1.movie_id = t.id)
                                                   Buffers: shared hit=3890 read=43477, temp read=3481 written=3481
                                                   ->  Bitmap Heap Scan on movie_info mi1  (cost=16474.82..420030.60 rows=105399 width=8) (actual time=37.800..404.371 rows=1012112 loops=1)
                                                         Recheck Cond: (info_type_id = 3)
                                                         Filter: ((info)::text = ANY ('{Comedy,Documentary,Drama,Family,Fantasy,Short}'::text[]))
                                                         Rows Removed by Filter: 521797
                                                         Heap Blocks: exact=9772
                                                         Buffers: shared hit=3889 read=7086
                                                         ->  Bitmap Index Scan on info_type_id_movie_info  (cost=0.00..16448.47 rows=1538671 width=0) (actual time=36.621..36.621 rows=1533909 loops=1)
                                                               Index Cond: (info_type_id = 3)
                                                               Buffers: shared hit=1 read=1202
                                                   ->  Hash  (cost=82758.38..82758.38 rows=858437 width=4) (actual time=561.633..561.636 rows=174146 loops=1)
                                                         Buckets: 262144  Batches: 8  Memory Usage: 2813kB
                                                         Buffers: shared hit=1 read=36391, temp written=443
                                                         ->  Hash Join  (cost=1.13..82758.38 rows=858437 width=4) (actual time=0.045..536.274 rows=174146 loops=1)
                                                               Hash Cond: (t.kind_id = kt.id)
                                                               Buffers: shared hit=1 read=36391
                                                               ->  Seq Scan on title t  (cost=0.00..74315.95 rows=2003019 width=8) (actual time=0.022..417.871 rows=2004612 loops=1)
                                                                     Filter: ((production_year <= 2015) AND (1975 < production_year))
                                                                     Rows Removed by Filter: 523700
                                                                     Buffers: shared read=36391
                                                               ->  Hash  (cost=1.10..1.10 rows=3 width=4) (actual time=0.013..0.014 rows=3 loops=1)
                                                                     Buckets: 1024  Batches: 1  Memory Usage: 9kB
                                                                     Buffers: shared hit=1
                                                                     ->  Seq Scan on kind_type kt  (cost=0.00..1.10 rows=3 width=4) (actual time=0.007..0.008 rows=3 loops=1)
                                                                           Filter: ((kind)::text = ANY ('{"tv movie","tv series","video game"}'::text[]))
                                                                           Rows Removed by Filter: 4
                                                                           Buffers: shared hit=1
                                 ->  Index Scan using movie_id_cast_info on cast_info ci  (cost=0.44..43.32 rows=38 width=12) (actual time=0.035..0.311 rows=33 loops=23132)
                                       Index Cond: (movie_id = t.id)
                                       Buffers: shared hit=684199 read=133861
                           ->  Hash  (cost=1.15..1.15 rows=2 width=4) (actual time=0.017..0.018 rows=2 loops=1)
                                 Buckets: 1024  Batches: 1  Memory Usage: 9kB
                                 Buffers: shared hit=1
                                 ->  Seq Scan on role_type rt  (cost=0.00..1.15 rows=2 width=4) (actual time=0.008..0.010 rows=2 loops=1)
                                       Filter: ((role)::text = ANY ('{cinematographer,writer}'::text[]))
                                       Rows Removed by Filter: 10
                                       Buffers: shared hit=1
                     ->  Index Scan using name_pkey on name n  (cost=0.43..2.32 rows=1 width=4) (actual time=0.031..0.031 rows=0 loops=60236)
                           Index Cond: (id = ci.person_id)
                           Filter: ((gender)::text = 'm'::text)
                           Rows Removed by Filter: 1
                           Buffers: shared hit=229300 read=11644
 Planning:
   Buffers: shared hit=481 read=93
 Planning Time: 12.950 ms
 Execution Time: 11549.692 ms
(84 rows)

