                                                                                                                QUERY PLAN                                                                                                                
------------------------------------------------------------------------------------------------------------------------------------------------------------------------------------------------------------------------------------------
 Aggregate  (cost=943043.62..943043.63 rows=1 width=8) (actual time=3691.271..3691.279 rows=1 loops=1)
   Buffers: shared hit=250407 read=110826, temp read=1564 written=1564
   ->  Nested Loop  (cost=101884.93..943042.71 rows=364 width=0) (actual time=507.895..3690.813 rows=1787 loops=1)
         Buffers: shared hit=250407 read=110826, temp read=1564 written=1564
         ->  Hash Join  (cost=101884.50..941746.09 rows=559 width=4) (actual time=507.831..3533.646 rows=4762 loops=1)
               Hash Cond: (ci.role_id = rt.id)
               Buffers: shared hit=234940 read=107245, temp read=1564 written=1564
               ->  Nested Loop  (cost=101883.33..941733.00 rows=3354 width=8) (actual time=507.766..3517.887 rows=111607 loops=1)
                     Buffers: shared hit=234939 read=107245, temp read=1564 written=1564
                     ->  Nested Loop  (cost=101882.89..931446.73 rows=234 width=12) (actual time=507.731..2493.768 rows=3019 loops=1)
                           Buffers: shared hit=154889 read=71227, temp read=1564 written=1564
                           ->  Seq Scan on info_type it2  (cost=0.00..2.41 rows=1 width=4) (actual time=0.023..0.032 rows=1 loops=1)
                                 Filter: (id = 7)
                                 Rows Removed by Filter: 112
                                 Buffers: shared hit=1
                           ->  Nested Loop  (cost=101882.89..931441.98 rows=234 width=16) (actual time=507.706..2493.083 rows=3019 loops=1)
                                 Buffers: shared hit=154888 read=71227, temp read=1564 written=1564
                                 ->  Seq Scan on info_type it1  (cost=0.00..2.41 rows=1 width=4) (actual time=0.007..0.018 rows=1 loops=1)
                                       Filter: (id = 3)
                                       Rows Removed by Filter: 112
                                       Buffers: shared hit=1
                                 ->  Nested Loop  (cost=101882.89..931437.23 rows=234 width=20) (actual time=507.697..2492.424 rows=3019 loops=1)
                                       Buffers: shared hit=154887 read=71227, temp read=1564 written=1564
                                       ->  Hash Join  (cost=101882.45..522958.66 rows=9562 width=12) (actual time=507.530..1071.693 rows=15451 loops=1)
                                             Hash Cond: (mi1.movie_id = t.id)
                                             Buffers: shared hit=7415 read=39952, temp read=1564 written=1564
                                             ->  Bitmap Heap Scan on movie_info mi1  (cost=16462.75..435128.08 rows=57136 width=8) (actual time=41.761..439.476 rows=544198 loops=1)
                                                   Recheck Cond: (info_type_id = 3)
                                                   Filter: ((info)::text = ANY ('{Action,Adventure,Fantasy,Mystery,Sci-Fi,Short,Thriller}'::text[]))
                                                   Rows Removed by Filter: 989711
                                                   Heap Blocks: exact=9772
                                                   Buffers: shared hit=7413 read=3562
                                                   ->  Bitmap Index Scan on info_type_id_movie_info  (cost=0.00..16448.47 rows=1538671 width=0) (actual time=40.588..40.588 rows=1533909 loops=1)
                                                         Index Cond: (info_type_id = 3)
                                                         Buffers: shared read=1203
                                             ->  Hash  (cost=78477.74..78477.74 rows=423117 width=4) (actual time=464.692..464.695 rows=75964 loops=1)
                                                   Buckets: 262144  Batches: 4  Memory Usage: 2707kB
                                                   Buffers: shared hit=2 read=36390, temp written=166
                                                   ->  Hash Join  (cost=1.13..78477.74 rows=423117 width=4) (actual time=0.047..451.903 rows=75964 loops=1)
                                                         Hash Cond: (t.kind_id = kt.id)
                                                         Buffers: shared hit=2 read=36390
                                                         ->  Seq Scan on title t  (cost=0.00..74315.95 rows=987274 width=8) (actual time=0.025..392.787 rows=989787 loops=1)
                                                               Filter: ((production_year <= 2010) AND (2000 < production_year))
                                                               Rows Removed by Filter: 1538525
                                                               Buffers: shared hit=1 read=36390
                                                         ->  Hash  (cost=1.10..1.10 rows=3 width=4) (actual time=0.013..0.014 rows=3 loops=1)
                                                               Buckets: 1024  Batches: 1  Memory Usage: 9kB
                                                               Buffers: shared hit=1
                                                               ->  Seq Scan on kind_type kt  (cost=0.00..1.10 rows=3 width=4) (actual time=0.007..0.009 rows=3 loops=1)
                                                                     Filter: ((kind)::text = ANY ('{"tv movie","tv series","video game"}'::text[]))
                                                                     Rows Removed by Filter: 4
                                                                     Buffers: shared hit=1
                                       ->  Index Scan using movie_id_movie_info on movie_info mi2  (cost=0.43..42.71 rows=1 width=8) (actual time=0.079..0.092 rows=0 loops=15451)
                                             Index Cond: (movie_id = t.id)
                                             Filter: ((info_type_id = 7) AND ((info)::text = ANY ('{PCS:DV,"PCS:Digital Intermediate","PCS:Super 35","PFM:35 mm","RAT:1.33 : 1","RAT:1.78 : 1","RAT:1.85 : 1","RAT:2.35 : 1"}'::text[])))
                                             Rows Removed by Filter: 18
                                             Buffers: shared hit=147472 read=31275
                     ->  Index Scan using movie_id_cast_info on cast_info ci  (cost=0.44..43.58 rows=38 width=12) (actual time=0.035..0.331 rows=37 loops=3019)
                           Index Cond: (movie_id = t.id)
                           Buffers: shared hit=80050 read=36018
               ->  Hash  (cost=1.15..1.15 rows=2 width=4) (actual time=0.031..0.032 rows=2 loops=1)
                     Buckets: 1024  Batches: 1  Memory Usage: 9kB
                     Buffers: shared hit=1
                     ->  Seq Scan on role_type rt  (cost=0.00..1.15 rows=2 width=4) (actual time=0.022..0.023 rows=2 loops=1)
                           Filter: ((role)::text = ANY ('{director,editor}'::text[]))
                           Rows Removed by Filter: 10
                           Buffers: shared hit=1
         ->  Index Scan using name_pkey on name n  (cost=0.43..2.32 rows=1 width=4) (actual time=0.032..0.032 rows=0 loops=4762)
               Index Cond: (id = ci.person_id)
               Filter: ((gender)::text = ANY ('{f,m}'::text[]))
               Rows Removed by Filter: 1
               Buffers: shared hit=15467 read=3581
 Planning:
   Buffers: shared hit=519 read=55
 Planning Time: 13.424 ms
 Execution Time: 3691.773 ms
(76 rows)

