                                                                                                                           QUERY PLAN                                                                                                                           
----------------------------------------------------------------------------------------------------------------------------------------------------------------------------------------------------------------------------------------------------------------
 Aggregate  (cost=1023890.05..1023890.06 rows=1 width=8) (actual time=32215.832..32215.841 rows=1 loops=1)
   Buffers: shared hit=3066804 read=184071, temp read=8991 written=8604
   ->  Nested Loop  (cost=913284.25..1023888.89 rows=466 width=0) (actual time=1223.736..32212.122 rows=11381 loops=1)
         Buffers: shared hit=3066804 read=184071, temp read=8991 written=8604
         ->  Seq Scan on info_type it2  (cost=0.00..2.41 rows=1 width=4) (actual time=0.049..0.061 rows=1 loops=1)
               Filter: (id = 7)
               Rows Removed by Filter: 112
               Buffers: shared hit=1
         ->  Nested Loop  (cost=913284.25..1023881.81 rows=466 width=4) (actual time=1223.685..32208.952 rows=11381 loops=1)
               Buffers: shared hit=3066803 read=184071, temp read=8991 written=8604
               ->  Seq Scan on info_type it1  (cost=0.00..2.41 rows=1 width=4) (actual time=0.013..0.028 rows=1 loops=1)
                     Filter: (id = 3)
                     Rows Removed by Filter: 112
                     Buffers: shared hit=1
               ->  Nested Loop  (cost=913284.25..1023874.74 rows=466 width=8) (actual time=1223.671..32205.730 rows=11381 loops=1)
                     Buffers: shared hit=3066802 read=184071, temp read=8991 written=8604
                     ->  Hash Join  (cost=913283.82..1021297.76 rows=1111 width=12) (actual time=1223.636..31407.046 rows=21542 loops=1)
                           Hash Cond: (ci.role_id = rt.id)
                           Buffers: shared hit=2985189 read=179516, temp read=8991 written=8604
                           ->  Nested Loop  (cost=913282.66..1021249.24 rows=13331 width=16) (actual time=1223.578..31209.160 rows=982325 loops=1)
                                 Buffers: shared hit=2985188 read=179516, temp read=8991 written=8604
                                 ->  Nested Loop  (cost=913282.22..980610.38 rows=930 width=20) (actual time=1223.546..20919.652 rows=29336 loops=1)
                                       Buffers: shared hit=2078099 read=38065, temp read=8991 written=8604
                                       ->  Nested Loop  (cost=913282.08..980557.41 rows=2169 width=24) (actual time=1223.531..20774.321 rows=193560 loops=1)
                                             Join Filter: (t.id = mi1.movie_id)
                                             Buffers: shared hit=2078087 read=38065, temp read=8991 written=8604
                                             ->  Merge Join  (cost=913281.65..914316.04 rows=20137 width=16) (actual time=1223.485..1944.841 rows=523507 loops=1)
                                                   Merge Cond: (mi1.movie_id = mi2.movie_id)
                                                   Buffers: shared hit=10077 read=12047, temp read=8991 written=8604
                                                   ->  Sort  (cost=456681.92..456879.77 rows=79139 width=8) (actual time=624.302..762.543 rows=756045 loops=1)
                                                         Sort Key: mi1.movie_id
                                                         Sort Method: external sort  Disk: 16344kB
                                                         Buffers: shared hit=8262 read=2713, temp read=4078 written=4088
                                                         ->  Bitmap Heap Scan on movie_info mi1  (cost=16468.25..450243.13 rows=79139 width=8) (actual time=41.930..436.840 rows=756059 loops=1)
                                                               Recheck Cond: (info_type_id = 3)
                                                               Filter: ((info)::text = ANY ('{Action,Adventure,Comedy,Documentary,Drama,Family,Music,Sci-Fi}'::text[]))
                                                               Rows Removed by Filter: 777850
                                                               Heap Blocks: exact=9772
                                                               Buffers: shared hit=8262 read=2713
                                                               ->  Bitmap Index Scan on info_type_id_movie_info  (cost=0.00..16448.47 rows=1538671 width=0) (actual time=40.724..40.724 rows=1533909 loops=1)
                                                                     Index Cond: (info_type_id = 3)
                                                                     Buffers: shared read=1203
                                                   ->  Sort  (cost=456599.73..456818.39 rows=87465 width=8) (actual time=599.172..782.914 rows=919098 loops=1)
                                                         Sort Key: mi2.movie_id
                                                         Sort Method: external sort  Disk: 18056kB
                                                         Buffers: shared hit=1815 read=9334, temp read=4709 written=4516
                                                         ->  Bitmap Heap Scan on movie_info mi2  (cost=15892.25..449420.42 rows=87465 width=8) (actual time=32.612..397.502 rows=835385 loops=1)
                                                               Recheck Cond: (info_type_id = 7)
                                                               Filter: ((info)::text = ANY ('{"CAM:Panavision Cameras and Lenses","OFM:35 mm",OFM:Video,"PFM:35 mm","RAT:1.33 : 1","RAT:1.78 : 1 / (high definition)","RAT:1.85 : 1","RAT:2.35 : 1"}'::text[]))
                                                               Rows Removed by Filter: 566517
                                                               Heap Blocks: exact=10050
                                                               Buffers: shared hit=1815 read=9334
                                                               ->  Bitmap Index Scan on info_type_id_movie_info  (cost=0.00..15870.39 rows=1484527 width=0) (actual time=31.368..31.368 rows=1401902 loops=1)
                                                                     Index Cond: (info_type_id = 7)
                                                                     Buffers: shared hit=1 read=1098
                                             ->  Index Scan using title_pkey on title t  (cost=0.43..3.28 rows=1 width=8) (actual time=0.035..0.035 rows=0 loops=523507)
                                                   Index Cond: (id = mi2.movie_id)
                                                   Filter: ((production_year <= 2015) AND (1975 < production_year))
                                                   Rows Removed by Filter: 1
                                                   Buffers: shared hit=2068010 read=26018
                                       ->  Memoize  (cost=0.14..0.16 rows=1 width=4) (actual time=0.000..0.000 rows=0 loops=193560)
                                             Cache Key: t.kind_id
                                             Cache Mode: logical
                                             Hits: 193554  Misses: 6  Evictions: 0  Overflows: 0  Memory Usage: 1kB
                                             Buffers: shared hit=12
                                             ->  Index Scan using kind_type_pkey on kind_type kt  (cost=0.13..0.15 rows=1 width=4) (actual time=0.010..0.010 rows=0 loops=6)
                                                   Index Cond: (id = t.kind_id)
                                                   Filter: ((kind)::text = ANY ('{"tv movie","tv series","video game"}'::text[]))
                                                   Rows Removed by Filter: 0
                                                   Buffers: shared hit=12
                                 ->  Index Scan using movie_id_cast_info on cast_info ci  (cost=0.44..43.32 rows=38 width=12) (actual time=0.037..0.340 rows=33 loops=29336)
                                       Index Cond: (movie_id = t.id)
                                       Buffers: shared hit=907089 read=141451
                           ->  Hash  (cost=1.15..1.15 rows=1 width=4) (actual time=0.023..0.024 rows=1 loops=1)
                                 Buckets: 1024  Batches: 1  Memory Usage: 9kB
                                 Buffers: shared hit=1
                                 ->  Seq Scan on role_type rt  (cost=0.00..1.15 rows=1 width=4) (actual time=0.010..0.012 rows=1 loops=1)
                                       Filter: ((role)::text = 'composer'::text)
                                       Rows Removed by Filter: 11
                                       Buffers: shared hit=1
                     ->  Index Scan using name_pkey on name n  (cost=0.43..2.32 rows=1 width=4) (actual time=0.036..0.036 rows=1 loops=21542)
                           Index Cond: (id = ci.person_id)
                           Filter: ((gender)::text = 'm'::text)
                           Rows Removed by Filter: 0
                           Buffers: shared hit=81613 read=4555
 Planning:
   Buffers: shared hit=503 read=71
 Planning Time: 13.590 ms
 Execution Time: 32230.159 ms
(89 rows)

