                                                                                                                                QUERY PLAN                                                                                                                                 
---------------------------------------------------------------------------------------------------------------------------------------------------------------------------------------------------------------------------------------------------------------------------
 Aggregate  (cost=762966.96..762966.97 rows=1 width=8) (actual time=66763.149..66763.157 rows=1 loops=1)
   Buffers: shared hit=5989940 read=927997
   ->  Nested Loop  (cost=15877.41..762966.71 rows=97 width=0) (actual time=597.580..66756.496 rows=14802 loops=1)
         Buffers: shared hit=5989940 read=927997
         ->  Seq Scan on info_type it2  (cost=0.00..2.41 rows=1 width=4) (actual time=0.048..0.058 rows=1 loops=1)
               Filter: (id = 7)
               Rows Removed by Filter: 112
               Buffers: shared hit=1
         ->  Nested Loop  (cost=15877.41..762963.33 rows=97 width=4) (actual time=597.530..66752.239 rows=14802 loops=1)
               Buffers: shared hit=5989939 read=927997
               ->  Seq Scan on info_type it1  (cost=0.00..2.41 rows=1 width=4) (actual time=0.009..0.020 rows=1 loops=1)
                     Filter: (id = 3)
                     Rows Removed by Filter: 112
                     Buffers: shared hit=1
               ->  Nested Loop  (cost=15877.41..762959.95 rows=97 width=8) (actual time=597.518..66747.858 rows=14802 loops=1)
                     Buffers: shared hit=5989938 read=927997
                     ->  Hash Join  (cost=15876.98..761990.39 rows=418 width=12) (actual time=188.333..63387.932 rows=95300 loops=1)
                           Hash Cond: (ci.role_id = rt.id)
                           Buffers: shared hit=5634298 read=902437
                           ->  Nested Loop  (cost=15875.80..761980.31 rows=2508 width=16) (actual time=91.245..62612.996 rows=4335596 loops=1)
                                 Buffers: shared hit=5634297 read=902437
                                 ->  Nested Loop  (cost=15875.36..754339.86 rows=175 width=20) (actual time=91.191..19135.393 rows=110353 loops=1)
                                       Buffers: shared hit=1791251 read=193493
                                       ->  Hash Join  (cost=15874.93..553223.05 rows=4736 width=12) (actual time=40.552..5341.482 rows=110034 loops=1)
                                             Hash Cond: (t.kind_id = kt.id)
                                             Buffers: shared hit=426878 read=42432
                                             ->  Nested Loop  (cost=15873.79..553175.34 rows=11051 width=16) (actual time=40.482..5285.918 rows=118159 loops=1)
                                                   Buffers: shared hit=426877 read=42432
                                                   ->  Bitmap Heap Scan on movie_info mi2  (cost=15873.35..479593.20 rows=11856 width=8) (actual time=40.446..1040.256 rows=123859 loops=1)
                                                         Recheck Cond: (info_type_id = 7)
                                                         Filter: ((info)::text = ANY ('{"CAM:Arriflex Cameras and Lenses",MET:,"OFM:Super 16",PCS:(anamorphic),"PCS:Digital Intermediate",PFM:Video,"RAT:1.20 : 1","RAT:1.85 : 1","RAT:16:9 HD","RAT:2.35 : 1"}'::text[]))
                                                         Rows Removed by Filter: 1278043
                                                         Heap Blocks: exact=10050
                                                         Buffers: shared hit=415 read=10734
                                                         ->  Bitmap Index Scan on info_type_id_movie_info  (cost=0.00..15870.39 rows=1484527 width=0) (actual time=39.096..39.097 rows=1401902 loops=1)
                                                               Index Cond: (info_type_id = 7)
                                                               Buffers: shared read=1099
                                                   ->  Memoize  (cost=0.44..6.29 rows=1 width=8) (actual time=0.034..0.034 rows=1 loops=123859)
                                                         Cache Key: mi2.movie_id
                                                         Cache Mode: logical
                                                         Hits: 9319  Misses: 114540  Evictions: 35043  Overflows: 0  Memory Usage: 8193kB
                                                         Buffers: shared hit=426462 read=31698
                                                         ->  Index Scan using title_pkey on title t  (cost=0.43..6.28 rows=1 width=8) (actual time=0.035..0.035 rows=1 loops=114540)
                                                               Index Cond: (id = mi2.movie_id)
                                                               Filter: ((production_year <= 2015) AND (1925 < production_year))
                                                               Rows Removed by Filter: 0
                                                               Buffers: shared hit=426462 read=31698
                                             ->  Hash  (cost=1.10..1.10 rows=3 width=4) (actual time=0.018..0.018 rows=3 loops=1)
                                                   Buckets: 1024  Batches: 1  Memory Usage: 9kB
                                                   Buffers: shared hit=1
                                                   ->  Seq Scan on kind_type kt  (cost=0.00..1.10 rows=3 width=4) (actual time=0.009..0.011 rows=3 loops=1)
                                                         Filter: ((kind)::text = ANY ('{episode,movie,"video movie"}'::text[]))
                                                         Rows Removed by Filter: 4
                                                         Buffers: shared hit=1
                                       ->  Index Scan using movie_id_movie_info on movie_info mi1  (cost=0.43..42.46 rows=1 width=8) (actual time=0.124..0.125 rows=1 loops=110034)
                                             Index Cond: (movie_id = t.id)
                                             Filter: ((info_type_id = 3) AND ((info)::text = ANY ('{Action,Comedy,Drama,Romance,Short,War,Western}'::text[])))
                                             Rows Removed by Filter: 30
                                             Buffers: shared hit=1364373 read=151061
                                 ->  Index Scan using movie_id_cast_info on cast_info ci  (cost=0.44..43.28 rows=38 width=12) (actual time=0.035..0.382 rows=39 loops=110353)
                                       Index Cond: (movie_id = t.id)
                                       Buffers: shared hit=3843046 read=708944
                           ->  Hash  (cost=1.15..1.15 rows=2 width=4) (actual time=0.024..0.025 rows=2 loops=1)
                                 Buckets: 1024  Batches: 1  Memory Usage: 9kB
                                 Buffers: shared hit=1
                                 ->  Seq Scan on role_type rt  (cost=0.00..1.15 rows=2 width=4) (actual time=0.014..0.015 rows=2 loops=1)
                                       Filter: ((role)::text = ANY ('{"costume designer","production designer"}'::text[]))
                                       Rows Removed by Filter: 10
                                       Buffers: shared hit=1
                     ->  Index Scan using name_pkey on name n  (cost=0.43..2.32 rows=1 width=4) (actual time=0.035..0.035 rows=0 loops=95300)
                           Index Cond: (id = ci.person_id)
                           Filter: ((gender)::text = 'f'::text)
                           Rows Removed by Filter: 1
                           Buffers: shared hit=355640 read=25560
 Planning:
   Buffers: shared hit=488 read=86
 Planning Time: 14.296 ms
 Execution Time: 66765.668 ms
(78 rows)

