                                                                                                                                                       QUERY PLAN                                                                                                                                                        
-------------------------------------------------------------------------------------------------------------------------------------------------------------------------------------------------------------------------------------------------------------------------------------------------------------------------
 Aggregate  (cost=1000110.00..1000110.01 rows=1 width=8) (actual time=80196.011..80196.019 rows=1 loops=1)
   Buffers: shared hit=7521152 read=685994, temp read=7210 written=6614
   ->  Nested Loop  (cost=954970.86..1000109.42 rows=229 width=0) (actual time=1286.780..80192.801 rows=6853 loops=1)
         Buffers: shared hit=7521152 read=685994, temp read=7210 written=6614
         ->  Seq Scan on info_type it2  (cost=0.00..2.41 rows=1 width=4) (actual time=0.049..0.059 rows=1 loops=1)
               Filter: (id = 7)
               Rows Removed by Filter: 112
               Buffers: shared hit=1
         ->  Nested Loop  (cost=954970.86..1000104.72 rows=229 width=4) (actual time=1286.730..80190.659 rows=6853 loops=1)
               Buffers: shared hit=7521151 read=685994, temp read=7210 written=6614
               ->  Seq Scan on info_type it1  (cost=0.00..2.41 rows=1 width=4) (actual time=0.012..0.024 rows=1 loops=1)
                     Filter: (id = 3)
                     Rows Removed by Filter: 112
                     Buffers: shared hit=1
               ->  Nested Loop  (cost=954970.86..1000100.02 rows=229 width=8) (actual time=1286.716..80188.352 rows=6853 loops=1)
                     Buffers: shared hit=7521150 read=685994, temp read=7210 written=6614
                     ->  Hash Join  (cost=954970.43..997817.61 rows=984 width=12) (actual time=1259.994..69774.999 rows=283592 loops=1)
                           Hash Cond: (ci.role_id = rt.id)
                           Buffers: shared hit=6446114 read=626662, temp read=7210 written=6614
                           ->  Nested Loop  (cost=954969.25..997795.46 rows=5906 width=16) (actual time=1259.846..68702.958 rows=5410130 loops=1)
                                 Buffers: shared hit=6446113 read=626662, temp read=7210 written=6614
                                 ->  Nested Loop  (cost=954968.81..979807.68 rows=412 width=20) (actual time=1259.817..13240.590 rows=161141 loops=1)
                                       Buffers: shared hit=1263452 read=42424, temp read=7210 written=6614
                                       ->  Nested Loop  (cost=954968.67..979783.59 rows=962 width=24) (actual time=1259.664..13077.466 rows=173835 loops=1)
                                             Buffers: shared hit=1263440 read=42424, temp read=7210 written=6614
                                             ->  Merge Join  (cost=954968.24..955664.46 rows=7595 width=16) (actual time=1259.619..1847.971 rows=320935 loops=1)
                                                   Merge Cond: (mi1.movie_id = mi2.movie_id)
                                                   Buffers: shared hit=1541 read=20583, temp read=7210 written=6614
                                                   ->  Sort  (cost=458299.39..458542.37 rows=97193 width=8) (actual time=689.536..858.320 rows=950451 loops=1)
                                                         Sort Key: mi1.movie_id
                                                         Sort Method: external sort  Disk: 20544kB
                                                         Buffers: shared hit=1261 read=9714, temp read=5126 written=5139
                                                         ->  Bitmap Heap Scan on movie_info mi1  (cost=16472.77..450247.64 rows=97193 width=8) (actual time=42.754..455.064 rows=950454 loops=1)
                                                               Recheck Cond: (info_type_id = 3)
                                                               Filter: ((info)::text = ANY ('{Action,Comedy,Drama,Fantasy,History,Horror,Romance,Short}'::text[]))
                                                               Rows Removed by Filter: 583455
                                                               Heap Blocks: exact=9772
                                                               Buffers: shared hit=1261 read=9714
                                                               ->  Bitmap Index Scan on info_type_id_movie_info  (cost=0.00..16448.47 rows=1538671 width=0) (actual time=41.559..41.559 rows=1533909 loops=1)
                                                                     Index Cond: (info_type_id = 3)
                                                                     Buffers: shared read=1203
                                                   ->  Sort  (cost=496668.85..496736.01 rows=26861 width=8) (actual time=570.073..672.034 rows=388513 loops=1)
                                                         Sort Key: mi2.movie_id
                                                         Sort Method: external sort  Disk: 5896kB
                                                         Buffers: shared hit=280 read=10869, temp read=1778 written=1475
                                                         ->  Bitmap Heap Scan on movie_info mi2  (cost=15877.10..494692.80 rows=26861 width=8) (actual time=33.370..499.339 rows=272855 loops=1)
                                                               Recheck Cond: (info_type_id = 7)
                                                               Filter: ((info)::text = ANY ('{"CAM:Red One Camera","LAB:Consolidated Film Industries (CFI), Hollywood (CA), USA",LAB:Technicolor,"MET:300 m","OFM:16 mm",OFM:Video,PCS:Panavision,PCS:Spherical,"PCS:Super 35","RAT:1.37 : 1","RAT:1.78 : 1"}'::text[]))
                                                               Rows Removed by Filter: 1129047
                                                               Heap Blocks: exact=10050
                                                               Buffers: shared hit=280 read=10869
                                                               ->  Bitmap Index Scan on info_type_id_movie_info  (cost=0.00..15870.39 rows=1484527 width=0) (actual time=32.132..32.132 rows=1401902 loops=1)
                                                                     Index Cond: (info_type_id = 7)
                                                                     Buffers: shared hit=1 read=1098
                                             ->  Index Scan using title_pkey on title t  (cost=0.43..3.18 rows=1 width=8) (actual time=0.034..0.034 rows=1 loops=320935)
                                                   Index Cond: (id = mi1.movie_id)
                                                   Filter: ((production_year <= 2015) AND (1925 < production_year))
                                                   Rows Removed by Filter: 0
                                                   Buffers: shared hit=1261899 read=21841
                                       ->  Memoize  (cost=0.14..0.16 rows=1 width=4) (actual time=0.000..0.000 rows=1 loops=173835)
                                             Cache Key: t.kind_id
                                             Cache Mode: logical
                                             Hits: 173829  Misses: 6  Evictions: 0  Overflows: 0  Memory Usage: 1kB
                                             Buffers: shared hit=12
                                             ->  Index Scan using kind_type_pkey on kind_type kt  (cost=0.13..0.15 rows=1 width=4) (actual time=0.010..0.010 rows=0 loops=6)
                                                   Index Cond: (id = t.kind_id)
                                                   Filter: ((kind)::text = ANY ('{episode,movie,"video movie"}'::text[]))
                                                   Rows Removed by Filter: 0
                                                   Buffers: shared hit=12
                                 ->  Index Scan using movie_id_cast_info on cast_info ci  (cost=0.44..43.28 rows=38 width=12) (actual time=0.036..0.334 rows=34 loops=161141)
                                       Index Cond: (movie_id = t.id)
                                       Buffers: shared hit=5182661 read=584238
                           ->  Hash  (cost=1.15..1.15 rows=2 width=4) (actual time=0.022..0.023 rows=2 loops=1)
                                 Buckets: 1024  Batches: 1  Memory Usage: 9kB
                                 Buffers: shared hit=1
                                 ->  Seq Scan on role_type rt  (cost=0.00..1.15 rows=2 width=4) (actual time=0.011..0.013 rows=2 loops=1)
                                       Filter: ((role)::text = ANY ('{cinematographer,editor}'::text[]))
                                       Rows Removed by Filter: 10
                                       Buffers: shared hit=1
                     ->  Index Scan using name_pkey on name n  (cost=0.43..2.32 rows=1 width=4) (actual time=0.036..0.036 rows=0 loops=283592)
                           Index Cond: (id = ci.person_id)
                           Filter: ((gender)::text = 'f'::text)
                           Rows Removed by Filter: 1
                           Buffers: shared hit=1075036 read=59332
 Planning:
   Buffers: shared hit=483 read=91
 Planning Time: 13.845 ms
 Execution Time: 80204.266 ms
(88 rows)

