                                                                                               QUERY PLAN                                                                                               
--------------------------------------------------------------------------------------------------------------------------------------------------------------------------------------------------------
 Aggregate  (cost=360451.43..360451.44 rows=1 width=8) (actual time=542.133..542.138 rows=1 loops=1)
   Buffers: shared hit=24827 read=27653
   ->  Nested Loop  (cost=15874.45..360451.43 rows=1 width=0) (actual time=40.365..541.979 rows=1588 loops=1)
         Buffers: shared hit=24827 read=27653
         ->  Hash Join  (cost=15874.02..360446.79 rows=2 width=4) (actual time=40.322..495.744 rows=1718 loops=1)
               Hash Cond: (ci.role_id = rt.id)
               Buffers: shared hit=20524 read=25084
               ->  Nested Loop  (cost=15872.85..360445.57 rows=14 width=8) (actual time=38.305..494.672 rows=8521 loops=1)
                     Buffers: shared hit=20523 read=25084
                     ->  Nested Loop  (cost=15872.41..360401.83 rows=1 width=12) (actual time=37.769..420.979 rows=278 loops=1)
                           Buffers: shared hit=17195 read=19271
                           ->  Nested Loop  (cost=15872.41..360399.41 rows=1 width=16) (actual time=37.764..418.558 rows=278 loops=1)
                                 Buffers: shared hit=16917 read=19271
                                 ->  Nested Loop  (cost=15872.41..360396.99 rows=1 width=20) (actual time=37.744..415.090 rows=278 loops=1)
                                       Buffers: shared hit=16639 read=19271
                                       ->  Hash Join  (cost=15871.97..359467.25 rows=22 width=12) (actual time=37.620..375.174 rows=366 loops=1)
                                             Hash Cond: (t.kind_id = kt.id)
                                             Buffers: shared hit=14281 read=16197
                                             ->  Nested Loop  (cost=15870.84..359465.91 rows=52 width=16) (actual time=37.580..374.543 rows=4707 loops=1)
                                                   Buffers: shared hit=14280 read=16197
                                                   ->  Bitmap Heap Scan on movie_info mi2  (cost=15870.41..358823.52 rows=76 width=8) (actual time=37.548..272.564 rows=4832 loops=1)
                                                         Recheck Cond: (info_type_id = 7)
                                                         Filter: ((info)::text = ANY ('{"LAB:FotoKem Laboratory, Burbank (CA), USA",OFM:Digital}'::text[]))
                                                         Rows Removed by Filter: 1397070
                                                         Heap Blocks: exact=10050
                                                         Buffers: shared hit=1510 read=9639
                                                         ->  Bitmap Index Scan on info_type_id_movie_info  (cost=0.00..15870.39 rows=1484527 width=0) (actual time=36.043..36.043 rows=1401902 loops=1)
                                                               Index Cond: (info_type_id = 7)
                                                               Buffers: shared read=1099
                                                   ->  Index Scan using title_pkey on title t  (cost=0.43..8.45 rows=1 width=8) (actual time=0.021..0.021 rows=1 loops=4832)
                                                         Index Cond: (id = mi2.movie_id)
                                                         Filter: ((production_year <= 2015) AND (1990 < production_year))
                                                         Rows Removed by Filter: 0
                                                         Buffers: shared hit=12770 read=6558
                                             ->  Hash  (cost=1.10..1.10 rows=3 width=4) (actual time=0.017..0.018 rows=3 loops=1)
                                                   Buckets: 1024  Batches: 1  Memory Usage: 9kB
                                                   Buffers: shared hit=1
                                                   ->  Seq Scan on kind_type kt  (cost=0.00..1.10 rows=3 width=4) (actual time=0.007..0.009 rows=3 loops=1)
                                                         Filter: ((kind)::text = ANY ('{"tv movie","tv series","video game"}'::text[]))
                                                         Rows Removed by Filter: 4
                                                         Buffers: shared hit=1
                                       ->  Index Scan using movie_id_movie_info on movie_info mi1  (cost=0.43..42.25 rows=1 width=8) (actual time=0.107..0.109 rows=1 loops=366)
                                             Index Cond: (movie_id = t.id)
                                             Filter: (((info)::text = ANY ('{Comedy,Drama}'::text[])) AND (info_type_id = 3))
                                             Rows Removed by Filter: 32
                                             Buffers: shared hit=2358 read=3074
                                 ->  Seq Scan on info_type it1  (cost=0.00..2.41 rows=1 width=4) (actual time=0.007..0.011 rows=1 loops=278)
                                       Filter: (id = 3)
                                       Rows Removed by Filter: 112
                                       Buffers: shared hit=278
                           ->  Seq Scan on info_type it2  (cost=0.00..2.41 rows=1 width=4) (actual time=0.004..0.008 rows=1 loops=278)
                                 Filter: (id = 7)
                                 Rows Removed by Filter: 112
                                 Buffers: shared hit=278
                     ->  Index Scan using movie_id_cast_info on cast_info ci  (cost=0.44..43.36 rows=38 width=12) (actual time=0.028..0.260 rows=31 loops=278)
                           Index Cond: (movie_id = t.id)
                           Buffers: shared hit=3328 read=5813
               ->  Hash  (cost=1.15..1.15 rows=2 width=4) (actual time=0.035..0.036 rows=2 loops=1)
                     Buckets: 1024  Batches: 1  Memory Usage: 9kB
                     Buffers: shared hit=1
                     ->  Seq Scan on role_type rt  (cost=0.00..1.15 rows=2 width=4) (actual time=0.024..0.027 rows=2 loops=1)
                           Filter: ((role)::text = ANY ('{actress,director}'::text[]))
                           Rows Removed by Filter: 10
                           Buffers: shared hit=1
         ->  Index Scan using name_pkey on name n  (cost=0.43..2.32 rows=1 width=4) (actual time=0.027..0.027 rows=1 loops=1718)
               Index Cond: (id = ci.person_id)
               Filter: ((gender)::text = ANY ('{f,m}'::text[]))
               Rows Removed by Filter: 0
               Buffers: shared hit=4303 read=2569
 Planning:
   Buffers: shared hit=482 read=92
 Planning Time: 10.238 ms
 Execution Time: 542.620 ms
(73 rows)

