                                                                                                                         QUERY PLAN                                                                                                                         
------------------------------------------------------------------------------------------------------------------------------------------------------------------------------------------------------------------------------------------------------------
 Aggregate  (cost=923987.22..923987.23 rows=1 width=8) (actual time=1472.893..1472.900 rows=1 loops=1)
   Buffers: shared hit=44879 read=47141, temp read=1658 written=1658
   ->  Nested Loop  (cost=552488.40..923986.80 rows=169 width=0) (actual time=1029.559..1472.750 rows=1867 loops=1)
         Buffers: shared hit=44879 read=47141, temp read=1658 written=1658
         ->  Seq Scan on info_type it2  (cost=0.00..2.41 rows=1 width=4) (actual time=0.044..0.049 rows=1 loops=1)
               Filter: (id = 7)
               Rows Removed by Filter: 112
               Buffers: shared hit=1
         ->  Nested Loop  (cost=552488.40..923982.70 rows=169 width=4) (actual time=1029.514..1472.532 rows=1867 loops=1)
               Buffers: shared hit=44878 read=47141, temp read=1658 written=1658
               ->  Seq Scan on info_type it1  (cost=0.00..2.41 rows=1 width=4) (actual time=0.009..0.015 rows=1 loops=1)
                     Filter: (id = 3)
                     Rows Removed by Filter: 112
                     Buffers: shared hit=1
               ->  Nested Loop  (cost=552488.40..923978.59 rows=169 width=8) (actual time=1029.503..1472.338 rows=1867 loops=1)
                     Join Filter: (t.id = mi1.movie_id)
                     Buffers: shared hit=44877 read=47141, temp read=1658 written=1658
                     ->  Nested Loop  (cost=552487.94..715242.41 rows=4946 width=16) (actual time=1029.422..1349.545 rows=1552 loops=1)
                           Buffers: shared hit=31038 read=39131, temp read=1658 written=1658
                           ->  Hash Join  (cost=552487.51..687895.27 rows=11790 width=20) (actual time=1028.673..1268.613 rows=4384 loops=1)
                                 Hash Cond: (ci.movie_id = t.id)
                                 Buffers: shared hit=16508 read=36125, temp read=1658 written=1658
                                 ->  Nested Loop  (cost=0.44..123965.00 rows=3020080 width=8) (actual time=0.184..182.024 rows=773674 loops=1)
                                       Buffers: shared hit=1126 read=3966
                                       ->  Seq Scan on role_type rt  (cost=0.00..1.15 rows=1 width=4) (actual time=0.009..0.011 rows=1 loops=1)
                                             Filter: ((role)::text = 'composer'::text)
                                             Rows Removed by Filter: 11
                                             Buffers: shared hit=1
                                       ->  Index Scan using role_id_cast_info on cast_info ci  (cost=0.44..91017.52 rows=3294633 width=12) (actual time=0.169..120.234 rows=773674 loops=1)
                                             Index Cond: (role_id = rt.id)
                                             Buffers: shared hit=1125 read=3966
                                 ->  Hash  (cost=552363.70..552363.70 rows=9870 width=12) (actual time=1028.020..1028.024 rows=8506 loops=1)
                                       Buckets: 16384  Batches: 1  Memory Usage: 494kB
                                       Buffers: shared hit=15382 read=32159, temp read=1658 written=1658
                                       ->  Hash Join  (cost=101304.83..552363.70 rows=9870 width=12) (actual time=513.634..1026.406 rows=8506 loops=1)
                                             Hash Cond: (mi2.movie_id = t.id)
                                             Buffers: shared hit=15382 read=32159, temp read=1658 written=1658
                                             ->  Bitmap Heap Scan on movie_info mi2  (cost=15885.13..464509.14 rows=58976 width=8) (actual time=38.366..438.289 rows=579708 loops=1)
                                                   Recheck Cond: (info_type_id = 7)
                                                   Filter: ((info)::text = ANY ('{"CAM:Arriflex Cameras","CAM:Red One Camera","PCS:Digital Intermediate","PCS:Super 35","PFM:35 mm","RAT:1.33 : 1","RAT:1.66 : 1","RAT:1.78 : 1","RAT:1.85 : 1"}'::text[]))
                                                   Rows Removed by Filter: 822194
                                                   Heap Blocks: exact=10050
                                                   Buffers: shared hit=11149
                                                   ->  Bitmap Index Scan on info_type_id_movie_info  (cost=0.00..15870.39 rows=1484527 width=0) (actual time=37.139..37.140 rows=1401902 loops=1)
                                                         Index Cond: (info_type_id = 7)
                                                         Buffers: shared hit=1099
                                             ->  Hash  (cost=78477.74..78477.74 rows=423117 width=4) (actual time=474.034..474.036 rows=75964 loops=1)
                                                   Buckets: 262144  Batches: 4  Memory Usage: 2707kB
                                                   Buffers: shared hit=4233 read=32159, temp written=166
                                                   ->  Hash Join  (cost=1.13..78477.74 rows=423117 width=4) (actual time=0.048..461.526 rows=75964 loops=1)
                                                         Hash Cond: (t.kind_id = kt.id)
                                                         Buffers: shared hit=4233 read=32159
                                                         ->  Seq Scan on title t  (cost=0.00..74315.95 rows=987274 width=8) (actual time=0.026..403.023 rows=989787 loops=1)
                                                               Filter: ((production_year <= 2010) AND (2000 < production_year))
                                                               Rows Removed by Filter: 1538525
                                                               Buffers: shared hit=4232 read=32159
                                                         ->  Hash  (cost=1.10..1.10 rows=3 width=4) (actual time=0.012..0.013 rows=3 loops=1)
                                                               Buckets: 1024  Batches: 1  Memory Usage: 9kB
                                                               Buffers: shared hit=1
                                                               ->  Seq Scan on kind_type kt  (cost=0.00..1.10 rows=3 width=4) (actual time=0.006..0.007 rows=3 loops=1)
                                                                     Filter: ((kind)::text = ANY ('{"tv movie","tv series","video game"}'::text[]))
                                                                     Rows Removed by Filter: 4
                                                                     Buffers: shared hit=1
                           ->  Index Scan using name_pkey on name n  (cost=0.43..2.32 rows=1 width=4) (actual time=0.018..0.018 rows=0 loops=4384)
                                 Index Cond: (id = ci.person_id)
                                 Filter: ((gender)::text = 'm'::text)
                                 Rows Removed by Filter: 1
                                 Buffers: shared hit=14530 read=3006
                     ->  Index Scan using movie_id_movie_info on movie_info mi1  (cost=0.46..42.19 rows=1 width=8) (actual time=0.078..0.079 rows=1 loops=1552)
                           Index Cond: (movie_id = ci.movie_id)
                           Filter: ((info_type_id = 3) AND ((info)::text = ANY ('{Animation,Comedy,Crime,Documentary,Drama,Family,Fantasy,Horror,Music,Romance}'::text[])))
                           Rows Removed by Filter: 21
                           Buffers: shared hit=13839 read=8010
 Planning:
   Buffers: shared hit=576 read=1
 Planning Time: 14.755 ms
 Execution Time: 1473.484 ms
(77 rows)

