                                                                                            QUERY PLAN                                                                                            
--------------------------------------------------------------------------------------------------------------------------------------------------------------------------------------------------
 Aggregate  (cost=571621.23..571621.24 rows=1 width=8) (actual time=2054.359..2054.368 rows=1 loops=1)
   Buffers: shared hit=93008 read=66135, temp read=3611 written=3611
   ->  Nested Loop  (cost=99563.27..571621.18 rows=18 width=0) (actual time=678.415..2054.034 rows=2613 loops=1)
         Buffers: shared hit=93008 read=66135, temp read=3611 written=3611
         ->  Seq Scan on info_type it2  (cost=0.00..2.41 rows=1 width=4) (actual time=0.049..0.058 rows=1 loops=1)
               Filter: (id = 7)
               Rows Removed by Filter: 112
               Buffers: shared hit=1
         ->  Nested Loop  (cost=99563.27..571618.59 rows=18 width=4) (actual time=678.364..2053.611 rows=2613 loops=1)
               Buffers: shared hit=93007 read=66135, temp read=3611 written=3611
               ->  Seq Scan on info_type it1  (cost=0.00..2.41 rows=1 width=4) (actual time=0.013..0.025 rows=1 loops=1)
                     Filter: (id = 3)
                     Rows Removed by Filter: 112
                     Buffers: shared hit=1
               ->  Nested Loop  (cost=99563.27..571616.00 rows=18 width=8) (actual time=678.347..2053.206 rows=2613 loops=1)
                     Buffers: shared hit=93006 read=66135, temp read=3611 written=3611
                     ->  Hash Join  (cost=99562.84..571518.58 rows=42 width=12) (actual time=678.316..1968.748 rows=2613 loops=1)
                           Hash Cond: (ci.role_id = rt.id)
                           Buffers: shared hit=85637 read=63052, temp read=3611 written=3611
                           ->  Nested Loop  (cost=99561.68..571515.63 rows=502 width=16) (actual time=678.271..1967.218 rows=7448 loops=1)
                                 Buffers: shared hit=85636 read=63052, temp read=3611 written=3611
                                 ->  Nested Loop  (cost=99561.24..569977.09 rows=35 width=20) (actual time=678.239..1878.604 rows=174 loops=1)
                                       Buffers: shared hit=82598 read=58355, temp read=3611 written=3611
                                       ->  Hash Join  (cost=99560.80..444117.66 rows=2964 width=12) (actual time=674.707..1088.215 rows=9719 loops=1)
                                             Hash Cond: (mi1.movie_id = t.id)
                                             Buffers: shared hit=10073 read=37294, temp read=3611 written=3611
                                             ->  Bitmap Heap Scan on movie_info mi1  (cost=16455.11..359572.69 rows=26568 width=8) (actual time=41.957..291.175 rows=271732 loops=1)
                                                   Recheck Cond: (info_type_id = 3)
                                                   Filter: ((info)::text = ANY ('{Adventure,Drama}'::text[]))
                                                   Rows Removed by Filter: 1262177
                                                   Heap Blocks: exact=9772
                                                   Buffers: shared hit=3761 read=7214
                                                   ->  Bitmap Index Scan on info_type_id_movie_info  (cost=0.00..16448.47 rows=1538671 width=0) (actual time=40.752..40.753 rows=1533909 loops=1)
                                                         Index Cond: (info_type_id = 3)
                                                         Buffers: shared hit=1 read=1202
                                             ->  Hash  (cost=78477.72..78477.72 rows=282078 width=4) (actual time=630.925..630.929 rows=738800 loops=1)
                                                   Buckets: 262144 (originally 262144)  Batches: 8 (originally 2)  Memory Usage: 6145kB
                                                   Buffers: shared hit=6312 read=30080, temp written=1892
                                                   ->  Hash Join  (cost=1.11..78477.72 rows=282078 width=4) (actual time=0.041..516.525 rows=738800 loops=1)
                                                         Hash Cond: (t.kind_id = kt.id)
                                                         Buffers: shared hit=6312 read=30080
                                                         ->  Seq Scan on title t  (cost=0.00..74315.95 rows=987274 width=8) (actual time=0.020..411.070 rows=989787 loops=1)
                                                               Filter: ((production_year <= 2010) AND (2000 < production_year))
                                                               Rows Removed by Filter: 1538525
                                                               Buffers: shared hit=6311 read=30080
                                                         ->  Hash  (cost=1.09..1.09 rows=2 width=4) (actual time=0.012..0.014 rows=2 loops=1)
                                                               Buckets: 1024  Batches: 1  Memory Usage: 9kB
                                                               Buffers: shared hit=1
                                                               ->  Seq Scan on kind_type kt  (cost=0.00..1.09 rows=2 width=4) (actual time=0.007..0.008 rows=2 loops=1)
                                                                     Filter: ((kind)::text = ANY ('{episode,"video movie"}'::text[]))
                                                                     Rows Removed by Filter: 5
                                                                     Buffers: shared hit=1
                                       ->  Index Scan using movie_id_movie_info on movie_info mi2  (cost=0.43..42.45 rows=1 width=8) (actual time=0.080..0.081 rows=0 loops=9719)
                                             Index Cond: (movie_id = t.id)
                                             Filter: ((info_type_id = 7) AND ((info)::text = ANY ('{"CAM:Arriflex Cameras","OFM:35 mm","RAT:2.35 : 1"}'::text[])))
                                             Rows Removed by Filter: 9
                                             Buffers: shared hit=72525 read=21061
                                 ->  Index Scan using movie_id_cast_info on cast_info ci  (cost=0.44..43.58 rows=38 width=12) (actual time=0.034..0.499 rows=43 loops=174)
                                       Index Cond: (movie_id = t.id)
                                       Buffers: shared hit=3038 read=4697
                           ->  Hash  (cost=1.15..1.15 rows=1 width=4) (actual time=0.019..0.019 rows=1 loops=1)
                                 Buckets: 1024  Batches: 1  Memory Usage: 9kB
                                 Buffers: shared hit=1
                                 ->  Seq Scan on role_type rt  (cost=0.00..1.15 rows=1 width=4) (actual time=0.010..0.012 rows=1 loops=1)
                                       Filter: ((role)::text = 'actor'::text)
                                       Rows Removed by Filter: 11
                                       Buffers: shared hit=1
                     ->  Index Scan using name_pkey on name n  (cost=0.43..2.32 rows=1 width=4) (actual time=0.032..0.032 rows=1 loops=2613)
                           Index Cond: (id = ci.person_id)
                           Filter: ((gender)::text = 'm'::text)
                           Buffers: shared hit=7369 read=3083
 Planning:
   Buffers: shared hit=574
 Planning Time: 12.381 ms
 Execution Time: 2055.030 ms
(75 rows)

