                                                                                            QUERY PLAN                                                                                            
--------------------------------------------------------------------------------------------------------------------------------------------------------------------------------------------------
 Aggregate  (cost=692189.55..692189.56 rows=1 width=8) (actual time=1757.635..1757.641 rows=1 loops=1)
   Buffers: shared hit=90890 read=67182, temp read=944 written=944
   ->  Nested Loop  (cost=96343.13..692189.38 rows=66 width=0) (actual time=591.477..1757.621 rows=27 loops=1)
         Buffers: shared hit=90890 read=67182, temp read=944 written=944
         ->  Seq Scan on info_type it2  (cost=0.00..2.41 rows=1 width=4) (actual time=0.045..0.050 rows=1 loops=1)
               Filter: (id = 7)
               Rows Removed by Filter: 112
               Buffers: shared hit=1
         ->  Nested Loop  (cost=96343.13..692186.31 rows=66 width=4) (actual time=591.430..1757.561 rows=27 loops=1)
               Buffers: shared hit=90889 read=67182, temp read=944 written=944
               ->  Seq Scan on info_type it1  (cost=0.00..2.41 rows=1 width=4) (actual time=0.010..0.017 rows=1 loops=1)
                     Filter: (id = 3)
                     Rows Removed by Filter: 112
                     Buffers: shared hit=1
               ->  Nested Loop  (cost=96343.13..692183.24 rows=66 width=8) (actual time=591.417..1757.533 rows=27 loops=1)
                     Buffers: shared hit=90888 read=67182, temp read=944 written=944
                     ->  Hash Join  (cost=96342.70..691816.75 rows=158 width=12) (actual time=442.617..1752.336 rows=161 loops=1)
                           Hash Cond: (ci.role_id = rt.id)
                           Buffers: shared hit=90395 read=67031, temp read=944 written=944
                           ->  Nested Loop  (cost=96341.54..691808.87 rows=1892 width=16) (actual time=433.541..1750.000 rows=19608 loops=1)
                                 Buffers: shared hit=90394 read=67031, temp read=944 written=944
                                 ->  Nested Loop  (cost=96341.10..685951.50 rows=132 width=20) (actual time=433.509..1554.676 rows=1742 loops=1)
                                       Buffers: shared hit=73008 read=60379, temp read=944 written=944
                                       ->  Hash Join  (cost=96340.66..471076.80 rows=5015 width=12) (actual time=432.667..864.610 rows=6674 loops=1)
                                             Hash Cond: (mi2.movie_id = t.id)
                                             Buffers: shared hit=3275 read=44266, temp read=944 written=944
                                             ->  Bitmap Heap Scan on movie_info mi2  (cost=15883.93..389028.73 rows=54185 width=8) (actual time=39.126..359.400 rows=523517 loops=1)
                                                   Recheck Cond: (info_type_id = 7)
                                                   Filter: ((info)::text = ANY ('{"OFM:16 mm","OFM:35 mm","RAT:1.33 : 1","RAT:2.35 : 1"}'::text[]))
                                                   Rows Removed by Filter: 878385
                                                   Heap Blocks: exact=10050
                                                   Buffers: shared hit=1251 read=9898
                                                   ->  Bitmap Index Scan on info_type_id_movie_info  (cost=0.00..15870.39 rows=1484527 width=0) (actual time=37.863..37.863 rows=1401902 loops=1)
                                                         Index Cond: (info_type_id = 7)
                                                         Buffers: shared hit=1 read=1098
                                             ->  Hash  (cost=76617.93..76617.93 rows=233984 width=4) (actual time=392.282..392.284 rows=33701 loops=1)
                                                   Buckets: 262144  Batches: 2  Memory Usage: 2644kB
                                                   Buffers: shared hit=2024 read=34368, temp written=49
                                                   ->  Hash Join  (cost=1.13..76617.93 rows=233984 width=4) (actual time=0.060..385.303 rows=33701 loops=1)
                                                         Hash Cond: (t.kind_id = kt.id)
                                                         Buffers: shared hit=2024 read=34368
                                                         ->  Seq Scan on title t  (cost=0.00..74315.95 rows=545963 width=8) (actual time=0.024..353.509 rows=538239 loops=1)
                                                               Filter: ((production_year <= 1990) AND (1950 < production_year))
                                                               Rows Removed by Filter: 1990073
                                                               Buffers: shared hit=2023 read=34368
                                                         ->  Hash  (cost=1.10..1.10 rows=3 width=4) (actual time=0.012..0.013 rows=3 loops=1)
                                                               Buckets: 1024  Batches: 1  Memory Usage: 9kB
                                                               Buffers: shared hit=1
                                                               ->  Seq Scan on kind_type kt  (cost=0.00..1.10 rows=3 width=4) (actual time=0.007..0.008 rows=3 loops=1)
                                                                     Filter: ((kind)::text = ANY ('{"tv series","video game","video movie"}'::text[]))
                                                                     Rows Removed by Filter: 4
                                                                     Buffers: shared hit=1
                                       ->  Index Scan using movie_id_movie_info on movie_info mi1  (cost=0.43..42.84 rows=1 width=8) (actual time=0.102..0.103 rows=0 loops=6674)
                                             Index Cond: (movie_id = t.id)
                                             Filter: ((info_type_id = 3) AND ((info)::text = ANY ('{Action,Adventure,Documentary,Musical,Short}'::text[])))
                                             Rows Removed by Filter: 20
                                             Buffers: shared hit=69733 read=16113
                                 ->  Index Scan using movie_id_cast_info on cast_info ci  (cost=0.44..43.99 rows=38 width=12) (actual time=0.028..0.110 rows=11 loops=1742)
                                       Index Cond: (movie_id = t.id)
                                       Buffers: shared hit=17386 read=6652
                           ->  Hash  (cost=1.15..1.15 rows=1 width=4) (actual time=0.017..0.018 rows=1 loops=1)
                                 Buckets: 1024  Batches: 1  Memory Usage: 9kB
                                 Buffers: shared hit=1
                                 ->  Seq Scan on role_type rt  (cost=0.00..1.15 rows=1 width=4) (actual time=0.010..0.011 rows=1 loops=1)
                                       Filter: ((role)::text = 'production designer'::text)
                                       Rows Removed by Filter: 11
                                       Buffers: shared hit=1
                     ->  Index Scan using name_pkey on name n  (cost=0.43..2.32 rows=1 width=4) (actual time=0.032..0.032 rows=0 loops=161)
                           Index Cond: (id = ci.person_id)
                           Filter: ((gender)::text = 'm'::text)
                           Rows Removed by Filter: 1
                           Buffers: shared hit=493 read=151
 Planning:
   Buffers: shared hit=574
 Planning Time: 12.451 ms
 Execution Time: 1758.189 ms
(76 rows)

