                                                                                                              QUERY PLAN                                                                                                              
--------------------------------------------------------------------------------------------------------------------------------------------------------------------------------------------------------------------------------------
 Aggregate  (cost=586869.96..586869.97 rows=1 width=8) (actual time=3608.788..3608.795 rows=1 loops=1)
   Buffers: shared hit=260553 read=107266
   ->  Nested Loop  (cost=93830.25..586869.82 rows=55 width=0) (actual time=432.281..3608.035 rows=3865 loops=1)
         Buffers: shared hit=260553 read=107266
         ->  Hash Join  (cost=93829.82..586565.97 rows=131 width=4) (actual time=431.202..3333.330 rows=9206 loops=1)
               Hash Cond: (ci.role_id = rt.id)
               Buffers: shared hit=228530 read=102465
               ->  Nested Loop  (cost=93828.64..586561.99 rows=788 width=8) (actual time=431.128..3319.435 rows=98505 loops=1)
                     Buffers: shared hit=228529 read=102465
                     ->  Nested Loop  (cost=93828.20..584101.31 rows=55 width=12) (actual time=431.101..2345.887 rows=4079 loops=1)
                           Buffers: shared hit=148170 read=74282
                           ->  Seq Scan on info_type it2  (cost=0.00..2.41 rows=1 width=4) (actual time=0.033..0.039 rows=1 loops=1)
                                 Filter: (id = 7)
                                 Rows Removed by Filter: 112
                                 Buffers: shared hit=1
                           ->  Nested Loop  (cost=93828.20..584098.35 rows=55 width=16) (actual time=431.066..2345.074 rows=4079 loops=1)
                                 Buffers: shared hit=148169 read=74282
                                 ->  Seq Scan on info_type it1  (cost=0.00..2.41 rows=1 width=4) (actual time=0.009..0.017 rows=1 loops=1)
                                       Filter: (id = 3)
                                       Rows Removed by Filter: 112
                                       Buffers: shared hit=1
                                 ->  Nested Loop  (cost=93828.20..584095.39 rows=55 width=20) (actual time=431.054..2344.301 rows=4079 loops=1)
                                       Buffers: shared hit=148168 read=74282
                                       ->  Hash Join  (cost=93827.77..497573.22 rows=2003 width=12) (actual time=430.608..1000.767 rows=18217 loops=1)
                                             Hash Cond: (mi1.movie_id = t.id)
                                             Buffers: shared hit=717 read=46650
                                             ->  Bitmap Heap Scan on movie_info mi1  (cost=16459.78..420015.56 rows=45237 width=8) (actual time=41.798..531.999 rows=444940 loops=1)
                                                   Recheck Cond: (info_type_id = 3)
                                                   Filter: ((info)::text = ANY ('{Action,Adult,Drama,Fantasy,Horror,Thriller}'::text[]))
                                                   Rows Removed by Filter: 1088969
                                                   Heap Blocks: exact=9772
                                                   Buffers: shared hit=715 read=10260
                                                   ->  Bitmap Index Scan on info_type_id_movie_info  (cost=0.00..16448.47 rows=1538671 width=0) (actual time=40.610..40.610 rows=1533909 loops=1)
                                                         Index Cond: (info_type_id = 3)
                                                         Buffers: shared read=1203
                                             ->  Hash  (cost=75968.48..75968.48 rows=111961 width=4) (actual time=388.268..388.271 rows=39589 loops=1)
                                                   Buckets: 131072  Batches: 1  Memory Usage: 2416kB
                                                   Buffers: shared hit=2 read=36390
                                                   ->  Hash Join  (cost=1.11..75968.48 rows=111961 width=4) (actual time=0.058..379.599 rows=39589 loops=1)
                                                         Hash Cond: (t.kind_id = kt.id)
                                                         Buffers: shared hit=2 read=36390
                                                         ->  Seq Scan on title t  (cost=0.00..74315.95 rows=391862 width=8) (actual time=0.023..354.492 rows=386415 loops=1)
                                                               Filter: ((production_year <= 1997) AND (1981 < production_year))
                                                               Rows Removed by Filter: 2141897
                                                               Buffers: shared hit=1 read=36390
                                                         ->  Hash  (cost=1.09..1.09 rows=2 width=4) (actual time=0.013..0.014 rows=2 loops=1)
                                                               Buckets: 1024  Batches: 1  Memory Usage: 9kB
                                                               Buffers: shared hit=1
                                                               ->  Seq Scan on kind_type kt  (cost=0.00..1.09 rows=2 width=4) (actual time=0.008..0.009 rows=2 loops=1)
                                                                     Filter: ((kind)::text = ANY ('{"tv series","video movie"}'::text[]))
                                                                     Rows Removed by Filter: 5
                                                                     Buffers: shared hit=1
                                       ->  Index Scan using movie_id_movie_info on movie_info mi2  (cost=0.43..43.19 rows=1 width=8) (actual time=0.064..0.073 rows=0 loops=18217)
                                             Index Cond: (movie_id = t.id)
                                             Filter: ((info_type_id = 7) AND ((info)::text = ANY ('{"CAM:Panavision Cameras and Lenses","OFM:35 mm",OFM:Video,PCS:Spherical,"RAT:1.33 : 1","RAT:1.66 : 1","RAT:1.85 : 1"}'::text[])))
                                             Rows Removed by Filter: 10
                                             Buffers: shared hit=147451 read=27632
                     ->  Index Scan using movie_id_cast_info on cast_info ci  (cost=0.44..44.36 rows=38 width=12) (actual time=0.030..0.234 rows=24 loops=4079)
                           Index Cond: (movie_id = t.id)
                           Buffers: shared hit=80359 read=28183
               ->  Hash  (cost=1.15..1.15 rows=2 width=4) (actual time=0.036..0.037 rows=2 loops=1)
                     Buckets: 1024  Batches: 1  Memory Usage: 9kB
                     Buffers: shared hit=1
                     ->  Seq Scan on role_type rt  (cost=0.00..1.15 rows=2 width=4) (actual time=0.027..0.030 rows=2 loops=1)
                           Filter: ((role)::text = ANY ('{cinematographer,producer}'::text[]))
                           Rows Removed by Filter: 10
                           Buffers: shared hit=1
         ->  Index Scan using name_pkey on name n  (cost=0.43..2.32 rows=1 width=4) (actual time=0.029..0.029 rows=0 loops=9206)
               Index Cond: (id = ci.person_id)
               Filter: ((gender)::text = 'm'::text)
               Rows Removed by Filter: 1
               Buffers: shared hit=32023 read=4801
 Planning:
   Buffers: shared hit=529 read=45
 Planning Time: 12.964 ms
 Execution Time: 3609.383 ms
(76 rows)

