                                                                                                       QUERY PLAN                                                                                                        
-------------------------------------------------------------------------------------------------------------------------------------------------------------------------------------------------------------------------
 Aggregate  (cost=675292.75..675292.76 rows=1 width=8) (actual time=52970.640..52970.650 rows=1 loops=1)
   Buffers: shared hit=5104253 read=387261, temp read=2221 written=2221
   ->  Nested Loop  (cost=94172.54..675292.58 rows=70 width=0) (actual time=520.342..52968.637 rows=5863 loops=1)
         Buffers: shared hit=5104253 read=387261, temp read=2221 written=2221
         ->  Seq Scan on info_type it2  (cost=0.00..2.41 rows=1 width=4) (actual time=0.047..0.058 rows=1 loops=1)
               Filter: (id = 7)
               Rows Removed by Filter: 112
               Buffers: shared hit=1
         ->  Nested Loop  (cost=94172.54..675289.47 rows=70 width=4) (actual time=520.294..52967.024 rows=5863 loops=1)
               Buffers: shared hit=5104252 read=387261, temp read=2221 written=2221
               ->  Seq Scan on info_type it1  (cost=0.00..2.41 rows=1 width=4) (actual time=0.009..0.024 rows=1 loops=1)
                     Filter: (id = 3)
                     Rows Removed by Filter: 112
                     Buffers: shared hit=1
               ->  Nested Loop  (cost=94172.54..675286.35 rows=70 width=8) (actual time=520.281..52965.286 rows=5863 loops=1)
                     Buffers: shared hit=5104251 read=387261, temp read=2221 written=2221
                     ->  Hash Join  (cost=94172.11..674896.67 rows=168 width=12) (actual time=520.241..52133.675 rows=23401 loops=1)
                           Hash Cond: (ci.role_id = rt.id)
                           Buffers: shared hit=5013216 read=384692, temp read=2221 written=2221
                           ->  Nested Loop  (cost=94170.95..674888.34 rows=2021 width=16) (actual time=518.205..51438.080 rows=3808698 loops=1)
                                 Buffers: shared hit=5013215 read=384692, temp read=2221 written=2221
                                 ->  Nested Loop  (cost=94170.51..668560.34 rows=141 width=20) (actual time=518.177..12726.321 rows=168320 loops=1)
                                       Buffers: shared hit=958540 read=205141, temp read=2221 written=2221
                                       ->  Hash Join  (cost=94170.08..467842.72 rows=4631 width=12) (actual time=518.046..1639.024 rows=98099 loops=1)
                                             Hash Cond: (mi1.movie_id = t.id)
                                             Buffers: shared hit=2663 read=44704, temp read=2221 written=2221
                                             ->  Bitmap Heap Scan on movie_info mi1  (cost=16467.80..389804.48 rows=77241 width=8) (actual time=43.662..631.792 rows=733031 loops=1)
                                                   Recheck Cond: (info_type_id = 3)
                                                   Filter: ((info)::text = ANY ('{Action,Biography,Comedy,History,Music,Mystery,Short,Sport,Thriller}'::text[]))
                                                   Rows Removed by Filter: 800878
                                                   Heap Blocks: exact=9772
                                                   Buffers: shared hit=639 read=10336
                                                   ->  Bitmap Index Scan on info_type_id_movie_info  (cost=0.00..16448.47 rows=1538671 width=0) (actual time=42.461..42.461 rows=1533909 loops=1)
                                                         Index Cond: (info_type_id = 3)
                                                         Buffers: shared hit=1 read=1202
                                             ->  Hash  (cost=75807.58..75807.58 rows=151576 width=4) (actual time=472.753..472.757 rows=335746 loops=1)
                                                   Buckets: 262144 (originally 262144)  Batches: 2 (originally 1)  Memory Usage: 7957kB
                                                   Buffers: shared hit=2024 read=34368, temp written=491
                                                   ->  Hash Join  (cost=1.13..75807.58 rows=151576 width=4) (actual time=0.049..411.440 rows=335746 loops=1)
                                                         Hash Cond: (t.kind_id = kt.id)
                                                         Buffers: shared hit=2024 read=34368
                                                         ->  Seq Scan on title t  (cost=0.00..74315.95 rows=353677 width=8) (actual time=0.028..369.809 rows=347589 loops=1)
                                                               Filter: ((production_year <= 1975) AND (1925 < production_year))
                                                               Rows Removed by Filter: 2180723
                                                               Buffers: shared hit=2023 read=34368
                                                         ->  Hash  (cost=1.10..1.10 rows=3 width=4) (actual time=0.013..0.014 rows=3 loops=1)
                                                               Buckets: 1024  Batches: 1  Memory Usage: 9kB
                                                               Buffers: shared hit=1
                                                               ->  Seq Scan on kind_type kt  (cost=0.00..1.10 rows=3 width=4) (actual time=0.007..0.009 rows=3 loops=1)
                                                                     Filter: ((kind)::text = ANY ('{episode,movie,"tv movie"}'::text[]))
                                                                     Rows Removed by Filter: 4
                                                                     Buffers: shared hit=1
                                       ->  Index Scan using movie_id_movie_info on movie_info mi2  (cost=0.43..43.33 rows=1 width=8) (actual time=0.075..0.112 rows=2 loops=98099)
                                             Index Cond: (movie_id = t.id)
                                             Filter: ((info_type_id = 7) AND ((info)::text = ANY ('{LAB:Technicolor,MET:,"OFM:35 mm",PCS:Spherical,"PFM:35 mm","RAT:1.20 : 1","RAT:1.37 : 1","RAT:2.35 : 1"}'::text[])))
                                             Rows Removed by Filter: 13
                                             Buffers: shared hit=955877 read=160437
                                 ->  Index Scan using movie_id_cast_info on cast_info ci  (cost=0.44..44.50 rows=38 width=12) (actual time=0.035..0.223 rows=23 loops=168320)
                                       Index Cond: (movie_id = t.id)
                                       Buffers: shared hit=4054675 read=179551
                           ->  Hash  (cost=1.15..1.15 rows=1 width=4) (actual time=0.018..0.019 rows=1 loops=1)
                                 Buckets: 1024  Batches: 1  Memory Usage: 9kB
                                 Buffers: shared hit=1
                                 ->  Seq Scan on role_type rt  (cost=0.00..1.15 rows=1 width=4) (actual time=0.011..0.012 rows=1 loops=1)
                                       Filter: ((role)::text = 'production designer'::text)
                                       Rows Removed by Filter: 11
                                       Buffers: shared hit=1
                     ->  Index Scan using name_pkey on name n  (cost=0.43..2.32 rows=1 width=4) (actual time=0.035..0.035 rows=0 loops=23401)
                           Index Cond: (id = ci.person_id)
                           Filter: ((gender)::text = 'm'::text)
                           Rows Removed by Filter: 1
                           Buffers: shared hit=91035 read=2569
 Planning:
   Buffers: shared hit=576 read=1
 Planning Time: 12.950 ms
 Execution Time: 52971.344 ms
(76 rows)

