                                                                                            QUERY PLAN                                                                                            
--------------------------------------------------------------------------------------------------------------------------------------------------------------------------------------------------
 Aggregate  (cost=698591.30..698591.31 rows=1 width=8) (actual time=1401.223..1401.230 rows=1 loops=1)
   Buffers: shared hit=59375 read=61827, temp read=1227 written=1227
   ->  Nested Loop  (cost=94615.76..698591.14 rows=65 width=0) (actual time=433.164..1401.059 rows=1111 loops=1)
         Buffers: shared hit=59375 read=61827, temp read=1227 written=1227
         ->  Seq Scan on info_type it2  (cost=0.00..2.41 rows=1 width=4) (actual time=0.038..0.045 rows=1 loops=1)
               Filter: (id = 7)
               Rows Removed by Filter: 112
               Buffers: shared hit=1
         ->  Nested Loop  (cost=94615.76..698588.08 rows=65 width=4) (actual time=433.124..1400.869 rows=1111 loops=1)
               Buffers: shared hit=59374 read=61827, temp read=1227 written=1227
               ->  Seq Scan on info_type it1  (cost=0.00..2.41 rows=1 width=4) (actual time=0.007..0.016 rows=1 loops=1)
                     Filter: (id = 3)
                     Rows Removed by Filter: 112
                     Buffers: shared hit=1
               ->  Nested Loop  (cost=94615.76..698585.01 rows=65 width=8) (actual time=433.114..1400.693 rows=1111 loops=1)
                     Buffers: shared hit=59373 read=61827, temp read=1227 written=1227
                     ->  Hash Join  (cost=94615.33..698225.49 rows=155 width=12) (actual time=433.072..1346.384 rows=2158 loops=1)
                           Hash Cond: (ci.role_id = rt.id)
                           Buffers: shared hit=52068 read=60500, temp read=1227 written=1227
                           ->  Nested Loop  (cost=94614.17..698217.71 rows=1863 width=16) (actual time=430.038..1343.342 rows=28169 loops=1)
                                 Buffers: shared hit=52067 read=60500, temp read=1227 written=1227
                                 ->  Nested Loop  (cost=94613.73..692401.57 rows=130 width=20) (actual time=430.007..1135.061 rows=982 loops=1)
                                       Buffers: shared hit=28759 read=53541, temp read=1227 written=1227
                                       ->  Hash Join  (cost=94613.29..484399.32 rows=4821 width=12) (actual time=428.595..878.919 rows=2408 loops=1)
                                             Hash Cond: (mi2.movie_id = t.id)
                                             Buffers: shared hit=3059 read=44482, temp read=1227 written=1227
                                             ->  Bitmap Heap Scan on movie_info mi2  (cost=15888.53..404129.17 rows=72582 width=8) (actual time=38.718..366.926 rows=679269 loops=1)
                                                   Recheck Cond: (info_type_id = 7)
                                                   Filter: ((info)::text = ANY ('{"OFM:35 mm",PCS:Spherical,"PFM:16 mm","PFM:35 mm","RAT:2.35 : 1"}'::text[]))
                                                   Rows Removed by Filter: 722633
                                                   Heap Blocks: exact=10050
                                                   Buffers: shared hit=3058 read=8091
                                                   ->  Bitmap Index Scan on info_type_id_movie_info  (cost=0.00..15870.39 rows=1484527 width=0) (actual time=37.462..37.462 rows=1401902 loops=1)
                                                         Index Cond: (info_type_id = 7)
                                                         Buffers: shared read=1099
                                             ->  Hash  (cost=75968.50..75968.50 rows=167941 width=4) (actual time=388.449..388.452 rows=44292 loops=1)
                                                   Buckets: 262144  Batches: 2  Memory Usage: 2832kB
                                                   Buffers: shared hit=1 read=36391, temp written=64
                                                   ->  Hash Join  (cost=1.13..75968.50 rows=167941 width=4) (actual time=0.061..379.707 rows=44292 loops=1)
                                                         Hash Cond: (t.kind_id = kt.id)
                                                         Buffers: shared hit=1 read=36391
                                                         ->  Seq Scan on title t  (cost=0.00..74315.95 rows=391862 width=8) (actual time=0.025..354.684 rows=386415 loops=1)
                                                               Filter: ((production_year <= 1997) AND (1981 < production_year))
                                                               Rows Removed by Filter: 2141897
                                                               Buffers: shared read=36391
                                                         ->  Hash  (cost=1.10..1.10 rows=3 width=4) (actual time=0.013..0.014 rows=3 loops=1)
                                                               Buckets: 1024  Batches: 1  Memory Usage: 9kB
                                                               Buffers: shared hit=1
                                                               ->  Seq Scan on kind_type kt  (cost=0.00..1.10 rows=3 width=4) (actual time=0.007..0.009 rows=3 loops=1)
                                                                     Filter: ((kind)::text = ANY ('{"tv series","video game","video movie"}'::text[]))
                                                                     Rows Removed by Filter: 4
                                                                     Buffers: shared hit=1
                                       ->  Index Scan using movie_id_movie_info on movie_info mi1  (cost=0.43..43.14 rows=1 width=8) (actual time=0.105..0.106 rows=0 loops=2408)
                                             Index Cond: (movie_id = t.id)
                                             Filter: ((info_type_id = 3) AND ((info)::text = ANY ('{Action,Documentary,Fantasy,Horror,Mystery,Short}'::text[])))
                                             Rows Removed by Filter: 29
                                             Buffers: shared hit=25700 read=9059
                                 ->  Index Scan using movie_id_cast_info on cast_info ci  (cost=0.44..44.36 rows=38 width=12) (actual time=0.024..0.208 rows=29 loops=982)
                                       Index Cond: (movie_id = t.id)
                                       Buffers: shared hit=23308 read=6959
                           ->  Hash  (cost=1.15..1.15 rows=1 width=4) (actual time=0.013..0.014 rows=1 loops=1)
                                 Buckets: 1024  Batches: 1  Memory Usage: 9kB
                                 Buffers: shared hit=1
                                 ->  Seq Scan on role_type rt  (cost=0.00..1.15 rows=1 width=4) (actual time=0.007..0.009 rows=1 loops=1)
                                       Filter: ((role)::text = 'writer'::text)
                                       Rows Removed by Filter: 11
                                       Buffers: shared hit=1
                     ->  Index Scan using name_pkey on name n  (cost=0.43..2.32 rows=1 width=4) (actual time=0.025..0.025 rows=1 loops=2158)
                           Index Cond: (id = ci.person_id)
                           Filter: ((gender)::text = 'm'::text)
                           Rows Removed by Filter: 0
                           Buffers: shared hit=7305 read=1327
 Planning:
   Buffers: shared hit=481 read=93
 Planning Time: 13.544 ms
 Execution Time: 1401.700 ms
(76 rows)

