                                                                                              QUERY PLAN                                                                                              
------------------------------------------------------------------------------------------------------------------------------------------------------------------------------------------------------
 Aggregate  (cost=484564.51..484564.52 rows=1 width=8) (actual time=57701.245..57701.255 rows=1 loops=1)
   Buffers: shared hit=5829943 read=185498
   ->  Nested Loop  (cost=91204.05..484564.48 rows=12 width=0) (actual time=431.957..57670.162 rows=138934 loops=1)
         Buffers: shared hit=5829943 read=185498
         ->  Hash Join  (cost=91203.62..484497.21 rows=29 width=4) (actual time=431.923..43296.956 rows=393060 loops=1)
               Hash Cond: (ci.role_id = rt.id)
               Buffers: shared hit=4273463 read=169738
               ->  Nested Loop  (cost=91202.44..484495.43 rows=172 width=8) (actual time=431.598..42521.813 rows=3613144 loops=1)
                     Join Filter: (t.id = ci.movie_id)
                     Buffers: shared hit=4273462 read=169738
                     ->  Nested Loop  (cost=91202.00..483890.31 rows=12 width=12) (actual time=431.564..6481.064 rows=115776 loops=1)
                           Buffers: shared hit=422151 read=116158
                           ->  Seq Scan on info_type it2  (cost=0.00..2.41 rows=1 width=4) (actual time=0.033..0.043 rows=1 loops=1)
                                 Filter: (id = 7)
                                 Rows Removed by Filter: 112
                                 Buffers: shared hit=1
                           ->  Nested Loop  (cost=91202.00..483887.78 rows=12 width=16) (actual time=431.530..6451.602 rows=115776 loops=1)
                                 Buffers: shared hit=422150 read=116158
                                 ->  Seq Scan on info_type it1  (cost=0.00..2.41 rows=1 width=4) (actual time=0.009..0.022 rows=1 loops=1)
                                       Filter: (id = 3)
                                       Rows Removed by Filter: 112
                                       Buffers: shared hit=1
                                 ->  Nested Loop  (cost=91202.00..483885.25 rows=12 width=20) (actual time=431.518..6419.300 rows=115776 loops=1)
                                       Join Filter: (t.id = mi2.movie_id)
                                       Buffers: shared hit=422149 read=116158
                                       ->  Hash Join  (cost=91201.57..464789.61 rows=402 width=12) (actual time=431.450..1249.003 rows=35756 loops=1)
                                             Hash Cond: (mi1.movie_id = t.id)
                                             Buffers: shared hit=2796 read=44571
                                             ->  Bitmap Heap Scan on movie_info mi1  (cost=16464.98..389801.66 rows=65958 width=8) (actual time=43.712..672.115 rows=648513 loops=1)
                                                   Recheck Cond: (info_type_id = 3)
                                                   Filter: ((info)::text = ANY ('{Adventure,Comedy,Drama,Family,Music,Mystery,Romance,Thriller,War}'::text[]))
                                                   Rows Removed by Filter: 885396
                                                   Heap Blocks: exact=9772
                                                   Buffers: shared hit=708 read=10267
                                                   ->  Bitmap Index Scan on info_type_id_movie_info  (cost=0.00..16448.47 rows=1538671 width=0) (actual time=42.508..42.508 rows=1533909 loops=1)
                                                         Index Cond: (info_type_id = 3)
                                                         Buffers: shared hit=1 read=1202
                                             ->  Hash  (cost=74544.15..74544.15 rows=15395 width=4) (actual time=361.259..361.263 rows=50824 loops=1)
                                                   Buckets: 65536 (originally 16384)  Batches: 1 (originally 1)  Memory Usage: 2299kB
                                                   Buffers: shared hit=2088 read=34304
                                                   ->  Hash Join  (cost=1.11..74544.15 rows=15395 width=4) (actual time=0.429..352.978 rows=50824 loops=1)
                                                         Hash Cond: (t.kind_id = kt.id)
                                                         Buffers: shared hit=2088 read=34304
                                                         ->  Seq Scan on title t  (cost=0.00..74315.95 rows=53884 width=8) (actual time=0.299..346.420 rows=51669 loops=1)
                                                               Filter: ((production_year <= 1949) AND (1928 < production_year))
                                                               Rows Removed by Filter: 2476643
                                                               Buffers: shared hit=2087 read=34304
                                                         ->  Hash  (cost=1.09..1.09 rows=2 width=4) (actual time=0.011..0.013 rows=2 loops=1)
                                                               Buckets: 1024  Batches: 1  Memory Usage: 9kB
                                                               Buffers: shared hit=1
                                                               ->  Seq Scan on kind_type kt  (cost=0.00..1.09 rows=2 width=4) (actual time=0.006..0.007 rows=2 loops=1)
                                                                     Filter: ((kind)::text = ANY ('{episode,movie}'::text[]))
                                                                     Rows Removed by Filter: 5
                                                                     Buffers: shared hit=1
                                       ->  Index Scan using movie_id_movie_info on movie_info mi2  (cost=0.43..47.49 rows=1 width=8) (actual time=0.077..0.143 rows=3 loops=35756)
                                             Index Cond: (movie_id = mi1.movie_id)
                                             Filter: ((info_type_id = 7) AND ((info)::text = ANY ('{MET:,"MET:600 m","OFM:35 mm",PCS:Spherical,"PFM:35 mm","RAT:1.20 : 1","RAT:1.37 : 1"}'::text[])))
                                             Rows Removed by Filter: 19
                                             Buffers: shared hit=419353 read=71587
                     ->  Index Scan using movie_id_cast_info on cast_info ci  (cost=0.44..49.95 rows=38 width=12) (actual time=0.036..0.299 rows=31 loops=115776)
                           Index Cond: (movie_id = mi2.movie_id)
                           Buffers: shared hit=3851311 read=53580
               ->  Hash  (cost=1.15..1.15 rows=2 width=4) (actual time=0.042..0.042 rows=2 loops=1)
                     Buckets: 1024  Batches: 1  Memory Usage: 9kB
                     Buffers: shared hit=1
                     ->  Seq Scan on role_type rt  (cost=0.00..1.15 rows=2 width=4) (actual time=0.028..0.030 rows=2 loops=1)
                           Filter: ((role)::text = ANY ('{"miscellaneous crew",writer}'::text[]))
                           Rows Removed by Filter: 10
                           Buffers: shared hit=1
         ->  Index Scan using name_pkey on name n  (cost=0.43..2.32 rows=1 width=4) (actual time=0.036..0.036 rows=0 loops=393060)
               Index Cond: (id = ci.person_id)
               Filter: ((gender)::text = 'm'::text)
               Rows Removed by Filter: 1
               Buffers: shared hit=1556480 read=15760
 Planning:
   Buffers: shared hit=576 read=1
 Planning Time: 14.314 ms
 Execution Time: 57701.976 ms
(78 rows)

