                                                                                                                   QUERY PLAN                                                                                                                   
------------------------------------------------------------------------------------------------------------------------------------------------------------------------------------------------------------------------------------------------
 Aggregate  (cost=746859.79..746859.80 rows=1 width=8) (actual time=4730.432..4730.441 rows=1 loops=1)
   Buffers: shared hit=316433 read=119887, temp read=4183 written=4183
   ->  Nested Loop  (cost=99568.20..746859.44 rows=141 width=0) (actual time=670.290..4729.628 rows=3708 loops=1)
         Buffers: shared hit=316433 read=119887, temp read=4183 written=4183
         ->  Hash Join  (cost=99567.77..746077.76 rows=337 width=4) (actual time=670.254..4078.377 rows=18862 loops=1)
               Hash Cond: (ci.role_id = rt.id)
               Buffers: shared hit=247551 read=113321, temp read=4183 written=4183
               ->  Nested Loop  (cost=99566.60..746069.41 rows=2021 width=8) (actual time=669.781..4060.043 rows=91934 loops=1)
                     Buffers: shared hit=247550 read=113321, temp read=4183 written=4183
                     ->  Nested Loop  (cost=99566.16..739871.27 rows=141 width=12) (actual time=669.754..3162.402 rows=2560 loops=1)
                           Buffers: shared hit=178415 read=86576, temp read=4183 written=4183
                           ->  Seq Scan on info_type it2  (cost=0.00..2.41 rows=1 width=4) (actual time=0.034..0.043 rows=1 loops=1)
                                 Filter: (id = 7)
                                 Rows Removed by Filter: 112
                                 Buffers: shared hit=1
                           ->  Nested Loop  (cost=99566.16..739867.45 rows=141 width=16) (actual time=669.719..3161.679 rows=2560 loops=1)
                                 Buffers: shared hit=178414 read=86576, temp read=4183 written=4183
                                 ->  Seq Scan on info_type it1  (cost=0.00..2.41 rows=1 width=4) (actual time=0.012..0.023 rows=1 loops=1)
                                       Filter: (id = 3)
                                       Rows Removed by Filter: 112
                                       Buffers: shared hit=1
                                 ->  Nested Loop  (cost=99566.16..739863.63 rows=141 width=20) (actual time=669.703..3160.938 rows=2560 loops=1)
                                       Buffers: shared hit=178413 read=86576, temp read=4183 written=4183
                                       ->  Hash Join  (cost=99565.72..519920.15 rows=5161 width=12) (actual time=667.339..1323.799 rows=21024 loops=1)
                                             Hash Cond: (mi1.movie_id = t.id)
                                             Buffers: shared hit=1213 read=46154, temp read=4183 written=4183
                                             ->  Bitmap Heap Scan on movie_info mi1  (cost=16460.03..435125.36 rows=46263 width=8) (actual time=42.751..449.661 rows=462722 loops=1)
                                                   Recheck Cond: (info_type_id = 3)
                                                   Filter: ((info)::text = ANY ('{Action,Animation,Crime,Drama,Fantasy,Horror,Thriller}'::text[]))
                                                   Rows Removed by Filter: 1071187
                                                   Heap Blocks: exact=9772
                                                   Buffers: shared hit=1212 read=9763
                                                   ->  Bitmap Index Scan on info_type_id_movie_info  (cost=0.00..16448.47 rows=1538671 width=0) (actual time=41.566..41.566 rows=1533909 loops=1)
                                                         Index Cond: (info_type_id = 3)
                                                         Buffers: shared read=1203
                                             ->  Hash  (cost=78477.72..78477.72 rows=282078 width=4) (actual time=622.428..622.431 rows=738800 loops=1)
                                                   Buckets: 262144 (originally 262144)  Batches: 8 (originally 2)  Memory Usage: 6145kB
                                                   Buffers: shared hit=1 read=36391, temp written=1892
                                                   ->  Hash Join  (cost=1.11..78477.72 rows=282078 width=4) (actual time=0.051..506.746 rows=738800 loops=1)
                                                         Hash Cond: (t.kind_id = kt.id)
                                                         Buffers: shared hit=1 read=36391
                                                         ->  Seq Scan on title t  (cost=0.00..74315.95 rows=987274 width=8) (actual time=0.028..405.865 rows=989787 loops=1)
                                                               Filter: ((production_year <= 2010) AND (2000 < production_year))
                                                               Rows Removed by Filter: 1538525
                                                               Buffers: shared read=36391
                                                         ->  Hash  (cost=1.09..1.09 rows=2 width=4) (actual time=0.012..0.013 rows=2 loops=1)
                                                               Buckets: 1024  Batches: 1  Memory Usage: 9kB
                                                               Buffers: shared hit=1
                                                               ->  Seq Scan on kind_type kt  (cost=0.00..1.09 rows=2 width=4) (actual time=0.007..0.008 rows=2 loops=1)
                                                                     Filter: ((kind)::text = ANY ('{episode,"video movie"}'::text[]))
                                                                     Rows Removed by Filter: 5
                                                                     Buffers: shared hit=1
                                       ->  Index Scan using movie_id_movie_info on movie_info mi2  (cost=0.43..42.61 rows=1 width=8) (actual time=0.080..0.087 rows=0 loops=21024)
                                             Index Cond: (movie_id = t.id)
                                             Filter: ((info_type_id = 7) AND ((info)::text = ANY ('{"LAB:FotoKem Laboratory, Burbank (CA), USA","PCS:Digital Intermediate",PCS:Spherical,"PFM:35 mm","RAT:1.33 : 1","RAT:1.85 : 1"}'::text[])))
                                             Rows Removed by Filter: 11
                                             Buffers: shared hit=177200 read=40422
                     ->  Index Scan using movie_id_cast_info on cast_info ci  (cost=0.44..43.58 rows=38 width=12) (actual time=0.038..0.342 rows=36 loops=2560)
                           Index Cond: (movie_id = t.id)
                           Buffers: shared hit=69135 read=26745
               ->  Hash  (cost=1.15..1.15 rows=2 width=4) (actual time=0.040..0.040 rows=2 loops=1)
                     Buckets: 1024  Batches: 1  Memory Usage: 9kB
                     Buffers: shared hit=1
                     ->  Seq Scan on role_type rt  (cost=0.00..1.15 rows=2 width=4) (actual time=0.031..0.033 rows=2 loops=1)
                           Filter: ((role)::text = ANY ('{composer,"miscellaneous crew"}'::text[]))
                           Rows Removed by Filter: 10
                           Buffers: shared hit=1
         ->  Index Scan using name_pkey on name n  (cost=0.43..2.32 rows=1 width=4) (actual time=0.034..0.034 rows=0 loops=18862)
               Index Cond: (id = ci.person_id)
               Filter: ((gender)::text = 'm'::text)
               Rows Removed by Filter: 1
               Buffers: shared hit=68882 read=6566
 Planning:
   Buffers: shared hit=481 read=93
 Planning Time: 13.938 ms
 Execution Time: 4731.134 ms
(76 rows)

