                                                                                             QUERY PLAN                                                                                              
-----------------------------------------------------------------------------------------------------------------------------------------------------------------------------------------------------
 Aggregate  (cost=586394.91..586394.92 rows=1 width=8) (actual time=1432.412..1432.421 rows=1 loops=1)
   Buffers: shared hit=85147 read=39828
   ->  Nested Loop  (cost=92253.30..586394.61 rows=120 width=0) (actual time=408.945..1432.168 rows=1306 loops=1)
         Buffers: shared hit=85147 read=39828
         ->  Hash Join  (cost=92252.87..585967.82 rows=184 width=4) (actual time=408.909..1315.782 rows=3428 loops=1)
               Hash Cond: (ci.role_id = rt.id)
               Buffers: shared hit=72208 read=39055
               ->  Nested Loop  (cost=92251.70..585962.72 rows=1104 width=8) (actual time=408.830..1312.177 rows=20934 loops=1)
                     Buffers: shared hit=72207 read=39055
                     ->  Nested Loop  (cost=92251.26..582434.58 rows=77 width=12) (actual time=408.387..1084.902 rows=3473 loops=1)
                           Buffers: shared hit=45316 read=36056
                           ->  Seq Scan on info_type it2  (cost=0.00..2.41 rows=1 width=4) (actual time=0.031..0.035 rows=1 loops=1)
                                 Filter: (id = 7)
                                 Rows Removed by Filter: 112
                                 Buffers: shared hit=1
                           ->  Nested Loop  (cost=92251.26..582431.40 rows=77 width=16) (actual time=408.355..1084.256 rows=3473 loops=1)
                                 Buffers: shared hit=45315 read=36056
                                 ->  Seq Scan on info_type it1  (cost=0.00..2.41 rows=1 width=4) (actual time=0.008..0.015 rows=1 loops=1)
                                       Filter: (id = 3)
                                       Rows Removed by Filter: 112
                                       Buffers: shared hit=1
                                 ->  Nested Loop  (cost=92251.26..582428.22 rows=77 width=20) (actual time=408.343..1083.600 rows=3473 loops=1)
                                       Buffers: shared hit=45314 read=36056
                                       ->  Hash Join  (cost=92250.79..465698.18 rows=2665 width=12) (actual time=408.231..808.369 rows=2506 loops=1)
                                             Hash Cond: (mi2.movie_id = t.id)
                                             Buffers: shared hit=14194 read=33347
                                             ->  Bitmap Heap Scan on movie_info mi2  (cost=15888.78..389033.58 rows=73583 width=8) (actual time=38.245..377.829 rows=685795 loops=1)
                                                   Recheck Cond: (info_type_id = 7)
                                                   Filter: ((info)::text = ANY ('{"OFM:35 mm",PCS:Spherical,"PFM:35 mm","RAT:1.37 : 1"}'::text[]))
                                                   Rows Removed by Filter: 716107
                                                   Heap Blocks: exact=10050
                                                   Buffers: shared hit=1611 read=9538
                                                   ->  Bitmap Index Scan on info_type_id_movie_info  (cost=0.00..15870.39 rows=1484527 width=0) (actual time=36.987..36.987 rows=1401902 loops=1)
                                                         Index Cond: (info_type_id = 7)
                                                         Buffers: shared read=1099
                                             ->  Hash  (cost=75217.46..75217.46 rows=91564 width=4) (actual time=369.350..369.353 rows=7795 loops=1)
                                                   Buckets: 131072  Batches: 1  Memory Usage: 1299kB
                                                   Buffers: shared hit=12583 read=23809
                                                   ->  Hash Join  (cost=1.13..75217.46 rows=91564 width=4) (actual time=0.120..367.438 rows=7795 loops=1)
                                                         Hash Cond: (t.kind_id = kt.id)
                                                         Buffers: shared hit=12583 read=23809
                                                         ->  Seq Scan on title t  (cost=0.00..74315.95 rows=213650 width=8) (actual time=0.019..354.448 rows=212483 loops=1)
                                                               Filter: ((production_year <= 1970) AND (1950 < production_year))
                                                               Rows Removed by Filter: 2315829
                                                               Buffers: shared hit=12582 read=23809
                                                         ->  Hash  (cost=1.10..1.10 rows=3 width=4) (actual time=0.012..0.014 rows=3 loops=1)
                                                               Buckets: 1024  Batches: 1  Memory Usage: 9kB
                                                               Buffers: shared hit=1
                                                               ->  Seq Scan on kind_type kt  (cost=0.00..1.10 rows=3 width=4) (actual time=0.008..0.009 rows=3 loops=1)
                                                                     Filter: ((kind)::text = ANY ('{"tv series","video game","video movie"}'::text[]))
                                                                     Rows Removed by Filter: 4
                                                                     Buffers: shared hit=1
                                       ->  Index Scan using movie_id_movie_info on movie_info mi1  (cost=0.46..43.79 rows=1 width=8) (actual time=0.105..0.109 rows=1 loops=2506)
                                             Index Cond: (movie_id = t.id)
                                             Filter: ((info_type_id = 3) AND ((info)::text = ANY ('{Action,Adventure,Animation,Comedy,Drama,Family,Musical,Romance,Thriller,War,Western}'::text[])))
                                             Rows Removed by Filter: 24
                                             Buffers: shared hit=31120 read=2709
                     ->  Index Scan using movie_id_cast_info on cast_info ci  (cost=0.44..45.44 rows=38 width=12) (actual time=0.028..0.064 rows=6 loops=3473)
                           Index Cond: (movie_id = t.id)
                           Buffers: shared hit=26891 read=2999
               ->  Hash  (cost=1.15..1.15 rows=2 width=4) (actual time=0.034..0.034 rows=2 loops=1)
                     Buckets: 1024  Batches: 1  Memory Usage: 9kB
                     Buffers: shared hit=1
                     ->  Seq Scan on role_type rt  (cost=0.00..1.15 rows=2 width=4) (actual time=0.026..0.027 rows=2 loops=1)
                           Filter: ((role)::text = ANY ('{director,editor}'::text[]))
                           Rows Removed by Filter: 10
                           Buffers: shared hit=1
         ->  Index Scan using name_pkey on name n  (cost=0.43..2.32 rows=1 width=4) (actual time=0.033..0.033 rows=0 loops=3428)
               Index Cond: (id = ci.person_id)
               Filter: ((gender)::text = ANY ('{f,m}'::text[]))
               Rows Removed by Filter: 1
               Buffers: shared hit=12939 read=773
 Planning:
   Buffers: shared hit=531 read=46
 Planning Time: 13.328 ms
 Execution Time: 1432.993 ms
(76 rows)

