                                                                                            QUERY PLAN                                                                                            
--------------------------------------------------------------------------------------------------------------------------------------------------------------------------------------------------
 Aggregate  (cost=442063.68..442063.69 rows=1 width=8) (actual time=4197.363..4197.368 rows=1 loops=1)
   Buffers: shared hit=383927 read=45358
   ->  Nested Loop  (cost=65075.38..442063.68 rows=1 width=0) (actual time=274.913..4196.970 rows=1628 loops=1)
         Buffers: shared hit=383927 read=45358
         ->  Hash Join  (cost=65074.95..442061.36 rows=1 width=4) (actual time=252.265..4044.936 rows=5601 loops=1)
               Hash Cond: (ci.role_id = rt.id)
               Buffers: shared hit=362329 read=44552
               ->  Nested Loop  (cost=65073.79..442060.15 rows=14 width=8) (actual time=251.737..4023.780 rows=164798 loops=1)
                     Buffers: shared hit=362328 read=44552
                     ->  Nested Loop  (cost=65073.35..442011.81 rows=1 width=12) (actual time=251.710..2309.967 rows=22033 loops=1)
                           Buffers: shared hit=151527 read=26894
                           ->  Nested Loop  (cost=65073.35..442009.38 rows=1 width=16) (actual time=251.705..1936.950 rows=22033 loops=1)
                                 Buffers: shared hit=129494 read=26894
                                 ->  Nested Loop  (cost=65073.35..442006.96 rows=1 width=20) (actual time=251.693..1565.530 rows=22033 loops=1)
                                       Buffers: shared hit=107461 read=26894
                                       ->  Hash Join  (cost=65072.91..438460.19 rows=78 width=12) (actual time=251.645..682.682 rows=10299 loops=1)
                                             Hash Cond: (mi1.movie_id = t.id)
                                             Buffers: shared hit=15850 read=8512
                                             ->  Bitmap Heap Scan on movie_info mi1  (cost=16451.79..389788.47 rows=13284 width=8) (actual time=44.532..464.043 rows=124932 loops=1)
                                                   Recheck Cond: (info_type_id = 3)
                                                   Filter: ((info)::text = ANY ('{Adventure,Crime,Romance,Western}'::text[]))
                                                   Rows Removed by Filter: 1408977
                                                   Heap Blocks: exact=9772
                                                   Buffers: shared hit=3124 read=7851
                                                   ->  Bitmap Index Scan on info_type_id_movie_info  (cost=0.00..16448.47 rows=1538671 width=0) (actual time=43.311..43.311 rows=1533909 loops=1)
                                                         Index Cond: (info_type_id = 3)
                                                         Buffers: shared hit=1 read=1202
                                             ->  Hash  (cost=48436.16..48436.16 rows=14797 width=4) (actual time=183.349..183.350 rows=103977 loops=1)
                                                   Buckets: 131072 (originally 16384)  Batches: 1 (originally 1)  Memory Usage: 4680kB
                                                   Buffers: shared hit=12726 read=661
                                                   ->  Nested Loop  (cost=4497.16..48436.16 rows=14797 width=4) (actual time=19.653..168.680 rows=103977 loops=1)
                                                         Buffers: shared hit=12726 read=661
                                                         ->  Seq Scan on kind_type kt  (cost=0.00..1.09 rows=1 width=4) (actual time=0.009..0.012 rows=1 loops=1)
                                                               Filter: ((kind)::text = 'movie'::text)
                                                               Rows Removed by Filter: 6
                                                               Buffers: shared hit=1
                                                         ->  Bitmap Heap Scan on title t  (cost=4497.16..48262.45 rows=17263 width=8) (actual time=19.640..162.474 rows=103977 loops=1)
                                                               Recheck Cond: (kind_id = kt.id)
                                                               Filter: ((production_year <= 1925) AND (1875 < production_year))
                                                               Rows Removed by Filter: 558848
                                                               Heap Blocks: exact=12865
                                                               Buffers: shared hit=12725 read=661
                                                               ->  Bitmap Index Scan on kind_id_title  (cost=0.00..4492.84 rows=421388 width=0) (actual time=17.375..17.375 rows=662825 loops=1)
                                                                     Index Cond: (kind_id = kt.id)
                                                                     Buffers: shared read=521
                                       ->  Index Scan using movie_id_movie_info on movie_info mi2  (cost=0.43..45.46 rows=1 width=8) (actual time=0.047..0.085 rows=2 loops=10299)
                                             Index Cond: (movie_id = t.id)
                                             Filter: ((info_type_id = 7) AND ((info)::text = ANY ('{"MET:300 m","MET:600 m","OFM:35 mm",PCS:Spherical}'::text[])))
                                             Rows Removed by Filter: 11
                                             Buffers: shared hit=91611 read=18382
                                 ->  Seq Scan on info_type it1  (cost=0.00..2.41 rows=1 width=4) (actual time=0.009..0.015 rows=1 loops=22033)
                                       Filter: (id = 3)
                                       Rows Removed by Filter: 112
                                       Buffers: shared hit=22033
                           ->  Seq Scan on info_type it2  (cost=0.00..2.41 rows=1 width=4) (actual time=0.009..0.016 rows=1 loops=22033)
                                 Filter: (id = 7)
                                 Rows Removed by Filter: 112
                                 Buffers: shared hit=22033
                     ->  Index Scan using movie_id_cast_info on cast_info ci  (cost=0.44..47.96 rows=38 width=12) (actual time=0.029..0.076 rows=7 loops=22033)
                           Index Cond: (movie_id = t.id)
                           Buffers: shared hit=210801 read=17658
               ->  Hash  (cost=1.15..1.15 rows=1 width=4) (actual time=0.033..0.033 rows=1 loops=1)
                     Buckets: 1024  Batches: 1  Memory Usage: 9kB
                     Buffers: shared hit=1
                     ->  Seq Scan on role_type rt  (cost=0.00..1.15 rows=1 width=4) (actual time=0.025..0.027 rows=1 loops=1)
                           Filter: ((role)::text = 'cinematographer'::text)
                           Rows Removed by Filter: 11
                           Buffers: shared hit=1
         ->  Index Scan using name_pkey on name n  (cost=0.43..2.32 rows=1 width=4) (actual time=0.027..0.027 rows=0 loops=5601)
               Index Cond: (id = ci.person_id)
               Filter: ((gender)::text = 'm'::text)
               Rows Removed by Filter: 1
               Buffers: shared hit=21598 read=806
 Planning:
   Buffers: shared hit=574
 Planning Time: 14.349 ms
 Execution Time: 4198.055 ms
(77 rows)

