                                                                                               QUERY PLAN                                                                                               
--------------------------------------------------------------------------------------------------------------------------------------------------------------------------------------------------------
 Aggregate  (cost=372869.82..372869.83 rows=1 width=8) (actual time=1052.400..1052.405 rows=1 loops=1)
   Buffers: shared hit=100885 read=4179
   ->  Nested Loop  (cost=15874.83..372869.82 rows=1 width=0) (actual time=157.823..1052.395 rows=8 loops=1)
         Buffers: shared hit=100885 read=4179
         ->  Hash Join  (cost=15874.40..372865.18 rows=2 width=4) (actual time=85.949..1035.863 rows=702 loops=1)
               Hash Cond: (ci.role_id = rt.id)
               Buffers: shared hit=98357 read=3899
               ->  Nested Loop  (cost=15873.23..372863.95 rows=14 width=8) (actual time=85.846..1034.915 rows=4941 loops=1)
                     Buffers: shared hit=98356 read=3899
                     ->  Nested Loop  (cost=15872.79..372811.11 rows=1 width=12) (actual time=85.821..969.926 rows=615 loops=1)
                           Buffers: shared hit=93602 read=1970
                           ->  Nested Loop  (cost=15872.79..372808.69 rows=1 width=16) (actual time=85.816..961.049 rows=615 loops=1)
                                 Buffers: shared hit=92987 read=1970
                                 ->  Nested Loop  (cost=15872.79..372806.27 rows=1 width=20) (actual time=85.801..949.597 rows=615 loops=1)
                                       Buffers: shared hit=92372 read=1970
                                       ->  Hash Join  (cost=15872.35..372322.29 rows=10 width=12) (actual time=85.702..888.313 rows=640 loops=1)
                                             Hash Cond: (t.kind_id = kt.id)
                                             Buffers: shared hit=86610 read=196
                                             ->  Nested Loop  (cost=15871.24..372321.02 rows=36 width=16) (actual time=85.661..887.929 rows=640 loops=1)
                                                   Buffers: shared hit=86609 read=196
                                                   ->  Bitmap Heap Scan on movie_info mi2  (cost=15870.81..358823.92 rows=1682 width=8) (actual time=84.916..306.541 rows=18914 loops=1)
                                                         Recheck Cond: (info_type_id = 7)
                                                         Filter: ((info)::text = 'MET:300 m'::text)
                                                         Rows Removed by Filter: 1382988
                                                         Heap Blocks: exact=10050
                                                         Buffers: shared hit=10958 read=191
                                                         ->  Bitmap Index Scan on info_type_id_movie_info  (cost=0.00..15870.39 rows=1484527 width=0) (actual time=35.758..35.759 rows=1401902 loops=1)
                                                               Index Cond: (info_type_id = 7)
                                                               Buffers: shared hit=1099
                                                   ->  Index Scan using title_pkey on title t  (cost=0.43..8.02 rows=1 width=8) (actual time=0.030..0.030 rows=0 loops=18914)
                                                         Index Cond: (id = mi2.movie_id)
                                                         Filter: ((production_year <= 1949) AND (1928 < production_year))
                                                         Rows Removed by Filter: 1
                                                         Buffers: shared hit=75651 read=5
                                             ->  Hash  (cost=1.09..1.09 rows=2 width=4) (actual time=0.017..0.018 rows=2 loops=1)
                                                   Buckets: 1024  Batches: 1  Memory Usage: 9kB
                                                   Buffers: shared hit=1
                                                   ->  Seq Scan on kind_type kt  (cost=0.00..1.09 rows=2 width=4) (actual time=0.009..0.010 rows=2 loops=1)
                                                         Filter: ((kind)::text = ANY ('{episode,movie}'::text[]))
                                                         Rows Removed by Filter: 5
                                                         Buffers: shared hit=1
                                       ->  Index Scan using movie_id_movie_info on movie_info mi1  (cost=0.43..48.39 rows=1 width=8) (actual time=0.095..0.095 rows=1 loops=640)
                                             Index Cond: (movie_id = t.id)
                                             Filter: ((info_type_id = 3) AND ((info)::text = 'Short'::text))
                                             Rows Removed by Filter: 13
                                             Buffers: shared hit=5762 read=1774
                                 ->  Seq Scan on info_type it1  (cost=0.00..2.41 rows=1 width=4) (actual time=0.010..0.017 rows=1 loops=615)
                                       Filter: (id = 3)
                                       Rows Removed by Filter: 112
                                       Buffers: shared hit=615
                           ->  Seq Scan on info_type it2  (cost=0.00..2.41 rows=1 width=4) (actual time=0.007..0.013 rows=1 loops=615)
                                 Filter: (id = 7)
                                 Rows Removed by Filter: 112
                                 Buffers: shared hit=615
                     ->  Index Scan using movie_id_cast_info on cast_info ci  (cost=0.44..52.46 rows=38 width=12) (actual time=0.038..0.103 rows=8 loops=615)
                           Index Cond: (movie_id = t.id)
                           Buffers: shared hit=4754 read=1929
               ->  Hash  (cost=1.15..1.15 rows=2 width=4) (actual time=0.039..0.040 rows=2 loops=1)
                     Buckets: 1024  Batches: 1  Memory Usage: 9kB
                     Buffers: shared hit=1
                     ->  Seq Scan on role_type rt  (cost=0.00..1.15 rows=2 width=4) (actual time=0.028..0.030 rows=2 loops=1)
                           Filter: ((role)::text = ANY ('{cinematographer,director}'::text[]))
                           Rows Removed by Filter: 10
                           Buffers: shared hit=1
         ->  Index Scan using name_pkey on name n  (cost=0.43..2.32 rows=1 width=4) (actual time=0.023..0.023 rows=0 loops=702)
               Index Cond: (id = ci.person_id)
               Filter: ((gender)::text = 'f'::text)
               Rows Removed by Filter: 1
               Buffers: shared hit=2528 read=280
 Planning:
   Buffers: shared hit=574
 Planning Time: 13.274 ms
 Execution Time: 1052.990 ms
(73 rows)

