                                                                                            QUERY PLAN                                                                                            
--------------------------------------------------------------------------------------------------------------------------------------------------------------------------------------------------
 Aggregate  (cost=635818.63..635818.64 rows=1 width=8) (actual time=2200.311..2200.319 rows=1 loops=1)
   Buffers: shared hit=161591 read=53742, temp read=898 written=898
   ->  Nested Loop  (cost=95188.44..635818.22 rows=164 width=0) (actual time=462.913..2200.236 rows=228 loops=1)
         Buffers: shared hit=161591 read=53742, temp read=898 written=898
         ->  Hash Join  (cost=95188.01..635236.02 rows=251 width=4) (actual time=462.843..2170.983 rows=977 loops=1)
               Hash Cond: (ci.role_id = rt.id)
               Buffers: shared hit=157933 read=53492, temp read=898 written=898
               ->  Nested Loop  (cost=95186.84..635229.51 rows=1505 width=8) (actual time=454.535..2165.203 rows=47172 loops=1)
                     Buffers: shared hit=157932 read=53492, temp read=898 written=898
                     ->  Nested Loop  (cost=95186.40..630531.85 rows=105 width=12) (actual time=454.507..1755.274 rows=2214 loops=1)
                           Buffers: shared hit=115997 read=43569, temp read=898 written=898
                           ->  Seq Scan on info_type it2  (cost=0.00..2.41 rows=1 width=4) (actual time=0.032..0.041 rows=1 loops=1)
                                 Filter: (id = 7)
                                 Rows Removed by Filter: 112
                                 Buffers: shared hit=1
                           ->  Nested Loop  (cost=95186.40..630528.39 rows=105 width=16) (actual time=454.474..1754.800 rows=2214 loops=1)
                                 Buffers: shared hit=115996 read=43569, temp read=898 written=898
                                 ->  Seq Scan on info_type it1  (cost=0.00..2.41 rows=1 width=4) (actual time=0.008..0.020 rows=1 loops=1)
                                       Filter: (id = 3)
                                       Rows Removed by Filter: 112
                                       Buffers: shared hit=1
                                 ->  Nested Loop  (cost=95186.40..630524.93 rows=105 width=20) (actual time=454.462..1754.312 rows=2214 loops=1)
                                       Buffers: shared hit=115995 read=43569, temp read=898 written=898
                                       ->  Hash Join  (cost=95185.96..484912.01 rows=3383 width=12) (actual time=454.097..924.158 rows=10925 loops=1)
                                             Hash Cond: (mi1.movie_id = t.id)
                                             Buffers: shared hit=22850 read=24517, temp read=898 written=898
                                             ->  Bitmap Heap Scan on movie_info mi1  (cost=16461.20..404907.43 rows=50930 width=8) (actual time=41.405..389.216 rows=487916 loops=1)
                                                   Recheck Cond: (info_type_id = 3)
                                                   Filter: ((info)::text = ANY ('{Action,Family,Mystery,Sci-Fi,Short}'::text[]))
                                                   Rows Removed by Filter: 1045993
                                                   Heap Blocks: exact=9772
                                                   Buffers: shared hit=9837 read=1138
                                                   ->  Bitmap Index Scan on info_type_id_movie_info  (cost=0.00..16448.47 rows=1538671 width=0) (actual time=40.222..40.222 rows=1533909 loops=1)
                                                         Index Cond: (info_type_id = 3)
                                                         Buffers: shared hit=1203
                                             ->  Hash  (cost=75968.50..75968.50 rows=167941 width=4) (actual time=411.518..411.521 rows=44292 loops=1)
                                                   Buckets: 262144  Batches: 2  Memory Usage: 2832kB
                                                   Buffers: shared hit=13013 read=23379, temp written=64
                                                   ->  Hash Join  (cost=1.13..75968.50 rows=167941 width=4) (actual time=0.136..402.925 rows=44292 loops=1)
                                                         Hash Cond: (t.kind_id = kt.id)
                                                         Buffers: shared hit=13013 read=23379
                                                         ->  Seq Scan on title t  (cost=0.00..74315.95 rows=391862 width=8) (actual time=0.089..378.119 rows=386415 loops=1)
                                                               Filter: ((production_year <= 1997) AND (1981 < production_year))
                                                               Rows Removed by Filter: 2141897
                                                               Buffers: shared hit=13012 read=23379
                                                         ->  Hash  (cost=1.10..1.10 rows=3 width=4) (actual time=0.012..0.013 rows=3 loops=1)
                                                               Buckets: 1024  Batches: 1  Memory Usage: 9kB
                                                               Buffers: shared hit=1
                                                               ->  Seq Scan on kind_type kt  (cost=0.00..1.10 rows=3 width=4) (actual time=0.008..0.009 rows=3 loops=1)
                                                                     Filter: ((kind)::text = ANY ('{"tv series","video game","video movie"}'::text[]))
                                                                     Rows Removed by Filter: 4
                                                                     Buffers: shared hit=1
                                       ->  Index Scan using movie_id_movie_info on movie_info mi2  (cost=0.43..43.03 rows=1 width=8) (actual time=0.066..0.076 rows=0 loops=10925)
                                             Index Cond: (movie_id = t.id)
                                             Filter: ((info_type_id = 7) AND ((info)::text = ANY ('{"OFM:35 mm","PFM:16 mm","PFM:35 mm","RAT:1.33 : 1"}'::text[])))
                                             Rows Removed by Filter: 13
                                             Buffers: shared hit=93145 read=19052
                     ->  Index Scan using movie_id_cast_info on cast_info ci  (cost=0.44..44.36 rows=38 width=12) (actual time=0.028..0.181 rows=21 loops=2214)
                           Index Cond: (movie_id = t.id)
                           Buffers: shared hit=41935 read=9923
               ->  Hash  (cost=1.15..1.15 rows=2 width=4) (actual time=0.035..0.036 rows=2 loops=1)
                     Buckets: 1024  Batches: 1  Memory Usage: 9kB
                     Buffers: shared hit=1
                     ->  Seq Scan on role_type rt  (cost=0.00..1.15 rows=2 width=4) (actual time=0.027..0.029 rows=2 loops=1)
                           Filter: ((role)::text = ANY ('{"costume designer","production designer"}'::text[]))
                           Rows Removed by Filter: 10
                           Buffers: shared hit=1
         ->  Index Scan using name_pkey on name n  (cost=0.43..2.32 rows=1 width=4) (actual time=0.029..0.029 rows=0 loops=977)
               Index Cond: (id = ci.person_id)
               Filter: ((gender)::text = ANY ('{f,m}'::text[]))
               Rows Removed by Filter: 1
               Buffers: shared hit=3658 read=250
 Planning:
   Buffers: shared hit=574
 Planning Time: 14.561 ms
 Execution Time: 2200.878 ms
(76 rows)

