                                                                                                QUERY PLAN                                                                                                 
-----------------------------------------------------------------------------------------------------------------------------------------------------------------------------------------------------------
 Aggregate  (cost=842827.62..842827.63 rows=1 width=8) (actual time=1494.963..1494.970 rows=1 loops=1)
   Buffers: shared hit=52689 read=35399, temp read=1444 written=1444
   ->  Nested Loop  (cost=539674.07..842827.45 rows=68 width=0) (actual time=1093.422..1494.852 rows=998 loops=1)
         Buffers: shared hit=52689 read=35399, temp read=1444 written=1444
         ->  Seq Scan on info_type it2  (cost=0.00..2.41 rows=1 width=4) (actual time=0.040..0.045 rows=1 loops=1)
               Filter: (id = 7)
               Rows Removed by Filter: 112
               Buffers: shared hit=1
         ->  Nested Loop  (cost=539674.07..842824.36 rows=68 width=4) (actual time=1093.381..1494.686 rows=998 loops=1)
               Buffers: shared hit=52688 read=35399, temp read=1444 written=1444
               ->  Seq Scan on info_type it1  (cost=0.00..2.41 rows=1 width=4) (actual time=0.006..0.013 rows=1 loops=1)
                     Filter: (id = 3)
                     Rows Removed by Filter: 112
                     Buffers: shared hit=1
               ->  Nested Loop  (cost=539674.07..842821.27 rows=68 width=8) (actual time=1093.374..1494.544 rows=998 loops=1)
                     Join Filter: (t.id = mi1.movie_id)
                     Buffers: shared hit=52687 read=35399, temp read=1444 written=1444
                     ->  Nested Loop  (cost=539673.63..707143.05 rows=3209 width=16) (actual time=1093.254..1373.456 rows=930 loops=1)
                           Buffers: shared hit=43195 read=31047, temp read=1444 written=1444
                           ->  Hash Join  (cost=539673.20..675101.20 rows=13814 width=20) (actual time=1093.139..1209.397 rows=6226 loops=1)
                                 Hash Cond: (ci.movie_id = t.id)
                                 Buffers: shared hit=19531 read=29807, temp read=1444 written=1444
                                 ->  Nested Loop  (cost=0.44..123965.00 rows=3020080 width=8) (actual time=0.179..83.968 rows=276403 loops=1)
                                       Buffers: shared hit=276 read=1521
                                       ->  Seq Scan on role_type rt  (cost=0.00..1.15 rows=1 width=4) (actual time=0.006..0.009 rows=1 loops=1)
                                             Filter: ((role)::text = 'costume designer'::text)
                                             Rows Removed by Filter: 11
                                             Buffers: shared hit=1
                                       ->  Index Scan using role_id_cast_info on cast_info ci  (cost=0.44..91017.52 rows=3294633 width=12) (actual time=0.171..55.779 rows=276403 loops=1)
                                             Index Cond: (role_id = rt.id)
                                             Buffers: shared hit=275 read=1521
                                 ->  Hash  (cost=539528.20..539528.20 rows=11565 width=12) (actual time=1092.797..1092.801 rows=22248 loops=1)
                                       Buckets: 32768 (originally 16384)  Batches: 1 (originally 1)  Memory Usage: 1212kB
                                       Buffers: shared hit=19255 read=28286, temp read=1444 written=1444
                                       ->  Hash Join  (cost=116697.66..539528.20 rows=11565 width=12) (actual time=648.925..1089.004 rows=22248 loops=1)
                                             Hash Cond: (mi2.movie_id = t.id)
                                             Buffers: shared hit=19255 read=28286, temp read=1444 written=1444
                                             ->  Bitmap Heap Scan on movie_info mi2  (cost=15877.63..434309.95 rows=28951 width=8) (actual time=37.190..401.563 rows=306016 loops=1)
                                                   Recheck Cond: (info_type_id = 7)
                                                   Filter: ((info)::text = ANY ('{"CAM:Panavision Cameras and Lenses",MET:,OFM:Video,"PCS:Super 35",PFM:D-Cinema,"RAT:1.33 : 1","RAT:1.85 : 1"}'::text[]))
                                                   Rows Removed by Filter: 1095886
                                                   Heap Blocks: exact=10050
                                                   Buffers: shared hit=4900 read=6249
                                                   ->  Bitmap Index Scan on info_type_id_movie_info  (cost=0.00..15870.39 rows=1484527 width=0) (actual time=35.919..35.920 rows=1401902 loops=1)
                                                         Index Cond: (info_type_id = 7)
                                                         Buffers: shared hit=1 read=1098
                                             ->  Hash  (cost=84248.88..84248.88 rows=1010013 width=4) (actual time=610.553..610.555 rows=203545 loops=1)
                                                   Buckets: 262144  Batches: 8  Memory Usage: 2942kB
                                                   Buffers: shared hit=14355 read=22037, temp written=519
                                                   ->  Hash Join  (cost=1.13..84248.88 rows=1010013 width=4) (actual time=0.048..581.683 rows=203545 loops=1)
                                                         Hash Cond: (t.kind_id = kt.id)
                                                         Buffers: shared hit=14355 read=22037
                                                         ->  Seq Scan on title t  (cost=0.00..74315.95 rows=2356696 width=8) (actual time=0.022..444.587 rows=2352201 loops=1)
                                                               Filter: ((production_year <= 2015) AND (1925 < production_year))
                                                               Rows Removed by Filter: 176111
                                                               Buffers: shared hit=14354 read=22037
                                                         ->  Hash  (cost=1.10..1.10 rows=3 width=4) (actual time=0.013..0.014 rows=3 loops=1)
                                                               Buckets: 1024  Batches: 1  Memory Usage: 9kB
                                                               Buffers: shared hit=1
                                                               ->  Seq Scan on kind_type kt  (cost=0.00..1.10 rows=3 width=4) (actual time=0.007..0.008 rows=3 loops=1)
                                                                     Filter: ((kind)::text = ANY ('{"tv movie","tv series","video game"}'::text[]))
                                                                     Rows Removed by Filter: 4
                                                                     Buffers: shared hit=1
                           ->  Index Scan using name_pkey on name n  (cost=0.43..2.32 rows=1 width=4) (actual time=0.026..0.026 rows=0 loops=6226)
                                 Index Cond: (id = ci.person_id)
                                 Filter: ((gender)::text = 'f'::text)
                                 Rows Removed by Filter: 1
                                 Buffers: shared hit=23664 read=1240
                     ->  Index Scan using movie_id_movie_info on movie_info mi1  (cost=0.43..42.27 rows=1 width=8) (actual time=0.129..0.130 rows=1 loops=930)
                           Index Cond: (movie_id = ci.movie_id)
                           Filter: ((info_type_id = 3) AND ((info)::text = ANY ('{Biography,Comedy,Crime,Drama,Music,Sci-Fi}'::text[])))
                           Rows Removed by Filter: 23
                           Buffers: shared hit=9492 read=4352
 Planning:
   Buffers: shared hit=574
 Planning Time: 9.755 ms
 Execution Time: 1495.400 ms
(77 rows)

