                                                                                            QUERY PLAN                                                                                            
--------------------------------------------------------------------------------------------------------------------------------------------------------------------------------------------------
 Aggregate  (cost=547346.21..547346.22 rows=1 width=8) (actual time=32576.079..32576.089 rows=1 loops=1)
   Buffers: shared hit=3097940 read=285562, temp read=1707 written=1707
   ->  Nested Loop  (cost=92249.51..547346.11 rows=38 width=0) (actual time=4589.032..32575.086 rows=2878 loops=1)
         Buffers: shared hit=3097940 read=285562, temp read=1707 written=1707
         ->  Seq Scan on info_type it2  (cost=0.00..2.41 rows=1 width=4) (actual time=0.037..0.048 rows=1 loops=1)
               Filter: (id = 7)
               Rows Removed by Filter: 112
               Buffers: shared hit=1
         ->  Nested Loop  (cost=92249.51..547343.32 rows=38 width=4) (actual time=4588.993..32574.269 rows=2878 loops=1)
               Buffers: shared hit=3097939 read=285562, temp read=1707 written=1707
               ->  Seq Scan on info_type it1  (cost=0.00..2.41 rows=1 width=4) (actual time=0.007..0.021 rows=1 loops=1)
                     Filter: (id = 3)
                     Rows Removed by Filter: 112
                     Buffers: shared hit=1
               ->  Nested Loop  (cost=92249.51..547340.53 rows=38 width=8) (actual time=4588.983..32573.403 rows=2878 loops=1)
                     Buffers: shared hit=3097938 read=285562, temp read=1707 written=1707
                     ->  Hash Join  (cost=92249.08..547129.45 rows=91 width=12) (actual time=498.640..31929.462 rows=18317 loops=1)
                           Hash Cond: (ci.role_id = rt.id)
                           Buffers: shared hit=3026202 read=284030, temp read=1707 written=1707
                           ->  Nested Loop  (cost=92247.92..547124.42 rows=1089 width=16) (actual time=497.748..31665.133 rows=1486704 loops=1)
                                 Buffers: shared hit=3026201 read=284030, temp read=1707 written=1707
                                 ->  Nested Loop  (cost=92247.48..543642.10 rows=76 width=20) (actual time=497.701..16962.899 rows=53502 loops=1)
                                       Buffers: shared hit=1539474 read=156128, temp read=1707 written=1707
                                       ->  Hash Join  (cost=92247.05..450536.93 rows=2122 width=12) (actual time=460.134..1476.672 rows=143453 loops=1)
                                             Hash Cond: (mi2.movie_id = t.id)
                                             Buffers: shared hit=15103 read=32438, temp read=1707 written=1707
                                             ->  Bitmap Heap Scan on movie_info mi2  (cost=15885.03..373933.99 rows=58589 width=8) (actual time=37.982..666.363 rows=538486 loops=1)
                                                   Recheck Cond: (info_type_id = 7)
                                                   Filter: ((info)::text = ANY ('{"OFM:35 mm","PFM:35 mm","RAT:2.35 : 1"}'::text[]))
                                                   Rows Removed by Filter: 863416
                                                   Heap Blocks: exact=10050
                                                   Buffers: shared hit=2235 read=8914
                                                   ->  Bitmap Index Scan on info_type_id_movie_info  (cost=0.00..15870.39 rows=1484527 width=0) (actual time=36.742..36.743 rows=1401902 loops=1)
                                                         Index Cond: (info_type_id = 7)
                                                         Buffers: shared read=1099
                                             ->  Hash  (cost=75217.46..75217.46 rows=91564 width=4) (actual time=421.626..421.629 rows=204688 loops=1)
                                                   Buckets: 262144 (originally 131072)  Batches: 2 (originally 1)  Memory Usage: 6145kB
                                                   Buffers: shared hit=12868 read=23524, temp written=299
                                                   ->  Hash Join  (cost=1.13..75217.46 rows=91564 width=4) (actual time=0.040..382.429 rows=204688 loops=1)
                                                         Hash Cond: (t.kind_id = kt.id)
                                                         Buffers: shared hit=12868 read=23524
                                                         ->  Seq Scan on title t  (cost=0.00..74315.95 rows=213650 width=8) (actual time=0.021..356.947 rows=212483 loops=1)
                                                               Filter: ((production_year <= 1970) AND (1950 < production_year))
                                                               Rows Removed by Filter: 2315829
                                                               Buffers: shared hit=12867 read=23524
                                                         ->  Hash  (cost=1.10..1.10 rows=3 width=4) (actual time=0.012..0.013 rows=3 loops=1)
                                                               Buckets: 1024  Batches: 1  Memory Usage: 9kB
                                                               Buffers: shared hit=1
                                                               ->  Seq Scan on kind_type kt  (cost=0.00..1.10 rows=3 width=4) (actual time=0.007..0.008 rows=3 loops=1)
                                                                     Filter: ((kind)::text = ANY ('{episode,movie,"tv movie"}'::text[]))
                                                                     Rows Removed by Filter: 4
                                                                     Buffers: shared hit=1
                                       ->  Index Scan using movie_id_movie_info on movie_info mi1  (cost=0.43..43.87 rows=1 width=8) (actual time=0.107..0.107 rows=0 loops=143453)
                                             Index Cond: (movie_id = t.id)
                                             Filter: ((info_type_id = 3) AND ((info)::text = ANY ('{Comedy,Crime,Drama,Family,Short,Western}'::text[])))
                                             Rows Removed by Filter: 14
                                             Buffers: shared hit=1524371 read=123690
                                 ->  Index Scan using movie_id_cast_info on cast_info ci  (cost=0.44..45.44 rows=38 width=12) (actual time=0.036..0.267 rows=28 loops=53502)
                                       Index Cond: (movie_id = t.id)
                                       Buffers: shared hit=1486727 read=127902
                           ->  Hash  (cost=1.15..1.15 rows=1 width=4) (actual time=0.012..0.013 rows=1 loops=1)
                                 Buckets: 1024  Batches: 1  Memory Usage: 9kB
                                 Buffers: shared hit=1
                                 ->  Seq Scan on role_type rt  (cost=0.00..1.15 rows=1 width=4) (actual time=0.007..0.008 rows=1 loops=1)
                                       Filter: ((role)::text = 'costume designer'::text)
                                       Rows Removed by Filter: 11
                                       Buffers: shared hit=1
                     ->  Index Scan using name_pkey on name n  (cost=0.43..2.32 rows=1 width=4) (actual time=0.034..0.034 rows=0 loops=18317)
                           Index Cond: (id = ci.person_id)
                           Filter: ((gender)::text = 'm'::text)
                           Rows Removed by Filter: 1
                           Buffers: shared hit=71736 read=1532
 Planning:
   Buffers: shared hit=506 read=68
 Planning Time: 13.018 ms
 Execution Time: 32576.678 ms
(76 rows)

