                                                                                            QUERY PLAN                                                                                            
--------------------------------------------------------------------------------------------------------------------------------------------------------------------------------------------------
 Aggregate  (cost=710630.73..710630.74 rows=1 width=8) (actual time=1701.257..1701.265 rows=1 loops=1)
   Buffers: shared hit=76814 read=67031, temp read=1122 written=1122
   ->  Nested Loop  (cost=95349.00..710630.56 rows=69 width=0) (actual time=449.339..1701.243 rows=24 loops=1)
         Buffers: shared hit=76814 read=67031, temp read=1122 written=1122
         ->  Seq Scan on info_type it2  (cost=0.00..2.41 rows=1 width=4) (actual time=0.050..0.055 rows=1 loops=1)
               Filter: (id = 7)
               Rows Removed by Filter: 112
               Buffers: shared hit=1
         ->  Nested Loop  (cost=95349.00..710627.46 rows=69 width=4) (actual time=449.288..1701.179 rows=24 loops=1)
               Buffers: shared hit=76813 read=67031, temp read=1122 written=1122
               ->  Seq Scan on info_type it1  (cost=0.00..2.41 rows=1 width=4) (actual time=0.010..0.018 rows=1 loops=1)
                     Filter: (id = 3)
                     Rows Removed by Filter: 112
                     Buffers: shared hit=1
               ->  Nested Loop  (cost=95349.00..710624.36 rows=69 width=8) (actual time=449.274..1701.148 rows=24 loops=1)
                     Buffers: shared hit=76812 read=67031, temp read=1122 written=1122
                     ->  Hash Join  (cost=95348.57..710243.96 rows=164 width=12) (actual time=433.085..1690.403 rows=179 loops=1)
                           Hash Cond: (ci.role_id = rt.id)
                           Buffers: shared hit=76144 read=66983, temp read=1122 written=1122
                           ->  Nested Loop  (cost=95347.41..710235.81 rows=1964 width=16) (actual time=415.416..1687.081 rows=27394 loops=1)
                                 Buffers: shared hit=76143 read=66983, temp read=1122 written=1122
                                 ->  Nested Loop  (cost=95346.97..704131.87 rows=137 width=20) (actual time=414.530..1352.351 rows=3321 loops=1)
                                       Buffers: shared hit=50292 read=56479, temp read=1122 written=1122
                                       ->  Hash Join  (cost=95346.53..485164.70 rows=5096 width=12) (actual time=414.430..891.872 rows=4598 loops=1)
                                             Hash Cond: (mi2.movie_id = t.id)
                                             Buffers: shared hit=4515 read=43026, temp read=1122 written=1122
                                             ->  Bitmap Heap Scan on movie_info mi2  (cost=15886.83..404127.46 rows=65753 width=8) (actual time=39.458..397.231 rows=646154 loops=1)
                                                   Recheck Cond: (info_type_id = 7)
                                                   Filter: ((info)::text = ANY ('{"MET:300 m","MET:600 m","OFM:35 mm",PCS:Spherical,"RAT:1.33 : 1"}'::text[]))
                                                   Rows Removed by Filter: 755748
                                                   Heap Blocks: exact=10050
                                                   Buffers: shared hit=4514 read=6635
                                                   ->  Bitmap Index Scan on info_type_id_movie_info  (cost=0.00..15870.39 rows=1484527 width=0) (actual time=38.190..38.190 rows=1401902 loops=1)
                                                         Index Cond: (info_type_id = 7)
                                                         Buffers: shared read=1099
                                             ->  Hash  (cost=76244.10..76244.10 rows=195968 width=4) (actual time=373.678..373.681 rows=11843 loops=1)
                                                   Buckets: 262144  Batches: 2  Memory Usage: 2260kB
                                                   Buffers: shared hit=1 read=36391, temp written=17
                                                   ->  Hash Join  (cost=1.13..76244.10 rows=195968 width=4) (actual time=0.135..371.028 rows=11843 loops=1)
                                                         Hash Cond: (t.kind_id = kt.id)
                                                         Buffers: shared hit=1 read=36391
                                                         ->  Seq Scan on title t  (cost=0.00..74315.95 rows=457258 width=8) (actual time=0.026..345.386 rows=451569 loops=1)
                                                               Filter: ((production_year <= 1975) AND (1875 < production_year))
                                                               Rows Removed by Filter: 2076743
                                                               Buffers: shared read=36391
                                                         ->  Hash  (cost=1.10..1.10 rows=3 width=4) (actual time=0.013..0.014 rows=3 loops=1)
                                                               Buckets: 1024  Batches: 1  Memory Usage: 9kB
                                                               Buffers: shared hit=1
                                                               ->  Seq Scan on kind_type kt  (cost=0.00..1.10 rows=3 width=4) (actual time=0.007..0.009 rows=3 loops=1)
                                                                     Filter: ((kind)::text = ANY ('{"tv series","video game","video movie"}'::text[]))
                                                                     Rows Removed by Filter: 4
                                                                     Buffers: shared hit=1
                                       ->  Index Scan using movie_id_movie_info on movie_info mi1  (cost=0.43..42.96 rows=1 width=8) (actual time=0.097..0.100 rows=1 loops=4598)
                                             Index Cond: (movie_id = t.id)
                                             Filter: ((info_type_id = 3) AND ((info)::text = ANY ('{Action,Comedy,Documentary,Drama,Musical}'::text[])))
                                             Rows Removed by Filter: 20
                                             Buffers: shared hit=45777 read=13453
                                 ->  Index Scan using movie_id_cast_info on cast_info ci  (cost=0.44..44.17 rows=38 width=12) (actual time=0.028..0.099 rows=8 loops=3321)
                                       Index Cond: (movie_id = t.id)
                                       Buffers: shared hit=25851 read=10504
                           ->  Hash  (cost=1.15..1.15 rows=1 width=4) (actual time=0.018..0.019 rows=1 loops=1)
                                 Buckets: 1024  Batches: 1  Memory Usage: 9kB
                                 Buffers: shared hit=1
                                 ->  Seq Scan on role_type rt  (cost=0.00..1.15 rows=1 width=4) (actual time=0.010..0.012 rows=1 loops=1)
                                       Filter: ((role)::text = 'costume designer'::text)
                                       Rows Removed by Filter: 11
                                       Buffers: shared hit=1
                     ->  Index Scan using name_pkey on name n  (cost=0.43..2.32 rows=1 width=4) (actual time=0.059..0.059 rows=0 loops=179)
                           Index Cond: (id = ci.person_id)
                           Filter: ((gender)::text = 'm'::text)
                           Rows Removed by Filter: 1
                           Buffers: shared hit=668 read=48
 Planning:
   Buffers: shared hit=483 read=91
 Planning Time: 13.623 ms
 Execution Time: 1701.789 ms
(76 rows)

