                                                                                            QUERY PLAN                                                                                            
--------------------------------------------------------------------------------------------------------------------------------------------------------------------------------------------------
 Aggregate  (cost=486746.10..486746.11 rows=1 width=8) (actual time=1219.103..1219.111 rows=1 loops=1)
   Buffers: shared hit=52530 read=51161, temp read=807 written=807
   ->  Nested Loop  (cost=95055.13..486746.09 rows=3 width=0) (actual time=521.288..1218.985 rows=1051 loops=1)
         Buffers: shared hit=52530 read=51161, temp read=807 written=807
         ->  Seq Scan on info_type it2  (cost=0.00..2.41 rows=1 width=4) (actual time=0.046..0.053 rows=1 loops=1)
               Filter: (id = 7)
               Rows Removed by Filter: 112
               Buffers: shared hit=1
         ->  Nested Loop  (cost=95055.13..486743.65 rows=3 width=4) (actual time=521.240..1218.799 rows=1051 loops=1)
               Buffers: shared hit=52529 read=51161, temp read=807 written=807
               ->  Seq Scan on info_type it1  (cost=0.00..2.41 rows=1 width=4) (actual time=0.013..0.022 rows=1 loops=1)
                     Filter: (id = 3)
                     Rows Removed by Filter: 112
                     Buffers: shared hit=1
               ->  Nested Loop  (cost=95055.13..486741.21 rows=3 width=8) (actual time=521.224..1218.636 rows=1051 loops=1)
                     Buffers: shared hit=52528 read=51161, temp read=807 written=807
                     ->  Hash Join  (cost=95054.70..486713.37 rows=12 width=12) (actual time=521.185..1188.279 rows=1051 loops=1)
                           Hash Cond: (ci.role_id = rt.id)
                           Buffers: shared hit=49897 read=49588, temp read=807 written=807
                           ->  Nested Loop  (cost=95053.54..486711.70 rows=143 width=16) (actual time=521.118..1187.405 rows=6235 loops=1)
                                 Buffers: shared hit=49896 read=49588, temp read=807 written=807
                                 ->  Nested Loop  (cost=95053.10..486267.96 rows=10 width=20) (actual time=521.088..1131.096 rows=278 loops=1)
                                       Buffers: shared hit=46072 read=46571, temp read=807 written=807
                                       ->  Hash Join  (cost=95052.66..438836.43 rows=1111 width=12) (actual time=521.024..809.348 rows=3642 loops=1)
                                             Hash Cond: (mi2.movie_id = t.id)
                                             Buffers: shared hit=12994 read=34547, temp read=807 written=807
                                             ->  Bitmap Heap Scan on movie_info mi2  (cost=15874.89..358828.00 rows=18012 width=8) (actual time=37.703..268.434 rows=172893 loops=1)
                                                   Recheck Cond: (info_type_id = 7)
                                                   Filter: ((info)::text = ANY ('{PCS:Spherical,"RAT:1.37 : 1"}'::text[]))
                                                   Rows Removed by Filter: 1229009
                                                   Heap Blocks: exact=10050
                                                   Buffers: shared hit=10970 read=179
                                                   ->  Bitmap Index Scan on info_type_id_movie_info  (cost=0.00..15870.39 rows=1484527 width=0) (actual time=36.330..36.330 rows=1401902 loops=1)
                                                         Index Cond: (info_type_id = 7)
                                                         Buffers: shared hit=1099
                                             ->  Hash  (cost=76617.91..76617.91 rows=155989 width=4) (actual time=481.742..481.746 rows=347340 loops=1)
                                                   Buckets: 262144  Batches: 2  Memory Usage: 8150kB
                                                   Buffers: shared hit=2024 read=34368, temp written=509
                                                   ->  Hash Join  (cost=1.11..76617.91 rows=155989 width=4) (actual time=0.030..424.566 rows=347340 loops=1)
                                                         Hash Cond: (t.kind_id = kt.id)
                                                         Buffers: shared hit=2024 read=34368
                                                         ->  Seq Scan on title t  (cost=0.00..74315.95 rows=545963 width=8) (actual time=0.013..371.074 rows=538239 loops=1)
                                                               Filter: ((production_year <= 1990) AND (1950 < production_year))
                                                               Rows Removed by Filter: 1990073
                                                               Buffers: shared hit=2023 read=34368
                                                         ->  Hash  (cost=1.09..1.09 rows=2 width=4) (actual time=0.010..0.011 rows=2 loops=1)
                                                               Buckets: 1024  Batches: 1  Memory Usage: 9kB
                                                               Buffers: shared hit=1
                                                               ->  Seq Scan on kind_type kt  (cost=0.00..1.09 rows=2 width=4) (actual time=0.006..0.007 rows=2 loops=1)
                                                                     Filter: ((kind)::text = ANY ('{episode,"tv movie"}'::text[]))
                                                                     Rows Removed by Filter: 5
                                                                     Buffers: shared hit=1
                                       ->  Index Scan using movie_id_movie_info on movie_info mi1  (cost=0.43..42.68 rows=1 width=8) (actual time=0.088..0.088 rows=0 loops=3642)
                                             Index Cond: (movie_id = t.id)
                                             Filter: (((info)::text = ANY ('{Documentary,Family}'::text[])) AND (info_type_id = 3))
                                             Rows Removed by Filter: 16
                                             Buffers: shared hit=33078 read=12024
                                 ->  Index Scan using movie_id_cast_info on cast_info ci  (cost=0.44..43.99 rows=38 width=12) (actual time=0.031..0.198 rows=22 loops=278)
                                       Index Cond: (movie_id = t.id)
                                       Buffers: shared hit=3824 read=3017
                           ->  Hash  (cost=1.15..1.15 rows=1 width=4) (actual time=0.017..0.018 rows=1 loops=1)
                                 Buckets: 1024  Batches: 1  Memory Usage: 9kB
                                 Buffers: shared hit=1
                                 ->  Seq Scan on role_type rt  (cost=0.00..1.15 rows=1 width=4) (actual time=0.010..0.012 rows=1 loops=1)
                                       Filter: ((role)::text = 'actress'::text)
                                       Rows Removed by Filter: 11
                                       Buffers: shared hit=1
                     ->  Index Scan using name_pkey on name n  (cost=0.43..2.32 rows=1 width=4) (actual time=0.028..0.028 rows=1 loops=1051)
                           Index Cond: (id = ci.person_id)
                           Filter: ((gender)::text = 'f'::text)
                           Buffers: shared hit=2631 read=1573
 Planning:
   Buffers: shared hit=574
 Planning Time: 13.007 ms
 Execution Time: 1219.704 ms
(75 rows)

