                                                                                            QUERY PLAN                                                                                             
---------------------------------------------------------------------------------------------------------------------------------------------------------------------------------------------------
 Aggregate  (cost=399116.26..399116.27 rows=1 width=8) (actual time=2850.839..2850.844 rows=1 loops=1)
   Buffers: shared hit=243301 read=42645
   ->  Nested Loop  (cost=48622.87..399116.26 rows=1 width=0) (actual time=202.750..2850.485 rows=2051 loops=1)
         Buffers: shared hit=243301 read=42645
         ->  Nested Loop  (cost=48622.87..399113.83 rows=1 width=4) (actual time=202.744..2826.792 rows=2051 loops=1)
               Buffers: shared hit=241250 read=42645
               ->  Nested Loop  (cost=48622.87..399111.41 rows=1 width=8) (actual time=202.727..2799.018 rows=2051 loops=1)
                     Join Filter: (t.id = mi1.movie_id)
                     Buffers: shared hit=239199 read=42645
                     ->  Nested Loop  (cost=48622.43..398016.11 rows=26 width=16) (actual time=202.675..2572.665 rows=2397 loops=1)
                           Join Filter: (t.id = mi2.movie_id)
                           Buffers: shared hit=216362 read=38776
                           ->  Nested Loop  (cost=48622.00..225085.68 rows=4105 width=8) (actual time=201.093..2385.095 rows=2406 loops=1)
                                 Buffers: shared hit=193250 read=35852
                                 ->  Hash Join  (cost=48621.57..184088.17 rows=17675 width=12) (actual time=196.848..1339.780 rows=48449 loops=1)
                                       Hash Cond: (ci.movie_id = t.id)
                                       Buffers: shared hit=7292 read=28014
                                       ->  Nested Loop  (cost=0.44..123965.00 rows=3020080 width=8) (actual time=0.297..785.365 rows=2728943 loops=1)
                                             Buffers: shared hit=4079 read=17840
                                             ->  Seq Scan on role_type rt  (cost=0.00..1.15 rows=1 width=4) (actual time=0.028..0.031 rows=1 loops=1)
                                                   Filter: ((role)::text = 'writer'::text)
                                                   Rows Removed by Filter: 11
                                                   Buffers: shared hit=1
                                             ->  Index Scan using role_id_cast_info on cast_info ci  (cost=0.44..91017.52 rows=3294633 width=12) (actual time=0.265..530.210 rows=2728943 loops=1)
                                                   Index Cond: (role_id = rt.id)
                                                   Buffers: shared hit=4078 read=17840
                                       ->  Hash  (cost=48436.16..48436.16 rows=14797 width=4) (actual time=196.081..196.083 rows=103977 loops=1)
                                             Buckets: 131072 (originally 16384)  Batches: 1 (originally 1)  Memory Usage: 4680kB
                                             Buffers: shared hit=3213 read=10174
                                             ->  Nested Loop  (cost=4497.16..48436.16 rows=14797 width=4) (actual time=23.000..180.692 rows=103977 loops=1)
                                                   Buffers: shared hit=3213 read=10174
                                                   ->  Seq Scan on kind_type kt  (cost=0.00..1.09 rows=1 width=4) (actual time=0.011..0.014 rows=1 loops=1)
                                                         Filter: ((kind)::text = 'movie'::text)
                                                         Rows Removed by Filter: 6
                                                         Buffers: shared hit=1
                                                   ->  Bitmap Heap Scan on title t  (cost=4497.16..48262.45 rows=17263 width=8) (actual time=22.985..174.341 rows=103977 loops=1)
                                                         Recheck Cond: (kind_id = kt.id)
                                                         Filter: ((production_year <= 1925) AND (1875 < production_year))
                                                         Rows Removed by Filter: 558848
                                                         Heap Blocks: exact=12865
                                                         Buffers: shared hit=3212 read=10174
                                                         ->  Bitmap Index Scan on kind_id_title  (cost=0.00..4492.84 rows=421388 width=0) (actual time=20.653..20.653 rows=662825 loops=1)
                                                               Index Cond: (kind_id = kt.id)
                                                               Buffers: shared read=521
                                 ->  Index Scan using name_pkey on name n  (cost=0.43..2.32 rows=1 width=4) (actual time=0.021..0.021 rows=0 loops=48449)
                                       Index Cond: (id = ci.person_id)
                                       Filter: ((gender)::text = 'f'::text)
                                       Rows Removed by Filter: 1
                                       Buffers: shared hit=185958 read=7838
                           ->  Index Scan using movie_id_movie_info on movie_info mi2  (cost=0.43..42.11 rows=1 width=8) (actual time=0.053..0.077 rows=1 loops=2406)
                                 Index Cond: (movie_id = ci.movie_id)
                                 Filter: ((info_type_id = 7) AND ((info)::text = ANY ('{"MET:300 m","OFM:68 mm",PCS:Spherical}'::text[])))
                                 Rows Removed by Filter: 12
                                 Buffers: shared hit=23112 read=2924
                     ->  Index Scan using movie_id_movie_info on movie_info mi1  (cost=0.43..42.11 rows=1 width=8) (actual time=0.094..0.094 rows=1 loops=2397)
                           Index Cond: (movie_id = ci.movie_id)
                           Filter: ((info_type_id = 3) AND ((info)::text = ANY ('{Comedy,Documentary,Short}'::text[])))
                           Rows Removed by Filter: 13
                           Buffers: shared hit=22837 read=3869
               ->  Seq Scan on info_type it1  (cost=0.00..2.41 rows=1 width=4) (actual time=0.007..0.012 rows=1 loops=2051)
                     Filter: (id = 3)
                     Rows Removed by Filter: 112
                     Buffers: shared hit=2051
         ->  Seq Scan on info_type it2  (cost=0.00..2.41 rows=1 width=4) (actual time=0.005..0.010 rows=1 loops=2051)
               Filter: (id = 7)
               Rows Removed by Filter: 112
               Buffers: shared hit=2051
 Planning:
   Buffers: shared hit=574
 Planning Time: 12.320 ms
 Execution Time: 2851.416 ms
(71 rows)

