                                                                                               QUERY PLAN                                                                                                
---------------------------------------------------------------------------------------------------------------------------------------------------------------------------------------------------------
 Aggregate  (cost=730662.67..730662.68 rows=1 width=8) (actual time=649.046..649.053 rows=1 loops=1)
   Buffers: shared hit=22392 read=6068, temp read=929 written=929
   ->  Nested Loop  (cost=71208.08..730662.30 rows=148 width=0) (actual time=642.418..649.047 rows=2 loops=1)
         Buffers: shared hit=22392 read=6068, temp read=929 written=929
         ->  Seq Scan on info_type it2  (cost=0.00..2.41 rows=1 width=4) (actual time=0.051..0.057 rows=1 loops=1)
               Filter: (id = 7)
               Rows Removed by Filter: 112
               Buffers: shared hit=1
         ->  Nested Loop  (cost=71208.08..730658.41 rows=148 width=4) (actual time=642.365..648.987 rows=2 loops=1)
               Buffers: shared hit=22391 read=6068, temp read=929 written=929
               ->  Seq Scan on info_type it1  (cost=0.00..2.41 rows=1 width=4) (actual time=0.010..0.017 rows=1 loops=1)
                     Filter: (id = 3)
                     Rows Removed by Filter: 112
                     Buffers: shared hit=1
               ->  Nested Loop  (cost=71208.08..730654.52 rows=148 width=8) (actual time=642.352..648.965 rows=2 loops=1)
                     Buffers: shared hit=22390 read=6068, temp read=929 written=929
                     ->  Hash Join  (cost=71207.65..730127.99 rows=227 width=12) (actual time=322.306..648.645 rows=18 loops=1)
                           Hash Cond: (ci.role_id = rt.id)
                           Buffers: shared hit=22331 read=6055, temp read=929 written=929
                           ->  Nested Loop  (cost=71206.48..730117.15 rows=2723 width=16) (actual time=236.390..647.955 rows=7519 loops=1)
                                 Buffers: shared hit=22330 read=6055, temp read=929 written=929
                                 ->  Nested Loop  (cost=71206.04..721807.40 rows=190 width=20) (actual time=236.356..594.296 rows=97 loops=1)
                                       Buffers: shared hit=17611 read=3800, temp read=929 written=929
                                       ->  Hash Join  (cost=71205.61..491303.94 rows=5428 width=12) (actual time=235.528..574.730 rows=177 loops=1)
                                             Hash Cond: (mi2.movie_id = t.id)
                                             Buffers: shared hit=16229 read=2836, temp read=929 written=929
                                             ->  Bitmap Heap Scan on movie_info mi2  (cost=15884.17..434316.49 rows=55128 width=8) (actual time=39.694..407.099 rows=536034 loops=1)
                                                   Recheck Cond: (info_type_id = 7)
                                                   Filter: ((info)::text = ANY ('{"CAM:Arriflex Cameras",OFM:Digital,"OFM:Super 16","PFM:35 mm","RAT:1.33 : 1","RAT:1.66 : 1","RAT:1.78 : 1"}'::text[]))
                                                   Rows Removed by Filter: 865868
                                                   Heap Blocks: exact=10050
                                                   Buffers: shared hit=8324 read=2825
                                                   ->  Bitmap Index Scan on info_type_id_movie_info  (cost=0.00..15870.39 rows=1484527 width=0) (actual time=38.445..38.445 rows=1401902 loops=1)
                                                         Index Cond: (info_type_id = 7)
                                                         Buffers: shared read=1099
                                             ->  Hash  (cost=51236.40..51236.40 rows=248963 width=4) (actual time=80.967..80.969 rows=8520 loops=1)
                                                   Buckets: 262144  Batches: 2  Memory Usage: 2202kB
                                                   Buffers: shared hit=7905 read=11, temp written=12
                                                   ->  Nested Loop  (cost=4565.45..51236.40 rows=248963 width=4) (actual time=2.585..79.006 rows=8520 loops=1)
                                                         Buffers: shared hit=7905 read=11
                                                         ->  Seq Scan on kind_type kt  (cost=0.00..1.09 rows=1 width=4) (actual time=0.013..0.014 rows=1 loops=1)
                                                               Filter: ((kind)::text = 'video game'::text)
                                                               Rows Removed by Filter: 6
                                                               Buffers: shared hit=1
                                                         ->  Bitmap Heap Scan on title t  (cost=4565.45..48330.74 rows=290457 width=8) (actual time=2.569..78.248 rows=8520 loops=1)
                                                               Recheck Cond: (kind_id = kt.id)
                                                               Filter: ((production_year <= 2015) AND (1990 < production_year))
                                                               Rows Removed by Filter: 4080
                                                               Heap Blocks: exact=7903
                                                               Buffers: shared hit=7904 read=11
                                                               ->  Bitmap Index Scan on kind_id_title  (cost=0.00..4492.84 rows=421388 width=0) (actual time=1.591..1.591 rows=12600 loops=1)
                                                                     Index Cond: (kind_id = kt.id)
                                                                     Buffers: shared hit=1 read=11
                                       ->  Index Scan using movie_id_movie_info on movie_info mi1  (cost=0.43..42.46 rows=1 width=8) (actual time=0.110..0.110 rows=1 loops=177)
                                             Index Cond: (movie_id = t.id)
                                             Filter: ((info_type_id = 3) AND ((info)::text = ANY ('{Comedy,Drama,Fantasy,Music,Mystery,Short}'::text[])))
                                             Rows Removed by Filter: 24
                                             Buffers: shared hit=1382 read=964
                                 ->  Index Scan using movie_id_cast_info on cast_info ci  (cost=0.44..43.36 rows=38 width=12) (actual time=0.018..0.542 rows=78 loops=97)
                                       Index Cond: (movie_id = t.id)
                                       Buffers: shared hit=4719 read=2255
                           ->  Hash  (cost=1.15..1.15 rows=1 width=4) (actual time=0.018..0.019 rows=1 loops=1)
                                 Buckets: 1024  Batches: 1  Memory Usage: 9kB
                                 Buffers: shared hit=1
                                 ->  Seq Scan on role_type rt  (cost=0.00..1.15 rows=1 width=4) (actual time=0.011..0.012 rows=1 loops=1)
                                       Filter: ((role)::text = 'editor'::text)
                                       Rows Removed by Filter: 11
                                       Buffers: shared hit=1
                     ->  Index Scan using name_pkey on name n  (cost=0.43..2.32 rows=1 width=4) (actual time=0.017..0.017 rows=0 loops=18)
                           Index Cond: (id = ci.person_id)
                           Filter: ((gender)::text = ANY ('{f,m}'::text[]))
                           Rows Removed by Filter: 1
                           Buffers: shared hit=59 read=13
 Planning:
   Buffers: shared hit=574
 Planning Time: 13.254 ms
 Execution Time: 649.732 ms
(77 rows)

