                                                                                            QUERY PLAN                                                                                            
--------------------------------------------------------------------------------------------------------------------------------------------------------------------------------------------------
 Aggregate  (cost=494274.44..494274.45 rows=1 width=8) (actual time=7977.128..7977.136 rows=1 loops=1)
   Buffers: shared hit=732195 read=85386, temp read=994 written=994
   ->  Nested Loop  (cost=92949.69..494274.43 rows=5 width=0) (actual time=1482.892..7977.113 rows=12 loops=1)
         Buffers: shared hit=732195 read=85386, temp read=994 written=994
         ->  Seq Scan on info_type it2  (cost=0.00..2.41 rows=1 width=4) (actual time=0.044..0.051 rows=1 loops=1)
               Filter: (id = 7)
               Rows Removed by Filter: 112
               Buffers: shared hit=1
         ->  Nested Loop  (cost=92949.69..494271.97 rows=5 width=4) (actual time=1482.845..7977.052 rows=12 loops=1)
               Buffers: shared hit=732194 read=85386, temp read=994 written=994
               ->  Seq Scan on info_type it1  (cost=0.00..2.41 rows=1 width=4) (actual time=0.009..0.017 rows=1 loops=1)
                     Filter: (id = 3)
                     Rows Removed by Filter: 112
                     Buffers: shared hit=1
               ->  Nested Loop  (cost=92949.69..494269.50 rows=5 width=8) (actual time=1482.833..7977.025 rows=12 loops=1)
                     Buffers: shared hit=732193 read=85386, temp read=994 written=994
                     ->  Hash Join  (cost=92949.26..494218.47 rows=22 width=12) (actual time=485.760..7948.172 rows=1094 loops=1)
                           Hash Cond: (ci.role_id = rt.id)
                           Buffers: shared hit=728043 read=85160, temp read=994 written=994
                           ->  Nested Loop  (cost=92948.10..494216.39 rows=258 width=16) (actual time=485.527..7943.367 rows=33872 loops=1)
                                 Buffers: shared hit=728042 read=85160, temp read=994 written=994
                                 ->  Nested Loop  (cost=92947.66..493408.56 rows=18 width=20) (actual time=485.486..7608.377 rows=1571 loops=1)
                                       Buffers: shared hit=699174 read=75874, temp read=994 written=994
                                       ->  Hash Join  (cost=92947.23..451098.18 rows=982 width=12) (actual time=464.916..995.325 rows=70839 loops=1)
                                             Hash Cond: (mi2.movie_id = t.id)
                                             Buffers: shared hit=1626 read=45915, temp read=994 written=994
                                             ->  Bitmap Heap Scan on movie_info mi2  (cost=15876.53..373925.49 rows=24582 width=8) (actual time=38.865..402.956 rows=258454 loops=1)
                                                   Recheck Cond: (info_type_id = 7)
                                                   Filter: ((info)::text = ANY ('{"MET:300 m","RAT:1.33 : 1","RAT:1.66 : 1"}'::text[]))
                                                   Rows Removed by Filter: 1143448
                                                   Heap Blocks: exact=10050
                                                   Buffers: shared hit=1625 read=9524
                                                   ->  Bitmap Index Scan on info_type_id_movie_info  (cost=0.00..15870.39 rows=1484527 width=0) (actual time=37.588..37.588 rows=1401902 loops=1)
                                                         Index Cond: (info_type_id = 7)
                                                         Buffers: shared read=1099
                                             ->  Hash  (cost=75807.56..75807.56 rows=101051 width=4) (actual time=425.547..425.550 rows=187142 loops=1)
                                                   Buckets: 262144 (originally 131072)  Batches: 2 (originally 1)  Memory Usage: 6145kB
                                                   Buffers: shared hit=1 read=36391, temp written=274
                                                   ->  Hash Join  (cost=1.11..75807.56 rows=101051 width=4) (actual time=0.042..388.165 rows=187142 loops=1)
                                                         Hash Cond: (t.kind_id = kt.id)
                                                         Buffers: shared hit=1 read=36391
                                                         ->  Seq Scan on title t  (cost=0.00..74315.95 rows=353677 width=8) (actual time=0.023..355.876 rows=347589 loops=1)
                                                               Filter: ((production_year <= 1975) AND (1925 < production_year))
                                                               Rows Removed by Filter: 2180723
                                                               Buffers: shared read=36391
                                                         ->  Hash  (cost=1.09..1.09 rows=2 width=4) (actual time=0.011..0.012 rows=2 loops=1)
                                                               Buckets: 1024  Batches: 1  Memory Usage: 9kB
                                                               Buffers: shared hit=1
                                                               ->  Seq Scan on kind_type kt  (cost=0.00..1.09 rows=2 width=4) (actual time=0.007..0.008 rows=2 loops=1)
                                                                     Filter: ((kind)::text = ANY ('{episode,"tv movie"}'::text[]))
                                                                     Rows Removed by Filter: 5
                                                                     Buffers: shared hit=1
                                       ->  Index Scan using movie_id_movie_info on movie_info mi1  (cost=0.43..43.08 rows=1 width=8) (actual time=0.093..0.093 rows=0 loops=70839)
                                             Index Cond: (movie_id = t.id)
                                             Filter: ((info_type_id = 3) AND ((info)::text = ANY ('{Action,Documentary,Drama}'::text[])))
                                             Rows Removed by Filter: 10
                                             Buffers: shared hit=697548 read=29959
                                 ->  Index Scan using movie_id_cast_info on cast_info ci  (cost=0.44..44.50 rows=38 width=12) (actual time=0.028..0.208 rows=22 loops=1571)
                                       Index Cond: (movie_id = t.id)
                                       Buffers: shared hit=28868 read=9286
                           ->  Hash  (cost=1.15..1.15 rows=1 width=4) (actual time=0.017..0.017 rows=1 loops=1)
                                 Buckets: 1024  Batches: 1  Memory Usage: 9kB
                                 Buffers: shared hit=1
                                 ->  Seq Scan on role_type rt  (cost=0.00..1.15 rows=1 width=4) (actual time=0.010..0.011 rows=1 loops=1)
                                       Filter: ((role)::text = 'editor'::text)
                                       Rows Removed by Filter: 11
                                       Buffers: shared hit=1
                     ->  Index Scan using name_pkey on name n  (cost=0.43..2.32 rows=1 width=4) (actual time=0.026..0.026 rows=0 loops=1094)
                           Index Cond: (id = ci.person_id)
                           Filter: ((gender)::text = 'f'::text)
                           Rows Removed by Filter: 1
                           Buffers: shared hit=4150 read=226
 Planning:
   Buffers: shared hit=482 read=92
 Planning Time: 14.210 ms
 Execution Time: 7977.699 ms
(76 rows)

