                                                                                              QUERY PLAN                                                                                              
------------------------------------------------------------------------------------------------------------------------------------------------------------------------------------------------------
 Aggregate  (cost=511432.68..511432.69 rows=1 width=8) (actual time=26946.788..26946.797 rows=1 loops=1)
   Buffers: shared hit=2637180 read=162701
   ->  Nested Loop  (cost=91200.82..511432.65 rows=13 width=0) (actual time=430.774..26932.998 rows=64183 loops=1)
         Buffers: shared hit=2637180 read=162701
         ->  Hash Join  (cost=91200.39..511360.74 rows=31 width=4) (actual time=430.740..20769.617 rows=173660 loops=1)
               Hash Cond: (ci.role_id = rt.id)
               Buffers: shared hit=1954852 read=150389
               ->  Nested Loop  (cost=91199.21..511358.90 rows=186 width=8) (actual time=430.443..20453.943 rows=1539079 loops=1)
                     Join Filter: (t.id = ci.movie_id)
                     Buffers: shared hit=1954851 read=150389
                     ->  Nested Loop  (cost=91198.77..510725.68 rows=13 width=12) (actual time=430.406..4928.438 rows=69393 loops=1)
                           Buffers: shared hit=285383 read=102706
                           ->  Seq Scan on info_type it2  (cost=0.00..2.41 rows=1 width=4) (actual time=0.027..0.036 rows=1 loops=1)
                                 Filter: (id = 7)
                                 Rows Removed by Filter: 112
                                 Buffers: shared hit=1
                           ->  Nested Loop  (cost=91198.77..510723.14 rows=13 width=16) (actual time=430.377..4912.046 rows=69393 loops=1)
                                 Buffers: shared hit=285382 read=102706
                                 ->  Seq Scan on info_type it1  (cost=0.00..2.41 rows=1 width=4) (actual time=0.013..0.023 rows=1 loops=1)
                                       Filter: (id = 3)
                                       Rows Removed by Filter: 112
                                       Buffers: shared hit=1
                                 ->  Nested Loop  (cost=91198.77..510720.59 rows=13 width=20) (actual time=430.362..4893.149 rows=69393 loops=1)
                                       Buffers: shared hit=285381 read=102706
                                       ->  Hash Join  (cost=91198.34..494956.61 rows=324 width=12) (actual time=430.294..1423.549 rows=27541 loops=1)
                                             Hash Cond: (mi1.movie_id = t.id)
                                             Buffers: shared hit=3122 read=44245
                                             ->  Bitmap Heap Scan on movie_info mi1  (cost=16461.75..420017.53 rows=53135 width=8) (actual time=42.235..894.902 rows=509396 loops=1)
                                                   Recheck Cond: (info_type_id = 3)
                                                   Filter: ((info)::text = ANY ('{Adventure,Family,Mystery,Romance,Short,War}'::text[]))
                                                   Rows Removed by Filter: 1024513
                                                   Heap Blocks: exact=9772
                                                   Buffers: shared hit=1034 read=9941
                                                   ->  Bitmap Index Scan on info_type_id_movie_info  (cost=0.00..16448.47 rows=1538671 width=0) (actual time=41.046..41.046 rows=1533909 loops=1)
                                                         Index Cond: (info_type_id = 3)
                                                         Buffers: shared hit=1 read=1202
                                             ->  Hash  (cost=74544.15..74544.15 rows=15395 width=4) (actual time=357.181..357.184 rows=50824 loops=1)
                                                   Buckets: 65536 (originally 16384)  Batches: 1 (originally 1)  Memory Usage: 2299kB
                                                   Buffers: shared hit=2088 read=34304
                                                   ->  Hash Join  (cost=1.11..74544.15 rows=15395 width=4) (actual time=0.460..349.116 rows=50824 loops=1)
                                                         Hash Cond: (t.kind_id = kt.id)
                                                         Buffers: shared hit=2088 read=34304
                                                         ->  Seq Scan on title t  (cost=0.00..74315.95 rows=53884 width=8) (actual time=0.324..342.505 rows=51669 loops=1)
                                                               Filter: ((production_year <= 1949) AND (1928 < production_year))
                                                               Rows Removed by Filter: 2476643
                                                               Buffers: shared hit=2087 read=34304
                                                         ->  Hash  (cost=1.09..1.09 rows=2 width=4) (actual time=0.010..0.011 rows=2 loops=1)
                                                               Buckets: 1024  Batches: 1  Memory Usage: 9kB
                                                               Buffers: shared hit=1
                                                               ->  Seq Scan on kind_type kt  (cost=0.00..1.09 rows=2 width=4) (actual time=0.006..0.007 rows=2 loops=1)
                                                                     Filter: ((kind)::text = ANY ('{episode,movie}'::text[]))
                                                                     Rows Removed by Filter: 5
                                                                     Buffers: shared hit=1
                                       ->  Index Scan using movie_id_movie_info on movie_info mi2  (cost=0.43..48.64 rows=1 width=8) (actual time=0.075..0.125 rows=3 loops=27541)
                                             Index Cond: (movie_id = t.id)
                                             Filter: ((info_type_id = 7) AND ((info)::text = ANY ('{MET:,"MET:300 m","OFM:35 mm",PCS:Spherical,"PFM:35 mm","RAT:1.33 : 1","RAT:1.37 : 1"}'::text[])))
                                             Rows Removed by Filter: 15
                                             Buffers: shared hit=282259 read=58461
                     ->  Index Scan using movie_id_cast_info on cast_info ci  (cost=0.44..48.23 rows=38 width=12) (actual time=0.035..0.216 rows=22 loops=69393)
                           Index Cond: (movie_id = mi2.movie_id)
                           Buffers: shared hit=1669468 read=47683
               ->  Hash  (cost=1.15..1.15 rows=2 width=4) (actual time=0.028..0.029 rows=2 loops=1)
                     Buckets: 1024  Batches: 1  Memory Usage: 9kB
                     Buffers: shared hit=1
                     ->  Seq Scan on role_type rt  (cost=0.00..1.15 rows=2 width=4) (actual time=0.021..0.023 rows=2 loops=1)
                           Filter: ((role)::text = ANY ('{"miscellaneous crew",writer}'::text[]))
                           Rows Removed by Filter: 10
                           Buffers: shared hit=1
         ->  Index Scan using name_pkey on name n  (cost=0.43..2.32 rows=1 width=4) (actual time=0.035..0.035 rows=0 loops=173660)
               Index Cond: (id = ci.person_id)
               Filter: ((gender)::text = 'm'::text)
               Rows Removed by Filter: 1
               Buffers: shared hit=682328 read=12312
 Planning:
   Buffers: shared hit=574
 Planning Time: 13.296 ms
 Execution Time: 26947.381 ms
(77 rows)

