                                                                                               QUERY PLAN                                                                                               
--------------------------------------------------------------------------------------------------------------------------------------------------------------------------------------------------------
 Aggregate  (cost=434301.25..434301.26 rows=1 width=8) (actual time=2929.445..2929.453 rows=1 loops=1)
   Buffers: shared hit=262161 read=38429
   ->  Nested Loop  (cost=16454.50..434301.25 rows=3 width=0) (actual time=48.995..2929.426 rows=65 loops=1)
         Buffers: shared hit=262161 read=38429
         ->  Seq Scan on info_type it2  (cost=0.00..2.41 rows=1 width=4) (actual time=0.046..0.055 rows=1 loops=1)
               Filter: (id = 7)
               Rows Removed by Filter: 112
               Buffers: shared hit=1
         ->  Nested Loop  (cost=16454.50..434298.80 rows=3 width=4) (actual time=48.947..2929.357 rows=65 loops=1)
               Buffers: shared hit=262160 read=38429
               ->  Seq Scan on info_type it1  (cost=0.00..2.41 rows=1 width=4) (actual time=0.009..0.020 rows=1 loops=1)
                     Filter: (id = 3)
                     Rows Removed by Filter: 112
                     Buffers: shared hit=1
               ->  Nested Loop  (cost=16454.50..434296.36 rows=3 width=8) (actual time=48.935..2929.316 rows=65 loops=1)
                     Buffers: shared hit=262159 read=38429
                     ->  Hash Join  (cost=16454.07..434282.44 rows=6 width=12) (actual time=48.849..2923.622 rows=130 loops=1)
                           Hash Cond: (ci.role_id = rt.id)
                           Buffers: shared hit=261753 read=38315
                           ->  Nested Loop  (cost=16452.90..434281.03 rows=72 width=16) (actual time=46.359..2923.335 rows=1773 loops=1)
                                 Buffers: shared hit=261752 read=38315
                                 ->  Nested Loop  (cost=16452.46..434056.63 rows=5 width=20) (actual time=46.325..2893.987 rows=234 loops=1)
                                       Buffers: shared hit=260669 read=37013
                                       ->  Hash Join  (cost=16452.03..413529.09 rows=477 width=12) (actual time=44.131..2803.070 rows=873 loops=1)
                                             Hash Cond: (t.kind_id = kt.id)
                                             Buffers: shared hit=255154 read=32714
                                             ->  Nested Loop  (cost=16450.90..413523.27 rows=1112 width=16) (actual time=44.086..2800.636 rows=10729 loops=1)
                                                   Buffers: shared hit=255153 read=32714
                                                   ->  Bitmap Heap Scan on movie_info mi1  (cost=16450.46..359568.04 rows=7950 width=8) (actual time=43.290..521.787 rows=71270 loops=1)
                                                         Recheck Cond: (info_type_id = 3)
                                                         Filter: ((info)::text = ANY ('{Adventure,Thriller}'::text[]))
                                                         Rows Removed by Filter: 1462639
                                                         Heap Blocks: exact=9772
                                                         Buffers: shared hit=1002 read=9973
                                                         ->  Bitmap Index Scan on info_type_id_movie_info  (cost=0.00..16448.47 rows=1538671 width=0) (actual time=42.087..42.087 rows=1533909 loops=1)
                                                               Index Cond: (info_type_id = 3)
                                                               Buffers: shared read=1203
                                                   ->  Memoize  (cost=0.44..6.84 rows=1 width=8) (actual time=0.032..0.032 rows=0 loops=71270)
                                                         Cache Key: mi1.movie_id
                                                         Cache Mode: logical
                                                         Hits: 2047  Misses: 69223  Evictions: 0  Overflows: 0  Memory Usage: 5004kB
                                                         Buffers: shared hit=254151 read=22741
                                                         ->  Index Scan using title_pkey on title t  (cost=0.43..6.83 rows=1 width=8) (actual time=0.032..0.032 rows=0 loops=69223)
                                                               Index Cond: (id = mi1.movie_id)
                                                               Filter: ((production_year <= 1975) AND (1925 < production_year))
                                                               Rows Removed by Filter: 1
                                                               Buffers: shared hit=254151 read=22741
                                             ->  Hash  (cost=1.10..1.10 rows=3 width=4) (actual time=0.021..0.021 rows=3 loops=1)
                                                   Buckets: 1024  Batches: 1  Memory Usage: 9kB
                                                   Buffers: shared hit=1
                                                   ->  Seq Scan on kind_type kt  (cost=0.00..1.10 rows=3 width=4) (actual time=0.010..0.012 rows=3 loops=1)
                                                         Filter: ((kind)::text = ANY ('{"tv series","video game","video movie"}'::text[]))
                                                         Rows Removed by Filter: 4
                                                         Buffers: shared hit=1
                                       ->  Index Scan using movie_id_movie_info on movie_info mi2  (cost=0.43..43.02 rows=1 width=8) (actual time=0.085..0.104 rows=0 loops=873)
                                             Index Cond: (movie_id = t.id)
                                             Filter: ((info_type_id = 7) AND ((info)::text = 'PFM:35 mm'::text))
                                             Rows Removed by Filter: 18
                                             Buffers: shared hit=5515 read=4299
                                 ->  Index Scan using movie_id_cast_info on cast_info ci  (cost=0.44..44.50 rows=38 width=12) (actual time=0.043..0.124 rows=8 loops=234)
                                       Index Cond: (movie_id = t.id)
                                       Buffers: shared hit=1083 read=1302
                           ->  Hash  (cost=1.15..1.15 rows=1 width=4) (actual time=0.017..0.018 rows=1 loops=1)
                                 Buckets: 1024  Batches: 1  Memory Usage: 9kB
                                 Buffers: shared hit=1
                                 ->  Seq Scan on role_type rt  (cost=0.00..1.15 rows=1 width=4) (actual time=0.011..0.012 rows=1 loops=1)
                                       Filter: ((role)::text = 'director'::text)
                                       Rows Removed by Filter: 11
                                       Buffers: shared hit=1
                     ->  Index Scan using name_pkey on name n  (cost=0.43..2.32 rows=1 width=4) (actual time=0.043..0.043 rows=0 loops=130)
                           Index Cond: (id = ci.person_id)
                           Filter: ((gender)::text = 'm'::text)
                           Rows Removed by Filter: 0
                           Buffers: shared hit=406 read=114
 Planning:
   Buffers: shared hit=520 read=54
 Planning Time: 13.864 ms
 Execution Time: 2931.326 ms
(78 rows)

