                                                                                            QUERY PLAN                                                                                            
--------------------------------------------------------------------------------------------------------------------------------------------------------------------------------------------------
 Aggregate  (cost=519720.65..519720.66 rows=1 width=8) (actual time=1147.261..1147.267 rows=1 loops=1)
   Buffers: shared hit=60742 read=33840
   ->  Nested Loop  (cost=94159.57..519720.53 rows=48 width=0) (actual time=437.102..1147.173 rows=449 loops=1)
         Buffers: shared hit=60742 read=33840
         ->  Hash Join  (cost=94159.14..519548.89 rows=74 width=4) (actual time=437.063..1121.818 rows=861 loops=1)
               Hash Cond: (ci.role_id = rt.id)
               Buffers: shared hit=57805 read=33333
               ->  Nested Loop  (cost=94157.97..519546.14 rows=444 width=8) (actual time=430.981..1120.438 rows=9078 loops=1)
                     Buffers: shared hit=57804 read=33333
                     ->  Nested Loop  (cost=94157.53..518154.88 rows=31 width=12) (actual time=430.951..999.230 rows=1493 loops=1)
                           Buffers: shared hit=49110 read=28825
                           ->  Seq Scan on info_type it2  (cost=0.00..2.41 rows=1 width=4) (actual time=0.028..0.033 rows=1 loops=1)
                                 Filter: (id = 7)
                                 Rows Removed by Filter: 112
                                 Buffers: shared hit=1
                           ->  Nested Loop  (cost=94157.53..518152.15 rows=31 width=16) (actual time=430.922..998.956 rows=1493 loops=1)
                                 Buffers: shared hit=49109 read=28825
                                 ->  Seq Scan on info_type it1  (cost=0.00..2.41 rows=1 width=4) (actual time=0.006..0.013 rows=1 loops=1)
                                       Filter: (id = 3)
                                       Rows Removed by Filter: 112
                                       Buffers: shared hit=1
                                 ->  Nested Loop  (cost=94157.53..518149.43 rows=31 width=20) (actual time=430.912..998.691 rows=1493 loops=1)
                                       Buffers: shared hit=49108 read=28825
                                       ->  Hash Join  (cost=94157.09..452494.65 rows=1522 width=12) (actual time=430.190..724.288 rows=2835 loops=1)
                                             Hash Cond: (mi1.movie_id = t.id)
                                             Buffers: shared hit=28027 read=19340
                                             ->  Bitmap Heap Scan on movie_info mi1  (cost=16454.81..374681.95 rows=25388 width=8) (actual time=40.229..302.760 rows=235436 loops=1)
                                                   Recheck Cond: (info_type_id = 3)
                                                   Filter: ((info)::text = ANY ('{Biography,Comedy,Crime}'::text[]))
                                                   Rows Removed by Filter: 1298473
                                                   Heap Blocks: exact=9772
                                                   Buffers: shared hit=10934 read=41
                                                   ->  Bitmap Index Scan on info_type_id_movie_info  (cost=0.00..16448.47 rows=1538671 width=0) (actual time=39.035..39.036 rows=1533909 loops=1)
                                                         Index Cond: (info_type_id = 3)
                                                         Buffers: shared hit=1203
                                             ->  Hash  (cost=75807.58..75807.58 rows=151576 width=4) (actual time=388.958..388.961 rows=11843 loops=1)
                                                   Buckets: 262144  Batches: 1  Memory Usage: 2465kB
                                                   Buffers: shared hit=17093 read=19299
                                                   ->  Hash Join  (cost=1.13..75807.58 rows=151576 width=4) (actual time=0.148..386.070 rows=11843 loops=1)
                                                         Hash Cond: (t.kind_id = kt.id)
                                                         Buffers: shared hit=17093 read=19299
                                                         ->  Seq Scan on title t  (cost=0.00..74315.95 rows=353677 width=8) (actual time=0.027..365.829 rows=347589 loops=1)
                                                               Filter: ((production_year <= 1975) AND (1925 < production_year))
                                                               Rows Removed by Filter: 2180723
                                                               Buffers: shared hit=17092 read=19299
                                                         ->  Hash  (cost=1.10..1.10 rows=3 width=4) (actual time=0.012..0.012 rows=3 loops=1)
                                                               Buckets: 1024  Batches: 1  Memory Usage: 9kB
                                                               Buffers: shared hit=1
                                                               ->  Seq Scan on kind_type kt  (cost=0.00..1.10 rows=3 width=4) (actual time=0.007..0.008 rows=3 loops=1)
                                                                     Filter: ((kind)::text = ANY ('{"tv series","video game","video movie"}'::text[]))
                                                                     Rows Removed by Filter: 4
                                                                     Buffers: shared hit=1
                                       ->  Index Scan using movie_id_movie_info on movie_info mi2  (cost=0.43..43.13 rows=1 width=8) (actual time=0.073..0.096 rows=1 loops=2835)
                                             Index Cond: (movie_id = t.id)
                                             Filter: ((info_type_id = 7) AND ((info)::text = ANY ('{"PFM:35 mm","RAT:1.20 : 1","RAT:1.33 : 1","RAT:1.66 : 1"}'::text[])))
                                             Rows Removed by Filter: 12
                                             Buffers: shared hit=21081 read=9485
                     ->  Index Scan using movie_id_cast_info on cast_info ci  (cost=0.44..44.50 rows=38 width=12) (actual time=0.028..0.080 rows=6 loops=1493)
                           Index Cond: (movie_id = t.id)
                           Buffers: shared hit=8694 read=4508
               ->  Hash  (cost=1.15..1.15 rows=2 width=4) (actual time=0.030..0.031 rows=2 loops=1)
                     Buckets: 1024  Batches: 1  Memory Usage: 9kB
                     Buffers: shared hit=1
                     ->  Seq Scan on role_type rt  (cost=0.00..1.15 rows=2 width=4) (actual time=0.023..0.025 rows=2 loops=1)
                           Filter: ((role)::text = ANY ('{"costume designer",director}'::text[]))
                           Rows Removed by Filter: 10
                           Buffers: shared hit=1
         ->  Index Scan using name_pkey on name n  (cost=0.43..2.32 rows=1 width=4) (actual time=0.029..0.029 rows=1 loops=861)
               Index Cond: (id = ci.person_id)
               Filter: ((gender)::text = ANY ('{f,m}'::text[]))
               Rows Removed by Filter: 0
               Buffers: shared hit=2937 read=507
 Planning:
   Buffers: shared hit=574
 Planning Time: 13.164 ms
 Execution Time: 1147.931 ms
(76 rows)

