                                                                                               QUERY PLAN                                                                                               
--------------------------------------------------------------------------------------------------------------------------------------------------------------------------------------------------------
 Aggregate  (cost=403913.56..403913.57 rows=1 width=8) (actual time=3474.988..3474.995 rows=1 loops=1)
   Buffers: shared hit=336063 read=24051
   ->  Nested Loop  (cost=16453.98..403913.56 rows=1 width=0) (actual time=286.587..3474.704 rows=1051 loops=1)
         Buffers: shared hit=336063 read=24051
         ->  Hash Join  (cost=16453.55..403911.24 rows=1 width=4) (actual time=286.536..3361.017 rows=3212 loops=1)
               Hash Cond: (ci.role_id = rt.id)
               Buffers: shared hit=323868 read=23398
               ->  Nested Loop  (cost=16452.38..403910.03 rows=14 width=8) (actual time=286.415..3355.634 rows=28861 loops=1)
                     Buffers: shared hit=323867 read=23398
                     ->  Nested Loop  (cost=16451.94..403861.69 rows=1 width=12) (actual time=286.366..2990.970 rows=3723 loops=1)
                           Buffers: shared hit=290781 read=16844
                           ->  Nested Loop  (cost=16451.94..403859.27 rows=1 width=16) (actual time=286.354..2917.035 rows=3723 loops=1)
                                 Buffers: shared hit=287058 read=16844
                                 ->  Nested Loop  (cost=16451.94..403856.84 rows=1 width=20) (actual time=286.325..2852.578 rows=3723 loops=1)
                                       Buffers: shared hit=283335 read=16844
                                       ->  Hash Join  (cost=16451.51..402268.93 rows=35 width=12) (actual time=285.114..2454.927 rows=3791 loops=1)
                                             Hash Cond: (t.kind_id = kt.id)
                                             Buffers: shared hit=254985 read=5287
                                             ->  Nested Loop  (cost=16450.41..402266.80 rows=246 width=16) (actual time=285.075..2453.056 rows=3791 loops=1)
                                                   Buffers: shared hit=254984 read=5287
                                                   ->  Bitmap Heap Scan on movie_info mi1  (cost=16449.97..359567.55 rows=6001 width=8) (actual time=40.538..471.194 rows=62914 loops=1)
                                                         Recheck Cond: (info_type_id = 3)
                                                         Filter: ((info)::text = ANY ('{Romance,Sport}'::text[]))
                                                         Rows Removed by Filter: 1470995
                                                         Heap Blocks: exact=9772
                                                         Buffers: shared hit=10975
                                                         ->  Bitmap Index Scan on info_type_id_movie_info  (cost=0.00..16448.47 rows=1538671 width=0) (actual time=39.352..39.352 rows=1533909 loops=1)
                                                               Index Cond: (info_type_id = 3)
                                                               Buffers: shared hit=1203
                                                   ->  Memoize  (cost=0.44..7.16 rows=1 width=8) (actual time=0.031..0.031 rows=0 loops=62914)
                                                         Cache Key: mi1.movie_id
                                                         Cache Mode: logical
                                                         Hits: 590  Misses: 62324  Evictions: 0  Overflows: 0  Memory Usage: 4287kB
                                                         Buffers: shared hit=244009 read=5287
                                                         ->  Index Scan using title_pkey on title t  (cost=0.43..7.15 rows=1 width=8) (actual time=0.031..0.031 rows=0 loops=62324)
                                                               Index Cond: (id = mi1.movie_id)
                                                               Filter: ((production_year <= 1925) AND (1875 < production_year))
                                                               Rows Removed by Filter: 1
                                                               Buffers: shared hit=244009 read=5287
                                             ->  Hash  (cost=1.09..1.09 rows=1 width=4) (actual time=0.013..0.014 rows=1 loops=1)
                                                   Buckets: 1024  Batches: 1  Memory Usage: 9kB
                                                   Buffers: shared hit=1
                                                   ->  Seq Scan on kind_type kt  (cost=0.00..1.09 rows=1 width=4) (actual time=0.009..0.010 rows=1 loops=1)
                                                         Filter: ((kind)::text = 'movie'::text)
                                                         Rows Removed by Filter: 6
                                                         Buffers: shared hit=1
                                       ->  Index Scan using movie_id_movie_info on movie_info mi2  (cost=0.43..45.36 rows=1 width=8) (actual time=0.068..0.104 rows=1 loops=3791)
                                             Index Cond: (movie_id = t.id)
                                             Filter: (((info)::text = ANY ('{"MET:300 m","PFM:35 mm"}'::text[])) AND (info_type_id = 7))
                                             Rows Removed by Filter: 12
                                             Buffers: shared hit=28350 read=11557
                                 ->  Seq Scan on info_type it1  (cost=0.00..2.41 rows=1 width=4) (actual time=0.008..0.015 rows=1 loops=3723)
                                       Filter: (id = 3)
                                       Rows Removed by Filter: 112
                                       Buffers: shared hit=3723
                           ->  Seq Scan on info_type it2  (cost=0.00..2.41 rows=1 width=4) (actual time=0.011..0.018 rows=1 loops=3723)
                                 Filter: (id = 7)
                                 Rows Removed by Filter: 112
                                 Buffers: shared hit=3723
                     ->  Index Scan using movie_id_cast_info on cast_info ci  (cost=0.44..47.96 rows=38 width=12) (actual time=0.032..0.096 rows=8 loops=3723)
                           Index Cond: (movie_id = t.id)
                           Buffers: shared hit=33086 read=6554
               ->  Hash  (cost=1.15..1.15 rows=1 width=4) (actual time=0.035..0.036 rows=1 loops=1)
                     Buckets: 1024  Batches: 1  Memory Usage: 9kB
                     Buffers: shared hit=1
                     ->  Seq Scan on role_type rt  (cost=0.00..1.15 rows=1 width=4) (actual time=0.026..0.027 rows=1 loops=1)
                           Filter: ((role)::text = 'writer'::text)
                           Rows Removed by Filter: 11
                           Buffers: shared hit=1
         ->  Index Scan using name_pkey on name n  (cost=0.43..2.32 rows=1 width=4) (actual time=0.035..0.035 rows=0 loops=3212)
               Index Cond: (id = ci.person_id)
               Filter: ((gender)::text = 'm'::text)
               Rows Removed by Filter: 1
               Buffers: shared hit=12195 read=653
 Planning:
   Buffers: shared hit=574
 Planning Time: 13.692 ms
 Execution Time: 3476.532 ms
(78 rows)

