                                                                                                  QUERY PLAN                                                                                                  
--------------------------------------------------------------------------------------------------------------------------------------------------------------------------------------------------------------
 Aggregate  (cost=986635.98..986635.99 rows=1 width=8) (actual time=25341.954..25341.963 rows=1 loops=1)
   Buffers: shared hit=2408408 read=115077, temp read=9041 written=8215
   ->  Nested Loop  (cost=882784.54..986633.80 rows=869 width=0) (actual time=1180.843..25338.509 rows=13892 loops=1)
         Buffers: shared hit=2408408 read=115077, temp read=9041 written=8215
         ->  Seq Scan on info_type it2  (cost=0.00..2.41 rows=1 width=4) (actual time=0.049..0.061 rows=1 loops=1)
               Filter: (id = 7)
               Rows Removed by Filter: 112
               Buffers: shared hit=1
         ->  Nested Loop  (cost=882784.54..986622.70 rows=869 width=4) (actual time=1180.792..25335.166 rows=13892 loops=1)
               Buffers: shared hit=2408407 read=115077, temp read=9041 written=8215
               ->  Seq Scan on info_type it1  (cost=0.00..2.41 rows=1 width=4) (actual time=0.009..0.023 rows=1 loops=1)
                     Filter: (id = 3)
                     Rows Removed by Filter: 112
                     Buffers: shared hit=1
               ->  Nested Loop  (cost=882784.54..986611.60 rows=869 width=8) (actual time=1180.781..25331.543 rows=13892 loops=1)
                     Buffers: shared hit=2408406 read=115077, temp read=9041 written=8215
                     ->  Hash Join  (cost=882784.11..981807.87 rows=2071 width=12) (actual time=1179.747..23954.906 rows=37338 loops=1)
                           Hash Cond: (ci.role_id = rt.id)
                           Buffers: shared hit=2272445 read=101686, temp read=9041 written=8215
                           ->  Nested Loop  (cost=882782.94..981762.55 rows=12428 width=16) (actual time=1179.665..23878.629 rows=324076 loops=1)
                                 Buffers: shared hit=2272444 read=101686, temp read=9041 written=8215
                                 ->  Nested Loop  (cost=882782.50..943876.64 rows=867 width=20) (actual time=1179.646..20237.835 rows=10880 loops=1)
                                       Buffers: shared hit=2012674 read=12102, temp read=9041 written=8215
                                       ->  Nested Loop  (cost=882782.35..943827.17 rows=2023 width=24) (actual time=1179.630..20138.128 rows=132974 loops=1)
                                             Buffers: shared hit=2012662 read=12102, temp read=9041 written=8215
                                             ->  Merge Join  (cost=882781.92..883784.68 rows=18785 width=16) (actual time=1179.588..1903.905 rows=500660 loops=1)
                                                   Merge Cond: (mi1.movie_id = mi2.movie_id)
                                                   Buffers: shared hit=14505 read=7619, temp read=9041 written=8215
                                                   ->  Sort  (cost=458105.04..458342.64 rows=95039 width=8) (actual time=667.827..830.344 rows=891440 loops=1)
                                                         Sort Key: mi1.movie_id
                                                         Sort Method: external sort  Disk: 19264kB
                                                         Buffers: shared hit=10975, temp read=4807 written=4819
                                                         ->  Bitmap Heap Scan on movie_info mi1  (cost=16472.23..450247.10 rows=95039 width=8) (actual time=40.138..448.426 rows=891443 loops=1)
                                                               Recheck Cond: (info_type_id = 3)
                                                               Filter: ((info)::text = ANY ('{Action,Biography,Comedy,Crime,Documentary,Family,Romance,Short}'::text[]))
                                                               Rows Removed by Filter: 642466
                                                               Heap Blocks: exact=9772
                                                               Buffers: shared hit=10975
                                                               ->  Bitmap Index Scan on info_type_id_movie_info  (cost=0.00..16448.47 rows=1538671 width=0) (actual time=38.961..38.961 rows=1533909 loops=1)
                                                                     Index Cond: (info_type_id = 3)
                                                                     Buffers: shared hit=1203
                                                   ->  Sort  (cost=424676.88..424846.74 rows=67942 width=8) (actual time=511.750..675.279 rows=786117 loops=1)
                                                         Sort Key: mi2.movie_id
                                                         Sort Method: external sort  Disk: 13576kB
                                                         Buffers: shared hit=3530 read=7619, temp read=3811 written=3396
                                                         ->  Bitmap Heap Scan on movie_info mi2  (cost=15887.37..419223.85 rows=67942 width=8) (actual time=32.308..359.044 rows=628191 loops=1)
                                                               Recheck Cond: (info_type_id = 7)
                                                               Filter: ((info)::text = ANY ('{"OFM:35 mm",OFM:Video,"PFM:35 mm","RAT:1.37 : 1","RAT:1.85 : 1","RAT:16:9 HD"}'::text[]))
                                                               Rows Removed by Filter: 773711
                                                               Heap Blocks: exact=10050
                                                               Buffers: shared hit=3530 read=7619
                                                               ->  Bitmap Index Scan on info_type_id_movie_info  (cost=0.00..15870.39 rows=1484527 width=0) (actual time=31.075..31.075 rows=1401902 loops=1)
                                                                     Index Cond: (info_type_id = 7)
                                                                     Buffers: shared hit=1 read=1098
                                             ->  Index Scan using title_pkey on title t  (cost=0.43..3.20 rows=1 width=8) (actual time=0.036..0.036 rows=0 loops=500660)
                                                   Index Cond: (id = mi1.movie_id)
                                                   Filter: ((production_year <= 2015) AND (1975 < production_year))
                                                   Rows Removed by Filter: 1
                                                   Buffers: shared hit=1998157 read=4483
                                       ->  Memoize  (cost=0.14..0.16 rows=1 width=4) (actual time=0.000..0.000 rows=0 loops=132974)
                                             Cache Key: t.kind_id
                                             Cache Mode: logical
                                             Hits: 132968  Misses: 6  Evictions: 0  Overflows: 0  Memory Usage: 1kB
                                             Buffers: shared hit=12
                                             ->  Index Scan using kind_type_pkey on kind_type kt  (cost=0.13..0.15 rows=1 width=4) (actual time=0.010..0.010 rows=0 loops=6)
                                                   Index Cond: (id = t.kind_id)
                                                   Filter: ((kind)::text = ANY ('{"tv movie","tv series","video game"}'::text[]))
                                                   Rows Removed by Filter: 0
                                                   Buffers: shared hit=12
                                 ->  Index Scan using movie_id_cast_info on cast_info ci  (cost=0.44..43.32 rows=38 width=12) (actual time=0.038..0.325 rows=30 loops=10880)
                                       Index Cond: (movie_id = t.id)
                                       Buffers: shared hit=259770 read=89584
                           ->  Hash  (cost=1.15..1.15 rows=2 width=4) (actual time=0.020..0.021 rows=2 loops=1)
                                 Buckets: 1024  Batches: 1  Memory Usage: 9kB
                                 Buffers: shared hit=1
                                 ->  Seq Scan on role_type rt  (cost=0.00..1.15 rows=2 width=4) (actual time=0.011..0.014 rows=2 loops=1)
                                       Filter: ((role)::text = ANY ('{cinematographer,producer}'::text[]))
                                       Rows Removed by Filter: 10
                                       Buffers: shared hit=1
                     ->  Index Scan using name_pkey on name n  (cost=0.43..2.32 rows=1 width=4) (actual time=0.036..0.036 rows=0 loops=37338)
                           Index Cond: (id = ci.person_id)
                           Filter: ((gender)::text = 'm'::text)
                           Rows Removed by Filter: 1
                           Buffers: shared hit=135961 read=13391
 Planning:
   Buffers: shared hit=574
 Planning Time: 12.555 ms
 Execution Time: 25354.643 ms
(88 rows)

