                                                                                            QUERY PLAN                                                                                            
--------------------------------------------------------------------------------------------------------------------------------------------------------------------------------------------------
 Aggregate  (cost=698476.06..698476.07 rows=1 width=8) (actual time=1820.007..1820.013 rows=1 loops=1)
   Buffers: shared hit=101734 read=56653
   ->  Nested Loop  (cost=93592.35..698475.48 rows=233 width=0) (actual time=430.223..1819.753 rows=1375 loops=1)
         Buffers: shared hit=101734 read=56653
         ->  Hash Join  (cost=93591.92..697645.09 rows=358 width=4) (actual time=430.197..1718.004 rows=3076 loops=1)
               Hash Cond: (ci.role_id = rt.id)
               Buffers: shared hit=90570 read=55513
               ->  Nested Loop  (cost=93590.74..697636.28 rows=2150 width=8) (actual time=430.137..1713.630 rows=29617 loops=1)
                     Buffers: shared hit=90569 read=55513
                     ->  Nested Loop  (cost=93590.30..690904.37 rows=150 width=12) (actual time=430.113..1383.488 rows=3622 loops=1)
                           Buffers: shared hit=60770 read=46003
                           ->  Seq Scan on info_type it2  (cost=0.00..2.41 rows=1 width=4) (actual time=0.027..0.032 rows=1 loops=1)
                                 Filter: (id = 7)
                                 Rows Removed by Filter: 112
                                 Buffers: shared hit=1
                           ->  Nested Loop  (cost=93590.30..690900.45 rows=150 width=16) (actual time=430.085..1382.852 rows=3622 loops=1)
                                 Buffers: shared hit=60769 read=46003
                                 ->  Seq Scan on info_type it1  (cost=0.00..2.41 rows=1 width=4) (actual time=0.006..0.012 rows=1 loops=1)
                                       Filter: (id = 3)
                                       Rows Removed by Filter: 112
                                       Buffers: shared hit=1
                                 ->  Nested Loop  (cost=93590.30..690896.54 rows=150 width=20) (actual time=430.077..1382.247 rows=3622 loops=1)
                                       Buffers: shared hit=60768 read=46003
                                       ->  Hash Join  (cost=93589.87..512321.47 rows=4125 width=12) (actual time=429.988..903.147 rows=4598 loops=1)
                                             Hash Cond: (mi2.movie_id = t.id)
                                             Buffers: shared hit=14861 read=32680
                                             ->  Bitmap Heap Scan on movie_info mi2  (cost=15887.59..434319.91 rows=68809 width=8) (actual time=38.320..442.648 rows=673757 loops=1)
                                                   Recheck Cond: (info_type_id = 7)
                                                   Filter: ((info)::text = ANY ('{MET:,"MET:300 m","OFM:35 mm",PCS:Spherical,"RAT:1.20 : 1","RAT:1.33 : 1","RAT:2.35 : 1"}'::text[]))
                                                   Rows Removed by Filter: 728145
                                                   Heap Blocks: exact=10050
                                                   Buffers: shared hit=210 read=10939
                                                   ->  Bitmap Index Scan on info_type_id_movie_info  (cost=0.00..15870.39 rows=1484527 width=0) (actual time=37.073..37.073 rows=1401902 loops=1)
                                                         Index Cond: (info_type_id = 7)
                                                         Buffers: shared read=1099
                                             ->  Hash  (cost=75807.58..75807.58 rows=151576 width=4) (actual time=390.571..390.574 rows=11843 loops=1)
                                                   Buckets: 262144  Batches: 1  Memory Usage: 2465kB
                                                   Buffers: shared hit=14651 read=21741
                                                   ->  Hash Join  (cost=1.13..75807.58 rows=151576 width=4) (actual time=0.133..387.691 rows=11843 loops=1)
                                                         Hash Cond: (t.kind_id = kt.id)
                                                         Buffers: shared hit=14651 read=21741
                                                         ->  Seq Scan on title t  (cost=0.00..74315.95 rows=353677 width=8) (actual time=0.024..367.103 rows=347589 loops=1)
                                                               Filter: ((production_year <= 1975) AND (1925 < production_year))
                                                               Rows Removed by Filter: 2180723
                                                               Buffers: shared hit=14650 read=21741
                                                         ->  Hash  (cost=1.10..1.10 rows=3 width=4) (actual time=0.014..0.015 rows=3 loops=1)
                                                               Buckets: 1024  Batches: 1  Memory Usage: 9kB
                                                               Buffers: shared hit=1
                                                               ->  Seq Scan on kind_type kt  (cost=0.00..1.10 rows=3 width=4) (actual time=0.008..0.009 rows=3 loops=1)
                                                                     Filter: ((kind)::text = ANY ('{"tv series","video game","video movie"}'::text[]))
                                                                     Rows Removed by Filter: 4
                                                                     Buffers: shared hit=1
                                       ->  Index Scan using movie_id_movie_info on movie_info mi1  (cost=0.43..43.28 rows=1 width=8) (actual time=0.101..0.104 rows=1 loops=4598)
                                             Index Cond: (movie_id = t.id)
                                             Filter: ((info_type_id = 3) AND ((info)::text = ANY ('{Comedy,Drama,Horror,Romance,Sci-Fi,Short,Western}'::text[])))
                                             Rows Removed by Filter: 19
                                             Buffers: shared hit=45907 read=13323
                     ->  Index Scan using movie_id_cast_info on cast_info ci  (cost=0.44..44.50 rows=38 width=12) (actual time=0.025..0.089 rows=8 loops=3622)
                           Index Cond: (movie_id = t.id)
                           Buffers: shared hit=29799 read=9510
               ->  Hash  (cost=1.15..1.15 rows=2 width=4) (actual time=0.030..0.031 rows=2 loops=1)
                     Buckets: 1024  Batches: 1  Memory Usage: 9kB
                     Buffers: shared hit=1
                     ->  Seq Scan on role_type rt  (cost=0.00..1.15 rows=2 width=4) (actual time=0.022..0.023 rows=2 loops=1)
                           Filter: ((role)::text = ANY ('{director,editor}'::text[]))
                           Rows Removed by Filter: 10
                           Buffers: shared hit=1
         ->  Index Scan using name_pkey on name n  (cost=0.43..2.32 rows=1 width=4) (actual time=0.033..0.033 rows=0 loops=3076)
               Index Cond: (id = ci.person_id)
               Filter: ((gender)::text = ANY ('{f,m}'::text[]))
               Rows Removed by Filter: 1
               Buffers: shared hit=11164 read=1140
 Planning:
   Buffers: shared hit=529 read=45
 Planning Time: 12.857 ms
 Execution Time: 1820.567 ms
(76 rows)

