                                                                                            QUERY PLAN                                                                                            
--------------------------------------------------------------------------------------------------------------------------------------------------------------------------------------------------
 Aggregate  (cost=676971.61..676971.62 rows=1 width=8) (actual time=70300.936..70300.947 rows=1 loops=1)
   Buffers: shared hit=6565647 read=483812, temp read=2470 written=2470
   ->  Nested Loop  (cost=93594.75..676971.44 rows=68 width=0) (actual time=589.144..70282.046 rows=78780 loops=1)
         Buffers: shared hit=6565647 read=483812, temp read=2470 written=2470
         ->  Seq Scan on info_type it2  (cost=0.00..2.41 rows=1 width=4) (actual time=0.043..0.055 rows=1 loops=1)
               Filter: (id = 7)
               Rows Removed by Filter: 112
               Buffers: shared hit=1
         ->  Nested Loop  (cost=93594.75..676968.35 rows=68 width=4) (actual time=589.098..70263.145 rows=78780 loops=1)
               Buffers: shared hit=6565646 read=483812, temp read=2470 written=2470
               ->  Seq Scan on info_type it1  (cost=0.00..2.41 rows=1 width=4) (actual time=0.008..0.021 rows=1 loops=1)
                     Filter: (id = 3)
                     Rows Removed by Filter: 112
                     Buffers: shared hit=1
               ->  Nested Loop  (cost=93594.75..676965.26 rows=68 width=8) (actual time=589.087..70242.502 rows=78780 loops=1)
                     Buffers: shared hit=6565645 read=483812, temp read=2470 written=2470
                     ->  Hash Join  (cost=93594.32..676589.50 rows=162 width=12) (actual time=588.240..65769.133 rows=118489 loops=1)
                           Hash Cond: (ci.role_id = rt.id)
                           Buffers: shared hit=6110881 read=464620, temp read=2470 written=2470
                           ->  Nested Loop  (cost=93593.16..676581.42 rows=1949 width=16) (actual time=587.937..65239.855 rows=2562832 loops=1)
                                 Buffers: shared hit=6110880 read=464620, temp read=2470 written=2470
                                 ->  Nested Loop  (cost=93592.72..670477.81 rows=136 width=20) (actual time=587.884..37471.305 rows=114177 loops=1)
                                       Buffers: shared hit=3488680 read=231178, temp read=2470 written=2470
                                       ->  Hash Join  (cost=93592.28..467078.38 rows=4704 width=12) (actual time=524.748..1931.438 rows=319153 loops=1)
                                             Hash Cond: (mi2.movie_id = t.id)
                                             Buffers: shared hit=20773 read=26768, temp read=2470 written=2470
                                             ->  Bitmap Heap Scan on movie_info mi2  (cost=15890.00..389034.80 rows=78470 width=8) (actual time=37.041..786.769 rows=746385 loops=1)
                                                   Recheck Cond: (info_type_id = 7)
                                                   Filter: ((info)::text = ANY ('{"OFM:35 mm","PFM:35 mm","RAT:1.20 : 1","RAT:1.33 : 1"}'::text[]))
                                                   Rows Removed by Filter: 655517
                                                   Heap Blocks: exact=10050
                                                   Buffers: shared hit=4987 read=6162
                                                   ->  Bitmap Index Scan on info_type_id_movie_info  (cost=0.00..15870.39 rows=1484527 width=0) (actual time=35.811..35.811 rows=1401902 loops=1)
                                                         Index Cond: (info_type_id = 7)
                                                         Buffers: shared hit=1099
                                             ->  Hash  (cost=75807.58..75807.58 rows=151576 width=4) (actual time=486.705..486.709 rows=335746 loops=1)
                                                   Buckets: 262144 (originally 262144)  Batches: 2 (originally 1)  Memory Usage: 7957kB
                                                   Buffers: shared hit=15786 read=20606, temp written=491
                                                   ->  Hash Join  (cost=1.13..75807.58 rows=151576 width=4) (actual time=0.032..428.783 rows=335746 loops=1)
                                                         Hash Cond: (t.kind_id = kt.id)
                                                         Buffers: shared hit=15786 read=20606
                                                         ->  Seq Scan on title t  (cost=0.00..74315.95 rows=353677 width=8) (actual time=0.014..386.806 rows=347589 loops=1)
                                                               Filter: ((production_year <= 1975) AND (1925 < production_year))
                                                               Rows Removed by Filter: 2180723
                                                               Buffers: shared hit=15785 read=20606
                                                         ->  Hash  (cost=1.10..1.10 rows=3 width=4) (actual time=0.011..0.013 rows=3 loops=1)
                                                               Buckets: 1024  Batches: 1  Memory Usage: 9kB
                                                               Buffers: shared hit=1
                                                               ->  Seq Scan on kind_type kt  (cost=0.00..1.10 rows=3 width=4) (actual time=0.006..0.008 rows=3 loops=1)
                                                                     Filter: ((kind)::text = ANY ('{episode,movie,"tv movie"}'::text[]))
                                                                     Rows Removed by Filter: 4
                                                                     Buffers: shared hit=1
                                       ->  Index Scan using movie_id_movie_info on movie_info mi1  (cost=0.43..43.23 rows=1 width=8) (actual time=0.110..0.111 rows=0 loops=319153)
                                             Index Cond: (movie_id = t.id)
                                             Filter: ((info_type_id = 3) AND ((info)::text = ANY ('{Animation,Drama,Fantasy,History,Romance,Short}'::text[])))
                                             Rows Removed by Filter: 14
                                             Buffers: shared hit=3467907 read=204410
                                 ->  Index Scan using movie_id_cast_info on cast_info ci  (cost=0.44..44.50 rows=38 width=12) (actual time=0.038..0.236 rows=22 loops=114177)
                                       Index Cond: (movie_id = t.id)
                                       Buffers: shared hit=2622200 read=233442
                           ->  Hash  (cost=1.15..1.15 rows=1 width=4) (actual time=0.016..0.017 rows=1 loops=1)
                                 Buckets: 1024  Batches: 1  Memory Usage: 9kB
                                 Buffers: shared hit=1
                                 ->  Seq Scan on role_type rt  (cost=0.00..1.15 rows=1 width=4) (actual time=0.010..0.011 rows=1 loops=1)
                                       Filter: ((role)::text = 'director'::text)
                                       Rows Removed by Filter: 11
                                       Buffers: shared hit=1
                     ->  Index Scan using name_pkey on name n  (cost=0.43..2.32 rows=1 width=4) (actual time=0.037..0.037 rows=1 loops=118489)
                           Index Cond: (id = ci.person_id)
                           Filter: ((gender)::text = 'm'::text)
                           Rows Removed by Filter: 0
                           Buffers: shared hit=454764 read=19192
 Planning:
   Buffers: shared hit=574
 Planning Time: 14.010 ms
 Execution Time: 70301.532 ms
(76 rows)

