                                                                                                    QUERY PLAN                                                                                                    
------------------------------------------------------------------------------------------------------------------------------------------------------------------------------------------------------------------
 Aggregate  (cost=743363.47..743363.48 rows=1 width=8) (actual time=2923.651..2923.659 rows=1 loops=1)
   Buffers: shared hit=140349 read=107112, temp read=964 written=964
   ->  Nested Loop  (cost=536929.97..743363.34 rows=51 width=0) (actual time=964.280..2923.345 rows=2309 loops=1)
         Buffers: shared hit=140349 read=107112, temp read=964 written=964
         ->  Seq Scan on info_type it2  (cost=0.00..2.41 rows=1 width=4) (actual time=0.033..0.038 rows=1 loops=1)
               Filter: (id = 7)
               Rows Removed by Filter: 112
               Buffers: shared hit=1
         ->  Nested Loop  (cost=536929.97..743360.42 rows=51 width=4) (actual time=964.246..2923.051 rows=2309 loops=1)
               Buffers: shared hit=140348 read=107112, temp read=964 written=964
               ->  Seq Scan on info_type it1  (cost=0.00..2.41 rows=1 width=4) (actual time=0.010..0.015 rows=1 loops=1)
                     Filter: (id = 3)
                     Rows Removed by Filter: 112
                     Buffers: shared hit=1
               ->  Nested Loop  (cost=536929.97..743357.49 rows=51 width=8) (actual time=964.235..2922.752 rows=2309 loops=1)
                     Join Filter: (t.id = mi1.movie_id)
                     Buffers: shared hit=140347 read=107112, temp read=964 written=964
                     ->  Nested Loop  (cost=536929.54..685855.97 rows=1360 width=16) (actual time=964.119..2747.374 rows=2291 loops=1)
                           Buffers: shared hit=110438 read=98661, temp read=964 written=964
                           ->  Hash Join  (cost=536929.11..672277.51 rows=5854 width=20) (actual time=964.003..2342.902 rows=30063 loops=1)
                                 Hash Cond: (ci.movie_id = t.id)
                                 Buffers: shared hit=7221 read=81626, temp read=964 written=964
                                 ->  Nested Loop  (cost=0.44..123965.00 rows=3020080 width=8) (actual time=0.105..1065.133 rows=4323018 loops=1)
                                       Buffers: shared hit=3049 read=38257
                                       ->  Seq Scan on role_type rt  (cost=0.00..1.15 rows=1 width=4) (actual time=0.007..0.009 rows=1 loops=1)
                                             Filter: ((role)::text = 'miscellaneous crew'::text)
                                             Rows Removed by Filter: 11
                                             Buffers: shared hit=1
                                       ->  Index Scan using role_id_cast_info on cast_info ci  (cost=0.44..91017.52 rows=3294633 width=12) (actual time=0.096..723.342 rows=4323018 loops=1)
                                             Index Cond: (role_id = rt.id)
                                             Buffers: shared hit=3048 read=38257
                                 ->  Hash  (cost=536867.41..536867.41 rows=4901 width=12) (actual time=963.718..963.723 rows=5284 loops=1)
                                       Buckets: 8192  Batches: 1  Memory Usage: 292kB
                                       Buffers: shared hit=4172 read=43369, temp read=964 written=964
                                       ->  Hash Join  (cost=101297.41..536867.41 rows=4901 width=12) (actual time=503.956..962.708 rows=5284 loops=1)
                                             Hash Cond: (mi2.movie_id = t.id)
                                             Buffers: shared hit=4172 read=43369, temp read=964 written=964
                                             ->  Bitmap Heap Scan on movie_info mi2  (cost=15877.71..449405.87 rows=29286 width=8) (actual time=35.669..427.026 rows=309635 loops=1)
                                                   Recheck Cond: (info_type_id = 7)
                                                   Filter: ((info)::text = ANY ('{OFM:Digital,PCS:DV,"PCS:Digital Intermediate","PCS:Super 35",PFM:Video,"RAT:1.33 : 1","RAT:1.66 : 1","RAT:1.85 : 1"}'::text[]))
                                                   Rows Removed by Filter: 1092267
                                                   Heap Blocks: exact=10050
                                                   Buffers: shared hit=4171 read=6978
                                                   ->  Bitmap Index Scan on info_type_id_movie_info  (cost=0.00..15870.39 rows=1484527 width=0) (actual time=34.375..34.375 rows=1401902 loops=1)
                                                         Index Cond: (info_type_id = 7)
                                                         Buffers: shared read=1099
                                             ->  Hash  (cost=78477.74..78477.74 rows=423117 width=4) (actual time=467.047..467.049 rows=75964 loops=1)
                                                   Buckets: 262144  Batches: 4  Memory Usage: 2707kB
                                                   Buffers: shared hit=1 read=36391, temp written=166
                                                   ->  Hash Join  (cost=1.13..78477.74 rows=423117 width=4) (actual time=0.047..454.181 rows=75964 loops=1)
                                                         Hash Cond: (t.kind_id = kt.id)
                                                         Buffers: shared hit=1 read=36391
                                                         ->  Seq Scan on title t  (cost=0.00..74315.95 rows=987274 width=8) (actual time=0.025..395.504 rows=989787 loops=1)
                                                               Filter: ((production_year <= 2010) AND (2000 < production_year))
                                                               Rows Removed by Filter: 1538525
                                                               Buffers: shared read=36391
                                                         ->  Hash  (cost=1.10..1.10 rows=3 width=4) (actual time=0.013..0.014 rows=3 loops=1)
                                                               Buckets: 1024  Batches: 1  Memory Usage: 9kB
                                                               Buffers: shared hit=1
                                                               ->  Seq Scan on kind_type kt  (cost=0.00..1.10 rows=3 width=4) (actual time=0.007..0.008 rows=3 loops=1)
                                                                     Filter: ((kind)::text = ANY ('{"tv movie","tv series","video game"}'::text[]))
                                                                     Rows Removed by Filter: 4
                                                                     Buffers: shared hit=1
                           ->  Index Scan using name_pkey on name n  (cost=0.43..2.32 rows=1 width=4) (actual time=0.013..0.013 rows=0 loops=30063)
                                 Index Cond: (id = ci.person_id)
                                 Filter: ((gender)::text = 'f'::text)
                                 Rows Removed by Filter: 1
                                 Buffers: shared hit=103217 read=17035
                     ->  Index Scan using movie_id_movie_info on movie_info mi1  (cost=0.43..42.27 rows=1 width=8) (actual time=0.075..0.076 rows=1 loops=2291)
                           Index Cond: (movie_id = ci.movie_id)
                           Filter: ((info_type_id = 3) AND ((info)::text = ANY ('{Action,Animation,Comedy,Crime,Drama,Short}'::text[])))
                           Rows Removed by Filter: 45
                           Buffers: shared hit=29909 read=8451
 Planning:
   Buffers: shared hit=481 read=93
 Planning Time: 9.471 ms
 Execution Time: 2924.117 ms
(77 rows)

