                                                                                            QUERY PLAN                                                                                            
--------------------------------------------------------------------------------------------------------------------------------------------------------------------------------------------------
 Aggregate  (cost=707097.73..707097.74 rows=1 width=8) (actual time=34088.863..34088.871 rows=1 loops=1)
   Buffers: shared hit=2938463 read=545034, temp read=2611 written=2611
   ->  Nested Loop  (cost=96342.07..707097.51 rows=89 width=0) (actual time=667.164..34085.460 rows=11688 loops=1)
         Buffers: shared hit=2938463 read=545034, temp read=2611 written=2611
         ->  Seq Scan on info_type it2  (cost=0.00..2.41 rows=1 width=4) (actual time=0.044..0.054 rows=1 loops=1)
               Filter: (id = 7)
               Rows Removed by Filter: 112
               Buffers: shared hit=1
         ->  Nested Loop  (cost=96342.07..707094.20 rows=89 width=4) (actual time=667.119..34082.688 rows=11688 loops=1)
               Buffers: shared hit=2938462 read=545034, temp read=2611 written=2611
               ->  Seq Scan on info_type it1  (cost=0.00..2.41 rows=1 width=4) (actual time=0.009..0.021 rows=1 loops=1)
                     Filter: (id = 3)
                     Rows Removed by Filter: 112
                     Buffers: shared hit=1
               ->  Nested Loop  (cost=96342.07..707090.90 rows=89 width=8) (actual time=667.106..34079.710 rows=11688 loops=1)
                     Buffers: shared hit=2938461 read=545034, temp read=2611 written=2611
                     ->  Hash Join  (cost=96341.64..706596.84 rows=213 width=12) (actual time=591.589..32709.278 rows=40327 loops=1)
                           Hash Cond: (ci.role_id = rt.id)
                           Buffers: shared hit=2784933 read=537254, temp read=2611 written=2611
                           ->  Nested Loop  (cost=96340.47..706586.61 rows=2551 width=16) (actual time=591.314..32465.747 rows=1423526 loops=1)
                                 Buffers: shared hit=2784932 read=537254, temp read=2611 written=2611
                                 ->  Nested Loop  (cost=96340.03..698688.05 rows=178 width=20) (actual time=591.280..18310.861 rows=44214 loops=1)
                                       Buffers: shared hit=1522101 read=279482, temp read=2611 written=2611
                                       ->  Hash Join  (cost=96339.58..501213.04 rows=4612 width=12) (actual time=575.883..1600.383 rows=151605 loops=1)
                                             Hash Cond: (mi2.movie_id = t.id)
                                             Buffers: shared hit=13015 read=34526, temp read=2611 written=2611
                                             ->  Bitmap Heap Scan on movie_info mi2  (cost=15882.85..419219.33 rows=49831 width=8) (actual time=39.833..692.340 rows=484764 loops=1)
                                                   Recheck Cond: (info_type_id = 7)
                                                   Filter: ((info)::text = ANY ('{OFM:Video,PCS:Spherical,"RAT:1.33 : 1","RAT:1.37 : 1","RAT:1.85 : 1","RAT:2.35 : 1"}'::text[]))
                                                   Rows Removed by Filter: 917138
                                                   Heap Blocks: exact=10050
                                                   Buffers: shared hit=149 read=11000
                                                   ->  Bitmap Index Scan on info_type_id_movie_info  (cost=0.00..15870.39 rows=1484527 width=0) (actual time=38.555..38.555 rows=1401902 loops=1)
                                                         Index Cond: (info_type_id = 7)
                                                         Buffers: shared read=1099
                                             ->  Hash  (cost=76617.93..76617.93 rows=233984 width=4) (actual time=535.010..535.012 rows=504538 loops=1)
                                                   Buckets: 262144 (originally 262144)  Batches: 4 (originally 2)  Memory Usage: 6483kB
                                                   Buffers: shared hit=12866 read=23526, temp written=1107
                                                   ->  Hash Join  (cost=1.13..76617.93 rows=233984 width=4) (actual time=0.044..450.167 rows=504538 loops=1)
                                                         Hash Cond: (t.kind_id = kt.id)
                                                         Buffers: shared hit=12866 read=23526
                                                         ->  Seq Scan on title t  (cost=0.00..74315.95 rows=545963 width=8) (actual time=0.023..389.111 rows=538239 loops=1)
                                                               Filter: ((production_year <= 1990) AND (1950 < production_year))
                                                               Rows Removed by Filter: 1990073
                                                               Buffers: shared hit=12865 read=23526
                                                         ->  Hash  (cost=1.10..1.10 rows=3 width=4) (actual time=0.013..0.014 rows=3 loops=1)
                                                               Buckets: 1024  Batches: 1  Memory Usage: 9kB
                                                               Buffers: shared hit=1
                                                               ->  Seq Scan on kind_type kt  (cost=0.00..1.10 rows=3 width=4) (actual time=0.007..0.009 rows=3 loops=1)
                                                                     Filter: ((kind)::text = ANY ('{episode,movie,"tv movie"}'::text[]))
                                                                     Rows Removed by Filter: 4
                                                                     Buffers: shared hit=1
                                       ->  Index Scan using movie_id_movie_info on movie_info mi1  (cost=0.46..42.81 rows=1 width=8) (actual time=0.109..0.110 rows=0 loops=151605)
                                             Index Cond: (movie_id = t.id)
                                             Filter: ((info_type_id = 3) AND ((info)::text = ANY ('{Action,Adventure,Comedy,Crime,Documentary,Family,Horror,Mystery,Short}'::text[])))
                                             Rows Removed by Filter: 16
                                             Buffers: shared hit=1509086 read=244956
                                 ->  Index Scan using movie_id_cast_info on cast_info ci  (cost=0.44..43.99 rows=38 width=12) (actual time=0.036..0.311 rows=32 loops=44214)
                                       Index Cond: (movie_id = t.id)
                                       Buffers: shared hit=1262831 read=257772
                           ->  Hash  (cost=1.15..1.15 rows=1 width=4) (actual time=0.017..0.018 rows=1 loops=1)
                                 Buckets: 1024  Batches: 1  Memory Usage: 9kB
                                 Buffers: shared hit=1
                                 ->  Seq Scan on role_type rt  (cost=0.00..1.15 rows=1 width=4) (actual time=0.011..0.012 rows=1 loops=1)
                                       Filter: ((role)::text = 'editor'::text)
                                       Rows Removed by Filter: 11
                                       Buffers: shared hit=1
                     ->  Index Scan using name_pkey on name n  (cost=0.43..2.32 rows=1 width=4) (actual time=0.033..0.033 rows=0 loops=40327)
                           Index Cond: (id = ci.person_id)
                           Filter: ((gender)::text = 'm'::text)
                           Rows Removed by Filter: 1
                           Buffers: shared hit=153528 read=7780
 Planning:
   Buffers: shared hit=576 read=1
 Planning Time: 13.363 ms
 Execution Time: 34089.486 ms
(76 rows)

