                                                                                                 QUERY PLAN                                                                                                  
-------------------------------------------------------------------------------------------------------------------------------------------------------------------------------------------------------------
 Aggregate  (cost=648593.95..648593.96 rows=1 width=8) (actual time=3971.341..3971.350 rows=1 loops=1)
   Buffers: shared hit=289732 read=103391, temp read=846 written=846
   ->  Nested Loop  (cost=95187.02..648593.85 rows=41 width=0) (actual time=453.704..3970.534 rows=4137 loops=1)
         Buffers: shared hit=289732 read=103391, temp read=846 written=846
         ->  Seq Scan on info_type it2  (cost=0.00..2.41 rows=1 width=4) (actual time=0.039..0.046 rows=1 loops=1)
               Filter: (id = 7)
               Rows Removed by Filter: 112
               Buffers: shared hit=1
         ->  Nested Loop  (cost=95187.02..648591.03 rows=41 width=4) (actual time=453.664..3969.726 rows=4137 loops=1)
               Buffers: shared hit=289731 read=103391, temp read=846 written=846
               ->  Seq Scan on info_type it1  (cost=0.00..2.41 rows=1 width=4) (actual time=0.006..0.016 rows=1 loops=1)
                     Filter: (id = 3)
                     Rows Removed by Filter: 112
                     Buffers: shared hit=1
               ->  Nested Loop  (cost=95187.02..648588.21 rows=41 width=8) (actual time=453.655..3968.864 rows=4137 loops=1)
                     Buffers: shared hit=289730 read=103391, temp read=846 written=846
                     ->  Hash Join  (cost=95186.59..648360.89 rows=98 width=12) (actual time=453.625..3270.200 rows=20599 loops=1)
                           Hash Cond: (ci.role_id = rt.id)
                           Buffers: shared hit=215602 read=95123, temp read=846 written=846
                           ->  Nested Loop  (cost=95185.43..648355.56 rows=1175 width=16) (actual time=453.566..3252.296 rows=94524 loops=1)
                                 Buffers: shared hit=215601 read=95123, temp read=846 written=846
                                 ->  Nested Loop  (cost=95184.99..644686.91 rows=82 width=20) (actual time=453.539..2340.596 rows=3865 loops=1)
                                       Buffers: shared hit=132413 read=75136, temp read=846 written=846
                                       ->  Hash Join  (cost=95184.55..515060.79 rows=3008 width=12) (actual time=452.929..1003.558 rows=15219 loops=1)
                                             Hash Cond: (mi1.movie_id = t.id)
                                             Buffers: shared hit=13474 read=33893, temp read=846 written=846
                                             ->  Bitmap Heap Scan on movie_info mi1  (cost=16459.79..435125.12 rows=45288 width=8) (actual time=40.544..468.173 rows=456377 loops=1)
                                                   Recheck Cond: (info_type_id = 3)
                                                   Filter: ((info)::text = ANY ('{Action,Animation,Crime,Drama,Family,Horror,Mystery}'::text[]))
                                                   Rows Removed by Filter: 1077532
                                                   Heap Blocks: exact=9772
                                                   Buffers: shared hit=281 read=10694
                                                   ->  Bitmap Index Scan on info_type_id_movie_info  (cost=0.00..16448.47 rows=1538671 width=0) (actual time=39.347..39.348 rows=1533909 loops=1)
                                                         Index Cond: (info_type_id = 3)
                                                         Buffers: shared read=1203
                                             ->  Hash  (cost=75968.50..75968.50 rows=167941 width=4) (actual time=411.281..411.284 rows=44292 loops=1)
                                                   Buckets: 262144  Batches: 2  Memory Usage: 2832kB
                                                   Buffers: shared hit=13193 read=23199, temp written=64
                                                   ->  Hash Join  (cost=1.13..75968.50 rows=167941 width=4) (actual time=0.060..402.622 rows=44292 loops=1)
                                                         Hash Cond: (t.kind_id = kt.id)
                                                         Buffers: shared hit=13193 read=23199
                                                         ->  Seq Scan on title t  (cost=0.00..74315.95 rows=391862 width=8) (actual time=0.025..376.977 rows=386415 loops=1)
                                                               Filter: ((production_year <= 1997) AND (1981 < production_year))
                                                               Rows Removed by Filter: 2141897
                                                               Buffers: shared hit=13192 read=23199
                                                         ->  Hash  (cost=1.10..1.10 rows=3 width=4) (actual time=0.012..0.013 rows=3 loops=1)
                                                               Buckets: 1024  Batches: 1  Memory Usage: 9kB
                                                               Buffers: shared hit=1
                                                               ->  Seq Scan on kind_type kt  (cost=0.00..1.10 rows=3 width=4) (actual time=0.008..0.009 rows=3 loops=1)
                                                                     Filter: ((kind)::text = ANY ('{"tv series","video game","video movie"}'::text[]))
                                                                     Rows Removed by Filter: 4
                                                                     Buffers: shared hit=1
                                       ->  Index Scan using movie_id_movie_info on movie_info mi2  (cost=0.43..43.08 rows=1 width=8) (actual time=0.075..0.087 rows=0 loops=15219)
                                             Index Cond: (movie_id = t.id)
                                             Filter: ((info_type_id = 7) AND ((info)::text = ANY ('{"CAM:Panavision Cameras and Lenses",PCS:Spherical,"PFM:35 mm","RAT:1.33 : 1","RAT:1.85 : 1"}'::text[])))
                                             Rows Removed by Filter: 14
                                             Buffers: shared hit=118939 read=41243
                                 ->  Index Scan using movie_id_cast_info on cast_info ci  (cost=0.44..44.36 rows=38 width=12) (actual time=0.032..0.230 rows=24 loops=3865)
                                       Index Cond: (movie_id = t.id)
                                       Buffers: shared hit=83188 read=19987
                           ->  Hash  (cost=1.15..1.15 rows=1 width=4) (actual time=0.013..0.014 rows=1 loops=1)
                                 Buckets: 1024  Batches: 1  Memory Usage: 9kB
                                 Buffers: shared hit=1
                                 ->  Seq Scan on role_type rt  (cost=0.00..1.15 rows=1 width=4) (actual time=0.008..0.009 rows=1 loops=1)
                                       Filter: ((role)::text = 'miscellaneous crew'::text)
                                       Rows Removed by Filter: 11
                                       Buffers: shared hit=1
                     ->  Index Scan using name_pkey on name n  (cost=0.43..2.32 rows=1 width=4) (actual time=0.033..0.033 rows=0 loops=20599)
                           Index Cond: (id = ci.person_id)
                           Filter: ((gender)::text = 'm'::text)
                           Rows Removed by Filter: 1
                           Buffers: shared hit=74128 read=8268
 Planning:
   Buffers: shared hit=520 read=54
 Planning Time: 11.074 ms
 Execution Time: 3971.807 ms
(76 rows)

