                                                                                                      QUERY PLAN                                                                                                       
-----------------------------------------------------------------------------------------------------------------------------------------------------------------------------------------------------------------------
 Aggregate  (cost=664719.16..664719.17 rows=1 width=8) (actual time=33891.296..33891.306 rows=1 loops=1)
   Buffers: shared hit=3036188 read=482769, temp read=1348 written=1348
   ->  Nested Loop  (cost=95188.36..664718.94 rows=90 width=0) (actual time=534.611..33877.219 rows=71303 loops=1)
         Buffers: shared hit=3036188 read=482769, temp read=1348 written=1348
         ->  Hash Join  (cost=95187.93..664220.24 rows=215 width=4) (actual time=534.573..22035.111 rows=335296 loops=1)
               Hash Cond: (ci.role_id = rt.id)
               Buffers: shared hit=1746037 read=431736, temp read=1348 written=1348
               ->  Nested Loop  (cost=95186.76..664214.48 rows=1290 width=8) (actual time=534.372..21710.969 rows=1455575 loops=1)
                     Buffers: shared hit=1746036 read=431736, temp read=1348 written=1348
                     ->  Nested Loop  (cost=95186.32..660187.92 rows=90 width=12) (actual time=534.338..7574.227 rows=28641 loops=1)
                           Buffers: shared hit=485184 read=181228, temp read=1348 written=1348
                           ->  Seq Scan on info_type it2  (cost=0.00..2.41 rows=1 width=4) (actual time=0.032..0.042 rows=1 loops=1)
                                 Filter: (id = 7)
                                 Rows Removed by Filter: 112
                                 Buffers: shared hit=1
                           ->  Nested Loop  (cost=95186.32..660184.60 rows=90 width=16) (actual time=534.305..7566.768 rows=28641 loops=1)
                                 Buffers: shared hit=485183 read=181228, temp read=1348 written=1348
                                 ->  Seq Scan on info_type it1  (cost=0.00..2.41 rows=1 width=4) (actual time=0.008..0.019 rows=1 loops=1)
                                       Filter: (id = 3)
                                       Rows Removed by Filter: 112
                                       Buffers: shared hit=1
                                 ->  Nested Loop  (cost=95186.32..660181.29 rows=90 width=20) (actual time=534.294..7558.959 rows=28641 loops=1)
                                       Buffers: shared hit=485182 read=181228, temp read=1348 written=1348
                                       ->  Hash Join  (cost=95185.88..515127.67 rows=3362 width=12) (actual time=533.267..1628.876 rows=52759 loops=1)
                                             Hash Cond: (mi1.movie_id = t.id)
                                             Buffers: shared hit=13991 read=33376, temp read=1348 written=1348
                                             ->  Bitmap Heap Scan on movie_info mi1  (cost=16461.12..435126.45 rows=50622 width=8) (actual time=42.615..848.193 rows=495398 loops=1)
                                                   Recheck Cond: (info_type_id = 3)
                                                   Filter: ((info)::text = ANY ('{Action,Adult,Animation,Crime,Drama,Family,Horror}'::text[]))
                                                   Rows Removed by Filter: 1038511
                                                   Heap Blocks: exact=9772
                                                   Buffers: shared hit=1298 read=9677
                                                   ->  Bitmap Index Scan on info_type_id_movie_info  (cost=0.00..16448.47 rows=1538671 width=0) (actual time=41.424..41.424 rows=1533909 loops=1)
                                                         Index Cond: (info_type_id = 3)
                                                         Buffers: shared read=1203
                                             ->  Hash  (cost=75968.50..75968.50 rows=167941 width=4) (actual time=489.560..489.564 rows=342123 loops=1)
                                                   Buckets: 262144  Batches: 2  Memory Usage: 8082kB
                                                   Buffers: shared hit=12693 read=23699, temp written=499
                                                   ->  Hash Join  (cost=1.13..75968.50 rows=167941 width=4) (actual time=0.044..432.542 rows=342123 loops=1)
                                                         Hash Cond: (t.kind_id = kt.id)
                                                         Buffers: shared hit=12693 read=23699
                                                         ->  Seq Scan on title t  (cost=0.00..74315.95 rows=391862 width=8) (actual time=0.024..386.561 rows=386415 loops=1)
                                                               Filter: ((production_year <= 1997) AND (1981 < production_year))
                                                               Rows Removed by Filter: 2141897
                                                               Buffers: shared hit=12692 read=23699
                                                         ->  Hash  (cost=1.10..1.10 rows=3 width=4) (actual time=0.012..0.014 rows=3 loops=1)
                                                               Buckets: 1024  Batches: 1  Memory Usage: 9kB
                                                               Buffers: shared hit=1
                                                               ->  Seq Scan on kind_type kt  (cost=0.00..1.10 rows=3 width=4) (actual time=0.007..0.009 rows=3 loops=1)
                                                                     Filter: ((kind)::text = ANY ('{episode,movie,"tv movie"}'::text[]))
                                                                     Rows Removed by Filter: 4
                                                                     Buffers: shared hit=1
                                       ->  Index Scan using movie_id_movie_info on movie_info mi2  (cost=0.43..43.14 rows=1 width=8) (actual time=0.080..0.112 rows=1 loops=52759)
                                             Index Cond: (movie_id = t.id)
                                             Filter: ((info_type_id = 7) AND ((info)::text = ANY ('{"CAM:Panavision Cameras and Lenses",OFM:Video,PCS:Spherical,"PFM:35 mm","RAT:1.33 : 1","RAT:1.66 : 1"}'::text[])))
                                             Rows Removed by Filter: 21
                                             Buffers: shared hit=471191 read=147852
                     ->  Index Scan using movie_id_cast_info on cast_info ci  (cost=0.44..44.36 rows=38 width=12) (actual time=0.036..0.480 rows=51 loops=28641)
                           Index Cond: (movie_id = t.id)
                           Buffers: shared hit=1260852 read=250508
               ->  Hash  (cost=1.15..1.15 rows=2 width=4) (actual time=0.032..0.033 rows=2 loops=1)
                     Buckets: 1024  Batches: 1  Memory Usage: 9kB
                     Buffers: shared hit=1
                     ->  Seq Scan on role_type rt  (cost=0.00..1.15 rows=2 width=4) (actual time=0.024..0.026 rows=2 loops=1)
                           Filter: ((role)::text = ANY ('{cinematographer,"miscellaneous crew"}'::text[]))
                           Rows Removed by Filter: 10
                           Buffers: shared hit=1
         ->  Index Scan using name_pkey on name n  (cost=0.43..2.32 rows=1 width=4) (actual time=0.035..0.035 rows=0 loops=335296)
               Index Cond: (id = ci.person_id)
               Filter: ((gender)::text = 'm'::text)
               Rows Removed by Filter: 1
               Buffers: shared hit=1290151 read=51033
 Planning:
   Buffers: shared hit=529 read=45
 Planning Time: 13.806 ms
 Execution Time: 33891.891 ms
(76 rows)

