                                                                                                                             QUERY PLAN                                                                                                                             
--------------------------------------------------------------------------------------------------------------------------------------------------------------------------------------------------------------------------------------------------------------------
 Aggregate  (cost=975955.77..975955.78 rows=1 width=8) (actual time=86294.226..86294.236 rows=1 loops=1)
   Buffers: shared hit=8002458 read=853751, temp read=7086 written=6652
   ->  Nested Loop  (cost=924720.14..975955.18 rows=239 width=0) (actual time=1195.782..86104.158 rows=1106169 loops=1)
         Buffers: shared hit=8002458 read=853751, temp read=7086 written=6652
         ->  Seq Scan on info_type it2  (cost=0.00..2.41 rows=1 width=4) (actual time=0.048..0.059 rows=1 loops=1)
               Filter: (id = 7)
               Rows Removed by Filter: 112
               Buffers: shared hit=1
         ->  Nested Loop  (cost=924720.14..975950.37 rows=239 width=4) (actual time=1195.732..85871.299 rows=1106169 loops=1)
               Buffers: shared hit=8002457 read=853751, temp read=7086 written=6652
               ->  Seq Scan on info_type it1  (cost=0.00..2.41 rows=1 width=4) (actual time=0.010..0.022 rows=1 loops=1)
                     Filter: (id = 3)
                     Rows Removed by Filter: 112
                     Buffers: shared hit=1
               ->  Nested Loop  (cost=924720.14..975945.57 rows=239 width=8) (actual time=1195.721..85633.954 rows=1106169 loops=1)
                     Buffers: shared hit=8002456 read=853751, temp read=7086 written=6652
                     ->  Hash Join  (cost=924719.71..974625.76 rows=569 width=12) (actual time=1195.688..46169.828 rows=1106169 loops=1)
                           Hash Cond: (ci.role_id = rt.id)
                           Buffers: shared hit=3644497 read=787034, temp read=7086 written=6652
                           ->  Nested Loop  (cost=924718.55..974600.36 rows=6823 width=16) (actual time=1195.639..45298.864 rows=3166191 loops=1)
                                 Buffers: shared hit=3644496 read=787034, temp read=7086 written=6652
                                 ->  Nested Loop  (cost=924718.11..953818.36 rows=476 width=20) (actual time=1195.611..10510.078 rows=110912 loops=1)
                                       Buffers: shared hit=977161 read=42367, temp read=7086 written=6652
                                       ->  Nested Loop  (cost=924717.97..953790.74 rows=1110 width=24) (actual time=1195.169..10388.112 rows=132335 loops=1)
                                             Buffers: shared hit=977149 read=42367, temp read=7086 written=6652
                                             ->  Merge Join  (cost=924717.54..925425.77 rows=8762 width=16) (actual time=1195.118..1725.887 rows=249348 loops=1)
                                                   Merge Cond: (mi1.movie_id = mi2.movie_id)
                                                   Buffers: shared hit=4747 read=17377, temp read=7086 written=6652
                                                   ->  Sort  (cost=442635.44..442863.03 rows=91038 width=8) (actual time=645.195..798.261 rows=888455 loops=1)
                                                         Sort Key: mi1.movie_id
                                                         Sort Method: external sort  Disk: 19200kB
                                                         Buffers: shared hit=3339 read=7636, temp read=4791 written=4803
                                                         ->  Bitmap Heap Scan on movie_info mi1  (cost=16471.23..435136.56 rows=91038 width=8) (actual time=41.871..424.338 rows=888472 loops=1)
                                                               Recheck Cond: (info_type_id = 3)
                                                               Filter: ((info)::text = ANY ('{Comedy,Drama,Fantasy,History,Sci-Fi,Short,Thriller}'::text[]))
                                                               Rows Removed by Filter: 645437
                                                               Heap Blocks: exact=9772
                                                               Buffers: shared hit=3339 read=7636
                                                               ->  Bitmap Index Scan on info_type_id_movie_info  (cost=0.00..16448.47 rows=1538671 width=0) (actual time=40.691..40.691 rows=1533909 loops=1)
                                                                     Index Cond: (info_type_id = 3)
                                                                     Buffers: shared read=1203
                                                   ->  Sort  (cost=482082.10..482164.81 rows=33084 width=8) (actual time=549.911..645.177 rows=425397 loops=1)
                                                         Sort Key: mi2.movie_id
                                                         Sort Method: external sort  Disk: 7392kB
                                                         Buffers: shared hit=1408 read=9741, temp read=2070 written=1849
                                                         ->  Bitmap Heap Scan on movie_info mi2  (cost=15878.66..479598.51 rows=33084 width=8) (actual time=32.671..464.152 rows=341995 loops=1)
                                                               Recheck Cond: (info_type_id = 7)
                                                               Filter: ((info)::text = ANY ('{"LAB:FotoKem Laboratory, Burbank (CA), USA",MET:,OFM:Digital,PCS:CinemaScope,PCS:DV,PFM:Video,"RAT:1.33 : 1","RAT:1.66 : 1","RAT:1.78 : 1","RAT:1.85 : 1"}'::text[]))
                                                               Rows Removed by Filter: 1059907
                                                               Heap Blocks: exact=10050
                                                               Buffers: shared hit=1408 read=9741
                                                               ->  Bitmap Index Scan on info_type_id_movie_info  (cost=0.00..15870.39 rows=1484527 width=0) (actual time=31.446..31.447 rows=1401902 loops=1)
                                                                     Index Cond: (info_type_id = 7)
                                                                     Buffers: shared hit=1 read=1098
                                             ->  Index Scan using title_pkey on title t  (cost=0.43..3.24 rows=1 width=8) (actual time=0.034..0.034 rows=1 loops=249348)
                                                   Index Cond: (id = mi1.movie_id)
                                                   Filter: ((production_year <= 2015) AND (1925 < production_year))
                                                   Rows Removed by Filter: 0
                                                   Buffers: shared hit=972402 read=24990
                                       ->  Memoize  (cost=0.14..0.16 rows=1 width=4) (actual time=0.000..0.000 rows=1 loops=132335)
                                             Cache Key: t.kind_id
                                             Cache Mode: logical
                                             Hits: 132329  Misses: 6  Evictions: 0  Overflows: 0  Memory Usage: 1kB
                                             Buffers: shared hit=12
                                             ->  Index Scan using kind_type_pkey on kind_type kt  (cost=0.13..0.15 rows=1 width=4) (actual time=0.011..0.011 rows=0 loops=6)
                                                   Index Cond: (id = t.kind_id)
                                                   Filter: ((kind)::text = ANY ('{episode,movie,"video movie"}'::text[]))
                                                   Rows Removed by Filter: 0
                                                   Buffers: shared hit=12
                                 ->  Index Scan using movie_id_cast_info on cast_info ci  (cost=0.44..43.28 rows=38 width=12) (actual time=0.037..0.305 rows=29 loops=110912)
                                       Index Cond: (movie_id = t.id)
                                       Buffers: shared hit=2667335 read=744667
                           ->  Hash  (cost=1.15..1.15 rows=1 width=4) (actual time=0.023..0.024 rows=1 loops=1)
                                 Buckets: 1024  Batches: 1  Memory Usage: 9kB
                                 Buffers: shared hit=1
                                 ->  Seq Scan on role_type rt  (cost=0.00..1.15 rows=1 width=4) (actual time=0.013..0.015 rows=1 loops=1)
                                       Filter: ((role)::text = 'actor'::text)
                                       Rows Removed by Filter: 11
                                       Buffers: shared hit=1
                     ->  Index Scan using name_pkey on name n  (cost=0.43..2.32 rows=1 width=4) (actual time=0.035..0.035 rows=1 loops=1106169)
                           Index Cond: (id = ci.person_id)
                           Filter: ((gender)::text = 'm'::text)
                           Buffers: shared hit=4357959 read=66717
 Planning:
   Buffers: shared hit=481 read=93
 Planning Time: 13.494 ms
 Execution Time: 86302.835 ms
(87 rows)

