                                                                                            QUERY PLAN                                                                                            
--------------------------------------------------------------------------------------------------------------------------------------------------------------------------------------------------
 Aggregate  (cost=517615.34..517615.35 rows=1 width=8) (actual time=830.628..830.635 rows=1 loops=1)
   Buffers: shared hit=28943 read=38189, temp read=498 written=498
   ->  Nested Loop  (cost=94604.42..517615.30 rows=15 width=0) (actual time=453.460..830.608 rows=43 loops=1)
         Buffers: shared hit=28943 read=38189, temp read=498 written=498
         ->  Seq Scan on info_type it2  (cost=0.00..2.41 rows=1 width=4) (actual time=0.046..0.052 rows=1 loops=1)
               Filter: (id = 7)
               Rows Removed by Filter: 112
               Buffers: shared hit=1
         ->  Nested Loop  (cost=94604.42..517612.74 rows=15 width=4) (actual time=453.412..830.541 rows=43 loops=1)
               Buffers: shared hit=28942 read=38189, temp read=498 written=498
               ->  Seq Scan on info_type it1  (cost=0.00..2.41 rows=1 width=4) (actual time=0.012..0.021 rows=1 loops=1)
                     Filter: (id = 3)
                     Rows Removed by Filter: 112
                     Buffers: shared hit=1
               ->  Nested Loop  (cost=94604.42..517610.18 rows=15 width=8) (actual time=453.397..830.503 rows=43 loops=1)
                     Buffers: shared hit=28941 read=38189, temp read=498 written=498
                     ->  Hash Join  (cost=94603.99..517526.68 rows=36 width=12) (actual time=448.845..827.522 rows=97 loops=1)
                           Hash Cond: (ci.role_id = rt.id)
                           Buffers: shared hit=28658 read=38084, temp read=498 written=498
                           ->  Nested Loop  (cost=94602.83..517523.98 rows=430 width=16) (actual time=437.699..826.851 rows=4955 loops=1)
                                 Buffers: shared hit=28657 read=38084, temp read=498 written=498
                                 ->  Nested Loop  (cost=94602.39..516181.80 rows=30 width=20) (actual time=437.665..781.574 rows=141 loops=1)
                                       Buffers: shared hit=26438 read=35048, temp read=498 written=498
                                       ->  Hash Join  (cost=94601.95..438546.20 rows=1808 width=12) (actual time=435.777..681.044 rows=957 loops=1)
                                             Hash Cond: (mi2.movie_id = t.id)
                                             Buffers: shared hit=17845 read=29696, temp read=498 written=498
                                             ->  Bitmap Heap Scan on movie_info mi2  (cost=15877.19..358830.30 rows=27216 width=8) (actual time=38.170..228.105 rows=252967 loops=1)
                                                   Recheck Cond: (info_type_id = 7)
                                                   Filter: ((info)::text = 'OFM:35 mm'::text)
                                                   Rows Removed by Filter: 1148935
                                                   Heap Blocks: exact=10050
                                                   Buffers: shared hit=11149
                                                   ->  Bitmap Index Scan on info_type_id_movie_info  (cost=0.00..15870.39 rows=1484527 width=0) (actual time=36.923..36.923 rows=1401902 loops=1)
                                                         Index Cond: (info_type_id = 7)
                                                         Buffers: shared hit=1099
                                             ->  Hash  (cost=75968.50..75968.50 rows=167941 width=4) (actual time=396.405..396.407 rows=44292 loops=1)
                                                   Buckets: 262144  Batches: 2  Memory Usage: 2832kB
                                                   Buffers: shared hit=6696 read=29696, temp written=64
                                                   ->  Hash Join  (cost=1.13..75968.50 rows=167941 width=4) (actual time=0.056..387.748 rows=44292 loops=1)
                                                         Hash Cond: (t.kind_id = kt.id)
                                                         Buffers: shared hit=6696 read=29696
                                                         ->  Seq Scan on title t  (cost=0.00..74315.95 rows=391862 width=8) (actual time=0.026..361.230 rows=386415 loops=1)
                                                               Filter: ((production_year <= 1997) AND (1981 < production_year))
                                                               Rows Removed by Filter: 2141897
                                                               Buffers: shared hit=6695 read=29696
                                                         ->  Hash  (cost=1.10..1.10 rows=3 width=4) (actual time=0.012..0.013 rows=3 loops=1)
                                                               Buckets: 1024  Batches: 1  Memory Usage: 9kB
                                                               Buffers: shared hit=1
                                                               ->  Seq Scan on kind_type kt  (cost=0.00..1.10 rows=3 width=4) (actual time=0.008..0.009 rows=3 loops=1)
                                                                     Filter: ((kind)::text = ANY ('{"tv series","video game","video movie"}'::text[]))
                                                                     Rows Removed by Filter: 4
                                                                     Buffers: shared hit=1
                                       ->  Index Scan using movie_id_movie_info on movie_info mi1  (cost=0.43..42.93 rows=1 width=8) (actual time=0.104..0.105 rows=0 loops=957)
                                             Index Cond: (movie_id = t.id)
                                             Filter: (((info)::text = ANY ('{Short,Thriller}'::text[])) AND (info_type_id = 3))
                                             Rows Removed by Filter: 32
                                             Buffers: shared hit=8593 read=5352
                                 ->  Index Scan using movie_id_cast_info on cast_info ci  (cost=0.44..44.36 rows=38 width=12) (actual time=0.044..0.314 rows=35 loops=141)
                                       Index Cond: (movie_id = t.id)
                                       Buffers: shared hit=2219 read=3036
                           ->  Hash  (cost=1.15..1.15 rows=1 width=4) (actual time=0.018..0.018 rows=1 loops=1)
                                 Buckets: 1024  Batches: 1  Memory Usage: 9kB
                                 Buffers: shared hit=1
                                 ->  Seq Scan on role_type rt  (cost=0.00..1.15 rows=1 width=4) (actual time=0.011..0.012 rows=1 loops=1)
                                       Filter: ((role)::text = 'cinematographer'::text)
                                       Rows Removed by Filter: 11
                                       Buffers: shared hit=1
                     ->  Index Scan using name_pkey on name n  (cost=0.43..2.32 rows=1 width=4) (actual time=0.030..0.030 rows=0 loops=97)
                           Index Cond: (id = ci.person_id)
                           Filter: ((gender)::text = 'm'::text)
                           Rows Removed by Filter: 1
                           Buffers: shared hit=283 read=105
 Planning:
   Buffers: shared hit=574
 Planning Time: 13.804 ms
 Execution Time: 831.154 ms
(76 rows)

