                                                                                            QUERY PLAN                                                                                            
--------------------------------------------------------------------------------------------------------------------------------------------------------------------------------------------------
 Aggregate  (cost=811302.33..811302.34 rows=1 width=8) (actual time=49429.710..49429.721 rows=1 loops=1)
   Buffers: shared hit=4830640 read=206935, temp read=15524 written=15524
   ->  Nested Loop  (cost=486669.63..811301.97 rows=147 width=0) (actual time=1160.007..49414.710 rows=85636 loops=1)
         Buffers: shared hit=4830640 read=206935, temp read=15524 written=15524
         ->  Seq Scan on info_type it2  (cost=0.00..2.41 rows=1 width=4) (actual time=0.045..0.054 rows=1 loops=1)
               Filter: (id = 7)
               Rows Removed by Filter: 112
               Buffers: shared hit=1
         ->  Nested Loop  (cost=486669.63..811298.08 rows=147 width=4) (actual time=1159.961..49397.329 rows=85636 loops=1)
               Buffers: shared hit=4830639 read=206935, temp read=15524 written=15524
               ->  Seq Scan on info_type it1  (cost=0.00..2.41 rows=1 width=4) (actual time=0.006..0.019 rows=1 loops=1)
                     Filter: (id = 3)
                     Rows Removed by Filter: 112
                     Buffers: shared hit=1
               ->  Nested Loop  (cost=486669.63..811294.20 rows=147 width=8) (actual time=1159.953..49379.008 rows=85636 loops=1)
                     Join Filter: (t.id = mi1.movie_id)
                     Buffers: shared hit=4830638 read=206935, temp read=15524 written=15524
                     ->  Nested Loop  (cost=486669.20..643914.35 rows=3954 width=16) (actual time=1159.707..26883.253 rows=160861 loops=1)
                           Buffers: shared hit=2531281 read=117622, temp read=15524 written=15524
                           ->  Hash Join  (cost=486668.77..622052.87 rows=9425 width=20) (actual time=1159.379..5035.812 rows=640014 loops=1)
                                 Hash Cond: (ci.movie_id = t.id)
                                 Buffers: shared hit=5335 read=83512, temp read=15524 written=15524
                                 ->  Nested Loop  (cost=0.44..123965.00 rows=3020080 width=8) (actual time=0.069..1841.248 rows=4323018 loops=1)
                                       Buffers: shared hit=2048 read=39258
                                       ->  Seq Scan on role_type rt  (cost=0.00..1.15 rows=1 width=4) (actual time=0.006..0.008 rows=1 loops=1)
                                             Filter: ((role)::text = 'miscellaneous crew'::text)
                                             Rows Removed by Filter: 11
                                             Buffers: shared hit=1
                                       ->  Index Scan using role_id_cast_info on cast_info ci  (cost=0.44..91017.52 rows=3294633 width=12) (actual time=0.061..1240.985 rows=4323018 loops=1)
                                             Index Cond: (role_id = rt.id)
                                             Buffers: shared hit=2047 read=39258
                                 ->  Hash  (cost=486569.70..486569.70 rows=7890 width=12) (actual time=1159.120..1159.125 rows=336393 loops=1)
                                       Buckets: 262144 (originally 8192)  Batches: 4 (originally 1)  Memory Usage: 6145kB
                                       Buffers: shared hit=3287 read=44254, temp read=3430 written=4414
                                       ->  Hash Join  (cost=96348.43..486569.70 rows=7890 width=12) (actual time=564.371..1106.195 rows=336393 loops=1)
                                             Hash Cond: (mi2.movie_id = t.id)
                                             Buffers: shared hit=3287 read=44254, temp read=3430 written=3430
                                             ->  Bitmap Heap Scan on movie_info mi2  (cost=15891.70..404132.34 rows=85261 width=8) (actual time=35.838..356.451 rows=804163 loops=1)
                                                   Recheck Cond: (info_type_id = 7)
                                                   Filter: ((info)::text = ANY ('{"OFM:35 mm","PFM:35 mm","RAT:1.33 : 1","RAT:1.85 : 1","RAT:2.35 : 1"}'::text[]))
                                                   Rows Removed by Filter: 597739
                                                   Heap Blocks: exact=10050
                                                   Buffers: shared hit=3286 read=7863
                                                   ->  Bitmap Index Scan on info_type_id_movie_info  (cost=0.00..15870.39 rows=1484527 width=0) (actual time=34.574..34.574 rows=1401902 loops=1)
                                                         Index Cond: (info_type_id = 7)
                                                         Buffers: shared read=1099
                                             ->  Hash  (cost=76617.93..76617.93 rows=233984 width=4) (actual time=527.437..527.440 rows=504538 loops=1)
                                                   Buckets: 262144 (originally 262144)  Batches: 4 (originally 2)  Memory Usage: 6483kB
                                                   Buffers: shared hit=1 read=36391, temp written=1107
                                                   ->  Hash Join  (cost=1.13..76617.93 rows=233984 width=4) (actual time=0.043..443.983 rows=504538 loops=1)
                                                         Hash Cond: (t.kind_id = kt.id)
                                                         Buffers: shared hit=1 read=36391
                                                         ->  Seq Scan on title t  (cost=0.00..74315.95 rows=545963 width=8) (actual time=0.021..381.087 rows=538239 loops=1)
                                                               Filter: ((production_year <= 1990) AND (1950 < production_year))
                                                               Rows Removed by Filter: 1990073
                                                               Buffers: shared read=36391
                                                         ->  Hash  (cost=1.10..1.10 rows=3 width=4) (actual time=0.014..0.015 rows=3 loops=1)
                                                               Buckets: 1024  Batches: 1  Memory Usage: 9kB
                                                               Buffers: shared hit=1
                                                               ->  Seq Scan on kind_type kt  (cost=0.00..1.10 rows=3 width=4) (actual time=0.008..0.010 rows=3 loops=1)
                                                                     Filter: ((kind)::text = ANY ('{episode,movie,"tv movie"}'::text[]))
                                                                     Rows Removed by Filter: 4
                                                                     Buffers: shared hit=1
                           ->  Index Scan using name_pkey on name n  (cost=0.43..2.32 rows=1 width=4) (actual time=0.034..0.034 rows=0 loops=640014)
                                 Index Cond: (id = ci.person_id)
                                 Filter: ((gender)::text = 'm'::text)
                                 Rows Removed by Filter: 1
                                 Buffers: shared hit=2525946 read=34110
                     ->  Index Scan using movie_id_movie_info on movie_info mi1  (cost=0.43..42.32 rows=1 width=8) (actual time=0.139..0.139 rows=1 loops=160861)
                           Index Cond: (movie_id = ci.movie_id)
                           Filter: ((info_type_id = 3) AND ((info)::text = ANY ('{Action,Comedy,Drama,Mystery,Short,Thriller,Western}'::text[])))
                           Rows Removed by Filter: 45
                           Buffers: shared hit=2299357 read=89313
 Planning:
   Buffers: shared hit=482 read=92
 Planning Time: 7.984 ms
 Execution Time: 49430.226 ms
(77 rows)

