                                                                                            QUERY PLAN                                                                                            
--------------------------------------------------------------------------------------------------------------------------------------------------------------------------------------------------
 Aggregate  (cost=774300.32..774300.33 rows=1 width=8) (actual time=2838.260..2838.269 rows=1 loops=1)
   Buffers: shared hit=193026 read=74487, temp read=1208 written=1208
   ->  Nested Loop  (cost=96347.17..774299.95 rows=145 width=0) (actual time=433.657..2837.769 rows=2434 loops=1)
         Buffers: shared hit=193026 read=74487, temp read=1208 written=1208
         ->  Seq Scan on info_type it2  (cost=0.00..2.41 rows=1 width=4) (actual time=0.039..0.044 rows=1 loops=1)
               Filter: (id = 7)
               Rows Removed by Filter: 112
               Buffers: shared hit=1
         ->  Nested Loop  (cost=96347.17..774296.09 rows=145 width=4) (actual time=433.617..2837.267 rows=2434 loops=1)
               Buffers: shared hit=193025 read=74487, temp read=1208 written=1208
               ->  Seq Scan on info_type it1  (cost=0.00..2.41 rows=1 width=4) (actual time=0.010..0.016 rows=1 loops=1)
                     Filter: (id = 3)
                     Rows Removed by Filter: 112
                     Buffers: shared hit=1
               ->  Nested Loop  (cost=96347.17..774292.23 rows=145 width=8) (actual time=433.605..2836.772 rows=2434 loops=1)
                     Buffers: shared hit=193024 read=74487, temp read=1208 written=1208
                     ->  Hash Join  (cost=96346.74..773777.30 rows=222 width=12) (actual time=433.522..2668.058 rows=5278 loops=1)
                           Hash Cond: (ci.role_id = rt.id)
                           Buffers: shared hit=172951 read=73448, temp read=1208 written=1208
                           ->  Nested Loop  (cost=96345.57..773766.67 rows=2666 width=16) (actual time=432.189..2655.720 rows=79039 loops=1)
                                 Buffers: shared hit=172950 read=73448, temp read=1208 written=1208
                                 ->  Nested Loop  (cost=96345.13..765513.11 rows=186 width=20) (actual time=432.162..1784.333 rows=5689 loops=1)
                                       Buffers: shared hit=103755 read=48822, temp read=1208 written=1208
                                       ->  Hash Join  (cost=96344.70..486378.09 rows=6507 width=12) (actual time=432.030..939.741 rows=8061 loops=1)
                                             Hash Cond: (mi2.movie_id = t.id)
                                             Buffers: shared hit=7238 read=40303, temp read=1208 written=1208
                                             ->  Bitmap Heap Scan on movie_info mi2  (cost=15887.97..404128.60 rows=70317 width=8) (actual time=39.065..405.577 rows=677794 loops=1)
                                                   Recheck Cond: (info_type_id = 7)
                                                   Filter: ((info)::text = ANY ('{"OFM:16 mm",PCS:Spherical,"PFM:35 mm","RAT:1.33 : 1","RAT:1.37 : 1"}'::text[]))
                                                   Rows Removed by Filter: 724108
                                                   Heap Blocks: exact=10050
                                                   Buffers: shared hit=7237 read=3912
                                                   ->  Bitmap Index Scan on info_type_id_movie_info  (cost=0.00..15870.39 rows=1484527 width=0) (actual time=37.797..37.797 rows=1401902 loops=1)
                                                         Index Cond: (info_type_id = 7)
                                                         Buffers: shared read=1099
                                             ->  Hash  (cost=76617.93..76617.93 rows=233984 width=4) (actual time=391.746..391.749 rows=33701 loops=1)
                                                   Buckets: 262144  Batches: 2  Memory Usage: 2644kB
                                                   Buffers: shared hit=1 read=36391, temp written=49
                                                   ->  Hash Join  (cost=1.13..76617.93 rows=233984 width=4) (actual time=0.064..384.758 rows=33701 loops=1)
                                                         Hash Cond: (t.kind_id = kt.id)
                                                         Buffers: shared hit=1 read=36391
                                                         ->  Seq Scan on title t  (cost=0.00..74315.95 rows=545963 width=8) (actual time=0.026..352.558 rows=538239 loops=1)
                                                               Filter: ((production_year <= 1990) AND (1950 < production_year))
                                                               Rows Removed by Filter: 1990073
                                                               Buffers: shared read=36391
                                                         ->  Hash  (cost=1.10..1.10 rows=3 width=4) (actual time=0.012..0.014 rows=3 loops=1)
                                                               Buckets: 1024  Batches: 1  Memory Usage: 9kB
                                                               Buffers: shared hit=1
                                                               ->  Seq Scan on kind_type kt  (cost=0.00..1.10 rows=3 width=4) (actual time=0.007..0.008 rows=3 loops=1)
                                                                     Filter: ((kind)::text = ANY ('{"tv series","video game","video movie"}'::text[]))
                                                                     Rows Removed by Filter: 4
                                                                     Buffers: shared hit=1
                                       ->  Index Scan using movie_id_movie_info on movie_info mi1  (cost=0.43..42.89 rows=1 width=8) (actual time=0.102..0.104 rows=1 loops=8061)
                                             Index Cond: (movie_id = t.id)
                                             Filter: ((info_type_id = 3) AND ((info)::text = ANY ('{Crime,Drama,Family,Mystery,Short,War}'::text[])))
                                             Rows Removed by Filter: 20
                                             Buffers: shared hit=96517 read=8519
                                 ->  Index Scan using movie_id_cast_info on cast_info ci  (cost=0.44..43.99 rows=38 width=12) (actual time=0.032..0.150 rows=14 loops=5689)
                                       Index Cond: (movie_id = t.id)
                                       Buffers: shared hit=69195 read=24626
                           ->  Hash  (cost=1.15..1.15 rows=1 width=4) (actual time=0.013..0.014 rows=1 loops=1)
                                 Buckets: 1024  Batches: 1  Memory Usage: 9kB
                                 Buffers: shared hit=1
                                 ->  Seq Scan on role_type rt  (cost=0.00..1.15 rows=1 width=4) (actual time=0.007..0.009 rows=1 loops=1)
                                       Filter: ((role)::text = 'producer'::text)
                                       Rows Removed by Filter: 11
                                       Buffers: shared hit=1
                     ->  Index Scan using name_pkey on name n  (cost=0.43..2.32 rows=1 width=4) (actual time=0.031..0.031 rows=0 loops=5278)
                           Index Cond: (id = ci.person_id)
                           Filter: ((gender)::text = ANY ('{f,m}'::text[]))
                           Rows Removed by Filter: 1
                           Buffers: shared hit=20073 read=1039
 Planning:
   Buffers: shared hit=520 read=54
 Planning Time: 13.086 ms
 Execution Time: 2838.848 ms
(76 rows)

