                                                                                               QUERY PLAN                                                                                               
--------------------------------------------------------------------------------------------------------------------------------------------------------------------------------------------------------
 Aggregate  (cost=997918.48..997918.49 rows=1 width=8) (actual time=112007.748..112007.759 rows=1 loops=1)
   Buffers: shared hit=10370524 read=1031307, temp read=18130 written=18130
   ->  Nested Loop  (cost=512611.67..997916.69 rows=717 width=0) (actual time=1901.511..111993.258 rows=35206 loops=1)
         Buffers: shared hit=10370524 read=1031307, temp read=18130 written=18130
         ->  Seq Scan on info_type it2  (cost=0.00..2.41 rows=1 width=4) (actual time=0.033..0.043 rows=1 loops=1)
               Filter: (id = 7)
               Rows Removed by Filter: 112
               Buffers: shared hit=1
         ->  Nested Loop  (cost=512611.67..997907.10 rows=717 width=4) (actual time=1901.476..111983.408 rows=35206 loops=1)
               Buffers: shared hit=10370523 read=1031307, temp read=18130 written=18130
               ->  Seq Scan on info_type it1  (cost=0.00..2.41 rows=1 width=4) (actual time=0.006..0.020 rows=1 loops=1)
                     Filter: (id = 3)
                     Rows Removed by Filter: 112
                     Buffers: shared hit=1
               ->  Nested Loop  (cost=512611.67..997897.52 rows=717 width=8) (actual time=1901.468..111972.581 rows=35206 loops=1)
                     Buffers: shared hit=10370522 read=1031307, temp read=18130 written=18130
                     ->  Hash Join  (cost=512611.24..993933.46 rows=1709 width=12) (actual time=1899.403..107932.159 rows=106743 loops=1)
                           Hash Cond: (ci.role_id = rt.id)
                           Buffers: shared hit=9967856 read=1007001, temp read=18130 written=18130
                           ->  Nested Loop  (cost=512610.07..993859.44 rows=20512 width=16) (actual time=1898.472..106097.115 rows=10255112 loops=1)
                                 Buffers: shared hit=9967855 read=1007001, temp read=18130 written=18130
                                 ->  Hash Join  (cost=512609.63..931382.45 rows=1431 width=20) (actual time=1898.435..3475.312 rows=301280 loops=1)
                                       Hash Cond: (mi2.movie_id = t.id)
                                       Buffers: shared hit=22351 read=36165, temp read=18130 written=18130
                                       ->  Bitmap Heap Scan on movie_info mi2  (cost=15892.13..434324.46 rows=86982 width=8) (actual time=35.921..741.490 rows=832103 loops=1)
                                             Recheck Cond: (info_type_id = 7)
                                             Filter: ((info)::text = ANY ('{"MET:300 m","MET:600 m","OFM:35 mm","PFM:35 mm","RAT:1.33 : 1","RAT:1.85 : 1","RAT:2.35 : 1"}'::text[]))
                                             Rows Removed by Filter: 569799
                                             Heap Blocks: exact=10050
                                             Buffers: shared hit=201 read=10948
                                             ->  Bitmap Index Scan on info_type_id_movie_info  (cost=0.00..15870.39 rows=1484527 width=0) (actual time=34.670..34.670 rows=1401902 loops=1)
                                                   Index Cond: (info_type_id = 7)
                                                   Buffers: shared read=1099
                                       ->  Hash  (cost=496197.60..496197.60 rows=41592 width=12) (actual time=1861.690..1861.696 rows=754536 loops=1)
                                             Buckets: 262144 (originally 65536)  Batches: 8 (originally 1)  Memory Usage: 6145kB
                                             Buffers: shared hit=22150 read=25217, temp read=10903 written=13480
                                             ->  Hash Join  (cost=117294.56..496197.60 rows=41592 width=12) (actual time=1035.299..1744.354 rows=754536 loops=1)
                                                   Hash Cond: (mi1.movie_id = t.id)
                                                   Buffers: shared hit=22150 read=25217, temp read=10903 written=10903
                                                   ->  Bitmap Heap Scan on movie_info mi1  (cost=16474.52..389811.20 rows=104117 width=8) (actual time=37.513..293.017 rows=996847 loops=1)
                                                         Recheck Cond: (info_type_id = 3)
                                                         Filter: ((info)::text = ANY ('{Action,Adult,Biography,Documentary,Drama,Horror,Sci-Fi,Short,Sport,Thriller}'::text[]))
                                                         Rows Removed by Filter: 537062
                                                         Heap Blocks: exact=9772
                                                         Buffers: shared hit=9107 read=1868
                                                         ->  Bitmap Index Scan on info_type_id_movie_info  (cost=0.00..16448.47 rows=1538671 width=0) (actual time=36.332..36.332 rows=1533909 loops=1)
                                                               Index Cond: (info_type_id = 3)
                                                               Buffers: shared hit=1 read=1202
                                                   ->  Hash  (cost=84248.88..84248.88 rows=1010013 width=4) (actual time=996.152..996.156 rows=2148656 loops=1)
                                                         Buckets: 262144 (originally 262144)  Batches: 16 (originally 8)  Memory Usage: 6773kB
                                                         Buffers: shared hit=13043 read=23349, temp written=5895
                                                         ->  Hash Join  (cost=1.13..84248.88 rows=1010013 width=4) (actual time=0.048..716.198 rows=2148656 loops=1)
                                                               Hash Cond: (t.kind_id = kt.id)
                                                               Buffers: shared hit=13043 read=23349
                                                               ->  Seq Scan on title t  (cost=0.00..74315.95 rows=2356696 width=8) (actual time=0.026..459.130 rows=2352201 loops=1)
                                                                     Filter: ((production_year <= 2015) AND (1925 < production_year))
                                                                     Rows Removed by Filter: 176111
                                                                     Buffers: shared hit=13042 read=23349
                                                               ->  Hash  (cost=1.10..1.10 rows=3 width=4) (actual time=0.013..0.015 rows=3 loops=1)
                                                                     Buckets: 1024  Batches: 1  Memory Usage: 9kB
                                                                     Buffers: shared hit=1
                                                                     ->  Seq Scan on kind_type kt  (cost=0.00..1.10 rows=3 width=4) (actual time=0.008..0.009 rows=3 loops=1)
                                                                           Filter: ((kind)::text = ANY ('{episode,movie,"video movie"}'::text[]))
                                                                           Rows Removed by Filter: 4
                                                                           Buffers: shared hit=1
                                 ->  Index Scan using movie_id_cast_info on cast_info ci  (cost=0.44..43.28 rows=38 width=12) (actual time=0.036..0.330 rows=34 loops=301280)
                                       Index Cond: (movie_id = t.id)
                                       Buffers: shared hit=9945504 read=970836
                           ->  Hash  (cost=1.15..1.15 rows=1 width=4) (actual time=0.011..0.012 rows=1 loops=1)
                                 Buckets: 1024  Batches: 1  Memory Usage: 9kB
                                 Buffers: shared hit=1
                                 ->  Seq Scan on role_type rt  (cost=0.00..1.15 rows=1 width=4) (actual time=0.007..0.008 rows=1 loops=1)
                                       Filter: ((role)::text = 'production designer'::text)
                                       Rows Removed by Filter: 11
                                       Buffers: shared hit=1
                     ->  Index Scan using name_pkey on name n  (cost=0.43..2.32 rows=1 width=4) (actual time=0.037..0.037 rows=0 loops=106743)
                           Index Cond: (id = ci.person_id)
                           Filter: ((gender)::text = 'm'::text)
                           Rows Removed by Filter: 1
                           Buffers: shared hit=402666 read=24306
 Planning:
   Buffers: shared hit=531 read=46
 Planning Time: 9.961 ms
 Execution Time: 112008.388 ms
(84 rows)

