                                                                                           QUERY PLAN                                                                                            
-------------------------------------------------------------------------------------------------------------------------------------------------------------------------------------------------
 Aggregate  (cost=450925.96..450925.97 rows=1 width=8) (actual time=324.043..324.048 rows=1 loops=1)
   Buffers: shared hit=5559 read=16102
   ->  Nested Loop  (cost=48525.97..450925.95 rows=7 width=0) (actual time=196.449..324.022 rows=252 loops=1)
         Buffers: shared hit=5559 read=16102
         ->  Seq Scan on info_type it2  (cost=0.00..2.41 rows=1 width=4) (actual time=0.025..0.029 rows=1 loops=1)
               Filter: (id = 7)
               Rows Removed by Filter: 112
               Buffers: shared hit=1
         ->  Nested Loop  (cost=48525.97..450923.46 rows=7 width=4) (actual time=196.423..323.969 rows=252 loops=1)
               Buffers: shared hit=5558 read=16102
               ->  Seq Scan on info_type it1  (cost=0.00..2.41 rows=1 width=4) (actual time=0.007..0.013 rows=1 loops=1)
                     Filter: (id = 3)
                     Rows Removed by Filter: 112
                     Buffers: shared hit=1
               ->  Nested Loop  (cost=48525.97..450920.98 rows=7 width=8) (actual time=196.414..323.932 rows=252 loops=1)
                     Join Filter: (t.id = mi2.movie_id)
                     Buffers: shared hit=5557 read=16102
                     ->  Nested Loop  (cost=48525.53..443225.93 rows=182 width=16) (actual time=196.391..320.897 rows=121 loops=1)
                           Join Filter: (t.id = mi1.movie_id)
                           Buffers: shared hit=4170 read=16102
                           ->  Nested Loop  (cost=48525.10..213963.17 rows=5429 width=8) (actual time=196.267..305.869 rows=200 loops=1)
                                 Buffers: shared hit=3583 read=14647
                                 ->  Hash Join  (cost=48524.67..183943.94 rows=12942 width=12) (actual time=192.795..295.753 rows=665 loops=1)
                                       Hash Cond: (ci.movie_id = t.id)
                                       Buffers: shared hit=1118 read=14452
                                       ->  Nested Loop  (cost=0.44..123965.00 rows=3020080 width=8) (actual time=0.092..73.522 rows=316118 loops=1)
                                             Buffers: shared hit=1117 read=1066
                                             ->  Seq Scan on role_type rt  (cost=0.00..1.15 rows=1 width=4) (actual time=0.008..0.009 rows=1 loops=1)
                                                   Filter: ((role)::text = 'production designer'::text)
                                                   Rows Removed by Filter: 11
                                                   Buffers: shared hit=1
                                             ->  Index Scan using role_id_cast_info on cast_info ci  (cost=0.44..91017.52 rows=3294633 width=12) (actual time=0.082..48.554 rows=316118 loops=1)
                                                   Index Cond: (role_id = rt.id)
                                                   Buffers: shared hit=1116 read=1066
                                       ->  Hash  (cost=48388.79..48388.79 rows=10835 width=4) (actual time=190.445..190.447 rows=74873 loops=1)
                                             Buckets: 131072 (originally 16384)  Batches: 1 (originally 1)  Memory Usage: 3657kB
                                             Buffers: shared hit=1 read=13386
                                             ->  Nested Loop  (cost=4496.00..48388.79 rows=10835 width=4) (actual time=21.460..178.887 rows=74873 loops=1)
                                                   Buffers: shared hit=1 read=13386
                                                   ->  Seq Scan on kind_type kt  (cost=0.00..1.09 rows=1 width=4) (actual time=0.008..0.012 rows=1 loops=1)
                                                         Filter: ((kind)::text = 'movie'::text)
                                                         Rows Removed by Filter: 6
                                                         Buffers: shared hit=1
                                                   ->  Bitmap Heap Scan on title t  (cost=4496.00..48261.29 rows=12641 width=8) (actual time=21.450..174.062 rows=74873 loops=1)
                                                         Recheck Cond: (kind_id = kt.id)
                                                         Filter: ((production_year <= 1925) AND (1910 < production_year))
                                                         Rows Removed by Filter: 587952
                                                         Heap Blocks: exact=12865
                                                         Buffers: shared read=13386
                                                         ->  Bitmap Index Scan on kind_id_title  (cost=0.00..4492.84 rows=421388 width=0) (actual time=19.163..19.163 rows=662825 loops=1)
                                                               Index Cond: (kind_id = kt.id)
                                                               Buffers: shared read=521
                                 ->  Index Scan using name_pkey on name n  (cost=0.43..2.32 rows=1 width=4) (actual time=0.015..0.015 rows=0 loops=665)
                                       Index Cond: (id = ci.person_id)
                                       Filter: ((gender)::text = 'm'::text)
                                       Rows Removed by Filter: 1
                                       Buffers: shared hit=2465 read=195
                           ->  Index Scan using movie_id_movie_info on movie_info mi1  (cost=0.43..42.22 rows=1 width=8) (actual time=0.075..0.075 rows=1 loops=200)
                                 Index Cond: (movie_id = ci.movie_id)
                                 Filter: ((info_type_id = 3) AND ((info)::text = ANY ('{Documentary,Drama,Romance,Short,Western}'::text[])))
                                 Rows Removed by Filter: 12
                                 Buffers: shared hit=587 read=1455
                     ->  Index Scan using movie_id_movie_info on movie_info mi2  (cost=0.43..42.27 rows=1 width=8) (actual time=0.016..0.025 rows=2 loops=121)
                           Index Cond: (movie_id = ci.movie_id)
                           Filter: ((info_type_id = 7) AND ((info)::text = ANY ('{"MET:300 m","MET:600 m","OFM:35 mm",PCS:Spherical,"PFM:35 mm","RAT:1.33 : 1"}'::text[])))
                           Rows Removed by Filter: 13
                           Buffers: shared hit=1387
 Planning:
   Buffers: shared hit=480 read=94
 Planning Time: 10.044 ms
 Execution Time: 324.545 ms
(71 rows)

