                                                                                            QUERY PLAN                                                                                            
--------------------------------------------------------------------------------------------------------------------------------------------------------------------------------------------------
 Aggregate  (cost=643269.19..643269.20 rows=1 width=8) (actual time=74563.556..74563.567 rows=1 loops=1)
   Buffers: shared hit=7277349 read=430411, temp read=1972 written=1972
   ->  Nested Loop  (cost=94169.47..643268.61 rows=231 width=0) (actual time=537.236..74526.133 rows=168580 loops=1)
         Buffers: shared hit=7277349 read=430411, temp read=1972 written=1972
         ->  Hash Join  (cost=94169.04..642447.50 rows=354 width=4) (actual time=535.527..59741.154 rows=404780 loops=1)
               Hash Cond: (ci.role_id = rt.id)
               Buffers: shared hit=5683570 read=405070, temp read=1972 written=1972
               ->  Nested Loop  (cost=94167.86..642438.79 rows=2121 width=8) (actual time=535.368..58822.907 rows=4392743 loops=1)
                     Buffers: shared hit=5683569 read=405070, temp read=1972 written=1972
                     ->  Nested Loop  (cost=94167.42..635796.63 rows=148 width=12) (actual time=535.343..13650.815 rows=185650 loops=1)
                           Buffers: shared hit=1037913 read=198586, temp read=1972 written=1972
                           ->  Seq Scan on info_type it2  (cost=0.00..2.41 rows=1 width=4) (actual time=0.014..0.026 rows=1 loops=1)
                                 Filter: (id = 7)
                                 Rows Removed by Filter: 112
                                 Buffers: shared hit=1
                           ->  Nested Loop  (cost=94167.42..635792.74 rows=148 width=16) (actual time=535.328..13603.524 rows=185650 loops=1)
                                 Buffers: shared hit=1037912 read=198586, temp read=1972 written=1972
                                 ->  Seq Scan on info_type it1  (cost=0.00..2.41 rows=1 width=4) (actual time=0.008..0.025 rows=1 loops=1)
                                       Filter: (id = 3)
                                       Rows Removed by Filter: 112
                                       Buffers: shared hit=1
                                 ->  Nested Loop  (cost=94167.42..635788.85 rows=148 width=20) (actual time=535.317..13549.863 rows=185650 loops=1)
                                       Buffers: shared hit=1037911 read=198586, temp read=1972 written=1972
                                       ->  Hash Join  (cost=94166.99..467785.87 rows=3890 width=12) (actual time=535.167..1631.463 rows=101030 loops=1)
                                             Hash Cond: (mi1.movie_id = t.id)
                                             Buffers: shared hit=20610 read=26757, temp read=1972 written=1972
                                             ->  Bitmap Heap Scan on movie_info mi1  (cost=16464.71..389801.39 rows=64881 width=8) (actual time=43.615..655.868 rows=593716 loops=1)
                                                   Recheck Cond: (info_type_id = 3)
                                                   Filter: ((info)::text = ANY ('{Action,Adventure,Animation,Comedy,Crime,Documentary,Family,Thriller,Western}'::text[]))
                                                   Rows Removed by Filter: 940193
                                                   Heap Blocks: exact=9772
                                                   Buffers: shared hit=986 read=9989
                                                   ->  Bitmap Index Scan on info_type_id_movie_info  (cost=0.00..16448.47 rows=1538671 width=0) (actual time=42.412..42.413 rows=1533909 loops=1)
                                                         Index Cond: (info_type_id = 3)
                                                         Buffers: shared hit=1 read=1202
                                             ->  Hash  (cost=75807.58..75807.58 rows=151576 width=4) (actual time=489.859..489.863 rows=335746 loops=1)
                                                   Buckets: 262144 (originally 262144)  Batches: 2 (originally 1)  Memory Usage: 7957kB
                                                   Buffers: shared hit=19624 read=16768, temp written=491
                                                   ->  Hash Join  (cost=1.13..75807.58 rows=151576 width=4) (actual time=0.044..431.773 rows=335746 loops=1)
                                                         Hash Cond: (t.kind_id = kt.id)
                                                         Buffers: shared hit=19624 read=16768
                                                         ->  Seq Scan on title t  (cost=0.00..74315.95 rows=353677 width=8) (actual time=0.022..389.829 rows=347589 loops=1)
                                                               Filter: ((production_year <= 1975) AND (1925 < production_year))
                                                               Rows Removed by Filter: 2180723
                                                               Buffers: shared hit=19623 read=16768
                                                         ->  Hash  (cost=1.10..1.10 rows=3 width=4) (actual time=0.013..0.015 rows=3 loops=1)
                                                               Buckets: 1024  Batches: 1  Memory Usage: 9kB
                                                               Buffers: shared hit=1
                                                               ->  Seq Scan on kind_type kt  (cost=0.00..1.10 rows=3 width=4) (actual time=0.007..0.009 rows=3 loops=1)
                                                                     Filter: ((kind)::text = ANY ('{episode,movie,"tv movie"}'::text[]))
                                                                     Rows Removed by Filter: 4
                                                                     Buffers: shared hit=1
                                       ->  Index Scan using movie_id_movie_info on movie_info mi2  (cost=0.43..43.18 rows=1 width=8) (actual time=0.076..0.117 rows=2 loops=101030)
                                             Index Cond: (movie_id = t.id)
                                             Filter: ((info_type_id = 7) AND ((info)::text = ANY ('{"OFM:35 mm",PCS:Spherical,"PFM:35 mm","RAT:1.33 : 1","RAT:1.37 : 1"}'::text[])))
                                             Rows Removed by Filter: 15
                                             Buffers: shared hit=1017301 read=171829
                     ->  Index Scan using movie_id_cast_info on cast_info ci  (cost=0.44..44.50 rows=38 width=12) (actual time=0.036..0.236 rows=24 loops=185650)
                           Index Cond: (movie_id = t.id)
                           Buffers: shared hit=4645656 read=206484
               ->  Hash  (cost=1.15..1.15 rows=2 width=4) (actual time=0.037..0.038 rows=2 loops=1)
                     Buckets: 1024  Batches: 1  Memory Usage: 9kB
                     Buffers: shared hit=1
                     ->  Seq Scan on role_type rt  (cost=0.00..1.15 rows=2 width=4) (actual time=0.028..0.030 rows=2 loops=1)
                           Filter: ((role)::text = ANY ('{"costume designer",writer}'::text[]))
                           Rows Removed by Filter: 10
                           Buffers: shared hit=1
         ->  Index Scan using name_pkey on name n  (cost=0.43..2.32 rows=1 width=4) (actual time=0.036..0.036 rows=0 loops=404780)
               Index Cond: (id = ci.person_id)
               Filter: ((gender)::text = ANY ('{f,m}'::text[]))
               Rows Removed by Filter: 1
               Buffers: shared hit=1593779 read=25341
 Planning:
   Buffers: shared hit=577
 Planning Time: 14.122 ms
 Execution Time: 74564.267 ms
(76 rows)

