                                                                                                    QUERY PLAN                                                                                                     
-------------------------------------------------------------------------------------------------------------------------------------------------------------------------------------------------------------------
 Aggregate  (cost=874495.38..874495.39 rows=1 width=8) (actual time=123974.858..123974.866 rows=1 loops=1)
   Buffers: shared hit=10811439 read=2027420, temp read=2622 written=2622
   ->  Nested Loop  (cost=111177.09..874494.68 rows=279 width=0) (actual time=814.790..123720.260 rows=1593573 loops=1)
         Buffers: shared hit=10811439 read=2027420, temp read=2622 written=2622
         ->  Hash Join  (cost=111176.66..872954.52 rows=664 width=4) (actual time=814.746..65848.341 rows=1663000 loops=1)
               Hash Cond: (ci.role_id = rt.id)
               Buffers: shared hit=4333406 read=1853453, temp read=2622 written=2622
               ->  Nested Loop  (cost=111175.49..872939.19 rows=3985 width=8) (actual time=814.703..64803.302 rows=3890406 loops=1)
                     Buffers: shared hit=4333405 read=1853453, temp read=2622 written=2622
                     ->  Nested Loop  (cost=111175.05..860801.80 rows=278 width=12) (actual time=814.663..22249.838 rows=115761 loops=1)
                           Buffers: shared hit=1360826 read=673912, temp read=2622 written=2622
                           ->  Seq Scan on info_type it2  (cost=0.00..2.41 rows=1 width=4) (actual time=0.017..0.027 rows=1 loops=1)
                                 Filter: (id = 7)
                                 Rows Removed by Filter: 112
                                 Buffers: shared hit=1
                           ->  Nested Loop  (cost=111175.05..860796.61 rows=278 width=16) (actual time=814.644..22219.344 rows=115761 loops=1)
                                 Buffers: shared hit=1360825 read=673912, temp read=2622 written=2622
                                 ->  Seq Scan on info_type it1  (cost=0.00..2.41 rows=1 width=4) (actual time=0.005..0.017 rows=1 loops=1)
                                       Filter: (id = 3)
                                       Rows Removed by Filter: 112
                                       Buffers: shared hit=1
                                 ->  Nested Loop  (cost=111175.05..860791.42 rows=278 width=20) (actual time=814.637..22187.039 rows=115761 loops=1)
                                       Buffers: shared hit=1360824 read=673912, temp read=2622 written=2622
                                       ->  Hash Join  (cost=111174.61..517574.96 rows=8092 width=12) (actual time=814.536..1651.659 rows=140830 loops=1)
                                             Hash Cond: (mi2.movie_id = t.id)
                                             Buffers: shared hit=233 read=47308, temp read=2622 written=2622
                                             ->  Bitmap Heap Scan on movie_info mi2  (cost=15877.98..419214.46 rows=30386 width=8) (actual time=36.100..658.091 rows=299238 loops=1)
                                                   Recheck Cond: (info_type_id = 7)
                                                   Filter: ((info)::text = ANY ('{"CAM:Panasonic AG-DVX100","LAB:FotoKem Laboratory, Burbank (CA), USA",MET:,"OFM:35 mm","RAT:1.66 : 1","RAT:2.35 : 1"}'::text[]))
                                                   Rows Removed by Filter: 1102664
                                                   Heap Blocks: exact=10050
                                                   Buffers: shared hit=232 read=10917
                                                   ->  Bitmap Index Scan on info_type_id_movie_info  (cost=0.00..15870.39 rows=1484527 width=0) (actual time=34.845..34.845 rows=1401902 loops=1)
                                                         Index Cond: (info_type_id = 7)
                                                         Buffers: shared read=1099
                                             ->  Hash  (cost=84248.85..84248.85 rows=673342 width=4) (actual time=685.899..685.902 rows=670219 loops=1)
                                                   Buckets: 262144  Batches: 8  Memory Usage: 4993kB
                                                   Buffers: shared hit=1 read=36391, temp written=1716
                                                   ->  Hash Join  (cost=1.11..84248.85 rows=673342 width=4) (actual time=21.650..596.774 rows=670219 loops=1)
                                                         Hash Cond: (t.kind_id = kt.id)
                                                         Buffers: shared hit=1 read=36391
                                                         ->  Seq Scan on title t  (cost=0.00..74315.95 rows=2356696 width=8) (actual time=0.022..432.019 rows=2352201 loops=1)
                                                               Filter: ((production_year <= 2015) AND (1925 < production_year))
                                                               Rows Removed by Filter: 176111
                                                               Buffers: shared read=36391
                                                         ->  Hash  (cost=1.09..1.09 rows=2 width=4) (actual time=0.011..0.013 rows=2 loops=1)
                                                               Buckets: 1024  Batches: 1  Memory Usage: 9kB
                                                               Buffers: shared hit=1
                                                               ->  Seq Scan on kind_type kt  (cost=0.00..1.09 rows=2 width=4) (actual time=0.007..0.008 rows=2 loops=1)
                                                                     Filter: ((kind)::text = ANY ('{movie,"video movie"}'::text[]))
                                                                     Rows Removed by Filter: 5
                                                                     Buffers: shared hit=1
                                       ->  Index Scan using movie_id_movie_info on movie_info mi1  (cost=0.43..42.40 rows=1 width=8) (actual time=0.145..0.145 rows=1 loops=140830)
                                             Index Cond: (movie_id = t.id)
                                             Filter: ((info_type_id = 3) AND ((info)::text = ANY ('{Documentary,Drama,Musical,Romance,Short,Sport}'::text[])))
                                             Rows Removed by Filter: 31
                                             Buffers: shared hit=1360591 read=626604
                     ->  Index Scan using movie_id_cast_info on cast_info ci  (cost=0.44..43.28 rows=38 width=12) (actual time=0.038..0.358 rows=34 loops=115761)
                           Index Cond: (movie_id = t.id)
                           Buffers: shared hit=2972579 read=1179541
               ->  Hash  (cost=1.15..1.15 rows=2 width=4) (actual time=0.024..0.024 rows=2 loops=1)
                     Buckets: 1024  Batches: 1  Memory Usage: 9kB
                     Buffers: shared hit=1
                     ->  Seq Scan on role_type rt  (cost=0.00..1.15 rows=2 width=4) (actual time=0.018..0.020 rows=2 loops=1)
                           Filter: ((role)::text = ANY ('{actor,cinematographer}'::text[]))
                           Rows Removed by Filter: 10
                           Buffers: shared hit=1
         ->  Index Scan using name_pkey on name n  (cost=0.43..2.32 rows=1 width=4) (actual time=0.034..0.034 rows=1 loops=1663000)
               Index Cond: (id = ci.person_id)
               Filter: ((gender)::text = 'm'::text)
               Rows Removed by Filter: 0
               Buffers: shared hit=6478033 read=173967
 Planning:
   Buffers: shared hit=482 read=92
 Planning Time: 9.127 ms
 Execution Time: 123975.344 ms
(76 rows)

