                                                                                            QUERY PLAN                                                                                            
--------------------------------------------------------------------------------------------------------------------------------------------------------------------------------------------------
 Aggregate  (cost=836513.80..836513.81 rows=1 width=8) (actual time=164498.605..164498.615 rows=1 loops=1)
   Buffers: shared hit=16256987 read=789866, temp read=3587 written=3587
   ->  Nested Loop  (cost=95356.69..836513.43 rows=148 width=0) (actual time=2551.072..164494.066 rows=14244 loops=1)
         Buffers: shared hit=16256987 read=789866, temp read=3587 written=3587
         ->  Seq Scan on info_type it2  (cost=0.00..2.41 rows=1 width=4) (actual time=0.048..0.060 rows=1 loops=1)
               Filter: (id = 7)
               Rows Removed by Filter: 112
               Buffers: shared hit=1
         ->  Nested Loop  (cost=95356.69..836509.54 rows=148 width=4) (actual time=2551.022..164489.938 rows=14244 loops=1)
               Buffers: shared hit=16256986 read=789866, temp read=3587 written=3587
               ->  Seq Scan on info_type it1  (cost=0.00..2.41 rows=1 width=4) (actual time=0.010..0.024 rows=1 loops=1)
                     Filter: (id = 3)
                     Rows Removed by Filter: 112
                     Buffers: shared hit=1
               ->  Nested Loop  (cost=95356.69..836505.65 rows=148 width=8) (actual time=2551.008..164485.594 rows=14244 loops=1)
                     Buffers: shared hit=16256985 read=789866, temp read=3587 written=3587
                     ->  Hash Join  (cost=95356.26..835025.79 rows=638 width=12) (actual time=572.299..142698.279 rows=585251 loops=1)
                           Hash Cond: (ci.role_id = rt.id)
                           Buffers: shared hit=13954312 read=751535, temp read=3587 written=3587
                           ->  Nested Loop  (cost=95355.09..835011.02 rows=3827 width=16) (actual time=572.108..141485.289 rows=5063497 loops=1)
                                 Buffers: shared hit=13954311 read=751535, temp read=3587 written=3587
                                 ->  Nested Loop  (cost=95354.65..823115.02 rows=267 width=20) (actual time=572.070..76638.073 rows=626236 loops=1)
                                       Buffers: shared hit=7437786 read=432492, temp read=3587 written=3587
                                       ->  Hash Join  (cost=95354.21..500647.28 rows=7478 width=12) (actual time=546.228..2340.725 rows=702611 loops=1)
                                             Hash Cond: (mi2.movie_id = t.id)
                                             Buffers: shared hit=7757 read=39784, temp read=3587 written=3587
                                             ->  Bitmap Heap Scan on movie_info mi2  (cost=15894.51..419230.99 rows=96483 width=8) (actual time=36.263..941.521 rows=920363 loops=1)
                                                   Recheck Cond: (info_type_id = 7)
                                                   Filter: ((info)::text = ANY ('{"MET:150 m","OFM:35 mm",PCS:Spherical,"PFM:35 mm","RAT:1.33 : 1","RAT:1.37 : 1"}'::text[]))
                                                   Rows Removed by Filter: 481539
                                                   Heap Blocks: exact=10050
                                                   Buffers: shared hit=5669 read=5480
                                                   ->  Bitmap Index Scan on info_type_id_movie_info  (cost=0.00..15870.39 rows=1484527 width=0) (actual time=35.011..35.011 rows=1401902 loops=1)
                                                         Index Cond: (info_type_id = 7)
                                                         Buffers: shared hit=1099
                                             ->  Hash  (cost=76244.10..76244.10 rows=195968 width=4) (actual time=508.844..508.848 rows=439726 loops=1)
                                                   Buckets: 262144 (originally 262144)  Batches: 4 (originally 2)  Memory Usage: 6145kB
                                                   Buffers: shared hit=2088 read=34304, temp written=966
                                                   ->  Hash Join  (cost=1.13..76244.10 rows=195968 width=4) (actual time=0.033..431.439 rows=439726 loops=1)
                                                         Hash Cond: (t.kind_id = kt.id)
                                                         Buffers: shared hit=2088 read=34304
                                                         ->  Seq Scan on title t  (cost=0.00..74315.95 rows=457258 width=8) (actual time=0.014..373.466 rows=451569 loops=1)
                                                               Filter: ((production_year <= 1975) AND (1875 < production_year))
                                                               Rows Removed by Filter: 2076743
                                                               Buffers: shared hit=2087 read=34304
                                                         ->  Hash  (cost=1.10..1.10 rows=3 width=4) (actual time=0.012..0.014 rows=3 loops=1)
                                                               Buckets: 1024  Batches: 1  Memory Usage: 9kB
                                                               Buffers: shared hit=1
                                                               ->  Seq Scan on kind_type kt  (cost=0.00..1.10 rows=3 width=4) (actual time=0.008..0.009 rows=3 loops=1)
                                                                     Filter: ((kind)::text = ANY ('{episode,movie,"tv movie"}'::text[]))
                                                                     Rows Removed by Filter: 4
                                                                     Buffers: shared hit=1
                                       ->  Index Scan using movie_id_movie_info on movie_info mi1  (cost=0.43..43.11 rows=1 width=8) (actual time=0.104..0.105 rows=1 loops=702611)
                                             Index Cond: (movie_id = t.id)
                                             Filter: ((info_type_id = 3) AND ((info)::text = ANY ('{Animation,Comedy,Documentary,Family,Horror,Short,War,Western}'::text[])))
                                             Rows Removed by Filter: 13
                                             Buffers: shared hit=7430029 read=392708
                                 ->  Index Scan using movie_id_cast_info on cast_info ci  (cost=0.44..44.17 rows=38 width=12) (actual time=0.035..0.100 rows=8 loops=626236)
                                       Index Cond: (movie_id = t.id)
                                       Buffers: shared hit=6516525 read=319043
                           ->  Hash  (cost=1.15..1.15 rows=2 width=4) (actual time=0.020..0.021 rows=2 loops=1)
                                 Buckets: 1024  Batches: 1  Memory Usage: 9kB
                                 Buffers: shared hit=1
                                 ->  Seq Scan on role_type rt  (cost=0.00..1.15 rows=2 width=4) (actual time=0.011..0.013 rows=2 loops=1)
                                       Filter: ((role)::text = ANY ('{composer,writer}'::text[]))
                                       Rows Removed by Filter: 10
                                       Buffers: shared hit=1
                     ->  Index Scan using name_pkey on name n  (cost=0.43..2.32 rows=1 width=4) (actual time=0.037..0.037 rows=0 loops=585251)
                           Index Cond: (id = ci.person_id)
                           Filter: ((gender)::text = 'f'::text)
                           Rows Removed by Filter: 1
                           Buffers: shared hit=2302673 read=38331
 Planning:
   Buffers: shared hit=574
 Planning Time: 13.058 ms
 Execution Time: 164499.311 ms
(76 rows)

