                                                                                                       QUERY PLAN                                                                                                       
------------------------------------------------------------------------------------------------------------------------------------------------------------------------------------------------------------------------
 Aggregate  (cost=477234.10..477234.11 rows=1 width=8) (actual time=32281.954..32281.964 rows=1 loops=1)
   Buffers: shared hit=3230827 read=99722
   ->  Nested Loop  (cost=65093.29..477234.08 rows=7 width=0) (actual time=2529.862..32281.861 rows=198 loops=1)
         Buffers: shared hit=3230827 read=99722
         ->  Seq Scan on info_type it2  (cost=0.00..2.41 rows=1 width=4) (actual time=0.043..0.055 rows=1 loops=1)
               Filter: (id = 7)
               Rows Removed by Filter: 112
               Buffers: shared hit=1
         ->  Nested Loop  (cost=65093.29..477231.60 rows=7 width=4) (actual time=2529.817..32281.745 rows=198 loops=1)
               Buffers: shared hit=3230826 read=99722
               ->  Seq Scan on info_type it1  (cost=0.00..2.41 rows=1 width=4) (actual time=0.008..0.022 rows=1 loops=1)
                     Filter: (id = 3)
                     Rows Removed by Filter: 112
                     Buffers: shared hit=1
               ->  Nested Loop  (cost=65093.29..477229.12 rows=7 width=8) (actual time=2529.806..32281.650 rows=198 loops=1)
                     Buffers: shared hit=3230825 read=99722
                     ->  Hash Join  (cost=65092.86..477192.01 rows=16 width=12) (actual time=729.753..32243.257 rows=892 loops=1)
                           Hash Cond: (ci.role_id = rt.id)
                           Buffers: shared hit=3227453 read=99526
                           ->  Nested Loop  (cost=65091.70..477190.18 rows=186 width=16) (actual time=267.433..32020.546 rows=1185522 loops=1)
                                 Buffers: shared hit=3227452 read=99526
                                 ->  Nested Loop  (cost=65091.26..476561.70 rows=13 width=20) (actual time=267.401..13107.212 rows=296074 loops=1)
                                       Buffers: shared hit=1194432 read=72137
                                       ->  Hash Join  (cost=65090.83..453860.53 rows=497 width=12) (actual time=267.329..1372.351 rows=124580 loops=1)
                                             Hash Cond: (mi1.movie_id = t.id)
                                             Buffers: shared hit=2330 read=22032
                                             ->  Bitmap Heap Scan on movie_info mi1  (cost=16469.70..404915.93 rows=84935 width=8) (actual time=42.612..872.500 rows=818607 loops=1)
                                                   Recheck Cond: (info_type_id = 3)
                                                   Filter: ((info)::text = ANY ('{Adventure,Documentary,Drama,Fantasy,Short}'::text[]))
                                                   Rows Removed by Filter: 715302
                                                   Heap Blocks: exact=9772
                                                   Buffers: shared hit=2329 read=8646
                                                   ->  Bitmap Index Scan on info_type_id_movie_info  (cost=0.00..16448.47 rows=1538671 width=0) (actual time=41.433..41.433 rows=1533909 loops=1)
                                                         Index Cond: (info_type_id = 3)
                                                         Buffers: shared read=1203
                                             ->  Hash  (cost=48436.16..48436.16 rows=14797 width=4) (actual time=193.774..193.777 rows=103977 loops=1)
                                                   Buckets: 131072 (originally 16384)  Batches: 1 (originally 1)  Memory Usage: 4680kB
                                                   Buffers: shared hit=1 read=13386
                                                   ->  Nested Loop  (cost=4497.16..48436.16 rows=14797 width=4) (actual time=19.460..178.314 rows=103977 loops=1)
                                                         Buffers: shared hit=1 read=13386
                                                         ->  Seq Scan on kind_type kt  (cost=0.00..1.09 rows=1 width=4) (actual time=0.009..0.013 rows=1 loops=1)
                                                               Filter: ((kind)::text = 'movie'::text)
                                                               Rows Removed by Filter: 6
                                                               Buffers: shared hit=1
                                                         ->  Bitmap Heap Scan on title t  (cost=4497.16..48262.45 rows=17263 width=8) (actual time=19.447..171.798 rows=103977 loops=1)
                                                               Recheck Cond: (kind_id = kt.id)
                                                               Filter: ((production_year <= 1925) AND (1875 < production_year))
                                                               Rows Removed by Filter: 558848
                                                               Heap Blocks: exact=12865
                                                               Buffers: shared read=13386
                                                               ->  Bitmap Index Scan on kind_id_title  (cost=0.00..4492.84 rows=421388 width=0) (actual time=17.222..17.223 rows=662825 loops=1)
                                                                     Index Cond: (kind_id = kt.id)
                                                                     Buffers: shared read=521
                                       ->  Index Scan using movie_id_movie_info on movie_info mi2  (cost=0.43..45.67 rows=1 width=8) (actual time=0.058..0.093 rows=2 loops=124580)
                                             Index Cond: (movie_id = t.id)
                                             Filter: ((info_type_id = 7) AND ((info)::text = ANY ('{"MET:15.2 m","MET:15.24 m","MET:200 m","MET:23 m","MET:900 m","OFM:35 mm",PCS:Spherical,"RAT:1.33 : 1"}'::text[])))
                                             Rows Removed by Filter: 9
                                             Buffers: shared hit=1192102 read=50105
                                 ->  Index Scan using movie_id_cast_info on cast_info ci  (cost=0.44..47.96 rows=38 width=12) (actual time=0.033..0.062 rows=4 loops=296074)
                                       Index Cond: (movie_id = t.id)
                                       Buffers: shared hit=2033020 read=27389
                           ->  Hash  (cost=1.15..1.15 rows=1 width=4) (actual time=0.019..0.020 rows=1 loops=1)
                                 Buckets: 1024  Batches: 1  Memory Usage: 9kB
                                 Buffers: shared hit=1
                                 ->  Seq Scan on role_type rt  (cost=0.00..1.15 rows=1 width=4) (actual time=0.010..0.011 rows=1 loops=1)
                                       Filter: ((role)::text = 'costume designer'::text)
                                       Rows Removed by Filter: 11
                                       Buffers: shared hit=1
                     ->  Index Scan using name_pkey on name n  (cost=0.43..2.32 rows=1 width=4) (actual time=0.042..0.042 rows=0 loops=892)
                           Index Cond: (id = ci.person_id)
                           Filter: ((gender)::text = 'm'::text)
                           Rows Removed by Filter: 1
                           Buffers: shared hit=3372 read=196
 Planning:
   Buffers: shared hit=482 read=92
 Planning Time: 14.725 ms
 Execution Time: 32282.899 ms
(77 rows)

