                                                                                               QUERY PLAN                                                                                                
---------------------------------------------------------------------------------------------------------------------------------------------------------------------------------------------------------
 Aggregate  (cost=1029903.42..1029903.43 rows=1 width=8) (actual time=160245.226..160245.236 rows=1 loops=1)
   Buffers: shared hit=15153700 read=1357496, temp read=19156 written=19156
   ->  Nested Loop  (cost=512912.31..1029901.18 rows=896 width=0) (actual time=1960.854..160227.745 rows=46167 loops=1)
         Buffers: shared hit=15153700 read=1357496, temp read=19156 written=19156
         ->  Seq Scan on info_type it2  (cost=0.00..2.41 rows=1 width=4) (actual time=0.045..0.054 rows=1 loops=1)
               Filter: (id = 7)
               Rows Removed by Filter: 112
               Buffers: shared hit=1
         ->  Nested Loop  (cost=512912.31..1029889.81 rows=896 width=4) (actual time=1960.808..160214.925 rows=46167 loops=1)
               Buffers: shared hit=15153699 read=1357496, temp read=19156 written=19156
               ->  Seq Scan on info_type it1  (cost=0.00..2.41 rows=1 width=4) (actual time=0.008..0.020 rows=1 loops=1)
                     Filter: (id = 3)
                     Rows Removed by Filter: 112
                     Buffers: shared hit=1
               ->  Nested Loop  (cost=512912.31..1029878.44 rows=896 width=8) (actual time=1960.797..160201.561 rows=46167 loops=1)
                     Buffers: shared hit=15153698 read=1357496, temp read=19156 written=19156
                     ->  Hash Join  (cost=512911.88..1024926.26 rows=2135 width=12) (actual time=1948.450..154597.716 rows=147934 loops=1)
                           Hash Cond: (ci.role_id = rt.id)
                           Buffers: shared hit=14594135 read=1325323, temp read=19156 written=19156
                           ->  Nested Loop  (cost=512910.72..1024834.11 rows=25615 width=16) (actual time=1947.493..151908.981 rows=14811088 loops=1)
                                 Buffers: shared hit=14594134 read=1325323, temp read=19156 written=19156
                                 ->  Hash Join  (cost=512910.28..946814.27 rows=1787 width=20) (actual time=1947.456..3676.332 rows=473463 loops=1)
                                       Hash Cond: (mi2.movie_id = t.id)
                                       Buffers: shared hit=6249 read=52267, temp read=19156 written=19156
                                       ->  Bitmap Heap Scan on movie_info mi2  (cost=15894.25..449422.42 rows=95455 width=8) (actual time=39.529..745.191 rows=894033 loops=1)
                                             Recheck Cond: (info_type_id = 7)
                                             Filter: ((info)::text = ANY ('{"OFM:35 mm","PFM:35 mm","RAT:1.33 : 1","RAT:1.37 : 1","RAT:1.78 : 1","RAT:1.85 : 1","RAT:16:9 HD","RAT:2.35 : 1"}'::text[]))
                                             Rows Removed by Filter: 507869
                                             Heap Blocks: exact=10050
                                             Buffers: shared hit=1186 read=9963
                                             ->  Bitmap Index Scan on info_type_id_movie_info  (cost=0.00..15870.39 rows=1484527 width=0) (actual time=38.288..38.288 rows=1401902 loops=1)
                                                   Index Cond: (info_type_id = 7)
                                                   Buffers: shared read=1099
                                       ->  Hash  (cost=496424.42..496424.42 rows=47329 width=12) (actual time=1907.058..1907.063 rows=820571 loops=1)
                                             Buckets: 262144 (originally 65536)  Batches: 8 (originally 1)  Memory Usage: 6453kB
                                             Buffers: shared hit=5063 read=42304, temp read=11359 written=14161
                                             ->  Hash Join  (cost=117298.15..496424.42 rows=47329 width=12) (actual time=1013.208..1781.444 rows=820571 loops=1)
                                                   Hash Cond: (mi1.movie_id = t.id)
                                                   Buffers: shared hit=5063 read=42304, temp read=11359 written=11359
                                                   ->  Bitmap Heap Scan on movie_info mi1  (cost=16478.11..389814.80 rows=118478 width=8) (actual time=38.214..324.903 rows=1139436 loops=1)
                                                         Recheck Cond: (info_type_id = 3)
                                                         Filter: ((info)::text = ANY ('{Animation,Comedy,Documentary,Drama,Family,Mystery,Sci-Fi,Short,Thriller,War,Western}'::text[]))
                                                         Rows Removed by Filter: 394473
                                                         Heap Blocks: exact=9772
                                                         Buffers: shared hit=5061 read=5914
                                                         ->  Bitmap Index Scan on info_type_id_movie_info  (cost=0.00..16448.47 rows=1538671 width=0) (actual time=37.009..37.009 rows=1533909 loops=1)
                                                               Index Cond: (info_type_id = 3)
                                                               Buffers: shared hit=1 read=1202
                                                   ->  Hash  (cost=84248.88..84248.88 rows=1010013 width=4) (actual time=973.511..973.515 rows=2148656 loops=1)
                                                         Buckets: 262144 (originally 262144)  Batches: 16 (originally 8)  Memory Usage: 6773kB
                                                         Buffers: shared hit=2 read=36390, temp written=5895
                                                         ->  Hash Join  (cost=1.13..84248.88 rows=1010013 width=4) (actual time=0.047..693.229 rows=2148656 loops=1)
                                                               Hash Cond: (t.kind_id = kt.id)
                                                               Buffers: shared hit=2 read=36390
                                                               ->  Seq Scan on title t  (cost=0.00..74315.95 rows=2356696 width=8) (actual time=0.027..433.775 rows=2352201 loops=1)
                                                                     Filter: ((production_year <= 2015) AND (1925 < production_year))
                                                                     Rows Removed by Filter: 176111
                                                                     Buffers: shared hit=1 read=36390
                                                               ->  Hash  (cost=1.10..1.10 rows=3 width=4) (actual time=0.013..0.014 rows=3 loops=1)
                                                                     Buckets: 1024  Batches: 1  Memory Usage: 9kB
                                                                     Buffers: shared hit=1
                                                                     ->  Seq Scan on kind_type kt  (cost=0.00..1.10 rows=3 width=4) (actual time=0.007..0.009 rows=3 loops=1)
                                                                           Filter: ((kind)::text = ANY ('{episode,movie,"video movie"}'::text[]))
                                                                           Rows Removed by Filter: 4
                                                                           Buffers: shared hit=1
                                 ->  Index Scan using movie_id_cast_info on cast_info ci  (cost=0.44..43.28 rows=38 width=12) (actual time=0.036..0.303 rows=31 loops=473463)
                                       Index Cond: (movie_id = t.id)
                                       Buffers: shared hit=14587885 read=1273056
                           ->  Hash  (cost=1.15..1.15 rows=1 width=4) (actual time=0.018..0.018 rows=1 loops=1)
                                 Buckets: 1024  Batches: 1  Memory Usage: 9kB
                                 Buffers: shared hit=1
                                 ->  Seq Scan on role_type rt  (cost=0.00..1.15 rows=1 width=4) (actual time=0.009..0.010 rows=1 loops=1)
                                       Filter: ((role)::text = 'production designer'::text)
                                       Rows Removed by Filter: 11
                                       Buffers: shared hit=1
                     ->  Index Scan using name_pkey on name n  (cost=0.43..2.32 rows=1 width=4) (actual time=0.037..0.037 rows=0 loops=147934)
                           Index Cond: (id = ci.person_id)
                           Filter: ((gender)::text = 'm'::text)
                           Rows Removed by Filter: 1
                           Buffers: shared hit=559563 read=32173
 Planning:
   Buffers: shared hit=504 read=73
 Planning Time: 13.869 ms
 Execution Time: 160245.960 ms
(84 rows)

