                                                                                            QUERY PLAN                                                                                            
--------------------------------------------------------------------------------------------------------------------------------------------------------------------------------------------------
 Aggregate  (cost=465265.21..465265.22 rows=1 width=8) (actual time=906.684..906.690 rows=1 loops=1)
   Buffers: shared hit=35953 read=38682
   ->  Nested Loop  (cost=92438.26..465265.20 rows=4 width=0) (actual time=422.742..906.682 rows=4 loops=1)
         Buffers: shared hit=35953 read=38682
         ->  Seq Scan on info_type it2  (cost=0.00..2.41 rows=1 width=4) (actual time=0.038..0.043 rows=1 loops=1)
               Filter: (id = 7)
               Rows Removed by Filter: 112
               Buffers: shared hit=1
         ->  Nested Loop  (cost=92438.26..465262.75 rows=4 width=4) (actual time=422.702..906.635 rows=4 loops=1)
               Buffers: shared hit=35952 read=38682
               ->  Seq Scan on info_type it1  (cost=0.00..2.41 rows=1 width=4) (actual time=0.013..0.020 rows=1 loops=1)
                     Filter: (id = 3)
                     Rows Removed by Filter: 112
                     Buffers: shared hit=1
               ->  Nested Loop  (cost=92438.26..465260.29 rows=4 width=8) (actual time=422.686..906.611 rows=4 loops=1)
                     Buffers: shared hit=35951 read=38682
                     ->  Hash Join  (cost=92437.83..465218.54 rows=18 width=12) (actual time=406.883..898.827 rows=293 loops=1)
                           Hash Cond: (ci.role_id = rt.id)
                           Buffers: shared hit=34919 read=38542
                           ->  Nested Loop  (cost=92436.67..465216.62 rows=215 width=16) (actual time=400.641..898.376 rows=2839 loops=1)
                                 Buffers: shared hit=34918 read=38542
                                 ->  Nested Loop  (cost=92436.23..464529.32 rows=15 width=20) (actual time=400.077..857.046 rows=693 loops=1)
                                       Buffers: shared hit=30741 read=37912
                                       ->  Hash Join  (cost=92435.79..435662.69 rows=661 width=12) (actual time=399.886..671.626 rows=2105 loops=1)
                                             Hash Cond: (mi1.movie_id = t.id)
                                             Buffers: shared hit=12999 read=34368
                                             ->  Bitmap Heap Scan on movie_info mi1  (cost=16455.31..359572.90 rows=27388 width=8) (actual time=41.250..284.541 rows=289682 loops=1)
                                                   Recheck Cond: (info_type_id = 3)
                                                   Filter: ((info)::text = ANY ('{Drama,Romance}'::text[]))
                                                   Rows Removed by Filter: 1244227
                                                   Heap Blocks: exact=9772
                                                   Buffers: shared hit=10975
                                                   ->  Bitmap Index Scan on info_type_id_movie_info  (cost=0.00..16448.47 rows=1538671 width=0) (actual time=40.071..40.071 rows=1533909 loops=1)
                                                         Index Cond: (info_type_id = 3)
                                                         Buffers: shared hit=1203
                                             ->  Hash  (cost=75217.44..75217.44 rows=61043 width=4) (actual time=358.368..358.370 rows=7784 loops=1)
                                                   Buckets: 65536  Batches: 1  Memory Usage: 786kB
                                                   Buffers: shared hit=2024 read=34368
                                                   ->  Hash Join  (cost=1.11..75217.44 rows=61043 width=4) (actual time=0.112..356.508 rows=7784 loops=1)
                                                         Hash Cond: (t.kind_id = kt.id)
                                                         Buffers: shared hit=2024 read=34368
                                                         ->  Seq Scan on title t  (cost=0.00..74315.95 rows=213650 width=8) (actual time=0.020..343.154 rows=212483 loops=1)
                                                               Filter: ((production_year <= 1970) AND (1950 < production_year))
                                                               Rows Removed by Filter: 2315829
                                                               Buffers: shared hit=2023 read=34368
                                                         ->  Hash  (cost=1.09..1.09 rows=2 width=4) (actual time=0.010..0.011 rows=2 loops=1)
                                                               Buckets: 1024  Batches: 1  Memory Usage: 9kB
                                                               Buffers: shared hit=1
                                                               ->  Seq Scan on kind_type kt  (cost=0.00..1.09 rows=2 width=4) (actual time=0.006..0.007 rows=2 loops=1)
                                                                     Filter: ((kind)::text = ANY ('{"tv series","video game"}'::text[]))
                                                                     Rows Removed by Filter: 5
                                                                     Buffers: shared hit=1
                                       ->  Index Scan using movie_id_movie_info on movie_info mi2  (cost=0.43..43.66 rows=1 width=8) (actual time=0.079..0.088 rows=0 loops=2105)
                                             Index Cond: (movie_id = t.id)
                                             Filter: (((info)::text = ANY ('{"OFM:35 mm","PFM:35 mm"}'::text[])) AND (info_type_id = 7))
                                             Rows Removed by Filter: 10
                                             Buffers: shared hit=17742 read=3544
                                 ->  Index Scan using movie_id_cast_info on cast_info ci  (cost=0.44..45.44 rows=38 width=12) (actual time=0.029..0.059 rows=4 loops=693)
                                       Index Cond: (movie_id = t.id)
                                       Buffers: shared hit=4177 read=630
                           ->  Hash  (cost=1.15..1.15 rows=1 width=4) (actual time=0.018..0.018 rows=1 loops=1)
                                 Buckets: 1024  Batches: 1  Memory Usage: 9kB
                                 Buffers: shared hit=1
                                 ->  Seq Scan on role_type rt  (cost=0.00..1.15 rows=1 width=4) (actual time=0.010..0.012 rows=1 loops=1)
                                       Filter: ((role)::text = 'producer'::text)
                                       Rows Removed by Filter: 11
                                       Buffers: shared hit=1
                     ->  Index Scan using name_pkey on name n  (cost=0.43..2.32 rows=1 width=4) (actual time=0.026..0.026 rows=0 loops=293)
                           Index Cond: (id = ci.person_id)
                           Filter: ((gender)::text = 'f'::text)
                           Rows Removed by Filter: 1
                           Buffers: shared hit=1032 read=140
 Planning:
   Buffers: shared hit=574
 Planning Time: 13.282 ms
 Execution Time: 907.249 ms
(76 rows)

