                                                                                                     QUERY PLAN                                                                                                      
---------------------------------------------------------------------------------------------------------------------------------------------------------------------------------------------------------------------
 Aggregate  (cost=954393.20..954393.21 rows=1 width=8) (actual time=28381.319..28381.329 rows=1 loops=1)
   Buffers: shared hit=2749157 read=108447, temp read=8942 written=8347
   ->  Nested Loop  (cost=852528.79..954392.66 rows=216 width=0) (actual time=1082.132..28380.790 rows=1198 loops=1)
         Buffers: shared hit=2749157 read=108447, temp read=8942 written=8347
         ->  Seq Scan on info_type it2  (cost=0.00..2.41 rows=1 width=4) (actual time=0.039..0.053 rows=1 loops=1)
               Filter: (id = 7)
               Rows Removed by Filter: 112
               Buffers: shared hit=1
         ->  Nested Loop  (cost=852528.79..954388.09 rows=216 width=4) (actual time=1082.090..28380.382 rows=1198 loops=1)
               Buffers: shared hit=2749156 read=108447, temp read=8942 written=8347
               ->  Seq Scan on info_type it1  (cost=0.00..2.41 rows=1 width=4) (actual time=0.009..0.024 rows=1 loops=1)
                     Filter: (id = 3)
                     Rows Removed by Filter: 112
                     Buffers: shared hit=1
               ->  Nested Loop  (cost=852528.79..954383.51 rows=216 width=8) (actual time=1082.080..28379.945 rows=1198 loops=1)
                     Buffers: shared hit=2749155 read=108447, temp read=8942 written=8347
                     ->  Hash Join  (cost=852528.36..952231.00 rows=928 width=12) (actual time=1077.489..28126.276 rows=6496 loops=1)
                           Hash Cond: (ci.role_id = rt.id)
                           Buffers: shared hit=2724272 read=107346, temp read=8942 written=8347
                           ->  Nested Loop  (cost=852527.19..952190.28 rows=11137 width=16) (actual time=1061.067..28032.078 rows=463353 loops=1)
                                 Buffers: shared hit=2724271 read=107346, temp read=8942 written=8347
                                 ->  Nested Loop  (cost=852526.75..918207.76 rows=777 width=20) (actual time=1061.051..23046.086 rows=12721 loops=1)
                                       Buffers: shared hit=2305700 read=33836, temp read=8942 written=8347
                                       ->  Nested Loop  (cost=852526.61..918163.34 rows=1812 width=24) (actual time=1061.033..22922.321 rows=163727 loops=1)
                                             Buffers: shared hit=2305688 read=33836, temp read=8942 written=8347
                                             ->  Merge Join  (cost=852526.18..853534.84 rows=19336 width=16) (actual time=1060.984..1807.990 rows=579350 loops=1)
                                                   Merge Cond: (mi1.movie_id = mi2.movie_id)
                                                   Buffers: shared hit=11704 read=10420, temp read=8942 written=8347
                                                   ->  Sort  (cost=396512.94..396718.35 rows=82165 width=8) (actual time=480.691..628.134 rows=791025 loops=1)
                                                         Sort Key: mi1.movie_id
                                                         Sort Method: external sort  Disk: 17096kB
                                                         Buffers: shared hit=10975, temp read=4266 written=4277
                                                         ->  Bitmap Heap Scan on movie_info mi1  (cost=16469.03..389805.71 rows=82165 width=8) (actual time=41.504..283.720 rows=791025 loops=1)
                                                               Recheck Cond: (info_type_id = 3)
                                                               Filter: ((info)::text = ANY ('{Action,Comedy,Documentary,Drama,Family,Fantasy,Horror,Sci-Fi,Thriller}'::text[]))
                                                               Rows Removed by Filter: 742884
                                                               Heap Blocks: exact=9772
                                                               Buffers: shared hit=10975
                                                               ->  Bitmap Index Scan on info_type_id_movie_info  (cost=0.00..16448.47 rows=1538671 width=0) (actual time=40.325..40.325 rows=1533909 loops=1)
                                                                     Index Cond: (info_type_id = 3)
                                                                     Buffers: shared hit=1203
                                                   ->  Sort  (cost=456013.24..456215.48 rows=80895 width=8) (actual time=580.282..767.813 rows=863377 loops=1)
                                                         Sort Key: mi2.movie_id
                                                         Sort Method: external sort  Disk: 16272kB
                                                         Buffers: shared hit=729 read=10420, temp read=4368 written=4070
                                                         ->  Bitmap Heap Scan on movie_info mi2  (cost=15890.61..449418.78 rows=80895 width=8) (actual time=33.304..398.378 rows=752886 loops=1)
                                                               Recheck Cond: (info_type_id = 7)
                                                               Filter: ((info)::text = ANY ('{"OFM:35 mm",OFM:Video,PCS:Spherical,"PCS:Super 35","PFM:35 mm","RAT:1.85 : 1","RAT:16:9 HD","RAT:2.35 : 1"}'::text[]))
                                                               Rows Removed by Filter: 649016
                                                               Heap Blocks: exact=10050
                                                               Buffers: shared hit=729 read=10420
                                                               ->  Bitmap Index Scan on info_type_id_movie_info  (cost=0.00..15870.39 rows=1484527 width=0) (actual time=32.059..32.059 rows=1401902 loops=1)
                                                                     Index Cond: (info_type_id = 7)
                                                                     Buffers: shared hit=1 read=1098
                                             ->  Index Scan using title_pkey on title t  (cost=0.43..3.34 rows=1 width=8) (actual time=0.036..0.036 rows=0 loops=579350)
                                                   Index Cond: (id = mi1.movie_id)
                                                   Filter: ((production_year <= 2015) AND (1990 < production_year))
                                                   Rows Removed by Filter: 1
                                                   Buffers: shared hit=2293984 read=23416
                                       ->  Memoize  (cost=0.14..0.16 rows=1 width=4) (actual time=0.000..0.000 rows=0 loops=163727)
                                             Cache Key: t.kind_id
                                             Cache Mode: logical
                                             Hits: 163721  Misses: 6  Evictions: 0  Overflows: 0  Memory Usage: 1kB
                                             Buffers: shared hit=12
                                             ->  Index Scan using kind_type_pkey on kind_type kt  (cost=0.13..0.15 rows=1 width=4) (actual time=0.011..0.011 rows=0 loops=6)
                                                   Index Cond: (id = t.kind_id)
                                                   Filter: ((kind)::text = ANY ('{"tv movie","tv series","video game"}'::text[]))
                                                   Rows Removed by Filter: 0
                                                   Buffers: shared hit=12
                                 ->  Index Scan using movie_id_cast_info on cast_info ci  (cost=0.44..43.36 rows=38 width=12) (actual time=0.040..0.381 rows=36 loops=12721)
                                       Index Cond: (movie_id = t.id)
                                       Buffers: shared hit=418571 read=73510
                           ->  Hash  (cost=1.15..1.15 rows=1 width=4) (actual time=0.018..0.019 rows=1 loops=1)
                                 Buckets: 1024  Batches: 1  Memory Usage: 9kB
                                 Buffers: shared hit=1
                                 ->  Seq Scan on role_type rt  (cost=0.00..1.15 rows=1 width=4) (actual time=0.011..0.012 rows=1 loops=1)
                                       Filter: ((role)::text = 'costume designer'::text)
                                       Rows Removed by Filter: 11
                                       Buffers: shared hit=1
                     ->  Index Scan using name_pkey on name n  (cost=0.43..2.32 rows=1 width=4) (actual time=0.038..0.038 rows=0 loops=6496)
                           Index Cond: (id = ci.person_id)
                           Filter: ((gender)::text = 'f'::text)
                           Rows Removed by Filter: 1
                           Buffers: shared hit=24883 read=1101
 Planning:
   Buffers: shared hit=576 read=1
 Planning Time: 13.648 ms
 Execution Time: 28395.387 ms
(88 rows)

