                                                                                            QUERY PLAN                                                                                            
--------------------------------------------------------------------------------------------------------------------------------------------------------------------------------------------------
 Aggregate  (cost=538507.23..538507.24 rows=1 width=8) (actual time=959.125..959.132 rows=1 loops=1)
   Buffers: shared hit=31190 read=43045, temp read=383 written=383
   ->  Nested Loop  (cost=96334.79..538507.20 rows=13 width=0) (actual time=454.799..959.108 rows=38 loops=1)
         Buffers: shared hit=31190 read=43045, temp read=383 written=383
         ->  Hash Join  (cost=96334.36..538435.30 rows=31 width=4) (actual time=446.863..949.437 rows=273 loops=1)
               Hash Cond: (ci.role_id = rt.id)
               Buffers: shared hit=30395 read=42748, temp read=383 written=383
               ->  Nested Loop  (cost=96333.19..538433.45 rows=186 width=8) (actual time=446.193..948.757 rows=5423 loops=1)
                     Buffers: shared hit=30394 read=42748, temp read=383 written=383
                     ->  Nested Loop  (cost=96332.75..537856.59 rows=13 width=12) (actual time=446.164..892.676 rows=479 loops=1)
                           Buffers: shared hit=25826 read=40626, temp read=383 written=383
                           ->  Seq Scan on info_type it2  (cost=0.00..2.41 rows=1 width=4) (actual time=0.028..0.033 rows=1 loops=1)
                                 Filter: (id = 7)
                                 Rows Removed by Filter: 112
                                 Buffers: shared hit=1
                           ->  Nested Loop  (cost=96332.75..537854.05 rows=13 width=16) (actual time=446.134..892.562 rows=479 loops=1)
                                 Buffers: shared hit=25825 read=40626, temp read=383 written=383
                                 ->  Seq Scan on info_type it1  (cost=0.00..2.41 rows=1 width=4) (actual time=0.009..0.016 rows=1 loops=1)
                                       Filter: (id = 3)
                                       Rows Removed by Filter: 112
                                       Buffers: shared hit=1
                                 ->  Nested Loop  (cost=96332.75..537851.51 rows=13 width=20) (actual time=446.122..892.463 rows=479 loops=1)
                                       Buffers: shared hit=25824 read=40626, temp read=383 written=383
                                       ->  Hash Join  (cost=96332.31..455556.43 rows=1923 width=12) (actual time=445.886..742.433 rows=1344 loops=1)
                                             Hash Cond: (mi2.movie_id = t.id)
                                             Buffers: shared hit=15898 read=31643, temp read=383 written=383
                                             ->  Bitmap Heap Scan on movie_info mi2  (cost=15875.58..373924.54 rows=20783 width=8) (actual time=38.695..292.249 rows=194162 loops=1)
                                                   Recheck Cond: (info_type_id = 7)
                                                   Filter: ((info)::text = ANY ('{PCS:Spherical,"RAT:1.85 : 1","RAT:2.35 : 1"}'::text[]))
                                                   Rows Removed by Filter: 1207740
                                                   Heap Blocks: exact=10050
                                                   Buffers: shared hit=185 read=10964
                                                   ->  Bitmap Index Scan on info_type_id_movie_info  (cost=0.00..15870.39 rows=1484527 width=0) (actual time=37.319..37.319 rows=1401902 loops=1)
                                                         Index Cond: (info_type_id = 7)
                                                         Buffers: shared hit=1 read=1098
                                             ->  Hash  (cost=76617.93..76617.93 rows=233984 width=4) (actual time=405.882..405.885 rows=33701 loops=1)
                                                   Buckets: 262144  Batches: 2  Memory Usage: 2644kB
                                                   Buffers: shared hit=15713 read=20679, temp written=49
                                                   ->  Hash Join  (cost=1.13..76617.93 rows=233984 width=4) (actual time=0.062..399.087 rows=33701 loops=1)
                                                         Hash Cond: (t.kind_id = kt.id)
                                                         Buffers: shared hit=15713 read=20679
                                                         ->  Seq Scan on title t  (cost=0.00..74315.95 rows=545963 width=8) (actual time=0.025..367.381 rows=538239 loops=1)
                                                               Filter: ((production_year <= 1990) AND (1950 < production_year))
                                                               Rows Removed by Filter: 1990073
                                                               Buffers: shared hit=15712 read=20679
                                                         ->  Hash  (cost=1.10..1.10 rows=3 width=4) (actual time=0.012..0.013 rows=3 loops=1)
                                                               Buckets: 1024  Batches: 1  Memory Usage: 9kB
                                                               Buffers: shared hit=1
                                                               ->  Seq Scan on kind_type kt  (cost=0.00..1.10 rows=3 width=4) (actual time=0.007..0.009 rows=3 loops=1)
                                                                     Filter: ((kind)::text = ANY ('{"tv series","video game","video movie"}'::text[]))
                                                                     Rows Removed by Filter: 4
                                                                     Buffers: shared hit=1
                                       ->  Index Scan using movie_id_movie_info on movie_info mi1  (cost=0.43..42.79 rows=1 width=8) (actual time=0.110..0.111 rows=0 loops=1344)
                                             Index Cond: (movie_id = t.id)
                                             Filter: ((info_type_id = 3) AND ((info)::text = ANY ('{Action,Adventure,Romance,Thriller}'::text[])))
                                             Rows Removed by Filter: 30
                                             Buffers: shared hit=9926 read=8983
                     ->  Index Scan using movie_id_cast_info on cast_info ci  (cost=0.44..43.99 rows=38 width=12) (actual time=0.024..0.115 rows=11 loops=479)
                           Index Cond: (movie_id = t.id)
                           Buffers: shared hit=4568 read=2122
               ->  Hash  (cost=1.15..1.15 rows=2 width=4) (actual time=0.036..0.037 rows=2 loops=1)
                     Buckets: 1024  Batches: 1  Memory Usage: 9kB
                     Buffers: shared hit=1
                     ->  Seq Scan on role_type rt  (cost=0.00..1.15 rows=2 width=4) (actual time=0.028..0.030 rows=2 loops=1)
                           Filter: ((role)::text = ANY ('{"costume designer",editor}'::text[]))
                           Rows Removed by Filter: 10
                           Buffers: shared hit=1
         ->  Index Scan using name_pkey on name n  (cost=0.43..2.32 rows=1 width=4) (actual time=0.035..0.035 rows=0 loops=273)
               Index Cond: (id = ci.person_id)
               Filter: ((gender)::text = 'm'::text)
               Rows Removed by Filter: 1
               Buffers: shared hit=795 read=297
 Planning:
   Buffers: shared hit=529 read=45
 Planning Time: 12.861 ms
 Execution Time: 959.687 ms
(76 rows)

