                                                                                                     QUERY PLAN                                                                                                     
--------------------------------------------------------------------------------------------------------------------------------------------------------------------------------------------------------------------
 Aggregate  (cost=952197.61..952197.62 rows=1 width=8) (actual time=24540.332..24540.341 rows=1 loops=1)
   Buffers: shared hit=2309693 read=132324, temp read=7553 written=7148
   ->  Nested Loop  (cost=880410.49..952196.29 rows=531 width=0) (actual time=1147.414..24534.089 rows=28146 loops=1)
         Buffers: shared hit=2309693 read=132324, temp read=7553 written=7148
         ->  Seq Scan on info_type it2  (cost=0.00..2.41 rows=1 width=4) (actual time=0.033..0.044 rows=1 loops=1)
               Filter: (id = 7)
               Rows Removed by Filter: 112
               Buffers: shared hit=1
         ->  Nested Loop  (cost=880410.49..952188.56 rows=531 width=4) (actual time=1147.380..24527.234 rows=28146 loops=1)
               Buffers: shared hit=2309692 read=132324, temp read=7553 written=7148
               ->  Seq Scan on info_type it1  (cost=0.00..2.41 rows=1 width=4) (actual time=0.007..0.021 rows=1 loops=1)
                     Filter: (id = 3)
                     Rows Removed by Filter: 112
                     Buffers: shared hit=1
               ->  Nested Loop  (cost=880410.49..952180.84 rows=531 width=8) (actual time=1147.371..24520.397 rows=28146 loops=1)
                     Buffers: shared hit=2309691 read=132324, temp read=7553 written=7148
                     ->  Hash Join  (cost=880410.06..949244.33 rows=1266 width=12) (actual time=1147.345..19531.895 rows=135400 loops=1)
                           Hash Cond: (ci.role_id = rt.id)
                           Buffers: shared hit=1800696 read=99719, temp read=7553 written=7148
                           ->  Nested Loop  (cost=880408.89..949216.17 rows=7597 width=16) (actual time=1147.040..19412.150 rows=424233 loops=1)
                                 Buffers: shared hit=1800695 read=99719, temp read=7553 written=7148
                                 ->  Nested Loop  (cost=880408.45..926036.33 rows=530 width=20) (actual time=1147.010..14774.369 rows=10987 loops=1)
                                       Buffers: shared hit=1436313 read=17051, temp read=7553 written=7148
                                       ->  Nested Loop  (cost=880408.30..926005.67 rows=1237 width=24) (actual time=1146.995..14700.918 rows=96840 loops=1)
                                             Buffers: shared hit=1436301 read=17051, temp read=7553 written=7148
                                             ->  Merge Join  (cost=880407.87..881221.60 rows=13204 width=16) (actual time=1146.913..1740.647 rows=357807 loops=1)
                                                   Merge Cond: (mi1.movie_id = mi2.movie_id)
                                                   Buffers: shared hit=11721 read=10403, temp read=7553 written=7148
                                                   ->  Sort  (cost=441522.29..441718.73 rows=78575 width=8) (actual time=634.676..775.586 rows=765132 loops=1)
                                                         Sort Key: mi1.movie_id
                                                         Sort Method: external sort  Disk: 16536kB
                                                         Buffers: shared hit=579 read=10396, temp read=4126 written=4136
                                                         ->  Bitmap Heap Scan on movie_info mi1  (cost=16468.11..435133.44 rows=78575 width=8) (actual time=42.503..444.962 rows=765150 loops=1)
                                                               Recheck Cond: (info_type_id = 3)
                                                               Filter: ((info)::text = ANY ('{Action,Adventure,Drama,Family,History,Music,Short}'::text[]))
                                                               Rows Removed by Filter: 768759
                                                               Heap Blocks: exact=9772
                                                               Buffers: shared hit=579 read=10396
                                                               ->  Bitmap Index Scan on info_type_id_movie_info  (cost=0.00..16448.47 rows=1538671 width=0) (actual time=41.313..41.313 rows=1533909 loops=1)
                                                                     Index Cond: (info_type_id = 3)
                                                                     Buffers: shared hit=1 read=1202
                                                   ->  Sort  (cost=438885.59..439029.99 rows=57763 width=8) (actual time=512.226..638.808 rows=633993 loops=1)
                                                         Sort Key: mi2.movie_id
                                                         Sort Method: external sort  Disk: 12040kB
                                                         Buffers: shared hit=11142 read=7, temp read=3216 written=3012
                                                         ->  Bitmap Heap Scan on movie_info mi2  (cost=15884.83..434317.15 rows=57763 width=8) (actual time=29.715..374.954 rows=557348 loops=1)
                                                               Recheck Cond: (info_type_id = 7)
                                                               Filter: ((info)::text = ANY ('{"CAM:Canon 7D","OFM:35 mm",PCS:DV,"PCS:Digital Intermediate","RAT:1.33 : 1","RAT:1.78 : 1","RAT:1.85 : 1"}'::text[]))
                                                               Rows Removed by Filter: 844554
                                                               Heap Blocks: exact=10050
                                                               Buffers: shared hit=11142 read=7
                                                               ->  Bitmap Index Scan on info_type_id_movie_info  (cost=0.00..15870.39 rows=1484527 width=0) (actual time=28.493..28.493 rows=1401902 loops=1)
                                                                     Index Cond: (info_type_id = 7)
                                                                     Buffers: shared hit=1099
                                             ->  Index Scan using title_pkey on title t  (cost=0.43..3.39 rows=1 width=8) (actual time=0.036..0.036 rows=0 loops=357807)
                                                   Index Cond: (id = mi1.movie_id)
                                                   Filter: ((production_year <= 2015) AND (1990 < production_year))
                                                   Rows Removed by Filter: 1
                                                   Buffers: shared hit=1424580 read=6648
                                       ->  Memoize  (cost=0.14..0.16 rows=1 width=4) (actual time=0.000..0.000 rows=0 loops=96840)
                                             Cache Key: t.kind_id
                                             Cache Mode: logical
                                             Hits: 96834  Misses: 6  Evictions: 0  Overflows: 0  Memory Usage: 1kB
                                             Buffers: shared hit=12
                                             ->  Index Scan using kind_type_pkey on kind_type kt  (cost=0.13..0.15 rows=1 width=4) (actual time=0.010..0.010 rows=0 loops=6)
                                                   Index Cond: (id = t.kind_id)
                                                   Filter: ((kind)::text = ANY ('{"tv movie","tv series","video game"}'::text[]))
                                                   Rows Removed by Filter: 0
                                                   Buffers: shared hit=12
                                 ->  Index Scan using movie_id_cast_info on cast_info ci  (cost=0.44..43.36 rows=38 width=12) (actual time=0.042..0.410 rows=39 loops=10987)
                                       Index Cond: (movie_id = t.id)
                                       Buffers: shared hit=364382 read=82668
                           ->  Hash  (cost=1.15..1.15 rows=2 width=4) (actual time=0.017..0.017 rows=2 loops=1)
                                 Buckets: 1024  Batches: 1  Memory Usage: 9kB
                                 Buffers: shared hit=1
                                 ->  Seq Scan on role_type rt  (cost=0.00..1.15 rows=2 width=4) (actual time=0.009..0.011 rows=2 loops=1)
                                       Filter: ((role)::text = ANY ('{"miscellaneous crew",producer}'::text[]))
                                       Rows Removed by Filter: 10
                                       Buffers: shared hit=1
                     ->  Index Scan using name_pkey on name n  (cost=0.43..2.32 rows=1 width=4) (actual time=0.036..0.036 rows=0 loops=135400)
                           Index Cond: (id = ci.person_id)
                           Filter: ((gender)::text = 'm'::text)
                           Rows Removed by Filter: 1
                           Buffers: shared hit=508995 read=32605
 Planning:
   Buffers: shared hit=574
 Planning Time: 13.400 ms
 Execution Time: 24551.509 ms
(88 rows)

