                                                                                                       QUERY PLAN                                                                                                        
-------------------------------------------------------------------------------------------------------------------------------------------------------------------------------------------------------------------------
 Aggregate  (cost=945562.53..945562.54 rows=1 width=8) (actual time=7030.365..7030.376 rows=1 loops=1)
   Buffers: shared hit=495518 read=87410, temp read=12290 written=12290
   ->  Nested Loop  (cost=519271.98..945562.13 rows=162 width=0) (actual time=1840.529..7029.570 rows=3730 loops=1)
         Buffers: shared hit=495518 read=87410, temp read=12290 written=12290
         ->  Seq Scan on info_type it2  (cost=0.00..2.41 rows=1 width=4) (actual time=0.032..0.057 rows=1 loops=1)
               Filter: (id = 7)
               Rows Removed by Filter: 112
               Buffers: shared hit=1
         ->  Nested Loop  (cost=519271.98..945558.10 rows=162 width=4) (actual time=1840.495..7028.766 rows=3730 loops=1)
               Buffers: shared hit=495517 read=87410, temp read=12290 written=12290
               ->  Seq Scan on info_type it1  (cost=0.00..2.41 rows=1 width=4) (actual time=0.008..0.021 rows=1 loops=1)
                     Filter: (id = 3)
                     Rows Removed by Filter: 112
                     Buffers: shared hit=1
               ->  Nested Loop  (cost=519271.98..945554.06 rows=162 width=8) (actual time=1840.487..7027.906 rows=3730 loops=1)
                     Join Filter: (t.id = mi2.movie_id)
                     Buffers: shared hit=495516 read=87410, temp read=12290 written=12290
                     ->  Nested Loop  (cost=519271.55..710243.48 rows=5552 width=16) (actual time=1840.360..5918.567 rows=7780 loops=1)
                           Buffers: shared hit=435389 read=49785, temp read=12290 written=12290
                           ->  Hash Join  (cost=519271.12..654800.00 rows=23903 width=20) (actual time=1838.337..2208.130 rows=108906 loops=1)
                                 Hash Cond: (ci.movie_id = t.id)
                                 Buffers: shared hit=14224 read=35326, temp read=12290 written=12290
                                 ->  Nested Loop  (cost=0.44..123965.00 rows=3020080 width=8) (actual time=0.091..128.398 rows=316118 loops=1)
                                       Buffers: shared hit=767 read=1416
                                       ->  Seq Scan on role_type rt  (cost=0.00..1.15 rows=1 width=4) (actual time=0.008..0.010 rows=1 loops=1)
                                             Filter: ((role)::text = 'production designer'::text)
                                             Rows Removed by Filter: 11
                                             Buffers: shared hit=1
                                       ->  Index Scan using role_id_cast_info on cast_info ci  (cost=0.44..91017.52 rows=3294633 width=12) (actual time=0.081..83.862 rows=316118 loops=1)
                                             Index Cond: (role_id = rt.id)
                                             Buffers: shared hit=766 read=1416
                                 ->  Hash  (cost=519020.54..519020.54 rows=20011 width=12) (actual time=1837.757..1837.762 rows=503595 loops=1)
                                       Buckets: 262144 (originally 32768)  Batches: 4 (originally 1)  Memory Usage: 7467kB
                                       Buffers: shared hit=13457 read=33910, temp read=9757 written=11230
                                       ->  Hash Join  (cost=111763.88..519020.54 rows=20011 width=12) (actual time=1020.272..1758.317 rows=503595 loops=1)
                                             Hash Cond: (mi1.movie_id = t.id)
                                             Buffers: shared hit=13457 read=33910, temp read=9757 written=9757
                                             ->  Bitmap Heap Scan on movie_info mi1  (cost=16467.25..420023.03 rows=75138 width=8) (actual time=42.338..409.115 rows=741518 loops=1)
                                                   Recheck Cond: (info_type_id = 3)
                                                   Filter: ((info)::text = ANY ('{Animation,Drama,Family,History,Short,Thriller}'::text[]))
                                                   Rows Removed by Filter: 792391
                                                   Heap Blocks: exact=9772
                                                   Buffers: shared hit=10 read=10965
                                                   ->  Bitmap Index Scan on info_type_id_movie_info  (cost=0.00..16448.47 rows=1538671 width=0) (actual time=41.149..41.149 rows=1533909 loops=1)
                                                         Index Cond: (info_type_id = 3)
                                                         Buffers: shared read=1203
                                             ->  Hash  (cost=84248.85..84248.85 rows=673342 width=4) (actual time=976.044..976.048 rows=2030736 loops=1)
                                                   Buckets: 262144 (originally 262144)  Batches: 16 (originally 8)  Memory Usage: 6511kB
                                                   Buffers: shared hit=13447 read=22945, temp written=5570
                                                   ->  Hash Join  (cost=1.11..84248.85 rows=673342 width=4) (actual time=0.045..712.845 rows=2030736 loops=1)
                                                         Hash Cond: (t.kind_id = kt.id)
                                                         Buffers: shared hit=13447 read=22945
                                                         ->  Seq Scan on title t  (cost=0.00..74315.95 rows=2356696 width=8) (actual time=0.023..455.108 rows=2352201 loops=1)
                                                               Filter: ((production_year <= 2015) AND (1925 < production_year))
                                                               Rows Removed by Filter: 176111
                                                               Buffers: shared hit=13446 read=22945
                                                         ->  Hash  (cost=1.09..1.09 rows=2 width=4) (actual time=0.014..0.016 rows=2 loops=1)
                                                               Buckets: 1024  Batches: 1  Memory Usage: 9kB
                                                               Buffers: shared hit=1
                                                               ->  Seq Scan on kind_type kt  (cost=0.00..1.09 rows=2 width=4) (actual time=0.009..0.010 rows=2 loops=1)
                                                                     Filter: ((kind)::text = ANY ('{episode,movie}'::text[]))
                                                                     Rows Removed by Filter: 5
                                                                     Buffers: shared hit=1
                           ->  Index Scan using name_pkey on name n  (cost=0.43..2.32 rows=1 width=4) (actual time=0.034..0.034 rows=0 loops=108906)
                                 Index Cond: (id = ci.person_id)
                                 Filter: ((gender)::text = 'f'::text)
                                 Rows Removed by Filter: 1
                                 Buffers: shared hit=421165 read=14459
                     ->  Index Scan using movie_id_movie_info on movie_info mi2  (cost=0.43..42.37 rows=1 width=8) (actual time=0.106..0.142 rows=0 loops=7780)
                           Index Cond: (movie_id = ci.movie_id)
                           Filter: ((info_type_id = 7) AND ((info)::text = ANY ('{"MET:300 m","MET:600 m","PCS:Digital Intermediate",PCS:Spherical,"PFM:35 mm","RAT:1.33 : 1","RAT:1.78 : 1","RAT:2.35 : 1"}'::text[])))
                           Rows Removed by Filter: 28
                           Buffers: shared hit=60127 read=37625
 Planning:
   Buffers: shared hit=490 read=84
 Planning Time: 13.314 ms
 Execution Time: 7031.669 ms
(77 rows)

