                                                                                            QUERY PLAN                                                                                            
--------------------------------------------------------------------------------------------------------------------------------------------------------------------------------------------------
 Aggregate  (cost=603523.89..603523.90 rows=1 width=8) (actual time=1614.613..1614.619 rows=1 loops=1)
   Buffers: shared hit=83060 read=58099
   ->  Nested Loop  (cost=92960.58..603523.83 rows=25 width=0) (actual time=477.942..1614.580 rows=76 loops=1)
         Buffers: shared hit=83060 read=58099
         ->  Seq Scan on info_type it2  (cost=0.00..2.41 rows=1 width=4) (actual time=0.037..0.041 rows=1 loops=1)
               Filter: (id = 7)
               Rows Removed by Filter: 112
               Buffers: shared hit=1
         ->  Nested Loop  (cost=92960.58..603521.17 rows=25 width=4) (actual time=477.904..1614.517 rows=76 loops=1)
               Buffers: shared hit=83059 read=58099
               ->  Seq Scan on info_type it1  (cost=0.00..2.41 rows=1 width=4) (actual time=0.010..0.017 rows=1 loops=1)
                     Filter: (id = 3)
                     Rows Removed by Filter: 112
                     Buffers: shared hit=1
               ->  Nested Loop  (cost=92960.58..603518.50 rows=25 width=8) (actual time=477.890..1614.475 rows=76 loops=1)
                     Buffers: shared hit=83058 read=58099
                     ->  Hash Join  (cost=92960.15..603268.00 rows=108 width=12) (actual time=403.687..1504.473 rows=3299 loops=1)
                           Hash Cond: (ci.role_id = rt.id)
                           Buffers: shared hit=70686 read=57275
                           ->  Nested Loop  (cost=92958.99..603262.24 rows=1290 width=16) (actual time=403.642..1501.606 rows=15378 loops=1)
                                 Buffers: shared hit=70685 read=57275
                                 ->  Nested Loop  (cost=92958.55..599223.10 rows=90 width=20) (actual time=403.612..1311.562 rows=2145 loops=1)
                                       Buffers: shared hit=56328 read=50713
                                       ->  Hash Join  (cost=92958.11..481481.46 rows=2723 width=12) (actual time=402.647..832.478 rows=4622 loops=1)
                                             Hash Cond: (mi2.movie_id = t.id)
                                             Buffers: shared hit=9915 read=37626
                                             ->  Bitmap Heap Scan on movie_info mi2  (cost=15887.42..404128.06 rows=68128 width=8) (actual time=38.636..402.867 rows=666059 loops=1)
                                                   Recheck Cond: (info_type_id = 7)
                                                   Filter: ((info)::text = ANY ('{"MET:600 m","OFM:35 mm",PCS:Spherical,"RAT:1.33 : 1","RAT:1.37 : 1"}'::text[]))
                                                   Rows Removed by Filter: 735843
                                                   Heap Blocks: exact=10050
                                                   Buffers: shared hit=3169 read=7980
                                                   ->  Bitmap Index Scan on info_type_id_movie_info  (cost=0.00..15870.39 rows=1484527 width=0) (actual time=37.382..37.382 rows=1401902 loops=1)
                                                         Index Cond: (info_type_id = 7)
                                                         Buffers: shared hit=1 read=1098
                                             ->  Hash  (cost=75807.56..75807.56 rows=101051 width=4) (actual time=363.339..363.341 rows=11554 loops=1)
                                                   Buckets: 131072  Batches: 1  Memory Usage: 1431kB
                                                   Buffers: shared hit=6746 read=29646
                                                   ->  Hash Join  (cost=1.11..75807.56 rows=101051 width=4) (actual time=0.115..360.560 rows=11554 loops=1)
                                                         Hash Cond: (t.kind_id = kt.id)
                                                         Buffers: shared hit=6746 read=29646
                                                         ->  Seq Scan on title t  (cost=0.00..74315.95 rows=353677 width=8) (actual time=0.024..339.751 rows=347589 loops=1)
                                                               Filter: ((production_year <= 1975) AND (1925 < production_year))
                                                               Rows Removed by Filter: 2180723
                                                               Buffers: shared hit=6745 read=29646
                                                         ->  Hash  (cost=1.09..1.09 rows=2 width=4) (actual time=0.012..0.013 rows=2 loops=1)
                                                               Buckets: 1024  Batches: 1  Memory Usage: 9kB
                                                               Buffers: shared hit=1
                                                               ->  Seq Scan on kind_type kt  (cost=0.00..1.09 rows=2 width=4) (actual time=0.007..0.008 rows=2 loops=1)
                                                                     Filter: ((kind)::text = ANY ('{"tv series","video movie"}'::text[]))
                                                                     Rows Removed by Filter: 5
                                                                     Buffers: shared hit=1
                                       ->  Index Scan using movie_id_movie_info on movie_info mi1  (cost=0.43..43.23 rows=1 width=8) (actual time=0.101..0.103 rows=0 loops=4622)
                                             Index Cond: (movie_id = t.id)
                                             Filter: ((info_type_id = 3) AND ((info)::text = ANY ('{Animation,Comedy,Documentary,Musical,Short,Western}'::text[])))
                                             Rows Removed by Filter: 20
                                             Buffers: shared hit=46413 read=13087
                                 ->  Index Scan using movie_id_cast_info on cast_info ci  (cost=0.44..44.50 rows=38 width=12) (actual time=0.030..0.087 rows=7 loops=2145)
                                       Index Cond: (movie_id = t.id)
                                       Buffers: shared hit=14357 read=6562
                           ->  Hash  (cost=1.15..1.15 rows=1 width=4) (actual time=0.017..0.018 rows=1 loops=1)
                                 Buckets: 1024  Batches: 1  Memory Usage: 9kB
                                 Buffers: shared hit=1
                                 ->  Seq Scan on role_type rt  (cost=0.00..1.15 rows=1 width=4) (actual time=0.010..0.012 rows=1 loops=1)
                                       Filter: ((role)::text = 'writer'::text)
                                       Rows Removed by Filter: 11
                                       Buffers: shared hit=1
                     ->  Index Scan using name_pkey on name n  (cost=0.43..2.32 rows=1 width=4) (actual time=0.033..0.033 rows=0 loops=3299)
                           Index Cond: (id = ci.person_id)
                           Filter: ((gender)::text = 'f'::text)
                           Rows Removed by Filter: 1
                           Buffers: shared hit=12372 read=824
 Planning:
   Buffers: shared hit=574
 Planning Time: 12.706 ms
 Execution Time: 1615.264 ms
(76 rows)

