                                                                                                                     QUERY PLAN                                                                                                                     
----------------------------------------------------------------------------------------------------------------------------------------------------------------------------------------------------------------------------------------------------
 Aggregate  (cost=998358.66..998358.67 rows=1 width=8) (actual time=8496.730..8496.739 rows=1 loops=1)
   Buffers: shared hit=643851 read=177397, temp read=3187 written=3187
   ->  Nested Loop  (cost=504319.72..998356.78 rows=753 width=0) (actual time=1098.786..8495.651 rows=3798 loops=1)
         Buffers: shared hit=643851 read=177397, temp read=3187 written=3187
         ->  Seq Scan on info_type it2  (cost=0.00..2.41 rows=1 width=4) (actual time=0.041..0.047 rows=1 loops=1)
               Filter: (id = 7)
               Rows Removed by Filter: 112
               Buffers: shared hit=1
         ->  Nested Loop  (cost=504319.72..998346.84 rows=753 width=4) (actual time=1098.743..8494.823 rows=3798 loops=1)
               Buffers: shared hit=643850 read=177397, temp read=3187 written=3187
               ->  Seq Scan on info_type it1  (cost=0.00..2.41 rows=1 width=4) (actual time=0.009..0.016 rows=1 loops=1)
                     Filter: (id = 3)
                     Rows Removed by Filter: 112
                     Buffers: shared hit=1
               ->  Nested Loop  (cost=504319.72..998336.90 rows=753 width=8) (actual time=1098.731..8493.919 rows=3798 loops=1)
                     Buffers: shared hit=643849 read=177397, temp read=3187 written=3187
                     ->  Hash Join  (cost=504319.29..995655.53 rows=1156 width=12) (actual time=1098.618..7932.892 rows=17065 loops=1)
                           Hash Cond: (ci.role_id = rt.id)
                           Buffers: shared hit=580163 read=172823, temp read=3187 written=3187
                           ->  Nested Loop  (cost=504318.13..995605.09 rows=13875 width=16) (actual time=1098.400..7841.640 rows=652256 loops=1)
                                 Buffers: shared hit=580162 read=172823, temp read=3187 written=3187
                                 ->  Hash Join  (cost=504317.69..953269.08 rows=968 width=20) (actual time=1098.353..1930.192 rows=18627 loops=1)
                                       Hash Cond: (mi2.movie_id = t.id)
                                       Buffers: shared hit=20062 read=38454, temp read=3187 written=3187
                                       ->  Bitmap Heap Scan on movie_info mi2  (cost=15891.57..464515.58 rows=84720 width=8) (actual time=37.531..716.740 rows=807197 loops=1)
                                             Recheck Cond: (info_type_id = 7)
                                             Filter: ((info)::text = ANY ('{"CAM:Red One Camera","LAB:FotoKem Laboratory, Burbank (CA), USA",LAB:Technicolor,"OFM:35 mm",PCS:DV,"PFM:35 mm","RAT:1.33 : 1","RAT:1.78 : 1","RAT:16:9 HD"}'::text[]))
                                             Rows Removed by Filter: 594705
                                             Heap Blocks: exact=10050
                                             Buffers: shared hit=5023 read=6126
                                             ->  Bitmap Index Scan on info_type_id_movie_info  (cost=0.00..15870.39 rows=1484527 width=0) (actual time=36.274..36.275 rows=1401902 loops=1)
                                                   Index Cond: (info_type_id = 7)
                                                   Buffers: shared hit=1099
                                       ->  Hash  (cost=488064.96..488064.96 rows=28893 width=12) (actual time=1060.543..1060.547 rows=85517 loops=1)
                                             Buckets: 131072 (originally 32768)  Batches: 1 (originally 1)  Memory Usage: 4699kB
                                             Buffers: shared hit=15039 read=32328, temp read=3187 written=3187
                                             ->  Hash Join  (cost=110388.57..488064.96 rows=28893 width=12) (actual time=579.183..1046.012 rows=85517 loops=1)
                                                   Hash Cond: (mi1.movie_id = t.id)
                                                   Buffers: shared hit=15039 read=32328, temp read=3187 written=3187
                                                   ->  Bitmap Heap Scan on movie_info mi1  (cost=16472.94..389809.62 rows=97808 width=8) (actual time=38.487..302.315 rows=944801 loops=1)
                                                         Recheck Cond: (info_type_id = 3)
                                                         Filter: ((info)::text = ANY ('{Adventure,Biography,Documentary,Drama,Family,Music,Mystery,Short,Thriller}'::text[]))
                                                         Rows Removed by Filter: 589108
                                                         Heap Blocks: exact=9772
                                                         Buffers: shared hit=6231 read=4744
                                                         ->  Bitmap Index Scan on info_type_id_movie_info  (cost=0.00..16448.47 rows=1538671 width=0) (actual time=37.289..37.289 rows=1533909 loops=1)
                                                               Index Cond: (info_type_id = 3)
                                                               Buffers: shared hit=1 read=1202
                                                   ->  Hash  (cost=81661.50..81661.50 rows=746890 width=4) (actual time=539.518..539.520 rows=138444 loops=1)
                                                         Buckets: 262144  Batches: 8  Memory Usage: 2656kB
                                                         Buffers: shared hit=8808 read=27584, temp written=350
                                                         ->  Hash Join  (cost=1.13..81661.50 rows=746890 width=4) (actual time=0.040..519.123 rows=138444 loops=1)
                                                               Hash Cond: (t.kind_id = kt.id)
                                                               Buffers: shared hit=8808 read=27584
                                                               ->  Seq Scan on title t  (cost=0.00..74315.95 rows=1742744 width=8) (actual time=0.018..417.057 rows=1748995 loops=1)
                                                                     Filter: ((production_year <= 2015) AND (1990 < production_year))
                                                                     Rows Removed by Filter: 779317
                                                                     Buffers: shared hit=8807 read=27584
                                                               ->  Hash  (cost=1.10..1.10 rows=3 width=4) (actual time=0.012..0.013 rows=3 loops=1)
                                                                     Buckets: 1024  Batches: 1  Memory Usage: 9kB
                                                                     Buffers: shared hit=1
                                                                     ->  Seq Scan on kind_type kt  (cost=0.00..1.10 rows=3 width=4) (actual time=0.007..0.008 rows=3 loops=1)
                                                                           Filter: ((kind)::text = ANY ('{"tv movie","tv series","video game"}'::text[]))
                                                                           Rows Removed by Filter: 4
                                                                           Buffers: shared hit=1
                                 ->  Index Scan using movie_id_cast_info on cast_info ci  (cost=0.44..43.36 rows=38 width=12) (actual time=0.031..0.309 rows=35 loops=18627)
                                       Index Cond: (movie_id = t.id)
                                       Buffers: shared hit=560100 read=134369
                           ->  Hash  (cost=1.15..1.15 rows=1 width=4) (actual time=0.021..0.022 rows=1 loops=1)
                                 Buckets: 1024  Batches: 1  Memory Usage: 9kB
                                 Buffers: shared hit=1
                                 ->  Seq Scan on role_type rt  (cost=0.00..1.15 rows=1 width=4) (actual time=0.014..0.015 rows=1 loops=1)
                                       Filter: ((role)::text = 'editor'::text)
                                       Rows Removed by Filter: 11
                                       Buffers: shared hit=1
                     ->  Index Scan using name_pkey on name n  (cost=0.43..2.32 rows=1 width=4) (actual time=0.032..0.032 rows=0 loops=17065)
                           Index Cond: (id = ci.person_id)
                           Filter: ((gender)::text = ANY ('{f,m}'::text[]))
                           Rows Removed by Filter: 1
                           Buffers: shared hit=63686 read=4574
 Planning:
   Buffers: shared hit=576 read=1
 Planning Time: 14.392 ms
 Execution Time: 8497.788 ms
(84 rows)

