                                                                                            QUERY PLAN                                                                                            
--------------------------------------------------------------------------------------------------------------------------------------------------------------------------------------------------
 Aggregate  (cost=690242.90..690242.91 rows=1 width=8) (actual time=1215.936..1215.943 rows=1 loops=1)
   Buffers: shared hit=18295 read=47687, temp read=1232 written=1232
   ->  Nested Loop  (cost=484467.42..690242.77 rows=53 width=0) (actual time=933.091..1215.927 rows=44 loops=1)
         Buffers: shared hit=18295 read=47687, temp read=1232 written=1232
         ->  Seq Scan on info_type it2  (cost=0.00..2.41 rows=1 width=4) (actual time=0.036..0.041 rows=1 loops=1)
               Filter: (id = 7)
               Rows Removed by Filter: 112
               Buffers: shared hit=1
         ->  Nested Loop  (cost=484467.42..690239.82 rows=53 width=4) (actual time=933.054..1215.874 rows=44 loops=1)
               Buffers: shared hit=18294 read=47687, temp read=1232 written=1232
               ->  Seq Scan on info_type it1  (cost=0.00..2.41 rows=1 width=4) (actual time=0.013..0.019 rows=1 loops=1)
                     Filter: (id = 3)
                     Rows Removed by Filter: 112
                     Buffers: shared hit=1
               ->  Nested Loop  (cost=484467.42..690236.88 rows=53 width=8) (actual time=933.039..1215.847 rows=44 loops=1)
                     Join Filter: (t.id = mi1.movie_id)
                     Buffers: shared hit=18293 read=47687, temp read=1232 written=1232
                     ->  Nested Loop  (cost=484466.98..633258.31 rows=1346 width=16) (actual time=890.575..1212.656 rows=44 loops=1)
                           Buffers: shared hit=17918 read=47410, temp read=1232 written=1232
                           ->  Hash Join  (cost=484466.55..619814.37 rows=5796 width=20) (actual time=867.074..1181.080 rows=2679 loops=1)
                                 Hash Cond: (ci.movie_id = t.id)
                                 Buffers: shared hit=7852 read=46760, temp read=1232 written=1232
                                 ->  Nested Loop  (cost=0.44..123965.00 rows=3020080 width=8) (actual time=0.105..242.611 rows=1093558 loops=1)
                                       Buffers: shared hit=2684 read=4387
                                       ->  Seq Scan on role_type rt  (cost=0.00..1.15 rows=1 width=4) (actual time=0.009..0.011 rows=1 loops=1)
                                             Filter: ((role)::text = 'editor'::text)
                                             Rows Removed by Filter: 11
                                             Buffers: shared hit=1
                                       ->  Index Scan using role_id_cast_info on cast_info ci  (cost=0.44..91017.52 rows=3294633 width=12) (actual time=0.093..156.317 rows=1093558 loops=1)
                                             Index Cond: (role_id = rt.id)
                                             Buffers: shared hit=2683 read=4387
                                 ->  Hash  (cost=484405.46..484405.46 rows=4852 width=12) (actual time=865.753..865.757 rows=4871 loops=1)
                                       Buckets: 8192  Batches: 1  Memory Usage: 274kB
                                       Buffers: shared hit=5168 read=42373, temp read=1232 written=1232
                                       ->  Hash Join  (cost=94613.41..484405.46 rows=4852 width=12) (actual time=431.795..864.784 rows=4871 loops=1)
                                             Hash Cond: (mi2.movie_id = t.id)
                                             Buffers: shared hit=5168 read=42373, temp read=1232 written=1232
                                             ->  Bitmap Heap Scan on movie_info mi2  (cost=15888.65..404129.28 rows=73039 width=8) (actual time=40.675..367.854 rows=682217 loops=1)
                                                   Recheck Cond: (info_type_id = 7)
                                                   Filter: ((info)::text = ANY ('{"OFM:16 mm","OFM:35 mm",PCS:Spherical,"PFM:35 mm",PFM:Video}'::text[]))
                                                   Rows Removed by Filter: 719685
                                                   Heap Blocks: exact=10050
                                                   Buffers: shared hit=5167 read=5982
                                                   ->  Bitmap Index Scan on info_type_id_movie_info  (cost=0.00..15870.39 rows=1484527 width=0) (actual time=39.427..39.427 rows=1401902 loops=1)
                                                         Index Cond: (info_type_id = 7)
                                                         Buffers: shared read=1099
                                             ->  Hash  (cost=75968.50..75968.50 rows=167941 width=4) (actual time=389.930..389.933 rows=44292 loops=1)
                                                   Buckets: 262144  Batches: 2  Memory Usage: 2832kB
                                                   Buffers: shared hit=1 read=36391, temp written=64
                                                   ->  Hash Join  (cost=1.13..75968.50 rows=167941 width=4) (actual time=0.067..381.035 rows=44292 loops=1)
                                                         Hash Cond: (t.kind_id = kt.id)
                                                         Buffers: shared hit=1 read=36391
                                                         ->  Seq Scan on title t  (cost=0.00..74315.95 rows=391862 width=8) (actual time=0.021..355.649 rows=386415 loops=1)
                                                               Filter: ((production_year <= 1997) AND (1981 < production_year))
                                                               Rows Removed by Filter: 2141897
                                                               Buffers: shared read=36391
                                                         ->  Hash  (cost=1.10..1.10 rows=3 width=4) (actual time=0.013..0.014 rows=3 loops=1)
                                                               Buckets: 1024  Batches: 1  Memory Usage: 9kB
                                                               Buffers: shared hit=1
                                                               ->  Seq Scan on kind_type kt  (cost=0.00..1.10 rows=3 width=4) (actual time=0.007..0.008 rows=3 loops=1)
                                                                     Filter: ((kind)::text = ANY ('{"tv series","video game","video movie"}'::text[]))
                                                                     Rows Removed by Filter: 4
                                                                     Buffers: shared hit=1
                           ->  Index Scan using name_pkey on name n  (cost=0.43..2.32 rows=1 width=4) (actual time=0.012..0.012 rows=0 loops=2679)
                                 Index Cond: (id = ci.person_id)
                                 Filter: ((gender)::text = 'f'::text)
                                 Rows Removed by Filter: 1
                                 Buffers: shared hit=10066 read=650
                     ->  Index Scan using movie_id_movie_info on movie_info mi1  (cost=0.43..42.32 rows=1 width=8) (actual time=0.071..0.072 rows=1 loops=44)
                           Index Cond: (movie_id = ci.movie_id)
                           Filter: ((info_type_id = 3) AND ((info)::text = ANY ('{Action,Adult,Comedy,Crime,Drama,Horror,Short}'::text[])))
                           Rows Removed by Filter: 27
                           Buffers: shared hit=375 read=277
 Planning:
   Buffers: shared hit=521 read=53
 Planning Time: 15.664 ms
 Execution Time: 1216.486 ms
(77 rows)

