                                                                                            QUERY PLAN                                                                                            
--------------------------------------------------------------------------------------------------------------------------------------------------------------------------------------------------
 Aggregate  (cost=499377.92..499377.93 rows=1 width=8) (actual time=5301.135..5301.142 rows=1 loops=1)
   Buffers: shared hit=461363 read=66385
   ->  Nested Loop  (cost=91861.19..499377.89 rows=11 width=0) (actual time=558.762..5300.958 rows=997 loops=1)
         Buffers: shared hit=461363 read=66385
         ->  Seq Scan on info_type it2  (cost=0.00..2.41 rows=1 width=4) (actual time=0.038..0.042 rows=1 loops=1)
               Filter: (id = 7)
               Rows Removed by Filter: 112
               Buffers: shared hit=1
         ->  Nested Loop  (cost=91861.19..499375.37 rows=11 width=4) (actual time=558.722..5300.750 rows=997 loops=1)
               Buffers: shared hit=461362 read=66385
               ->  Seq Scan on info_type it1  (cost=0.00..2.41 rows=1 width=4) (actual time=0.009..0.016 rows=1 loops=1)
                     Filter: (id = 3)
                     Rows Removed by Filter: 112
                     Buffers: shared hit=1
               ->  Nested Loop  (cost=91861.19..499372.85 rows=11 width=8) (actual time=558.710..5300.568 rows=997 loops=1)
                     Buffers: shared hit=461361 read=66385
                     ->  Hash Join  (cost=91860.76..499261.51 rows=48 width=12) (actual time=558.628..5253.891 rows=1688 loops=1)
                           Hash Cond: (ci.role_id = rt.id)
                           Buffers: shared hit=455964 read=65030
                           ->  Nested Loop  (cost=91859.58..499259.31 rows=287 width=16) (actual time=558.400..5252.243 rows=8311 loops=1)
                                 Buffers: shared hit=455963 read=65030
                                 ->  Nested Loop  (cost=91859.14..498342.91 rows=20 width=20) (actual time=558.327..5178.272 rows=487 loops=1)
                                       Buffers: shared hit=449037 read=62343
                                       ->  Hash Join  (cost=91858.71..465128.67 rows=757 width=12) (actual time=432.535..967.840 rows=44723 loops=1)
                                             Hash Cond: (mi2.movie_id = t.id)
                                             Buffers: shared hit=1494 read=46047
                                             ->  Bitmap Heap Scan on movie_info mi2  (cost=15878.23..389023.02 rows=31361 width=8) (actual time=38.931..487.240 rows=299053 loops=1)
                                                   Recheck Cond: (info_type_id = 7)
                                                   Filter: ((info)::text = ANY ('{"OFM:16 mm","OFM:35 mm","PFM:16 mm","RAT:2.35 : 1"}'::text[]))
                                                   Rows Removed by Filter: 1102849
                                                   Heap Blocks: exact=10050
                                                   Buffers: shared hit=1493 read=9656
                                                   ->  Bitmap Index Scan on info_type_id_movie_info  (cost=0.00..15870.39 rows=1484527 width=0) (actual time=37.677..37.678 rows=1401902 loops=1)
                                                         Index Cond: (info_type_id = 7)
                                                         Buffers: shared read=1099
                                             ->  Hash  (cost=75217.44..75217.44 rows=61043 width=4) (actual time=393.358..393.361 rows=137454 loops=1)
                                                   Buckets: 262144 (originally 65536)  Batches: 1 (originally 1)  Memory Usage: 6881kB
                                                   Buffers: shared hit=1 read=36391
                                                   ->  Hash Join  (cost=1.11..75217.44 rows=61043 width=4) (actual time=0.041..369.754 rows=137454 loops=1)
                                                         Hash Cond: (t.kind_id = kt.id)
                                                         Buffers: shared hit=1 read=36391
                                                         ->  Seq Scan on title t  (cost=0.00..74315.95 rows=213650 width=8) (actual time=0.024..348.073 rows=212483 loops=1)
                                                               Filter: ((production_year <= 1970) AND (1950 < production_year))
                                                               Rows Removed by Filter: 2315829
                                                               Buffers: shared read=36391
                                                         ->  Hash  (cost=1.09..1.09 rows=2 width=4) (actual time=0.011..0.011 rows=2 loops=1)
                                                               Buckets: 1024  Batches: 1  Memory Usage: 9kB
                                                               Buffers: shared hit=1
                                                               ->  Seq Scan on kind_type kt  (cost=0.00..1.09 rows=2 width=4) (actual time=0.006..0.007 rows=2 loops=1)
                                                                     Filter: ((kind)::text = ANY ('{episode,"tv movie"}'::text[]))
                                                                     Rows Removed by Filter: 5
                                                                     Buffers: shared hit=1
                                       ->  Index Scan using movie_id_movie_info on movie_info mi1  (cost=0.43..43.87 rows=1 width=8) (actual time=0.094..0.094 rows=0 loops=44723)
                                             Index Cond: (movie_id = t.id)
                                             Filter: ((info_type_id = 3) AND ((info)::text = ANY ('{Action,Documentary,Horror,Sci-Fi,Short,War}'::text[])))
                                             Rows Removed by Filter: 10
                                             Buffers: shared hit=447543 read=16296
                                 ->  Index Scan using movie_id_cast_info on cast_info ci  (cost=0.44..45.44 rows=38 width=12) (actual time=0.024..0.148 rows=17 loops=487)
                                       Index Cond: (movie_id = t.id)
                                       Buffers: shared hit=6926 read=2687
                           ->  Hash  (cost=1.15..1.15 rows=2 width=4) (actual time=0.019..0.020 rows=2 loops=1)
                                 Buckets: 1024  Batches: 1  Memory Usage: 9kB
                                 Buffers: shared hit=1
                                 ->  Seq Scan on role_type rt  (cost=0.00..1.15 rows=2 width=4) (actual time=0.010..0.013 rows=2 loops=1)
                                       Filter: ((role)::text = ANY ('{actress,producer}'::text[]))
                                       Rows Removed by Filter: 10
                                       Buffers: shared hit=1
                     ->  Index Scan using name_pkey on name n  (cost=0.43..2.32 rows=1 width=4) (actual time=0.027..0.027 rows=1 loops=1688)
                           Index Cond: (id = ci.person_id)
                           Filter: ((gender)::text = 'f'::text)
                           Rows Removed by Filter: 0
                           Buffers: shared hit=5397 read=1355
 Planning:
   Buffers: shared hit=482 read=92
 Planning Time: 13.079 ms
 Execution Time: 5301.812 ms
(76 rows)

