                                                                                            QUERY PLAN                                                                                            
--------------------------------------------------------------------------------------------------------------------------------------------------------------------------------------------------
 Aggregate  (cost=596531.77..596531.78 rows=1 width=8) (actual time=1208.774..1208.781 rows=1 loops=1)
   Buffers: shared hit=42215 read=49160, temp read=535 written=535
   ->  Nested Loop  (cost=95918.72..596531.58 rows=73 width=0) (actual time=417.964..1208.414 rows=2910 loops=1)
         Buffers: shared hit=42215 read=49160, temp read=535 written=535
         ->  Hash Join  (cost=95918.29..596127.99 rows=174 width=4) (actual time=417.930..1080.223 rows=4096 loops=1)
               Hash Cond: (ci.role_id = rt.id)
               Buffers: shared hit=26839 read=48152, temp read=535 written=535
               ->  Nested Loop  (cost=95917.11..596123.10 rows=1046 width=8) (actual time=417.871..1078.349 rows=7881 loops=1)
                     Buffers: shared hit=26838 read=48152, temp read=535 written=535
                     ->  Nested Loop  (cost=95916.67..592870.63 rows=73 width=12) (actual time=417.836..989.813 rows=850 loops=1)
                           Buffers: shared hit=18710 read=46409, temp read=535 written=535
                           ->  Seq Scan on info_type it2  (cost=0.00..2.41 rows=1 width=4) (actual time=0.024..0.030 rows=1 loops=1)
                                 Filter: (id = 7)
                                 Rows Removed by Filter: 112
                                 Buffers: shared hit=1
                           ->  Nested Loop  (cost=95916.67..592867.49 rows=73 width=16) (actual time=417.811..989.627 rows=850 loops=1)
                                 Buffers: shared hit=18709 read=46409, temp read=535 written=535
                                 ->  Seq Scan on info_type it1  (cost=0.00..2.41 rows=1 width=4) (actual time=0.008..0.016 rows=1 loops=1)
                                       Filter: (id = 3)
                                       Rows Removed by Filter: 112
                                       Buffers: shared hit=1
                                 ->  Nested Loop  (cost=95916.67..592864.35 rows=73 width=20) (actual time=417.799..989.440 rows=850 loops=1)
                                       Buffers: shared hit=18708 read=46409, temp read=535 written=535
                                       ->  Hash Join  (cost=95916.24..485528.46 rows=2501 width=12) (actual time=417.364..824.483 rows=1675 loops=1)
                                             Hash Cond: (mi1.movie_id = t.id)
                                             Buffers: shared hit=5599 read=41768, temp read=535 written=535
                                             ->  Bitmap Heap Scan on movie_info mi1  (cost=16456.53..404902.76 rows=32261 width=8) (actual time=42.422..384.647 rows=302309 loops=1)
                                                   Recheck Cond: (info_type_id = 3)
                                                   Filter: ((info)::text = ANY ('{Action,Animation,Documentary,Horror,Mystery}'::text[]))
                                                   Rows Removed by Filter: 1231600
                                                   Heap Blocks: exact=9772
                                                   Buffers: shared hit=3511 read=7464
                                                   ->  Bitmap Index Scan on info_type_id_movie_info  (cost=0.00..16448.47 rows=1538671 width=0) (actual time=41.215..41.215 rows=1533909 loops=1)
                                                         Index Cond: (info_type_id = 3)
                                                         Buffers: shared hit=1 read=1202
                                             ->  Hash  (cost=76244.10..76244.10 rows=195968 width=4) (actual time=373.811..373.814 rows=11843 loops=1)
                                                   Buckets: 262144  Batches: 2  Memory Usage: 2260kB
                                                   Buffers: shared hit=2088 read=34304, temp written=17
                                                   ->  Hash Join  (cost=1.13..76244.10 rows=195968 width=4) (actual time=0.109..371.142 rows=11843 loops=1)
                                                         Hash Cond: (t.kind_id = kt.id)
                                                         Buffers: shared hit=2088 read=34304
                                                         ->  Seq Scan on title t  (cost=0.00..74315.95 rows=457258 width=8) (actual time=0.024..345.655 rows=451569 loops=1)
                                                               Filter: ((production_year <= 1975) AND (1875 < production_year))
                                                               Rows Removed by Filter: 2076743
                                                               Buffers: shared hit=2087 read=34304
                                                         ->  Hash  (cost=1.10..1.10 rows=3 width=4) (actual time=0.012..0.013 rows=3 loops=1)
                                                               Buckets: 1024  Batches: 1  Memory Usage: 9kB
                                                               Buffers: shared hit=1
                                                               ->  Seq Scan on kind_type kt  (cost=0.00..1.10 rows=3 width=4) (actual time=0.007..0.008 rows=3 loops=1)
                                                                     Filter: ((kind)::text = ANY ('{"tv series","video game","video movie"}'::text[]))
                                                                     Rows Removed by Filter: 4
                                                                     Buffers: shared hit=1
                                       ->  Index Scan using movie_id_movie_info on movie_info mi2  (cost=0.43..42.91 rows=1 width=8) (actual time=0.081..0.098 rows=1 loops=1675)
                                             Index Cond: (movie_id = t.id)
                                             Filter: ((info_type_id = 7) AND ((info)::text = ANY ('{"OFM:35 mm",PCS:Spherical,"PFM:35 mm","RAT:1.37 : 1"}'::text[])))
                                             Rows Removed by Filter: 15
                                             Buffers: shared hit=13109 read=4641
                     ->  Index Scan using movie_id_cast_info on cast_info ci  (cost=0.44..44.17 rows=38 width=12) (actual time=0.032..0.102 rows=9 loops=850)
                           Index Cond: (movie_id = t.id)
                           Buffers: shared hit=8128 read=1743
               ->  Hash  (cost=1.15..1.15 rows=2 width=4) (actual time=0.034..0.034 rows=2 loops=1)
                     Buckets: 1024  Batches: 1  Memory Usage: 9kB
                     Buffers: shared hit=1
                     ->  Seq Scan on role_type rt  (cost=0.00..1.15 rows=2 width=4) (actual time=0.024..0.027 rows=2 loops=1)
                           Filter: ((role)::text = ANY ('{actor,writer}'::text[]))
                           Rows Removed by Filter: 10
                           Buffers: shared hit=1
         ->  Index Scan using name_pkey on name n  (cost=0.43..2.32 rows=1 width=4) (actual time=0.031..0.031 rows=1 loops=4096)
               Index Cond: (id = ci.person_id)
               Filter: ((gender)::text = 'm'::text)
               Rows Removed by Filter: 0
               Buffers: shared hit=15376 read=1008
 Planning:
   Buffers: shared hit=574
 Planning Time: 12.594 ms
 Execution Time: 1209.291 ms
(76 rows)

