                                                                                            QUERY PLAN                                                                                            
--------------------------------------------------------------------------------------------------------------------------------------------------------------------------------------------------
 Aggregate  (cost=341583.10..341583.11 rows=1 width=8) (actual time=427.031..427.037 rows=1 loops=1)
   Buffers: shared hit=17230 read=5181
   ->  Nested Loop  (cost=48525.97..341583.09 rows=1 width=0) (actual time=317.036..427.031 rows=1 loops=1)
         Buffers: shared hit=17230 read=5181
         ->  Nested Loop  (cost=48525.97..341580.67 rows=1 width=4) (actual time=317.031..427.020 rows=1 loops=1)
               Buffers: shared hit=17229 read=5181
               ->  Nested Loop  (cost=48525.97..341578.25 rows=1 width=8) (actual time=317.014..426.998 rows=1 loops=1)
                     Join Filter: (t.id = mi1.movie_id)
                     Buffers: shared hit=17228 read=5181
                     ->  Nested Loop  (cost=48525.53..340442.21 rows=27 width=16) (actual time=278.265..426.863 rows=2 loops=1)
                           Join Filter: (t.id = mi2.movie_id)
                           Buffers: shared hit=17203 read=5175
                           ->  Nested Loop  (cost=48525.10..213963.17 rows=3006 width=8) (actual time=278.213..426.729 rows=2 loops=1)
                                 Buffers: shared hit=17174 read=5173
                                 ->  Hash Join  (cost=48524.67..183943.94 rows=12942 width=12) (actual time=170.806..414.574 rows=967 loops=1)
                                       Hash Cond: (ci.movie_id = t.id)
                                       Buffers: shared hit=13750 read=4729
                                       ->  Nested Loop  (cost=0.44..123965.00 rows=3020080 width=8) (actual time=0.117..175.377 rows=773674 loops=1)
                                             Buffers: shared hit=1075 read=4017
                                             ->  Seq Scan on role_type rt  (cost=0.00..1.15 rows=1 width=4) (actual time=0.024..0.027 rows=1 loops=1)
                                                   Filter: ((role)::text = 'composer'::text)
                                                   Rows Removed by Filter: 11
                                                   Buffers: shared hit=1
                                             ->  Index Scan using role_id_cast_info on cast_info ci  (cost=0.44..91017.52 rows=3294633 width=12) (actual time=0.090..114.411 rows=773674 loops=1)
                                                   Index Cond: (role_id = rt.id)
                                                   Buffers: shared hit=1074 read=4017
                                       ->  Hash  (cost=48388.79..48388.79 rows=10835 width=4) (actual time=170.207..170.209 rows=74873 loops=1)
                                             Buckets: 131072 (originally 16384)  Batches: 1 (originally 1)  Memory Usage: 3657kB
                                             Buffers: shared hit=12675 read=712
                                             ->  Nested Loop  (cost=4496.00..48388.79 rows=10835 width=4) (actual time=23.493..158.982 rows=74873 loops=1)
                                                   Buffers: shared hit=12675 read=712
                                                   ->  Seq Scan on kind_type kt  (cost=0.00..1.09 rows=1 width=4) (actual time=0.013..0.015 rows=1 loops=1)
                                                         Filter: ((kind)::text = 'movie'::text)
                                                         Rows Removed by Filter: 6
                                                         Buffers: shared hit=1
                                                   ->  Bitmap Heap Scan on title t  (cost=4496.00..48261.29 rows=12641 width=8) (actual time=23.477..154.435 rows=74873 loops=1)
                                                         Recheck Cond: (kind_id = kt.id)
                                                         Filter: ((production_year <= 1925) AND (1910 < production_year))
                                                         Rows Removed by Filter: 587952
                                                         Heap Blocks: exact=12865
                                                         Buffers: shared hit=12674 read=712
                                                         ->  Bitmap Index Scan on kind_id_title  (cost=0.00..4492.84 rows=421388 width=0) (actual time=21.220..21.220 rows=662825 loops=1)
                                                               Index Cond: (kind_id = kt.id)
                                                               Buffers: shared read=521
                                 ->  Index Scan using name_pkey on name n  (cost=0.43..2.32 rows=1 width=4) (actual time=0.012..0.012 rows=0 loops=967)
                                       Index Cond: (id = ci.person_id)
                                       Filter: ((gender)::text = 'f'::text)
                                       Rows Removed by Filter: 1
                                       Buffers: shared hit=3424 read=444
                           ->  Index Scan using movie_id_movie_info on movie_info mi2  (cost=0.43..42.06 rows=1 width=8) (actual time=0.048..0.064 rows=1 loops=2)
                                 Index Cond: (movie_id = ci.movie_id)
                                 Filter: ((info_type_id = 7) AND ((info)::text = 'RAT:1.33 : 1'::text))
                                 Rows Removed by Filter: 18
                                 Buffers: shared hit=29 read=2
                     ->  Index Scan using movie_id_movie_info on movie_info mi1  (cost=0.43..42.06 rows=1 width=8) (actual time=0.065..0.065 rows=0 loops=2)
                           Index Cond: (movie_id = ci.movie_id)
                           Filter: (((info)::text = ANY ('{Drama,Short}'::text[])) AND (info_type_id = 3))
                           Rows Removed by Filter: 19
                           Buffers: shared hit=25 read=6
               ->  Seq Scan on info_type it1  (cost=0.00..2.41 rows=1 width=4) (actual time=0.015..0.020 rows=1 loops=1)
                     Filter: (id = 3)
                     Rows Removed by Filter: 112
                     Buffers: shared hit=1
         ->  Seq Scan on info_type it2  (cost=0.00..2.41 rows=1 width=4) (actual time=0.005..0.009 rows=1 loops=1)
               Filter: (id = 7)
               Rows Removed by Filter: 112
               Buffers: shared hit=1
 Planning:
   Buffers: shared hit=529 read=45
 Planning Time: 13.759 ms
 Execution Time: 427.658 ms
(71 rows)

