                                                                                               QUERY PLAN                                                                                               
--------------------------------------------------------------------------------------------------------------------------------------------------------------------------------------------------------
 Aggregate  (cost=405683.61..405683.62 rows=1 width=8) (actual time=2078.088..2078.095 rows=1 loops=1)
   Buffers: shared hit=193901 read=16392
   ->  Nested Loop  (cost=16453.86..405683.61 rows=1 width=0) (actual time=645.214..2078.085 rows=4 loops=1)
         Buffers: shared hit=193901 read=16392
         ->  Nested Loop  (cost=16453.86..405681.19 rows=1 width=4) (actual time=645.205..2078.017 rows=4 loops=1)
               Buffers: shared hit=193897 read=16392
               ->  Nested Loop  (cost=16453.86..405678.76 rows=1 width=8) (actual time=645.175..2077.918 rows=4 loops=1)
                     Buffers: shared hit=193893 read=16392
                     ->  Hash Join  (cost=16453.43..405674.12 rows=2 width=12) (actual time=293.563..2074.891 rows=84 loops=1)
                           Hash Cond: (ci.role_id = rt.id)
                           Buffers: shared hit=193625 read=16324
                           ->  Nested Loop  (cost=16452.27..405672.86 rows=29 width=16) (actual time=293.282..2073.821 rows=6468 loops=1)
                                 Buffers: shared hit=193624 read=16324
                                 ->  Nested Loop  (cost=16451.83..405583.75 rows=2 width=20) (actual time=293.234..1995.541 rows=216 loops=1)
                                       Buffers: shared hit=187823 read=15057
                                       ->  Hash Join  (cost=16451.39..399461.25 rows=143 width=12) (actual time=281.618..1933.069 rows=551 loops=1)
                                             Hash Cond: (t.kind_id = kt.id)
                                             Buffers: shared hit=183934 read=13330
                                             ->  Nested Loop  (cost=16450.29..399455.93 rows=1002 width=16) (actual time=43.227..1930.105 rows=14681 loops=1)
                                                   Buffers: shared hit=183933 read=13330
                                                   ->  Bitmap Heap Scan on movie_info mi1  (cost=16449.85..359567.44 rows=5539 width=8) (actual time=42.862..476.251 rows=46837 loops=1)
                                                         Recheck Cond: (info_type_id = 3)
                                                         Filter: ((info)::text = ANY ('{Crime,War}'::text[]))
                                                         Rows Removed by Filter: 1487072
                                                         Heap Blocks: exact=9772
                                                         Buffers: shared hit=4258 read=6717
                                                         ->  Bitmap Index Scan on info_type_id_movie_info  (cost=0.00..16448.47 rows=1538671 width=0) (actual time=41.639..41.639 rows=1533909 loops=1)
                                                               Index Cond: (info_type_id = 3)
                                                               Buffers: shared read=1203
                                                   ->  Memoize  (cost=0.44..7.24 rows=1 width=8) (actual time=0.031..0.031 rows=0 loops=46837)
                                                         Cache Key: mi1.movie_id
                                                         Cache Mode: logical
                                                         Hits: 265  Misses: 46572  Evictions: 0  Overflows: 0  Memory Usage: 3664kB
                                                         Buffers: shared hit=179675 read=6613
                                                         ->  Index Scan using title_pkey on title t  (cost=0.43..7.23 rows=1 width=8) (actual time=0.030..0.030 rows=0 loops=46572)
                                                               Index Cond: (id = mi1.movie_id)
                                                               Filter: ((production_year <= 1975) AND (1875 < production_year))
                                                               Rows Removed by Filter: 1
                                                               Buffers: shared hit=179675 read=6613
                                             ->  Hash  (cost=1.09..1.09 rows=1 width=4) (actual time=0.015..0.016 rows=1 loops=1)
                                                   Buckets: 1024  Batches: 1  Memory Usage: 9kB
                                                   Buffers: shared hit=1
                                                   ->  Seq Scan on kind_type kt  (cost=0.00..1.09 rows=1 width=4) (actual time=0.009..0.009 rows=1 loops=1)
                                                         Filter: ((kind)::text = 'tv movie'::text)
                                                         Rows Removed by Filter: 6
                                                         Buffers: shared hit=1
                                       ->  Index Scan using movie_id_movie_info on movie_info mi2  (cost=0.43..42.80 rows=1 width=8) (actual time=0.098..0.113 rows=0 loops=551)
                                             Index Cond: (movie_id = t.id)
                                             Filter: (((info)::text = ANY ('{PCS:Spherical,"PFM:35 mm"}'::text[])) AND (info_type_id = 7))
                                             Rows Removed by Filter: 9
                                             Buffers: shared hit=3889 read=1727
                                 ->  Index Scan using movie_id_cast_info on cast_info ci  (cost=0.44..44.17 rows=38 width=12) (actual time=0.043..0.355 rows=30 loops=216)
                                       Index Cond: (movie_id = t.id)
                                       Buffers: shared hit=5801 read=1267
                           ->  Hash  (cost=1.15..1.15 rows=1 width=4) (actual time=0.030..0.030 rows=1 loops=1)
                                 Buckets: 1024  Batches: 1  Memory Usage: 9kB
                                 Buffers: shared hit=1
                                 ->  Seq Scan on role_type rt  (cost=0.00..1.15 rows=1 width=4) (actual time=0.023..0.024 rows=1 loops=1)
                                       Filter: ((role)::text = 'costume designer'::text)
                                       Rows Removed by Filter: 11
                                       Buffers: shared hit=1
                     ->  Index Scan using name_pkey on name n  (cost=0.43..2.32 rows=1 width=4) (actual time=0.035..0.035 rows=0 loops=84)
                           Index Cond: (id = ci.person_id)
                           Filter: ((gender)::text = 'f'::text)
                           Rows Removed by Filter: 1
                           Buffers: shared hit=268 read=68
               ->  Seq Scan on info_type it1  (cost=0.00..2.41 rows=1 width=4) (actual time=0.013..0.021 rows=1 loops=4)
                     Filter: (id = 3)
                     Rows Removed by Filter: 112
                     Buffers: shared hit=4
         ->  Seq Scan on info_type it2  (cost=0.00..2.41 rows=1 width=4) (actual time=0.007..0.014 rows=1 loops=4)
               Filter: (id = 7)
               Rows Removed by Filter: 112
               Buffers: shared hit=4
 Planning:
   Buffers: shared hit=574
 Planning Time: 13.624 ms
 Execution Time: 2079.448 ms
(78 rows)

