                                                                                            QUERY PLAN                                                                                            
--------------------------------------------------------------------------------------------------------------------------------------------------------------------------------------------------
 Aggregate  (cost=796267.94..796267.95 rows=1 width=8) (actual time=3600.094..3600.102 rows=1 loops=1)
   Buffers: shared hit=216212 read=135009, temp read=1124 written=1124
   ->  Nested Loop  (cost=105713.09..796267.06 rows=351 width=0) (actual time=587.257..3599.120 rows=6355 loops=1)
         Buffers: shared hit=216212 read=135009, temp read=1124 written=1124
         ->  Hash Join  (cost=105712.66..795019.16 rows=538 width=4) (actual time=584.919..3093.667 rows=16854 loops=1)
               Hash Cond: (ci.role_id = rt.id)
               Buffers: shared hit=159698 read=124107, temp read=1124 written=1124
               ->  Nested Loop  (cost=105711.48..795006.53 rows=3225 width=8) (actual time=584.736..3074.705 rows=131830 loops=1)
                     Buffers: shared hit=159697 read=124107, temp read=1124 written=1124
                     ->  Nested Loop  (cost=105711.04..785166.03 rows=225 width=12) (actual time=584.422..1799.420 rows=4384 loops=1)
                           Buffers: shared hit=74983 read=65900, temp read=1124 written=1124
                           ->  Seq Scan on info_type it2  (cost=0.00..2.41 rows=1 width=4) (actual time=0.024..0.033 rows=1 loops=1)
                                 Filter: (id = 7)
                                 Rows Removed by Filter: 112
                                 Buffers: shared hit=1
                           ->  Nested Loop  (cost=105711.04..785161.37 rows=225 width=16) (actual time=584.396..1798.538 rows=4384 loops=1)
                                 Buffers: shared hit=74982 read=65900, temp read=1124 written=1124
                                 ->  Seq Scan on info_type it1  (cost=0.00..2.41 rows=1 width=4) (actual time=0.008..0.019 rows=1 loops=1)
                                       Filter: (id = 3)
                                       Rows Removed by Filter: 112
                                       Buffers: shared hit=1
                                 ->  Nested Loop  (cost=105711.04..785156.70 rows=225 width=20) (actual time=584.384..1797.692 rows=4384 loops=1)
                                       Buffers: shared hit=74981 read=65900, temp read=1124 written=1124
                                       ->  Hash Join  (cost=105710.61..496367.23 rows=6817 width=12) (actual time=584.132..1004.459 rows=7278 loops=1)
                                             Hash Cond: (mi2.movie_id = t.id)
                                             Buffers: shared hit=19048 read=28493, temp read=1124 written=1124
                                             ->  Bitmap Heap Scan on movie_info mi2  (cost=15879.04..404119.68 rows=34616 width=8) (actual time=40.505..353.213 rows=325049 loops=1)
                                                   Recheck Cond: (info_type_id = 7)
                                                   Filter: ((info)::text = ANY ('{"CAM:Red One Camera","PFM:35 mm","RAT:1.78 : 1 / (high definition)","RAT:1.85 : 1","RAT:16:9 HD"}'::text[]))
                                                   Rows Removed by Filter: 1076853
                                                   Heap Blocks: exact=10050
                                                   Buffers: shared hit=1355 read=9794
                                                   ->  Bitmap Index Scan on info_type_id_movie_info  (cost=0.00..15870.39 rows=1484527 width=0) (actual time=39.243..39.243 rows=1401902 loops=1)
                                                         Index Cond: (info_type_id = 7)
                                                         Buffers: shared hit=1 read=1098
                                             ->  Hash  (cost=81661.48..81661.48 rows=497927 width=4) (actual time=542.449..542.452 rows=129924 loops=1)
                                                   Buckets: 262144  Batches: 4  Memory Usage: 3185kB
                                                   Buffers: shared hit=17693 read=18699, temp written=285
                                                   ->  Hash Join  (cost=1.11..81661.48 rows=497927 width=4) (actual time=0.048..522.076 rows=129924 loops=1)
                                                         Hash Cond: (t.kind_id = kt.id)
                                                         Buffers: shared hit=17693 read=18699
                                                         ->  Seq Scan on title t  (cost=0.00..74315.95 rows=1742744 width=8) (actual time=0.024..420.662 rows=1748995 loops=1)
                                                               Filter: ((production_year <= 2015) AND (1990 < production_year))
                                                               Rows Removed by Filter: 779317
                                                               Buffers: shared hit=17692 read=18699
                                                         ->  Hash  (cost=1.09..1.09 rows=2 width=4) (actual time=0.013..0.014 rows=2 loops=1)
                                                               Buckets: 1024  Batches: 1  Memory Usage: 9kB
                                                               Buffers: shared hit=1
                                                               ->  Seq Scan on kind_type kt  (cost=0.00..1.09 rows=2 width=4) (actual time=0.008..0.009 rows=2 loops=1)
                                                                     Filter: ((kind)::text = ANY ('{"tv movie","tv series"}'::text[]))
                                                                     Rows Removed by Filter: 5
                                                                     Buffers: shared hit=1
                                       ->  Index Scan using movie_id_movie_info on movie_info mi1  (cost=0.43..42.35 rows=1 width=8) (actual time=0.108..0.109 rows=1 loops=7278)
                                             Index Cond: (movie_id = t.id)
                                             Filter: ((info_type_id = 3) AND ((info)::text = ANY ('{Documentary,Drama,Short,Thriller}'::text[])))
                                             Rows Removed by Filter: 15
                                             Buffers: shared hit=55933 read=37407
                     ->  Index Scan using movie_id_cast_info on cast_info ci  (cost=0.44..43.36 rows=38 width=12) (actual time=0.031..0.285 rows=30 loops=4384)
                           Index Cond: (movie_id = t.id)
                           Buffers: shared hit=84714 read=58207
               ->  Hash  (cost=1.15..1.15 rows=2 width=4) (actual time=0.037..0.038 rows=2 loops=1)
                     Buckets: 1024  Batches: 1  Memory Usage: 9kB
                     Buffers: shared hit=1
                     ->  Seq Scan on role_type rt  (cost=0.00..1.15 rows=2 width=4) (actual time=0.028..0.031 rows=2 loops=1)
                           Filter: ((role)::text = ANY ('{cinematographer,producer}'::text[]))
                           Rows Removed by Filter: 10
                           Buffers: shared hit=1
         ->  Index Scan using name_pkey on name n  (cost=0.43..2.32 rows=1 width=4) (actual time=0.030..0.030 rows=0 loops=16854)
               Index Cond: (id = ci.person_id)
               Filter: ((gender)::text = ANY ('{f,m}'::text[]))
               Rows Removed by Filter: 1
               Buffers: shared hit=56514 read=10902
 Planning:
   Buffers: shared hit=574
 Planning Time: 13.983 ms
 Execution Time: 3600.695 ms
(76 rows)

