                                                                                              QUERY PLAN                                                                                               
-------------------------------------------------------------------------------------------------------------------------------------------------------------------------------------------------------
 Aggregate  (cost=883736.75..883736.76 rows=1 width=8) (actual time=31109.875..31109.885 rows=1 loops=1)
   Buffers: shared hit=2747173 read=229567, temp read=16812 written=16812
   ->  Nested Loop  (cost=524777.72..883736.48 rows=111 width=0) (actual time=2383.928..31105.569 rows=17077 loops=1)
         Buffers: shared hit=2747173 read=229567, temp read=16812 written=16812
         ->  Seq Scan on info_type it2  (cost=0.00..2.41 rows=1 width=4) (actual time=0.037..0.044 rows=1 loops=1)
               Filter: (id = 7)
               Rows Removed by Filter: 112
               Buffers: shared hit=1
         ->  Nested Loop  (cost=524777.72..883732.95 rows=111 width=4) (actual time=2383.890..31101.922 rows=17077 loops=1)
               Buffers: shared hit=2747172 read=229567, temp read=16812 written=16812
               ->  Seq Scan on info_type it1  (cost=0.00..2.41 rows=1 width=4) (actual time=0.010..0.021 rows=1 loops=1)
                     Filter: (id = 3)
                     Rows Removed by Filter: 112
                     Buffers: shared hit=1
               ->  Nested Loop  (cost=524777.72..883729.43 rows=111 width=8) (actual time=2383.879..31097.687 rows=17077 loops=1)
                     Join Filter: (t.id = mi1.movie_id)
                     Buffers: shared hit=2747171 read=229567, temp read=16812 written=16812
                     ->  Nested Loop  (cost=524777.29..702988.11 rows=4280 width=16) (actual time=2383.313..24037.718 rows=40508 loops=1)
                           Buffers: shared hit=2121941 read=138490, temp read=16812 written=16812
                           ->  Hash Join  (cost=524776.86..660250.96 rows=18425 width=20) (actual time=2381.261..6194.274 rows=542896 loops=1)
                                 Hash Cond: (ci.movie_id = t.id)
                                 Buffers: shared hit=6053 read=82794, temp read=16812 written=16812
                                 ->  Nested Loop  (cost=0.44..123965.00 rows=3020080 width=8) (actual time=0.108..1972.978 rows=4323018 loops=1)
                                       Buffers: shared hit=1898 read=39408
                                       ->  Seq Scan on role_type rt  (cost=0.00..1.15 rows=1 width=4) (actual time=0.009..0.012 rows=1 loops=1)
                                             Filter: ((role)::text = 'miscellaneous crew'::text)
                                             Rows Removed by Filter: 11
                                             Buffers: shared hit=1
                                       ->  Index Scan using role_id_cast_info on cast_info ci  (cost=0.44..91017.52 rows=3294633 width=12) (actual time=0.096..1332.132 rows=4323018 loops=1)
                                             Index Cond: (role_id = rt.id)
                                             Buffers: shared hit=1897 read=39408
                                 ->  Hash  (cost=524583.60..524583.60 rows=15425 width=12) (actual time=2380.942..2380.947 rows=204749 loops=1)
                                       Buckets: 262144 (originally 16384)  Batches: 2 (originally 1)  Memory Usage: 6461kB
                                       Buffers: shared hit=4155 read=43386, temp read=9003 written=9401
                                       ->  Hash Join  (cost=116700.08..524583.60 rows=15425 width=12) (actual time=1706.993..2345.942 rows=204749 loops=1)
                                             Hash Cond: (mi2.movie_id = t.id)
                                             Buffers: shared hit=4155 read=43386, temp read=9003 written=9003
                                             ->  Bitmap Heap Scan on movie_info mi2  (cost=15880.04..419216.52 rows=38612 width=8) (actual time=38.286..400.555 rows=403708 loops=1)
                                                   Recheck Cond: (info_type_id = 7)
                                                   Filter: ((info)::text = ANY ('{"LAB:FotoKem Laboratory, Burbank (CA), USA",MET:,"MET:300 m",PCS:Spherical,"RAT:1.33 : 1","RAT:1.66 : 1"}'::text[]))
                                                   Rows Removed by Filter: 998194
                                                   Heap Blocks: exact=10050
                                                   Buffers: shared hit=4154 read=6995
                                                   ->  Bitmap Index Scan on info_type_id_movie_info  (cost=0.00..15870.39 rows=1484527 width=0) (actual time=37.009..37.009 rows=1401902 loops=1)
                                                         Index Cond: (info_type_id = 7)
                                                         Buffers: shared read=1099
                                             ->  Hash  (cost=84248.88..84248.88 rows=1010013 width=4) (actual time=1667.362..1667.366 rows=2148656 loops=1)
                                                   Buckets: 262144 (originally 262144)  Batches: 16 (originally 8)  Memory Usage: 6773kB
                                                   Buffers: shared hit=1 read=36391, temp written=5895
                                                   ->  Hash Join  (cost=1.13..84248.88 rows=1010013 width=4) (actual time=0.043..1220.340 rows=2148656 loops=1)
                                                         Hash Cond: (t.kind_id = kt.id)
                                                         Buffers: shared hit=1 read=36391
                                                         ->  Seq Scan on title t  (cost=0.00..74315.95 rows=2356696 width=8) (actual time=0.021..702.598 rows=2352201 loops=1)
                                                               Filter: ((production_year <= 2015) AND (1925 < production_year))
                                                               Rows Removed by Filter: 176111
                                                               Buffers: shared read=36391
                                                         ->  Hash  (cost=1.10..1.10 rows=3 width=4) (actual time=0.013..0.015 rows=3 loops=1)
                                                               Buckets: 1024  Batches: 1  Memory Usage: 9kB
                                                               Buffers: shared hit=1
                                                               ->  Seq Scan on kind_type kt  (cost=0.00..1.10 rows=3 width=4) (actual time=0.008..0.009 rows=3 loops=1)
                                                                     Filter: ((kind)::text = ANY ('{episode,movie,"video movie"}'::text[]))
                                                                     Rows Removed by Filter: 4
                                                                     Buffers: shared hit=1
                           ->  Index Scan using name_pkey on name n  (cost=0.43..2.32 rows=1 width=4) (actual time=0.032..0.032 rows=0 loops=542896)
                                 Index Cond: (id = ci.person_id)
                                 Filter: ((gender)::text = 'f'::text)
                                 Rows Removed by Filter: 1
                                 Buffers: shared hit=2115888 read=55696
                     ->  Index Scan using movie_id_movie_info on movie_info mi1  (cost=0.43..42.22 rows=1 width=8) (actual time=0.173..0.174 rows=0 loops=40508)
                           Index Cond: (movie_id = ci.movie_id)
                           Filter: ((info_type_id = 3) AND ((info)::text = ANY ('{Comedy,Crime,Fantasy,Mystery,Short}'::text[])))
                           Rows Removed by Filter: 73
                           Buffers: shared hit=625230 read=91077
 Planning:
   Buffers: shared hit=482 read=92
 Planning Time: 13.821 ms
 Execution Time: 31110.523 ms
(77 rows)

