                                                                                                  QUERY PLAN                                                                                                   
---------------------------------------------------------------------------------------------------------------------------------------------------------------------------------------------------------------
 Aggregate  (cost=801377.67..801377.68 rows=1 width=8) (actual time=2948.293..2948.300 rows=1 loops=1)
   Buffers: shared hit=164629 read=78825, temp read=1201 written=1201
   ->  Nested Loop  (cost=542703.46..801377.55 rows=47 width=0) (actual time=1106.877..2948.225 rows=331 loops=1)
         Buffers: shared hit=164629 read=78825, temp read=1201 written=1201
         ->  Seq Scan on info_type it2  (cost=0.00..2.41 rows=1 width=4) (actual time=0.030..0.035 rows=1 loops=1)
               Filter: (id = 7)
               Rows Removed by Filter: 112
               Buffers: shared hit=1
         ->  Nested Loop  (cost=542703.46..801374.67 rows=47 width=4) (actual time=1106.845..2948.142 rows=331 loops=1)
               Buffers: shared hit=164628 read=78825, temp read=1201 written=1201
               ->  Seq Scan on info_type it1  (cost=0.00..2.41 rows=1 width=4) (actual time=0.009..0.014 rows=1 loops=1)
                     Filter: (id = 3)
                     Rows Removed by Filter: 112
                     Buffers: shared hit=1
               ->  Nested Loop  (cost=542703.46..801371.79 rows=47 width=8) (actual time=1106.835..2948.077 rows=331 loops=1)
                     Join Filter: (t.id = mi2.movie_id)
                     Buffers: shared hit=164627 read=78825, temp read=1201 written=1201
                     ->  Nested Loop  (cost=542703.03..701602.14 rows=2354 width=16) (actual time=1061.760..2725.541 rows=2614 loops=1)
                           Buffers: shared hit=146910 read=66572, temp read=1201 written=1201
                           ->  Hash Join  (cost=542702.60..678093.80 rows=10135 width=20) (actual time=1060.913..1987.717 rows=36049 loops=1)
                                 Hash Cond: (ci.movie_id = t.id)
                                 Buffers: shared hit=16164 read=53122, temp read=1201 written=1201
                                 ->  Nested Loop  (cost=0.44..123965.00 rows=3020080 width=8) (actual time=0.087..685.274 rows=2728943 loops=1)
                                       Buffers: shared hit=2713 read=19206
                                       ->  Seq Scan on role_type rt  (cost=0.00..1.15 rows=1 width=4) (actual time=0.007..0.009 rows=1 loops=1)
                                             Filter: ((role)::text = 'writer'::text)
                                             Rows Removed by Filter: 11
                                             Buffers: shared hit=1
                                       ->  Index Scan using role_id_cast_info on cast_info ci  (cost=0.44..91017.52 rows=3294633 width=12) (actual time=0.079..466.822 rows=2728943 loops=1)
                                             Index Cond: (role_id = rt.id)
                                             Buffers: shared hit=2712 read=19206
                                 ->  Hash  (cost=542596.09..542596.09 rows=8485 width=12) (actual time=1060.675..1060.679 rows=22330 loops=1)
                                       Buckets: 32768 (originally 16384)  Batches: 1 (originally 1)  Memory Usage: 1216kB
                                       Buffers: shared hit=13451 read=33916, temp read=1201 written=1201
                                       ->  Hash Join  (cost=106290.80..542596.09 rows=8485 width=12) (actual time=616.861..1056.676 rows=22330 loops=1)
                                             Hash Cond: (mi1.movie_id = t.id)
                                             Buffers: shared hit=13451 read=33916, temp read=1201 written=1201
                                             ->  Bitmap Heap Scan on movie_info mi1  (cost=16459.24..450234.12 rows=43083 width=8) (actual time=41.196..434.153 rows=405412 loops=1)
                                                   Recheck Cond: (info_type_id = 3)
                                                   Filter: ((info)::text = ANY ('{Animation,Comedy,Crime,Family,Horror,Sci-Fi,Thriller,War}'::text[]))
                                                   Rows Removed by Filter: 1128497
                                                   Heap Blocks: exact=9772
                                                   Buffers: shared hit=71 read=10904
                                                   ->  Bitmap Index Scan on info_type_id_movie_info  (cost=0.00..16448.47 rows=1538671 width=0) (actual time=40.004..40.004 rows=1533909 loops=1)
                                                         Index Cond: (info_type_id = 3)
                                                         Buffers: shared read=1203
                                             ->  Hash  (cost=81661.48..81661.48 rows=497927 width=4) (actual time=537.585..537.587 rows=72289 loops=1)
                                                   Buckets: 262144  Batches: 4  Memory Usage: 2680kB
                                                   Buffers: shared hit=13380 read=23012, temp written=158
                                                   ->  Hash Join  (cost=1.11..81661.48 rows=497927 width=4) (actual time=289.827..526.380 rows=72289 loops=1)
                                                         Hash Cond: (t.kind_id = kt.id)
                                                         Buffers: shared hit=13380 read=23012
                                                         ->  Seq Scan on title t  (cost=0.00..74315.95 rows=1742744 width=8) (actual time=0.024..430.829 rows=1748995 loops=1)
                                                               Filter: ((production_year <= 2015) AND (1990 < production_year))
                                                               Rows Removed by Filter: 779317
                                                               Buffers: shared hit=13379 read=23012
                                                         ->  Hash  (cost=1.09..1.09 rows=2 width=4) (actual time=0.013..0.014 rows=2 loops=1)
                                                               Buckets: 1024  Batches: 1  Memory Usage: 9kB
                                                               Buffers: shared hit=1
                                                               ->  Seq Scan on kind_type kt  (cost=0.00..1.09 rows=2 width=4) (actual time=0.008..0.009 rows=2 loops=1)
                                                                     Filter: ((kind)::text = ANY ('{"tv movie","video game"}'::text[]))
                                                                     Rows Removed by Filter: 5
                                                                     Buffers: shared hit=1
                           ->  Index Scan using name_pkey on name n  (cost=0.43..2.32 rows=1 width=4) (actual time=0.020..0.020 rows=0 loops=36049)
                                 Index Cond: (id = ci.person_id)
                                 Filter: ((gender)::text = 'f'::text)
                                 Rows Removed by Filter: 1
                                 Buffers: shared hit=130746 read=13450
                     ->  Index Scan using movie_id_movie_info on movie_info mi2  (cost=0.43..42.37 rows=1 width=8) (actual time=0.078..0.085 rows=0 loops=2614)
                           Index Cond: (movie_id = ci.movie_id)
                           Filter: ((info_type_id = 7) AND ((info)::text = ANY ('{"CAM:Red One Camera","OFM:35 mm",OFM:Digital,PCS:Spherical,PFM:D-Cinema,PFM:Video,"RAT:1.85 : 1","RAT:2.35 : 1"}'::text[])))
                           Rows Removed by Filter: 14
                           Buffers: shared hit=17717 read=12253
 Planning:
   Buffers: shared hit=504 read=70
 Planning Time: 11.615 ms
 Execution Time: 2948.863 ms
(77 rows)

