                                                                                                  QUERY PLAN                                                                                                  
--------------------------------------------------------------------------------------------------------------------------------------------------------------------------------------------------------------
 Aggregate  (cost=846237.13..846237.14 rows=1 width=8) (actual time=13737.415..13737.424 rows=1 loops=1)
   Buffers: shared hit=1252793 read=110263, temp read=4396 written=4335
   ->  Nested Loop  (cost=815187.74..846236.59 rows=216 width=0) (actual time=904.642..13733.837 rows=16083 loops=1)
         Buffers: shared hit=1252793 read=110263, temp read=4396 written=4335
         ->  Seq Scan on info_type it2  (cost=0.00..2.41 rows=1 width=4) (actual time=0.049..0.059 rows=1 loops=1)
               Filter: (id = 7)
               Rows Removed by Filter: 112
               Buffers: shared hit=1
         ->  Nested Loop  (cost=815187.74..846232.02 rows=216 width=4) (actual time=904.591..13730.071 rows=16083 loops=1)
               Buffers: shared hit=1252792 read=110263, temp read=4396 written=4335
               ->  Seq Scan on info_type it1  (cost=0.00..2.41 rows=1 width=4) (actual time=0.013..0.026 rows=1 loops=1)
                     Filter: (id = 3)
                     Rows Removed by Filter: 112
                     Buffers: shared hit=1
               ->  Nested Loop  (cost=815187.74..846227.45 rows=216 width=8) (actual time=904.577..13726.141 rows=16083 loops=1)
                     Buffers: shared hit=1252791 read=110263, temp read=4396 written=4335
                     ->  Hash Join  (cost=815187.31..845030.57 rows=516 width=12) (actual time=904.540..10932.289 rows=77368 loops=1)
                           Hash Cond: (ci.role_id = rt.id)
                           Buffers: shared hit=966207 read=87375, temp read=4396 written=4335
                           ->  Nested Loop  (cost=815186.13..845018.40 rows=3096 width=16) (actual time=904.473..10836.211 rows=412406 loops=1)
                                 Buffers: shared hit=966206 read=87375, temp read=4396 written=4335
                                 ->  Nested Loop  (cost=815185.69..835579.70 rows=216 width=20) (actual time=904.446..6476.472 rows=11446 loops=1)
                                       Buffers: shared hit=596533 read=18027, temp read=4396 written=4335
                                       ->  Nested Loop  (cost=815185.55..835566.60 rows=503 width=24) (actual time=904.431..6440.952 rows=45578 loops=1)
                                             Join Filter: (t.id = mi1.movie_id)
                                             Buffers: shared hit=596521 read=18027, temp read=4396 written=4335
                                             ->  Merge Join  (cost=815185.12..815634.34 rows=4673 width=16) (actual time=904.385..1213.544 rows=148106 loops=1)
                                                   Merge Cond: (mi1.movie_id = mi2.movie_id)
                                                   Buffers: shared hit=8895 read=13229, temp read=4396 written=4335
                                                   ->  Sort  (cost=407675.47..407766.89 rows=36569 width=8) (actual time=454.601..517.343 rows=366174 loops=1)
                                                         Sort Key: mi1.movie_id
                                                         Sort Method: external sort  Disk: 7912kB
                                                         Buffers: shared hit=8806 read=2169, temp read=1975 written=1980
                                                         ->  Bitmap Heap Scan on movie_info mi1  (cost=16457.61..404903.84 rows=36569 width=8) (actual time=42.305..362.223 rows=366181 loops=1)
                                                               Recheck Cond: (info_type_id = 3)
                                                               Filter: ((info)::text = ANY ('{Adventure,Crime,Drama,Family,Sci-Fi}'::text[]))
                                                               Rows Removed by Filter: 1167728
                                                               Heap Blocks: exact=9772
                                                               Buffers: shared hit=8806 read=2169
                                                               ->  Bitmap Index Scan on info_type_id_movie_info  (cost=0.00..16448.47 rows=1538671 width=0) (actual time=41.118..41.119 rows=1533909 loops=1)
                                                                     Index Cond: (info_type_id = 3)
                                                                     Buffers: shared read=1203
                                                   ->  Sort  (cost=407509.65..407619.48 rows=43930 width=8) (actual time=449.773..533.429 rows=455855 loops=1)
                                                         Sort Key: mi2.movie_id
                                                         Sort Method: external sort  Disk: 9416kB
                                                         Buffers: shared hit=89 read=11060, temp read=2385 written=2355
                                                         ->  Bitmap Heap Scan on movie_info mi2  (cost=15881.37..404122.01 rows=43930 width=8) (actual time=32.872..341.017 rows=435545 loops=1)
                                                               Recheck Cond: (info_type_id = 7)
                                                               Filter: ((info)::text = ANY ('{"PCS:Digital Intermediate",PCS:Spherical,"RAT:1.33 : 1","RAT:1.37 : 1","RAT:2.35 : 1"}'::text[]))
                                                               Rows Removed by Filter: 966357
                                                               Heap Blocks: exact=10050
                                                               Buffers: shared hit=89 read=11060
                                                               ->  Bitmap Index Scan on info_type_id_movie_info  (cost=0.00..15870.39 rows=1484527 width=0) (actual time=31.624..31.625 rows=1401902 loops=1)
                                                                     Index Cond: (info_type_id = 7)
                                                                     Buffers: shared hit=1 read=1098
                                             ->  Index Scan using title_pkey on title t  (cost=0.43..4.25 rows=1 width=8) (actual time=0.035..0.035 rows=0 loops=148106)
                                                   Index Cond: (id = mi2.movie_id)
                                                   Filter: ((production_year <= 2015) AND (1975 < production_year))
                                                   Rows Removed by Filter: 1
                                                   Buffers: shared hit=587626 read=4798
                                       ->  Memoize  (cost=0.14..0.16 rows=1 width=4) (actual time=0.000..0.000 rows=0 loops=45578)
                                             Cache Key: t.kind_id
                                             Cache Mode: logical
                                             Hits: 45572  Misses: 6  Evictions: 0  Overflows: 0  Memory Usage: 1kB
                                             Buffers: shared hit=12
                                             ->  Index Scan using kind_type_pkey on kind_type kt  (cost=0.13..0.15 rows=1 width=4) (actual time=0.010..0.010 rows=0 loops=6)
                                                   Index Cond: (id = t.kind_id)
                                                   Filter: ((kind)::text = ANY ('{"tv movie","tv series","video game"}'::text[]))
                                                   Rows Removed by Filter: 0
                                                   Buffers: shared hit=12
                                 ->  Index Scan using movie_id_cast_info on cast_info ci  (cost=0.44..43.32 rows=38 width=12) (actual time=0.038..0.370 rows=36 loops=11446)
                                       Index Cond: (movie_id = t.id)
                                       Buffers: shared hit=369673 read=69348
                           ->  Hash  (cost=1.15..1.15 rows=2 width=4) (actual time=0.021..0.021 rows=2 loops=1)
                                 Buckets: 1024  Batches: 1  Memory Usage: 9kB
                                 Buffers: shared hit=1
                                 ->  Seq Scan on role_type rt  (cost=0.00..1.15 rows=2 width=4) (actual time=0.012..0.014 rows=2 loops=1)
                                       Filter: ((role)::text = ANY ('{composer,"miscellaneous crew"}'::text[]))
                                       Rows Removed by Filter: 10
                                       Buffers: shared hit=1
                     ->  Index Scan using name_pkey on name n  (cost=0.43..2.32 rows=1 width=4) (actual time=0.036..0.036 rows=0 loops=77368)
                           Index Cond: (id = ci.person_id)
                           Filter: ((gender)::text = 'm'::text)
                           Rows Removed by Filter: 1
                           Buffers: shared hit=286584 read=22888
 Planning:
   Buffers: shared hit=529 read=45
 Planning Time: 12.964 ms
 Execution Time: 13744.741 ms
(89 rows)

