                                                                                            QUERY PLAN                                                                                            
--------------------------------------------------------------------------------------------------------------------------------------------------------------------------------------------------
 Aggregate  (cost=507330.94..507330.95 rows=1 width=8) (actual time=1100.274..1100.282 rows=1 loops=1)
   Buffers: shared hit=31212 read=59572
   ->  Nested Loop  (cost=94159.83..507330.86 rows=35 width=0) (actual time=453.077..1100.266 rows=22 loops=1)
         Buffers: shared hit=31212 read=59572
         ->  Hash Join  (cost=94159.40..507136.02 rows=84 width=4) (actual time=417.149..1093.952 rows=186 loops=1)
               Hash Cond: (ci.role_id = rt.id)
               Buffers: shared hit=30629 read=59411
               ->  Nested Loop  (cost=94158.22..507133.06 rows=502 width=8) (actual time=414.765..1093.317 rows=4508 loops=1)
                     Buffers: shared hit=30628 read=59411
                     ->  Nested Loop  (cost=94157.78..505562.28 rows=35 width=12) (actual time=414.036..1037.205 rows=918 loops=1)
                           Buffers: shared hit=25372 read=57539
                           ->  Seq Scan on info_type it2  (cost=0.00..2.41 rows=1 width=4) (actual time=0.029..0.033 rows=1 loops=1)
                                 Filter: (id = 7)
                                 Rows Removed by Filter: 112
                                 Buffers: shared hit=1
                           ->  Nested Loop  (cost=94157.78..505559.51 rows=35 width=16) (actual time=414.006..1037.023 rows=918 loops=1)
                                 Buffers: shared hit=25371 read=57539
                                 ->  Seq Scan on info_type it1  (cost=0.00..2.41 rows=1 width=4) (actual time=0.009..0.016 rows=1 loops=1)
                                       Filter: (id = 3)
                                       Rows Removed by Filter: 112
                                       Buffers: shared hit=1
                                 ->  Nested Loop  (cost=94157.78..505556.75 rows=35 width=20) (actual time=413.995..1036.849 rows=918 loops=1)
                                       Buffers: shared hit=25370 read=57539
                                       ->  Hash Join  (cost=94157.35..437389.82 rows=1584 width=12) (actual time=413.783..713.669 rows=3437 loops=1)
                                             Hash Cond: (mi1.movie_id = t.id)
                                             Buffers: shared hit=2971 read=44396
                                             ->  Bitmap Heap Scan on movie_info mi1  (cost=16455.07..359572.66 rows=26414 width=8) (actual time=41.850..306.818 rows=274247 loops=1)
                                                   Recheck Cond: (info_type_id = 3)
                                                   Filter: ((info)::text = ANY ('{Drama,Music}'::text[]))
                                                   Rows Removed by Filter: 1259662
                                                   Heap Blocks: exact=9772
                                                   Buffers: shared hit=2970 read=8005
                                                   ->  Bitmap Index Scan on info_type_id_movie_info  (cost=0.00..16448.47 rows=1538671 width=0) (actual time=40.670..40.671 rows=1533909 loops=1)
                                                         Index Cond: (info_type_id = 3)
                                                         Buffers: shared read=1203
                                             ->  Hash  (cost=75807.58..75807.58 rows=151576 width=4) (actual time=370.822..370.824 rows=11843 loops=1)
                                                   Buckets: 262144  Batches: 1  Memory Usage: 2465kB
                                                   Buffers: shared hit=1 read=36391
                                                   ->  Hash Join  (cost=1.13..75807.58 rows=151576 width=4) (actual time=0.138..367.740 rows=11843 loops=1)
                                                         Hash Cond: (t.kind_id = kt.id)
                                                         Buffers: shared hit=1 read=36391
                                                         ->  Seq Scan on title t  (cost=0.00..74315.95 rows=353677 width=8) (actual time=0.025..347.304 rows=347589 loops=1)
                                                               Filter: ((production_year <= 1975) AND (1925 < production_year))
                                                               Rows Removed by Filter: 2180723
                                                               Buffers: shared read=36391
                                                         ->  Hash  (cost=1.10..1.10 rows=3 width=4) (actual time=0.012..0.013 rows=3 loops=1)
                                                               Buckets: 1024  Batches: 1  Memory Usage: 9kB
                                                               Buffers: shared hit=1
                                                               ->  Seq Scan on kind_type kt  (cost=0.00..1.10 rows=3 width=4) (actual time=0.007..0.008 rows=3 loops=1)
                                                                     Filter: ((kind)::text = ANY ('{"tv series","video game","video movie"}'::text[]))
                                                                     Rows Removed by Filter: 4
                                                                     Buffers: shared hit=1
                                       ->  Index Scan using movie_id_movie_info on movie_info mi2  (cost=0.43..43.02 rows=1 width=8) (actual time=0.084..0.094 rows=0 loops=3437)
                                             Index Cond: (movie_id = t.id)
                                             Filter: (((info)::text = ANY ('{"OFM:35 mm","PFM:35 mm"}'::text[])) AND (info_type_id = 7))
                                             Rows Removed by Filter: 11
                                             Buffers: shared hit=22399 read=13143
                     ->  Index Scan using movie_id_cast_info on cast_info ci  (cost=0.44..44.50 rows=38 width=12) (actual time=0.027..0.060 rows=5 loops=918)
                           Index Cond: (movie_id = t.id)
                           Buffers: shared hit=5256 read=1872
               ->  Hash  (cost=1.15..1.15 rows=2 width=4) (actual time=0.030..0.030 rows=2 loops=1)
                     Buckets: 1024  Batches: 1  Memory Usage: 9kB
                     Buffers: shared hit=1
                     ->  Seq Scan on role_type rt  (cost=0.00..1.15 rows=2 width=4) (actual time=0.023..0.025 rows=2 loops=1)
                           Filter: ((role)::text = ANY ('{editor,"production designer"}'::text[]))
                           Rows Removed by Filter: 10
                           Buffers: shared hit=1
         ->  Index Scan using name_pkey on name n  (cost=0.43..2.32 rows=1 width=4) (actual time=0.033..0.033 rows=0 loops=186)
               Index Cond: (id = ci.person_id)
               Filter: ((gender)::text = 'm'::text)
               Rows Removed by Filter: 1
               Buffers: shared hit=583 read=161
 Planning:
   Buffers: shared hit=481 read=93
 Planning Time: 14.190 ms
 Execution Time: 1100.879 ms
(76 rows)

