                                                                                            QUERY PLAN                                                                                            
--------------------------------------------------------------------------------------------------------------------------------------------------------------------------------------------------
 Aggregate  (cost=613065.80..613065.81 rows=1 width=8) (actual time=866.783..866.788 rows=1 loops=1)
   Buffers: shared hit=7710 read=45635, temp read=791 written=791
   ->  Nested Loop  (cost=95062.50..613065.76 rows=17 width=0) (actual time=833.203..866.781 rows=2 loops=1)
         Buffers: shared hit=7710 read=45635, temp read=791 written=791
         ->  Seq Scan on info_type it2  (cost=0.00..2.41 rows=1 width=4) (actual time=0.042..0.047 rows=1 loops=1)
               Filter: (id = 7)
               Rows Removed by Filter: 112
               Buffers: shared hit=1
         ->  Nested Loop  (cost=95062.50..613063.17 rows=17 width=4) (actual time=833.159..866.731 rows=2 loops=1)
               Buffers: shared hit=7709 read=45635, temp read=791 written=791
               ->  Seq Scan on info_type it1  (cost=0.00..2.41 rows=1 width=4) (actual time=0.008..0.015 rows=1 loops=1)
                     Filter: (id = 3)
                     Rows Removed by Filter: 112
                     Buffers: shared hit=1
               ->  Nested Loop  (cost=95062.50..613060.59 rows=17 width=8) (actual time=833.148..866.712 rows=2 loops=1)
                     Buffers: shared hit=7708 read=45635, temp read=791 written=791
                     ->  Hash Join  (cost=95062.07..612891.27 rows=73 width=12) (actual time=522.403..864.889 rows=101 loops=1)
                           Hash Cond: (ci.role_id = rt.id)
                           Buffers: shared hit=7396 read=45543, temp read=791 written=791
                           ->  Nested Loop  (cost=95060.91..612887.00 rows=874 width=16) (actual time=522.254..864.602 rows=2585 loops=1)
                                 Buffers: shared hit=7395 read=45543, temp read=791 written=791
                                 ->  Nested Loop  (cost=95060.47..610180.18 rows=61 width=20) (actual time=522.206..848.409 rows=89 loops=1)
                                       Buffers: shared hit=5518 read=44680, temp read=791 written=791
                                       ->  Hash Join  (cost=95060.03..484490.07 rows=2930 width=12) (actual time=516.850..828.752 rows=199 loops=1)
                                             Hash Cond: (mi2.movie_id = t.id)
                                             Buffers: shared hit=3761 read=43780, temp read=791 written=791
                                             ->  Bitmap Heap Scan on movie_info mi2  (cost=15882.26..404122.90 rows=47493 width=8) (actual time=40.067..372.457 rows=453330 loops=1)
                                                   Recheck Cond: (info_type_id = 7)
                                                   Filter: ((info)::text = ANY ('{"OFM:16 mm",PCS:Spherical,"PFM:16 mm","PFM:35 mm","RAT:1.37 : 1"}'::text[]))
                                                   Rows Removed by Filter: 948572
                                                   Heap Blocks: exact=10050
                                                   Buffers: shared hit=1737 read=9412
                                                   ->  Bitmap Index Scan on info_type_id_movie_info  (cost=0.00..15870.39 rows=1484527 width=0) (actual time=38.798..38.798 rows=1401902 loops=1)
                                                         Index Cond: (info_type_id = 7)
                                                         Buffers: shared hit=1 read=1098
                                             ->  Hash  (cost=76617.91..76617.91 rows=155989 width=4) (actual time=380.256..380.258 rows=9805 loops=1)
                                                   Buckets: 262144  Batches: 2  Memory Usage: 2220kB
                                                   Buffers: shared hit=2024 read=34368, temp written=14
                                                   ->  Hash Join  (cost=1.11..76617.91 rows=155989 width=4) (actual time=237.712..378.074 rows=9805 loops=1)
                                                         Hash Cond: (t.kind_id = kt.id)
                                                         Buffers: shared hit=2024 read=34368
                                                         ->  Seq Scan on title t  (cost=0.00..74315.95 rows=545963 width=8) (actual time=0.018..348.418 rows=538239 loops=1)
                                                               Filter: ((production_year <= 1990) AND (1950 < production_year))
                                                               Rows Removed by Filter: 1990073
                                                               Buffers: shared hit=2023 read=34368
                                                         ->  Hash  (cost=1.09..1.09 rows=2 width=4) (actual time=0.012..0.012 rows=2 loops=1)
                                                               Buckets: 1024  Batches: 1  Memory Usage: 9kB
                                                               Buffers: shared hit=1
                                                               ->  Seq Scan on kind_type kt  (cost=0.00..1.09 rows=2 width=4) (actual time=0.007..0.008 rows=2 loops=1)
                                                                     Filter: ((kind)::text = ANY ('{"video game","video movie"}'::text[]))
                                                                     Rows Removed by Filter: 5
                                                                     Buffers: shared hit=1
                                       ->  Index Scan using movie_id_movie_info on movie_info mi1  (cost=0.43..42.89 rows=1 width=8) (actual time=0.098..0.098 rows=0 loops=199)
                                             Index Cond: (movie_id = t.id)
                                             Filter: ((info_type_id = 3) AND ((info)::text = ANY ('{Documentary,Drama,Family,History,Romance,Sci-Fi}'::text[])))
                                             Rows Removed by Filter: 16
                                             Buffers: shared hit=1757 read=900
                                 ->  Index Scan using movie_id_cast_info on cast_info ci  (cost=0.44..43.99 rows=38 width=12) (actual time=0.018..0.178 rows=29 loops=89)
                                       Index Cond: (movie_id = t.id)
                                       Buffers: shared hit=1877 read=863
                           ->  Hash  (cost=1.15..1.15 rows=1 width=4) (actual time=0.015..0.016 rows=1 loops=1)
                                 Buckets: 1024  Batches: 1  Memory Usage: 9kB
                                 Buffers: shared hit=1
                                 ->  Seq Scan on role_type rt  (cost=0.00..1.15 rows=1 width=4) (actual time=0.009..0.010 rows=1 loops=1)
                                       Filter: ((role)::text = 'director'::text)
                                       Rows Removed by Filter: 11
                                       Buffers: shared hit=1
                     ->  Index Scan using name_pkey on name n  (cost=0.43..2.32 rows=1 width=4) (actual time=0.018..0.018 rows=0 loops=101)
                           Index Cond: (id = ci.person_id)
                           Filter: ((gender)::text = 'f'::text)
                           Rows Removed by Filter: 1
                           Buffers: shared hit=312 read=92
 Planning:
   Buffers: shared hit=574
 Planning Time: 13.634 ms
 Execution Time: 867.231 ms
(76 rows)

