                                                                                               QUERY PLAN                                                                                                
---------------------------------------------------------------------------------------------------------------------------------------------------------------------------------------------------------
 Aggregate  (cost=436842.20..436842.21 rows=1 width=8) (actual time=1553.316..1553.321 rows=1 loops=1)
   Buffers: shared hit=113264 read=44758
   ->  Nested Loop  (cost=74992.35..436842.19 rows=5 width=0) (actual time=414.018..1553.172 rows=1027 loops=1)
         Buffers: shared hit=113264 read=44758
         ->  Seq Scan on info_type it2  (cost=0.00..2.41 rows=1 width=4) (actual time=0.047..0.052 rows=1 loops=1)
               Filter: (id = 7)
               Rows Removed by Filter: 112
               Buffers: shared hit=1
         ->  Nested Loop  (cost=74992.35..436839.72 rows=5 width=4) (actual time=413.969..1552.991 rows=1027 loops=1)
               Buffers: shared hit=113263 read=44758
               ->  Seq Scan on info_type it1  (cost=0.00..2.41 rows=1 width=4) (actual time=0.012..0.018 rows=1 loops=1)
                     Filter: (id = 3)
                     Rows Removed by Filter: 112
                     Buffers: shared hit=1
               ->  Nested Loop  (cost=74992.35..436837.26 rows=5 width=8) (actual time=413.956..1552.834 rows=1027 loops=1)
                     Join Filter: (t.id = mi1.movie_id)
                     Buffers: shared hit=113262 read=44758
                     ->  Nested Loop  (cost=74991.92..430826.15 rows=142 width=16) (actual time=413.666..1406.189 rows=1112 loops=1)
                           Join Filter: (t.id = mi2.movie_id)
                           Buffers: shared hit=98201 read=42999
                           ->  Nested Loop  (cost=74991.48..249808.23 rows=4271 width=8) (actual time=376.049..1348.089 rows=469 loops=1)
                                 Buffers: shared hit=93291 read=41400
                                 ->  Hash Join  (cost=74991.05..207154.58 rows=18389 width=12) (actual time=374.733..828.174 rows=22807 loops=1)
                                       Hash Cond: (t.kind_id = kt.id)
                                       Buffers: shared hit=5325 read=38138
                                       ->  Hash Join  (cost=74989.94..206882.22 rows=64364 width=16) (actual time=374.689..823.352 rows=22840 loops=1)
                                             Hash Cond: (ci.movie_id = t.id)
                                             Buffers: shared hit=5324 read=38138
                                             ->  Nested Loop  (cost=0.44..123965.00 rows=3020080 width=8) (actual time=0.251..314.588 rows=1093558 loops=1)
                                                   Buffers: shared hit=1253 read=5818
                                                   ->  Seq Scan on role_type rt  (cost=0.00..1.15 rows=1 width=4) (actual time=0.009..0.011 rows=1 loops=1)
                                                         Filter: ((role)::text = 'editor'::text)
                                                         Rows Removed by Filter: 11
                                                         Buffers: shared hit=1
                                                   ->  Index Scan using role_id_cast_info on cast_info ci  (cost=0.44..91017.52 rows=3294633 width=12) (actual time=0.236..206.356 rows=1093558 loops=1)
                                                         Index Cond: (role_id = rt.id)
                                                         Buffers: shared hit=1252 read=5818
                                             ->  Hash  (cost=74315.95..74315.95 rows=53884 width=8) (actual time=373.837..373.837 rows=51669 loops=1)
                                                   Buckets: 65536  Batches: 1  Memory Usage: 2531kB
                                                   Buffers: shared hit=4071 read=32320
                                                   ->  Seq Scan on title t  (cost=0.00..74315.95 rows=53884 width=8) (actual time=0.542..363.651 rows=51669 loops=1)
                                                         Filter: ((production_year <= 1949) AND (1928 < production_year))
                                                         Rows Removed by Filter: 2476643
                                                         Buffers: shared hit=4071 read=32320
                                       ->  Hash  (cost=1.09..1.09 rows=2 width=4) (actual time=0.020..0.020 rows=2 loops=1)
                                             Buckets: 1024  Batches: 1  Memory Usage: 9kB
                                             Buffers: shared hit=1
                                             ->  Seq Scan on kind_type kt  (cost=0.00..1.09 rows=2 width=4) (actual time=0.009..0.012 rows=2 loops=1)
                                                   Filter: ((kind)::text = ANY ('{episode,movie}'::text[]))
                                                   Rows Removed by Filter: 5
                                                   Buffers: shared hit=1
                                 ->  Index Scan using name_pkey on name n  (cost=0.43..2.32 rows=1 width=4) (actual time=0.023..0.023 rows=0 loops=22807)
                                       Index Cond: (id = ci.person_id)
                                       Filter: ((gender)::text = 'f'::text)
                                       Rows Removed by Filter: 1
                                       Buffers: shared hit=87966 read=3262
                           ->  Index Scan using movie_id_movie_info on movie_info mi2  (cost=0.43..42.37 rows=1 width=8) (actual time=0.082..0.123 rows=2 loops=469)
                                 Index Cond: (movie_id = ci.movie_id)
                                 Filter: ((info_type_id = 7) AND ((info)::text = ANY ('{MET:,"MET:300 m","MET:600 m","OFM:35 mm","PFM:35 mm","RAT:1.20 : 1","RAT:1.33 : 1","RAT:1.37 : 1"}'::text[])))
                                 Rows Removed by Filter: 22
                                 Buffers: shared hit=4910 read=1599
                     ->  Index Scan using movie_id_movie_info on movie_info mi1  (cost=0.43..42.32 rows=1 width=8) (actual time=0.131..0.131 rows=1 loops=1112)
                           Index Cond: (movie_id = ci.movie_id)
                           Filter: ((info_type_id = 3) AND ((info)::text = ANY ('{Action,Comedy,Drama,Music,Short,Sport,Thriller}'::text[])))
                           Rows Removed by Filter: 29
                           Buffers: shared hit=15061 read=1759
 Planning:
   Buffers: shared hit=574
 Planning Time: 13.740 ms
 Execution Time: 1553.813 ms
(70 rows)

