                                                                                            QUERY PLAN                                                                                            
--------------------------------------------------------------------------------------------------------------------------------------------------------------------------------------------------
 Aggregate  (cost=542062.02..542062.03 rows=1 width=8) (actual time=980.529..980.537 rows=1 loops=1)
   Buffers: shared hit=22935 read=50952
   ->  Nested Loop  (cost=92824.49..542061.90 rows=49 width=0) (actual time=401.846..980.466 rows=442 loops=1)
         Buffers: shared hit=22935 read=50952
         ->  Hash Join  (cost=92824.06..541790.51 rows=117 width=4) (actual time=401.793..950.766 rows=1014 loops=1)
               Hash Cond: (ci.role_id = rt.id)
               Buffers: shared hit=19281 read=50550
               ->  Nested Loop  (cost=92822.88..541786.85 rows=702 width=8) (actual time=397.200..949.938 rows=5348 loops=1)
                     Buffers: shared hit=19280 read=50550
                     ->  Nested Loop  (cost=92822.44..539541.67 rows=49 width=12) (actual time=397.167..891.735 rows=611 loops=1)
                           Buffers: shared hit=13652 read=49432
                           ->  Seq Scan on info_type it2  (cost=0.00..2.41 rows=1 width=4) (actual time=0.035..0.040 rows=1 loops=1)
                                 Filter: (id = 7)
                                 Rows Removed by Filter: 112
                                 Buffers: shared hit=1
                           ->  Nested Loop  (cost=92822.44..539538.77 rows=49 width=16) (actual time=397.130..891.604 rows=611 loops=1)
                                 Buffers: shared hit=13651 read=49432
                                 ->  Seq Scan on info_type it1  (cost=0.00..2.41 rows=1 width=4) (actual time=0.009..0.017 rows=1 loops=1)
                                       Filter: (id = 3)
                                       Rows Removed by Filter: 112
                                       Buffers: shared hit=1
                                 ->  Nested Loop  (cost=92822.44..539535.87 rows=49 width=20) (actual time=397.117..891.491 rows=611 loops=1)
                                       Buffers: shared hit=13650 read=49432
                                       ->  Hash Join  (cost=92822.01..466348.30 rows=1670 width=12) (actual time=395.428..753.067 rows=1436 loops=1)
                                             Hash Cond: (mi1.movie_id = t.id)
                                             Buffers: shared hit=2949 read=44418
                                             ->  Bitmap Heap Scan on movie_info mi1  (cost=16459.99..389796.68 rows=46109 width=8) (actual time=42.608..360.166 rows=444490 loops=1)
                                                   Recheck Cond: (info_type_id = 3)
                                                   Filter: ((info)::text = ANY ('{Family,Fantasy,Mystery,Short}'::text[]))
                                                   Rows Removed by Filter: 1089419
                                                   Heap Blocks: exact=9772
                                                   Buffers: shared hit=2948 read=8027
                                                   ->  Bitmap Index Scan on info_type_id_movie_info  (cost=0.00..16448.47 rows=1538671 width=0) (actual time=41.397..41.397 rows=1533909 loops=1)
                                                         Index Cond: (info_type_id = 3)
                                                         Buffers: shared read=1203
                                             ->  Hash  (cost=75217.46..75217.46 rows=91564 width=4) (actual time=352.263..352.266 rows=7795 loops=1)
                                                   Buckets: 131072  Batches: 1  Memory Usage: 1299kB
                                                   Buffers: shared hit=1 read=36391
                                                   ->  Hash Join  (cost=1.13..75217.46 rows=91564 width=4) (actual time=0.153..350.297 rows=7795 loops=1)
                                                         Hash Cond: (t.kind_id = kt.id)
                                                         Buffers: shared hit=1 read=36391
                                                         ->  Seq Scan on title t  (cost=0.00..74315.95 rows=213650 width=8) (actual time=0.027..337.439 rows=212483 loops=1)
                                                               Filter: ((production_year <= 1970) AND (1950 < production_year))
                                                               Rows Removed by Filter: 2315829
                                                               Buffers: shared read=36391
                                                         ->  Hash  (cost=1.10..1.10 rows=3 width=4) (actual time=0.014..0.015 rows=3 loops=1)
                                                               Buckets: 1024  Batches: 1  Memory Usage: 9kB
                                                               Buffers: shared hit=1
                                                               ->  Seq Scan on kind_type kt  (cost=0.00..1.10 rows=3 width=4) (actual time=0.008..0.009 rows=3 loops=1)
                                                                     Filter: ((kind)::text = ANY ('{"tv series","video game","video movie"}'::text[]))
                                                                     Rows Removed by Filter: 4
                                                                     Buffers: shared hit=1
                                       ->  Index Scan using movie_id_movie_info on movie_info mi2  (cost=0.43..43.81 rows=1 width=8) (actual time=0.084..0.096 rows=0 loops=1436)
                                             Index Cond: (movie_id = t.id)
                                             Filter: ((info_type_id = 7) AND ((info)::text = ANY ('{"OFM:16 mm","OFM:35 mm",PCS:Spherical,"PFM:35 mm","RAT:1.37 : 1"}'::text[])))
                                             Rows Removed by Filter: 16
                                             Buffers: shared hit=10701 read=5014
                     ->  Index Scan using movie_id_cast_info on cast_info ci  (cost=0.44..45.44 rows=38 width=12) (actual time=0.030..0.093 rows=9 loops=611)
                           Index Cond: (movie_id = t.id)
                           Buffers: shared hit=5628 read=1118
               ->  Hash  (cost=1.15..1.15 rows=2 width=4) (actual time=0.042..0.043 rows=2 loops=1)
                     Buckets: 1024  Batches: 1  Memory Usage: 9kB
                     Buffers: shared hit=1
                     ->  Seq Scan on role_type rt  (cost=0.00..1.15 rows=2 width=4) (actual time=0.029..0.032 rows=2 loops=1)
                           Filter: ((role)::text = ANY ('{director,producer}'::text[]))
                           Rows Removed by Filter: 10
                           Buffers: shared hit=1
         ->  Index Scan using name_pkey on name n  (cost=0.43..2.32 rows=1 width=4) (actual time=0.029..0.029 rows=0 loops=1014)
               Index Cond: (id = ci.person_id)
               Filter: ((gender)::text = 'm'::text)
               Rows Removed by Filter: 1
               Buffers: shared hit=3654 read=402
 Planning:
   Buffers: shared hit=502 read=72
 Planning Time: 14.290 ms
 Execution Time: 981.173 ms
(76 rows)

