                                                                                                                                                                     QUERY PLAN                                                                                                                                                                     
----------------------------------------------------------------------------------------------------------------------------------------------------------------------------------------------------------------------------------------------------------------------------------------------------------------------------------------------------
 Aggregate  (cost=1079855.97..1079855.98 rows=1 width=8) (actual time=39610.201..39610.210 rows=1 loops=1)
   Buffers: shared hit=3824537 read=180866, temp read=9858 written=9057
   ->  Nested Loop  (cost=959134.11..1079853.46 rows=1002 width=0) (actual time=1334.675..39600.480 rows=42634 loops=1)
         Buffers: shared hit=3824537 read=180866, temp read=9858 written=9057
         ->  Seq Scan on info_type it2  (cost=0.00..2.41 rows=1 width=4) (actual time=0.047..0.060 rows=1 loops=1)
               Filter: (id = 7)
               Rows Removed by Filter: 112
               Buffers: shared hit=1
         ->  Nested Loop  (cost=959134.11..1079841.03 rows=1002 width=4) (actual time=1334.626..39590.311 rows=42634 loops=1)
               Buffers: shared hit=3824536 read=180866, temp read=9858 written=9057
               ->  Seq Scan on info_type it1  (cost=0.00..2.41 rows=1 width=4) (actual time=0.012..0.027 rows=1 loops=1)
                     Filter: (id = 3)
                     Rows Removed by Filter: 112
                     Buffers: shared hit=1
               ->  Nested Loop  (cost=959134.11..1079828.60 rows=1002 width=8) (actual time=1334.612..39579.108 rows=42634 loops=1)
                     Buffers: shared hit=3824535 read=180866, temp read=9858 written=9057
                     ->  Hash Join  (cost=959133.68..1074287.27 rows=2389 width=12) (actual time=1334.521..35687.673 rows=105402 loops=1)
                           Hash Cond: (ci.role_id = rt.id)
                           Buffers: shared hit=3419162 read=164631, temp read=9858 written=9057
                           ->  Nested Loop  (cost=959132.51..1074235.18 rows=14334 width=16) (actual time=1334.474..35454.574 rows=1032483 loops=1)
                                 Buffers: shared hit=3419161 read=164631, temp read=9858 written=9057
                                 ->  Nested Loop  (cost=959132.07..1030537.48 rows=1000 width=20) (actual time=1334.448..24816.759 rows=27461 loops=1)
                                       Buffers: shared hit=2448498 read=40642, temp read=9858 written=9057
                                       ->  Nested Loop  (cost=959131.93..1030480.59 rows=2333 width=24) (actual time=1334.431..24661.509 rows=206592 loops=1)
                                             Join Filter: (t.id = mi1.movie_id)
                                             Buffers: shared hit=2448486 read=40642, temp read=9858 written=9057
                                             ->  Merge Join  (cost=959131.50..960212.57 rows=21662 width=16) (actual time=1334.386..2156.603 rows=616751 loops=1)
                                                   Merge Cond: (mi1.movie_id = mi2.movie_id)
                                                   Buffers: shared hit=5472 read=16652, temp read=9858 written=9057
                                                   ->  Sort  (cost=456873.46..457076.69 rows=81293 width=8) (actual time=657.605..808.256 rows=805304 loops=1)
                                                         Sort Key: mi1.movie_id
                                                         Sort Method: external sort  Disk: 17408kB
                                                         Buffers: shared hit=2798 read=8177, temp read=4343 written=4354
                                                         ->  Bitmap Heap Scan on movie_info mi1  (cost=16468.79..450243.67 rows=81293 width=8) (actual time=41.839..456.329 rows=805323 loops=1)
                                                               Recheck Cond: (info_type_id = 3)
                                                               Filter: ((info)::text = ANY ('{Animation,Biography,Drama,Family,Musical,Romance,Short,Thriller}'::text[]))
                                                               Rows Removed by Filter: 728586
                                                               Heap Blocks: exact=9772
                                                               Buffers: shared hit=2798 read=8177
                                                               ->  Bitmap Index Scan on info_type_id_movie_info  (cost=0.00..16448.47 rows=1538671 width=0) (actual time=40.639..40.639 rows=1533909 loops=1)
                                                                     Index Cond: (info_type_id = 3)
                                                                     Buffers: shared read=1203
                                                   ->  Sort  (cost=502258.04..502487.04 rows=91598 width=8) (actual time=676.770..889.826 rows=1028839 loops=1)
                                                         Sort Key: mi2.movie_id
                                                         Sort Method: external sort  Disk: 18800kB
                                                         Buffers: shared hit=2674 read=8475, temp read=5103 written=4703
                                                         ->  Bitmap Heap Scan on movie_info mi2  (cost=15893.29..494708.98 rows=91598 width=8) (actual time=32.653..467.441 rows=869714 loops=1)
                                                               Recheck Cond: (info_type_id = 7)
                                                               Filter: ((info)::text = ANY ('{"CAM:Canon 7D","CAM:Panavision Cameras and Lenses","LAB:Consolidated Film Industries (CFI), Hollywood (CA), USA","OFM:35 mm","PCS:Digital Intermediate","PFM:35 mm",PFM:Video,"RAT:1.33 : 1","RAT:1.78 : 1","RAT:1.85 : 1","RAT:2.35 : 1"}'::text[]))
                                                               Rows Removed by Filter: 532188
                                                               Heap Blocks: exact=10050
                                                               Buffers: shared hit=2674 read=8475
                                                               ->  Bitmap Index Scan on info_type_id_movie_info  (cost=0.00..15870.39 rows=1484527 width=0) (actual time=31.419..31.419 rows=1401902 loops=1)
                                                                     Index Cond: (info_type_id = 7)
                                                                     Buffers: shared hit=1 read=1098
                                             ->  Index Scan using title_pkey on title t  (cost=0.43..3.23 rows=1 width=8) (actual time=0.036..0.036 rows=0 loops=616751)
                                                   Index Cond: (id = mi2.movie_id)
                                                   Filter: ((production_year <= 2015) AND (1975 < production_year))
                                                   Rows Removed by Filter: 1
                                                   Buffers: shared hit=2443014 read=23990
                                       ->  Memoize  (cost=0.14..0.16 rows=1 width=4) (actual time=0.000..0.000 rows=0 loops=206592)
                                             Cache Key: t.kind_id
                                             Cache Mode: logical
                                             Hits: 206586  Misses: 6  Evictions: 0  Overflows: 0  Memory Usage: 1kB
                                             Buffers: shared hit=12
                                             ->  Index Scan using kind_type_pkey on kind_type kt  (cost=0.13..0.15 rows=1 width=4) (actual time=0.010..0.010 rows=0 loops=6)
                                                   Index Cond: (id = t.kind_id)
                                                   Filter: ((kind)::text = ANY ('{"tv movie","tv series","video game"}'::text[]))
                                                   Rows Removed by Filter: 0
                                                   Buffers: shared hit=12
                                 ->  Index Scan using movie_id_cast_info on cast_info ci  (cost=0.44..43.32 rows=38 width=12) (actual time=0.037..0.376 rows=38 loops=27461)
                                       Index Cond: (movie_id = t.id)
                                       Buffers: shared hit=970663 read=123989
                           ->  Hash  (cost=1.15..1.15 rows=2 width=4) (actual time=0.022..0.023 rows=2 loops=1)
                                 Buckets: 1024  Batches: 1  Memory Usage: 9kB
                                 Buffers: shared hit=1
                                 ->  Seq Scan on role_type rt  (cost=0.00..1.15 rows=2 width=4) (actual time=0.011..0.013 rows=2 loops=1)
                                       Filter: ((role)::text = ANY ('{composer,producer}'::text[]))
                                       Rows Removed by Filter: 10
                                       Buffers: shared hit=1
                     ->  Index Scan using name_pkey on name n  (cost=0.43..2.32 rows=1 width=4) (actual time=0.036..0.036 rows=0 loops=105402)
                           Index Cond: (id = ci.person_id)
                           Filter: ((gender)::text = 'm'::text)
                           Rows Removed by Filter: 1
                           Buffers: shared hit=405373 read=16235
 Planning:
   Buffers: shared hit=483 read=91
 Planning Time: 14.189 ms
 Execution Time: 39622.380 ms
(89 rows)

