                                                                                            QUERY PLAN                                                                                            
--------------------------------------------------------------------------------------------------------------------------------------------------------------------------------------------------
 Aggregate  (cost=478920.88..478920.89 rows=1 width=8) (actual time=1262.618..1262.626 rows=1 loops=1)
   Buffers: shared hit=58568 read=50170
   ->  Nested Loop  (cost=92437.90..478920.82 rows=25 width=0) (actual time=406.747..1262.150 rows=3385 loops=1)
         Buffers: shared hit=58568 read=50170
         ->  Hash Join  (cost=92437.47..478832.68 rows=38 width=4) (actual time=405.919..1126.629 rows=3912 loops=1)
               Hash Cond: (ci.role_id = rt.id)
               Buffers: shared hit=44834 read=48256
               ->  Nested Loop  (cost=92436.30..478830.69 rows=229 width=8) (actual time=405.842..1124.327 rows=11002 loops=1)
                     Buffers: shared hit=44833 read=48256
                     ->  Nested Loop  (cost=92435.86..478097.57 rows=16 width=12) (actual time=405.813..985.395 rows=1675 loops=1)
                           Buffers: shared hit=32490 read=45338
                           ->  Seq Scan on info_type it2  (cost=0.00..2.41 rows=1 width=4) (actual time=0.028..0.033 rows=1 loops=1)
                                 Filter: (id = 7)
                                 Rows Removed by Filter: 112
                                 Buffers: shared hit=1
                           ->  Nested Loop  (cost=92435.86..478095.00 rows=16 width=16) (actual time=405.783..985.070 rows=1675 loops=1)
                                 Buffers: shared hit=32489 read=45338
                                 ->  Seq Scan on info_type it1  (cost=0.00..2.41 rows=1 width=4) (actual time=0.008..0.015 rows=1 loops=1)
                                       Filter: (id = 3)
                                       Rows Removed by Filter: 112
                                       Buffers: shared hit=1
                                 ->  Nested Loop  (cost=92435.86..478092.43 rows=16 width=20) (actual time=405.773..984.747 rows=1675 loops=1)
                                       Buffers: shared hit=32488 read=45338
                                       ->  Hash Join  (cost=92435.42..450765.93 rows=625 width=12) (actual time=405.712..709.362 rows=2797 loops=1)
                                             Hash Cond: (mi1.movie_id = t.id)
                                             Buffers: shared hit=13438 read=33929
                                             ->  Bitmap Heap Scan on movie_info mi1  (cost=16454.94..374682.08 rows=25901 width=8) (actual time=40.386..316.289 rows=243660 loops=1)
                                                   Recheck Cond: (info_type_id = 3)
                                                   Filter: ((info)::text = ANY ('{Comedy,Family,Sci-Fi}'::text[]))
                                                   Rows Removed by Filter: 1290249
                                                   Heap Blocks: exact=9772
                                                   Buffers: shared hit=7 read=10968
                                                   ->  Bitmap Index Scan on info_type_id_movie_info  (cost=0.00..16448.47 rows=1538671 width=0) (actual time=39.190..39.190 rows=1533909 loops=1)
                                                         Index Cond: (info_type_id = 3)
                                                         Buffers: shared read=1203
                                             ->  Hash  (cost=75217.44..75217.44 rows=61043 width=4) (actual time=365.051..365.054 rows=7784 loops=1)
                                                   Buckets: 65536  Batches: 1  Memory Usage: 786kB
                                                   Buffers: shared hit=13431 read=22961
                                                   ->  Hash Join  (cost=1.11..75217.44 rows=61043 width=4) (actual time=0.127..363.105 rows=7784 loops=1)
                                                         Hash Cond: (t.kind_id = kt.id)
                                                         Buffers: shared hit=13431 read=22961
                                                         ->  Seq Scan on title t  (cost=0.00..74315.95 rows=213650 width=8) (actual time=0.019..349.920 rows=212483 loops=1)
                                                               Filter: ((production_year <= 1970) AND (1950 < production_year))
                                                               Rows Removed by Filter: 2315829
                                                               Buffers: shared hit=13430 read=22961
                                                         ->  Hash  (cost=1.09..1.09 rows=2 width=4) (actual time=0.011..0.012 rows=2 loops=1)
                                                               Buckets: 1024  Batches: 1  Memory Usage: 9kB
                                                               Buffers: shared hit=1
                                                               ->  Seq Scan on kind_type kt  (cost=0.00..1.09 rows=2 width=4) (actual time=0.007..0.008 rows=2 loops=1)
                                                                     Filter: ((kind)::text = ANY ('{"tv series","video game"}'::text[]))
                                                                     Rows Removed by Filter: 5
                                                                     Buffers: shared hit=1
                                       ->  Index Scan using movie_id_movie_info on movie_info mi2  (cost=0.43..43.71 rows=1 width=8) (actual time=0.077..0.098 rows=1 loops=2797)
                                             Index Cond: (movie_id = t.id)
                                             Filter: ((info_type_id = 7) AND ((info)::text = ANY ('{"OFM:35 mm",PCS:Spherical,"RAT:1.33 : 1"}'::text[])))
                                             Rows Removed by Filter: 14
                                             Buffers: shared hit=19050 read=11409
                     ->  Index Scan using movie_id_cast_info on cast_info ci  (cost=0.44..45.44 rows=38 width=12) (actual time=0.031..0.081 rows=7 loops=1675)
                           Index Cond: (movie_id = t.id)
                           Buffers: shared hit=12343 read=2918
               ->  Hash  (cost=1.15..1.15 rows=2 width=4) (actual time=0.031..0.031 rows=2 loops=1)
                     Buckets: 1024  Batches: 1  Memory Usage: 9kB
                     Buffers: shared hit=1
                     ->  Seq Scan on role_type rt  (cost=0.00..1.15 rows=2 width=4) (actual time=0.022..0.025 rows=2 loops=1)
                           Filter: ((role)::text = ANY ('{actor,"miscellaneous crew"}'::text[]))
                           Rows Removed by Filter: 10
                           Buffers: shared hit=1
         ->  Index Scan using name_pkey on name n  (cost=0.43..2.32 rows=1 width=4) (actual time=0.034..0.034 rows=1 loops=3912)
               Index Cond: (id = ci.person_id)
               Filter: ((gender)::text = ANY ('{f,m}'::text[]))
               Rows Removed by Filter: 0
               Buffers: shared hit=13734 read=1914
 Planning:
   Buffers: shared hit=486 read=88
 Planning Time: 10.042 ms
 Execution Time: 1263.144 ms
(76 rows)

