                                                                                                                                                                           QUERY PLAN                                                                                                                                                                           
----------------------------------------------------------------------------------------------------------------------------------------------------------------------------------------------------------------------------------------------------------------------------------------------------------------------------------------------------------------
 Aggregate  (cost=997873.90..997873.91 rows=1 width=8) (actual time=22347.653..22347.661 rows=1 loops=1)
   Buffers: shared hit=2042282 read=147999, temp read=8118 written=7400
   ->  Nested Loop  (cost=926215.71..997873.14 rows=306 width=0) (actual time=1284.870..22347.386 rows=474 loops=1)
         Buffers: shared hit=2042282 read=147999, temp read=8118 written=7400
         ->  Seq Scan on info_type it2  (cost=0.00..2.41 rows=1 width=4) (actual time=0.039..0.051 rows=1 loops=1)
               Filter: (id = 7)
               Rows Removed by Filter: 112
               Buffers: shared hit=1
         ->  Nested Loop  (cost=926215.71..997867.66 rows=306 width=4) (actual time=1284.829..22347.164 rows=474 loops=1)
               Buffers: shared hit=2042281 read=147999, temp read=8118 written=7400
               ->  Seq Scan on info_type it1  (cost=0.00..2.41 rows=1 width=4) (actual time=0.008..0.022 rows=1 loops=1)
                     Filter: (id = 3)
                     Rows Removed by Filter: 112
                     Buffers: shared hit=1
               ->  Nested Loop  (cost=926215.71..997862.19 rows=306 width=8) (actual time=1284.819..22346.964 rows=474 loops=1)
                     Buffers: shared hit=2042280 read=147999, temp read=8118 written=7400
                     ->  Hash Join  (cost=926215.28..996171.26 rows=729 width=12) (actual time=1214.406..22109.022 rows=6370 loops=1)
                           Hash Cond: (ci.role_id = rt.id)
                           Buffers: shared hit=2018090 read=146709, temp read=8118 written=7400
                           ->  Nested Loop  (cost=926214.12..996139.04 rows=8744 width=16) (actual time=1213.564..22006.880 rows=523531 loops=1)
                                 Buffers: shared hit=2018089 read=146709, temp read=8118 written=7400
                                 ->  Nested Loop  (cost=926213.68..969483.44 rows=610 width=20) (actual time=1213.532..16211.048 rows=19269 loops=1)
                                       Buffers: shared hit=1554409 read=43223, temp read=8118 written=7400
                                       ->  Nested Loop  (cost=926213.54..969448.32 rows=1423 width=24) (actual time=1213.517..16130.673 rows=105051 loops=1)
                                             Buffers: shared hit=1554397 read=43223, temp read=8118 written=7400
                                             ->  Merge Join  (cost=926213.11..927056.33 rows=13212 width=16) (actual time=1213.471..1864.695 rows=393874 loops=1)
                                                   Merge Cond: (mi1.movie_id = mi2.movie_id)
                                                   Buffers: shared hit=3098 read=19026, temp read=8118 written=7400
                                                   ->  Sort  (cost=397555.96..397790.48 rows=93808 width=8) (actual time=535.656..703.998 rows=877911 loops=1)
                                                         Sort Key: mi1.movie_id
                                                         Sort Method: external sort  Disk: 18976kB
                                                         Buffers: shared hit=2398 read=8577, temp read=4735 written=4747
                                                         ->  Bitmap Heap Scan on movie_info mi1  (cost=16471.94..389808.62 rows=93808 width=8) (actual time=42.242..315.723 rows=877914 loops=1)
                                                               Recheck Cond: (info_type_id = 3)
                                                               Filter: ((info)::text = ANY ('{Adventure,Comedy,Crime,Documentary,Fantasy,Mystery,Sci-Fi,Short,Thriller}'::text[]))
                                                               Rows Removed by Filter: 655995
                                                               Heap Blocks: exact=9772
                                                               Buffers: shared hit=2398 read=8577
                                                               ->  Bitmap Index Scan on info_type_id_movie_info  (cost=0.00..16448.47 rows=1538671 width=0) (actual time=41.048..41.048 rows=1533909 loops=1)
                                                                     Index Cond: (info_type_id = 3)
                                                                     Buffers: shared read=1203
                                                   ->  Sort  (cost=528657.15..528778.18 rows=48413 width=8) (actual time=677.804..811.767 rows=619092 loops=1)
                                                         Sort Key: mi2.movie_id
                                                         Sort Method: external sort  Disk: 10608kB
                                                         Buffers: shared hit=700 read=10449, temp read=3015 written=2653
                                                         ->  Bitmap Heap Scan on movie_info mi2  (cost=15882.49..524889.87 rows=48413 width=8) (actual time=32.918..555.883 rows=490923 loops=1)
                                                               Recheck Cond: (info_type_id = 7)
                                                               Filter: ((info)::text = ANY ('{"CAM:Canon 7D","CAM:Panavision Cameras and Lenses","LAB:FotoKem Laboratory, Burbank (CA), USA","OFM:16 mm","OFM:Super 16","PCS:Digital Intermediate",PCS:Spherical,"PCS:Super 35",PFM:D-Cinema,PFM:Video,"RAT:1.33 : 1","RAT:1.37 : 1","RAT:1.78 : 1"}'::text[]))
                                                               Rows Removed by Filter: 910979
                                                               Heap Blocks: exact=10050
                                                               Buffers: shared hit=700 read=10449
                                                               ->  Bitmap Index Scan on info_type_id_movie_info  (cost=0.00..15870.39 rows=1484527 width=0) (actual time=31.688..31.688 rows=1401902 loops=1)
                                                                     Index Cond: (info_type_id = 7)
                                                                     Buffers: shared hit=1 read=1098
                                             ->  Index Scan using title_pkey on title t  (cost=0.43..3.21 rows=1 width=8) (actual time=0.036..0.036 rows=0 loops=393874)
                                                   Index Cond: (id = mi1.movie_id)
                                                   Filter: ((production_year <= 2015) AND (1975 < production_year))
                                                   Rows Removed by Filter: 1
                                                   Buffers: shared hit=1551299 read=24197
                                       ->  Memoize  (cost=0.14..0.16 rows=1 width=4) (actual time=0.000..0.000 rows=0 loops=105051)
                                             Cache Key: t.kind_id
                                             Cache Mode: logical
                                             Hits: 105045  Misses: 6  Evictions: 0  Overflows: 0  Memory Usage: 1kB
                                             Buffers: shared hit=12
                                             ->  Index Scan using kind_type_pkey on kind_type kt  (cost=0.13..0.15 rows=1 width=4) (actual time=0.010..0.010 rows=0 loops=6)
                                                   Index Cond: (id = t.kind_id)
                                                   Filter: ((kind)::text = ANY ('{"tv movie","tv series","video game"}'::text[]))
                                                   Rows Removed by Filter: 0
                                                   Buffers: shared hit=12
                                 ->  Index Scan using movie_id_cast_info on cast_info ci  (cost=0.44..43.32 rows=38 width=12) (actual time=0.038..0.292 rows=27 loops=19269)
                                       Index Cond: (movie_id = t.id)
                                       Buffers: shared hit=463680 read=103486
                           ->  Hash  (cost=1.15..1.15 rows=1 width=4) (actual time=0.019..0.019 rows=1 loops=1)
                                 Buckets: 1024  Batches: 1  Memory Usage: 9kB
                                 Buffers: shared hit=1
                                 ->  Seq Scan on role_type rt  (cost=0.00..1.15 rows=1 width=4) (actual time=0.009..0.010 rows=1 loops=1)
                                       Filter: ((role)::text = 'costume designer'::text)
                                       Rows Removed by Filter: 11
                                       Buffers: shared hit=1
                     ->  Index Scan using name_pkey on name n  (cost=0.43..2.32 rows=1 width=4) (actual time=0.037..0.037 rows=0 loops=6370)
                           Index Cond: (id = ci.person_id)
                           Filter: ((gender)::text = 'm'::text)
                           Rows Removed by Filter: 1
                           Buffers: shared hit=24190 read=1290
 Planning:
   Buffers: shared hit=485 read=92
 Planning Time: 14.392 ms
 Execution Time: 22359.692 ms
(88 rows)

