                                                                                                    QUERY PLAN                                                                                                     
-------------------------------------------------------------------------------------------------------------------------------------------------------------------------------------------------------------------
 Aggregate  (cost=632209.79..632209.80 rows=1 width=8) (actual time=37832.954..37832.966 rows=1 loops=1)
   Buffers: shared hit=3631456 read=292942, temp read=1782 written=1782
   ->  Nested Loop  (cost=92828.78..632209.67 rows=47 width=0) (actual time=484.179..37815.076 rows=84344 loops=1)
         Buffers: shared hit=3631456 read=292942, temp read=1782 written=1782
         ->  Seq Scan on info_type it2  (cost=0.00..2.41 rows=1 width=4) (actual time=0.040..0.052 rows=1 loops=1)
               Filter: (id = 7)
               Rows Removed by Filter: 112
               Buffers: shared hit=1
         ->  Nested Loop  (cost=92828.78..632206.79 rows=47 width=4) (actual time=484.138..37795.194 rows=84344 loops=1)
               Buffers: shared hit=3631455 read=292942, temp read=1782 written=1782
               ->  Seq Scan on info_type it1  (cost=0.00..2.41 rows=1 width=4) (actual time=0.009..0.023 rows=1 loops=1)
                     Filter: (id = 3)
                     Rows Removed by Filter: 112
                     Buffers: shared hit=1
               ->  Nested Loop  (cost=92828.78..632203.91 rows=47 width=8) (actual time=484.126..37775.037 rows=84344 loops=1)
                     Buffers: shared hit=3631454 read=292942, temp read=1782 written=1782
                     ->  Hash Join  (cost=92828.35..631944.12 rows=112 width=12) (actual time=484.105..31328.365 rows=182391 loops=1)
                           Hash Cond: (ci.role_id = rt.id)
                           Buffers: shared hit=2915727 read=279105, temp read=1782 written=1782
                           ->  Nested Loop  (cost=92827.19..631938.18 rows=1347 width=16) (actual time=484.009..30859.193 rows=2371176 loops=1)
                                 Buffers: shared hit=2915726 read=279105, temp read=1782 written=1782
                                 ->  Nested Loop  (cost=92826.75..627631.10 rows=94 width=20) (actual time=483.981..7858.124 rows=73346 loops=1)
                                       Buffers: shared hit=503703 read=151072, temp read=1782 written=1782
                                       ->  Hash Join  (cost=92826.31..526861.66 rows=2294 width=12) (actual time=483.936..1751.567 rows=51254 loops=1)
                                             Hash Cond: (mi1.movie_id = t.id)
                                             Buffers: shared hit=13258 read=34109, temp read=1782 written=1782
                                             ->  Bitmap Heap Scan on movie_info mi1  (cost=16464.30..450239.18 rows=63342 width=8) (actual time=43.093..923.726 rows=622280 loops=1)
                                                   Recheck Cond: (info_type_id = 3)
                                                   Filter: ((info)::text = ANY ('{Adventure,Comedy,Drama,Family,Fantasy,Musical,Romance,Thriller}'::text[]))
                                                   Rows Removed by Filter: 911629
                                                   Heap Blocks: exact=9772
                                                   Buffers: shared hit=483 read=10492
                                                   ->  Bitmap Index Scan on info_type_id_movie_info  (cost=0.00..16448.47 rows=1538671 width=0) (actual time=41.904..41.905 rows=1533909 loops=1)
                                                         Index Cond: (info_type_id = 3)
                                                         Buffers: shared read=1203
                                             ->  Hash  (cost=75217.46..75217.46 rows=91564 width=4) (actual time=439.546..439.550 rows=204688 loops=1)
                                                   Buckets: 262144 (originally 131072)  Batches: 2 (originally 1)  Memory Usage: 6145kB
                                                   Buffers: shared hit=12775 read=23617, temp written=299
                                                   ->  Hash Join  (cost=1.13..75217.46 rows=91564 width=4) (actual time=0.043..400.779 rows=204688 loops=1)
                                                         Hash Cond: (t.kind_id = kt.id)
                                                         Buffers: shared hit=12775 read=23617
                                                         ->  Seq Scan on title t  (cost=0.00..74315.95 rows=213650 width=8) (actual time=0.020..374.988 rows=212483 loops=1)
                                                               Filter: ((production_year <= 1970) AND (1950 < production_year))
                                                               Rows Removed by Filter: 2315829
                                                               Buffers: shared hit=12774 read=23617
                                                         ->  Hash  (cost=1.10..1.10 rows=3 width=4) (actual time=0.013..0.014 rows=3 loops=1)
                                                               Buckets: 1024  Batches: 1  Memory Usage: 9kB
                                                               Buffers: shared hit=1
                                                               ->  Seq Scan on kind_type kt  (cost=0.00..1.10 rows=3 width=4) (actual time=0.008..0.009 rows=3 loops=1)
                                                                     Filter: ((kind)::text = ANY ('{episode,movie,"tv movie"}'::text[]))
                                                                     Rows Removed by Filter: 4
                                                                     Buffers: shared hit=1
                                       ->  Index Scan using movie_id_movie_info on movie_info mi2  (cost=0.43..43.92 rows=1 width=8) (actual time=0.078..0.118 rows=1 loops=51254)
                                             Index Cond: (movie_id = t.id)
                                             Filter: ((info_type_id = 7) AND ((info)::text = ANY ('{"OFM:35 mm",PCS:Spherical,"PFM:35 mm","RAT:1.33 : 1","RAT:1.37 : 1","RAT:1.85 : 1","RAT:2.35 : 1"}'::text[])))
                                             Rows Removed by Filter: 16
                                             Buffers: shared hit=490445 read=116963
                                 ->  Index Scan using movie_id_cast_info on cast_info ci  (cost=0.44..45.44 rows=38 width=12) (actual time=0.035..0.304 rows=32 loops=73346)
                                       Index Cond: (movie_id = t.id)
                                       Buffers: shared hit=2412023 read=128033
                           ->  Hash  (cost=1.15..1.15 rows=1 width=4) (actual time=0.017..0.017 rows=1 loops=1)
                                 Buckets: 1024  Batches: 1  Memory Usage: 9kB
                                 Buffers: shared hit=1
                                 ->  Seq Scan on role_type rt  (cost=0.00..1.15 rows=1 width=4) (actual time=0.010..0.011 rows=1 loops=1)
                                       Filter: ((role)::text = 'writer'::text)
                                       Rows Removed by Filter: 11
                                       Buffers: shared hit=1
                     ->  Index Scan using name_pkey on name n  (cost=0.43..2.32 rows=1 width=4) (actual time=0.035..0.035 rows=0 loops=182391)
                           Index Cond: (id = ci.person_id)
                           Filter: ((gender)::text = 'm'::text)
                           Rows Removed by Filter: 1
                           Buffers: shared hit=715727 read=13837
 Planning:
   Buffers: shared hit=521 read=53
 Planning Time: 14.018 ms
 Execution Time: 37833.589 ms
(76 rows)

