                                                                                                            QUERY PLAN                                                                                                            
----------------------------------------------------------------------------------------------------------------------------------------------------------------------------------------------------------------------------------
 Aggregate  (cost=503799.63..503799.64 rows=1 width=8) (actual time=27094.216..27094.225 rows=1 loops=1)
   Buffers: shared hit=2683193 read=106228
   ->  Nested Loop  (cost=65089.87..503799.58 rows=20 width=0) (actual time=270.568..27085.860 rows=35705 loops=1)
         Buffers: shared hit=2683193 read=106228
         ->  Hash Join  (cost=65089.44..503727.68 rows=31 width=4) (actual time=270.535..24616.069 rows=69701 loops=1)
               Hash Cond: (ci.role_id = rt.id)
               Buffers: shared hit=2408785 read=101832
               ->  Nested Loop  (cost=65088.27..503725.84 rows=186 width=8) (actual time=270.299..24450.882 rows=759764 loops=1)
                     Buffers: shared hit=2408784 read=101832
                     ->  Nested Loop  (cost=65087.83..503097.36 rows=13 width=12) (actual time=270.267..11080.766 rows=239486 loops=1)
                           Buffers: shared hit=967073 read=72961
                           ->  Seq Scan on info_type it2  (cost=0.00..2.41 rows=1 width=4) (actual time=0.028..0.038 rows=1 loops=1)
                                 Filter: (id = 7)
                                 Rows Removed by Filter: 112
                                 Buffers: shared hit=1
                           ->  Nested Loop  (cost=65087.83..503094.82 rows=13 width=16) (actual time=270.238..11025.200 rows=239486 loops=1)
                                 Buffers: shared hit=967072 read=72961
                                 ->  Seq Scan on info_type it1  (cost=0.00..2.41 rows=1 width=4) (actual time=0.006..0.020 rows=1 loops=1)
                                       Filter: (id = 3)
                                       Rows Removed by Filter: 112
                                       Buffers: shared hit=1
                                 ->  Nested Loop  (cost=65087.83..503092.27 rows=13 width=20) (actual time=270.229..10964.284 rows=239486 loops=1)
                                       Buffers: shared hit=967071 read=72961
                                       ->  Hash Join  (cost=65087.39..484023.85 rows=417 width=12) (actual time=270.167..1368.269 rows=102762 loops=1)
                                             Hash Cond: (mi1.movie_id = t.id)
                                             Buffers: shared hit=2600 read=21762
                                             ->  Bitmap Heap Scan on movie_info mi1  (cost=16466.26..435131.59 rows=71189 width=8) (actual time=41.646..918.368 rows=656448 loops=1)
                                                   Recheck Cond: (info_type_id = 3)
                                                   Filter: ((info)::text = ANY ('{Adventure,Crime,Documentary,Short,Sport,Thriller,War}'::text[]))
                                                   Rows Removed by Filter: 877461
                                                   Heap Blocks: exact=9772
                                                   Buffers: shared hit=2493 read=8482
                                                   ->  Bitmap Index Scan on info_type_id_movie_info  (cost=0.00..16448.47 rows=1538671 width=0) (actual time=40.446..40.446 rows=1533909 loops=1)
                                                         Index Cond: (info_type_id = 3)
                                                         Buffers: shared read=1203
                                             ->  Hash  (cost=48436.16..48436.16 rows=14797 width=4) (actual time=195.269..195.272 rows=103977 loops=1)
                                                   Buckets: 131072 (originally 16384)  Batches: 1 (originally 1)  Memory Usage: 4680kB
                                                   Buffers: shared hit=107 read=13280
                                                   ->  Nested Loop  (cost=4497.16..48436.16 rows=14797 width=4) (actual time=19.225..180.121 rows=103977 loops=1)
                                                         Buffers: shared hit=107 read=13280
                                                         ->  Seq Scan on kind_type kt  (cost=0.00..1.09 rows=1 width=4) (actual time=0.009..0.012 rows=1 loops=1)
                                                               Filter: ((kind)::text = 'movie'::text)
                                                               Rows Removed by Filter: 6
                                                               Buffers: shared hit=1
                                                         ->  Bitmap Heap Scan on title t  (cost=4497.16..48262.45 rows=17263 width=8) (actual time=19.212..173.517 rows=103977 loops=1)
                                                               Recheck Cond: (kind_id = kt.id)
                                                               Filter: ((production_year <= 1925) AND (1875 < production_year))
                                                               Rows Removed by Filter: 558848
                                                               Heap Blocks: exact=12865
                                                               Buffers: shared hit=106 read=13280
                                                               ->  Bitmap Index Scan on kind_id_title  (cost=0.00..4492.84 rows=421388 width=0) (actual time=16.971..16.971 rows=662825 loops=1)
                                                                     Index Cond: (kind_id = kt.id)
                                                                     Buffers: shared read=521
                                       ->  Index Scan using movie_id_movie_info on movie_info mi2  (cost=0.43..45.72 rows=1 width=8) (actual time=0.058..0.092 rows=2 loops=102762)
                                             Index Cond: (movie_id = t.id)
                                             Filter: ((info_type_id = 7) AND ((info)::text = ANY ('{"MET:100 m","MET:15.2 m","MET:15.24 m","MET:150 m","MET:23 m","OFM:35 mm","OFM:68 mm","PFM:35 mm","RAT:1.33 : 1"}'::text[])))
                                             Rows Removed by Filter: 9
                                             Buffers: shared hit=964471 read=51199
                     ->  Index Scan using movie_id_cast_info on cast_info ci  (cost=0.44..47.96 rows=38 width=12) (actual time=0.033..0.054 rows=3 loops=239486)
                           Index Cond: (movie_id = t.id)
                           Buffers: shared hit=1441711 read=28871
               ->  Hash  (cost=1.15..1.15 rows=2 width=4) (actual time=0.030..0.031 rows=2 loops=1)
                     Buckets: 1024  Batches: 1  Memory Usage: 9kB
                     Buffers: shared hit=1
                     ->  Seq Scan on role_type rt  (cost=0.00..1.15 rows=2 width=4) (actual time=0.022..0.024 rows=2 loops=1)
                           Filter: ((role)::text = ANY ('{editor,writer}'::text[]))
                           Rows Removed by Filter: 10
                           Buffers: shared hit=1
         ->  Index Scan using name_pkey on name n  (cost=0.43..2.32 rows=1 width=4) (actual time=0.035..0.035 rows=1 loops=69701)
               Index Cond: (id = ci.person_id)
               Filter: ((gender)::text = ANY ('{f,m}'::text[]))
               Rows Removed by Filter: 0
               Buffers: shared hit=274408 read=4396
 Planning:
   Buffers: shared hit=529 read=45
 Planning Time: 12.938 ms
 Execution Time: 27095.014 ms
(77 rows)

