                                                                                            QUERY PLAN                                                                                            
--------------------------------------------------------------------------------------------------------------------------------------------------------------------------------------------------
 Aggregate  (cost=565778.37..565778.38 rows=1 width=8) (actual time=1281.059..1281.067 rows=1 loops=1)
   Buffers: shared hit=67215 read=44640
   ->  Nested Loop  (cost=92252.26..565778.15 rows=89 width=0) (actual time=399.208..1280.670 rows=2996 loops=1)
         Buffers: shared hit=67215 read=44640
         ->  Hash Join  (cost=92251.83..565284.09 rows=213 width=4) (actual time=399.179..1169.984 rows=3654 loops=1)
               Hash Cond: (ci.role_id = rt.id)
               Buffers: shared hit=53664 read=43575
               ->  Nested Loop  (cost=92250.65..565278.39 rows=1276 width=8) (actual time=399.114..1167.911 rows=10861 loops=1)
                     Buffers: shared hit=53663 read=43575
                     ->  Nested Loop  (cost=92250.21..561200.41 rows=89 width=12) (actual time=399.086..1034.422 rows=1961 loops=1)
                           Buffers: shared hit=40113 read=41094
                           ->  Seq Scan on info_type it2  (cost=0.00..2.41 rows=1 width=4) (actual time=0.029..0.033 rows=1 loops=1)
                                 Filter: (id = 7)
                                 Rows Removed by Filter: 112
                                 Buffers: shared hit=1
                           ->  Nested Loop  (cost=92250.21..561197.11 rows=89 width=16) (actual time=399.056..1034.054 rows=1961 loops=1)
                                 Buffers: shared hit=40112 read=41094
                                 ->  Seq Scan on info_type it1  (cost=0.00..2.41 rows=1 width=4) (actual time=0.007..0.013 rows=1 loops=1)
                                       Filter: (id = 3)
                                       Rows Removed by Filter: 112
                                       Buffers: shared hit=1
                                 ->  Nested Loop  (cost=92250.21..561193.80 rows=89 width=20) (actual time=399.046..1033.685 rows=1961 loops=1)
                                       Buffers: shared hit=40111 read=41094
                                       ->  Hash Join  (cost=92249.78..450584.63 rows=2518 width=12) (actual time=398.578..765.493 rows=2492 loops=1)
                                             Hash Cond: (mi2.movie_id = t.id)
                                             Buffers: shared hit=13618 read=33923
                                             ->  Bitmap Heap Scan on movie_info mi2  (cost=15887.77..373936.72 rows=69525 width=8) (actual time=39.249..346.307 rows=646976 loops=1)
                                                   Recheck Cond: (info_type_id = 7)
                                                   Filter: ((info)::text = ANY ('{"OFM:35 mm",PCS:Spherical,"PFM:35 mm"}'::text[]))
                                                   Rows Removed by Filter: 754926
                                                   Heap Blocks: exact=10050
                                                   Buffers: shared hit=752 read=10397
                                                   ->  Bitmap Index Scan on info_type_id_movie_info  (cost=0.00..15870.39 rows=1484527 width=0) (actual time=37.987..37.987 rows=1401902 loops=1)
                                                         Index Cond: (info_type_id = 7)
                                                         Buffers: shared read=1099
                                             ->  Hash  (cost=75217.46..75217.46 rows=91564 width=4) (actual time=358.683..358.686 rows=7795 loops=1)
                                                   Buckets: 131072  Batches: 1  Memory Usage: 1299kB
                                                   Buffers: shared hit=12866 read=23526
                                                   ->  Hash Join  (cost=1.13..75217.46 rows=91564 width=4) (actual time=0.129..356.774 rows=7795 loops=1)
                                                         Hash Cond: (t.kind_id = kt.id)
                                                         Buffers: shared hit=12866 read=23526
                                                         ->  Seq Scan on title t  (cost=0.00..74315.95 rows=213650 width=8) (actual time=0.023..343.745 rows=212483 loops=1)
                                                               Filter: ((production_year <= 1970) AND (1950 < production_year))
                                                               Rows Removed by Filter: 2315829
                                                               Buffers: shared hit=12865 read=23526
                                                         ->  Hash  (cost=1.10..1.10 rows=3 width=4) (actual time=0.012..0.014 rows=3 loops=1)
                                                               Buckets: 1024  Batches: 1  Memory Usage: 9kB
                                                               Buffers: shared hit=1
                                                               ->  Seq Scan on kind_type kt  (cost=0.00..1.10 rows=3 width=4) (actual time=0.007..0.008 rows=3 loops=1)
                                                                     Filter: ((kind)::text = ANY ('{"tv series","video game","video movie"}'::text[]))
                                                                     Rows Removed by Filter: 4
                                                                     Buffers: shared hit=1
                                       ->  Index Scan using movie_id_movie_info on movie_info mi1  (cost=0.43..43.92 rows=1 width=8) (actual time=0.104..0.107 rows=1 loops=2492)
                                             Index Cond: (movie_id = t.id)
                                             Filter: ((info_type_id = 3) AND ((info)::text = ANY ('{Comedy,Crime,Documentary,Family,Romance,Short,Western}'::text[])))
                                             Rows Removed by Filter: 24
                                             Buffers: shared hit=26493 read=7171
                     ->  Index Scan using movie_id_cast_info on cast_info ci  (cost=0.44..45.44 rows=38 width=12) (actual time=0.025..0.067 rows=6 loops=1961)
                           Index Cond: (movie_id = t.id)
                           Buffers: shared hit=13550 read=2481
               ->  Hash  (cost=1.15..1.15 rows=2 width=4) (actual time=0.031..0.032 rows=2 loops=1)
                     Buckets: 1024  Batches: 1  Memory Usage: 9kB
                     Buffers: shared hit=1
                     ->  Seq Scan on role_type rt  (cost=0.00..1.15 rows=2 width=4) (actual time=0.023..0.026 rows=2 loops=1)
                           Filter: ((role)::text = ANY ('{actor,director}'::text[]))
                           Rows Removed by Filter: 10
                           Buffers: shared hit=1
         ->  Index Scan using name_pkey on name n  (cost=0.43..2.32 rows=1 width=4) (actual time=0.030..0.030 rows=1 loops=3654)
               Index Cond: (id = ci.person_id)
               Filter: ((gender)::text = 'm'::text)
               Rows Removed by Filter: 0
               Buffers: shared hit=13551 read=1065
 Planning:
   Buffers: shared hit=574
 Planning Time: 13.160 ms
 Execution Time: 1281.558 ms
(76 rows)

