                                                                                                QUERY PLAN                                                                                                
----------------------------------------------------------------------------------------------------------------------------------------------------------------------------------------------------------
 Aggregate  (cost=434104.93..434104.94 rows=1 width=8) (actual time=2887.487..2887.493 rows=1 loops=1)
   Buffers: shared hit=46789 read=75530
   ->  Nested Loop  (cost=74992.35..434104.92 rows=3 width=0) (actual time=398.064..2887.468 rows=22 loops=1)
         Buffers: shared hit=46789 read=75530
         ->  Seq Scan on info_type it2  (cost=0.00..2.41 rows=1 width=4) (actual time=0.047..0.052 rows=1 loops=1)
               Filter: (id = 7)
               Rows Removed by Filter: 112
               Buffers: shared hit=1
         ->  Nested Loop  (cost=74992.35..434102.48 rows=3 width=4) (actual time=398.015..2887.405 rows=22 loops=1)
               Buffers: shared hit=46788 read=75530
               ->  Seq Scan on info_type it1  (cost=0.00..2.41 rows=1 width=4) (actual time=0.012..0.018 rows=1 loops=1)
                     Filter: (id = 3)
                     Rows Removed by Filter: 112
                     Buffers: shared hit=1
               ->  Nested Loop  (cost=74992.35..434100.04 rows=3 width=8) (actual time=398.002..2887.377 rows=22 loops=1)
                     Join Filter: (t.id = mi2.movie_id)
                     Buffers: shared hit=46787 read=75530
                     ->  Nested Loop  (cost=74991.92..430388.37 rows=88 width=16) (actual time=397.982..2871.793 rows=713 loops=1)
                           Join Filter: (t.id = mi1.movie_id)
                           Buffers: shared hit=39399 read=75509
                           ->  Nested Loop  (cost=74991.48..249808.23 rows=4271 width=8) (actual time=397.905..2812.380 rows=1693 loops=1)
                                 Buffers: shared hit=25051 read=73037
                                 ->  Hash Join  (cost=74991.05..207154.58 rows=18389 width=12) (actual time=397.860..2786.757 rows=1693 loops=1)
                                       Hash Cond: (t.kind_id = kt.id)
                                       Buffers: shared hit=20145 read=71171
                                       ->  Hash Join  (cost=74989.94..206882.22 rows=64364 width=16) (actual time=390.804..2776.994 rows=170629 loops=1)
                                             Hash Cond: (ci.movie_id = t.id)
                                             Buffers: shared hit=20144 read=71171
                                             ->  Nested Loop  (cost=0.44..123965.00 rows=3020080 width=8) (actual time=0.238..1703.003 rows=7451973 loops=1)
                                                   Buffers: shared hit=5193 read=49731
                                                   ->  Seq Scan on role_type rt  (cost=0.00..1.15 rows=1 width=4) (actual time=0.009..0.012 rows=1 loops=1)
                                                         Filter: ((role)::text = 'actress'::text)
                                                         Rows Removed by Filter: 11
                                                         Buffers: shared hit=1
                                                   ->  Index Scan using role_id_cast_info on cast_info ci  (cost=0.44..91017.52 rows=3294633 width=12) (actual time=0.224..1115.878 rows=7451973 loops=1)
                                                         Index Cond: (role_id = rt.id)
                                                         Buffers: shared hit=5192 read=49731
                                             ->  Hash  (cost=74315.95..74315.95 rows=53884 width=8) (actual time=390.008..390.009 rows=51669 loops=1)
                                                   Buckets: 65536  Batches: 1  Memory Usage: 2531kB
                                                   Buffers: shared hit=14951 read=21440
                                                   ->  Seq Scan on title t  (cost=0.00..74315.95 rows=53884 width=8) (actual time=0.546..380.575 rows=51669 loops=1)
                                                         Filter: ((production_year <= 1949) AND (1928 < production_year))
                                                         Rows Removed by Filter: 2476643
                                                         Buffers: shared hit=14951 read=21440
                                       ->  Hash  (cost=1.09..1.09 rows=2 width=4) (actual time=0.020..0.021 rows=2 loops=1)
                                             Buckets: 1024  Batches: 1  Memory Usage: 9kB
                                             Buffers: shared hit=1
                                             ->  Seq Scan on kind_type kt  (cost=0.00..1.09 rows=2 width=4) (actual time=0.010..0.012 rows=2 loops=1)
                                                   Filter: ((kind)::text = ANY ('{"tv movie","tv series"}'::text[]))
                                                   Rows Removed by Filter: 5
                                                   Buffers: shared hit=1
                                 ->  Index Scan using name_pkey on name n  (cost=0.43..2.32 rows=1 width=4) (actual time=0.015..0.015 rows=1 loops=1693)
                                       Index Cond: (id = ci.person_id)
                                       Filter: ((gender)::text = 'f'::text)
                                       Buffers: shared hit=4906 read=1866
                           ->  Index Scan using movie_id_movie_info on movie_info mi1  (cost=0.43..42.27 rows=1 width=8) (actual time=0.035..0.035 rows=0 loops=1693)
                                 Index Cond: (movie_id = ci.movie_id)
                                 Filter: ((info_type_id = 3) AND ((info)::text = ANY ('{Animation,Comedy,Crime,Documentary,Musical,Romance}'::text[])))
                                 Rows Removed by Filter: 7
                                 Buffers: shared hit=14348 read=2472
                     ->  Index Scan using movie_id_movie_info on movie_info mi2  (cost=0.43..42.17 rows=1 width=8) (actual time=0.021..0.021 rows=0 loops=713)
                           Index Cond: (movie_id = ci.movie_id)
                           Filter: ((info_type_id = 7) AND ((info)::text = ANY ('{"OFM:35 mm",PCS:Spherical,"PFM:35 mm","RAT:1.37 : 1"}'::text[])))
                           Rows Removed by Filter: 8
                           Buffers: shared hit=7388 read=21
 Planning:
   Buffers: shared hit=574
 Planning Time: 13.848 ms
 Execution Time: 2887.966 ms
(69 rows)

