                                                                                               QUERY PLAN                                                                                               
--------------------------------------------------------------------------------------------------------------------------------------------------------------------------------------------------------
 Aggregate  (cost=645756.84..645756.85 rows=1 width=8) (actual time=9470.701..9470.709 rows=1 loops=1)
   Buffers: shared hit=810246 read=178291
   ->  Nested Loop  (cost=15877.94..645756.64 rows=79 width=0) (actual time=41.415..9469.425 rows=6005 loops=1)
         Buffers: shared hit=810246 read=178291
         ->  Hash Join  (cost=15877.51..645318.26 rows=189 width=4) (actual time=41.328..8514.603 rows=27160 loops=1)
               Hash Cond: (ci.role_id = rt.id)
               Buffers: shared hit=722026 read=157871
               ->  Nested Loop  (cost=15876.33..645313.06 rows=1132 width=8) (actual time=41.109..8495.411 rows=78362 loops=1)
                     Buffers: shared hit=722025 read=157871
                     ->  Nested Loop  (cost=15875.89..641860.94 rows=79 width=12) (actual time=41.073..7524.484 rows=2587 loops=1)
                           Buffers: shared hit=686839 read=109533
                           ->  Seq Scan on info_type it2  (cost=0.00..2.41 rows=1 width=4) (actual time=0.036..0.045 rows=1 loops=1)
                                 Filter: (id = 7)
                                 Rows Removed by Filter: 112
                                 Buffers: shared hit=1
                           ->  Nested Loop  (cost=15875.89..641857.74 rows=79 width=16) (actual time=41.036..7523.662 rows=2587 loops=1)
                                 Buffers: shared hit=686838 read=109533
                                 ->  Seq Scan on info_type it1  (cost=0.00..2.41 rows=1 width=4) (actual time=0.009..0.020 rows=1 loops=1)
                                       Filter: (id = 3)
                                       Rows Removed by Filter: 112
                                       Buffers: shared hit=1
                                 ->  Nested Loop  (cost=15875.89..641854.54 rows=79 width=20) (actual time=41.024..7522.864 rows=2587 loops=1)
                                       Buffers: shared hit=686837 read=109533
                                       ->  Hash Join  (cost=15875.46..441195.94 rows=4751 width=12) (actual time=40.945..4979.399 rows=14215 loops=1)
                                             Hash Cond: (t.kind_id = kt.id)
                                             Buffers: shared hit=524895 read=29887
                                             ->  Nested Loop  (cost=15874.33..441148.08 rows=11085 width=16) (actual time=40.177..4972.443 rows=17135 loops=1)
                                                   Buffers: shared hit=524894 read=29887
                                                   ->  Bitmap Heap Scan on movie_info mi2  (cost=15873.89..358827.00 rows=13992 width=8) (actual time=40.138..480.509 rows=136519 loops=1)
                                                         Recheck Cond: (info_type_id = 7)
                                                         Filter: ((info)::text = ANY ('{"LAB:FotoKem Laboratory, Burbank (CA), USA",PCS:Spherical}'::text[]))
                                                         Rows Removed by Filter: 1265383
                                                         Heap Blocks: exact=10050
                                                         Buffers: shared hit=910 read=10239
                                                         ->  Bitmap Index Scan on info_type_id_movie_info  (cost=0.00..15870.39 rows=1484527 width=0) (actual time=38.575..38.575 rows=1401902 loops=1)
                                                               Index Cond: (info_type_id = 7)
                                                               Buffers: shared read=1099
                                                   ->  Memoize  (cost=0.44..5.98 rows=1 width=8) (actual time=0.033..0.033 rows=0 loops=136519)
                                                         Cache Key: mi2.movie_id
                                                         Cache Mode: logical
                                                         Hits: 611  Misses: 135908  Evictions: 20164  Overflows: 0  Memory Usage: 8193kB
                                                         Buffers: shared hit=523984 read=19648
                                                         ->  Index Scan using title_pkey on title t  (cost=0.43..5.97 rows=1 width=8) (actual time=0.032..0.032 rows=0 loops=135908)
                                                               Index Cond: (id = mi2.movie_id)
                                                               Filter: ((production_year <= 2015) AND (1975 < production_year))
                                                               Rows Removed by Filter: 1
                                                               Buffers: shared hit=523984 read=19648
                                             ->  Hash  (cost=1.10..1.10 rows=3 width=4) (actual time=0.015..0.016 rows=3 loops=1)
                                                   Buckets: 1024  Batches: 1  Memory Usage: 9kB
                                                   Buffers: shared hit=1
                                                   ->  Seq Scan on kind_type kt  (cost=0.00..1.10 rows=3 width=4) (actual time=0.009..0.011 rows=3 loops=1)
                                                         Filter: ((kind)::text = ANY ('{episode,movie,"video movie"}'::text[]))
                                                         Rows Removed by Filter: 4
                                                         Buffers: shared hit=1
                                       ->  Index Scan using movie_id_movie_info on movie_info mi1  (cost=0.43..42.23 rows=1 width=8) (actual time=0.178..0.178 rows=0 loops=14215)
                                             Index Cond: (movie_id = t.id)
                                             Filter: (((info)::text = ANY ('{Family,Short}'::text[])) AND (info_type_id = 3))
                                             Rows Removed by Filter: 59
                                             Buffers: shared hit=161942 read=79646
                     ->  Index Scan using movie_id_cast_info on cast_info ci  (cost=0.44..43.32 rows=38 width=12) (actual time=0.041..0.367 rows=30 loops=2587)
                           Index Cond: (movie_id = t.id)
                           Buffers: shared hit=35186 read=48338
               ->  Hash  (cost=1.15..1.15 rows=2 width=4) (actual time=0.037..0.038 rows=2 loops=1)
                     Buckets: 1024  Batches: 1  Memory Usage: 9kB
                     Buffers: shared hit=1
                     ->  Seq Scan on role_type rt  (cost=0.00..1.15 rows=2 width=4) (actual time=0.028..0.031 rows=2 loops=1)
                           Filter: ((role)::text = ANY ('{"miscellaneous crew",producer}'::text[]))
                           Rows Removed by Filter: 10
                           Buffers: shared hit=1
         ->  Index Scan using name_pkey on name n  (cost=0.43..2.32 rows=1 width=4) (actual time=0.035..0.035 rows=0 loops=27160)
               Index Cond: (id = ci.person_id)
               Filter: ((gender)::text = 'm'::text)
               Rows Removed by Filter: 1
               Buffers: shared hit=88220 read=20420
 Planning:
   Buffers: shared hit=574
 Planning Time: 13.759 ms
 Execution Time: 9473.223 ms
(78 rows)

