                                                                                            QUERY PLAN                                                                                            
--------------------------------------------------------------------------------------------------------------------------------------------------------------------------------------------------
 Aggregate  (cost=459264.67..459264.68 rows=1 width=8) (actual time=720.512..720.519 rows=1 loops=1)
   Buffers: shared hit=21357 read=36910
   ->  Nested Loop  (cost=92238.64..459264.66 rows=4 width=0) (actual time=401.983..720.496 rows=52 loops=1)
         Buffers: shared hit=21357 read=36910
         ->  Hash Join  (cost=92238.21..459241.47 rows=10 width=4) (actual time=401.451..716.482 rows=163 loops=1)
               Hash Cond: (ci.role_id = rt.id)
               Buffers: shared hit=20905 read=36710
               ->  Nested Loop  (cost=92237.03..459240.09 rows=57 width=8) (actual time=401.394..716.335 rows=465 loops=1)
                     Buffers: shared hit=20904 read=36710
                     ->  Nested Loop  (cost=92236.59..459056.81 rows=4 width=12) (actual time=401.365..710.151 rows=119 loops=1)
                           Buffers: shared hit=20574 read=36250
                           ->  Seq Scan on info_type it2  (cost=0.00..2.41 rows=1 width=4) (actual time=0.030..0.034 rows=1 loops=1)
                                 Filter: (id = 7)
                                 Rows Removed by Filter: 112
                                 Buffers: shared hit=1
                           ->  Nested Loop  (cost=92236.59..459054.36 rows=4 width=16) (actual time=401.334..710.092 rows=119 loops=1)
                                 Buffers: shared hit=20573 read=36250
                                 ->  Seq Scan on info_type it1  (cost=0.00..2.41 rows=1 width=4) (actual time=0.008..0.015 rows=1 loops=1)
                                       Filter: (id = 3)
                                       Rows Removed by Filter: 112
                                       Buffers: shared hit=1
                                 ->  Nested Loop  (cost=92236.59..459051.90 rows=4 width=20) (actual time=401.323..710.043 rows=119 loops=1)
                                       Buffers: shared hit=20572 read=36250
                                       ->  Hash Join  (cost=92236.16..435251.13 rows=545 width=12) (actual time=401.238..653.314 rows=669 loops=1)
                                             Hash Cond: (mi2.movie_id = t.id)
                                             Buffers: shared hit=15913 read=31628
                                             ->  Bitmap Heap Scan on movie_info mi2  (cost=15874.15..358827.26 rows=15043 width=8) (actual time=39.366..273.726 rows=147867 loops=1)
                                                   Recheck Cond: (info_type_id = 7)
                                                   Filter: ((info)::text = ANY ('{"OFM:16 mm",PCS:Spherical}'::text[]))
                                                   Rows Removed by Filter: 1254035
                                                   Heap Blocks: exact=10050
                                                   Buffers: shared hit=3260 read=7889
                                                   ->  Bitmap Index Scan on info_type_id_movie_info  (cost=0.00..15870.39 rows=1484527 width=0) (actual time=37.970..37.970 rows=1401902 loops=1)
                                                         Index Cond: (info_type_id = 7)
                                                         Buffers: shared read=1099
                                             ->  Hash  (cost=75217.46..75217.46 rows=91564 width=4) (actual time=361.194..361.197 rows=7795 loops=1)
                                                   Buckets: 131072  Batches: 1  Memory Usage: 1299kB
                                                   Buffers: shared hit=12653 read=23739
                                                   ->  Hash Join  (cost=1.13..75217.46 rows=91564 width=4) (actual time=0.122..359.264 rows=7795 loops=1)
                                                         Hash Cond: (t.kind_id = kt.id)
                                                         Buffers: shared hit=12653 read=23739
                                                         ->  Seq Scan on title t  (cost=0.00..74315.95 rows=213650 width=8) (actual time=0.021..346.374 rows=212483 loops=1)
                                                               Filter: ((production_year <= 1970) AND (1950 < production_year))
                                                               Rows Removed by Filter: 2315829
                                                               Buffers: shared hit=12652 read=23739
                                                         ->  Hash  (cost=1.10..1.10 rows=3 width=4) (actual time=0.012..0.013 rows=3 loops=1)
                                                               Buckets: 1024  Batches: 1  Memory Usage: 9kB
                                                               Buffers: shared hit=1
                                                               ->  Seq Scan on kind_type kt  (cost=0.00..1.10 rows=3 width=4) (actual time=0.008..0.009 rows=3 loops=1)
                                                                     Filter: ((kind)::text = ANY ('{"tv series","video game","video movie"}'::text[]))
                                                                     Rows Removed by Filter: 4
                                                                     Buffers: shared hit=1
                                       ->  Index Scan using movie_id_movie_info on movie_info mi1  (cost=0.43..43.66 rows=1 width=8) (actual time=0.084..0.084 rows=0 loops=669)
                                             Index Cond: (movie_id = t.id)
                                             Filter: (((info)::text = ANY ('{Documentary,Western}'::text[])) AND (info_type_id = 3))
                                             Rows Removed by Filter: 30
                                             Buffers: shared hit=4659 read=4622
                     ->  Index Scan using movie_id_cast_info on cast_info ci  (cost=0.44..45.44 rows=38 width=12) (actual time=0.031..0.051 rows=4 loops=119)
                           Index Cond: (movie_id = t.id)
                           Buffers: shared hit=330 read=460
               ->  Hash  (cost=1.15..1.15 rows=2 width=4) (actual time=0.035..0.036 rows=2 loops=1)
                     Buckets: 1024  Batches: 1  Memory Usage: 9kB
                     Buffers: shared hit=1
                     ->  Seq Scan on role_type rt  (cost=0.00..1.15 rows=2 width=4) (actual time=0.025..0.027 rows=2 loops=1)
                           Filter: ((role)::text = ANY ('{composer,writer}'::text[]))
                           Rows Removed by Filter: 10
                           Buffers: shared hit=1
         ->  Index Scan using name_pkey on name n  (cost=0.43..2.32 rows=1 width=4) (actual time=0.024..0.024 rows=0 loops=163)
               Index Cond: (id = ci.person_id)
               Filter: ((gender)::text = 'm'::text)
               Rows Removed by Filter: 1
               Buffers: shared hit=452 read=200
 Planning:
   Buffers: shared hit=529 read=45
 Planning Time: 13.684 ms
 Execution Time: 721.080 ms
(76 rows)

