                                                                                            QUERY PLAN                                                                                            
--------------------------------------------------------------------------------------------------------------------------------------------------------------------------------------------------
 Aggregate  (cost=588788.04..588788.05 rows=1 width=8) (actual time=8033.322..8033.331 rows=1 loops=1)
   Buffers: shared hit=656125 read=133441, temp read=3961 written=3961
   ->  Nested Loop  (cost=99564.17..588787.97 rows=29 width=0) (actual time=749.378..8033.217 rows=127 loops=1)
         Buffers: shared hit=656125 read=133441, temp read=3961 written=3961
         ->  Seq Scan on info_type it2  (cost=0.00..2.41 rows=1 width=4) (actual time=0.044..0.055 rows=1 loops=1)
               Filter: (id = 7)
               Rows Removed by Filter: 112
               Buffers: shared hit=1
         ->  Nested Loop  (cost=99564.17..588785.26 rows=29 width=4) (actual time=749.333..8033.100 rows=127 loops=1)
               Buffers: shared hit=656124 read=133441, temp read=3961 written=3961
               ->  Seq Scan on info_type it1  (cost=0.00..2.41 rows=1 width=4) (actual time=0.010..0.023 rows=1 loops=1)
                     Filter: (id = 3)
                     Rows Removed by Filter: 112
                     Buffers: shared hit=1
               ->  Nested Loop  (cost=99564.17..588782.56 rows=29 width=8) (actual time=749.320..8033.008 rows=127 loops=1)
                     Buffers: shared hit=656123 read=133441, temp read=3961 written=3961
                     ->  Hash Join  (cost=99563.74..588680.50 rows=44 width=12) (actual time=711.554..8016.509 rows=411 loops=1)
                           Hash Cond: (ci.role_id = rt.id)
                           Buffers: shared hit=655090 read=132830, temp read=3961 written=3961
                           ->  Nested Loop  (cost=99562.57..588677.46 rows=530 width=16) (actual time=700.051..8008.497 rows=41826 loops=1)
                                 Buffers: shared hit=655089 read=132830, temp read=3961 written=3961
                                 ->  Nested Loop  (cost=99562.13..587051.00 rows=37 width=20) (actual time=700.026..7410.654 rows=2563 loops=1)
                                       Buffers: shared hit=641586 read=98142, temp read=3961 written=3961
                                       ->  Hash Join  (cost=99561.70..444164.03 rows=3365 width=12) (actual time=698.512..1232.180 rows=59339 loops=1)
                                             Hash Cond: (mi1.movie_id = t.id)
                                             Buffers: shared hit=18048 read=29319, temp read=3961 written=3961
                                             ->  Bitmap Heap Scan on movie_info mi1  (cost=16456.01..359573.59 rows=30158 width=8) (actual time=42.279..323.713 rows=301840 loops=1)
                                                   Recheck Cond: (info_type_id = 3)
                                                   Filter: ((info)::text = ANY ('{Adult,Drama}'::text[]))
                                                   Rows Removed by Filter: 1232069
                                                   Heap Blocks: exact=9772
                                                   Buffers: shared hit=3352 read=7623
                                                   ->  Bitmap Index Scan on info_type_id_movie_info  (cost=0.00..16448.47 rows=1538671 width=0) (actual time=41.086..41.086 rows=1533909 loops=1)
                                                         Index Cond: (info_type_id = 3)
                                                         Buffers: shared hit=1 read=1202
                                             ->  Hash  (cost=78477.72..78477.72 rows=282078 width=4) (actual time=654.474..654.477 rows=839760 loops=1)
                                                   Buckets: 262144 (originally 262144)  Batches: 8 (originally 2)  Memory Usage: 6145kB
                                                   Buffers: shared hit=14696 read=21696, temp written=2150
                                                   ->  Hash Join  (cost=1.11..78477.72 rows=282078 width=4) (actual time=0.044..528.983 rows=839760 loops=1)
                                                         Hash Cond: (t.kind_id = kt.id)
                                                         Buffers: shared hit=14696 read=21696
                                                         ->  Seq Scan on title t  (cost=0.00..74315.95 rows=987274 width=8) (actual time=0.025..421.390 rows=989787 loops=1)
                                                               Filter: ((production_year <= 2010) AND (2000 < production_year))
                                                               Rows Removed by Filter: 1538525
                                                               Buffers: shared hit=14695 read=21696
                                                         ->  Hash  (cost=1.09..1.09 rows=2 width=4) (actual time=0.012..0.013 rows=2 loops=1)
                                                               Buckets: 1024  Batches: 1  Memory Usage: 9kB
                                                               Buffers: shared hit=1
                                                               ->  Seq Scan on kind_type kt  (cost=0.00..1.09 rows=2 width=4) (actual time=0.007..0.008 rows=2 loops=1)
                                                                     Filter: ((kind)::text = ANY ('{episode,movie}'::text[]))
                                                                     Rows Removed by Filter: 5
                                                                     Buffers: shared hit=1
                                       ->  Index Scan using movie_id_movie_info on movie_info mi2  (cost=0.43..42.45 rows=1 width=8) (actual time=0.102..0.104 rows=0 loops=59339)
                                             Index Cond: (movie_id = t.id)
                                             Filter: ((info_type_id = 7) AND ((info)::text = ANY ('{PFM:Video,"RAT:1.33 : 1","RAT:16:9 HD"}'::text[])))
                                             Rows Removed by Filter: 18
                                             Buffers: shared hit=623538 read=68823
                                 ->  Index Scan using movie_id_cast_info on cast_info ci  (cost=0.44..43.58 rows=38 width=12) (actual time=0.041..0.228 rows=16 loops=2563)
                                       Index Cond: (movie_id = t.id)
                                       Buffers: shared hit=13503 read=34688
                           ->  Hash  (cost=1.15..1.15 rows=1 width=4) (actual time=0.018..0.019 rows=1 loops=1)
                                 Buckets: 1024  Batches: 1  Memory Usage: 9kB
                                 Buffers: shared hit=1
                                 ->  Seq Scan on role_type rt  (cost=0.00..1.15 rows=1 width=4) (actual time=0.011..0.012 rows=1 loops=1)
                                       Filter: ((role)::text = 'production designer'::text)
                                       Rows Removed by Filter: 11
                                       Buffers: shared hit=1
                     ->  Index Scan using name_pkey on name n  (cost=0.43..2.32 rows=1 width=4) (actual time=0.039..0.039 rows=0 loops=411)
                           Index Cond: (id = ci.person_id)
                           Filter: ((gender)::text = ANY ('{f,m}'::text[]))
                           Rows Removed by Filter: 1
                           Buffers: shared hit=1033 read=611
 Planning:
   Buffers: shared hit=574
 Planning Time: 12.847 ms
 Execution Time: 8033.971 ms
(76 rows)

