                                                                                            QUERY PLAN                                                                                            
--------------------------------------------------------------------------------------------------------------------------------------------------------------------------------------------------
 Aggregate  (cost=533567.67..533567.68 rows=1 width=8) (actual time=19521.151..19521.161 rows=1 loops=1)
   Buffers: shared hit=1654427 read=350862, temp read=1746 written=1746
   ->  Nested Loop  (cost=96911.50..533567.65 rows=9 width=0) (actual time=583.050..19518.848 rows=8245 loops=1)
         Buffers: shared hit=1654427 read=350862, temp read=1746 written=1746
         ->  Seq Scan on info_type it2  (cost=0.00..2.41 rows=1 width=4) (actual time=0.045..0.055 rows=1 loops=1)
               Filter: (id = 7)
               Rows Removed by Filter: 112
               Buffers: shared hit=1
         ->  Nested Loop  (cost=96911.50..533565.15 rows=9 width=4) (actual time=583.004..19516.630 rows=8245 loops=1)
               Buffers: shared hit=1654426 read=350862, temp read=1746 written=1746
               ->  Seq Scan on info_type it1  (cost=0.00..2.41 rows=1 width=4) (actual time=0.009..0.021 rows=1 loops=1)
                     Filter: (id = 3)
                     Rows Removed by Filter: 112
                     Buffers: shared hit=1
               ->  Nested Loop  (cost=96911.50..533562.65 rows=9 width=8) (actual time=582.991..19514.596 rows=8245 loops=1)
                     Buffers: shared hit=1654425 read=350862, temp read=1746 written=1746
                     ->  Hash Join  (cost=96911.07..533472.18 rows=39 width=12) (actual time=581.300..15759.432 rows=108825 loops=1)
                           Hash Cond: (ci.role_id = rt.id)
                           Buffers: shared hit=1245108 read=324879, temp read=1746 written=1746
                           ->  Nested Loop  (cost=96909.91..533469.35 rows=473 width=16) (actual time=581.047..15563.347 rows=1074648 loops=1)
                                 Buffers: shared hit=1245107 read=324879, temp read=1746 written=1746
                                 ->  Nested Loop  (cost=96909.47..532005.01 rows=33 width=20) (actual time=581.008..5319.766 rows=29091 loops=1)
                                       Buffers: shared hit=250680 read=182689, temp read=1746 written=1746
                                       ->  Hash Join  (cost=96909.03..471351.41 rows=1419 width=12) (actual time=580.963..1227.860 rows=32638 loops=1)
                                             Hash Cond: (mi1.movie_id = t.id)
                                             Buffers: shared hit=35 read=47332, temp read=1746 written=1746
                                             ->  Bitmap Heap Scan on movie_info mi1  (cost=16452.30..389788.98 rows=15335 width=8) (actual time=42.042..545.170 rows=147530 loops=1)
                                                   Recheck Cond: (info_type_id = 3)
                                                   Filter: ((info)::text = ANY ('{Action,Family,Musical,Romance}'::text[]))
                                                   Rows Removed by Filter: 1386379
                                                   Heap Blocks: exact=9772
                                                   Buffers: shared hit=34 read=10941
                                                   ->  Bitmap Index Scan on info_type_id_movie_info  (cost=0.00..16448.47 rows=1538671 width=0) (actual time=40.844..40.844 rows=1533909 loops=1)
                                                         Index Cond: (info_type_id = 3)
                                                         Buffers: shared read=1203
                                             ->  Hash  (cost=76617.93..76617.93 rows=233984 width=4) (actual time=537.360..537.364 rows=504538 loops=1)
                                                   Buckets: 262144 (originally 262144)  Batches: 4 (originally 2)  Memory Usage: 6483kB
                                                   Buffers: shared hit=1 read=36391, temp written=1107
                                                   ->  Hash Join  (cost=1.13..76617.93 rows=233984 width=4) (actual time=0.047..454.001 rows=504538 loops=1)
                                                         Hash Cond: (t.kind_id = kt.id)
                                                         Buffers: shared hit=1 read=36391
                                                         ->  Seq Scan on title t  (cost=0.00..74315.95 rows=545963 width=8) (actual time=0.020..390.499 rows=538239 loops=1)
                                                               Filter: ((production_year <= 1990) AND (1950 < production_year))
                                                               Rows Removed by Filter: 1990073
                                                               Buffers: shared read=36391
                                                         ->  Hash  (cost=1.10..1.10 rows=3 width=4) (actual time=0.012..0.013 rows=3 loops=1)
                                                               Buckets: 1024  Batches: 1  Memory Usage: 9kB
                                                               Buffers: shared hit=1
                                                               ->  Seq Scan on kind_type kt  (cost=0.00..1.10 rows=3 width=4) (actual time=0.007..0.008 rows=3 loops=1)
                                                                     Filter: ((kind)::text = ANY ('{episode,movie,"tv movie"}'::text[]))
                                                                     Rows Removed by Filter: 4
                                                                     Buffers: shared hit=1
                                       ->  Index Scan using movie_id_movie_info on movie_info mi2  (cost=0.43..42.73 rows=1 width=8) (actual time=0.085..0.125 rows=1 loops=32638)
                                             Index Cond: (movie_id = t.id)
                                             Filter: ((info_type_id = 7) AND ((info)::text = ANY ('{"OFM:35 mm","PFM:35 mm","RAT:2.35 : 1"}'::text[])))
                                             Rows Removed by Filter: 20
                                             Buffers: shared hit=250645 read=135357
                                 ->  Index Scan using movie_id_cast_info on cast_info ci  (cost=0.44..43.99 rows=38 width=12) (actual time=0.034..0.342 rows=37 loops=29091)
                                       Index Cond: (movie_id = t.id)
                                       Buffers: shared hit=994427 read=142190
                           ->  Hash  (cost=1.15..1.15 rows=1 width=4) (actual time=0.017..0.018 rows=1 loops=1)
                                 Buckets: 1024  Batches: 1  Memory Usage: 9kB
                                 Buffers: shared hit=1
                                 ->  Seq Scan on role_type rt  (cost=0.00..1.15 rows=1 width=4) (actual time=0.010..0.011 rows=1 loops=1)
                                       Filter: ((role)::text = 'miscellaneous crew'::text)
                                       Rows Removed by Filter: 11
                                       Buffers: shared hit=1
                     ->  Index Scan using name_pkey on name n  (cost=0.43..2.32 rows=1 width=4) (actual time=0.034..0.034 rows=0 loops=108825)
                           Index Cond: (id = ci.person_id)
                           Filter: ((gender)::text = 'f'::text)
                           Rows Removed by Filter: 1
                           Buffers: shared hit=409317 read=25983
 Planning:
   Buffers: shared hit=480 read=94
 Planning Time: 13.869 ms
 Execution Time: 19521.789 ms
(76 rows)

