                                                                                                    QUERY PLAN                                                                                                     
-------------------------------------------------------------------------------------------------------------------------------------------------------------------------------------------------------------------
 Aggregate  (cost=626602.56..626602.57 rows=1 width=8) (actual time=1265.682..1265.691 rows=1 loops=1)
   Buffers: shared hit=48470 read=53224, temp read=640 written=640
   ->  Nested Loop  (cost=95638.75..626602.49 rows=28 width=0) (actual time=1031.813..1265.680 rows=4 loops=1)
         Buffers: shared hit=48470 read=53224, temp read=640 written=640
         ->  Seq Scan on info_type it2  (cost=0.00..2.41 rows=1 width=4) (actual time=0.045..0.055 rows=1 loops=1)
               Filter: (id = 7)
               Rows Removed by Filter: 112
               Buffers: shared hit=1
         ->  Nested Loop  (cost=95638.75..626599.80 rows=28 width=4) (actual time=1031.765..1265.621 rows=4 loops=1)
               Buffers: shared hit=48469 read=53224, temp read=640 written=640
               ->  Seq Scan on info_type it1  (cost=0.00..2.41 rows=1 width=4) (actual time=0.009..0.022 rows=1 loops=1)
                     Filter: (id = 3)
                     Rows Removed by Filter: 112
                     Buffers: shared hit=1
               ->  Nested Loop  (cost=95638.75..626597.10 rows=28 width=8) (actual time=1031.753..1265.593 rows=4 loops=1)
                     Buffers: shared hit=48468 read=53224, temp read=640 written=640
                     ->  Hash Join  (cost=95638.32..626316.44 rows=121 width=12) (actual time=536.989..1261.264 rows=206 loops=1)
                           Hash Cond: (ci.role_id = rt.id)
                           Buffers: shared hit=47837 read=53031, temp read=640 written=640
                           ->  Nested Loop  (cost=95637.15..626310.13 rows=1448 width=16) (actual time=497.976..1260.076 rows=10354 loops=1)
                                 Buffers: shared hit=47836 read=53031, temp read=640 written=640
                                 ->  Nested Loop  (cost=95636.71..621828.36 rows=101 width=20) (actual time=497.939..1185.563 rows=470 loops=1)
                                       Buffers: shared hit=39550 read=50022, temp read=640 written=640
                                       ->  Hash Join  (cost=95636.28..515400.98 rows=2478 width=12) (actual time=482.657..908.127 rows=4545 loops=1)
                                             Hash Cond: (mi1.movie_id = t.id)
                                             Buffers: shared hit=6688 read=40679, temp read=640 written=640
                                             ->  Bitmap Heap Scan on movie_info mi1  (cost=16458.51..435123.84 rows=40159 width=8) (actual time=43.212..428.011 rows=365802 loops=1)
                                                   Recheck Cond: (info_type_id = 3)
                                                   Filter: ((info)::text = ANY ('{Action,Adventure,Documentary,Family,History,Music,Thriller}'::text[]))
                                                   Rows Removed by Filter: 1168107
                                                   Heap Blocks: exact=9772
                                                   Buffers: shared hit=1399 read=9576
                                                   ->  Bitmap Index Scan on info_type_id_movie_info  (cost=0.00..16448.47 rows=1538671 width=0) (actual time=42.017..42.017 rows=1533909 loops=1)
                                                         Index Cond: (info_type_id = 3)
                                                         Buffers: shared read=1203
                                             ->  Hash  (cost=76617.91..76617.91 rows=155989 width=4) (actual time=402.256..402.259 rows=9805 loops=1)
                                                   Buckets: 262144  Batches: 2  Memory Usage: 2220kB
                                                   Buffers: shared hit=5289 read=31103, temp written=14
                                                   ->  Hash Join  (cost=1.11..76617.91 rows=155989 width=4) (actual time=242.571..400.219 rows=9805 loops=1)
                                                         Hash Cond: (t.kind_id = kt.id)
                                                         Buffers: shared hit=5289 read=31103
                                                         ->  Seq Scan on title t  (cost=0.00..74315.95 rows=545963 width=8) (actual time=0.026..370.324 rows=538239 loops=1)
                                                               Filter: ((production_year <= 1990) AND (1950 < production_year))
                                                               Rows Removed by Filter: 1990073
                                                               Buffers: shared hit=5288 read=31103
                                                         ->  Hash  (cost=1.09..1.09 rows=2 width=4) (actual time=0.012..0.013 rows=2 loops=1)
                                                               Buckets: 1024  Batches: 1  Memory Usage: 9kB
                                                               Buffers: shared hit=1
                                                               ->  Seq Scan on kind_type kt  (cost=0.00..1.09 rows=2 width=4) (actual time=0.007..0.008 rows=2 loops=1)
                                                                     Filter: ((kind)::text = ANY ('{"video game","video movie"}'::text[]))
                                                                     Rows Removed by Filter: 5
                                                                     Buffers: shared hit=1
                                       ->  Index Scan using movie_id_movie_info on movie_info mi2  (cost=0.43..42.94 rows=1 width=8) (actual time=0.057..0.061 rows=0 loops=4545)
                                             Index Cond: (movie_id = t.id)
                                             Filter: ((info_type_id = 7) AND ((info)::text = ANY ('{"OFM:35 mm",PCS:Spherical,"PFM:35 mm","RAT:1.33 : 1","RAT:1.37 : 1","RAT:1.85 : 1","RAT:2.35 : 1"}'::text[])))
                                             Rows Removed by Filter: 9
                                             Buffers: shared hit=32862 read=9343
                                 ->  Index Scan using movie_id_cast_info on cast_info ci  (cost=0.44..43.99 rows=38 width=12) (actual time=0.025..0.155 rows=22 loops=470)
                                       Index Cond: (movie_id = t.id)
                                       Buffers: shared hit=8286 read=3009
                           ->  Hash  (cost=1.15..1.15 rows=1 width=4) (actual time=0.016..0.017 rows=1 loops=1)
                                 Buckets: 1024  Batches: 1  Memory Usage: 9kB
                                 Buffers: shared hit=1
                                 ->  Seq Scan on role_type rt  (cost=0.00..1.15 rows=1 width=4) (actual time=0.010..0.011 rows=1 loops=1)
                                       Filter: ((role)::text = 'composer'::text)
                                       Rows Removed by Filter: 11
                                       Buffers: shared hit=1
                     ->  Index Scan using name_pkey on name n  (cost=0.43..2.32 rows=1 width=4) (actual time=0.021..0.021 rows=0 loops=206)
                           Index Cond: (id = ci.person_id)
                           Filter: ((gender)::text = 'f'::text)
                           Rows Removed by Filter: 1
                           Buffers: shared hit=631 read=193
 Planning:
   Buffers: shared hit=483 read=91
 Planning Time: 14.550 ms
 Execution Time: 1266.273 ms
(76 rows)

