                                                                                                  QUERY PLAN                                                                                                  
--------------------------------------------------------------------------------------------------------------------------------------------------------------------------------------------------------------
 Aggregate  (cost=907175.02..907175.03 rows=1 width=8) (actual time=40769.407..40769.416 rows=1 loops=1)
   Buffers: shared hit=3462461 read=640378, temp read=5245 written=5197
   ->  Nested Loop  (cost=861926.15..907174.10 rows=370 width=0) (actual time=1024.128..40749.863 rows=98610 loops=1)
         Buffers: shared hit=3462461 read=640378, temp read=5245 written=5197
         ->  Seq Scan on info_type it2  (cost=0.00..2.41 rows=1 width=4) (actual time=0.049..0.058 rows=1 loops=1)
               Filter: (id = 7)
               Rows Removed by Filter: 112
               Buffers: shared hit=1
         ->  Nested Loop  (cost=861926.15..907167.99 rows=370 width=4) (actual time=1024.078..40728.007 rows=98610 loops=1)
               Buffers: shared hit=3462460 read=640378, temp read=5245 written=5197
               ->  Seq Scan on info_type it1  (cost=0.00..2.41 rows=1 width=4) (actual time=0.009..0.021 rows=1 loops=1)
                     Filter: (id = 3)
                     Rows Removed by Filter: 112
                     Buffers: shared hit=1
               ->  Nested Loop  (cost=861926.15..907161.87 rows=370 width=8) (actual time=1024.067..40706.487 rows=98610 loops=1)
                     Buffers: shared hit=3462459 read=640378, temp read=5245 written=5197
                     ->  Hash Join  (cost=861925.72..905116.06 rows=882 width=12) (actual time=1023.908..27347.657 rows=368669 loops=1)
                           Hash Cond: (ci.role_id = rt.id)
                           Buffers: shared hit=2102437 read=525724, temp read=5245 written=5197
                           ->  Nested Loop  (cost=861924.55..905096.09 rows=5289 width=16) (actual time=1023.782..26923.855 rows=1861352 loops=1)
                                 Buffers: shared hit=2102436 read=525724, temp read=5245 written=5197
                                 ->  Nested Loop  (cost=861924.11..888985.67 rows=369 width=20) (actual time=1023.754..6617.261 rows=62326 loops=1)
                                       Buffers: shared hit=589338 read=38110, temp read=5245 written=5197
                                       ->  Nested Loop  (cost=861923.97..888964.01 rows=861 width=24) (actual time=1023.568..6545.299 rows=84274 loops=1)
                                             Buffers: shared hit=589326 read=38110, temp read=5245 written=5197
                                             ->  Merge Join  (cost=861923.54..862477.92 rows=6794 width=16) (actual time=1023.520..1377.777 rows=151328 loops=1)
                                                   Merge Cond: (mi1.movie_id = mi2.movie_id)
                                                   Buffers: shared hit=8347 read=13777, temp read=5245 written=5197
                                                   ->  Sort  (cost=439390.13..439525.66 rows=54212 width=8) (actual time=552.142..641.717 rows=535418 loops=1)
                                                         Sort Key: mi1.movie_id
                                                         Sort Method: external sort  Disk: 11576kB
                                                         Buffers: shared hit=5167 read=5808, temp read=2888 written=2895
                                                         ->  Bitmap Heap Scan on movie_info mi1  (cost=16462.02..435127.35 rows=54212 width=8) (actual time=42.545..417.892 rows=535451 loops=1)
                                                               Recheck Cond: (info_type_id = 3)
                                                               Filter: ((info)::text = ANY ('{Biography,Documentary,Drama,Family,Fantasy,Horror,Sci-Fi}'::text[]))
                                                               Rows Removed by Filter: 998458
                                                               Heap Blocks: exact=9772
                                                               Buffers: shared hit=5167 read=5808
                                                               ->  Bitmap Index Scan on info_type_id_movie_info  (cost=0.00..16448.47 rows=1538671 width=0) (actual time=41.339..41.339 rows=1533909 loops=1)
                                                                     Index Cond: (info_type_id = 3)
                                                                     Buffers: shared read=1203
                                                   ->  Sort  (cost=422533.41..422641.10 rows=43077 width=8) (actual time=471.367..551.605 rows=436082 loops=1)
                                                         Sort Key: mi2.movie_id
                                                         Sort Method: external sort  Disk: 9200kB
                                                         Buffers: shared hit=3180 read=7969, temp read=2327 written=2302
                                                         ->  Bitmap Heap Scan on movie_info mi2  (cost=15881.16..419217.64 rows=43077 width=8) (actual time=32.927..365.104 rows=425955 loops=1)
                                                               Recheck Cond: (info_type_id = 7)
                                                               Filter: ((info)::text = ANY ('{PCS:(anamorphic),PCS:Spherical,PFM:Video,"RAT:1.33 : 1","RAT:1.66 : 1","RAT:1.78 : 1"}'::text[]))
                                                               Rows Removed by Filter: 975947
                                                               Heap Blocks: exact=10050
                                                               Buffers: shared hit=3180 read=7969
                                                               ->  Bitmap Index Scan on info_type_id_movie_info  (cost=0.00..15870.39 rows=1484527 width=0) (actual time=31.700..31.700 rows=1401902 loops=1)
                                                                     Index Cond: (info_type_id = 7)
                                                                     Buffers: shared hit=1 read=1098
                                             ->  Index Scan using title_pkey on title t  (cost=0.43..3.90 rows=1 width=8) (actual time=0.034..0.034 rows=1 loops=151328)
                                                   Index Cond: (id = mi1.movie_id)
                                                   Filter: ((production_year <= 2015) AND (1925 < production_year))
                                                   Rows Removed by Filter: 0
                                                   Buffers: shared hit=580979 read=24333
                                       ->  Memoize  (cost=0.14..0.16 rows=1 width=4) (actual time=0.000..0.000 rows=1 loops=84274)
                                             Cache Key: t.kind_id
                                             Cache Mode: logical
                                             Hits: 84268  Misses: 6  Evictions: 0  Overflows: 0  Memory Usage: 1kB
                                             Buffers: shared hit=12
                                             ->  Index Scan using kind_type_pkey on kind_type kt  (cost=0.13..0.15 rows=1 width=4) (actual time=0.009..0.009 rows=0 loops=6)
                                                   Index Cond: (id = t.kind_id)
                                                   Filter: ((kind)::text = ANY ('{episode,movie,"video movie"}'::text[]))
                                                   Rows Removed by Filter: 0
                                                   Buffers: shared hit=12
                                 ->  Index Scan using movie_id_cast_info on cast_info ci  (cost=0.44..43.28 rows=38 width=12) (actual time=0.036..0.317 rows=30 loops=62326)
                                       Index Cond: (movie_id = t.id)
                                       Buffers: shared hit=1513098 read=487614
                           ->  Hash  (cost=1.15..1.15 rows=2 width=4) (actual time=0.020..0.021 rows=2 loops=1)
                                 Buckets: 1024  Batches: 1  Memory Usage: 9kB
                                 Buffers: shared hit=1
                                 ->  Seq Scan on role_type rt  (cost=0.00..1.15 rows=2 width=4) (actual time=0.011..0.014 rows=2 loops=1)
                                       Filter: ((role)::text = ANY ('{"miscellaneous crew",writer}'::text[]))
                                       Rows Removed by Filter: 10
                                       Buffers: shared hit=1
                     ->  Index Scan using name_pkey on name n  (cost=0.43..2.32 rows=1 width=4) (actual time=0.036..0.036 rows=0 loops=368669)
                           Index Cond: (id = ci.person_id)
                           Filter: ((gender)::text = 'm'::text)
                           Rows Removed by Filter: 1
                           Buffers: shared hit=1360022 read=114654
 Planning:
   Buffers: shared hit=481 read=93
 Planning Time: 13.842 ms
 Execution Time: 40776.691 ms
(88 rows)

