                                                                                            QUERY PLAN                                                                                             
---------------------------------------------------------------------------------------------------------------------------------------------------------------------------------------------------
 Aggregate  (cost=657920.08..657920.09 rows=1 width=8) (actual time=74461.951..74461.959 rows=1 loops=1)
   Buffers: shared hit=6998573 read=668061, temp read=2278 written=2278
   ->  Nested Loop  (cost=95342.82..657919.99 rows=36 width=0) (actual time=1115.049..74461.134 rows=1493 loops=1)
         Buffers: shared hit=6998573 read=668061, temp read=2278 written=2278
         ->  Seq Scan on info_type it2  (cost=0.00..2.41 rows=1 width=4) (actual time=0.042..0.053 rows=1 loops=1)
               Filter: (id = 7)
               Rows Removed by Filter: 112
               Buffers: shared hit=1
         ->  Nested Loop  (cost=95342.82..657917.22 rows=36 width=4) (actual time=1115.005..74460.536 rows=1493 loops=1)
               Buffers: shared hit=6998572 read=668061, temp read=2278 written=2278
               ->  Seq Scan on info_type it1  (cost=0.00..2.41 rows=1 width=4) (actual time=0.009..0.022 rows=1 loops=1)
                     Filter: (id = 3)
                     Rows Removed by Filter: 112
                     Buffers: shared hit=1
               ->  Nested Loop  (cost=95342.82..657914.45 rows=36 width=8) (actual time=1114.992..74459.907 rows=1493 loops=1)
                     Buffers: shared hit=6998571 read=668061, temp read=2278 written=2278
                     ->  Hash Join  (cost=95342.39..657559.56 rows=153 width=12) (actual time=548.797..72350.343 rows=55606 loops=1)
                           Hash Cond: (ci.role_id = rt.id)
                           Buffers: shared hit=6784360 read=659848, temp read=2278 written=2278
                           ->  Nested Loop  (cost=95341.22..657551.88 rows=1835 width=16) (actual time=546.957..71753.151 rows=2935934 loops=1)
                                 Buffers: shared hit=6784359 read=659848, temp read=2278 written=2278
                                 ->  Nested Loop  (cost=95340.78..651848.93 rows=128 width=20) (actual time=546.930..35129.151 rows=339147 loops=1)
                                       Buffers: shared hit=3143041 read=393814, temp read=2278 written=2278
                                       ->  Hash Join  (cost=95340.35..515046.31 rows=3180 width=12) (actual time=537.998..1811.799 rows=316684 loops=1)
                                             Hash Cond: (mi2.movie_id = t.id)
                                             Buffers: shared hit=11105 read=36436, temp read=2278 written=2278
                                             ->  Bitmap Heap Scan on movie_info mi2  (cost=15880.64..434312.97 rows=41025 width=8) (actual time=38.227..876.363 rows=410444 loops=1)
                                                   Recheck Cond: (info_type_id = 7)
                                                   Filter: ((info)::text = ANY ('{"MET:15.24 m","MET:1500 m",PCS:Spherical,"RAT:1.20 : 1","RAT:1.33 : 1","RAT:1.36 : 1","RAT:1.37 : 1"}'::text[]))
                                                   Rows Removed by Filter: 991458
                                                   Heap Blocks: exact=10050
                                                   Buffers: shared hit=5817 read=5332
                                                   ->  Bitmap Index Scan on info_type_id_movie_info  (cost=0.00..15870.39 rows=1484527 width=0) (actual time=36.965..36.965 rows=1401902 loops=1)
                                                         Index Cond: (info_type_id = 7)
                                                         Buffers: shared hit=1099
                                             ->  Hash  (cost=76244.10..76244.10 rows=195968 width=4) (actual time=498.714..498.717 rows=439726 loops=1)
                                                   Buckets: 262144 (originally 262144)  Batches: 4 (originally 2)  Memory Usage: 6145kB
                                                   Buffers: shared hit=5288 read=31104, temp written=966
                                                   ->  Hash Join  (cost=1.13..76244.10 rows=195968 width=4) (actual time=0.035..425.950 rows=439726 loops=1)
                                                         Hash Cond: (t.kind_id = kt.id)
                                                         Buffers: shared hit=5288 read=31104
                                                         ->  Seq Scan on title t  (cost=0.00..74315.95 rows=457258 width=8) (actual time=0.015..373.556 rows=451569 loops=1)
                                                               Filter: ((production_year <= 1975) AND (1875 < production_year))
                                                               Rows Removed by Filter: 2076743
                                                               Buffers: shared hit=5287 read=31104
                                                         ->  Hash  (cost=1.10..1.10 rows=3 width=4) (actual time=0.012..0.013 rows=3 loops=1)
                                                               Buckets: 1024  Batches: 1  Memory Usage: 9kB
                                                               Buffers: shared hit=1
                                                               ->  Seq Scan on kind_type kt  (cost=0.00..1.10 rows=3 width=4) (actual time=0.007..0.008 rows=3 loops=1)
                                                                     Filter: ((kind)::text = ANY ('{episode,movie,"tv movie"}'::text[]))
                                                                     Rows Removed by Filter: 4
                                                                     Buffers: shared hit=1
                                       ->  Index Scan using movie_id_movie_info on movie_info mi1  (cost=0.43..43.01 rows=1 width=8) (actual time=0.104..0.104 rows=1 loops=316684)
                                             Index Cond: (movie_id = t.id)
                                             Filter: ((info_type_id = 3) AND ((info)::text = ANY ('{Comedy,Documentary,Drama,History,Short,Sport}'::text[])))
                                             Rows Removed by Filter: 13
                                             Buffers: shared hit=3131936 read=357378
                                 ->  Index Scan using movie_id_cast_info on cast_info ci  (cost=0.44..44.17 rows=38 width=12) (actual time=0.034..0.105 rows=9 loops=339147)
                                       Index Cond: (movie_id = t.id)
                                       Buffers: shared hit=3641318 read=266034
                           ->  Hash  (cost=1.15..1.15 rows=1 width=4) (actual time=0.017..0.018 rows=1 loops=1)
                                 Buckets: 1024  Batches: 1  Memory Usage: 9kB
                                 Buffers: shared hit=1
                                 ->  Seq Scan on role_type rt  (cost=0.00..1.15 rows=1 width=4) (actual time=0.011..0.012 rows=1 loops=1)
                                       Filter: ((role)::text = 'editor'::text)
                                       Rows Removed by Filter: 11
                                       Buffers: shared hit=1
                     ->  Index Scan using name_pkey on name n  (cost=0.43..2.32 rows=1 width=4) (actual time=0.037..0.037 rows=0 loops=55606)
                           Index Cond: (id = ci.person_id)
                           Filter: ((gender)::text = 'f'::text)
                           Rows Removed by Filter: 1
                           Buffers: shared hit=214211 read=8213
 Planning:
   Buffers: shared hit=574
 Planning Time: 13.961 ms
 Execution Time: 74462.586 ms
(76 rows)

