                                                                                            QUERY PLAN                                                                                            
--------------------------------------------------------------------------------------------------------------------------------------------------------------------------------------------------
 Aggregate  (cost=476823.16..476823.17 rows=1 width=8) (actual time=974.240..974.247 rows=1 loops=1)
   Buffers: shared hit=22960 read=52696
   ->  Nested Loop  (cost=92819.23..476823.08 rows=33 width=0) (actual time=440.351..974.129 rows=756 loops=1)
         Buffers: shared hit=22960 read=52696
         ->  Hash Join  (cost=92818.80..476707.10 rows=50 width=4) (actual time=440.293..938.381 rows=1225 loops=1)
               Hash Cond: (ci.role_id = rt.id)
               Buffers: shared hit=18875 read=51881
               ->  Nested Loop  (cost=92817.62..476704.86 rows=301 width=8) (actual time=440.232..937.664 rows=3390 loops=1)
                     Buffers: shared hit=18874 read=51881
                     ->  Nested Loop  (cost=92817.18..475742.64 rows=21 width=12) (actual time=440.171..893.310 rows=741 loops=1)
                           Buffers: shared hit=14788 read=50605
                           ->  Seq Scan on info_type it2  (cost=0.00..2.41 rows=1 width=4) (actual time=0.023..0.027 rows=1 loops=1)
                                 Filter: (id = 7)
                                 Rows Removed by Filter: 112
                                 Buffers: shared hit=1
                           ->  Nested Loop  (cost=92817.18..475740.02 rows=21 width=16) (actual time=440.146..893.167 rows=741 loops=1)
                                 Buffers: shared hit=14787 read=50605
                                 ->  Seq Scan on info_type it1  (cost=0.00..2.41 rows=1 width=4) (actual time=0.008..0.014 rows=1 loops=1)
                                       Filter: (id = 3)
                                       Rows Removed by Filter: 112
                                       Buffers: shared hit=1
                                 ->  Nested Loop  (cost=92817.18..475737.40 rows=21 width=20) (actual time=440.135..893.028 rows=741 loops=1)
                                       Buffers: shared hit=14786 read=50605
                                       ->  Hash Join  (cost=92816.75..436037.46 rows=908 width=12) (actual time=439.017..723.604 rows=1642 loops=1)
                                             Hash Cond: (mi1.movie_id = t.id)
                                             Buffers: shared hit=5413 read=41954
                                             ->  Bitmap Heap Scan on movie_info mi1  (cost=16454.74..359572.32 rows=25080 width=8) (actual time=42.630..299.579 rows=230638 loops=1)
                                                   Recheck Cond: (info_type_id = 3)
                                                   Filter: ((info)::text = ANY ('{Action,Comedy}'::text[]))
                                                   Rows Removed by Filter: 1303271
                                                   Heap Blocks: exact=9772
                                                   Buffers: shared hit=5412 read=5563
                                                   ->  Bitmap Index Scan on info_type_id_movie_info  (cost=0.00..16448.47 rows=1538671 width=0) (actual time=41.440..41.440 rows=1533909 loops=1)
                                                         Index Cond: (info_type_id = 3)
                                                         Buffers: shared read=1203
                                             ->  Hash  (cost=75217.46..75217.46 rows=91564 width=4) (actual time=395.827..395.829 rows=7795 loops=1)
                                                   Buckets: 131072  Batches: 1  Memory Usage: 1299kB
                                                   Buffers: shared hit=1 read=36391
                                                   ->  Hash Join  (cost=1.13..75217.46 rows=91564 width=4) (actual time=0.126..393.892 rows=7795 loops=1)
                                                         Hash Cond: (t.kind_id = kt.id)
                                                         Buffers: shared hit=1 read=36391
                                                         ->  Seq Scan on title t  (cost=0.00..74315.95 rows=213650 width=8) (actual time=0.022..378.525 rows=212483 loops=1)
                                                               Filter: ((production_year <= 1970) AND (1950 < production_year))
                                                               Rows Removed by Filter: 2315829
                                                               Buffers: shared read=36391
                                                         ->  Hash  (cost=1.10..1.10 rows=3 width=4) (actual time=0.012..0.013 rows=3 loops=1)
                                                               Buckets: 1024  Batches: 1  Memory Usage: 9kB
                                                               Buffers: shared hit=1
                                                               ->  Seq Scan on kind_type kt  (cost=0.00..1.10 rows=3 width=4) (actual time=0.007..0.009 rows=3 loops=1)
                                                                     Filter: ((kind)::text = ANY ('{"tv series","video game","video movie"}'::text[]))
                                                                     Rows Removed by Filter: 4
                                                                     Buffers: shared hit=1
                                       ->  Index Scan using movie_id_movie_info on movie_info mi2  (cost=0.43..43.71 rows=1 width=8) (actual time=0.084..0.103 rows=0 loops=1642)
                                             Index Cond: (movie_id = t.id)
                                             Filter: ((info_type_id = 7) AND ((info)::text = ANY ('{"OFM:35 mm","PFM:35 mm","RAT:2.35 : 1"}'::text[])))
                                             Rows Removed by Filter: 15
                                             Buffers: shared hit=9373 read=8651
                     ->  Index Scan using movie_id_cast_info on cast_info ci  (cost=0.44..45.44 rows=38 width=12) (actual time=0.031..0.059 rows=5 loops=741)
                           Index Cond: (movie_id = t.id)
                           Buffers: shared hit=4086 read=1276
               ->  Hash  (cost=1.15..1.15 rows=2 width=4) (actual time=0.033..0.034 rows=2 loops=1)
                     Buckets: 1024  Batches: 1  Memory Usage: 9kB
                     Buffers: shared hit=1
                     ->  Seq Scan on role_type rt  (cost=0.00..1.15 rows=2 width=4) (actual time=0.022..0.025 rows=2 loops=1)
                           Filter: ((role)::text = ANY ('{actress,writer}'::text[]))
                           Rows Removed by Filter: 10
                           Buffers: shared hit=1
         ->  Index Scan using name_pkey on name n  (cost=0.43..2.32 rows=1 width=4) (actual time=0.029..0.029 rows=1 loops=1225)
               Index Cond: (id = ci.person_id)
               Filter: ((gender)::text = ANY ('{f,m}'::text[]))
               Rows Removed by Filter: 0
               Buffers: shared hit=4085 read=815
 Planning:
   Buffers: shared hit=481 read=93
 Planning Time: 14.063 ms
 Execution Time: 974.799 ms
(76 rows)

