                                                                                                         QUERY PLAN                                                                                                         
----------------------------------------------------------------------------------------------------------------------------------------------------------------------------------------------------------------------------
 Aggregate  (cost=960718.62..960718.63 rows=1 width=8) (actual time=2674.321..2674.328 rows=1 loops=1)
   Buffers: shared hit=114669 read=79098, temp read=2142 written=2142
   ->  Nested Loop  (cost=562461.70..960718.17 rows=179 width=0) (actual time=1128.137..2674.132 rows=1054 loops=1)
         Buffers: shared hit=114669 read=79098, temp read=2142 written=2142
         ->  Seq Scan on info_type it2  (cost=0.00..2.41 rows=1 width=4) (actual time=0.043..0.048 rows=1 loops=1)
               Filter: (id = 7)
               Rows Removed by Filter: 112
               Buffers: shared hit=1
         ->  Nested Loop  (cost=562461.70..960713.97 rows=179 width=4) (actual time=1128.092..2673.944 rows=1054 loops=1)
               Buffers: shared hit=114668 read=79098, temp read=2142 written=2142
               ->  Seq Scan on info_type it1  (cost=0.00..2.41 rows=1 width=4) (actual time=0.010..0.015 rows=1 loops=1)
                     Filter: (id = 3)
                     Rows Removed by Filter: 112
                     Buffers: shared hit=1
               ->  Nested Loop  (cost=562461.70..960709.77 rows=179 width=8) (actual time=1128.082..2673.780 rows=1054 loops=1)
                     Join Filter: (t.id = mi1.movie_id)
                     Buffers: shared hit=114667 read=79098, temp read=2142 written=2142
                     ->  Nested Loop  (cost=562461.27..748119.57 rows=5022 width=16) (actual time=1126.125..2504.253 rows=2042 loops=1)
                           Buffers: shared hit=92674 read=71806, temp read=2142 written=2142
                           ->  Hash Join  (cost=562460.84..697966.91 rows=21622 width=20) (actual time=1124.699..2106.503 rows=23755 loops=1)
                                 Hash Cond: (ci.movie_id = t.id)
                                 Buffers: shared hit=12475 read=56985, temp read=2142 written=2142
                                 ->  Nested Loop  (cost=0.44..123965.00 rows=3020080 width=8) (actual time=0.294..741.639 rows=2728943 loops=1)
                                       Buffers: shared hit=4307 read=17612
                                       ->  Seq Scan on role_type rt  (cost=0.00..1.15 rows=1 width=4) (actual time=0.013..0.015 rows=1 loops=1)
                                             Filter: ((role)::text = 'writer'::text)
                                             Rows Removed by Filter: 11
                                             Buffers: shared hit=1
                                       ->  Index Scan using role_id_cast_info on cast_info ci  (cost=0.44..91017.52 rows=3294633 width=12) (actual time=0.278..484.866 rows=2728943 loops=1)
                                             Index Cond: (role_id = rt.id)
                                             Buffers: shared hit=4306 read=17612
                                 ->  Hash  (cost=562234.13..562234.13 rows=18101 width=12) (actual time=1123.953..1123.957 rows=15336 loops=1)
                                       Buckets: 32768  Batches: 1  Memory Usage: 915kB
                                       Buffers: shared hit=8168 read=39373, temp read=2142 written=2142
                                       ->  Hash Join  (cost=109801.33..562234.13 rows=18101 width=12) (actual time=579.453..1121.151 rows=15336 loops=1)
                                             Hash Cond: (mi2.movie_id = t.id)
                                             Buffers: shared hit=8168 read=39373, temp read=2142 written=2142
                                             ->  Bitmap Heap Scan on movie_info mi2  (cost=15885.71..464509.71 rows=61276 width=8) (actual time=40.209..457.356 rows=596051 loops=1)
                                                   Recheck Cond: (info_type_id = 7)
                                                   Filter: ((info)::text = ANY ('{"CAM:Red One Camera","OFM:16 mm",OFM:Digital,"PCS:Super 35","PFM:35 mm",PFM:Video,"RAT:1.33 : 1","RAT:1.37 : 1","RAT:16:9 HD"}'::text[]))
                                                   Rows Removed by Filter: 805851
                                                   Heap Blocks: exact=10050
                                                   Buffers: shared hit=6144 read=5005
                                                   ->  Bitmap Index Scan on info_type_id_movie_info  (cost=0.00..15870.39 rows=1484527 width=0) (actual time=38.911..38.912 rows=1401902 loops=1)
                                                         Index Cond: (info_type_id = 7)
                                                         Buffers: shared hit=1 read=1098
                                             ->  Hash  (cost=81661.50..81661.50 rows=746890 width=4) (actual time=538.034..538.037 rows=138444 loops=1)
                                                   Buckets: 262144  Batches: 8  Memory Usage: 2656kB
                                                   Buffers: shared hit=2024 read=34368, temp written=350
                                                   ->  Hash Join  (cost=1.13..81661.50 rows=746890 width=4) (actual time=0.049..517.593 rows=138444 loops=1)
                                                         Hash Cond: (t.kind_id = kt.id)
                                                         Buffers: shared hit=2024 read=34368
                                                         ->  Seq Scan on title t  (cost=0.00..74315.95 rows=1742744 width=8) (actual time=0.026..416.184 rows=1748995 loops=1)
                                                               Filter: ((production_year <= 2015) AND (1990 < production_year))
                                                               Rows Removed by Filter: 779317
                                                               Buffers: shared hit=2023 read=34368
                                                         ->  Hash  (cost=1.10..1.10 rows=3 width=4) (actual time=0.013..0.014 rows=3 loops=1)
                                                               Buckets: 1024  Batches: 1  Memory Usage: 9kB
                                                               Buffers: shared hit=1
                                                               ->  Seq Scan on kind_type kt  (cost=0.00..1.10 rows=3 width=4) (actual time=0.007..0.008 rows=3 loops=1)
                                                                     Filter: ((kind)::text = ANY ('{"tv movie","tv series","video game"}'::text[]))
                                                                     Rows Removed by Filter: 4
                                                                     Buffers: shared hit=1
                           ->  Index Scan using name_pkey on name n  (cost=0.43..2.32 rows=1 width=4) (actual time=0.016..0.016 rows=0 loops=23755)
                                 Index Cond: (id = ci.person_id)
                                 Filter: ((gender)::text = 'f'::text)
                                 Rows Removed by Filter: 1
                                 Buffers: shared hit=80199 read=14821
                     ->  Index Scan using movie_id_movie_info on movie_info mi1  (cost=0.43..42.32 rows=1 width=8) (actual time=0.082..0.083 rows=1 loops=2042)
                           Index Cond: (movie_id = ci.movie_id)
                           Filter: ((info_type_id = 3) AND ((info)::text = ANY ('{Action,Comedy,Documentary,Horror,Short,Thriller,War}'::text[])))
                           Rows Removed by Filter: 24
                           Buffers: shared hit=21993 read=7292
 Planning:
   Buffers: shared hit=574
 Planning Time: 13.327 ms
 Execution Time: 2674.916 ms
(77 rows)

