                                                                                                  QUERY PLAN                                                                                                  
--------------------------------------------------------------------------------------------------------------------------------------------------------------------------------------------------------------
 Aggregate  (cost=809711.02..809711.03 rows=1 width=8) (actual time=12227.998..12228.008 rows=1 loops=1)
   Buffers: shared hit=1153850 read=46189, temp read=6255 written=5888
   ->  Nested Loop  (cost=757702.63..809710.59 rows=173 width=0) (actual time=890.474..12227.739 rows=1587 loops=1)
         Buffers: shared hit=1153850 read=46189, temp read=6255 written=5888
         ->  Seq Scan on info_type it2  (cost=0.00..2.41 rows=1 width=4) (actual time=0.043..0.055 rows=1 loops=1)
               Filter: (id = 7)
               Rows Removed by Filter: 112
               Buffers: shared hit=1
         ->  Nested Loop  (cost=757702.63..809706.44 rows=173 width=4) (actual time=890.430..12227.445 rows=1587 loops=1)
               Buffers: shared hit=1153849 read=46189, temp read=6255 written=5888
               ->  Seq Scan on info_type it1  (cost=0.00..2.41 rows=1 width=4) (actual time=0.009..0.024 rows=1 loops=1)
                     Filter: (id = 3)
                     Rows Removed by Filter: 112
                     Buffers: shared hit=1
               ->  Nested Loop  (cost=757702.63..809702.30 rows=173 width=8) (actual time=890.419..12227.153 rows=1587 loops=1)
                     Buffers: shared hit=1153848 read=46189, temp read=6255 written=5888
                     ->  Hash Join  (cost=757702.20..808746.66 rows=412 width=12) (actual time=890.009..12076.531 rows=4074 loops=1)
                           Hash Cond: (ci.role_id = rt.id)
                           Buffers: shared hit=1139204 read=44537, temp read=6255 written=5888
                           ->  Nested Loop  (cost=757701.04..808727.93 rows=4945 width=16) (actual time=889.475..12070.600 rows=39196 loops=1)
                                 Buffers: shared hit=1139203 read=44537, temp read=6255 written=5888
                                 ->  Nested Loop  (cost=757700.60..793665.34 rows=345 width=20) (actual time=889.448..11609.147 rows=3587 loops=1)
                                       Buffers: shared hit=1111283 read=23953, temp read=6255 written=5888
                                       ->  Nested Loop  (cost=757700.46..793634.95 rows=1208 width=24) (actual time=889.430..11534.922 rows=101035 loops=1)
                                             Buffers: shared hit=1111271 read=23953, temp read=6255 written=5888
                                             ->  Merge Join  (cost=757700.03..758369.33 rows=9531 width=16) (actual time=889.385..1366.632 rows=278275 loops=1)
                                                   Merge Cond: (mi1.movie_id = mi2.movie_id)
                                                   Buffers: shared hit=19015 read=3109, temp read=6255 written=5888
                                                   ->  Sort  (cost=379600.27..379754.52 rows=61701 width=8) (actual time=474.213..580.684 rows=579362 loops=1)
                                                         Sort Key: mi1.movie_id
                                                         Sort Method: external sort  Disk: 12520kB
                                                         Buffers: shared hit=8391 read=2584, temp read=3124 written=3132
                                                         ->  Bitmap Heap Scan on movie_info mi1  (cost=16463.89..374691.03 rows=61701 width=8) (actual time=43.757..329.885 rows=579371 loops=1)
                                                               Recheck Cond: (info_type_id = 3)
                                                               Filter: ((info)::text = ANY ('{Comedy,Crime,Short}'::text[]))
                                                               Rows Removed by Filter: 954538
                                                               Heap Blocks: exact=9772
                                                               Buffers: shared hit=8391 read=2584
                                                               ->  Bitmap Index Scan on info_type_id_movie_info  (cost=0.00..16448.47 rows=1538671 width=0) (actual time=42.560..42.561 rows=1533909 loops=1)
                                                                     Index Cond: (info_type_id = 3)
                                                                     Buffers: shared hit=1 read=1202
                                                   ->  Sort  (cost=378099.76..378232.50 rows=53097 width=8) (actual time=415.161..525.859 rows=575996 loops=1)
                                                         Sort Key: mi2.movie_id
                                                         Sort Method: external sort  Disk: 11016kB
                                                         Buffers: shared hit=10624 read=525, temp read=2940 written=2756
                                                         ->  Bitmap Heap Scan on movie_info mi2  (cost=15883.66..373932.61 rows=53097 width=8) (actual time=30.761..289.274 rows=509724 loops=1)
                                                               Recheck Cond: (info_type_id = 7)
                                                               Filter: ((info)::text = ANY ('{"OFM:35 mm","RAT:1.33 : 1","RAT:2.35 : 1"}'::text[]))
                                                               Rows Removed by Filter: 892178
                                                               Heap Blocks: exact=10050
                                                               Buffers: shared hit=10624 read=525
                                                               ->  Bitmap Index Scan on info_type_id_movie_info  (cost=0.00..15870.39 rows=1484527 width=0) (actual time=29.525..29.525 rows=1401902 loops=1)
                                                                     Index Cond: (info_type_id = 7)
                                                                     Buffers: shared hit=1099
                                             ->  Index Scan using title_pkey on title t  (cost=0.43..3.70 rows=1 width=8) (actual time=0.036..0.036 rows=0 loops=278275)
                                                   Index Cond: (id = mi1.movie_id)
                                                   Filter: ((production_year <= 2015) AND (1925 < production_year))
                                                   Rows Removed by Filter: 1
                                                   Buffers: shared hit=1092256 read=20844
                                       ->  Memoize  (cost=0.14..0.16 rows=1 width=4) (actual time=0.000..0.000 rows=0 loops=101035)
                                             Cache Key: t.kind_id
                                             Cache Mode: logical
                                             Hits: 101029  Misses: 6  Evictions: 0  Overflows: 0  Memory Usage: 1kB
                                             Buffers: shared hit=12
                                             ->  Index Scan using kind_type_pkey on kind_type kt  (cost=0.13..0.15 rows=1 width=4) (actual time=0.010..0.010 rows=0 loops=6)
                                                   Index Cond: (id = t.kind_id)
                                                   Filter: ((kind)::text = ANY ('{"tv series","video game"}'::text[]))
                                                   Rows Removed by Filter: 1
                                                   Buffers: shared hit=12
                                 ->  Index Scan using movie_id_cast_info on cast_info ci  (cost=0.44..43.28 rows=38 width=12) (actual time=0.031..0.126 rows=11 loops=3587)
                                       Index Cond: (movie_id = t.id)
                                       Buffers: shared hit=27920 read=20584
                           ->  Hash  (cost=1.15..1.15 rows=1 width=4) (actual time=0.021..0.022 rows=1 loops=1)
                                 Buckets: 1024  Batches: 1  Memory Usage: 9kB
                                 Buffers: shared hit=1
                                 ->  Seq Scan on role_type rt  (cost=0.00..1.15 rows=1 width=4) (actual time=0.010..0.012 rows=1 loops=1)
                                       Filter: ((role)::text = 'producer'::text)
                                       Rows Removed by Filter: 11
                                       Buffers: shared hit=1
                     ->  Index Scan using name_pkey on name n  (cost=0.43..2.32 rows=1 width=4) (actual time=0.037..0.037 rows=0 loops=4074)
                           Index Cond: (id = ci.person_id)
                           Filter: ((gender)::text = 'm'::text)
                           Rows Removed by Filter: 1
                           Buffers: shared hit=14644 read=1652
 Planning:
   Buffers: shared hit=574
 Planning Time: 13.557 ms
 Execution Time: 12238.546 ms
(88 rows)

