                                                                                            QUERY PLAN                                                                                            
--------------------------------------------------------------------------------------------------------------------------------------------------------------------------------------------------
 Aggregate  (cost=752453.47..752453.48 rows=1 width=8) (actual time=4075.607..4075.615 rows=1 loops=1)
   Buffers: shared hit=301373 read=79023, temp read=953 written=953
   ->  Nested Loop  (cost=96921.99..752452.80 rows=266 width=0) (actual time=449.896..4072.538 rows=19797 loops=1)
         Buffers: shared hit=301373 read=79023, temp read=953 written=953
         ->  Hash Join  (cost=96921.56..751506.44 rows=408 width=4) (actual time=449.658..3272.507 rows=22420 loops=1)
               Hash Cond: (ci.role_id = rt.id)
               Buffers: shared hit=219339 read=71377, temp read=953 written=953
               ->  Nested Loop  (cost=96920.38..751496.56 rows=2451 width=8) (actual time=448.720..3257.140 rows=57577 loops=1)
                     Buffers: shared hit=219338 read=71377, temp read=953 written=953
                     ->  Nested Loop  (cost=96919.94..743908.61 rows=171 width=12) (actual time=448.693..2541.547 rows=5680 loops=1)
                           Buffers: shared hit=158006 read=60588, temp read=953 written=953
                           ->  Seq Scan on info_type it2  (cost=0.00..2.41 rows=1 width=4) (actual time=0.026..0.034 rows=1 loops=1)
                                 Filter: (id = 7)
                                 Rows Removed by Filter: 112
                                 Buffers: shared hit=1
                           ->  Nested Loop  (cost=96919.94..743904.49 rows=171 width=16) (actual time=448.666..2540.201 rows=5680 loops=1)
                                 Buffers: shared hit=158005 read=60588, temp read=953 written=953
                                 ->  Seq Scan on info_type it1  (cost=0.00..2.41 rows=1 width=4) (actual time=0.008..0.019 rows=1 loops=1)
                                       Filter: (id = 3)
                                       Rows Removed by Filter: 112
                                       Buffers: shared hit=1
                                 ->  Nested Loop  (cost=96919.94..743900.36 rows=171 width=20) (actual time=448.654..2538.806 rows=5680 loops=1)
                                       Buffers: shared hit=158004 read=60588, temp read=953 written=953
                                       ->  Hash Join  (cost=96919.51..517214.45 rows=5297 width=12) (actual time=448.601..977.929 rows=17094 loops=1)
                                             Hash Cond: (mi1.movie_id = t.id)
                                             Buffers: shared hit=21876 read=25491, temp read=953 written=953
                                             ->  Bitmap Heap Scan on movie_info mi1  (cost=16462.78..435128.11 rows=57239 width=8) (actual time=41.544..432.302 rows=528015 loops=1)
                                                   Recheck Cond: (info_type_id = 3)
                                                   Filter: ((info)::text = ANY ('{Action,Comedy,Crime,Documentary,Family,Musical,Romance}'::text[]))
                                                   Rows Removed by Filter: 1005894
                                                   Heap Blocks: exact=9772
                                                   Buffers: shared hit=6121 read=4854
                                                   ->  Bitmap Index Scan on info_type_id_movie_info  (cost=0.00..16448.47 rows=1538671 width=0) (actual time=40.358..40.359 rows=1533909 loops=1)
                                                         Index Cond: (info_type_id = 3)
                                                         Buffers: shared hit=1203
                                             ->  Hash  (cost=76617.93..76617.93 rows=233984 width=4) (actual time=405.913..405.915 rows=33701 loops=1)
                                                   Buckets: 262144  Batches: 2  Memory Usage: 2644kB
                                                   Buffers: shared hit=15755 read=20637, temp written=49
                                                   ->  Hash Join  (cost=1.13..76617.93 rows=233984 width=4) (actual time=0.120..399.214 rows=33701 loops=1)
                                                         Hash Cond: (t.kind_id = kt.id)
                                                         Buffers: shared hit=15755 read=20637
                                                         ->  Seq Scan on title t  (cost=0.00..74315.95 rows=545963 width=8) (actual time=0.067..367.597 rows=538239 loops=1)
                                                               Filter: ((production_year <= 1990) AND (1950 < production_year))
                                                               Rows Removed by Filter: 1990073
                                                               Buffers: shared hit=15754 read=20637
                                                         ->  Hash  (cost=1.10..1.10 rows=3 width=4) (actual time=0.014..0.015 rows=3 loops=1)
                                                               Buckets: 1024  Batches: 1  Memory Usage: 9kB
                                                               Buffers: shared hit=1
                                                               ->  Seq Scan on kind_type kt  (cost=0.00..1.10 rows=3 width=4) (actual time=0.009..0.010 rows=3 loops=1)
                                                                     Filter: ((kind)::text = ANY ('{"tv series","video game","video movie"}'::text[]))
                                                                     Rows Removed by Filter: 4
                                                                     Buffers: shared hit=1
                                       ->  Index Scan using movie_id_movie_info on movie_info mi2  (cost=0.43..42.79 rows=1 width=8) (actual time=0.078..0.091 rows=0 loops=17094)
                                             Index Cond: (movie_id = t.id)
                                             Filter: ((info_type_id = 7) AND ((info)::text = ANY ('{"OFM:35 mm","PFM:35 mm","RAT:1.33 : 1","RAT:2.35 : 1"}'::text[])))
                                             Rows Removed by Filter: 11
                                             Buffers: shared hit=136128 read=35097
                     ->  Index Scan using movie_id_cast_info on cast_info ci  (cost=0.44..43.99 rows=38 width=12) (actual time=0.036..0.123 rows=10 loops=5680)
                           Index Cond: (movie_id = t.id)
                           Buffers: shared hit=61332 read=10789
               ->  Hash  (cost=1.15..1.15 rows=2 width=4) (actual time=0.036..0.037 rows=2 loops=1)
                     Buckets: 1024  Batches: 1  Memory Usage: 9kB
                     Buffers: shared hit=1
                     ->  Seq Scan on role_type rt  (cost=0.00..1.15 rows=2 width=4) (actual time=0.027..0.030 rows=2 loops=1)
                           Filter: ((role)::text = ANY ('{actor,producer}'::text[]))
                           Rows Removed by Filter: 10
                           Buffers: shared hit=1
         ->  Index Scan using name_pkey on name n  (cost=0.43..2.32 rows=1 width=4) (actual time=0.035..0.035 rows=1 loops=22420)
               Index Cond: (id = ci.person_id)
               Filter: ((gender)::text = ANY ('{f,m}'::text[]))
               Rows Removed by Filter: 0
               Buffers: shared hit=82034 read=7646
 Planning:
   Buffers: shared hit=574
 Planning Time: 14.316 ms
 Execution Time: 4076.223 ms
(76 rows)

