                                                                                                        QUERY PLAN                                                                                                         
---------------------------------------------------------------------------------------------------------------------------------------------------------------------------------------------------------------------------
 Aggregate  (cost=472157.50..472157.51 rows=1 width=8) (actual time=29796.728..29796.737 rows=1 loops=1)
   Buffers: shared hit=2997995 read=93639
   ->  Nested Loop  (cost=65088.55..472157.48 rows=7 width=0) (actual time=455.190..29796.340 rows=1069 loops=1)
         Buffers: shared hit=2997995 read=93639
         ->  Seq Scan on info_type it2  (cost=0.00..2.41 rows=1 width=4) (actual time=0.043..0.055 rows=1 loops=1)
               Filter: (id = 7)
               Rows Removed by Filter: 112
               Buffers: shared hit=1
         ->  Nested Loop  (cost=65088.55..472155.00 rows=7 width=4) (actual time=455.145..29795.986 rows=1069 loops=1)
               Buffers: shared hit=2997994 read=93639
               ->  Seq Scan on info_type it1  (cost=0.00..2.41 rows=1 width=4) (actual time=0.010..0.024 rows=1 loops=1)
                     Filter: (id = 3)
                     Rows Removed by Filter: 112
                     Buffers: shared hit=1
               ->  Nested Loop  (cost=65088.55..472152.52 rows=7 width=8) (actual time=455.132..29795.638 rows=1069 loops=1)
                     Buffers: shared hit=2997993 read=93639
                     ->  Hash Join  (cost=65088.12..472113.09 rows=17 width=12) (actual time=366.899..29729.557 rows=1818 loops=1)
                           Hash Cond: (ci.role_id = rt.id)
                           Buffers: shared hit=2990922 read=93438
                           ->  Nested Loop  (cost=65086.96..472111.21 rows=201 width=16) (actual time=235.733..29527.938 rows=1067692 loops=1)
                                 Buffers: shared hit=2990921 read=93438
                                 ->  Nested Loop  (cost=65086.52..471434.39 rows=14 width=20) (actual time=235.707..11182.614 rows=322590 loops=1)
                                       Buffers: shared hit=999180 read=60511
                                       ->  Hash Join  (cost=65086.08..453783.52 rows=386 width=12) (actual time=235.651..1250.777 rows=104552 loops=1)
                                             Hash Cond: (mi1.movie_id = t.id)
                                             Buffers: shared hit=18648 read=5714
                                             ->  Bitmap Heap Scan on movie_info mi1  (cost=16464.96..404911.19 rows=65958 width=8) (actual time=39.797..829.590 rows=612779 loops=1)
                                                   Recheck Cond: (info_type_id = 3)
                                                   Filter: ((info)::text = ANY ('{Crime,Documentary,Short,Thriller,Western}'::text[]))
                                                   Rows Removed by Filter: 921130
                                                   Heap Blocks: exact=9772
                                                   Buffers: shared hit=5884 read=5091
                                                   ->  Bitmap Index Scan on info_type_id_movie_info  (cost=0.00..16448.47 rows=1538671 width=0) (actual time=38.612..38.612 rows=1533909 loops=1)
                                                         Index Cond: (info_type_id = 3)
                                                         Buffers: shared hit=1203
                                             ->  Hash  (cost=48436.16..48436.16 rows=14797 width=4) (actual time=168.866..168.869 rows=103977 loops=1)
                                                   Buckets: 131072 (originally 16384)  Batches: 1 (originally 1)  Memory Usage: 4680kB
                                                   Buffers: shared hit=12764 read=623
                                                   ->  Nested Loop  (cost=4497.16..48436.16 rows=14797 width=4) (actual time=19.591..154.365 rows=103977 loops=1)
                                                         Buffers: shared hit=12764 read=623
                                                         ->  Seq Scan on kind_type kt  (cost=0.00..1.09 rows=1 width=4) (actual time=0.009..0.012 rows=1 loops=1)
                                                               Filter: ((kind)::text = 'movie'::text)
                                                               Rows Removed by Filter: 6
                                                               Buffers: shared hit=1
                                                         ->  Bitmap Heap Scan on title t  (cost=4497.16..48262.45 rows=17263 width=8) (actual time=19.578..147.910 rows=103977 loops=1)
                                                               Recheck Cond: (kind_id = kt.id)
                                                               Filter: ((production_year <= 1925) AND (1875 < production_year))
                                                               Rows Removed by Filter: 558848
                                                               Heap Blocks: exact=12865
                                                               Buffers: shared hit=12763 read=623
                                                               ->  Bitmap Index Scan on kind_id_title  (cost=0.00..4492.84 rows=421388 width=0) (actual time=17.278..17.278 rows=662825 loops=1)
                                                                     Index Cond: (kind_id = kt.id)
                                                                     Buffers: shared read=521
                                       ->  Index Scan using movie_id_movie_info on movie_info mi2  (cost=0.43..45.72 rows=1 width=8) (actual time=0.059..0.094 rows=3 loops=104552)
                                             Index Cond: (movie_id = t.id)
                                             Filter: ((info_type_id = 7) AND ((info)::text = ANY ('{MET:,"MET:100 m","MET:15.2 m","MET:23 m","OFM:35 mm","OFM:68 mm",PCS:Spherical,"PFM:35 mm","RAT:1.33 : 1"}'::text[])))
                                             Rows Removed by Filter: 8
                                             Buffers: shared hit=980532 read=54797
                                 ->  Index Scan using movie_id_cast_info on cast_info ci  (cost=0.44..47.96 rows=38 width=12) (actual time=0.033..0.055 rows=3 loops=322590)
                                       Index Cond: (movie_id = t.id)
                                       Buffers: shared hit=1991741 read=32927
                           ->  Hash  (cost=1.15..1.15 rows=1 width=4) (actual time=0.018..0.019 rows=1 loops=1)
                                 Buckets: 1024  Batches: 1  Memory Usage: 9kB
                                 Buffers: shared hit=1
                                 ->  Seq Scan on role_type rt  (cost=0.00..1.15 rows=1 width=4) (actual time=0.011..0.012 rows=1 loops=1)
                                       Filter: ((role)::text = 'editor'::text)
                                       Rows Removed by Filter: 11
                                       Buffers: shared hit=1
                     ->  Index Scan using name_pkey on name n  (cost=0.43..2.32 rows=1 width=4) (actual time=0.035..0.035 rows=1 loops=1818)
                           Index Cond: (id = ci.person_id)
                           Filter: ((gender)::text = 'm'::text)
                           Rows Removed by Filter: 0
                           Buffers: shared hit=7071 read=201
 Planning:
   Buffers: shared hit=529 read=45
 Planning Time: 12.939 ms
 Execution Time: 29797.695 ms
(77 rows)

