                                                                                            QUERY PLAN                                                                                            
--------------------------------------------------------------------------------------------------------------------------------------------------------------------------------------------------
 Aggregate  (cost=482653.28..482653.29 rows=1 width=8) (actual time=61322.941..61322.951 rows=1 loops=1)
   Buffers: shared hit=6234293 read=116080
   ->  Nested Loop  (cost=65097.88..482653.22 rows=22 width=0) (actual time=255.331..61301.093 rows=96298 loops=1)
         Buffers: shared hit=6234293 read=116080
         ->  Hash Join  (cost=65097.45..482532.61 rows=52 width=4) (actual time=255.302..52923.800 rows=227501 loops=1)
               Hash Cond: (ci.role_id = rt.id)
               Buffers: shared hit=5330013 read=110356
               ->  Nested Loop  (cost=65096.28..482530.31 rows=315 width=8) (actual time=254.942..52387.141 rows=2288974 loops=1)
                     Buffers: shared hit=5330012 read=110356
                     ->  Nested Loop  (cost=65095.84..481466.74 rows=22 width=12) (actual time=254.910..16745.165 rows=536063 loops=1)
                           Buffers: shared hit=1495668 read=71454
                           ->  Seq Scan on info_type it2  (cost=0.00..2.41 rows=1 width=4) (actual time=0.022..0.034 rows=1 loops=1)
                                 Filter: (id = 7)
                                 Rows Removed by Filter: 112
                                 Buffers: shared hit=1
                           ->  Nested Loop  (cost=65095.84..481464.11 rows=22 width=16) (actual time=254.885..16611.052 rows=536063 loops=1)
                                 Buffers: shared hit=1495667 read=71454
                                 ->  Seq Scan on info_type it1  (cost=0.00..2.41 rows=1 width=4) (actual time=0.008..0.022 rows=1 loops=1)
                                       Filter: (id = 3)
                                       Rows Removed by Filter: 112
                                       Buffers: shared hit=1
                                 ->  Nested Loop  (cost=65095.84..481461.47 rows=22 width=20) (actual time=254.874..16472.662 rows=536063 loops=1)
                                       Buffers: shared hit=1495666 read=71454
                                       ->  Hash Join  (cost=65095.40..453934.84 rows=604 width=12) (actual time=254.815..1466.450 rows=154068 loops=1)
                                             Hash Cond: (mi1.movie_id = t.id)
                                             Buffers: shared hit=12556 read=11806
                                             ->  Bitmap Heap Scan on movie_info mi1  (cost=16474.28..404920.51 rows=103245 width=8) (actual time=41.894..916.716 rows=996353 loops=1)
                                                   Recheck Cond: (info_type_id = 3)
                                                   Filter: ((info)::text = ANY ('{Comedy,Documentary,Drama,Romance,Short}'::text[]))
                                                   Rows Removed by Filter: 537556
                                                   Heap Blocks: exact=9772
                                                   Buffers: shared hit=465 read=10510
                                                   ->  Bitmap Index Scan on info_type_id_movie_info  (cost=0.00..16448.47 rows=1538671 width=0) (actual time=40.707..40.707 rows=1533909 loops=1)
                                                         Index Cond: (info_type_id = 3)
                                                         Buffers: shared read=1203
                                             ->  Hash  (cost=48436.16..48436.16 rows=14797 width=4) (actual time=181.327..181.330 rows=103977 loops=1)
                                                   Buckets: 131072 (originally 16384)  Batches: 1 (originally 1)  Memory Usage: 4680kB
                                                   Buffers: shared hit=12091 read=1296
                                                   ->  Nested Loop  (cost=4497.16..48436.16 rows=14797 width=4) (actual time=19.363..166.442 rows=103977 loops=1)
                                                         Buffers: shared hit=12091 read=1296
                                                         ->  Seq Scan on kind_type kt  (cost=0.00..1.09 rows=1 width=4) (actual time=0.009..0.012 rows=1 loops=1)
                                                               Filter: ((kind)::text = 'movie'::text)
                                                               Rows Removed by Filter: 6
                                                               Buffers: shared hit=1
                                                         ->  Bitmap Heap Scan on title t  (cost=4497.16..48262.45 rows=17263 width=8) (actual time=19.350..159.972 rows=103977 loops=1)
                                                               Recheck Cond: (kind_id = kt.id)
                                                               Filter: ((production_year <= 1925) AND (1875 < production_year))
                                                               Rows Removed by Filter: 558848
                                                               Heap Blocks: exact=12865
                                                               Buffers: shared hit=12090 read=1296
                                                               ->  Bitmap Index Scan on kind_id_title  (cost=0.00..4492.84 rows=421388 width=0) (actual time=17.118..17.118 rows=662825 loops=1)
                                                                     Index Cond: (kind_id = kt.id)
                                                                     Buffers: shared read=521
                                       ->  Index Scan using movie_id_movie_info on movie_info mi2  (cost=0.43..45.56 rows=1 width=8) (actual time=0.060..0.096 rows=3 loops=154068)
                                             Index Cond: (movie_id = t.id)
                                             Filter: ((info_type_id = 7) AND ((info)::text = ANY ('{"MET:300 m","MET:600 m","OFM:35 mm",PCS:Spherical,"PFM:35 mm","RAT:1.33 : 1"}'::text[])))
                                             Rows Removed by Filter: 8
                                             Buffers: shared hit=1483110 read=59648
                     ->  Index Scan using movie_id_cast_info on cast_info ci  (cost=0.44..47.96 rows=38 width=12) (actual time=0.034..0.065 rows=4 loops=536063)
                           Index Cond: (movie_id = t.id)
                           Buffers: shared hit=3834344 read=38902
               ->  Hash  (cost=1.15..1.15 rows=2 width=4) (actual time=0.040..0.041 rows=2 loops=1)
                     Buckets: 1024  Batches: 1  Memory Usage: 9kB
                     Buffers: shared hit=1
                     ->  Seq Scan on role_type rt  (cost=0.00..1.15 rows=2 width=4) (actual time=0.026..0.028 rows=2 loops=1)
                           Filter: ((role)::text = ANY ('{composer,writer}'::text[]))
                           Rows Removed by Filter: 10
                           Buffers: shared hit=1
         ->  Index Scan using name_pkey on name n  (cost=0.43..2.32 rows=1 width=4) (actual time=0.036..0.036 rows=0 loops=227501)
               Index Cond: (id = ci.person_id)
               Filter: ((gender)::text = 'm'::text)
               Rows Removed by Filter: 1
               Buffers: shared hit=904280 read=5724
 Planning:
   Buffers: shared hit=505 read=69
 Planning Time: 13.857 ms
 Execution Time: 61323.878 ms
(77 rows)

