                                                                                                                 QUERY PLAN                                                                                                                 
--------------------------------------------------------------------------------------------------------------------------------------------------------------------------------------------------------------------------------------------
 Aggregate  (cost=1001304.41..1001304.42 rows=1 width=8) (actual time=3446.087..3446.096 rows=1 loops=1)
   Buffers: shared hit=167518 read=84060, temp read=3703 written=3703
   ->  Nested Loop  (cost=505742.28..1001303.71 rows=278 width=0) (actual time=1234.066..3446.044 rows=107 loops=1)
         Buffers: shared hit=167518 read=84060, temp read=3703 written=3703
         ->  Seq Scan on info_type it2  (cost=0.00..2.41 rows=1 width=4) (actual time=0.041..0.046 rows=1 loops=1)
               Filter: (id = 7)
               Rows Removed by Filter: 112
               Buffers: shared hit=1
         ->  Nested Loop  (cost=505742.28..1001298.52 rows=278 width=4) (actual time=1234.023..3445.968 rows=107 loops=1)
               Buffers: shared hit=167517 read=84060, temp read=3703 written=3703
               ->  Seq Scan on info_type it1  (cost=0.00..2.41 rows=1 width=4) (actual time=0.009..0.015 rows=1 loops=1)
                     Filter: (id = 3)
                     Rows Removed by Filter: 112
                     Buffers: shared hit=1
               ->  Nested Loop  (cost=505742.28..1001293.33 rows=278 width=8) (actual time=1234.011..3445.918 rows=107 loops=1)
                     Buffers: shared hit=167516 read=84060, temp read=3703 written=3703
                     ->  Hash Join  (cost=505741.85..998514.54 rows=1198 width=12) (actual time=1202.136..3282.376 rows=4985 loops=1)
                           Hash Cond: (ci.role_id = rt.id)
                           Buffers: shared hit=149228 read=82408, temp read=3703 written=3703
                           ->  Nested Loop  (cost=505740.69..998462.31 rows=14377 width=16) (actual time=1199.325..3262.409 rows=148859 loops=1)
                                 Buffers: shared hit=149227 read=82408, temp read=3703 written=3703
                                 ->  Hash Join  (cost=505740.25..954671.66 rows=1003 width=20) (actual time=1199.281..1758.810 rows=9606 loops=1)
                                       Hash Cond: (mi2.movie_id = t.id)
                                       Buffers: shared hit=13657 read=44859, temp read=3703 written=3703
                                       ->  Bitmap Heap Scan on movie_info mi2  (cost=15890.21..464514.22 rows=79300 width=8) (actual time=39.018..506.688 rows=752183 loops=1)
                                             Recheck Cond: (info_type_id = 7)
                                             Filter: ((info)::text = ANY ('{"CAM:Panavision Cameras and Lenses","OFM:16 mm","OFM:35 mm",OFM:Video,"PCS:Digital Intermediate",PCS:Spherical,"PFM:35 mm",PFM:Video,"RAT:1.37 : 1"}'::text[]))
                                             Rows Removed by Filter: 649719
                                             Heap Blocks: exact=10050
                                             Buffers: shared hit=5487 read=5662
                                             ->  Bitmap Index Scan on info_type_id_movie_info  (cost=0.00..15870.39 rows=1484527 width=0) (actual time=37.763..37.763 rows=1401902 loops=1)
                                                   Index Cond: (info_type_id = 7)
                                                   Buffers: shared read=1099
                                       ->  Hash  (cost=489450.50..489450.50 rows=31963 width=12) (actual time=1160.046..1160.052 rows=60252 loops=1)
                                             Buckets: 65536 (originally 32768)  Batches: 1 (originally 1)  Memory Usage: 3101kB
                                             Buffers: shared hit=8170 read=39197, temp read=3703 written=3703
                                             ->  Hash Join  (cost=111775.12..489450.50 rows=31963 width=12) (actual time=628.336..1149.934 rows=60252 loops=1)
                                                   Hash Cond: (mi1.movie_id = t.id)
                                                   Buffers: shared hit=8170 read=39197, temp read=3703 written=3703
                                                   ->  Bitmap Heap Scan on movie_info mi1  (cost=16478.49..389815.18 rows=120016 width=8) (actual time=38.159..327.017 rows=1147499 loops=1)
                                                         Recheck Cond: (info_type_id = 3)
                                                         Filter: ((info)::text = ANY ('{Adult,Animation,Comedy,Documentary,Drama,Fantasy,Horror,Short,Thriller}'::text[]))
                                                         Rows Removed by Filter: 386410
                                                         Heap Blocks: exact=9772
                                                         Buffers: shared hit=1887 read=9088
                                                         ->  Bitmap Index Scan on info_type_id_movie_info  (cost=0.00..16448.47 rows=1538671 width=0) (actual time=36.966..36.966 rows=1533909 loops=1)
                                                               Index Cond: (info_type_id = 3)
                                                               Buffers: shared hit=1 read=1202
                                                   ->  Hash  (cost=84248.85..84248.85 rows=673342 width=4) (actual time=589.146..589.149 rows=103087 loops=1)
                                                         Buckets: 262144  Batches: 8  Memory Usage: 2504kB
                                                         Buffers: shared hit=6283 read=30109, temp written=260
                                                         ->  Hash Join  (cost=1.11..84248.85 rows=673342 width=4) (actual time=0.047..573.554 rows=103087 loops=1)
                                                               Hash Cond: (t.kind_id = kt.id)
                                                               Buffers: shared hit=6283 read=30109
                                                               ->  Seq Scan on title t  (cost=0.00..74315.95 rows=2356696 width=8) (actual time=0.025..443.845 rows=2352201 loops=1)
                                                                     Filter: ((production_year <= 2015) AND (1925 < production_year))
                                                                     Rows Removed by Filter: 176111
                                                                     Buffers: shared hit=6282 read=30109
                                                               ->  Hash  (cost=1.09..1.09 rows=2 width=4) (actual time=0.013..0.014 rows=2 loops=1)
                                                                     Buckets: 1024  Batches: 1  Memory Usage: 9kB
                                                                     Buffers: shared hit=1
                                                                     ->  Seq Scan on kind_type kt  (cost=0.00..1.09 rows=2 width=4) (actual time=0.008..0.009 rows=2 loops=1)
                                                                           Filter: ((kind)::text = ANY ('{"tv series","video game"}'::text[]))
                                                                           Rows Removed by Filter: 5
                                                                           Buffers: shared hit=1
                                 ->  Index Scan using movie_id_cast_info on cast_info ci  (cost=0.44..43.28 rows=38 width=12) (actual time=0.030..0.153 rows=15 loops=9606)
                                       Index Cond: (movie_id = t.id)
                                       Buffers: shared hit=135570 read=37549
                           ->  Hash  (cost=1.15..1.15 rows=1 width=4) (actual time=0.017..0.017 rows=1 loops=1)
                                 Buckets: 1024  Batches: 1  Memory Usage: 9kB
                                 Buffers: shared hit=1
                                 ->  Seq Scan on role_type rt  (cost=0.00..1.15 rows=1 width=4) (actual time=0.010..0.011 rows=1 loops=1)
                                       Filter: ((role)::text = 'editor'::text)
                                       Rows Removed by Filter: 11
                                       Buffers: shared hit=1
                     ->  Index Scan using name_pkey on name n  (cost=0.43..2.32 rows=1 width=4) (actual time=0.032..0.032 rows=0 loops=4985)
                           Index Cond: (id = ci.person_id)
                           Filter: ((gender)::text = 'f'::text)
                           Rows Removed by Filter: 1
                           Buffers: shared hit=18288 read=1652
 Planning:
   Buffers: shared hit=506 read=71
 Planning Time: 13.676 ms
 Execution Time: 3447.009 ms
(84 rows)

