                                                                                               QUERY PLAN                                                                                               
--------------------------------------------------------------------------------------------------------------------------------------------------------------------------------------------------------
 Aggregate  (cost=535344.69..535344.70 rows=1 width=8) (actual time=5215.744..5215.752 rows=1 loops=1)
   Buffers: shared hit=432863 read=101561
   ->  Nested Loop  (cost=16454.59..535344.61 rows=34 width=0) (actual time=56.779..5213.701 rows=14713 loops=1)
         Buffers: shared hit=432863 read=101561
         ->  Hash Join  (cost=16454.16..535156.72 rows=81 width=4) (actual time=56.716..4669.043 rows=15084 loops=1)
               Hash Cond: (ci.role_id = rt.id)
               Buffers: shared hit=384656 read=89432
               ->  Nested Loop  (cost=16452.98..535153.81 rows=487 width=8) (actual time=43.806..4660.241 rows=38002 loops=1)
                     Buffers: shared hit=384655 read=89432
                     ->  Nested Loop  (cost=16452.54..533668.09 rows=34 width=12) (actual time=43.776..4215.117 rows=910 loops=1)
                           Buffers: shared hit=362111 read=72283
                           ->  Seq Scan on info_type it2  (cost=0.00..2.41 rows=1 width=4) (actual time=0.020..0.030 rows=1 loops=1)
                                 Filter: (id = 7)
                                 Rows Removed by Filter: 112
                                 Buffers: shared hit=1
                           ->  Nested Loop  (cost=16452.54..533665.34 rows=34 width=16) (actual time=43.755..4214.812 rows=910 loops=1)
                                 Buffers: shared hit=362110 read=72283
                                 ->  Seq Scan on info_type it1  (cost=0.00..2.41 rows=1 width=4) (actual time=0.006..0.018 rows=1 loops=1)
                                       Filter: (id = 3)
                                       Rows Removed by Filter: 112
                                       Buffers: shared hit=1
                                 ->  Nested Loop  (cost=16452.54..533662.59 rows=34 width=20) (actual time=43.745..4214.494 rows=910 loops=1)
                                       Buffers: shared hit=362109 read=72283
                                       ->  Hash Join  (cost=16452.11..415235.58 rows=2804 width=12) (actual time=42.137..3001.519 rows=11235 loops=1)
                                             Hash Cond: (t.kind_id = kt.id)
                                             Buffers: shared hit=277287 read=31945
                                             ->  Nested Loop  (cost=16450.97..415206.87 rows=6542 width=16) (actual time=42.099..2986.853 rows=65864 loops=1)
                                                   Buffers: shared hit=277286 read=31945
                                                   ->  Bitmap Heap Scan on movie_info mi1  (cost=16450.53..359568.12 rows=8258 width=8) (actual time=42.060..512.229 rows=77182 loops=1)
                                                         Recheck Cond: (info_type_id = 3)
                                                         Filter: ((info)::text = ANY ('{Action,Horror}'::text[]))
                                                         Rows Removed by Filter: 1456727
                                                         Heap Blocks: exact=9772
                                                         Buffers: shared hit=105 read=10870
                                                         ->  Bitmap Index Scan on info_type_id_movie_info  (cost=0.00..16448.47 rows=1538671 width=0) (actual time=40.848..40.848 rows=1533909 loops=1)
                                                               Index Cond: (info_type_id = 3)
                                                               Buffers: shared hit=1 read=1202
                                                   ->  Memoize  (cost=0.44..6.80 rows=1 width=8) (actual time=0.032..0.032 rows=1 loops=77182)
                                                         Cache Key: mi1.movie_id
                                                         Cache Mode: logical
                                                         Hits: 2618  Misses: 74564  Evictions: 0  Overflows: 0  Memory Usage: 7430kB
                                                         Buffers: shared hit=277181 read=21075
                                                         ->  Index Scan using title_pkey on title t  (cost=0.43..6.79 rows=1 width=8) (actual time=0.032..0.032 rows=1 loops=74564)
                                                               Index Cond: (id = mi1.movie_id)
                                                               Filter: ((production_year <= 2015) AND (1975 < production_year))
                                                               Rows Removed by Filter: 0
                                                               Buffers: shared hit=277181 read=21075
                                             ->  Hash  (cost=1.10..1.10 rows=3 width=4) (actual time=0.017..0.018 rows=3 loops=1)
                                                   Buckets: 1024  Batches: 1  Memory Usage: 9kB
                                                   Buffers: shared hit=1
                                                   ->  Seq Scan on kind_type kt  (cost=0.00..1.10 rows=3 width=4) (actual time=0.007..0.009 rows=3 loops=1)
                                                         Filter: ((kind)::text = ANY ('{"tv movie","tv series","video game"}'::text[]))
                                                         Rows Removed by Filter: 4
                                                         Buffers: shared hit=1
                                       ->  Index Scan using movie_id_movie_info on movie_info mi2  (cost=0.43..42.23 rows=1 width=8) (actual time=0.100..0.108 rows=0 loops=11235)
                                             Index Cond: (movie_id = t.id)
                                             Filter: (((info)::text = ANY ('{"OFM:35 mm","RAT:1.85 : 1"}'::text[])) AND (info_type_id = 7))
                                             Rows Removed by Filter: 16
                                             Buffers: shared hit=84822 read=40338
                     ->  Index Scan using movie_id_cast_info on cast_info ci  (cost=0.44..43.32 rows=38 width=12) (actual time=0.042..0.478 rows=42 loops=910)
                           Index Cond: (movie_id = t.id)
                           Buffers: shared hit=22544 read=17149
               ->  Hash  (cost=1.15..1.15 rows=2 width=4) (actual time=0.031..0.032 rows=2 loops=1)
                     Buckets: 1024  Batches: 1  Memory Usage: 9kB
                     Buffers: shared hit=1
                     ->  Seq Scan on role_type rt  (cost=0.00..1.15 rows=2 width=4) (actual time=0.023..0.026 rows=2 loops=1)
                           Filter: ((role)::text = ANY ('{actor,composer}'::text[]))
                           Rows Removed by Filter: 10
                           Buffers: shared hit=1
         ->  Index Scan using name_pkey on name n  (cost=0.43..2.32 rows=1 width=4) (actual time=0.036..0.036 rows=1 loops=15084)
               Index Cond: (id = ci.person_id)
               Filter: ((gender)::text = 'm'::text)
               Rows Removed by Filter: 0
               Buffers: shared hit=48207 read=12129
 Planning:
   Buffers: shared hit=529 read=45
 Planning Time: 12.971 ms
 Execution Time: 5217.894 ms
(78 rows)

