                                                                                                                 QUERY PLAN                                                                                                                  
---------------------------------------------------------------------------------------------------------------------------------------------------------------------------------------------------------------------------------------------
 Aggregate  (cost=826652.26..826652.27 rows=1 width=8) (actual time=2085.478..2085.485 rows=1 loops=1)
   Buffers: shared hit=71931 read=64754, temp read=1733 written=1733
   ->  Nested Loop  (cost=537460.61..826651.94 rows=125 width=0) (actual time=1007.579..2085.335 rows=1173 loops=1)
         Buffers: shared hit=71931 read=64754, temp read=1733 written=1733
         ->  Seq Scan on info_type it2  (cost=0.00..2.41 rows=1 width=4) (actual time=0.039..0.044 rows=1 loops=1)
               Filter: (id = 7)
               Rows Removed by Filter: 112
               Buffers: shared hit=1
         ->  Nested Loop  (cost=537460.61..826648.28 rows=125 width=4) (actual time=1007.538..2085.159 rows=1173 loops=1)
               Buffers: shared hit=71930 read=64754, temp read=1733 written=1733
               ->  Seq Scan on info_type it1  (cost=0.00..2.41 rows=1 width=4) (actual time=0.009..0.015 rows=1 loops=1)
                     Filter: (id = 3)
                     Rows Removed by Filter: 112
                     Buffers: shared hit=1
               ->  Nested Loop  (cost=537460.61..826644.62 rows=125 width=8) (actual time=1007.528..2085.008 rows=1173 loops=1)
                     Join Filter: (t.id = mi1.movie_id)
                     Buffers: shared hit=71929 read=64754, temp read=1733 written=1733
                     ->  Nested Loop  (cost=537460.18..702255.30 rows=2942 width=16) (actual time=1007.445..2018.974 rows=1063 loops=1)
                           Buffers: shared hit=62417 read=59551, temp read=1733 written=1733
                           ->  Hash Join  (cost=537459.75..672876.26 rows=12666 width=20) (actual time=1007.005..1842.976 rows=13127 loops=1)
                                 Hash Cond: (ci.movie_id = t.id)
                                 Buffers: shared hit=18883 read=50577, temp read=1733 written=1733
                                 ->  Nested Loop  (cost=0.44..123965.00 rows=3020080 width=8) (actual time=0.108..628.224 rows=2728943 loops=1)
                                       Buffers: shared hit=3148 read=18771
                                       ->  Seq Scan on role_type rt  (cost=0.00..1.15 rows=1 width=4) (actual time=0.013..0.015 rows=1 loops=1)
                                             Filter: ((role)::text = 'writer'::text)
                                             Rows Removed by Filter: 11
                                             Buffers: shared hit=1
                                       ->  Index Scan using role_id_cast_info on cast_info ci  (cost=0.44..91017.52 rows=3294633 width=12) (actual time=0.092..413.640 rows=2728943 loops=1)
                                             Index Cond: (role_id = rt.id)
                                             Buffers: shared hit=3147 read=18771
                                 ->  Hash  (cost=537326.76..537326.76 rows=10604 width=12) (actual time=1005.849..1005.853 rows=10181 loops=1)
                                       Buckets: 16384  Batches: 1  Memory Usage: 566kB
                                       Buffers: shared hit=15735 read=31806, temp read=1733 written=1733
                                       ->  Hash Join  (cost=101305.93..537326.76 rows=10604 width=12) (actual time=514.766..1003.973 rows=10181 loops=1)
                                             Hash Cond: (mi2.movie_id = t.id)
                                             Buffers: shared hit=15735 read=31806, temp read=1733 written=1733
                                             ->  Bitmap Heap Scan on movie_info mi2  (cost=15886.23..449414.39 rows=63366 width=8) (actual time=38.308..411.313 rows=609138 loops=1)
                                                   Recheck Cond: (info_type_id = 7)
                                                   Filter: ((info)::text = ANY ('{OFM:Video,"PCS:Digital Intermediate","PFM:35 mm","RAT:1.33 : 1","RAT:1.78 : 1 / (high definition)","RAT:1.78 : 1","RAT:1.85 : 1","RAT:16:9 HD"}'::text[]))
                                                   Rows Removed by Filter: 792764
                                                   Heap Blocks: exact=10050
                                                   Buffers: shared hit=3011 read=8138
                                                   ->  Bitmap Index Scan on info_type_id_movie_info  (cost=0.00..15870.39 rows=1484527 width=0) (actual time=37.068..37.068 rows=1401902 loops=1)
                                                         Index Cond: (info_type_id = 7)
                                                         Buffers: shared read=1099
                                             ->  Hash  (cost=78477.74..78477.74 rows=423117 width=4) (actual time=475.313..475.315 rows=75964 loops=1)
                                                   Buckets: 262144  Batches: 4  Memory Usage: 2707kB
                                                   Buffers: shared hit=12724 read=23668, temp written=166
                                                   ->  Hash Join  (cost=1.13..78477.74 rows=423117 width=4) (actual time=0.049..462.957 rows=75964 loops=1)
                                                         Hash Cond: (t.kind_id = kt.id)
                                                         Buffers: shared hit=12724 read=23668
                                                         ->  Seq Scan on title t  (cost=0.00..74315.95 rows=987274 width=8) (actual time=0.025..404.584 rows=989787 loops=1)
                                                               Filter: ((production_year <= 2010) AND (2000 < production_year))
                                                               Rows Removed by Filter: 1538525
                                                               Buffers: shared hit=12723 read=23668
                                                         ->  Hash  (cost=1.10..1.10 rows=3 width=4) (actual time=0.015..0.015 rows=3 loops=1)
                                                               Buckets: 1024  Batches: 1  Memory Usage: 9kB
                                                               Buffers: shared hit=1
                                                               ->  Seq Scan on kind_type kt  (cost=0.00..1.10 rows=3 width=4) (actual time=0.008..0.010 rows=3 loops=1)
                                                                     Filter: ((kind)::text = ANY ('{"tv movie","tv series","video game"}'::text[]))
                                                                     Rows Removed by Filter: 4
                                                                     Buffers: shared hit=1
                           ->  Index Scan using name_pkey on name n  (cost=0.43..2.32 rows=1 width=4) (actual time=0.013..0.013 rows=0 loops=13127)
                                 Index Cond: (id = ci.person_id)
                                 Filter: ((gender)::text = 'f'::text)
                                 Rows Removed by Filter: 1
                                 Buffers: shared hit=43534 read=8974
                     ->  Index Scan using movie_id_movie_info on movie_info mi1  (cost=0.43..42.27 rows=1 width=8) (actual time=0.061..0.062 rows=1 loops=1063)
                           Index Cond: (movie_id = ci.movie_id)
                           Filter: ((info_type_id = 3) AND ((info)::text = ANY ('{Comedy,Documentary,Drama,Romance,Short,Thriller}'::text[])))
                           Rows Removed by Filter: 20
                           Buffers: shared hit=9512 read=5203
 Planning:
   Buffers: shared hit=520 read=54
 Planning Time: 13.316 ms
 Execution Time: 2086.062 ms
(77 rows)

