                                                                                                 QUERY PLAN                                                                                                 
------------------------------------------------------------------------------------------------------------------------------------------------------------------------------------------------------------
 Aggregate  (cost=1022301.12..1022301.13 rows=1 width=8) (actual time=8290.234..8290.243 rows=1 loops=1)
   Buffers: shared hit=656026 read=133742, temp read=3082 written=3082
   ->  Nested Loop  (cost=549373.87..1022299.61 rows=606 width=0) (actual time=1160.881..8289.420 rows=2755 loops=1)
         Buffers: shared hit=656026 read=133742, temp read=3082 written=3082
         ->  Seq Scan on info_type it2  (cost=0.00..2.41 rows=1 width=4) (actual time=0.045..0.052 rows=1 loops=1)
               Filter: (id = 7)
               Rows Removed by Filter: 112
               Buffers: shared hit=1
         ->  Nested Loop  (cost=549373.87..1022291.13 rows=606 width=4) (actual time=1160.835..8288.785 rows=2755 loops=1)
               Buffers: shared hit=656025 read=133742, temp read=3082 written=3082
               ->  Seq Scan on info_type it1  (cost=0.00..2.41 rows=1 width=4) (actual time=0.011..0.019 rows=1 loops=1)
                     Filter: (id = 3)
                     Rows Removed by Filter: 112
                     Buffers: shared hit=1
               ->  Nested Loop  (cost=549373.87..1022282.66 rows=606 width=8) (actual time=1160.821..8288.110 rows=2755 loops=1)
                     Buffers: shared hit=656024 read=133742, temp read=3082 written=3082
                     ->  Hash Join  (cost=549373.44..1016231.03 rows=2609 width=12) (actual time=1159.966..7132.143 rows=36153 loops=1)
                           Hash Cond: (ci.role_id = rt.id)
                           Buffers: shared hit=519017 read=126137, temp read=3082 written=3082
                           ->  Nested Loop  (cost=549372.27..1016174.26 rows=15653 width=16) (actual time=1159.921..7043.506 rows=557823 loops=1)
                                 Buffers: shared hit=519016 read=126137, temp read=3082 written=3082
                                 ->  Hash Join  (cost=549371.83..968415.05 rows=1092 width=20) (actual time=1159.886..2022.073 rows=13166 loops=1)
                                       Hash Cond: (mi1.movie_id = t.id)
                                       Buffers: shared hit=14124 read=44392, temp read=3082 written=3082
                                       ->  Bitmap Heap Scan on movie_info mi1  (cost=16472.93..435138.26 rows=97859 width=8) (actual time=43.815..748.885 rows=953422 loops=1)
                                             Recheck Cond: (info_type_id = 3)
                                             Filter: ((info)::text = ANY ('{Action,Comedy,Drama,Horror,Romance,Short,Thriller}'::text[]))
                                             Rows Removed by Filter: 580487
                                             Heap Blocks: exact=9772
                                             Buffers: shared hit=976 read=9999
                                             ->  Bitmap Index Scan on info_type_id_movie_info  (cost=0.00..16448.47 rows=1538671 width=0) (actual time=42.619..42.619 rows=1533909 loops=1)
                                                   Index Cond: (info_type_id = 3)
                                                   Buffers: shared hit=1 read=1202
                                       ->  Hash  (cost=532546.32..532546.32 rows=28206 width=12) (actual time=1115.858..1115.863 rows=13194 loops=1)
                                             Buckets: 32768  Batches: 1  Memory Usage: 823kB
                                             Buffers: shared hit=13148 read=34393, temp read=3082 written=3082
                                             ->  Hash Join  (cost=109809.88..532546.32 rows=28206 width=12) (actual time=576.764..1113.448 rows=13194 loops=1)
                                                   Hash Cond: (mi2.movie_id = t.id)
                                                   Buffers: shared hit=13148 read=34393, temp read=3082 written=3082
                                                   ->  Bitmap Heap Scan on movie_info mi2  (cost=15894.26..434326.58 rows=95481 width=8) (actual time=33.536..391.740 rows=909382 loops=1)
                                                         Recheck Cond: (info_type_id = 7)
                                                         Filter: ((info)::text = ANY ('{"CAM:Red One Camera","OFM:35 mm",PCS:Spherical,"PCS:Super 16","PFM:35 mm","RAT:1.33 : 1","RAT:2.35 : 1"}'::text[]))
                                                         Rows Removed by Filter: 492520
                                                         Heap Blocks: exact=10050
                                                         Buffers: shared hit=11060 read=89
                                                         ->  Bitmap Index Scan on info_type_id_movie_info  (cost=0.00..15870.39 rows=1484527 width=0) (actual time=32.284..32.284 rows=1401902 loops=1)
                                                               Index Cond: (info_type_id = 7)
                                                               Buffers: shared hit=1099
                                                   ->  Hash  (cost=81661.50..81661.50 rows=746890 width=4) (actual time=541.929..541.932 rows=138444 loops=1)
                                                         Buckets: 262144  Batches: 8  Memory Usage: 2656kB
                                                         Buffers: shared hit=2088 read=34304, temp written=350
                                                         ->  Hash Join  (cost=1.13..81661.50 rows=746890 width=4) (actual time=0.035..521.001 rows=138444 loops=1)
                                                               Hash Cond: (t.kind_id = kt.id)
                                                               Buffers: shared hit=2088 read=34304
                                                               ->  Seq Scan on title t  (cost=0.00..74315.95 rows=1742744 width=8) (actual time=0.013..417.647 rows=1748995 loops=1)
                                                                     Filter: ((production_year <= 2015) AND (1990 < production_year))
                                                                     Rows Removed by Filter: 779317
                                                                     Buffers: shared hit=2087 read=34304
                                                               ->  Hash  (cost=1.10..1.10 rows=3 width=4) (actual time=0.012..0.014 rows=3 loops=1)
                                                                     Buckets: 1024  Batches: 1  Memory Usage: 9kB
                                                                     Buffers: shared hit=1
                                                                     ->  Seq Scan on kind_type kt  (cost=0.00..1.10 rows=3 width=4) (actual time=0.006..0.007 rows=3 loops=1)
                                                                           Filter: ((kind)::text = ANY ('{"tv movie","tv series","video game"}'::text[]))
                                                                           Rows Removed by Filter: 4
                                                                           Buffers: shared hit=1
                                 ->  Index Scan using movie_id_cast_info on cast_info ci  (cost=0.44..43.36 rows=38 width=12) (actual time=0.033..0.371 rows=42 loops=13166)
                                       Index Cond: (movie_id = t.id)
                                       Buffers: shared hit=504892 read=81745
                           ->  Hash  (cost=1.15..1.15 rows=2 width=4) (actual time=0.019..0.019 rows=2 loops=1)
                                 Buckets: 1024  Batches: 1  Memory Usage: 9kB
                                 Buffers: shared hit=1
                                 ->  Seq Scan on role_type rt  (cost=0.00..1.15 rows=2 width=4) (actual time=0.011..0.013 rows=2 loops=1)
                                       Filter: ((role)::text = ANY ('{"production designer",writer}'::text[]))
                                       Rows Removed by Filter: 10
                                       Buffers: shared hit=1
                     ->  Index Scan using name_pkey on name n  (cost=0.43..2.32 rows=1 width=4) (actual time=0.031..0.031 rows=0 loops=36153)
                           Index Cond: (id = ci.person_id)
                           Filter: ((gender)::text = 'f'::text)
                           Rows Removed by Filter: 1
                           Buffers: shared hit=137007 read=7605
 Planning:
   Buffers: shared hit=574
 Planning Time: 13.495 ms
 Execution Time: 8290.900 ms
(84 rows)

