                                                                                                                                                          QUERY PLAN                                                                                                                                                           
-------------------------------------------------------------------------------------------------------------------------------------------------------------------------------------------------------------------------------------------------------------------------------------------------------------------------------
 Aggregate  (cost=1019148.69..1019148.70 rows=1 width=8) (actual time=109626.654..109626.662 rows=1 loops=1)
   Buffers: shared hit=10664552 read=667734, temp read=10541 written=9226
   ->  Nested Loop  (cost=899219.85..1019146.37 rows=927 width=0) (actual time=1178.104..109586.927 rows=148875 loops=1)
         Buffers: shared hit=10664552 read=667734, temp read=10541 written=9226
         ->  Seq Scan on info_type it2  (cost=0.00..2.41 rows=1 width=4) (actual time=0.043..0.054 rows=1 loops=1)
               Filter: (id = 7)
               Rows Removed by Filter: 112
               Buffers: shared hit=1
         ->  Nested Loop  (cost=899219.85..1019134.69 rows=927 width=4) (actual time=1178.060..109549.131 rows=148875 loops=1)
               Buffers: shared hit=10664551 read=667734, temp read=10541 written=9226
               ->  Seq Scan on info_type it1  (cost=0.00..2.41 rows=1 width=4) (actual time=0.008..0.022 rows=1 loops=1)
                     Filter: (id = 3)
                     Rows Removed by Filter: 112
                     Buffers: shared hit=1
               ->  Nested Loop  (cost=899219.85..1019123.01 rows=927 width=8) (actual time=1178.050..109508.636 rows=148875 loops=1)
                     Buffers: shared hit=10664550 read=667734, temp read=10541 written=9226
                     ->  Hash Join  (cost=899219.42..1013996.87 rows=2210 width=12) (actual time=1177.991..98439.209 rows=296837 loops=1)
                           Hash Cond: (ci.role_id = rt.id)
                           Buffers: shared hit=9558644 read=586292, temp read=10541 written=9226
                           ->  Nested Loop  (cost=899218.24..1013948.60 rows=13259 width=16) (actual time=1177.858..97024.923 rows=6872479 loops=1)
                                 Buffers: shared hit=9558643 read=586292, temp read=10541 written=9226
                                 ->  Nested Loop  (cost=899217.80..973493.22 rows=925 width=20) (actual time=1177.830..28304.400 rows=142146 loops=1)
                                       Buffers: shared hit=2996764 read=35736, temp read=10541 written=9226
                                       ->  Nested Loop  (cost=899217.66..973440.49 rows=2159 width=24) (actual time=1177.003..28136.904 rows=157390 loops=1)
                                             Buffers: shared hit=2996752 read=35736, temp read=10541 written=9226
                                             ->  Merge Join  (cost=899217.23..900341.12 rows=23036 width=16) (actual time=1176.955..2137.875 rows=752591 loops=1)
                                                   Merge Cond: (mi1.movie_id = mi2.movie_id)
                                                   Buffers: shared hit=10508 read=11616, temp read=10541 written=9226
                                                   ->  Sort  (cost=397884.33..398127.96 rows=97449 width=8) (actual time=531.061..708.898 rows=950536 loops=1)
                                                         Sort Key: mi1.movie_id
                                                         Sort Method: external sort  Disk: 20544kB
                                                         Buffers: shared hit=8845 read=2130, temp read=5126 written=5139
                                                         ->  Bitmap Heap Scan on movie_info mi1  (cost=16472.85..389809.53 rows=97449 width=8) (actual time=41.786..295.984 rows=950541 loops=1)
                                                               Recheck Cond: (info_type_id = 3)
                                                               Filter: ((info)::text = ANY ('{Comedy,Crime,Drama,Family,Fantasy,History,Horror,Mystery,Short}'::text[]))
                                                               Rows Removed by Filter: 583368
                                                               Heap Blocks: exact=9772
                                                               Buffers: shared hit=8845 read=2130
                                                               ->  Bitmap Index Scan on info_type_id_movie_info  (cost=0.00..16448.47 rows=1538671 width=0) (actual time=40.597..40.597 rows=1533909 loops=1)
                                                                     Index Cond: (info_type_id = 3)
                                                                     Buffers: shared read=1203
                                                   ->  Sort  (cost=501332.90..501536.04 rows=81256 width=8) (actual time=645.884..892.575 rows=1017530 loops=1)
                                                         Sort Key: mi2.movie_id
                                                         Sort Method: external sort  Disk: 16336kB
                                                         Buffers: shared hit=1663 read=9486, temp read=4746 written=4087
                                                         ->  Bitmap Heap Scan on movie_info mi2  (cost=15890.70..494706.39 rows=81256 width=8) (actual time=32.729..462.183 rows=755997 loops=1)
                                                               Recheck Cond: (info_type_id = 7)
                                                               Filter: ((info)::text = ANY ('{"CAM:Panasonic AG-DVX100","CAM:Panavision Cameras and Lenses","LAB:FotoKem Laboratory, Burbank (CA), USA","OFM:35 mm",PCS:Panavision,PCS:Spherical,"PFM:35 mm",PFM:Video,"RAT:1.78 : 1","RAT:16:9 HD","RAT:2.35 : 1"}'::text[]))
                                                               Rows Removed by Filter: 645905
                                                               Heap Blocks: exact=10050
                                                               Buffers: shared hit=1663 read=9486
                                                               ->  Bitmap Index Scan on info_type_id_movie_info  (cost=0.00..15870.39 rows=1484527 width=0) (actual time=31.490..31.490 rows=1401902 loops=1)
                                                                     Index Cond: (info_type_id = 7)
                                                                     Buffers: shared hit=1 read=1098
                                             ->  Index Scan using title_pkey on title t  (cost=0.43..3.17 rows=1 width=8) (actual time=0.034..0.034 rows=0 loops=752591)
                                                   Index Cond: (id = mi1.movie_id)
                                                   Filter: ((production_year <= 2015) AND (1990 < production_year))
                                                   Rows Removed by Filter: 1
                                                   Buffers: shared hit=2986244 read=24120
                                       ->  Memoize  (cost=0.14..0.16 rows=1 width=4) (actual time=0.000..0.000 rows=1 loops=157390)
                                             Cache Key: t.kind_id
                                             Cache Mode: logical
                                             Hits: 157384  Misses: 6  Evictions: 0  Overflows: 0  Memory Usage: 1kB
                                             Buffers: shared hit=12
                                             ->  Index Scan using kind_type_pkey on kind_type kt  (cost=0.13..0.15 rows=1 width=4) (actual time=0.011..0.011 rows=0 loops=6)
                                                   Index Cond: (id = t.kind_id)
                                                   Filter: ((kind)::text = ANY ('{episode,movie,"video movie"}'::text[]))
                                                   Rows Removed by Filter: 0
                                                   Buffers: shared hit=12
                                 ->  Index Scan using movie_id_cast_info on cast_info ci  (cost=0.44..43.36 rows=38 width=12) (actual time=0.036..0.469 rows=48 loops=142146)
                                       Index Cond: (movie_id = t.id)
                                       Buffers: shared hit=6561879 read=550556
                           ->  Hash  (cost=1.15..1.15 rows=2 width=4) (actual time=0.021..0.022 rows=2 loops=1)
                                 Buckets: 1024  Batches: 1  Memory Usage: 9kB
                                 Buffers: shared hit=1
                                 ->  Seq Scan on role_type rt  (cost=0.00..1.15 rows=2 width=4) (actual time=0.011..0.013 rows=2 loops=1)
                                       Filter: ((role)::text = ANY ('{cinematographer,director}'::text[]))
                                       Rows Removed by Filter: 10
                                       Buffers: shared hit=1
                     ->  Index Scan using name_pkey on name n  (cost=0.43..2.32 rows=1 width=4) (actual time=0.037..0.037 rows=1 loops=296837)
                           Index Cond: (id = ci.person_id)
                           Filter: ((gender)::text = 'm'::text)
                           Rows Removed by Filter: 0
                           Buffers: shared hit=1105906 read=81442
 Planning:
   Buffers: shared hit=531 read=46
 Planning Time: 13.926 ms
 Execution Time: 109638.632 ms
(88 rows)

