                                                                                                  QUERY PLAN                                                                                                  
--------------------------------------------------------------------------------------------------------------------------------------------------------------------------------------------------------------
 Aggregate  (cost=907402.15..907402.16 rows=1 width=8) (actual time=9769.752..9769.761 rows=1 loops=1)
   Buffers: shared hit=819031 read=107179, temp read=5638 written=5481
   ->  Nested Loop  (cost=862834.93..907401.17 rows=390 width=0) (actual time=1049.119..9769.349 rows=917 loops=1)
         Buffers: shared hit=819031 read=107179, temp read=5638 written=5481
         ->  Seq Scan on info_type it2  (cost=0.00..2.41 rows=1 width=4) (actual time=0.039..0.049 rows=1 loops=1)
               Filter: (id = 7)
               Rows Removed by Filter: 112
               Buffers: shared hit=1
         ->  Nested Loop  (cost=862834.93..907394.86 rows=390 width=4) (actual time=1049.079..9769.038 rows=917 loops=1)
               Buffers: shared hit=819030 read=107179, temp read=5638 written=5481
               ->  Seq Scan on info_type it1  (cost=0.00..2.41 rows=1 width=4) (actual time=0.007..0.019 rows=1 loops=1)
                     Filter: (id = 3)
                     Rows Removed by Filter: 112
                     Buffers: shared hit=1
               ->  Nested Loop  (cost=862834.93..907388.55 rows=390 width=8) (actual time=1049.070..9768.719 rows=917 loops=1)
                     Buffers: shared hit=819029 read=107179, temp read=5638 written=5481
                     ->  Hash Join  (cost=862834.50..905233.71 rows=929 width=12) (actual time=1048.338..9593.922 rows=4601 loops=1)
                           Hash Cond: (ci.role_id = rt.id)
                           Buffers: shared hit=802717 read=105087, temp read=5638 written=5481
                           ->  Nested Loop  (cost=862833.33..905212.73 rows=5576 width=16) (actual time=1046.224..9558.997 rows=192882 loops=1)
                                 Buffers: shared hit=802716 read=105087, temp read=5638 written=5481
                                 ->  Nested Loop  (cost=862832.89..888229.11 rows=389 width=20) (actual time=1046.193..7332.633 rows=7184 loops=1)
                                       Buffers: shared hit=664505 read=33871, temp read=5638 written=5481
                                       ->  Nested Loop  (cost=862832.74..888206.35 rows=907 width=24) (actual time=1046.178..7269.904 rows=93280 loops=1)
                                             Buffers: shared hit=664493 read=33871, temp read=5638 written=5481
                                             ->  Merge Join  (cost=862832.31..863440.28 rows=7157 width=16) (actual time=1046.132..1410.979 rows=169060 loops=1)
                                                   Merge Cond: (mi1.movie_id = mi2.movie_id)
                                                   Buffers: shared hit=8057 read=14067, temp read=5638 written=5481
                                                   ->  Sort  (cost=441122.52..441307.68 rows=74061 width=8) (actual time=597.014..709.772 rows=696001 loops=1)
                                                         Sort Key: mi1.movie_id
                                                         Sort Method: external sort  Disk: 15040kB
                                                         Buffers: shared hit=4329 read=6646, temp read=3753 written=3762
                                                         ->  Bitmap Heap Scan on movie_info mi1  (cost=16466.98..435132.31 rows=74061 width=8) (actual time=40.434..424.044 rows=696047 loops=1)
                                                               Recheck Cond: (info_type_id = 3)
                                                               Filter: ((info)::text = ANY ('{Adventure,Documentary,Family,Romance,Short,Sport,Thriller}'::text[]))
                                                               Rows Removed by Filter: 837862
                                                               Heap Blocks: exact=9772
                                                               Buffers: shared hit=4329 read=6646
                                                               ->  Bitmap Index Scan on info_type_id_movie_info  (cost=0.00..16448.47 rows=1538671 width=0) (actual time=39.239..39.240 rows=1533909 loops=1)
                                                                     Index Cond: (info_type_id = 3)
                                                                     Buffers: shared read=1203
                                                   ->  Sort  (cost=421709.79..421792.84 rows=33218 width=8) (actual time=449.107..508.915 rows=346808 loops=1)
                                                         Sort Key: mi2.movie_id
                                                         Sort Method: external sort  Disk: 6872kB
                                                         Buffers: shared hit=3728 read=7421, temp read=1800 written=1719
                                                         ->  Bitmap Heap Scan on movie_info mi2  (cost=15878.69..419215.17 rows=33218 width=8) (actual time=32.733..369.069 rows=317981 loops=1)
                                                               Recheck Cond: (info_type_id = 7)
                                                               Filter: ((info)::text = ANY ('{LAB:Technicolor,"OFM:35 mm",OFM:Video,PCS:DV,"RAT:1.66 : 1","RAT:1.78 : 1"}'::text[]))
                                                               Rows Removed by Filter: 1083921
                                                               Heap Blocks: exact=10050
                                                               Buffers: shared hit=3728 read=7421
                                                               ->  Bitmap Index Scan on info_type_id_movie_info  (cost=0.00..15870.39 rows=1484527 width=0) (actual time=31.491..31.491 rows=1401902 loops=1)
                                                                     Index Cond: (info_type_id = 7)
                                                                     Buffers: shared hit=1 read=1098
                                             ->  Index Scan using title_pkey on title t  (cost=0.43..3.46 rows=1 width=8) (actual time=0.034..0.034 rows=1 loops=169060)
                                                   Index Cond: (id = mi1.movie_id)
                                                   Filter: ((production_year <= 2015) AND (1925 < production_year))
                                                   Rows Removed by Filter: 0
                                                   Buffers: shared hit=656436 read=19804
                                       ->  Memoize  (cost=0.14..0.16 rows=1 width=4) (actual time=0.000..0.000 rows=0 loops=93280)
                                             Cache Key: t.kind_id
                                             Cache Mode: logical
                                             Hits: 93274  Misses: 6  Evictions: 0  Overflows: 0  Memory Usage: 1kB
                                             Buffers: shared hit=12
                                             ->  Index Scan using kind_type_pkey on kind_type kt  (cost=0.13..0.15 rows=1 width=4) (actual time=0.008..0.009 rows=0 loops=6)
                                                   Index Cond: (id = t.kind_id)
                                                   Filter: ((kind)::text = ANY ('{"tv movie","tv series","video game"}'::text[]))
                                                   Rows Removed by Filter: 0
                                                   Buffers: shared hit=12
                                 ->  Index Scan using movie_id_cast_info on cast_info ci  (cost=0.44..43.28 rows=38 width=12) (actual time=0.040..0.302 rows=27 loops=7184)
                                       Index Cond: (movie_id = t.id)
                                       Buffers: shared hit=138211 read=71216
                           ->  Hash  (cost=1.15..1.15 rows=2 width=4) (actual time=0.016..0.017 rows=2 loops=1)
                                 Buckets: 1024  Batches: 1  Memory Usage: 9kB
                                 Buffers: shared hit=1
                                 ->  Seq Scan on role_type rt  (cost=0.00..1.15 rows=2 width=4) (actual time=0.010..0.011 rows=2 loops=1)
                                       Filter: ((role)::text = ANY ('{"costume designer","production designer"}'::text[]))
                                       Rows Removed by Filter: 10
                                       Buffers: shared hit=1
                     ->  Index Scan using name_pkey on name n  (cost=0.43..2.32 rows=1 width=4) (actual time=0.037..0.037 rows=0 loops=4601)
                           Index Cond: (id = ci.person_id)
                           Filter: ((gender)::text = 'm'::text)
                           Rows Removed by Filter: 1
                           Buffers: shared hit=16312 read=2092
 Planning:
   Buffers: shared hit=529 read=45
 Planning Time: 10.976 ms
 Execution Time: 9778.602 ms
(88 rows)

