                                                                                             QUERY PLAN                                                                                             
----------------------------------------------------------------------------------------------------------------------------------------------------------------------------------------------------
 Aggregate  (cost=401486.97..401486.98 rows=1 width=8) (actual time=20692.799..20692.804 rows=1 loops=1)
   Buffers: shared hit=1997486 read=123534
   ->  Nested Loop  (cost=48622.87..401486.96 rows=2 width=0) (actual time=178.704..20677.023 rows=132992 loops=1)
         Buffers: shared hit=1997486 read=123534
         ->  Seq Scan on info_type it2  (cost=0.00..2.41 rows=1 width=4) (actual time=0.033..0.038 rows=1 loops=1)
               Filter: (id = 7)
               Rows Removed by Filter: 112
               Buffers: shared hit=1
         ->  Nested Loop  (cost=48622.87..401484.53 rows=2 width=4) (actual time=178.670..20657.478 rows=132992 loops=1)
               Buffers: shared hit=1997485 read=123534
               ->  Seq Scan on info_type it1  (cost=0.00..2.41 rows=1 width=4) (actual time=0.006..0.012 rows=1 loops=1)
                     Filter: (id = 3)
                     Rows Removed by Filter: 112
                     Buffers: shared hit=1
               ->  Nested Loop  (cost=48622.87..401482.10 rows=2 width=8) (actual time=178.663..20637.465 rows=132992 loops=1)
                     Join Filter: (t.id = mi2.movie_id)
                     Buffers: shared hit=1997484 read=123534
                     ->  Nested Loop  (cost=48622.43..398226.50 rows=77 width=16) (actual time=178.643..16546.285 rows=49971 loops=1)
                           Join Filter: (t.id = mi1.movie_id)
                           Buffers: shared hit=1458867 read=123514
                           ->  Nested Loop  (cost=48622.00..225085.68 rows=4105 width=8) (actual time=178.573..7705.240 rows=106622 loops=1)
                                 Buffers: shared hit=432731 read=62068
                                 ->  Hash Join  (cost=48621.57..184088.17 rows=17675 width=12) (actual time=178.525..4608.335 rows=106622 loops=1)
                                       Hash Cond: (ci.movie_id = t.id)
                                       Buffers: shared hit=18631 read=49680
                                       ->  Nested Loop  (cost=0.44..123965.00 rows=3020080 width=8) (actual time=0.073..2965.431 rows=7451973 loops=1)
                                             Buffers: shared hit=5935 read=48989
                                             ->  Seq Scan on role_type rt  (cost=0.00..1.15 rows=1 width=4) (actual time=0.006..0.009 rows=1 loops=1)
                                                   Filter: ((role)::text = 'actress'::text)
                                                   Rows Removed by Filter: 11
                                                   Buffers: shared hit=1
                                             ->  Index Scan using role_id_cast_info on cast_info ci  (cost=0.44..91017.52 rows=3294633 width=12) (actual time=0.062..1905.405 rows=7451973 loops=1)
                                                   Index Cond: (role_id = rt.id)
                                                   Buffers: shared hit=5934 read=48989
                                       ->  Hash  (cost=48436.16..48436.16 rows=14797 width=4) (actual time=178.256..178.258 rows=103977 loops=1)
                                             Buckets: 131072 (originally 16384)  Batches: 1 (originally 1)  Memory Usage: 4680kB
                                             Buffers: shared hit=12696 read=691
                                             ->  Nested Loop  (cost=4497.16..48436.16 rows=14797 width=4) (actual time=21.888..163.698 rows=103977 loops=1)
                                                   Buffers: shared hit=12696 read=691
                                                   ->  Seq Scan on kind_type kt  (cost=0.00..1.09 rows=1 width=4) (actual time=0.006..0.008 rows=1 loops=1)
                                                         Filter: ((kind)::text = 'movie'::text)
                                                         Rows Removed by Filter: 6
                                                         Buffers: shared hit=1
                                                   ->  Bitmap Heap Scan on title t  (cost=4497.16..48262.45 rows=17263 width=8) (actual time=21.879..157.533 rows=103977 loops=1)
                                                         Recheck Cond: (kind_id = kt.id)
                                                         Filter: ((production_year <= 1925) AND (1875 < production_year))
                                                         Rows Removed by Filter: 558848
                                                         Heap Blocks: exact=12865
                                                         Buffers: shared hit=12695 read=691
                                                         ->  Bitmap Index Scan on kind_id_title  (cost=0.00..4492.84 rows=421388 width=0) (actual time=19.569..19.570 rows=662825 loops=1)
                                                               Index Cond: (kind_id = kt.id)
                                                               Buffers: shared read=521
                                 ->  Index Scan using name_pkey on name n  (cost=0.43..2.32 rows=1 width=4) (actual time=0.028..0.028 rows=1 loops=106622)
                                       Index Cond: (id = ci.person_id)
                                       Filter: ((gender)::text = 'f'::text)
                                       Buffers: shared hit=414100 read=12388
                           ->  Index Scan using movie_id_movie_info on movie_info mi1  (cost=0.43..42.17 rows=1 width=8) (actual time=0.082..0.082 rows=0 loops=106622)
                                 Index Cond: (movie_id = ci.movie_id)
                                 Filter: ((info_type_id = 3) AND ((info)::text = ANY ('{Crime,Documentary,Drama,Fantasy}'::text[])))
                                 Rows Removed by Filter: 12
                                 Buffers: shared hit=1026136 read=61446
                     ->  Index Scan using movie_id_movie_info on movie_info mi2  (cost=0.43..42.27 rows=1 width=8) (actual time=0.048..0.081 rows=3 loops=49971)
                           Index Cond: (movie_id = ci.movie_id)
                           Filter: ((info_type_id = 7) AND ((info)::text = ANY ('{"MET:100 m","MET:150 m","MET:900 m","OFM:35 mm",PCS:Spherical,"PFM:35 mm"}'::text[])))
                           Rows Removed by Filter: 11
                           Buffers: shared hit=538617 read=20
 Planning:
   Buffers: shared hit=521 read=53
 Planning Time: 12.315 ms
 Execution Time: 20693.276 ms
(70 rows)

