                                                                                            QUERY PLAN                                                                                            
--------------------------------------------------------------------------------------------------------------------------------------------------------------------------------------------------
 Aggregate  (cost=552051.15..552051.16 rows=1 width=8) (actual time=17968.133..17968.144 rows=1 loops=1)
   Buffers: shared hit=1636470 read=225236, temp read=1516 written=1516
   ->  Nested Loop  (cost=92245.85..552051.11 rows=17 width=0) (actual time=480.806..17966.800 rows=4346 loops=1)
         Buffers: shared hit=1636470 read=225236, temp read=1516 written=1516
         ->  Seq Scan on info_type it2  (cost=0.00..2.41 rows=1 width=4) (actual time=0.034..0.045 rows=1 loops=1)
               Filter: (id = 7)
               Rows Removed by Filter: 112
               Buffers: shared hit=1
         ->  Nested Loop  (cost=92245.85..552048.53 rows=17 width=4) (actual time=480.770..17965.717 rows=4346 loops=1)
               Buffers: shared hit=1636469 read=225236, temp read=1516 written=1516
               ->  Seq Scan on info_type it1  (cost=0.00..2.41 rows=1 width=4) (actual time=0.011..0.025 rows=1 loops=1)
                     Filter: (id = 3)
                     Rows Removed by Filter: 112
                     Buffers: shared hit=1
               ->  Nested Loop  (cost=92245.85..552045.95 rows=17 width=8) (actual time=480.756..17964.474 rows=4346 loops=1)
                     Buffers: shared hit=1636468 read=225236, temp read=1516 written=1516
                     ->  Hash Join  (cost=92245.42..551950.85 rows=41 width=12) (actual time=480.706..17257.998 rows=20716 loops=1)
                           Hash Cond: (ci.role_id = rt.id)
                           Buffers: shared hit=1555316 read=223524, temp read=1516 written=1516
                           ->  Nested Loop  (cost=92244.26..551947.95 rows=487 width=16) (actual time=480.439..17133.125 rows=741482 loops=1)
                                 Buffers: shared hit=1555315 read=223524, temp read=1516 written=1516
                                 ->  Nested Loop  (cost=92243.82..550390.07 rows=34 width=20) (actual time=480.395..10028.782 rows=22337 loops=1)
                                       Buffers: shared hit=843621 read=140646, temp read=1516 written=1516
                                       ->  Hash Join  (cost=92243.38..480664.67 rows=1591 width=12) (actual time=458.819..1401.520 rows=83381 loops=1)
                                             Hash Cond: (mi2.movie_id = t.id)
                                             Buffers: shared hit=909 read=46632, temp read=1516 written=1516
                                             ->  Bitmap Heap Scan on movie_info mi2  (cost=15881.37..404122.01 rows=43930 width=8) (actual time=40.019..674.938 rows=438017 loops=1)
                                                   Recheck Cond: (info_type_id = 7)
                                                   Filter: ((info)::text = ANY ('{PCS:Spherical,"RAT:1.33 : 1","RAT:1.37 : 1","RAT:1.66 : 1","RAT:2.35 : 1"}'::text[]))
                                                   Rows Removed by Filter: 963885
                                                   Heap Blocks: exact=10050
                                                   Buffers: shared hit=908 read=10241
                                                   ->  Bitmap Index Scan on info_type_id_movie_info  (cost=0.00..15870.39 rows=1484527 width=0) (actual time=38.737..38.738 rows=1401902 loops=1)
                                                         Index Cond: (info_type_id = 7)
                                                         Buffers: shared read=1099
                                             ->  Hash  (cost=75217.46..75217.46 rows=91564 width=4) (actual time=418.265..418.269 rows=204688 loops=1)
                                                   Buckets: 262144 (originally 131072)  Batches: 2 (originally 1)  Memory Usage: 6145kB
                                                   Buffers: shared hit=1 read=36391, temp written=299
                                                   ->  Hash Join  (cost=1.13..75217.46 rows=91564 width=4) (actual time=0.041..377.400 rows=204688 loops=1)
                                                         Hash Cond: (t.kind_id = kt.id)
                                                         Buffers: shared hit=1 read=36391
                                                         ->  Seq Scan on title t  (cost=0.00..74315.95 rows=213650 width=8) (actual time=0.021..350.773 rows=212483 loops=1)
                                                               Filter: ((production_year <= 1970) AND (1950 < production_year))
                                                               Rows Removed by Filter: 2315829
                                                               Buffers: shared read=36391
                                                         ->  Hash  (cost=1.10..1.10 rows=3 width=4) (actual time=0.012..0.014 rows=3 loops=1)
                                                               Buckets: 1024  Batches: 1  Memory Usage: 9kB
                                                               Buffers: shared hit=1
                                                               ->  Seq Scan on kind_type kt  (cost=0.00..1.10 rows=3 width=4) (actual time=0.007..0.008 rows=3 loops=1)
                                                                     Filter: ((kind)::text = ANY ('{episode,movie,"tv movie"}'::text[]))
                                                                     Rows Removed by Filter: 4
                                                                     Buffers: shared hit=1
                                       ->  Index Scan using movie_id_movie_info on movie_info mi1  (cost=0.43..43.81 rows=1 width=8) (actual time=0.103..0.103 rows=0 loops=83381)
                                             Index Cond: (movie_id = t.id)
                                             Filter: ((info_type_id = 3) AND ((info)::text = ANY ('{Adventure,Comedy,Crime,Drama,Romance}'::text[])))
                                             Rows Removed by Filter: 14
                                             Buffers: shared hit=842712 read=94014
                                 ->  Index Scan using movie_id_cast_info on cast_info ci  (cost=0.44..45.44 rows=38 width=12) (actual time=0.035..0.309 rows=33 loops=22337)
                                       Index Cond: (movie_id = t.id)
                                       Buffers: shared hit=711694 read=82878
                           ->  Hash  (cost=1.15..1.15 rows=1 width=4) (actual time=0.023..0.024 rows=1 loops=1)
                                 Buckets: 1024  Batches: 1  Memory Usage: 9kB
                                 Buffers: shared hit=1
                                 ->  Seq Scan on role_type rt  (cost=0.00..1.15 rows=1 width=4) (actual time=0.009..0.010 rows=1 loops=1)
                                       Filter: ((role)::text = 'editor'::text)
                                       Rows Removed by Filter: 11
                                       Buffers: shared hit=1
                     ->  Index Scan using name_pkey on name n  (cost=0.43..2.32 rows=1 width=4) (actual time=0.033..0.033 rows=0 loops=20716)
                           Index Cond: (id = ci.person_id)
                           Filter: ((gender)::text = 'm'::text)
                           Rows Removed by Filter: 1
                           Buffers: shared hit=81152 read=1712
 Planning:
   Buffers: shared hit=482 read=92
 Planning Time: 13.621 ms
 Execution Time: 17968.763 ms
(76 rows)

