                                                                                                                                                                                           QUERY PLAN                                                                                                                                                                                            
-------------------------------------------------------------------------------------------------------------------------------------------------------------------------------------------------------------------------------------------------------------------------------------------------------------------------------------------------------------------------------------------------
 Aggregate  (cost=1040993.42..1040993.43 rows=1 width=8) (actual time=72275.676..72275.685 rows=1 loops=1)
   Buffers: shared hit=7105897 read=303455, temp read=17147 written=17147
   ->  Nested Loop  (cost=645672.38..1040992.96 rows=184 width=0) (actual time=1903.161..72254.836 rows=99205 loops=1)
         Buffers: shared hit=7105897 read=303455, temp read=17147 written=17147
         ->  Seq Scan on info_type it2  (cost=0.00..2.41 rows=1 width=4) (actual time=0.037..0.043 rows=1 loops=1)
               Filter: (id = 7)
               Rows Removed by Filter: 112
               Buffers: shared hit=1
         ->  Nested Loop  (cost=645672.38..1040988.71 rows=184 width=4) (actual time=1903.122..72234.928 rows=99205 loops=1)
               Buffers: shared hit=7105896 read=303455, temp read=17147 written=17147
               ->  Seq Scan on info_type it1  (cost=0.00..2.41 rows=1 width=4) (actual time=0.012..0.022 rows=1 loops=1)
                     Filter: (id = 3)
                     Rows Removed by Filter: 112
                     Buffers: shared hit=1
               ->  Nested Loop  (cost=645672.38..1040984.45 rows=184 width=8) (actual time=1903.109..72213.671 rows=99205 loops=1)
                     Join Filter: (t.id = mi1.movie_id)
                     Buffers: shared hit=7105895 read=303455, temp read=17147 written=17147
                     ->  Nested Loop  (cost=645671.95..830722.24 rows=4961 width=16) (actual time=1897.542..51746.572 rows=103326 loops=1)
                           Buffers: shared hit=5189894 read=156357, temp read=17147 written=17147
                           ->  Hash Join  (cost=645671.52..781174.98 rows=21361 width=20) (actual time=1889.088..6877.195 rows=1314351 loops=1)
                                 Hash Cond: (ci.movie_id = t.id)
                                 Buffers: shared hit=8169 read=80678, temp read=17147 written=17147
                                 ->  Nested Loop  (cost=0.44..123965.00 rows=3020080 width=8) (actual time=0.101..2382.014 rows=4323018 loops=1)
                                       Buffers: shared hit=6164 read=35142
                                       ->  Seq Scan on role_type rt  (cost=0.00..1.15 rows=1 width=4) (actual time=0.009..0.011 rows=1 loops=1)
                                             Filter: ((role)::text = 'miscellaneous crew'::text)
                                             Rows Removed by Filter: 11
                                             Buffers: shared hit=1
                                       ->  Index Scan using role_id_cast_info on cast_info ci  (cost=0.44..91017.52 rows=3294633 width=12) (actual time=0.089..1589.972 rows=4323018 loops=1)
                                             Index Cond: (role_id = rt.id)
                                             Buffers: shared hit=6163 read=35142
                                 ->  Hash  (cost=645447.54..645447.54 rows=17883 width=12) (actual time=1888.676..1888.682 rows=278731 loops=1)
                                       Buckets: 262144 (originally 32768)  Batches: 2 (originally 1)  Memory Usage: 8038kB
                                       Buffers: shared hit=2005 read=45536, temp read=9192 written=9736
                                       ->  Hash Join  (cost=116701.62..645447.54 rows=17883 width=12) (actual time=1013.988..1843.250 rows=278731 loops=1)
                                             Hash Cond: (mi2.movie_id = t.id)
                                             Buffers: shared hit=2005 read=45536, temp read=9192 written=9192
                                             ->  Bitmap Heap Scan on movie_info mi2  (cost=15881.58..539984.80 rows=44766 width=8) (actual time=39.403..574.732 rows=463505 loops=1)
                                                   Recheck Cond: (info_type_id = 7)
                                                   Filter: ((info)::text = ANY ('{"CAM:Arriflex Cameras and Lenses","CAM:Arriflex Cameras","CAM:Canon 7D","CAM:Panavision Cameras and Lenses",LAB:DeLuxe,"LAB:FotoKem Laboratory, Burbank (CA), USA","PCS:Digital Intermediate",PCS:Spherical,"PCS:Super 16","PFM:16 mm","RAT:1.20 : 1","RAT:1.33 : 1","RAT:1.78 : 1","RAT:1.85 : 1"}'::text[]))
                                                   Rows Removed by Filter: 938397
                                                   Heap Blocks: exact=10050
                                                   Buffers: shared hit=2004 read=9145
                                                   ->  Bitmap Index Scan on info_type_id_movie_info  (cost=0.00..15870.39 rows=1484527 width=0) (actual time=38.156..38.156 rows=1401902 loops=1)
                                                         Index Cond: (info_type_id = 7)
                                                         Buffers: shared read=1099
                                             ->  Hash  (cost=84248.88..84248.88 rows=1010013 width=4) (actual time=973.259..973.263 rows=2148656 loops=1)
                                                   Buckets: 262144 (originally 262144)  Batches: 16 (originally 8)  Memory Usage: 6773kB
                                                   Buffers: shared hit=1 read=36391, temp written=5895
                                                   ->  Hash Join  (cost=1.13..84248.88 rows=1010013 width=4) (actual time=0.047..694.988 rows=2148656 loops=1)
                                                         Hash Cond: (t.kind_id = kt.id)
                                                         Buffers: shared hit=1 read=36391
                                                         ->  Seq Scan on title t  (cost=0.00..74315.95 rows=2356696 width=8) (actual time=0.025..437.322 rows=2352201 loops=1)
                                                               Filter: ((production_year <= 2015) AND (1925 < production_year))
                                                               Rows Removed by Filter: 176111
                                                               Buffers: shared read=36391
                                                         ->  Hash  (cost=1.10..1.10 rows=3 width=4) (actual time=0.014..0.016 rows=3 loops=1)
                                                               Buckets: 1024  Batches: 1  Memory Usage: 9kB
                                                               Buffers: shared hit=1
                                                               ->  Seq Scan on kind_type kt  (cost=0.00..1.10 rows=3 width=4) (actual time=0.008..0.009 rows=3 loops=1)
                                                                     Filter: ((kind)::text = ANY ('{episode,movie,"video movie"}'::text[]))
                                                                     Rows Removed by Filter: 4
                                                                     Buffers: shared hit=1
                           ->  Index Scan using name_pkey on name n  (cost=0.43..2.32 rows=1 width=4) (actual time=0.034..0.034 rows=0 loops=1314351)
                                 Index Cond: (id = ci.person_id)
                                 Filter: ((gender)::text = 'f'::text)
                                 Rows Removed by Filter: 1
                                 Buffers: shared hit=5181725 read=75679
                     ->  Index Scan using movie_id_movie_info on movie_info mi1  (cost=0.43..42.37 rows=1 width=8) (actual time=0.197..0.197 rows=1 loops=103326)
                           Index Cond: (movie_id = ci.movie_id)
                           Filter: ((info_type_id = 3) AND ((info)::text = ANY ('{Comedy,Drama,Music,Mystery,Short,Sport,Thriller,Western}'::text[])))
                           Rows Removed by Filter: 100
                           Buffers: shared hit=1916001 read=147098
 Planning:
   Buffers: shared hit=482 read=92
 Planning Time: 14.362 ms
 Execution Time: 72276.315 ms
(77 rows)

