                                                                                            QUERY PLAN                                                                                            
--------------------------------------------------------------------------------------------------------------------------------------------------------------------------------------------------
 Aggregate  (cost=650981.96..650981.97 rows=1 width=8) (actual time=7357.239..7357.251 rows=1 loops=1)
   Buffers: shared hit=658284 read=52420, temp read=4650 written=4650
   ->  Nested Loop  (cost=440969.53..650981.86 rows=41 width=0) (actual time=1049.439..7357.151 rows=244 loops=1)
         Buffers: shared hit=658284 read=52420, temp read=4650 written=4650
         ->  Seq Scan on info_type it2  (cost=0.00..2.41 rows=1 width=4) (actual time=0.030..0.040 rows=1 loops=1)
               Filter: (id = 7)
               Rows Removed by Filter: 112
               Buffers: shared hit=1
         ->  Nested Loop  (cost=440969.53..650979.04 rows=41 width=4) (actual time=1049.407..7357.039 rows=244 loops=1)
               Buffers: shared hit=658283 read=52420, temp read=4650 written=4650
               ->  Seq Scan on info_type it1  (cost=0.00..2.41 rows=1 width=4) (actual time=0.007..0.021 rows=1 loops=1)
                     Filter: (id = 3)
                     Rows Removed by Filter: 112
                     Buffers: shared hit=1
               ->  Nested Loop  (cost=440969.53..650976.22 rows=41 width=8) (actual time=1049.399..7356.943 rows=244 loops=1)
                     Join Filter: (t.id = mi1.movie_id)
                     Buffers: shared hit=658282 read=52420, temp read=4650 written=4650
                     ->  Nested Loop  (cost=440969.10..590568.77 rows=1427 width=16) (actual time=1015.911..7280.280 rows=604 loops=1)
                           Buffers: shared hit=651486 read=51302, temp read=4650 written=4650
                           ->  Hash Join  (cost=440968.67..576319.96 rows=6143 width=20) (actual time=1015.520..1854.838 rows=162233 loops=1)
                                 Hash Cond: (ci.movie_id = t.id)
                                 Buffers: shared hit=5002 read=48854, temp read=4650 written=4650
                                 ->  Nested Loop  (cost=0.44..123965.00 rows=3020080 width=8) (actual time=0.098..432.574 rows=898389 loops=1)
                                       Buffers: shared hit=1 read=6314
                                       ->  Seq Scan on role_type rt  (cost=0.00..1.15 rows=1 width=4) (actual time=0.007..0.009 rows=1 loops=1)
                                             Filter: ((role)::text = 'cinematographer'::text)
                                             Rows Removed by Filter: 11
                                             Buffers: shared hit=1
                                       ->  Index Scan using role_id_cast_info on cast_info ci  (cost=0.44..91017.52 rows=3294633 width=12) (actual time=0.089..279.934 rows=898389 loops=1)
                                             Index Cond: (role_id = rt.id)
                                             Buffers: shared read=6314
                                 ->  Hash  (cost=440903.94..440903.94 rows=5143 width=12) (actual time=1015.175..1015.181 rows=220409 loops=1)
                                       Buckets: 262144 (originally 8192)  Batches: 2 (originally 1)  Memory Usage: 6786kB
                                       Buffers: shared hit=5001 read=42540, temp read=2684 written=3114
                                       ->  Hash Join  (cost=96341.01..440903.94 rows=5143 width=12) (actual time=565.317..981.416 rows=220409 loops=1)
                                             Hash Cond: (mi2.movie_id = t.id)
                                             Buffers: shared hit=5001 read=42540, temp read=2684 written=2684
                                             ->  Bitmap Heap Scan on movie_info mi2  (cost=15884.28..358837.39 rows=55571 width=8) (actual time=38.203..298.826 rows=512902 loops=1)
                                                   Recheck Cond: (info_type_id = 7)
                                                   Filter: ((info)::text = ANY ('{"OFM:35 mm","PFM:35 mm"}'::text[]))
                                                   Rows Removed by Filter: 889000
                                                   Heap Blocks: exact=10050
                                                   Buffers: shared hit=5000 read=6149
                                                   ->  Bitmap Index Scan on info_type_id_movie_info  (cost=0.00..15870.39 rows=1484527 width=0) (actual time=36.945..36.945 rows=1401902 loops=1)
                                                         Index Cond: (info_type_id = 7)
                                                         Buffers: shared read=1099
                                             ->  Hash  (cost=76617.93..76617.93 rows=233984 width=4) (actual time=526.025..526.029 rows=504538 loops=1)
                                                   Buckets: 262144 (originally 262144)  Batches: 4 (originally 2)  Memory Usage: 6483kB
                                                   Buffers: shared hit=1 read=36391, temp written=1107
                                                   ->  Hash Join  (cost=1.13..76617.93 rows=233984 width=4) (actual time=0.042..443.177 rows=504538 loops=1)
                                                         Hash Cond: (t.kind_id = kt.id)
                                                         Buffers: shared hit=1 read=36391
                                                         ->  Seq Scan on title t  (cost=0.00..74315.95 rows=545963 width=8) (actual time=0.021..381.718 rows=538239 loops=1)
                                                               Filter: ((production_year <= 1990) AND (1950 < production_year))
                                                               Rows Removed by Filter: 1990073
                                                               Buffers: shared read=36391
                                                         ->  Hash  (cost=1.10..1.10 rows=3 width=4) (actual time=0.013..0.015 rows=3 loops=1)
                                                               Buckets: 1024  Batches: 1  Memory Usage: 9kB
                                                               Buffers: shared hit=1
                                                               ->  Seq Scan on kind_type kt  (cost=0.00..1.10 rows=3 width=4) (actual time=0.006..0.008 rows=3 loops=1)
                                                                     Filter: ((kind)::text = ANY ('{episode,movie,"tv movie"}'::text[]))
                                                                     Rows Removed by Filter: 4
                                                                     Buffers: shared hit=1
                           ->  Index Scan using name_pkey on name n  (cost=0.43..2.32 rows=1 width=4) (actual time=0.033..0.033 rows=0 loops=162233)
                                 Index Cond: (id = ci.person_id)
                                 Filter: ((gender)::text = 'f'::text)
                                 Rows Removed by Filter: 1
                                 Buffers: shared hit=646484 read=2448
                     ->  Index Scan using movie_id_movie_info on movie_info mi1  (cost=0.43..42.32 rows=1 width=8) (actual time=0.126..0.126 rows=0 loops=604)
                           Index Cond: (movie_id = ci.movie_id)
                           Filter: ((info_type_id = 3) AND ((info)::text = ANY ('{Animation,Crime,Documentary,Fantasy,Mystery,Romance,Short}'::text[])))
                           Rows Removed by Filter: 21
                           Buffers: shared hit=6796 read=1118
 Planning:
   Buffers: shared hit=480 read=94
 Planning Time: 12.895 ms
 Execution Time: 7357.782 ms
(77 rows)

