                                                                                                                                            QUERY PLAN                                                                                                                                             
---------------------------------------------------------------------------------------------------------------------------------------------------------------------------------------------------------------------------------------------------------------------------------------------------
 Aggregate  (cost=1007828.48..1007828.49 rows=1 width=8) (actual time=38352.278..38352.287 rows=1 loops=1)
   Buffers: shared hit=3660597 read=227127, temp read=8524 written=7966
   ->  Nested Loop  (cost=912018.03..1007827.37 rows=447 width=0) (actual time=1153.600..38296.136 rows=319660 loops=1)
         Buffers: shared hit=3660597 read=227127, temp read=8524 written=7966
         ->  Seq Scan on info_type it2  (cost=0.00..2.41 rows=1 width=4) (actual time=0.032..0.044 rows=1 loops=1)
               Filter: (id = 7)
               Rows Removed by Filter: 112
               Buffers: shared hit=1
         ->  Nested Loop  (cost=912018.03..1007820.48 rows=447 width=4) (actual time=1153.566..38225.912 rows=319660 loops=1)
               Buffers: shared hit=3660596 read=227127, temp read=8524 written=7966
               ->  Seq Scan on info_type it1  (cost=0.00..2.41 rows=1 width=4) (actual time=0.013..0.027 rows=1 loops=1)
                     Filter: (id = 3)
                     Rows Removed by Filter: 112
                     Buffers: shared hit=1
               ->  Nested Loop  (cost=912018.03..1007813.60 rows=447 width=8) (actual time=1153.551..38153.548 rows=319660 loops=1)
                     Buffers: shared hit=3660595 read=227127, temp read=8524 written=7966
                     ->  Hash Join  (cost=912017.60..1005340.99 rows=1066 width=12) (actual time=1153.528..26606.510 rows=319660 loops=1)
                           Hash Cond: (ci.role_id = rt.id)
                           Buffers: shared hit=2406474 read=202608, temp read=8524 written=7966
                           ->  Nested Loop  (cost=912016.44..1005294.41 rows=12786 width=16) (actual time=1153.011..26358.958 rows=855394 loops=1)
                                 Buffers: shared hit=2406473 read=202608, temp read=8524 written=7966
                                 ->  Nested Loop  (cost=912016.00..966349.98 rows=892 width=20) (actual time=1152.985..17110.863 rows=26845 loops=1)
                                       Buffers: shared hit=1661207 read=31397, temp read=8524 written=7966
                                       ->  Nested Loop  (cost=912015.86..966299.10 rows=2082 width=24) (actual time=1152.969..16934.886 rows=240855 loops=1)
                                             Buffers: shared hit=1661195 read=31397, temp read=8524 written=7966
                                             ->  Merge Join  (cost=912015.43..912943.69 rows=16431 width=16) (actual time=1152.921..1830.499 rows=417617 loops=1)
                                                   Merge Cond: (mi1.movie_id = mi2.movie_id)
                                                   Buffers: shared hit=14721 read=7403, temp read=8524 written=7966
                                                   ->  Sort  (cost=397223.93..397449.22 rows=90115 width=8) (actual time=523.373..683.776 rows=868112 loops=1)
                                                         Sort Key: mi1.movie_id
                                                         Sort Method: external sort  Disk: 18768kB
                                                         Buffers: shared hit=3598 read=7377, temp read=4682 written=4694
                                                         ->  Bitmap Heap Scan on movie_info mi1  (cost=16471.02..389807.70 rows=90115 width=8) (actual time=42.179..307.873 rows=868118 loops=1)
                                                               Recheck Cond: (info_type_id = 3)
                                                               Filter: ((info)::text = ANY ('{Action,Adult,Adventure,Animation,Drama,Horror,Musical,Short,Thriller}'::text[]))
                                                               Rows Removed by Filter: 665791
                                                               Heap Blocks: exact=9772
                                                               Buffers: shared hit=3598 read=7377
                                                               ->  Bitmap Index Scan on info_type_id_movie_info  (cost=0.00..16448.47 rows=1538671 width=0) (actual time=40.985..40.985 rows=1533909 loops=1)
                                                                     Index Cond: (info_type_id = 3)
                                                                     Buffers: shared hit=1 read=1202
                                                   ->  Sort  (cost=514791.50..514948.19 rows=62676 width=8) (actual time=629.536..773.761 rows=710611 loops=1)
                                                         Sort Key: mi2.movie_id
                                                         Sort Method: external sort  Disk: 13080kB
                                                         Buffers: shared hit=11123 read=26, temp read=3553 written=3272
                                                         ->  Bitmap Heap Scan on movie_info mi2  (cost=15886.06..509797.59 rows=62676 width=8) (actual time=31.608..481.318 rows=605368 loops=1)
                                                               Recheck Cond: (info_type_id = 7)
                                                               Filter: ((info)::text = ANY ('{"CAM:Arriflex Cameras and Lenses",LAB:Technicolor,"OFM:35 mm","OFM:Super 16",PCS:(anamorphic),PCS:DV,"PCS:Super 35",PFM:Video,"RAT:1.33 : 1","RAT:1.78 : 1","RAT:1.85 : 1","RAT:16:9 HD"}'::text[]))
                                                               Rows Removed by Filter: 796534
                                                               Heap Blocks: exact=10050
                                                               Buffers: shared hit=11123 read=26
                                                               ->  Bitmap Index Scan on info_type_id_movie_info  (cost=0.00..15870.39 rows=1484527 width=0) (actual time=30.377..30.378 rows=1401902 loops=1)
                                                                     Index Cond: (info_type_id = 7)
                                                                     Buffers: shared hit=1099
                                             ->  Index Scan using title_pkey on title t  (cost=0.43..3.25 rows=1 width=8) (actual time=0.036..0.036 rows=1 loops=417617)
                                                   Index Cond: (id = mi1.movie_id)
                                                   Filter: ((production_year <= 2015) AND (1925 < production_year))
                                                   Rows Removed by Filter: 0
                                                   Buffers: shared hit=1646474 read=23994
                                       ->  Memoize  (cost=0.14..0.16 rows=1 width=4) (actual time=0.000..0.000 rows=0 loops=240855)
                                             Cache Key: t.kind_id
                                             Cache Mode: logical
                                             Hits: 240849  Misses: 6  Evictions: 0  Overflows: 0  Memory Usage: 1kB
                                             Buffers: shared hit=12
                                             ->  Index Scan using kind_type_pkey on kind_type kt  (cost=0.13..0.15 rows=1 width=4) (actual time=0.011..0.011 rows=0 loops=6)
                                                   Index Cond: (id = t.kind_id)
                                                   Filter: ((kind)::text = ANY ('{"tv movie","tv series","video game"}'::text[]))
                                                   Rows Removed by Filter: 0
                                                   Buffers: shared hit=12
                                 ->  Index Scan using movie_id_cast_info on cast_info ci  (cost=0.44..43.28 rows=38 width=12) (actual time=0.037..0.334 rows=32 loops=26845)
                                       Index Cond: (movie_id = t.id)
                                       Buffers: shared hit=745266 read=171211
                           ->  Hash  (cost=1.15..1.15 rows=1 width=4) (actual time=0.016..0.017 rows=1 loops=1)
                                 Buckets: 1024  Batches: 1  Memory Usage: 9kB
                                 Buffers: shared hit=1
                                 ->  Seq Scan on role_type rt  (cost=0.00..1.15 rows=1 width=4) (actual time=0.010..0.011 rows=1 loops=1)
                                       Filter: ((role)::text = 'actor'::text)
                                       Rows Removed by Filter: 11
                                       Buffers: shared hit=1
                     ->  Index Scan using name_pkey on name n  (cost=0.43..2.32 rows=1 width=4) (actual time=0.035..0.035 rows=1 loops=319660)
                           Index Cond: (id = ci.person_id)
                           Filter: ((gender)::text = 'm'::text)
                           Buffers: shared hit=1254121 read=24519
 Planning:
   Buffers: shared hit=576 read=1
 Planning Time: 13.466 ms
 Execution Time: 38363.160 ms
(87 rows)

