                                                                                               QUERY PLAN                                                                                               
--------------------------------------------------------------------------------------------------------------------------------------------------------------------------------------------------------
 Aggregate  (cost=437162.94..437162.95 rows=1 width=8) (actual time=3290.131..3290.140 rows=1 loops=1)
   Buffers: shared hit=310009 read=27048
   ->  Nested Loop  (cost=16454.74..437162.94 rows=1 width=0) (actual time=128.214..3290.128 rows=31 loops=1)
         Buffers: shared hit=310009 read=27048
         ->  Hash Join  (cost=16454.31..437160.62 rows=1 width=4) (actual time=128.162..3288.410 rows=31 loops=1)
               Hash Cond: (ci.role_id = rt.id)
               Buffers: shared hit=309887 read=27046
               ->  Nested Loop  (cost=16453.15..437159.41 rows=14 width=8) (actual time=128.104..3288.332 rows=69 loops=1)
                     Buffers: shared hit=309886 read=27046
                     ->  Nested Loop  (cost=16452.71..437106.56 rows=1 width=12) (actual time=128.036..3287.462 rows=6 loops=1)
                           Buffers: shared hit=309850 read=27007
                           ->  Nested Loop  (cost=16452.71..437104.14 rows=1 width=16) (actual time=128.029..3287.376 rows=6 loops=1)
                                 Buffers: shared hit=309844 read=27007
                                 ->  Nested Loop  (cost=16452.71..437101.72 rows=1 width=20) (actual time=127.998..3287.241 rows=6 loops=1)
                                       Buffers: shared hit=309838 read=27007
                                       ->  Hash Join  (cost=16452.28..434439.83 rows=55 width=12) (actual time=44.785..3264.652 rows=174 loops=1)
                                             Hash Cond: (t.kind_id = kt.id)
                                             Buffers: shared hit=309117 read=25711
                                             ->  Nested Loop  (cost=16451.16..434437.91 rows=192 width=16) (actual time=44.738..3263.189 rows=5819 loops=1)
                                                   Buffers: shared hit=309116 read=25711
                                                   ->  Bitmap Heap Scan on movie_info mi1  (cost=16450.72..374677.86 rows=9027 width=8) (actual time=41.877..605.847 rows=83180 loops=1)
                                                         Recheck Cond: (info_type_id = 3)
                                                         Filter: ((info)::text = ANY ('{Family,Music,War}'::text[]))
                                                         Rows Removed by Filter: 1450729
                                                         Heap Blocks: exact=9772
                                                         Buffers: shared hit=2 read=10973
                                                         ->  Bitmap Index Scan on info_type_id_movie_info  (cost=0.00..16448.47 rows=1538671 width=0) (actual time=40.676..40.677 rows=1533909 loops=1)
                                                               Index Cond: (info_type_id = 3)
                                                               Buffers: shared read=1203
                                                   ->  Memoize  (cost=0.44..6.69 rows=1 width=8) (actual time=0.032..0.032 rows=0 loops=83180)
                                                         Cache Key: mi1.movie_id
                                                         Cache Mode: logical
                                                         Hits: 2217  Misses: 80963  Evictions: 0  Overflows: 0  Memory Usage: 5596kB
                                                         Buffers: shared hit=309114 read=14738
                                                         ->  Index Scan using title_pkey on title t  (cost=0.43..6.68 rows=1 width=8) (actual time=0.032..0.032 rows=0 loops=80963)
                                                               Index Cond: (id = mi1.movie_id)
                                                               Filter: ((production_year <= 1949) AND (1928 < production_year))
                                                               Rows Removed by Filter: 1
                                                               Buffers: shared hit=309114 read=14738
                                             ->  Hash  (cost=1.09..1.09 rows=2 width=4) (actual time=0.020..0.021 rows=2 loops=1)
                                                   Buckets: 1024  Batches: 1  Memory Usage: 9kB
                                                   Buffers: shared hit=1
                                                   ->  Seq Scan on kind_type kt  (cost=0.00..1.09 rows=2 width=4) (actual time=0.010..0.011 rows=2 loops=1)
                                                         Filter: ((kind)::text = ANY ('{"tv movie","tv series"}'::text[]))
                                                         Rows Removed by Filter: 5
                                                         Buffers: shared hit=1
                                       ->  Index Scan using movie_id_movie_info on movie_info mi2  (cost=0.43..48.39 rows=1 width=8) (actual time=0.127..0.129 rows=0 loops=174)
                                             Index Cond: (movie_id = t.id)
                                             Filter: (((info)::text = ANY ('{PCS:Spherical,"RAT:1.37 : 1"}'::text[])) AND (info_type_id = 7))
                                             Rows Removed by Filter: 11
                                             Buffers: shared hit=721 read=1296
                                 ->  Seq Scan on info_type it1  (cost=0.00..2.41 rows=1 width=4) (actual time=0.011..0.019 rows=1 loops=6)
                                       Filter: (id = 3)
                                       Rows Removed by Filter: 112
                                       Buffers: shared hit=6
                           ->  Seq Scan on info_type it2  (cost=0.00..2.41 rows=1 width=4) (actual time=0.005..0.012 rows=1 loops=6)
                                 Filter: (id = 7)
                                 Rows Removed by Filter: 112
                                 Buffers: shared hit=6
                     ->  Index Scan using movie_id_cast_info on cast_info ci  (cost=0.44..52.46 rows=38 width=12) (actual time=0.039..0.140 rows=12 loops=6)
                           Index Cond: (movie_id = t.id)
                           Buffers: shared hit=36 read=39
               ->  Hash  (cost=1.15..1.15 rows=1 width=4) (actual time=0.034..0.035 rows=1 loops=1)
                     Buckets: 1024  Batches: 1  Memory Usage: 9kB
                     Buffers: shared hit=1
                     ->  Seq Scan on role_type rt  (cost=0.00..1.15 rows=1 width=4) (actual time=0.025..0.028 rows=1 loops=1)
                           Filter: ((role)::text = 'actor'::text)
                           Rows Removed by Filter: 11
                           Buffers: shared hit=1
         ->  Index Scan using name_pkey on name n  (cost=0.43..2.32 rows=1 width=4) (actual time=0.055..0.055 rows=1 loops=31)
               Index Cond: (id = ci.person_id)
               Filter: ((gender)::text = 'm'::text)
               Buffers: shared hit=122 read=2
 Planning:
   Buffers: shared hit=487 read=87
 Planning Time: 13.015 ms
 Execution Time: 3292.168 ms
(77 rows)

