                                                                                            QUERY PLAN                                                                                            
--------------------------------------------------------------------------------------------------------------------------------------------------------------------------------------------------
 Aggregate  (cost=765669.23..765669.24 rows=1 width=8) (actual time=23595.273..23595.283 rows=1 loops=1)
   Buffers: shared hit=1626875 read=782623, temp read=4135 written=4135
   ->  Nested Loop  (cost=101301.88..765668.98 rows=97 width=0) (actual time=882.472..23593.901 rows=3342 loops=1)
         Buffers: shared hit=1626875 read=782623, temp read=4135 written=4135
         ->  Seq Scan on info_type it2  (cost=0.00..2.41 rows=1 width=4) (actual time=0.046..0.055 rows=1 loops=1)
               Filter: (id = 7)
               Rows Removed by Filter: 112
               Buffers: shared hit=1
         ->  Nested Loop  (cost=101301.88..765665.60 rows=97 width=4) (actual time=882.424..23593.015 rows=3342 loops=1)
               Buffers: shared hit=1626874 read=782623, temp read=4135 written=4135
               ->  Seq Scan on info_type it1  (cost=0.00..2.41 rows=1 width=4) (actual time=0.009..0.020 rows=1 loops=1)
                     Filter: (id = 3)
                     Rows Removed by Filter: 112
                     Buffers: shared hit=1
               ->  Nested Loop  (cost=101301.88..765662.22 rows=97 width=8) (actual time=882.412..23592.017 rows=3342 loops=1)
                     Buffers: shared hit=1626873 read=782623, temp read=4135 written=4135
                     ->  Hash Join  (cost=101301.45..764697.30 rows=416 width=12) (actual time=729.134..21510.758 rows=61111 loops=1)
                           Hash Cond: (ci.role_id = rt.id)
                           Buffers: shared hit=1418953 read=746099, temp read=4135 written=4135
                           ->  Nested Loop  (cost=101300.27..764687.26 rows=2494 width=16) (actual time=728.902..21317.478 rows=1242992 loops=1)
                                 Buffers: shared hit=1418952 read=746099, temp read=4135 written=4135
                                 ->  Nested Loop  (cost=101299.83..757038.50 rows=174 width=20) (actual time=728.877..8870.807 rows=41892 loops=1)
                                       Buffers: shared hit=512491 read=318776, temp read=4135 written=4135
                                       ->  Hash Join  (cost=101299.40..491687.06 rows=6234 width=12) (actual time=717.354..1403.080 rows=56182 loops=1)
                                             Hash Cond: (mi2.movie_id = t.id)
                                             Buffers: shared hit=22300 read=25241, temp read=4135 written=4135
                                             ->  Bitmap Heap Scan on movie_info mi2  (cost=15879.70..404120.34 rows=37250 width=8) (actual time=40.294..451.699 rows=340092 loops=1)
                                                   Recheck Cond: (info_type_id = 7)
                                                   Filter: ((info)::text = ANY ('{"OFM:35 mm","OFM:Super 16",PFM:Video,"RAT:1.78 : 1","RAT:1.85 : 1"}'::text[]))
                                                   Rows Removed by Filter: 1061810
                                                   Heap Blocks: exact=10050
                                                   Buffers: shared hit=118 read=11031
                                                   ->  Bitmap Index Scan on info_type_id_movie_info  (cost=0.00..15870.39 rows=1484527 width=0) (actual time=39.049..39.049 rows=1401902 loops=1)
                                                         Index Cond: (info_type_id = 7)
                                                         Buffers: shared hit=1 read=1098
                                             ->  Hash  (cost=78477.74..78477.74 rows=423117 width=4) (actual time=675.833..675.836 rows=913823 loops=1)
                                                   Buckets: 262144 (originally 262144)  Batches: 8 (originally 4)  Memory Usage: 6145kB
                                                   Buffers: shared hit=22182 read=14210, temp written=2340
                                                   ->  Hash Join  (cost=1.13..78477.74 rows=423117 width=4) (actual time=0.048..547.970 rows=913823 loops=1)
                                                         Hash Cond: (t.kind_id = kt.id)
                                                         Buffers: shared hit=22182 read=14210
                                                         ->  Seq Scan on title t  (cost=0.00..74315.95 rows=987274 width=8) (actual time=0.023..438.034 rows=989787 loops=1)
                                                               Filter: ((production_year <= 2010) AND (2000 < production_year))
                                                               Rows Removed by Filter: 1538525
                                                               Buffers: shared hit=22181 read=14210
                                                         ->  Hash  (cost=1.10..1.10 rows=3 width=4) (actual time=0.013..0.014 rows=3 loops=1)
                                                               Buckets: 1024  Batches: 1  Memory Usage: 9kB
                                                               Buffers: shared hit=1
                                                               ->  Seq Scan on kind_type kt  (cost=0.00..1.10 rows=3 width=4) (actual time=0.007..0.009 rows=3 loops=1)
                                                                     Filter: ((kind)::text = ANY ('{episode,movie,"video movie"}'::text[]))
                                                                     Rows Removed by Filter: 4
                                                                     Buffers: shared hit=1
                                       ->  Index Scan using movie_id_movie_info on movie_info mi1  (cost=0.43..42.56 rows=1 width=8) (actual time=0.132..0.132 rows=1 loops=56182)
                                             Index Cond: (movie_id = t.id)
                                             Filter: ((info_type_id = 3) AND ((info)::text = ANY ('{Animation,Drama,Music,Sci-Fi,Short}'::text[])))
                                             Rows Removed by Filter: 29
                                             Buffers: shared hit=490191 read=293535
                                 ->  Index Scan using movie_id_cast_info on cast_info ci  (cost=0.44..43.58 rows=38 width=12) (actual time=0.035..0.290 rows=30 loops=41892)
                                       Index Cond: (movie_id = t.id)
                                       Buffers: shared hit=906461 read=427323
                           ->  Hash  (cost=1.15..1.15 rows=2 width=4) (actual time=0.022..0.023 rows=2 loops=1)
                                 Buckets: 1024  Batches: 1  Memory Usage: 9kB
                                 Buffers: shared hit=1
                                 ->  Seq Scan on role_type rt  (cost=0.00..1.15 rows=2 width=4) (actual time=0.013..0.014 rows=2 loops=1)
                                       Filter: ((role)::text = ANY ('{editor,"production designer"}'::text[]))
                                       Rows Removed by Filter: 10
                                       Buffers: shared hit=1
                     ->  Index Scan using name_pkey on name n  (cost=0.43..2.32 rows=1 width=4) (actual time=0.034..0.034 rows=0 loops=61111)
                           Index Cond: (id = ci.person_id)
                           Filter: ((gender)::text = 'f'::text)
                           Rows Removed by Filter: 1
                           Buffers: shared hit=207920 read=36524
 Planning:
   Buffers: shared hit=574
 Planning Time: 13.771 ms
 Execution Time: 23595.854 ms
(76 rows)

