                                                                                                                          QUERY PLAN                                                                                                                          
--------------------------------------------------------------------------------------------------------------------------------------------------------------------------------------------------------------------------------------------------------------
 Aggregate  (cost=967445.40..967445.41 rows=1 width=8) (actual time=35859.004..35859.013 rows=1 loops=1)
   Buffers: shared hit=3343927 read=225998, temp read=13521 written=12310
   ->  Nested Loop  (cost=854112.64..967443.46 rows=778 width=0) (actual time=1197.312..35851.459 rows=31355 loops=1)
         Buffers: shared hit=3343927 read=225998, temp read=13521 written=12310
         ->  Seq Scan on info_type it2  (cost=0.00..2.41 rows=1 width=4) (actual time=0.045..0.058 rows=1 loops=1)
               Filter: (id = 7)
               Rows Removed by Filter: 112
               Buffers: shared hit=1
         ->  Nested Loop  (cost=854112.64..967433.26 rows=778 width=4) (actual time=1197.265..35844.136 rows=31355 loops=1)
               Buffers: shared hit=3343926 read=225998, temp read=13521 written=12310
               ->  Seq Scan on info_type it1  (cost=0.00..2.41 rows=1 width=4) (actual time=0.009..0.024 rows=1 loops=1)
                     Filter: (id = 3)
                     Rows Removed by Filter: 112
                     Buffers: shared hit=1
               ->  Nested Loop  (cost=854112.64..967423.07 rows=778 width=8) (actual time=1197.255..35836.106 rows=31355 loops=1)
                     Buffers: shared hit=3343925 read=225998, temp read=13521 written=12310
                     ->  Hash Join  (cost=854112.21..964653.56 rows=1194 width=12) (actual time=1197.223..32989.078 rows=74832 loops=1)
                           Hash Cond: (ci.role_id = rt.id)
                           Buffers: shared hit=3063093 read=207502, temp read=13521 written=12310
                           ->  Nested Loop  (cost=854111.04..964601.49 rows=14334 width=16) (actual time=1197.078..32806.739 rows=824161 loops=1)
                                 Buffers: shared hit=3063092 read=207502, temp read=13521 written=12310
                                 ->  Nested Loop  (cost=854110.60..920903.79 rows=1000 width=20) (actual time=1197.056..23709.904 rows=28592 loops=1)
                                       Buffers: shared hit=2343694 read=36282, temp read=13521 written=12310
                                       ->  Nested Loop  (cost=854110.46..920846.88 rows=2334 width=24) (actual time=1197.036..23536.320 rows=229107 loops=1)
                                             Buffers: shared hit=2343682 read=36282, temp read=13521 written=12310
                                             ->  Merge Join  (cost=854110.03..855227.56 rows=21668 width=16) (actual time=1196.981..2058.333 rows=589460 loops=1)
                                                   Merge Cond: (mi1.movie_id = mi2.movie_id)
                                                   Buffers: shared hit=13653 read=8471, temp read=13521 written=12310
                                                   ->  Sort  (cost=399563.99..399853.77 rows=115913 width=8) (actual time=668.414..870.767 rows=1110198 loops=1)
                                                         Sort Key: mi1.movie_id
                                                         Sort Method: external sort  Disk: 23992kB
                                                         Buffers: shared hit=2504 read=8471, temp read=8975 written=8990
                                                         ->  Bitmap Heap Scan on movie_info mi1  (cost=16477.47..389814.15 rows=115913 width=8) (actual time=44.147..326.883 rows=1110204 loops=1)
                                                               Recheck Cond: (info_type_id = 3)
                                                               Filter: ((info)::text = ANY ('{Adventure,Animation,Comedy,Crime,Documentary,Drama,Fantasy,Horror,Short}'::text[]))
                                                               Rows Removed by Filter: 423705
                                                               Heap Blocks: exact=9772
                                                               Buffers: shared hit=2504 read=8471
                                                               ->  Bitmap Index Scan on info_type_id_movie_info  (cost=0.00..16448.47 rows=1538671 width=0) (actual time=42.952..42.952 rows=1533909 loops=1)
                                                                     Index Cond: (info_type_id = 3)
                                                                     Buffers: shared hit=1 read=1202
                                                   ->  Sort  (cost=454546.04..454706.68 rows=64257 width=8) (actual time=528.555..706.504 rows=833121 loops=1)
                                                         Sort Key: mi2.movie_id
                                                         Sort Method: external sort  Disk: 13272kB
                                                         Buffers: shared hit=11149, temp read=3929 written=3320
                                                         ->  Bitmap Heap Scan on movie_info mi2  (cost=15886.45..449414.62 rows=64257 width=8) (actual time=30.542..378.019 rows=614112 loops=1)
                                                               Recheck Cond: (info_type_id = 7)
                                                               Filter: ((info)::text = ANY ('{"PCS:Digital Intermediate","PFM:35 mm","RAT:1.33 : 1","RAT:1.78 : 1 / (high definition)","RAT:1.78 : 1","RAT:1.85 : 1","RAT:16:9 HD","RAT:2.35 : 1"}'::text[]))
                                                               Rows Removed by Filter: 787790
                                                               Heap Blocks: exact=10050
                                                               Buffers: shared hit=11149
                                                               ->  Bitmap Index Scan on info_type_id_movie_info  (cost=0.00..15870.39 rows=1484527 width=0) (actual time=29.309..29.310 rows=1401902 loops=1)
                                                                     Index Cond: (info_type_id = 7)
                                                                     Buffers: shared hit=1099
                                             ->  Index Scan using title_pkey on title t  (cost=0.43..3.03 rows=1 width=8) (actual time=0.036..0.036 rows=0 loops=589460)
                                                   Index Cond: (id = mi1.movie_id)
                                                   Filter: ((production_year <= 2015) AND (1975 < production_year))
                                                   Rows Removed by Filter: 1
                                                   Buffers: shared hit=2330029 read=27811
                                       ->  Memoize  (cost=0.14..0.16 rows=1 width=4) (actual time=0.000..0.000 rows=0 loops=229107)
                                             Cache Key: t.kind_id
                                             Cache Mode: logical
                                             Hits: 229101  Misses: 6  Evictions: 0  Overflows: 0  Memory Usage: 1kB
                                             Buffers: shared hit=12
                                             ->  Index Scan using kind_type_pkey on kind_type kt  (cost=0.13..0.15 rows=1 width=4) (actual time=0.011..0.011 rows=0 loops=6)
                                                   Index Cond: (id = t.kind_id)
                                                   Filter: ((kind)::text = ANY ('{"tv movie","tv series","video game"}'::text[]))
                                                   Rows Removed by Filter: 0
                                                   Buffers: shared hit=12
                                 ->  Index Scan using movie_id_cast_info on cast_info ci  (cost=0.44..43.32 rows=38 width=12) (actual time=0.039..0.309 rows=29 loops=28592)
                                       Index Cond: (movie_id = t.id)
                                       Buffers: shared hit=719398 read=171220
                           ->  Hash  (cost=1.15..1.15 rows=1 width=4) (actual time=0.020..0.021 rows=1 loops=1)
                                 Buckets: 1024  Batches: 1  Memory Usage: 9kB
                                 Buffers: shared hit=1
                                 ->  Seq Scan on role_type rt  (cost=0.00..1.15 rows=1 width=4) (actual time=0.010..0.012 rows=1 loops=1)
                                       Filter: ((role)::text = 'producer'::text)
                                       Rows Removed by Filter: 11
                                       Buffers: shared hit=1
                     ->  Index Scan using name_pkey on name n  (cost=0.43..2.32 rows=1 width=4) (actual time=0.037..0.037 rows=0 loops=74832)
                           Index Cond: (id = ci.person_id)
                           Filter: ((gender)::text = ANY ('{f,m}'::text[]))
                           Rows Removed by Filter: 1
                           Buffers: shared hit=280832 read=18496
 Planning:
   Buffers: shared hit=577
 Planning Time: 14.573 ms
 Execution Time: 35871.725 ms
(88 rows)

