                                                                                            QUERY PLAN                                                                                            
--------------------------------------------------------------------------------------------------------------------------------------------------------------------------------------------------
 Aggregate  (cost=686345.10..686345.11 rows=1 width=8) (actual time=1873.131..1873.138 rows=1 loops=1)
   Buffers: shared hit=85225 read=78680, temp read=962 written=962
   ->  Nested Loop  (cost=95347.09..686344.71 rows=156 width=0) (actual time=414.941..1872.123 rows=8931 loops=1)
         Buffers: shared hit=85225 read=78680, temp read=962 written=962
         ->  Hash Join  (cost=95346.66..685479.53 rows=373 width=4) (actual time=414.899..1537.442 rows=9602 loops=1)
               Hash Cond: (ci.role_id = rt.id)
               Buffers: shared hit=55661 read=69836, temp read=962 written=962
               ->  Nested Loop  (cost=95345.49..685470.42 rows=2236 width=8) (actual time=414.192..1532.972 rows=23285 loops=1)
                     Buffers: shared hit=55660 read=69836, temp read=962 written=962
                     ->  Nested Loop  (cost=95345.05..678519.94 rows=156 width=12) (actual time=413.410..1229.964 rows=2533 loops=1)
                           Buffers: shared hit=35532 read=59939, temp read=962 written=962
                           ->  Seq Scan on info_type it2  (cost=0.00..2.41 rows=1 width=4) (actual time=0.032..0.037 rows=1 loops=1)
                                 Filter: (id = 7)
                                 Rows Removed by Filter: 112
                                 Buffers: shared hit=1
                           ->  Nested Loop  (cost=95345.05..678515.97 rows=156 width=16) (actual time=413.376..1229.501 rows=2533 loops=1)
                                 Buffers: shared hit=35531 read=59939, temp read=962 written=962
                                 ->  Seq Scan on info_type it1  (cost=0.00..2.41 rows=1 width=4) (actual time=0.012..0.020 rows=1 loops=1)
                                       Filter: (id = 3)
                                       Rows Removed by Filter: 112
                                       Buffers: shared hit=1
                                 ->  Nested Loop  (cost=95345.05..678512.00 rows=156 width=20) (actual time=413.361..1229.059 rows=2533 loops=1)
                                       Buffers: shared hit=35530 read=59939, temp read=962 written=962
                                       ->  Hash Join  (cost=95344.61..485068.08 rows=4502 width=12) (actual time=413.239..857.143 rows=3781 loops=1)
                                             Hash Cond: (mi2.movie_id = t.id)
                                             Buffers: shared hit=1240 read=46301, temp read=962 written=962
                                             ->  Bitmap Heap Scan on movie_info mi2  (cost=15884.91..404125.55 rows=58083 width=8) (actual time=40.345..375.255 rows=552763 loops=1)
                                                   Recheck Cond: (info_type_id = 7)
                                                   Filter: ((info)::text = ANY ('{"MET:900 m","PFM:35 mm","RAT:1.33 : 1","RAT:1.85 : 1","RAT:2.35 : 1"}'::text[]))
                                                   Rows Removed by Filter: 849139
                                                   Heap Blocks: exact=10050
                                                   Buffers: shared hit=1239 read=9910
                                                   ->  Bitmap Index Scan on info_type_id_movie_info  (cost=0.00..15870.39 rows=1484527 width=0) (actual time=39.075..39.075 rows=1401902 loops=1)
                                                         Index Cond: (info_type_id = 7)
                                                         Buffers: shared read=1099
                                             ->  Hash  (cost=76244.10..76244.10 rows=195968 width=4) (actual time=371.555..371.558 rows=11843 loops=1)
                                                   Buckets: 262144  Batches: 2  Memory Usage: 2260kB
                                                   Buffers: shared hit=1 read=36391, temp written=17
                                                   ->  Hash Join  (cost=1.13..76244.10 rows=195968 width=4) (actual time=0.137..368.822 rows=11843 loops=1)
                                                         Hash Cond: (t.kind_id = kt.id)
                                                         Buffers: shared hit=1 read=36391
                                                         ->  Seq Scan on title t  (cost=0.00..74315.95 rows=457258 width=8) (actual time=0.025..342.997 rows=451569 loops=1)
                                                               Filter: ((production_year <= 1975) AND (1875 < production_year))
                                                               Rows Removed by Filter: 2076743
                                                               Buffers: shared read=36391
                                                         ->  Hash  (cost=1.10..1.10 rows=3 width=4) (actual time=0.013..0.014 rows=3 loops=1)
                                                               Buckets: 1024  Batches: 1  Memory Usage: 9kB
                                                               Buffers: shared hit=1
                                                               ->  Seq Scan on kind_type kt  (cost=0.00..1.10 rows=3 width=4) (actual time=0.008..0.009 rows=3 loops=1)
                                                                     Filter: ((kind)::text = ANY ('{"tv series","video game","video movie"}'::text[]))
                                                                     Rows Removed by Filter: 4
                                                                     Buffers: shared hit=1
                                       ->  Index Scan using movie_id_movie_info on movie_info mi1  (cost=0.43..42.96 rows=1 width=8) (actual time=0.096..0.098 rows=1 loops=3781)
                                             Index Cond: (movie_id = t.id)
                                             Filter: ((info_type_id = 3) AND ((info)::text = ANY ('{Action,Comedy,Drama,Short,Sport}'::text[])))
                                             Rows Removed by Filter: 18
                                             Buffers: shared hit=34290 read=13638
                     ->  Index Scan using movie_id_cast_info on cast_info ci  (cost=0.44..44.17 rows=38 width=12) (actual time=0.031..0.117 rows=9 loops=2533)
                           Index Cond: (movie_id = t.id)
                           Buffers: shared hit=20128 read=9897
               ->  Hash  (cost=1.15..1.15 rows=2 width=4) (actual time=0.036..0.036 rows=2 loops=1)
                     Buckets: 1024  Batches: 1  Memory Usage: 9kB
                     Buffers: shared hit=1
                     ->  Seq Scan on role_type rt  (cost=0.00..1.15 rows=2 width=4) (actual time=0.026..0.029 rows=2 loops=1)
                           Filter: ((role)::text = ANY ('{actor,producer}'::text[]))
                           Rows Removed by Filter: 10
                           Buffers: shared hit=1
         ->  Index Scan using name_pkey on name n  (cost=0.43..2.32 rows=1 width=4) (actual time=0.034..0.034 rows=1 loops=9602)
               Index Cond: (id = ci.person_id)
               Filter: ((gender)::text = 'm'::text)
               Rows Removed by Filter: 0
               Buffers: shared hit=29564 read=8844
 Planning:
   Buffers: shared hit=481 read=93
 Planning Time: 14.524 ms
 Execution Time: 1873.675 ms
(76 rows)

