                                                                                            QUERY PLAN                                                                                            
--------------------------------------------------------------------------------------------------------------------------------------------------------------------------------------------------
 Aggregate  (cost=530998.54..530998.55 rows=1 width=8) (actual time=1420.224..1420.237 rows=1 loops=1)
   Buffers: shared hit=57087 read=59781, temp read=774 written=774
   ->  Nested Loop  (cost=95632.98..530998.51 rows=10 width=0) (actual time=536.955..1420.095 rows=676 loops=1)
         Buffers: shared hit=57087 read=59781, temp read=774 written=774
         ->  Seq Scan on info_type it2  (cost=0.00..2.41 rows=1 width=4) (actual time=0.045..0.053 rows=1 loops=1)
               Filter: (id = 7)
               Rows Removed by Filter: 112
               Buffers: shared hit=1
         ->  Nested Loop  (cost=95632.98..530996.00 rows=10 width=4) (actual time=536.907..1419.918 rows=676 loops=1)
               Buffers: shared hit=57086 read=59781, temp read=774 written=774
               ->  Seq Scan on info_type it1  (cost=0.00..2.41 rows=1 width=4) (actual time=0.009..0.019 rows=1 loops=1)
                     Filter: (id = 3)
                     Rows Removed by Filter: 112
                     Buffers: shared hit=1
               ->  Nested Loop  (cost=95632.98..530993.49 rows=10 width=8) (actual time=536.894..1419.783 rows=676 loops=1)
                     Buffers: shared hit=57085 read=59781, temp read=774 written=774
                     ->  Hash Join  (cost=95632.55..530935.50 rows=25 width=12) (actual time=530.129..1393.020 rows=1186 loops=1)
                           Hash Cond: (ci.role_id = rt.id)
                           Buffers: shared hit=52815 read=59307, temp read=774 written=774
                           ->  Nested Loop  (cost=95631.38..530933.27 rows=301 width=16) (actual time=529.998..1388.515 rows=40892 loops=1)
                                 Buffers: shared hit=52814 read=59307, temp read=774 written=774
                                 ->  Nested Loop  (cost=95630.94..530001.42 rows=21 width=20) (actual time=529.969..1071.813 rows=1276 loops=1)
                                       Buffers: shared hit=16941 read=51268, temp read=774 written=774
                                       ->  Hash Join  (cost=95630.51..484895.33 rows=1054 width=12) (actual time=529.804..913.134 rows=1662 loops=1)
                                             Hash Cond: (mi1.movie_id = t.id)
                                             Buffers: shared hit=3085 read=44282, temp read=774 written=774
                                             ->  Bitmap Heap Scan on movie_info mi1  (cost=16452.74..404898.97 rows=17079 width=8) (actual time=42.092..368.421 rows=153575 loops=1)
                                                   Recheck Cond: (info_type_id = 3)
                                                   Filter: ((info)::text = ANY ('{Adult,Adventure,Horror,Sci-Fi,Western}'::text[]))
                                                   Rows Removed by Filter: 1380334
                                                   Heap Blocks: exact=9772
                                                   Buffers: shared hit=3084 read=7891
                                                   ->  Bitmap Index Scan on info_type_id_movie_info  (cost=0.00..16448.47 rows=1538671 width=0) (actual time=40.876..40.877 rows=1533909 loops=1)
                                                         Index Cond: (info_type_id = 3)
                                                         Buffers: shared read=1203
                                             ->  Hash  (cost=76617.91..76617.91 rows=155989 width=4) (actual time=486.128..486.130 rows=347340 loops=1)
                                                   Buckets: 262144  Batches: 2  Memory Usage: 8150kB
                                                   Buffers: shared hit=1 read=36391, temp written=509
                                                   ->  Hash Join  (cost=1.11..76617.91 rows=155989 width=4) (actual time=0.042..428.638 rows=347340 loops=1)
                                                         Hash Cond: (t.kind_id = kt.id)
                                                         Buffers: shared hit=1 read=36391
                                                         ->  Seq Scan on title t  (cost=0.00..74315.95 rows=545963 width=8) (actual time=0.022..375.473 rows=538239 loops=1)
                                                               Filter: ((production_year <= 1990) AND (1950 < production_year))
                                                               Rows Removed by Filter: 1990073
                                                               Buffers: shared read=36391
                                                         ->  Hash  (cost=1.09..1.09 rows=2 width=4) (actual time=0.011..0.012 rows=2 loops=1)
                                                               Buckets: 1024  Batches: 1  Memory Usage: 9kB
                                                               Buffers: shared hit=1
                                                               ->  Seq Scan on kind_type kt  (cost=0.00..1.09 rows=2 width=4) (actual time=0.006..0.008 rows=2 loops=1)
                                                                     Filter: ((kind)::text = ANY ('{episode,"tv movie"}'::text[]))
                                                                     Rows Removed by Filter: 5
                                                                     Buffers: shared hit=1
                                       ->  Index Scan using movie_id_movie_info on movie_info mi2  (cost=0.43..42.79 rows=1 width=8) (actual time=0.064..0.095 rows=1 loops=1662)
                                             Index Cond: (movie_id = t.id)
                                             Filter: ((info_type_id = 7) AND ((info)::text = ANY ('{PCS:Spherical,"PFM:35 mm","RAT:1.37 : 1","RAT:2.35 : 1"}'::text[])))
                                             Rows Removed by Filter: 16
                                             Buffers: shared hit=13856 read=6986
                                 ->  Index Scan using movie_id_cast_info on cast_info ci  (cost=0.44..43.99 rows=38 width=12) (actual time=0.026..0.242 rows=32 loops=1276)
                                       Index Cond: (movie_id = t.id)
                                       Buffers: shared hit=35873 read=8039
                           ->  Hash  (cost=1.15..1.15 rows=1 width=4) (actual time=0.018..0.024 rows=1 loops=1)
                                 Buckets: 1024  Batches: 1  Memory Usage: 9kB
                                 Buffers: shared hit=1
                                 ->  Seq Scan on role_type rt  (cost=0.00..1.15 rows=1 width=4) (actual time=0.011..0.013 rows=1 loops=1)
                                       Filter: ((role)::text = 'composer'::text)
                                       Rows Removed by Filter: 11
                                       Buffers: shared hit=1
                     ->  Index Scan using name_pkey on name n  (cost=0.43..2.32 rows=1 width=4) (actual time=0.022..0.022 rows=1 loops=1186)
                           Index Cond: (id = ci.person_id)
                           Filter: ((gender)::text = 'm'::text)
                           Rows Removed by Filter: 0
                           Buffers: shared hit=4270 read=474
 Planning:
   Buffers: shared hit=481 read=93
 Planning Time: 13.674 ms
 Execution Time: 1420.850 ms
(76 rows)

