                                                                                            QUERY PLAN                                                                                            
--------------------------------------------------------------------------------------------------------------------------------------------------------------------------------------------------
 Aggregate  (cost=545660.82..545660.83 rows=1 width=8) (actual time=979.867..979.875 rows=1 loops=1)
   Buffers: shared hit=29235 read=50939
   ->  Nested Loop  (cost=92247.21..545660.77 rows=18 width=0) (actual time=397.072..979.798 rows=450 loops=1)
         Buffers: shared hit=29235 read=50939
         ->  Seq Scan on info_type it2  (cost=0.00..2.41 rows=1 width=4) (actual time=0.048..0.053 rows=1 loops=1)
               Filter: (id = 7)
               Rows Removed by Filter: 112
               Buffers: shared hit=1
         ->  Nested Loop  (cost=92247.21..545658.18 rows=18 width=4) (actual time=397.022..979.689 rows=450 loops=1)
               Buffers: shared hit=29234 read=50939
               ->  Seq Scan on info_type it1  (cost=0.00..2.41 rows=1 width=4) (actual time=0.010..0.016 rows=1 loops=1)
                     Filter: (id = 3)
                     Rows Removed by Filter: 112
                     Buffers: shared hit=1
               ->  Nested Loop  (cost=92247.21..545655.59 rows=18 width=8) (actual time=397.009..979.607 rows=450 loops=1)
                     Buffers: shared hit=29233 read=50939
                     ->  Hash Join  (cost=92246.78..545558.17 rows=42 width=12) (actual time=396.647..946.945 rows=1156 loops=1)
                           Hash Cond: (ci.role_id = rt.id)
                           Buffers: shared hit=25283 read=50265
                           ->  Nested Loop  (cost=92245.62..545555.22 rows=502 width=16) (actual time=396.578..946.247 rows=5035 loops=1)
                                 Buffers: shared hit=25282 read=50265
                                 ->  Nested Loop  (cost=92245.18..543951.52 rows=35 width=20) (actual time=396.544..886.070 rows=637 loops=1)
                                       Buffers: shared hit=19903 read=49073
                                       ->  Hash Join  (cost=92244.74..465592.61 rows=1788 width=12) (actual time=395.045..734.410 rows=1579 loops=1)
                                             Hash Cond: (mi2.movie_id = t.id)
                                             Buffers: shared hit=4765 read=42776
                                             ->  Bitmap Heap Scan on movie_info mi2  (cost=15882.73..389027.53 rows=49385 width=8) (actual time=40.442..337.510 rows=458412 loops=1)
                                                   Recheck Cond: (info_type_id = 7)
                                                   Filter: ((info)::text = ANY ('{PCS:Spherical,"PFM:35 mm","RAT:1.37 : 1","RAT:2.35 : 1"}'::text[]))
                                                   Rows Removed by Filter: 943490
                                                   Heap Blocks: exact=10050
                                                   Buffers: shared hit=2741 read=8408
                                                   ->  Bitmap Index Scan on info_type_id_movie_info  (cost=0.00..15870.39 rows=1484527 width=0) (actual time=39.171..39.171 rows=1401902 loops=1)
                                                         Index Cond: (info_type_id = 7)
                                                         Buffers: shared hit=1 read=1098
                                             ->  Hash  (cost=75217.46..75217.46 rows=91564 width=4) (actual time=353.894..353.896 rows=7795 loops=1)
                                                   Buckets: 131072  Batches: 1  Memory Usage: 1299kB
                                                   Buffers: shared hit=2024 read=34368
                                                   ->  Hash Join  (cost=1.13..75217.46 rows=91564 width=4) (actual time=0.126..351.933 rows=7795 loops=1)
                                                         Hash Cond: (t.kind_id = kt.id)
                                                         Buffers: shared hit=2024 read=34368
                                                         ->  Seq Scan on title t  (cost=0.00..74315.95 rows=213650 width=8) (actual time=0.024..338.942 rows=212483 loops=1)
                                                               Filter: ((production_year <= 1970) AND (1950 < production_year))
                                                               Rows Removed by Filter: 2315829
                                                               Buffers: shared hit=2023 read=34368
                                                         ->  Hash  (cost=1.10..1.10 rows=3 width=4) (actual time=0.013..0.014 rows=3 loops=1)
                                                               Buckets: 1024  Batches: 1  Memory Usage: 9kB
                                                               Buffers: shared hit=1
                                                               ->  Seq Scan on kind_type kt  (cost=0.00..1.10 rows=3 width=4) (actual time=0.008..0.009 rows=3 loops=1)
                                                                     Filter: ((kind)::text = ANY ('{"tv series","video game","video movie"}'::text[]))
                                                                     Rows Removed by Filter: 4
                                                                     Buffers: shared hit=1
                                       ->  Index Scan using movie_id_movie_info on movie_info mi1  (cost=0.43..43.81 rows=1 width=8) (actual time=0.095..0.096 rows=0 loops=1579)
                                             Index Cond: (movie_id = t.id)
                                             Filter: ((info_type_id = 3) AND ((info)::text = ANY ('{Adventure,Family,Fantasy,Mystery,Short}'::text[])))
                                             Rows Removed by Filter: 26
                                             Buffers: shared hit=15138 read=6297
                                 ->  Index Scan using movie_id_cast_info on cast_info ci  (cost=0.44..45.44 rows=38 width=12) (actual time=0.023..0.093 rows=8 loops=637)
                                       Index Cond: (movie_id = t.id)
                                       Buffers: shared hit=5379 read=1192
                           ->  Hash  (cost=1.15..1.15 rows=1 width=4) (actual time=0.018..0.018 rows=1 loops=1)
                                 Buckets: 1024  Batches: 1  Memory Usage: 9kB
                                 Buffers: shared hit=1
                                 ->  Seq Scan on role_type rt  (cost=0.00..1.15 rows=1 width=4) (actual time=0.010..0.012 rows=1 loops=1)
                                       Filter: ((role)::text = 'writer'::text)
                                       Rows Removed by Filter: 11
                                       Buffers: shared hit=1
                     ->  Index Scan using name_pkey on name n  (cost=0.43..2.32 rows=1 width=4) (actual time=0.028..0.028 rows=0 loops=1156)
                           Index Cond: (id = ci.person_id)
                           Filter: ((gender)::text = 'm'::text)
                           Rows Removed by Filter: 1
                           Buffers: shared hit=3950 read=674
 Planning:
   Buffers: shared hit=574
 Planning Time: 13.540 ms
 Execution Time: 980.493 ms
(76 rows)

