                                                                                            QUERY PLAN                                                                                            
--------------------------------------------------------------------------------------------------------------------------------------------------------------------------------------------------
 Aggregate  (cost=526499.90..526499.91 rows=1 width=8) (actual time=6550.868..6550.875 rows=1 loops=1)
   Buffers: shared hit=574229 read=104770
   ->  Nested Loop  (cost=66093.56..526499.71 rows=73 width=0) (actual time=211.195..6549.572 rows=4848 loops=1)
         Buffers: shared hit=574229 read=104770
         ->  Hash Join  (cost=66093.13..526239.93 rows=112 width=4) (actual time=209.190..6017.054 rows=16671 loops=1)
               Hash Cond: (ci.role_id = rt.id)
               Buffers: shared hit=510698 read=101617
               ->  Nested Loop  (cost=66091.96..526236.36 rows=674 width=8) (actual time=208.942..5956.621 rows=425271 loops=1)
                     Buffers: shared hit=510697 read=101617
                     ->  Nested Loop  (cost=66091.52..524133.60 rows=47 width=12) (actual time=208.903..2162.295 rows=9905 loops=1)
                           Buffers: shared hit=111391 read=51614
                           ->  Seq Scan on info_type it2  (cost=0.00..2.41 rows=1 width=4) (actual time=0.029..0.034 rows=1 loops=1)
                                 Filter: (id = 7)
                                 Rows Removed by Filter: 112
                                 Buffers: shared hit=1
                           ->  Nested Loop  (cost=66091.52..524130.72 rows=47 width=16) (actual time=208.872..2160.193 rows=9905 loops=1)
                                 Buffers: shared hit=111390 read=51614
                                 ->  Seq Scan on info_type it1  (cost=0.00..2.41 rows=1 width=4) (actual time=0.011..0.018 rows=1 loops=1)
                                       Filter: (id = 3)
                                       Rows Removed by Filter: 112
                                       Buffers: shared hit=1
                                 ->  Nested Loop  (cost=66091.52..524127.83 rows=47 width=20) (actual time=208.858..2157.950 rows=9905 loops=1)
                                       Buffers: shared hit=111389 read=51614
                                       ->  Hash Join  (cost=66091.08..469872.75 rows=1259 width=12) (actual time=208.513..913.711 rows=13179 loops=1)
                                             Hash Cond: (mi1.movie_id = t.id)
                                             Buffers: shared hit=14394 read=9371
                                             ->  Bitmap Heap Scan on movie_info mi1  (cost=16462.69..420018.47 rows=56880 width=8) (actual time=41.782..664.355 rows=552422 loops=1)
                                                   Recheck Cond: (info_type_id = 3)
                                                   Filter: ((info)::text = ANY ('{Action,Animation,Crime,Documentary,Drama,Fantasy}'::text[]))
                                                   Rows Removed by Filter: 981487
                                                   Heap Blocks: exact=9772
                                                   Buffers: shared hit=9337 read=1638
                                                   ->  Bitmap Index Scan on info_type_id_movie_info  (cost=0.00..16448.47 rows=1538671 width=0) (actual time=40.585..40.585 rows=1533909 loops=1)
                                                         Index Cond: (info_type_id = 3)
                                                         Buffers: shared hit=1203
                                             ->  Hash  (cost=48928.65..48928.65 rows=55980 width=4) (actual time=133.473..133.475 rows=24348 loops=1)
                                                   Buckets: 65536  Batches: 1  Memory Usage: 1368kB
                                                   Buffers: shared hit=5057 read=7733
                                                   ->  Nested Loop  (cost=4509.17..48928.65 rows=55980 width=4) (actual time=5.783..127.898 rows=24348 loops=1)
                                                         Buffers: shared hit=5057 read=7733
                                                         ->  Seq Scan on kind_type kt  (cost=0.00..1.09 rows=1 width=4) (actual time=0.009..0.013 rows=1 loops=1)
                                                               Filter: ((kind)::text = 'tv movie'::text)
                                                               Rows Removed by Filter: 6
                                                               Buffers: shared hit=1
                                                         ->  Bitmap Heap Scan on title t  (cost=4509.17..48274.46 rows=65310 width=8) (actual time=5.771..125.930 rows=24348 loops=1)
                                                               Recheck Cond: (kind_id = kt.id)
                                                               Filter: ((production_year <= 1997) AND (1981 < production_year))
                                                               Rows Removed by Filter: 76189
                                                               Heap Blocks: exact=12708
                                                               Buffers: shared hit=5056 read=7733
                                                               ->  Bitmap Index Scan on kind_id_title  (cost=0.00..4492.84 rows=421388 width=0) (actual time=4.171..4.171 rows=100537 loops=1)
                                                                     Index Cond: (kind_id = kt.id)
                                                                     Buffers: shared read=81
                                       ->  Index Scan using movie_id_movie_info on movie_info mi2  (cost=0.43..43.08 rows=1 width=8) (actual time=0.072..0.094 rows=1 loops=13179)
                                             Index Cond: (movie_id = t.id)
                                             Filter: ((info_type_id = 7) AND ((info)::text = ANY ('{"OFM:16 mm","OFM:35 mm",PCS:Spherical,"PFM:35 mm","RAT:1.33 : 1"}'::text[])))
                                             Rows Removed by Filter: 10
                                             Buffers: shared hit=96995 read=42243
                     ->  Index Scan using movie_id_cast_info on cast_info ci  (cost=0.44..44.36 rows=38 width=12) (actual time=0.031..0.373 rows=43 loops=9905)
                           Index Cond: (movie_id = t.id)
                           Buffers: shared hit=399306 read=50003
               ->  Hash  (cost=1.15..1.15 rows=2 width=4) (actual time=0.034..0.035 rows=2 loops=1)
                     Buckets: 1024  Batches: 1  Memory Usage: 9kB
                     Buffers: shared hit=1
                     ->  Seq Scan on role_type rt  (cost=0.00..1.15 rows=2 width=4) (actual time=0.027..0.028 rows=2 loops=1)
                           Filter: ((role)::text = ANY ('{editor,"production designer"}'::text[]))
                           Rows Removed by Filter: 10
                           Buffers: shared hit=1
         ->  Index Scan using name_pkey on name n  (cost=0.43..2.32 rows=1 width=4) (actual time=0.031..0.031 rows=0 loops=16671)
               Index Cond: (id = ci.person_id)
               Filter: ((gender)::text = ANY ('{f,m}'::text[]))
               Rows Removed by Filter: 1
               Buffers: shared hit=63531 read=3153
 Planning:
   Buffers: shared hit=574
 Planning Time: 13.958 ms
 Execution Time: 6551.497 ms
(77 rows)

