                                                                                                  QUERY PLAN                                                                                                  
--------------------------------------------------------------------------------------------------------------------------------------------------------------------------------------------------------------
 Aggregate  (cost=886526.27..886526.28 rows=1 width=8) (actual time=8165.687..8165.695 rows=1 loops=1)
   Buffers: shared hit=701105 read=62423, temp read=4025 written=3910
   ->  Nested Loop  (cost=860379.98..886526.00 rows=108 width=0) (actual time=974.782..8164.566 rows=4047 loops=1)
         Buffers: shared hit=701105 read=62423, temp read=4025 written=3910
         ->  Seq Scan on info_type it2  (cost=0.00..2.41 rows=1 width=4) (actual time=0.045..0.056 rows=1 loops=1)
               Filter: (id = 7)
               Rows Removed by Filter: 112
               Buffers: shared hit=1
         ->  Nested Loop  (cost=860379.98..886522.51 rows=108 width=4) (actual time=974.735..8163.543 rows=4047 loops=1)
               Buffers: shared hit=701104 read=62423, temp read=4025 written=3910
               ->  Seq Scan on info_type it1  (cost=0.00..2.41 rows=1 width=4) (actual time=0.013..0.026 rows=1 loops=1)
                     Filter: (id = 3)
                     Rows Removed by Filter: 112
                     Buffers: shared hit=1
               ->  Nested Loop  (cost=860379.98..886519.02 rows=108 width=8) (actual time=974.721..8162.509 rows=4047 loops=1)
                     Buffers: shared hit=701103 read=62423, temp read=4025 written=3910
                     ->  Hash Join  (cost=860379.55..885922.90 rows=257 width=12) (actual time=974.524..7926.914 rows=6584 loops=1)
                           Hash Cond: (ci.role_id = rt.id)
                           Buffers: shared hit=677574 read=59616, temp read=4025 written=3910
                           ->  Nested Loop  (cost=860378.39..885910.79 rows=3082 width=16) (actual time=974.198..7885.829 rows=221283 loops=1)
                                 Buffers: shared hit=677573 read=59616, temp read=4025 written=3910
                                 ->  Nested Loop  (cost=860377.95..876523.96 rows=215 width=20) (actual time=974.169..5520.958 rows=7257 loops=1)
                                       Buffers: shared hit=468022 read=30538, temp read=4025 written=3910
                                       ->  Nested Loop  (cost=860377.80..876510.89 rows=502 width=24) (actual time=974.154..5450.745 rows=103069 loops=1)
                                             Join Filter: (t.id = mi1.movie_id)
                                             Buffers: shared hit=468010 read=30538, temp read=4025 written=3910
                                             ->  Merge Join  (cost=860377.37..860809.53 rows=3964 width=16) (actual time=974.106..1237.056 rows=119106 loops=1)
                                                   Merge Cond: (mi1.movie_id = mi2.movie_id)
                                                   Buffers: shared hit=10191 read=11933, temp read=4025 written=3910
                                                   ->  Sort  (cost=452128.46..452193.21 rows=25901 width=8) (actual time=506.240..545.982 rows=234501 loops=1)
                                                         Sort Key: mi1.movie_id
                                                         Sort Method: external sort  Disk: 5072kB
                                                         Buffers: shared hit=7604 read=3371, temp read=1265 written=1268
                                                         ->  Bitmap Heap Scan on movie_info mi1  (cost=16454.94..450229.82 rows=25901 width=8) (actual time=42.341..445.282 rows=234502 loops=1)
                                                               Recheck Cond: (info_type_id = 3)
                                                               Filter: ((info)::text = ANY ('{Adult,Adventure,Crime,Musical,Mystery,Sci-Fi,Thriller,Western}'::text[]))
                                                               Rows Removed by Filter: 1299407
                                                               Heap Blocks: exact=9772
                                                               Buffers: shared hit=7604 read=3371
                                                               ->  Bitmap Index Scan on info_type_id_movie_info  (cost=0.00..16448.47 rows=1538671 width=0) (actual time=41.145..41.145 rows=1533909 loops=1)
                                                                     Index Cond: (info_type_id = 3)
                                                                     Buffers: shared read=1203
                                                   ->  Sort  (cost=408248.92..408380.42 rows=52602 width=8) (actual time=467.856..554.564 rows=511648 loops=1)
                                                         Sort Key: mi2.movie_id
                                                         Sort Method: external sort  Disk: 10560kB
                                                         Buffers: shared hit=2587 read=8562, temp read=2698 written=2642
                                                         ->  Bitmap Heap Scan on movie_info mi2  (cost=15883.54..404124.18 rows=52602 width=8) (actual time=32.220..345.670 rows=488780 loops=1)
                                                               Recheck Cond: (info_type_id = 7)
                                                               Filter: ((info)::text = ANY ('{PCS:Spherical,"PFM:35 mm",PFM:Video,"RAT:1.37 : 1","RAT:1.85 : 1"}'::text[]))
                                                               Rows Removed by Filter: 913122
                                                               Heap Blocks: exact=10050
                                                               Buffers: shared hit=2587 read=8562
                                                               ->  Bitmap Index Scan on info_type_id_movie_info  (cost=0.00..15870.39 rows=1484527 width=0) (actual time=30.974..30.974 rows=1401902 loops=1)
                                                                     Index Cond: (info_type_id = 7)
                                                                     Buffers: shared hit=1 read=1098
                                             ->  Index Scan using title_pkey on title t  (cost=0.43..3.95 rows=1 width=8) (actual time=0.035..0.035 rows=1 loops=119106)
                                                   Index Cond: (id = mi2.movie_id)
                                                   Filter: ((production_year <= 2015) AND (1925 < production_year))
                                                   Rows Removed by Filter: 0
                                                   Buffers: shared hit=457819 read=18605
                                       ->  Memoize  (cost=0.14..0.16 rows=1 width=4) (actual time=0.000..0.000 rows=0 loops=103069)
                                             Cache Key: t.kind_id
                                             Cache Mode: logical
                                             Hits: 103063  Misses: 6  Evictions: 0  Overflows: 0  Memory Usage: 1kB
                                             Buffers: shared hit=12
                                             ->  Index Scan using kind_type_pkey on kind_type kt  (cost=0.13..0.15 rows=1 width=4) (actual time=0.010..0.010 rows=0 loops=6)
                                                   Index Cond: (id = t.kind_id)
                                                   Filter: ((kind)::text = ANY ('{"tv movie","tv series","video game"}'::text[]))
                                                   Rows Removed by Filter: 0
                                                   Buffers: shared hit=12
                                 ->  Index Scan using movie_id_cast_info on cast_info ci  (cost=0.44..43.28 rows=38 width=12) (actual time=0.038..0.317 rows=30 loops=7257)
                                       Index Cond: (movie_id = t.id)
                                       Buffers: shared hit=209551 read=29078
                           ->  Hash  (cost=1.15..1.15 rows=1 width=4) (actual time=0.020..0.021 rows=1 loops=1)
                                 Buckets: 1024  Batches: 1  Memory Usage: 9kB
                                 Buffers: shared hit=1
                                 ->  Seq Scan on role_type rt  (cost=0.00..1.15 rows=1 width=4) (actual time=0.010..0.012 rows=1 loops=1)
                                       Filter: ((role)::text = 'director'::text)
                                       Rows Removed by Filter: 11
                                       Buffers: shared hit=1
                     ->  Index Scan using name_pkey on name n  (cost=0.43..2.32 rows=1 width=4) (actual time=0.035..0.035 rows=1 loops=6584)
                           Index Cond: (id = ci.person_id)
                           Filter: ((gender)::text = 'm'::text)
                           Rows Removed by Filter: 0
                           Buffers: shared hit=23529 read=2807
 Planning:
   Buffers: shared hit=529 read=45
 Planning Time: 13.918 ms
 Execution Time: 8172.780 ms
(89 rows)

