                                                                                            QUERY PLAN                                                                                            
--------------------------------------------------------------------------------------------------------------------------------------------------------------------------------------------------
 Aggregate  (cost=641137.71..641137.72 rows=1 width=8) (actual time=1729.853..1729.859 rows=1 loops=1)
   Buffers: shared hit=135271 read=21006
   ->  Nested Loop  (cost=92259.00..641137.53 rows=75 width=0) (actual time=515.098..1729.791 rows=256 loops=1)
         Buffers: shared hit=135271 read=21006
         ->  Seq Scan on info_type it2  (cost=0.00..2.41 rows=1 width=4) (actual time=0.049..0.054 rows=1 loops=1)
               Filter: (id = 7)
               Rows Removed by Filter: 112
               Buffers: shared hit=1
         ->  Nested Loop  (cost=92259.00..641134.36 rows=75 width=4) (actual time=515.047..1729.683 rows=256 loops=1)
               Buffers: shared hit=135270 read=21006
               ->  Seq Scan on info_type it1  (cost=0.00..2.41 rows=1 width=4) (actual time=0.009..0.015 rows=1 loops=1)
                     Filter: (id = 3)
                     Rows Removed by Filter: 112
                     Buffers: shared hit=1
               ->  Nested Loop  (cost=92259.00..641131.20 rows=75 width=8) (actual time=515.034..1729.605 rows=256 loops=1)
                     Buffers: shared hit=135269 read=21006
                     ->  Hash Join  (cost=92258.57..640718.33 rows=178 width=12) (actual time=406.297..1680.946 rows=1279 loops=1)
                           Hash Cond: (ci.role_id = rt.id)
                           Buffers: shared hit=130352 read=20807
                           ->  Nested Loop  (cost=92257.41..640709.58 rows=2136 width=16) (actual time=400.024..1675.376 rows=34631 loops=1)
                                 Buffers: shared hit=130351 read=20807
                                 ->  Nested Loop  (cost=92256.97..633882.40 rows=149 width=20) (actual time=400.000..1271.408 rows=4704 loops=1)
                                       Buffers: shared hit=83821 read=20330
                                       ->  Hash Join  (cost=92256.51..480893.75 rows=3493 width=12) (actual time=398.898..828.888 rows=4337 loops=1)
                                             Hash Cond: (mi2.movie_id = t.id)
                                             Buffers: shared hit=27311 read=20230
                                             ->  Bitmap Heap Scan on movie_info mi2  (cost=15894.50..404135.14 rows=96445 width=8) (actual time=37.298..388.736 rows=916968 loops=1)
                                                   Recheck Cond: (info_type_id = 7)
                                                   Filter: ((info)::text = ANY ('{"OFM:35 mm",PCS:Spherical,"PFM:35 mm","RAT:1.33 : 1","RAT:1.37 : 1"}'::text[]))
                                                   Rows Removed by Filter: 484934
                                                   Heap Blocks: exact=10050
                                                   Buffers: shared hit=11148 read=1
                                                   ->  Bitmap Index Scan on info_type_id_movie_info  (cost=0.00..15870.39 rows=1484527 width=0) (actual time=36.052..36.052 rows=1401902 loops=1)
                                                         Index Cond: (info_type_id = 7)
                                                         Buffers: shared hit=1099
                                             ->  Hash  (cost=75217.46..75217.46 rows=91564 width=4) (actual time=360.983..360.985 rows=7795 loops=1)
                                                   Buckets: 131072  Batches: 1  Memory Usage: 1299kB
                                                   Buffers: shared hit=16163 read=20229
                                                   ->  Hash Join  (cost=1.13..75217.46 rows=91564 width=4) (actual time=0.111..359.060 rows=7795 loops=1)
                                                         Hash Cond: (t.kind_id = kt.id)
                                                         Buffers: shared hit=16163 read=20229
                                                         ->  Seq Scan on title t  (cost=0.00..74315.95 rows=213650 width=8) (actual time=0.018..346.283 rows=212483 loops=1)
                                                               Filter: ((production_year <= 1970) AND (1950 < production_year))
                                                               Rows Removed by Filter: 2315829
                                                               Buffers: shared hit=16162 read=20229
                                                         ->  Hash  (cost=1.10..1.10 rows=3 width=4) (actual time=0.011..0.012 rows=3 loops=1)
                                                               Buckets: 1024  Batches: 1  Memory Usage: 9kB
                                                               Buffers: shared hit=1
                                                               ->  Seq Scan on kind_type kt  (cost=0.00..1.10 rows=3 width=4) (actual time=0.006..0.007 rows=3 loops=1)
                                                                     Filter: ((kind)::text = ANY ('{"tv series","video game","video movie"}'::text[]))
                                                                     Rows Removed by Filter: 4
                                                                     Buffers: shared hit=1
                                       ->  Index Scan using movie_id_movie_info on movie_info mi1  (cost=0.46..43.79 rows=1 width=8) (actual time=0.098..0.101 rows=1 loops=4337)
                                             Index Cond: (movie_id = t.id)
                                             Filter: ((info_type_id = 3) AND ((info)::text = ANY ('{Action,Adventure,Animation,Comedy,Crime,Drama,Romance,Short,Thriller,War}'::text[])))
                                             Rows Removed by Filter: 21
                                             Buffers: shared hit=56510 read=100
                                 ->  Index Scan using movie_id_cast_info on cast_info ci  (cost=0.44..45.44 rows=38 width=12) (actual time=0.030..0.084 rows=7 loops=4704)
                                       Index Cond: (movie_id = t.id)
                                       Buffers: shared hit=46530 read=477
                           ->  Hash  (cost=1.15..1.15 rows=1 width=4) (actual time=0.019..0.019 rows=1 loops=1)
                                 Buckets: 1024  Batches: 1  Memory Usage: 9kB
                                 Buffers: shared hit=1
                                 ->  Seq Scan on role_type rt  (cost=0.00..1.15 rows=1 width=4) (actual time=0.011..0.012 rows=1 loops=1)
                                       Filter: ((role)::text = 'editor'::text)
                                       Rows Removed by Filter: 11
                                       Buffers: shared hit=1
                     ->  Index Scan using name_pkey on name n  (cost=0.43..2.32 rows=1 width=4) (actual time=0.037..0.037 rows=0 loops=1279)
                           Index Cond: (id = ci.person_id)
                           Filter: ((gender)::text = 'm'::text)
                           Rows Removed by Filter: 1
                           Buffers: shared hit=4917 read=199
 Planning:
   Buffers: shared hit=576 read=1
 Planning Time: 13.358 ms
 Execution Time: 1730.472 ms
(76 rows)

