                                                                                            QUERY PLAN                                                                                            
--------------------------------------------------------------------------------------------------------------------------------------------------------------------------------------------------
 Aggregate  (cost=525865.81..525865.82 rows=1 width=8) (actual time=21220.180..21220.190 rows=1 loops=1)
   Buffers: shared hit=1997677 read=190993, temp read=1636 written=1636
   ->  Nested Loop  (cost=92248.77..525865.64 rows=67 width=0) (actual time=507.081..21216.324 rows=17700 loops=1)
         Buffers: shared hit=1997677 read=190993, temp read=1636 written=1636
         ->  Hash Join  (cost=92248.34..525626.73 rows=103 width=4) (actual time=507.041..19862.062 rows=38454 loops=1)
               Hash Cond: (ci.role_id = rt.id)
               Buffers: shared hit=1853333 read=181521, temp read=1636 written=1636
               ->  Nested Loop  (cost=92247.17..525623.37 rows=616 width=8) (actual time=506.867..19793.872 rows=359097 loops=1)
                     Buffers: shared hit=1853332 read=181521, temp read=1636 written=1636
                     ->  Nested Loop  (cost=92246.73..523653.12 rows=43 width=12) (actual time=506.829..16008.411 rows=20355 loops=1)
                           Buffers: shared hit=1505469 read=121170, temp read=1636 written=1636
                           ->  Seq Scan on info_type it2  (cost=0.00..2.41 rows=1 width=4) (actual time=0.034..0.045 rows=1 loops=1)
                                 Filter: (id = 7)
                                 Rows Removed by Filter: 112
                                 Buffers: shared hit=1
                           ->  Nested Loop  (cost=92246.73..523650.27 rows=43 width=16) (actual time=506.793..16003.642 rows=20355 loops=1)
                                 Buffers: shared hit=1505468 read=121170, temp read=1636 written=1636
                                 ->  Seq Scan on info_type it1  (cost=0.00..2.41 rows=1 width=4) (actual time=0.009..0.024 rows=1 loops=1)
                                       Filter: (id = 3)
                                       Rows Removed by Filter: 112
                                       Buffers: shared hit=1
                                 ->  Nested Loop  (cost=92246.73..523647.43 rows=43 width=20) (actual time=506.780..15998.383 rows=20355 loops=1)
                                       Buffers: shared hit=1505467 read=121170, temp read=1636 written=1636
                                       ->  Hash Join  (cost=92246.29..435427.92 rows=2013 width=12) (actual time=467.970..1390.482 rows=138451 loops=1)
                                             Hash Cond: (mi2.movie_id = t.id)
                                             Buffers: shared hit=25790 read=21751, temp read=1636 written=1636
                                             ->  Bitmap Heap Scan on movie_info mi2  (cost=15884.28..358837.39 rows=55571 width=8) (actual time=36.743..565.084 rows=512902 loops=1)
                                                   Recheck Cond: (info_type_id = 7)
                                                   Filter: ((info)::text = ANY ('{"OFM:35 mm","PFM:35 mm"}'::text[]))
                                                   Rows Removed by Filter: 889000
                                                   Heap Blocks: exact=10050
                                                   Buffers: shared hit=7702 read=3447
                                                   ->  Bitmap Index Scan on info_type_id_movie_info  (cost=0.00..15870.39 rows=1484527 width=0) (actual time=35.479..35.480 rows=1401902 loops=1)
                                                         Index Cond: (info_type_id = 7)
                                                         Buffers: shared hit=1099
                                             ->  Hash  (cost=75217.46..75217.46 rows=91564 width=4) (actual time=430.693..430.697 rows=204688 loops=1)
                                                   Buckets: 262144 (originally 131072)  Batches: 2 (originally 1)  Memory Usage: 6145kB
                                                   Buffers: shared hit=18088 read=18304, temp written=299
                                                   ->  Hash Join  (cost=1.13..75217.46 rows=91564 width=4) (actual time=0.037..391.794 rows=204688 loops=1)
                                                         Hash Cond: (t.kind_id = kt.id)
                                                         Buffers: shared hit=18088 read=18304
                                                         ->  Seq Scan on title t  (cost=0.00..74315.95 rows=213650 width=8) (actual time=0.019..366.220 rows=212483 loops=1)
                                                               Filter: ((production_year <= 1970) AND (1950 < production_year))
                                                               Rows Removed by Filter: 2315829
                                                               Buffers: shared hit=18087 read=18304
                                                         ->  Hash  (cost=1.10..1.10 rows=3 width=4) (actual time=0.011..0.012 rows=3 loops=1)
                                                               Buckets: 1024  Batches: 1  Memory Usage: 9kB
                                                               Buffers: shared hit=1
                                                               ->  Seq Scan on kind_type kt  (cost=0.00..1.10 rows=3 width=4) (actual time=0.006..0.007 rows=3 loops=1)
                                                                     Filter: ((kind)::text = ANY ('{episode,movie,"tv movie"}'::text[]))
                                                                     Rows Removed by Filter: 4
                                                                     Buffers: shared hit=1
                                       ->  Index Scan using movie_id_movie_info on movie_info mi1  (cost=0.43..43.81 rows=1 width=8) (actual time=0.105..0.105 rows=0 loops=138451)
                                             Index Cond: (movie_id = t.id)
                                             Filter: ((info_type_id = 3) AND ((info)::text = ANY ('{Animation,Crime,Family,Short,Thriller}'::text[])))
                                             Rows Removed by Filter: 14
                                             Buffers: shared hit=1479677 read=99419
                     ->  Index Scan using movie_id_cast_info on cast_info ci  (cost=0.44..45.44 rows=38 width=12) (actual time=0.035..0.181 rows=18 loops=20355)
                           Index Cond: (movie_id = t.id)
                           Buffers: shared hit=347863 read=60351
               ->  Hash  (cost=1.15..1.15 rows=2 width=4) (actual time=0.039..0.039 rows=2 loops=1)
                     Buckets: 1024  Batches: 1  Memory Usage: 9kB
                     Buffers: shared hit=1
                     ->  Seq Scan on role_type rt  (cost=0.00..1.15 rows=2 width=4) (actual time=0.030..0.032 rows=2 loops=1)
                           Filter: ((role)::text = ANY ('{"production designer",writer}'::text[]))
                           Rows Removed by Filter: 10
                           Buffers: shared hit=1
         ->  Index Scan using name_pkey on name n  (cost=0.43..2.32 rows=1 width=4) (actual time=0.035..0.035 rows=0 loops=38454)
               Index Cond: (id = ci.person_id)
               Filter: ((gender)::text = ANY ('{f,m}'::text[]))
               Rows Removed by Filter: 1
               Buffers: shared hit=144344 read=9472
 Planning:
   Buffers: shared hit=574
 Planning Time: 12.377 ms
 Execution Time: 21220.894 ms
(76 rows)

