                                                                                              QUERY PLAN                                                                                               
-------------------------------------------------------------------------------------------------------------------------------------------------------------------------------------------------------
 Aggregate  (cost=431009.89..431009.90 rows=1 width=8) (actual time=750.547..750.554 rows=1 loops=1)
   Buffers: shared hit=33951 read=41665
   ->  Nested Loop  (cost=74992.35..431009.89 rows=1 width=0) (actual time=394.789..750.500 rows=367 loops=1)
         Buffers: shared hit=33951 read=41665
         ->  Nested Loop  (cost=74992.35..431007.47 rows=1 width=4) (actual time=394.779..745.654 rows=367 loops=1)
               Buffers: shared hit=33584 read=41665
               ->  Nested Loop  (cost=74992.35..431005.04 rows=1 width=8) (actual time=394.755..741.641 rows=367 loops=1)
                     Join Filter: (t.id = mi2.movie_id)
                     Buffers: shared hit=33217 read=41665
                     ->  Nested Loop  (cost=74991.92..429950.59 rows=25 width=16) (actual time=394.721..733.513 rows=99 loops=1)
                           Join Filter: (t.id = mi1.movie_id)
                           Buffers: shared hit=31397 read=41665
                           ->  Nested Loop  (cost=74991.48..249808.23 rows=4271 width=8) (actual time=389.458..650.455 rows=502 loops=1)
                                 Buffers: shared hit=26879 read=37962
                                 ->  Hash Join  (cost=74991.05..207154.58 rows=18389 width=12) (actual time=372.484..490.758 rows=6663 loops=1)
                                       Hash Cond: (t.kind_id = kt.id)
                                       Buffers: shared hit=801 read=37388
                                       ->  Hash Join  (cost=74989.94..206882.22 rows=64364 width=16) (actual time=372.433..489.314 rows=6677 loops=1)
                                             Hash Cond: (ci.movie_id = t.id)
                                             Buffers: shared hit=800 read=37388
                                             ->  Nested Loop  (cost=0.44..123965.00 rows=3020080 width=8) (actual time=0.083..80.671 rows=276403 loops=1)
                                                   Buffers: shared hit=800 read=997
                                                   ->  Seq Scan on role_type rt  (cost=0.00..1.15 rows=1 width=4) (actual time=0.007..0.010 rows=1 loops=1)
                                                         Filter: ((role)::text = 'costume designer'::text)
                                                         Rows Removed by Filter: 11
                                                         Buffers: shared hit=1
                                                   ->  Index Scan using role_id_cast_info on cast_info ci  (cost=0.44..91017.52 rows=3294633 width=12) (actual time=0.074..54.463 rows=276403 loops=1)
                                                         Index Cond: (role_id = rt.id)
                                                         Buffers: shared hit=799 read=997
                                             ->  Hash  (cost=74315.95..74315.95 rows=53884 width=8) (actual time=371.924..371.925 rows=51669 loops=1)
                                                   Buckets: 65536  Batches: 1  Memory Usage: 2531kB
                                                   Buffers: shared read=36391
                                                   ->  Seq Scan on title t  (cost=0.00..74315.95 rows=53884 width=8) (actual time=0.523..361.401 rows=51669 loops=1)
                                                         Filter: ((production_year <= 1949) AND (1928 < production_year))
                                                         Rows Removed by Filter: 2476643
                                                         Buffers: shared read=36391
                                       ->  Hash  (cost=1.09..1.09 rows=2 width=4) (actual time=0.028..0.029 rows=2 loops=1)
                                             Buckets: 1024  Batches: 1  Memory Usage: 9kB
                                             Buffers: shared hit=1
                                             ->  Seq Scan on kind_type kt  (cost=0.00..1.09 rows=2 width=4) (actual time=0.022..0.023 rows=2 loops=1)
                                                   Filter: ((kind)::text = ANY ('{episode,movie}'::text[]))
                                                   Rows Removed by Filter: 5
                                                   Buffers: shared hit=1
                                 ->  Index Scan using name_pkey on name n  (cost=0.43..2.32 rows=1 width=4) (actual time=0.024..0.024 rows=0 loops=6663)
                                       Index Cond: (id = ci.person_id)
                                       Filter: ((gender)::text = 'f'::text)
                                       Rows Removed by Filter: 1
                                       Buffers: shared hit=26078 read=574
                           ->  Index Scan using movie_id_movie_info on movie_info mi1  (cost=0.43..42.17 rows=1 width=8) (actual time=0.165..0.165 rows=0 loops=502)
                                 Index Cond: (movie_id = ci.movie_id)
                                 Filter: ((info_type_id = 3) AND ((info)::text = ANY ('{Action,Adventure,Thriller,War}'::text[])))
                                 Rows Removed by Filter: 34
                                 Buffers: shared hit=4518 read=3703
                     ->  Index Scan using movie_id_movie_info on movie_info mi2  (cost=0.43..42.17 rows=1 width=8) (actual time=0.047..0.081 rows=4 loops=99)
                           Index Cond: (movie_id = ci.movie_id)
                           Filter: ((info_type_id = 7) AND ((info)::text = ANY ('{"OFM:35 mm",PCS:Spherical,"PFM:35 mm","RAT:1.37 : 1"}'::text[])))
                           Rows Removed by Filter: 47
                           Buffers: shared hit=1820
               ->  Seq Scan on info_type it1  (cost=0.00..2.41 rows=1 width=4) (actual time=0.005..0.010 rows=1 loops=367)
                     Filter: (id = 3)
                     Rows Removed by Filter: 112
                     Buffers: shared hit=367
         ->  Seq Scan on info_type it2  (cost=0.00..2.41 rows=1 width=4) (actual time=0.008..0.012 rows=1 loops=367)
               Filter: (id = 7)
               Rows Removed by Filter: 112
               Buffers: shared hit=367
 Planning:
   Buffers: shared hit=482 read=92
 Planning Time: 12.344 ms
 Execution Time: 751.000 ms
(70 rows)

