                                                                                            QUERY PLAN                                                                                            
--------------------------------------------------------------------------------------------------------------------------------------------------------------------------------------------------
 Aggregate  (cost=741172.69..741172.70 rows=1 width=8) (actual time=3469.652..3469.660 rows=1 loops=1)
   Buffers: shared hit=258135 read=94191, temp read=1432 written=1432
   ->  Nested Loop  (cost=94618.80..741172.32 rows=148 width=0) (actual time=506.667..3469.590 rows=129 loops=1)
         Buffers: shared hit=258135 read=94191, temp read=1432 written=1432
         ->  Seq Scan on info_type it2  (cost=0.00..2.41 rows=1 width=4) (actual time=0.045..0.054 rows=1 loops=1)
               Filter: (id = 7)
               Rows Removed by Filter: 112
               Buffers: shared hit=1
         ->  Nested Loop  (cost=94618.80..741168.42 rows=148 width=4) (actual time=506.621..3469.500 rows=129 loops=1)
               Buffers: shared hit=258134 read=94191, temp read=1432 written=1432
               ->  Seq Scan on info_type it1  (cost=0.00..2.41 rows=1 width=4) (actual time=0.009..0.021 rows=1 loops=1)
                     Filter: (id = 3)
                     Rows Removed by Filter: 112
                     Buffers: shared hit=1
               ->  Nested Loop  (cost=94618.80..741164.53 rows=148 width=8) (actual time=506.608..3469.436 rows=129 loops=1)
                     Buffers: shared hit=258133 read=94191, temp read=1432 written=1432
                     ->  Hash Join  (cost=94618.37..739689.32 rows=636 width=12) (actual time=436.534..3193.939 rows=8161 loops=1)
                           Hash Cond: (ci.role_id = rt.id)
                           Buffers: shared hit=229220 read=90460, temp read=1432 written=1432
                           ->  Nested Loop  (cost=94617.19..739674.59 rows=3813 width=16) (actual time=435.789..3173.208 rows=155838 loops=1)
                                 Buffers: shared hit=229219 read=90460, temp read=1432 written=1432
                                 ->  Nested Loop  (cost=94616.75..727773.87 rows=266 width=20) (actual time=435.763..1742.837 rows=7953 loops=1)
                                       Buffers: shared hit=83944 read=59706, temp read=1432 written=1432
                                       ->  Hash Join  (cost=94616.32..484549.70 rows=5624 width=12) (actual time=435.643..959.641 rows=7627 loops=1)
                                             Hash Cond: (mi2.movie_id = t.id)
                                             Buffers: shared hit=12931 read=34610, temp read=1432 written=1432
                                             ->  Bitmap Heap Scan on movie_info mi2  (cost=15891.55..404132.19 rows=84668 width=8) (actual time=38.663..380.970 rows=800027 loops=1)
                                                   Recheck Cond: (info_type_id = 7)
                                                   Filter: ((info)::text = ANY ('{"OFM:35 mm","PFM:35 mm",PFM:Video,"RAT:1.33 : 1","RAT:1.85 : 1"}'::text[]))
                                                   Rows Removed by Filter: 601875
                                                   Heap Blocks: exact=10050
                                                   Buffers: shared hit=10907 read=242
                                                   ->  Bitmap Index Scan on info_type_id_movie_info  (cost=0.00..15870.39 rows=1484527 width=0) (actual time=37.384..37.384 rows=1401902 loops=1)
                                                         Index Cond: (info_type_id = 7)
                                                         Buffers: shared hit=1099
                                             ->  Hash  (cost=75968.50..75968.50 rows=167941 width=4) (actual time=395.756..395.759 rows=44292 loops=1)
                                                   Buckets: 262144  Batches: 2  Memory Usage: 2832kB
                                                   Buffers: shared hit=2024 read=34368, temp written=64
                                                   ->  Hash Join  (cost=1.13..75968.50 rows=167941 width=4) (actual time=0.051..386.824 rows=44292 loops=1)
                                                         Hash Cond: (t.kind_id = kt.id)
                                                         Buffers: shared hit=2024 read=34368
                                                         ->  Seq Scan on title t  (cost=0.00..74315.95 rows=391862 width=8) (actual time=0.015..361.381 rows=386415 loops=1)
                                                               Filter: ((production_year <= 1997) AND (1981 < production_year))
                                                               Rows Removed by Filter: 2141897
                                                               Buffers: shared hit=2023 read=34368
                                                         ->  Hash  (cost=1.10..1.10 rows=3 width=4) (actual time=0.013..0.014 rows=3 loops=1)
                                                               Buckets: 1024  Batches: 1  Memory Usage: 9kB
                                                               Buffers: shared hit=1
                                                               ->  Seq Scan on kind_type kt  (cost=0.00..1.10 rows=3 width=4) (actual time=0.008..0.009 rows=3 loops=1)
                                                                     Filter: ((kind)::text = ANY ('{"tv series","video game","video movie"}'::text[]))
                                                                     Rows Removed by Filter: 4
                                                                     Buffers: shared hit=1
                                       ->  Index Scan using movie_id_movie_info on movie_info mi1  (cost=0.43..43.24 rows=1 width=8) (actual time=0.100..0.102 rows=1 loops=7627)
                                             Index Cond: (movie_id = t.id)
                                             Filter: ((info_type_id = 3) AND ((info)::text = ANY ('{Action,Adult,Comedy,Crime,Documentary,Drama,Short,Thriller}'::text[])))
                                             Rows Removed by Filter: 20
                                             Buffers: shared hit=71013 read=25096
                                 ->  Index Scan using movie_id_cast_info on cast_info ci  (cost=0.44..44.36 rows=38 width=12) (actual time=0.029..0.176 rows=20 loops=7953)
                                       Index Cond: (movie_id = t.id)
                                       Buffers: shared hit=145275 read=30754
                           ->  Hash  (cost=1.15..1.15 rows=2 width=4) (actual time=0.024..0.025 rows=2 loops=1)
                                 Buckets: 1024  Batches: 1  Memory Usage: 9kB
                                 Buffers: shared hit=1
                                 ->  Seq Scan on role_type rt  (cost=0.00..1.15 rows=2 width=4) (actual time=0.012..0.014 rows=2 loops=1)
                                       Filter: ((role)::text = ANY ('{composer,editor}'::text[]))
                                       Rows Removed by Filter: 10
                                       Buffers: shared hit=1
                     ->  Index Scan using name_pkey on name n  (cost=0.43..2.32 rows=1 width=4) (actual time=0.033..0.033 rows=0 loops=8161)
                           Index Cond: (id = ci.person_id)
                           Filter: ((gender)::text = 'f'::text)
                           Rows Removed by Filter: 1
                           Buffers: shared hit=28913 read=3731
 Planning:
   Buffers: shared hit=574
 Planning Time: 14.060 ms
 Execution Time: 3470.231 ms
(76 rows)

