                                                                                                             QUERY PLAN                                                                                                              
-------------------------------------------------------------------------------------------------------------------------------------------------------------------------------------------------------------------------------------
 Aggregate  (cost=632769.36..632769.37 rows=1 width=8) (actual time=3415.658..3415.664 rows=1 loops=1)
   Buffers: shared hit=263414 read=70862
   ->  Nested Loop  (cost=93833.98..632769.23 rows=51 width=0) (actual time=431.275..3412.155 rows=21772 loops=1)
         Buffers: shared hit=263414 read=70862
         ->  Seq Scan on info_type it2  (cost=0.00..2.41 rows=1 width=4) (actual time=0.045..0.050 rows=1 loops=1)
               Filter: (id = 7)
               Rows Removed by Filter: 112
               Buffers: shared hit=1
         ->  Nested Loop  (cost=93833.98..632766.31 rows=51 width=4) (actual time=431.229..3408.043 rows=21772 loops=1)
               Buffers: shared hit=263413 read=70862
               ->  Seq Scan on info_type it1  (cost=0.00..2.41 rows=1 width=4) (actual time=0.009..0.016 rows=1 loops=1)
                     Filter: (id = 3)
                     Rows Removed by Filter: 112
                     Buffers: shared hit=1
               ->  Nested Loop  (cost=93833.98..632763.39 rows=51 width=8) (actual time=431.216..3403.725 rows=21772 loops=1)
                     Buffers: shared hit=263412 read=70862
                     ->  Hash Join  (cost=93833.55..632480.40 rows=122 width=12) (actual time=431.177..2621.251 rows=21772 loops=1)
                           Hash Cond: (ci.role_id = rt.id)
                           Buffers: shared hit=185211 read=61975
                           ->  Nested Loop  (cost=93832.39..632474.05 rows=1462 width=16) (actual time=431.133..2604.025 rows=71910 loops=1)
                                 Buffers: shared hit=185210 read=61975
                                 ->  Nested Loop  (cost=93831.95..627910.61 rows=102 width=20) (actual time=430.119..1847.974 rows=3459 loops=1)
                                       Buffers: shared hit=108206 read=58568
                                       ->  Hash Join  (cost=93831.51..512749.30 rows=2666 width=12) (actual time=428.959..916.763 rows=11755 loops=1)
                                             Hash Cond: (mi1.movie_id = t.id)
                                             Buffers: shared hit=4441 read=42926
                                             ->  Bitmap Heap Scan on movie_info mi1  (cost=16463.52..435128.85 rows=60213 width=8) (actual time=44.524..462.589 rows=584362 loops=1)
                                                   Recheck Cond: (info_type_id = 3)
                                                   Filter: ((info)::text = ANY ('{Action,Animation,Crime,Documentary,Drama,Fantasy,Music}'::text[]))
                                                   Rows Removed by Filter: 949547
                                                   Heap Blocks: exact=9772
                                                   Buffers: shared hit=2417 read=8558
                                                   ->  Bitmap Index Scan on info_type_id_movie_info  (cost=0.00..16448.47 rows=1538671 width=0) (actual time=43.331..43.331 rows=1533909 loops=1)
                                                         Index Cond: (info_type_id = 3)
                                                         Buffers: shared hit=1 read=1202
                                             ->  Hash  (cost=75968.48..75968.48 rows=111961 width=4) (actual time=383.920..383.922 rows=23692 loops=1)
                                                   Buckets: 131072  Batches: 1  Memory Usage: 1857kB
                                                   Buffers: shared hit=2024 read=34368
                                                   ->  Hash Join  (cost=1.11..75968.48 rows=111961 width=4) (actual time=0.058..378.284 rows=23692 loops=1)
                                                         Hash Cond: (t.kind_id = kt.id)
                                                         Buffers: shared hit=2024 read=34368
                                                         ->  Seq Scan on title t  (cost=0.00..74315.95 rows=391862 width=8) (actual time=0.026..354.712 rows=386415 loops=1)
                                                               Filter: ((production_year <= 1997) AND (1981 < production_year))
                                                               Rows Removed by Filter: 2141897
                                                               Buffers: shared hit=2023 read=34368
                                                         ->  Hash  (cost=1.09..1.09 rows=2 width=4) (actual time=0.012..0.013 rows=2 loops=1)
                                                               Buckets: 1024  Batches: 1  Memory Usage: 9kB
                                                               Buffers: shared hit=1
                                                               ->  Seq Scan on kind_type kt  (cost=0.00..1.09 rows=2 width=4) (actual time=0.007..0.008 rows=2 loops=1)
                                                                     Filter: ((kind)::text = ANY ('{"tv series","video game"}'::text[]))
                                                                     Rows Removed by Filter: 5
                                                                     Buffers: shared hit=1
                                       ->  Index Scan using movie_id_movie_info on movie_info mi2  (cost=0.43..43.19 rows=1 width=8) (actual time=0.069..0.079 rows=0 loops=11755)
                                             Index Cond: (movie_id = t.id)
                                             Filter: ((info_type_id = 7) AND ((info)::text = ANY ('{"CAM:Panavision Cameras and Lenses","OFM:16 mm","OFM:35 mm",PCS:Spherical,"PFM:35 mm","RAT:1.33 : 1","RAT:2.35 : 1"}'::text[])))
                                             Rows Removed by Filter: 13
                                             Buffers: shared hit=103765 read=15642
                                 ->  Index Scan using movie_id_cast_info on cast_info ci  (cost=0.44..44.36 rows=38 width=12) (actual time=0.033..0.213 rows=21 loops=3459)
                                       Index Cond: (movie_id = t.id)
                                       Buffers: shared hit=77004 read=3407
                           ->  Hash  (cost=1.15..1.15 rows=1 width=4) (actual time=0.017..0.017 rows=1 loops=1)
                                 Buckets: 1024  Batches: 1  Memory Usage: 9kB
                                 Buffers: shared hit=1
                                 ->  Seq Scan on role_type rt  (cost=0.00..1.15 rows=1 width=4) (actual time=0.010..0.012 rows=1 loops=1)
                                       Filter: ((role)::text = 'actor'::text)
                                       Rows Removed by Filter: 11
                                       Buffers: shared hit=1
                     ->  Index Scan using name_pkey on name n  (cost=0.43..2.32 rows=1 width=4) (actual time=0.035..0.035 rows=1 loops=21772)
                           Index Cond: (id = ci.person_id)
                           Filter: ((gender)::text = 'm'::text)
                           Buffers: shared hit=78201 read=8887
 Planning:
   Buffers: shared hit=574
 Planning Time: 15.214 ms
 Execution Time: 3416.244 ms
(75 rows)

