                                                                                            QUERY PLAN                                                                                            
--------------------------------------------------------------------------------------------------------------------------------------------------------------------------------------------------
 Aggregate  (cost=664876.16..664876.17 rows=1 width=8) (actual time=92929.286..92929.296 rows=1 loops=1)
   Buffers: shared hit=9078552 read=484593, temp read=2314 written=2314
   ->  Nested Loop  (cost=93593.53..664875.98 rows=70 width=0) (actual time=551.739..92912.995 rows=58212 loops=1)
         Buffers: shared hit=9078552 read=484593, temp read=2314 written=2314
         ->  Seq Scan on info_type it2  (cost=0.00..2.41 rows=1 width=4) (actual time=0.046..0.057 rows=1 loops=1)
               Filter: (id = 7)
               Rows Removed by Filter: 112
               Buffers: shared hit=1
         ->  Nested Loop  (cost=93593.53..664872.87 rows=70 width=4) (actual time=551.691..92897.972 rows=58212 loops=1)
               Buffers: shared hit=9078551 read=484593, temp read=2314 written=2314
               ->  Seq Scan on info_type it1  (cost=0.00..2.41 rows=1 width=4) (actual time=0.009..0.024 rows=1 loops=1)
                     Filter: (id = 3)
                     Rows Removed by Filter: 112
                     Buffers: shared hit=1
               ->  Nested Loop  (cost=93593.53..664869.76 rows=70 width=8) (actual time=551.678..92881.162 rows=58212 loops=1)
                     Buffers: shared hit=9078550 read=484593, temp read=2314 written=2314
                     ->  Hash Join  (cost=93593.10..664484.72 rows=166 width=12) (actual time=547.831..88058.087 rows=130468 loops=1)
                           Hash Cond: (ci.role_id = rt.id)
                           Buffers: shared hit=8564366 read=476905, temp read=2314 written=2314
                           ->  Nested Loop  (cost=93591.93..664476.48 rows=1992 width=16) (actual time=547.467..87101.210 rows=4698502 loops=1)
                                 Buffers: shared hit=8564365 read=476905, temp read=2314 written=2314
                                 ->  Nested Loop  (cost=93591.49..658238.24 rows=139 width=20) (actual time=547.412..38285.566 rows=185859 loops=1)
                                       Buffers: shared hit=3639409 read=234802, temp read=2314 written=2314
                                       ->  Hash Join  (cost=93591.06..467055.90 rows=4411 width=12) (actual time=508.805..1880.888 rows=312697 loops=1)
                                             Hash Cond: (mi2.movie_id = t.id)
                                             Buffers: shared hit=8201 read=39340, temp read=2314 written=2314
                                             ->  Bitmap Heap Scan on movie_info mi2  (cost=15888.78..389033.58 rows=73583 width=8) (actual time=35.994..802.379 rows=685795 loops=1)
                                                   Recheck Cond: (info_type_id = 7)
                                                   Filter: ((info)::text = ANY ('{"OFM:35 mm",PCS:Spherical,"PFM:35 mm","RAT:1.37 : 1"}'::text[]))
                                                   Rows Removed by Filter: 716107
                                                   Heap Blocks: exact=10050
                                                   Buffers: shared hit=4129 read=7020
                                                   ->  Bitmap Index Scan on info_type_id_movie_info  (cost=0.00..15870.39 rows=1484527 width=0) (actual time=34.749..34.749 rows=1401902 loops=1)
                                                         Index Cond: (info_type_id = 7)
                                                         Buffers: shared hit=1099
                                             ->  Hash  (cost=75807.58..75807.58 rows=151576 width=4) (actual time=471.824..471.827 rows=335746 loops=1)
                                                   Buckets: 262144 (originally 262144)  Batches: 2 (originally 1)  Memory Usage: 7957kB
                                                   Buffers: shared hit=4072 read=32320, temp written=491
                                                   ->  Hash Join  (cost=1.13..75807.58 rows=151576 width=4) (actual time=0.031..408.004 rows=335746 loops=1)
                                                         Hash Cond: (t.kind_id = kt.id)
                                                         Buffers: shared hit=4072 read=32320
                                                         ->  Seq Scan on title t  (cost=0.00..74315.95 rows=353677 width=8) (actual time=0.014..363.606 rows=347589 loops=1)
                                                               Filter: ((production_year <= 1975) AND (1925 < production_year))
                                                               Rows Removed by Filter: 2180723
                                                               Buffers: shared hit=4071 read=32320
                                                         ->  Hash  (cost=1.10..1.10 rows=3 width=4) (actual time=0.010..0.011 rows=3 loops=1)
                                                               Buckets: 1024  Batches: 1  Memory Usage: 9kB
                                                               Buffers: shared hit=1
                                                               ->  Seq Scan on kind_type kt  (cost=0.00..1.10 rows=3 width=4) (actual time=0.006..0.007 rows=3 loops=1)
                                                                     Filter: ((kind)::text = ANY ('{episode,movie,"tv movie"}'::text[]))
                                                                     Rows Removed by Filter: 4
                                                                     Buffers: shared hit=1
                                       ->  Index Scan using movie_id_movie_info on movie_info mi1  (cost=0.43..43.33 rows=1 width=8) (actual time=0.115..0.116 rows=1 loops=312697)
                                             Index Cond: (movie_id = t.id)
                                             Filter: ((info_type_id = 3) AND ((info)::text = ANY ('{Action,Drama,Family,Musical,Mystery,Short,Thriller,Western}'::text[])))
                                             Rows Removed by Filter: 17
                                             Buffers: shared hit=3631208 read=195462
                                 ->  Index Scan using movie_id_cast_info on cast_info ci  (cost=0.44..44.50 rows=38 width=12) (actual time=0.037..0.254 rows=25 loops=185859)
                                       Index Cond: (movie_id = t.id)
                                       Buffers: shared hit=4924956 read=242103
                           ->  Hash  (cost=1.15..1.15 rows=1 width=4) (actual time=0.017..0.018 rows=1 loops=1)
                                 Buckets: 1024  Batches: 1  Memory Usage: 9kB
                                 Buffers: shared hit=1
                                 ->  Seq Scan on role_type rt  (cost=0.00..1.15 rows=1 width=4) (actual time=0.010..0.012 rows=1 loops=1)
                                       Filter: ((role)::text = 'composer'::text)
                                       Rows Removed by Filter: 11
                                       Buffers: shared hit=1
                     ->  Index Scan using name_pkey on name n  (cost=0.43..2.32 rows=1 width=4) (actual time=0.036..0.036 rows=0 loops=130468)
                           Index Cond: (id = ci.person_id)
                           Filter: ((gender)::text = 'm'::text)
                           Rows Removed by Filter: 1
                           Buffers: shared hit=514184 read=7688
 Planning:
   Buffers: shared hit=574
 Planning Time: 12.441 ms
 Execution Time: 92929.947 ms
(76 rows)

