                                                                                               QUERY PLAN                                                                                               
--------------------------------------------------------------------------------------------------------------------------------------------------------------------------------------------------------
 Aggregate  (cost=1004352.47..1004352.48 rows=1 width=8) (actual time=126191.053..126191.064 rows=1 loops=1)
   Buffers: shared hit=11904719 read=1021552, temp read=17136 written=17136
   ->  Nested Loop  (cost=508242.35..1004350.79 rows=670 width=0) (actual time=1856.595..126147.421 rows=162166 loops=1)
         Buffers: shared hit=11904719 read=1021552, temp read=17136 written=17136
         ->  Seq Scan on info_type it2  (cost=0.00..2.41 rows=1 width=4) (actual time=0.052..0.061 rows=1 loops=1)
               Filter: (id = 7)
               Rows Removed by Filter: 112
               Buffers: shared hit=1
         ->  Nested Loop  (cost=508242.35..1004341.68 rows=670 width=4) (actual time=1856.541..126108.415 rows=162166 loops=1)
               Buffers: shared hit=11904718 read=1021552, temp read=17136 written=17136
               ->  Seq Scan on info_type it1  (cost=0.00..2.41 rows=1 width=4) (actual time=0.010..0.022 rows=1 loops=1)
                     Filter: (id = 3)
                     Rows Removed by Filter: 112
                     Buffers: shared hit=1
               ->  Nested Loop  (cost=508242.35..1004332.57 rows=670 width=8) (actual time=1856.528..126064.857 rows=162166 loops=1)
                     Buffers: shared hit=11904717 read=1021552, temp read=17136 written=17136
                     ->  Hash Join  (cost=508241.92..1000625.97 rows=1598 width=12) (actual time=1855.608..116049.357 rows=265707 loops=1)
                           Hash Cond: (ci.role_id = rt.id)
                           Buffers: shared hit=10947479 read=915962, temp read=17136 written=17136
                           ->  Nested Loop  (cost=508240.76..1000556.69 rows=19179 width=16) (actual time=1855.510..113850.204 rows=11381527 loops=1)
                                 Buffers: shared hit=10947478 read=915962, temp read=17136 written=17136
                                 ->  Hash Join  (cost=508240.32..942089.16 rows=1338 width=20) (actual time=1855.480..3410.215 rows=244871 loops=1)
                                       Hash Cond: (mi2.movie_id = t.id)
                                       Buffers: shared hit=18894 read=39622, temp read=17136 written=17136
                                       ->  Bitmap Heap Scan on movie_info mi2  (cost=15890.87..449419.04 rows=81946 width=8) (actual time=39.217..779.708 rows=762823 loops=1)
                                             Recheck Cond: (info_type_id = 7)
                                             Filter: ((info)::text = ANY ('{"OFM:16 mm","OFM:35 mm",OFM:Video,PCS:Spherical,"PFM:35 mm","RAT:1.85 : 1","RAT:16:9 HD","RAT:2.35 : 1"}'::text[]))
                                             Rows Removed by Filter: 639079
                                             Heap Blocks: exact=10050
                                             Buffers: shared hit=64 read=11085
                                             ->  Bitmap Index Scan on info_type_id_movie_info  (cost=0.00..15870.39 rows=1484527 width=0) (actual time=37.962..37.962 rows=1401902 loops=1)
                                                   Index Cond: (info_type_id = 7)
                                                   Buffers: shared read=1099
                                       ->  Hash  (cost=491833.33..491833.33 rows=41289 width=12) (actual time=1815.407..1815.412 rows=688815 loops=1)
                                             Buckets: 262144 (originally 65536)  Batches: 8 (originally 1)  Memory Usage: 6145kB
                                             Buffers: shared hit=18830 read=28537, temp read=10548 written=12898
                                             ->  Hash Join  (cost=113321.74..491833.33 rows=41289 width=12) (actual time=958.985..1707.920 rows=688815 loops=1)
                                                   Hash Cond: (mi1.movie_id = t.id)
                                                   Buffers: shared hit=18830 read=28537, temp read=10548 written=10548
                                                   ->  Bitmap Heap Scan on movie_info mi1  (cost=16478.89..389815.58 rows=121606 width=8) (actual time=38.124..321.960 rows=1160564 loops=1)
                                                         Recheck Cond: (info_type_id = 3)
                                                         Filter: ((info)::text = ANY ('{Action,Adventure,Comedy,Documentary,Drama,Family,Fantasy,Horror,Short,Thriller}'::text[]))
                                                         Rows Removed by Filter: 373345
                                                         Heap Blocks: exact=9772
                                                         Buffers: shared hit=2586 read=8389
                                                         ->  Bitmap Index Scan on info_type_id_movie_info  (cost=0.00..16448.47 rows=1538671 width=0) (actual time=36.941..36.941 rows=1533909 loops=1)
                                                               Index Cond: (info_type_id = 3)
                                                               Buffers: shared hit=1 read=1202
                                                   ->  Hash  (cost=82758.38..82758.38 rows=858437 width=4) (actual time=919.132..919.136 rows=1830466 loops=1)
                                                         Buckets: 262144 (originally 262144)  Batches: 16 (originally 8)  Memory Usage: 6145kB
                                                         Buffers: shared hit=16244 read=20148, temp written=5019
                                                         ->  Hash Join  (cost=1.13..82758.38 rows=858437 width=4) (actual time=0.048..678.607 rows=1830466 loops=1)
                                                               Hash Cond: (t.kind_id = kt.id)
                                                               Buffers: shared hit=16244 read=20148
                                                               ->  Seq Scan on title t  (cost=0.00..74315.95 rows=2003019 width=8) (actual time=0.026..458.317 rows=2004612 loops=1)
                                                                     Filter: ((production_year <= 2015) AND (1975 < production_year))
                                                                     Rows Removed by Filter: 523700
                                                                     Buffers: shared hit=16243 read=20148
                                                               ->  Hash  (cost=1.10..1.10 rows=3 width=4) (actual time=0.014..0.016 rows=3 loops=1)
                                                                     Buckets: 1024  Batches: 1  Memory Usage: 9kB
                                                                     Buffers: shared hit=1
                                                                     ->  Seq Scan on kind_type kt  (cost=0.00..1.10 rows=3 width=4) (actual time=0.009..0.010 rows=3 loops=1)
                                                                           Filter: ((kind)::text = ANY ('{episode,movie,"video movie"}'::text[]))
                                                                           Rows Removed by Filter: 4
                                                                           Buffers: shared hit=1
                                 ->  Index Scan using movie_id_cast_info on cast_info ci  (cost=0.44..43.32 rows=38 width=12) (actual time=0.036..0.437 rows=46 loops=244871)
                                       Index Cond: (movie_id = t.id)
                                       Buffers: shared hit=10928584 read=876340
                           ->  Hash  (cost=1.15..1.15 rows=1 width=4) (actual time=0.021..0.022 rows=1 loops=1)
                                 Buckets: 1024  Batches: 1  Memory Usage: 9kB
                                 Buffers: shared hit=1
                                 ->  Seq Scan on role_type rt  (cost=0.00..1.15 rows=1 width=4) (actual time=0.011..0.012 rows=1 loops=1)
                                       Filter: ((role)::text = 'director'::text)
                                       Rows Removed by Filter: 11
                                       Buffers: shared hit=1
                     ->  Index Scan using name_pkey on name n  (cost=0.43..2.32 rows=1 width=4) (actual time=0.037..0.037 rows=1 loops=265707)
                           Index Cond: (id = ci.person_id)
                           Filter: ((gender)::text = 'm'::text)
                           Rows Removed by Filter: 0
                           Buffers: shared hit=957238 read=105590
 Planning:
   Buffers: shared hit=522 read=55
 Planning Time: 13.994 ms
 Execution Time: 126191.891 ms
(84 rows)

