                                                                                                  QUERY PLAN                                                                                                  
--------------------------------------------------------------------------------------------------------------------------------------------------------------------------------------------------------------
 Aggregate  (cost=1060297.56..1060297.57 rows=1 width=8) (actual time=89271.129..89271.139 rows=1 loops=1)
   Buffers: shared hit=8307173 read=832236, temp read=12980 written=12980
   ->  Nested Loop  (cost=552925.21..1060296.47 rows=436 width=0) (actual time=1769.144..89266.159 rows=10522 loops=1)
         Buffers: shared hit=8307173 read=832236, temp read=12980 written=12980
         ->  Seq Scan on info_type it2  (cost=0.00..2.41 rows=1 width=4) (actual time=0.034..0.044 rows=1 loops=1)
               Filter: (id = 7)
               Rows Removed by Filter: 112
               Buffers: shared hit=1
         ->  Nested Loop  (cost=552925.21..1060289.70 rows=436 width=4) (actual time=1769.108..89263.002 rows=10522 loops=1)
               Buffers: shared hit=8307172 read=832236, temp read=12980 written=12980
               ->  Seq Scan on info_type it1  (cost=0.00..2.41 rows=1 width=4) (actual time=0.008..0.021 rows=1 loops=1)
                     Filter: (id = 3)
                     Rows Removed by Filter: 112
                     Buffers: shared hit=1
               ->  Nested Loop  (cost=552925.21..1060282.92 rows=436 width=8) (actual time=1769.097..89259.626 rows=10522 loops=1)
                     Buffers: shared hit=8307171 read=832236, temp read=12980 written=12980
                     ->  Hash Join  (cost=552924.78..1055926.87 rows=1878 width=12) (actual time=1727.361..81717.715 rows=206421 loops=1)
                           Hash Cond: (ci.role_id = rt.id)
                           Buffers: shared hit=7546617 read=767106, temp read=12980 written=12980
                           ->  Nested Loop  (cost=552923.62..1055845.66 rows=22533 width=16) (actual time=1727.239..80204.471 rows=7872570 loops=1)
                                 Buffers: shared hit=7546616 read=767106, temp read=12980 written=12980
                                 ->  Hash Join  (cost=552923.18..987152.87 rows=1572 width=20) (actual time=1727.200..3492.255 rows=194626 loops=1)
                                       Hash Cond: (mi1.movie_id = t.id)
                                       Buffers: shared hit=3 read=58513, temp read=12980 written=12980
                                       ->  Bitmap Heap Scan on movie_info mi1  (cost=16477.74..450252.62 rows=117093 width=8) (actual time=40.650..1032.670 rows=1112643 loops=1)
                                             Recheck Cond: (info_type_id = 3)
                                             Filter: ((info)::text = ANY ('{Adult,Comedy,Crime,Documentary,Drama,Family,Horror,Short}'::text[]))
                                             Rows Removed by Filter: 421266
                                             Heap Blocks: exact=9772
                                             Buffers: shared read=10975
                                             ->  Bitmap Index Scan on info_type_id_movie_info  (cost=0.00..16448.47 rows=1538671 width=0) (actual time=39.466..39.466 rows=1533909 loops=1)
                                                   Index Cond: (info_type_id = 3)
                                                   Buffers: shared read=1203
                                       ->  Hash  (cost=536021.05..536021.05 rows=33951 width=12) (actual time=1686.164..1686.169 rows=237386 loops=1)
                                             Buckets: 262144 (originally 65536)  Batches: 2 (originally 1)  Memory Usage: 7151kB
                                             Buffers: shared hit=3 read=47538, temp read=9860 written=10323
                                             ->  Hash Join  (cost=112738.23..536021.05 rows=33951 width=12) (actual time=928.453..1646.867 rows=237386 loops=1)
                                                   Hash Cond: (mi2.movie_id = t.id)
                                                   Buffers: shared hit=3 read=47538, temp read=9860 written=9860
                                                   ->  Bitmap Heap Scan on movie_info mi2  (cost=15895.39..434327.71 rows=99996 width=8) (actual time=34.705..395.175 rows=945347 loops=1)
                                                         Recheck Cond: (info_type_id = 7)
                                                         Filter: ((info)::text = ANY ('{"CAM:Arriflex Cameras","OFM:35 mm",PCS:Spherical,"PFM:35 mm","RAT:1.33 : 1","RAT:1.78 : 1","RAT:1.85 : 1"}'::text[]))
                                                         Rows Removed by Filter: 456555
                                                         Heap Blocks: exact=10050
                                                         Buffers: shared hit=2 read=11147
                                                         ->  Bitmap Index Scan on info_type_id_movie_info  (cost=0.00..15870.39 rows=1484527 width=0) (actual time=33.470..33.470 rows=1401902 loops=1)
                                                               Index Cond: (info_type_id = 7)
                                                               Buffers: shared hit=1 read=1098
                                                   ->  Hash  (cost=82758.38..82758.38 rows=858437 width=4) (actual time=892.492..892.495 rows=1830466 loops=1)
                                                         Buckets: 262144 (originally 262144)  Batches: 16 (originally 8)  Memory Usage: 6145kB
                                                         Buffers: shared hit=1 read=36391, temp written=5019
                                                         ->  Hash Join  (cost=1.13..82758.38 rows=858437 width=4) (actual time=0.039..652.238 rows=1830466 loops=1)
                                                               Hash Cond: (t.kind_id = kt.id)
                                                               Buffers: shared hit=1 read=36391
                                                               ->  Seq Scan on title t  (cost=0.00..74315.95 rows=2003019 width=8) (actual time=0.021..429.656 rows=2004612 loops=1)
                                                                     Filter: ((production_year <= 2015) AND (1975 < production_year))
                                                                     Rows Removed by Filter: 523700
                                                                     Buffers: shared read=36391
                                                               ->  Hash  (cost=1.10..1.10 rows=3 width=4) (actual time=0.012..0.013 rows=3 loops=1)
                                                                     Buckets: 1024  Batches: 1  Memory Usage: 9kB
                                                                     Buffers: shared hit=1
                                                                     ->  Seq Scan on kind_type kt  (cost=0.00..1.10 rows=3 width=4) (actual time=0.006..0.008 rows=3 loops=1)
                                                                           Filter: ((kind)::text = ANY ('{episode,movie,"video movie"}'::text[]))
                                                                           Rows Removed by Filter: 4
                                                                           Buffers: shared hit=1
                                 ->  Index Scan using movie_id_cast_info on cast_info ci  (cost=0.44..43.32 rows=38 width=12) (actual time=0.035..0.382 rows=40 loops=194626)
                                       Index Cond: (movie_id = t.id)
                                       Buffers: shared hit=7546613 read=708593
                           ->  Hash  (cost=1.15..1.15 rows=1 width=4) (actual time=0.015..0.015 rows=1 loops=1)
                                 Buckets: 1024  Batches: 1  Memory Usage: 9kB
                                 Buffers: shared hit=1
                                 ->  Seq Scan on role_type rt  (cost=0.00..1.15 rows=1 width=4) (actual time=0.008..0.009 rows=1 loops=1)
                                       Filter: ((role)::text = 'editor'::text)
                                       Rows Removed by Filter: 11
                                       Buffers: shared hit=1
                     ->  Index Scan using name_pkey on name n  (cost=0.43..2.32 rows=1 width=4) (actual time=0.036..0.036 rows=0 loops=206421)
                           Index Cond: (id = ci.person_id)
                           Filter: ((gender)::text = 'f'::text)
                           Rows Removed by Filter: 1
                           Buffers: shared hit=760554 read=65130
 Planning:
   Buffers: shared hit=479 read=95
 Planning Time: 12.860 ms
 Execution Time: 89271.771 ms
(84 rows)

