                                                                                                  QUERY PLAN                                                                                                  
--------------------------------------------------------------------------------------------------------------------------------------------------------------------------------------------------------------
 Aggregate  (cost=899933.64..899933.65 rows=1 width=8) (actual time=21210.155..21210.164 rows=1 loops=1)
   Buffers: shared hit=2036748 read=91439, temp read=8009 written=7546
   ->  Nested Loop  (cost=806009.61..899932.56 rows=433 width=0) (actual time=1013.061..21207.344 rows=11475 loops=1)
         Buffers: shared hit=2036748 read=91439, temp read=8009 written=7546
         ->  Seq Scan on info_type it2  (cost=0.00..2.41 rows=1 width=4) (actual time=0.055..0.067 rows=1 loops=1)
               Filter: (id = 7)
               Rows Removed by Filter: 112
               Buffers: shared hit=1
         ->  Nested Loop  (cost=806009.61..899925.82 rows=433 width=4) (actual time=1013.004..21204.526 rows=11475 loops=1)
               Buffers: shared hit=2036747 read=91439, temp read=8009 written=7546
               ->  Seq Scan on info_type it1  (cost=0.00..2.41 rows=1 width=4) (actual time=0.009..0.023 rows=1 loops=1)
                     Filter: (id = 3)
                     Rows Removed by Filter: 112
                     Buffers: shared hit=1
               ->  Nested Loop  (cost=806009.61..899919.08 rows=433 width=8) (actual time=1012.994..21201.550 rows=11475 loops=1)
                     Buffers: shared hit=2036746 read=91439, temp read=8009 written=7546
                     ->  Hash Join  (cost=806009.18..897525.33 rows=1032 width=12) (actual time=1012.961..20175.012 rows=27709 loops=1)
                           Hash Cond: (ci.role_id = rt.id)
                           Buffers: shared hit=1933400 read=83949, temp read=8009 written=7546
                           ->  Nested Loop  (cost=806008.02..897480.18 rows=12385 width=16) (actual time=1012.274..20105.603 rows=325331 loops=1)
                                 Buffers: shared hit=1933399 read=83949, temp read=8009 written=7546
                                 ->  Nested Loop  (cost=806007.58..859758.22 rows=864 width=20) (actual time=1012.240..16657.472 rows=10219 loops=1)
                                       Buffers: shared hit=1628102 read=40798, temp read=8009 written=7546
                                       ->  Nested Loop  (cost=806007.44..859708.92 rows=2016 width=24) (actual time=1012.224..16484.459 rows=237140 loops=1)
                                             Buffers: shared hit=1628090 read=40798, temp read=8009 written=7546
                                             ->  Merge Join  (cost=806007.01..806911.47 rows=15906 width=16) (actual time=1012.175..1634.072 rows=411691 loops=1)
                                                   Merge Cond: (mi1.movie_id = mi2.movie_id)
                                                   Buffers: shared hit=3 read=22121, temp read=8009 written=7546
                                                   ->  Sort  (cost=396673.01..396882.91 rows=83960 width=8) (actual time=503.588..646.409 rows=790365 loops=1)
                                                         Sort Key: mi1.movie_id
                                                         Sort Method: external sort  Disk: 17088kB
                                                         Buffers: shared hit=1 read=10974, temp read=4263 written=4274
                                                         ->  Bitmap Heap Scan on movie_info mi1  (cost=16469.48..389806.16 rows=83960 width=8) (actual time=41.780..306.690 rows=790381 loops=1)
                                                               Recheck Cond: (info_type_id = 3)
                                                               Filter: ((info)::text = ANY ('{Action,Adventure,Documentary,Family,Horror,Mystery,Romance,Short,Thriller,War}'::text[]))
                                                               Rows Removed by Filter: 743528
                                                               Heap Blocks: exact=9772
                                                               Buffers: shared hit=1 read=10974
                                                               ->  Bitmap Index Scan on info_type_id_movie_info  (cost=0.00..16448.47 rows=1538671 width=0) (actual time=40.585..40.586 rows=1533909 loops=1)
                                                                     Index Cond: (info_type_id = 3)
                                                                     Buffers: shared read=1203
                                                   ->  Sort  (cost=409334.00..409496.80 rows=65121 width=8) (actual time=508.576..648.347 rows=698970 loops=1)
                                                         Sort Key: mi2.movie_id
                                                         Sort Method: external sort  Disk: 13080kB
                                                         Buffers: shared hit=2 read=11147, temp read=3505 written=3272
                                                         ->  Bitmap Heap Scan on movie_info mi2  (cost=15886.67..404127.31 rows=65121 width=8) (actual time=33.273..359.402 rows=605139 loops=1)
                                                               Recheck Cond: (info_type_id = 7)
                                                               Filter: ((info)::text = ANY ('{"MET:300 m","OFM:35 mm","PFM:35 mm","RAT:1.37 : 1","RAT:1.85 : 1"}'::text[]))
                                                               Rows Removed by Filter: 796763
                                                               Heap Blocks: exact=10050
                                                               Buffers: shared hit=2 read=11147
                                                               ->  Bitmap Index Scan on info_type_id_movie_info  (cost=0.00..15870.39 rows=1484527 width=0) (actual time=32.026..32.026 rows=1401902 loops=1)
                                                                     Index Cond: (info_type_id = 7)
                                                                     Buffers: shared hit=1 read=1098
                                             ->  Index Scan using title_pkey on title t  (cost=0.43..3.32 rows=1 width=8) (actual time=0.035..0.035 rows=1 loops=411691)
                                                   Index Cond: (id = mi1.movie_id)
                                                   Filter: ((production_year <= 2015) AND (1925 < production_year))
                                                   Rows Removed by Filter: 0
                                                   Buffers: shared hit=1628087 read=18677
                                       ->  Memoize  (cost=0.14..0.16 rows=1 width=4) (actual time=0.000..0.000 rows=0 loops=237140)
                                             Cache Key: t.kind_id
                                             Cache Mode: logical
                                             Hits: 237134  Misses: 6  Evictions: 0  Overflows: 0  Memory Usage: 1kB
                                             Buffers: shared hit=12
                                             ->  Index Scan using kind_type_pkey on kind_type kt  (cost=0.13..0.15 rows=1 width=4) (actual time=0.011..0.011 rows=0 loops=6)
                                                   Index Cond: (id = t.kind_id)
                                                   Filter: ((kind)::text = ANY ('{"tv movie","tv series","video game"}'::text[]))
                                                   Rows Removed by Filter: 0
                                                   Buffers: shared hit=12
                                 ->  Index Scan using movie_id_cast_info on cast_info ci  (cost=0.44..43.28 rows=38 width=12) (actual time=0.037..0.328 rows=32 loops=10219)
                                       Index Cond: (movie_id = t.id)
                                       Buffers: shared hit=305297 read=43151
                           ->  Hash  (cost=1.15..1.15 rows=1 width=4) (actual time=0.020..0.021 rows=1 loops=1)
                                 Buckets: 1024  Batches: 1  Memory Usage: 9kB
                                 Buffers: shared hit=1
                                 ->  Seq Scan on role_type rt  (cost=0.00..1.15 rows=1 width=4) (actual time=0.009..0.011 rows=1 loops=1)
                                       Filter: ((role)::text = 'producer'::text)
                                       Rows Removed by Filter: 11
                                       Buffers: shared hit=1
                     ->  Index Scan using name_pkey on name n  (cost=0.43..2.32 rows=1 width=4) (actual time=0.036..0.036 rows=0 loops=27709)
                           Index Cond: (id = ci.person_id)
                           Filter: ((gender)::text = 'm'::text)
                           Rows Removed by Filter: 1
                           Buffers: shared hit=103346 read=7490
 Planning:
   Buffers: shared hit=482 read=95
 Planning Time: 13.876 ms
 Execution Time: 21222.449 ms
(88 rows)

