                                                                                                  QUERY PLAN                                                                                                  
--------------------------------------------------------------------------------------------------------------------------------------------------------------------------------------------------------------
 Aggregate  (cost=996820.40..996820.41 rows=1 width=8) (actual time=36052.091..36052.100 rows=1 loops=1)
   Buffers: shared hit=3489874 read=164860, temp read=7268 written=5932
   ->  Nested Loop  (cost=898559.17..996817.92 rows=993 width=0) (actual time=1793.527..36048.362 rows=12726 loops=1)
         Buffers: shared hit=3489874 read=164860, temp read=7268 written=5932
         ->  Hash Join  (cost=898558.74..993282.97 rows=1524 width=4) (actual time=1780.743..34823.660 rows=32649 loops=1)
               Hash Cond: (ci.role_id = rt.id)
               Buffers: shared hit=3364383 read=159755, temp read=7268 written=5932
               ->  Nested Loop  (cost=898557.56..993249.31 rows=9145 width=8) (actual time=1780.409..34673.352 rows=731627 loops=1)
                     Buffers: shared hit=3364382 read=159755, temp read=7268 written=5932
                     ->  Nested Loop  (cost=898557.12..965370.18 rows=638 width=12) (actual time=1780.335..26913.670 rows=17354 loops=1)
                           Buffers: shared hit=2712067 read=41795, temp read=7268 written=5932
                           ->  Nested Loop  (cost=898557.12..965359.79 rows=638 width=16) (actual time=1780.319..26898.643 rows=17354 loops=1)
                                 Buffers: shared hit=2712066 read=41795, temp read=7268 written=5932
                                 ->  Nested Loop  (cost=898557.12..965349.40 rows=638 width=20) (actual time=1780.282..26883.576 rows=17354 loops=1)
                                       Buffers: shared hit=2712065 read=41795, temp read=7268 written=5932
                                       ->  Nested Loop  (cost=898556.98..965294.14 rows=2232 width=24) (actual time=1182.709..26743.988 rows=185390 loops=1)
                                             Buffers: shared hit=2712053 read=41795, temp read=7268 written=5932
                                             ->  Merge Join  (cost=898556.55..899616.86 rows=20719 width=16) (actual time=1182.655..2086.736 rows=682931 loops=1)
                                                   Merge Cond: (mi1.movie_id = mi2.movie_id)
                                                   Buffers: shared hit=4376 read=17748, temp read=7268 written=5932
                                                   ->  Sort  (cost=458354.94..458599.46 rows=97808 width=8) (actual time=619.696..831.087 rows=955459 loops=1)
                                                         Sort Key: mi1.movie_id
                                                         Sort Method: external merge  Disk: 16888kB
                                                         Buffers: shared hit=2764 read=8211, temp read=2111 written=2124
                                                         ->  Bitmap Heap Scan on movie_info mi1  (cost=16472.92..450247.80 rows=97808 width=8) (actual time=41.472..453.125 rows=955479 loops=1)
                                                               Recheck Cond: (info_type_id = 3)
                                                               Filter: ((info)::text = ANY ('{Comedy,Crime,Drama,Fantasy,Horror,Music,Romance,Short}'::text[]))
                                                               Rows Removed by Filter: 578430
                                                               Heap Blocks: exact=9772
                                                               Buffers: shared hit=2764 read=8211
                                                               ->  Bitmap Index Scan on info_type_id_movie_info  (cost=0.00..16448.47 rows=1538671 width=0) (actual time=40.272..40.272 rows=1533909 loops=1)
                                                                     Index Cond: (info_type_id = 3)
                                                                     Buffers: shared read=1203
                                                   ->  Sort  (cost=440201.61..440383.65 rows=72817 width=8) (actual time=562.947..773.464 rows=951202 loops=1)
                                                         Sort Key: mi2.movie_id
                                                         Sort Method: external sort  Disk: 15224kB
                                                         Buffers: shared hit=1612 read=9537, temp read=4478 written=3808
                                                         ->  Bitmap Heap Scan on movie_info mi2  (cost=15888.59..434320.91 rows=72817 width=8) (actual time=33.377..388.972 rows=704457 loops=1)
                                                               Recheck Cond: (info_type_id = 7)
                                                               Filter: ((info)::text = ANY ('{PCS:Spherical,"PFM:16 mm","PFM:35 mm","RAT:1.33 : 1","RAT:1.66 : 1","RAT:1.78 : 1","RAT:1.85 : 1"}'::text[]))
                                                               Rows Removed by Filter: 697445
                                                               Heap Blocks: exact=10050
                                                               Buffers: shared hit=1612 read=9537
                                                               ->  Bitmap Index Scan on info_type_id_movie_info  (cost=0.00..15870.39 rows=1484527 width=0) (actual time=32.151..32.151 rows=1401902 loops=1)
                                                                     Index Cond: (info_type_id = 7)
                                                                     Buffers: shared hit=1 read=1098
                                             ->  Index Scan using title_pkey on title t  (cost=0.43..3.17 rows=1 width=8) (actual time=0.036..0.036 rows=0 loops=682931)
                                                   Index Cond: (id = mi1.movie_id)
                                                   Filter: ((production_year <= 2015) AND (1975 < production_year))
                                                   Rows Removed by Filter: 1
                                                   Buffers: shared hit=2707677 read=24047
                                       ->  Memoize  (cost=0.14..0.16 rows=1 width=4) (actual time=0.000..0.000 rows=0 loops=185390)
                                             Cache Key: t.kind_id
                                             Cache Mode: logical
                                             Hits: 185384  Misses: 6  Evictions: 0  Overflows: 0  Memory Usage: 1kB
                                             Buffers: shared hit=12
                                             ->  Index Scan using kind_type_pkey on kind_type kt  (cost=0.13..0.15 rows=1 width=4) (actual time=0.010..0.010 rows=0 loops=6)
                                                   Index Cond: (id = t.kind_id)
                                                   Filter: ((kind)::text = ANY ('{"tv movie","video game"}'::text[]))
                                                   Rows Removed by Filter: 1
                                                   Buffers: shared hit=12
                                 ->  Materialize  (cost=0.00..2.42 rows=1 width=4) (actual time=0.000..0.000 rows=1 loops=17354)
                                       Buffers: shared hit=1
                                       ->  Seq Scan on info_type it1  (cost=0.00..2.41 rows=1 width=4) (actual time=0.025..0.037 rows=1 loops=1)
                                             Filter: (id = 3)
                                             Rows Removed by Filter: 112
                                             Buffers: shared hit=1
                           ->  Materialize  (cost=0.00..2.42 rows=1 width=4) (actual time=0.000..0.000 rows=1 loops=17354)
                                 Buffers: shared hit=1
                                 ->  Seq Scan on info_type it2  (cost=0.00..2.41 rows=1 width=4) (actual time=0.013..0.027 rows=1 loops=1)
                                       Filter: (id = 7)
                                       Rows Removed by Filter: 112
                                       Buffers: shared hit=1
                     ->  Index Scan using movie_id_cast_info on cast_info ci  (cost=0.44..43.32 rows=38 width=12) (actual time=0.040..0.434 rows=42 loops=17354)
                           Index Cond: (movie_id = t.id)
                           Buffers: shared hit=652315 read=117960
               ->  Hash  (cost=1.15..1.15 rows=2 width=4) (actual time=0.037..0.038 rows=2 loops=1)
                     Buckets: 1024  Batches: 1  Memory Usage: 9kB
                     Buffers: shared hit=1
                     ->  Seq Scan on role_type rt  (cost=0.00..1.15 rows=2 width=4) (actual time=0.026..0.028 rows=2 loops=1)
                           Filter: ((role)::text = ANY ('{composer,editor}'::text[]))
                           Rows Removed by Filter: 10
                           Buffers: shared hit=1
         ->  Index Scan using name_pkey on name n  (cost=0.43..2.32 rows=1 width=4) (actual time=0.037..0.037 rows=0 loops=32649)
               Index Cond: (id = ci.person_id)
               Filter: ((gender)::text = ANY ('{f,m}'::text[]))
               Rows Removed by Filter: 1
               Buffers: shared hit=125491 read=5105
 Planning:
   Buffers: shared hit=522 read=52
 Planning Time: 13.830 ms
 Execution Time: 36062.727 ms
(92 rows)

