                                                                                            QUERY PLAN                                                                                            
--------------------------------------------------------------------------------------------------------------------------------------------------------------------------------------------------
 Aggregate  (cost=591158.30..591158.31 rows=1 width=8) (actual time=34858.866..34858.877 rows=1 loops=1)
   Buffers: shared hit=3138978 read=472778, temp read=1392 written=1392
   ->  Nested Loop  (cost=93583.93..591158.26 rows=17 width=0) (actual time=1320.605..34858.147 rows=1433 loops=1)
         Buffers: shared hit=3138978 read=472778, temp read=1392 written=1392
         ->  Seq Scan on info_type it2  (cost=0.00..2.41 rows=1 width=4) (actual time=0.040..0.051 rows=1 loops=1)
               Filter: (id = 7)
               Rows Removed by Filter: 112
               Buffers: shared hit=1
         ->  Nested Loop  (cost=93583.93..591155.68 rows=17 width=4) (actual time=1320.563..34857.637 rows=1433 loops=1)
               Buffers: shared hit=3138977 read=472778, temp read=1392 written=1392
               ->  Seq Scan on info_type it1  (cost=0.00..2.41 rows=1 width=4) (actual time=0.010..0.023 rows=1 loops=1)
                     Filter: (id = 3)
                     Rows Removed by Filter: 112
                     Buffers: shared hit=1
               ->  Nested Loop  (cost=93583.93..591153.10 rows=17 width=8) (actual time=1320.549..34857.130 rows=1433 loops=1)
                     Buffers: shared hit=3138976 read=472778, temp read=1392 written=1392
                     ->  Hash Join  (cost=93583.50..590983.77 rows=73 width=12) (actual time=542.464..33257.005 rows=44754 loops=1)
                           Hash Cond: (ci.role_id = rt.id)
                           Buffers: shared hit=2968545 read=464193, temp read=1392 written=1392
                           ->  Nested Loop  (cost=93582.34..590979.50 rows=874 width=16) (actual time=542.067..32983.435 rows=1599826 loops=1)
                                 Buffers: shared hit=2968544 read=464193, temp read=1392 written=1392
                                 ->  Nested Loop  (cost=93581.90..588241.86 rows=61 width=20) (actual time=542.037..16582.502 rows=61674 loops=1)
                                       Buffers: shared hit=1437742 read=237203, temp read=1392 written=1392
                                       ->  Hash Join  (cost=93581.47..497071.09 rows=2111 width=12) (actual time=523.375..1582.474 rows=134460 loops=1)
                                             Hash Cond: (mi2.movie_id = t.id)
                                             Buffers: shared hit=13617 read=33924, temp read=1392 written=1392
                                             ->  Bitmap Heap Scan on movie_info mi2  (cost=15879.19..419215.67 rows=35209 width=8) (actual time=39.410..790.308 rows=337893 loops=1)
                                                   Recheck Cond: (info_type_id = 7)
                                                   Filter: ((info)::text = ANY ('{MET:,"OFM:16 mm","OFM:35 mm","RAT:1.20 : 1","RAT:1.85 : 1","RAT:2.35 : 1"}'::text[]))
                                                   Rows Removed by Filter: 1064009
                                                   Heap Blocks: exact=10050
                                                   Buffers: shared hit=993 read=10156
                                                   ->  Bitmap Index Scan on info_type_id_movie_info  (cost=0.00..15870.39 rows=1484527 width=0) (actual time=38.160..38.160 rows=1401902 loops=1)
                                                         Index Cond: (info_type_id = 7)
                                                         Buffers: shared read=1099
                                             ->  Hash  (cost=75807.58..75807.58 rows=151576 width=4) (actual time=482.933..482.937 rows=335746 loops=1)
                                                   Buckets: 262144 (originally 262144)  Batches: 2 (originally 1)  Memory Usage: 7957kB
                                                   Buffers: shared hit=12624 read=23768, temp written=491
                                                   ->  Hash Join  (cost=1.13..75807.58 rows=151576 width=4) (actual time=0.047..423.701 rows=335746 loops=1)
                                                         Hash Cond: (t.kind_id = kt.id)
                                                         Buffers: shared hit=12624 read=23768
                                                         ->  Seq Scan on title t  (cost=0.00..74315.95 rows=353677 width=8) (actual time=0.026..380.850 rows=347589 loops=1)
                                                               Filter: ((production_year <= 1975) AND (1925 < production_year))
                                                               Rows Removed by Filter: 2180723
                                                               Buffers: shared hit=12623 read=23768
                                                         ->  Hash  (cost=1.10..1.10 rows=3 width=4) (actual time=0.013..0.015 rows=3 loops=1)
                                                               Buckets: 1024  Batches: 1  Memory Usage: 9kB
                                                               Buffers: shared hit=1
                                                               ->  Seq Scan on kind_type kt  (cost=0.00..1.10 rows=3 width=4) (actual time=0.008..0.009 rows=3 loops=1)
                                                                     Filter: ((kind)::text = ANY ('{episode,movie,"tv movie"}'::text[]))
                                                                     Rows Removed by Filter: 4
                                                                     Buffers: shared hit=1
                                       ->  Index Scan using movie_id_movie_info on movie_info mi1  (cost=0.43..43.18 rows=1 width=8) (actual time=0.111..0.111 rows=0 loops=134460)
                                             Index Cond: (movie_id = t.id)
                                             Filter: ((info_type_id = 3) AND ((info)::text = ANY ('{Action,Drama,Romance,Sci-Fi,Short}'::text[])))
                                             Rows Removed by Filter: 17
                                             Buffers: shared hit=1424125 read=203279
                                 ->  Index Scan using movie_id_cast_info on cast_info ci  (cost=0.44..44.50 rows=38 width=12) (actual time=0.036..0.258 rows=26 loops=61674)
                                       Index Cond: (movie_id = t.id)
                                       Buffers: shared hit=1530802 read=226990
                           ->  Hash  (cost=1.15..1.15 rows=1 width=4) (actual time=0.015..0.016 rows=1 loops=1)
                                 Buckets: 1024  Batches: 1  Memory Usage: 9kB
                                 Buffers: shared hit=1
                                 ->  Seq Scan on role_type rt  (cost=0.00..1.15 rows=1 width=4) (actual time=0.009..0.010 rows=1 loops=1)
                                       Filter: ((role)::text = 'editor'::text)
                                       Rows Removed by Filter: 11
                                       Buffers: shared hit=1
                     ->  Index Scan using name_pkey on name n  (cost=0.43..2.32 rows=1 width=4) (actual time=0.035..0.035 rows=0 loops=44754)
                           Index Cond: (id = ci.person_id)
                           Filter: ((gender)::text = 'f'::text)
                           Rows Removed by Filter: 1
                           Buffers: shared hit=170431 read=8585
 Planning:
   Buffers: shared hit=521 read=53
 Planning Time: 13.459 ms
 Execution Time: 34859.453 ms
(76 rows)

