                                                                                            QUERY PLAN                                                                                            
--------------------------------------------------------------------------------------------------------------------------------------------------------------------------------------------------
 Aggregate  (cost=518856.97..518856.98 rows=1 width=8) (actual time=11071.173..11071.183 rows=1 loops=1)
   Buffers: shared hit=987822 read=152923, temp read=1377 written=1377
   ->  Nested Loop  (cost=92245.43..518856.95 rows=8 width=0) (actual time=2786.041..11071.103 rows=97 loops=1)
         Buffers: shared hit=987822 read=152923, temp read=1377 written=1377
         ->  Seq Scan on info_type it2  (cost=0.00..2.41 rows=1 width=4) (actual time=0.047..0.058 rows=1 loops=1)
               Filter: (id = 7)
               Rows Removed by Filter: 112
               Buffers: shared hit=1
         ->  Nested Loop  (cost=92245.43..518854.46 rows=8 width=4) (actual time=2785.992..11070.999 rows=97 loops=1)
               Buffers: shared hit=987821 read=152923, temp read=1377 written=1377
               ->  Seq Scan on info_type it1  (cost=0.00..2.41 rows=1 width=4) (actual time=0.010..0.024 rows=1 loops=1)
                     Filter: (id = 3)
                     Rows Removed by Filter: 112
                     Buffers: shared hit=1
               ->  Nested Loop  (cost=92245.43..518851.97 rows=8 width=8) (actual time=2785.978..11070.929 rows=97 loops=1)
                     Buffers: shared hit=987820 read=152923, temp read=1377 written=1377
                     ->  Hash Join  (cost=92245.00..518770.79 rows=35 width=12) (actual time=802.150..10720.995 rows=9881 loops=1)
                           Hash Cond: (ci.role_id = rt.id)
                           Buffers: shared hit=952356 read=148863, temp read=1377 written=1377
                           ->  Nested Loop  (cost=92243.84..518768.14 rows=416 width=16) (actual time=801.897..10699.863 rows=119729 loops=1)
                                 Buffers: shared hit=952355 read=148863, temp read=1377 written=1377
                                 ->  Nested Loop  (cost=92243.40..517439.36 rows=29 width=20) (actual time=801.840..9353.495 rows=9054 loops=1)
                                       Buffers: shared hit=837238 read=122921, temp read=1377 written=1377
                                       ->  Hash Join  (cost=92242.96..450465.69 rows=1530 width=12) (actual time=455.264..1219.392 rows=77889 loops=1)
                                             Hash Cond: (mi2.movie_id = t.id)
                                             Buffers: shared hit=3353 read=44188, temp read=1377 written=1377
                                             ->  Bitmap Heap Scan on movie_info mi2  (cost=15880.95..373929.91 rows=42260 width=8) (actual time=39.109..552.750 rows=400834 loops=1)
                                                   Recheck Cond: (info_type_id = 7)
                                                   Filter: ((info)::text = ANY ('{"OFM:16 mm","OFM:35 mm",PCS:Spherical}'::text[]))
                                                   Rows Removed by Filter: 1001068
                                                   Heap Blocks: exact=10050
                                                   Buffers: shared hit=3352 read=7797
                                                   ->  Bitmap Index Scan on info_type_id_movie_info  (cost=0.00..15870.39 rows=1484527 width=0) (actual time=37.851..37.851 rows=1401902 loops=1)
                                                         Index Cond: (info_type_id = 7)
                                                         Buffers: shared read=1099
                                             ->  Hash  (cost=75217.46..75217.46 rows=91564 width=4) (actual time=415.662..415.666 rows=204688 loops=1)
                                                   Buckets: 262144 (originally 131072)  Batches: 2 (originally 1)  Memory Usage: 6145kB
                                                   Buffers: shared hit=1 read=36391, temp written=299
                                                   ->  Hash Join  (cost=1.13..75217.46 rows=91564 width=4) (actual time=0.045..375.637 rows=204688 loops=1)
                                                         Hash Cond: (t.kind_id = kt.id)
                                                         Buffers: shared hit=1 read=36391
                                                         ->  Seq Scan on title t  (cost=0.00..74315.95 rows=213650 width=8) (actual time=0.025..349.690 rows=212483 loops=1)
                                                               Filter: ((production_year <= 1970) AND (1950 < production_year))
                                                               Rows Removed by Filter: 2315829
                                                               Buffers: shared read=36391
                                                         ->  Hash  (cost=1.10..1.10 rows=3 width=4) (actual time=0.012..0.014 rows=3 loops=1)
                                                               Buckets: 1024  Batches: 1  Memory Usage: 9kB
                                                               Buffers: shared hit=1
                                                               ->  Seq Scan on kind_type kt  (cost=0.00..1.10 rows=3 width=4) (actual time=0.007..0.008 rows=3 loops=1)
                                                                     Filter: ((kind)::text = ANY ('{episode,movie,"tv movie"}'::text[]))
                                                                     Rows Removed by Filter: 4
                                                                     Buffers: shared hit=1
                                       ->  Index Scan using movie_id_movie_info on movie_info mi1  (cost=0.43..43.76 rows=1 width=8) (actual time=0.104..0.104 rows=0 loops=77889)
                                             Index Cond: (movie_id = t.id)
                                             Filter: ((info_type_id = 3) AND ((info)::text = ANY ('{Animation,Fantasy,Horror,Short}'::text[])))
                                             Rows Removed by Filter: 15
                                             Buffers: shared hit=833885 read=78733
                                 ->  Index Scan using movie_id_cast_info on cast_info ci  (cost=0.44..45.44 rows=38 width=12) (actual time=0.036..0.145 rows=13 loops=9054)
                                       Index Cond: (movie_id = t.id)
                                       Buffers: shared hit=115117 read=25942
                           ->  Hash  (cost=1.15..1.15 rows=1 width=4) (actual time=0.017..0.018 rows=1 loops=1)
                                 Buckets: 1024  Batches: 1  Memory Usage: 9kB
                                 Buffers: shared hit=1
                                 ->  Seq Scan on role_type rt  (cost=0.00..1.15 rows=1 width=4) (actual time=0.010..0.011 rows=1 loops=1)
                                       Filter: ((role)::text = 'director'::text)
                                       Rows Removed by Filter: 11
                                       Buffers: shared hit=1
                     ->  Index Scan using name_pkey on name n  (cost=0.43..2.32 rows=1 width=4) (actual time=0.035..0.035 rows=0 loops=9881)
                           Index Cond: (id = ci.person_id)
                           Filter: ((gender)::text = 'f'::text)
                           Rows Removed by Filter: 1
                           Buffers: shared hit=35464 read=4060
 Planning:
   Buffers: shared hit=481 read=93
 Planning Time: 13.141 ms
 Execution Time: 11071.823 ms
(76 rows)

