                                                                                            QUERY PLAN                                                                                            
--------------------------------------------------------------------------------------------------------------------------------------------------------------------------------------------------
 Aggregate  (cost=491673.44..491673.45 rows=1 width=8) (actual time=1279.149..1279.156 rows=1 loops=1)
   Buffers: shared hit=56572 read=63510
   ->  Nested Loop  (cost=93826.00..491673.43 rows=4 width=0) (actual time=435.091..1279.144 rows=6 loops=1)
         Buffers: shared hit=56572 read=63510
         ->  Seq Scan on info_type it2  (cost=0.00..2.41 rows=1 width=4) (actual time=0.037..0.042 rows=1 loops=1)
               Filter: (id = 7)
               Rows Removed by Filter: 112
               Buffers: shared hit=1
         ->  Nested Loop  (cost=93826.00..491670.97 rows=4 width=4) (actual time=435.052..1279.097 rows=6 loops=1)
               Buffers: shared hit=56571 read=63510
               ->  Seq Scan on info_type it1  (cost=0.00..2.41 rows=1 width=4) (actual time=0.008..0.014 rows=1 loops=1)
                     Filter: (id = 3)
                     Rows Removed by Filter: 112
                     Buffers: shared hit=1
               ->  Nested Loop  (cost=93826.00..491668.52 rows=4 width=8) (actual time=435.042..1279.076 rows=6 loops=1)
                     Buffers: shared hit=56570 read=63510
                     ->  Hash Join  (cost=93825.57..491624.45 rows=19 width=12) (actual time=429.060..1269.708 rows=331 loops=1)
                           Hash Cond: (ci.role_id = rt.id)
                           Buffers: shared hit=55592 read=63164
                           ->  Nested Loop  (cost=93824.41..491622.47 rows=229 width=16) (actual time=426.986..1268.452 rows=9757 loops=1)
                                 Buffers: shared hit=55591 read=63164
                                 ->  Nested Loop  (cost=93823.97..490906.64 rows=16 width=20) (actual time=426.955..1159.521 rows=434 loops=1)
                                       Buffers: shared hit=51978 read=55852
                                       ->  Hash Join  (cost=93823.54..437059.83 rows=1254 width=12) (actual time=426.517..720.315 rows=5879 loops=1)
                                             Hash Cond: (mi1.movie_id = t.id)
                                             Buffers: shared hit=5694 read=41673
                                             ->  Bitmap Heap Scan on movie_info mi1  (cost=16455.55..359573.13 rows=28312 width=8) (actual time=41.986..299.835 rows=289076 loops=1)
                                                   Recheck Cond: (info_type_id = 3)
                                                   Filter: ((info)::text = ANY ('{Action,Drama}'::text[]))
                                                   Rows Removed by Filter: 1244833
                                                   Heap Blocks: exact=9772
                                                   Buffers: shared hit=5693 read=5282
                                                   ->  Bitmap Index Scan on info_type_id_movie_info  (cost=0.00..16448.47 rows=1538671 width=0) (actual time=40.797..40.797 rows=1533909 loops=1)
                                                         Index Cond: (info_type_id = 3)
                                                         Buffers: shared read=1203
                                             ->  Hash  (cost=75968.48..75968.48 rows=111961 width=4) (actual time=383.990..383.993 rows=23692 loops=1)
                                                   Buckets: 131072  Batches: 1  Memory Usage: 1857kB
                                                   Buffers: shared hit=1 read=36391
                                                   ->  Hash Join  (cost=1.11..75968.48 rows=111961 width=4) (actual time=0.059..378.509 rows=23692 loops=1)
                                                         Hash Cond: (t.kind_id = kt.id)
                                                         Buffers: shared hit=1 read=36391
                                                         ->  Seq Scan on title t  (cost=0.00..74315.95 rows=391862 width=8) (actual time=0.024..355.035 rows=386415 loops=1)
                                                               Filter: ((production_year <= 1997) AND (1981 < production_year))
                                                               Rows Removed by Filter: 2141897
                                                               Buffers: shared read=36391
                                                         ->  Hash  (cost=1.09..1.09 rows=2 width=4) (actual time=0.013..0.014 rows=2 loops=1)
                                                               Buckets: 1024  Batches: 1  Memory Usage: 9kB
                                                               Buffers: shared hit=1
                                                               ->  Seq Scan on kind_type kt  (cost=0.00..1.09 rows=2 width=4) (actual time=0.009..0.010 rows=2 loops=1)
                                                                     Filter: ((kind)::text = ANY ('{"tv series","video game"}'::text[]))
                                                                     Rows Removed by Filter: 5
                                                                     Buffers: shared hit=1
                                       ->  Index Scan using movie_id_movie_info on movie_info mi2  (cost=0.43..42.93 rows=1 width=8) (actual time=0.070..0.074 rows=0 loops=5879)
                                             Index Cond: (movie_id = t.id)
                                             Filter: (((info)::text = ANY ('{"PFM:35 mm","RAT:1.85 : 1"}'::text[])) AND (info_type_id = 7))
                                             Rows Removed by Filter: 14
                                             Buffers: shared hit=46284 read=14179
                                 ->  Index Scan using movie_id_cast_info on cast_info ci  (cost=0.44..44.36 rows=38 width=12) (actual time=0.032..0.247 rows=22 loops=434)
                                       Index Cond: (movie_id = t.id)
                                       Buffers: shared hit=3613 read=7312
                           ->  Hash  (cost=1.15..1.15 rows=1 width=4) (actual time=0.016..0.017 rows=1 loops=1)
                                 Buckets: 1024  Batches: 1  Memory Usage: 9kB
                                 Buffers: shared hit=1
                                 ->  Seq Scan on role_type rt  (cost=0.00..1.15 rows=1 width=4) (actual time=0.008..0.009 rows=1 loops=1)
                                       Filter: ((role)::text = 'editor'::text)
                                       Rows Removed by Filter: 11
                                       Buffers: shared hit=1
                     ->  Index Scan using name_pkey on name n  (cost=0.43..2.32 rows=1 width=4) (actual time=0.028..0.028 rows=0 loops=331)
                           Index Cond: (id = ci.person_id)
                           Filter: ((gender)::text = 'f'::text)
                           Rows Removed by Filter: 1
                           Buffers: shared hit=978 read=346
 Planning:
   Buffers: shared hit=502 read=72
 Planning Time: 13.666 ms
 Execution Time: 1279.665 ms
(76 rows)

