                                                                                            QUERY PLAN                                                                                             
---------------------------------------------------------------------------------------------------------------------------------------------------------------------------------------------------
 Aggregate  (cost=493787.75..493787.76 rows=1 width=8) (actual time=54403.716..54403.725 rows=1 loops=1)
   Buffers: shared hit=5446117 read=101489
   ->  Nested Loop  (cost=65094.35..493787.73 rows=10 width=0) (actual time=288.295..54402.651 rows=3315 loops=1)
         Buffers: shared hit=5446117 read=101489
         ->  Seq Scan on info_type it2  (cost=0.00..2.41 rows=1 width=4) (actual time=0.047..0.059 rows=1 loops=1)
               Filter: (id = 7)
               Rows Removed by Filter: 112
               Buffers: shared hit=1
         ->  Nested Loop  (cost=65094.35..493785.22 rows=10 width=4) (actual time=288.247..54401.703 rows=3315 loops=1)
               Buffers: shared hit=5446116 read=101489
               ->  Seq Scan on info_type it1  (cost=0.00..2.41 rows=1 width=4) (actual time=0.009..0.023 rows=1 loops=1)
                     Filter: (id = 3)
                     Rows Removed by Filter: 112
                     Buffers: shared hit=1
               ->  Nested Loop  (cost=65094.35..493782.70 rows=10 width=8) (actual time=288.235..54400.716 rows=3315 loops=1)
                     Buffers: shared hit=5446115 read=101489
                     ->  Hash Join  (cost=65093.92..493678.32 rows=45 width=12) (actual time=267.523..45195.838 rows=246600 loops=1)
                           Hash Cond: (ci.role_id = rt.id)
                           Buffers: shared hit=4463995 read=97209
                           ->  Nested Loop  (cost=65092.74..493676.18 rows=272 width=16) (actual time=267.136..44730.795 rows=1886812 loops=1)
                                 Buffers: shared hit=4463994 read=97209
                                 ->  Nested Loop  (cost=65092.30..492757.64 rows=19 width=20) (actual time=267.109..14479.273 rows=447537 loops=1)
                                       Buffers: shared hit=1297540 read=54955
                                       ->  Hash Join  (cost=65091.87..468986.94 rows=521 width=12) (actual time=267.057..1442.593 rows=133088 loops=1)
                                             Hash Cond: (mi1.movie_id = t.id)
                                             Buffers: shared hit=9571 read=14791
                                             ->  Bitmap Heap Scan on movie_info mi1  (cost=16470.74..420026.52 rows=89089 width=8) (actual time=42.320..915.013 rows=868615 loops=1)
                                                   Recheck Cond: (info_type_id = 3)
                                                   Filter: ((info)::text = ANY ('{Animation,Documentary,Drama,Romance,Short,Western}'::text[]))
                                                   Rows Removed by Filter: 665294
                                                   Heap Blocks: exact=9772
                                                   Buffers: shared hit=8138 read=2837
                                                   ->  Bitmap Index Scan on info_type_id_movie_info  (cost=0.00..16448.47 rows=1538671 width=0) (actual time=41.135..41.135 rows=1533909 loops=1)
                                                         Index Cond: (info_type_id = 3)
                                                         Buffers: shared hit=1203
                                             ->  Hash  (cost=48436.16..48436.16 rows=14797 width=4) (actual time=192.165..192.168 rows=103977 loops=1)
                                                   Buckets: 131072 (originally 16384)  Batches: 1 (originally 1)  Memory Usage: 4680kB
                                                   Buffers: shared hit=1433 read=11954
                                                   ->  Nested Loop  (cost=4497.16..48436.16 rows=14797 width=4) (actual time=19.493..176.666 rows=103977 loops=1)
                                                         Buffers: shared hit=1433 read=11954
                                                         ->  Seq Scan on kind_type kt  (cost=0.00..1.09 rows=1 width=4) (actual time=0.009..0.012 rows=1 loops=1)
                                                               Filter: ((kind)::text = 'movie'::text)
                                                               Rows Removed by Filter: 6
                                                               Buffers: shared hit=1
                                                         ->  Bitmap Heap Scan on title t  (cost=4497.16..48262.45 rows=17263 width=8) (actual time=19.481..170.233 rows=103977 loops=1)
                                                               Recheck Cond: (kind_id = kt.id)
                                                               Filter: ((production_year <= 1925) AND (1875 < production_year))
                                                               Rows Removed by Filter: 558848
                                                               Heap Blocks: exact=12865
                                                               Buffers: shared hit=1432 read=11954
                                                               ->  Bitmap Index Scan on kind_id_title  (cost=0.00..4492.84 rows=421388 width=0) (actual time=17.270..17.270 rows=662825 loops=1)
                                                                     Index Cond: (kind_id = kt.id)
                                                                     Buffers: shared read=521
                                       ->  Index Scan using movie_id_movie_info on movie_info mi2  (cost=0.43..45.62 rows=1 width=8) (actual time=0.061..0.097 rows=3 loops=133088)
                                             Index Cond: (movie_id = t.id)
                                             Filter: ((info_type_id = 7) AND ((info)::text = ANY ('{MET:,"MET:300 m","OFM:35 mm",PCS:Spherical,"PFM:35 mm","PFM:68 mm","RAT:1.33 : 1"}'::text[])))
                                             Rows Removed by Filter: 8
                                             Buffers: shared hit=1287969 read=40164
                                 ->  Index Scan using movie_id_cast_info on cast_info ci  (cost=0.44..47.96 rows=38 width=12) (actual time=0.035..0.066 rows=4 loops=447537)
                                       Index Cond: (movie_id = t.id)
                                       Buffers: shared hit=3166454 read=42254
                           ->  Hash  (cost=1.15..1.15 rows=2 width=4) (actual time=0.019..0.020 rows=2 loops=1)
                                 Buckets: 1024  Batches: 1  Memory Usage: 9kB
                                 Buffers: shared hit=1
                                 ->  Seq Scan on role_type rt  (cost=0.00..1.15 rows=2 width=4) (actual time=0.011..0.013 rows=2 loops=1)
                                       Filter: ((role)::text = ANY ('{"costume designer",director}'::text[]))
                                       Rows Removed by Filter: 10
                                       Buffers: shared hit=1
                     ->  Index Scan using name_pkey on name n  (cost=0.43..2.32 rows=1 width=4) (actual time=0.037..0.037 rows=0 loops=246600)
                           Index Cond: (id = ci.person_id)
                           Filter: ((gender)::text = 'f'::text)
                           Rows Removed by Filter: 1
                           Buffers: shared hit=982120 read=4280
 Planning:
   Buffers: shared hit=574
 Planning Time: 14.542 ms
 Execution Time: 54404.643 ms
(77 rows)

