                                                                                                                 QUERY PLAN                                                                                                                 
--------------------------------------------------------------------------------------------------------------------------------------------------------------------------------------------------------------------------------------------
 Aggregate  (cost=695735.76..695735.77 rows=1 width=8) (actual time=2248.943..2248.950 rows=1 loops=1)
   Buffers: shared hit=109747 read=76532, temp read=1603 written=1603
   ->  Nested Loop  (cost=470408.01..695735.58 rows=69 width=0) (actual time=871.233..2248.848 rows=609 loops=1)
         Buffers: shared hit=109747 read=76532, temp read=1603 written=1603
         ->  Seq Scan on info_type it2  (cost=0.00..2.41 rows=1 width=4) (actual time=0.041..0.046 rows=1 loops=1)
               Filter: (id = 7)
               Rows Removed by Filter: 112
               Buffers: shared hit=1
         ->  Nested Loop  (cost=470408.01..695732.48 rows=69 width=4) (actual time=871.190..2248.730 rows=609 loops=1)
               Buffers: shared hit=109746 read=76532, temp read=1603 written=1603
               ->  Seq Scan on info_type it1  (cost=0.00..2.41 rows=1 width=4) (actual time=0.009..0.015 rows=1 loops=1)
                     Filter: (id = 3)
                     Rows Removed by Filter: 112
                     Buffers: shared hit=1
               ->  Nested Loop  (cost=470408.01..695729.38 rows=69 width=8) (actual time=871.179..2248.636 rows=609 loops=1)
                     Join Filter: (t.id = mi2.movie_id)
                     Buffers: shared hit=109745 read=76532, temp read=1603 written=1603
                     ->  Nested Loop  (cost=470407.58..622912.16 rows=1716 width=16) (actual time=862.585..2161.555 rows=1507 loops=1)
                           Buffers: shared hit=98585 read=71085, temp read=1603 written=1603
                           ->  Hash Join  (cost=470407.15..605770.91 rows=7390 width=20) (actual time=859.080..1776.003 rows=25096 loops=1)
                                 Hash Cond: (ci.movie_id = t.id)
                                 Buffers: shared hit=9921 read=59365, temp read=1603 written=1603
                                 ->  Nested Loop  (cost=0.44..123965.00 rows=3020080 width=8) (actual time=0.098..665.431 rows=2728943 loops=1)
                                       Buffers: shared hit=5599 read=16320
                                       ->  Seq Scan on role_type rt  (cost=0.00..1.15 rows=1 width=4) (actual time=0.011..0.014 rows=1 loops=1)
                                             Filter: ((role)::text = 'writer'::text)
                                             Rows Removed by Filter: 11
                                             Buffers: shared hit=1
                                       ->  Index Scan using role_id_cast_info on cast_info ci  (cost=0.44..91017.52 rows=3294633 width=12) (actual time=0.084..445.417 rows=2728943 loops=1)
                                             Index Cond: (role_id = rt.id)
                                             Buffers: shared hit=5598 read=16320
                                 ->  Hash  (cost=470329.37..470329.37 rows=6187 width=12) (actual time=858.845..858.850 rows=29073 loops=1)
                                       Buckets: 32768 (originally 8192)  Batches: 1 (originally 1)  Memory Usage: 1506kB
                                       Buffers: shared hit=4322 read=43045, temp read=1603 written=1603
                                       ->  Hash Join  (cost=95196.54..470329.37 rows=6187 width=12) (actual time=430.497..853.773 rows=29073 loops=1)
                                             Hash Cond: (mi1.movie_id = t.id)
                                             Buffers: shared hit=4322 read=43045, temp read=1603 written=1603
                                             ->  Bitmap Heap Scan on movie_info mi1  (cost=16471.78..389808.46 rows=93141 width=8) (actual time=41.675..318.409 rows=900233 loops=1)
                                                   Recheck Cond: (info_type_id = 3)
                                                   Filter: ((info)::text = ANY ('{Action,Adult,Crime,Drama,Family,Fantasy,Horror,Sci-Fi,Short,Thriller}'::text[]))
                                                   Rows Removed by Filter: 633676
                                                   Heap Blocks: exact=9772
                                                   Buffers: shared hit=4321 read=6654
                                                   ->  Bitmap Index Scan on info_type_id_movie_info  (cost=0.00..16448.47 rows=1538671 width=0) (actual time=40.482..40.482 rows=1533909 loops=1)
                                                         Index Cond: (info_type_id = 3)
                                                         Buffers: shared read=1203
                                             ->  Hash  (cost=75968.50..75968.50 rows=167941 width=4) (actual time=387.771..387.773 rows=44292 loops=1)
                                                   Buckets: 262144  Batches: 2  Memory Usage: 2832kB
                                                   Buffers: shared hit=1 read=36391, temp written=64
                                                   ->  Hash Join  (cost=1.13..75968.50 rows=167941 width=4) (actual time=0.057..379.065 rows=44292 loops=1)
                                                         Hash Cond: (t.kind_id = kt.id)
                                                         Buffers: shared hit=1 read=36391
                                                         ->  Seq Scan on title t  (cost=0.00..74315.95 rows=391862 width=8) (actual time=0.022..353.986 rows=386415 loops=1)
                                                               Filter: ((production_year <= 1997) AND (1981 < production_year))
                                                               Rows Removed by Filter: 2141897
                                                               Buffers: shared read=36391
                                                         ->  Hash  (cost=1.10..1.10 rows=3 width=4) (actual time=0.012..0.013 rows=3 loops=1)
                                                               Buckets: 1024  Batches: 1  Memory Usage: 9kB
                                                               Buffers: shared hit=1
                                                               ->  Seq Scan on kind_type kt  (cost=0.00..1.10 rows=3 width=4) (actual time=0.007..0.008 rows=3 loops=1)
                                                                     Filter: ((kind)::text = ANY ('{"tv series","video game","video movie"}'::text[]))
                                                                     Rows Removed by Filter: 4
                                                                     Buffers: shared hit=1
                           ->  Index Scan using name_pkey on name n  (cost=0.43..2.32 rows=1 width=4) (actual time=0.015..0.015 rows=0 loops=25096)
                                 Index Cond: (id = ci.person_id)
                                 Filter: ((gender)::text = 'f'::text)
                                 Rows Removed by Filter: 1
                                 Buffers: shared hit=88664 read=11720
                     ->  Index Scan using movie_id_movie_info on movie_info mi2  (cost=0.43..42.42 rows=1 width=8) (actual time=0.047..0.057 rows=0 loops=1507)
                           Index Cond: (movie_id = ci.movie_id)
                           Filter: ((info_type_id = 7) AND ((info)::text = ANY ('{"CAM:Panavision Cameras and Lenses","OFM:35 mm",OFM:Video,PCS:Spherical,"PFM:16 mm","PFM:35 mm","RAT:1.33 : 1","RAT:1.85 : 1","RAT:2.35 : 1"}'::text[])))
                           Rows Removed by Filter: 14
                           Buffers: shared hit=11160 read=5447
 Planning:
   Buffers: shared hit=484 read=93
 Planning Time: 14.206 ms
 Execution Time: 2249.457 ms
(77 rows)

