                                                                                                             QUERY PLAN                                                                                                              
-------------------------------------------------------------------------------------------------------------------------------------------------------------------------------------------------------------------------------------
 Aggregate  (cost=732988.67..732988.68 rows=1 width=8) (actual time=106254.089..106254.114 rows=1 loops=1)
   Buffers: shared hit=10231221 read=491060, temp read=2724 written=2724
   ->  Nested Loop  (cost=94177.62..732987.79 rows=352 width=0) (actual time=533.489..106201.597 rows=226501 loops=1)
         Buffers: shared hit=10231221 read=491060, temp read=2724 written=2724
         ->  Hash Join  (cost=94177.19..731735.25 rows=540 width=4) (actual time=532.015..89067.445 rows=451867 loops=1)
               Hash Cond: (ci.role_id = rt.id)
               Buffers: shared hit=8451183 read=463630, temp read=2724 written=2724
               ->  Nested Loop  (cost=94176.02..731722.57 rows=3239 width=8) (actual time=531.874..87674.638 rows=6558720 loops=1)
                     Buffers: shared hit=8451182 read=463630, temp read=2724 written=2724
                     ->  Nested Loop  (cost=94175.58..721579.82 rows=226 width=12) (actual time=531.848..18939.240 rows=257733 loops=1)
                           Buffers: shared hit=1492175 read=211560, temp read=2724 written=2724
                           ->  Seq Scan on info_type it2  (cost=0.00..2.41 rows=1 width=4) (actual time=0.031..0.069 rows=1 loops=1)
                                 Filter: (id = 7)
                                 Rows Removed by Filter: 112
                                 Buffers: shared hit=1
                           ->  Nested Loop  (cost=94175.58..721575.15 rows=226 width=16) (actual time=531.815..18872.717 rows=257733 loops=1)
                                 Buffers: shared hit=1492174 read=211560, temp read=2724 written=2724
                                 ->  Seq Scan on info_type it1  (cost=0.00..2.41 rows=1 width=4) (actual time=0.008..0.051 rows=1 loops=1)
                                       Filter: (id = 3)
                                       Rows Removed by Filter: 112
                                       Buffers: shared hit=1
                                 ->  Nested Loop  (cost=94175.58..721570.48 rows=226 width=20) (actual time=531.804..18797.108 rows=257733 loops=1)
                                       Buffers: shared hit=1492173 read=211560, temp read=2724 written=2724
                                       ->  Hash Join  (cost=94175.14..467935.90 rows=5845 width=12) (actual time=531.622..1934.716 rows=142951 loops=1)
                                             Hash Cond: (mi1.movie_id = t.id)
                                             Buffers: shared hit=18116 read=29251, temp read=2724 written=2724
                                             ->  Bitmap Heap Scan on movie_info mi1  (cost=16472.87..389809.55 rows=97500 width=8) (actual time=42.915..726.490 rows=953660 loops=1)
                                                   Recheck Cond: (info_type_id = 3)
                                                   Filter: ((info)::text = ANY ('{Comedy,Drama,Fantasy,History,Music,Romance,Sci-Fi,Short,Sport,War}'::text[]))
                                                   Rows Removed by Filter: 580249
                                                   Heap Blocks: exact=9772
                                                   Buffers: shared hit=901 read=10074
                                                   ->  Bitmap Index Scan on info_type_id_movie_info  (cost=0.00..16448.47 rows=1538671 width=0) (actual time=41.718..41.719 rows=1533909 loops=1)
                                                         Index Cond: (info_type_id = 3)
                                                         Buffers: shared hit=1 read=1202
                                             ->  Hash  (cost=75807.58..75807.58 rows=151576 width=4) (actual time=487.116..487.121 rows=335746 loops=1)
                                                   Buckets: 262144 (originally 262144)  Batches: 2 (originally 1)  Memory Usage: 7957kB
                                                   Buffers: shared hit=17215 read=19177, temp written=491
                                                   ->  Hash Join  (cost=1.13..75807.58 rows=151576 width=4) (actual time=0.044..428.823 rows=335746 loops=1)
                                                         Hash Cond: (t.kind_id = kt.id)
                                                         Buffers: shared hit=17215 read=19177
                                                         ->  Seq Scan on title t  (cost=0.00..74315.95 rows=353677 width=8) (actual time=0.023..387.264 rows=347589 loops=1)
                                                               Filter: ((production_year <= 1975) AND (1925 < production_year))
                                                               Rows Removed by Filter: 2180723
                                                               Buffers: shared hit=17214 read=19177
                                                         ->  Hash  (cost=1.10..1.10 rows=3 width=4) (actual time=0.013..0.015 rows=3 loops=1)
                                                               Buckets: 1024  Batches: 1  Memory Usage: 9kB
                                                               Buffers: shared hit=1
                                                               ->  Seq Scan on kind_type kt  (cost=0.00..1.10 rows=3 width=4) (actual time=0.008..0.009 rows=3 loops=1)
                                                                     Filter: ((kind)::text = ANY ('{episode,movie,"tv movie"}'::text[]))
                                                                     Rows Removed by Filter: 4
                                                                     Buffers: shared hit=1
                                       ->  Index Scan using movie_id_movie_info on movie_info mi2  (cost=0.43..43.38 rows=1 width=8) (actual time=0.077..0.117 rows=2 loops=142951)
                                             Index Cond: (movie_id = t.id)
                                             Filter: ((info_type_id = 7) AND ((info)::text = ANY ('{LAB:Technicolor,MET:,"OFM:16 mm","OFM:35 mm",PCS:Spherical,"PFM:35 mm","RAT:1.20 : 1","RAT:1.33 : 1","RAT:1.37 : 1"}'::text[])))
                                             Rows Removed by Filter: 14
                                             Buffers: shared hit=1474057 read=182309
                     ->  Index Scan using movie_id_cast_info on cast_info ci  (cost=0.44..44.50 rows=38 width=12) (actual time=0.037..0.259 rows=25 loops=257733)
                           Index Cond: (movie_id = t.id)
                           Buffers: shared hit=6959007 read=252070
               ->  Hash  (cost=1.15..1.15 rows=2 width=4) (actual time=0.035..0.036 rows=2 loops=1)
                     Buckets: 1024  Batches: 1  Memory Usage: 9kB
                     Buffers: shared hit=1
                     ->  Seq Scan on role_type rt  (cost=0.00..1.15 rows=2 width=4) (actual time=0.027..0.029 rows=2 loops=1)
                           Filter: ((role)::text = ANY ('{composer,producer}'::text[]))
                           Rows Removed by Filter: 10
                           Buffers: shared hit=1
         ->  Index Scan using name_pkey on name n  (cost=0.43..2.32 rows=1 width=4) (actual time=0.037..0.037 rows=1 loops=451867)
               Index Cond: (id = ci.person_id)
               Filter: ((gender)::text = ANY ('{f,m}'::text[]))
               Rows Removed by Filter: 0
               Buffers: shared hit=1780038 read=27430
 Planning:
   Buffers: shared hit=576 read=1
 Planning Time: 14.005 ms
 Execution Time: 106254.755 ms
(76 rows)

