                                                                                                    QUERY PLAN                                                                                                    
------------------------------------------------------------------------------------------------------------------------------------------------------------------------------------------------------------------
 Aggregate  (cost=497854.15..497854.16 rows=1 width=8) (actual time=46563.381..46563.390 rows=1 loops=1)
   Buffers: shared hit=4697900 read=91110
   ->  Nested Loop  (cost=65098.23..497854.11 rows=16 width=0) (actual time=3573.201..46563.164 rows=481 loops=1)
         Buffers: shared hit=4697900 read=91110
         ->  Hash Join  (cost=65097.80..497765.97 rows=38 width=4) (actual time=386.102..46497.608 rows=1825 loops=1)
               Hash Cond: (ci.role_id = rt.id)
               Buffers: shared hit=4691036 read=90674
               ->  Nested Loop  (cost=65096.63..497763.98 rows=229 width=8) (actual time=273.582..46143.933 rows=1873888 loops=1)
                     Buffers: shared hit=4691035 read=90674
                     ->  Nested Loop  (cost=65096.19..496990.47 rows=16 width=12) (actual time=273.546..16915.009 rows=438503 loops=1)
                           Buffers: shared hit=1547564 read=64467
                           ->  Seq Scan on info_type it2  (cost=0.00..2.41 rows=1 width=4) (actual time=0.031..0.042 rows=1 loops=1)
                                 Filter: (id = 7)
                                 Rows Removed by Filter: 112
                                 Buffers: shared hit=1
                           ->  Nested Loop  (cost=65096.19..496987.90 rows=16 width=16) (actual time=273.513..16805.369 rows=438503 loops=1)
                                 Buffers: shared hit=1547563 read=64467
                                 ->  Seq Scan on info_type it1  (cost=0.00..2.41 rows=1 width=4) (actual time=0.009..0.022 rows=1 loops=1)
                                       Filter: (id = 3)
                                       Rows Removed by Filter: 112
                                       Buffers: shared hit=1
                                 ->  Nested Loop  (cost=65096.19..496985.32 rows=16 width=20) (actual time=273.501..16687.939 rows=438503 loops=1)
                                       Join Filter: (t.id = mi2.movie_id)
                                       Buffers: shared hit=1547562 read=64467
                                       ->  Hash Join  (cost=65095.75..469050.01 rows=612 width=12) (actual time=273.438..1499.837 rows=158772 loops=1)
                                             Hash Cond: (mi1.movie_id = t.id)
                                             Buffers: shared hit=3921 read=20441
                                             ->  Bitmap Heap Scan on movie_info mi1  (cost=16474.63..420030.41 rows=104630 width=8) (actual time=42.727..939.161 rows=1005109 loops=1)
                                                   Recheck Cond: (info_type_id = 3)
                                                   Filter: ((info)::text = ANY ('{Animation,Comedy,Documentary,Drama,Short,Western}'::text[]))
                                                   Rows Removed by Filter: 528800
                                                   Heap Blocks: exact=9772
                                                   Buffers: shared hit=3919 read=7056
                                                   ->  Bitmap Index Scan on info_type_id_movie_info  (cost=0.00..16448.47 rows=1538671 width=0) (actual time=41.530..41.530 rows=1533909 loops=1)
                                                         Index Cond: (info_type_id = 3)
                                                         Buffers: shared read=1203
                                             ->  Hash  (cost=48436.16..48436.16 rows=14797 width=4) (actual time=195.632..195.635 rows=103977 loops=1)
                                                   Buckets: 131072 (originally 16384)  Batches: 1 (originally 1)  Memory Usage: 4680kB
                                                   Buffers: shared hit=2 read=13385
                                                   ->  Nested Loop  (cost=4497.16..48436.16 rows=14797 width=4) (actual time=19.709..179.972 rows=103977 loops=1)
                                                         Buffers: shared hit=2 read=13385
                                                         ->  Seq Scan on kind_type kt  (cost=0.00..1.09 rows=1 width=4) (actual time=0.009..0.013 rows=1 loops=1)
                                                               Filter: ((kind)::text = 'movie'::text)
                                                               Rows Removed by Filter: 6
                                                               Buffers: shared hit=1
                                                         ->  Bitmap Heap Scan on title t  (cost=4497.16..48262.45 rows=17263 width=8) (actual time=19.696..173.657 rows=103977 loops=1)
                                                               Recheck Cond: (kind_id = kt.id)
                                                               Filter: ((production_year <= 1925) AND (1875 < production_year))
                                                               Rows Removed by Filter: 558848
                                                               Heap Blocks: exact=12865
                                                               Buffers: shared hit=1 read=13385
                                                               ->  Bitmap Index Scan on kind_id_title  (cost=0.00..4492.84 rows=421388 width=0) (actual time=17.404..17.404 rows=662825 loops=1)
                                                                     Index Cond: (kind_id = kt.id)
                                                                     Buffers: shared read=521
                                       ->  Index Scan using movie_id_movie_info on movie_info mi2  (cost=0.43..45.63 rows=1 width=8) (actual time=0.058..0.094 rows=3 loops=158772)
                                             Index Cond: (movie_id = mi1.movie_id)
                                             Filter: ((info_type_id = 7) AND ((info)::text = ANY ('{MET:,"MET:300 m","MET:600 m",PCS:Spherical,"PFM:35 mm","PFM:68 mm","RAT:1.33 : 1","RAT:1.36 : 1"}'::text[])))
                                             Rows Removed by Filter: 9
                                             Buffers: shared hit=1543641 read=44026
                     ->  Index Scan using movie_id_cast_info on cast_info ci  (cost=0.44..47.96 rows=38 width=12) (actual time=0.034..0.065 rows=4 loops=438503)
                           Index Cond: (movie_id = t.id)
                           Buffers: shared hit=3143471 read=26207
               ->  Hash  (cost=1.15..1.15 rows=2 width=4) (actual time=0.043..0.044 rows=2 loops=1)
                     Buckets: 1024  Batches: 1  Memory Usage: 9kB
                     Buffers: shared hit=1
                     ->  Seq Scan on role_type rt  (cost=0.00..1.15 rows=2 width=4) (actual time=0.028..0.030 rows=2 loops=1)
                           Filter: ((role)::text = ANY ('{"costume designer","production designer"}'::text[]))
                           Rows Removed by Filter: 10
                           Buffers: shared hit=1
         ->  Index Scan using name_pkey on name n  (cost=0.43..2.32 rows=1 width=4) (actual time=0.035..0.035 rows=0 loops=1825)
               Index Cond: (id = ci.person_id)
               Filter: ((gender)::text = 'm'::text)
               Rows Removed by Filter: 1
               Buffers: shared hit=6864 read=436
 Planning:
   Buffers: shared hit=481 read=93
 Planning Time: 14.235 ms
 Execution Time: 46564.331 ms
(78 rows)

