                                                                                                                       QUERY PLAN                                                                                                                       
--------------------------------------------------------------------------------------------------------------------------------------------------------------------------------------------------------------------------------------------------------
 Aggregate  (cost=932721.50..932721.51 rows=1 width=8) (actual time=202782.124..202782.134 rows=1 loops=1)
   Buffers: shared hit=20154020 read=875647, temp read=5189 written=4661
   ->  Nested Loop  (cost=864774.22..932719.58 rows=768 width=0) (actual time=1018.821..202288.360 rows=2637619 loops=1)
         Buffers: shared hit=20154020 read=875647, temp read=5189 written=4661
         ->  Hash Join  (cost=864773.79..929987.19 rows=1178 width=4) (actual time=1018.792..92984.353 rows=2953434 loops=1)
               Hash Cond: (ci.role_id = rt.id)
               Buffers: shared hit=8459653 read=756278, temp read=5189 written=4661
               ->  Nested Loop  (cost=864772.62..929960.91 rows=7067 width=8) (actual time=1018.730..90777.853 rows=7483574 loops=1)
                     Buffers: shared hit=8459652 read=756278, temp read=5189 written=4661
                     ->  Nested Loop  (cost=864772.18..908399.28 rows=493 width=12) (actual time=1018.698..15940.490 rows=121889 loops=1)
                           Buffers: shared hit=1543606 read=35324, temp read=5189 written=4661
                           ->  Nested Loop  (cost=864772.18..908390.71 rows=493 width=16) (actual time=1018.689..15827.804 rows=121889 loops=1)
                                 Buffers: shared hit=1543605 read=35324, temp read=5189 written=4661
                                 ->  Nested Loop  (cost=864772.18..908382.13 rows=493 width=20) (actual time=1018.674..15725.367 rows=121889 loops=1)
                                       Buffers: shared hit=1543604 read=35324, temp read=5189 written=4661
                                       ->  Nested Loop  (cost=864772.04..908353.52 rows=1151 width=24) (actual time=1017.893..15564.536 rows=134719 loops=1)
                                             Buffers: shared hit=1543592 read=35324, temp read=5189 written=4661
                                             ->  Merge Join  (cost=864771.61..865547.90 rows=12277 width=16) (actual time=1017.739..1733.794 rows=389198 loops=1)
                                                   Merge Cond: (mi1.movie_id = mi2.movie_id)
                                                   Buffers: shared hit=12017 read=10107, temp read=5189 written=4661
                                                   ->  Sort  (cost=395653.56..395834.73 rows=72471 width=8) (actual time=425.663..587.798 rows=713634 loops=1)
                                                         Sort Key: mi1.movie_id
                                                         Sort Method: external merge  Disk: 12608kB
                                                         Buffers: shared hit=4796 read=6179, temp read=1576 written=1585
                                                         ->  Bitmap Heap Scan on movie_info mi1  (cost=16466.61..389803.29 rows=72471 width=8) (actual time=42.605..300.178 rows=713649 loops=1)
                                                               Recheck Cond: (info_type_id = 3)
                                                               Filter: ((info)::text = ANY ('{Adventure,Animation,Comedy,Crime,Drama,Family,Music,Mystery,Romance,Thriller}'::text[]))
                                                               Rows Removed by Filter: 820260
                                                               Heap Blocks: exact=9772
                                                               Buffers: shared hit=4796 read=6179
                                                               ->  Bitmap Index Scan on info_type_id_movie_info  (cost=0.00..16448.47 rows=1538671 width=0) (actual time=41.426..41.426 rows=1533909 loops=1)
                                                                     Index Cond: (info_type_id = 3)
                                                                     Buffers: shared read=1203
                                                   ->  Sort  (cost=469118.05..469263.64 rows=58234 width=8) (actual time=592.064..770.772 rows=681967 loops=1)
                                                         Sort Key: mi2.movie_id
                                                         Sort Method: external sort  Disk: 12296kB
                                                         Buffers: shared hit=7221 read=3928, temp read=3341 written=3076
                                                         ->  Bitmap Heap Scan on movie_info mi2  (cost=15884.95..464508.95 rows=58234 width=8) (actual time=34.014..448.775 rows=569149 loops=1)
                                                               Recheck Cond: (info_type_id = 7)
                                                               Filter: ((info)::text = ANY ('{LAB:Technicolor,OFM:Digital,"OFM:Super 16","PCS:Digital Intermediate","PCS:Super 35","PFM:35 mm","RAT:1.33 : 1","RAT:1.85 : 1","RAT:2.35 : 1"}'::text[]))
                                                               Rows Removed by Filter: 832753
                                                               Heap Blocks: exact=10050
                                                               Buffers: shared hit=7221 read=3928
                                                               ->  Bitmap Index Scan on info_type_id_movie_info  (cost=0.00..15870.39 rows=1484527 width=0) (actual time=32.774..32.775 rows=1401902 loops=1)
                                                                     Index Cond: (info_type_id = 7)
                                                                     Buffers: shared hit=1 read=1098
                                             ->  Index Scan using title_pkey on title t  (cost=0.43..3.49 rows=1 width=8) (actual time=0.035..0.035 rows=0 loops=389198)
                                                   Index Cond: (id = mi1.movie_id)
                                                   Filter: ((production_year <= 2015) AND (1990 < production_year))
                                                   Rows Removed by Filter: 1
                                                   Buffers: shared hit=1531575 read=25217
                                       ->  Memoize  (cost=0.14..0.16 rows=1 width=4) (actual time=0.000..0.000 rows=1 loops=134719)
                                             Cache Key: t.kind_id
                                             Cache Mode: logical
                                             Hits: 134713  Misses: 6  Evictions: 0  Overflows: 0  Memory Usage: 1kB
                                             Buffers: shared hit=12
                                             ->  Index Scan using kind_type_pkey on kind_type kt  (cost=0.13..0.15 rows=1 width=4) (actual time=0.010..0.010 rows=0 loops=6)
                                                   Index Cond: (id = t.kind_id)
                                                   Filter: ((kind)::text = ANY ('{episode,movie,"video movie"}'::text[]))
                                                   Rows Removed by Filter: 0
                                                   Buffers: shared hit=12
                                 ->  Materialize  (cost=0.00..2.42 rows=1 width=4) (actual time=0.000..0.000 rows=1 loops=121889)
                                       Buffers: shared hit=1
                                       ->  Seq Scan on info_type it1  (cost=0.00..2.41 rows=1 width=4) (actual time=0.012..0.017 rows=1 loops=1)
                                             Filter: (id = 3)
                                             Rows Removed by Filter: 112
                                             Buffers: shared hit=1
                           ->  Materialize  (cost=0.00..2.42 rows=1 width=4) (actual time=0.000..0.000 rows=1 loops=121889)
                                 Buffers: shared hit=1
                                 ->  Seq Scan on info_type it2  (cost=0.00..2.41 rows=1 width=4) (actual time=0.005..0.010 rows=1 loops=1)
                                       Filter: (id = 7)
                                       Rows Removed by Filter: 112
                                       Buffers: shared hit=1
                     ->  Index Scan using movie_id_cast_info on cast_info ci  (cost=0.44..43.36 rows=38 width=12) (actual time=0.039..0.595 rows=61 loops=121889)
                           Index Cond: (movie_id = t.id)
                           Buffers: shared hit=6916046 read=720954
               ->  Hash  (cost=1.15..1.15 rows=2 width=4) (actual time=0.037..0.038 rows=2 loops=1)
                     Buckets: 1024  Batches: 1  Memory Usage: 9kB
                     Buffers: shared hit=1
                     ->  Seq Scan on role_type rt  (cost=0.00..1.15 rows=2 width=4) (actual time=0.027..0.031 rows=2 loops=1)
                           Filter: ((role)::text = ANY ('{actor,producer}'::text[]))
                           Rows Removed by Filter: 10
                           Buffers: shared hit=1
         ->  Index Scan using name_pkey on name n  (cost=0.43..2.32 rows=1 width=4) (actual time=0.036..0.036 rows=1 loops=2953434)
               Index Cond: (id = ci.person_id)
               Filter: ((gender)::text = ANY ('{f,m}'::text[]))
               Rows Removed by Filter: 0
               Buffers: shared hit=11694367 read=119369
 Planning:
   Buffers: shared hit=531 read=46
 Planning Time: 13.568 ms
 Execution Time: 202790.595 ms
(92 rows)

