                                                                                            QUERY PLAN                                                                                            
--------------------------------------------------------------------------------------------------------------------------------------------------------------------------------------------------
 Aggregate  (cost=564208.11..564208.12 rows=1 width=8) (actual time=1228.963..1228.970 rows=1 loops=1)
   Buffers: shared hit=50610 read=56154
   ->  Nested Loop  (cost=92252.26..564207.95 rows=66 width=0) (actual time=395.893..1228.774 rows=1224 loops=1)
         Buffers: shared hit=50610 read=56154
         ->  Hash Join  (cost=92251.83..563841.46 rows=158 width=4) (actual time=395.843..1133.652 rows=2951 loops=1)
               Hash Cond: (ci.role_id = rt.id)
               Buffers: shared hit=39446 read=55514
               ->  Nested Loop  (cost=92250.65..563836.92 rows=946 width=8) (actual time=395.781..1132.027 rows=8336 loops=1)
                     Buffers: shared hit=39445 read=55514
                     ->  Nested Loop  (cost=92250.21..560812.81 rows=66 width=12) (actual time=395.141..1023.157 rows=1964 loops=1)
                           Buffers: shared hit=28230 read=52977
                           ->  Seq Scan on info_type it2  (cost=0.00..2.41 rows=1 width=4) (actual time=0.023..0.028 rows=1 loops=1)
                                 Filter: (id = 7)
                                 Rows Removed by Filter: 112
                                 Buffers: shared read=1
                           ->  Nested Loop  (cost=92250.21..560809.73 rows=66 width=16) (actual time=395.117..1022.813 rows=1964 loops=1)
                                 Buffers: shared hit=28230 read=52976
                                 ->  Seq Scan on info_type it1  (cost=0.00..2.41 rows=1 width=4) (actual time=0.008..0.015 rows=1 loops=1)
                                       Filter: (id = 3)
                                       Rows Removed by Filter: 112
                                       Buffers: shared hit=1
                                 ->  Nested Loop  (cost=92250.21..560806.66 rows=66 width=20) (actual time=395.105..1022.465 rows=1964 loops=1)
                                       Buffers: shared hit=28229 read=52976
                                       ->  Hash Join  (cost=92249.78..450584.63 rows=2518 width=12) (actual time=395.001..756.132 rows=2492 loops=1)
                                             Hash Cond: (mi2.movie_id = t.id)
                                             Buffers: shared hit=1750 read=45791
                                             ->  Bitmap Heap Scan on movie_info mi2  (cost=15887.77..373936.72 rows=69525 width=8) (actual time=38.906..344.937 rows=646976 loops=1)
                                                   Recheck Cond: (info_type_id = 7)
                                                   Filter: ((info)::text = ANY ('{"OFM:35 mm",PCS:Spherical,"PFM:35 mm"}'::text[]))
                                                   Rows Removed by Filter: 754926
                                                   Heap Blocks: exact=10050
                                                   Buffers: shared hit=21 read=11128
                                                   ->  Bitmap Index Scan on info_type_id_movie_info  (cost=0.00..15870.39 rows=1484527 width=0) (actual time=37.662..37.662 rows=1401902 loops=1)
                                                         Index Cond: (info_type_id = 7)
                                                         Buffers: shared read=1099
                                             ->  Hash  (cost=75217.46..75217.46 rows=91564 width=4) (actual time=355.481..355.484 rows=7795 loops=1)
                                                   Buckets: 131072  Batches: 1  Memory Usage: 1299kB
                                                   Buffers: shared hit=1729 read=34663
                                                   ->  Hash Join  (cost=1.13..75217.46 rows=91564 width=4) (actual time=0.119..353.583 rows=7795 loops=1)
                                                         Hash Cond: (t.kind_id = kt.id)
                                                         Buffers: shared hit=1729 read=34663
                                                         ->  Seq Scan on title t  (cost=0.00..74315.95 rows=213650 width=8) (actual time=0.019..340.358 rows=212483 loops=1)
                                                               Filter: ((production_year <= 1970) AND (1950 < production_year))
                                                               Rows Removed by Filter: 2315829
                                                               Buffers: shared hit=1728 read=34663
                                                         ->  Hash  (cost=1.10..1.10 rows=3 width=4) (actual time=0.012..0.013 rows=3 loops=1)
                                                               Buckets: 1024  Batches: 1  Memory Usage: 9kB
                                                               Buffers: shared hit=1
                                                               ->  Seq Scan on kind_type kt  (cost=0.00..1.10 rows=3 width=4) (actual time=0.007..0.008 rows=3 loops=1)
                                                                     Filter: ((kind)::text = ANY ('{"tv series","video game","video movie"}'::text[]))
                                                                     Rows Removed by Filter: 4
                                                                     Buffers: shared hit=1
                                       ->  Index Scan using movie_id_movie_info on movie_info mi1  (cost=0.43..43.76 rows=1 width=8) (actual time=0.104..0.106 rows=1 loops=2492)
                                             Index Cond: (movie_id = t.id)
                                             Filter: ((info_type_id = 3) AND ((info)::text = ANY ('{Action,Comedy,Documentary,Drama}'::text[])))
                                             Rows Removed by Filter: 24
                                             Buffers: shared hit=26479 read=7185
                     ->  Index Scan using movie_id_cast_info on cast_info ci  (cost=0.44..45.44 rows=38 width=12) (actual time=0.029..0.054 rows=4 loops=1964)
                           Index Cond: (movie_id = t.id)
                           Buffers: shared hit=11215 read=2537
               ->  Hash  (cost=1.15..1.15 rows=2 width=4) (actual time=0.034..0.035 rows=2 loops=1)
                     Buckets: 1024  Batches: 1  Memory Usage: 9kB
                     Buffers: shared hit=1
                     ->  Seq Scan on role_type rt  (cost=0.00..1.15 rows=2 width=4) (actual time=0.024..0.026 rows=2 loops=1)
                           Filter: ((role)::text = ANY ('{"miscellaneous crew",writer}'::text[]))
                           Rows Removed by Filter: 10
                           Buffers: shared hit=1
         ->  Index Scan using name_pkey on name n  (cost=0.43..2.32 rows=1 width=4) (actual time=0.032..0.032 rows=0 loops=2951)
               Index Cond: (id = ci.person_id)
               Filter: ((gender)::text = 'm'::text)
               Rows Removed by Filter: 1
               Buffers: shared hit=11164 read=640
 Planning:
   Buffers: shared hit=486 read=88
 Planning Time: 14.116 ms
 Execution Time: 1229.501 ms
(76 rows)

