                                                                                                  QUERY PLAN                                                                                                  
--------------------------------------------------------------------------------------------------------------------------------------------------------------------------------------------------------------
 Aggregate  (cost=912754.53..912754.54 rows=1 width=8) (actual time=35414.288..35414.297 rows=1 loops=1)
   Buffers: shared hit=3081100 read=510963, temp read=5059 written=4967
   ->  Nested Loop  (cost=876600.81..912754.15 rows=154 width=0) (actual time=1049.776..35406.590 rows=24304 loops=1)
         Buffers: shared hit=3081100 read=510963, temp read=5059 written=4967
         ->  Seq Scan on info_type it2  (cost=0.00..2.41 rows=1 width=4) (actual time=0.033..0.043 rows=1 loops=1)
               Filter: (id = 7)
               Rows Removed by Filter: 112
               Buffers: shared hit=1
         ->  Nested Loop  (cost=876600.81..912750.20 rows=154 width=4) (actual time=1049.742..35400.281 rows=24304 loops=1)
               Buffers: shared hit=3081099 read=510963, temp read=5059 written=4967
               ->  Seq Scan on info_type it1  (cost=0.00..2.41 rows=1 width=4) (actual time=0.007..0.020 rows=1 loops=1)
                     Filter: (id = 3)
                     Rows Removed by Filter: 112
                     Buffers: shared hit=1
               ->  Nested Loop  (cost=876600.81..912746.24 rows=154 width=8) (actual time=1049.733..35394.202 rows=24304 loops=1)
                     Buffers: shared hit=3081098 read=510963, temp read=5059 written=4967
                     ->  Hash Join  (cost=876600.38..911892.66 rows=368 width=12) (actual time=1049.255..33046.509 rows=63125 loops=1)
                           Hash Cond: (ci.role_id = rt.id)
                           Buffers: shared hit=2858121 read=481440, temp read=5059 written=4967
                           ->  Nested Loop  (cost=876599.22..911875.81 rows=4415 width=16) (actual time=1049.121..32578.013 rows=2645600 loops=1)
                                 Buffers: shared hit=2858120 read=481440, temp read=5059 written=4967
                                 ->  Nested Loop  (cost=876598.78..898428.64 rows=308 width=20) (actual time=1049.094..6026.565 rows=65096 loops=1)
                                       Buffers: shared hit=535244 read=39700, temp read=5059 written=4967
                                       ->  Nested Loop  (cost=876598.63..898410.40 rows=718 width=24) (actual time=1048.903..5950.831 rows=86365 loops=1)
                                             Buffers: shared hit=535232 read=39700, temp read=5059 written=4967
                                             ->  Merge Join  (cost=876598.20..877115.18 rows=5662 width=16) (actual time=1048.854..1388.198 rows=138202 loops=1)
                                                   Merge Cond: (mi1.movie_id = mi2.movie_id)
                                                   Buffers: shared hit=7573 read=14551, temp read=5059 written=4967
                                                   ->  Sort  (cost=439820.14..439968.11 rows=59188 width=8) (actual time=566.308..661.633 rows=587793 loops=1)
                                                         Sort Key: mi1.movie_id
                                                         Sort Method: external sort  Disk: 12704kB
                                                         Buffers: shared hit=5181 read=5794, temp read=3170 written=3178
                                                         ->  Bitmap Heap Scan on movie_info mi1  (cost=16463.26..435128.59 rows=59188 width=8) (actual time=41.855..418.260 rows=587794 loops=1)
                                                               Recheck Cond: (info_type_id = 3)
                                                               Filter: ((info)::text = ANY ('{Action,Comedy,Drama,History,Music,Romance,Sci-Fi}'::text[]))
                                                               Rows Removed by Filter: 946115
                                                               Heap Blocks: exact=9772
                                                               Buffers: shared hit=5181 read=5794
                                                               ->  Bitmap Index Scan on info_type_id_movie_info  (cost=0.00..16448.47 rows=1538671 width=0) (actual time=40.666..40.666 rows=1533909 loops=1)
                                                                     Index Cond: (info_type_id = 3)
                                                                     Buffers: shared read=1203
                                                   ->  Sort  (cost=436778.07..436860.28 rows=32884 width=8) (actual time=482.536..548.419 rows=354457 loops=1)
                                                         Sort Key: mi2.movie_id
                                                         Sort Method: external sort  Disk: 7152kB
                                                         Buffers: shared hit=2392 read=8757, temp read=1837 written=1789
                                                         ->  Bitmap Heap Scan on movie_info mi2  (cost=15878.61..434310.93 rows=32884 width=8) (actual time=32.560..399.228 rows=331034 loops=1)
                                                               Recheck Cond: (info_type_id = 7)
                                                               Filter: ((info)::text = ANY ('{OFM:Video,PFM:D-Cinema,PFM:Video,"RAT:1.33 : 1","RAT:1.66 : 1","RAT:16:9 HD","RAT:2.35 : 1"}'::text[]))
                                                               Rows Removed by Filter: 1070868
                                                               Heap Blocks: exact=10050
                                                               Buffers: shared hit=2392 read=8757
                                                               ->  Bitmap Index Scan on info_type_id_movie_info  (cost=0.00..15870.39 rows=1484527 width=0) (actual time=31.296..31.297 rows=1401902 loops=1)
                                                                     Index Cond: (info_type_id = 7)
                                                                     Buffers: shared hit=1 read=1098
                                             ->  Index Scan using title_pkey on title t  (cost=0.43..3.76 rows=1 width=8) (actual time=0.032..0.032 rows=1 loops=138202)
                                                   Index Cond: (id = mi1.movie_id)
                                                   Filter: ((production_year <= 2015) AND (1925 < production_year))
                                                   Rows Removed by Filter: 0
                                                   Buffers: shared hit=527659 read=25149
                                       ->  Memoize  (cost=0.14..0.16 rows=1 width=4) (actual time=0.000..0.000 rows=1 loops=86365)
                                             Cache Key: t.kind_id
                                             Cache Mode: logical
                                             Hits: 86359  Misses: 6  Evictions: 0  Overflows: 0  Memory Usage: 1kB
                                             Buffers: shared hit=12
                                             ->  Index Scan using kind_type_pkey on kind_type kt  (cost=0.13..0.15 rows=1 width=4) (actual time=0.010..0.010 rows=0 loops=6)
                                                   Index Cond: (id = t.kind_id)
                                                   Filter: ((kind)::text = ANY ('{episode,movie,"video movie"}'::text[]))
                                                   Rows Removed by Filter: 0
                                                   Buffers: shared hit=12
                                 ->  Index Scan using movie_id_cast_info on cast_info ci  (cost=0.44..43.28 rows=38 width=12) (actual time=0.036..0.397 rows=41 loops=65096)
                                       Index Cond: (movie_id = t.id)
                                       Buffers: shared hit=2322876 read=441740
                           ->  Hash  (cost=1.15..1.15 rows=1 width=4) (actual time=0.015..0.016 rows=1 loops=1)
                                 Buckets: 1024  Batches: 1  Memory Usage: 9kB
                                 Buffers: shared hit=1
                                 ->  Seq Scan on role_type rt  (cost=0.00..1.15 rows=1 width=4) (actual time=0.007..0.008 rows=1 loops=1)
                                       Filter: ((role)::text = 'cinematographer'::text)
                                       Rows Removed by Filter: 11
                                       Buffers: shared hit=1
                     ->  Index Scan using name_pkey on name n  (cost=0.43..2.32 rows=1 width=4) (actual time=0.036..0.036 rows=0 loops=63125)
                           Index Cond: (id = ci.person_id)
                           Filter: ((gender)::text = 'm'::text)
                           Rows Removed by Filter: 1
                           Buffers: shared hit=222977 read=29523
 Planning:
   Buffers: shared hit=482 read=92
 Planning Time: 13.840 ms
 Execution Time: 35421.793 ms
(88 rows)

