                                                                                                  QUERY PLAN                                                                                                  
--------------------------------------------------------------------------------------------------------------------------------------------------------------------------------------------------------------
 Aggregate  (cost=855467.29..855467.30 rows=1 width=8) (actual time=45772.216..45772.225 rows=1 loops=1)
   Buffers: shared hit=4193489 read=432372, temp read=5260 written=5078
   ->  Nested Loop  (cost=789171.94..855465.22 rows=828 width=0) (actual time=963.092..45748.757 rows=109464 loops=1)
         Buffers: shared hit=4193489 read=432372, temp read=5260 written=5078
         ->  Hash Join  (cost=789171.51..852517.11 rows=1271 width=4) (actual time=963.058..37199.798 rows=229034 loops=1)
               Hash Cond: (ci.role_id = rt.id)
               Buffers: shared hit=3329302 read=380423, temp read=5260 written=5078
               ->  Nested Loop  (cost=789170.33..852488.84 rows=7626 width=8) (actual time=962.904..36689.300 rows=2519421 loops=1)
                     Buffers: shared hit=3329301 read=380423, temp read=5260 written=5078
                     ->  Nested Loop  (cost=789169.89..829241.66 rows=532 width=12) (actual time=962.877..11143.501 rows=51297 loops=1)
                           Buffers: shared hit=1063806 read=44136, temp read=5260 written=5078
                           ->  Nested Loop  (cost=789169.89..829232.60 rows=532 width=16) (actual time=962.868..11102.295 rows=51297 loops=1)
                                 Buffers: shared hit=1063805 read=44136, temp read=5260 written=5078
                                 ->  Nested Loop  (cost=789169.89..829223.53 rows=532 width=20) (actual time=962.848..11063.843 rows=51297 loops=1)
                                       Buffers: shared hit=1063804 read=44136, temp read=5260 written=5078
                                       ->  Nested Loop  (cost=789169.75..829192.75 rows=1242 width=24) (actual time=962.639..10999.473 rows=61752 loops=1)
                                             Join Filter: (t.id = mi1.movie_id)
                                             Buffers: shared hit=1063792 read=44136, temp read=5260 written=5078
                                             ->  Merge Join  (cost=789169.32..789929.36 rows=11527 width=16) (actual time=962.590..1467.887 rows=271451 loops=1)
                                                   Merge Cond: (mi1.movie_id = mi2.movie_id)
                                                   Buffers: shared hit=3 read=22121, temp read=5260 written=5078
                                                   ->  Sort  (cost=408854.09..408980.39 rows=50520 width=8) (actual time=462.598..560.192 rows=474895 loops=1)
                                                         Sort Key: mi1.movie_id
                                                         Sort Method: external merge  Disk: 8392kB
                                                         Buffers: shared hit=1 read=10974, temp read=1049 written=1055
                                                         ->  Bitmap Heap Scan on movie_info mi1  (cost=16461.10..404907.33 rows=50520 width=8) (actual time=44.098..377.851 rows=474920 loops=1)
                                                               Recheck Cond: (info_type_id = 3)
                                                               Filter: ((info)::text = ANY ('{Animation,Comedy,Documentary,Family,Romance}'::text[]))
                                                               Rows Removed by Filter: 1058989
                                                               Heap Blocks: exact=9772
                                                               Buffers: shared hit=1 read=10974
                                                               ->  Bitmap Index Scan on info_type_id_movie_info  (cost=0.00..16448.47 rows=1538671 width=0) (actual time=42.913..42.914 rows=1533909 loops=1)
                                                                     Index Cond: (info_type_id = 3)
                                                                     Buffers: shared read=1203
                                                   ->  Sort  (cost=380315.23..380511.31 rows=78433 width=8) (actual time=499.981..650.650 rows=779385 loops=1)
                                                         Sort Key: mi2.movie_id
                                                         Sort Method: external sort  Disk: 16080kB
                                                         Buffers: shared hit=2 read=11147, temp read=4112 written=4023
                                                         ->  Bitmap Heap Scan on movie_info mi2  (cost=15890.00..373938.95 rows=78433 width=8) (actual time=34.036..318.221 rows=744075 loops=1)
                                                               Recheck Cond: (info_type_id = 7)
                                                               Filter: ((info)::text = ANY ('{"OFM:35 mm","PFM:35 mm","RAT:1.33 : 1"}'::text[]))
                                                               Rows Removed by Filter: 657827
                                                               Heap Blocks: exact=10050
                                                               Buffers: shared hit=2 read=11147
                                                               ->  Bitmap Index Scan on info_type_id_movie_info  (cost=0.00..15870.39 rows=1484527 width=0) (actual time=32.796..32.797 rows=1401902 loops=1)
                                                                     Index Cond: (info_type_id = 7)
                                                                     Buffers: shared hit=1 read=1098
                                             ->  Index Scan using title_pkey on title t  (cost=0.43..3.39 rows=1 width=8) (actual time=0.035..0.035 rows=0 loops=271451)
                                                   Index Cond: (id = mi2.movie_id)
                                                   Filter: ((production_year <= 2015) AND (1975 < production_year))
                                                   Rows Removed by Filter: 1
                                                   Buffers: shared hit=1063789 read=22015
                                       ->  Memoize  (cost=0.14..0.16 rows=1 width=4) (actual time=0.000..0.000 rows=1 loops=61752)
                                             Cache Key: t.kind_id
                                             Cache Mode: logical
                                             Hits: 61746  Misses: 6  Evictions: 0  Overflows: 0  Memory Usage: 1kB
                                             Buffers: shared hit=12
                                             ->  Index Scan using kind_type_pkey on kind_type kt  (cost=0.13..0.15 rows=1 width=4) (actual time=0.009..0.009 rows=0 loops=6)
                                                   Index Cond: (id = t.kind_id)
                                                   Filter: ((kind)::text = ANY ('{episode,movie,"video movie"}'::text[]))
                                                   Rows Removed by Filter: 0
                                                   Buffers: shared hit=12
                                 ->  Materialize  (cost=0.00..2.42 rows=1 width=4) (actual time=0.000..0.000 rows=1 loops=51297)
                                       Buffers: shared hit=1
                                       ->  Seq Scan on info_type it1  (cost=0.00..2.41 rows=1 width=4) (actual time=0.018..0.022 rows=1 loops=1)
                                             Filter: (id = 3)
                                             Rows Removed by Filter: 112
                                             Buffers: shared hit=1
                           ->  Materialize  (cost=0.00..2.42 rows=1 width=4) (actual time=0.000..0.000 rows=1 loops=51297)
                                 Buffers: shared hit=1
                                 ->  Seq Scan on info_type it2  (cost=0.00..2.41 rows=1 width=4) (actual time=0.007..0.011 rows=1 loops=1)
                                       Filter: (id = 7)
                                       Rows Removed by Filter: 112
                                       Buffers: shared hit=1
                     ->  Index Scan using movie_id_cast_info on cast_info ci  (cost=0.44..43.32 rows=38 width=12) (actual time=0.038..0.484 rows=49 loops=51297)
                           Index Cond: (movie_id = t.id)
                           Buffers: shared hit=2265495 read=336287
               ->  Hash  (cost=1.15..1.15 rows=2 width=4) (actual time=0.038..0.039 rows=2 loops=1)
                     Buckets: 1024  Batches: 1  Memory Usage: 9kB
                     Buffers: shared hit=1
                     ->  Seq Scan on role_type rt  (cost=0.00..1.15 rows=2 width=4) (actual time=0.026..0.028 rows=2 loops=1)
                           Filter: ((role)::text = ANY ('{cinematographer,producer}'::text[]))
                           Rows Removed by Filter: 10
                           Buffers: shared hit=1
         ->  Index Scan using name_pkey on name n  (cost=0.43..2.32 rows=1 width=4) (actual time=0.037..0.037 rows=0 loops=229034)
               Index Cond: (id = ci.person_id)
               Filter: ((gender)::text = ANY ('{f,m}'::text[]))
               Rows Removed by Filter: 1
               Buffers: shared hit=864187 read=51949
 Planning:
   Buffers: shared hit=485 read=89
 Planning Time: 14.895 ms
 Execution Time: 45782.707 ms
(93 rows)

