                                                                                            QUERY PLAN                                                                                            
--------------------------------------------------------------------------------------------------------------------------------------------------------------------------------------------------
 Aggregate  (cost=608116.06..608116.07 rows=1 width=8) (actual time=46217.263..46217.274 rows=1 loops=1)
   Buffers: shared hit=4471379 read=332703, temp read=2193 written=2193
   ->  Nested Loop  (cost=92254.05..608115.62 rows=176 width=0) (actual time=495.925..46209.955 rows=27609 loops=1)
         Buffers: shared hit=4471379 read=332703, temp read=2193 written=2193
         ->  Hash Join  (cost=92253.62..607489.35 rows=270 width=4) (actual time=495.769..42622.078 rows=98811 loops=1)
               Hash Cond: (ci.role_id = rt.id)
               Buffers: shared hit=4081184 read=327654, temp read=2193 written=2193
               ->  Nested Loop  (cost=92252.45..607482.42 rows=1620 width=8) (actual time=495.486..42196.378 rows=2295105 loops=1)
                     Buffers: shared hit=4081183 read=327654, temp read=2193 written=2193
                     ->  Nested Loop  (cost=92252.01..602304.77 rows=113 width=12) (actual time=495.430..19401.246 rows=83399 loops=1)
                           Buffers: shared hit=1742381 read=176217, temp read=2193 written=2193
                           ->  Seq Scan on info_type it2  (cost=0.00..2.41 rows=1 width=4) (actual time=0.023..0.034 rows=1 loops=1)
                                 Filter: (id = 7)
                                 Rows Removed by Filter: 112
                                 Buffers: shared hit=1
                           ->  Nested Loop  (cost=92252.01..602301.23 rows=113 width=16) (actual time=495.405..19379.791 rows=83399 loops=1)
                                 Buffers: shared hit=1742380 read=176217, temp read=2193 written=2193
                                 ->  Seq Scan on info_type it1  (cost=0.00..2.41 rows=1 width=4) (actual time=0.008..0.023 rows=1 loops=1)
                                       Filter: (id = 3)
                                       Rows Removed by Filter: 112
                                       Buffers: shared hit=1
                                 ->  Nested Loop  (cost=92252.01..602297.68 rows=113 width=20) (actual time=495.393..19356.658 rows=83399 loops=1)
                                       Buffers: shared hit=1742379 read=176217, temp read=2193 written=2193
                                       ->  Hash Join  (cost=92251.55..480807.18 rows=2774 width=12) (actual time=457.330..1720.201 rows=159534 loops=1)
                                             Hash Cond: (mi2.movie_id = t.id)
                                             Buffers: shared hit=4294 read=43247, temp read=2193 written=2193
                                             ->  Bitmap Heap Scan on movie_info mi2  (cost=15889.54..404130.18 rows=76602 width=8) (actual time=39.107..805.087 rows=711379 loops=1)
                                                   Recheck Cond: (info_type_id = 7)
                                                   Filter: ((info)::text = ANY ('{"OFM:35 mm",PCS:Spherical,"PFM:35 mm","RAT:1.37 : 1","RAT:2.35 : 1"}'::text[]))
                                                   Rows Removed by Filter: 690523
                                                   Heap Blocks: exact=10050
                                                   Buffers: shared hit=2270 read=8879
                                                   ->  Bitmap Index Scan on info_type_id_movie_info  (cost=0.00..15870.39 rows=1484527 width=0) (actual time=37.846..37.847 rows=1401902 loops=1)
                                                         Index Cond: (info_type_id = 7)
                                                         Buffers: shared hit=1 read=1098
                                             ->  Hash  (cost=75217.46..75217.46 rows=91564 width=4) (actual time=417.687..417.691 rows=204688 loops=1)
                                                   Buckets: 262144 (originally 131072)  Batches: 2 (originally 1)  Memory Usage: 6145kB
                                                   Buffers: shared hit=2024 read=34368, temp written=299
                                                   ->  Hash Join  (cost=1.13..75217.46 rows=91564 width=4) (actual time=0.044..376.929 rows=204688 loops=1)
                                                         Hash Cond: (t.kind_id = kt.id)
                                                         Buffers: shared hit=2024 read=34368
                                                         ->  Seq Scan on title t  (cost=0.00..74315.95 rows=213650 width=8) (actual time=0.025..350.587 rows=212483 loops=1)
                                                               Filter: ((production_year <= 1970) AND (1950 < production_year))
                                                               Rows Removed by Filter: 2315829
                                                               Buffers: shared hit=2023 read=34368
                                                         ->  Hash  (cost=1.10..1.10 rows=3 width=4) (actual time=0.013..0.014 rows=3 loops=1)
                                                               Buckets: 1024  Batches: 1  Memory Usage: 9kB
                                                               Buffers: shared hit=1
                                                               ->  Seq Scan on kind_type kt  (cost=0.00..1.10 rows=3 width=4) (actual time=0.008..0.009 rows=3 loops=1)
                                                                     Filter: ((kind)::text = ANY ('{episode,movie,"tv movie"}'::text[]))
                                                                     Rows Removed by Filter: 4
                                                                     Buffers: shared hit=1
                                       ->  Index Scan using movie_id_movie_info on movie_info mi1  (cost=0.46..43.79 rows=1 width=8) (actual time=0.110..0.110 rows=1 loops=159534)
                                             Index Cond: (movie_id = t.id)
                                             Filter: ((info_type_id = 3) AND ((info)::text = ANY ('{Action,Adventure,Animation,Comedy,Crime,Drama,Family,Musical,Short}'::text[])))
                                             Rows Removed by Filter: 15
                                             Buffers: shared hit=1738085 read=132970
                     ->  Index Scan using movie_id_cast_info on cast_info ci  (cost=0.44..45.44 rows=38 width=12) (actual time=0.036..0.265 rows=28 loops=83399)
                           Index Cond: (movie_id = t.id)
                           Buffers: shared hit=2338802 read=151437
               ->  Hash  (cost=1.15..1.15 rows=2 width=4) (actual time=0.040..0.040 rows=2 loops=1)
                     Buckets: 1024  Batches: 1  Memory Usage: 9kB
                     Buffers: shared hit=1
                     ->  Seq Scan on role_type rt  (cost=0.00..1.15 rows=2 width=4) (actual time=0.029..0.030 rows=2 loops=1)
                           Filter: ((role)::text = ANY ('{"costume designer",editor}'::text[]))
                           Rows Removed by Filter: 10
                           Buffers: shared hit=1
         ->  Index Scan using name_pkey on name n  (cost=0.43..2.32 rows=1 width=4) (actual time=0.036..0.036 rows=0 loops=98811)
               Index Cond: (id = ci.person_id)
               Filter: ((gender)::text = ANY ('{f,m}'::text[]))
               Rows Removed by Filter: 1
               Buffers: shared hit=390195 read=5049
 Planning:
   Buffers: shared hit=576 read=1
 Planning Time: 12.750 ms
 Execution Time: 46217.979 ms
(76 rows)

