                                                                                               QUERY PLAN                                                                                               
--------------------------------------------------------------------------------------------------------------------------------------------------------------------------------------------------------
 Aggregate  (cost=511376.08..511376.09 rows=1 width=8) (actual time=4985.199..4985.207 rows=1 loops=1)
   Buffers: shared hit=453334 read=64191
   ->  Nested Loop  (cost=16454.76..511376.07 rows=7 width=0) (actual time=101.918..4984.284 rows=5386 loops=1)
         Buffers: shared hit=453334 read=64191
         ->  Seq Scan on info_type it2  (cost=0.00..2.41 rows=1 width=4) (actual time=0.039..0.048 rows=1 loops=1)
               Filter: (id = 7)
               Rows Removed by Filter: 112
               Buffers: shared hit=1
         ->  Nested Loop  (cost=16454.76..511373.58 rows=7 width=4) (actual time=101.878..4983.246 rows=5386 loops=1)
               Buffers: shared hit=453333 read=64191
               ->  Seq Scan on info_type it1  (cost=0.00..2.41 rows=1 width=4) (actual time=0.008..0.020 rows=1 loops=1)
                     Filter: (id = 3)
                     Rows Removed by Filter: 112
                     Buffers: shared hit=1
               ->  Nested Loop  (cost=16454.76..511371.10 rows=7 width=8) (actual time=101.866..4982.244 rows=5386 loops=1)
                     Buffers: shared hit=453332 read=64191
                     ->  Hash Join  (cost=16454.33..511306.15 rows=28 width=12) (actual time=101.813..4785.750 rows=5388 loops=1)
                           Hash Cond: (ci.role_id = rt.id)
                           Buffers: shared hit=437212 read=58759
                           ->  Nested Loop  (cost=16453.16..511303.81 rows=330 width=16) (actual time=101.721..4779.395 rows=32075 loops=1)
                                 Buffers: shared hit=437211 read=58759
                                 ->  Nested Loop  (cost=16452.72..510297.90 rows=23 width=20) (actual time=101.670..4411.398 rows=787 loops=1)
                                       Buffers: shared hit=422426 read=40862
                                       ->  Hash Join  (cost=16452.29..434735.88 rows=1788 width=12) (actual time=43.450..3349.610 rows=9949 loops=1)
                                             Hash Cond: (t.kind_id = kt.id)
                                             Buffers: shared hit=345798 read=8474
                                             ->  Nested Loop  (cost=16451.18..434708.40 rows=6257 width=16) (actual time=41.982..3334.905 rows=64855 loops=1)
                                                   Buffers: shared hit=345797 read=8474
                                                   ->  Bitmap Heap Scan on movie_info mi1  (cost=16450.74..374677.87 rows=9078 width=8) (actual time=41.939..529.135 rows=90204 loops=1)
                                                         Recheck Cond: (info_type_id = 3)
                                                         Filter: ((info)::text = ANY ('{Family,Horror,Sci-Fi}'::text[]))
                                                         Rows Removed by Filter: 1443705
                                                         Heap Blocks: exact=9772
                                                         Buffers: shared hit=10295 read=680
                                                         ->  Bitmap Index Scan on info_type_id_movie_info  (cost=0.00..16448.47 rows=1538671 width=0) (actual time=40.713..40.713 rows=1533909 loops=1)
                                                               Index Cond: (info_type_id = 3)
                                                               Buffers: shared hit=1203
                                                   ->  Memoize  (cost=0.44..6.68 rows=1 width=8) (actual time=0.031..0.031 rows=1 loops=90204)
                                                         Cache Key: mi1.movie_id
                                                         Cache Mode: logical
                                                         Hits: 4380  Misses: 85824  Evictions: 0  Overflows: 0  Memory Usage: 8115kB
                                                         Buffers: shared hit=335502 read=7794
                                                         ->  Index Scan using title_pkey on title t  (cost=0.43..6.67 rows=1 width=8) (actual time=0.031..0.031 rows=1 loops=85824)
                                                               Index Cond: (id = mi1.movie_id)
                                                               Filter: ((production_year <= 2015) AND (1990 < production_year))
                                                               Rows Removed by Filter: 0
                                                               Buffers: shared hit=335502 read=7794
                                             ->  Hash  (cost=1.09..1.09 rows=2 width=4) (actual time=0.017..0.018 rows=2 loops=1)
                                                   Buckets: 1024  Batches: 1  Memory Usage: 9kB
                                                   Buffers: shared hit=1
                                                   ->  Seq Scan on kind_type kt  (cost=0.00..1.09 rows=2 width=4) (actual time=0.010..0.011 rows=2 loops=1)
                                                         Filter: ((kind)::text = ANY ('{episode,"video movie"}'::text[]))
                                                         Rows Removed by Filter: 5
                                                         Buffers: shared hit=1
                                       ->  Index Scan using movie_id_movie_info on movie_info mi2  (cost=0.43..42.25 rows=1 width=8) (actual time=0.100..0.106 rows=0 loops=9949)
                                             Index Cond: (movie_id = t.id)
                                             Filter: (((info)::text = ANY ('{"PFM:35 mm","RAT:1.78 : 1"}'::text[])) AND (info_type_id = 7))
                                             Rows Removed by Filter: 12
                                             Buffers: shared hit=76628 read=32388
                                 ->  Index Scan using movie_id_cast_info on cast_info ci  (cost=0.44..43.36 rows=38 width=12) (actual time=0.039..0.456 rows=41 loops=787)
                                       Index Cond: (movie_id = t.id)
                                       Buffers: shared hit=14785 read=17897
                           ->  Hash  (cost=1.15..1.15 rows=1 width=4) (actual time=0.017..0.018 rows=1 loops=1)
                                 Buckets: 1024  Batches: 1  Memory Usage: 9kB
                                 Buffers: shared hit=1
                                 ->  Seq Scan on role_type rt  (cost=0.00..1.15 rows=1 width=4) (actual time=0.009..0.011 rows=1 loops=1)
                                       Filter: ((role)::text = 'actress'::text)
                                       Rows Removed by Filter: 11
                                       Buffers: shared hit=1
                     ->  Index Scan using name_pkey on name n  (cost=0.43..2.32 rows=1 width=4) (actual time=0.036..0.036 rows=1 loops=5388)
                           Index Cond: (id = ci.person_id)
                           Filter: ((gender)::text = 'f'::text)
                           Rows Removed by Filter: 0
                           Buffers: shared hit=16120 read=5432
 Planning:
   Buffers: shared hit=574
 Planning Time: 14.401 ms
 Execution Time: 4987.452 ms
(78 rows)

