                                                                                                  QUERY PLAN                                                                                                  
--------------------------------------------------------------------------------------------------------------------------------------------------------------------------------------------------------------
 Aggregate  (cost=760805.49..760805.50 rows=1 width=8) (actual time=9434.496..9434.505 rows=1 loops=1)
   Buffers: shared hit=843305 read=75185, temp read=3788 written=3694
   ->  Nested Loop  (cost=738889.09..760805.32 rows=71 width=0) (actual time=937.014..9434.075 rows=1139 loops=1)
         Buffers: shared hit=843305 read=75185, temp read=3788 written=3694
         ->  Seq Scan on info_type it2  (cost=0.00..2.41 rows=1 width=4) (actual time=0.035..0.047 rows=1 loops=1)
               Filter: (id = 7)
               Rows Removed by Filter: 112
               Buffers: shared hit=1
         ->  Nested Loop  (cost=738889.09..760802.19 rows=71 width=4) (actual time=936.977..9433.685 rows=1139 loops=1)
               Buffers: shared hit=843304 read=75185, temp read=3788 written=3694
               ->  Seq Scan on info_type it1  (cost=0.00..2.41 rows=1 width=4) (actual time=0.008..0.024 rows=1 loops=1)
                     Filter: (id = 3)
                     Rows Removed by Filter: 112
                     Buffers: shared hit=1
               ->  Nested Loop  (cost=738889.09..760799.07 rows=71 width=8) (actual time=936.968..9433.329 rows=1139 loops=1)
                     Buffers: shared hit=843303 read=75185, temp read=3788 written=3694
                     ->  Hash Join  (cost=738888.66..760089.30 rows=306 width=12) (actual time=905.933..8779.428 rows=17913 loops=1)
                           Hash Cond: (ci.role_id = rt.id)
                           Buffers: shared hit=777794 read=69042, temp read=3788 written=3694
                           ->  Nested Loop  (cost=738887.49..760081.61 rows=1835 width=16) (actual time=905.806..8725.806 rows=261053 loops=1)
                                 Buffers: shared hit=777793 read=69042, temp read=3788 written=3694
                                 ->  Nested Loop  (cost=738887.05..754493.17 rows=128 width=20) (actual time=905.773..5909.120 rows=5971 loops=1)
                                       Buffers: shared hit=559433 read=11337, temp read=3788 written=3694
                                       ->  Nested Loop  (cost=738886.90..754481.28 rows=446 width=24) (actual time=761.679..5851.947 rows=87208 loops=1)
                                             Join Filter: (t.id = mi1.movie_id)
                                             Buffers: shared hit=559423 read=11337, temp read=3788 written=3694
                                             ->  Merge Join  (cost=738886.47..739276.34 rows=3523 width=16) (actual time=761.630..1019.348 rows=137159 loops=1)
                                                   Merge Cond: (mi1.movie_id = mi2.movie_id)
                                                   Buffers: shared hit=12139 read=9985, temp read=3788 written=3694
                                                   ->  Sort  (cost=376801.23..376872.78 rows=28619 width=8) (actual time=385.326..433.816 rows=289109 loops=1)
                                                         Sort Key: mi1.movie_id
                                                         Sort Method: external sort  Disk: 6248kB
                                                         Buffers: shared hit=9578 read=1397, temp read=1559 written=1564
                                                         ->  Bitmap Heap Scan on movie_info mi1  (cost=16455.62..374682.76 rows=28619 width=8) (actual time=42.440..312.167 rows=289144 loops=1)
                                                               Recheck Cond: (info_type_id = 3)
                                                               Filter: ((info)::text = ANY ('{Crime,Drama,War}'::text[]))
                                                               Rows Removed by Filter: 1244765
                                                               Heap Blocks: exact=9772
                                                               Buffers: shared hit=9578 read=1397
                                                               ->  Bitmap Index Scan on info_type_id_movie_info  (cost=0.00..16448.47 rows=1538671 width=0) (actual time=41.255..41.255 rows=1533909 loops=1)
                                                                     Index Cond: (info_type_id = 3)
                                                                     Buffers: shared read=1203
                                                   ->  Sort  (cost=362085.24..362191.01 rows=42309 width=8) (actual time=376.295..448.449 rows=411268 loops=1)
                                                         Sort Key: mi2.movie_id
                                                         Sort Method: external sort  Disk: 8512kB
                                                         Buffers: shared hit=2561 read=8588, temp read=2177 written=2130
                                                         ->  Bitmap Heap Scan on movie_info mi2  (cost=15880.96..358834.07 rows=42309 width=8) (actual time=32.658..277.174 rows=394009 loops=1)
                                                               Recheck Cond: (info_type_id = 7)
                                                               Filter: ((info)::text = ANY ('{PCS:Spherical,"PFM:35 mm"}'::text[]))
                                                               Rows Removed by Filter: 1007893
                                                               Heap Blocks: exact=10050
                                                               Buffers: shared hit=2561 read=8588
                                                               ->  Bitmap Index Scan on info_type_id_movie_info  (cost=0.00..15870.39 rows=1484527 width=0) (actual time=31.418..31.418 rows=1401902 loops=1)
                                                                     Index Cond: (info_type_id = 7)
                                                                     Buffers: shared hit=1 read=1098
                                             ->  Index Scan using title_pkey on title t  (cost=0.43..4.30 rows=1 width=8) (actual time=0.035..0.035 rows=1 loops=137159)
                                                   Index Cond: (id = mi2.movie_id)
                                                   Filter: ((production_year <= 2015) AND (1925 < production_year))
                                                   Rows Removed by Filter: 0
                                                   Buffers: shared hit=547284 read=1352
                                       ->  Memoize  (cost=0.14..0.16 rows=1 width=4) (actual time=0.000..0.000 rows=0 loops=87208)
                                             Cache Key: t.kind_id
                                             Cache Mode: logical
                                             Hits: 87203  Misses: 5  Evictions: 0  Overflows: 0  Memory Usage: 1kB
                                             Buffers: shared hit=10
                                             ->  Index Scan using kind_type_pkey on kind_type kt  (cost=0.13..0.15 rows=1 width=4) (actual time=0.009..0.009 rows=0 loops=5)
                                                   Index Cond: (id = t.kind_id)
                                                   Filter: ((kind)::text = ANY ('{"tv movie","video game"}'::text[]))
                                                   Rows Removed by Filter: 1
                                                   Buffers: shared hit=10
                                 ->  Index Scan using movie_id_cast_info on cast_info ci  (cost=0.44..43.28 rows=38 width=12) (actual time=0.041..0.459 rows=44 loops=5971)
                                       Index Cond: (movie_id = t.id)
                                       Buffers: shared hit=218360 read=57705
                           ->  Hash  (cost=1.15..1.15 rows=2 width=4) (actual time=0.021..0.022 rows=2 loops=1)
                                 Buckets: 1024  Batches: 1  Memory Usage: 9kB
                                 Buffers: shared hit=1
                                 ->  Seq Scan on role_type rt  (cost=0.00..1.15 rows=2 width=4) (actual time=0.013..0.015 rows=2 loops=1)
                                       Filter: ((role)::text = ANY ('{director,writer}'::text[]))
                                       Rows Removed by Filter: 10
                                       Buffers: shared hit=1
                     ->  Index Scan using name_pkey on name n  (cost=0.43..2.32 rows=1 width=4) (actual time=0.036..0.036 rows=0 loops=17913)
                           Index Cond: (id = ci.person_id)
                           Filter: ((gender)::text = 'f'::text)
                           Rows Removed by Filter: 1
                           Buffers: shared hit=65509 read=6143
 Planning:
   Buffers: shared hit=529 read=45
 Planning Time: 13.875 ms
 Execution Time: 9441.553 ms
(89 rows)

