                                                                                            QUERY PLAN                                                                                            
--------------------------------------------------------------------------------------------------------------------------------------------------------------------------------------------------
 Aggregate  (cost=709214.12..709214.13 rows=1 width=8) (actual time=2751.566..2751.574 rows=1 loops=1)
   Buffers: shared hit=195576 read=68223, temp read=1268 written=1268
   ->  Nested Loop  (cost=94616.57..709213.92 rows=79 width=0) (actual time=860.874..2751.530 rows=41 loops=1)
         Buffers: shared hit=195576 read=68223, temp read=1268 written=1268
         ->  Seq Scan on info_type it2  (cost=0.00..2.41 rows=1 width=4) (actual time=0.036..0.044 rows=1 loops=1)
               Filter: (id = 7)
               Rows Removed by Filter: 112
               Buffers: shared hit=1
         ->  Nested Loop  (cost=94616.57..709210.72 rows=79 width=4) (actual time=860.837..2751.468 rows=41 loops=1)
               Buffers: shared hit=195575 read=68223, temp read=1268 written=1268
               ->  Seq Scan on info_type it1  (cost=0.00..2.41 rows=1 width=4) (actual time=0.009..0.020 rows=1 loops=1)
                     Filter: (id = 3)
                     Rows Removed by Filter: 112
                     Buffers: shared hit=1
               ->  Nested Loop  (cost=94616.57..709207.52 rows=79 width=8) (actual time=860.825..2751.429 rows=41 loops=1)
                     Buffers: shared hit=195574 read=68223, temp read=1268 written=1268
                     ->  Hash Join  (cost=94616.14..708421.20 rows=339 width=12) (actual time=444.764..2602.026 rows=4948 loops=1)
                           Hash Cond: (ci.role_id = rt.id)
                           Buffers: shared hit=177571 read=66434, temp read=1268 written=1268
                           ->  Nested Loop  (cost=94614.96..708412.79 rows=2035 width=16) (actual time=444.219..2585.092 rows=121332 loops=1)
                                 Buffers: shared hit=177570 read=66434, temp read=1268 written=1268
                                 ->  Nested Loop  (cost=94614.52..702059.77 rows=142 width=20) (actual time=444.193..1518.272 rows=5498 loops=1)
                                       Buffers: shared hit=60846 read=47841, temp read=1268 written=1268
                                       ->  Hash Join  (cost=94614.09..484438.15 rows=5032 width=12) (actual time=444.066..989.856 rows=4761 loops=1)
                                             Hash Cond: (mi2.movie_id = t.id)
                                             Buffers: shared hit=17175 read=30366, temp read=1268 written=1268
                                             ->  Bitmap Heap Scan on movie_info mi2  (cost=15889.33..404129.97 rows=75760 width=8) (actual time=37.669..420.254 rows=702928 loops=1)
                                                   Recheck Cond: (info_type_id = 7)
                                                   Filter: ((info)::text = ANY ('{"OFM:35 mm",PCS:Spherical,"PFM:35 mm",PFM:Video,"RAT:1.85 : 1"}'::text[]))
                                                   Rows Removed by Filter: 698974
                                                   Heap Blocks: exact=10050
                                                   Buffers: shared hit=2844 read=8305
                                                   ->  Bitmap Index Scan on info_type_id_movie_info  (cost=0.00..15870.39 rows=1484527 width=0) (actual time=36.415..36.416 rows=1401902 loops=1)
                                                         Index Cond: (info_type_id = 7)
                                                         Buffers: shared hit=1099
                                             ->  Hash  (cost=75968.50..75968.50 rows=167941 width=4) (actual time=405.286..405.288 rows=44292 loops=1)
                                                   Buckets: 262144  Batches: 2  Memory Usage: 2832kB
                                                   Buffers: shared hit=14331 read=22061, temp written=64
                                                   ->  Hash Join  (cost=1.13..75968.50 rows=167941 width=4) (actual time=0.115..396.850 rows=44292 loops=1)
                                                         Hash Cond: (t.kind_id = kt.id)
                                                         Buffers: shared hit=14331 read=22061
                                                         ->  Seq Scan on title t  (cost=0.00..74315.95 rows=391862 width=8) (actual time=0.069..372.124 rows=386415 loops=1)
                                                               Filter: ((production_year <= 1997) AND (1981 < production_year))
                                                               Rows Removed by Filter: 2141897
                                                               Buffers: shared hit=14330 read=22061
                                                         ->  Hash  (cost=1.10..1.10 rows=3 width=4) (actual time=0.013..0.015 rows=3 loops=1)
                                                               Buckets: 1024  Batches: 1  Memory Usage: 9kB
                                                               Buffers: shared hit=1
                                                               ->  Seq Scan on kind_type kt  (cost=0.00..1.10 rows=3 width=4) (actual time=0.009..0.010 rows=3 loops=1)
                                                                     Filter: ((kind)::text = ANY ('{"tv series","video game","video movie"}'::text[]))
                                                                     Rows Removed by Filter: 4
                                                                     Buffers: shared hit=1
                                       ->  Index Scan using movie_id_movie_info on movie_info mi1  (cost=0.43..43.24 rows=1 width=8) (actual time=0.108..0.110 rows=1 loops=4761)
                                             Index Cond: (movie_id = t.id)
                                             Filter: ((info_type_id = 3) AND ((info)::text = ANY ('{Action,Adult,Adventure,Comedy,Crime,Drama,Romance,Thriller}'::text[])))
                                             Rows Removed by Filter: 22
                                             Buffers: shared hit=43671 read=17475
                                 ->  Index Scan using movie_id_cast_info on cast_info ci  (cost=0.44..44.36 rows=38 width=12) (actual time=0.028..0.189 rows=22 loops=5498)
                                       Index Cond: (movie_id = t.id)
                                       Buffers: shared hit=116724 read=18593
                           ->  Hash  (cost=1.15..1.15 rows=2 width=4) (actual time=0.019..0.020 rows=2 loops=1)
                                 Buckets: 1024  Batches: 1  Memory Usage: 9kB
                                 Buffers: shared hit=1
                                 ->  Seq Scan on role_type rt  (cost=0.00..1.15 rows=2 width=4) (actual time=0.011..0.013 rows=2 loops=1)
                                       Filter: ((role)::text = ANY ('{cinematographer,composer}'::text[]))
                                       Rows Removed by Filter: 10
                                       Buffers: shared hit=1
                     ->  Index Scan using name_pkey on name n  (cost=0.43..2.32 rows=1 width=4) (actual time=0.030..0.030 rows=0 loops=4948)
                           Index Cond: (id = ci.person_id)
                           Filter: ((gender)::text = 'f'::text)
                           Rows Removed by Filter: 1
                           Buffers: shared hit=18003 read=1789
 Planning:
   Buffers: shared hit=574
 Planning Time: 13.732 ms
 Execution Time: 2752.130 ms
(76 rows)

