                                                                                            QUERY PLAN                                                                                            
--------------------------------------------------------------------------------------------------------------------------------------------------------------------------------------------------
 Aggregate  (cost=515950.58..515950.59 rows=1 width=8) (actual time=55059.529..55059.538 rows=1 loops=1)
   Buffers: shared hit=5567484 read=180783
   ->  Nested Loop  (cost=90627.87..515950.54 rows=17 width=0) (actual time=509.368..55037.519 rows=98180 loops=1)
         Buffers: shared hit=5567484 read=180783
         ->  Hash Join  (cost=90627.44..515890.23 rows=26 width=4) (actual time=509.345..45224.574 rows=267758 loops=1)
               Hash Cond: (ci.role_id = rt.id)
               Buffers: shared hit=4505058 read=172177
               ->  Nested Loop  (cost=90626.26..515888.50 rows=158 width=8) (actual time=509.063..44631.920 rows=2909702 loops=1)
                     Join Filter: (t.id = ci.movie_id)
                     Buffers: shared hit=4505057 read=172177
                     ->  Nested Loop  (cost=90625.82..515333.77 rows=11 width=12) (actual time=509.030..15326.994 rows=96043 loops=1)
                           Buffers: shared hit=1421667 read=104545
                           ->  Seq Scan on info_type it2  (cost=0.00..2.41 rows=1 width=4) (actual time=0.020..0.031 rows=1 loops=1)
                                 Filter: (id = 7)
                                 Rows Removed by Filter: 112
                                 Buffers: shared hit=1
                           ->  Nested Loop  (cost=90625.82..515331.25 rows=11 width=16) (actual time=509.008..15300.889 rows=96043 loops=1)
                                 Buffers: shared hit=1421666 read=104545
                                 ->  Seq Scan on info_type it1  (cost=0.00..2.41 rows=1 width=4) (actual time=0.007..0.020 rows=1 loops=1)
                                       Filter: (id = 3)
                                       Rows Removed by Filter: 112
                                       Buffers: shared hit=1
                                 ->  Nested Loop  (cost=90625.82..515328.73 rows=11 width=20) (actual time=508.999..15274.531 rows=96043 loops=1)
                                       Join Filter: (t.id = mi1.movie_id)
                                       Buffers: shared hit=1421665 read=104545
                                       ->  Hash Join  (cost=90625.39..494242.58 rows=449 width=12) (actual time=435.420..1369.172 rows=112058 loops=1)
                                             Hash Cond: (mi2.movie_id = t.id)
                                             Buffers: shared hit=17676 read=29865
                                             ->  Bitmap Heap Scan on movie_info mi2  (cost=15888.80..419225.28 rows=73659 width=8) (actual time=40.141..796.722 rows=696840 loops=1)
                                                   Recheck Cond: (info_type_id = 7)
                                                   Filter: ((info)::text = ANY ('{MET:,"OFM:35 mm",PCS:Spherical,"PFM:35 mm","RAT:1.20 : 1","RAT:1.37 : 1"}'::text[]))
                                                   Rows Removed by Filter: 705062
                                                   Heap Blocks: exact=10050
                                                   Buffers: shared hit=2784 read=8365
                                                   ->  Bitmap Index Scan on info_type_id_movie_info  (cost=0.00..15870.39 rows=1484527 width=0) (actual time=38.875..38.875 rows=1401902 loops=1)
                                                         Index Cond: (info_type_id = 7)
                                                         Buffers: shared hit=1 read=1098
                                             ->  Hash  (cost=74544.15..74544.15 rows=15395 width=4) (actual time=375.891..375.894 rows=50824 loops=1)
                                                   Buckets: 65536 (originally 16384)  Batches: 1 (originally 1)  Memory Usage: 2299kB
                                                   Buffers: shared hit=14892 read=21500
                                                   ->  Hash Join  (cost=1.11..74544.15 rows=15395 width=4) (actual time=0.505..368.080 rows=50824 loops=1)
                                                         Hash Cond: (t.kind_id = kt.id)
                                                         Buffers: shared hit=14892 read=21500
                                                         ->  Seq Scan on title t  (cost=0.00..74315.95 rows=53884 width=8) (actual time=0.346..361.602 rows=51669 loops=1)
                                                               Filter: ((production_year <= 1949) AND (1928 < production_year))
                                                               Rows Removed by Filter: 2476643
                                                               Buffers: shared hit=14891 read=21500
                                                         ->  Hash  (cost=1.09..1.09 rows=2 width=4) (actual time=0.013..0.015 rows=2 loops=1)
                                                               Buckets: 1024  Batches: 1  Memory Usage: 9kB
                                                               Buffers: shared hit=1
                                                               ->  Seq Scan on kind_type kt  (cost=0.00..1.09 rows=2 width=4) (actual time=0.009..0.010 rows=2 loops=1)
                                                                     Filter: ((kind)::text = ANY ('{episode,movie}'::text[]))
                                                                     Rows Removed by Filter: 5
                                                                     Buffers: shared hit=1
                                       ->  Index Scan using movie_id_movie_info on movie_info mi1  (cost=0.43..46.95 rows=1 width=8) (actual time=0.122..0.123 rows=1 loops=112058)
                                             Index Cond: (movie_id = mi2.movie_id)
                                             Filter: ((info_type_id = 3) AND ((info)::text = ANY ('{Action,Adventure,Comedy,Drama,Family,Mystery,Thriller}'::text[])))
                                             Rows Removed by Filter: 19
                                             Buffers: shared hit=1403989 read=74680
                     ->  Index Scan using movie_id_cast_info on cast_info ci  (cost=0.44..49.95 rows=38 width=12) (actual time=0.036..0.294 rows=30 loops=96043)
                           Index Cond: (movie_id = mi2.movie_id)
                           Buffers: shared hit=3083390 read=67632
               ->  Hash  (cost=1.15..1.15 rows=2 width=4) (actual time=0.034..0.034 rows=2 loops=1)
                     Buckets: 1024  Batches: 1  Memory Usage: 9kB
                     Buffers: shared hit=1
                     ->  Seq Scan on role_type rt  (cost=0.00..1.15 rows=2 width=4) (actual time=0.025..0.027 rows=2 loops=1)
                           Filter: ((role)::text = ANY ('{"costume designer",writer}'::text[]))
                           Rows Removed by Filter: 10
                           Buffers: shared hit=1
         ->  Index Scan using name_pkey on name n  (cost=0.43..2.32 rows=1 width=4) (actual time=0.036..0.036 rows=0 loops=267758)
               Index Cond: (id = ci.person_id)
               Filter: ((gender)::text = ANY ('{f,m}'::text[]))
               Rows Removed by Filter: 1
               Buffers: shared hit=1062426 read=8606
 Planning:
   Buffers: shared hit=529 read=45
 Planning Time: 13.558 ms
 Execution Time: 55060.232 ms
(78 rows)

