                                                                                                        QUERY PLAN                                                                                                         
---------------------------------------------------------------------------------------------------------------------------------------------------------------------------------------------------------------------------
 Aggregate  (cost=917301.67..917301.68 rows=1 width=8) (actual time=23890.848..23890.857 rows=1 loops=1)
   Buffers: shared hit=2306900 read=77061, temp read=9163 written=8115
   ->  Nested Loop  (cost=836954.02..917300.36 rows=522 width=0) (actual time=1076.598..23886.566 rows=28835 loops=1)
         Buffers: shared hit=2306900 read=77061, temp read=9163 written=8115
         ->  Seq Scan on info_type it2  (cost=0.00..2.41 rows=1 width=4) (actual time=0.030..0.042 rows=1 loops=1)
               Filter: (id = 7)
               Rows Removed by Filter: 112
               Buffers: shared hit=1
         ->  Nested Loop  (cost=836954.02..917292.73 rows=522 width=4) (actual time=1076.567..23881.433 rows=28835 loops=1)
               Buffers: shared hit=2306899 read=77061, temp read=9163 written=8115
               ->  Seq Scan on info_type it1  (cost=0.00..2.41 rows=1 width=4) (actual time=0.006..0.022 rows=1 loops=1)
                     Filter: (id = 3)
                     Rows Removed by Filter: 112
                     Buffers: shared hit=1
               ->  Nested Loop  (cost=836954.02..917285.10 rows=522 width=8) (actual time=1076.559..23876.037 rows=28835 loops=1)
                     Buffers: shared hit=2306898 read=77061, temp read=9163 written=8115
                     ->  Hash Join  (cost=836953.59..914397.29 rows=1245 width=12) (actual time=1076.064..22807.675 rows=30742 loops=1)
                           Hash Cond: (ci.role_id = rt.id)
                           Buffers: shared hit=2195896 read=65095, temp read=9163 written=8115
                           ->  Nested Loop  (cost=836952.42..914369.59 rows=7468 width=16) (actual time=1076.002..22785.294 rows=94977 loops=1)
                                 Buffers: shared hit=2195895 read=65095, temp read=9163 written=8115
                                 ->  Nested Loop  (cost=836951.98..891603.09 rows=521 width=20) (actual time=1075.972..21679.654 rows=5130 loops=1)
                                       Buffers: shared hit=2116085 read=36863, temp read=9163 written=8115
                                       ->  Nested Loop  (cost=836951.83..891557.76 rows=1823 width=24) (actual time=1075.958..21568.184 rows=146562 loops=1)
                                             Buffers: shared hit=2116073 read=36863, temp read=9163 written=8115
                                             ->  Merge Join  (cost=836951.40..837907.11 rows=16925 width=16) (actual time=1075.912..1864.639 rows=532703 loops=1)
                                                   Merge Cond: (mi1.movie_id = mi2.movie_id)
                                                   Buffers: shared hit=7041 read=15083, temp read=9163 written=8115
                                                   ->  Sort  (cost=397916.77..398161.29 rows=97808 width=8) (actual time=548.512..736.192 rows=948123 loops=1)
                                                         Sort Key: mi1.movie_id
                                                         Sort Method: external sort  Disk: 20496kB
                                                         Buffers: shared hit=5189 read=5786, temp read=5114 written=5127
                                                         ->  Bitmap Heap Scan on movie_info mi1  (cost=16472.94..389809.62 rows=97808 width=8) (actual time=40.773..313.132 rows=948187 loops=1)
                                                               Recheck Cond: (info_type_id = 3)
                                                               Filter: ((info)::text = ANY ('{Adventure,Comedy,Drama,History,Romance,Short,Sport,Thriller,War}'::text[]))
                                                               Rows Removed by Filter: 585722
                                                               Heap Blocks: exact=9772
                                                               Buffers: shared hit=5189 read=5786
                                                               ->  Bitmap Index Scan on info_type_id_movie_info  (cost=0.00..16448.47 rows=1538671 width=0) (actual time=39.563..39.564 rows=1533909 loops=1)
                                                                     Index Cond: (info_type_id = 3)
                                                                     Buffers: shared read=1203
                                                   ->  Sort  (cost=439034.64..439183.35 rows=59483 width=8) (actual time=527.389..693.154 rows=741923 loops=1)
                                                         Sort Key: mi2.movie_id
                                                         Sort Method: external sort  Disk: 11944kB
                                                         Buffers: shared hit=1852 read=9297, temp read=3515 written=2988
                                                         ->  Bitmap Heap Scan on movie_info mi2  (cost=15885.26..434317.58 rows=59483 width=8) (actual time=32.659..392.164 rows=552687 loops=1)
                                                               Recheck Cond: (info_type_id = 7)
                                                               Filter: ((info)::text = ANY ('{"CAM:Arriflex Cameras and Lenses","OFM:35 mm",OFM:Digital,"PCS:Super 35","PFM:35 mm",PFM:D-Cinema,"RAT:1.78 : 1"}'::text[]))
                                                               Rows Removed by Filter: 849215
                                                               Heap Blocks: exact=10050
                                                               Buffers: shared hit=1852 read=9297
                                                               ->  Bitmap Index Scan on info_type_id_movie_info  (cost=0.00..15870.39 rows=1484527 width=0) (actual time=31.426..31.427 rows=1401902 loops=1)
                                                                     Index Cond: (info_type_id = 7)
                                                                     Buffers: shared hit=1 read=1098
                                             ->  Index Scan using title_pkey on title t  (cost=0.43..3.17 rows=1 width=8) (actual time=0.036..0.036 rows=0 loops=532703)
                                                   Index Cond: (id = mi1.movie_id)
                                                   Filter: ((production_year <= 2015) AND (1975 < production_year))
                                                   Rows Removed by Filter: 1
                                                   Buffers: shared hit=2109032 read=21780
                                       ->  Memoize  (cost=0.14..0.16 rows=1 width=4) (actual time=0.000..0.000 rows=0 loops=146562)
                                             Cache Key: t.kind_id
                                             Cache Mode: logical
                                             Hits: 146556  Misses: 6  Evictions: 0  Overflows: 0  Memory Usage: 1kB
                                             Buffers: shared hit=12
                                             ->  Index Scan using kind_type_pkey on kind_type kt  (cost=0.13..0.15 rows=1 width=4) (actual time=0.011..0.011 rows=0 loops=6)
                                                   Index Cond: (id = t.kind_id)
                                                   Filter: ((kind)::text = ANY ('{"tv series","video game"}'::text[]))
                                                   Rows Removed by Filter: 1
                                                   Buffers: shared hit=12
                                 ->  Index Scan using movie_id_cast_info on cast_info ci  (cost=0.44..43.32 rows=38 width=12) (actual time=0.037..0.210 rows=19 loops=5130)
                                       Index Cond: (movie_id = t.id)
                                       Buffers: shared hit=79810 read=28232
                           ->  Hash  (cost=1.15..1.15 rows=2 width=4) (actual time=0.017..0.018 rows=2 loops=1)
                                 Buckets: 1024  Batches: 1  Memory Usage: 9kB
                                 Buffers: shared hit=1
                                 ->  Seq Scan on role_type rt  (cost=0.00..1.15 rows=2 width=4) (actual time=0.007..0.010 rows=2 loops=1)
                                       Filter: ((role)::text = ANY ('{actor,director}'::text[]))
                                       Rows Removed by Filter: 10
                                       Buffers: shared hit=1
                     ->  Index Scan using name_pkey on name n  (cost=0.43..2.32 rows=1 width=4) (actual time=0.034..0.034 rows=1 loops=30742)
                           Index Cond: (id = ci.person_id)
                           Filter: ((gender)::text = 'm'::text)
                           Rows Removed by Filter: 0
                           Buffers: shared hit=111002 read=11966
 Planning:
   Buffers: shared hit=484 read=93
 Planning Time: 12.871 ms
 Execution Time: 23904.168 ms
(88 rows)

