                                                                                                           QUERY PLAN                                                                                                           
--------------------------------------------------------------------------------------------------------------------------------------------------------------------------------------------------------------------------------
 Aggregate  (cost=683241.74..683241.75 rows=1 width=8) (actual time=52515.642..52515.652 rows=1 loops=1)
   Buffers: shared hit=4695167 read=748897, temp read=2176 written=2176
   ->  Nested Loop  (cost=95341.49..683241.68 rows=26 width=0) (actual time=2682.197..52515.498 rows=122 loops=1)
         Buffers: shared hit=4695167 read=748897, temp read=2176 written=2176
         ->  Seq Scan on info_type it2  (cost=0.00..2.41 rows=1 width=4) (actual time=0.040..0.049 rows=1 loops=1)
               Filter: (id = 7)
               Rows Removed by Filter: 112
               Buffers: shared hit=1
         ->  Nested Loop  (cost=95341.49..683239.01 rows=26 width=4) (actual time=2682.156..52515.379 rows=122 loops=1)
               Buffers: shared hit=4695166 read=748897, temp read=2176 written=2176
               ->  Seq Scan on info_type it1  (cost=0.00..2.41 rows=1 width=4) (actual time=0.009..0.021 rows=1 loops=1)
                     Filter: (id = 3)
                     Rows Removed by Filter: 112
                     Buffers: shared hit=1
               ->  Nested Loop  (cost=95341.49..683236.33 rows=26 width=8) (actual time=2682.143..52515.280 rows=122 loops=1)
                     Buffers: shared hit=4695165 read=748897, temp read=2176 written=2176
                     ->  Hash Join  (cost=95341.06..682978.87 rows=111 width=12) (actual time=567.474..52062.582 rows=12492 loops=1)
                           Hash Cond: (ci.role_id = rt.id)
                           Buffers: shared hit=4649396 read=744698, temp read=2176 written=2176
                           ->  Nested Loop  (cost=95339.90..682972.97 rows=1333 width=16) (actual time=565.633..51680.592 rows=2317721 loops=1)
                                 Buffers: shared hit=4649395 read=744698, temp read=2176 written=2176
                                 ->  Nested Loop  (cost=95339.46..678829.42 rows=93 width=20) (actual time=565.605..25970.913 rows=162727 loops=1)
                                       Buffers: shared hit=2218366 read=410288, temp read=2176 written=2176
                                       ->  Hash Join  (cost=95339.00..560266.03 rows=2761 width=12) (actual time=557.316..1835.426 rows=234891 loops=1)
                                             Hash Cond: (mi2.movie_id = t.id)
                                             Buffers: shared hit=16271 read=31270, temp read=2176 written=2176
                                             ->  Bitmap Heap Scan on movie_info mi2  (cost=15879.29..479599.14 rows=35620 width=8) (actual time=39.083..949.798 rows=370677 loops=1)
                                                   Recheck Cond: (info_type_id = 7)
                                                   Filter: ((info)::text = ANY ('{MET:,"MET:23 m","MET:300 m","MET:900 m","RAT:1.20 : 1","RAT:1.33 : 1","RAT:1.37 : 1","RAT:1.66 : 1","RAT:1.85 : 1","RAT:2.35 : 1"}'::text[]))
                                                   Rows Removed by Filter: 1031225
                                                   Heap Blocks: exact=10050
                                                   Buffers: shared hit=202 read=10947
                                                   ->  Bitmap Index Scan on info_type_id_movie_info  (cost=0.00..15870.39 rows=1484527 width=0) (actual time=37.809..37.809 rows=1401902 loops=1)
                                                         Index Cond: (info_type_id = 7)
                                                         Buffers: shared read=1099
                                             ->  Hash  (cost=76244.10..76244.10 rows=195968 width=4) (actual time=517.149..517.153 rows=439726 loops=1)
                                                   Buckets: 262144 (originally 262144)  Batches: 4 (originally 2)  Memory Usage: 6145kB
                                                   Buffers: shared hit=16069 read=20323, temp written=966
                                                   ->  Hash Join  (cost=1.13..76244.10 rows=195968 width=4) (actual time=0.047..445.541 rows=439726 loops=1)
                                                         Hash Cond: (t.kind_id = kt.id)
                                                         Buffers: shared hit=16069 read=20323
                                                         ->  Seq Scan on title t  (cost=0.00..74315.95 rows=457258 width=8) (actual time=0.026..393.260 rows=451569 loops=1)
                                                               Filter: ((production_year <= 1975) AND (1875 < production_year))
                                                               Rows Removed by Filter: 2076743
                                                               Buffers: shared hit=16068 read=20323
                                                         ->  Hash  (cost=1.10..1.10 rows=3 width=4) (actual time=0.013..0.014 rows=3 loops=1)
                                                               Buckets: 1024  Batches: 1  Memory Usage: 9kB
                                                               Buffers: shared hit=1
                                                               ->  Seq Scan on kind_type kt  (cost=0.00..1.10 rows=3 width=4) (actual time=0.007..0.009 rows=3 loops=1)
                                                                     Filter: ((kind)::text = ANY ('{episode,movie,"tv movie"}'::text[]))
                                                                     Rows Removed by Filter: 4
                                                                     Buffers: shared hit=1
                                       ->  Index Scan using movie_id_movie_info on movie_info mi1  (cost=0.46..42.93 rows=1 width=8) (actual time=0.102..0.102 rows=1 loops=234891)
                                             Index Cond: (movie_id = t.id)
                                             Filter: ((info_type_id = 3) AND ((info)::text = ANY ('{Action,Animation,Comedy,Crime,Documentary,Drama,Family,Music,War,Western}'::text[])))
                                             Rows Removed by Filter: 13
                                             Buffers: shared hit=2202095 read=379018
                                 ->  Index Scan using movie_id_cast_info on cast_info ci  (cost=0.44..44.17 rows=38 width=12) (actual time=0.035..0.153 rows=14 loops=162727)
                                       Index Cond: (movie_id = t.id)
                                       Buffers: shared hit=2431029 read=334410
                           ->  Hash  (cost=1.15..1.15 rows=1 width=4) (actual time=0.018..0.019 rows=1 loops=1)
                                 Buckets: 1024  Batches: 1  Memory Usage: 9kB
                                 Buffers: shared hit=1
                                 ->  Seq Scan on role_type rt  (cost=0.00..1.15 rows=1 width=4) (actual time=0.011..0.012 rows=1 loops=1)
                                       Filter: ((role)::text = 'production designer'::text)
                                       Rows Removed by Filter: 11
                                       Buffers: shared hit=1
                     ->  Index Scan using name_pkey on name n  (cost=0.43..2.32 rows=1 width=4) (actual time=0.036..0.036 rows=0 loops=12492)
                           Index Cond: (id = ci.person_id)
                           Filter: ((gender)::text = 'f'::text)
                           Rows Removed by Filter: 1
                           Buffers: shared hit=45769 read=4199
 Planning:
   Buffers: shared hit=523 read=54
 Planning Time: 13.666 ms
 Execution Time: 52516.297 ms
(76 rows)

