                                                                                            QUERY PLAN                                                                                            
--------------------------------------------------------------------------------------------------------------------------------------------------------------------------------------------------
 Aggregate  (cost=685971.69..685971.70 rows=1 width=8) (actual time=47443.792..47443.801 rows=1 loops=1)
   Buffers: shared hit=4499612 read=434427, temp read=1666 written=1666
   ->  Nested Loop  (cost=94615.96..685971.21 rows=193 width=0) (actual time=542.757..47430.824 rows=46245 loops=1)
         Buffers: shared hit=4499612 read=434427, temp read=1666 written=1666
         ->  Hash Join  (cost=94615.53..685284.63 rows=296 width=4) (actual time=520.835..43524.157 rows=109953 loops=1)
               Hash Cond: (ci.role_id = rt.id)
               Buffers: shared hit=4072058 read=422169, temp read=1666 written=1666
               ->  Nested Loop  (cost=94614.36..685277.14 rows=1777 width=8) (actual time=520.596..42903.526 rows=3411730 loops=1)
                     Buffers: shared hit=4072057 read=422169, temp read=1666 written=1666
                     ->  Nested Loop  (cost=94613.92..679729.43 rows=124 width=12) (actual time=520.556..10619.200 rows=60142 loops=1)
                           Buffers: shared hit=785554 read=186178, temp read=1666 written=1666
                           ->  Seq Scan on info_type it2  (cost=0.00..2.41 rows=1 width=4) (actual time=0.023..0.033 rows=1 loops=1)
                                 Filter: (id = 7)
                                 Rows Removed by Filter: 112
                                 Buffers: shared hit=1
                           ->  Nested Loop  (cost=94613.92..679725.78 rows=124 width=16) (actual time=520.532..10600.391 rows=60142 loops=1)
                                 Buffers: shared hit=785553 read=186178, temp read=1666 written=1666
                                 ->  Seq Scan on info_type it1  (cost=0.00..2.41 rows=1 width=4) (actual time=0.012..0.024 rows=1 loops=1)
                                       Filter: (id = 3)
                                       Rows Removed by Filter: 112
                                       Buffers: shared hit=1
                                 ->  Nested Loop  (cost=94613.92..679722.13 rows=124 width=20) (actual time=520.516..10583.331 rows=60142 loops=1)
                                       Buffers: shared hit=785552 read=186178, temp read=1666 written=1666
                                       ->  Hash Join  (cost=94613.48..469313.00 rows=4871 width=12) (actual time=518.036..1539.222 rows=64668 loops=1)
                                             Hash Cond: (mi2.movie_id = t.id)
                                             Buffers: shared hit=231 read=47310, temp read=1666 written=1666
                                             ->  Bitmap Heap Scan on movie_info mi2  (cost=15888.72..389033.52 rows=73336 width=8) (actual time=38.179..716.129 rows=681480 loops=1)
                                                   Recheck Cond: (info_type_id = 7)
                                                   Filter: ((info)::text = ANY ('{"OFM:35 mm",PCS:Spherical,"PFM:35 mm","RAT:1.85 : 1"}'::text[]))
                                                   Rows Removed by Filter: 720422
                                                   Heap Blocks: exact=10050
                                                   Buffers: shared hit=230 read=10919
                                                   ->  Bitmap Index Scan on info_type_id_movie_info  (cost=0.00..15870.39 rows=1484527 width=0) (actual time=36.930..36.930 rows=1401902 loops=1)
                                                         Index Cond: (info_type_id = 7)
                                                         Buffers: shared read=1099
                                             ->  Hash  (cost=75968.50..75968.50 rows=167941 width=4) (actual time=478.446..478.449 rows=342123 loops=1)
                                                   Buckets: 262144  Batches: 2  Memory Usage: 8082kB
                                                   Buffers: shared hit=1 read=36391, temp written=499
                                                   ->  Hash Join  (cost=1.13..75968.50 rows=167941 width=4) (actual time=0.044..421.005 rows=342123 loops=1)
                                                         Hash Cond: (t.kind_id = kt.id)
                                                         Buffers: shared hit=1 read=36391
                                                         ->  Seq Scan on title t  (cost=0.00..74315.95 rows=391862 width=8) (actual time=0.022..376.876 rows=386415 loops=1)
                                                               Filter: ((production_year <= 1997) AND (1981 < production_year))
                                                               Rows Removed by Filter: 2141897
                                                               Buffers: shared read=36391
                                                         ->  Hash  (cost=1.10..1.10 rows=3 width=4) (actual time=0.012..0.013 rows=3 loops=1)
                                                               Buckets: 1024  Batches: 1  Memory Usage: 9kB
                                                               Buffers: shared hit=1
                                                               ->  Seq Scan on kind_type kt  (cost=0.00..1.10 rows=3 width=4) (actual time=0.006..0.008 rows=3 loops=1)
                                                                     Filter: ((kind)::text = ANY ('{episode,movie,"tv movie"}'::text[]))
                                                                     Rows Removed by Filter: 4
                                                                     Buffers: shared hit=1
                                       ->  Index Scan using movie_id_movie_info on movie_info mi1  (cost=0.43..43.19 rows=1 width=8) (actual time=0.138..0.139 rows=1 loops=64668)
                                             Index Cond: (movie_id = t.id)
                                             Filter: ((info_type_id = 3) AND ((info)::text = ANY ('{Action,Adventure,Comedy,Crime,Drama,Romance,Thriller}'::text[])))
                                             Rows Removed by Filter: 35
                                             Buffers: shared hit=785321 read=138868
                     ->  Index Scan using movie_id_cast_info on cast_info ci  (cost=0.44..44.36 rows=38 width=12) (actual time=0.036..0.521 rows=57 loops=60142)
                           Index Cond: (movie_id = t.id)
                           Buffers: shared hit=3286503 read=235991
               ->  Hash  (cost=1.15..1.15 rows=2 width=4) (actual time=0.036..0.037 rows=2 loops=1)
                     Buckets: 1024  Batches: 1  Memory Usage: 9kB
                     Buffers: shared hit=1
                     ->  Seq Scan on role_type rt  (cost=0.00..1.15 rows=2 width=4) (actual time=0.028..0.029 rows=2 loops=1)
                           Filter: ((role)::text = ANY ('{editor,"production designer"}'::text[]))
                           Rows Removed by Filter: 10
                           Buffers: shared hit=1
         ->  Index Scan using name_pkey on name n  (cost=0.43..2.32 rows=1 width=4) (actual time=0.035..0.035 rows=0 loops=109953)
               Index Cond: (id = ci.person_id)
               Filter: ((gender)::text = ANY ('{f,m}'::text[]))
               Rows Removed by Filter: 1
               Buffers: shared hit=427554 read=12258
 Planning:
   Buffers: shared hit=481 read=93
 Planning Time: 13.115 ms
 Execution Time: 47444.481 ms
(76 rows)

