                                                                                            QUERY PLAN                                                                                            
--------------------------------------------------------------------------------------------------------------------------------------------------------------------------------------------------
 Aggregate  (cost=651041.79..651041.80 rows=1 width=8) (actual time=65591.911..65591.920 rows=1 loops=1)
   Buffers: shared hit=6362888 read=487458, temp read=1473 written=1473
   ->  Nested Loop  (cost=94613.07..651041.66 rows=50 width=0) (actual time=519.209..65436.771 rows=892876 loops=1)
         Buffers: shared hit=6362888 read=487458, temp read=1473 written=1473
         ->  Seq Scan on info_type it2  (cost=0.00..2.41 rows=1 width=4) (actual time=0.033..0.043 rows=1 loops=1)
               Filter: (id = 7)
               Rows Removed by Filter: 112
               Buffers: shared hit=1
         ->  Nested Loop  (cost=94613.07..651038.75 rows=50 width=4) (actual time=519.174..65243.856 rows=892876 loops=1)
               Buffers: shared hit=6362887 read=487458, temp read=1473 written=1473
               ->  Seq Scan on info_type it1  (cost=0.00..2.41 rows=1 width=4) (actual time=0.012..0.024 rows=1 loops=1)
                     Filter: (id = 3)
                     Rows Removed by Filter: 112
                     Buffers: shared hit=1
               ->  Nested Loop  (cost=94613.07..651035.84 rows=50 width=8) (actual time=519.159..65044.575 rows=892876 loops=1)
                     Buffers: shared hit=6362886 read=487458, temp read=1473 written=1473
                     ->  Hash Join  (cost=94612.64..650759.82 rows=119 width=12) (actual time=519.118..33427.246 rows=892876 loops=1)
                           Hash Cond: (ci.role_id = rt.id)
                           Buffers: shared hit=2838699 read=440141, temp read=1473 written=1473
                           ->  Nested Loop  (cost=94611.48..650753.57 rows=1433 width=16) (actual time=519.076..32760.309 rows=2301285 loops=1)
                                 Buffers: shared hit=2838698 read=440141, temp read=1473 written=1473
                                 ->  Nested Loop  (cost=94611.04..646279.61 rows=100 width=20) (actual time=519.033..10048.512 rows=42378 loops=1)
                                       Buffers: shared hit=706090 read=190627, temp read=1473 written=1473
                                       ->  Hash Join  (cost=94610.60..469169.22 rows=4105 width=12) (actual time=514.911..1497.508 rows=61414 loops=1)
                                             Hash Cond: (mi2.movie_id = t.id)
                                             Buffers: shared hit=233 read=47308, temp read=1473 written=1473
                                             ->  Bitmap Heap Scan on movie_info mi2  (cost=15885.84..389030.63 rows=61806 width=8) (actual time=39.127..712.498 rows=568854 loops=1)
                                                   Recheck Cond: (info_type_id = 7)
                                                   Filter: ((info)::text = ANY ('{"OFM:35 mm","PFM:35 mm",PFM:Video,"RAT:1.85 : 1"}'::text[]))
                                                   Rows Removed by Filter: 833048
                                                   Heap Blocks: exact=10050
                                                   Buffers: shared hit=232 read=10917
                                                   ->  Bitmap Index Scan on info_type_id_movie_info  (cost=0.00..15870.39 rows=1484527 width=0) (actual time=37.880..37.880 rows=1401902 loops=1)
                                                         Index Cond: (info_type_id = 7)
                                                         Buffers: shared read=1099
                                             ->  Hash  (cost=75968.50..75968.50 rows=167941 width=4) (actual time=474.477..474.480 rows=342123 loops=1)
                                                   Buckets: 262144  Batches: 2  Memory Usage: 8082kB
                                                   Buffers: shared hit=1 read=36391, temp written=499
                                                   ->  Hash Join  (cost=1.13..75968.50 rows=167941 width=4) (actual time=0.040..417.769 rows=342123 loops=1)
                                                         Hash Cond: (t.kind_id = kt.id)
                                                         Buffers: shared hit=1 read=36391
                                                         ->  Seq Scan on title t  (cost=0.00..74315.95 rows=391862 width=8) (actual time=0.022..371.804 rows=386415 loops=1)
                                                               Filter: ((production_year <= 1997) AND (1981 < production_year))
                                                               Rows Removed by Filter: 2141897
                                                               Buffers: shared read=36391
                                                         ->  Hash  (cost=1.10..1.10 rows=3 width=4) (actual time=0.011..0.013 rows=3 loops=1)
                                                               Buckets: 1024  Batches: 1  Memory Usage: 9kB
                                                               Buffers: shared hit=1
                                                               ->  Seq Scan on kind_type kt  (cost=0.00..1.10 rows=3 width=4) (actual time=0.006..0.008 rows=3 loops=1)
                                                                     Filter: ((kind)::text = ANY ('{episode,movie,"tv movie"}'::text[]))
                                                                     Rows Removed by Filter: 4
                                                                     Buffers: shared hit=1
                                       ->  Index Scan using movie_id_movie_info on movie_info mi1  (cost=0.43..43.14 rows=1 width=8) (actual time=0.138..0.138 rows=1 loops=61414)
                                             Index Cond: (movie_id = t.id)
                                             Filter: ((info_type_id = 3) AND ((info)::text = ANY ('{Adult,Comedy,Drama,Horror,Romance,Thriller}'::text[])))
                                             Rows Removed by Filter: 31
                                             Buffers: shared hit=705857 read=143319
                                 ->  Index Scan using movie_id_cast_info on cast_info ci  (cost=0.44..44.36 rows=38 width=12) (actual time=0.037..0.519 rows=54 loops=42378)
                                       Index Cond: (movie_id = t.id)
                                       Buffers: shared hit=2132608 read=249514
                           ->  Hash  (cost=1.15..1.15 rows=1 width=4) (actual time=0.017..0.018 rows=1 loops=1)
                                 Buckets: 1024  Batches: 1  Memory Usage: 9kB
                                 Buffers: shared hit=1
                                 ->  Seq Scan on role_type rt  (cost=0.00..1.15 rows=1 width=4) (actual time=0.009..0.011 rows=1 loops=1)
                                       Filter: ((role)::text = 'actor'::text)
                                       Rows Removed by Filter: 11
                                       Buffers: shared hit=1
                     ->  Index Scan using name_pkey on name n  (cost=0.43..2.32 rows=1 width=4) (actual time=0.035..0.035 rows=1 loops=892876)
                           Index Cond: (id = ci.person_id)
                           Filter: ((gender)::text = 'm'::text)
                           Buffers: shared hit=3524187 read=47317
 Planning:
   Buffers: shared hit=481 read=93
 Planning Time: 14.468 ms
 Execution Time: 65592.565 ms
(75 rows)

