                                                                                                                                                         QUERY PLAN                                                                                                                                                          
-----------------------------------------------------------------------------------------------------------------------------------------------------------------------------------------------------------------------------------------------------------------------------------------------------------------------------
 Aggregate  (cost=1037131.84..1037131.85 rows=1 width=8) (actual time=108717.506..108717.518 rows=1 loops=1)
   Buffers: shared hit=10337093 read=865077, temp read=13738 written=13738
   ->  Nested Loop  (cost=499058.55..1037130.38 rows=584 width=0) (actual time=1623.395..108466.253 rows=1519483 loops=1)
         Buffers: shared hit=10337093 read=865077, temp read=13738 written=13738
         ->  Seq Scan on info_type it2  (cost=0.00..2.41 rows=1 width=4) (actual time=0.037..0.048 rows=1 loops=1)
               Filter: (id = 7)
               Rows Removed by Filter: 112
               Buffers: shared hit=1
         ->  Nested Loop  (cost=499058.55..1037122.13 rows=584 width=4) (actual time=1623.356..108147.378 rows=1519483 loops=1)
               Buffers: shared hit=10337092 read=865077, temp read=13738 written=13738
               ->  Seq Scan on info_type it1  (cost=0.00..2.41 rows=1 width=4) (actual time=0.009..0.022 rows=1 loops=1)
                     Filter: (id = 3)
                     Rows Removed by Filter: 112
                     Buffers: shared hit=1
               ->  Nested Loop  (cost=499058.55..1037113.88 rows=584 width=8) (actual time=1623.344..107808.723 rows=1519483 loops=1)
                     Buffers: shared hit=10337091 read=865077, temp read=13738 written=13738
                     ->  Hash Join  (cost=499058.12..1033882.79 rows=1393 width=12) (actual time=1623.314..50502.157 rows=1608231 loops=1)
                           Hash Cond: (ci.role_id = rt.id)
                           Buffers: shared hit=4014946 read=754298, temp read=13738 written=13738
                           ->  Nested Loop  (cost=499056.94..1033851.93 rows=8357 width=16) (actual time=1623.179..49233.556 rows=4508528 loops=1)
                                 Buffers: shared hit=4014945 read=754298, temp read=13738 written=13738
                                 ->  Hash Join  (cost=499056.50..1008354.11 rows=583 width=20) (actual time=1623.135..3114.584 rows=111322 loops=1)
                                       Hash Cond: (mi2.movie_id = t.id)
                                       Buffers: shared hit=2564 read=55952, temp read=13738 written=13738
                                       ->  Bitmap Heap Scan on movie_info mi2  (cost=15889.35..524896.72 rows=75839 width=8) (actual time=37.728..955.815 rows=739440 loops=1)
                                             Recheck Cond: (info_type_id = 7)
                                             Filter: ((info)::text = ANY ('{"LAB:FotoKem Laboratory, Burbank (CA), USA","OFM:35 mm",OFM:Digital,"OFM:Super 16",PCS:Spherical,PFM:D-Cinema,PFM:Video,"RAT:1.33 : 1","RAT:1.66 : 1","RAT:1.78 : 1 / (high definition)","RAT:1.78 : 1","RAT:16:9 HD","RAT:2.35 : 1"}'::text[]))
                                             Rows Removed by Filter: 662462
                                             Heap Blocks: exact=10050
                                             Buffers: shared hit=14 read=11135
                                             ->  Bitmap Index Scan on info_type_id_movie_info  (cost=0.00..15870.39 rows=1484527 width=0) (actual time=36.492..36.492 rows=1401902 loops=1)
                                                   Index Cond: (info_type_id = 7)
                                                   Buffers: shared read=1099
                                       ->  Hash  (cost=482924.11..482924.11 rows=19444 width=12) (actual time=1584.554..1584.560 rows=418708 loops=1)
                                             Buckets: 262144 (originally 32768)  Batches: 4 (originally 1)  Memory Usage: 6547kB
                                             Buffers: shared hit=2550 read=44817, temp read=9268 written=10493
                                             ->  Hash Join  (cost=106304.74..482924.11 rows=19444 width=12) (actual time=863.316..1517.380 rows=418708 loops=1)
                                                   Hash Cond: (mi1.movie_id = t.id)
                                                   Buffers: shared hit=2550 read=44817, temp read=9268 written=9268
                                                   ->  Bitmap Heap Scan on movie_info mi1  (cost=16473.18..389809.86 rows=98731 width=8) (actual time=37.686..315.943 rows=925050 loops=1)
                                                         Recheck Cond: (info_type_id = 3)
                                                         Filter: ((info)::text = ANY ('{Action,Comedy,Crime,Documentary,Family,History,Mystery,Sci-Fi,Short,Thriller}'::text[]))
                                                         Rows Removed by Filter: 608859
                                                         Heap Blocks: exact=9772
                                                         Buffers: shared hit=2549 read=8426
                                                         ->  Bitmap Index Scan on info_type_id_movie_info  (cost=0.00..16448.47 rows=1538671 width=0) (actual time=36.495..36.495 rows=1533909 loops=1)
                                                               Index Cond: (info_type_id = 3)
                                                               Buffers: shared hit=1 read=1202
                                                   ->  Hash  (cost=81661.48..81661.48 rows=497927 width=4) (actual time=824.136..824.140 rows=1498523 loops=1)
                                                         Buckets: 262144 (originally 262144)  Batches: 16 (originally 4)  Memory Usage: 6145kB
                                                         Buffers: shared hit=1 read=36391, temp written=4107
                                                         ->  Hash Join  (cost=1.11..81661.48 rows=497927 width=4) (actual time=0.045..616.510 rows=1498523 loops=1)
                                                               Hash Cond: (t.kind_id = kt.id)
                                                               Buffers: shared hit=1 read=36391
                                                               ->  Seq Scan on title t  (cost=0.00..74315.95 rows=1742744 width=8) (actual time=0.023..428.242 rows=1748995 loops=1)
                                                                     Filter: ((production_year <= 2015) AND (1990 < production_year))
                                                                     Rows Removed by Filter: 779317
                                                                     Buffers: shared read=36391
                                                               ->  Hash  (cost=1.09..1.09 rows=2 width=4) (actual time=0.013..0.015 rows=2 loops=1)
                                                                     Buckets: 1024  Batches: 1  Memory Usage: 9kB
                                                                     Buffers: shared hit=1
                                                                     ->  Seq Scan on kind_type kt  (cost=0.00..1.09 rows=2 width=4) (actual time=0.007..0.009 rows=2 loops=1)
                                                                           Filter: ((kind)::text = ANY ('{episode,movie}'::text[]))
                                                                           Rows Removed by Filter: 5
                                                                           Buffers: shared hit=1
                                 ->  Index Scan using movie_id_cast_info on cast_info ci  (cost=0.44..43.36 rows=38 width=12) (actual time=0.038..0.401 rows=40 loops=111322)
                                       Index Cond: (movie_id = t.id)
                                       Buffers: shared hit=4012381 read=698346
                           ->  Hash  (cost=1.15..1.15 rows=2 width=4) (actual time=0.025..0.026 rows=2 loops=1)
                                 Buckets: 1024  Batches: 1  Memory Usage: 9kB
                                 Buffers: shared hit=1
                                 ->  Seq Scan on role_type rt  (cost=0.00..1.15 rows=2 width=4) (actual time=0.010..0.013 rows=2 loops=1)
                                       Filter: ((role)::text = ANY ('{actor,writer}'::text[]))
                                       Rows Removed by Filter: 10
                                       Buffers: shared hit=1
                     ->  Index Scan using name_pkey on name n  (cost=0.43..2.32 rows=1 width=4) (actual time=0.035..0.035 rows=1 loops=1608231)
                           Index Cond: (id = ci.person_id)
                           Filter: ((gender)::text = 'm'::text)
                           Rows Removed by Filter: 0
                           Buffers: shared hit=6322145 read=110779
 Planning:
   Buffers: shared hit=483 read=94
 Planning Time: 13.367 ms
 Execution Time: 108718.947 ms
(84 rows)

