                                                                                            QUERY PLAN                                                                                            
--------------------------------------------------------------------------------------------------------------------------------------------------------------------------------------------------
 Aggregate  (cost=893706.59..893706.60 rows=1 width=8) (actual time=7247.113..7247.122 rows=1 loops=1)
   Buffers: shared hit=541978 read=98080, temp read=8370 written=8370
   ->  Nested Loop  (cost=505307.87..893706.13 rows=187 width=0) (actual time=1540.736..7245.800 rows=6920 loops=1)
         Buffers: shared hit=541978 read=98080, temp read=8370 written=8370
         ->  Seq Scan on info_type it2  (cost=0.00..2.41 rows=1 width=4) (actual time=0.043..0.051 rows=1 loops=1)
               Filter: (id = 7)
               Rows Removed by Filter: 112
               Buffers: shared hit=1
         ->  Nested Loop  (cost=505307.87..893701.84 rows=187 width=4) (actual time=1540.692..7244.579 rows=6920 loops=1)
               Buffers: shared hit=541977 read=98080, temp read=8370 written=8370
               ->  Seq Scan on info_type it1  (cost=0.00..2.41 rows=1 width=4) (actual time=0.008..0.018 rows=1 loops=1)
                     Filter: (id = 3)
                     Rows Removed by Filter: 112
                     Buffers: shared hit=1
               ->  Nested Loop  (cost=505307.87..893697.56 rows=187 width=8) (actual time=1540.683..7243.302 rows=6920 loops=1)
                     Join Filter: (t.id = mi1.movie_id)
                     Buffers: shared hit=541976 read=98080, temp read=8370 written=8370
                     ->  Nested Loop  (cost=505307.44..689029.91 rows=4829 width=16) (actual time=1540.606..6287.270 rows=6923 loops=1)
                           Buffers: shared hit=461460 read=76542, temp read=8370 written=8370
                           ->  Hash Join  (cost=505307.01..640804.78 rows=20791 width=20) (actual time=1539.391..2663.363 rows=119855 loops=1)
                                 Hash Cond: (ci.movie_id = t.id)
                                 Buffers: shared hit=7528 read=51054, temp read=8370 written=8370
                                 ->  Nested Loop  (cost=0.44..123965.00 rows=3020080 width=8) (actual time=0.122..704.282 rows=1703543 loops=1)
                                       Buffers: shared hit=2113 read=8928
                                       ->  Seq Scan on role_type rt  (cost=0.00..1.15 rows=1 width=4) (actual time=0.011..0.014 rows=1 loops=1)
                                             Filter: ((role)::text = 'director'::text)
                                             Rows Removed by Filter: 11
                                             Buffers: shared hit=1
                                       ->  Index Scan using role_id_cast_info on cast_info ci  (cost=0.44..91017.52 rows=3294633 width=12) (actual time=0.109..454.029 rows=1703543 loops=1)
                                             Index Cond: (role_id = rt.id)
                                             Buffers: shared hit=2112 read=8928
                                 ->  Hash  (cost=505088.99..505088.99 rows=17406 width=12) (actual time=1539.040..1539.045 rows=111671 loops=1)
                                       Buckets: 131072 (originally 32768)  Batches: 1 (originally 1)  Memory Usage: 5823kB
                                       Buffers: shared hit=5415 read=42126, temp read=8370 written=8370
                                       ->  Hash Join  (cost=112726.05..505088.99 rows=17406 width=12) (actual time=934.648..1521.088 rows=111671 loops=1)
                                             Hash Cond: (mi2.movie_id = t.id)
                                             Buffers: shared hit=5415 read=42126, temp read=8370 written=8370
                                             ->  Bitmap Heap Scan on movie_info mi2  (cost=15883.20..404123.84 rows=51266 width=8) (actual time=39.628..369.151 rows=481125 loops=1)
                                                   Recheck Cond: (info_type_id = 7)
                                                   Filter: ((info)::text = ANY ('{"OFM:16 mm",PCS:Spherical,"PFM:35 mm","RAT:1.37 : 1","RAT:1.85 : 1"}'::text[]))
                                                   Rows Removed by Filter: 920777
                                                   Heap Blocks: exact=10050
                                                   Buffers: shared hit=5414 read=5735
                                                   ->  Bitmap Index Scan on info_type_id_movie_info  (cost=0.00..15870.39 rows=1484527 width=0) (actual time=38.331..38.331 rows=1401902 loops=1)
                                                         Index Cond: (info_type_id = 7)
                                                         Buffers: shared read=1099
                                             ->  Hash  (cost=82758.38..82758.38 rows=858437 width=4) (actual time=893.500..893.503 rows=1830466 loops=1)
                                                   Buckets: 262144 (originally 262144)  Batches: 16 (originally 8)  Memory Usage: 6145kB
                                                   Buffers: shared hit=1 read=36391, temp written=5019
                                                   ->  Hash Join  (cost=1.13..82758.38 rows=858437 width=4) (actual time=0.049..651.645 rows=1830466 loops=1)
                                                         Hash Cond: (t.kind_id = kt.id)
                                                         Buffers: shared hit=1 read=36391
                                                         ->  Seq Scan on title t  (cost=0.00..74315.95 rows=2003019 width=8) (actual time=0.027..431.802 rows=2004612 loops=1)
                                                               Filter: ((production_year <= 2015) AND (1975 < production_year))
                                                               Rows Removed by Filter: 523700
                                                               Buffers: shared read=36391
                                                         ->  Hash  (cost=1.10..1.10 rows=3 width=4) (actual time=0.013..0.014 rows=3 loops=1)
                                                               Buckets: 1024  Batches: 1  Memory Usage: 9kB
                                                               Buffers: shared hit=1
                                                               ->  Seq Scan on kind_type kt  (cost=0.00..1.10 rows=3 width=4) (actual time=0.007..0.008 rows=3 loops=1)
                                                                     Filter: ((kind)::text = ANY ('{episode,movie,"video movie"}'::text[]))
                                                                     Rows Removed by Filter: 4
                                                                     Buffers: shared hit=1
                           ->  Index Scan using name_pkey on name n  (cost=0.43..2.32 rows=1 width=4) (actual time=0.030..0.030 rows=0 loops=119855)
                                 Index Cond: (id = ci.person_id)
                                 Filter: ((gender)::text = 'f'::text)
                                 Rows Removed by Filter: 1
                                 Buffers: shared hit=453932 read=25488
                     ->  Index Scan using movie_id_movie_info on movie_info mi1  (cost=0.43..42.37 rows=1 width=8) (actual time=0.137..0.137 rows=1 loops=6923)
                           Index Cond: (movie_id = ci.movie_id)
                           Filter: ((info_type_id = 3) AND ((info)::text = ANY ('{Action,Crime,Documentary,Drama,Fantasy,Horror,Short,Thriller}'::text[])))
                           Rows Removed by Filter: 39
                           Buffers: shared hit=80516 read=21538
 Planning:
   Buffers: shared hit=482 read=92
 Planning Time: 14.038 ms
 Execution Time: 7247.815 ms
(77 rows)

