                                                                                              QUERY PLAN                                                                                              
------------------------------------------------------------------------------------------------------------------------------------------------------------------------------------------------------
 Aggregate  (cost=895903.84..895903.85 rows=1 width=8) (actual time=1089.947..1089.953 rows=1 loops=1)
   Buffers: shared hit=16029 read=43418, temp read=1689 written=1689
   ->  Nested Loop  (cost=507265.79..895903.38 rows=183 width=0) (actual time=955.797..1089.932 rows=94 loops=1)
         Buffers: shared hit=16029 read=43418, temp read=1689 written=1689
         ->  Seq Scan on info_type it2  (cost=0.00..2.41 rows=1 width=4) (actual time=0.040..0.045 rows=1 loops=1)
               Filter: (id = 7)
               Rows Removed by Filter: 112
               Buffers: shared hit=1
         ->  Nested Loop  (cost=507265.79..895899.14 rows=183 width=4) (actual time=955.755..1089.874 rows=94 loops=1)
               Buffers: shared hit=16028 read=43418, temp read=1689 written=1689
               ->  Seq Scan on info_type it1  (cost=0.00..2.41 rows=1 width=4) (actual time=0.007..0.013 rows=1 loops=1)
                     Filter: (id = 3)
                     Rows Removed by Filter: 112
                     Buffers: shared hit=1
               ->  Nested Loop  (cost=507265.79..895894.90 rows=183 width=8) (actual time=955.746..1089.847 rows=94 loops=1)
                     Join Filter: (t.id = mi1.movie_id)
                     Buffers: shared hit=16027 read=43418, temp read=1689 written=1689
                     ->  Nested Loop  (cost=507265.36..671995.26 rows=5302 width=16) (actual time=955.599..1081.052 rows=115 loops=1)
                           Buffers: shared hit=14685 read=42985, temp read=1689 written=1689
                           ->  Hash Join  (cost=507264.93..642681.17 rows=12638 width=20) (actual time=955.380..1049.495 rows=2083 loops=1)
                                 Hash Cond: (ci.movie_id = t.id)
                                 Buffers: shared hit=7259 read=42079, temp read=1689 written=1689
                                 ->  Nested Loop  (cost=0.44..123965.00 rows=3020080 width=8) (actual time=0.087..73.708 rows=276403 loops=1)
                                       Buffers: shared hit=536 read=1261
                                       ->  Seq Scan on role_type rt  (cost=0.00..1.15 rows=1 width=4) (actual time=0.007..0.010 rows=1 loops=1)
                                             Filter: ((role)::text = 'costume designer'::text)
                                             Rows Removed by Filter: 11
                                             Buffers: shared hit=1
                                       ->  Index Scan using role_id_cast_info on cast_info ci  (cost=0.44..91017.52 rows=3294633 width=12) (actual time=0.077..49.959 rows=276403 loops=1)
                                             Index Cond: (role_id = rt.id)
                                             Buffers: shared hit=535 read=1261
                                 ->  Hash  (cost=507132.24..507132.24 rows=10580 width=12) (actual time=955.048..955.051 rows=6343 loops=1)
                                       Buckets: 16384  Batches: 1  Memory Usage: 401kB
                                       Buffers: shared hit=6723 read=40818, temp read=1689 written=1689
                                       ->  Hash Join  (cost=101305.89..507132.24 rows=10580 width=12) (actual time=509.703..953.748 rows=6343 loops=1)
                                             Hash Cond: (mi2.movie_id = t.id)
                                             Buffers: shared hit=6723 read=40818, temp read=1689 written=1689
                                             ->  Bitmap Heap Scan on movie_info mi2  (cost=15886.19..419222.67 rows=63218 width=8) (actual time=38.374..369.403 rows=591438 loops=1)
                                                   Recheck Cond: (info_type_id = 7)
                                                   Filter: ((info)::text = ANY ('{"OFM:35 mm","PFM:35 mm","RAT:1.66 : 1","RAT:1.78 : 1 / (high definition)","RAT:1.78 : 1","RAT:1.85 : 1"}'::text[]))
                                                   Rows Removed by Filter: 810464
                                                   Heap Blocks: exact=10050
                                                   Buffers: shared hit=6722 read=4427
                                                   ->  Bitmap Index Scan on info_type_id_movie_info  (cost=0.00..15870.39 rows=1484527 width=0) (actual time=37.140..37.140 rows=1401902 loops=1)
                                                         Index Cond: (info_type_id = 7)
                                                         Buffers: shared read=1099
                                             ->  Hash  (cost=78477.74..78477.74 rows=423117 width=4) (actual time=470.019..470.022 rows=75964 loops=1)
                                                   Buckets: 262144  Batches: 4  Memory Usage: 2707kB
                                                   Buffers: shared hit=1 read=36391, temp written=166
                                                   ->  Hash Join  (cost=1.13..78477.74 rows=423117 width=4) (actual time=0.048..457.098 rows=75964 loops=1)
                                                         Hash Cond: (t.kind_id = kt.id)
                                                         Buffers: shared hit=1 read=36391
                                                         ->  Seq Scan on title t  (cost=0.00..74315.95 rows=987274 width=8) (actual time=0.023..397.923 rows=989787 loops=1)
                                                               Filter: ((production_year <= 2010) AND (2000 < production_year))
                                                               Rows Removed by Filter: 1538525
                                                               Buffers: shared read=36391
                                                         ->  Hash  (cost=1.10..1.10 rows=3 width=4) (actual time=0.014..0.015 rows=3 loops=1)
                                                               Buckets: 1024  Batches: 1  Memory Usage: 9kB
                                                               Buffers: shared hit=1
                                                               ->  Seq Scan on kind_type kt  (cost=0.00..1.10 rows=3 width=4) (actual time=0.009..0.010 rows=3 loops=1)
                                                                     Filter: ((kind)::text = ANY ('{"tv movie","tv series","video game"}'::text[]))
                                                                     Rows Removed by Filter: 4
                                                                     Buffers: shared hit=1
                           ->  Index Scan using name_pkey on name n  (cost=0.43..2.32 rows=1 width=4) (actual time=0.015..0.015 rows=0 loops=2083)
                                 Index Cond: (id = ci.person_id)
                                 Filter: ((gender)::text = 'm'::text)
                                 Rows Removed by Filter: 1
                                 Buffers: shared hit=7426 read=906
                     ->  Index Scan using movie_id_movie_info on movie_info mi1  (cost=0.43..42.22 rows=1 width=8) (actual time=0.076..0.076 rows=1 loops=115)
                           Index Cond: (movie_id = ci.movie_id)
                           Filter: ((info_type_id = 3) AND ((info)::text = ANY ('{Crime,Documentary,Drama,Short,Thriller}'::text[])))
                           Rows Removed by Filter: 27
                           Buffers: shared hit=1342 read=433
 Planning:
   Buffers: shared hit=502 read=72
 Planning Time: 13.592 ms
 Execution Time: 1090.410 ms
(77 rows)

