                                                                                            QUERY PLAN                                                                                            
--------------------------------------------------------------------------------------------------------------------------------------------------------------------------------------------------
 Aggregate  (cost=729010.86..729010.87 rows=1 width=8) (actual time=17644.126..17644.132 rows=1 loops=1)
   Buffers: shared hit=1638916 read=120169, temp read=1998 written=1998
   ->  Nested Loop  (cost=450014.40..729010.62 rows=95 width=0) (actual time=823.188..17636.431 rows=58853 loops=1)
         Buffers: shared hit=1638916 read=120169, temp read=1998 written=1998
         ->  Seq Scan on info_type it2  (cost=0.00..2.41 rows=1 width=4) (actual time=0.042..0.049 rows=1 loops=1)
               Filter: (id = 7)
               Rows Removed by Filter: 112
               Buffers: shared hit=1
         ->  Nested Loop  (cost=450014.40..729007.26 rows=95 width=4) (actual time=823.143..17627.614 rows=58853 loops=1)
               Buffers: shared hit=1638915 read=120169, temp read=1998 written=1998
               ->  Seq Scan on info_type it1  (cost=0.00..2.41 rows=1 width=4) (actual time=0.008..0.016 rows=1 loops=1)
                     Filter: (id = 3)
                     Rows Removed by Filter: 112
                     Buffers: shared hit=1
               ->  Nested Loop  (cost=450014.40..729003.90 rows=95 width=8) (actual time=823.133..17618.402 rows=58853 loops=1)
                     Join Filter: (t.id = mi2.movie_id)
                     Buffers: shared hit=1638914 read=120169, temp read=1998 written=1998
                     ->  Nested Loop  (cost=450013.97..612859.28 rows=2747 width=16) (actual time=821.861..8129.756 rows=107892 loops=1)
                           Buffers: shared hit=426513 read=84072, temp read=1998 written=1998
                           ->  Hash Join  (cost=450013.54..585421.68 rows=11829 width=20) (actual time=821.804..5020.499 rows=107974 loops=1)
                                 Hash Cond: (ci.movie_id = t.id)
                                 Buffers: shared hit=10742 read=67947, temp read=1998 written=1998
                                 ->  Nested Loop  (cost=0.44..123965.00 rows=3020080 width=8) (actual time=0.098..3007.022 rows=7451973 loops=1)
                                       Buffers: shared hit=5594 read=49330
                                       ->  Seq Scan on role_type rt  (cost=0.00..1.15 rows=1 width=4) (actual time=0.011..0.014 rows=1 loops=1)
                                             Filter: ((role)::text = 'actress'::text)
                                             Rows Removed by Filter: 11
                                             Buffers: shared hit=1
                                       ->  Index Scan using role_id_cast_info on cast_info ci  (cost=0.44..91017.52 rows=3294633 width=12) (actual time=0.084..1949.976 rows=7451973 loops=1)
                                             Index Cond: (role_id = rt.id)
                                             Buffers: shared hit=5593 read=49330
                                 ->  Hash  (cost=449889.31..449889.31 rows=9903 width=12) (actual time=821.464..821.468 rows=41579 loops=1)
                                       Buckets: 65536 (originally 16384)  Batches: 1 (originally 1)  Memory Usage: 2299kB
                                       Buffers: shared hit=5148 read=18617, temp read=1998 written=1998
                                       ->  Hash Join  (cost=74276.71..449889.31 rows=9903 width=12) (actual time=199.501..813.266 rows=41579 loops=1)
                                             Hash Cond: (mi1.movie_id = t.id)
                                             Buffers: shared hit=5148 read=18617, temp read=1998 written=1998
                                             ->  Bitmap Heap Scan on movie_info mi1  (cost=16467.08..389803.76 rows=74369 width=8) (actual time=41.654..482.469 rows=692008 loops=1)
                                                   Recheck Cond: (info_type_id = 3)
                                                   Filter: ((info)::text = ANY ('{Action,Biography,Crime,Documentary,History,Horror,Short,War,Western}'::text[]))
                                                   Rows Removed by Filter: 841901
                                                   Heap Blocks: exact=9772
                                                   Buffers: shared hit=5147 read=5828
                                                   ->  Bitmap Index Scan on info_type_id_movie_info  (cost=0.00..16448.47 rows=1538671 width=0) (actual time=40.466..40.467 rows=1533909 loops=1)
                                                         Index Cond: (info_type_id = 3)
                                                         Buffers: shared read=1203
                                             ->  Hash  (cost=52285.24..52285.24 rows=336671 width=4) (actual time=133.344..133.346 rows=100458 loops=1)
                                                   Buckets: 262144  Batches: 4  Memory Usage: 2925kB
                                                   Buffers: shared hit=1 read=12789, temp written=219
                                                   ->  Nested Loop  (cost=4591.04..52285.24 rows=336671 width=4) (actual time=5.492..118.035 rows=100458 loops=1)
                                                         Buffers: shared hit=1 read=12789
                                                         ->  Seq Scan on kind_type kt  (cost=0.00..1.09 rows=1 width=4) (actual time=0.010..0.013 rows=1 loops=1)
                                                               Filter: ((kind)::text = 'tv movie'::text)
                                                               Rows Removed by Filter: 6
                                                               Buffers: shared hit=1
                                                         ->  Bitmap Heap Scan on title t  (cost=4591.04..48356.33 rows=392783 width=8) (actual time=5.479..112.022 rows=100458 loops=1)
                                                               Recheck Cond: (kind_id = kt.id)
                                                               Filter: ((production_year <= 2015) AND (1925 < production_year))
                                                               Rows Removed by Filter: 79
                                                               Heap Blocks: exact=12708
                                                               Buffers: shared read=12789
                                                               ->  Bitmap Index Scan on kind_id_title  (cost=0.00..4492.84 rows=421388 width=0) (actual time=3.948..3.948 rows=100537 loops=1)
                                                                     Index Cond: (kind_id = kt.id)
                                                                     Buffers: shared read=81
                           ->  Index Scan using name_pkey on name n  (cost=0.43..2.32 rows=1 width=4) (actual time=0.028..0.028 rows=1 loops=107974)
                                 Index Cond: (id = ci.person_id)
                                 Filter: ((gender)::text = 'f'::text)
                                 Rows Removed by Filter: 0
                                 Buffers: shared hit=415771 read=16125
                     ->  Index Scan using movie_id_movie_info on movie_info mi2  (cost=0.43..42.27 rows=1 width=8) (actual time=0.072..0.087 rows=1 loops=107892)
                           Index Cond: (movie_id = ci.movie_id)
                           Filter: ((info_type_id = 7) AND ((info)::text = ANY ('{"OFM:16 mm","OFM:35 mm","PFM:35 mm","RAT:1.33 : 1","RAT:1.37 : 1","RAT:1.85 : 1"}'::text[])))
                           Rows Removed by Filter: 14
                           Buffers: shared hit=1212401 read=36097
 Planning:
   Buffers: shared hit=485 read=92
 Planning Time: 14.153 ms
 Execution Time: 17644.807 ms
(78 rows)

