                                                                                                  QUERY PLAN                                                                                                  
--------------------------------------------------------------------------------------------------------------------------------------------------------------------------------------------------------------
 Aggregate  (cost=873116.88..873116.89 rows=1 width=8) (actual time=31426.501..31426.509 rows=1 loops=1)
   Buffers: shared hit=2809663 read=380920, temp read=4751 written=4462
   ->  Nested Loop  (cost=819236.04..873115.86 rows=409 width=0) (actual time=989.219..31417.569 rows=33583 loops=1)
         Buffers: shared hit=2809663 read=380920, temp read=4751 written=4462
         ->  Hash Join  (cost=819235.61..871659.20 rows=628 width=4) (actual time=976.755..29077.308 rows=61551 loops=1)
               Hash Cond: (ci.role_id = rt.id)
               Buffers: shared hit=2602110 read=342269, temp read=4751 written=4462
               ->  Nested Loop  (cost=819234.43..871644.64 rows=3770 width=8) (actual time=976.673..28788.675 rows=1559433 loops=1)
                     Buffers: shared hit=2602109 read=342269, temp read=4751 written=4462
                     ->  Nested Loop  (cost=819233.99..860083.57 rows=263 width=12) (actual time=976.645..12285.425 rows=42391 loops=1)
                           Buffers: shared hit=1267988 read=33930, temp read=4751 written=4462
                           ->  Nested Loop  (cost=819233.99..860077.87 rows=263 width=16) (actual time=976.636..12253.304 rows=42391 loops=1)
                                 Buffers: shared hit=1267987 read=33930, temp read=4751 written=4462
                                 ->  Nested Loop  (cost=819233.99..860072.17 rows=263 width=20) (actual time=976.622..12222.212 rows=42391 loops=1)
                                       Buffers: shared hit=1267986 read=33930, temp read=4751 written=4462
                                       ->  Nested Loop  (cost=819233.85..860056.42 rows=614 width=24) (actual time=976.080..12174.020 rows=46426 loops=1)
                                             Buffers: shared hit=1267974 read=33930, temp read=4751 written=4462
                                             ->  Merge Join  (cost=819233.42..819987.10 rows=11560 width=16) (actual time=976.000..1510.823 rows=319945 loops=1)
                                                   Merge Cond: (mi1.movie_id = mi2.movie_id)
                                                   Buffers: shared hit=10409 read=11715, temp read=4751 written=4462
                                                   ->  Sort  (cost=410871.72..411055.97 rows=73702 width=8) (actual time=505.991..649.960 rows=722123 loops=1)
                                                         Sort Key: mi1.movie_id
                                                         Sort Method: external merge  Disk: 12768kB
                                                         Buffers: shared hit=7104 read=3871, temp read=1596 written=1606
                                                         ->  Bitmap Heap Scan on movie_info mi1  (cost=16466.89..404913.12 rows=73702 width=8) (actual time=42.309..379.496 rows=722178 loops=1)
                                                               Recheck Cond: (info_type_id = 3)
                                                               Filter: ((info)::text = ANY ('{Action,Drama,Horror,Short,Thriller}'::text[]))
                                                               Rows Removed by Filter: 811731
                                                               Heap Blocks: exact=9772
                                                               Buffers: shared hit=7104 read=3871
                                                               ->  Bitmap Index Scan on info_type_id_movie_info  (cost=0.00..16448.47 rows=1538671 width=0) (actual time=41.108..41.108 rows=1533909 loops=1)
                                                                     Index Cond: (info_type_id = 3)
                                                                     Buffers: shared read=1203
                                                   ->  Sort  (cost=408361.71..408496.49 rows=53914 width=8) (actual time=470.000..583.760 rows=591577 loops=1)
                                                         Sort Key: mi2.movie_id
                                                         Sort Method: external sort  Disk: 11416kB
                                                         Buffers: shared hit=3305 read=7844, temp read=3002 written=2856
                                                         ->  Bitmap Heap Scan on movie_info mi2  (cost=15883.87..404124.50 rows=53914 width=8) (actual time=33.729..337.444 rows=528097 loops=1)
                                                               Recheck Cond: (info_type_id = 7)
                                                               Filter: ((info)::text = ANY ('{"OFM:35 mm","PCS:Digital Intermediate","RAT:1.33 : 1","RAT:1.66 : 1","RAT:1.78 : 1"}'::text[]))
                                                               Rows Removed by Filter: 873805
                                                               Heap Blocks: exact=10050
                                                               Buffers: shared hit=3305 read=7844
                                                               ->  Bitmap Index Scan on info_type_id_movie_info  (cost=0.00..15870.39 rows=1484527 width=0) (actual time=32.466..32.467 rows=1401902 loops=1)
                                                                     Index Cond: (info_type_id = 7)
                                                                     Buffers: shared hit=1 read=1098
                                             ->  Index Scan using title_pkey on title t  (cost=0.43..3.47 rows=1 width=8) (actual time=0.033..0.033 rows=0 loops=319945)
                                                   Index Cond: (id = mi1.movie_id)
                                                   Filter: ((production_year <= 2010) AND (2000 < production_year))
                                                   Rows Removed by Filter: 1
                                                   Buffers: shared hit=1257565 read=22215
                                       ->  Memoize  (cost=0.14..0.16 rows=1 width=4) (actual time=0.000..0.000 rows=1 loops=46426)
                                             Cache Key: t.kind_id
                                             Cache Mode: logical
                                             Hits: 46420  Misses: 6  Evictions: 0  Overflows: 0  Memory Usage: 1kB
                                             Buffers: shared hit=12
                                             ->  Index Scan using kind_type_pkey on kind_type kt  (cost=0.13..0.15 rows=1 width=4) (actual time=0.008..0.008 rows=0 loops=6)
                                                   Index Cond: (id = t.kind_id)
                                                   Filter: ((kind)::text = ANY ('{episode,movie,"video movie"}'::text[]))
                                                   Rows Removed by Filter: 0
                                                   Buffers: shared hit=12
                                 ->  Materialize  (cost=0.00..2.42 rows=1 width=4) (actual time=0.000..0.000 rows=1 loops=42391)
                                       Buffers: shared hit=1
                                       ->  Seq Scan on info_type it1  (cost=0.00..2.41 rows=1 width=4) (actual time=0.012..0.016 rows=1 loops=1)
                                             Filter: (id = 3)
                                             Rows Removed by Filter: 112
                                             Buffers: shared hit=1
                           ->  Materialize  (cost=0.00..2.42 rows=1 width=4) (actual time=0.000..0.000 rows=1 loops=42391)
                                 Buffers: shared hit=1
                                 ->  Seq Scan on info_type it2  (cost=0.00..2.41 rows=1 width=4) (actual time=0.005..0.009 rows=1 loops=1)
                                       Filter: (id = 7)
                                       Rows Removed by Filter: 112
                                       Buffers: shared hit=1
                     ->  Index Scan using movie_id_cast_info on cast_info ci  (cost=0.44..43.58 rows=38 width=12) (actual time=0.038..0.379 rows=37 loops=42391)
                           Index Cond: (movie_id = t.id)
                           Buffers: shared hit=1334121 read=308339
               ->  Hash  (cost=1.15..1.15 rows=2 width=4) (actual time=0.043..0.044 rows=2 loops=1)
                     Buckets: 1024  Batches: 1  Memory Usage: 9kB
                     Buffers: shared hit=1
                     ->  Seq Scan on role_type rt  (cost=0.00..1.15 rows=2 width=4) (actual time=0.032..0.033 rows=2 loops=1)
                           Filter: ((role)::text = ANY ('{director,"production designer"}'::text[]))
                           Rows Removed by Filter: 10
                           Buffers: shared hit=1
         ->  Index Scan using name_pkey on name n  (cost=0.43..2.32 rows=1 width=4) (actual time=0.037..0.037 rows=1 loops=61551)
               Index Cond: (id = ci.person_id)
               Filter: ((gender)::text = ANY ('{f,m}'::text[]))
               Rows Removed by Filter: 0
               Buffers: shared hit=207553 read=38651
 Planning:
   Buffers: shared hit=502 read=72
 Planning Time: 13.748 ms
 Execution Time: 31435.940 ms
(92 rows)

