                                                                                                              QUERY PLAN                                                                                                              
--------------------------------------------------------------------------------------------------------------------------------------------------------------------------------------------------------------------------------------
 Aggregate  (cost=920331.91..920331.92 rows=1 width=8) (actual time=16635.168..16635.177 rows=1 loops=1)
   Buffers: shared hit=1520586 read=119563, temp read=6065 written=5861
   ->  Nested Loop  (cost=863394.56..920331.61 rows=122 width=0) (actual time=1109.098..16634.619 rows=1317 loops=1)
         Buffers: shared hit=1520586 read=119563, temp read=6065 written=5861
         ->  Seq Scan on info_type it2  (cost=0.00..2.41 rows=1 width=4) (actual time=0.037..0.049 rows=1 loops=1)
               Filter: (id = 7)
               Rows Removed by Filter: 112
               Buffers: shared read=1
         ->  Nested Loop  (cost=863394.56..920327.98 rows=122 width=4) (actual time=1109.060..16634.186 rows=1317 loops=1)
               Buffers: shared hit=1520586 read=119562, temp read=6065 written=5861
               ->  Seq Scan on info_type it1  (cost=0.00..2.41 rows=1 width=4) (actual time=0.008..0.022 rows=1 loops=1)
                     Filter: (id = 3)
                     Rows Removed by Filter: 112
                     Buffers: shared hit=1
               ->  Nested Loop  (cost=863394.56..920324.34 rows=122 width=8) (actual time=1109.050..16633.748 rows=1317 loops=1)
                     Buffers: shared hit=1520585 read=119562, temp read=6065 written=5861
                     ->  Hash Join  (cost=863394.13..919108.92 rows=524 width=12) (actual time=1087.496..16363.725 rows=7513 loops=1)
                           Hash Cond: (ci.role_id = rt.id)
                           Buffers: shared hit=1491747 read=118348, temp read=6065 written=5861
                           ->  Nested Loop  (cost=863392.97..919085.40 rows=6293 width=16) (actual time=1078.315..16262.112 rows=553031 loops=1)
                                 Buffers: shared hit=1491746 read=118348, temp read=6065 written=5861
                                 ->  Nested Loop  (cost=863392.53..899902.11 rows=439 width=20) (actual time=1078.285..10465.161 rows=14683 loops=1)
                                       Buffers: shared hit=981663 read=40061, temp read=6065 written=5861
                                       ->  Nested Loop  (cost=863392.39..899876.55 rows=1024 width=24) (actual time=1078.268..10399.942 rows=89889 loops=1)
                                             Join Filter: (t.id = mi1.movie_id)
                                             Buffers: shared hit=981651 read=40061, temp read=6065 written=5861
                                             ->  Merge Join  (cost=863391.96..864059.17 rows=9508 width=16) (actual time=1078.212..1519.137 rows=249897 loops=1)
                                                   Merge Cond: (mi1.movie_id = mi2.movie_id)
                                                   Buffers: shared hit=3 read=22121, temp read=6065 written=5861
                                                   ->  Sort  (cost=439456.46..439593.91 rows=54982 width=8) (actual time=562.990..657.528 rows=527241 loops=1)
                                                         Sort Key: mi1.movie_id
                                                         Sort Method: external sort  Disk: 11400kB
                                                         Buffers: shared hit=1 read=10974, temp read=2844 written=2851
                                                         ->  Bitmap Heap Scan on movie_info mi1  (cost=16462.21..435127.54 rows=54982 width=8) (actual time=43.106..429.999 rows=527271 loops=1)
                                                               Recheck Cond: (info_type_id = 3)
                                                               Filter: ((info)::text = ANY ('{Adventure,Crime,Documentary,Drama,History,Music,War}'::text[]))
                                                               Rows Removed by Filter: 1006638
                                                               Heap Blocks: exact=9772
                                                               Buffers: shared hit=1 read=10974
                                                               ->  Bitmap Index Scan on info_type_id_movie_info  (cost=0.00..16448.47 rows=1538671 width=0) (actual time=41.903..41.903 rows=1533909 loops=1)
                                                                     Index Cond: (info_type_id = 3)
                                                                     Buffers: shared read=1203
                                                   ->  Sort  (cost=423935.50..424084.11 rows=59445 width=8) (actual time=515.210..626.738 rows=596033 loops=1)
                                                         Sort Key: mi2.movie_id
                                                         Sort Method: external sort  Disk: 12032kB
                                                         Buffers: shared hit=2 read=11147, temp read=3112 written=3010
                                                         ->  Bitmap Heap Scan on movie_info mi2  (cost=15885.25..419221.73 rows=59445 width=8) (actual time=32.976..378.986 rows=556861 loops=1)
                                                               Recheck Cond: (info_type_id = 7)
                                                               Filter: ((info)::text = ANY ('{"CAM:Panavision Cameras and Lenses","LAB:DeLuxe, Hollywood (CA), USA","OFM:35 mm","PFM:35 mm","RAT:1.66 : 1","RAT:1.78 : 1"}'::text[]))
                                                               Rows Removed by Filter: 845041
                                                               Heap Blocks: exact=10050
                                                               Buffers: shared hit=2 read=11147
                                                               ->  Bitmap Index Scan on info_type_id_movie_info  (cost=0.00..15870.39 rows=1484527 width=0) (actual time=31.735..31.736 rows=1401902 loops=1)
                                                                     Index Cond: (info_type_id = 7)
                                                                     Buffers: shared hit=1 read=1098
                                             ->  Index Scan using title_pkey on title t  (cost=0.43..3.75 rows=1 width=8) (actual time=0.035..0.035 rows=0 loops=249897)
                                                   Index Cond: (id = mi2.movie_id)
                                                   Filter: ((production_year <= 2015) AND (1975 < production_year))
                                                   Rows Removed by Filter: 1
                                                   Buffers: shared hit=981648 read=17940
                                       ->  Memoize  (cost=0.14..0.16 rows=1 width=4) (actual time=0.000..0.000 rows=0 loops=89889)
                                             Cache Key: t.kind_id
                                             Cache Mode: logical
                                             Hits: 89883  Misses: 6  Evictions: 0  Overflows: 0  Memory Usage: 1kB
                                             Buffers: shared hit=12
                                             ->  Index Scan using kind_type_pkey on kind_type kt  (cost=0.13..0.15 rows=1 width=4) (actual time=0.010..0.010 rows=0 loops=6)
                                                   Index Cond: (id = t.kind_id)
                                                   Filter: ((kind)::text = ANY ('{"tv movie","tv series","video game"}'::text[]))
                                                   Rows Removed by Filter: 0
                                                   Buffers: shared hit=12
                                 ->  Index Scan using movie_id_cast_info on cast_info ci  (cost=0.44..43.32 rows=38 width=12) (actual time=0.038..0.384 rows=38 loops=14683)
                                       Index Cond: (movie_id = t.id)
                                       Buffers: shared hit=510083 read=78287
                           ->  Hash  (cost=1.15..1.15 rows=1 width=4) (actual time=0.022..0.023 rows=1 loops=1)
                                 Buckets: 1024  Batches: 1  Memory Usage: 9kB
                                 Buffers: shared hit=1
                                 ->  Seq Scan on role_type rt  (cost=0.00..1.15 rows=1 width=4) (actual time=0.011..0.013 rows=1 loops=1)
                                       Filter: ((role)::text = 'costume designer'::text)
                                       Rows Removed by Filter: 11
                                       Buffers: shared hit=1
                     ->  Index Scan using name_pkey on name n  (cost=0.43..2.32 rows=1 width=4) (actual time=0.035..0.035 rows=0 loops=7513)
                           Index Cond: (id = ci.person_id)
                           Filter: ((gender)::text = 'f'::text)
                           Rows Removed by Filter: 1
                           Buffers: shared hit=28838 read=1214
 Planning:
   Buffers: shared hit=486 read=88
 Planning Time: 13.667 ms
 Execution Time: 16645.181 ms
(89 rows)

