                                                                                                     QUERY PLAN                                                                                                      
---------------------------------------------------------------------------------------------------------------------------------------------------------------------------------------------------------------------
 Aggregate  (cost=502968.13..502968.14 rows=1 width=8) (actual time=27724.926..27724.935 rows=1 loops=1)
   Buffers: shared hit=2768742 read=91551
   ->  Nested Loop  (cost=65089.31..502968.09 rows=16 width=0) (actual time=286.734..27721.305 rows=13062 loops=1)
         Buffers: shared hit=2768742 read=91551
         ->  Hash Join  (cost=65088.88..502912.42 rows=24 width=4) (actual time=264.632..26517.782 rows=34039 loops=1)
               Hash Cond: (ci.role_id = rt.id)
               Buffers: shared hit=2634638 read=89499
               ->  Nested Loop  (cost=65087.70..502910.73 rows=143 width=8) (actual time=263.442..26342.781 rows=885931 loops=1)
                     Buffers: shared hit=2634637 read=89499
                     ->  Nested Loop  (cost=65087.26..502427.29 rows=10 width=12) (actual time=263.410..11475.214 rows=255385 loops=1)
                           Buffers: shared hit=1024316 read=57237
                           ->  Seq Scan on info_type it2  (cost=0.00..2.41 rows=1 width=4) (actual time=0.023..0.034 rows=1 loops=1)
                                 Filter: (id = 7)
                                 Rows Removed by Filter: 112
                                 Buffers: shared hit=1
                           ->  Nested Loop  (cost=65087.26..502424.78 rows=10 width=16) (actual time=263.386..11413.860 rows=255385 loops=1)
                                 Buffers: shared hit=1024315 read=57237
                                 ->  Seq Scan on info_type it1  (cost=0.00..2.41 rows=1 width=4) (actual time=0.008..0.021 rows=1 loops=1)
                                       Filter: (id = 3)
                                       Rows Removed by Filter: 112
                                       Buffers: shared hit=1
                                 ->  Nested Loop  (cost=65087.26..502422.27 rows=10 width=20) (actual time=263.375..11348.639 rows=255385 loops=1)
                                       Buffers: shared hit=1024314 read=57237
                                       ->  Hash Join  (cost=65086.83..484014.68 rows=403 width=12) (actual time=263.320..1387.228 rows=106557 loops=1)
                                             Hash Cond: (mi1.movie_id = t.id)
                                             Buffers: shared hit=14200 read=10162
                                             ->  Bitmap Heap Scan on movie_info mi1  (cost=16465.70..435131.03 rows=68932 width=8) (actual time=43.751..948.840 rows=636611 loops=1)
                                                   Recheck Cond: (info_type_id = 3)
                                                   Filter: ((info)::text = ANY ('{Adventure,Crime,Documentary,Fantasy,Short,War,Western}'::text[]))
                                                   Rows Removed by Filter: 897298
                                                   Heap Blocks: exact=9772
                                                   Buffers: shared hit=2931 read=8044
                                                   ->  Bitmap Index Scan on info_type_id_movie_info  (cost=0.00..16448.47 rows=1538671 width=0) (actual time=42.554..42.554 rows=1533909 loops=1)
                                                         Index Cond: (info_type_id = 3)
                                                         Buffers: shared read=1203
                                             ->  Hash  (cost=48436.16..48436.16 rows=14797 width=4) (actual time=187.392..187.395 rows=103977 loops=1)
                                                   Buckets: 131072 (originally 16384)  Batches: 1 (originally 1)  Memory Usage: 4680kB
                                                   Buffers: shared hit=11269 read=2118
                                                   ->  Nested Loop  (cost=4497.16..48436.16 rows=14797 width=4) (actual time=19.490..172.459 rows=103977 loops=1)
                                                         Buffers: shared hit=11269 read=2118
                                                         ->  Seq Scan on kind_type kt  (cost=0.00..1.09 rows=1 width=4) (actual time=0.009..0.012 rows=1 loops=1)
                                                               Filter: ((kind)::text = 'movie'::text)
                                                               Rows Removed by Filter: 6
                                                               Buffers: shared hit=1
                                                         ->  Bitmap Heap Scan on title t  (cost=4497.16..48262.45 rows=17263 width=8) (actual time=19.476..166.008 rows=103977 loops=1)
                                                               Recheck Cond: (kind_id = kt.id)
                                                               Filter: ((production_year <= 1925) AND (1875 < production_year))
                                                               Rows Removed by Filter: 558848
                                                               Heap Blocks: exact=12865
                                                               Buffers: shared hit=11268 read=2118
                                                               ->  Bitmap Index Scan on kind_id_title  (cost=0.00..4492.84 rows=421388 width=0) (actual time=17.218..17.218 rows=662825 loops=1)
                                                                     Index Cond: (kind_id = kt.id)
                                                                     Buffers: shared read=521
                                       ->  Index Scan using movie_id_movie_info on movie_info mi2  (cost=0.43..45.67 rows=1 width=8) (actual time=0.059..0.092 rows=2 loops=106557)
                                             Index Cond: (movie_id = t.id)
                                             Filter: ((info_type_id = 7) AND ((info)::text = ANY ('{"MET:15.2 m","MET:150 m","MET:23 m","MET:30 m","MET:600 m","OFM:35 mm",PCS:Spherical,"RAT:1.33 : 1"}'::text[])))
                                             Rows Removed by Filter: 9
                                             Buffers: shared hit=1010114 read=47075
                     ->  Index Scan using movie_id_cast_info on cast_info ci  (cost=0.44..47.96 rows=38 width=12) (actual time=0.033..0.057 rows=3 loops=255385)
                           Index Cond: (movie_id = t.id)
                           Buffers: shared hit=1610321 read=32262
               ->  Hash  (cost=1.15..1.15 rows=2 width=4) (actual time=0.036..0.037 rows=2 loops=1)
                     Buckets: 1024  Batches: 1  Memory Usage: 9kB
                     Buffers: shared hit=1
                     ->  Seq Scan on role_type rt  (cost=0.00..1.15 rows=2 width=4) (actual time=0.028..0.030 rows=2 loops=1)
                           Filter: ((role)::text = ANY ('{cinematographer,"miscellaneous crew"}'::text[]))
                           Rows Removed by Filter: 10
                           Buffers: shared hit=1
         ->  Index Scan using name_pkey on name n  (cost=0.43..2.32 rows=1 width=4) (actual time=0.035..0.035 rows=0 loops=34039)
               Index Cond: (id = ci.person_id)
               Filter: ((gender)::text = ANY ('{f,m}'::text[]))
               Rows Removed by Filter: 1
               Buffers: shared hit=134104 read=2052
 Planning:
   Buffers: shared hit=521 read=53
 Planning Time: 15.135 ms
 Execution Time: 27725.821 ms
(77 rows)

