                                                                                                               QUERY PLAN                                                                                                               
----------------------------------------------------------------------------------------------------------------------------------------------------------------------------------------------------------------------------------------
 Aggregate  (cost=580210.56..580210.57 rows=1 width=8) (actual time=1881.458..1881.464 rows=1 loops=1)
   Buffers: shared hit=140417 read=47717
   ->  Nested Loop  (cost=65968.21..580210.42 rows=56 width=0) (actual time=209.671..1880.222 rows=13259 loops=1)
         Buffers: shared hit=140417 read=47717
         ->  Hash Join  (cost=65967.78..579899.60 rows=134 width=4) (actual time=209.634..1490.906 rows=14337 loops=1)
               Hash Cond: (ci.role_id = rt.id)
               Buffers: shared hit=88516 read=42270
               ->  Nested Loop  (cost=65966.60..579895.58 rows=803 width=8) (actual time=209.565..1486.185 rows=27889 loops=1)
                     Buffers: shared hit=88515 read=42270
                     ->  Nested Loop  (cost=65966.16..577382.33 rows=56 width=12) (actual time=209.532..1255.467 rows=1461 loops=1)
                           Buffers: shared hit=63303 read=35839
                           ->  Seq Scan on info_type it2  (cost=0.00..2.41 rows=1 width=4) (actual time=0.017..0.023 rows=1 loops=1)
                                 Filter: (id = 7)
                                 Rows Removed by Filter: 112
                                 Buffers: shared hit=1
                           ->  Nested Loop  (cost=65966.16..577379.36 rows=56 width=16) (actual time=209.514..1255.215 rows=1461 loops=1)
                                 Buffers: shared hit=63302 read=35839
                                 ->  Seq Scan on info_type it1  (cost=0.00..2.41 rows=1 width=4) (actual time=0.008..0.017 rows=1 loops=1)
                                       Filter: (id = 3)
                                       Rows Removed by Filter: 112
                                       Buffers: shared hit=1
                                 ->  Nested Loop  (cost=65966.16..577376.38 rows=56 width=20) (actual time=209.503..1254.924 rows=1461 loops=1)
                                       Buffers: shared hit=63301 read=35839
                                       ->  Hash Join  (cost=65965.73..500092.69 rows=1781 width=12) (actual time=208.913..737.141 rows=7838 loops=1)
                                             Hash Cond: (mi1.movie_id = t.id)
                                             Buffers: shared hit=2097 read=21668
                                             ->  Bitmap Heap Scan on movie_info mi1  (cost=16470.75..450245.63 rows=89140 width=8) (actual time=41.180..518.852 rows=827902 loops=1)
                                                   Recheck Cond: (info_type_id = 3)
                                                   Filter: ((info)::text = ANY ('{Action,Comedy,Documentary,History,Music,Short,Sport,War}'::text[]))
                                                   Rows Removed by Filter: 706007
                                                   Heap Blocks: exact=9772
                                                   Buffers: shared hit=2096 read=8879
                                                   ->  Bitmap Index Scan on info_type_id_movie_info  (cost=0.00..16448.47 rows=1538671 width=0) (actual time=39.989..39.989 rows=1533909 loops=1)
                                                         Index Cond: (info_type_id = 3)
                                                         Buffers: shared read=1203
                                             ->  Hash  (cost=48863.41..48863.41 rows=50525 width=4) (actual time=129.941..129.943 rows=17601 loops=1)
                                                   Buckets: 65536  Batches: 1  Memory Usage: 1131kB
                                                   Buffers: shared hit=1 read=12789
                                                   ->  Nested Loop  (cost=4507.58..48863.41 rows=50525 width=4) (actual time=5.511..126.155 rows=17601 loops=1)
                                                         Buffers: shared hit=1 read=12789
                                                         ->  Seq Scan on kind_type kt  (cost=0.00..1.09 rows=1 width=4) (actual time=0.010..0.013 rows=1 loops=1)
                                                               Filter: ((kind)::text = 'tv movie'::text)
                                                               Rows Removed by Filter: 6
                                                               Buffers: shared hit=1
                                                         ->  Bitmap Heap Scan on title t  (cost=4507.58..48272.87 rows=58946 width=8) (actual time=5.496..124.879 rows=17601 loops=1)
                                                               Recheck Cond: (kind_id = kt.id)
                                                               Filter: ((production_year <= 1975) AND (1925 < production_year))
                                                               Rows Removed by Filter: 82936
                                                               Heap Blocks: exact=12708
                                                               Buffers: shared read=12789
                                                               ->  Bitmap Index Scan on kind_id_title  (cost=0.00..4492.84 rows=421388 width=0) (actual time=3.945..3.945 rows=100537 loops=1)
                                                                     Index Cond: (kind_id = kt.id)
                                                                     Buffers: shared read=81
                                       ->  Index Scan using movie_id_movie_info on movie_info mi2  (cost=0.43..43.38 rows=1 width=8) (actual time=0.061..0.066 rows=0 loops=7838)
                                             Index Cond: (movie_id = t.id)
                                             Filter: ((info_type_id = 7) AND ((info)::text = ANY ('{"MET:300 m","OFM:16 mm","OFM:35 mm",PCS:Spherical,"PFM:16 mm","PFM:35 mm","RAT:1.37 : 1","RAT:1.66 : 1","RAT:2.35 : 1"}'::text[])))
                                             Rows Removed by Filter: 8
                                             Buffers: shared hit=61204 read=14171
                     ->  Index Scan using movie_id_cast_info on cast_info ci  (cost=0.44..44.50 rows=38 width=12) (actual time=0.025..0.155 rows=19 loops=1461)
                           Index Cond: (movie_id = t.id)
                           Buffers: shared hit=25212 read=6431
               ->  Hash  (cost=1.15..1.15 rows=2 width=4) (actual time=0.042..0.043 rows=2 loops=1)
                     Buckets: 1024  Batches: 1  Memory Usage: 9kB
                     Buffers: shared hit=1
                     ->  Seq Scan on role_type rt  (cost=0.00..1.15 rows=2 width=4) (actual time=0.035..0.038 rows=2 loops=1)
                           Filter: ((role)::text = ANY ('{actor,writer}'::text[]))
                           Rows Removed by Filter: 10
                           Buffers: shared hit=1
         ->  Index Scan using name_pkey on name n  (cost=0.43..2.32 rows=1 width=4) (actual time=0.027..0.027 rows=1 loops=14337)
               Index Cond: (id = ci.person_id)
               Filter: ((gender)::text = 'm'::text)
               Rows Removed by Filter: 0
               Buffers: shared hit=51901 read=5447
 Planning:
   Buffers: shared hit=507 read=67
 Planning Time: 13.283 ms
 Execution Time: 1882.160 ms
(77 rows)

