                                                                                            QUERY PLAN                                                                                            
--------------------------------------------------------------------------------------------------------------------------------------------------------------------------------------------------
 Aggregate  (cost=623682.17..623682.18 rows=1 width=8) (actual time=86166.206..86166.215 rows=1 loops=1)
   Buffers: shared hit=8195877 read=764201, temp read=2341 written=2341
   ->  Nested Loop  (cost=95343.88..623682.08 rows=34 width=0) (actual time=672.975..86154.760 rows=38049 loops=1)
         Buffers: shared hit=8195877 read=764201, temp read=2341 written=2341
         ->  Seq Scan on info_type it2  (cost=0.00..2.41 rows=1 width=4) (actual time=0.036..0.046 rows=1 loops=1)
               Filter: (id = 7)
               Rows Removed by Filter: 112
               Buffers: shared hit=1
         ->  Nested Loop  (cost=95343.88..623679.33 rows=34 width=4) (actual time=672.938..86144.555 rows=38049 loops=1)
               Buffers: shared hit=8195876 read=764201, temp read=2341 written=2341
               ->  Seq Scan on info_type it1  (cost=0.00..2.41 rows=1 width=4) (actual time=0.007..0.021 rows=1 loops=1)
                     Filter: (id = 3)
                     Rows Removed by Filter: 112
                     Buffers: shared hit=1
               ->  Nested Loop  (cost=95343.88..623676.58 rows=34 width=8) (actual time=672.928..86133.700 rows=38049 loops=1)
                     Buffers: shared hit=8195875 read=764201, temp read=2341 written=2341
                     ->  Hash Join  (cost=95343.45..623486.38 rows=82 width=12) (actual time=540.182..81766.541 rows=119260 loops=1)
                           Hash Cond: (ci.role_id = rt.id)
                           Buffers: shared hit=7728227 read=754809, temp read=2341 written=2341
                           ->  Nested Loop  (cost=95342.28..623481.71 rows=989 width=16) (actual time=539.785..81041.920 rows=3811404 loops=1)
                                 Buffers: shared hit=7728226 read=754809, temp read=2341 written=2341
                                 ->  Nested Loop  (cost=95341.84..620407.46 rows=69 width=20) (actual time=539.756..39898.909 rows=207781 loops=1)
                                       Buffers: shared hit=3687441 read=422384, temp read=2341 written=2341
                                       ->  Hash Join  (cost=95341.41..469811.04 rows=3509 width=12) (actual time=532.596..1686.761 rows=354268 loops=1)
                                             Hash Cond: (mi2.movie_id = t.id)
                                             Buffers: shared hit=890 read=46651, temp read=2341 written=2341
                                             ->  Bitmap Heap Scan on movie_info mi2  (cost=15881.70..389026.50 rows=45266 width=8) (actual time=38.487..733.132 rows=434595 loops=1)
                                                   Recheck Cond: (info_type_id = 7)
                                                   Filter: ((info)::text = ANY ('{MET:,"OFM:35 mm",PCS:Spherical,"RAT:1.37 : 1"}'::text[]))
                                                   Rows Removed by Filter: 967307
                                                   Heap Blocks: exact=10050
                                                   Buffers: shared hit=889 read=10260
                                                   ->  Bitmap Index Scan on info_type_id_movie_info  (cost=0.00..15870.39 rows=1484527 width=0) (actual time=37.237..37.238 rows=1401902 loops=1)
                                                         Index Cond: (info_type_id = 7)
                                                         Buffers: shared read=1099
                                             ->  Hash  (cost=76244.10..76244.10 rows=195968 width=4) (actual time=493.032..493.035 rows=439726 loops=1)
                                                   Buckets: 262144 (originally 262144)  Batches: 4 (originally 2)  Memory Usage: 6145kB
                                                   Buffers: shared hit=1 read=36391, temp written=966
                                                   ->  Hash Join  (cost=1.13..76244.10 rows=195968 width=4) (actual time=0.042..419.206 rows=439726 loops=1)
                                                         Hash Cond: (t.kind_id = kt.id)
                                                         Buffers: shared hit=1 read=36391
                                                         ->  Seq Scan on title t  (cost=0.00..74315.95 rows=457258 width=8) (actual time=0.023..366.517 rows=451569 loops=1)
                                                               Filter: ((production_year <= 1975) AND (1875 < production_year))
                                                               Rows Removed by Filter: 2076743
                                                               Buffers: shared read=36391
                                                         ->  Hash  (cost=1.10..1.10 rows=3 width=4) (actual time=0.012..0.013 rows=3 loops=1)
                                                               Buckets: 1024  Batches: 1  Memory Usage: 9kB
                                                               Buffers: shared hit=1
                                                               ->  Seq Scan on kind_type kt  (cost=0.00..1.10 rows=3 width=4) (actual time=0.007..0.008 rows=3 loops=1)
                                                                     Filter: ((kind)::text = ANY ('{episode,movie,"tv movie"}'::text[]))
                                                                     Rows Removed by Filter: 4
                                                                     Buffers: shared hit=1
                                       ->  Index Scan using movie_id_movie_info on movie_info mi1  (cost=0.43..42.91 rows=1 width=8) (actual time=0.107..0.107 rows=1 loops=354268)
                                             Index Cond: (movie_id = t.id)
                                             Filter: ((info_type_id = 3) AND ((info)::text = ANY ('{Action,Comedy,Drama,War}'::text[])))
                                             Rows Removed by Filter: 15
                                             Buffers: shared hit=3686551 read=375733
                                 ->  Index Scan using movie_id_cast_info on cast_info ci  (cost=0.44..44.17 rows=38 width=12) (actual time=0.036..0.192 rows=18 loops=207781)
                                       Index Cond: (movie_id = t.id)
                                       Buffers: shared hit=4040785 read=332425
                           ->  Hash  (cost=1.15..1.15 rows=1 width=4) (actual time=0.014..0.015 rows=1 loops=1)
                                 Buckets: 1024  Batches: 1  Memory Usage: 9kB
                                 Buffers: shared hit=1
                                 ->  Seq Scan on role_type rt  (cost=0.00..1.15 rows=1 width=4) (actual time=0.008..0.010 rows=1 loops=1)
                                       Filter: ((role)::text = 'cinematographer'::text)
                                       Rows Removed by Filter: 11
                                       Buffers: shared hit=1
                     ->  Index Scan using name_pkey on name n  (cost=0.43..2.32 rows=1 width=4) (actual time=0.036..0.036 rows=0 loops=119260)
                           Index Cond: (id = ci.person_id)
                           Filter: ((gender)::text = 'm'::text)
                           Rows Removed by Filter: 1
                           Buffers: shared hit=467648 read=9392
 Planning:
   Buffers: shared hit=483 read=91
 Planning Time: 13.238 ms
 Execution Time: 86166.738 ms
(76 rows)

