                                                                                                  QUERY PLAN                                                                                                  
--------------------------------------------------------------------------------------------------------------------------------------------------------------------------------------------------------------
 Aggregate  (cost=807988.99..807989.00 rows=1 width=8) (actual time=15495.414..15495.422 rows=1 loops=1)
   Buffers: shared hit=1332735 read=221119, temp read=3752 written=3732
   ->  Nested Loop  (cost=784397.20..807988.80 rows=76 width=0) (actual time=814.449..15492.732 rows=7204 loops=1)
         Buffers: shared hit=1332735 read=221119, temp read=3752 written=3732
         ->  Seq Scan on info_type it2  (cost=0.00..2.41 rows=1 width=4) (actual time=0.042..0.051 rows=1 loops=1)
               Filter: (id = 7)
               Rows Removed by Filter: 112
               Buffers: shared hit=1
         ->  Nested Loop  (cost=784397.20..807985.63 rows=76 width=4) (actual time=814.405..15490.799 rows=7204 loops=1)
               Buffers: shared hit=1332734 read=221119, temp read=3752 written=3732
               ->  Seq Scan on info_type it1  (cost=0.00..2.41 rows=1 width=4) (actual time=0.009..0.021 rows=1 loops=1)
                     Filter: (id = 3)
                     Rows Removed by Filter: 112
                     Buffers: shared hit=1
               ->  Nested Loop  (cost=784397.20..807982.45 rows=76 width=8) (actual time=814.395..15488.691 rows=7204 loops=1)
                     Buffers: shared hit=1332733 read=221119, temp read=3752 written=3732
                     ->  Hash Join  (cost=784396.77..807560.30 rows=182 width=12) (actual time=813.674..14925.009 rows=16124 loops=1)
                           Hash Cond: (ci.role_id = rt.id)
                           Buffers: shared hit=1275029 read=214327, temp read=3752 written=3732
                           ->  Nested Loop  (cost=784395.61..807551.39 rows=2179 width=16) (actual time=813.597..14739.125 rows=1067045 loops=1)
                                 Buffers: shared hit=1275028 read=214327, temp read=3752 written=3732
                                 ->  Nested Loop  (cost=784395.17..800903.59 rows=152 width=20) (actual time=813.565..4242.906 rows=15537 loops=1)
                                       Buffers: shared hit=377487 read=26129, temp read=3752 written=3732
                                       ->  Nested Loop  (cost=784395.03..800894.06 rows=354 width=24) (actual time=812.605..4224.479 rows=17219 loops=1)
                                             Buffers: shared hit=377475 read=26129, temp read=3752 written=3732
                                             ->  Merge Join  (cost=784394.60..784799.45 rows=3778 width=16) (actual time=812.523..1042.762 rows=95370 loops=1)
                                                   Merge Cond: (mi1.movie_id = mi2.movie_id)
                                                   Buffers: shared hit=14614 read=7510, temp read=3752 written=3732
                                                   ->  Sort  (cost=393164.16..393273.40 rows=43698 width=8) (actual time=443.758..506.467 rows=407988 loops=1)
                                                         Sort Key: mi1.movie_id
                                                         Sort Method: external sort  Disk: 8816kB
                                                         Buffers: shared hit=3508 read=7467, temp read=2200 written=2205
                                                         ->  Bitmap Heap Scan on movie_info mi1  (cost=16459.39..389796.07 rows=43698 width=8) (actual time=43.964..341.209 rows=408006 loops=1)
                                                               Recheck Cond: (info_type_id = 3)
                                                               Filter: ((info)::text = ANY ('{Comedy,Documentary,History,Romance}'::text[]))
                                                               Rows Removed by Filter: 1125903
                                                               Heap Blocks: exact=9772
                                                               Buffers: shared hit=3508 read=7467
                                                               ->  Bitmap Index Scan on info_type_id_movie_info  (cost=0.00..16448.47 rows=1538671 width=0) (actual time=42.770..42.771 rows=1533909 loops=1)
                                                                     Index Cond: (info_type_id = 3)
                                                                     Buffers: shared hit=1 read=1202
                                                   ->  Sort  (cost=391230.44..391304.73 rows=29717 width=8) (actual time=368.754..415.863 rows=290018 loops=1)
                                                         Sort Key: mi2.movie_id
                                                         Sort Method: external sort  Disk: 6104kB
                                                         Buffers: shared hit=11106 read=43, temp read=1538 written=1527
                                                         ->  Bitmap Heap Scan on movie_info mi2  (cost=15877.82..389022.61 rows=29717 width=8) (actual time=30.392..297.440 rows=282755 loops=1)
                                                               Recheck Cond: (info_type_id = 7)
                                                               Filter: ((info)::text = ANY ('{"LAB:FotoKem Laboratory, Burbank (CA), USA","OFM:35 mm","PCS:Digital Intermediate",PFM:Video}'::text[]))
                                                               Rows Removed by Filter: 1119147
                                                               Heap Blocks: exact=10050
                                                               Buffers: shared hit=11106 read=43
                                                               ->  Bitmap Index Scan on info_type_id_movie_info  (cost=0.00..15870.39 rows=1484527 width=0) (actual time=29.151..29.152 rows=1401902 loops=1)
                                                                     Index Cond: (info_type_id = 7)
                                                                     Buffers: shared hit=1099
                                             ->  Index Scan using title_pkey on title t  (cost=0.43..4.26 rows=1 width=8) (actual time=0.033..0.033 rows=0 loops=95370)
                                                   Index Cond: (id = mi1.movie_id)
                                                   Filter: ((production_year <= 2015) AND (1990 < production_year))
                                                   Rows Removed by Filter: 1
                                                   Buffers: shared hit=362861 read=18619
                                       ->  Memoize  (cost=0.14..0.16 rows=1 width=4) (actual time=0.000..0.000 rows=1 loops=17219)
                                             Cache Key: t.kind_id
                                             Cache Mode: logical
                                             Hits: 17213  Misses: 6  Evictions: 0  Overflows: 0  Memory Usage: 1kB
                                             Buffers: shared hit=12
                                             ->  Index Scan using kind_type_pkey on kind_type kt  (cost=0.13..0.15 rows=1 width=4) (actual time=0.009..0.009 rows=0 loops=6)
                                                   Index Cond: (id = t.kind_id)
                                                   Filter: ((kind)::text = ANY ('{episode,movie,"video movie"}'::text[]))
                                                   Rows Removed by Filter: 0
                                                   Buffers: shared hit=12
                                 ->  Index Scan using movie_id_cast_info on cast_info ci  (cost=0.44..43.36 rows=38 width=12) (actual time=0.037..0.657 rows=69 loops=15537)
                                       Index Cond: (movie_id = t.id)
                                       Buffers: shared hit=897541 read=188198
                           ->  Hash  (cost=1.15..1.15 rows=1 width=4) (actual time=0.017..0.017 rows=1 loops=1)
                                 Buckets: 1024  Batches: 1  Memory Usage: 9kB
                                 Buffers: shared hit=1
                                 ->  Seq Scan on role_type rt  (cost=0.00..1.15 rows=1 width=4) (actual time=0.009..0.011 rows=1 loops=1)
                                       Filter: ((role)::text = 'cinematographer'::text)
                                       Rows Removed by Filter: 11
                                       Buffers: shared hit=1
                     ->  Index Scan using name_pkey on name n  (cost=0.43..2.32 rows=1 width=4) (actual time=0.034..0.034 rows=0 loops=16124)
                           Index Cond: (id = ci.person_id)
                           Filter: ((gender)::text = 'm'::text)
                           Rows Removed by Filter: 1
                           Buffers: shared hit=57704 read=6792
 Planning:
   Buffers: shared hit=573 read=1
 Planning Time: 14.120 ms
 Execution Time: 15501.125 ms
(88 rows)

