                                                                                            QUERY PLAN                                                                                            
--------------------------------------------------------------------------------------------------------------------------------------------------------------------------------------------------
 Aggregate  (cost=687447.71..687447.72 rows=1 width=8) (actual time=44012.823..44012.831 rows=1 loops=1)
   Buffers: shared hit=4155076 read=403190, temp read=1666 written=1666
   ->  Nested Loop  (cost=94615.95..687447.52 rows=79 width=0) (actual time=555.196..44011.019 rows=4470 loops=1)
         Buffers: shared hit=4155076 read=403190, temp read=1666 written=1666
         ->  Seq Scan on info_type it2  (cost=0.00..2.41 rows=1 width=4) (actual time=0.041..0.050 rows=1 loops=1)
               Filter: (id = 7)
               Rows Removed by Filter: 112
               Buffers: shared hit=1
         ->  Nested Loop  (cost=94615.95..687444.31 rows=79 width=4) (actual time=555.153..44009.750 rows=4470 loops=1)
               Buffers: shared hit=4155075 read=403190, temp read=1666 written=1666
               ->  Seq Scan on info_type it1  (cost=0.00..2.41 rows=1 width=4) (actual time=0.008..0.020 rows=1 loops=1)
                     Filter: (id = 3)
                     Rows Removed by Filter: 112
                     Buffers: shared hit=1
               ->  Nested Loop  (cost=94615.95..687441.11 rows=79 width=8) (actual time=555.142..44008.380 rows=4470 loops=1)
                     Buffers: shared hit=4155074 read=403190, temp read=1666 written=1666
                     ->  Hash Join  (cost=94615.52..687005.04 rows=188 width=12) (actual time=534.516..42479.155 rows=42087 loops=1)
                           Hash Cond: (ci.role_id = rt.id)
                           Buffers: shared hit=3989869 read=400047, temp read=1666 written=1666
                           ->  Nested Loop  (cost=94614.36..686995.88 rows=2250 width=16) (actual time=534.365..41868.691 rows=3306381 loops=1)
                                 Buffers: shared hit=3989868 read=400047, temp read=1666 written=1666
                                 ->  Nested Loop  (cost=94613.92..679971.77 rows=157 width=20) (actual time=534.334..10578.344 rows=60488 loops=1)
                                       Buffers: shared hit=799365 read=172365, temp read=1666 written=1666
                                       ->  Hash Join  (cost=94613.48..469313.00 rows=4871 width=12) (actual time=531.205..1551.204 rows=64668 loops=1)
                                             Hash Cond: (mi2.movie_id = t.id)
                                             Buffers: shared hit=11042 read=36499, temp read=1666 written=1666
                                             ->  Bitmap Heap Scan on movie_info mi2  (cost=15888.72..389033.52 rows=73336 width=8) (actual time=40.062..710.380 rows=681480 loops=1)
                                                   Recheck Cond: (info_type_id = 7)
                                                   Filter: ((info)::text = ANY ('{"OFM:35 mm",PCS:Spherical,"PFM:35 mm","RAT:1.85 : 1"}'::text[]))
                                                   Rows Removed by Filter: 720422
                                                   Heap Blocks: exact=10050
                                                   Buffers: shared hit=1057 read=10092
                                                   ->  Bitmap Index Scan on info_type_id_movie_info  (cost=0.00..15870.39 rows=1484527 width=0) (actual time=38.806..38.806 rows=1401902 loops=1)
                                                         Index Cond: (info_type_id = 7)
                                                         Buffers: shared hit=1 read=1098
                                             ->  Hash  (cost=75968.50..75968.50 rows=167941 width=4) (actual time=489.849..489.852 rows=342123 loops=1)
                                                   Buckets: 262144  Batches: 2  Memory Usage: 8082kB
                                                   Buffers: shared hit=9985 read=26407, temp written=499
                                                   ->  Hash Join  (cost=1.13..75968.50 rows=167941 width=4) (actual time=0.047..433.513 rows=342123 loops=1)
                                                         Hash Cond: (t.kind_id = kt.id)
                                                         Buffers: shared hit=9985 read=26407
                                                         ->  Seq Scan on title t  (cost=0.00..74315.95 rows=391862 width=8) (actual time=0.026..390.022 rows=386415 loops=1)
                                                               Filter: ((production_year <= 1997) AND (1981 < production_year))
                                                               Rows Removed by Filter: 2141897
                                                               Buffers: shared hit=9984 read=26407
                                                         ->  Hash  (cost=1.10..1.10 rows=3 width=4) (actual time=0.012..0.013 rows=3 loops=1)
                                                               Buckets: 1024  Batches: 1  Memory Usage: 9kB
                                                               Buffers: shared hit=1
                                                               ->  Seq Scan on kind_type kt  (cost=0.00..1.10 rows=3 width=4) (actual time=0.007..0.009 rows=3 loops=1)
                                                                     Filter: ((kind)::text = ANY ('{episode,movie,"tv movie"}'::text[]))
                                                                     Rows Removed by Filter: 4
                                                                     Buffers: shared hit=1
                                       ->  Index Scan using movie_id_movie_info on movie_info mi1  (cost=0.43..43.24 rows=1 width=8) (actual time=0.138..0.139 rows=1 loops=64668)
                                             Index Cond: (movie_id = t.id)
                                             Filter: ((info_type_id = 3) AND ((info)::text = ANY ('{Action,Adventure,Comedy,Documentary,Drama,Horror,Romance,Thriller}'::text[])))
                                             Rows Removed by Filter: 35
                                             Buffers: shared hit=788323 read=135866
                                 ->  Index Scan using movie_id_cast_info on cast_info ci  (cost=0.44..44.36 rows=38 width=12) (actual time=0.035..0.501 rows=55 loops=60488)
                                       Index Cond: (movie_id = t.id)
                                       Buffers: shared hit=3190503 read=227682
                           ->  Hash  (cost=1.15..1.15 rows=1 width=4) (actual time=0.015..0.016 rows=1 loops=1)
                                 Buckets: 1024  Batches: 1  Memory Usage: 9kB
                                 Buffers: shared hit=1
                                 ->  Seq Scan on role_type rt  (cost=0.00..1.15 rows=1 width=4) (actual time=0.009..0.010 rows=1 loops=1)
                                       Filter: ((role)::text = 'costume designer'::text)
                                       Rows Removed by Filter: 11
                                       Buffers: shared hit=1
                     ->  Index Scan using name_pkey on name n  (cost=0.43..2.32 rows=1 width=4) (actual time=0.036..0.036 rows=0 loops=42087)
                           Index Cond: (id = ci.person_id)
                           Filter: ((gender)::text = 'm'::text)
                           Rows Removed by Filter: 1
                           Buffers: shared hit=165205 read=3143
 Planning:
   Buffers: shared hit=574
 Planning Time: 13.481 ms
 Execution Time: 44013.368 ms
(76 rows)

