                                                                                            QUERY PLAN                                                                                            
--------------------------------------------------------------------------------------------------------------------------------------------------------------------------------------------------
 Aggregate  (cost=701683.80..701683.81 rows=1 width=8) (actual time=5981.592..5981.598 rows=1 loops=1)
   Buffers: shared hit=454638 read=114373, temp read=1432 written=1432
   ->  Nested Loop  (cost=484621.30..701683.64 rows=64 width=0) (actual time=889.181..5979.126 rows=27970 loops=1)
         Buffers: shared hit=454638 read=114373, temp read=1432 written=1432
         ->  Seq Scan on info_type it2  (cost=0.00..2.41 rows=1 width=4) (actual time=0.047..0.051 rows=1 loops=1)
               Filter: (id = 7)
               Rows Removed by Filter: 112
               Buffers: shared hit=1
         ->  Nested Loop  (cost=484621.30..701680.59 rows=64 width=4) (actual time=889.132..5976.422 rows=27970 loops=1)
               Buffers: shared hit=454637 read=114373, temp read=1432 written=1432
               ->  Seq Scan on info_type it1  (cost=0.00..2.41 rows=1 width=4) (actual time=0.009..0.014 rows=1 loops=1)
                     Filter: (id = 3)
                     Rows Removed by Filter: 112
                     Buffers: shared hit=1
               ->  Nested Loop  (cost=484621.30..701677.54 rows=64 width=8) (actual time=889.123..5973.493 rows=27970 loops=1)
                     Join Filter: (t.id = mi1.movie_id)
                     Buffers: shared hit=454636 read=114373, temp read=1432 written=1432
                     ->  Nested Loop  (cost=484620.87..635560.01 rows=1560 width=16) (actual time=888.690..3996.901 rows=28218 loops=1)
                           Buffers: shared hit=117375 read=97978, temp read=1432 written=1432
                           ->  Hash Join  (cost=484620.44..619977.48 rows=6718 width=20) (actual time=888.643..3390.680 rows=28222 loops=1)
                                 Hash Cond: (ci.movie_id = t.id)
                                 Buffers: shared hit=14395 read=88070, temp read=1432 written=1432
                                 ->  Nested Loop  (cost=0.44..123965.00 rows=3020080 width=8) (actual time=0.139..1883.603 rows=7451973 loops=1)
                                       Buffers: shared hit=12051 read=42873
                                       ->  Seq Scan on role_type rt  (cost=0.00..1.15 rows=1 width=4) (actual time=0.012..0.014 rows=1 loops=1)
                                             Filter: ((role)::text = 'actress'::text)
                                             Rows Removed by Filter: 11
                                             Buffers: shared hit=1
                                       ->  Index Scan using role_id_cast_info on cast_info ci  (cost=0.44..91017.52 rows=3294633 width=12) (actual time=0.125..1248.875 rows=7451973 loops=1)
                                             Index Cond: (role_id = rt.id)
                                             Buffers: shared hit=12050 read=42873
                                 ->  Hash  (cost=484549.70..484549.70 rows=5624 width=12) (actual time=888.172..888.176 rows=7627 loops=1)
                                       Buckets: 8192  Batches: 1  Memory Usage: 392kB
                                       Buffers: shared hit=2344 read=45197, temp read=1432 written=1432
                                       ->  Hash Join  (cost=94616.32..484549.70 rows=5624 width=12) (actual time=429.103..886.714 rows=7627 loops=1)
                                             Hash Cond: (mi2.movie_id = t.id)
                                             Buffers: shared hit=2344 read=45197, temp read=1432 written=1432
                                             ->  Bitmap Heap Scan on movie_info mi2  (cost=15891.55..404132.19 rows=84668 width=8) (actual time=39.791..373.806 rows=800027 loops=1)
                                                   Recheck Cond: (info_type_id = 7)
                                                   Filter: ((info)::text = ANY ('{"OFM:35 mm","PFM:35 mm",PFM:Video,"RAT:1.33 : 1","RAT:1.85 : 1"}'::text[]))
                                                   Rows Removed by Filter: 601875
                                                   Heap Blocks: exact=10050
                                                   Buffers: shared hit=2343 read=8806
                                                   ->  Bitmap Index Scan on info_type_id_movie_info  (cost=0.00..15870.39 rows=1484527 width=0) (actual time=38.528..38.528 rows=1401902 loops=1)
                                                         Index Cond: (info_type_id = 7)
                                                         Buffers: shared read=1099
                                             ->  Hash  (cost=75968.50..75968.50 rows=167941 width=4) (actual time=388.055..388.057 rows=44292 loops=1)
                                                   Buckets: 262144  Batches: 2  Memory Usage: 2832kB
                                                   Buffers: shared hit=1 read=36391, temp written=64
                                                   ->  Hash Join  (cost=1.13..75968.50 rows=167941 width=4) (actual time=0.062..379.193 rows=44292 loops=1)
                                                         Hash Cond: (t.kind_id = kt.id)
                                                         Buffers: shared hit=1 read=36391
                                                         ->  Seq Scan on title t  (cost=0.00..74315.95 rows=391862 width=8) (actual time=0.026..354.213 rows=386415 loops=1)
                                                               Filter: ((production_year <= 1997) AND (1981 < production_year))
                                                               Rows Removed by Filter: 2141897
                                                               Buffers: shared read=36391
                                                         ->  Hash  (cost=1.10..1.10 rows=3 width=4) (actual time=0.012..0.013 rows=3 loops=1)
                                                               Buckets: 1024  Batches: 1  Memory Usage: 9kB
                                                               Buffers: shared hit=1
                                                               ->  Seq Scan on kind_type kt  (cost=0.00..1.10 rows=3 width=4) (actual time=0.007..0.008 rows=3 loops=1)
                                                                     Filter: ((kind)::text = ANY ('{"tv series","video game","video movie"}'::text[]))
                                                                     Rows Removed by Filter: 4
                                                                     Buffers: shared hit=1
                           ->  Index Scan using name_pkey on name n  (cost=0.43..2.32 rows=1 width=4) (actual time=0.021..0.021 rows=1 loops=28222)
                                 Index Cond: (id = ci.person_id)
                                 Filter: ((gender)::text = 'f'::text)
                                 Rows Removed by Filter: 0
                                 Buffers: shared hit=102980 read=9908
                     ->  Index Scan using movie_id_movie_info on movie_info mi1  (cost=0.43..42.37 rows=1 width=8) (actual time=0.068..0.070 rows=1 loops=28218)
                           Index Cond: (movie_id = ci.movie_id)
                           Filter: ((info_type_id = 3) AND ((info)::text = ANY ('{Adult,Adventure,Comedy,Crime,Drama,Romance,Short,Thriller}'::text[])))
                           Rows Removed by Filter: 15
                           Buffers: shared hit=337261 read=16395
 Planning:
   Buffers: shared hit=481 read=93
 Planning Time: 14.506 ms
 Execution Time: 5982.143 ms
(77 rows)

