                                                                                                                         QUERY PLAN                                                                                                                         
------------------------------------------------------------------------------------------------------------------------------------------------------------------------------------------------------------------------------------------------------------
 Aggregate  (cost=1019045.86..1019045.87 rows=1 width=8) (actual time=31294.340..31294.349 rows=1 loops=1)
   Buffers: shared hit=2983327 read=203366, temp read=3285 written=3285
   ->  Nested Loop  (cost=507759.47..1019042.70 rows=1266 width=0) (actual time=1138.051..31218.713 rows=453480 loops=1)
         Buffers: shared hit=2983327 read=203366, temp read=3285 written=3285
         ->  Hash Join  (cost=507759.04..1012044.71 rows=3017 width=4) (actual time=1138.016..13864.279 rows=487303 loops=1)
               Hash Cond: (ci.role_id = rt.id)
               Buffers: shared hit=1069014 read=168467, temp read=3285 written=3285
               ->  Nested Loop  (cost=507757.87..1011979.22 rows=18104 width=8) (actual time=1137.955..13533.565 rows=1106449 loops=1)
                     Buffers: shared hit=1069013 read=168467, temp read=3285 written=3285
                     ->  Nested Loop  (cost=507757.43..956789.02 rows=1263 width=12) (actual time=1137.918..2296.415 rows=30832 loops=1)
                           Buffers: shared hit=8645 read=49873, temp read=3285 written=3285
                           ->  Seq Scan on info_type it2  (cost=0.00..2.41 rows=1 width=4) (actual time=0.031..0.040 rows=1 loops=1)
                                 Filter: (id = 7)
                                 Rows Removed by Filter: 112
                                 Buffers: shared hit=1
                           ->  Nested Loop  (cost=507757.43..956773.98 rows=1263 width=16) (actual time=1137.885..2288.647 rows=30832 loops=1)
                                 Buffers: shared hit=8644 read=49873, temp read=3285 written=3285
                                 ->  Seq Scan on info_type it1  (cost=0.00..2.41 rows=1 width=4) (actual time=0.008..0.019 rows=1 loops=1)
                                       Filter: (id = 3)
                                       Rows Removed by Filter: 112
                                       Buffers: shared hit=1
                                 ->  Hash Join  (cost=507757.43..956758.94 rows=1263 width=20) (actual time=1137.873..2279.867 rows=30832 loops=1)
                                       Hash Cond: (mi2.movie_id = t.id)
                                       Buffers: shared hit=8643 read=49873, temp read=3285 written=3285
                                       ->  Bitmap Heap Scan on movie_info mi2  (cost=15894.71..464518.72 rows=97300 width=8) (actual time=38.542..962.748 rows=930045 loops=1)
                                             Recheck Cond: (info_type_id = 7)
                                             Filter: ((info)::text = ANY ('{"CAM:Panavision Cameras and Lenses","LAB:FotoKem Laboratory, Burbank (CA), USA","OFM:35 mm",PCS:DV,PCS:Spherical,"PFM:35 mm",PFM:Video,"RAT:1.33 : 1","RAT:16:9 HD"}'::text[]))
                                             Rows Removed by Filter: 471857
                                             Heap Blocks: exact=10050
                                             Buffers: shared hit=566 read=10583
                                             ->  Bitmap Index Scan on info_type_id_movie_info  (cost=0.00..15870.39 rows=1484527 width=0) (actual time=37.289..37.289 rows=1401902 loops=1)
                                                   Index Cond: (info_type_id = 7)
                                                   Buffers: shared read=1099
                                       ->  Hash  (cost=491452.61..491452.61 rows=32808 width=12) (actual time=1098.991..1098.997 rows=87760 loops=1)
                                             Buckets: 131072 (originally 65536)  Batches: 1 (originally 1)  Memory Usage: 4795kB
                                             Buffers: shared hit=8077 read=39290, temp read=3285 written=3285
                                             ->  Hash Join  (cost=113315.49..491452.61 rows=32808 width=12) (actual time=611.291..1083.739 rows=87760 loops=1)
                                                   Hash Cond: (mi1.movie_id = t.id)
                                                   Buffers: shared hit=8077 read=39290, temp read=3285 written=3285
                                                   ->  Bitmap Heap Scan on movie_info mi1  (cost=16472.65..389809.33 rows=96629 width=8) (actual time=37.941..307.129 rows=946676 loops=1)
                                                         Recheck Cond: (info_type_id = 3)
                                                         Filter: ((info)::text = ANY ('{Adventure,Biography,Comedy,Drama,History,Horror,Romance,Sci-Fi,Short}'::text[]))
                                                         Rows Removed by Filter: 587233
                                                         Heap Blocks: exact=9772
                                                         Buffers: shared hit=8076 read=2899
                                                         ->  Bitmap Index Scan on info_type_id_movie_info  (cost=0.00..16448.47 rows=1538671 width=0) (actual time=36.753..36.753 rows=1533909 loops=1)
                                                               Index Cond: (info_type_id = 3)
                                                               Buffers: shared hit=1 read=1202
                                                   ->  Hash  (cost=82758.38..82758.38 rows=858437 width=4) (actual time=572.314..572.318 rows=174146 loops=1)
                                                         Buckets: 262144  Batches: 8  Memory Usage: 2813kB
                                                         Buffers: shared hit=1 read=36391, temp written=443
                                                         ->  Hash Join  (cost=1.13..82758.38 rows=858437 width=4) (actual time=0.042..546.688 rows=174146 loops=1)
                                                               Hash Cond: (t.kind_id = kt.id)
                                                               Buffers: shared hit=1 read=36391
                                                               ->  Seq Scan on title t  (cost=0.00..74315.95 rows=2003019 width=8) (actual time=0.020..427.273 rows=2004612 loops=1)
                                                                     Filter: ((production_year <= 2015) AND (1975 < production_year))
                                                                     Rows Removed by Filter: 523700
                                                                     Buffers: shared read=36391
                                                               ->  Hash  (cost=1.10..1.10 rows=3 width=4) (actual time=0.012..0.013 rows=3 loops=1)
                                                                     Buckets: 1024  Batches: 1  Memory Usage: 9kB
                                                                     Buffers: shared hit=1
                                                                     ->  Seq Scan on kind_type kt  (cost=0.00..1.10 rows=3 width=4) (actual time=0.007..0.008 rows=3 loops=1)
                                                                           Filter: ((kind)::text = ANY ('{"tv movie","tv series","video game"}'::text[]))
                                                                           Rows Removed by Filter: 4
                                                                           Buffers: shared hit=1
                     ->  Index Scan using movie_id_cast_info on cast_info ci  (cost=0.44..43.32 rows=38 width=12) (actual time=0.035..0.354 rows=36 loops=30832)
                           Index Cond: (movie_id = t.id)
                           Buffers: shared hit=1060368 read=118594
               ->  Hash  (cost=1.15..1.15 rows=2 width=4) (actual time=0.037..0.038 rows=2 loops=1)
                     Buckets: 1024  Batches: 1  Memory Usage: 9kB
                     Buffers: shared hit=1
                     ->  Seq Scan on role_type rt  (cost=0.00..1.15 rows=2 width=4) (actual time=0.024..0.028 rows=2 loops=1)
                           Filter: ((role)::text = ANY ('{actor,writer}'::text[]))
                           Rows Removed by Filter: 10
                           Buffers: shared hit=1
         ->  Index Scan using name_pkey on name n  (cost=0.43..2.32 rows=1 width=4) (actual time=0.035..0.035 rows=1 loops=487303)
               Index Cond: (id = ci.person_id)
               Filter: ((gender)::text = 'm'::text)
               Rows Removed by Filter: 0
               Buffers: shared hit=1914313 read=34899
 Planning:
   Buffers: shared hit=531 read=46
 Planning Time: 13.361 ms
 Execution Time: 31295.158 ms
(84 rows)

