                                                                                                  QUERY PLAN                                                                                                  
--------------------------------------------------------------------------------------------------------------------------------------------------------------------------------------------------------------
 Aggregate  (cost=1004091.24..1004091.25 rows=1 width=8) (actual time=38750.581..38750.590 rows=1 loops=1)
   Buffers: shared hit=3792511 read=114822, temp read=10549 written=9062
   ->  Nested Loop  (cost=883972.66..1004089.95 rows=517 width=0) (actual time=1191.282..38749.126 rows=4013 loops=1)
         Buffers: shared hit=3792511 read=114822, temp read=10549 written=9062
         ->  Seq Scan on info_type it2  (cost=0.00..2.41 rows=1 width=4) (actual time=0.044..0.056 rows=1 loops=1)
               Filter: (id = 7)
               Rows Removed by Filter: 112
               Buffers: shared hit=1
         ->  Nested Loop  (cost=883972.66..1004082.37 rows=517 width=4) (actual time=1191.237..38747.978 rows=4013 loops=1)
               Buffers: shared hit=3792510 read=114822, temp read=10549 written=9062
               ->  Seq Scan on info_type it1  (cost=0.00..2.41 rows=1 width=4) (actual time=0.009..0.024 rows=1 loops=1)
                     Filter: (id = 3)
                     Rows Removed by Filter: 112
                     Buffers: shared hit=1
               ->  Nested Loop  (cost=883972.66..1004074.79 rows=517 width=8) (actual time=1191.227..38746.757 rows=4013 loops=1)
                     Buffers: shared hit=3792509 read=114822, temp read=10549 written=9062
                     ->  Hash Join  (cost=883972.23..1001214.82 rows=1233 width=12) (actual time=1191.194..38064.324 rows=18530 loops=1)
                           Hash Cond: (ci.role_id = rt.id)
                           Buffers: shared hit=3721066 read=112145, temp read=10549 written=9062
                           ->  Nested Loop  (cost=883971.07..1001161.11 rows=14793 width=16) (actual time=1190.863..37914.207 rows=720975 loops=1)
                                 Buffers: shared hit=3721065 read=112145, temp read=10549 written=9062
                                 ->  Nested Loop  (cost=883970.63..956065.08 rows=1032 width=20) (actual time=1190.844..30280.831 rows=19721 loops=1)
                                       Buffers: shared hit=3032804 read=32068, temp read=10549 written=9062
                                       ->  Nested Loop  (cost=883970.49..956006.37 rows=2409 width=24) (actual time=1190.829..30110.676 rows=218045 loops=1)
                                             Buffers: shared hit=3032792 read=32068, temp read=10549 written=9062
                                             ->  Merge Join  (cost=883970.06..885075.63 rows=22366 width=16) (actual time=1190.780..2117.471 rows=760684 loops=1)
                                                   Merge Cond: (mi1.movie_id = mi2.movie_id)
                                                   Buffers: shared hit=11801 read=10323, temp read=10549 written=9062
                                                   ->  Sort  (cost=458341.02..458585.16 rows=97654 width=8) (actual time=659.442..840.851 rows=947383 loops=1)
                                                         Sort Key: mi1.movie_id
                                                         Sort Method: external sort  Disk: 20480kB
                                                         Buffers: shared hit=10975, temp read=5110 written=5123
                                                         ->  Bitmap Heap Scan on movie_info mi1  (cost=16472.88..450247.76 rows=97654 width=8) (actual time=41.386..426.160 rows=947387 loops=1)
                                                               Recheck Cond: (info_type_id = 3)
                                                               Filter: ((info)::text = ANY ('{Comedy,Crime,Drama,Family,Fantasy,Sci-Fi,Short,Thriller}'::text[]))
                                                               Rows Removed by Filter: 586522
                                                               Heap Blocks: exact=9772
                                                               Buffers: shared hit=10975
                                                               ->  Bitmap Index Scan on info_type_id_movie_info  (cost=0.00..16448.47 rows=1538671 width=0) (actual time=40.215..40.215 rows=1533909 loops=1)
                                                                     Index Cond: (info_type_id = 3)
                                                                     Buffers: shared hit=1203
                                                   ->  Sort  (cost=425629.03..425825.85 rows=78729 width=8) (actual time=531.329..758.811 rows=995160 loops=1)
                                                         Sort Key: mi2.movie_id
                                                         Sort Method: external sort  Disk: 15744kB
                                                         Buffers: shared hit=826 read=10323, temp read=4684 written=3939
                                                         ->  Bitmap Heap Scan on movie_info mi2  (cost=15890.07..419226.55 rows=78729 width=8) (actual time=32.947..356.280 rows=728420 loops=1)
                                                               Recheck Cond: (info_type_id = 7)
                                                               Filter: ((info)::text = ANY ('{"OFM:35 mm",PCS:Spherical,"PFM:35 mm","RAT:1.85 : 1","RAT:16:9 HD","RAT:2.35 : 1"}'::text[]))
                                                               Rows Removed by Filter: 673482
                                                               Heap Blocks: exact=10050
                                                               Buffers: shared hit=826 read=10323
                                                               ->  Bitmap Index Scan on info_type_id_movie_info  (cost=0.00..15870.39 rows=1484527 width=0) (actual time=31.703..31.704 rows=1401902 loops=1)
                                                                     Index Cond: (info_type_id = 7)
                                                                     Buffers: shared hit=1 read=1098
                                             ->  Index Scan using title_pkey on title t  (cost=0.43..3.17 rows=1 width=8) (actual time=0.036..0.036 rows=0 loops=760684)
                                                   Index Cond: (id = mi1.movie_id)
                                                   Filter: ((production_year <= 2015) AND (1975 < production_year))
                                                   Rows Removed by Filter: 1
                                                   Buffers: shared hit=3020991 read=21745
                                       ->  Memoize  (cost=0.14..0.16 rows=1 width=4) (actual time=0.000..0.000 rows=0 loops=218045)
                                             Cache Key: t.kind_id
                                             Cache Mode: logical
                                             Hits: 218039  Misses: 6  Evictions: 0  Overflows: 0  Memory Usage: 1kB
                                             Buffers: shared hit=12
                                             ->  Index Scan using kind_type_pkey on kind_type kt  (cost=0.13..0.15 rows=1 width=4) (actual time=0.011..0.011 rows=0 loops=6)
                                                   Index Cond: (id = t.kind_id)
                                                   Filter: ((kind)::text = ANY ('{"tv movie","tv series","video game"}'::text[]))
                                                   Rows Removed by Filter: 0
                                                   Buffers: shared hit=12
                                 ->  Index Scan using movie_id_cast_info on cast_info ci  (cost=0.44..43.32 rows=38 width=12) (actual time=0.038..0.375 rows=37 loops=19721)
                                       Index Cond: (movie_id = t.id)
                                       Buffers: shared hit=688261 read=80077
                           ->  Hash  (cost=1.15..1.15 rows=1 width=4) (actual time=0.017..0.018 rows=1 loops=1)
                                 Buckets: 1024  Batches: 1  Memory Usage: 9kB
                                 Buffers: shared hit=1
                                 ->  Seq Scan on role_type rt  (cost=0.00..1.15 rows=1 width=4) (actual time=0.010..0.011 rows=1 loops=1)
                                       Filter: ((role)::text = 'editor'::text)
                                       Rows Removed by Filter: 11
                                       Buffers: shared hit=1
                     ->  Index Scan using name_pkey on name n  (cost=0.43..2.32 rows=1 width=4) (actual time=0.036..0.036 rows=0 loops=18530)
                           Index Cond: (id = ci.person_id)
                           Filter: ((gender)::text = 'm'::text)
                           Rows Removed by Filter: 1
                           Buffers: shared hit=71443 read=2677
 Planning:
   Buffers: shared hit=574
 Planning Time: 14.151 ms
 Execution Time: 38763.378 ms
(88 rows)

