                                                                                                            QUERY PLAN                                                                                                             
-----------------------------------------------------------------------------------------------------------------------------------------------------------------------------------------------------------------------------------
 Aggregate  (cost=960212.98..960212.99 rows=1 width=8) (actual time=48563.062..48563.071 rows=1 loops=1)
   Buffers: shared hit=4422097 read=545475, temp read=7200 written=6722
   ->  Nested Loop  (cost=894815.02..960211.79 rows=475 width=0) (actual time=1154.287..48540.804 rows=107700 loops=1)
         Buffers: shared hit=4422097 read=545475, temp read=7200 written=6722
         ->  Seq Scan on info_type it2  (cost=0.00..2.41 rows=1 width=4) (actual time=0.041..0.052 rows=1 loops=1)
               Filter: (id = 7)
               Rows Removed by Filter: 112
               Buffers: shared hit=1
         ->  Nested Loop  (cost=894815.02..960204.63 rows=475 width=4) (actual time=1154.244..48516.750 rows=107700 loops=1)
               Buffers: shared hit=4422096 read=545475, temp read=7200 written=6722
               ->  Seq Scan on info_type it1  (cost=0.00..2.41 rows=1 width=4) (actual time=0.010..0.023 rows=1 loops=1)
                     Filter: (id = 3)
                     Rows Removed by Filter: 112
                     Buffers: shared hit=1
               ->  Nested Loop  (cost=894815.02..960197.47 rows=475 width=8) (actual time=1154.232..48490.719 rows=107700 loops=1)
                     Buffers: shared hit=4422095 read=545475, temp read=7200 written=6722
                     ->  Hash Join  (cost=894814.59..957571.77 rows=1132 width=12) (actual time=1153.188..38588.088 rows=271833 loops=1)
                           Hash Cond: (ci.role_id = rt.id)
                           Buffers: shared hit=3406848 read=473390, temp read=7200 written=6722
                           ->  Nested Loop  (cost=894813.41..957546.46 rows=6794 width=16) (actual time=1153.095..38072.470 rows=2376551 loops=1)
                                 Buffers: shared hit=3406847 read=473390, temp read=7200 written=6722
                                 ->  Nested Loop  (cost=894812.97..936815.81 rows=474 width=20) (actual time=1153.067..13409.260 rows=63339 loops=1)
                                       Buffers: shared hit=1340937 read=40595, temp read=7200 written=6722
                                       ->  Nested Loop  (cost=894812.83..936788.26 rows=1107 width=24) (actual time=1152.947..13340.332 rows=71567 loops=1)
                                             Buffers: shared hit=1340925 read=40595, temp read=7200 written=6722
                                             ->  Merge Join  (cost=894812.40..895572.99 rows=11815 width=16) (actual time=1152.846..1696.858 rows=339849 loops=1)
                                                   Merge Cond: (mi1.movie_id = mi2.movie_id)
                                                   Buffers: shared hit=954 read=21170, temp read=7200 written=6722
                                                   ->  Sort  (cost=440973.18..441154.11 rows=72369 width=8) (actual time=607.191..725.379 rows=689806 loops=1)
                                                         Sort Key: mi1.movie_id
                                                         Sort Method: external sort  Disk: 14912kB
                                                         Buffers: shared hit=892 read=10083, temp read=3721 written=3730
                                                         ->  Bitmap Heap Scan on movie_info mi1  (cost=16466.56..435131.89 rows=72369 width=8) (actual time=43.007..435.066 rows=689850 loops=1)
                                                               Recheck Cond: (info_type_id = 3)
                                                               Filter: ((info)::text = ANY ('{Comedy,Crime,Horror,Mystery,Romance,Short,War}'::text[]))
                                                               Rows Removed by Filter: 844059
                                                               Heap Blocks: exact=9772
                                                               Buffers: shared hit=892 read=10083
                                                               ->  Bitmap Index Scan on info_type_id_movie_info  (cost=0.00..16448.47 rows=1538671 width=0) (actual time=41.818..41.818 rows=1533909 loops=1)
                                                                     Index Cond: (info_type_id = 3)
                                                                     Buffers: shared hit=1 read=1202
                                                   ->  Sort  (cost=453839.22..453979.51 rows=56118 width=8) (actual time=545.644..672.604 rows=646234 loops=1)
                                                         Sort Key: mi2.movie_id
                                                         Sort Method: external sort  Disk: 11960kB
                                                         Buffers: shared hit=62 read=11087, temp read=3232 written=2992
                                                         ->  Bitmap Heap Scan on movie_info mi2  (cost=15884.42..449412.58 rows=56118 width=8) (actual time=33.169..409.667 rows=553459 loops=1)
                                                               Recheck Cond: (info_type_id = 7)
                                                               Filter: ((info)::text = ANY ('{"OFM:35 mm",OFM:Digital,OFM:Video,"PCS:Digital Intermediate","PCS:Super 16","RAT:1.33 : 1","RAT:1.66 : 1","RAT:1.78 : 1"}'::text[]))
                                                               Rows Removed by Filter: 848443
                                                               Heap Blocks: exact=10050
                                                               Buffers: shared hit=62 read=11087
                                                               ->  Bitmap Index Scan on info_type_id_movie_info  (cost=0.00..15870.39 rows=1484527 width=0) (actual time=31.942..31.942 rows=1401902 loops=1)
                                                                     Index Cond: (info_type_id = 7)
                                                                     Buffers: shared hit=1 read=1098
                                             ->  Index Scan using title_pkey on title t  (cost=0.43..3.49 rows=1 width=8) (actual time=0.034..0.034 rows=0 loops=339849)
                                                   Index Cond: (id = mi1.movie_id)
                                                   Filter: ((production_year <= 2015) AND (1990 < production_year))
                                                   Rows Removed by Filter: 1
                                                   Buffers: shared hit=1339971 read=19425
                                       ->  Memoize  (cost=0.14..0.16 rows=1 width=4) (actual time=0.000..0.000 rows=1 loops=71567)
                                             Cache Key: t.kind_id
                                             Cache Mode: logical
                                             Hits: 71561  Misses: 6  Evictions: 0  Overflows: 0  Memory Usage: 1kB
                                             Buffers: shared hit=12
                                             ->  Index Scan using kind_type_pkey on kind_type kt  (cost=0.13..0.15 rows=1 width=4) (actual time=0.010..0.010 rows=0 loops=6)
                                                   Index Cond: (id = t.kind_id)
                                                   Filter: ((kind)::text = ANY ('{episode,movie,"video movie"}'::text[]))
                                                   Rows Removed by Filter: 0
                                                   Buffers: shared hit=12
                                 ->  Index Scan using movie_id_cast_info on cast_info ci  (cost=0.44..43.36 rows=38 width=12) (actual time=0.038..0.379 rows=38 loops=63339)
                                       Index Cond: (movie_id = t.id)
                                       Buffers: shared hit=2065910 read=432795
                           ->  Hash  (cost=1.15..1.15 rows=2 width=4) (actual time=0.022..0.022 rows=2 loops=1)
                                 Buckets: 1024  Batches: 1  Memory Usage: 9kB
                                 Buffers: shared hit=1
                                 ->  Seq Scan on role_type rt  (cost=0.00..1.15 rows=2 width=4) (actual time=0.010..0.012 rows=2 loops=1)
                                       Filter: ((role)::text = ANY ('{cinematographer,producer}'::text[]))
                                       Rows Removed by Filter: 10
                                       Buffers: shared hit=1
                     ->  Index Scan using name_pkey on name n  (cost=0.43..2.32 rows=1 width=4) (actual time=0.036..0.036 rows=0 loops=271833)
                           Index Cond: (id = ci.person_id)
                           Filter: ((gender)::text = 'm'::text)
                           Rows Removed by Filter: 1
                           Buffers: shared hit=1015247 read=72085
 Planning:
   Buffers: shared hit=529 read=45
 Planning Time: 13.511 ms
 Execution Time: 48571.429 ms
(88 rows)

