                                                                                            QUERY PLAN                                                                                            
--------------------------------------------------------------------------------------------------------------------------------------------------------------------------------------------------
 Aggregate  (cost=596672.69..596672.70 rows=1 width=8) (actual time=1512.939..1512.945 rows=1 loops=1)
   Buffers: shared hit=60927 read=69710
   ->  Nested Loop  (cost=93584.37..596672.59 rows=39 width=0) (actual time=432.727..1512.857 rows=371 loops=1)
         Buffers: shared hit=60927 read=69710
         ->  Seq Scan on info_type it2  (cost=0.00..2.41 rows=1 width=4) (actual time=0.039..0.043 rows=1 loops=1)
               Filter: (id = 7)
               Rows Removed by Filter: 112
               Buffers: shared hit=1
         ->  Nested Loop  (cost=93584.37..596669.79 rows=39 width=4) (actual time=432.687..1512.753 rows=371 loops=1)
               Buffers: shared hit=60926 read=69710
               ->  Seq Scan on info_type it1  (cost=0.00..2.41 rows=1 width=4) (actual time=0.009..0.016 rows=1 loops=1)
                     Filter: (id = 3)
                     Rows Removed by Filter: 112
                     Buffers: shared hit=1
               ->  Nested Loop  (cost=93584.37..596666.99 rows=39 width=8) (actual time=432.674..1512.670 rows=371 loops=1)
                     Buffers: shared hit=60925 read=69710
                     ->  Hash Join  (cost=93583.94..596448.95 rows=94 width=12) (actual time=411.761..1466.388 rows=1472 loops=1)
                           Hash Cond: (ci.role_id = rt.id)
                           Buffers: shared hit=56104 read=68643
                           ->  Nested Loop  (cost=93582.78..596443.77 rows=1132 width=16) (actual time=411.695..1463.412 rows=26248 loops=1)
                                 Buffers: shared hit=56103 read=68643
                                 ->  Nested Loop  (cost=93582.34..592898.30 rows=79 width=20) (actual time=411.666..1164.236 rows=2590 loops=1)
                                       Buffers: shared hit=33821 read=57952
                                       ->  Hash Join  (cost=93581.91..497079.18 rows=2216 width=12) (actual time=411.565..821.455 rows=3482 loops=1)
                                             Hash Cond: (mi2.movie_id = t.id)
                                             Buffers: shared hit=3153 read=44388
                                             ->  Bitmap Heap Scan on movie_info mi2  (cost=15879.63..419216.11 rows=36968 width=8) (actual time=38.150..400.182 rows=391368 loops=1)
                                                   Recheck Cond: (info_type_id = 7)
                                                   Filter: ((info)::text = ANY ('{MET:,PCS:Spherical,"PFM:16 mm","RAT:1.20 : 1","RAT:1.33 : 1","RAT:1.66 : 1"}'::text[]))
                                                   Rows Removed by Filter: 1010534
                                                   Heap Blocks: exact=10050
                                                   Buffers: shared hit=15 read=11134
                                                   ->  Bitmap Index Scan on info_type_id_movie_info  (cost=0.00..15870.39 rows=1484527 width=0) (actual time=36.880..36.881 rows=1401902 loops=1)
                                                         Index Cond: (info_type_id = 7)
                                                         Buffers: shared read=1099
                                             ->  Hash  (cost=75807.58..75807.58 rows=151576 width=4) (actual time=372.298..372.300 rows=11843 loops=1)
                                                   Buckets: 262144  Batches: 1  Memory Usage: 2465kB
                                                   Buffers: shared hit=3138 read=33254
                                                   ->  Hash Join  (cost=1.13..75807.58 rows=151576 width=4) (actual time=0.129..369.293 rows=11843 loops=1)
                                                         Hash Cond: (t.kind_id = kt.id)
                                                         Buffers: shared hit=3138 read=33254
                                                         ->  Seq Scan on title t  (cost=0.00..74315.95 rows=353677 width=8) (actual time=0.022..349.004 rows=347589 loops=1)
                                                               Filter: ((production_year <= 1975) AND (1925 < production_year))
                                                               Rows Removed by Filter: 2180723
                                                               Buffers: shared hit=3137 read=33254
                                                         ->  Hash  (cost=1.10..1.10 rows=3 width=4) (actual time=0.012..0.013 rows=3 loops=1)
                                                               Buckets: 1024  Batches: 1  Memory Usage: 9kB
                                                               Buffers: shared hit=1
                                                               ->  Seq Scan on kind_type kt  (cost=0.00..1.10 rows=3 width=4) (actual time=0.007..0.008 rows=3 loops=1)
                                                                     Filter: ((kind)::text = ANY ('{"tv series","video game","video movie"}'::text[]))
                                                                     Rows Removed by Filter: 4
                                                                     Buffers: shared hit=1
                                       ->  Index Scan using movie_id_movie_info on movie_info mi1  (cost=0.43..43.23 rows=1 width=8) (actual time=0.096..0.098 rows=1 loops=3482)
                                             Index Cond: (movie_id = t.id)
                                             Filter: ((info_type_id = 3) AND ((info)::text = ANY ('{Animation,Comedy,Drama,Music,Short,War}'::text[])))
                                             Rows Removed by Filter: 18
                                             Buffers: shared hit=30668 read=13564
                                 ->  Index Scan using movie_id_cast_info on cast_info ci  (cost=0.44..44.50 rows=38 width=12) (actual time=0.031..0.114 rows=10 loops=2590)
                                       Index Cond: (movie_id = t.id)
                                       Buffers: shared hit=22282 read=10691
                           ->  Hash  (cost=1.15..1.15 rows=1 width=4) (actual time=0.020..0.021 rows=1 loops=1)
                                 Buckets: 1024  Batches: 1  Memory Usage: 9kB
                                 Buffers: shared hit=1
                                 ->  Seq Scan on role_type rt  (cost=0.00..1.15 rows=1 width=4) (actual time=0.014..0.015 rows=1 loops=1)
                                       Filter: ((role)::text = 'miscellaneous crew'::text)
                                       Rows Removed by Filter: 11
                                       Buffers: shared hit=1
                     ->  Index Scan using name_pkey on name n  (cost=0.43..2.32 rows=1 width=4) (actual time=0.031..0.031 rows=0 loops=1472)
                           Index Cond: (id = ci.person_id)
                           Filter: ((gender)::text = 'm'::text)
                           Rows Removed by Filter: 1
                           Buffers: shared hit=4821 read=1067
 Planning:
   Buffers: shared hit=485 read=89
 Planning Time: 13.411 ms
 Execution Time: 1513.631 ms
(76 rows)

