                                                                                            QUERY PLAN                                                                                            
--------------------------------------------------------------------------------------------------------------------------------------------------------------------------------------------------
 Aggregate  (cost=665094.51..665094.52 rows=1 width=8) (actual time=1687.090..1687.095 rows=1 loops=1)
   Buffers: shared hit=117770 read=33411
   ->  Nested Loop  (cost=93592.18..665094.04 rows=190 width=0) (actual time=415.235..1686.804 rows=1344 loops=1)
         Buffers: shared hit=117770 read=33411
         ->  Hash Join  (cost=93591.75..664416.74 rows=292 width=4) (actual time=412.543..1595.000 rows=2570 loops=1)
               Hash Cond: (ci.role_id = rt.id)
               Buffers: shared hit=108049 read=32852
               ->  Nested Loop  (cost=93590.57..664409.35 rows=1749 width=8) (actual time=412.465..1590.780 rows=25526 loops=1)
                     Buffers: shared hit=108048 read=32852
                     ->  Nested Loop  (cost=93590.13..658934.06 rows=122 width=12) (actual time=412.433..1302.184 rows=3263 loops=1)
                           Buffers: shared hit=75671 read=31382
                           ->  Seq Scan on info_type it2  (cost=0.00..2.41 rows=1 width=4) (actual time=0.025..0.029 rows=1 loops=1)
                                 Filter: (id = 7)
                                 Rows Removed by Filter: 112
                                 Buffers: shared hit=1
                           ->  Nested Loop  (cost=93590.13..658930.43 rows=122 width=16) (actual time=412.406..1301.485 rows=3263 loops=1)
                                 Buffers: shared hit=75670 read=31382
                                 ->  Seq Scan on info_type it1  (cost=0.00..2.41 rows=1 width=4) (actual time=0.008..0.015 rows=1 loops=1)
                                       Filter: (id = 3)
                                       Rows Removed by Filter: 112
                                       Buffers: shared hit=1
                                 ->  Nested Loop  (cost=93590.13..658926.79 rows=122 width=20) (actual time=412.395..1300.829 rows=3263 loops=1)
                                       Buffers: shared hit=75669 read=31382
                                       ->  Hash Join  (cost=93589.70..482126.65 rows=4084 width=12) (actual time=411.511..841.145 rows=4623 loops=1)
                                             Hash Cond: (mi2.movie_id = t.id)
                                             Buffers: shared hit=16355 read=31186
                                             ->  Bitmap Heap Scan on movie_info mi2  (cost=15887.42..404128.06 rows=68128 width=8) (actual time=38.932..400.137 rows=666059 loops=1)
                                                   Recheck Cond: (info_type_id = 7)
                                                   Filter: ((info)::text = ANY ('{"MET:600 m","OFM:35 mm",PCS:Spherical,"RAT:1.33 : 1","RAT:1.37 : 1"}'::text[]))
                                                   Rows Removed by Filter: 735843
                                                   Heap Blocks: exact=10050
                                                   Buffers: shared hit=11149
                                                   ->  Bitmap Index Scan on info_type_id_movie_info  (cost=0.00..15870.39 rows=1484527 width=0) (actual time=37.661..37.662 rows=1401902 loops=1)
                                                         Index Cond: (info_type_id = 7)
                                                         Buffers: shared hit=1099
                                             ->  Hash  (cost=75807.58..75807.58 rows=151576 width=4) (actual time=371.459..371.461 rows=11843 loops=1)
                                                   Buckets: 262144  Batches: 1  Memory Usage: 2465kB
                                                   Buffers: shared hit=5206 read=31186
                                                   ->  Hash Join  (cost=1.13..75807.58 rows=151576 width=4) (actual time=0.123..368.432 rows=11843 loops=1)
                                                         Hash Cond: (t.kind_id = kt.id)
                                                         Buffers: shared hit=5206 read=31186
                                                         ->  Seq Scan on title t  (cost=0.00..74315.95 rows=353677 width=8) (actual time=0.018..347.944 rows=347589 loops=1)
                                                               Filter: ((production_year <= 1975) AND (1925 < production_year))
                                                               Rows Removed by Filter: 2180723
                                                               Buffers: shared hit=5205 read=31186
                                                         ->  Hash  (cost=1.10..1.10 rows=3 width=4) (actual time=0.013..0.013 rows=3 loops=1)
                                                               Buckets: 1024  Batches: 1  Memory Usage: 9kB
                                                               Buffers: shared hit=1
                                                               ->  Seq Scan on kind_type kt  (cost=0.00..1.10 rows=3 width=4) (actual time=0.006..0.007 rows=3 loops=1)
                                                                     Filter: ((kind)::text = ANY ('{"tv series","video game","video movie"}'::text[]))
                                                                     Rows Removed by Filter: 4
                                                                     Buffers: shared hit=1
                                       ->  Index Scan using movie_id_movie_info on movie_info mi1  (cost=0.43..43.28 rows=1 width=8) (actual time=0.095..0.099 rows=1 loops=4623)
                                             Index Cond: (movie_id = t.id)
                                             Filter: ((info_type_id = 3) AND ((info)::text = ANY ('{Animation,Comedy,Crime,Family,Romance,Short,Western}'::text[])))
                                             Rows Removed by Filter: 20
                                             Buffers: shared hit=59314 read=196
                     ->  Index Scan using movie_id_cast_info on cast_info ci  (cost=0.44..44.50 rows=38 width=12) (actual time=0.029..0.086 rows=8 loops=3263)
                           Index Cond: (movie_id = t.id)
                           Buffers: shared hit=32377 read=1470
               ->  Hash  (cost=1.15..1.15 rows=2 width=4) (actual time=0.041..0.041 rows=2 loops=1)
                     Buckets: 1024  Batches: 1  Memory Usage: 9kB
                     Buffers: shared hit=1
                     ->  Seq Scan on role_type rt  (cost=0.00..1.15 rows=2 width=4) (actual time=0.032..0.034 rows=2 loops=1)
                           Filter: ((role)::text = ANY ('{cinematographer,producer}'::text[]))
                           Rows Removed by Filter: 10
                           Buffers: shared hit=1
         ->  Index Scan using name_pkey on name n  (cost=0.43..2.32 rows=1 width=4) (actual time=0.035..0.035 rows=1 loops=2570)
               Index Cond: (id = ci.person_id)
               Filter: ((gender)::text = ANY ('{f,m}'::text[]))
               Rows Removed by Filter: 0
               Buffers: shared hit=9721 read=559
 Planning:
   Buffers: shared hit=574
 Planning Time: 14.051 ms
 Execution Time: 1687.768 ms
(76 rows)

