                                                                                                   QUERY PLAN                                                                                                   
----------------------------------------------------------------------------------------------------------------------------------------------------------------------------------------------------------------
 Aggregate  (cost=598970.61..598970.62 rows=1 width=8) (actual time=39403.912..39403.922 rows=1 loops=1)
   Buffers: shared hit=3811574 read=269286, temp read=2128 written=2128
   ->  Nested Loop  (cost=92832.87..598970.32 rows=115 width=0) (actual time=465.027..39309.663 rows=545796 loops=1)
         Buffers: shared hit=3811574 read=269286, temp read=2128 written=2128
         ->  Hash Join  (cost=92832.44..598332.45 rows=275 width=4) (actual time=465.004..18696.662 rows=575281 loops=1)
               Hash Cond: (ci.role_id = rt.id)
               Buffers: shared hit=1538626 read=241110, temp read=2128 written=2128
               ->  Nested Loop  (cost=92831.26..598325.43 rows=1648 width=8) (actual time=464.942..18340.542 rows=1119750 loops=1)
                     Buffers: shared hit=1538625 read=241110, temp read=2128 written=2128
                     ->  Nested Loop  (cost=92830.82..593056.13 rows=115 width=12) (actual time=464.913..6595.053 rows=48314 loops=1)
                           Buffers: shared hit=399560 read=141166, temp read=2128 written=2128
                           ->  Seq Scan on info_type it2  (cost=0.00..2.41 rows=1 width=4) (actual time=0.026..0.038 rows=1 loops=1)
                                 Filter: (id = 7)
                                 Rows Removed by Filter: 112
                                 Buffers: shared hit=1
                           ->  Nested Loop  (cost=92830.82..593052.57 rows=115 width=16) (actual time=464.886..6582.826 rows=48314 loops=1)
                                 Buffers: shared hit=399559 read=141166, temp read=2128 written=2128
                                 ->  Seq Scan on info_type it1  (cost=0.00..2.41 rows=1 width=4) (actual time=0.008..0.024 rows=1 loops=1)
                                       Filter: (id = 3)
                                       Rows Removed by Filter: 112
                                       Buffers: shared hit=1
                                 ->  Nested Loop  (cost=92830.82..593049.01 rows=115 width=20) (actual time=464.874..6568.655 rows=48314 loops=1)
                                       Buffers: shared hit=399558 read=141166, temp read=2128 written=2128
                                       ->  Hash Join  (cost=92830.39..466494.19 rows=2881 width=12) (actual time=463.764..1530.009 rows=46483 loops=1)
                                             Hash Cond: (mi1.movie_id = t.id)
                                             Buffers: shared hit=7864 read=39503, temp read=2128 written=2128
                                             ->  Bitmap Heap Scan on movie_info mi1  (cost=16468.38..389805.06 rows=79549 width=8) (actual time=41.470..633.417 rows=751321 loops=1)
                                                   Recheck Cond: (info_type_id = 3)
                                                   Filter: ((info)::text = ANY ('{Adventure,Crime,Documentary,Fantasy,Horror,Romance,Sci-Fi,Short,Thriller}'::text[]))
                                                   Rows Removed by Filter: 782588
                                                   Heap Blocks: exact=9772
                                                   Buffers: shared hit=720 read=10255
                                                   ->  Bitmap Index Scan on info_type_id_movie_info  (cost=0.00..16448.47 rows=1538671 width=0) (actual time=40.281..40.281 rows=1533909 loops=1)
                                                         Index Cond: (info_type_id = 3)
                                                         Buffers: shared hit=1 read=1202
                                             ->  Hash  (cost=75217.46..75217.46 rows=91564 width=4) (actual time=421.232..421.236 rows=204688 loops=1)
                                                   Buckets: 262144 (originally 131072)  Batches: 2 (originally 1)  Memory Usage: 6145kB
                                                   Buffers: shared hit=7144 read=29248, temp written=299
                                                   ->  Hash Join  (cost=1.13..75217.46 rows=91564 width=4) (actual time=0.044..381.423 rows=204688 loops=1)
                                                         Hash Cond: (t.kind_id = kt.id)
                                                         Buffers: shared hit=7144 read=29248
                                                         ->  Seq Scan on title t  (cost=0.00..74315.95 rows=213650 width=8) (actual time=0.024..354.867 rows=212483 loops=1)
                                                               Filter: ((production_year <= 1970) AND (1950 < production_year))
                                                               Rows Removed by Filter: 2315829
                                                               Buffers: shared hit=7143 read=29248
                                                         ->  Hash  (cost=1.10..1.10 rows=3 width=4) (actual time=0.013..0.014 rows=3 loops=1)
                                                               Buckets: 1024  Batches: 1  Memory Usage: 9kB
                                                               Buffers: shared hit=1
                                                               ->  Seq Scan on kind_type kt  (cost=0.00..1.10 rows=3 width=4) (actual time=0.007..0.009 rows=3 loops=1)
                                                                     Filter: ((kind)::text = ANY ('{episode,movie,"tv movie"}'::text[]))
                                                                     Rows Removed by Filter: 4
                                                                     Buffers: shared hit=1
                                       ->  Index Scan using movie_id_movie_info on movie_info mi2  (cost=0.43..43.92 rows=1 width=8) (actual time=0.077..0.108 rows=1 loops=46483)
                                             Index Cond: (movie_id = t.id)
                                             Filter: ((info_type_id = 7) AND ((info)::text = ANY ('{"OFM:16 mm","OFM:35 mm",PCS:Spherical,"PFM:35 mm","RAT:1.33 : 1","RAT:1.37 : 1","RAT:2.35 : 1"}'::text[])))
                                             Rows Removed by Filter: 13
                                             Buffers: shared hit=391694 read=101663
                     ->  Index Scan using movie_id_cast_info on cast_info ci  (cost=0.44..45.44 rows=38 width=12) (actual time=0.035..0.236 rows=23 loops=48314)
                           Index Cond: (movie_id = t.id)
                           Buffers: shared hit=1139065 read=99944
               ->  Hash  (cost=1.15..1.15 rows=2 width=4) (actual time=0.035..0.036 rows=2 loops=1)
                     Buckets: 1024  Batches: 1  Memory Usage: 9kB
                     Buffers: shared hit=1
                     ->  Seq Scan on role_type rt  (cost=0.00..1.15 rows=2 width=4) (actual time=0.025..0.028 rows=2 loops=1)
                           Filter: ((role)::text = ANY ('{actor,cinematographer}'::text[]))
                           Rows Removed by Filter: 10
                           Buffers: shared hit=1
         ->  Index Scan using name_pkey on name n  (cost=0.43..2.32 rows=1 width=4) (actual time=0.035..0.035 rows=1 loops=575281)
               Index Cond: (id = ci.person_id)
               Filter: ((gender)::text = 'm'::text)
               Rows Removed by Filter: 0
               Buffers: shared hit=2272948 read=28176
 Planning:
   Buffers: shared hit=576 read=1
 Planning Time: 12.796 ms
 Execution Time: 39404.597 ms
(76 rows)

