                                                                                                                         QUERY PLAN                                                                                                                          
-------------------------------------------------------------------------------------------------------------------------------------------------------------------------------------------------------------------------------------------------------------
 Aggregate  (cost=650443.82..650443.83 rows=1 width=8) (actual time=212837.697..212837.708 rows=1 loops=1)
   Buffers: shared hit=21607219 read=535833, temp read=2756 written=2756
   ->  Nested Loop  (cost=93546.87..650443.61 rows=84 width=0) (actual time=505.565..212232.742 rows=3336406 loops=1)
         Buffers: shared hit=21607219 read=535833, temp read=2756 written=2756
         ->  Seq Scan on info_type it2  (cost=0.00..2.41 rows=1 width=4) (actual time=0.045..0.057 rows=1 loops=1)
               Filter: (id = 7)
               Rows Removed by Filter: 112
               Buffers: shared hit=1
         ->  Nested Loop  (cost=93546.87..650440.35 rows=84 width=4) (actual time=505.518..211441.082 rows=3336406 loops=1)
               Buffers: shared hit=21607218 read=535833, temp read=2756 written=2756
               ->  Seq Scan on info_type it1  (cost=0.00..2.41 rows=1 width=4) (actual time=0.009..0.024 rows=1 loops=1)
                     Filter: (id = 3)
                     Rows Removed by Filter: 112
                     Buffers: shared hit=1
               ->  Nested Loop  (cost=93546.87..650437.10 rows=84 width=8) (actual time=505.505..210641.839 rows=3336406 loops=1)
                     Buffers: shared hit=21607217 read=535833, temp read=2756 written=2756
                     ->  Hash Join  (cost=93546.44..649973.20 rows=200 width=12) (actual time=505.469..88447.589 rows=3336406 loops=1)
                           Hash Cond: (ci.role_id = rt.id)
                           Buffers: shared hit=8293306 read=504120, temp read=2756 written=2756
                           ->  Nested Loop  (cost=93545.28..649963.53 rows=2394 width=16) (actual time=505.402..86179.087 rows=6569450 loops=1)
                                 Buffers: shared hit=8293305 read=504120, temp read=2756 written=2756
                                 ->  Nested Loop  (cost=93544.84..642468.66 rows=167 width=20) (actual time=505.370..17449.781 rows=257281 loops=1)
                                       Buffers: shared hit=1344584 read=232052, temp read=2756 written=2756
                                       ->  Hash Join  (cost=93544.40..467299.73 rows=4032 width=12) (actual time=505.172..1913.407 rows=129235 loops=1)
                                             Hash Cond: (mi1.movie_id = t.id)
                                             Buffers: shared hit=320 read=47047, temp read=2756 written=2756
                                             ->  Bitmap Heap Scan on movie_info mi1  (cost=16473.71..389810.39 rows=100886 width=8) (actual time=42.375..732.303 rows=976239 loops=1)
                                                   Recheck Cond: (info_type_id = 3)
                                                   Filter: ((info)::text = ANY ('{Action,Comedy,Crime,Drama,History,Horror,Sci-Fi,Short,Thriller}'::text[]))
                                                   Rows Removed by Filter: 557670
                                                   Heap Blocks: exact=9772
                                                   Buffers: shared hit=319 read=10656
                                                   ->  Bitmap Index Scan on info_type_id_movie_info  (cost=0.00..16448.47 rows=1538671 width=0) (actual time=41.186..41.187 rows=1533909 loops=1)
                                                         Index Cond: (info_type_id = 3)
                                                         Buffers: shared read=1203
                                             ->  Hash  (cost=75807.56..75807.56 rows=101051 width=4) (actual time=461.719..461.723 rows=318145 loops=1)
                                                   Buckets: 262144 (originally 131072)  Batches: 2 (originally 1)  Memory Usage: 7652kB
                                                   Buffers: shared hit=1 read=36391, temp written=465
                                                   ->  Hash Join  (cost=1.11..75807.56 rows=101051 width=4) (actual time=0.047..406.295 rows=318145 loops=1)
                                                         Hash Cond: (t.kind_id = kt.id)
                                                         Buffers: shared hit=1 read=36391
                                                         ->  Seq Scan on title t  (cost=0.00..74315.95 rows=353677 width=8) (actual time=0.025..365.520 rows=347589 loops=1)
                                                               Filter: ((production_year <= 1975) AND (1925 < production_year))
                                                               Rows Removed by Filter: 2180723
                                                               Buffers: shared read=36391
                                                         ->  Hash  (cost=1.09..1.09 rows=2 width=4) (actual time=0.013..0.014 rows=2 loops=1)
                                                               Buckets: 1024  Batches: 1  Memory Usage: 9kB
                                                               Buffers: shared hit=1
                                                               ->  Seq Scan on kind_type kt  (cost=0.00..1.09 rows=2 width=4) (actual time=0.008..0.009 rows=2 loops=1)
                                                                     Filter: ((kind)::text = ANY ('{episode,movie}'::text[]))
                                                                     Rows Removed by Filter: 5
                                                                     Buffers: shared hit=1
                                       ->  Index Scan using movie_id_movie_info on movie_info mi2  (cost=0.43..43.43 rows=1 width=8) (actual time=0.076..0.119 rows=2 loops=129235)
                                             Index Cond: (movie_id = t.id)
                                             Filter: ((info_type_id = 7) AND ((info)::text = ANY ('{"OFM:16 mm","OFM:35 mm",PCS:Spherical,"PFM:35 mm","RAT:1.20 : 1","RAT:1.33 : 1","RAT:1.37 : 1","RAT:1.66 : 1","RAT:1.85 : 1","RAT:2.35 : 1"}'::text[])))
                                             Rows Removed by Filter: 15
                                             Buffers: shared hit=1344264 read=185005
                                 ->  Index Scan using movie_id_cast_info on cast_info ci  (cost=0.44..44.50 rows=38 width=12) (actual time=0.037..0.258 rows=26 loops=257281)
                                       Index Cond: (movie_id = t.id)
                                       Buffers: shared hit=6948721 read=272068
                           ->  Hash  (cost=1.15..1.15 rows=1 width=4) (actual time=0.032..0.032 rows=1 loops=1)
                                 Buckets: 1024  Batches: 1  Memory Usage: 9kB
                                 Buffers: shared hit=1
                                 ->  Seq Scan on role_type rt  (cost=0.00..1.15 rows=1 width=4) (actual time=0.019..0.024 rows=1 loops=1)
                                       Filter: ((role)::text = 'actor'::text)
                                       Rows Removed by Filter: 11
                                       Buffers: shared hit=1
                     ->  Index Scan using name_pkey on name n  (cost=0.43..2.32 rows=1 width=4) (actual time=0.036..0.036 rows=1 loops=3336406)
                           Index Cond: (id = ci.person_id)
                           Filter: ((gender)::text = 'm'::text)
                           Buffers: shared hit=13313911 read=31713
 Planning:
   Buffers: shared hit=484 read=93
 Planning Time: 13.377 ms
 Execution Time: 212838.348 ms
(75 rows)

