                                                                                               QUERY PLAN                                                                                               
--------------------------------------------------------------------------------------------------------------------------------------------------------------------------------------------------------
 Aggregate  (cost=1022717.16..1022717.17 rows=1 width=8) (actual time=6882.530..6882.537 rows=1 loops=1)
   Buffers: shared hit=485226 read=150619, temp read=3127 written=3127
   ->  Nested Loop  (cost=549613.93..1022712.88 rows=1713 width=0) (actual time=1226.861..6880.364 rows=11415 loops=1)
         Buffers: shared hit=485226 read=150619, temp read=3127 written=3127
         ->  Hash Join  (cost=549613.50..1016617.18 rows=2628 width=4) (actual time=1226.738..6048.324 rows=26378 loops=1)
               Hash Cond: (ci.role_id = rt.id)
               Buffers: shared hit=387495 read=142838, temp read=3127 written=3127
               ->  Nested Loop  (cost=549612.33..1016560.00 rows=15767 width=8) (actual time=1226.457..5984.378 rows=445831 loops=1)
                     Buffers: shared hit=387494 read=142838, temp read=3127 written=3127
                     ->  Nested Loop  (cost=549611.89..968450.89 rows=1100 width=12) (actual time=1226.422..1969.697 rows=11503 loops=1)
                           Buffers: shared hit=2919 read=55599, temp read=3127 written=3127
                           ->  Seq Scan on info_type it2  (cost=0.00..2.41 rows=1 width=4) (actual time=0.034..0.040 rows=1 loops=1)
                                 Filter: (id = 7)
                                 Rows Removed by Filter: 112
                                 Buffers: shared hit=1
                           ->  Nested Loop  (cost=549611.89..968437.48 rows=1100 width=16) (actual time=1226.386..1967.527 rows=11503 loops=1)
                                 Buffers: shared hit=2918 read=55599, temp read=3127 written=3127
                                 ->  Seq Scan on info_type it1  (cost=0.00..2.41 rows=1 width=4) (actual time=0.009..0.018 rows=1 loops=1)
                                       Filter: (id = 3)
                                       Rows Removed by Filter: 112
                                       Buffers: shared hit=1
                                 ->  Hash Join  (cost=549611.89..968424.07 rows=1100 width=20) (actual time=1226.373..1965.185 rows=11503 loops=1)
                                       Hash Cond: (mi2.movie_id = t.id)
                                       Buffers: shared hit=2917 read=55599, temp read=3127 written=3127
                                       ->  Bitmap Heap Scan on movie_info mi2  (cost=15894.98..434327.30 rows=98363 width=8) (actual time=38.886..626.834 rows=939972 loops=1)
                                             Recheck Cond: (info_type_id = 7)
                                             Filter: ((info)::text = ANY ('{"OFM:35 mm",OFM:Video,PCS:Spherical,"PFM:16 mm","PFM:35 mm","RAT:1.33 : 1","RAT:1.85 : 1"}'::text[]))
                                             Rows Removed by Filter: 461930
                                             Heap Blocks: exact=10050
                                             Buffers: shared hit=382 read=10767
                                             ->  Bitmap Index Scan on info_type_id_movie_info  (cost=0.00..15870.39 rows=1484527 width=0) (actual time=37.642..37.642 rows=1401902 loops=1)
                                                   Index Cond: (info_type_id = 7)
                                                   Buffers: shared read=1099
                                       ->  Hash  (cost=533363.32..533363.32 rows=28287 width=12) (actual time=1187.214..1187.218 rows=71711 loops=1)
                                             Buckets: 131072 (originally 32768)  Batches: 1 (originally 1)  Memory Usage: 4106kB
                                             Buffers: shared hit=2535 read=44832, temp read=3127 written=3127
                                             ->  Hash Join  (cost=110388.03..533363.32 rows=28287 width=12) (actual time=578.976..1174.756 rows=71711 loops=1)
                                                   Hash Cond: (mi1.movie_id = t.id)
                                                   Buffers: shared hit=2535 read=44832, temp read=3127 written=3127
                                                   ->  Bitmap Heap Scan on movie_info mi1  (cost=16472.41..435137.74 rows=95757 width=8) (actual time=37.576..434.877 rows=924687 loops=1)
                                                         Recheck Cond: (info_type_id = 3)
                                                         Filter: ((info)::text = ANY ('{Adult,Documentary,Drama,Music,Romance,Sci-Fi,Short}'::text[]))
                                                         Rows Removed by Filter: 609222
                                                         Heap Blocks: exact=9772
                                                         Buffers: shared hit=2534 read=8441
                                                         ->  Bitmap Index Scan on info_type_id_movie_info  (cost=0.00..16448.47 rows=1538671 width=0) (actual time=36.396..36.396 rows=1533909 loops=1)
                                                               Index Cond: (info_type_id = 3)
                                                               Buffers: shared hit=1 read=1202
                                                   ->  Hash  (cost=81661.50..81661.50 rows=746890 width=4) (actual time=540.242..540.245 rows=138444 loops=1)
                                                         Buckets: 262144  Batches: 8  Memory Usage: 2656kB
                                                         Buffers: shared hit=1 read=36391, temp written=350
                                                         ->  Hash Join  (cost=1.13..81661.50 rows=746890 width=4) (actual time=0.045..519.397 rows=138444 loops=1)
                                                               Hash Cond: (t.kind_id = kt.id)
                                                               Buffers: shared hit=1 read=36391
                                                               ->  Seq Scan on title t  (cost=0.00..74315.95 rows=1742744 width=8) (actual time=0.023..416.413 rows=1748995 loops=1)
                                                                     Filter: ((production_year <= 2015) AND (1990 < production_year))
                                                                     Rows Removed by Filter: 779317
                                                                     Buffers: shared read=36391
                                                               ->  Hash  (cost=1.10..1.10 rows=3 width=4) (actual time=0.013..0.014 rows=3 loops=1)
                                                                     Buckets: 1024  Batches: 1  Memory Usage: 9kB
                                                                     Buffers: shared hit=1
                                                                     ->  Seq Scan on kind_type kt  (cost=0.00..1.10 rows=3 width=4) (actual time=0.007..0.009 rows=3 loops=1)
                                                                           Filter: ((kind)::text = ANY ('{"tv movie","tv series","video game"}'::text[]))
                                                                           Rows Removed by Filter: 4
                                                                           Buffers: shared hit=1
                     ->  Index Scan using movie_id_cast_info on cast_info ci  (cost=0.44..43.36 rows=38 width=12) (actual time=0.031..0.341 rows=39 loops=11503)
                           Index Cond: (movie_id = t.id)
                           Buffers: shared hit=384575 read=87239
               ->  Hash  (cost=1.15..1.15 rows=2 width=4) (actual time=0.036..0.037 rows=2 loops=1)
                     Buckets: 1024  Batches: 1  Memory Usage: 9kB
                     Buffers: shared hit=1
                     ->  Seq Scan on role_type rt  (cost=0.00..1.15 rows=2 width=4) (actual time=0.024..0.027 rows=2 loops=1)
                           Filter: ((role)::text = ANY ('{"costume designer",writer}'::text[]))
                           Rows Removed by Filter: 10
                           Buffers: shared hit=1
         ->  Index Scan using name_pkey on name n  (cost=0.43..2.32 rows=1 width=4) (actual time=0.031..0.031 rows=0 loops=26378)
               Index Cond: (id = ci.person_id)
               Filter: ((gender)::text = ANY ('{f,m}'::text[]))
               Rows Removed by Filter: 1
               Buffers: shared hit=97731 read=7781
 Planning:
   Buffers: shared hit=483 read=91
 Planning Time: 14.125 ms
 Execution Time: 6883.869 ms
(84 rows)

