                                                                                           QUERY PLAN                                                                                            
-------------------------------------------------------------------------------------------------------------------------------------------------------------------------------------------------
 Aggregate  (cost=344014.67..344014.68 rows=1 width=8) (actual time=299.322..299.328 rows=1 loops=1)
   Buffers: shared hit=13823 read=5019
   ->  Nested Loop  (cost=48525.97..344014.66 rows=3 width=0) (actual time=200.248..299.313 rows=74 loops=1)
         Buffers: shared hit=13823 read=5019
         ->  Seq Scan on info_type it2  (cost=0.00..2.41 rows=1 width=4) (actual time=0.046..0.050 rows=1 loops=1)
               Filter: (id = 7)
               Rows Removed by Filter: 112
               Buffers: shared hit=1
         ->  Nested Loop  (cost=48525.97..344012.22 rows=3 width=4) (actual time=200.200..299.252 rows=74 loops=1)
               Buffers: shared hit=13822 read=5019
               ->  Seq Scan on info_type it1  (cost=0.00..2.41 rows=1 width=4) (actual time=0.007..0.014 rows=1 loops=1)
                     Filter: (id = 3)
                     Rows Removed by Filter: 112
                     Buffers: shared hit=1
               ->  Nested Loop  (cost=48525.97..344009.78 rows=3 width=8) (actual time=200.191..299.228 rows=74 loops=1)
                     Join Filter: (t.id = mi1.movie_id)
                     Buffers: shared hit=13821 read=5019
                     ->  Nested Loop  (cost=48525.53..341212.50 rows=66 width=16) (actual time=200.131..292.375 rows=86 loops=1)
                           Join Filter: (t.id = mi2.movie_id)
                           Buffers: shared hit=12764 read=4825
                           ->  Nested Loop  (cost=48525.10..213963.17 rows=3006 width=8) (actual time=200.052..287.287 rows=42 loops=1)
                                 Buffers: shared hit=12306 read=4694
                                 ->  Hash Join  (cost=48524.67..183943.94 rows=12942 width=12) (actual time=192.476..281.866 rows=454 loops=1)
                                       Hash Cond: (ci.movie_id = t.id)
                                       Buffers: shared hit=10575 read=4609
                                       ->  Nested Loop  (cost=0.44..123965.00 rows=3020080 width=8) (actual time=0.099..65.459 rows=276403 loops=1)
                                             Buffers: shared hit=643 read=1154
                                             ->  Seq Scan on role_type rt  (cost=0.00..1.15 rows=1 width=4) (actual time=0.008..0.011 rows=1 loops=1)
                                                   Filter: ((role)::text = 'costume designer'::text)
                                                   Rows Removed by Filter: 11
                                                   Buffers: shared hit=1
                                             ->  Index Scan using role_id_cast_info on cast_info ci  (cost=0.44..91017.52 rows=3294633 width=12) (actual time=0.088..43.229 rows=276403 loops=1)
                                                   Index Cond: (role_id = rt.id)
                                                   Buffers: shared hit=642 read=1154
                                       ->  Hash  (cost=48388.79..48388.79 rows=10835 width=4) (actual time=191.758..191.760 rows=74873 loops=1)
                                             Buckets: 131072 (originally 16384)  Batches: 1 (originally 1)  Memory Usage: 3657kB
                                             Buffers: shared hit=9932 read=3455
                                             ->  Nested Loop  (cost=4496.00..48388.79 rows=10835 width=4) (actual time=23.535..180.169 rows=74873 loops=1)
                                                   Buffers: shared hit=9932 read=3455
                                                   ->  Seq Scan on kind_type kt  (cost=0.00..1.09 rows=1 width=4) (actual time=0.009..0.012 rows=1 loops=1)
                                                         Filter: ((kind)::text = 'movie'::text)
                                                         Rows Removed by Filter: 6
                                                         Buffers: shared hit=1
                                                   ->  Bitmap Heap Scan on title t  (cost=4496.00..48261.29 rows=12641 width=8) (actual time=23.523..175.448 rows=74873 loops=1)
                                                         Recheck Cond: (kind_id = kt.id)
                                                         Filter: ((production_year <= 1925) AND (1910 < production_year))
                                                         Rows Removed by Filter: 587952
                                                         Heap Blocks: exact=12865
                                                         Buffers: shared hit=9931 read=3455
                                                         ->  Bitmap Index Scan on kind_id_title  (cost=0.00..4492.84 rows=421388 width=0) (actual time=21.150..21.151 rows=662825 loops=1)
                                                               Index Cond: (kind_id = kt.id)
                                                               Buffers: shared read=521
                                 ->  Index Scan using name_pkey on name n  (cost=0.43..2.32 rows=1 width=4) (actual time=0.012..0.012 rows=0 loops=454)
                                       Index Cond: (id = ci.person_id)
                                       Filter: ((gender)::text = 'f'::text)
                                       Rows Removed by Filter: 1
                                       Buffers: shared hit=1731 read=85
                           ->  Index Scan using movie_id_movie_info on movie_info mi2  (cost=0.43..42.32 rows=1 width=8) (actual time=0.069..0.120 rows=2 loops=42)
                                 Index Cond: (movie_id = ci.movie_id)
                                 Filter: ((info_type_id = 7) AND ((info)::text = ANY ('{MET:,"MET:100 m","MET:1500 m","MET:200 m","MET:900 m","OFM:35 mm","PFM:35 mm"}'::text[])))
                                 Rows Removed by Filter: 26
                                 Buffers: shared hit=458 read=131
                     ->  Index Scan using movie_id_movie_info on movie_info mi1  (cost=0.43..42.37 rows=1 width=8) (actual time=0.079..0.079 rows=1 loops=86)
                           Index Cond: (movie_id = ci.movie_id)
                           Filter: ((info_type_id = 3) AND ((info)::text = ANY ('{Adventure,Animation,Comedy,Crime,Documentary,Drama,Short,Western}'::text[])))
                           Rows Removed by Filter: 29
                           Buffers: shared hit=1057 read=194
 Planning:
   Buffers: shared hit=522 read=52
 Planning Time: 13.601 ms
 Execution Time: 299.890 ms
(71 rows)

