                                                                                                      QUERY PLAN                                                                                                       
-----------------------------------------------------------------------------------------------------------------------------------------------------------------------------------------------------------------------
 Aggregate  (cost=403620.93..403620.94 rows=1 width=8) (actual time=2651.828..2651.833 rows=1 loops=1)
   Buffers: shared hit=234957 read=33994
   ->  Nested Loop  (cost=48622.87..403620.92 rows=4 width=0) (actual time=185.479..2651.401 rows=4871 loops=1)
         Buffers: shared hit=234957 read=33994
         ->  Seq Scan on info_type it2  (cost=0.00..2.41 rows=1 width=4) (actual time=0.046..0.050 rows=1 loops=1)
               Filter: (id = 7)
               Rows Removed by Filter: 112
               Buffers: shared hit=1
         ->  Nested Loop  (cost=48622.87..403618.47 rows=4 width=4) (actual time=185.432..2650.865 rows=4871 loops=1)
               Buffers: shared hit=234956 read=33994
               ->  Seq Scan on info_type it1  (cost=0.00..2.41 rows=1 width=4) (actual time=0.009..0.014 rows=1 loops=1)
                     Filter: (id = 3)
                     Rows Removed by Filter: 112
                     Buffers: shared hit=1
               ->  Nested Loop  (cost=48622.87..403616.02 rows=4 width=8) (actual time=185.422..2650.342 rows=4871 loops=1)
                     Join Filter: (t.id = mi2.movie_id)
                     Buffers: shared hit=234955 read=33994
                     ->  Nested Loop  (cost=48622.43..398857.64 rows=112 width=16) (actual time=184.234..2557.925 rows=1278 loops=1)
                           Join Filter: (t.id = mi1.movie_id)
                           Buffers: shared hit=221144 read=33994
                           ->  Nested Loop  (cost=48622.00..225085.68 rows=4105 width=8) (actual time=183.795..2327.953 rows=2406 loops=1)
                                 Buffers: shared hit=204652 read=24450
                                 ->  Hash Join  (cost=48621.57..184088.17 rows=17675 width=12) (actual time=179.438..1297.640 rows=48449 loops=1)
                                       Hash Cond: (ci.movie_id = t.id)
                                       Buffers: shared hit=16142 read=19164
                                       ->  Nested Loop  (cost=0.44..123965.00 rows=3020080 width=8) (actual time=0.232..759.462 rows=2728943 loops=1)
                                             Buffers: shared hit=2755 read=19164
                                             ->  Seq Scan on role_type rt  (cost=0.00..1.15 rows=1 width=4) (actual time=0.009..0.011 rows=1 loops=1)
                                                   Filter: ((role)::text = 'writer'::text)
                                                   Rows Removed by Filter: 11
                                                   Buffers: shared hit=1
                                             ->  Index Scan using role_id_cast_info on cast_info ci  (cost=0.44..91017.52 rows=3294633 width=12) (actual time=0.217..506.926 rows=2728943 loops=1)
                                                   Index Cond: (role_id = rt.id)
                                                   Buffers: shared hit=2754 read=19164
                                       ->  Hash  (cost=48436.16..48436.16 rows=14797 width=4) (actual time=178.716..178.718 rows=103977 loops=1)
                                             Buckets: 131072 (originally 16384)  Batches: 1 (originally 1)  Memory Usage: 4680kB
                                             Buffers: shared hit=13387
                                             ->  Nested Loop  (cost=4497.16..48436.16 rows=14797 width=4) (actual time=21.604..163.975 rows=103977 loops=1)
                                                   Buffers: shared hit=13387
                                                   ->  Seq Scan on kind_type kt  (cost=0.00..1.09 rows=1 width=4) (actual time=0.010..0.012 rows=1 loops=1)
                                                         Filter: ((kind)::text = 'movie'::text)
                                                         Rows Removed by Filter: 6
                                                         Buffers: shared hit=1
                                                   ->  Bitmap Heap Scan on title t  (cost=4497.16..48262.45 rows=17263 width=8) (actual time=21.591..157.771 rows=103977 loops=1)
                                                         Recheck Cond: (kind_id = kt.id)
                                                         Filter: ((production_year <= 1925) AND (1875 < production_year))
                                                         Rows Removed by Filter: 558848
                                                         Heap Blocks: exact=12865
                                                         Buffers: shared hit=13386
                                                         ->  Bitmap Index Scan on kind_id_title  (cost=0.00..4492.84 rows=421388 width=0) (actual time=19.544..19.544 rows=662825 loops=1)
                                                               Index Cond: (kind_id = kt.id)
                                                               Buffers: shared hit=521
                                 ->  Index Scan using name_pkey on name n  (cost=0.43..2.32 rows=1 width=4) (actual time=0.021..0.021 rows=0 loops=48449)
                                       Index Cond: (id = ci.person_id)
                                       Filter: ((gender)::text = 'f'::text)
                                       Rows Removed by Filter: 1
                                       Buffers: shared hit=188510 read=5286
                           ->  Index Scan using movie_id_movie_info on movie_info mi1  (cost=0.43..42.32 rows=1 width=8) (actual time=0.095..0.095 rows=1 loops=2406)
                                 Index Cond: (movie_id = ci.movie_id)
                                 Filter: ((info_type_id = 3) AND ((info)::text = ANY ('{Crime,Documentary,Short,Sport,Thriller,War,Western}'::text[])))
                                 Rows Removed by Filter: 13
                                 Buffers: shared hit=16492 read=9544
                     ->  Index Scan using movie_id_movie_info on movie_info mi2  (cost=0.43..42.47 rows=1 width=8) (actual time=0.043..0.071 rows=4 loops=1278)
                           Index Cond: (movie_id = ci.movie_id)
                           Filter: ((info_type_id = 7) AND ((info)::text = ANY ('{MET:,"MET:15.2 m","MET:23 m","MET:30 m","OFM:35 mm","OFM:68 mm",PCS:Spherical,"PFM:35 mm","RAT:1.33 : 1","RAT:1.36 : 1"}'::text[])))
                           Rows Removed by Filter: 9
                           Buffers: shared hit=13811
 Planning:
   Buffers: shared hit=574
 Planning Time: 12.732 ms
 Execution Time: 2652.454 ms
(71 rows)

