                                                                                            QUERY PLAN                                                                                            
--------------------------------------------------------------------------------------------------------------------------------------------------------------------------------------------------
 Aggregate  (cost=584998.63..584998.64 rows=1 width=8) (actual time=2062.857..2062.864 rows=1 loops=1)
   Buffers: shared hit=106829 read=85206
   ->  Nested Loop  (cost=93831.93..584998.35 rows=111 width=0) (actual time=447.933..2062.627 rows=1120 loops=1)
         Buffers: shared hit=106829 read=85206
         ->  Hash Join  (cost=93831.50..584604.03 rows=170 width=4) (actual time=444.552..1965.437 rows=2974 loops=1)
               Hash Cond: (ci.role_id = rt.id)
               Buffers: shared hit=96055 read=84084
               ->  Nested Loop  (cost=93830.32..584599.24 rows=1018 width=8) (actual time=442.457..1960.992 rows=29823 loops=1)
                     Buffers: shared hit=96054 read=84084
                     ->  Nested Loop  (cost=93829.88..581422.73 rows=71 width=12) (actual time=442.428..1616.411 rows=1892 loops=1)
                           Buffers: shared hit=71463 read=74085
                           ->  Seq Scan on info_type it2  (cost=0.00..2.41 rows=1 width=4) (actual time=0.025..0.030 rows=1 loops=1)
                                 Filter: (id = 7)
                                 Rows Removed by Filter: 112
                                 Buffers: shared read=1
                           ->  Nested Loop  (cost=93829.88..581419.61 rows=71 width=16) (actual time=442.401..1616.034 rows=1892 loops=1)
                                 Buffers: shared hit=71463 read=74084
                                 ->  Seq Scan on info_type it1  (cost=0.00..2.41 rows=1 width=4) (actual time=0.009..0.016 rows=1 loops=1)
                                       Filter: (id = 3)
                                       Rows Removed by Filter: 112
                                       Buffers: shared hit=1
                                 ->  Nested Loop  (cost=93829.88..581416.48 rows=71 width=20) (actual time=442.389..1615.643 rows=1892 loops=1)
                                       Buffers: shared hit=71462 read=74084
                                       ->  Hash Join  (cost=93829.45..482493.52 rows=2301 width=12) (actual time=442.262..840.923 rows=9746 loops=1)
                                             Hash Cond: (mi1.movie_id = t.id)
                                             Buffers: shared hit=2261 read=45106
                                             ->  Bitmap Heap Scan on movie_info mi1  (cost=16461.46..404907.69 rows=51956 width=8) (actual time=41.513..381.780 rows=481816 loops=1)
                                                   Recheck Cond: (info_type_id = 3)
                                                   Filter: ((info)::text = ANY ('{Action,Comedy,Documentary,Romance,Thriller}'::text[]))
                                                   Rows Removed by Filter: 1052093
                                                   Heap Blocks: exact=9772
                                                   Buffers: shared hit=51 read=10924
                                                   ->  Bitmap Index Scan on info_type_id_movie_info  (cost=0.00..16448.47 rows=1538671 width=0) (actual time=40.294..40.295 rows=1533909 loops=1)
                                                         Index Cond: (info_type_id = 3)
                                                         Buffers: shared read=1203
                                             ->  Hash  (cost=75968.48..75968.48 rows=111961 width=4) (actual time=400.216..400.218 rows=23692 loops=1)
                                                   Buckets: 131072  Batches: 1  Memory Usage: 1857kB
                                                   Buffers: shared hit=2210 read=34182
                                                   ->  Hash Join  (cost=1.11..75968.48 rows=111961 width=4) (actual time=0.054..394.803 rows=23692 loops=1)
                                                         Hash Cond: (t.kind_id = kt.id)
                                                         Buffers: shared hit=2210 read=34182
                                                         ->  Seq Scan on title t  (cost=0.00..74315.95 rows=391862 width=8) (actual time=0.021..370.331 rows=386415 loops=1)
                                                               Filter: ((production_year <= 1997) AND (1981 < production_year))
                                                               Rows Removed by Filter: 2141897
                                                               Buffers: shared hit=2209 read=34182
                                                         ->  Hash  (cost=1.09..1.09 rows=2 width=4) (actual time=0.011..0.012 rows=2 loops=1)
                                                               Buckets: 1024  Batches: 1  Memory Usage: 9kB
                                                               Buffers: shared hit=1
                                                               ->  Seq Scan on kind_type kt  (cost=0.00..1.09 rows=2 width=4) (actual time=0.007..0.008 rows=2 loops=1)
                                                                     Filter: ((kind)::text = ANY ('{"tv series","video game"}'::text[]))
                                                                     Rows Removed by Filter: 5
                                                                     Buffers: shared hit=1
                                       ->  Index Scan using movie_id_movie_info on movie_info mi2  (cost=0.43..42.98 rows=1 width=8) (actual time=0.069..0.079 rows=0 loops=9746)
                                             Index Cond: (movie_id = t.id)
                                             Filter: ((info_type_id = 7) AND ((info)::text = ANY ('{"OFM:35 mm","PFM:35 mm","RAT:1.33 : 1"}'::text[])))
                                             Rows Removed by Filter: 13
                                             Buffers: shared hit=69201 read=28978
                     ->  Index Scan using movie_id_cast_info on cast_info ci  (cost=0.44..44.36 rows=38 width=12) (actual time=0.034..0.179 rows=16 loops=1892)
                           Index Cond: (movie_id = t.id)
                           Buffers: shared hit=24591 read=9999
               ->  Hash  (cost=1.15..1.15 rows=2 width=4) (actual time=0.034..0.035 rows=2 loops=1)
                     Buckets: 1024  Batches: 1  Memory Usage: 9kB
                     Buffers: shared hit=1
                     ->  Seq Scan on role_type rt  (cost=0.00..1.15 rows=2 width=4) (actual time=0.026..0.028 rows=2 loops=1)
                           Filter: ((role)::text = ANY ('{director,editor}'::text[]))
                           Rows Removed by Filter: 10
                           Buffers: shared hit=1
         ->  Index Scan using name_pkey on name n  (cost=0.43..2.32 rows=1 width=4) (actual time=0.032..0.032 rows=0 loops=2974)
               Index Cond: (id = ci.person_id)
               Filter: ((gender)::text = ANY ('{f,m}'::text[]))
               Rows Removed by Filter: 1
               Buffers: shared hit=10774 read=1122
 Planning:
   Buffers: shared hit=486 read=88
 Planning Time: 13.327 ms
 Execution Time: 2063.474 ms
(76 rows)

