                                                                                                                                QUERY PLAN                                                                                                                                
--------------------------------------------------------------------------------------------------------------------------------------------------------------------------------------------------------------------------------------------------------------------------
 Aggregate  (cost=971257.17..971257.18 rows=1 width=8) (actual time=1249.880..1249.887 rows=1 loops=1)
   Buffers: shared hit=10474 read=47004, temp read=2272 written=2272
   ->  Nested Loop  (cost=560301.79..971256.56 rows=243 width=0) (actual time=1131.292..1249.857 rows=263 loops=1)
         Buffers: shared hit=10474 read=47004, temp read=2272 written=2272
         ->  Seq Scan on info_type it2  (cost=0.00..2.41 rows=1 width=4) (actual time=0.035..0.040 rows=1 loops=1)
               Filter: (id = 7)
               Rows Removed by Filter: 112
               Buffers: shared hit=1
         ->  Nested Loop  (cost=560301.79..971251.72 rows=243 width=4) (actual time=1131.255..1249.792 rows=263 loops=1)
               Buffers: shared hit=10473 read=47004, temp read=2272 written=2272
               ->  Seq Scan on info_type it1  (cost=0.00..2.41 rows=1 width=4) (actual time=0.013..0.018 rows=1 loops=1)
                     Filter: (id = 3)
                     Rows Removed by Filter: 112
                     Buffers: shared hit=1
               ->  Nested Loop  (cost=560301.79..971246.88 rows=243 width=8) (actual time=1131.241..1249.745 rows=263 loops=1)
                     Join Filter: (t.id = mi1.movie_id)
                     Buffers: shared hit=10472 read=47004, temp read=2272 written=2272
                     ->  Nested Loop  (cost=560301.32..748515.11 rows=5277 width=16) (actual time=1131.161..1235.437 rows=187 loops=1)
                           Buffers: shared hit=7976 read=46658, temp read=2272 written=2272
                           ->  Hash Join  (cost=560300.89..695817.94 rows=22719 width=20) (actual time=1129.975..1212.151 rows=1324 loops=1)
                                 Hash Cond: (ci.movie_id = t.id)
                                 Buffers: shared hit=3287 read=46051, temp read=2272 written=2272
                                 ->  Nested Loop  (cost=0.44..123965.00 rows=3020080 width=8) (actual time=0.109..62.783 rows=276403 loops=1)
                                       Buffers: shared hit=612 read=1185
                                       ->  Seq Scan on role_type rt  (cost=0.00..1.15 rows=1 width=4) (actual time=0.010..0.012 rows=1 loops=1)
                                             Filter: ((role)::text = 'costume designer'::text)
                                             Rows Removed by Filter: 11
                                             Buffers: shared hit=1
                                       ->  Index Scan using role_id_cast_info on cast_info ci  (cost=0.44..91017.52 rows=3294633 width=12) (actual time=0.096..40.915 rows=276403 loops=1)
                                             Index Cond: (role_id = rt.id)
                                             Buffers: shared hit=611 read=1185
                                 ->  Hash  (cost=560062.70..560062.70 rows=19020 width=12) (actual time=1129.456..1129.461 rows=8850 loops=1)
                                       Buckets: 32768  Batches: 1  Memory Usage: 637kB
                                       Buffers: shared hit=2675 read=44866, temp read=2272 written=2272
                                       ->  Hash Join  (cost=108039.39..560062.70 rows=19020 width=12) (actual time=588.135..1127.824 rows=8850 loops=1)
                                             Hash Cond: (mi2.movie_id = t.id)
                                             Buffers: shared hit=2675 read=44866, temp read=2272 written=2272
                                             ->  Bitmap Heap Scan on movie_info mi2  (cost=15891.39..464515.40 rows=84027 width=8) (actual time=41.497..434.016 rows=806710 loops=1)
                                                   Recheck Cond: (info_type_id = 7)
                                                   Filter: ((info)::text = ANY ('{"CAM:Arriflex Cameras and Lenses","OFM:35 mm",OFM:Digital,"PCS:Digital Intermediate","PFM:35 mm",PFM:Video,"RAT:1.33 : 1","RAT:1.78 : 1 / (high definition)","RAT:2.35 : 1"}'::text[]))
                                                   Rows Removed by Filter: 595192
                                                   Heap Blocks: exact=10050
                                                   Buffers: shared hit=827 read=10322
                                                   ->  Bitmap Index Scan on info_type_id_movie_info  (cost=0.00..15870.39 rows=1484527 width=0) (actual time=40.246..40.246 rows=1401902 loops=1)
                                                         Index Cond: (info_type_id = 7)
                                                         Buffers: shared read=1099
                                             ->  Hash  (cost=82758.36..82758.36 rows=572291 width=4) (actual time=545.465..545.468 rows=91289 loops=1)
                                                   Buckets: 262144  Batches: 4  Memory Usage: 2850kB
                                                   Buffers: shared hit=1848 read=34544, temp written=199
                                                   ->  Hash Join  (cost=1.11..82758.36 rows=572291 width=4) (actual time=0.046..530.510 rows=91289 loops=1)
                                                         Hash Cond: (t.kind_id = kt.id)
                                                         Buffers: shared hit=1848 read=34544
                                                         ->  Seq Scan on title t  (cost=0.00..74315.95 rows=2003019 width=8) (actual time=0.022..419.387 rows=2004612 loops=1)
                                                               Filter: ((production_year <= 2015) AND (1975 < production_year))
                                                               Rows Removed by Filter: 523700
                                                               Buffers: shared hit=1847 read=34544
                                                         ->  Hash  (cost=1.09..1.09 rows=2 width=4) (actual time=0.013..0.014 rows=2 loops=1)
                                                               Buckets: 1024  Batches: 1  Memory Usage: 9kB
                                                               Buffers: shared hit=1
                                                               ->  Seq Scan on kind_type kt  (cost=0.00..1.09 rows=2 width=4) (actual time=0.007..0.008 rows=2 loops=1)
                                                                     Filter: ((kind)::text = ANY ('{"tv series","video game"}'::text[]))
                                                                     Rows Removed by Filter: 5
                                                                     Buffers: shared hit=1
                           ->  Index Scan using name_pkey on name n  (cost=0.43..2.32 rows=1 width=4) (actual time=0.017..0.017 rows=0 loops=1324)
                                 Index Cond: (id = ci.person_id)
                                 Filter: ((gender)::text = 'f'::text)
                                 Rows Removed by Filter: 1
                                 Buffers: shared hit=4689 read=607
                     ->  Index Scan using movie_id_movie_info on movie_info mi1  (cost=0.46..42.20 rows=1 width=8) (actual time=0.074..0.076 rows=1 loops=187)
                           Index Cond: (movie_id = ci.movie_id)
                           Filter: ((info_type_id = 3) AND ((info)::text = ANY ('{Adventure,Biography,Comedy,Crime,Documentary,Drama,History,Musical,Mystery,Sci-Fi,Short,Sport}'::text[])))
                           Rows Removed by Filter: 28
                           Buffers: shared hit=2496 read=346
 Planning:
   Buffers: shared hit=532 read=45
 Planning Time: 14.943 ms
 Execution Time: 1250.430 ms
(77 rows)

