                                                                                                    QUERY PLAN                                                                                                     
-------------------------------------------------------------------------------------------------------------------------------------------------------------------------------------------------------------------
 Aggregate  (cost=950145.70..950145.71 rows=1 width=8) (actual time=143411.034..143411.042 rows=1 loops=1)
   Buffers: shared hit=14049150 read=783915, temp read=7813 written=7303
   ->  Nested Loop  (cost=865792.01..950144.01 rows=675 width=0) (actual time=1097.125..143079.985 rows=1840529 loops=1)
         Buffers: shared hit=14049150 read=783915, temp read=7813 written=7303
         ->  Seq Scan on info_type it2  (cost=0.00..2.41 rows=1 width=4) (actual time=0.035..0.046 rows=1 loops=1)
               Filter: (id = 7)
               Rows Removed by Filter: 112
               Buffers: shared hit=1
         ->  Nested Loop  (cost=865792.01..950134.85 rows=675 width=4) (actual time=1097.088..142676.596 rows=1840529 loops=1)
               Buffers: shared hit=14049149 read=783915, temp read=7813 written=7303
               ->  Seq Scan on info_type it1  (cost=0.00..2.41 rows=1 width=4) (actual time=0.009..0.021 rows=1 loops=1)
                     Filter: (id = 3)
                     Rows Removed by Filter: 112
                     Buffers: shared hit=1
               ->  Nested Loop  (cost=865792.01..950125.69 rows=675 width=8) (actual time=1097.078..142255.920 rows=1840529 loops=1)
                     Buffers: shared hit=14049148 read=783915, temp read=7813 written=7303
                     ->  Hash Join  (cost=865791.58..946391.26 rows=1610 width=12) (actual time=1097.054..73343.885 rows=1896279 loops=1)
                           Hash Cond: (ci.role_id = rt.id)
                           Buffers: shared hit=6530092 read=717855, temp read=7813 written=7303
                           ->  Nested Loop  (cost=865790.40..946355.77 rows=9661 width=16) (actual time=1097.008..71810.997 rows=5259803 loops=1)
                                 Buffers: shared hit=6530091 read=717855, temp read=7813 written=7303
                                 ->  Nested Loop  (cost=865789.96..916903.52 rows=674 width=20) (actual time=1096.981..17726.481 rows=113298 loops=1)
                                       Buffers: shared hit=1764946 read=22566, temp read=7813 written=7303
                                       ->  Nested Loop  (cost=865789.82..916864.80 rows=1574 width=24) (actual time=1096.615..17586.925 rows=126920 loops=1)
                                             Buffers: shared hit=1764934 read=22566, temp read=7813 written=7303
                                             ->  Merge Join  (cost=865789.39..866645.67 rows=14612 width=16) (actual time=1096.567..1775.438 rows=441344 loops=1)
                                                   Merge Cond: (mi1.movie_id = mi2.movie_id)
                                                   Buffers: shared hit=20712 read=1412, temp read=7813 written=7303
                                                   ->  Sort  (cost=426144.54..426333.41 rows=75549 width=8) (actual time=580.121..716.627 rows=736693 loops=1)
                                                         Sort Key: mi1.movie_id
                                                         Sort Method: external sort  Disk: 15920kB
                                                         Buffers: shared hit=9563 read=1412, temp read=3973 written=3983
                                                         ->  Bitmap Heap Scan on movie_info mi1  (cost=16467.35..420023.13 rows=75549 width=8) (actual time=42.574..398.582 rows=736708 loops=1)
                                                               Recheck Cond: (info_type_id = 3)
                                                               Filter: ((info)::text = ANY ('{Adventure,Crime,Drama,Family,Horror,Short}'::text[]))
                                                               Rows Removed by Filter: 797201
                                                               Heap Blocks: exact=9772
                                                               Buffers: shared hit=9563 read=1412
                                                               ->  Bitmap Index Scan on info_type_id_movie_info  (cost=0.00..16448.47 rows=1538671 width=0) (actual time=41.390..41.390 rows=1533909 loops=1)
                                                                     Index Cond: (info_type_id = 3)
                                                                     Buffers: shared hit=1 read=1202
                                                   ->  Sort  (cost=439644.85..439811.06 rows=66483 width=8) (actual time=516.436..687.911 rows=706179 loops=1)
                                                         Sort Key: mi2.movie_id
                                                         Sort Method: external sort  Disk: 13272kB
                                                         Buffers: shared hit=11149, temp read=3576 written=3320
                                                         ->  Bitmap Heap Scan on movie_info mi2  (cost=15887.01..434319.33 rows=66483 width=8) (actual time=30.660..367.217 rows=614140 loops=1)
                                                               Recheck Cond: (info_type_id = 7)
                                                               Filter: ((info)::text = ANY ('{"CAM:Red One Camera","OFM:35 mm","PCS:Super 35","PFM:35 mm","RAT:1.37 : 1","RAT:1.78 : 1","RAT:2.35 : 1"}'::text[]))
                                                               Rows Removed by Filter: 787762
                                                               Heap Blocks: exact=10050
                                                               Buffers: shared hit=11149
                                                               ->  Bitmap Index Scan on info_type_id_movie_info  (cost=0.00..15870.39 rows=1484527 width=0) (actual time=29.439..29.439 rows=1401902 loops=1)
                                                                     Index Cond: (info_type_id = 7)
                                                                     Buffers: shared hit=1099
                                             ->  Index Scan using title_pkey on title t  (cost=0.43..3.44 rows=1 width=8) (actual time=0.035..0.035 rows=0 loops=441344)
                                                   Index Cond: (id = mi1.movie_id)
                                                   Filter: ((production_year <= 2015) AND (1975 < production_year))
                                                   Rows Removed by Filter: 1
                                                   Buffers: shared hit=1744222 read=21154
                                       ->  Memoize  (cost=0.14..0.16 rows=1 width=4) (actual time=0.000..0.000 rows=1 loops=126920)
                                             Cache Key: t.kind_id
                                             Cache Mode: logical
                                             Hits: 126914  Misses: 6  Evictions: 0  Overflows: 0  Memory Usage: 1kB
                                             Buffers: shared hit=12
                                             ->  Index Scan using kind_type_pkey on kind_type kt  (cost=0.13..0.15 rows=1 width=4) (actual time=0.011..0.011 rows=0 loops=6)
                                                   Index Cond: (id = t.kind_id)
                                                   Filter: ((kind)::text = ANY ('{episode,movie,"video movie"}'::text[]))
                                                   Rows Removed by Filter: 0
                                                   Buffers: shared hit=12
                                 ->  Index Scan using movie_id_cast_info on cast_info ci  (cost=0.44..43.32 rows=38 width=12) (actual time=0.038..0.463 rows=46 loops=113298)
                                       Index Cond: (movie_id = t.id)
                                       Buffers: shared hit=4765145 read=695289
                           ->  Hash  (cost=1.15..1.15 rows=2 width=4) (actual time=0.019..0.020 rows=2 loops=1)
                                 Buckets: 1024  Batches: 1  Memory Usage: 9kB
                                 Buffers: shared hit=1
                                 ->  Seq Scan on role_type rt  (cost=0.00..1.15 rows=2 width=4) (actual time=0.010..0.013 rows=2 loops=1)
                                       Filter: ((role)::text = ANY ('{actor,composer}'::text[]))
                                       Rows Removed by Filter: 10
                                       Buffers: shared hit=1
                     ->  Index Scan using name_pkey on name n  (cost=0.43..2.32 rows=1 width=4) (actual time=0.036..0.036 rows=1 loops=1896279)
                           Index Cond: (id = ci.person_id)
                           Filter: ((gender)::text = 'm'::text)
                           Rows Removed by Filter: 0
                           Buffers: shared hit=7519056 read=66060
 Planning:
   Buffers: shared hit=574
 Planning Time: 13.730 ms
 Execution Time: 143420.492 ms
(88 rows)

