                                                                                                                                                   QUERY PLAN                                                                                                                                                    
-----------------------------------------------------------------------------------------------------------------------------------------------------------------------------------------------------------------------------------------------------------------------------------------------------------------
 Aggregate  (cost=1110507.58..1110507.59 rows=1 width=8) (actual time=178958.037..178958.057 rows=1 loops=1)
   Buffers: shared hit=17073641 read=1241184, temp read=18491 written=18491
   ->  Nested Loop  (cost=557777.99..1110505.60 rows=792 width=0) (actual time=1988.805..178914.786 rows=148055 loops=1)
         Buffers: shared hit=17073641 read=1241184, temp read=18491 written=18491
         ->  Seq Scan on info_type it2  (cost=0.00..2.41 rows=1 width=4) (actual time=0.039..0.050 rows=1 loops=1)
               Filter: (id = 7)
               Rows Removed by Filter: 112
               Buffers: shared hit=1
         ->  Nested Loop  (cost=557777.99..1110495.27 rows=792 width=4) (actual time=1988.764..178877.409 rows=148055 loops=1)
               Buffers: shared hit=17073640 read=1241184, temp read=18491 written=18491
               ->  Seq Scan on info_type it1  (cost=0.00..2.41 rows=1 width=4) (actual time=0.007..0.022 rows=1 loops=1)
                     Filter: (id = 3)
                     Rows Removed by Filter: 112
                     Buffers: shared hit=1
               ->  Nested Loop  (cost=557777.99..1110484.94 rows=792 width=8) (actual time=1988.755..178834.669 rows=148055 loops=1)
                     Buffers: shared hit=17073639 read=1241184, temp read=18491 written=18491
                     ->  Hash Join  (cost=557777.56..1106105.68 rows=1888 width=12) (actual time=1988.040..163866.334 rows=408872 loops=1)
                           Hash Cond: (ci.role_id = rt.id)
                           Buffers: shared hit=15505073 read=1174262, temp read=18491 written=18491
                           ->  Nested Loop  (cost=557776.40..1106024.03 rows=22662 width=16) (actual time=1987.922..160718.255 rows=15580066 loops=1)
                                 Buffers: shared hit=15505072 read=1174262, temp read=18491 written=18491
                                 ->  Hash Join  (cost=557775.96..1036998.09 rows=1581 width=20) (actual time=1987.880..3932.603 rows=468207 loops=1)
                                       Hash Cond: (mi2.movie_id = t.id)
                                       Buffers: shared hit=4313 read=54203, temp read=18491 written=18491
                                       ->  Bitmap Heap Scan on movie_info mi2  (cost=15896.43..494712.12 rows=104167 width=8) (actual time=38.536..897.346 rows=1000958 loops=1)
                                             Recheck Cond: (info_type_id = 7)
                                             Filter: ((info)::text = ANY ('{"CAM:Panavision Cameras and Lenses","CAM:Red One Camera","OFM:35 mm","PCS:Digital Intermediate",PCS:Spherical,"PFM:35 mm","RAT:1.33 : 1","RAT:1.37 : 1","RAT:1.78 : 1 / (high definition)","RAT:1.78 : 1","RAT:1.85 : 1"}'::text[]))
                                             Rows Removed by Filter: 400944
                                             Heap Blocks: exact=10050
                                             Buffers: shared hit=14 read=11135
                                             ->  Bitmap Index Scan on info_type_id_movie_info  (cost=0.00..15870.39 rows=1484527 width=0) (actual time=37.285..37.285 rows=1401902 loops=1)
                                                   Index Cond: (info_type_id = 7)
                                                   Buffers: shared read=1099
                                       ->  Hash  (cost=541399.84..541399.84 rows=38375 width=12) (actual time=1947.613..1947.618 rows=686041 loops=1)
                                             Buckets: 262144 (originally 65536)  Batches: 8 (originally 1)  Memory Usage: 6145kB
                                             Buffers: shared hit=4299 read=43068, temp read=10711 written=13052
                                             ->  Hash Join  (cost=117292.52..541399.84 rows=38375 width=12) (actual time=1013.721..1838.753 rows=686041 loops=1)
                                                   Hash Cond: (mi1.movie_id = t.id)
                                                   Buffers: shared hit=4299 read=43068, temp read=10711 written=10711
                                                   ->  Bitmap Heap Scan on movie_info mi1  (cost=16472.48..435137.81 rows=96064 width=8) (actual time=38.365..431.719 rows=937295 loops=1)
                                                         Recheck Cond: (info_type_id = 3)
                                                         Filter: ((info)::text = ANY ('{Action,Animation,Comedy,Drama,Romance,Short,Western}'::text[]))
                                                         Rows Removed by Filter: 596614
                                                         Heap Blocks: exact=9772
                                                         Buffers: shared hit=4298 read=6677
                                                         ->  Bitmap Index Scan on info_type_id_movie_info  (cost=0.00..16448.47 rows=1538671 width=0) (actual time=37.176..37.176 rows=1533909 loops=1)
                                                               Index Cond: (info_type_id = 3)
                                                               Buffers: shared hit=1 read=1202
                                                   ->  Hash  (cost=84248.88..84248.88 rows=1010013 width=4) (actual time=973.453..973.457 rows=2148656 loops=1)
                                                         Buckets: 262144 (originally 262144)  Batches: 16 (originally 8)  Memory Usage: 6773kB
                                                         Buffers: shared hit=1 read=36391, temp written=5895
                                                         ->  Hash Join  (cost=1.13..84248.88 rows=1010013 width=4) (actual time=0.048..694.117 rows=2148656 loops=1)
                                                               Hash Cond: (t.kind_id = kt.id)
                                                               Buffers: shared hit=1 read=36391
                                                               ->  Seq Scan on title t  (cost=0.00..74315.95 rows=2356696 width=8) (actual time=0.025..436.028 rows=2352201 loops=1)
                                                                     Filter: ((production_year <= 2015) AND (1925 < production_year))
                                                                     Rows Removed by Filter: 176111
                                                                     Buffers: shared read=36391
                                                               ->  Hash  (cost=1.10..1.10 rows=3 width=4) (actual time=0.013..0.015 rows=3 loops=1)
                                                                     Buckets: 1024  Batches: 1  Memory Usage: 9kB
                                                                     Buffers: shared hit=1
                                                                     ->  Seq Scan on kind_type kt  (cost=0.00..1.10 rows=3 width=4) (actual time=0.008..0.009 rows=3 loops=1)
                                                                           Filter: ((kind)::text = ANY ('{episode,movie,"video movie"}'::text[]))
                                                                           Rows Removed by Filter: 4
                                                                           Buffers: shared hit=1
                                 ->  Index Scan using movie_id_cast_info on cast_info ci  (cost=0.44..43.28 rows=38 width=12) (actual time=0.037..0.324 rows=33 loops=468207)
                                       Index Cond: (movie_id = t.id)
                                       Buffers: shared hit=15500759 read=1120059
                           ->  Hash  (cost=1.15..1.15 rows=1 width=4) (actual time=0.015..0.026 rows=1 loops=1)
                                 Buckets: 1024  Batches: 1  Memory Usage: 9kB
                                 Buffers: shared hit=1
                                 ->  Seq Scan on role_type rt  (cost=0.00..1.15 rows=1 width=4) (actual time=0.007..0.008 rows=1 loops=1)
                                       Filter: ((role)::text = 'cinematographer'::text)
                                       Rows Removed by Filter: 11
                                       Buffers: shared hit=1
                     ->  Index Scan using name_pkey on name n  (cost=0.43..2.32 rows=1 width=4) (actual time=0.036..0.036 rows=0 loops=408872)
                           Index Cond: (id = ci.person_id)
                           Filter: ((gender)::text = 'm'::text)
                           Rows Removed by Filter: 1
                           Buffers: shared hit=1568566 read=66922
 Planning:
   Buffers: shared hit=481 read=93
 Planning Time: 13.135 ms
 Execution Time: 178958.791 ms
(84 rows)

