                                                                                            QUERY PLAN                                                                                            
--------------------------------------------------------------------------------------------------------------------------------------------------------------------------------------------------
 Aggregate  (cost=668977.59..668977.60 rows=1 width=8) (actual time=87622.938..87622.948 rows=1 loops=1)
   Buffers: shared hit=8373721 read=762414, temp read=3014 written=3014
   ->  Nested Loop  (cost=95068.76..668977.49 rows=40 width=0) (actual time=582.114..87504.186 rows=620732 loops=1)
         Buffers: shared hit=8373721 read=762414, temp read=3014 written=3014
         ->  Seq Scan on info_type it2  (cost=0.00..2.41 rows=1 width=4) (actual time=0.042..0.054 rows=1 loops=1)
               Filter: (id = 7)
               Rows Removed by Filter: 112
               Buffers: shared hit=1
         ->  Nested Loop  (cost=95068.76..668974.68 rows=40 width=4) (actual time=582.071..87370.780 rows=620732 loops=1)
               Buffers: shared hit=8373720 read=762414, temp read=3014 written=3014
               ->  Seq Scan on info_type it1  (cost=0.00..2.41 rows=1 width=4) (actual time=0.012..0.027 rows=1 loops=1)
                     Filter: (id = 3)
                     Rows Removed by Filter: 112
                     Buffers: shared hit=1
               ->  Nested Loop  (cost=95068.76..668971.87 rows=40 width=8) (actual time=582.056..87227.635 rows=620732 loops=1)
                     Buffers: shared hit=8373719 read=762414, temp read=3014 written=3014
                     ->  Hash Join  (cost=95068.33..668572.91 rows=172 width=12) (actual time=582.015..65313.042 rows=620944 loops=1)
                           Hash Cond: (ci.role_id = rt.id)
                           Buffers: shared hit=5927218 read=725139, temp read=3014 written=3014
                           ->  Nested Loop  (cost=95067.17..668564.42 rows=2064 width=16) (actual time=581.923..64476.294 rows=3512166 loops=1)
                                 Buffers: shared hit=5927217 read=725139, temp read=3014 written=3014
                                 ->  Nested Loop  (cost=95066.73..662174.56 rows=144 width=20) (actual time=581.881..29181.541 rows=102518 loops=1)
                                       Buffers: shared hit=2531968 read=367380, temp read=3014 written=3014
                                       ->  Hash Join  (cost=95066.30..469705.89 rows=4476 width=12) (actual time=562.947..1778.716 rows=235951 loops=1)
                                             Hash Cond: (mi2.movie_id = t.id)
                                             Buffers: shared hit=383 read=47158, temp read=3014 written=3014
                                             ->  Bitmap Heap Scan on movie_info mi2  (cost=15888.52..389033.32 rows=72544 width=8) (actual time=39.145..741.418 rows=672560 loops=1)
                                                   Recheck Cond: (info_type_id = 7)
                                                   Filter: ((info)::text = ANY ('{"OFM:35 mm",PCS:Spherical,"PFM:35 mm","RAT:2.35 : 1"}'::text[]))
                                                   Rows Removed by Filter: 729342
                                                   Heap Blocks: exact=10050
                                                   Buffers: shared hit=382 read=10767
                                                   ->  Bitmap Index Scan on info_type_id_movie_info  (cost=0.00..15870.39 rows=1484527 width=0) (actual time=37.903..37.903 rows=1401902 loops=1)
                                                         Index Cond: (info_type_id = 7)
                                                         Buffers: shared read=1099
                                             ->  Hash  (cost=76617.91..76617.91 rows=155989 width=4) (actual time=522.740..522.743 rows=468350 loops=1)
                                                   Buckets: 262144 (originally 262144)  Batches: 4 (originally 2)  Memory Usage: 6167kB
                                                   Buffers: shared hit=1 read=36391, temp written=1027
                                                   ->  Hash Join  (cost=1.11..76617.91 rows=155989 width=4) (actual time=0.040..444.037 rows=468350 loops=1)
                                                         Hash Cond: (t.kind_id = kt.id)
                                                         Buffers: shared hit=1 read=36391
                                                         ->  Seq Scan on title t  (cost=0.00..74315.95 rows=545963 width=8) (actual time=0.021..381.767 rows=538239 loops=1)
                                                               Filter: ((production_year <= 1990) AND (1950 < production_year))
                                                               Rows Removed by Filter: 1990073
                                                               Buffers: shared read=36391
                                                         ->  Hash  (cost=1.09..1.09 rows=2 width=4) (actual time=0.011..0.013 rows=2 loops=1)
                                                               Buckets: 1024  Batches: 1  Memory Usage: 9kB
                                                               Buffers: shared hit=1
                                                               ->  Seq Scan on kind_type kt  (cost=0.00..1.09 rows=2 width=4) (actual time=0.006..0.008 rows=2 loops=1)
                                                                     Filter: ((kind)::text = ANY ('{episode,movie}'::text[]))
                                                                     Rows Removed by Filter: 5
                                                                     Buffers: shared hit=1
                                       ->  Index Scan using movie_id_movie_info on movie_info mi1  (cost=0.43..42.99 rows=1 width=8) (actual time=0.115..0.115 rows=0 loops=235951)
                                             Index Cond: (movie_id = t.id)
                                             Filter: ((info_type_id = 3) AND ((info)::text = ANY ('{Action,Crime,Drama,Horror,Mystery,Sci-Fi,Short,Thriller}'::text[])))
                                             Rows Removed by Filter: 18
                                             Buffers: shared hit=2531585 read=320222
                                 ->  Index Scan using movie_id_cast_info on cast_info ci  (cost=0.44..43.99 rows=38 width=12) (actual time=0.037..0.334 rows=34 loops=102518)
                                       Index Cond: (movie_id = t.id)
                                       Buffers: shared hit=3395249 read=357759
                           ->  Hash  (cost=1.15..1.15 rows=1 width=4) (actual time=0.017..0.018 rows=1 loops=1)
                                 Buckets: 1024  Batches: 1  Memory Usage: 9kB
                                 Buffers: shared hit=1
                                 ->  Seq Scan on role_type rt  (cost=0.00..1.15 rows=1 width=4) (actual time=0.010..0.012 rows=1 loops=1)
                                       Filter: ((role)::text = 'actress'::text)
                                       Rows Removed by Filter: 11
                                       Buffers: shared hit=1
                     ->  Index Scan using name_pkey on name n  (cost=0.43..2.32 rows=1 width=4) (actual time=0.034..0.034 rows=1 loops=620944)
                           Index Cond: (id = ci.person_id)
                           Filter: ((gender)::text = 'f'::text)
                           Rows Removed by Filter: 0
                           Buffers: shared hit=2446501 read=37275
 Planning:
   Buffers: shared hit=479 read=95
 Planning Time: 14.242 ms
 Execution Time: 87623.609 ms
(76 rows)

