                                                                                            QUERY PLAN                                                                                            
--------------------------------------------------------------------------------------------------------------------------------------------------------------------------------------------------
 Aggregate  (cost=577129.84..577129.85 rows=1 width=8) (actual time=16424.585..16424.594 rows=1 loops=1)
   Buffers: shared hit=1273143 read=392857, temp read=1186 written=1186
   ->  Nested Loop  (cost=94608.18..577129.80 rows=14 width=0) (actual time=523.899..16423.142 rows=4127 loops=1)
         Buffers: shared hit=1273143 read=392857, temp read=1186 written=1186
         ->  Seq Scan on info_type it2  (cost=0.00..2.41 rows=1 width=4) (actual time=0.035..0.044 rows=1 loops=1)
               Filter: (id = 7)
               Rows Removed by Filter: 112
               Buffers: shared hit=1
         ->  Nested Loop  (cost=94608.18..577127.25 rows=14 width=4) (actual time=523.863..16422.116 rows=4127 loops=1)
               Buffers: shared hit=1273142 read=392857, temp read=1186 written=1186
               ->  Seq Scan on info_type it1  (cost=0.00..2.41 rows=1 width=4) (actual time=0.007..0.019 rows=1 loops=1)
                     Filter: (id = 3)
                     Rows Removed by Filter: 112
                     Buffers: shared hit=1
               ->  Nested Loop  (cost=94608.18..577124.70 rows=14 width=8) (actual time=523.853..16420.951 rows=4127 loops=1)
                     Buffers: shared hit=1273141 read=392857, temp read=1186 written=1186
                     ->  Hash Join  (cost=94607.75..576980.89 rows=62 width=12) (actual time=514.381..14542.580 rows=54852 loops=1)
                           Hash Cond: (ci.role_id = rt.id)
                           Buffers: shared hit=1075090 read=371500, temp read=1186 written=1186
                           ->  Nested Loop  (cost=94606.59..576977.08 rows=745 width=16) (actual time=514.242..14398.191 rows=856879 loops=1)
                                 Buffers: shared hit=1075089 read=371500, temp read=1186 written=1186
                                 ->  Nested Loop  (cost=94606.15..574650.62 rows=52 width=20) (actual time=514.203..6011.427 rows=17170 loops=1)
                                       Buffers: shared hit=375173 read=178872, temp read=1186 written=1186
                                       ->  Hash Join  (cost=94605.71..453830.21 rows=2807 width=12) (actual time=512.893..1208.292 rows=36451 loops=1)
                                             Hash Cond: (mi2.movie_id = t.id)
                                             Buffers: shared hit=227 read=47314, temp read=1186 written=1186
                                             ->  Bitmap Heap Scan on movie_info mi2  (cost=15880.95..373929.91 rows=42260 width=8) (actual time=37.461..537.435 rows=400834 loops=1)
                                                   Recheck Cond: (info_type_id = 7)
                                                   Filter: ((info)::text = ANY ('{"OFM:16 mm","OFM:35 mm",PCS:Spherical}'::text[]))
                                                   Rows Removed by Filter: 1001068
                                                   Heap Blocks: exact=10050
                                                   Buffers: shared hit=226 read=10923
                                                   ->  Bitmap Index Scan on info_type_id_movie_info  (cost=0.00..15870.39 rows=1484527 width=0) (actual time=36.211..36.211 rows=1401902 loops=1)
                                                         Index Cond: (info_type_id = 7)
                                                         Buffers: shared read=1099
                                             ->  Hash  (cost=75968.50..75968.50 rows=167941 width=4) (actual time=474.121..474.124 rows=342123 loops=1)
                                                   Buckets: 262144  Batches: 2  Memory Usage: 8082kB
                                                   Buffers: shared hit=1 read=36391, temp written=499
                                                   ->  Hash Join  (cost=1.13..75968.50 rows=167941 width=4) (actual time=0.044..417.846 rows=342123 loops=1)
                                                         Hash Cond: (t.kind_id = kt.id)
                                                         Buffers: shared hit=1 read=36391
                                                         ->  Seq Scan on title t  (cost=0.00..74315.95 rows=391862 width=8) (actual time=0.023..374.135 rows=386415 loops=1)
                                                               Filter: ((production_year <= 1997) AND (1981 < production_year))
                                                               Rows Removed by Filter: 2141897
                                                               Buffers: shared read=36391
                                                         ->  Hash  (cost=1.10..1.10 rows=3 width=4) (actual time=0.014..0.015 rows=3 loops=1)
                                                               Buckets: 1024  Batches: 1  Memory Usage: 9kB
                                                               Buffers: shared hit=1
                                                               ->  Seq Scan on kind_type kt  (cost=0.00..1.10 rows=3 width=4) (actual time=0.008..0.010 rows=3 loops=1)
                                                                     Filter: ((kind)::text = ANY ('{episode,movie,"tv movie"}'::text[]))
                                                                     Rows Removed by Filter: 4
                                                                     Buffers: shared hit=1
                                       ->  Index Scan using movie_id_movie_info on movie_info mi1  (cost=0.43..43.03 rows=1 width=8) (actual time=0.131..0.131 rows=0 loops=36451)
                                             Index Cond: (movie_id = t.id)
                                             Filter: ((info_type_id = 3) AND ((info)::text = ANY ('{Crime,Documentary,Drama,Sci-Fi}'::text[])))
                                             Rows Removed by Filter: 32
                                             Buffers: shared hit=374946 read=131558
                                 ->  Index Scan using movie_id_cast_info on cast_info ci  (cost=0.44..44.36 rows=38 width=12) (actual time=0.035..0.476 rows=50 loops=17170)
                                       Index Cond: (movie_id = t.id)
                                       Buffers: shared hit=699916 read=192628
                           ->  Hash  (cost=1.15..1.15 rows=1 width=4) (actual time=0.013..0.013 rows=1 loops=1)
                                 Buckets: 1024  Batches: 1  Memory Usage: 9kB
                                 Buffers: shared hit=1
                                 ->  Seq Scan on role_type rt  (cost=0.00..1.15 rows=1 width=4) (actual time=0.007..0.008 rows=1 loops=1)
                                       Filter: ((role)::text = 'producer'::text)
                                       Rows Removed by Filter: 11
                                       Buffers: shared hit=1
                     ->  Index Scan using name_pkey on name n  (cost=0.43..2.32 rows=1 width=4) (actual time=0.034..0.034 rows=0 loops=54852)
                           Index Cond: (id = ci.person_id)
                           Filter: ((gender)::text = 'f'::text)
                           Rows Removed by Filter: 1
                           Buffers: shared hit=198051 read=21357
 Planning:
   Buffers: shared hit=480 read=94
 Planning Time: 12.408 ms
 Execution Time: 16425.082 ms
(76 rows)

