                                                                                                                                QUERY PLAN                                                                                                                                 
---------------------------------------------------------------------------------------------------------------------------------------------------------------------------------------------------------------------------------------------------------------------------
 Aggregate  (cost=956821.90..956821.91 rows=1 width=8) (actual time=22335.760..22335.768 rows=1 loops=1)
   Buffers: shared hit=2050973 read=141417, temp read=7507 written=7289
   ->  Nested Loop  (cost=880584.60..956821.20 rows=281 width=0) (actual time=1130.745..22333.370 rows=8682 loops=1)
         Buffers: shared hit=2050973 read=141417, temp read=7507 written=7289
         ->  Seq Scan on info_type it2  (cost=0.00..2.41 rows=1 width=4) (actual time=0.044..0.055 rows=1 loops=1)
               Filter: (id = 7)
               Rows Removed by Filter: 112
               Buffers: shared hit=1
         ->  Nested Loop  (cost=880584.60..956815.97 rows=281 width=4) (actual time=1130.700..22331.187 rows=8682 loops=1)
               Buffers: shared hit=2050972 read=141417, temp read=7507 written=7289
               ->  Seq Scan on info_type it1  (cost=0.00..2.41 rows=1 width=4) (actual time=0.009..0.023 rows=1 loops=1)
                     Filter: (id = 3)
                     Rows Removed by Filter: 112
                     Buffers: shared hit=1
               ->  Nested Loop  (cost=880584.60..956810.75 rows=281 width=8) (actual time=1130.689..22329.008 rows=8682 loops=1)
                     Buffers: shared hit=2050971 read=141417, temp read=7507 written=7289
                     ->  Hash Join  (cost=880584.17..955256.67 rows=670 width=12) (actual time=1130.653..21525.904 rows=20901 loops=1)
                           Hash Cond: (ci.role_id = rt.id)
                           Buffers: shared hit=1978074 read=130710, temp read=7507 written=7289
                           ->  Nested Loop  (cost=880583.01..955226.95 rows=8041 width=16) (actual time=1130.462..21440.307 rows=417757 loops=1)
                                 Buffers: shared hit=1978073 read=130710, temp read=7507 written=7289
                                 ->  Nested Loop  (cost=880582.57..930691.31 rows=561 width=20) (actual time=1130.435..16817.319 rows=10936 loops=1)
                                       Buffers: shared hit=1631980 read=34592, temp read=7507 written=7289
                                       ->  Nested Loop  (cost=880582.42..930658.92 rows=1309 width=24) (actual time=1130.420..16745.640 rows=93315 loops=1)
                                             Buffers: shared hit=1631968 read=34592, temp read=7507 written=7289
                                             ->  Merge Join  (cost=880581.99..881414.73 rows=13970 width=16) (actual time=1130.375..1729.762 rows=411109 loops=1)
                                                   Merge Cond: (mi1.movie_id = mi2.movie_id)
                                                   Buffers: shared hit=11692 read=10432, temp read=7507 written=7289
                                                   ->  Sort  (cost=425678.42..425854.08 rows=70266 width=8) (actual time=558.554..682.291 rows=680894 loops=1)
                                                         Sort Key: mi1.movie_id
                                                         Sort Method: external sort  Disk: 14712kB
                                                         Buffers: shared hit=5786 read=5189, temp read=3672 written=3681
                                                         ->  Bitmap Heap Scan on movie_info mi1  (cost=16466.03..420021.81 rows=70266 width=8) (actual time=42.129..388.947 rows=680904 loops=1)
                                                               Recheck Cond: (info_type_id = 3)
                                                               Filter: ((info)::text = ANY ('{Comedy,Documentary,Drama,Horror,Mystery,Thriller}'::text[]))
                                                               Rows Removed by Filter: 853005
                                                               Heap Blocks: exact=9772
                                                               Buffers: shared hit=5786 read=5189
                                                               ->  Bitmap Index Scan on info_type_id_movie_info  (cost=0.00..16448.47 rows=1538671 width=0) (actual time=40.943..40.943 rows=1533909 loops=1)
                                                                     Index Cond: (info_type_id = 3)
                                                                     Buffers: shared read=1203
                                                   ->  Sort  (cost=454903.58..455074.43 rows=68341 width=8) (actual time=571.810..717.049 rows=712573 loops=1)
                                                         Sort Key: mi2.movie_id
                                                         Sort Method: external sort  Disk: 14424kB
                                                         Buffers: shared hit=5906 read=5243, temp read=3717 written=3608
                                                         ->  Bitmap Heap Scan on movie_info mi2  (cost=15887.47..449415.64 rows=68341 width=8) (actual time=32.722..407.977 rows=667158 loops=1)
                                                               Recheck Cond: (info_type_id = 7)
                                                               Filter: ((info)::text = ANY ('{"CAM:Panavision Cameras and Lenses","CAM:Red One Camera",PCS:Spherical,"PFM:35 mm",PFM:D-Cinema,"RAT:1.33 : 1","RAT:1.78 : 1 / (high definition)","RAT:2.35 : 1"}'::text[]))
                                                               Rows Removed by Filter: 734744
                                                               Heap Blocks: exact=10050
                                                               Buffers: shared hit=5906 read=5243
                                                               ->  Bitmap Index Scan on info_type_id_movie_info  (cost=0.00..15870.39 rows=1484527 width=0) (actual time=31.485..31.485 rows=1401902 loops=1)
                                                                     Index Cond: (info_type_id = 7)
                                                                     Buffers: shared hit=1 read=1098
                                             ->  Index Scan using title_pkey on title t  (cost=0.43..3.52 rows=1 width=8) (actual time=0.036..0.036 rows=0 loops=411109)
                                                   Index Cond: (id = mi1.movie_id)
                                                   Filter: ((production_year <= 2015) AND (1990 < production_year))
                                                   Rows Removed by Filter: 1
                                                   Buffers: shared hit=1620276 read=24160
                                       ->  Memoize  (cost=0.14..0.16 rows=1 width=4) (actual time=0.000..0.000 rows=0 loops=93315)
                                             Cache Key: t.kind_id
                                             Cache Mode: logical
                                             Hits: 93309  Misses: 6  Evictions: 0  Overflows: 0  Memory Usage: 1kB
                                             Buffers: shared hit=12
                                             ->  Index Scan using kind_type_pkey on kind_type kt  (cost=0.13..0.15 rows=1 width=4) (actual time=0.010..0.010 rows=0 loops=6)
                                                   Index Cond: (id = t.kind_id)
                                                   Filter: ((kind)::text = ANY ('{"tv movie","tv series","video game"}'::text[]))
                                                   Rows Removed by Filter: 0
                                                   Buffers: shared hit=12
                                 ->  Index Scan using movie_id_cast_info on cast_info ci  (cost=0.44..43.36 rows=38 width=12) (actual time=0.040..0.411 rows=38 loops=10936)
                                       Index Cond: (movie_id = t.id)
                                       Buffers: shared hit=346093 read=96118
                           ->  Hash  (cost=1.15..1.15 rows=1 width=4) (actual time=0.019..0.020 rows=1 loops=1)
                                 Buckets: 1024  Batches: 1  Memory Usage: 9kB
                                 Buffers: shared hit=1
                                 ->  Seq Scan on role_type rt  (cost=0.00..1.15 rows=1 width=4) (actual time=0.010..0.012 rows=1 loops=1)
                                       Filter: ((role)::text = 'writer'::text)
                                       Rows Removed by Filter: 11
                                       Buffers: shared hit=1
                     ->  Index Scan using name_pkey on name n  (cost=0.43..2.32 rows=1 width=4) (actual time=0.038..0.038 rows=0 loops=20901)
                           Index Cond: (id = ci.person_id)
                           Filter: ((gender)::text = 'm'::text)
                           Rows Removed by Filter: 1
                           Buffers: shared hit=72897 read=10707
 Planning:
   Buffers: shared hit=481 read=93
 Planning Time: 13.950 ms
 Execution Time: 22348.075 ms
(88 rows)

