                                                                                               QUERY PLAN                                                                                               
--------------------------------------------------------------------------------------------------------------------------------------------------------------------------------------------------------
 Aggregate  (cost=627955.98..627955.99 rows=1 width=8) (actual time=25874.293..25874.301 rows=1 loops=1)
   Buffers: shared hit=2224654 read=387034
   ->  Nested Loop  (cost=16455.69..627955.95 rows=12 width=0) (actual time=120.240..25870.371 rows=14002 loops=1)
         Buffers: shared hit=2224654 read=387034
         ->  Seq Scan on info_type it2  (cost=0.00..2.41 rows=1 width=4) (actual time=0.040..0.049 rows=1 loops=1)
               Filter: (id = 7)
               Rows Removed by Filter: 112
               Buffers: shared hit=1
         ->  Nested Loop  (cost=16455.69..627953.42 rows=12 width=4) (actual time=120.198..25866.863 rows=14002 loops=1)
               Buffers: shared hit=2224653 read=387034
               ->  Seq Scan on info_type it1  (cost=0.00..2.41 rows=1 width=4) (actual time=0.007..0.018 rows=1 loops=1)
                     Filter: (id = 3)
                     Rows Removed by Filter: 112
                     Buffers: shared hit=1
               ->  Nested Loop  (cost=16455.69..627950.88 rows=12 width=8) (actual time=120.189..25863.428 rows=14002 loops=1)
                     Buffers: shared hit=2224652 read=387034
                     ->  Hash Join  (cost=16455.26..627834.91 rows=50 width=12) (actual time=62.963..19006.027 rows=187015 loops=1)
                           Hash Cond: (ci.role_id = rt.id)
                           Buffers: shared hit=1529344 read=334282
                           ->  Nested Loop  (cost=16454.10..627831.61 rows=602 width=16) (actual time=62.442..18855.576 rows=563813 loops=1)
                                 Buffers: shared hit=1529343 read=334282
                                 ->  Nested Loop  (cost=16453.66..625994.72 rows=42 width=20) (actual time=62.392..12565.581 rows=10587 loops=1)
                                       Buffers: shared hit=1146810 read=138519
                                       ->  Hash Join  (cost=16453.22..466986.66 rows=3758 width=12) (actual time=42.295..4578.133 rows=71523 loops=1)
                                             Hash Cond: (t.kind_id = kt.id)
                                             Buffers: shared hit=401537 read=30431
                                             ->  Nested Loop  (cost=16452.09..466948.57 rows=8768 width=16) (actual time=41.074..4541.446 rows=86450 loops=1)
                                                   Buffers: shared hit=401536 read=30431
                                                   ->  Bitmap Heap Scan on movie_info mi1  (cost=16451.65..389788.33 rows=12720 width=8) (actual time=41.037..721.039 rows=121306 loops=1)
                                                         Recheck Cond: (info_type_id = 3)
                                                         Filter: ((info)::text = ANY ('{Crime,Fantasy,Sci-Fi,Thriller}'::text[]))
                                                         Rows Removed by Filter: 1412603
                                                         Heap Blocks: exact=9772
                                                         Buffers: shared hit=347 read=10628
                                                         ->  Bitmap Index Scan on info_type_id_movie_info  (cost=0.00..16448.47 rows=1538671 width=0) (actual time=39.829..39.829 rows=1533909 loops=1)
                                                               Index Cond: (info_type_id = 3)
                                                               Buffers: shared read=1203
                                                   ->  Memoize  (cost=0.44..6.16 rows=1 width=8) (actual time=0.031..0.031 rows=1 loops=121306)
                                                         Cache Key: mi1.movie_id
                                                         Cache Mode: logical
                                                         Hits: 16058  Misses: 105248  Evictions: 18096  Overflows: 0  Memory Usage: 8193kB
                                                         Buffers: shared hit=401189 read=19803
                                                         ->  Index Scan using title_pkey on title t  (cost=0.43..6.15 rows=1 width=8) (actual time=0.034..0.034 rows=1 loops=105248)
                                                               Index Cond: (id = mi1.movie_id)
                                                               Filter: ((production_year <= 2015) AND (1990 < production_year))
                                                               Rows Removed by Filter: 0
                                                               Buffers: shared hit=401189 read=19803
                                             ->  Hash  (cost=1.10..1.10 rows=3 width=4) (actual time=0.016..0.016 rows=3 loops=1)
                                                   Buckets: 1024  Batches: 1  Memory Usage: 9kB
                                                   Buffers: shared hit=1
                                                   ->  Seq Scan on kind_type kt  (cost=0.00..1.10 rows=3 width=4) (actual time=0.007..0.009 rows=3 loops=1)
                                                         Filter: ((kind)::text = ANY ('{episode,movie,"video movie"}'::text[]))
                                                         Rows Removed by Filter: 4
                                                         Buffers: shared hit=1
                                       ->  Index Scan using movie_id_movie_info on movie_info mi2  (cost=0.43..42.30 rows=1 width=8) (actual time=0.096..0.111 rows=0 loops=71523)
                                             Index Cond: (movie_id = t.id)
                                             Filter: ((info_type_id = 7) AND ((info)::text = ANY ('{"RAT:1.33 : 1","RAT:16:9 HD","RAT:2.35 : 1"}'::text[])))
                                             Rows Removed by Filter: 23
                                             Buffers: shared hit=745273 read=108088
                                 ->  Index Scan using movie_id_cast_info on cast_info ci  (cost=0.44..43.36 rows=38 width=12) (actual time=0.040..0.578 rows=53 loops=10587)
                                       Index Cond: (movie_id = t.id)
                                       Buffers: shared hit=382533 read=195763
                           ->  Hash  (cost=1.15..1.15 rows=1 width=4) (actual time=0.014..0.015 rows=1 loops=1)
                                 Buckets: 1024  Batches: 1  Memory Usage: 9kB
                                 Buffers: shared hit=1
                                 ->  Seq Scan on role_type rt  (cost=0.00..1.15 rows=1 width=4) (actual time=0.008..0.009 rows=1 loops=1)
                                       Filter: ((role)::text = 'miscellaneous crew'::text)
                                       Rows Removed by Filter: 11
                                       Buffers: shared hit=1
                     ->  Index Scan using name_pkey on name n  (cost=0.43..2.32 rows=1 width=4) (actual time=0.036..0.036 rows=0 loops=187015)
                           Index Cond: (id = ci.person_id)
                           Filter: ((gender)::text = 'f'::text)
                           Rows Removed by Filter: 1
                           Buffers: shared hit=695308 read=52752
 Planning:
   Buffers: shared hit=507 read=67
 Planning Time: 12.614 ms
 Execution Time: 25876.484 ms
(78 rows)

