                                                                                               QUERY PLAN                                                                                               
--------------------------------------------------------------------------------------------------------------------------------------------------------------------------------------------------------
 Aggregate  (cost=401643.43..401643.44 rows=1 width=8) (actual time=2735.341..2735.349 rows=1 loops=1)
   Buffers: shared hit=230936 read=49422
   ->  Nested Loop  (cost=16453.89..401643.43 rows=1 width=0) (actual time=870.054..2735.341 rows=4 loops=1)
         Buffers: shared hit=230936 read=49422
         ->  Hash Join  (cost=16453.46..401641.11 rows=1 width=4) (actual time=870.011..2734.739 rows=28 loops=1)
               Hash Cond: (ci.role_id = rt.id)
               Buffers: shared hit=230832 read=49414
               ->  Nested Loop  (cost=16452.29..401639.90 rows=14 width=8) (actual time=343.618..2731.789 rows=23003 loops=1)
                     Buffers: shared hit=230831 read=49414
                     ->  Nested Loop  (cost=16451.85..401591.55 rows=1 width=12) (actual time=338.428..2448.516 rows=3864 loops=1)
                           Buffers: shared hit=201050 read=45000
                           ->  Nested Loop  (cost=16451.85..401589.13 rows=1 width=16) (actual time=338.421..2380.619 rows=3864 loops=1)
                                 Buffers: shared hit=197186 read=45000
                                 ->  Nested Loop  (cost=16451.85..401586.71 rows=1 width=20) (actual time=338.396..2310.440 rows=3864 loops=1)
                                       Buffers: shared hit=193322 read=45000
                                       ->  Hash Join  (cost=16451.42..400089.53 rows=33 width=12) (actual time=337.630..2030.394 rows=2756 loops=1)
                                             Hash Cond: (t.kind_id = kt.id)
                                             Buffers: shared hit=177508 read=33236
                                             ->  Nested Loop  (cost=16450.32..400087.46 rows=231 width=16) (actual time=337.583..2029.153 rows=2756 loops=1)
                                                   Buffers: shared hit=177507 read=33236
                                                   ->  Bitmap Heap Scan on movie_info mi1  (cost=16449.88..359567.46 rows=5642 width=8) (actual time=41.296..463.901 rows=50197 loops=1)
                                                         Recheck Cond: (info_type_id = 3)
                                                         Filter: ((info)::text = ANY ('{Crime,Sport}'::text[]))
                                                         Rows Removed by Filter: 1483712
                                                         Heap Blocks: exact=9772
                                                         Buffers: shared hit=17 read=10958
                                                         ->  Bitmap Index Scan on info_type_id_movie_info  (cost=0.00..16448.47 rows=1538671 width=0) (actual time=40.094..40.094 rows=1533909 loops=1)
                                                               Index Cond: (info_type_id = 3)
                                                               Buffers: shared read=1203
                                                   ->  Memoize  (cost=0.44..7.22 rows=1 width=8) (actual time=0.031..0.031 rows=0 loops=50197)
                                                         Cache Key: mi1.movie_id
                                                         Cache Mode: logical
                                                         Hits: 255  Misses: 49942  Evictions: 0  Overflows: 0  Memory Usage: 3424kB
                                                         Buffers: shared hit=177490 read=22278
                                                         ->  Index Scan using title_pkey on title t  (cost=0.43..7.21 rows=1 width=8) (actual time=0.030..0.030 rows=0 loops=49942)
                                                               Index Cond: (id = mi1.movie_id)
                                                               Filter: ((production_year <= 1925) AND (1875 < production_year))
                                                               Rows Removed by Filter: 1
                                                               Buffers: shared hit=177490 read=22278
                                             ->  Hash  (cost=1.09..1.09 rows=1 width=4) (actual time=0.019..0.019 rows=1 loops=1)
                                                   Buckets: 1024  Batches: 1  Memory Usage: 9kB
                                                   Buffers: shared hit=1
                                                   ->  Seq Scan on kind_type kt  (cost=0.00..1.09 rows=1 width=4) (actual time=0.009..0.010 rows=1 loops=1)
                                                         Filter: ((kind)::text = 'movie'::text)
                                                         Rows Removed by Filter: 6
                                                         Buffers: shared hit=1
                                       ->  Index Scan using movie_id_movie_info on movie_info mi2  (cost=0.43..45.36 rows=1 width=8) (actual time=0.066..0.101 rows=1 loops=2756)
                                             Index Cond: (movie_id = t.id)
                                             Filter: (((info)::text = ANY ('{PCS:Spherical,"RAT:1.33 : 1"}'::text[])) AND (info_type_id = 7))
                                             Rows Removed by Filter: 10
                                             Buffers: shared hit=15814 read=11764
                                 ->  Seq Scan on info_type it1  (cost=0.00..2.41 rows=1 width=4) (actual time=0.010..0.017 rows=1 loops=3864)
                                       Filter: (id = 3)
                                       Rows Removed by Filter: 112
                                       Buffers: shared hit=3864
                           ->  Seq Scan on info_type it2  (cost=0.00..2.41 rows=1 width=4) (actual time=0.009..0.016 rows=1 loops=3864)
                                 Filter: (id = 7)
                                 Rows Removed by Filter: 112
                                 Buffers: shared hit=3864
                     ->  Index Scan using movie_id_cast_info on cast_info ci  (cost=0.44..47.96 rows=38 width=12) (actual time=0.030..0.072 rows=6 loops=3864)
                           Index Cond: (movie_id = t.id)
                           Buffers: shared hit=29781 read=4414
               ->  Hash  (cost=1.15..1.15 rows=1 width=4) (actual time=0.032..0.032 rows=1 loops=1)
                     Buckets: 1024  Batches: 1  Memory Usage: 9kB
                     Buffers: shared hit=1
                     ->  Seq Scan on role_type rt  (cost=0.00..1.15 rows=1 width=4) (actual time=0.025..0.026 rows=1 loops=1)
                           Filter: ((role)::text = 'production designer'::text)
                           Rows Removed by Filter: 11
                           Buffers: shared hit=1
         ->  Index Scan using name_pkey on name n  (cost=0.43..2.32 rows=1 width=4) (actual time=0.021..0.021 rows=0 loops=28)
               Index Cond: (id = ci.person_id)
               Filter: ((gender)::text = 'm'::text)
               Rows Removed by Filter: 1
               Buffers: shared hit=104 read=8
 Planning:
   Buffers: shared hit=484 read=90
 Planning Time: 12.999 ms
 Execution Time: 2736.507 ms
(78 rows)

