                                                                                            QUERY PLAN                                                                                            
--------------------------------------------------------------------------------------------------------------------------------------------------------------------------------------------------
 Aggregate  (cost=650688.32..650688.33 rows=1 width=8) (actual time=10357.326..10357.335 rows=1 loops=1)
   Buffers: shared hit=776699 read=278717, temp read=1414 written=1414
   ->  Nested Loop  (cost=95189.76..650688.20 rows=49 width=0) (actual time=550.549..10354.833 rows=11750 loops=1)
         Buffers: shared hit=776699 read=278717, temp read=1414 written=1414
         ->  Seq Scan on info_type it2  (cost=0.00..2.41 rows=1 width=4) (actual time=0.047..0.057 rows=1 loops=1)
               Filter: (id = 7)
               Rows Removed by Filter: 112
               Buffers: shared hit=1
         ->  Nested Loop  (cost=95189.76..650685.30 rows=49 width=4) (actual time=550.499..10352.563 rows=11750 loops=1)
               Buffers: shared hit=776698 read=278717, temp read=1414 written=1414
               ->  Seq Scan on info_type it1  (cost=0.00..2.41 rows=1 width=4) (actual time=0.010..0.022 rows=1 loops=1)
                     Filter: (id = 3)
                     Rows Removed by Filter: 112
                     Buffers: shared hit=1
               ->  Nested Loop  (cost=95189.76..650682.40 rows=49 width=8) (actual time=550.486..10350.072 rows=11750 loops=1)
                     Buffers: shared hit=776697 read=278717, temp read=1414 written=1414
                     ->  Hash Join  (cost=95189.33..650411.01 rows=117 width=12) (actual time=550.457..9601.274 rows=21594 loops=1)
                           Hash Cond: (ci.role_id = rt.id)
                           Buffers: shared hit=704031 read=265007, temp read=1414 written=1414
                           ->  Nested Loop  (cost=95188.17..650404.86 rows=1405 width=16) (actual time=550.283..9530.255 rows=486082 loops=1)
                                 Buffers: shared hit=704030 read=265007, temp read=1414 written=1414
                                 ->  Nested Loop  (cost=95187.73..646020.38 rows=98 width=20) (actual time=550.255..4920.659 rows=11880 loops=1)
                                       Buffers: shared hit=316296 read=140847, temp read=1414 written=1414
                                       ->  Hash Join  (cost=95187.29..484978.89 rows=3737 width=12) (actual time=549.500..1340.899 rows=39602 loops=1)
                                             Hash Cond: (mi1.movie_id = t.id)
                                             Buffers: shared hit=15508 read=31859, temp read=1414 written=1414
                                             ->  Bitmap Heap Scan on movie_info mi1  (cost=16462.53..404908.76 rows=56264 width=8) (actual time=43.292..580.713 rows=535033 loops=1)
                                                   Recheck Cond: (info_type_id = 3)
                                                   Filter: ((info)::text = ANY ('{Action,Adult,Mystery,Romance,Short}'::text[]))
                                                   Rows Removed by Filter: 998876
                                                   Heap Blocks: exact=9772
                                                   Buffers: shared hit=683 read=10292
                                                   ->  Bitmap Index Scan on info_type_id_movie_info  (cost=0.00..16448.47 rows=1538671 width=0) (actual time=42.100..42.100 rows=1533909 loops=1)
                                                         Index Cond: (info_type_id = 3)
                                                         Buffers: shared read=1203
                                             ->  Hash  (cost=75968.50..75968.50 rows=167941 width=4) (actual time=505.091..505.094 rows=342123 loops=1)
                                                   Buckets: 262144  Batches: 2  Memory Usage: 8082kB
                                                   Buffers: shared hit=14825 read=21567, temp written=499
                                                   ->  Hash Join  (cost=1.13..75968.50 rows=167941 width=4) (actual time=0.050..448.671 rows=342123 loops=1)
                                                         Hash Cond: (t.kind_id = kt.id)
                                                         Buffers: shared hit=14825 read=21567
                                                         ->  Seq Scan on title t  (cost=0.00..74315.95 rows=391862 width=8) (actual time=0.028..404.873 rows=386415 loops=1)
                                                               Filter: ((production_year <= 1997) AND (1981 < production_year))
                                                               Rows Removed by Filter: 2141897
                                                               Buffers: shared hit=14824 read=21567
                                                         ->  Hash  (cost=1.10..1.10 rows=3 width=4) (actual time=0.013..0.015 rows=3 loops=1)
                                                               Buckets: 1024  Batches: 1  Memory Usage: 9kB
                                                               Buffers: shared hit=1
                                                               ->  Seq Scan on kind_type kt  (cost=0.00..1.10 rows=3 width=4) (actual time=0.008..0.009 rows=3 loops=1)
                                                                     Filter: ((kind)::text = ANY ('{episode,movie,"tv movie"}'::text[]))
                                                                     Rows Removed by Filter: 4
                                                                     Buffers: shared hit=1
                                       ->  Index Scan using movie_id_movie_info on movie_info mi2  (cost=0.43..43.08 rows=1 width=8) (actual time=0.072..0.090 rows=0 loops=39602)
                                             Index Cond: (movie_id = t.id)
                                             Filter: ((info_type_id = 7) AND ((info)::text = ANY ('{"OFM:35 mm",OFM:Video,PCS:Spherical,"PFM:16 mm","RAT:1.33 : 1"}'::text[])))
                                             Rows Removed by Filter: 15
                                             Buffers: shared hit=300788 read=108988
                                 ->  Index Scan using movie_id_cast_info on cast_info ci  (cost=0.44..44.36 rows=38 width=12) (actual time=0.033..0.379 rows=41 loops=11880)
                                       Index Cond: (movie_id = t.id)
                                       Buffers: shared hit=387734 read=124160
                           ->  Hash  (cost=1.15..1.15 rows=1 width=4) (actual time=0.018..0.019 rows=1 loops=1)
                                 Buckets: 1024  Batches: 1  Memory Usage: 9kB
                                 Buffers: shared hit=1
                                 ->  Seq Scan on role_type rt  (cost=0.00..1.15 rows=1 width=4) (actual time=0.010..0.012 rows=1 loops=1)
                                       Filter: ((role)::text = 'writer'::text)
                                       Rows Removed by Filter: 11
                                       Buffers: shared hit=1
                     ->  Index Scan using name_pkey on name n  (cost=0.43..2.32 rows=1 width=4) (actual time=0.034..0.034 rows=1 loops=21594)
                           Index Cond: (id = ci.person_id)
                           Filter: ((gender)::text = 'm'::text)
                           Rows Removed by Filter: 0
                           Buffers: shared hit=72666 read=13710
 Planning:
   Buffers: shared hit=529 read=45
 Planning Time: 14.354 ms
 Execution Time: 10357.962 ms
(76 rows)

