                                                                                                                                              QUERY PLAN                                                                                                                                              
------------------------------------------------------------------------------------------------------------------------------------------------------------------------------------------------------------------------------------------------------------------------------------------------------
 Aggregate  (cost=916008.97..916008.98 rows=1 width=8) (actual time=1888.561..1888.568 rows=1 loops=1)
   Buffers: shared hit=64102 read=57527, temp read=1569 written=1569
   ->  Nested Loop  (cost=585059.01..916008.69 rows=115 width=0) (actual time=1166.790..1888.541 rows=92 loops=1)
         Buffers: shared hit=64102 read=57527, temp read=1569 written=1569
         ->  Seq Scan on info_type it2  (cost=0.00..2.41 rows=1 width=4) (actual time=0.041..0.046 rows=1 loops=1)
               Filter: (id = 7)
               Rows Removed by Filter: 112
               Buffers: shared hit=1
         ->  Nested Loop  (cost=585059.01..916005.12 rows=115 width=4) (actual time=1166.747..1888.479 rows=92 loops=1)
               Buffers: shared hit=64101 read=57527, temp read=1569 written=1569
               ->  Seq Scan on info_type it1  (cost=0.00..2.41 rows=1 width=4) (actual time=0.010..0.016 rows=1 loops=1)
                     Filter: (id = 3)
                     Rows Removed by Filter: 112
                     Buffers: shared hit=1
               ->  Nested Loop  (cost=585059.01..916001.56 rows=115 width=8) (actual time=1166.736..1888.445 rows=92 loops=1)
                     Join Filter: (t.id = mi1.movie_id)
                     Buffers: shared hit=64100 read=57527, temp read=1569 written=1569
                     ->  Nested Loop  (cost=585058.57..757785.71 rows=3733 width=16) (actual time=1166.602..1871.349 rows=156 loops=1)
                           Buffers: shared hit=63200 read=56452, temp read=1569 written=1569
                           ->  Hash Join  (cost=585058.14..720508.71 rows=16071 width=20) (actual time=1165.691..1485.956 rows=16449 loops=1)
                                 Hash Cond: (ci.movie_id = t.id)
                                 Buffers: shared hit=2941 read=50915, temp read=1569 written=1569
                                 ->  Nested Loop  (cost=0.44..123965.00 rows=3020080 width=8) (actual time=0.116..231.979 rows=898389 loops=1)
                                       Buffers: shared hit=2066 read=4249
                                       ->  Seq Scan on role_type rt  (cost=0.00..1.15 rows=1 width=4) (actual time=0.009..0.011 rows=1 loops=1)
                                             Filter: ((role)::text = 'cinematographer'::text)
                                             Rows Removed by Filter: 11
                                             Buffers: shared hit=1
                                       ->  Index Scan using role_id_cast_info on cast_info ci  (cost=0.44..91017.52 rows=3294633 width=12) (actual time=0.105..156.091 rows=898389 loops=1)
                                             Index Cond: (role_id = rt.id)
                                             Buffers: shared hit=2065 read=4249
                                 ->  Hash  (cost=584889.53..584889.53 rows=13454 width=12) (actual time=1165.342..1165.347 rows=26323 loops=1)
                                       Buckets: 32768 (originally 16384)  Batches: 1 (originally 1)  Memory Usage: 1388kB
                                       Buffers: shared hit=875 read=46666, temp read=1569 written=1569
                                       ->  Hash Join  (cost=116698.85..584889.53 rows=13454 width=12) (actual time=635.520..1160.879 rows=26323 loops=1)
                                             Hash Cond: (mi2.movie_id = t.id)
                                             Buffers: shared hit=875 read=46666, temp read=1569 written=1569
                                             ->  Bitmap Heap Scan on movie_info mi2  (cost=15878.81..479598.66 rows=33678 width=8) (actual time=39.157..478.974 rows=347650 loops=1)
                                                   Recheck Cond: (info_type_id = 7)
                                                   Filter: ((info)::text = ANY ('{"CAM:Panavision Cameras and Lenses","LAB:DeLuxe, Hollywood (CA), USA",LAB:Technicolor,"PCS:Digital Intermediate","PCS:Super 35","PFM:16 mm","RAT:1.33 : 1","RAT:1.78 : 1","RAT:1.85 : 1","RAT:2.35 : 1"}'::text[]))
                                                   Rows Removed by Filter: 1054252
                                                   Heap Blocks: exact=10050
                                                   Buffers: shared hit=873 read=10276
                                                   ->  Bitmap Index Scan on info_type_id_movie_info  (cost=0.00..15870.39 rows=1484527 width=0) (actual time=37.907..37.907 rows=1401902 loops=1)
                                                         Index Cond: (info_type_id = 7)
                                                         Buffers: shared read=1099
                                             ->  Hash  (cost=84248.88..84248.88 rows=1010013 width=4) (actual time=594.984..594.986 rows=203545 loops=1)
                                                   Buckets: 262144  Batches: 8  Memory Usage: 2942kB
                                                   Buffers: shared hit=2 read=36390, temp written=519
                                                   ->  Hash Join  (cost=1.13..84248.88 rows=1010013 width=4) (actual time=0.057..565.214 rows=203545 loops=1)
                                                         Hash Cond: (t.kind_id = kt.id)
                                                         Buffers: shared hit=2 read=36390
                                                         ->  Seq Scan on title t  (cost=0.00..74315.95 rows=2356696 width=8) (actual time=0.025..427.515 rows=2352201 loops=1)
                                                               Filter: ((production_year <= 2015) AND (1925 < production_year))
                                                               Rows Removed by Filter: 176111
                                                               Buffers: shared hit=1 read=36390
                                                         ->  Hash  (cost=1.10..1.10 rows=3 width=4) (actual time=0.015..0.015 rows=3 loops=1)
                                                               Buckets: 1024  Batches: 1  Memory Usage: 9kB
                                                               Buffers: shared hit=1
                                                               ->  Seq Scan on kind_type kt  (cost=0.00..1.10 rows=3 width=4) (actual time=0.009..0.010 rows=3 loops=1)
                                                                     Filter: ((kind)::text = ANY ('{"tv movie","tv series","video game"}'::text[]))
                                                                     Rows Removed by Filter: 4
                                                                     Buffers: shared hit=1
                           ->  Index Scan using name_pkey on name n  (cost=0.43..2.32 rows=1 width=4) (actual time=0.023..0.023 rows=0 loops=16449)
                                 Index Cond: (id = ci.person_id)
                                 Filter: ((gender)::text = 'f'::text)
                                 Rows Removed by Filter: 1
                                 Buffers: shared hit=60259 read=5537
                     ->  Index Scan using movie_id_movie_info on movie_info mi1  (cost=0.43..42.37 rows=1 width=8) (actual time=0.109..0.109 rows=1 loops=156)
                           Index Cond: (movie_id = ci.movie_id)
                           Filter: ((info_type_id = 3) AND ((info)::text = ANY ('{Action,Animation,Biography,Drama,Fantasy,Mystery,Short,Sport}'::text[])))
                           Rows Removed by Filter: 14
                           Buffers: shared hit=900 read=1075
 Planning:
   Buffers: shared hit=482 read=92
 Planning Time: 14.339 ms
 Execution Time: 1889.169 ms
(77 rows)

