                                                                                                   QUERY PLAN                                                                                                    
-----------------------------------------------------------------------------------------------------------------------------------------------------------------------------------------------------------------
 Aggregate  (cost=967582.21..967582.22 rows=1 width=8) (actual time=210571.431..210571.440 rows=1 loops=1)
   Buffers: shared hit=20751238 read=1151640, temp read=13979 written=12603
   ->  Nested Loop  (cost=839473.04..967580.65 rows=624 width=0) (actual time=1204.565..210480.007 rows=404633 loops=1)
         Buffers: shared hit=20751238 read=1151640, temp read=13979 written=12603
         ->  Seq Scan on info_type it2  (cost=0.00..2.41 rows=1 width=4) (actual time=0.043..0.054 rows=1 loops=1)
               Filter: (id = 7)
               Rows Removed by Filter: 112
               Buffers: shared hit=1
         ->  Nested Loop  (cost=839473.04..967572.00 rows=624 width=4) (actual time=1204.520..210380.477 rows=404633 loops=1)
               Buffers: shared hit=20751237 read=1151640, temp read=13979 written=12603
               ->  Seq Scan on info_type it1  (cost=0.00..2.41 rows=1 width=4) (actual time=0.011..0.024 rows=1 loops=1)
                     Filter: (id = 3)
                     Rows Removed by Filter: 112
                     Buffers: shared hit=1
               ->  Nested Loop  (cost=839473.04..967563.35 rows=624 width=8) (actual time=1204.508..210276.000 rows=404633 loops=1)
                     Buffers: shared hit=20751236 read=1151640, temp read=13979 written=12603
                     ->  Hash Join  (cost=839472.61..964114.22 rows=1487 width=12) (actual time=1203.664..174380.145 rows=969970 loops=1)
                           Hash Cond: (ci.role_id = rt.id)
                           Buffers: shared hit=17000106 read=1022890, temp read=13979 written=12603
                           ->  Nested Loop  (cost=839471.45..964049.67 rows=17846 width=16) (actual time=1203.567..171275.527 rows=14473741 loops=1)
                                 Buffers: shared hit=17000105 read=1022890, temp read=13979 written=12603
                                 ->  Nested Loop  (cost=839471.01..909693.38 rows=1245 width=20) (actual time=1203.546..27023.471 rows=378266 loops=1)
                                       Buffers: shared hit=2728222 read=30998, temp read=13979 written=12603
                                       ->  Nested Loop  (cost=839470.86..909622.78 rows=2906 width=24) (actual time=1203.401..26633.426 rows=400601 loops=1)
                                             Buffers: shared hit=2728212 read=30996, temp read=13979 written=12603
                                             ->  Merge Join  (cost=839470.43..840625.96 rows=22933 width=16) (actual time=1203.358..2228.215 rows=684271 loops=1)
                                                   Merge Cond: (mi1.movie_id = mi2.movie_id)
                                                   Buffers: shared hit=13219 read=8905, temp read=13979 written=12603
                                                   ->  Sort  (cost=399846.16..400143.63 rows=118991 width=8) (actual time=663.329..871.487 rows=1143498 loops=1)
                                                         Sort Key: mi1.movie_id
                                                         Sort Method: external sort  Disk: 24704kB
                                                         Buffers: shared hit=10907 read=68, temp read=9243 written=9259
                                                         ->  Bitmap Heap Scan on movie_info mi1  (cost=16478.24..389814.92 rows=118991 width=8) (actual time=41.612..311.464 rows=1143519 loops=1)
                                                               Recheck Cond: (info_type_id = 3)
                                                               Filter: ((info)::text = ANY ('{Adventure,Comedy,Crime,Documentary,Drama,Horror,Music,Romance,Sci-Fi,Short}'::text[]))
                                                               Rows Removed by Filter: 390390
                                                               Heap Blocks: exact=9772
                                                               Buffers: shared hit=10907 read=68
                                                               ->  Bitmap Index Scan on info_type_id_movie_info  (cost=0.00..16448.47 rows=1538671 width=0) (actual time=40.427..40.427 rows=1533909 loops=1)
                                                                     Index Cond: (info_type_id = 3)
                                                                     Buffers: shared hit=1203
                                                   ->  Sort  (cost=439624.28..439789.90 rows=66248 width=8) (actual time=540.016..785.517 rows=884026 loops=1)
                                                         Sort Key: mi2.movie_id
                                                         Sort Method: external sort  Disk: 13368kB
                                                         Buffers: shared hit=2312 read=8837, temp read=4036 written=3344
                                                         ->  Bitmap Heap Scan on movie_info mi2  (cost=15886.95..434319.27 rows=66248 width=8) (actual time=32.615..388.949 rows=618409 loops=1)
                                                               Recheck Cond: (info_type_id = 7)
                                                               Filter: ((info)::text = ANY ('{"MET:300 m","OFM:35 mm",OFM:Video,"PCS:Digital Intermediate","PFM:35 mm","RAT:1.85 : 1","RAT:2.35 : 1"}'::text[]))
                                                               Rows Removed by Filter: 783493
                                                               Heap Blocks: exact=10050
                                                               Buffers: shared hit=2312 read=8837
                                                               ->  Bitmap Index Scan on info_type_id_movie_info  (cost=0.00..15870.39 rows=1484527 width=0) (actual time=31.355..31.355 rows=1401902 loops=1)
                                                                     Index Cond: (info_type_id = 7)
                                                                     Buffers: shared hit=1 read=1098
                                             ->  Index Scan using title_pkey on title t  (cost=0.43..3.01 rows=1 width=8) (actual time=0.035..0.035 rows=1 loops=684271)
                                                   Index Cond: (id = mi1.movie_id)
                                                   Filter: ((production_year <= 2015) AND (1925 < production_year))
                                                   Rows Removed by Filter: 0
                                                   Buffers: shared hit=2714993 read=22091
                                       ->  Memoize  (cost=0.14..0.16 rows=1 width=4) (actual time=0.000..0.000 rows=1 loops=400601)
                                             Cache Key: t.kind_id
                                             Cache Mode: logical
                                             Hits: 400595  Misses: 6  Evictions: 0  Overflows: 0  Memory Usage: 1kB
                                             Buffers: shared hit=10 read=2
                                             ->  Index Scan using kind_type_pkey on kind_type kt  (cost=0.13..0.15 rows=1 width=4) (actual time=0.013..0.013 rows=0 loops=6)
                                                   Index Cond: (id = t.kind_id)
                                                   Filter: ((kind)::text = ANY ('{episode,movie,"video movie"}'::text[]))
                                                   Rows Removed by Filter: 0
                                                   Buffers: shared hit=10 read=2
                                 ->  Index Scan using movie_id_cast_info on cast_info ci  (cost=0.44..43.28 rows=38 width=12) (actual time=0.036..0.369 rows=38 loops=378266)
                                       Index Cond: (movie_id = t.id)
                                       Buffers: shared hit=14271883 read=991892
                           ->  Hash  (cost=1.15..1.15 rows=1 width=4) (actual time=0.019..0.020 rows=1 loops=1)
                                 Buckets: 1024  Batches: 1  Memory Usage: 9kB
                                 Buffers: shared hit=1
                                 ->  Seq Scan on role_type rt  (cost=0.00..1.15 rows=1 width=4) (actual time=0.009..0.011 rows=1 loops=1)
                                       Filter: ((role)::text = 'producer'::text)
                                       Rows Removed by Filter: 11
                                       Buffers: shared hit=1
                     ->  Index Scan using name_pkey on name n  (cost=0.43..2.32 rows=1 width=4) (actual time=0.036..0.036 rows=0 loops=969970)
                           Index Cond: (id = ci.person_id)
                           Filter: ((gender)::text = 'm'::text)
                           Rows Removed by Filter: 1
                           Buffers: shared hit=3751130 read=128750
 Planning:
   Buffers: shared hit=575 read=2
 Planning Time: 13.824 ms
 Execution Time: 210584.446 ms
(88 rows)

