                                                                                                                                                           QUERY PLAN                                                                                                                                                           
--------------------------------------------------------------------------------------------------------------------------------------------------------------------------------------------------------------------------------------------------------------------------------------------------------------------------------
 Aggregate  (cost=989012.85..989012.86 rows=1 width=8) (actual time=15234.018..15234.027 rows=1 loops=1)
   Buffers: shared hit=1327903 read=145562, temp read=3867 written=3667
   ->  Nested Loop  (cost=938850.44..989011.30 rows=620 width=0) (actual time=1135.679..15232.978 rows=2786 loops=1)
         Buffers: shared hit=1327903 read=145562, temp read=3867 written=3667
         ->  Hash Join  (cost=938850.01..986805.43 rows=951 width=4) (actual time=1135.646..14916.883 rows=8963 loops=1)
               Hash Cond: (ci.role_id = rt.id)
               Buffers: shared hit=1295141 read=142472, temp read=3867 written=3667
               ->  Nested Loop  (cost=938848.84..986784.00 rows=5705 width=8) (actual time=1135.080..14848.641 rows=369085 loops=1)
                     Buffers: shared hit=1295140 read=142472, temp read=3867 written=3667
                     ->  Nested Loop  (cost=938848.40..969392.31 rows=398 width=12) (actual time=1135.059..10710.915 rows=12551 loops=1)
                           Buffers: shared hit=1003223 read=35675, temp read=3867 written=3667
                           ->  Nested Loop  (cost=938848.40..969384.92 rows=398 width=16) (actual time=1135.053..10702.302 rows=12551 loops=1)
                                 Buffers: shared hit=1003222 read=35675, temp read=3867 written=3667
                                 ->  Nested Loop  (cost=938848.40..969377.53 rows=398 width=20) (actual time=1135.037..10693.515 rows=12551 loops=1)
                                       Buffers: shared hit=1003221 read=35675, temp read=3867 written=3667
                                       ->  Nested Loop  (cost=938848.26..969354.27 rows=928 width=24) (actual time=1135.018..10618.988 rows=103129 loops=1)
                                             Buffers: shared hit=1003209 read=35675, temp read=3867 written=3667
                                             ->  Merge Join  (cost=938847.83..939503.48 rows=8614 width=16) (actual time=1134.976..1601.818 rows=254190 loops=1)
                                                   Merge Cond: (mi1.movie_id = mi2.movie_id)
                                                   Buffers: shared hit=9763 read=12361, temp read=3867 written=3667
                                                   ->  Sort  (cost=425985.86..426170.24 rows=73754 width=8) (actual time=534.882..675.280 rows=709497 loops=1)
                                                         Sort Key: mi1.movie_id
                                                         Sort Method: external merge  Disk: 12536kB
                                                         Buffers: shared hit=5310 read=5665, temp read=1567 written=1576
                                                         ->  Bitmap Heap Scan on movie_info mi1  (cost=16466.91..420022.69 rows=73754 width=8) (actual time=39.744..409.912 rows=709500 loops=1)
                                                               Recheck Cond: (info_type_id = 3)
                                                               Filter: ((info)::text = ANY ('{Action,Animation,Comedy,Documentary,Drama,Music}'::text[]))
                                                               Rows Removed by Filter: 824409
                                                               Heap Blocks: exact=9772
                                                               Buffers: shared hit=5310 read=5665
                                                               ->  Bitmap Index Scan on info_type_id_movie_info  (cost=0.00..16448.47 rows=1538671 width=0) (actual time=38.558..38.558 rows=1533909 loops=1)
                                                                     Index Cond: (info_type_id = 3)
                                                                     Buffers: shared read=1203
                                                   ->  Sort  (cost=512861.97..512962.34 rows=40149 width=8) (actual time=600.084..682.721 rows=422118 loops=1)
                                                         Sort Key: mi2.movie_id
                                                         Sort Method: external sort  Disk: 8360kB
                                                         Buffers: shared hit=4453 read=6696, temp read=2193 written=2091
                                                         ->  Bitmap Heap Scan on movie_info mi2  (cost=15880.42..509791.96 rows=40149 width=8) (actual time=33.747..500.940 rows=386804 loops=1)
                                                               Recheck Cond: (info_type_id = 7)
                                                               Filter: ((info)::text = ANY ('{"CAM:Arriflex Cameras","CAM:Red One Camera","LAB:FotoKem Laboratory, Burbank (CA), USA","OFM:35 mm",OFM:Digital,"OFM:Redcode RAW","OFM:Super 16","PCS:Super 35",PFM:Video,"RAT:1.37 : 1","RAT:1.85 : 1","RAT:16:9 HD"}'::text[]))
                                                               Rows Removed by Filter: 1015098
                                                               Heap Blocks: exact=10050
                                                               Buffers: shared hit=4453 read=6696
                                                               ->  Bitmap Index Scan on info_type_id_movie_info  (cost=0.00..15870.39 rows=1484527 width=0) (actual time=32.511..32.511 rows=1401902 loops=1)
                                                                     Index Cond: (info_type_id = 7)
                                                                     Buffers: shared hit=1 read=1098
                                             ->  Index Scan using title_pkey on title t  (cost=0.43..3.47 rows=1 width=8) (actual time=0.035..0.035 rows=0 loops=254190)
                                                   Index Cond: (id = mi1.movie_id)
                                                   Filter: ((production_year <= 2015) AND (1975 < production_year))
                                                   Rows Removed by Filter: 1
                                                   Buffers: shared hit=993446 read=23314
                                       ->  Memoize  (cost=0.14..0.16 rows=1 width=4) (actual time=0.000..0.000 rows=0 loops=103129)
                                             Cache Key: t.kind_id
                                             Cache Mode: logical
                                             Hits: 103123  Misses: 6  Evictions: 0  Overflows: 0  Memory Usage: 1kB
                                             Buffers: shared hit=12
                                             ->  Index Scan using kind_type_pkey on kind_type kt  (cost=0.13..0.15 rows=1 width=4) (actual time=0.011..0.011 rows=0 loops=6)
                                                   Index Cond: (id = t.kind_id)
                                                   Filter: ((kind)::text = ANY ('{"tv movie","tv series","video game"}'::text[]))
                                                   Rows Removed by Filter: 0
                                                   Buffers: shared hit=12
                                 ->  Materialize  (cost=0.00..2.42 rows=1 width=4) (actual time=0.000..0.000 rows=1 loops=12551)
                                       Buffers: shared hit=1
                                       ->  Seq Scan on info_type it1  (cost=0.00..2.41 rows=1 width=4) (actual time=0.012..0.016 rows=1 loops=1)
                                             Filter: (id = 3)
                                             Rows Removed by Filter: 112
                                             Buffers: shared hit=1
                           ->  Materialize  (cost=0.00..2.42 rows=1 width=4) (actual time=0.000..0.000 rows=1 loops=12551)
                                 Buffers: shared hit=1
                                 ->  Seq Scan on info_type it2  (cost=0.00..2.41 rows=1 width=4) (actual time=0.005..0.009 rows=1 loops=1)
                                       Filter: (id = 7)
                                       Rows Removed by Filter: 112
                                       Buffers: shared hit=1
                     ->  Index Scan using movie_id_cast_info on cast_info ci  (cost=0.44..43.32 rows=38 width=12) (actual time=0.040..0.322 rows=29 loops=12551)
                           Index Cond: (movie_id = t.id)
                           Buffers: shared hit=291917 read=106797
               ->  Hash  (cost=1.15..1.15 rows=2 width=4) (actual time=0.026..0.026 rows=2 loops=1)
                     Buckets: 1024  Batches: 1  Memory Usage: 9kB
                     Buffers: shared hit=1
                     ->  Seq Scan on role_type rt  (cost=0.00..1.15 rows=2 width=4) (actual time=0.020..0.021 rows=2 loops=1)
                           Filter: ((role)::text = ANY ('{"costume designer","production designer"}'::text[]))
                           Rows Removed by Filter: 10
                           Buffers: shared hit=1
         ->  Index Scan using name_pkey on name n  (cost=0.43..2.32 rows=1 width=4) (actual time=0.035..0.035 rows=0 loops=8963)
               Index Cond: (id = ci.person_id)
               Filter: ((gender)::text = ANY ('{f,m}'::text[]))
               Rows Removed by Filter: 1
               Buffers: shared hit=32762 read=3090
 Planning:
   Buffers: shared hit=481 read=93
 Planning Time: 9.178 ms
 Execution Time: 15243.620 ms
(92 rows)

