                                                                                            QUERY PLAN                                                                                            
--------------------------------------------------------------------------------------------------------------------------------------------------------------------------------------------------
 Aggregate  (cost=722000.56..722000.57 rows=1 width=8) (actual time=1222.918..1222.925 rows=1 loops=1)
   Buffers: shared hit=12555 read=52279, temp read=1247 written=1247
   ->  Nested Loop  (cost=486521.25..722000.36 rows=79 width=0) (actual time=893.360..1222.915 rows=13 loops=1)
         Buffers: shared hit=12555 read=52279, temp read=1247 written=1247
         ->  Seq Scan on info_type it2  (cost=0.00..2.41 rows=1 width=4) (actual time=0.046..0.051 rows=1 loops=1)
               Filter: (id = 7)
               Rows Removed by Filter: 112
               Buffers: shared hit=1
         ->  Nested Loop  (cost=486521.25..721997.16 rows=79 width=4) (actual time=893.312..1222.859 rows=13 loops=1)
               Buffers: shared hit=12554 read=52279, temp read=1247 written=1247
               ->  Seq Scan on info_type it1  (cost=0.00..2.41 rows=1 width=4) (actual time=0.013..0.018 rows=1 loops=1)
                     Filter: (id = 3)
                     Rows Removed by Filter: 112
                     Buffers: shared hit=1
               ->  Nested Loop  (cost=486521.25..721993.95 rows=79 width=8) (actual time=893.298..1222.836 rows=13 loops=1)
                     Join Filter: (t.id = mi1.movie_id)
                     Buffers: shared hit=12553 read=52279, temp read=1247 written=1247
                     ->  Nested Loop  (cost=486520.81..641040.42 rows=1917 width=16) (actual time=893.200..1221.758 rows=18 loops=1)
                           Buffers: shared hit=12414 read=52186, temp read=1247 written=1247
                           ->  Hash Join  (cost=486520.38..621892.79 rows=8255 width=20) (actual time=877.793..1194.599 rows=2497 loops=1)
                                 Hash Cond: (ci.movie_id = t.id)
                                 Buffers: shared hit=3390 read=51222, temp read=1247 written=1247
                                 ->  Nested Loop  (cost=0.44..123965.00 rows=3020080 width=8) (actual time=0.139..246.722 rows=1093558 loops=1)
                                       Buffers: shared hit=1244 read=5827
                                       ->  Seq Scan on role_type rt  (cost=0.00..1.15 rows=1 width=4) (actual time=0.008..0.010 rows=1 loops=1)
                                             Filter: ((role)::text = 'editor'::text)
                                             Rows Removed by Filter: 11
                                             Buffers: shared hit=1
                                       ->  Index Scan using role_id_cast_info on cast_info ci  (cost=0.44..91017.52 rows=3294633 width=12) (actual time=0.128..161.324 rows=1093558 loops=1)
                                             Index Cond: (role_id = rt.id)
                                             Buffers: shared hit=1243 read=5827
                                 ->  Hash  (cost=486433.55..486433.55 rows=6911 width=12) (actual time=876.198..876.202 rows=5573 loops=1)
                                       Buckets: 8192  Batches: 1  Memory Usage: 304kB
                                       Buffers: shared hit=2146 read=45395, temp read=1247 written=1247
                                       ->  Hash Join  (cost=96345.79..486433.55 rows=6911 width=12) (actual time=434.576..875.228 rows=5573 loops=1)
                                             Hash Cond: (mi2.movie_id = t.id)
                                             Buffers: shared hit=2146 read=45395, temp read=1247 written=1247
                                             ->  Bitmap Heap Scan on movie_info mi2  (cost=15889.06..404129.69 rows=74672 width=8) (actual time=40.095..373.884 rows=699588 loops=1)
                                                   Recheck Cond: (info_type_id = 7)
                                                   Filter: ((info)::text = ANY ('{"OFM:16 mm","OFM:35 mm",PCS:Spherical,"PFM:35 mm","RAT:1.37 : 1"}'::text[]))
                                                   Rows Removed by Filter: 702314
                                                   Heap Blocks: exact=10050
                                                   Buffers: shared hit=2145 read=9004
                                                   ->  Bitmap Index Scan on info_type_id_movie_info  (cost=0.00..15870.39 rows=1484527 width=0) (actual time=38.827..38.828 rows=1401902 loops=1)
                                                         Index Cond: (info_type_id = 7)
                                                         Buffers: shared read=1099
                                             ->  Hash  (cost=76617.93..76617.93 rows=233984 width=4) (actual time=393.206..393.209 rows=33701 loops=1)
                                                   Buckets: 262144  Batches: 2  Memory Usage: 2644kB
                                                   Buffers: shared hit=1 read=36391, temp written=49
                                                   ->  Hash Join  (cost=1.13..76617.93 rows=233984 width=4) (actual time=0.063..386.253 rows=33701 loops=1)
                                                         Hash Cond: (t.kind_id = kt.id)
                                                         Buffers: shared hit=1 read=36391
                                                         ->  Seq Scan on title t  (cost=0.00..74315.95 rows=545963 width=8) (actual time=0.025..354.210 rows=538239 loops=1)
                                                               Filter: ((production_year <= 1990) AND (1950 < production_year))
                                                               Rows Removed by Filter: 1990073
                                                               Buffers: shared read=36391
                                                         ->  Hash  (cost=1.10..1.10 rows=3 width=4) (actual time=0.013..0.013 rows=3 loops=1)
                                                               Buckets: 1024  Batches: 1  Memory Usage: 9kB
                                                               Buffers: shared hit=1
                                                               ->  Seq Scan on kind_type kt  (cost=0.00..1.10 rows=3 width=4) (actual time=0.007..0.008 rows=3 loops=1)
                                                                     Filter: ((kind)::text = ANY ('{"tv series","video game","video movie"}'::text[]))
                                                                     Rows Removed by Filter: 4
                                                                     Buffers: shared hit=1
                           ->  Index Scan using name_pkey on name n  (cost=0.43..2.32 rows=1 width=4) (actual time=0.011..0.011 rows=0 loops=2497)
                                 Index Cond: (id = ci.person_id)
                                 Filter: ((gender)::text = 'f'::text)
                                 Rows Removed by Filter: 1
                                 Buffers: shared hit=9024 read=964
                     ->  Index Scan using movie_id_movie_info on movie_info mi1  (cost=0.43..42.22 rows=1 width=8) (actual time=0.058..0.059 rows=1 loops=18)
                           Index Cond: (movie_id = ci.movie_id)
                           Filter: ((info_type_id = 3) AND ((info)::text = ANY ('{Action,Comedy,Documentary,Drama,Short}'::text[])))
                           Rows Removed by Filter: 16
                           Buffers: shared hit=139 read=93
 Planning:
   Buffers: shared hit=481 read=93
 Planning Time: 14.928 ms
 Execution Time: 1223.519 ms
(77 rows)

