                                                                                            QUERY PLAN                                                                                            
--------------------------------------------------------------------------------------------------------------------------------------------------------------------------------------------------
 Aggregate  (cost=588744.79..588744.80 rows=1 width=8) (actual time=39353.826..39353.837 rows=1 loops=1)
   Buffers: shared hit=3750867 read=325002, temp read=2122 written=2122
   ->  Nested Loop  (cost=92253.26..588744.64 rows=60 width=0) (actual time=500.562..39349.664 rows=15607 loops=1)
         Buffers: shared hit=3750867 read=325002, temp read=2122 written=2122
         ->  Seq Scan on info_type it2  (cost=0.00..2.41 rows=1 width=4) (actual time=0.045..0.056 rows=1 loops=1)
               Filter: (id = 7)
               Rows Removed by Filter: 112
               Buffers: shared hit=1
         ->  Nested Loop  (cost=92253.26..588741.62 rows=60 width=4) (actual time=500.515..39345.937 rows=15607 loops=1)
               Buffers: shared hit=3750866 read=325002, temp read=2122 written=2122
               ->  Seq Scan on info_type it1  (cost=0.00..2.41 rows=1 width=4) (actual time=0.009..0.024 rows=1 loops=1)
                     Filter: (id = 3)
                     Rows Removed by Filter: 112
                     Buffers: shared hit=1
               ->  Nested Loop  (cost=92253.26..588738.61 rows=60 width=8) (actual time=500.501..39341.717 rows=15607 loops=1)
                     Buffers: shared hit=3750865 read=325002, temp read=2122 written=2122
                     ->  Hash Join  (cost=92252.83..588406.92 rows=143 width=12) (actual time=500.439..37210.224 rows=59701 loops=1)
                           Hash Cond: (ci.role_id = rt.id)
                           Buffers: shared hit=3516118 read=320945, temp read=2122 written=2122
                           ->  Nested Loop  (cost=92251.67..588399.65 rows=1720 width=16) (actual time=500.120..36870.879 rows=1812699 loops=1)
                                 Buffers: shared hit=3516117 read=320945, temp read=2122 written=2122
                                 ->  Nested Loop  (cost=92251.23..582901.26 rows=120 width=20) (actual time=500.070..18659.691 rows=73404 loops=1)
                                       Buffers: shared hit=1661256 read=188375, temp read=2122 written=2122
                                       ->  Hash Join  (cost=92250.79..465698.18 rows=2665 width=12) (actual time=461.407..1616.368 rows=154532 loops=1)
                                             Hash Cond: (mi2.movie_id = t.id)
                                             Buffers: shared hit=6341 read=41200, temp read=2122 written=2122
                                             ->  Bitmap Heap Scan on movie_info mi2  (cost=15888.78..389033.58 rows=73583 width=8) (actual time=37.397..726.876 rows=685795 loops=1)
                                                   Recheck Cond: (info_type_id = 7)
                                                   Filter: ((info)::text = ANY ('{"OFM:35 mm",PCS:Spherical,"PFM:35 mm","RAT:1.37 : 1"}'::text[]))
                                                   Rows Removed by Filter: 716107
                                                   Heap Blocks: exact=10050
                                                   Buffers: shared hit=4253 read=6896
                                                   ->  Bitmap Index Scan on info_type_id_movie_info  (cost=0.00..15870.39 rows=1484527 width=0) (actual time=36.130..36.131 rows=1401902 loops=1)
                                                         Index Cond: (info_type_id = 7)
                                                         Buffers: shared hit=1099
                                             ->  Hash  (cost=75217.46..75217.46 rows=91564 width=4) (actual time=423.521..423.525 rows=204688 loops=1)
                                                   Buckets: 262144 (originally 131072)  Batches: 2 (originally 1)  Memory Usage: 6145kB
                                                   Buffers: shared hit=2088 read=34304, temp written=299
                                                   ->  Hash Join  (cost=1.13..75217.46 rows=91564 width=4) (actual time=0.030..382.886 rows=204688 loops=1)
                                                         Hash Cond: (t.kind_id = kt.id)
                                                         Buffers: shared hit=2088 read=34304
                                                         ->  Seq Scan on title t  (cost=0.00..74315.95 rows=213650 width=8) (actual time=0.013..357.129 rows=212483 loops=1)
                                                               Filter: ((production_year <= 1970) AND (1950 < production_year))
                                                               Rows Removed by Filter: 2315829
                                                               Buffers: shared hit=2087 read=34304
                                                         ->  Hash  (cost=1.10..1.10 rows=3 width=4) (actual time=0.010..0.011 rows=3 loops=1)
                                                               Buckets: 1024  Batches: 1  Memory Usage: 9kB
                                                               Buffers: shared hit=1
                                                               ->  Seq Scan on kind_type kt  (cost=0.00..1.10 rows=3 width=4) (actual time=0.006..0.007 rows=3 loops=1)
                                                                     Filter: ((kind)::text = ANY ('{episode,movie,"tv movie"}'::text[]))
                                                                     Rows Removed by Filter: 4
                                                                     Buffers: shared hit=1
                                       ->  Index Scan using movie_id_movie_info on movie_info mi1  (cost=0.43..43.97 rows=1 width=8) (actual time=0.109..0.110 rows=0 loops=154532)
                                             Index Cond: (movie_id = t.id)
                                             Filter: ((info_type_id = 3) AND ((info)::text = ANY ('{Action,Animation,Comedy,Documentary,Drama,Family,Short,Western}'::text[])))
                                             Rows Removed by Filter: 15
                                             Buffers: shared hit=1654915 read=147175
                                 ->  Index Scan using movie_id_cast_info on cast_info ci  (cost=0.44..45.44 rows=38 width=12) (actual time=0.036..0.240 rows=25 loops=73404)
                                       Index Cond: (movie_id = t.id)
                                       Buffers: shared hit=1854861 read=132570
                           ->  Hash  (cost=1.15..1.15 rows=1 width=4) (actual time=0.018..0.019 rows=1 loops=1)
                                 Buckets: 1024  Batches: 1  Memory Usage: 9kB
                                 Buffers: shared hit=1
                                 ->  Seq Scan on role_type rt  (cost=0.00..1.15 rows=1 width=4) (actual time=0.011..0.012 rows=1 loops=1)
                                       Filter: ((role)::text = 'editor'::text)
                                       Rows Removed by Filter: 11
                                       Buffers: shared hit=1
                     ->  Index Scan using name_pkey on name n  (cost=0.43..2.32 rows=1 width=4) (actual time=0.035..0.035 rows=0 loops=59701)
                           Index Cond: (id = ci.person_id)
                           Filter: ((gender)::text = 'm'::text)
                           Rows Removed by Filter: 1
                           Buffers: shared hit=234747 read=4057
 Planning:
   Buffers: shared hit=574
 Planning Time: 13.440 ms
 Execution Time: 39354.476 ms
(76 rows)

