                                                                                            QUERY PLAN                                                                                            
--------------------------------------------------------------------------------------------------------------------------------------------------------------------------------------------------
 Aggregate  (cost=960495.61..960495.62 rows=1 width=8) (actual time=7764.863..7764.870 rows=1 loops=1)
   Buffers: shared hit=602552 read=133076, temp read=2211 written=2211
   ->  Nested Loop  (cost=520607.82..960495.07 rows=216 width=0) (actual time=1086.132..7763.703 rows=6893 loops=1)
         Buffers: shared hit=602552 read=133076, temp read=2211 written=2211
         ->  Seq Scan on info_type it2  (cost=0.00..2.41 rows=1 width=4) (actual time=0.044..0.050 rows=1 loops=1)
               Filter: (id = 7)
               Rows Removed by Filter: 112
               Buffers: shared hit=1
         ->  Nested Loop  (cost=520607.82..960490.50 rows=216 width=4) (actual time=1086.087..7762.656 rows=6893 loops=1)
               Buffers: shared hit=602551 read=133076, temp read=2211 written=2211
               ->  Seq Scan on info_type it1  (cost=0.00..2.41 rows=1 width=4) (actual time=0.013..0.020 rows=1 loops=1)
                     Filter: (id = 3)
                     Rows Removed by Filter: 112
                     Buffers: shared hit=1
               ->  Nested Loop  (cost=520607.82..960485.93 rows=216 width=8) (actual time=1086.073..7761.595 rows=6893 loops=1)
                     Join Filter: (t.id = mi1.movie_id)
                     Buffers: shared hit=602550 read=133076, temp read=2211 written=2211
                     ->  Nested Loop  (cost=520607.39..714241.96 rows=5817 width=16) (actual time=1085.823..6500.766 rows=9307 loops=1)
                           Buffers: shared hit=473870 read=110889, temp read=2211 written=2211
                           ->  Hash Join  (cost=520606.96..656147.27 rows=25046 width=20) (actual time=1085.631..3253.071 rows=123978 loops=1)
                                 Hash Cond: (ci.movie_id = t.id)
                                 Buffers: shared hit=7965 read=80882, temp read=2211 written=2211
                                 ->  Nested Loop  (cost=0.44..123965.00 rows=3020080 width=8) (actual time=0.110..1579.801 rows=4323018 loops=1)
                                       Buffers: shared hit=2825 read=38481
                                       ->  Seq Scan on role_type rt  (cost=0.00..1.15 rows=1 width=4) (actual time=0.009..0.011 rows=1 loops=1)
                                             Filter: ((role)::text = 'miscellaneous crew'::text)
                                             Rows Removed by Filter: 11
                                             Buffers: shared hit=1
                                       ->  Index Scan using role_id_cast_info on cast_info ci  (cost=0.44..91017.52 rows=3294633 width=12) (actual time=0.099..1081.161 rows=4323018 loops=1)
                                             Index Cond: (role_id = rt.id)
                                             Buffers: shared hit=2824 read=38481
                                 ->  Hash  (cost=520344.42..520344.42 rows=20968 width=12) (actual time=1085.216..1085.220 rows=25842 loops=1)
                                       Buckets: 32768  Batches: 1  Memory Usage: 1367kB
                                       Buffers: shared hit=5140 read=42401, temp read=2211 written=2211
                                       ->  Hash Join  (cost=112728.67..520344.42 rows=20968 width=12) (actual time=605.236..1080.790 rows=25842 loops=1)
                                             Hash Cond: (mi2.movie_id = t.id)
                                             Buffers: shared hit=5140 read=42401, temp read=2211 written=2211
                                             ->  Bitmap Heap Scan on movie_info mi2  (cost=15885.83..419222.31 rows=61756 width=8) (actual time=38.749..386.512 rows=587716 loops=1)
                                                   Recheck Cond: (info_type_id = 7)
                                                   Filter: ((info)::text = ANY ('{"OFM:16 mm","OFM:35 mm","RAT:1.33 : 1","RAT:1.78 : 1","RAT:1.85 : 1","RAT:2.35 : 1"}'::text[]))
                                                   Rows Removed by Filter: 814186
                                                   Heap Blocks: exact=10050
                                                   Buffers: shared hit=5139 read=6010
                                                   ->  Bitmap Index Scan on info_type_id_movie_info  (cost=0.00..15870.39 rows=1484527 width=0) (actual time=37.517..37.517 rows=1401902 loops=1)
                                                         Index Cond: (info_type_id = 7)
                                                         Buffers: shared read=1099
                                             ->  Hash  (cost=82758.38..82758.38 rows=858437 width=4) (actual time=565.221..565.224 rows=174146 loops=1)
                                                   Buckets: 262144  Batches: 8  Memory Usage: 2813kB
                                                   Buffers: shared hit=1 read=36391, temp written=443
                                                   ->  Hash Join  (cost=1.13..82758.38 rows=858437 width=4) (actual time=0.044..539.356 rows=174146 loops=1)
                                                         Hash Cond: (t.kind_id = kt.id)
                                                         Buffers: shared hit=1 read=36391
                                                         ->  Seq Scan on title t  (cost=0.00..74315.95 rows=2003019 width=8) (actual time=0.022..421.905 rows=2004612 loops=1)
                                                               Filter: ((production_year <= 2015) AND (1975 < production_year))
                                                               Rows Removed by Filter: 523700
                                                               Buffers: shared read=36391
                                                         ->  Hash  (cost=1.10..1.10 rows=3 width=4) (actual time=0.012..0.013 rows=3 loops=1)
                                                               Buckets: 1024  Batches: 1  Memory Usage: 9kB
                                                               Buffers: shared hit=1
                                                               ->  Seq Scan on kind_type kt  (cost=0.00..1.10 rows=3 width=4) (actual time=0.006..0.007 rows=3 loops=1)
                                                                     Filter: ((kind)::text = ANY ('{"tv movie","tv series","video game"}'::text[]))
                                                                     Rows Removed by Filter: 4
                                                                     Buffers: shared hit=1
                           ->  Index Scan using name_pkey on name n  (cost=0.43..2.32 rows=1 width=4) (actual time=0.026..0.026 rows=0 loops=123978)
                                 Index Cond: (id = ci.person_id)
                                 Filter: ((gender)::text = 'f'::text)
                                 Rows Removed by Filter: 1
                                 Buffers: shared hit=465905 read=30007
                     ->  Index Scan using movie_id_movie_info on movie_info mi1  (cost=0.43..42.32 rows=1 width=8) (actual time=0.134..0.135 rows=1 loops=9307)
                           Index Cond: (movie_id = ci.movie_id)
                           Filter: ((info_type_id = 3) AND ((info)::text = ANY ('{Action,Comedy,Crime,Documentary,Romance,Short,Thriller}'::text[])))
                           Rows Removed by Filter: 39
                           Buffers: shared hit=128680 read=22187
 Planning:
   Buffers: shared hit=499 read=75
 Planning Time: 13.501 ms
 Execution Time: 7765.457 ms
(77 rows)

