                                                                                            QUERY PLAN                                                                                            
--------------------------------------------------------------------------------------------------------------------------------------------------------------------------------------------------
 Aggregate  (cost=633317.63..633317.64 rows=1 width=8) (actual time=2689.058..2689.067 rows=1 loops=1)
   Buffers: shared hit=178604 read=84589, temp read=624 written=624
   ->  Nested Loop  (cost=96916.58..633317.55 rows=31 width=0) (actual time=448.942..2688.958 rows=351 loops=1)
         Buffers: shared hit=178604 read=84589, temp read=624 written=624
         ->  Seq Scan on info_type it2  (cost=0.00..2.41 rows=1 width=4) (actual time=0.043..0.052 rows=1 loops=1)
               Filter: (id = 7)
               Rows Removed by Filter: 112
               Buffers: shared hit=1
         ->  Nested Loop  (cost=96916.58..633314.83 rows=31 width=4) (actual time=448.897..2688.832 rows=351 loops=1)
               Buffers: shared hit=178603 read=84589, temp read=624 written=624
               ->  Seq Scan on info_type it1  (cost=0.00..2.41 rows=1 width=4) (actual time=0.008..0.020 rows=1 loops=1)
                     Filter: (id = 3)
                     Rows Removed by Filter: 112
                     Buffers: shared hit=1
               ->  Nested Loop  (cost=96916.58..633312.10 rows=31 width=8) (actual time=448.886..2688.724 rows=351 loops=1)
                     Buffers: shared hit=178602 read=84589, temp read=624 written=624
                     ->  Hash Join  (cost=96916.15..633003.61 rows=133 width=12) (actual time=434.608..2464.312 rows=6686 loops=1)
                           Hash Cond: (ci.role_id = rt.id)
                           Buffers: shared hit=155524 read=80923, temp read=624 written=624
                           ->  Nested Loop  (cost=96914.98..632996.79 rows=1591 width=16) (actual time=433.834..2455.707 rows=54244 loops=1)
                                 Buffers: shared hit=155523 read=80923, temp read=624 written=624
                                 ->  Nested Loop  (cost=96914.54..628071.28 rows=111 width=20) (actual time=433.806..1886.267 rows=4579 loops=1)
                                       Buffers: shared hit=106140 read=65301, temp read=624 written=624
                                       ->  Hash Join  (cost=96914.11..486721.00 rows=3299 width=12) (actual time=433.742..863.196 rows=12055 loops=1)
                                             Hash Cond: (mi1.movie_id = t.id)
                                             Buffers: shared hit=6177 read=41190, temp read=624 written=624
                                             ->  Bitmap Heap Scan on movie_info mi1  (cost=16457.38..404903.61 rows=35646 width=8) (actual time=42.284..385.673 rows=335870 loops=1)
                                                   Recheck Cond: (info_type_id = 3)
                                                   Filter: ((info)::text = ANY ('{Action,Animation,Comedy,Sci-Fi,Thriller}'::text[]))
                                                   Rows Removed by Filter: 1198039
                                                   Heap Blocks: exact=9772
                                                   Buffers: shared hit=6176 read=4799
                                                   ->  Bitmap Index Scan on info_type_id_movie_info  (cost=0.00..16448.47 rows=1538671 width=0) (actual time=41.088..41.088 rows=1533909 loops=1)
                                                         Index Cond: (info_type_id = 3)
                                                         Buffers: shared read=1203
                                             ->  Hash  (cost=76617.93..76617.93 rows=233984 width=4) (actual time=390.320..390.323 rows=33701 loops=1)
                                                   Buckets: 262144  Batches: 2  Memory Usage: 2644kB
                                                   Buffers: shared hit=1 read=36391, temp written=49
                                                   ->  Hash Join  (cost=1.13..76617.93 rows=233984 width=4) (actual time=0.062..383.346 rows=33701 loops=1)
                                                         Hash Cond: (t.kind_id = kt.id)
                                                         Buffers: shared hit=1 read=36391
                                                         ->  Seq Scan on title t  (cost=0.00..74315.95 rows=545963 width=8) (actual time=0.025..351.599 rows=538239 loops=1)
                                                               Filter: ((production_year <= 1990) AND (1950 < production_year))
                                                               Rows Removed by Filter: 1990073
                                                               Buffers: shared read=36391
                                                         ->  Hash  (cost=1.10..1.10 rows=3 width=4) (actual time=0.012..0.013 rows=3 loops=1)
                                                               Buckets: 1024  Batches: 1  Memory Usage: 9kB
                                                               Buffers: shared hit=1
                                                               ->  Seq Scan on kind_type kt  (cost=0.00..1.10 rows=3 width=4) (actual time=0.007..0.008 rows=3 loops=1)
                                                                     Filter: ((kind)::text = ANY ('{"tv series","video game","video movie"}'::text[]))
                                                                     Rows Removed by Filter: 4
                                                                     Buffers: shared hit=1
                                       ->  Index Scan using movie_id_movie_info on movie_info mi2  (cost=0.43..42.84 rows=1 width=8) (actual time=0.070..0.084 rows=0 loops=12055)
                                             Index Cond: (movie_id = t.id)
                                             Filter: ((info_type_id = 7) AND ((info)::text = ANY ('{"OFM:35 mm","PFM:35 mm","RAT:1.33 : 1","RAT:1.85 : 1","RAT:2.35 : 1"}'::text[])))
                                             Rows Removed by Filter: 13
                                             Buffers: shared hit=99963 read=24111
                                 ->  Index Scan using movie_id_cast_info on cast_info ci  (cost=0.44..43.99 rows=38 width=12) (actual time=0.035..0.121 rows=12 loops=4579)
                                       Index Cond: (movie_id = t.id)
                                       Buffers: shared hit=49383 read=15622
                           ->  Hash  (cost=1.15..1.15 rows=1 width=4) (actual time=0.016..0.016 rows=1 loops=1)
                                 Buckets: 1024  Batches: 1  Memory Usage: 9kB
                                 Buffers: shared hit=1
                                 ->  Seq Scan on role_type rt  (cost=0.00..1.15 rows=1 width=4) (actual time=0.010..0.010 rows=1 loops=1)
                                       Filter: ((role)::text = 'miscellaneous crew'::text)
                                       Rows Removed by Filter: 11
                                       Buffers: shared hit=1
                     ->  Index Scan using name_pkey on name n  (cost=0.43..2.32 rows=1 width=4) (actual time=0.033..0.033 rows=0 loops=6686)
                           Index Cond: (id = ci.person_id)
                           Filter: ((gender)::text = 'f'::text)
                           Rows Removed by Filter: 1
                           Buffers: shared hit=23078 read=3666
 Planning:
   Buffers: shared hit=483 read=91
 Planning Time: 13.785 ms
 Execution Time: 2689.627 ms
(76 rows)

