                                                                                            QUERY PLAN                                                                                            
--------------------------------------------------------------------------------------------------------------------------------------------------------------------------------------------------
 Aggregate  (cost=515256.96..515256.97 rows=1 width=8) (actual time=1035.999..1036.006 rows=1 loops=1)
   Buffers: shared hit=63853 read=32848
   ->  Nested Loop  (cost=65380.87..515256.86 rows=37 width=0) (actual time=260.263..1035.822 rows=1188 loops=1)
         Buffers: shared hit=63853 read=32848
         ->  Hash Join  (cost=65380.44..515124.65 rows=57 width=4) (actual time=260.226..995.141 rows=1789 loops=1)
               Hash Cond: (ci.role_id = rt.id)
               Buffers: shared hit=57457 read=32088
               ->  Nested Loop  (cost=65379.26..515122.25 rows=344 width=8) (actual time=260.053..991.717 rows=38319 loops=1)
                     Buffers: shared hit=57456 read=32088
                     ->  Nested Loop  (cost=65378.82..514045.14 rows=24 width=12) (actual time=260.018..713.702 rows=1458 loops=1)
                           Buffers: shared hit=24879 read=22470
                           ->  Seq Scan on info_type it2  (cost=0.00..2.41 rows=1 width=4) (actual time=0.035..0.040 rows=1 loops=1)
                                 Filter: (id = 7)
                                 Rows Removed by Filter: 112
                                 Buffers: shared hit=1
                           ->  Nested Loop  (cost=65378.82..514042.49 rows=24 width=16) (actual time=259.980..713.481 rows=1458 loops=1)
                                 Buffers: shared hit=24878 read=22470
                                 ->  Seq Scan on info_type it1  (cost=0.00..2.41 rows=1 width=4) (actual time=0.008..0.014 rows=1 loops=1)
                                       Filter: (id = 3)
                                       Rows Removed by Filter: 112
                                       Buffers: shared hit=1
                                 ->  Nested Loop  (cost=65378.82..514039.84 rows=24 width=20) (actual time=259.969..713.274 rows=1458 loops=1)
                                       Buffers: shared hit=24877 read=22470
                                       ->  Hash Join  (cost=65378.39..468920.63 rows=1041 width=12) (actual time=259.806..564.733 rows=1840 loops=1)
                                             Hash Cond: (mi2.movie_id = t.id)
                                             Buffers: shared hit=5403 read=18536
                                             ->  Bitmap Heap Scan on movie_info mi2  (cost=15883.41..419219.89 rows=52095 width=8) (actual time=40.712..388.900 rows=494683 loops=1)
                                                   Recheck Cond: (info_type_id = 7)
                                                   Filter: ((info)::text = ANY ('{MET:,"OFM:35 mm",PCS:Spherical,"RAT:1.37 : 1","RAT:1.85 : 1","RAT:2.35 : 1"}'::text[]))
                                                   Rows Removed by Filter: 907219
                                                   Heap Blocks: exact=10050
                                                   Buffers: shared hit=5266 read=5883
                                                   ->  Bitmap Index Scan on info_type_id_movie_info  (cost=0.00..15870.39 rows=1484527 width=0) (actual time=39.437..39.437 rows=1401902 loops=1)
                                                         Index Cond: (info_type_id = 7)
                                                         Buffers: shared read=1099
                                             ->  Hash  (cost=48863.41..48863.41 rows=50525 width=4) (actual time=130.314..130.317 rows=17601 loops=1)
                                                   Buckets: 65536  Batches: 1  Memory Usage: 1131kB
                                                   Buffers: shared hit=137 read=12653
                                                   ->  Nested Loop  (cost=4507.58..48863.41 rows=50525 width=4) (actual time=5.607..126.470 rows=17601 loops=1)
                                                         Buffers: shared hit=137 read=12653
                                                         ->  Seq Scan on kind_type kt  (cost=0.00..1.09 rows=1 width=4) (actual time=0.009..0.013 rows=1 loops=1)
                                                               Filter: ((kind)::text = 'tv movie'::text)
                                                               Rows Removed by Filter: 6
                                                               Buffers: shared hit=1
                                                         ->  Bitmap Heap Scan on title t  (cost=4507.58..48272.87 rows=58946 width=8) (actual time=5.593..125.200 rows=17601 loops=1)
                                                               Recheck Cond: (kind_id = kt.id)
                                                               Filter: ((production_year <= 1975) AND (1925 < production_year))
                                                               Rows Removed by Filter: 82936
                                                               Heap Blocks: exact=12708
                                                               Buffers: shared hit=136 read=12653
                                                               ->  Bitmap Index Scan on kind_id_title  (cost=0.00..4492.84 rows=421388 width=0) (actual time=4.046..4.046 rows=100537 loops=1)
                                                                     Index Cond: (kind_id = kt.id)
                                                                     Buffers: shared read=81
                                       ->  Index Scan using movie_id_movie_info on movie_info mi1  (cost=0.43..43.33 rows=1 width=8) (actual time=0.080..0.080 rows=1 loops=1840)
                                             Index Cond: (movie_id = t.id)
                                             Filter: ((info_type_id = 3) AND ((info)::text = ANY ('{Comedy,Drama,History,Horror,Music,Romance,Sci-Fi,Sport}'::text[])))
                                             Rows Removed by Filter: 15
                                             Buffers: shared hit=19474 read=3934
                     ->  Index Scan using movie_id_cast_info on cast_info ci  (cost=0.44..44.50 rows=38 width=12) (actual time=0.023..0.187 rows=26 loops=1458)
                           Index Cond: (movie_id = t.id)
                           Buffers: shared hit=32577 read=9618
               ->  Hash  (cost=1.15..1.15 rows=2 width=4) (actual time=0.056..0.056 rows=2 loops=1)
                     Buckets: 1024  Batches: 1  Memory Usage: 9kB
                     Buffers: shared hit=1
                     ->  Seq Scan on role_type rt  (cost=0.00..1.15 rows=2 width=4) (actual time=0.028..0.049 rows=2 loops=1)
                           Filter: ((role)::text = ANY ('{director,"production designer"}'::text[]))
                           Rows Removed by Filter: 10
                           Buffers: shared hit=1
         ->  Index Scan using name_pkey on name n  (cost=0.43..2.32 rows=1 width=4) (actual time=0.022..0.022 rows=1 loops=1789)
               Index Cond: (id = ci.person_id)
               Filter: ((gender)::text = ANY ('{f,m}'::text[]))
               Rows Removed by Filter: 0
               Buffers: shared hit=6396 read=760
 Planning:
   Buffers: shared hit=529 read=45
 Planning Time: 13.767 ms
 Execution Time: 1036.656 ms
(77 rows)

