                                                                                                  QUERY PLAN                                                                                                  
--------------------------------------------------------------------------------------------------------------------------------------------------------------------------------------------------------------
 Aggregate  (cost=870979.44..870979.45 rows=1 width=8) (actual time=66354.468..66354.476 rows=1 loops=1)
   Buffers: shared hit=6356519 read=416958, temp read=8060 written=7427
   ->  Nested Loop  (cost=790376.70..870979.02 rows=166 width=0) (actual time=1318.176..66353.459 rows=1667 loops=1)
         Buffers: shared hit=6356519 read=416958, temp read=8060 written=7427
         ->  Seq Scan on info_type it2  (cost=0.00..2.41 rows=1 width=4) (actual time=0.064..0.076 rows=1 loops=1)
               Filter: (id = 7)
               Rows Removed by Filter: 112
               Buffers: shared hit=1
         ->  Nested Loop  (cost=790376.70..870974.95 rows=166 width=4) (actual time=1318.110..66352.804 rows=1667 loops=1)
               Buffers: shared hit=6356518 read=416958, temp read=8060 written=7427
               ->  Seq Scan on info_type it1  (cost=0.00..2.41 rows=1 width=4) (actual time=0.010..0.024 rows=1 loops=1)
                     Filter: (id = 3)
                     Rows Removed by Filter: 112
                     Buffers: shared hit=1
               ->  Nested Loop  (cost=790376.70..870970.88 rows=166 width=8) (actual time=1318.098..66352.160 rows=1667 loops=1)
                     Buffers: shared hit=6356517 read=416958, temp read=8060 written=7427
                     ->  Hash Join  (cost=790376.27..869314.74 rows=714 width=12) (actual time=988.136..63045.846 rows=86307 loops=1)
                           Hash Cond: (ci.role_id = rt.id)
                           Buffers: shared hit=6032345 read=395902, temp read=8060 written=7427
                           ->  Nested Loop  (cost=790375.10..869283.13 rows=8572 width=16) (actual time=988.014..62169.039 rows=4191656 loops=1)
                                 Buffers: shared hit=6032344 read=395902, temp read=8060 written=7427
                                 ->  Nested Loop  (cost=790374.66..843129.28 rows=598 width=20) (actual time=987.987..19578.529 rows=85200 loops=1)
                                       Buffers: shared hit=2061893 read=19895, temp read=8060 written=7427
                                       ->  Nested Loop  (cost=790374.52..843094.83 rows=1395 width=24) (actual time=987.760..19477.121 rows=90856 loops=1)
                                             Join Filter: (t.id = mi1.movie_id)
                                             Buffers: shared hit=2061881 read=19895, temp read=8060 written=7427
                                             ->  Merge Join  (cost=790374.09..791238.35 rows=14881 width=16) (actual time=987.649..1689.108 rows=514913 loops=1)
                                                   Merge Cond: (mi1.movie_id = mi2.movie_id)
                                                   Buffers: shared hit=19842 read=2282, temp read=8060 written=7427
                                                   ->  Sort  (cost=395414.21..395588.59 rows=69753 width=8) (actual time=516.613..647.070 rows=692357 loops=1)
                                                         Sort Key: mi1.movie_id
                                                         Sort Method: external sort  Disk: 14960kB
                                                         Buffers: shared hit=8693 read=2282, temp read=3733 written=3743
                                                         ->  Bitmap Heap Scan on movie_info mi1  (cost=16465.91..389802.59 rows=69753 width=8) (actual time=42.300..344.740 rows=692371 loops=1)
                                                               Recheck Cond: (info_type_id = 3)
                                                               Filter: ((info)::text = ANY ('{Drama,Romance,Short,Thriller}'::text[]))
                                                               Rows Removed by Filter: 841538
                                                               Heap Blocks: exact=9772
                                                               Buffers: shared hit=8693 read=2282
                                                               ->  Bitmap Index Scan on info_type_id_movie_info  (cost=0.00..16448.47 rows=1538671 width=0) (actual time=41.099..41.099 rows=1533909 loops=1)
                                                                     Index Cond: (info_type_id = 3)
                                                                     Buffers: shared hit=1 read=1202
                                                   ->  Sort  (cost=394959.88..395143.22 rows=73336 width=8) (actual time=471.026..658.754 rows=784697 loops=1)
                                                         Sort Key: mi2.movie_id
                                                         Sort Method: external sort  Disk: 14728kB
                                                         Buffers: shared hit=11149, temp read=4001 written=3684
                                                         ->  Bitmap Heap Scan on movie_info mi2  (cost=15888.72..389033.52 rows=73336 width=8) (actual time=29.872..306.012 rows=681480 loops=1)
                                                               Recheck Cond: (info_type_id = 7)
                                                               Filter: ((info)::text = ANY ('{"OFM:35 mm",PCS:Spherical,"PFM:35 mm","RAT:1.85 : 1"}'::text[]))
                                                               Rows Removed by Filter: 720422
                                                               Heap Blocks: exact=10050
                                                               Buffers: shared hit=11149
                                                               ->  Bitmap Index Scan on info_type_id_movie_info  (cost=0.00..15870.39 rows=1484527 width=0) (actual time=28.631..28.632 rows=1401902 loops=1)
                                                                     Index Cond: (info_type_id = 7)
                                                                     Buffers: shared hit=1099
                                             ->  Index Scan using title_pkey on title t  (cost=0.43..3.47 rows=1 width=8) (actual time=0.034..0.034 rows=0 loops=514913)
                                                   Index Cond: (id = mi2.movie_id)
                                                   Filter: ((production_year <= 2015) AND (1990 < production_year))
                                                   Rows Removed by Filter: 1
                                                   Buffers: shared hit=2042039 read=17613
                                       ->  Memoize  (cost=0.14..0.16 rows=1 width=4) (actual time=0.000..0.000 rows=1 loops=90856)
                                             Cache Key: t.kind_id
                                             Cache Mode: logical
                                             Hits: 90850  Misses: 6  Evictions: 0  Overflows: 0  Memory Usage: 1kB
                                             Buffers: shared hit=12
                                             ->  Index Scan using kind_type_pkey on kind_type kt  (cost=0.13..0.15 rows=1 width=4) (actual time=0.010..0.010 rows=0 loops=6)
                                                   Index Cond: (id = t.kind_id)
                                                   Filter: ((kind)::text = ANY ('{episode,movie,"video movie"}'::text[]))
                                                   Rows Removed by Filter: 0
                                                   Buffers: shared hit=12
                                 ->  Index Scan using movie_id_cast_info on cast_info ci  (cost=0.44..43.36 rows=38 width=12) (actual time=0.037..0.485 rows=49 loops=85200)
                                       Index Cond: (movie_id = t.id)
                                       Buffers: shared hit=3970451 read=376007
                           ->  Hash  (cost=1.15..1.15 rows=1 width=4) (actual time=0.022..0.022 rows=1 loops=1)
                                 Buckets: 1024  Batches: 1  Memory Usage: 9kB
                                 Buffers: shared hit=1
                                 ->  Seq Scan on role_type rt  (cost=0.00..1.15 rows=1 width=4) (actual time=0.011..0.013 rows=1 loops=1)
                                       Filter: ((role)::text = 'cinematographer'::text)
                                       Rows Removed by Filter: 11
                                       Buffers: shared hit=1
                     ->  Index Scan using name_pkey on name n  (cost=0.43..2.32 rows=1 width=4) (actual time=0.038..0.038 rows=0 loops=86307)
                           Index Cond: (id = ci.person_id)
                           Filter: ((gender)::text = 'f'::text)
                           Rows Removed by Filter: 1
                           Buffers: shared hit=324172 read=21056
 Planning:
   Buffers: shared hit=574
 Planning Time: 12.606 ms
 Execution Time: 66365.296 ms
(89 rows)

