                                                                                            QUERY PLAN                                                                                             
---------------------------------------------------------------------------------------------------------------------------------------------------------------------------------------------------
 Aggregate  (cost=677404.64..677404.65 rows=1 width=8) (actual time=2137.946..2137.957 rows=1 loops=1)
   Buffers: shared hit=32548 read=65438
   ->  Nested Loop  (cost=467943.88..677404.51 rows=53 width=0) (actual time=773.985..2137.924 rows=118 loops=1)
         Buffers: shared hit=32548 read=65438
         ->  Seq Scan on info_type it2  (cost=0.00..2.41 rows=1 width=4) (actual time=0.037..0.042 rows=1 loops=1)
               Filter: (id = 7)
               Rows Removed by Filter: 112
               Buffers: shared hit=1
         ->  Nested Loop  (cost=467943.88..677401.57 rows=53 width=4) (actual time=773.946..2137.860 rows=118 loops=1)
               Buffers: shared hit=32547 read=65438
               ->  Seq Scan on info_type it1  (cost=0.00..2.41 rows=1 width=4) (actual time=0.006..0.012 rows=1 loops=1)
                     Filter: (id = 3)
                     Rows Removed by Filter: 112
                     Buffers: shared hit=1
               ->  Nested Loop  (cost=467943.88..677398.62 rows=53 width=8) (actual time=773.938..2137.826 rows=118 loops=1)
                     Join Filter: (t.id = mi2.movie_id)
                     Buffers: shared hit=32546 read=65438
                     ->  Nested Loop  (cost=467943.45..617426.64 rows=1415 width=16) (actual time=773.882..2127.909 rows=133 loops=1)
                           Buffers: shared hit=31222 read=64635
                           ->  Hash Join  (cost=467943.02..603293.80 rows=6093 width=20) (actual time=743.717..2099.726 rows=1796 loops=1)
                                 Hash Cond: (ci.movie_id = t.id)
                                 Buffers: shared hit=26073 read=62600
                                 ->  Nested Loop  (cost=0.44..123965.00 rows=3020080 width=8) (actual time=0.081..1058.678 rows=4323018 loops=1)
                                       Buffers: shared hit=22921 read=18385
                                       ->  Seq Scan on role_type rt  (cost=0.00..1.15 rows=1 width=4) (actual time=0.009..0.011 rows=1 loops=1)
                                             Filter: ((role)::text = 'miscellaneous crew'::text)
                                             Rows Removed by Filter: 11
                                             Buffers: shared hit=1
                                       ->  Index Scan using role_id_cast_info on cast_info ci  (cost=0.44..91017.52 rows=3294633 width=12) (actual time=0.070..717.814 rows=4323018 loops=1)
                                             Index Cond: (role_id = rt.id)
                                             Buffers: shared hit=22920 read=18385
                                 ->  Hash  (cost=467878.81..467878.81 rows=5101 width=12) (actual time=741.871..741.879 rows=5543 loops=1)
                                       Buckets: 8192  Batches: 1  Memory Usage: 303kB
                                       Buffers: shared hit=3152 read=44215
                                       ->  Hash Join  (cost=94172.04..467878.81 rows=5101 width=12) (actual time=416.283..740.812 rows=5543 loops=1)
                                             Hash Cond: (mi1.movie_id = t.id)
                                             Buffers: shared hit=3152 read=44215
                                             ->  Bitmap Heap Scan on movie_info mi1  (cost=16469.76..389806.45 rows=85088 width=8) (actual time=41.152..297.347 rows=838487 loops=1)
                                                   Recheck Cond: (info_type_id = 3)
                                                   Filter: ((info)::text = ANY ('{Action,Animation,Drama,Fantasy,History,Music,Romance,Short,Sport,War}'::text[]))
                                                   Rows Removed by Filter: 695422
                                                   Heap Blocks: exact=9772
                                                   Buffers: shared hit=1 read=10974
                                                   ->  Bitmap Index Scan on info_type_id_movie_info  (cost=0.00..16448.47 rows=1538671 width=0) (actual time=39.957..39.957 rows=1533909 loops=1)
                                                         Index Cond: (info_type_id = 3)
                                                         Buffers: shared read=1203
                                             ->  Hash  (cost=75807.58..75807.58 rows=151576 width=4) (actual time=374.064..374.070 rows=11843 loops=1)
                                                   Buckets: 262144  Batches: 1  Memory Usage: 2465kB
                                                   Buffers: shared hit=3151 read=33241
                                                   ->  Hash Join  (cost=1.13..75807.58 rows=151576 width=4) (actual time=0.132..371.106 rows=11843 loops=1)
                                                         Hash Cond: (t.kind_id = kt.id)
                                                         Buffers: shared hit=3151 read=33241
                                                         ->  Seq Scan on title t  (cost=0.00..74315.95 rows=353677 width=8) (actual time=0.023..350.860 rows=347589 loops=1)
                                                               Filter: ((production_year <= 1975) AND (1925 < production_year))
                                                               Rows Removed by Filter: 2180723
                                                               Buffers: shared hit=3150 read=33241
                                                         ->  Hash  (cost=1.10..1.10 rows=3 width=4) (actual time=0.013..0.018 rows=3 loops=1)
                                                               Buckets: 1024  Batches: 1  Memory Usage: 9kB
                                                               Buffers: shared hit=1
                                                               ->  Seq Scan on kind_type kt  (cost=0.00..1.10 rows=3 width=4) (actual time=0.007..0.009 rows=3 loops=1)
                                                                     Filter: ((kind)::text = ANY ('{"tv series","video game","video movie"}'::text[]))
                                                                     Rows Removed by Filter: 4
                                                                     Buffers: shared hit=1
                           ->  Index Scan using name_pkey on name n  (cost=0.43..2.32 rows=1 width=4) (actual time=0.015..0.015 rows=0 loops=1796)
                                 Index Cond: (id = ci.person_id)
                                 Filter: ((gender)::text = 'f'::text)
                                 Rows Removed by Filter: 1
                                 Buffers: shared hit=5149 read=2035
                     ->  Index Scan using movie_id_movie_info on movie_info mi2  (cost=0.43..42.37 rows=1 width=8) (actual time=0.041..0.074 rows=1 loops=133)
                           Index Cond: (movie_id = ci.movie_id)
                           Filter: ((info_type_id = 7) AND ((info)::text = ANY ('{MET:,"OFM:35 mm",PCS:Spherical,"PFM:16 mm","PFM:35 mm","RAT:1.20 : 1","RAT:1.33 : 1","RAT:2.35 : 1"}'::text[])))
                           Rows Removed by Filter: 51
                           Buffers: shared hit=1324 read=803
 Planning:
   Buffers: shared hit=486 read=91
 Planning Time: 12.423 ms
 Execution Time: 2138.511 ms
(77 rows)

