                                                                                                                                       QUERY PLAN                                                                                                                                       
----------------------------------------------------------------------------------------------------------------------------------------------------------------------------------------------------------------------------------------------------------------------------------------
 Aggregate  (cost=978699.30..978699.31 rows=1 width=8) (actual time=18437.551..18437.560 rows=1 loops=1)
   Buffers: shared hit=1710773 read=115345, temp read=7312 written=6803
   ->  Nested Loop  (cost=910224.30..978698.86 rows=175 width=0) (actual time=1221.879..18437.443 rows=139 loops=1)
         Buffers: shared hit=1710773 read=115345, temp read=7312 written=6803
         ->  Seq Scan on info_type it2  (cost=0.00..2.41 rows=1 width=4) (actual time=0.046..0.058 rows=1 loops=1)
               Filter: (id = 7)
               Rows Removed by Filter: 112
               Buffers: shared hit=1
         ->  Nested Loop  (cost=910224.30..978694.70 rows=175 width=4) (actual time=1221.831..18437.330 rows=139 loops=1)
               Buffers: shared hit=1710772 read=115345, temp read=7312 written=6803
               ->  Seq Scan on info_type it1  (cost=0.00..2.41 rows=1 width=4) (actual time=0.017..0.031 rows=1 loops=1)
                     Filter: (id = 3)
                     Rows Removed by Filter: 112
                     Buffers: shared hit=1
               ->  Nested Loop  (cost=910224.30..978690.53 rows=175 width=8) (actual time=1221.811..18437.234 rows=139 loops=1)
                     Buffers: shared hit=1710771 read=115345, temp read=7312 written=6803
                     ->  Hash Join  (cost=910223.87..976941.62 rows=754 width=12) (actual time=1103.183..18136.854 rows=7829 loops=1)
                           Hash Cond: (ci.role_id = rt.id)
                           Buffers: shared hit=1682626 read=112174, temp read=7312 written=6803
                           ->  Nested Loop  (cost=910222.71..976908.32 rows=9045 width=16) (actual time=1102.534..18069.138 rows=357583 loops=1)
                                 Buffers: shared hit=1682625 read=112174, temp read=7312 written=6803
                                 ->  Nested Loop  (cost=910222.27..949359.07 rows=631 width=20) (actual time=1102.507..14115.686 rows=12653 loops=1)
                                       Buffers: shared hit=1376076 read=32392, temp read=7312 written=6803
                                       ->  Nested Loop  (cost=910222.12..949322.81 rows=1471 width=24) (actual time=1102.489..13936.661 rows=252680 loops=1)
                                             Buffers: shared hit=1376064 read=32392, temp read=7312 written=6803
                                             ->  Merge Join  (cost=910221.69..910998.55 rows=11610 width=16) (actual time=1102.448..1665.744 rows=346583 loops=1)
                                                   Merge Cond: (mi1.movie_id = mi2.movie_id)
                                                   Buffers: shared hit=11018 read=11106, temp read=7312 written=6803
                                                   ->  Sort  (cost=396805.91..397019.53 rows=85448 width=8) (actual time=489.128..632.638 rows=806987 loops=1)
                                                         Sort Key: mi1.movie_id
                                                         Sort Method: external sort  Disk: 17440kB
                                                         Buffers: shared hit=10975, temp read=4352 written=4363
                                                         ->  Bitmap Heap Scan on movie_info mi1  (cost=16469.85..389806.54 rows=85448 width=8) (actual time=41.972..288.888 rows=806990 loops=1)
                                                               Recheck Cond: (info_type_id = 3)
                                                               Filter: ((info)::text = ANY ('{Adult,Adventure,Biography,Comedy,Crime,Family,History,Mystery,Romance,Short}'::text[]))
                                                               Rows Removed by Filter: 726919
                                                               Heap Blocks: exact=9772
                                                               Buffers: shared hit=10975
                                                               ->  Bitmap Index Scan on info_type_id_movie_info  (cost=0.00..16448.47 rows=1538671 width=0) (actual time=40.784..40.784 rows=1533909 loops=1)
                                                                     Index Cond: (info_type_id = 3)
                                                                     Buffers: shared hit=1203
                                                   ->  Sort  (cost=513415.79..513532.55 rows=46704 width=8) (actual time=613.309..720.655 rows=547984 loops=1)
                                                         Sort Key: mi2.movie_id
                                                         Sort Method: external sort  Disk: 9752kB
                                                         Buffers: shared hit=43 read=11106, temp read=2697 written=2440
                                                         ->  Bitmap Heap Scan on movie_info mi2  (cost=15882.06..509793.60 rows=46704 width=8) (actual time=33.350..500.906 rows=451293 loops=1)
                                                               Recheck Cond: (info_type_id = 7)
                                                               Filter: ((info)::text = ANY ('{LAB:DeLuxe,"OFM:16 mm","PCS:Digital Intermediate","PFM:16 mm","PFM:35 mm",PFM:Video,"RAT:1.20 : 1","RAT:1.37 : 1","RAT:1.66 : 1","RAT:1.78 : 1","RAT:1.85 : 1","RAT:2.35 : 1"}'::text[]))
                                                               Rows Removed by Filter: 950609
                                                               Heap Blocks: exact=10050
                                                               Buffers: shared hit=43 read=11106
                                                               ->  Bitmap Index Scan on info_type_id_movie_info  (cost=0.00..15870.39 rows=1484527 width=0) (actual time=32.118..32.118 rows=1401902 loops=1)
                                                                     Index Cond: (info_type_id = 7)
                                                                     Buffers: shared hit=1 read=1098
                                             ->  Index Scan using title_pkey on title t  (cost=0.43..3.30 rows=1 width=8) (actual time=0.035..0.035 rows=1 loops=346583)
                                                   Index Cond: (id = mi1.movie_id)
                                                   Filter: ((production_year <= 2015) AND (1925 < production_year))
                                                   Rows Removed by Filter: 0
                                                   Buffers: shared hit=1365046 read=21286
                                       ->  Memoize  (cost=0.14..0.16 rows=1 width=4) (actual time=0.000..0.000 rows=0 loops=252680)
                                             Cache Key: t.kind_id
                                             Cache Mode: logical
                                             Hits: 252674  Misses: 6  Evictions: 0  Overflows: 0  Memory Usage: 1kB
                                             Buffers: shared hit=12
                                             ->  Index Scan using kind_type_pkey on kind_type kt  (cost=0.13..0.15 rows=1 width=4) (actual time=0.011..0.011 rows=0 loops=6)
                                                   Index Cond: (id = t.kind_id)
                                                   Filter: ((kind)::text = ANY ('{"tv movie","tv series","video game"}'::text[]))
                                                   Rows Removed by Filter: 0
                                                   Buffers: shared hit=12
                                 ->  Index Scan using movie_id_cast_info on cast_info ci  (cost=0.44..43.28 rows=38 width=12) (actual time=0.037..0.304 rows=28 loops=12653)
                                       Index Cond: (movie_id = t.id)
                                       Buffers: shared hit=306549 read=79782
                           ->  Hash  (cost=1.15..1.15 rows=1 width=4) (actual time=0.031..0.032 rows=1 loops=1)
                                 Buckets: 1024  Batches: 1  Memory Usage: 9kB
                                 Buffers: shared hit=1
                                 ->  Seq Scan on role_type rt  (cost=0.00..1.15 rows=1 width=4) (actual time=0.017..0.021 rows=1 loops=1)
                                       Filter: ((role)::text = 'composer'::text)
                                       Rows Removed by Filter: 11
                                       Buffers: shared hit=1
                     ->  Index Scan using name_pkey on name n  (cost=0.43..2.32 rows=1 width=4) (actual time=0.038..0.038 rows=0 loops=7829)
                           Index Cond: (id = ci.person_id)
                           Filter: ((gender)::text = 'f'::text)
                           Rows Removed by Filter: 1
                           Buffers: shared hit=28145 read=3171
 Planning:
   Buffers: shared hit=577
 Planning Time: 14.322 ms
 Execution Time: 18448.431 ms
(88 rows)

