                                                                                            QUERY PLAN                                                                                            
--------------------------------------------------------------------------------------------------------------------------------------------------------------------------------------------------
 Aggregate  (cost=598008.56..598008.57 rows=1 width=8) (actual time=1651.240..1651.248 rows=1 loops=1)
   Buffers: shared hit=87042 read=59628
   ->  Nested Loop  (cost=93586.06..598008.33 rows=89 width=0) (actual time=419.354..1650.566 rows=5758 loops=1)
         Buffers: shared hit=87042 read=59628
         ->  Hash Join  (cost=93585.63..597692.88 rows=136 width=4) (actual time=417.833..1450.054 rows=5930 loops=1)
               Hash Cond: (ci.role_id = rt.id)
               Buffers: shared hit=68718 read=54232
               ->  Nested Loop  (cost=93584.46..597688.80 rows=817 width=8) (actual time=417.662..1446.242 rows=24488 loops=1)
                     Buffers: shared hit=68717 read=54232
                     ->  Nested Loop  (cost=93584.02..595130.68 rows=57 width=12) (actual time=417.634..1173.733 rows=2527 loops=1)
                           Buffers: shared hit=45302 read=46423
                           ->  Seq Scan on info_type it2  (cost=0.00..2.41 rows=1 width=4) (actual time=0.030..0.035 rows=1 loops=1)
                                 Filter: (id = 7)
                                 Rows Removed by Filter: 112
                                 Buffers: shared hit=1
                           ->  Nested Loop  (cost=93584.02..595127.69 rows=57 width=16) (actual time=417.602..1173.297 rows=2527 loops=1)
                                 Buffers: shared hit=45301 read=46423
                                 ->  Seq Scan on info_type it1  (cost=0.00..2.41 rows=1 width=4) (actual time=0.008..0.015 rows=1 loops=1)
                                       Filter: (id = 3)
                                       Rows Removed by Filter: 112
                                       Buffers: shared hit=1
                                 ->  Nested Loop  (cost=93584.02..595124.71 rows=57 width=20) (actual time=417.591..1172.870 rows=2527 loops=1)
                                       Buffers: shared hit=45300 read=46423
                                       ->  Hash Join  (cost=93583.58..482014.22 rows=2619 width=12) (actual time=417.503..806.695 rows=3473 loops=1)
                                             Hash Cond: (mi2.movie_id = t.id)
                                             Buffers: shared hit=14552 read=32989
                                             ->  Bitmap Heap Scan on movie_info mi2  (cost=15881.31..404121.95 rows=43683 width=8) (actual time=39.823..376.332 rows=429672 loops=1)
                                                   Recheck Cond: (info_type_id = 7)
                                                   Filter: ((info)::text = ANY ('{LAB:Technicolor,PCS:Spherical,"RAT:1.33 : 1","RAT:1.85 : 1","RAT:2.35 : 1"}'::text[]))
                                                   Rows Removed by Filter: 972230
                                                   Heap Blocks: exact=10050
                                                   Buffers: shared hit=20 read=11129
                                                   ->  Bitmap Index Scan on info_type_id_movie_info  (cost=0.00..15870.39 rows=1484527 width=0) (actual time=38.558..38.559 rows=1401902 loops=1)
                                                         Index Cond: (info_type_id = 7)
                                                         Buffers: shared read=1099
                                             ->  Hash  (cost=75807.58..75807.58 rows=151576 width=4) (actual time=376.605..376.608 rows=11843 loops=1)
                                                   Buckets: 262144  Batches: 1  Memory Usage: 2465kB
                                                   Buffers: shared hit=14532 read=21860
                                                   ->  Hash Join  (cost=1.13..75807.58 rows=151576 width=4) (actual time=0.148..373.784 rows=11843 loops=1)
                                                         Hash Cond: (t.kind_id = kt.id)
                                                         Buffers: shared hit=14532 read=21860
                                                         ->  Seq Scan on title t  (cost=0.00..74315.95 rows=353677 width=8) (actual time=0.021..353.587 rows=347589 loops=1)
                                                               Filter: ((production_year <= 1975) AND (1925 < production_year))
                                                               Rows Removed by Filter: 2180723
                                                               Buffers: shared hit=14531 read=21860
                                                         ->  Hash  (cost=1.10..1.10 rows=3 width=4) (actual time=0.013..0.014 rows=3 loops=1)
                                                               Buckets: 1024  Batches: 1  Memory Usage: 9kB
                                                               Buffers: shared hit=1
                                                               ->  Seq Scan on kind_type kt  (cost=0.00..1.10 rows=3 width=4) (actual time=0.008..0.010 rows=3 loops=1)
                                                                     Filter: ((kind)::text = ANY ('{"tv series","video game","video movie"}'::text[]))
                                                                     Rows Removed by Filter: 4
                                                                     Buffers: shared hit=1
                                       ->  Index Scan using movie_id_movie_info on movie_info mi1  (cost=0.43..43.18 rows=1 width=8) (actual time=0.103..0.105 rows=1 loops=3473)
                                             Index Cond: (movie_id = t.id)
                                             Filter: ((info_type_id = 3) AND ((info)::text = ANY ('{Comedy,Drama,Music,Romance,Thriller}'::text[])))
                                             Rows Removed by Filter: 18
                                             Buffers: shared hit=30748 read=13434
                     ->  Index Scan using movie_id_cast_info on cast_info ci  (cost=0.44..44.50 rows=38 width=12) (actual time=0.027..0.106 rows=10 loops=2527)
                           Index Cond: (movie_id = t.id)
                           Buffers: shared hit=23415 read=7809
               ->  Hash  (cost=1.15..1.15 rows=2 width=4) (actual time=0.036..0.036 rows=2 loops=1)
                     Buckets: 1024  Batches: 1  Memory Usage: 9kB
                     Buffers: shared hit=1
                     ->  Seq Scan on role_type rt  (cost=0.00..1.15 rows=2 width=4) (actual time=0.025..0.028 rows=2 loops=1)
                           Filter: ((role)::text = ANY ('{actress,cinematographer}'::text[]))
                           Rows Removed by Filter: 10
                           Buffers: shared hit=1
         ->  Index Scan using name_pkey on name n  (cost=0.43..2.32 rows=1 width=4) (actual time=0.033..0.033 rows=1 loops=5930)
               Index Cond: (id = ci.person_id)
               Filter: ((gender)::text = ANY ('{f,m}'::text[]))
               Rows Removed by Filter: 0
               Buffers: shared hit=18324 read=5396
 Planning:
   Buffers: shared hit=520 read=54
 Planning Time: 13.826 ms
 Execution Time: 1651.831 ms
(76 rows)

