                                                                                            QUERY PLAN                                                                                            
--------------------------------------------------------------------------------------------------------------------------------------------------------------------------------------------------
 Aggregate  (cost=624822.51..624822.52 rows=1 width=8) (actual time=1241.580..1241.587 rows=1 loops=1)
   Buffers: shared hit=59022 read=36602
   ->  Nested Loop  (cost=94166.53..624822.40 rows=44 width=0) (actual time=465.481..1241.547 rows=123 loops=1)
         Buffers: shared hit=59022 read=36602
         ->  Seq Scan on info_type it2  (cost=0.00..2.41 rows=1 width=4) (actual time=0.049..0.054 rows=1 loops=1)
               Filter: (id = 7)
               Rows Removed by Filter: 112
               Buffers: shared hit=1
         ->  Nested Loop  (cost=94166.53..624819.54 rows=44 width=4) (actual time=465.430..1241.466 rows=123 loops=1)
               Buffers: shared hit=59021 read=36602
               ->  Seq Scan on info_type it1  (cost=0.00..2.41 rows=1 width=4) (actual time=0.010..0.016 rows=1 loops=1)
                     Filter: (id = 3)
                     Rows Removed by Filter: 112
                     Buffers: shared hit=1
               ->  Nested Loop  (cost=94166.53..624816.69 rows=44 width=8) (actual time=465.417..1241.419 rows=123 loops=1)
                     Buffers: shared hit=59020 read=36602
                     ->  Hash Join  (cost=94166.10..624575.46 rows=104 width=12) (actual time=418.788..1225.825 rows=497 loops=1)
                           Hash Cond: (ci.role_id = rt.id)
                           Buffers: shared hit=57323 read=36311
                           ->  Nested Loop  (cost=94164.94..624569.87 rows=1247 width=16) (actual time=418.088..1224.092 rows=12545 loops=1)
                                 Buffers: shared hit=57322 read=36311
                                 ->  Nested Loop  (cost=94164.50..620665.36 rows=87 width=20) (actual time=418.062..1092.122 rows=1284 loops=1)
                                       Buffers: shared hit=42919 read=35034
                                       ->  Hash Join  (cost=94164.07..482842.08 rows=3195 width=12) (actual time=417.456..831.516 rows=2909 loops=1)
                                             Hash Cond: (mi1.movie_id = t.id)
                                             Buffers: shared hit=16650 read=30717
                                             ->  Bitmap Heap Scan on movie_info mi1  (cost=16461.79..404908.02 rows=53289 width=8) (actual time=42.480..403.653 rows=514561 loops=1)
                                                   Recheck Cond: (info_type_id = 3)
                                                   Filter: ((info)::text = ANY ('{Action,Family,Mystery,Romance,Short}'::text[]))
                                                   Rows Removed by Filter: 1019348
                                                   Heap Blocks: exact=9772
                                                   Buffers: shared hit=661 read=10314
                                                   ->  Bitmap Index Scan on info_type_id_movie_info  (cost=0.00..16448.47 rows=1538671 width=0) (actual time=41.282..41.282 rows=1533909 loops=1)
                                                         Index Cond: (info_type_id = 3)
                                                         Buffers: shared hit=1 read=1202
                                             ->  Hash  (cost=75807.58..75807.58 rows=151576 width=4) (actual time=373.892..373.895 rows=11843 loops=1)
                                                   Buckets: 262144  Batches: 1  Memory Usage: 2465kB
                                                   Buffers: shared hit=15989 read=20403
                                                   ->  Hash Join  (cost=1.13..75807.58 rows=151576 width=4) (actual time=0.122..371.010 rows=11843 loops=1)
                                                         Hash Cond: (t.kind_id = kt.id)
                                                         Buffers: shared hit=15989 read=20403
                                                         ->  Seq Scan on title t  (cost=0.00..74315.95 rows=353677 width=8) (actual time=0.027..350.892 rows=347589 loops=1)
                                                               Filter: ((production_year <= 1975) AND (1925 < production_year))
                                                               Rows Removed by Filter: 2180723
                                                               Buffers: shared hit=15988 read=20403
                                                         ->  Hash  (cost=1.10..1.10 rows=3 width=4) (actual time=0.012..0.013 rows=3 loops=1)
                                                               Buckets: 1024  Batches: 1  Memory Usage: 9kB
                                                               Buffers: shared hit=1
                                                               ->  Seq Scan on kind_type kt  (cost=0.00..1.10 rows=3 width=4) (actual time=0.007..0.008 rows=3 loops=1)
                                                                     Filter: ((kind)::text = ANY ('{"tv series","video game","video movie"}'::text[]))
                                                                     Rows Removed by Filter: 4
                                                                     Buffers: shared hit=1
                                       ->  Index Scan using movie_id_movie_info on movie_info mi2  (cost=0.43..43.13 rows=1 width=8) (actual time=0.073..0.089 rows=0 loops=2909)
                                             Index Cond: (movie_id = t.id)
                                             Filter: ((info_type_id = 7) AND ((info)::text = ANY ('{PCS:Spherical,"PFM:35 mm","RAT:1.33 : 1","RAT:1.37 : 1"}'::text[])))
                                             Rows Removed by Filter: 13
                                             Buffers: shared hit=26269 read=4317
                                 ->  Index Scan using movie_id_cast_info on cast_info ci  (cost=0.44..44.50 rows=38 width=12) (actual time=0.031..0.100 rows=10 loops=1284)
                                       Index Cond: (movie_id = t.id)
                                       Buffers: shared hit=14403 read=1277
                           ->  Hash  (cost=1.15..1.15 rows=1 width=4) (actual time=0.019..0.020 rows=1 loops=1)
                                 Buckets: 1024  Batches: 1  Memory Usage: 9kB
                                 Buffers: shared hit=1
                                 ->  Seq Scan on role_type rt  (cost=0.00..1.15 rows=1 width=4) (actual time=0.012..0.013 rows=1 loops=1)
                                       Filter: ((role)::text = 'editor'::text)
                                       Rows Removed by Filter: 11
                                       Buffers: shared hit=1
                     ->  Index Scan using name_pkey on name n  (cost=0.43..2.32 rows=1 width=4) (actual time=0.031..0.031 rows=0 loops=497)
                           Index Cond: (id = ci.person_id)
                           Filter: ((gender)::text = 'm'::text)
                           Rows Removed by Filter: 1
                           Buffers: shared hit=1697 read=291
 Planning:
   Buffers: shared hit=574
 Planning Time: 12.915 ms
 Execution Time: 1242.304 ms
(76 rows)

