                                                                                               QUERY PLAN                                                                                               
--------------------------------------------------------------------------------------------------------------------------------------------------------------------------------------------------------
 Aggregate  (cost=1046470.16..1046470.17 rows=1 width=8) (actual time=50540.465..50540.477 rows=1 loops=1)
   Buffers: shared hit=4482225 read=535440, temp read=14052 written=14052
   ->  Nested Loop  (cost=564474.63..1046466.37 rows=1517 width=0) (actual time=1736.067..50523.771 rows=57867 loops=1)
         Buffers: shared hit=4482225 read=535440, temp read=14052 written=14052
         ->  Hash Join  (cost=564474.20..1041068.84 rows=2327 width=4) (actual time=1735.939..45538.821 rows=137535 loops=1)
               Hash Cond: (ci.role_id = rt.id)
               Buffers: shared hit=3975342 read=492183, temp read=14052 written=14052
               ->  Nested Loop  (cost=564473.02..1041018.08 rows=13961 width=8) (actual time=1735.675..44761.340 rows=4232405 loops=1)
                     Buffers: shared hit=3975341 read=492183, temp read=14052 written=14052
                     ->  Nested Loop  (cost=564472.58..998419.66 rows=974 width=12) (actual time=1735.634..3211.214 rows=99920 loops=1)
                           Buffers: shared hit=39017 read=19501, temp read=14052 written=14052
                           ->  Nested Loop  (cost=564472.58..998405.07 rows=974 width=16) (actual time=1735.627..3136.164 rows=99920 loops=1)
                                 Buffers: shared hit=39016 read=19501, temp read=14052 written=14052
                                 ->  Hash Join  (cost=564472.58..998390.48 rows=974 width=20) (actual time=1735.605..3066.224 rows=99920 loops=1)
                                       Hash Cond: (mi2.movie_id = t.id)
                                       Buffers: shared hit=39015 read=19501, temp read=14052 written=14052
                                       ->  Bitmap Heap Scan on movie_info mi2  (cost=15895.72..449423.89 rows=101332 width=8) (actual time=39.086..705.159 rows=960747 loops=1)
                                             Recheck Cond: (info_type_id = 7)
                                             Filter: ((info)::text = ANY ('{"OFM:35 mm",OFM:Video,PCS:Spherical,"PFM:16 mm","PFM:35 mm","RAT:1.33 : 1","RAT:1.78 : 1","RAT:2.35 : 1"}'::text[]))
                                             Rows Removed by Filter: 441155
                                             Heap Blocks: exact=10050
                                             Buffers: shared hit=6176 read=4973
                                             ->  Bitmap Index Scan on info_type_id_movie_info  (cost=0.00..15870.39 rows=1484527 width=0) (actual time=37.861..37.862 rows=1401902 loops=1)
                                                   Index Cond: (info_type_id = 7)
                                                   Buffers: shared hit=1099
                                       ->  Hash  (cost=548273.07..548273.07 rows=24303 width=12) (actual time=1694.162..1694.168 rows=432926 loops=1)
                                             Buckets: 262144 (originally 32768)  Batches: 4 (originally 1)  Memory Usage: 6722kB
                                             Buffers: shared hit=32839 read=14528, temp read=8702 written=9967
                                             ->  Hash Join  (cost=110384.66..548273.07 rows=24303 width=12) (actual time=890.972..1625.665 rows=432926 loops=1)
                                                   Hash Cond: (mi1.movie_id = t.id)
                                                   Buffers: shared hit=32839 read=14528, temp read=8702 written=8702
                                                   ->  Bitmap Heap Scan on movie_info mi1  (cost=16469.03..450243.91 rows=82268 width=8) (actual time=36.393..433.243 rows=772915 loops=1)
                                                         Recheck Cond: (info_type_id = 3)
                                                         Filter: ((info)::text = ANY ('{Action,Adult,Animation,Comedy,Crime,Fantasy,Mystery,Short}'::text[]))
                                                         Rows Removed by Filter: 760994
                                                         Heap Blocks: exact=9772
                                                         Buffers: shared hit=10975
                                                         ->  Bitmap Index Scan on info_type_id_movie_info  (cost=0.00..16448.47 rows=1538671 width=0) (actual time=35.209..35.210 rows=1533909 loops=1)
                                                               Index Cond: (info_type_id = 3)
                                                               Buffers: shared hit=1203
                                                   ->  Hash  (cost=81661.50..81661.50 rows=746890 width=4) (actual time=852.961..852.964 rows=1610551 loops=1)
                                                         Buckets: 262144 (originally 262144)  Batches: 16 (originally 8)  Memory Usage: 6145kB
                                                         Buffers: shared hit=21864 read=14528, temp written=4414
                                                         ->  Hash Join  (cost=1.13..81661.50 rows=746890 width=4) (actual time=0.047..641.359 rows=1610551 loops=1)
                                                               Hash Cond: (t.kind_id = kt.id)
                                                               Buffers: shared hit=21864 read=14528
                                                               ->  Seq Scan on title t  (cost=0.00..74315.95 rows=1742744 width=8) (actual time=0.027..446.675 rows=1748995 loops=1)
                                                                     Filter: ((production_year <= 2015) AND (1990 < production_year))
                                                                     Rows Removed by Filter: 779317
                                                                     Buffers: shared hit=21863 read=14528
                                                               ->  Hash  (cost=1.10..1.10 rows=3 width=4) (actual time=0.013..0.014 rows=3 loops=1)
                                                                     Buckets: 1024  Batches: 1  Memory Usage: 9kB
                                                                     Buffers: shared hit=1
                                                                     ->  Seq Scan on kind_type kt  (cost=0.00..1.10 rows=3 width=4) (actual time=0.007..0.009 rows=3 loops=1)
                                                                           Filter: ((kind)::text = ANY ('{episode,movie,"video movie"}'::text[]))
                                                                           Rows Removed by Filter: 4
                                                                           Buffers: shared hit=1
                                 ->  Materialize  (cost=0.00..2.42 rows=1 width=4) (actual time=0.000..0.000 rows=1 loops=99920)
                                       Buffers: shared hit=1
                                       ->  Seq Scan on info_type it1  (cost=0.00..2.41 rows=1 width=4) (actual time=0.018..0.022 rows=1 loops=1)
                                             Filter: (id = 3)
                                             Rows Removed by Filter: 112
                                             Buffers: shared hit=1
                           ->  Materialize  (cost=0.00..2.42 rows=1 width=4) (actual time=0.000..0.000 rows=1 loops=99920)
                                 Buffers: shared hit=1
                                 ->  Seq Scan on info_type it2  (cost=0.00..2.41 rows=1 width=4) (actual time=0.005..0.010 rows=1 loops=1)
                                       Filter: (id = 7)
                                       Rows Removed by Filter: 112
                                       Buffers: shared hit=1
                     ->  Index Scan using movie_id_cast_info on cast_info ci  (cost=0.44..43.36 rows=38 width=12) (actual time=0.036..0.404 rows=42 loops=99920)
                           Index Cond: (movie_id = t.id)
                           Buffers: shared hit=3936324 read=472682
               ->  Hash  (cost=1.15..1.15 rows=2 width=4) (actual time=0.036..0.036 rows=2 loops=1)
                     Buckets: 1024  Batches: 1  Memory Usage: 9kB
                     Buffers: shared hit=1
                     ->  Seq Scan on role_type rt  (cost=0.00..1.15 rows=2 width=4) (actual time=0.027..0.029 rows=2 loops=1)
                           Filter: ((role)::text = ANY ('{cinematographer,"production designer"}'::text[]))
                           Rows Removed by Filter: 10
                           Buffers: shared hit=1
         ->  Index Scan using name_pkey on name n  (cost=0.43..2.32 rows=1 width=4) (actual time=0.035..0.035 rows=0 loops=137535)
               Index Cond: (id = ci.person_id)
               Filter: ((gender)::text = ANY ('{f,m}'::text[]))
               Rows Removed by Filter: 1
               Buffers: shared hit=506883 read=43257
 Planning:
   Buffers: shared hit=574
 Planning Time: 14.208 ms
 Execution Time: 50541.256 ms
(88 rows)

