                                                                                               QUERY PLAN                                                                                               
--------------------------------------------------------------------------------------------------------------------------------------------------------------------------------------------------------
 Aggregate  (cost=486821.71..486821.72 rows=1 width=8) (actual time=5720.626..5720.633 rows=1 loops=1)
   Buffers: shared hit=511258 read=78226
   ->  Nested Loop  (cost=16455.61..486821.63 rows=34 width=0) (actual time=43.373..5719.896 rows=4670 loops=1)
         Buffers: shared hit=511258 read=78226
         ->  Hash Join  (cost=16455.18..486701.01 rows=52 width=4) (actual time=43.341..5401.996 rows=8825 loops=1)
               Hash Cond: (ci.role_id = rt.id)
               Buffers: shared hit=482946 read=71238
               ->  Nested Loop  (cost=16454.01..486698.72 rows=315 width=8) (actual time=43.203..5396.781 rows=23079 loops=1)
                     Buffers: shared hit=482945 read=71238
                     ->  Nested Loop  (cost=16453.57..485714.45 rows=22 width=12) (actual time=43.165..5121.871 rows=1142 loops=1)
                           Buffers: shared hit=463929 read=64467
                           ->  Seq Scan on info_type it2  (cost=0.00..2.41 rows=1 width=4) (actual time=0.022..0.031 rows=1 loops=1)
                                 Filter: (id = 7)
                                 Rows Removed by Filter: 112
                                 Buffers: shared read=1
                           ->  Nested Loop  (cost=16453.57..485711.82 rows=22 width=16) (actual time=43.141..5121.573 rows=1142 loops=1)
                                 Buffers: shared hit=463929 read=64466
                                 ->  Seq Scan on info_type it1  (cost=0.00..2.41 rows=1 width=4) (actual time=0.007..0.018 rows=1 loops=1)
                                       Filter: (id = 3)
                                       Rows Removed by Filter: 112
                                       Buffers: shared hit=1
                                 ->  Nested Loop  (cost=16453.57..485709.19 rows=22 width=20) (actual time=43.132..5121.247 rows=1142 loops=1)
                                       Buffers: shared hit=463928 read=64466
                                       ->  Hash Join  (cost=16453.13..450371.26 rows=821 width=12) (actual time=41.816..4556.249 rows=5156 loops=1)
                                             Hash Cond: (t.kind_id = kt.id)
                                             Buffers: shared hit=432726 read=42238
                                             ->  Nested Loop  (cost=16452.00..450362.05 rows=1916 width=16) (actual time=41.661..4550.780 rows=18754 loops=1)
                                                   Buffers: shared hit=432725 read=42238
                                                   ->  Bitmap Heap Scan on movie_info mi1  (cost=16451.56..374678.69 rows=12361 width=8) (actual time=41.462..640.659 rows=121094 loops=1)
                                                         Recheck Cond: (info_type_id = 3)
                                                         Filter: ((info)::text = ANY ('{Crime,Family,Romance}'::text[]))
                                                         Rows Removed by Filter: 1412815
                                                         Heap Blocks: exact=9772
                                                         Buffers: shared hit=17 read=10958
                                                         ->  Bitmap Index Scan on info_type_id_movie_info  (cost=0.00..16448.47 rows=1538671 width=0) (actual time=40.247..40.247 rows=1533909 loops=1)
                                                               Index Cond: (info_type_id = 3)
                                                               Buffers: shared read=1203
                                                   ->  Memoize  (cost=0.44..6.21 rows=1 width=8) (actual time=0.032..0.032 rows=0 loops=121094)
                                                         Cache Key: mi1.movie_id
                                                         Cache Mode: logical
                                                         Hits: 5097  Misses: 115997  Evictions: 2760  Overflows: 0  Memory Usage: 8193kB
                                                         Buffers: shared hit=432708 read=31280
                                                         ->  Index Scan using title_pkey on title t  (cost=0.43..6.20 rows=1 width=8) (actual time=0.032..0.032 rows=0 loops=115997)
                                                               Index Cond: (id = mi1.movie_id)
                                                               Filter: ((production_year <= 1997) AND (1981 < production_year))
                                                               Rows Removed by Filter: 1
                                                               Buffers: shared hit=432708 read=31280
                                             ->  Hash  (cost=1.10..1.10 rows=3 width=4) (actual time=0.014..0.015 rows=3 loops=1)
                                                   Buckets: 1024  Batches: 1  Memory Usage: 9kB
                                                   Buffers: shared hit=1
                                                   ->  Seq Scan on kind_type kt  (cost=0.00..1.10 rows=3 width=4) (actual time=0.007..0.008 rows=3 loops=1)
                                                         Filter: ((kind)::text = ANY ('{"tv series","video game","video movie"}'::text[]))
                                                         Rows Removed by Filter: 4
                                                         Buffers: shared hit=1
                                       ->  Index Scan using movie_id_movie_info on movie_info mi2  (cost=0.43..43.03 rows=1 width=8) (actual time=0.096..0.109 rows=0 loops=5156)
                                             Index Cond: (movie_id = t.id)
                                             Filter: ((info_type_id = 7) AND ((info)::text = ANY ('{"OFM:35 mm",PCS:Spherical,"RAT:1.33 : 1","RAT:1.85 : 1"}'::text[])))
                                             Rows Removed by Filter: 12
                                             Buffers: shared hit=31202 read=22228
                     ->  Index Scan using movie_id_cast_info on cast_info ci  (cost=0.44..44.36 rows=38 width=12) (actual time=0.041..0.236 rows=20 loops=1142)
                           Index Cond: (movie_id = t.id)
                           Buffers: shared hit=19016 read=6771
               ->  Hash  (cost=1.15..1.15 rows=2 width=4) (actual time=0.030..0.030 rows=2 loops=1)
                     Buckets: 1024  Batches: 1  Memory Usage: 9kB
                     Buffers: shared hit=1
                     ->  Seq Scan on role_type rt  (cost=0.00..1.15 rows=2 width=4) (actual time=0.022..0.025 rows=2 loops=1)
                           Filter: ((role)::text = ANY ('{actress,"miscellaneous crew"}'::text[]))
                           Rows Removed by Filter: 10
                           Buffers: shared hit=1
         ->  Index Scan using name_pkey on name n  (cost=0.43..2.32 rows=1 width=4) (actual time=0.036..0.036 rows=1 loops=8825)
               Index Cond: (id = ci.person_id)
               Filter: ((gender)::text = ANY ('{f,m}'::text[]))
               Rows Removed by Filter: 0
               Buffers: shared hit=28312 read=6988
 Planning:
   Buffers: shared hit=479 read=95
 Planning Time: 12.830 ms
 Execution Time: 5723.059 ms
(78 rows)

