                                                                                                                 QUERY PLAN                                                                                                                 
--------------------------------------------------------------------------------------------------------------------------------------------------------------------------------------------------------------------------------------------
 Aggregate  (cost=404987.87..404987.88 rows=1 width=8) (actual time=577.712..577.718 rows=1 loops=1)
   Buffers: shared hit=22235 read=7637
   ->  Nested Loop  (cost=48622.87..404987.86 rows=5 width=0) (actual time=199.176..577.695 rows=219 loops=1)
         Buffers: shared hit=22235 read=7637
         ->  Seq Scan on info_type it2  (cost=0.00..2.41 rows=1 width=4) (actual time=0.036..0.041 rows=1 loops=1)
               Filter: (id = 7)
               Rows Removed by Filter: 112
               Buffers: shared hit=1
         ->  Nested Loop  (cost=48622.87..404985.40 rows=5 width=4) (actual time=199.138..577.634 rows=219 loops=1)
               Buffers: shared hit=22234 read=7637
               ->  Seq Scan on info_type it1  (cost=0.00..2.41 rows=1 width=4) (actual time=0.012..0.018 rows=1 loops=1)
                     Filter: (id = 3)
                     Rows Removed by Filter: 112
                     Buffers: shared hit=1
               ->  Nested Loop  (cost=48622.87..404982.94 rows=5 width=8) (actual time=199.125..577.595 rows=219 loops=1)
                     Join Filter: (t.id = mi2.movie_id)
                     Buffers: shared hit=22233 read=7637
                     ->  Nested Loop  (cost=48622.43..398857.64 rows=144 width=16) (actual time=199.104..575.636 rows=61 loops=1)
                           Join Filter: (t.id = mi1.movie_id)
                           Buffers: shared hit=21384 read=7637
                           ->  Nested Loop  (cost=48622.00..225085.68 rows=4105 width=8) (actual time=198.970..569.151 rows=71 loops=1)
                                 Buffers: shared hit=21099 read=6967
                                 ->  Hash Join  (cost=48621.57..184088.17 rows=17675 width=12) (actual time=186.951..546.065 rows=1902 loops=1)
                                       Hash Cond: (ci.movie_id = t.id)
                                       Buffers: shared hit=14309 read=6149
                                       ->  Nested Loop  (cost=0.44..123965.00 rows=3020080 width=8) (actual time=0.098..249.562 rows=1093558 loops=1)
                                             Buffers: shared hit=1576 read=5495
                                             ->  Seq Scan on role_type rt  (cost=0.00..1.15 rows=1 width=4) (actual time=0.009..0.012 rows=1 loops=1)
                                                   Filter: ((role)::text = 'editor'::text)
                                                   Rows Removed by Filter: 11
                                                   Buffers: shared hit=1
                                             ->  Index Scan using role_id_cast_info on cast_info ci  (cost=0.44..91017.52 rows=3294633 width=12) (actual time=0.087..162.308 rows=1093558 loops=1)
                                                   Index Cond: (role_id = rt.id)
                                                   Buffers: shared hit=1575 read=5495
                                       ->  Hash  (cost=48436.16..48436.16 rows=14797 width=4) (actual time=185.822..185.825 rows=103977 loops=1)
                                             Buckets: 131072 (originally 16384)  Batches: 1 (originally 1)  Memory Usage: 4680kB
                                             Buffers: shared hit=12733 read=654
                                             ->  Nested Loop  (cost=4497.16..48436.16 rows=14797 width=4) (actual time=24.280..171.023 rows=103977 loops=1)
                                                   Buffers: shared hit=12733 read=654
                                                   ->  Seq Scan on kind_type kt  (cost=0.00..1.09 rows=1 width=4) (actual time=0.009..0.012 rows=1 loops=1)
                                                         Filter: ((kind)::text = 'movie'::text)
                                                         Rows Removed by Filter: 6
                                                         Buffers: shared hit=1
                                                   ->  Bitmap Heap Scan on title t  (cost=4497.16..48262.45 rows=17263 width=8) (actual time=24.267..164.734 rows=103977 loops=1)
                                                         Recheck Cond: (kind_id = kt.id)
                                                         Filter: ((production_year <= 1925) AND (1875 < production_year))
                                                         Rows Removed by Filter: 558848
                                                         Heap Blocks: exact=12865
                                                         Buffers: shared hit=12732 read=654
                                                         ->  Bitmap Index Scan on kind_id_title  (cost=0.00..4492.84 rows=421388 width=0) (actual time=21.891..21.891 rows=662825 loops=1)
                                                               Index Cond: (kind_id = kt.id)
                                                               Buffers: shared read=521
                                 ->  Index Scan using name_pkey on name n  (cost=0.43..2.32 rows=1 width=4) (actual time=0.012..0.012 rows=0 loops=1902)
                                       Index Cond: (id = ci.person_id)
                                       Filter: ((gender)::text = 'f'::text)
                                       Rows Removed by Filter: 1
                                       Buffers: shared hit=6790 read=818
                           ->  Index Scan using movie_id_movie_info on movie_info mi1  (cost=0.43..42.32 rows=1 width=8) (actual time=0.091..0.091 rows=1 loops=71)
                                 Index Cond: (movie_id = ci.movie_id)
                                 Filter: ((info_type_id = 3) AND ((info)::text = ANY ('{Crime,Documentary,Drama,Fantasy,Short,Sport,Western}'::text[])))
                                 Rows Removed by Filter: 27
                                 Buffers: shared hit=285 read=670
                     ->  Index Scan using movie_id_movie_info on movie_info mi2  (cost=0.43..42.52 rows=1 width=8) (actual time=0.015..0.031 rows=4 loops=61)
                           Index Cond: (movie_id = ci.movie_id)
                           Filter: ((info_type_id = 7) AND ((info)::text = ANY ('{"MET:15.2 m","MET:15.24 m","MET:150 m","MET:1500 m","MET:600 m","MET:900 m","OFM:35 mm",PCS:Spherical,"PFM:35 mm","PFM:68 mm","RAT:1.33 : 1"}'::text[])))
                           Rows Removed by Filter: 28
                           Buffers: shared hit=849
 Planning:
   Buffers: shared hit=529 read=45
 Planning Time: 14.458 ms
 Execution Time: 578.310 ms
(71 rows)

