                                                                                                                  QUERY PLAN                                                                                                                  
----------------------------------------------------------------------------------------------------------------------------------------------------------------------------------------------------------------------------------------------
 Aggregate  (cost=756255.59..756255.60 rows=1 width=8) (actual time=8580.832..8580.842 rows=1 loops=1)
   Buffers: shared hit=689395 read=113815, temp read=7841 written=7841
   ->  Nested Loop  (cost=492789.33..756255.45 rows=57 width=0) (actual time=1291.568..8580.045 rows=3062 loops=1)
         Buffers: shared hit=689395 read=113815, temp read=7841 written=7841
         ->  Seq Scan on info_type it2  (cost=0.00..2.41 rows=1 width=4) (actual time=0.039..0.048 rows=1 loops=1)
               Filter: (id = 7)
               Rows Removed by Filter: 112
               Buffers: shared hit=1
         ->  Nested Loop  (cost=492789.33..756252.47 rows=57 width=4) (actual time=1291.527..8579.348 rows=3062 loops=1)
               Buffers: shared hit=689394 read=113815, temp read=7841 written=7841
               ->  Seq Scan on info_type it1  (cost=0.00..2.41 rows=1 width=4) (actual time=0.015..0.027 rows=1 loops=1)
                     Filter: (id = 3)
                     Rows Removed by Filter: 112
                     Buffers: shared hit=1
               ->  Nested Loop  (cost=492789.33..756249.49 rows=57 width=8) (actual time=1291.511..8578.679 rows=3062 loops=1)
                     Join Filter: (t.id = mi2.movie_id)
                     Buffers: shared hit=689393 read=113815, temp read=7841 written=7841
                     ->  Nested Loop  (cost=492788.90..652582.54 rows=2443 width=16) (actual time=1261.001..7425.910 rows=9975 loops=1)
                           Buffers: shared hit=612555 read=77749, temp read=7841 written=7841
                           ->  Hash Join  (cost=492788.47..628183.51 rows=10519 width=20) (actual time=1260.649..2448.279 rows=157974 loops=1)
                                 Hash Cond: (ci.movie_id = t.id)
                                 Buffers: shared hit=17790 read=40618, temp read=7841 written=7841
                                 ->  Nested Loop  (cost=0.44..123965.00 rows=3020080 width=8) (actual time=0.103..581.436 rows=1703543 loops=1)
                                       Buffers: shared hit=1404 read=9637
                                       ->  Seq Scan on role_type rt  (cost=0.00..1.15 rows=1 width=4) (actual time=0.009..0.012 rows=1 loops=1)
                                             Filter: ((role)::text = 'director'::text)
                                             Rows Removed by Filter: 11
                                             Buffers: shared hit=1
                                       ->  Index Scan using role_id_cast_info on cast_info ci  (cost=0.44..91017.52 rows=3294633 width=12) (actual time=0.092..379.394 rows=1703543 loops=1)
                                             Index Cond: (role_id = rt.id)
                                             Buffers: shared hit=1403 read=9637
                                 ->  Hash  (cost=492677.95..492677.95 rows=8806 width=12) (actual time=1260.443..1260.448 rows=145283 loops=1)
                                       Buckets: 262144 (originally 16384)  Batches: 2 (originally 1)  Memory Usage: 6145kB
                                       Buffers: shared hit=16386 read=30981, temp read=4646 written=4931
                                       ->  Hash Join  (cost=101881.32..492677.95 rows=8806 width=12) (actual time=712.367..1234.908 rows=145283 loops=1)
                                             Hash Cond: (mi1.movie_id = t.id)
                                             Buffers: shared hit=16386 read=30981, temp read=4646 written=4646
                                             ->  Bitmap Heap Scan on movie_info mi1  (cost=16461.62..404907.85 rows=52623 width=8) (actual time=41.803..372.865 rows=511181 loops=1)
                                                   Recheck Cond: (info_type_id = 3)
                                                   Filter: ((info)::text = ANY ('{Crime,Documentary,Drama,Horror,Thriller}'::text[]))
                                                   Rows Removed by Filter: 1022728
                                                   Heap Blocks: exact=9772
                                                   Buffers: shared hit=2224 read=8751
                                                   ->  Bitmap Index Scan on info_type_id_movie_info  (cost=0.00..16448.47 rows=1538671 width=0) (actual time=40.616..40.616 rows=1533909 loops=1)
                                                         Index Cond: (info_type_id = 3)
                                                         Buffers: shared read=1203
                                             ->  Hash  (cost=78477.74..78477.74 rows=423117 width=4) (actual time=669.196..669.199 rows=913823 loops=1)
                                                   Buckets: 262144 (originally 262144)  Batches: 8 (originally 4)  Memory Usage: 6145kB
                                                   Buffers: shared hit=14162 read=22230, temp written=2340
                                                   ->  Hash Join  (cost=1.13..78477.74 rows=423117 width=4) (actual time=0.044..540.928 rows=913823 loops=1)
                                                         Hash Cond: (t.kind_id = kt.id)
                                                         Buffers: shared hit=14162 read=22230
                                                         ->  Seq Scan on title t  (cost=0.00..74315.95 rows=987274 width=8) (actual time=0.024..430.540 rows=989787 loops=1)
                                                               Filter: ((production_year <= 2010) AND (2000 < production_year))
                                                               Rows Removed by Filter: 1538525
                                                               Buffers: shared hit=14161 read=22230
                                                         ->  Hash  (cost=1.10..1.10 rows=3 width=4) (actual time=0.013..0.014 rows=3 loops=1)
                                                               Buckets: 1024  Batches: 1  Memory Usage: 9kB
                                                               Buffers: shared hit=1
                                                               ->  Seq Scan on kind_type kt  (cost=0.00..1.10 rows=3 width=4) (actual time=0.008..0.009 rows=3 loops=1)
                                                                     Filter: ((kind)::text = ANY ('{episode,movie,"video movie"}'::text[]))
                                                                     Rows Removed by Filter: 4
                                                                     Buffers: shared hit=1
                           ->  Index Scan using name_pkey on name n  (cost=0.43..2.32 rows=1 width=4) (actual time=0.031..0.031 rows=0 loops=157974)
                                 Index Cond: (id = ci.person_id)
                                 Filter: ((gender)::text = 'f'::text)
                                 Rows Removed by Filter: 1
                                 Buffers: shared hit=594765 read=37131
                     ->  Index Scan using movie_id_movie_info on movie_info mi2  (cost=0.43..42.42 rows=1 width=8) (actual time=0.097..0.115 rows=0 loops=9975)
                           Index Cond: (movie_id = ci.movie_id)
                           Filter: ((info_type_id = 7) AND ((info)::text = ANY ('{"OFM:35 mm","PCS:Digital Intermediate","PCS:Super 16","PCS:Super 35","RAT:1.33 : 1","RAT:1.66 : 1","RAT:1.85 : 1","RAT:16:9 HD","RAT:2.35 : 1"}'::text[])))
                           Rows Removed by Filter: 16
                           Buffers: shared hit=76838 read=36066
 Planning:
   Buffers: shared hit=520 read=54
 Planning Time: 13.143 ms
 Execution Time: 8581.480 ms
(77 rows)

