                                                                                            QUERY PLAN                                                                                            
--------------------------------------------------------------------------------------------------------------------------------------------------------------------------------------------------
 Aggregate  (cost=628148.51..628148.52 rows=1 width=8) (actual time=1358.222..1358.230 rows=1 loops=1)
   Buffers: shared hit=59730 read=58319, temp read=1002 written=1002
   ->  Nested Loop  (cost=94612.46..628148.45 rows=24 width=0) (actual time=469.236..1358.201 rows=63 loops=1)
         Buffers: shared hit=59730 read=58319, temp read=1002 written=1002
         ->  Seq Scan on info_type it2  (cost=0.00..2.41 rows=1 width=4) (actual time=0.034..0.040 rows=1 loops=1)
               Filter: (id = 7)
               Rows Removed by Filter: 112
               Buffers: shared hit=1
         ->  Nested Loop  (cost=94612.46..628145.79 rows=24 width=4) (actual time=469.200..1358.143 rows=63 loops=1)
               Buffers: shared hit=59729 read=58319, temp read=1002 written=1002
               ->  Seq Scan on info_type it1  (cost=0.00..2.41 rows=1 width=4) (actual time=0.008..0.017 rows=1 loops=1)
                     Filter: (id = 3)
                     Rows Removed by Filter: 112
                     Buffers: shared hit=1
               ->  Nested Loop  (cost=94612.46..628143.14 rows=24 width=8) (actual time=469.190..1358.110 rows=63 loops=1)
                     Buffers: shared hit=59728 read=58319, temp read=1002 written=1002
                     ->  Hash Join  (cost=94612.03..627901.91 rows=104 width=12) (actual time=445.768..1304.765 rows=2256 loops=1)
                           Hash Cond: (ci.role_id = rt.id)
                           Buffers: shared hit=51080 read=57943, temp read=1002 written=1002
                           ->  Nested Loop  (cost=94610.87..627896.32 rows=1247 width=16) (actual time=445.722..1301.201 rows=31602 loops=1)
                                 Buffers: shared hit=51079 read=57943, temp read=1002 written=1002
                                 ->  Nested Loop  (cost=94610.43..624003.98 rows=87 width=20) (actual time=445.694..1036.028 rows=959 loops=1)
                                       Buffers: shared hit=28100 read=47289, temp read=1002 written=1002
                                       ->  Hash Join  (cost=94609.99..454042.07 rows=3944 width=12) (actual time=444.292..835.280 rows=1927 loops=1)
                                             Hash Cond: (mi2.movie_id = t.id)
                                             Buffers: shared hit=5324 read=42217, temp read=1002 written=1002
                                             ->  Bitmap Heap Scan on movie_info mi2  (cost=15885.23..373934.19 rows=59381 width=8) (actual time=39.715..324.887 rows=547406 loops=1)
                                                   Recheck Cond: (info_type_id = 7)
                                                   Filter: ((info)::text = ANY ('{"OFM:35 mm","PFM:35 mm","RAT:1.85 : 1"}'::text[]))
                                                   Rows Removed by Filter: 854496
                                                   Heap Blocks: exact=10050
                                                   Buffers: shared hit=3300 read=7849
                                                   ->  Bitmap Index Scan on info_type_id_movie_info  (cost=0.00..15870.39 rows=1484527 width=0) (actual time=38.458..38.459 rows=1401902 loops=1)
                                                         Index Cond: (info_type_id = 7)
                                                         Buffers: shared hit=1 read=1098
                                             ->  Hash  (cost=75968.50..75968.50 rows=167941 width=4) (actual time=403.213..403.216 rows=44292 loops=1)
                                                   Buckets: 262144  Batches: 2  Memory Usage: 2832kB
                                                   Buffers: shared hit=2024 read=34368, temp written=64
                                                   ->  Hash Join  (cost=1.13..75968.50 rows=167941 width=4) (actual time=0.065..394.426 rows=44292 loops=1)
                                                         Hash Cond: (t.kind_id = kt.id)
                                                         Buffers: shared hit=2024 read=34368
                                                         ->  Seq Scan on title t  (cost=0.00..74315.95 rows=391862 width=8) (actual time=0.026..368.768 rows=386415 loops=1)
                                                               Filter: ((production_year <= 1997) AND (1981 < production_year))
                                                               Rows Removed by Filter: 2141897
                                                               Buffers: shared hit=2023 read=34368
                                                         ->  Hash  (cost=1.10..1.10 rows=3 width=4) (actual time=0.012..0.014 rows=3 loops=1)
                                                               Buckets: 1024  Batches: 1  Memory Usage: 9kB
                                                               Buffers: shared hit=1
                                                               ->  Seq Scan on kind_type kt  (cost=0.00..1.10 rows=3 width=4) (actual time=0.007..0.009 rows=3 loops=1)
                                                                     Filter: ((kind)::text = ANY ('{"tv series","video game","video movie"}'::text[]))
                                                                     Rows Removed by Filter: 4
                                                                     Buffers: shared hit=1
                                       ->  Index Scan using movie_id_movie_info on movie_info mi1  (cost=0.43..43.08 rows=1 width=8) (actual time=0.103..0.104 rows=0 loops=1927)
                                             Index Cond: (movie_id = t.id)
                                             Filter: ((info_type_id = 3) AND ((info)::text = ANY ('{Action,Crime,Romance,Short,Thriller}'::text[])))
                                             Rows Removed by Filter: 27
                                             Buffers: shared hit=22776 read=5072
                                 ->  Index Scan using movie_id_cast_info on cast_info ci  (cost=0.44..44.36 rows=38 width=12) (actual time=0.025..0.271 rows=33 loops=959)
                                       Index Cond: (movie_id = t.id)
                                       Buffers: shared hit=22979 read=10654
                           ->  Hash  (cost=1.15..1.15 rows=1 width=4) (actual time=0.017..0.018 rows=1 loops=1)
                                 Buckets: 1024  Batches: 1  Memory Usage: 9kB
                                 Buffers: shared hit=1
                                 ->  Seq Scan on role_type rt  (cost=0.00..1.15 rows=1 width=4) (actual time=0.011..0.012 rows=1 loops=1)
                                       Filter: ((role)::text = 'writer'::text)
                                       Rows Removed by Filter: 11
                                       Buffers: shared hit=1
                     ->  Index Scan using name_pkey on name n  (cost=0.43..2.32 rows=1 width=4) (actual time=0.023..0.023 rows=0 loops=2256)
                           Index Cond: (id = ci.person_id)
                           Filter: ((gender)::text = 'f'::text)
                           Rows Removed by Filter: 1
                           Buffers: shared hit=8648 read=376
 Planning:
   Buffers: shared hit=574
 Planning Time: 13.551 ms
 Execution Time: 1358.706 ms
(76 rows)

