                                                                                            QUERY PLAN                                                                                            
--------------------------------------------------------------------------------------------------------------------------------------------------------------------------------------------------
 Aggregate  (cost=546826.68..546826.69 rows=1 width=8) (actual time=10703.702..10703.712 rows=1 loops=1)
   Buffers: shared hit=940066 read=165572, temp read=1024 written=1024
   ->  Nested Loop  (cost=92820.64..546826.64 rows=16 width=0) (actual time=465.619..10702.600 rows=3895 loops=1)
         Buffers: shared hit=940066 read=165572, temp read=1024 written=1024
         ->  Seq Scan on info_type it2  (cost=0.00..2.41 rows=1 width=4) (actual time=0.032..0.043 rows=1 loops=1)
               Filter: (id = 7)
               Rows Removed by Filter: 112
               Buffers: shared hit=1
         ->  Nested Loop  (cost=92820.64..546824.07 rows=16 width=4) (actual time=465.586..10701.712 rows=3895 loops=1)
               Buffers: shared hit=940065 read=165572, temp read=1024 written=1024
               ->  Seq Scan on info_type it1  (cost=0.00..2.41 rows=1 width=4) (actual time=0.007..0.021 rows=1 loops=1)
                     Filter: (id = 3)
                     Rows Removed by Filter: 112
                     Buffers: shared hit=1
               ->  Nested Loop  (cost=92820.64..546821.50 rows=16 width=8) (actual time=465.576..10700.724 rows=3895 loops=1)
                     Buffers: shared hit=940064 read=165572, temp read=1024 written=1024
                     ->  Hash Join  (cost=92820.21..546733.36 rows=38 width=12) (actual time=465.552..10009.080 rows=21148 loops=1)
                           Hash Cond: (ci.role_id = rt.id)
                           Buffers: shared hit=857433 read=163611, temp read=1024 written=1024
                           ->  Nested Loop  (cost=92819.05..546730.57 rows=459 width=16) (actual time=465.295..9901.971 rows=661757 loops=1)
                                 Buffers: shared hit=857432 read=163611, temp read=1024 written=1024
                                 ->  Nested Loop  (cost=92818.61..545264.33 rows=32 width=20) (actual time=465.265..3629.667 rows=24844 loops=1)
                                       Buffers: shared hit=206936 read=90709, temp read=1024 written=1024
                                       ->  Hash Join  (cost=92818.17..496500.49 rows=1114 width=12) (actual time=460.356..1231.039 rows=22297 loops=1)
                                             Hash Cond: (mi1.movie_id = t.id)
                                             Buffers: shared hit=10498 read=36869, temp read=1024 written=1024
                                             ->  Bitmap Heap Scan on movie_info mi1  (cost=16456.16..420011.94 rows=30773 width=8) (actual time=40.477..640.762 rows=280757 loops=1)
                                                   Recheck Cond: (info_type_id = 3)
                                                   Filter: ((info)::text = ANY ('{Adventure,Crime,Documentary,Mystery,Sci-Fi,Western}'::text[]))
                                                   Rows Removed by Filter: 1253152
                                                   Heap Blocks: exact=9772
                                                   Buffers: shared hit=6426 read=4549
                                                   ->  Bitmap Index Scan on info_type_id_movie_info  (cost=0.00..16448.47 rows=1538671 width=0) (actual time=39.276..39.276 rows=1533909 loops=1)
                                                         Index Cond: (info_type_id = 3)
                                                         Buffers: shared hit=1203
                                             ->  Hash  (cost=75217.46..75217.46 rows=91564 width=4) (actual time=418.652..418.656 rows=204688 loops=1)
                                                   Buckets: 262144 (originally 131072)  Batches: 2 (originally 1)  Memory Usage: 6145kB
                                                   Buffers: shared hit=4072 read=32320, temp written=299
                                                   ->  Hash Join  (cost=1.13..75217.46 rows=91564 width=4) (actual time=0.039..378.057 rows=204688 loops=1)
                                                         Hash Cond: (t.kind_id = kt.id)
                                                         Buffers: shared hit=4072 read=32320
                                                         ->  Seq Scan on title t  (cost=0.00..74315.95 rows=213650 width=8) (actual time=0.020..352.368 rows=212483 loops=1)
                                                               Filter: ((production_year <= 1970) AND (1950 < production_year))
                                                               Rows Removed by Filter: 2315829
                                                               Buffers: shared hit=4071 read=32320
                                                         ->  Hash  (cost=1.10..1.10 rows=3 width=4) (actual time=0.012..0.013 rows=3 loops=1)
                                                               Buckets: 1024  Batches: 1  Memory Usage: 9kB
                                                               Buffers: shared hit=1
                                                               ->  Seq Scan on kind_type kt  (cost=0.00..1.10 rows=3 width=4) (actual time=0.007..0.008 rows=3 loops=1)
                                                                     Filter: ((kind)::text = ANY ('{episode,movie,"tv movie"}'::text[]))
                                                                     Rows Removed by Filter: 4
                                                                     Buffers: shared hit=1
                                       ->  Index Scan using movie_id_movie_info on movie_info mi2  (cost=0.43..43.76 rows=1 width=8) (actual time=0.073..0.107 rows=1 loops=22297)
                                             Index Cond: (movie_id = t.id)
                                             Filter: ((info_type_id = 7) AND ((info)::text = ANY ('{"OFM:35 mm",PCS:Spherical,"PFM:35 mm","RAT:1.37 : 1"}'::text[])))
                                             Rows Removed by Filter: 15
                                             Buffers: shared hit=196438 read=53840
                                 ->  Index Scan using movie_id_cast_info on cast_info ci  (cost=0.44..45.44 rows=38 width=12) (actual time=0.033..0.245 rows=27 loops=24844)
                                       Index Cond: (movie_id = t.id)
                                       Buffers: shared hit=650496 read=72902
                           ->  Hash  (cost=1.15..1.15 rows=1 width=4) (actual time=0.014..0.015 rows=1 loops=1)
                                 Buckets: 1024  Batches: 1  Memory Usage: 9kB
                                 Buffers: shared hit=1
                                 ->  Seq Scan on role_type rt  (cost=0.00..1.15 rows=1 width=4) (actual time=0.009..0.010 rows=1 loops=1)
                                       Filter: ((role)::text = 'editor'::text)
                                       Rows Removed by Filter: 11
                                       Buffers: shared hit=1
                     ->  Index Scan using name_pkey on name n  (cost=0.43..2.32 rows=1 width=4) (actual time=0.032..0.032 rows=0 loops=21148)
                           Index Cond: (id = ci.person_id)
                           Filter: ((gender)::text = 'm'::text)
                           Rows Removed by Filter: 1
                           Buffers: shared hit=82631 read=1961
 Planning:
   Buffers: shared hit=574
 Planning Time: 12.878 ms
 Execution Time: 10704.355 ms
(76 rows)

