                                                                                                                QUERY PLAN                                                                                                                 
-------------------------------------------------------------------------------------------------------------------------------------------------------------------------------------------------------------------------------------------
 Aggregate  (cost=637185.69..637185.70 rows=1 width=8) (actual time=1669.459..1669.467 rows=1 loops=1)
   Buffers: shared hit=86961 read=63106
   ->  Nested Loop  (cost=94168.83..637185.40 rows=117 width=0) (actual time=479.035..1669.438 rows=56 loops=1)
         Buffers: shared hit=86961 read=63106
         ->  Seq Scan on info_type it2  (cost=0.00..2.41 rows=1 width=4) (actual time=0.037..0.042 rows=1 loops=1)
               Filter: (id = 7)
               Rows Removed by Filter: 112
               Buffers: shared hit=1
         ->  Nested Loop  (cost=94168.83..637181.82 rows=117 width=4) (actual time=478.996..1669.382 rows=56 loops=1)
               Buffers: shared hit=86960 read=63106
               ->  Seq Scan on info_type it1  (cost=0.00..2.41 rows=1 width=4) (actual time=0.010..0.017 rows=1 loops=1)
                     Filter: (id = 3)
                     Rows Removed by Filter: 112
                     Buffers: shared hit=1
               ->  Nested Loop  (cost=94168.83..637178.24 rows=117 width=8) (actual time=478.983..1669.348 rows=56 loops=1)
                     Buffers: shared hit=86959 read=63106
                     ->  Hash Join  (cost=94168.40..636763.04 rows=179 width=12) (actual time=439.730..1660.652 rows=204 loops=1)
                           Hash Cond: (ci.role_id = rt.id)
                           Buffers: shared hit=86257 read=62992
                           ->  Nested Loop  (cost=94167.24..636754.24 rows=2150 width=16) (actual time=423.424..1656.878 rows=27004 loops=1)
                                 Buffers: shared hit=86256 read=62992
                                 ->  Nested Loop  (cost=94166.80..630022.33 rows=150 width=20) (actual time=419.768..1321.240 rows=3964 loops=1)
                                       Buffers: shared hit=55223 read=56332
                                       ->  Hash Join  (cost=94166.36..467774.31 rows=3739 width=12) (actual time=419.431..744.205 rows=6175 loops=1)
                                             Hash Cond: (mi1.movie_id = t.id)
                                             Buffers: shared hit=7028 read=40339
                                             ->  Bitmap Heap Scan on movie_info mi1  (cost=16464.09..389800.77 rows=62367 width=8) (actual time=43.715..303.765 rows=581279 loops=1)
                                                   Recheck Cond: (info_type_id = 3)
                                                   Filter: ((info)::text = ANY ('{Action,Adventure,Biography,Comedy,Documentary,History,Music,Mystery,Romance,Sport,War}'::text[]))
                                                   Rows Removed by Filter: 952630
                                                   Heap Blocks: exact=9772
                                                   Buffers: shared hit=2566 read=8409
                                                   ->  Bitmap Index Scan on info_type_id_movie_info  (cost=0.00..16448.47 rows=1538671 width=0) (actual time=42.516..42.516 rows=1533909 loops=1)
                                                         Index Cond: (info_type_id = 3)
                                                         Buffers: shared hit=1 read=1202
                                             ->  Hash  (cost=75807.58..75807.58 rows=151576 width=4) (actual time=374.663..374.666 rows=11843 loops=1)
                                                   Buckets: 262144  Batches: 1  Memory Usage: 2465kB
                                                   Buffers: shared hit=4462 read=31930
                                                   ->  Hash Join  (cost=1.13..75807.58 rows=151576 width=4) (actual time=0.155..371.616 rows=11843 loops=1)
                                                         Hash Cond: (t.kind_id = kt.id)
                                                         Buffers: shared hit=4462 read=31930
                                                         ->  Seq Scan on title t  (cost=0.00..74315.95 rows=353677 width=8) (actual time=0.025..351.467 rows=347589 loops=1)
                                                               Filter: ((production_year <= 1975) AND (1925 < production_year))
                                                               Rows Removed by Filter: 2180723
                                                               Buffers: shared hit=4461 read=31930
                                                         ->  Hash  (cost=1.10..1.10 rows=3 width=4) (actual time=0.014..0.015 rows=3 loops=1)
                                                               Buckets: 1024  Batches: 1  Memory Usage: 9kB
                                                               Buffers: shared hit=1
                                                               ->  Seq Scan on kind_type kt  (cost=0.00..1.10 rows=3 width=4) (actual time=0.008..0.009 rows=3 loops=1)
                                                                     Filter: ((kind)::text = ANY ('{"tv series","video game","video movie"}'::text[]))
                                                                     Rows Removed by Filter: 4
                                                                     Buffers: shared hit=1
                                       ->  Index Scan using movie_id_movie_info on movie_info mi2  (cost=0.43..43.38 rows=1 width=8) (actual time=0.075..0.093 rows=1 loops=6175)
                                             Index Cond: (movie_id = t.id)
                                             Filter: ((info_type_id = 7) AND ((info)::text = ANY ('{"MET:300 m","MET:600 m","OFM:35 mm",PCS:Spherical,"PFM:35 mm","RAT:1.20 : 1","RAT:1.33 : 1","RAT:1.37 : 1","RAT:2.35 : 1"}'::text[])))
                                             Rows Removed by Filter: 12
                                             Buffers: shared hit=48195 read=15993
                                 ->  Index Scan using movie_id_cast_info on cast_info ci  (cost=0.44..44.50 rows=38 width=12) (actual time=0.028..0.083 rows=7 loops=3964)
                                       Index Cond: (movie_id = t.id)
                                       Buffers: shared hit=31033 read=6660
                           ->  Hash  (cost=1.15..1.15 rows=1 width=4) (actual time=0.031..0.032 rows=1 loops=1)
                                 Buckets: 1024  Batches: 1  Memory Usage: 9kB
                                 Buffers: shared hit=1
                                 ->  Seq Scan on role_type rt  (cost=0.00..1.15 rows=1 width=4) (actual time=0.011..0.012 rows=1 loops=1)
                                       Filter: ((role)::text = 'production designer'::text)
                                       Rows Removed by Filter: 11
                                       Buffers: shared hit=1
                     ->  Index Scan using name_pkey on name n  (cost=0.43..2.32 rows=1 width=4) (actual time=0.042..0.042 rows=0 loops=204)
                           Index Cond: (id = ci.person_id)
                           Filter: ((gender)::text = ANY ('{f,m}'::text[]))
                           Rows Removed by Filter: 1
                           Buffers: shared hit=702 read=114
 Planning:
   Buffers: shared hit=576 read=1
 Planning Time: 13.680 ms
 Execution Time: 1670.189 ms
(76 rows)

