                                                                                            QUERY PLAN                                                                                            
--------------------------------------------------------------------------------------------------------------------------------------------------------------------------------------------------
 Aggregate  (cost=484377.26..484377.27 rows=1 width=8) (actual time=5311.687..5311.697 rows=1 loops=1)
   Buffers: shared hit=410818 read=126815, temp read=857 written=857
   ->  Nested Loop  (cost=92240.12..484377.25 rows=4 width=0) (actual time=628.346..5311.559 rows=279 loops=1)
         Buffers: shared hit=410818 read=126815, temp read=857 written=857
         ->  Seq Scan on info_type it2  (cost=0.00..2.41 rows=1 width=4) (actual time=0.040..0.051 rows=1 loops=1)
               Filter: (id = 7)
               Rows Removed by Filter: 112
               Buffers: shared hit=1
         ->  Nested Loop  (cost=92240.12..484374.80 rows=4 width=4) (actual time=628.304..5311.435 rows=279 loops=1)
               Buffers: shared hit=410817 read=126815, temp read=857 written=857
               ->  Seq Scan on info_type it1  (cost=0.00..2.41 rows=1 width=4) (actual time=0.010..0.024 rows=1 loops=1)
                     Filter: (id = 3)
                     Rows Removed by Filter: 112
                     Buffers: shared hit=1
               ->  Nested Loop  (cost=92240.12..484372.35 rows=4 width=8) (actual time=628.290..5311.312 rows=279 loops=1)
                     Buffers: shared hit=410816 read=126815, temp read=857 written=857
                     ->  Hash Join  (cost=92239.69..484332.92 rows=17 width=12) (actual time=496.033..5235.935 rows=1898 loops=1)
                           Hash Cond: (ci.role_id = rt.id)
                           Buffers: shared hit=403879 read=126160, temp read=857 written=857
                           ->  Nested Loop  (cost=92238.53..484331.04 rows=201 width=16) (actual time=490.411..5211.547 rows=173402 loops=1)
                                 Buffers: shared hit=403878 read=126160, temp read=857 written=857
                                 ->  Nested Loop  (cost=92238.09..483689.56 rows=14 width=20) (actual time=490.386..3484.640 rows=7082 loops=1)
                                       Buffers: shared hit=249604 read=89896, temp read=857 written=857
                                       ->  Hash Join  (cost=92237.66..450373.10 rows=762 width=12) (actual time=476.107..947.336 rows=21083 loops=1)
                                             Hash Cond: (mi2.movie_id = t.id)
                                             Buffers: shared hit=13804 read=33737, temp read=857 written=857
                                             ->  Bitmap Heap Scan on movie_info mi2  (cost=15875.65..373924.60 rows=21031 width=8) (actual time=40.125..401.503 rows=198477 loops=1)
                                                   Recheck Cond: (info_type_id = 7)
                                                   Filter: ((info)::text = ANY ('{PCS:Spherical,"RAT:1.37 : 1","RAT:2.35 : 1"}'::text[]))
                                                   Rows Removed by Filter: 1203425
                                                   Heap Blocks: exact=10050
                                                   Buffers: shared hit=9807 read=1342
                                                   ->  Bitmap Index Scan on info_type_id_movie_info  (cost=0.00..15870.39 rows=1484527 width=0) (actual time=38.707..38.707 rows=1401902 loops=1)
                                                         Index Cond: (info_type_id = 7)
                                                         Buffers: shared hit=1 read=1098
                                             ->  Hash  (cost=75217.46..75217.46 rows=91564 width=4) (actual time=433.579..433.582 rows=204688 loops=1)
                                                   Buckets: 262144 (originally 131072)  Batches: 2 (originally 1)  Memory Usage: 6145kB
                                                   Buffers: shared hit=3997 read=32395, temp written=299
                                                   ->  Hash Join  (cost=1.13..75217.46 rows=91564 width=4) (actual time=0.046..393.038 rows=204688 loops=1)
                                                         Hash Cond: (t.kind_id = kt.id)
                                                         Buffers: shared hit=3997 read=32395
                                                         ->  Seq Scan on title t  (cost=0.00..74315.95 rows=213650 width=8) (actual time=0.024..367.032 rows=212483 loops=1)
                                                               Filter: ((production_year <= 1970) AND (1950 < production_year))
                                                               Rows Removed by Filter: 2315829
                                                               Buffers: shared hit=3996 read=32395
                                                         ->  Hash  (cost=1.10..1.10 rows=3 width=4) (actual time=0.014..0.015 rows=3 loops=1)
                                                               Buckets: 1024  Batches: 1  Memory Usage: 9kB
                                                               Buffers: shared hit=1
                                                               ->  Seq Scan on kind_type kt  (cost=0.00..1.10 rows=3 width=4) (actual time=0.007..0.009 rows=3 loops=1)
                                                                     Filter: ((kind)::text = ANY ('{episode,movie,"tv movie"}'::text[]))
                                                                     Rows Removed by Filter: 4
                                                                     Buffers: shared hit=1
                                       ->  Index Scan using movie_id_movie_info on movie_info mi1  (cost=0.43..43.71 rows=1 width=8) (actual time=0.120..0.120 rows=0 loops=21083)
                                             Index Cond: (movie_id = t.id)
                                             Filter: ((info_type_id = 3) AND ((info)::text = ANY ('{Crime,Romance,Short}'::text[])))
                                             Rows Removed by Filter: 25
                                             Buffers: shared hit=235800 read=56159
                                 ->  Index Scan using movie_id_cast_info on cast_info ci  (cost=0.44..45.44 rows=38 width=12) (actual time=0.034..0.238 rows=24 loops=7082)
                                       Index Cond: (movie_id = t.id)
                                       Buffers: shared hit=154274 read=36264
                           ->  Hash  (cost=1.15..1.15 rows=1 width=4) (actual time=0.024..0.025 rows=1 loops=1)
                                 Buckets: 1024  Batches: 1  Memory Usage: 9kB
                                 Buffers: shared hit=1
                                 ->  Seq Scan on role_type rt  (cost=0.00..1.15 rows=1 width=4) (actual time=0.011..0.012 rows=1 loops=1)
                                       Filter: ((role)::text = 'costume designer'::text)
                                       Rows Removed by Filter: 11
                                       Buffers: shared hit=1
                     ->  Index Scan using name_pkey on name n  (cost=0.43..2.32 rows=1 width=4) (actual time=0.039..0.039 rows=0 loops=1898)
                           Index Cond: (id = ci.person_id)
                           Filter: ((gender)::text = 'f'::text)
                           Rows Removed by Filter: 1
                           Buffers: shared hit=6937 read=655
 Planning:
   Buffers: shared hit=574
 Planning Time: 13.675 ms
 Execution Time: 5312.341 ms
(76 rows)

