                                                                                                    QUERY PLAN                                                                                                     
-------------------------------------------------------------------------------------------------------------------------------------------------------------------------------------------------------------------
 Aggregate  (cost=911019.89..911019.90 rows=1 width=8) (actual time=3388.309..3388.318 rows=1 loops=1)
   Buffers: shared hit=202251 read=64232, temp read=4884 written=4884
   ->  Nested Loop  (cost=522363.95..911019.33 rows=224 width=0) (actual time=1279.689..3387.680 rows=4251 loops=1)
         Buffers: shared hit=202251 read=64232, temp read=4884 written=4884
         ->  Seq Scan on info_type it2  (cost=0.00..2.41 rows=1 width=4) (actual time=0.037..0.046 rows=1 loops=1)
               Filter: (id = 7)
               Rows Removed by Filter: 112
               Buffers: shared read=1
         ->  Nested Loop  (cost=522363.95..911014.68 rows=224 width=4) (actual time=1279.650..3386.908 rows=4251 loops=1)
               Buffers: shared hit=202251 read=64231, temp read=4884 written=4884
               ->  Seq Scan on info_type it1  (cost=0.00..2.41 rows=1 width=4) (actual time=0.009..0.019 rows=1 loops=1)
                     Filter: (id = 3)
                     Rows Removed by Filter: 112
                     Buffers: shared hit=1
               ->  Nested Loop  (cost=522363.95..911010.02 rows=224 width=8) (actual time=1279.640..3386.116 rows=4251 loops=1)
                     Join Filter: (t.id = mi1.movie_id)
                     Buffers: shared hit=202250 read=64231, temp read=4884 written=4884
                     ->  Nested Loop  (cost=522363.48..687109.69 rows=5305 width=16) (actual time=1279.509..2767.148 rows=3057 loops=1)
                           Buffers: shared hit=158513 read=48773, temp read=4884 written=4884
                           ->  Hash Join  (cost=522363.05..657779.36 rows=12645 width=20) (actual time=1279.389..1496.677 rows=39487 loops=1)
                                 Hash Cond: (ci.movie_id = t.id)
                                 Buffers: shared hit=4384 read=44954, temp read=4884 written=4884
                                 ->  Nested Loop  (cost=0.44..123965.00 rows=3020080 width=8) (actual time=0.102..138.740 rows=276403 loops=1)
                                       Buffers: shared hit=899 read=898
                                       ->  Seq Scan on role_type rt  (cost=0.00..1.15 rows=1 width=4) (actual time=0.008..0.011 rows=1 loops=1)
                                             Filter: ((role)::text = 'costume designer'::text)
                                             Rows Removed by Filter: 11
                                             Buffers: shared hit=1
                                       ->  Index Scan using role_id_cast_info on cast_info ci  (cost=0.44..91017.52 rows=3294633 width=12) (actual time=0.091..90.915 rows=276403 loops=1)
                                             Index Cond: (role_id = rt.id)
                                             Buffers: shared hit=898 read=898
                                 ->  Hash  (cost=522230.29..522230.29 rows=10586 width=12) (actual time=1279.115..1279.120 rows=73342 loops=1)
                                       Buckets: 131072 (originally 16384)  Batches: 1 (originally 1)  Memory Usage: 4176kB
                                       Buffers: shared hit=3485 read=44056, temp read=4884 written=4884
                                       ->  Hash Join  (cost=101305.90..522230.29 rows=10586 width=12) (actual time=708.040..1267.296 rows=73342 loops=1)
                                             Hash Cond: (mi2.movie_id = t.id)
                                             Buffers: shared hit=3485 read=44056, temp read=4884 written=4884
                                             ->  Bitmap Heap Scan on movie_info mi2  (cost=15886.20..434318.52 rows=63255 width=8) (actual time=40.040..405.382 rows=590136 loops=1)
                                                   Recheck Cond: (info_type_id = 7)
                                                   Filter: ((info)::text = ANY ('{"CAM:Red One Camera","OFM:35 mm","PCS:Digital Intermediate","PCS:Super 35","PFM:35 mm","RAT:1.78 : 1","RAT:1.85 : 1"}'::text[]))
                                                   Rows Removed by Filter: 811766
                                                   Heap Blocks: exact=10050
                                                   Buffers: shared hit=1 read=11148
                                                   ->  Bitmap Index Scan on info_type_id_movie_info  (cost=0.00..15870.39 rows=1484527 width=0) (actual time=38.779..38.779 rows=1401902 loops=1)
                                                         Index Cond: (info_type_id = 7)
                                                         Buffers: shared read=1099
                                             ->  Hash  (cost=78477.74..78477.74 rows=423117 width=4) (actual time=666.753..666.757 rows=913823 loops=1)
                                                   Buckets: 262144 (originally 262144)  Batches: 8 (originally 4)  Memory Usage: 6145kB
                                                   Buffers: shared hit=3484 read=32908, temp written=2340
                                                   ->  Hash Join  (cost=1.13..78477.74 rows=423117 width=4) (actual time=0.046..535.381 rows=913823 loops=1)
                                                         Hash Cond: (t.kind_id = kt.id)
                                                         Buffers: shared hit=3484 read=32908
                                                         ->  Seq Scan on title t  (cost=0.00..74315.95 rows=987274 width=8) (actual time=0.024..421.088 rows=989787 loops=1)
                                                               Filter: ((production_year <= 2010) AND (2000 < production_year))
                                                               Rows Removed by Filter: 1538525
                                                               Buffers: shared hit=3483 read=32908
                                                         ->  Hash  (cost=1.10..1.10 rows=3 width=4) (actual time=0.015..0.016 rows=3 loops=1)
                                                               Buckets: 1024  Batches: 1  Memory Usage: 9kB
                                                               Buffers: shared hit=1
                                                               ->  Seq Scan on kind_type kt  (cost=0.00..1.10 rows=3 width=4) (actual time=0.009..0.011 rows=3 loops=1)
                                                                     Filter: ((kind)::text = ANY ('{episode,movie,"video movie"}'::text[]))
                                                                     Rows Removed by Filter: 4
                                                                     Buffers: shared hit=1
                           ->  Index Scan using name_pkey on name n  (cost=0.43..2.32 rows=1 width=4) (actual time=0.032..0.032 rows=0 loops=39487)
                                 Index Cond: (id = ci.person_id)
                                 Filter: ((gender)::text = 'm'::text)
                                 Rows Removed by Filter: 1
                                 Buffers: shared hit=154129 read=3819
                     ->  Index Scan using movie_id_movie_info on movie_info mi1  (cost=0.46..42.19 rows=1 width=8) (actual time=0.201..0.202 rows=1 loops=3057)
                           Index Cond: (movie_id = ci.movie_id)
                           Filter: ((info_type_id = 3) AND ((info)::text = ANY ('{Adventure,Animation,Comedy,Crime,Drama,Family,Fantasy,Mystery,Sci-Fi,Short,Thriller}'::text[])))
                           Rows Removed by Filter: 97
                           Buffers: shared hit=43737 read=15458
 Planning:
   Buffers: shared hit=487 read=90
 Planning Time: 14.000 ms
 Execution Time: 3389.055 ms
(77 rows)

