                                                                                            QUERY PLAN                                                                                            
--------------------------------------------------------------------------------------------------------------------------------------------------------------------------------------------------
 Aggregate  (cost=342693.00..342693.01 rows=1 width=8) (actual time=450.971..450.978 rows=1 loops=1)
   Buffers: shared hit=8623 read=13829
   ->  Nested Loop  (cost=48525.97..342693.00 rows=1 width=0) (actual time=301.420..450.969 rows=6 loops=1)
         Buffers: shared hit=8623 read=13829
         ->  Nested Loop  (cost=48525.97..342690.58 rows=1 width=4) (actual time=301.415..450.918 rows=6 loops=1)
               Buffers: shared hit=8617 read=13829
               ->  Nested Loop  (cost=48525.97..342688.16 rows=1 width=8) (actual time=301.398..450.852 rows=6 loops=1)
                     Join Filter: (t.id = mi1.movie_id)
                     Buffers: shared hit=8611 read=13829
                     ->  Nested Loop  (cost=48525.53..340750.32 rows=46 width=16) (actual time=301.326..450.622 rows=4 loops=1)
                           Join Filter: (t.id = mi2.movie_id)
                           Buffers: shared hit=8562 read=13816
                           ->  Nested Loop  (cost=48525.10..213963.17 rows=3006 width=8) (actual time=301.270..450.471 rows=2 loops=1)
                                 Buffers: shared hit=8537 read=13810
                                 ->  Hash Join  (cost=48524.67..183943.94 rows=12942 width=12) (actual time=193.799..437.889 rows=967 loops=1)
                                       Hash Cond: (ci.movie_id = t.id)
                                       Buffers: shared hit=5369 read=13110
                                       ->  Nested Loop  (cost=0.44..123965.00 rows=3020080 width=8) (actual time=0.244..174.056 rows=773674 loops=1)
                                             Buffers: shared hit=1154 read=3938
                                             ->  Seq Scan on role_type rt  (cost=0.00..1.15 rows=1 width=4) (actual time=0.029..0.032 rows=1 loops=1)
                                                   Filter: ((role)::text = 'composer'::text)
                                                   Rows Removed by Filter: 11
                                                   Buffers: shared hit=1
                                             ->  Index Scan using role_id_cast_info on cast_info ci  (cost=0.44..91017.52 rows=3294633 width=12) (actual time=0.211..112.852 rows=773674 loops=1)
                                                   Index Cond: (role_id = rt.id)
                                                   Buffers: shared hit=1153 read=3938
                                       ->  Hash  (cost=48388.79..48388.79 rows=10835 width=4) (actual time=193.088..193.090 rows=74873 loops=1)
                                             Buckets: 131072 (originally 16384)  Batches: 1 (originally 1)  Memory Usage: 3657kB
                                             Buffers: shared hit=4215 read=9172
                                             ->  Nested Loop  (cost=4496.00..48388.79 rows=10835 width=4) (actual time=24.332..181.444 rows=74873 loops=1)
                                                   Buffers: shared hit=4215 read=9172
                                                   ->  Seq Scan on kind_type kt  (cost=0.00..1.09 rows=1 width=4) (actual time=0.011..0.014 rows=1 loops=1)
                                                         Filter: ((kind)::text = 'movie'::text)
                                                         Rows Removed by Filter: 6
                                                         Buffers: shared hit=1
                                                   ->  Bitmap Heap Scan on title t  (cost=4496.00..48261.29 rows=12641 width=8) (actual time=24.317..176.833 rows=74873 loops=1)
                                                         Recheck Cond: (kind_id = kt.id)
                                                         Filter: ((production_year <= 1925) AND (1910 < production_year))
                                                         Rows Removed by Filter: 587952
                                                         Heap Blocks: exact=12865
                                                         Buffers: shared hit=4214 read=9172
                                                         ->  Bitmap Index Scan on kind_id_title  (cost=0.00..4492.84 rows=421388 width=0) (actual time=21.970..21.970 rows=662825 loops=1)
                                                               Index Cond: (kind_id = kt.id)
                                                               Buffers: shared read=521
                                 ->  Index Scan using name_pkey on name n  (cost=0.43..2.32 rows=1 width=4) (actual time=0.013..0.013 rows=0 loops=967)
                                       Index Cond: (id = ci.person_id)
                                       Filter: ((gender)::text = 'f'::text)
                                       Rows Removed by Filter: 1
                                       Buffers: shared hit=3168 read=700
                           ->  Index Scan using movie_id_movie_info on movie_info mi2  (cost=0.43..42.17 rows=1 width=8) (actual time=0.056..0.073 rows=2 loops=2)
                                 Index Cond: (movie_id = ci.movie_id)
                                 Filter: ((info_type_id = 7) AND ((info)::text = ANY ('{"MET:300 m","MET:600 m",PCS:Spherical,"RAT:1.33 : 1"}'::text[])))
                                 Rows Removed by Filter: 18
                                 Buffers: shared hit=25 read=6
                     ->  Index Scan using movie_id_movie_info on movie_info mi1  (cost=0.43..42.11 rows=1 width=8) (actual time=0.056..0.056 rows=2 loops=4)
                           Index Cond: (movie_id = ci.movie_id)
                           Filter: ((info_type_id = 3) AND ((info)::text = ANY ('{Comedy,Drama,Short}'::text[])))
                           Rows Removed by Filter: 18
                           Buffers: shared hit=49 read=13
               ->  Seq Scan on info_type it1  (cost=0.00..2.41 rows=1 width=4) (actual time=0.006..0.009 rows=1 loops=6)
                     Filter: (id = 3)
                     Rows Removed by Filter: 112
                     Buffers: shared hit=6
         ->  Seq Scan on info_type it2  (cost=0.00..2.41 rows=1 width=4) (actual time=0.003..0.007 rows=1 loops=6)
               Filter: (id = 7)
               Rows Removed by Filter: 112
               Buffers: shared hit=6
 Planning:
   Buffers: shared hit=574
 Planning Time: 13.759 ms
 Execution Time: 451.632 ms
(71 rows)

