                                                                                                    QUERY PLAN                                                                                                    
------------------------------------------------------------------------------------------------------------------------------------------------------------------------------------------------------------------
 Aggregate  (cost=994262.75..994262.76 rows=1 width=8) (actual time=283725.474..283725.483 rows=1 loops=1)
   Buffers: shared hit=28204445 read=1344793, temp read=8181 written=7828
   ->  Nested Loop  (cost=896724.98..994261.64 rows=445 width=0) (actual time=1192.935..282973.288 rows=4176919 loops=1)
         Buffers: shared hit=28204445 read=1344793, temp read=8181 written=7828
         ->  Seq Scan on info_type it2  (cost=0.00..2.41 rows=1 width=4) (actual time=0.035..0.045 rows=1 loops=1)
               Filter: (id = 7)
               Rows Removed by Filter: 112
               Buffers: shared hit=1
         ->  Nested Loop  (cost=896724.98..994254.78 rows=445 width=4) (actual time=1192.899..282052.609 rows=4176919 loops=1)
               Buffers: shared hit=28204444 read=1344793, temp read=8181 written=7828
               ->  Seq Scan on info_type it1  (cost=0.00..2.41 rows=1 width=4) (actual time=0.009..0.022 rows=1 loops=1)
                     Filter: (id = 3)
                     Rows Removed by Filter: 112
                     Buffers: shared hit=1
               ->  Nested Loop  (cost=896724.98..994247.92 rows=445 width=8) (actual time=1192.888..281094.530 rows=4176919 loops=1)
                     Buffers: shared hit=28204443 read=1344793, temp read=8181 written=7828
                     ->  Hash Join  (cost=896724.55..991786.90 rows=1061 width=12) (actual time=1192.841..129384.984 rows=4176919 loops=1)
                           Hash Cond: (ci.role_id = rt.id)
                           Buffers: shared hit=11592339 read=1249221, temp read=8181 written=7828
                           ->  Nested Loop  (cost=896723.39..991740.52 rows=12729 width=16) (actual time=1192.796..126253.914 rows=10406807 loops=1)
                                 Buffers: shared hit=11592338 read=1249221, temp read=8181 written=7828
                                 ->  Nested Loop  (cost=896722.95..952970.73 rows=888 width=20) (actual time=1192.765..19258.467 rows=255449 loops=1)
                                       Buffers: shared hit=1874861 read=44431, temp read=8181 written=7828
                                       ->  Nested Loop  (cost=896722.81..952920.12 rows=2071 width=24) (actual time=1192.408..18959.601 rows=288018 loops=1)
                                             Buffers: shared hit=1874849 read=44431, temp read=8181 written=7828
                                             ->  Merge Join  (cost=896722.38..897636.43 rows=16342 width=16) (actual time=1192.360..1975.107 rows=474289 loops=1)
                                                   Merge Cond: (mi1.movie_id = mi2.movie_id)
                                                   Buffers: shared hit=2717 read=19407, temp read=8181 written=7828
                                                   ->  Sort  (cost=456686.45..456884.42 rows=79190 width=8) (actual time=626.909..771.145 rows=757306 loops=1)
                                                         Sort Key: mi1.movie_id
                                                         Sort Method: external sort  Disk: 16368kB
                                                         Buffers: shared hit=945 read=10030, temp read=4084 written=4094
                                                         ->  Bitmap Heap Scan on movie_info mi1  (cost=16468.27..450243.14 rows=79190 width=8) (actual time=41.351..440.076 rows=757316 loops=1)
                                                               Recheck Cond: (info_type_id = 3)
                                                               Filter: ((info)::text = ANY ('{Action,Adventure,Comedy,Documentary,Drama,Horror,Sci-Fi,Thriller}'::text[]))
                                                               Rows Removed by Filter: 776593
                                                               Heap Blocks: exact=9772
                                                               Buffers: shared hit=945 read=10030
                                                               ->  Bitmap Index Scan on info_type_id_movie_info  (cost=0.00..16448.47 rows=1538671 width=0) (actual time=40.171..40.171 rows=1533909 loops=1)
                                                                     Index Cond: (info_type_id = 3)
                                                                     Buffers: shared read=1203
                                                   ->  Sort  (cost=440035.93..440213.27 rows=70937 width=8) (actual time=565.440..778.617 rows=766879 loops=1)
                                                         Sort Key: mi2.movie_id
                                                         Sort Method: external sort  Disk: 14928kB
                                                         Buffers: shared hit=1772 read=9377, temp read=3911 written=3734
                                                         ->  Bitmap Heap Scan on movie_info mi2  (cost=15888.12..434320.44 rows=70937 width=8) (actual time=32.836..396.930 rows=690612 loops=1)
                                                               Recheck Cond: (info_type_id = 7)
                                                               Filter: ((info)::text = ANY ('{"CAM:Red One Camera","MET:600 m","OFM:35 mm",PCS:Spherical,"RAT:1.33 : 1","RAT:1.85 : 1","RAT:2.35 : 1"}'::text[]))
                                                               Rows Removed by Filter: 711290
                                                               Heap Blocks: exact=10050
                                                               Buffers: shared hit=1772 read=9377
                                                               ->  Bitmap Index Scan on info_type_id_movie_info  (cost=0.00..15870.39 rows=1484527 width=0) (actual time=31.601..31.601 rows=1401902 loops=1)
                                                                     Index Cond: (info_type_id = 7)
                                                                     Buffers: shared hit=1 read=1098
                                             ->  Index Scan using title_pkey on title t  (cost=0.43..3.38 rows=1 width=8) (actual time=0.035..0.035 rows=1 loops=474289)
                                                   Index Cond: (id = mi1.movie_id)
                                                   Filter: ((production_year <= 2015) AND (1925 < production_year))
                                                   Rows Removed by Filter: 0
                                                   Buffers: shared hit=1872132 read=25024
                                       ->  Memoize  (cost=0.14..0.16 rows=1 width=4) (actual time=0.000..0.000 rows=1 loops=288018)
                                             Cache Key: t.kind_id
                                             Cache Mode: logical
                                             Hits: 288012  Misses: 6  Evictions: 0  Overflows: 0  Memory Usage: 1kB
                                             Buffers: shared hit=12
                                             ->  Index Scan using kind_type_pkey on kind_type kt  (cost=0.13..0.15 rows=1 width=4) (actual time=0.011..0.011 rows=0 loops=6)
                                                   Index Cond: (id = t.kind_id)
                                                   Filter: ((kind)::text = ANY ('{episode,movie,"video movie"}'::text[]))
                                                   Rows Removed by Filter: 0
                                                   Buffers: shared hit=12
                                 ->  Index Scan using movie_id_cast_info on cast_info ci  (cost=0.44..43.28 rows=38 width=12) (actual time=0.037..0.406 rows=41 loops=255449)
                                       Index Cond: (movie_id = t.id)
                                       Buffers: shared hit=9717477 read=1204790
                           ->  Hash  (cost=1.15..1.15 rows=1 width=4) (actual time=0.017..0.018 rows=1 loops=1)
                                 Buckets: 1024  Batches: 1  Memory Usage: 9kB
                                 Buffers: shared hit=1
                                 ->  Seq Scan on role_type rt  (cost=0.00..1.15 rows=1 width=4) (actual time=0.010..0.012 rows=1 loops=1)
                                       Filter: ((role)::text = 'actor'::text)
                                       Rows Removed by Filter: 11
                                       Buffers: shared hit=1
                     ->  Index Scan using name_pkey on name n  (cost=0.43..2.32 rows=1 width=4) (actual time=0.036..0.036 rows=1 loops=4176919)
                           Index Cond: (id = ci.person_id)
                           Filter: ((gender)::text = 'm'::text)
                           Buffers: shared hit=16612104 read=95572
 Planning:
   Buffers: shared hit=574
 Planning Time: 12.586 ms
 Execution Time: 283734.695 ms
(87 rows)

