                                                                                               QUERY PLAN                                                                                               
--------------------------------------------------------------------------------------------------------------------------------------------------------------------------------------------------------
 Aggregate  (cost=543748.63..543748.64 rows=1 width=8) (actual time=18550.024..18550.033 rows=1 loops=1)
   Buffers: shared hit=1704196 read=227173
   ->  Nested Loop  (cost=16456.00..543748.54 rows=37 width=0) (actual time=70.483..18547.704 rows=8498 loops=1)
         Buffers: shared hit=1704196 read=227173
         ->  Hash Join  (cost=16455.57..543544.42 rows=88 width=4) (actual time=58.538..17298.467 rows=36533 loops=1)
               Hash Cond: (ci.role_id = rt.id)
               Buffers: shared hit=1562970 read=222267
               ->  Nested Loop  (cost=16454.39..543541.36 rows=530 width=8) (actual time=58.256..17144.433 rows=912311 loops=1)
                     Buffers: shared hit=1562969 read=222267
                     ->  Nested Loop  (cost=16453.95..541899.52 rows=37 width=12) (actual time=58.215..8408.191 rows=24465 loops=1)
                           Buffers: shared hit=709841 read=114393
                           ->  Seq Scan on info_type it2  (cost=0.00..2.41 rows=1 width=4) (actual time=0.031..0.041 rows=1 loops=1)
                                 Filter: (id = 7)
                                 Rows Removed by Filter: 112
                                 Buffers: shared hit=1
                           ->  Nested Loop  (cost=16453.95..541896.74 rows=37 width=16) (actual time=58.182..8402.216 rows=24465 loops=1)
                                 Buffers: shared hit=709840 read=114393
                                 ->  Seq Scan on info_type it1  (cost=0.00..2.41 rows=1 width=4) (actual time=0.008..0.021 rows=1 loops=1)
                                       Filter: (id = 3)
                                       Rows Removed by Filter: 112
                                       Buffers: shared hit=1
                                 ->  Nested Loop  (cost=16453.95..541893.96 rows=37 width=20) (actual time=58.171..8396.109 rows=24465 loops=1)
                                       Buffers: shared hit=709839 read=114393
                                       ->  Hash Join  (cost=16453.52..486859.40 rows=1286 width=12) (actual time=58.110..5366.460 rows=24727 loops=1)
                                             Hash Cond: (t.kind_id = kt.id)
                                             Buffers: shared hit=486137 read=42419
                                             ->  Nested Loop  (cost=16452.38..486845.61 rows=3001 width=16) (actual time=42.237..5351.814 rows=32696 loops=1)
                                                   Buffers: shared hit=486136 read=42419
                                                   ->  Bitmap Heap Scan on movie_info mi1  (cost=16451.94..404898.17 rows=13899 width=8) (actual time=42.077..812.158 rows=140852 loops=1)
                                                         Recheck Cond: (info_type_id = 3)
                                                         Filter: ((info)::text = ANY ('{Family,Fantasy,History,Romance,Sport}'::text[]))
                                                         Rows Removed by Filter: 1393057
                                                         Heap Blocks: exact=9772
                                                         Buffers: shared hit=59 read=10916
                                                         ->  Bitmap Index Scan on info_type_id_movie_info  (cost=0.00..16448.47 rows=1538671 width=0) (actual time=40.879..40.879 rows=1533909 loops=1)
                                                               Index Cond: (info_type_id = 3)
                                                               Buffers: shared read=1203
                                                   ->  Memoize  (cost=0.44..5.99 rows=1 width=8) (actual time=0.032..0.032 rows=0 loops=140852)
                                                         Cache Key: mi1.movie_id
                                                         Cache Mode: logical
                                                         Hits: 11457  Misses: 129395  Evictions: 20002  Overflows: 0  Memory Usage: 8193kB
                                                         Buffers: shared hit=486077 read=31503
                                                         ->  Index Scan using title_pkey on title t  (cost=0.43..5.98 rows=1 width=8) (actual time=0.033..0.033 rows=0 loops=129395)
                                                               Index Cond: (id = mi1.movie_id)
                                                               Filter: ((production_year <= 1990) AND (1950 < production_year))
                                                               Rows Removed by Filter: 1
                                                               Buffers: shared hit=486077 read=31503
                                             ->  Hash  (cost=1.10..1.10 rows=3 width=4) (actual time=0.018..0.019 rows=3 loops=1)
                                                   Buckets: 1024  Batches: 1  Memory Usage: 9kB
                                                   Buffers: shared hit=1
                                                   ->  Seq Scan on kind_type kt  (cost=0.00..1.10 rows=3 width=4) (actual time=0.008..0.010 rows=3 loops=1)
                                                         Filter: ((kind)::text = ANY ('{episode,movie,"tv movie"}'::text[]))
                                                         Rows Removed by Filter: 4
                                                         Buffers: shared hit=1
                                       ->  Index Scan using movie_id_movie_info on movie_info mi2  (cost=0.43..42.79 rows=1 width=8) (actual time=0.083..0.122 rows=1 loops=24727)
                                             Index Cond: (movie_id = t.id)
                                             Filter: ((info_type_id = 7) AND ((info)::text = ANY ('{"OFM:35 mm",PCS:Spherical,"PFM:35 mm","RAT:1.37 : 1"}'::text[])))
                                             Rows Removed by Filter: 20
                                             Buffers: shared hit=223702 read=71974
                     ->  Index Scan using movie_id_cast_info on cast_info ci  (cost=0.44..43.99 rows=38 width=12) (actual time=0.036..0.347 rows=37 loops=24465)
                           Index Cond: (movie_id = t.id)
                           Buffers: shared hit=853128 read=107874
               ->  Hash  (cost=1.15..1.15 rows=2 width=4) (actual time=0.032..0.032 rows=2 loops=1)
                     Buckets: 1024  Batches: 1  Memory Usage: 9kB
                     Buffers: shared hit=1
                     ->  Seq Scan on role_type rt  (cost=0.00..1.15 rows=2 width=4) (actual time=0.024..0.025 rows=2 loops=1)
                           Filter: ((role)::text = ANY ('{"costume designer",editor}'::text[]))
                           Rows Removed by Filter: 10
                           Buffers: shared hit=1
         ->  Index Scan using name_pkey on name n  (cost=0.43..2.32 rows=1 width=4) (actual time=0.034..0.034 rows=0 loops=36533)
               Index Cond: (id = ci.person_id)
               Filter: ((gender)::text = 'm'::text)
               Rows Removed by Filter: 1
               Buffers: shared hit=141226 read=4906
 Planning:
   Buffers: shared hit=486 read=88
 Planning Time: 14.477 ms
 Execution Time: 18552.919 ms
(78 rows)

