                                                                                            QUERY PLAN                                                                                            
--------------------------------------------------------------------------------------------------------------------------------------------------------------------------------------------------
 Aggregate  (cost=504548.48..504548.49 rows=1 width=8) (actual time=11531.442..11531.451 rows=1 loops=1)
   Buffers: shared hit=1007936 read=160521, temp read=1120 written=1120
   ->  Nested Loop  (cost=92243.25..504548.43 rows=21 width=0) (actual time=817.566..11529.326 rows=10249 loops=1)
         Buffers: shared hit=1007936 read=160521, temp read=1120 written=1120
         ->  Hash Join  (cost=92242.82..504432.45 rows=50 width=4) (actual time=817.515..10932.406 rows=17460 loops=1)
               Hash Cond: (ci.role_id = rt.id)
               Buffers: shared hit=943807 read=154810, temp read=1120 written=1120
               ->  Nested Loop  (cost=92241.65..504430.21 rows=301 width=8) (actual time=817.386..10911.906 rows=95340 loops=1)
                     Buffers: shared hit=943806 read=154810, temp read=1120 written=1120
                     ->  Nested Loop  (cost=92241.21..503467.99 rows=21 width=12) (actual time=817.330..9744.399 rows=9832 loops=1)
                           Buffers: shared hit=847785 read=131644, temp read=1120 written=1120
                           ->  Seq Scan on info_type it2  (cost=0.00..2.41 rows=1 width=4) (actual time=0.025..0.038 rows=1 loops=1)
                                 Filter: (id = 7)
                                 Rows Removed by Filter: 112
                                 Buffers: shared hit=1
                           ->  Nested Loop  (cost=92241.21..503465.37 rows=21 width=16) (actual time=817.303..9742.213 rows=9832 loops=1)
                                 Buffers: shared hit=847784 read=131644, temp read=1120 written=1120
                                 ->  Seq Scan on info_type it1  (cost=0.00..2.41 rows=1 width=4) (actual time=0.006..0.023 rows=1 loops=1)
                                       Filter: (id = 3)
                                       Rows Removed by Filter: 112
                                       Buffers: shared hit=1
                                 ->  Nested Loop  (cost=92241.21..503462.75 rows=21 width=20) (actual time=817.294..9739.871 rows=9832 loops=1)
                                       Buffers: shared hit=847783 read=131644, temp read=1120 written=1120
                                       ->  Hash Join  (cost=92240.77..450427.49 rows=1213 width=12) (actual time=471.561..1230.707 rows=80659 loops=1)
                                             Hash Cond: (mi2.movie_id = t.id)
                                             Buffers: shared hit=9167 read=38374, temp read=1120 written=1120
                                             ->  Bitmap Heap Scan on movie_info mi2  (cost=15878.76..373927.72 rows=33501 width=8) (actual time=38.523..571.553 rows=312547 loops=1)
                                                   Recheck Cond: (info_type_id = 7)
                                                   Filter: ((info)::text = ANY ('{"OFM:16 mm","PFM:35 mm","RAT:1.37 : 1"}'::text[]))
                                                   Rows Removed by Filter: 1089355
                                                   Heap Blocks: exact=10050
                                                   Buffers: shared hit=694 read=10455
                                                   ->  Bitmap Index Scan on info_type_id_movie_info  (cost=0.00..15870.39 rows=1484527 width=0) (actual time=37.256..37.256 rows=1401902 loops=1)
                                                         Index Cond: (info_type_id = 7)
                                                         Buffers: shared read=1099
                                             ->  Hash  (cost=75217.46..75217.46 rows=91564 width=4) (actual time=432.531..432.534 rows=204688 loops=1)
                                                   Buckets: 262144 (originally 131072)  Batches: 2 (originally 1)  Memory Usage: 6145kB
                                                   Buffers: shared hit=8473 read=27919, temp written=299
                                                   ->  Hash Join  (cost=1.13..75217.46 rows=91564 width=4) (actual time=0.041..393.062 rows=204688 loops=1)
                                                         Hash Cond: (t.kind_id = kt.id)
                                                         Buffers: shared hit=8473 read=27919
                                                         ->  Seq Scan on title t  (cost=0.00..74315.95 rows=213650 width=8) (actual time=0.022..365.281 rows=212483 loops=1)
                                                               Filter: ((production_year <= 1970) AND (1950 < production_year))
                                                               Rows Removed by Filter: 2315829
                                                               Buffers: shared hit=8472 read=27919
                                                         ->  Hash  (cost=1.10..1.10 rows=3 width=4) (actual time=0.011..0.012 rows=3 loops=1)
                                                               Buckets: 1024  Batches: 1  Memory Usage: 9kB
                                                               Buffers: shared hit=1
                                                               ->  Seq Scan on kind_type kt  (cost=0.00..1.10 rows=3 width=4) (actual time=0.007..0.008 rows=3 loops=1)
                                                                     Filter: ((kind)::text = ANY ('{episode,movie,"tv movie"}'::text[]))
                                                                     Rows Removed by Filter: 4
                                                                     Buffers: shared hit=1
                                       ->  Index Scan using movie_id_movie_info on movie_info mi1  (cost=0.43..43.71 rows=1 width=8) (actual time=0.105..0.105 rows=0 loops=80659)
                                             Index Cond: (movie_id = t.id)
                                             Filter: ((info_type_id = 3) AND ((info)::text = ANY ('{Animation,Fantasy,Short}'::text[])))
                                             Rows Removed by Filter: 15
                                             Buffers: shared hit=838616 read=93270
                     ->  Index Scan using movie_id_cast_info on cast_info ci  (cost=0.44..45.44 rows=38 width=12) (actual time=0.038..0.116 rows=10 loops=9832)
                           Index Cond: (movie_id = t.id)
                           Buffers: shared hit=96021 read=23166
               ->  Hash  (cost=1.15..1.15 rows=2 width=4) (actual time=0.030..0.031 rows=2 loops=1)
                     Buckets: 1024  Batches: 1  Memory Usage: 9kB
                     Buffers: shared hit=1
                     ->  Seq Scan on role_type rt  (cost=0.00..1.15 rows=2 width=4) (actual time=0.021..0.023 rows=2 loops=1)
                           Filter: ((role)::text = ANY ('{director,producer}'::text[]))
                           Rows Removed by Filter: 10
                           Buffers: shared hit=1
         ->  Index Scan using name_pkey on name n  (cost=0.43..2.32 rows=1 width=4) (actual time=0.034..0.034 rows=1 loops=17460)
               Index Cond: (id = ci.person_id)
               Filter: ((gender)::text = 'm'::text)
               Rows Removed by Filter: 0
               Buffers: shared hit=64129 read=5711
 Planning:
   Buffers: shared hit=483 read=91
 Planning Time: 12.328 ms
 Execution Time: 11531.932 ms
(76 rows)

