                                                                                                QUERY PLAN                                                                                                
----------------------------------------------------------------------------------------------------------------------------------------------------------------------------------------------------------
 Aggregate  (cost=435198.29..435198.30 rows=1 width=8) (actual time=2881.975..2881.980 rows=1 loops=1)
   Buffers: shared hit=26340 read=89681
   ->  Nested Loop  (cost=74992.35..435198.28 rows=4 width=0) (actual time=382.229..2881.942 rows=62 loops=1)
         Buffers: shared hit=26340 read=89681
         ->  Seq Scan on info_type it2  (cost=0.00..2.41 rows=1 width=4) (actual time=0.039..0.043 rows=1 loops=1)
               Filter: (id = 7)
               Rows Removed by Filter: 112
               Buffers: shared hit=1
         ->  Nested Loop  (cost=74992.35..435195.83 rows=4 width=4) (actual time=382.189..2881.879 rows=62 loops=1)
               Buffers: shared hit=26339 read=89681
               ->  Seq Scan on info_type it1  (cost=0.00..2.41 rows=1 width=4) (actual time=0.007..0.013 rows=1 loops=1)
                     Filter: (id = 3)
                     Rows Removed by Filter: 112
                     Buffers: shared hit=1
               ->  Nested Loop  (cost=74992.35..435193.38 rows=4 width=8) (actual time=382.181..2881.843 rows=62 loops=1)
                     Join Filter: (t.id = mi1.movie_id)
                     Buffers: shared hit=26338 read=89681
                     ->  Nested Loop  (cost=74991.92..429950.59 rows=124 width=16) (actual time=382.125..2878.788 rows=85 loops=1)
                           Join Filter: (t.id = mi2.movie_id)
                           Buffers: shared hit=25272 read=89636
                           ->  Nested Loop  (cost=74991.48..249808.23 rows=4271 width=8) (actual time=382.072..2819.783 rows=1693 loops=1)
                                 Buffers: shared hit=9844 read=88244
                                 ->  Hash Join  (cost=74991.05..207154.58 rows=18389 width=12) (actual time=382.027..2793.545 rows=1693 loops=1)
                                       Hash Cond: (t.kind_id = kt.id)
                                       Buffers: shared hit=4937 read=86379
                                       ->  Hash Join  (cost=74989.94..206882.22 rows=64364 width=16) (actual time=374.365..2783.688 rows=170629 loops=1)
                                             Hash Cond: (ci.movie_id = t.id)
                                             Buffers: shared hit=4936 read=86379
                                             ->  Nested Loop  (cost=0.44..123965.00 rows=3020080 width=8) (actual time=0.077..1736.103 rows=7451973 loops=1)
                                                   Buffers: shared hit=3477 read=51447
                                                   ->  Seq Scan on role_type rt  (cost=0.00..1.15 rows=1 width=4) (actual time=0.007..0.010 rows=1 loops=1)
                                                         Filter: ((role)::text = 'actress'::text)
                                                         Rows Removed by Filter: 11
                                                         Buffers: shared hit=1
                                                   ->  Index Scan using role_id_cast_info on cast_info ci  (cost=0.44..91017.52 rows=3294633 width=12) (actual time=0.069..1138.939 rows=7451973 loops=1)
                                                         Index Cond: (role_id = rt.id)
                                                         Buffers: shared hit=3476 read=51447
                                             ->  Hash  (cost=74315.95..74315.95 rows=53884 width=8) (actual time=373.834..373.835 rows=51669 loops=1)
                                                   Buckets: 65536  Batches: 1  Memory Usage: 2531kB
                                                   Buffers: shared hit=1459 read=34932
                                                   ->  Seq Scan on title t  (cost=0.00..74315.95 rows=53884 width=8) (actual time=0.509..363.622 rows=51669 loops=1)
                                                         Filter: ((production_year <= 1949) AND (1928 < production_year))
                                                         Rows Removed by Filter: 2476643
                                                         Buffers: shared hit=1459 read=34932
                                       ->  Hash  (cost=1.09..1.09 rows=2 width=4) (actual time=0.016..0.017 rows=2 loops=1)
                                             Buckets: 1024  Batches: 1  Memory Usage: 9kB
                                             Buffers: shared hit=1
                                             ->  Seq Scan on kind_type kt  (cost=0.00..1.09 rows=2 width=4) (actual time=0.008..0.009 rows=2 loops=1)
                                                   Filter: ((kind)::text = ANY ('{"tv movie","tv series"}'::text[]))
                                                   Rows Removed by Filter: 5
                                                   Buffers: shared hit=1
                                 ->  Index Scan using name_pkey on name n  (cost=0.43..2.32 rows=1 width=4) (actual time=0.015..0.015 rows=1 loops=1693)
                                       Index Cond: (id = ci.person_id)
                                       Filter: ((gender)::text = 'f'::text)
                                       Buffers: shared hit=4907 read=1865
                           ->  Index Scan using movie_id_movie_info on movie_info mi2  (cost=0.43..42.17 rows=1 width=8) (actual time=0.034..0.035 rows=0 loops=1693)
                                 Index Cond: (movie_id = ci.movie_id)
                                 Filter: ((info_type_id = 7) AND ((info)::text = ANY ('{"OFM:35 mm",PCS:Spherical,"PFM:35 mm","RAT:1.37 : 1"}'::text[])))
                                 Rows Removed by Filter: 8
                                 Buffers: shared hit=15428 read=1392
                     ->  Index Scan using movie_id_movie_info on movie_info mi1  (cost=0.43..42.27 rows=1 width=8) (actual time=0.034..0.035 rows=1 loops=85)
                           Index Cond: (movie_id = ci.movie_id)
                           Filter: ((info_type_id = 3) AND ((info)::text = ANY ('{Documentary,Drama,Family,Musical,Short,Western}'::text[])))
                           Rows Removed by Filter: 17
                           Buffers: shared hit=1066 read=45
 Planning:
   Buffers: shared hit=504 read=70
 Planning Time: 13.030 ms
 Execution Time: 2882.424 ms
(69 rows)

