                                                                                            QUERY PLAN                                                                                            
--------------------------------------------------------------------------------------------------------------------------------------------------------------------------------------------------
 Aggregate  (cost=501053.94..501053.95 rows=1 width=8) (actual time=786.956..786.962 rows=1 loops=1)
   Buffers: shared hit=11176 read=42056
   ->  Nested Loop  (cost=91205.22..501053.92 rows=8 width=0) (actual time=397.379..786.953 rows=16 loops=1)
         Buffers: shared hit=11176 read=42056
         ->  Seq Scan on info_type it2  (cost=0.00..2.41 rows=1 width=4) (actual time=0.046..0.050 rows=1 loops=1)
               Filter: (id = 7)
               Rows Removed by Filter: 112
               Buffers: shared hit=1
         ->  Nested Loop  (cost=91205.22..501051.42 rows=8 width=4) (actual time=397.332..786.898 rows=16 loops=1)
               Buffers: shared hit=11175 read=42056
               ->  Seq Scan on info_type it1  (cost=0.00..2.41 rows=1 width=4) (actual time=0.009..0.016 rows=1 loops=1)
                     Filter: (id = 3)
                     Rows Removed by Filter: 112
                     Buffers: shared hit=1
               ->  Nested Loop  (cost=91205.22..501048.93 rows=8 width=8) (actual time=397.320..786.875 rows=16 loops=1)
                     Buffers: shared hit=11174 read=42056
                     ->  Hash Join  (cost=91204.79..501004.86 rows=19 width=12) (actual time=397.149..785.944 rows=54 loops=1)
                           Hash Cond: (ci.role_id = rt.id)
                           Buffers: shared hit=11021 read=41993
                           ->  Nested Loop  (cost=91203.62..501002.88 rows=229 width=16) (actual time=390.661..785.766 rows=1364 loops=1)
                                 Join Filter: (t.id = ci.movie_id)
                                 Buffers: shared hit=11020 read=41993
                                 ->  Nested Loop  (cost=91203.18..500218.43 rows=16 width=20) (actual time=390.628..776.683 rows=154 loops=1)
                                       Join Filter: (t.id = mi2.movie_id)
                                       Buffers: shared hit=9968 read=41251
                                       ->  Hash Join  (cost=91202.75..479918.71 rows=431 width=12) (actual time=390.572..759.864 rows=361 loops=1)
                                             Hash Cond: (mi1.movie_id = t.id)
                                             Buffers: shared hit=6470 read=40897
                                             ->  Bitmap Heap Scan on movie_info mi1  (cost=16466.16..404912.39 rows=70779 width=8) (actual time=41.692..371.862 rows=665267 loops=1)
                                                   Recheck Cond: (info_type_id = 3)
                                                   Filter: ((info)::text = ANY ('{Action,Comedy,Music,Short,Thriller}'::text[]))
                                                   Rows Removed by Filter: 868642
                                                   Heap Blocks: exact=9772
                                                   Buffers: shared hit=4361 read=6614
                                                   ->  Bitmap Index Scan on info_type_id_movie_info  (cost=0.00..16448.47 rows=1538671 width=0) (actual time=40.495..40.495 rows=1533909 loops=1)
                                                         Index Cond: (info_type_id = 3)
                                                         Buffers: shared read=1203
                                             ->  Hash  (cost=74544.15..74544.15 rows=15395 width=4) (actual time=348.427..348.429 rows=844 loops=1)
                                                   Buckets: 16384  Batches: 1  Memory Usage: 158kB
                                                   Buffers: shared hit=2109 read=34283
                                                   ->  Hash Join  (cost=1.11..74544.15 rows=15395 width=4) (actual time=0.348..348.107 rows=844 loops=1)
                                                         Hash Cond: (t.kind_id = kt.id)
                                                         Buffers: shared hit=2109 read=34283
                                                         ->  Seq Scan on title t  (cost=0.00..74315.95 rows=53884 width=8) (actual time=0.321..344.735 rows=51669 loops=1)
                                                               Filter: ((production_year <= 1949) AND (1928 < production_year))
                                                               Rows Removed by Filter: 2476643
                                                               Buffers: shared hit=2108 read=34283
                                                         ->  Hash  (cost=1.09..1.09 rows=2 width=4) (actual time=0.010..0.011 rows=2 loops=1)
                                                               Buckets: 1024  Batches: 1  Memory Usage: 9kB
                                                               Buffers: shared hit=1
                                                               ->  Seq Scan on kind_type kt  (cost=0.00..1.09 rows=2 width=4) (actual time=0.006..0.007 rows=2 loops=1)
                                                                     Filter: ((kind)::text = ANY ('{"tv movie","tv series"}'::text[]))
                                                                     Rows Removed by Filter: 5
                                                                     Buffers: shared hit=1
                                       ->  Index Scan using movie_id_movie_info on movie_info mi2  (cost=0.43..47.09 rows=1 width=8) (actual time=0.037..0.046 rows=0 loops=361)
                                             Index Cond: (movie_id = mi1.movie_id)
                                             Filter: ((info_type_id = 7) AND ((info)::text = ANY ('{"MET:600 m","OFM:35 mm",PCS:Spherical,"PFM:35 mm","RAT:1.20 : 1","RAT:1.33 : 1"}'::text[])))
                                             Rows Removed by Filter: 9
                                             Buffers: shared hit=3498 read=354
                                 ->  Index Scan using movie_id_cast_info on cast_info ci  (cost=0.44..48.55 rows=38 width=12) (actual time=0.017..0.057 rows=9 loops=154)
                                       Index Cond: (movie_id = mi2.movie_id)
                                       Buffers: shared hit=1052 read=742
                           ->  Hash  (cost=1.15..1.15 rows=1 width=4) (actual time=0.022..0.023 rows=1 loops=1)
                                 Buckets: 1024  Batches: 1  Memory Usage: 9kB
                                 Buffers: shared hit=1
                                 ->  Seq Scan on role_type rt  (cost=0.00..1.15 rows=1 width=4) (actual time=0.013..0.014 rows=1 loops=1)
                                       Filter: ((role)::text = 'miscellaneous crew'::text)
                                       Rows Removed by Filter: 11
                                       Buffers: shared hit=1
                     ->  Index Scan using name_pkey on name n  (cost=0.43..2.32 rows=1 width=4) (actual time=0.017..0.017 rows=0 loops=54)
                           Index Cond: (id = ci.person_id)
                           Filter: ((gender)::text = 'm'::text)
                           Rows Removed by Filter: 1
                           Buffers: shared hit=153 read=63
 Planning:
   Buffers: shared hit=574
 Planning Time: 12.235 ms
 Execution Time: 787.523 ms
(78 rows)

