                                                                                               QUERY PLAN                                                                                               
--------------------------------------------------------------------------------------------------------------------------------------------------------------------------------------------------------
 Aggregate  (cost=444794.56..444794.57 rows=1 width=8) (actual time=8146.855..8146.861 rows=1 loops=1)
   Buffers: shared hit=668704 read=181958
   ->  Nested Loop  (cost=16453.64..444794.55 rows=3 width=0) (actual time=129.860..8146.174 rows=1726 loops=1)
         Buffers: shared hit=668704 read=181958
         ->  Hash Join  (cost=16453.21..444778.31 rows=7 width=4) (actual time=127.989..7859.884 rows=8263 loops=1)
               Hash Cond: (ci.role_id = rt.id)
               Buffers: shared hit=640839 read=176771
               ->  Nested Loop  (cost=16452.04..444776.98 rows=43 width=8) (actual time=127.673..7823.319 rows=226827 loops=1)
                     Buffers: shared hit=640838 read=176771
                     ->  Nested Loop  (cost=16451.60..444646.00 rows=3 width=12) (actual time=127.626..5341.971 rows=6005 loops=1)
                           Buffers: shared hit=491116 read=86732
                           ->  Seq Scan on info_type it2  (cost=0.00..2.41 rows=1 width=4) (actual time=0.035..0.043 rows=1 loops=1)
                                 Filter: (id = 7)
                                 Rows Removed by Filter: 112
                                 Buffers: shared hit=1
                           ->  Nested Loop  (cost=16451.60..444643.56 rows=3 width=16) (actual time=127.589..5340.412 rows=6005 loops=1)
                                 Buffers: shared hit=491115 read=86732
                                 ->  Seq Scan on info_type it1  (cost=0.00..2.41 rows=1 width=4) (actual time=0.009..0.019 rows=1 loops=1)
                                       Filter: (id = 3)
                                       Rows Removed by Filter: 112
                                       Buffers: shared hit=1
                                 ->  Nested Loop  (cost=16451.60..444641.12 rows=3 width=20) (actual time=127.577..5338.956 rows=6005 loops=1)
                                       Buffers: shared hit=491114 read=86732
                                       ->  Hash Join  (cost=16451.16..393314.62 rows=1216 width=12) (actual time=40.476..1958.184 rows=31111 loops=1)
                                             Hash Cond: (t.kind_id = kt.id)
                                             Buffers: shared hit=164128 read=21216
                                             ->  Nested Loop  (cost=16450.05..393295.57 rows=4255 width=16) (actual time=40.028..1944.557 rows=38463 loops=1)
                                                   Buffers: shared hit=164127 read=21216
                                                   ->  Bitmap Heap Scan on movie_info mi1  (cost=16449.61..359567.19 rows=4565 width=8) (actual time=39.946..461.340 rows=43887 loops=1)
                                                         Recheck Cond: (info_type_id = 3)
                                                         Filter: ((info)::text = ANY ('{Horror,Western}'::text[]))
                                                         Rows Removed by Filter: 1490022
                                                         Heap Blocks: exact=9772
                                                         Buffers: shared hit=7086 read=3889
                                                         ->  Bitmap Index Scan on info_type_id_movie_info  (cost=0.00..16448.47 rows=1538671 width=0) (actual time=38.734..38.734 rows=1533909 loops=1)
                                                               Index Cond: (info_type_id = 3)
                                                               Buffers: shared hit=1203
                                                   ->  Memoize  (cost=0.44..7.42 rows=1 width=8) (actual time=0.033..0.033 rows=1 loops=43887)
                                                         Cache Key: mi1.movie_id
                                                         Cache Mode: logical
                                                         Hits: 295  Misses: 43592  Evictions: 0  Overflows: 0  Memory Usage: 4387kB
                                                         Buffers: shared hit=157041 read=17327
                                                         ->  Index Scan using title_pkey on title t  (cost=0.43..7.41 rows=1 width=8) (actual time=0.032..0.032 rows=1 loops=43592)
                                                               Index Cond: (id = mi1.movie_id)
                                                               Filter: ((production_year <= 2015) AND (1925 < production_year))
                                                               Rows Removed by Filter: 0
                                                               Buffers: shared hit=157041 read=17327
                                             ->  Hash  (cost=1.09..1.09 rows=2 width=4) (actual time=0.015..0.016 rows=2 loops=1)
                                                   Buckets: 1024  Batches: 1  Memory Usage: 9kB
                                                   Buffers: shared hit=1
                                                   ->  Seq Scan on kind_type kt  (cost=0.00..1.09 rows=2 width=4) (actual time=0.009..0.010 rows=2 loops=1)
                                                         Filter: ((kind)::text = ANY ('{episode,movie}'::text[]))
                                                         Rows Removed by Filter: 5
                                                         Buffers: shared hit=1
                                       ->  Index Scan using movie_id_movie_info on movie_info mi2  (cost=0.43..42.20 rows=1 width=8) (actual time=0.093..0.108 rows=0 loops=31111)
                                             Index Cond: (movie_id = t.id)
                                             Filter: (((info)::text = ANY ('{"RAT:1.37 : 1","RAT:2.35 : 1"}'::text[])) AND (info_type_id = 7))
                                             Rows Removed by Filter: 20
                                             Buffers: shared hit=326986 read=65516
                     ->  Index Scan using movie_id_cast_info on cast_info ci  (cost=0.44..43.28 rows=38 width=12) (actual time=0.036..0.404 rows=38 loops=6005)
                           Index Cond: (movie_id = t.id)
                           Buffers: shared hit=149722 read=90039
               ->  Hash  (cost=1.15..1.15 rows=2 width=4) (actual time=0.037..0.038 rows=2 loops=1)
                     Buckets: 1024  Batches: 1  Memory Usage: 9kB
                     Buffers: shared hit=1
                     ->  Seq Scan on role_type rt  (cost=0.00..1.15 rows=2 width=4) (actual time=0.029..0.031 rows=2 loops=1)
                           Filter: ((role)::text = ANY ('{"costume designer",editor}'::text[]))
                           Rows Removed by Filter: 10
                           Buffers: shared hit=1
         ->  Index Scan using name_pkey on name n  (cost=0.43..2.32 rows=1 width=4) (actual time=0.034..0.034 rows=0 loops=8263)
               Index Cond: (id = ci.person_id)
               Filter: ((gender)::text = 'm'::text)
               Rows Removed by Filter: 1
               Buffers: shared hit=27865 read=5187
 Planning:
   Buffers: shared hit=574
 Planning Time: 13.197 ms
 Execution Time: 8148.354 ms
(78 rows)

