                                                                                                  QUERY PLAN                                                                                                  
--------------------------------------------------------------------------------------------------------------------------------------------------------------------------------------------------------------
 Aggregate  (cost=954085.08..954085.09 rows=1 width=8) (actual time=15062.496..15062.505 rows=1 loops=1)
   Buffers: shared hit=1385793 read=95354, temp read=4581 written=4348
   ->  Nested Loop  (cost=895149.20..954083.80 rows=512 width=0) (actual time=1121.424..15061.125 rows=5133 loops=1)
         Buffers: shared hit=1385793 read=95354, temp read=4581 written=4348
         ->  Hash Join  (cost=895148.77..952260.66 rows=786 width=4) (actual time=1121.357..14580.975 rows=12771 loops=1)
               Hash Cond: (ci.role_id = rt.id)
               Buffers: shared hit=1343561 read=86502, temp read=4581 written=4348
               ->  Nested Loop  (cost=895147.60..952242.73 rows=4716 width=8) (actual time=1120.899..14550.386 rows=147628 loops=1)
                     Buffers: shared hit=1343560 read=86502, temp read=4581 written=4348
                     ->  Nested Loop  (cost=895147.16..937853.73 rows=329 width=12) (actual time=1120.872..12810.675 rows=5392 loops=1)
                           Buffers: shared hit=1241905 read=28133, temp read=4581 written=4348
                           ->  Nested Loop  (cost=895147.16..937847.21 rows=329 width=16) (actual time=1120.865..12806.430 rows=5392 loops=1)
                                 Buffers: shared hit=1241904 read=28133, temp read=4581 written=4348
                                 ->  Nested Loop  (cost=895147.16..937840.68 rows=329 width=20) (actual time=1120.848..12802.168 rows=5392 loops=1)
                                       Buffers: shared hit=1241903 read=28133, temp read=4581 written=4348
                                       ->  Nested Loop  (cost=895147.01..937811.65 rows=1152 width=24) (actual time=1120.832..12744.068 rows=77674 loops=1)
                                             Buffers: shared hit=1241891 read=28133, temp read=4581 written=4348
                                             ->  Merge Join  (cost=895146.58..895929.90 rows=12297 width=16) (actual time=1120.784..1663.974 rows=311975 loops=1)
                                                   Merge Cond: (mi1.movie_id = mi2.movie_id)
                                                   Buffers: shared hit=13610 read=8514, temp read=4581 written=4348
                                                   ->  Sort  (cost=456545.33..456739.33 rows=77600 width=8) (actual time=602.904..752.205 rows=730776 loops=1)
                                                         Sort Key: mi1.movie_id
                                                         Sort Method: external merge  Disk: 12920kB
                                                         Buffers: shared hit=6576 read=4399, temp read=1615 written=1625
                                                         ->  Bitmap Heap Scan on movie_info mi1  (cost=16467.87..450242.74 rows=77600 width=8) (actual time=41.880..474.973 rows=730790 loops=1)
                                                               Recheck Cond: (info_type_id = 3)
                                                               Filter: ((info)::text = ANY ('{Adult,Adventure,Documentary,Horror,Mystery,Romance,Sci-Fi,Short}'::text[]))
                                                               Rows Removed by Filter: 803119
                                                               Heap Blocks: exact=9772
                                                               Buffers: shared hit=6576 read=4399
                                                               ->  Bitmap Index Scan on info_type_id_movie_info  (cost=0.00..16448.47 rows=1538671 width=0) (actual time=40.675..40.675 rows=1533909 loops=1)
                                                                     Index Cond: (info_type_id = 3)
                                                                     Buffers: shared read=1203
                                                   ->  Sort  (cost=438601.26..438737.43 rows=54470 width=8) (actual time=517.870..629.515 rows=553465 loops=1)
                                                         Sort Key: mi2.movie_id
                                                         Sort Method: external sort  Disk: 10888kB
                                                         Buffers: shared hit=7034 read=4115, temp read=2841 written=2723
                                                         ->  Bitmap Heap Scan on movie_info mi2  (cost=15884.00..434316.33 rows=54470 width=8) (actual time=33.608..391.275 rows=503550 loops=1)
                                                               Recheck Cond: (info_type_id = 7)
                                                               Filter: ((info)::text = ANY ('{"CAM:Red One Camera",OFM:Video,PCS:Spherical,"PFM:35 mm",PFM:Video,"RAT:1.78 : 1","RAT:1.85 : 1"}'::text[]))
                                                               Rows Removed by Filter: 898352
                                                               Heap Blocks: exact=10050
                                                               Buffers: shared hit=7034 read=4115
                                                               ->  Bitmap Index Scan on info_type_id_movie_info  (cost=0.00..15870.39 rows=1484527 width=0) (actual time=32.379..32.379 rows=1401902 loops=1)
                                                                     Index Cond: (info_type_id = 7)
                                                                     Buffers: shared hit=1 read=1098
                                             ->  Index Scan using title_pkey on title t  (cost=0.43..3.41 rows=1 width=8) (actual time=0.035..0.035 rows=0 loops=311975)
                                                   Index Cond: (id = mi1.movie_id)
                                                   Filter: ((production_year <= 2015) AND (1990 < production_year))
                                                   Rows Removed by Filter: 1
                                                   Buffers: shared hit=1228281 read=19619
                                       ->  Memoize  (cost=0.14..0.16 rows=1 width=4) (actual time=0.000..0.000 rows=0 loops=77674)
                                             Cache Key: t.kind_id
                                             Cache Mode: logical
                                             Hits: 77668  Misses: 6  Evictions: 0  Overflows: 0  Memory Usage: 1kB
                                             Buffers: shared hit=12
                                             ->  Index Scan using kind_type_pkey on kind_type kt  (cost=0.13..0.15 rows=1 width=4) (actual time=0.009..0.009 rows=0 loops=6)
                                                   Index Cond: (id = t.kind_id)
                                                   Filter: ((kind)::text = ANY ('{"tv movie","tv series"}'::text[]))
                                                   Rows Removed by Filter: 1
                                                   Buffers: shared hit=12
                                 ->  Materialize  (cost=0.00..2.42 rows=1 width=4) (actual time=0.000..0.000 rows=1 loops=5392)
                                       Buffers: shared hit=1
                                       ->  Seq Scan on info_type it1  (cost=0.00..2.41 rows=1 width=4) (actual time=0.014..0.019 rows=1 loops=1)
                                             Filter: (id = 3)
                                             Rows Removed by Filter: 112
                                             Buffers: shared hit=1
                           ->  Materialize  (cost=0.00..2.42 rows=1 width=4) (actual time=0.000..0.000 rows=1 loops=5392)
                                 Buffers: shared hit=1
                                 ->  Seq Scan on info_type it2  (cost=0.00..2.41 rows=1 width=4) (actual time=0.005..0.010 rows=1 loops=1)
                                       Filter: (id = 7)
                                       Rows Removed by Filter: 112
                                       Buffers: shared hit=1
                     ->  Index Scan using movie_id_cast_info on cast_info ci  (cost=0.44..43.36 rows=38 width=12) (actual time=0.041..0.314 rows=27 loops=5392)
                           Index Cond: (movie_id = t.id)
                           Buffers: shared hit=101655 read=58369
               ->  Hash  (cost=1.15..1.15 rows=2 width=4) (actual time=0.030..0.031 rows=2 loops=1)
                     Buckets: 1024  Batches: 1  Memory Usage: 9kB
                     Buffers: shared hit=1
                     ->  Seq Scan on role_type rt  (cost=0.00..1.15 rows=2 width=4) (actual time=0.021..0.023 rows=2 loops=1)
                           Filter: ((role)::text = ANY ('{editor,writer}'::text[]))
                           Rows Removed by Filter: 10
                           Buffers: shared hit=1
         ->  Index Scan using name_pkey on name n  (cost=0.43..2.32 rows=1 width=4) (actual time=0.037..0.037 rows=0 loops=12771)
               Index Cond: (id = ci.person_id)
               Filter: ((gender)::text = ANY ('{f,m}'::text[]))
               Rows Removed by Filter: 1
               Buffers: shared hit=42232 read=8852
 Planning:
   Buffers: shared hit=499 read=75
 Planning Time: 12.845 ms
 Execution Time: 15071.945 ms
(92 rows)

