                                                                                                  QUERY PLAN                                                                                                  
--------------------------------------------------------------------------------------------------------------------------------------------------------------------------------------------------------------
 Aggregate  (cost=919029.13..919029.14 rows=1 width=8) (actual time=65894.908..65894.918 rows=1 loops=1)
   Buffers: shared hit=6309767 read=430424, temp read=9156 written=8228
   ->  Nested Loop  (cost=822046.21..919028.20 rows=373 width=0) (actual time=1256.041..65892.895 rows=3735 loops=1)
         Buffers: shared hit=6309767 read=430424, temp read=9156 written=8228
         ->  Seq Scan on info_type it2  (cost=0.00..2.41 rows=1 width=4) (actual time=0.054..0.067 rows=1 loops=1)
               Filter: (id = 7)
               Rows Removed by Filter: 112
               Buffers: shared hit=1
         ->  Nested Loop  (cost=822046.21..919022.05 rows=373 width=4) (actual time=1255.985..65891.639 rows=3735 loops=1)
               Buffers: shared hit=6309766 read=430424, temp read=9156 written=8228
               ->  Seq Scan on info_type it1  (cost=0.00..2.41 rows=1 width=4) (actual time=0.007..0.023 rows=1 loops=1)
                     Filter: (id = 3)
                     Rows Removed by Filter: 112
                     Buffers: shared hit=1
               ->  Nested Loop  (cost=822046.21..919015.91 rows=373 width=8) (actual time=1255.977..65890.287 rows=3735 loops=1)
                     Buffers: shared hit=6309765 read=430424, temp read=9156 written=8228
                     ->  Hash Join  (cost=822045.78..916956.18 rows=888 width=12) (actual time=1103.880..64145.217 rows=47021 loops=1)
                           Hash Cond: (ci.role_id = rt.id)
                           Buffers: shared hit=6127660 read=424445, temp read=9156 written=8228
                           ->  Nested Loop  (cost=822044.62..916917.18 rows=10650 width=16) (actual time=1103.743..63389.890 rows=3864307 loops=1)
                                 Buffers: shared hit=6127659 read=424445, temp read=9156 written=8228
                                 ->  Nested Loop  (cost=822044.18..884421.67 rows=743 width=20) (actual time=1103.708..23917.629 rows=83324 loops=1)
                                       Buffers: shared hit=2507370 read=32786, temp read=9156 written=8228
                                       ->  Nested Loop  (cost=822044.04..884379.12 rows=1734 width=24) (actual time=1103.547..23819.021 rows=91736 loops=1)
                                             Buffers: shared hit=2507358 read=32786, temp read=9156 written=8228
                                             ->  Merge Join  (cost=822043.61..823027.54 rows=18508 width=16) (actual time=1103.496..1895.782 rows=629505 loops=1)
                                                   Merge Cond: (mi1.movie_id = mi2.movie_id)
                                                   Buffers: shared hit=7954 read=14170, temp read=9156 written=8228
                                                   ->  Sort  (cost=396705.03..396915.83 rows=84319 width=8) (actual time=569.302..720.544 rows=816387 loops=1)
                                                         Sort Key: mi1.movie_id
                                                         Sort Method: external sort  Disk: 17648kB
                                                         Buffers: shared hit=4006 read=6969, temp read=4403 written=4414
                                                         ->  Bitmap Heap Scan on movie_info mi1  (cost=16469.55..389806.23 rows=84319 width=8) (actual time=41.621..367.431 rows=816445 loops=1)
                                                               Recheck Cond: (info_type_id = 3)
                                                               Filter: ((info)::text = ANY ('{Adventure,Comedy,Drama,Short}'::text[]))
                                                               Rows Removed by Filter: 717464
                                                               Heap Blocks: exact=9772
                                                               Buffers: shared hit=4006 read=6969
                                                               ->  Bitmap Index Scan on info_type_id_movie_info  (cost=0.00..16448.47 rows=1538671 width=0) (actual time=40.421..40.422 rows=1533909 loops=1)
                                                                     Index Cond: (info_type_id = 3)
                                                                     Buffers: shared read=1203
                                                   ->  Sort  (cost=425338.58..425527.21 rows=75452 width=8) (actual time=534.183..737.071 rows=889035 loops=1)
                                                         Sort Key: mi2.movie_id
                                                         Sort Method: external sort  Disk: 15248kB
                                                         Buffers: shared hit=3948 read=7201, temp read=4279 written=3814
                                                         ->  Bitmap Heap Scan on movie_info mi2  (cost=15889.25..419225.73 rows=75452 width=8) (actual time=32.463..362.606 rows=705648 loops=1)
                                                               Recheck Cond: (info_type_id = 7)
                                                               Filter: ((info)::text = ANY ('{"OFM:35 mm",OFM:Video,PCS:Spherical,"PFM:35 mm","RAT:1.66 : 1","RAT:1.78 : 1"}'::text[]))
                                                               Rows Removed by Filter: 696254
                                                               Heap Blocks: exact=10050
                                                               Buffers: shared hit=3948 read=7201
                                                               ->  Bitmap Index Scan on info_type_id_movie_info  (cost=0.00..15870.39 rows=1484527 width=0) (actual time=31.235..31.235 rows=1401902 loops=1)
                                                                     Index Cond: (info_type_id = 7)
                                                                     Buffers: shared hit=1 read=1098
                                             ->  Index Scan using title_pkey on title t  (cost=0.43..3.31 rows=1 width=8) (actual time=0.034..0.034 rows=0 loops=629505)
                                                   Index Cond: (id = mi1.movie_id)
                                                   Filter: ((production_year <= 2015) AND (1990 < production_year))
                                                   Rows Removed by Filter: 1
                                                   Buffers: shared hit=2499404 read=18616
                                       ->  Memoize  (cost=0.14..0.16 rows=1 width=4) (actual time=0.000..0.000 rows=1 loops=91736)
                                             Cache Key: t.kind_id
                                             Cache Mode: logical
                                             Hits: 91730  Misses: 6  Evictions: 0  Overflows: 0  Memory Usage: 1kB
                                             Buffers: shared hit=12
                                             ->  Index Scan using kind_type_pkey on kind_type kt  (cost=0.13..0.15 rows=1 width=4) (actual time=0.010..0.010 rows=0 loops=6)
                                                   Index Cond: (id = t.kind_id)
                                                   Filter: ((kind)::text = ANY ('{episode,movie,"video movie"}'::text[]))
                                                   Rows Removed by Filter: 0
                                                   Buffers: shared hit=12
                                 ->  Index Scan using movie_id_cast_info on cast_info ci  (cost=0.44..43.36 rows=38 width=12) (actual time=0.037..0.460 rows=46 loops=83324)
                                       Index Cond: (movie_id = t.id)
                                       Buffers: shared hit=3620289 read=391659
                           ->  Hash  (cost=1.15..1.15 rows=1 width=4) (actual time=0.014..0.015 rows=1 loops=1)
                                 Buckets: 1024  Batches: 1  Memory Usage: 9kB
                                 Buffers: shared hit=1
                                 ->  Seq Scan on role_type rt  (cost=0.00..1.15 rows=1 width=4) (actual time=0.008..0.009 rows=1 loops=1)
                                       Filter: ((role)::text = 'costume designer'::text)
                                       Rows Removed by Filter: 11
                                       Buffers: shared hit=1
                     ->  Index Scan using name_pkey on name n  (cost=0.43..2.32 rows=1 width=4) (actual time=0.036..0.036 rows=0 loops=47021)
                           Index Cond: (id = ci.person_id)
                           Filter: ((gender)::text = 'm'::text)
                           Rows Removed by Filter: 1
                           Buffers: shared hit=182105 read=5979
 Planning:
   Buffers: shared hit=574
 Planning Time: 12.783 ms
 Execution Time: 65906.154 ms
(88 rows)

