                                                                                            QUERY PLAN                                                                                            
--------------------------------------------------------------------------------------------------------------------------------------------------------------------------------------------------
 Aggregate  (cost=775059.71..775059.72 rows=1 width=8) (actual time=11385.464..11385.472 rows=1 loops=1)
   Buffers: shared hit=927682 read=171366, temp read=4715 written=4715
   ->  Nested Loop  (cost=507133.31..775059.45 rows=104 width=0) (actual time=1233.655..11383.378 rows=12506 loops=1)
         Buffers: shared hit=927682 read=171366, temp read=4715 written=4715
         ->  Seq Scan on info_type it2  (cost=0.00..2.41 rows=1 width=4) (actual time=0.059..0.066 rows=1 loops=1)
               Filter: (id = 7)
               Rows Removed by Filter: 112
               Buffers: shared hit=1
         ->  Nested Loop  (cost=507133.31..775056.00 rows=104 width=4) (actual time=1233.595..11381.455 rows=12506 loops=1)
               Buffers: shared hit=927681 read=171366, temp read=4715 written=4715
               ->  Seq Scan on info_type it1  (cost=0.00..2.41 rows=1 width=4) (actual time=0.007..0.015 rows=1 loops=1)
                     Filter: (id = 3)
                     Rows Removed by Filter: 112
                     Buffers: shared hit=1
               ->  Nested Loop  (cost=507133.31..775052.54 rows=104 width=8) (actual time=1233.587..11379.303 rows=12506 loops=1)
                     Join Filter: (t.id = mi1.movie_id)
                     Buffers: shared hit=927680 read=171366, temp read=4715 written=4715
                     ->  Nested Loop  (cost=507132.87..667874.63 rows=2538 width=16) (actual time=1233.366..8897.245 rows=16102 loops=1)
                           Buffers: shared hit=726378 read=106168, temp read=4715 written=4715
                           ->  Hash Join  (cost=507132.44..642531.56 rows=10926 width=20) (actual time=1232.718..3616.994 rows=187366 loops=1)
                                 Hash Cond: (ci.movie_id = t.id)
                                 Buffers: shared hit=7869 read=75213, temp read=4715 written=4715
                                 ->  Nested Loop  (cost=0.44..123965.00 rows=3020080 width=8) (actual time=0.074..1663.338 rows=4008037 loops=1)
                                       Buffers: shared hit=4734 read=30807
                                       ->  Seq Scan on role_type rt  (cost=0.00..1.15 rows=1 width=4) (actual time=0.007..0.010 rows=1 loops=1)
                                             Filter: ((role)::text = 'producer'::text)
                                             Rows Removed by Filter: 11
                                             Buffers: shared hit=1
                                       ->  Index Scan using role_id_cast_info on cast_info ci  (cost=0.44..91017.52 rows=3294633 width=12) (actual time=0.066..1109.534 rows=4008037 loops=1)
                                             Index Cond: (role_id = rt.id)
                                             Buffers: shared hit=4733 read=30807
                                 ->  Hash  (cost=507017.66..507017.66 rows=9147 width=12) (actual time=1232.455..1232.459 rows=42979 loops=1)
                                       Buckets: 65536 (originally 16384)  Batches: 1 (originally 1)  Memory Usage: 2359kB
                                       Buffers: shared hit=3135 read=44406, temp read=4715 written=4715
                                       ->  Hash Join  (cost=101303.75..507017.66 rows=9147 width=12) (actual time=702.323..1225.197 rows=42979 loops=1)
                                             Hash Cond: (mi2.movie_id = t.id)
                                             Buffers: shared hit=3135 read=44406, temp read=4715 written=4715
                                             ->  Bitmap Heap Scan on movie_info mi2  (cost=15884.05..419220.53 rows=54657 width=8) (actual time=37.986..378.453 rows=534366 loops=1)
                                                   Recheck Cond: (info_type_id = 7)
                                                   Filter: ((info)::text = ANY ('{"OFM:35 mm",OFM:Video,"PCS:Digital Intermediate","PCS:Super 16","RAT:1.33 : 1","RAT:16:9 HD"}'::text[]))
                                                   Rows Removed by Filter: 867536
                                                   Heap Blocks: exact=10050
                                                   Buffers: shared hit=1 read=11148
                                                   ->  Bitmap Index Scan on info_type_id_movie_info  (cost=0.00..15870.39 rows=1484527 width=0) (actual time=36.744..36.744 rows=1401902 loops=1)
                                                         Index Cond: (info_type_id = 7)
                                                         Buffers: shared read=1099
                                             ->  Hash  (cost=78477.74..78477.74 rows=423117 width=4) (actual time=663.134..663.137 rows=913823 loops=1)
                                                   Buckets: 262144 (originally 262144)  Batches: 8 (originally 4)  Memory Usage: 6145kB
                                                   Buffers: shared hit=3134 read=33258, temp written=2340
                                                   ->  Hash Join  (cost=1.13..78477.74 rows=423117 width=4) (actual time=0.043..530.334 rows=913823 loops=1)
                                                         Hash Cond: (t.kind_id = kt.id)
                                                         Buffers: shared hit=3134 read=33258
                                                         ->  Seq Scan on title t  (cost=0.00..74315.95 rows=987274 width=8) (actual time=0.021..418.685 rows=989787 loops=1)
                                                               Filter: ((production_year <= 2010) AND (2000 < production_year))
                                                               Rows Removed by Filter: 1538525
                                                               Buffers: shared hit=3133 read=33258
                                                         ->  Hash  (cost=1.10..1.10 rows=3 width=4) (actual time=0.014..0.015 rows=3 loops=1)
                                                               Buckets: 1024  Batches: 1  Memory Usage: 9kB
                                                               Buffers: shared hit=1
                                                               ->  Seq Scan on kind_type kt  (cost=0.00..1.10 rows=3 width=4) (actual time=0.009..0.010 rows=3 loops=1)
                                                                     Filter: ((kind)::text = ANY ('{episode,movie,"video movie"}'::text[]))
                                                                     Rows Removed by Filter: 4
                                                                     Buffers: shared hit=1
                           ->  Index Scan using name_pkey on name n  (cost=0.43..2.32 rows=1 width=4) (actual time=0.028..0.028 rows=0 loops=187366)
                                 Index Cond: (id = ci.person_id)
                                 Filter: ((gender)::text = 'f'::text)
                                 Rows Removed by Filter: 1
                                 Buffers: shared hit=718509 read=30955
                     ->  Index Scan using movie_id_movie_info on movie_info mi1  (cost=0.43..42.22 rows=1 width=8) (actual time=0.153..0.154 rows=1 loops=16102)
                           Index Cond: (movie_id = ci.movie_id)
                           Filter: ((info_type_id = 3) AND ((info)::text = ANY ('{Comedy,Documentary,Drama,Romance,Short}'::text[])))
                           Rows Removed by Filter: 59
                           Buffers: shared hit=201302 read=65198
 Planning:
   Buffers: shared hit=485 read=89
 Planning Time: 13.182 ms
 Execution Time: 11386.107 ms
(77 rows)

