                                                                                           QUERY PLAN                                                                                            
-------------------------------------------------------------------------------------------------------------------------------------------------------------------------------------------------
 Aggregate  (cost=452039.48..452039.49 rows=1 width=8) (actual time=346.177..346.181 rows=1 loops=1)
   Buffers: shared hit=10278 read=15060
   ->  Nested Loop  (cost=48525.97..452039.46 rows=8 width=0) (actual time=203.891..346.151 rows=285 loops=1)
         Buffers: shared hit=10278 read=15060
         ->  Seq Scan on info_type it2  (cost=0.00..2.41 rows=1 width=4) (actual time=0.043..0.048 rows=1 loops=1)
               Filter: (id = 7)
               Rows Removed by Filter: 112
               Buffers: shared hit=1
         ->  Nested Loop  (cost=48525.97..452036.97 rows=8 width=4) (actual time=203.846..346.075 rows=285 loops=1)
               Buffers: shared hit=10277 read=15060
               ->  Seq Scan on info_type it1  (cost=0.00..2.41 rows=1 width=4) (actual time=0.009..0.015 rows=1 loops=1)
                     Filter: (id = 3)
                     Rows Removed by Filter: 112
                     Buffers: shared hit=1
               ->  Nested Loop  (cost=48525.97..452034.48 rows=8 width=8) (actual time=203.836..346.030 rows=285 loops=1)
                     Join Filter: (t.id = mi1.movie_id)
                     Buffers: shared hit=10276 read=15060
                     ->  Nested Loop  (cost=48525.53..443504.16 rows=202 width=16) (actual time=203.766..323.909 rows=451 loops=1)
                           Join Filter: (t.id = mi2.movie_id)
                           Buffers: shared hit=5545 read=14727
                           ->  Nested Loop  (cost=48525.10..213963.17 rows=5429 width=8) (actual time=203.694..311.849 rows=200 loops=1)
                                 Buffers: shared hit=4018 read=14212
                                 ->  Hash Join  (cost=48524.67..183943.94 rows=12942 width=12) (actual time=200.244..301.834 rows=665 loops=1)
                                       Hash Cond: (ci.movie_id = t.id)
                                       Buffers: shared hit=1711 read=13859
                                       ->  Nested Loop  (cost=0.44..123965.00 rows=3020080 width=8) (actual time=0.265..72.917 rows=316118 loops=1)
                                             Buffers: shared hit=443 read=1740
                                             ->  Seq Scan on role_type rt  (cost=0.00..1.15 rows=1 width=4) (actual time=0.009..0.011 rows=1 loops=1)
                                                   Filter: ((role)::text = 'production designer'::text)
                                                   Rows Removed by Filter: 11
                                                   Buffers: shared hit=1
                                             ->  Index Scan using role_id_cast_info on cast_info ci  (cost=0.44..91017.52 rows=3294633 width=12) (actual time=0.251..48.017 rows=316118 loops=1)
                                                   Index Cond: (role_id = rt.id)
                                                   Buffers: shared hit=442 read=1740
                                       ->  Hash  (cost=48388.79..48388.79 rows=10835 width=4) (actual time=197.734..197.736 rows=74873 loops=1)
                                             Buckets: 131072 (originally 16384)  Batches: 1 (originally 1)  Memory Usage: 3657kB
                                             Buffers: shared hit=1268 read=12119
                                             ->  Nested Loop  (cost=4496.00..48388.79 rows=10835 width=4) (actual time=24.324..186.239 rows=74873 loops=1)
                                                   Buffers: shared hit=1268 read=12119
                                                   ->  Seq Scan on kind_type kt  (cost=0.00..1.09 rows=1 width=4) (actual time=0.010..0.014 rows=1 loops=1)
                                                         Filter: ((kind)::text = 'movie'::text)
                                                         Rows Removed by Filter: 6
                                                         Buffers: shared hit=1
                                                   ->  Bitmap Heap Scan on title t  (cost=4496.00..48261.29 rows=12641 width=8) (actual time=24.310..181.613 rows=74873 loops=1)
                                                         Recheck Cond: (kind_id = kt.id)
                                                         Filter: ((production_year <= 1925) AND (1910 < production_year))
                                                         Rows Removed by Filter: 587952
                                                         Heap Blocks: exact=12865
                                                         Buffers: shared hit=1267 read=12119
                                                         ->  Bitmap Index Scan on kind_id_title  (cost=0.00..4492.84 rows=421388 width=0) (actual time=22.134..22.134 rows=662825 loops=1)
                                                               Index Cond: (kind_id = kt.id)
                                                               Buffers: shared hit=1 read=520
                                 ->  Index Scan using name_pkey on name n  (cost=0.43..2.32 rows=1 width=4) (actual time=0.015..0.015 rows=0 loops=665)
                                       Index Cond: (id = ci.person_id)
                                       Filter: ((gender)::text = 'm'::text)
                                       Rows Removed by Filter: 1
                                       Buffers: shared hit=2307 read=353
                           ->  Index Scan using movie_id_movie_info on movie_info mi2  (cost=0.43..42.27 rows=1 width=8) (actual time=0.053..0.060 rows=2 loops=200)
                                 Index Cond: (movie_id = ci.movie_id)
                                 Filter: ((info_type_id = 7) AND ((info)::text = ANY ('{"MET:300 m","MET:600 m","OFM:35 mm",PCS:Spherical,"PFM:35 mm","RAT:1.33 : 1"}'::text[])))
                                 Rows Removed by Filter: 11
                                 Buffers: shared hit=1527 read=515
                     ->  Index Scan using movie_id_movie_info on movie_info mi1  (cost=0.43..42.22 rows=1 width=8) (actual time=0.049..0.049 rows=1 loops=451)
                           Index Cond: (movie_id = ci.movie_id)
                           Filter: ((info_type_id = 3) AND ((info)::text = ANY ('{Comedy,Documentary,Drama,Short,Western}'::text[])))
                           Rows Removed by Filter: 17
                           Buffers: shared hit=4731 read=333
 Planning:
   Buffers: shared hit=574
 Planning Time: 14.342 ms
 Execution Time: 346.741 ms
(71 rows)

