                                                                                            QUERY PLAN                                                                                            
--------------------------------------------------------------------------------------------------------------------------------------------------------------------------------------------------
 Aggregate  (cost=634693.50..634693.51 rows=1 width=8) (actual time=1272.990..1272.996 rows=1 loops=1)
   Buffers: shared hit=83694 read=15437
   ->  Nested Loop  (cost=94163.19..634693.45 rows=18 width=0) (actual time=491.344..1272.986 rows=7 loops=1)
         Buffers: shared hit=83694 read=15437
         ->  Seq Scan on info_type it2  (cost=0.00..2.41 rows=1 width=4) (actual time=0.046..0.050 rows=1 loops=1)
               Filter: (id = 7)
               Rows Removed by Filter: 112
               Buffers: shared hit=1
         ->  Nested Loop  (cost=94163.19..634690.86 rows=18 width=4) (actual time=491.296..1272.932 rows=7 loops=1)
               Buffers: shared hit=83693 read=15437
               ->  Seq Scan on info_type it1  (cost=0.00..2.41 rows=1 width=4) (actual time=0.009..0.016 rows=1 loops=1)
                     Filter: (id = 3)
                     Rows Removed by Filter: 112
                     Buffers: shared hit=1
               ->  Nested Loop  (cost=94163.19..634688.27 rows=18 width=8) (actual time=491.283..1272.909 rows=7 loops=1)
                     Buffers: shared hit=83692 read=15437
                     ->  Hash Join  (cost=94162.76..634505.02 rows=79 width=12) (actual time=416.939..1271.128 rows=104 loops=1)
                           Hash Cond: (ci.role_id = rt.id)
                           Buffers: shared hit=83330 read=15383
                           ->  Nested Loop  (cost=94161.59..634500.50 rows=946 width=16) (actual time=394.840..1269.425 rows=13480 loops=1)
                                 Buffers: shared hit=83329 read=15383
                                 ->  Nested Loop  (cost=94161.15..631538.46 rows=66 width=20) (actual time=394.807..1100.921 rows=2033 loops=1)
                                       Buffers: shared hit=69647 read=10081
                                       ->  Hash Join  (cost=94160.72..528109.15 rows=2392 width=12) (actual time=391.479..836.303 rows=3102 loops=1)
                                             Hash Cond: (mi1.movie_id = t.id)
                                             Buffers: shared hit=46445 read=922
                                             ->  Bitmap Heap Scan on movie_info mi1  (cost=16458.44..450233.32 rows=39903 width=8) (actual time=41.473..443.987 rows=366107 loops=1)
                                                   Recheck Cond: (info_type_id = 3)
                                                   Filter: ((info)::text = ANY ('{Action,Adventure,Biography,Crime,Documentary,Romance,Sport,Western}'::text[]))
                                                   Rows Removed by Filter: 1167802
                                                   Heap Blocks: exact=9772
                                                   Buffers: shared hit=10975
                                                   ->  Bitmap Index Scan on info_type_id_movie_info  (cost=0.00..16448.47 rows=1538671 width=0) (actual time=40.013..40.013 rows=1533909 loops=1)
                                                         Index Cond: (info_type_id = 3)
                                                         Buffers: shared hit=1203
                                             ->  Hash  (cost=75807.58..75807.58 rows=151576 width=4) (actual time=348.901..348.903 rows=11843 loops=1)
                                                   Buckets: 262144  Batches: 1  Memory Usage: 2465kB
                                                   Buffers: shared hit=35470 read=922
                                                   ->  Hash Join  (cost=1.13..75807.58 rows=151576 width=4) (actual time=0.108..346.489 rows=11843 loops=1)
                                                         Hash Cond: (t.kind_id = kt.id)
                                                         Buffers: shared hit=35470 read=922
                                                         ->  Seq Scan on title t  (cost=0.00..74315.95 rows=353677 width=8) (actual time=0.020..326.629 rows=347589 loops=1)
                                                               Filter: ((production_year <= 1975) AND (1925 < production_year))
                                                               Rows Removed by Filter: 2180723
                                                               Buffers: shared hit=35469 read=922
                                                         ->  Hash  (cost=1.10..1.10 rows=3 width=4) (actual time=0.012..0.013 rows=3 loops=1)
                                                               Buckets: 1024  Batches: 1  Memory Usage: 9kB
                                                               Buffers: shared hit=1
                                                               ->  Seq Scan on kind_type kt  (cost=0.00..1.10 rows=3 width=4) (actual time=0.008..0.009 rows=3 loops=1)
                                                                     Filter: ((kind)::text = ANY ('{"tv series","video game","video movie"}'::text[]))
                                                                     Rows Removed by Filter: 4
                                                                     Buffers: shared hit=1
                                       ->  Index Scan using movie_id_movie_info on movie_info mi2  (cost=0.43..43.23 rows=1 width=8) (actual time=0.067..0.085 rows=1 loops=3102)
                                             Index Cond: (movie_id = t.id)
                                             Filter: ((info_type_id = 7) AND ((info)::text = ANY ('{MET:,"OFM:16 mm",PCS:Spherical,"PFM:35 mm","RAT:1.33 : 1","RAT:2.35 : 1"}'::text[])))
                                             Rows Removed by Filter: 13
                                             Buffers: shared hit=23202 read=9159
                                 ->  Index Scan using movie_id_cast_info on cast_info ci  (cost=0.44..44.50 rows=38 width=12) (actual time=0.030..0.081 rows=7 loops=2033)
                                       Index Cond: (movie_id = t.id)
                                       Buffers: shared hit=13682 read=5302
                           ->  Hash  (cost=1.15..1.15 rows=1 width=4) (actual time=0.021..0.021 rows=1 loops=1)
                                 Buckets: 1024  Batches: 1  Memory Usage: 9kB
                                 Buffers: shared hit=1
                                 ->  Seq Scan on role_type rt  (cost=0.00..1.15 rows=1 width=4) (actual time=0.010..0.012 rows=1 loops=1)
                                       Filter: ((role)::text = 'costume designer'::text)
                                       Rows Removed by Filter: 11
                                       Buffers: shared hit=1
                     ->  Index Scan using name_pkey on name n  (cost=0.43..2.32 rows=1 width=4) (actual time=0.017..0.017 rows=0 loops=104)
                           Index Cond: (id = ci.person_id)
                           Filter: ((gender)::text = 'f'::text)
                           Rows Removed by Filter: 1
                           Buffers: shared hit=362 read=54
 Planning:
   Buffers: shared hit=574
 Planning Time: 13.209 ms
 Execution Time: 1273.644 ms
(76 rows)

