                                                                                                      QUERY PLAN                                                                                                      
----------------------------------------------------------------------------------------------------------------------------------------------------------------------------------------------------------------------
 Aggregate  (cost=1039885.91..1039885.92 rows=1 width=8) (actual time=36711.017..36711.026 rows=1 loops=1)
   Buffers: shared hit=3511338 read=187584, temp read=9671 written=8891
   ->  Nested Loop  (cost=913634.31..1039883.04 rows=1147 width=0) (actual time=1224.415..36703.682 rows=28480 loops=1)
         Buffers: shared hit=3511338 read=187584, temp read=9671 written=8891
         ->  Seq Scan on info_type it2  (cost=0.00..2.41 rows=1 width=4) (actual time=0.039..0.051 rows=1 loops=1)
               Filter: (id = 7)
               Rows Removed by Filter: 112
               Buffers: shared hit=1
         ->  Nested Loop  (cost=913634.31..1039869.16 rows=1147 width=4) (actual time=1224.375..36696.810 rows=28480 loops=1)
               Buffers: shared hit=3511337 read=187584, temp read=9671 written=8891
               ->  Seq Scan on info_type it1  (cost=0.00..2.41 rows=1 width=4) (actual time=0.008..0.022 rows=1 loops=1)
                     Filter: (id = 3)
                     Rows Removed by Filter: 112
                     Buffers: shared hit=1
               ->  Nested Loop  (cost=913634.31..1039855.28 rows=1147 width=8) (actual time=1224.366..36689.652 rows=28480 loops=1)
                     Buffers: shared hit=3511336 read=187584, temp read=9671 written=8891
                     ->  Hash Join  (cost=913633.88..1033511.39 rows=2735 width=12) (actual time=1224.332..34790.993 rows=51637 loops=1)
                           Hash Cond: (ci.role_id = rt.id)
                           Buffers: shared hit=3317989 read=174383, temp read=9671 written=8891
                           ->  Nested Loop  (cost=913632.71..1033451.91 rows=16412 width=16) (actual time=1224.281..34589.439 rows=977429 loops=1)
                                 Buffers: shared hit=3317988 read=174383, temp read=9671 written=8891
                                 ->  Nested Loop  (cost=913632.27..983461.59 rows=1145 width=20) (actual time=1224.252..24250.388 rows=29967 loops=1)
                                       Buffers: shared hit=2417992 read=27304, temp read=9671 written=8891
                                       ->  Nested Loop  (cost=913632.12..983396.62 rows=2671 width=24) (actual time=1224.237..24008.497 rows=338580 loops=1)
                                             Join Filter: (t.id = mi1.movie_id)
                                             Buffers: shared hit=2417980 read=27304, temp read=9671 written=8891
                                             ->  Merge Join  (cost=913631.69..914695.07 rows=21078 width=16) (actual time=1224.198..2018.986 rows=605790 loops=1)
                                                   Merge Cond: (mi1.movie_id = mi2.movie_id)
                                                   Buffers: shared hit=12736 read=9388, temp read=9671 written=8891
                                                   ->  Sort  (cost=456791.33..456992.25 rows=80370 width=8) (actual time=622.856..770.651 rows=790290 loops=1)
                                                         Sort Key: mi1.movie_id
                                                         Sort Method: external sort  Disk: 17080kB
                                                         Buffers: shared hit=10975, temp read=4262 written=4273
                                                         ->  Bitmap Heap Scan on movie_info mi1  (cost=16468.56..450243.44 rows=80370 width=8) (actual time=39.671..427.317 rows=790293 loops=1)
                                                               Recheck Cond: (info_type_id = 3)
                                                               Filter: ((info)::text = ANY ('{Action,Drama,Family,Fantasy,Musical,Romance,Short,Sport}'::text[]))
                                                               Rows Removed by Filter: 743616
                                                               Heap Blocks: exact=9772
                                                               Buffers: shared hit=10975
                                                               ->  Bitmap Index Scan on info_type_id_movie_info  (cost=0.00..16448.47 rows=1538671 width=0) (actual time=38.483..38.483 rows=1533909 loops=1)
                                                                     Index Cond: (info_type_id = 3)
                                                                     Buffers: shared hit=1203
                                                   ->  Sort  (cost=456840.36..457065.74 rows=90149 width=8) (actual time=601.332..804.390 rows=1000518 loops=1)
                                                         Sort Key: mi2.movie_id
                                                         Sort Method: external sort  Disk: 18464kB
                                                         Buffers: shared hit=1761 read=9388, temp read=5008 written=4618
                                                         ->  Bitmap Heap Scan on movie_info mi2  (cost=15892.92..449421.09 rows=90149 width=8) (actual time=32.962..396.464 rows=854360 loops=1)
                                                               Recheck Cond: (info_type_id = 7)
                                                               Filter: ((info)::text = ANY ('{"OFM:16 mm","OFM:35 mm","PFM:16 mm","PFM:35 mm","RAT:1.33 : 1","RAT:1.78 : 1","RAT:1.85 : 1","RAT:2.35 : 1"}'::text[]))
                                                               Rows Removed by Filter: 547542
                                                               Heap Blocks: exact=10050
                                                               Buffers: shared hit=1761 read=9388
                                                               ->  Bitmap Index Scan on info_type_id_movie_info  (cost=0.00..15870.39 rows=1484527 width=0) (actual time=31.728..31.728 rows=1401902 loops=1)
                                                                     Index Cond: (info_type_id = 7)
                                                                     Buffers: shared hit=1 read=1098
                                             ->  Index Scan using title_pkey on title t  (cost=0.43..3.25 rows=1 width=8) (actual time=0.036..0.036 rows=1 loops=605790)
                                                   Index Cond: (id = mi2.movie_id)
                                                   Filter: ((production_year <= 2015) AND (1925 < production_year))
                                                   Rows Removed by Filter: 0
                                                   Buffers: shared hit=2405244 read=17916
                                       ->  Memoize  (cost=0.14..0.16 rows=1 width=4) (actual time=0.000..0.000 rows=0 loops=338580)
                                             Cache Key: t.kind_id
                                             Cache Mode: logical
                                             Hits: 338574  Misses: 6  Evictions: 0  Overflows: 0  Memory Usage: 1kB
                                             Buffers: shared hit=12
                                             ->  Index Scan using kind_type_pkey on kind_type kt  (cost=0.13..0.15 rows=1 width=4) (actual time=0.009..0.009 rows=0 loops=6)
                                                   Index Cond: (id = t.kind_id)
                                                   Filter: ((kind)::text = ANY ('{"tv movie","tv series","video game"}'::text[]))
                                                   Rows Removed by Filter: 0
                                                   Buffers: shared hit=12
                                 ->  Index Scan using movie_id_cast_info on cast_info ci  (cost=0.44..43.28 rows=38 width=12) (actual time=0.037..0.335 rows=33 loops=29967)
                                       Index Cond: (movie_id = t.id)
                                       Buffers: shared hit=899996 read=147079
                           ->  Hash  (cost=1.15..1.15 rows=2 width=4) (actual time=0.017..0.017 rows=2 loops=1)
                                 Buckets: 1024  Batches: 1  Memory Usage: 9kB
                                 Buffers: shared hit=1
                                 ->  Seq Scan on role_type rt  (cost=0.00..1.15 rows=2 width=4) (actual time=0.010..0.011 rows=2 loops=1)
                                       Filter: ((role)::text = ANY ('{composer,director}'::text[]))
                                       Rows Removed by Filter: 10
                                       Buffers: shared hit=1
                     ->  Index Scan using name_pkey on name n  (cost=0.43..2.32 rows=1 width=4) (actual time=0.036..0.036 rows=1 loops=51637)
                           Index Cond: (id = ci.person_id)
                           Filter: ((gender)::text = 'm'::text)
                           Rows Removed by Filter: 0
                           Buffers: shared hit=193347 read=13201
 Planning:
   Buffers: shared hit=574
 Planning Time: 13.463 ms
 Execution Time: 36723.079 ms
(89 rows)

