                                                                                               QUERY PLAN                                                                                               
--------------------------------------------------------------------------------------------------------------------------------------------------------------------------------------------------------
 Aggregate  (cost=965552.44..965552.45 rows=1 width=8) (actual time=2553.698..2553.707 rows=1 loops=1)
   Buffers: shared hit=98077 read=71588, temp read=2476 written=2476
   ->  Nested Loop  (cost=524404.29..965551.84 rows=240 width=0) (actual time=1301.694..2553.593 rows=437 loops=1)
         Buffers: shared hit=98077 read=71588, temp read=2476 written=2476
         ->  Seq Scan on info_type it2  (cost=0.00..2.41 rows=1 width=4) (actual time=0.044..0.051 rows=1 loops=1)
               Filter: (id = 7)
               Rows Removed by Filter: 112
               Buffers: shared hit=1
         ->  Nested Loop  (cost=524404.29..965547.03 rows=240 width=4) (actual time=1301.648..2553.467 rows=437 loops=1)
               Buffers: shared hit=98076 read=71588, temp read=2476 written=2476
               ->  Seq Scan on info_type it1  (cost=0.00..2.41 rows=1 width=4) (actual time=0.012..0.021 rows=1 loops=1)
                     Filter: (id = 3)
                     Rows Removed by Filter: 112
                     Buffers: shared hit=1
               ->  Nested Loop  (cost=524404.29..965542.22 rows=240 width=8) (actual time=1301.633..2553.369 rows=437 loops=1)
                     Buffers: shared hit=98075 read=71588, temp read=2476 written=2476
                     ->  Hash Join  (cost=524403.86..964215.45 rows=572 width=12) (actual time=1291.175..2519.148 rows=1317 loops=1)
                           Hash Cond: (ci.role_id = rt.id)
                           Buffers: shared hit=93439 read=70956, temp read=2476 written=2476
                           ->  Nested Loop  (cost=524402.70..964189.91 rows=6866 width=16) (actual time=1290.967..2509.775 rows=101311 loops=1)
                                 Buffers: shared hit=93438 read=70956, temp read=2476 written=2476
                                 ->  Hash Join  (cost=524402.26..943133.82 rows=479 width=20) (actual time=1290.938..1792.064 rows=2395 loops=1)
                                       Hash Cond: (mi2.movie_id = t.id)
                                       Buffers: shared hit=10588 read=47928, temp read=2476 written=2476
                                       ->  Bitmap Heap Scan on movie_info mi2  (cost=15890.02..434322.34 rows=78520 width=8) (actual time=39.325..459.619 rows=731530 loops=1)
                                             Recheck Cond: (info_type_id = 7)
                                             Filter: ((info)::text = ANY ('{"OFM:35 mm",OFM:Video,PCS:Spherical,"PCS:Super 35","PFM:35 mm","RAT:1.85 : 1","RAT:2.35 : 1"}'::text[]))
                                             Rows Removed by Filter: 670372
                                             Heap Blocks: exact=10050
                                             Buffers: shared hit=1285 read=9864
                                             ->  Bitmap Index Scan on info_type_id_movie_info  (cost=0.00..15870.39 rows=1484527 width=0) (actual time=38.075..38.075 rows=1401902 loops=1)
                                                   Index Cond: (info_type_id = 7)
                                                   Buffers: shared read=1099
                                       ->  Hash  (cost=508319.56..508319.56 rows=15415 width=12) (actual time=1251.403..1251.408 rows=31571 loops=1)
                                             Buckets: 32768 (originally 16384)  Batches: 1 (originally 1)  Memory Usage: 1613kB
                                             Buffers: shared hit=9303 read=38064, temp read=2476 written=2476
                                             ->  Hash Join  (cost=101891.20..508319.56 rows=15415 width=12) (actual time=507.852..1245.638 rows=31571 loops=1)
                                                   Hash Cond: (mi1.movie_id = t.id)
                                                   Buffers: shared hit=9303 read=38064, temp read=2476 written=2476
                                                   ->  Bitmap Heap Scan on movie_info mi1  (cost=16471.50..420027.28 rows=92115 width=8) (actual time=37.581..560.758 rows=899466 loops=1)
                                                         Recheck Cond: (info_type_id = 3)
                                                         Filter: ((info)::text = ANY ('{Comedy,Crime,Drama,Horror,Romance,Short}'::text[]))
                                                         Rows Removed by Filter: 634443
                                                         Heap Blocks: exact=9772
                                                         Buffers: shared hit=2090 read=8885
                                                         ->  Bitmap Index Scan on info_type_id_movie_info  (cost=0.00..16448.47 rows=1538671 width=0) (actual time=36.387..36.387 rows=1533909 loops=1)
                                                               Index Cond: (info_type_id = 3)
                                                               Buffers: shared hit=1 read=1202
                                                   ->  Hash  (cost=78477.74..78477.74 rows=423117 width=4) (actual time=469.204..469.207 rows=75964 loops=1)
                                                         Buckets: 262144  Batches: 4  Memory Usage: 2707kB
                                                         Buffers: shared hit=7213 read=29179, temp written=166
                                                         ->  Hash Join  (cost=1.13..78477.74 rows=423117 width=4) (actual time=0.052..456.783 rows=75964 loops=1)
                                                               Hash Cond: (t.kind_id = kt.id)
                                                               Buffers: shared hit=7213 read=29179
                                                               ->  Seq Scan on title t  (cost=0.00..74315.95 rows=987274 width=8) (actual time=0.022..397.982 rows=989787 loops=1)
                                                                     Filter: ((production_year <= 2010) AND (2000 < production_year))
                                                                     Rows Removed by Filter: 1538525
                                                                     Buffers: shared hit=7212 read=29179
                                                               ->  Hash  (cost=1.10..1.10 rows=3 width=4) (actual time=0.015..0.016 rows=3 loops=1)
                                                                     Buckets: 1024  Batches: 1  Memory Usage: 9kB
                                                                     Buffers: shared hit=1
                                                                     ->  Seq Scan on kind_type kt  (cost=0.00..1.10 rows=3 width=4) (actual time=0.010..0.011 rows=3 loops=1)
                                                                           Filter: ((kind)::text = ANY ('{"tv movie","tv series","video game"}'::text[]))
                                                                           Rows Removed by Filter: 4
                                                                           Buffers: shared hit=1
                                 ->  Index Scan using movie_id_cast_info on cast_info ci  (cost=0.44..43.58 rows=38 width=12) (actual time=0.020..0.293 rows=42 loops=2395)
                                       Index Cond: (movie_id = t.id)
                                       Buffers: shared hit=82850 read=23028
                           ->  Hash  (cost=1.15..1.15 rows=1 width=4) (actual time=0.018..0.019 rows=1 loops=1)
                                 Buckets: 1024  Batches: 1  Memory Usage: 9kB
                                 Buffers: shared hit=1
                                 ->  Seq Scan on role_type rt  (cost=0.00..1.15 rows=1 width=4) (actual time=0.010..0.010 rows=1 loops=1)
                                       Filter: ((role)::text = 'production designer'::text)
                                       Rows Removed by Filter: 11
                                       Buffers: shared hit=1
                     ->  Index Scan using name_pkey on name n  (cost=0.43..2.32 rows=1 width=4) (actual time=0.025..0.025 rows=0 loops=1317)
                           Index Cond: (id = ci.person_id)
                           Filter: ((gender)::text = 'm'::text)
                           Rows Removed by Filter: 1
                           Buffers: shared hit=4636 read=632
 Planning:
   Buffers: shared hit=483 read=91
 Planning Time: 14.391 ms
 Execution Time: 2554.346 ms
(84 rows)

