                                                                                                       QUERY PLAN                                                                                                        
-------------------------------------------------------------------------------------------------------------------------------------------------------------------------------------------------------------------------
 Aggregate  (cost=945040.38..945040.39 rows=1 width=8) (actual time=33731.053..33731.062 rows=1 loops=1)
   Buffers: shared hit=3216943 read=171271, temp read=9804 written=8647
   ->  Nested Loop  (cost=837618.34..945039.10 rows=511 width=0) (actual time=1057.151..33728.359 rows=7516 loops=1)
         Buffers: shared hit=3216943 read=171271, temp read=9804 written=8647
         ->  Seq Scan on info_type it2  (cost=0.00..2.41 rows=1 width=4) (actual time=0.045..0.057 rows=1 loops=1)
               Filter: (id = 7)
               Rows Removed by Filter: 112
               Buffers: shared hit=1
         ->  Nested Loop  (cost=837618.34..945031.58 rows=511 width=4) (actual time=1057.104..33726.302 rows=7516 loops=1)
               Buffers: shared hit=3216942 read=171271, temp read=9804 written=8647
               ->  Seq Scan on info_type it1  (cost=0.00..2.41 rows=1 width=4) (actual time=0.008..0.023 rows=1 loops=1)
                     Filter: (id = 3)
                     Rows Removed by Filter: 112
                     Buffers: shared hit=1
               ->  Nested Loop  (cost=837618.34..945024.06 rows=511 width=8) (actual time=1057.095..33724.051 rows=7516 loops=1)
                     Buffers: shared hit=3216941 read=171271, temp read=9804 written=8647
                     ->  Hash Join  (cost=837617.91..942201.20 rows=1217 width=12) (actual time=1057.060..32968.022 rows=20038 loops=1)
                           Hash Cond: (ci.role_id = rt.id)
                           Buffers: shared hit=3141398 read=166662, temp read=9804 written=8647
                           ->  Nested Loop  (cost=837616.75..942148.16 rows=14606 width=16) (actual time=1056.836..32781.114 rows=934122 loops=1)
                                 Buffers: shared hit=3141397 read=166662, temp read=9804 written=8647
                                 ->  Nested Loop  (cost=837616.31..897658.95 rows=1019 width=20) (actual time=1056.807..22829.184 rows=31987 loops=1)
                                       Buffers: shared hit=2273155 read=25837, temp read=9804 written=8647
                                       ->  Nested Loop  (cost=837616.16..897600.99 rows=2378 width=24) (actual time=1056.788..22584.704 rows=333442 loops=1)
                                             Buffers: shared hit=2273143 read=25837, temp read=9804 written=8647
                                             ->  Merge Join  (cost=837615.73..838627.41 rows=18765 width=16) (actual time=1056.735..1873.613 rows=569214 loops=1)
                                                   Merge Cond: (mi1.movie_id = mi2.movie_id)
                                                   Buffers: shared hit=22122 read=2, temp read=9804 written=8647
                                                   ->  Sort  (cost=398190.50..398442.59 rows=100834 width=8) (actual time=536.240..720.870 rows=985714 loops=1)
                                                         Sort Key: mi1.movie_id
                                                         Sort Method: external sort  Disk: 21304kB
                                                         Buffers: shared hit=10974 read=1, temp read=5316 written=5329
                                                         ->  Bitmap Heap Scan on movie_info mi1  (cost=16473.70..389810.38 rows=100834 width=8) (actual time=40.915..291.044 rows=985720 loops=1)
                                                               Recheck Cond: (info_type_id = 3)
                                                               Filter: ((info)::text = ANY ('{Adventure,Animation,Comedy,Crime,Drama,Fantasy,Mystery,Romance,Short}'::text[]))
                                                               Rows Removed by Filter: 548189
                                                               Heap Blocks: exact=9772
                                                               Buffers: shared hit=10974 read=1
                                                               ->  Bitmap Index Scan on info_type_id_movie_info  (cost=0.00..16448.47 rows=1538671 width=0) (actual time=39.739..39.739 rows=1533909 loops=1)
                                                                     Index Cond: (info_type_id = 3)
                                                                     Buffers: shared hit=1203
                                                   ->  Sort  (cost=439425.23..439585.16 rows=63971 width=8) (actual time=520.484..695.282 rows=829574 loops=1)
                                                         Sort Key: mi2.movie_id
                                                         Sort Method: external sort  Disk: 13264kB
                                                         Buffers: shared hit=11148 read=1, temp read=3899 written=3318
                                                         ->  Bitmap Heap Scan on movie_info mi2  (cost=15886.38..434318.70 rows=63971 width=8) (actual time=31.011..369.767 rows=613814 loops=1)
                                                               Recheck Cond: (info_type_id = 7)
                                                               Filter: ((info)::text = ANY ('{"OFM:16 mm","PCS:Digital Intermediate","PFM:35 mm","RAT:1.33 : 1","RAT:1.37 : 1","RAT:1.78 : 1","RAT:1.85 : 1"}'::text[]))
                                                               Rows Removed by Filter: 788088
                                                               Heap Blocks: exact=10050
                                                               Buffers: shared hit=11148 read=1
                                                               ->  Bitmap Index Scan on info_type_id_movie_info  (cost=0.00..15870.39 rows=1484527 width=0) (actual time=29.763..29.763 rows=1401902 loops=1)
                                                                     Index Cond: (info_type_id = 7)
                                                                     Buffers: shared hit=1099
                                             ->  Index Scan using title_pkey on title t  (cost=0.43..3.14 rows=1 width=8) (actual time=0.036..0.036 rows=1 loops=569214)
                                                   Index Cond: (id = mi1.movie_id)
                                                   Filter: ((production_year <= 2015) AND (1925 < production_year))
                                                   Rows Removed by Filter: 0
                                                   Buffers: shared hit=2251021 read=25835
                                       ->  Memoize  (cost=0.14..0.16 rows=1 width=4) (actual time=0.000..0.000 rows=0 loops=333442)
                                             Cache Key: t.kind_id
                                             Cache Mode: logical
                                             Hits: 333436  Misses: 6  Evictions: 0  Overflows: 0  Memory Usage: 1kB
                                             Buffers: shared hit=12
                                             ->  Index Scan using kind_type_pkey on kind_type kt  (cost=0.13..0.15 rows=1 width=4) (actual time=0.011..0.011 rows=0 loops=6)
                                                   Index Cond: (id = t.kind_id)
                                                   Filter: ((kind)::text = ANY ('{"tv movie","tv series","video game"}'::text[]))
                                                   Rows Removed by Filter: 0
                                                   Buffers: shared hit=12
                                 ->  Index Scan using movie_id_cast_info on cast_info ci  (cost=0.44..43.28 rows=38 width=12) (actual time=0.038..0.302 rows=29 loops=31987)
                                       Index Cond: (movie_id = t.id)
                                       Buffers: shared hit=868242 read=140825
                           ->  Hash  (cost=1.15..1.15 rows=1 width=4) (actual time=0.016..0.017 rows=1 loops=1)
                                 Buckets: 1024  Batches: 1  Memory Usage: 9kB
                                 Buffers: shared hit=1
                                 ->  Seq Scan on role_type rt  (cost=0.00..1.15 rows=1 width=4) (actual time=0.010..0.011 rows=1 loops=1)
                                       Filter: ((role)::text = 'cinematographer'::text)
                                       Rows Removed by Filter: 11
                                       Buffers: shared hit=1
                     ->  Index Scan using name_pkey on name n  (cost=0.43..2.32 rows=1 width=4) (actual time=0.037..0.037 rows=0 loops=20038)
                           Index Cond: (id = ci.person_id)
                           Filter: ((gender)::text = 'm'::text)
                           Rows Removed by Filter: 1
                           Buffers: shared hit=75543 read=4609
 Planning:
   Buffers: shared hit=576 read=1
 Planning Time: 13.974 ms
 Execution Time: 33742.296 ms
(88 rows)

