                                                                                                                                 QUERY PLAN                                                                                                                                 
----------------------------------------------------------------------------------------------------------------------------------------------------------------------------------------------------------------------------------------------------------------------------
 Aggregate  (cost=802996.46..802996.47 rows=1 width=8) (actual time=3586.764..3586.770 rows=1 loops=1)
   Buffers: shared hit=245286 read=87975, temp read=1044 written=1044
   ->  Nested Loop  (cost=99571.08..802995.86 rows=241 width=0) (actual time=515.672..3586.460 rows=938 loops=1)
         Buffers: shared hit=245286 read=87975, temp read=1044 written=1044
         ->  Hash Join  (cost=99570.65..802137.64 rows=370 width=4) (actual time=515.078..3486.349 rows=2596 loops=1)
               Hash Cond: (ci.role_id = rt.id)
               Buffers: shared hit=237347 read=85530, temp read=1044 written=1044
               ->  Nested Loop  (cost=99569.47..802128.57 rows=2222 width=8) (actual time=514.081..3478.331 rows=50818 loops=1)
                     Buffers: shared hit=237346 read=85530, temp read=1044 written=1044
                     ->  Nested Loop  (cost=99569.03..795315.02 rows=155 width=12) (actual time=514.048..2894.292 rows=3136 loops=1)
                           Buffers: shared hit=195086 read=69963, temp read=1044 written=1044
                           ->  Seq Scan on info_type it2  (cost=0.00..2.41 rows=1 width=4) (actual time=0.034..0.038 rows=1 loops=1)
                                 Filter: (id = 7)
                                 Rows Removed by Filter: 112
                                 Buffers: shared hit=1
                           ->  Nested Loop  (cost=99569.03..795311.06 rows=155 width=16) (actual time=514.013..2893.512 rows=3136 loops=1)
                                 Buffers: shared hit=195085 read=69963, temp read=1044 written=1044
                                 ->  Seq Scan on info_type it1  (cost=0.00..2.41 rows=1 width=4) (actual time=0.009..0.017 rows=1 loops=1)
                                       Filter: (id = 3)
                                       Rows Removed by Filter: 112
                                       Buffers: shared hit=1
                                 ->  Nested Loop  (cost=99569.03..795307.09 rows=155 width=20) (actual time=514.001..2892.747 rows=3136 loops=1)
                                       Buffers: shared hit=195084 read=69963, temp read=1044 written=1044
                                       ->  Hash Join  (cost=99568.60..520068.92 rows=6443 width=12) (actual time=513.699..1058.396 rows=20708 loops=1)
                                             Hash Cond: (mi1.movie_id = t.id)
                                             Buffers: shared hit=13512 read=33855, temp read=1044 written=1044
                                             ->  Bitmap Heap Scan on movie_info mi1  (cost=16462.91..435128.23 rows=57751 width=8) (actual time=42.371..450.216 rows=575989 loops=1)
                                                   Recheck Cond: (info_type_id = 3)
                                                   Filter: ((info)::text = ANY ('{Animation,Comedy,Drama,Fantasy,Horror,Music,Sci-Fi}'::text[]))
                                                   Rows Removed by Filter: 957920
                                                   Heap Blocks: exact=9772
                                                   Buffers: shared hit=31 read=10944
                                                   ->  Bitmap Index Scan on info_type_id_movie_info  (cost=0.00..16448.47 rows=1538671 width=0) (actual time=41.162..41.163 rows=1533909 loops=1)
                                                         Index Cond: (info_type_id = 3)
                                                         Buffers: shared read=1203
                                             ->  Hash  (cost=78477.72..78477.72 rows=282078 width=4) (actual time=470.191..470.194 rows=40361 loops=1)
                                                   Buckets: 262144  Batches: 2  Memory Usage: 2752kB
                                                   Buffers: shared hit=13481 read=22911, temp written=59
                                                   ->  Hash Join  (cost=1.11..78477.72 rows=282078 width=4) (actual time=0.046..462.074 rows=40361 loops=1)
                                                         Hash Cond: (t.kind_id = kt.id)
                                                         Buffers: shared hit=13481 read=22911
                                                         ->  Seq Scan on title t  (cost=0.00..74315.95 rows=987274 width=8) (actual time=0.025..406.435 rows=989787 loops=1)
                                                               Filter: ((production_year <= 2010) AND (2000 < production_year))
                                                               Rows Removed by Filter: 1538525
                                                               Buffers: shared hit=13480 read=22911
                                                         ->  Hash  (cost=1.09..1.09 rows=2 width=4) (actual time=0.012..0.013 rows=2 loops=1)
                                                               Buckets: 1024  Batches: 1  Memory Usage: 9kB
                                                               Buffers: shared hit=1
                                                               ->  Seq Scan on kind_type kt  (cost=0.00..1.09 rows=2 width=4) (actual time=0.007..0.008 rows=2 loops=1)
                                                                     Filter: ((kind)::text = ANY ('{"tv series","video game"}'::text[]))
                                                                     Rows Removed by Filter: 5
                                                                     Buffers: shared hit=1
                                       ->  Index Scan using movie_id_movie_info on movie_info mi2  (cost=0.43..42.71 rows=1 width=8) (actual time=0.079..0.088 rows=0 loops=20708)
                                             Index Cond: (movie_id = t.id)
                                             Filter: ((info_type_id = 7) AND ((info)::text = ANY ('{"CAM:Panavision Cameras and Lenses","OFM:35 mm",OFM:Digital,"RAT:1.33 : 1","RAT:1.78 : 1 / (high definition)","RAT:1.78 : 1","RAT:1.85 : 1","RAT:2.35 : 1"}'::text[])))
                                             Rows Removed by Filter: 13
                                             Buffers: shared hit=181572 read=36108
                     ->  Index Scan using movie_id_cast_info on cast_info ci  (cost=0.44..43.58 rows=38 width=12) (actual time=0.037..0.182 rows=16 loops=3136)
                           Index Cond: (movie_id = t.id)
                           Buffers: shared hit=42260 read=15567
               ->  Hash  (cost=1.15..1.15 rows=2 width=4) (actual time=0.037..0.037 rows=2 loops=1)
                     Buckets: 1024  Batches: 1  Memory Usage: 9kB
                     Buffers: shared hit=1
                     ->  Seq Scan on role_type rt  (cost=0.00..1.15 rows=2 width=4) (actual time=0.028..0.030 rows=2 loops=1)
                           Filter: ((role)::text = ANY ('{director,"production designer"}'::text[]))
                           Rows Removed by Filter: 10
                           Buffers: shared hit=1
         ->  Index Scan using name_pkey on name n  (cost=0.43..2.32 rows=1 width=4) (actual time=0.038..0.038 rows=0 loops=2596)
               Index Cond: (id = ci.person_id)
               Filter: ((gender)::text = ANY ('{f,m}'::text[]))
               Rows Removed by Filter: 1
               Buffers: shared hit=7939 read=2445
 Planning:
   Buffers: shared hit=487 read=87
 Planning Time: 14.219 ms
 Execution Time: 3587.339 ms
(76 rows)

