                                                                                           QUERY PLAN                                                                                            
-------------------------------------------------------------------------------------------------------------------------------------------------------------------------------------------------
 Aggregate  (cost=445567.60..445567.61 rows=1 width=8) (actual time=308.260..308.265 rows=1 loops=1)
   Buffers: shared hit=9190 read=11556
   ->  Nested Loop  (cost=48525.97..445567.59 rows=2 width=0) (actual time=191.623..308.249 rows=89 loops=1)
         Buffers: shared hit=9190 read=11556
         ->  Seq Scan on info_type it2  (cost=0.00..2.41 rows=1 width=4) (actual time=0.050..0.055 rows=1 loops=1)
               Filter: (id = 7)
               Rows Removed by Filter: 112
               Buffers: shared hit=1
         ->  Nested Loop  (cost=48525.97..445565.16 rows=2 width=4) (actual time=191.570..308.182 rows=89 loops=1)
               Buffers: shared hit=9189 read=11556
               ->  Seq Scan on info_type it1  (cost=0.00..2.41 rows=1 width=4) (actual time=0.009..0.015 rows=1 loops=1)
                     Filter: (id = 3)
                     Rows Removed by Filter: 112
                     Buffers: shared hit=1
               ->  Nested Loop  (cost=48525.97..445562.73 rows=2 width=8) (actual time=191.560..308.156 rows=89 loops=1)
                     Join Filter: (t.id = mi2.movie_id)
                     Buffers: shared hit=9188 read=11556
                     ->  Nested Loop  (cost=48525.53..442947.69 rows=62 width=16) (actual time=191.534..306.107 rows=42 loops=1)
                           Join Filter: (t.id = mi1.movie_id)
                           Buffers: shared hit=8716 read=11556
                           ->  Nested Loop  (cost=48525.10..213963.17 rows=5429 width=8) (actual time=190.419..295.147 rows=200 loops=1)
                                 Buffers: shared hit=7704 read=10526
                                 ->  Hash Join  (cost=48524.67..183943.94 rows=12942 width=12) (actual time=186.994..287.149 rows=665 loops=1)
                                       Hash Cond: (ci.movie_id = t.id)
                                       Buffers: shared hit=5347 read=10223
                                       ->  Nested Loop  (cost=0.44..123965.00 rows=3020080 width=8) (actual time=0.120..71.515 rows=316118 loops=1)
                                             Buffers: shared hit=631 read=1552
                                             ->  Seq Scan on role_type rt  (cost=0.00..1.15 rows=1 width=4) (actual time=0.009..0.011 rows=1 loops=1)
                                                   Filter: ((role)::text = 'production designer'::text)
                                                   Rows Removed by Filter: 11
                                                   Buffers: shared hit=1
                                             ->  Index Scan using role_id_cast_info on cast_info ci  (cost=0.44..91017.52 rows=3294633 width=12) (actual time=0.108..46.409 rows=316118 loops=1)
                                                   Index Cond: (role_id = rt.id)
                                                   Buffers: shared hit=630 read=1552
                                       ->  Hash  (cost=48388.79..48388.79 rows=10835 width=4) (actual time=184.732..184.733 rows=74873 loops=1)
                                             Buckets: 131072 (originally 16384)  Batches: 1 (originally 1)  Memory Usage: 3657kB
                                             Buffers: shared hit=4716 read=8671
                                             ->  Nested Loop  (cost=4496.00..48388.79 rows=10835 width=4) (actual time=23.685..172.999 rows=74873 loops=1)
                                                   Buffers: shared hit=4716 read=8671
                                                   ->  Seq Scan on kind_type kt  (cost=0.00..1.09 rows=1 width=4) (actual time=0.010..0.014 rows=1 loops=1)
                                                         Filter: ((kind)::text = 'movie'::text)
                                                         Rows Removed by Filter: 6
                                                         Buffers: shared hit=1
                                                   ->  Bitmap Heap Scan on title t  (cost=4496.00..48261.29 rows=12641 width=8) (actual time=23.671..168.402 rows=74873 loops=1)
                                                         Recheck Cond: (kind_id = kt.id)
                                                         Filter: ((production_year <= 1925) AND (1910 < production_year))
                                                         Rows Removed by Filter: 587952
                                                         Heap Blocks: exact=12865
                                                         Buffers: shared hit=4715 read=8671
                                                         ->  Bitmap Index Scan on kind_id_title  (cost=0.00..4492.84 rows=421388 width=0) (actual time=21.380..21.380 rows=662825 loops=1)
                                                               Index Cond: (kind_id = kt.id)
                                                               Buffers: shared read=521
                                 ->  Index Scan using name_pkey on name n  (cost=0.43..2.32 rows=1 width=4) (actual time=0.012..0.012 rows=0 loops=665)
                                       Index Cond: (id = ci.person_id)
                                       Filter: ((gender)::text = 'm'::text)
                                       Rows Removed by Filter: 1
                                       Buffers: shared hit=2357 read=303
                           ->  Index Scan using movie_id_movie_info on movie_info mi1  (cost=0.43..42.17 rows=1 width=8) (actual time=0.054..0.054 rows=0 loops=200)
                                 Index Cond: (movie_id = ci.movie_id)
                                 Filter: ((info_type_id = 3) AND ((info)::text = ANY ('{Adventure,Comedy,Crime,War}'::text[])))
                                 Rows Removed by Filter: 13
                                 Buffers: shared hit=1012 read=1030
                     ->  Index Scan using movie_id_movie_info on movie_info mi2  (cost=0.43..42.17 rows=1 width=8) (actual time=0.040..0.048 rows=2 loops=42)
                           Index Cond: (movie_id = ci.movie_id)
                           Filter: ((info_type_id = 7) AND ((info)::text = ANY ('{MET:,"OFM:35 mm",PCS:Spherical,"RAT:1.33 : 1"}'::text[])))
                           Rows Removed by Filter: 13
                           Buffers: shared hit=472
 Planning:
   Buffers: shared hit=574
 Planning Time: 13.287 ms
 Execution Time: 308.887 ms
(71 rows)

