                                                                                                            QUERY PLAN                                                                                                             
-----------------------------------------------------------------------------------------------------------------------------------------------------------------------------------------------------------------------------------
 Aggregate  (cost=749179.72..749179.73 rows=1 width=8) (actual time=10166.836..10166.844 rows=1 loops=1)
   Buffers: shared hit=900510 read=105814, temp read=1791 written=1791
   ->  Nested Loop  (cost=472614.52..749179.44 rows=110 width=0) (actual time=867.397..10163.674 rows=26658 loops=1)
         Buffers: shared hit=900510 read=105814, temp read=1791 written=1791
         ->  Seq Scan on info_type it2  (cost=0.00..2.41 rows=1 width=4) (actual time=0.044..0.051 rows=1 loops=1)
               Filter: (id = 7)
               Rows Removed by Filter: 112
               Buffers: shared hit=1
         ->  Nested Loop  (cost=472614.52..749175.93 rows=110 width=4) (actual time=867.351..10160.539 rows=26658 loops=1)
               Buffers: shared hit=900509 read=105814, temp read=1791 written=1791
               ->  Seq Scan on info_type it1  (cost=0.00..2.41 rows=1 width=4) (actual time=0.009..0.018 rows=1 loops=1)
                     Filter: (id = 3)
                     Rows Removed by Filter: 112
                     Buffers: shared hit=1
               ->  Nested Loop  (cost=472614.52..749172.42 rows=110 width=8) (actual time=867.342..10157.003 rows=26658 loops=1)
                     Join Filter: (t.id = mi2.movie_id)
                     Buffers: shared hit=900508 read=105814, temp read=1791 written=1791
                     ->  Nested Loop  (cost=472614.09..634886.34 rows=2690 width=16) (actual time=866.875..5721.916 rows=61762 loops=1)
                           Buffers: shared hit=254030 read=95345, temp read=1791 written=1791
                           ->  Hash Join  (cost=472613.66..608019.35 rows=11583 width=20) (actual time=866.830..4072.302 rows=61771 loops=1)
                                 Hash Cond: (ci.movie_id = t.id)
                                 Buffers: shared hit=20872 read=81419, temp read=1791 written=1791
                                 ->  Nested Loop  (cost=0.44..123965.00 rows=3020080 width=8) (actual time=0.138..2378.067 rows=7451973 loops=1)
                                       Buffers: shared hit=4152 read=50772
                                       ->  Seq Scan on role_type rt  (cost=0.00..1.15 rows=1 width=4) (actual time=0.008..0.011 rows=1 loops=1)
                                             Filter: ((role)::text = 'actress'::text)
                                             Rows Removed by Filter: 11
                                             Buffers: shared hit=1
                                       ->  Index Scan using role_id_cast_info on cast_info ci  (cost=0.44..91017.52 rows=3294633 width=12) (actual time=0.125..1561.132 rows=7451973 loops=1)
                                             Index Cond: (role_id = rt.id)
                                             Buffers: shared hit=4151 read=50772
                                 ->  Hash  (cost=472492.01..472492.01 rows=9697 width=12) (actual time=866.377..866.381 rows=19391 loops=1)
                                       Buckets: 32768 (originally 16384)  Batches: 1 (originally 1)  Memory Usage: 1090kB
                                       Buffers: shared hit=16720 read=30647, temp read=1791 written=1791
                                       ->  Hash Join  (cost=96931.42..472492.01 rows=9697 width=12) (actual time=430.579..862.724 rows=19391 loops=1)
                                             Hash Cond: (mi1.movie_id = t.id)
                                             Buffers: shared hit=16720 read=30647, temp read=1791 written=1791
                                             ->  Bitmap Heap Scan on movie_info mi1  (cost=16474.69..389811.37 rows=104783 width=8) (actual time=42.766..315.878 rows=1019412 loops=1)
                                                   Recheck Cond: (info_type_id = 3)
                                                   Filter: ((info)::text = ANY ('{Adult,Animation,Biography,Comedy,Drama,Fantasy,Romance,Short,Thriller}'::text[]))
                                                   Rows Removed by Filter: 514497
                                                   Heap Blocks: exact=9772
                                                   Buffers: shared hit=3800 read=7175
                                                   ->  Bitmap Index Scan on info_type_id_movie_info  (cost=0.00..16448.47 rows=1538671 width=0) (actual time=41.569..41.569 rows=1533909 loops=1)
                                                         Index Cond: (info_type_id = 3)
                                                         Buffers: shared read=1203
                                             ->  Hash  (cost=76617.93..76617.93 rows=233984 width=4) (actual time=386.695..386.698 rows=33701 loops=1)
                                                   Buckets: 262144  Batches: 2  Memory Usage: 2644kB
                                                   Buffers: shared hit=12920 read=23472, temp written=49
                                                   ->  Hash Join  (cost=1.13..76617.93 rows=233984 width=4) (actual time=0.080..379.896 rows=33701 loops=1)
                                                         Hash Cond: (t.kind_id = kt.id)
                                                         Buffers: shared hit=12920 read=23472
                                                         ->  Seq Scan on title t  (cost=0.00..74315.95 rows=545963 width=8) (actual time=0.023..348.041 rows=538239 loops=1)
                                                               Filter: ((production_year <= 1990) AND (1950 < production_year))
                                                               Rows Removed by Filter: 1990073
                                                               Buffers: shared hit=12919 read=23472
                                                         ->  Hash  (cost=1.10..1.10 rows=3 width=4) (actual time=0.012..0.013 rows=3 loops=1)
                                                               Buckets: 1024  Batches: 1  Memory Usage: 9kB
                                                               Buffers: shared hit=1
                                                               ->  Seq Scan on kind_type kt  (cost=0.00..1.10 rows=3 width=4) (actual time=0.007..0.008 rows=3 loops=1)
                                                                     Filter: ((kind)::text = ANY ('{"tv series","video game","video movie"}'::text[]))
                                                                     Rows Removed by Filter: 4
                                                                     Buffers: shared hit=1
                           ->  Index Scan using name_pkey on name n  (cost=0.43..2.32 rows=1 width=4) (actual time=0.026..0.026 rows=1 loops=61771)
                                 Index Cond: (id = ci.person_id)
                                 Filter: ((gender)::text = 'f'::text)
                                 Rows Removed by Filter: 0
                                 Buffers: shared hit=233158 read=13926
                     ->  Index Scan using movie_id_movie_info on movie_info mi2  (cost=0.43..42.47 rows=1 width=8) (actual time=0.059..0.071 rows=0 loops=61762)
                           Index Cond: (movie_id = ci.movie_id)
                           Filter: ((info_type_id = 7) AND ((info)::text = ANY ('{"OFM:16 mm","OFM:35 mm",PCS:Panavision,PCS:Spherical,"PFM:16 mm","PFM:35 mm",PFM:Video,"RAT:1.33 : 1","RAT:1.37 : 1","RAT:2.35 : 1"}'::text[])))
                           Rows Removed by Filter: 15
                           Buffers: shared hit=646478 read=10469
 Planning:
   Buffers: shared hit=576 read=1
 Planning Time: 15.132 ms
 Execution Time: 10167.505 ms
(77 rows)

