                                                                                                                                    QUERY PLAN                                                                                                                                     
-----------------------------------------------------------------------------------------------------------------------------------------------------------------------------------------------------------------------------------------------------------------------------------
 Aggregate  (cost=1030829.87..1030829.88 rows=1 width=8) (actual time=28755.178..28755.187 rows=1 loops=1)
   Buffers: shared hit=2795034 read=96700, temp read=9912 written=8779
   ->  Nested Loop  (cost=943532.32..1030828.74 rows=455 width=0) (actual time=1273.696..28753.022 rows=7412 loops=1)
         Buffers: shared hit=2795034 read=96700, temp read=9912 written=8779
         ->  Seq Scan on info_type it2  (cost=0.00..2.41 rows=1 width=4) (actual time=0.048..0.061 rows=1 loops=1)
               Filter: (id = 7)
               Rows Removed by Filter: 112
               Buffers: shared hit=1
         ->  Nested Loop  (cost=943532.32..1030821.77 rows=455 width=4) (actual time=1273.646..28751.136 rows=7412 loops=1)
               Buffers: shared hit=2795033 read=96700, temp read=9912 written=8779
               ->  Seq Scan on info_type it1  (cost=0.00..2.41 rows=1 width=4) (actual time=0.009..0.024 rows=1 loops=1)
                     Filter: (id = 3)
                     Rows Removed by Filter: 112
                     Buffers: shared hit=1
               ->  Nested Loop  (cost=943532.32..1030814.81 rows=455 width=8) (actual time=1273.636..28749.090 rows=7412 loops=1)
                     Buffers: shared hit=2795032 read=96700, temp read=9912 written=8779
                     ->  Hash Join  (cost=943531.89..1028298.13 rows=1085 width=12) (actual time=1273.607..27922.057 rows=22239 loops=1)
                           Hash Cond: (ci.role_id = rt.id)
                           Buffers: shared hit=2716089 read=86687, temp read=9912 written=8779
                           ->  Nested Loop  (cost=943530.71..1028273.84 rows=6508 width=16) (actual time=1273.559..27873.746 rows=200052 loops=1)
                                 Buffers: shared hit=2716088 read=86687, temp read=9912 written=8779
                                 ->  Nested Loop  (cost=943530.27..1008316.72 rows=454 width=20) (actual time=1273.524..25525.920 rows=6126 loops=1)
                                       Buffers: shared hit=2576844 read=13612, temp read=9912 written=8779
                                       ->  Nested Loop  (cost=943530.13..1008290.35 rows=1058 width=24) (actual time=1273.508..25458.551 rows=84095 loops=1)
                                             Buffers: shared hit=2576832 read=13612, temp read=9912 written=8779
                                             ->  Merge Join  (cost=943529.70..944564.67 rows=19934 width=16) (actual time=1273.470..2107.468 rows=642080 loops=1)
                                                   Merge Cond: (mi1.movie_id = mi2.movie_id)
                                                   Buffers: shared hit=12957 read=9167, temp read=9912 written=8779
                                                   ->  Sort  (cost=458100.35..458337.82 rows=94987 width=8) (actual time=662.721..836.230 rows=923583 loops=1)
                                                         Sort Key: mi1.movie_id
                                                         Sort Method: external sort  Disk: 19960kB
                                                         Buffers: shared hit=10904 read=71, temp read=4981 written=4993
                                                         ->  Bitmap Heap Scan on movie_info mi1  (cost=16472.21..450247.09 rows=94987 width=8) (actual time=39.363..435.527 rows=923601 loops=1)
                                                               Recheck Cond: (info_type_id = 3)
                                                               Filter: ((info)::text = ANY ('{Adventure,Comedy,Drama,Fantasy,Horror,Music,Sci-Fi,Short}'::text[]))
                                                               Rows Removed by Filter: 610308
                                                               Heap Blocks: exact=9772
                                                               Buffers: shared hit=10904 read=71
                                                               ->  Bitmap Index Scan on info_type_id_movie_info  (cost=0.00..16448.47 rows=1538671 width=0) (actual time=38.179..38.179 rows=1533909 loops=1)
                                                                     Index Cond: (info_type_id = 3)
                                                                     Buffers: shared hit=1203
                                                   ->  Sort  (cost=485429.35..485609.69 rows=72139 width=8) (actual time=610.738..806.262 rows=910171 loops=1)
                                                         Sort Key: mi2.movie_id
                                                         Sort Method: external sort  Disk: 15136kB
                                                         Buffers: shared hit=2053 read=9096, temp read=4354 written=3786
                                                         ->  Bitmap Heap Scan on movie_info mi2  (cost=15888.42..479608.27 rows=72139 width=8) (actual time=32.620..440.015 rows=700308 loops=1)
                                                               Recheck Cond: (info_type_id = 7)
                                                               Filter: ((info)::text = ANY ('{"CAM:Panasonic AG-DVX100",PCS:DV,PCS:Spherical,"PCS:Super 16","PFM:35 mm","RAT:1.33 : 1","RAT:1.66 : 1","RAT:1.78 : 1 / (high definition)","RAT:1.78 : 1","RAT:2.35 : 1"}'::text[]))
                                                               Rows Removed by Filter: 701594
                                                               Heap Blocks: exact=10050
                                                               Buffers: shared hit=2053 read=9096
                                                               ->  Bitmap Index Scan on info_type_id_movie_info  (cost=0.00..15870.39 rows=1484527 width=0) (actual time=31.404..31.405 rows=1401902 loops=1)
                                                                     Index Cond: (info_type_id = 7)
                                                                     Buffers: shared hit=1 read=1098
                                             ->  Index Scan using title_pkey on title t  (cost=0.43..3.20 rows=1 width=8) (actual time=0.036..0.036 rows=0 loops=642080)
                                                   Index Cond: (id = mi1.movie_id)
                                                   Filter: ((production_year <= 2010) AND (2000 < production_year))
                                                   Rows Removed by Filter: 1
                                                   Buffers: shared hit=2563875 read=4445
                                       ->  Memoize  (cost=0.14..0.16 rows=1 width=4) (actual time=0.000..0.000 rows=0 loops=84095)
                                             Cache Key: t.kind_id
                                             Cache Mode: logical
                                             Hits: 84089  Misses: 6  Evictions: 0  Overflows: 0  Memory Usage: 1kB
                                             Buffers: shared hit=12
                                             ->  Index Scan using kind_type_pkey on kind_type kt  (cost=0.13..0.15 rows=1 width=4) (actual time=0.009..0.009 rows=0 loops=6)
                                                   Index Cond: (id = t.kind_id)
                                                   Filter: ((kind)::text = ANY ('{"tv movie","tv series","video game"}'::text[]))
                                                   Rows Removed by Filter: 0
                                                   Buffers: shared hit=12
                                 ->  Index Scan using movie_id_cast_info on cast_info ci  (cost=0.44..43.58 rows=38 width=12) (actual time=0.040..0.373 rows=33 loops=6126)
                                       Index Cond: (movie_id = t.id)
                                       Buffers: shared hit=139244 read=73075
                           ->  Hash  (cost=1.15..1.15 rows=2 width=4) (actual time=0.020..0.020 rows=2 loops=1)
                                 Buckets: 1024  Batches: 1  Memory Usage: 9kB
                                 Buffers: shared hit=1
                                 ->  Seq Scan on role_type rt  (cost=0.00..1.15 rows=2 width=4) (actual time=0.011..0.013 rows=2 loops=1)
                                       Filter: ((role)::text = ANY ('{composer,producer}'::text[]))
                                       Rows Removed by Filter: 10
                                       Buffers: shared hit=1
                     ->  Index Scan using name_pkey on name n  (cost=0.43..2.32 rows=1 width=4) (actual time=0.037..0.037 rows=0 loops=22239)
                           Index Cond: (id = ci.person_id)
                           Filter: ((gender)::text = 'm'::text)
                           Rows Removed by Filter: 1
                           Buffers: shared hit=78943 read=10013
 Planning:
   Buffers: shared hit=574
 Planning Time: 12.688 ms
 Execution Time: 28770.318 ms
(88 rows)

