                                                                                            QUERY PLAN                                                                                            
--------------------------------------------------------------------------------------------------------------------------------------------------------------------------------------------------
 Aggregate  (cost=494517.33..494517.34 rows=1 width=8) (actual time=29708.654..29708.663 rows=1 loops=1)
   Buffers: shared hit=2984356 read=105709
   ->  Nested Loop  (cost=64504.33..494517.31 rows=7 width=0) (actual time=310.388..29700.837 rows=28766 loops=1)
         Buffers: shared hit=2984356 read=105709
         ->  Hash Join  (cost=64503.90..494477.88 rows=17 width=4) (actual time=310.358..27855.188 rows=51069 loops=1)
               Hash Cond: (ci.role_id = rt.id)
               Buffers: shared hit=2780887 read=104902
               ->  Nested Loop  (cost=64502.73..494476.36 rows=100 width=8) (actual time=305.177..27720.083 rows=617490 loops=1)
                     Buffers: shared hit=2780886 read=104902
                     ->  Nested Loop  (cost=64502.29..494137.94 rows=7 width=12) (actual time=305.148..17205.223 rows=175399 loops=1)
                           Buffers: shared hit=1675272 read=73566
                           ->  Seq Scan on info_type it2  (cost=0.00..2.41 rows=1 width=4) (actual time=0.031..0.041 rows=1 loops=1)
                                 Filter: (id = 7)
                                 Rows Removed by Filter: 112
                                 Buffers: shared hit=1
                           ->  Nested Loop  (cost=64502.29..494135.46 rows=7 width=16) (actual time=305.115..17160.043 rows=175399 loops=1)
                                 Buffers: shared hit=1675271 read=73566
                                 ->  Seq Scan on info_type it1  (cost=0.00..2.41 rows=1 width=4) (actual time=0.008..0.021 rows=1 loops=1)
                                       Filter: (id = 3)
                                       Rows Removed by Filter: 112
                                       Buffers: shared hit=1
                                 ->  Nested Loop  (cost=64502.29..494132.98 rows=7 width=20) (actual time=305.104..17110.236 rows=175399 loops=1)
                                       Buffers: shared hit=1675270 read=73566
                                       ->  Hash Join  (cost=64501.85..483091.70 rows=242 width=12) (actual time=304.994..1234.137 rows=168637 loops=1)
                                             Hash Cond: (mi2.movie_id = t.id)
                                             Buffers: shared hit=14597 read=9939
                                             ->  Bitmap Heap Scan on movie_info mi2  (cost=15880.73..434313.05 rows=41360 width=8) (actual time=40.010..878.779 rows=408335 loops=1)
                                                   Recheck Cond: (info_type_id = 7)
                                                   Filter: ((info)::text = ANY ('{MET:,"MET:100 m","MET:23 m","MET:600 m","OFM:35 mm","OFM:68 mm",PCS:Spherical}'::text[]))
                                                   Rows Removed by Filter: 993567
                                                   Heap Blocks: exact=10050
                                                   Buffers: shared hit=1850 read=9299
                                                   ->  Bitmap Index Scan on info_type_id_movie_info  (cost=0.00..15870.39 rows=1484527 width=0) (actual time=38.741..38.742 rows=1401902 loops=1)
                                                         Index Cond: (info_type_id = 7)
                                                         Buffers: shared read=1099
                                             ->  Hash  (cost=48436.16..48436.16 rows=14797 width=4) (actual time=174.591..174.594 rows=103977 loops=1)
                                                   Buckets: 131072 (originally 16384)  Batches: 1 (originally 1)  Memory Usage: 4680kB
                                                   Buffers: shared hit=12747 read=640
                                                   ->  Nested Loop  (cost=4497.16..48436.16 rows=14797 width=4) (actual time=19.643..159.858 rows=103977 loops=1)
                                                         Buffers: shared hit=12747 read=640
                                                         ->  Seq Scan on kind_type kt  (cost=0.00..1.09 rows=1 width=4) (actual time=0.008..0.011 rows=1 loops=1)
                                                               Filter: ((kind)::text = 'movie'::text)
                                                               Rows Removed by Filter: 6
                                                               Buffers: shared hit=1
                                                         ->  Bitmap Heap Scan on title t  (cost=4497.16..48262.45 rows=17263 width=8) (actual time=19.629..152.850 rows=103977 loops=1)
                                                               Recheck Cond: (kind_id = kt.id)
                                                               Filter: ((production_year <= 1925) AND (1875 < production_year))
                                                               Rows Removed by Filter: 558848
                                                               Heap Blocks: exact=12865
                                                               Buffers: shared hit=12746 read=640
                                                               ->  Bitmap Index Scan on kind_id_title  (cost=0.00..4492.84 rows=421388 width=0) (actual time=17.354..17.354 rows=662825 loops=1)
                                                                     Index Cond: (kind_id = kt.id)
                                                                     Buffers: shared read=521
                                       ->  Index Scan using movie_id_movie_info on movie_info mi1  (cost=0.43..45.62 rows=1 width=8) (actual time=0.093..0.093 rows=1 loops=168637)
                                             Index Cond: (movie_id = t.id)
                                             Filter: ((info_type_id = 3) AND ((info)::text = ANY ('{Adventure,Crime,Documentary,Fantasy,Short,Sport,Western}'::text[])))
                                             Rows Removed by Filter: 11
                                             Buffers: shared hit=1660673 read=63627
                     ->  Index Scan using movie_id_cast_info on cast_info ci  (cost=0.44..47.96 rows=38 width=12) (actual time=0.034..0.058 rows=4 loops=175399)
                           Index Cond: (movie_id = t.id)
                           Buffers: shared hit=1105614 read=31336
               ->  Hash  (cost=1.15..1.15 rows=2 width=4) (actual time=0.037..0.038 rows=2 loops=1)
                     Buckets: 1024  Batches: 1  Memory Usage: 9kB
                     Buffers: shared hit=1
                     ->  Seq Scan on role_type rt  (cost=0.00..1.15 rows=2 width=4) (actual time=0.029..0.031 rows=2 loops=1)
                           Filter: ((role)::text = ANY ('{composer,producer}'::text[]))
                           Rows Removed by Filter: 10
                           Buffers: shared hit=1
         ->  Index Scan using name_pkey on name n  (cost=0.43..2.32 rows=1 width=4) (actual time=0.035..0.035 rows=1 loops=51069)
               Index Cond: (id = ci.person_id)
               Filter: ((gender)::text = 'm'::text)
               Rows Removed by Filter: 0
               Buffers: shared hit=203469 read=807
 Planning:
   Buffers: shared hit=529 read=45
 Planning Time: 14.207 ms
 Execution Time: 29709.544 ms
(77 rows)

