                                                                                                                                                        QUERY PLAN                                                                                                                                                        
--------------------------------------------------------------------------------------------------------------------------------------------------------------------------------------------------------------------------------------------------------------------------------------------------------------------------
 Aggregate  (cost=1047861.04..1047861.05 rows=1 width=8) (actual time=9016.679..9016.687 rows=1 loops=1)
   Buffers: shared hit=716219 read=154290, temp read=3345 written=3345
   ->  Nested Loop  (cost=504423.78..1047858.54 rows=999 width=0) (actual time=1117.914..9013.306 rows=17869 loops=1)
         Buffers: shared hit=716219 read=154290, temp read=3345 written=3345
         ->  Seq Scan on info_type it2  (cost=0.00..2.41 rows=1 width=4) (actual time=0.042..0.048 rows=1 loops=1)
               Filter: (id = 7)
               Rows Removed by Filter: 112
               Buffers: shared hit=1
         ->  Nested Loop  (cost=504423.78..1047846.14 rows=999 width=4) (actual time=1117.871..9010.231 rows=17869 loops=1)
               Buffers: shared hit=716218 read=154290, temp read=3345 written=3345
               ->  Seq Scan on info_type it1  (cost=0.00..2.41 rows=1 width=4) (actual time=0.008..0.016 rows=1 loops=1)
                     Filter: (id = 3)
                     Rows Removed by Filter: 112
                     Buffers: shared hit=1
               ->  Nested Loop  (cost=504423.78..1047833.73 rows=999 width=8) (actual time=1117.860..9006.685 rows=17869 loops=1)
                     Buffers: shared hit=716217 read=154290, temp read=3345 written=3345
                     ->  Hash Join  (cost=504423.35..1042308.64 rows=2382 width=12) (actual time=1117.834..7747.965 rows=40027 loops=1)
                           Hash Cond: (ci.role_id = rt.id)
                           Buffers: shared hit=569173 read=141226, temp read=3345 written=3345
                           ->  Nested Loop  (cost=504422.17..1042256.70 rows=14291 width=16) (actual time=1117.790..7649.682 rows=618810 loops=1)
                                 Buffers: shared hit=569172 read=141226, temp read=3345 written=3345
                                 ->  Hash Join  (cost=504421.73..998652.36 rows=997 width=20) (actual time=1117.748..2110.466 rows=15255 loops=1)
                                       Hash Cond: (mi2.movie_id = t.id)
                                       Buffers: shared hit=20291 read=38225, temp read=3345 written=3345
                                       ->  Bitmap Heap Scan on movie_info mi2  (cost=15891.00..509802.53 rows=82432 width=8) (actual time=39.325..887.281 rows=770042 loops=1)
                                             Recheck Cond: (info_type_id = 7)
                                             Filter: ((info)::text = ANY ('{"CAM:Arriflex Cameras","CAM:Canon 7D","CAM:Panavision Cameras and Lenses","LAB:FotoKem Laboratory, Burbank (CA), USA","OFM:35 mm","OFM:Super 16",OFM:Video,PCS:Spherical,"PFM:35 mm","RAT:1.78 : 1","RAT:1.85 : 1","RAT:2.35 : 1"}'::text[]))
                                             Rows Removed by Filter: 631860
                                             Heap Blocks: exact=10050
                                             Buffers: shared hit=162 read=10987
                                             ->  Bitmap Index Scan on info_type_id_movie_info  (cost=0.00..15870.39 rows=1484527 width=0) (actual time=38.068..38.068 rows=1401902 loops=1)
                                                   Index Cond: (info_type_id = 7)
                                                   Buffers: shared read=1099
                                       ->  Hash  (cost=488148.55..488148.55 rows=30575 width=12) (actual time=1078.208..1078.212 rows=81136 loops=1)
                                             Buckets: 131072 (originally 32768)  Batches: 1 (originally 1)  Memory Usage: 4511kB
                                             Buffers: shared hit=20129 read=27238, temp read=3345 written=3345
                                             ->  Hash Join  (cost=110389.99..488148.55 rows=30575 width=12) (actual time=584.107..1064.435 rows=81136 loops=1)
                                                   Hash Cond: (mi1.movie_id = t.id)
                                                   Buffers: shared hit=20129 read=27238, temp read=3345 written=3345
                                                   ->  Bitmap Heap Scan on movie_info mi1  (cost=16474.37..389811.05 rows=103501 width=8) (actual time=38.460..309.109 rows=998202 loops=1)
                                                         Recheck Cond: (info_type_id = 3)
                                                         Filter: ((info)::text = ANY ('{Action,Biography,Comedy,Crime,Drama,Family,Music,Short,Thriller}'::text[]))
                                                         Rows Removed by Filter: 535707
                                                         Heap Blocks: exact=9772
                                                         Buffers: shared hit=7427 read=3548
                                                         ->  Bitmap Index Scan on info_type_id_movie_info  (cost=0.00..16448.47 rows=1538671 width=0) (actual time=37.268..37.269 rows=1533909 loops=1)
                                                               Index Cond: (info_type_id = 3)
                                                               Buffers: shared hit=1 read=1202
                                                   ->  Hash  (cost=81661.50..81661.50 rows=746890 width=4) (actual time=544.563..544.566 rows=138444 loops=1)
                                                         Buckets: 262144  Batches: 8  Memory Usage: 2656kB
                                                         Buffers: shared hit=12702 read=23690, temp written=350
                                                         ->  Hash Join  (cost=1.13..81661.50 rows=746890 width=4) (actual time=0.048..524.186 rows=138444 loops=1)
                                                               Hash Cond: (t.kind_id = kt.id)
                                                               Buffers: shared hit=12702 read=23690
                                                               ->  Seq Scan on title t  (cost=0.00..74315.95 rows=1742744 width=8) (actual time=0.025..422.740 rows=1748995 loops=1)
                                                                     Filter: ((production_year <= 2015) AND (1990 < production_year))
                                                                     Rows Removed by Filter: 779317
                                                                     Buffers: shared hit=12701 read=23690
                                                               ->  Hash  (cost=1.10..1.10 rows=3 width=4) (actual time=0.013..0.014 rows=3 loops=1)
                                                                     Buckets: 1024  Batches: 1  Memory Usage: 9kB
                                                                     Buffers: shared hit=1
                                                                     ->  Seq Scan on kind_type kt  (cost=0.00..1.10 rows=3 width=4) (actual time=0.008..0.009 rows=3 loops=1)
                                                                           Filter: ((kind)::text = ANY ('{"tv movie","tv series","video game"}'::text[]))
                                                                           Rows Removed by Filter: 4
                                                                           Buffers: shared hit=1
                                 ->  Index Scan using movie_id_cast_info on cast_info ci  (cost=0.44..43.36 rows=38 width=12) (actual time=0.032..0.353 rows=41 loops=15255)
                                       Index Cond: (movie_id = t.id)
                                       Buffers: shared hit=548881 read=103001
                           ->  Hash  (cost=1.15..1.15 rows=2 width=4) (actual time=0.023..0.023 rows=2 loops=1)
                                 Buckets: 1024  Batches: 1  Memory Usage: 9kB
                                 Buffers: shared hit=1
                                 ->  Seq Scan on role_type rt  (cost=0.00..1.15 rows=2 width=4) (actual time=0.009..0.011 rows=2 loops=1)
                                       Filter: ((role)::text = ANY ('{composer,writer}'::text[]))
                                       Rows Removed by Filter: 10
                                       Buffers: shared hit=1
                     ->  Index Scan using name_pkey on name n  (cost=0.43..2.32 rows=1 width=4) (actual time=0.031..0.031 rows=0 loops=40027)
                           Index Cond: (id = ci.person_id)
                           Filter: ((gender)::text = 'm'::text)
                           Rows Removed by Filter: 1
                           Buffers: shared hit=147044 read=13064
 Planning:
   Buffers: shared hit=531 read=46
 Planning Time: 13.680 ms
 Execution Time: 9017.651 ms
(84 rows)

