                                                                                                                    QUERY PLAN                                                                                                                     
---------------------------------------------------------------------------------------------------------------------------------------------------------------------------------------------------------------------------------------------------
 Aggregate  (cost=994994.49..994994.50 rows=1 width=8) (actual time=66044.620..66044.629 rows=1 loops=1)
   Buffers: shared hit=6228476 read=517586, temp read=6061 written=5335
   ->  Nested Loop  (cost=911283.21..994992.13 rows=945 width=0) (actual time=1175.243..66028.109 rows=55836 loops=1)
         Buffers: shared hit=6228476 read=517586, temp read=6061 written=5335
         ->  Hash Join  (cost=911282.78..991628.82 rows=1450 width=4) (actual time=1156.556..61283.245 rows=125978 loops=1)
               Hash Cond: (ci.role_id = rt.id)
               Buffers: shared hit=5756816 read=485334, temp read=6061 written=5335
               ->  Nested Loop  (cost=911281.60..991596.74 rows=8701 width=8) (actual time=1155.960..60500.495 rows=4086954 loops=1)
                     Buffers: shared hit=5756815 read=485334, temp read=6061 written=5335
                     ->  Nested Loop  (cost=911281.16..965049.27 rows=607 width=12) (actual time=1155.933..18983.980 rows=93541 loops=1)
                           Buffers: shared hit=1958135 read=34491, temp read=6061 written=5335
                           ->  Nested Loop  (cost=911281.16..965039.26 rows=607 width=16) (actual time=1155.925..18908.055 rows=93541 loops=1)
                                 Buffers: shared hit=1958134 read=34491, temp read=6061 written=5335
                                 ->  Nested Loop  (cost=911281.16..965029.26 rows=607 width=20) (actual time=1155.909..18835.290 rows=93541 loops=1)
                                       Buffers: shared hit=1958133 read=34491, temp read=6061 written=5335
                                       ->  Nested Loop  (cost=911281.02..964994.29 rows=1417 width=24) (actual time=1155.741..18726.965 rows=99761 loops=1)
                                             Buffers: shared hit=1958121 read=34491, temp read=6061 written=5335
                                             ->  Merge Join  (cost=911280.59..912152.90 rows=15125 width=16) (actual time=1155.645..1869.714 rows=492622 loops=1)
                                                   Merge Cond: (mi1.movie_id = mi2.movie_id)
                                                   Buffers: shared hit=6578 read=15546, temp read=6061 written=5335
                                                   ->  Sort  (cost=440946.03..441126.18 rows=72061 width=8) (actual time=549.860..701.132 rows=690694 loops=1)
                                                         Sort Key: mi1.movie_id
                                                         Sort Method: external merge  Disk: 12208kB
                                                         Buffers: shared hit=4909 read=6066, temp read=1526 written=1535
                                                         ->  Bitmap Heap Scan on movie_info mi1  (cost=16466.48..435131.81 rows=72061 width=8) (actual time=42.322..428.300 rows=690709 loops=1)
                                                               Recheck Cond: (info_type_id = 3)
                                                               Filter: ((info)::text = ANY ('{Animation,Biography,Comedy,Fantasy,Mystery,Short,Thriller}'::text[]))
                                                               Rows Removed by Filter: 843200
                                                               Heap Blocks: exact=9772
                                                               Buffers: shared hit=4909 read=6066
                                                               ->  Bitmap Index Scan on info_type_id_movie_info  (cost=0.00..16448.47 rows=1538671 width=0) (actual time=41.130..41.130 rows=1533909 loops=1)
                                                                     Index Cond: (info_type_id = 3)
                                                                     Buffers: shared read=1203
                                                   ->  Sort  (cost=470334.56..470514.94 rows=72151 width=8) (actual time=605.774..787.821 rows=838830 loops=1)
                                                         Sort Key: mi2.movie_id
                                                         Sort Method: external sort  Disk: 15192kB
                                                         Buffers: shared hit=1669 read=9480, temp read=4163 written=3800
                                                         ->  Bitmap Heap Scan on movie_info mi2  (cost=15888.43..464512.43 rows=72151 width=8) (actual time=33.667..432.458 rows=702988 loops=1)
                                                               Recheck Cond: (info_type_id = 7)
                                                               Filter: ((info)::text = ANY ('{"CAM:Arriflex Cameras",PCS:Spherical,"PCS:Super 35","PFM:35 mm",PFM:D-Cinema,"RAT:1.33 : 1","RAT:1.66 : 1","RAT:1.85 : 1","RAT:2.35 : 1"}'::text[]))
                                                               Rows Removed by Filter: 698914
                                                               Heap Blocks: exact=10050
                                                               Buffers: shared hit=1669 read=9480
                                                               ->  Bitmap Index Scan on info_type_id_movie_info  (cost=0.00..15870.39 rows=1484527 width=0) (actual time=32.415..32.416 rows=1401902 loops=1)
                                                                     Index Cond: (info_type_id = 7)
                                                                     Buffers: shared hit=1 read=1098
                                             ->  Index Scan using title_pkey on title t  (cost=0.43..3.49 rows=1 width=8) (actual time=0.034..0.034 rows=0 loops=492622)
                                                   Index Cond: (id = mi1.movie_id)
                                                   Filter: ((production_year <= 2015) AND (1990 < production_year))
                                                   Rows Removed by Filter: 1
                                                   Buffers: shared hit=1951543 read=18945
                                       ->  Memoize  (cost=0.14..0.16 rows=1 width=4) (actual time=0.000..0.000 rows=1 loops=99761)
                                             Cache Key: t.kind_id
                                             Cache Mode: logical
                                             Hits: 99755  Misses: 6  Evictions: 0  Overflows: 0  Memory Usage: 1kB
                                             Buffers: shared hit=12
                                             ->  Index Scan using kind_type_pkey on kind_type kt  (cost=0.13..0.15 rows=1 width=4) (actual time=0.009..0.010 rows=0 loops=6)
                                                   Index Cond: (id = t.kind_id)
                                                   Filter: ((kind)::text = ANY ('{episode,movie,"video movie"}'::text[]))
                                                   Rows Removed by Filter: 0
                                                   Buffers: shared hit=12
                                 ->  Materialize  (cost=0.00..2.42 rows=1 width=4) (actual time=0.000..0.000 rows=1 loops=93541)
                                       Buffers: shared hit=1
                                       ->  Seq Scan on info_type it1  (cost=0.00..2.41 rows=1 width=4) (actual time=0.013..0.017 rows=1 loops=1)
                                             Filter: (id = 3)
                                             Rows Removed by Filter: 112
                                             Buffers: shared hit=1
                           ->  Materialize  (cost=0.00..2.42 rows=1 width=4) (actual time=0.000..0.000 rows=1 loops=93541)
                                 Buffers: shared hit=1
                                 ->  Seq Scan on info_type it2  (cost=0.00..2.41 rows=1 width=4) (actual time=0.007..0.011 rows=1 loops=1)
                                       Filter: (id = 7)
                                       Rows Removed by Filter: 112
                                       Buffers: shared hit=1
                     ->  Index Scan using movie_id_cast_info on cast_info ci  (cost=0.44..43.36 rows=38 width=12) (actual time=0.037..0.431 rows=44 loops=93541)
                           Index Cond: (movie_id = t.id)
                           Buffers: shared hit=3798680 read=450843
               ->  Hash  (cost=1.15..1.15 rows=2 width=4) (actual time=0.040..0.041 rows=2 loops=1)
                     Buckets: 1024  Batches: 1  Memory Usage: 9kB
                     Buffers: shared hit=1
                     ->  Seq Scan on role_type rt  (cost=0.00..1.15 rows=2 width=4) (actual time=0.025..0.027 rows=2 loops=1)
                           Filter: ((role)::text = ANY ('{composer,"production designer"}'::text[]))
                           Rows Removed by Filter: 10
                           Buffers: shared hit=1
         ->  Index Scan using name_pkey on name n  (cost=0.43..2.32 rows=1 width=4) (actual time=0.037..0.037 rows=0 loops=125978)
               Index Cond: (id = ci.person_id)
               Filter: ((gender)::text = ANY ('{f,m}'::text[]))
               Rows Removed by Filter: 1
               Buffers: shared hit=471660 read=32252
 Planning:
   Buffers: shared hit=507 read=67
 Planning Time: 14.398 ms
 Execution Time: 66054.520 ms
(92 rows)

