                                                                                                                                        QUERY PLAN                                                                                                                                         
-------------------------------------------------------------------------------------------------------------------------------------------------------------------------------------------------------------------------------------------------------------------------------------------
 Aggregate  (cost=969673.10..969673.11 rows=1 width=8) (actual time=89476.804..89476.814 rows=1 loops=1)
   Buffers: shared hit=8498371 read=774195, temp read=4879 written=4200
   ->  Nested Loop  (cost=910232.87..969671.19 rows=765 width=0) (actual time=1123.851..89412.705 rows=346671 loops=1)
         Buffers: shared hit=8498371 read=774195, temp read=4879 written=4200
         ->  Hash Join  (cost=910232.44..966950.40 rows=1173 width=4) (actual time=1123.654..49030.217 rows=1111385 loops=1)
               Hash Cond: (ci.role_id = rt.id)
               Buffers: shared hit=4191983 read=635043, temp read=4879 written=4200
               ->  Nested Loop  (cost=910231.26..966924.23 rows=7038 width=8) (actual time=1123.385..48152.033 rows=3155570 loops=1)
                     Buffers: shared hit=4191982 read=635043, temp read=4879 written=4200
                     ->  Nested Loop  (cost=910230.82..945468.65 rows=491 width=12) (actual time=1123.356..15285.719 rows=74119 loops=1)
                           Buffers: shared hit=1490270 read=45528, temp read=4879 written=4200
                           ->  Nested Loop  (cost=910230.82..945460.10 rows=491 width=16) (actual time=1123.346..15223.360 rows=74119 loops=1)
                                 Buffers: shared hit=1490269 read=45528, temp read=4879 written=4200
                                 ->  Nested Loop  (cost=910230.82..945451.55 rows=491 width=20) (actual time=1123.327..15165.798 rows=74119 loops=1)
                                       Buffers: shared hit=1490269 read=45527, temp read=4879 written=4200
                                       ->  Nested Loop  (cost=910230.68..945423.04 rows=1147 width=24) (actual time=1123.082..15075.479 rows=88886 loops=1)
                                             Buffers: shared hit=1490257 read=45527, temp read=4879 written=4200
                                             ->  Merge Join  (cost=910230.25..910993.75 rows=10646 width=16) (actual time=1123.033..1785.273 rows=378415 loops=1)
                                                   Merge Cond: (mi1.movie_id = mi2.movie_id)
                                                   Buffers: shared hit=3 read=22121, temp read=4879 written=4200
                                                   ->  Sort  (cost=442663.11..442891.48 rows=91346 width=8) (actual time=581.709..774.616 rows=894164 loops=1)
                                                         Sort Key: mi1.movie_id
                                                         Sort Method: external merge  Disk: 15800kB
                                                         Buffers: shared hit=1 read=10974, temp read=1975 written=1987
                                                         ->  Bitmap Heap Scan on movie_info mi1  (cost=16471.30..435136.63 rows=91346 width=8) (actual time=41.379..425.940 rows=894180 loops=1)
                                                               Recheck Cond: (info_type_id = 3)
                                                               Filter: ((info)::text = ANY ('{Comedy,Drama,Fantasy,Mystery,Sci-Fi,Short,Thriller}'::text[]))
                                                               Rows Removed by Filter: 639729
                                                               Heap Blocks: exact=9772
                                                               Buffers: shared hit=1 read=10974
                                                               ->  Bitmap Index Scan on info_type_id_movie_info  (cost=0.00..16448.47 rows=1538671 width=0) (actual time=40.172..40.173 rows=1533909 loops=1)
                                                                     Index Cond: (info_type_id = 3)
                                                                     Buffers: shared read=1203
                                                   ->  Sort  (cost=467567.14..467667.29 rows=40062 width=8) (actual time=541.311..667.886 rows=539624 loops=1)
                                                         Sort Key: mi2.movie_id
                                                         Sort Method: external sort  Disk: 8848kB
                                                         Buffers: shared hit=2 read=11147, temp read=2556 written=2213
                                                         ->  Bitmap Heap Scan on movie_info mi2  (cost=15880.40..464504.41 rows=40062 width=8) (actual time=33.990..437.527 rows=409391 loops=1)
                                                               Recheck Cond: (info_type_id = 7)
                                                               Filter: ((info)::text = ANY ('{"CAM:Arriflex Cameras","CAM:Red One Camera",LAB:DeLuxe,"LAB:FotoKem Laboratory, Burbank (CA), USA",LAB:Technicolor,"OFM:Redcode RAW",PCS:Spherical,"RAT:1.33 : 1","RAT:2.35 : 1"}'::text[]))
                                                               Rows Removed by Filter: 992511
                                                               Heap Blocks: exact=10050
                                                               Buffers: shared hit=2 read=11147
                                                               ->  Bitmap Index Scan on info_type_id_movie_info  (cost=0.00..15870.39 rows=1484527 width=0) (actual time=32.731..32.732 rows=1401902 loops=1)
                                                                     Index Cond: (info_type_id = 7)
                                                                     Buffers: shared hit=1 read=1098
                                             ->  Index Scan using title_pkey on title t  (cost=0.43..3.23 rows=1 width=8) (actual time=0.035..0.035 rows=0 loops=378415)
                                                   Index Cond: (id = mi1.movie_id)
                                                   Filter: ((production_year <= 2015) AND (1975 < production_year))
                                                   Rows Removed by Filter: 1
                                                   Buffers: shared hit=1490254 read=23406
                                       ->  Memoize  (cost=0.14..0.16 rows=1 width=4) (actual time=0.000..0.000 rows=1 loops=88886)
                                             Cache Key: t.kind_id
                                             Cache Mode: logical
                                             Hits: 88880  Misses: 6  Evictions: 0  Overflows: 0  Memory Usage: 1kB
                                             Buffers: shared hit=12
                                             ->  Index Scan using kind_type_pkey on kind_type kt  (cost=0.13..0.15 rows=1 width=4) (actual time=0.141..0.141 rows=0 loops=6)
                                                   Index Cond: (id = t.kind_id)
                                                   Filter: ((kind)::text = ANY ('{episode,movie,"video movie"}'::text[]))
                                                   Rows Removed by Filter: 0
                                                   Buffers: shared hit=12
                                 ->  Materialize  (cost=0.00..2.42 rows=1 width=4) (actual time=0.000..0.000 rows=1 loops=74119)
                                       Buffers: shared read=1
                                       ->  Seq Scan on info_type it1  (cost=0.00..2.41 rows=1 width=4) (actual time=0.017..0.021 rows=1 loops=1)
                                             Filter: (id = 3)
                                             Rows Removed by Filter: 112
                                             Buffers: shared read=1
                           ->  Materialize  (cost=0.00..2.42 rows=1 width=4) (actual time=0.000..0.000 rows=1 loops=74119)
                                 Buffers: shared hit=1
                                 ->  Seq Scan on info_type it2  (cost=0.00..2.41 rows=1 width=4) (actual time=0.005..0.009 rows=1 loops=1)
                                       Filter: (id = 7)
                                       Rows Removed by Filter: 112
                                       Buffers: shared hit=1
                     ->  Index Scan using movie_id_cast_info on cast_info ci  (cost=0.44..43.32 rows=38 width=12) (actual time=0.037..0.431 rows=43 loops=74119)
                           Index Cond: (movie_id = t.id)
                           Buffers: shared hit=2701712 read=589515
               ->  Hash  (cost=1.15..1.15 rows=2 width=4) (actual time=0.037..0.038 rows=2 loops=1)
                     Buckets: 1024  Batches: 1  Memory Usage: 9kB
                     Buffers: shared hit=1
                     ->  Seq Scan on role_type rt  (cost=0.00..1.15 rows=2 width=4) (actual time=0.026..0.028 rows=2 loops=1)
                           Filter: ((role)::text = ANY ('{"miscellaneous crew",producer}'::text[]))
                           Rows Removed by Filter: 10
                           Buffers: shared hit=1
         ->  Index Scan using name_pkey on name n  (cost=0.43..2.32 rows=1 width=4) (actual time=0.036..0.036 rows=0 loops=1111385)
               Index Cond: (id = ci.person_id)
               Filter: ((gender)::text = ANY ('{f,m}'::text[]))
               Rows Removed by Filter: 1
               Buffers: shared hit=4306388 read=139152
 Planning:
   Buffers: shared hit=485 read=89
 Planning Time: 11.244 ms
 Execution Time: 89485.194 ms
(92 rows)

