                                                                                            QUERY PLAN                                                                                            
--------------------------------------------------------------------------------------------------------------------------------------------------------------------------------------------------
 Aggregate  (cost=746558.78..746558.79 rows=1 width=8) (actual time=1142.038..1142.044 rows=1 loops=1)
   Buffers: shared hit=7988 read=49407, temp read=1358 written=1358
   ->  Nested Loop  (cost=491952.91..746558.66 rows=49 width=0) (actual time=956.164..1142.031 rows=33 loops=1)
         Buffers: shared hit=7988 read=49407, temp read=1358 written=1358
         ->  Seq Scan on info_type it2  (cost=0.00..2.41 rows=1 width=4) (actual time=0.035..0.039 rows=1 loops=1)
               Filter: (id = 7)
               Rows Removed by Filter: 112
               Buffers: shared hit=1
         ->  Nested Loop  (cost=491952.91..746555.76 rows=49 width=4) (actual time=956.127..1141.984 rows=33 loops=1)
               Buffers: shared hit=7987 read=49407, temp read=1358 written=1358
               ->  Seq Scan on info_type it1  (cost=0.00..2.41 rows=1 width=4) (actual time=0.010..0.015 rows=1 loops=1)
                     Filter: (id = 3)
                     Rows Removed by Filter: 112
                     Buffers: shared hit=1
               ->  Nested Loop  (cost=491952.91..746552.85 rows=49 width=8) (actual time=956.116..1141.961 rows=33 loops=1)
                     Join Filter: (t.id = mi1.movie_id)
                     Buffers: shared hit=7986 read=49407, temp read=1358 written=1358
                     ->  Nested Loop  (cost=491952.47..650143.41 rows=2283 width=16) (actual time=938.262..1139.774 rows=30 loops=1)
                           Buffers: shared hit=7629 read=49316, temp read=1358 written=1358
                           ->  Hash Join  (cost=491952.04..627340.21 rows=9831 width=20) (actual time=904.546..1123.693 rows=1078 loops=1)
                                 Hash Cond: (ci.movie_id = t.id)
                                 Buffers: shared hit=4485 read=48148, temp read=1358 written=1358
                                 ->  Nested Loop  (cost=0.44..123965.00 rows=3020080 width=8) (actual time=0.109..173.539 rows=773674 loops=1)
                                       Buffers: shared hit=1506 read=3586
                                       ->  Seq Scan on role_type rt  (cost=0.00..1.15 rows=1 width=4) (actual time=0.007..0.009 rows=1 loops=1)
                                             Filter: ((role)::text = 'composer'::text)
                                             Rows Removed by Filter: 11
                                             Buffers: shared hit=1
                                       ->  Index Scan using role_id_cast_info on cast_info ci  (cost=0.44..91017.52 rows=3294633 width=12) (actual time=0.100..112.879 rows=773674 loops=1)
                                             Index Cond: (role_id = rt.id)
                                             Buffers: shared hit=1505 read=3586
                                 ->  Hash  (cost=491848.73..491848.73 rows=8230 width=12) (actual time=903.593..903.598 rows=1589 loops=1)
                                       Buckets: 16384  Batches: 1  Memory Usage: 197kB
                                       Buffers: shared hit=2979 read=44562, temp read=1358 written=1358
                                       ->  Hash Join  (cost=101302.38..491848.73 rows=8230 width=12) (actual time=499.124..903.199 rows=1589 loops=1)
                                             Hash Cond: (mi2.movie_id = t.id)
                                             Buffers: shared hit=2979 read=44562, temp read=1358 written=1358
                                             ->  Bitmap Heap Scan on movie_info mi2  (cost=15882.68..404123.32 rows=49176 width=8) (actual time=38.572..354.169 rows=462464 loops=1)
                                                   Recheck Cond: (info_type_id = 7)
                                                   Filter: ((info)::text = ANY ('{PCS:Spherical,"PFM:35 mm","RAT:1.66 : 1","RAT:1.85 : 1","RAT:2.35 : 1"}'::text[]))
                                                   Rows Removed by Filter: 939438
                                                   Heap Blocks: exact=10050
                                                   Buffers: shared hit=2978 read=8171
                                                   ->  Bitmap Index Scan on info_type_id_movie_info  (cost=0.00..15870.39 rows=1484527 width=0) (actual time=37.309..37.310 rows=1401902 loops=1)
                                                         Index Cond: (info_type_id = 7)
                                                         Buffers: shared read=1099
                                             ->  Hash  (cost=78477.74..78477.74 rows=423117 width=4) (actual time=459.259..459.262 rows=75964 loops=1)
                                                   Buckets: 262144  Batches: 4  Memory Usage: 2707kB
                                                   Buffers: shared hit=1 read=36391, temp written=166
                                                   ->  Hash Join  (cost=1.13..78477.74 rows=423117 width=4) (actual time=0.047..446.545 rows=75964 loops=1)
                                                         Hash Cond: (t.kind_id = kt.id)
                                                         Buffers: shared hit=1 read=36391
                                                         ->  Seq Scan on title t  (cost=0.00..74315.95 rows=987274 width=8) (actual time=0.024..388.376 rows=989787 loops=1)
                                                               Filter: ((production_year <= 2010) AND (2000 < production_year))
                                                               Rows Removed by Filter: 1538525
                                                               Buffers: shared read=36391
                                                         ->  Hash  (cost=1.10..1.10 rows=3 width=4) (actual time=0.013..0.014 rows=3 loops=1)
                                                               Buckets: 1024  Batches: 1  Memory Usage: 9kB
                                                               Buffers: shared hit=1
                                                               ->  Seq Scan on kind_type kt  (cost=0.00..1.10 rows=3 width=4) (actual time=0.007..0.008 rows=3 loops=1)
                                                                     Filter: ((kind)::text = ANY ('{"tv movie","tv series","video game"}'::text[]))
                                                                     Rows Removed by Filter: 4
                                                                     Buffers: shared hit=1
                           ->  Index Scan using name_pkey on name n  (cost=0.43..2.32 rows=1 width=4) (actual time=0.015..0.015 rows=0 loops=1078)
                                 Index Cond: (id = ci.person_id)
                                 Filter: ((gender)::text = 'f'::text)
                                 Rows Removed by Filter: 1
                                 Buffers: shared hit=3144 read=1168
                     ->  Index Scan using movie_id_movie_info on movie_info mi1  (cost=0.43..42.22 rows=1 width=8) (actual time=0.072..0.072 rows=1 loops=30)
                           Index Cond: (movie_id = ci.movie_id)
                           Filter: ((info_type_id = 3) AND ((info)::text = ANY ('{Crime,Documentary,Drama,Romance,Thriller}'::text[])))
                           Rows Removed by Filter: 21
                           Buffers: shared hit=357 read=91
 Planning:
   Buffers: shared hit=482 read=92
 Planning Time: 12.790 ms
 Execution Time: 1142.544 ms
(77 rows)

