                                                                                            QUERY PLAN                                                                                            
--------------------------------------------------------------------------------------------------------------------------------------------------------------------------------------------------
 Aggregate  (cost=432277.15..432277.16 rows=1 width=8) (actual time=12162.647..12162.655 rows=1 loops=1)
   Buffers: shared hit=1174861 read=82950
   ->  Nested Loop  (cost=64986.03..432277.14 rows=4 width=0) (actual time=332.734..12162.424 rows=509 loops=1)
         Buffers: shared hit=1174861 read=82950
         ->  Hash Join  (cost=64985.60..432253.95 rows=10 width=4) (actual time=290.268..12132.474 rows=830 loops=1)
               Hash Cond: (ci.role_id = rt.id)
               Buffers: shared hit=1171772 read=82719
               ->  Nested Loop  (cost=64984.43..432252.57 rows=57 width=8) (actual time=251.041..12058.891 rows=412114 loops=1)
                     Buffers: shared hit=1171771 read=82719
                     ->  Nested Loop  (cost=64983.99..432052.02 rows=4 width=12) (actual time=250.998..5882.536 rows=95748 loops=1)
                           Buffers: shared hit=501777 read=57053
                           ->  Seq Scan on info_type it2  (cost=0.00..2.41 rows=1 width=4) (actual time=0.023..0.031 rows=1 loops=1)
                                 Filter: (id = 7)
                                 Rows Removed by Filter: 112
                                 Buffers: shared hit=1
                           ->  Nested Loop  (cost=64983.99..432049.57 rows=4 width=16) (actual time=250.975..5860.656 rows=95748 loops=1)
                                 Buffers: shared hit=501776 read=57053
                                 ->  Seq Scan on info_type it1  (cost=0.00..2.41 rows=1 width=4) (actual time=0.007..0.016 rows=1 loops=1)
                                       Filter: (id = 3)
                                       Rows Removed by Filter: 112
                                       Buffers: shared hit=1
                                 ->  Nested Loop  (cost=64983.99..432047.12 rows=4 width=20) (actual time=250.964..5837.995 rows=95748 loops=1)
                                       Buffers: shared hit=501775 read=57053
                                       ->  Hash Join  (cost=64983.55..423375.45 rows=186 width=12) (actual time=250.894..969.990 rows=53268 loops=1)
                                             Hash Cond: (mi1.movie_id = t.id)
                                             Buffers: shared hit=4407 read=19955
                                             ->  Bitmap Heap Scan on movie_info mi1  (cost=16459.33..374686.46 rows=43442 width=8) (actual time=42.763..636.838 rows=407681 loops=1)
                                                   Recheck Cond: (info_type_id = 3)
                                                   Filter: ((info)::text = ANY ('{Crime,Short,War}'::text[]))
                                                   Rows Removed by Filter: 1126228
                                                   Heap Blocks: exact=9772
                                                   Buffers: shared hit=2959 read=8016
                                                   ->  Bitmap Index Scan on info_type_id_movie_info  (cost=0.00..16448.47 rows=1538671 width=0) (actual time=41.551..41.551 rows=1533909 loops=1)
                                                         Index Cond: (info_type_id = 3)
                                                         Buffers: shared hit=1 read=1202
                                             ->  Hash  (cost=48388.79..48388.79 rows=10835 width=4) (actual time=185.137..185.140 rows=74873 loops=1)
                                                   Buckets: 131072 (originally 16384)  Batches: 1 (originally 1)  Memory Usage: 3657kB
                                                   Buffers: shared hit=1448 read=11939
                                                   ->  Nested Loop  (cost=4496.00..48388.79 rows=10835 width=4) (actual time=19.559..173.736 rows=74873 loops=1)
                                                         Buffers: shared hit=1448 read=11939
                                                         ->  Seq Scan on kind_type kt  (cost=0.00..1.09 rows=1 width=4) (actual time=0.008..0.011 rows=1 loops=1)
                                                               Filter: ((kind)::text = 'movie'::text)
                                                               Rows Removed by Filter: 6
                                                               Buffers: shared hit=1
                                                         ->  Bitmap Heap Scan on title t  (cost=4496.00..48261.29 rows=12641 width=8) (actual time=19.548..168.776 rows=74873 loops=1)
                                                               Recheck Cond: (kind_id = kt.id)
                                                               Filter: ((production_year <= 1925) AND (1910 < production_year))
                                                               Rows Removed by Filter: 587952
                                                               Heap Blocks: exact=12865
                                                               Buffers: shared hit=1447 read=11939
                                                               ->  Bitmap Index Scan on kind_id_title  (cost=0.00..4492.84 rows=421388 width=0) (actual time=17.292..17.292 rows=662825 loops=1)
                                                                     Index Cond: (kind_id = kt.id)
                                                                     Buffers: shared read=521
                                       ->  Index Scan using movie_id_movie_info on movie_info mi2  (cost=0.43..46.61 rows=1 width=8) (actual time=0.054..0.090 rows=2 loops=53268)
                                             Index Cond: (movie_id = t.id)
                                             Filter: ((info_type_id = 7) AND ((info)::text = ANY ('{MET:,"OFM:35 mm","RAT:1.33 : 1"}'::text[])))
                                             Rows Removed by Filter: 10
                                             Buffers: shared hit=497368 read=37098
                     ->  Index Scan using movie_id_cast_info on cast_info ci  (cost=0.44..49.76 rows=38 width=12) (actual time=0.033..0.063 rows=4 loops=95748)
                           Index Cond: (movie_id = t.id)
                           Buffers: shared hit=669994 read=25666
               ->  Hash  (cost=1.15..1.15 rows=2 width=4) (actual time=0.033..0.034 rows=2 loops=1)
                     Buckets: 1024  Batches: 1  Memory Usage: 9kB
                     Buffers: shared hit=1
                     ->  Seq Scan on role_type rt  (cost=0.00..1.15 rows=2 width=4) (actual time=0.024..0.025 rows=2 loops=1)
                           Filter: ((role)::text = ANY ('{editor,"production designer"}'::text[]))
                           Rows Removed by Filter: 10
                           Buffers: shared hit=1
         ->  Index Scan using name_pkey on name n  (cost=0.43..2.32 rows=1 width=4) (actual time=0.035..0.035 rows=1 loops=830)
               Index Cond: (id = ci.person_id)
               Filter: ((gender)::text = 'm'::text)
               Rows Removed by Filter: 0
               Buffers: shared hit=3089 read=231
 Planning:
   Buffers: shared hit=574
 Planning Time: 13.304 ms
 Execution Time: 12163.341 ms
(77 rows)

