                                                                                            QUERY PLAN                                                                                            
--------------------------------------------------------------------------------------------------------------------------------------------------------------------------------------------------
 Aggregate  (cost=682249.59..682249.60 rows=1 width=8) (actual time=32276.779..32276.788 rows=1 loops=1)
   Buffers: shared hit=2748021 read=575288, temp read=2507 written=2507
   ->  Nested Loop  (cost=96340.59..682249.41 rows=70 width=0) (actual time=594.455..32275.733 rows=2625 loops=1)
         Buffers: shared hit=2748021 read=575288, temp read=2507 written=2507
         ->  Seq Scan on info_type it2  (cost=0.00..2.41 rows=1 width=4) (actual time=0.033..0.042 rows=1 loops=1)
               Filter: (id = 7)
               Rows Removed by Filter: 112
               Buffers: shared hit=1
         ->  Nested Loop  (cost=96340.59..682246.30 rows=70 width=4) (actual time=594.420..32274.972 rows=2625 loops=1)
               Buffers: shared hit=2748020 read=575288, temp read=2507 written=2507
               ->  Seq Scan on info_type it1  (cost=0.00..2.41 rows=1 width=4) (actual time=0.011..0.023 rows=1 loops=1)
                     Filter: (id = 3)
                     Rows Removed by Filter: 112
                     Buffers: shared hit=1
               ->  Nested Loop  (cost=96340.59..682243.19 rows=70 width=8) (actual time=594.407..32274.162 rows=2625 loops=1)
                     Buffers: shared hit=2748019 read=575288, temp read=2507 written=2507
                     ->  Hash Join  (cost=96340.16..681540.38 rows=303 width=12) (actual time=590.305..28448.531 rows=112674 loops=1)
                           Hash Cond: (ci.role_id = rt.id)
                           Buffers: shared hit=2329241 read=543370, temp read=2507 written=2507
                           ->  Nested Loop  (cost=96338.99..681532.73 rows=1820 width=16) (actual time=590.144..28241.574 rows=1115413 loops=1)
                                 Buffers: shared hit=2329240 read=543370, temp read=2507 written=2507
                                 ->  Nested Loop  (cost=96338.55..675897.24 rows=127 width=20) (actual time=590.107..17004.858 rows=36659 loops=1)
                                       Buffers: shared hit=1379607 read=294506, temp read=2507 written=2507
                                       ->  Hash Join  (cost=96338.11..501138.16 rows=4069 width=12) (actual time=575.732..1541.757 rows=142461 loops=1)
                                             Hash Cond: (mi2.movie_id = t.id)
                                             Buffers: shared hit=2617 read=44924, temp read=2507 written=2507
                                             ->  Bitmap Heap Scan on movie_info mi2  (cost=15881.38..419217.86 rows=43968 width=8) (actual time=38.614..663.451 rows=444726 loops=1)
                                                   Recheck Cond: (info_type_id = 7)
                                                   Filter: ((info)::text = ANY ('{PCS:Spherical,"PFM:16 mm","RAT:1.33 : 1","RAT:1.37 : 1","RAT:1.66 : 1","RAT:2.35 : 1"}'::text[]))
                                                   Rows Removed by Filter: 957176
                                                   Heap Blocks: exact=10050
                                                   Buffers: shared hit=64 read=11085
                                                   ->  Bitmap Index Scan on info_type_id_movie_info  (cost=0.00..15870.39 rows=1484527 width=0) (actual time=37.337..37.337 rows=1401902 loops=1)
                                                         Index Cond: (info_type_id = 7)
                                                         Buffers: shared read=1099
                                             ->  Hash  (cost=76617.93..76617.93 rows=233984 width=4) (actual time=535.956..535.959 rows=504538 loops=1)
                                                   Buckets: 262144 (originally 262144)  Batches: 4 (originally 2)  Memory Usage: 6483kB
                                                   Buffers: shared hit=2553 read=33839, temp written=1107
                                                   ->  Hash Join  (cost=1.13..76617.93 rows=233984 width=4) (actual time=0.042..453.162 rows=504538 loops=1)
                                                         Hash Cond: (t.kind_id = kt.id)
                                                         Buffers: shared hit=2553 read=33839
                                                         ->  Seq Scan on title t  (cost=0.00..74315.95 rows=545963 width=8) (actual time=0.023..388.808 rows=538239 loops=1)
                                                               Filter: ((production_year <= 1990) AND (1950 < production_year))
                                                               Rows Removed by Filter: 1990073
                                                               Buffers: shared hit=2552 read=33839
                                                         ->  Hash  (cost=1.10..1.10 rows=3 width=4) (actual time=0.011..0.013 rows=3 loops=1)
                                                               Buckets: 1024  Batches: 1  Memory Usage: 9kB
                                                               Buffers: shared hit=1
                                                               ->  Seq Scan on kind_type kt  (cost=0.00..1.10 rows=3 width=4) (actual time=0.006..0.007 rows=3 loops=1)
                                                                     Filter: ((kind)::text = ANY ('{episode,movie,"tv movie"}'::text[]))
                                                                     Rows Removed by Filter: 4
                                                                     Buffers: shared hit=1
                                       ->  Index Scan using movie_id_movie_info on movie_info mi1  (cost=0.43..42.94 rows=1 width=8) (actual time=0.108..0.108 rows=0 loops=142461)
                                             Index Cond: (movie_id = t.id)
                                             Filter: ((info_type_id = 3) AND ((info)::text = ANY ('{Action,Adventure,Animation,Comedy,Crime,Short,Thriller}'::text[])))
                                             Rows Removed by Filter: 15
                                             Buffers: shared hit=1376990 read=249582
                                 ->  Index Scan using movie_id_cast_info on cast_info ci  (cost=0.44..43.99 rows=38 width=12) (actual time=0.036..0.298 rows=30 loops=36659)
                                       Index Cond: (movie_id = t.id)
                                       Buffers: shared hit=949633 read=248864
                           ->  Hash  (cost=1.15..1.15 rows=2 width=4) (actual time=0.015..0.015 rows=2 loops=1)
                                 Buckets: 1024  Batches: 1  Memory Usage: 9kB
                                 Buffers: shared hit=1
                                 ->  Seq Scan on role_type rt  (cost=0.00..1.15 rows=2 width=4) (actual time=0.008..0.010 rows=2 loops=1)
                                       Filter: ((role)::text = ANY ('{director,writer}'::text[]))
                                       Rows Removed by Filter: 10
                                       Buffers: shared hit=1
                     ->  Index Scan using name_pkey on name n  (cost=0.43..2.32 rows=1 width=4) (actual time=0.033..0.033 rows=0 loops=112674)
                           Index Cond: (id = ci.person_id)
                           Filter: ((gender)::text = 'f'::text)
                           Rows Removed by Filter: 1
                           Buffers: shared hit=418778 read=31918
 Planning:
   Buffers: shared hit=483 read=91
 Planning Time: 13.255 ms
 Execution Time: 32277.426 ms
(76 rows)

