                                                                                                                   QUERY PLAN                                                                                                                   
------------------------------------------------------------------------------------------------------------------------------------------------------------------------------------------------------------------------------------------------
 Aggregate  (cost=925379.14..925379.15 rows=1 width=8) (actual time=15326.303..15326.312 rows=1 loops=1)
   Buffers: shared hit=1353947 read=163933, temp read=3897 written=3581
   ->  Nested Loop  (cost=878226.25..925377.69 rows=581 width=0) (actual time=1005.952..15322.828 rows=16231 loops=1)
         Buffers: shared hit=1353947 read=163933, temp read=3897 written=3581
         ->  Hash Join  (cost=878225.82..923310.99 rows=891 width=4) (actual time=1005.859..12957.480 rows=67219 loops=1)
               Hash Cond: (ci.role_id = rt.id)
               Buffers: shared hit=1108126 read=140878, temp read=3897 written=3581
               ->  Nested Loop  (cost=878224.65..923290.82 rows=5347 width=8) (actual time=1005.764..12888.645 rows=293775 loops=1)
                     Buffers: shared hit=1108125 read=140878, temp read=3897 written=3581
                     ->  Nested Loop  (cost=878224.21..906991.58 rows=373 width=12) (actual time=1005.741..9498.863 rows=11095 loops=1)
                           Buffers: shared hit=899966 read=30832, temp read=3897 written=3581
                           ->  Nested Loop  (cost=878224.21..906984.50 rows=373 width=16) (actual time=1005.735..9491.171 rows=11095 loops=1)
                                 Buffers: shared hit=899965 read=30832, temp read=3897 written=3581
                                 ->  Nested Loop  (cost=878224.21..906977.42 rows=373 width=20) (actual time=1005.711..9483.596 rows=11095 loops=1)
                                       Buffers: shared hit=899964 read=30832, temp read=3897 written=3581
                                       ->  Nested Loop  (cost=878224.07..906955.54 rows=870 width=24) (actual time=1005.696..9398.839 rows=116519 loops=1)
                                             Buffers: shared hit=899952 read=30832, temp read=3897 written=3581
                                             ->  Merge Join  (cost=878223.64..878859.77 rows=8080 width=16) (actual time=1005.654..1450.470 rows=227165 loops=1)
                                                   Merge Cond: (mi1.movie_id = mi2.movie_id)
                                                   Buffers: shared hit=14762 read=7362, temp read=3897 written=3581
                                                   ->  Sort  (cost=425922.47..426105.06 rows=73036 width=8) (actual time=511.399..644.950 rows=693768 loops=1)
                                                         Sort Key: mi1.movie_id
                                                         Sort Method: external merge  Disk: 12256kB
                                                         Buffers: shared hit=10975, temp read=1532 written=1541
                                                         ->  Bitmap Heap Scan on movie_info mi1  (cost=16466.73..420022.51 rows=73036 width=8) (actual time=40.115..389.139 rows=693771 loops=1)
                                                               Recheck Cond: (info_type_id = 3)
                                                               Filter: ((info)::text = ANY ('{Adventure,Comedy,Horror,Romance,Short,Thriller}'::text[]))
                                                               Rows Removed by Filter: 840138
                                                               Heap Blocks: exact=9772
                                                               Buffers: shared hit=10975
                                                               ->  Bitmap Index Scan on info_type_id_movie_info  (cost=0.00..16448.47 rows=1538671 width=0) (actual time=38.924..38.925 rows=1533909 loops=1)
                                                                     Index Cond: (info_type_id = 3)
                                                                     Buffers: shared hit=1203
                                                   ->  Sort  (cost=452301.16..452396.24 rows=38030 width=8) (actual time=494.246..573.116 rows=437910 loops=1)
                                                         Sort Key: mi2.movie_id
                                                         Sort Method: external sort  Disk: 8152kB
                                                         Buffers: shared hit=3787 read=7362, temp read=2200 written=2040
                                                         ->  Bitmap Heap Scan on movie_info mi2  (cost=15879.89..449408.06 rows=38030 width=8) (actual time=34.127..399.279 rows=377259 loops=1)
                                                               Recheck Cond: (info_type_id = 7)
                                                               Filter: ((info)::text = ANY ('{OFM:Video,"RAT:1.33 : 1","RAT:1.66 : 1","RAT:1.78 : 1 / (high definition)","RAT:1.78 : 1","RAT:1.85 : 1","RAT:16:9 HD","RAT:2.35 : 1"}'::text[]))
                                                               Rows Removed by Filter: 1024643
                                                               Heap Blocks: exact=10050
                                                               Buffers: shared hit=3787 read=7362
                                                               ->  Bitmap Index Scan on info_type_id_movie_info  (cost=0.00..15870.39 rows=1484527 width=0) (actual time=32.883..32.884 rows=1401902 loops=1)
                                                                     Index Cond: (info_type_id = 7)
                                                                     Buffers: shared hit=1 read=1098
                                             ->  Index Scan using title_pkey on title t  (cost=0.43..3.48 rows=1 width=8) (actual time=0.034..0.034 rows=1 loops=227165)
                                                   Index Cond: (id = mi1.movie_id)
                                                   Filter: ((production_year <= 2015) AND (1975 < production_year))
                                                   Rows Removed by Filter: 0
                                                   Buffers: shared hit=885190 read=23470
                                       ->  Memoize  (cost=0.14..0.16 rows=1 width=4) (actual time=0.000..0.000 rows=0 loops=116519)
                                             Cache Key: t.kind_id
                                             Cache Mode: logical
                                             Hits: 116513  Misses: 6  Evictions: 0  Overflows: 0  Memory Usage: 1kB
                                             Buffers: shared hit=12
                                             ->  Index Scan using kind_type_pkey on kind_type kt  (cost=0.13..0.15 rows=1 width=4) (actual time=0.008..0.009 rows=0 loops=6)
                                                   Index Cond: (id = t.kind_id)
                                                   Filter: ((kind)::text = ANY ('{"tv movie","tv series","video game"}'::text[]))
                                                   Rows Removed by Filter: 0
                                                   Buffers: shared hit=12
                                 ->  Materialize  (cost=0.00..2.42 rows=1 width=4) (actual time=0.000..0.000 rows=1 loops=11095)
                                       Buffers: shared hit=1
                                       ->  Seq Scan on info_type it1  (cost=0.00..2.41 rows=1 width=4) (actual time=0.018..0.022 rows=1 loops=1)
                                             Filter: (id = 3)
                                             Rows Removed by Filter: 112
                                             Buffers: shared hit=1
                           ->  Materialize  (cost=0.00..2.42 rows=1 width=4) (actual time=0.000..0.000 rows=1 loops=11095)
                                 Buffers: shared hit=1
                                 ->  Seq Scan on info_type it2  (cost=0.00..2.41 rows=1 width=4) (actual time=0.005..0.009 rows=1 loops=1)
                                       Filter: (id = 7)
                                       Rows Removed by Filter: 112
                                       Buffers: shared hit=1
                     ->  Index Scan using movie_id_cast_info on cast_info ci  (cost=0.44..43.32 rows=38 width=12) (actual time=0.038..0.298 rows=26 loops=11095)
                           Index Cond: (movie_id = t.id)
                           Buffers: shared hit=208159 read=110046
               ->  Hash  (cost=1.15..1.15 rows=2 width=4) (actual time=0.038..0.038 rows=2 loops=1)
                     Buckets: 1024  Batches: 1  Memory Usage: 9kB
                     Buffers: shared hit=1
                     ->  Seq Scan on role_type rt  (cost=0.00..1.15 rows=2 width=4) (actual time=0.029..0.031 rows=2 loops=1)
                           Filter: ((role)::text = ANY ('{cinematographer,"miscellaneous crew"}'::text[]))
                           Rows Removed by Filter: 10
                           Buffers: shared hit=1
         ->  Index Scan using name_pkey on name n  (cost=0.43..2.32 rows=1 width=4) (actual time=0.035..0.035 rows=0 loops=67219)
               Index Cond: (id = ci.person_id)
               Filter: ((gender)::text = ANY ('{f,m}'::text[]))
               Rows Removed by Filter: 1
               Buffers: shared hit=245821 read=23055
 Planning:
   Buffers: shared hit=574
 Planning Time: 12.542 ms
 Execution Time: 15334.757 ms
(92 rows)

