                                                                                                  QUERY PLAN                                                                                                  
--------------------------------------------------------------------------------------------------------------------------------------------------------------------------------------------------------------
 Aggregate  (cost=842936.78..842936.79 rows=1 width=8) (actual time=18488.051..18488.059 rows=1 loops=1)
   Buffers: shared hit=1726588 read=114031, temp read=7119 written=6559
   ->  Nested Loop  (cost=788779.70..842936.21 rows=226 width=0) (actual time=1037.057..18487.804 rows=438 loops=1)
         Buffers: shared hit=1726588 read=114031, temp read=7119 written=6559
         ->  Seq Scan on info_type it2  (cost=0.00..2.41 rows=1 width=4) (actual time=0.033..0.045 rows=1 loops=1)
               Filter: (id = 7)
               Rows Removed by Filter: 112
               Buffers: shared hit=1
         ->  Nested Loop  (cost=788779.70..842931.54 rows=226 width=4) (actual time=1037.022..18487.605 rows=438 loops=1)
               Buffers: shared hit=1726587 read=114031, temp read=7119 written=6559
               ->  Seq Scan on info_type it1  (cost=0.00..2.41 rows=1 width=4) (actual time=0.007..0.021 rows=1 loops=1)
                     Filter: (id = 3)
                     Rows Removed by Filter: 112
                     Buffers: shared hit=1
               ->  Nested Loop  (cost=788779.70..842926.87 rows=226 width=8) (actual time=1037.013..18487.408 rows=438 loops=1)
                     Buffers: shared hit=1726586 read=114031, temp read=7119 written=6559
                     ->  Hash Join  (cost=788779.27..841676.65 rows=539 width=12) (actual time=988.848..18286.446 rows=5122 loops=1)
                           Hash Cond: (ci.role_id = rt.id)
                           Buffers: shared hit=1707185 read=112944, temp read=7119 written=6559
                           ->  Nested Loop  (cost=788778.11..841652.52 rows=6465 width=16) (actual time=988.605..18211.933 rows=383285 loops=1)
                                 Buffers: shared hit=1707184 read=112944, temp read=7119 written=6559
                                 ->  Nested Loop  (cost=788777.67..821944.85 rows=451 width=20) (actual time=988.578..14023.247 rows=11390 loops=1)
                                       Buffers: shared hit=1382100 read=27904, temp read=7119 written=6559
                                       ->  Nested Loop  (cost=788777.53..821918.59 rows=1053 width=24) (actual time=988.559..13973.863 rows=64450 loops=1)
                                             Buffers: shared hit=1382088 read=27904, temp read=7119 written=6559
                                             ->  Merge Join  (cost=788777.10..789495.87 rows=9781 width=16) (actual time=988.514..1543.775 rows=346967 loops=1)
                                                   Merge Cond: (mi1.movie_id = mi2.movie_id)
                                                   Buffers: shared hit=973 read=21151, temp read=7119 written=6559
                                                   ->  Sort  (cost=396705.03..396915.83 rows=84319 width=8) (actual time=570.216..716.042 rows=816430 loops=1)
                                                         Sort Key: mi1.movie_id
                                                         Sort Method: external sort  Disk: 17648kB
                                                         Buffers: shared hit=711 read=10264, temp read=4403 written=4414
                                                         ->  Bitmap Heap Scan on movie_info mi1  (cost=16469.55..389806.23 rows=84319 width=8) (actual time=41.636..368.770 rows=816445 loops=1)
                                                               Recheck Cond: (info_type_id = 3)
                                                               Filter: ((info)::text = ANY ('{Adventure,Comedy,Drama,Short}'::text[]))
                                                               Rows Removed by Filter: 717464
                                                               Heap Blocks: exact=9772
                                                               Buffers: shared hit=711 read=10264
                                                               ->  Bitmap Index Scan on info_type_id_movie_info  (cost=0.00..16448.47 rows=1538671 width=0) (actual time=40.447..40.448 rows=1533909 loops=1)
                                                                     Index Cond: (info_type_id = 3)
                                                                     Buffers: shared read=1203
                                                   ->  Sort  (cost=392072.07..392171.75 rows=39873 width=8) (actual time=418.288..525.441 rows=507206 loops=1)
                                                         Sort Key: mi2.movie_id
                                                         Sort Method: external sort  Disk: 8576kB
                                                         Buffers: shared hit=262 read=10887, temp read=2428 written=2145
                                                         ->  Bitmap Heap Scan on movie_info mi2  (cost=15880.36..389025.15 rows=39873 width=8) (actual time=32.955..319.113 rows=396726 loops=1)
                                                               Recheck Cond: (info_type_id = 7)
                                                               Filter: ((info)::text = ANY ('{"PCS:Digital Intermediate",PCS:Spherical,"RAT:1.33 : 1","RAT:2.35 : 1"}'::text[]))
                                                               Rows Removed by Filter: 1005176
                                                               Heap Blocks: exact=10050
                                                               Buffers: shared hit=262 read=10887
                                                               ->  Bitmap Index Scan on info_type_id_movie_info  (cost=0.00..15870.39 rows=1484527 width=0) (actual time=31.692..31.692 rows=1401902 loops=1)
                                                                     Index Cond: (info_type_id = 7)
                                                                     Buffers: shared hit=1 read=1098
                                             ->  Index Scan using title_pkey on title t  (cost=0.43..3.31 rows=1 width=8) (actual time=0.035..0.035 rows=0 loops=346967)
                                                   Index Cond: (id = mi1.movie_id)
                                                   Filter: ((production_year <= 2015) AND (1975 < production_year))
                                                   Rows Removed by Filter: 1
                                                   Buffers: shared hit=1381115 read=6753
                                       ->  Memoize  (cost=0.14..0.16 rows=1 width=4) (actual time=0.000..0.000 rows=0 loops=64450)
                                             Cache Key: t.kind_id
                                             Cache Mode: logical
                                             Hits: 64444  Misses: 6  Evictions: 0  Overflows: 0  Memory Usage: 1kB
                                             Buffers: shared hit=12
                                             ->  Index Scan using kind_type_pkey on kind_type kt  (cost=0.13..0.15 rows=1 width=4) (actual time=0.010..0.010 rows=0 loops=6)
                                                   Index Cond: (id = t.kind_id)
                                                   Filter: ((kind)::text = ANY ('{"tv movie","tv series","video game"}'::text[]))
                                                   Rows Removed by Filter: 0
                                                   Buffers: shared hit=12
                                 ->  Index Scan using movie_id_cast_info on cast_info ci  (cost=0.44..43.32 rows=38 width=12) (actual time=0.038..0.358 rows=34 loops=11390)
                                       Index Cond: (movie_id = t.id)
                                       Buffers: shared hit=325084 read=85040
                           ->  Hash  (cost=1.15..1.15 rows=1 width=4) (actual time=0.017..0.018 rows=1 loops=1)
                                 Buckets: 1024  Batches: 1  Memory Usage: 9kB
                                 Buffers: shared hit=1
                                 ->  Seq Scan on role_type rt  (cost=0.00..1.15 rows=1 width=4) (actual time=0.008..0.009 rows=1 loops=1)
                                       Filter: ((role)::text = 'costume designer'::text)
                                       Rows Removed by Filter: 11
                                       Buffers: shared hit=1
                     ->  Index Scan using name_pkey on name n  (cost=0.43..2.32 rows=1 width=4) (actual time=0.038..0.038 rows=0 loops=5122)
                           Index Cond: (id = ci.person_id)
                           Filter: ((gender)::text = 'm'::text)
                           Rows Removed by Filter: 1
                           Buffers: shared hit=19401 read=1087
 Planning:
   Buffers: shared hit=521 read=53
 Planning Time: 12.936 ms
 Execution Time: 18498.062 ms
(88 rows)

