                                                                                                                                   QUERY PLAN                                                                                                                                   
--------------------------------------------------------------------------------------------------------------------------------------------------------------------------------------------------------------------------------------------------------------------------------
 Aggregate  (cost=1029396.44..1029396.45 rows=1 width=8) (actual time=40935.904..40935.912 rows=1 loops=1)
   Buffers: shared hit=3941151 read=163626, temp read=14601 written=13060
   ->  Nested Loop  (cost=885533.88..1029394.68 rows=702 width=0) (actual time=1294.896..40932.400 rows=10380 loops=1)
         Buffers: shared hit=3941151 read=163626, temp read=14601 written=13060
         ->  Seq Scan on info_type it2  (cost=0.00..2.41 rows=1 width=4) (actual time=0.039..0.050 rows=1 loops=1)
               Filter: (id = 7)
               Rows Removed by Filter: 112
               Buffers: shared hit=1
         ->  Nested Loop  (cost=885533.88..1029385.25 rows=702 width=4) (actual time=1294.855..40929.544 rows=10380 loops=1)
               Buffers: shared hit=3941150 read=163626, temp read=14601 written=13060
               ->  Seq Scan on info_type it1  (cost=0.00..2.41 rows=1 width=4) (actual time=0.007..0.021 rows=1 loops=1)
                     Filter: (id = 3)
                     Rows Removed by Filter: 112
                     Buffers: shared hit=1
               ->  Nested Loop  (cost=885533.88..1029375.82 rows=702 width=8) (actual time=1294.847..40926.602 rows=10380 loops=1)
                     Buffers: shared hit=3941149 read=163626, temp read=14601 written=13060
                     ->  Hash Join  (cost=885533.45..1025492.94 rows=1674 width=12) (actual time=1294.816..40155.331 rows=20512 loops=1)
                           Hash Cond: (ci.role_id = rt.id)
                           Buffers: shared hit=3863882 read=158845, temp read=14601 written=13060
                           ->  Nested Loop  (cost=885532.29..1025420.44 rows=20082 width=16) (actual time=1294.672..39976.908 rows=883892 loops=1)
                                 Buffers: shared hit=3863881 read=158845, temp read=14601 written=13060
                                 ->  Nested Loop  (cost=885531.85..964253.24 rows=1401 width=20) (actual time=1294.650..30395.327 rows=30160 loops=1)
                                       Buffers: shared hit=3029852 read=36756, temp read=14601 written=13060
                                       ->  Nested Loop  (cost=885531.71..964173.95 rows=3269 width=24) (actual time=1294.635..30026.747 rows=512652 loops=1)
                                             Buffers: shared hit=3029840 read=36756, temp read=14601 written=13060
                                             ->  Merge Join  (cost=885531.28..886759.13 rows=25796 width=16) (actual time=1294.591..2293.765 rows=761118 loops=1)
                                                   Merge Cond: (mi1.movie_id = mi2.movie_id)
                                                   Buffers: shared hit=3 read=22121, temp read=14601 written=13060
                                                   ->  Sort  (cost=399959.08..400259.63 rows=120221 width=8) (actual time=681.360..901.340 rows=1154921 loops=1)
                                                         Sort Key: mi1.movie_id
                                                         Sort Method: external sort  Disk: 24952kB
                                                         Buffers: shared hit=1 read=10974, temp read=9336 written=9352
                                                         ->  Bitmap Heap Scan on movie_info mi1  (cost=16478.55..389815.23 rows=120221 width=8) (actual time=39.229..327.042 rows=1154924 loops=1)
                                                               Recheck Cond: (info_type_id = 3)
                                                               Filter: ((info)::text = ANY ('{Action,Adventure,Biography,Comedy,Documentary,Drama,Horror,Musical,Romance,Sci-Fi,Short}'::text[]))
                                                               Rows Removed by Filter: 378985
                                                               Heap Blocks: exact=9772
                                                               Buffers: shared hit=1 read=10974
                                                               ->  Bitmap Index Scan on info_type_id_movie_info  (cost=0.00..16448.47 rows=1538671 width=0) (actual time=38.041..38.042 rows=1533909 loops=1)
                                                                     Index Cond: (info_type_id = 3)
                                                                     Buffers: shared read=1203
                                                   ->  Sort  (cost=485572.20..485756.60 rows=73758 width=8) (actual time=613.219..825.049 rows=976792 loops=1)
                                                         Sort Key: mi2.movie_id
                                                         Sort Method: external sort  Disk: 14824kB
                                                         Buffers: shared hit=2 read=11147, temp read=4482 written=3708
                                                         ->  Bitmap Heap Scan on movie_info mi2  (cost=15888.83..479608.68 rows=73758 width=8) (actual time=33.096..445.692 rows=685907 loops=1)
                                                               Recheck Cond: (info_type_id = 7)
                                                               Filter: ((info)::text = ANY ('{"CAM:Red One Camera","OFM:16 mm","OFM:35 mm","PFM:35 mm","RAT:1.37 : 1","RAT:1.78 : 1 / (high definition)","RAT:1.78 : 1","RAT:1.85 : 1","RAT:16:9 HD","RAT:2.35 : 1"}'::text[]))
                                                               Rows Removed by Filter: 715995
                                                               Heap Blocks: exact=10050
                                                               Buffers: shared hit=2 read=11147
                                                               ->  Bitmap Index Scan on info_type_id_movie_info  (cost=0.00..15870.39 rows=1484527 width=0) (actual time=31.852..31.852 rows=1401902 loops=1)
                                                                     Index Cond: (info_type_id = 7)
                                                                     Buffers: shared hit=1 read=1098
                                             ->  Index Scan using title_pkey on title t  (cost=0.43..3.00 rows=1 width=8) (actual time=0.036..0.036 rows=1 loops=761118)
                                                   Index Cond: (id = mi1.movie_id)
                                                   Filter: ((production_year <= 2015) AND (1925 < production_year))
                                                   Rows Removed by Filter: 0
                                                   Buffers: shared hit=3029837 read=14635
                                       ->  Memoize  (cost=0.14..0.16 rows=1 width=4) (actual time=0.000..0.000 rows=0 loops=512652)
                                             Cache Key: t.kind_id
                                             Cache Mode: logical
                                             Hits: 512646  Misses: 6  Evictions: 0  Overflows: 0  Memory Usage: 1kB
                                             Buffers: shared hit=12
                                             ->  Index Scan using kind_type_pkey on kind_type kt  (cost=0.13..0.15 rows=1 width=4) (actual time=0.010..0.010 rows=0 loops=6)
                                                   Index Cond: (id = t.kind_id)
                                                   Filter: ((kind)::text = ANY ('{"tv movie","tv series","video game"}'::text[]))
                                                   Rows Removed by Filter: 0
                                                   Buffers: shared hit=12
                                 ->  Index Scan using movie_id_cast_info on cast_info ci  (cost=0.44..43.28 rows=38 width=12) (actual time=0.037..0.308 rows=29 loops=30160)
                                       Index Cond: (movie_id = t.id)
                                       Buffers: shared hit=834029 read=122089
                           ->  Hash  (cost=1.15..1.15 rows=1 width=4) (actual time=0.013..0.014 rows=1 loops=1)
                                 Buckets: 1024  Batches: 1  Memory Usage: 9kB
                                 Buffers: shared hit=1
                                 ->  Seq Scan on role_type rt  (cost=0.00..1.15 rows=1 width=4) (actual time=0.007..0.009 rows=1 loops=1)
                                       Filter: ((role)::text = 'composer'::text)
                                       Rows Removed by Filter: 11
                                       Buffers: shared hit=1
                     ->  Index Scan using name_pkey on name n  (cost=0.43..2.32 rows=1 width=4) (actual time=0.037..0.037 rows=1 loops=20512)
                           Index Cond: (id = ci.person_id)
                           Filter: ((gender)::text = 'm'::text)
                           Rows Removed by Filter: 0
                           Buffers: shared hit=77267 read=4781
 Planning:
   Buffers: shared hit=511 read=66
 Planning Time: 8.697 ms
 Execution Time: 40948.536 ms
(88 rows)

