                                                                                               QUERY PLAN                                                                                                
---------------------------------------------------------------------------------------------------------------------------------------------------------------------------------------------------------
 Aggregate  (cost=1039455.38..1039455.39 rows=1 width=8) (actual time=189421.356..189421.367 rows=1 loops=1)
   Buffers: shared hit=18236193 read=1282538, temp read=19612 written=19612
   ->  Nested Loop  (cost=512899.90..1039454.00 rows=553 width=0) (actual time=2002.239..189416.605 rows=8992 loops=1)
         Buffers: shared hit=18236193 read=1282538, temp read=19612 written=19612
         ->  Seq Scan on info_type it2  (cost=0.00..2.41 rows=1 width=4) (actual time=0.044..0.055 rows=1 loops=1)
               Filter: (id = 7)
               Rows Removed by Filter: 112
               Buffers: shared hit=1
         ->  Nested Loop  (cost=512899.90..1039446.06 rows=553 width=4) (actual time=2002.193..189413.548 rows=8992 loops=1)
               Buffers: shared hit=18236192 read=1282538, temp read=19612 written=19612
               ->  Seq Scan on info_type it1  (cost=0.00..2.41 rows=1 width=4) (actual time=0.008..0.021 rows=1 loops=1)
                     Filter: (id = 3)
                     Rows Removed by Filter: 112
                     Buffers: shared hit=1
               ->  Nested Loop  (cost=512899.90..1039438.12 rows=553 width=8) (actual time=2002.182..189410.519 rows=8992 loops=1)
                     Buffers: shared hit=18236191 read=1282538, temp read=19612 written=19612
                     ->  Hash Join  (cost=512899.47..1033919.98 rows=2379 width=12) (actual time=1935.224..182976.212 rows=169488 loops=1)
                           Hash Cond: (ci.role_id = rt.id)
                           Buffers: shared hit=17589069 read=1251708, temp read=19612 written=19612
                           ->  Nested Loop  (cost=512898.31..1033817.40 rows=28553 width=16) (actual time=1934.275..179636.541 rows=17619406 loops=1)
                                 Buffers: shared hit=17589068 read=1251708, temp read=19612 written=19612
                                 ->  Hash Join  (cost=512897.87..946847.33 rows=1992 width=20) (actual time=1934.242..3827.546 rows=525793 loops=1)
                                       Hash Cond: (mi2.movie_id = t.id)
                                       Buffers: shared hit=24088 read=34428, temp read=19612 written=19612
                                       ->  Bitmap Heap Scan on movie_info mi2  (cost=15897.15..449425.31 rows=107034 width=8) (actual time=40.552..773.480 rows=1006751 loops=1)
                                             Recheck Cond: (info_type_id = 7)
                                             Filter: ((info)::text = ANY ('{"OFM:35 mm",PCS:Spherical,"PFM:35 mm","RAT:1.33 : 1","RAT:1.37 : 1","RAT:1.78 : 1","RAT:1.85 : 1","RAT:2.35 : 1"}'::text[]))
                                             Rows Removed by Filter: 395151
                                             Heap Blocks: exact=10050
                                             Buffers: shared hit=799 read=10350
                                             ->  Bitmap Index Scan on info_type_id_movie_info  (cost=0.00..15870.39 rows=1484527 width=0) (actual time=39.316..39.317 rows=1401902 loops=1)
                                                   Index Cond: (info_type_id = 7)
                                                   Buffers: shared hit=1 read=1098
                                       ->  Hash  (cost=496412.68..496412.68 rows=47043 width=12) (actual time=1892.850..1892.856 rows=812381 loops=1)
                                             Buckets: 262144 (originally 65536)  Batches: 8 (originally 1)  Memory Usage: 6409kB
                                             Buffers: shared hit=23289 read=24078, temp read=11294 written=14067
                                             ->  Hash Join  (cost=117297.97..496412.68 rows=47043 width=12) (actual time=1030.979..1767.740 rows=812381 loops=1)
                                                   Hash Cond: (mi1.movie_id = t.id)
                                                   Buffers: shared hit=23289 read=24078, temp read=11294 written=11294
                                                   ->  Bitmap Heap Scan on movie_info mi1  (cost=16477.93..389814.61 rows=117760 width=8) (actual time=36.542..297.058 rows=1119372 loops=1)
                                                         Recheck Cond: (info_type_id = 3)
                                                         Filter: ((info)::text = ANY ('{Action,Adventure,Comedy,Crime,Documentary,Drama,History,Horror,Musical,Short}'::text[]))
                                                         Rows Removed by Filter: 414537
                                                         Heap Blocks: exact=9772
                                                         Buffers: shared hit=10975
                                                         ->  Bitmap Index Scan on info_type_id_movie_info  (cost=0.00..16448.47 rows=1538671 width=0) (actual time=35.364..35.364 rows=1533909 loops=1)
                                                               Index Cond: (info_type_id = 3)
                                                               Buffers: shared hit=1203
                                                   ->  Hash  (cost=84248.88..84248.88 rows=1010013 width=4) (actual time=992.717..992.720 rows=2148656 loops=1)
                                                         Buckets: 262144 (originally 262144)  Batches: 16 (originally 8)  Memory Usage: 6773kB
                                                         Buffers: shared hit=12314 read=24078, temp written=5895
                                                         ->  Hash Join  (cost=1.13..84248.88 rows=1010013 width=4) (actual time=0.033..716.144 rows=2148656 loops=1)
                                                               Hash Cond: (t.kind_id = kt.id)
                                                               Buffers: shared hit=12314 read=24078
                                                               ->  Seq Scan on title t  (cost=0.00..74315.95 rows=2356696 width=8) (actual time=0.014..458.149 rows=2352201 loops=1)
                                                                     Filter: ((production_year <= 2015) AND (1925 < production_year))
                                                                     Rows Removed by Filter: 176111
                                                                     Buffers: shared hit=12313 read=24078
                                                               ->  Hash  (cost=1.10..1.10 rows=3 width=4) (actual time=0.011..0.013 rows=3 loops=1)
                                                                     Buckets: 1024  Batches: 1  Memory Usage: 9kB
                                                                     Buffers: shared hit=1
                                                                     ->  Seq Scan on kind_type kt  (cost=0.00..1.10 rows=3 width=4) (actual time=0.006..0.008 rows=3 loops=1)
                                                                           Filter: ((kind)::text = ANY ('{episode,movie,"video movie"}'::text[]))
                                                                           Rows Removed by Filter: 4
                                                                           Buffers: shared hit=1
                                 ->  Index Scan using movie_id_cast_info on cast_info ci  (cost=0.44..43.28 rows=38 width=12) (actual time=0.036..0.323 rows=34 loops=525793)
                                       Index Cond: (movie_id = t.id)
                                       Buffers: shared hit=17564980 read=1217280
                           ->  Hash  (cost=1.15..1.15 rows=1 width=4) (actual time=0.016..0.017 rows=1 loops=1)
                                 Buckets: 1024  Batches: 1  Memory Usage: 9kB
                                 Buffers: shared hit=1
                                 ->  Seq Scan on role_type rt  (cost=0.00..1.15 rows=1 width=4) (actual time=0.010..0.011 rows=1 loops=1)
                                       Filter: ((role)::text = 'production designer'::text)
                                       Rows Removed by Filter: 11
                                       Buffers: shared hit=1
                     ->  Index Scan using name_pkey on name n  (cost=0.43..2.32 rows=1 width=4) (actual time=0.037..0.037 rows=0 loops=169488)
                           Index Cond: (id = ci.person_id)
                           Filter: ((gender)::text = 'f'::text)
                           Rows Removed by Filter: 1
                           Buffers: shared hit=647122 read=30830
 Planning:
   Buffers: shared hit=577
 Planning Time: 14.191 ms
 Execution Time: 189422.109 ms
(84 rows)

