                                                                                                  QUERY PLAN                                                                                                  
--------------------------------------------------------------------------------------------------------------------------------------------------------------------------------------------------------------
 Aggregate  (cost=934774.11..934774.12 rows=1 width=8) (actual time=15078.065..15078.074 rows=1 loops=1)
   Buffers: shared hit=1369601 read=99463, temp read=7293 written=7098
   ->  Nested Loop  (cost=850462.04..934773.58 rows=211 width=0) (actual time=1130.671..15078.007 rows=62 loops=1)
         Buffers: shared hit=1369601 read=99463, temp read=7293 written=7098
         ->  Seq Scan on info_type it2  (cost=0.00..2.41 rows=1 width=4) (actual time=0.040..0.053 rows=1 loops=1)
               Filter: (id = 7)
               Rows Removed by Filter: 112
               Buffers: shared hit=1
         ->  Nested Loop  (cost=850462.04..934769.06 rows=211 width=4) (actual time=1130.629..15077.920 rows=62 loops=1)
               Buffers: shared hit=1369600 read=99463, temp read=7293 written=7098
               ->  Seq Scan on info_type it1  (cost=0.00..2.41 rows=1 width=4) (actual time=0.007..0.022 rows=1 loops=1)
                     Filter: (id = 3)
                     Rows Removed by Filter: 112
                     Buffers: shared hit=1
               ->  Nested Loop  (cost=850462.04..934764.54 rows=211 width=8) (actual time=1130.620..15077.862 rows=62 loops=1)
                     Buffers: shared hit=1369599 read=99463, temp read=7293 written=7098
                     ->  Hash Join  (cost=850461.61..932656.09 rows=909 width=12) (actual time=1122.519..14855.079 rows=5857 loops=1)
                           Hash Cond: (ci.role_id = rt.id)
                           Buffers: shared hit=1349915 read=95719, temp read=7293 written=7098
                           ->  Nested Loop  (cost=850460.44..932616.19 rows=10908 width=16) (actual time=1121.200..14813.480 rows=216252 loops=1)
                                 Buffers: shared hit=1349914 read=95719, temp read=7293 written=7098
                                 ->  Nested Loop  (cost=850460.00..899391.17 rows=761 width=20) (actual time=1121.164..12307.624 rows=8931 loops=1)
                                       Buffers: shared hit=1166834 read=41858, temp read=7293 written=7098
                                       ->  Nested Loop  (cost=850459.86..899347.64 rows=1775 width=24) (actual time=1121.148..12201.136 rows=147829 loops=1)
                                             Buffers: shared hit=1166822 read=41858, temp read=7293 written=7098
                                             ->  Merge Join  (cost=850459.43..851296.24 rows=14007 width=16) (actual time=1121.097..1640.876 rows=296639 loops=1)
                                                   Merge Cond: (mi1.movie_id = mi2.movie_id)
                                                   Buffers: shared hit=3 read=22121, temp read=7293 written=7098
                                                   ->  Sort  (cost=426180.83..426370.73 rows=75959 width=8) (actual time=602.904..728.116 rows=708406 loops=1)
                                                         Sort Key: mi1.movie_id
                                                         Sort Method: external sort  Disk: 15312kB
                                                         Buffers: shared hit=1 read=10974, temp read=3821 written=3830
                                                         ->  Bitmap Heap Scan on movie_info mi1  (cost=16467.46..420023.24 rows=75959 width=8) (actual time=40.836..426.780 rows=708419 loops=1)
                                                               Recheck Cond: (info_type_id = 3)
                                                               Filter: ((info)::text = ANY ('{Action,Adult,Documentary,Music,Romance,Short}'::text[]))
                                                               Rows Removed by Filter: 825490
                                                               Heap Blocks: exact=9772
                                                               Buffers: shared hit=1 read=10974
                                                               ->  Bitmap Index Scan on info_type_id_movie_info  (cost=0.00..16448.47 rows=1538671 width=0) (actual time=39.633..39.633 rows=1533909 loops=1)
                                                                     Index Cond: (info_type_id = 3)
                                                                     Buffers: shared read=1203
                                                   ->  Sort  (cost=424278.60..424437.08 rows=63389 width=8) (actual time=518.176..631.758 rows=646819 loops=1)
                                                         Sort Key: mi2.movie_id
                                                         Sort Method: external sort  Disk: 13064kB
                                                         Buffers: shared hit=2 read=11147, temp read=3366 written=3268
                                                         ->  Bitmap Heap Scan on movie_info mi2  (cost=15886.23..419222.71 rows=63389 width=8) (actual time=33.136..369.027 rows=604495 loops=1)
                                                               Recheck Cond: (info_type_id = 7)
                                                               Filter: ((info)::text = ANY ('{"OFM:35 mm",PFM:Video,"RAT:1.33 : 1","RAT:1.37 : 1","RAT:1.85 : 1","RAT:2.35 : 1"}'::text[]))
                                                               Rows Removed by Filter: 797407
                                                               Heap Blocks: exact=10050
                                                               Buffers: shared hit=2 read=11147
                                                               ->  Bitmap Index Scan on info_type_id_movie_info  (cost=0.00..15870.39 rows=1484527 width=0) (actual time=31.896..31.896 rows=1401902 loops=1)
                                                                     Index Cond: (info_type_id = 7)
                                                                     Buffers: shared hit=1 read=1098
                                             ->  Index Scan using title_pkey on title t  (cost=0.43..3.43 rows=1 width=8) (actual time=0.035..0.035 rows=0 loops=296639)
                                                   Index Cond: (id = mi1.movie_id)
                                                   Filter: ((production_year <= 2015) AND (1925 < production_year))
                                                   Rows Removed by Filter: 1
                                                   Buffers: shared hit=1166819 read=19737
                                       ->  Memoize  (cost=0.14..0.16 rows=1 width=4) (actual time=0.000..0.000 rows=0 loops=147829)
                                             Cache Key: t.kind_id
                                             Cache Mode: logical
                                             Hits: 147823  Misses: 6  Evictions: 0  Overflows: 0  Memory Usage: 1kB
                                             Buffers: shared hit=12
                                             ->  Index Scan using kind_type_pkey on kind_type kt  (cost=0.13..0.15 rows=1 width=4) (actual time=0.009..0.009 rows=0 loops=6)
                                                   Index Cond: (id = t.kind_id)
                                                   Filter: ((kind)::text = ANY ('{"tv movie","tv series","video game"}'::text[]))
                                                   Rows Removed by Filter: 0
                                                   Buffers: shared hit=12
                                 ->  Index Scan using movie_id_cast_info on cast_info ci  (cost=0.44..43.28 rows=38 width=12) (actual time=0.039..0.273 rows=24 loops=8931)
                                       Index Cond: (movie_id = t.id)
                                       Buffers: shared hit=183080 read=53861
                           ->  Hash  (cost=1.15..1.15 rows=1 width=4) (actual time=0.015..0.016 rows=1 loops=1)
                                 Buckets: 1024  Batches: 1  Memory Usage: 9kB
                                 Buffers: shared hit=1
                                 ->  Seq Scan on role_type rt  (cost=0.00..1.15 rows=1 width=4) (actual time=0.008..0.009 rows=1 loops=1)
                                       Filter: ((role)::text = 'cinematographer'::text)
                                       Rows Removed by Filter: 11
                                       Buffers: shared hit=1
                     ->  Index Scan using name_pkey on name n  (cost=0.43..2.32 rows=1 width=4) (actual time=0.037..0.037 rows=0 loops=5857)
                           Index Cond: (id = ci.person_id)
                           Filter: ((gender)::text = 'f'::text)
                           Rows Removed by Filter: 1
                           Buffers: shared hit=19684 read=3744
 Planning:
   Buffers: shared hit=480 read=94
 Planning Time: 13.021 ms
 Execution Time: 15089.794 ms
(88 rows)

