                                                                                            QUERY PLAN                                                                                            
--------------------------------------------------------------------------------------------------------------------------------------------------------------------------------------------------
 Aggregate  (cost=564628.74..564628.75 rows=1 width=8) (actual time=1750.656..1750.663 rows=1 loops=1)
   Buffers: shared hit=89788 read=65906, temp read=357 written=357
   ->  Nested Loop  (cost=96912.51..564628.62 rows=48 width=0) (actual time=454.248..1750.157 rows=3860 loops=1)
         Buffers: shared hit=89788 read=65906, temp read=357 written=357
         ->  Hash Join  (cost=96912.08..564456.98 rows=74 width=4) (actual time=454.216..1585.859 rows=4732 loops=1)
               Hash Cond: (ci.role_id = rt.id)
               Buffers: shared hit=74690 read=62076, temp read=357 written=357
               ->  Nested Loop  (cost=96910.91..564454.23 rows=444 width=8) (actual time=454.149..1582.148 rows=23767 loops=1)
                     Buffers: shared hit=74689 read=62076, temp read=357 written=357
                     ->  Nested Loop  (cost=96910.47..563078.63 rows=31 width=12) (actual time=454.121..1333.585 rows=1898 loops=1)
                           Buffers: shared hit=52426 read=55949, temp read=357 written=357
                           ->  Seq Scan on info_type it2  (cost=0.00..2.41 rows=1 width=4) (actual time=0.028..0.034 rows=1 loops=1)
                                 Filter: (id = 7)
                                 Rows Removed by Filter: 112
                                 Buffers: shared hit=1
                           ->  Nested Loop  (cost=96910.47..563075.91 rows=31 width=16) (actual time=454.092..1333.200 rows=1898 loops=1)
                                 Buffers: shared hit=52425 read=55949, temp read=357 written=357
                                 ->  Seq Scan on info_type it1  (cost=0.00..2.41 rows=1 width=4) (actual time=0.006..0.014 rows=1 loops=1)
                                       Filter: (id = 3)
                                       Rows Removed by Filter: 112
                                       Buffers: shared hit=1
                                 ->  Nested Loop  (cost=96910.47..563073.19 rows=31 width=20) (actual time=454.083..1332.820 rows=1898 loops=1)
                                       Buffers: shared hit=52424 read=55949, temp read=357 written=357
                                       ->  Hash Join  (cost=96910.03..486512.66 rows=1789 width=12) (actual time=453.774..836.999 rows=5773 loops=1)
                                             Hash Cond: (mi1.movie_id = t.id)
                                             Buffers: shared hit=13678 read=33689, temp read=357 written=357
                                             ->  Bitmap Heap Scan on movie_info mi1  (cost=16453.30..404899.53 rows=19336 width=8) (actual time=41.781..378.491 rows=179403 loops=1)
                                                   Recheck Cond: (info_type_id = 3)
                                                   Filter: ((info)::text = ANY ('{Action,Animation,Crime,Thriller,Western}'::text[]))
                                                   Rows Removed by Filter: 1354506
                                                   Heap Blocks: exact=9772
                                                   Buffers: shared hit=16 read=10959
                                                   ->  Bitmap Index Scan on info_type_id_movie_info  (cost=0.00..16448.47 rows=1538671 width=0) (actual time=40.576..40.576 rows=1533909 loops=1)
                                                         Index Cond: (info_type_id = 3)
                                                         Buffers: shared read=1203
                                             ->  Hash  (cost=76617.93..76617.93 rows=233984 width=4) (actual time=410.813..410.816 rows=33701 loops=1)
                                                   Buckets: 262144  Batches: 2  Memory Usage: 2644kB
                                                   Buffers: shared hit=13662 read=22730, temp written=49
                                                   ->  Hash Join  (cost=1.13..76617.93 rows=233984 width=4) (actual time=0.063..403.952 rows=33701 loops=1)
                                                         Hash Cond: (t.kind_id = kt.id)
                                                         Buffers: shared hit=13662 read=22730
                                                         ->  Seq Scan on title t  (cost=0.00..74315.95 rows=545963 width=8) (actual time=0.024..372.041 rows=538239 loops=1)
                                                               Filter: ((production_year <= 1990) AND (1950 < production_year))
                                                               Rows Removed by Filter: 1990073
                                                               Buffers: shared hit=13661 read=22730
                                                         ->  Hash  (cost=1.10..1.10 rows=3 width=4) (actual time=0.014..0.015 rows=3 loops=1)
                                                               Buckets: 1024  Batches: 1  Memory Usage: 9kB
                                                               Buffers: shared hit=1
                                                               ->  Seq Scan on kind_type kt  (cost=0.00..1.10 rows=3 width=4) (actual time=0.008..0.009 rows=3 loops=1)
                                                                     Filter: ((kind)::text = ANY ('{"tv series","video game","video movie"}'::text[]))
                                                                     Rows Removed by Filter: 4
                                                                     Buffers: shared hit=1
                                       ->  Index Scan using movie_id_movie_info on movie_info mi2  (cost=0.43..42.79 rows=1 width=8) (actual time=0.070..0.085 rows=0 loops=5773)
                                             Index Cond: (movie_id = t.id)
                                             Filter: ((info_type_id = 7) AND ((info)::text = ANY ('{PCS:Spherical,"RAT:1.33 : 1","RAT:1.37 : 1","RAT:2.35 : 1"}'::text[])))
                                             Rows Removed by Filter: 14
                                             Buffers: shared hit=38746 read=22260
                     ->  Index Scan using movie_id_cast_info on cast_info ci  (cost=0.44..43.99 rows=38 width=12) (actual time=0.031..0.128 rows=13 loops=1898)
                           Index Cond: (movie_id = t.id)
                           Buffers: shared hit=22263 read=6127
               ->  Hash  (cost=1.15..1.15 rows=2 width=4) (actual time=0.029..0.029 rows=2 loops=1)
                     Buckets: 1024  Batches: 1  Memory Usage: 9kB
                     Buffers: shared hit=1
                     ->  Seq Scan on role_type rt  (cost=0.00..1.15 rows=2 width=4) (actual time=0.022..0.024 rows=2 loops=1)
                           Filter: ((role)::text = ANY ('{actress,director}'::text[]))
                           Rows Removed by Filter: 10
                           Buffers: shared hit=1
         ->  Index Scan using name_pkey on name n  (cost=0.43..2.32 rows=1 width=4) (actual time=0.034..0.034 rows=1 loops=4732)
               Index Cond: (id = ci.person_id)
               Filter: ((gender)::text = ANY ('{f,m}'::text[]))
               Rows Removed by Filter: 0
               Buffers: shared hit=15098 read=3830
 Planning:
   Buffers: shared hit=521 read=53
 Planning Time: 13.029 ms
 Execution Time: 1751.175 ms
(76 rows)

