                                                                                                   QUERY PLAN                                                                                                   
----------------------------------------------------------------------------------------------------------------------------------------------------------------------------------------------------------------
 Aggregate  (cost=671650.46..671650.47 rows=1 width=8) (actual time=43158.653..43158.661 rows=1 loops=1)
   Buffers: shared hit=3962108 read=474035, temp read=1618 written=1618
   ->  Nested Loop  (cost=95192.55..671650.34 rows=49 width=0) (actual time=543.780..43154.526 rows=12724 loops=1)
         Buffers: shared hit=3962108 read=474035, temp read=1618 written=1618
         ->  Seq Scan on info_type it2  (cost=0.00..2.41 rows=1 width=4) (actual time=0.049..0.058 rows=1 loops=1)
               Filter: (id = 7)
               Rows Removed by Filter: 112
               Buffers: shared hit=1
         ->  Nested Loop  (cost=95192.55..671647.44 rows=49 width=4) (actual time=543.729..43151.185 rows=12724 loops=1)
               Buffers: shared hit=3962107 read=474035, temp read=1618 written=1618
               ->  Seq Scan on info_type it1  (cost=0.00..2.41 rows=1 width=4) (actual time=0.009..0.022 rows=1 loops=1)
                     Filter: (id = 3)
                     Rows Removed by Filter: 112
                     Buffers: shared hit=1
               ->  Nested Loop  (cost=95192.55..671644.53 rows=49 width=8) (actual time=543.716..43147.515 rows=12724 loops=1)
                     Buffers: shared hit=3962106 read=474035, temp read=1618 written=1618
                     ->  Hash Join  (cost=95192.12..671155.11 rows=211 width=12) (actual time=539.109..36720.697 rows=179191 loops=1)
                           Hash Cond: (ci.role_id = rt.id)
                           Buffers: shared hit=3273099 read=446278, temp read=1618 written=1618
                           ->  Nested Loop  (cost=95190.96..671144.95 rows=2537 width=16) (actual time=538.976..36171.003 rows=2780022 loops=1)
                                 Buffers: shared hit=3273098 read=446278, temp read=1618 written=1618
                                 ->  Nested Loop  (cost=95190.52..663226.04 rows=177 width=20) (actual time=538.940..9361.857 rows=55592 loops=1)
                                       Buffers: shared hit=645037 read=190288, temp read=1618 written=1618
                                       ->  Hash Join  (cost=95190.09..470009.03 rows=4473 width=12) (actual time=538.066..1513.177 rows=69350 loops=1)
                                             Hash Cond: (mi1.movie_id = t.id)
                                             Buffers: shared hit=18769 read=28598, temp read=1618 written=1618
                                             ->  Bitmap Heap Scan on movie_info mi1  (cost=16465.33..389802.01 rows=67342 width=8) (actual time=41.596..622.320 rows=653836 loops=1)
                                                   Recheck Cond: (info_type_id = 3)
                                                   Filter: ((info)::text = ANY ('{Action,Animation,Crime,Documentary,Drama,Family,Fantasy,Horror,Music}'::text[]))
                                                   Rows Removed by Filter: 880073
                                                   Heap Blocks: exact=9772
                                                   Buffers: shared hit=3239 read=7736
                                                   ->  Bitmap Index Scan on info_type_id_movie_info  (cost=0.00..16448.47 rows=1538671 width=0) (actual time=40.414..40.415 rows=1533909 loops=1)
                                                         Index Cond: (info_type_id = 3)
                                                         Buffers: shared hit=1203
                                             ->  Hash  (cost=75968.50..75968.50 rows=167941 width=4) (actual time=495.371..495.373 rows=342123 loops=1)
                                                   Buckets: 262144  Batches: 2  Memory Usage: 8082kB
                                                   Buffers: shared hit=15530 read=20862, temp written=499
                                                   ->  Hash Join  (cost=1.13..75968.50 rows=167941 width=4) (actual time=0.042..439.266 rows=342123 loops=1)
                                                         Hash Cond: (t.kind_id = kt.id)
                                                         Buffers: shared hit=15530 read=20862
                                                         ->  Seq Scan on title t  (cost=0.00..74315.95 rows=391862 width=8) (actual time=0.020..395.828 rows=386415 loops=1)
                                                               Filter: ((production_year <= 1997) AND (1981 < production_year))
                                                               Rows Removed by Filter: 2141897
                                                               Buffers: shared hit=15529 read=20862
                                                         ->  Hash  (cost=1.10..1.10 rows=3 width=4) (actual time=0.014..0.015 rows=3 loops=1)
                                                               Buckets: 1024  Batches: 1  Memory Usage: 9kB
                                                               Buffers: shared hit=1
                                                               ->  Seq Scan on kind_type kt  (cost=0.00..1.10 rows=3 width=4) (actual time=0.009..0.011 rows=3 loops=1)
                                                                     Filter: ((kind)::text = ANY ('{episode,movie,"tv movie"}'::text[]))
                                                                     Rows Removed by Filter: 4
                                                                     Buffers: shared hit=1
                                       ->  Index Scan using movie_id_movie_info on movie_info mi2  (cost=0.43..43.19 rows=1 width=8) (actual time=0.081..0.112 rows=1 loops=69350)
                                             Index Cond: (movie_id = t.id)
                                             Filter: ((info_type_id = 7) AND ((info)::text = ANY ('{"OFM:16 mm","OFM:35 mm",PCS:Spherical,"PFM:35 mm","RAT:1.33 : 1","RAT:1.85 : 1","RAT:2.35 : 1"}'::text[])))
                                             Rows Removed by Filter: 19
                                             Buffers: shared hit=626268 read=161690
                                 ->  Index Scan using movie_id_cast_info on cast_info ci  (cost=0.44..44.36 rows=38 width=12) (actual time=0.036..0.467 rows=50 loops=55592)
                                       Index Cond: (movie_id = t.id)
                                       Buffers: shared hit=2628061 read=255990
                           ->  Hash  (cost=1.15..1.15 rows=1 width=4) (actual time=0.018..0.018 rows=1 loops=1)
                                 Buckets: 1024  Batches: 1  Memory Usage: 9kB
                                 Buffers: shared hit=1
                                 ->  Seq Scan on role_type rt  (cost=0.00..1.15 rows=1 width=4) (actual time=0.010..0.012 rows=1 loops=1)
                                       Filter: ((role)::text = 'producer'::text)
                                       Rows Removed by Filter: 11
                                       Buffers: shared hit=1
                     ->  Index Scan using name_pkey on name n  (cost=0.43..2.32 rows=1 width=4) (actual time=0.035..0.035 rows=0 loops=179191)
                           Index Cond: (id = ci.person_id)
                           Filter: ((gender)::text = 'f'::text)
                           Rows Removed by Filter: 1
                           Buffers: shared hit=689007 read=27757
 Planning:
   Buffers: shared hit=576 read=1
 Planning Time: 13.679 ms
 Execution Time: 43159.271 ms
(76 rows)

