                                                                                            QUERY PLAN                                                                                            
--------------------------------------------------------------------------------------------------------------------------------------------------------------------------------------------------
 Aggregate  (cost=724768.32..724768.33 rows=1 width=8) (actual time=11037.886..11037.894 rows=1 loops=1)
   Buffers: shared hit=861733 read=165095, temp read=8320 written=8320
   ->  Nested Loop  (cost=464783.85..724768.26 rows=24 width=0) (actual time=1496.155..11037.604 rows=748 loops=1)
         Buffers: shared hit=861733 read=165095, temp read=8320 written=8320
         ->  Seq Scan on info_type it2  (cost=0.00..2.41 rows=1 width=4) (actual time=0.038..0.045 rows=1 loops=1)
               Filter: (id = 7)
               Rows Removed by Filter: 112
               Buffers: shared hit=1
         ->  Nested Loop  (cost=464783.85..724765.61 rows=24 width=4) (actual time=1496.115..11037.400 rows=748 loops=1)
               Buffers: shared hit=861732 read=165095, temp read=8320 written=8320
               ->  Seq Scan on info_type it1  (cost=0.00..2.41 rows=1 width=4) (actual time=0.008..0.016 rows=1 loops=1)
                     Filter: (id = 3)
                     Rows Removed by Filter: 112
                     Buffers: shared hit=1
               ->  Nested Loop  (cost=464783.85..724762.96 rows=24 width=8) (actual time=1496.106..11037.179 rows=748 loops=1)
                     Join Filter: (t.id = mi2.movie_id)
                     Buffers: shared hit=861731 read=165095, temp read=8320 written=8320
                     ->  Nested Loop  (cost=464783.42..624076.22 rows=2393 width=16) (actual time=1494.074..8761.788 rows=11179 loops=1)
                           Buffers: shared hit=659569 read=124280, temp read=8320 written=8320
                           ->  Hash Join  (cost=464782.99..600175.89 rows=10304 width=20) (actual time=1493.638..4030.948 rows=173794 loops=1)
                                 Hash Cond: (ci.movie_id = t.id)
                                 Buffers: shared hit=6722 read=81951, temp read=8320 written=8320
                                 ->  Nested Loop  (cost=0.44..123965.00 rows=3020080 width=8) (actual time=0.110..1639.945 rows=4323018 loops=1)
                                       Buffers: shared hit=2429 read=38877
                                       ->  Seq Scan on role_type rt  (cost=0.00..1.15 rows=1 width=4) (actual time=0.008..0.010 rows=1 loops=1)
                                             Filter: ((role)::text = 'miscellaneous crew'::text)
                                             Rows Removed by Filter: 11
                                             Buffers: shared hit=1
                                       ->  Index Scan using role_id_cast_info on cast_info ci  (cost=0.44..91017.52 rows=3294633 width=12) (actual time=0.101..1120.388 rows=4323018 loops=1)
                                             Index Cond: (role_id = rt.id)
                                             Buffers: shared hit=2428 read=38877
                                 ->  Hash  (cost=464674.72..464674.72 rows=8626 width=12) (actual time=1493.352..1493.357 rows=128003 loops=1)
                                       Buckets: 131072 (originally 16384)  Batches: 1 (originally 1)  Memory Usage: 6525kB
                                       Buffers: shared hit=4293 read=43074, temp read=8320 written=8320
                                       ->  Hash Join  (cost=117273.90..464674.72 rows=8626 width=12) (actual time=1017.567..1473.800 rows=128003 loops=1)
                                             Hash Cond: (mi1.movie_id = t.id)
                                             Buffers: shared hit=4293 read=43074, temp read=8320 written=8320
                                             ->  Bitmap Heap Scan on movie_info mi1  (cost=16453.87..359571.45 rows=21593 width=8) (actual time=41.902..287.622 rows=191383 loops=1)
                                                   Recheck Cond: (info_type_id = 3)
                                                   Filter: ((info)::text = ANY ('{Adventure,Documentary}'::text[]))
                                                   Rows Removed by Filter: 1342526
                                                   Heap Blocks: exact=9772
                                                   Buffers: shared hit=4292 read=6683
                                                   ->  Bitmap Index Scan on info_type_id_movie_info  (cost=0.00..16448.47 rows=1538671 width=0) (actual time=40.716..40.716 rows=1533909 loops=1)
                                                         Index Cond: (info_type_id = 3)
                                                         Buffers: shared read=1203
                                             ->  Hash  (cost=84248.88..84248.88 rows=1010013 width=4) (actual time=972.222..972.225 rows=2148656 loops=1)
                                                   Buckets: 262144 (originally 262144)  Batches: 16 (originally 8)  Memory Usage: 6773kB
                                                   Buffers: shared hit=1 read=36391, temp written=5895
                                                   ->  Hash Join  (cost=1.13..84248.88 rows=1010013 width=4) (actual time=0.045..692.757 rows=2148656 loops=1)
                                                         Hash Cond: (t.kind_id = kt.id)
                                                         Buffers: shared hit=1 read=36391
                                                         ->  Seq Scan on title t  (cost=0.00..74315.95 rows=2356696 width=8) (actual time=0.022..432.366 rows=2352201 loops=1)
                                                               Filter: ((production_year <= 2015) AND (1925 < production_year))
                                                               Rows Removed by Filter: 176111
                                                               Buffers: shared read=36391
                                                         ->  Hash  (cost=1.10..1.10 rows=3 width=4) (actual time=0.016..0.017 rows=3 loops=1)
                                                               Buckets: 1024  Batches: 1  Memory Usage: 9kB
                                                               Buffers: shared hit=1
                                                               ->  Seq Scan on kind_type kt  (cost=0.00..1.10 rows=3 width=4) (actual time=0.009..0.010 rows=3 loops=1)
                                                                     Filter: ((kind)::text = ANY ('{episode,movie,"video movie"}'::text[]))
                                                                     Rows Removed by Filter: 4
                                                                     Buffers: shared hit=1
                           ->  Index Scan using name_pkey on name n  (cost=0.43..2.32 rows=1 width=4) (actual time=0.027..0.027 rows=0 loops=173794)
                                 Index Cond: (id = ci.person_id)
                                 Filter: ((gender)::text = 'f'::text)
                                 Rows Removed by Filter: 1
                                 Buffers: shared hit=652847 read=42329
                     ->  Index Scan using movie_id_movie_info on movie_info mi2  (cost=0.43..42.06 rows=1 width=8) (actual time=0.196..0.203 rows=0 loops=11179)
                           Index Cond: (movie_id = ci.movie_id)
                           Filter: (((info)::text = ANY ('{"RAT:1.33 : 1","RAT:16:9 HD"}'::text[])) AND (info_type_id = 7))
                           Rows Removed by Filter: 144
                           Buffers: shared hit=202162 read=40815
 Planning:
   Buffers: shared hit=481 read=93
 Planning Time: 13.666 ms
 Execution Time: 11038.535 ms
(77 rows)

