                                                                                                           QUERY PLAN                                                                                                            
---------------------------------------------------------------------------------------------------------------------------------------------------------------------------------------------------------------------------------
 Aggregate  (cost=780745.73..780745.74 rows=1 width=8) (actual time=67626.199..67626.209 rows=1 loops=1)
   Buffers: shared hit=6193469 read=815843, temp read=3241 written=3241
   ->  Nested Loop  (cost=96926.47..780745.47 rows=104 width=0) (actual time=616.389..67616.583 rows=31126 loops=1)
         Buffers: shared hit=6193469 read=815843, temp read=3241 written=3241
         ->  Seq Scan on info_type it2  (cost=0.00..2.41 rows=1 width=4) (actual time=0.043..0.054 rows=1 loops=1)
               Filter: (id = 7)
               Rows Removed by Filter: 112
               Buffers: shared hit=1
         ->  Nested Loop  (cost=96926.47..780742.02 rows=104 width=4) (actual time=616.345..67608.814 rows=31126 loops=1)
               Buffers: shared hit=6193468 read=815843, temp read=3241 written=3241
               ->  Seq Scan on info_type it1  (cost=0.00..2.41 rows=1 width=4) (actual time=0.011..0.026 rows=1 loops=1)
                     Filter: (id = 3)
                     Rows Removed by Filter: 112
                     Buffers: shared hit=1
               ->  Nested Loop  (cost=96926.47..780738.57 rows=104 width=8) (actual time=616.331..67600.315 rows=31126 loops=1)
                     Buffers: shared hit=6193467 read=815843, temp read=3241 written=3241
                     ->  Hash Join  (cost=96926.04..780163.33 rows=248 width=12) (actual time=574.202..63248.223 rows=119937 loops=1)
                           Hash Cond: (ci.role_id = rt.id)
                           Buffers: shared hit=5726450 read=803112, temp read=3241 written=3241
                           ->  Nested Loop  (cost=96924.87..780151.58 rows=2981 width=16) (actual time=574.018..62414.811 rows=4547014 loops=1)
                                 Buffers: shared hit=5726449 read=803112, temp read=3241 written=3241
                                 ->  Nested Loop  (cost=96924.43..770921.79 rows=208 width=20) (actual time=573.991..17921.877 rows=118512 loops=1)
                                       Buffers: shared hit=1369821 read=350527, temp read=3241 written=3241
                                       ->  Hash Join  (cost=96924.00..472113.75 rows=6949 width=12) (actual time=573.265..1658.953 rows=139908 loops=1)
                                             Hash Cond: (mi1.movie_id = t.id)
                                             Buffers: shared hit=806 read=46561, temp read=3241 written=3241
                                             ->  Bitmap Heap Scan on movie_info mi1  (cost=16467.27..389803.95 rows=75087 width=8) (actual time=42.652..607.721 rows=731235 loops=1)
                                                   Recheck Cond: (info_type_id = 3)
                                                   Filter: ((info)::text = ANY ('{Action,Adventure,Comedy,Crime,Drama,Family,Music,Mystery,Romance,Thriller,Western}'::text[]))
                                                   Rows Removed by Filter: 802674
                                                   Heap Blocks: exact=9772
                                                   Buffers: shared hit=805 read=10170
                                                   ->  Bitmap Index Scan on info_type_id_movie_info  (cost=0.00..16448.47 rows=1538671 width=0) (actual time=41.455..41.455 rows=1533909 loops=1)
                                                         Index Cond: (info_type_id = 3)
                                                         Buffers: shared read=1203
                                             ->  Hash  (cost=76617.93..76617.93 rows=233984 width=4) (actual time=529.512..529.516 rows=504538 loops=1)
                                                   Buckets: 262144 (originally 262144)  Batches: 4 (originally 2)  Memory Usage: 6483kB
                                                   Buffers: shared hit=1 read=36391, temp written=1107
                                                   ->  Hash Join  (cost=1.13..76617.93 rows=233984 width=4) (actual time=0.047..445.996 rows=504538 loops=1)
                                                         Hash Cond: (t.kind_id = kt.id)
                                                         Buffers: shared hit=1 read=36391
                                                         ->  Seq Scan on title t  (cost=0.00..74315.95 rows=545963 width=8) (actual time=0.024..381.115 rows=538239 loops=1)
                                                               Filter: ((production_year <= 1990) AND (1950 < production_year))
                                                               Rows Removed by Filter: 1990073
                                                               Buffers: shared read=36391
                                                         ->  Hash  (cost=1.10..1.10 rows=3 width=4) (actual time=0.014..0.016 rows=3 loops=1)
                                                               Buckets: 1024  Batches: 1  Memory Usage: 9kB
                                                               Buffers: shared hit=1
                                                               ->  Seq Scan on kind_type kt  (cost=0.00..1.10 rows=3 width=4) (actual time=0.007..0.009 rows=3 loops=1)
                                                                     Filter: ((kind)::text = ANY ('{episode,movie,"tv movie"}'::text[]))
                                                                     Rows Removed by Filter: 4
                                                                     Buffers: shared hit=1
                                       ->  Index Scan using movie_id_movie_info on movie_info mi2  (cost=0.43..42.99 rows=1 width=8) (actual time=0.078..0.115 rows=1 loops=139908)
                                             Index Cond: (movie_id = t.id)
                                             Filter: ((info_type_id = 7) AND ((info)::text = ANY ('{LAB:Technicolor,PCS:Spherical,"PFM:35 mm",PFM:Video,"RAT:1.33 : 1","RAT:1.37 : 1","RAT:1.66 : 1","RAT:1.85 : 1"}'::text[])))
                                             Rows Removed by Filter: 19
                                             Buffers: shared hit=1369015 read=303966
                                 ->  Index Scan using movie_id_cast_info on cast_info ci  (cost=0.44..43.99 rows=38 width=12) (actual time=0.036..0.364 rows=38 loops=118512)
                                       Index Cond: (movie_id = t.id)
                                       Buffers: shared hit=4356628 read=452585
                           ->  Hash  (cost=1.15..1.15 rows=1 width=4) (actual time=0.016..0.017 rows=1 loops=1)
                                 Buckets: 1024  Batches: 1  Memory Usage: 9kB
                                 Buffers: shared hit=1
                                 ->  Seq Scan on role_type rt  (cost=0.00..1.15 rows=1 width=4) (actual time=0.010..0.011 rows=1 loops=1)
                                       Filter: ((role)::text = 'editor'::text)
                                       Rows Removed by Filter: 11
                                       Buffers: shared hit=1
                     ->  Index Scan using name_pkey on name n  (cost=0.43..2.32 rows=1 width=4) (actual time=0.036..0.036 rows=0 loops=119937)
                           Index Cond: (id = ci.person_id)
                           Filter: ((gender)::text = 'm'::text)
                           Rows Removed by Filter: 1
                           Buffers: shared hit=467017 read=12731
 Planning:
   Buffers: shared hit=504 read=73
 Planning Time: 14.290 ms
 Execution Time: 67626.828 ms
(76 rows)

