                                                                                                  QUERY PLAN                                                                                                  
--------------------------------------------------------------------------------------------------------------------------------------------------------------------------------------------------------------
 Aggregate  (cost=956675.63..956675.64 rows=1 width=8) (actual time=25391.086..25391.096 rows=1 loops=1)
   Buffers: shared hit=2500229 read=35518, temp read=8861 written=8083
   ->  Nested Loop  (cost=866929.55..956674.84 rows=316 width=0) (actual time=1158.219..25390.536 rows=2646 loops=1)
         Buffers: shared hit=2500229 read=35518, temp read=8861 written=8083
         ->  Seq Scan on info_type it2  (cost=0.00..2.41 rows=1 width=4) (actual time=0.044..0.056 rows=1 loops=1)
               Filter: (id = 7)
               Rows Removed by Filter: 112
               Buffers: shared hit=1
         ->  Nested Loop  (cost=866929.55..956669.27 rows=316 width=4) (actual time=1158.174..25389.940 rows=2646 loops=1)
               Buffers: shared hit=2500228 read=35518, temp read=8861 written=8083
               ->  Seq Scan on info_type it1  (cost=0.00..2.41 rows=1 width=4) (actual time=0.009..0.023 rows=1 loops=1)
                     Filter: (id = 3)
                     Rows Removed by Filter: 112
                     Buffers: shared hit=1
               ->  Nested Loop  (cost=866929.55..956663.70 rows=316 width=8) (actual time=1158.164..25389.351 rows=2646 loops=1)
                     Buffers: shared hit=2500227 read=35518, temp read=8861 written=8083
                     ->  Hash Join  (cost=866929.12..954914.78 rows=754 width=12) (actual time=1156.241..25169.081 rows=6124 loops=1)
                           Hash Cond: (ci.role_id = rt.id)
                           Buffers: shared hit=2477269 read=33980, temp read=8861 written=8083
                           ->  Nested Loop  (cost=866927.96..954881.49 rows=9045 width=16) (actual time=1156.197..25153.443 rows=85984 loops=1)
                                 Buffers: shared hit=2477268 read=33980, temp read=8861 written=8083
                                 ->  Nested Loop  (cost=866927.52..927332.23 rows=631 width=20) (actual time=1156.164..24210.050 rows=5502 loops=1)
                                       Buffers: shared hit=2394353 read=17107, temp read=8861 written=8083
                                       ->  Nested Loop  (cost=866927.37..927277.55 rows=2208 width=24) (actual time=1156.150..23967.761 rows=323626 loops=1)
                                             Buffers: shared hit=2394341 read=17107, temp read=8861 written=8083
                                             ->  Merge Join  (cost=866926.94..867875.04 rows=17422 width=16) (actual time=1156.102..1922.521 rows=597331 loops=1)
                                                   Merge Cond: (mi1.movie_id = mi2.movie_id)
                                                   Buffers: shared hit=10857 read=11267, temp read=8861 written=8083
                                                   ->  Sort  (cost=441413.08..441606.44 rows=77344 width=8) (actual time=627.376..774.018 rows=768804 loops=1)
                                                         Sort Key: mi1.movie_id
                                                         Sort Method: external sort  Disk: 16616kB
                                                         Buffers: shared hit=2956 read=8019, temp read=4146 written=4156
                                                         ->  Bitmap Heap Scan on movie_info mi1  (cost=16467.80..435133.13 rows=77344 width=8) (actual time=42.510..436.822 rows=768823 loops=1)
                                                               Recheck Cond: (info_type_id = 3)
                                                               Filter: ((info)::text = ANY ('{Animation,Biography,Crime,Drama,Fantasy,Romance,Short}'::text[]))
                                                               Rows Removed by Filter: 765086
                                                               Heap Blocks: exact=9772
                                                               Buffers: shared hit=2956 read=8019
                                                               ->  Bitmap Index Scan on info_type_id_movie_info  (cost=0.00..16448.47 rows=1538671 width=0) (actual time=41.316..41.317 rows=1533909 loops=1)
                                                                     Index Cond: (info_type_id = 3)
                                                                     Buffers: shared read=1203
                                                   ->  Sort  (cost=425513.86..425707.44 rows=77431 width=8) (actual time=528.715..719.490 rows=878324 loops=1)
                                                         Sort Key: mi2.movie_id
                                                         Sort Method: external sort  Disk: 15696kB
                                                         Buffers: shared hit=7901 read=3248, temp read=4316 written=3927
                                                         ->  Bitmap Heap Scan on movie_info mi2  (cost=15889.75..419226.23 rows=77431 width=8) (actual time=32.817..354.242 rows=726194 loops=1)
                                                               Recheck Cond: (info_type_id = 7)
                                                               Filter: ((info)::text = ANY ('{"OFM:35 mm","PCS:Digital Intermediate",PCS:Spherical,"PFM:35 mm","RAT:1.37 : 1","RAT:1.85 : 1"}'::text[]))
                                                               Rows Removed by Filter: 675708
                                                               Heap Blocks: exact=10050
                                                               Buffers: shared hit=7901 read=3248
                                                               ->  Bitmap Index Scan on info_type_id_movie_info  (cost=0.00..15870.39 rows=1484527 width=0) (actual time=31.570..31.570 rows=1401902 loops=1)
                                                                     Index Cond: (info_type_id = 7)
                                                                     Buffers: shared hit=1 read=1098
                                             ->  Index Scan using title_pkey on title t  (cost=0.43..3.41 rows=1 width=8) (actual time=0.036..0.036 rows=1 loops=597331)
                                                   Index Cond: (id = mi1.movie_id)
                                                   Filter: ((production_year <= 2015) AND (1925 < production_year))
                                                   Rows Removed by Filter: 0
                                                   Buffers: shared hit=2383484 read=5840
                                       ->  Memoize  (cost=0.14..0.16 rows=1 width=4) (actual time=0.000..0.000 rows=0 loops=323626)
                                             Cache Key: t.kind_id
                                             Cache Mode: logical
                                             Hits: 323620  Misses: 6  Evictions: 0  Overflows: 0  Memory Usage: 1kB
                                             Buffers: shared hit=12
                                             ->  Index Scan using kind_type_pkey on kind_type kt  (cost=0.13..0.15 rows=1 width=4) (actual time=0.011..0.011 rows=0 loops=6)
                                                   Index Cond: (id = t.kind_id)
                                                   Filter: ((kind)::text = ANY ('{"tv series","video game"}'::text[]))
                                                   Rows Removed by Filter: 1
                                                   Buffers: shared hit=12
                                 ->  Index Scan using movie_id_cast_info on cast_info ci  (cost=0.44..43.28 rows=38 width=12) (actual time=0.035..0.167 rows=16 loops=5502)
                                       Index Cond: (movie_id = t.id)
                                       Buffers: shared hit=82915 read=16873
                           ->  Hash  (cost=1.15..1.15 rows=1 width=4) (actual time=0.018..0.019 rows=1 loops=1)
                                 Buckets: 1024  Batches: 1  Memory Usage: 9kB
                                 Buffers: shared hit=1
                                 ->  Seq Scan on role_type rt  (cost=0.00..1.15 rows=1 width=4) (actual time=0.009..0.011 rows=1 loops=1)
                                       Filter: ((role)::text = 'producer'::text)
                                       Rows Removed by Filter: 11
                                       Buffers: shared hit=1
                     ->  Index Scan using name_pkey on name n  (cost=0.43..2.32 rows=1 width=4) (actual time=0.035..0.035 rows=0 loops=6124)
                           Index Cond: (id = ci.person_id)
                           Filter: ((gender)::text = 'm'::text)
                           Rows Removed by Filter: 1
                           Buffers: shared hit=22958 read=1538
 Planning:
   Buffers: shared hit=520 read=54
 Planning Time: 14.511 ms
 Execution Time: 25404.625 ms
(88 rows)

