                                                                                            QUERY PLAN                                                                                            
--------------------------------------------------------------------------------------------------------------------------------------------------------------------------------------------------
 Aggregate  (cost=606705.19..606705.20 rows=1 width=8) (actual time=1223.508..1223.514 rows=1 loops=1)
   Buffers: shared hit=75608 read=27623
   ->  Nested Loop  (cost=92254.02..606705.13 rows=23 width=0) (actual time=408.269..1223.369 rows=910 loops=1)
         Buffers: shared hit=75608 read=27623
         ->  Seq Scan on info_type it2  (cost=0.00..2.41 rows=1 width=4) (actual time=0.046..0.050 rows=1 loops=1)
               Filter: (id = 7)
               Rows Removed by Filter: 112
               Buffers: shared hit=1
         ->  Nested Loop  (cost=92254.02..606702.49 rows=23 width=4) (actual time=408.222..1223.187 rows=910 loops=1)
               Buffers: shared hit=75607 read=27623
               ->  Seq Scan on info_type it1  (cost=0.00..2.41 rows=1 width=4) (actual time=0.009..0.016 rows=1 loops=1)
                     Filter: (id = 3)
                     Rows Removed by Filter: 112
                     Buffers: shared hit=1
               ->  Nested Loop  (cost=92254.02..606699.85 rows=23 width=8) (actual time=408.209..1223.022 rows=910 loops=1)
                     Buffers: shared hit=75606 read=27623
                     ->  Hash Join  (cost=92253.59..606470.21 rows=99 width=12) (actual time=408.173..1196.545 rows=910 loops=1)
                           Hash Cond: (ci.role_id = rt.id)
                           Buffers: shared hit=72412 read=27177
                           ->  Nested Loop  (cost=92252.42..606464.83 rows=1190 width=16) (actual time=407.123..1194.923 rows=11564 loops=1)
                                 Buffers: shared hit=72411 read=27177
                                 ->  Nested Loop  (cost=92251.98..602661.77 rows=83 width=20) (actual time=406.471..1043.644 rows=2436 loops=1)
                                       Buffers: shared hit=55190 read=26180
                                       ->  Hash Join  (cost=92251.55..480807.18 rows=2774 width=12) (actual time=406.359..789.901 rows=2506 loops=1)
                                             Hash Cond: (mi2.movie_id = t.id)
                                             Buffers: shared hit=27203 read=20338
                                             ->  Bitmap Heap Scan on movie_info mi2  (cost=15889.54..404130.18 rows=76602 width=8) (actual time=37.761..361.386 rows=711379 loops=1)
                                                   Recheck Cond: (info_type_id = 7)
                                                   Filter: ((info)::text = ANY ('{"OFM:35 mm",PCS:Spherical,"PFM:35 mm","RAT:1.37 : 1","RAT:2.35 : 1"}'::text[]))
                                                   Rows Removed by Filter: 690523
                                                   Heap Blocks: exact=10050
                                                   Buffers: shared hit=11106 read=43
                                                   ->  Bitmap Index Scan on info_type_id_movie_info  (cost=0.00..15870.39 rows=1484527 width=0) (actual time=36.522..36.523 rows=1401902 loops=1)
                                                         Index Cond: (info_type_id = 7)
                                                         Buffers: shared hit=1099
                                             ->  Hash  (cost=75217.46..75217.46 rows=91564 width=4) (actual time=367.960..367.962 rows=7795 loops=1)
                                                   Buckets: 131072  Batches: 1  Memory Usage: 1299kB
                                                   Buffers: shared hit=16097 read=20295
                                                   ->  Hash Join  (cost=1.13..75217.46 rows=91564 width=4) (actual time=0.223..366.057 rows=7795 loops=1)
                                                         Hash Cond: (t.kind_id = kt.id)
                                                         Buffers: shared hit=16097 read=20295
                                                         ->  Seq Scan on title t  (cost=0.00..74315.95 rows=213650 width=8) (actual time=0.094..353.324 rows=212483 loops=1)
                                                               Filter: ((production_year <= 1970) AND (1950 < production_year))
                                                               Rows Removed by Filter: 2315829
                                                               Buffers: shared hit=16096 read=20295
                                                         ->  Hash  (cost=1.10..1.10 rows=3 width=4) (actual time=0.011..0.012 rows=3 loops=1)
                                                               Buckets: 1024  Batches: 1  Memory Usage: 9kB
                                                               Buffers: shared hit=1
                                                               ->  Seq Scan on kind_type kt  (cost=0.00..1.10 rows=3 width=4) (actual time=0.006..0.008 rows=3 loops=1)
                                                                     Filter: ((kind)::text = ANY ('{"tv series","video game","video movie"}'::text[]))
                                                                     Rows Removed by Filter: 4
                                                                     Buffers: shared hit=1
                                       ->  Index Scan using movie_id_movie_info on movie_info mi1  (cost=0.43..43.92 rows=1 width=8) (actual time=0.097..0.101 rows=1 loops=2506)
                                             Index Cond: (movie_id = t.id)
                                             Filter: ((info_type_id = 3) AND ((info)::text = ANY ('{Action,Adventure,Comedy,Documentary,Drama,Musical,Romance}'::text[])))
                                             Rows Removed by Filter: 24
                                             Buffers: shared hit=27987 read=5842
                                 ->  Index Scan using movie_id_cast_info on cast_info ci  (cost=0.44..45.44 rows=38 width=12) (actual time=0.029..0.061 rows=5 loops=2436)
                                       Index Cond: (movie_id = t.id)
                                       Buffers: shared hit=17221 read=997
                           ->  Hash  (cost=1.15..1.15 rows=1 width=4) (actual time=0.016..0.017 rows=1 loops=1)
                                 Buckets: 1024  Batches: 1  Memory Usage: 9kB
                                 Buffers: shared hit=1
                                 ->  Seq Scan on role_type rt  (cost=0.00..1.15 rows=1 width=4) (actual time=0.009..0.011 rows=1 loops=1)
                                       Filter: ((role)::text = 'actress'::text)
                                       Rows Removed by Filter: 11
                                       Buffers: shared hit=1
                     ->  Index Scan using name_pkey on name n  (cost=0.43..2.32 rows=1 width=4) (actual time=0.029..0.029 rows=1 loops=910)
                           Index Cond: (id = ci.person_id)
                           Filter: ((gender)::text = 'f'::text)
                           Buffers: shared hit=3194 read=446
 Planning:
   Buffers: shared hit=574
 Planning Time: 14.337 ms
 Execution Time: 1224.109 ms
(75 rows)

