                                                                                            QUERY PLAN                                                                                            
--------------------------------------------------------------------------------------------------------------------------------------------------------------------------------------------------
 Aggregate  (cost=678690.15..678690.16 rows=1 width=8) (actual time=5860.837..5860.848 rows=1 loops=1)
   Buffers: shared hit=487071 read=51647, temp read=6222 written=6222
   ->  Nested Loop  (cost=470126.74..678690.06 rows=37 width=0) (actual time=1439.243..5860.767 rows=178 loops=1)
         Buffers: shared hit=487071 read=51647, temp read=6222 written=6222
         ->  Seq Scan on info_type it2  (cost=0.00..2.41 rows=1 width=4) (actual time=0.050..0.062 rows=1 loops=1)
               Filter: (id = 7)
               Rows Removed by Filter: 112
               Buffers: shared hit=1
         ->  Nested Loop  (cost=470126.74..678687.28 rows=37 width=4) (actual time=1439.191..5860.646 rows=178 loops=1)
               Buffers: shared hit=487070 read=51647, temp read=6222 written=6222
               ->  Seq Scan on info_type it1  (cost=0.00..2.41 rows=1 width=4) (actual time=0.013..0.030 rows=1 loops=1)
                     Filter: (id = 3)
                     Rows Removed by Filter: 112
                     Buffers: shared hit=1
               ->  Nested Loop  (cost=470126.74..678684.50 rows=37 width=8) (actual time=1439.177..5860.555 rows=178 loops=1)
                     Join Filter: (t.id = mi1.movie_id)
                     Buffers: shared hit=487069 read=51647, temp read=6222 written=6222
                     ->  Nested Loop  (cost=470126.31..619479.05 rows=1402 width=16) (actual time=1309.954..5809.346 rows=336 loops=1)
                           Buffers: shared hit=484654 read=49623, temp read=6222 written=6222
                           ->  Hash Join  (cost=470125.88..605476.11 rows=6037 width=20) (actual time=1124.823..1746.120 rows=120411 loops=1)
                                 Hash Cond: (ci.movie_id = t.id)
                                 Buffers: shared hit=5791 read=46842, temp read=6222 written=6222
                                 ->  Nested Loop  (cost=0.44..123965.00 rows=3020080 width=8) (actual time=0.115..259.273 rows=773674 loops=1)
                                       Buffers: shared hit=1294 read=3798
                                       ->  Seq Scan on role_type rt  (cost=0.00..1.15 rows=1 width=4) (actual time=0.010..0.012 rows=1 loops=1)
                                             Filter: ((role)::text = 'composer'::text)
                                             Rows Removed by Filter: 11
                                             Buffers: shared hit=1
                                       ->  Index Scan using role_id_cast_info on cast_info ci  (cost=0.44..91017.52 rows=3294633 width=12) (actual time=0.103..170.364 rows=773674 loops=1)
                                             Index Cond: (role_id = rt.id)
                                             Buffers: shared hit=1293 read=3798
                                 ->  Hash  (cost=470062.26..470062.26 rows=5054 width=12) (actual time=1124.429..1124.435 rows=475355 loops=1)
                                       Buckets: 262144 (originally 8192)  Batches: 4 (originally 1)  Memory Usage: 7134kB
                                       Buffers: shared hit=4497 read=43044, temp read=2838 written=4231
                                       ->  Hash Join  (cost=95346.39..470062.26 rows=5054 width=12) (actual time=544.135..1053.593 rows=475355 loops=1)
                                             Hash Cond: (mi2.movie_id = t.id)
                                             Buffers: shared hit=4497 read=43044, temp read=2838 written=2838
                                             ->  Bitmap Heap Scan on movie_info mi2  (cost=15886.69..389031.48 rows=65209 width=8) (actual time=39.675..353.276 rows=628577 loops=1)
                                                   Recheck Cond: (info_type_id = 7)
                                                   Filter: ((info)::text = ANY ('{"MET:150 m",PCS:Spherical,"PFM:35 mm","RAT:1.33 : 1"}'::text[]))
                                                   Rows Removed by Filter: 773325
                                                   Heap Blocks: exact=10050
                                                   Buffers: shared hit=1 read=11148
                                                   ->  Bitmap Index Scan on info_type_id_movie_info  (cost=0.00..15870.39 rows=1484527 width=0) (actual time=38.411..38.411 rows=1401902 loops=1)
                                                         Index Cond: (info_type_id = 7)
                                                         Buffers: shared read=1099
                                             ->  Hash  (cost=76244.10..76244.10 rows=195968 width=4) (actual time=503.342..503.345 rows=439726 loops=1)
                                                   Buckets: 262144 (originally 262144)  Batches: 4 (originally 2)  Memory Usage: 6145kB
                                                   Buffers: shared hit=4496 read=31896, temp written=966
                                                   ->  Hash Join  (cost=1.13..76244.10 rows=195968 width=4) (actual time=0.041..429.627 rows=439726 loops=1)
                                                         Hash Cond: (t.kind_id = kt.id)
                                                         Buffers: shared hit=4496 read=31896
                                                         ->  Seq Scan on title t  (cost=0.00..74315.95 rows=457258 width=8) (actual time=0.021..376.772 rows=451569 loops=1)
                                                               Filter: ((production_year <= 1975) AND (1875 < production_year))
                                                               Rows Removed by Filter: 2076743
                                                               Buffers: shared hit=4495 read=31896
                                                         ->  Hash  (cost=1.10..1.10 rows=3 width=4) (actual time=0.012..0.014 rows=3 loops=1)
                                                               Buckets: 1024  Batches: 1  Memory Usage: 9kB
                                                               Buffers: shared hit=1
                                                               ->  Seq Scan on kind_type kt  (cost=0.00..1.10 rows=3 width=4) (actual time=0.007..0.008 rows=3 loops=1)
                                                                     Filter: ((kind)::text = ANY ('{episode,movie,"tv movie"}'::text[]))
                                                                     Rows Removed by Filter: 4
                                                                     Buffers: shared hit=1
                           ->  Index Scan using name_pkey on name n  (cost=0.43..2.32 rows=1 width=4) (actual time=0.033..0.033 rows=0 loops=120411)
                                 Index Cond: (id = ci.person_id)
                                 Filter: ((gender)::text = 'f'::text)
                                 Rows Removed by Filter: 1
                                 Buffers: shared hit=478863 read=2781
                     ->  Index Scan using movie_id_movie_info on movie_info mi1  (cost=0.43..42.22 rows=1 width=8) (actual time=0.151..0.151 rows=1 loops=336)
                           Index Cond: (movie_id = ci.movie_id)
                           Filter: ((info_type_id = 3) AND ((info)::text = ANY ('{Comedy,Crime,Short,Thriller,Western}'::text[])))
                           Rows Removed by Filter: 18
                           Buffers: shared hit=2415 read=2024
 Planning:
   Buffers: shared hit=486 read=88
 Planning Time: 14.264 ms
 Execution Time: 5861.560 ms
(77 rows)

