                                                                                                  QUERY PLAN                                                                                                  
--------------------------------------------------------------------------------------------------------------------------------------------------------------------------------------------------------------
 Aggregate  (cost=937440.60..937440.61 rows=1 width=8) (actual time=69531.874..69531.883 rows=1 loops=1)
   Buffers: shared hit=6599235 read=548511, temp read=8607 written=7962
   ->  Nested Loop  (cost=851820.97..937439.86 rows=296 width=0) (actual time=1161.624..69528.954 rows=5946 loops=1)
         Buffers: shared hit=6599235 read=548511, temp read=8607 written=7962
         ->  Seq Scan on info_type it2  (cost=0.00..2.41 rows=1 width=4) (actual time=0.047..0.059 rows=1 loops=1)
               Filter: (id = 7)
               Rows Removed by Filter: 112
               Buffers: shared hit=1
         ->  Nested Loop  (cost=851820.97..937434.49 rows=296 width=4) (actual time=1161.575..69527.080 rows=5946 loops=1)
               Buffers: shared hit=6599234 read=548511, temp read=8607 written=7962
               ->  Seq Scan on info_type it1  (cost=0.00..2.41 rows=1 width=4) (actual time=0.009..0.023 rows=1 loops=1)
                     Filter: (id = 3)
                     Rows Removed by Filter: 112
                     Buffers: shared hit=1
               ->  Nested Loop  (cost=851820.97..937429.12 rows=296 width=8) (actual time=1161.564..69525.048 rows=5946 loops=1)
                     Buffers: shared hit=6599233 read=548511, temp read=8607 written=7962
                     ->  Hash Join  (cost=851820.54..934469.41 rows=1276 width=12) (actual time=1120.774..62642.916 rows=183296 loops=1)
                           Hash Cond: (ci.role_id = rt.id)
                           Buffers: shared hit=5915921 read=498639, temp read=8607 written=7962
                           ->  Nested Loop  (cost=851819.36..934441.05 rows=7654 width=16) (actual time=1119.982..61756.567 rows=4284280 loops=1)
                                 Buffers: shared hit=5915920 read=498639, temp read=8607 written=7962
                                 ->  Nested Loop  (cost=851818.92..911106.47 rows=534 width=20) (actual time=1119.954..18669.167 rows=94584 loops=1)
                                       Buffers: shared hit=1938593 read=25859, temp read=8607 written=7962
                                       ->  Nested Loop  (cost=851818.78..911060.00 rows=1870 width=24) (actual time=1119.683..18555.584 rows=113898 loops=1)
                                             Join Filter: (t.id = mi1.movie_id)
                                             Buffers: shared hit=1938581 read=25859, temp read=8607 written=7962
                                             ->  Merge Join  (cost=851818.35..852765.77 rows=17360 width=16) (actual time=1119.636..1808.150 rows=485579 loops=1)
                                                   Merge Cond: (mi1.movie_id = mi2.movie_id)
                                                   Buffers: shared hit=11565 read=10559, temp read=8607 written=7962
                                                   ->  Sort  (cost=425904.30..426086.37 rows=72830 width=8) (actual time=557.529..683.381 rows=687811 loops=1)
                                                         Sort Key: mi1.movie_id
                                                         Sort Method: external sort  Disk: 14864kB
                                                         Buffers: shared hit=10975, temp read=3709 written=3718
                                                         ->  Bitmap Heap Scan on movie_info mi1  (cost=16466.68..420022.46 rows=72830 width=8) (actual time=40.209..386.524 rows=687813 loops=1)
                                                               Recheck Cond: (info_type_id = 3)
                                                               Filter: ((info)::text = ANY ('{Action,Comedy,Fantasy,Horror,Short,Thriller}'::text[]))
                                                               Rows Removed by Filter: 846096
                                                               Heap Blocks: exact=9772
                                                               Buffers: shared hit=10975
                                                               ->  Bitmap Index Scan on info_type_id_movie_info  (cost=0.00..16448.47 rows=1538671 width=0) (actual time=39.031..39.031 rows=1533909 loops=1)
                                                                     Index Cond: (info_type_id = 3)
                                                                     Buffers: shared hit=1203
                                                   ->  Sort  (cost=425914.06..426118.89 rows=81934 width=8) (actual time=562.096..749.535 rows=909664 loops=1)
                                                         Sort Key: mi2.movie_id
                                                         Sort Method: external sort  Disk: 16968kB
                                                         Buffers: shared hit=590 read=10559, temp read=4566 written=4244
                                                         ->  Bitmap Heap Scan on movie_info mi2  (cost=15890.87..419227.35 rows=81934 width=8) (actual time=32.322..372.595 rows=785119 loops=1)
                                                               Recheck Cond: (info_type_id = 7)
                                                               Filter: ((info)::text = ANY ('{"OFM:16 mm","OFM:35 mm","PCS:Digital Intermediate","PFM:35 mm","RAT:1.33 : 1","RAT:16:9 HD"}'::text[]))
                                                               Rows Removed by Filter: 616783
                                                               Heap Blocks: exact=10050
                                                               Buffers: shared hit=590 read=10559
                                                               ->  Bitmap Index Scan on info_type_id_movie_info  (cost=0.00..15870.39 rows=1484527 width=0) (actual time=31.074..31.075 rows=1401902 loops=1)
                                                                     Index Cond: (info_type_id = 7)
                                                                     Buffers: shared hit=1 read=1098
                                             ->  Index Scan using title_pkey on title t  (cost=0.43..3.35 rows=1 width=8) (actual time=0.034..0.034 rows=0 loops=485579)
                                                   Index Cond: (id = mi2.movie_id)
                                                   Filter: ((production_year <= 2015) AND (1975 < production_year))
                                                   Rows Removed by Filter: 1
                                                   Buffers: shared hit=1927016 read=15300
                                       ->  Memoize  (cost=0.14..0.16 rows=1 width=4) (actual time=0.000..0.000 rows=1 loops=113898)
                                             Cache Key: t.kind_id
                                             Cache Mode: logical
                                             Hits: 113892  Misses: 6  Evictions: 0  Overflows: 0  Memory Usage: 1kB
                                             Buffers: shared hit=12
                                             ->  Index Scan using kind_type_pkey on kind_type kt  (cost=0.13..0.15 rows=1 width=4) (actual time=0.010..0.010 rows=0 loops=6)
                                                   Index Cond: (id = t.kind_id)
                                                   Filter: ((kind)::text = ANY ('{episode,movie}'::text[]))
                                                   Rows Removed by Filter: 1
                                                   Buffers: shared hit=12
                                 ->  Index Scan using movie_id_cast_info on cast_info ci  (cost=0.44..43.32 rows=38 width=12) (actual time=0.037..0.442 rows=45 loops=94584)
                                       Index Cond: (movie_id = t.id)
                                       Buffers: shared hit=3977327 read=472780
                           ->  Hash  (cost=1.15..1.15 rows=2 width=4) (actual time=0.021..0.021 rows=2 loops=1)
                                 Buckets: 1024  Batches: 1  Memory Usage: 9kB
                                 Buffers: shared hit=1
                                 ->  Seq Scan on role_type rt  (cost=0.00..1.15 rows=2 width=4) (actual time=0.012..0.014 rows=2 loops=1)
                                       Filter: ((role)::text = ANY ('{composer,editor}'::text[]))
                                       Rows Removed by Filter: 10
                                       Buffers: shared hit=1
                     ->  Index Scan using name_pkey on name n  (cost=0.43..2.32 rows=1 width=4) (actual time=0.037..0.037 rows=0 loops=183296)
                           Index Cond: (id = ci.person_id)
                           Filter: ((gender)::text = 'f'::text)
                           Rows Removed by Filter: 1
                           Buffers: shared hit=683312 read=49872
 Planning:
   Buffers: shared hit=574
 Planning Time: 13.281 ms
 Execution Time: 69542.371 ms
(89 rows)

