                                                                                            QUERY PLAN                                                                                            
--------------------------------------------------------------------------------------------------------------------------------------------------------------------------------------------------
 Aggregate  (cost=724471.75..724471.76 rows=1 width=8) (actual time=10831.116..10831.126 rows=1 loops=1)
   Buffers: shared hit=982097 read=72980, temp read=6584 written=6584
   ->  Nested Loop  (cost=486545.46..724471.63 rows=46 width=0) (actual time=1127.409..10830.556 rows=2392 loops=1)
         Buffers: shared hit=982097 read=72980, temp read=6584 written=6584
         ->  Seq Scan on info_type it2  (cost=0.00..2.41 rows=1 width=4) (actual time=0.038..0.046 rows=1 loops=1)
               Filter: (id = 7)
               Rows Removed by Filter: 112
               Buffers: shared hit=1
         ->  Nested Loop  (cost=486545.46..724468.76 rows=46 width=4) (actual time=1127.370..10829.990 rows=2392 loops=1)
               Buffers: shared hit=982096 read=72980, temp read=6584 written=6584
               ->  Seq Scan on info_type it1  (cost=0.00..2.41 rows=1 width=4) (actual time=0.009..0.020 rows=1 loops=1)
                     Filter: (id = 3)
                     Rows Removed by Filter: 112
                     Buffers: shared hit=1
               ->  Nested Loop  (cost=486545.46..724465.89 rows=46 width=8) (actual time=1127.360..10829.430 rows=2392 loops=1)
                     Join Filter: (t.id = mi1.movie_id)
                     Buffers: shared hit=982095 read=72980, temp read=6584 written=6584
                     ->  Nested Loop  (cost=486545.03..641495.60 rows=1960 width=16) (actual time=1127.225..10388.570 rows=3618 loops=1)
                           Buffers: shared hit=941141 read=67701, temp read=6584 written=6584
                           ->  Hash Join  (cost=486544.60..621918.85 rows=8440 width=20) (actual time=1112.251..2545.940 rows=237565 loops=1)
                                 Hash Cond: (ci.movie_id = t.id)
                                 Buffers: shared hit=6941 read=51641, temp read=6584 written=6584
                                 ->  Nested Loop  (cost=0.44..123965.00 rows=3020080 width=8) (actual time=0.074..725.231 rows=1703543 loops=1)
                                       Buffers: shared hit=1952 read=9089
                                       ->  Seq Scan on role_type rt  (cost=0.00..1.15 rows=1 width=4) (actual time=0.006..0.010 rows=1 loops=1)
                                             Filter: ((role)::text = 'director'::text)
                                             Rows Removed by Filter: 11
                                             Buffers: shared hit=1
                                       ->  Index Scan using role_id_cast_info on cast_info ci  (cost=0.44..91017.52 rows=3294633 width=12) (actual time=0.066..469.297 rows=1703543 loops=1)
                                             Index Cond: (role_id = rt.id)
                                             Buffers: shared hit=1951 read=9089
                                 ->  Hash  (cost=486455.83..486455.83 rows=7066 width=12) (actual time=1111.976..1111.981 rows=251138 loops=1)
                                       Buckets: 262144 (originally 8192)  Batches: 2 (originally 1)  Memory Usage: 7445kB
                                       Buffers: shared hit=4989 read=42552, temp read=3184 written=3674
                                       ->  Hash Join  (cost=96346.21..486455.83 rows=7066 width=12) (actual time=561.459..1074.198 rows=251138 loops=1)
                                             Hash Cond: (mi2.movie_id = t.id)
                                             Buffers: shared hit=4989 read=42552, temp read=3184 written=3184
                                             ->  Bitmap Heap Scan on movie_info mi2  (cost=15889.48..404130.11 rows=76354 width=8) (actual time=38.094..360.297 rows=707064 loops=1)
                                                   Recheck Cond: (info_type_id = 7)
                                                   Filter: ((info)::text = ANY ('{"OFM:35 mm",PCS:Spherical,"PFM:35 mm","RAT:1.85 : 1","RAT:2.35 : 1"}'::text[]))
                                                   Rows Removed by Filter: 694838
                                                   Heap Blocks: exact=10050
                                                   Buffers: shared hit=4988 read=6161
                                                   ->  Bitmap Index Scan on info_type_id_movie_info  (cost=0.00..15870.39 rows=1484527 width=0) (actual time=36.831..36.832 rows=1401902 loops=1)
                                                         Index Cond: (info_type_id = 7)
                                                         Buffers: shared read=1099
                                             ->  Hash  (cost=76617.93..76617.93 rows=233984 width=4) (actual time=522.303..522.306 rows=504538 loops=1)
                                                   Buckets: 262144 (originally 262144)  Batches: 4 (originally 2)  Memory Usage: 6483kB
                                                   Buffers: shared hit=1 read=36391, temp written=1107
                                                   ->  Hash Join  (cost=1.13..76617.93 rows=233984 width=4) (actual time=0.041..440.047 rows=504538 loops=1)
                                                         Hash Cond: (t.kind_id = kt.id)
                                                         Buffers: shared hit=1 read=36391
                                                         ->  Seq Scan on title t  (cost=0.00..74315.95 rows=545963 width=8) (actual time=0.022..378.555 rows=538239 loops=1)
                                                               Filter: ((production_year <= 1990) AND (1950 < production_year))
                                                               Rows Removed by Filter: 1990073
                                                               Buffers: shared read=36391
                                                         ->  Hash  (cost=1.10..1.10 rows=3 width=4) (actual time=0.012..0.013 rows=3 loops=1)
                                                               Buckets: 1024  Batches: 1  Memory Usage: 9kB
                                                               Buffers: shared hit=1
                                                               ->  Seq Scan on kind_type kt  (cost=0.00..1.10 rows=3 width=4) (actual time=0.006..0.008 rows=3 loops=1)
                                                                     Filter: ((kind)::text = ANY ('{episode,movie,"tv movie"}'::text[]))
                                                                     Rows Removed by Filter: 4
                                                                     Buffers: shared hit=1
                           ->  Index Scan using name_pkey on name n  (cost=0.43..2.32 rows=1 width=4) (actual time=0.033..0.033 rows=0 loops=237565)
                                 Index Cond: (id = ci.person_id)
                                 Filter: ((gender)::text = 'f'::text)
                                 Rows Removed by Filter: 1
                                 Buffers: shared hit=934200 read=16060
                     ->  Index Scan using movie_id_movie_info on movie_info mi1  (cost=0.43..42.32 rows=1 width=8) (actual time=0.121..0.121 rows=1 loops=3618)
                           Index Cond: (movie_id = ci.movie_id)
                           Filter: ((info_type_id = 3) AND ((info)::text = ANY ('{Action,Adventure,Comedy,Drama,Musical,Romance,Sci-Fi}'::text[])))
                           Rows Removed by Filter: 20
                           Buffers: shared hit=40954 read=5279
 Planning:
   Buffers: shared hit=502 read=72
 Planning Time: 12.663 ms
 Execution Time: 10831.673 ms
(77 rows)

