                                                                                                  QUERY PLAN                                                                                                  
--------------------------------------------------------------------------------------------------------------------------------------------------------------------------------------------------------------
 Aggregate  (cost=852591.49..852591.50 rows=1 width=8) (actual time=17890.891..17890.900 rows=1 loops=1)
   Buffers: shared hit=1515093 read=266177, temp read=4880 written=4811
   ->  Nested Loop  (cost=816102.95..852591.16 rows=134 width=0) (actual time=1021.305..17889.817 rows=2292 loops=1)
         Buffers: shared hit=1515093 read=266177, temp read=4880 written=4811
         ->  Seq Scan on info_type it2  (cost=0.00..2.41 rows=1 width=4) (actual time=0.045..0.055 rows=1 loops=1)
               Filter: (id = 7)
               Rows Removed by Filter: 112
               Buffers: shared hit=1
         ->  Nested Loop  (cost=816102.95..852587.41 rows=134 width=4) (actual time=1021.258..17889.071 rows=2292 loops=1)
               Buffers: shared hit=1515092 read=266177, temp read=4880 written=4811
               ->  Seq Scan on info_type it1  (cost=0.00..2.41 rows=1 width=4) (actual time=0.008..0.021 rows=1 loops=1)
                     Filter: (id = 3)
                     Rows Removed by Filter: 112
                     Buffers: shared hit=1
               ->  Nested Loop  (cost=816102.95..852583.65 rows=134 width=8) (actual time=1021.248..17888.351 rows=2292 loops=1)
                     Buffers: shared hit=1515091 read=266177, temp read=4880 written=4811
                     ->  Hash Join  (cost=816102.52..851247.61 rows=576 width=12) (actual time=946.675..15839.696 rows=55445 loops=1)
                           Hash Cond: (ci.role_id = rt.id)
                           Buffers: shared hit=1322738 read=236750, temp read=4880 written=4811
                           ->  Nested Loop  (cost=816101.35..851234.16 rows=3454 width=16) (actual time=946.533..15707.327 rows=687459 loops=1)
                                 Buffers: shared hit=1322737 read=236750, temp read=4880 written=4811
                                 ->  Nested Loop  (cost=816100.91..840693.90 rows=241 width=20) (actual time=946.511..7908.561 rows=30629 loops=1)
                                       Buffers: shared hit=774980 read=29252, temp read=4880 written=4811
                                       ->  Nested Loop  (cost=816100.77..840679.39 rows=562 width=24) (actual time=946.389..7878.453 rows=32955 loops=1)
                                             Buffers: shared hit=774968 read=29252, temp read=4880 written=4811
                                             ->  Merge Join  (cost=816100.34..816616.90 rows=5994 width=16) (actual time=946.336..1276.464 rows=195524 loops=1)
                                                   Merge Cond: (mi1.movie_id = mi2.movie_id)
                                                   Buffers: shared hit=12200 read=9924, temp read=4880 written=4811
                                                   ->  Sort  (cost=408862.82..408989.38 rows=50622 width=8) (actual time=503.339..581.406 rows=485364 loops=1)
                                                         Sort Key: mi1.movie_id
                                                         Sort Method: external sort  Disk: 10488kB
                                                         Buffers: shared hit=8430 read=2545, temp read=2618 written=2624
                                                         ->  Bitmap Heap Scan on movie_info mi1  (cost=16461.12..404907.35 rows=50622 width=8) (actual time=42.303..382.492 rows=485378 loops=1)
                                                               Recheck Cond: (info_type_id = 3)
                                                               Filter: ((info)::text = ANY ('{Adventure,Animation,Music,Mystery,Short}'::text[]))
                                                               Rows Removed by Filter: 1048531
                                                               Heap Blocks: exact=9772
                                                               Buffers: shared hit=8430 read=2545
                                                               ->  Bitmap Index Scan on info_type_id_movie_info  (cost=0.00..16448.47 rows=1538671 width=0) (actual time=41.117..41.117 rows=1533909 loops=1)
                                                                     Index Cond: (info_type_id = 3)
                                                                     Buffers: shared read=1203
                                                   ->  Sort  (cost=407237.51..407339.27 rows=40702 width=8) (actual time=442.974..519.299 rows=419317 loops=1)
                                                         Sort Key: mi2.movie_id
                                                         Sort Method: external sort  Disk: 8744kB
                                                         Buffers: shared hit=3770 read=7379, temp read=2222 written=2187
                                                         ->  Bitmap Heap Scan on movie_info mi2  (cost=15880.56..404121.20 rows=40702 width=8) (actual time=32.897..342.412 rows=404583 loops=1)
                                                               Recheck Cond: (info_type_id = 7)
                                                               Filter: ((info)::text = ANY ('{"LAB:FotoKem Laboratory, Burbank (CA), USA",OFM:Digital,PCS:Spherical,"RAT:1.33 : 1","RAT:1.85 : 1"}'::text[]))
                                                               Rows Removed by Filter: 997319
                                                               Heap Blocks: exact=10050
                                                               Buffers: shared hit=3770 read=7379
                                                               ->  Bitmap Index Scan on info_type_id_movie_info  (cost=0.00..15870.39 rows=1484527 width=0) (actual time=31.644..31.644 rows=1401902 loops=1)
                                                                     Index Cond: (info_type_id = 7)
                                                                     Buffers: shared hit=1 read=1098
                                             ->  Index Scan using title_pkey on title t  (cost=0.43..4.01 rows=1 width=8) (actual time=0.033..0.033 rows=0 loops=195524)
                                                   Index Cond: (id = mi1.movie_id)
                                                   Filter: ((production_year <= 2015) AND (1990 < production_year))
                                                   Rows Removed by Filter: 1
                                                   Buffers: shared hit=762768 read=19328
                                       ->  Memoize  (cost=0.14..0.16 rows=1 width=4) (actual time=0.000..0.000 rows=1 loops=32955)
                                             Cache Key: t.kind_id
                                             Cache Mode: logical
                                             Hits: 32949  Misses: 6  Evictions: 0  Overflows: 0  Memory Usage: 1kB
                                             Buffers: shared hit=12
                                             ->  Index Scan using kind_type_pkey on kind_type kt  (cost=0.13..0.15 rows=1 width=4) (actual time=0.008..0.008 rows=0 loops=6)
                                                   Index Cond: (id = t.kind_id)
                                                   Filter: ((kind)::text = ANY ('{episode,movie,"video movie"}'::text[]))
                                                   Rows Removed by Filter: 0
                                                   Buffers: shared hit=12
                                 ->  Index Scan using movie_id_cast_info on cast_info ci  (cost=0.44..43.36 rows=38 width=12) (actual time=0.038..0.248 rows=22 loops=30629)
                                       Index Cond: (movie_id = t.id)
                                       Buffers: shared hit=547757 read=207498
                           ->  Hash  (cost=1.15..1.15 rows=2 width=4) (actual time=0.019..0.019 rows=2 loops=1)
                                 Buckets: 1024  Batches: 1  Memory Usage: 9kB
                                 Buffers: shared hit=1
                                 ->  Seq Scan on role_type rt  (cost=0.00..1.15 rows=2 width=4) (actual time=0.011..0.013 rows=2 loops=1)
                                       Filter: ((role)::text = ANY ('{composer,director}'::text[]))
                                       Rows Removed by Filter: 10
                                       Buffers: shared hit=1
                     ->  Index Scan using name_pkey on name n  (cost=0.43..2.32 rows=1 width=4) (actual time=0.036..0.036 rows=0 loops=55445)
                           Index Cond: (id = ci.person_id)
                           Filter: ((gender)::text = 'f'::text)
                           Rows Removed by Filter: 1
                           Buffers: shared hit=192353 read=29427
 Planning:
   Buffers: shared hit=530 read=44
 Planning Time: 11.521 ms
 Execution Time: 17898.875 ms
(88 rows)

