                                                                                            QUERY PLAN                                                                                            
--------------------------------------------------------------------------------------------------------------------------------------------------------------------------------------------------
 Aggregate  (cost=863798.71..863798.72 rows=1 width=8) (actual time=9551.465..9551.477 rows=1 loops=1)
   Buffers: shared hit=793286 read=69360, temp read=10797 written=10797
   ->  Nested Loop  (cost=524706.73..863798.43 rows=112 width=0) (actual time=1666.039..9551.123 rows=979 loops=1)
         Buffers: shared hit=793286 read=69360, temp read=10797 written=10797
         ->  Seq Scan on info_type it2  (cost=0.00..2.41 rows=1 width=4) (actual time=0.035..0.046 rows=1 loops=1)
               Filter: (id = 7)
               Rows Removed by Filter: 112
               Buffers: shared read=1
         ->  Nested Loop  (cost=524706.73..863794.90 rows=112 width=4) (actual time=1666.002..9550.815 rows=979 loops=1)
               Buffers: shared hit=793286 read=69359, temp read=10797 written=10797
               ->  Seq Scan on info_type it1  (cost=0.00..2.41 rows=1 width=4) (actual time=0.008..0.023 rows=1 loops=1)
                     Filter: (id = 3)
                     Rows Removed by Filter: 112
                     Buffers: shared hit=1
               ->  Nested Loop  (cost=524706.73..863791.37 rows=112 width=8) (actual time=1665.993..9550.531 rows=979 loops=1)
                     Join Filter: (t.id = mi1.movie_id)
                     Buffers: shared hit=793285 read=69359, temp read=10797 written=10797
                     ->  Nested Loop  (cost=524706.29..699066.42 rows=3896 width=16) (actual time=1663.651..9296.566 rows=1312 loops=1)
                           Buffers: shared hit=785059 read=58577, temp read=10797 written=10797
                           ->  Hash Join  (cost=524705.86..660163.44 rows=16772 width=20) (actual time=1662.838..2578.667 rows=197445 loops=1)
                                 Hash Cond: (ci.movie_id = t.id)
                                 Buffers: shared hit=5369 read=48487, temp read=10797 written=10797
                                 ->  Nested Loop  (cost=0.44..123965.00 rows=3020080 width=8) (actual time=0.113..442.762 rows=898389 loops=1)
                                       Buffers: shared hit=2294 read=4021
                                       ->  Seq Scan on role_type rt  (cost=0.00..1.15 rows=1 width=4) (actual time=0.010..0.014 rows=1 loops=1)
                                             Filter: ((role)::text = 'cinematographer'::text)
                                             Rows Removed by Filter: 11
                                             Buffers: shared hit=1
                                       ->  Index Scan using role_id_cast_info on cast_info ci  (cost=0.44..91017.52 rows=3294633 width=12) (actual time=0.100..287.667 rows=898389 loops=1)
                                             Index Cond: (role_id = rt.id)
                                             Buffers: shared hit=2293 read=4021
                                 ->  Hash  (cost=524529.91..524529.91 rows=14041 width=12) (actual time=1662.539..1662.545 rows=241173 loops=1)
                                       Buckets: 262144 (originally 16384)  Batches: 2 (originally 1)  Memory Usage: 7225kB
                                       Buffers: shared hit=3075 read=44466, temp read=8790 written=9261
                                       ->  Hash Join  (cost=116699.21..524529.91 rows=14041 width=12) (actual time=1020.484..1623.474 rows=241173 loops=1)
                                             Hash Cond: (mi2.movie_id = t.id)
                                             Buffers: shared hit=3075 read=44466, temp read=8790 written=8790
                                             ->  Bitmap Heap Scan on movie_info mi2  (cost=15879.17..419215.65 rows=35148 width=8) (actual time=39.276..380.057 rows=337589 loops=1)
                                                   Recheck Cond: (info_type_id = 7)
                                                   Filter: ((info)::text = ANY ('{MET:,"OFM:35 mm","OFM:Super 16","PCS:Digital Intermediate","RAT:1.37 : 1","RAT:1.78 : 1"}'::text[]))
                                                   Rows Removed by Filter: 1064313
                                                   Heap Blocks: exact=10050
                                                   Buffers: shared hit=1 read=11148
                                                   ->  Bitmap Index Scan on info_type_id_movie_info  (cost=0.00..15870.39 rows=1484527 width=0) (actual time=38.048..38.048 rows=1401902 loops=1)
                                                         Index Cond: (info_type_id = 7)
                                                         Buffers: shared read=1099
                                             ->  Hash  (cost=84248.88..84248.88 rows=1010013 width=4) (actual time=979.935..979.939 rows=2148656 loops=1)
                                                   Buckets: 262144 (originally 262144)  Batches: 16 (originally 8)  Memory Usage: 6773kB
                                                   Buffers: shared hit=3074 read=33318, temp written=5895
                                                   ->  Hash Join  (cost=1.13..84248.88 rows=1010013 width=4) (actual time=0.043..701.077 rows=2148656 loops=1)
                                                         Hash Cond: (t.kind_id = kt.id)
                                                         Buffers: shared hit=3074 read=33318
                                                         ->  Seq Scan on title t  (cost=0.00..74315.95 rows=2356696 width=8) (actual time=0.023..446.005 rows=2352201 loops=1)
                                                               Filter: ((production_year <= 2015) AND (1925 < production_year))
                                                               Rows Removed by Filter: 176111
                                                               Buffers: shared hit=3073 read=33318
                                                         ->  Hash  (cost=1.10..1.10 rows=3 width=4) (actual time=0.012..0.013 rows=3 loops=1)
                                                               Buckets: 1024  Batches: 1  Memory Usage: 9kB
                                                               Buffers: shared hit=1
                                                               ->  Seq Scan on kind_type kt  (cost=0.00..1.10 rows=3 width=4) (actual time=0.006..0.008 rows=3 loops=1)
                                                                     Filter: ((kind)::text = ANY ('{episode,movie,"video movie"}'::text[]))
                                                                     Rows Removed by Filter: 4
                                                                     Buffers: shared hit=1
                           ->  Index Scan using name_pkey on name n  (cost=0.43..2.32 rows=1 width=4) (actual time=0.034..0.034 rows=0 loops=197445)
                                 Index Cond: (id = ci.person_id)
                                 Filter: ((gender)::text = 'f'::text)
                                 Rows Removed by Filter: 1
                                 Buffers: shared hit=779690 read=10090
                     ->  Index Scan using movie_id_movie_info on movie_info mi1  (cost=0.43..42.27 rows=1 width=8) (actual time=0.192..0.193 rows=1 loops=1312)
                           Index Cond: (movie_id = ci.movie_id)
                           Filter: ((info_type_id = 3) AND ((info)::text = ANY ('{Action,Drama,Horror,Short,Sport,War}'::text[])))
                           Rows Removed by Filter: 31
                           Buffers: shared hit=8226 read=10782
 Planning:
   Buffers: shared hit=484 read=90
 Planning Time: 13.736 ms
 Execution Time: 9552.135 ms
(77 rows)

