                                                                                            QUERY PLAN                                                                                            
--------------------------------------------------------------------------------------------------------------------------------------------------------------------------------------------------
 Aggregate  (cost=738629.74..738629.75 rows=1 width=8) (actual time=2576.742..2576.751 rows=1 loops=1)
   Buffers: shared hit=132184 read=105072, temp read=916 written=916
   ->  Nested Loop  (cost=108027.79..738629.34 rows=159 width=0) (actual time=679.842..2576.677 rows=170 loops=1)
         Buffers: shared hit=132184 read=105072, temp read=916 written=916
         ->  Hash Join  (cost=108027.36..738063.38 rows=244 width=4) (actual time=679.801..2557.040 rows=641 loops=1)
               Hash Cond: (ci.role_id = rt.id)
               Buffers: shared hit=130256 read=104436, temp read=916 written=916
               ->  Nested Loop  (cost=108026.19..738057.01 rows=1462 width=8) (actual time=673.198..2552.802 rows=30675 loops=1)
                     Buffers: shared hit=130255 read=104436, temp read=916 written=916
                     ->  Nested Loop  (cost=108025.75..733599.84 rows=102 width=12) (actual time=673.163..2218.439 rows=1341 loops=1)
                           Buffers: shared hit=115573 read=85410, temp read=916 written=916
                           ->  Seq Scan on info_type it2  (cost=0.00..2.41 rows=1 width=4) (actual time=0.016..0.024 rows=1 loops=1)
                                 Filter: (id = 7)
                                 Rows Removed by Filter: 112
                                 Buffers: shared hit=1
                           ->  Nested Loop  (cost=108025.75..733596.41 rows=102 width=16) (actual time=673.146..2218.096 rows=1341 loops=1)
                                 Buffers: shared hit=115572 read=85410, temp read=916 written=916
                                 ->  Seq Scan on info_type it1  (cost=0.00..2.41 rows=1 width=4) (actual time=0.009..0.020 rows=1 loops=1)
                                       Filter: (id = 3)
                                       Rows Removed by Filter: 112
                                       Buffers: shared hit=1
                                 ->  Nested Loop  (cost=108025.75..733592.98 rows=102 width=20) (actual time=673.134..2217.746 rows=1341 loops=1)
                                       Buffers: shared hit=115571 read=85410, temp read=916 written=916
                                       ->  Hash Join  (cost=108025.31..468694.90 rows=6272 width=12) (actual time=672.599..946.555 rows=11954 loops=1)
                                             Hash Cond: (mi2.movie_id = t.id)
                                             Buffers: shared hit=8105 read=39436, temp read=916 written=916
                                             ->  Bitmap Heap Scan on movie_info mi2  (cost=15877.32..373926.27 rows=27711 width=8) (actual time=40.324..315.273 rows=274661 loops=1)
                                                   Recheck Cond: (info_type_id = 7)
                                                   Filter: ((info)::text = ANY ('{"OFM:16 mm","RAT:1.33 : 1","RAT:1.78 : 1"}'::text[]))
                                                   Rows Removed by Filter: 1127241
                                                   Heap Blocks: exact=10050
                                                   Buffers: shared hit=1840 read=9309
                                                   ->  Bitmap Index Scan on info_type_id_movie_info  (cost=0.00..15870.39 rows=1484527 width=0) (actual time=39.091..39.092 rows=1401902 loops=1)
                                                         Index Cond: (info_type_id = 7)
                                                         Buffers: shared hit=1 read=1098
                                             ->  Hash  (cost=82758.36..82758.36 rows=572291 width=4) (actual time=548.474..548.476 rows=95002 loops=1)
                                                   Buckets: 262144  Batches: 4  Memory Usage: 2879kB
                                                   Buffers: shared hit=6265 read=30127, temp written=208
                                                   ->  Hash Join  (cost=1.11..82758.36 rows=572291 width=4) (actual time=296.751..533.764 rows=95002 loops=1)
                                                         Hash Cond: (t.kind_id = kt.id)
                                                         Buffers: shared hit=6265 read=30127
                                                         ->  Seq Scan on title t  (cost=0.00..74315.95 rows=2003019 width=8) (actual time=0.025..421.866 rows=2004612 loops=1)
                                                               Filter: ((production_year <= 2015) AND (1975 < production_year))
                                                               Rows Removed by Filter: 523700
                                                               Buffers: shared hit=6264 read=30127
                                                         ->  Hash  (cost=1.09..1.09 rows=2 width=4) (actual time=0.013..0.014 rows=2 loops=1)
                                                               Buckets: 1024  Batches: 1  Memory Usage: 9kB
                                                               Buffers: shared hit=1
                                                               ->  Seq Scan on kind_type kt  (cost=0.00..1.09 rows=2 width=4) (actual time=0.008..0.009 rows=2 loops=1)
                                                                     Filter: ((kind)::text = ANY ('{"tv movie","video game"}'::text[]))
                                                                     Rows Removed by Filter: 5
                                                                     Buffers: shared hit=1
                                       ->  Index Scan using movie_id_movie_info on movie_info mi1  (cost=0.43..42.23 rows=1 width=8) (actual time=0.106..0.106 rows=0 loops=11954)
                                             Index Cond: (movie_id = t.id)
                                             Filter: (((info)::text = ANY ('{Music,Short}'::text[])) AND (info_type_id = 3))
                                             Rows Removed by Filter: 15
                                             Buffers: shared hit=107466 read=45974
                     ->  Index Scan using movie_id_cast_info on cast_info ci  (cost=0.44..43.32 rows=38 width=12) (actual time=0.030..0.244 rows=23 loops=1341)
                           Index Cond: (movie_id = t.id)
                           Buffers: shared hit=14682 read=19026
               ->  Hash  (cost=1.15..1.15 rows=2 width=4) (actual time=0.037..0.038 rows=2 loops=1)
                     Buckets: 1024  Batches: 1  Memory Usage: 9kB
                     Buffers: shared hit=1
                     ->  Seq Scan on role_type rt  (cost=0.00..1.15 rows=2 width=4) (actual time=0.029..0.031 rows=2 loops=1)
                           Filter: ((role)::text = ANY ('{"costume designer","production designer"}'::text[]))
                           Rows Removed by Filter: 10
                           Buffers: shared hit=1
         ->  Index Scan using name_pkey on name n  (cost=0.43..2.32 rows=1 width=4) (actual time=0.030..0.030 rows=0 loops=641)
               Index Cond: (id = ci.person_id)
               Filter: ((gender)::text = ANY ('{f,m}'::text[]))
               Rows Removed by Filter: 1
               Buffers: shared hit=1928 read=636
 Planning:
   Buffers: shared hit=574
 Planning Time: 13.541 ms
 Execution Time: 2577.347 ms
(76 rows)

