                                                                                                  QUERY PLAN                                                                                                  
--------------------------------------------------------------------------------------------------------------------------------------------------------------------------------------------------------------
 Aggregate  (cost=938508.10..938508.11 rows=1 width=8) (actual time=78227.627..78227.636 rows=1 loops=1)
   Buffers: shared hit=7216598 read=757903, temp read=7838 written=7552
   ->  Nested Loop  (cost=850987.18..938507.22 rows=355 width=0) (actual time=1095.362..78204.829 rows=77433 loops=1)
         Buffers: shared hit=7216598 read=757903, temp read=7838 written=7552
         ->  Seq Scan on info_type it2  (cost=0.00..2.41 rows=1 width=4) (actual time=0.030..0.041 rows=1 loops=1)
               Filter: (id = 7)
               Rows Removed by Filter: 112
               Buffers: shared hit=1
         ->  Nested Loop  (cost=850987.18..938501.25 rows=355 width=4) (actual time=1095.330..78183.662 rows=77433 loops=1)
               Buffers: shared hit=7216597 read=757903, temp read=7838 written=7552
               ->  Seq Scan on info_type it1  (cost=0.00..2.41 rows=1 width=4) (actual time=0.007..0.021 rows=1 loops=1)
                     Filter: (id = 3)
                     Rows Removed by Filter: 112
                     Buffers: shared hit=1
               ->  Nested Loop  (cost=850987.18..938495.29 rows=355 width=8) (actual time=1095.321..78163.399 rows=77433 loops=1)
                     Buffers: shared hit=7216596 read=757903, temp read=7838 written=7552
                     ->  Hash Join  (cost=850986.75..936530.66 rows=847 width=12) (actual time=1095.288..73303.882 rows=123253 loops=1)
                           Hash Cond: (ci.role_id = rt.id)
                           Buffers: shared hit=6800931 read=680556, temp read=7838 written=7552
                           ->  Nested Loop  (cost=850985.59..936493.40 rows=10163 width=16) (actual time=1095.157..72268.067 rows=5552420 loops=1)
                                 Buffers: shared hit=6800930 read=680556, temp read=7838 written=7552
                                 ->  Nested Loop  (cost=850985.15..905511.73 rows=709 width=20) (actual time=1095.129..16546.754 rows=113268 loops=1)
                                       Buffers: shared hit=1708948 read=31308, temp read=7838 written=7552
                                       ->  Nested Loop  (cost=850985.01..905471.06 rows=1655 width=24) (actual time=1094.771..16410.452 rows=135592 loops=1)
                                             Buffers: shared hit=1708936 read=31308, temp read=7838 written=7552
                                             ->  Merge Join  (cost=850984.58..851865.04 rows=15367 width=16) (actual time=1094.722..1744.352 rows=429530 loops=1)
                                                   Merge Cond: (mi1.movie_id = mi2.movie_id)
                                                   Buffers: shared hit=15847 read=6277, temp read=7838 written=7552
                                                   ->  Sort  (cost=425863.63..426044.56 rows=72369 width=8) (actual time=572.096..697.248 rows=698279 loops=1)
                                                         Sort Key: mi1.movie_id
                                                         Sort Method: external sort  Disk: 15088kB
                                                         Buffers: shared hit=6316 read=4659, temp read=3765 written=3774
                                                         ->  Bitmap Heap Scan on movie_info mi1  (cost=16466.56..420022.34 rows=72369 width=8) (actual time=41.616..398.980 rows=698290 loops=1)
                                                               Recheck Cond: (info_type_id = 3)
                                                               Filter: ((info)::text = ANY ('{Action,Animation,Comedy,Documentary,Drama,Sci-Fi}'::text[]))
                                                               Rows Removed by Filter: 835619
                                                               Heap Blocks: exact=9772
                                                               Buffers: shared hit=6316 read=4659
                                                               ->  Bitmap Index Scan on info_type_id_movie_info  (cost=0.00..16448.47 rows=1538671 width=0) (actual time=40.429..40.430 rows=1533909 loops=1)
                                                                     Index Cond: (info_type_id = 3)
                                                                     Buffers: shared read=1203
                                                   ->  Sort  (cost=425120.94..425303.42 rows=72989 width=8) (actual time=522.614..692.283 rows=748860 loops=1)
                                                         Sort Key: mi2.movie_id
                                                         Sort Method: external sort  Disk: 15104kB
                                                         Buffers: shared hit=9531 read=1618, temp read=3921 written=3778
                                                         ->  Bitmap Heap Scan on movie_info mi2  (cost=15888.63..419225.11 rows=72989 width=8) (actual time=32.827..352.319 rows=698912 loops=1)
                                                               Recheck Cond: (info_type_id = 7)
                                                               Filter: ((info)::text = ANY ('{"OFM:35 mm",OFM:Video,PCS:Spherical,"RAT:1.33 : 1","RAT:1.85 : 1","RAT:2.35 : 1"}'::text[]))
                                                               Rows Removed by Filter: 702990
                                                               Heap Blocks: exact=10050
                                                               Buffers: shared hit=9531 read=1618
                                                               ->  Bitmap Index Scan on info_type_id_movie_info  (cost=0.00..15870.39 rows=1484527 width=0) (actual time=31.593..31.593 rows=1401902 loops=1)
                                                                     Index Cond: (info_type_id = 7)
                                                                     Buffers: shared hit=1 read=1098
                                             ->  Index Scan using title_pkey on title t  (cost=0.43..3.49 rows=1 width=8) (actual time=0.034..0.034 rows=0 loops=429530)
                                                   Index Cond: (id = mi1.movie_id)
                                                   Filter: ((production_year <= 2015) AND (1975 < production_year))
                                                   Rows Removed by Filter: 1
                                                   Buffers: shared hit=1693089 read=25031
                                       ->  Memoize  (cost=0.14..0.16 rows=1 width=4) (actual time=0.000..0.000 rows=1 loops=135592)
                                             Cache Key: t.kind_id
                                             Cache Mode: logical
                                             Hits: 135586  Misses: 6  Evictions: 0  Overflows: 0  Memory Usage: 1kB
                                             Buffers: shared hit=12
                                             ->  Index Scan using kind_type_pkey on kind_type kt  (cost=0.13..0.15 rows=1 width=4) (actual time=0.010..0.010 rows=0 loops=6)
                                                   Index Cond: (id = t.kind_id)
                                                   Filter: ((kind)::text = ANY ('{episode,movie,"video movie"}'::text[]))
                                                   Rows Removed by Filter: 0
                                                   Buffers: shared hit=12
                                 ->  Index Scan using movie_id_cast_info on cast_info ci  (cost=0.44..43.32 rows=38 width=12) (actual time=0.037..0.477 rows=49 loops=113268)
                                       Index Cond: (movie_id = t.id)
                                       Buffers: shared hit=5091982 read=649248
                           ->  Hash  (cost=1.15..1.15 rows=1 width=4) (actual time=0.016..0.017 rows=1 loops=1)
                                 Buckets: 1024  Batches: 1  Memory Usage: 9kB
                                 Buffers: shared hit=1
                                 ->  Seq Scan on role_type rt  (cost=0.00..1.15 rows=1 width=4) (actual time=0.008..0.009 rows=1 loops=1)
                                       Filter: ((role)::text = 'director'::text)
                                       Rows Removed by Filter: 11
                                       Buffers: shared hit=1
                     ->  Index Scan using name_pkey on name n  (cost=0.43..2.32 rows=1 width=4) (actual time=0.039..0.039 rows=1 loops=123253)
                           Index Cond: (id = ci.person_id)
                           Filter: ((gender)::text = 'm'::text)
                           Rows Removed by Filter: 0
                           Buffers: shared hit=415665 read=77347
 Planning:
   Buffers: shared hit=529 read=45
 Planning Time: 12.914 ms
 Execution Time: 78237.426 ms
(88 rows)

