                                                                                                                                                QUERY PLAN                                                                                                                                                 
-----------------------------------------------------------------------------------------------------------------------------------------------------------------------------------------------------------------------------------------------------------------------------------------------------------
 Aggregate  (cost=965326.23..965326.24 rows=1 width=8) (actual time=61341.435..61341.442 rows=1 loops=1)
   Buffers: shared hit=5696842 read=557297, temp read=8113 written=7423
   ->  Nested Loop  (cost=896070.50..965325.69 rows=217 width=0) (actual time=1577.657..61338.790 rows=5087 loops=1)
         Buffers: shared hit=5696842 read=557297, temp read=8113 written=7423
         ->  Seq Scan on info_type it2  (cost=0.00..2.41 rows=1 width=4) (actual time=0.035..0.046 rows=1 loops=1)
               Filter: (id = 7)
               Rows Removed by Filter: 112
               Buffers: shared hit=1
         ->  Nested Loop  (cost=896070.50..965321.11 rows=217 width=4) (actual time=1577.620..61337.208 rows=5087 loops=1)
               Buffers: shared hit=5696841 read=557297, temp read=8113 written=7423
               ->  Seq Scan on info_type it1  (cost=0.00..2.41 rows=1 width=4) (actual time=0.006..0.018 rows=1 loops=1)
                     Filter: (id = 3)
                     Rows Removed by Filter: 112
                     Buffers: shared hit=1
               ->  Nested Loop  (cost=896070.50..965316.53 rows=217 width=8) (actual time=1577.612..61335.333 rows=5087 loops=1)
                     Buffers: shared hit=5696840 read=557297, temp read=8113 written=7423
                     ->  Hash Join  (cost=896070.07..963145.46 rows=936 width=12) (actual time=1577.570..56372.413 rows=131081 loops=1)
                           Hash Cond: (ci.role_id = rt.id)
                           Buffers: shared hit=5221822 read=507991, temp read=8113 written=7423
                           ->  Nested Loop  (cost=896068.89..963124.32 rows=5619 width=16) (actual time=1577.244..55613.963 rows=3863087 loops=1)
                                 Buffers: shared hit=5221821 read=507991, temp read=8113 written=7423
                                 ->  Nested Loop  (cost=896068.45..945979.99 rows=392 width=20) (actual time=1577.200..16059.579 rows=93466 loops=1)
                                       Buffers: shared hit=1657019 read=46921, temp read=8113 written=7423
                                       ->  Nested Loop  (cost=896068.31..945945.64 rows=1371 width=24) (actual time=1132.978..15952.763 rows=105722 loops=1)
                                             Buffers: shared hit=1657007 read=46921, temp read=8113 written=7423
                                             ->  Merge Join  (cost=896067.88..896930.39 rows=14632 width=16) (actual time=1132.929..1785.654 rows=420451 loops=1)
                                                   Merge Cond: (mi1.movie_id = mi2.movie_id)
                                                   Buffers: shared hit=3 read=22121, temp read=8113 written=7423
                                                   ->  Sort  (cost=396462.70..396666.71 rows=81601 width=8) (actual time=498.878..638.292 rows=772339 loops=1)
                                                         Sort Key: mi1.movie_id
                                                         Sort Method: external sort  Disk: 16688kB
                                                         Buffers: shared hit=1 read=10974, temp read=4165 written=4175
                                                         ->  Bitmap Heap Scan on movie_info mi1  (cost=16468.89..389805.57 rows=81601 width=8) (actual time=41.077..305.850 rows=772342 loops=1)
                                                               Recheck Cond: (info_type_id = 3)
                                                               Filter: ((info)::text = ANY ('{Action,Comedy,Crime,Fantasy,Romance,Sci-Fi,Short,Thriller,War}'::text[]))
                                                               Rows Removed by Filter: 761567
                                                               Heap Blocks: exact=9772
                                                               Buffers: shared hit=1 read=10974
                                                               ->  Bitmap Index Scan on info_type_id_movie_info  (cost=0.00..16448.47 rows=1538671 width=0) (actual time=39.876..39.876 rows=1533909 loops=1)
                                                                     Index Cond: (info_type_id = 3)
                                                                     Buffers: shared read=1203
                                                   ->  Sort  (cost=499605.18..499759.27 rows=61637 width=8) (actual time=634.041..786.166 rows=727700 loops=1)
                                                         Sort Key: mi2.movie_id
                                                         Sort Method: external sort  Disk: 12984kB
                                                         Buffers: shared hit=2 read=11147, temp read=3594 written=3248
                                                         ->  Bitmap Heap Scan on movie_info mi2  (cost=15885.80..494701.49 rows=61637 width=8) (actual time=33.169..484.626 rows=600692 loops=1)
                                                               Recheck Cond: (info_type_id = 7)
                                                               Filter: ((info)::text = ANY ('{"CAM:Arriflex Cameras","CAM:Canon 7D","CAM:Red One Camera","PCS:Super 35","PFM:35 mm",PFM:D-Cinema,"RAT:1.33 : 1","RAT:1.37 : 1","RAT:1.78 : 1 / (high definition)","RAT:1.78 : 1","RAT:16:9 HD"}'::text[]))
                                                               Rows Removed by Filter: 801210
                                                               Heap Blocks: exact=10050
                                                               Buffers: shared hit=2 read=11147
                                                               ->  Bitmap Index Scan on info_type_id_movie_info  (cost=0.00..15870.39 rows=1484527 width=0) (actual time=31.930..31.931 rows=1401902 loops=1)
                                                                     Index Cond: (info_type_id = 7)
                                                                     Buffers: shared hit=1 read=1098
                                             ->  Index Scan using title_pkey on title t  (cost=0.43..3.35 rows=1 width=8) (actual time=0.033..0.033 rows=0 loops=420451)
                                                   Index Cond: (id = mi1.movie_id)
                                                   Filter: ((production_year <= 2015) AND (1990 < production_year))
                                                   Rows Removed by Filter: 1
                                                   Buffers: shared hit=1657004 read=24800
                                       ->  Memoize  (cost=0.14..0.16 rows=1 width=4) (actual time=0.000..0.000 rows=1 loops=105722)
                                             Cache Key: t.kind_id
                                             Cache Mode: logical
                                             Hits: 105716  Misses: 6  Evictions: 0  Overflows: 0  Memory Usage: 1kB
                                             Buffers: shared hit=12
                                             ->  Index Scan using kind_type_pkey on kind_type kt  (cost=0.13..0.15 rows=1 width=4) (actual time=0.010..0.010 rows=0 loops=6)
                                                   Index Cond: (id = t.kind_id)
                                                   Filter: ((kind)::text = ANY ('{movie,"video movie"}'::text[]))
                                                   Rows Removed by Filter: 1
                                                   Buffers: shared hit=12
                                 ->  Index Scan using movie_id_cast_info on cast_info ci  (cost=0.44..43.36 rows=38 width=12) (actual time=0.036..0.411 rows=41 loops=93466)
                                       Index Cond: (movie_id = t.id)
                                       Buffers: shared hit=3564802 read=461070
                           ->  Hash  (cost=1.15..1.15 rows=2 width=4) (actual time=0.016..0.017 rows=2 loops=1)
                                 Buckets: 1024  Batches: 1  Memory Usage: 9kB
                                 Buffers: shared hit=1
                                 ->  Seq Scan on role_type rt  (cost=0.00..1.15 rows=2 width=4) (actual time=0.008..0.010 rows=2 loops=1)
                                       Filter: ((role)::text = ANY ('{cinematographer,"production designer"}'::text[]))
                                       Rows Removed by Filter: 10
                                       Buffers: shared hit=1
                     ->  Index Scan using name_pkey on name n  (cost=0.43..2.32 rows=1 width=4) (actual time=0.037..0.037 rows=0 loops=131081)
                           Index Cond: (id = ci.person_id)
                           Filter: ((gender)::text = 'f'::text)
                           Rows Removed by Filter: 1
                           Buffers: shared hit=475018 read=49306
 Planning:
   Buffers: shared hit=487 read=90
 Planning Time: 12.065 ms
 Execution Time: 61351.376 ms
(88 rows)

