                                                                                            QUERY PLAN                                                                                            
--------------------------------------------------------------------------------------------------------------------------------------------------------------------------------------------------
 Aggregate  (cost=609915.10..609915.11 rows=1 width=8) (actual time=1518.061..1518.068 rows=1 loops=1)
   Buffers: shared hit=59137 read=62248, temp read=638 written=638
   ->  Nested Loop  (cost=95919.70..609914.80 rows=120 width=0) (actual time=439.565..1518.035 rows=78 loops=1)
         Buffers: shared hit=59137 read=62248, temp read=638 written=638
         ->  Hash Join  (cost=95919.27..609488.01 rows=184 width=4) (actual time=425.411..1504.065 rows=325 loops=1)
               Hash Cond: (ci.role_id = rt.id)
               Buffers: shared hit=57920 read=62165, temp read=638 written=638
               ->  Nested Loop  (cost=95918.10..609482.91 rows=1104 width=8) (actual time=420.705..1501.321 rows=18419 loops=1)
                     Buffers: shared hit=57919 read=62165, temp read=638 written=638
                     ->  Nested Loop  (cost=95917.66..606052.23 rows=77 width=12) (actual time=420.338..1295.472 rows=2868 loops=1)
                           Buffers: shared hit=35287 read=58741, temp read=638 written=638
                           ->  Seq Scan on info_type it2  (cost=0.00..2.41 rows=1 width=4) (actual time=0.022..0.026 rows=1 loops=1)
                                 Filter: (id = 7)
                                 Rows Removed by Filter: 112
                                 Buffers: shared hit=1
                           ->  Nested Loop  (cost=95917.66..606049.05 rows=77 width=16) (actual time=420.315..1294.939 rows=2868 loops=1)
                                 Buffers: shared hit=35286 read=58741, temp read=638 written=638
                                 ->  Seq Scan on info_type it1  (cost=0.00..2.41 rows=1 width=4) (actual time=0.007..0.016 rows=1 loops=1)
                                       Filter: (id = 3)
                                       Rows Removed by Filter: 112
                                       Buffers: shared hit=1
                                 ->  Nested Loop  (cost=95917.66..606045.86 rows=77 width=20) (actual time=420.305..1294.402 rows=2868 loops=1)
                                       Buffers: shared hit=35285 read=58741, temp read=638 written=638
                                       ->  Hash Join  (cost=95917.22..485577.31 rows=2807 width=12) (actual time=420.203..846.906 rows=4331 loops=1)
                                             Hash Cond: (mi1.movie_id = t.id)
                                             Buffers: shared hit=3118 read=44249, temp read=638 written=638
                                             ->  Bitmap Heap Scan on movie_info mi1  (cost=16457.52..404903.75 rows=36210 width=8) (actual time=39.232..390.233 rows=362521 loops=1)
                                                   Recheck Cond: (info_type_id = 3)
                                                   Filter: ((info)::text = ANY ('{Adventure,Animation,Crime,Drama,Western}'::text[]))
                                                   Rows Removed by Filter: 1171388
                                                   Heap Blocks: exact=9772
                                                   Buffers: shared hit=10 read=10965
                                                   ->  Bitmap Index Scan on info_type_id_movie_info  (cost=0.00..16448.47 rows=1538671 width=0) (actual time=38.033..38.033 rows=1533909 loops=1)
                                                         Index Cond: (info_type_id = 3)
                                                         Buffers: shared read=1203
                                             ->  Hash  (cost=76244.10..76244.10 rows=195968 width=4) (actual time=379.862..379.865 rows=11843 loops=1)
                                                   Buckets: 262144  Batches: 2  Memory Usage: 2260kB
                                                   Buffers: shared hit=3108 read=33284, temp written=17
                                                   ->  Hash Join  (cost=1.13..76244.10 rows=195968 width=4) (actual time=0.126..377.233 rows=11843 loops=1)
                                                         Hash Cond: (t.kind_id = kt.id)
                                                         Buffers: shared hit=3108 read=33284
                                                         ->  Seq Scan on title t  (cost=0.00..74315.95 rows=457258 width=8) (actual time=0.021..351.757 rows=451569 loops=1)
                                                               Filter: ((production_year <= 1975) AND (1875 < production_year))
                                                               Rows Removed by Filter: 2076743
                                                               Buffers: shared hit=3107 read=33284
                                                         ->  Hash  (cost=1.10..1.10 rows=3 width=4) (actual time=0.012..0.013 rows=3 loops=1)
                                                               Buckets: 1024  Batches: 1  Memory Usage: 9kB
                                                               Buffers: shared hit=1
                                                               ->  Seq Scan on kind_type kt  (cost=0.00..1.10 rows=3 width=4) (actual time=0.008..0.009 rows=3 loops=1)
                                                                     Filter: ((kind)::text = ANY ('{"tv series","video game","video movie"}'::text[]))
                                                                     Rows Removed by Filter: 4
                                                                     Buffers: shared hit=1
                                       ->  Index Scan using movie_id_movie_info on movie_info mi2  (cost=0.43..42.91 rows=1 width=8) (actual time=0.086..0.103 rows=1 loops=4331)
                                             Index Cond: (movie_id = t.id)
                                             Filter: ((info_type_id = 7) AND ((info)::text = ANY ('{"MET:600 m","OFM:35 mm",PCS:Spherical,"PFM:35 mm"}'::text[])))
                                             Rows Removed by Filter: 13
                                             Buffers: shared hit=32167 read=14492
                     ->  Index Scan using movie_id_cast_info on cast_info ci  (cost=0.44..44.17 rows=38 width=12) (actual time=0.028..0.070 rows=6 loops=2868)
                           Index Cond: (movie_id = t.id)
                           Buffers: shared hit=22632 read=3424
               ->  Hash  (cost=1.15..1.15 rows=2 width=4) (actual time=0.024..0.025 rows=2 loops=1)
                     Buckets: 1024  Batches: 1  Memory Usage: 9kB
                     Buffers: shared hit=1
                     ->  Seq Scan on role_type rt  (cost=0.00..1.15 rows=2 width=4) (actual time=0.019..0.020 rows=2 loops=1)
                           Filter: ((role)::text = ANY ('{"costume designer","production designer"}'::text[]))
                           Rows Removed by Filter: 10
                           Buffers: shared hit=1
         ->  Index Scan using name_pkey on name n  (cost=0.43..2.32 rows=1 width=4) (actual time=0.042..0.042 rows=0 loops=325)
               Index Cond: (id = ci.person_id)
               Filter: ((gender)::text = ANY ('{f,m}'::text[]))
               Rows Removed by Filter: 1
               Buffers: shared hit=1217 read=83
 Planning:
   Buffers: shared hit=484 read=90
 Planning Time: 9.635 ms
 Execution Time: 1518.485 ms
(76 rows)

