                                                                                               QUERY PLAN                                                                                               
--------------------------------------------------------------------------------------------------------------------------------------------------------------------------------------------------------
 Aggregate  (cost=1036500.41..1036500.42 rows=1 width=8) (actual time=6514.365..6514.374 rows=1 loops=1)
   Buffers: shared hit=446359 read=156944, temp read=2817 written=2817
   ->  Nested Loop  (cost=549193.64..1036498.99 rows=571 width=0) (actual time=1163.197..6513.663 rows=2351 loops=1)
         Buffers: shared hit=446359 read=156944, temp read=2817 written=2817
         ->  Seq Scan on info_type it2  (cost=0.00..2.41 rows=1 width=4) (actual time=0.048..0.053 rows=1 loops=1)
               Filter: (id = 7)
               Rows Removed by Filter: 112
               Buffers: shared hit=1
         ->  Nested Loop  (cost=549193.64..1036490.86 rows=571 width=4) (actual time=1163.148..6513.148 rows=2351 loops=1)
               Buffers: shared hit=446358 read=156944, temp read=2817 written=2817
               ->  Seq Scan on info_type it1  (cost=0.00..2.41 rows=1 width=4) (actual time=0.009..0.017 rows=1 loops=1)
                     Filter: (id = 3)
                     Rows Removed by Filter: 112
                     Buffers: shared hit=1
               ->  Nested Loop  (cost=549193.64..1036482.74 rows=571 width=8) (actual time=1163.135..6512.612 rows=2351 loops=1)
                     Buffers: shared hit=446357 read=156944, temp read=2817 written=2817
                     ->  Hash Join  (cost=549193.21..1033323.56 rows=1362 width=12) (actual time=1155.096..6300.430 rows=7112 loops=1)
                           Hash Cond: (ci.role_id = rt.id)
                           Buffers: shared hit=419733 read=155120, temp read=2817 written=2817
                           ->  Nested Loop  (cost=549192.04..1033264.35 rows=16341 width=16) (actual time=1154.669..6240.798 rows=485611 loops=1)
                                 Buffers: shared hit=419732 read=155120, temp read=2817 written=2817
                                 ->  Hash Join  (cost=549191.60..983405.82 rows=1140 width=20) (actual time=1154.632..1969.625 rows=13697 loops=1)
                                       Hash Cond: (mi1.movie_id = t.id)
                                       Buffers: shared hit=9170 read=49346, temp read=2817 written=2817
                                       ->  Bitmap Heap Scan on movie_info mi1  (cost=16477.00..450251.87 rows=114118 width=8) (actual time=43.076..698.254 rows=1091376 loops=1)
                                             Recheck Cond: (info_type_id = 3)
                                             Filter: ((info)::text = ANY ('{Adult,Comedy,Documentary,Drama,Horror,Music,Mystery,Short}'::text[]))
                                             Rows Removed by Filter: 442533
                                             Heap Blocks: exact=9772
                                             Buffers: shared hit=286 read=10689
                                             ->  Bitmap Index Scan on info_type_id_movie_info  (cost=0.00..16448.47 rows=1538671 width=0) (actual time=41.880..41.880 rows=1533909 loops=1)
                                                   Index Cond: (info_type_id = 3)
                                                   Buffers: shared read=1203
                                       ->  Hash  (cost=532398.89..532398.89 rows=25257 width=12) (actual time=1111.394..1111.398 rows=14877 loops=1)
                                             Buckets: 32768  Batches: 1  Memory Usage: 896kB
                                             Buffers: shared hit=8884 read=38657, temp read=2817 written=2817
                                             ->  Hash Join  (cost=109807.39..532398.89 rows=25257 width=12) (actual time=576.640..1108.693 rows=14877 loops=1)
                                                   Hash Cond: (mi2.movie_id = t.id)
                                                   Buffers: shared hit=8884 read=38657, temp read=2817 written=2817
                                                   ->  Bitmap Heap Scan on movie_info mi2  (cost=15891.76..434324.08 rows=85497 width=8) (actual time=35.141..402.280 rows=821349 loops=1)
                                                         Recheck Cond: (info_type_id = 7)
                                                         Filter: ((info)::text = ANY ('{"OFM:16 mm","OFM:35 mm",OFM:Video,"PFM:35 mm","RAT:1.33 : 1","RAT:1.66 : 1","RAT:1.85 : 1"}'::text[]))
                                                         Rows Removed by Filter: 580553
                                                         Heap Blocks: exact=10050
                                                         Buffers: shared hit=7316 read=3833
                                                         ->  Bitmap Index Scan on info_type_id_movie_info  (cost=0.00..15870.39 rows=1484527 width=0) (actual time=33.888..33.888 rows=1401902 loops=1)
                                                               Index Cond: (info_type_id = 7)
                                                               Buffers: shared hit=1 read=1098
                                                   ->  Hash  (cost=81661.50..81661.50 rows=746890 width=4) (actual time=540.185..540.188 rows=138444 loops=1)
                                                         Buckets: 262144  Batches: 8  Memory Usage: 2656kB
                                                         Buffers: shared hit=1568 read=34824, temp written=350
                                                         ->  Hash Join  (cost=1.13..81661.50 rows=746890 width=4) (actual time=0.050..519.495 rows=138444 loops=1)
                                                               Hash Cond: (t.kind_id = kt.id)
                                                               Buffers: shared hit=1568 read=34824
                                                               ->  Seq Scan on title t  (cost=0.00..74315.95 rows=1742744 width=8) (actual time=0.027..417.274 rows=1748995 loops=1)
                                                                     Filter: ((production_year <= 2015) AND (1990 < production_year))
                                                                     Rows Removed by Filter: 779317
                                                                     Buffers: shared hit=1567 read=34824
                                                               ->  Hash  (cost=1.10..1.10 rows=3 width=4) (actual time=0.014..0.015 rows=3 loops=1)
                                                                     Buckets: 1024  Batches: 1  Memory Usage: 9kB
                                                                     Buffers: shared hit=1
                                                                     ->  Seq Scan on kind_type kt  (cost=0.00..1.10 rows=3 width=4) (actual time=0.008..0.009 rows=3 loops=1)
                                                                           Filter: ((kind)::text = ANY ('{"tv movie","tv series","video game"}'::text[]))
                                                                           Rows Removed by Filter: 4
                                                                           Buffers: shared hit=1
                                 ->  Index Scan using movie_id_cast_info on cast_info ci  (cost=0.44..43.36 rows=38 width=12) (actual time=0.033..0.304 rows=35 loops=13697)
                                       Index Cond: (movie_id = t.id)
                                       Buffers: shared hit=410562 read=105774
                           ->  Hash  (cost=1.15..1.15 rows=1 width=4) (actual time=0.024..0.025 rows=1 loops=1)
                                 Buckets: 1024  Batches: 1  Memory Usage: 9kB
                                 Buffers: shared hit=1
                                 ->  Seq Scan on role_type rt  (cost=0.00..1.15 rows=1 width=4) (actual time=0.011..0.012 rows=1 loops=1)
                                       Filter: ((role)::text = 'production designer'::text)
                                       Rows Removed by Filter: 11
                                       Buffers: shared hit=1
                     ->  Index Scan using name_pkey on name n  (cost=0.43..2.32 rows=1 width=4) (actual time=0.029..0.029 rows=0 loops=7112)
                           Index Cond: (id = ci.person_id)
                           Filter: ((gender)::text = 'm'::text)
                           Rows Removed by Filter: 1
                           Buffers: shared hit=26624 read=1824
 Planning:
   Buffers: shared hit=520 read=54
 Planning Time: 14.428 ms
 Execution Time: 6514.976 ms
(84 rows)

