                                                                                                           QUERY PLAN                                                                                                           
--------------------------------------------------------------------------------------------------------------------------------------------------------------------------------------------------------------------------------
 Aggregate  (cost=928300.63..928300.64 rows=1 width=8) (actual time=64449.733..64449.741 rows=1 loops=1)
   Buffers: shared hit=6024093 read=562777, temp read=7902 written=7090
   ->  Nested Loop  (cost=865196.36..928299.44 rows=478 width=0) (actual time=1126.994..64418.182 rows=147170 loops=1)
         Buffers: shared hit=6024093 read=562777, temp read=7902 written=7090
         ->  Seq Scan on info_type it2  (cost=0.00..2.41 rows=1 width=4) (actual time=0.044..0.055 rows=1 loops=1)
               Filter: (id = 7)
               Rows Removed by Filter: 112
               Buffers: shared hit=1
         ->  Nested Loop  (cost=865196.36..928292.24 rows=478 width=4) (actual time=1126.949..64384.271 rows=147170 loops=1)
               Buffers: shared hit=6024092 read=562777, temp read=7902 written=7090
               ->  Seq Scan on info_type it1  (cost=0.00..2.41 rows=1 width=4) (actual time=0.009..0.022 rows=1 loops=1)
                     Filter: (id = 3)
                     Rows Removed by Filter: 112
                     Buffers: shared hit=1
               ->  Nested Loop  (cost=865196.36..928285.05 rows=478 width=8) (actual time=1126.938..64348.183 rows=147170 loops=1)
                     Buffers: shared hit=6024091 read=562777, temp read=7902 written=7090
                     ->  Hash Join  (cost=865195.93..925640.80 rows=1140 width=12) (actual time=1126.912..51270.920 rows=354230 loops=1)
                           Hash Cond: (ci.role_id = rt.id)
                           Buffers: shared hit=4685711 read=484237, temp read=7902 written=7090
                           ->  Nested Loop  (cost=865194.76..925615.34 rows=6837 width=16) (actual time=1126.809..50554.727 rows=3204813 loops=1)
                                 Buffers: shared hit=4685710 read=484237, temp read=7902 written=7090
                                 ->  Nested Loop  (cost=865194.32..904753.48 rows=477 width=20) (actual time=1126.780..17720.741 rows=74369 loops=1)
                                       Buffers: shared hit=1794351 read=32813, temp read=7902 written=7090
                                       ->  Nested Loop  (cost=865194.18..904725.79 rows=1113 width=24) (actual time=1126.361..17636.006 rows=80294 loops=1)
                                             Buffers: shared hit=1794339 read=32813, temp read=7902 written=7090
                                             ->  Merge Join  (cost=865193.75..865986.86 rows=11882 width=16) (actual time=1126.318..1782.024 rows=451257 loops=1)
                                                   Merge Cond: (mi1.movie_id = mi2.movie_id)
                                                   Buffers: shared hit=6217 read=15907, temp read=7902 written=7090
                                                   ->  Sort  (cost=412227.60..412449.93 rows=88935 width=8) (actual time=596.257..749.654 rows=864330 loops=1)
                                                         Sort Key: mi1.movie_id
                                                         Sort Method: external sort  Disk: 18680kB
                                                         Buffers: shared hit=5532 read=5443, temp read=4661 written=4673
                                                         ->  Bitmap Heap Scan on movie_info mi1  (cost=16470.70..404916.93 rows=88935 width=8) (actual time=41.520..384.038 rows=864335 loops=1)
                                                               Recheck Cond: (info_type_id = 3)
                                                               Filter: ((info)::text = ANY ('{Animation,Comedy,Crime,Drama,Short}'::text[]))
                                                               Rows Removed by Filter: 669574
                                                               Heap Blocks: exact=9772
                                                               Buffers: shared hit=5532 read=5443
                                                               ->  Bitmap Index Scan on info_type_id_movie_info  (cost=0.00..16448.47 rows=1538671 width=0) (actual time=40.338..40.338 rows=1533909 loops=1)
                                                                     Index Cond: (info_type_id = 3)
                                                                     Buffers: shared read=1203
                                                   ->  Sort  (cost=452966.15..453080.96 rows=45924 width=8) (actual time=530.051..671.575 rows=596160 loops=1)
                                                         Sort Key: mi2.movie_id
                                                         Sort Method: external sort  Disk: 9664kB
                                                         Buffers: shared hit=685 read=10464, temp read=2826 written=2417
                                                         ->  Bitmap Heap Scan on movie_info mi2  (cost=15881.87..449410.03 rows=45924 width=8) (actual time=32.344..419.703 rows=447030 loops=1)
                                                               Recheck Cond: (info_type_id = 7)
                                                               Filter: ((info)::text = ANY ('{"CAM:Red One Camera","OFM:16 mm",PCS:Spherical,"PCS:Super 16","PCS:Super 35","PFM:35 mm","RAT:1.66 : 1","RAT:16:9 HD"}'::text[]))
                                                               Rows Removed by Filter: 954872
                                                               Heap Blocks: exact=10050
                                                               Buffers: shared hit=685 read=10464
                                                               ->  Bitmap Index Scan on info_type_id_movie_info  (cost=0.00..15870.39 rows=1484527 width=0) (actual time=31.098..31.099 rows=1401902 loops=1)
                                                                     Index Cond: (info_type_id = 7)
                                                                     Buffers: shared hit=1 read=1098
                                             ->  Index Scan using title_pkey on title t  (cost=0.43..3.26 rows=1 width=8) (actual time=0.035..0.035 rows=0 loops=451257)
                                                   Index Cond: (id = mi1.movie_id)
                                                   Filter: ((production_year <= 2015) AND (1990 < production_year))
                                                   Rows Removed by Filter: 1
                                                   Buffers: shared hit=1788122 read=16906
                                       ->  Memoize  (cost=0.14..0.16 rows=1 width=4) (actual time=0.000..0.000 rows=1 loops=80294)
                                             Cache Key: t.kind_id
                                             Cache Mode: logical
                                             Hits: 80288  Misses: 6  Evictions: 0  Overflows: 0  Memory Usage: 1kB
                                             Buffers: shared hit=12
                                             ->  Index Scan using kind_type_pkey on kind_type kt  (cost=0.13..0.15 rows=1 width=4) (actual time=0.010..0.010 rows=0 loops=6)
                                                   Index Cond: (id = t.kind_id)
                                                   Filter: ((kind)::text = ANY ('{episode,movie,"video movie"}'::text[]))
                                                   Rows Removed by Filter: 0
                                                   Buffers: shared hit=12
                                 ->  Index Scan using movie_id_cast_info on cast_info ci  (cost=0.44..43.36 rows=38 width=12) (actual time=0.038..0.429 rows=43 loops=74369)
                                       Index Cond: (movie_id = t.id)
                                       Buffers: shared hit=2891359 read=451424
                           ->  Hash  (cost=1.15..1.15 rows=2 width=4) (actual time=0.019..0.020 rows=2 loops=1)
                                 Buckets: 1024  Batches: 1  Memory Usage: 9kB
                                 Buffers: shared hit=1
                                 ->  Seq Scan on role_type rt  (cost=0.00..1.15 rows=2 width=4) (actual time=0.010..0.013 rows=2 loops=1)
                                       Filter: ((role)::text = ANY ('{director,producer}'::text[]))
                                       Rows Removed by Filter: 10
                                       Buffers: shared hit=1
                     ->  Index Scan using name_pkey on name n  (cost=0.43..2.32 rows=1 width=4) (actual time=0.036..0.036 rows=0 loops=354230)
                           Index Cond: (id = ci.person_id)
                           Filter: ((gender)::text = 'm'::text)
                           Rows Removed by Filter: 1
                           Buffers: shared hit=1338380 read=78540
 Planning:
   Buffers: shared hit=574
 Planning Time: 12.887 ms
 Execution Time: 64459.492 ms
(88 rows)

