                                                                                               QUERY PLAN                                                                                               
--------------------------------------------------------------------------------------------------------------------------------------------------------------------------------------------------------
 Aggregate  (cost=1026166.34..1026166.35 rows=1 width=8) (actual time=109992.871..109992.882 rows=1 loops=1)
   Buffers: shared hit=10422674 read=910644, temp read=11832 written=11832
   ->  Nested Loop  (cost=549278.04..1026163.40 rows=1174 width=0) (actual time=1641.077..109924.308 rows=318100 loops=1)
         Buffers: shared hit=10422674 read=910644, temp read=11832 written=11832
         ->  Hash Join  (cost=549277.61..1019673.39 rows=2798 width=4) (actual time=1640.516..79950.173 rows=828771 loops=1)
               Hash Cond: (ci.role_id = rt.id)
               Buffers: shared hit=7222958 read=795276, temp read=11832 written=11832
               ->  Nested Loop  (cost=549276.44..1019612.59 rows=16785 width=8) (actual time=1640.398..78264.616 rows=7624071 loops=1)
                     Buffers: shared hit=7222957 read=795276, temp read=11832 written=11832
                     ->  Nested Loop  (cost=549276.00..968398.26 rows=1171 width=12) (actual time=1640.360..3357.151 rows=180527 loops=1)
                           Buffers: shared hit=3112 read=55406, temp read=11832 written=11832
                           ->  Seq Scan on info_type it2  (cost=0.00..2.41 rows=1 width=4) (actual time=0.025..0.036 rows=1 loops=1)
                                 Filter: (id = 7)
                                 Rows Removed by Filter: 112
                                 Buffers: shared hit=1
                           ->  Nested Loop  (cost=549276.00..968384.14 rows=1171 width=16) (actual time=1640.333..3309.554 rows=180527 loops=1)
                                 Buffers: shared hit=3111 read=55406, temp read=11832 written=11832
                                 ->  Seq Scan on info_type it1  (cost=0.00..2.41 rows=1 width=4) (actual time=0.008..0.023 rows=1 loops=1)
                                       Filter: (id = 3)
                                       Rows Removed by Filter: 112
                                       Buffers: shared hit=1
                                 ->  Hash Join  (cost=549276.00..968370.02 rows=1171 width=20) (actual time=1640.322..3261.679 rows=180527 loops=1)
                                       Hash Cond: (mi1.movie_id = t.id)
                                       Buffers: shared hit=3110 read=55406, temp read=11832 written=11832
                                       ->  Bitmap Heap Scan on movie_info mi1  (cost=16476.27..435141.59 rows=111195 width=8) (actual time=41.685..949.320 rows=1067623 loops=1)
                                             Recheck Cond: (info_type_id = 3)
                                             Filter: ((info)::text = ANY ('{Adventure,Comedy,Documentary,Drama,Romance,Short,Thriller}'::text[]))
                                             Rows Removed by Filter: 466286
                                             Heap Blocks: exact=9772
                                             Buffers: shared read=10975
                                             ->  Bitmap Index Scan on info_type_id_movie_info  (cost=0.00..16448.47 rows=1538671 width=0) (actual time=40.498..40.498 rows=1533909 loops=1)
                                                   Index Cond: (info_type_id = 3)
                                                   Buffers: shared read=1203
                                       ->  Hash  (cost=532466.98..532466.98 rows=26620 width=12) (actual time=1598.385..1598.391 rows=163115 loops=1)
                                             Buckets: 262144 (originally 32768)  Batches: 2 (originally 1)  Memory Usage: 6145kB
                                             Buffers: shared hit=3110 read=44431, temp read=8946 written=9265
                                             ->  Hash Join  (cost=109808.54..532466.98 rows=26620 width=12) (actual time=888.113..1569.667 rows=163115 loops=1)
                                                   Hash Cond: (mi2.movie_id = t.id)
                                                   Buffers: shared hit=3110 read=44431, temp read=8946 written=8946
                                                   ->  Bitmap Heap Scan on movie_info mi2  (cost=15892.92..434325.24 rows=90111 width=8) (actual time=35.531..391.528 rows=847651 loops=1)
                                                         Recheck Cond: (info_type_id = 7)
                                                         Filter: ((info)::text = ANY ('{"OFM:16 mm","OFM:35 mm","PFM:35 mm","RAT:1.33 : 1","RAT:1.78 : 1","RAT:1.85 : 1","RAT:2.35 : 1"}'::text[]))
                                                         Rows Removed by Filter: 554251
                                                         Heap Blocks: exact=10050
                                                         Buffers: shared hit=2 read=11147
                                                         ->  Bitmap Index Scan on info_type_id_movie_info  (cost=0.00..15870.39 rows=1484527 width=0) (actual time=34.303..34.303 rows=1401902 loops=1)
                                                               Index Cond: (info_type_id = 7)
                                                               Buffers: shared hit=1 read=1098
                                                   ->  Hash  (cost=81661.50..81661.50 rows=746890 width=4) (actual time=851.306..851.309 rows=1610551 loops=1)
                                                         Buckets: 262144 (originally 262144)  Batches: 16 (originally 8)  Memory Usage: 6145kB
                                                         Buffers: shared hit=3108 read=33284, temp written=4414
                                                         ->  Hash Join  (cost=1.13..81661.50 rows=746890 width=4) (actual time=0.042..636.894 rows=1610551 loops=1)
                                                               Hash Cond: (t.kind_id = kt.id)
                                                               Buffers: shared hit=3108 read=33284
                                                               ->  Seq Scan on title t  (cost=0.00..74315.95 rows=1742744 width=8) (actual time=0.022..439.832 rows=1748995 loops=1)
                                                                     Filter: ((production_year <= 2015) AND (1990 < production_year))
                                                                     Rows Removed by Filter: 779317
                                                                     Buffers: shared hit=3107 read=33284
                                                               ->  Hash  (cost=1.10..1.10 rows=3 width=4) (actual time=0.012..0.014 rows=3 loops=1)
                                                                     Buckets: 1024  Batches: 1  Memory Usage: 9kB
                                                                     Buffers: shared hit=1
                                                                     ->  Seq Scan on kind_type kt  (cost=0.00..1.10 rows=3 width=4) (actual time=0.007..0.008 rows=3 loops=1)
                                                                           Filter: ((kind)::text = ANY ('{episode,movie,"video movie"}'::text[]))
                                                                           Rows Removed by Filter: 4
                                                                           Buffers: shared hit=1
                     ->  Index Scan using movie_id_cast_info on cast_info ci  (cost=0.44..43.36 rows=38 width=12) (actual time=0.037..0.403 rows=42 loops=180527)
                           Index Cond: (movie_id = t.id)
                           Buffers: shared hit=7219845 read=739870
               ->  Hash  (cost=1.15..1.15 rows=2 width=4) (actual time=0.032..0.033 rows=2 loops=1)
                     Buckets: 1024  Batches: 1  Memory Usage: 9kB
                     Buffers: shared hit=1
                     ->  Seq Scan on role_type rt  (cost=0.00..1.15 rows=2 width=4) (actual time=0.022..0.024 rows=2 loops=1)
                           Filter: ((role)::text = ANY ('{composer,producer}'::text[]))
                           Rows Removed by Filter: 10
                           Buffers: shared hit=1
         ->  Index Scan using name_pkey on name n  (cost=0.43..2.32 rows=1 width=4) (actual time=0.036..0.036 rows=0 loops=828771)
               Index Cond: (id = ci.person_id)
               Filter: ((gender)::text = 'm'::text)
               Rows Removed by Filter: 1
               Buffers: shared hit=3199716 read=115368
 Planning:
   Buffers: shared hit=485 read=89
 Planning Time: 13.077 ms
 Execution Time: 109993.593 ms
(84 rows)

