                                                                                               QUERY PLAN                                                                                                
---------------------------------------------------------------------------------------------------------------------------------------------------------------------------------------------------------
 Aggregate  (cost=434193.90..434193.91 rows=1 width=8) (actual time=2098.038..2098.045 rows=1 loops=1)
   Buffers: shared hit=14860 read=63414
   ->  Nested Loop  (cost=74992.35..434193.89 rows=3 width=0) (actual time=1938.566..2098.037 rows=5 loops=1)
         Buffers: shared hit=14860 read=63414
         ->  Seq Scan on info_type it2  (cost=0.00..2.41 rows=1 width=4) (actual time=0.054..0.059 rows=1 loops=1)
               Filter: (id = 7)
               Rows Removed by Filter: 112
               Buffers: shared hit=1
         ->  Nested Loop  (cost=74992.35..434191.45 rows=3 width=4) (actual time=1938.509..2097.974 rows=5 loops=1)
               Buffers: shared hit=14859 read=63414
               ->  Seq Scan on info_type it1  (cost=0.00..2.41 rows=1 width=4) (actual time=0.010..0.016 rows=1 loops=1)
                     Filter: (id = 3)
                     Rows Removed by Filter: 112
                     Buffers: shared hit=1
               ->  Nested Loop  (cost=74992.35..434189.01 rows=3 width=8) (actual time=1938.498..2097.955 rows=5 loops=1)
                     Join Filter: (t.id = mi2.movie_id)
                     Buffers: shared hit=14858 read=63414
                     ->  Nested Loop  (cost=74991.92..430388.37 rows=90 width=16) (actual time=1238.358..2097.797 rows=5 loops=1)
                           Join Filter: (t.id = mi1.movie_id)
                           Buffers: shared hit=14798 read=63413
                           ->  Nested Loop  (cost=74991.48..249808.23 rows=4271 width=8) (actual time=550.534..2096.667 rows=16 loops=1)
                                 Buffers: shared hit=14719 read=63323
                                 ->  Hash Join  (cost=74991.05..207154.58 rows=18389 width=12) (actual time=408.011..2094.508 rows=86 loops=1)
                                       Hash Cond: (t.kind_id = kt.id)
                                       Buffers: shared hit=14503 read=63195
                                       ->  Hash Join  (cost=74989.94..206882.22 rows=64364 width=16) (actual time=386.053..2093.025 rows=18686 loops=1)
                                             Hash Cond: (ci.movie_id = t.id)
                                             Buffers: shared hit=14502 read=63195
                                             ->  Nested Loop  (cost=0.44..123965.00 rows=3020080 width=8) (actual time=0.104..1264.065 rows=4323018 loops=1)
                                                   Buffers: shared hit=13422 read=27884
                                                   ->  Seq Scan on role_type rt  (cost=0.00..1.15 rows=1 width=4) (actual time=0.010..0.012 rows=1 loops=1)
                                                         Filter: ((role)::text = 'miscellaneous crew'::text)
                                                         Rows Removed by Filter: 11
                                                         Buffers: shared hit=1
                                                   ->  Index Scan using role_id_cast_info on cast_info ci  (cost=0.44..91017.52 rows=3294633 width=12) (actual time=0.091..834.092 rows=4323018 loops=1)
                                                         Index Cond: (role_id = rt.id)
                                                         Buffers: shared hit=13421 read=27884
                                             ->  Hash  (cost=74315.95..74315.95 rows=53884 width=8) (actual time=385.311..385.311 rows=51669 loops=1)
                                                   Buckets: 65536  Batches: 1  Memory Usage: 2531kB
                                                   Buffers: shared hit=1080 read=35311
                                                   ->  Seq Scan on title t  (cost=0.00..74315.95 rows=53884 width=8) (actual time=0.484..375.347 rows=51669 loops=1)
                                                         Filter: ((production_year <= 1949) AND (1928 < production_year))
                                                         Rows Removed by Filter: 2476643
                                                         Buffers: shared hit=1080 read=35311
                                       ->  Hash  (cost=1.09..1.09 rows=2 width=4) (actual time=0.023..0.023 rows=2 loops=1)
                                             Buckets: 1024  Batches: 1  Memory Usage: 9kB
                                             Buffers: shared hit=1
                                             ->  Seq Scan on kind_type kt  (cost=0.00..1.09 rows=2 width=4) (actual time=0.014..0.016 rows=2 loops=1)
                                                   Filter: ((kind)::text = ANY ('{"tv movie","tv series"}'::text[]))
                                                   Rows Removed by Filter: 5
                                                   Buffers: shared hit=1
                                 ->  Index Scan using name_pkey on name n  (cost=0.43..2.32 rows=1 width=4) (actual time=0.024..0.024 rows=0 loops=86)
                                       Index Cond: (id = ci.person_id)
                                       Filter: ((gender)::text = 'f'::text)
                                       Rows Removed by Filter: 1
                                       Buffers: shared hit=216 read=128
                           ->  Index Scan using movie_id_movie_info on movie_info mi1  (cost=0.43..42.27 rows=1 width=8) (actual time=0.069..0.069 rows=0 loops=16)
                                 Index Cond: (movie_id = ci.movie_id)
                                 Filter: ((info_type_id = 3) AND ((info)::text = ANY ('{Action,Adventure,Music,Short,Sport,War}'::text[])))
                                 Rows Removed by Filter: 11
                                 Buffers: shared hit=79 read=90
                     ->  Index Scan using movie_id_movie_info on movie_info mi2  (cost=0.43..42.22 rows=1 width=8) (actual time=0.020..0.030 rows=1 loops=5)
                           Index Cond: (movie_id = ci.movie_id)
                           Filter: ((info_type_id = 7) AND ((info)::text = ANY ('{"OFM:35 mm",PCS:Spherical,"PFM:35 mm","RAT:1.33 : 1","RAT:1.37 : 1"}'::text[])))
                           Rows Removed by Filter: 18
                           Buffers: shared hit=60 read=1
 Planning:
   Buffers: shared hit=519 read=55
 Planning Time: 13.100 ms
 Execution Time: 2098.554 ms
(70 rows)

