                                                                                                  QUERY PLAN                                                                                                  
--------------------------------------------------------------------------------------------------------------------------------------------------------------------------------------------------------------
 Aggregate  (cost=801267.41..801267.42 rows=1 width=8) (actual time=7439.222..7439.231 rows=1 loops=1)
   Buffers: shared hit=575869 read=136816, temp read=3086 written=3085
   ->  Nested Loop  (cost=783245.91..801267.26 rows=60 width=0) (actual time=805.087..7429.583 rows=65392 loops=1)
         Buffers: shared hit=575869 read=136816, temp read=3086 written=3085
         ->  Seq Scan on info_type it2  (cost=0.00..2.41 rows=1 width=4) (actual time=0.048..0.060 rows=1 loops=1)
               Filter: (id = 7)
               Rows Removed by Filter: 112
               Buffers: shared hit=1
         ->  Nested Loop  (cost=783245.91..801264.24 rows=60 width=4) (actual time=805.037..7417.797 rows=65392 loops=1)
               Buffers: shared hit=575868 read=136816, temp read=3086 written=3085
               ->  Seq Scan on info_type it1  (cost=0.00..2.41 rows=1 width=4) (actual time=0.009..0.023 rows=1 loops=1)
                     Filter: (id = 3)
                     Rows Removed by Filter: 112
                     Buffers: shared hit=1
               ->  Nested Loop  (cost=783245.91..801261.23 rows=60 width=8) (actual time=805.026..7405.754 rows=65392 loops=1)
                     Buffers: shared hit=575867 read=136816, temp read=3086 written=3085
                     ->  Hash Join  (cost=783245.48..800931.86 rows=142 width=12) (actual time=804.992..5135.348 rows=65392 loops=1)
                           Hash Cond: (ci.role_id = rt.id)
                           Buffers: shared hit=338350 read=112765, temp read=3086 written=3085
                           ->  Nested Loop  (cost=783244.31..800924.64 rows=1706 width=16) (actual time=804.767..5092.714 rows=177462 loops=1)
                                 Buffers: shared hit=338349 read=112765, temp read=3086 written=3085
                                 ->  Nested Loop  (cost=783243.87..795724.61 rows=119 width=20) (actual time=804.744..2996.032 rows=6591 loops=1)
                                       Buffers: shared hit=219789 read=39467, temp read=3086 written=3085
                                       ->  Nested Loop  (cost=783243.73..795716.93 rows=277 width=24) (actual time=804.726..2978.412 rows=26323 loops=1)
                                             Join Filter: (t.id = mi1.movie_id)
                                             Buffers: shared hit=219777 read=39467, temp read=3086 written=3085
                                             ->  Merge Join  (cost=783243.30..783566.92 rows=2573 width=16) (actual time=804.680..972.506 rows=59280 loops=1)
                                                   Merge Cond: (mi1.movie_id = mi2.movie_id)
                                                   Buffers: shared hit=4262 read=17862, temp read=3086 written=3085
                                                   ->  Sort  (cost=391869.01..391939.28 rows=28106 width=8) (actual time=408.657..447.525 rows=262351 loops=1)
                                                         Sort Key: mi1.movie_id
                                                         Sort Method: external sort  Disk: 5664kB
                                                         Buffers: shared hit=3150 read=7825, temp read=1414 written=1417
                                                         ->  Bitmap Heap Scan on movie_info mi1  (cost=16455.49..389792.18 rows=28106 width=8) (actual time=42.315..341.129 rows=262351 loops=1)
                                                               Recheck Cond: (info_type_id = 3)
                                                               Filter: ((info)::text = ANY ('{Action,Biography,Comedy,History}'::text[]))
                                                               Rows Removed by Filter: 1271558
                                                               Heap Blocks: exact=9772
                                                               Buffers: shared hit=3150 read=7825
                                                               ->  Bitmap Index Scan on info_type_id_movie_info  (cost=0.00..16448.47 rows=1538671 width=0) (actual time=41.117..41.117 rows=1533909 loops=1)
                                                                     Index Cond: (info_type_id = 3)
                                                                     Buffers: shared read=1203
                                                   ->  Sort  (cost=391374.29..391452.97 rows=31472 width=8) (actual time=396.014..439.404 rows=310630 loops=1)
                                                         Sort Key: mi2.movie_id
                                                         Sort Method: external sort  Disk: 6664kB
                                                         Buffers: shared hit=1112 read=10037, temp read=1668 written=1668
                                                         ->  Bitmap Heap Scan on movie_info mi2  (cost=15878.26..389023.05 rows=31472 width=8) (actual time=32.663..318.612 rows=308481 loops=1)
                                                               Recheck Cond: (info_type_id = 7)
                                                               Filter: ((info)::text = ANY ('{PFM:Video,"RAT:1.33 : 1","RAT:1.85 : 1","RAT:16:9 HD"}'::text[]))
                                                               Rows Removed by Filter: 1093421
                                                               Heap Blocks: exact=10050
                                                               Buffers: shared hit=1112 read=10037
                                                               ->  Bitmap Index Scan on info_type_id_movie_info  (cost=0.00..15870.39 rows=1484527 width=0) (actual time=31.401..31.401 rows=1401902 loops=1)
                                                                     Index Cond: (info_type_id = 7)
                                                                     Buffers: shared hit=1 read=1098
                                             ->  Index Scan using title_pkey on title t  (cost=0.43..4.71 rows=1 width=8) (actual time=0.033..0.033 rows=0 loops=59280)
                                                   Index Cond: (id = mi2.movie_id)
                                                   Filter: ((production_year <= 2015) AND (1975 < production_year))
                                                   Rows Removed by Filter: 1
                                                   Buffers: shared hit=215515 read=21605
                                       ->  Memoize  (cost=0.14..0.16 rows=1 width=4) (actual time=0.000..0.000 rows=0 loops=26323)
                                             Cache Key: t.kind_id
                                             Cache Mode: logical
                                             Hits: 26317  Misses: 6  Evictions: 0  Overflows: 0  Memory Usage: 1kB
                                             Buffers: shared hit=12
                                             ->  Index Scan using kind_type_pkey on kind_type kt  (cost=0.13..0.15 rows=1 width=4) (actual time=0.009..0.009 rows=0 loops=6)
                                                   Index Cond: (id = t.kind_id)
                                                   Filter: ((kind)::text = ANY ('{"tv movie","tv series","video game"}'::text[]))
                                                   Rows Removed by Filter: 0
                                                   Buffers: shared hit=12
                                 ->  Index Scan using movie_id_cast_info on cast_info ci  (cost=0.44..43.32 rows=38 width=12) (actual time=0.038..0.311 rows=27 loops=6591)
                                       Index Cond: (movie_id = t.id)
                                       Buffers: shared hit=118560 read=73298
                           ->  Hash  (cost=1.15..1.15 rows=1 width=4) (actual time=0.021..0.022 rows=1 loops=1)
                                 Buckets: 1024  Batches: 1  Memory Usage: 9kB
                                 Buffers: shared hit=1
                                 ->  Seq Scan on role_type rt  (cost=0.00..1.15 rows=1 width=4) (actual time=0.010..0.013 rows=1 loops=1)
                                       Filter: ((role)::text = 'actor'::text)
                                       Rows Removed by Filter: 11
                                       Buffers: shared hit=1
                     ->  Index Scan using name_pkey on name n  (cost=0.43..2.32 rows=1 width=4) (actual time=0.034..0.034 rows=1 loops=65392)
                           Index Cond: (id = ci.person_id)
                           Filter: ((gender)::text = 'm'::text)
                           Buffers: shared hit=237517 read=24051
 Planning:
   Buffers: shared hit=574
 Planning Time: 12.825 ms
 Execution Time: 7445.303 ms
(88 rows)

