                                                                                               QUERY PLAN                                                                                                
---------------------------------------------------------------------------------------------------------------------------------------------------------------------------------------------------------
 Aggregate  (cost=434703.42..434703.43 rows=1 width=8) (actual time=1297.865..1297.870 rows=1 loops=1)
   Buffers: shared hit=17729 read=43835
   ->  Nested Loop  (cost=74992.35..434703.41 rows=3 width=0) (actual time=1223.593..1297.863 rows=6 loops=1)
         Buffers: shared hit=17729 read=43835
         ->  Seq Scan on info_type it2  (cost=0.00..2.41 rows=1 width=4) (actual time=0.044..0.048 rows=1 loops=1)
               Filter: (id = 7)
               Rows Removed by Filter: 112
               Buffers: shared hit=1
         ->  Nested Loop  (cost=74992.35..434700.97 rows=3 width=4) (actual time=1223.548..1297.811 rows=6 loops=1)
               Buffers: shared hit=17728 read=43835
               ->  Seq Scan on info_type it1  (cost=0.00..2.41 rows=1 width=4) (actual time=0.009..0.014 rows=1 loops=1)
                     Filter: (id = 3)
                     Rows Removed by Filter: 112
                     Buffers: shared hit=1
               ->  Nested Loop  (cost=74992.35..434698.53 rows=3 width=8) (actual time=1223.538..1297.794 rows=6 loops=1)
                     Join Filter: (t.id = mi2.movie_id)
                     Buffers: shared hit=17727 read=43835
                     ->  Nested Loop  (cost=74991.92..430607.26 rows=97 width=16) (actual time=507.788..1297.459 rows=12 loops=1)
                           Join Filter: (t.id = mi1.movie_id)
                           Buffers: shared hit=17589 read=43833
                           ->  Nested Loop  (cost=74991.48..249808.23 rows=4271 width=8) (actual time=507.689..1295.982 rows=25 loops=1)
                                 Buffers: shared hit=17430 read=43729
                                 ->  Hash Join  (cost=74991.05..207154.58 rows=18389 width=12) (actual time=386.007..1284.967 rows=712 loops=1)
                                       Hash Cond: (t.kind_id = kt.id)
                                       Buffers: shared hit=15024 read=43287
                                       ->  Hash Join  (cost=74989.94..206882.22 rows=64364 width=16) (actual time=385.129..1280.268 rows=80914 loops=1)
                                             Hash Cond: (ci.movie_id = t.id)
                                             Buffers: shared hit=15023 read=43287
                                             ->  Nested Loop  (cost=0.44..123965.00 rows=3020080 width=8) (actual time=0.096..646.112 rows=2728943 loops=1)
                                                   Buffers: shared hit=2613 read=19306
                                                   ->  Seq Scan on role_type rt  (cost=0.00..1.15 rows=1 width=4) (actual time=0.008..0.011 rows=1 loops=1)
                                                         Filter: ((role)::text = 'writer'::text)
                                                         Rows Removed by Filter: 11
                                                         Buffers: shared hit=1
                                                   ->  Index Scan using role_id_cast_info on cast_info ci  (cost=0.44..91017.52 rows=3294633 width=12) (actual time=0.085..432.648 rows=2728943 loops=1)
                                                         Index Cond: (role_id = rt.id)
                                                         Buffers: shared hit=2612 read=19306
                                             ->  Hash  (cost=74315.95..74315.95 rows=53884 width=8) (actual time=384.521..384.522 rows=51669 loops=1)
                                                   Buckets: 65536  Batches: 1  Memory Usage: 2531kB
                                                   Buffers: shared hit=12410 read=23981
                                                   ->  Seq Scan on title t  (cost=0.00..74315.95 rows=53884 width=8) (actual time=0.657..374.981 rows=51669 loops=1)
                                                         Filter: ((production_year <= 1949) AND (1928 < production_year))
                                                         Rows Removed by Filter: 2476643
                                                         Buffers: shared hit=12410 read=23981
                                       ->  Hash  (cost=1.09..1.09 rows=2 width=4) (actual time=0.023..0.024 rows=2 loops=1)
                                             Buckets: 1024  Batches: 1  Memory Usage: 9kB
                                             Buffers: shared hit=1
                                             ->  Seq Scan on kind_type kt  (cost=0.00..1.09 rows=2 width=4) (actual time=0.010..0.012 rows=2 loops=1)
                                                   Filter: ((kind)::text = ANY ('{"tv movie","tv series"}'::text[]))
                                                   Rows Removed by Filter: 5
                                                   Buffers: shared hit=1
                                 ->  Index Scan using name_pkey on name n  (cost=0.43..2.32 rows=1 width=4) (actual time=0.015..0.015 rows=0 loops=712)
                                       Index Cond: (id = ci.person_id)
                                       Filter: ((gender)::text = 'f'::text)
                                       Rows Removed by Filter: 1
                                       Buffers: shared hit=2406 read=442
                           ->  Index Scan using movie_id_movie_info on movie_info mi1  (cost=0.43..42.32 rows=1 width=8) (actual time=0.057..0.058 rows=0 loops=25)
                                 Index Cond: (movie_id = ci.movie_id)
                                 Filter: ((info_type_id = 3) AND ((info)::text = ANY ('{Animation,Crime,Family,Musical,Romance,Short,Western}'::text[])))
                                 Rows Removed by Filter: 10
                                 Buffers: shared hit=159 read=104
                     ->  Index Scan using movie_id_movie_info on movie_info mi2  (cost=0.43..42.17 rows=1 width=8) (actual time=0.022..0.027 rows=0 loops=12)
                           Index Cond: (movie_id = ci.movie_id)
                           Filter: ((info_type_id = 7) AND ((info)::text = ANY ('{"OFM:35 mm",PCS:Spherical,"PFM:35 mm","RAT:1.37 : 1"}'::text[])))
                           Rows Removed by Filter: 16
                           Buffers: shared hit=138 read=2
 Planning:
   Buffers: shared hit=529 read=45
 Planning Time: 13.805 ms
 Execution Time: 1298.401 ms
(70 rows)

