                                                                                            QUERY PLAN                                                                                            
--------------------------------------------------------------------------------------------------------------------------------------------------------------------------------------------------
 Aggregate  (cost=634085.66..634085.67 rows=1 width=8) (actual time=1047.909..1047.916 rows=1 loops=1)
   Buffers: shared hit=30666 read=42191, temp read=587 written=587
   ->  Nested Loop  (cost=95341.11..634085.53 rows=54 width=0) (actual time=437.971..1047.883 rows=102 loops=1)
         Buffers: shared hit=30666 read=42191, temp read=587 written=587
         ->  Seq Scan on info_type it2  (cost=0.00..2.41 rows=1 width=4) (actual time=0.047..0.053 rows=1 loops=1)
               Filter: (id = 7)
               Rows Removed by Filter: 112
               Buffers: shared hit=1
         ->  Nested Loop  (cost=95341.11..634082.58 rows=54 width=4) (actual time=437.922..1047.808 rows=102 loops=1)
               Buffers: shared hit=30665 read=42191, temp read=587 written=587
               ->  Seq Scan on info_type it1  (cost=0.00..2.41 rows=1 width=4) (actual time=0.010..0.019 rows=1 loops=1)
                     Filter: (id = 3)
                     Rows Removed by Filter: 112
                     Buffers: shared hit=1
               ->  Nested Loop  (cost=95341.11..634079.62 rows=54 width=8) (actual time=437.909..1047.762 rows=102 loops=1)
                     Buffers: shared hit=30664 read=42191, temp read=587 written=587
                     ->  Hash Join  (cost=95340.68..633780.40 rows=129 width=12) (actual time=431.369..1039.357 rows=322 loops=1)
                           Hash Cond: (ci.role_id = rt.id)
                           Buffers: shared hit=29721 read=41846, temp read=587 written=587
                           ->  Nested Loop  (cost=95339.52..633773.74 rows=1548 width=16) (actual time=430.405..1038.724 rows=5126 loops=1)
                                 Buffers: shared hit=29720 read=41846, temp read=587 written=587
                                 ->  Nested Loop  (cost=95339.08..628961.88 rows=108 width=20) (actual time=429.998..980.350 rows=1008 loops=1)
                                       Buffers: shared hit=24881 read=38776, temp read=587 written=587
                                       ->  Hash Join  (cost=95338.64..514959.70 rows=2650 width=12) (actual time=429.893..863.044 rows=1206 loops=1)
                                             Hash Cond: (mi2.movie_id = t.id)
                                             Buffers: shared hit=17201 read=30340, temp read=587 written=587
                                             ->  Bitmap Heap Scan on movie_info mi2  (cost=15878.94..434311.26 rows=34196 width=8) (actual time=39.317..405.574 rows=332809 loops=1)
                                                   Recheck Cond: (info_type_id = 7)
                                                   Filter: ((info)::text = ANY ('{MET:,"MET:100 m","MET:150 m","OFM:35 mm","PFM:16 mm","RAT:1.85 : 1","RAT:2.35 : 1"}'::text[]))
                                                   Rows Removed by Filter: 1069093
                                                   Heap Blocks: exact=10050
                                                   Buffers: shared hit=2761 read=8388
                                                   ->  Bitmap Index Scan on info_type_id_movie_info  (cost=0.00..15870.39 rows=1484527 width=0) (actual time=38.056..38.056 rows=1401902 loops=1)
                                                         Index Cond: (info_type_id = 7)
                                                         Buffers: shared read=1099
                                             ->  Hash  (cost=76244.10..76244.10 rows=195968 width=4) (actual time=389.335..389.337 rows=11843 loops=1)
                                                   Buckets: 262144  Batches: 2  Memory Usage: 2260kB
                                                   Buffers: shared hit=14440 read=21952, temp written=17
                                                   ->  Hash Join  (cost=1.13..76244.10 rows=195968 width=4) (actual time=0.117..386.650 rows=11843 loops=1)
                                                         Hash Cond: (t.kind_id = kt.id)
                                                         Buffers: shared hit=14440 read=21952
                                                         ->  Seq Scan on title t  (cost=0.00..74315.95 rows=457258 width=8) (actual time=0.019..361.288 rows=451569 loops=1)
                                                               Filter: ((production_year <= 1975) AND (1875 < production_year))
                                                               Rows Removed by Filter: 2076743
                                                               Buffers: shared hit=14439 read=21952
                                                         ->  Hash  (cost=1.10..1.10 rows=3 width=4) (actual time=0.011..0.012 rows=3 loops=1)
                                                               Buckets: 1024  Batches: 1  Memory Usage: 9kB
                                                               Buffers: shared hit=1
                                                               ->  Seq Scan on kind_type kt  (cost=0.00..1.10 rows=3 width=4) (actual time=0.006..0.008 rows=3 loops=1)
                                                                     Filter: ((kind)::text = ANY ('{"tv series","video game","video movie"}'::text[]))
                                                                     Rows Removed by Filter: 4
                                                                     Buffers: shared hit=1
                                       ->  Index Scan using movie_id_movie_info on movie_info mi1  (cost=0.43..43.01 rows=1 width=8) (actual time=0.093..0.097 rows=1 loops=1206)
                                             Index Cond: (movie_id = t.id)
                                             Filter: ((info_type_id = 3) AND ((info)::text = ANY ('{Comedy,Documentary,Drama,Horror,Short,Western}'::text[])))
                                             Rows Removed by Filter: 23
                                             Buffers: shared hit=7680 read=8436
                                 ->  Index Scan using movie_id_cast_info on cast_info ci  (cost=0.44..44.17 rows=38 width=12) (actual time=0.021..0.057 rows=5 loops=1008)
                                       Index Cond: (movie_id = t.id)
                                       Buffers: shared hit=4839 read=3070
                           ->  Hash  (cost=1.15..1.15 rows=1 width=4) (actual time=0.018..0.018 rows=1 loops=1)
                                 Buckets: 1024  Batches: 1  Memory Usage: 9kB
                                 Buffers: shared hit=1
                                 ->  Seq Scan on role_type rt  (cost=0.00..1.15 rows=1 width=4) (actual time=0.010..0.011 rows=1 loops=1)
                                       Filter: ((role)::text = 'miscellaneous crew'::text)
                                       Rows Removed by Filter: 11
                                       Buffers: shared hit=1
                     ->  Index Scan using name_pkey on name n  (cost=0.43..2.32 rows=1 width=4) (actual time=0.026..0.026 rows=0 loops=322)
                           Index Cond: (id = ci.person_id)
                           Filter: ((gender)::text = 'm'::text)
                           Rows Removed by Filter: 1
                           Buffers: shared hit=943 read=345
 Planning:
   Buffers: shared hit=574
 Planning Time: 13.512 ms
 Execution Time: 1048.491 ms
(76 rows)

