                                                                                            QUERY PLAN                                                                                            
--------------------------------------------------------------------------------------------------------------------------------------------------------------------------------------------------
 Aggregate  (cost=784603.78..784603.79 rows=1 width=8) (actual time=186887.702..186887.712 rows=1 loops=1)
   Buffers: shared hit=18448500 read=837873, temp read=3096 written=3096
   ->  Nested Loop  (cost=95351.77..784602.70 rows=431 width=0) (actual time=566.687..186813.077 rows=325906 loops=1)
         Buffers: shared hit=18448500 read=837873, temp read=3096 written=3096
         ->  Hash Join  (cost=95351.34..783067.18 rows=662 width=4) (actual time=564.790..163354.664 rows=628070 loops=1)
               Hash Cond: (ci.role_id = rt.id)
               Buffers: shared hit=15976058 read=798035, temp read=3096 written=3096
               ->  Nested Loop  (cost=95350.16..783051.90 rows=3971 width=8) (actual time=564.644..161410.429 rows=8376878 loops=1)
                     Buffers: shared hit=15976057 read=798035, temp read=3096 written=3096
                     ->  Nested Loop  (cost=95349.72..770710.35 rows=277 width=12) (actual time=564.614..64593.476 rows=682913 loops=1)
                           Buffers: shared hit=6107889 read=395680, temp read=3096 written=3096
                           ->  Seq Scan on info_type it2  (cost=0.00..2.41 rows=1 width=4) (actual time=0.033..0.044 rows=1 loops=1)
                                 Filter: (id = 7)
                                 Rows Removed by Filter: 112
                                 Buffers: shared hit=1
                           ->  Nested Loop  (cost=95349.72..770705.17 rows=277 width=16) (actual time=564.579..64408.483 rows=682913 loops=1)
                                 Buffers: shared hit=6107888 read=395680, temp read=3096 written=3096
                                 ->  Seq Scan on info_type it1  (cost=0.00..2.41 rows=1 width=4) (actual time=0.009..0.023 rows=1 loops=1)
                                       Filter: (id = 3)
                                       Rows Removed by Filter: 112
                                       Buffers: shared hit=1
                                 ->  Nested Loop  (cost=95349.72..770699.98 rows=277 width=20) (actual time=564.567..64227.012 rows=682913 loops=1)
                                       Buffers: shared hit=6107887 read=395680, temp read=3096 written=3096
                                       ->  Hash Join  (cost=95349.26..515494.55 rows=5943 width=12) (actual time=548.631..2218.957 rows=566647 loops=1)
                                             Hash Cond: (mi2.movie_id = t.id)
                                             Buffers: shared hit=22512 read=25029, temp read=3096 written=3096
                                             ->  Bitmap Heap Scan on movie_info mi2  (cost=15889.56..434321.88 rows=76677 width=8) (actual time=37.390..975.120 rows=729140 loops=1)
                                                   Recheck Cond: (info_type_id = 7)
                                                   Filter: ((info)::text = ANY ('{MET:,"MET:600 m","OFM:35 mm",PCS:Spherical,"PFM:35 mm","RAT:1.37 : 1","RAT:2.35 : 1"}'::text[]))
                                                   Rows Removed by Filter: 672762
                                                   Heap Blocks: exact=10050
                                                   Buffers: shared hit=6024 read=5125
                                                   ->  Bitmap Index Scan on info_type_id_movie_info  (cost=0.00..15870.39 rows=1484527 width=0) (actual time=35.986..35.986 rows=1401902 loops=1)
                                                         Index Cond: (info_type_id = 7)
                                                         Buffers: shared hit=1099
                                             ->  Hash  (cost=76244.10..76244.10 rows=195968 width=4) (actual time=510.170..510.174 rows=439726 loops=1)
                                                   Buckets: 262144 (originally 262144)  Batches: 4 (originally 2)  Memory Usage: 6145kB
                                                   Buffers: shared hit=16488 read=19904, temp written=966
                                                   ->  Hash Join  (cost=1.13..76244.10 rows=195968 width=4) (actual time=0.037..438.377 rows=439726 loops=1)
                                                         Hash Cond: (t.kind_id = kt.id)
                                                         Buffers: shared hit=16488 read=19904
                                                         ->  Seq Scan on title t  (cost=0.00..74315.95 rows=457258 width=8) (actual time=0.019..385.394 rows=451569 loops=1)
                                                               Filter: ((production_year <= 1975) AND (1875 < production_year))
                                                               Rows Removed by Filter: 2076743
                                                               Buffers: shared hit=16487 read=19904
                                                         ->  Hash  (cost=1.10..1.10 rows=3 width=4) (actual time=0.011..0.012 rows=3 loops=1)
                                                               Buckets: 1024  Batches: 1  Memory Usage: 9kB
                                                               Buffers: shared hit=1
                                                               ->  Seq Scan on kind_type kt  (cost=0.00..1.10 rows=3 width=4) (actual time=0.006..0.007 rows=3 loops=1)
                                                                     Filter: ((kind)::text = ANY ('{episode,movie,"tv movie"}'::text[]))
                                                                     Rows Removed by Filter: 4
                                                                     Buffers: shared hit=1
                                       ->  Index Scan using movie_id_movie_info on movie_info mi1  (cost=0.46..42.93 rows=1 width=8) (actual time=0.108..0.109 rows=1 loops=566647)
                                             Index Cond: (movie_id = t.id)
                                             Filter: ((info_type_id = 3) AND ((info)::text = ANY ('{Adventure,Animation,Comedy,Crime,Documentary,Drama,Family,Mystery,Short,War}'::text[])))
                                             Rows Removed by Filter: 14
                                             Buffers: shared hit=6085375 read=370651
                     ->  Index Scan using movie_id_cast_info on cast_info ci  (cost=0.44..44.17 rows=38 width=12) (actual time=0.035..0.138 rows=12 loops=682913)
                           Index Cond: (movie_id = t.id)
                           Buffers: shared hit=9868168 read=402355
               ->  Hash  (cost=1.15..1.15 rows=2 width=4) (actual time=0.042..0.043 rows=2 loops=1)
                     Buckets: 1024  Batches: 1  Memory Usage: 9kB
                     Buffers: shared hit=1
                     ->  Seq Scan on role_type rt  (cost=0.00..1.15 rows=2 width=4) (actual time=0.033..0.035 rows=2 loops=1)
                           Filter: ((role)::text = ANY ('{composer,producer}'::text[]))
                           Rows Removed by Filter: 10
                           Buffers: shared hit=1
         ->  Index Scan using name_pkey on name n  (cost=0.43..2.32 rows=1 width=4) (actual time=0.037..0.037 rows=1 loops=628070)
               Index Cond: (id = ci.person_id)
               Filter: ((gender)::text = ANY ('{f,m}'::text[]))
               Rows Removed by Filter: 0
               Buffers: shared hit=2472442 read=39838
 Planning:
   Buffers: shared hit=576 read=1
 Planning Time: 13.675 ms
 Execution Time: 186888.370 ms
(76 rows)

