                                                                                                      QUERY PLAN                                                                                                       
-----------------------------------------------------------------------------------------------------------------------------------------------------------------------------------------------------------------------
 Aggregate  (cost=643510.59..643510.60 rows=1 width=8) (actual time=63798.367..63798.377 rows=1 loops=1)
   Buffers: shared hit=6170681 read=446910, temp read=2004 written=2004
   ->  Nested Loop  (cost=94169.62..643510.51 rows=33 width=0) (actual time=1312.143..63798.140 rows=326 loops=1)
         Buffers: shared hit=6170681 read=446910, temp read=2004 written=2004
         ->  Seq Scan on info_type it2  (cost=0.00..2.41 rows=1 width=4) (actual time=0.039..0.050 rows=1 loops=1)
               Filter: (id = 7)
               Rows Removed by Filter: 112
               Buffers: shared hit=1
         ->  Nested Loop  (cost=94169.62..643507.76 rows=33 width=4) (actual time=1312.102..63797.961 rows=326 loops=1)
               Buffers: shared hit=6170680 read=446910, temp read=2004 written=2004
               ->  Seq Scan on info_type it1  (cost=0.00..2.41 rows=1 width=4) (actual time=0.007..0.021 rows=1 loops=1)
                     Filter: (id = 3)
                     Rows Removed by Filter: 112
                     Buffers: shared hit=1
               ->  Nested Loop  (cost=94169.62..643505.02 rows=33 width=8) (actual time=1312.092..63797.798 rows=326 loops=1)
                     Buffers: shared hit=6170679 read=446910, temp read=2004 written=2004
                     ->  Hash Join  (cost=94169.19..643180.29 rows=140 width=12) (actual time=513.474..62559.651 rows=33643 loops=1)
                           Hash Cond: (ci.role_id = rt.id)
                           Buffers: shared hit=6039797 read=443220, temp read=2004 written=2004
                           ->  Nested Loop  (cost=94168.03..643173.17 rows=1677 width=16) (actual time=512.100..61678.160 rows=4742091 loops=1)
                                 Buffers: shared hit=6039796 read=443220, temp read=2004 written=2004
                                 ->  Nested Loop  (cost=94167.59..637922.28 rows=117 width=20) (actual time=512.073..14556.606 rows=158656 loops=1)
                                       Buffers: shared hit=1127321 read=227363, temp read=2004 written=2004
                                       ->  Hash Join  (cost=94167.15..467788.94 rows=3930 width=12) (actual time=511.784..1593.308 rows=104934 loops=1)
                                             Hash Cond: (mi1.movie_id = t.id)
                                             Buffers: shared hit=207 read=47160, temp read=2004 written=2004
                                             ->  Bitmap Heap Scan on movie_info mi1  (cost=16464.88..389801.56 rows=65547 width=8) (actual time=41.449..639.152 rows=635627 loops=1)
                                                   Recheck Cond: (info_type_id = 3)
                                                   Filter: ((info)::text = ANY ('{Action,Adventure,Comedy,Drama,Family,Fantasy,History,Thriller,Western}'::text[]))
                                                   Rows Removed by Filter: 898282
                                                   Heap Blocks: exact=9772
                                                   Buffers: shared hit=206 read=10769
                                                   ->  Bitmap Index Scan on info_type_id_movie_info  (cost=0.00..16448.47 rows=1538671 width=0) (actual time=40.259..40.259 rows=1533909 loops=1)
                                                         Index Cond: (info_type_id = 3)
                                                         Buffers: shared read=1203
                                             ->  Hash  (cost=75807.58..75807.58 rows=151576 width=4) (actual time=468.735..468.739 rows=335746 loops=1)
                                                   Buckets: 262144 (originally 262144)  Batches: 2 (originally 1)  Memory Usage: 7957kB
                                                   Buffers: shared hit=1 read=36391, temp written=491
                                                   ->  Hash Join  (cost=1.13..75807.58 rows=151576 width=4) (actual time=0.042..406.768 rows=335746 loops=1)
                                                         Hash Cond: (t.kind_id = kt.id)
                                                         Buffers: shared hit=1 read=36391
                                                         ->  Seq Scan on title t  (cost=0.00..74315.95 rows=353677 width=8) (actual time=0.022..364.849 rows=347589 loops=1)
                                                               Filter: ((production_year <= 1975) AND (1925 < production_year))
                                                               Rows Removed by Filter: 2180723
                                                               Buffers: shared read=36391
                                                         ->  Hash  (cost=1.10..1.10 rows=3 width=4) (actual time=0.012..0.014 rows=3 loops=1)
                                                               Buckets: 1024  Batches: 1  Memory Usage: 9kB
                                                               Buffers: shared hit=1
                                                               ->  Seq Scan on kind_type kt  (cost=0.00..1.10 rows=3 width=4) (actual time=0.007..0.008 rows=3 loops=1)
                                                                     Filter: ((kind)::text = ANY ('{episode,movie,"tv movie"}'::text[]))
                                                                     Rows Removed by Filter: 4
                                                                     Buffers: shared hit=1
                                       ->  Index Scan using movie_id_movie_info on movie_info mi2  (cost=0.43..43.28 rows=1 width=8) (actual time=0.076..0.123 rows=2 loops=104934)
                                             Index Cond: (movie_id = t.id)
                                             Filter: ((info_type_id = 7) AND ((info)::text = ANY ('{LAB:Technicolor,"OFM:35 mm",PCS:Spherical,"RAT:1.33 : 1","RAT:1.37 : 1","RAT:1.85 : 1","RAT:2.35 : 1"}'::text[])))
                                             Rows Removed by Filter: 17
                                             Buffers: shared hit=1127114 read=180203
                                 ->  Index Scan using movie_id_cast_info on cast_info ci  (cost=0.44..44.50 rows=38 width=12) (actual time=0.036..0.288 rows=30 loops=158656)
                                       Index Cond: (movie_id = t.id)
                                       Buffers: shared hit=4912475 read=215857
                           ->  Hash  (cost=1.15..1.15 rows=1 width=4) (actual time=0.013..0.014 rows=1 loops=1)
                                 Buckets: 1024  Batches: 1  Memory Usage: 9kB
                                 Buffers: shared hit=1
                                 ->  Seq Scan on role_type rt  (cost=0.00..1.15 rows=1 width=4) (actual time=0.008..0.009 rows=1 loops=1)
                                       Filter: ((role)::text = 'production designer'::text)
                                       Rows Removed by Filter: 11
                                       Buffers: shared hit=1
                     ->  Index Scan using name_pkey on name n  (cost=0.43..2.32 rows=1 width=4) (actual time=0.036..0.036 rows=0 loops=33643)
                           Index Cond: (id = ci.person_id)
                           Filter: ((gender)::text = 'f'::text)
                           Rows Removed by Filter: 1
                           Buffers: shared hit=130882 read=3690
 Planning:
   Buffers: shared hit=484 read=93
 Planning Time: 13.645 ms
 Execution Time: 63798.966 ms
(76 rows)

