                                                                                            QUERY PLAN                                                                                            
--------------------------------------------------------------------------------------------------------------------------------------------------------------------------------------------------
 Aggregate  (cost=580457.07..580457.08 rows=1 width=8) (actual time=1309.603..1309.611 rows=1 loops=1)
   Buffers: shared hit=41051 read=66494, temp read=513 written=513
   ->  Nested Loop  (cost=95339.59..580456.91 rows=65 width=0) (actual time=418.148..1309.506 rows=510 loops=1)
         Buffers: shared hit=41051 read=66494, temp read=513 written=513
         ->  Hash Join  (cost=95339.16..580224.96 rows=100 width=4) (actual time=416.773..1268.311 rows=1115 loops=1)
               Hash Cond: (ci.role_id = rt.id)
               Buffers: shared hit=37896 read=65189, temp read=513 written=513
               ->  Nested Loop  (cost=95337.99..580221.65 rows=602 width=8) (actual time=415.271..1266.062 rows=18709 loops=1)
                     Buffers: shared hit=37895 read=65189, temp read=513 written=513
                     ->  Nested Loop  (cost=95337.55..578350.36 rows=42 width=12) (actual time=414.590..1067.987 rows=1177 loops=1)
                           Buffers: shared hit=23293 read=58192, temp read=513 written=513
                           ->  Seq Scan on info_type it2  (cost=0.00..2.41 rows=1 width=4) (actual time=0.026..0.031 rows=1 loops=1)
                                 Filter: (id = 7)
                                 Rows Removed by Filter: 112
                                 Buffers: shared hit=1
                           ->  Nested Loop  (cost=95337.55..578347.53 rows=42 width=16) (actual time=414.562..1067.758 rows=1177 loops=1)
                                 Buffers: shared hit=23292 read=58192, temp read=513 written=513
                                 ->  Seq Scan on info_type it1  (cost=0.00..2.41 rows=1 width=4) (actual time=0.006..0.013 rows=1 loops=1)
                                       Filter: (id = 3)
                                       Rows Removed by Filter: 112
                                       Buffers: shared hit=1
                                 ->  Nested Loop  (cost=95337.55..578344.70 rows=42 width=20) (actual time=414.554..1067.558 rows=1177 loops=1)
                                       Buffers: shared hit=23291 read=58192, temp read=513 written=513
                                       ->  Hash Join  (cost=95337.11..484690.84 rows=2177 width=12) (actual time=414.452..797.235 rows=2740 loops=1)
                                             Hash Cond: (mi2.movie_id = t.id)
                                             Buffers: shared hit=2347 read=45194, temp read=513 written=513
                                             ->  Bitmap Heap Scan on movie_info mi2  (cost=15877.41..404118.05 rows=28084 width=8) (actual time=38.129..356.833 rows=290432 loops=1)
                                                   Recheck Cond: (info_type_id = 7)
                                                   Filter: ((info)::text = ANY ('{LAB:Technicolor,"OFM:16 mm","RAT:1.20 : 1","RAT:1.33 : 1","RAT:1.37 : 1"}'::text[]))
                                                   Rows Removed by Filter: 1111470
                                                   Heap Blocks: exact=10050
                                                   Buffers: shared hit=2346 read=8803
                                                   ->  Bitmap Index Scan on info_type_id_movie_info  (cost=0.00..15870.39 rows=1484527 width=0) (actual time=36.858..36.858 rows=1401902 loops=1)
                                                         Index Cond: (info_type_id = 7)
                                                         Buffers: shared read=1099
                                             ->  Hash  (cost=76244.10..76244.10 rows=195968 width=4) (actual time=375.010..375.013 rows=11843 loops=1)
                                                   Buckets: 262144  Batches: 2  Memory Usage: 2260kB
                                                   Buffers: shared hit=1 read=36391, temp written=17
                                                   ->  Hash Join  (cost=1.13..76244.10 rows=195968 width=4) (actual time=0.134..372.214 rows=11843 loops=1)
                                                         Hash Cond: (t.kind_id = kt.id)
                                                         Buffers: shared hit=1 read=36391
                                                         ->  Seq Scan on title t  (cost=0.00..74315.95 rows=457258 width=8) (actual time=0.023..346.676 rows=451569 loops=1)
                                                               Filter: ((production_year <= 1975) AND (1875 < production_year))
                                                               Rows Removed by Filter: 2076743
                                                               Buffers: shared read=36391
                                                         ->  Hash  (cost=1.10..1.10 rows=3 width=4) (actual time=0.012..0.013 rows=3 loops=1)
                                                               Buckets: 1024  Batches: 1  Memory Usage: 9kB
                                                               Buffers: shared hit=1
                                                               ->  Seq Scan on kind_type kt  (cost=0.00..1.10 rows=3 width=4) (actual time=0.007..0.008 rows=3 loops=1)
                                                                     Filter: ((kind)::text = ANY ('{"tv series","video game","video movie"}'::text[]))
                                                                     Rows Removed by Filter: 4
                                                                     Buffers: shared hit=1
                                       ->  Index Scan using movie_id_movie_info on movie_info mi1  (cost=0.43..43.01 rows=1 width=8) (actual time=0.097..0.098 rows=0 loops=2740)
                                             Index Cond: (movie_id = t.id)
                                             Filter: ((info_type_id = 3) AND ((info)::text = ANY ('{Documentary,Drama,Fantasy,History,Mystery,War}'::text[])))
                                             Rows Removed by Filter: 16
                                             Buffers: shared hit=20944 read=12998
                     ->  Index Scan using movie_id_cast_info on cast_info ci  (cost=0.44..44.17 rows=38 width=12) (actual time=0.026..0.165 rows=16 loops=1177)
                           Index Cond: (movie_id = t.id)
                           Buffers: shared hit=14602 read=6997
               ->  Hash  (cost=1.15..1.15 rows=2 width=4) (actual time=0.028..0.028 rows=2 loops=1)
                     Buckets: 1024  Batches: 1  Memory Usage: 9kB
                     Buffers: shared hit=1
                     ->  Seq Scan on role_type rt  (cost=0.00..1.15 rows=2 width=4) (actual time=0.022..0.023 rows=2 loops=1)
                           Filter: ((role)::text = ANY ('{"costume designer",director}'::text[]))
                           Rows Removed by Filter: 10
                           Buffers: shared hit=1
         ->  Index Scan using name_pkey on name n  (cost=0.43..2.32 rows=1 width=4) (actual time=0.036..0.036 rows=0 loops=1115)
               Index Cond: (id = ci.person_id)
               Filter: ((gender)::text = ANY ('{f,m}'::text[]))
               Rows Removed by Filter: 1
               Buffers: shared hit=3155 read=1305
 Planning:
   Buffers: shared hit=481 read=93
 Planning Time: 11.349 ms
 Execution Time: 1310.045 ms
(76 rows)

