                                                                                            QUERY PLAN                                                                                            
--------------------------------------------------------------------------------------------------------------------------------------------------------------------------------------------------
 Aggregate  (cost=770977.45..770977.46 rows=1 width=8) (actual time=1339.421..1339.429 rows=1 loops=1)
   Buffers: shared hit=23219 read=51230, temp read=1423 written=1423
   ->  Nested Loop  (cost=507105.94..770977.32 rows=52 width=0) (actual time=964.653..1339.411 rows=47 loops=1)
         Buffers: shared hit=23219 read=51230, temp read=1423 written=1423
         ->  Seq Scan on info_type it2  (cost=0.00..2.41 rows=1 width=4) (actual time=0.048..0.053 rows=1 loops=1)
               Filter: (id = 7)
               Rows Removed by Filter: 112
               Buffers: shared hit=1
         ->  Nested Loop  (cost=507105.94..770974.39 rows=52 width=4) (actual time=964.602..1339.346 rows=47 loops=1)
               Buffers: shared hit=23218 read=51230, temp read=1423 written=1423
               ->  Seq Scan on info_type it1  (cost=0.00..2.41 rows=1 width=4) (actual time=0.010..0.016 rows=1 loops=1)
                     Filter: (id = 3)
                     Rows Removed by Filter: 112
                     Buffers: shared hit=1
               ->  Nested Loop  (cost=507105.94..770971.46 rows=52 width=8) (actual time=964.591..1339.321 rows=47 loops=1)
                     Join Filter: (t.id = mi1.movie_id)
                     Buffers: shared hit=23217 read=51230, temp read=1423 written=1423
                     ->  Nested Loop  (cost=507105.51..667045.91 rows=2458 width=16) (actual time=959.411..1329.680 rows=135 loops=1)
                           Buffers: shared hit=21981 read=50527, temp read=1423 written=1423
                           ->  Hash Join  (cost=507105.08..642500.76 rows=10582 width=20) (actual time=953.199..1270.261 rows=4474 loops=1)
                                 Hash Cond: (ci.movie_id = t.id)
                                 Buffers: shared hit=7525 read=47087, temp read=1423 written=1423
                                 ->  Nested Loop  (cost=0.44..123965.00 rows=3020080 width=8) (actual time=0.144..245.974 rows=1093558 loops=1)
                                       Buffers: shared hit=1239 read=5832
                                       ->  Seq Scan on role_type rt  (cost=0.00..1.15 rows=1 width=4) (actual time=0.015..0.017 rows=1 loops=1)
                                             Filter: ((role)::text = 'editor'::text)
                                             Rows Removed by Filter: 11
                                             Buffers: shared hit=1
                                       ->  Index Scan using role_id_cast_info on cast_info ci  (cost=0.44..91017.52 rows=3294633 width=12) (actual time=0.127..160.550 rows=1093558 loops=1)
                                             Index Cond: (role_id = rt.id)
                                             Buffers: shared hit=1238 read=5832
                                 ->  Hash  (cost=506993.90..506993.90 rows=8859 width=12) (actual time=952.858..952.863 rows=5316 loops=1)
                                       Buckets: 16384  Batches: 1  Memory Usage: 357kB
                                       Buffers: shared hit=6286 read=41255, temp read=1423 written=1423
                                       ->  Hash Join  (cost=101303.32..506993.90 rows=8859 width=12) (actual time=509.581..951.774 rows=5316 loops=1)
                                             Hash Cond: (mi2.movie_id = t.id)
                                             Buffers: shared hit=6286 read=41255, temp read=1423 written=1423
                                             ->  Bitmap Heap Scan on movie_info mi2  (cost=15883.62..419220.10 rows=52936 width=8) (actual time=39.809..387.282 rows=487648 loops=1)
                                                   Recheck Cond: (info_type_id = 7)
                                                   Filter: ((info)::text = ANY ('{PCS:Spherical,"PCS:Super 35","PFM:35 mm","RAT:1.78 : 1","RAT:1.85 : 1","RAT:2.35 : 1"}'::text[]))
                                                   Rows Removed by Filter: 914254
                                                   Heap Blocks: exact=10050
                                                   Buffers: shared hit=6285 read=4864
                                                   ->  Bitmap Index Scan on info_type_id_movie_info  (cost=0.00..15870.39 rows=1484527 width=0) (actual time=38.562..38.563 rows=1401902 loops=1)
                                                         Index Cond: (info_type_id = 7)
                                                         Buffers: shared read=1099
                                             ->  Hash  (cost=78477.74..78477.74 rows=423117 width=4) (actual time=468.504..468.507 rows=75964 loops=1)
                                                   Buckets: 262144  Batches: 4  Memory Usage: 2707kB
                                                   Buffers: shared hit=1 read=36391, temp written=166
                                                   ->  Hash Join  (cost=1.13..78477.74 rows=423117 width=4) (actual time=0.050..455.619 rows=75964 loops=1)
                                                         Hash Cond: (t.kind_id = kt.id)
                                                         Buffers: shared hit=1 read=36391
                                                         ->  Seq Scan on title t  (cost=0.00..74315.95 rows=987274 width=8) (actual time=0.027..397.003 rows=989787 loops=1)
                                                               Filter: ((production_year <= 2010) AND (2000 < production_year))
                                                               Rows Removed by Filter: 1538525
                                                               Buffers: shared read=36391
                                                         ->  Hash  (cost=1.10..1.10 rows=3 width=4) (actual time=0.013..0.014 rows=3 loops=1)
                                                               Buckets: 1024  Batches: 1  Memory Usage: 9kB
                                                               Buffers: shared hit=1
                                                               ->  Seq Scan on kind_type kt  (cost=0.00..1.10 rows=3 width=4) (actual time=0.007..0.008 rows=3 loops=1)
                                                                     Filter: ((kind)::text = ANY ('{"tv movie","tv series","video game"}'::text[]))
                                                                     Rows Removed by Filter: 4
                                                                     Buffers: shared hit=1
                           ->  Index Scan using name_pkey on name n  (cost=0.43..2.32 rows=1 width=4) (actual time=0.013..0.013 rows=0 loops=4474)
                                 Index Cond: (id = ci.person_id)
                                 Filter: ((gender)::text = 'f'::text)
                                 Rows Removed by Filter: 1
                                 Buffers: shared hit=14456 read=3440
                     ->  Index Scan using movie_id_movie_info on movie_info mi1  (cost=0.43..42.27 rows=1 width=8) (actual time=0.071..0.071 rows=0 loops=135)
                           Index Cond: (movie_id = ci.movie_id)
                           Filter: ((info_type_id = 3) AND ((info)::text = ANY ('{Animation,Fantasy,Horror,Sci-Fi,Short,Thriller}'::text[])))
                           Rows Removed by Filter: 23
                           Buffers: shared hit=1236 read=703
 Planning:
   Buffers: shared hit=481 read=93
 Planning Time: 14.716 ms
 Execution Time: 1339.973 ms
(77 rows)

