                                                                                                          QUERY PLAN                                                                                                          
------------------------------------------------------------------------------------------------------------------------------------------------------------------------------------------------------------------------------
 Aggregate  (cost=722738.05..722738.06 rows=1 width=8) (actual time=46854.321..46854.330 rows=1 loops=1)
   Buffers: shared hit=4515895 read=320674, temp read=2775 written=2775
   ->  Nested Loop  (cost=95926.73..722737.73 rows=129 width=0) (actual time=539.754..46848.272 rows=22484 loops=1)
         Buffers: shared hit=4515895 read=320674, temp read=2775 written=2775
         ->  Hash Join  (cost=95926.30..722023.32 rows=308 width=4) (actual time=539.723..44758.663 rows=56875 loops=1)
               Hash Cond: (ci.role_id = rt.id)
               Buffers: shared hit=4306065 read=303004, temp read=2775 written=2775
               ->  Nested Loop  (cost=95925.13..722015.58 rows=1849 width=8) (actual time=539.599..44419.182 rows=1761897 loops=1)
                     Buffers: shared hit=4306064 read=303004, temp read=2775 written=2775
                     ->  Nested Loop  (cost=95924.69..716268.07 rows=129 width=12) (actual time=539.566..19748.704 rows=317819 loops=1)
                           Buffers: shared hit=1743335 read=179528, temp read=2775 written=2775
                           ->  Seq Scan on info_type it2  (cost=0.00..2.41 rows=1 width=4) (actual time=0.031..0.041 rows=1 loops=1)
                                 Filter: (id = 7)
                                 Rows Removed by Filter: 112
                                 Buffers: shared hit=1
                           ->  Nested Loop  (cost=95924.69..716264.36 rows=129 width=16) (actual time=539.533..19668.988 rows=317819 loops=1)
                                 Buffers: shared hit=1743334 read=179528, temp read=2775 written=2775
                                 ->  Seq Scan on info_type it1  (cost=0.00..2.41 rows=1 width=4) (actual time=0.011..0.024 rows=1 loops=1)
                                       Filter: (id = 3)
                                       Rows Removed by Filter: 112
                                       Buffers: shared hit=1
                                 ->  Nested Loop  (cost=95924.69..716260.66 rows=129 width=20) (actual time=539.518..19587.259 rows=317819 loops=1)
                                       Buffers: shared hit=1743333 read=179528, temp read=2775 written=2775
                                       ->  Hash Join  (cost=95924.25..501041.07 rows=4985 width=12) (actual time=539.476..1751.030 rows=185777 loops=1)
                                             Hash Cond: (mi1.movie_id = t.id)
                                             Buffers: shared hit=5020 read=42347, temp read=2775 written=2775
                                             ->  Bitmap Heap Scan on movie_info mi1  (cost=16464.55..420020.33 rows=64316 width=8) (actual time=43.528..778.770 rows=604267 loops=1)
                                                   Recheck Cond: (info_type_id = 3)
                                                   Filter: ((info)::text = ANY ('{Documentary,Music,Mystery,Short,Sport,Western}'::text[]))
                                                   Rows Removed by Filter: 929642
                                                   Heap Blocks: exact=9772
                                                   Buffers: shared hit=2932 read=8043
                                                   ->  Bitmap Index Scan on info_type_id_movie_info  (cost=0.00..16448.47 rows=1538671 width=0) (actual time=42.311..42.311 rows=1533909 loops=1)
                                                         Index Cond: (info_type_id = 3)
                                                         Buffers: shared hit=1 read=1202
                                             ->  Hash  (cost=76244.10..76244.10 rows=195968 width=4) (actual time=494.188..494.192 rows=439726 loops=1)
                                                   Buckets: 262144 (originally 262144)  Batches: 4 (originally 2)  Memory Usage: 6145kB
                                                   Buffers: shared hit=2088 read=34304, temp written=966
                                                   ->  Hash Join  (cost=1.13..76244.10 rows=195968 width=4) (actual time=0.047..418.946 rows=439726 loops=1)
                                                         Hash Cond: (t.kind_id = kt.id)
                                                         Buffers: shared hit=2088 read=34304
                                                         ->  Seq Scan on title t  (cost=0.00..74315.95 rows=457258 width=8) (actual time=0.025..366.309 rows=451569 loops=1)
                                                               Filter: ((production_year <= 1975) AND (1875 < production_year))
                                                               Rows Removed by Filter: 2076743
                                                               Buffers: shared hit=2087 read=34304
                                                         ->  Hash  (cost=1.10..1.10 rows=3 width=4) (actual time=0.012..0.014 rows=3 loops=1)
                                                               Buckets: 1024  Batches: 1  Memory Usage: 9kB
                                                               Buffers: shared hit=1
                                                               ->  Seq Scan on kind_type kt  (cost=0.00..1.10 rows=3 width=4) (actual time=0.007..0.009 rows=3 loops=1)
                                                                     Filter: ((kind)::text = ANY ('{episode,movie,"tv movie"}'::text[]))
                                                                     Rows Removed by Filter: 4
                                                                     Buffers: shared hit=1
                                       ->  Index Scan using movie_id_movie_info on movie_info mi2  (cost=0.43..43.16 rows=1 width=8) (actual time=0.065..0.095 rows=2 loops=185777)
                                             Index Cond: (movie_id = t.id)
                                             Filter: ((info_type_id = 7) AND ((info)::text = ANY ('{MET:,"MET:15.2 m","MET:15.24 m","MET:600 m","OFM:68 mm",PCS:Spherical,"PFM:16 mm","PFM:35 mm","RAT:1.33 : 1"}'::text[])))
                                             Rows Removed by Filter: 9
                                             Buffers: shared hit=1738313 read=137181
                     ->  Index Scan using movie_id_cast_info on cast_info ci  (cost=0.44..44.17 rows=38 width=12) (actual time=0.033..0.075 rows=6 loops=317819)
                           Index Cond: (movie_id = t.id)
                           Buffers: shared hit=2562729 read=123476
               ->  Hash  (cost=1.15..1.15 rows=2 width=4) (actual time=0.034..0.035 rows=2 loops=1)
                     Buckets: 1024  Batches: 1  Memory Usage: 9kB
                     Buffers: shared hit=1
                     ->  Seq Scan on role_type rt  (cost=0.00..1.15 rows=2 width=4) (actual time=0.026..0.028 rows=2 loops=1)
                           Filter: ((role)::text = ANY ('{composer,"miscellaneous crew"}'::text[]))
                           Rows Removed by Filter: 10
                           Buffers: shared hit=1
         ->  Index Scan using name_pkey on name n  (cost=0.43..2.32 rows=1 width=4) (actual time=0.036..0.036 rows=0 loops=56875)
               Index Cond: (id = ci.person_id)
               Filter: ((gender)::text = 'm'::text)
               Rows Removed by Filter: 1
               Buffers: shared hit=209830 read=17670
 Planning:
   Buffers: shared hit=574
 Planning Time: 14.362 ms
 Execution Time: 46854.933 ms
(76 rows)

