                                                                                                  QUERY PLAN                                                                                                  
--------------------------------------------------------------------------------------------------------------------------------------------------------------------------------------------------------------
 Aggregate  (cost=990292.57..990292.58 rows=1 width=8) (actual time=36866.063..36866.072 rows=1 loops=1)
   Buffers: shared hit=3536207 read=201991, temp read=13778 written=12380
   ->  Nested Loop  (cost=869424.31..990291.24 rows=532 width=0) (actual time=1277.891..36861.873 rows=13754 loops=1)
         Buffers: shared hit=3536207 read=201991, temp read=13778 written=12380
         ->  Seq Scan on info_type it2  (cost=0.00..2.41 rows=1 width=4) (actual time=0.034..0.046 rows=1 loops=1)
               Filter: (id = 7)
               Rows Removed by Filter: 112
               Buffers: shared hit=1
         ->  Nested Loop  (cost=869424.31..990283.51 rows=532 width=4) (actual time=1277.855..36858.293 rows=13754 loops=1)
               Buffers: shared hit=3536206 read=201991, temp read=13778 written=12380
               ->  Seq Scan on info_type it1  (cost=0.00..2.41 rows=1 width=4) (actual time=0.008..0.023 rows=1 loops=1)
                     Filter: (id = 3)
                     Rows Removed by Filter: 112
                     Buffers: shared hit=1
               ->  Nested Loop  (cost=869424.31..990275.78 rows=532 width=8) (actual time=1277.846..36854.638 rows=13754 loops=1)
                     Buffers: shared hit=3536205 read=201991, temp read=13778 written=12380
                     ->  Hash Join  (cost=869423.88..987336.95 rows=1267 width=12) (actual time=1277.385..35872.174 rows=24929 loops=1)
                           Hash Cond: (ci.role_id = rt.id)
                           Buffers: shared hit=3448365 read=190115, temp read=13778 written=12380
                           ->  Nested Loop  (cost=869422.72..987281.77 rows=15208 width=16) (actual time=1277.308..35710.128 rows=830401 loops=1)
                                 Buffers: shared hit=3448364 read=190115, temp read=13778 written=12380
                                 ->  Nested Loop  (cost=869422.28..940918.51 rows=1061 width=20) (actual time=1277.271..26835.345 rows=25322 loops=1)
                                       Buffers: shared hit=2714787 read=33557, temp read=13778 written=12380
                                       ->  Nested Loop  (cost=869422.14..940858.22 rows=2475 width=24) (actual time=1277.250..26713.097 rows=163037 loops=1)
                                             Buffers: shared hit=2714775 read=33557, temp read=13778 written=12380
                                             ->  Merge Join  (cost=869421.71..870563.29 rows=22982 width=16) (actual time=1277.187..2169.699 rows=681552 loops=1)
                                                   Merge Cond: (mi1.movie_id = mi2.movie_id)
                                                   Buffers: shared hit=14277 read=7847, temp read=13778 written=12380
                                                   ->  Sort  (cost=444489.28..444768.04 rows=111502 width=8) (actual time=754.455..947.104 rows=1073517 loops=1)
                                                         Sort Key: mi1.movie_id
                                                         Sort Method: external sort  Disk: 23200kB
                                                         Buffers: shared hit=7694 read=3281, temp read=8679 written=8694
                                                         ->  Bitmap Heap Scan on movie_info mi1  (cost=16476.34..435141.67 rows=111502 width=8) (actual time=42.409..424.386 rows=1073535 loops=1)
                                                               Recheck Cond: (info_type_id = 3)
                                                               Filter: ((info)::text = ANY ('{Action,Comedy,Documentary,Drama,Horror,Romance,Short}'::text[]))
                                                               Rows Removed by Filter: 460374
                                                               Heap Blocks: exact=9772
                                                               Buffers: shared hit=7694 read=3281
                                                               ->  Bitmap Index Scan on info_type_id_movie_info  (cost=0.00..16448.47 rows=1538671 width=0) (actual time=41.227..41.227 rows=1533909 loops=1)
                                                                     Index Cond: (info_type_id = 3)
                                                                     Buffers: shared read=1203
                                                   ->  Sort  (cost=424932.43..425109.55 rows=70850 width=8) (actual time=522.719..724.770 rows=935360 loops=1)
                                                         Sort Key: mi2.movie_id
                                                         Sort Method: external sort  Disk: 14736kB
                                                         Buffers: shared hit=6583 read=4566, temp read=4388 written=3686
                                                         ->  Bitmap Heap Scan on movie_info mi2  (cost=15888.10..419224.58 rows=70850 width=8) (actual time=32.663..355.174 rows=681860 loops=1)
                                                               Recheck Cond: (info_type_id = 7)
                                                               Filter: ((info)::text = ANY ('{"OFM:35 mm",PCS:Spherical,"RAT:1.33 : 1","RAT:1.66 : 1","RAT:1.78 : 1","RAT:2.35 : 1"}'::text[]))
                                                               Rows Removed by Filter: 720042
                                                               Heap Blocks: exact=10050
                                                               Buffers: shared hit=6583 read=4566
                                                               ->  Bitmap Index Scan on info_type_id_movie_info  (cost=0.00..15870.39 rows=1484527 width=0) (actual time=31.434..31.434 rows=1401902 loops=1)
                                                                     Index Cond: (info_type_id = 7)
                                                                     Buffers: shared hit=1 read=1098
                                             ->  Index Scan using title_pkey on title t  (cost=0.43..3.06 rows=1 width=8) (actual time=0.035..0.035 rows=0 loops=681552)
                                                   Index Cond: (id = mi1.movie_id)
                                                   Filter: ((production_year <= 2015) AND (1975 < production_year))
                                                   Rows Removed by Filter: 1
                                                   Buffers: shared hit=2700498 read=25710
                                       ->  Memoize  (cost=0.14..0.16 rows=1 width=4) (actual time=0.000..0.000 rows=0 loops=163037)
                                             Cache Key: t.kind_id
                                             Cache Mode: logical
                                             Hits: 163031  Misses: 6  Evictions: 0  Overflows: 0  Memory Usage: 1kB
                                             Buffers: shared hit=12
                                             ->  Index Scan using kind_type_pkey on kind_type kt  (cost=0.13..0.15 rows=1 width=4) (actual time=0.010..0.010 rows=0 loops=6)
                                                   Index Cond: (id = t.kind_id)
                                                   Filter: ((kind)::text = ANY ('{"tv movie","tv series","video game"}'::text[]))
                                                   Rows Removed by Filter: 0
                                                   Buffers: shared hit=12
                                 ->  Index Scan using movie_id_cast_info on cast_info ci  (cost=0.44..43.32 rows=38 width=12) (actual time=0.038..0.341 rows=33 loops=25322)
                                       Index Cond: (movie_id = t.id)
                                       Buffers: shared hit=733577 read=156558
                           ->  Hash  (cost=1.15..1.15 rows=1 width=4) (actual time=0.021..0.022 rows=1 loops=1)
                                 Buckets: 1024  Batches: 1  Memory Usage: 9kB
                                 Buffers: shared hit=1
                                 ->  Seq Scan on role_type rt  (cost=0.00..1.15 rows=1 width=4) (actual time=0.012..0.013 rows=1 loops=1)
                                       Filter: ((role)::text = 'director'::text)
                                       Rows Removed by Filter: 11
                                       Buffers: shared hit=1
                     ->  Index Scan using name_pkey on name n  (cost=0.43..2.32 rows=1 width=4) (actual time=0.039..0.039 rows=1 loops=24929)
                           Index Cond: (id = ci.person_id)
                           Filter: ((gender)::text = 'm'::text)
                           Rows Removed by Filter: 0
                           Buffers: shared hit=87840 read=11876
 Planning:
   Buffers: shared hit=481 read=93
 Planning Time: 13.675 ms
 Execution Time: 36879.338 ms
(88 rows)

