                                                                                               QUERY PLAN                                                                                               
--------------------------------------------------------------------------------------------------------------------------------------------------------------------------------------------------------
 Aggregate  (cost=431173.31..431173.32 rows=1 width=8) (actual time=3330.059..3330.068 rows=1 loops=1)
   Buffers: shared hit=299246 read=44815
   ->  Nested Loop  (cost=16454.55..431173.31 rows=1 width=0) (actual time=135.562..3330.060 rows=2 loops=1)
         Buffers: shared hit=299246 read=44815
         ->  Nested Loop  (cost=16454.55..431170.89 rows=1 width=4) (actual time=135.556..3330.034 rows=2 loops=1)
               Buffers: shared hit=299244 read=44815
               ->  Nested Loop  (cost=16454.55..431168.47 rows=1 width=8) (actual time=135.534..3329.987 rows=2 loops=1)
                     Buffers: shared hit=299242 read=44815
                     ->  Hash Join  (cost=16454.12..431154.55 rows=6 width=12) (actual time=53.057..3326.267 rows=67 loops=1)
                           Hash Cond: (ci.role_id = rt.id)
                           Buffers: shared hit=299055 read=44734
                           ->  Nested Loop  (cost=16452.96..431153.13 rows=72 width=16) (actual time=43.725..3325.466 rows=6214 loops=1)
                                 Buffers: shared hit=299054 read=44734
                                 ->  Nested Loop  (cost=16452.52..430929.43 rows=5 width=20) (actual time=43.690..3253.383 rows=331 loops=1)
                                       Buffers: shared hit=295898 read=40923
                                       ->  Hash Join  (cost=16452.08..415213.38 rows=366 width=12) (actual time=43.627..2960.069 rows=2699 loops=1)
                                             Hash Cond: (t.kind_id = kt.id)
                                             Buffers: shared hit=279292 read=29940
                                             ->  Nested Loop  (cost=16450.97..415206.87 rows=1280 width=16) (actual time=43.593..2956.436 rows=13744 loops=1)
                                                   Buffers: shared hit=279291 read=29940
                                                   ->  Bitmap Heap Scan on movie_info mi1  (cost=16450.53..359568.12 rows=8258 width=8) (actual time=42.331..525.297 rows=77182 loops=1)
                                                         Recheck Cond: (info_type_id = 3)
                                                         Filter: ((info)::text = ANY ('{Action,Horror}'::text[]))
                                                         Rows Removed by Filter: 1456727
                                                         Heap Blocks: exact=9772
                                                         Buffers: shared hit=2071 read=8904
                                                         ->  Bitmap Index Scan on info_type_id_movie_info  (cost=0.00..16448.47 rows=1538671 width=0) (actual time=41.115..41.115 rows=1533909 loops=1)
                                                               Index Cond: (info_type_id = 3)
                                                               Buffers: shared hit=1 read=1202
                                                   ->  Memoize  (cost=0.44..6.80 rows=1 width=8) (actual time=0.031..0.031 rows=0 loops=77182)
                                                         Cache Key: mi1.movie_id
                                                         Cache Mode: logical
                                                         Hits: 2618  Misses: 74564  Evictions: 0  Overflows: 0  Memory Usage: 5475kB
                                                         Buffers: shared hit=277220 read=21036
                                                         ->  Index Scan using title_pkey on title t  (cost=0.43..6.79 rows=1 width=8) (actual time=0.031..0.031 rows=0 loops=74564)
                                                               Index Cond: (id = mi1.movie_id)
                                                               Filter: ((production_year <= 1997) AND (1981 < production_year))
                                                               Rows Removed by Filter: 1
                                                               Buffers: shared hit=277220 read=21036
                                             ->  Hash  (cost=1.09..1.09 rows=2 width=4) (actual time=0.016..0.016 rows=2 loops=1)
                                                   Buckets: 1024  Batches: 1  Memory Usage: 9kB
                                                   Buffers: shared hit=1
                                                   ->  Seq Scan on kind_type kt  (cost=0.00..1.09 rows=2 width=4) (actual time=0.009..0.010 rows=2 loops=1)
                                                         Filter: ((kind)::text = ANY ('{"tv series","video game"}'::text[]))
                                                         Rows Removed by Filter: 5
                                                         Buffers: shared hit=1
                                       ->  Index Scan using movie_id_movie_info on movie_info mi2  (cost=0.43..42.93 rows=1 width=8) (actual time=0.098..0.108 rows=0 loops=2699)
                                             Index Cond: (movie_id = t.id)
                                             Filter: (((info)::text = ANY ('{PCS:Spherical,"RAT:1.33 : 1"}'::text[])) AND (info_type_id = 7))
                                             Rows Removed by Filter: 15
                                             Buffers: shared hit=16606 read=10983
                                 ->  Index Scan using movie_id_cast_info on cast_info ci  (cost=0.44..44.36 rows=38 width=12) (actual time=0.035..0.214 rows=19 loops=331)
                                       Index Cond: (movie_id = t.id)
                                       Buffers: shared hit=3156 read=3811
                           ->  Hash  (cost=1.15..1.15 rows=1 width=4) (actual time=0.039..0.039 rows=1 loops=1)
                                 Buckets: 1024  Batches: 1  Memory Usage: 9kB
                                 Buffers: shared hit=1
                                 ->  Seq Scan on role_type rt  (cost=0.00..1.15 rows=1 width=4) (actual time=0.032..0.033 rows=1 loops=1)
                                       Filter: ((role)::text = 'costume designer'::text)
                                       Rows Removed by Filter: 11
                                       Buffers: shared hit=1
                     ->  Index Scan using name_pkey on name n  (cost=0.43..2.32 rows=1 width=4) (actual time=0.055..0.055 rows=0 loops=67)
                           Index Cond: (id = ci.person_id)
                           Filter: ((gender)::text = 'f'::text)
                           Rows Removed by Filter: 1
                           Buffers: shared hit=187 read=81
               ->  Seq Scan on info_type it1  (cost=0.00..2.41 rows=1 width=4) (actual time=0.015..0.020 rows=1 loops=2)
                     Filter: (id = 3)
                     Rows Removed by Filter: 112
                     Buffers: shared hit=2
         ->  Seq Scan on info_type it2  (cost=0.00..2.41 rows=1 width=4) (actual time=0.005..0.011 rows=1 loops=2)
               Filter: (id = 7)
               Rows Removed by Filter: 112
               Buffers: shared hit=2
 Planning:
   Buffers: shared hit=574
 Planning Time: 13.820 ms
 Execution Time: 3331.923 ms
(78 rows)

