                                                                                                          QUERY PLAN                                                                                                           
-------------------------------------------------------------------------------------------------------------------------------------------------------------------------------------------------------------------------------
 Aggregate  (cost=597156.39..597156.40 rows=1 width=8) (actual time=1977.718..1977.725 rows=1 loops=1)
   Buffers: shared hit=134342 read=48990
   ->  Nested Loop  (cost=92832.61..597156.31 rows=31 width=0) (actual time=413.975..1976.827 rows=6291 loops=1)
         Buffers: shared hit=134342 read=48990
         ->  Seq Scan on info_type it2  (cost=0.00..2.41 rows=1 width=4) (actual time=0.040..0.045 rows=1 loops=1)
               Filter: (id = 7)
               Rows Removed by Filter: 112
               Buffers: shared hit=1
         ->  Nested Loop  (cost=92832.61..597153.59 rows=31 width=4) (actual time=413.933..1975.778 rows=6291 loops=1)
               Buffers: shared hit=134341 read=48990
               ->  Seq Scan on info_type it1  (cost=0.00..2.41 rows=1 width=4) (actual time=0.009..0.016 rows=1 loops=1)
                     Filter: (id = 3)
                     Rows Removed by Filter: 112
                     Buffers: shared hit=1
               ->  Nested Loop  (cost=92832.61..597150.87 rows=31 width=8) (actual time=413.921..1974.694 rows=6291 loops=1)
                     Buffers: shared hit=134340 read=48990
                     ->  Hash Join  (cost=92832.18..596837.73 rows=135 width=12) (actual time=413.889..1764.567 rows=6291 loops=1)
                           Hash Cond: (ci.role_id = rt.id)
                           Buffers: shared hit=113406 read=44760
                           ->  Nested Loop  (cost=92831.02..596830.81 rows=1620 width=16) (actual time=412.651..1757.566 rows=37806 loops=1)
                                 Buffers: shared hit=113405 read=44760
                                 ->  Nested Loop  (cost=92830.58..591653.16 rows=113 width=20) (actual time=412.621..1284.458 rows=4634 loops=1)
                                       Buffers: shared hit=74712 read=33804
                                       ->  Hash Join  (cost=92830.14..466489.94 rows=2846 width=12) (actual time=412.561..730.777 rows=5830 loops=1)
                                             Hash Cond: (mi1.movie_id = t.id)
                                             Buffers: shared hit=26756 read=20611
                                             ->  Bitmap Heap Scan on movie_info mi1  (cost=16468.13..389804.82 rows=78575 width=8) (actual time=41.560..289.125 rows=765538 loops=1)
                                                   Recheck Cond: (info_type_id = 3)
                                                   Filter: ((info)::text = ANY ('{Animation,Comedy,Documentary,Drama,Family,Musical,Mystery,Romance,Western}'::text[]))
                                                   Rows Removed by Filter: 768371
                                                   Heap Blocks: exact=9772
                                                   Buffers: shared hit=10873 read=102
                                                   ->  Bitmap Index Scan on info_type_id_movie_info  (cost=0.00..16448.47 rows=1538671 width=0) (actual time=40.359..40.359 rows=1533909 loops=1)
                                                         Index Cond: (info_type_id = 3)
                                                         Buffers: shared hit=1202 read=1
                                             ->  Hash  (cost=75217.46..75217.46 rows=91564 width=4) (actual time=370.486..370.488 rows=7795 loops=1)
                                                   Buckets: 131072  Batches: 1  Memory Usage: 1299kB
                                                   Buffers: shared hit=15883 read=20509
                                                   ->  Hash Join  (cost=1.13..75217.46 rows=91564 width=4) (actual time=0.134..368.570 rows=7795 loops=1)
                                                         Hash Cond: (t.kind_id = kt.id)
                                                         Buffers: shared hit=15883 read=20509
                                                         ->  Seq Scan on title t  (cost=0.00..74315.95 rows=213650 width=8) (actual time=0.026..355.624 rows=212483 loops=1)
                                                               Filter: ((production_year <= 1970) AND (1950 < production_year))
                                                               Rows Removed by Filter: 2315829
                                                               Buffers: shared hit=15882 read=20509
                                                         ->  Hash  (cost=1.10..1.10 rows=3 width=4) (actual time=0.012..0.012 rows=3 loops=1)
                                                               Buckets: 1024  Batches: 1  Memory Usage: 9kB
                                                               Buffers: shared hit=1
                                                               ->  Seq Scan on kind_type kt  (cost=0.00..1.10 rows=3 width=4) (actual time=0.007..0.008 rows=3 loops=1)
                                                                     Filter: ((kind)::text = ANY ('{"tv series","video game","video movie"}'::text[]))
                                                                     Rows Removed by Filter: 4
                                                                     Buffers: shared hit=1
                                       ->  Index Scan using movie_id_movie_info on movie_info mi2  (cost=0.43..43.97 rows=1 width=8) (actual time=0.075..0.094 rows=1 loops=5830)
                                             Index Cond: (movie_id = t.id)
                                             Filter: ((info_type_id = 7) AND ((info)::text = ANY ('{"OFM:16 mm","OFM:35 mm",PCS:Spherical,"PFM:35 mm","RAT:1.33 : 1","RAT:1.37 : 1","RAT:1.66 : 1","RAT:2.35 : 1"}'::text[])))
                                             Rows Removed by Filter: 12
                                             Buffers: shared hit=47956 read=13193
                                 ->  Index Scan using movie_id_cast_info on cast_info ci  (cost=0.44..45.44 rows=38 width=12) (actual time=0.032..0.100 rows=8 loops=4634)
                                       Index Cond: (movie_id = t.id)
                                       Buffers: shared hit=38693 read=10956
                           ->  Hash  (cost=1.15..1.15 rows=1 width=4) (actual time=0.016..0.017 rows=1 loops=1)
                                 Buckets: 1024  Batches: 1  Memory Usage: 9kB
                                 Buffers: shared hit=1
                                 ->  Seq Scan on role_type rt  (cost=0.00..1.15 rows=1 width=4) (actual time=0.010..0.011 rows=1 loops=1)
                                       Filter: ((role)::text = 'actress'::text)
                                       Rows Removed by Filter: 11
                                       Buffers: shared hit=1
                     ->  Index Scan using name_pkey on name n  (cost=0.43..2.32 rows=1 width=4) (actual time=0.033..0.033 rows=1 loops=6291)
                           Index Cond: (id = ci.person_id)
                           Filter: ((gender)::text = 'f'::text)
                           Buffers: shared hit=20934 read=4230
 Planning:
   Buffers: shared hit=532 read=45
 Planning Time: 14.303 ms
 Execution Time: 1978.272 ms
(75 rows)

