                                                                                            QUERY PLAN                                                                                            
--------------------------------------------------------------------------------------------------------------------------------------------------------------------------------------------------
 Aggregate  (cost=783771.22..783771.23 rows=1 width=8) (actual time=6108.459..6108.467 rows=1 loops=1)
   Buffers: shared hit=484012 read=94879, temp read=1466 written=1466
   ->  Nested Loop  (cost=485013.30..783771.04 rows=71 width=0) (actual time=1018.548..6108.002 rows=2624 loops=1)
         Buffers: shared hit=484012 read=94879, temp read=1466 written=1466
         ->  Seq Scan on info_type it2  (cost=0.00..2.41 rows=1 width=4) (actual time=0.041..0.048 rows=1 loops=1)
               Filter: (id = 7)
               Rows Removed by Filter: 112
               Buffers: shared hit=1
         ->  Nested Loop  (cost=485013.30..783767.92 rows=71 width=4) (actual time=1018.505..6107.597 rows=2624 loops=1)
               Buffers: shared hit=484011 read=94879, temp read=1466 written=1466
               ->  Seq Scan on info_type it1  (cost=0.00..2.41 rows=1 width=4) (actual time=0.010..0.017 rows=1 loops=1)
                     Filter: (id = 3)
                     Rows Removed by Filter: 112
                     Buffers: shared hit=1
               ->  Nested Loop  (cost=485013.30..783764.80 rows=71 width=8) (actual time=1018.495..6107.172 rows=2624 loops=1)
                     Join Filter: (t.id = mi2.movie_id)
                     Buffers: shared hit=484010 read=94879, temp read=1466 written=1466
                     ->  Nested Loop  (cost=485012.87..651671.61 rows=3128 width=16) (actual time=1002.428..5443.620 rows=6740 loops=1)
                           Buffers: shared hit=431546 read=69166, temp read=1466 written=1466
                           ->  Hash Join  (cost=485012.44..620436.96 rows=13466 width=20) (actual time=1002.391..2835.804 rows=104451 loops=1)
                                 Hash Cond: (ci.movie_id = t.id)
                                 Buffers: shared hit=29864 read=53044, temp read=1466 written=1466
                                 ->  Nested Loop  (cost=0.44..123965.00 rows=3020080 width=8) (actual time=0.242..1298.879 rows=4008037 loops=1)
                                       Buffers: shared hit=929 read=34612
                                       ->  Seq Scan on role_type rt  (cost=0.00..1.15 rows=1 width=4) (actual time=0.009..0.012 rows=1 loops=1)
                                             Filter: ((role)::text = 'producer'::text)
                                             Rows Removed by Filter: 11
                                             Buffers: shared hit=1
                                       ->  Index Scan using role_id_cast_info on cast_info ci  (cost=0.44..91017.52 rows=3294633 width=12) (actual time=0.227..882.301 rows=4008037 loops=1)
                                             Index Cond: (role_id = rt.id)
                                             Buffers: shared hit=928 read=34612
                                 ->  Hash  (cost=484871.09..484871.09 rows=11273 width=12) (actual time=1001.963..1001.967 rows=46025 loops=1)
                                       Buckets: 65536 (originally 16384)  Batches: 1 (originally 1)  Memory Usage: 2490kB
                                       Buffers: shared hit=28935 read=18432, temp read=1466 written=1466
                                       ->  Hash Join  (cost=108608.92..484871.09 rows=11273 width=12) (actual time=636.434..994.176 rows=46025 loops=1)
                                             Hash Cond: (mi1.movie_id = t.id)
                                             Buffers: shared hit=28935 read=18432, temp read=1466 written=1466
                                             ->  Bitmap Heap Scan on movie_info mi1  (cost=16460.92..389797.60 rows=49802 width=8) (actual time=41.626..322.592 rows=488767 loops=1)
                                                   Recheck Cond: (info_type_id = 3)
                                                   Filter: ((info)::text = ANY ('{Animation,Documentary,Drama,Thriller}'::text[]))
                                                   Rows Removed by Filter: 1045142
                                                   Heap Blocks: exact=9772
                                                   Buffers: shared hit=10975
                                                   ->  Bitmap Index Scan on info_type_id_movie_info  (cost=0.00..16448.47 rows=1538671 width=0) (actual time=40.431..40.431 rows=1533909 loops=1)
                                                         Index Cond: (info_type_id = 3)
                                                         Buffers: shared hit=1203
                                             ->  Hash  (cost=82758.36..82758.36 rows=572291 width=4) (actual time=565.736..565.738 rows=95002 loops=1)
                                                   Buckets: 262144  Batches: 4  Memory Usage: 2879kB
                                                   Buffers: shared hit=17960 read=18432, temp written=208
                                                   ->  Hash Join  (cost=1.11..82758.36 rows=572291 width=4) (actual time=304.629..551.366 rows=95002 loops=1)
                                                         Hash Cond: (t.kind_id = kt.id)
                                                         Buffers: shared hit=17960 read=18432
                                                         ->  Seq Scan on title t  (cost=0.00..74315.95 rows=2003019 width=8) (actual time=0.014..440.937 rows=2004612 loops=1)
                                                               Filter: ((production_year <= 2015) AND (1975 < production_year))
                                                               Rows Removed by Filter: 523700
                                                               Buffers: shared hit=17959 read=18432
                                                         ->  Hash  (cost=1.09..1.09 rows=2 width=4) (actual time=0.011..0.012 rows=2 loops=1)
                                                               Buckets: 1024  Batches: 1  Memory Usage: 9kB
                                                               Buffers: shared hit=1
                                                               ->  Seq Scan on kind_type kt  (cost=0.00..1.09 rows=2 width=4) (actual time=0.006..0.007 rows=2 loops=1)
                                                                     Filter: ((kind)::text = ANY ('{"tv movie","video game"}'::text[]))
                                                                     Rows Removed by Filter: 5
                                                                     Buffers: shared hit=1
                           ->  Index Scan using name_pkey on name n  (cost=0.43..2.32 rows=1 width=4) (actual time=0.025..0.025 rows=0 loops=104451)
                                 Index Cond: (id = ci.person_id)
                                 Filter: ((gender)::text = 'f'::text)
                                 Rows Removed by Filter: 1
                                 Buffers: shared hit=401682 read=16122
                     ->  Index Scan using movie_id_movie_info on movie_info mi2  (cost=0.43..42.22 rows=1 width=8) (actual time=0.082..0.098 rows=0 loops=6740)
                           Index Cond: (movie_id = ci.movie_id)
                           Filter: ((info_type_id = 7) AND ((info)::text = ANY ('{OFM:Video,"PCS:Super 35","PFM:35 mm","RAT:1.33 : 1","RAT:1.85 : 1"}'::text[])))
                           Rows Removed by Filter: 13
                           Buffers: shared hit=52464 read=25713
 Planning:
   Buffers: shared hit=574
 Planning Time: 13.689 ms
 Execution Time: 6109.142 ms
(77 rows)

