                                                                                                                   QUERY PLAN                                                                                                                    
-------------------------------------------------------------------------------------------------------------------------------------------------------------------------------------------------------------------------------------------------
 Aggregate  (cost=865901.58..865901.59 rows=1 width=8) (actual time=5703.706..5703.715 rows=1 loops=1)
   Buffers: shared hit=406153 read=152732, temp read=1039 written=1039
   ->  Nested Loop  (cost=110372.77..865901.22 rows=141 width=0) (actual time=639.651..5703.341 rows=1038 loops=1)
         Buffers: shared hit=406153 read=152732, temp read=1039 written=1039
         ->  Hash Join  (cost=110372.34..865119.55 rows=337 width=4) (actual time=612.811..5564.656 rows=4480 loops=1)
               Hash Cond: (ci.role_id = rt.id)
               Buffers: shared hit=389911 read=151054, temp read=1039 written=1039
               ->  Nested Loop  (cost=110371.16..865111.20 rows=2021 width=8) (actual time=603.187..5539.927 rows=164884 loops=1)
                     Buffers: shared hit=389910 read=151054, temp read=1039 written=1039
                     ->  Nested Loop  (cost=110370.72..858944.49 rows=141 width=12) (actual time=603.151..3905.238 rows=4052 loops=1)
                           Buffers: shared hit=264070 read=103178, temp read=1039 written=1039
                           ->  Seq Scan on info_type it2  (cost=0.00..2.41 rows=1 width=4) (actual time=0.022..0.032 rows=1 loops=1)
                                 Filter: (id = 7)
                                 Rows Removed by Filter: 112
                                 Buffers: shared hit=1
                           ->  Nested Loop  (cost=110370.72..858940.66 rows=141 width=16) (actual time=603.128..3904.192 rows=4052 loops=1)
                                 Buffers: shared hit=264069 read=103178, temp read=1039 written=1039
                                 ->  Seq Scan on info_type it1  (cost=0.00..2.41 rows=1 width=4) (actual time=0.007..0.019 rows=1 loops=1)
                                       Filter: (id = 3)
                                       Rows Removed by Filter: 112
                                       Buffers: shared hit=1
                                 ->  Nested Loop  (cost=110370.72..858936.84 rows=141 width=20) (actual time=603.118..3903.148 rows=4052 loops=1)
                                       Buffers: shared hit=264068 read=103178, temp read=1039 written=1039
                                       ->  Hash Join  (cost=110370.29..547423.24 rows=7318 width=12) (actual time=599.604..1120.956 rows=28299 loops=1)
                                             Hash Cond: (mi1.movie_id = t.id)
                                             Buffers: shared hit=3078 read=44289, temp read=1039 written=1039
                                             ->  Bitmap Heap Scan on movie_info mi1  (cost=16454.66..450229.54 rows=24773 width=8) (actual time=40.475..459.614 rows=227002 loops=1)
                                                   Recheck Cond: (info_type_id = 3)
                                                   Filter: ((info)::text = ANY ('{Action,Adventure,Biography,Crime,History,Horror,Thriller,War}'::text[]))
                                                   Rows Removed by Filter: 1306907
                                                   Heap Blocks: exact=9772
                                                   Buffers: shared hit=1411 read=9564
                                                   ->  Bitmap Index Scan on info_type_id_movie_info  (cost=0.00..16448.47 rows=1538671 width=0) (actual time=39.266..39.267 rows=1533909 loops=1)
                                                         Index Cond: (info_type_id = 3)
                                                         Buffers: shared read=1203
                                             ->  Hash  (cost=81661.50..81661.50 rows=746890 width=4) (actual time=557.993..557.995 rows=138444 loops=1)
                                                   Buckets: 262144  Batches: 8  Memory Usage: 2656kB
                                                   Buffers: shared hit=1667 read=34725, temp written=350
                                                   ->  Hash Join  (cost=1.13..81661.50 rows=746890 width=4) (actual time=0.043..536.359 rows=138444 loops=1)
                                                         Hash Cond: (t.kind_id = kt.id)
                                                         Buffers: shared hit=1667 read=34725
                                                         ->  Seq Scan on title t  (cost=0.00..74315.95 rows=1742744 width=8) (actual time=0.021..431.171 rows=1748995 loops=1)
                                                               Filter: ((production_year <= 2015) AND (1990 < production_year))
                                                               Rows Removed by Filter: 779317
                                                               Buffers: shared hit=1666 read=34725
                                                         ->  Hash  (cost=1.10..1.10 rows=3 width=4) (actual time=0.011..0.012 rows=3 loops=1)
                                                               Buckets: 1024  Batches: 1  Memory Usage: 9kB
                                                               Buffers: shared hit=1
                                                               ->  Seq Scan on kind_type kt  (cost=0.00..1.10 rows=3 width=4) (actual time=0.007..0.008 rows=3 loops=1)
                                                                     Filter: ((kind)::text = ANY ('{"tv movie","tv series","video game"}'::text[]))
                                                                     Rows Removed by Filter: 4
                                                                     Buffers: shared hit=1
                                       ->  Index Scan using movie_id_movie_info on movie_info mi2  (cost=0.43..42.56 rows=1 width=8) (actual time=0.090..0.098 rows=0 loops=28299)
                                             Index Cond: (movie_id = t.id)
                                             Filter: ((info_type_id = 7) AND ((info)::text = ANY ('{"CAM:Red One Camera","OFM:35 mm",OFM:Video,"PCS:Digital Intermediate",PCS:Spherical,"PCS:Super 35","RAT:16:9 HD","RAT:2.35 : 1"}'::text[])))
                                             Rows Removed by Filter: 16
                                             Buffers: shared hit=260990 read=58889
                     ->  Index Scan using movie_id_cast_info on cast_info ci  (cost=0.44..43.36 rows=38 width=12) (actual time=0.035..0.394 rows=41 loops=4052)
                           Index Cond: (movie_id = t.id)
                           Buffers: shared hit=125840 read=47876
               ->  Hash  (cost=1.15..1.15 rows=2 width=4) (actual time=0.031..0.031 rows=2 loops=1)
                     Buckets: 1024  Batches: 1  Memory Usage: 9kB
                     Buffers: shared hit=1
                     ->  Seq Scan on role_type rt  (cost=0.00..1.15 rows=2 width=4) (actual time=0.024..0.025 rows=2 loops=1)
                           Filter: ((role)::text = ANY ('{"costume designer","production designer"}'::text[]))
                           Rows Removed by Filter: 10
                           Buffers: shared hit=1
         ->  Index Scan using name_pkey on name n  (cost=0.43..2.32 rows=1 width=4) (actual time=0.030..0.030 rows=0 loops=4480)
               Index Cond: (id = ci.person_id)
               Filter: ((gender)::text = 'm'::text)
               Rows Removed by Filter: 1
               Buffers: shared hit=16242 read=1678
 Planning:
   Buffers: shared hit=530 read=44
 Planning Time: 10.585 ms
 Execution Time: 5704.230 ms
(76 rows)

