                                                                                            QUERY PLAN                                                                                            
--------------------------------------------------------------------------------------------------------------------------------------------------------------------------------------------------
 Aggregate  (cost=660524.55..660524.56 rows=1 width=8) (actual time=13458.017..13458.024 rows=1 loops=1)
   Buffers: shared hit=1304080 read=82661, temp read=2158 written=2158
   ->  Nested Loop  (cost=93767.74..660524.41 rows=59 width=0) (actual time=1036.333..13457.849 rows=550 loops=1)
         Buffers: shared hit=1304080 read=82661, temp read=2158 written=2158
         ->  Seq Scan on info_type it2  (cost=0.00..2.41 rows=1 width=4) (actual time=0.044..0.051 rows=1 loops=1)
               Filter: (id = 7)
               Rows Removed by Filter: 112
               Buffers: shared hit=1
         ->  Nested Loop  (cost=93767.74..660521.40 rows=59 width=4) (actual time=1036.287..13457.668 rows=550 loops=1)
               Buffers: shared hit=1304079 read=82661, temp read=2158 written=2158
               ->  Seq Scan on info_type it1  (cost=0.00..2.41 rows=1 width=4) (actual time=0.010..0.020 rows=1 loops=1)
                     Filter: (id = 3)
                     Rows Removed by Filter: 112
                     Buffers: shared hit=1
               ->  Nested Loop  (cost=93767.74..660518.40 rows=59 width=8) (actual time=1036.274..13457.518 rows=550 loops=1)
                     Buffers: shared hit=1304078 read=82661, temp read=2158 written=2158
                     ->  Hash Join  (cost=93767.31..660191.35 rows=141 width=12) (actual time=519.059..13392.069 rows=2212 loops=1)
                           Hash Cond: (ci.role_id = rt.id)
                           Buffers: shared hit=1296497 read=81394, temp read=2158 written=2158
                           ->  Nested Loop  (cost=93766.15..660184.18 rows=1691 width=16) (actual time=518.654..13383.933 rows=55655 loops=1)
                                 Buffers: shared hit=1296496 read=81394, temp read=2158 written=2158
                                 ->  Nested Loop  (cost=93765.71..654926.77 rows=118 width=20) (actual time=518.603..12870.946 rows=2551 loops=1)
                                       Buffers: shared hit=1249042 read=66598, temp read=2158 written=2158
                                       ->  Hash Join  (cost=93765.27..497404.47 rows=3666 width=12) (actual time=476.600..1301.344 rows=122391 loops=1)
                                             Hash Cond: (mi2.movie_id = t.id)
                                             Buffers: shared hit=7142 read=40399, temp read=2158 written=2158
                                             ->  Bitmap Heap Scan on movie_info mi2  (cost=15888.12..419224.60 rows=70949 width=8) (actual time=38.919..542.016 rows=691650 loops=1)
                                                   Recheck Cond: (info_type_id = 7)
                                                   Filter: ((info)::text = ANY ('{MET:,"MET:300 m",PCS:Spherical,"PFM:35 mm","RAT:1.33 : 1","RAT:1.37 : 1"}'::text[]))
                                                   Rows Removed by Filter: 710252
                                                   Heap Blocks: exact=10050
                                                   Buffers: shared hit=7039 read=4110
                                                   ->  Bitmap Index Scan on info_type_id_movie_info  (cost=0.00..15870.39 rows=1484527 width=0) (actual time=37.655..37.655 rows=1401902 loops=1)
                                                         Index Cond: (info_type_id = 7)
                                                         Buffers: shared read=1099
                                             ->  Hash  (cost=76244.08..76244.08 rows=130645 width=4) (actual time=437.155..437.158 rows=187145 loops=1)
                                                   Buckets: 262144 (originally 131072)  Batches: 2 (originally 1)  Memory Usage: 6145kB
                                                   Buffers: shared hit=103 read=36289, temp written=274
                                                   ->  Hash Join  (cost=1.11..76244.08 rows=130645 width=4) (actual time=0.044..399.320 rows=187145 loops=1)
                                                         Hash Cond: (t.kind_id = kt.id)
                                                         Buffers: shared hit=103 read=36289
                                                         ->  Seq Scan on title t  (cost=0.00..74315.95 rows=457258 width=8) (actual time=0.023..362.008 rows=451569 loops=1)
                                                               Filter: ((production_year <= 1975) AND (1875 < production_year))
                                                               Rows Removed by Filter: 2076743
                                                               Buffers: shared hit=102 read=36289
                                                         ->  Hash  (cost=1.09..1.09 rows=2 width=4) (actual time=0.011..0.013 rows=2 loops=1)
                                                               Buckets: 1024  Batches: 1  Memory Usage: 9kB
                                                               Buffers: shared hit=1
                                                               ->  Seq Scan on kind_type kt  (cost=0.00..1.09 rows=2 width=4) (actual time=0.007..0.008 rows=2 loops=1)
                                                                     Filter: ((kind)::text = ANY ('{episode,"tv movie"}'::text[]))
                                                                     Rows Removed by Filter: 5
                                                                     Buffers: shared hit=1
                                       ->  Index Scan using movie_id_movie_info on movie_info mi1  (cost=0.43..42.96 rows=1 width=8) (actual time=0.094..0.094 rows=0 loops=122391)
                                             Index Cond: (movie_id = t.id)
                                             Filter: ((info_type_id = 3) AND ((info)::text = ANY ('{Comedy,Crime,Documentary,Mystery,Short}'::text[])))
                                             Rows Removed by Filter: 10
                                             Buffers: shared hit=1241900 read=26199
                                 ->  Index Scan using movie_id_cast_info on cast_info ci  (cost=0.44..44.17 rows=38 width=12) (actual time=0.030..0.196 rows=22 loops=2551)
                                       Index Cond: (movie_id = t.id)
                                       Buffers: shared hit=47454 read=14796
                           ->  Hash  (cost=1.15..1.15 rows=1 width=4) (actual time=0.020..0.020 rows=1 loops=1)
                                 Buckets: 1024  Batches: 1  Memory Usage: 9kB
                                 Buffers: shared hit=1
                                 ->  Seq Scan on role_type rt  (cost=0.00..1.15 rows=1 width=4) (actual time=0.011..0.012 rows=1 loops=1)
                                       Filter: ((role)::text = 'miscellaneous crew'::text)
                                       Rows Removed by Filter: 11
                                       Buffers: shared hit=1
                     ->  Index Scan using name_pkey on name n  (cost=0.43..2.32 rows=1 width=4) (actual time=0.029..0.029 rows=0 loops=2212)
                           Index Cond: (id = ci.person_id)
                           Filter: ((gender)::text = 'm'::text)
                           Rows Removed by Filter: 1
                           Buffers: shared hit=7581 read=1267
 Planning:
   Buffers: shared hit=520 read=54
 Planning Time: 13.882 ms
 Execution Time: 13458.625 ms
(76 rows)

