                                                                                                  QUERY PLAN                                                                                                  
--------------------------------------------------------------------------------------------------------------------------------------------------------------------------------------------------------------
 Aggregate  (cost=810606.84..810606.85 rows=1 width=8) (actual time=41684.325..41684.333 rows=1 loops=1)
   Buffers: shared hit=3764644 read=502784, temp read=3149 written=3147
   ->  Nested Loop  (cost=770566.72..810605.63 rows=483 width=0) (actual time=826.845..41674.952 rows=33535 loops=1)
         Buffers: shared hit=3764644 read=502784, temp read=3149 written=3147
         ->  Hash Join  (cost=770566.29..808886.87 rows=741 width=4) (actual time=826.813..38106.210 rows=96991 loops=1)
               Hash Cond: (ci.role_id = rt.id)
               Buffers: shared hit=3406058 read=473406, temp read=3149 written=3147
               ->  Nested Loop  (cost=770565.12..808869.91 rows=4444 width=8) (actual time=826.203..37546.259 rows=3031976 loops=1)
                     Buffers: shared hit=3406057 read=473406, temp read=3149 written=3147
                     ->  Nested Loop  (cost=770564.68..795335.41 rows=310 width=12) (actual time=826.176..6922.877 rows=83150 loops=1)
                           Buffers: shared hit=639474 read=28612, temp read=3149 written=3147
                           ->  Nested Loop  (cost=770564.68..795329.12 rows=310 width=16) (actual time=826.169..6862.335 rows=83150 loops=1)
                                 Buffers: shared hit=639473 read=28612, temp read=3149 written=3147
                                 ->  Nested Loop  (cost=770564.68..795322.83 rows=310 width=20) (actual time=826.149..6802.959 rows=83150 loops=1)
                                       Buffers: shared hit=639472 read=28612, temp read=3149 written=3147
                                       ->  Nested Loop  (cost=770564.53..795304.47 rows=723 width=24) (actual time=825.637..6717.568 rows=88969 loops=1)
                                             Buffers: shared hit=639460 read=28612, temp read=3149 written=3147
                                             ->  Merge Join  (cost=770564.10..771064.18 rows=5709 width=16) (actual time=825.594..1163.600 rows=161487 loops=1)
                                                   Merge Cond: (mi1.movie_id = mi2.movie_id)
                                                   Buffers: shared hit=12342 read=9782, temp read=3149 written=3147
                                                   ->  Sort  (cost=393203.23..393313.63 rows=44160 width=8) (actual time=414.836..495.124 rows=408144 loops=1)
                                                         Sort Key: mi1.movie_id
                                                         Sort Method: external merge  Disk: 7208kB
                                                         Buffers: shared hit=2967 read=8008, temp read=901 written=906
                                                         ->  Bitmap Heap Scan on movie_info mi1  (cost=16459.51..389796.19 rows=44160 width=8) (actual time=42.249..341.486 rows=408184 loops=1)
                                                               Recheck Cond: (info_type_id = 3)
                                                               Filter: ((info)::text = ANY ('{Comedy,Documentary,Mystery,Thriller}'::text[]))
                                                               Rows Removed by Filter: 1125725
                                                               Heap Blocks: exact=9772
                                                               Buffers: shared hit=2967 read=8008
                                                               ->  Bitmap Index Scan on info_type_id_movie_info  (cost=0.00..16448.47 rows=1538671 width=0) (actual time=41.036..41.037 rows=1533909 loops=1)
                                                                     Index Cond: (info_type_id = 3)
                                                                     Buffers: shared read=1203
                                                   ->  Sort  (cost=377360.87..377471.96 rows=44437 width=8) (actual time=410.747..495.448 rows=420486 loops=1)
                                                         Sort Key: mi2.movie_id
                                                         Sort Method: external sort  Disk: 8960kB
                                                         Buffers: shared hit=9375 read=1774, temp read=2242 written=2241
                                                         ->  Bitmap Heap Scan on movie_info mi2  (cost=15881.50..373930.45 rows=44437 width=8) (actual time=34.106..305.710 rows=414619 loops=1)
                                                               Recheck Cond: (info_type_id = 7)
                                                               Filter: ((info)::text = ANY ('{OFM:Video,PCS:Spherical,"PFM:35 mm"}'::text[]))
                                                               Rows Removed by Filter: 987283
                                                               Heap Blocks: exact=10050
                                                               Buffers: shared hit=9375 read=1774
                                                               ->  Bitmap Index Scan on info_type_id_movie_info  (cost=0.00..15870.39 rows=1484527 width=0) (actual time=32.865..32.865 rows=1401902 loops=1)
                                                                     Index Cond: (info_type_id = 7)
                                                                     Buffers: shared hit=1 read=1098
                                             ->  Index Scan using title_pkey on title t  (cost=0.43..4.25 rows=1 width=8) (actual time=0.034..0.034 rows=1 loops=161487)
                                                   Index Cond: (id = mi1.movie_id)
                                                   Filter: ((production_year <= 2015) AND (1925 < production_year))
                                                   Rows Removed by Filter: 0
                                                   Buffers: shared hit=627118 read=18830
                                       ->  Memoize  (cost=0.14..0.16 rows=1 width=4) (actual time=0.000..0.000 rows=1 loops=88969)
                                             Cache Key: t.kind_id
                                             Cache Mode: logical
                                             Hits: 88963  Misses: 6  Evictions: 0  Overflows: 0  Memory Usage: 1kB
                                             Buffers: shared hit=12
                                             ->  Index Scan using kind_type_pkey on kind_type kt  (cost=0.13..0.15 rows=1 width=4) (actual time=0.200..0.200 rows=0 loops=6)
                                                   Index Cond: (id = t.kind_id)
                                                   Filter: ((kind)::text = ANY ('{episode,movie,"video movie"}'::text[]))
                                                   Rows Removed by Filter: 0
                                                   Buffers: shared hit=12
                                 ->  Materialize  (cost=0.00..2.42 rows=1 width=4) (actual time=0.000..0.000 rows=1 loops=83150)
                                       Buffers: shared hit=1
                                       ->  Seq Scan on info_type it1  (cost=0.00..2.41 rows=1 width=4) (actual time=0.016..0.020 rows=1 loops=1)
                                             Filter: (id = 3)
                                             Rows Removed by Filter: 112
                                             Buffers: shared hit=1
                           ->  Materialize  (cost=0.00..2.42 rows=1 width=4) (actual time=0.000..0.000 rows=1 loops=83150)
                                 Buffers: shared hit=1
                                 ->  Seq Scan on info_type it2  (cost=0.00..2.41 rows=1 width=4) (actual time=0.006..0.010 rows=1 loops=1)
                                       Filter: (id = 7)
                                       Rows Removed by Filter: 112
                                       Buffers: shared hit=1
                     ->  Index Scan using movie_id_cast_info on cast_info ci  (cost=0.44..43.28 rows=38 width=12) (actual time=0.035..0.358 rows=36 loops=83150)
                           Index Cond: (movie_id = t.id)
                           Buffers: shared hit=2766583 read=444794
               ->  Hash  (cost=1.15..1.15 rows=2 width=4) (actual time=0.030..0.031 rows=2 loops=1)
                     Buckets: 1024  Batches: 1  Memory Usage: 9kB
                     Buffers: shared hit=1
                     ->  Seq Scan on role_type rt  (cost=0.00..1.15 rows=2 width=4) (actual time=0.023..0.025 rows=2 loops=1)
                           Filter: ((role)::text = ANY ('{editor,"production designer"}'::text[]))
                           Rows Removed by Filter: 10
                           Buffers: shared hit=1
         ->  Index Scan using name_pkey on name n  (cost=0.43..2.32 rows=1 width=4) (actual time=0.036..0.036 rows=0 loops=96991)
               Index Cond: (id = ci.person_id)
               Filter: ((gender)::text = ANY ('{f,m}'::text[]))
               Rows Removed by Filter: 1
               Buffers: shared hit=358586 read=29378
 Planning:
   Buffers: shared hit=520 read=54
 Planning Time: 13.175 ms
 Execution Time: 41690.430 ms
(92 rows)

