                                                                                            QUERY PLAN                                                                                            
--------------------------------------------------------------------------------------------------------------------------------------------------------------------------------------------------
 Aggregate  (cost=435233.98..435233.99 rows=1 width=8) (actual time=16218.763..16218.772 rows=1 loops=1)
   Buffers: shared hit=1573164 read=107080
   ->  Nested Loop  (cost=65082.92..435233.98 rows=2 width=0) (actual time=7180.129..16218.761 rows=6 loops=1)
         Buffers: shared hit=1573164 read=107080
         ->  Seq Scan on info_type it2  (cost=0.00..2.41 rows=1 width=4) (actual time=0.038..0.047 rows=1 loops=1)
               Filter: (id = 7)
               Rows Removed by Filter: 112
               Buffers: shared hit=1
         ->  Nested Loop  (cost=65082.92..435231.54 rows=2 width=4) (actual time=7180.090..16218.709 rows=6 loops=1)
               Buffers: shared hit=1573163 read=107080
               ->  Seq Scan on info_type it1  (cost=0.00..2.41 rows=1 width=4) (actual time=0.007..0.019 rows=1 loops=1)
                     Filter: (id = 3)
                     Rows Removed by Filter: 112
                     Buffers: shared hit=1
               ->  Nested Loop  (cost=65082.92..435229.11 rows=2 width=8) (actual time=7180.079..16218.683 rows=6 loops=1)
                     Buffers: shared hit=1573162 read=107080
                     ->  Hash Join  (cost=65082.49..435217.51 rows=5 width=12) (actual time=3524.190..16217.583 rows=32 loops=1)
                           Hash Cond: (ci.role_id = rt.id)
                           Buffers: shared hit=1573063 read=107051
                           ->  Nested Loop  (cost=65081.33..435216.15 rows=57 width=16) (actual time=259.260..16136.131 rows=452518 loops=1)
                                 Buffers: shared hit=1573062 read=107051
                                 ->  Nested Loop  (cost=65080.89..435022.77 rows=4 width=20) (actual time=259.227..8620.642 rows=130340 loops=1)
                                       Buffers: shared hit=761579 read=79321
                                       ->  Hash Join  (cost=65080.45..423473.03 rows=254 width=12) (actual time=259.166..1066.889 rows=82317 loops=1)
                                             Hash Cond: (mi1.movie_id = t.id)
                                             Buffers: shared hit=2826 read=21536
                                             ->  Bitmap Heap Scan on movie_info mi1  (cost=16459.33..374686.46 rows=43442 width=8) (actual time=39.690..688.848 rows=407681 loops=1)
                                                   Recheck Cond: (info_type_id = 3)
                                                   Filter: ((info)::text = ANY ('{Crime,Short,War}'::text[]))
                                                   Rows Removed by Filter: 1126228
                                                   Heap Blocks: exact=9772
                                                   Buffers: shared hit=716 read=10259
                                                   ->  Bitmap Index Scan on info_type_id_movie_info  (cost=0.00..16448.47 rows=1538671 width=0) (actual time=38.493..38.493 rows=1533909 loops=1)
                                                         Index Cond: (info_type_id = 3)
                                                         Buffers: shared read=1203
                                             ->  Hash  (cost=48436.16..48436.16 rows=14797 width=4) (actual time=197.220..197.223 rows=103977 loops=1)
                                                   Buckets: 131072 (originally 16384)  Batches: 1 (originally 1)  Memory Usage: 4680kB
                                                   Buffers: shared hit=2110 read=11277
                                                   ->  Nested Loop  (cost=4497.16..48436.16 rows=14797 width=4) (actual time=21.281..182.062 rows=103977 loops=1)
                                                         Buffers: shared hit=2110 read=11277
                                                         ->  Seq Scan on kind_type kt  (cost=0.00..1.09 rows=1 width=4) (actual time=0.008..0.011 rows=1 loops=1)
                                                               Filter: ((kind)::text = 'movie'::text)
                                                               Rows Removed by Filter: 6
                                                               Buffers: shared hit=1
                                                         ->  Bitmap Heap Scan on title t  (cost=4497.16..48262.45 rows=17263 width=8) (actual time=21.269..175.642 rows=103977 loops=1)
                                                               Recheck Cond: (kind_id = kt.id)
                                                               Filter: ((production_year <= 1925) AND (1875 < production_year))
                                                               Rows Removed by Filter: 558848
                                                               Heap Blocks: exact=12865
                                                               Buffers: shared hit=2109 read=11277
                                                               ->  Bitmap Index Scan on kind_id_title  (cost=0.00..4492.84 rows=421388 width=0) (actual time=19.035..19.035 rows=662825 loops=1)
                                                                     Index Cond: (kind_id = kt.id)
                                                                     Buffers: shared read=521
                                       ->  Index Scan using movie_id_movie_info on movie_info mi2  (cost=0.43..45.46 rows=1 width=8) (actual time=0.058..0.091 rows=2 loops=82317)
                                             Index Cond: (movie_id = t.id)
                                             Filter: ((info_type_id = 7) AND ((info)::text = ANY ('{"MET:100 m","MET:15.24 m",PCS:Spherical,"PFM:35 mm"}'::text[])))
                                             Rows Removed by Filter: 10
                                             Buffers: shared hit=758753 read=57785
                                 ->  Index Scan using movie_id_cast_info on cast_info ci  (cost=0.44..47.96 rows=38 width=12) (actual time=0.032..0.056 rows=3 loops=130340)
                                       Index Cond: (movie_id = t.id)
                                       Buffers: shared hit=811483 read=27730
                           ->  Hash  (cost=1.15..1.15 rows=1 width=4) (actual time=0.017..0.018 rows=1 loops=1)
                                 Buckets: 1024  Batches: 1  Memory Usage: 9kB
                                 Buffers: shared hit=1
                                 ->  Seq Scan on role_type rt  (cost=0.00..1.15 rows=1 width=4) (actual time=0.009..0.010 rows=1 loops=1)
                                       Filter: ((role)::text = 'costume designer'::text)
                                       Rows Removed by Filter: 11
                                       Buffers: shared hit=1
                     ->  Index Scan using name_pkey on name n  (cost=0.43..2.32 rows=1 width=4) (actual time=0.033..0.033 rows=0 loops=32)
                           Index Cond: (id = ci.person_id)
                           Filter: ((gender)::text = 'm'::text)
                           Rows Removed by Filter: 1
                           Buffers: shared hit=99 read=29
 Planning:
   Buffers: shared hit=483 read=91
 Planning Time: 9.642 ms
 Execution Time: 16219.503 ms
(77 rows)

