                                                                                            QUERY PLAN                                                                                            
--------------------------------------------------------------------------------------------------------------------------------------------------------------------------------------------------
 Aggregate  (cost=528503.89..528503.90 rows=1 width=8) (actual time=1216.008..1216.015 rows=1 loops=1)
   Buffers: shared hit=37018 read=62850
   ->  Nested Loop  (cost=94334.71..528503.84 rows=20 width=0) (actual time=438.065..1215.997 rows=22 loops=1)
         Buffers: shared hit=37018 read=62850
         ->  Seq Scan on info_type it2  (cost=0.00..2.41 rows=1 width=4) (actual time=0.035..0.039 rows=1 loops=1)
               Filter: (id = 7)
               Rows Removed by Filter: 112
               Buffers: shared hit=1
         ->  Nested Loop  (cost=94334.71..528501.22 rows=20 width=4) (actual time=438.028..1215.949 rows=22 loops=1)
               Buffers: shared hit=37017 read=62850
               ->  Seq Scan on info_type it1  (cost=0.00..2.41 rows=1 width=4) (actual time=0.008..0.015 rows=1 loops=1)
                     Filter: (id = 3)
                     Rows Removed by Filter: 112
                     Buffers: shared hit=1
               ->  Nested Loop  (cost=94334.71..528498.61 rows=20 width=8) (actual time=438.018..1215.925 rows=22 loops=1)
                     Buffers: shared hit=37016 read=62850
                     ->  Hash Join  (cost=94334.28..528389.59 rows=47 width=12) (actual time=424.953..1213.205 rows=98 loops=1)
                           Hash Cond: (ci.role_id = rt.id)
                           Buffers: shared hit=36711 read=62763
                           ->  Nested Loop  (cost=94333.12..528386.44 rows=559 width=16) (actual time=418.467..1211.677 rows=12886 loops=1)
                                 Buffers: shared hit=36710 read=62763
                                 ->  Nested Loop  (cost=94332.68..526648.82 rows=39 width=20) (actual time=417.809..1041.255 rows=2012 loops=1)
                                       Buffers: shared hit=23104 read=58067
                                       ->  Hash Join  (cost=94332.24..467782.06 rows=1370 width=12) (actual time=417.617..745.704 rows=3131 loops=1)
                                             Hash Cond: (mi1.movie_id = t.id)
                                             Buffers: shared hit=2187 read=45180
                                             ->  Bitmap Heap Scan on movie_info mi1  (cost=16455.10..389791.78 rows=26516 width=8) (actual time=41.692..340.923 rows=242382 loops=1)
                                                   Recheck Cond: (info_type_id = 3)
                                                   Filter: ((info)::text = ANY ('{Adventure,Biography,Comedy,War}'::text[]))
                                                   Rows Removed by Filter: 1291527
                                                   Heap Blocks: exact=9772
                                                   Buffers: shared hit=2186 read=8789
                                                   ->  Bitmap Index Scan on info_type_id_movie_info  (cost=0.00..16448.47 rows=1538671 width=0) (actual time=40.495..40.495 rows=1533909 loops=1)
                                                         Index Cond: (info_type_id = 3)
                                                         Buffers: shared read=1203
                                             ->  Hash  (cost=76244.08..76244.08 rows=130645 width=4) (actual time=375.399..375.402 rows=11554 loops=1)
                                                   Buckets: 131072  Batches: 1  Memory Usage: 1431kB
                                                   Buffers: shared hit=1 read=36391
                                                   ->  Hash Join  (cost=1.11..76244.08 rows=130645 width=4) (actual time=0.133..372.568 rows=11554 loops=1)
                                                         Hash Cond: (t.kind_id = kt.id)
                                                         Buffers: shared hit=1 read=36391
                                                         ->  Seq Scan on title t  (cost=0.00..74315.95 rows=457258 width=8) (actual time=0.025..347.086 rows=451569 loops=1)
                                                               Filter: ((production_year <= 1975) AND (1875 < production_year))
                                                               Rows Removed by Filter: 2076743
                                                               Buffers: shared read=36391
                                                         ->  Hash  (cost=1.09..1.09 rows=2 width=4) (actual time=0.012..0.013 rows=2 loops=1)
                                                               Buckets: 1024  Batches: 1  Memory Usage: 9kB
                                                               Buffers: shared hit=1
                                                               ->  Seq Scan on kind_type kt  (cost=0.00..1.09 rows=2 width=4) (actual time=0.007..0.008 rows=2 loops=1)
                                                                     Filter: ((kind)::text = ANY ('{"tv series","video movie"}'::text[]))
                                                                     Rows Removed by Filter: 5
                                                                     Buffers: shared hit=1
                                       ->  Index Scan using movie_id_movie_info on movie_info mi2  (cost=0.43..42.96 rows=1 width=8) (actual time=0.071..0.094 rows=1 loops=3131)
                                             Index Cond: (movie_id = t.id)
                                             Filter: ((info_type_id = 7) AND ((info)::text = ANY ('{"OFM:35 mm",PCS:Spherical,"RAT:1.33 : 1","RAT:1.37 : 1","RAT:2.35 : 1"}'::text[])))
                                             Rows Removed by Filter: 13
                                             Buffers: shared hit=20917 read=12887
                                 ->  Index Scan using movie_id_cast_info on cast_info ci  (cost=0.44..44.17 rows=38 width=12) (actual time=0.031..0.083 rows=6 loops=2012)
                                       Index Cond: (movie_id = t.id)
                                       Buffers: shared hit=13606 read=4696
                           ->  Hash  (cost=1.15..1.15 rows=1 width=4) (actual time=0.017..0.017 rows=1 loops=1)
                                 Buckets: 1024  Batches: 1  Memory Usage: 9kB
                                 Buffers: shared hit=1
                                 ->  Seq Scan on role_type rt  (cost=0.00..1.15 rows=1 width=4) (actual time=0.009..0.010 rows=1 loops=1)
                                       Filter: ((role)::text = 'production designer'::text)
                                       Rows Removed by Filter: 11
                                       Buffers: shared hit=1
                     ->  Index Scan using name_pkey on name n  (cost=0.43..2.32 rows=1 width=4) (actual time=0.027..0.027 rows=0 loops=98)
                           Index Cond: (id = ci.person_id)
                           Filter: ((gender)::text = 'm'::text)
                           Rows Removed by Filter: 1
                           Buffers: shared hit=305 read=87
 Planning:
   Buffers: shared hit=481 read=93
 Planning Time: 12.999 ms
 Execution Time: 1216.524 ms
(76 rows)

