                                                                                            QUERY PLAN                                                                                            
--------------------------------------------------------------------------------------------------------------------------------------------------------------------------------------------------
 Aggregate  (cost=640432.74..640432.75 rows=1 width=8) (actual time=86946.838..86946.848 rows=1 loops=1)
   Buffers: shared hit=8636394 read=405840, temp read=2757 written=2757
   ->  Nested Loop  (cost=92258.99..640432.46 rows=115 width=0) (actual time=519.927..86761.978 rows=1025000 loops=1)
         Buffers: shared hit=8636394 read=405840, temp read=2757 written=2757
         ->  Hash Join  (cost=92258.56..639794.59 rows=275 width=4) (actual time=519.856..46498.408 rows=1108290 loops=1)
               Hash Cond: (ci.role_id = rt.id)
               Buffers: shared hit=4250787 read=358287, temp read=2757 written=2757
               ->  Nested Loop  (cost=92257.38..639787.56 rows=1648 width=8) (actual time=519.801..45813.706 rows=1970031 loops=1)
                     Buffers: shared hit=4250786 read=358287, temp read=2757 written=2757
                     ->  Nested Loop  (cost=92256.94..634518.27 rows=115 width=12) (actual time=519.750..25118.553 rows=70039 loops=1)
                           Buffers: shared hit=2279312 read=194358, temp read=2757 written=2757
                           ->  Seq Scan on info_type it2  (cost=0.00..2.41 rows=1 width=4) (actual time=0.021..0.032 rows=1 loops=1)
                                 Filter: (id = 7)
                                 Rows Removed by Filter: 112
                                 Buffers: shared hit=1
                           ->  Nested Loop  (cost=92256.94..634514.71 rows=115 width=16) (actual time=519.727..25099.177 rows=70039 loops=1)
                                 Buffers: shared hit=2279311 read=194358, temp read=2757 written=2757
                                 ->  Seq Scan on info_type it1  (cost=0.00..2.41 rows=1 width=4) (actual time=0.006..0.020 rows=1 loops=1)
                                       Filter: (id = 3)
                                       Rows Removed by Filter: 112
                                       Buffers: shared hit=1
                                 ->  Nested Loop  (cost=92256.94..634511.14 rows=115 width=20) (actual time=519.718..25077.313 rows=70039 loops=1)
                                       Buffers: shared hit=2279310 read=194358, temp read=2757 written=2757
                                       ->  Hash Join  (cost=92256.51..480893.75 rows=3493 width=12) (actual time=458.773..1930.283 rows=215513 loops=1)
                                             Hash Cond: (mi2.movie_id = t.id)
                                             Buffers: shared hit=3189 read=44352, temp read=2757 written=2757
                                             ->  Bitmap Heap Scan on movie_info mi2  (cost=15894.50..404135.14 rows=96445 width=8) (actual time=39.632..856.688 rows=916968 loops=1)
                                                   Recheck Cond: (info_type_id = 7)
                                                   Filter: ((info)::text = ANY ('{"OFM:35 mm",PCS:Spherical,"PFM:35 mm","RAT:1.33 : 1","RAT:1.37 : 1"}'::text[]))
                                                   Rows Removed by Filter: 484934
                                                   Heap Blocks: exact=10050
                                                   Buffers: shared hit=1165 read=9984
                                                   ->  Bitmap Index Scan on info_type_id_movie_info  (cost=0.00..15870.39 rows=1484527 width=0) (actual time=38.375..38.375 rows=1401902 loops=1)
                                                         Index Cond: (info_type_id = 7)
                                                         Buffers: shared hit=1 read=1098
                                             ->  Hash  (cost=75217.46..75217.46 rows=91564 width=4) (actual time=418.639..418.643 rows=204688 loops=1)
                                                   Buckets: 262144 (originally 131072)  Batches: 2 (originally 1)  Memory Usage: 6145kB
                                                   Buffers: shared hit=2024 read=34368, temp written=299
                                                   ->  Hash Join  (cost=1.13..75217.46 rows=91564 width=4) (actual time=0.045..376.240 rows=204688 loops=1)
                                                         Hash Cond: (t.kind_id = kt.id)
                                                         Buffers: shared hit=2024 read=34368
                                                         ->  Seq Scan on title t  (cost=0.00..74315.95 rows=213650 width=8) (actual time=0.024..350.449 rows=212483 loops=1)
                                                               Filter: ((production_year <= 1970) AND (1950 < production_year))
                                                               Rows Removed by Filter: 2315829
                                                               Buffers: shared hit=2023 read=34368
                                                         ->  Hash  (cost=1.10..1.10 rows=3 width=4) (actual time=0.013..0.015 rows=3 loops=1)
                                                               Buckets: 1024  Batches: 1  Memory Usage: 9kB
                                                               Buffers: shared hit=1
                                                               ->  Seq Scan on kind_type kt  (cost=0.00..1.10 rows=3 width=4) (actual time=0.008..0.009 rows=3 loops=1)
                                                                     Filter: ((kind)::text = ANY ('{episode,movie,"tv movie"}'::text[]))
                                                                     Rows Removed by Filter: 4
                                                                     Buffers: shared hit=1
                                       ->  Index Scan using movie_id_movie_info on movie_info mi1  (cost=0.43..43.97 rows=1 width=8) (actual time=0.106..0.107 rows=0 loops=215513)
                                             Index Cond: (movie_id = t.id)
                                             Filter: ((info_type_id = 3) AND ((info)::text = ANY ('{Action,Animation,Comedy,Documentary,Drama,Family,Romance,Thriller}'::text[])))
                                             Rows Removed by Filter: 13
                                             Buffers: shared hit=2276121 read=150006
                     ->  Index Scan using movie_id_cast_info on cast_info ci  (cost=0.44..45.44 rows=38 width=12) (actual time=0.038..0.287 rows=28 loops=70039)
                           Index Cond: (movie_id = t.id)
                           Buffers: shared hit=1971474 read=163929
               ->  Hash  (cost=1.15..1.15 rows=2 width=4) (actual time=0.032..0.032 rows=2 loops=1)
                     Buckets: 1024  Batches: 1  Memory Usage: 9kB
                     Buffers: shared hit=1
                     ->  Seq Scan on role_type rt  (cost=0.00..1.15 rows=2 width=4) (actual time=0.024..0.026 rows=2 loops=1)
                           Filter: ((role)::text = ANY ('{actor,writer}'::text[]))
                           Rows Removed by Filter: 10
                           Buffers: shared hit=1
         ->  Index Scan using name_pkey on name n  (cost=0.43..2.32 rows=1 width=4) (actual time=0.036..0.036 rows=1 loops=1108290)
               Index Cond: (id = ci.person_id)
               Filter: ((gender)::text = 'm'::text)
               Rows Removed by Filter: 0
               Buffers: shared hit=4385607 read=47553
 Planning:
   Buffers: shared hit=574
 Planning Time: 12.916 ms
 Execution Time: 86947.420 ms
(76 rows)

