                                                                                                       QUERY PLAN                                                                                                       
------------------------------------------------------------------------------------------------------------------------------------------------------------------------------------------------------------------------
 Aggregate  (cost=1000431.68..1000431.69 rows=1 width=8) (actual time=100755.280..100755.292 rows=1 loops=1)
   Buffers: shared hit=9223316 read=877953, temp read=15912 written=15912
   ->  Nested Loop  (cost=501896.18..1000429.17 rows=1006 width=0) (actual time=1779.684..100725.410 rows=98373 loops=1)
         Buffers: shared hit=9223316 read=877953, temp read=15912 written=15912
         ->  Hash Join  (cost=501895.75..994866.96 rows=2398 width=4) (actual time=1747.358..89352.448 rows=308764 loops=1)
               Hash Cond: (ci.role_id = rt.id)
               Buffers: shared hit=8065023 read=801190, temp read=15912 written=15912
               ->  Nested Loop  (cost=501894.57..994814.67 rows=14391 width=8) (actual time=1747.242..87652.317 rows=8438247 loops=1)
                     Buffers: shared hit=8065022 read=801190, temp read=15912 written=15912
                     ->  Nested Loop  (cost=501894.13..950942.18 rows=1004 width=12) (actual time=1747.207..3467.370 rows=196784 loops=1)
                           Buffers: shared hit=3169 read=55349, temp read=15912 written=15912
                           ->  Seq Scan on info_type it2  (cost=0.00..2.41 rows=1 width=4) (actual time=0.017..0.028 rows=1 loops=1)
                                 Filter: (id = 7)
                                 Rows Removed by Filter: 112
                                 Buffers: shared hit=1
                           ->  Nested Loop  (cost=501894.13..950929.72 rows=1004 width=16) (actual time=1747.188..3415.922 rows=196784 loops=1)
                                 Buffers: shared hit=3168 read=55349, temp read=15912 written=15912
                                 ->  Seq Scan on info_type it1  (cost=0.00..2.41 rows=1 width=4) (actual time=0.008..0.021 rows=1 loops=1)
                                       Filter: (id = 3)
                                       Rows Removed by Filter: 112
                                       Buffers: shared hit=1
                                 ->  Hash Join  (cost=501894.13..950917.27 rows=1004 width=20) (actual time=1747.178..3362.193 rows=196784 loops=1)
                                       Hash Cond: (mi2.movie_id = t.id)
                                       Buffers: shared hit=3167 read=55349, temp read=15912 written=15912
                                       ->  Bitmap Heap Scan on movie_info mi2  (cost=15896.33..464520.33 rows=103757 width=8) (actual time=37.246..828.676 rows=983487 loops=1)
                                             Recheck Cond: (info_type_id = 7)
                                             Filter: ((info)::text = ANY ('{"CAM:Red One Camera","OFM:35 mm",OFM:Video,PCS:Spherical,"PFM:35 mm","RAT:1.33 : 1","RAT:1.85 : 1","RAT:16:9 HD","RAT:2.35 : 1"}'::text[]))
                                             Rows Removed by Filter: 418415
                                             Heap Blocks: exact=10050
                                             Buffers: shared hit=13 read=11136
                                             ->  Bitmap Index Scan on info_type_id_movie_info  (cost=0.00..15870.39 rows=1484527 width=0) (actual time=36.012..36.012 rows=1401902 loops=1)
                                                   Index Cond: (info_type_id = 7)
                                                   Buffers: shared read=1099
                                       ->  Hash  (cost=485692.05..485692.05 rows=24461 width=12) (actual time=1709.162..1709.168 rows=512985 loops=1)
                                             Buckets: 262144 (originally 32768)  Batches: 4 (originally 1)  Memory Usage: 7568kB
                                             Buffers: shared hit=3154 read=44213, temp read=10191 written=11691
                                             ->  Hash Join  (cost=108623.51..485692.05 rows=24461 width=12) (actual time=922.040..1628.770 rows=512985 loops=1)
                                                   Hash Cond: (mi1.movie_id = t.id)
                                                   Buffers: shared hit=3154 read=44213, temp read=10191 written=10191
                                                   ->  Bitmap Heap Scan on movie_info mi1  (cost=16475.51..389812.19 rows=108066 width=8) (actual time=37.649..319.267 rows=1029632 loops=1)
                                                         Recheck Cond: (info_type_id = 3)
                                                         Filter: ((info)::text = ANY ('{Action,Adult,Animation,Crime,Documentary,Drama,Family,Short,Thriller}'::text[]))
                                                         Rows Removed by Filter: 504277
                                                         Heap Blocks: exact=9772
                                                         Buffers: shared hit=3153 read=7822
                                                         ->  Bitmap Index Scan on info_type_id_movie_info  (cost=0.00..16448.47 rows=1538671 width=0) (actual time=36.460..36.460 rows=1533909 loops=1)
                                                               Index Cond: (info_type_id = 3)
                                                               Buffers: shared hit=1 read=1202
                                                   ->  Hash  (cost=82758.36..82758.36 rows=572291 width=4) (actual time=882.763..882.767 rows=1712591 loops=1)
                                                         Buckets: 262144 (originally 262144)  Batches: 16 (originally 4)  Memory Usage: 6145kB
                                                         Buffers: shared hit=1 read=36391, temp written=4697
                                                         ->  Hash Join  (cost=1.11..82758.36 rows=572291 width=4) (actual time=0.042..648.648 rows=1712591 loops=1)
                                                               Hash Cond: (t.kind_id = kt.id)
                                                               Buffers: shared hit=1 read=36391
                                                               ->  Seq Scan on title t  (cost=0.00..74315.95 rows=2003019 width=8) (actual time=0.023..431.540 rows=2004612 loops=1)
                                                                     Filter: ((production_year <= 2015) AND (1975 < production_year))
                                                                     Rows Removed by Filter: 523700
                                                                     Buffers: shared read=36391
                                                               ->  Hash  (cost=1.09..1.09 rows=2 width=4) (actual time=0.013..0.014 rows=2 loops=1)
                                                                     Buckets: 1024  Batches: 1  Memory Usage: 9kB
                                                                     Buffers: shared hit=1
                                                                     ->  Seq Scan on kind_type kt  (cost=0.00..1.09 rows=2 width=4) (actual time=0.008..0.009 rows=2 loops=1)
                                                                           Filter: ((kind)::text = ANY ('{episode,movie}'::text[]))
                                                                           Rows Removed by Filter: 5
                                                                           Buffers: shared hit=1
                     ->  Index Scan using movie_id_cast_info on cast_info ci  (cost=0.44..43.32 rows=38 width=12) (actual time=0.037..0.415 rows=43 loops=196784)
                           Index Cond: (movie_id = t.id)
                           Buffers: shared hit=8061853 read=745841
               ->  Hash  (cost=1.15..1.15 rows=2 width=4) (actual time=0.028..0.029 rows=2 loops=1)
                     Buckets: 1024  Batches: 1  Memory Usage: 9kB
                     Buffers: shared hit=1
                     ->  Seq Scan on role_type rt  (cost=0.00..1.15 rows=2 width=4) (actual time=0.019..0.020 rows=2 loops=1)
                           Filter: ((role)::text = ANY ('{editor,"production designer"}'::text[]))
                           Rows Removed by Filter: 10
                           Buffers: shared hit=1
         ->  Index Scan using name_pkey on name n  (cost=0.43..2.32 rows=1 width=4) (actual time=0.036..0.036 rows=0 loops=308764)
               Index Cond: (id = ci.person_id)
               Filter: ((gender)::text = 'm'::text)
               Rows Removed by Filter: 1
               Buffers: shared hit=1158293 read=76763
 Planning:
   Buffers: shared hit=485 read=92
 Planning Time: 11.956 ms
 Execution Time: 100755.929 ms
(84 rows)

