                                                                                                                                       QUERY PLAN                                                                                                                                        
-----------------------------------------------------------------------------------------------------------------------------------------------------------------------------------------------------------------------------------------------------------------------------------------
 Aggregate  (cost=955412.27..955412.28 rows=1 width=8) (actual time=79424.183..79424.192 rows=1 loops=1)
   Buffers: shared hit=7426613 read=641255, temp read=5556 written=5483
   ->  Nested Loop  (cost=907737.62..955411.37 rows=357 width=0) (actual time=1094.225..79246.404 rows=1014667 loops=1)
         Buffers: shared hit=7426613 read=641255, temp read=5556 written=5483
         ->  Seq Scan on info_type it2  (cost=0.00..2.41 rows=1 width=4) (actual time=0.047..0.057 rows=1 loops=1)
               Filter: (id = 7)
               Rows Removed by Filter: 112
               Buffers: shared hit=1
         ->  Nested Loop  (cost=907737.62..955405.39 rows=357 width=4) (actual time=1094.176..79028.863 rows=1014667 loops=1)
               Buffers: shared hit=7426612 read=641255, temp read=5556 written=5483
               ->  Seq Scan on info_type it1  (cost=0.00..2.41 rows=1 width=4) (actual time=0.009..0.022 rows=1 loops=1)
                     Filter: (id = 3)
                     Rows Removed by Filter: 112
                     Buffers: shared hit=1
               ->  Nested Loop  (cost=907737.62..955399.41 rows=357 width=8) (actual time=1094.166..78807.543 rows=1014667 loops=1)
                     Buffers: shared hit=7426611 read=641255, temp read=5556 written=5483
                     ->  Hash Join  (cost=907737.19..953427.82 rows=850 width=12) (actual time=1094.145..40954.139 rows=1041935 loops=1)
                           Hash Cond: (ci.role_id = rt.id)
                           Buffers: shared hit=3326445 read=573681, temp read=5556 written=5483
                           ->  Nested Loop  (cost=907736.01..953408.52 rows=5103 width=16) (actual time=1094.093..40141.890 rows=2861306 loops=1)
                                 Buffers: shared hit=3326444 read=573681, temp read=5556 written=5483
                                 ->  Nested Loop  (cost=907735.57..937852.14 rows=356 width=20) (actual time=1094.062..9799.880 rows=59004 loops=1)
                                       Buffers: shared hit=912209 read=28131, temp read=5556 written=5483
                                       ->  Nested Loop  (cost=907735.43..937831.22 rows=830 width=24) (actual time=1092.893..9723.987 rows=69198 loops=1)
                                             Buffers: shared hit=912197 read=28131, temp read=5556 written=5483
                                             ->  Merge Join  (cost=907735.00..908329.22 rows=7708 width=16) (actual time=1092.848..1534.928 rows=229551 loops=1)
                                                   Merge Cond: (mi1.movie_id = mi2.movie_id)
                                                   Buffers: shared hit=14805 read=7319, temp read=5556 written=5483
                                                   ->  Sort  (cost=439602.49..439744.18 rows=56674 width=8) (actual time=553.324..650.919 rows=555467 loops=1)
                                                         Sort Key: mi1.movie_id
                                                         Sort Method: external sort  Disk: 12000kB
                                                         Buffers: shared hit=7879 read=3096, temp read=2995 written=3002
                                                         ->  Bitmap Heap Scan on movie_info mi1  (cost=16462.64..435127.96 rows=56674 width=8) (actual time=42.256..415.245 rows=555470 loops=1)
                                                               Recheck Cond: (info_type_id = 3)
                                                               Filter: ((info)::text = ANY ('{Animation,Documentary,Drama,Family,Fantasy,Music,Western}'::text[]))
                                                               Rows Removed by Filter: 978439
                                                               Heap Blocks: exact=9772
                                                               Buffers: shared hit=7879 read=3096
                                                               ->  Bitmap Index Scan on info_type_id_movie_info  (cost=0.00..16448.47 rows=1538671 width=0) (actual time=41.062..41.062 rows=1533909 loops=1)
                                                                     Index Cond: (info_type_id = 3)
                                                                     Buffers: shared read=1203
                                                   ->  Sort  (cost=468132.51..468249.40 rows=46754 width=8) (actual time=539.510..647.695 rows=478250 loops=1)
                                                         Sort Key: mi2.movie_id
                                                         Sort Method: external sort  Disk: 9920kB
                                                         Buffers: shared hit=6926 read=4223, temp read=2518 written=2481
                                                         ->  Bitmap Heap Scan on movie_info mi2  (cost=15882.08..464506.08 rows=46754 width=8) (actual time=32.649..424.898 rows=458867 loops=1)
                                                               Recheck Cond: (info_type_id = 7)
                                                               Filter: ((info)::text = ANY ('{"LAB:Consolidated Film Industries (CFI), Hollywood (CA), USA",LAB:Technicolor,"OFM:35 mm",PCS:Panavision,PCS:Spherical,"PFM:16 mm","RAT:1.66 : 1","RAT:16:9 HD","RAT:2.35 : 1"}'::text[]))
                                                               Rows Removed by Filter: 943035
                                                               Heap Blocks: exact=10050
                                                               Buffers: shared hit=6926 read=4223
                                                               ->  Bitmap Index Scan on info_type_id_movie_info  (cost=0.00..15870.39 rows=1484527 width=0) (actual time=31.409..31.409 rows=1401902 loops=1)
                                                                     Index Cond: (info_type_id = 7)
                                                                     Buffers: shared hit=1 read=1098
                                             ->  Index Scan using title_pkey on title t  (cost=0.43..3.83 rows=1 width=8) (actual time=0.035..0.035 rows=0 loops=229551)
                                                   Index Cond: (id = mi1.movie_id)
                                                   Filter: ((production_year <= 2015) AND (1975 < production_year))
                                                   Rows Removed by Filter: 1
                                                   Buffers: shared hit=897392 read=20812
                                       ->  Memoize  (cost=0.14..0.16 rows=1 width=4) (actual time=0.000..0.000 rows=1 loops=69198)
                                             Cache Key: t.kind_id
                                             Cache Mode: logical
                                             Hits: 69192  Misses: 6  Evictions: 0  Overflows: 0  Memory Usage: 1kB
                                             Buffers: shared hit=12
                                             ->  Index Scan using kind_type_pkey on kind_type kt  (cost=0.13..0.15 rows=1 width=4) (actual time=0.177..0.177 rows=0 loops=6)
                                                   Index Cond: (id = t.kind_id)
                                                   Filter: ((kind)::text = ANY ('{episode,movie,"video movie"}'::text[]))
                                                   Rows Removed by Filter: 0
                                                   Buffers: shared hit=12
                                 ->  Index Scan using movie_id_cast_info on cast_info ci  (cost=0.44..43.32 rows=38 width=12) (actual time=0.039..0.499 rows=48 loops=59004)
                                       Index Cond: (movie_id = t.id)
                                       Buffers: shared hit=2414235 read=545550
                           ->  Hash  (cost=1.15..1.15 rows=2 width=4) (actual time=0.021..0.022 rows=2 loops=1)
                                 Buckets: 1024  Batches: 1  Memory Usage: 9kB
                                 Buffers: shared hit=1
                                 ->  Seq Scan on role_type rt  (cost=0.00..1.15 rows=2 width=4) (actual time=0.011..0.014 rows=2 loops=1)
                                       Filter: ((role)::text = ANY ('{actor,composer}'::text[]))
                                       Rows Removed by Filter: 10
                                       Buffers: shared hit=1
                     ->  Index Scan using name_pkey on name n  (cost=0.43..2.32 rows=1 width=4) (actual time=0.036..0.036 rows=1 loops=1041935)
                           Index Cond: (id = ci.person_id)
                           Filter: ((gender)::text = 'm'::text)
                           Rows Removed by Filter: 0
                           Buffers: shared hit=4100166 read=67574
 Planning:
   Buffers: shared hit=529 read=45
 Planning Time: 13.516 ms
 Execution Time: 79431.550 ms
(88 rows)

