                                                                                                  QUERY PLAN                                                                                                  
--------------------------------------------------------------------------------------------------------------------------------------------------------------------------------------------------------------
 Aggregate  (cost=839406.11..839406.12 rows=1 width=8) (actual time=25117.173..25117.181 rows=1 loops=1)
   Buffers: shared hit=2167377 read=358647, temp read=5077 written=4985
   ->  Nested Loop  (cost=801664.89..839405.73 rows=149 width=0) (actual time=951.341..25108.820 rows=35112 loops=1)
         Buffers: shared hit=2167377 read=358647, temp read=5077 written=4985
         ->  Seq Scan on info_type it2  (cost=0.00..2.41 rows=1 width=4) (actual time=0.036..0.046 rows=1 loops=1)
               Filter: (id = 7)
               Rows Removed by Filter: 112
               Buffers: shared hit=1
         ->  Nested Loop  (cost=801664.89..839401.83 rows=149 width=4) (actual time=951.303..25100.701 rows=35112 loops=1)
               Buffers: shared hit=2167376 read=358647, temp read=5077 written=4985
               ->  Seq Scan on info_type it1  (cost=0.00..2.41 rows=1 width=4) (actual time=0.010..0.021 rows=1 loops=1)
                     Filter: (id = 3)
                     Rows Removed by Filter: 112
                     Buffers: shared hit=1
               ->  Nested Loop  (cost=801664.89..839397.93 rows=149 width=8) (actual time=951.291..25092.148 rows=35112 loops=1)
                     Buffers: shared hit=2167375 read=358647, temp read=5077 written=4985
                     ->  Hash Join  (cost=801664.46..838574.50 rows=355 width=12) (actual time=950.400..22399.175 rows=72262 loops=1)
                           Hash Cond: (ci.role_id = rt.id)
                           Buffers: shared hit=1912060 read=324914, temp read=5077 written=4985
                           ->  Nested Loop  (cost=801663.29..838558.21 rows=4257 width=16) (actual time=950.354..22102.924 rows=1509594 loops=1)
                                 Buffers: shared hit=1912059 read=324914, temp read=5077 written=4985
                                 ->  Nested Loop  (cost=801662.85..825580.00 rows=297 width=20) (actual time=950.327..6422.321 rows=45336 loops=1)
                                       Buffers: shared hit=597968 read=39604, temp read=5077 written=4985
                                       ->  Nested Loop  (cost=801662.71..825562.38 rows=692 width=24) (actual time=950.168..6377.873 rows=47306 loops=1)
                                             Buffers: shared hit=597956 read=39604, temp read=5077 written=4985
                                             ->  Merge Join  (cost=801662.28..802220.77 rows=6425 width=16) (actual time=950.113..1288.341 rows=153859 loops=1)
                                                   Merge Cond: (mi1.movie_id = mi2.movie_id)
                                                   Buffers: shared hit=3 read=22121, temp read=5077 written=4985
                                                   ->  Sort  (cost=394973.69..395135.51 rows=64727 width=8) (actual time=512.468..607.476 rows=598985 loops=1)
                                                         Sort Key: mi1.movie_id
                                                         Sort Method: external sort  Disk: 12944kB
                                                         Buffers: shared hit=1 read=10974, temp read=3230 written=3238
                                                         ->  Bitmap Heap Scan on movie_info mi1  (cost=16464.65..389801.33 rows=64727 width=8) (actual time=41.385..363.225 rows=598996 loops=1)
                                                               Recheck Cond: (info_type_id = 3)
                                                               Filter: ((info)::text = ANY ('{Action,Adventure,Documentary,Short}'::text[]))
                                                               Rows Removed by Filter: 934913
                                                               Heap Blocks: exact=9772
                                                               Buffers: shared hit=1 read=10974
                                                               ->  Bitmap Index Scan on info_type_id_movie_info  (cost=0.00..16448.47 rows=1538671 width=0) (actual time=40.182..40.182 rows=1533909 loops=1)
                                                                     Index Cond: (info_type_id = 3)
                                                                     Buffers: shared read=1203
                                                   ->  Sort  (cost=406688.59..406773.89 rows=34121 width=8) (actual time=437.631..500.680 rows=343742 loops=1)
                                                         Sort Key: mi2.movie_id
                                                         Sort Method: external sort  Disk: 6984kB
                                                         Buffers: shared hit=2 read=11147, temp read=1795 written=1747
                                                         ->  Bitmap Heap Scan on movie_info mi2  (cost=15878.92..404119.56 rows=34121 width=8) (actual time=33.110..355.670 rows=323048 loops=1)
                                                               Recheck Cond: (info_type_id = 7)
                                                               Filter: ((info)::text = ANY ('{"CAM:Red One Camera","OFM:35 mm","PFM:16 mm","RAT:1.85 : 1","RAT:2.35 : 1"}'::text[]))
                                                               Rows Removed by Filter: 1078854
                                                               Heap Blocks: exact=10050
                                                               Buffers: shared hit=2 read=11147
                                                               ->  Bitmap Index Scan on info_type_id_movie_info  (cost=0.00..15870.39 rows=1484527 width=0) (actual time=31.864..31.864 rows=1401902 loops=1)
                                                                     Index Cond: (info_type_id = 7)
                                                                     Buffers: shared hit=1 read=1098
                                             ->  Index Scan using title_pkey on title t  (cost=0.43..3.63 rows=1 width=8) (actual time=0.033..0.033 rows=0 loops=153859)
                                                   Index Cond: (id = mi1.movie_id)
                                                   Filter: ((production_year <= 2015) AND (1975 < production_year))
                                                   Rows Removed by Filter: 1
                                                   Buffers: shared hit=597953 read=17483
                                       ->  Memoize  (cost=0.14..0.16 rows=1 width=4) (actual time=0.000..0.000 rows=1 loops=47306)
                                             Cache Key: t.kind_id
                                             Cache Mode: logical
                                             Hits: 47300  Misses: 6  Evictions: 0  Overflows: 0  Memory Usage: 1kB
                                             Buffers: shared hit=12
                                             ->  Index Scan using kind_type_pkey on kind_type kt  (cost=0.13..0.15 rows=1 width=4) (actual time=0.009..0.009 rows=0 loops=6)
                                                   Index Cond: (id = t.kind_id)
                                                   Filter: ((kind)::text = ANY ('{episode,movie,"video movie"}'::text[]))
                                                   Rows Removed by Filter: 0
                                                   Buffers: shared hit=12
                                 ->  Index Scan using movie_id_cast_info on cast_info ci  (cost=0.44..43.32 rows=38 width=12) (actual time=0.037..0.336 rows=33 loops=45336)
                                       Index Cond: (movie_id = t.id)
                                       Buffers: shared hit=1314091 read=285310
                           ->  Hash  (cost=1.15..1.15 rows=1 width=4) (actual time=0.015..0.016 rows=1 loops=1)
                                 Buckets: 1024  Batches: 1  Memory Usage: 9kB
                                 Buffers: shared hit=1
                                 ->  Seq Scan on role_type rt  (cost=0.00..1.15 rows=1 width=4) (actual time=0.007..0.009 rows=1 loops=1)
                                       Filter: ((role)::text = 'writer'::text)
                                       Rows Removed by Filter: 11
                                       Buffers: shared hit=1
                     ->  Index Scan using name_pkey on name n  (cost=0.43..2.32 rows=1 width=4) (actual time=0.037..0.037 rows=0 loops=72262)
                           Index Cond: (id = ci.person_id)
                           Filter: ((gender)::text = 'm'::text)
                           Rows Removed by Filter: 1
                           Buffers: shared hit=255315 read=33733
 Planning:
   Buffers: shared hit=485 read=89
 Planning Time: 13.176 ms
 Execution Time: 25124.421 ms
(88 rows)

