                                                                                            QUERY PLAN                                                                                            
--------------------------------------------------------------------------------------------------------------------------------------------------------------------------------------------------
 Aggregate  (cost=643061.29..643061.30 rows=1 width=8) (actual time=1096.310..1096.317 rows=1 loops=1)
   Buffers: shared hit=29136 read=54265, temp read=770 written=770
   ->  Nested Loop  (cost=95344.11..643061.17 rows=45 width=0) (actual time=454.761..1096.292 rows=82 loops=1)
         Buffers: shared hit=29136 read=54265, temp read=770 written=770
         ->  Seq Scan on info_type it2  (cost=0.00..2.41 rows=1 width=4) (actual time=0.028..0.033 rows=1 loops=1)
               Filter: (id = 7)
               Rows Removed by Filter: 112
               Buffers: shared hit=1
         ->  Nested Loop  (cost=95344.11..643058.31 rows=45 width=4) (actual time=454.731..1096.237 rows=82 loops=1)
               Buffers: shared hit=29135 read=54265, temp read=770 written=770
               ->  Seq Scan on info_type it1  (cost=0.00..2.41 rows=1 width=4) (actual time=0.005..0.013 rows=1 loops=1)
                     Filter: (id = 3)
                     Rows Removed by Filter: 112
                     Buffers: shared hit=1
               ->  Nested Loop  (cost=95344.11..643055.45 rows=45 width=8) (actual time=454.723..1096.202 rows=82 loops=1)
                     Buffers: shared hit=29134 read=54265, temp read=770 written=770
                     ->  Hash Join  (cost=95343.68..642804.94 rows=108 width=12) (actual time=406.118..1086.679 rows=289 loops=1)
                           Hash Cond: (ci.role_id = rt.id)
                           Buffers: shared hit=28202 read=54041, temp read=770 written=770
                           ->  Nested Loop  (cost=95342.52..642799.19 rows=1290 width=16) (actual time=406.040..1086.002 rows=4983 loops=1)
                                 Buffers: shared hit=28201 read=54041, temp read=770 written=770
                                 ->  Nested Loop  (cost=95342.08..638789.30 rows=90 width=20) (actual time=405.991..1022.697 rows=939 loops=1)
                                       Buffers: shared hit=22652 read=52097, temp read=770 written=770
                                       ->  Hash Join  (cost=95341.64..484919.32 rows=3581 width=12) (actual time=405.565..823.096 rows=2006 loops=1)
                                             Hash Cond: (mi2.movie_id = t.id)
                                             Buffers: shared hit=4130 read=43411, temp read=770 written=770
                                             ->  Bitmap Heap Scan on movie_info mi2  (cost=15881.94..404122.57 rows=46195 width=8) (actual time=36.185..372.733 rows=439106 loops=1)
                                                   Recheck Cond: (info_type_id = 7)
                                                   Filter: ((info)::text = ANY ('{"MET:600 m","MET:900 m",PCS:Spherical,"PFM:35 mm","RAT:1.85 : 1"}'::text[]))
                                                   Rows Removed by Filter: 962796
                                                   Heap Blocks: exact=10050
                                                   Buffers: shared hit=4129 read=7020
                                                   ->  Bitmap Index Scan on info_type_id_movie_info  (cost=0.00..15870.39 rows=1484527 width=0) (actual time=34.935..34.935 rows=1401902 loops=1)
                                                         Index Cond: (info_type_id = 7)
                                                         Buffers: shared read=1099
                                             ->  Hash  (cost=76244.10..76244.10 rows=195968 width=4) (actual time=368.172..368.175 rows=11843 loops=1)
                                                   Buckets: 262144  Batches: 2  Memory Usage: 2260kB
                                                   Buffers: shared hit=1 read=36391, temp written=17
                                                   ->  Hash Join  (cost=1.13..76244.10 rows=195968 width=4) (actual time=0.120..365.502 rows=11843 loops=1)
                                                         Hash Cond: (t.kind_id = kt.id)
                                                         Buffers: shared hit=1 read=36391
                                                         ->  Seq Scan on title t  (cost=0.00..74315.95 rows=457258 width=8) (actual time=0.021..340.098 rows=451569 loops=1)
                                                               Filter: ((production_year <= 1975) AND (1875 < production_year))
                                                               Rows Removed by Filter: 2076743
                                                               Buffers: shared read=36391
                                                         ->  Hash  (cost=1.10..1.10 rows=3 width=4) (actual time=0.011..0.012 rows=3 loops=1)
                                                               Buckets: 1024  Batches: 1  Memory Usage: 9kB
                                                               Buffers: shared hit=1
                                                               ->  Seq Scan on kind_type kt  (cost=0.00..1.10 rows=3 width=4) (actual time=0.006..0.008 rows=3 loops=1)
                                                                     Filter: ((kind)::text = ANY ('{"tv series","video game","video movie"}'::text[]))
                                                                     Rows Removed by Filter: 4
                                                                     Buffers: shared hit=1
                                       ->  Index Scan using movie_id_movie_info on movie_info mi1  (cost=0.43..42.96 rows=1 width=8) (actual time=0.098..0.099 rows=0 loops=2006)
                                             Index Cond: (movie_id = t.id)
                                             Filter: ((info_type_id = 3) AND ((info)::text = ANY ('{Biography,Comedy,Fantasy,Short,Western}'::text[])))
                                             Rows Removed by Filter: 25
                                             Buffers: shared hit=18522 read=8686
                                 ->  Index Scan using movie_id_cast_info on cast_info ci  (cost=0.44..44.17 rows=38 width=12) (actual time=0.027..0.066 rows=5 loops=939)
                                       Index Cond: (movie_id = t.id)
                                       Buffers: shared hit=5549 read=1944
                           ->  Hash  (cost=1.15..1.15 rows=1 width=4) (actual time=0.010..0.010 rows=1 loops=1)
                                 Buckets: 1024  Batches: 1  Memory Usage: 9kB
                                 Buffers: shared hit=1
                                 ->  Seq Scan on role_type rt  (cost=0.00..1.15 rows=1 width=4) (actual time=0.006..0.007 rows=1 loops=1)
                                       Filter: ((role)::text = 'editor'::text)
                                       Rows Removed by Filter: 11
                                       Buffers: shared hit=1
                     ->  Index Scan using name_pkey on name n  (cost=0.43..2.32 rows=1 width=4) (actual time=0.032..0.032 rows=0 loops=289)
                           Index Cond: (id = ci.person_id)
                           Filter: ((gender)::text = 'm'::text)
                           Rows Removed by Filter: 1
                           Buffers: shared hit=932 read=224
 Planning:
   Buffers: shared hit=481 read=93
 Planning Time: 10.373 ms
 Execution Time: 1096.663 ms
(76 rows)

