                                                                                                         QUERY PLAN                                                                                                         
----------------------------------------------------------------------------------------------------------------------------------------------------------------------------------------------------------------------------
 Aggregate  (cost=697091.62..697091.63 rows=1 width=8) (actual time=11035.909..11035.919 rows=1 loops=1)
   Buffers: shared hit=987424 read=97099, temp read=8361 written=8361
   ->  Nested Loop  (cost=471101.52..697091.46 rows=65 width=0) (actual time=1083.254..11033.162 rows=21541 loops=1)
         Buffers: shared hit=987424 read=97099, temp read=8361 written=8361
         ->  Seq Scan on info_type it2  (cost=0.00..2.41 rows=1 width=4) (actual time=0.035..0.044 rows=1 loops=1)
               Filter: (id = 7)
               Rows Removed by Filter: 112
               Buffers: shared hit=1
         ->  Nested Loop  (cost=471101.52..697088.39 rows=65 width=4) (actual time=1083.218..11029.757 rows=21541 loops=1)
               Buffers: shared hit=987423 read=97099, temp read=8361 written=8361
               ->  Seq Scan on info_type it1  (cost=0.00..2.41 rows=1 width=4) (actual time=0.009..0.021 rows=1 loops=1)
                     Filter: (id = 3)
                     Rows Removed by Filter: 112
                     Buffers: shared hit=1
               ->  Nested Loop  (cost=471101.52..697085.33 rows=65 width=8) (actual time=1083.208..11026.309 rows=21541 loops=1)
                     Join Filter: (t.id = mi2.movie_id)
                     Buffers: shared hit=987422 read=97099, temp read=8361 written=8361
                     ->  Nested Loop  (cost=471101.09..623712.82 rows=1727 width=16) (actual time=1067.731..10032.601 rows=7753 loops=1)
                           Buffers: shared hit=910836 read=71294, temp read=8361 written=8361
                           ->  Hash Join  (cost=471100.66..606464.87 rows=7436 width=20) (actual time=1050.642..2995.798 rows=228211 loops=1)
                                 Hash Cond: (ci.movie_id = t.id)
                                 Buffers: shared hit=18348 read=50938, temp read=8361 written=8361
                                 ->  Nested Loop  (cost=0.44..123965.00 rows=3020080 width=8) (actual time=0.077..996.847 rows=2728943 loops=1)
                                       Buffers: shared hit=2942 read=18977
                                       ->  Seq Scan on role_type rt  (cost=0.00..1.15 rows=1 width=4) (actual time=0.007..0.010 rows=1 loops=1)
                                             Filter: ((role)::text = 'writer'::text)
                                             Rows Removed by Filter: 11
                                             Buffers: shared hit=1
                                       ->  Index Scan using role_id_cast_info on cast_info ci  (cost=0.44..91017.52 rows=3294633 width=12) (actual time=0.069..664.689 rows=2728943 loops=1)
                                             Index Cond: (role_id = rt.id)
                                             Buffers: shared hit=2941 read=18977
                                 ->  Hash  (cost=471022.40..471022.40 rows=6225 width=12) (actual time=1050.412..1050.418 rows=224166 loops=1)
                                       Buckets: 262144 (originally 8192)  Batches: 2 (originally 1)  Memory Usage: 6871kB
                                       Buffers: shared hit=15406 read=31961, temp read=3258 written=3695
                                       ->  Hash Join  (cost=95928.27..471022.40 rows=6225 width=12) (actual time=544.602..1015.847 rows=224166 loops=1)
                                             Hash Cond: (mi1.movie_id = t.id)
                                             Buffers: shared hit=15406 read=31961, temp read=3258 written=3258
                                             ->  Bitmap Heap Scan on movie_info mi1  (cost=16468.57..389805.25 rows=80319 width=8) (actual time=40.425..300.574 rows=793121 loops=1)
                                                   Recheck Cond: (info_type_id = 3)
                                                   Filter: ((info)::text = ANY ('{Adventure,Biography,Drama,Fantasy,History,Romance,Short,Sport,Thriller}'::text[]))
                                                   Rows Removed by Filter: 740788
                                                   Heap Blocks: exact=9772
                                                   Buffers: shared hit=2617 read=8358
                                                   ->  Bitmap Index Scan on info_type_id_movie_info  (cost=0.00..16448.47 rows=1538671 width=0) (actual time=39.234..39.234 rows=1533909 loops=1)
                                                         Index Cond: (info_type_id = 3)
                                                         Buffers: shared read=1203
                                             ->  Hash  (cost=76244.10..76244.10 rows=195968 width=4) (actual time=502.591..502.595 rows=439726 loops=1)
                                                   Buckets: 262144 (originally 262144)  Batches: 4 (originally 2)  Memory Usage: 6145kB
                                                   Buffers: shared hit=12789 read=23603, temp written=966
                                                   ->  Hash Join  (cost=1.13..76244.10 rows=195968 width=4) (actual time=0.061..430.996 rows=439726 loops=1)
                                                         Hash Cond: (t.kind_id = kt.id)
                                                         Buffers: shared hit=12789 read=23603
                                                         ->  Seq Scan on title t  (cost=0.00..74315.95 rows=457258 width=8) (actual time=0.039..378.117 rows=451569 loops=1)
                                                               Filter: ((production_year <= 1975) AND (1875 < production_year))
                                                               Rows Removed by Filter: 2076743
                                                               Buffers: shared hit=12788 read=23603
                                                         ->  Hash  (cost=1.10..1.10 rows=3 width=4) (actual time=0.015..0.016 rows=3 loops=1)
                                                               Buckets: 1024  Batches: 1  Memory Usage: 9kB
                                                               Buffers: shared hit=1
                                                               ->  Seq Scan on kind_type kt  (cost=0.00..1.10 rows=3 width=4) (actual time=0.007..0.009 rows=3 loops=1)
                                                                     Filter: ((kind)::text = ANY ('{episode,movie,"tv movie"}'::text[]))
                                                                     Rows Removed by Filter: 4
                                                                     Buffers: shared hit=1
                           ->  Index Scan using name_pkey on name n  (cost=0.43..2.32 rows=1 width=4) (actual time=0.030..0.030 rows=0 loops=228211)
                                 Index Cond: (id = ci.person_id)
                                 Filter: ((gender)::text = 'f'::text)
                                 Rows Removed by Filter: 1
                                 Buffers: shared hit=892488 read=20356
                     ->  Index Scan using movie_id_movie_info on movie_info mi2  (cost=0.43..42.47 rows=1 width=8) (actual time=0.068..0.127 rows=3 loops=7753)
                           Index Cond: (movie_id = ci.movie_id)
                           Filter: ((info_type_id = 7) AND ((info)::text = ANY ('{MET:,"MET:15.24 m","MET:30 m","OFM:35 mm",PCS:Spherical,"PFM:35 mm","PFM:68 mm","RAT:1.20 : 1","RAT:1.33 : 1","RAT:2.35 : 1"}'::text[])))
                           Rows Removed by Filter: 21
                           Buffers: shared hit=76586 read=25805
 Planning:
   Buffers: shared hit=506 read=71
 Planning Time: 12.827 ms
 Execution Time: 11036.462 ms
(77 rows)

