                                                                                            QUERY PLAN                                                                                            
--------------------------------------------------------------------------------------------------------------------------------------------------------------------------------------------------
 Aggregate  (cost=811670.53..811670.54 rows=1 width=8) (actual time=98654.150..98654.158 rows=1 loops=1)
   Buffers: shared hit=9898327 read=274860, temp read=7132 written=7132
   ->  Nested Loop  (cost=471291.00..811670.31 rows=89 width=0) (actual time=1367.577..98619.871 rows=176082 loops=1)
         Buffers: shared hit=9898327 read=274860, temp read=7132 written=7132
         ->  Seq Scan on info_type it2  (cost=0.00..2.41 rows=1 width=4) (actual time=0.050..0.059 rows=1 loops=1)
               Filter: (id = 7)
               Rows Removed by Filter: 112
               Buffers: shared hit=1
         ->  Nested Loop  (cost=471291.00..811667.01 rows=89 width=4) (actual time=1367.525..98581.892 rows=176082 loops=1)
               Buffers: shared hit=9898326 read=274860, temp read=7132 written=7132
               ->  Seq Scan on info_type it1  (cost=0.00..2.41 rows=1 width=4) (actual time=0.009..0.018 rows=1 loops=1)
                     Filter: (id = 3)
                     Rows Removed by Filter: 112
                     Buffers: shared hit=1
               ->  Nested Loop  (cost=471291.00..811663.70 rows=89 width=8) (actual time=1367.515..98540.377 rows=176082 loops=1)
                     Join Filter: (t.id = mi1.movie_id)
                     Buffers: shared hit=9898325 read=274860, temp read=7132 written=7132
                     ->  Nested Loop  (cost=471290.56..630415.64 rows=4292 width=16) (actual time=1367.459..31968.736 rows=612056 loops=1)
                           Buffers: shared hit=2445438 read=144439, temp read=7132 written=7132
                           ->  Hash Join  (cost=471290.13..606682.31 rows=10232 width=20) (actual time=1367.398..11394.801 rows=612056 loops=1)
                                 Hash Cond: (ci.movie_id = t.id)
                                 Buffers: shared hit=25428 read=116225, temp read=7132 written=7132
                                 ->  Nested Loop  (cost=0.44..123965.00 rows=3020080 width=8) (actual time=0.274..6747.147 rows=12670688 loops=1)
                                       Buffers: shared hit=299 read=93813
                                       ->  Seq Scan on role_type rt  (cost=0.00..1.15 rows=1 width=4) (actual time=0.008..0.012 rows=1 loops=1)
                                             Filter: ((role)::text = 'actor'::text)
                                             Rows Removed by Filter: 11
                                             Buffers: shared hit=1
                                       ->  Index Scan using role_id_cast_info on cast_info ci  (cost=0.44..91017.52 rows=3294633 width=12) (actual time=0.260..4300.668 rows=12670688 loops=1)
                                             Index Cond: (role_id = rt.id)
                                             Buffers: shared hit=298 read=93813
                                 ->  Hash  (cost=471182.62..471182.62 rows=8566 width=12) (actual time=1366.976..1366.982 rows=74312 loops=1)
                                       Buckets: 131072 (originally 16384)  Batches: 1 (originally 1)  Memory Usage: 4218kB
                                       Buffers: shared hit=25129 read=22412, temp read=7132 written=7132
                                       ->  Hash Join  (cost=109793.26..471182.62 rows=8566 width=12) (actual time=896.694..1355.180 rows=74312 loops=1)
                                             Hash Cond: (mi2.movie_id = t.id)
                                             Buffers: shared hit=25129 read=22412, temp read=7132 written=7132
                                             ->  Bitmap Heap Scan on movie_info mi2  (cost=15877.64..373926.59 rows=28998 width=8) (actual time=39.721..290.092 rows=282224 loops=1)
                                                   Recheck Cond: (info_type_id = 7)
                                                   Filter: ((info)::text = ANY ('{"RAT:1.33 : 1","RAT:1.78 : 1","RAT:16:9 HD"}'::text[]))
                                                   Rows Removed by Filter: 1119678
                                                   Heap Blocks: exact=10050
                                                   Buffers: shared hit=2246 read=8903
                                                   ->  Bitmap Index Scan on info_type_id_movie_info  (cost=0.00..15870.39 rows=1484527 width=0) (actual time=38.467..38.467 rows=1401902 loops=1)
                                                         Index Cond: (info_type_id = 7)
                                                         Buffers: shared hit=1 read=1098
                                             ->  Hash  (cost=81661.50..81661.50 rows=746890 width=4) (actual time=855.725..855.729 rows=1610551 loops=1)
                                                   Buckets: 262144 (originally 262144)  Batches: 16 (originally 8)  Memory Usage: 6145kB
                                                   Buffers: shared hit=22883 read=13509, temp written=4414
                                                   ->  Hash Join  (cost=1.13..81661.50 rows=746890 width=4) (actual time=0.045..644.761 rows=1610551 loops=1)
                                                         Hash Cond: (t.kind_id = kt.id)
                                                         Buffers: shared hit=22883 read=13509
                                                         ->  Seq Scan on title t  (cost=0.00..74315.95 rows=1742744 width=8) (actual time=0.022..452.207 rows=1748995 loops=1)
                                                               Filter: ((production_year <= 2015) AND (1990 < production_year))
                                                               Rows Removed by Filter: 779317
                                                               Buffers: shared hit=22882 read=13509
                                                         ->  Hash  (cost=1.10..1.10 rows=3 width=4) (actual time=0.013..0.014 rows=3 loops=1)
                                                               Buckets: 1024  Batches: 1  Memory Usage: 9kB
                                                               Buffers: shared hit=1
                                                               ->  Seq Scan on kind_type kt  (cost=0.00..1.10 rows=3 width=4) (actual time=0.007..0.009 rows=3 loops=1)
                                                                     Filter: ((kind)::text = ANY ('{episode,movie,"video movie"}'::text[]))
                                                                     Rows Removed by Filter: 4
                                                                     Buffers: shared hit=1
                           ->  Index Scan using name_pkey on name n  (cost=0.43..2.32 rows=1 width=4) (actual time=0.033..0.033 rows=1 loops=612056)
                                 Index Cond: (id = ci.person_id)
                                 Filter: ((gender)::text = 'm'::text)
                                 Buffers: shared hit=2420010 read=28214
                     ->  Index Scan using movie_id_movie_info on movie_info mi1  (cost=0.43..42.22 rows=1 width=8) (actual time=0.108..0.108 rows=0 loops=612056)
                           Index Cond: (movie_id = ci.movie_id)
                           Filter: ((info_type_id = 3) AND ((info)::text = ANY ('{Adult,Comedy,Documentary,Horror,Thriller}'::text[])))
                           Rows Removed by Filter: 16
                           Buffers: shared hit=7452887 read=130421
 Planning:
   Buffers: shared hit=574
 Planning Time: 13.919 ms
 Execution Time: 98654.880 ms
(76 rows)

