                                                                                            QUERY PLAN                                                                                            
--------------------------------------------------------------------------------------------------------------------------------------------------------------------------------------------------
 Aggregate  (cost=716758.71..716758.72 rows=1 width=8) (actual time=15411.846..15411.855 rows=1 loops=1)
   Buffers: shared hit=1459174 read=67421, temp read=6660 written=6660
   ->  Nested Loop  (cost=497426.52..716758.58 rows=54 width=0) (actual time=1180.897..15411.487 rows=1307 loops=1)
         Buffers: shared hit=1459174 read=67421, temp read=6660 written=6660
         ->  Seq Scan on info_type it2  (cost=0.00..2.41 rows=1 width=4) (actual time=0.047..0.055 rows=1 loops=1)
               Filter: (id = 7)
               Rows Removed by Filter: 112
               Buffers: shared hit=1
         ->  Nested Loop  (cost=497426.52..716755.62 rows=54 width=4) (actual time=1180.849..15411.106 rows=1307 loops=1)
               Buffers: shared hit=1459173 read=67421, temp read=6660 written=6660
               ->  Seq Scan on info_type it1  (cost=0.00..2.41 rows=1 width=4) (actual time=0.010..0.031 rows=1 loops=1)
                     Filter: (id = 3)
                     Rows Removed by Filter: 112
                     Buffers: shared hit=1
               ->  Nested Loop  (cost=497426.52..716752.67 rows=54 width=8) (actual time=1180.838..15410.750 rows=1307 loops=1)
                     Join Filter: (t.id = mi1.movie_id)
                     Buffers: shared hit=1459172 read=67421, temp read=6660 written=6660
                     ->  Nested Loop  (cost=497426.09..648810.16 rows=1605 width=16) (actual time=1180.724..15137.453 rows=2312 loops=1)
                           Buffers: shared hit=1433232 read=64890, temp read=6660 written=6660
                           ->  Hash Join  (cost=497425.66..632784.60 rows=6909 width=20) (actual time=1159.955..2835.296 rows=359885 loops=1)
                                 Hash Cond: (ci.movie_id = t.id)
                                 Buffers: shared hit=7239 read=51343, temp read=6660 written=6660
                                 ->  Nested Loop  (cost=0.44..123965.00 rows=3020080 width=8) (actual time=0.106..820.117 rows=1703543 loops=1)
                                       Buffers: shared hit=1 read=11040
                                       ->  Seq Scan on role_type rt  (cost=0.00..1.15 rows=1 width=4) (actual time=0.032..0.035 rows=1 loops=1)
                                             Filter: ((role)::text = 'director'::text)
                                             Rows Removed by Filter: 11
                                             Buffers: shared hit=1
                                       ->  Index Scan using role_id_cast_info on cast_info ci  (cost=0.44..91017.52 rows=3294633 width=12) (actual time=0.072..529.588 rows=1703543 loops=1)
                                             Index Cond: (role_id = rt.id)
                                             Buffers: shared read=11040
                                 ->  Hash  (cost=497352.92..497352.92 rows=5784 width=12) (actual time=1159.367..1159.372 rows=395460 loops=1)
                                       Buckets: 262144 (originally 8192)  Batches: 2 (originally 1)  Memory Usage: 10546kB
                                       Buffers: shared hit=7238 read=40303, temp read=2978 written=3750
                                       ->  Hash Join  (cost=93596.78..497352.92 rows=5784 width=12) (actual time=503.314..1100.583 rows=395460 loops=1)
                                             Hash Cond: (mi2.movie_id = t.id)
                                             Buffers: shared hit=7238 read=40303, temp read=2978 written=2978
                                             ->  Bitmap Heap Scan on movie_info mi2  (cost=15894.51..419230.99 rows=96483 width=8) (actual time=38.103..381.814 rows=925994 loops=1)
                                                   Recheck Cond: (info_type_id = 7)
                                                   Filter: ((info)::text = ANY ('{"MET:600 m","OFM:35 mm",PCS:Spherical,"PFM:35 mm","RAT:1.33 : 1","RAT:1.37 : 1"}'::text[]))
                                                   Rows Removed by Filter: 475908
                                                   Heap Blocks: exact=10050
                                                   Buffers: shared hit=7237 read=3912
                                                   ->  Bitmap Index Scan on info_type_id_movie_info  (cost=0.00..15870.39 rows=1484527 width=0) (actual time=36.855..36.855 rows=1401902 loops=1)
                                                         Index Cond: (info_type_id = 7)
                                                         Buffers: shared read=1099
                                             ->  Hash  (cost=75807.58..75807.58 rows=151576 width=4) (actual time=464.231..464.234 rows=335746 loops=1)
                                                   Buckets: 262144 (originally 262144)  Batches: 2 (originally 1)  Memory Usage: 7957kB
                                                   Buffers: shared hit=1 read=36391, temp written=491
                                                   ->  Hash Join  (cost=1.13..75807.58 rows=151576 width=4) (actual time=0.042..403.495 rows=335746 loops=1)
                                                         Hash Cond: (t.kind_id = kt.id)
                                                         Buffers: shared hit=1 read=36391
                                                         ->  Seq Scan on title t  (cost=0.00..74315.95 rows=353677 width=8) (actual time=0.023..361.469 rows=347589 loops=1)
                                                               Filter: ((production_year <= 1975) AND (1925 < production_year))
                                                               Rows Removed by Filter: 2180723
                                                               Buffers: shared read=36391
                                                         ->  Hash  (cost=1.10..1.10 rows=3 width=4) (actual time=0.012..0.013 rows=3 loops=1)
                                                               Buckets: 1024  Batches: 1  Memory Usage: 9kB
                                                               Buffers: shared hit=1
                                                               ->  Seq Scan on kind_type kt  (cost=0.00..1.10 rows=3 width=4) (actual time=0.006..0.008 rows=3 loops=1)
                                                                     Filter: ((kind)::text = ANY ('{episode,movie,"tv movie"}'::text[]))
                                                                     Rows Removed by Filter: 4
                                                                     Buffers: shared hit=1
                           ->  Index Scan using name_pkey on name n  (cost=0.43..2.32 rows=1 width=4) (actual time=0.034..0.034 rows=0 loops=359885)
                                 Index Cond: (id = ci.person_id)
                                 Filter: ((gender)::text = 'f'::text)
                                 Rows Removed by Filter: 1
                                 Buffers: shared hit=1425993 read=13547
                     ->  Index Scan using movie_id_movie_info on movie_info mi1  (cost=0.43..42.32 rows=1 width=8) (actual time=0.117..0.117 rows=1 loops=2312)
                           Index Cond: (movie_id = ci.movie_id)
                           Filter: ((info_type_id = 3) AND ((info)::text = ANY ('{Comedy,Crime,Documentary,Musical,Short,War,Western}'::text[])))
                           Rows Removed by Filter: 16
                           Buffers: shared hit=25940 read=2531
 Planning:
   Buffers: shared hit=482 read=92
 Planning Time: 13.083 ms
 Execution Time: 15412.566 ms
(77 rows)

