                                                                                                               QUERY PLAN                                                                                                               
----------------------------------------------------------------------------------------------------------------------------------------------------------------------------------------------------------------------------------------
 Aggregate  (cost=1064541.83..1064541.84 rows=1 width=8) (actual time=162811.584..162811.595 rows=1 loops=1)
   Buffers: shared hit=15476434 read=1215257, temp read=15549 written=15549
   ->  Nested Loop  (cost=549877.55..1064538.50 rows=1333 width=0) (actual time=1781.873..162710.866 rows=476943 loops=1)
         Buffers: shared hit=15476434 read=1215257, temp read=15549 written=15549
         ->  Hash Join  (cost=549877.12..1057169.38 rows=3177 width=4) (actual time=1779.194..81085.541 rows=2215381 loops=1)
               Hash Cond: (ci.role_id = rt.id)
               Buffers: shared hit=6814292 read=1015875, temp read=15549 written=15549
               ->  Nested Loop  (cost=549875.94..1057100.49 rows=19064 width=8) (actual time=1779.095..79003.429 rows=7395353 loops=1)
                     Buffers: shared hit=6814291 read=1015875, temp read=15549 written=15549
                     ->  Nested Loop  (cost=549875.50..998932.21 rows=1330 width=12) (actual time=1779.062..3461.000 rows=191069 loops=1)
                           Buffers: shared hit=11398 read=47120, temp read=15549 written=15549
                           ->  Seq Scan on info_type it2  (cost=0.00..2.41 rows=1 width=4) (actual time=0.033..0.044 rows=1 loops=1)
                                 Filter: (id = 7)
                                 Rows Removed by Filter: 112
                                 Buffers: shared hit=1
                           ->  Nested Loop  (cost=549875.50..998916.50 rows=1330 width=16) (actual time=1779.027..3409.944 rows=191069 loops=1)
                                 Buffers: shared hit=11397 read=47120, temp read=15549 written=15549
                                 ->  Seq Scan on info_type it1  (cost=0.00..2.41 rows=1 width=4) (actual time=0.009..0.023 rows=1 loops=1)
                                       Filter: (id = 3)
                                       Rows Removed by Filter: 112
                                       Buffers: shared hit=1
                                 ->  Hash Join  (cost=549875.50..998900.79 rows=1330 width=20) (actual time=1779.015..3359.466 rows=191069 loops=1)
                                       Hash Cond: (mi2.movie_id = t.id)
                                       Buffers: shared hit=11396 read=47120, temp read=15549 written=15549
                                       ->  Bitmap Heap Scan on movie_info mi2  (cost=15896.25..464520.26 rows=103460 width=8) (actual time=38.370..820.591 rows=983467 loops=1)
                                             Recheck Cond: (info_type_id = 7)
                                             Filter: ((info)::text = ANY ('{"OFM:16 mm","OFM:35 mm",PCS:Spherical,"PFM:35 mm","RAT:1.33 : 1","RAT:1.78 : 1 / (high definition)","RAT:1.78 : 1","RAT:1.85 : 1","RAT:16:9 HD"}'::text[]))
                                             Rows Removed by Filter: 418435
                                             Heap Blocks: exact=10050
                                             Buffers: shared hit=3344 read=7805
                                             ->  Bitmap Index Scan on info_type_id_movie_info  (cost=0.00..15870.39 rows=1484527 width=0) (actual time=37.114..37.114 rows=1401902 loops=1)
                                                   Index Cond: (info_type_id = 7)
                                                   Buffers: shared hit=1099
                                       ->  Hash  (cost=533572.83..533572.83 rows=32514 width=12) (actual time=1739.868..1739.873 rows=566433 loops=1)
                                             Buckets: 262144 (originally 32768)  Batches: 4 (originally 1)  Memory Usage: 8140kB
                                             Buffers: shared hit=8052 read=39315, temp read=9631 written=11288
                                             ->  Hash Join  (cost=110391.61..533572.83 rows=32514 width=12) (actual time=870.356..1653.120 rows=566433 loops=1)
                                                   Hash Cond: (mi1.movie_id = t.id)
                                                   Buffers: shared hit=8052 read=39315, temp read=9631 written=9631
                                                   ->  Bitmap Heap Scan on movie_info mi1  (cost=16475.98..435141.31 rows=110066 width=8) (actual time=38.575..410.184 rows=1062271 loops=1)
                                                         Recheck Cond: (info_type_id = 3)
                                                         Filter: ((info)::text = ANY ('{Comedy,Documentary,Drama,Fantasy,Romance,Short,Thriller}'::text[]))
                                                         Rows Removed by Filter: 471638
                                                         Heap Blocks: exact=9772
                                                         Buffers: shared hit=6556 read=4419
                                                         ->  Bitmap Index Scan on info_type_id_movie_info  (cost=0.00..16448.47 rows=1538671 width=0) (actual time=37.394..37.394 rows=1533909 loops=1)
                                                               Index Cond: (info_type_id = 3)
                                                               Buffers: shared hit=1 read=1202
                                                   ->  Hash  (cost=81661.50..81661.50 rows=746890 width=4) (actual time=829.733..829.736 rows=1610551 loops=1)
                                                         Buckets: 262144 (originally 262144)  Batches: 16 (originally 8)  Memory Usage: 6145kB
                                                         Buffers: shared hit=1496 read=34896, temp written=4414
                                                         ->  Hash Join  (cost=1.13..81661.50 rows=746890 width=4) (actual time=0.036..616.901 rows=1610551 loops=1)
                                                               Hash Cond: (t.kind_id = kt.id)
                                                               Buffers: shared hit=1496 read=34896
                                                               ->  Seq Scan on title t  (cost=0.00..74315.95 rows=1742744 width=8) (actual time=0.015..423.397 rows=1748995 loops=1)
                                                                     Filter: ((production_year <= 2015) AND (1990 < production_year))
                                                                     Rows Removed by Filter: 779317
                                                                     Buffers: shared hit=1495 read=34896
                                                               ->  Hash  (cost=1.10..1.10 rows=3 width=4) (actual time=0.013..0.014 rows=3 loops=1)
                                                                     Buckets: 1024  Batches: 1  Memory Usage: 9kB
                                                                     Buffers: shared hit=1
                                                                     ->  Seq Scan on kind_type kt  (cost=0.00..1.10 rows=3 width=4) (actual time=0.006..0.008 rows=3 loops=1)
                                                                           Filter: ((kind)::text = ANY ('{episode,movie,"video movie"}'::text[]))
                                                                           Rows Removed by Filter: 4
                                                                           Buffers: shared hit=1
                     ->  Index Scan using movie_id_cast_info on cast_info ci  (cost=0.44..43.36 rows=38 width=12) (actual time=0.038..0.384 rows=39 loops=191069)
                           Index Cond: (movie_id = t.id)
                           Buffers: shared hit=6802893 read=968755
               ->  Hash  (cost=1.15..1.15 rows=2 width=4) (actual time=0.041..0.042 rows=2 loops=1)
                     Buckets: 1024  Batches: 1  Memory Usage: 9kB
                     Buffers: shared hit=1
                     ->  Seq Scan on role_type rt  (cost=0.00..1.15 rows=2 width=4) (actual time=0.029..0.032 rows=2 loops=1)
                           Filter: ((role)::text = ANY ('{"miscellaneous crew",writer}'::text[]))
                           Rows Removed by Filter: 10
                           Buffers: shared hit=1
         ->  Index Scan using name_pkey on name n  (cost=0.43..2.32 rows=1 width=4) (actual time=0.036..0.036 rows=0 loops=2215381)
               Index Cond: (id = ci.person_id)
               Filter: ((gender)::text = 'm'::text)
               Rows Removed by Filter: 1
               Buffers: shared hit=8662142 read=199382
 Planning:
   Buffers: shared hit=574
 Planning Time: 14.132 ms
 Execution Time: 162812.395 ms
(84 rows)

