                                                                                            QUERY PLAN                                                                                            
--------------------------------------------------------------------------------------------------------------------------------------------------------------------------------------------------
 Aggregate  (cost=606400.53..606400.54 rows=1 width=8) (actual time=18919.006..18919.014 rows=1 loops=1)
   Buffers: shared hit=1553479 read=380948, temp read=2321 written=2321
   ->  Nested Loop  (cost=96338.80..606400.41 rows=48 width=0) (actual time=662.830..18918.632 rows=764 loops=1)
         Buffers: shared hit=1553479 read=380948, temp read=2321 written=2321
         ->  Seq Scan on info_type it2  (cost=0.00..2.41 rows=1 width=4) (actual time=0.037..0.046 rows=1 loops=1)
               Filter: (id = 7)
               Rows Removed by Filter: 112
               Buffers: shared hit=1
         ->  Nested Loop  (cost=96338.80..606397.52 rows=48 width=4) (actual time=662.791..18918.349 rows=764 loops=1)
               Buffers: shared hit=1553478 read=380948, temp read=2321 written=2321
               ->  Seq Scan on info_type it1  (cost=0.00..2.41 rows=1 width=4) (actual time=0.013..0.023 rows=1 loops=1)
                     Filter: (id = 3)
                     Rows Removed by Filter: 112
                     Buffers: shared hit=1
               ->  Nested Loop  (cost=96338.80..606394.63 rows=48 width=8) (actual time=662.774..18918.061 rows=764 loops=1)
                     Buffers: shared hit=1553477 read=380948, temp read=2321 written=2321
                     ->  Hash Join  (cost=96338.37..606130.20 rows=114 width=12) (actual time=599.998..18743.833 rows=5830 loops=1)
                           Hash Cond: (ci.role_id = rt.id)
                           Buffers: shared hit=1532058 read=379047, temp read=2321 written=2321
                           ->  Nested Loop  (cost=96337.21..606124.20 rows=1362 width=16) (actual time=599.813..18669.375 rows=509220 loops=1)
                                 Buffers: shared hit=1532057 read=379047, temp read=2321 written=2321
                                 ->  Nested Loop  (cost=96336.77..601908.67 rows=95 width=20) (actual time=599.778..13493.724 rows=17736 loops=1)
                                       Buffers: shared hit=1158680 read=199937, temp read=2321 written=2321
                                       ->  Hash Join  (cost=96336.33..455759.60 rows=3411 width=12) (actual time=586.400..1300.075 rows=119040 loops=1)
                                             Hash Cond: (mi2.movie_id = t.id)
                                             Buffers: shared hit=21739 read=25802, temp read=2321 written=2321
                                             ->  Bitmap Heap Scan on movie_info mi2  (cost=15879.60..373928.55 rows=36854 width=8) (actual time=39.317..484.837 rows=371956 loops=1)
                                                   Recheck Cond: (info_type_id = 7)
                                                   Filter: ((info)::text = ANY ('{PCS:Spherical,"PFM:16 mm","RAT:1.33 : 1"}'::text[]))
                                                   Rows Removed by Filter: 1029946
                                                   Heap Blocks: exact=10050
                                                   Buffers: shared hit=529 read=10620
                                                   ->  Bitmap Index Scan on info_type_id_movie_info  (cost=0.00..15870.39 rows=1484527 width=0) (actual time=38.050..38.051 rows=1401902 loops=1)
                                                         Index Cond: (info_type_id = 7)
                                                         Buffers: shared read=1099
                                             ->  Hash  (cost=76617.93..76617.93 rows=233984 width=4) (actual time=545.992..545.994 rows=504538 loops=1)
                                                   Buckets: 262144 (originally 262144)  Batches: 4 (originally 2)  Memory Usage: 6483kB
                                                   Buffers: shared hit=21210 read=15182, temp written=1107
                                                   ->  Hash Join  (cost=1.13..76617.93 rows=233984 width=4) (actual time=0.041..466.690 rows=504538 loops=1)
                                                         Hash Cond: (t.kind_id = kt.id)
                                                         Buffers: shared hit=21210 read=15182
                                                         ->  Seq Scan on title t  (cost=0.00..74315.95 rows=545963 width=8) (actual time=0.021..404.070 rows=538239 loops=1)
                                                               Filter: ((production_year <= 1990) AND (1950 < production_year))
                                                               Rows Removed by Filter: 1990073
                                                               Buffers: shared hit=21209 read=15182
                                                         ->  Hash  (cost=1.10..1.10 rows=3 width=4) (actual time=0.012..0.013 rows=3 loops=1)
                                                               Buckets: 1024  Batches: 1  Memory Usage: 9kB
                                                               Buffers: shared hit=1
                                                               ->  Seq Scan on kind_type kt  (cost=0.00..1.10 rows=3 width=4) (actual time=0.007..0.008 rows=3 loops=1)
                                                                     Filter: ((kind)::text = ANY ('{episode,movie,"tv movie"}'::text[]))
                                                                     Rows Removed by Filter: 4
                                                                     Buffers: shared hit=1
                                       ->  Index Scan using movie_id_movie_info on movie_info mi1  (cost=0.43..42.84 rows=1 width=8) (actual time=0.102..0.102 rows=0 loops=119040)
                                             Index Cond: (movie_id = t.id)
                                             Filter: ((info_type_id = 3) AND ((info)::text = ANY ('{Animation,Drama,Music,Short,War}'::text[])))
                                             Rows Removed by Filter: 13
                                             Buffers: shared hit=1136941 read=174135
                                 ->  Index Scan using movie_id_cast_info on cast_info ci  (cost=0.44..43.99 rows=38 width=12) (actual time=0.033..0.285 rows=29 loops=17736)
                                       Index Cond: (movie_id = t.id)
                                       Buffers: shared hit=373377 read=179110
                           ->  Hash  (cost=1.15..1.15 rows=1 width=4) (actual time=0.017..0.018 rows=1 loops=1)
                                 Buckets: 1024  Batches: 1  Memory Usage: 9kB
                                 Buffers: shared hit=1
                                 ->  Seq Scan on role_type rt  (cost=0.00..1.15 rows=1 width=4) (actual time=0.010..0.011 rows=1 loops=1)
                                       Filter: ((role)::text = 'costume designer'::text)
                                       Rows Removed by Filter: 11
                                       Buffers: shared hit=1
                     ->  Index Scan using name_pkey on name n  (cost=0.43..2.32 rows=1 width=4) (actual time=0.029..0.029 rows=0 loops=5830)
                           Index Cond: (id = ci.person_id)
                           Filter: ((gender)::text = 'm'::text)
                           Rows Removed by Filter: 1
                           Buffers: shared hit=21419 read=1901
 Planning:
   Buffers: shared hit=530 read=44
 Planning Time: 14.566 ms
 Execution Time: 18919.623 ms
(76 rows)

