                                                                                                                                     QUERY PLAN                                                                                                                                     
------------------------------------------------------------------------------------------------------------------------------------------------------------------------------------------------------------------------------------------------------------------------------------
 Aggregate  (cost=998333.43..998333.44 rows=1 width=8) (actual time=30548.307..30548.317 rows=1 loops=1)
   Buffers: shared hit=2886385 read=192018, temp read=9453 written=8494
   ->  Nested Loop  (cost=897798.11..998332.23 rows=480 width=0) (actual time=1195.032..30546.692 rows=4435 loops=1)
         Buffers: shared hit=2886385 read=192018, temp read=9453 written=8494
         ->  Seq Scan on info_type it2  (cost=0.00..2.41 rows=1 width=4) (actual time=0.046..0.059 rows=1 loops=1)
               Filter: (id = 7)
               Rows Removed by Filter: 112
               Buffers: shared hit=1
         ->  Nested Loop  (cost=897798.11..998325.02 rows=480 width=4) (actual time=1194.984..30545.342 rows=4435 loops=1)
               Buffers: shared hit=2886384 read=192018, temp read=9453 written=8494
               ->  Seq Scan on info_type it1  (cost=0.00..2.41 rows=1 width=4) (actual time=0.009..0.023 rows=1 loops=1)
                     Filter: (id = 3)
                     Rows Removed by Filter: 112
                     Buffers: shared hit=1
               ->  Nested Loop  (cost=897798.11..998317.81 rows=480 width=8) (actual time=1194.973..30544.065 rows=4435 loops=1)
                     Buffers: shared hit=2886383 read=192018, temp read=9453 written=8494
                     ->  Hash Join  (cost=897797.68..995664.28 rows=1144 width=12) (actual time=1182.951..29727.424 rows=22662 loops=1)
                           Hash Cond: (ci.role_id = rt.id)
                           Buffers: shared hit=2801571 read=186182, temp read=9453 written=8494
                           ->  Nested Loop  (cost=897796.51..995614.34 rows=13732 width=16) (actual time=1182.509..29557.102 rows=879347 loops=1)
                                 Buffers: shared hit=2801570 read=186182, temp read=9453 written=8494
                                 ->  Nested Loop  (cost=897796.07..953788.38 rows=958 width=20) (actual time=1182.483..20182.943 rows=28711 loops=1)
                                       Buffers: shared hit=2001164 read=37788, temp read=9453 written=8494
                                       ->  Nested Loop  (cost=897795.93..953733.83 rows=2235 width=24) (actual time=1182.468..19989.121 rows=277299 loops=1)
                                             Buffers: shared hit=2001152 read=37788, temp read=9453 written=8494
                                             ->  Merge Join  (cost=897795.50..898783.51 rows=17638 width=16) (actual time=1182.428..1946.389 rows=504204 loops=1)
                                                   Merge Cond: (mi1.movie_id = mi2.movie_id)
                                                   Buffers: shared hit=9649 read=12475, temp read=9453 written=8494
                                                   ->  Sort  (cost=398483.51..398743.68 rows=104065 width=8) (actual time=563.571..749.187 rows=994763 loops=1)
                                                         Sort Key: mi1.movie_id
                                                         Sort Method: external sort  Disk: 21496kB
                                                         Buffers: shared hit=3754 read=7221, temp read=5364 written=5377
                                                         ->  Bitmap Heap Scan on movie_info mi1  (cost=16474.51..389811.19 rows=104065 width=8) (actual time=42.436..318.251 rows=994777 loops=1)
                                                               Recheck Cond: (info_type_id = 3)
                                                               Filter: ((info)::text = ANY ('{Adult,Comedy,Crime,Drama,History,Horror,Musical,Short,Thriller,War}'::text[]))
                                                               Rows Removed by Filter: 539132
                                                               Heap Blocks: exact=9772
                                                               Buffers: shared hit=3754 read=7221
                                                               ->  Bitmap Index Scan on info_type_id_movie_info  (cost=0.00..16448.47 rows=1538671 width=0) (actual time=41.245..41.246 rows=1533909 loops=1)
                                                                     Index Cond: (info_type_id = 3)
                                                                     Buffers: shared read=1203
                                                   ->  Sort  (cost=499311.99..499457.64 rows=58260 width=8) (actual time=618.846..771.823 rows=752539 loops=1)
                                                         Sort Key: mi2.movie_id
                                                         Sort Method: external sort  Disk: 12464kB
                                                         Buffers: shared hit=5895 read=5254, temp read=3599 written=3117
                                                         ->  Bitmap Heap Scan on movie_info mi2  (cost=15884.95..494700.65 rows=58260 width=8) (actual time=33.029..477.130 rows=576404 loops=1)
                                                               Recheck Cond: (info_type_id = 7)
                                                               Filter: ((info)::text = ANY ('{"CAM:Red One Camera","OFM:Redcode RAW",PCS:DV,"PCS:Digital Intermediate","PFM:16 mm","PFM:35 mm",PFM:D-Cinema,"RAT:1.33 : 1","RAT:1.66 : 1","RAT:1.78 : 1","RAT:2.35 : 1"}'::text[]))
                                                               Rows Removed by Filter: 825498
                                                               Heap Blocks: exact=10050
                                                               Buffers: shared hit=5895 read=5254
                                                               ->  Bitmap Index Scan on info_type_id_movie_info  (cost=0.00..15870.39 rows=1484527 width=0) (actual time=31.794..31.794 rows=1401902 loops=1)
                                                                     Index Cond: (info_type_id = 7)
                                                                     Buffers: shared hit=1 read=1098
                                             ->  Index Scan using title_pkey on title t  (cost=0.43..3.12 rows=1 width=8) (actual time=0.035..0.035 rows=1 loops=504204)
                                                   Index Cond: (id = mi1.movie_id)
                                                   Filter: ((production_year <= 2015) AND (1925 < production_year))
                                                   Rows Removed by Filter: 0
                                                   Buffers: shared hit=1991503 read=25313
                                       ->  Memoize  (cost=0.14..0.16 rows=1 width=4) (actual time=0.000..0.000 rows=0 loops=277299)
                                             Cache Key: t.kind_id
                                             Cache Mode: logical
                                             Hits: 277293  Misses: 6  Evictions: 0  Overflows: 0  Memory Usage: 1kB
                                             Buffers: shared hit=12
                                             ->  Index Scan using kind_type_pkey on kind_type kt  (cost=0.13..0.15 rows=1 width=4) (actual time=0.013..0.013 rows=0 loops=6)
                                                   Index Cond: (id = t.kind_id)
                                                   Filter: ((kind)::text = ANY ('{"tv movie","tv series","video game"}'::text[]))
                                                   Rows Removed by Filter: 0
                                                   Buffers: shared hit=12
                                 ->  Index Scan using movie_id_cast_info on cast_info ci  (cost=0.44..43.28 rows=38 width=12) (actual time=0.037..0.317 rows=31 loops=28711)
                                       Index Cond: (movie_id = t.id)
                                       Buffers: shared hit=800406 read=148394
                           ->  Hash  (cost=1.15..1.15 rows=1 width=4) (actual time=0.019..0.020 rows=1 loops=1)
                                 Buckets: 1024  Batches: 1  Memory Usage: 9kB
                                 Buffers: shared hit=1
                                 ->  Seq Scan on role_type rt  (cost=0.00..1.15 rows=1 width=4) (actual time=0.009..0.010 rows=1 loops=1)
                                       Filter: ((role)::text = 'editor'::text)
                                       Rows Removed by Filter: 11
                                       Buffers: shared hit=1
                     ->  Index Scan using name_pkey on name n  (cost=0.43..2.32 rows=1 width=4) (actual time=0.035..0.035 rows=0 loops=22662)
                           Index Cond: (id = ci.person_id)
                           Filter: ((gender)::text = 'm'::text)
                           Rows Removed by Filter: 1
                           Buffers: shared hit=84812 read=5836
 Planning:
   Buffers: shared hit=484 read=93
 Planning Time: 14.177 ms
 Execution Time: 30562.495 ms
(88 rows)

