                                                                                            QUERY PLAN                                                                                            
--------------------------------------------------------------------------------------------------------------------------------------------------------------------------------------------------
 Aggregate  (cost=545168.08..545168.09 rows=1 width=8) (actual time=8972.420..8972.429 rows=1 loops=1)
   Buffers: shared hit=704743 read=211980, temp read=1492 written=1492
   ->  Nested Loop  (cost=93830.71..545167.83 rows=101 width=0) (actual time=539.214..8969.991 rows=10556 loops=1)
         Buffers: shared hit=704743 read=211980, temp read=1492 written=1492
         ->  Hash Join  (cost=93830.28..544808.30 rows=155 width=4) (actual time=538.461..8403.877 rows=16899 loops=1)
               Hash Cond: (ci.role_id = rt.id)
               Buffers: shared hit=646038 read=203089, temp read=1492 written=1492
               ->  Nested Loop  (cost=93829.10..544803.81 rows=932 width=8) (actual time=538.310..8338.345 rows=457667 loops=1)
                     Buffers: shared hit=646037 read=203089, temp read=1492 written=1492
                     ->  Nested Loop  (cost=93828.66..541895.74 rows=65 width=12) (actual time=538.280..4159.117 rows=10868 loops=1)
                           Buffers: shared hit=241165 read=127395, temp read=1492 written=1492
                           ->  Seq Scan on info_type it2  (cost=0.00..2.41 rows=1 width=4) (actual time=0.036..0.045 rows=1 loops=1)
                                 Filter: (id = 7)
                                 Rows Removed by Filter: 112
                                 Buffers: shared hit=1
                           ->  Nested Loop  (cost=93828.66..541892.68 rows=65 width=16) (actual time=538.243..4156.732 rows=10868 loops=1)
                                 Buffers: shared hit=241164 read=127395, temp read=1492 written=1492
                                 ->  Seq Scan on info_type it1  (cost=0.00..2.41 rows=1 width=4) (actual time=0.009..0.023 rows=1 loops=1)
                                       Filter: (id = 3)
                                       Rows Removed by Filter: 112
                                       Buffers: shared hit=1
                                 ->  Nested Loop  (cost=93828.66..541889.61 rows=65 width=20) (actual time=538.231..4154.279 rows=10868 loops=1)
                                       Buffers: shared hit=241163 read=127395, temp read=1492 written=1492
                                       ->  Hash Join  (cost=93828.23..452252.77 rows=2085 width=12) (actual time=537.470..1253.160 rows=31212 loops=1)
                                             Hash Cond: (mi1.movie_id = t.id)
                                             Buffers: shared hit=13370 read=33997, temp read=1492 written=1492
                                             ->  Bitmap Heap Scan on movie_info mi1  (cost=16460.24..374687.37 rows=47083 width=8) (actual time=42.596..507.624 rows=442271 loops=1)
                                                   Recheck Cond: (info_type_id = 3)
                                                   Filter: ((info)::text = ANY ('{Action,Crime,Short}'::text[]))
                                                   Rows Removed by Filter: 1091638
                                                   Heap Blocks: exact=9772
                                                   Buffers: shared hit=40 read=10935
                                                   ->  Bitmap Index Scan on info_type_id_movie_info  (cost=0.00..16448.47 rows=1538671 width=0) (actual time=41.373..41.373 rows=1533909 loops=1)
                                                         Index Cond: (info_type_id = 3)
                                                         Buffers: shared read=1203
                                             ->  Hash  (cost=75968.48..75968.48 rows=111961 width=4) (actual time=494.303..494.307 rows=317775 loops=1)
                                                   Buckets: 262144 (originally 131072)  Batches: 2 (originally 1)  Memory Usage: 7656kB
                                                   Buffers: shared hit=13330 read=23062, temp written=463
                                                   ->  Hash Join  (cost=1.11..75968.48 rows=111961 width=4) (actual time=0.045..439.797 rows=317775 loops=1)
                                                         Hash Cond: (t.kind_id = kt.id)
                                                         Buffers: shared hit=13330 read=23062
                                                         ->  Seq Scan on title t  (cost=0.00..74315.95 rows=391862 width=8) (actual time=0.025..395.998 rows=386415 loops=1)
                                                               Filter: ((production_year <= 1997) AND (1981 < production_year))
                                                               Rows Removed by Filter: 2141897
                                                               Buffers: shared hit=13329 read=23062
                                                         ->  Hash  (cost=1.09..1.09 rows=2 width=4) (actual time=0.012..0.014 rows=2 loops=1)
                                                               Buckets: 1024  Batches: 1  Memory Usage: 9kB
                                                               Buffers: shared hit=1
                                                               ->  Seq Scan on kind_type kt  (cost=0.00..1.09 rows=2 width=4) (actual time=0.007..0.009 rows=2 loops=1)
                                                                     Filter: ((kind)::text = ANY ('{episode,movie}'::text[]))
                                                                     Rows Removed by Filter: 5
                                                                     Buffers: shared hit=1
                                       ->  Index Scan using movie_id_movie_info on movie_info mi2  (cost=0.43..42.98 rows=1 width=8) (actual time=0.074..0.092 rows=0 loops=31212)
                                             Index Cond: (movie_id = t.id)
                                             Filter: ((info_type_id = 7) AND ((info)::text = ANY ('{"OFM:35 mm","PFM:35 mm","RAT:1.33 : 1"}'::text[])))
                                             Rows Removed by Filter: 15
                                             Buffers: shared hit=227793 read=93398
                     ->  Index Scan using movie_id_cast_info on cast_info ci  (cost=0.44..44.36 rows=38 width=12) (actual time=0.033..0.375 rows=42 loops=10868)
                           Index Cond: (movie_id = t.id)
                           Buffers: shared hit=404872 read=75694
               ->  Hash  (cost=1.15..1.15 rows=2 width=4) (actual time=0.041..0.041 rows=2 loops=1)
                     Buckets: 1024  Batches: 1  Memory Usage: 9kB
                     Buffers: shared hit=1
                     ->  Seq Scan on role_type rt  (cost=0.00..1.15 rows=2 width=4) (actual time=0.030..0.031 rows=2 loops=1)
                           Filter: ((role)::text = ANY ('{director,"production designer"}'::text[]))
                           Rows Removed by Filter: 10
                           Buffers: shared hit=1
         ->  Index Scan using name_pkey on name n  (cost=0.43..2.32 rows=1 width=4) (actual time=0.033..0.033 rows=1 loops=16899)
               Index Cond: (id = ci.person_id)
               Filter: ((gender)::text = ANY ('{f,m}'::text[]))
               Rows Removed by Filter: 0
               Buffers: shared hit=58705 read=8891
 Planning:
   Buffers: shared hit=487 read=87
 Planning Time: 13.992 ms
 Execution Time: 8973.128 ms
(76 rows)

