                                                                                                   QUERY PLAN                                                                                                   
----------------------------------------------------------------------------------------------------------------------------------------------------------------------------------------------------------------
 Aggregate  (cost=744153.89..744153.90 rows=1 width=8) (actual time=3000.117..3000.128 rows=1 loops=1)
   Buffers: shared hit=196159 read=85758
   ->  Nested Loop  (cost=94178.69..744153.29 rows=240 width=0) (actual time=424.454..2997.491 rows=17544 loops=1)
         Buffers: shared hit=196159 read=85758
         ->  Hash Join  (cost=94178.26..742824.21 rows=573 width=4) (actual time=424.237..2292.402 rows=19957 loops=1)
               Hash Cond: (ci.role_id = rt.id)
               Buffers: shared hit=125681 read=76408
               ->  Nested Loop  (cost=94177.08..742810.81 rows=3440 width=8) (actual time=424.136..2279.721 rows=52614 loops=1)
                     Buffers: shared hit=125680 read=76408
                     ->  Nested Loop  (cost=94176.64..732039.75 rows=240 width=12) (actual time=424.107..1608.980 rows=6009 loops=1)
                           Buffers: shared hit=70909 read=63203
                           ->  Seq Scan on info_type it2  (cost=0.00..2.41 rows=1 width=4) (actual time=0.033..0.038 rows=1 loops=1)
                                 Filter: (id = 7)
                                 Rows Removed by Filter: 112
                                 Buffers: shared hit=1
                           ->  Nested Loop  (cost=94176.64..732034.94 rows=240 width=16) (actual time=424.072..1607.706 rows=6009 loops=1)
                                 Buffers: shared hit=70908 read=63203
                                 ->  Seq Scan on info_type it1  (cost=0.00..2.41 rows=1 width=4) (actual time=0.013..0.019 rows=1 loops=1)
                                       Filter: (id = 3)
                                       Rows Removed by Filter: 112
                                       Buffers: shared hit=1
                                 ->  Nested Loop  (cost=94176.64..732030.12 rows=240 width=20) (actual time=424.056..1606.357 rows=6009 loops=1)
                                       Buffers: shared hit=70907 read=63203
                                       ->  Hash Join  (cost=94176.21..467955.48 rows=6100 width=12) (actual time=423.964..796.364 rows=8195 loops=1)
                                             Hash Cond: (mi1.movie_id = t.id)
                                             Buffers: shared hit=3512 read=43855
                                             ->  Bitmap Heap Scan on movie_info mi1  (cost=16473.93..389810.61 rows=101757 width=8) (actual time=42.578..326.473 rows=984746 loops=1)
                                                   Recheck Cond: (info_type_id = 3)
                                                   Filter: ((info)::text = ANY ('{Adventure,Animation,Comedy,Drama,Family,Horror,Musical,Short,Thriller}'::text[]))
                                                   Rows Removed by Filter: 549163
                                                   Heap Blocks: exact=9772
                                                   Buffers: shared hit=3511 read=7464
                                                   ->  Bitmap Index Scan on info_type_id_movie_info  (cost=0.00..16448.47 rows=1538671 width=0) (actual time=41.382..41.382 rows=1533909 loops=1)
                                                         Index Cond: (info_type_id = 3)
                                                         Buffers: shared read=1203
                                             ->  Hash  (cost=75807.58..75807.58 rows=151576 width=4) (actual time=380.329..380.336 rows=11843 loops=1)
                                                   Buckets: 262144  Batches: 1  Memory Usage: 2465kB
                                                   Buffers: shared hit=1 read=36391
                                                   ->  Hash Join  (cost=1.13..75807.58 rows=151576 width=4) (actual time=0.134..377.232 rows=11843 loops=1)
                                                         Hash Cond: (t.kind_id = kt.id)
                                                         Buffers: shared hit=1 read=36391
                                                         ->  Seq Scan on title t  (cost=0.00..74315.95 rows=353677 width=8) (actual time=0.027..356.136 rows=347589 loops=1)
                                                               Filter: ((production_year <= 1975) AND (1925 < production_year))
                                                               Rows Removed by Filter: 2180723
                                                               Buffers: shared read=36391
                                                         ->  Hash  (cost=1.10..1.10 rows=3 width=4) (actual time=0.013..0.014 rows=3 loops=1)
                                                               Buckets: 1024  Batches: 1  Memory Usage: 9kB
                                                               Buffers: shared hit=1
                                                               ->  Seq Scan on kind_type kt  (cost=0.00..1.10 rows=3 width=4) (actual time=0.008..0.009 rows=3 loops=1)
                                                                     Filter: ((kind)::text = ANY ('{"tv series","video game","video movie"}'::text[]))
                                                                     Rows Removed by Filter: 4
                                                                     Buffers: shared hit=1
                                       ->  Index Scan using movie_id_movie_info on movie_info mi2  (cost=0.43..43.28 rows=1 width=8) (actual time=0.077..0.098 rows=1 loops=8195)
                                             Index Cond: (movie_id = t.id)
                                             Filter: ((info_type_id = 7) AND ((info)::text = ANY ('{"MET:600 m","OFM:35 mm",PCS:Spherical,"PFM:35 mm","RAT:1.33 : 1","RAT:1.37 : 1","RAT:2.35 : 1"}'::text[])))
                                             Rows Removed by Filter: 12
                                             Buffers: shared hit=67395 read=19348
                     ->  Index Scan using movie_id_cast_info on cast_info ci  (cost=0.44..44.50 rows=38 width=12) (actual time=0.031..0.109 rows=9 loops=6009)
                           Index Cond: (movie_id = t.id)
                           Buffers: shared hit=54771 read=13205
               ->  Hash  (cost=1.15..1.15 rows=2 width=4) (actual time=0.040..0.040 rows=2 loops=1)
                     Buckets: 1024  Batches: 1  Memory Usage: 9kB
                     Buffers: shared hit=1
                     ->  Seq Scan on role_type rt  (cost=0.00..1.15 rows=2 width=4) (actual time=0.030..0.033 rows=2 loops=1)
                           Filter: ((role)::text = ANY ('{actor,"miscellaneous crew"}'::text[]))
                           Rows Removed by Filter: 10
                           Buffers: shared hit=1
         ->  Index Scan using name_pkey on name n  (cost=0.43..2.32 rows=1 width=4) (actual time=0.035..0.035 rows=1 loops=19957)
               Index Cond: (id = ci.person_id)
               Filter: ((gender)::text = 'm'::text)
               Rows Removed by Filter: 0
               Buffers: shared hit=70478 read=9350
 Planning:
   Buffers: shared hit=484 read=93
 Planning Time: 14.344 ms
 Execution Time: 3000.822 ms
(76 rows)

