                                                                                            QUERY PLAN                                                                                            
--------------------------------------------------------------------------------------------------------------------------------------------------------------------------------------------------
 Aggregate  (cost=570276.35..570276.36 rows=1 width=8) (actual time=994.309..994.316 rows=1 loops=1)
   Buffers: shared hit=21064 read=55760, temp read=449 written=449
   ->  Nested Loop  (cost=96335.80..570276.32 rows=10 width=0) (actual time=815.169..994.306 rows=6 loops=1)
         Buffers: shared hit=21064 read=55760, temp read=449 written=449
         ->  Seq Scan on info_type it2  (cost=0.00..2.41 rows=1 width=4) (actual time=0.049..0.054 rows=1 loops=1)
               Filter: (id = 7)
               Rows Removed by Filter: 112
               Buffers: shared hit=1
         ->  Nested Loop  (cost=96335.80..570273.81 rows=10 width=4) (actual time=815.118..994.247 rows=6 loops=1)
               Buffers: shared hit=21063 read=55760, temp read=449 written=449
               ->  Seq Scan on info_type it1  (cost=0.00..2.41 rows=1 width=4) (actual time=0.012..0.020 rows=1 loops=1)
                     Filter: (id = 3)
                     Rows Removed by Filter: 112
                     Buffers: shared hit=1
               ->  Nested Loop  (cost=96335.80..570271.30 rows=10 width=8) (actual time=815.103..994.221 rows=6 loops=1)
                     Buffers: shared hit=21062 read=55760, temp read=449 written=449
                     ->  Hash Join  (cost=96335.37..570215.63 rows=24 width=12) (actual time=439.664..992.708 rows=77 loops=1)
                           Hash Cond: (ci.role_id = rt.id)
                           Buffers: shared hit=20837 read=55677, temp read=449 written=449
                           ->  Nested Loop  (cost=96334.20..570213.45 rows=287 width=16) (actual time=432.983..991.876 rows=7476 loops=1)
                                 Buffers: shared hit=20836 read=55677, temp read=449 written=449
                                 ->  Nested Loop  (cost=96333.76..569325.97 rows=20 width=20) (actual time=432.954..917.976 rows=663 loops=1)
                                       Buffers: shared hit=15513 read=51774, temp read=449 written=449
                                       ->  Hash Join  (cost=96333.33..470704.27 rows=2299 width=12) (actual time=432.541..766.500 rows=1413 loops=1)
                                             Hash Cond: (mi2.movie_id = t.id)
                                             Buffers: shared hit=5988 read=41553, temp read=449 written=449
                                             ->  Bitmap Heap Scan on movie_info mi2  (cost=15876.60..389021.39 rows=24841 width=8) (actual time=38.082..324.260 rows=232981 loops=1)
                                                   Recheck Cond: (info_type_id = 7)
                                                   Filter: ((info)::text = ANY ('{PCS:Spherical,"RAT:1.37 : 1","RAT:1.85 : 1","RAT:2.35 : 1"}'::text[]))
                                                   Rows Removed by Filter: 1168921
                                                   Heap Blocks: exact=10050
                                                   Buffers: shared hit=5987 read=5162
                                                   ->  Bitmap Index Scan on info_type_id_movie_info  (cost=0.00..15870.39 rows=1484527 width=0) (actual time=36.685..36.685 rows=1401902 loops=1)
                                                         Index Cond: (info_type_id = 7)
                                                         Buffers: shared read=1099
                                             ->  Hash  (cost=76617.93..76617.93 rows=233984 width=4) (actual time=393.421..393.424 rows=33701 loops=1)
                                                   Buckets: 262144  Batches: 2  Memory Usage: 2644kB
                                                   Buffers: shared hit=1 read=36391, temp written=49
                                                   ->  Hash Join  (cost=1.13..76617.93 rows=233984 width=4) (actual time=0.060..386.537 rows=33701 loops=1)
                                                         Hash Cond: (t.kind_id = kt.id)
                                                         Buffers: shared hit=1 read=36391
                                                         ->  Seq Scan on title t  (cost=0.00..74315.95 rows=545963 width=8) (actual time=0.024..353.734 rows=538239 loops=1)
                                                               Filter: ((production_year <= 1990) AND (1950 < production_year))
                                                               Rows Removed by Filter: 1990073
                                                               Buffers: shared read=36391
                                                         ->  Hash  (cost=1.10..1.10 rows=3 width=4) (actual time=0.012..0.013 rows=3 loops=1)
                                                               Buckets: 1024  Batches: 1  Memory Usage: 9kB
                                                               Buffers: shared hit=1
                                                               ->  Seq Scan on kind_type kt  (cost=0.00..1.10 rows=3 width=4) (actual time=0.007..0.008 rows=3 loops=1)
                                                                     Filter: ((kind)::text = ANY ('{"tv series","video game","video movie"}'::text[]))
                                                                     Rows Removed by Filter: 4
                                                                     Buffers: shared hit=1
                                       ->  Index Scan using movie_id_movie_info on movie_info mi1  (cost=0.43..42.89 rows=1 width=8) (actual time=0.106..0.107 rows=0 loops=1413)
                                             Index Cond: (movie_id = t.id)
                                             Filter: ((info_type_id = 3) AND ((info)::text = ANY ('{Action,Adventure,Horror,Romance,Thriller,Western}'::text[])))
                                             Rows Removed by Filter: 29
                                             Buffers: shared hit=9525 read=10221
                                 ->  Index Scan using movie_id_cast_info on cast_info ci  (cost=0.44..43.99 rows=38 width=12) (actual time=0.025..0.109 rows=11 loops=663)
                                       Index Cond: (movie_id = t.id)
                                       Buffers: shared hit=5323 read=3903
                           ->  Hash  (cost=1.15..1.15 rows=1 width=4) (actual time=0.016..0.016 rows=1 loops=1)
                                 Buckets: 1024  Batches: 1  Memory Usage: 9kB
                                 Buffers: shared hit=1
                                 ->  Seq Scan on role_type rt  (cost=0.00..1.15 rows=1 width=4) (actual time=0.009..0.010 rows=1 loops=1)
                                       Filter: ((role)::text = 'costume designer'::text)
                                       Rows Removed by Filter: 11
                                       Buffers: shared hit=1
                     ->  Index Scan using name_pkey on name n  (cost=0.43..2.32 rows=1 width=4) (actual time=0.019..0.019 rows=0 loops=77)
                           Index Cond: (id = ci.person_id)
                           Filter: ((gender)::text = 'm'::text)
                           Rows Removed by Filter: 1
                           Buffers: shared hit=225 read=83
 Planning:
   Buffers: shared hit=481 read=93
 Planning Time: 11.162 ms
 Execution Time: 994.834 ms
(76 rows)

