                                                                                                                                                                                        QUERY PLAN                                                                                                                                                                                         
-------------------------------------------------------------------------------------------------------------------------------------------------------------------------------------------------------------------------------------------------------------------------------------------------------------------------------------------------------------------------------------------
 Aggregate  (cost=992594.91..992594.92 rows=1 width=8) (actual time=234321.171..234321.181 rows=1 loops=1)
   Buffers: shared hit=22040861 read=1878827, temp read=3441 written=3441
   ->  Nested Loop  (cost=74283.35..992592.99 rows=766 width=0) (actual time=378.386..234281.274 rows=119010 loops=1)
         Buffers: shared hit=22040861 read=1878827, temp read=3441 written=3441
         ->  Hash Join  (cost=74282.92..989867.56 rows=1175 width=4) (actual time=378.337..222014.398 rows=326655 loops=1)
               Hash Cond: (ci.role_id = rt.id)
               Buffers: shared hit=20775090 read=1837978, temp read=3441 written=3441
               ->  Nested Loop  (cost=74281.75..989841.33 rows=7052 width=8) (actual time=372.412..218912.354 rows=15944044 loops=1)
                     Buffers: shared hit=20775089 read=1837978, temp read=3441 written=3441
                     ->  Nested Loop  (cost=74281.31..968360.77 rows=492 width=12) (actual time=372.377..57541.019 rows=389018 loops=1)
                           Buffers: shared hit=5380268 read=491591, temp read=3441 written=3441
                           ->  Seq Scan on info_type it2  (cost=0.00..2.41 rows=1 width=4) (actual time=0.043..0.054 rows=1 loops=1)
                                 Filter: (id = 7)
                                 Rows Removed by Filter: 112
                                 Buffers: shared hit=1
                           ->  Nested Loop  (cost=74281.31..968353.44 rows=492 width=16) (actual time=372.332..57437.193 rows=389018 loops=1)
                                 Buffers: shared hit=5380267 read=491591, temp read=3441 written=3441
                                 ->  Seq Scan on info_type it1  (cost=0.00..2.41 rows=1 width=4) (actual time=0.009..0.023 rows=1 loops=1)
                                       Filter: (id = 3)
                                       Rows Removed by Filter: 112
                                       Buffers: shared hit=1
                                 ->  Nested Loop  (cost=74281.31..968346.10 rows=492 width=20) (actual time=372.320..57330.007 rows=389018 loops=1)
                                       Buffers: shared hit=5380266 read=491591, temp read=3441 written=3441
                                       ->  Hash Join  (cost=74280.87..450107.92 rows=12116 width=12) (actual time=372.173..1881.390 rows=515078 loops=1)
                                             Hash Cond: (mi1.movie_id = t.id)
                                             Buffers: shared hit=2599 read=21763, temp read=3441 written=3441
                                             ->  Bitmap Heap Scan on movie_info mi1  (cost=16471.24..389807.92 rows=90987 width=8) (actual time=42.168..692.079 rows=868835 loops=1)
                                                   Recheck Cond: (info_type_id = 3)
                                                   Filter: ((info)::text = ANY ('{Action,Adult,Animation,Comedy,Documentary,Drama,History,Romance,Sport,Thriller,War}'::text[]))
                                                   Rows Removed by Filter: 665074
                                                   Heap Blocks: exact=9772
                                                   Buffers: shared hit=1154 read=9821
                                                   ->  Bitmap Index Scan on info_type_id_movie_info  (cost=0.00..16448.47 rows=1538671 width=0) (actual time=40.967..40.967 rows=1533909 loops=1)
                                                         Index Cond: (info_type_id = 3)
                                                         Buffers: shared hit=1 read=1202
                                             ->  Hash  (cost=52285.24..52285.24 rows=336671 width=4) (actual time=296.524..296.527 rows=552299 loops=1)
                                                   Buckets: 262144  Batches: 4  Memory Usage: 6918kB
                                                   Buffers: shared hit=1445 read=11942, temp written=1210
                                                   ->  Nested Loop  (cost=4591.04..52285.24 rows=336671 width=4) (actual time=18.921..219.991 rows=552299 loops=1)
                                                         Buffers: shared hit=1445 read=11942
                                                         ->  Seq Scan on kind_type kt  (cost=0.00..1.09 rows=1 width=4) (actual time=0.011..0.014 rows=1 loops=1)
                                                               Filter: ((kind)::text = 'movie'::text)
                                                               Rows Removed by Filter: 6
                                                               Buffers: shared hit=1
                                                         ->  Bitmap Heap Scan on title t  (cost=4591.04..48356.33 rows=392783 width=8) (actual time=18.905..187.894 rows=552299 loops=1)
                                                               Recheck Cond: (kind_id = kt.id)
                                                               Filter: ((production_year <= 2015) AND (1925 < production_year))
                                                               Rows Removed by Filter: 110526
                                                               Heap Blocks: exact=12865
                                                               Buffers: shared hit=1444 read=11942
                                                               ->  Bitmap Index Scan on kind_id_title  (cost=0.00..4492.84 rows=421388 width=0) (actual time=17.345..17.346 rows=662825 loops=1)
                                                                     Index Cond: (kind_id = kt.id)
                                                                     Buffers: shared read=521
                                       ->  Index Scan using movie_id_movie_info on movie_info mi2  (cost=0.43..42.76 rows=1 width=8) (actual time=0.081..0.107 rows=1 loops=515078)
                                             Index Cond: (movie_id = t.id)
                                             Filter: ((info_type_id = 7) AND ((info)::text = ANY ('{"CAM:Panavision Cameras and Lenses","LAB:Consolidated Film Industries (CFI), Hollywood (CA), USA","OFM:35 mm",PCS:Spherical,"PCS:Super 35","PFM:16 mm","PFM:35 mm",PFM:D-Cinema,PFM:Video,"RAT:1.33 : 1","RAT:1.78 : 1 / (high definition)","RAT:1.78 : 1","RAT:1.85 : 1"}'::text[])))
                                             Rows Removed by Filter: 17
                                             Buffers: shared hit=5377667 read=469828
                     ->  Index Scan using movie_id_cast_info on cast_info ci  (cost=0.44..43.28 rows=38 width=12) (actual time=0.037..0.402 rows=41 loops=389018)
                           Index Cond: (movie_id = t.id)
                           Buffers: shared hit=15394821 read=1346387
               ->  Hash  (cost=1.15..1.15 rows=2 width=4) (actual time=0.040..0.040 rows=2 loops=1)
                     Buckets: 1024  Batches: 1  Memory Usage: 9kB
                     Buffers: shared hit=1
                     ->  Seq Scan on role_type rt  (cost=0.00..1.15 rows=2 width=4) (actual time=0.031..0.033 rows=2 loops=1)
                           Filter: ((role)::text = ANY ('{"costume designer","production designer"}'::text[]))
                           Rows Removed by Filter: 10
                           Buffers: shared hit=1
         ->  Index Scan using name_pkey on name n  (cost=0.43..2.32 rows=1 width=4) (actual time=0.037..0.037 rows=0 loops=326655)
               Index Cond: (id = ci.person_id)
               Filter: ((gender)::text = ANY ('{f,m}'::text[]))
               Rows Removed by Filter: 1
               Buffers: shared hit=1265771 read=40849
 Planning:
   Buffers: shared hit=576 read=1
 Planning Time: 12.783 ms
 Execution Time: 234321.958 ms
(77 rows)

