                                                                                            QUERY PLAN                                                                                            
--------------------------------------------------------------------------------------------------------------------------------------------------------------------------------------------------
 Aggregate  (cost=643078.02..643078.03 rows=1 width=8) (actual time=5417.793..5417.815 rows=1 loops=1)
   Buffers: shared hit=288620 read=216547, temp read=3885 written=3885
   ->  Nested Loop  (cost=101299.37..643077.97 rows=20 width=0) (actual time=707.132..5417.263 rows=2449 loops=1)
         Buffers: shared hit=288620 read=216547, temp read=3885 written=3885
         ->  Seq Scan on info_type it2  (cost=0.00..2.41 rows=1 width=4) (actual time=0.039..0.060 rows=1 loops=1)
               Filter: (id = 7)
               Rows Removed by Filter: 112
               Buffers: shared hit=1
         ->  Nested Loop  (cost=101299.37..643075.36 rows=20 width=4) (actual time=707.091..5416.737 rows=2449 loops=1)
               Buffers: shared hit=288619 read=216547, temp read=3885 written=3885
               ->  Seq Scan on info_type it1  (cost=0.00..2.41 rows=1 width=4) (actual time=0.011..0.023 rows=1 loops=1)
                     Filter: (id = 3)
                     Rows Removed by Filter: 112
                     Buffers: shared hit=1
               ->  Nested Loop  (cost=101299.37..643072.74 rows=20 width=8) (actual time=707.077..5416.243 rows=2449 loops=1)
                     Buffers: shared hit=288618 read=216547, temp read=3885 written=3885
                     ->  Hash Join  (cost=101298.94..642873.26 rows=86 width=12) (actual time=706.970..4460.540 rows=29035 loops=1)
                           Hash Cond: (ci.role_id = rt.id)
                           Buffers: shared hit=195804 read=193221, temp read=3885 written=3885
                           ->  Nested Loop  (cost=101297.78..642868.44 rows=1032 width=16) (actual time=706.647..4441.353 rows=107754 loops=1)
                                 Buffers: shared hit=195803 read=193221, temp read=3885 written=3885
                                 ->  Nested Loop  (cost=101297.34..639703.43 rows=72 width=20) (actual time=706.610..3283.480 rows=3659 loops=1)
                                       Buffers: shared hit=139496 read=133493, temp read=3885 written=3885
                                       ->  Hash Join  (cost=101296.90..446264.82 rows=4561 width=12) (actual time=696.787..1135.237 rows=14105 loops=1)
                                             Hash Cond: (mi2.movie_id = t.id)
                                             Buffers: shared hit=1180 read=46361, temp read=3885 written=3885
                                             ->  Bitmap Heap Scan on movie_info mi2  (cost=15877.20..358830.31 rows=27254 width=8) (actual time=37.228..282.076 rows=256251 loops=1)
                                                   Recheck Cond: (info_type_id = 7)
                                                   Filter: ((info)::text = ANY ('{"CAM:Red One Camera","OFM:35 mm"}'::text[]))
                                                   Rows Removed by Filter: 1145651
                                                   Heap Blocks: exact=10050
                                                   Buffers: shared hit=1178 read=9971
                                                   ->  Bitmap Index Scan on info_type_id_movie_info  (cost=0.00..15870.39 rows=1484527 width=0) (actual time=35.985..35.986 rows=1401902 loops=1)
                                                         Index Cond: (info_type_id = 7)
                                                         Buffers: shared read=1099
                                             ->  Hash  (cost=78477.74..78477.74 rows=423117 width=4) (actual time=658.097..658.101 rows=913823 loops=1)
                                                   Buckets: 262144 (originally 262144)  Batches: 8 (originally 4)  Memory Usage: 6145kB
                                                   Buffers: shared hit=2 read=36390, temp written=2340
                                                   ->  Hash Join  (cost=1.13..78477.74 rows=423117 width=4) (actual time=0.040..525.987 rows=913823 loops=1)
                                                         Hash Cond: (t.kind_id = kt.id)
                                                         Buffers: shared hit=2 read=36390
                                                         ->  Seq Scan on title t  (cost=0.00..74315.95 rows=987274 width=8) (actual time=0.022..412.538 rows=989787 loops=1)
                                                               Filter: ((production_year <= 2010) AND (2000 < production_year))
                                                               Rows Removed by Filter: 1538525
                                                               Buffers: shared hit=1 read=36390
                                                         ->  Hash  (cost=1.10..1.10 rows=3 width=4) (actual time=0.011..0.012 rows=3 loops=1)
                                                               Buckets: 1024  Batches: 1  Memory Usage: 9kB
                                                               Buffers: shared hit=1
                                                               ->  Seq Scan on kind_type kt  (cost=0.00..1.10 rows=3 width=4) (actual time=0.006..0.007 rows=3 loops=1)
                                                                     Filter: ((kind)::text = ANY ('{episode,movie,"video movie"}'::text[]))
                                                                     Rows Removed by Filter: 4
                                                                     Buffers: shared hit=1
                                       ->  Index Scan using movie_id_movie_info on movie_info mi1  (cost=0.43..42.40 rows=1 width=8) (actual time=0.152..0.152 rows=0 loops=14105)
                                             Index Cond: (movie_id = t.id)
                                             Filter: (((info)::text = ANY ('{Mystery,Short}'::text[])) AND (info_type_id = 3))
                                             Rows Removed by Filter: 53
                                             Buffers: shared hit=138316 read=87132
                                 ->  Index Scan using movie_id_cast_info on cast_info ci  (cost=0.44..43.58 rows=38 width=12) (actual time=0.035..0.310 rows=29 loops=3659)
                                       Index Cond: (movie_id = t.id)
                                       Buffers: shared hit=56307 read=59728
                           ->  Hash  (cost=1.15..1.15 rows=1 width=4) (actual time=0.015..0.016 rows=1 loops=1)
                                 Buckets: 1024  Batches: 1  Memory Usage: 9kB
                                 Buffers: shared hit=1
                                 ->  Seq Scan on role_type rt  (cost=0.00..1.15 rows=1 width=4) (actual time=0.008..0.009 rows=1 loops=1)
                                       Filter: ((role)::text = 'miscellaneous crew'::text)
                                       Rows Removed by Filter: 11
                                       Buffers: shared hit=1
                     ->  Index Scan using name_pkey on name n  (cost=0.43..2.32 rows=1 width=4) (actual time=0.033..0.033 rows=0 loops=29035)
                           Index Cond: (id = ci.person_id)
                           Filter: ((gender)::text = 'f'::text)
                           Rows Removed by Filter: 1
                           Buffers: shared hit=92814 read=23326
 Planning:
   Buffers: shared hit=482 read=92
 Planning Time: 10.136 ms
 Execution Time: 5419.289 ms
(76 rows)

