                                                                                               QUERY PLAN                                                                                               
--------------------------------------------------------------------------------------------------------------------------------------------------------------------------------------------------------
 Aggregate  (cost=398980.26..398980.27 rows=1 width=8) (actual time=1644.653..1644.658 rows=1 loops=1)
   Buffers: shared hit=140440 read=27158
   ->  Nested Loop  (cost=13059.71..398980.25 rows=1 width=0) (actual time=101.437..1644.640 rows=14 loops=1)
         Buffers: shared hit=140440 read=27158
         ->  Hash Join  (cost=13059.28..398975.61 rows=2 width=4) (actual time=37.922..1637.639 rows=230 loops=1)
               Hash Cond: (ci.role_id = rt.id)
               Buffers: shared hit=139562 read=27116
               ->  Nested Loop  (cost=13058.10..398974.39 rows=14 width=8) (actual time=37.828..1637.196 rows=2083 loops=1)
                     Buffers: shared hit=139561 read=27116
                     ->  Nested Loop  (cost=13057.66..398929.84 rows=1 width=12) (actual time=37.773..1608.170 rows=241 loops=1)
                           Buffers: shared hit=138530 read=25412
                           ->  Nested Loop  (cost=13057.66..398927.42 rows=1 width=16) (actual time=37.768..1605.104 rows=241 loops=1)
                                 Buffers: shared hit=138289 read=25412
                                 ->  Nested Loop  (cost=13057.66..398924.99 rows=1 width=20) (actual time=37.749..1601.853 rows=241 loops=1)
                                       Buffers: shared hit=138048 read=25412
                                       ->  Hash Join  (cost=13057.23..394976.61 rows=92 width=12) (actual time=37.677..1569.236 rows=419 loops=1)
                                             Hash Cond: (t.kind_id = kt.id)
                                             Buffers: shared hit=135780 read=23785
                                             ->  Nested Loop  (cost=13056.10..394974.57 rows=216 width=16) (actual time=37.635..1567.703 rows=7974 loops=1)
                                                   Buffers: shared hit=135779 read=23785
                                                   ->  Bitmap Heap Scan on movie_info mi2  (cost=13055.67..385267.19 rows=1192 width=8) (actual time=36.914..406.383 rows=37538 loops=1)
                                                         Recheck Cond: (info_type_id = 4)
                                                         Filter: ((info)::text = ANY ('{Dutch,Malayalam,Mandarin,Swedish}'::text[]))
                                                         Rows Removed by Filter: 1261451
                                                         Heap Blocks: exact=8393
                                                         Buffers: shared hit=3851 read=5561
                                                         ->  Bitmap Index Scan on info_type_id_movie_info  (cost=0.00..13055.37 rows=1221191 width=0) (actual time=34.724..34.724 rows=1298989 loops=1)
                                                               Index Cond: (info_type_id = 4)
                                                               Buffers: shared read=1019
                                                   ->  Index Scan using title_pkey on title t  (cost=0.43..8.14 rows=1 width=8) (actual time=0.031..0.031 rows=0 loops=37538)
                                                         Index Cond: (id = mi2.movie_id)
                                                         Filter: ((production_year <= 1975) AND (1875 < production_year))
                                                         Rows Removed by Filter: 1
                                                         Buffers: shared hit=131928 read=18224
                                             ->  Hash  (cost=1.10..1.10 rows=3 width=4) (actual time=0.020..0.021 rows=3 loops=1)
                                                   Buckets: 1024  Batches: 1  Memory Usage: 9kB
                                                   Buffers: shared hit=1
                                                   ->  Seq Scan on kind_type kt  (cost=0.00..1.10 rows=3 width=4) (actual time=0.009..0.011 rows=3 loops=1)
                                                         Filter: ((kind)::text = ANY ('{"tv series","video game","video movie"}'::text[]))
                                                         Rows Removed by Filter: 4
                                                         Buffers: shared hit=1
                                       ->  Index Scan using movie_id_movie_info on movie_info mi1  (cost=0.43..42.91 rows=1 width=8) (actual time=0.070..0.077 rows=1 loops=419)
                                             Index Cond: (movie_id = t.id)
                                             Filter: ((info_type_id = 8) AND ((info)::text = ANY ('{India,Netherlands,Sweden,Taiwan}'::text[])))
                                             Rows Removed by Filter: 8
                                             Buffers: shared hit=2268 read=1627
                                 ->  Seq Scan on info_type it1  (cost=0.00..2.41 rows=1 width=4) (actual time=0.006..0.012 rows=1 loops=241)
                                       Filter: (id = 8)
                                       Rows Removed by Filter: 112
                                       Buffers: shared hit=241
                           ->  Seq Scan on info_type it2  (cost=0.00..2.41 rows=1 width=4) (actual time=0.005..0.011 rows=1 loops=241)
                                 Filter: (id = 4)
                                 Rows Removed by Filter: 112
                                 Buffers: shared hit=241
                     ->  Index Scan using movie_id_cast_info on cast_info ci  (cost=0.44..44.17 rows=38 width=12) (actual time=0.039..0.118 rows=9 loops=241)
                           Index Cond: (movie_id = t.id)
                           Buffers: shared hit=1031 read=1704
               ->  Hash  (cost=1.15..1.15 rows=2 width=4) (actual time=0.034..0.035 rows=2 loops=1)
                     Buckets: 1024  Batches: 1  Memory Usage: 9kB
                     Buffers: shared hit=1
                     ->  Seq Scan on role_type rt  (cost=0.00..1.15 rows=2 width=4) (actual time=0.026..0.028 rows=2 loops=1)
                           Filter: ((role)::text = ANY ('{cinematographer,writer}'::text[]))
                           Rows Removed by Filter: 10
                           Buffers: shared hit=1
         ->  Index Scan using name_pkey on name n  (cost=0.43..2.32 rows=1 width=4) (actual time=0.030..0.030 rows=0 loops=230)
               Index Cond: (id = ci.person_id)
               Filter: ((gender)::text = 'f'::text)
               Rows Removed by Filter: 1
               Buffers: shared hit=878 read=42
 Planning:
   Buffers: shared hit=520 read=54
 Planning Time: 12.408 ms
 Execution Time: 1645.194 ms
(73 rows)

