                                                                                                    QUERY PLAN                                                                                                    
------------------------------------------------------------------------------------------------------------------------------------------------------------------------------------------------------------------
 Aggregate  (cost=718556.52..718556.53 rows=1 width=8) (actual time=2150.277..2150.283 rows=1 loops=1)
   Buffers: shared hit=125690 read=70761, temp read=1348 written=1348
   ->  Nested Loop  (cost=93691.81..718556.31 rows=87 width=0) (actual time=442.882..2149.996 rows=1425 loops=1)
         Buffers: shared hit=125690 read=70761, temp read=1348 written=1348
         ->  Seq Scan on info_type it2  (cost=0.00..2.41 rows=1 width=4) (actual time=0.044..0.049 rows=1 loops=1)
               Filter: (id = 4)
               Rows Removed by Filter: 112
               Buffers: shared hit=1
         ->  Nested Loop  (cost=93691.81..718553.02 rows=87 width=4) (actual time=442.836..2149.717 rows=1425 loops=1)
               Buffers: shared hit=125689 read=70761, temp read=1348 written=1348
               ->  Seq Scan on info_type it1  (cost=0.00..2.41 rows=1 width=4) (actual time=0.009..0.017 rows=1 loops=1)
                     Filter: (id = 8)
                     Rows Removed by Filter: 112
                     Buffers: shared hit=1
               ->  Nested Loop  (cost=93691.81..718549.74 rows=87 width=8) (actual time=442.823..2149.449 rows=1425 loops=1)
                     Buffers: shared hit=125688 read=70761, temp read=1348 written=1348
                     ->  Hash Join  (cost=93691.38..718067.28 rows=208 width=12) (actual time=437.594..2054.747 rows=3160 loops=1)
                           Hash Cond: (ci.role_id = rt.id)
                           Buffers: shared hit=113412 read=70397, temp read=1348 written=1348
                           ->  Nested Loop  (cost=93690.22..718057.26 rows=2494 width=16) (actual time=433.259..2047.185 rows=54920 loops=1)
                                 Buffers: shared hit=113411 read=70397, temp read=1348 written=1348
                                 ->  Nested Loop  (cost=93689.78..710304.80 rows=174 width=20) (actual time=433.232..1346.085 rows=6421 loops=1)
                                       Buffers: shared hit=72840 read=38517, temp read=1348 written=1348
                                       ->  Hash Join  (cost=93689.34..467943.97 rows=5607 width=12) (actual time=433.181..836.504 rows=6608 loops=1)
                                             Hash Cond: (mi1.movie_id = t.id)
                                             Buffers: shared hit=22028 read=23257, temp read=1348 written=1348
                                             ->  Bitmap Heap Scan on movie_info mi1  (cost=14229.64..386824.93 rows=72337 width=8) (actual time=38.589..280.504 rows=777886 loops=1)
                                                   Recheck Cond: (info_type_id = 8)
                                                   Filter: ((info)::text = ANY ('{Argentina,Brazil,Canada,Czechoslovakia,Germany,Greece,Italy,Mexico,Philippines,Turkey,USA,"West Germany",Yugoslavia}'::text[]))
                                                   Rows Removed by Filter: 547475
                                                   Heap Blocks: exact=7853
                                                   Buffers: shared hit=2301 read=6592
                                                   ->  Bitmap Index Scan on info_type_id_movie_info  (cost=0.00..14211.52 rows=1329478 width=0) (actual time=37.596..37.596 rows=1325361 loops=1)
                                                         Index Cond: (info_type_id = 8)
                                                         Buffers: shared hit=1 read=1039
                                             ->  Hash  (cost=76244.10..76244.10 rows=195968 width=4) (actual time=393.478..393.480 rows=11843 loops=1)
                                                   Buckets: 262144  Batches: 2  Memory Usage: 2260kB
                                                   Buffers: shared hit=19727 read=16665, temp written=17
                                                   ->  Hash Join  (cost=1.13..76244.10 rows=195968 width=4) (actual time=0.141..390.941 rows=11843 loops=1)
                                                         Hash Cond: (t.kind_id = kt.id)
                                                         Buffers: shared hit=19727 read=16665
                                                         ->  Seq Scan on title t  (cost=0.00..74315.95 rows=457258 width=8) (actual time=0.024..365.423 rows=451569 loops=1)
                                                               Filter: ((production_year <= 1975) AND (1875 < production_year))
                                                               Rows Removed by Filter: 2076743
                                                               Buffers: shared hit=19726 read=16665
                                                         ->  Hash  (cost=1.10..1.10 rows=3 width=4) (actual time=0.016..0.017 rows=3 loops=1)
                                                               Buckets: 1024  Batches: 1  Memory Usage: 9kB
                                                               Buffers: shared hit=1
                                                               ->  Seq Scan on kind_type kt  (cost=0.00..1.10 rows=3 width=4) (actual time=0.009..0.010 rows=3 loops=1)
                                                                     Filter: ((kind)::text = ANY ('{"tv series","video game","video movie"}'::text[]))
                                                                     Rows Removed by Filter: 4
                                                                     Buffers: shared hit=1
                                       ->  Index Scan using movie_id_movie_info on movie_info mi2  (cost=0.43..43.21 rows=1 width=8) (actual time=0.054..0.077 rows=1 loops=6608)
                                             Index Cond: (movie_id = t.id)
                                             Filter: ((info_type_id = 4) AND ((info)::text = ANY ('{Czech,English,German,Greek,Italian,Portuguese,Serbo-Croatian,Spanish,Tagalog,Turkish}'::text[])))
                                             Rows Removed by Filter: 10
                                             Buffers: shared hit=50812 read=15260
                                 ->  Index Scan using movie_id_cast_info on cast_info ci  (cost=0.44..44.17 rows=38 width=12) (actual time=0.030..0.107 rows=9 loops=6421)
                                       Index Cond: (movie_id = t.id)
                                       Buffers: shared hit=40571 read=31880
                           ->  Hash  (cost=1.15..1.15 rows=1 width=4) (actual time=0.017..0.018 rows=1 loops=1)
                                 Buckets: 1024  Batches: 1  Memory Usage: 9kB
                                 Buffers: shared hit=1
                                 ->  Seq Scan on role_type rt  (cost=0.00..1.15 rows=1 width=4) (actual time=0.010..0.011 rows=1 loops=1)
                                       Filter: ((role)::text = 'producer'::text)
                                       Rows Removed by Filter: 11
                                       Buffers: shared hit=1
                     ->  Index Scan using name_pkey on name n  (cost=0.43..2.32 rows=1 width=4) (actual time=0.029..0.029 rows=0 loops=3160)
                           Index Cond: (id = ci.person_id)
                           Filter: ((gender)::text = 'm'::text)
                           Rows Removed by Filter: 1
                           Buffers: shared hit=12276 read=364
 Planning:
   Buffers: shared hit=576 read=1
 Planning Time: 14.300 ms
 Execution Time: 2150.785 ms
(76 rows)

