                                                                                            QUERY PLAN                                                                                            
--------------------------------------------------------------------------------------------------------------------------------------------------------------------------------------------------
 Aggregate  (cost=518332.47..518332.48 rows=1 width=8) (actual time=1982.860..1982.866 rows=1 loops=1)
   Buffers: shared hit=148025 read=40658
   ->  Nested Loop  (cost=64088.55..518332.40 rows=28 width=0) (actual time=283.329..1982.382 rows=2365 loops=1)
         Buffers: shared hit=148025 read=40658
         ->  Seq Scan on info_type it2  (cost=0.00..2.41 rows=1 width=4) (actual time=0.048..0.052 rows=1 loops=1)
               Filter: (id = 4)
               Rows Removed by Filter: 112
               Buffers: shared hit=1
         ->  Nested Loop  (cost=64088.55..518329.71 rows=28 width=4) (actual time=283.280..1981.872 rows=2365 loops=1)
               Buffers: shared hit=148024 read=40658
               ->  Seq Scan on info_type it1  (cost=0.00..2.41 rows=1 width=4) (actual time=0.010..0.017 rows=1 loops=1)
                     Filter: (id = 8)
                     Rows Removed by Filter: 112
                     Buffers: shared hit=1
               ->  Nested Loop  (cost=64088.55..518327.01 rows=28 width=8) (actual time=283.266..1981.402 rows=2365 loops=1)
                     Buffers: shared hit=148023 read=40658
                     ->  Hash Join  (cost=64088.12..518173.93 rows=66 width=12) (actual time=282.132..1759.844 rows=6266 loops=1)
                           Hash Cond: (ci.role_id = rt.id)
                           Buffers: shared hit=126600 read=37017
                           ->  Nested Loop  (cost=64086.96..518169.96 rows=788 width=16) (actual time=282.078..1750.616 rows=55573 loops=1)
                                 Buffers: shared hit=126599 read=37017
                                 ->  Nested Loop  (cost=64086.52..515719.47 rows=55 width=20) (actual time=282.050..1082.419 rows=5825 loops=1)
                                       Buffers: shared hit=65046 read=27390
                                       ->  Hash Join  (cost=64086.08..436964.09 rows=1822 width=12) (actual time=281.945..603.711 rows=5867 loops=1)
                                             Hash Cond: (mi1.movie_id = t.id)
                                             Buffers: shared hit=8147 read=24691
                                             ->  Bitmap Heap Scan on movie_info mi1  (cost=14229.18..386824.47 rows=70530 width=8) (actual time=37.149..279.838 rows=782674 loops=1)
                                                   Recheck Cond: (info_type_id = 8)
                                                   Filter: ((info)::text = ANY ('{Brazil,Canada,Finland,France,Greece,Italy,Japan,Philippines,"South Korea",USA}'::text[]))
                                                   Rows Removed by Filter: 542687
                                                   Heap Blocks: exact=7853
                                                   Buffers: shared hit=7242 read=1651
                                                   ->  Bitmap Index Scan on info_type_id_movie_info  (cost=0.00..14211.52 rows=1329478 width=0) (actual time=36.176..36.177 rows=1325361 loops=1)
                                                         Index Cond: (info_type_id = 8)
                                                         Buffers: shared read=1040
                                             ->  Hash  (cost=49040.37..49040.37 rows=65323 width=4) (actual time=244.486..244.488 rows=11509 loops=1)
                                                   Buckets: 65536  Batches: 1  Memory Usage: 917kB
                                                   Buffers: shared hit=905 read=23040
                                                   ->  Nested Loop  (cost=4511.89..49040.37 rows=65323 width=4) (actual time=8.600..241.452 rows=11509 loops=1)
                                                         Buffers: shared hit=905 read=23040
                                                         ->  Seq Scan on kind_type kt  (cost=0.00..1.09 rows=1 width=4) (actual time=0.010..0.013 rows=1 loops=1)
                                                               Filter: ((kind)::text = 'tv series'::text)
                                                               Rows Removed by Filter: 6
                                                               Buffers: shared hit=1
                                                         ->  Bitmap Heap Scan on title t  (cost=4511.89..48277.18 rows=76210 width=8) (actual time=8.587..240.455 rows=11509 loops=1)
                                                               Recheck Cond: (kind_id = kt.id)
                                                               Filter: ((production_year <= 1975) AND (1875 < production_year))
                                                               Rows Removed by Filter: 79343
                                                               Heap Blocks: exact=23870
                                                               Buffers: shared hit=904 read=23040
                                                               ->  Bitmap Index Scan on kind_id_title  (cost=0.00..4492.84 rows=421388 width=0) (actual time=5.315..5.315 rows=90852 loops=1)
                                                                     Index Cond: (kind_id = kt.id)
                                                                     Buffers: shared read=74
                                       ->  Index Scan using movie_id_movie_info on movie_info mi2  (cost=0.43..43.21 rows=1 width=8) (actual time=0.056..0.081 rows=1 loops=5867)
                                             Index Cond: (movie_id = t.id)
                                             Filter: ((info_type_id = 4) AND ((info)::text = ANY ('{English,Filipino,Finnish,French,Greek,Italian,Japanese,Korean,Portuguese,Tagalog}'::text[])))
                                             Rows Removed by Filter: 10
                                             Buffers: shared hit=56899 read=2699
                                 ->  Index Scan using movie_id_cast_info on cast_info ci  (cost=0.44..44.17 rows=38 width=12) (actual time=0.033..0.112 rows=10 loops=5825)
                                       Index Cond: (movie_id = t.id)
                                       Buffers: shared hit=61553 read=9627
                           ->  Hash  (cost=1.15..1.15 rows=1 width=4) (actual time=0.022..0.023 rows=1 loops=1)
                                 Buckets: 1024  Batches: 1  Memory Usage: 9kB
                                 Buffers: shared hit=1
                                 ->  Seq Scan on role_type rt  (cost=0.00..1.15 rows=1 width=4) (actual time=0.014..0.016 rows=1 loops=1)
                                       Filter: ((role)::text = 'writer'::text)
                                       Rows Removed by Filter: 11
                                       Buffers: shared hit=1
                     ->  Index Scan using name_pkey on name n  (cost=0.43..2.32 rows=1 width=4) (actual time=0.035..0.035 rows=0 loops=6266)
                           Index Cond: (id = ci.person_id)
                           Filter: ((gender)::text = 'm'::text)
                           Rows Removed by Filter: 1
                           Buffers: shared hit=21423 read=3641
 Planning:
   Buffers: shared hit=532 read=45
 Planning Time: 13.451 ms
 Execution Time: 1983.553 ms
(77 rows)

