                                                                                                  QUERY PLAN                                                                                                  
--------------------------------------------------------------------------------------------------------------------------------------------------------------------------------------------------------------
 Aggregate  (cost=865479.86..865479.87 rows=1 width=8) (actual time=33208.016..33208.025 rows=1 loops=1)
   Buffers: shared hit=2986746 read=335547, temp read=8081 written=8075
   ->  Nested Loop  (cost=812043.03..865479.45 rows=165 width=0) (actual time=1109.313..33206.579 rows=2864 loops=1)
         Buffers: shared hit=2986746 read=335547, temp read=8081 written=8075
         ->  Seq Scan on info_type it2  (cost=0.00..2.41 rows=1 width=4) (actual time=0.035..0.046 rows=1 loops=1)
               Filter: (id = 4)
               Rows Removed by Filter: 112
               Buffers: shared hit=1
         ->  Nested Loop  (cost=812043.03..865475.39 rows=165 width=4) (actual time=1109.276..33205.640 rows=2864 loops=1)
               Buffers: shared hit=2986745 read=335547, temp read=8081 written=8075
               ->  Seq Scan on info_type it1  (cost=0.00..2.41 rows=1 width=4) (actual time=0.007..0.019 rows=1 loops=1)
                     Filter: (id = 8)
                     Rows Removed by Filter: 112
                     Buffers: shared hit=1
               ->  Nested Loop  (cost=812043.03..865471.32 rows=165 width=8) (actual time=1109.269..33204.600 rows=2864 loops=1)
                     Buffers: shared hit=2986744 read=335547, temp read=8081 written=8075
                     ->  Hash Join  (cost=812042.60..864557.43 rows=394 width=12) (actual time=1108.841..32849.679 rows=9019 loops=1)
                           Hash Cond: (ci.role_id = rt.id)
                           Buffers: shared hit=2954586 read=331629, temp read=8081 written=8075
                           ->  Nested Loop  (cost=812041.44..864539.47 rows=4730 width=16) (actual time=1108.061..32640.444 rows=1100472 loops=1)
                                 Buffers: shared hit=2954585 read=331629, temp read=8081 written=8075
                                 ->  Nested Loop  (cost=812041.00..850119.23 rows=330 width=20) (actual time=1108.035..19936.832 rows=54649 loops=1)
                                       Buffers: shared hit=1999286 read=49947, temp read=8081 written=8075
                                       ->  Nested Loop  (cost=812040.86..850090.15 rows=1154 width=24) (actual time=1108.019..19646.037 rows=404526 loops=1)
                                             Join Filter: (t.id = mi1.movie_id)
                                             Buffers: shared hit=1999274 read=49947, temp read=8081 written=8075
                                             ->  Merge Join  (cost=812040.43..812765.49 rows=10715 width=16) (actual time=1107.967..1796.872 rows=507729 loops=1)
                                                   Merge Cond: (mi1.movie_id = mi2.movie_id)
                                                   Buffers: shared hit=11241 read=7064, temp read=8081 written=8075
                                                   ->  Sort  (cost=405792.69..405918.11 rows=50168 width=8) (actual time=596.258..699.636 rows=550531 loops=1)
                                                         Sort Key: mi1.movie_id
                                                         Sort Method: external sort  Disk: 11896kB
                                                         Buffers: shared hit=7518 read=1375, temp read=2969 written=2976
                                                         ->  Bitmap Heap Scan on movie_info mi1  (cost=14224.06..401875.95 rows=50168 width=8) (actual time=36.032..435.837 rows=550531 loops=1)
                                                               Recheck Cond: (info_type_id = 8)
                                                               Filter: ((info)::text = ANY ('{Cuba,"Hong Kong",Malaysia,Peru,USA}'::text[]))
                                                               Rows Removed by Filter: 774830
                                                               Heap Blocks: exact=7853
                                                               Buffers: shared hit=7518 read=1375
                                                               ->  Bitmap Index Scan on info_type_id_movie_info  (cost=0.00..14211.52 rows=1329478 width=0) (actual time=35.020..35.021 rows=1325361 loops=1)
                                                                     Index Cond: (info_type_id = 8)
                                                                     Buffers: shared read=1040
                                                   ->  Sort  (cost=406247.74..406431.28 rows=73415 width=8) (actual time=511.699..696.379 rows=946726 loops=1)
                                                         Sort Key: mi2.movie_id
                                                         Sort Method: external sort  Disk: 20384kB
                                                         Buffers: shared hit=3723 read=5689, temp read=5099 written=5099
                                                         ->  Bitmap Heap Scan on movie_info mi2  (cost=13073.72..400314.42 rows=73415 width=8) (actual time=30.439..284.857 rows=942877 loops=1)
                                                               Recheck Cond: (info_type_id = 4)
                                                               Filter: ((info)::text = ANY ('{English,German,Malay,Russian,Spanish}'::text[]))
                                                               Rows Removed by Filter: 356112
                                                               Heap Blocks: exact=8393
                                                               Buffers: shared hit=3723 read=5689
                                                               ->  Bitmap Index Scan on info_type_id_movie_info  (cost=0.00..13055.37 rows=1221191 width=0) (actual time=29.406..29.406 rows=1298989 loops=1)
                                                                     Index Cond: (info_type_id = 4)
                                                                     Buffers: shared hit=1 read=1018
                                             ->  Index Scan using title_pkey on title t  (cost=0.43..3.47 rows=1 width=8) (actual time=0.034..0.034 rows=1 loops=507729)
                                                   Index Cond: (id = mi2.movie_id)
                                                   Filter: ((production_year <= 2015) AND (1975 < production_year))
                                                   Rows Removed by Filter: 0
                                                   Buffers: shared hit=1988033 read=42883
                                       ->  Memoize  (cost=0.14..0.16 rows=1 width=4) (actual time=0.000..0.000 rows=0 loops=404526)
                                             Cache Key: t.kind_id
                                             Cache Mode: logical
                                             Hits: 404520  Misses: 6  Evictions: 0  Overflows: 0  Memory Usage: 1kB
                                             Buffers: shared hit=12
                                             ->  Index Scan using kind_type_pkey on kind_type kt  (cost=0.13..0.15 rows=1 width=4) (actual time=0.011..0.011 rows=0 loops=6)
                                                   Index Cond: (id = t.kind_id)
                                                   Filter: ((kind)::text = ANY ('{"tv movie","tv series"}'::text[]))
                                                   Rows Removed by Filter: 1
                                                   Buffers: shared hit=12
                                 ->  Index Scan using movie_id_cast_info on cast_info ci  (cost=0.44..43.32 rows=38 width=12) (actual time=0.037..0.226 rows=20 loops=54649)
                                       Index Cond: (movie_id = t.id)
                                       Buffers: shared hit=955299 read=281682
                           ->  Hash  (cost=1.15..1.15 rows=1 width=4) (actual time=0.015..0.016 rows=1 loops=1)
                                 Buckets: 1024  Batches: 1  Memory Usage: 9kB
                                 Buffers: shared hit=1
                                 ->  Seq Scan on role_type rt  (cost=0.00..1.15 rows=1 width=4) (actual time=0.008..0.009 rows=1 loops=1)
                                       Filter: ((role)::text = 'production designer'::text)
                                       Rows Removed by Filter: 11
                                       Buffers: shared hit=1
                     ->  Index Scan using name_pkey on name n  (cost=0.43..2.32 rows=1 width=4) (actual time=0.039..0.039 rows=0 loops=9019)
                           Index Cond: (id = ci.person_id)
                           Filter: ((gender)::text = 'm'::text)
                           Rows Removed by Filter: 1
                           Buffers: shared hit=32158 read=3918
 Planning:
   Buffers: shared hit=530 read=44
 Planning Time: 12.725 ms
 Execution Time: 33219.868 ms
(89 rows)

