                                                                                               QUERY PLAN                                                                                               
--------------------------------------------------------------------------------------------------------------------------------------------------------------------------------------------------------
 Aggregate  (cost=503754.39..503754.40 rows=1 width=8) (actual time=16225.609..16225.616 rows=1 loops=1)
   Buffers: shared hit=1444193 read=227317
   ->  Nested Loop  (cost=13060.80..503754.38 rows=4 width=0) (actual time=565.953..16220.656 rows=23862 loops=1)
         Buffers: shared hit=1444193 read=227317
         ->  Hash Join  (cost=13060.37..503731.19 rows=10 width=4) (actual time=562.103..13737.082 rows=69081 loops=1)
               Hash Cond: (ci.role_id = rt.id)
               Buffers: shared hit=1189361 read=205825
               ->  Nested Loop  (cost=13059.19..503729.81 rows=57 width=8) (actual time=561.786..13640.874 rows=442888 loops=1)
                     Buffers: shared hit=1189360 read=205825
                     ->  Nested Loop  (cost=13058.75..503555.17 rows=4 width=12) (actual time=561.700..8494.607 rows=26566 loops=1)
                           Buffers: shared hit=767796 read=113981
                           ->  Seq Scan on info_type it2  (cost=0.00..2.41 rows=1 width=4) (actual time=0.030..0.037 rows=1 loops=1)
                                 Filter: (id = 4)
                                 Rows Removed by Filter: 112
                                 Buffers: shared hit=1
                           ->  Nested Loop  (cost=13058.75..503552.71 rows=4 width=16) (actual time=561.668..8487.985 rows=26566 loops=1)
                                 Buffers: shared hit=767795 read=113981
                                 ->  Seq Scan on info_type it1  (cost=0.00..2.41 rows=1 width=4) (actual time=0.010..0.019 rows=1 loops=1)
                                       Filter: (id = 8)
                                       Rows Removed by Filter: 112
                                       Buffers: shared hit=1
                                 ->  Nested Loop  (cost=13058.75..503550.26 rows=4 width=20) (actual time=561.653..8480.952 rows=26566 loops=1)
                                       Buffers: shared hit=767794 read=113981
                                       ->  Hash Join  (cost=13058.32..440514.05 rows=1488 width=12) (actual time=560.969..4045.127 rows=45342 loops=1)
                                             Hash Cond: (t.kind_id = kt.id)
                                             Buffers: shared hit=353681 read=41756
                                             ->  Nested Loop  (cost=13057.20..440490.99 rows=5210 width=16) (actual time=38.450..4013.687 rows=94555 loops=1)
                                                   Buffers: shared hit=353680 read=41756
                                                   ->  Bitmap Heap Scan on movie_info mi2  (cost=13056.76..400297.46 rows=5589 width=8) (actual time=38.403..584.931 rows=97377 loops=1)
                                                         Recheck Cond: (info_type_id = 4)
                                                         Filter: ((info)::text = ANY ('{Dutch,German,Hebrew,Mandarin,Persian}'::text[]))
                                                         Rows Removed by Filter: 1201612
                                                         Heap Blocks: exact=8393
                                                         Buffers: shared hit=47 read=9365
                                                         ->  Bitmap Index Scan on info_type_id_movie_info  (cost=0.00..13055.37 rows=1221191 width=0) (actual time=36.074..36.074 rows=1298989 loops=1)
                                                               Index Cond: (info_type_id = 4)
                                                               Buffers: shared read=1019
                                                   ->  Memoize  (cost=0.44..7.23 rows=1 width=8) (actual time=0.035..0.035 rows=1 loops=97377)
                                                         Cache Key: mi2.movie_id
                                                         Cache Mode: logical
                                                         Hits: 871  Misses: 96506  Evictions: 17858  Overflows: 0  Memory Usage: 8193kB
                                                         Buffers: shared hit=353633 read=32391
                                                         ->  Index Scan using title_pkey on title t  (cost=0.43..7.22 rows=1 width=8) (actual time=0.034..0.034 rows=1 loops=96506)
                                                               Index Cond: (id = mi2.movie_id)
                                                               Filter: ((production_year <= 2015) AND (1925 < production_year))
                                                               Rows Removed by Filter: 0
                                                               Buffers: shared hit=353633 read=32391
                                             ->  Hash  (cost=1.09..1.09 rows=2 width=4) (actual time=0.018..0.019 rows=2 loops=1)
                                                   Buckets: 1024  Batches: 1  Memory Usage: 9kB
                                                   Buffers: shared hit=1
                                                   ->  Seq Scan on kind_type kt  (cost=0.00..1.09 rows=2 width=4) (actual time=0.008..0.009 rows=2 loops=1)
                                                         Filter: ((kind)::text = ANY ('{movie,"video movie"}'::text[]))
                                                         Rows Removed by Filter: 5
                                                         Buffers: shared hit=1
                                       ->  Index Scan using movie_id_movie_info on movie_info mi1  (cost=0.43..42.35 rows=1 width=8) (actual time=0.092..0.097 rows=1 loops=45342)
                                             Index Cond: (movie_id = t.id)
                                             Filter: ((info_type_id = 8) AND ((info)::text = ANY ('{China,Germany,Iran,Israel,Netherlands}'::text[])))
                                             Rows Removed by Filter: 14
                                             Buffers: shared hit=414113 read=72225
                     ->  Index Scan using movie_id_cast_info on cast_info ci  (cost=0.44..43.28 rows=38 width=12) (actual time=0.036..0.189 rows=17 loops=26566)
                           Index Cond: (movie_id = t.id)
                           Buffers: shared hit=421564 read=91844
               ->  Hash  (cost=1.15..1.15 rows=2 width=4) (actual time=0.034..0.035 rows=2 loops=1)
                     Buckets: 1024  Batches: 1  Memory Usage: 9kB
                     Buffers: shared hit=1
                     ->  Seq Scan on role_type rt  (cost=0.00..1.15 rows=2 width=4) (actual time=0.027..0.029 rows=2 loops=1)
                           Filter: ((role)::text = ANY ('{director,producer}'::text[]))
                           Rows Removed by Filter: 10
                           Buffers: shared hit=1
         ->  Index Scan using name_pkey on name n  (cost=0.43..2.32 rows=1 width=4) (actual time=0.035..0.035 rows=0 loops=69081)
               Index Cond: (id = ci.person_id)
               Filter: ((gender)::text = 'm'::text)
               Rows Removed by Filter: 1
               Buffers: shared hit=254832 read=21492
 Planning:
   Buffers: shared hit=485 read=89
 Planning Time: 13.603 ms
 Execution Time: 16227.389 ms
(78 rows)

