                                                                                               QUERY PLAN                                                                                               
--------------------------------------------------------------------------------------------------------------------------------------------------------------------------------------------------------
 Aggregate  (cost=467788.57..467788.58 rows=1 width=8) (actual time=6896.096..6896.103 rows=1 loops=1)
   Buffers: shared hit=664126 read=44288
   ->  Nested Loop  (cost=13062.10..467788.56 rows=5 width=0) (actual time=39.825..6895.877 rows=555 loops=1)
         Buffers: shared hit=664126 read=44288
         ->  Hash Join  (cost=13061.67..467772.32 rows=7 width=4) (actual time=39.788..6851.258 rows=1144 loops=1)
               Hash Cond: (ci.role_id = rt.id)
               Buffers: shared hit=660370 read=43468
               ->  Nested Loop  (cost=13060.50..467770.99 rows=43 width=8) (actual time=39.714..6846.074 rows=27812 loops=1)
                     Buffers: shared hit=660369 read=43468
                     ->  Nested Loop  (cost=13060.06..467637.87 rows=3 width=12) (actual time=39.671..6502.452 rows=1702 loops=1)
                           Buffers: shared hit=638891 read=32811
                           ->  Seq Scan on info_type it2  (cost=0.00..2.41 rows=1 width=4) (actual time=0.030..0.040 rows=1 loops=1)
                                 Filter: (id = 4)
                                 Rows Removed by Filter: 112
                                 Buffers: shared hit=1
                           ->  Nested Loop  (cost=13060.06..467635.42 rows=3 width=16) (actual time=39.639..6501.968 rows=1702 loops=1)
                                 Buffers: shared hit=638890 read=32811
                                 ->  Seq Scan on info_type it1  (cost=0.00..2.41 rows=1 width=4) (actual time=0.012..0.023 rows=1 loops=1)
                                       Filter: (id = 8)
                                       Rows Removed by Filter: 112
                                       Buffers: shared hit=1
                                 ->  Nested Loop  (cost=13060.06..467632.98 rows=3 width=20) (actual time=39.624..6501.448 rows=1702 loops=1)
                                       Buffers: shared hit=638889 read=32811
                                       ->  Hash Join  (cost=13059.62..439122.80 rows=667 width=12) (actual time=39.443..6168.515 rows=4109 loops=1)
                                             Hash Cond: (t.kind_id = kt.id)
                                             Buffers: shared hit=610483 read=25198
                                             ->  Nested Loop  (cost=13058.51..439111.84 rows=2336 width=16) (actual time=39.396..6158.867 rows=35951 loops=1)
                                                   Buffers: shared hit=610482 read=25198
                                                   ->  Bitmap Heap Scan on movie_info mi2  (cost=13058.07..370240.41 rows=10818 width=8) (actual time=38.787..533.377 rows=158426 loops=1)
                                                         Recheck Cond: (info_type_id = 4)
                                                         Filter: ((info)::text = ANY ('{French,Hindi,Spanish}'::text[]))
                                                         Rows Removed by Filter: 1140563
                                                         Heap Blocks: exact=8393
                                                         Buffers: shared hit=2299 read=7113
                                                         ->  Bitmap Index Scan on info_type_id_movie_info  (cost=0.00..13055.37 rows=1221191 width=0) (actual time=36.673..36.674 rows=1298989 loops=1)
                                                               Index Cond: (info_type_id = 4)
                                                               Buffers: shared read=1019
                                                   ->  Memoize  (cost=0.44..6.44 rows=1 width=8) (actual time=0.035..0.035 rows=0 loops=158426)
                                                         Cache Key: mi2.movie_id
                                                         Cache Mode: logical
                                                         Hits: 1859  Misses: 156567  Evictions: 47671  Overflows: 0  Memory Usage: 8193kB
                                                         Buffers: shared hit=608183 read=18085
                                                         ->  Index Scan using title_pkey on title t  (cost=0.43..6.43 rows=1 width=8) (actual time=0.034..0.034 rows=0 loops=156567)
                                                               Index Cond: (id = mi2.movie_id)
                                                               Filter: ((production_year <= 1990) AND (1950 < production_year))
                                                               Rows Removed by Filter: 1
                                                               Buffers: shared hit=608183 read=18085
                                             ->  Hash  (cost=1.09..1.09 rows=2 width=4) (actual time=0.021..0.021 rows=2 loops=1)
                                                   Buckets: 1024  Batches: 1  Memory Usage: 9kB
                                                   Buffers: shared hit=1
                                                   ->  Seq Scan on kind_type kt  (cost=0.00..1.09 rows=2 width=4) (actual time=0.008..0.009 rows=2 loops=1)
                                                         Filter: ((kind)::text = ANY ('{"tv series","video movie"}'::text[]))
                                                         Rows Removed by Filter: 5
                                                         Buffers: shared hit=1
                                       ->  Index Scan using movie_id_movie_info on movie_info mi1  (cost=0.43..42.73 rows=1 width=8) (actual time=0.075..0.080 rows=0 loops=4109)
                                             Index Cond: (movie_id = t.id)
                                             Filter: ((info_type_id = 8) AND ((info)::text = ANY ('{Argentina,France,India}'::text[])))
                                             Rows Removed by Filter: 8
                                             Buffers: shared hit=28406 read=7613
                     ->  Index Scan using movie_id_cast_info on cast_info ci  (cost=0.44..43.99 rows=38 width=12) (actual time=0.038..0.197 rows=16 loops=1702)
                           Index Cond: (movie_id = t.id)
                           Buffers: shared hit=21478 read=10657
               ->  Hash  (cost=1.15..1.15 rows=2 width=4) (actual time=0.038..0.039 rows=2 loops=1)
                     Buckets: 1024  Batches: 1  Memory Usage: 9kB
                     Buffers: shared hit=1
                     ->  Seq Scan on role_type rt  (cost=0.00..1.15 rows=2 width=4) (actual time=0.029..0.032 rows=2 loops=1)
                           Filter: ((role)::text = ANY ('{composer,producer}'::text[]))
                           Rows Removed by Filter: 10
                           Buffers: shared hit=1
         ->  Index Scan using name_pkey on name n  (cost=0.43..2.32 rows=1 width=4) (actual time=0.038..0.038 rows=0 loops=1144)
               Index Cond: (id = ci.person_id)
               Filter: ((gender)::text = ANY ('{f,m}'::text[]))
               Rows Removed by Filter: 1
               Buffers: shared hit=3756 read=820
 Planning:
   Buffers: shared hit=484 read=90
 Planning Time: 14.339 ms
 Execution Time: 6898.720 ms
(78 rows)

