                                                                                               QUERY PLAN                                                                                               
--------------------------------------------------------------------------------------------------------------------------------------------------------------------------------------------------------
 Aggregate  (cost=426954.71..426954.72 rows=1 width=8) (actual time=6845.289..6845.295 rows=1 loops=1)
   Buffers: shared hit=611932 read=100415
   ->  Nested Loop  (cost=13060.31..426954.71 rows=1 width=0) (actual time=55.278..6844.540 rows=2613 loops=1)
         Buffers: shared hit=611932 read=100415
         ->  Hash Join  (cost=13059.88..426952.39 rows=1 width=4) (actual time=40.075..6439.326 rows=11261 loops=1)
               Hash Cond: (ci.role_id = rt.id)
               Buffers: shared hit=572205 read=95098
               ->  Nested Loop  (cost=13058.72..426951.18 rows=14 width=8) (actual time=39.737..6397.725 rows=260655 loops=1)
                     Buffers: shared hit=572204 read=95098
                     ->  Nested Loop  (cost=13058.28..426906.81 rows=1 width=12) (actual time=39.695..3773.180 rows=13418 loops=1)
                           Buffers: shared hit=322908 read=49090
                           ->  Nested Loop  (cost=13058.28..426904.38 rows=1 width=16) (actual time=39.690..3516.137 rows=13418 loops=1)
                                 Buffers: shared hit=309490 read=49090
                                 ->  Nested Loop  (cost=13058.28..426901.96 rows=1 width=20) (actual time=39.670..3251.006 rows=13418 loops=1)
                                       Buffers: shared hit=296072 read=49090
                                       ->  Hash Join  (cost=13057.84..412608.38 rows=334 width=12) (actual time=39.575..1970.062 rows=14149 loops=1)
                                             Hash Cond: (t.kind_id = kt.id)
                                             Buffers: shared hit=183643 read=19390
                                             ->  Nested Loop  (cost=13056.71..412603.97 rows=778 width=16) (actual time=39.411..1963.613 rows=15527 loops=1)
                                                   Buffers: shared hit=183642 read=19390
                                                   ->  Bitmap Heap Scan on movie_info mi2  (cost=13056.27..385267.79 rows=3604 width=8) (actual time=39.357..433.552 rows=48736 loops=1)
                                                         Recheck Cond: (info_type_id = 4)
                                                         Filter: ((info)::text = ANY ('{Danish,Italian,Malayalam,Polish}'::text[]))
                                                         Rows Removed by Filter: 1250253
                                                         Heap Blocks: exact=8393
                                                         Buffers: shared hit=2265 read=7147
                                                         ->  Bitmap Index Scan on info_type_id_movie_info  (cost=0.00..13055.37 rows=1221191 width=0) (actual time=37.190..37.190 rows=1298989 loops=1)
                                                               Index Cond: (info_type_id = 4)
                                                               Buffers: shared read=1019
                                                   ->  Memoize  (cost=0.44..7.61 rows=1 width=8) (actual time=0.031..0.031 rows=0 loops=48736)
                                                         Cache Key: mi2.movie_id
                                                         Cache Mode: logical
                                                         Hits: 331  Misses: 48405  Evictions: 0  Overflows: 0  Memory Usage: 3818kB
                                                         Buffers: shared hit=181377 read=12243
                                                         ->  Index Scan using title_pkey on title t  (cost=0.43..7.60 rows=1 width=8) (actual time=0.030..0.030 rows=0 loops=48405)
                                                               Index Cond: (id = mi2.movie_id)
                                                               Filter: ((production_year <= 1990) AND (1950 < production_year))
                                                               Rows Removed by Filter: 1
                                                               Buffers: shared hit=181377 read=12243
                                             ->  Hash  (cost=1.10..1.10 rows=3 width=4) (actual time=0.016..0.017 rows=3 loops=1)
                                                   Buckets: 1024  Batches: 1  Memory Usage: 9kB
                                                   Buffers: shared hit=1
                                                   ->  Seq Scan on kind_type kt  (cost=0.00..1.10 rows=3 width=4) (actual time=0.010..0.012 rows=3 loops=1)
                                                         Filter: ((kind)::text = ANY ('{episode,movie,"tv movie"}'::text[]))
                                                         Rows Removed by Filter: 4
                                                         Buffers: shared hit=1
                                       ->  Index Scan using movie_id_movie_info on movie_info mi1  (cost=0.43..42.79 rows=1 width=8) (actual time=0.084..0.090 rows=1 loops=14149)
                                             Index Cond: (movie_id = t.id)
                                             Filter: ((info_type_id = 8) AND ((info)::text = ANY ('{Denmark,India,Italy,Poland}'::text[])))
                                             Rows Removed by Filter: 12
                                             Buffers: shared hit=112429 read=29700
                                 ->  Seq Scan on info_type it1  (cost=0.00..2.41 rows=1 width=4) (actual time=0.010..0.018 rows=1 loops=13418)
                                       Filter: (id = 8)
                                       Rows Removed by Filter: 112
                                       Buffers: shared hit=13418
                           ->  Seq Scan on info_type it2  (cost=0.00..2.41 rows=1 width=4) (actual time=0.010..0.017 rows=1 loops=13418)
                                 Filter: (id = 4)
                                 Rows Removed by Filter: 112
                                 Buffers: shared hit=13418
                     ->  Index Scan using movie_id_cast_info on cast_info ci  (cost=0.44..43.99 rows=38 width=12) (actual time=0.032..0.191 rows=19 loops=13418)
                           Index Cond: (movie_id = t.id)
                           Buffers: shared hit=249296 read=46008
               ->  Hash  (cost=1.15..1.15 rows=1 width=4) (actual time=0.036..0.037 rows=1 loops=1)
                     Buckets: 1024  Batches: 1  Memory Usage: 9kB
                     Buffers: shared hit=1
                     ->  Seq Scan on role_type rt  (cost=0.00..1.15 rows=1 width=4) (actual time=0.027..0.028 rows=1 loops=1)
                           Filter: ((role)::text = 'miscellaneous crew'::text)
                           Rows Removed by Filter: 11
                           Buffers: shared hit=1
         ->  Index Scan using name_pkey on name n  (cost=0.43..2.32 rows=1 width=4) (actual time=0.035..0.035 rows=0 loops=11261)
               Index Cond: (id = ci.person_id)
               Filter: ((gender)::text = 'm'::text)
               Rows Removed by Filter: 1
               Buffers: shared hit=39727 read=5317
 Planning:
   Buffers: shared hit=530 read=44
 Planning Time: 13.853 ms
 Execution Time: 6846.217 ms
(78 rows)

