                                                                                               QUERY PLAN                                                                                               
--------------------------------------------------------------------------------------------------------------------------------------------------------------------------------------------------------
 Aggregate  (cost=383298.31..383298.32 rows=1 width=8) (actual time=4405.451..4405.457 rows=1 loops=1)
   Buffers: shared hit=434004 read=24763
   ->  Nested Loop  (cost=13060.05..383298.30 rows=1 width=0) (actual time=100.092..4403.328 rows=11627 loops=1)
         Buffers: shared hit=434004 read=24763
         ->  Hash Join  (cost=13059.62..383293.66 rows=2 width=4) (actual time=100.051..3942.033 rows=12538 loops=1)
               Hash Cond: (ci.role_id = rt.id)
               Buffers: shared hit=388056 read=20559
               ->  Nested Loop  (cost=13058.44..383292.44 rows=14 width=8) (actual time=99.923..3929.157 rows=56416 loops=1)
                     Buffers: shared hit=388055 read=20559
                     ->  Nested Loop  (cost=13058.00..383247.89 rows=1 width=12) (actual time=99.891..3356.123 rows=2249 loops=1)
                           Buffers: shared hit=330543 read=16057
                           ->  Nested Loop  (cost=13058.00..383245.46 rows=1 width=16) (actual time=99.885..3311.223 rows=2249 loops=1)
                                 Buffers: shared hit=328294 read=16057
                                 ->  Nested Loop  (cost=13058.00..383243.04 rows=1 width=20) (actual time=99.868..3262.881 rows=2249 loops=1)
                                       Buffers: shared hit=326045 read=16057
                                       ->  Hash Join  (cost=13057.57..374894.18 rows=195 width=12) (actual time=36.984..1652.241 rows=17656 loops=1)
                                             Hash Cond: (t.kind_id = kt.id)
                                             Buffers: shared hit=153094 read=6023
                                             ->  Nested Loop  (cost=13056.44..374891.13 rows=455 width=16) (actual time=36.866..1644.190 rows=17923 loops=1)
                                                   Buffers: shared hit=153093 read=6023
                                                   ->  Bitmap Heap Scan on movie_info mi2  (cost=13056.00..355209.16 rows=2514 width=8) (actual time=36.789..374.702 rows=37665 loops=1)
                                                         Recheck Cond: (info_type_id = 4)
                                                         Filter: ((info)::text = ANY ('{Italian,Mandarin}'::text[]))
                                                         Rows Removed by Filter: 1261324
                                                         Heap Blocks: exact=8393
                                                         Buffers: shared hit=5465 read=3947
                                                         ->  Bitmap Index Scan on info_type_id_movie_info  (cost=0.00..13055.37 rows=1221191 width=0) (actual time=34.798..34.799 rows=1298989 loops=1)
                                                               Index Cond: (info_type_id = 4)
                                                               Buffers: shared read=1019
                                                   ->  Memoize  (cost=0.44..7.84 rows=1 width=8) (actual time=0.033..0.033 rows=0 loops=37665)
                                                         Cache Key: mi2.movie_id
                                                         Cache Mode: logical
                                                         Hits: 239  Misses: 37426  Evictions: 0  Overflows: 0  Memory Usage: 3184kB
                                                         Buffers: shared hit=147628 read=2076
                                                         ->  Index Scan using title_pkey on title t  (cost=0.43..7.83 rows=1 width=8) (actual time=0.032..0.032 rows=0 loops=37426)
                                                               Index Cond: (id = mi2.movie_id)
                                                               Filter: ((production_year <= 1975) AND (1875 < production_year))
                                                               Rows Removed by Filter: 1
                                                               Buffers: shared hit=147628 read=2076
                                             ->  Hash  (cost=1.10..1.10 rows=3 width=4) (actual time=0.016..0.017 rows=3 loops=1)
                                                   Buckets: 1024  Batches: 1  Memory Usage: 9kB
                                                   Buffers: shared hit=1
                                                   ->  Seq Scan on kind_type kt  (cost=0.00..1.10 rows=3 width=4) (actual time=0.010..0.012 rows=3 loops=1)
                                                         Filter: ((kind)::text = ANY ('{episode,movie,"tv movie"}'::text[]))
                                                         Rows Removed by Filter: 4
                                                         Buffers: shared hit=1
                                       ->  Index Scan using movie_id_movie_info on movie_info mi1  (cost=0.43..42.80 rows=1 width=8) (actual time=0.090..0.091 rows=0 loops=17656)
                                             Index Cond: (movie_id = t.id)
                                             Filter: (((info)::text = ANY ('{France,"Hong Kong"}'::text[])) AND (info_type_id = 8))
                                             Rows Removed by Filter: 13
                                             Buffers: shared hit=172951 read=10034
                                 ->  Seq Scan on info_type it1  (cost=0.00..2.41 rows=1 width=4) (actual time=0.011..0.019 rows=1 loops=2249)
                                       Filter: (id = 8)
                                       Rows Removed by Filter: 112
                                       Buffers: shared hit=2249
                           ->  Seq Scan on info_type it2  (cost=0.00..2.41 rows=1 width=4) (actual time=0.009..0.018 rows=1 loops=2249)
                                 Filter: (id = 4)
                                 Rows Removed by Filter: 112
                                 Buffers: shared hit=2249
                     ->  Index Scan using movie_id_cast_info on cast_info ci  (cost=0.44..44.17 rows=38 width=12) (actual time=0.034..0.248 rows=25 loops=2249)
                           Index Cond: (movie_id = t.id)
                           Buffers: shared hit=57512 read=4502
               ->  Hash  (cost=1.15..1.15 rows=2 width=4) (actual time=0.038..0.039 rows=2 loops=1)
                     Buckets: 1024  Batches: 1  Memory Usage: 9kB
                     Buffers: shared hit=1
                     ->  Seq Scan on role_type rt  (cost=0.00..1.15 rows=2 width=4) (actual time=0.026..0.029 rows=2 loops=1)
                           Filter: ((role)::text = ANY ('{actress,composer}'::text[]))
                           Rows Removed by Filter: 10
                           Buffers: shared hit=1
         ->  Index Scan using name_pkey on name n  (cost=0.43..2.32 rows=1 width=4) (actual time=0.036..0.036 rows=1 loops=12538)
               Index Cond: (id = ci.person_id)
               Filter: ((gender)::text = ANY ('{f,m}'::text[]))
               Rows Removed by Filter: 0
               Buffers: shared hit=45948 read=4204
 Planning:
   Buffers: shared hit=521 read=53
 Planning Time: 12.730 ms
 Execution Time: 4406.439 ms
(78 rows)

