                                                                                               QUERY PLAN                                                                                               
--------------------------------------------------------------------------------------------------------------------------------------------------------------------------------------------------------
 Aggregate  (cost=451945.70..451945.71 rows=1 width=8) (actual time=4729.862..4729.870 rows=1 loops=1)
   Buffers: shared hit=428456 read=47309
   ->  Nested Loop  (cost=14217.53..451945.64 rows=23 width=0) (actual time=1561.018..4729.826 rows=60 loops=1)
         Buffers: shared hit=428456 read=47309
         ->  Hash Join  (cost=14217.10..451862.14 rows=36 width=4) (actual time=37.505..4714.934 rows=268 loops=1)
               Hash Cond: (ci.role_id = rt.id)
               Buffers: shared hit=427595 read=47098
               ->  Nested Loop  (cost=14215.93..451860.20 rows=215 width=8) (actual time=37.349..4708.453 rows=38092 loops=1)
                     Buffers: shared hit=427594 read=47098
                     ->  Nested Loop  (cost=14215.49..451191.88 rows=15 width=12) (actual time=37.316..4215.758 rows=3706 loops=1)
                           Buffers: shared hit=390530 read=35947
                           ->  Seq Scan on info_type it2  (cost=0.00..2.41 rows=1 width=4) (actual time=0.022..0.032 rows=1 loops=1)
                                 Filter: (id = 4)
                                 Rows Removed by Filter: 112
                                 Buffers: shared hit=1
                           ->  Nested Loop  (cost=14215.49..451189.32 rows=15 width=16) (actual time=37.292..4214.842 rows=3706 loops=1)
                                 Buffers: shared hit=390529 read=35947
                                 ->  Seq Scan on info_type it1  (cost=0.00..2.41 rows=1 width=4) (actual time=0.008..0.020 rows=1 loops=1)
                                       Filter: (id = 8)
                                       Rows Removed by Filter: 112
                                       Buffers: shared hit=1
                                 ->  Nested Loop  (cost=14215.49..451186.76 rows=15 width=20) (actual time=37.280..4213.865 rows=3706 loops=1)
                                       Buffers: shared hit=390528 read=35947
                                       ->  Hash Join  (cost=14215.05..425124.26 rows=608 width=12) (actual time=37.219..3276.616 rows=13256 loops=1)
                                             Hash Cond: (t.kind_id = kt.id)
                                             Buffers: shared hit=300855 read=26239
                                             ->  Nested Loop  (cost=14213.92..425117.15 rows=1419 width=16) (actual time=37.137..3269.964 rows=13661 loops=1)
                                                   Buffers: shared hit=300854 read=26239
                                                   ->  Bitmap Heap Scan on movie_info mi1  (cost=14213.48..371752.18 rows=7844 width=8) (actual time=37.058..510.899 rows=79859 loops=1)
                                                         Recheck Cond: (info_type_id = 8)
                                                         Filter: ((info)::text = ANY ('{Australia,India,Netherlands}'::text[]))
                                                         Rows Removed by Filter: 1245502
                                                         Heap Blocks: exact=7853
                                                         Buffers: shared hit=817 read=8076
                                                         ->  Bitmap Index Scan on info_type_id_movie_info  (cost=0.00..14211.52 rows=1329478 width=0) (actual time=36.067..36.067 rows=1325361 loops=1)
                                                               Index Cond: (info_type_id = 8)
                                                               Buffers: shared read=1040
                                                   ->  Memoize  (cost=0.44..6.86 rows=1 width=8) (actual time=0.034..0.034 rows=0 loops=79859)
                                                         Cache Key: mi1.movie_id
                                                         Cache Mode: logical
                                                         Hits: 309  Misses: 79550  Evictions: 0  Overflows: 0  Memory Usage: 5816kB
                                                         Buffers: shared hit=300037 read=18163
                                                         ->  Index Scan using title_pkey on title t  (cost=0.43..6.85 rows=1 width=8) (actual time=0.033..0.033 rows=0 loops=79550)
                                                               Index Cond: (id = mi1.movie_id)
                                                               Filter: ((production_year <= 1975) AND (1875 < production_year))
                                                               Rows Removed by Filter: 1
                                                               Buffers: shared hit=300037 read=18163
                                             ->  Hash  (cost=1.10..1.10 rows=3 width=4) (actual time=0.016..0.017 rows=3 loops=1)
                                                   Buckets: 1024  Batches: 1  Memory Usage: 9kB
                                                   Buffers: shared hit=1
                                                   ->  Seq Scan on kind_type kt  (cost=0.00..1.10 rows=3 width=4) (actual time=0.008..0.010 rows=3 loops=1)
                                                         Filter: ((kind)::text = ANY ('{episode,movie,"tv movie"}'::text[]))
                                                         Rows Removed by Filter: 4
                                                         Buffers: shared hit=1
                                       ->  Index Scan using movie_id_movie_info on movie_info mi2  (cost=0.43..42.86 rows=1 width=8) (actual time=0.059..0.070 rows=0 loops=13256)
                                             Index Cond: (movie_id = t.id)
                                             Filter: ((info_type_id = 4) AND ((info)::text = ANY ('{Dutch,English,Tamil}'::text[])))
                                             Rows Removed by Filter: 5
                                             Buffers: shared hit=89673 read=9708
                     ->  Index Scan using movie_id_cast_info on cast_info ci  (cost=0.44..44.17 rows=38 width=12) (actual time=0.038..0.130 rows=10 loops=3706)
                           Index Cond: (movie_id = t.id)
                           Buffers: shared hit=37064 read=11151
               ->  Hash  (cost=1.15..1.15 rows=2 width=4) (actual time=0.033..0.033 rows=2 loops=1)
                     Buckets: 1024  Batches: 1  Memory Usage: 9kB
                     Buffers: shared hit=1
                     ->  Seq Scan on role_type rt  (cost=0.00..1.15 rows=2 width=4) (actual time=0.025..0.027 rows=2 loops=1)
                           Filter: ((role)::text = ANY ('{"costume designer","production designer"}'::text[]))
                           Rows Removed by Filter: 10
                           Buffers: shared hit=1
         ->  Index Scan using name_pkey on name n  (cost=0.43..2.32 rows=1 width=4) (actual time=0.055..0.055 rows=0 loops=268)
               Index Cond: (id = ci.person_id)
               Filter: ((gender)::text = ANY ('{f,m}'::text[]))
               Rows Removed by Filter: 1
               Buffers: shared hit=861 read=211
 Planning:
   Buffers: shared hit=483 read=91
 Planning Time: 14.078 ms
 Execution Time: 4731.980 ms
(78 rows)

