                                                                                                   QUERY PLAN                                                                                                   
----------------------------------------------------------------------------------------------------------------------------------------------------------------------------------------------------------------
 Aggregate  (cost=976802.69..976802.70 rows=1 width=8) (actual time=51478.544..51478.553 rows=1 loops=1)
   Buffers: shared hit=4722779 read=583125, temp read=9432 written=9391
   ->  Nested Loop  (cost=888761.65..976801.15 rows=617 width=0) (actual time=1027.143..51465.793 rows=54547 loops=1)
         Buffers: shared hit=4722779 read=583125, temp read=9432 written=9391
         ->  Seq Scan on info_type it2  (cost=0.00..2.41 rows=1 width=4) (actual time=0.042..0.053 rows=1 loops=1)
               Filter: (id = 4)
               Rows Removed by Filter: 112
               Buffers: shared hit=1
         ->  Nested Loop  (cost=888761.65..976792.57 rows=617 width=4) (actual time=1027.099..51453.665 rows=54547 loops=1)
               Buffers: shared hit=4722778 read=583125, temp read=9432 written=9391
               ->  Seq Scan on info_type it1  (cost=0.00..2.41 rows=1 width=4) (actual time=0.009..0.021 rows=1 loops=1)
                     Filter: (id = 8)
                     Rows Removed by Filter: 112
                     Buffers: shared hit=1
               ->  Nested Loop  (cost=888761.65..976783.99 rows=617 width=8) (actual time=1027.089..51440.376 rows=54547 loops=1)
                     Buffers: shared hit=4722777 read=583125, temp read=9432 written=9391
                     ->  Hash Join  (cost=888761.22..974587.40 rows=947 width=12) (actual time=1026.639..42471.625 rows=246888 loops=1)
                           Hash Cond: (ci.role_id = rt.id)
                           Buffers: shared hit=3814613 read=503737, temp read=9432 written=9391
                           ->  Nested Loop  (cost=888760.06..974545.86 rows=11367 width=16) (actual time=1026.487..42121.527 rows=1583458 loops=1)
                                 Buffers: shared hit=3814612 read=503737, temp read=9432 written=9391
                                 ->  Nested Loop  (cost=888759.62..939923.74 rows=793 width=20) (actual time=1026.461..23963.783 rows=82670 loops=1)
                                       Buffers: shared hit=2498044 read=44157, temp read=9432 written=9391
                                       ->  Nested Loop  (cost=888759.48..939878.41 rows=1850 width=24) (actual time=1026.443..23562.801 rows=583633 loops=1)
                                             Join Filter: (t.id = mi1.movie_id)
                                             Buffers: shared hit=2498032 read=44157, temp read=9432 written=9391
                                             ->  Merge Join  (cost=888759.05..889615.08 rows=14597 width=16) (actual time=1026.393..1831.865 rows=630971 loops=1)
                                                   Merge Cond: (mi1.movie_id = mi2.movie_id)
                                                   Buffers: shared hit=13154 read=5151, temp read=9432 written=9391
                                                   ->  Sort  (cost=392113.71..392278.91 rows=66080 width=8) (actual time=428.838..564.285 rows=740668 loops=1)
                                                         Sort Key: mi1.movie_id
                                                         Sort Method: external sort  Disk: 16008kB
                                                         Buffers: shared hit=8893, temp read=3994 written=4004
                                                         ->  Bitmap Heap Scan on movie_info mi1  (cost=14228.07..386823.37 rows=66080 width=8) (actual time=35.335..248.596 rows=740668 loops=1)
                                                               Recheck Cond: (info_type_id = 8)
                                                               Filter: ((info)::text = ANY ('{Chile,"Czech Republic",Germany,"Hong Kong",Hungary,India,Italy,Poland,Romania,Russia,Spain,Turkey,USA}'::text[]))
                                                               Rows Removed by Filter: 584693
                                                               Heap Blocks: exact=7853
                                                               Buffers: shared hit=8893
                                                               ->  Bitmap Index Scan on info_type_id_movie_info  (cost=0.00..14211.52 rows=1329478 width=0) (actual time=34.362..34.362 rows=1325361 loops=1)
                                                                     Index Cond: (info_type_id = 8)
                                                                     Buffers: shared hit=1040
                                                   ->  Sort  (cost=496645.34..496835.17 rows=75932 width=8) (actual time=597.546..800.483 rows=1009462 loops=1)
                                                         Sort Key: mi2.movie_id
                                                         Sort Method: external sort  Disk: 21536kB
                                                         Buffers: shared hit=4261 read=5151, temp read=5406 written=5387
                                                         ->  Bitmap Heap Scan on movie_info mi2  (cost=13074.35..490490.13 rows=75932 width=8) (actual time=30.824..355.279 rows=996632 loops=1)
                                                               Recheck Cond: (info_type_id = 4)
                                                               Filter: ((info)::text = ANY ('{Cantonese,Czech,English,French,Hungarian,Italian,Polish,Romanian,Russian,Spanish,Turkish}'::text[]))
                                                               Rows Removed by Filter: 302357
                                                               Heap Blocks: exact=8393
                                                               Buffers: shared hit=4261 read=5151
                                                               ->  Bitmap Index Scan on info_type_id_movie_info  (cost=0.00..13055.37 rows=1221191 width=0) (actual time=29.786..29.786 rows=1298989 loops=1)
                                                                     Index Cond: (info_type_id = 4)
                                                                     Buffers: shared hit=1 read=1018
                                             ->  Index Scan using title_pkey on title t  (cost=0.43..3.43 rows=1 width=8) (actual time=0.034..0.034 rows=1 loops=630971)
                                                   Index Cond: (id = mi2.movie_id)
                                                   Filter: ((production_year <= 2015) AND (1925 < production_year))
                                                   Rows Removed by Filter: 0
                                                   Buffers: shared hit=2484878 read=39006
                                       ->  Memoize  (cost=0.14..0.16 rows=1 width=4) (actual time=0.000..0.000 rows=0 loops=583633)
                                             Cache Key: t.kind_id
                                             Cache Mode: logical
                                             Hits: 583627  Misses: 6  Evictions: 0  Overflows: 0  Memory Usage: 1kB
                                             Buffers: shared hit=12
                                             ->  Index Scan using kind_type_pkey on kind_type kt  (cost=0.13..0.15 rows=1 width=4) (actual time=0.011..0.011 rows=0 loops=6)
                                                   Index Cond: (id = t.kind_id)
                                                   Filter: ((kind)::text = ANY ('{"tv movie","tv series","video game"}'::text[]))
                                                   Rows Removed by Filter: 0
                                                   Buffers: shared hit=12
                                 ->  Index Scan using movie_id_cast_info on cast_info ci  (cost=0.44..43.28 rows=38 width=12) (actual time=0.036..0.214 rows=19 loops=82670)
                                       Index Cond: (movie_id = t.id)
                                       Buffers: shared hit=1316568 read=459580
                           ->  Hash  (cost=1.15..1.15 rows=1 width=4) (actual time=0.016..0.017 rows=1 loops=1)
                                 Buckets: 1024  Batches: 1  Memory Usage: 9kB
                                 Buffers: shared hit=1
                                 ->  Seq Scan on role_type rt  (cost=0.00..1.15 rows=1 width=4) (actual time=0.010..0.011 rows=1 loops=1)
                                       Filter: ((role)::text = 'miscellaneous crew'::text)
                                       Rows Removed by Filter: 11
                                       Buffers: shared hit=1
                     ->  Index Scan using name_pkey on name n  (cost=0.43..2.32 rows=1 width=4) (actual time=0.036..0.036 rows=0 loops=246888)
                           Index Cond: (id = ci.person_id)
                           Filter: ((gender)::text = ANY ('{f,m}'::text[]))
                           Rows Removed by Filter: 1
                           Buffers: shared hit=908164 read=79388
 Planning:
   Buffers: shared hit=576 read=1
 Planning Time: 14.206 ms
 Execution Time: 51490.020 ms
(89 rows)

