                                                                                                  QUERY PLAN                                                                                                  
--------------------------------------------------------------------------------------------------------------------------------------------------------------------------------------------------------------
 Aggregate  (cost=804727.55..804727.56 rows=1 width=8) (actual time=117162.965..117162.974 rows=1 loops=1)
   Buffers: shared hit=11667227 read=523972, temp read=7670 written=7663
   ->  Nested Loop  (cost=751567.98..804726.76 rows=318 width=0) (actual time=903.825..116966.057 rows=1261017 loops=1)
         Buffers: shared hit=11667227 read=523972, temp read=7670 written=7663
         ->  Seq Scan on info_type it2  (cost=0.00..2.41 rows=1 width=4) (actual time=0.048..0.059 rows=1 loops=1)
               Filter: (id = 4)
               Rows Removed by Filter: 112
               Buffers: shared hit=1
         ->  Nested Loop  (cost=751567.98..804721.16 rows=318 width=4) (actual time=903.775..116723.349 rows=1261017 loops=1)
               Buffers: shared hit=11667226 read=523972, temp read=7670 written=7663
               ->  Seq Scan on info_type it1  (cost=0.00..2.41 rows=1 width=4) (actual time=0.010..0.023 rows=1 loops=1)
                     Filter: (id = 8)
                     Rows Removed by Filter: 112
                     Buffers: shared hit=1
               ->  Nested Loop  (cost=751567.98..804715.57 rows=318 width=8) (actual time=903.764..116469.143 rows=1261017 loops=1)
                     Buffers: shared hit=11667225 read=523972, temp read=7670 written=7663
                     ->  Hash Join  (cost=751567.55..802959.69 rows=757 width=12) (actual time=903.718..68917.669 rows=1299481 loops=1)
                           Hash Cond: (ci.role_id = rt.id)
                           Buffers: shared hit=6531232 read=462041, temp read=7670 written=7663
                           ->  Nested Loop  (cost=751566.38..802942.38 rows=4544 width=16) (actual time=903.667..67862.134 rows=4413322 loops=1)
                                 Buffers: shared hit=6531231 read=462041, temp read=7670 written=7663
                                 ->  Nested Loop  (cost=751565.94..789090.20 rows=317 width=20) (actual time=903.643..20461.280 rows=200444 loops=1)
                                       Buffers: shared hit=2026199 read=61750, temp read=7670 written=7663
                                       ->  Nested Loop  (cost=751565.79..789062.19 rows=1110 width=24) (actual time=903.541..20133.859 rows=411683 loops=1)
                                             Join Filter: (t.id = mi1.movie_id)
                                             Buffers: shared hit=2026189 read=61748, temp read=7670 written=7663
                                             ->  Merge Join  (cost=751565.36..752269.27 rows=10302 width=16) (actual time=903.491..1615.969 rows=517408 loops=1)
                                                   Merge Cond: (mi1.movie_id = mi2.movie_id)
                                                   Buffers: shared hit=3 read=18302, temp read=7670 written=7663
                                                   ->  Sort  (cost=375815.08..375944.46 rows=51751 width=8) (actual time=426.159..531.727 rows=558791 loops=1)
                                                         Sort Key: mi1.movie_id
                                                         Sort Method: external sort  Disk: 12072kB
                                                         Buffers: shared hit=1 read=8892, temp read=3013 written=3020
                                                         ->  Bitmap Heap Scan on movie_info mi1  (cost=14224.46..371763.16 rows=51751 width=8) (actual time=38.267..288.102 rows=558791 loops=1)
                                                               Recheck Cond: (info_type_id = 8)
                                                               Filter: ((info)::text = ANY ('{Brazil,Nigeria,USA}'::text[]))
                                                               Rows Removed by Filter: 766570
                                                               Heap Blocks: exact=7853
                                                               Buffers: shared hit=1 read=8892
                                                               ->  Bitmap Index Scan on info_type_id_movie_info  (cost=0.00..14211.52 rows=1329478 width=0) (actual time=37.285..37.285 rows=1325361 loops=1)
                                                                     Index Cond: (info_type_id = 8)
                                                                     Buffers: shared read=1040
                                                   ->  Sort  (cost=375750.28..375921.35 rows=68427 width=8) (actual time=477.323..670.985 rows=862419 loops=1)
                                                         Sort Key: mi2.movie_id
                                                         Sort Method: external sort  Disk: 18560kB
                                                         Buffers: shared hit=2 read=9410, temp read=4644 written=4643
                                                         ->  Bitmap Heap Scan on movie_info mi2  (cost=13072.47..370254.81 rows=68427 width=8) (actual time=30.867..269.852 rows=858659 loops=1)
                                                               Recheck Cond: (info_type_id = 4)
                                                               Filter: ((info)::text = ANY ('{English,French,Portuguese}'::text[]))
                                                               Rows Removed by Filter: 440330
                                                               Heap Blocks: exact=8393
                                                               Buffers: shared hit=2 read=9410
                                                               ->  Bitmap Index Scan on info_type_id_movie_info  (cost=0.00..13055.37 rows=1221191 width=0) (actual time=29.820..29.821 rows=1298989 loops=1)
                                                                     Index Cond: (info_type_id = 4)
                                                                     Buffers: shared hit=1 read=1018
                                             ->  Index Scan using title_pkey on title t  (cost=0.43..3.56 rows=1 width=8) (actual time=0.035..0.035 rows=1 loops=517408)
                                                   Index Cond: (id = mi2.movie_id)
                                                   Filter: ((production_year <= 2015) AND (1975 < production_year))
                                                   Rows Removed by Filter: 0
                                                   Buffers: shared hit=2026186 read=43446
                                       ->  Memoize  (cost=0.14..0.16 rows=1 width=4) (actual time=0.000..0.000 rows=0 loops=411683)
                                             Cache Key: t.kind_id
                                             Cache Mode: logical
                                             Hits: 411677  Misses: 6  Evictions: 0  Overflows: 0  Memory Usage: 1kB
                                             Buffers: shared hit=10 read=2
                                             ->  Index Scan using kind_type_pkey on kind_type kt  (cost=0.13..0.15 rows=1 width=4) (actual time=0.013..0.013 rows=0 loops=6)
                                                   Index Cond: (id = t.kind_id)
                                                   Filter: ((kind)::text = ANY ('{episode,"video movie"}'::text[]))
                                                   Rows Removed by Filter: 1
                                                   Buffers: shared hit=10 read=2
                                 ->  Index Scan using movie_id_cast_info on cast_info ci  (cost=0.44..43.32 rows=38 width=12) (actual time=0.038..0.230 rows=22 loops=200444)
                                       Index Cond: (movie_id = t.id)
                                       Buffers: shared hit=4505032 read=400291
                           ->  Hash  (cost=1.15..1.15 rows=2 width=4) (actual time=0.024..0.025 rows=2 loops=1)
                                 Buckets: 1024  Batches: 1  Memory Usage: 9kB
                                 Buffers: shared hit=1
                                 ->  Seq Scan on role_type rt  (cost=0.00..1.15 rows=2 width=4) (actual time=0.011..0.014 rows=2 loops=1)
                                       Filter: ((role)::text = ANY ('{actor,composer}'::text[]))
                                       Rows Removed by Filter: 10
                                       Buffers: shared hit=1
                     ->  Index Scan using name_pkey on name n  (cost=0.43..2.32 rows=1 width=4) (actual time=0.036..0.036 rows=1 loops=1299481)
                           Index Cond: (id = ci.person_id)
                           Filter: ((gender)::text = 'm'::text)
                           Rows Removed by Filter: 0
                           Buffers: shared hit=5135993 read=61931
 Planning:
   Buffers: shared hit=485 read=89
 Planning Time: 14.324 ms
 Execution Time: 117172.885 ms
(89 rows)

