                                                                                               QUERY PLAN                                                                                               
--------------------------------------------------------------------------------------------------------------------------------------------------------------------------------------------------------
 Aggregate  (cost=498719.76..498719.77 rows=1 width=8) (actual time=4380.910..4380.915 rows=1 loops=1)
   Buffers: shared hit=387542 read=62887
   ->  Nested Loop  (cost=13060.11..498719.75 rows=3 width=0) (actual time=58.598..4380.687 rows=493 loops=1)
         Buffers: shared hit=387542 read=62887
         ->  Hash Join  (cost=13059.68..498708.15 rows=5 width=4) (actual time=38.449..4286.182 rows=2674 loops=1)
               Hash Cond: (ci.role_id = rt.id)
               Buffers: shared hit=378483 read=61250
               ->  Nested Loop  (cost=13058.51..498706.88 rows=29 width=8) (actual time=38.361..4272.292 rows=98448 loops=1)
                     Buffers: shared hit=378482 read=61250
                     ->  Nested Loop  (cost=13058.07..498619.56 rows=2 width=12) (actual time=38.320..3222.711 rows=6132 loops=1)
                           Buffers: shared hit=291680 read=33807
                           ->  Seq Scan on info_type it2  (cost=0.00..2.41 rows=1 width=4) (actual time=0.032..0.040 rows=1 loops=1)
                                 Filter: (id = 4)
                                 Rows Removed by Filter: 112
                                 Buffers: shared hit=1
                           ->  Nested Loop  (cost=13058.07..498617.13 rows=2 width=16) (actual time=38.286..3221.420 rows=6132 loops=1)
                                 Buffers: shared hit=291679 read=33807
                                 ->  Seq Scan on info_type it1  (cost=0.00..2.41 rows=1 width=4) (actual time=0.009..0.018 rows=1 loops=1)
                                       Filter: (id = 8)
                                       Rows Removed by Filter: 112
                                       Buffers: shared hit=1
                                 ->  Nested Loop  (cost=13058.07..498614.69 rows=2 width=20) (actual time=38.274..3220.104 rows=6132 loops=1)
                                       Buffers: shared hit=291678 read=33807
                                       ->  Hash Join  (cost=13057.63..451831.73 rows=1103 width=12) (actual time=38.109..2521.101 rows=9003 loops=1)
                                             Hash Cond: (t.kind_id = kt.id)
                                             Buffers: shared hit=228548 read=17581
                                             ->  Nested Loop  (cost=13056.50..451819.74 rows=2574 width=16) (actual time=38.062..2508.735 rows=57966 loops=1)
                                                   Buffers: shared hit=228547 read=17581
                                                   ->  Bitmap Heap Scan on movie_info mi2  (cost=13056.06..430355.12 rows=2761 width=8) (actual time=38.009..592.064 rows=59487 loops=1)
                                                         Recheck Cond: (info_type_id = 4)
                                                         Filter: ((info)::text = ANY ('{Bengali,Czech,Filipino,Portuguese,Swedish,Telugu,Turkish}'::text[]))
                                                         Rows Removed by Filter: 1239502
                                                         Heap Blocks: exact=8393
                                                         Buffers: shared hit=4072 read=5340
                                                         ->  Bitmap Index Scan on info_type_id_movie_info  (cost=0.00..13055.37 rows=1221191 width=0) (actual time=35.485..35.485 rows=1298989 loops=1)
                                                               Index Cond: (info_type_id = 4)
                                                               Buffers: shared read=1019
                                                   ->  Memoize  (cost=0.44..7.79 rows=1 width=8) (actual time=0.032..0.032 rows=1 loops=59487)
                                                         Cache Key: mi2.movie_id
                                                         Cache Mode: logical
                                                         Hits: 308  Misses: 59179  Evictions: 0  Overflows: 0  Memory Usage: 6183kB
                                                         Buffers: shared hit=224475 read=12241
                                                         ->  Index Scan using title_pkey on title t  (cost=0.43..7.78 rows=1 width=8) (actual time=0.031..0.031 rows=1 loops=59179)
                                                               Index Cond: (id = mi2.movie_id)
                                                               Filter: ((production_year <= 2015) AND (1925 < production_year))
                                                               Rows Removed by Filter: 0
                                                               Buffers: shared hit=224475 read=12241
                                             ->  Hash  (cost=1.10..1.10 rows=3 width=4) (actual time=0.021..0.022 rows=3 loops=1)
                                                   Buckets: 1024  Batches: 1  Memory Usage: 9kB
                                                   Buffers: shared hit=1
                                                   ->  Seq Scan on kind_type kt  (cost=0.00..1.10 rows=3 width=4) (actual time=0.012..0.014 rows=3 loops=1)
                                                         Filter: ((kind)::text = ANY ('{"tv movie","tv series","video game"}'::text[]))
                                                         Rows Removed by Filter: 4
                                                         Buffers: shared hit=1
                                       ->  Index Scan using movie_id_movie_info on movie_info mi1  (cost=0.43..42.40 rows=1 width=8) (actual time=0.070..0.077 rows=1 loops=9003)
                                             Index Cond: (movie_id = t.id)
                                             Filter: ((info_type_id = 8) AND ((info)::text = ANY ('{"Czech Republic",India,Philippines,Portugal,Sweden,Turkey}'::text[])))
                                             Rows Removed by Filter: 7
                                             Buffers: shared hit=63130 read=16226
                     ->  Index Scan using movie_id_cast_info on cast_info ci  (cost=0.44..43.28 rows=38 width=12) (actual time=0.035..0.167 rows=16 loops=6132)
                           Index Cond: (movie_id = t.id)
                           Buffers: shared hit=86802 read=27443
               ->  Hash  (cost=1.15..1.15 rows=2 width=4) (actual time=0.036..0.037 rows=2 loops=1)
                     Buckets: 1024  Batches: 1  Memory Usage: 9kB
                     Buffers: shared hit=1
                     ->  Seq Scan on role_type rt  (cost=0.00..1.15 rows=2 width=4) (actual time=0.028..0.030 rows=2 loops=1)
                           Filter: ((role)::text = ANY ('{"costume designer",editor}'::text[]))
                           Rows Removed by Filter: 10
                           Buffers: shared hit=1
         ->  Index Scan using name_pkey on name n  (cost=0.43..2.32 rows=1 width=4) (actual time=0.035..0.035 rows=0 loops=2674)
               Index Cond: (id = ci.person_id)
               Filter: ((gender)::text = ANY ('{f,m}'::text[]))
               Rows Removed by Filter: 1
               Buffers: shared hit=9059 read=1637
 Planning:
   Buffers: shared hit=498 read=76
 Planning Time: 13.510 ms
 Execution Time: 4382.538 ms
(78 rows)

