                                                                                               QUERY PLAN                                                                                               
--------------------------------------------------------------------------------------------------------------------------------------------------------------------------------------------------------
 Aggregate  (cost=436019.56..436019.57 rows=1 width=8) (actual time=2673.268..2673.278 rows=1 loops=1)
   Buffers: shared hit=261012 read=12738
   ->  Nested Loop  (cost=14216.71..436019.55 rows=1 width=0) (actual time=43.750..2673.240 rows=84 loops=1)
         Buffers: shared hit=261012 read=12738
         ->  Hash Join  (cost=14216.28..436017.23 rows=1 width=4) (actual time=43.713..2668.696 rows=172 loops=1)
               Hash Cond: (ci.role_id = rt.id)
               Buffers: shared hit=260554 read=12508
               ->  Nested Loop  (cost=14215.12..436016.02 rows=14 width=8) (actual time=38.247..2668.235 rows=2699 loops=1)
                     Buffers: shared hit=260553 read=12508
                     ->  Nested Loop  (cost=14214.68..435971.47 rows=1 width=12) (actual time=38.213..2635.002 rows=302 loops=1)
                           Buffers: shared hit=258273 read=11274
                           ->  Nested Loop  (cost=14214.68..435969.05 rows=1 width=16) (actual time=38.207..2630.936 rows=302 loops=1)
                                 Buffers: shared hit=257971 read=11274
                                 ->  Nested Loop  (cost=14214.68..435966.63 rows=1 width=20) (actual time=38.186..2625.010 rows=302 loops=1)
                                       Buffers: shared hit=257669 read=11274
                                       ->  Hash Join  (cost=14214.24..420688.11 rows=356 width=12) (actual time=38.142..2583.515 rows=615 loops=1)
                                             Hash Cond: (t.kind_id = kt.id)
                                             Buffers: shared hit=253149 read=10637
                                             ->  Nested Loop  (cost=14213.11..420683.47 rows=830 width=16) (actual time=38.103..2578.095 rows=24278 loops=1)
                                                   Buffers: shared hit=253148 read=10637
                                                   ->  Bitmap Heap Scan on movie_info mi1  (cost=14212.67..386807.96 rows=4588 width=8) (actual time=37.986..481.564 rows=64482 loops=1)
                                                         Recheck Cond: (info_type_id = 8)
                                                         Filter: ((info)::text = ANY ('{Hungary,Italy,Netherlands,Sweden}'::text[]))
                                                         Rows Removed by Filter: 1260879
                                                         Heap Blocks: exact=7853
                                                         Buffers: shared hit=2678 read=6215
                                                         ->  Bitmap Index Scan on info_type_id_movie_info  (cost=0.00..14211.52 rows=1329478 width=0) (actual time=37.005..37.005 rows=1325361 loops=1)
                                                               Index Cond: (info_type_id = 8)
                                                               Buffers: shared hit=1 read=1039
                                                   ->  Memoize  (cost=0.44..7.41 rows=1 width=8) (actual time=0.032..0.032 rows=0 loops=64482)
                                                         Cache Key: mi1.movie_id
                                                         Cache Mode: logical
                                                         Hits: 759  Misses: 63723  Evictions: 0  Overflows: 0  Memory Usage: 5171kB
                                                         Buffers: shared hit=250470 read=4422
                                                         ->  Index Scan using title_pkey on title t  (cost=0.43..7.40 rows=1 width=8) (actual time=0.032..0.032 rows=0 loops=63723)
                                                               Index Cond: (id = mi1.movie_id)
                                                               Filter: ((production_year <= 1975) AND (1875 < production_year))
                                                               Rows Removed by Filter: 1
                                                               Buffers: shared hit=250470 read=4422
                                             ->  Hash  (cost=1.10..1.10 rows=3 width=4) (actual time=0.015..0.016 rows=3 loops=1)
                                                   Buckets: 1024  Batches: 1  Memory Usage: 9kB
                                                   Buffers: shared hit=1
                                                   ->  Seq Scan on kind_type kt  (cost=0.00..1.10 rows=3 width=4) (actual time=0.009..0.011 rows=3 loops=1)
                                                         Filter: ((kind)::text = ANY ('{"tv series","video game","video movie"}'::text[]))
                                                         Rows Removed by Filter: 4
                                                         Buffers: shared hit=1
                                       ->  Index Scan using movie_id_movie_info on movie_info mi2  (cost=0.43..42.91 rows=1 width=8) (actual time=0.060..0.067 rows=0 loops=615)
                                             Index Cond: (movie_id = t.id)
                                             Filter: ((info_type_id = 4) AND ((info)::text = ANY ('{Dutch,French,Hungarian,Swedish}'::text[])))
                                             Rows Removed by Filter: 8
                                             Buffers: shared hit=4520 read=637
                                 ->  Seq Scan on info_type it1  (cost=0.00..2.41 rows=1 width=4) (actual time=0.013..0.018 rows=1 loops=302)
                                       Filter: (id = 8)
                                       Rows Removed by Filter: 112
                                       Buffers: shared hit=302
                           ->  Seq Scan on info_type it2  (cost=0.00..2.41 rows=1 width=4) (actual time=0.006..0.012 rows=1 loops=302)
                                 Filter: (id = 4)
                                 Rows Removed by Filter: 112
                                 Buffers: shared hit=302
                     ->  Index Scan using movie_id_cast_info on cast_info ci  (cost=0.44..44.17 rows=38 width=12) (actual time=0.033..0.108 rows=9 loops=302)
                           Index Cond: (movie_id = t.id)
                           Buffers: shared hit=2280 read=1234
               ->  Hash  (cost=1.15..1.15 rows=1 width=4) (actual time=0.035..0.036 rows=1 loops=1)
                     Buckets: 1024  Batches: 1  Memory Usage: 9kB
                     Buffers: shared hit=1
                     ->  Seq Scan on role_type rt  (cost=0.00..1.15 rows=1 width=4) (actual time=0.026..0.027 rows=1 loops=1)
                           Filter: ((role)::text = 'director'::text)
                           Rows Removed by Filter: 11
                           Buffers: shared hit=1
         ->  Index Scan using name_pkey on name n  (cost=0.43..2.32 rows=1 width=4) (actual time=0.026..0.026 rows=0 loops=172)
               Index Cond: (id = ci.person_id)
               Filter: ((gender)::text = 'm'::text)
               Rows Removed by Filter: 1
               Buffers: shared hit=458 read=230
 Planning:
   Buffers: shared hit=574
 Planning Time: 13.659 ms
 Execution Time: 2675.180 ms
(78 rows)

