                                                                                               QUERY PLAN                                                                                               
--------------------------------------------------------------------------------------------------------------------------------------------------------------------------------------------------------
 Aggregate  (cost=356045.03..356045.04 rows=1 width=8) (actual time=319.760..319.766 rows=1 loops=1)
   Buffers: shared hit=22921 read=1451
   ->  Nested Loop  (cost=13059.43..356045.02 rows=1 width=0) (actual time=315.456..319.760 rows=2 loops=1)
         Buffers: shared hit=22921 read=1451
         ->  Hash Join  (cost=13059.00..356040.39 rows=2 width=4) (actual time=46.004..319.563 rows=8 loops=1)
               Hash Cond: (ci.role_id = rt.id)
               Buffers: shared hit=22901 read=1439
               ->  Nested Loop  (cost=13057.82..356039.16 rows=14 width=8) (actual time=45.896..319.499 rows=31 loops=1)
                     Buffers: shared hit=22900 read=1439
                     ->  Nested Loop  (cost=13057.38..355994.79 rows=1 width=12) (actual time=45.854..319.102 rows=7 loops=1)
                           Buffers: shared hit=22873 read=1414
                           ->  Nested Loop  (cost=13057.38..355992.37 rows=1 width=16) (actual time=45.849..319.039 rows=7 loops=1)
                                 Buffers: shared hit=22866 read=1414
                                 ->  Nested Loop  (cost=13057.38..355989.94 rows=1 width=20) (actual time=45.828..318.952 rows=7 loops=1)
                                       Buffers: shared hit=22859 read=1414
                                       ->  Hash Join  (cost=13056.95..355733.79 rows=6 width=12) (actual time=45.764..318.369 rows=8 loops=1)
                                             Hash Cond: (t.kind_id = kt.id)
                                             Buffers: shared hit=22769 read=1404
                                             ->  Nested Loop  (cost=13055.81..355732.60 rows=13 width=16) (actual time=45.729..318.154 rows=1586 loops=1)
                                                   Buffers: shared hit=22768 read=1404
                                                   ->  Bitmap Heap Scan on movie_info mi2  (cost=13055.38..355208.54 rows=62 width=8) (actual time=39.046..241.498 rows=3690 loops=1)
                                                         Recheck Cond: (info_type_id = 4)
                                                         Filter: ((info)::text = ANY ('{Bengali,Indonesian}'::text[]))
                                                         Rows Removed by Filter: 1295299
                                                         Heap Blocks: exact=8393
                                                         Buffers: shared hit=8043 read=1369
                                                         ->  Bitmap Index Scan on info_type_id_movie_info  (cost=0.00..13055.37 rows=1221191 width=0) (actual time=36.531..36.532 rows=1298989 loops=1)
                                                               Index Cond: (info_type_id = 4)
                                                               Buffers: shared hit=1 read=1018
                                                   ->  Index Scan using title_pkey on title t  (cost=0.43..8.45 rows=1 width=8) (actual time=0.021..0.021 rows=0 loops=3690)
                                                         Index Cond: (id = mi2.movie_id)
                                                         Filter: ((production_year <= 1990) AND (1950 < production_year))
                                                         Rows Removed by Filter: 1
                                                         Buffers: shared hit=14725 read=35
                                             ->  Hash  (cost=1.10..1.10 rows=3 width=4) (actual time=0.015..0.016 rows=3 loops=1)
                                                   Buckets: 1024  Batches: 1  Memory Usage: 9kB
                                                   Buffers: shared hit=1
                                                   ->  Seq Scan on kind_type kt  (cost=0.00..1.10 rows=3 width=4) (actual time=0.008..0.010 rows=3 loops=1)
                                                         Filter: ((kind)::text = ANY ('{"tv series","video game","video movie"}'::text[]))
                                                         Rows Removed by Filter: 4
                                                         Buffers: shared hit=1
                                       ->  Index Scan using movie_id_movie_info on movie_info mi1  (cost=0.43..42.68 rows=1 width=8) (actual time=0.066..0.072 rows=1 loops=8)
                                             Index Cond: (movie_id = t.id)
                                             Filter: (((info)::text = ANY ('{India,Indonesia}'::text[])) AND (info_type_id = 8))
                                             Rows Removed by Filter: 58
                                             Buffers: shared hit=90 read=10
                                 ->  Seq Scan on info_type it1  (cost=0.00..2.41 rows=1 width=4) (actual time=0.007..0.011 rows=1 loops=7)
                                       Filter: (id = 8)
                                       Rows Removed by Filter: 112
                                       Buffers: shared hit=7
                           ->  Seq Scan on info_type it2  (cost=0.00..2.41 rows=1 width=4) (actual time=0.004..0.008 rows=1 loops=7)
                                 Filter: (id = 4)
                                 Rows Removed by Filter: 112
                                 Buffers: shared hit=7
                     ->  Index Scan using movie_id_cast_info on cast_info ci  (cost=0.44..43.99 rows=38 width=12) (actual time=0.026..0.055 rows=4 loops=7)
                           Index Cond: (movie_id = t.id)
                           Buffers: shared hit=27 read=25
               ->  Hash  (cost=1.15..1.15 rows=2 width=4) (actual time=0.034..0.034 rows=2 loops=1)
                     Buckets: 1024  Batches: 1  Memory Usage: 9kB
                     Buffers: shared hit=1
                     ->  Seq Scan on role_type rt  (cost=0.00..1.15 rows=2 width=4) (actual time=0.024..0.026 rows=2 loops=1)
                           Filter: ((role)::text = ANY ('{"costume designer",director}'::text[]))
                           Rows Removed by Filter: 10
                           Buffers: shared hit=1
         ->  Index Scan using name_pkey on name n  (cost=0.43..2.32 rows=1 width=4) (actual time=0.024..0.024 rows=0 loops=8)
               Index Cond: (id = ci.person_id)
               Filter: ((gender)::text = ANY ('{f,m}'::text[]))
               Rows Removed by Filter: 1
               Buffers: shared hit=20 read=12
 Planning:
   Buffers: shared hit=574
 Planning Time: 13.409 ms
 Execution Time: 320.200 ms
(73 rows)

