                                                                                               QUERY PLAN                                                                                               
--------------------------------------------------------------------------------------------------------------------------------------------------------------------------------------------------------
 Aggregate  (cost=368965.78..368965.79 rows=1 width=8) (actual time=2650.504..2650.510 rows=1 loops=1)
   Buffers: shared hit=244553 read=29266
   ->  Nested Loop  (cost=13059.68..368965.78 rows=1 width=0) (actual time=302.662..2650.451 rows=87 loops=1)
         Buffers: shared hit=244553 read=29266
         ->  Hash Join  (cost=13059.25..368963.46 rows=1 width=4) (actual time=283.928..2560.598 rows=2407 loops=1)
               Hash Cond: (ci.role_id = rt.id)
               Buffers: shared hit=235758 read=28433
               ->  Nested Loop  (cost=13058.09..368962.25 rows=14 width=8) (actual time=139.502..2551.975 rows=55477 loops=1)
                     Buffers: shared hit=235757 read=28433
                     ->  Nested Loop  (cost=13057.65..368917.87 rows=1 width=12) (actual time=139.455..1980.945 rows=3437 loops=1)
                           Buffers: shared hit=178213 read=21010
                           ->  Nested Loop  (cost=13057.65..368915.45 rows=1 width=16) (actual time=139.449..1921.565 rows=3437 loops=1)
                                 Buffers: shared hit=174776 read=21010
                                 ->  Nested Loop  (cost=13057.65..368913.03 rows=1 width=20) (actual time=139.424..1862.844 rows=3437 loops=1)
                                       Buffers: shared hit=171339 read=21010
                                       ->  Hash Join  (cost=13057.21..364430.30 rows=105 width=12) (actual time=39.936..1201.643 rows=8290 loops=1)
                                             Hash Cond: (t.kind_id = kt.id)
                                             Buffers: shared hit=98943 read=13754
                                             ->  Nested Loop  (cost=13056.08..364428.14 rows=244 width=16) (actual time=38.843..1197.950 rows=8927 loops=1)
                                                   Buffers: shared hit=98942 read=13754
                                                   ->  Bitmap Heap Scan on movie_info mi2  (cost=13055.65..355208.81 rows=1130 width=8) (actual time=38.364..361.810 rows=25821 loops=1)
                                                         Recheck Cond: (info_type_id = 4)
                                                         Filter: ((info)::text = ANY ('{Dutch,Mandarin}'::text[]))
                                                         Rows Removed by Filter: 1273168
                                                         Heap Blocks: exact=8393
                                                         Buffers: shared hit=3447 read=5965
                                                         ->  Bitmap Index Scan on info_type_id_movie_info  (cost=0.00..13055.37 rows=1221191 width=0) (actual time=36.379..36.380 rows=1298989 loops=1)
                                                               Index Cond: (info_type_id = 4)
                                                               Buffers: shared read=1019
                                                   ->  Index Scan using title_pkey on title t  (cost=0.43..8.16 rows=1 width=8) (actual time=0.032..0.032 rows=0 loops=25821)
                                                         Index Cond: (id = mi2.movie_id)
                                                         Filter: ((production_year <= 1990) AND (1950 < production_year))
                                                         Rows Removed by Filter: 1
                                                         Buffers: shared hit=95495 read=7789
                                             ->  Hash  (cost=1.10..1.10 rows=3 width=4) (actual time=0.022..0.023 rows=3 loops=1)
                                                   Buckets: 1024  Batches: 1  Memory Usage: 9kB
                                                   Buffers: shared hit=1
                                                   ->  Seq Scan on kind_type kt  (cost=0.00..1.10 rows=3 width=4) (actual time=0.012..0.015 rows=3 loops=1)
                                                         Filter: ((kind)::text = ANY ('{episode,movie,"tv movie"}'::text[]))
                                                         Rows Removed by Filter: 4
                                                         Buffers: shared hit=1
                                       ->  Index Scan using movie_id_movie_info on movie_info mi1  (cost=0.43..42.68 rows=1 width=8) (actual time=0.076..0.079 rows=0 loops=8290)
                                             Index Cond: (movie_id = t.id)
                                             Filter: (((info)::text = ANY ('{Belgium,Taiwan}'::text[])) AND (info_type_id = 8))
                                             Rows Removed by Filter: 8
                                             Buffers: shared hit=72396 read=7256
                                 ->  Seq Scan on info_type it1  (cost=0.00..2.41 rows=1 width=4) (actual time=0.008..0.015 rows=1 loops=3437)
                                       Filter: (id = 8)
                                       Rows Removed by Filter: 112
                                       Buffers: shared hit=3437
                           ->  Seq Scan on info_type it2  (cost=0.00..2.41 rows=1 width=4) (actual time=0.008..0.016 rows=1 loops=3437)
                                 Filter: (id = 4)
                                 Rows Removed by Filter: 112
                                 Buffers: shared hit=3437
                     ->  Index Scan using movie_id_cast_info on cast_info ci  (cost=0.44..43.99 rows=38 width=12) (actual time=0.034..0.162 rows=16 loops=3437)
                           Index Cond: (movie_id = t.id)
                           Buffers: shared hit=57544 read=7423
               ->  Hash  (cost=1.15..1.15 rows=1 width=4) (actual time=0.073..0.074 rows=1 loops=1)
                     Buckets: 1024  Batches: 1  Memory Usage: 9kB
                     Buffers: shared hit=1
                     ->  Seq Scan on role_type rt  (cost=0.00..1.15 rows=1 width=4) (actual time=0.065..0.067 rows=1 loops=1)
                           Filter: ((role)::text = 'producer'::text)
                           Rows Removed by Filter: 11
                           Buffers: shared hit=1
         ->  Index Scan using name_pkey on name n  (cost=0.43..2.32 rows=1 width=4) (actual time=0.037..0.037 rows=0 loops=2407)
               Index Cond: (id = ci.person_id)
               Filter: ((gender)::text = 'f'::text)
               Rows Removed by Filter: 1
               Buffers: shared hit=8795 read=833
 Planning:
   Buffers: shared hit=529 read=45
 Planning Time: 13.773 ms
 Execution Time: 2651.086 ms
(73 rows)

