                                                                                               QUERY PLAN                                                                                               
--------------------------------------------------------------------------------------------------------------------------------------------------------------------------------------------------------
 Aggregate  (cost=545710.20..545710.21 rows=1 width=8) (actual time=7137.421..7137.429 rows=1 loops=1)
   Buffers: shared hit=720100 read=21014
   ->  Nested Loop  (cost=13062.42..545710.12 rows=33 width=0) (actual time=37.704..7137.376 rows=96 loops=1)
         Buffers: shared hit=720100 read=21014
         ->  Hash Join  (cost=13061.99..545594.14 rows=50 width=4) (actual time=37.660..7128.032 rows=226 loops=1)
               Hash Cond: (ci.role_id = rt.id)
               Buffers: shared hit=719397 read=20813
               ->  Nested Loop  (cost=13060.82..545591.90 rows=301 width=8) (actual time=37.564..7127.464 rows=2275 loops=1)
                     Buffers: shared hit=719396 read=20813
                     ->  Nested Loop  (cost=13060.38..544656.26 rows=21 width=12) (actual time=37.525..7092.469 rows=213 loops=1)
                           Buffers: shared hit=717859 read=19500
                           ->  Seq Scan on info_type it2  (cost=0.00..2.41 rows=1 width=4) (actual time=0.034..0.045 rows=1 loops=1)
                                 Filter: (id = 4)
                                 Rows Removed by Filter: 112
                                 Buffers: shared hit=1
                           ->  Nested Loop  (cost=13060.38..544653.64 rows=21 width=16) (actual time=37.490..7092.353 rows=213 loops=1)
                                 Buffers: shared hit=717858 read=19500
                                 ->  Seq Scan on info_type it1  (cost=0.00..2.41 rows=1 width=4) (actual time=0.009..0.021 rows=1 loops=1)
                                       Filter: (id = 8)
                                       Rows Removed by Filter: 112
                                       Buffers: shared hit=1
                                 ->  Nested Loop  (cost=13060.38..544651.01 rows=21 width=20) (actual time=37.478..7092.264 rows=213 loops=1)
                                       Buffers: shared hit=717857 read=19500
                                       ->  Hash Join  (cost=13059.94..504599.68 rows=931 width=12) (actual time=36.841..6908.972 rows=2111 loops=1)
                                             Hash Cond: (t.kind_id = kt.id)
                                             Buffers: shared hit=703783 read=14690
                                             ->  Nested Loop  (cost=13058.81..504589.40 rows=2172 width=16) (actual time=36.800..6899.463 rows=36518 loops=1)
                                                   Buffers: shared hit=703782 read=14690
                                                   ->  Bitmap Heap Scan on movie_info mi2  (cost=13058.37..430357.43 rows=12011 width=8) (actual time=35.873..695.622 rows=180525 loops=1)
                                                         Recheck Cond: (info_type_id = 4)
                                                         Filter: ((info)::text = ANY ('{Arabic,Bengali,Dutch,French,Polish,Spanish,Tamil}'::text[]))
                                                         Rows Removed by Filter: 1118464
                                                         Heap Blocks: exact=8393
                                                         Buffers: shared hit=9383 read=29
                                                         ->  Bitmap Index Scan on info_type_id_movie_info  (cost=0.00..13055.37 rows=1221191 width=0) (actual time=33.477..33.478 rows=1298989 loops=1)
                                                               Index Cond: (info_type_id = 4)
                                                               Buffers: shared hit=1019
                                                   ->  Memoize  (cost=0.44..6.27 rows=1 width=8) (actual time=0.034..0.034 rows=0 loops=180525)
                                                         Cache Key: mi2.movie_id
                                                         Cache Mode: logical
                                                         Hits: 3260  Misses: 177265  Evictions: 66959  Overflows: 0  Memory Usage: 8193kB
                                                         Buffers: shared hit=694399 read=14661
                                                         ->  Index Scan using title_pkey on title t  (cost=0.43..6.26 rows=1 width=8) (actual time=0.034..0.034 rows=0 loops=177265)
                                                               Index Cond: (id = mi2.movie_id)
                                                               Filter: ((production_year <= 1975) AND (1875 < production_year))
                                                               Rows Removed by Filter: 1
                                                               Buffers: shared hit=694399 read=14661
                                             ->  Hash  (cost=1.10..1.10 rows=3 width=4) (actual time=0.015..0.016 rows=3 loops=1)
                                                   Buckets: 1024  Batches: 1  Memory Usage: 9kB
                                                   Buffers: shared hit=1
                                                   ->  Seq Scan on kind_type kt  (cost=0.00..1.10 rows=3 width=4) (actual time=0.009..0.011 rows=3 loops=1)
                                                         Filter: ((kind)::text = ANY ('{"tv series","video game","video movie"}'::text[]))
                                                         Rows Removed by Filter: 4
                                                         Buffers: shared hit=1
                                       ->  Index Scan using movie_id_movie_info on movie_info mi1  (cost=0.43..43.01 rows=1 width=8) (actual time=0.085..0.086 rows=0 loops=2111)
                                             Index Cond: (movie_id = t.id)
                                             Filter: ((info_type_id = 8) AND ((info)::text = ANY ('{Egypt,India,Italy,Netherlands,Poland,USA}'::text[])))
                                             Rows Removed by Filter: 9
                                             Buffers: shared hit=14074 read=4810
                     ->  Index Scan using movie_id_cast_info on cast_info ci  (cost=0.44..44.17 rows=38 width=12) (actual time=0.047..0.160 rows=11 loops=213)
                           Index Cond: (movie_id = t.id)
                           Buffers: shared hit=1537 read=1313
               ->  Hash  (cost=1.15..1.15 rows=2 width=4) (actual time=0.035..0.035 rows=2 loops=1)
                     Buckets: 1024  Batches: 1  Memory Usage: 9kB
                     Buffers: shared hit=1
                     ->  Seq Scan on role_type rt  (cost=0.00..1.15 rows=2 width=4) (actual time=0.027..0.029 rows=2 loops=1)
                           Filter: ((role)::text = ANY ('{"costume designer",director}'::text[]))
                           Rows Removed by Filter: 10
                           Buffers: shared hit=1
         ->  Index Scan using name_pkey on name n  (cost=0.43..2.32 rows=1 width=4) (actual time=0.041..0.041 rows=0 loops=226)
               Index Cond: (id = ci.person_id)
               Filter: ((gender)::text = ANY ('{f,m}'::text[]))
               Rows Removed by Filter: 1
               Buffers: shared hit=703 read=201
 Planning:
   Buffers: shared hit=574
 Planning Time: 11.649 ms
 Execution Time: 7139.982 ms
(78 rows)

