                                                                                            QUERY PLAN                                                                                            
--------------------------------------------------------------------------------------------------------------------------------------------------------------------------------------------------
 Aggregate  (cost=774200.67..774200.68 rows=1 width=8) (actual time=47662.536..47662.547 rows=1 loops=1)
   Buffers: shared hit=3977781 read=959902, temp read=3683 written=3683
   ->  Nested Loop  (cost=93532.41..774200.03 rows=255 width=0) (actual time=640.939..47653.116 rows=38774 loops=1)
         Buffers: shared hit=3977781 read=959902, temp read=3683 written=3683
         ->  Hash Join  (cost=93531.98..773290.78 rows=392 width=4) (actual time=635.102..43775.144 rows=110330 loops=1)
               Hash Cond: (ci.role_id = rt.id)
               Buffers: shared hit=3569854 read=926509, temp read=3683 written=3683
               ->  Nested Loop  (cost=93530.80..773281.25 rows=2351 width=8) (actual time=581.207..43405.758 rows=2155178 loops=1)
                     Buffers: shared hit=3569853 read=926509, temp read=3683 written=3683
                     ->  Nested Loop  (cost=93530.36..766003.92 rows=164 width=12) (actual time=581.182..20504.146 rows=102459 loops=1)
                           Buffers: shared hit=1711247 read=388169, temp read=3683 written=3683
                           ->  Seq Scan on info_type it2  (cost=0.00..2.41 rows=1 width=4) (actual time=0.025..0.037 rows=1 loops=1)
                                 Filter: (id = 4)
                                 Rows Removed by Filter: 112
                                 Buffers: shared hit=1
                           ->  Nested Loop  (cost=93530.36..765999.87 rows=164 width=16) (actual time=581.156..20479.285 rows=102459 loops=1)
                                 Buffers: shared hit=1711246 read=388169, temp read=3683 written=3683
                                 ->  Seq Scan on info_type it1  (cost=0.00..2.41 rows=1 width=4) (actual time=0.007..0.021 rows=1 loops=1)
                                       Filter: (id = 8)
                                       Rows Removed by Filter: 112
                                       Buffers: shared hit=1
                                 ->  Nested Loop  (cost=93530.36..765995.81 rows=164 width=20) (actual time=581.146..20454.239 rows=102459 loops=1)
                                       Buffers: shared hit=1711245 read=388169, temp read=3683 written=3683
                                       ->  Hash Join  (cost=93529.93..482576.02 rows=6599 width=12) (actual time=581.095..1697.896 rows=198622 loops=1)
                                             Hash Cond: (mi2.movie_id = t.id)
                                             Buffers: shared hit=33757 read=12047, temp read=3683 written=3683
                                             ->  Bitmap Heap Scan on movie_info mi2  (cost=13073.19..400313.89 rows=71308 width=8) (actual time=34.966..520.989 rows=903099 loops=1)
                                                   Recheck Cond: (info_type_id = 4)
                                                   Filter: ((info)::text = ANY ('{English,German,Greek,Japanese,Korean}'::text[]))
                                                   Rows Removed by Filter: 395890
                                                   Heap Blocks: exact=8393
                                                   Buffers: shared hit=1867 read=7545
                                                   ->  Bitmap Index Scan on info_type_id_movie_info  (cost=0.00..13055.37 rows=1221191 width=0) (actual time=33.939..33.940 rows=1298989 loops=1)
                                                         Index Cond: (info_type_id = 4)
                                                         Buffers: shared hit=1019
                                             ->  Hash  (cost=76617.93..76617.93 rows=233984 width=4) (actual time=545.041..545.044 rows=504538 loops=1)
                                                   Buckets: 262144 (originally 262144)  Batches: 4 (originally 2)  Memory Usage: 6483kB
                                                   Buffers: shared hit=31890 read=4502, temp written=1107
                                                   ->  Hash Join  (cost=1.13..76617.93 rows=233984 width=4) (actual time=0.041..468.888 rows=504538 loops=1)
                                                         Hash Cond: (t.kind_id = kt.id)
                                                         Buffers: shared hit=31890 read=4502
                                                         ->  Seq Scan on title t  (cost=0.00..74315.95 rows=545963 width=8) (actual time=0.024..407.802 rows=538239 loops=1)
                                                               Filter: ((production_year <= 1990) AND (1950 < production_year))
                                                               Rows Removed by Filter: 1990073
                                                               Buffers: shared hit=31889 read=4502
                                                         ->  Hash  (cost=1.10..1.10 rows=3 width=4) (actual time=0.014..0.016 rows=3 loops=1)
                                                               Buckets: 1024  Batches: 1  Memory Usage: 9kB
                                                               Buffers: shared hit=1
                                                               ->  Seq Scan on kind_type kt  (cost=0.00..1.10 rows=3 width=4) (actual time=0.007..0.009 rows=3 loops=1)
                                                                     Filter: ((kind)::text = ANY ('{episode,movie,"tv movie"}'::text[]))
                                                                     Rows Removed by Filter: 4
                                                                     Buffers: shared hit=1
                                       ->  Index Scan using movie_id_movie_info on movie_info mi1  (cost=0.43..42.94 rows=1 width=8) (actual time=0.090..0.094 rows=1 loops=198622)
                                             Index Cond: (movie_id = t.id)
                                             Filter: ((info_type_id = 8) AND ((info)::text = ANY ('{Australia,Canada,"East Germany",Greece,Japan,"South Korea",USA}'::text[])))
                                             Rows Removed by Filter: 12
                                             Buffers: shared hit=1677488 read=376122
                     ->  Index Scan using movie_id_cast_info on cast_info ci  (cost=0.44..43.99 rows=38 width=12) (actual time=0.036..0.218 rows=21 loops=102459)
                           Index Cond: (movie_id = t.id)
                           Buffers: shared hit=1858606 read=538340
               ->  Hash  (cost=1.15..1.15 rows=2 width=4) (actual time=0.029..0.030 rows=2 loops=1)
                     Buckets: 1024  Batches: 1  Memory Usage: 9kB
                     Buffers: shared hit=1
                     ->  Seq Scan on role_type rt  (cost=0.00..1.15 rows=2 width=4) (actual time=0.022..0.024 rows=2 loops=1)
                           Filter: ((role)::text = ANY ('{composer,editor}'::text[]))
                           Rows Removed by Filter: 10
                           Buffers: shared hit=1
         ->  Index Scan using name_pkey on name n  (cost=0.43..2.32 rows=1 width=4) (actual time=0.035..0.035 rows=0 loops=110330)
               Index Cond: (id = ci.person_id)
               Filter: ((gender)::text = ANY ('{f,m}'::text[]))
               Rows Removed by Filter: 1
               Buffers: shared hit=407927 read=33393
 Planning:
   Buffers: shared hit=574
 Planning Time: 13.284 ms
 Execution Time: 47663.125 ms
(76 rows)

