                                                                                                  QUERY PLAN                                                                                                  
--------------------------------------------------------------------------------------------------------------------------------------------------------------------------------------------------------------
 Aggregate  (cost=963169.68..963169.69 rows=1 width=8) (actual time=225143.431..225143.439 rows=1 loops=1)
   Buffers: shared hit=20786576 read=2634689, temp read=9243 written=9236
   ->  Nested Loop  (cost=873693.61..963167.71 rows=789 width=0) (actual time=1010.096..225029.976 rows=553136 loops=1)
         Buffers: shared hit=20786576 read=2634689, temp read=9243 written=9236
         ->  Seq Scan on info_type it2  (cost=0.00..2.41 rows=1 width=4) (actual time=0.038..0.049 rows=1 loops=1)
               Filter: (id = 4)
               Rows Removed by Filter: 112
               Buffers: shared hit=1
         ->  Nested Loop  (cost=873693.61..963157.40 rows=789 width=4) (actual time=1010.056..224899.636 rows=553136 loops=1)
               Buffers: shared hit=20786575 read=2634689, temp read=9243 written=9236
               ->  Seq Scan on info_type it1  (cost=0.00..2.41 rows=1 width=4) (actual time=0.007..0.020 rows=1 loops=1)
                     Filter: (id = 8)
                     Rows Removed by Filter: 112
                     Buffers: shared hit=1
               ->  Nested Loop  (cost=873693.61..963147.10 rows=789 width=8) (actual time=1010.048..224771.922 rows=553136 loops=1)
                     Buffers: shared hit=20786574 read=2634689, temp read=9243 written=9236
                     ->  Hash Join  (cost=873693.18..958786.40 rows=1880 width=12) (actual time=1009.770..147505.733 rows=2118774 loops=1)
                           Hash Cond: (ci.role_id = rt.id)
                           Buffers: shared hit=12790755 read=2155412, temp read=9243 written=9236
                           ->  Nested Loop  (cost=873692.01..958745.16 rows=11281 width=16) (actual time=1009.507..144878.886 rows=11194171 loops=1)
                                 Buffers: shared hit=12790754 read=2155412, temp read=9243 written=9236
                                 ->  Nested Loop  (cost=873691.57..924385.00 rows=787 width=20) (actual time=1009.484..24102.965 rows=501225 loops=1)
                                       Buffers: shared hit=2493307 read=54734, temp read=9243 written=9236
                                       ->  Nested Loop  (cost=873691.42..924340.00 rows=1836 width=24) (actual time=1009.383..23587.163 rows=591379 loops=1)
                                             Join Filter: (t.id = mi1.movie_id)
                                             Buffers: shared hit=2493296 read=54733, temp read=9243 written=9236
                                             ->  Merge Join  (cost=873690.99..874543.67 rows=14486 width=16) (actual time=1009.331..1942.857 rows=632431 loops=1)
                                                   Merge Cond: (mi1.movie_id = mi2.movie_id)
                                                   Buffers: shared hit=7545 read=10760, temp read=9243 written=9236
                                                   ->  Sort  (cost=392040.75..392203.86 rows=65246 width=8) (actual time=430.105..568.147 rows=702526 loops=1)
                                                         Sort Key: mi1.movie_id
                                                         Sort Method: external sort  Disk: 15184kB
                                                         Buffers: shared hit=3666 read=5227, temp read=3789 written=3798
                                                         ->  Bitmap Heap Scan on movie_info mi1  (cost=14227.86..386823.15 rows=65246 width=8) (actual time=36.254..257.741 rows=702526 loops=1)
                                                               Recheck Cond: (info_type_id = 8)
                                                               Filter: ((info)::text = ANY ('{Belgium,Brazil,Germany,India,Mexico,Netherlands,Romania,"Soviet Union",Taiwan,Turkey,USA}'::text[]))
                                                               Rows Removed by Filter: 622835
                                                               Heap Blocks: exact=7853
                                                               Buffers: shared hit=3666 read=5227
                                                               ->  Bitmap Index Scan on info_type_id_movie_info  (cost=0.00..14211.52 rows=1329478 width=0) (actual time=35.273..35.273 rows=1325361 loops=1)
                                                                     Index Cond: (info_type_id = 8)
                                                                     Buffers: shared read=1040
                                                   ->  Sort  (cost=481650.25..481841.04 rows=76317 width=8) (actual time=579.217..842.087 rows=1015167 loops=1)
                                                         Sort Key: mi2.movie_id
                                                         Sort Method: external sort  Disk: 21736kB
                                                         Buffers: shared hit=3879 read=5533, temp read=5439 written=5438
                                                         ->  Bitmap Heap Scan on movie_info mi2  (cost=13074.45..475461.05 rows=76317 width=8) (actual time=31.050..336.627 rows=1005706 loops=1)
                                                               Recheck Cond: (info_type_id = 4)
                                                               Filter: ((info)::text = ANY ('{Dutch,English,German,Malayalam,Mandarin,Portuguese,Romanian,Russian,Spanish,Turkish}'::text[]))
                                                               Rows Removed by Filter: 293283
                                                               Heap Blocks: exact=8393
                                                               Buffers: shared hit=3879 read=5533
                                                               ->  Bitmap Index Scan on info_type_id_movie_info  (cost=0.00..13055.37 rows=1221191 width=0) (actual time=30.008..30.008 rows=1298989 loops=1)
                                                                     Index Cond: (info_type_id = 4)
                                                                     Buffers: shared hit=1 read=1018
                                             ->  Index Scan using title_pkey on title t  (cost=0.43..3.43 rows=1 width=8) (actual time=0.033..0.033 rows=1 loops=632431)
                                                   Index Cond: (id = mi2.movie_id)
                                                   Filter: ((production_year <= 2015) AND (1925 < production_year))
                                                   Rows Removed by Filter: 0
                                                   Buffers: shared hit=2485751 read=43973
                                       ->  Memoize  (cost=0.14..0.16 rows=1 width=4) (actual time=0.000..0.000 rows=1 loops=591379)
                                             Cache Key: t.kind_id
                                             Cache Mode: logical
                                             Hits: 591373  Misses: 6  Evictions: 0  Overflows: 0  Memory Usage: 1kB
                                             Buffers: shared hit=11 read=1
                                             ->  Index Scan using kind_type_pkey on kind_type kt  (cost=0.13..0.15 rows=1 width=4) (actual time=0.012..0.012 rows=0 loops=6)
                                                   Index Cond: (id = t.kind_id)
                                                   Filter: ((kind)::text = ANY ('{episode,movie,"video movie"}'::text[]))
                                                   Rows Removed by Filter: 0
                                                   Buffers: shared hit=11 read=1
                                 ->  Index Scan using movie_id_cast_info on cast_info ci  (cost=0.44..43.28 rows=38 width=12) (actual time=0.035..0.234 rows=22 loops=501225)
                                       Index Cond: (movie_id = t.id)
                                       Buffers: shared hit=10297447 read=2100678
                           ->  Hash  (cost=1.15..1.15 rows=2 width=4) (actual time=0.019..0.020 rows=2 loops=1)
                                 Buckets: 1024  Batches: 1  Memory Usage: 9kB
                                 Buffers: shared hit=1
                                 ->  Seq Scan on role_type rt  (cost=0.00..1.15 rows=2 width=4) (actual time=0.009..0.010 rows=2 loops=1)
                                       Filter: ((role)::text = ANY ('{director,"miscellaneous crew"}'::text[]))
                                       Rows Removed by Filter: 10
                                       Buffers: shared hit=1
                     ->  Index Scan using name_pkey on name n  (cost=0.43..2.32 rows=1 width=4) (actual time=0.036..0.036 rows=0 loops=2118774)
                           Index Cond: (id = ci.person_id)
                           Filter: ((gender)::text = 'm'::text)
                           Rows Removed by Filter: 1
                           Buffers: shared hit=7995819 read=479277
 Planning:
   Buffers: shared hit=485 read=92
 Planning Time: 13.117 ms
 Execution Time: 225153.823 ms
(89 rows)

