                                                                                            QUERY PLAN                                                                                            
--------------------------------------------------------------------------------------------------------------------------------------------------------------------------------------------------
 Aggregate  (cost=520802.79..520802.80 rows=1 width=8) (actual time=19161.532..19161.543 rows=1 loops=1)
   Buffers: shared hit=1670275 read=280305, temp read=2130 written=2130
   ->  Nested Loop  (cost=92097.23..520802.64 rows=59 width=0) (actual time=546.436..19154.216 rows=34339 loops=1)
         Buffers: shared hit=1670275 read=280305, temp read=2130 written=2130
         ->  Hash Join  (cost=92096.80..520591.56 rows=91 width=4) (actual time=546.406..16653.819 rows=69132 loops=1)
               Hash Cond: (ci.role_id = rt.id)
               Buffers: shared hit=1407220 read=266832, temp read=2130 written=2130
               ->  Nested Loop  (cost=92095.63..520588.46 rows=545 width=8) (actual time=546.234..16501.484 rows=785146 loops=1)
                     Buffers: shared hit=1407219 read=266832, temp read=2130 written=2130
                     ->  Nested Loop  (cost=92095.19..518895.39 rows=38 width=12) (actual time=546.201..7570.362 rows=57180 loops=1)
                           Buffers: shared hit=582621 read=146234, temp read=2130 written=2130
                           ->  Seq Scan on info_type it2  (cost=0.00..2.41 rows=1 width=4) (actual time=0.032..0.043 rows=1 loops=1)
                                 Filter: (id = 4)
                                 Rows Removed by Filter: 112
                                 Buffers: shared hit=1
                           ->  Nested Loop  (cost=92095.19..518892.60 rows=38 width=16) (actual time=546.168..7555.961 rows=57180 loops=1)
                                 Buffers: shared hit=582620 read=146234, temp read=2130 written=2130
                                 ->  Seq Scan on info_type it1  (cost=0.00..2.41 rows=1 width=4) (actual time=0.009..0.023 rows=1 loops=1)
                                       Filter: (id = 8)
                                       Rows Removed by Filter: 112
                                       Buffers: shared hit=1
                                 ->  Nested Loop  (cost=92095.19..518889.81 rows=38 width=20) (actual time=546.156..7542.114 rows=57180 loops=1)
                                       Buffers: shared hit=582619 read=146234, temp read=2130 written=2130
                                       ->  Hash Join  (cost=92094.75..464793.49 rows=1253 width=12) (actual time=546.096..1137.772 rows=68452 loops=1)
                                             Hash Cond: (mi1.movie_id = t.id)
                                             Buffers: shared hit=6852 read=38433, temp read=2130 written=2130
                                             ->  Bitmap Heap Scan on movie_info mi1  (cost=14217.61..386812.90 rows=24243 width=8) (actual time=37.444..370.903 rows=272432 loops=1)
                                                   Recheck Cond: (info_type_id = 8)
                                                   Filter: ((info)::text = ANY ('{Argentina,"East Germany",Finland,Germany,Greece,Italy,Philippines,Turkey,UK,Yugoslavia}'::text[]))
                                                   Rows Removed by Filter: 1052929
                                                   Heap Blocks: exact=7853
                                                   Buffers: shared hit=4 read=8889
                                                   ->  Bitmap Index Scan on info_type_id_movie_info  (cost=0.00..14211.52 rows=1329478 width=0) (actual time=36.444..36.445 rows=1325361 loops=1)
                                                         Index Cond: (info_type_id = 8)
                                                         Buffers: shared read=1040
                                             ->  Hash  (cost=76244.08..76244.08 rows=130645 width=4) (actual time=507.554..507.558 rows=422125 loops=1)
                                                   Buckets: 262144 (originally 131072)  Batches: 4 (originally 1)  Memory Usage: 6145kB
                                                   Buffers: shared hit=6848 read=29544, temp written=927
                                                   ->  Hash Join  (cost=1.11..76244.08 rows=130645 width=4) (actual time=0.040..435.190 rows=422125 loops=1)
                                                         Hash Cond: (t.kind_id = kt.id)
                                                         Buffers: shared hit=6848 read=29544
                                                         ->  Seq Scan on title t  (cost=0.00..74315.95 rows=457258 width=8) (actual time=0.023..382.316 rows=451569 loops=1)
                                                               Filter: ((production_year <= 1975) AND (1875 < production_year))
                                                               Rows Removed by Filter: 2076743
                                                               Buffers: shared hit=6847 read=29544
                                                         ->  Hash  (cost=1.09..1.09 rows=2 width=4) (actual time=0.014..0.015 rows=2 loops=1)
                                                               Buckets: 1024  Batches: 1  Memory Usage: 9kB
                                                               Buffers: shared hit=1
                                                               ->  Seq Scan on kind_type kt  (cost=0.00..1.09 rows=2 width=4) (actual time=0.007..0.008 rows=2 loops=1)
                                                                     Filter: ((kind)::text = ANY ('{episode,movie}'::text[]))
                                                                     Rows Removed by Filter: 5
                                                                     Buffers: shared hit=1
                                       ->  Index Scan using movie_id_movie_info on movie_info mi2  (cost=0.43..43.16 rows=1 width=8) (actual time=0.045..0.093 rows=1 loops=68452)
                                             Index Cond: (movie_id = t.id)
                                             Filter: ((info_type_id = 4) AND ((info)::text = ANY ('{English,Finnish,German,Greek,Italian,Serbo-Croatian,Spanish,Tagalog,Turkish}'::text[])))
                                             Rows Removed by Filter: 10
                                             Buffers: shared hit=575767 read=107801
                     ->  Index Scan using movie_id_cast_info on cast_info ci  (cost=0.44..44.17 rows=38 width=12) (actual time=0.035..0.152 rows=14 loops=57180)
                           Index Cond: (movie_id = t.id)
                           Buffers: shared hit=824598 read=120598
               ->  Hash  (cost=1.15..1.15 rows=2 width=4) (actual time=0.037..0.038 rows=2 loops=1)
                     Buckets: 1024  Batches: 1  Memory Usage: 9kB
                     Buffers: shared hit=1
                     ->  Seq Scan on role_type rt  (cost=0.00..1.15 rows=2 width=4) (actual time=0.027..0.029 rows=2 loops=1)
                           Filter: ((role)::text = ANY ('{director,editor}'::text[]))
                           Rows Removed by Filter: 10
                           Buffers: shared hit=1
         ->  Index Scan using name_pkey on name n  (cost=0.43..2.32 rows=1 width=4) (actual time=0.036..0.036 rows=0 loops=69132)
               Index Cond: (id = ci.person_id)
               Filter: ((gender)::text = ANY ('{f,m}'::text[]))
               Rows Removed by Filter: 1
               Buffers: shared hit=263055 read=13473
 Planning:
   Buffers: shared hit=486 read=91
 Planning Time: 14.160 ms
 Execution Time: 19162.176 ms
(76 rows)

