                                                                                            QUERY PLAN                                                                                            
--------------------------------------------------------------------------------------------------------------------------------------------------------------------------------------------------
 Aggregate  (cost=583376.37..583376.38 rows=1 width=8) (actual time=41929.977..41929.987 rows=1 loops=1)
   Buffers: shared hit=3830889 read=531434, temp read=2104 written=2104
   ->  Nested Loop  (cost=94677.73..583376.17 rows=78 width=0) (actual time=569.538..41844.227 rows=539564 loops=1)
         Buffers: shared hit=3830889 read=531434, temp read=2104 written=2104
         ->  Hash Join  (cost=94677.30..582944.74 rows=186 width=4) (actual time=569.500..22264.709 rows=555732 loops=1)
               Hash Cond: (ci.role_id = rt.id)
               Buffers: shared hit=1664424 read=474971, temp read=2104 written=2104
               ->  Nested Loop  (cost=94676.13..582939.60 rows=1118 width=8) (actual time=569.448..21919.571 rows=1219584 loops=1)
                     Buffers: shared hit=1664423 read=474971, temp read=2104 written=2104
                     ->  Nested Loop  (cost=94675.69..579478.43 rows=78 width=12) (actual time=569.412..8016.500 rows=65765 loops=1)
                           Buffers: shared hit=532009 read=209223, temp read=2104 written=2104
                           ->  Seq Scan on info_type it2  (cost=0.00..2.41 rows=1 width=4) (actual time=0.032..0.043 rows=1 loops=1)
                                 Filter: (id = 4)
                                 Rows Removed by Filter: 112
                                 Buffers: shared hit=1
                           ->  Nested Loop  (cost=94675.69..579475.24 rows=78 width=16) (actual time=569.379..7998.970 rows=65765 loops=1)
                                 Buffers: shared hit=532008 read=209223, temp read=2104 written=2104
                                 ->  Seq Scan on info_type it1  (cost=0.00..2.41 rows=1 width=4) (actual time=0.007..0.020 rows=1 loops=1)
                                       Filter: (id = 8)
                                       Rows Removed by Filter: 112
                                       Buffers: shared hit=1
                                 ->  Nested Loop  (cost=94675.69..579472.04 rows=78 width=20) (actual time=569.369..7982.421 rows=65765 loops=1)
                                       Buffers: shared hit=532007 read=209223, temp read=2104 written=2104
                                       ->  Hash Join  (cost=94675.25..468535.03 rows=2583 width=12) (actual time=569.311..1206.579 rows=73115 loops=1)
                                             Hash Cond: (mi1.movie_id = t.id)
                                             Buffers: shared hit=2659 read=42626, temp read=2104 written=2104
                                             ->  Bitmap Heap Scan on movie_info mi1  (cost=14218.52..386813.81 rows=27909 width=8) (actual time=37.662..422.611 rows=287236 loops=1)
                                                   Recheck Cond: (info_type_id = 8)
                                                   Filter: ((info)::text = ANY ('{Australia,Brazil,Canada,Greece,"Hong Kong",Mexico,Philippines,UK,"West Germany"}'::text[]))
                                                   Rows Removed by Filter: 1038125
                                                   Heap Blocks: exact=7853
                                                   Buffers: shared hit=2658 read=6235
                                                   ->  Bitmap Index Scan on info_type_id_movie_info  (cost=0.00..14211.52 rows=1329478 width=0) (actual time=36.668..36.668 rows=1325361 loops=1)
                                                         Index Cond: (info_type_id = 8)
                                                         Buffers: shared read=1040
                                             ->  Hash  (cost=76617.93..76617.93 rows=233984 width=4) (actual time=530.581..530.584 rows=504538 loops=1)
                                                   Buckets: 262144 (originally 262144)  Batches: 4 (originally 2)  Memory Usage: 6483kB
                                                   Buffers: shared hit=1 read=36391, temp written=1107
                                                   ->  Hash Join  (cost=1.13..76617.93 rows=233984 width=4) (actual time=0.046..447.505 rows=504538 loops=1)
                                                         Hash Cond: (t.kind_id = kt.id)
                                                         Buffers: shared hit=1 read=36391
                                                         ->  Seq Scan on title t  (cost=0.00..74315.95 rows=545963 width=8) (actual time=0.027..384.508 rows=538239 loops=1)
                                                               Filter: ((production_year <= 1990) AND (1950 < production_year))
                                                               Rows Removed by Filter: 1990073
                                                               Buffers: shared read=36391
                                                         ->  Hash  (cost=1.10..1.10 rows=3 width=4) (actual time=0.015..0.016 rows=3 loops=1)
                                                               Buckets: 1024  Batches: 1  Memory Usage: 9kB
                                                               Buffers: shared hit=1
                                                               ->  Seq Scan on kind_type kt  (cost=0.00..1.10 rows=3 width=4) (actual time=0.007..0.008 rows=3 loops=1)
                                                                     Filter: ((kind)::text = ANY ('{episode,movie,"tv movie"}'::text[]))
                                                                     Rows Removed by Filter: 4
                                                                     Buffers: shared hit=1
                                       ->  Index Scan using movie_id_movie_info on movie_info mi2  (cost=0.43..42.94 rows=1 width=8) (actual time=0.046..0.092 rows=1 loops=73115)
                                             Index Cond: (movie_id = t.id)
                                             Filter: ((info_type_id = 4) AND ((info)::text = ANY ('{English,German,Greek,Mandarin,Portuguese,Spanish,Tagalog}'::text[])))
                                             Rows Removed by Filter: 9
                                             Buffers: shared hit=529348 read=166597
                     ->  Index Scan using movie_id_cast_info on cast_info ci  (cost=0.44..43.99 rows=38 width=12) (actual time=0.038..0.206 rows=19 loops=65765)
                           Index Cond: (movie_id = t.id)
                           Buffers: shared hit=1132414 read=265748
               ->  Hash  (cost=1.15..1.15 rows=2 width=4) (actual time=0.031..0.032 rows=2 loops=1)
                     Buckets: 1024  Batches: 1  Memory Usage: 9kB
                     Buffers: shared hit=1
                     ->  Seq Scan on role_type rt  (cost=0.00..1.15 rows=2 width=4) (actual time=0.022..0.025 rows=2 loops=1)
                           Filter: ((role)::text = ANY ('{actor,composer}'::text[]))
                           Rows Removed by Filter: 10
                           Buffers: shared hit=1
         ->  Index Scan using name_pkey on name n  (cost=0.43..2.32 rows=1 width=4) (actual time=0.035..0.035 rows=1 loops=555732)
               Index Cond: (id = ci.person_id)
               Filter: ((gender)::text = 'm'::text)
               Rows Removed by Filter: 0
               Buffers: shared hit=2166465 read=56463
 Planning:
   Buffers: shared hit=484 read=93
 Planning Time: 13.323 ms
 Execution Time: 41930.549 ms
(76 rows)

