                                                                                               QUERY PLAN                                                                                                
---------------------------------------------------------------------------------------------------------------------------------------------------------------------------------------------------------
 Aggregate  (cost=512634.40..512634.41 rows=1 width=8) (actual time=11824.980..11824.990 rows=1 loops=1)
   Buffers: shared hit=1066364 read=143383, temp read=985 written=985
   ->  Nested Loop  (cost=91920.89..512634.40 rows=3 width=0) (actual time=532.128..11824.558 rows=858 loops=1)
         Buffers: shared hit=1066364 read=143383, temp read=985 written=985
         ->  Seq Scan on info_type it2  (cost=0.00..2.41 rows=1 width=4) (actual time=0.046..0.057 rows=1 loops=1)
               Filter: (id = 4)
               Rows Removed by Filter: 112
               Buffers: shared hit=1
         ->  Nested Loop  (cost=91920.89..512631.95 rows=3 width=4) (actual time=532.080..11824.219 rows=858 loops=1)
               Buffers: shared hit=1066363 read=143383, temp read=985 written=985
               ->  Seq Scan on info_type it1  (cost=0.00..2.41 rows=1 width=4) (actual time=0.010..0.025 rows=1 loops=1)
                     Filter: (id = 8)
                     Rows Removed by Filter: 112
                     Buffers: shared hit=1
               ->  Nested Loop  (cost=91920.89..512629.51 rows=3 width=8) (actual time=532.066..11823.929 rows=858 loops=1)
                     Buffers: shared hit=1066362 read=143383, temp read=985 written=985
                     ->  Hash Join  (cost=91920.46..512597.04 rows=14 width=12) (actual time=510.497..9502.455 rows=65189 loops=1)
                           Hash Cond: (ci.role_id = rt.id)
                           Buffers: shared hit=813170 read=135819, temp read=985 written=985
                           ->  Nested Loop  (cost=91919.29..512595.56 rows=86 width=16) (actual time=510.395..9399.109 rows=492833 loops=1)
                                 Buffers: shared hit=813169 read=135819, temp read=985 written=985
                                 ->  Nested Loop  (cost=91918.85..512326.28 rows=6 width=20) (actual time=510.366..4045.795 rows=27123 loops=1)
                                       Buffers: shared hit=300739 read=82531, temp read=985 written=985
                                       ->  Hash Join  (cost=91918.41..464593.52 rows=1100 width=12) (actual time=510.315..982.568 rows=37700 loops=1)
                                             Hash Cond: (mi1.movie_id = t.id)
                                             Buffers: shared hit=2541 read=42744, temp read=985 written=985
                                             ->  Bitmap Heap Scan on movie_info mi1  (cost=14216.13..386811.43 rows=18349 width=8) (actual time=37.493..360.345 rows=203461 loops=1)
                                                   Recheck Cond: (info_type_id = 8)
                                                   Filter: ((info)::text = ANY ('{Argentina,Brazil,Czechoslovakia,"East Germany",Germany,Greece,India,Philippines,"South Korea",Spain,Sweden}'::text[]))
                                                   Rows Removed by Filter: 1121900
                                                   Heap Blocks: exact=7853
                                                   Buffers: shared hit=2540 read=6353
                                                   ->  Bitmap Index Scan on info_type_id_movie_info  (cost=0.00..14211.52 rows=1329478 width=0) (actual time=36.498..36.498 rows=1325361 loops=1)
                                                         Index Cond: (info_type_id = 8)
                                                         Buffers: shared read=1040
                                             ->  Hash  (cost=75807.58..75807.58 rows=151576 width=4) (actual time=470.757..470.760 rows=335746 loops=1)
                                                   Buckets: 262144 (originally 262144)  Batches: 2 (originally 1)  Memory Usage: 7957kB
                                                   Buffers: shared hit=1 read=36391, temp written=491
                                                   ->  Hash Join  (cost=1.13..75807.58 rows=151576 width=4) (actual time=0.040..410.209 rows=335746 loops=1)
                                                         Hash Cond: (t.kind_id = kt.id)
                                                         Buffers: shared hit=1 read=36391
                                                         ->  Seq Scan on title t  (cost=0.00..74315.95 rows=353677 width=8) (actual time=0.021..368.747 rows=347589 loops=1)
                                                               Filter: ((production_year <= 1975) AND (1925 < production_year))
                                                               Rows Removed by Filter: 2180723
                                                               Buffers: shared read=36391
                                                         ->  Hash  (cost=1.10..1.10 rows=3 width=4) (actual time=0.014..0.015 rows=3 loops=1)
                                                               Buckets: 1024  Batches: 1  Memory Usage: 9kB
                                                               Buffers: shared hit=1
                                                               ->  Seq Scan on kind_type kt  (cost=0.00..1.10 rows=3 width=4) (actual time=0.007..0.008 rows=3 loops=1)
                                                                     Filter: ((kind)::text = ANY ('{episode,movie,"tv movie"}'::text[]))
                                                                     Rows Removed by Filter: 4
                                                                     Buffers: shared hit=1
                                       ->  Index Scan using movie_id_movie_info on movie_info mi2  (cost=0.43..43.38 rows=1 width=8) (actual time=0.044..0.081 rows=1 loops=37700)
                                             Index Cond: (movie_id = t.id)
                                             Filter: ((info_type_id = 4) AND ((info)::text = ANY ('{Czech,German,Greek,Hindi,Korean,Portuguese,Spanish,Swedish,Tagalog}'::text[])))
                                             Rows Removed by Filter: 7
                                             Buffers: shared hit=298198 read=39787
                                 ->  Index Scan using movie_id_cast_info on cast_info ci  (cost=0.44..44.50 rows=38 width=12) (actual time=0.036..0.192 rows=18 loops=27123)
                                       Index Cond: (movie_id = t.id)
                                       Buffers: shared hit=512430 read=53288
                           ->  Hash  (cost=1.15..1.15 rows=2 width=4) (actual time=0.024..0.025 rows=2 loops=1)
                                 Buckets: 1024  Batches: 1  Memory Usage: 9kB
                                 Buffers: shared hit=1
                                 ->  Seq Scan on role_type rt  (cost=0.00..1.15 rows=2 width=4) (actual time=0.013..0.016 rows=2 loops=1)
                                       Filter: ((role)::text = ANY ('{cinematographer,writer}'::text[]))
                                       Rows Removed by Filter: 10
                                       Buffers: shared hit=1
                     ->  Index Scan using name_pkey on name n  (cost=0.43..2.32 rows=1 width=4) (actual time=0.035..0.035 rows=0 loops=65189)
                           Index Cond: (id = ci.person_id)
                           Filter: ((gender)::text = 'f'::text)
                           Rows Removed by Filter: 1
                           Buffers: shared hit=253192 read=7564
 Planning:
   Buffers: shared hit=487 read=90
 Planning Time: 13.876 ms
 Execution Time: 11825.621 ms
(76 rows)

