                                                                                                 QUERY PLAN                                                                                                  
-------------------------------------------------------------------------------------------------------------------------------------------------------------------------------------------------------------
 Aggregate  (cost=505628.59..505628.60 rows=1 width=8) (actual time=14231.629..14231.640 rows=1 loops=1)
   Buffers: shared hit=1324503 read=142842, temp read=999 written=999
   ->  Nested Loop  (cost=91920.20..505628.58 rows=3 width=0) (actual time=505.229..14226.532 rows=23881 loops=1)
         Buffers: shared hit=1324503 read=142842, temp read=999 written=999
         ->  Seq Scan on info_type it2  (cost=0.00..2.41 rows=1 width=4) (actual time=0.047..0.058 rows=1 loops=1)
               Filter: (id = 4)
               Rows Removed by Filter: 112
               Buffers: shared hit=1
         ->  Nested Loop  (cost=91920.20..505626.14 rows=3 width=4) (actual time=505.181..14221.367 rows=23881 loops=1)
               Buffers: shared hit=1324502 read=142842, temp read=999 written=999
               ->  Seq Scan on info_type it1  (cost=0.00..2.41 rows=1 width=4) (actual time=0.013..0.027 rows=1 loops=1)
                     Filter: (id = 8)
                     Rows Removed by Filter: 112
                     Buffers: shared hit=1
               ->  Nested Loop  (cost=91920.20..505623.69 rows=3 width=8) (actual time=505.163..14215.617 rows=23881 loops=1)
                     Buffers: shared hit=1324501 read=142842, temp read=999 written=999
                     ->  Hash Join  (cost=91919.77..505607.46 rows=7 width=12) (actual time=503.963..12155.724 rows=57109 loops=1)
                           Hash Cond: (ci.role_id = rt.id)
                           Buffers: shared hit=1102584 read=136323, temp read=999 written=999
                           ->  Nested Loop  (cost=91918.61..505605.99 rows=86 width=16) (actual time=503.868..12023.663 rows=652249 loops=1)
                                 Buffers: shared hit=1102583 read=136323, temp read=999 written=999
                                 ->  Nested Loop  (cost=91918.17..505336.72 rows=6 width=20) (actual time=503.844..4993.221 rows=37213 loops=1)
                                       Buffers: shared hit=407335 read=78807, temp read=999 written=999
                                       ->  Hash Join  (cost=91917.73..464581.03 rows=937 width=12) (actual time=503.794..1005.453 rows=48185 loops=1)
                                             Hash Cond: (mi1.movie_id = t.id)
                                             Buffers: shared hit=3114 read=42171, temp read=999 written=999
                                             ->  Bitmap Heap Scan on movie_info mi1  (cost=14215.46..386810.75 rows=15636 width=8) (actual time=37.233..369.037 rows=211441 loops=1)
                                                   Recheck Cond: (info_type_id = 8)
                                                   Filter: ((info)::text = ANY ('{Brazil,Czechoslovakia,Denmark,"East Germany",Finland,France,India,Japan,"Soviet Union",Sweden,Yugoslavia}'::text[]))
                                                   Rows Removed by Filter: 1113920
                                                   Heap Blocks: exact=7853
                                                   Buffers: shared hit=3113 read=5780
                                                   ->  Bitmap Index Scan on info_type_id_movie_info  (cost=0.00..14211.52 rows=1329478 width=0) (actual time=36.208..36.208 rows=1325361 loops=1)
                                                         Index Cond: (info_type_id = 8)
                                                         Buffers: shared read=1040
                                             ->  Hash  (cost=75807.58..75807.58 rows=151576 width=4) (actual time=464.516..464.520 rows=335746 loops=1)
                                                   Buckets: 262144 (originally 262144)  Batches: 2 (originally 1)  Memory Usage: 7957kB
                                                   Buffers: shared hit=1 read=36391, temp written=491
                                                   ->  Hash Join  (cost=1.13..75807.58 rows=151576 width=4) (actual time=0.038..403.899 rows=335746 loops=1)
                                                         Hash Cond: (t.kind_id = kt.id)
                                                         Buffers: shared hit=1 read=36391
                                                         ->  Seq Scan on title t  (cost=0.00..74315.95 rows=353677 width=8) (actual time=0.020..360.156 rows=347589 loops=1)
                                                               Filter: ((production_year <= 1975) AND (1925 < production_year))
                                                               Rows Removed by Filter: 2180723
                                                               Buffers: shared read=36391
                                                         ->  Hash  (cost=1.10..1.10 rows=3 width=4) (actual time=0.014..0.016 rows=3 loops=1)
                                                               Buckets: 1024  Batches: 1  Memory Usage: 9kB
                                                               Buffers: shared hit=1
                                                               ->  Seq Scan on kind_type kt  (cost=0.00..1.10 rows=3 width=4) (actual time=0.007..0.008 rows=3 loops=1)
                                                                     Filter: ((kind)::text = ANY ('{episode,movie,"tv movie"}'::text[]))
                                                                     Rows Removed by Filter: 4
                                                                     Buffers: shared hit=1
                                       ->  Index Scan using movie_id_movie_info on movie_info mi2  (cost=0.43..43.49 rows=1 width=8) (actual time=0.044..0.082 rows=1 loops=48185)
                                             Index Cond: (movie_id = t.id)
                                             Filter: ((info_type_id = 4) AND ((info)::text = ANY ('{Czech,Danish,Finnish,French,German,Hindi,Japanese,Portuguese,Russian,Serbo-Croatian,Swedish}'::text[])))
                                             Rows Removed by Filter: 8
                                             Buffers: shared hit=404221 read=36636
                                 ->  Index Scan using movie_id_cast_info on cast_info ci  (cost=0.44..44.50 rows=38 width=12) (actual time=0.036..0.184 rows=18 loops=37213)
                                       Index Cond: (movie_id = t.id)
                                       Buffers: shared hit=695248 read=57516
                           ->  Hash  (cost=1.15..1.15 rows=1 width=4) (actual time=0.018..0.019 rows=1 loops=1)
                                 Buckets: 1024  Batches: 1  Memory Usage: 9kB
                                 Buffers: shared hit=1
                                 ->  Seq Scan on role_type rt  (cost=0.00..1.15 rows=1 width=4) (actual time=0.010..0.012 rows=1 loops=1)
                                       Filter: ((role)::text = 'writer'::text)
                                       Rows Removed by Filter: 11
                                       Buffers: shared hit=1
                     ->  Index Scan using name_pkey on name n  (cost=0.43..2.32 rows=1 width=4) (actual time=0.035..0.035 rows=0 loops=57109)
                           Index Cond: (id = ci.person_id)
                           Filter: ((gender)::text = 'm'::text)
                           Rows Removed by Filter: 1
                           Buffers: shared hit=221917 read=6519
 Planning:
   Buffers: shared hit=522 read=55
 Planning Time: 14.048 ms
 Execution Time: 14232.302 ms
(76 rows)

