                                                                                               QUERY PLAN                                                                                               
--------------------------------------------------------------------------------------------------------------------------------------------------------------------------------------------------------
 Aggregate  (cost=504009.78..504009.79 rows=1 width=8) (actual time=9127.023..9127.031 rows=1 loops=1)
   Buffers: shared hit=851336 read=90818
   ->  Nested Loop  (cost=13060.82..504009.77 rows=1 width=0) (actual time=45.744..9126.429 rows=1606 loops=1)
         Buffers: shared hit=851336 read=90818
         ->  Nested Loop  (cost=13060.82..504007.35 rows=1 width=4) (actual time=45.737..9094.321 rows=1606 loops=1)
               Buffers: shared hit=849730 read=90818
               ->  Nested Loop  (cost=13060.82..504004.93 rows=1 width=8) (actual time=45.716..9060.345 rows=1606 loops=1)
                     Buffers: shared hit=848124 read=90818
                     ->  Hash Join  (cost=13060.39..504000.29 rows=2 width=12) (actual time=45.664..8816.862 rows=6270 loops=1)
                           Hash Cond: (ci.role_id = rt.id)
                           Buffers: shared hit=826860 read=87002
                           ->  Nested Loop  (cost=13059.23..503999.03 rows=29 width=16) (actual time=45.425..8785.420 rows=181587 loops=1)
                                 Buffers: shared hit=826859 read=87002
                                 ->  Nested Loop  (cost=13058.79..503909.92 rows=2 width=20) (actual time=42.986..6744.969 rows=12345 loops=1)
                                       Buffers: shared hit=635740 read=63640
                                       ->  Hash Join  (cost=13058.33..485401.84 rows=431 width=12) (actual time=42.615..4331.303 rows=26946 loops=1)
                                             Hash Cond: (t.kind_id = kt.id)
                                             Buffers: shared hit=390840 read=37113
                                             ->  Nested Loop  (cost=13057.20..485396.46 rows=1006 width=16) (actual time=40.890..4318.387 rows=27926 loops=1)
                                                   Buffers: shared hit=390839 read=37113
                                                   ->  Bitmap Heap Scan on movie_info mi2  (cost=13056.76..445385.00 rows=5560 width=8) (actual time=40.148..701.396 rows=106726 loops=1)
                                                         Recheck Cond: (info_type_id = 4)
                                                         Filter: ((info)::text = ANY ('{Arabic,Cantonese,Dutch,French,Malayalam,Polish,Romanian,Swedish}'::text[]))
                                                         Rows Removed by Filter: 1192263
                                                         Heap Blocks: exact=8393
                                                         Buffers: shared hit=3697 read=5715
                                                         ->  Bitmap Index Scan on info_type_id_movie_info  (cost=0.00..13055.37 rows=1221191 width=0) (actual time=37.496..37.496 rows=1298989 loops=1)
                                                               Index Cond: (info_type_id = 4)
                                                               Buffers: shared hit=1 read=1018
                                                   ->  Memoize  (cost=0.44..7.24 rows=1 width=8) (actual time=0.033..0.033 rows=0 loops=106726)
                                                         Cache Key: mi2.movie_id
                                                         Cache Mode: logical
                                                         Hits: 2091  Misses: 104635  Evictions: 0  Overflows: 0  Memory Usage: 8028kB
                                                         Buffers: shared hit=387142 read=31398
                                                         ->  Index Scan using title_pkey on title t  (cost=0.43..7.23 rows=1 width=8) (actual time=0.033..0.033 rows=0 loops=104635)
                                                               Index Cond: (id = mi2.movie_id)
                                                               Filter: ((production_year <= 1975) AND (1875 < production_year))
                                                               Rows Removed by Filter: 1
                                                               Buffers: shared hit=387142 read=31398
                                             ->  Hash  (cost=1.10..1.10 rows=3 width=4) (actual time=0.016..0.017 rows=3 loops=1)
                                                   Buckets: 1024  Batches: 1  Memory Usage: 9kB
                                                   Buffers: shared hit=1
                                                   ->  Seq Scan on kind_type kt  (cost=0.00..1.10 rows=3 width=4) (actual time=0.010..0.012 rows=3 loops=1)
                                                         Filter: ((kind)::text = ANY ('{episode,movie,"tv movie"}'::text[]))
                                                         Rows Removed by Filter: 4
                                                         Buffers: shared hit=1
                                       ->  Index Scan using movie_id_movie_info on movie_info mi1  (cost=0.46..42.93 rows=1 width=8) (actual time=0.086..0.089 rows=0 loops=26946)
                                             Index Cond: (movie_id = t.id)
                                             Filter: ((info_type_id = 8) AND ((info)::text = ANY ('{Belgium,Canada,Egypt,"Hong Kong",India,Italy,Netherlands,Poland,Romania,Sweden}'::text[])))
                                             Rows Removed by Filter: 11
                                             Buffers: shared hit=244900 read=26527
                                 ->  Index Scan using movie_id_cast_info on cast_info ci  (cost=0.44..44.17 rows=38 width=12) (actual time=0.035..0.161 rows=15 loops=12345)
                                       Index Cond: (movie_id = t.id)
                                       Buffers: shared hit=191119 read=23362
                           ->  Hash  (cost=1.15..1.15 rows=1 width=4) (actual time=0.036..0.037 rows=1 loops=1)
                                 Buckets: 1024  Batches: 1  Memory Usage: 9kB
                                 Buffers: shared hit=1
                                 ->  Seq Scan on role_type rt  (cost=0.00..1.15 rows=1 width=4) (actual time=0.027..0.029 rows=1 loops=1)
                                       Filter: ((role)::text = 'miscellaneous crew'::text)
                                       Rows Removed by Filter: 11
                                       Buffers: shared hit=1
                     ->  Index Scan using name_pkey on name n  (cost=0.43..2.32 rows=1 width=4) (actual time=0.038..0.038 rows=0 loops=6270)
                           Index Cond: (id = ci.person_id)
                           Filter: ((gender)::text = 'm'::text)
                           Rows Removed by Filter: 1
                           Buffers: shared hit=21264 read=3816
               ->  Seq Scan on info_type it1  (cost=0.00..2.41 rows=1 width=4) (actual time=0.011..0.019 rows=1 loops=1606)
                     Filter: (id = 8)
                     Rows Removed by Filter: 112
                     Buffers: shared hit=1606
         ->  Seq Scan on info_type it2  (cost=0.00..2.41 rows=1 width=4) (actual time=0.009..0.018 rows=1 loops=1606)
               Filter: (id = 4)
               Rows Removed by Filter: 112
               Buffers: shared hit=1606
 Planning:
   Buffers: shared hit=576 read=1
 Planning Time: 14.691 ms
 Execution Time: 9129.383 ms
(78 rows)

