                                                                                               QUERY PLAN                                                                                               
--------------------------------------------------------------------------------------------------------------------------------------------------------------------------------------------------------
 Aggregate  (cost=710500.05..710500.06 rows=1 width=8) (actual time=17135.300..17135.308 rows=1 loops=1)
   Buffers: shared hit=1530426 read=242196
   ->  Nested Loop  (cost=14219.97..710499.47 rows=233 width=0) (actual time=37.849..17130.419 rows=22428 loops=1)
         Buffers: shared hit=1530426 read=242196
         ->  Hash Join  (cost=14219.54..709669.08 rows=358 width=4) (actual time=37.766..14914.795 rows=62234 loops=1)
               Hash Cond: (ci.role_id = rt.id)
               Buffers: shared hit=1306101 read=217585
               ->  Nested Loop  (cost=14218.37..709660.27 rows=2150 width=8) (actual time=37.709..14829.379 rows=402842 loops=1)
                     Buffers: shared hit=1306100 read=217585
                     ->  Nested Loop  (cost=14217.93..703099.94 rows=150 width=12) (actual time=37.678..10115.520 rows=21617 loops=1)
                           Buffers: shared hit=979222 read=89841
                           ->  Seq Scan on info_type it2  (cost=0.00..2.41 rows=1 width=4) (actual time=0.029..0.040 rows=1 loops=1)
                                 Filter: (id = 4)
                                 Rows Removed by Filter: 112
                                 Buffers: shared hit=1
                           ->  Nested Loop  (cost=14217.93..703096.03 rows=150 width=16) (actual time=37.648..10110.399 rows=21617 loops=1)
                                 Buffers: shared hit=979221 read=89841
                                 ->  Seq Scan on info_type it1  (cost=0.00..2.41 rows=1 width=4) (actual time=0.009..0.021 rows=1 loops=1)
                                       Filter: (id = 8)
                                       Rows Removed by Filter: 112
                                       Buffers: shared hit=1
                                 ->  Nested Loop  (cost=14217.93..703092.12 rows=150 width=20) (actual time=37.636..10104.993 rows=21617 loops=1)
                                       Buffers: shared hit=979220 read=89841
                                       ->  Hash Join  (cost=14217.49..482792.53 rows=5169 width=12) (actual time=37.558..8037.072 rows=23013 loops=1)
                                             Hash Cond: (t.kind_id = kt.id)
                                             Buffers: shared hit=819942 read=33768
                                             ->  Nested Loop  (cost=14216.36..482740.57 rows=12060 width=16) (actual time=37.513..8000.584 rows=133285 loops=1)
                                                   Buffers: shared hit=819941 read=33768
                                                   ->  Bitmap Heap Scan on movie_info mi1  (cost=14215.92..386811.21 rows=17497 width=8) (actual time=37.482..473.936 rows=215295 loops=1)
                                                         Recheck Cond: (info_type_id = 8)
                                                         Filter: ((info)::text = ANY ('{Canada,France,"Hong Kong",India,Israel,Poland,Russia,Spain,Turkey}'::text[]))
                                                         Rows Removed by Filter: 1110066
                                                         Heap Blocks: exact=7853
                                                         Buffers: shared hit=109 read=8784
                                                         ->  Bitmap Index Scan on info_type_id_movie_info  (cost=0.00..14211.52 rows=1329478 width=0) (actual time=36.493..36.494 rows=1325361 loops=1)
                                                               Index Cond: (info_type_id = 8)
                                                               Buffers: shared read=1040
                                                   ->  Memoize  (cost=0.44..5.60 rows=1 width=8) (actual time=0.034..0.034 rows=1 loops=215295)
                                                         Cache Key: mi1.movie_id
                                                         Cache Mode: logical
                                                         Hits: 4091  Misses: 211204  Evictions: 117111  Overflows: 0  Memory Usage: 8193kB
                                                         Buffers: shared hit=819832 read=24984
                                                         ->  Index Scan using title_pkey on title t  (cost=0.43..5.59 rows=1 width=8) (actual time=0.034..0.034 rows=1 loops=211204)
                                                               Index Cond: (id = mi1.movie_id)
                                                               Filter: ((production_year <= 2015) AND (1990 < production_year))
                                                               Rows Removed by Filter: 0
                                                               Buffers: shared hit=819832 read=24984
                                             ->  Hash  (cost=1.10..1.10 rows=3 width=4) (actual time=0.019..0.020 rows=3 loops=1)
                                                   Buckets: 1024  Batches: 1  Memory Usage: 9kB
                                                   Buffers: shared hit=1
                                                   ->  Seq Scan on kind_type kt  (cost=0.00..1.10 rows=3 width=4) (actual time=0.008..0.010 rows=3 loops=1)
                                                         Filter: ((kind)::text = ANY ('{"tv movie","tv series","video game"}'::text[]))
                                                         Rows Removed by Filter: 4
                                                         Buffers: shared hit=1
                                       ->  Index Scan using movie_id_movie_info on movie_info mi2  (cost=0.43..42.61 rows=1 width=8) (actual time=0.053..0.089 rows=1 loops=23013)
                                             Index Cond: (movie_id = t.id)
                                             Filter: ((info_type_id = 4) AND ((info)::text = ANY ('{Cantonese,English,French,Hebrew,Malayalam,Polish,Russian,Spanish,Turkish}'::text[])))
                                             Rows Removed by Filter: 7
                                             Buffers: shared hit=159278 read=56073
                     ->  Index Scan using movie_id_cast_info on cast_info ci  (cost=0.44..43.36 rows=38 width=12) (actual time=0.038..0.213 rows=19 loops=21617)
                           Index Cond: (movie_id = t.id)
                           Buffers: shared hit=326878 read=127744
               ->  Hash  (cost=1.15..1.15 rows=2 width=4) (actual time=0.034..0.035 rows=2 loops=1)
                     Buckets: 1024  Batches: 1  Memory Usage: 9kB
                     Buffers: shared hit=1
                     ->  Seq Scan on role_type rt  (cost=0.00..1.15 rows=2 width=4) (actual time=0.025..0.028 rows=2 loops=1)
                           Filter: ((role)::text = ANY ('{producer,writer}'::text[]))
                           Rows Removed by Filter: 10
                           Buffers: shared hit=1
         ->  Index Scan using name_pkey on name n  (cost=0.43..2.32 rows=1 width=4) (actual time=0.035..0.035 rows=0 loops=62234)
               Index Cond: (id = ci.person_id)
               Filter: ((gender)::text = ANY ('{f,m}'::text[]))
               Rows Removed by Filter: 1
               Buffers: shared hit=224325 read=24611
 Planning:
   Buffers: shared hit=532 read=45
 Planning Time: 14.733 ms
 Execution Time: 17138.201 ms
(78 rows)

