                                                                                                  QUERY PLAN                                                                                                  
--------------------------------------------------------------------------------------------------------------------------------------------------------------------------------------------------------------
 Aggregate  (cost=910786.46..910786.47 rows=1 width=8) (actual time=48801.241..48801.249 rows=1 loops=1)
   Buffers: shared hit=4364440 read=515896, temp read=6995 written=6921
   ->  Nested Loop  (cost=829316.39..910784.51 rows=780 width=0) (actual time=954.209..48790.005 rows=47488 loops=1)
         Buffers: shared hit=4364440 read=515896, temp read=6995 written=6921
         ->  Hash Join  (cost=829315.96..908008.04 rows=1197 width=4) (actual time=954.173..45102.640 rows=94532 loops=1)
               Hash Cond: (ci.role_id = rt.id)
               Buffers: shared hit=4036412 read=465796, temp read=6995 written=6921
               ->  Nested Loop  (cost=829314.78..907981.37 rows=7181 width=8) (actual time=954.089..44803.314 rows=1503239 loops=1)
                     Buffers: shared hit=4036411 read=465796, temp read=6995 written=6921
                     ->  Nested Loop  (cost=829314.34..886088.82 rows=501 width=12) (actual time=954.065..26977.194 rows=83841 loops=1)
                           Buffers: shared hit=2726395 read=56580, temp read=6995 written=6921
                           ->  Nested Loop  (cost=829314.34..886080.14 rows=501 width=16) (actual time=954.060..26917.807 rows=83841 loops=1)
                                 Buffers: shared hit=2726394 read=56580, temp read=6995 written=6921
                                 ->  Nested Loop  (cost=829314.34..886071.46 rows=501 width=20) (actual time=954.040..26858.660 rows=83841 loops=1)
                                       Buffers: shared hit=2726393 read=56580, temp read=6995 written=6921
                                       ->  Nested Loop  (cost=829314.20..886027.81 rows=1754 width=24) (actual time=954.024..26454.544 rows=554730 loops=1)
                                             Buffers: shared hit=2726383 read=56578, temp read=6995 written=6921
                                             ->  Merge Join  (cost=829313.77..830224.83 rows=16282 width=16) (actual time=953.978..1860.921 rows=691164 loops=1)
                                                   Merge Cond: (mi1.movie_id = mi2.movie_id)
                                                   Buffers: shared hit=5790 read=12515, temp read=6995 written=6921
                                                   ->  Sort  (cost=393002.19..393192.62 rows=76171 width=8) (actual time=406.169..597.780 rows=831798 loops=1)
                                                         Sort Key: mi1.movie_id
                                                         Sort Method: external merge  Disk: 14696kB
                                                         Buffers: shared hit=2637 read=6256, temp read=1837 written=1848
                                                         ->  Bitmap Heap Scan on movie_info mi1  (cost=14230.59..386825.89 rows=76171 width=8) (actual time=37.860..263.819 rows=831799 loops=1)
                                                               Recheck Cond: (info_type_id = 8)
                                                               Filter: ((info)::text = ANY ('{Austria,Colombia,"Czech Republic",France,"Hong Kong",India,Nigeria,Spain,Switzerland,UK,USA}'::text[]))
                                                               Rows Removed by Filter: 493562
                                                               Heap Blocks: exact=7853
                                                               Buffers: shared hit=2637 read=6256
                                                               ->  Bitmap Index Scan on info_type_id_movie_info  (cost=0.00..14211.52 rows=1329478 width=0) (actual time=36.859..36.860 rows=1325361 loops=1)
                                                                     Index Cond: (info_type_id = 8)
                                                                     Buffers: shared read=1040
                                                   ->  Sort  (cost=436311.58..436495.27 rows=73477 width=8) (actual time=547.801..747.786 rows=952552 loops=1)
                                                         Sort Key: mi2.movie_id
                                                         Sort Method: external sort  Disk: 20280kB
                                                         Buffers: shared hit=3153 read=6259, temp read=5109 written=5073
                                                         ->  Bitmap Heap Scan on movie_info mi2  (cost=13073.74..430372.80 rows=73477 width=8) (actual time=31.593..320.773 rows=938181 loops=1)
                                                               Recheck Cond: (info_type_id = 4)
                                                               Filter: ((info)::text = ANY ('{Bengali,English,Galician,German,None,Spanish,Yoruba}'::text[]))
                                                               Rows Removed by Filter: 360808
                                                               Heap Blocks: exact=8393
                                                               Buffers: shared hit=3153 read=6259
                                                               ->  Bitmap Index Scan on info_type_id_movie_info  (cost=0.00..13055.37 rows=1221191 width=0) (actual time=30.554..30.555 rows=1298989 loops=1)
                                                                     Index Cond: (info_type_id = 4)
                                                                     Buffers: shared hit=1 read=1018
                                             ->  Index Scan using title_pkey on title t  (cost=0.43..3.43 rows=1 width=8) (actual time=0.035..0.035 rows=1 loops=691164)
                                                   Index Cond: (id = mi1.movie_id)
                                                   Filter: ((production_year <= 2015) AND (1975 < production_year))
                                                   Rows Removed by Filter: 0
                                                   Buffers: shared hit=2720593 read=44063
                                       ->  Memoize  (cost=0.14..0.16 rows=1 width=4) (actual time=0.000..0.000 rows=0 loops=554730)
                                             Cache Key: t.kind_id
                                             Cache Mode: logical
                                             Hits: 554724  Misses: 6  Evictions: 0  Overflows: 0  Memory Usage: 1kB
                                             Buffers: shared hit=10 read=2
                                             ->  Index Scan using kind_type_pkey on kind_type kt  (cost=0.13..0.15 rows=1 width=4) (actual time=0.012..0.012 rows=0 loops=6)
                                                   Index Cond: (id = t.kind_id)
                                                   Filter: ((kind)::text = ANY ('{"tv movie","tv series"}'::text[]))
                                                   Rows Removed by Filter: 1
                                                   Buffers: shared hit=10 read=2
                                 ->  Materialize  (cost=0.00..2.42 rows=1 width=4) (actual time=0.000..0.000 rows=1 loops=83841)
                                       Buffers: shared hit=1
                                       ->  Seq Scan on info_type it1  (cost=0.00..2.41 rows=1 width=4) (actual time=0.013..0.017 rows=1 loops=1)
                                             Filter: (id = 8)
                                             Rows Removed by Filter: 112
                                             Buffers: shared hit=1
                           ->  Materialize  (cost=0.00..2.42 rows=1 width=4) (actual time=0.000..0.000 rows=1 loops=83841)
                                 Buffers: shared hit=1
                                 ->  Seq Scan on info_type it2  (cost=0.00..2.41 rows=1 width=4) (actual time=0.004..0.009 rows=1 loops=1)
                                       Filter: (id = 4)
                                       Rows Removed by Filter: 112
                                       Buffers: shared hit=1
                     ->  Index Scan using movie_id_cast_info on cast_info ci  (cost=0.44..43.32 rows=38 width=12) (actual time=0.037..0.207 rows=18 loops=83841)
                           Index Cond: (movie_id = t.id)
                           Buffers: shared hit=1310016 read=409216
               ->  Hash  (cost=1.15..1.15 rows=2 width=4) (actual time=0.039..0.040 rows=2 loops=1)
                     Buckets: 1024  Batches: 1  Memory Usage: 9kB
                     Buffers: shared hit=1
                     ->  Seq Scan on role_type rt  (cost=0.00..1.15 rows=2 width=4) (actual time=0.027..0.029 rows=2 loops=1)
                           Filter: ((role)::text = ANY ('{"costume designer",writer}'::text[]))
                           Rows Removed by Filter: 10
                           Buffers: shared hit=1
         ->  Index Scan using name_pkey on name n  (cost=0.43..2.32 rows=1 width=4) (actual time=0.038..0.038 rows=1 loops=94532)
               Index Cond: (id = ci.person_id)
               Filter: ((gender)::text = ANY ('{f,m}'::text[]))
               Rows Removed by Filter: 0
               Buffers: shared hit=328028 read=50100
 Planning:
   Buffers: shared hit=485 read=92
 Planning Time: 14.499 ms
 Execution Time: 48812.324 ms
(92 rows)

