                                                                                                     QUERY PLAN                                                                                                      
---------------------------------------------------------------------------------------------------------------------------------------------------------------------------------------------------------------------
 Aggregate  (cost=950085.42..950085.43 rows=1 width=8) (actual time=52530.964..52530.973 rows=1 loops=1)
   Buffers: shared hit=4783274 read=544562, temp read=9418 written=9383
   ->  Nested Loop  (cost=858933.38..950084.39 rows=412 width=0) (actual time=1030.798..52526.660 rows=10950 loops=1)
         Buffers: shared hit=4783274 read=544562, temp read=9418 written=9383
         ->  Seq Scan on info_type it2  (cost=0.00..2.41 rows=1 width=4) (actual time=0.036..0.047 rows=1 loops=1)
               Filter: (id = 4)
               Rows Removed by Filter: 112
               Buffers: shared hit=1
         ->  Nested Loop  (cost=858933.38..950077.86 rows=412 width=4) (actual time=1030.760..52523.697 rows=10950 loops=1)
               Buffers: shared hit=4783273 read=544562, temp read=9418 written=9383
               ->  Seq Scan on info_type it1  (cost=0.00..2.41 rows=1 width=4) (actual time=0.010..0.024 rows=1 loops=1)
                     Filter: (id = 8)
                     Rows Removed by Filter: 112
                     Buffers: shared hit=1
               ->  Nested Loop  (cost=858933.38..950071.33 rows=412 width=8) (actual time=1030.748..52520.332 rows=10950 loops=1)
                     Buffers: shared hit=4783272 read=544562, temp read=9418 written=9383
                     ->  Hash Join  (cost=858932.95..947791.24 rows=983 width=12) (actual time=1030.507..50254.378 rows=61050 loops=1)
                           Hash Cond: (ci.role_id = rt.id)
                           Buffers: shared hit=4566442 read=517192, temp read=9418 written=9383
                           ->  Nested Loop  (cost=858931.79..947748.17 rows=11797 width=16) (actual time=1030.428..49873.461 rows=1999196 loops=1)
                                 Buffers: shared hit=4566441 read=517192, temp read=9418 written=9383
                                 ->  Nested Loop  (cost=858931.35..911816.26 rows=823 width=20) (actual time=1030.403..26882.014 rows=112903 loops=1)
                                       Buffers: shared hit=2768291 read=53062, temp read=9418 written=9383
                                       ->  Nested Loop  (cost=858931.20..911769.26 rows=1920 width=24) (actual time=1030.383..26430.163 rows=652170 loops=1)
                                             Join Filter: (t.id = mi1.movie_id)
                                             Buffers: shared hit=2768281 read=53060, temp read=9418 written=9383
                                             ->  Merge Join  (cost=858930.77..859805.44 rows=15153 width=16) (actual time=1030.334..1886.753 rows=700759 loops=1)
                                                   Merge Cond: (mi1.movie_id = mi2.movie_id)
                                                   Buffers: shared hit=9175 read=9130, temp read=9418 written=9383
                                                   ->  Sort  (cost=392261.07..392430.48 rows=67762 width=8) (actual time=436.742..579.506 rows=753202 loops=1)
                                                         Sort Key: mi1.movie_id
                                                         Sort Method: external sort  Disk: 16280kB
                                                         Buffers: shared hit=5286 read=3607, temp read=4062 written=4072
                                                         ->  Bitmap Heap Scan on movie_info mi1  (cost=14228.49..386823.79 rows=67762 width=8) (actual time=37.530..253.515 rows=753202 loops=1)
                                                               Recheck Cond: (info_type_id = 8)
                                                               Filter: ((info)::text = ANY ('{Australia,Belgium,Bulgaria,Denmark,France,Israel,Japan,Netherlands,"New Zealand",Norway,USA,"West Germany"}'::text[]))
                                                               Rows Removed by Filter: 572159
                                                               Heap Blocks: exact=7853
                                                               Buffers: shared hit=5286 read=3607
                                                               ->  Bitmap Index Scan on info_type_id_movie_info  (cost=0.00..14211.52 rows=1329478 width=0) (actual time=36.557..36.557 rows=1325361 loops=1)
                                                                     Index Cond: (info_type_id = 8)
                                                                     Buffers: shared read=1040
                                                   ->  Sort  (cost=466669.70..466861.87 rows=76866 width=8) (actual time=593.583..804.320 rows=996517 loops=1)
                                                         Sort Key: mi2.movie_id
                                                         Sort Method: external sort  Disk: 21232kB
                                                         Buffers: shared hit=3889 read=5523, temp read=5327 written=5311
                                                         ->  Bitmap Heap Scan on movie_info mi2  (cost=13074.58..460432.00 rows=76866 width=8) (actual time=30.436..355.082 rows=982531 loops=1)
                                                               Recheck Cond: (info_type_id = 4)
                                                               Filter: ((info)::text = ANY ('{Bulgarian,Danish,Dutch,English,French,German,Hebrew,Japanese,Norwegian}'::text[]))
                                                               Rows Removed by Filter: 316458
                                                               Heap Blocks: exact=8393
                                                               Buffers: shared hit=3889 read=5523
                                                               ->  Bitmap Index Scan on info_type_id_movie_info  (cost=0.00..13055.37 rows=1221191 width=0) (actual time=29.395..29.396 rows=1298989 loops=1)
                                                                     Index Cond: (info_type_id = 4)
                                                                     Buffers: shared hit=1 read=1018
                                             ->  Index Scan using title_pkey on title t  (cost=0.43..3.42 rows=1 width=8) (actual time=0.034..0.034 rows=1 loops=700759)
                                                   Index Cond: (id = mi2.movie_id)
                                                   Filter: ((production_year <= 2015) AND (1925 < production_year))
                                                   Rows Removed by Filter: 0
                                                   Buffers: shared hit=2759106 read=43930
                                       ->  Memoize  (cost=0.14..0.16 rows=1 width=4) (actual time=0.000..0.000 rows=0 loops=652170)
                                             Cache Key: t.kind_id
                                             Cache Mode: logical
                                             Hits: 652164  Misses: 6  Evictions: 0  Overflows: 0  Memory Usage: 1kB
                                             Buffers: shared hit=10 read=2
                                             ->  Index Scan using kind_type_pkey on kind_type kt  (cost=0.13..0.15 rows=1 width=4) (actual time=0.015..0.015 rows=0 loops=6)
                                                   Index Cond: (id = t.kind_id)
                                                   Filter: ((kind)::text = ANY ('{"tv movie","tv series","video game"}'::text[]))
                                                   Rows Removed by Filter: 0
                                                   Buffers: shared hit=10 read=2
                                 ->  Index Scan using movie_id_cast_info on cast_info ci  (cost=0.44..43.28 rows=38 width=12) (actual time=0.035..0.198 rows=18 loops=112903)
                                       Index Cond: (movie_id = t.id)
                                       Buffers: shared hit=1798150 read=464130
                           ->  Hash  (cost=1.15..1.15 rows=1 width=4) (actual time=0.022..0.023 rows=1 loops=1)
                                 Buckets: 1024  Batches: 1  Memory Usage: 9kB
                                 Buffers: shared hit=1
                                 ->  Seq Scan on role_type rt  (cost=0.00..1.15 rows=1 width=4) (actual time=0.010..0.011 rows=1 loops=1)
                                       Filter: ((role)::text = 'editor'::text)
                                       Rows Removed by Filter: 11
                                       Buffers: shared hit=1
                     ->  Index Scan using name_pkey on name n  (cost=0.43..2.32 rows=1 width=4) (actual time=0.036..0.036 rows=0 loops=61050)
                           Index Cond: (id = ci.person_id)
                           Filter: ((gender)::text = 'm'::text)
                           Rows Removed by Filter: 1
                           Buffers: shared hit=216830 read=27370
 Planning:
   Buffers: shared hit=531 read=46
 Planning Time: 13.841 ms
 Execution Time: 52543.903 ms
(89 rows)

