                                                                                                 QUERY PLAN                                                                                                 
------------------------------------------------------------------------------------------------------------------------------------------------------------------------------------------------------------
 Aggregate  (cost=573210.90..573210.91 rows=1 width=8) (actual time=2190.705..2190.711 rows=1 loops=1)
   Buffers: shared hit=136247 read=71527, temp read=499 written=499
   ->  Nested Loop  (cost=94677.10..573210.85 rows=20 width=0) (actual time=455.462..2190.686 rows=15 loops=1)
         Buffers: shared hit=136247 read=71527, temp read=499 written=499
         ->  Seq Scan on info_type it2  (cost=0.00..2.41 rows=1 width=4) (actual time=0.038..0.043 rows=1 loops=1)
               Filter: (id = 4)
               Rows Removed by Filter: 112
               Buffers: shared hit=1
         ->  Nested Loop  (cost=94677.10..573208.24 rows=20 width=4) (actual time=455.423..2190.633 rows=15 loops=1)
               Buffers: shared hit=136246 read=71527, temp read=499 written=499
               ->  Seq Scan on info_type it1  (cost=0.00..2.41 rows=1 width=4) (actual time=0.007..0.014 rows=1 loops=1)
                     Filter: (id = 8)
                     Rows Removed by Filter: 112
                     Buffers: shared hit=1
               ->  Nested Loop  (cost=94677.10..573205.63 rows=20 width=8) (actual time=455.413..2190.608 rows=15 loops=1)
                     Buffers: shared hit=136245 read=71527, temp read=499 written=499
                     ->  Hash Join  (cost=94676.67..573003.83 rows=87 width=12) (actual time=453.269..2161.606 rows=626 loops=1)
                           Hash Cond: (ci.role_id = rt.id)
                           Buffers: shared hit=134277 read=70991, temp read=499 written=499
                           ->  Nested Loop  (cost=94675.51..572998.95 rows=1046 width=16) (actual time=451.721..2151.097 rows=78963 loops=1)
                                 Buffers: shared hit=134276 read=70991, temp read=499 written=499
                                 ->  Nested Loop  (cost=94675.07..569759.65 rows=73 width=20) (actual time=451.695..1263.234 rows=6749 loops=1)
                                       Buffers: shared hit=62933 read=44989, temp read=499 written=499
                                       ->  Hash Join  (cost=94674.63..468502.76 rows=2352 width=12) (actual time=451.616..739.494 rows=7088 loops=1)
                                             Hash Cond: (mi1.movie_id = t.id)
                                             Buffers: shared hit=13943 read=31342, temp read=499 written=499
                                             ->  Bitmap Heap Scan on movie_info mi1  (cost=14217.90..386813.20 rows=25416 width=8) (actual time=36.382..255.815 rows=263524 loops=1)
                                                   Recheck Cond: (info_type_id = 8)
                                                   Filter: ((info)::text = ANY ('{Argentina,Australia,Denmark,France,"Hong Kong",India,Mexico,"South Korea","Soviet Union",Spain,"West Germany"}'::text[]))
                                                   Rows Removed by Filter: 1061837
                                                   Heap Blocks: exact=7853
                                                   Buffers: shared hit=860 read=8033
                                                   ->  Bitmap Index Scan on info_type_id_movie_info  (cost=0.00..14211.52 rows=1329478 width=0) (actual time=35.408..35.409 rows=1325361 loops=1)
                                                         Index Cond: (info_type_id = 8)
                                                         Buffers: shared read=1040
                                             ->  Hash  (cost=76617.93..76617.93 rows=233984 width=4) (actual time=414.167..414.169 rows=33701 loops=1)
                                                   Buckets: 262144  Batches: 2  Memory Usage: 2644kB
                                                   Buffers: shared hit=13083 read=23309, temp written=49
                                                   ->  Hash Join  (cost=1.13..76617.93 rows=233984 width=4) (actual time=0.059..407.341 rows=33701 loops=1)
                                                         Hash Cond: (t.kind_id = kt.id)
                                                         Buffers: shared hit=13083 read=23309
                                                         ->  Seq Scan on title t  (cost=0.00..74315.95 rows=545963 width=8) (actual time=0.024..375.457 rows=538239 loops=1)
                                                               Filter: ((production_year <= 1990) AND (1950 < production_year))
                                                               Rows Removed by Filter: 1990073
                                                               Buffers: shared hit=13082 read=23309
                                                         ->  Hash  (cost=1.10..1.10 rows=3 width=4) (actual time=0.013..0.014 rows=3 loops=1)
                                                               Buckets: 1024  Batches: 1  Memory Usage: 9kB
                                                               Buffers: shared hit=1
                                                               ->  Seq Scan on kind_type kt  (cost=0.00..1.10 rows=3 width=4) (actual time=0.006..0.008 rows=3 loops=1)
                                                                     Filter: ((kind)::text = ANY ('{"tv series","video game","video movie"}'::text[]))
                                                                     Rows Removed by Filter: 4
                                                                     Buffers: shared hit=1
                                       ->  Index Scan using movie_id_movie_info on movie_info mi2  (cost=0.43..43.04 rows=1 width=8) (actual time=0.059..0.073 rows=1 loops=7088)
                                             Index Cond: (movie_id = t.id)
                                             Filter: ((info_type_id = 4) AND ((info)::text = ANY ('{Cantonese,Danish,English,French,German,Hindi,Korean,Russian,Spanish}'::text[])))
                                             Rows Removed by Filter: 6
                                             Buffers: shared hit=48990 read=13647
                                 ->  Index Scan using movie_id_cast_info on cast_info ci  (cost=0.44..43.99 rows=38 width=12) (actual time=0.031..0.129 rows=12 loops=6749)
                                       Index Cond: (movie_id = t.id)
                                       Buffers: shared hit=71343 read=26002
                           ->  Hash  (cost=1.15..1.15 rows=1 width=4) (actual time=0.012..0.013 rows=1 loops=1)
                                 Buckets: 1024  Batches: 1  Memory Usage: 9kB
                                 Buffers: shared hit=1
                                 ->  Seq Scan on role_type rt  (cost=0.00..1.15 rows=1 width=4) (actual time=0.008..0.008 rows=1 loops=1)
                                       Filter: ((role)::text = 'production designer'::text)
                                       Rows Removed by Filter: 11
                                       Buffers: shared hit=1
                     ->  Index Scan using name_pkey on name n  (cost=0.43..2.32 rows=1 width=4) (actual time=0.046..0.046 rows=0 loops=626)
                           Index Cond: (id = ci.person_id)
                           Filter: ((gender)::text = 'f'::text)
                           Rows Removed by Filter: 1
                           Buffers: shared hit=1968 read=536
 Planning:
   Buffers: shared hit=485 read=92
 Planning Time: 13.211 ms
 Execution Time: 2191.147 ms
(76 rows)

