                                                                                                  QUERY PLAN                                                                                                  
--------------------------------------------------------------------------------------------------------------------------------------------------------------------------------------------------------------
 Aggregate  (cost=929483.68..929483.69 rows=1 width=8) (actual time=117592.604..117592.612 rows=1 loops=1)
   Buffers: shared hit=10717678 read=1364657, temp read=7756 written=7755
   ->  Nested Loop  (cost=871984.56..929482.72 rows=383 width=0) (actual time=1033.973..117566.701 rows=94884 loops=1)
         Buffers: shared hit=10717678 read=1364657, temp read=7756 written=7755
         ->  Seq Scan on info_type it2  (cost=0.00..2.41 rows=1 width=4) (actual time=0.050..0.059 rows=1 loops=1)
               Filter: (id = 4)
               Rows Removed by Filter: 112
               Buffers: shared hit=1
         ->  Nested Loop  (cost=871984.56..929476.48 rows=383 width=4) (actual time=1033.921..117543.998 rows=94884 loops=1)
               Buffers: shared hit=10717677 read=1364657, temp read=7756 written=7755
               ->  Seq Scan on info_type it1  (cost=0.00..2.41 rows=1 width=4) (actual time=0.010..0.022 rows=1 loops=1)
                     Filter: (id = 8)
                     Rows Removed by Filter: 112
                     Buffers: shared hit=1
               ->  Nested Loop  (cost=871984.56..929470.24 rows=383 width=8) (actual time=1033.910..117520.928 rows=94884 loops=1)
                     Buffers: shared hit=10717676 read=1364657, temp read=7756 written=7755
                     ->  Hash Join  (cost=871984.13..927352.52 rows=913 width=12) (actual time=1022.286..105401.322 rows=318211 loops=1)
                           Hash Cond: (ci.role_id = rt.id)
                           Buffers: shared hit=9597848 read=1211641, temp read=7756 written=7755
                           ->  Nested Loop  (cost=871982.96..927331.89 rows=5476 width=16) (actual time=1021.794..103796.575 rows=8037776 loops=1)
                                 Buffers: shared hit=9597847 read=1211641, temp read=7756 written=7755
                                 ->  Nested Loop  (cost=871982.52..910653.90 rows=382 width=20) (actual time=1021.773..19656.267 rows=322304 loops=1)
                                       Buffers: shared hit=1993164 read=48793, temp read=7756 written=7755
                                       ->  Nested Loop  (cost=871982.37..910620.42 rows=1335 width=24) (actual time=1021.673..19270.069 rows=468344 loops=1)
                                             Join Filter: (t.id = mi1.movie_id)
                                             Buffers: shared hit=1993153 read=48792, temp read=7756 written=7755
                                             ->  Merge Join  (cost=871981.94..872692.64 rows=10538 width=16) (actual time=1021.617..1764.944 rows=505910 loops=1)
                                                   Merge Cond: (mi1.movie_id = mi2.movie_id)
                                                   Buffers: shared hit=12699 read=5606, temp read=7756 written=7755
                                                   ->  Sort  (cost=436240.53..436375.70 rows=54068 width=8) (actual time=506.821..618.888 rows=587555 loops=1)
                                                         Sort Key: mi1.movie_id
                                                         Sort Method: external sort  Disk: 12704kB
                                                         Buffers: shared hit=8893, temp read=3169 written=3177
                                                         ->  Bitmap Heap Scan on movie_info mi1  (cost=14225.04..431990.11 rows=54068 width=8) (actual time=35.795..363.521 rows=587555 loops=1)
                                                               Recheck Cond: (info_type_id = 8)
                                                               Filter: ((info)::text = ANY ('{Albania,"Hong Kong",India,Indonesia,Malaysia,"Soviet Union",USA}'::text[]))
                                                               Rows Removed by Filter: 737806
                                                               Heap Blocks: exact=7853
                                                               Buffers: shared hit=8893
                                                               ->  Bitmap Index Scan on info_type_id_movie_info  (cost=0.00..14211.52 rows=1329478 width=0) (actual time=34.810..34.810 rows=1325361 loops=1)
                                                                     Index Cond: (info_type_id = 8)
                                                                     Buffers: shared hit=1040
                                                   ->  Sort  (cost=435741.42..435908.90 rows=66995 width=8) (actual time=514.785..723.189 rows=850982 loops=1)
                                                         Sort Key: mi2.movie_id
                                                         Sort Method: external sort  Disk: 18304kB
                                                         Buffers: shared hit=3806 read=5606, temp read=4577 written=4578
                                                         ->  Bitmap Heap Scan on movie_info mi2  (cost=13072.12..430371.18 rows=66995 width=8) (actual time=30.933..310.683 rows=846922 loops=1)
                                                               Recheck Cond: (info_type_id = 4)
                                                               Filter: ((info)::text = ANY ('{Albanian,English,Georgian,German,Indonesian,Kannada,Malay}'::text[]))
                                                               Rows Removed by Filter: 452067
                                                               Heap Blocks: exact=8393
                                                               Buffers: shared hit=3806 read=5606
                                                               ->  Bitmap Index Scan on info_type_id_movie_info  (cost=0.00..13055.37 rows=1221191 width=0) (actual time=29.902..29.902 rows=1298989 loops=1)
                                                                     Index Cond: (info_type_id = 4)
                                                                     Buffers: shared hit=1 read=1018
                                             ->  Index Scan using title_pkey on title t  (cost=0.43..3.59 rows=1 width=8) (actual time=0.034..0.034 rows=1 loops=505910)
                                                   Index Cond: (id = mi2.movie_id)
                                                   Filter: ((production_year <= 2015) AND (1925 < production_year))
                                                   Rows Removed by Filter: 0
                                                   Buffers: shared hit=1980454 read=43186
                                       ->  Memoize  (cost=0.14..0.16 rows=1 width=4) (actual time=0.000..0.000 rows=1 loops=468344)
                                             Cache Key: t.kind_id
                                             Cache Mode: logical
                                             Hits: 468338  Misses: 6  Evictions: 0  Overflows: 0  Memory Usage: 1kB
                                             Buffers: shared hit=11 read=1
                                             ->  Index Scan using kind_type_pkey on kind_type kt  (cost=0.13..0.15 rows=1 width=4) (actual time=0.012..0.012 rows=0 loops=6)
                                                   Index Cond: (id = t.kind_id)
                                                   Filter: ((kind)::text = ANY ('{episode,movie}'::text[]))
                                                   Rows Removed by Filter: 1
                                                   Buffers: shared hit=11 read=1
                                 ->  Index Scan using movie_id_cast_info on cast_info ci  (cost=0.44..43.28 rows=38 width=12) (actual time=0.035..0.254 rows=25 loops=322304)
                                       Index Cond: (movie_id = t.id)
                                       Buffers: shared hit=7604683 read=1162848
                           ->  Hash  (cost=1.15..1.15 rows=2 width=4) (actual time=0.024..0.025 rows=2 loops=1)
                                 Buckets: 1024  Batches: 1  Memory Usage: 9kB
                                 Buffers: shared hit=1
                                 ->  Seq Scan on role_type rt  (cost=0.00..1.15 rows=2 width=4) (actual time=0.013..0.014 rows=2 loops=1)
                                       Filter: ((role)::text = ANY ('{editor,"production designer"}'::text[]))
                                       Rows Removed by Filter: 10
                                       Buffers: shared hit=1
                     ->  Index Scan using name_pkey on name n  (cost=0.43..2.32 rows=1 width=4) (actual time=0.037..0.037 rows=0 loops=318211)
                           Index Cond: (id = ci.person_id)
                           Filter: ((gender)::text = 'm'::text)
                           Rows Removed by Filter: 1
                           Buffers: shared hit=1119828 read=153016
 Planning:
   Buffers: shared hit=574
 Planning Time: 13.233 ms
 Execution Time: 117601.816 ms
(89 rows)

