                                                                                               QUERY PLAN                                                                                               
--------------------------------------------------------------------------------------------------------------------------------------------------------------------------------------------------------
 Aggregate  (cost=473267.47..473267.48 rows=1 width=8) (actual time=11767.426..11767.433 rows=1 loops=1)
   Buffers: shared hit=1034461 read=160007
   ->  Nested Loop  (cost=14216.82..473267.42 rows=21 width=0) (actual time=50.557..11764.574 rows=11056 loops=1)
         Buffers: shared hit=1034461 read=160007
         ->  Seq Scan on info_type it2  (cost=0.00..2.41 rows=1 width=4) (actual time=0.039..0.048 rows=1 loops=1)
               Filter: (id = 4)
               Rows Removed by Filter: 112
               Buffers: shared hit=1
         ->  Nested Loop  (cost=14216.82..473264.80 rows=21 width=4) (actual time=50.517..11762.107 rows=11056 loops=1)
               Buffers: shared hit=1034460 read=160007
               ->  Seq Scan on info_type it1  (cost=0.00..2.41 rows=1 width=4) (actual time=0.008..0.019 rows=1 loops=1)
                     Filter: (id = 8)
                     Rows Removed by Filter: 112
                     Buffers: shared hit=1
               ->  Nested Loop  (cost=14216.82..473262.18 rows=21 width=8) (actual time=50.506..11759.589 rows=11056 loops=1)
                     Buffers: shared hit=1034459 read=160007
                     ->  Hash Join  (cost=14216.39..473148.52 rows=49 width=12) (actual time=48.448..10863.018 rows=24373 loops=1)
                           Hash Cond: (ci.role_id = rt.id)
                           Buffers: shared hit=947146 read=149828
                           ->  Nested Loop  (cost=14215.23..473145.27 rows=588 width=16) (actual time=37.616..10778.442 rows=439855 loops=1)
                                 Buffers: shared hit=947145 read=149828
                                 ->  Nested Loop  (cost=14214.79..471352.11 rows=41 width=20) (actual time=37.583..5664.409 rows=36107 loops=1)
                                       Buffers: shared hit=473745 read=84065
                                       ->  Hash Join  (cost=14214.35..408476.65 rows=1486 width=12) (actual time=37.500..2686.862 rows=37572 loops=1)
                                             Hash Cond: (t.kind_id = kt.id)
                                             Buffers: shared hit=201459 read=36023
                                             ->  Nested Loop  (cost=14213.22..408460.91 rows=3468 width=16) (actual time=37.344..2667.096 rows=43532 loops=1)
                                                   Buffers: shared hit=201458 read=36023
                                                   ->  Bitmap Heap Scan on movie_info mi1  (cost=14212.78..371751.48 rows=5031 width=8) (actual time=37.307..498.296 rows=57306 loops=1)
                                                         Recheck Cond: (info_type_id = 8)
                                                         Filter: ((info)::text = ANY ('{"New Zealand","South Korea",Spain}'::text[]))
                                                         Rows Removed by Filter: 1268055
                                                         Heap Blocks: exact=7853
                                                         Buffers: shared hit=17 read=8876
                                                         ->  Bitmap Index Scan on info_type_id_movie_info  (cost=0.00..14211.52 rows=1329478 width=0) (actual time=36.290..36.290 rows=1325361 loops=1)
                                                               Index Cond: (info_type_id = 8)
                                                               Buffers: shared read=1040
                                                   ->  Memoize  (cost=0.44..7.33 rows=1 width=8) (actual time=0.037..0.037 rows=1 loops=57306)
                                                         Cache Key: mi1.movie_id
                                                         Cache Mode: logical
                                                         Hits: 159  Misses: 57147  Evictions: 0  Overflows: 0  Memory Usage: 5491kB
                                                         Buffers: shared hit=201441 read=27147
                                                         ->  Index Scan using title_pkey on title t  (cost=0.43..7.32 rows=1 width=8) (actual time=0.036..0.036 rows=1 loops=57147)
                                                               Index Cond: (id = mi1.movie_id)
                                                               Filter: ((production_year <= 2015) AND (1990 < production_year))
                                                               Rows Removed by Filter: 0
                                                               Buffers: shared hit=201441 read=27147
                                             ->  Hash  (cost=1.10..1.10 rows=3 width=4) (actual time=0.017..0.017 rows=3 loops=1)
                                                   Buckets: 1024  Batches: 1  Memory Usage: 9kB
                                                   Buffers: shared hit=1
                                                   ->  Seq Scan on kind_type kt  (cost=0.00..1.10 rows=3 width=4) (actual time=0.008..0.009 rows=3 loops=1)
                                                         Filter: ((kind)::text = ANY ('{episode,movie,"video movie"}'::text[]))
                                                         Rows Removed by Filter: 4
                                                         Buffers: shared hit=1
                                       ->  Index Scan using movie_id_movie_info on movie_info mi2  (cost=0.43..42.30 rows=1 width=8) (actual time=0.052..0.078 rows=1 loops=37572)
                                             Index Cond: (movie_id = t.id)
                                             Filter: ((info_type_id = 4) AND ((info)::text = ANY ('{English,Korean,Spanish}'::text[])))
                                             Rows Removed by Filter: 7
                                             Buffers: shared hit=272286 read=48042
                                 ->  Index Scan using movie_id_cast_info on cast_info ci  (cost=0.44..43.36 rows=38 width=12) (actual time=0.036..0.138 rows=12 loops=36107)
                                       Index Cond: (movie_id = t.id)
                                       Buffers: shared hit=473400 read=65763
                           ->  Hash  (cost=1.15..1.15 rows=1 width=4) (actual time=0.014..0.015 rows=1 loops=1)
                                 Buckets: 1024  Batches: 1  Memory Usage: 9kB
                                 Buffers: shared hit=1
                                 ->  Seq Scan on role_type rt  (cost=0.00..1.15 rows=1 width=4) (actual time=0.008..0.009 rows=1 loops=1)
                                       Filter: ((role)::text = 'director'::text)
                                       Rows Removed by Filter: 11
                                       Buffers: shared hit=1
                     ->  Index Scan using name_pkey on name n  (cost=0.43..2.32 rows=1 width=4) (actual time=0.036..0.036 rows=0 loops=24373)
                           Index Cond: (id = ci.person_id)
                           Filter: ((gender)::text = 'm'::text)
                           Rows Removed by Filter: 1
                           Buffers: shared hit=87313 read=10179
 Planning:
   Buffers: shared hit=486 read=88
 Planning Time: 13.400 ms
 Execution Time: 11769.156 ms
(78 rows)

