                                                                                               QUERY PLAN                                                                                               
--------------------------------------------------------------------------------------------------------------------------------------------------------------------------------------------------------
 Aggregate  (cost=573209.47..573209.48 rows=1 width=8) (actual time=9990.033..9990.041 rows=1 loops=1)
   Buffers: shared hit=940711 read=98537
   ->  Nested Loop  (cost=14217.98..573209.29 rows=74 width=0) (actual time=37.856..9979.913 rows=62110 loops=1)
         Buffers: shared hit=940711 read=98537
         ->  Hash Join  (cost=14217.55..572798.73 rows=177 width=4) (actual time=37.824..7681.319 rows=64745 loops=1)
               Hash Cond: (ci.role_id = rt.id)
               Buffers: shared hit=695035 read=85233
               ->  Nested Loop  (cost=14216.37..572793.79 rows=1061 width=8) (actual time=37.766..7633.940 rows=193325 loops=1)
                     Buffers: shared hit=695034 read=85233
                     ->  Nested Loop  (cost=14215.93..569557.36 rows=74 width=12) (actual time=37.736..5631.709 rows=9626 loops=1)
                           Buffers: shared hit=517788 read=55238
                           ->  Seq Scan on info_type it2  (cost=0.00..2.41 rows=1 width=4) (actual time=0.027..0.037 rows=1 loops=1)
                                 Filter: (id = 4)
                                 Rows Removed by Filter: 112
                                 Buffers: shared hit=1
                           ->  Nested Loop  (cost=14215.93..569554.21 rows=74 width=16) (actual time=37.707..5629.215 rows=9626 loops=1)
                                 Buffers: shared hit=517787 read=55238
                                 ->  Seq Scan on info_type it1  (cost=0.00..2.41 rows=1 width=4) (actual time=0.009..0.021 rows=1 loops=1)
                                       Filter: (id = 8)
                                       Rows Removed by Filter: 112
                                       Buffers: shared hit=1
                                 ->  Nested Loop  (cost=14215.93..569551.06 rows=74 width=20) (actual time=37.695..5626.816 rows=9626 loops=1)
                                       Buffers: shared hit=517786 read=55238
                                       ->  Hash Join  (cost=14215.50..449615.38 rows=2838 width=12) (actual time=37.563..4601.220 rows=11164 loops=1)
                                             Hash Cond: (t.kind_id = kt.id)
                                             Buffers: shared hit=438526 read=31320
                                             ->  Nested Loop  (cost=14214.36..449586.34 rows=6621 width=16) (actual time=37.508..4585.118 rows=59257 loops=1)
                                                   Buffers: shared hit=438525 read=31320
                                                   ->  Bitmap Heap Scan on movie_info mi1  (cost=14213.92..386809.22 rows=9606 width=8) (actual time=37.475..562.867 rows=116016 loops=1)
                                                         Recheck Cond: (info_type_id = 8)
                                                         Filter: ((info)::text = ANY ('{India,Italy,Japan,Nigeria}'::text[]))
                                                         Rows Removed by Filter: 1209345
                                                         Heap Blocks: exact=7853
                                                         Buffers: shared hit=12 read=8881
                                                         ->  Bitmap Index Scan on info_type_id_movie_info  (cost=0.00..14211.52 rows=1329478 width=0) (actual time=36.487..36.488 rows=1325361 loops=1)
                                                               Index Cond: (info_type_id = 8)
                                                               Buffers: shared read=1040
                                                   ->  Memoize  (cost=0.44..6.61 rows=1 width=8) (actual time=0.034..0.034 rows=1 loops=116016)
                                                         Cache Key: mi1.movie_id
                                                         Cache Mode: logical
                                                         Hits: 778  Misses: 115238  Evictions: 17795  Overflows: 0  Memory Usage: 8193kB
                                                         Buffers: shared hit=438513 read=22439
                                                         ->  Index Scan using title_pkey on title t  (cost=0.43..6.60 rows=1 width=8) (actual time=0.033..0.033 rows=1 loops=115238)
                                                               Index Cond: (id = mi1.movie_id)
                                                               Filter: ((production_year <= 2015) AND (1990 < production_year))
                                                               Rows Removed by Filter: 0
                                                               Buffers: shared hit=438513 read=22439
                                             ->  Hash  (cost=1.10..1.10 rows=3 width=4) (actual time=0.016..0.017 rows=3 loops=1)
                                                   Buckets: 1024  Batches: 1  Memory Usage: 9kB
                                                   Buffers: shared hit=1
                                                   ->  Seq Scan on kind_type kt  (cost=0.00..1.10 rows=3 width=4) (actual time=0.009..0.011 rows=3 loops=1)
                                                         Filter: ((kind)::text = ANY ('{"tv movie","tv series","video game"}'::text[]))
                                                         Rows Removed by Filter: 4
                                                         Buffers: shared hit=1
                                       ->  Index Scan using movie_id_movie_info on movie_info mi2  (cost=0.43..42.25 rows=1 width=8) (actual time=0.058..0.091 rows=1 loops=11164)
                                             Index Cond: (movie_id = t.id)
                                             Filter: (((info)::text = ANY ('{English,Japanese}'::text[])) AND (info_type_id = 4))
                                             Rows Removed by Filter: 8
                                             Buffers: shared hit=79260 read=23918
                     ->  Index Scan using movie_id_cast_info on cast_info ci  (cost=0.44..43.36 rows=38 width=12) (actual time=0.036..0.202 rows=20 loops=9626)
                           Index Cond: (movie_id = t.id)
                           Buffers: shared hit=177246 read=29995
               ->  Hash  (cost=1.15..1.15 rows=2 width=4) (actual time=0.035..0.035 rows=2 loops=1)
                     Buckets: 1024  Batches: 1  Memory Usage: 9kB
                     Buffers: shared hit=1
                     ->  Seq Scan on role_type rt  (cost=0.00..1.15 rows=2 width=4) (actual time=0.025..0.028 rows=2 loops=1)
                           Filter: ((role)::text = ANY ('{actor,composer}'::text[]))
                           Rows Removed by Filter: 10
                           Buffers: shared hit=1
         ->  Index Scan using name_pkey on name n  (cost=0.43..2.32 rows=1 width=4) (actual time=0.035..0.035 rows=1 loops=64745)
               Index Cond: (id = ci.person_id)
               Filter: ((gender)::text = 'm'::text)
               Rows Removed by Filter: 0
               Buffers: shared hit=245676 read=13304
 Planning:
   Buffers: shared hit=505 read=69
 Planning Time: 13.718 ms
 Execution Time: 9992.550 ms
(78 rows)

