                                                                                               QUERY PLAN                                                                                               
--------------------------------------------------------------------------------------------------------------------------------------------------------------------------------------------------------
 Aggregate  (cost=625029.52..625029.53 rows=1 width=8) (actual time=18748.186..18748.194 rows=1 loops=1)
   Buffers: shared hit=1814137 read=146679
   ->  Nested Loop  (cost=13063.08..625029.50 rows=7 width=0) (actual time=612.660..18747.936 rows=364 loops=1)
         Buffers: shared hit=1814137 read=146679
         ->  Seq Scan on info_type it2  (cost=0.00..2.41 rows=1 width=4) (actual time=0.033..0.043 rows=1 loops=1)
               Filter: (id = 4)
               Rows Removed by Filter: 112
               Buffers: shared hit=1
         ->  Nested Loop  (cost=13063.08..625027.02 rows=7 width=4) (actual time=612.625..18747.765 rows=364 loops=1)
               Buffers: shared hit=1814136 read=146679
               ->  Seq Scan on info_type it1  (cost=0.00..2.41 rows=1 width=4) (actual time=0.007..0.019 rows=1 loops=1)
                     Filter: (id = 8)
                     Rows Removed by Filter: 112
                     Buffers: shared hit=1
               ->  Nested Loop  (cost=13063.08..625024.53 rows=7 width=8) (actual time=612.615..18747.606 rows=364 loops=1)
                     Buffers: shared hit=1814135 read=146679
                     ->  Hash Join  (cost=13062.65..624950.31 rows=32 width=12) (actual time=56.433..18271.593 rows=13131 loops=1)
                           Hash Cond: (ci.role_id = rt.id)
                           Buffers: shared hit=1767564 read=140726
                           ->  Nested Loop  (cost=13061.49..624947.77 rows=387 width=16) (actual time=50.621..18196.566 rows=408911 loops=1)
                                 Buffers: shared hit=1767563 read=140726
                                 ->  Nested Loop  (cost=13061.05..623744.81 rows=27 width=20) (actual time=50.582..13511.124 rows=27298 loops=1)
                                       Buffers: shared hit=1346054 read=80353
                                       ->  Hash Join  (cost=13060.59..575180.02 rows=1131 width=12) (actual time=38.255..8628.142 rows=53455 loops=1)
                                             Hash Cond: (t.kind_id = kt.id)
                                             Buffers: shared hit=835683 read=45230
                                             ->  Nested Loop  (cost=13059.45..575167.77 rows=2638 width=16) (actual time=38.063..8600.543 rows=55852 loops=1)
                                                   Buffers: shared hit=835682 read=45230
                                                   ->  Bitmap Heap Scan on movie_info mi2  (cost=13059.01..490474.79 rows=14587 width=8) (actual time=37.962..931.837 rows=223234 loops=1)
                                                         Recheck Cond: (info_type_id = 4)
                                                         Filter: ((info)::text = ANY ('{Arabic,Bengali,Dutch,French,Hungarian,Italian,Mandarin,Romanian,Spanish,Tamil,Telugu}'::text[]))
                                                         Rows Removed by Filter: 1075755
                                                         Heap Blocks: exact=8393
                                                         Buffers: shared hit=3203 read=6209
                                                         ->  Bitmap Index Scan on info_type_id_movie_info  (cost=0.00..13055.37 rows=1221191 width=0) (actual time=35.022..35.022 rows=1298989 loops=1)
                                                               Index Cond: (info_type_id = 4)
                                                               Buffers: shared read=1019
                                                   ->  Memoize  (cost=0.44..5.91 rows=1 width=8) (actual time=0.034..0.034 rows=0 loops=223234)
                                                         Cache Key: mi2.movie_id
                                                         Cache Mode: logical
                                                         Hits: 5359  Misses: 217875  Evictions: 107730  Overflows: 0  Memory Usage: 8193kB
                                                         Buffers: shared hit=832479 read=39021
                                                         ->  Index Scan using title_pkey on title t  (cost=0.43..5.90 rows=1 width=8) (actual time=0.034..0.034 rows=0 loops=217875)
                                                               Index Cond: (id = mi2.movie_id)
                                                               Filter: ((production_year <= 1975) AND (1875 < production_year))
                                                               Rows Removed by Filter: 1
                                                               Buffers: shared hit=832479 read=39021
                                             ->  Hash  (cost=1.10..1.10 rows=3 width=4) (actual time=0.014..0.015 rows=3 loops=1)
                                                   Buckets: 1024  Batches: 1  Memory Usage: 9kB
                                                   Buffers: shared hit=1
                                                   ->  Seq Scan on kind_type kt  (cost=0.00..1.10 rows=3 width=4) (actual time=0.007..0.009 rows=3 loops=1)
                                                         Filter: ((kind)::text = ANY ('{episode,movie,"tv movie"}'::text[]))
                                                         Rows Removed by Filter: 4
                                                         Buffers: shared hit=1
                                       ->  Index Scan using movie_id_movie_info on movie_info mi1  (cost=0.46..42.93 rows=1 width=8) (actual time=0.087..0.091 rows=1 loops=53455)
                                             Index Cond: (movie_id = t.id)
                                             Filter: ((info_type_id = 8) AND ((info)::text = ANY ('{Belgium,Egypt,France,Hungary,India,Netherlands,Romania,Taiwan,USA}'::text[])))
                                             Rows Removed by Filter: 12
                                             Buffers: shared hit=510371 read=35123
                                 ->  Index Scan using movie_id_cast_info on cast_info ci  (cost=0.44..44.17 rows=38 width=12) (actual time=0.035..0.167 rows=15 loops=27298)
                                       Index Cond: (movie_id = t.id)
                                       Buffers: shared hit=421509 read=60373
                           ->  Hash  (cost=1.15..1.15 rows=1 width=4) (actual time=0.014..0.015 rows=1 loops=1)
                                 Buckets: 1024  Batches: 1  Memory Usage: 9kB
                                 Buffers: shared hit=1
                                 ->  Seq Scan on role_type rt  (cost=0.00..1.15 rows=1 width=4) (actual time=0.008..0.009 rows=1 loops=1)
                                       Filter: ((role)::text = 'producer'::text)
                                       Rows Removed by Filter: 11
                                       Buffers: shared hit=1
                     ->  Index Scan using name_pkey on name n  (cost=0.43..2.32 rows=1 width=4) (actual time=0.036..0.036 rows=0 loops=13131)
                           Index Cond: (id = ci.person_id)
                           Filter: ((gender)::text = 'f'::text)
                           Rows Removed by Filter: 1
                           Buffers: shared hit=46571 read=5953
 Planning:
   Buffers: shared hit=505 read=72
 Planning Time: 12.731 ms
 Execution Time: 18750.571 ms
(78 rows)

