                                                                                               QUERY PLAN                                                                                               
--------------------------------------------------------------------------------------------------------------------------------------------------------------------------------------------------------
 Aggregate  (cost=527797.70..527797.71 rows=1 width=8) (actual time=15247.599..15247.607 rows=1 loops=1)
   Buffers: shared hit=1406986 read=174961
   ->  Nested Loop  (cost=14219.13..527797.65 rows=20 width=0) (actual time=70.337..15247.224 rows=657 loops=1)
         Buffers: shared hit=1406986 read=174961
         ->  Seq Scan on info_type it2  (cost=0.00..2.41 rows=1 width=4) (actual time=0.049..0.061 rows=1 loops=1)
               Filter: (id = 4)
               Rows Removed by Filter: 112
               Buffers: shared hit=1
         ->  Nested Loop  (cost=14219.13..527795.04 rows=20 width=4) (actual time=70.286..15246.954 rows=657 loops=1)
               Buffers: shared hit=1406985 read=174961
               ->  Seq Scan on info_type it1  (cost=0.00..2.41 rows=1 width=4) (actual time=0.009..0.023 rows=1 loops=1)
                     Filter: (id = 8)
                     Rows Removed by Filter: 112
                     Buffers: shared hit=1
               ->  Nested Loop  (cost=14219.13..527792.43 rows=20 width=8) (actual time=70.273..15246.693 rows=657 loops=1)
                     Buffers: shared hit=1406984 read=174961
                     ->  Hash Join  (cost=14218.70..527597.59 rows=84 width=12) (actual time=51.557..14616.169 rows=17399 loops=1)
                           Hash Cond: (ci.role_id = rt.id)
                           Buffers: shared hit=1342297 read=170052
                           ->  Nested Loop  (cost=14217.53..527594.63 rows=502 width=16) (actual time=51.416..14551.243 rows=322892 loops=1)
                                 Buffers: shared hit=1342296 read=170052
                                 ->  Nested Loop  (cost=14217.09..526041.54 rows=35 width=20) (actual time=51.375..10831.767 rows=16733 loops=1)
                                       Buffers: shared hit=1053788 read=93876
                                       ->  Hash Join  (cost=14216.65..469778.48 rows=1310 width=12) (actual time=41.893..5895.646 rows=57985 loops=1)
                                             Hash Cond: (t.kind_id = kt.id)
                                             Buffers: shared hit=587953 read=27809
                                             ->  Nested Loop  (cost=14215.52..469764.46 rows=3056 width=16) (actual time=38.118..5866.418 rows=62403 loops=1)
                                                   Buffers: shared hit=587952 read=27809
                                                   ->  Bitmap Heap Scan on movie_info mi1  (cost=14215.08..386810.38 rows=14150 width=8) (actual time=37.489..470.172 rows=154197 loops=1)
                                                         Recheck Cond: (info_type_id = 8)
                                                         Filter: ((info)::text = ANY ('{Belgium,Canada,Hungary,India,Indonesia,Italy,Romania,"Soviet Union","West Germany"}'::text[]))
                                                         Rows Removed by Filter: 1171164
                                                         Heap Blocks: exact=7853
                                                         Buffers: shared hit=242 read=8651
                                                         ->  Bitmap Index Scan on info_type_id_movie_info  (cost=0.00..14211.52 rows=1329478 width=0) (actual time=36.509..36.509 rows=1325361 loops=1)
                                                               Index Cond: (info_type_id = 8)
                                                               Buffers: shared read=1040
                                                   ->  Memoize  (cost=0.44..5.96 rows=1 width=8) (actual time=0.035..0.035 rows=0 loops=154197)
                                                         Cache Key: mi1.movie_id
                                                         Cache Mode: logical
                                                         Hits: 2480  Misses: 151717  Evictions: 52236  Overflows: 0  Memory Usage: 8193kB
                                                         Buffers: shared hit=587710 read=19158
                                                         ->  Index Scan using title_pkey on title t  (cost=0.43..5.95 rows=1 width=8) (actual time=0.034..0.034 rows=0 loops=151717)
                                                               Index Cond: (id = mi1.movie_id)
                                                               Filter: ((production_year <= 1990) AND (1950 < production_year))
                                                               Rows Removed by Filter: 1
                                                               Buffers: shared hit=587710 read=19158
                                             ->  Hash  (cost=1.10..1.10 rows=3 width=4) (actual time=0.017..0.018 rows=3 loops=1)
                                                   Buckets: 1024  Batches: 1  Memory Usage: 9kB
                                                   Buffers: shared hit=1
                                                   ->  Seq Scan on kind_type kt  (cost=0.00..1.10 rows=3 width=4) (actual time=0.009..0.011 rows=3 loops=1)
                                                         Filter: ((kind)::text = ANY ('{episode,movie,"tv movie"}'::text[]))
                                                         Rows Removed by Filter: 4
                                                         Buffers: shared hit=1
                                       ->  Index Scan using movie_id_movie_info on movie_info mi2  (cost=0.43..42.94 rows=1 width=8) (actual time=0.069..0.085 rows=0 loops=57985)
                                             Index Cond: (movie_id = t.id)
                                             Filter: ((info_type_id = 4) AND ((info)::text = ANY ('{Bengali,English,French,Georgian,Hungarian,Indonesian,Romanian}'::text[])))
                                             Rows Removed by Filter: 9
                                             Buffers: shared hit=465835 read=66067
                                 ->  Index Scan using movie_id_cast_info on cast_info ci  (cost=0.44..43.99 rows=38 width=12) (actual time=0.038..0.216 rows=19 loops=16733)
                                       Index Cond: (movie_id = t.id)
                                       Buffers: shared hit=288508 read=76176
                           ->  Hash  (cost=1.15..1.15 rows=2 width=4) (actual time=0.024..0.025 rows=2 loops=1)
                                 Buckets: 1024  Batches: 1  Memory Usage: 9kB
                                 Buffers: shared hit=1
                                 ->  Seq Scan on role_type rt  (cost=0.00..1.15 rows=2 width=4) (actual time=0.013..0.015 rows=2 loops=1)
                                       Filter: ((role)::text = ANY ('{cinematographer,"costume designer"}'::text[]))
                                       Rows Removed by Filter: 10
                                       Buffers: shared hit=1
                     ->  Index Scan using name_pkey on name n  (cost=0.43..2.32 rows=1 width=4) (actual time=0.036..0.036 rows=0 loops=17399)
                           Index Cond: (id = ci.person_id)
                           Filter: ((gender)::text = 'f'::text)
                           Rows Removed by Filter: 1
                           Buffers: shared hit=64687 read=4909
 Planning:
   Buffers: shared hit=489 read=88
 Planning Time: 14.066 ms
 Execution Time: 15250.209 ms
(78 rows)

