                                                                                                  QUERY PLAN                                                                                                  
--------------------------------------------------------------------------------------------------------------------------------------------------------------------------------------------------------------
 Aggregate  (cost=838267.11..838267.12 rows=1 width=8) (actual time=33055.568..33055.576 rows=1 loops=1)
   Buffers: shared hit=2947976 read=347431, temp read=7518 written=7509
   ->  Nested Loop  (cost=781527.67..838266.60 rows=204 width=0) (actual time=942.793..33052.635 rows=8035 loops=1)
         Buffers: shared hit=2947976 read=347431, temp read=7518 written=7509
         ->  Seq Scan on info_type it2  (cost=0.00..2.41 rows=1 width=4) (actual time=0.038..0.049 rows=1 loops=1)
               Filter: (id = 4)
               Rows Removed by Filter: 112
               Buffers: shared hit=1
         ->  Nested Loop  (cost=781527.67..838262.15 rows=204 width=4) (actual time=942.753..33050.488 rows=8035 loops=1)
               Buffers: shared hit=2947975 read=347431, temp read=7518 written=7509
               ->  Seq Scan on info_type it1  (cost=0.00..2.41 rows=1 width=4) (actual time=0.007..0.020 rows=1 loops=1)
                     Filter: (id = 8)
                     Rows Removed by Filter: 112
                     Buffers: shared hit=1
               ->  Nested Loop  (cost=781527.67..838257.70 rows=204 width=8) (actual time=942.744..33048.081 rows=8035 loops=1)
                     Buffers: shared hit=2947974 read=347431, temp read=7518 written=7509
                     ->  Hash Join  (cost=781527.24..837128.09 rows=487 width=12) (actual time=942.513..31494.752 rows=39545 loops=1)
                           Hash Cond: (ci.role_id = rt.id)
                           Buffers: shared hit=2808272 read=328953, temp read=7518 written=7509
                           ->  Nested Loop  (cost=781526.08..837106.16 rows=5848 width=16) (actual time=942.443..31301.574 rows=990179 loops=1)
                                 Buffers: shared hit=2808271 read=328953, temp read=7518 written=7509
                                 ->  Nested Loop  (cost=781525.64..819262.06 rows=408 width=20) (actual time=942.416..19820.143 rows=48846 loops=1)
                                       Buffers: shared hit=1983619 read=54910, temp read=7518 written=7509
                                       ->  Nested Loop  (cost=781525.49..819238.19 rows=953 width=24) (actual time=942.400..19563.556 rows=357059 loops=1)
                                             Join Filter: (t.id = mi1.movie_id)
                                             Buffers: shared hit=1983607 read=54910, temp read=7518 written=7509
                                             ->  Merge Join  (cost=781525.06..782220.65 rows=10170 width=16) (actual time=942.355..1604.283 rows=505053 loops=1)
                                                   Merge Cond: (mi1.movie_id = mi2.movie_id)
                                                   Buffers: shared hit=6721 read=11584, temp read=7518 written=7509
                                                   ->  Sort  (cost=391046.74..391181.21 rows=53789 width=8) (actual time=464.780..576.320 rows=578086 loops=1)
                                                         Sort Key: mi1.movie_id
                                                         Sort Method: external sort  Disk: 12496kB
                                                         Buffers: shared hit=2207 read=6686, temp read=3118 written=3126
                                                         ->  Bitmap Heap Scan on movie_info mi1  (cost=14224.97..386820.26 rows=53789 width=8) (actual time=36.508..321.336 rows=578086 loops=1)
                                                               Recheck Cond: (info_type_id = 8)
                                                               Filter: ((info)::text = ANY ('{Austria,Bulgaria,India,USA}'::text[]))
                                                               Rows Removed by Filter: 747275
                                                               Heap Blocks: exact=7853
                                                               Buffers: shared hit=2207 read=6686
                                                               ->  Bitmap Index Scan on info_type_id_movie_info  (cost=0.00..14211.52 rows=1329478 width=0) (actual time=35.517..35.517 rows=1325361 loops=1)
                                                                     Index Cond: (info_type_id = 8)
                                                                     Buffers: shared read=1040
                                                   ->  Sort  (cost=390478.33..390640.80 rows=64989 width=8) (actual time=477.567..640.776 rows=814587 loops=1)
                                                         Sort Key: mi2.movie_id
                                                         Sort Method: external sort  Disk: 17520kB
                                                         Buffers: shared hit=4514 read=4898, temp read=4386 written=4383
                                                         ->  Bitmap Heap Scan on movie_info mi2  (cost=13071.61..385283.13 rows=64989 width=8) (actual time=30.513..281.594 rows=810652 loops=1)
                                                               Recheck Cond: (info_type_id = 4)
                                                               Filter: ((info)::text = ANY ('{Bulgarian,English,Italian,Tamil}'::text[]))
                                                               Rows Removed by Filter: 488337
                                                               Heap Blocks: exact=8393
                                                               Buffers: shared hit=4514 read=4898
                                                               ->  Bitmap Index Scan on info_type_id_movie_info  (cost=0.00..13055.37 rows=1221191 width=0) (actual time=29.481..29.481 rows=1298989 loops=1)
                                                                     Index Cond: (info_type_id = 4)
                                                                     Buffers: shared hit=1 read=1018
                                             ->  Index Scan using title_pkey on title t  (cost=0.43..3.63 rows=1 width=8) (actual time=0.035..0.035 rows=1 loops=505053)
                                                   Index Cond: (id = mi2.movie_id)
                                                   Filter: ((production_year <= 2015) AND (1990 < production_year))
                                                   Rows Removed by Filter: 0
                                                   Buffers: shared hit=1976886 read=43326
                                       ->  Memoize  (cost=0.14..0.16 rows=1 width=4) (actual time=0.000..0.000 rows=0 loops=357059)
                                             Cache Key: t.kind_id
                                             Cache Mode: logical
                                             Hits: 357053  Misses: 6  Evictions: 0  Overflows: 0  Memory Usage: 1kB
                                             Buffers: shared hit=12
                                             ->  Index Scan using kind_type_pkey on kind_type kt  (cost=0.13..0.15 rows=1 width=4) (actual time=0.010..0.010 rows=0 loops=6)
                                                   Index Cond: (id = t.kind_id)
                                                   Filter: ((kind)::text = ANY ('{"tv movie","tv series","video game"}'::text[]))
                                                   Rows Removed by Filter: 0
                                                   Buffers: shared hit=12
                                 ->  Index Scan using movie_id_cast_info on cast_info ci  (cost=0.44..43.36 rows=38 width=12) (actual time=0.037..0.229 rows=20 loops=48846)
                                       Index Cond: (movie_id = t.id)
                                       Buffers: shared hit=824652 read=274043
                           ->  Hash  (cost=1.15..1.15 rows=1 width=4) (actual time=0.019..0.019 rows=1 loops=1)
                                 Buckets: 1024  Batches: 1  Memory Usage: 9kB
                                 Buffers: shared hit=1
                                 ->  Seq Scan on role_type rt  (cost=0.00..1.15 rows=1 width=4) (actual time=0.008..0.009 rows=1 loops=1)
                                       Filter: ((role)::text = 'editor'::text)
                                       Rows Removed by Filter: 11
                                       Buffers: shared hit=1
                     ->  Index Scan using name_pkey on name n  (cost=0.43..2.32 rows=1 width=4) (actual time=0.039..0.039 rows=0 loops=39545)
                           Index Cond: (id = ci.person_id)
                           Filter: ((gender)::text = 'm'::text)
                           Rows Removed by Filter: 1
                           Buffers: shared hit=139702 read=18478
 Planning:
   Buffers: shared hit=500 read=74
 Planning Time: 12.772 ms
 Execution Time: 33065.494 ms
(89 rows)

