                                                                                               QUERY PLAN                                                                                               
--------------------------------------------------------------------------------------------------------------------------------------------------------------------------------------------------------
 Aggregate  (cost=373009.48..373009.49 rows=1 width=8) (actual time=2911.916..2911.923 rows=1 loops=1)
   Buffers: shared hit=267599 read=23578
   ->  Nested Loop  (cost=14215.58..373009.47 rows=1 width=0) (actual time=379.207..2911.911 rows=3 loops=1)
         Buffers: shared hit=267599 read=23578
         ->  Hash Join  (cost=14215.15..373007.15 rows=1 width=4) (actual time=38.268..2799.649 rows=3591 loops=1)
               Hash Cond: (ci.role_id = rt.id)
               Buffers: shared hit=253968 read=22845
               ->  Nested Loop  (cost=14213.98..373005.94 rows=14 width=8) (actual time=38.144..2785.217 rows=88413 loops=1)
                     Buffers: shared hit=253967 read=22845
                     ->  Nested Loop  (cost=14213.54..372961.39 rows=1 width=12) (actual time=38.104..1813.632 rows=7267 loops=1)
                           Buffers: shared hit=156267 read=10818
                           ->  Nested Loop  (cost=14213.54..372958.97 rows=1 width=16) (actual time=38.096..1670.303 rows=7267 loops=1)
                                 Buffers: shared hit=149000 read=10818
                                 ->  Nested Loop  (cost=14213.54..372956.54 rows=1 width=20) (actual time=38.076..1532.813 rows=7267 loops=1)
                                       Buffers: shared hit=141733 read=10818
                                       ->  Hash Join  (cost=14213.11..372613.62 rows=8 width=12) (actual time=38.030..914.613 rows=8351 loops=1)
                                             Hash Cond: (t.kind_id = kt.id)
                                             Buffers: shared hit=70747 read=6047
                                             ->  Nested Loop  (cost=14211.98..372612.40 rows=18 width=16) (actual time=37.914..910.707 rows=8626 loops=1)
                                                   Buffers: shared hit=70746 read=6047
                                                   ->  Bitmap Heap Scan on movie_info mi1  (cost=14211.55..371750.25 rows=102 width=8) (actual time=36.600..373.204 rows=16975 loops=1)
                                                         Recheck Cond: (info_type_id = 8)
                                                         Filter: ((info)::text = ANY ('{"East Germany","South Korea",Yugoslavia}'::text[]))
                                                         Rows Removed by Filter: 1308386
                                                         Heap Blocks: exact=7853
                                                         Buffers: shared hit=5371 read=3522
                                                         ->  Bitmap Index Scan on info_type_id_movie_info  (cost=0.00..14211.52 rows=1329478 width=0) (actual time=35.561..35.561 rows=1325361 loops=1)
                                                               Index Cond: (info_type_id = 8)
                                                               Buffers: shared read=1040
                                                   ->  Index Scan using title_pkey on title t  (cost=0.43..8.45 rows=1 width=8) (actual time=0.031..0.031 rows=1 loops=16975)
                                                         Index Cond: (id = mi1.movie_id)
                                                         Filter: ((production_year <= 1975) AND (1875 < production_year))
                                                         Rows Removed by Filter: 0
                                                         Buffers: shared hit=65375 read=2525
                                             ->  Hash  (cost=1.10..1.10 rows=3 width=4) (actual time=0.017..0.018 rows=3 loops=1)
                                                   Buckets: 1024  Batches: 1  Memory Usage: 9kB
                                                   Buffers: shared hit=1
                                                   ->  Seq Scan on kind_type kt  (cost=0.00..1.10 rows=3 width=4) (actual time=0.011..0.013 rows=3 loops=1)
                                                         Filter: ((kind)::text = ANY ('{episode,movie,"tv movie"}'::text[]))
                                                         Rows Removed by Filter: 4
                                                         Buffers: shared hit=1
                                       ->  Index Scan using movie_id_movie_info on movie_info mi2  (cost=0.43..42.86 rows=1 width=8) (actual time=0.037..0.073 rows=1 loops=8351)
                                             Index Cond: (movie_id = t.id)
                                             Filter: ((info_type_id = 4) AND ((info)::text = ANY ('{German,Korean,Serbo-Croatian}'::text[])))
                                             Rows Removed by Filter: 6
                                             Buffers: shared hit=70986 read=4771
                                 ->  Seq Scan on info_type it1  (cost=0.00..2.41 rows=1 width=4) (actual time=0.010..0.017 rows=1 loops=7267)
                                       Filter: (id = 8)
                                       Rows Removed by Filter: 112
                                       Buffers: shared hit=7267
                           ->  Seq Scan on info_type it2  (cost=0.00..2.41 rows=1 width=4) (actual time=0.010..0.018 rows=1 loops=7267)
                                 Filter: (id = 4)
                                 Rows Removed by Filter: 112
                                 Buffers: shared hit=7267
                     ->  Index Scan using movie_id_cast_info on cast_info ci  (cost=0.44..44.17 rows=38 width=12) (actual time=0.036..0.131 rows=12 loops=7267)
                           Index Cond: (movie_id = t.id)
                           Buffers: shared hit=97700 read=12027
               ->  Hash  (cost=1.15..1.15 rows=1 width=4) (actual time=0.033..0.034 rows=1 loops=1)
                     Buckets: 1024  Batches: 1  Memory Usage: 9kB
                     Buffers: shared hit=1
                     ->  Seq Scan on role_type rt  (cost=0.00..1.15 rows=1 width=4) (actual time=0.026..0.027 rows=1 loops=1)
                           Filter: ((role)::text = 'composer'::text)
                           Rows Removed by Filter: 11
                           Buffers: shared hit=1
         ->  Index Scan using name_pkey on name n  (cost=0.43..2.32 rows=1 width=4) (actual time=0.031..0.031 rows=0 loops=3591)
               Index Cond: (id = ci.person_id)
               Filter: ((gender)::text = 'f'::text)
               Rows Removed by Filter: 1
               Buffers: shared hit=13631 read=733
 Planning:
   Buffers: shared hit=529 read=45
 Planning Time: 13.195 ms
 Execution Time: 2912.499 ms
(73 rows)

