                                                                                                 QUERY PLAN                                                                                                 
------------------------------------------------------------------------------------------------------------------------------------------------------------------------------------------------------------
 Aggregate  (cost=551619.70..551619.71 rows=1 width=8) (actual time=5422.208..5422.216 rows=1 loops=1)
   Buffers: shared hit=550115 read=15178
   ->  Nested Loop  (cost=14218.65..551619.67 rows=9 width=0) (actual time=2608.270..5422.209 rows=1 loops=1)
         Buffers: shared hit=550115 read=15178
         ->  Seq Scan on info_type it2  (cost=0.00..2.41 rows=1 width=4) (actual time=0.051..0.060 rows=1 loops=1)
               Filter: (id = 4)
               Rows Removed by Filter: 112
               Buffers: shared hit=1
         ->  Nested Loop  (cost=14218.65..551617.17 rows=9 width=4) (actual time=2608.217..5422.146 rows=1 loops=1)
               Buffers: shared hit=550114 read=15178
               ->  Seq Scan on info_type it1  (cost=0.00..2.41 rows=1 width=4) (actual time=0.009..0.020 rows=1 loops=1)
                     Filter: (id = 8)
                     Rows Removed by Filter: 112
                     Buffers: shared hit=1
               ->  Nested Loop  (cost=14218.65..551614.67 rows=9 width=8) (actual time=2608.204..5422.121 rows=1 loops=1)
                     Buffers: shared hit=550113 read=15178
                     ->  Hash Join  (cost=14218.22..551563.64 rows=22 width=12) (actual time=2608.161..5422.077 rows=1 loops=1)
                           Hash Cond: (ci.role_id = rt.id)
                           Buffers: shared hit=550109 read=15178
                           ->  Nested Loop  (cost=14217.05..551561.55 rows=258 width=16) (actual time=2377.447..5422.025 rows=8 loops=1)
                                 Buffers: shared hit=550108 read=15178
                                 ->  Nested Loop  (cost=14216.61..550759.58 rows=18 width=20) (actual time=2377.386..5421.822 rows=3 loops=1)
                                       Buffers: shared hit=550095 read=15174
                                       ->  Hash Join  (cost=14216.18..522976.42 rows=642 width=12) (actual time=2377.321..5421.484 rows=4 loops=1)
                                             Hash Cond: (t.kind_id = kt.id)
                                             Buffers: shared hit=550064 read=15166
                                             ->  Nested Loop  (cost=14215.07..522965.84 rows=2246 width=16) (actual time=36.360..5412.148 rows=42657 loops=1)
                                                   Buffers: shared hit=550063 read=15166
                                                   ->  Bitmap Heap Scan on movie_info mi1  (cost=14214.63..447036.29 rows=12421 width=8) (actual time=36.033..700.590 rows=140307 loops=1)
                                                         Recheck Cond: (info_type_id = 8)
                                                         Filter: ((info)::text = ANY ('{Australia,Belgium,Egypt,"Hong Kong",India,Italy,Portugal,Sweden}'::text[]))
                                                         Rows Removed by Filter: 1185054
                                                         Heap Blocks: exact=7853
                                                         Buffers: shared hit=8893
                                                         ->  Bitmap Index Scan on info_type_id_movie_info  (cost=0.00..14211.52 rows=1329478 width=0) (actual time=35.068..35.068 rows=1325361 loops=1)
                                                               Index Cond: (info_type_id = 8)
                                                               Buffers: shared hit=1040
                                                   ->  Memoize  (cost=0.44..6.20 rows=1 width=8) (actual time=0.033..0.033 rows=0 loops=140307)
                                                         Cache Key: mi1.movie_id
                                                         Cache Mode: logical
                                                         Hits: 1223  Misses: 139084  Evictions: 38818  Overflows: 0  Memory Usage: 8193kB
                                                         Buffers: shared hit=541170 read=15166
                                                         ->  Index Scan using title_pkey on title t  (cost=0.43..6.19 rows=1 width=8) (actual time=0.032..0.032 rows=0 loops=139084)
                                                               Index Cond: (id = mi1.movie_id)
                                                               Filter: ((production_year <= 1975) AND (1875 < production_year))
                                                               Rows Removed by Filter: 1
                                                               Buffers: shared hit=541170 read=15166
                                             ->  Hash  (cost=1.09..1.09 rows=2 width=4) (actual time=0.021..0.022 rows=2 loops=1)
                                                   Buckets: 1024  Batches: 1  Memory Usage: 9kB
                                                   Buffers: shared hit=1
                                                   ->  Seq Scan on kind_type kt  (cost=0.00..1.09 rows=2 width=4) (actual time=0.013..0.014 rows=2 loops=1)
                                                         Filter: ((kind)::text = ANY ('{"video game","video movie"}'::text[]))
                                                         Rows Removed by Filter: 5
                                                         Buffers: shared hit=1
                                       ->  Index Scan using movie_id_movie_info on movie_info mi2  (cost=0.43..43.27 rows=1 width=8) (actual time=0.041..0.082 rows=1 loops=4)
                                             Index Cond: (movie_id = t.id)
                                             Filter: ((info_type_id = 4) AND ((info)::text = ANY ('{Arabic,Bengali,Cantonese,Dutch,English,French,Malayalam,Mandarin,Portuguese,Swedish,Telugu}'::text[])))
                                             Rows Removed by Filter: 8
                                             Buffers: shared hit=31 read=8
                                 ->  Index Scan using movie_id_cast_info on cast_info ci  (cost=0.44..44.17 rows=38 width=12) (actual time=0.039..0.065 rows=3 loops=3)
                                       Index Cond: (movie_id = t.id)
                                       Buffers: shared hit=13 read=4
                           ->  Hash  (cost=1.15..1.15 rows=1 width=4) (actual time=0.018..0.019 rows=1 loops=1)
                                 Buckets: 1024  Batches: 1  Memory Usage: 9kB
                                 Buffers: shared hit=1
                                 ->  Seq Scan on role_type rt  (cost=0.00..1.15 rows=1 width=4) (actual time=0.011..0.012 rows=1 loops=1)
                                       Filter: ((role)::text = 'cinematographer'::text)
                                       Rows Removed by Filter: 11
                                       Buffers: shared hit=1
                     ->  Index Scan using name_pkey on name n  (cost=0.43..2.32 rows=1 width=4) (actual time=0.041..0.041 rows=1 loops=1)
                           Index Cond: (id = ci.person_id)
                           Filter: ((gender)::text = 'm'::text)
                           Buffers: shared hit=4
 Planning:
   Buffers: shared hit=574
 Planning Time: 14.135 ms
 Execution Time: 5424.718 ms
(77 rows)

