                                                                                               QUERY PLAN                                                                                               
--------------------------------------------------------------------------------------------------------------------------------------------------------------------------------------------------------
 Aggregate  (cost=727656.97..727656.98 rows=1 width=8) (actual time=36052.376..36052.384 rows=1 loops=1)
   Buffers: shared hit=3285393 read=427119
   ->  Nested Loop  (cost=14220.22..727656.29 rows=271 width=0) (actual time=116.412..36049.353 rows=7029 loops=1)
         Buffers: shared hit=3285393 read=427119
         ->  Hash Join  (cost=14219.79..726691.37 rows=416 width=4) (actual time=38.718..34819.154 rows=33917 loops=1)
               Hash Cond: (ci.role_id = rt.id)
               Buffers: shared hit=3158347 read=418497
               ->  Nested Loop  (cost=14218.62..726681.33 rows=2494 width=8) (actual time=38.271..34533.752 rows=1560977 loops=1)
                     Buffers: shared hit=3158346 read=418497
                     ->  Nested Loop  (cost=14218.18..719071.35 rows=174 width=12) (actual time=38.237..17038.793 rows=87697 loops=1)
                           Buffers: shared hit=1660695 read=135528
                           ->  Seq Scan on info_type it2  (cost=0.00..2.41 rows=1 width=4) (actual time=0.029..0.040 rows=1 loops=1)
                                 Filter: (id = 4)
                                 Rows Removed by Filter: 112
                                 Buffers: shared hit=1
                           ->  Nested Loop  (cost=14218.18..719067.20 rows=174 width=16) (actual time=38.207..17015.188 rows=87697 loops=1)
                                 Buffers: shared hit=1660694 read=135528
                                 ->  Seq Scan on info_type it1  (cost=0.00..2.41 rows=1 width=4) (actual time=0.008..0.021 rows=1 loops=1)
                                       Filter: (id = 8)
                                       Rows Removed by Filter: 112
                                       Buffers: shared hit=1
                                 ->  Nested Loop  (cost=14218.18..719063.04 rows=174 width=20) (actual time=38.196..16992.348 rows=87697 loops=1)
                                       Buffers: shared hit=1660693 read=135528
                                       ->  Hash Join  (cost=14217.74..486513.33 rows=5463 width=12) (actual time=38.146..8135.170 rows=98612 loops=1)
                                             Hash Cond: (t.kind_id = kt.id)
                                             Buffers: shared hit=790823 read=40387
                                             ->  Nested Loop  (cost=14216.61..486458.48 rows=12747 width=16) (actual time=37.888..8075.820 rows=128388 loops=1)
                                                   Buffers: shared hit=790822 read=40387
                                                   ->  Bitmap Heap Scan on movie_info mi1  (cost=14216.17..386811.46 rows=18493 width=8) (actual time=37.855..508.085 rows=209447 loops=1)
                                                         Recheck Cond: (info_type_id = 8)
                                                         Filter: ((info)::text = ANY ('{Argentina,Austria,Germany,Greece,India,Ireland,Italy,Japan,Norway,Russia}'::text[]))
                                                         Rows Removed by Filter: 1115914
                                                         Heap Blocks: exact=7853
                                                         Buffers: shared hit=84 read=8809
                                                         ->  Bitmap Index Scan on info_type_id_movie_info  (cost=0.00..14211.52 rows=1329478 width=0) (actual time=36.881..36.882 rows=1325361 loops=1)
                                                               Index Cond: (info_type_id = 8)
                                                               Buffers: shared read=1040
                                                   ->  Memoize  (cost=0.44..5.51 rows=1 width=8) (actual time=0.036..0.036 rows=1 loops=209447)
                                                         Cache Key: mi1.movie_id
                                                         Cache Mode: logical
                                                         Hits: 3868  Misses: 205579  Evictions: 111124  Overflows: 0  Memory Usage: 8193kB
                                                         Buffers: shared hit=790738 read=31578
                                                         ->  Index Scan using title_pkey on title t  (cost=0.43..5.50 rows=1 width=8) (actual time=0.035..0.035 rows=1 loops=205579)
                                                               Index Cond: (id = mi1.movie_id)
                                                               Filter: ((production_year <= 2015) AND (1990 < production_year))
                                                               Rows Removed by Filter: 0
                                                               Buffers: shared hit=790738 read=31578
                                             ->  Hash  (cost=1.10..1.10 rows=3 width=4) (actual time=0.018..0.019 rows=3 loops=1)
                                                   Buckets: 1024  Batches: 1  Memory Usage: 9kB
                                                   Buffers: shared hit=1
                                                   ->  Seq Scan on kind_type kt  (cost=0.00..1.10 rows=3 width=4) (actual time=0.008..0.010 rows=3 loops=1)
                                                         Filter: ((kind)::text = ANY ('{episode,movie,"video movie"}'::text[]))
                                                         Rows Removed by Filter: 4
                                                         Buffers: shared hit=1
                                       ->  Index Scan using movie_id_movie_info on movie_info mi2  (cost=0.43..42.56 rows=1 width=8) (actual time=0.051..0.089 rows=1 loops=98612)
                                             Index Cond: (movie_id = t.id)
                                             Filter: ((info_type_id = 4) AND ((info)::text = ANY ('{English,German,Greek,Italian,Japanese,Norwegian,Russian,Spanish}'::text[])))
                                             Rows Removed by Filter: 10
                                             Buffers: shared hit=869870 read=95141
                     ->  Index Scan using movie_id_cast_info on cast_info ci  (cost=0.44..43.36 rows=38 width=12) (actual time=0.036..0.194 rows=18 loops=87697)
                           Index Cond: (movie_id = t.id)
                           Buffers: shared hit=1497651 read=282969
               ->  Hash  (cost=1.15..1.15 rows=2 width=4) (actual time=0.036..0.037 rows=2 loops=1)
                     Buckets: 1024  Batches: 1  Memory Usage: 9kB
                     Buffers: shared hit=1
                     ->  Seq Scan on role_type rt  (cost=0.00..1.15 rows=2 width=4) (actual time=0.029..0.031 rows=2 loops=1)
                           Filter: ((role)::text = ANY ('{"costume designer","production designer"}'::text[]))
                           Rows Removed by Filter: 10
                           Buffers: shared hit=1
         ->  Index Scan using name_pkey on name n  (cost=0.43..2.32 rows=1 width=4) (actual time=0.036..0.036 rows=0 loops=33917)
               Index Cond: (id = ci.person_id)
               Filter: ((gender)::text = ANY ('{f,m}'::text[]))
               Rows Removed by Filter: 1
               Buffers: shared hit=127046 read=8622
 Planning:
   Buffers: shared hit=505 read=72
 Planning Time: 13.977 ms
 Execution Time: 36055.328 ms
(78 rows)

