                                                                                                  QUERY PLAN                                                                                                  
--------------------------------------------------------------------------------------------------------------------------------------------------------------------------------------------------------------
 Aggregate  (cost=870193.27..870193.28 rows=1 width=8) (actual time=29848.769..29848.778 rows=1 loops=1)
   Buffers: shared hit=2730077 read=207387, temp read=8171 written=8177
   ->  Nested Loop  (cost=812262.88..870192.83 rows=177 width=0) (actual time=974.024..29847.235 rows=3713 loops=1)
         Buffers: shared hit=2730077 read=207387, temp read=8171 written=8177
         ->  Seq Scan on info_type it2  (cost=0.00..2.41 rows=1 width=4) (actual time=0.046..0.057 rows=1 loops=1)
               Filter: (id = 4)
               Rows Removed by Filter: 112
               Buffers: shared hit=1
         ->  Nested Loop  (cost=812262.88..870188.65 rows=177 width=4) (actual time=973.976..29846.104 rows=3713 loops=1)
               Buffers: shared hit=2730076 read=207387, temp read=8171 written=8177
               ->  Seq Scan on info_type it1  (cost=0.00..2.41 rows=1 width=4) (actual time=0.012..0.027 rows=1 loops=1)
                     Filter: (id = 8)
                     Rows Removed by Filter: 112
                     Buffers: shared hit=1
               ->  Nested Loop  (cost=812262.88..870184.46 rows=177 width=8) (actual time=973.963..29844.994 rows=3713 loops=1)
                     Buffers: shared hit=2730075 read=207387, temp read=8171 written=8177
                     ->  Hash Join  (cost=812262.45..869203.31 rows=423 width=12) (actual time=972.648..29385.100 rows=12036 loops=1)
                           Hash Cond: (ci.role_id = rt.id)
                           Buffers: shared hit=2687682 read=201636, temp read=8171 written=8177
                           ->  Nested Loop  (cost=812261.28..869184.12 rows=5074 width=16) (actual time=972.466..29278.803 rows=547249 loops=1)
                                 Buffers: shared hit=2687681 read=201636, temp read=8171 written=8177
                                 ->  Nested Loop  (cost=812260.84..853715.13 rows=354 width=20) (actual time=972.444..22763.928 rows=38705 loops=1)
                                       Buffers: shared hit=2208126 read=58795, temp read=8171 written=8177
                                       ->  Nested Loop  (cost=812260.70..853683.99 rows=1239 width=24) (actual time=972.428..22437.030 rows=447818 loops=1)
                                             Join Filter: (t.id = mi1.movie_id)
                                             Buffers: shared hit=2208114 read=58795, temp read=8171 written=8177
                                             ->  Merge Join  (cost=812260.27..813007.97 rows=11501 width=16) (actual time=972.375..1747.232 rows=562151 loops=1)
                                                   Merge Cond: (mi1.movie_id = mi2.movie_id)
                                                   Buffers: shared hit=3063 read=15242, temp read=8171 written=8177
                                                   ->  Sort  (cost=391256.81..391397.37 rows=56226 width=8) (actual time=462.490..587.723 rows=621540 loops=1)
                                                         Sort Key: mi1.movie_id
                                                         Sort Method: external sort  Disk: 13432kB
                                                         Buffers: shared hit=803 read=8090, temp read=3352 written=3360
                                                         ->  Bitmap Heap Scan on movie_info mi1  (cost=14225.58..386820.87 rows=56226 width=8) (actual time=38.028..309.914 rows=621540 loops=1)
                                                               Recheck Cond: (info_type_id = 8)
                                                               Filter: ((info)::text = ANY ('{India,Japan,Norway,USA}'::text[]))
                                                               Rows Removed by Filter: 703821
                                                               Heap Blocks: exact=7853
                                                               Buffers: shared hit=803 read=8090
                                                               ->  Bitmap Index Scan on info_type_id_movie_info  (cost=0.00..14211.52 rows=1329478 width=0) (actual time=37.049..37.049 rows=1325361 loops=1)
                                                                     Index Cond: (info_type_id = 8)
                                                                     Buffers: shared read=1040
                                                   ->  Sort  (cost=421003.46..421179.24 rows=70312 width=8) (actual time=509.876..695.288 rows=896539 loops=1)
                                                         Sort Key: mi2.movie_id
                                                         Sort Method: external sort  Disk: 19256kB
                                                         Buffers: shared hit=2260 read=7152, temp read=4812 written=4817
                                                         ->  Bitmap Heap Scan on movie_info mi2  (cost=13072.95..415342.83 rows=70312 width=8) (actual time=30.747..294.467 rows=891015 loops=1)
                                                               Recheck Cond: (info_type_id = 4)
                                                               Filter: ((info)::text = ANY ('{English,French,Japanese,Malayalam,Norwegian,Telugu}'::text[]))
                                                               Rows Removed by Filter: 407974
                                                               Heap Blocks: exact=8393
                                                               Buffers: shared hit=2260 read=7152
                                                               ->  Bitmap Index Scan on info_type_id_movie_info  (cost=0.00..13055.37 rows=1221191 width=0) (actual time=29.707..29.708 rows=1298989 loops=1)
                                                                     Index Cond: (info_type_id = 4)
                                                                     Buffers: shared hit=1 read=1018
                                             ->  Index Scan using title_pkey on title t  (cost=0.43..3.52 rows=1 width=8) (actual time=0.036..0.036 rows=1 loops=562151)
                                                   Index Cond: (id = mi2.movie_id)
                                                   Filter: ((production_year <= 2015) AND (1975 < production_year))
                                                   Rows Removed by Filter: 0
                                                   Buffers: shared hit=2205051 read=43553
                                       ->  Memoize  (cost=0.14..0.16 rows=1 width=4) (actual time=0.000..0.000 rows=0 loops=447818)
                                             Cache Key: t.kind_id
                                             Cache Mode: logical
                                             Hits: 447812  Misses: 6  Evictions: 0  Overflows: 0  Memory Usage: 1kB
                                             Buffers: shared hit=12
                                             ->  Index Scan using kind_type_pkey on kind_type kt  (cost=0.13..0.15 rows=1 width=4) (actual time=0.011..0.011 rows=0 loops=6)
                                                   Index Cond: (id = t.kind_id)
                                                   Filter: ((kind)::text = ANY ('{"tv series","video game"}'::text[]))
                                                   Rows Removed by Filter: 1
                                                   Buffers: shared hit=12
                                 ->  Index Scan using movie_id_cast_info on cast_info ci  (cost=0.44..43.32 rows=38 width=12) (actual time=0.036..0.164 rows=14 loops=38705)
                                       Index Cond: (movie_id = t.id)
                                       Buffers: shared hit=479555 read=142841
                           ->  Hash  (cost=1.15..1.15 rows=1 width=4) (actual time=0.020..0.021 rows=1 loops=1)
                                 Buckets: 1024  Batches: 1  Memory Usage: 9kB
                                 Buffers: shared hit=1
                                 ->  Seq Scan on role_type rt  (cost=0.00..1.15 rows=1 width=4) (actual time=0.010..0.011 rows=1 loops=1)
                                       Filter: ((role)::text = 'composer'::text)
                                       Rows Removed by Filter: 11
                                       Buffers: shared hit=1
                     ->  Index Scan using name_pkey on name n  (cost=0.43..2.32 rows=1 width=4) (actual time=0.037..0.037 rows=0 loops=12036)
                           Index Cond: (id = ci.person_id)
                           Filter: ((gender)::text = 'm'::text)
                           Rows Removed by Filter: 1
                           Buffers: shared hit=42393 read=5751
 Planning:
   Buffers: shared hit=483 read=91
 Planning Time: 14.418 ms
 Execution Time: 29861.535 ms
(89 rows)

