                                                                                            QUERY PLAN                                                                                            
--------------------------------------------------------------------------------------------------------------------------------------------------------------------------------------------------
 Aggregate  (cost=683515.10..683515.11 rows=1 width=8) (actual time=3566.747..3566.754 rows=1 loops=1)
   Buffers: shared hit=210264 read=77966, temp read=1351 written=1351
   ->  Nested Loop  (cost=467998.41..683514.99 rows=43 width=0) (actual time=780.919..3565.841 rows=10560 loops=1)
         Buffers: shared hit=210264 read=77966, temp read=1351 written=1351
         ->  Seq Scan on info_type it2  (cost=0.00..2.41 rows=1 width=4) (actual time=0.035..0.040 rows=1 loops=1)
               Filter: (id = 4)
               Rows Removed by Filter: 112
               Buffers: shared hit=1
         ->  Nested Loop  (cost=467998.41..683512.15 rows=43 width=4) (actual time=780.883..3564.890 rows=10560 loops=1)
               Buffers: shared hit=210263 read=77966, temp read=1351 written=1351
               ->  Seq Scan on info_type it1  (cost=0.00..2.41 rows=1 width=4) (actual time=0.008..0.013 rows=1 loops=1)
                     Filter: (id = 8)
                     Rows Removed by Filter: 112
                     Buffers: shared hit=1
               ->  Nested Loop  (cost=467998.41..683509.31 rows=43 width=8) (actual time=780.875..3563.745 rows=10560 loops=1)
                     Join Filter: (t.id = mi2.movie_id)
                     Buffers: shared hit=210262 read=77966, temp read=1351 written=1351
                     ->  Nested Loop  (cost=467997.98..618627.29 rows=1529 width=16) (actual time=780.836..3107.081 rows=10745 loops=1)
                           Buffers: shared hit=73762 read=69431, temp read=1351 written=1351
                           ->  Hash Join  (cost=467997.55..603353.26 rows=6585 width=20) (actual time=780.792..2967.186 rows=10746 loops=1)
                                 Hash Cond: (ci.movie_id = t.id)
                                 Buffers: shared hit=38827 read=61382, temp read=1351 written=1351
                                 ->  Nested Loop  (cost=0.44..123965.00 rows=3020080 width=8) (actual time=0.078..1670.740 rows=7451973 loops=1)
                                       Buffers: shared hit=5402 read=49522
                                       ->  Seq Scan on role_type rt  (cost=0.00..1.15 rows=1 width=4) (actual time=0.006..0.009 rows=1 loops=1)
                                             Filter: ((role)::text = 'actress'::text)
                                             Rows Removed by Filter: 11
                                             Buffers: shared hit=1
                                       ->  Index Scan using role_id_cast_info on cast_info ci  (cost=0.44..91017.52 rows=3294633 width=12) (actual time=0.068..1083.530 rows=7451973 loops=1)
                                             Index Cond: (role_id = rt.id)
                                             Buffers: shared hit=5401 read=49522
                                 ->  Hash  (cost=467928.20..467928.20 rows=5513 width=12) (actual time=780.349..780.354 rows=5357 loops=1)
                                       Buckets: 8192  Batches: 1  Memory Usage: 295kB
                                       Buffers: shared hit=33425 read=11860, temp read=1351 written=1351
                                       ->  Hash Join  (cost=93689.03..467928.20 rows=5513 width=12) (actual time=415.734..779.259 rows=5357 loops=1)
                                             Hash Cond: (mi1.movie_id = t.id)
                                             Buffers: shared hit=33425 read=11860, temp read=1351 written=1351
                                             ->  Bitmap Heap Scan on movie_info mi1  (cost=14229.33..386824.63 rows=71130 width=8) (actual time=34.405..267.539 rows=779615 loops=1)
                                                   Recheck Cond: (info_type_id = 8)
                                                   Filter: ((info)::text = ANY ('{Australia,Canada,France,India,Iran,Italy,Netherlands,Norway,Romania,Sweden,USA}'::text[]))
                                                   Rows Removed by Filter: 545746
                                                   Heap Blocks: exact=7853
                                                   Buffers: shared hit=1 read=8892
                                                   ->  Bitmap Index Scan on info_type_id_movie_info  (cost=0.00..14211.52 rows=1329478 width=0) (actual time=33.419..33.420 rows=1325361 loops=1)
                                                         Index Cond: (info_type_id = 8)
                                                         Buffers: shared read=1040
                                             ->  Hash  (cost=76244.10..76244.10 rows=195968 width=4) (actual time=380.242..380.244 rows=11843 loops=1)
                                                   Buckets: 262144  Batches: 2  Memory Usage: 2260kB
                                                   Buffers: shared hit=33424 read=2968, temp written=17
                                                   ->  Hash Join  (cost=1.13..76244.10 rows=195968 width=4) (actual time=0.157..377.777 rows=11843 loops=1)
                                                         Hash Cond: (t.kind_id = kt.id)
                                                         Buffers: shared hit=33424 read=2968
                                                         ->  Seq Scan on title t  (cost=0.00..74315.95 rows=457258 width=8) (actual time=0.021..352.528 rows=451569 loops=1)
                                                               Filter: ((production_year <= 1975) AND (1875 < production_year))
                                                               Rows Removed by Filter: 2076743
                                                               Buffers: shared hit=33423 read=2968
                                                         ->  Hash  (cost=1.10..1.10 rows=3 width=4) (actual time=0.014..0.015 rows=3 loops=1)
                                                               Buckets: 1024  Batches: 1  Memory Usage: 9kB
                                                               Buffers: shared hit=1
                                                               ->  Seq Scan on kind_type kt  (cost=0.00..1.10 rows=3 width=4) (actual time=0.007..0.008 rows=3 loops=1)
                                                                     Filter: ((kind)::text = ANY ('{"tv series","video game","video movie"}'::text[]))
                                                                     Rows Removed by Filter: 4
                                                                     Buffers: shared hit=1
                           ->  Index Scan using name_pkey on name n  (cost=0.43..2.32 rows=1 width=4) (actual time=0.013..0.013 rows=1 loops=10746)
                                 Index Cond: (id = ci.person_id)
                                 Filter: ((gender)::text = 'f'::text)
                                 Rows Removed by Filter: 0
                                 Buffers: shared hit=34935 read=8049
                     ->  Index Scan using movie_id_movie_info on movie_info mi2  (cost=0.43..42.42 rows=1 width=8) (actual time=0.030..0.042 rows=1 loops=10745)
                           Index Cond: (movie_id = ci.movie_id)
                           Filter: ((info_type_id = 4) AND ((info)::text = ANY ('{Dutch,English,French,Italian,Norwegian,Persian,Romanian,Swedish,Tamil}'::text[])))
                           Rows Removed by Filter: 38
                           Buffers: shared hit=136500 read=8535
 Planning:
   Buffers: shared hit=488 read=89
 Planning Time: 9.578 ms
 Execution Time: 3567.167 ms
(77 rows)

