                                                                                            QUERY PLAN                                                                                            
--------------------------------------------------------------------------------------------------------------------------------------------------------------------------------------------------
 Aggregate  (cost=677219.22..677219.23 rows=1 width=8) (actual time=1975.413..1975.418 rows=1 loops=1)
   Buffers: shared hit=117289 read=59843
   ->  Nested Loop  (cost=91930.41..677218.82 rows=160 width=0) (actual time=415.861..1974.967 rows=2860 loops=1)
         Buffers: shared hit=117289 read=59843
         ->  Hash Join  (cost=91929.98..676648.22 rows=246 width=4) (actual time=415.830..1791.185 rows=5577 loops=1)
               Hash Cond: (ci.role_id = rt.id)
               Buffers: shared hit=99479 read=55345
               ->  Nested Loop  (cost=91928.80..676641.80 rows=1476 width=8) (actual time=415.771..1785.320 rows=44412 loops=1)
                     Buffers: shared hit=99478 read=55345
                     ->  Nested Loop  (cost=91928.36..672019.22 rows=103 width=12) (actual time=415.743..1272.471 rows=4973 loops=1)
                           Buffers: shared hit=64674 read=32368
                           ->  Seq Scan on info_type it2  (cost=0.00..2.41 rows=1 width=4) (actual time=0.030..0.034 rows=1 loops=1)
                                 Filter: (id = 4)
                                 Rows Removed by Filter: 112
                                 Buffers: shared hit=1
                           ->  Nested Loop  (cost=91928.36..672015.77 rows=103 width=16) (actual time=415.712..1271.697 rows=4973 loops=1)
                                 Buffers: shared hit=64673 read=32368
                                 ->  Seq Scan on info_type it1  (cost=0.00..2.41 rows=1 width=4) (actual time=0.009..0.015 rows=1 loops=1)
                                       Filter: (id = 8)
                                       Rows Removed by Filter: 112
                                       Buffers: shared hit=1
                                 ->  Nested Loop  (cost=91928.36..672012.33 rows=103 width=20) (actual time=415.699..1270.929 rows=4973 loops=1)
                                       Buffers: shared hit=64672 read=32368
                                       ->  Hash Join  (cost=91927.93..524995.41 rows=3388 width=12) (actual time=415.607..875.189 rows=4992 loops=1)
                                             Hash Cond: (mi1.movie_id = t.id)
                                             Buffers: shared hit=27122 read=18163
                                             ->  Bitmap Heap Scan on movie_info mi1  (cost=14225.65..447047.31 rows=56516 width=8) (actual time=37.621..423.834 rows=614679 loops=1)
                                                   Recheck Cond: (info_type_id = 8)
                                                   Filter: ((info)::text = ANY ('{Brazil,Czechoslovakia,"East Germany",Greece,Mexico,Philippines,Sweden,USA}'::text[]))
                                                   Rows Removed by Filter: 710682
                                                   Heap Blocks: exact=7853
                                                   Buffers: shared hit=3404 read=5489
                                                   ->  Bitmap Index Scan on info_type_id_movie_info  (cost=0.00..14211.52 rows=1329478 width=0) (actual time=36.646..36.646 rows=1325361 loops=1)
                                                         Index Cond: (info_type_id = 8)
                                                         Buffers: shared read=1040
                                             ->  Hash  (cost=75807.58..75807.58 rows=151576 width=4) (actual time=376.934..376.936 rows=11843 loops=1)
                                                   Buckets: 262144  Batches: 1  Memory Usage: 2465kB
                                                   Buffers: shared hit=23718 read=12674
                                                   ->  Hash Join  (cost=1.13..75807.58 rows=151576 width=4) (actual time=0.164..374.195 rows=11843 loops=1)
                                                         Hash Cond: (t.kind_id = kt.id)
                                                         Buffers: shared hit=23718 read=12674
                                                         ->  Seq Scan on title t  (cost=0.00..74315.95 rows=353677 width=8) (actual time=0.023..354.268 rows=347589 loops=1)
                                                               Filter: ((production_year <= 1975) AND (1925 < production_year))
                                                               Rows Removed by Filter: 2180723
                                                               Buffers: shared hit=23717 read=12674
                                                         ->  Hash  (cost=1.10..1.10 rows=3 width=4) (actual time=0.014..0.015 rows=3 loops=1)
                                                               Buckets: 1024  Batches: 1  Memory Usage: 9kB
                                                               Buffers: shared hit=1
                                                               ->  Seq Scan on kind_type kt  (cost=0.00..1.10 rows=3 width=4) (actual time=0.007..0.008 rows=3 loops=1)
                                                                     Filter: ((kind)::text = ANY ('{"tv series","video game","video movie"}'::text[]))
                                                                     Rows Removed by Filter: 4
                                                                     Buffers: shared hit=1
                                       ->  Index Scan using movie_id_movie_info on movie_info mi2  (cost=0.43..43.38 rows=1 width=8) (actual time=0.053..0.079 rows=1 loops=4992)
                                             Index Cond: (movie_id = t.id)
                                             Filter: ((info_type_id = 4) AND ((info)::text = ANY ('{Czech,English,Filipino,German,Greek,Portuguese,Spanish,Swedish,Tagalog}'::text[])))
                                             Rows Removed by Filter: 11
                                             Buffers: shared hit=37550 read=14205
                     ->  Index Scan using movie_id_cast_info on cast_info ci  (cost=0.44..44.50 rows=38 width=12) (actual time=0.033..0.101 rows=9 loops=4973)
                           Index Cond: (movie_id = t.id)
                           Buffers: shared hit=34804 read=22977
               ->  Hash  (cost=1.15..1.15 rows=2 width=4) (actual time=0.035..0.035 rows=2 loops=1)
                     Buckets: 1024  Batches: 1  Memory Usage: 9kB
                     Buffers: shared hit=1
                     ->  Seq Scan on role_type rt  (cost=0.00..1.15 rows=2 width=4) (actual time=0.026..0.029 rows=2 loops=1)
                           Filter: ((role)::text = ANY ('{director,producer}'::text[]))
                           Rows Removed by Filter: 10
                           Buffers: shared hit=1
         ->  Index Scan using name_pkey on name n  (cost=0.43..2.32 rows=1 width=4) (actual time=0.033..0.033 rows=1 loops=5577)
               Index Cond: (id = ci.person_id)
               Filter: ((gender)::text = ANY ('{f,m}'::text[]))
               Rows Removed by Filter: 0
               Buffers: shared hit=17810 read=4498
 Planning:
   Buffers: shared hit=507 read=67
 Planning Time: 13.879 ms
 Execution Time: 1976.026 ms
(76 rows)

