                                                                                               QUERY PLAN                                                                                               
--------------------------------------------------------------------------------------------------------------------------------------------------------------------------------------------------------
 Aggregate  (cost=374145.98..374145.99 rows=1 width=8) (actual time=1688.331..1688.339 rows=1 loops=1)
   Buffers: shared hit=127069 read=45674
   ->  Nested Loop  (cost=14215.58..374145.98 rows=1 width=0) (actual time=246.406..1688.307 rows=26 loops=1)
         Buffers: shared hit=127069 read=45674
         ->  Hash Join  (cost=14215.15..374143.66 rows=1 width=4) (actual time=39.795..1626.175 rows=1871 loops=1)
               Hash Cond: (ci.role_id = rt.id)
               Buffers: shared hit=120673 read=44586
               ->  Nested Loop  (cost=14213.98..374142.45 rows=14 width=8) (actual time=39.590..1620.538 rows=47482 loops=1)
                     Buffers: shared hit=120672 read=44586
                     ->  Nested Loop  (cost=14213.54..374098.75 rows=1 width=12) (actual time=39.559..1122.762 rows=2504 loops=1)
                           Buffers: shared hit=88718 read=22873
                           ->  Nested Loop  (cost=14213.54..374096.32 rows=1 width=16) (actual time=39.554..1089.389 rows=2504 loops=1)
                                 Buffers: shared hit=86214 read=22873
                                 ->  Nested Loop  (cost=14213.54..374093.90 rows=1 width=20) (actual time=39.532..1053.841 rows=2504 loops=1)
                                       Buffers: shared hit=83710 read=22873
                                       ->  Hash Join  (cost=14213.11..372613.88 rows=35 width=12) (actual time=34.990..595.352 rows=5584 loops=1)
                                             Hash Cond: (t.kind_id = kt.id)
                                             Buffers: shared hit=47136 read=3490
                                             ->  Nested Loop  (cost=14211.98..372612.40 rows=81 width=16) (actual time=34.492..593.299 rows=7097 loops=1)
                                                   Buffers: shared hit=47135 read=3490
                                                   ->  Bitmap Heap Scan on movie_info mi1  (cost=14211.55..371750.25 rows=102 width=8) (actual time=34.403..296.688 rows=10433 loops=1)
                                                         Recheck Cond: (info_type_id = 8)
                                                         Filter: ((info)::text = ANY ('{Czechoslovakia,Singapore,Switzerland}'::text[]))
                                                         Rows Removed by Filter: 1314928
                                                         Heap Blocks: exact=7853
                                                         Buffers: shared hit=8860 read=33
                                                         ->  Bitmap Index Scan on info_type_id_movie_info  (cost=0.00..14211.52 rows=1329478 width=0) (actual time=33.304..33.305 rows=1325361 loops=1)
                                                               Index Cond: (info_type_id = 8)
                                                               Buffers: shared hit=1040
                                                   ->  Index Scan using title_pkey on title t  (cost=0.43..8.45 rows=1 width=8) (actual time=0.028..0.028 rows=1 loops=10433)
                                                         Index Cond: (id = mi1.movie_id)
                                                         Filter: ((production_year <= 2015) AND (1975 < production_year))
                                                         Rows Removed by Filter: 0
                                                         Buffers: shared hit=38275 read=3457
                                             ->  Hash  (cost=1.10..1.10 rows=3 width=4) (actual time=0.013..0.014 rows=3 loops=1)
                                                   Buckets: 1024  Batches: 1  Memory Usage: 9kB
                                                   Buffers: shared hit=1
                                                   ->  Seq Scan on kind_type kt  (cost=0.00..1.10 rows=3 width=4) (actual time=0.009..0.010 rows=3 loops=1)
                                                         Filter: ((kind)::text = ANY ('{episode,movie,"video movie"}'::text[]))
                                                         Rows Removed by Filter: 4
                                                         Buffers: shared hit=1
                                       ->  Index Scan using movie_id_movie_info on movie_info mi2  (cost=0.43..42.28 rows=1 width=8) (actual time=0.058..0.082 rows=0 loops=5584)
                                             Index Cond: (movie_id = t.id)
                                             Filter: ((info_type_id = 4) AND ((info)::text = ANY ('{Czech,English,"Swiss German"}'::text[])))
                                             Rows Removed by Filter: 12
                                             Buffers: shared hit=36574 read=19383
                                 ->  Seq Scan on info_type it1  (cost=0.00..2.41 rows=1 width=4) (actual time=0.008..0.013 rows=1 loops=2504)
                                       Filter: (id = 8)
                                       Rows Removed by Filter: 112
                                       Buffers: shared hit=2504
                           ->  Seq Scan on info_type it2  (cost=0.00..2.41 rows=1 width=4) (actual time=0.007..0.012 rows=1 loops=2504)
                                 Filter: (id = 4)
                                 Rows Removed by Filter: 112
                                 Buffers: shared hit=2504
                     ->  Index Scan using movie_id_cast_info on cast_info ci  (cost=0.44..43.32 rows=38 width=12) (actual time=0.034..0.195 rows=19 loops=2504)
                           Index Cond: (movie_id = t.id)
                           Buffers: shared hit=31954 read=21713
               ->  Hash  (cost=1.15..1.15 rows=1 width=4) (actual time=0.029..0.030 rows=1 loops=1)
                     Buckets: 1024  Batches: 1  Memory Usage: 9kB
                     Buffers: shared hit=1
                     ->  Seq Scan on role_type rt  (cost=0.00..1.15 rows=1 width=4) (actual time=0.023..0.024 rows=1 loops=1)
                           Filter: ((role)::text = 'composer'::text)
                           Rows Removed by Filter: 11
                           Buffers: shared hit=1
         ->  Index Scan using name_pkey on name n  (cost=0.43..2.32 rows=1 width=4) (actual time=0.033..0.033 rows=0 loops=1871)
               Index Cond: (id = ci.person_id)
               Filter: ((gender)::text = 'f'::text)
               Rows Removed by Filter: 1
               Buffers: shared hit=6396 read=1088
 Planning:
   Buffers: shared hit=574
 Planning Time: 12.653 ms
 Execution Time: 1688.845 ms
(73 rows)

