                                                                                               QUERY PLAN                                                                                               
--------------------------------------------------------------------------------------------------------------------------------------------------------------------------------------------------------
 Aggregate  (cost=374148.31..374148.32 rows=1 width=8) (actual time=557.336..557.341 rows=1 loops=1)
   Buffers: shared hit=49946 read=4992
   ->  Nested Loop  (cost=14215.59..374148.31 rows=1 width=0) (actual time=37.126..557.306 rows=148 loops=1)
         Buffers: shared hit=49946 read=4992
         ->  Hash Join  (cost=14215.16..374143.67 rows=2 width=4) (actual time=37.012..530.540 rows=941 loops=1)
               Hash Cond: (ci.role_id = rt.id)
               Buffers: shared hit=47474 read=3700
               ->  Nested Loop  (cost=14213.98..374142.45 rows=14 width=8) (actual time=36.879..530.086 rows=2985 loops=1)
                     Buffers: shared hit=47473 read=3700
                     ->  Nested Loop  (cost=14213.54..374098.75 rows=1 width=12) (actual time=36.847..503.619 rows=133 loops=1)
                           Buffers: shared hit=45923 read=1989
                           ->  Nested Loop  (cost=14213.54..374096.32 rows=1 width=16) (actual time=36.842..502.458 rows=133 loops=1)
                                 Buffers: shared hit=45790 read=1989
                                 ->  Nested Loop  (cost=14213.54..374093.90 rows=1 width=20) (actual time=36.824..500.656 rows=133 loops=1)
                                       Buffers: shared hit=45657 read=1989
                                       ->  Hash Join  (cost=14213.11..372613.88 rows=35 width=12) (actual time=36.046..451.164 rows=850 loops=1)
                                             Hash Cond: (t.kind_id = kt.id)
                                             Buffers: shared hit=39383 read=795
                                             ->  Nested Loop  (cost=14211.98..372612.40 rows=81 width=16) (actual time=36.006..450.159 rows=7693 loops=1)
                                                   Buffers: shared hit=39382 read=795
                                                   ->  Bitmap Heap Scan on movie_info mi1  (cost=14211.55..371750.25 rows=102 width=8) (actual time=35.973..266.967 rows=7821 loops=1)
                                                         Recheck Cond: (info_type_id = 8)
                                                         Filter: ((info)::text = ANY ('{"Czech Republic",Malaysia,Nigeria}'::text[]))
                                                         Rows Removed by Filter: 1317540
                                                         Heap Blocks: exact=7853
                                                         Buffers: shared hit=8893
                                                         ->  Bitmap Index Scan on info_type_id_movie_info  (cost=0.00..14211.52 rows=1329478 width=0) (actual time=34.793..34.793 rows=1325361 loops=1)
                                                               Index Cond: (info_type_id = 8)
                                                               Buffers: shared hit=1040
                                                   ->  Index Scan using title_pkey on title t  (cost=0.43..8.45 rows=1 width=8) (actual time=0.023..0.023 rows=1 loops=7821)
                                                         Index Cond: (id = mi1.movie_id)
                                                         Filter: ((production_year <= 2015) AND (1975 < production_year))
                                                         Rows Removed by Filter: 0
                                                         Buffers: shared hit=30489 read=795
                                             ->  Hash  (cost=1.10..1.10 rows=3 width=4) (actual time=0.018..0.018 rows=3 loops=1)
                                                   Buckets: 1024  Batches: 1  Memory Usage: 9kB
                                                   Buffers: shared hit=1
                                                   ->  Seq Scan on kind_type kt  (cost=0.00..1.10 rows=3 width=4) (actual time=0.010..0.011 rows=3 loops=1)
                                                         Filter: ((kind)::text = ANY ('{"tv movie","tv series","video game"}'::text[]))
                                                         Rows Removed by Filter: 4
                                                         Buffers: shared hit=1
                                       ->  Index Scan using movie_id_movie_info on movie_info mi2  (cost=0.43..42.28 rows=1 width=8) (actual time=0.051..0.058 rows=0 loops=850)
                                             Index Cond: (movie_id = t.id)
                                             Filter: ((info_type_id = 4) AND ((info)::text = ANY ('{English,Malay,Yoruba}'::text[])))
                                             Rows Removed by Filter: 7
                                             Buffers: shared hit=6274 read=1194
                                 ->  Seq Scan on info_type it1  (cost=0.00..2.41 rows=1 width=4) (actual time=0.008..0.012 rows=1 loops=133)
                                       Filter: (id = 8)
                                       Rows Removed by Filter: 112
                                       Buffers: shared hit=133
                           ->  Seq Scan on info_type it2  (cost=0.00..2.41 rows=1 width=4) (actual time=0.003..0.008 rows=1 loops=133)
                                 Filter: (id = 4)
                                 Rows Removed by Filter: 112
                                 Buffers: shared hit=133
                     ->  Index Scan using movie_id_cast_info on cast_info ci  (cost=0.44..43.32 rows=38 width=12) (actual time=0.029..0.195 rows=22 loops=133)
                           Index Cond: (movie_id = t.id)
                           Buffers: shared hit=1550 read=1711
               ->  Hash  (cost=1.15..1.15 rows=2 width=4) (actual time=0.039..0.040 rows=2 loops=1)
                     Buckets: 1024  Batches: 1  Memory Usage: 9kB
                     Buffers: shared hit=1
                     ->  Seq Scan on role_type rt  (cost=0.00..1.15 rows=2 width=4) (actual time=0.024..0.026 rows=2 loops=1)
                           Filter: ((role)::text = ANY ('{"miscellaneous crew",producer}'::text[]))
                           Rows Removed by Filter: 10
                           Buffers: shared hit=1
         ->  Index Scan using name_pkey on name n  (cost=0.43..2.32 rows=1 width=4) (actual time=0.028..0.028 rows=0 loops=941)
               Index Cond: (id = ci.person_id)
               Filter: ((gender)::text = 'm'::text)
               Rows Removed by Filter: 1
               Buffers: shared hit=2472 read=1292
 Planning:
   Buffers: shared hit=574
 Planning Time: 14.274 ms
 Execution Time: 557.855 ms
(73 rows)

