                                                                                            QUERY PLAN                                                                                            
--------------------------------------------------------------------------------------------------------------------------------------------------------------------------------------------------
 Aggregate  (cost=686957.35..686957.36 rows=1 width=8) (actual time=9472.728..9472.738 rows=1 loops=1)
   Buffers: shared hit=833903 read=96945, temp read=3128 written=3128
   ->  Nested Loop  (cost=469031.99..686957.23 rows=48 width=0) (actual time=1000.059..9471.062 rows=7870 loops=1)
         Buffers: shared hit=833903 read=96945, temp read=3128 written=3128
         ->  Seq Scan on info_type it2  (cost=0.00..2.41 rows=1 width=4) (actual time=0.038..0.048 rows=1 loops=1)
               Filter: (id = 4)
               Rows Removed by Filter: 112
               Buffers: shared hit=1
         ->  Nested Loop  (cost=469031.99..686954.34 rows=48 width=4) (actual time=1000.019..9469.560 rows=7870 loops=1)
               Buffers: shared hit=833902 read=96945, temp read=3128 written=3128
               ->  Seq Scan on info_type it1  (cost=0.00..2.41 rows=1 width=4) (actual time=0.011..0.022 rows=1 loops=1)
                     Filter: (id = 8)
                     Rows Removed by Filter: 112
                     Buffers: shared hit=1
               ->  Nested Loop  (cost=469031.99..686951.45 rows=48 width=8) (actual time=1000.007..9467.890 rows=7870 loops=1)
                     Join Filter: (t.id = mi2.movie_id)
                     Buffers: shared hit=833901 read=96945, temp read=3128 written=3128
                     ->  Nested Loop  (cost=469031.56..620117.46 rows=1575 width=16) (actual time=999.975..8563.479 rows=7978 loops=1)
                           Buffers: shared hit=758241 read=77923, temp read=3128 written=3128
                           ->  Hash Join  (cost=469031.13..604388.79 rows=6781 width=20) (actual time=997.901..2866.439 rows=192240 loops=1)
                                 Hash Cond: (ci.movie_id = t.id)
                                 Buffers: shared hit=10039 read=57165, temp read=3128 written=3128
                                 ->  Nested Loop  (cost=0.44..123965.00 rows=3020080 width=8) (actual time=0.093..1217.624 rows=2728943 loops=1)
                                       Buffers: shared hit=4176 read=17743
                                       ->  Seq Scan on role_type rt  (cost=0.00..1.15 rows=1 width=4) (actual time=0.008..0.012 rows=1 loops=1)
                                             Filter: ((role)::text = 'writer'::text)
                                             Rows Removed by Filter: 11
                                             Buffers: shared hit=1
                                       ->  Index Scan using role_id_cast_info on cast_info ci  (cost=0.44..91017.52 rows=3294633 width=12) (actual time=0.083..802.067 rows=2728943 loops=1)
                                             Index Cond: (role_id = rt.id)
                                             Buffers: shared hit=4175 read=17743
                                 ->  Hash  (cost=468959.72..468959.72 rows=5677 width=12) (actual time=997.672..997.677 rows=117164 loops=1)
                                       Buckets: 131072 (originally 8192)  Batches: 1 (originally 1)  Memory Usage: 6059kB
                                       Buffers: shared hit=5863 read=39422, temp read=3128 written=3128
                                       ->  Hash Join  (cost=94683.61..468959.72 rows=5677 width=12) (actual time=569.744..979.766 rows=117164 loops=1)
                                             Hash Cond: (mi1.movie_id = t.id)
                                             Buffers: shared hit=5863 read=39422, temp read=3128 written=3128
                                             ->  Bitmap Heap Scan on movie_info mi1  (cost=14226.88..386822.17 rows=61346 width=8) (actual time=37.303..256.881 rows=687176 loops=1)
                                                   Recheck Cond: (info_type_id = 8)
                                                   Filter: ((info)::text = ANY ('{Argentina,"Hong Kong",Italy,Japan,Netherlands,Philippines,Turkey,USA,Yugoslavia}'::text[]))
                                                   Rows Removed by Filter: 638185
                                                   Heap Blocks: exact=7853
                                                   Buffers: shared hit=4800 read=4093
                                                   ->  Bitmap Index Scan on info_type_id_movie_info  (cost=0.00..14211.52 rows=1329478 width=0) (actual time=36.326..36.326 rows=1325361 loops=1)
                                                         Index Cond: (info_type_id = 8)
                                                         Buffers: shared read=1040
                                             ->  Hash  (cost=76617.93..76617.93 rows=233984 width=4) (actual time=531.318..531.322 rows=504538 loops=1)
                                                   Buckets: 262144 (originally 262144)  Batches: 4 (originally 2)  Memory Usage: 6483kB
                                                   Buffers: shared hit=1063 read=35329, temp written=1107
                                                   ->  Hash Join  (cost=1.13..76617.93 rows=233984 width=4) (actual time=0.044..448.216 rows=504538 loops=1)
                                                         Hash Cond: (t.kind_id = kt.id)
                                                         Buffers: shared hit=1063 read=35329
                                                         ->  Seq Scan on title t  (cost=0.00..74315.95 rows=545963 width=8) (actual time=0.025..385.790 rows=538239 loops=1)
                                                               Filter: ((production_year <= 1990) AND (1950 < production_year))
                                                               Rows Removed by Filter: 1990073
                                                               Buffers: shared hit=1062 read=35329
                                                         ->  Hash  (cost=1.10..1.10 rows=3 width=4) (actual time=0.015..0.017 rows=3 loops=1)
                                                               Buckets: 1024  Batches: 1  Memory Usage: 9kB
                                                               Buffers: shared hit=1
                                                               ->  Seq Scan on kind_type kt  (cost=0.00..1.10 rows=3 width=4) (actual time=0.007..0.009 rows=3 loops=1)
                                                                     Filter: ((kind)::text = ANY ('{episode,movie,"tv movie"}'::text[]))
                                                                     Rows Removed by Filter: 4
                                                                     Buffers: shared hit=1
                           ->  Index Scan using name_pkey on name n  (cost=0.43..2.32 rows=1 width=4) (actual time=0.029..0.029 rows=0 loops=192240)
                                 Index Cond: (id = ci.person_id)
                                 Filter: ((gender)::text = 'f'::text)
                                 Rows Removed by Filter: 1
                                 Buffers: shared hit=748202 read=20758
                     ->  Index Scan using movie_id_movie_info on movie_info mi2  (cost=0.43..42.42 rows=1 width=8) (actual time=0.049..0.113 rows=1 loops=7978)
                           Index Cond: (movie_id = ci.movie_id)
                           Filter: ((info_type_id = 4) AND ((info)::text = ANY ('{Cantonese,Dutch,English,Filipino,Italian,Japanese,Serbo-Croatian,Spanish,Turkish}'::text[])))
                           Rows Removed by Filter: 17
                           Buffers: shared hit=75660 read=19022
 Planning:
   Buffers: shared hit=531 read=46
 Planning Time: 13.264 ms
 Execution Time: 9473.345 ms
(77 rows)

