                                                                                               QUERY PLAN                                                                                               
--------------------------------------------------------------------------------------------------------------------------------------------------------------------------------------------------------
 Aggregate  (cost=461906.28..461906.29 rows=1 width=8) (actual time=2930.282..2930.288 rows=1 loops=1)
   Buffers: shared hit=271037 read=32244
   ->  Nested Loop  (cost=13060.49..461906.28 rows=1 width=0) (actual time=40.871..2930.267 rows=22 loops=1)
         Buffers: shared hit=271037 read=32244
         ->  Hash Join  (cost=13060.06..461903.96 rows=1 width=4) (actual time=40.835..2929.316 rows=40 loops=1)
               Hash Cond: (ci.role_id = rt.id)
               Buffers: shared hit=270908 read=32213
               ->  Nested Loop  (cost=13058.90..461902.75 rows=14 width=8) (actual time=40.687..2929.069 rows=1203 loops=1)
                     Buffers: shared hit=270907 read=32213
                     ->  Nested Loop  (cost=13058.46..461858.19 rows=1 width=12) (actual time=40.653..2915.182 rows=94 loops=1)
                           Buffers: shared hit=270113 read=31569
                           ->  Nested Loop  (cost=13058.46..461855.77 rows=1 width=16) (actual time=40.647..2914.036 rows=94 loops=1)
                                 Buffers: shared hit=270019 read=31569
                                 ->  Nested Loop  (cost=13058.46..461853.35 rows=1 width=20) (actual time=40.626..2912.763 rows=94 loops=1)
                                       Buffers: shared hit=269925 read=31569
                                       ->  Hash Join  (cost=13058.02..447441.75 rows=335 width=12) (actual time=39.482..2865.646 rows=889 loops=1)
                                             Hash Cond: (t.kind_id = kt.id)
                                             Buffers: shared hit=263848 read=30889
                                             ->  Nested Loop  (cost=13056.89..447437.32 rows=781 width=16) (actual time=39.441..2860.293 rows=25254 loops=1)
                                                   Buffers: shared hit=263847 read=30889
                                                   ->  Bitmap Heap Scan on movie_info mi2  (cost=13056.45..415326.33 rows=4317 width=8) (actual time=39.378..535.134 rows=72096 loops=1)
                                                         Recheck Cond: (info_type_id = 4)
                                                         Filter: ((info)::text = ANY ('{Arabic,Cantonese,Italian,Polish,Portuguese,Romanian}'::text[]))
                                                         Rows Removed by Filter: 1226893
                                                         Heap Blocks: exact=8393
                                                         Buffers: shared hit=4463 read=4949
                                                         ->  Bitmap Index Scan on info_type_id_movie_info  (cost=0.00..13055.37 rows=1221191 width=0) (actual time=37.009..37.010 rows=1298989 loops=1)
                                                               Index Cond: (info_type_id = 4)
                                                               Buffers: shared hit=1 read=1018
                                                   ->  Memoize  (cost=0.44..7.47 rows=1 width=8) (actual time=0.032..0.032 rows=0 loops=72096)
                                                         Cache Key: mi2.movie_id
                                                         Cache Mode: logical
                                                         Hits: 765  Misses: 71331  Evictions: 0  Overflows: 0  Memory Usage: 5719kB
                                                         Buffers: shared hit=259384 read=25940
                                                         ->  Index Scan using title_pkey on title t  (cost=0.43..7.46 rows=1 width=8) (actual time=0.031..0.031 rows=0 loops=71331)
                                                               Index Cond: (id = mi2.movie_id)
                                                               Filter: ((production_year <= 1975) AND (1875 < production_year))
                                                               Rows Removed by Filter: 1
                                                               Buffers: shared hit=259384 read=25940
                                             ->  Hash  (cost=1.10..1.10 rows=3 width=4) (actual time=0.016..0.017 rows=3 loops=1)
                                                   Buckets: 1024  Batches: 1  Memory Usage: 9kB
                                                   Buffers: shared hit=1
                                                   ->  Seq Scan on kind_type kt  (cost=0.00..1.10 rows=3 width=4) (actual time=0.010..0.012 rows=3 loops=1)
                                                         Filter: ((kind)::text = ANY ('{"tv series","video game","video movie"}'::text[]))
                                                         Rows Removed by Filter: 4
                                                         Buffers: shared hit=1
                                       ->  Index Scan using movie_id_movie_info on movie_info mi1  (cost=0.43..43.01 rows=1 width=8) (actual time=0.051..0.053 rows=0 loops=889)
                                             Index Cond: (movie_id = t.id)
                                             Filter: ((info_type_id = 8) AND ((info)::text = ANY ('{Egypt,France,"Hong Kong",Poland,Portugal,Romania}'::text[])))
                                             Rows Removed by Filter: 7
                                             Buffers: shared hit=6077 read=680
                                 ->  Seq Scan on info_type it1  (cost=0.00..2.41 rows=1 width=4) (actual time=0.006..0.011 rows=1 loops=94)
                                       Filter: (id = 8)
                                       Rows Removed by Filter: 112
                                       Buffers: shared hit=94
                           ->  Seq Scan on info_type it2  (cost=0.00..2.41 rows=1 width=4) (actual time=0.005..0.011 rows=1 loops=94)
                                 Filter: (id = 4)
                                 Rows Removed by Filter: 112
                                 Buffers: shared hit=94
                     ->  Index Scan using movie_id_cast_info on cast_info ci  (cost=0.44..44.17 rows=38 width=12) (actual time=0.027..0.144 rows=13 loops=94)
                           Index Cond: (movie_id = t.id)
                           Buffers: shared hit=794 read=644
               ->  Hash  (cost=1.15..1.15 rows=1 width=4) (actual time=0.036..0.037 rows=1 loops=1)
                     Buckets: 1024  Batches: 1  Memory Usage: 9kB
                     Buffers: shared hit=1
                     ->  Seq Scan on role_type rt  (cost=0.00..1.15 rows=1 width=4) (actual time=0.026..0.028 rows=1 loops=1)
                           Filter: ((role)::text = 'composer'::text)
                           Rows Removed by Filter: 11
                           Buffers: shared hit=1
         ->  Index Scan using name_pkey on name n  (cost=0.43..2.32 rows=1 width=4) (actual time=0.023..0.023 rows=1 loops=40)
               Index Cond: (id = ci.person_id)
               Filter: ((gender)::text = 'm'::text)
               Rows Removed by Filter: 0
               Buffers: shared hit=129 read=31
 Planning:
   Buffers: shared hit=574
 Planning Time: 14.151 ms
 Execution Time: 2931.641 ms
(78 rows)

