                                                                                               QUERY PLAN                                                                                               
--------------------------------------------------------------------------------------------------------------------------------------------------------------------------------------------------------
 Aggregate  (cost=356000.79..356000.80 rows=1 width=8) (actual time=2438.931..2438.936 rows=1 loops=1)
   Buffers: shared hit=231942 read=17077
   ->  Nested Loop  (cost=13059.41..356000.79 rows=1 width=0) (actual time=40.531..2438.133 rows=4162 loops=1)
         Buffers: shared hit=231942 read=17077
         ->  Hash Join  (cost=13058.98..355998.47 rows=1 width=4) (actual time=40.494..2195.437 rows=7636 loops=1)
               Hash Cond: (ci.role_id = rt.id)
               Buffers: shared hit=201851 read=16624
               ->  Nested Loop  (cost=13057.82..355997.26 rows=14 width=8) (actual time=40.354..2180.967 rows=86529 loops=1)
                     Buffers: shared hit=201850 read=16624
                     ->  Nested Loop  (cost=13057.38..355952.70 rows=1 width=12) (actual time=40.322..1323.098 rows=5279 loops=1)
                           Buffers: shared hit=109605 read=7588
                           ->  Nested Loop  (cost=13057.38..355950.28 rows=1 width=16) (actual time=40.317..1221.480 rows=5279 loops=1)
                                 Buffers: shared hit=104326 read=7588
                                 ->  Nested Loop  (cost=13057.38..355947.86 rows=1 width=20) (actual time=40.302..1124.801 rows=5279 loops=1)
                                       Buffers: shared hit=99047 read=7588
                                       ->  Hash Join  (cost=13056.95..355733.78 rows=5 width=12) (actual time=40.249..724.987 rows=5308 loops=1)
                                             Hash Cond: (t.kind_id = kt.id)
                                             Buffers: shared hit=61492 read=1321
                                             ->  Nested Loop  (cost=13055.81..355732.60 rows=11 width=16) (actual time=37.425..722.510 rows=5360 loops=1)
                                                   Buffers: shared hit=61491 read=1321
                                                   ->  Bitmap Heap Scan on movie_info mi2  (cost=13055.38..355208.54 rows=62 width=8) (actual time=37.394..334.318 rows=13350 loops=1)
                                                         Recheck Cond: (info_type_id = 4)
                                                         Filter: ((info)::text = ANY ('{Czech,Turkish}'::text[]))
                                                         Rows Removed by Filter: 1285639
                                                         Heap Blocks: exact=8393
                                                         Buffers: shared hit=9412
                                                         ->  Bitmap Index Scan on info_type_id_movie_info  (cost=0.00..13055.37 rows=1221191 width=0) (actual time=35.530..35.530 rows=1298989 loops=1)
                                                               Index Cond: (info_type_id = 4)
                                                               Buffers: shared hit=1019
                                                   ->  Index Scan using title_pkey on title t  (cost=0.43..8.45 rows=1 width=8) (actual time=0.029..0.029 rows=0 loops=13350)
                                                         Index Cond: (id = mi2.movie_id)
                                                         Filter: ((production_year <= 1975) AND (1875 < production_year))
                                                         Rows Removed by Filter: 1
                                                         Buffers: shared hit=52079 read=1321
                                             ->  Hash  (cost=1.10..1.10 rows=3 width=4) (actual time=0.022..0.023 rows=3 loops=1)
                                                   Buckets: 1024  Batches: 1  Memory Usage: 9kB
                                                   Buffers: shared hit=1
                                                   ->  Seq Scan on kind_type kt  (cost=0.00..1.10 rows=3 width=4) (actual time=0.011..0.013 rows=3 loops=1)
                                                         Filter: ((kind)::text = ANY ('{episode,movie,"tv movie"}'::text[]))
                                                         Rows Removed by Filter: 4
                                                         Buffers: shared hit=1
                                       ->  Index Scan using movie_id_movie_info on movie_info mi1  (cost=0.43..42.80 rows=1 width=8) (actual time=0.066..0.075 rows=1 loops=5308)
                                             Index Cond: (movie_id = t.id)
                                             Filter: (((info)::text = ANY ('{Czechoslovakia,Turkey}'::text[])) AND (info_type_id = 8))
                                             Rows Removed by Filter: 6
                                             Buffers: shared hit=37555 read=6267
                                 ->  Seq Scan on info_type it1  (cost=0.00..2.41 rows=1 width=4) (actual time=0.009..0.017 rows=1 loops=5279)
                                       Filter: (id = 8)
                                       Rows Removed by Filter: 112
                                       Buffers: shared hit=5279
                           ->  Seq Scan on info_type it2  (cost=0.00..2.41 rows=1 width=4) (actual time=0.010..0.018 rows=1 loops=5279)
                                 Filter: (id = 4)
                                 Rows Removed by Filter: 112
                                 Buffers: shared hit=5279
                     ->  Index Scan using movie_id_cast_info on cast_info ci  (cost=0.44..44.17 rows=38 width=12) (actual time=0.032..0.159 rows=16 loops=5279)
                           Index Cond: (movie_id = t.id)
                           Buffers: shared hit=92245 read=9036
               ->  Hash  (cost=1.15..1.15 rows=1 width=4) (actual time=0.031..0.032 rows=1 loops=1)
                     Buckets: 1024  Batches: 1  Memory Usage: 9kB
                     Buffers: shared hit=1
                     ->  Seq Scan on role_type rt  (cost=0.00..1.15 rows=1 width=4) (actual time=0.024..0.026 rows=1 loops=1)
                           Filter: ((role)::text = 'writer'::text)
                           Rows Removed by Filter: 11
                           Buffers: shared hit=1
         ->  Index Scan using name_pkey on name n  (cost=0.43..2.32 rows=1 width=4) (actual time=0.031..0.031 rows=1 loops=7636)
               Index Cond: (id = ci.person_id)
               Filter: ((gender)::text = 'm'::text)
               Rows Removed by Filter: 0
               Buffers: shared hit=30091 read=453
 Planning:
   Buffers: shared hit=574
 Planning Time: 14.081 ms
 Execution Time: 2439.440 ms
(73 rows)

