                                                                                            QUERY PLAN                                                                                            
--------------------------------------------------------------------------------------------------------------------------------------------------------------------------------------------------
 Aggregate  (cost=637748.24..637748.25 rows=1 width=8) (actual time=15529.520..15529.530 rows=1 loops=1)
   Buffers: shared hit=1358232 read=234665, temp read=2124 written=2124
   ->  Nested Loop  (cost=93681.66..637748.14 rows=43 width=0) (actual time=564.117..15529.177 rows=598 loops=1)
         Buffers: shared hit=1358232 read=234665, temp read=2124 written=2124
         ->  Seq Scan on info_type it2  (cost=0.00..2.41 rows=1 width=4) (actual time=0.047..0.059 rows=1 loops=1)
               Filter: (id = 4)
               Rows Removed by Filter: 112
               Buffers: shared hit=1
         ->  Nested Loop  (cost=93681.66..637745.29 rows=43 width=4) (actual time=564.069..15528.913 rows=598 loops=1)
               Buffers: shared hit=1358231 read=234665, temp read=2124 written=2124
               ->  Seq Scan on info_type it1  (cost=0.00..2.41 rows=1 width=4) (actual time=0.010..0.023 rows=1 loops=1)
                     Filter: (id = 8)
                     Rows Removed by Filter: 112
                     Buffers: shared hit=1
               ->  Nested Loop  (cost=93681.66..637742.45 rows=43 width=8) (actual time=564.056..15528.667 rows=598 loops=1)
                     Buffers: shared hit=1358230 read=234665, temp read=2124 written=2124
                     ->  Hash Join  (cost=93681.23..637311.02 rows=186 width=12) (actual time=553.094..14623.960 rows=25814 loops=1)
                           Hash Cond: (ci.role_id = rt.id)
                           Buffers: shared hit=1260265 read=229374, temp read=2124 written=2124
                           ->  Nested Loop  (cost=93680.05..637305.88 rows=1118 width=16) (actual time=552.974..14499.376 rows=686100 loops=1)
                                 Buffers: shared hit=1260264 read=229374, temp read=2124 written=2124
                                 ->  Nested Loop  (cost=93679.61..633830.64 rows=78 width=20) (actual time=552.953..6921.497 rows=48401 loops=1)
                                       Buffers: shared hit=556223 read=114744, temp read=2124 written=2124
                                       ->  Hash Join  (cost=93679.18..527660.77 rows=2465 width=12) (actual time=552.894..1282.051 rows=64387 loops=1)
                                             Hash Cond: (mi1.movie_id = t.id)
                                             Buffers: shared hit=27887 read=17398, temp read=2124 written=2124
                                             ->  Bitmap Heap Scan on movie_info mi1  (cost=14219.47..447041.14 rows=31808 width=8) (actual time=38.765..544.530 rows=350129 loops=1)
                                                   Recheck Cond: (info_type_id = 8)
                                                   Filter: ((info)::text = ANY ('{Brazil,Canada,Czechoslovakia,Denmark,Germany,Japan,Spain,UK}'::text[]))
                                                   Rows Removed by Filter: 975232
                                                   Heap Blocks: exact=7853
                                                   Buffers: shared hit=4325 read=4568
                                                   ->  Bitmap Index Scan on info_type_id_movie_info  (cost=0.00..14211.52 rows=1329478 width=0) (actual time=37.784..37.784 rows=1325361 loops=1)
                                                         Index Cond: (info_type_id = 8)
                                                         Buffers: shared hit=1 read=1039
                                             ->  Hash  (cost=76244.10..76244.10 rows=195968 width=4) (actual time=512.070..512.074 rows=439726 loops=1)
                                                   Buckets: 262144 (originally 262144)  Batches: 4 (originally 2)  Memory Usage: 6145kB
                                                   Buffers: shared hit=23562 read=12830, temp written=966
                                                   ->  Hash Join  (cost=1.13..76244.10 rows=195968 width=4) (actual time=0.046..441.727 rows=439726 loops=1)
                                                         Hash Cond: (t.kind_id = kt.id)
                                                         Buffers: shared hit=23562 read=12830
                                                         ->  Seq Scan on title t  (cost=0.00..74315.95 rows=457258 width=8) (actual time=0.026..389.162 rows=451569 loops=1)
                                                               Filter: ((production_year <= 1975) AND (1875 < production_year))
                                                               Rows Removed by Filter: 2076743
                                                               Buffers: shared hit=23561 read=12830
                                                         ->  Hash  (cost=1.10..1.10 rows=3 width=4) (actual time=0.015..0.016 rows=3 loops=1)
                                                               Buckets: 1024  Batches: 1  Memory Usage: 9kB
                                                               Buffers: shared hit=1
                                                               ->  Seq Scan on kind_type kt  (cost=0.00..1.10 rows=3 width=4) (actual time=0.007..0.008 rows=3 loops=1)
                                                                     Filter: ((kind)::text = ANY ('{episode,movie,"tv movie"}'::text[]))
                                                                     Rows Removed by Filter: 4
                                                                     Buffers: shared hit=1
                                       ->  Index Scan using movie_id_movie_info on movie_info mi2  (cost=0.43..43.06 rows=1 width=8) (actual time=0.045..0.087 rows=1 loops=64387)
                                             Index Cond: (movie_id = t.id)
                                             Filter: ((info_type_id = 4) AND ((info)::text = ANY ('{Czech,Danish,English,German,Japanese,Portuguese,Spanish}'::text[])))
                                             Rows Removed by Filter: 10
                                             Buffers: shared hit=528336 read=97346
                                 ->  Index Scan using movie_id_cast_info on cast_info ci  (cost=0.44..44.17 rows=38 width=12) (actual time=0.035..0.152 rows=14 loops=48401)
                                       Index Cond: (movie_id = t.id)
                                       Buffers: shared hit=704041 read=114630
                           ->  Hash  (cost=1.15..1.15 rows=2 width=4) (actual time=0.019..0.020 rows=2 loops=1)
                                 Buckets: 1024  Batches: 1  Memory Usage: 9kB
                                 Buffers: shared hit=1
                                 ->  Seq Scan on role_type rt  (cost=0.00..1.15 rows=2 width=4) (actual time=0.011..0.013 rows=2 loops=1)
                                       Filter: ((role)::text = ANY ('{composer,"costume designer"}'::text[]))
                                       Rows Removed by Filter: 10
                                       Buffers: shared hit=1
                     ->  Index Scan using name_pkey on name n  (cost=0.43..2.32 rows=1 width=4) (actual time=0.034..0.034 rows=0 loops=25814)
                           Index Cond: (id = ci.person_id)
                           Filter: ((gender)::text = 'f'::text)
                           Rows Removed by Filter: 1
                           Buffers: shared hit=97965 read=5291
 Planning:
   Buffers: shared hit=574
 Planning Time: 13.778 ms
 Execution Time: 15530.210 ms
(76 rows)

