                                                                                               QUERY PLAN                                                                                               
--------------------------------------------------------------------------------------------------------------------------------------------------------------------------------------------------------
 Aggregate  (cost=625109.86..625109.87 rows=1 width=8) (actual time=9076.110..9076.119 rows=1 loops=1)
   Buffers: shared hit=913821 read=26980
   ->  Nested Loop  (cost=13063.10..625109.79 rows=27 width=0) (actual time=54.112..9076.059 rows=81 loops=1)
         Buffers: shared hit=913821 read=26980
         ->  Hash Join  (cost=13062.67..624961.34 rows=64 width=4) (actual time=54.066..9059.881 rows=410 loops=1)
               Hash Cond: (ci.role_id = rt.id)
               Buffers: shared hit=912723 read=26438
               ->  Nested Loop  (cost=13061.49..624958.79 rows=387 width=8) (actual time=38.867..9057.365 rows=13016 loops=1)
                     Buffers: shared hit=912722 read=26438
                     ->  Nested Loop  (cost=13061.05..623755.83 rows=27 width=12) (actual time=38.826..8878.536 rows=973 loops=1)
                           Buffers: shared hit=903092 read=20444
                           ->  Seq Scan on info_type it2  (cost=0.00..2.41 rows=1 width=4) (actual time=0.031..0.042 rows=1 loops=1)
                                 Filter: (id = 4)
                                 Rows Removed by Filter: 112
                                 Buffers: shared hit=1
                           ->  Nested Loop  (cost=13061.05..623753.14 rows=27 width=16) (actual time=38.794..8878.224 rows=973 loops=1)
                                 Buffers: shared hit=903091 read=20444
                                 ->  Seq Scan on info_type it1  (cost=0.00..2.41 rows=1 width=4) (actual time=0.009..0.021 rows=1 loops=1)
                                       Filter: (id = 8)
                                       Rows Removed by Filter: 112
                                       Buffers: shared hit=1
                                 ->  Nested Loop  (cost=13061.05..623750.46 rows=27 width=20) (actual time=38.782..8877.938 rows=973 loops=1)
                                       Buffers: shared hit=903090 read=20444
                                       ->  Hash Join  (cost=13060.59..575180.02 rows=1131 width=12) (actual time=37.390..8699.322 rows=2515 loops=1)
                                             Hash Cond: (t.kind_id = kt.id)
                                             Buffers: shared hit=882761 read=18508
                                             ->  Nested Loop  (cost=13059.45..575167.77 rows=2638 width=16) (actual time=37.346..8685.092 rows=55846 loops=1)
                                                   Buffers: shared hit=882760 read=18508
                                                   ->  Bitmap Heap Scan on movie_info mi2  (cost=13059.01..490474.79 rows=14587 width=8) (actual time=37.274..897.504 rows=228641 loops=1)
                                                         Recheck Cond: (info_type_id = 4)
                                                         Filter: ((info)::text = ANY ('{Arabic,Dutch,French,Italian,Malayalam,Mandarin,Norwegian,Romanian,Spanish,Swedish,Telugu}'::text[]))
                                                         Rows Removed by Filter: 1070348
                                                         Heap Blocks: exact=8393
                                                         Buffers: shared hit=9412
                                                         ->  Bitmap Index Scan on info_type_id_movie_info  (cost=0.00..13055.37 rows=1221191 width=0) (actual time=34.403..34.404 rows=1298989 loops=1)
                                                               Index Cond: (info_type_id = 4)
                                                               Buffers: shared hit=1019
                                                   ->  Memoize  (cost=0.44..5.91 rows=1 width=8) (actual time=0.034..0.034 rows=0 loops=228641)
                                                         Cache Key: mi2.movie_id
                                                         Cache Mode: logical
                                                         Hits: 5677  Misses: 222964  Evictions: 112326  Overflows: 0  Memory Usage: 8193kB
                                                         Buffers: shared hit=873348 read=18508
                                                         ->  Index Scan using title_pkey on title t  (cost=0.43..5.90 rows=1 width=8) (actual time=0.033..0.033 rows=0 loops=222964)
                                                               Index Cond: (id = mi2.movie_id)
                                                               Filter: ((production_year <= 1975) AND (1875 < production_year))
                                                               Rows Removed by Filter: 1
                                                               Buffers: shared hit=873348 read=18508
                                             ->  Hash  (cost=1.10..1.10 rows=3 width=4) (actual time=0.022..0.023 rows=3 loops=1)
                                                   Buckets: 1024  Batches: 1  Memory Usage: 9kB
                                                   Buffers: shared hit=1
                                                   ->  Seq Scan on kind_type kt  (cost=0.00..1.10 rows=3 width=4) (actual time=0.009..0.011 rows=3 loops=1)
                                                         Filter: ((kind)::text = ANY ('{"tv series","video game","video movie"}'::text[]))
                                                         Rows Removed by Filter: 4
                                                         Buffers: shared hit=1
                                       ->  Index Scan using movie_id_movie_info on movie_info mi1  (cost=0.46..42.93 rows=1 width=8) (actual time=0.066..0.070 rows=0 loops=2515)
                                             Index Cond: (movie_id = t.id)
                                             Filter: ((info_type_id = 8) AND ((info)::text = ANY ('{Belgium,Egypt,France,"Hong Kong",India,Netherlands,Norway,Romania,Sweden,Taiwan,USA}'::text[])))
                                             Rows Removed by Filter: 8
                                             Buffers: shared hit=20329 read=1936
                     ->  Index Scan using movie_id_cast_info on cast_info ci  (cost=0.44..44.17 rows=38 width=12) (actual time=0.040..0.180 rows=13 loops=973)
                           Index Cond: (movie_id = t.id)
                           Buffers: shared hit=9630 read=5994
               ->  Hash  (cost=1.15..1.15 rows=2 width=4) (actual time=0.039..0.040 rows=2 loops=1)
                     Buckets: 1024  Batches: 1  Memory Usage: 9kB
                     Buffers: shared hit=1
                     ->  Seq Scan on role_type rt  (cost=0.00..1.15 rows=2 width=4) (actual time=0.031..0.033 rows=2 loops=1)
                           Filter: ((role)::text = ANY ('{cinematographer,"miscellaneous crew"}'::text[]))
                           Rows Removed by Filter: 10
                           Buffers: shared hit=1
         ->  Index Scan using name_pkey on name n  (cost=0.43..2.32 rows=1 width=4) (actual time=0.039..0.039 rows=0 loops=410)
               Index Cond: (id = ci.person_id)
               Filter: ((gender)::text = 'm'::text)
               Rows Removed by Filter: 1
               Buffers: shared hit=1098 read=542
 Planning:
   Buffers: shared hit=576 read=1
 Planning Time: 13.332 ms
 Execution Time: 9079.212 ms
(78 rows)

