                                                                                            QUERY PLAN                                                                                            
--------------------------------------------------------------------------------------------------------------------------------------------------------------------------------------------------
 Aggregate  (cost=668332.47..668332.48 rows=1 width=8) (actual time=26283.146..26283.155 rows=1 loops=1)
   Buffers: shared hit=2361571 read=367849, temp read=1936 written=1936
   ->  Nested Loop  (cost=91931.06..668332.40 rows=29 width=0) (actual time=627.868..26282.726 rows=654 loops=1)
         Buffers: shared hit=2361571 read=367849, temp read=1936 written=1936
         ->  Seq Scan on info_type it2  (cost=0.00..2.41 rows=1 width=4) (actual time=0.046..0.055 rows=1 loops=1)
               Filter: (id = 4)
               Rows Removed by Filter: 112
               Buffers: shared hit=1
         ->  Nested Loop  (cost=91931.06..668329.70 rows=29 width=4) (actual time=627.820..26282.439 rows=654 loops=1)
               Buffers: shared hit=2361570 read=367849, temp read=1936 written=1936
               ->  Seq Scan on info_type it1  (cost=0.00..2.41 rows=1 width=4) (actual time=0.010..0.021 rows=1 loops=1)
                     Filter: (id = 8)
                     Rows Removed by Filter: 112
                     Buffers: shared hit=1
               ->  Nested Loop  (cost=91931.06..668326.99 rows=29 width=8) (actual time=627.807..26282.141 rows=654 loops=1)
                     Buffers: shared hit=2361569 read=367849, temp read=1936 written=1936
                     ->  Hash Join  (cost=91930.63..668039.37 rows=124 width=12) (actual time=501.082..24865.005 rows=39582 loops=1)
                           Hash Cond: (ci.role_id = rt.id)
                           Buffers: shared hit=2210720 read=360370, temp read=1936 written=1936
                           ->  Nested Loop  (cost=91929.47..668032.92 rows=1491 width=16) (actual time=500.189..24619.105 rows=1410839 loops=1)
                                 Buffers: shared hit=2210719 read=360370, temp read=1936 written=1936
                                 ->  Nested Loop  (cost=91929.03..663365.46 rows=104 width=20) (actual time=500.173..10193.466 rows=69693 loops=1)
                                       Buffers: shared hit=826475 read=168575, temp read=1936 written=1936
                                       ->  Hash Join  (cost=91928.59..509951.09 rows=3548 width=12) (actual time=500.132..1597.917 rows=83155 loops=1)
                                             Hash Cond: (mi1.movie_id = t.id)
                                             Buffers: shared hit=36667 read=8618, temp read=1936 written=1936
                                             ->  Bitmap Heap Scan on movie_info mi1  (cost=14226.32..431991.39 rows=59185 width=8) (actual time=37.669..705.339 rows=645841 loops=1)
                                                   Recheck Cond: (info_type_id = 8)
                                                   Filter: ((info)::text = ANY ('{Belgium,Canada,India,Netherlands,Romania,Taiwan,USA}'::text[]))
                                                   Rows Removed by Filter: 679520
                                                   Heap Blocks: exact=7853
                                                   Buffers: shared hit=1014 read=7879
                                                   ->  Bitmap Index Scan on info_type_id_movie_info  (cost=0.00..14211.52 rows=1329478 width=0) (actual time=36.697..36.698 rows=1325361 loops=1)
                                                         Index Cond: (info_type_id = 8)
                                                         Buffers: shared hit=1 read=1039
                                             ->  Hash  (cost=75807.58..75807.58 rows=151576 width=4) (actual time=461.346..461.349 rows=335746 loops=1)
                                                   Buckets: 262144 (originally 262144)  Batches: 2 (originally 1)  Memory Usage: 7957kB
                                                   Buffers: shared hit=35653 read=739, temp written=491
                                                   ->  Hash Join  (cost=1.13..75807.58 rows=151576 width=4) (actual time=0.047..410.955 rows=335746 loops=1)
                                                         Hash Cond: (t.kind_id = kt.id)
                                                         Buffers: shared hit=35653 read=739
                                                         ->  Seq Scan on title t  (cost=0.00..74315.95 rows=353677 width=8) (actual time=0.028..370.348 rows=347589 loops=1)
                                                               Filter: ((production_year <= 1975) AND (1925 < production_year))
                                                               Rows Removed by Filter: 2180723
                                                               Buffers: shared hit=35652 read=739
                                                         ->  Hash  (cost=1.10..1.10 rows=3 width=4) (actual time=0.015..0.016 rows=3 loops=1)
                                                               Buckets: 1024  Batches: 1  Memory Usage: 9kB
                                                               Buffers: shared hit=1
                                                               ->  Seq Scan on kind_type kt  (cost=0.00..1.10 rows=3 width=4) (actual time=0.007..0.008 rows=3 loops=1)
                                                                     Filter: ((kind)::text = ANY ('{episode,movie,"tv movie"}'::text[]))
                                                                     Rows Removed by Filter: 4
                                                                     Buffers: shared hit=1
                                       ->  Index Scan using movie_id_movie_info on movie_info mi2  (cost=0.43..43.23 rows=1 width=8) (actual time=0.047..0.103 rows=1 loops=83155)
                                             Index Cond: (movie_id = t.id)
                                             Filter: ((info_type_id = 4) AND ((info)::text = ANY ('{Dutch,English,French,Mandarin,Romanian,Spanish}'::text[])))
                                             Rows Removed by Filter: 14
                                             Buffers: shared hit=789808 read=159957
                                 ->  Index Scan using movie_id_cast_info on cast_info ci  (cost=0.44..44.50 rows=38 width=12) (actual time=0.034..0.201 rows=20 loops=69693)
                                       Index Cond: (movie_id = t.id)
                                       Buffers: shared hit=1384244 read=191795
                           ->  Hash  (cost=1.15..1.15 rows=1 width=4) (actual time=0.017..0.018 rows=1 loops=1)
                                 Buckets: 1024  Batches: 1  Memory Usage: 9kB
                                 Buffers: shared hit=1
                                 ->  Seq Scan on role_type rt  (cost=0.00..1.15 rows=1 width=4) (actual time=0.010..0.012 rows=1 loops=1)
                                       Filter: ((role)::text = 'editor'::text)
                                       Rows Removed by Filter: 11
                                       Buffers: shared hit=1
                     ->  Index Scan using name_pkey on name n  (cost=0.43..2.32 rows=1 width=4) (actual time=0.035..0.035 rows=0 loops=39582)
                           Index Cond: (id = ci.person_id)
                           Filter: ((gender)::text = 'f'::text)
                           Rows Removed by Filter: 1
                           Buffers: shared hit=150849 read=7479
 Planning:
   Buffers: shared hit=574
 Planning Time: 13.308 ms
 Execution Time: 26283.766 ms
(76 rows)

