                                                                                                  QUERY PLAN                                                                                                  
--------------------------------------------------------------------------------------------------------------------------------------------------------------------------------------------------------------
 Aggregate  (cost=952843.45..952843.46 rows=1 width=8) (actual time=38538.009..38538.019 rows=1 loops=1)
   Buffers: shared hit=3483850 read=403366, temp read=8609 written=8592
   ->  Nested Loop  (cost=873136.34..952842.96 rows=197 width=0) (actual time=1071.061..38537.586 rows=502 loops=1)
         Buffers: shared hit=3483850 read=403366, temp read=8609 written=8592
         ->  Seq Scan on info_type it2  (cost=0.00..2.41 rows=1 width=4) (actual time=0.050..0.060 rows=1 loops=1)
               Filter: (id = 4)
               Rows Removed by Filter: 112
               Buffers: shared hit=1
         ->  Nested Loop  (cost=873136.34..952838.58 rows=197 width=4) (actual time=1071.010..38537.286 rows=502 loops=1)
               Buffers: shared hit=3483849 read=403366, temp read=8609 written=8592
               ->  Seq Scan on info_type it1  (cost=0.00..2.41 rows=1 width=4) (actual time=0.014..0.026 rows=1 loops=1)
                     Filter: (id = 8)
                     Rows Removed by Filter: 112
                     Buffers: shared hit=1
               ->  Nested Loop  (cost=873136.34..952834.20 rows=197 width=8) (actual time=1070.994..38537.007 rows=502 loops=1)
                     Buffers: shared hit=3483848 read=403366, temp read=8609 written=8592
                     ->  Hash Join  (cost=873135.91..950869.56 rows=847 width=12) (actual time=1070.817..37528.660 rows=26557 loops=1)
                           Hash Cond: (ci.role_id = rt.id)
                           Buffers: shared hit=3389227 read=391759, temp read=8609 written=8592
                           ->  Nested Loop  (cost=873134.75..950832.30 rows=10163 width=16) (actual time=1070.546..37258.897 rows=1388397 loops=1)
                                 Buffers: shared hit=3389226 read=391759, temp read=8609 written=8592
                                 ->  Nested Loop  (cost=873134.31..919877.59 rows=709 width=20) (actual time=1070.525..21468.315 rows=71284 loops=1)
                                       Buffers: shared hit=2174681 read=53488, temp read=8609 written=8592
                                       ->  Nested Loop  (cost=873134.17..919836.92 rows=1655 width=24) (actual time=1070.509..21118.932 rows=505895 loops=1)
                                             Join Filter: (t.id = mi1.movie_id)
                                             Buffers: shared hit=2174669 read=53488, temp read=8609 written=8592
                                             ->  Merge Join  (cost=873133.74..873935.81 rows=13060 width=16) (actual time=1070.458..1808.196 rows=552463 loops=1)
                                                   Merge Cond: (mi1.movie_id = mi2.movie_id)
                                                   Buffers: shared hit=8357 read=9948, temp read=8609 written=8592
                                                   ->  Sort  (cost=436990.87..437147.70 rows=62730 width=8) (actual time=548.699..675.456 rows=680540 loops=1)
                                                         Sort Key: mi1.movie_id
                                                         Sort Method: external sort  Disk: 14712kB
                                                         Buffers: shared hit=4360 read=4533, temp read=3671 written=3680
                                                         ->  Bitmap Heap Scan on movie_info mi1  (cost=14227.20..431992.28 rows=62730 width=8) (actual time=37.335..382.513 rows=680540 loops=1)
                                                               Recheck Cond: (info_type_id = 8)
                                                               Filter: ((info)::text = ANY ('{Austria,France,India,Italy,Nigeria,Switzerland,USA}'::text[]))
                                                               Rows Removed by Filter: 644821
                                                               Heap Blocks: exact=7853
                                                               Buffers: shared hit=4360 read=4533
                                                               ->  Bitmap Index Scan on info_type_id_movie_info  (cost=0.00..14211.52 rows=1329478 width=0) (actual time=36.355..36.355 rows=1325361 loops=1)
                                                                     Index Cond: (info_type_id = 8)
                                                                     Buffers: shared read=1040
                                                   ->  Sort  (cost=436142.86..436321.77 rows=71564 width=8) (actual time=521.749..702.140 rows=918012 loops=1)
                                                         Sort Key: mi2.movie_id
                                                         Sort Method: external sort  Disk: 19640kB
                                                         Buffers: shared hit=3997 read=5415, temp read=4919 written=4912
                                                         ->  Bitmap Heap Scan on movie_info mi2  (cost=13073.26..430372.32 rows=71564 width=8) (actual time=30.487..302.557 rows=908596 loops=1)
                                                               Recheck Cond: (info_type_id = 4)
                                                               Filter: ((info)::text = ANY ('{English,Italian,Kannada,Russian,Spanish,"Swiss German",Yoruba}'::text[]))
                                                               Rows Removed by Filter: 390393
                                                               Heap Blocks: exact=8393
                                                               Buffers: shared hit=3997 read=5415
                                                               ->  Bitmap Index Scan on info_type_id_movie_info  (cost=0.00..13055.37 rows=1221191 width=0) (actual time=29.448..29.448 rows=1298989 loops=1)
                                                                     Index Cond: (info_type_id = 4)
                                                                     Buffers: shared hit=1 read=1018
                                             ->  Index Scan using title_pkey on title t  (cost=0.43..3.50 rows=1 width=8) (actual time=0.034..0.034 rows=1 loops=552463)
                                                   Index Cond: (id = mi2.movie_id)
                                                   Filter: ((production_year <= 2015) AND (1925 < production_year))
                                                   Rows Removed by Filter: 0
                                                   Buffers: shared hit=2166312 read=43540
                                       ->  Memoize  (cost=0.14..0.16 rows=1 width=4) (actual time=0.000..0.000 rows=0 loops=505895)
                                             Cache Key: t.kind_id
                                             Cache Mode: logical
                                             Hits: 505889  Misses: 6  Evictions: 0  Overflows: 0  Memory Usage: 1kB
                                             Buffers: shared hit=12
                                             ->  Index Scan using kind_type_pkey on kind_type kt  (cost=0.13..0.15 rows=1 width=4) (actual time=0.010..0.010 rows=0 loops=6)
                                                   Index Cond: (id = t.kind_id)
                                                   Filter: ((kind)::text = ANY ('{"tv movie","tv series","video game"}'::text[]))
                                                   Rows Removed by Filter: 0
                                                   Buffers: shared hit=12
                                 ->  Index Scan using movie_id_cast_info on cast_info ci  (cost=0.44..43.28 rows=38 width=12) (actual time=0.036..0.216 rows=19 loops=71284)
                                       Index Cond: (movie_id = t.id)
                                       Buffers: shared hit=1214545 read=338271
                           ->  Hash  (cost=1.15..1.15 rows=1 width=4) (actual time=0.032..0.033 rows=1 loops=1)
                                 Buckets: 1024  Batches: 1  Memory Usage: 9kB
                                 Buffers: shared hit=1
                                 ->  Seq Scan on role_type rt  (cost=0.00..1.15 rows=1 width=4) (actual time=0.024..0.025 rows=1 loops=1)
                                       Filter: ((role)::text = 'composer'::text)
                                       Rows Removed by Filter: 11
                                       Buffers: shared hit=1
                     ->  Index Scan using name_pkey on name n  (cost=0.43..2.32 rows=1 width=4) (actual time=0.037..0.037 rows=0 loops=26557)
                           Index Cond: (id = ci.person_id)
                           Filter: ((gender)::text = 'f'::text)
                           Rows Removed by Filter: 1
                           Buffers: shared hit=94621 read=11607
 Planning:
   Buffers: shared hit=483 read=91
 Planning Time: 14.356 ms
 Execution Time: 38548.747 ms
(89 rows)

