                                                                                                QUERY PLAN                                                                                                
----------------------------------------------------------------------------------------------------------------------------------------------------------------------------------------------------------
 Aggregate  (cost=646938.04..646938.05 rows=1 width=8) (actual time=29810.751..29810.760 rows=1 loops=1)
   Buffers: shared hit=2641223 read=456263, temp read=2191 written=2191
   ->  Nested Loop  (cost=91933.24..646937.97 rows=31 width=0) (actual time=638.153..29810.702 rows=35 loops=1)
         Buffers: shared hit=2641223 read=456263, temp read=2191 written=2191
         ->  Seq Scan on info_type it2  (cost=0.00..2.41 rows=1 width=4) (actual time=0.042..0.052 rows=1 loops=1)
               Filter: (id = 4)
               Rows Removed by Filter: 112
               Buffers: shared hit=1
         ->  Nested Loop  (cost=91933.24..646935.24 rows=31 width=4) (actual time=638.109..29810.625 rows=35 loops=1)
               Buffers: shared hit=2641222 read=456263, temp read=2191 written=2191
               ->  Seq Scan on info_type it1  (cost=0.00..2.41 rows=1 width=4) (actual time=0.008..0.020 rows=1 loops=1)
                     Filter: (id = 8)
                     Rows Removed by Filter: 112
                     Buffers: shared hit=1
               ->  Nested Loop  (cost=91933.24..646932.52 rows=31 width=8) (actual time=638.098..29810.576 rows=35 loops=1)
                     Buffers: shared hit=2641221 read=456263, temp read=2191 written=2191
                     ->  Hash Join  (cost=91932.81..646621.71 rows=134 width=12) (actual time=520.956..29486.608 rows=8771 loops=1)
                           Hash Cond: (ci.role_id = rt.id)
                           Buffers: shared hit=2608961 read=453439, temp read=2191 written=2191
                           ->  Nested Loop  (cost=91931.65..646614.84 rows=1605 width=16) (actual time=515.773..29206.632 rows=1705607 loops=1)
                                 Buffers: shared hit=2608960 read=453439, temp read=2191 written=2191
                                 ->  Nested Loop  (cost=91931.21..641588.34 rows=112 width=20) (actual time=515.754..11736.085 rows=83516 loops=1)
                                       Buffers: shared hit=926596 read=229825, temp read=2191 written=2191
                                       ->  Hash Join  (cost=91930.77..464820.90 rows=4064 width=12) (actual time=515.661..1479.201 rows=99183 loops=1)
                                             Hash Cond: (mi1.movie_id = t.id)
                                             Buffers: shared hit=8570 read=36715, temp read=2191 written=2191
                                             ->  Bitmap Heap Scan on movie_info mi1  (cost=14228.50..386823.79 rows=67785 width=8) (actual time=35.481..486.877 rows=752212 loops=1)
                                                   Recheck Cond: (info_type_id = 8)
                                                   Filter: ((info)::text = ANY ('{Australia,Belgium,Canada,France,"Hong Kong",Hungary,India,Iran,Norway,Poland,Romania,USA}'::text[]))
                                                   Rows Removed by Filter: 573149
                                                   Heap Blocks: exact=7853
                                                   Buffers: shared hit=7 read=8886
                                                   ->  Bitmap Index Scan on info_type_id_movie_info  (cost=0.00..14211.52 rows=1329478 width=0) (actual time=34.504..34.504 rows=1325361 loops=1)
                                                         Index Cond: (info_type_id = 8)
                                                         Buffers: shared read=1040
                                             ->  Hash  (cost=75807.58..75807.58 rows=151576 width=4) (actual time=478.907..478.910 rows=335746 loops=1)
                                                   Buckets: 262144 (originally 262144)  Batches: 2 (originally 1)  Memory Usage: 7957kB
                                                   Buffers: shared hit=8563 read=27829, temp written=491
                                                   ->  Hash Join  (cost=1.13..75807.58 rows=151576 width=4) (actual time=0.046..418.843 rows=335746 loops=1)
                                                         Hash Cond: (t.kind_id = kt.id)
                                                         Buffers: shared hit=8563 read=27829
                                                         ->  Seq Scan on title t  (cost=0.00..74315.95 rows=353677 width=8) (actual time=0.026..377.370 rows=347589 loops=1)
                                                               Filter: ((production_year <= 1975) AND (1925 < production_year))
                                                               Rows Removed by Filter: 2180723
                                                               Buffers: shared hit=8562 read=27829
                                                         ->  Hash  (cost=1.10..1.10 rows=3 width=4) (actual time=0.015..0.017 rows=3 loops=1)
                                                               Buckets: 1024  Batches: 1  Memory Usage: 9kB
                                                               Buffers: shared hit=1
                                                               ->  Seq Scan on kind_type kt  (cost=0.00..1.10 rows=3 width=4) (actual time=0.007..0.009 rows=3 loops=1)
                                                                     Filter: ((kind)::text = ANY ('{episode,movie,"tv movie"}'::text[]))
                                                                     Rows Removed by Filter: 4
                                                                     Buffers: shared hit=1
                                       ->  Index Scan using movie_id_movie_info on movie_info mi2  (cost=0.43..43.49 rows=1 width=8) (actual time=0.047..0.103 rows=1 loops=99183)
                                             Index Cond: (movie_id = t.id)
                                             Filter: ((info_type_id = 4) AND ((info)::text = ANY ('{English,French,Hungarian,Italian,Mandarin,Norwegian,Persian,Polish,Romanian,Tamil,Telugu}'::text[])))
                                             Rows Removed by Filter: 13
                                             Buffers: shared hit=918026 read=193110
                                 ->  Index Scan using movie_id_cast_info on cast_info ci  (cost=0.44..44.50 rows=38 width=12) (actual time=0.035..0.203 rows=20 loops=83516)
                                       Index Cond: (movie_id = t.id)
                                       Buffers: shared hit=1682364 read=223614
                           ->  Hash  (cost=1.15..1.15 rows=1 width=4) (actual time=0.015..0.016 rows=1 loops=1)
                                 Buckets: 1024  Batches: 1  Memory Usage: 9kB
                                 Buffers: shared hit=1
                                 ->  Seq Scan on role_type rt  (cost=0.00..1.15 rows=1 width=4) (actual time=0.009..0.010 rows=1 loops=1)
                                       Filter: ((role)::text = 'production designer'::text)
                                       Rows Removed by Filter: 11
                                       Buffers: shared hit=1
                     ->  Index Scan using name_pkey on name n  (cost=0.43..2.32 rows=1 width=4) (actual time=0.036..0.036 rows=0 loops=8771)
                           Index Cond: (id = ci.person_id)
                           Filter: ((gender)::text = 'f'::text)
                           Rows Removed by Filter: 1
                           Buffers: shared hit=32260 read=2824
 Planning:
   Buffers: shared hit=487 read=90
 Planning Time: 10.202 ms
 Execution Time: 29811.346 ms
(76 rows)

