                                                                                                      QUERY PLAN                                                                                                      
----------------------------------------------------------------------------------------------------------------------------------------------------------------------------------------------------------------------
 Aggregate  (cost=941063.97..941063.98 rows=1 width=8) (actual time=44813.037..44813.046 rows=1 loops=1)
   Buffers: shared hit=4070992 read=473570, temp read=8799 written=8786
   ->  Nested Loop  (cost=858264.64..941063.04 rows=370 width=0) (actual time=975.745..44800.183 rows=54005 loops=1)
         Buffers: shared hit=4070992 read=473570, temp read=8799 written=8786
         ->  Seq Scan on info_type it2  (cost=0.00..2.41 rows=1 width=4) (actual time=0.040..0.052 rows=1 loops=1)
               Filter: (id = 4)
               Rows Removed by Filter: 112
               Buffers: shared read=1
         ->  Nested Loop  (cost=858264.64..941056.93 rows=370 width=4) (actual time=975.703..44787.151 rows=54005 loops=1)
               Buffers: shared hit=4070992 read=473569, temp read=8799 written=8786
               ->  Seq Scan on info_type it1  (cost=0.00..2.41 rows=1 width=4) (actual time=0.009..0.023 rows=1 loops=1)
                     Filter: (id = 8)
                     Rows Removed by Filter: 112
                     Buffers: shared hit=1
               ->  Nested Loop  (cost=858264.64..941050.82 rows=370 width=8) (actual time=975.692..44774.511 rows=54005 loops=1)
                     Buffers: shared hit=4070991 read=473569, temp read=8799 written=8786
                     ->  Hash Join  (cost=858264.21..939002.68 rows=883 width=12) (actual time=975.659..38177.319 rows=181402 loops=1)
                           Hash Cond: (ci.role_id = rt.id)
                           Buffers: shared hit=3388644 read=430308, temp read=8799 written=8786
                           ->  Nested Loop  (cost=858263.04..938963.89 rows=10593 width=16) (actual time=974.956..37874.001 rows=1379681 loops=1)
                                 Buffers: shared hit=3388643 read=430308, temp read=8799 written=8786
                                 ->  Nested Loop  (cost=858262.60..906699.39 rows=739 width=20) (actual time=974.931..21910.527 rows=72646 loops=1)
                                       Buffers: shared hit=2209028 read=62105, temp read=8799 written=8786
                                       ->  Nested Loop  (cost=858262.46..906657.08 rows=1724 width=24) (actual time=974.913..21541.857 rows=525310 loops=1)
                                             Join Filter: (t.id = mi1.movie_id)
                                             Buffers: shared hit=2209016 read=62105, temp read=8799 written=8786
                                             ->  Merge Join  (cost=858262.03..859083.25 rows=13607 width=16) (actual time=974.855..1728.391 rows=563204 loops=1)
                                                   Merge Cond: (mi1.movie_id = mi2.movie_id)
                                                   Buffers: shared hit=3 read=18302, temp read=8799 written=8786
                                                   ->  Sort  (cost=391965.60..392126.57 rows=64386 width=8) (actual time=432.789..565.985 rows=709060 loops=1)
                                                         Sort Key: mi1.movie_id
                                                         Sort Method: external sort  Disk: 15320kB
                                                         Buffers: shared hit=1 read=8892, temp read=3823 written=3832
                                                         ->  Bitmap Heap Scan on movie_info mi1  (cost=14227.65..386822.95 rows=64386 width=8) (actual time=37.568..258.583 rows=709060 loops=1)
                                                               Recheck Cond: (info_type_id = 8)
                                                               Filter: ((info)::text = ANY ('{Brazil,China,Cuba,"Czech Republic",Finland,Germany,India,Israel,Malaysia,Pakistan,Serbia,Spain,Thailand,USA}'::text[]))
                                                               Rows Removed by Filter: 616301
                                                               Heap Blocks: exact=7853
                                                               Buffers: shared hit=1 read=8892
                                                               ->  Bitmap Index Scan on info_type_id_movie_info  (cost=0.00..14211.52 rows=1329478 width=0) (actual time=36.585..36.586 rows=1325361 loops=1)
                                                                     Index Cond: (info_type_id = 8)
                                                                     Buffers: shared read=1040
                                                   ->  Sort  (cost=466296.43..466478.04 rows=72644 width=8) (actual time=542.058..729.157 rows=924522 loops=1)
                                                         Sort Key: mi2.movie_id
                                                         Sort Method: external sort  Disk: 19808kB
                                                         Buffers: shared hit=2 read=9410, temp read=4959 written=4954
                                                         ->  Bitmap Heap Scan on movie_info mi2  (cost=13073.53..460430.95 rows=72644 width=8) (actual time=30.766..321.054 rows=916403 loops=1)
                                                               Recheck Cond: (info_type_id = 4)
                                                               Filter: ((info)::text = ANY ('{English,Galician,Japanese,Malay,Oriya,Serbian,Spanish,Thai,Urdu}'::text[]))
                                                               Rows Removed by Filter: 382586
                                                               Heap Blocks: exact=8393
                                                               Buffers: shared hit=2 read=9410
                                                               ->  Bitmap Index Scan on info_type_id_movie_info  (cost=0.00..13055.37 rows=1221191 width=0) (actual time=29.728..29.729 rows=1298989 loops=1)
                                                                     Index Cond: (info_type_id = 4)
                                                                     Buffers: shared hit=1 read=1018
                                             ->  Index Scan using title_pkey on title t  (cost=0.43..3.48 rows=1 width=8) (actual time=0.034..0.034 rows=1 loops=563204)
                                                   Index Cond: (id = mi2.movie_id)
                                                   Filter: ((production_year <= 2015) AND (1925 < production_year))
                                                   Rows Removed by Filter: 0
                                                   Buffers: shared hit=2209013 read=43803
                                       ->  Memoize  (cost=0.14..0.16 rows=1 width=4) (actual time=0.000..0.000 rows=0 loops=525310)
                                             Cache Key: t.kind_id
                                             Cache Mode: logical
                                             Hits: 525304  Misses: 6  Evictions: 0  Overflows: 0  Memory Usage: 1kB
                                             Buffers: shared hit=12
                                             ->  Index Scan using kind_type_pkey on kind_type kt  (cost=0.13..0.15 rows=1 width=4) (actual time=0.010..0.010 rows=0 loops=6)
                                                   Index Cond: (id = t.kind_id)
                                                   Filter: ((kind)::text = ANY ('{"tv movie","tv series","video game"}'::text[]))
                                                   Rows Removed by Filter: 0
                                                   Buffers: shared hit=12
                                 ->  Index Scan using movie_id_cast_info on cast_info ci  (cost=0.44..43.28 rows=38 width=12) (actual time=0.037..0.214 rows=19 loops=72646)
                                       Index Cond: (movie_id = t.id)
                                       Buffers: shared hit=1179615 read=368203
                           ->  Hash  (cost=1.15..1.15 rows=1 width=4) (actual time=0.025..0.026 rows=1 loops=1)
                                 Buckets: 1024  Batches: 1  Memory Usage: 9kB
                                 Buffers: shared hit=1
                                 ->  Seq Scan on role_type rt  (cost=0.00..1.15 rows=1 width=4) (actual time=0.012..0.014 rows=1 loops=1)
                                       Filter: ((role)::text = 'producer'::text)
                                       Rows Removed by Filter: 11
                                       Buffers: shared hit=1
                     ->  Index Scan using name_pkey on name n  (cost=0.43..2.32 rows=1 width=4) (actual time=0.036..0.036 rows=0 loops=181402)
                           Index Cond: (id = ci.person_id)
                           Filter: ((gender)::text = 'm'::text)
                           Rows Removed by Filter: 1
                           Buffers: shared hit=682347 read=43261
 Planning:
   Buffers: shared hit=487 read=90
 Planning Time: 14.737 ms
 Execution Time: 44824.798 ms
(89 rows)

