                                                                                               QUERY PLAN                                                                                               
--------------------------------------------------------------------------------------------------------------------------------------------------------------------------------------------------------
 Aggregate  (cost=358081.60..358081.61 rows=1 width=8) (actual time=1204.386..1204.394 rows=1 loops=1)
   Buffers: shared hit=89677 read=29601
   ->  Nested Loop  (cost=14215.55..358081.60 rows=1 width=0) (actual time=165.259..1204.371 rows=15 loops=1)
         Buffers: shared hit=89677 read=29601
         ->  Hash Join  (cost=14215.12..358079.28 rows=1 width=4) (actual time=111.511..1178.675 rows=850 loops=1)
               Hash Cond: (ci.role_id = rt.id)
               Buffers: shared hit=86375 read=29503
               ->  Nested Loop  (cost=14213.95..358078.07 rows=14 width=8) (actual time=110.716..1174.257 rows=38205 loops=1)
                     Buffers: shared hit=86374 read=29503
                     ->  Nested Loop  (cost=14213.51..358034.41 rows=1 width=12) (actual time=110.674..819.581 rows=2282 loops=1)
                           Buffers: shared hit=47476 read=24099
                           ->  Nested Loop  (cost=14213.51..358031.98 rows=1 width=16) (actual time=110.669..786.845 rows=2282 loops=1)
                                 Buffers: shared hit=45194 read=24099
                                 ->  Nested Loop  (cost=14213.51..358029.56 rows=1 width=20) (actual time=110.651..751.647 rows=2282 loops=1)
                                       Buffers: shared hit=42913 read=24098
                                       ->  Hash Join  (cost=14213.08..357269.80 rows=18 width=12) (actual time=110.616..572.545 rows=2353 loops=1)
                                             Hash Cond: (t.kind_id = kt.id)
                                             Buffers: shared hit=30337 read=17101
                                             ->  Nested Loop  (cost=14211.97..357268.42 rows=63 width=16) (actual time=36.964..570.681 rows=9372 loops=1)
                                                   Buffers: shared hit=30336 read=17101
                                                   ->  Bitmap Heap Scan on movie_info mi1  (cost=14211.54..356693.65 rows=68 width=8) (actual time=36.930..290.612 rows=9636 loops=1)
                                                         Recheck Cond: (info_type_id = 8)
                                                         Filter: ((info)::text = ANY ('{"East Germany",Poland}'::text[]))
                                                         Rows Removed by Filter: 1315725
                                                         Heap Blocks: exact=7853
                                                         Buffers: shared hit=1 read=8892
                                                         ->  Bitmap Index Scan on info_type_id_movie_info  (cost=0.00..14211.52 rows=1329478 width=0) (actual time=35.899..35.899 rows=1325361 loops=1)
                                                               Index Cond: (info_type_id = 8)
                                                               Buffers: shared read=1040
                                                   ->  Index Scan using title_pkey on title t  (cost=0.43..8.45 rows=1 width=8) (actual time=0.029..0.029 rows=1 loops=9636)
                                                         Index Cond: (id = mi1.movie_id)
                                                         Filter: ((production_year <= 2015) AND (1925 < production_year))
                                                         Rows Removed by Filter: 0
                                                         Buffers: shared hit=30335 read=8209
                                             ->  Hash  (cost=1.09..1.09 rows=2 width=4) (actual time=0.014..0.015 rows=2 loops=1)
                                                   Buckets: 1024  Batches: 1  Memory Usage: 9kB
                                                   Buffers: shared hit=1
                                                   ->  Seq Scan on kind_type kt  (cost=0.00..1.09 rows=2 width=4) (actual time=0.009..0.010 rows=2 loops=1)
                                                         Filter: ((kind)::text = ANY ('{"tv movie","video game"}'::text[]))
                                                         Rows Removed by Filter: 5
                                                         Buffers: shared hit=1
                                       ->  Index Scan using movie_id_movie_info on movie_info mi2  (cost=0.43..42.20 rows=1 width=8) (actual time=0.034..0.076 rows=1 loops=2353)
                                             Index Cond: (movie_id = t.id)
                                             Filter: (((info)::text = ANY ('{German,Polish}'::text[])) AND (info_type_id = 4))
                                             Rows Removed by Filter: 5
                                             Buffers: shared hit=12576 read=6997
                                 ->  Seq Scan on info_type it1  (cost=0.00..2.41 rows=1 width=4) (actual time=0.009..0.014 rows=1 loops=2282)
                                       Filter: (id = 8)
                                       Rows Removed by Filter: 112
                                       Buffers: shared hit=2281 read=1
                           ->  Seq Scan on info_type it2  (cost=0.00..2.41 rows=1 width=4) (actual time=0.007..0.013 rows=1 loops=2282)
                                 Filter: (id = 4)
                                 Rows Removed by Filter: 112
                                 Buffers: shared hit=2282
                     ->  Index Scan using movie_id_cast_info on cast_info ci  (cost=0.44..43.28 rows=38 width=12) (actual time=0.029..0.152 rows=17 loops=2282)
                           Index Cond: (movie_id = t.id)
                           Buffers: shared hit=38898 read=5404
               ->  Hash  (cost=1.15..1.15 rows=1 width=4) (actual time=0.030..0.031 rows=1 loops=1)
                     Buckets: 1024  Batches: 1  Memory Usage: 9kB
                     Buffers: shared hit=1
                     ->  Seq Scan on role_type rt  (cost=0.00..1.15 rows=1 width=4) (actual time=0.023..0.024 rows=1 loops=1)
                           Filter: ((role)::text = 'editor'::text)
                           Rows Removed by Filter: 11
                           Buffers: shared hit=1
         ->  Index Scan using name_pkey on name n  (cost=0.43..2.32 rows=1 width=4) (actual time=0.030..0.030 rows=0 loops=850)
               Index Cond: (id = ci.person_id)
               Filter: ((gender)::text = 'm'::text)
               Rows Removed by Filter: 1
               Buffers: shared hit=3302 read=98
 Planning:
   Buffers: shared hit=486 read=88
 Planning Time: 13.468 ms
 Execution Time: 1204.951 ms
(73 rows)

