                                                                                               QUERY PLAN                                                                                               
--------------------------------------------------------------------------------------------------------------------------------------------------------------------------------------------------------
 Aggregate  (cost=432232.71..432232.72 rows=1 width=8) (actual time=4124.868..4124.876 rows=1 loops=1)
   Buffers: shared hit=361949 read=66157
   ->  Nested Loop  (cost=14216.24..432232.71 rows=1 width=0) (actual time=118.038..4124.790 rows=149 loops=1)
         Buffers: shared hit=361949 read=66157
         ->  Nested Loop  (cost=14216.24..432230.28 rows=1 width=4) (actual time=118.033..4122.400 rows=149 loops=1)
               Buffers: shared hit=361800 read=66157
               ->  Nested Loop  (cost=14216.24..432227.86 rows=1 width=8) (actual time=118.013..4118.043 rows=149 loops=1)
                     Buffers: shared hit=361651 read=66157
                     ->  Hash Join  (cost=14215.81..432223.22 rows=2 width=12) (actual time=41.666..4002.521 rows=3170 loops=1)
                           Hash Cond: (ci.role_id = rt.id)
                           Buffers: shared hit=351915 read=63213
                           ->  Nested Loop  (cost=14214.65..432221.96 rows=29 width=16) (actual time=39.911..3994.402 rows=46539 loops=1)
                                 Buffers: shared hit=351914 read=63213
                                 ->  Nested Loop  (cost=14214.21..432134.57 rows=2 width=20) (actual time=39.875..3455.556 rows=2862 loops=1)
                                       Buffers: shared hit=310368 read=50849
                                       ->  Hash Join  (cost=14213.78..392977.48 rows=926 width=12) (actual time=39.788..1580.135 rows=22896 loops=1)
                                             Hash Cond: (t.kind_id = kt.id)
                                             Buffers: shared hit=144322 read=8588
                                             ->  Nested Loop  (cost=14212.64..392967.23 rows=2160 width=16) (actual time=36.422..1570.426 rows=24744 loops=1)
                                                   Buffers: shared hit=144321 read=8588
                                                   ->  Bitmap Heap Scan on movie_info mi1  (cost=14212.20..371750.90 rows=2727 width=8) (actual time=36.323..369.442 rows=36138 loops=1)
                                                         Recheck Cond: (info_type_id = 8)
                                                         Filter: ((info)::text = ANY ('{Bulgaria,India,Switzerland}'::text[]))
                                                         Rows Removed by Filter: 1289223
                                                         Heap Blocks: exact=7853
                                                         Buffers: shared hit=8563 read=330
                                                         ->  Bitmap Index Scan on info_type_id_movie_info  (cost=0.00..14211.52 rows=1329478 width=0) (actual time=35.231..35.232 rows=1325361 loops=1)
                                                               Index Cond: (info_type_id = 8)
                                                               Buffers: shared hit=1040
                                                   ->  Memoize  (cost=0.44..7.79 rows=1 width=8) (actual time=0.033..0.033 rows=1 loops=36138)
                                                         Cache Key: mi1.movie_id
                                                         Cache Mode: logical
                                                         Hits: 134  Misses: 36004  Evictions: 0  Overflows: 0  Memory Usage: 3353kB
                                                         Buffers: shared hit=135758 read=8258
                                                         ->  Index Scan using title_pkey on title t  (cost=0.43..7.78 rows=1 width=8) (actual time=0.032..0.032 rows=1 loops=36004)
                                                               Index Cond: (id = mi1.movie_id)
                                                               Filter: ((production_year <= 2015) AND (1975 < production_year))
                                                               Rows Removed by Filter: 0
                                                               Buffers: shared hit=135758 read=8258
                                             ->  Hash  (cost=1.10..1.10 rows=3 width=4) (actual time=0.020..0.021 rows=3 loops=1)
                                                   Buckets: 1024  Batches: 1  Memory Usage: 9kB
                                                   Buffers: shared hit=1
                                                   ->  Seq Scan on kind_type kt  (cost=0.00..1.10 rows=3 width=4) (actual time=0.011..0.013 rows=3 loops=1)
                                                         Filter: ((kind)::text = ANY ('{episode,movie,"video movie"}'::text[]))
                                                         Rows Removed by Filter: 4
                                                         Buffers: shared hit=1
                                       ->  Index Scan using movie_id_movie_info on movie_info mi2  (cost=0.43..42.28 rows=1 width=8) (actual time=0.074..0.081 rows=0 loops=22896)
                                             Index Cond: (movie_id = t.id)
                                             Filter: ((info_type_id = 4) AND ((info)::text = ANY ('{Bulgarian,German,Marathi}'::text[])))
                                             Rows Removed by Filter: 9
                                             Buffers: shared hit=166046 read=42261
                                 ->  Index Scan using movie_id_cast_info on cast_info ci  (cost=0.44..43.32 rows=38 width=12) (actual time=0.038..0.184 rows=16 loops=2862)
                                       Index Cond: (movie_id = t.id)
                                       Buffers: shared hit=41546 read=12364
                           ->  Hash  (cost=1.15..1.15 rows=1 width=4) (actual time=0.035..0.036 rows=1 loops=1)
                                 Buckets: 1024  Batches: 1  Memory Usage: 9kB
                                 Buffers: shared hit=1
                                 ->  Seq Scan on role_type rt  (cost=0.00..1.15 rows=1 width=4) (actual time=0.028..0.029 rows=1 loops=1)
                                       Filter: ((role)::text = 'miscellaneous crew'::text)
                                       Rows Removed by Filter: 11
                                       Buffers: shared hit=1
                     ->  Index Scan using name_pkey on name n  (cost=0.43..2.32 rows=1 width=4) (actual time=0.036..0.036 rows=0 loops=3170)
                           Index Cond: (id = ci.person_id)
                           Filter: ((gender)::text = 'f'::text)
                           Rows Removed by Filter: 1
                           Buffers: shared hit=9736 read=2944
               ->  Seq Scan on info_type it1  (cost=0.00..2.41 rows=1 width=4) (actual time=0.019..0.027 rows=1 loops=149)
                     Filter: (id = 8)
                     Rows Removed by Filter: 112
                     Buffers: shared hit=149
         ->  Seq Scan on info_type it2  (cost=0.00..2.41 rows=1 width=4) (actual time=0.006..0.014 rows=1 loops=149)
               Filter: (id = 4)
               Rows Removed by Filter: 112
               Buffers: shared hit=149
 Planning:
   Buffers: shared hit=574
 Planning Time: 13.353 ms
 Execution Time: 4126.137 ms
(78 rows)

