                                                                                               QUERY PLAN                                                                                               
--------------------------------------------------------------------------------------------------------------------------------------------------------------------------------------------------------
 Aggregate  (cost=422729.84..422729.85 rows=1 width=8) (actual time=3759.519..3759.527 rows=1 loops=1)
   Buffers: shared hit=356885 read=29623
   ->  Nested Loop  (cost=13061.05..422729.84 rows=3 width=0) (actual time=94.293..3759.486 rows=34 loops=1)
         Buffers: shared hit=356885 read=29623
         ->  Hash Join  (cost=13060.62..422718.24 rows=5 width=4) (actual time=60.251..3757.210 rows=54 loops=1)
               Hash Cond: (ci.role_id = rt.id)
               Buffers: shared hit=356710 read=29582
               ->  Nested Loop  (cost=13059.44..422716.97 rows=29 width=8) (actual time=39.343..3755.616 rows=8903 loops=1)
                     Buffers: shared hit=356709 read=29582
                     ->  Nested Loop  (cost=13059.00..422627.86 rows=2 width=12) (actual time=39.302..3636.533 rows=1119 loops=1)
                           Buffers: shared hit=348034 read=26135
                           ->  Seq Scan on info_type it2  (cost=0.00..2.41 rows=1 width=4) (actual time=0.031..0.041 rows=1 loops=1)
                                 Filter: (id = 4)
                                 Rows Removed by Filter: 112
                                 Buffers: shared hit=1
                           ->  Nested Loop  (cost=13059.00..422625.43 rows=2 width=16) (actual time=39.269..3636.213 rows=1119 loops=1)
                                 Buffers: shared hit=348033 read=26135
                                 ->  Seq Scan on info_type it1  (cost=0.00..2.41 rows=1 width=4) (actual time=0.008..0.020 rows=1 loops=1)
                                       Filter: (id = 8)
                                       Rows Removed by Filter: 112
                                       Buffers: shared hit=1
                                 ->  Nested Loop  (cost=13059.00..422622.99 rows=2 width=20) (actual time=39.258..3635.920 rows=1119 loops=1)
                                       Buffers: shared hit=348032 read=26135
                                       ->  Hash Join  (cost=13058.57..400975.69 rows=505 width=12) (actual time=39.204..3535.106 rows=1254 loops=1)
                                             Hash Cond: (t.kind_id = kt.id)
                                             Buffers: shared hit=339992 read=23173
                                             ->  Nested Loop  (cost=13057.44..400969.60 rows=1178 width=16) (actual time=39.165..3531.941 rows=11515 loops=1)
                                                   Buffers: shared hit=339991 read=23173
                                                   ->  Bitmap Heap Scan on movie_info mi2  (cost=13057.00..355210.16 rows=6513 width=8) (actual time=38.589..379.597 rows=88700 loops=1)
                                                         Recheck Cond: (info_type_id = 4)
                                                         Filter: ((info)::text = 'Spanish'::text)
                                                         Rows Removed by Filter: 1210289
                                                         Heap Blocks: exact=8393
                                                         Buffers: shared hit=4250 read=5162
                                                         ->  Bitmap Index Scan on info_type_id_movie_info  (cost=0.00..13055.37 rows=1221191 width=0) (actual time=36.765..36.766 rows=1298989 loops=1)
                                                               Index Cond: (info_type_id = 4)
                                                               Buffers: shared hit=1 read=1018
                                                   ->  Memoize  (cost=0.44..7.07 rows=1 width=8) (actual time=0.035..0.035 rows=0 loops=88700)
                                                         Cache Key: mi2.movie_id
                                                         Cache Mode: logical
                                                         Hits: 262  Misses: 88438  Evictions: 0  Overflows: 0  Memory Usage: 6322kB
                                                         Buffers: shared hit=335741 read=18011
                                                         ->  Index Scan using title_pkey on title t  (cost=0.43..7.06 rows=1 width=8) (actual time=0.034..0.034 rows=0 loops=88438)
                                                               Index Cond: (id = mi2.movie_id)
                                                               Filter: ((production_year <= 1975) AND (1875 < production_year))
                                                               Rows Removed by Filter: 1
                                                               Buffers: shared hit=335741 read=18011
                                             ->  Hash  (cost=1.10..1.10 rows=3 width=4) (actual time=0.014..0.015 rows=3 loops=1)
                                                   Buckets: 1024  Batches: 1  Memory Usage: 9kB
                                                   Buffers: shared hit=1
                                                   ->  Seq Scan on kind_type kt  (cost=0.00..1.10 rows=3 width=4) (actual time=0.008..0.010 rows=3 loops=1)
                                                         Filter: ((kind)::text = ANY ('{"tv series","video game","video movie"}'::text[]))
                                                         Rows Removed by Filter: 4
                                                         Buffers: shared hit=1
                                       ->  Index Scan using movie_id_movie_info on movie_info mi1  (cost=0.43..42.86 rows=1 width=8) (actual time=0.069..0.080 rows=1 loops=1254)
                                             Index Cond: (movie_id = t.id)
                                             Filter: ((info_type_id = 8) AND ((info)::text = ANY ('{Argentina,Mexico,Spain}'::text[])))
                                             Rows Removed by Filter: 7
                                             Buffers: shared hit=8040 read=2962
                     ->  Index Scan using movie_id_cast_info on cast_info ci  (cost=0.44..44.17 rows=38 width=12) (actual time=0.035..0.104 rows=8 loops=1119)
                           Index Cond: (movie_id = t.id)
                           Buffers: shared hit=8675 read=3447
               ->  Hash  (cost=1.15..1.15 rows=2 width=4) (actual time=0.033..0.034 rows=2 loops=1)
                     Buckets: 1024  Batches: 1  Memory Usage: 9kB
                     Buffers: shared hit=1
                     ->  Seq Scan on role_type rt  (cost=0.00..1.15 rows=2 width=4) (actual time=0.026..0.028 rows=2 loops=1)
                           Filter: ((role)::text = ANY ('{composer,editor}'::text[]))
                           Rows Removed by Filter: 10
                           Buffers: shared hit=1
         ->  Index Scan using name_pkey on name n  (cost=0.43..2.32 rows=1 width=4) (actual time=0.041..0.041 rows=1 loops=54)
               Index Cond: (id = ci.person_id)
               Filter: ((gender)::text = ANY ('{f,m}'::text[]))
               Rows Removed by Filter: 0
               Buffers: shared hit=175 read=41
 Planning:
   Buffers: shared hit=573 read=1
 Planning Time: 13.776 ms
 Execution Time: 3761.502 ms
(78 rows)

