                                                                                                  QUERY PLAN                                                                                                  
--------------------------------------------------------------------------------------------------------------------------------------------------------------------------------------------------------------
 Aggregate  (cost=950853.24..950853.25 rows=1 width=8) (actual time=122433.114..122433.122 rows=1 loops=1)
   Buffers: shared hit=11084986 read=1468505, temp read=7858 written=7849
   ->  Nested Loop  (cost=887121.35..950852.55 rows=275 width=0) (actual time=1626.446..122426.292 rows=14351 loops=1)
         Buffers: shared hit=11084986 read=1468505, temp read=7858 written=7849
         ->  Seq Scan on info_type it2  (cost=0.00..2.41 rows=1 width=4) (actual time=0.044..0.054 rows=1 loops=1)
               Filter: (id = 4)
               Rows Removed by Filter: 112
               Buffers: shared hit=1
         ->  Nested Loop  (cost=887121.35..950847.39 rows=275 width=4) (actual time=1626.399..122421.871 rows=14351 loops=1)
               Buffers: shared hit=11084985 read=1468505, temp read=7858 written=7849
               ->  Seq Scan on info_type it1  (cost=0.00..2.41 rows=1 width=4) (actual time=0.013..0.025 rows=1 loops=1)
                     Filter: (id = 8)
                     Rows Removed by Filter: 112
                     Buffers: shared hit=1
               ->  Nested Loop  (cost=887121.35..950842.23 rows=275 width=8) (actual time=1626.385..122417.145 rows=14351 loops=1)
                     Buffers: shared hit=11084984 read=1468505, temp read=7858 written=7849
                     ->  Hash Join  (cost=887120.92..948100.55 rows=1182 width=12) (actual time=1068.723..106451.971 rows=427055 loops=1)
                           Hash Cond: (ci.role_id = rt.id)
                           Buffers: shared hit=9554086 read=1291183, temp read=7858 written=7849
                           ->  Nested Loop  (cost=887119.74..948074.18 rows=7095 width=16) (actual time=1068.455..104906.540 rows=7934098 loops=1)
                                 Buffers: shared hit=9554085 read=1291183, temp read=7858 written=7849
                                 ->  Nested Loop  (cost=887119.30..926443.82 rows=495 width=20) (actual time=1068.433..20089.133 rows=349456 loops=1)
                                       Buffers: shared hit=2041593 read=47580, temp read=7858 written=7849
                                       ->  Nested Loop  (cost=887119.16..926415.12 rows=1155 width=24) (actual time=1068.335..19726.406 rows=410766 loops=1)
                                             Join Filter: (t.id = mi1.movie_id)
                                             Buffers: shared hit=2041582 read=47579, temp read=7858 written=7849
                                             ->  Merge Join  (cost=887118.73..887835.89 rows=10719 width=16) (actual time=1068.296..1830.669 rows=517714 loops=1)
                                                   Merge Cond: (mi1.movie_id = mi2.movie_id)
                                                   Buffers: shared hit=10121 read=8184, temp read=7858 written=7849
                                                   ->  Sort  (cost=451377.31..451514.81 rows=54999 width=8) (actual time=547.543..664.581 rows=600498 loops=1)
                                                         Sort Key: mi1.movie_id
                                                         Sort Method: external sort  Disk: 12976kB
                                                         Buffers: shared hit=5731 read=3162, temp read=3238 written=3246
                                                         ->  Bitmap Heap Scan on movie_info mi1  (cost=14225.27..447046.93 rows=54999 width=8) (actual time=36.860..399.713 rows=600498 loops=1)
                                                               Recheck Cond: (info_type_id = 8)
                                                               Filter: ((info)::text = ANY ('{Austria,Belgium,"Czech Republic",India,Israel,Serbia,Switzerland,USA}'::text[]))
                                                               Rows Removed by Filter: 724863
                                                               Heap Blocks: exact=7853
                                                               Buffers: shared hit=5731 read=3162
                                                               ->  Bitmap Index Scan on info_type_id_movie_info  (cost=0.00..14211.52 rows=1329478 width=0) (actual time=35.887..35.887 rows=1325361 loops=1)
                                                                     Index Cond: (info_type_id = 8)
                                                                     Buffers: shared read=1040
                                                   ->  Sort  (cost=435741.42..435908.90 rows=66995 width=8) (actual time=520.743..725.585 rows=856725 loops=1)
                                                         Sort Key: mi2.movie_id
                                                         Sort Method: external sort  Disk: 18400kB
                                                         Buffers: shared hit=4390 read=5022, temp read=4606 written=4603
                                                         ->  Bitmap Heap Scan on movie_info mi2  (cost=13072.12..430371.18 rows=66995 width=8) (actual time=30.375..314.491 rows=851584 loops=1)
                                                               Recheck Cond: (info_type_id = 4)
                                                               Filter: ((info)::text = ANY ('{Bengali,English,German,Marathi,None,Serbian,"Swiss German"}'::text[]))
                                                               Rows Removed by Filter: 447405
                                                               Heap Blocks: exact=8393
                                                               Buffers: shared hit=4390 read=5022
                                                               ->  Bitmap Index Scan on info_type_id_movie_info  (cost=0.00..13055.37 rows=1221191 width=0) (actual time=29.350..29.350 rows=1298989 loops=1)
                                                                     Index Cond: (info_type_id = 4)
                                                                     Buffers: shared hit=1 read=1018
                                             ->  Index Scan using title_pkey on title t  (cost=0.43..3.59 rows=1 width=8) (actual time=0.034..0.034 rows=1 loops=517714)
                                                   Index Cond: (id = mi2.movie_id)
                                                   Filter: ((production_year <= 2015) AND (1975 < production_year))
                                                   Rows Removed by Filter: 0
                                                   Buffers: shared hit=2031461 read=39395
                                       ->  Memoize  (cost=0.14..0.16 rows=1 width=4) (actual time=0.000..0.000 rows=1 loops=410766)
                                             Cache Key: t.kind_id
                                             Cache Mode: logical
                                             Hits: 410760  Misses: 6  Evictions: 0  Overflows: 0  Memory Usage: 1kB
                                             Buffers: shared hit=11 read=1
                                             ->  Index Scan using kind_type_pkey on kind_type kt  (cost=0.13..0.15 rows=1 width=4) (actual time=0.012..0.012 rows=0 loops=6)
                                                   Index Cond: (id = t.kind_id)
                                                   Filter: ((kind)::text = ANY ('{episode,movie,"video movie"}'::text[]))
                                                   Rows Removed by Filter: 0
                                                   Buffers: shared hit=11 read=1
                                 ->  Index Scan using movie_id_cast_info on cast_info ci  (cost=0.44..43.32 rows=38 width=12) (actual time=0.036..0.236 rows=23 loops=349456)
                                       Index Cond: (movie_id = t.id)
                                       Buffers: shared hit=7512492 read=1243603
                           ->  Hash  (cost=1.15..1.15 rows=2 width=4) (actual time=0.022..0.022 rows=2 loops=1)
                                 Buckets: 1024  Batches: 1  Memory Usage: 9kB
                                 Buffers: shared hit=1
                                 ->  Seq Scan on role_type rt  (cost=0.00..1.15 rows=2 width=4) (actual time=0.011..0.013 rows=2 loops=1)
                                       Filter: ((role)::text = ANY ('{composer,editor}'::text[]))
                                       Rows Removed by Filter: 10
                                       Buffers: shared hit=1
                     ->  Index Scan using name_pkey on name n  (cost=0.43..2.32 rows=1 width=4) (actual time=0.037..0.037 rows=0 loops=427055)
                           Index Cond: (id = ci.person_id)
                           Filter: ((gender)::text = 'f'::text)
                           Rows Removed by Filter: 1
                           Buffers: shared hit=1530898 read=177322
 Planning:
   Buffers: shared hit=530 read=44
 Planning Time: 14.030 ms
 Execution Time: 122442.836 ms
(89 rows)

