                                                                                                  QUERY PLAN                                                                                                  
--------------------------------------------------------------------------------------------------------------------------------------------------------------------------------------------------------------
 Aggregate  (cost=825172.66..825172.67 rows=1 width=8) (actual time=35932.395..35932.404 rows=1 loops=1)
   Buffers: shared hit=3285771 read=388084, temp read=5585 written=5584
   ->  Nested Loop  (cost=766265.65..825170.91 rows=701 width=0) (actual time=868.455..35925.787 rows=24864 loops=1)
         Buffers: shared hit=3285771 read=388084, temp read=5585 written=5584
         ->  Hash Join  (cost=766265.22..822677.43 rows=1075 width=4) (actual time=868.020..33831.193 rows=53865 loops=1)
               Hash Cond: (ci.role_id = rt.id)
               Buffers: shared hit=3099655 read=358740, temp read=5585 written=5584
               ->  Nested Loop  (cost=766264.05..822653.34 rows=6450 width=8) (actual time=867.253..33599.300 rows=1262238 loops=1)
                     Buffers: shared hit=3099654 read=358740, temp read=5585 written=5584
                     ->  Nested Loop  (cost=766263.61..802989.37 rows=450 width=12) (actual time=867.227..19558.239 rows=62162 loops=1)
                           Buffers: shared hit=1998856 read=61691, temp read=5585 written=5584
                           ->  Nested Loop  (cost=766263.61..802981.33 rows=450 width=16) (actual time=867.219..19514.179 rows=62162 loops=1)
                                 Buffers: shared hit=1998855 read=61691, temp read=5585 written=5584
                                 ->  Nested Loop  (cost=766263.61..802973.29 rows=450 width=20) (actual time=867.196..19471.009 rows=62162 loops=1)
                                       Buffers: shared hit=1998854 read=61691, temp read=5585 written=5584
                                       ->  Nested Loop  (cost=766263.47..802947.10 rows=1050 width=24) (actual time=867.181..19183.353 rows=404768 loops=1)
                                             Join Filter: (t.id = mi1.movie_id)
                                             Buffers: shared hit=1998842 read=61691, temp read=5585 written=5584
                                             ->  Merge Join  (cost=766263.04..766941.04 rows=9747 width=16) (actual time=867.131..1542.084 rows=510557 loops=1)
                                                   Merge Cond: (mi1.movie_id = mi2.movie_id)
                                                   Buffers: shared hit=3 read=18302, temp read=5585 written=5584
                                                   ->  Sort  (cost=391030.57..391164.57 rows=53601 width=8) (actual time=405.937..541.528 rows=599016 loops=1)
                                                         Sort Key: mi1.movie_id
                                                         Sort Method: external merge  Disk: 10584kB
                                                         Buffers: shared hit=1 read=8892, temp read=1323 written=1331
                                                         ->  Bitmap Heap Scan on movie_info mi1  (cost=14224.92..386820.22 rows=53601 width=8) (actual time=34.262..303.167 rows=599016 loops=1)
                                                               Recheck Cond: (info_type_id = 8)
                                                               Filter: ((info)::text = ANY ('{Iran,Japan,Turkey,USA}'::text[]))
                                                               Rows Removed by Filter: 726345
                                                               Heap Blocks: exact=7853
                                                               Buffers: shared hit=1 read=8892
                                                               ->  Bitmap Index Scan on info_type_id_movie_info  (cost=0.00..14211.52 rows=1329478 width=0) (actual time=33.298..33.299 rows=1325361 loops=1)
                                                                     Index Cond: (info_type_id = 8)
                                                                     Buffers: shared read=1040
                                                   ->  Sort  (cost=375232.47..375388.74 rows=62506 width=8) (actual time=461.185..623.745 rows=790763 loops=1)
                                                         Sort Key: mi2.movie_id
                                                         Sort Method: external sort  Disk: 17000kB
                                                         Buffers: shared hit=2 read=9410, temp read=4252 written=4253
                                                         ->  Bitmap Heap Scan on movie_info mi2  (cost=13070.99..370253.33 rows=62506 width=8) (actual time=31.814..269.190 rows=786392 loops=1)
                                                               Recheck Cond: (info_type_id = 4)
                                                               Filter: ((info)::text = ANY ('{English,Persian,Turkish}'::text[]))
                                                               Rows Removed by Filter: 512597
                                                               Heap Blocks: exact=8393
                                                               Buffers: shared hit=2 read=9410
                                                               ->  Bitmap Index Scan on info_type_id_movie_info  (cost=0.00..13055.37 rows=1221191 width=0) (actual time=30.788..30.788 rows=1298989 loops=1)
                                                                     Index Cond: (info_type_id = 4)
                                                                     Buffers: shared hit=1 read=1018
                                             ->  Index Scan using title_pkey on title t  (cost=0.43..3.68 rows=1 width=8) (actual time=0.034..0.034 rows=1 loops=510557)
                                                   Index Cond: (id = mi2.movie_id)
                                                   Filter: ((production_year <= 2015) AND (1975 < production_year))
                                                   Rows Removed by Filter: 0
                                                   Buffers: shared hit=1998839 read=43389
                                       ->  Memoize  (cost=0.14..0.16 rows=1 width=4) (actual time=0.000..0.000 rows=0 loops=404768)
                                             Cache Key: t.kind_id
                                             Cache Mode: logical
                                             Hits: 404762  Misses: 6  Evictions: 0  Overflows: 0  Memory Usage: 1kB
                                             Buffers: shared hit=12
                                             ->  Index Scan using kind_type_pkey on kind_type kt  (cost=0.13..0.15 rows=1 width=4) (actual time=0.010..0.011 rows=0 loops=6)
                                                   Index Cond: (id = t.kind_id)
                                                   Filter: ((kind)::text = ANY ('{"tv movie","tv series","video game"}'::text[]))
                                                   Rows Removed by Filter: 0
                                                   Buffers: shared hit=12
                                 ->  Materialize  (cost=0.00..2.42 rows=1 width=4) (actual time=0.000..0.000 rows=1 loops=62162)
                                       Buffers: shared hit=1
                                       ->  Seq Scan on info_type it1  (cost=0.00..2.41 rows=1 width=4) (actual time=0.021..0.025 rows=1 loops=1)
                                             Filter: (id = 8)
                                             Rows Removed by Filter: 112
                                             Buffers: shared hit=1
                           ->  Materialize  (cost=0.00..2.42 rows=1 width=4) (actual time=0.000..0.000 rows=1 loops=62162)
                                 Buffers: shared hit=1
                                 ->  Seq Scan on info_type it2  (cost=0.00..2.41 rows=1 width=4) (actual time=0.007..0.011 rows=1 loops=1)
                                       Filter: (id = 4)
                                       Rows Removed by Filter: 112
                                       Buffers: shared hit=1
                     ->  Index Scan using movie_id_cast_info on cast_info ci  (cost=0.44..43.32 rows=38 width=12) (actual time=0.036..0.220 rows=20 loops=62162)
                           Index Cond: (movie_id = t.id)
                           Buffers: shared hit=1100798 read=297049
               ->  Hash  (cost=1.15..1.15 rows=2 width=4) (actual time=0.026..0.026 rows=2 loops=1)
                     Buckets: 1024  Batches: 1  Memory Usage: 9kB
                     Buffers: shared hit=1
                     ->  Seq Scan on role_type rt  (cost=0.00..1.15 rows=2 width=4) (actual time=0.018..0.020 rows=2 loops=1)
                           Filter: ((role)::text = ANY ('{director,"production designer"}'::text[]))
                           Rows Removed by Filter: 10
                           Buffers: shared hit=1
         ->  Index Scan using name_pkey on name n  (cost=0.43..2.32 rows=1 width=4) (actual time=0.038..0.038 rows=0 loops=53865)
               Index Cond: (id = ci.person_id)
               Filter: ((gender)::text = ANY ('{f,m}'::text[]))
               Rows Removed by Filter: 1
               Buffers: shared hit=186116 read=29344
 Planning:
   Buffers: shared hit=485 read=89
 Planning Time: 9.032 ms
 Execution Time: 35941.973 ms
(93 rows)

