                                                                                            QUERY PLAN                                                                                            
--------------------------------------------------------------------------------------------------------------------------------------------------------------------------------------------------
 Aggregate  (cost=776139.53..776139.54 rows=1 width=8) (actual time=4055.740..4055.747 rows=1 loops=1)
   Buffers: shared hit=263303 read=92598, temp read=1280 written=1280
   ->  Nested Loop  (cost=507112.65..776139.34 rows=75 width=0) (actual time=1010.874..4055.244 rows=3491 loops=1)
         Buffers: shared hit=263303 read=92598, temp read=1280 written=1280
         ->  Seq Scan on info_type it2  (cost=0.00..2.41 rows=1 width=4) (actual time=0.033..0.038 rows=1 loops=1)
               Filter: (id = 4)
               Rows Removed by Filter: 112
               Buffers: shared read=1
         ->  Nested Loop  (cost=507112.65..776136.18 rows=75 width=4) (actual time=1010.839..4054.822 rows=3491 loops=1)
               Buffers: shared hit=263303 read=92597, temp read=1280 written=1280
               ->  Seq Scan on info_type it1  (cost=0.00..2.41 rows=1 width=4) (actual time=0.010..0.015 rows=1 loops=1)
                     Filter: (id = 8)
                     Rows Removed by Filter: 112
                     Buffers: shared hit=1
               ->  Nested Loop  (cost=507112.65..776133.01 rows=75 width=8) (actual time=1010.828..4054.359 rows=3491 loops=1)
                     Join Filter: (t.id = mi2.movie_id)
                     Buffers: shared hit=263302 read=92597, temp read=1280 written=1280
                     ->  Nested Loop  (cost=507112.21..668068.29 rows=2559 width=16) (actual time=1010.790..3778.201 rows=3336 loops=1)
                           Buffers: shared hit=244689 read=75653, temp read=1280 written=1280
                           ->  Hash Join  (cost=507111.78..642511.82 rows=11018 width=20) (actual time=1007.069..2536.006 rows=59879 loops=1)
                                 Hash Cond: (ci.movie_id = t.id)
                                 Buffers: shared hit=17174 read=63652, temp read=1280 written=1280
                                 ->  Nested Loop  (cost=0.44..123965.00 rows=3020080 width=8) (actual time=0.085..1076.569 rows=4008037 loops=1)
                                       Buffers: shared hit=8563 read=26978
                                       ->  Seq Scan on role_type rt  (cost=0.00..1.15 rows=1 width=4) (actual time=0.007..0.009 rows=1 loops=1)
                                             Filter: ((role)::text = 'producer'::text)
                                             Rows Removed by Filter: 11
                                             Buffers: shared hit=1
                                       ->  Index Scan using role_id_cast_info on cast_info ci  (cost=0.44..91017.52 rows=3294633 width=12) (actual time=0.076..737.024 rows=4008037 loops=1)
                                             Index Cond: (role_id = rt.id)
                                             Buffers: shared hit=8562 read=26978
                                 ->  Hash  (cost=506996.04..506996.04 rows=9224 width=12) (actual time=1006.797..1006.801 rows=52244 loops=1)
                                       Buckets: 65536 (originally 16384)  Batches: 1 (originally 1)  Memory Usage: 2757kB
                                       Buffers: shared hit=8611 read=36674, temp read=1280 written=1280
                                       ->  Hash Join  (cost=115037.33..506996.04 rows=9224 width=12) (actual time=649.361..998.261 rows=52244 loops=1)
                                             Hash Cond: (mi1.movie_id = t.id)
                                             Buffers: shared hit=8611 read=36674, temp read=1280 written=1280
                                             ->  Bitmap Heap Scan on movie_info mi1  (cost=14217.29..401869.18 rows=23089 width=8) (actual time=36.501..315.851 rows=251059 loops=1)
                                                   Recheck Cond: (info_type_id = 8)
                                                   Filter: ((info)::text = ANY ('{Austria,France,Japan,"Soviet Union",UK}'::text[]))
                                                   Rows Removed by Filter: 1074302
                                                   Heap Blocks: exact=7853
                                                   Buffers: shared hit=1 read=8892
                                                   ->  Bitmap Index Scan on info_type_id_movie_info  (cost=0.00..14211.52 rows=1329478 width=0) (actual time=35.526..35.526 rows=1325361 loops=1)
                                                         Index Cond: (info_type_id = 8)
                                                         Buffers: shared read=1040
                                             ->  Hash  (cost=84248.88..84248.88 rows=1010013 width=4) (actual time=611.735..611.737 rows=203545 loops=1)
                                                   Buckets: 262144  Batches: 8  Memory Usage: 2942kB
                                                   Buffers: shared hit=8610 read=27782, temp written=519
                                                   ->  Hash Join  (cost=1.13..84248.88 rows=1010013 width=4) (actual time=0.046..582.297 rows=203545 loops=1)
                                                         Hash Cond: (t.kind_id = kt.id)
                                                         Buffers: shared hit=8610 read=27782
                                                         ->  Seq Scan on title t  (cost=0.00..74315.95 rows=2356696 width=8) (actual time=0.024..444.393 rows=2352201 loops=1)
                                                               Filter: ((production_year <= 2015) AND (1925 < production_year))
                                                               Rows Removed by Filter: 176111
                                                               Buffers: shared hit=8609 read=27782
                                                         ->  Hash  (cost=1.10..1.10 rows=3 width=4) (actual time=0.015..0.016 rows=3 loops=1)
                                                               Buckets: 1024  Batches: 1  Memory Usage: 9kB
                                                               Buffers: shared hit=1
                                                               ->  Seq Scan on kind_type kt  (cost=0.00..1.10 rows=3 width=4) (actual time=0.007..0.008 rows=3 loops=1)
                                                                     Filter: ((kind)::text = ANY ('{"tv movie","tv series","video game"}'::text[]))
                                                                     Rows Removed by Filter: 4
                                                                     Buffers: shared hit=1
                           ->  Index Scan using name_pkey on name n  (cost=0.43..2.32 rows=1 width=4) (actual time=0.021..0.021 rows=0 loops=59879)
                                 Index Cond: (id = ci.person_id)
                                 Filter: ((gender)::text = 'f'::text)
                                 Rows Removed by Filter: 1
                                 Buffers: shared hit=227515 read=12001
                     ->  Index Scan using movie_id_movie_info on movie_info mi2  (cost=0.43..42.22 rows=1 width=8) (actual time=0.038..0.082 rows=1 loops=3336)
                           Index Cond: (movie_id = ci.movie_id)
                           Filter: ((info_type_id = 4) AND ((info)::text = ANY ('{English,French,German,Japanese,Russian}'::text[])))
                           Rows Removed by Filter: 11
                           Buffers: shared hit=18613 read=16944
 Planning:
   Buffers: shared hit=485 read=89
 Planning Time: 12.602 ms
 Execution Time: 4056.274 ms
(77 rows)

