                                                                                               QUERY PLAN                                                                                               
--------------------------------------------------------------------------------------------------------------------------------------------------------------------------------------------------------
 Aggregate  (cost=435834.17..435834.18 rows=1 width=8) (actual time=3071.495..3071.506 rows=1 loops=1)
   Buffers: shared hit=292003 read=13861
   ->  Nested Loop  (cost=14217.24..435834.16 rows=1 width=0) (actual time=69.283..3071.468 rows=57 loops=1)
         Buffers: shared hit=292003 read=13861
         ->  Hash Join  (cost=14216.81..435829.53 rows=2 width=4) (actual time=36.886..3068.733 rows=82 loops=1)
               Hash Cond: (ci.role_id = rt.id)
               Buffers: shared hit=291758 read=13778
               ->  Nested Loop  (cost=14215.64..435828.30 rows=14 width=8) (actual time=35.101..3067.284 rows=8339 loops=1)
                     Buffers: shared hit=291757 read=13778
                     ->  Nested Loop  (cost=14215.20..435783.42 rows=1 width=12) (actual time=35.067..2969.829 rows=1044 loops=1)
                           Buffers: shared hit=283545 read=10586
                           ->  Nested Loop  (cost=14215.20..435781.00 rows=1 width=16) (actual time=35.062..2951.812 rows=1044 loops=1)
                                 Buffers: shared hit=282501 read=10586
                                 ->  Nested Loop  (cost=14215.20..435778.58 rows=1 width=20) (actual time=35.047..2930.037 rows=1044 loops=1)
                                       Buffers: shared hit=281457 read=10586
                                       ->  Hash Join  (cost=14214.76..418501.12 rows=401 width=12) (actual time=34.993..2856.947 rows=1078 loops=1)
                                             Hash Cond: (t.kind_id = kt.id)
                                             Buffers: shared hit=274395 read=9423
                                             ->  Nested Loop  (cost=14213.63..418496.04 rows=935 width=16) (actual time=34.950..2854.199 rows=11239 loops=1)
                                                   Buffers: shared hit=274394 read=9423
                                                   ->  Bitmap Heap Scan on movie_info mi1  (cost=14213.19..371751.89 rows=6681 width=8) (actual time=34.743..426.710 rows=68967 loops=1)
                                                         Recheck Cond: (info_type_id = 8)
                                                         Filter: ((info)::text = ANY ('{Brazil,Czechoslovakia,Spain}'::text[]))
                                                         Rows Removed by Filter: 1256394
                                                         Heap Blocks: exact=7853
                                                         Buffers: shared hit=8893
                                                         ->  Bitmap Index Scan on info_type_id_movie_info  (cost=0.00..14211.52 rows=1329478 width=0) (actual time=33.735..33.736 rows=1325361 loops=1)
                                                               Index Cond: (info_type_id = 8)
                                                               Buffers: shared hit=1040
                                                   ->  Memoize  (cost=0.44..7.04 rows=1 width=8) (actual time=0.035..0.035 rows=0 loops=68967)
                                                         Cache Key: mi1.movie_id
                                                         Cache Mode: logical
                                                         Hits: 236  Misses: 68731  Evictions: 0  Overflows: 0  Memory Usage: 5003kB
                                                         Buffers: shared hit=265501 read=9423
                                                         ->  Index Scan using title_pkey on title t  (cost=0.43..7.03 rows=1 width=8) (actual time=0.034..0.034 rows=0 loops=68731)
                                                               Index Cond: (id = mi1.movie_id)
                                                               Filter: ((production_year <= 1975) AND (1925 < production_year))
                                                               Rows Removed by Filter: 1
                                                               Buffers: shared hit=265501 read=9423
                                             ->  Hash  (cost=1.10..1.10 rows=3 width=4) (actual time=0.019..0.020 rows=3 loops=1)
                                                   Buckets: 1024  Batches: 1  Memory Usage: 9kB
                                                   Buffers: shared hit=1
                                                   ->  Seq Scan on kind_type kt  (cost=0.00..1.10 rows=3 width=4) (actual time=0.011..0.012 rows=3 loops=1)
                                                         Filter: ((kind)::text = ANY ('{"tv series","video game","video movie"}'::text[]))
                                                         Rows Removed by Filter: 4
                                                         Buffers: shared hit=1
                                       ->  Index Scan using movie_id_movie_info on movie_info mi2  (cost=0.43..43.08 rows=1 width=8) (actual time=0.055..0.067 rows=1 loops=1078)
                                             Index Cond: (movie_id = t.id)
                                             Filter: ((info_type_id = 4) AND ((info)::text = ANY ('{Czech,Portuguese,Spanish}'::text[])))
                                             Rows Removed by Filter: 4
                                             Buffers: shared hit=7062 read=1163
                                 ->  Seq Scan on info_type it1  (cost=0.00..2.41 rows=1 width=4) (actual time=0.012..0.019 rows=1 loops=1044)
                                       Filter: (id = 8)
                                       Rows Removed by Filter: 112
                                       Buffers: shared hit=1044
                           ->  Seq Scan on info_type it2  (cost=0.00..2.41 rows=1 width=4) (actual time=0.008..0.016 rows=1 loops=1044)
                                 Filter: (id = 4)
                                 Rows Removed by Filter: 112
                                 Buffers: shared hit=1044
                     ->  Index Scan using movie_id_cast_info on cast_info ci  (cost=0.44..44.50 rows=38 width=12) (actual time=0.030..0.091 rows=8 loops=1044)
                           Index Cond: (movie_id = t.id)
                           Buffers: shared hit=8212 read=3192
               ->  Hash  (cost=1.15..1.15 rows=2 width=4) (actual time=0.035..0.036 rows=2 loops=1)
                     Buckets: 1024  Batches: 1  Memory Usage: 9kB
                     Buffers: shared hit=1
                     ->  Seq Scan on role_type rt  (cost=0.00..1.15 rows=2 width=4) (actual time=0.026..0.028 rows=2 loops=1)
                           Filter: ((role)::text = ANY ('{composer,"costume designer"}'::text[]))
                           Rows Removed by Filter: 10
                           Buffers: shared hit=1
         ->  Index Scan using name_pkey on name n  (cost=0.43..2.32 rows=1 width=4) (actual time=0.032..0.032 rows=1 loops=82)
               Index Cond: (id = ci.person_id)
               Filter: ((gender)::text = ANY ('{f,m}'::text[]))
               Rows Removed by Filter: 0
               Buffers: shared hit=245 read=83
 Planning:
   Buffers: shared hit=574
 Planning Time: 13.335 ms
 Execution Time: 3073.340 ms
(78 rows)

