                                                                                               QUERY PLAN                                                                                               
--------------------------------------------------------------------------------------------------------------------------------------------------------------------------------------------------------
 Aggregate  (cost=400188.83..400188.84 rows=1 width=8) (actual time=5964.115..5964.122 rows=1 loops=1)
   Buffers: shared hit=554158 read=60653
   ->  Nested Loop  (cost=14216.10..400188.82 rows=3 width=0) (actual time=36.610..5953.502 rows=60355 loops=1)
         Buffers: shared hit=554158 read=60653
         ->  Hash Join  (cost=14215.67..400177.22 rows=5 width=4) (actual time=36.566..3617.470 rows=64521 loops=1)
               Hash Cond: (ci.role_id = rt.id)
               Buffers: shared hit=305252 read=51475
               ->  Nested Loop  (cost=14214.49..400175.95 rows=29 width=8) (actual time=36.456..3569.707 rows=182895 loops=1)
                     Buffers: shared hit=305251 read=51475
                     ->  Nested Loop  (cost=14214.05..400088.48 rows=2 width=12) (actual time=36.421..1626.494 rows=6553 loops=1)
                           Buffers: shared hit=132093 read=23863
                           ->  Seq Scan on info_type it2  (cost=0.00..2.41 rows=1 width=4) (actual time=0.027..0.037 rows=1 loops=1)
                                 Filter: (id = 4)
                                 Rows Removed by Filter: 112
                                 Buffers: shared hit=1
                           ->  Nested Loop  (cost=14214.05..400086.05 rows=2 width=16) (actual time=36.392..1624.800 rows=6553 loops=1)
                                 Buffers: shared hit=132092 read=23863
                                 ->  Seq Scan on info_type it1  (cost=0.00..2.41 rows=1 width=4) (actual time=0.009..0.020 rows=1 loops=1)
                                       Filter: (id = 8)
                                       Rows Removed by Filter: 112
                                       Buffers: shared hit=1
                                 ->  Nested Loop  (cost=14214.05..400083.61 rows=2 width=20) (actual time=36.380..1623.176 rows=6553 loops=1)
                                       Buffers: shared hit=132091 read=23863
                                       ->  Hash Join  (cost=14213.62..373543.94 rows=628 width=12) (actual time=36.281..914.634 rows=8157 loops=1)
                                             Hash Cond: (t.kind_id = kt.id)
                                             Buffers: shared hit=80038 read=1108
                                             ->  Nested Loop  (cost=14212.48..373536.63 rows=1466 width=16) (actual time=35.453..910.004 rows=10912 loops=1)
                                                   Buffers: shared hit=80037 read=1108
                                                   ->  Bitmap Heap Scan on movie_info mi1  (cost=14212.05..356694.16 rows=2127 width=8) (actual time=35.280..352.482 rows=18063 loops=1)
                                                         Recheck Cond: (info_type_id = 8)
                                                         Filter: ((info)::text = ANY ('{Austria,Portugal}'::text[]))
                                                         Rows Removed by Filter: 1307298
                                                         Heap Blocks: exact=7853
                                                         Buffers: shared hit=8893
                                                         ->  Bitmap Index Scan on info_type_id_movie_info  (cost=0.00..14211.52 rows=1329478 width=0) (actual time=34.210..34.210 rows=1325361 loops=1)
                                                               Index Cond: (info_type_id = 8)
                                                               Buffers: shared hit=1040
                                                   ->  Index Scan using title_pkey on title t  (cost=0.43..7.92 rows=1 width=8) (actual time=0.030..0.030 rows=1 loops=18063)
                                                         Index Cond: (id = mi1.movie_id)
                                                         Filter: ((production_year <= 2015) AND (1990 < production_year))
                                                         Rows Removed by Filter: 0
                                                         Buffers: shared hit=71144 read=1108
                                             ->  Hash  (cost=1.10..1.10 rows=3 width=4) (actual time=0.019..0.020 rows=3 loops=1)
                                                   Buckets: 1024  Batches: 1  Memory Usage: 9kB
                                                   Buffers: shared hit=1
                                                   ->  Seq Scan on kind_type kt  (cost=0.00..1.10 rows=3 width=4) (actual time=0.009..0.011 rows=3 loops=1)
                                                         Filter: ((kind)::text = ANY ('{episode,movie,"video movie"}'::text[]))
                                                         Rows Removed by Filter: 4
                                                         Buffers: shared hit=1
                                       ->  Index Scan using movie_id_movie_info on movie_info mi2  (cost=0.43..42.25 rows=1 width=8) (actual time=0.053..0.086 rows=1 loops=8157)
                                             Index Cond: (movie_id = t.id)
                                             Filter: (((info)::text = ANY ('{German,Portuguese}'::text[])) AND (info_type_id = 4))
                                             Rows Removed by Filter: 8
                                             Buffers: shared hit=52053 read=22755
                     ->  Index Scan using movie_id_cast_info on cast_info ci  (cost=0.44..43.36 rows=38 width=12) (actual time=0.037..0.289 rows=28 loops=6553)
                           Index Cond: (movie_id = t.id)
                           Buffers: shared hit=173158 read=27612
               ->  Hash  (cost=1.15..1.15 rows=2 width=4) (actual time=0.039..0.040 rows=2 loops=1)
                     Buckets: 1024  Batches: 1  Memory Usage: 9kB
                     Buffers: shared hit=1
                     ->  Seq Scan on role_type rt  (cost=0.00..1.15 rows=2 width=4) (actual time=0.029..0.032 rows=2 loops=1)
                           Filter: ((role)::text = ANY ('{actress,director}'::text[]))
                           Rows Removed by Filter: 10
                           Buffers: shared hit=1
         ->  Index Scan using name_pkey on name n  (cost=0.43..2.32 rows=1 width=4) (actual time=0.035..0.035 rows=1 loops=64521)
               Index Cond: (id = ci.person_id)
               Filter: ((gender)::text = ANY ('{f,m}'::text[]))
               Rows Removed by Filter: 0
               Buffers: shared hit=248906 read=9178
 Planning:
   Buffers: shared hit=574
 Planning Time: 12.868 ms
 Execution Time: 5964.731 ms
(73 rows)

