                                                                                            QUERY PLAN                                                                                            
--------------------------------------------------------------------------------------------------------------------------------------------------------------------------------------------------
 Aggregate  (cost=541827.47..541827.48 rows=1 width=8) (actual time=1334.364..1334.371 rows=1 loops=1)
   Buffers: shared hit=87721 read=26232, temp read=372 written=372
   ->  Nested Loop  (cost=93395.90..541827.43 rows=14 width=0) (actual time=491.151..1334.353 rows=17 loops=1)
         Buffers: shared hit=87721 read=26232, temp read=372 written=372
         ->  Seq Scan on info_type it2  (cost=0.00..2.41 rows=1 width=4) (actual time=0.033..0.037 rows=1 loops=1)
               Filter: (id = 4)
               Rows Removed by Filter: 112
               Buffers: shared hit=1
         ->  Nested Loop  (cost=93395.90..541824.88 rows=14 width=4) (actual time=491.117..1334.306 rows=17 loops=1)
               Buffers: shared hit=87720 read=26232, temp read=372 written=372
               ->  Seq Scan on info_type it1  (cost=0.00..2.41 rows=1 width=4) (actual time=0.009..0.015 rows=1 loops=1)
                     Filter: (id = 8)
                     Rows Removed by Filter: 112
                     Buffers: shared hit=1
               ->  Nested Loop  (cost=93395.90..541822.33 rows=14 width=8) (actual time=491.106..1334.278 rows=17 loops=1)
                     Buffers: shared hit=87719 read=26232, temp read=372 written=372
                     ->  Hash Join  (cost=93395.47..541678.52 rows=62 width=12) (actual time=452.111..1300.701 rows=1128 loops=1)
                           Hash Cond: (ci.role_id = rt.id)
                           Buffers: shared hit=83984 read=25455, temp read=372 written=372
                           ->  Nested Loop  (cost=93394.30..541676.02 rows=373 width=16) (actual time=452.049..1298.516 rows=14925 loops=1)
                                 Buffers: shared hit=83983 read=25455, temp read=372 written=372
                                 ->  Nested Loop  (cost=93393.86..540522.30 rows=26 width=20) (actual time=452.024..1137.173 rows=1084 loops=1)
                                       Buffers: shared hit=73276 read=18512, temp read=372 written=372
                                       ->  Hash Join  (cost=93393.42..496914.04 rows=1019 width=12) (actual time=450.200..787.527 rows=5149 loops=1)
                                             Hash Cond: (mi1.movie_id = t.id)
                                             Buffers: shared hit=34869 read=10416, temp read=372 written=372
                                             ->  Bitmap Heap Scan on movie_info mi1  (cost=14215.65..416924.13 rows=16519 width=8) (actual time=35.921..325.484 rows=192654 loops=1)
                                                   Recheck Cond: (info_type_id = 8)
                                                   Filter: ((info)::text = ANY ('{France,India,Italy,Japan,Romania,"West Germany"}'::text[]))
                                                   Rows Removed by Filter: 1132707
                                                   Heap Blocks: exact=7853
                                                   Buffers: shared hit=8520 read=373
                                                   ->  Bitmap Index Scan on info_type_id_movie_info  (cost=0.00..14211.52 rows=1329478 width=0) (actual time=34.961..34.962 rows=1325361 loops=1)
                                                         Index Cond: (info_type_id = 8)
                                                         Buffers: shared hit=1040
                                             ->  Hash  (cost=76617.91..76617.91 rows=155989 width=4) (actual time=413.167..413.169 rows=29787 loops=1)
                                                   Buckets: 262144  Batches: 2  Memory Usage: 2575kB
                                                   Buffers: shared hit=26349 read=10043, temp written=43
                                                   ->  Hash Join  (cost=1.11..76617.91 rows=155989 width=4) (actual time=0.108..407.415 rows=29787 loops=1)
                                                         Hash Cond: (t.kind_id = kt.id)
                                                         Buffers: shared hit=26349 read=10043
                                                         ->  Seq Scan on title t  (cost=0.00..74315.95 rows=545963 width=8) (actual time=0.070..376.145 rows=538239 loops=1)
                                                               Filter: ((production_year <= 1990) AND (1950 < production_year))
                                                               Rows Removed by Filter: 1990073
                                                               Buffers: shared hit=26348 read=10043
                                                         ->  Hash  (cost=1.09..1.09 rows=2 width=4) (actual time=0.013..0.014 rows=2 loops=1)
                                                               Buckets: 1024  Batches: 1  Memory Usage: 9kB
                                                               Buffers: shared hit=1
                                                               ->  Seq Scan on kind_type kt  (cost=0.00..1.09 rows=2 width=4) (actual time=0.007..0.008 rows=2 loops=1)
                                                                     Filter: ((kind)::text = ANY ('{"tv series","video movie"}'::text[]))
                                                                     Rows Removed by Filter: 5
                                                                     Buffers: shared hit=1
                                       ->  Index Scan using movie_id_movie_info on movie_info mi2  (cost=0.43..42.79 rows=1 width=8) (actual time=0.064..0.068 rows=0 loops=5149)
                                             Index Cond: (movie_id = t.id)
                                             Filter: ((info_type_id = 4) AND ((info)::text = ANY ('{English,Italian,Romanian,Tamil}'::text[])))
                                             Rows Removed by Filter: 8
                                             Buffers: shared hit=38407 read=8096
                                 ->  Index Scan using movie_id_cast_info on cast_info ci  (cost=0.44..43.99 rows=38 width=12) (actual time=0.034..0.146 rows=14 loops=1084)
                                       Index Cond: (movie_id = t.id)
                                       Buffers: shared hit=10707 read=6943
                           ->  Hash  (cost=1.15..1.15 rows=2 width=4) (actual time=0.020..0.020 rows=2 loops=1)
                                 Buckets: 1024  Batches: 1  Memory Usage: 9kB
                                 Buffers: shared hit=1
                                 ->  Seq Scan on role_type rt  (cost=0.00..1.15 rows=2 width=4) (actual time=0.011..0.012 rows=2 loops=1)
                                       Filter: ((role)::text = ANY ('{director,editor}'::text[]))
                                       Rows Removed by Filter: 10
                                       Buffers: shared hit=1
                     ->  Index Scan using name_pkey on name n  (cost=0.43..2.32 rows=1 width=4) (actual time=0.029..0.029 rows=0 loops=1128)
                           Index Cond: (id = ci.person_id)
                           Filter: ((gender)::text = 'f'::text)
                           Rows Removed by Filter: 1
                           Buffers: shared hit=3735 read=777
 Planning:
   Buffers: shared hit=574
 Planning Time: 13.693 ms
 Execution Time: 1334.841 ms
(76 rows)

