                                                                                               QUERY PLAN                                                                                               
--------------------------------------------------------------------------------------------------------------------------------------------------------------------------------------------------------
 Aggregate  (cost=425738.29..425738.30 rows=1 width=8) (actual time=3426.096..3426.104 rows=1 loops=1)
   Buffers: shared hit=304172 read=45844
   ->  Nested Loop  (cost=13060.72..425738.28 rows=1 width=0) (actual time=38.170..3425.984 rows=347 loops=1)
         Buffers: shared hit=304172 read=45844
         ->  Hash Join  (cost=13060.29..425735.96 rows=1 width=4) (actual time=38.137..3398.385 rows=905 loops=1)
               Hash Cond: (ci.role_id = rt.id)
               Buffers: shared hit=300952 read=45444
               ->  Nested Loop  (cost=13059.13..425734.75 rows=14 width=8) (actual time=37.754..3396.436 rows=10996 loops=1)
                     Buffers: shared hit=300951 read=45444
                     ->  Nested Loop  (cost=13058.69..425690.20 rows=1 width=12) (actual time=37.709..3259.102 rows=983 loops=1)
                           Buffers: shared hit=291345 read=41262
                           ->  Nested Loop  (cost=13058.69..425687.78 rows=1 width=16) (actual time=37.704..3239.765 rows=983 loops=1)
                                 Buffers: shared hit=290362 read=41262
                                 ->  Nested Loop  (cost=13058.69..425685.35 rows=1 width=20) (actual time=37.688..3220.688 rows=983 loops=1)
                                       Buffers: shared hit=289379 read=41262
                                       ->  Hash Join  (cost=13058.25..408281.78 rows=406 width=12) (actual time=37.639..3146.739 rows=1006 loops=1)
                                             Hash Cond: (t.kind_id = kt.id)
                                             Buffers: shared hit=284051 read=38778
                                             ->  Nested Loop  (cost=13057.12..408276.66 rows=948 width=16) (actual time=37.582..3142.931 rows=16612 loops=1)
                                                   Buffers: shared hit=284050 read=38778
                                                   ->  Bitmap Heap Scan on movie_info mi2  (cost=13056.68..370239.02 rows=5242 width=8) (actual time=36.782..468.198 rows=78787 loops=1)
                                                         Recheck Cond: (info_type_id = 4)
                                                         Filter: ((info)::text = ANY ('{Japanese,Portuguese,Tagalog}'::text[]))
                                                         Rows Removed by Filter: 1220202
                                                         Heap Blocks: exact=8393
                                                         Buffers: shared hit=3744 read=5668
                                                         ->  Bitmap Index Scan on info_type_id_movie_info  (cost=0.00..13055.37 rows=1221191 width=0) (actual time=34.673..34.674 rows=1298989 loops=1)
                                                               Index Cond: (info_type_id = 4)
                                                               Buffers: shared read=1019
                                                   ->  Memoize  (cost=0.44..7.29 rows=1 width=8) (actual time=0.034..0.034 rows=0 loops=78787)
                                                         Cache Key: mi2.movie_id
                                                         Cache Mode: logical
                                                         Hits: 433  Misses: 78354  Evictions: 0  Overflows: 0  Memory Usage: 5850kB
                                                         Buffers: shared hit=280306 read=33110
                                                         ->  Index Scan using title_pkey on title t  (cost=0.43..7.28 rows=1 width=8) (actual time=0.033..0.033 rows=0 loops=78354)
                                                               Index Cond: (id = mi2.movie_id)
                                                               Filter: ((production_year <= 1975) AND (1875 < production_year))
                                                               Rows Removed by Filter: 1
                                                               Buffers: shared hit=280306 read=33110
                                             ->  Hash  (cost=1.10..1.10 rows=3 width=4) (actual time=0.032..0.032 rows=3 loops=1)
                                                   Buckets: 1024  Batches: 1  Memory Usage: 9kB
                                                   Buffers: shared hit=1
                                                   ->  Seq Scan on kind_type kt  (cost=0.00..1.10 rows=3 width=4) (actual time=0.011..0.012 rows=3 loops=1)
                                                         Filter: ((kind)::text = ANY ('{"tv series","video game","video movie"}'::text[]))
                                                         Rows Removed by Filter: 4
                                                         Buffers: shared hit=1
                                       ->  Index Scan using movie_id_movie_info on movie_info mi1  (cost=0.43..42.86 rows=1 width=8) (actual time=0.063..0.073 rows=1 loops=1006)
                                             Index Cond: (movie_id = t.id)
                                             Filter: ((info_type_id = 8) AND ((info)::text = ANY ('{Brazil,Japan,Philippines}'::text[])))
                                             Rows Removed by Filter: 4
                                             Buffers: shared hit=5328 read=2484
                                 ->  Seq Scan on info_type it1  (cost=0.00..2.41 rows=1 width=4) (actual time=0.011..0.017 rows=1 loops=983)
                                       Filter: (id = 8)
                                       Rows Removed by Filter: 112
                                       Buffers: shared hit=983
                           ->  Seq Scan on info_type it2  (cost=0.00..2.41 rows=1 width=4) (actual time=0.010..0.018 rows=1 loops=983)
                                 Filter: (id = 4)
                                 Rows Removed by Filter: 112
                                 Buffers: shared hit=983
                     ->  Index Scan using movie_id_cast_info on cast_info ci  (cost=0.44..44.17 rows=38 width=12) (actual time=0.037..0.137 rows=11 loops=983)
                           Index Cond: (movie_id = t.id)
                           Buffers: shared hit=9606 read=4182
               ->  Hash  (cost=1.15..1.15 rows=1 width=4) (actual time=0.032..0.033 rows=1 loops=1)
                     Buckets: 1024  Batches: 1  Memory Usage: 9kB
                     Buffers: shared hit=1
                     ->  Seq Scan on role_type rt  (cost=0.00..1.15 rows=1 width=4) (actual time=0.025..0.027 rows=1 loops=1)
                           Filter: ((role)::text = 'director'::text)
                           Rows Removed by Filter: 11
                           Buffers: shared hit=1
         ->  Index Scan using name_pkey on name n  (cost=0.43..2.32 rows=1 width=4) (actual time=0.030..0.030 rows=0 loops=905)
               Index Cond: (id = ci.person_id)
               Filter: ((gender)::text = 'm'::text)
               Rows Removed by Filter: 1
               Buffers: shared hit=3220 read=400
 Planning:
   Buffers: shared hit=483 read=91
 Planning Time: 12.643 ms
 Execution Time: 3427.898 ms
(78 rows)

