                                                                                                QUERY PLAN                                                                                                
----------------------------------------------------------------------------------------------------------------------------------------------------------------------------------------------------------
 Aggregate  (cost=773485.05..773485.06 rows=1 width=8) (actual time=39958.173..39958.182 rows=1 loops=1)
   Buffers: shared hit=3684158 read=422118
   ->  Nested Loop  (cost=14220.36..773484.82 rows=94 width=0) (actual time=1398.472..39957.442 rows=1320 loops=1)
         Buffers: shared hit=3684158 read=422118
         ->  Seq Scan on info_type it2  (cost=0.00..2.41 rows=1 width=4) (actual time=0.034..0.045 rows=1 loops=1)
               Filter: (id = 4)
               Rows Removed by Filter: 112
               Buffers: shared hit=1
         ->  Nested Loop  (cost=14220.36..773481.47 rows=94 width=4) (actual time=1398.437..39956.937 rows=1320 loops=1)
               Buffers: shared hit=3684157 read=422118
               ->  Seq Scan on info_type it1  (cost=0.00..2.41 rows=1 width=4) (actual time=0.008..0.021 rows=1 loops=1)
                     Filter: (id = 8)
                     Rows Removed by Filter: 112
                     Buffers: shared hit=1
               ->  Nested Loop  (cost=14220.36..773478.11 rows=94 width=8) (actual time=1398.425..39956.435 rows=1320 loops=1)
                     Buffers: shared hit=3684156 read=422118
                     ->  Hash Join  (cost=14219.93..772956.22 rows=225 width=12) (actual time=47.423..39368.247 rows=16196 loops=1)
                           Hash Cond: (ci.role_id = rt.id)
                           Buffers: shared hit=3623340 read=418150
                           ->  Nested Loop  (cost=14218.77..772945.48 rows=2695 width=16) (actual time=38.256..39068.501 rows=1622023 loops=1)
                                 Buffers: shared hit=3623339 read=418150
                                 ->  Nested Loop  (cost=14218.33..764730.31 rows=188 width=20) (actual time=38.223..20831.752 rows=84974 loops=1)
                                       Buffers: shared hit=2071571 read=130240
                                       ->  Hash Join  (cost=14217.89..488570.81 rows=6468 width=12) (actual time=37.727..9019.561 rows=136066 loops=1)
                                             Hash Cond: (t.kind_id = kt.id)
                                             Buffers: shared hit=889463 read=29795
                                             ->  Nested Loop  (cost=14216.76..488506.07 rows=15093 width=16) (actual time=37.315..8940.076 rows=171981 loops=1)
                                                   Buffers: shared hit=889462 read=29795
                                                   ->  Bitmap Heap Scan on movie_info mi1  (cost=14216.32..386811.61 rows=19051 width=8) (actual time=37.276..502.179 rows=233030 loops=1)
                                                         Recheck Cond: (info_type_id = 8)
                                                         Filter: ((info)::text = ANY ('{Denmark,Egypt,France,Germany,Hungary,India,Indonesia,Israel,Nigeria,Peru,Spain,Sweden,Taiwan,Thailand}'::text[]))
                                                         Rows Removed by Filter: 1092331
                                                         Heap Blocks: exact=7853
                                                         Buffers: shared hit=838 read=8055
                                                         ->  Bitmap Index Scan on info_type_id_movie_info  (cost=0.00..14211.52 rows=1329478 width=0) (actual time=36.260..36.260 rows=1325361 loops=1)
                                                               Index Cond: (info_type_id = 8)
                                                               Buffers: shared hit=1 read=1039
                                                   ->  Memoize  (cost=0.44..5.46 rows=1 width=8) (actual time=0.036..0.036 rows=1 loops=233030)
                                                         Cache Key: mi1.movie_id
                                                         Cache Mode: logical
                                                         Hits: 5439  Misses: 227591  Evictions: 138989  Overflows: 0  Memory Usage: 8193kB
                                                         Buffers: shared hit=888624 read=21740
                                                         ->  Index Scan using title_pkey on title t  (cost=0.43..5.45 rows=1 width=8) (actual time=0.035..0.035 rows=1 loops=227591)
                                                               Index Cond: (id = mi1.movie_id)
                                                               Filter: ((production_year <= 2015) AND (1975 < production_year))
                                                               Rows Removed by Filter: 0
                                                               Buffers: shared hit=888624 read=21740
                                             ->  Hash  (cost=1.10..1.10 rows=3 width=4) (actual time=0.015..0.017 rows=3 loops=1)
                                                   Buckets: 1024  Batches: 1  Memory Usage: 9kB
                                                   Buffers: shared hit=1
                                                   ->  Seq Scan on kind_type kt  (cost=0.00..1.10 rows=3 width=4) (actual time=0.008..0.010 rows=3 loops=1)
                                                         Filter: ((kind)::text = ANY ('{episode,movie,"video movie"}'::text[]))
                                                         Rows Removed by Filter: 4
                                                         Buffers: shared hit=1
                                       ->  Index Scan using movie_id_movie_info on movie_info mi2  (cost=0.43..42.69 rows=1 width=8) (actual time=0.059..0.086 rows=1 loops=136066)
                                             Index Cond: (movie_id = t.id)
                                             Filter: ((info_type_id = 4) AND ((info)::text = ANY ('{Arabic,Bengali,English,French,Galician,Indonesian,Mandarin,Oriya,Spanish,Thai,Yoruba}'::text[])))
                                             Rows Removed by Filter: 10
                                             Buffers: shared hit=1182108 read=100445
                                 ->  Index Scan using movie_id_cast_info on cast_info ci  (cost=0.44..43.32 rows=38 width=12) (actual time=0.037..0.209 rows=19 loops=84974)
                                       Index Cond: (movie_id = t.id)
                                       Buffers: shared hit=1551768 read=287910
                           ->  Hash  (cost=1.15..1.15 rows=1 width=4) (actual time=0.016..0.017 rows=1 loops=1)
                                 Buckets: 1024  Batches: 1  Memory Usage: 9kB
                                 Buffers: shared hit=1
                                 ->  Seq Scan on role_type rt  (cost=0.00..1.15 rows=1 width=4) (actual time=0.008..0.009 rows=1 loops=1)
                                       Filter: ((role)::text = 'costume designer'::text)
                                       Rows Removed by Filter: 11
                                       Buffers: shared hit=1
                     ->  Index Scan using name_pkey on name n  (cost=0.43..2.32 rows=1 width=4) (actual time=0.036..0.036 rows=0 loops=16196)
                           Index Cond: (id = ci.person_id)
                           Filter: ((gender)::text = 'm'::text)
                           Rows Removed by Filter: 1
                           Buffers: shared hit=60816 read=3968
 Planning:
   Buffers: shared hit=576 read=1
 Planning Time: 13.583 ms
 Execution Time: 39961.220 ms
(78 rows)

