                                                                                               QUERY PLAN                                                                                               
--------------------------------------------------------------------------------------------------------------------------------------------------------------------------------------------------------
 Aggregate  (cost=409878.17..409878.18 rows=1 width=8) (actual time=1776.379..1776.389 rows=1 loops=1)
   Buffers: shared hit=160130 read=21183
   ->  Nested Loop  (cost=14216.51..409878.17 rows=1 width=0) (actual time=41.025..1776.360 rows=148 loops=1)
         Buffers: shared hit=160130 read=21183
         ->  Hash Join  (cost=14216.08..409873.53 rows=2 width=4) (actual time=40.981..1772.766 rows=153 loops=1)
               Hash Cond: (ci.role_id = rt.id)
               Buffers: shared hit=159762 read=20939
               ->  Nested Loop  (cost=14214.91..409872.31 rows=14 width=8) (actual time=40.891..1772.600 rows=772 loops=1)
                     Buffers: shared hit=159761 read=20939
                     ->  Nested Loop  (cost=14214.47..409827.43 rows=1 width=12) (actual time=40.844..1763.912 rows=96 loops=1)
                           Buffers: shared hit=159191 read=20481
                           ->  Nested Loop  (cost=14214.47..409825.00 rows=1 width=16) (actual time=40.839..1762.922 rows=96 loops=1)
                                 Buffers: shared hit=159095 read=20481
                                 ->  Nested Loop  (cost=14214.47..409822.58 rows=1 width=20) (actual time=40.821..1762.039 rows=96 loops=1)
                                       Buffers: shared hit=158999 read=20481
                                       ->  Hash Join  (cost=14214.03..400128.25 rows=225 width=12) (actual time=39.603..1753.716 rows=113 loops=1)
                                             Hash Cond: (t.kind_id = kt.id)
                                             Buffers: shared hit=158615 read=19835
                                             ->  Nested Loop  (cost=14212.90..400124.90 rows=525 width=16) (actual time=39.559..1751.083 rows=13048 loops=1)
                                                   Buffers: shared hit=158614 read=19835
                                                   ->  Bitmap Heap Scan on movie_info mi1  (cost=14212.46..371751.16 rows=3756 width=8) (actual time=37.791..396.055 rows=42564 loops=1)
                                                         Recheck Cond: (info_type_id = 8)
                                                         Filter: ((info)::text = ANY ('{Austria,India,Poland}'::text[]))
                                                         Rows Removed by Filter: 1282797
                                                         Heap Blocks: exact=7853
                                                         Buffers: shared hit=553 read=8340
                                                         ->  Bitmap Index Scan on info_type_id_movie_info  (cost=0.00..14211.52 rows=1329478 width=0) (actual time=36.720..36.721 rows=1325361 loops=1)
                                                               Index Cond: (info_type_id = 8)
                                                               Buffers: shared read=1040
                                                   ->  Memoize  (cost=0.44..7.58 rows=1 width=8) (actual time=0.031..0.031 rows=0 loops=42564)
                                                         Cache Key: mi1.movie_id
                                                         Cache Mode: logical
                                                         Hits: 175  Misses: 42389  Evictions: 0  Overflows: 0  Memory Usage: 3324kB
                                                         Buffers: shared hit=158061 read=11495
                                                         ->  Index Scan using title_pkey on title t  (cost=0.43..7.57 rows=1 width=8) (actual time=0.031..0.031 rows=0 loops=42389)
                                                               Index Cond: (id = mi1.movie_id)
                                                               Filter: ((production_year <= 1975) AND (1925 < production_year))
                                                               Rows Removed by Filter: 1
                                                               Buffers: shared hit=158061 read=11495
                                             ->  Hash  (cost=1.10..1.10 rows=3 width=4) (actual time=0.018..0.019 rows=3 loops=1)
                                                   Buckets: 1024  Batches: 1  Memory Usage: 9kB
                                                   Buffers: shared hit=1
                                                   ->  Seq Scan on kind_type kt  (cost=0.00..1.10 rows=3 width=4) (actual time=0.009..0.011 rows=3 loops=1)
                                                         Filter: ((kind)::text = ANY ('{"tv series","video game","video movie"}'::text[]))
                                                         Rows Removed by Filter: 4
                                                         Buffers: shared hit=1
                                       ->  Index Scan using movie_id_movie_info on movie_info mi2  (cost=0.43..43.08 rows=1 width=8) (actual time=0.053..0.073 rows=1 loops=113)
                                             Index Cond: (movie_id = t.id)
                                             Filter: ((info_type_id = 4) AND ((info)::text = ANY ('{Bengali,German,Polish}'::text[])))
                                             Rows Removed by Filter: 8
                                             Buffers: shared hit=384 read=646
                                 ->  Seq Scan on info_type it1  (cost=0.00..2.41 rows=1 width=4) (actual time=0.004..0.008 rows=1 loops=96)
                                       Filter: (id = 8)
                                       Rows Removed by Filter: 112
                                       Buffers: shared hit=96
                           ->  Seq Scan on info_type it2  (cost=0.00..2.41 rows=1 width=4) (actual time=0.005..0.009 rows=1 loops=96)
                                 Filter: (id = 4)
                                 Rows Removed by Filter: 112
                                 Buffers: shared hit=96
                     ->  Index Scan using movie_id_cast_info on cast_info ci  (cost=0.44..44.50 rows=38 width=12) (actual time=0.025..0.089 rows=8 loops=96)
                           Index Cond: (movie_id = t.id)
                           Buffers: shared hit=570 read=458
               ->  Hash  (cost=1.15..1.15 rows=2 width=4) (actual time=0.037..0.038 rows=2 loops=1)
                     Buckets: 1024  Batches: 1  Memory Usage: 9kB
                     Buffers: shared hit=1
                     ->  Seq Scan on role_type rt  (cost=0.00..1.15 rows=2 width=4) (actual time=0.027..0.030 rows=2 loops=1)
                           Filter: ((role)::text = ANY ('{actress,producer}'::text[]))
                           Rows Removed by Filter: 10
                           Buffers: shared hit=1
         ->  Index Scan using name_pkey on name n  (cost=0.43..2.32 rows=1 width=4) (actual time=0.023..0.023 rows=1 loops=153)
               Index Cond: (id = ci.person_id)
               Filter: ((gender)::text = ANY ('{f,m}'::text[]))
               Rows Removed by Filter: 0
               Buffers: shared hit=368 read=244
 Planning:
   Buffers: shared hit=484 read=90
 Planning Time: 13.326 ms
 Execution Time: 1777.870 ms
(78 rows)

