                                                                                                  QUERY PLAN                                                                                                  
--------------------------------------------------------------------------------------------------------------------------------------------------------------------------------------------------------------
 Aggregate  (cost=931845.92..931845.93 rows=1 width=8) (actual time=104245.604..104245.611 rows=1 loops=1)
   Buffers: shared hit=9531916 read=1071767, temp read=7944 written=7946
   ->  Nested Loop  (cost=872186.45..931845.37 rows=219 width=0) (actual time=1038.167..104226.186 rows=60164 loops=1)
         Buffers: shared hit=9531916 read=1071767, temp read=7944 written=7946
         ->  Seq Scan on info_type it2  (cost=0.00..2.41 rows=1 width=4) (actual time=0.034..0.044 rows=1 loops=1)
               Filter: (id = 4)
               Rows Removed by Filter: 112
               Buffers: shared hit=1
         ->  Nested Loop  (cost=872186.45..931840.77 rows=219 width=4) (actual time=1038.131..104210.460 rows=60164 loops=1)
               Buffers: shared hit=9531915 read=1071767, temp read=7944 written=7946
               ->  Seq Scan on info_type it1  (cost=0.00..2.41 rows=1 width=4) (actual time=0.008..0.020 rows=1 loops=1)
                     Filter: (id = 8)
                     Rows Removed by Filter: 112
                     Buffers: shared hit=1
               ->  Nested Loop  (cost=872186.45..931836.17 rows=219 width=8) (actual time=1038.122..104193.898 rows=60164 loops=1)
                     Buffers: shared hit=9531914 read=1071767, temp read=7944 written=7946
                     ->  Hash Join  (cost=872186.02..930627.70 rows=521 width=12) (actual time=1038.090..98398.336 rows=152298 loops=1)
                           Hash Cond: (ci.role_id = rt.id)
                           Buffers: shared hit=8979429 read=1015060, temp read=7944 written=7946
                           ->  Nested Loop  (cost=872184.86..930604.33 rows=6250 width=16) (actual time=1037.830..96986.070 rows=7168022 loops=1)
                                 Buffers: shared hit=8979428 read=1015060, temp read=7944 written=7946
                                 ->  Nested Loop  (cost=872184.42..911535.63 rows=436 width=20) (actual time=1037.810..20258.594 rows=315916 loops=1)
                                       Buffers: shared hit=2034198 read=50251, temp read=7944 written=7946
                                       ->  Nested Loop  (cost=872184.28..911510.26 rows=1016 width=24) (actual time=1037.710..19925.755 rows=366216 loops=1)
                                             Join Filter: (t.id = mi1.movie_id)
                                             Buffers: shared hit=2034187 read=50250, temp read=7944 written=7946
                                             ->  Merge Join  (cost=872183.85..872907.56 rows=10846 width=16) (actual time=1037.654..1802.281 rows=516533 loops=1)
                                                   Merge Cond: (mi1.movie_id = mi2.movie_id)
                                                   Buffers: shared hit=11000 read=7305, temp read=7944 written=7946
                                                   ->  Sort  (cost=451288.60..451423.52 rows=53969 width=8) (actual time=533.719..651.113 rows=594271 loops=1)
                                                         Sort Key: mi1.movie_id
                                                         Sort Method: external sort  Disk: 12848kB
                                                         Buffers: shared hit=8893, temp read=3206 written=3214
                                                         ->  Bitmap Heap Scan on movie_info mi1  (cost=14225.01..447046.68 rows=53969 width=8) (actual time=35.936..387.554 rows=594271 loops=1)
                                                               Recheck Cond: (info_type_id = 8)
                                                               Filter: ((info)::text = ANY ('{Belgium,Cuba,"Czech Republic",India,Romania,"South Africa",Switzerland,USA}'::text[]))
                                                               Rows Removed by Filter: 731090
                                                               Heap Blocks: exact=7853
                                                               Buffers: shared hit=8893
                                                               ->  Bitmap Index Scan on info_type_id_movie_info  (cost=0.00..14211.52 rows=1329478 width=0) (actual time=34.956..34.956 rows=1325361 loops=1)
                                                                     Index Cond: (info_type_id = 8)
                                                                     Buffers: shared hit=1040
                                                   ->  Sort  (cost=420895.25..421067.95 rows=69081 width=8) (actual time=503.925..711.493 rows=880021 loops=1)
                                                         Sort Key: mi2.movie_id
                                                         Sort Method: external sort  Disk: 18920kB
                                                         Buffers: shared hit=2107 read=7305, temp read=4729 written=4732
                                                         ->  Bitmap Heap Scan on movie_info mi2  (cost=13072.64..415342.52 rows=69081 width=8) (actual time=30.961..292.444 rows=875137 loops=1)
                                                               Recheck Cond: (info_type_id = 4)
                                                               Filter: ((info)::text = ANY ('{English,None,Romanian,Spanish,"Swiss German",Tamil}'::text[]))
                                                               Rows Removed by Filter: 423852
                                                               Heap Blocks: exact=8393
                                                               Buffers: shared hit=2107 read=7305
                                                               ->  Bitmap Index Scan on info_type_id_movie_info  (cost=0.00..13055.37 rows=1221191 width=0) (actual time=29.928..29.928 rows=1298989 loops=1)
                                                                     Index Cond: (info_type_id = 4)
                                                                     Buffers: shared hit=1 read=1018
                                             ->  Index Scan using title_pkey on title t  (cost=0.43..3.55 rows=1 width=8) (actual time=0.034..0.034 rows=1 loops=516533)
                                                   Index Cond: (id = mi2.movie_id)
                                                   Filter: ((production_year <= 2015) AND (1990 < production_year))
                                                   Rows Removed by Filter: 0
                                                   Buffers: shared hit=2023187 read=42945
                                       ->  Memoize  (cost=0.14..0.16 rows=1 width=4) (actual time=0.000..0.000 rows=1 loops=366216)
                                             Cache Key: t.kind_id
                                             Cache Mode: logical
                                             Hits: 366210  Misses: 6  Evictions: 0  Overflows: 0  Memory Usage: 1kB
                                             Buffers: shared hit=11 read=1
                                             ->  Index Scan using kind_type_pkey on kind_type kt  (cost=0.13..0.15 rows=1 width=4) (actual time=0.012..0.012 rows=0 loops=6)
                                                   Index Cond: (id = t.kind_id)
                                                   Filter: ((kind)::text = ANY ('{episode,movie,"video movie"}'::text[]))
                                                   Rows Removed by Filter: 0
                                                   Buffers: shared hit=11 read=1
                                 ->  Index Scan using movie_id_cast_info on cast_info ci  (cost=0.44..43.36 rows=38 width=12) (actual time=0.036..0.236 rows=23 loops=315916)
                                       Index Cond: (movie_id = t.id)
                                       Buffers: shared hit=6945230 read=964809
                           ->  Hash  (cost=1.15..1.15 rows=1 width=4) (actual time=0.015..0.016 rows=1 loops=1)
                                 Buckets: 1024  Batches: 1  Memory Usage: 9kB
                                 Buffers: shared hit=1
                                 ->  Seq Scan on role_type rt  (cost=0.00..1.15 rows=1 width=4) (actual time=0.009..0.010 rows=1 loops=1)
                                       Filter: ((role)::text = 'composer'::text)
                                       Rows Removed by Filter: 11
                                       Buffers: shared hit=1
                     ->  Index Scan using name_pkey on name n  (cost=0.43..2.32 rows=1 width=4) (actual time=0.037..0.037 rows=0 loops=152298)
                           Index Cond: (id = ci.person_id)
                           Filter: ((gender)::text = 'm'::text)
                           Rows Removed by Filter: 1
                           Buffers: shared hit=552485 read=56707
 Planning:
   Buffers: shared hit=574
 Planning Time: 13.647 ms
 Execution Time: 104255.966 ms
(89 rows)

