                                                                                               QUERY PLAN                                                                                               
--------------------------------------------------------------------------------------------------------------------------------------------------------------------------------------------------------
 Aggregate  (cost=374400.99..374401.00 rows=1 width=8) (actual time=981.721..981.728 rows=1 loops=1)
   Buffers: shared hit=69363 read=30164
   ->  Nested Loop  (cost=14215.59..374400.99 rows=1 width=0) (actual time=38.878..981.640 rows=278 loops=1)
         Buffers: shared hit=69363 read=30164
         ->  Hash Join  (cost=14215.16..374396.35 rows=2 width=4) (actual time=36.984..951.233 rows=1059 loops=1)
               Hash Cond: (ci.role_id = rt.id)
               Buffers: shared hit=65938 read=29353
               ->  Nested Loop  (cost=14213.98..374395.13 rows=14 width=8) (actual time=36.388..948.878 rows=22054 loops=1)
                     Buffers: shared hit=65937 read=29353
                     ->  Nested Loop  (cost=14213.54..374351.47 rows=1 width=12) (actual time=36.352..741.188 rows=1527 loops=1)
                           Buffers: shared hit=47641 read=21596
                           ->  Nested Loop  (cost=14213.54..374349.05 rows=1 width=16) (actual time=36.346..723.697 rows=1527 loops=1)
                                 Buffers: shared hit=46114 read=21596
                                 ->  Nested Loop  (cost=14213.54..374346.62 rows=1 width=20) (actual time=36.326..703.542 rows=1527 loops=1)
                                       Buffers: shared hit=44587 read=21596
                                       ->  Hash Join  (cost=14213.11..372613.94 rows=41 width=12) (actual time=36.215..576.685 rows=1831 loops=1)
                                             Hash Cond: (t.kind_id = kt.id)
                                             Buffers: shared hit=34676 read=15982
                                             ->  Nested Loop  (cost=14211.98..372612.40 rows=95 width=16) (actual time=36.174..575.209 rows=10150 loops=1)
                                                   Buffers: shared hit=34675 read=15982
                                                   ->  Bitmap Heap Scan on movie_info mi1  (cost=14211.55..371750.25 rows=102 width=8) (actual time=36.140..301.085 rows=10441 loops=1)
                                                         Recheck Cond: (info_type_id = 8)
                                                         Filter: ((info)::text = ANY ('{Chile,Czechoslovakia,Israel}'::text[]))
                                                         Rows Removed by Filter: 1314920
                                                         Heap Blocks: exact=7853
                                                         Buffers: shared hit=3783 read=5110
                                                         ->  Bitmap Index Scan on info_type_id_movie_info  (cost=0.00..14211.52 rows=1329478 width=0) (actual time=35.021..35.021 rows=1325361 loops=1)
                                                               Index Cond: (info_type_id = 8)
                                                               Buffers: shared read=1040
                                                   ->  Index Scan using title_pkey on title t  (cost=0.43..8.45 rows=1 width=8) (actual time=0.026..0.026 rows=1 loops=10441)
                                                         Index Cond: (id = mi1.movie_id)
                                                         Filter: ((production_year <= 2015) AND (1925 < production_year))
                                                         Rows Removed by Filter: 0
                                                         Buffers: shared hit=30892 read=10872
                                             ->  Hash  (cost=1.10..1.10 rows=3 width=4) (actual time=0.016..0.017 rows=3 loops=1)
                                                   Buckets: 1024  Batches: 1  Memory Usage: 9kB
                                                   Buffers: shared hit=1
                                                   ->  Seq Scan on kind_type kt  (cost=0.00..1.10 rows=3 width=4) (actual time=0.006..0.008 rows=3 loops=1)
                                                         Filter: ((kind)::text = ANY ('{"tv movie","tv series","video game"}'::text[]))
                                                         Rows Removed by Filter: 4
                                                         Buffers: shared hit=1
                                       ->  Index Scan using movie_id_movie_info on movie_info mi2  (cost=0.43..42.25 rows=1 width=8) (actual time=0.049..0.069 rows=1 loops=1831)
                                             Index Cond: (movie_id = t.id)
                                             Filter: ((info_type_id = 4) AND ((info)::text = ANY ('{Czech,Hebrew,Spanish}'::text[])))
                                             Rows Removed by Filter: 5
                                             Buffers: shared hit=9911 read=5614
                                 ->  Seq Scan on info_type it1  (cost=0.00..2.41 rows=1 width=4) (actual time=0.008..0.012 rows=1 loops=1527)
                                       Filter: (id = 8)
                                       Rows Removed by Filter: 112
                                       Buffers: shared hit=1527
                           ->  Seq Scan on info_type it2  (cost=0.00..2.41 rows=1 width=4) (actual time=0.006..0.010 rows=1 loops=1527)
                                 Filter: (id = 4)
                                 Rows Removed by Filter: 112
                                 Buffers: shared hit=1527
                     ->  Index Scan using movie_id_cast_info on cast_info ci  (cost=0.44..43.28 rows=38 width=12) (actual time=0.024..0.134 rows=14 loops=1527)
                           Index Cond: (movie_id = t.id)
                           Buffers: shared hit=18296 read=7757
               ->  Hash  (cost=1.15..1.15 rows=2 width=4) (actual time=0.027..0.028 rows=2 loops=1)
                     Buckets: 1024  Batches: 1  Memory Usage: 9kB
                     Buffers: shared hit=1
                     ->  Seq Scan on role_type rt  (cost=0.00..1.15 rows=2 width=4) (actual time=0.020..0.022 rows=2 loops=1)
                           Filter: ((role)::text = ANY ('{cinematographer,composer}'::text[]))
                           Rows Removed by Filter: 10
                           Buffers: shared hit=1
         ->  Index Scan using name_pkey on name n  (cost=0.43..2.32 rows=1 width=4) (actual time=0.028..0.028 rows=0 loops=1059)
               Index Cond: (id = ci.person_id)
               Filter: ((gender)::text = 'm'::text)
               Rows Removed by Filter: 1
               Buffers: shared hit=3425 read=811
 Planning:
   Buffers: shared hit=482 read=92
 Planning Time: 12.703 ms
 Execution Time: 982.204 ms
(73 rows)

