                                                                                               QUERY PLAN                                                                                               
--------------------------------------------------------------------------------------------------------------------------------------------------------------------------------------------------------
 Aggregate  (cost=451848.25..451848.26 rows=1 width=8) (actual time=4173.807..4173.813 rows=1 loops=1)
   Buffers: shared hit=380212 read=51246
   ->  Nested Loop  (cost=13059.87..451848.24 rows=1 width=0) (actual time=299.166..4173.767 rows=56 loops=1)
         Buffers: shared hit=380212 read=51246
         ->  Hash Join  (cost=13059.44..451845.92 rows=1 width=4) (actual time=266.732..4071.032 rows=2836 loops=1)
               Hash Cond: (ci.role_id = rt.id)
               Buffers: shared hit=370154 read=49960
               ->  Nested Loop  (cost=13058.28..451844.71 rows=14 width=8) (actual time=201.493..4057.258 rows=92328 loops=1)
                     Buffers: shared hit=370153 read=49960
                     ->  Nested Loop  (cost=13057.84..451800.16 rows=1 width=12) (actual time=201.452..3054.096 rows=7330 loops=1)
                           Buffers: shared hit=272409 read=34905
                           ->  Nested Loop  (cost=13057.84..451797.74 rows=1 width=16) (actual time=201.447..2916.655 rows=7330 loops=1)
                                 Buffers: shared hit=265079 read=34905
                                 ->  Nested Loop  (cost=13057.84..451795.32 rows=1 width=20) (actual time=201.422..2782.252 rows=7330 loops=1)
                                       Buffers: shared hit=257749 read=34905
                                       ->  Hash Join  (cost=13057.41..445471.42 rows=147 width=12) (actual time=167.534..1934.660 rows=11195 loops=1)
                                             Hash Cond: (t.kind_id = kt.id)
                                             Buffers: shared hit=172451 read=22522
                                             ->  Nested Loop  (cost=13056.27..445468.84 rows=343 width=16) (actual time=40.077..1929.601 rows=11820 loops=1)
                                                   Buffers: shared hit=172450 read=22522
                                                   ->  Bitmap Heap Scan on movie_info mi2  (cost=13055.84..430354.90 rows=1896 width=8) (actual time=40.034..544.339 rows=46390 loops=1)
                                                         Recheck Cond: (info_type_id = 4)
                                                         Filter: ((info)::text = ANY ('{Bengali,Mandarin,Persian,Polish,Portuguese,Romanian,Tamil}'::text[]))
                                                         Rows Removed by Filter: 1252599
                                                         Heap Blocks: exact=8393
                                                         Buffers: shared hit=3221 read=6191
                                                         ->  Bitmap Index Scan on info_type_id_movie_info  (cost=0.00..13055.37 rows=1221191 width=0) (actual time=37.512..37.513 rows=1298989 loops=1)
                                                               Index Cond: (info_type_id = 4)
                                                               Buffers: shared hit=1 read=1018
                                                   ->  Index Scan using title_pkey on title t  (cost=0.43..7.97 rows=1 width=8) (actual time=0.029..0.029 rows=0 loops=46390)
                                                         Index Cond: (id = mi2.movie_id)
                                                         Filter: ((production_year <= 1975) AND (1875 < production_year))
                                                         Rows Removed by Filter: 1
                                                         Buffers: shared hit=169229 read=16331
                                             ->  Hash  (cost=1.10..1.10 rows=3 width=4) (actual time=0.020..0.021 rows=3 loops=1)
                                                   Buckets: 1024  Batches: 1  Memory Usage: 9kB
                                                   Buffers: shared hit=1
                                                   ->  Seq Scan on kind_type kt  (cost=0.00..1.10 rows=3 width=4) (actual time=0.012..0.014 rows=3 loops=1)
                                                         Filter: ((kind)::text = ANY ('{episode,movie,"tv movie"}'::text[]))
                                                         Rows Removed by Filter: 4
                                                         Buffers: shared hit=1
                                       ->  Index Scan using movie_id_movie_info on movie_info mi1  (cost=0.43..43.01 rows=1 width=8) (actual time=0.071..0.075 rows=1 loops=11195)
                                             Index Cond: (movie_id = t.id)
                                             Filter: ((info_type_id = 8) AND ((info)::text = ANY ('{"Hong Kong",India,Iran,Poland,Portugal,Romania}'::text[])))
                                             Rows Removed by Filter: 7
                                             Buffers: shared hit=85298 read=12383
                                 ->  Seq Scan on info_type it1  (cost=0.00..2.41 rows=1 width=4) (actual time=0.009..0.017 rows=1 loops=7330)
                                       Filter: (id = 8)
                                       Rows Removed by Filter: 112
                                       Buffers: shared hit=7330
                           ->  Seq Scan on info_type it2  (cost=0.00..2.41 rows=1 width=4) (actual time=0.010..0.017 rows=1 loops=7330)
                                 Filter: (id = 4)
                                 Rows Removed by Filter: 112
                                 Buffers: shared hit=7330
                     ->  Index Scan using movie_id_cast_info on cast_info ci  (cost=0.44..44.17 rows=38 width=12) (actual time=0.035..0.134 rows=13 loops=7330)
                           Index Cond: (movie_id = t.id)
                           Buffers: shared hit=97744 read=15055
               ->  Hash  (cost=1.15..1.15 rows=1 width=4) (actual time=0.033..0.033 rows=1 loops=1)
                     Buckets: 1024  Batches: 1  Memory Usage: 9kB
                     Buffers: shared hit=1
                     ->  Seq Scan on role_type rt  (cost=0.00..1.15 rows=1 width=4) (actual time=0.026..0.027 rows=1 loops=1)
                           Filter: ((role)::text = 'producer'::text)
                           Rows Removed by Filter: 11
                           Buffers: shared hit=1
         ->  Index Scan using name_pkey on name n  (cost=0.43..2.32 rows=1 width=4) (actual time=0.036..0.036 rows=0 loops=2836)
               Index Cond: (id = ci.person_id)
               Filter: ((gender)::text = 'f'::text)
               Rows Removed by Filter: 1
               Buffers: shared hit=10058 read=1286
 Planning:
   Buffers: shared hit=574
 Planning Time: 14.253 ms
 Execution Time: 4174.341 ms
(73 rows)

