                                                                                               QUERY PLAN                                                                                               
--------------------------------------------------------------------------------------------------------------------------------------------------------------------------------------------------------
 Aggregate  (cost=557135.20..557135.21 rows=1 width=8) (actual time=6299.657..6299.664 rows=1 loops=1)
   Buffers: shared hit=607882 read=41310
   ->  Nested Loop  (cost=13061.88..557135.15 rows=19 width=0) (actual time=45.338..6299.613 rows=83 loops=1)
         Buffers: shared hit=607882 read=41310
         ->  Hash Join  (cost=13061.45..557030.77 rows=45 width=4) (actual time=45.292..6287.408 rows=251 loops=1)
               Hash Cond: (ci.role_id = rt.id)
               Buffers: shared hit=607090 read=41098
               ->  Nested Loop  (cost=13060.27..557028.63 rows=272 width=8) (actual time=40.483..6285.463 rows=12355 loops=1)
                     Buffers: shared hit=607089 read=41098
                     ->  Nested Loop  (cost=13059.83..556182.10 rows=19 width=12) (actual time=40.440..6142.919 rows=789 loops=1)
                           Buffers: shared hit=597437 read=36240
                           ->  Seq Scan on info_type it2  (cost=0.00..2.41 rows=1 width=4) (actual time=0.032..0.039 rows=1 loops=1)
                                 Filter: (id = 4)
                                 Rows Removed by Filter: 112
                                 Buffers: shared hit=1
                           ->  Nested Loop  (cost=13059.83..556179.49 rows=19 width=16) (actual time=40.406..6142.697 rows=789 loops=1)
                                 Buffers: shared hit=597436 read=36240
                                 ->  Seq Scan on info_type it1  (cost=0.00..2.41 rows=1 width=4) (actual time=0.008..0.016 rows=1 loops=1)
                                       Filter: (id = 8)
                                       Rows Removed by Filter: 112
                                       Buffers: shared hit=1
                                 ->  Nested Loop  (cost=13059.83..556176.89 rows=19 width=20) (actual time=40.395..6142.491 rows=789 loops=1)
                                       Buffers: shared hit=597435 read=36240
                                       ->  Hash Join  (cost=13059.37..523798.48 rows=754 width=12) (actual time=39.053..6013.327 rows=1692 loops=1)
                                             Hash Cond: (t.kind_id = kt.id)
                                             Buffers: shared hit=587660 read=31901
                                             ->  Nested Loop  (cost=13058.24..523789.94 rows=1758 width=16) (actual time=39.009..6002.096 rows=47683 loops=1)
                                                   Buffers: shared hit=587659 read=31901
                                                   ->  Bitmap Heap Scan on movie_info mi2  (cost=13057.80..460415.22 rows=9722 width=8) (actual time=38.950..781.809 rows=157291 loops=1)
                                                         Recheck Cond: (info_type_id = 4)
                                                         Filter: ((info)::text = ANY ('{Arabic,Cantonese,Dutch,French,Italian,Mandarin,Polish,Portuguese,Telugu}'::text[]))
                                                         Rows Removed by Filter: 1141698
                                                         Heap Blocks: exact=8393
                                                         Buffers: shared hit=2905 read=6507
                                                         ->  Bitmap Index Scan on info_type_id_movie_info  (cost=0.00..13055.37 rows=1221191 width=0) (actual time=36.201..36.202 rows=1298989 loops=1)
                                                               Index Cond: (info_type_id = 4)
                                                               Buffers: shared read=1019
                                                   ->  Memoize  (cost=0.44..6.59 rows=1 width=8) (actual time=0.033..0.033 rows=0 loops=157291)
                                                         Cache Key: mi2.movie_id
                                                         Cache Mode: logical
                                                         Hits: 4754  Misses: 152537  Evictions: 49267  Overflows: 0  Memory Usage: 8193kB
                                                         Buffers: shared hit=584754 read=25394
                                                         ->  Index Scan using title_pkey on title t  (cost=0.43..6.58 rows=1 width=8) (actual time=0.033..0.033 rows=0 loops=152537)
                                                               Index Cond: (id = mi2.movie_id)
                                                               Filter: ((production_year <= 1975) AND (1875 < production_year))
                                                               Rows Removed by Filter: 1
                                                               Buffers: shared hit=584754 read=25394
                                             ->  Hash  (cost=1.10..1.10 rows=3 width=4) (actual time=0.019..0.020 rows=3 loops=1)
                                                   Buckets: 1024  Batches: 1  Memory Usage: 9kB
                                                   Buffers: shared hit=1
                                                   ->  Seq Scan on kind_type kt  (cost=0.00..1.10 rows=3 width=4) (actual time=0.008..0.010 rows=3 loops=1)
                                                         Filter: ((kind)::text = ANY ('{"tv series","video game","video movie"}'::text[]))
                                                         Rows Removed by Filter: 4
                                                         Buffers: shared hit=1
                                       ->  Index Scan using movie_id_movie_info on movie_info mi1  (cost=0.46..42.93 rows=1 width=8) (actual time=0.070..0.076 rows=0 loops=1692)
                                             Index Cond: (movie_id = t.id)
                                             Filter: ((info_type_id = 8) AND ((info)::text = ANY ('{Belgium,Canada,Egypt,France,"Hong Kong",India,Poland,Portugal,Taiwan,USA}'::text[])))
                                             Rows Removed by Filter: 8
                                             Buffers: shared hit=9775 read=4339
                     ->  Index Scan using movie_id_cast_info on cast_info ci  (cost=0.44..44.17 rows=38 width=12) (actual time=0.036..0.177 rows=16 loops=789)
                           Index Cond: (movie_id = t.id)
                           Buffers: shared hit=9652 read=4858
               ->  Hash  (cost=1.15..1.15 rows=2 width=4) (actual time=0.034..0.034 rows=2 loops=1)
                     Buckets: 1024  Batches: 1  Memory Usage: 9kB
                     Buffers: shared hit=1
                     ->  Seq Scan on role_type rt  (cost=0.00..1.15 rows=2 width=4) (actual time=0.025..0.028 rows=2 loops=1)
                           Filter: ((role)::text = ANY ('{"miscellaneous crew",producer}'::text[]))
                           Rows Removed by Filter: 10
                           Buffers: shared hit=1
         ->  Index Scan using name_pkey on name n  (cost=0.43..2.32 rows=1 width=4) (actual time=0.048..0.048 rows=0 loops=251)
               Index Cond: (id = ci.person_id)
               Filter: ((gender)::text = 'm'::text)
               Rows Removed by Filter: 1
               Buffers: shared hit=792 read=212
 Planning:
   Buffers: shared hit=485 read=92
 Planning Time: 14.594 ms
 Execution Time: 6301.813 ms
(78 rows)

