                                                                                                  QUERY PLAN                                                                                                  
--------------------------------------------------------------------------------------------------------------------------------------------------------------------------------------------------------------
 Aggregate  (cost=957119.58..957119.59 rows=1 width=8) (actual time=37231.550..37231.558 rows=1 loops=1)
   Buffers: shared hit=3366893 read=372473, temp read=8457 written=8436
   ->  Nested Loop  (cost=887916.22..957118.33 rows=500 width=0) (actual time=1076.348..37226.532 rows=15150 loops=1)
         Buffers: shared hit=3366893 read=372473, temp read=8457 written=8436
         ->  Seq Scan on info_type it2  (cost=0.00..2.41 rows=1 width=4) (actual time=0.041..0.053 rows=1 loops=1)
               Filter: (id = 4)
               Rows Removed by Filter: 112
               Buffers: shared hit=1
         ->  Nested Loop  (cost=887916.22..957110.91 rows=500 width=4) (actual time=1076.305..37222.627 rows=15150 loops=1)
               Buffers: shared hit=3366892 read=372473, temp read=8457 written=8436
               ->  Seq Scan on info_type it1  (cost=0.00..2.41 rows=1 width=4) (actual time=0.009..0.022 rows=1 loops=1)
                     Filter: (id = 8)
                     Rows Removed by Filter: 112
                     Buffers: shared hit=1
               ->  Nested Loop  (cost=887916.22..957103.50 rows=500 width=8) (actual time=1076.295..37218.542 rows=15150 loops=1)
                     Buffers: shared hit=3366891 read=372473, temp read=8457 written=8436
                     ->  Hash Join  (cost=887915.79..954338.63 rows=1192 width=12) (actual time=1074.726..35445.508 rows=45853 loops=1)
                           Hash Cond: (ci.role_id = rt.id)
                           Buffers: shared hit=3206256 read=349696, temp read=8457 written=8436
                           ->  Nested Loop  (cost=887914.62..954312.05 rows=7153 width=16) (actual time=1074.618..35214.740 rows=1111083 loops=1)
                                 Buffers: shared hit=3206255 read=349696, temp read=8457 written=8436
                                 ->  Nested Loop  (cost=887914.18..932488.01 rows=499 width=20) (actual time=1074.584..22372.656 rows=54336 loops=1)
                                       Buffers: shared hit=2284319 read=39914, temp read=8457 written=8436
                                       ->  Nested Loop  (cost=887914.03..932459.10 rows=1164 width=24) (actual time=1074.568..22092.425 rows=392743 loops=1)
                                             Join Filter: (t.id = mi1.movie_id)
                                             Buffers: shared hit=2284307 read=39914, temp read=8457 written=8436
                                             ->  Merge Join  (cost=887913.60..888693.38 rows=12418 width=16) (actual time=1074.527..1823.977 rows=576479 loops=1)
                                                   Merge Cond: (mi1.movie_id = mi2.movie_id)
                                                   Buffers: shared hit=10487 read=7818, temp read=8457 written=8436
                                                   ->  Sort  (cost=451820.06..451970.35 rows=60116 width=8) (actual time=565.660..690.385 rows=653428 loops=1)
                                                         Sort Key: mi1.movie_id
                                                         Sort Method: external sort  Disk: 14128kB
                                                         Buffers: shared hit=1075 read=7818, temp read=3525 written=3534
                                                         ->  Bitmap Heap Scan on movie_info mi1  (cost=14226.55..447048.21 rows=60116 width=8) (actual time=38.195..405.980 rows=653428 loops=1)
                                                               Recheck Cond: (info_type_id = 8)
                                                               Filter: ((info)::text = ANY ('{Brazil,India,Ireland,Italy,Netherlands,Philippines,Poland,USA}'::text[]))
                                                               Rows Removed by Filter: 671933
                                                               Heap Blocks: exact=7853
                                                               Buffers: shared hit=1075 read=7818
                                                               ->  Bitmap Index Scan on info_type_id_movie_info  (cost=0.00..14211.52 rows=1329478 width=0) (actual time=37.218..37.218 rows=1325361 loops=1)
                                                                     Index Cond: (info_type_id = 8)
                                                                     Buffers: shared hit=1 read=1039
                                                   ->  Sort  (cost=436093.54..436271.05 rows=71004 width=8) (actual time=508.859..696.532 rows=913694 loops=1)
                                                         Sort Key: mi2.movie_id
                                                         Sort Method: external sort  Disk: 19600kB
                                                         Buffers: shared hit=9412, temp read=4911 written=4902
                                                         ->  Bitmap Heap Scan on movie_info mi2  (cost=13073.12..430372.18 rows=71004 width=8) (actual time=28.730..288.072 rows=906764 loops=1)
                                                               Recheck Cond: (info_type_id = 4)
                                                               Filter: ((info)::text = ANY ('{English,French,Italian,Malayalam,Polish,Portuguese,Tagalog}'::text[]))
                                                               Rows Removed by Filter: 392225
                                                               Heap Blocks: exact=8393
                                                               Buffers: shared hit=9412
                                                               ->  Bitmap Index Scan on info_type_id_movie_info  (cost=0.00..13055.37 rows=1221191 width=0) (actual time=27.707..27.707 rows=1298989 loops=1)
                                                                     Index Cond: (info_type_id = 4)
                                                                     Buffers: shared hit=1019
                                             ->  Index Scan using title_pkey on title t  (cost=0.43..3.51 rows=1 width=8) (actual time=0.035..0.035 rows=1 loops=576479)
                                                   Index Cond: (id = mi2.movie_id)
                                                   Filter: ((production_year <= 2015) AND (1990 < production_year))
                                                   Rows Removed by Filter: 0
                                                   Buffers: shared hit=2273820 read=32096
                                       ->  Memoize  (cost=0.14..0.16 rows=1 width=4) (actual time=0.000..0.000 rows=0 loops=392743)
                                             Cache Key: t.kind_id
                                             Cache Mode: logical
                                             Hits: 392737  Misses: 6  Evictions: 0  Overflows: 0  Memory Usage: 1kB
                                             Buffers: shared hit=12
                                             ->  Index Scan using kind_type_pkey on kind_type kt  (cost=0.13..0.15 rows=1 width=4) (actual time=0.011..0.011 rows=0 loops=6)
                                                   Index Cond: (id = t.kind_id)
                                                   Filter: ((kind)::text = ANY ('{"tv movie","tv series","video game"}'::text[]))
                                                   Rows Removed by Filter: 0
                                                   Buffers: shared hit=12
                                 ->  Index Scan using movie_id_cast_info on cast_info ci  (cost=0.44..43.36 rows=38 width=12) (actual time=0.038..0.230 rows=20 loops=54336)
                                       Index Cond: (movie_id = t.id)
                                       Buffers: shared hit=921936 read=309782
                           ->  Hash  (cost=1.15..1.15 rows=2 width=4) (actual time=0.018..0.019 rows=2 loops=1)
                                 Buckets: 1024  Batches: 1  Memory Usage: 9kB
                                 Buffers: shared hit=1
                                 ->  Seq Scan on role_type rt  (cost=0.00..1.15 rows=2 width=4) (actual time=0.010..0.012 rows=2 loops=1)
                                       Filter: ((role)::text = ANY ('{cinematographer,composer}'::text[]))
                                       Rows Removed by Filter: 10
                                       Buffers: shared hit=1
                     ->  Index Scan using name_pkey on name n  (cost=0.43..2.32 rows=1 width=4) (actual time=0.038..0.038 rows=0 loops=45853)
                           Index Cond: (id = ci.person_id)
                           Filter: ((gender)::text = 'm'::text)
                           Rows Removed by Filter: 1
                           Buffers: shared hit=160635 read=22777
 Planning:
   Buffers: shared hit=574
 Planning Time: 14.137 ms
 Execution Time: 37243.621 ms
(89 rows)

