                                                                                               QUERY PLAN                                                                                               
--------------------------------------------------------------------------------------------------------------------------------------------------------------------------------------------------------
 Aggregate  (cost=458004.26..458004.27 rows=1 width=8) (actual time=6647.253..6647.261 rows=1 loops=1)
   Buffers: shared hit=605264 read=84229
   ->  Nested Loop  (cost=13061.34..458004.24 rows=9 width=0) (actual time=442.662..6647.077 rows=368 loops=1)
         Buffers: shared hit=605264 read=84229
         ->  Hash Join  (cost=13060.91..457953.21 rows=22 width=4) (actual time=50.641..6584.344 rows=1660 loops=1)
               Hash Cond: (ci.role_id = rt.id)
               Buffers: shared hit=599726 read=83127
               ->  Nested Loop  (cost=13059.73..457951.57 rows=129 width=8) (actual time=50.380..6575.174 rows=56240 loops=1)
                     Buffers: shared hit=599725 read=83127
                     ->  Nested Loop  (cost=13059.29..457547.66 rows=9 width=12) (actual time=50.342..5931.196 rows=3183 loops=1)
                           Buffers: shared hit=551542 read=66316
                           ->  Seq Scan on info_type it2  (cost=0.00..2.41 rows=1 width=4) (actual time=0.033..0.042 rows=1 loops=1)
                                 Filter: (id = 4)
                                 Rows Removed by Filter: 112
                                 Buffers: shared hit=1
                           ->  Nested Loop  (cost=13059.29..457545.16 rows=9 width=16) (actual time=50.308..5930.340 rows=3183 loops=1)
                                 Buffers: shared hit=551541 read=66316
                                 ->  Seq Scan on info_type it1  (cost=0.00..2.41 rows=1 width=4) (actual time=0.009..0.020 rows=1 loops=1)
                                       Filter: (id = 8)
                                       Rows Removed by Filter: 112
                                       Buffers: shared hit=1
                                 ->  Nested Loop  (cost=13059.29..457542.65 rows=9 width=20) (actual time=50.296..5929.519 rows=3183 loops=1)
                                       Buffers: shared hit=551540 read=66316
                                       ->  Hash Join  (cost=13058.86..437699.55 rows=460 width=12) (actual time=45.537..4519.812 rows=14134 loops=1)
                                             Hash Cond: (t.kind_id = kt.id)
                                             Buffers: shared hit=433521 read=35568
                                             ->  Nested Loop  (cost=13057.73..437693.90 rows=1073 width=16) (actual time=38.692..4512.627 rows=15753 loops=1)
                                                   Buffers: shared hit=433520 read=35568
                                                   ->  Bitmap Heap Scan on movie_info mi2  (cost=13057.29..385268.81 rows=7674 width=8) (actual time=37.805..528.643 rows=115516 loops=1)
                                                         Recheck Cond: (info_type_id = 4)
                                                         Filter: ((info)::text = ANY ('{Cantonese,Dutch,Norwegian,Spanish}'::text[]))
                                                         Rows Removed by Filter: 1183473
                                                         Heap Blocks: exact=8393
                                                         Buffers: shared hit=3 read=9409
                                                         ->  Bitmap Index Scan on info_type_id_movie_info  (cost=0.00..13055.37 rows=1221191 width=0) (actual time=35.645..35.645 rows=1298989 loops=1)
                                                               Index Cond: (info_type_id = 4)
                                                               Buffers: shared read=1019
                                                   ->  Memoize  (cost=0.44..6.89 rows=1 width=8) (actual time=0.034..0.034 rows=0 loops=115516)
                                                         Cache Key: mi2.movie_id
                                                         Cache Mode: logical
                                                         Hits: 597  Misses: 114919  Evictions: 725  Overflows: 0  Memory Usage: 8193kB
                                                         Buffers: shared hit=433517 read=26159
                                                         ->  Index Scan using title_pkey on title t  (cost=0.43..6.88 rows=1 width=8) (actual time=0.033..0.033 rows=0 loops=114919)
                                                               Index Cond: (id = mi2.movie_id)
                                                               Filter: ((production_year <= 1975) AND (1925 < production_year))
                                                               Rows Removed by Filter: 1
                                                               Buffers: shared hit=433517 read=26159
                                             ->  Hash  (cost=1.10..1.10 rows=3 width=4) (actual time=0.022..0.022 rows=3 loops=1)
                                                   Buckets: 1024  Batches: 1  Memory Usage: 9kB
                                                   Buffers: shared hit=1
                                                   ->  Seq Scan on kind_type kt  (cost=0.00..1.10 rows=3 width=4) (actual time=0.008..0.010 rows=3 loops=1)
                                                         Filter: ((kind)::text = ANY ('{episode,movie,"tv movie"}'::text[]))
                                                         Rows Removed by Filter: 4
                                                         Buffers: shared hit=1
                                       ->  Index Scan using movie_id_movie_info on movie_info mi1  (cost=0.43..43.13 rows=1 width=8) (actual time=0.098..0.099 rows=0 loops=14134)
                                             Index Cond: (movie_id = t.id)
                                             Filter: ((info_type_id = 8) AND ((info)::text = ANY ('{"Hong Kong",Netherlands,Norway,USA}'::text[])))
                                             Rows Removed by Filter: 11
                                             Buffers: shared hit=118019 read=30748
                     ->  Index Scan using movie_id_cast_info on cast_info ci  (cost=0.44..44.50 rows=38 width=12) (actual time=0.037..0.197 rows=18 loops=3183)
                           Index Cond: (movie_id = t.id)
                           Buffers: shared hit=48183 read=16811
               ->  Hash  (cost=1.15..1.15 rows=2 width=4) (actual time=0.035..0.036 rows=2 loops=1)
                     Buckets: 1024  Batches: 1  Memory Usage: 9kB
                     Buffers: shared hit=1
                     ->  Seq Scan on role_type rt  (cost=0.00..1.15 rows=2 width=4) (actual time=0.027..0.028 rows=2 loops=1)
                           Filter: ((role)::text = ANY ('{"costume designer",editor}'::text[]))
                           Rows Removed by Filter: 10
                           Buffers: shared hit=1
         ->  Index Scan using name_pkey on name n  (cost=0.43..2.32 rows=1 width=4) (actual time=0.037..0.037 rows=0 loops=1660)
               Index Cond: (id = ci.person_id)
               Filter: ((gender)::text = 'm'::text)
               Rows Removed by Filter: 1
               Buffers: shared hit=5538 read=1102
 Planning:
   Buffers: shared hit=487 read=87
 Planning Time: 14.134 ms
 Execution Time: 6649.863 ms
(78 rows)

