                                                                                               QUERY PLAN                                                                                               
--------------------------------------------------------------------------------------------------------------------------------------------------------------------------------------------------------
 Aggregate  (cost=556720.96..556720.97 rows=1 width=8) (actual time=26365.673..26365.679 rows=1 loops=1)
   Buffers: shared hit=2373113 read=365664
   ->  Nested Loop  (cost=13061.60..556720.69 rows=109 width=0) (actual time=57.985..26361.897 rows=12967 loops=1)
         Buffers: shared hit=2373113 read=365664
         ->  Hash Join  (cost=13061.17..556333.33 rows=167 width=4) (actual time=42.464..24407.353 rows=50690 loops=1)
               Hash Cond: (ci.role_id = rt.id)
               Buffers: shared hit=2189168 read=346849
               ->  Nested Loop  (cost=13059.99..556328.59 rows=1003 width=8) (actual time=36.906..24197.838 rows=1167102 loops=1)
                     Buffers: shared hit=2189167 read=346849
                     ->  Nested Loop  (cost=13059.55..553269.75 rows=70 width=12) (actual time=36.869..11712.781 rows=50575 loops=1)
                           Buffers: shared hit=1118579 read=121437
                           ->  Seq Scan on info_type it2  (cost=0.00..2.41 rows=1 width=4) (actual time=0.023..0.032 rows=1 loops=1)
                                 Filter: (id = 4)
                                 Rows Removed by Filter: 112
                                 Buffers: shared hit=1
                           ->  Nested Loop  (cost=13059.55..553266.63 rows=70 width=16) (actual time=36.845..11700.042 rows=50575 loops=1)
                                 Buffers: shared hit=1118578 read=121437
                                 ->  Seq Scan on info_type it1  (cost=0.00..2.41 rows=1 width=4) (actual time=0.006..0.016 rows=1 loops=1)
                                       Filter: (id = 8)
                                       Rows Removed by Filter: 112
                                       Buffers: shared hit=1
                                 ->  Nested Loop  (cost=13059.55..553263.52 rows=70 width=20) (actual time=36.837..11686.832 rows=50575 loops=1)
                                       Buffers: shared hit=1118577 read=121437
                                       ->  Hash Join  (cost=13059.12..428307.58 rows=2955 width=12) (actual time=36.777..5399.964 rows=69161 loops=1)
                                             Hash Cond: (t.kind_id = kt.id)
                                             Buffers: shared hit=504490 read=36003
                                             ->  Nested Loop  (cost=13057.98..428277.39 rows=6894 width=16) (actual time=36.640..5358.730 rows=96823 loops=1)
                                                   Buffers: shared hit=504489 read=36003
                                                   ->  Bitmap Heap Scan on movie_info mi2  (cost=13057.54..370239.88 rows=8702 width=8) (actual time=36.593..524.215 rows=135901 loops=1)
                                                         Recheck Cond: (info_type_id = 4)
                                                         Filter: ((info)::text = ANY ('{French,German,Russian}'::text[]))
                                                         Rows Removed by Filter: 1163088
                                                         Heap Blocks: exact=8393
                                                         Buffers: shared hit=58 read=9354
                                                         ->  Bitmap Index Scan on info_type_id_movie_info  (cost=0.00..13055.37 rows=1221191 width=0) (actual time=34.545..34.545 rows=1298989 loops=1)
                                                               Index Cond: (info_type_id = 4)
                                                               Buffers: shared read=1019
                                                   ->  Memoize  (cost=0.44..6.73 rows=1 width=8) (actual time=0.035..0.035 rows=1 loops=135901)
                                                         Cache Key: mi2.movie_id
                                                         Cache Mode: logical
                                                         Hits: 3131  Misses: 132770  Evictions: 45544  Overflows: 0  Memory Usage: 8193kB
                                                         Buffers: shared hit=504431 read=26649
                                                         ->  Index Scan using title_pkey on title t  (cost=0.43..6.72 rows=1 width=8) (actual time=0.034..0.034 rows=1 loops=132770)
                                                               Index Cond: (id = mi2.movie_id)
                                                               Filter: ((production_year <= 2015) AND (1975 < production_year))
                                                               Rows Removed by Filter: 0
                                                               Buffers: shared hit=504431 read=26649
                                             ->  Hash  (cost=1.10..1.10 rows=3 width=4) (actual time=0.013..0.013 rows=3 loops=1)
                                                   Buckets: 1024  Batches: 1  Memory Usage: 9kB
                                                   Buffers: shared hit=1
                                                   ->  Seq Scan on kind_type kt  (cost=0.00..1.10 rows=3 width=4) (actual time=0.006..0.008 rows=3 loops=1)
                                                         Filter: ((kind)::text = ANY ('{episode,movie,"video movie"}'::text[]))
                                                         Rows Removed by Filter: 4
                                                         Buffers: shared hit=1
                                       ->  Index Scan using movie_id_movie_info on movie_info mi1  (cost=0.43..42.28 rows=1 width=8) (actual time=0.085..0.090 rows=1 loops=69161)
                                             Index Cond: (movie_id = t.id)
                                             Filter: ((info_type_id = 8) AND ((info)::text = ANY ('{France,Germany,USA}'::text[])))
                                             Rows Removed by Filter: 13
                                             Buffers: shared hit=614087 read=85434
                     ->  Index Scan using movie_id_cast_info on cast_info ci  (cost=0.44..43.32 rows=38 width=12) (actual time=0.035..0.240 rows=23 loops=50575)
                           Index Cond: (movie_id = t.id)
                           Buffers: shared hit=1070588 read=225412
               ->  Hash  (cost=1.15..1.15 rows=2 width=4) (actual time=0.025..0.025 rows=2 loops=1)
                     Buckets: 1024  Batches: 1  Memory Usage: 9kB
                     Buffers: shared hit=1
                     ->  Seq Scan on role_type rt  (cost=0.00..1.15 rows=2 width=4) (actual time=0.019..0.020 rows=2 loops=1)
                           Filter: ((role)::text = ANY ('{editor,"production designer"}'::text[]))
                           Rows Removed by Filter: 10
                           Buffers: shared hit=1
         ->  Index Scan using name_pkey on name n  (cost=0.43..2.32 rows=1 width=4) (actual time=0.038..0.038 rows=0 loops=50690)
               Index Cond: (id = ci.person_id)
               Filter: ((gender)::text = ANY ('{f,m}'::text[]))
               Rows Removed by Filter: 1
               Buffers: shared hit=183945 read=18815
 Planning:
   Buffers: shared hit=529 read=45
 Planning Time: 12.484 ms
 Execution Time: 26367.952 ms
(78 rows)

