                                                                                               QUERY PLAN                                                                                               
--------------------------------------------------------------------------------------------------------------------------------------------------------------------------------------------------------
 Aggregate  (cost=516660.15..516660.16 rows=1 width=8) (actual time=10920.924..10920.932 rows=1 loops=1)
   Buffers: shared hit=966199 read=101530
   ->  Nested Loop  (cost=14217.65..516660.09 rows=27 width=0) (actual time=526.790..10920.233 rows=1909 loops=1)
         Buffers: shared hit=966199 read=101530
         ->  Hash Join  (cost=14217.22..516564.99 rows=41 width=4) (actual time=102.435..10629.180 rows=7769 loops=1)
               Hash Cond: (ci.role_id = rt.id)
               Buffers: shared hit=937199 read=99454
               ->  Nested Loop  (cost=14216.05..516562.95 rows=244 width=8) (actual time=45.225..10597.221 rows=161353 loops=1)
                     Buffers: shared hit=937198 read=99454
                     ->  Nested Loop  (cost=14215.61..515805.53 rows=17 width=12) (actual time=45.189..8679.239 rows=8303 loops=1)
                           Buffers: shared hit=780858 read=72289
                           ->  Seq Scan on info_type it2  (cost=0.00..2.41 rows=1 width=4) (actual time=0.026..0.038 rows=1 loops=1)
                                 Filter: (id = 4)
                                 Rows Removed by Filter: 112
                                 Buffers: shared hit=1
                           ->  Nested Loop  (cost=14215.61..515802.94 rows=17 width=16) (actual time=45.161..8677.013 rows=8303 loops=1)
                                 Buffers: shared hit=780857 read=72289
                                 ->  Seq Scan on info_type it1  (cost=0.00..2.41 rows=1 width=4) (actual time=0.007..0.020 rows=1 loops=1)
                                       Filter: (id = 8)
                                       Rows Removed by Filter: 112
                                       Buffers: shared hit=1
                                 ->  Nested Loop  (cost=14215.61..515800.36 rows=17 width=20) (actual time=45.151..8674.568 rows=8303 loops=1)
                                       Buffers: shared hit=780856 read=72289
                                       ->  Hash Join  (cost=14215.17..487986.55 rows=645 width=12) (actual time=44.063..5116.980 rows=40559 loops=1)
                                             Hash Cond: (t.kind_id = kt.id)
                                             Buffers: shared hit=459561 read=26401
                                             ->  Nested Loop  (cost=14214.04..487979.07 rows=1505 width=16) (actual time=37.234..5095.845 rows=41254 loops=1)
                                                   Buffers: shared hit=459560 read=26401
                                                   ->  Bitmap Heap Scan on movie_info mi1  (cost=14213.60..431978.67 rows=8324 width=8) (actual time=36.638..715.970 rows=120710 loops=1)
                                                         Recheck Cond: (info_type_id = 8)
                                                         Filter: ((info)::text = ANY ('{France,"Hong Kong",Hungary,India,Norway,Romania,Sweden}'::text[]))
                                                         Rows Removed by Filter: 1204651
                                                         Heap Blocks: exact=7853
                                                         Buffers: shared hit=1138 read=7755
                                                         ->  Bitmap Index Scan on info_type_id_movie_info  (cost=0.00..14211.52 rows=1329478 width=0) (actual time=35.599..35.599 rows=1325361 loops=1)
                                                               Index Cond: (info_type_id = 8)
                                                               Buffers: shared read=1040
                                                   ->  Memoize  (cost=0.44..6.79 rows=1 width=8) (actual time=0.036..0.036 rows=0 loops=120710)
                                                         Cache Key: mi1.movie_id
                                                         Cache Mode: logical
                                                         Hits: 1443  Misses: 119267  Evictions: 18479  Overflows: 0  Memory Usage: 8193kB
                                                         Buffers: shared hit=458422 read=18646
                                                         ->  Index Scan using title_pkey on title t  (cost=0.43..6.78 rows=1 width=8) (actual time=0.035..0.035 rows=0 loops=119267)
                                                               Index Cond: (id = mi1.movie_id)
                                                               Filter: ((production_year <= 1975) AND (1875 < production_year))
                                                               Rows Removed by Filter: 1
                                                               Buffers: shared hit=458422 read=18646
                                             ->  Hash  (cost=1.10..1.10 rows=3 width=4) (actual time=0.015..0.016 rows=3 loops=1)
                                                   Buckets: 1024  Batches: 1  Memory Usage: 9kB
                                                   Buffers: shared hit=1
                                                   ->  Seq Scan on kind_type kt  (cost=0.00..1.10 rows=3 width=4) (actual time=0.008..0.009 rows=3 loops=1)
                                                         Filter: ((kind)::text = ANY ('{episode,movie,"tv movie"}'::text[]))
                                                         Rows Removed by Filter: 4
                                                         Buffers: shared hit=1
                                       ->  Index Scan using movie_id_movie_info on movie_info mi2  (cost=0.43..43.11 rows=1 width=8) (actual time=0.075..0.087 rows=0 loops=40559)
                                             Index Cond: (movie_id = t.id)
                                             Filter: ((info_type_id = 4) AND ((info)::text = ANY ('{Cantonese,English,Hungarian,Italian,Norwegian,Romanian,Swedish,Telugu}'::text[])))
                                             Rows Removed by Filter: 9
                                             Buffers: shared hit=321295 read=45888
                     ->  Index Scan using movie_id_cast_info on cast_info ci  (cost=0.44..44.17 rows=38 width=12) (actual time=0.041..0.225 rows=19 loops=8303)
                           Index Cond: (movie_id = t.id)
                           Buffers: shared hit=156340 read=27165
               ->  Hash  (cost=1.15..1.15 rows=2 width=4) (actual time=0.030..0.030 rows=2 loops=1)
                     Buckets: 1024  Batches: 1  Memory Usage: 9kB
                     Buffers: shared hit=1
                     ->  Seq Scan on role_type rt  (cost=0.00..1.15 rows=2 width=4) (actual time=0.022..0.024 rows=2 loops=1)
                           Filter: ((role)::text = ANY ('{cinematographer,"costume designer"}'::text[]))
                           Rows Removed by Filter: 10
                           Buffers: shared hit=1
         ->  Index Scan using name_pkey on name n  (cost=0.43..2.32 rows=1 width=4) (actual time=0.037..0.037 rows=0 loops=7769)
               Index Cond: (id = ci.person_id)
               Filter: ((gender)::text = ANY ('{f,m}'::text[]))
               Rows Removed by Filter: 1
               Buffers: shared hit=29000 read=2076
 Planning:
   Buffers: shared hit=486 read=88
 Planning Time: 13.167 ms
 Execution Time: 10923.790 ms
(78 rows)

