                                                                                               QUERY PLAN                                                                                               
--------------------------------------------------------------------------------------------------------------------------------------------------------------------------------------------------------
 Aggregate  (cost=562969.76..562969.77 rows=1 width=8) (actual time=18089.133..18089.141 rows=1 loops=1)
   Buffers: shared hit=1655430 read=220320
   ->  Nested Loop  (cost=14217.40..562969.43 rows=131 width=0) (actual time=49.213..18084.402 rows=21503 loops=1)
         Buffers: shared hit=1655430 read=220320
         ->  Hash Join  (cost=14216.97..562503.20 rows=201 width=4) (actual time=49.164..16559.882 rows=40137 loops=1)
               Hash Cond: (ci.role_id = rt.id)
               Buffers: shared hit=1512655 read=202547
               ->  Nested Loop  (cost=14215.79..562497.76 rows=1204 width=8) (actual time=48.908..16431.974 rows=665815 loops=1)
                     Buffers: shared hit=1512654 read=202547
                     ->  Nested Loop  (cost=14215.35..558830.34 rows=84 width=12) (actual time=48.877..8848.874 rows=46392 loops=1)
                           Buffers: shared hit=840307 read=86013
                           ->  Seq Scan on info_type it2  (cost=0.00..2.41 rows=1 width=4) (actual time=0.026..0.037 rows=1 loops=1)
                                 Filter: (id = 4)
                                 Rows Removed by Filter: 112
                                 Buffers: shared hit=1
                           ->  Nested Loop  (cost=14215.35..558827.09 rows=84 width=16) (actual time=48.849..8836.550 rows=46392 loops=1)
                                 Buffers: shared hit=840306 read=86013
                                 ->  Seq Scan on info_type it1  (cost=0.00..2.41 rows=1 width=4) (actual time=0.007..0.020 rows=1 loops=1)
                                       Filter: (id = 8)
                                       Rows Removed by Filter: 112
                                       Buffers: shared hit=1
                                 ->  Nested Loop  (cost=14215.35..558823.84 rows=84 width=20) (actual time=48.839..8824.477 rows=46392 loops=1)
                                       Buffers: shared hit=840305 read=86013
                                       ->  Hash Join  (cost=14214.92..436608.01 rows=2878 width=12) (actual time=34.613..3465.402 rows=66382 loops=1)
                                             Hash Cond: (t.kind_id = kt.id)
                                             Buffers: shared hit=299902 read=27452
                                             ->  Nested Loop  (cost=14213.78..436578.57 rows=6716 width=16) (actual time=34.440..3429.896 rows=78545 loops=1)
                                                   Buffers: shared hit=299901 read=27452
                                                   ->  Bitmap Heap Scan on movie_info mi1  (cost=14213.34..386808.64 rows=7205 width=8) (actual time=34.408..433.195 rows=80492 loops=1)
                                                         Recheck Cond: (info_type_id = 8)
                                                         Filter: ((info)::text = ANY ('{Albania,Austria,China,Cuba,Greece,Iceland,Indonesia,Spain,Switzerland}'::text[]))
                                                         Rows Removed by Filter: 1244869
                                                         Heap Blocks: exact=7853
                                                         Buffers: shared hit=346 read=8547
                                                         ->  Bitmap Index Scan on info_type_id_movie_info  (cost=0.00..14211.52 rows=1329478 width=0) (actual time=33.398..33.398 rows=1325361 loops=1)
                                                               Index Cond: (info_type_id = 8)
                                                               Buffers: shared read=1040
                                                   ->  Memoize  (cost=0.44..6.96 rows=1 width=8) (actual time=0.037..0.037 rows=1 loops=80492)
                                                         Cache Key: mi1.movie_id
                                                         Cache Mode: logical
                                                         Hits: 877  Misses: 79615  Evictions: 1225  Overflows: 0  Memory Usage: 8193kB
                                                         Buffers: shared hit=299555 read=18905
                                                         ->  Index Scan using title_pkey on title t  (cost=0.43..6.95 rows=1 width=8) (actual time=0.035..0.035 rows=1 loops=79615)
                                                               Index Cond: (id = mi1.movie_id)
                                                               Filter: ((production_year <= 2015) AND (1925 < production_year))
                                                               Rows Removed by Filter: 0
                                                               Buffers: shared hit=299555 read=18905
                                             ->  Hash  (cost=1.10..1.10 rows=3 width=4) (actual time=0.016..0.017 rows=3 loops=1)
                                                   Buckets: 1024  Batches: 1  Memory Usage: 9kB
                                                   Buffers: shared hit=1
                                                   ->  Seq Scan on kind_type kt  (cost=0.00..1.10 rows=3 width=4) (actual time=0.007..0.008 rows=3 loops=1)
                                                         Filter: ((kind)::text = ANY ('{episode,movie,"video movie"}'::text[]))
                                                         Rows Removed by Filter: 4
                                                         Buffers: shared hit=1
                                       ->  Index Scan using movie_id_movie_info on movie_info mi2  (cost=0.43..42.46 rows=1 width=8) (actual time=0.057..0.080 rows=1 loops=66382)
                                             Index Cond: (movie_id = t.id)
                                             Filter: ((info_type_id = 4) AND ((info)::text = ANY ('{Albanian,English,French,Galician,Icelandic,Indonesian,Spanish}'::text[])))
                                             Rows Removed by Filter: 8
                                             Buffers: shared hit=540403 read=58561
                     ->  Index Scan using movie_id_cast_info on cast_info ci  (cost=0.44..43.28 rows=38 width=12) (actual time=0.036..0.159 rows=14 loops=46392)
                           Index Cond: (movie_id = t.id)
                           Buffers: shared hit=672347 read=116534
               ->  Hash  (cost=1.15..1.15 rows=2 width=4) (actual time=0.028..0.029 rows=2 loops=1)
                     Buckets: 1024  Batches: 1  Memory Usage: 9kB
                     Buffers: shared hit=1
                     ->  Seq Scan on role_type rt  (cost=0.00..1.15 rows=2 width=4) (actual time=0.022..0.023 rows=2 loops=1)
                           Filter: ((role)::text = ANY ('{director,"production designer"}'::text[]))
                           Rows Removed by Filter: 10
                           Buffers: shared hit=1
         ->  Index Scan using name_pkey on name n  (cost=0.43..2.32 rows=1 width=4) (actual time=0.037..0.037 rows=1 loops=40137)
               Index Cond: (id = ci.person_id)
               Filter: ((gender)::text = ANY ('{f,m}'::text[]))
               Rows Removed by Filter: 0
               Buffers: shared hit=142775 read=17773
 Planning:
   Buffers: shared hit=521 read=56
 Planning Time: 10.898 ms
 Execution Time: 18091.381 ms
(78 rows)

