                                                                                                   QUERY PLAN                                                                                                   
----------------------------------------------------------------------------------------------------------------------------------------------------------------------------------------------------------------
 Aggregate  (cost=888346.94..888346.95 rows=1 width=8) (actual time=4819.791..4819.801 rows=1 loops=1)
   Buffers: shared hit=315563 read=80479, temp read=8914 written=8914
   ->  Nested Loop  (cost=487636.99..888346.52 rows=169 width=0) (actual time=1434.304..4817.952 rows=10077 loops=1)
         Buffers: shared hit=315563 read=80479, temp read=8914 written=8914
         ->  Seq Scan on info_type it2  (cost=0.00..2.41 rows=1 width=4) (actual time=0.050..0.060 rows=1 loops=1)
               Filter: (id = 4)
               Rows Removed by Filter: 112
               Buffers: shared hit=1
         ->  Nested Loop  (cost=487636.99..888342.42 rows=169 width=4) (actual time=1434.252..4816.074 rows=10077 loops=1)
               Buffers: shared hit=315562 read=80479, temp read=8914 written=8914
               ->  Seq Scan on info_type it1  (cost=0.00..2.41 rows=1 width=4) (actual time=0.014..0.027 rows=1 loops=1)
                     Filter: (id = 8)
                     Rows Removed by Filter: 112
                     Buffers: shared hit=1
               ->  Nested Loop  (cost=487636.99..888338.31 rows=169 width=8) (actual time=1434.237..4814.086 rows=10077 loops=1)
                     Join Filter: (t.id = mi2.movie_id)
                     Buffers: shared hit=315561 read=80479, temp read=8914 written=8914
                     ->  Nested Loop  (cost=487636.55..653605.76 rows=5525 width=16) (actual time=1434.156..3420.462 rows=9951 loops=1)
                           Buffers: shared hit=214906 read=44274, temp read=8914 written=8914
                           ->  Hash Join  (cost=487636.12..623057.69 rows=13170 width=20) (actual time=1432.598..1717.291 rows=52928 loops=1)
                                 Hash Cond: (ci.movie_id = t.id)
                                 Buffers: shared hit=10896 read=36572, temp read=8914 written=8914
                                 ->  Nested Loop  (cost=0.44..123965.00 rows=3020080 width=8) (actual time=0.108..128.568 rows=316118 loops=1)
                                       Buffers: shared hit=512 read=1671
                                       ->  Seq Scan on role_type rt  (cost=0.00..1.15 rows=1 width=4) (actual time=0.010..0.012 rows=1 loops=1)
                                             Filter: ((role)::text = 'production designer'::text)
                                             Rows Removed by Filter: 11
                                             Buffers: shared hit=1
                                       ->  Index Scan using role_id_cast_info on cast_info ci  (cost=0.44..91017.52 rows=3294633 width=12) (actual time=0.095..82.931 rows=316118 loops=1)
                                             Index Cond: (role_id = rt.id)
                                             Buffers: shared hit=511 read=1671
                                 ->  Hash  (cost=487497.86..487497.86 rows=11026 width=12) (actual time=1432.273..1432.278 rows=206845 loops=1)
                                       Buckets: 262144 (originally 16384)  Batches: 2 (originally 1)  Memory Usage: 6506kB
                                       Buffers: shared hit=10384 read=34901, temp read=7970 written=8372
                                       ->  Hash Join  (cost=111062.52..487497.86 rows=11026 width=12) (actual time=953.835..1398.387 rows=206845 loops=1)
                                             Hash Cond: (mi1.movie_id = t.id)
                                             Buffers: shared hit=10384 read=34901, temp read=7970 written=7970
                                             ->  Bitmap Heap Scan on movie_info mi1  (cost=14219.67..386814.97 rows=32476 width=8) (actual time=37.780..236.070 rows=355807 loops=1)
                                                   Recheck Cond: (info_type_id = 8)
                                                   Filter: ((info)::text = ANY ('{Brazil,Canada,"Czech Republic",Germany,"Hong Kong",India,Italy,Mexico,Nigeria,Poland,"Soviet Union",UK,Yugoslavia}'::text[]))
                                                   Rows Removed by Filter: 969554
                                                   Heap Blocks: exact=7853
                                                   Buffers: shared hit=1732 read=7161
                                                   ->  Bitmap Index Scan on info_type_id_movie_info  (cost=0.00..14211.52 rows=1329478 width=0) (actual time=36.795..36.795 rows=1325361 loops=1)
                                                         Index Cond: (info_type_id = 8)
                                                         Buffers: shared read=1040
                                             ->  Hash  (cost=82758.38..82758.38 rows=858437 width=4) (actual time=914.875..914.878 rows=1830466 loops=1)
                                                   Buckets: 262144 (originally 262144)  Batches: 16 (originally 8)  Memory Usage: 6145kB
                                                   Buffers: shared hit=8652 read=27740, temp written=5019
                                                   ->  Hash Join  (cost=1.13..82758.38 rows=858437 width=4) (actual time=0.045..672.595 rows=1830466 loops=1)
                                                         Hash Cond: (t.kind_id = kt.id)
                                                         Buffers: shared hit=8652 read=27740
                                                         ->  Seq Scan on title t  (cost=0.00..74315.95 rows=2003019 width=8) (actual time=0.025..452.937 rows=2004612 loops=1)
                                                               Filter: ((production_year <= 2015) AND (1975 < production_year))
                                                               Rows Removed by Filter: 523700
                                                               Buffers: shared hit=8651 read=27740
                                                         ->  Hash  (cost=1.10..1.10 rows=3 width=4) (actual time=0.016..0.017 rows=3 loops=1)
                                                               Buckets: 1024  Batches: 1  Memory Usage: 9kB
                                                               Buffers: shared hit=1
                                                               ->  Seq Scan on kind_type kt  (cost=0.00..1.10 rows=3 width=4) (actual time=0.008..0.009 rows=3 loops=1)
                                                                     Filter: ((kind)::text = ANY ('{episode,movie,"video movie"}'::text[]))
                                                                     Rows Removed by Filter: 4
                                                                     Buffers: shared hit=1
                           ->  Index Scan using name_pkey on name n  (cost=0.43..2.32 rows=1 width=4) (actual time=0.032..0.032 rows=0 loops=52928)
                                 Index Cond: (id = ci.person_id)
                                 Filter: ((gender)::text = 'm'::text)
                                 Rows Removed by Filter: 1
                                 Buffers: shared hit=204010 read=7702
                     ->  Index Scan using movie_id_movie_info on movie_info mi2  (cost=0.43..42.47 rows=1 width=8) (actual time=0.058..0.139 rows=1 loops=9951)
                           Index Cond: (movie_id = ci.movie_id)
                           Filter: ((info_type_id = 4) AND ((info)::text = ANY ('{Cantonese,Czech,English,French,Italian,Polish,Portuguese,Russian,Serbo-Croatian,Spanish}'::text[])))
                           Rows Removed by Filter: 41
                           Buffers: shared hit=100655 read=36205
 Planning:
   Buffers: shared hit=485 read=92
 Planning Time: 14.516 ms
 Execution Time: 4820.562 ms
(77 rows)

