                                                                                               QUERY PLAN                                                                                               
--------------------------------------------------------------------------------------------------------------------------------------------------------------------------------------------------------
 Aggregate  (cost=407047.61..407047.62 rows=1 width=8) (actual time=2334.901..2334.907 rows=1 loops=1)
   Buffers: shared hit=226807 read=14363
   ->  Nested Loop  (cost=13060.32..407047.60 rows=1 width=0) (actual time=41.090..2334.799 rows=670 loops=1)
         Buffers: shared hit=226807 read=14363
         ->  Hash Join  (cost=13059.89..407042.96 rows=2 width=4) (actual time=41.060..2311.593 rows=683 loops=1)
               Hash Cond: (ci.role_id = rt.id)
               Buffers: shared hit=224859 read=13579
               ->  Nested Loop  (cost=13058.72..407041.74 rows=14 width=8) (actual time=40.994..2311.186 rows=1341 loops=1)
                     Buffers: shared hit=224858 read=13579
                     ->  Nested Loop  (cost=13058.28..406996.86 rows=1 width=12) (actual time=40.950..2294.362 rows=152 loops=1)
                           Buffers: shared hit=223969 read=12714
                           ->  Nested Loop  (cost=13058.28..406994.44 rows=1 width=16) (actual time=40.945..2291.675 rows=152 loops=1)
                                 Buffers: shared hit=223817 read=12714
                                 ->  Nested Loop  (cost=13058.28..406992.02 rows=1 width=20) (actual time=40.924..2289.533 rows=152 loops=1)
                                       Buffers: shared hit=223665 read=12714
                                       ->  Hash Join  (cost=13057.84..397642.37 rows=217 width=12) (actual time=38.285..2247.290 rows=575 loops=1)
                                             Hash Cond: (t.kind_id = kt.id)
                                             Buffers: shared hit=219329 read=11892
                                             ->  Nested Loop  (cost=13056.71..397639.11 rows=505 width=16) (actual time=38.240..2244.521 rows=12061 loops=1)
                                                   Buffers: shared hit=219328 read=11892
                                                   ->  Bitmap Heap Scan on movie_info mi2  (cost=13056.27..370238.61 rows=3613 width=8) (actual time=38.177..438.161 rows=55850 loops=1)
                                                         Recheck Cond: (info_type_id = 4)
                                                         Filter: ((info)::text = ANY ('{Dutch,Italian,Mandarin}'::text[]))
                                                         Rows Removed by Filter: 1243139
                                                         Heap Blocks: exact=8393
                                                         Buffers: shared hit=4247 read=5165
                                                         ->  Bitmap Index Scan on info_type_id_movie_info  (cost=0.00..13055.37 rows=1221191 width=0) (actual time=36.082..36.082 rows=1298989 loops=1)
                                                               Index Cond: (info_type_id = 4)
                                                               Buffers: shared read=1019
                                                   ->  Memoize  (cost=0.44..7.61 rows=1 width=8) (actual time=0.032..0.032 rows=0 loops=55850)
                                                         Cache Key: mi2.movie_id
                                                         Cache Mode: logical
                                                         Hits: 398  Misses: 55452  Evictions: 0  Overflows: 0  Memory Usage: 4151kB
                                                         Buffers: shared hit=215081 read=6727
                                                         ->  Index Scan using title_pkey on title t  (cost=0.43..7.60 rows=1 width=8) (actual time=0.031..0.031 rows=0 loops=55452)
                                                               Index Cond: (id = mi2.movie_id)
                                                               Filter: ((production_year <= 1975) AND (1925 < production_year))
                                                               Rows Removed by Filter: 1
                                                               Buffers: shared hit=215081 read=6727
                                             ->  Hash  (cost=1.10..1.10 rows=3 width=4) (actual time=0.017..0.018 rows=3 loops=1)
                                                   Buckets: 1024  Batches: 1  Memory Usage: 9kB
                                                   Buffers: shared hit=1
                                                   ->  Seq Scan on kind_type kt  (cost=0.00..1.10 rows=3 width=4) (actual time=0.011..0.013 rows=3 loops=1)
                                                         Filter: ((kind)::text = ANY ('{"tv series","video game","video movie"}'::text[]))
                                                         Rows Removed by Filter: 4
                                                         Buffers: shared hit=1
                                       ->  Index Scan using movie_id_movie_info on movie_info mi1  (cost=0.43..43.08 rows=1 width=8) (actual time=0.070..0.073 rows=0 loops=575)
                                             Index Cond: (movie_id = t.id)
                                             Filter: ((info_type_id = 8) AND ((info)::text = ANY ('{France,"Hong Kong",Netherlands}'::text[])))
                                             Rows Removed by Filter: 8
                                             Buffers: shared hit=4336 read=822
                                 ->  Seq Scan on info_type it1  (cost=0.00..2.41 rows=1 width=4) (actual time=0.006..0.012 rows=1 loops=152)
                                       Filter: (id = 8)
                                       Rows Removed by Filter: 112
                                       Buffers: shared hit=152
                           ->  Seq Scan on info_type it2  (cost=0.00..2.41 rows=1 width=4) (actual time=0.010..0.016 rows=1 loops=152)
                                 Filter: (id = 4)
                                 Rows Removed by Filter: 112
                                 Buffers: shared hit=152
                     ->  Index Scan using movie_id_cast_info on cast_info ci  (cost=0.44..44.50 rows=38 width=12) (actual time=0.035..0.108 rows=9 loops=152)
                           Index Cond: (movie_id = t.id)
                           Buffers: shared hit=889 read=865
               ->  Hash  (cost=1.15..1.15 rows=2 width=4) (actual time=0.040..0.041 rows=2 loops=1)
                     Buckets: 1024  Batches: 1  Memory Usage: 9kB
                     Buffers: shared hit=1
                     ->  Seq Scan on role_type rt  (cost=0.00..1.15 rows=2 width=4) (actual time=0.027..0.030 rows=2 loops=1)
                           Filter: ((role)::text = ANY ('{actor,composer}'::text[]))
                           Rows Removed by Filter: 10
                           Buffers: shared hit=1
         ->  Index Scan using name_pkey on name n  (cost=0.43..2.32 rows=1 width=4) (actual time=0.033..0.033 rows=1 loops=683)
               Index Cond: (id = ci.person_id)
               Filter: ((gender)::text = 'm'::text)
               Rows Removed by Filter: 0
               Buffers: shared hit=1948 read=784
 Planning:
   Buffers: shared hit=529 read=45
 Planning Time: 12.852 ms
 Execution Time: 2336.090 ms
(78 rows)

