                                                                                               QUERY PLAN                                                                                               
--------------------------------------------------------------------------------------------------------------------------------------------------------------------------------------------------------
 Aggregate  (cost=510404.20..510404.21 rows=1 width=8) (actual time=4711.915..4711.924 rows=1 loops=1)
   Buffers: shared hit=473258 read=11065
   ->  Nested Loop  (cost=14218.14..510404.15 rows=20 width=0) (actual time=84.207..4711.906 rows=15 loops=1)
         Buffers: shared hit=473258 read=11065
         ->  Seq Scan on info_type it2  (cost=0.00..2.41 rows=1 width=4) (actual time=0.050..0.061 rows=1 loops=1)
               Filter: (id = 4)
               Rows Removed by Filter: 112
               Buffers: shared hit=1
         ->  Nested Loop  (cost=14218.14..510401.54 rows=20 width=4) (actual time=84.156..4711.837 rows=15 loops=1)
               Buffers: shared hit=473257 read=11065
               ->  Seq Scan on info_type it1  (cost=0.00..2.41 rows=1 width=4) (actual time=0.013..0.026 rows=1 loops=1)
                     Filter: (id = 8)
                     Rows Removed by Filter: 112
                     Buffers: shared hit=1
               ->  Nested Loop  (cost=14218.14..510398.93 rows=20 width=8) (actual time=84.139..4711.801 rows=15 loops=1)
                     Buffers: shared hit=473256 read=11065
                     ->  Hash Join  (cost=14217.71..510327.02 rows=31 width=12) (actual time=37.702..4710.140 rows=59 loops=1)
                           Hash Cond: (ci.role_id = rt.id)
                           Buffers: shared hit=473085 read=11000
                           ->  Nested Loop  (cost=14216.55..510324.54 rows=373 width=16) (actual time=35.719..4708.865 rows=8496 loops=1)
                                 Buffers: shared hit=473084 read=11000
                                 ->  Nested Loop  (cost=14216.11..509170.81 rows=26 width=20) (actual time=35.689..4606.867 rows=631 loops=1)
                                       Buffers: shared hit=466556 read=7370
                                       ->  Hash Join  (cost=14215.67..468252.50 rows=955 width=12) (actual time=35.637..4466.379 rows=1953 loops=1)
                                             Hash Cond: (t.kind_id = kt.id)
                                             Buffers: shared hit=451041 read=5581
                                             ->  Nested Loop  (cost=14214.54..468241.98 rows=2227 width=16) (actual time=35.593..4457.562 rows=35460 loops=1)
                                                   Buffers: shared hit=451040 read=5581
                                                   ->  Bitmap Heap Scan on movie_info mi1  (cost=14214.10..401865.99 rows=10315 width=8) (actual time=35.283..568.524 rows=113106 loops=1)
                                                         Recheck Cond: (info_type_id = 8)
                                                         Filter: ((info)::text = ANY ('{Austria,Czechoslovakia,France,India,Portugal}'::text[]))
                                                         Rows Removed by Filter: 1212255
                                                         Heap Blocks: exact=7853
                                                         Buffers: shared hit=8893
                                                         ->  Bitmap Index Scan on info_type_id_movie_info  (cost=0.00..14211.52 rows=1329478 width=0) (actual time=34.244..34.244 rows=1325361 loops=1)
                                                               Index Cond: (info_type_id = 8)
                                                               Buffers: shared hit=1040
                                                   ->  Memoize  (cost=0.44..6.51 rows=1 width=8) (actual time=0.034..0.034 rows=0 loops=113106)
                                                         Cache Key: mi1.movie_id
                                                         Cache Mode: logical
                                                         Hits: 1174  Misses: 111932  Evictions: 8121  Overflows: 0  Memory Usage: 8193kB
                                                         Buffers: shared hit=442147 read=5581
                                                         ->  Index Scan using title_pkey on title t  (cost=0.43..6.50 rows=1 width=8) (actual time=0.033..0.033 rows=0 loops=111932)
                                                               Index Cond: (id = mi1.movie_id)
                                                               Filter: ((production_year <= 1990) AND (1950 < production_year))
                                                               Rows Removed by Filter: 1
                                                               Buffers: shared hit=442147 read=5581
                                             ->  Hash  (cost=1.10..1.10 rows=3 width=4) (actual time=0.020..0.021 rows=3 loops=1)
                                                   Buckets: 1024  Batches: 1  Memory Usage: 9kB
                                                   Buffers: shared hit=1
                                                   ->  Seq Scan on kind_type kt  (cost=0.00..1.10 rows=3 width=4) (actual time=0.010..0.012 rows=3 loops=1)
                                                         Filter: ((kind)::text = ANY ('{"tv series","video game","video movie"}'::text[]))
                                                         Rows Removed by Filter: 4
                                                         Buffers: shared hit=1
                                       ->  Index Scan using movie_id_movie_info on movie_info mi2  (cost=0.43..42.84 rows=1 width=8) (actual time=0.067..0.071 rows=0 loops=1953)
                                             Index Cond: (movie_id = t.id)
                                             Filter: ((info_type_id = 4) AND ((info)::text = ANY ('{Czech,English,German,Portuguese,Telugu}'::text[])))
                                             Rows Removed by Filter: 7
                                             Buffers: shared hit=15515 read=1789
                                 ->  Index Scan using movie_id_cast_info on cast_info ci  (cost=0.44..43.99 rows=38 width=12) (actual time=0.039..0.158 rows=13 loops=631)
                                       Index Cond: (movie_id = t.id)
                                       Buffers: shared hit=6528 read=3630
                           ->  Hash  (cost=1.15..1.15 rows=1 width=4) (actual time=0.019..0.020 rows=1 loops=1)
                                 Buckets: 1024  Batches: 1  Memory Usage: 9kB
                                 Buffers: shared hit=1
                                 ->  Seq Scan on role_type rt  (cost=0.00..1.15 rows=1 width=4) (actual time=0.011..0.013 rows=1 loops=1)
                                       Filter: ((role)::text = 'costume designer'::text)
                                       Rows Removed by Filter: 11
                                       Buffers: shared hit=1
                     ->  Index Scan using name_pkey on name n  (cost=0.43..2.32 rows=1 width=4) (actual time=0.027..0.027 rows=0 loops=59)
                           Index Cond: (id = ci.person_id)
                           Filter: ((gender)::text = ANY ('{f,m}'::text[]))
                           Rows Removed by Filter: 1
                           Buffers: shared hit=171 read=65
 Planning:
   Buffers: shared hit=574
 Planning Time: 12.756 ms
 Execution Time: 4715.204 ms
(78 rows)

