                                                                                                  QUERY PLAN                                                                                                  
--------------------------------------------------------------------------------------------------------------------------------------------------------------------------------------------------------------
 Aggregate  (cost=887061.65..887061.66 rows=1 width=8) (actual time=128878.097..128878.106 rows=1 loops=1)
   Buffers: shared hit=11691459 read=1486631, temp read=8701 written=8673
   ->  Nested Loop  (cost=813122.53..887060.98 rows=271 width=0) (actual time=991.876..128836.126 rows=166594 loops=1)
         Buffers: shared hit=11691459 read=1486631, temp read=8701 written=8673
         ->  Seq Scan on info_type it2  (cost=0.00..2.41 rows=1 width=4) (actual time=0.047..0.062 rows=1 loops=1)
               Filter: (id = 4)
               Rows Removed by Filter: 112
               Buffers: shared hit=1
         ->  Nested Loop  (cost=813122.53..887055.85 rows=271 width=4) (actual time=991.827..128796.999 rows=166594 loops=1)
               Buffers: shared hit=11691458 read=1486631, temp read=8701 written=8673
               ->  Seq Scan on info_type it1  (cost=0.00..2.41 rows=1 width=4) (actual time=0.009..0.026 rows=1 loops=1)
                     Filter: (id = 8)
                     Rows Removed by Filter: 112
                     Buffers: shared hit=1
               ->  Nested Loop  (cost=813122.53..887050.73 rows=271 width=8) (actual time=991.816..128756.623 rows=166594 loops=1)
                     Buffers: shared hit=11691457 read=1486631, temp read=8701 written=8673
                     ->  Hash Join  (cost=813122.10..885552.32 rows=646 width=12) (actual time=991.573..115615.706 rows=340511 loops=1)
                           Hash Cond: (ci.role_id = rt.id)
                           Buffers: shared hit=10525033 read=1291011, temp read=8701 written=8673
                           ->  Nested Loop  (cost=813120.94..885523.62 rows=7755 width=16) (actual time=991.297..113921.290 rows=8412773 loops=1)
                                 Buffers: shared hit=10525032 read=1291011, temp read=8701 written=8673
                                 ->  Nested Loop  (cost=813120.50..861862.68 rows=541 width=20) (actual time=991.275..23921.396 rows=370736 loops=1)
                                       Buffers: shared hit=2469126 read=46339, temp read=8701 written=8673
                                       ->  Nested Loop  (cost=813120.36..861831.42 rows=1262 width=24) (actual time=991.175..23531.579 rows=438219 loops=1)
                                             Join Filter: (t.id = mi1.movie_id)
                                             Buffers: shared hit=2469115 read=46338, temp read=8701 written=8673
                                             ->  Merge Join  (cost=813119.93..813935.20 rows=13470 width=16) (actual time=991.130..1851.785 rows=624287 loops=1)
                                                   Merge Cond: (mi1.movie_id = mi2.movie_id)
                                                   Buffers: shared hit=12864 read=5441, temp read=8701 written=8673
                                                   ->  Sort  (cost=407237.87..407405.00 rows=66852 width=8) (actual time=499.250..641.835 rows=726708 loops=1)
                                                         Sort Key: mi1.movie_id
                                                         Sort Method: external sort  Disk: 15712kB
                                                         Buffers: shared hit=8893, temp read=3920 written=3930
                                                         ->  Bitmap Heap Scan on movie_info mi1  (cost=14228.23..401880.12 rows=66852 width=8) (actual time=34.573..322.358 rows=726708 loops=1)
                                                               Recheck Cond: (info_type_id = 8)
                                                               Filter: ((info)::text = ANY ('{Finland,Spain,Switzerland,UK,USA}'::text[]))
                                                               Rows Removed by Filter: 598653
                                                               Heap Blocks: exact=7853
                                                               Buffers: shared hit=8893
                                                               ->  Bitmap Index Scan on info_type_id_movie_info  (cost=0.00..14211.52 rows=1329478 width=0) (actual time=33.582..33.582 rows=1325361 loops=1)
                                                                     Index Cond: (info_type_id = 8)
                                                                     Buffers: shared hit=1040
                                                   ->  Sort  (cost=405882.06..406055.22 rows=69263 width=8) (actual time=491.870..709.957 rows=886518 loops=1)
                                                         Sort Key: mi2.movie_id
                                                         Sort Method: external sort  Disk: 18960kB
                                                         Buffers: shared hit=3971 read=5441, temp read=4756 written=4743
                                                         ->  Bitmap Heap Scan on movie_info mi2  (cost=13072.68..400313.38 rows=69263 width=8) (actual time=30.651..280.671 rows=877299 loops=1)
                                                               Recheck Cond: (info_type_id = 4)
                                                               Filter: ((info)::text = ANY ('{English,French,Galician,Italian,Russian}'::text[]))
                                                               Rows Removed by Filter: 421690
                                                               Heap Blocks: exact=8393
                                                               Buffers: shared hit=3971 read=5441
                                                               ->  Bitmap Index Scan on info_type_id_movie_info  (cost=0.00..13055.37 rows=1221191 width=0) (actual time=29.615..29.615 rows=1298989 loops=1)
                                                                     Index Cond: (info_type_id = 4)
                                                                     Buffers: shared hit=1 read=1018
                                             ->  Index Scan using title_pkey on title t  (cost=0.43..3.54 rows=1 width=8) (actual time=0.034..0.034 rows=1 loops=624287)
                                                   Index Cond: (id = mi2.movie_id)
                                                   Filter: ((production_year <= 2015) AND (1990 < production_year))
                                                   Rows Removed by Filter: 0
                                                   Buffers: shared hit=2456251 read=40897
                                       ->  Memoize  (cost=0.14..0.16 rows=1 width=4) (actual time=0.000..0.000 rows=1 loops=438219)
                                             Cache Key: t.kind_id
                                             Cache Mode: logical
                                             Hits: 438213  Misses: 6  Evictions: 0  Overflows: 0  Memory Usage: 1kB
                                             Buffers: shared hit=11 read=1
                                             ->  Index Scan using kind_type_pkey on kind_type kt  (cost=0.13..0.15 rows=1 width=4) (actual time=0.011..0.011 rows=0 loops=6)
                                                   Index Cond: (id = t.kind_id)
                                                   Filter: ((kind)::text = ANY ('{episode,movie,"video movie"}'::text[]))
                                                   Rows Removed by Filter: 0
                                                   Buffers: shared hit=11 read=1
                                 ->  Index Scan using movie_id_cast_info on cast_info ci  (cost=0.44..43.36 rows=38 width=12) (actual time=0.035..0.236 rows=23 loops=370736)
                                       Index Cond: (movie_id = t.id)
                                       Buffers: shared hit=8055906 read=1244672
                           ->  Hash  (cost=1.15..1.15 rows=1 width=4) (actual time=0.018..0.019 rows=1 loops=1)
                                 Buckets: 1024  Batches: 1  Memory Usage: 9kB
                                 Buffers: shared hit=1
                                 ->  Seq Scan on role_type rt  (cost=0.00..1.15 rows=1 width=4) (actual time=0.011..0.012 rows=1 loops=1)
                                       Filter: ((role)::text = 'director'::text)
                                       Rows Removed by Filter: 11
                                       Buffers: shared hit=1
                     ->  Index Scan using name_pkey on name n  (cost=0.43..2.32 rows=1 width=4) (actual time=0.038..0.038 rows=0 loops=340511)
                           Index Cond: (id = ci.person_id)
                           Filter: ((gender)::text = 'm'::text)
                           Rows Removed by Filter: 1
                           Buffers: shared hit=1166424 read=195620
 Planning:
   Buffers: shared hit=574
 Planning Time: 12.387 ms
 Execution Time: 128885.378 ms
(89 rows)

