                                                                                                  QUERY PLAN                                                                                                  
--------------------------------------------------------------------------------------------------------------------------------------------------------------------------------------------------------------
 Aggregate  (cost=909589.20..909589.21 rows=1 width=8) (actual time=37743.353..37743.361 rows=1 loops=1)
   Buffers: shared hit=3388193 read=375399, temp read=8364 written=8363
   ->  Nested Loop  (cost=842547.09..909588.82 rows=151 width=0) (actual time=1031.735..37742.949 rows=485 loops=1)
         Buffers: shared hit=3388193 read=375399, temp read=8364 written=8363
         ->  Seq Scan on info_type it2  (cost=0.00..2.41 rows=1 width=4) (actual time=0.045..0.056 rows=1 loops=1)
               Filter: (id = 4)
               Rows Removed by Filter: 112
               Buffers: shared hit=1
         ->  Nested Loop  (cost=842547.09..909584.90 rows=151 width=4) (actual time=1031.688..37742.679 rows=485 loops=1)
               Buffers: shared hit=3388192 read=375399, temp read=8364 written=8363
               ->  Seq Scan on info_type it1  (cost=0.00..2.41 rows=1 width=4) (actual time=0.008..0.021 rows=1 loops=1)
                     Filter: (id = 8)
                     Rows Removed by Filter: 112
                     Buffers: shared hit=1
               ->  Nested Loop  (cost=842547.09..909580.98 rows=151 width=8) (actual time=1031.679..37742.420 rows=485 loops=1)
                     Buffers: shared hit=3388191 read=375399, temp read=8364 written=8363
                     ->  Hash Join  (cost=842546.66..908075.61 rows=649 width=12) (actual time=1031.645..36824.923 rows=23299 loops=1)
                           Hash Cond: (ci.role_id = rt.id)
                           Buffers: shared hit=3304854 read=365540, temp read=8364 written=8363
                           ->  Nested Loop  (cost=842545.50..908046.80 rows=7783 width=16) (actual time=1031.471..36572.340 rows=1284943 loops=1)
                                 Buffers: shared hit=3304853 read=365540, temp read=8364 written=8363
                                 ->  Nested Loop  (cost=842545.06..884318.95 rows=543 width=20) (actual time=1031.448..21742.869 rows=64945 loops=1)
                                       Buffers: shared hit=2185830 read=51391, temp read=8364 written=8363
                                       ->  Nested Loop  (cost=842544.91..884287.57 rows=1267 width=24) (actual time=1031.432..21429.421 rows=447191 loops=1)
                                             Join Filter: (t.id = mi1.movie_id)
                                             Buffers: shared hit=2185818 read=51391, temp read=8364 written=8363
                                             ->  Merge Join  (cost=842544.48..843304.36 rows=11760 width=16) (actual time=1031.377..1764.203 rows=554726 loops=1)
                                                   Merge Cond: (mi1.movie_id = mi2.movie_id)
                                                   Buffers: shared hit=10478 read=7827, temp read=8364 written=8363
                                                   ->  Sort  (cost=421275.59..421413.42 rows=55132 width=8) (actual time=493.903..611.152 rows=605500 loops=1)
                                                         Sort Key: mi1.movie_id
                                                         Sort Method: external sort  Disk: 13088kB
                                                         Buffers: shared hit=8893, temp read=3266 written=3274
                                                         ->  Bitmap Heap Scan on movie_info mi1  (cost=14225.30..416933.78 rows=55132 width=8) (actual time=36.724..343.120 rows=605500 loops=1)
                                                               Recheck Cond: (info_type_id = 8)
                                                               Filter: ((info)::text = ANY ('{Cuba,Finland,Peru,Spain,Switzerland,USA}'::text[]))
                                                               Rows Removed by Filter: 719861
                                                               Heap Blocks: exact=7853
                                                               Buffers: shared hit=8893
                                                               ->  Bitmap Index Scan on info_type_id_movie_info  (cost=0.00..14211.52 rows=1329478 width=0) (actual time=35.758..35.759 rows=1325361 loops=1)
                                                                     Index Cond: (info_type_id = 8)
                                                                     Buffers: shared hit=1040
                                                   ->  Sort  (cost=421268.89..421452.20 rows=73324 width=8) (actual time=537.464..729.007 rows=946206 loops=1)
                                                         Sort Key: mi2.movie_id
                                                         Sort Method: external sort  Disk: 20344kB
                                                         Buffers: shared hit=1585 read=7827, temp read=5087 written=5089
                                                         ->  Bitmap Heap Scan on movie_info mi2  (cost=13073.70..415343.58 rows=73324 width=8) (actual time=30.827..309.346 rows=941078 loops=1)
                                                               Recheck Cond: (info_type_id = 4)
                                                               Filter: ((info)::text = ANY ('{Arabic,English,French,Galician,Russian,Spanish}'::text[]))
                                                               Rows Removed by Filter: 357911
                                                               Heap Blocks: exact=8393
                                                               Buffers: shared hit=1585 read=7827
                                                               ->  Bitmap Index Scan on info_type_id_movie_info  (cost=0.00..13055.37 rows=1221191 width=0) (actual time=29.793..29.793 rows=1298989 loops=1)
                                                                     Index Cond: (info_type_id = 4)
                                                                     Buffers: shared hit=1 read=1018
                                             ->  Index Scan using title_pkey on title t  (cost=0.43..3.47 rows=1 width=8) (actual time=0.035..0.035 rows=1 loops=554726)
                                                   Index Cond: (id = mi2.movie_id)
                                                   Filter: ((production_year <= 2015) AND (1975 < production_year))
                                                   Rows Removed by Filter: 0
                                                   Buffers: shared hit=2175340 read=43564
                                       ->  Memoize  (cost=0.14..0.16 rows=1 width=4) (actual time=0.000..0.000 rows=0 loops=447191)
                                             Cache Key: t.kind_id
                                             Cache Mode: logical
                                             Hits: 447185  Misses: 6  Evictions: 0  Overflows: 0  Memory Usage: 1kB
                                             Buffers: shared hit=12
                                             ->  Index Scan using kind_type_pkey on kind_type kt  (cost=0.13..0.15 rows=1 width=4) (actual time=0.010..0.010 rows=0 loops=6)
                                                   Index Cond: (id = t.kind_id)
                                                   Filter: ((kind)::text = ANY ('{"tv movie","tv series","video game"}'::text[]))
                                                   Rows Removed by Filter: 0
                                                   Buffers: shared hit=12
                                 ->  Index Scan using movie_id_cast_info on cast_info ci  (cost=0.44..43.32 rows=38 width=12) (actual time=0.037..0.222 rows=20 loops=64945)
                                       Index Cond: (movie_id = t.id)
                                       Buffers: shared hit=1119023 read=314149
                           ->  Hash  (cost=1.15..1.15 rows=1 width=4) (actual time=0.016..0.017 rows=1 loops=1)
                                 Buckets: 1024  Batches: 1  Memory Usage: 9kB
                                 Buffers: shared hit=1
                                 ->  Seq Scan on role_type rt  (cost=0.00..1.15 rows=1 width=4) (actual time=0.010..0.011 rows=1 loops=1)
                                       Filter: ((role)::text = 'composer'::text)
                                       Rows Removed by Filter: 11
                                       Buffers: shared hit=1
                     ->  Index Scan using name_pkey on name n  (cost=0.43..2.32 rows=1 width=4) (actual time=0.039..0.039 rows=0 loops=23299)
                           Index Cond: (id = ci.person_id)
                           Filter: ((gender)::text = 'f'::text)
                           Rows Removed by Filter: 1
                           Buffers: shared hit=83337 read=9859
 Planning:
   Buffers: shared hit=574
 Planning Time: 14.055 ms
 Execution Time: 37754.275 ms
(89 rows)

