                                                                                               QUERY PLAN                                                                                               
--------------------------------------------------------------------------------------------------------------------------------------------------------------------------------------------------------
 Aggregate  (cost=411463.61..411463.62 rows=1 width=8) (actual time=6098.136..6098.143 rows=1 loops=1)
   Buffers: shared hit=558644 read=68134
   ->  Nested Loop  (cost=13060.31..411463.60 rows=1 width=0) (actual time=465.800..6097.338 rows=3003 loops=1)
         Buffers: shared hit=558644 read=68134
         ->  Hash Join  (cost=13059.88..411458.96 rows=2 width=4) (actual time=177.051..5712.074 rows=10862 loops=1)
               Hash Cond: (ci.role_id = rt.id)
               Buffers: shared hit=516708 read=66622
               ->  Nested Loop  (cost=13058.71..411457.74 rows=14 width=8) (actual time=55.312..5682.506 rows=181160 loops=1)
                     Buffers: shared hit=516707 read=66622
                     ->  Nested Loop  (cost=13058.27..411413.37 rows=1 width=12) (actual time=55.265..3807.362 rows=12814 loops=1)
                           Buffers: shared hit=319481 read=49758
                           ->  Nested Loop  (cost=13058.27..411410.95 rows=1 width=16) (actual time=55.255..3555.684 rows=12814 loops=1)
                                 Buffers: shared hit=306667 read=49758
                                 ->  Nested Loop  (cost=13058.27..411408.52 rows=1 width=20) (actual time=55.233..3305.943 rows=12814 loops=1)
                                       Buffers: shared hit=293853 read=49758
                                       ->  Hash Join  (cost=13057.83..397303.04 rows=330 width=12) (actual time=55.155..2293.760 rows=13090 loops=1)
                                             Hash Cond: (t.kind_id = kt.id)
                                             Buffers: shared hit=200407 read=28674
                                             ->  Nested Loop  (cost=13056.70..397298.66 rows=769 width=16) (actual time=39.576..2287.359 rows=14964 loops=1)
                                                   Buffers: shared hit=200406 read=28674
                                                   ->  Bitmap Heap Scan on movie_info mi2  (cost=13056.26..370238.60 rows=3563 width=8) (actual time=38.686..434.516 rows=55196 loops=1)
                                                         Recheck Cond: (info_type_id = 4)
                                                         Filter: ((info)::text = ANY ('{Japanese,Malayalam,Polish}'::text[]))
                                                         Rows Removed by Filter: 1243793
                                                         Heap Blocks: exact=8393
                                                         Buffers: shared hit=1 read=9411
                                                         ->  Bitmap Index Scan on info_type_id_movie_info  (cost=0.00..13055.37 rows=1221191 width=0) (actual time=36.667..36.667 rows=1298989 loops=1)
                                                               Index Cond: (info_type_id = 4)
                                                               Buffers: shared read=1019
                                                   ->  Memoize  (cost=0.44..7.62 rows=1 width=8) (actual time=0.033..0.033 rows=0 loops=55196)
                                                         Cache Key: mi2.movie_id
                                                         Cache Mode: logical
                                                         Hits: 279  Misses: 54917  Evictions: 0  Overflows: 0  Memory Usage: 4230kB
                                                         Buffers: shared hit=200405 read=19263
                                                         ->  Index Scan using title_pkey on title t  (cost=0.43..7.61 rows=1 width=8) (actual time=0.032..0.032 rows=0 loops=54917)
                                                               Index Cond: (id = mi2.movie_id)
                                                               Filter: ((production_year <= 1990) AND (1950 < production_year))
                                                               Rows Removed by Filter: 1
                                                               Buffers: shared hit=200405 read=19263
                                             ->  Hash  (cost=1.10..1.10 rows=3 width=4) (actual time=0.022..0.023 rows=3 loops=1)
                                                   Buckets: 1024  Batches: 1  Memory Usage: 9kB
                                                   Buffers: shared hit=1
                                                   ->  Seq Scan on kind_type kt  (cost=0.00..1.10 rows=3 width=4) (actual time=0.011..0.013 rows=3 loops=1)
                                                         Filter: ((kind)::text = ANY ('{episode,movie,"tv movie"}'::text[]))
                                                         Rows Removed by Filter: 4
                                                         Buffers: shared hit=1
                                       ->  Index Scan using movie_id_movie_info on movie_info mi1  (cost=0.43..42.73 rows=1 width=8) (actual time=0.071..0.077 rows=1 loops=13090)
                                             Index Cond: (movie_id = t.id)
                                             Filter: ((info_type_id = 8) AND ((info)::text = ANY ('{India,Japan,Poland}'::text[])))
                                             Rows Removed by Filter: 7
                                             Buffers: shared hit=93446 read=21084
                                 ->  Seq Scan on info_type it1  (cost=0.00..2.41 rows=1 width=4) (actual time=0.010..0.018 rows=1 loops=12814)
                                       Filter: (id = 8)
                                       Rows Removed by Filter: 112
                                       Buffers: shared hit=12814
                           ->  Seq Scan on info_type it2  (cost=0.00..2.41 rows=1 width=4) (actual time=0.010..0.018 rows=1 loops=12814)
                                 Filter: (id = 4)
                                 Rows Removed by Filter: 112
                                 Buffers: shared hit=12814
                     ->  Index Scan using movie_id_cast_info on cast_info ci  (cost=0.44..43.99 rows=38 width=12) (actual time=0.033..0.143 rows=14 loops=12814)
                           Index Cond: (movie_id = t.id)
                           Buffers: shared hit=197226 read=16864
               ->  Hash  (cost=1.15..1.15 rows=2 width=4) (actual time=0.036..0.036 rows=2 loops=1)
                     Buckets: 1024  Batches: 1  Memory Usage: 9kB
                     Buffers: shared hit=1
                     ->  Seq Scan on role_type rt  (cost=0.00..1.15 rows=2 width=4) (actual time=0.027..0.029 rows=2 loops=1)
                           Filter: ((role)::text = ANY ('{composer,editor}'::text[]))
                           Rows Removed by Filter: 10
                           Buffers: shared hit=1
         ->  Index Scan using name_pkey on name n  (cost=0.43..2.32 rows=1 width=4) (actual time=0.035..0.035 rows=0 loops=10862)
               Index Cond: (id = ci.person_id)
               Filter: ((gender)::text = ANY ('{f,m}'::text[]))
               Rows Removed by Filter: 1
               Buffers: shared hit=41936 read=1512
 Planning:
   Buffers: shared hit=485 read=89
 Planning Time: 14.482 ms
 Execution Time: 6099.569 ms
(78 rows)

