                                                                                               QUERY PLAN                                                                                               
--------------------------------------------------------------------------------------------------------------------------------------------------------------------------------------------------------
 Aggregate  (cost=562587.35..562587.36 rows=1 width=8) (actual time=16811.391..16811.399 rows=1 loops=1)
   Buffers: shared hit=1585021 read=173565
   ->  Nested Loop  (cost=14218.37..562587.33 rows=9 width=0) (actual time=48.854..16807.229 rows=18770 loops=1)
         Buffers: shared hit=1585021 read=173565
         ->  Hash Join  (cost=14217.94..562554.85 rows=14 width=4) (actual time=48.812..14977.461 rows=51138 loops=1)
               Hash Cond: (ci.role_id = rt.id)
               Buffers: shared hit=1396222 read=157812
               ->  Nested Loop  (cost=14216.77..562553.38 rows=86 width=8) (actual time=48.681..14861.246 rows=587087 loops=1)
                     Buffers: shared hit=1396221 read=157812
                     ->  Nested Loop  (cost=14216.33..562287.13 rows=6 width=12) (actual time=48.639..8546.006 rows=32120 loops=1)
                           Buffers: shared hit=794560 read=86974
                           ->  Seq Scan on info_type it2  (cost=0.00..2.41 rows=1 width=4) (actual time=0.026..0.035 rows=1 loops=1)
                                 Filter: (id = 4)
                                 Rows Removed by Filter: 112
                                 Buffers: shared hit=1
                           ->  Nested Loop  (cost=14216.33..562284.66 rows=6 width=16) (actual time=48.613..8537.748 rows=32120 loops=1)
                                 Buffers: shared hit=794559 read=86974
                                 ->  Seq Scan on info_type it1  (cost=0.00..2.41 rows=1 width=4) (actual time=0.008..0.019 rows=1 loops=1)
                                       Filter: (id = 8)
                                       Rows Removed by Filter: 112
                                       Buffers: shared hit=1
                                 ->  Nested Loop  (cost=14216.33..562282.19 rows=6 width=20) (actual time=48.602..8529.353 rows=32120 loops=1)
                                       Buffers: shared hit=794558 read=86974
                                       ->  Hash Join  (cost=14215.89..517734.03 rows=1036 width=12) (actual time=48.543..4953.254 rows=43490 loops=1)
                                             Hash Cond: (t.kind_id = kt.id)
                                             Buffers: shared hit=454501 read=36405
                                             ->  Nested Loop  (cost=14214.76..517722.71 rows=2417 width=16) (actual time=36.796..4930.888 rows=46880 loops=1)
                                                   Buffers: shared hit=454500 read=36405
                                                   ->  Bitmap Heap Scan on movie_info mi1  (cost=14214.32..447035.98 rows=11191 width=8) (actual time=36.565..715.303 rows=121477 loops=1)
                                                         Recheck Cond: (info_type_id = 8)
                                                         Filter: ((info)::text = ANY ('{Argentina,Denmark,"East Germany",Greece,India,Italy,Philippines,"South Korea"}'::text[]))
                                                         Rows Removed by Filter: 1203884
                                                         Heap Blocks: exact=7853
                                                         Buffers: shared hit=2010 read=6883
                                                         ->  Bitmap Index Scan on info_type_id_movie_info  (cost=0.00..14211.52 rows=1329478 width=0) (actual time=35.584..35.584 rows=1325361 loops=1)
                                                               Index Cond: (info_type_id = 8)
                                                               Buffers: shared read=1040
                                                   ->  Memoize  (cost=0.44..6.40 rows=1 width=8) (actual time=0.034..0.034 rows=0 loops=121477)
                                                         Cache Key: mi1.movie_id
                                                         Cache Mode: logical
                                                         Hits: 974  Misses: 120503  Evictions: 21337  Overflows: 0  Memory Usage: 8193kB
                                                         Buffers: shared hit=452490 read=29522
                                                         ->  Index Scan using title_pkey on title t  (cost=0.43..6.39 rows=1 width=8) (actual time=0.033..0.033 rows=0 loops=120503)
                                                               Index Cond: (id = mi1.movie_id)
                                                               Filter: ((production_year <= 1990) AND (1950 < production_year))
                                                               Rows Removed by Filter: 1
                                                               Buffers: shared hit=452490 read=29522
                                             ->  Hash  (cost=1.10..1.10 rows=3 width=4) (actual time=0.014..0.014 rows=3 loops=1)
                                                   Buckets: 1024  Batches: 1  Memory Usage: 9kB
                                                   Buffers: shared hit=1
                                                   ->  Seq Scan on kind_type kt  (cost=0.00..1.10 rows=3 width=4) (actual time=0.007..0.008 rows=3 loops=1)
                                                         Filter: ((kind)::text = ANY ('{episode,movie,"tv movie"}'::text[]))
                                                         Rows Removed by Filter: 4
                                                         Buffers: shared hit=1
                                       ->  Index Scan using movie_id_movie_info on movie_info mi2  (cost=0.43..42.99 rows=1 width=8) (actual time=0.045..0.082 rows=1 loops=43490)
                                             Index Cond: (movie_id = t.id)
                                             Filter: ((info_type_id = 4) AND ((info)::text = ANY ('{Danish,German,Greek,Hindi,Italian,Korean,Spanish,Tagalog}'::text[])))
                                             Rows Removed by Filter: 8
                                             Buffers: shared hit=340057 read=50569
                     ->  Index Scan using movie_id_cast_info on cast_info ci  (cost=0.44..43.99 rows=38 width=12) (actual time=0.036..0.191 rows=18 loops=32120)
                           Index Cond: (movie_id = t.id)
                           Buffers: shared hit=601661 read=70838
               ->  Hash  (cost=1.15..1.15 rows=2 width=4) (actual time=0.029..0.029 rows=2 loops=1)
                     Buckets: 1024  Batches: 1  Memory Usage: 9kB
                     Buffers: shared hit=1
                     ->  Seq Scan on role_type rt  (cost=0.00..1.15 rows=2 width=4) (actual time=0.022..0.023 rows=2 loops=1)
                           Filter: ((role)::text = ANY ('{composer,"miscellaneous crew"}'::text[]))
                           Rows Removed by Filter: 10
                           Buffers: shared hit=1
         ->  Index Scan using name_pkey on name n  (cost=0.43..2.32 rows=1 width=4) (actual time=0.035..0.035 rows=0 loops=51138)
               Index Cond: (id = ci.person_id)
               Filter: ((gender)::text = ANY ('{f,m}'::text[]))
               Rows Removed by Filter: 1
               Buffers: shared hit=188799 read=15753
 Planning:
   Buffers: shared hit=483 read=91
 Planning Time: 13.175 ms
 Execution Time: 16813.475 ms
(78 rows)

