                                                                                               QUERY PLAN                                                                                               
--------------------------------------------------------------------------------------------------------------------------------------------------------------------------------------------------------
 Aggregate  (cost=578818.48..578818.49 rows=1 width=8) (actual time=18431.026..18431.034 rows=1 loops=1)
   Buffers: shared hit=1787391 read=131251
   ->  Nested Loop  (cost=14219.14..578818.47 rows=3 width=0) (actual time=49.802..18427.832 rows=9556 loops=1)
         Buffers: shared hit=1787391 read=131251
         ->  Seq Scan on info_type it2  (cost=0.00..2.41 rows=1 width=4) (actual time=0.049..0.060 rows=1 loops=1)
               Filter: (id = 4)
               Rows Removed by Filter: 112
               Buffers: shared hit=1
         ->  Nested Loop  (cost=14219.14..578816.03 rows=3 width=4) (actual time=49.751..18425.464 rows=9556 loops=1)
               Buffers: shared hit=1787390 read=131251
               ->  Seq Scan on info_type it1  (cost=0.00..2.41 rows=1 width=4) (actual time=0.013..0.026 rows=1 loops=1)
                     Filter: (id = 8)
                     Rows Removed by Filter: 112
                     Buffers: shared hit=1
               ->  Nested Loop  (cost=14219.14..578813.59 rows=3 width=8) (actual time=49.735..18422.845 rows=9556 loops=1)
                     Buffers: shared hit=1787389 read=131251
                     ->  Hash Join  (cost=14218.71..578795.03 rows=8 width=12) (actual time=49.694..17641.579 rows=21522 loops=1)
                           Hash Cond: (ci.role_id = rt.id)
                           Buffers: shared hit=1703812 read=128740
                           ->  Nested Loop  (cost=14217.55..578793.52 rows=100 width=16) (actual time=36.788..17516.081 rows=631424 loops=1)
                                 Buffers: shared hit=1703811 read=128740
                                 ->  Nested Loop  (cost=14217.11..578481.64 rows=7 width=20) (actual time=36.757..10428.477 rows=42377 loops=1)
                                       Buffers: shared hit=1019247 read=65127
                                       ->  Hash Join  (cost=14216.67..530659.13 rows=1109 width=12) (actual time=36.676..5561.226 rows=55309 loops=1)
                                             Hash Cond: (t.kind_id = kt.id)
                                             Buffers: shared hit=553512 read=10022
                                             ->  Nested Loop  (cost=14215.54..530647.08 rows=2589 width=16) (actual time=35.441..5532.536 rows=57097 loops=1)
                                                   Buffers: shared hit=553511 read=10022
                                                   ->  Bitmap Heap Scan on movie_info mi1  (cost=14215.10..447036.76 rows=14314 width=8) (actual time=35.087..737.766 rows=140368 loops=1)
                                                         Recheck Cond: (info_type_id = 8)
                                                         Filter: ((info)::text = ANY ('{Denmark,Greece,India,Italy,Mexico,Philippines,"Soviet Union","West Germany"}'::text[]))
                                                         Rows Removed by Filter: 1184993
                                                         Heap Blocks: exact=7853
                                                         Buffers: shared hit=4782 read=4111
                                                         ->  Bitmap Index Scan on info_type_id_movie_info  (cost=0.00..14211.52 rows=1329478 width=0) (actual time=34.091..34.091 rows=1325361 loops=1)
                                                               Index Cond: (info_type_id = 8)
                                                               Buffers: shared hit=1040
                                                   ->  Memoize  (cost=0.44..5.94 rows=1 width=8) (actual time=0.034..0.034 rows=0 loops=140368)
                                                         Cache Key: mi1.movie_id
                                                         Cache Mode: logical
                                                         Hits: 1708  Misses: 138660  Evictions: 40599  Overflows: 0  Memory Usage: 8193kB
                                                         Buffers: shared hit=548729 read=5911
                                                         ->  Index Scan using title_pkey on title t  (cost=0.43..5.93 rows=1 width=8) (actual time=0.033..0.033 rows=0 loops=138660)
                                                               Index Cond: (id = mi1.movie_id)
                                                               Filter: ((production_year <= 1975) AND (1875 < production_year))
                                                               Rows Removed by Filter: 1
                                                               Buffers: shared hit=548729 read=5911
                                             ->  Hash  (cost=1.10..1.10 rows=3 width=4) (actual time=0.019..0.020 rows=3 loops=1)
                                                   Buckets: 1024  Batches: 1  Memory Usage: 9kB
                                                   Buffers: shared hit=1
                                                   ->  Seq Scan on kind_type kt  (cost=0.00..1.10 rows=3 width=4) (actual time=0.009..0.011 rows=3 loops=1)
                                                         Filter: ((kind)::text = ANY ('{episode,movie,"tv movie"}'::text[]))
                                                         Rows Removed by Filter: 4
                                                         Buffers: shared hit=1
                                       ->  Index Scan using movie_id_movie_info on movie_info mi2  (cost=0.43..43.11 rows=1 width=8) (actual time=0.046..0.087 rows=1 loops=55309)
                                             Index Cond: (movie_id = t.id)
                                             Filter: ((info_type_id = 4) AND ((info)::text = ANY ('{Danish,German,Greek,Hindi,Italian,Russian,Spanish,Tagalog}'::text[])))
                                             Rows Removed by Filter: 9
                                             Buffers: shared hit=465735 read=55105
                                 ->  Index Scan using movie_id_cast_info on cast_info ci  (cost=0.44..44.17 rows=38 width=12) (actual time=0.035..0.162 rows=15 loops=42377)
                                       Index Cond: (movie_id = t.id)
                                       Buffers: shared hit=684564 read=63613
                           ->  Hash  (cost=1.15..1.15 rows=1 width=4) (actual time=0.019..0.019 rows=1 loops=1)
                                 Buckets: 1024  Batches: 1  Memory Usage: 9kB
                                 Buffers: shared hit=1
                                 ->  Seq Scan on role_type rt  (cost=0.00..1.15 rows=1 width=4) (actual time=0.011..0.013 rows=1 loops=1)
                                       Filter: ((role)::text = 'composer'::text)
                                       Rows Removed by Filter: 11
                                       Buffers: shared hit=1
                     ->  Index Scan using name_pkey on name n  (cost=0.43..2.32 rows=1 width=4) (actual time=0.036..0.036 rows=0 loops=21522)
                           Index Cond: (id = ci.person_id)
                           Filter: ((gender)::text = 'm'::text)
                           Rows Removed by Filter: 1
                           Buffers: shared hit=83577 read=2511
 Planning:
   Buffers: shared hit=574
 Planning Time: 13.068 ms
 Execution Time: 18433.490 ms
(78 rows)

