                                                                                                   QUERY PLAN                                                                                                   
----------------------------------------------------------------------------------------------------------------------------------------------------------------------------------------------------------------
 Aggregate  (cost=652977.00..652977.01 rows=1 width=8) (actual time=46457.551..46457.559 rows=1 loops=1)
   Buffers: shared hit=4409017 read=416640
   ->  Nested Loop  (cost=14218.38..652976.91 rows=33 width=0) (actual time=38.232..46393.148 rows=330131 loops=1)
         Buffers: shared hit=4409017 read=416640
         ->  Seq Scan on info_type it2  (cost=0.00..2.41 rows=1 width=4) (actual time=0.039..0.050 rows=1 loops=1)
               Filter: (id = 4)
               Rows Removed by Filter: 112
               Buffers: shared hit=1
         ->  Nested Loop  (cost=14218.38..652974.17 rows=33 width=4) (actual time=38.192..46323.104 rows=330131 loops=1)
               Buffers: shared hit=4409016 read=416640
               ->  Seq Scan on info_type it1  (cost=0.00..2.41 rows=1 width=4) (actual time=0.013..0.025 rows=1 loops=1)
                     Filter: (id = 8)
                     Rows Removed by Filter: 112
                     Buffers: shared hit=1
               ->  Nested Loop  (cost=14218.38..652971.43 rows=33 width=8) (actual time=38.176..46247.183 rows=330131 loops=1)
                     Buffers: shared hit=4409015 read=416640
                     ->  Hash Join  (cost=14217.95..652639.74 rows=143 width=12) (actual time=38.132..34412.388 rows=330307 loops=1)
                           Hash Cond: (ci.role_id = rt.id)
                           Buffers: shared hit=3113937 read=390490
                           ->  Nested Loop  (cost=14216.78..652632.47 rows=1720 width=16) (actual time=38.009..33993.487 rows=1687435 loops=1)
                                 Buffers: shared hit=3113936 read=390490
                                 ->  Nested Loop  (cost=14216.34..647393.31 rows=120 width=20) (actual time=37.976..15399.956 rows=81427 loops=1)
                                       Buffers: shared hit=1474610 read=133368
                                       ->  Hash Join  (cost=14215.91..457338.71 rows=4454 width=12) (actual time=37.915..5988.682 rows=108488 loops=1)
                                             Hash Cond: (t.kind_id = kt.id)
                                             Buffers: shared hit=543606 read=40528
                                             ->  Nested Loop  (cost=14214.77..457293.78 rows=10392 width=16) (actual time=37.596..5923.926 rows=139573 loops=1)
                                                   Buffers: shared hit=543605 read=40528
                                                   ->  Bitmap Heap Scan on movie_info mi1  (cost=14214.33..386809.63 rows=11149 width=8) (actual time=37.557..475.207 rows=145320 loops=1)
                                                         Recheck Cond: (info_type_id = 8)
                                                         Filter: ((info)::text = ANY ('{"Czech Republic",Finland,Germany,Greece,"Hong Kong",India,Nigeria,Norway,Philippines,Romania,"West Germany"}'::text[]))
                                                         Rows Removed by Filter: 1180041
                                                         Heap Blocks: exact=7853
                                                         Buffers: shared hit=72 read=8821
                                                         ->  Bitmap Index Scan on info_type_id_movie_info  (cost=0.00..14211.52 rows=1329478 width=0) (actual time=36.543..36.544 rows=1325361 loops=1)
                                                               Index Cond: (info_type_id = 8)
                                                               Buffers: shared read=1040
                                                   ->  Memoize  (cost=0.44..6.40 rows=1 width=8) (actual time=0.037..0.037 rows=1 loops=145320)
                                                         Cache Key: mi1.movie_id
                                                         Cache Mode: logical
                                                         Hits: 1510  Misses: 143810  Evictions: 65216  Overflows: 0  Memory Usage: 8193kB
                                                         Buffers: shared hit=543533 read=31707
                                                         ->  Index Scan using title_pkey on title t  (cost=0.43..6.39 rows=1 width=8) (actual time=0.036..0.036 rows=1 loops=143810)
                                                               Index Cond: (id = mi1.movie_id)
                                                               Filter: ((production_year <= 2015) AND (1925 < production_year))
                                                               Rows Removed by Filter: 0
                                                               Buffers: shared hit=543533 read=31707
                                             ->  Hash  (cost=1.10..1.10 rows=3 width=4) (actual time=0.018..0.019 rows=3 loops=1)
                                                   Buckets: 1024  Batches: 1  Memory Usage: 9kB
                                                   Buffers: shared hit=1
                                                   ->  Seq Scan on kind_type kt  (cost=0.00..1.10 rows=3 width=4) (actual time=0.009..0.011 rows=3 loops=1)
                                                         Filter: ((kind)::text = ANY ('{episode,movie,"video movie"}'::text[]))
                                                         Rows Removed by Filter: 4
                                                         Buffers: shared hit=1
                                       ->  Index Scan using movie_id_movie_info on movie_info mi2  (cost=0.43..42.66 rows=1 width=8) (actual time=0.049..0.086 rows=1 loops=108488)
                                             Index Cond: (movie_id = t.id)
                                             Filter: ((info_type_id = 4) AND ((info)::text = ANY ('{Cantonese,Czech,English,Finnish,German,Greek,Mandarin,Norwegian,Romanian,Tagalog,Tamil}'::text[])))
                                             Rows Removed by Filter: 10
                                             Buffers: shared hit=931004 read=92840
                                 ->  Index Scan using movie_id_cast_info on cast_info ci  (cost=0.44..43.28 rows=38 width=12) (actual time=0.036..0.222 rows=21 loops=81427)
                                       Index Cond: (movie_id = t.id)
                                       Buffers: shared hit=1639326 read=257122
                           ->  Hash  (cost=1.15..1.15 rows=1 width=4) (actual time=0.017..0.018 rows=1 loops=1)
                                 Buckets: 1024  Batches: 1  Memory Usage: 9kB
                                 Buffers: shared hit=1
                                 ->  Seq Scan on role_type rt  (cost=0.00..1.15 rows=1 width=4) (actual time=0.010..0.012 rows=1 loops=1)
                                       Filter: ((role)::text = 'actress'::text)
                                       Rows Removed by Filter: 11
                                       Buffers: shared hit=1
                     ->  Index Scan using name_pkey on name n  (cost=0.43..2.32 rows=1 width=4) (actual time=0.035..0.035 rows=1 loops=330307)
                           Index Cond: (id = ci.person_id)
                           Filter: ((gender)::text = 'f'::text)
                           Rows Removed by Filter: 0
                           Buffers: shared hit=1295078 read=26150
 Planning:
   Buffers: shared hit=486 read=91
 Planning Time: 14.649 ms
 Execution Time: 46460.256 ms
(78 rows)

