                                                                                            QUERY PLAN                                                                                            
--------------------------------------------------------------------------------------------------------------------------------------------------------------------------------------------------
 Aggregate  (cost=542649.77..542649.78 rows=1 width=8) (actual time=1211.398..1211.405 rows=1 loops=1)
   Buffers: shared hit=41870 read=60019, temp read=314 written=314
   ->  Nested Loop  (cost=93678.08..542649.74 rows=11 width=0) (actual time=502.793..1211.394 rows=4 loops=1)
         Buffers: shared hit=41870 read=60019, temp read=314 written=314
         ->  Seq Scan on info_type it2  (cost=0.00..2.41 rows=1 width=4) (actual time=0.038..0.044 rows=1 loops=1)
               Filter: (id = 4)
               Rows Removed by Filter: 112
               Buffers: shared hit=1
         ->  Nested Loop  (cost=93678.08..542647.22 rows=11 width=4) (actual time=502.753..1211.345 rows=4 loops=1)
               Buffers: shared hit=41869 read=60019, temp read=314 written=314
               ->  Seq Scan on info_type it1  (cost=0.00..2.41 rows=1 width=4) (actual time=0.010..0.018 rows=1 loops=1)
                     Filter: (id = 8)
                     Rows Removed by Filter: 112
                     Buffers: shared hit=1
               ->  Nested Loop  (cost=93678.08..542644.70 rows=11 width=8) (actual time=502.740..1211.322 rows=4 loops=1)
                     Buffers: shared hit=41868 read=60019, temp read=314 written=314
                     ->  Hash Join  (cost=93677.65..542533.36 rows=48 width=12) (actual time=428.944..1204.937 rows=228 loops=1)
                           Hash Cond: (ci.role_id = rt.id)
                           Buffers: shared hit=41238 read=59737, temp read=314 written=314
                           ->  Nested Loop  (cost=93676.49..542530.16 rows=573 width=16) (actual time=427.304..1202.951 rows=17481 loops=1)
                                 Buffers: shared hit=41237 read=59737, temp read=314 written=314
                                 ->  Nested Loop  (cost=93676.05..540747.99 rows=40 width=20) (actual time=427.275..984.334 rows=2935 loops=1)
                                       Buffers: shared hit=25288 read=49748, temp read=314 written=314
                                       ->  Hash Join  (cost=93675.61..482310.91 rows=1360 width=12) (actual time=427.209..747.508 rows=3160 loops=1)
                                             Hash Cond: (mi1.movie_id = t.id)
                                             Buffers: shared hit=6171 read=39114, temp read=314 written=314
                                             ->  Bitmap Heap Scan on movie_info mi1  (cost=14215.91..401867.79 rows=17549 width=8) (actual time=37.480..316.794 rows=173438 loops=1)
                                                   Recheck Cond: (info_type_id = 8)
                                                   Filter: ((info)::text = ANY ('{Austria,Denmark,Mexico,"Soviet Union",UK}'::text[]))
                                                   Rows Removed by Filter: 1151923
                                                   Heap Blocks: exact=7853
                                                   Buffers: shared hit=503 read=8390
                                                   ->  Bitmap Index Scan on info_type_id_movie_info  (cost=0.00..14211.52 rows=1329478 width=0) (actual time=36.495..36.495 rows=1325361 loops=1)
                                                         Index Cond: (info_type_id = 8)
                                                         Buffers: shared read=1040
                                             ->  Hash  (cost=76244.10..76244.10 rows=195968 width=4) (actual time=388.524..388.526 rows=11843 loops=1)
                                                   Buckets: 262144  Batches: 2  Memory Usage: 2260kB
                                                   Buffers: shared hit=5668 read=30724, temp written=17
                                                   ->  Hash Join  (cost=1.13..76244.10 rows=195968 width=4) (actual time=0.134..385.927 rows=11843 loops=1)
                                                         Hash Cond: (t.kind_id = kt.id)
                                                         Buffers: shared hit=5668 read=30724
                                                         ->  Seq Scan on title t  (cost=0.00..74315.95 rows=457258 width=8) (actual time=0.025..360.073 rows=451569 loops=1)
                                                               Filter: ((production_year <= 1975) AND (1875 < production_year))
                                                               Rows Removed by Filter: 2076743
                                                               Buffers: shared hit=5667 read=30724
                                                         ->  Hash  (cost=1.10..1.10 rows=3 width=4) (actual time=0.015..0.016 rows=3 loops=1)
                                                               Buckets: 1024  Batches: 1  Memory Usage: 9kB
                                                               Buffers: shared hit=1
                                                               ->  Seq Scan on kind_type kt  (cost=0.00..1.10 rows=3 width=4) (actual time=0.007..0.009 rows=3 loops=1)
                                                                     Filter: ((kind)::text = ANY ('{"tv series","video game","video movie"}'::text[]))
                                                                     Rows Removed by Filter: 4
                                                                     Buffers: shared hit=1
                                       ->  Index Scan using movie_id_movie_info on movie_info mi2  (cost=0.43..42.96 rows=1 width=8) (actual time=0.050..0.075 rows=1 loops=3160)
                                             Index Cond: (movie_id = t.id)
                                             Filter: ((info_type_id = 4) AND ((info)::text = ANY ('{Danish,English,German,Russian,Spanish}'::text[])))
                                             Rows Removed by Filter: 8
                                             Buffers: shared hit=19117 read=10634
                                 ->  Index Scan using movie_id_cast_info on cast_info ci  (cost=0.44..44.17 rows=38 width=12) (actual time=0.025..0.073 rows=6 loops=2935)
                                       Index Cond: (movie_id = t.id)
                                       Buffers: shared hit=15949 read=9989
                           ->  Hash  (cost=1.15..1.15 rows=1 width=4) (actual time=0.017..0.018 rows=1 loops=1)
                                 Buckets: 1024  Batches: 1  Memory Usage: 9kB
                                 Buffers: shared hit=1
                                 ->  Seq Scan on role_type rt  (cost=0.00..1.15 rows=1 width=4) (actual time=0.010..0.011 rows=1 loops=1)
                                       Filter: ((role)::text = 'production designer'::text)
                                       Rows Removed by Filter: 11
                                       Buffers: shared hit=1
                     ->  Index Scan using name_pkey on name n  (cost=0.43..2.32 rows=1 width=4) (actual time=0.027..0.027 rows=0 loops=228)
                           Index Cond: (id = ci.person_id)
                           Filter: ((gender)::text = 'f'::text)
                           Rows Removed by Filter: 1
                           Buffers: shared hit=630 read=282
 Planning:
   Buffers: shared hit=482 read=92
 Planning Time: 14.055 ms
 Execution Time: 1211.934 ms
(76 rows)

