                                                                                               QUERY PLAN                                                                                               
--------------------------------------------------------------------------------------------------------------------------------------------------------------------------------------------------------
 Aggregate  (cost=482490.77..482490.78 rows=1 width=8) (actual time=7717.200..7717.206 rows=1 loops=1)
   Buffers: shared hit=726989 read=73137
   ->  Nested Loop  (cost=13060.55..482490.77 rows=1 width=0) (actual time=790.880..7717.156 rows=47 loops=1)
         Buffers: shared hit=726989 read=73137
         ->  Hash Join  (cost=13060.12..482488.45 rows=1 width=4) (actual time=46.508..7564.113 rows=4593 loops=1)
               Hash Cond: (ci.role_id = rt.id)
               Buffers: shared hit=709591 read=72163
               ->  Nested Loop  (cost=13058.96..482487.24 rows=14 width=8) (actual time=39.104..7540.925 rows=136983 loops=1)
                     Buffers: shared hit=709590 read=72163
                     ->  Nested Loop  (cost=13058.52..482442.86 rows=1 width=12) (actual time=39.069..6036.038 rows=9253 loops=1)
                           Buffers: shared hit=571240 read=47612
                           ->  Nested Loop  (cost=13058.52..482440.44 rows=1 width=16) (actual time=39.064..5844.110 rows=9253 loops=1)
                                 Buffers: shared hit=561987 read=47612
                                 ->  Nested Loop  (cost=13058.52..482438.02 rows=1 width=20) (actual time=39.048..5653.898 rows=9253 loops=1)
                                       Buffers: shared hit=552734 read=47612
                                       ->  Hash Join  (cost=13058.09..464205.95 rows=424 width=12) (actual time=38.964..3380.533 rows=27293 loops=1)
                                             Hash Cond: (t.kind_id = kt.id)
                                             Buffers: shared hit=323865 read=18136
                                             ->  Nested Loop  (cost=13056.95..464200.65 rows=990 width=16) (actual time=37.652..3367.819 rows=29227 loops=1)
                                                   Buffers: shared hit=323864 read=18136
                                                   ->  Bitmap Heap Scan on movie_info mi2  (cost=13056.51..430355.57 rows=4583 width=8) (actual time=37.602..611.424 rows=83710 loops=1)
                                                         Recheck Cond: (info_type_id = 4)
                                                         Filter: ((info)::text = ANY ('{Bulgarian,Georgian,German,Mandarin,Persian,Romanian,Tamil}'::text[]))
                                                         Rows Removed by Filter: 1215279
                                                         Heap Blocks: exact=8393
                                                         Buffers: shared hit=2139 read=7273
                                                         ->  Bitmap Index Scan on info_type_id_movie_info  (cost=0.00..13055.37 rows=1221191 width=0) (actual time=35.153..35.153 rows=1298989 loops=1)
                                                               Index Cond: (info_type_id = 4)
                                                               Buffers: shared hit=1 read=1018
                                                   ->  Memoize  (cost=0.44..7.42 rows=1 width=8) (actual time=0.033..0.033 rows=0 loops=83710)
                                                         Cache Key: mi2.movie_id
                                                         Cache Mode: logical
                                                         Hits: 563  Misses: 83147  Evictions: 0  Overflows: 0  Memory Usage: 6659kB
                                                         Buffers: shared hit=321725 read=10863
                                                         ->  Index Scan using title_pkey on title t  (cost=0.43..7.41 rows=1 width=8) (actual time=0.032..0.032 rows=0 loops=83147)
                                                               Index Cond: (id = mi2.movie_id)
                                                               Filter: ((production_year <= 1990) AND (1950 < production_year))
                                                               Rows Removed by Filter: 1
                                                               Buffers: shared hit=321725 read=10863
                                             ->  Hash  (cost=1.10..1.10 rows=3 width=4) (actual time=0.015..0.016 rows=3 loops=1)
                                                   Buckets: 1024  Batches: 1  Memory Usage: 9kB
                                                   Buffers: shared hit=1
                                                   ->  Seq Scan on kind_type kt  (cost=0.00..1.10 rows=3 width=4) (actual time=0.009..0.011 rows=3 loops=1)
                                                         Filter: ((kind)::text = ANY ('{episode,movie,"tv movie"}'::text[]))
                                                         Rows Removed by Filter: 4
                                                         Buffers: shared hit=1
                                       ->  Index Scan using movie_id_movie_info on movie_info mi1  (cost=0.43..42.99 rows=1 width=8) (actual time=0.080..0.083 rows=0 loops=27293)
                                             Index Cond: (movie_id = t.id)
                                             Filter: ((info_type_id = 8) AND ((info)::text = ANY ('{Austria,Bulgaria,China,India,Iran,Romania,"Soviet Union",Taiwan}'::text[])))
                                             Rows Removed by Filter: 9
                                             Buffers: shared hit=228869 read=29476
                                 ->  Seq Scan on info_type it1  (cost=0.00..2.41 rows=1 width=4) (actual time=0.010..0.019 rows=1 loops=9253)
                                       Filter: (id = 8)
                                       Rows Removed by Filter: 112
                                       Buffers: shared hit=9253
                           ->  Seq Scan on info_type it2  (cost=0.00..2.41 rows=1 width=4) (actual time=0.010..0.019 rows=1 loops=9253)
                                 Filter: (id = 4)
                                 Rows Removed by Filter: 112
                                 Buffers: shared hit=9253
                     ->  Index Scan using movie_id_cast_info on cast_info ci  (cost=0.44..43.99 rows=38 width=12) (actual time=0.035..0.158 rows=15 loops=9253)
                           Index Cond: (movie_id = t.id)
                           Buffers: shared hit=138350 read=24551
               ->  Hash  (cost=1.15..1.15 rows=1 width=4) (actual time=0.036..0.036 rows=1 loops=1)
                     Buckets: 1024  Batches: 1  Memory Usage: 9kB
                     Buffers: shared hit=1
                     ->  Seq Scan on role_type rt  (cost=0.00..1.15 rows=1 width=4) (actual time=0.026..0.028 rows=1 loops=1)
                           Filter: ((role)::text = 'composer'::text)
                           Rows Removed by Filter: 11
                           Buffers: shared hit=1
         ->  Index Scan using name_pkey on name n  (cost=0.43..2.32 rows=1 width=4) (actual time=0.033..0.033 rows=0 loops=4593)
               Index Cond: (id = ci.person_id)
               Filter: ((gender)::text = 'f'::text)
               Rows Removed by Filter: 1
               Buffers: shared hit=17398 read=974
 Planning:
   Buffers: shared hit=574
 Planning Time: 11.139 ms
 Execution Time: 7718.689 ms
(78 rows)

