                                                                                                  QUERY PLAN                                                                                                  
--------------------------------------------------------------------------------------------------------------------------------------------------------------------------------------------------------------
 Aggregate  (cost=858804.10..858804.11 rows=1 width=8) (actual time=167605.025..167605.033 rows=1 loops=1)
   Buffers: shared hit=15460148 read=1950175, temp read=6127 written=6109
   ->  Nested Loop  (cost=782396.10..858801.55 rows=1018 width=0) (actual time=898.392..167528.571 rows=359254 loops=1)
         Buffers: shared hit=15460148 read=1950175, temp read=6127 written=6109
         ->  Hash Join  (cost=782395.67..855178.46 rows=1562 width=4) (actual time=898.130..139363.335 rows=769586 loops=1)
               Hash Cond: (ci.role_id = rt.id)
               Buffers: shared hit=12633545 read=1698434, temp read=6127 written=6109
               ->  Nested Loop  (cost=782394.50..855143.99 rows=9374 width=8) (actual time=897.818..137214.939 rows=10697028 loops=1)
                     Buffers: shared hit=12633544 read=1698434, temp read=6127 written=6109
                     ->  Nested Loop  (cost=782394.06..826590.57 rows=654 width=12) (actual time=897.790..24049.323 rows=478913 loops=1)
                           Buffers: shared hit=2434156 read=50215, temp read=6127 written=6109
                           ->  Nested Loop  (cost=782394.06..826579.98 rows=654 width=16) (actual time=897.784..23702.841 rows=478913 loops=1)
                                 Buffers: shared hit=2434155 read=50215, temp read=6127 written=6109
                                 ->  Nested Loop  (cost=782394.06..826569.39 rows=654 width=20) (actual time=897.765..23376.420 rows=478913 loops=1)
                                       Buffers: shared hit=2434154 read=50215, temp read=6127 written=6109
                                       ->  Nested Loop  (cost=782393.92..826531.81 rows=1526 width=24) (actual time=897.671..22865.906 rows=569726 loops=1)
                                             Join Filter: (t.id = mi1.movie_id)
                                             Buffers: shared hit=2434143 read=50214, temp read=6127 written=6109
                                             ->  Merge Join  (cost=782393.49..783157.89 rows=12045 width=16) (actual time=897.623..1774.612 rows=616513 loops=1)
                                                   Merge Cond: (mi1.movie_id = mi2.movie_id)
                                                   Buffers: shared hit=8889 read=9416, temp read=6127 written=6109
                                                   ->  Sort  (cost=391747.76..391902.48 rows=61888 width=8) (actual time=420.118..581.980 rows=668856 loops=1)
                                                         Sort Key: mi1.movie_id
                                                         Sort Method: external merge  Disk: 11824kB
                                                         Buffers: shared hit=4518 read=4375, temp read=1478 written=1487
                                                         ->  Bitmap Heap Scan on movie_info mi1  (cost=14226.99..386822.29 rows=61888 width=8) (actual time=36.967..305.264 rows=668856 loops=1)
                                                               Recheck Cond: (info_type_id = 8)
                                                               Filter: ((info)::text = ANY ('{Serbia,Switzerland,UK,USA}'::text[]))
                                                               Rows Removed by Filter: 656505
                                                               Heap Blocks: exact=7853
                                                               Buffers: shared hit=4518 read=4375
                                                               ->  Bitmap Index Scan on info_type_id_movie_info  (cost=0.00..14211.52 rows=1329478 width=0) (actual time=35.981..35.982 rows=1325361 loops=1)
                                                                     Index Cond: (info_type_id = 8)
                                                                     Buffers: shared read=1040
                                                   ->  Sort  (cost=390645.73..390812.98 rows=66902 width=8) (actual time=477.496..701.903 rows=863078 loops=1)
                                                         Sort Key: mi2.movie_id
                                                         Sort Method: external sort  Disk: 18480kB
                                                         Buffers: shared hit=4371 read=5041, temp read=4630 written=4622
                                                         ->  Bitmap Heap Scan on movie_info mi2  (cost=13072.09..385283.61 rows=66902 width=8) (actual time=31.140..269.036 rows=854998 loops=1)
                                                               Recheck Cond: (info_type_id = 4)
                                                               Filter: ((info)::text = ANY ('{English,German,Russian,Serbian}'::text[]))
                                                               Rows Removed by Filter: 443991
                                                               Heap Blocks: exact=8393
                                                               Buffers: shared hit=4371 read=5041
                                                               ->  Bitmap Index Scan on info_type_id_movie_info  (cost=0.00..13055.37 rows=1221191 width=0) (actual time=30.105..30.105 rows=1298989 loops=1)
                                                                     Index Cond: (info_type_id = 4)
                                                                     Buffers: shared hit=1 read=1018
                                             ->  Index Scan using title_pkey on title t  (cost=0.43..3.59 rows=1 width=8) (actual time=0.033..0.033 rows=1 loops=616513)
                                                   Index Cond: (id = mi2.movie_id)
                                                   Filter: ((production_year <= 2015) AND (1925 < production_year))
                                                   Rows Removed by Filter: 0
                                                   Buffers: shared hit=2425254 read=40798
                                       ->  Memoize  (cost=0.14..0.16 rows=1 width=4) (actual time=0.000..0.000 rows=1 loops=569726)
                                             Cache Key: t.kind_id
                                             Cache Mode: logical
                                             Hits: 569720  Misses: 6  Evictions: 0  Overflows: 0  Memory Usage: 1kB
                                             Buffers: shared hit=11 read=1
                                             ->  Index Scan using kind_type_pkey on kind_type kt  (cost=0.13..0.15 rows=1 width=4) (actual time=0.012..0.012 rows=0 loops=6)
                                                   Index Cond: (id = t.kind_id)
                                                   Filter: ((kind)::text = ANY ('{episode,movie,"video movie"}'::text[]))
                                                   Rows Removed by Filter: 0
                                                   Buffers: shared hit=11 read=1
                                 ->  Materialize  (cost=0.00..2.42 rows=1 width=4) (actual time=0.000..0.000 rows=1 loops=478913)
                                       Buffers: shared hit=1
                                       ->  Seq Scan on info_type it1  (cost=0.00..2.41 rows=1 width=4) (actual time=0.017..0.021 rows=1 loops=1)
                                             Filter: (id = 8)
                                             Rows Removed by Filter: 112
                                             Buffers: shared hit=1
                           ->  Materialize  (cost=0.00..2.42 rows=1 width=4) (actual time=0.000..0.000 rows=1 loops=478913)
                                 Buffers: shared hit=1
                                 ->  Seq Scan on info_type it2  (cost=0.00..2.41 rows=1 width=4) (actual time=0.004..0.009 rows=1 loops=1)
                                       Filter: (id = 4)
                                       Rows Removed by Filter: 112
                                       Buffers: shared hit=1
                     ->  Index Scan using movie_id_cast_info on cast_info ci  (cost=0.44..43.28 rows=38 width=12) (actual time=0.035..0.230 rows=22 loops=478913)
                           Index Cond: (movie_id = t.id)
                           Buffers: shared hit=10199388 read=1648219
               ->  Hash  (cost=1.15..1.15 rows=2 width=4) (actual time=0.043..0.044 rows=2 loops=1)
                     Buckets: 1024  Batches: 1  Memory Usage: 9kB
                     Buffers: shared hit=1
                     ->  Seq Scan on role_type rt  (cost=0.00..1.15 rows=2 width=4) (actual time=0.029..0.031 rows=2 loops=1)
                           Filter: ((role)::text = ANY ('{director,editor}'::text[]))
                           Rows Removed by Filter: 10
                           Buffers: shared hit=1
         ->  Index Scan using name_pkey on name n  (cost=0.43..2.32 rows=1 width=4) (actual time=0.036..0.036 rows=0 loops=769586)
               Index Cond: (id = ci.person_id)
               Filter: ((gender)::text = ANY ('{f,m}'::text[]))
               Rows Removed by Filter: 1
               Buffers: shared hit=2826603 read=251741
 Planning:
   Buffers: shared hit=530 read=44
 Planning Time: 13.238 ms
 Execution Time: 167613.158 ms
(93 rows)

