                                                                                               QUERY PLAN                                                                                               
--------------------------------------------------------------------------------------------------------------------------------------------------------------------------------------------------------
 Aggregate  (cost=401897.30..401897.31 rows=1 width=8) (actual time=2475.417..2475.423 rows=1 loops=1)
   Buffers: shared hit=223194 read=32808
   ->  Nested Loop  (cost=13060.49..401897.29 rows=3 width=0) (actual time=139.645..2475.404 rows=77 loops=1)
         Buffers: shared hit=223194 read=32808
         ->  Seq Scan on info_type it2  (cost=0.00..2.41 rows=1 width=4) (actual time=0.028..0.033 rows=1 loops=1)
               Filter: (id = 4)
               Rows Removed by Filter: 112
               Buffers: shared read=1
         ->  Nested Loop  (cost=13060.49..401894.85 rows=3 width=4) (actual time=139.616..2475.357 rows=77 loops=1)
               Buffers: shared hit=223194 read=32807
               ->  Seq Scan on info_type it1  (cost=0.00..2.41 rows=1 width=4) (actual time=0.006..0.013 rows=1 loops=1)
                     Filter: (id = 8)
                     Rows Removed by Filter: 112
                     Buffers: shared hit=1
               ->  Nested Loop  (cost=13060.49..401892.41 rows=3 width=8) (actual time=139.607..2475.327 rows=77 loops=1)
                     Buffers: shared hit=223193 read=32807
                     ->  Hash Join  (cost=13060.06..401873.85 rows=8 width=12) (actual time=139.553..2472.869 rows=77 loops=1)
                           Hash Cond: (ci.role_id = rt.id)
                           Buffers: shared hit=222992 read=32700
                           ->  Nested Loop  (cost=13058.89..401872.34 rows=100 width=16) (actual time=139.524..2472.796 rows=146 loops=1)
                                 Buffers: shared hit=222991 read=32700
                                 ->  Nested Loop  (cost=13058.45..401560.46 rows=7 width=20) (actual time=139.467..2470.931 rows=10 loops=1)
                                       Buffers: shared hit=222931 read=32588
                                       ->  Hash Join  (cost=13058.02..387243.24 rows=334 width=12) (actual time=35.289..2427.691 rows=506 loops=1)
                                             Hash Cond: (t.kind_id = kt.id)
                                             Buffers: shared hit=220060 read=30913
                                             ->  Nested Loop  (cost=13056.88..387238.82 rows=779 width=16) (actual time=35.259..2423.670 rows=18049 loops=1)
                                                   Buffers: shared hit=220059 read=30913
                                                   ->  Bitmap Heap Scan on movie_info mi2  (cost=13056.44..355209.60 rows=4305 width=8) (actual time=34.900..385.152 rows=60704 loops=1)
                                                         Recheck Cond: (info_type_id = 4)
                                                         Filter: ((info)::text = ANY ('{Bengali,French}'::text[]))
                                                         Rows Removed by Filter: 1238285
                                                         Heap Blocks: exact=8393
                                                         Buffers: shared hit=1 read=9411
                                                         ->  Bitmap Index Scan on info_type_id_movie_info  (cost=0.00..13055.37 rows=1221191 width=0) (actual time=32.899..32.899 rows=1298989 loops=1)
                                                               Index Cond: (info_type_id = 4)
                                                               Buffers: shared read=1019
                                                   ->  Memoize  (cost=0.44..7.47 rows=1 width=8) (actual time=0.033..0.033 rows=0 loops=60704)
                                                         Cache Key: mi2.movie_id
                                                         Cache Mode: logical
                                                         Hits: 314  Misses: 60390  Evictions: 0  Overflows: 0  Memory Usage: 4713kB
                                                         Buffers: shared hit=220058 read=21502
                                                         ->  Index Scan using title_pkey on title t  (cost=0.43..7.46 rows=1 width=8) (actual time=0.032..0.032 rows=0 loops=60390)
                                                               Index Cond: (id = mi2.movie_id)
                                                               Filter: ((production_year <= 1975) AND (1875 < production_year))
                                                               Rows Removed by Filter: 1
                                                               Buffers: shared hit=220058 read=21502
                                             ->  Hash  (cost=1.10..1.10 rows=3 width=4) (actual time=0.016..0.016 rows=3 loops=1)
                                                   Buckets: 1024  Batches: 1  Memory Usage: 9kB
                                                   Buffers: shared hit=1
                                                   ->  Seq Scan on kind_type kt  (cost=0.00..1.10 rows=3 width=4) (actual time=0.008..0.009 rows=3 loops=1)
                                                         Filter: ((kind)::text = ANY ('{"tv series","video game","video movie"}'::text[]))
                                                         Rows Removed by Filter: 4
                                                         Buffers: shared hit=1
                                       ->  Index Scan using movie_id_movie_info on movie_info mi1  (cost=0.43..42.86 rows=1 width=8) (actual time=0.085..0.085 rows=0 loops=506)
                                             Index Cond: (movie_id = t.id)
                                             Filter: ((info_type_id = 8) AND ((info)::text = ANY ('{India,Italy,USA}'::text[])))
                                             Rows Removed by Filter: 10
                                             Buffers: shared hit=2871 read=1675
                                 ->  Index Scan using movie_id_cast_info on cast_info ci  (cost=0.44..44.17 rows=38 width=12) (actual time=0.040..0.181 rows=15 loops=10)
                                       Index Cond: (movie_id = t.id)
                                       Buffers: shared hit=60 read=112
                           ->  Hash  (cost=1.15..1.15 rows=1 width=4) (actual time=0.012..0.012 rows=1 loops=1)
                                 Buckets: 1024  Batches: 1  Memory Usage: 9kB
                                 Buffers: shared hit=1
                                 ->  Seq Scan on role_type rt  (cost=0.00..1.15 rows=1 width=4) (actual time=0.006..0.008 rows=1 loops=1)
                                       Filter: ((role)::text = 'actor'::text)
                                       Rows Removed by Filter: 11
                                       Buffers: shared hit=1
                     ->  Index Scan using name_pkey on name n  (cost=0.43..2.32 rows=1 width=4) (actual time=0.031..0.031 rows=1 loops=77)
                           Index Cond: (id = ci.person_id)
                           Filter: ((gender)::text = 'm'::text)
                           Buffers: shared hit=201 read=107
 Planning:
   Buffers: shared hit=485 read=89
 Planning Time: 9.646 ms
 Execution Time: 2476.441 ms
(77 rows)

