                                                                                            QUERY PLAN                                                                                            
--------------------------------------------------------------------------------------------------------------------------------------------------------------------------------------------------
 Aggregate  (cost=533068.47..533068.48 rows=1 width=8) (actual time=1044.832..1044.839 rows=1 loops=1)
   Buffers: shared hit=36421 read=52490, temp read=389 written=389
   ->  Nested Loop  (cost=93678.60..533068.46 rows=3 width=0) (actual time=486.761..1044.821 rows=24 loops=1)
         Buffers: shared hit=36421 read=52490, temp read=389 written=389
         ->  Seq Scan on info_type it2  (cost=0.00..2.41 rows=1 width=4) (actual time=0.040..0.046 rows=1 loops=1)
               Filter: (id = 4)
               Rows Removed by Filter: 112
               Buffers: shared hit=1
         ->  Nested Loop  (cost=93678.60..533066.02 rows=3 width=4) (actual time=486.719..1044.765 rows=24 loops=1)
               Buffers: shared hit=36420 read=52490, temp read=389 written=389
               ->  Seq Scan on info_type it1  (cost=0.00..2.41 rows=1 width=4) (actual time=0.010..0.019 rows=1 loops=1)
                     Filter: (id = 8)
                     Rows Removed by Filter: 112
                     Buffers: shared hit=1
               ->  Nested Loop  (cost=93678.60..533063.57 rows=3 width=8) (actual time=486.706..1044.733 rows=24 loops=1)
                     Buffers: shared hit=36419 read=52490, temp read=389 written=389
                     ->  Hash Join  (cost=93678.17..533038.06 rows=11 width=12) (actual time=424.440..1036.278 rows=210 loops=1)
                           Hash Cond: (ci.role_id = rt.id)
                           Buffers: shared hit=35850 read=52219, temp read=389 written=389
                           ->  Nested Loop  (cost=93677.00..533036.43 rows=129 width=16) (actual time=421.897..1033.658 rows=22360 loops=1)
                                 Buffers: shared hit=35849 read=52219, temp read=389 written=389
                                 ->  Nested Loop  (cost=93676.56..532635.45 rows=9 width=20) (actual time=421.868..798.554 rows=1865 loops=1)
                                       Buffers: shared hit=16410 read=44108, temp read=389 written=389
                                       ->  Hash Join  (cost=93676.13..467279.71 rows=1512 width=12) (actual time=421.802..666.906 rows=1890 loops=1)
                                             Hash Cond: (mi1.movie_id = t.id)
                                             Buffers: shared hit=5897 read=39388, temp read=389 written=389
                                             ->  Bitmap Heap Scan on movie_info mi1  (cost=14216.43..386811.72 rows=19512 width=8) (actual time=38.537..235.087 rows=217100 loops=1)
                                                   Recheck Cond: (info_type_id = 8)
                                                   Filter: ((info)::text = ANY ('{Austria,Brazil,Czechoslovakia,Denmark,"East Germany",France,Germany,Greece,Italy,Philippines,Turkey}'::text[]))
                                                   Rows Removed by Filter: 1108261
                                                   Heap Blocks: exact=7853
                                                   Buffers: shared hit=2 read=8891
                                                   ->  Bitmap Index Scan on info_type_id_movie_info  (cost=0.00..14211.52 rows=1329478 width=0) (actual time=37.557..37.557 rows=1325361 loops=1)
                                                         Index Cond: (info_type_id = 8)
                                                         Buffers: shared read=1040
                                             ->  Hash  (cost=76244.10..76244.10 rows=195968 width=4) (actual time=382.000..382.003 rows=11843 loops=1)
                                                   Buckets: 262144  Batches: 2  Memory Usage: 2260kB
                                                   Buffers: shared hit=5895 read=30497, temp written=17
                                                   ->  Hash Join  (cost=1.13..76244.10 rows=195968 width=4) (actual time=0.135..379.276 rows=11843 loops=1)
                                                         Hash Cond: (t.kind_id = kt.id)
                                                         Buffers: shared hit=5895 read=30497
                                                         ->  Seq Scan on title t  (cost=0.00..74315.95 rows=457258 width=8) (actual time=0.025..353.589 rows=451569 loops=1)
                                                               Filter: ((production_year <= 1975) AND (1875 < production_year))
                                                               Rows Removed by Filter: 2076743
                                                               Buffers: shared hit=5894 read=30497
                                                         ->  Hash  (cost=1.10..1.10 rows=3 width=4) (actual time=0.015..0.016 rows=3 loops=1)
                                                               Buckets: 1024  Batches: 1  Memory Usage: 9kB
                                                               Buffers: shared hit=1
                                                               ->  Seq Scan on kind_type kt  (cost=0.00..1.10 rows=3 width=4) (actual time=0.008..0.009 rows=3 loops=1)
                                                                     Filter: ((kind)::text = ANY ('{"tv series","video game","video movie"}'::text[]))
                                                                     Rows Removed by Filter: 4
                                                                     Buffers: shared hit=1
                                       ->  Index Scan using movie_id_movie_info on movie_info mi2  (cost=0.43..43.21 rows=1 width=8) (actual time=0.059..0.069 rows=1 loops=1890)
                                             Index Cond: (movie_id = t.id)
                                             Filter: ((info_type_id = 4) AND ((info)::text = ANY ('{Czech,Danish,Filipino,French,German,Greek,Italian,Portuguese,Tagalog,Turkish}'::text[])))
                                             Rows Removed by Filter: 5
                                             Buffers: shared hit=10513 read=4720
                                 ->  Index Scan using movie_id_cast_info on cast_info ci  (cost=0.44..44.17 rows=38 width=12) (actual time=0.030..0.124 rows=12 loops=1865)
                                       Index Cond: (movie_id = t.id)
                                       Buffers: shared hit=19439 read=8111
                           ->  Hash  (cost=1.15..1.15 rows=1 width=4) (actual time=0.017..0.018 rows=1 loops=1)
                                 Buckets: 1024  Batches: 1  Memory Usage: 9kB
                                 Buffers: shared hit=1
                                 ->  Seq Scan on role_type rt  (cost=0.00..1.15 rows=1 width=4) (actual time=0.010..0.011 rows=1 loops=1)
                                       Filter: ((role)::text = 'miscellaneous crew'::text)
                                       Rows Removed by Filter: 11
                                       Buffers: shared hit=1
                     ->  Index Scan using name_pkey on name n  (cost=0.43..2.32 rows=1 width=4) (actual time=0.040..0.040 rows=0 loops=210)
                           Index Cond: (id = ci.person_id)
                           Filter: ((gender)::text = 'f'::text)
                           Rows Removed by Filter: 1
                           Buffers: shared hit=569 read=271
 Planning:
   Buffers: shared hit=487 read=90
 Planning Time: 14.697 ms
 Execution Time: 1045.432 ms
(76 rows)

