                                                                                            QUERY PLAN                                                                                            
--------------------------------------------------------------------------------------------------------------------------------------------------------------------------------------------------
 Aggregate  (cost=578971.45..578971.46 rows=1 width=8) (actual time=16317.693..16317.702 rows=1 loops=1)
   Buffers: shared hit=1445429 read=208976, temp read=1850 written=1850
   ->  Nested Loop  (cost=94674.79..578971.44 rows=3 width=0) (actual time=592.331..16316.984 rows=1520 loops=1)
         Buffers: shared hit=1445429 read=208976, temp read=1850 written=1850
         ->  Seq Scan on info_type it2  (cost=0.00..2.41 rows=1 width=4) (actual time=0.037..0.049 rows=1 loops=1)
               Filter: (id = 4)
               Rows Removed by Filter: 112
               Buffers: shared hit=1
         ->  Nested Loop  (cost=94674.79..578969.00 rows=3 width=4) (actual time=592.292..16316.487 rows=1520 loops=1)
               Buffers: shared hit=1445428 read=208976, temp read=1850 written=1850
               ->  Seq Scan on info_type it1  (cost=0.00..2.41 rows=1 width=4) (actual time=0.009..0.022 rows=1 loops=1)
                     Filter: (id = 8)
                     Rows Removed by Filter: 112
                     Buffers: shared hit=1
               ->  Nested Loop  (cost=94674.79..578966.55 rows=3 width=8) (actual time=592.280..16315.917 rows=1520 loops=1)
                     Buffers: shared hit=1445427 read=208976, temp read=1850 written=1850
                     ->  Hash Join  (cost=94674.36..578934.08 rows=14 width=12) (actual time=573.627..15504.205 rows=22694 loops=1)
                           Hash Cond: (ci.role_id = rt.id)
                           Buffers: shared hit=1358574 read=205053, temp read=1850 written=1850
                           ->  Nested Loop  (cost=94673.20..578932.31 rows=172 width=16) (actual time=571.962..15346.864 rows=837350 loops=1)
                                 Buffers: shared hit=1358573 read=205053, temp read=1850 written=1850
                                 ->  Nested Loop  (cost=94672.76..578399.82 rows=12 width=20) (actual time=571.936..6322.696 rows=49842 loops=1)
                                       Buffers: shared hit=484912 read=107374, temp read=1850 written=1850
                                       ->  Hash Join  (cost=94672.33..513555.60 rows=1508 width=12) (actual time=571.876..1210.156 rows=60401 loops=1)
                                             Hash Cond: (mi1.movie_id = t.id)
                                             Buffers: shared hit=14195 read=31090, temp read=1850 written=1850
                                             ->  Bitmap Heap Scan on movie_info mi1  (cost=14215.59..431980.67 rows=16298 width=8) (actual time=37.283..499.523 rows=188869 loops=1)
                                                   Recheck Cond: (info_type_id = 8)
                                                   Filter: ((info)::text = ANY ('{Argentina,France,India,Japan,Philippines,"South Korea","West Germany"}'::text[]))
                                                   Rows Removed by Filter: 1136492
                                                   Heap Blocks: exact=7853
                                                   Buffers: shared hit=6219 read=2674
                                                   ->  Bitmap Index Scan on info_type_id_movie_info  (cost=0.00..14211.52 rows=1329478 width=0) (actual time=36.264..36.265 rows=1325361 loops=1)
                                                         Index Cond: (info_type_id = 8)
                                                         Buffers: shared hit=1040
                                             ->  Hash  (cost=76617.93..76617.93 rows=233984 width=4) (actual time=531.917..531.920 rows=504538 loops=1)
                                                   Buckets: 262144 (originally 262144)  Batches: 4 (originally 2)  Memory Usage: 6483kB
                                                   Buffers: shared hit=7976 read=28416, temp written=1107
                                                   ->  Hash Join  (cost=1.13..76617.93 rows=233984 width=4) (actual time=0.035..450.284 rows=504538 loops=1)
                                                         Hash Cond: (t.kind_id = kt.id)
                                                         Buffers: shared hit=7976 read=28416
                                                         ->  Seq Scan on title t  (cost=0.00..74315.95 rows=545963 width=8) (actual time=0.018..388.553 rows=538239 loops=1)
                                                               Filter: ((production_year <= 1990) AND (1950 < production_year))
                                                               Rows Removed by Filter: 1990073
                                                               Buffers: shared hit=7975 read=28416
                                                         ->  Hash  (cost=1.10..1.10 rows=3 width=4) (actual time=0.013..0.015 rows=3 loops=1)
                                                               Buckets: 1024  Batches: 1  Memory Usage: 9kB
                                                               Buffers: shared hit=1
                                                               ->  Seq Scan on kind_type kt  (cost=0.00..1.10 rows=3 width=4) (actual time=0.006..0.007 rows=3 loops=1)
                                                                     Filter: ((kind)::text = ANY ('{episode,movie,"tv movie"}'::text[]))
                                                                     Rows Removed by Filter: 4
                                                                     Buffers: shared hit=1
                                       ->  Index Scan using movie_id_movie_info on movie_info mi2  (cost=0.43..42.99 rows=1 width=8) (actual time=0.048..0.084 rows=1 loops=60401)
                                             Index Cond: (movie_id = t.id)
                                             Filter: ((info_type_id = 4) AND ((info)::text = ANY ('{Filipino,French,German,Japanese,Korean,Malayalam,Spanish,Tagalog}'::text[])))
                                             Rows Removed by Filter: 8
                                             Buffers: shared hit=470717 read=76284
                                 ->  Index Scan using movie_id_cast_info on cast_info ci  (cost=0.44..43.99 rows=38 width=12) (actual time=0.035..0.176 rows=17 loops=49842)
                                       Index Cond: (movie_id = t.id)
                                       Buffers: shared hit=873661 read=97679
                           ->  Hash  (cost=1.15..1.15 rows=1 width=4) (actual time=0.020..0.020 rows=1 loops=1)
                                 Buckets: 1024  Batches: 1  Memory Usage: 9kB
                                 Buffers: shared hit=1
                                 ->  Seq Scan on role_type rt  (cost=0.00..1.15 rows=1 width=4) (actual time=0.011..0.012 rows=1 loops=1)
                                       Filter: ((role)::text = 'editor'::text)
                                       Rows Removed by Filter: 11
                                       Buffers: shared hit=1
                     ->  Index Scan using name_pkey on name n  (cost=0.43..2.32 rows=1 width=4) (actual time=0.035..0.035 rows=0 loops=22694)
                           Index Cond: (id = ci.person_id)
                           Filter: ((gender)::text = 'f'::text)
                           Rows Removed by Filter: 1
                           Buffers: shared hit=86853 read=3923
 Planning:
   Buffers: shared hit=574
 Planning Time: 14.321 ms
 Execution Time: 16318.347 ms
(76 rows)

