                                                                                               QUERY PLAN                                                                                               
--------------------------------------------------------------------------------------------------------------------------------------------------------------------------------------------------------
 Aggregate  (cost=467740.02..467740.03 rows=1 width=8) (actual time=2354.923..2354.930 rows=1 loops=1)
   Buffers: shared hit=202519 read=40142
   ->  Nested Loop  (cost=14216.48..467739.98 rows=18 width=0) (actual time=150.404..2354.884 rows=52 loops=1)
         Buffers: shared hit=202519 read=40142
         ->  Seq Scan on info_type it2  (cost=0.00..2.41 rows=1 width=4) (actual time=0.047..0.055 rows=1 loops=1)
               Filter: (id = 4)
               Rows Removed by Filter: 112
               Buffers: shared hit=1
         ->  Nested Loop  (cost=14216.48..467737.38 rows=18 width=4) (actual time=150.355..2354.805 rows=52 loops=1)
               Buffers: shared hit=202518 read=40142
               ->  Seq Scan on info_type it1  (cost=0.00..2.41 rows=1 width=4) (actual time=0.013..0.022 rows=1 loops=1)
                     Filter: (id = 8)
                     Rows Removed by Filter: 112
                     Buffers: shared hit=1
               ->  Nested Loop  (cost=14216.48..467734.79 rows=18 width=8) (actual time=150.339..2354.759 rows=52 loops=1)
                     Buffers: shared hit=202517 read=40142
                     ->  Hash Join  (cost=14216.05..467551.55 rows=79 width=12) (actual time=38.007..2324.428 rows=876 loops=1)
                           Hash Cond: (ci.role_id = rt.id)
                           Buffers: shared hit=200075 read=39080
                           ->  Nested Loop  (cost=14214.87..467548.70 rows=473 width=16) (actual time=37.916..2322.720 rows=10391 loops=1)
                                 Buffers: shared hit=200074 read=39080
                                 ->  Nested Loop  (cost=14214.43..466106.67 rows=33 width=20) (actual time=37.878..2196.671 rows=697 loops=1)
                                       Buffers: shared hit=193286 read=33884
                                       ->  Hash Join  (cost=14214.00..414221.41 rows=1227 width=12) (actual time=37.803..1838.057 rows=4873 loops=1)
                                             Hash Cond: (t.kind_id = kt.id)
                                             Buffers: shared hit=159388 read=24406
                                             ->  Nested Loop  (cost=14212.86..414208.22 rows=2862 width=16) (actual time=37.765..1832.165 rows=28977 loops=1)
                                                   Buffers: shared hit=159387 read=24406
                                                   ->  Bitmap Heap Scan on movie_info mi1  (cost=14212.42..386807.72 rows=3613 width=8) (actual time=37.727..430.324 rows=43875 loops=1)
                                                         Recheck Cond: (info_type_id = 8)
                                                         Filter: ((info)::text = ANY ('{Cuba,Denmark,India,Singapore}'::text[]))
                                                         Rows Removed by Filter: 1281486
                                                         Heap Blocks: exact=7853
                                                         Buffers: shared hit=4091 read=4802
                                                         ->  Bitmap Index Scan on info_type_id_movie_info  (cost=0.00..14211.52 rows=1329478 width=0) (actual time=36.725..36.725 rows=1325361 loops=1)
                                                               Index Cond: (info_type_id = 8)
                                                               Buffers: shared read=1040
                                                   ->  Memoize  (cost=0.44..7.61 rows=1 width=8) (actual time=0.032..0.032 rows=1 loops=43875)
                                                         Cache Key: mi1.movie_id
                                                         Cache Mode: logical
                                                         Hits: 150  Misses: 43725  Evictions: 0  Overflows: 0  Memory Usage: 4031kB
                                                         Buffers: shared hit=155296 read=19604
                                                         ->  Index Scan using title_pkey on title t  (cost=0.43..7.60 rows=1 width=8) (actual time=0.031..0.031 rows=1 loops=43725)
                                                               Index Cond: (id = mi1.movie_id)
                                                               Filter: ((production_year <= 2015) AND (1975 < production_year))
                                                               Rows Removed by Filter: 0
                                                               Buffers: shared hit=155296 read=19604
                                             ->  Hash  (cost=1.10..1.10 rows=3 width=4) (actual time=0.016..0.016 rows=3 loops=1)
                                                   Buckets: 1024  Batches: 1  Memory Usage: 9kB
                                                   Buffers: shared hit=1
                                                   ->  Seq Scan on kind_type kt  (cost=0.00..1.10 rows=3 width=4) (actual time=0.008..0.010 rows=3 loops=1)
                                                         Filter: ((kind)::text = ANY ('{"tv movie","tv series","video game"}'::text[]))
                                                         Rows Removed by Filter: 4
                                                         Buffers: shared hit=1
                                       ->  Index Scan using movie_id_movie_info on movie_info mi2  (cost=0.43..42.28 rows=1 width=8) (actual time=0.069..0.073 rows=0 loops=4873)
                                             Index Cond: (movie_id = t.id)
                                             Filter: ((info_type_id = 4) AND ((info)::text = ANY ('{English,Marathi,Spanish}'::text[])))
                                             Rows Removed by Filter: 7
                                             Buffers: shared hit=33898 read=9478
                                 ->  Index Scan using movie_id_cast_info on cast_info ci  (cost=0.44..43.32 rows=38 width=12) (actual time=0.039..0.177 rows=15 loops=697)
                                       Index Cond: (movie_id = t.id)
                                       Buffers: shared hit=6788 read=5196
                           ->  Hash  (cost=1.15..1.15 rows=2 width=4) (actual time=0.019..0.020 rows=2 loops=1)
                                 Buckets: 1024  Batches: 1  Memory Usage: 9kB
                                 Buffers: shared hit=1
                                 ->  Seq Scan on role_type rt  (cost=0.00..1.15 rows=2 width=4) (actual time=0.011..0.013 rows=2 loops=1)
                                       Filter: ((role)::text = ANY ('{cinematographer,director}'::text[]))
                                       Rows Removed by Filter: 10
                                       Buffers: shared hit=1
                     ->  Index Scan using name_pkey on name n  (cost=0.43..2.32 rows=1 width=4) (actual time=0.034..0.034 rows=0 loops=876)
                           Index Cond: (id = ci.person_id)
                           Filter: ((gender)::text = 'f'::text)
                           Rows Removed by Filter: 1
                           Buffers: shared hit=2442 read=1062
 Planning:
   Buffers: shared hit=484 read=90
 Planning Time: 14.215 ms
 Execution Time: 2356.164 ms
(78 rows)

