                                                                                               QUERY PLAN                                                                                               
--------------------------------------------------------------------------------------------------------------------------------------------------------------------------------------------------------
 Aggregate  (cost=507127.84..507127.85 rows=1 width=8) (actual time=13226.507..13226.515 rows=1 loops=1)
   Buffers: shared hit=1263328 read=100939
   ->  Nested Loop  (cost=14218.74..507127.81 rows=13 width=0) (actual time=36.336..13223.695 rows=10280 loops=1)
         Buffers: shared hit=1263328 read=100939
         ->  Seq Scan on info_type it2  (cost=0.00..2.41 rows=1 width=4) (actual time=0.052..0.062 rows=1 loops=1)
               Filter: (id = 4)
               Rows Removed by Filter: 112
               Buffers: shared hit=1
         ->  Nested Loop  (cost=14218.74..507125.27 rows=13 width=4) (actual time=36.283..13221.201 rows=10280 loops=1)
               Buffers: shared hit=1263327 read=100939
               ->  Seq Scan on info_type it1  (cost=0.00..2.41 rows=1 width=4) (actual time=0.013..0.026 rows=1 loops=1)
                     Filter: (id = 8)
                     Rows Removed by Filter: 112
                     Buffers: shared hit=1
               ->  Nested Loop  (cost=14218.74..507122.72 rows=13 width=8) (actual time=36.266..13218.436 rows=10280 loops=1)
                     Buffers: shared hit=1263326 read=100939
                     ->  Hash Join  (cost=14218.31..507050.82 rows=31 width=12) (actual time=36.235..12414.427 rows=20970 loops=1)
                           Hash Cond: (ci.role_id = rt.id)
                           Buffers: shared hit=1186916 read=93469
                           ->  Nested Loop  (cost=14217.15..507048.33 rows=373 width=16) (actual time=36.098..12362.085 rows=232460 loops=1)
                                 Buffers: shared hit=1186915 read=93469
                                 ->  Nested Loop  (cost=14216.71..505889.92 rows=26 width=20) (actual time=36.067..9554.213 rows=16235 loops=1)
                                       Buffers: shared hit=948844 read=56332
                                       ->  Hash Join  (cost=14216.27..463623.12 rows=979 width=12) (actual time=36.006..5854.379 rows=42784 loops=1)
                                             Hash Cond: (t.kind_id = kt.id)
                                             Buffers: shared hit=594249 read=20577
                                             ->  Nested Loop  (cost=14215.14..463612.36 rows=2285 width=16) (actual time=35.881..5832.039 rows=43895 loops=1)
                                                   Buffers: shared hit=594248 read=20577
                                                   ->  Bitmap Heap Scan on movie_info mi1  (cost=14214.70..386810.00 rows=12633 width=8) (actual time=35.269..432.407 rows=154170 loops=1)
                                                         Recheck Cond: (info_type_id = 8)
                                                         Filter: ((info)::text = ANY ('{Belgium,Canada,Egypt,"Hong Kong",India,Italy,Netherlands,Poland,Taiwan}'::text[]))
                                                         Rows Removed by Filter: 1171191
                                                         Heap Blocks: exact=7853
                                                         Buffers: shared hit=6414 read=2479
                                                         ->  Bitmap Index Scan on info_type_id_movie_info  (cost=0.00..14211.52 rows=1329478 width=0) (actual time=34.301..34.301 rows=1325361 loops=1)
                                                               Index Cond: (info_type_id = 8)
                                                               Buffers: shared hit=1040
                                                   ->  Memoize  (cost=0.44..6.17 rows=1 width=8) (actual time=0.035..0.035 rows=0 loops=154170)
                                                         Cache Key: mi1.movie_id
                                                         Cache Mode: logical
                                                         Hits: 2687  Misses: 151483  Evictions: 48503  Overflows: 0  Memory Usage: 8193kB
                                                         Buffers: shared hit=587834 read=18098
                                                         ->  Index Scan using title_pkey on title t  (cost=0.43..6.16 rows=1 width=8) (actual time=0.034..0.034 rows=0 loops=151483)
                                                               Index Cond: (id = mi1.movie_id)
                                                               Filter: ((production_year <= 1975) AND (1875 < production_year))
                                                               Rows Removed by Filter: 1
                                                               Buffers: shared hit=587834 read=18098
                                             ->  Hash  (cost=1.10..1.10 rows=3 width=4) (actual time=0.020..0.021 rows=3 loops=1)
                                                   Buckets: 1024  Batches: 1  Memory Usage: 9kB
                                                   Buffers: shared hit=1
                                                   ->  Seq Scan on kind_type kt  (cost=0.00..1.10 rows=3 width=4) (actual time=0.010..0.012 rows=3 loops=1)
                                                         Filter: ((kind)::text = ANY ('{episode,movie,"tv movie"}'::text[]))
                                                         Rows Removed by Filter: 4
                                                         Buffers: shared hit=1
                                       ->  Index Scan using movie_id_movie_info on movie_info mi2  (cost=0.43..43.16 rows=1 width=8) (actual time=0.067..0.086 rows=0 loops=42784)
                                             Index Cond: (movie_id = t.id)
                                             Filter: ((info_type_id = 4) AND ((info)::text = ANY ('{Arabic,Bengali,Cantonese,Dutch,English,French,Mandarin,Polish,Tamil}'::text[])))
                                             Rows Removed by Filter: 9
                                             Buffers: shared hit=354595 read=35755
                                 ->  Index Scan using movie_id_cast_info on cast_info ci  (cost=0.44..44.17 rows=38 width=12) (actual time=0.038..0.168 rows=14 loops=16235)
                                       Index Cond: (movie_id = t.id)
                                       Buffers: shared hit=238071 read=37137
                           ->  Hash  (cost=1.15..1.15 rows=1 width=4) (actual time=0.018..0.019 rows=1 loops=1)
                                 Buckets: 1024  Batches: 1  Memory Usage: 9kB
                                 Buffers: shared hit=1
                                 ->  Seq Scan on role_type rt  (cost=0.00..1.15 rows=1 width=4) (actual time=0.010..0.012 rows=1 loops=1)
                                       Filter: ((role)::text = 'writer'::text)
                                       Rows Removed by Filter: 11
                                       Buffers: shared hit=1
                     ->  Index Scan using name_pkey on name n  (cost=0.43..2.32 rows=1 width=4) (actual time=0.038..0.038 rows=0 loops=20970)
                           Index Cond: (id = ci.person_id)
                           Filter: ((gender)::text = 'm'::text)
                           Rows Removed by Filter: 1
                           Buffers: shared hit=76410 read=7470
 Planning:
   Buffers: shared hit=576 read=1
 Planning Time: 13.146 ms
 Execution Time: 13229.359 ms
(78 rows)

