                                                                                               QUERY PLAN                                                                                               
--------------------------------------------------------------------------------------------------------------------------------------------------------------------------------------------------------
 Aggregate  (cost=433289.21..433289.22 rows=1 width=8) (actual time=8999.593..8999.601 rows=1 loops=1)
   Buffers: shared hit=887615 read=51586
   ->  Nested Loop  (cost=14217.16..433289.21 rows=1 width=0) (actual time=271.721..8986.867 rows=78848 loops=1)
         Buffers: shared hit=887615 read=51586
         ->  Hash Join  (cost=14216.73..433286.89 rows=1 width=4) (actual time=271.690..6239.223 rows=78848 loops=1)
               Hash Cond: (ci.role_id = rt.id)
               Buffers: shared hit=582759 read=41050
               ->  Nested Loop  (cost=14215.56..433285.68 rows=14 width=8) (actual time=271.626..6189.448 rows=177764 loops=1)
                     Buffers: shared hit=582758 read=41050
                     ->  Nested Loop  (cost=14215.12..433240.80 rows=1 width=12) (actual time=271.589..4249.923 rows=11403 loops=1)
                           Buffers: shared hit=394061 read=20502
                           ->  Nested Loop  (cost=14215.12..433238.38 rows=1 width=16) (actual time=271.584..3997.031 rows=11403 loops=1)
                                 Buffers: shared hit=382658 read=20502
                                 ->  Nested Loop  (cost=14215.12..433235.95 rows=1 width=20) (actual time=271.571..3747.252 rows=11403 loops=1)
                                       Buffers: shared hit=371255 read=20502
                                       ->  Hash Join  (cost=14214.69..416734.05 rows=383 width=12) (actual time=271.466..2472.421 rows=17360 loops=1)
                                             Hash Cond: (t.kind_id = kt.id)
                                             Buffers: shared hit=243550 read=7856
                                             ->  Nested Loop  (cost=14213.56..416729.14 rows=893 width=16) (actual time=38.574..2463.615 rows=17823 loops=1)
                                                   Buffers: shared hit=243549 read=7856
                                                   ->  Bitmap Heap Scan on movie_info mi1  (cost=14213.12..371751.82 rows=6381 width=8) (actual time=37.875..446.011 rows=60845 loops=1)
                                                         Recheck Cond: (info_type_id = 8)
                                                         Filter: ((info)::text = ANY ('{India,Mexico,Philippines}'::text[]))
                                                         Rows Removed by Filter: 1264516
                                                         Heap Blocks: exact=7853
                                                         Buffers: shared hit=4397 read=4496
                                                         ->  Bitmap Index Scan on info_type_id_movie_info  (cost=0.00..14211.52 rows=1329478 width=0) (actual time=36.874..36.874 rows=1325361 loops=1)
                                                               Index Cond: (info_type_id = 8)
                                                               Buffers: shared read=1040
                                                   ->  Memoize  (cost=0.44..7.09 rows=1 width=8) (actual time=0.033..0.033 rows=0 loops=60845)
                                                         Cache Key: mi1.movie_id
                                                         Cache Mode: logical
                                                         Hits: 217  Misses: 60628  Evictions: 0  Overflows: 0  Memory Usage: 4721kB
                                                         Buffers: shared hit=239152 read=3360
                                                         ->  Index Scan using title_pkey on title t  (cost=0.43..7.08 rows=1 width=8) (actual time=0.032..0.032 rows=0 loops=60628)
                                                               Index Cond: (id = mi1.movie_id)
                                                               Filter: ((production_year <= 1975) AND (1925 < production_year))
                                                               Rows Removed by Filter: 1
                                                               Buffers: shared hit=239152 read=3360
                                             ->  Hash  (cost=1.10..1.10 rows=3 width=4) (actual time=0.022..0.023 rows=3 loops=1)
                                                   Buckets: 1024  Batches: 1  Memory Usage: 9kB
                                                   Buffers: shared hit=1
                                                   ->  Seq Scan on kind_type kt  (cost=0.00..1.10 rows=3 width=4) (actual time=0.010..0.013 rows=3 loops=1)
                                                         Filter: ((kind)::text = ANY ('{episode,movie,"tv movie"}'::text[]))
                                                         Rows Removed by Filter: 4
                                                         Buffers: shared hit=1
                                       ->  Index Scan using movie_id_movie_info on movie_info mi2  (cost=0.43..43.08 rows=1 width=8) (actual time=0.042..0.073 rows=1 loops=17360)
                                             Index Cond: (movie_id = t.id)
                                             Filter: ((info_type_id = 4) AND ((info)::text = ANY ('{Filipino,Hindi,Spanish}'::text[])))
                                             Rows Removed by Filter: 6
                                             Buffers: shared hit=127705 read=12646
                                 ->  Seq Scan on info_type it1  (cost=0.00..2.41 rows=1 width=4) (actual time=0.011..0.020 rows=1 loops=11403)
                                       Filter: (id = 8)
                                       Rows Removed by Filter: 112
                                       Buffers: shared hit=11403
                           ->  Seq Scan on info_type it2  (cost=0.00..2.41 rows=1 width=4) (actual time=0.011..0.020 rows=1 loops=11403)
                                 Filter: (id = 4)
                                 Rows Removed by Filter: 112
                                 Buffers: shared hit=11403
                     ->  Index Scan using movie_id_cast_info on cast_info ci  (cost=0.44..44.50 rows=38 width=12) (actual time=0.037..0.166 rows=16 loops=11403)
                           Index Cond: (movie_id = t.id)
                           Buffers: shared hit=188697 read=20548
               ->  Hash  (cost=1.15..1.15 rows=1 width=4) (actual time=0.035..0.035 rows=1 loops=1)
                     Buckets: 1024  Batches: 1  Memory Usage: 9kB
                     Buffers: shared hit=1
                     ->  Seq Scan on role_type rt  (cost=0.00..1.15 rows=1 width=4) (actual time=0.026..0.029 rows=1 loops=1)
                           Filter: ((role)::text = 'actor'::text)
                           Rows Removed by Filter: 11
                           Buffers: shared hit=1
         ->  Index Scan using name_pkey on name n  (cost=0.43..2.32 rows=1 width=4) (actual time=0.034..0.034 rows=1 loops=78848)
               Index Cond: (id = ci.person_id)
               Filter: ((gender)::text = 'm'::text)
               Buffers: shared hit=304856 read=10536
 Planning:
   Buffers: shared hit=530 read=44
 Planning Time: 13.939 ms
 Execution Time: 9001.366 ms
(77 rows)

