                                                                                                 QUERY PLAN                                                                                                 
------------------------------------------------------------------------------------------------------------------------------------------------------------------------------------------------------------
 Aggregate  (cost=535396.04..535396.05 rows=1 width=8) (actual time=7911.573..7911.581 rows=1 loops=1)
   Buffers: shared hit=781603 read=28900
   ->  Nested Loop  (cost=13062.39..535396.03 rows=2 width=0) (actual time=41.354..7911.543 rows=34 loops=1)
         Buffers: shared hit=781603 read=28900
         ->  Seq Scan on info_type it2  (cost=0.00..2.41 rows=1 width=4) (actual time=0.051..0.061 rows=1 loops=1)
               Filter: (id = 4)
               Rows Removed by Filter: 112
               Buffers: shared hit=1
         ->  Nested Loop  (cost=13062.39..535393.60 rows=2 width=4) (actual time=41.302..7911.462 rows=34 loops=1)
               Buffers: shared hit=781602 read=28900
               ->  Seq Scan on info_type it1  (cost=0.00..2.41 rows=1 width=4) (actual time=0.010..0.022 rows=1 loops=1)
                     Filter: (id = 8)
                     Rows Removed by Filter: 112
                     Buffers: shared hit=1
               ->  Nested Loop  (cost=13062.39..535391.17 rows=2 width=8) (actual time=41.289..7911.418 rows=34 loops=1)
                     Buffers: shared hit=781601 read=28900
                     ->  Hash Join  (cost=13061.96..535381.89 rows=4 width=12) (actual time=38.446..7905.633 rows=161 loops=1)
                           Hash Cond: (ci.role_id = rt.id)
                           Buffers: shared hit=781132 read=28725
                           ->  Nested Loop  (cost=13060.80..535380.57 rows=43 width=16) (actual time=37.830..7904.129 rows=7096 loops=1)
                                 Buffers: shared hit=781131 read=28725
                                 ->  Nested Loop  (cost=13060.36..535245.93 rows=3 width=20) (actual time=37.789..7786.362 rows=1030 loops=1)
                                       Buffers: shared hit=775014 read=24792
                                       ->  Hash Join  (cost=13059.92..504256.27 rows=715 width=12) (actual time=37.705..7606.731 rows=2282 loops=1)
                                             Hash Cond: (t.kind_id = kt.id)
                                             Buffers: shared hit=758425 read=21188
                                             ->  Nested Loop  (cost=13058.79..504248.11 rows=1669 width=16) (actual time=37.662..7596.320 rows=41876 loops=1)
                                                   Buffers: shared hit=758424 read=21188
                                                   ->  Bitmap Heap Scan on movie_info mi2  (cost=13058.35..430357.41 rows=11929 width=8) (actual time=37.615..737.333 rows=195209 loops=1)
                                                         Recheck Cond: (info_type_id = 4)
                                                         Filter: ((info)::text = ANY ('{Czech,Filipino,German,Russian,Serbo-Croatian,Spanish,Turkish}'::text[]))
                                                         Rows Removed by Filter: 1103780
                                                         Heap Blocks: exact=8393
                                                         Buffers: shared hit=4690 read=4722
                                                         ->  Bitmap Index Scan on info_type_id_movie_info  (cost=0.00..13055.37 rows=1221191 width=0) (actual time=35.133..35.134 rows=1298989 loops=1)
                                                               Index Cond: (info_type_id = 4)
                                                               Buffers: shared hit=1 read=1018
                                                   ->  Memoize  (cost=0.44..6.28 rows=1 width=8) (actual time=0.035..0.035 rows=0 loops=195209)
                                                         Cache Key: mi2.movie_id
                                                         Cache Mode: logical
                                                         Hits: 2659  Misses: 192550  Evictions: 81643  Overflows: 0  Memory Usage: 8193kB
                                                         Buffers: shared hit=753734 read=16466
                                                         ->  Index Scan using title_pkey on title t  (cost=0.43..6.27 rows=1 width=8) (actual time=0.034..0.034 rows=0 loops=192550)
                                                               Index Cond: (id = mi2.movie_id)
                                                               Filter: ((production_year <= 1975) AND (1925 < production_year))
                                                               Rows Removed by Filter: 1
                                                               Buffers: shared hit=753734 read=16466
                                             ->  Hash  (cost=1.10..1.10 rows=3 width=4) (actual time=0.021..0.022 rows=3 loops=1)
                                                   Buckets: 1024  Batches: 1  Memory Usage: 9kB
                                                   Buffers: shared hit=1
                                                   ->  Seq Scan on kind_type kt  (cost=0.00..1.10 rows=3 width=4) (actual time=0.012..0.014 rows=3 loops=1)
                                                         Filter: ((kind)::text = ANY ('{"tv series","video game","video movie"}'::text[]))
                                                         Rows Removed by Filter: 4
                                                         Buffers: shared hit=1
                                       ->  Index Scan using movie_id_movie_info on movie_info mi1  (cost=0.43..43.33 rows=1 width=8) (actual time=0.072..0.078 rows=0 loops=2282)
                                             Index Cond: (movie_id = t.id)
                                             Filter: ((info_type_id = 8) AND ((info)::text = ANY ('{Argentina,Czechoslovakia,"East Germany",Philippines,"Soviet Union",Spain,Turkey,Yugoslavia}'::text[])))
                                             Rows Removed by Filter: 8
                                             Buffers: shared hit=16589 read=3604
                                 ->  Index Scan using movie_id_cast_info on cast_info ci  (cost=0.44..44.50 rows=38 width=12) (actual time=0.044..0.112 rows=7 loops=1030)
                                       Index Cond: (movie_id = t.id)
                                       Buffers: shared hit=6117 read=3933
                           ->  Hash  (cost=1.15..1.15 rows=1 width=4) (actual time=0.019..0.020 rows=1 loops=1)
                                 Buckets: 1024  Batches: 1  Memory Usage: 9kB
                                 Buffers: shared hit=1
                                 ->  Seq Scan on role_type rt  (cost=0.00..1.15 rows=1 width=4) (actual time=0.010..0.011 rows=1 loops=1)
                                       Filter: ((role)::text = 'cinematographer'::text)
                                       Rows Removed by Filter: 11
                                       Buffers: shared hit=1
                     ->  Index Scan using name_pkey on name n  (cost=0.43..2.32 rows=1 width=4) (actual time=0.035..0.035 rows=0 loops=161)
                           Index Cond: (id = ci.person_id)
                           Filter: ((gender)::text = 'm'::text)
                           Rows Removed by Filter: 1
                           Buffers: shared hit=469 read=175
 Planning:
   Buffers: shared hit=574
 Planning Time: 12.133 ms
 Execution Time: 7914.134 ms
(78 rows)

