                                                                                               QUERY PLAN                                                                                               
--------------------------------------------------------------------------------------------------------------------------------------------------------------------------------------------------------
 Aggregate  (cost=373640.85..373640.86 rows=1 width=8) (actual time=2329.543..2329.551 rows=1 loops=1)
   Buffers: shared hit=189800 read=47019
   ->  Nested Loop  (cost=14215.57..373640.85 rows=1 width=0) (actual time=38.298..2328.987 rows=2786 loops=1)
         Buffers: shared hit=189800 read=47019
         ->  Hash Join  (cost=14215.14..373636.21 rows=2 width=4) (actual time=38.217..2041.600 rows=9164 loops=1)
               Hash Cond: (ci.role_id = rt.id)
               Buffers: shared hit=157858 read=42305
               ->  Nested Loop  (cost=14213.96..373634.99 rows=14 width=8) (actual time=37.821..2032.413 rows=56765 loops=1)
                     Buffers: shared hit=157857 read=42305
                     ->  Nested Loop  (cost=14213.52..373591.29 rows=1 width=12) (actual time=37.788..1446.799 rows=2397 loops=1)
                           Buffers: shared hit=113486 read=24515
                           ->  Nested Loop  (cost=14213.52..373588.87 rows=1 width=16) (actual time=37.782..1399.263 rows=2397 loops=1)
                                 Buffers: shared hit=111089 read=24515
                                 ->  Nested Loop  (cost=14213.52..373586.45 rows=1 width=20) (actual time=37.761..1359.720 rows=2397 loops=1)
                                       Buffers: shared hit=108692 read=24515
                                       ->  Hash Join  (cost=14213.09..372613.86 rows=23 width=12) (actual time=37.679..756.658 rows=6725 loops=1)
                                             Hash Cond: (t.kind_id = kt.id)
                                             Buffers: shared hit=53623 read=9631
                                             ->  Nested Loop  (cost=14211.98..372612.40 rows=81 width=16) (actual time=37.592..753.679 rows=8050 loops=1)
                                                   Buffers: shared hit=53622 read=9631
                                                   ->  Bitmap Heap Scan on movie_info mi1  (cost=14211.55..371750.25 rows=102 width=8) (actual time=37.547..338.172 rows=13590 loops=1)
                                                         Recheck Cond: (info_type_id = 8)
                                                         Filter: ((info)::text = ANY ('{Colombia,Czechoslovakia,"Hong Kong"}'::text[]))
                                                         Rows Removed by Filter: 1311771
                                                         Heap Blocks: exact=7853
                                                         Buffers: shared hit=880 read=8013
                                                         ->  Bitmap Index Scan on info_type_id_movie_info  (cost=0.00..14211.52 rows=1329478 width=0) (actual time=36.170..36.170 rows=1325361 loops=1)
                                                               Index Cond: (info_type_id = 8)
                                                               Buffers: shared read=1040
                                                   ->  Index Scan using title_pkey on title t  (cost=0.43..8.45 rows=1 width=8) (actual time=0.030..0.030 rows=1 loops=13590)
                                                         Index Cond: (id = mi1.movie_id)
                                                         Filter: ((production_year <= 2015) AND (1975 < production_year))
                                                         Rows Removed by Filter: 0
                                                         Buffers: shared hit=52742 read=1618
                                             ->  Hash  (cost=1.09..1.09 rows=2 width=4) (actual time=0.016..0.017 rows=2 loops=1)
                                                   Buckets: 1024  Batches: 1  Memory Usage: 9kB
                                                   Buffers: shared hit=1
                                                   ->  Seq Scan on kind_type kt  (cost=0.00..1.09 rows=2 width=4) (actual time=0.008..0.010 rows=2 loops=1)
                                                         Filter: ((kind)::text = ANY ('{episode,movie}'::text[]))
                                                         Rows Removed by Filter: 5
                                                         Buffers: shared hit=1
                                       ->  Index Scan using movie_id_movie_info on movie_info mi2  (cost=0.43..42.28 rows=1 width=8) (actual time=0.067..0.089 rows=0 loops=6725)
                                             Index Cond: (movie_id = t.id)
                                             Filter: ((info_type_id = 4) AND ((info)::text = ANY ('{Czech,English,Spanish}'::text[])))
                                             Rows Removed by Filter: 14
                                             Buffers: shared hit=55069 read=14884
                                 ->  Seq Scan on info_type it1  (cost=0.00..2.41 rows=1 width=4) (actual time=0.009..0.015 rows=1 loops=2397)
                                       Filter: (id = 8)
                                       Rows Removed by Filter: 112
                                       Buffers: shared hit=2397
                           ->  Seq Scan on info_type it2  (cost=0.00..2.41 rows=1 width=4) (actual time=0.012..0.018 rows=1 loops=2397)
                                 Filter: (id = 4)
                                 Rows Removed by Filter: 112
                                 Buffers: shared hit=2397
                     ->  Index Scan using movie_id_cast_info on cast_info ci  (cost=0.44..43.32 rows=38 width=12) (actual time=0.034..0.239 rows=24 loops=2397)
                           Index Cond: (movie_id = t.id)
                           Buffers: shared hit=44371 read=17790
               ->  Hash  (cost=1.15..1.15 rows=2 width=4) (actual time=0.035..0.036 rows=2 loops=1)
                     Buckets: 1024  Batches: 1  Memory Usage: 9kB
                     Buffers: shared hit=1
                     ->  Seq Scan on role_type rt  (cost=0.00..1.15 rows=2 width=4) (actual time=0.027..0.030 rows=2 loops=1)
                           Filter: ((role)::text = ANY ('{"miscellaneous crew",writer}'::text[]))
                           Rows Removed by Filter: 10
                           Buffers: shared hit=1
         ->  Index Scan using name_pkey on name n  (cost=0.43..2.32 rows=1 width=4) (actual time=0.031..0.031 rows=0 loops=9164)
               Index Cond: (id = ci.person_id)
               Filter: ((gender)::text = 'm'::text)
               Rows Removed by Filter: 1
               Buffers: shared hit=31942 read=4714
 Planning:
   Buffers: shared hit=483 read=91
 Planning Time: 14.216 ms
 Execution Time: 2330.084 ms
(73 rows)

