                                                                                            QUERY PLAN                                                                                            
--------------------------------------------------------------------------------------------------------------------------------------------------------------------------------------------------
 Aggregate  (cost=619052.83..619052.84 rows=1 width=8) (actual time=1771.134..1771.141 rows=1 loops=1)
   Buffers: shared hit=93415 read=70840
   ->  Nested Loop  (cost=92107.90..619052.71 rows=48 width=0) (actual time=430.678..1770.906 rows=1148 loops=1)
         Buffers: shared hit=93415 read=70840
         ->  Seq Scan on info_type it2  (cost=0.00..2.41 rows=1 width=4) (actual time=0.046..0.051 rows=1 loops=1)
               Filter: (id = 4)
               Rows Removed by Filter: 112
               Buffers: shared hit=1
         ->  Nested Loop  (cost=92107.90..619049.82 rows=48 width=4) (actual time=430.630..1770.681 rows=1148 loops=1)
               Buffers: shared hit=93414 read=70840
               ->  Seq Scan on info_type it1  (cost=0.00..2.41 rows=1 width=4) (actual time=0.009..0.016 rows=1 loops=1)
                     Filter: (id = 8)
                     Rows Removed by Filter: 112
                     Buffers: shared hit=1
               ->  Nested Loop  (cost=92107.90..619046.92 rows=48 width=8) (actual time=430.617..1770.467 rows=1148 loops=1)
                     Buffers: shared hit=93413 read=70840
                     ->  Hash Join  (cost=92107.47..618782.50 rows=114 width=12) (actual time=430.581..1679.378 rows=2654 loops=1)
                           Hash Cond: (ci.role_id = rt.id)
                           Buffers: shared hit=84828 read=68809
                           ->  Nested Loop  (cost=92106.31..618776.49 rows=1362 width=16) (actual time=430.523..1673.880 rows=43023 loops=1)
                                 Buffers: shared hit=84827 read=68809
                                 ->  Nested Loop  (cost=92105.87..614543.83 rows=95 width=20) (actual time=430.494..1158.333 rows=4691 loops=1)
                                       Buffers: shared hit=53634 read=44557
                                       ->  Hash Join  (cost=92105.43..464986.40 rows=3460 width=12) (actual time=430.392..744.400 rows=4946 loops=1)
                                             Hash Cond: (mi1.movie_id = t.id)
                                             Buffers: shared hit=17390 read=27895
                                             ->  Bitmap Heap Scan on movie_info mi1  (cost=14228.29..386823.58 rows=66954 width=8) (actual time=36.970..268.697 rows=739785 loops=1)
                                                   Recheck Cond: (info_type_id = 8)
                                                   Filter: ((info)::text = ANY ('{Australia,Belgium,France,"Hong Kong",India,Iran,Italy,Poland,Romania,Sweden,USA}'::text[]))
                                                   Rows Removed by Filter: 585576
                                                   Heap Blocks: exact=7853
                                                   Buffers: shared hit=4346 read=4547
                                                   ->  Bitmap Index Scan on info_type_id_movie_info  (cost=0.00..14211.52 rows=1329478 width=0) (actual time=35.992..35.992 rows=1325361 loops=1)
                                                         Index Cond: (info_type_id = 8)
                                                         Buffers: shared hit=1040
                                             ->  Hash  (cost=76244.08..76244.08 rows=130645 width=4) (actual time=392.848..392.851 rows=11798 loops=1)
                                                   Buckets: 131072  Batches: 1  Memory Usage: 1439kB
                                                   Buffers: shared hit=13044 read=23348
                                                   ->  Hash Join  (cost=1.11..76244.08 rows=130645 width=4) (actual time=0.179..389.907 rows=11798 loops=1)
                                                         Hash Cond: (t.kind_id = kt.id)
                                                         Buffers: shared hit=13044 read=23348
                                                         ->  Seq Scan on title t  (cost=0.00..74315.95 rows=457258 width=8) (actual time=0.046..364.302 rows=451569 loops=1)
                                                               Filter: ((production_year <= 1975) AND (1875 < production_year))
                                                               Rows Removed by Filter: 2076743
                                                               Buffers: shared hit=13043 read=23348
                                                         ->  Hash  (cost=1.09..1.09 rows=2 width=4) (actual time=0.012..0.013 rows=2 loops=1)
                                                               Buckets: 1024  Batches: 1  Memory Usage: 9kB
                                                               Buffers: shared hit=1
                                                               ->  Seq Scan on kind_type kt  (cost=0.00..1.09 rows=2 width=4) (actual time=0.007..0.008 rows=2 loops=1)
                                                                     Filter: ((kind)::text = ANY ('{"tv series","video game"}'::text[]))
                                                                     Rows Removed by Filter: 5
                                                                     Buffers: shared hit=1
                                       ->  Index Scan using movie_id_movie_info on movie_info mi2  (cost=0.43..43.21 rows=1 width=8) (actual time=0.056..0.083 rows=1 loops=4946)
                                             Index Cond: (movie_id = t.id)
                                             Filter: ((info_type_id = 4) AND ((info)::text = ANY ('{English,French,Italian,Malayalam,Mandarin,Persian,Polish,Romanian,Swedish,Telugu}'::text[])))
                                             Rows Removed by Filter: 11
                                             Buffers: shared hit=36244 read=16662
                                 ->  Index Scan using movie_id_cast_info on cast_info ci  (cost=0.44..44.17 rows=38 width=12) (actual time=0.029..0.108 rows=9 loops=4691)
                                       Index Cond: (movie_id = t.id)
                                       Buffers: shared hit=31193 read=24252
                           ->  Hash  (cost=1.15..1.15 rows=1 width=4) (actual time=0.017..0.018 rows=1 loops=1)
                                 Buckets: 1024  Batches: 1  Memory Usage: 9kB
                                 Buffers: shared hit=1
                                 ->  Seq Scan on role_type rt  (cost=0.00..1.15 rows=1 width=4) (actual time=0.011..0.012 rows=1 loops=1)
                                       Filter: ((role)::text = 'director'::text)
                                       Rows Removed by Filter: 11
                                       Buffers: shared hit=1
                     ->  Index Scan using name_pkey on name n  (cost=0.43..2.32 rows=1 width=4) (actual time=0.034..0.034 rows=0 loops=2654)
                           Index Cond: (id = ci.person_id)
                           Filter: ((gender)::text = 'm'::text)
                           Rows Removed by Filter: 1
                           Buffers: shared hit=8585 read=2031
 Planning:
   Buffers: shared hit=576 read=1
 Planning Time: 14.048 ms
 Execution Time: 1771.736 ms
(76 rows)

