                                                                                            QUERY PLAN                                                                                             
---------------------------------------------------------------------------------------------------------------------------------------------------------------------------------------------------
 Aggregate  (cost=680926.61..680926.62 rows=1 width=8) (actual time=1912.071..1912.077 rows=1 loops=1)
   Buffers: shared hit=139005 read=32353
   ->  Nested Loop  (cost=91930.77..680926.23 rows=153 width=0) (actual time=415.904..1910.969 rows=8057 loops=1)
         Buffers: shared hit=139005 read=32353
         ->  Hash Join  (cost=91930.34..680383.46 rows=234 width=4) (actual time=415.870..1573.152 rows=9450 loops=1)
               Hash Cond: (ci.role_id = rt.id)
               Buffers: shared hit=108695 read=24863
               ->  Nested Loop  (cost=91929.16..680377.30 rows=1405 width=8) (actual time=415.806..1566.900 rows=32503 loops=1)
                     Buffers: shared hit=108694 read=24863
                     ->  Nested Loop  (cost=91928.72..675979.12 rows=98 width=12) (actual time=415.780..1210.020 rows=4053 loops=1)
                           Buffers: shared hit=66227 read=24138
                           ->  Seq Scan on info_type it2  (cost=0.00..2.41 rows=1 width=4) (actual time=0.029..0.033 rows=1 loops=1)
                                 Filter: (id = 4)
                                 Rows Removed by Filter: 112
                                 Buffers: shared hit=1
                           ->  Nested Loop  (cost=91928.72..675975.72 rows=98 width=16) (actual time=415.749..1209.244 rows=4053 loops=1)
                                 Buffers: shared hit=66226 read=24138
                                 ->  Seq Scan on info_type it1  (cost=0.00..2.41 rows=1 width=4) (actual time=0.008..0.015 rows=1 loops=1)
                                       Filter: (id = 8)
                                       Rows Removed by Filter: 112
                                       Buffers: shared hit=1
                                 ->  Nested Loop  (cost=91928.72..675972.33 rows=98 width=20) (actual time=415.738..1208.493 rows=4053 loops=1)
                                       Buffers: shared hit=66225 read=24138
                                       ->  Hash Join  (cost=91928.29..525002.08 rows=3475 width=12) (actual time=415.679..891.998 rows=4090 loops=1)
                                             Hash Cond: (mi1.movie_id = t.id)
                                             Buffers: shared hit=21522 read=23763
                                             ->  Bitmap Heap Scan on movie_info mi1  (cost=14226.01..447047.68 rows=57968 width=8) (actual time=36.491..440.804 rows=630133 loops=1)
                                                   Recheck Cond: (info_type_id = 8)
                                                   Filter: ((info)::text = ANY ('{Australia,Austria,Hungary,India,Norway,Poland,Romania,USA}'::text[]))
                                                   Rows Removed by Filter: 695228
                                                   Heap Blocks: exact=7853
                                                   Buffers: shared hit=8893
                                                   ->  Bitmap Index Scan on info_type_id_movie_info  (cost=0.00..14211.52 rows=1329478 width=0) (actual time=35.526..35.526 rows=1325361 loops=1)
                                                         Index Cond: (info_type_id = 8)
                                                         Buffers: shared hit=1040
                                             ->  Hash  (cost=75807.58..75807.58 rows=151576 width=4) (actual time=378.104..378.107 rows=11843 loops=1)
                                                   Buckets: 262144  Batches: 1  Memory Usage: 2465kB
                                                   Buffers: shared hit=12629 read=23763
                                                   ->  Hash Join  (cost=1.13..75807.58 rows=151576 width=4) (actual time=0.130..375.174 rows=11843 loops=1)
                                                         Hash Cond: (t.kind_id = kt.id)
                                                         Buffers: shared hit=12629 read=23763
                                                         ->  Seq Scan on title t  (cost=0.00..74315.95 rows=353677 width=8) (actual time=0.028..354.938 rows=347589 loops=1)
                                                               Filter: ((production_year <= 1975) AND (1925 < production_year))
                                                               Rows Removed by Filter: 2180723
                                                               Buffers: shared hit=12628 read=23763
                                                         ->  Hash  (cost=1.10..1.10 rows=3 width=4) (actual time=0.013..0.014 rows=3 loops=1)
                                                               Buckets: 1024  Batches: 1  Memory Usage: 9kB
                                                               Buffers: shared hit=1
                                                               ->  Seq Scan on kind_type kt  (cost=0.00..1.10 rows=3 width=4) (actual time=0.007..0.008 rows=3 loops=1)
                                                                     Filter: ((kind)::text = ANY ('{"tv series","video game","video movie"}'::text[]))
                                                                     Rows Removed by Filter: 4
                                                                     Buffers: shared hit=1
                                       ->  Index Scan using movie_id_movie_info on movie_info mi2  (cost=0.43..43.43 rows=1 width=8) (actual time=0.048..0.077 rows=1 loops=4090)
                                             Index Cond: (movie_id = t.id)
                                             Filter: ((info_type_id = 4) AND ((info)::text = ANY ('{Bengali,English,French,German,Hungarian,Malayalam,Norwegian,Polish,Romanian,Tamil}'::text[])))
                                             Rows Removed by Filter: 12
                                             Buffers: shared hit=44703 read=375
                     ->  Index Scan using movie_id_cast_info on cast_info ci  (cost=0.44..44.50 rows=38 width=12) (actual time=0.029..0.086 rows=8 loops=4053)
                           Index Cond: (movie_id = t.id)
                           Buffers: shared hit=42467 read=725
               ->  Hash  (cost=1.15..1.15 rows=2 width=4) (actual time=0.037..0.037 rows=2 loops=1)
                     Buckets: 1024  Batches: 1  Memory Usage: 9kB
                     Buffers: shared hit=1
                     ->  Seq Scan on role_type rt  (cost=0.00..1.15 rows=2 width=4) (actual time=0.026..0.028 rows=2 loops=1)
                           Filter: ((role)::text = ANY ('{actress,producer}'::text[]))
                           Rows Removed by Filter: 10
                           Buffers: shared hit=1
         ->  Index Scan using name_pkey on name n  (cost=0.43..2.32 rows=1 width=4) (actual time=0.035..0.035 rows=1 loops=9450)
               Index Cond: (id = ci.person_id)
               Filter: ((gender)::text = ANY ('{f,m}'::text[]))
               Rows Removed by Filter: 0
               Buffers: shared hit=30310 read=7490
 Planning:
   Buffers: shared hit=574
 Planning Time: 13.801 ms
 Execution Time: 1912.649 ms
(76 rows)

