                                                                                                  QUERY PLAN                                                                                                  
--------------------------------------------------------------------------------------------------------------------------------------------------------------------------------------------------------------
 Aggregate  (cost=949870.34..949870.35 rows=1 width=8) (actual time=46689.582..46689.590 rows=1 loops=1)
   Buffers: shared hit=4390951 read=380184, temp read=6882 written=6849
   ->  Nested Loop  (cost=873911.11..949868.53 rows=722 width=0) (actual time=9293.470..46648.630 rows=217454 loops=1)
         Buffers: shared hit=4390951 read=380184, temp read=6882 written=6849
         ->  Hash Join  (cost=873910.68..947298.51 rows=1108 width=4) (actual time=9293.410..38280.977 rows=229345 loops=1)
               Hash Cond: (ci.role_id = rt.id)
               Buffers: shared hit=3504164 read=349591, temp read=6882 written=6849
               ->  Nested Loop  (cost=873909.50..947273.71 rows=6651 width=8) (actual time=9293.077..38007.847 rows=1192594 loops=1)
                     Buffers: shared hit=3504163 read=349591, temp read=6882 written=6849
                     ->  Nested Loop  (cost=873909.06..926997.97 rows=464 width=12) (actual time=9293.028..24617.118 rows=47234 loops=1)
                           Buffers: shared hit=2513970 read=48841, temp read=6882 written=6849
                           ->  Nested Loop  (cost=873909.06..926989.76 rows=464 width=16) (actual time=9293.008..24581.403 rows=47234 loops=1)
                                 Buffers: shared hit=2513969 read=48841, temp read=6882 written=6849
                                 ->  Nested Loop  (cost=873909.06..926981.54 rows=464 width=20) (actual time=9292.972..24546.305 rows=47234 loops=1)
                                       Buffers: shared hit=2513968 read=48841, temp read=6882 written=6849
                                       ->  Nested Loop  (cost=873908.92..926941.07 rows=1623 width=24) (actual time=952.157..24190.586 rows=505572 loops=1)
                                             Join Filter: (t.id = mi1.movie_id)
                                             Buffers: shared hit=2513956 read=48841, temp read=6882 written=6849
                                             ->  Merge Join  (cost=873908.49..874779.50 rows=15071 width=16) (actual time=952.101..1804.814 rows=636123 loops=1)
                                                   Merge Cond: (mi1.movie_id = mi2.movie_id)
                                                   Buffers: shared hit=12087 read=6218, temp read=6882 written=6849
                                                   ->  Sort  (cost=392392.39..392565.54 rows=69258 width=8) (actual time=366.074..536.535 rows=747127 loops=1)
                                                         Sort Key: mi1.movie_id
                                                         Sort Method: external merge  Disk: 13200kB
                                                         Buffers: shared hit=8893, temp read=1650 written=1660
                                                         ->  Bitmap Heap Scan on movie_info mi1  (cost=14228.86..386824.16 rows=69258 width=8) (actual time=35.341..238.222 rows=747127 loops=1)
                                                               Recheck Cond: (info_type_id = 8)
                                                               Filter: ((info)::text = ANY ('{Croatia,Denmark,India,Malaysia,Mexico,Philippines,Serbia,Switzerland,Taiwan,UK,USA}'::text[]))
                                                               Rows Removed by Filter: 578234
                                                               Heap Blocks: exact=7853
                                                               Buffers: shared hit=8893
                                                               ->  Bitmap Index Scan on info_type_id_movie_info  (cost=0.00..14211.52 rows=1329478 width=0) (actual time=34.372..34.372 rows=1325361 loops=1)
                                                                     Index Cond: (info_type_id = 8)
                                                                     Buffers: shared hit=1040
                                                   ->  Sort  (cost=481516.10..481703.10 rows=74801 width=8) (actual time=586.018..786.996 rows=970039 loops=1)
                                                         Sort Key: mi2.movie_id
                                                         Sort Method: external sort  Disk: 20744kB
                                                         Buffers: shared hit=3194 read=6218, temp read=5204 written=5189
                                                         ->  Bitmap Heap Scan on movie_info mi2  (cost=13074.07..475460.67 rows=74801 width=8) (actual time=31.704..353.590 rows=959777 loops=1)
                                                               Recheck Cond: (info_type_id = 4)
                                                               Filter: ((info)::text = ANY ('{Bengali,Croatian,English,French,German,Japanese,Malay,Mandarin,Serbian,"Swiss German"}'::text[]))
                                                               Rows Removed by Filter: 339212
                                                               Heap Blocks: exact=8393
                                                               Buffers: shared hit=3194 read=6218
                                                               ->  Bitmap Index Scan on info_type_id_movie_info  (cost=0.00..13055.37 rows=1221191 width=0) (actual time=30.671..30.671 rows=1298989 loops=1)
                                                                     Index Cond: (info_type_id = 4)
                                                                     Buffers: shared hit=1 read=1018
                                             ->  Index Scan using title_pkey on title t  (cost=0.43..3.45 rows=1 width=8) (actual time=0.034..0.034 rows=1 loops=636123)
                                                   Index Cond: (id = mi2.movie_id)
                                                   Filter: ((production_year <= 2015) AND (1975 < production_year))
                                                   Rows Removed by Filter: 0
                                                   Buffers: shared hit=2501869 read=42623
                                       ->  Memoize  (cost=0.14..0.16 rows=1 width=4) (actual time=0.000..0.000 rows=0 loops=505572)
                                             Cache Key: t.kind_id
                                             Cache Mode: logical
                                             Hits: 505566  Misses: 6  Evictions: 0  Overflows: 0  Memory Usage: 1kB
                                             Buffers: shared hit=12
                                             ->  Index Scan using kind_type_pkey on kind_type kt  (cost=0.13..0.15 rows=1 width=4) (actual time=0.011..0.011 rows=0 loops=6)
                                                   Index Cond: (id = t.kind_id)
                                                   Filter: ((kind)::text = ANY ('{"tv movie","video game"}'::text[]))
                                                   Rows Removed by Filter: 1
                                                   Buffers: shared hit=12
                                 ->  Materialize  (cost=0.00..2.42 rows=1 width=4) (actual time=0.000..0.000 rows=1 loops=47234)
                                       Buffers: shared hit=1
                                       ->  Seq Scan on info_type it1  (cost=0.00..2.41 rows=1 width=4) (actual time=0.029..0.048 rows=1 loops=1)
                                             Filter: (id = 8)
                                             Rows Removed by Filter: 112
                                             Buffers: shared hit=1
                           ->  Materialize  (cost=0.00..2.42 rows=1 width=4) (actual time=0.000..0.000 rows=1 loops=47234)
                                 Buffers: shared hit=1
                                 ->  Seq Scan on info_type it2  (cost=0.00..2.41 rows=1 width=4) (actual time=0.017..0.029 rows=1 loops=1)
                                       Filter: (id = 4)
                                       Rows Removed by Filter: 112
                                       Buffers: shared hit=1
                     ->  Index Scan using movie_id_cast_info on cast_info ci  (cost=0.44..43.32 rows=38 width=12) (actual time=0.038..0.276 rows=25 loops=47234)
                           Index Cond: (movie_id = t.id)
                           Buffers: shared hit=990193 read=300750
               ->  Hash  (cost=1.15..1.15 rows=2 width=4) (actual time=0.032..0.033 rows=2 loops=1)
                     Buckets: 1024  Batches: 1  Memory Usage: 9kB
                     Buffers: shared hit=1
                     ->  Seq Scan on role_type rt  (cost=0.00..1.15 rows=2 width=4) (actual time=0.024..0.027 rows=2 loops=1)
                           Filter: ((role)::text = ANY ('{actress,composer}'::text[]))
                           Rows Removed by Filter: 10
                           Buffers: shared hit=1
         ->  Index Scan using name_pkey on name n  (cost=0.43..2.32 rows=1 width=4) (actual time=0.036..0.036 rows=1 loops=229345)
               Index Cond: (id = ci.person_id)
               Filter: ((gender)::text = ANY ('{f,m}'::text[]))
               Rows Removed by Filter: 0
               Buffers: shared hit=886787 read=30593
 Planning:
   Buffers: shared hit=577
 Planning Time: 13.394 ms
 Execution Time: 46700.311 ms
(93 rows)

