                                                                                               QUERY PLAN                                                                                               
--------------------------------------------------------------------------------------------------------------------------------------------------------------------------------------------------------
 Aggregate  (cost=422273.15..422273.16 rows=1 width=8) (actual time=3196.669..3196.675 rows=1 loops=1)
   Buffers: shared hit=280627 read=45750
   ->  Nested Loop  (cost=13059.86..422273.14 rows=1 width=0) (actual time=288.743..3196.641 rows=33 loops=1)
         Buffers: shared hit=280627 read=45750
         ->  Hash Join  (cost=13059.43..422270.82 rows=1 width=4) (actual time=270.369..3160.489 rows=971 loops=1)
               Hash Cond: (ci.role_id = rt.id)
               Buffers: shared hit=277267 read=45226
               ->  Nested Loop  (cost=13058.26..422269.61 rows=14 width=8) (actual time=268.745..3154.263 rows=42403 loops=1)
                     Buffers: shared hit=277266 read=45226
                     ->  Nested Loop  (cost=13057.82..422225.24 rows=1 width=12) (actual time=268.687..2660.674 rows=4885 loops=1)
                           Buffers: shared hit=230146 read=36505
                           ->  Nested Loop  (cost=13057.82..422222.82 rows=1 width=16) (actual time=268.679..2570.176 rows=4885 loops=1)
                                 Buffers: shared hit=225261 read=36505
                                 ->  Nested Loop  (cost=13057.82..422220.39 rows=1 width=20) (actual time=268.655..2479.804 rows=4885 loops=1)
                                       Buffers: shared hit=220376 read=36505
                                       ->  Hash Join  (cost=13057.39..414945.22 rows=170 width=12) (actual time=141.918..1661.439 rows=11264 loops=1)
                                             Hash Cond: (t.kind_id = kt.id)
                                             Buffers: shared hit=130634 read=28215
                                             ->  Nested Loop  (cost=13056.26..414942.41 rows=396 width=16) (actual time=38.112..1656.511 rows=12387 loops=1)
                                                   Buffers: shared hit=130633 read=28215
                                                   ->  Bitmap Heap Scan on movie_info mi2  (cost=13055.83..400296.53 rows=1834 width=8) (actual time=38.072..459.967 rows=37359 loops=1)
                                                         Recheck Cond: (info_type_id = 4)
                                                         Filter: ((info)::text = ANY ('{Albanian,Bengali,Mandarin,Portuguese,Tamil}'::text[]))
                                                         Rows Removed by Filter: 1261630
                                                         Heap Blocks: exact=8393
                                                         Buffers: shared hit=4081 read=5331
                                                         ->  Bitmap Index Scan on info_type_id_movie_info  (cost=0.00..13055.37 rows=1221191 width=0) (actual time=35.833..35.834 rows=1298989 loops=1)
                                                               Index Cond: (info_type_id = 4)
                                                               Buffers: shared read=1019
                                                   ->  Index Scan using title_pkey on title t  (cost=0.43..7.99 rows=1 width=8) (actual time=0.032..0.032 rows=0 loops=37359)
                                                         Index Cond: (id = mi2.movie_id)
                                                         Filter: ((production_year <= 1990) AND (1950 < production_year))
                                                         Rows Removed by Filter: 1
                                                         Buffers: shared hit=126552 read=22884
                                             ->  Hash  (cost=1.10..1.10 rows=3 width=4) (actual time=0.021..0.022 rows=3 loops=1)
                                                   Buckets: 1024  Batches: 1  Memory Usage: 9kB
                                                   Buffers: shared hit=1
                                                   ->  Seq Scan on kind_type kt  (cost=0.00..1.10 rows=3 width=4) (actual time=0.010..0.012 rows=3 loops=1)
                                                         Filter: ((kind)::text = ANY ('{episode,movie,"tv movie"}'::text[]))
                                                         Rows Removed by Filter: 4
                                                         Buffers: shared hit=1
                                       ->  Index Scan using movie_id_movie_info on movie_info mi1  (cost=0.43..42.79 rows=1 width=8) (actual time=0.070..0.072 rows=0 loops=11264)
                                             Index Cond: (movie_id = t.id)
                                             Filter: ((info_type_id = 8) AND ((info)::text = ANY ('{Albania,China,India,Portugal}'::text[])))
                                             Rows Removed by Filter: 7
                                             Buffers: shared hit=89742 read=8290
                                 ->  Seq Scan on info_type it1  (cost=0.00..2.41 rows=1 width=4) (actual time=0.010..0.017 rows=1 loops=4885)
                                       Filter: (id = 8)
                                       Rows Removed by Filter: 112
                                       Buffers: shared hit=4885
                           ->  Seq Scan on info_type it2  (cost=0.00..2.41 rows=1 width=4) (actual time=0.010..0.017 rows=1 loops=4885)
                                 Filter: (id = 4)
                                 Rows Removed by Filter: 112
                                 Buffers: shared hit=4885
                     ->  Index Scan using movie_id_cast_info on cast_info ci  (cost=0.44..43.99 rows=38 width=12) (actual time=0.032..0.099 rows=9 loops=4885)
                           Index Cond: (movie_id = t.id)
                           Buffers: shared hit=47120 read=8721
               ->  Hash  (cost=1.15..1.15 rows=1 width=4) (actual time=0.034..0.035 rows=1 loops=1)
                     Buckets: 1024  Batches: 1  Memory Usage: 9kB
                     Buffers: shared hit=1
                     ->  Seq Scan on role_type rt  (cost=0.00..1.15 rows=1 width=4) (actual time=0.027..0.028 rows=1 loops=1)
                           Filter: ((role)::text = 'editor'::text)
                           Rows Removed by Filter: 11
                           Buffers: shared hit=1
         ->  Index Scan using name_pkey on name n  (cost=0.43..2.32 rows=1 width=4) (actual time=0.037..0.037 rows=0 loops=971)
               Index Cond: (id = ci.person_id)
               Filter: ((gender)::text = 'f'::text)
               Rows Removed by Filter: 1
               Buffers: shared hit=3360 read=524
 Planning:
   Buffers: shared hit=482 read=92
 Planning Time: 13.847 ms
 Execution Time: 3197.250 ms
(73 rows)

