                                                                                                  QUERY PLAN                                                                                                  
--------------------------------------------------------------------------------------------------------------------------------------------------------------------------------------------------------------
 Aggregate  (cost=928557.48..928557.49 rows=1 width=8) (actual time=50507.577..50507.585 rows=1 loops=1)
   Buffers: shared hit=4581271 read=537294, temp read=6758 written=6740
   ->  Nested Loop  (cost=843349.43..928554.57 rows=1165 width=0) (actual time=914.966..50485.502 rows=111952 loops=1)
         Buffers: shared hit=4581271 read=537294, temp read=6758 written=6740
         ->  Hash Join  (cost=843349.00..924409.59 rows=1787 width=4) (actual time=914.902..40556.974 rows=270408 loops=1)
               Hash Cond: (ci.role_id = rt.id)
               Buffers: shared hit=3566476 read=470457, temp read=6758 written=6740
               ->  Nested Loop  (cost=843347.83..924370.32 rows=10722 width=8) (actual time=914.831..40223.106 rows=1456813 loops=1)
                     Buffers: shared hit=3566475 read=470457, temp read=6758 written=6740
                     ->  Nested Loop  (cost=843347.39..891712.89 rows=748 width=12) (actual time=914.809..23123.350 rows=76791 loops=1)
                           Buffers: shared hit=2355974 read=44741, temp read=6758 written=6740
                           ->  Nested Loop  (cost=843347.39..891701.12 rows=748 width=16) (actual time=914.802..23066.256 rows=76791 loops=1)
                                 Buffers: shared hit=2355973 read=44741, temp read=6758 written=6740
                                 ->  Nested Loop  (cost=843347.39..891689.36 rows=748 width=20) (actual time=914.788..23012.111 rows=76791 loops=1)
                                       Buffers: shared hit=2355972 read=44741, temp read=6758 written=6740
                                       ->  Nested Loop  (cost=843347.25..891646.51 rows=1746 width=24) (actual time=914.772..22623.140 rows=548791 loops=1)
                                             Join Filter: (t.id = mi1.movie_id)
                                             Buffers: shared hit=2355962 read=44739, temp read=6758 written=6740
                                             ->  Merge Join  (cost=843346.82..844176.09 rows=13780 width=16) (actual time=914.719..1723.607 rows=595599 loops=1)
                                                   Merge Cond: (mi1.movie_id = mi2.movie_id)
                                                   Buffers: shared hit=13996 read=4309, temp read=6758 written=6740
                                                   ->  Sort  (cost=391797.34..391953.48 rows=62457 width=8) (actual time=375.954..533.128 rows=686401 loops=1)
                                                         Sort Key: mi1.movie_id
                                                         Sort Method: external merge  Disk: 12128kB
                                                         Buffers: shared hit=4588 read=4305, temp read=1516 written=1525
                                                         ->  Bitmap Heap Scan on movie_info mi1  (cost=14227.16..386822.46 rows=62457 width=8) (actual time=37.782..257.888 rows=686401 loops=1)
                                                               Recheck Cond: (info_type_id = 8)
                                                               Filter: ((info)::text = ANY ('{Albania,Colombia,Finland,Hungary,India,Italy,Peru,Philippines,Spain,Switzerland,Thailand,USA}'::text[]))
                                                               Rows Removed by Filter: 638960
                                                               Heap Blocks: exact=7853
                                                               Buffers: shared hit=4588 read=4305
                                                               ->  Bitmap Index Scan on info_type_id_movie_info  (cost=0.00..14211.52 rows=1329478 width=0) (actual time=36.805..36.806 rows=1325361 loops=1)
                                                                     Index Cond: (info_type_id = 8)
                                                                     Buffers: shared hit=1 read=1039
                                                   ->  Sort  (cost=451549.48..451739.07 rows=75838 width=8) (actual time=538.757..736.343 rows=973590 loops=1)
                                                         Sort Key: mi2.movie_id
                                                         Sort Method: external sort  Disk: 20848kB
                                                         Buffers: shared hit=9408 read=4, temp read=5222 written=5215
                                                         ->  Bitmap Heap Scan on movie_info mi2  (cost=13074.33..445402.57 rows=75838 width=8) (actual time=30.178..305.132 rows=964536 loops=1)
                                                               Recheck Cond: (info_type_id = 4)
                                                               Filter: ((info)::text = ANY ('{Albanian,English,French,Italian,Marathi,Spanish,Swedish,Thai}'::text[]))
                                                               Rows Removed by Filter: 334453
                                                               Heap Blocks: exact=8393
                                                               Buffers: shared hit=9408 read=4
                                                               ->  Bitmap Index Scan on info_type_id_movie_info  (cost=0.00..13055.37 rows=1221191 width=0) (actual time=29.155..29.155 rows=1298989 loops=1)
                                                                     Index Cond: (info_type_id = 4)
                                                                     Buffers: shared hit=1019
                                             ->  Index Scan using title_pkey on title t  (cost=0.43..3.43 rows=1 width=8) (actual time=0.034..0.034 rows=1 loops=595599)
                                                   Index Cond: (id = mi2.movie_id)
                                                   Filter: ((production_year <= 2015) AND (1925 < production_year))
                                                   Rows Removed by Filter: 0
                                                   Buffers: shared hit=2341966 read=40430
                                       ->  Memoize  (cost=0.14..0.16 rows=1 width=4) (actual time=0.000..0.000 rows=0 loops=548791)
                                             Cache Key: t.kind_id
                                             Cache Mode: logical
                                             Hits: 548785  Misses: 6  Evictions: 0  Overflows: 0  Memory Usage: 1kB
                                             Buffers: shared hit=10 read=2
                                             ->  Index Scan using kind_type_pkey on kind_type kt  (cost=0.13..0.15 rows=1 width=4) (actual time=0.013..0.013 rows=0 loops=6)
                                                   Index Cond: (id = t.kind_id)
                                                   Filter: ((kind)::text = ANY ('{"tv movie","tv series","video game"}'::text[]))
                                                   Rows Removed by Filter: 0
                                                   Buffers: shared hit=10 read=2
                                 ->  Materialize  (cost=0.00..2.42 rows=1 width=4) (actual time=0.000..0.000 rows=1 loops=76791)
                                       Buffers: shared hit=1
                                       ->  Seq Scan on info_type it1  (cost=0.00..2.41 rows=1 width=4) (actual time=0.012..0.016 rows=1 loops=1)
                                             Filter: (id = 8)
                                             Rows Removed by Filter: 112
                                             Buffers: shared hit=1
                           ->  Materialize  (cost=0.00..2.42 rows=1 width=4) (actual time=0.000..0.000 rows=1 loops=76791)
                                 Buffers: shared hit=1
                                 ->  Seq Scan on info_type it2  (cost=0.00..2.41 rows=1 width=4) (actual time=0.005..0.009 rows=1 loops=1)
                                       Filter: (id = 4)
                                       Rows Removed by Filter: 112
                                       Buffers: shared hit=1
                     ->  Index Scan using movie_id_cast_info on cast_info ci  (cost=0.44..43.28 rows=38 width=12) (actual time=0.037..0.217 rows=19 loops=76791)
                           Index Cond: (movie_id = t.id)
                           Buffers: shared hit=1210501 read=425716
               ->  Hash  (cost=1.15..1.15 rows=2 width=4) (actual time=0.038..0.038 rows=2 loops=1)
                     Buckets: 1024  Batches: 1  Memory Usage: 9kB
                     Buffers: shared hit=1
                     ->  Seq Scan on role_type rt  (cost=0.00..1.15 rows=2 width=4) (actual time=0.028..0.031 rows=2 loops=1)
                           Filter: ((role)::text = ANY ('{producer,writer}'::text[]))
                           Rows Removed by Filter: 10
                           Buffers: shared hit=1
         ->  Index Scan using name_pkey on name n  (cost=0.43..2.32 rows=1 width=4) (actual time=0.036..0.036 rows=0 loops=270408)
               Index Cond: (id = ci.person_id)
               Filter: ((gender)::text = ANY ('{f,m}'::text[]))
               Rows Removed by Filter: 1
               Buffers: shared hit=1014795 read=66837
 Planning:
   Buffers: shared hit=576 read=1
 Planning Time: 13.340 ms
 Execution Time: 50517.555 ms
(93 rows)

