                                                                                               QUERY PLAN                                                                                               
--------------------------------------------------------------------------------------------------------------------------------------------------------------------------------------------------------
 Aggregate  (cost=772498.80..772498.81 rows=1 width=8) (actual time=8968.567..8968.574 rows=1 loops=1)
   Buffers: shared hit=859275 read=68864
   ->  Nested Loop  (cost=540216.76..772498.66 rows=55 width=0) (actual time=7156.256..8968.185 rows=2838 loops=1)
         Buffers: shared hit=859275 read=68864
         ->  Seq Scan on info_type it2  (cost=0.00..2.41 rows=1 width=4) (actual time=0.049..0.053 rows=1 loops=1)
               Filter: (id = 4)
               Rows Removed by Filter: 112
               Buffers: shared hit=1
         ->  Nested Loop  (cost=540216.76..772495.70 rows=55 width=4) (actual time=7156.205..8967.825 rows=2838 loops=1)
               Buffers: shared hit=859274 read=68864
               ->  Seq Scan on info_type it1  (cost=0.00..2.41 rows=1 width=4) (actual time=0.010..0.015 rows=1 loops=1)
                     Filter: (id = 8)
                     Rows Removed by Filter: 112
                     Buffers: shared hit=1
               ->  Nested Loop  (cost=540216.76..772492.74 rows=55 width=8) (actual time=7156.194..8967.452 rows=2838 loops=1)
                     Join Filter: (t.id = mi2.movie_id)
                     Buffers: shared hit=859273 read=68864
                     ->  Nested Loop  (cost=540216.32..694104.64 rows=1854 width=16) (actual time=7156.145..8785.149 rows=2763 loops=1)
                           Buffers: shared hit=839981 read=60688
                           ->  Hash Join  (cost=540215.89..675585.59 rows=7984 width=20) (actual time=7155.975..8101.950 rows=34568 loops=1)
                                 Hash Cond: (ci.movie_id = t.id)
                                 Buffers: shared hit=718286 read=44111
                                 ->  Nested Loop  (cost=0.44..123965.00 rows=3020080 width=8) (actual time=0.126..679.688 rows=2728943 loops=1)
                                       Buffers: shared hit=2834 read=19085
                                       ->  Seq Scan on role_type rt  (cost=0.00..1.15 rows=1 width=4) (actual time=0.009..0.012 rows=1 loops=1)
                                             Filter: ((role)::text = 'writer'::text)
                                             Rows Removed by Filter: 11
                                             Buffers: shared hit=1
                                       ->  Index Scan using role_id_cast_info on cast_info ci  (cost=0.44..91017.52 rows=3294633 width=12) (actual time=0.114..456.152 rows=2728943 loops=1)
                                             Index Cond: (role_id = rt.id)
                                             Buffers: shared hit=2833 read=19085
                                 ->  Hash  (cost=540131.90..540131.90 rows=6684 width=12) (actual time=7155.685..7155.689 rows=27390 loops=1)
                                       Buckets: 32768 (originally 8192)  Batches: 1 (originally 1)  Memory Usage: 1433kB
                                       Buffers: shared hit=715452 read=25026
                                       ->  Hash Join  (cost=14217.28..540131.90 rows=6684 width=12) (actual time=36.836..7143.448 rows=27390 loops=1)
                                             Hash Cond: (t.kind_id = kt.id)
                                             Buffers: shared hit=715452 read=25026
                                             ->  Nested Loop  (cost=14216.14..540065.05 rows=15595 width=16) (actual time=36.800..7102.097 rows=170939 loops=1)
                                                   Buffers: shared hit=715451 read=25026
                                                   ->  Bitmap Heap Scan on movie_info mi1  (cost=14215.70..447037.37 rows=16731 width=8) (actual time=36.767..771.032 rows=185684 loops=1)
                                                         Recheck Cond: (info_type_id = 8)
                                                         Filter: ((info)::text = ANY ('{Argentina,Canada,Czechoslovakia,France,India,Netherlands,"New Zealand",Philippines}'::text[]))
                                                         Rows Removed by Filter: 1139677
                                                         Heap Blocks: exact=7853
                                                         Buffers: shared hit=2763 read=6130
                                                         ->  Bitmap Index Scan on info_type_id_movie_info  (cost=0.00..14211.52 rows=1329478 width=0) (actual time=35.785..35.785 rows=1325361 loops=1)
                                                               Index Cond: (info_type_id = 8)
                                                               Buffers: shared read=1040
                                                   ->  Memoize  (cost=0.44..5.67 rows=1 width=8) (actual time=0.034..0.034 rows=1 loops=185684)
                                                         Cache Key: mi1.movie_id
                                                         Cache Mode: logical
                                                         Hits: 2788  Misses: 182896  Evictions: 102043  Overflows: 0  Memory Usage: 8193kB
                                                         Buffers: shared hit=712688 read=18896
                                                         ->  Index Scan using title_pkey on title t  (cost=0.43..5.66 rows=1 width=8) (actual time=0.033..0.033 rows=1 loops=182896)
                                                               Index Cond: (id = mi1.movie_id)
                                                               Filter: ((production_year <= 2015) AND (1925 < production_year))
                                                               Rows Removed by Filter: 0
                                                               Buffers: shared hit=712688 read=18896
                                             ->  Hash  (cost=1.10..1.10 rows=3 width=4) (actual time=0.016..0.017 rows=3 loops=1)
                                                   Buckets: 1024  Batches: 1  Memory Usage: 9kB
                                                   Buffers: shared hit=1
                                                   ->  Seq Scan on kind_type kt  (cost=0.00..1.10 rows=3 width=4) (actual time=0.009..0.010 rows=3 loops=1)
                                                         Filter: ((kind)::text = ANY ('{"tv movie","tv series","video game"}'::text[]))
                                                         Rows Removed by Filter: 4
                                                         Buffers: shared hit=1
                           ->  Index Scan using name_pkey on name n  (cost=0.43..2.32 rows=1 width=4) (actual time=0.020..0.020 rows=0 loops=34568)
                                 Index Cond: (id = ci.person_id)
                                 Filter: ((gender)::text = 'f'::text)
                                 Rows Removed by Filter: 1
                                 Buffers: shared hit=121695 read=16577
                     ->  Index Scan using movie_id_movie_info on movie_info mi2  (cost=0.43..42.27 rows=1 width=8) (actual time=0.033..0.066 rows=1 loops=2763)
                           Index Cond: (movie_id = ci.movie_id)
                           Filter: ((info_type_id = 4) AND ((info)::text = ANY ('{Czech,Dutch,English,French,Spanish,Tagalog}'::text[])))
                           Rows Removed by Filter: 9
                           Buffers: shared hit=19292 read=8176
 Planning:
   Buffers: shared hit=503 read=71
 Planning Time: 14.126 ms
 Execution Time: 8970.619 ms
(79 rows)

