                                                                                            QUERY PLAN                                                                                            
--------------------------------------------------------------------------------------------------------------------------------------------------------------------------------------------------
 Aggregate  (cost=836983.70..836983.71 rows=1 width=8) (actual time=2132.147..2132.155 rows=1 loops=1)
   Buffers: shared hit=135506 read=36137, temp read=1270 written=1270
   ->  Nested Loop  (cost=492029.67..836983.38 rows=129 width=0) (actual time=911.806..2131.543 rows=5114 loops=1)
         Buffers: shared hit=135506 read=36137, temp read=1270 written=1270
         ->  Seq Scan on info_type it2  (cost=0.00..2.41 rows=1 width=4) (actual time=0.032..0.039 rows=1 loops=1)
               Filter: (id = 4)
               Rows Removed by Filter: 112
               Buffers: shared hit=1
         ->  Nested Loop  (cost=492029.67..836979.68 rows=129 width=4) (actual time=911.773..2130.913 rows=5114 loops=1)
               Buffers: shared hit=135505 read=36137, temp read=1270 written=1270
               ->  Seq Scan on info_type it1  (cost=0.00..2.41 rows=1 width=4) (actual time=0.010..0.018 rows=1 loops=1)
                     Filter: (id = 8)
                     Rows Removed by Filter: 112
                     Buffers: shared hit=1
               ->  Nested Loop  (cost=492029.67..836975.97 rows=129 width=8) (actual time=911.761..2130.221 rows=5114 loops=1)
                     Join Filter: (t.id = mi2.movie_id)
                     Buffers: shared hit=135504 read=36137, temp read=1270 written=1270
                     ->  Nested Loop  (cost=492029.23..651580.61 rows=4369 width=16) (actual time=911.727..1716.379 rows=5007 loops=1)
                           Buffers: shared hit=98587 read=20242, temp read=1270 written=1270
                           ->  Hash Join  (cost=492028.80..627422.81 rows=10415 width=20) (actual time=911.041..1262.657 rows=17113 loops=1)
                                 Hash Cond: (ci.movie_id = t.id)
                                 Buffers: shared hit=33741 read=16636, temp read=1270 written=1270
                                 ->  Nested Loop  (cost=0.44..123965.00 rows=3020080 width=8) (actual time=0.081..241.083 rows=773674 loops=1)
                                       Buffers: shared hit=556 read=4536
                                       ->  Seq Scan on role_type rt  (cost=0.00..1.15 rows=1 width=4) (actual time=0.007..0.010 rows=1 loops=1)
                                             Filter: ((role)::text = 'composer'::text)
                                             Rows Removed by Filter: 11
                                             Buffers: shared hit=1
                                       ->  Index Scan using role_id_cast_info on cast_info ci  (cost=0.44..91017.52 rows=3294633 width=12) (actual time=0.072..159.948 rows=773674 loops=1)
                                             Index Cond: (role_id = rt.id)
                                             Buffers: shared hit=555 read=4536
                                 ->  Hash  (cost=491919.37..491919.37 rows=8719 width=12) (actual time=910.580..910.585 rows=47686 loops=1)
                                       Buckets: 65536 (originally 16384)  Batches: 1 (originally 1)  Memory Usage: 2562kB
                                       Buffers: shared hit=33185 read=12100, temp read=1270 written=1270
                                       ->  Hash Join  (cost=115037.04..491919.37 rows=8719 width=12) (actual time=660.433..902.718 rows=47686 loops=1)
                                             Hash Cond: (mi1.movie_id = t.id)
                                             Buffers: shared hit=33185 read=12100, temp read=1270 written=1270
                                             ->  Bitmap Heap Scan on movie_info mi1  (cost=14217.00..386812.29 rows=21827 width=8) (actual time=37.066..210.476 rows=247396 loops=1)
                                                   Recheck Cond: (info_type_id = 8)
                                                   Filter: ((info)::text = ANY ('{Australia,Canada,"Czech Republic",Germany,"Hong Kong",India,Japan,Philippines,"West Germany"}'::text[]))
                                                   Rows Removed by Filter: 1077965
                                                   Heap Blocks: exact=7853
                                                   Buffers: shared hit=6250 read=2643
                                                   ->  Bitmap Index Scan on info_type_id_movie_info  (cost=0.00..14211.52 rows=1329478 width=0) (actual time=36.075..36.075 rows=1325361 loops=1)
                                                         Index Cond: (info_type_id = 8)
                                                         Buffers: shared read=1040
                                             ->  Hash  (cost=84248.88..84248.88 rows=1010013 width=4) (actual time=622.244..622.247 rows=203545 loops=1)
                                                   Buckets: 262144  Batches: 8  Memory Usage: 2942kB
                                                   Buffers: shared hit=26935 read=9457, temp written=519
                                                   ->  Hash Join  (cost=1.13..84248.88 rows=1010013 width=4) (actual time=0.040..593.565 rows=203545 loops=1)
                                                         Hash Cond: (t.kind_id = kt.id)
                                                         Buffers: shared hit=26935 read=9457
                                                         ->  Seq Scan on title t  (cost=0.00..74315.95 rows=2356696 width=8) (actual time=0.020..457.211 rows=2352201 loops=1)
                                                               Filter: ((production_year <= 2015) AND (1925 < production_year))
                                                               Rows Removed by Filter: 176111
                                                               Buffers: shared hit=26934 read=9457
                                                         ->  Hash  (cost=1.10..1.10 rows=3 width=4) (actual time=0.014..0.015 rows=3 loops=1)
                                                               Buckets: 1024  Batches: 1  Memory Usage: 9kB
                                                               Buffers: shared hit=1
                                                               ->  Seq Scan on kind_type kt  (cost=0.00..1.10 rows=3 width=4) (actual time=0.007..0.008 rows=3 loops=1)
                                                                     Filter: ((kind)::text = ANY ('{"tv movie","tv series","video game"}'::text[]))
                                                                     Rows Removed by Filter: 4
                                                                     Buffers: shared hit=1
                           ->  Index Scan using name_pkey on name n  (cost=0.43..2.32 rows=1 width=4) (actual time=0.026..0.026 rows=0 loops=17113)
                                 Index Cond: (id = ci.person_id)
                                 Filter: ((gender)::text = 'm'::text)
                                 Rows Removed by Filter: 1
                                 Buffers: shared hit=64846 read=3606
                     ->  Index Scan using movie_id_movie_info on movie_info mi2  (cost=0.43..42.42 rows=1 width=8) (actual time=0.038..0.082 rows=1 loops=5007)
                           Index Cond: (movie_id = ci.movie_id)
                           Filter: ((info_type_id = 4) AND ((info)::text = ANY ('{Cantonese,Czech,English,French,German,Japanese,Mandarin,Tagalog,Tamil}'::text[])))
                           Rows Removed by Filter: 11
                           Buffers: shared hit=36917 read=15895
 Planning:
   Buffers: shared hit=532 read=45
 Planning Time: 13.189 ms
 Execution Time: 2132.697 ms
(77 rows)

