                                                                                                  QUERY PLAN                                                                                                  
--------------------------------------------------------------------------------------------------------------------------------------------------------------------------------------------------------------
 Aggregate  (cost=957465.65..957465.66 rows=1 width=8) (actual time=192350.415..192350.423 rows=1 loops=1)
   Buffers: shared hit=17822218 read=2088198, temp read=8755 written=8730
   ->  Nested Loop  (cost=873272.89..957463.83 rows=730 width=0) (actual time=1091.452..192212.523 rows=666553 loops=1)
         Buffers: shared hit=17822218 read=2088198, temp read=8755 written=8730
         ->  Seq Scan on info_type it2  (cost=0.00..2.41 rows=1 width=4) (actual time=0.040..0.049 rows=1 loops=1)
               Filter: (id = 4)
               Rows Removed by Filter: 112
               Buffers: shared hit=1
         ->  Nested Loop  (cost=873272.89..957454.12 rows=730 width=4) (actual time=1091.410..192062.803 rows=666553 loops=1)
               Buffers: shared hit=17822217 read=2088198, temp read=8755 written=8730
               ->  Seq Scan on info_type it1  (cost=0.00..2.41 rows=1 width=4) (actual time=0.009..0.021 rows=1 loops=1)
                     Filter: (id = 8)
                     Rows Removed by Filter: 112
                     Buffers: shared hit=1
               ->  Nested Loop  (cost=873272.89..957444.40 rows=730 width=8) (actual time=1091.400..191908.877 rows=666553 loops=1)
                     Buffers: shared hit=17822216 read=2088198, temp read=8755 written=8730
                     ->  Hash Join  (cost=873272.46..953410.76 rows=1739 width=12) (actual time=1091.343..145472.993 rows=1272007 loops=1)
                           Hash Cond: (ci.role_id = rt.id)
                           Buffers: shared hit=13007725 read=1814661, temp read=8755 written=8730
                           ->  Nested Loop  (cost=873271.28..953372.51 rows=10435 width=16) (actual time=1091.147..142970.510 rows=11043968 loops=1)
                                 Buffers: shared hit=13007724 read=1814661, temp read=8755 written=8730
                                 ->  Nested Loop  (cost=873270.84..921588.27 rows=728 width=20) (actual time=1091.126..24621.995 rows=498737 loops=1)
                                       Buffers: shared hit=2529692 read=48289, temp read=8755 written=8730
                                       ->  Nested Loop  (cost=873270.70..921546.53 rows=1700 width=24) (actual time=1091.019..24105.655 rows=592985 loops=1)
                                             Join Filter: (t.id = mi1.movie_id)
                                             Buffers: shared hit=2529681 read=48288, temp read=8755 written=8730
                                             ->  Merge Join  (cost=873270.27..874083.73 rows=13411 width=16) (actual time=1090.977..2004.223 rows=639916 loops=1)
                                                   Merge Cond: (mi1.movie_id = mi2.movie_id)
                                                   Buffers: shared hit=12360 read=5945, temp read=8755 written=8730
                                                   ->  Sort  (cost=437249.24..437413.46 rows=65689 width=8) (actual time=546.042..684.752 rows=713210 loops=1)
                                                         Sort Key: mi1.movie_id
                                                         Sort Method: external sort  Disk: 15408kB
                                                         Buffers: shared hit=8874 read=19, temp read=3846 written=3855
                                                         ->  Bitmap Heap Scan on movie_info mi1  (cost=14227.94..431993.01 rows=65689 width=8) (actual time=36.855..372.218 rows=713210 loops=1)
                                                               Recheck Cond: (info_type_id = 8)
                                                               Filter: ((info)::text = ANY ('{Belgium,China,Egypt,India,Israel,UK,USA}'::text[]))
                                                               Rows Removed by Filter: 612151
                                                               Heap Blocks: exact=7853
                                                               Buffers: shared hit=8874 read=19
                                                               ->  Bitmap Index Scan on info_type_id_movie_info  (cost=0.00..14211.52 rows=1329478 width=0) (actual time=35.891..35.892 rows=1325361 loops=1)
                                                                     Index Cond: (info_type_id = 8)
                                                                     Buffers: shared hit=1040
                                                   ->  Sort  (cost=436021.03..436196.48 rows=70180 width=8) (actual time=544.925..795.336 rows=911474 loops=1)
                                                         Sort Key: mi2.movie_id
                                                         Sort Method: external sort  Disk: 19488kB
                                                         Buffers: shared hit=3486 read=5926, temp read=4886 written=4875
                                                         ->  Bitmap Heap Scan on movie_info mi2  (cost=13072.91..430371.97 rows=70180 width=8) (actual time=30.284..327.450 rows=901850 loops=1)
                                                               Recheck Cond: (info_type_id = 4)
                                                               Filter: ((info)::text = ANY ('{Arabic,Dutch,English,Hebrew,Mandarin,Spanish,Tamil}'::text[]))
                                                               Rows Removed by Filter: 397139
                                                               Heap Blocks: exact=8393
                                                               Buffers: shared hit=3486 read=5926
                                                               ->  Bitmap Index Scan on info_type_id_movie_info  (cost=0.00..13055.37 rows=1221191 width=0) (actual time=29.255..29.255 rows=1298989 loops=1)
                                                                     Index Cond: (info_type_id = 4)
                                                                     Buffers: shared hit=1 read=1018
                                             ->  Index Scan using title_pkey on title t  (cost=0.43..3.53 rows=1 width=8) (actual time=0.034..0.034 rows=1 loops=639916)
                                                   Index Cond: (id = mi2.movie_id)
                                                   Filter: ((production_year <= 2015) AND (1925 < production_year))
                                                   Rows Removed by Filter: 0
                                                   Buffers: shared hit=2517321 read=42343
                                       ->  Memoize  (cost=0.14..0.16 rows=1 width=4) (actual time=0.000..0.000 rows=1 loops=592985)
                                             Cache Key: t.kind_id
                                             Cache Mode: logical
                                             Hits: 592979  Misses: 6  Evictions: 0  Overflows: 0  Memory Usage: 1kB
                                             Buffers: shared hit=11 read=1
                                             ->  Index Scan using kind_type_pkey on kind_type kt  (cost=0.13..0.15 rows=1 width=4) (actual time=0.012..0.012 rows=0 loops=6)
                                                   Index Cond: (id = t.kind_id)
                                                   Filter: ((kind)::text = ANY ('{episode,movie,"video movie"}'::text[]))
                                                   Rows Removed by Filter: 0
                                                   Buffers: shared hit=11 read=1
                                 ->  Index Scan using movie_id_cast_info on cast_info ci  (cost=0.44..43.28 rows=38 width=12) (actual time=0.035..0.231 rows=22 loops=498737)
                                       Index Cond: (movie_id = t.id)
                                       Buffers: shared hit=10478032 read=1766372
                           ->  Hash  (cost=1.15..1.15 rows=2 width=4) (actual time=0.022..0.024 rows=2 loops=1)
                                 Buckets: 1024  Batches: 1  Memory Usage: 9kB
                                 Buffers: shared hit=1
                                 ->  Seq Scan on role_type rt  (cost=0.00..1.15 rows=2 width=4) (actual time=0.012..0.014 rows=2 loops=1)
                                       Filter: ((role)::text = ANY ('{director,writer}'::text[]))
                                       Rows Removed by Filter: 10
                                       Buffers: shared hit=1
                     ->  Index Scan using name_pkey on name n  (cost=0.43..2.32 rows=1 width=4) (actual time=0.036..0.036 rows=1 loops=1272007)
                           Index Cond: (id = ci.person_id)
                           Filter: ((gender)::text = 'm'::text)
                           Rows Removed by Filter: 0
                           Buffers: shared hit=4814491 read=273537
 Planning:
   Buffers: shared hit=574
 Planning Time: 13.973 ms
 Execution Time: 192360.728 ms
(89 rows)

