                                                                                               QUERY PLAN                                                                                               
--------------------------------------------------------------------------------------------------------------------------------------------------------------------------------------------------------
 Aggregate  (cost=458025.89..458025.90 rows=1 width=8) (actual time=4515.998..4516.006 rows=1 loops=1)
   Buffers: shared hit=455200 read=14627
   ->  Nested Loop  (cost=13061.33..458025.88 rows=5 width=0) (actual time=54.627..4515.975 rows=42 loops=1)
         Buffers: shared hit=455200 read=14627
         ->  Seq Scan on info_type it2  (cost=0.00..2.41 rows=1 width=4) (actual time=0.038..0.049 rows=1 loops=1)
               Filter: (id = 4)
               Rows Removed by Filter: 112
               Buffers: shared hit=1
         ->  Nested Loop  (cost=13061.33..458023.41 rows=5 width=4) (actual time=54.587..4515.911 rows=42 loops=1)
               Buffers: shared hit=455199 read=14627
               ->  Seq Scan on info_type it1  (cost=0.00..2.41 rows=1 width=4) (actual time=0.010..0.022 rows=1 loops=1)
                     Filter: (id = 8)
                     Rows Removed by Filter: 112
                     Buffers: shared hit=1
               ->  Nested Loop  (cost=13061.33..458020.95 rows=5 width=8) (actual time=54.574..4515.869 rows=42 loops=1)
                     Buffers: shared hit=455198 read=14627
                     ->  Hash Join  (cost=13060.90..457993.12 rows=12 width=12) (actual time=54.518..4510.463 rows=141 loops=1)
                           Hash Cond: (ci.role_id = rt.id)
                           Buffers: shared hit=454733 read=14528
                           ->  Nested Loop  (cost=13059.73..457991.45 rows=143 width=16) (actual time=53.056..4509.965 rows=1992 loops=1)
                                 Buffers: shared hit=454732 read=14528
                                 ->  Nested Loop  (cost=13059.29..457542.65 rows=10 width=20) (actual time=53.011..4478.562 rows=200 loops=1)
                                       Buffers: shared hit=453383 read=13329
                                       ->  Hash Join  (cost=13058.86..437699.55 rows=460 width=12) (actual time=37.101..4357.143 rows=1574 loops=1)
                                             Hash Cond: (t.kind_id = kt.id)
                                             Buffers: shared hit=441404 read=11309
                                             ->  Nested Loop  (cost=13057.73..437693.90 rows=1073 width=16) (actual time=37.066..4352.943 rows=15800 loops=1)
                                                   Buffers: shared hit=441403 read=11309
                                                   ->  Bitmap Heap Scan on movie_info mi2  (cost=13057.29..385268.81 rows=7674 width=8) (actual time=36.247..520.086 rows=111339 loops=1)
                                                         Recheck Cond: (info_type_id = 4)
                                                         Filter: ((info)::text = ANY ('{Bengali,Dutch,Romanian,Spanish}'::text[]))
                                                         Rows Removed by Filter: 1187650
                                                         Heap Blocks: exact=8393
                                                         Buffers: shared hit=9412
                                                         ->  Bitmap Index Scan on info_type_id_movie_info  (cost=0.00..13055.37 rows=1221191 width=0) (actual time=34.189..34.190 rows=1298989 loops=1)
                                                               Index Cond: (info_type_id = 4)
                                                               Buffers: shared hit=1019
                                                   ->  Memoize  (cost=0.44..6.89 rows=1 width=8) (actual time=0.034..0.034 rows=0 loops=111339)
                                                         Cache Key: mi2.movie_id
                                                         Cache Mode: logical
                                                         Hits: 514  Misses: 110825  Evictions: 0  Overflows: 0  Memory Usage: 7975kB
                                                         Buffers: shared hit=431991 read=11309
                                                         ->  Index Scan using title_pkey on title t  (cost=0.43..6.88 rows=1 width=8) (actual time=0.033..0.033 rows=0 loops=110825)
                                                               Index Cond: (id = mi2.movie_id)
                                                               Filter: ((production_year <= 1975) AND (1925 < production_year))
                                                               Rows Removed by Filter: 1
                                                               Buffers: shared hit=431991 read=11309
                                             ->  Hash  (cost=1.10..1.10 rows=3 width=4) (actual time=0.015..0.016 rows=3 loops=1)
                                                   Buckets: 1024  Batches: 1  Memory Usage: 9kB
                                                   Buffers: shared hit=1
                                                   ->  Seq Scan on kind_type kt  (cost=0.00..1.10 rows=3 width=4) (actual time=0.008..0.009 rows=3 loops=1)
                                                         Filter: ((kind)::text = ANY ('{"tv series","video game","video movie"}'::text[]))
                                                         Rows Removed by Filter: 4
                                                         Buffers: shared hit=1
                                       ->  Index Scan using movie_id_movie_info on movie_info mi1  (cost=0.43..43.13 rows=1 width=8) (actual time=0.075..0.077 rows=0 loops=1574)
                                             Index Cond: (movie_id = t.id)
                                             Filter: ((info_type_id = 8) AND ((info)::text = ANY ('{Belgium,India,Romania,USA}'::text[])))
                                             Rows Removed by Filter: 8
                                             Buffers: shared hit=11979 read=2020
                                 ->  Index Scan using movie_id_cast_info on cast_info ci  (cost=0.44..44.50 rows=38 width=12) (actual time=0.044..0.153 rows=10 loops=200)
                                       Index Cond: (movie_id = t.id)
                                       Buffers: shared hit=1349 read=1199
                           ->  Hash  (cost=1.15..1.15 rows=1 width=4) (actual time=0.015..0.016 rows=1 loops=1)
                                 Buckets: 1024  Batches: 1  Memory Usage: 9kB
                                 Buffers: shared hit=1
                                 ->  Seq Scan on role_type rt  (cost=0.00..1.15 rows=1 width=4) (actual time=0.009..0.010 rows=1 loops=1)
                                       Filter: ((role)::text = 'writer'::text)
                                       Rows Removed by Filter: 11
                                       Buffers: shared hit=1
                     ->  Index Scan using name_pkey on name n  (cost=0.43..2.32 rows=1 width=4) (actual time=0.038..0.038 rows=0 loops=141)
                           Index Cond: (id = ci.person_id)
                           Filter: ((gender)::text = 'm'::text)
                           Rows Removed by Filter: 1
                           Buffers: shared hit=465 read=99
 Planning:
   Buffers: shared hit=574
 Planning Time: 13.543 ms
 Execution Time: 4518.727 ms
(78 rows)

