                                                                                                 QUERY PLAN                                                                                                 
------------------------------------------------------------------------------------------------------------------------------------------------------------------------------------------------------------
 Aggregate  (cost=546926.23..546926.24 rows=1 width=8) (actual time=1337.661..1337.668 rows=1 loops=1)
   Buffers: shared hit=87914 read=33684
   ->  Nested Loop  (cost=91923.97..546926.17 rows=26 width=0) (actual time=424.041..1337.621 rows=111 loops=1)
         Buffers: shared hit=87914 read=33684
         ->  Seq Scan on info_type it2  (cost=0.00..2.41 rows=1 width=4) (actual time=0.037..0.041 rows=1 loops=1)
               Filter: (id = 4)
               Rows Removed by Filter: 112
               Buffers: shared hit=1
         ->  Nested Loop  (cost=91923.97..546923.50 rows=26 width=4) (actual time=424.002..1337.553 rows=111 loops=1)
               Buffers: shared hit=87913 read=33684
               ->  Seq Scan on info_type it1  (cost=0.00..2.41 rows=1 width=4) (actual time=0.007..0.013 rows=1 loops=1)
                     Filter: (id = 8)
                     Rows Removed by Filter: 112
                     Buffers: shared hit=1
               ->  Nested Loop  (cost=91923.97..546920.82 rows=26 width=8) (actual time=423.992..1337.509 rows=111 loops=1)
                     Buffers: shared hit=87912 read=33684
                     ->  Hash Join  (cost=91923.54..546779.33 rows=61 width=12) (actual time=422.902..1320.812 rows=488 loops=1)
                           Hash Cond: (ci.role_id = rt.id)
                           Buffers: shared hit=86512 read=33132
                           ->  Nested Loop  (cost=91922.38..546775.57 rows=731 width=16) (actual time=422.851..1317.828 rows=23023 loops=1)
                                 Buffers: shared hit=86511 read=33132
                                 ->  Nested Loop  (cost=91921.94..544486.72 rows=51 width=20) (actual time=422.820..992.352 rows=3961 loops=1)
                                       Buffers: shared hit=67965 read=17321
                                       ->  Hash Join  (cost=91921.50..464650.44 rows=1842 width=12) (actual time=422.763..682.796 rows=4329 loops=1)
                                             Hash Cond: (mi1.movie_id = t.id)
                                             Buffers: shared hit=34630 read=10655
                                             ->  Bitmap Heap Scan on movie_info mi1  (cost=14219.23..386814.52 rows=30724 width=8) (actual time=36.623..250.559 rows=334055 loops=1)
                                                   Recheck Cond: (info_type_id = 8)
                                                   Filter: ((info)::text = ANY ('{Canada,Czechoslovakia,"East Germany",Finland,Germany,India,Italy,Philippines,"Soviet Union",UK,"West Germany"}'::text[]))
                                                   Rows Removed by Filter: 991306
                                                   Heap Blocks: exact=7853
                                                   Buffers: shared hit=2359 read=6534
                                                   ->  Bitmap Index Scan on info_type_id_movie_info  (cost=0.00..14211.52 rows=1329478 width=0) (actual time=35.645..35.645 rows=1325361 loops=1)
                                                         Index Cond: (info_type_id = 8)
                                                         Buffers: shared hit=1 read=1039
                                             ->  Hash  (cost=75807.58..75807.58 rows=151576 width=4) (actual time=385.065..385.067 rows=11843 loops=1)
                                                   Buckets: 262144  Batches: 1  Memory Usage: 2465kB
                                                   Buffers: shared hit=32271 read=4121
                                                   ->  Hash Join  (cost=1.13..75807.58 rows=151576 width=4) (actual time=0.166..382.445 rows=11843 loops=1)
                                                         Hash Cond: (t.kind_id = kt.id)
                                                         Buffers: shared hit=32271 read=4121
                                                         ->  Seq Scan on title t  (cost=0.00..74315.95 rows=353677 width=8) (actual time=0.027..362.443 rows=347589 loops=1)
                                                               Filter: ((production_year <= 1975) AND (1925 < production_year))
                                                               Rows Removed by Filter: 2180723
                                                               Buffers: shared hit=32270 read=4121
                                                         ->  Hash  (cost=1.10..1.10 rows=3 width=4) (actual time=0.014..0.015 rows=3 loops=1)
                                                               Buckets: 1024  Batches: 1  Memory Usage: 9kB
                                                               Buffers: shared hit=1
                                                               ->  Seq Scan on kind_type kt  (cost=0.00..1.10 rows=3 width=4) (actual time=0.007..0.008 rows=3 loops=1)
                                                                     Filter: ((kind)::text = ANY ('{"tv series","video game","video movie"}'::text[]))
                                                                     Rows Removed by Filter: 4
                                                                     Buffers: shared hit=1
                                       ->  Index Scan using movie_id_movie_info on movie_info mi2  (cost=0.43..43.33 rows=1 width=8) (actual time=0.053..0.071 rows=1 loops=4329)
                                             Index Cond: (movie_id = t.id)
                                             Filter: ((info_type_id = 4) AND ((info)::text = ANY ('{Czech,English,Finnish,German,Hindi,Italian,Russian,Tagalog}'::text[])))
                                             Rows Removed by Filter: 8
                                             Buffers: shared hit=33335 read=6666
                                 ->  Index Scan using movie_id_cast_info on cast_info ci  (cost=0.44..44.50 rows=38 width=12) (actual time=0.030..0.081 rows=6 loops=3961)
                                       Index Cond: (movie_id = t.id)
                                       Buffers: shared hit=18546 read=15811
                           ->  Hash  (cost=1.15..1.15 rows=1 width=4) (actual time=0.014..0.015 rows=1 loops=1)
                                 Buckets: 1024  Batches: 1  Memory Usage: 9kB
                                 Buffers: shared hit=1
                                 ->  Seq Scan on role_type rt  (cost=0.00..1.15 rows=1 width=4) (actual time=0.009..0.010 rows=1 loops=1)
                                       Filter: ((role)::text = 'cinematographer'::text)
                                       Rows Removed by Filter: 11
                                       Buffers: shared hit=1
                     ->  Index Scan using name_pkey on name n  (cost=0.43..2.32 rows=1 width=4) (actual time=0.034..0.034 rows=0 loops=488)
                           Index Cond: (id = ci.person_id)
                           Filter: ((gender)::text = 'm'::text)
                           Rows Removed by Filter: 1
                           Buffers: shared hit=1400 read=552
 Planning:
   Buffers: shared hit=576 read=1
 Planning Time: 13.350 ms
 Execution Time: 1338.226 ms
(76 rows)

