                                                                                                     QUERY PLAN                                                                                                     
--------------------------------------------------------------------------------------------------------------------------------------------------------------------------------------------------------------------
 Aggregate  (cost=537438.12..537438.13 rows=1 width=8) (actual time=1782.687..1782.695 rows=1 loops=1)
   Buffers: shared hit=120097 read=53323, temp read=421 written=421
   ->  Nested Loop  (cost=94674.94..537438.09 rows=12 width=0) (actual time=663.872..1782.685 rows=3 loops=1)
         Buffers: shared hit=120097 read=53323, temp read=421 written=421
         ->  Seq Scan on info_type it2  (cost=0.00..2.41 rows=1 width=4) (actual time=0.057..0.065 rows=1 loops=1)
               Filter: (id = 4)
               Rows Removed by Filter: 112
               Buffers: shared hit=1
         ->  Nested Loop  (cost=94674.94..537435.56 rows=12 width=4) (actual time=663.813..1782.617 rows=3 loops=1)
               Buffers: shared hit=120096 read=53323, temp read=421 written=421
               ->  Seq Scan on info_type it1  (cost=0.00..2.41 rows=1 width=4) (actual time=0.024..0.034 rows=1 loops=1)
                     Filter: (id = 8)
                     Rows Removed by Filter: 112
                     Buffers: shared hit=1
               ->  Nested Loop  (cost=94674.94..537433.03 rows=12 width=8) (actual time=663.785..1782.577 rows=3 loops=1)
                     Buffers: shared hit=120095 read=53323, temp read=421 written=421
                     ->  Hash Join  (cost=94674.51..537314.73 rows=51 width=12) (actual time=461.553..1751.406 rows=800 loops=1)
                           Hash Cond: (ci.role_id = rt.id)
                           Buffers: shared hit=117529 read=52689, temp read=421 written=421
                           ->  Nested Loop  (cost=94673.35..537311.39 rows=616 width=16) (actual time=460.750..1744.747 rows=46932 loops=1)
                                 Buffers: shared hit=117528 read=52689, temp read=421 written=421
                                 ->  Nested Loop  (cost=94672.91..535403.30 rows=43 width=20) (actual time=460.720..1229.665 rows=4148 loops=1)
                                       Buffers: shared hit=77994 read=34317, temp read=421 written=421
                                       ->  Hash Join  (cost=94672.47..468392.12 rows=1551 width=12) (actual time=460.353..717.122 rows=7626 loops=1)
                                             Hash Cond: (mi1.movie_id = t.id)
                                             Buffers: shared hit=25013 read=20272, temp read=421 written=421
                                             ->  Bitmap Heap Scan on movie_info mi1  (cost=14215.74..386811.04 rows=16757 width=8) (actual time=37.550..236.025 rows=217709 loops=1)
                                                   Recheck Cond: (info_type_id = 8)
                                                   Filter: ((info)::text = ANY ('{Bulgaria,China,Czechoslovakia,Egypt,France,Hungary,India,Iran,Italy,Japan,Norway,Romania,"West Germany"}'::text[]))
                                                   Rows Removed by Filter: 1107652
                                                   Heap Blocks: exact=7853
                                                   Buffers: shared hit=3412 read=5481
                                                   ->  Bitmap Index Scan on info_type_id_movie_info  (cost=0.00..14211.52 rows=1329478 width=0) (actual time=36.519..36.519 rows=1325361 loops=1)
                                                         Index Cond: (info_type_id = 8)
                                                         Buffers: shared read=1040
                                             ->  Hash  (cost=76617.93..76617.93 rows=233984 width=4) (actual time=421.699..421.702 rows=33701 loops=1)
                                                   Buckets: 262144  Batches: 2  Memory Usage: 2644kB
                                                   Buffers: shared hit=21601 read=14791, temp written=49
                                                   ->  Hash Join  (cost=1.13..76617.93 rows=233984 width=4) (actual time=0.062..415.028 rows=33701 loops=1)
                                                         Hash Cond: (t.kind_id = kt.id)
                                                         Buffers: shared hit=21601 read=14791
                                                         ->  Seq Scan on title t  (cost=0.00..74315.95 rows=545963 width=8) (actual time=0.023..382.984 rows=538239 loops=1)
                                                               Filter: ((production_year <= 1990) AND (1950 < production_year))
                                                               Rows Removed by Filter: 1990073
                                                               Buffers: shared hit=21600 read=14791
                                                         ->  Hash  (cost=1.10..1.10 rows=3 width=4) (actual time=0.014..0.015 rows=3 loops=1)
                                                               Buckets: 1024  Batches: 1  Memory Usage: 9kB
                                                               Buffers: shared hit=1
                                                               ->  Seq Scan on kind_type kt  (cost=0.00..1.10 rows=3 width=4) (actual time=0.007..0.008 rows=3 loops=1)
                                                                     Filter: ((kind)::text = ANY ('{"tv series","video game","video movie"}'::text[]))
                                                                     Rows Removed by Filter: 4
                                                                     Buffers: shared hit=1
                                       ->  Index Scan using movie_id_movie_info on movie_info mi2  (cost=0.43..43.20 rows=1 width=8) (actual time=0.055..0.067 rows=1 loops=7626)
                                             Index Cond: (movie_id = t.id)
                                             Filter: ((info_type_id = 4) AND ((info)::text = ANY ('{Arabic,Bulgarian,Czech,English,French,Hungarian,Italian,Mandarin,Norwegian,Persian,Romanian,Telugu}'::text[])))
                                             Rows Removed by Filter: 7
                                             Buffers: shared hit=52981 read=14045
                                 ->  Index Scan using movie_id_cast_info on cast_info ci  (cost=0.44..43.99 rows=38 width=12) (actual time=0.028..0.121 rows=11 loops=4148)
                                       Index Cond: (movie_id = t.id)
                                       Buffers: shared hit=39534 read=18372
                           ->  Hash  (cost=1.15..1.15 rows=1 width=4) (actual time=0.023..0.024 rows=1 loops=1)
                                 Buckets: 1024  Batches: 1  Memory Usage: 9kB
                                 Buffers: shared hit=1
                                 ->  Seq Scan on role_type rt  (cost=0.00..1.15 rows=1 width=4) (actual time=0.014..0.017 rows=1 loops=1)
                                       Filter: ((role)::text = 'cinematographer'::text)
                                       Rows Removed by Filter: 11
                                       Buffers: shared hit=1
                     ->  Index Scan using name_pkey on name n  (cost=0.43..2.32 rows=1 width=4) (actual time=0.038..0.038 rows=0 loops=800)
                           Index Cond: (id = ci.person_id)
                           Filter: ((gender)::text = 'f'::text)
                           Rows Removed by Filter: 1
                           Buffers: shared hit=2566 read=634
 Planning:
   Buffers: shared hit=531 read=46
 Planning Time: 14.499 ms
 Execution Time: 1783.364 ms
(76 rows)

