                                                                                               QUERY PLAN                                                                                               
--------------------------------------------------------------------------------------------------------------------------------------------------------------------------------------------------------
 Aggregate  (cost=438738.34..438738.35 rows=1 width=8) (actual time=4057.032..4057.038 rows=1 loops=1)
   Buffers: shared hit=403703 read=11784
   ->  Nested Loop  (cost=13061.09..438738.34 rows=1 width=0) (actual time=38.193..4056.968 rows=162 loops=1)
         Buffers: shared hit=403703 read=11784
         ->  Hash Join  (cost=13060.66..438733.70 rows=2 width=4) (actual time=38.151..4046.060 rows=319 loops=1)
               Hash Cond: (ci.role_id = rt.id)
               Buffers: shared hit=402737 read=11474
               ->  Nested Loop  (cost=13059.49..438732.48 rows=14 width=8) (actual time=38.092..4044.645 rows=8858 loops=1)
                     Buffers: shared hit=402736 read=11474
                     ->  Nested Loop  (cost=13059.05..438687.60 rows=1 width=12) (actual time=38.047..3953.964 rows=491 loops=1)
                           Buffers: shared hit=394350 read=9701
                           ->  Nested Loop  (cost=13059.05..438685.18 rows=1 width=16) (actual time=38.042..3945.798 rows=491 loops=1)
                                 Buffers: shared hit=393859 read=9701
                                 ->  Nested Loop  (cost=13059.05..438682.75 rows=1 width=20) (actual time=38.022..3936.653 rows=491 loops=1)
                                       Buffers: shared hit=393368 read=9701
                                       ->  Hash Join  (cost=13058.61..432816.10 rows=136 width=12) (actual time=37.276..3884.728 rows=814 loops=1)
                                             Hash Cond: (t.kind_id = kt.id)
                                             Buffers: shared hit=386358 read=9487
                                             ->  Nested Loop  (cost=13057.51..432810.98 rows=954 width=16) (actual time=37.232..3879.625 rows=20297 loops=1)
                                                   Buffers: shared hit=386357 read=9487
                                                   ->  Bitmap Heap Scan on movie_info mi2  (cost=13057.07..385268.59 rows=6819 width=8) (actual time=37.172..521.935 rows=99022 loops=1)
                                                         Recheck Cond: (info_type_id = 4)
                                                         Filter: ((info)::text = ANY ('{Arabic,French,Italian,Polish}'::text[]))
                                                         Rows Removed by Filter: 1199967
                                                         Heap Blocks: exact=8393
                                                         Buffers: shared hit=4757 read=4655
                                                         ->  Bitmap Index Scan on info_type_id_movie_info  (cost=0.00..13055.37 rows=1221191 width=0) (actual time=35.008..35.009 rows=1298989 loops=1)
                                                               Index Cond: (info_type_id = 4)
                                                               Buffers: shared read=1019
                                                   ->  Memoize  (cost=0.44..7.02 rows=1 width=8) (actual time=0.034..0.034 rows=0 loops=99022)
                                                         Cache Key: mi2.movie_id
                                                         Cache Mode: logical
                                                         Hits: 2414  Misses: 96608  Evictions: 0  Overflows: 0  Memory Usage: 7195kB
                                                         Buffers: shared hit=381600 read=4832
                                                         ->  Index Scan using title_pkey on title t  (cost=0.43..7.01 rows=1 width=8) (actual time=0.033..0.033 rows=0 loops=96608)
                                                               Index Cond: (id = mi2.movie_id)
                                                               Filter: ((production_year <= 1975) AND (1925 < production_year))
                                                               Rows Removed by Filter: 1
                                                               Buffers: shared hit=381600 read=4832
                                             ->  Hash  (cost=1.09..1.09 rows=1 width=4) (actual time=0.019..0.020 rows=1 loops=1)
                                                   Buckets: 1024  Batches: 1  Memory Usage: 9kB
                                                   Buffers: shared hit=1
                                                   ->  Seq Scan on kind_type kt  (cost=0.00..1.09 rows=1 width=4) (actual time=0.009..0.010 rows=1 loops=1)
                                                         Filter: ((kind)::text = 'tv series'::text)
                                                         Rows Removed by Filter: 6
                                                         Buffers: shared hit=1
                                       ->  Index Scan using movie_id_movie_info on movie_info mi1  (cost=0.43..43.13 rows=1 width=8) (actual time=0.057..0.063 rows=1 loops=814)
                                             Index Cond: (movie_id = t.id)
                                             Filter: ((info_type_id = 8) AND ((info)::text = ANY ('{Belgium,Egypt,France,Poland}'::text[])))
                                             Rows Removed by Filter: 11
                                             Buffers: shared hit=7010 read=214
                                 ->  Seq Scan on info_type it1  (cost=0.00..2.41 rows=1 width=4) (actual time=0.010..0.017 rows=1 loops=491)
                                       Filter: (id = 8)
                                       Rows Removed by Filter: 112
                                       Buffers: shared hit=491
                           ->  Seq Scan on info_type it2  (cost=0.00..2.41 rows=1 width=4) (actual time=0.007..0.015 rows=1 loops=491)
                                 Filter: (id = 4)
                                 Rows Removed by Filter: 112
                                 Buffers: shared hit=491
                     ->  Index Scan using movie_id_cast_info on cast_info ci  (cost=0.44..44.50 rows=38 width=12) (actual time=0.031..0.180 rows=18 loops=491)
                           Index Cond: (movie_id = t.id)
                           Buffers: shared hit=8386 read=1773
               ->  Hash  (cost=1.15..1.15 rows=2 width=4) (actual time=0.035..0.035 rows=2 loops=1)
                     Buckets: 1024  Batches: 1  Memory Usage: 9kB
                     Buffers: shared hit=1
                     ->  Seq Scan on role_type rt  (cost=0.00..1.15 rows=2 width=4) (actual time=0.026..0.028 rows=2 loops=1)
                           Filter: ((role)::text = ANY ('{composer,"production designer"}'::text[]))
                           Rows Removed by Filter: 10
                           Buffers: shared hit=1
         ->  Index Scan using name_pkey on name n  (cost=0.43..2.32 rows=1 width=4) (actual time=0.034..0.034 rows=1 loops=319)
               Index Cond: (id = ci.person_id)
               Filter: ((gender)::text = ANY ('{f,m}'::text[]))
               Rows Removed by Filter: 0
               Buffers: shared hit=966 read=310
 Planning:
   Buffers: shared hit=529 read=45
 Planning Time: 12.903 ms
 Execution Time: 4058.655 ms
(78 rows)

