                                                                                            QUERY PLAN                                                                                            
--------------------------------------------------------------------------------------------------------------------------------------------------------------------------------------------------
 Aggregate  (cost=594886.88..594886.89 rows=1 width=8) (actual time=1851.781..1851.789 rows=1 loops=1)
   Buffers: shared hit=119344 read=54894, temp read=364 written=364
   ->  Nested Loop  (cost=94674.77..594886.83 rows=20 width=0) (actual time=457.933..1850.585 rows=10377 loops=1)
         Buffers: shared hit=119344 read=54894, temp read=364 written=364
         ->  Seq Scan on info_type it2  (cost=0.00..2.41 rows=1 width=4) (actual time=0.046..0.054 rows=1 loops=1)
               Filter: (id = 4)
               Rows Removed by Filter: 112
               Buffers: shared hit=1
         ->  Nested Loop  (cost=94674.77..594884.21 rows=20 width=4) (actual time=457.885..1849.154 rows=10377 loops=1)
               Buffers: shared hit=119343 read=54894, temp read=364 written=364
               ->  Seq Scan on info_type it1  (cost=0.00..2.41 rows=1 width=4) (actual time=0.010..0.020 rows=1 loops=1)
                     Filter: (id = 8)
                     Rows Removed by Filter: 112
                     Buffers: shared hit=1
               ->  Nested Loop  (cost=94674.77..594881.60 rows=20 width=8) (actual time=457.872..1847.756 rows=10377 loops=1)
                     Buffers: shared hit=119342 read=54894, temp read=364 written=364
                     ->  Hash Join  (cost=94674.34..594770.26 rows=48 width=12) (actual time=457.836..1543.146 rows=10377 loops=1)
                           Hash Cond: (ci.role_id = rt.id)
                           Buffers: shared hit=85862 read=46866, temp read=364 written=364
                           ->  Nested Loop  (cost=94673.18..594767.06 rows=573 width=16) (actual time=457.783..1538.017 rows=26602 loops=1)
                                 Buffers: shared hit=85861 read=46866, temp read=364 written=364
                                 ->  Nested Loop  (cost=94672.74..592992.10 rows=40 width=20) (actual time=457.755..1223.932 rows=3130 loops=1)
                                       Buffers: shared hit=64070 read=33476, temp read=364 written=364
                                       ->  Hash Join  (cost=94672.30..528611.70 rows=1499 width=12) (actual time=457.595..852.941 rows=5938 loops=1)
                                             Hash Cond: (mi1.movie_id = t.id)
                                             Buffers: shared hit=22324 read=22961, temp read=364 written=364
                                             ->  Bitmap Heap Scan on movie_info mi1  (cost=14215.57..447037.23 rows=16199 width=8) (actual time=38.597..384.015 rows=184826 loops=1)
                                                   Recheck Cond: (info_type_id = 8)
                                                   Filter: ((info)::text = ANY ('{Belgium,Canada,Czechoslovakia,India,Italy,Japan,"Soviet Union",Taiwan}'::text[]))
                                                   Rows Removed by Filter: 1140535
                                                   Heap Blocks: exact=7853
                                                   Buffers: shared hit=5105 read=3788
                                                   ->  Bitmap Index Scan on info_type_id_movie_info  (cost=0.00..14211.52 rows=1329478 width=0) (actual time=37.630..37.630 rows=1325361 loops=1)
                                                         Index Cond: (info_type_id = 8)
                                                         Buffers: shared hit=1 read=1039
                                             ->  Hash  (cost=76617.93..76617.93 rows=233984 width=4) (actual time=417.829..417.832 rows=33701 loops=1)
                                                   Buckets: 262144  Batches: 2  Memory Usage: 2644kB
                                                   Buffers: shared hit=17219 read=19173, temp written=49
                                                   ->  Hash Join  (cost=1.13..76617.93 rows=233984 width=4) (actual time=0.059..411.211 rows=33701 loops=1)
                                                         Hash Cond: (t.kind_id = kt.id)
                                                         Buffers: shared hit=17219 read=19173
                                                         ->  Seq Scan on title t  (cost=0.00..74315.95 rows=545963 width=8) (actual time=0.021..379.555 rows=538239 loops=1)
                                                               Filter: ((production_year <= 1990) AND (1950 < production_year))
                                                               Rows Removed by Filter: 1990073
                                                               Buffers: shared hit=17218 read=19173
                                                         ->  Hash  (cost=1.10..1.10 rows=3 width=4) (actual time=0.014..0.015 rows=3 loops=1)
                                                               Buckets: 1024  Batches: 1  Memory Usage: 9kB
                                                               Buffers: shared hit=1
                                                               ->  Seq Scan on kind_type kt  (cost=0.00..1.10 rows=3 width=4) (actual time=0.007..0.008 rows=3 loops=1)
                                                                     Filter: ((kind)::text = ANY ('{"tv series","video game","video movie"}'::text[]))
                                                                     Rows Removed by Filter: 4
                                                                     Buffers: shared hit=1
                                       ->  Index Scan using movie_id_movie_info on movie_info mi2  (cost=0.43..42.94 rows=1 width=8) (actual time=0.048..0.062 rows=1 loops=5938)
                                             Index Cond: (movie_id = t.id)
                                             Filter: ((info_type_id = 4) AND ((info)::text = ANY ('{Bengali,Czech,Dutch,English,French,Georgian,Mandarin}'::text[])))
                                             Rows Removed by Filter: 7
                                             Buffers: shared hit=41746 read=10515
                                 ->  Index Scan using movie_id_cast_info on cast_info ci  (cost=0.44..43.99 rows=38 width=12) (actual time=0.029..0.098 rows=8 loops=3130)
                                       Index Cond: (movie_id = t.id)
                                       Buffers: shared hit=21791 read=13390
                           ->  Hash  (cost=1.15..1.15 rows=1 width=4) (actual time=0.017..0.018 rows=1 loops=1)
                                 Buckets: 1024  Batches: 1  Memory Usage: 9kB
                                 Buffers: shared hit=1
                                 ->  Seq Scan on role_type rt  (cost=0.00..1.15 rows=1 width=4) (actual time=0.009..0.012 rows=1 loops=1)
                                       Filter: ((role)::text = 'actor'::text)
                                       Rows Removed by Filter: 11
                                       Buffers: shared hit=1
                     ->  Index Scan using name_pkey on name n  (cost=0.43..2.32 rows=1 width=4) (actual time=0.029..0.029 rows=1 loops=10377)
                           Index Cond: (id = ci.person_id)
                           Filter: ((gender)::text = 'm'::text)
                           Buffers: shared hit=33480 read=8028
 Planning:
   Buffers: shared hit=574
 Planning Time: 13.689 ms
 Execution Time: 1852.325 ms
(75 rows)

