                                                                                               QUERY PLAN                                                                                               
--------------------------------------------------------------------------------------------------------------------------------------------------------------------------------------------------------
 Aggregate  (cost=382403.12..382403.13 rows=1 width=8) (actual time=4451.092..4451.098 rows=1 loops=1)
   Buffers: shared hit=425012 read=36189
   ->  Nested Loop  (cost=13059.66..382403.12 rows=1 width=0) (actual time=111.847..4450.960 rows=262 loops=1)
         Buffers: shared hit=425012 read=36189
         ->  Hash Join  (cost=13059.23..382398.48 rows=2 width=4) (actual time=43.074..3916.528 rows=15300 loops=1)
               Hash Cond: (ci.role_id = rt.id)
               Buffers: shared hit=367942 read=32059
               ->  Nested Loop  (cost=13058.06..382397.26 rows=14 width=8) (actual time=43.023..3888.486 rows=158131 loops=1)
                     Buffers: shared hit=367941 read=32059
                     ->  Nested Loop  (cost=13057.62..382352.88 rows=1 width=12) (actual time=42.978..2273.310 rows=10404 loops=1)
                           Buffers: shared hit=196080 read=16329
                           ->  Nested Loop  (cost=13057.62..382350.46 rows=1 width=16) (actual time=42.972..2068.980 rows=10404 loops=1)
                                 Buffers: shared hit=185676 read=16329
                                 ->  Nested Loop  (cost=13057.62..382348.04 rows=1 width=20) (actual time=42.951..1862.823 rows=10404 loops=1)
                                       Buffers: shared hit=175272 read=16329
                                       ->  Hash Join  (cost=13057.18..378415.60 rows=92 width=12) (actual time=42.883..1085.685 rows=10509 loops=1)
                                             Hash Cond: (t.kind_id = kt.id)
                                             Buffers: shared hit=91503 read=8478
                                             ->  Nested Loop  (cost=13056.05..378413.55 rows=216 width=16) (actual time=38.010..1080.577 rows=11793 loops=1)
                                                   Buffers: shared hit=91502 read=8478
                                                   ->  Bitmap Heap Scan on movie_info mi2  (cost=13055.62..370237.96 rows=998 width=8) (actual time=37.642..395.813 rows=22642 loops=1)
                                                         Recheck Cond: (info_type_id = 4)
                                                         Filter: ((info)::text = ANY ('{Cantonese,Greek,Turkish}'::text[]))
                                                         Rows Removed by Filter: 1276347
                                                         Heap Blocks: exact=8393
                                                         Buffers: shared hit=4277 read=5135
                                                         ->  Bitmap Index Scan on info_type_id_movie_info  (cost=0.00..13055.37 rows=1221191 width=0) (actual time=35.548..35.548 rows=1298989 loops=1)
                                                               Index Cond: (info_type_id = 4)
                                                               Buffers: shared hit=1 read=1018
                                                   ->  Index Scan using title_pkey on title t  (cost=0.43..8.19 rows=1 width=8) (actual time=0.030..0.030 rows=1 loops=22642)
                                                         Index Cond: (id = mi2.movie_id)
                                                         Filter: ((production_year <= 1990) AND (1950 < production_year))
                                                         Rows Removed by Filter: 0
                                                         Buffers: shared hit=87225 read=3343
                                             ->  Hash  (cost=1.10..1.10 rows=3 width=4) (actual time=0.016..0.017 rows=3 loops=1)
                                                   Buckets: 1024  Batches: 1  Memory Usage: 9kB
                                                   Buffers: shared hit=1
                                                   ->  Seq Scan on kind_type kt  (cost=0.00..1.10 rows=3 width=4) (actual time=0.007..0.008 rows=3 loops=1)
                                                         Filter: ((kind)::text = ANY ('{episode,movie,"tv movie"}'::text[]))
                                                         Rows Removed by Filter: 4
                                                         Buffers: shared hit=1
                                       ->  Index Scan using movie_id_movie_info on movie_info mi1  (cost=0.43..42.73 rows=1 width=8) (actual time=0.066..0.073 rows=1 loops=10509)
                                             Index Cond: (movie_id = t.id)
                                             Filter: ((info_type_id = 8) AND ((info)::text = ANY ('{Greece,"Hong Kong",Turkey}'::text[])))
                                             Rows Removed by Filter: 7
                                             Buffers: shared hit=83769 read=7851
                                 ->  Seq Scan on info_type it1  (cost=0.00..2.41 rows=1 width=4) (actual time=0.010..0.018 rows=1 loops=10404)
                                       Filter: (id = 8)
                                       Rows Removed by Filter: 112
                                       Buffers: shared hit=10404
                           ->  Seq Scan on info_type it2  (cost=0.00..2.41 rows=1 width=4) (actual time=0.010..0.018 rows=1 loops=10404)
                                 Filter: (id = 4)
                                 Rows Removed by Filter: 112
                                 Buffers: shared hit=10404
                     ->  Index Scan using movie_id_cast_info on cast_info ci  (cost=0.44..43.99 rows=38 width=12) (actual time=0.033..0.151 rows=15 loops=10404)
                           Index Cond: (movie_id = t.id)
                           Buffers: shared hit=171861 read=15730
               ->  Hash  (cost=1.15..1.15 rows=2 width=4) (actual time=0.029..0.030 rows=2 loops=1)
                     Buckets: 1024  Batches: 1  Memory Usage: 9kB
                     Buffers: shared hit=1
                     ->  Seq Scan on role_type rt  (cost=0.00..1.15 rows=2 width=4) (actual time=0.022..0.024 rows=2 loops=1)
                           Filter: ((role)::text = ANY ('{composer,writer}'::text[]))
                           Rows Removed by Filter: 10
                           Buffers: shared hit=1
         ->  Index Scan using name_pkey on name n  (cost=0.43..2.32 rows=1 width=4) (actual time=0.034..0.034 rows=0 loops=15300)
               Index Cond: (id = ci.person_id)
               Filter: ((gender)::text = 'f'::text)
               Rows Removed by Filter: 1
               Buffers: shared hit=57070 read=4130
 Planning:
   Buffers: shared hit=574
 Planning Time: 11.988 ms
 Execution Time: 4451.645 ms
(73 rows)

