                                                                                                    QUERY PLAN                                                                                                    
------------------------------------------------------------------------------------------------------------------------------------------------------------------------------------------------------------------
 Aggregate  (cost=976959.76..976959.77 rows=1 width=8) (actual time=52436.730..52436.740 rows=1 loops=1)
   Buffers: shared hit=4797592 read=562259, temp read=9222 written=9191
   ->  Nested Loop  (cost=888716.69..976959.21 rows=219 width=0) (actual time=1012.412..52431.589 rows=13748 loops=1)
         Buffers: shared hit=4797592 read=562259, temp read=9222 written=9191
         ->  Seq Scan on info_type it2  (cost=0.00..2.41 rows=1 width=4) (actual time=0.043..0.054 rows=1 loops=1)
               Filter: (id = 4)
               Rows Removed by Filter: 112
               Buffers: shared hit=1
         ->  Nested Loop  (cost=888716.69..976954.61 rows=219 width=4) (actual time=1012.368..52427.820 rows=13748 loops=1)
               Buffers: shared hit=4797591 read=562259, temp read=9222 written=9191
               ->  Seq Scan on info_type it1  (cost=0.00..2.41 rows=1 width=4) (actual time=0.009..0.022 rows=1 loops=1)
                     Filter: (id = 8)
                     Rows Removed by Filter: 112
                     Buffers: shared hit=1
               ->  Nested Loop  (cost=888716.69..976950.00 rows=219 width=8) (actual time=1012.358..52423.764 rows=13748 loops=1)
                     Buffers: shared hit=4797590 read=562259, temp read=9222 written=9191
                     ->  Hash Join  (cost=888716.26..974760.38 rows=944 width=12) (actual time=1011.260..45047.587 rows=202530 loops=1)
                           Hash Cond: (ci.role_id = rt.id)
                           Buffers: shared hit=4040082 read=509647, temp read=9222 written=9191
                           ->  Nested Loop  (cost=888715.10..974718.99 rows=11324 width=16) (actual time=1010.629..44667.690 rows=1656957 loops=1)
                                 Buffers: shared hit=4040081 read=509647, temp read=9222 written=9191
                                 ->  Nested Loop  (cost=888714.66..940227.85 rows=790 width=20) (actual time=1010.596..25425.954 rows=92474 loops=1)
                                       Buffers: shared hit=2623506 read=46251, temp read=9222 written=9191
                                       ->  Nested Loop  (cost=888714.52..940182.68 rows=1843 width=24) (actual time=1010.581..24990.961 rows=622709 loops=1)
                                             Join Filter: (t.id = mi1.movie_id)
                                             Buffers: shared hit=2623494 read=46251, temp read=9222 written=9191
                                             ->  Merge Join  (cost=888714.09..889567.12 rows=14543 width=16) (actual time=1010.537..1829.004 rows=662860 loops=1)
                                                   Merge Cond: (mi1.movie_id = mi2.movie_id)
                                                   Buffers: shared hit=14903 read=3402, temp read=9222 written=9191
                                                   ->  Sort  (cost=392274.76..392444.55 rows=67918 width=8) (actual time=430.274..570.194 rows=734676 loops=1)
                                                         Sort Key: mi1.movie_id
                                                         Sort Method: external sort  Disk: 15880kB
                                                         Buffers: shared hit=5493 read=3400, temp read=3962 written=3972
                                                         ->  Bitmap Heap Scan on movie_info mi1  (cost=14228.53..386823.82 rows=67918 width=8) (actual time=37.684..251.634 rows=734676 loops=1)
                                                               Recheck Cond: (info_type_id = 8)
                                                               Filter: ((info)::text = ANY ('{Australia,"East Germany",Germany,"Hong Kong",India,Iran,Nigeria,Norway,Romania,"Soviet Union",Spain,USA}'::text[]))
                                                               Rows Removed by Filter: 590685
                                                               Heap Blocks: exact=7853
                                                               Buffers: shared hit=5493 read=3400
                                                               ->  Bitmap Index Scan on info_type_id_movie_info  (cost=0.00..14211.52 rows=1329478 width=0) (actual time=36.700..36.700 rows=1325361 loops=1)
                                                                     Index Cond: (info_type_id = 8)
                                                                     Buffers: shared hit=1 read=1039
                                                   ->  Sort  (cost=496439.33..496623.34 rows=73602 width=8) (actual time=580.253..779.352 rows=974475 loops=1)
                                                         Sort Key: mi2.movie_id
                                                         Sort Method: external sort  Disk: 20864kB
                                                         Buffers: shared hit=9410 read=2, temp read=5233 written=5219
                                                         ->  Bitmap Heap Scan on movie_info mi2  (cost=13073.77..490489.55 rows=73602 width=8) (actual time=28.665..347.406 rows=965256 loops=1)
                                                               Recheck Cond: (info_type_id = 4)
                                                               Filter: ((info)::text = ANY ('{Cantonese,Catalan,English,German,Malayalam,Norwegian,Persian,Romanian,Russian,Spanish,Telugu}'::text[]))
                                                               Rows Removed by Filter: 333733
                                                               Heap Blocks: exact=8393
                                                               Buffers: shared hit=9410 read=2
                                                               ->  Bitmap Index Scan on info_type_id_movie_info  (cost=0.00..13055.37 rows=1221191 width=0) (actual time=27.634..27.634 rows=1298989 loops=1)
                                                                     Index Cond: (info_type_id = 4)
                                                                     Buffers: shared hit=1019
                                             ->  Index Scan using title_pkey on title t  (cost=0.43..3.47 rows=1 width=8) (actual time=0.034..0.034 rows=1 loops=662860)
                                                   Index Cond: (id = mi2.movie_id)
                                                   Filter: ((production_year <= 2015) AND (1925 < production_year))
                                                   Rows Removed by Filter: 0
                                                   Buffers: shared hit=2608591 read=42849
                                       ->  Memoize  (cost=0.14..0.16 rows=1 width=4) (actual time=0.000..0.000 rows=0 loops=622709)
                                             Cache Key: t.kind_id
                                             Cache Mode: logical
                                             Hits: 622703  Misses: 6  Evictions: 0  Overflows: 0  Memory Usage: 1kB
                                             Buffers: shared hit=12
                                             ->  Index Scan using kind_type_pkey on kind_type kt  (cost=0.13..0.15 rows=1 width=4) (actual time=0.010..0.010 rows=0 loops=6)
                                                   Index Cond: (id = t.kind_id)
                                                   Filter: ((kind)::text = ANY ('{"tv movie","tv series","video game"}'::text[]))
                                                   Rows Removed by Filter: 0
                                                   Buffers: shared hit=12
                                 ->  Index Scan using movie_id_cast_info on cast_info ci  (cost=0.44..43.28 rows=38 width=12) (actual time=0.036..0.203 rows=18 loops=92474)
                                       Index Cond: (movie_id = t.id)
                                       Buffers: shared hit=1416575 read=463396
                           ->  Hash  (cost=1.15..1.15 rows=1 width=4) (actual time=0.017..0.017 rows=1 loops=1)
                                 Buckets: 1024  Batches: 1  Memory Usage: 9kB
                                 Buffers: shared hit=1
                                 ->  Seq Scan on role_type rt  (cost=0.00..1.15 rows=1 width=4) (actual time=0.010..0.011 rows=1 loops=1)
                                       Filter: ((role)::text = 'producer'::text)
                                       Rows Removed by Filter: 11
                                       Buffers: shared hit=1
                     ->  Index Scan using name_pkey on name n  (cost=0.43..2.32 rows=1 width=4) (actual time=0.036..0.036 rows=0 loops=202530)
                           Index Cond: (id = ci.person_id)
                           Filter: ((gender)::text = 'f'::text)
                           Rows Removed by Filter: 1
                           Buffers: shared hit=757508 read=52612
 Planning:
   Buffers: shared hit=576 read=1
 Planning Time: 14.215 ms
 Execution Time: 52449.122 ms
(89 rows)

