                                                                                            QUERY PLAN                                                                                            
--------------------------------------------------------------------------------------------------------------------------------------------------------------------------------------------------
 Aggregate  (cost=573011.18..573011.19 rows=1 width=8) (actual time=13143.626..13143.636 rows=1 loops=1)
   Buffers: shared hit=1178001 read=172418, temp read=969 written=969
   ->  Nested Loop  (cost=91920.75..573011.10 rows=32 width=0) (actual time=520.731..13136.982 rows=36275 loops=1)
         Buffers: shared hit=1178001 read=172418, temp read=969 written=969
         ->  Hash Join  (cost=91920.32..572834.82 rows=76 width=4) (actual time=520.698..10436.392 rows=76877 loops=1)
               Hash Cond: (ci.role_id = rt.id)
               Buffers: shared hit=881423 read=161488, temp read=969 written=969
               ->  Nested Loop  (cost=91919.14..572832.01 rows=459 width=8) (actual time=520.581..10322.132 rows=585846 loops=1)
                     Buffers: shared hit=881422 read=161488, temp read=969 written=969
                     ->  Nested Loop  (cost=91918.70..571395.87 rows=32 width=12) (actual time=520.549..4356.669 rows=27325 loops=1)
                           Buffers: shared hit=291397 read=97430, temp read=969 written=969
                           ->  Seq Scan on info_type it2  (cost=0.00..2.41 rows=1 width=4) (actual time=0.033..0.045 rows=1 loops=1)
                                 Filter: (id = 4)
                                 Rows Removed by Filter: 112
                                 Buffers: shared hit=1
                           ->  Nested Loop  (cost=91918.70..571393.14 rows=32 width=16) (actual time=520.514..4350.104 rows=27325 loops=1)
                                 Buffers: shared hit=291396 read=97430, temp read=969 written=969
                                 ->  Seq Scan on info_type it1  (cost=0.00..2.41 rows=1 width=4) (actual time=0.013..0.027 rows=1 loops=1)
                                       Filter: (id = 8)
                                       Rows Removed by Filter: 112
                                       Buffers: shared hit=1
                                 ->  Nested Loop  (cost=91918.70..571390.41 rows=32 width=20) (actual time=520.498..4343.179 rows=27325 loops=1)
                                       Buffers: shared hit=291395 read=97430, temp read=969 written=969
                                       ->  Hash Join  (cost=91918.27..524817.71 rows=1072 width=12) (actual time=520.443..1219.719 rows=35767 loops=1)
                                             Hash Cond: (mi1.movie_id = t.id)
                                             Buffers: shared hit=5838 read=39447, temp read=969 written=969
                                             ->  Bitmap Heap Scan on movie_info mi1  (cost=14215.99..447037.66 rows=17883 width=8) (actual time=37.656..587.544 rows=197278 loops=1)
                                                   Recheck Cond: (info_type_id = 8)
                                                   Filter: ((info)::text = ANY ('{Australia,Austria,France,"Hong Kong",India,Italy,Netherlands,Poland}'::text[]))
                                                   Rows Removed by Filter: 1128083
                                                   Heap Blocks: exact=7853
                                                   Buffers: shared hit=11 read=8882
                                                   ->  Bitmap Index Scan on info_type_id_movie_info  (cost=0.00..14211.52 rows=1329478 width=0) (actual time=36.662..36.662 rows=1325361 loops=1)
                                                         Index Cond: (info_type_id = 8)
                                                         Buffers: shared read=1040
                                             ->  Hash  (cost=75807.58..75807.58 rows=151576 width=4) (actual time=481.608..481.611 rows=335746 loops=1)
                                                   Buckets: 262144 (originally 262144)  Batches: 2 (originally 1)  Memory Usage: 7957kB
                                                   Buffers: shared hit=5827 read=30565, temp written=491
                                                   ->  Hash Join  (cost=1.13..75807.58 rows=151576 width=4) (actual time=0.048..420.945 rows=335746 loops=1)
                                                         Hash Cond: (t.kind_id = kt.id)
                                                         Buffers: shared hit=5827 read=30565
                                                         ->  Seq Scan on title t  (cost=0.00..74315.95 rows=353677 width=8) (actual time=0.025..379.417 rows=347589 loops=1)
                                                               Filter: ((production_year <= 1975) AND (1925 < production_year))
                                                               Rows Removed by Filter: 2180723
                                                               Buffers: shared hit=5826 read=30565
                                                         ->  Hash  (cost=1.10..1.10 rows=3 width=4) (actual time=0.016..0.018 rows=3 loops=1)
                                                               Buckets: 1024  Batches: 1  Memory Usage: 9kB
                                                               Buffers: shared hit=1
                                                               ->  Seq Scan on kind_type kt  (cost=0.00..1.10 rows=3 width=4) (actual time=0.009..0.010 rows=3 loops=1)
                                                                     Filter: ((kind)::text = ANY ('{episode,movie,"tv movie"}'::text[]))
                                                                     Rows Removed by Filter: 4
                                                                     Buffers: shared hit=1
                                       ->  Index Scan using movie_id_movie_info on movie_info mi2  (cost=0.43..43.43 rows=1 width=8) (actual time=0.043..0.087 rows=1 loops=35767)
                                             Index Cond: (movie_id = t.id)
                                             Filter: ((info_type_id = 4) AND ((info)::text = ANY ('{Bengali,Cantonese,Dutch,English,French,German,Italian,Mandarin,Polish,Tamil}'::text[])))
                                             Rows Removed by Filter: 10
                                             Buffers: shared hit=285557 read=57983
                     ->  Index Scan using movie_id_cast_info on cast_info ci  (cost=0.44..44.50 rows=38 width=12) (actual time=0.036..0.212 rows=21 loops=27325)
                           Index Cond: (movie_id = t.id)
                           Buffers: shared hit=590025 read=64058
               ->  Hash  (cost=1.15..1.15 rows=2 width=4) (actual time=0.038..0.039 rows=2 loops=1)
                     Buckets: 1024  Batches: 1  Memory Usage: 9kB
                     Buffers: shared hit=1
                     ->  Seq Scan on role_type rt  (cost=0.00..1.15 rows=2 width=4) (actual time=0.029..0.031 rows=2 loops=1)
                           Filter: ((role)::text = ANY ('{producer,writer}'::text[]))
                           Rows Removed by Filter: 10
                           Buffers: shared hit=1
         ->  Index Scan using name_pkey on name n  (cost=0.43..2.32 rows=1 width=4) (actual time=0.035..0.035 rows=0 loops=76877)
               Index Cond: (id = ci.person_id)
               Filter: ((gender)::text = 'm'::text)
               Rows Removed by Filter: 1
               Buffers: shared hit=296578 read=10930
 Planning:
   Buffers: shared hit=485 read=89
 Planning Time: 14.069 ms
 Execution Time: 13144.317 ms
(76 rows)

