                                                                                               QUERY PLAN                                                                                               
--------------------------------------------------------------------------------------------------------------------------------------------------------------------------------------------------------
 Aggregate  (cost=656665.30..656665.31 rows=1 width=8) (actual time=12756.451..12756.458 rows=1 loops=1)
   Buffers: shared hit=1191880 read=134824
   ->  Nested Loop  (cost=13061.89..656665.20 rows=39 width=0) (actual time=40.304..12755.162 rows=3511 loops=1)
         Buffers: shared hit=1191880 read=134824
         ->  Seq Scan on info_type it2  (cost=0.00..2.41 rows=1 width=4) (actual time=0.048..0.057 rows=1 loops=1)
               Filter: (id = 4)
               Rows Removed by Filter: 112
               Buffers: shared hit=1
         ->  Nested Loop  (cost=13061.89..656662.40 rows=39 width=4) (actual time=40.253..12754.233 rows=3511 loops=1)
               Buffers: shared hit=1191879 read=134824
               ->  Seq Scan on info_type it1  (cost=0.00..2.41 rows=1 width=4) (actual time=0.013..0.023 rows=1 loops=1)
                     Filter: (id = 8)
                     Rows Removed by Filter: 112
                     Buffers: shared hit=1
               ->  Nested Loop  (cost=13061.89..656659.59 rows=39 width=8) (actual time=40.236..12753.227 rows=3511 loops=1)
                     Buffers: shared hit=1191878 read=134824
                     ->  Hash Join  (cost=13061.46..656443.88 rows=93 width=12) (actual time=39.788..12099.193 rows=18431 loops=1)
                           Hash Cond: (ci.role_id = rt.id)
                           Buffers: shared hit=1123768 read=129210
                           ->  Nested Loop  (cost=13060.30..656438.75 rows=1118 width=16) (actual time=39.700..12047.679 rows=248420 loops=1)
                                 Buffers: shared hit=1123767 read=129210
                                 ->  Nested Loop  (cost=13059.86..653030.32 rows=78 width=20) (actual time=38.884..9107.391 rows=16028 loops=1)
                                       Buffers: shared hit=896214 read=65759
                                       ->  Hash Join  (cost=13059.42..509834.73 rows=3370 width=12) (actual time=38.808..6450.752 rows=31672 loops=1)
                                             Hash Cond: (t.kind_id = kt.id)
                                             Buffers: shared hit=643572 read=27233
                                             ->  Nested Loop  (cost=13058.29..509800.46 rows=7863 width=16) (actual time=38.763..6416.287 rows=122524 loops=1)
                                                   Buffers: shared hit=643571 read=27233
                                                   ->  Bitmap Heap Scan on movie_info mi2  (cost=13057.85..445386.09 rows=9925 width=8) (actual time=38.659..730.387 rows=169001 loops=1)
                                                         Recheck Cond: (info_type_id = 4)
                                                         Filter: ((info)::text = ANY ('{Dutch,French,German,Hungarian,Malayalam,Mandarin,Swedish,Tamil}'::text[]))
                                                         Rows Removed by Filter: 1129988
                                                         Heap Blocks: exact=8393
                                                         Buffers: shared hit=2239 read=7173
                                                         ->  Bitmap Index Scan on info_type_id_movie_info  (cost=0.00..13055.37 rows=1221191 width=0) (actual time=36.084..36.084 rows=1298989 loops=1)
                                                               Index Cond: (info_type_id = 4)
                                                               Buffers: shared hit=1 read=1018
                                                   ->  Memoize  (cost=0.44..6.56 rows=1 width=8) (actual time=0.033..0.033 rows=1 loops=169001)
                                                         Cache Key: mi2.movie_id
                                                         Cache Mode: logical
                                                         Hits: 3653  Misses: 165348  Evictions: 78945  Overflows: 0  Memory Usage: 8193kB
                                                         Buffers: shared hit=641332 read=20060
                                                         ->  Index Scan using title_pkey on title t  (cost=0.43..6.55 rows=1 width=8) (actual time=0.033..0.033 rows=1 loops=165348)
                                                               Index Cond: (id = mi2.movie_id)
                                                               Filter: ((production_year <= 2015) AND (1975 < production_year))
                                                               Rows Removed by Filter: 0
                                                               Buffers: shared hit=641332 read=20060
                                             ->  Hash  (cost=1.10..1.10 rows=3 width=4) (actual time=0.019..0.019 rows=3 loops=1)
                                                   Buckets: 1024  Batches: 1  Memory Usage: 9kB
                                                   Buffers: shared hit=1
                                                   ->  Seq Scan on kind_type kt  (cost=0.00..1.10 rows=3 width=4) (actual time=0.010..0.012 rows=3 loops=1)
                                                         Filter: ((kind)::text = ANY ('{"tv movie","tv series","video game"}'::text[]))
                                                         Rows Removed by Filter: 4
                                                         Buffers: shared hit=1
                                       ->  Index Scan using movie_id_movie_info on movie_info mi1  (cost=0.43..42.48 rows=1 width=8) (actual time=0.078..0.083 rows=1 loops=31672)
                                             Index Cond: (movie_id = t.id)
                                             Filter: ((info_type_id = 8) AND ((info)::text = ANY ('{Belgium,China,Germany,Hungary,India,Sweden,USA}'::text[])))
                                             Rows Removed by Filter: 7
                                             Buffers: shared hit=252642 read=38526
                                 ->  Index Scan using movie_id_cast_info on cast_info ci  (cost=0.44..43.32 rows=38 width=12) (actual time=0.037..0.179 rows=15 loops=16028)
                                       Index Cond: (movie_id = t.id)
                                       Buffers: shared hit=227553 read=63451
                           ->  Hash  (cost=1.15..1.15 rows=1 width=4) (actual time=0.019..0.019 rows=1 loops=1)
                                 Buckets: 1024  Batches: 1  Memory Usage: 9kB
                                 Buffers: shared hit=1
                                 ->  Seq Scan on role_type rt  (cost=0.00..1.15 rows=1 width=4) (actual time=0.011..0.013 rows=1 loops=1)
                                       Filter: ((role)::text = 'producer'::text)
                                       Rows Removed by Filter: 11
                                       Buffers: shared hit=1
                     ->  Index Scan using name_pkey on name n  (cost=0.43..2.32 rows=1 width=4) (actual time=0.035..0.035 rows=0 loops=18431)
                           Index Cond: (id = ci.person_id)
                           Filter: ((gender)::text = 'm'::text)
                           Rows Removed by Filter: 1
                           Buffers: shared hit=68110 read=5614
 Planning:
   Buffers: shared hit=574
 Planning Time: 12.803 ms
 Execution Time: 12758.859 ms
(78 rows)

