                                                                                                 QUERY PLAN                                                                                                  
-------------------------------------------------------------------------------------------------------------------------------------------------------------------------------------------------------------
 Aggregate  (cost=588296.05..588296.06 rows=1 width=8) (actual time=1652.880..1652.887 rows=1 loops=1)
   Buffers: shared hit=108500 read=42425, temp read=660 written=660
   ->  Nested Loop  (cost=93682.44..588295.94 rows=43 width=0) (actual time=433.883..1652.610 rows=1526 loops=1)
         Buffers: shared hit=108500 read=42425, temp read=660 written=660
         ->  Seq Scan on info_type it2  (cost=0.00..2.41 rows=1 width=4) (actual time=0.047..0.054 rows=1 loops=1)
               Filter: (id = 4)
               Rows Removed by Filter: 112
               Buffers: shared hit=1
         ->  Nested Loop  (cost=93682.44..588293.10 rows=43 width=4) (actual time=433.834..1652.291 rows=1526 loops=1)
               Buffers: shared hit=108499 read=42425, temp read=660 written=660
               ->  Seq Scan on info_type it1  (cost=0.00..2.41 rows=1 width=4) (actual time=0.010..0.019 rows=1 loops=1)
                     Filter: (id = 8)
                     Rows Removed by Filter: 112
                     Buffers: shared hit=1
               ->  Nested Loop  (cost=93682.44..588290.26 rows=43 width=8) (actual time=433.820..1652.001 rows=1526 loops=1)
                     Buffers: shared hit=108498 read=42425, temp read=660 written=660
                     ->  Hash Join  (cost=93682.01..588051.35 rows=103 width=12) (actual time=433.697..1535.140 rows=3342 loops=1)
                           Hash Cond: (ci.role_id = rt.id)
                           Buffers: shared hit=98034 read=39521, temp read=660 written=660
                           ->  Nested Loop  (cost=93680.85..588045.80 rows=1233 width=16) (actual time=432.949..1529.727 rows=34563 loops=1)
                                 Buffers: shared hit=98033 read=39521, temp read=660 written=660
                                 ->  Nested Loop  (cost=93680.41..584214.13 rows=86 width=20) (actual time=432.919..1099.651 rows=4680 loops=1)
                                       Buffers: shared hit=65782 read=23852, temp read=660 written=660
                                       ->  Hash Join  (cost=93679.98..467473.15 rows=2704 width=12) (actual time=432.875..728.817 rows=4909 loops=1)
                                             Hash Cond: (mi1.movie_id = t.id)
                                             Buffers: shared hit=28344 read=16941, temp read=660 written=660
                                             ->  Bitmap Heap Scan on movie_info mi1  (cost=14220.27..386815.57 rows=34890 width=8) (actual time=37.595..245.852 rows=376257 loops=1)
                                                   Recheck Cond: (info_type_id = 8)
                                                   Filter: ((info)::text = ANY ('{Austria,Brazil,Czechoslovakia,"East Germany",France,Germany,Greece,India,"South Korea",Spain,UK,"West Germany"}'::text[]))
                                                   Rows Removed by Filter: 949104
                                                   Heap Blocks: exact=7853
                                                   Buffers: shared hit=3756 read=5137
                                                   ->  Bitmap Index Scan on info_type_id_movie_info  (cost=0.00..14211.52 rows=1329478 width=0) (actual time=36.609..36.609 rows=1325361 loops=1)
                                                         Index Cond: (info_type_id = 8)
                                                         Buffers: shared read=1040
                                             ->  Hash  (cost=76244.10..76244.10 rows=195968 width=4) (actual time=394.166..394.168 rows=11843 loops=1)
                                                   Buckets: 262144  Batches: 2  Memory Usage: 2260kB
                                                   Buffers: shared hit=24588 read=11804, temp written=17
                                                   ->  Hash Join  (cost=1.13..76244.10 rows=195968 width=4) (actual time=0.148..391.594 rows=11843 loops=1)
                                                         Hash Cond: (t.kind_id = kt.id)
                                                         Buffers: shared hit=24588 read=11804
                                                         ->  Seq Scan on title t  (cost=0.00..74315.95 rows=457258 width=8) (actual time=0.022..366.367 rows=451569 loops=1)
                                                               Filter: ((production_year <= 1975) AND (1875 < production_year))
                                                               Rows Removed by Filter: 2076743
                                                               Buffers: shared hit=24587 read=11804
                                                         ->  Hash  (cost=1.10..1.10 rows=3 width=4) (actual time=0.014..0.015 rows=3 loops=1)
                                                               Buckets: 1024  Batches: 1  Memory Usage: 9kB
                                                               Buffers: shared hit=1
                                                               ->  Seq Scan on kind_type kt  (cost=0.00..1.10 rows=3 width=4) (actual time=0.007..0.008 rows=3 loops=1)
                                                                     Filter: ((kind)::text = ANY ('{"tv series","video game","video movie"}'::text[]))
                                                                     Rows Removed by Filter: 4
                                                                     Buffers: shared hit=1
                                       ->  Index Scan using movie_id_movie_info on movie_info mi2  (cost=0.43..43.16 rows=1 width=8) (actual time=0.056..0.075 rows=1 loops=4909)
                                             Index Cond: (movie_id = t.id)
                                             Filter: ((info_type_id = 4) AND ((info)::text = ANY ('{Czech,English,French,German,Greek,Hindi,Korean,Portuguese,Spanish}'::text[])))
                                             Rows Removed by Filter: 7
                                             Buffers: shared hit=37438 read=6911
                                 ->  Index Scan using movie_id_cast_info on cast_info ci  (cost=0.44..44.17 rows=38 width=12) (actual time=0.029..0.090 rows=7 loops=4680)
                                       Index Cond: (movie_id = t.id)
                                       Buffers: shared hit=32251 read=15669
                           ->  Hash  (cost=1.15..1.15 rows=1 width=4) (actual time=0.021..0.022 rows=1 loops=1)
                                 Buckets: 1024  Batches: 1  Memory Usage: 9kB
                                 Buffers: shared hit=1
                                 ->  Seq Scan on role_type rt  (cost=0.00..1.15 rows=1 width=4) (actual time=0.013..0.015 rows=1 loops=1)
                                       Filter: ((role)::text = 'writer'::text)
                                       Rows Removed by Filter: 11
                                       Buffers: shared hit=1
                     ->  Index Scan using name_pkey on name n  (cost=0.43..2.32 rows=1 width=4) (actual time=0.034..0.034 rows=0 loops=3342)
                           Index Cond: (id = ci.person_id)
                           Filter: ((gender)::text = 'm'::text)
                           Rows Removed by Filter: 1
                           Buffers: shared hit=10464 read=2904
 Planning:
   Buffers: shared hit=522 read=55
 Planning Time: 13.906 ms
 Execution Time: 1653.429 ms
(76 rows)

