                                                                                               QUERY PLAN                                                                                               
--------------------------------------------------------------------------------------------------------------------------------------------------------------------------------------------------------
 Aggregate  (cost=559833.82..559833.83 rows=1 width=8) (actual time=21817.944..21817.952 rows=1 loops=1)
   Buffers: shared hit=1999739 read=268755
   ->  Nested Loop  (cost=14217.92..559833.73 rows=35 width=0) (actual time=253.275..21815.721 rows=6373 loops=1)
         Buffers: shared hit=1999739 read=268755
         ->  Seq Scan on info_type it2  (cost=0.00..2.41 rows=1 width=4) (actual time=0.050..0.061 rows=1 loops=1)
               Filter: (id = 4)
               Rows Removed by Filter: 112
               Buffers: shared hit=1
         ->  Nested Loop  (cost=14217.92..559830.97 rows=35 width=4) (actual time=253.223..21814.127 rows=6373 loops=1)
               Buffers: shared hit=1999738 read=268755
               ->  Seq Scan on info_type it1  (cost=0.00..2.41 rows=1 width=4) (actual time=0.013..0.026 rows=1 loops=1)
                     Filter: (id = 8)
                     Rows Removed by Filter: 112
                     Buffers: shared hit=1
               ->  Nested Loop  (cost=14217.92..559828.20 rows=35 width=8) (actual time=253.205..21812.359 rows=6373 loops=1)
                     Buffers: shared hit=1999737 read=268755
                     ->  Hash Join  (cost=14217.49..559633.36 rows=84 width=12) (actual time=213.799..21095.802 rows=19831 loops=1)
                           Hash Cond: (ci.role_id = rt.id)
                           Buffers: shared hit=1928035 read=261133
                           ->  Nested Loop  (cost=14216.33..559628.63 rows=1003 width=16) (actual time=36.459..20906.163 rows=1020454 loops=1)
                                 Buffers: shared hit=1928034 read=261133
                                 ->  Nested Loop  (cost=14215.89..556572.46 rows=70 width=20) (actual time=36.427..9999.267 rows=49609 loops=1)
                                       Buffers: shared hit=933752 read=103305
                                       ->  Hash Join  (cost=14215.45..449227.44 rows=2537 width=12) (actual time=36.366..4008.199 rows=77300 loops=1)
                                             Hash Cond: (t.kind_id = kt.id)
                                             Buffers: shared hit=346451 read=30299
                                             ->  Nested Loop  (cost=14214.34..449188.89 rows=8881 width=16) (actual time=35.424..3968.610 rows=89234 loops=1)
                                                   Buffers: shared hit=346450 read=30299
                                                   ->  Bitmap Heap Scan on movie_info mi1  (cost=14213.90..386809.20 rows=9528 width=8) (actual time=35.343..554.406 rows=92312 loops=1)
                                                         Recheck Cond: (info_type_id = 8)
                                                         Filter: ((info)::text = ANY ('{Australia,Belgium,Brazil,India}'::text[]))
                                                         Rows Removed by Filter: 1233049
                                                         Heap Blocks: exact=7853
                                                         Buffers: shared hit=3915 read=4978
                                                         ->  Bitmap Index Scan on info_type_id_movie_info  (cost=0.00..14211.52 rows=1329478 width=0) (actual time=34.355..34.355 rows=1325361 loops=1)
                                                               Index Cond: (info_type_id = 8)
                                                               Buffers: shared hit=1040
                                                   ->  Memoize  (cost=0.44..6.62 rows=1 width=8) (actual time=0.036..0.036 rows=1 loops=92312)
                                                         Cache Key: mi1.movie_id
                                                         Cache Mode: logical
                                                         Hits: 348  Misses: 91964  Evictions: 13170  Overflows: 0  Memory Usage: 8193kB
                                                         Buffers: shared hit=342535 read=25321
                                                         ->  Index Scan using title_pkey on title t  (cost=0.43..6.61 rows=1 width=8) (actual time=0.035..0.035 rows=1 loops=91964)
                                                               Index Cond: (id = mi1.movie_id)
                                                               Filter: ((production_year <= 2015) AND (1925 < production_year))
                                                               Rows Removed by Filter: 0
                                                               Buffers: shared hit=342535 read=25321
                                             ->  Hash  (cost=1.09..1.09 rows=2 width=4) (actual time=0.019..0.020 rows=2 loops=1)
                                                   Buckets: 1024  Batches: 1  Memory Usage: 9kB
                                                   Buffers: shared hit=1
                                                   ->  Seq Scan on kind_type kt  (cost=0.00..1.09 rows=2 width=4) (actual time=0.010..0.012 rows=2 loops=1)
                                                         Filter: ((kind)::text = ANY ('{episode,movie}'::text[]))
                                                         Rows Removed by Filter: 5
                                                         Buffers: shared hit=1
                                       ->  Index Scan using movie_id_movie_info on movie_info mi2  (cost=0.43..42.30 rows=1 width=8) (actual time=0.053..0.077 rows=1 loops=77300)
                                             Index Cond: (movie_id = t.id)
                                             Filter: ((info_type_id = 4) AND ((info)::text = ANY ('{Dutch,English,French,Portuguese}'::text[])))
                                             Rows Removed by Filter: 7
                                             Buffers: shared hit=587301 read=73006
                                 ->  Index Scan using movie_id_cast_info on cast_info ci  (cost=0.44..43.28 rows=38 width=12) (actual time=0.035..0.213 rows=21 loops=49609)
                                       Index Cond: (movie_id = t.id)
                                       Buffers: shared hit=994282 read=157828
                           ->  Hash  (cost=1.15..1.15 rows=1 width=4) (actual time=0.018..0.019 rows=1 loops=1)
                                 Buckets: 1024  Batches: 1  Memory Usage: 9kB
                                 Buffers: shared hit=1
                                 ->  Seq Scan on role_type rt  (cost=0.00..1.15 rows=1 width=4) (actual time=0.011..0.012 rows=1 loops=1)
                                       Filter: ((role)::text = 'composer'::text)
                                       Rows Removed by Filter: 11
                                       Buffers: shared hit=1
                     ->  Index Scan using name_pkey on name n  (cost=0.43..2.32 rows=1 width=4) (actual time=0.035..0.035 rows=0 loops=19831)
                           Index Cond: (id = ci.person_id)
                           Filter: ((gender)::text = 'm'::text)
                           Rows Removed by Filter: 1
                           Buffers: shared hit=71702 read=7622
 Planning:
   Buffers: shared hit=574
 Planning Time: 12.844 ms
 Execution Time: 21820.465 ms
(78 rows)

