                                                                                                 QUERY PLAN                                                                                                  
-------------------------------------------------------------------------------------------------------------------------------------------------------------------------------------------------------------
 Aggregate  (cost=785305.14..785305.15 rows=1 width=8) (actual time=51446.116..51446.124 rows=1 loops=1)
   Buffers: shared hit=4882855 read=462690
   ->  Nested Loop  (cost=14219.90..785304.74 rows=160 width=0) (actual time=38.975..51443.560 rows=5335 loops=1)
         Buffers: shared hit=4882855 read=462690
         ->  Seq Scan on info_type it2  (cost=0.00..2.41 rows=1 width=4) (actual time=0.048..0.059 rows=1 loops=1)
               Filter: (id = 4)
               Rows Removed by Filter: 112
               Buffers: shared hit=1
         ->  Nested Loop  (cost=14219.90..785300.73 rows=160 width=4) (actual time=38.925..51441.800 rows=5335 loops=1)
               Buffers: shared hit=4882854 read=462690
               ->  Seq Scan on info_type it1  (cost=0.00..2.41 rows=1 width=4) (actual time=0.010..0.023 rows=1 loops=1)
                     Filter: (id = 8)
                     Rows Removed by Filter: 112
                     Buffers: shared hit=1
               ->  Nested Loop  (cost=14219.90..785296.72 rows=160 width=8) (actual time=38.912..51440.107 rows=5335 loops=1)
                     Buffers: shared hit=4882853 read=462690
                     ->  Hash Join  (cost=14219.47..784726.12 rows=246 width=12) (actual time=37.865..50417.595 rows=27758 loops=1)
                           Hash Cond: (ci.role_id = rt.id)
                           Buffers: shared hit=4776273 read=458238
                           ->  Nested Loop  (cost=14218.30..784714.46 rows=2953 width=16) (actual time=37.708..49949.397 rows=2585789 loops=1)
                                 Buffers: shared hit=4776272 read=458238
                                 ->  Nested Loop  (cost=14217.86..775720.57 rows=206 width=20) (actual time=37.676..21851.993 rows=131358 loops=1)
                                       Buffers: shared hit=2169787 read=150238
                                       ->  Hash Join  (cost=14217.43..481848.54 rows=6887 width=12) (actual time=37.618..8513.761 rows=157841 loops=1)
                                             Hash Cond: (t.kind_id = kt.id)
                                             Buffers: shared hit=804074 read=46424
                                             ->  Nested Loop  (cost=14216.30..481779.68 rows=16071 width=16) (actual time=37.467..8420.694 rows=193937 loops=1)
                                                   Buffers: shared hit=804073 read=46424
                                                   ->  Bitmap Heap Scan on movie_info mi1  (cost=14215.86..386811.15 rows=17241 width=8) (actual time=37.432..512.972 rows=213742 loops=1)
                                                         Recheck Cond: (info_type_id = 8)
                                                         Filter: ((info)::text = ANY ('{Brazil,China,Czechoslovakia,Germany,"Hong Kong",India,Italy,Japan,Netherlands,Russia}'::text[]))
                                                         Rows Removed by Filter: 1111619
                                                         Heap Blocks: exact=7853
                                                         Buffers: shared hit=103 read=8790
                                                         ->  Bitmap Index Scan on info_type_id_movie_info  (cost=0.00..14211.52 rows=1329478 width=0) (actual time=36.455..36.455 rows=1325361 loops=1)
                                                               Index Cond: (info_type_id = 8)
                                                               Buffers: shared read=1040
                                                   ->  Memoize  (cost=0.44..5.62 rows=1 width=8) (actual time=0.036..0.036 rows=1 loops=213742)
                                                         Cache Key: mi1.movie_id
                                                         Cache Mode: logical
                                                         Hits: 3341  Misses: 210401  Evictions: 129390  Overflows: 0  Memory Usage: 8193kB
                                                         Buffers: shared hit=803970 read=37634
                                                         ->  Index Scan using title_pkey on title t  (cost=0.43..5.61 rows=1 width=8) (actual time=0.035..0.035 rows=1 loops=210401)
                                                               Index Cond: (id = mi1.movie_id)
                                                               Filter: ((production_year <= 2015) AND (1925 < production_year))
                                                               Rows Removed by Filter: 0
                                                               Buffers: shared hit=803970 read=37634
                                             ->  Hash  (cost=1.10..1.10 rows=3 width=4) (actual time=0.017..0.018 rows=3 loops=1)
                                                   Buckets: 1024  Batches: 1  Memory Usage: 9kB
                                                   Buffers: shared hit=1
                                                   ->  Seq Scan on kind_type kt  (cost=0.00..1.10 rows=3 width=4) (actual time=0.011..0.013 rows=3 loops=1)
                                                         Filter: ((kind)::text = ANY ('{episode,movie,"video movie"}'::text[]))
                                                         Rows Removed by Filter: 4
                                                         Buffers: shared hit=1
                                       ->  Index Scan using movie_id_movie_info on movie_info mi2  (cost=0.43..42.66 rows=1 width=8) (actual time=0.048..0.084 rows=1 loops=157841)
                                             Index Cond: (movie_id = t.id)
                                             Filter: ((info_type_id = 4) AND ((info)::text = ANY ('{Cantonese,Czech,Dutch,English,German,Italian,Japanese,Malayalam,Mandarin,Portuguese,Russian}'::text[])))
                                             Rows Removed by Filter: 9
                                             Buffers: shared hit=1365713 read=103814
                                 ->  Index Scan using movie_id_cast_info on cast_info ci  (cost=0.44..43.28 rows=38 width=12) (actual time=0.036..0.208 rows=20 loops=131358)
                                       Index Cond: (movie_id = t.id)
                                       Buffers: shared hit=2606485 read=308000
                           ->  Hash  (cost=1.15..1.15 rows=1 width=4) (actual time=0.021..0.022 rows=1 loops=1)
                                 Buckets: 1024  Batches: 1  Memory Usage: 9kB
                                 Buffers: shared hit=1
                                 ->  Seq Scan on role_type rt  (cost=0.00..1.15 rows=1 width=4) (actual time=0.013..0.015 rows=1 loops=1)
                                       Filter: ((role)::text = 'costume designer'::text)
                                       Rows Removed by Filter: 11
                                       Buffers: shared hit=1
                     ->  Index Scan using name_pkey on name n  (cost=0.43..2.32 rows=1 width=4) (actual time=0.036..0.036 rows=0 loops=27758)
                           Index Cond: (id = ci.person_id)
                           Filter: ((gender)::text = ANY ('{f,m}'::text[]))
                           Rows Removed by Filter: 1
                           Buffers: shared hit=106580 read=4452
 Planning:
   Buffers: shared hit=485 read=92
 Planning Time: 14.531 ms
 Execution Time: 51449.214 ms
(78 rows)

