                                                                                                  QUERY PLAN                                                                                                  
--------------------------------------------------------------------------------------------------------------------------------------------------------------------------------------------------------------
 Aggregate  (cost=834076.63..834076.64 rows=1 width=8) (actual time=15827.090..15827.099 rows=1 loops=1)
   Buffers: shared hit=1369855 read=171366, temp read=6639 written=6619
   ->  Nested Loop  (cost=795209.49..834075.98 rows=257 width=0) (actual time=883.401..15824.405 rows=12332 loops=1)
         Buffers: shared hit=1369855 read=171366, temp read=6639 written=6619
         ->  Seq Scan on info_type it2  (cost=0.00..2.41 rows=1 width=4) (actual time=0.045..0.058 rows=1 loops=1)
               Filter: (id = 4)
               Rows Removed by Filter: 112
               Buffers: shared hit=1
         ->  Nested Loop  (cost=795209.49..834071.00 rows=257 width=4) (actual time=883.354..15821.692 rows=12332 loops=1)
               Buffers: shared hit=1369854 read=171366, temp read=6639 written=6619
               ->  Seq Scan on info_type it1  (cost=0.00..2.41 rows=1 width=4) (actual time=0.019..0.032 rows=1 loops=1)
                     Filter: (id = 8)
                     Rows Removed by Filter: 112
                     Buffers: shared hit=1
               ->  Nested Loop  (cost=795209.49..834066.02 rows=257 width=8) (actual time=883.334..15818.816 rows=12332 loops=1)
                     Buffers: shared hit=1369853 read=171366, temp read=6639 written=6619
                     ->  Hash Join  (cost=795209.06..832646.47 rows=612 width=12) (actual time=883.135..14110.743 rows=47525 loops=1)
                           Hash Cond: (ci.role_id = rt.id)
                           Buffers: shared hit=1198524 read=152595, temp read=6639 written=6619
                           ->  Nested Loop  (cost=795207.89..832632.26 rows=3669 width=16) (actual time=883.088..14050.859 rows=256899 loops=1)
                                 Buffers: shared hit=1198523 read=152595, temp read=6639 written=6619
                                 ->  Nested Loop  (cost=795207.45..821455.39 rows=256 width=20) (actual time=883.064..10615.865 rows=25917 loops=1)
                                       Buffers: shared hit=968383 read=57522, temp read=6639 written=6619
                                       ->  Nested Loop  (cost=795207.30..821432.52 rows=898 width=24) (actual time=883.048..10454.352 rows=232513 loops=1)
                                             Join Filter: (t.id = mi1.movie_id)
                                             Buffers: shared hit=968371 read=57522, temp read=6639 written=6619
                                             ->  Merge Join  (cost=795206.87..795791.96 rows=7082 width=16) (actual time=882.996..1368.403 rows=251897 loops=1)
                                                   Merge Cond: (mi1.movie_id = mi2.movie_id)
                                                   Buffers: shared hit=2570 read=15735, temp read=6639 written=6619
                                                   ->  Sort  (cost=389617.51..389709.83 rows=36928 width=8) (actual time=392.208..463.665 rows=391974 loops=1)
                                                         Sort Key: mi1.movie_id
                                                         Sort Method: external sort  Disk: 8472kB
                                                         Buffers: shared hit=641 read=8252, temp read=2114 written=2119
                                                         ->  Bitmap Heap Scan on movie_info mi1  (cost=14220.78..386816.07 rows=36928 width=8) (actual time=37.580..284.094 rows=391975 loops=1)
                                                               Recheck Cond: (info_type_id = 8)
                                                               Filter: ((info)::text = ANY ('{Australia,Canada,Germany,Greece,Hungary,India,Ireland,Italy,Russia,Spain,UK}'::text[]))
                                                               Rows Removed by Filter: 933386
                                                               Heap Blocks: exact=7853
                                                               Buffers: shared hit=641 read=8252
                                                               ->  Bitmap Index Scan on info_type_id_movie_info  (cost=0.00..14211.52 rows=1329478 width=0) (actual time=36.583..36.584 rows=1325361 loops=1)
                                                                     Index Cond: (info_type_id = 8)
                                                                     Buffers: shared read=1040
                                                   ->  Sort  (cost=405589.36..405754.18 rows=65925 width=8) (actual time=490.779..640.936 rows=841166 loops=1)
                                                         Sort Key: mi2.movie_id
                                                         Sort Method: external sort  Disk: 17992kB
                                                         Buffers: shared hit=1929 read=7483, temp read=4507 written=4500
                                                         ->  Bitmap Heap Scan on movie_info mi2  (cost=13071.85..400312.55 rows=65925 width=8) (actual time=30.698..289.190 rows=832452 loops=1)
                                                               Recheck Cond: (info_type_id = 4)
                                                               Filter: ((info)::text = ANY ('{English,Greek,Hungarian,Italian,Russian}'::text[]))
                                                               Rows Removed by Filter: 466537
                                                               Heap Blocks: exact=8393
                                                               Buffers: shared hit=1929 read=7483
                                                               ->  Bitmap Index Scan on info_type_id_movie_info  (cost=0.00..13055.37 rows=1221191 width=0) (actual time=29.663..29.663 rows=1298989 loops=1)
                                                                     Index Cond: (info_type_id = 4)
                                                                     Buffers: shared hit=1 read=1018
                                             ->  Index Scan using title_pkey on title t  (cost=0.43..3.61 rows=1 width=8) (actual time=0.035..0.035 rows=1 loops=251897)
                                                   Index Cond: (id = mi2.movie_id)
                                                   Filter: ((production_year <= 2015) AND (1925 < production_year))
                                                   Rows Removed by Filter: 0
                                                   Buffers: shared hit=965801 read=41787
                                       ->  Memoize  (cost=0.14..0.16 rows=1 width=4) (actual time=0.000..0.000 rows=0 loops=232513)
                                             Cache Key: t.kind_id
                                             Cache Mode: logical
                                             Hits: 232507  Misses: 6  Evictions: 0  Overflows: 0  Memory Usage: 1kB
                                             Buffers: shared hit=12
                                             ->  Index Scan using kind_type_pkey on kind_type kt  (cost=0.13..0.15 rows=1 width=4) (actual time=0.121..0.121 rows=0 loops=6)
                                                   Index Cond: (id = t.kind_id)
                                                   Filter: ((kind)::text = ANY ('{"tv series","video game"}'::text[]))
                                                   Rows Removed by Filter: 1
                                                   Buffers: shared hit=12
                                 ->  Index Scan using movie_id_cast_info on cast_info ci  (cost=0.44..43.28 rows=38 width=12) (actual time=0.035..0.129 rows=10 loops=25917)
                                       Index Cond: (movie_id = t.id)
                                       Buffers: shared hit=230140 read=95073
                           ->  Hash  (cost=1.15..1.15 rows=2 width=4) (actual time=0.022..0.023 rows=2 loops=1)
                                 Buckets: 1024  Batches: 1  Memory Usage: 9kB
                                 Buffers: shared hit=1
                                 ->  Seq Scan on role_type rt  (cost=0.00..1.15 rows=2 width=4) (actual time=0.010..0.013 rows=2 loops=1)
                                       Filter: ((role)::text = ANY ('{director,producer}'::text[]))
                                       Rows Removed by Filter: 10
                                       Buffers: shared hit=1
                     ->  Index Scan using name_pkey on name n  (cost=0.43..2.32 rows=1 width=4) (actual time=0.035..0.035 rows=0 loops=47525)
                           Index Cond: (id = ci.person_id)
                           Filter: ((gender)::text = 'm'::text)
                           Rows Removed by Filter: 1
                           Buffers: shared hit=171329 read=18771
 Planning:
   Buffers: shared hit=485 read=92
 Planning Time: 14.163 ms
 Execution Time: 15837.884 ms
(89 rows)

