                                                                                            QUERY PLAN                                                                                            
--------------------------------------------------------------------------------------------------------------------------------------------------------------------------------------------------
 Aggregate  (cost=694979.34..694979.35 rows=1 width=8) (actual time=33394.207..33394.216 rows=1 loops=1)
   Buffers: shared hit=2993634 read=469417, temp read=2017 written=2017
   ->  Nested Loop  (cost=91932.07..694979.20 rows=57 width=0) (actual time=528.279..33389.116 rows=16650 loops=1)
         Buffers: shared hit=2993634 read=469417, temp read=2017 written=2017
         ->  Seq Scan on info_type it2  (cost=0.00..2.41 rows=1 width=4) (actual time=0.038..0.049 rows=1 loops=1)
               Filter: (id = 4)
               Rows Removed by Filter: 112
               Buffers: shared hit=1
         ->  Nested Loop  (cost=91932.07..694976.22 rows=57 width=4) (actual time=528.239..33385.071 rows=16650 loops=1)
               Buffers: shared hit=2993633 read=469417, temp read=2017 written=2017
               ->  Seq Scan on info_type it1  (cost=0.00..2.41 rows=1 width=4) (actual time=0.010..0.022 rows=1 loops=1)
                     Filter: (id = 8)
                     Rows Removed by Filter: 112
                     Buffers: shared hit=1
               ->  Nested Loop  (cost=91932.07..694973.24 rows=57 width=8) (actual time=528.226..33380.661 rows=16650 loops=1)
                     Buffers: shared hit=2993632 read=469417, temp read=2017 written=2017
                     ->  Hash Join  (cost=91931.64..694655.46 rows=137 width=12) (actual time=523.353..31294.644 rows=60412 loops=1)
                           Hash Cond: (ci.role_id = rt.id)
                           Buffers: shared hit=2759667 read=461734, temp read=2017 written=2017
                           ->  Nested Loop  (cost=91930.48..694648.45 rows=1648 width=16) (actual time=523.212..30958.261 rows=1867472 loops=1)
                                 Buffers: shared hit=2759666 read=461734, temp read=2017 written=2017
                                 ->  Nested Loop  (cost=91930.04..689487.32 rows=115 width=20) (actual time=523.184..11803.707 rows=89709 loops=1)
                                       Buffers: shared hit=924813 read=208879, temp read=2017 written=2017
                                       ->  Hash Join  (cost=91929.60..525026.23 rows=3790 width=12) (actual time=523.083..1736.210 rows=92461 loops=1)
                                             Hash Cond: (mi1.movie_id = t.id)
                                             Buffers: shared hit=31115 read=14170, temp read=2017 written=2017
                                             ->  Bitmap Heap Scan on movie_info mi1  (cost=14227.32..447048.99 rows=63218 width=8) (actual time=36.564..783.628 rows=677954 loops=1)
                                                   Recheck Cond: (info_type_id = 8)
                                                   Filter: ((info)::text = ANY ('{Germany,Italy,Mexico,Philippines,"South Korea","Soviet Union",Sweden,USA}'::text[]))
                                                   Rows Removed by Filter: 647407
                                                   Heap Blocks: exact=7853
                                                   Buffers: shared hit=10 read=8883
                                                   ->  Bitmap Index Scan on info_type_id_movie_info  (cost=0.00..14211.52 rows=1329478 width=0) (actual time=35.575..35.575 rows=1325361 loops=1)
                                                         Index Cond: (info_type_id = 8)
                                                         Buffers: shared read=1040
                                             ->  Hash  (cost=75807.58..75807.58 rows=151576 width=4) (actual time=485.097..485.101 rows=335746 loops=1)
                                                   Buckets: 262144 (originally 262144)  Batches: 2 (originally 1)  Memory Usage: 7957kB
                                                   Buffers: shared hit=31105 read=5287, temp written=491
                                                   ->  Hash Join  (cost=1.13..75807.58 rows=151576 width=4) (actual time=0.043..429.982 rows=335746 loops=1)
                                                         Hash Cond: (t.kind_id = kt.id)
                                                         Buffers: shared hit=31105 read=5287
                                                         ->  Seq Scan on title t  (cost=0.00..74315.95 rows=353677 width=8) (actual time=0.025..387.626 rows=347589 loops=1)
                                                               Filter: ((production_year <= 1975) AND (1925 < production_year))
                                                               Rows Removed by Filter: 2180723
                                                               Buffers: shared hit=31104 read=5287
                                                         ->  Hash  (cost=1.10..1.10 rows=3 width=4) (actual time=0.014..0.015 rows=3 loops=1)
                                                               Buckets: 1024  Batches: 1  Memory Usage: 9kB
                                                               Buffers: shared hit=1
                                                               ->  Seq Scan on kind_type kt  (cost=0.00..1.10 rows=3 width=4) (actual time=0.007..0.008 rows=3 loops=1)
                                                                     Filter: ((kind)::text = ANY ('{episode,movie,"tv movie"}'::text[]))
                                                                     Rows Removed by Filter: 4
                                                                     Buffers: shared hit=1
                                       ->  Index Scan using movie_id_movie_info on movie_info mi2  (cost=0.43..43.38 rows=1 width=8) (actual time=0.045..0.108 rows=1 loops=92461)
                                             Index Cond: (movie_id = t.id)
                                             Filter: ((info_type_id = 4) AND ((info)::text = ANY ('{English,Filipino,German,Italian,Korean,Russian,Spanish,Swedish,Tagalog}'::text[])))
                                             Rows Removed by Filter: 15
                                             Buffers: shared hit=893698 read=194709
                                 ->  Index Scan using movie_id_cast_info on cast_info ci  (cost=0.44..44.50 rows=38 width=12) (actual time=0.034..0.207 rows=21 loops=89709)
                                       Index Cond: (movie_id = t.id)
                                       Buffers: shared hit=1834853 read=252855
                           ->  Hash  (cost=1.15..1.15 rows=1 width=4) (actual time=0.013..0.014 rows=1 loops=1)
                                 Buckets: 1024  Batches: 1  Memory Usage: 9kB
                                 Buffers: shared hit=1
                                 ->  Seq Scan on role_type rt  (cost=0.00..1.15 rows=1 width=4) (actual time=0.007..0.008 rows=1 loops=1)
                                       Filter: ((role)::text = 'cinematographer'::text)
                                       Rows Removed by Filter: 11
                                       Buffers: shared hit=1
                     ->  Index Scan using name_pkey on name n  (cost=0.43..2.32 rows=1 width=4) (actual time=0.034..0.034 rows=0 loops=60412)
                           Index Cond: (id = ci.person_id)
                           Filter: ((gender)::text = 'm'::text)
                           Rows Removed by Filter: 1
                           Buffers: shared hit=233965 read=7683
 Planning:
   Buffers: shared hit=505 read=69
 Planning Time: 12.698 ms
 Execution Time: 33394.830 ms
(76 rows)

