                                                                                            QUERY PLAN                                                                                            
--------------------------------------------------------------------------------------------------------------------------------------------------------------------------------------------------
 Aggregate  (cost=604465.05..604465.06 rows=1 width=8) (actual time=9016.800..9016.808 rows=1 loops=1)
   Buffers: shared hit=814118 read=110045, temp read=1801 written=1801
   ->  Nested Loop  (cost=92106.35..604465.00 rows=23 width=0) (actual time=529.495..9016.577 rows=721 loops=1)
         Buffers: shared hit=814118 read=110045, temp read=1801 written=1801
         ->  Seq Scan on info_type it2  (cost=0.00..2.41 rows=1 width=4) (actual time=0.033..0.041 rows=1 loops=1)
               Filter: (id = 4)
               Rows Removed by Filter: 112
               Buffers: shared hit=1
         ->  Nested Loop  (cost=92106.35..604462.35 rows=23 width=4) (actual time=529.461..9016.341 rows=721 loops=1)
               Buffers: shared hit=814117 read=110045, temp read=1801 written=1801
               ->  Seq Scan on info_type it1  (cost=0.00..2.41 rows=1 width=4) (actual time=0.007..0.019 rows=1 loops=1)
                     Filter: (id = 8)
                     Rows Removed by Filter: 112
                     Buffers: shared hit=1
               ->  Nested Loop  (cost=92106.35..604459.71 rows=23 width=8) (actual time=529.451..9016.105 rows=721 loops=1)
                     Buffers: shared hit=814116 read=110045, temp read=1801 written=1801
                     ->  Hash Join  (cost=92105.92..604227.76 rows=100 width=12) (actual time=466.937..8245.216 rows=21866 loops=1)
                           Hash Cond: (ci.role_id = rt.id)
                           Buffers: shared hit=730056 read=106641, temp read=1801 written=1801
                           ->  Nested Loop  (cost=92104.75..604222.32 rows=1204 width=16) (actual time=466.785..8162.554 rows=465534 loops=1)
                                 Buffers: shared hit=730055 read=106641, temp read=1801 written=1801
                                 ->  Nested Loop  (cost=92104.31..600479.76 rows=84 width=20) (actual time=466.760..3515.205 rows=25394 loops=1)
                                       Buffers: shared hit=252758 read=69676, temp read=1801 written=1801
                                       ->  Hash Join  (cost=92103.88..464958.33 rows=3139 width=12) (actual time=466.706..1067.091 rows=25577 loops=1)
                                             Hash Cond: (mi1.movie_id = t.id)
                                             Buffers: shared hit=2770 read=42515, temp read=1801 written=1801
                                             ->  Bitmap Heap Scan on movie_info mi1  (cost=14226.73..386822.03 rows=60739 width=8) (actual time=34.623..340.685 rows=676707 loops=1)
                                                   Recheck Cond: (info_type_id = 8)
                                                   Filter: ((info)::text = ANY ('{Australia,Belgium,Canada,Egypt,Hungary,Netherlands,Poland,Romania,Sweden,Taiwan,USA}'::text[]))
                                                   Rows Removed by Filter: 648654
                                                   Heap Blocks: exact=7853
                                                   Buffers: shared hit=2769 read=6124
                                                   ->  Bitmap Index Scan on info_type_id_movie_info  (cost=0.00..14211.52 rows=1329478 width=0) (actual time=33.648..33.648 rows=1325361 loops=1)
                                                         Index Cond: (info_type_id = 8)
                                                         Buffers: shared read=1040
                                             ->  Hash  (cost=76244.08..76244.08 rows=130645 width=4) (actual time=431.465..431.468 rows=187145 loops=1)
                                                   Buckets: 262144 (originally 131072)  Batches: 2 (originally 1)  Memory Usage: 6145kB
                                                   Buffers: shared hit=1 read=36391, temp written=274
                                                   ->  Hash Join  (cost=1.11..76244.08 rows=130645 width=4) (actual time=0.041..394.161 rows=187145 loops=1)
                                                         Hash Cond: (t.kind_id = kt.id)
                                                         Buffers: shared hit=1 read=36391
                                                         ->  Seq Scan on title t  (cost=0.00..74315.95 rows=457258 width=8) (actual time=0.021..356.943 rows=451569 loops=1)
                                                               Filter: ((production_year <= 1975) AND (1875 < production_year))
                                                               Rows Removed by Filter: 2076743
                                                               Buffers: shared read=36391
                                                         ->  Hash  (cost=1.09..1.09 rows=2 width=4) (actual time=0.014..0.015 rows=2 loops=1)
                                                               Buckets: 1024  Batches: 1  Memory Usage: 9kB
                                                               Buffers: shared hit=1
                                                               ->  Seq Scan on kind_type kt  (cost=0.00..1.09 rows=2 width=4) (actual time=0.007..0.008 rows=2 loops=1)
                                                                     Filter: ((kind)::text = ANY ('{episode,"tv movie"}'::text[]))
                                                                     Rows Removed by Filter: 5
                                                                     Buffers: shared hit=1
                                       ->  Index Scan using movie_id_movie_info on movie_info mi2  (cost=0.43..43.16 rows=1 width=8) (actual time=0.058..0.095 rows=1 loops=25577)
                                             Index Cond: (movie_id = t.id)
                                             Filter: ((info_type_id = 4) AND ((info)::text = ANY ('{Arabic,Dutch,English,French,Hungarian,Mandarin,Polish,Romanian,Swedish}'::text[])))
                                             Rows Removed by Filter: 9
                                             Buffers: shared hit=249988 read=27161
                                 ->  Index Scan using movie_id_cast_info on cast_info ci  (cost=0.44..44.17 rows=38 width=12) (actual time=0.034..0.178 rows=18 loops=25394)
                                       Index Cond: (movie_id = t.id)
                                       Buffers: shared hit=477297 read=36965
                           ->  Hash  (cost=1.15..1.15 rows=1 width=4) (actual time=0.014..0.015 rows=1 loops=1)
                                 Buckets: 1024  Batches: 1  Memory Usage: 9kB
                                 Buffers: shared hit=1
                                 ->  Seq Scan on role_type rt  (cost=0.00..1.15 rows=1 width=4) (actual time=0.010..0.010 rows=1 loops=1)
                                       Filter: ((role)::text = 'director'::text)
                                       Rows Removed by Filter: 11
                                       Buffers: shared hit=1
                     ->  Index Scan using name_pkey on name n  (cost=0.43..2.32 rows=1 width=4) (actual time=0.035..0.035 rows=0 loops=21866)
                           Index Cond: (id = ci.person_id)
                           Filter: ((gender)::text = 'f'::text)
                           Rows Removed by Filter: 1
                           Buffers: shared hit=84060 read=3404
 Planning:
   Buffers: shared hit=483 read=94
 Planning Time: 8.172 ms
 Execution Time: 9017.290 ms
(76 rows)

