                                                                                            QUERY PLAN                                                                                            
--------------------------------------------------------------------------------------------------------------------------------------------------------------------------------------------------
 Aggregate  (cost=505750.07..505750.08 rows=1 width=8) (actual time=11774.533..11774.543 rows=1 loops=1)
   Buffers: shared hit=1078748 read=133017, temp read=909 written=909
   ->  Nested Loop  (cost=91920.24..505750.06 rows=3 width=0) (actual time=635.163..11774.413 rows=140 loops=1)
         Buffers: shared hit=1078748 read=133017, temp read=909 written=909
         ->  Seq Scan on info_type it2  (cost=0.00..2.41 rows=1 width=4) (actual time=0.047..0.057 rows=1 loops=1)
               Filter: (id = 4)
               Rows Removed by Filter: 112
               Buffers: shared hit=1
         ->  Nested Loop  (cost=91920.24..505747.62 rows=3 width=4) (actual time=635.114..11774.291 rows=140 loops=1)
               Buffers: shared hit=1078747 read=133017, temp read=909 written=909
               ->  Seq Scan on info_type it1  (cost=0.00..2.41 rows=1 width=4) (actual time=0.009..0.022 rows=1 loops=1)
                     Filter: (id = 8)
                     Rows Removed by Filter: 112
                     Buffers: shared hit=1
               ->  Nested Loop  (cost=91920.24..505745.17 rows=3 width=8) (actual time=635.101..11774.194 rows=140 loops=1)
                     Buffers: shared hit=1078746 read=133017, temp read=909 written=909
                     ->  Hash Join  (cost=91919.81..505717.34 rows=12 width=12) (actual time=526.873..10297.073 rows=41182 loops=1)
                           Hash Cond: (ci.role_id = rt.id)
                           Buffers: shared hit=920179 read=126856, temp read=909 written=909
                           ->  Nested Loop  (cost=91918.63..505715.91 rows=72 width=16) (actual time=524.717..10194.524 rows=518090 loops=1)
                                 Buffers: shared hit=920178 read=126856, temp read=909 written=909
                                 ->  Nested Loop  (cost=91918.19..505491.51 rows=5 width=20) (actual time=524.691..4573.855 rows=31708 loops=1)
                                       Buffers: shared hit=373025 read=69370, temp read=909 written=909
                                       ->  Hash Join  (cost=91917.76..464581.59 rows=945 width=12) (actual time=524.648..987.818 rows=42984 loops=1)
                                             Hash Cond: (mi1.movie_id = t.id)
                                             Buffers: shared hit=15138 read=30147, temp read=909 written=909
                                             ->  Bitmap Heap Scan on movie_info mi1  (cost=14215.48..386810.78 rows=15756 width=8) (actual time=38.238..362.517 rows=171233 loops=1)
                                                   Recheck Cond: (info_type_id = 8)
                                                   Filter: ((info)::text = ANY ('{Argentina,Denmark,Finland,India,Mexico,Philippines,Spain,"West Germany",Yugoslavia}'::text[]))
                                                   Rows Removed by Filter: 1154128
                                                   Heap Blocks: exact=7853
                                                   Buffers: shared hit=319 read=8574
                                                   ->  Bitmap Index Scan on info_type_id_movie_info  (cost=0.00..14211.52 rows=1329478 width=0) (actual time=37.209..37.209 rows=1325361 loops=1)
                                                         Index Cond: (info_type_id = 8)
                                                         Buffers: shared read=1040
                                             ->  Hash  (cost=75807.58..75807.58 rows=151576 width=4) (actual time=484.942..484.946 rows=335746 loops=1)
                                                   Buckets: 262144 (originally 262144)  Batches: 2 (originally 1)  Memory Usage: 7957kB
                                                   Buffers: shared hit=14819 read=21573, temp written=491
                                                   ->  Hash Join  (cost=1.13..75807.58 rows=151576 width=4) (actual time=0.040..427.329 rows=335746 loops=1)
                                                         Hash Cond: (t.kind_id = kt.id)
                                                         Buffers: shared hit=14819 read=21573
                                                         ->  Seq Scan on title t  (cost=0.00..74315.95 rows=353677 width=8) (actual time=0.022..385.781 rows=347589 loops=1)
                                                               Filter: ((production_year <= 1975) AND (1925 < production_year))
                                                               Rows Removed by Filter: 2180723
                                                               Buffers: shared hit=14818 read=21573
                                                         ->  Hash  (cost=1.10..1.10 rows=3 width=4) (actual time=0.015..0.016 rows=3 loops=1)
                                                               Buckets: 1024  Batches: 1  Memory Usage: 9kB
                                                               Buffers: shared hit=1
                                                               ->  Seq Scan on kind_type kt  (cost=0.00..1.10 rows=3 width=4) (actual time=0.007..0.008 rows=3 loops=1)
                                                                     Filter: ((kind)::text = ANY ('{episode,movie,"tv movie"}'::text[]))
                                                                     Rows Removed by Filter: 4
                                                                     Buffers: shared hit=1
                                       ->  Index Scan using movie_id_movie_info on movie_info mi2  (cost=0.43..43.28 rows=1 width=8) (actual time=0.045..0.083 rows=1 loops=42984)
                                             Index Cond: (movie_id = t.id)
                                             Filter: ((info_type_id = 4) AND ((info)::text = ANY ('{Danish,Filipino,Finnish,German,Hindi,Serbo-Croatian,Spanish}'::text[])))
                                             Rows Removed by Filter: 8
                                             Buffers: shared hit=357887 read=39223
                                 ->  Index Scan using movie_id_cast_info on cast_info ci  (cost=0.44..44.50 rows=38 width=12) (actual time=0.036..0.172 rows=16 loops=31708)
                                       Index Cond: (movie_id = t.id)
                                       Buffers: shared hit=547153 read=57486
                           ->  Hash  (cost=1.15..1.15 rows=2 width=4) (actual time=0.021..0.022 rows=2 loops=1)
                                 Buckets: 1024  Batches: 1  Memory Usage: 9kB
                                 Buffers: shared hit=1
                                 ->  Seq Scan on role_type rt  (cost=0.00..1.15 rows=2 width=4) (actual time=0.011..0.013 rows=2 loops=1)
                                       Filter: ((role)::text = ANY ('{cinematographer,composer}'::text[]))
                                       Rows Removed by Filter: 10
                                       Buffers: shared hit=1
                     ->  Index Scan using name_pkey on name n  (cost=0.43..2.32 rows=1 width=4) (actual time=0.035..0.035 rows=0 loops=41182)
                           Index Cond: (id = ci.person_id)
                           Filter: ((gender)::text = 'f'::text)
                           Rows Removed by Filter: 1
                           Buffers: shared hit=158567 read=6161
 Planning:
   Buffers: shared hit=486 read=91
 Planning Time: 13.923 ms
 Execution Time: 11775.178 ms
(76 rows)

