                                                                                                  QUERY PLAN                                                                                                  
--------------------------------------------------------------------------------------------------------------------------------------------------------------------------------------------------------------
 Aggregate  (cost=973263.24..973263.25 rows=1 width=8) (actual time=150755.062..150755.070 rows=1 loops=1)
   Buffers: shared hit=13647740 read=1752530, temp read=9358 written=9321
   ->  Nested Loop  (cost=888599.30..973262.28 rows=384 width=0) (actual time=1060.191..150727.593 rows=93987 loops=1)
         Buffers: shared hit=13647740 read=1752530, temp read=9358 written=9321
         ->  Seq Scan on info_type it2  (cost=0.00..2.41 rows=1 width=4) (actual time=0.041..0.051 rows=1 loops=1)
               Filter: (id = 4)
               Rows Removed by Filter: 112
               Buffers: shared hit=1
         ->  Nested Loop  (cost=888599.30..973256.03 rows=384 width=4) (actual time=1060.149..150704.128 rows=93987 loops=1)
               Buffers: shared hit=13647739 read=1752530, temp read=9358 written=9321
               ->  Seq Scan on info_type it1  (cost=0.00..2.41 rows=1 width=4) (actual time=0.008..0.020 rows=1 loops=1)
                     Filter: (id = 8)
                     Rows Removed by Filter: 112
                     Buffers: shared hit=1
               ->  Nested Loop  (cost=888599.30..973249.78 rows=384 width=8) (actual time=1060.141..150680.040 rows=93987 loops=1)
                     Buffers: shared hit=13647738 read=1752530, temp read=9358 written=9321
                     ->  Hash Join  (cost=888598.87..971127.42 rows=915 width=12) (actual time=1046.786..137990.902 rows=330328 loops=1)
                           Hash Cond: (ci.role_id = rt.id)
                           Buffers: shared hit=12500369 read=1578587, temp read=9358 written=9321
                           ->  Nested Loop  (cost=888597.71..971087.25 rows=10980 width=16) (actual time=1046.335..135894.492 rows=10605931 loops=1)
                                 Buffers: shared hit=12500368 read=1578587, temp read=9358 written=9321
                                 ->  Nested Loop  (cost=888597.27..937643.94 rows=766 width=20) (actual time=1046.309..22794.133 rows=462796 loops=1)
                                       Buffers: shared hit=2326014 read=53527, temp read=9358 written=9321
                                       ->  Nested Loop  (cost=888597.12..937600.12 rows=1787 width=24) (actual time=1046.207..22312.763 rows=550397 loops=1)
                                             Join Filter: (t.id = mi1.movie_id)
                                             Buffers: shared hit=2326003 read=53526, temp read=9358 written=9321
                                             ->  Merge Join  (cost=888596.69..889438.35 rows=14104 width=16) (actual time=1046.157..1946.198 rows=590306 loops=1)
                                                   Merge Cond: (mi1.movie_id = mi2.movie_id)
                                                   Buffers: shared hit=8557 read=9748, temp read=9358 written=9321
                                                   ->  Sort  (cost=391781.83..391937.53 rows=62279 width=8) (actual time=429.053..563.465 rows=703583 loops=1)
                                                         Sort Key: mi1.movie_id
                                                         Sort Method: external sort  Disk: 15208kB
                                                         Buffers: shared hit=4435 read=4458, temp read=3795 written=3804
                                                         ->  Bitmap Heap Scan on movie_info mi1  (cost=14227.12..386822.41 rows=62279 width=8) (actual time=36.455..256.780 rows=703583 loops=1)
                                                               Recheck Cond: (info_type_id = 8)
                                                               Filter: ((info)::text = ANY ('{Belgium,Bulgaria,Czechoslovakia,"East Germany",Egypt,Germany,India,Japan,Norway,Poland,Taiwan,USA}'::text[]))
                                                               Rows Removed by Filter: 621778
                                                               Heap Blocks: exact=7853
                                                               Buffers: shared hit=4435 read=4458
                                                               ->  Bitmap Index Scan on info_type_id_movie_info  (cost=0.00..14211.52 rows=1329478 width=0) (actual time=35.468..35.468 rows=1325361 loops=1)
                                                                     Index Cond: (info_type_id = 8)
                                                                     Buffers: shared read=1040
                                                   ->  Sort  (cost=496814.86..497009.47 rows=77845 width=8) (actual time=617.096..865.763 rows=1029099 loops=1)
                                                         Sort Key: mi2.movie_id
                                                         Sort Method: external sort  Disk: 22056kB
                                                         Buffers: shared hit=4122 read=5290, temp read=5533 written=5517
                                                         ->  Bitmap Heap Scan on movie_info mi2  (cost=13074.83..490490.61 rows=77845 width=8) (actual time=30.585..370.736 rows=1020342 loops=1)
                                                               Recheck Cond: (info_type_id = 4)
                                                               Filter: ((info)::text = ANY ('{Arabic,Bulgarian,Czech,English,French,German,Mandarin,Norwegian,Polish,Spanish,Tamil}'::text[]))
                                                               Rows Removed by Filter: 278647
                                                               Heap Blocks: exact=8393
                                                               Buffers: shared hit=4122 read=5290
                                                               ->  Bitmap Index Scan on info_type_id_movie_info  (cost=0.00..13055.37 rows=1221191 width=0) (actual time=29.553..29.553 rows=1298989 loops=1)
                                                                     Index Cond: (info_type_id = 4)
                                                                     Buffers: shared hit=1 read=1018
                                             ->  Index Scan using title_pkey on title t  (cost=0.43..3.40 rows=1 width=8) (actual time=0.034..0.034 rows=1 loops=590306)
                                                   Index Cond: (id = mi2.movie_id)
                                                   Filter: ((production_year <= 2015) AND (1925 < production_year))
                                                   Rows Removed by Filter: 0
                                                   Buffers: shared hit=2317446 read=43778
                                       ->  Memoize  (cost=0.14..0.16 rows=1 width=4) (actual time=0.000..0.000 rows=1 loops=550397)
                                             Cache Key: t.kind_id
                                             Cache Mode: logical
                                             Hits: 550391  Misses: 6  Evictions: 0  Overflows: 0  Memory Usage: 1kB
                                             Buffers: shared hit=11 read=1
                                             ->  Index Scan using kind_type_pkey on kind_type kt  (cost=0.13..0.15 rows=1 width=4) (actual time=0.014..0.014 rows=0 loops=6)
                                                   Index Cond: (id = t.kind_id)
                                                   Filter: ((kind)::text = ANY ('{episode,movie,"video movie"}'::text[]))
                                                   Rows Removed by Filter: 0
                                                   Buffers: shared hit=11 read=1
                                 ->  Index Scan using movie_id_cast_info on cast_info ci  (cost=0.44..43.28 rows=38 width=12) (actual time=0.035..0.237 rows=23 loops=462796)
                                       Index Cond: (movie_id = t.id)
                                       Buffers: shared hit=10174354 read=1525060
                           ->  Hash  (cost=1.15..1.15 rows=1 width=4) (actual time=0.017..0.018 rows=1 loops=1)
                                 Buckets: 1024  Batches: 1  Memory Usage: 9kB
                                 Buffers: shared hit=1
                                 ->  Seq Scan on role_type rt  (cost=0.00..1.15 rows=1 width=4) (actual time=0.009..0.009 rows=1 loops=1)
                                       Filter: ((role)::text = 'editor'::text)
                                       Rows Removed by Filter: 11
                                       Buffers: shared hit=1
                     ->  Index Scan using name_pkey on name n  (cost=0.43..2.32 rows=1 width=4) (actual time=0.038..0.038 rows=0 loops=330328)
                           Index Cond: (id = ci.person_id)
                           Filter: ((gender)::text = 'm'::text)
                           Rows Removed by Filter: 1
                           Buffers: shared hit=1147369 read=173943
 Planning:
   Buffers: shared hit=506 read=71
 Planning Time: 12.940 ms
 Execution Time: 150764.998 ms
(89 rows)

