                                                                                               QUERY PLAN                                                                                               
--------------------------------------------------------------------------------------------------------------------------------------------------------------------------------------------------------
 Aggregate  (cost=615981.53..615981.54 rows=1 width=8) (actual time=27987.363..27987.372 rows=1 loops=1)
   Buffers: shared hit=2511704 read=407764
   ->  Nested Loop  (cost=14217.90..615981.33 rows=83 width=0) (actual time=34.365..27979.969 rows=33516 loops=1)
         Buffers: shared hit=2511704 read=407764
         ->  Hash Join  (cost=14217.47..615522.06 rows=198 width=4) (actual time=34.330..21031.130 rows=195087 loops=1)
               Hash Cond: (ci.role_id = rt.id)
               Buffers: shared hit=1784414 read=354706
               ->  Nested Loop  (cost=14216.29..615516.66 rows=1190 width=8) (actual time=34.029..20821.172 rows=961263 loops=1)
                     Buffers: shared hit=1784413 read=354706
                     ->  Nested Loop  (cost=14215.85..611889.75 rows=83 width=12) (actual time=33.998..10235.832 rows=46910 loops=1)
                           Buffers: shared hit=932257 read=130240
                           ->  Seq Scan on info_type it2  (cost=0.00..2.41 rows=1 width=4) (actual time=0.017..0.028 rows=1 loops=1)
                                 Filter: (id = 4)
                                 Rows Removed by Filter: 112
                                 Buffers: shared read=1
                           ->  Nested Loop  (cost=14215.85..611886.51 rows=83 width=16) (actual time=33.980..10224.414 rows=46910 loops=1)
                                 Buffers: shared hit=932257 read=130239
                                 ->  Seq Scan on info_type it1  (cost=0.00..2.41 rows=1 width=4) (actual time=0.006..0.020 rows=1 loops=1)
                                       Filter: (id = 8)
                                       Rows Removed by Filter: 112
                                       Buffers: shared hit=1
                                 ->  Nested Loop  (cost=14215.85..611883.27 rows=83 width=20) (actual time=33.971..10212.698 rows=46910 loops=1)
                                       Buffers: shared hit=932256 read=130239
                                       ->  Hash Join  (cost=14215.42..478069.87 rows=3153 width=12) (actual time=33.913..4467.676 rows=67135 loops=1)
                                             Hash Cond: (t.kind_id = kt.id)
                                             Buffers: shared hit=382307 read=39079
                                             ->  Nested Loop  (cost=14214.28..478037.73 rows=7356 width=16) (actual time=33.815..4432.588 rows=79770 loops=1)
                                                   Buffers: shared hit=382306 read=39079
                                                   ->  Bitmap Heap Scan on movie_info mi1  (cost=14213.84..416922.32 rows=9285 width=8) (actual time=33.784..705.744 rows=103817 loops=1)
                                                         Recheck Cond: (info_type_id = 8)
                                                         Filter: ((info)::text = ANY ('{Belgium,Canada,Hungary,India,Nigeria,"Soviet Union"}'::text[]))
                                                         Rows Removed by Filter: 1221544
                                                         Heap Blocks: exact=7853
                                                         Buffers: shared hit=48 read=8845
                                                         ->  Bitmap Index Scan on info_type_id_movie_info  (cost=0.00..14211.52 rows=1329478 width=0) (actual time=32.809..32.809 rows=1325361 loops=1)
                                                               Index Cond: (info_type_id = 8)
                                                               Buffers: shared read=1040
                                                   ->  Memoize  (cost=0.44..6.65 rows=1 width=8) (actual time=0.035..0.035 rows=1 loops=103817)
                                                         Cache Key: mi1.movie_id
                                                         Cache Mode: logical
                                                         Hits: 694  Misses: 103123  Evictions: 17084  Overflows: 0  Memory Usage: 8193kB
                                                         Buffers: shared hit=382258 read=30234
                                                         ->  Index Scan using title_pkey on title t  (cost=0.43..6.64 rows=1 width=8) (actual time=0.034..0.034 rows=1 loops=103123)
                                                               Index Cond: (id = mi1.movie_id)
                                                               Filter: ((production_year <= 2015) AND (1975 < production_year))
                                                               Rows Removed by Filter: 0
                                                               Buffers: shared hit=382258 read=30234
                                             ->  Hash  (cost=1.10..1.10 rows=3 width=4) (actual time=0.014..0.016 rows=3 loops=1)
                                                   Buckets: 1024  Batches: 1  Memory Usage: 9kB
                                                   Buffers: shared hit=1
                                                   ->  Seq Scan on kind_type kt  (cost=0.00..1.10 rows=3 width=4) (actual time=0.009..0.010 rows=3 loops=1)
                                                         Filter: ((kind)::text = ANY ('{episode,movie,"video movie"}'::text[]))
                                                         Rows Removed by Filter: 4
                                                         Buffers: shared hit=1
                                       ->  Index Scan using movie_id_movie_info on movie_info mi2  (cost=0.43..42.43 rows=1 width=8) (actual time=0.050..0.085 rows=1 loops=67135)
                                             Index Cond: (movie_id = t.id)
                                             Filter: ((info_type_id = 4) AND ((info)::text = ANY ('{English,French,Hungarian,Russian,Tamil,Telugu}'::text[])))
                                             Rows Removed by Filter: 10
                                             Buffers: shared hit=549949 read=91160
                     ->  Index Scan using movie_id_cast_info on cast_info ci  (cost=0.44..43.32 rows=38 width=12) (actual time=0.036..0.220 rows=20 loops=46910)
                           Index Cond: (movie_id = t.id)
                           Buffers: shared hit=852156 read=224466
               ->  Hash  (cost=1.15..1.15 rows=2 width=4) (actual time=0.023..0.024 rows=2 loops=1)
                     Buckets: 1024  Batches: 1  Memory Usage: 9kB
                     Buffers: shared hit=1
                     ->  Seq Scan on role_type rt  (cost=0.00..1.15 rows=2 width=4) (actual time=0.018..0.019 rows=2 loops=1)
                           Filter: ((role)::text = ANY ('{composer,"miscellaneous crew"}'::text[]))
                           Rows Removed by Filter: 10
                           Buffers: shared hit=1
         ->  Index Scan using name_pkey on name n  (cost=0.43..2.32 rows=1 width=4) (actual time=0.035..0.035 rows=0 loops=195087)
               Index Cond: (id = ci.person_id)
               Filter: ((gender)::text = 'm'::text)
               Rows Removed by Filter: 1
               Buffers: shared hit=727290 read=53058
 Planning:
   Buffers: shared hit=485 read=89
 Planning Time: 8.950 ms
 Execution Time: 27989.679 ms
(78 rows)

