                                                                                                 QUERY PLAN                                                                                                 
------------------------------------------------------------------------------------------------------------------------------------------------------------------------------------------------------------
 Aggregate  (cost=732050.89..732050.90 rows=1 width=8) (actual time=42734.105..42734.115 rows=1 loops=1)
   Buffers: shared hit=3481771 read=944009, temp read=3162 written=3162
   ->  Nested Loop  (cost=94686.64..732050.16 rows=293 width=0) (actual time=590.392..42726.153 rows=32853 loops=1)
         Buffers: shared hit=3481771 read=944009, temp read=3162 written=3162
         ->  Hash Join  (cost=94686.21..731008.70 rows=449 width=4) (actual time=590.362..38444.646 rows=124253 loops=1)
               Hash Cond: (ci.role_id = rt.id)
               Buffers: shared hit=3014903 read=913865, temp read=3162 written=3162
               ->  Nested Loop  (cost=94685.03..730997.95 rows=2695 width=8) (actual time=589.281..38044.398 rows=2341794 loops=1)
                     Buffers: shared hit=3014902 read=913865, temp read=3162 written=3162
                     ->  Nested Loop  (cost=94684.59..722655.64 rows=188 width=12) (actual time=589.261..13587.782 rows=111411 loops=1)
                           Buffers: shared hit=957567 read=363439, temp read=3162 written=3162
                           ->  Seq Scan on info_type it2  (cost=0.00..2.41 rows=1 width=4) (actual time=0.022..0.032 rows=1 loops=1)
                                 Filter: (id = 4)
                                 Rows Removed by Filter: 112
                                 Buffers: shared hit=1
                           ->  Nested Loop  (cost=94684.59..722651.34 rows=188 width=16) (actual time=589.238..13561.751 rows=111411 loops=1)
                                 Buffers: shared hit=957566 read=363439, temp read=3162 written=3162
                                 ->  Seq Scan on info_type it1  (cost=0.00..2.41 rows=1 width=4) (actual time=0.009..0.022 rows=1 loops=1)
                                       Filter: (id = 8)
                                       Rows Removed by Filter: 112
                                       Buffers: shared hit=1
                                 ->  Nested Loop  (cost=94684.59..722647.05 rows=188 width=20) (actual time=589.226..13534.914 rows=111411 loops=1)
                                       Buffers: shared hit=957565 read=363439, temp read=3162 written=3162
                                       ->  Hash Join  (cost=94684.16..468988.43 rows=5878 width=12) (actual time=589.173..1485.381 rows=125199 loops=1)
                                             Hash Cond: (mi1.movie_id = t.id)
                                             Buffers: shared hit=5985 read=39300, temp read=3162 written=3162
                                             ->  Bitmap Heap Scan on movie_info mi1  (cost=14227.43..386822.72 rows=63518 width=8) (actual time=36.866..454.903 rows=700649 loops=1)
                                                   Recheck Cond: (info_type_id = 8)
                                                   Filter: ((info)::text = ANY ('{Argentina,Brazil,"East Germany",India,Japan,Netherlands,Philippines,Poland,"Soviet Union",Turkey,USA}'::text[]))
                                                   Rows Removed by Filter: 624712
                                                   Heap Blocks: exact=7853
                                                   Buffers: shared hit=5 read=8888
                                                   ->  Bitmap Index Scan on info_type_id_movie_info  (cost=0.00..14211.52 rows=1329478 width=0) (actual time=35.885..35.886 rows=1325361 loops=1)
                                                         Index Cond: (info_type_id = 8)
                                                         Buffers: shared read=1040
                                             ->  Hash  (cost=76617.93..76617.93 rows=233984 width=4) (actual time=551.191..551.194 rows=504538 loops=1)
                                                   Buckets: 262144 (originally 262144)  Batches: 4 (originally 2)  Memory Usage: 6483kB
                                                   Buffers: shared hit=5980 read=30412, temp written=1107
                                                   ->  Hash Join  (cost=1.13..76617.93 rows=233984 width=4) (actual time=0.042..467.540 rows=504538 loops=1)
                                                         Hash Cond: (t.kind_id = kt.id)
                                                         Buffers: shared hit=5980 read=30412
                                                         ->  Seq Scan on title t  (cost=0.00..74315.95 rows=545963 width=8) (actual time=0.022..404.245 rows=538239 loops=1)
                                                               Filter: ((production_year <= 1990) AND (1950 < production_year))
                                                               Rows Removed by Filter: 1990073
                                                               Buffers: shared hit=5979 read=30412
                                                         ->  Hash  (cost=1.10..1.10 rows=3 width=4) (actual time=0.015..0.016 rows=3 loops=1)
                                                               Buckets: 1024  Batches: 1  Memory Usage: 9kB
                                                               Buffers: shared hit=1
                                                               ->  Seq Scan on kind_type kt  (cost=0.00..1.10 rows=3 width=4) (actual time=0.007..0.009 rows=3 loops=1)
                                                                     Filter: ((kind)::text = ANY ('{episode,movie,"tv movie"}'::text[]))
                                                                     Rows Removed by Filter: 4
                                                                     Buffers: shared hit=1
                                       ->  Index Scan using movie_id_movie_info on movie_info mi2  (cost=0.43..43.14 rows=1 width=8) (actual time=0.048..0.096 rows=1 loops=125199)
                                             Index Cond: (movie_id = t.id)
                                             Filter: ((info_type_id = 4) AND ((info)::text = ANY ('{Dutch,English,Filipino,German,Japanese,Malayalam,Polish,Portuguese,Russian,Spanish,Turkish}'::text[])))
                                             Rows Removed by Filter: 11
                                             Buffers: shared hit=951580 read=324139
                     ->  Index Scan using movie_id_cast_info on cast_info ci  (cost=0.44..43.99 rows=38 width=12) (actual time=0.035..0.214 rows=21 loops=111411)
                           Index Cond: (movie_id = t.id)
                           Buffers: shared hit=2057335 read=550426
               ->  Hash  (cost=1.15..1.15 rows=2 width=4) (actual time=0.039..0.040 rows=2 loops=1)
                     Buckets: 1024  Batches: 1  Memory Usage: 9kB
                     Buffers: shared hit=1
                     ->  Seq Scan on role_type rt  (cost=0.00..1.15 rows=2 width=4) (actual time=0.032..0.034 rows=2 loops=1)
                           Filter: ((role)::text = ANY ('{cinematographer,editor}'::text[]))
                           Rows Removed by Filter: 10
                           Buffers: shared hit=1
         ->  Index Scan using name_pkey on name n  (cost=0.43..2.32 rows=1 width=4) (actual time=0.034..0.034 rows=0 loops=124253)
               Index Cond: (id = ci.person_id)
               Filter: ((gender)::text = ANY ('{f,m}'::text[]))
               Rows Removed by Filter: 1
               Buffers: shared hit=466868 read=30144
 Planning:
   Buffers: shared hit=486 read=91
 Planning Time: 14.271 ms
 Execution Time: 42734.671 ms
(76 rows)

