                                                                                               QUERY PLAN                                                                                                
---------------------------------------------------------------------------------------------------------------------------------------------------------------------------------------------------------
 Aggregate  (cost=741051.03..741051.04 rows=1 width=8) (actual time=4521.826..4521.835 rows=1 loops=1)
   Buffers: shared hit=312359 read=150241, temp read=1340 written=1340
   ->  Nested Loop  (cost=94687.22..741050.32 rows=282 width=0) (actual time=467.089..4521.664 rows=363 loops=1)
         Buffers: shared hit=312359 read=150241, temp read=1340 written=1340
         ->  Hash Join  (cost=94686.79..740048.29 rows=432 width=4) (actual time=446.836..4474.935 rows=1442 loops=1)
               Hash Cond: (ci.role_id = rt.id)
               Buffers: shared hit=307859 read=148973, temp read=1340 written=1340
               ->  Nested Loop  (cost=94685.62..740037.90 rows=2594 width=8) (actual time=434.630..4452.266 rows=180520 loops=1)
                     Buffers: shared hit=307858 read=148973, temp read=1340 written=1340
                     ->  Nested Loop  (cost=94685.18..732006.21 rows=181 width=12) (actual time=434.597..2432.599 rows=18276 loops=1)
                           Buffers: shared hit=141539 read=85820, temp read=1340 written=1340
                           ->  Seq Scan on info_type it2  (cost=0.00..2.41 rows=1 width=4) (actual time=0.024..0.033 rows=1 loops=1)
                                 Filter: (id = 4)
                                 Rows Removed by Filter: 112
                                 Buffers: shared hit=1
                           ->  Nested Loop  (cost=94685.18..732001.99 rows=181 width=16) (actual time=434.572..2429.251 rows=18276 loops=1)
                                 Buffers: shared hit=141538 read=85820, temp read=1340 written=1340
                                 ->  Seq Scan on info_type it1  (cost=0.00..2.41 rows=1 width=4) (actual time=0.014..0.025 rows=1 loops=1)
                                       Filter: (id = 8)
                                       Rows Removed by Filter: 112
                                       Buffers: shared hit=1
                                 ->  Nested Loop  (cost=94685.18..731997.77 rows=181 width=20) (actual time=434.554..2425.989 rows=18276 loops=1)
                                       Buffers: shared hit=141537 read=85820, temp read=1340 written=1340
                                       ->  Hash Join  (cost=94684.74..469017.90 rows=6094 width=12) (actual time=434.502..908.282 rows=19089 loops=1)
                                             Hash Cond: (mi1.movie_id = t.id)
                                             Buffers: shared hit=2484 read=42801, temp read=1340 written=1340
                                             ->  Bitmap Heap Scan on movie_info mi1  (cost=14228.01..386823.31 rows=65846 width=8) (actual time=37.592..303.345 rows=754795 loops=1)
                                                   Recheck Cond: (info_type_id = 8)
                                                   Filter: ((info)::text = ANY ('{Canada,Denmark,"East Germany",Finland,Greece,"Hong Kong",India,Italy,Japan,Poland,Turkey,USA}'::text[]))
                                                   Rows Removed by Filter: 570566
                                                   Heap Blocks: exact=7853
                                                   Buffers: shared hit=2483 read=6410
                                                   ->  Bitmap Index Scan on info_type_id_movie_info  (cost=0.00..14211.52 rows=1329478 width=0) (actual time=36.614..36.614 rows=1325361 loops=1)
                                                         Index Cond: (info_type_id = 8)
                                                         Buffers: shared read=1040
                                             ->  Hash  (cost=76617.93..76617.93 rows=233984 width=4) (actual time=395.797..395.800 rows=33701 loops=1)
                                                   Buckets: 262144  Batches: 2  Memory Usage: 2644kB
                                                   Buffers: shared hit=1 read=36391, temp written=49
                                                   ->  Hash Join  (cost=1.13..76617.93 rows=233984 width=4) (actual time=0.064..388.816 rows=33701 loops=1)
                                                         Hash Cond: (t.kind_id = kt.id)
                                                         Buffers: shared hit=1 read=36391
                                                         ->  Seq Scan on title t  (cost=0.00..74315.95 rows=545963 width=8) (actual time=0.027..356.721 rows=538239 loops=1)
                                                               Filter: ((production_year <= 1990) AND (1950 < production_year))
                                                               Rows Removed by Filter: 1990073
                                                               Buffers: shared read=36391
                                                         ->  Hash  (cost=1.10..1.10 rows=3 width=4) (actual time=0.014..0.016 rows=3 loops=1)
                                                               Buckets: 1024  Batches: 1  Memory Usage: 9kB
                                                               Buffers: shared hit=1
                                                               ->  Seq Scan on kind_type kt  (cost=0.00..1.10 rows=3 width=4) (actual time=0.007..0.008 rows=3 loops=1)
                                                                     Filter: ((kind)::text = ANY ('{"tv series","video game","video movie"}'::text[]))
                                                                     Rows Removed by Filter: 4
                                                                     Buffers: shared hit=1
                                       ->  Index Scan using movie_id_movie_info on movie_info mi2  (cost=0.43..43.14 rows=1 width=8) (actual time=0.048..0.079 rows=1 loops=19089)
                                             Index Cond: (movie_id = t.id)
                                             Filter: ((info_type_id = 4) AND ((info)::text = ANY ('{Cantonese,Danish,English,Finnish,German,Greek,Italian,Japanese,Malayalam,Polish,Turkish}'::text[])))
                                             Rows Removed by Filter: 9
                                             Buffers: shared hit=139053 read=43019
                     ->  Index Scan using movie_id_cast_info on cast_info ci  (cost=0.44..43.99 rows=38 width=12) (actual time=0.030..0.108 rows=10 loops=18276)
                           Index Cond: (movie_id = t.id)
                           Buffers: shared hit=166319 read=63153
               ->  Hash  (cost=1.15..1.15 rows=2 width=4) (actual time=0.038..0.039 rows=2 loops=1)
                     Buckets: 1024  Batches: 1  Memory Usage: 9kB
                     Buffers: shared hit=1
                     ->  Seq Scan on role_type rt  (cost=0.00..1.15 rows=2 width=4) (actual time=0.027..0.029 rows=2 loops=1)
                           Filter: ((role)::text = ANY ('{"costume designer","production designer"}'::text[]))
                           Rows Removed by Filter: 10
                           Buffers: shared hit=1
         ->  Index Scan using name_pkey on name n  (cost=0.43..2.32 rows=1 width=4) (actual time=0.032..0.032 rows=0 loops=1442)
               Index Cond: (id = ci.person_id)
               Filter: ((gender)::text = ANY ('{f,m}'::text[]))
               Rows Removed by Filter: 1
               Buffers: shared hit=4500 read=1268
 Planning:
   Buffers: shared hit=483 read=94
 Planning Time: 14.268 ms
 Execution Time: 4522.472 ms
(76 rows)

