                                                                                               QUERY PLAN                                                                                               
--------------------------------------------------------------------------------------------------------------------------------------------------------------------------------------------------------
 Aggregate  (cost=516645.67..516645.68 rows=1 width=8) (actual time=14978.240..14978.249 rows=1 loops=1)
   Buffers: shared hit=1422697 read=135833
   ->  Nested Loop  (cost=13061.56..516645.67 rows=1 width=0) (actual time=287.471..14977.969 rows=444 loops=1)
         Buffers: shared hit=1422697 read=135833
         ->  Nested Loop  (cost=13061.56..516643.25 rows=1 width=4) (actual time=287.463..14968.301 rows=444 loops=1)
               Buffers: shared hit=1422253 read=135833
               ->  Nested Loop  (cost=13061.56..516640.82 rows=1 width=8) (actual time=287.438..14958.213 rows=444 loops=1)
                     Buffers: shared hit=1421809 read=135833
                     ->  Hash Join  (cost=13061.13..516631.55 rows=4 width=12) (actual time=37.845..14763.569 rows=5543 loops=1)
                           Hash Cond: (ci.role_id = rt.id)
                           Buffers: shared hit=1400400 read=135070
                           ->  Nested Loop  (cost=13059.96..516630.23 rows=43 width=16) (actual time=37.490..14676.697 rows=500518 loops=1)
                                 Buffers: shared hit=1400399 read=135070
                                 ->  Nested Loop  (cost=13059.52..516496.56 rows=3 width=20) (actual time=37.450..9006.853 rows=37059 loops=1)
                                       Buffers: shared hit=850924 read=84301
                                       ->  Hash Join  (cost=13059.09..487811.32 rows=666 width=12) (actual time=37.385..5170.002 rows=40633 loops=1)
                                             Hash Cond: (t.kind_id = kt.id)
                                             Buffers: shared hit=479081 read=39380
                                             ->  Nested Loop  (cost=13057.96..487803.64 rows=1554 width=16) (actual time=37.189..5149.586 rows=42100 loops=1)
                                                   Buffers: shared hit=479080 read=39380
                                                   ->  Bitmap Heap Scan on movie_info mi2  (cost=13057.52..430356.58 rows=8591 width=8) (actual time=37.127..670.931 rows=130404 loops=1)
                                                         Recheck Cond: (info_type_id = 4)
                                                         Filter: ((info)::text = ANY ('{Arabic,French,Italian,Persian,Portuguese,Romanian,Swedish}'::text[]))
                                                         Rows Removed by Filter: 1168585
                                                         Heap Blocks: exact=8393
                                                         Buffers: shared hit=2883 read=6529
                                                         ->  Bitmap Index Scan on info_type_id_movie_info  (cost=0.00..13055.37 rows=1221191 width=0) (actual time=34.607..34.608 rows=1298989 loops=1)
                                                               Index Cond: (info_type_id = 4)
                                                               Buffers: shared read=1019
                                                   ->  Memoize  (cost=0.44..6.75 rows=1 width=8) (actual time=0.034..0.034 rows=0 loops=130404)
                                                         Cache Key: mi2.movie_id
                                                         Cache Mode: logical
                                                         Hits: 3142  Misses: 127262  Evictions: 25069  Overflows: 0  Memory Usage: 8193kB
                                                         Buffers: shared hit=476197 read=32851
                                                         ->  Index Scan using title_pkey on title t  (cost=0.43..6.74 rows=1 width=8) (actual time=0.034..0.034 rows=0 loops=127262)
                                                               Index Cond: (id = mi2.movie_id)
                                                               Filter: ((production_year <= 1975) AND (1875 < production_year))
                                                               Rows Removed by Filter: 1
                                                               Buffers: shared hit=476197 read=32851
                                             ->  Hash  (cost=1.10..1.10 rows=3 width=4) (actual time=0.016..0.017 rows=3 loops=1)
                                                   Buckets: 1024  Batches: 1  Memory Usage: 9kB
                                                   Buffers: shared hit=1
                                                   ->  Seq Scan on kind_type kt  (cost=0.00..1.10 rows=3 width=4) (actual time=0.008..0.009 rows=3 loops=1)
                                                         Filter: ((kind)::text = ANY ('{episode,movie,"tv movie"}'::text[]))
                                                         Rows Removed by Filter: 4
                                                         Buffers: shared hit=1
                                       ->  Index Scan using movie_id_movie_info on movie_info mi1  (cost=0.43..43.06 rows=1 width=8) (actual time=0.088..0.094 rows=1 loops=40633)
                                             Index Cond: (movie_id = t.id)
                                             Filter: ((info_type_id = 8) AND ((info)::text = ANY ('{Egypt,France,Iran,Italy,Portugal,Romania,Sweden}'::text[])))
                                             Rows Removed by Filter: 12
                                             Buffers: shared hit=371843 read=44921
                                 ->  Index Scan using movie_id_cast_info on cast_info ci  (cost=0.44..44.17 rows=38 width=12) (actual time=0.035..0.149 rows=14 loops=37059)
                                       Index Cond: (movie_id = t.id)
                                       Buffers: shared hit=549475 read=50769
                           ->  Hash  (cost=1.15..1.15 rows=1 width=4) (actual time=0.026..0.026 rows=1 loops=1)
                                 Buckets: 1024  Batches: 1  Memory Usage: 9kB
                                 Buffers: shared hit=1
                                 ->  Seq Scan on role_type rt  (cost=0.00..1.15 rows=1 width=4) (actual time=0.020..0.021 rows=1 loops=1)
                                       Filter: ((role)::text = 'costume designer'::text)
                                       Rows Removed by Filter: 11
                                       Buffers: shared hit=1
                     ->  Index Scan using name_pkey on name n  (cost=0.43..2.32 rows=1 width=4) (actual time=0.034..0.034 rows=0 loops=5543)
                           Index Cond: (id = ci.person_id)
                           Filter: ((gender)::text = 'f'::text)
                           Rows Removed by Filter: 1
                           Buffers: shared hit=21409 read=763
               ->  Seq Scan on info_type it1  (cost=0.00..2.41 rows=1 width=4) (actual time=0.010..0.020 rows=1 loops=444)
                     Filter: (id = 8)
                     Rows Removed by Filter: 112
                     Buffers: shared hit=444
         ->  Seq Scan on info_type it2  (cost=0.00..2.41 rows=1 width=4) (actual time=0.010..0.019 rows=1 loops=444)
               Filter: (id = 4)
               Rows Removed by Filter: 112
               Buffers: shared hit=444
 Planning:
   Buffers: shared hit=519 read=55
 Planning Time: 12.713 ms
 Execution Time: 14980.475 ms
(78 rows)

