                                                                                            QUERY PLAN                                                                                            
--------------------------------------------------------------------------------------------------------------------------------------------------------------------------------------------------
 Aggregate  (cost=856958.34..856958.35 rows=1 width=8) (actual time=17824.433..17824.443 rows=1 loops=1)
   Buffers: shared hit=1409943 read=419667, temp read=1215 written=1215
   ->  Nested Loop  (cost=108135.66..856957.55 rows=319 width=0) (actual time=587.021..17820.039 rows=20128 loops=1)
         Buffers: shared hit=1409943 read=419667, temp read=1215 written=1215
         ->  Hash Join  (cost=108135.23..855820.98 rows=490 width=4) (actual time=586.985..12354.071 rows=155261 loops=1)
               Hash Cond: (ci.role_id = rt.id)
               Buffers: shared hit=829395 read=379171, temp read=1215 written=1215
               ->  Nested Loop  (cost=108134.05..855809.37 rows=2938 width=8) (actual time=586.247..12212.581 rows=695078 loops=1)
                     Buffers: shared hit=829394 read=379171, temp read=1215 written=1215
                     ->  Nested Loop  (cost=108133.61..846843.58 rows=205 width=12) (actual time=586.217..4792.166 rows=38708 loops=1)
                           Buffers: shared hit=263060 read=163981, temp read=1215 written=1215
                           ->  Seq Scan on info_type it2  (cost=0.00..2.41 rows=1 width=4) (actual time=0.020..0.031 rows=1 loops=1)
                                 Filter: (id = 4)
                                 Rows Removed by Filter: 112
                                 Buffers: shared hit=1
                           ->  Nested Loop  (cost=108133.61..846839.12 rows=205 width=16) (actual time=586.196..4783.345 rows=38708 loops=1)
                                 Buffers: shared hit=263059 read=163981, temp read=1215 written=1215
                                 ->  Seq Scan on info_type it1  (cost=0.00..2.41 rows=1 width=4) (actual time=0.010..0.023 rows=1 loops=1)
                                       Filter: (id = 8)
                                       Rows Removed by Filter: 112
                                       Buffers: shared hit=1
                                 ->  Nested Loop  (cost=108133.61..846834.66 rows=205 width=20) (actual time=586.182..4774.601 rows=38708 loops=1)
                                       Buffers: shared hit=263058 read=163981, temp read=1215 written=1215
                                       ->  Hash Join  (cost=108133.18..544224.55 rows=7126 width=12) (actual time=586.115..1163.250 rows=39307 loops=1)
                                             Hash Cond: (mi1.movie_id = t.id)
                                             Buffers: shared hit=5828 read=39457, temp read=1215 written=1215
                                             ->  Bitmap Heap Scan on movie_info mi1  (cost=14217.55..447039.22 rows=24121 width=8) (actual time=36.466..466.263 rows=285441 loops=1)
                                                   Recheck Cond: (info_type_id = 8)
                                                   Filter: ((info)::text = ANY ('{Canada,"Hong Kong",Ireland,Italy,Japan,Netherlands,Russia,UK}'::text[]))
                                                   Rows Removed by Filter: 1039920
                                                   Heap Blocks: exact=7853
                                                   Buffers: shared hit=13 read=8880
                                                   ->  Bitmap Index Scan on info_type_id_movie_info  (cost=0.00..14211.52 rows=1329478 width=0) (actual time=35.498..35.498 rows=1325361 loops=1)
                                                         Index Cond: (info_type_id = 8)
                                                         Buffers: shared read=1040
                                             ->  Hash  (cost=81661.50..81661.50 rows=746890 width=4) (actual time=548.394..548.397 rows=138444 loops=1)
                                                   Buckets: 262144  Batches: 8  Memory Usage: 2656kB
                                                   Buffers: shared hit=5815 read=30577, temp written=350
                                                   ->  Hash Join  (cost=1.13..81661.50 rows=746890 width=4) (actual time=0.045..527.839 rows=138444 loops=1)
                                                         Hash Cond: (t.kind_id = kt.id)
                                                         Buffers: shared hit=5815 read=30577
                                                         ->  Seq Scan on title t  (cost=0.00..74315.95 rows=1742744 width=8) (actual time=0.023..426.246 rows=1748995 loops=1)
                                                               Filter: ((production_year <= 2015) AND (1990 < production_year))
                                                               Rows Removed by Filter: 779317
                                                               Buffers: shared hit=5814 read=30577
                                                         ->  Hash  (cost=1.10..1.10 rows=3 width=4) (actual time=0.013..0.014 rows=3 loops=1)
                                                               Buckets: 1024  Batches: 1  Memory Usage: 9kB
                                                               Buffers: shared hit=1
                                                               ->  Seq Scan on kind_type kt  (cost=0.00..1.10 rows=3 width=4) (actual time=0.006..0.008 rows=3 loops=1)
                                                                     Filter: ((kind)::text = ANY ('{"tv movie","tv series","video game"}'::text[]))
                                                                     Rows Removed by Filter: 4
                                                                     Buffers: shared hit=1
                                       ->  Index Scan using movie_id_movie_info on movie_info mi2  (cost=0.43..42.46 rows=1 width=8) (actual time=0.051..0.091 rows=1 loops=39307)
                                             Index Cond: (movie_id = t.id)
                                             Filter: ((info_type_id = 4) AND ((info)::text = ANY ('{Cantonese,English,French,Italian,Japanese,Russian}'::text[])))
                                             Rows Removed by Filter: 8
                                             Buffers: shared hit=257230 read=124524
                     ->  Index Scan using movie_id_cast_info on cast_info ci  (cost=0.44..43.36 rows=38 width=12) (actual time=0.035..0.187 rows=18 loops=38708)
                           Index Cond: (movie_id = t.id)
                           Buffers: shared hit=566334 read=215190
               ->  Hash  (cost=1.15..1.15 rows=2 width=4) (actual time=0.031..0.032 rows=2 loops=1)
                     Buckets: 1024  Batches: 1  Memory Usage: 9kB
                     Buffers: shared hit=1
                     ->  Seq Scan on role_type rt  (cost=0.00..1.15 rows=2 width=4) (actual time=0.024..0.026 rows=2 loops=1)
                           Filter: ((role)::text = ANY ('{cinematographer,"miscellaneous crew"}'::text[]))
                           Rows Removed by Filter: 10
                           Buffers: shared hit=1
         ->  Index Scan using name_pkey on name n  (cost=0.43..2.32 rows=1 width=4) (actual time=0.035..0.035 rows=0 loops=155261)
               Index Cond: (id = ci.person_id)
               Filter: ((gender)::text = ANY ('{f,m}'::text[]))
               Rows Removed by Filter: 1
               Buffers: shared hit=580548 read=40496
 Planning:
   Buffers: shared hit=483 read=91
 Planning Time: 13.145 ms
 Execution Time: 17825.007 ms
(76 rows)

