                                                                                                 QUERY PLAN                                                                                                  
-------------------------------------------------------------------------------------------------------------------------------------------------------------------------------------------------------------
 Aggregate  (cost=650798.12..650798.13 rows=1 width=8) (actual time=28810.653..28810.661 rows=1 loops=1)
   Buffers: shared hit=2580368 read=409524
   ->  Nested Loop  (cost=14219.09..650797.97 rows=60 width=0) (actual time=77.752..28804.154 rows=22252 loops=1)
         Buffers: shared hit=2580368 read=409524
         ->  Seq Scan on info_type it2  (cost=0.00..2.41 rows=1 width=4) (actual time=0.037..0.048 rows=1 loops=1)
               Filter: (id = 4)
               Rows Removed by Filter: 112
               Buffers: shared hit=1
         ->  Nested Loop  (cost=14219.09..650794.96 rows=60 width=4) (actual time=77.712..28799.020 rows=22252 loops=1)
               Buffers: shared hit=2580367 read=409524
               ->  Seq Scan on info_type it1  (cost=0.00..2.41 rows=1 width=4) (actual time=0.013..0.025 rows=1 loops=1)
                     Filter: (id = 8)
                     Rows Removed by Filter: 112
                     Buffers: shared hit=1
               ->  Nested Loop  (cost=14219.09..650791.95 rows=60 width=8) (actual time=77.695..28793.338 rows=22252 loops=1)
                     Buffers: shared hit=2580366 read=409524
                     ->  Hash Join  (cost=14218.66..650462.58 rows=142 width=12) (actual time=45.691..26689.553 rows=54261 loops=1)
                           Hash Cond: (ci.role_id = rt.id)
                           Buffers: shared hit=2394299 read=378547
                           ->  Nested Loop  (cost=14217.49..650455.35 rows=1706 width=16) (actual time=37.425..26480.848 rows=1075371 loops=1)
                                 Buffers: shared hit=2394298 read=378547
                                 ->  Nested Loop  (cost=14217.05..645250.82 rows=119 width=20) (actual time=37.393..14564.273 rows=51839 loops=1)
                                       Buffers: shared hit=1436236 read=134958
                                       ->  Hash Join  (cost=14216.62..469106.45 rows=4128 width=12) (actual time=36.906..6873.981 rows=83376 loops=1)
                                             Hash Cond: (t.kind_id = kt.id)
                                             Buffers: shared hit=673972 read=42994
                                             ->  Nested Loop  (cost=14215.48..469064.72 rows=9633 width=16) (actual time=36.558..6827.042 rows=108774 loops=1)
                                                   Buffers: shared hit=673971 read=42994
                                                   ->  Bitmap Heap Scan on movie_info mi1  (cost=14215.04..386810.34 rows=13975 width=8) (actual time=36.525..478.840 rows=180757 loops=1)
                                                         Recheck Cond: (info_type_id = 8)
                                                         Filter: ((info)::text = ANY ('{Argentina,Chile,"Czech Republic",Denmark,Finland,Germany,India,Ireland,Italy,Norway,"South Korea",Sweden}'::text[]))
                                                         Rows Removed by Filter: 1144604
                                                         Heap Blocks: exact=7853
                                                         Buffers: shared hit=1312 read=7581
                                                         ->  Bitmap Index Scan on info_type_id_movie_info  (cost=0.00..14211.52 rows=1329478 width=0) (actual time=35.549..35.549 rows=1325361 loops=1)
                                                               Index Cond: (info_type_id = 8)
                                                               Buffers: shared read=1040
                                                   ->  Memoize  (cost=0.44..5.98 rows=1 width=8) (actual time=0.035..0.035 rows=1 loops=180757)
                                                         Cache Key: mi1.movie_id
                                                         Cache Mode: logical
                                                         Hits: 3739  Misses: 177018  Evictions: 82722  Overflows: 0  Memory Usage: 8193kB
                                                         Buffers: shared hit=672659 read=35413
                                                         ->  Index Scan using title_pkey on title t  (cost=0.43..5.97 rows=1 width=8) (actual time=0.034..0.034 rows=1 loops=177018)
                                                               Index Cond: (id = mi1.movie_id)
                                                               Filter: ((production_year <= 2015) AND (1990 < production_year))
                                                               Rows Removed by Filter: 0
                                                               Buffers: shared hit=672659 read=35413
                                             ->  Hash  (cost=1.10..1.10 rows=3 width=4) (actual time=0.019..0.020 rows=3 loops=1)
                                                   Buckets: 1024  Batches: 1  Memory Usage: 9kB
                                                   Buffers: shared hit=1
                                                   ->  Seq Scan on kind_type kt  (cost=0.00..1.10 rows=3 width=4) (actual time=0.010..0.013 rows=3 loops=1)
                                                         Filter: ((kind)::text = ANY ('{episode,movie,"video movie"}'::text[]))
                                                         Rows Removed by Filter: 4
                                                         Buffers: shared hit=1
                                       ->  Index Scan using movie_id_movie_info on movie_info mi2  (cost=0.43..42.66 rows=1 width=8) (actual time=0.059..0.092 rows=1 loops=83376)
                                             Index Cond: (movie_id = t.id)
                                             Filter: ((info_type_id = 4) AND ((info)::text = ANY ('{Czech,Danish,English,Finnish,Italian,Korean,Malayalam,Norwegian,Spanish,Swedish}'::text[])))
                                             Rows Removed by Filter: 12
                                             Buffers: shared hit=762264 read=91964
                                 ->  Index Scan using movie_id_cast_info on cast_info ci  (cost=0.44..43.36 rows=38 width=12) (actual time=0.036..0.224 rows=21 loops=51839)
                                       Index Cond: (movie_id = t.id)
                                       Buffers: shared hit=958062 read=243589
                           ->  Hash  (cost=1.15..1.15 rows=1 width=4) (actual time=0.018..0.019 rows=1 loops=1)
                                 Buckets: 1024  Batches: 1  Memory Usage: 9kB
                                 Buffers: shared hit=1
                                 ->  Seq Scan on role_type rt  (cost=0.00..1.15 rows=1 width=4) (actual time=0.011..0.013 rows=1 loops=1)
                                       Filter: ((role)::text = 'director'::text)
                                       Rows Removed by Filter: 11
                                       Buffers: shared hit=1
                     ->  Index Scan using name_pkey on name n  (cost=0.43..2.32 rows=1 width=4) (actual time=0.038..0.038 rows=0 loops=54261)
                           Index Cond: (id = ci.person_id)
                           Filter: ((gender)::text = 'm'::text)
                           Rows Removed by Filter: 1
                           Buffers: shared hit=186067 read=30977
 Planning:
   Buffers: shared hit=486 read=91
 Planning Time: 13.914 ms
 Execution Time: 28813.204 ms
(78 rows)

