                                                                                            QUERY PLAN                                                                                            
--------------------------------------------------------------------------------------------------------------------------------------------------------------------------------------------------
 Aggregate  (cost=624001.59..624001.60 rows=1 width=8) (actual time=29665.690..29665.710 rows=1 loops=1)
   Buffers: shared hit=2630184 read=441928, temp read=1957 written=1957
   ->  Nested Loop  (cost=91931.19..624001.47 rows=48 width=0) (actual time=517.560..29654.940 rows=51813 loops=1)
         Buffers: shared hit=2630184 read=441928, temp read=1957 written=1957
         ->  Seq Scan on info_type it2  (cost=0.00..2.41 rows=1 width=4) (actual time=0.028..0.039 rows=1 loops=1)
               Filter: (id = 4)
               Rows Removed by Filter: 112
               Buffers: shared hit=1
         ->  Nested Loop  (cost=91931.19..623998.58 rows=48 width=4) (actual time=517.530..29643.512 rows=51813 loops=1)
               Buffers: shared hit=2630183 read=441928, temp read=1957 written=1957
               ->  Seq Scan on info_type it1  (cost=0.00..2.41 rows=1 width=4) (actual time=0.006..0.020 rows=1 loops=1)
                     Filter: (id = 8)
                     Rows Removed by Filter: 112
                     Buffers: shared hit=1
               ->  Nested Loop  (cost=91931.19..623995.69 rows=48 width=8) (actual time=517.521..29632.059 rows=51813 loops=1)
                     Buffers: shared hit=2630182 read=441928, temp read=1957 written=1957
                     ->  Hash Join  (cost=91930.76..623731.26 rows=114 width=12) (actual time=517.496..25285.221 rows=122453 loops=1)
                           Hash Cond: (ci.role_id = rt.id)
                           Buffers: shared hit=2161177 read=421121, temp read=1957 written=1957
                           ->  Nested Loop  (cost=91929.59..623725.25 rows=1362 width=16) (actual time=517.374..25016.956 rows=1447703 loops=1)
                                 Buffers: shared hit=2161176 read=421121, temp read=1957 written=1957
                                 ->  Nested Loop  (cost=91929.15..619461.71 rows=95 width=20) (actual time=517.351..9955.121 rows=71294 loops=1)
                                       Buffers: shared hit=747428 read=217714, temp read=1957 written=1957
                                       ->  Hash Join  (cost=91928.72..464783.23 rows=3573 width=12) (actual time=517.255..1389.861 rows=77756 loops=1)
                                             Hash Cond: (mi1.movie_id = t.id)
                                             Buffers: shared hit=6605 read=38680, temp read=1957 written=1957
                                             ->  Bitmap Heap Scan on movie_info mi1  (cost=14226.44..386821.74 rows=59597 width=8) (actual time=35.189..469.614 rows=653429 loops=1)
                                                   Recheck Cond: (info_type_id = 8)
                                                   Filter: ((info)::text = ANY ('{Australia,Belgium,Canada,Egypt,Hungary,Norway,Poland,Taiwan,USA}'::text[]))
                                                   Rows Removed by Filter: 671932
                                                   Heap Blocks: exact=7853
                                                   Buffers: shared hit=3 read=8890
                                                   ->  Bitmap Index Scan on info_type_id_movie_info  (cost=0.00..14211.52 rows=1329478 width=0) (actual time=34.195..34.195 rows=1325361 loops=1)
                                                         Index Cond: (info_type_id = 8)
                                                         Buffers: shared read=1040
                                             ->  Hash  (cost=75807.58..75807.58 rows=151576 width=4) (actual time=480.825..480.828 rows=335746 loops=1)
                                                   Buckets: 262144 (originally 262144)  Batches: 2 (originally 1)  Memory Usage: 7957kB
                                                   Buffers: shared hit=6602 read=29790, temp written=491
                                                   ->  Hash Join  (cost=1.13..75807.58 rows=151576 width=4) (actual time=0.047..421.058 rows=335746 loops=1)
                                                         Hash Cond: (t.kind_id = kt.id)
                                                         Buffers: shared hit=6602 read=29790
                                                         ->  Seq Scan on title t  (cost=0.00..74315.95 rows=353677 width=8) (actual time=0.024..378.921 rows=347589 loops=1)
                                                               Filter: ((production_year <= 1975) AND (1925 < production_year))
                                                               Rows Removed by Filter: 2180723
                                                               Buffers: shared hit=6601 read=29790
                                                         ->  Hash  (cost=1.10..1.10 rows=3 width=4) (actual time=0.016..0.018 rows=3 loops=1)
                                                               Buckets: 1024  Batches: 1  Memory Usage: 9kB
                                                               Buffers: shared hit=1
                                                               ->  Seq Scan on kind_type kt  (cost=0.00..1.10 rows=3 width=4) (actual time=0.009..0.010 rows=3 loops=1)
                                                                     Filter: ((kind)::text = ANY ('{episode,movie,"tv movie"}'::text[]))
                                                                     Rows Removed by Filter: 4
                                                                     Buffers: shared hit=1
                                       ->  Index Scan using movie_id_movie_info on movie_info mi2  (cost=0.43..43.28 rows=1 width=8) (actual time=0.047..0.109 rows=1 loops=77756)
                                             Index Cond: (movie_id = t.id)
                                             Filter: ((info_type_id = 4) AND ((info)::text = ANY ('{Arabic,English,French,Hungarian,Mandarin,Norwegian,Polish}'::text[])))
                                             Rows Removed by Filter: 15
                                             Buffers: shared hit=740823 read=179034
                                 ->  Index Scan using movie_id_cast_info on cast_info ci  (cost=0.44..44.50 rows=38 width=12) (actual time=0.035..0.205 rows=20 loops=71294)
                                       Index Cond: (movie_id = t.id)
                                       Buffers: shared hit=1413748 read=203407
                           ->  Hash  (cost=1.15..1.15 rows=1 width=4) (actual time=0.014..0.025 rows=1 loops=1)
                                 Buckets: 1024  Batches: 1  Memory Usage: 9kB
                                 Buffers: shared hit=1
                                 ->  Seq Scan on role_type rt  (cost=0.00..1.15 rows=1 width=4) (actual time=0.009..0.010 rows=1 loops=1)
                                       Filter: ((role)::text = 'writer'::text)
                                       Rows Removed by Filter: 11
                                       Buffers: shared hit=1
                     ->  Index Scan using name_pkey on name n  (cost=0.43..2.32 rows=1 width=4) (actual time=0.035..0.035 rows=0 loops=122453)
                           Index Cond: (id = ci.person_id)
                           Filter: ((gender)::text = 'm'::text)
                           Rows Removed by Filter: 1
                           Buffers: shared hit=469005 read=20807
 Planning:
   Buffers: shared hit=485 read=92
 Planning Time: 10.316 ms
 Execution Time: 29666.194 ms
(76 rows)

