                                                                                               QUERY PLAN                                                                                               
--------------------------------------------------------------------------------------------------------------------------------------------------------------------------------------------------------
 Aggregate  (cost=434701.31..434701.32 rows=1 width=8) (actual time=3801.655..3801.661 rows=1 loops=1)
   Buffers: shared hit=371405 read=22841
   ->  Nested Loop  (cost=14216.77..434701.31 rows=1 width=0) (actual time=796.478..3801.635 rows=21 loops=1)
         Buffers: shared hit=371405 read=22841
         ->  Hash Join  (cost=14216.34..434698.99 rows=1 width=4) (actual time=98.319..3759.967 rows=1122 loops=1)
               Hash Cond: (ci.role_id = rt.id)
               Buffers: shared hit=367519 read=22239
               ->  Nested Loop  (cost=14215.17..434697.78 rows=14 width=8) (actual time=66.834..3751.760 rows=50185 loops=1)
                     Buffers: shared hit=367518 read=22239
                     ->  Nested Loop  (cost=14214.73..434652.90 rows=1 width=12) (actual time=66.772..3185.981 rows=3755 loops=1)
                           Buffers: shared hit=315872 read=13205
                           ->  Nested Loop  (cost=14214.73..434650.48 rows=1 width=16) (actual time=66.765..3116.411 rows=3755 loops=1)
                                 Buffers: shared hit=312117 read=13205
                                 ->  Nested Loop  (cost=14214.73..434648.06 rows=1 width=20) (actual time=66.745..3035.453 rows=3755 loops=1)
                                       Buffers: shared hit=308362 read=13205
                                       ->  Hash Join  (cost=14214.30..422181.41 rows=289 width=12) (actual time=66.650..2080.189 rows=14248 loops=1)
                                             Hash Cond: (t.kind_id = kt.id)
                                             Buffers: shared hit=203654 read=7528
                                             ->  Nested Loop  (cost=14213.16..422177.44 rows=674 width=16) (actual time=40.659..2073.768 rows=14409 loops=1)
                                                   Buffers: shared hit=203653 read=7528
                                                   ->  Bitmap Heap Scan on movie_info mi1  (cost=14212.72..386808.02 rows=4820 width=8) (actual time=38.339..439.673 rows=50771 loops=1)
                                                         Recheck Cond: (info_type_id = 8)
                                                         Filter: ((info)::text = ANY ('{Austria,India,Norway,Portugal}'::text[]))
                                                         Rows Removed by Filter: 1274590
                                                         Heap Blocks: exact=7853
                                                         Buffers: shared hit=5886 read=3007
                                                         ->  Bitmap Index Scan on info_type_id_movie_info  (cost=0.00..14211.52 rows=1329478 width=0) (actual time=37.316..37.316 rows=1325361 loops=1)
                                                               Index Cond: (info_type_id = 8)
                                                               Buffers: shared read=1040
                                                   ->  Memoize  (cost=0.44..7.37 rows=1 width=8) (actual time=0.032..0.032 rows=0 loops=50771)
                                                         Cache Key: mi1.movie_id
                                                         Cache Mode: logical
                                                         Hits: 199  Misses: 50572  Evictions: 0  Overflows: 0  Memory Usage: 3921kB
                                                         Buffers: shared hit=197767 read=4521
                                                         ->  Index Scan using title_pkey on title t  (cost=0.43..7.36 rows=1 width=8) (actual time=0.031..0.031 rows=0 loops=50572)
                                                               Index Cond: (id = mi1.movie_id)
                                                               Filter: ((production_year <= 1975) AND (1925 < production_year))
                                                               Rows Removed by Filter: 1
                                                               Buffers: shared hit=197767 read=4521
                                             ->  Hash  (cost=1.10..1.10 rows=3 width=4) (actual time=0.020..0.021 rows=3 loops=1)
                                                   Buckets: 1024  Batches: 1  Memory Usage: 9kB
                                                   Buffers: shared hit=1
                                                   ->  Seq Scan on kind_type kt  (cost=0.00..1.10 rows=3 width=4) (actual time=0.009..0.011 rows=3 loops=1)
                                                         Filter: ((kind)::text = ANY ('{episode,movie,"tv movie"}'::text[]))
                                                         Rows Removed by Filter: 4
                                                         Buffers: shared hit=1
                                       ->  Index Scan using movie_id_movie_info on movie_info mi2  (cost=0.43..43.13 rows=1 width=8) (actual time=0.054..0.067 rows=0 loops=14248)
                                             Index Cond: (movie_id = t.id)
                                             Filter: ((info_type_id = 4) AND ((info)::text = ANY ('{German,Norwegian,Portuguese,Telugu}'::text[])))
                                             Rows Removed by Filter: 6
                                             Buffers: shared hit=104708 read=5677
                                 ->  Seq Scan on info_type it1  (cost=0.00..2.41 rows=1 width=4) (actual time=0.012..0.020 rows=1 loops=3755)
                                       Filter: (id = 8)
                                       Rows Removed by Filter: 112
                                       Buffers: shared hit=3755
                           ->  Seq Scan on info_type it2  (cost=0.00..2.41 rows=1 width=4) (actual time=0.008..0.017 rows=1 loops=3755)
                                 Filter: (id = 4)
                                 Rows Removed by Filter: 112
                                 Buffers: shared hit=3755
                     ->  Index Scan using movie_id_cast_info on cast_info ci  (cost=0.44..44.50 rows=38 width=12) (actual time=0.035..0.147 rows=13 loops=3755)
                           Index Cond: (movie_id = t.id)
                           Buffers: shared hit=51646 read=9034
               ->  Hash  (cost=1.15..1.15 rows=1 width=4) (actual time=0.032..0.032 rows=1 loops=1)
                     Buckets: 1024  Batches: 1  Memory Usage: 9kB
                     Buffers: shared hit=1
                     ->  Seq Scan on role_type rt  (cost=0.00..1.15 rows=1 width=4) (actual time=0.025..0.026 rows=1 loops=1)
                           Filter: ((role)::text = 'editor'::text)
                           Rows Removed by Filter: 11
                           Buffers: shared hit=1
         ->  Index Scan using name_pkey on name n  (cost=0.43..2.32 rows=1 width=4) (actual time=0.037..0.037 rows=0 loops=1122)
               Index Cond: (id = ci.person_id)
               Filter: ((gender)::text = 'f'::text)
               Rows Removed by Filter: 1
               Buffers: shared hit=3886 read=602
 Planning:
   Buffers: shared hit=529 read=45
 Planning Time: 13.696 ms
 Execution Time: 3803.019 ms
(78 rows)

