                                                                                             QUERY PLAN                                                                                              
-----------------------------------------------------------------------------------------------------------------------------------------------------------------------------------------------------
 Aggregate  (cost=883053.38..883053.39 rows=1 width=8) (actual time=11257.313..11257.323 rows=1 loops=1)
   Buffers: shared hit=945994 read=159473, temp read=4415 written=4415
   ->  Nested Loop  (cost=479507.27..883052.96 rows=170 width=0) (actual time=1089.931..11250.549 rows=39446 loops=1)
         Buffers: shared hit=945994 read=159473, temp read=4415 written=4415
         ->  Seq Scan on info_type it2  (cost=0.00..2.41 rows=1 width=4) (actual time=0.043..0.052 rows=1 loops=1)
               Filter: (id = 4)
               Rows Removed by Filter: 112
               Buffers: shared hit=1
         ->  Nested Loop  (cost=479507.27..883048.85 rows=170 width=4) (actual time=1089.886..11243.256 rows=39446 loops=1)
               Buffers: shared hit=945993 read=159473, temp read=4415 written=4415
               ->  Seq Scan on info_type it1  (cost=0.00..2.41 rows=1 width=4) (actual time=0.013..0.024 rows=1 loops=1)
                     Filter: (id = 8)
                     Rows Removed by Filter: 112
                     Buffers: shared hit=1
               ->  Nested Loop  (cost=479507.27..883044.73 rows=170 width=8) (actual time=1089.872..11235.500 rows=39446 loops=1)
                     Join Filter: (t.id = mi2.movie_id)
                     Buffers: shared hit=945992 read=159473, temp read=4415 written=4415
                     ->  Nested Loop  (cost=479506.83..645837.11 rows=5590 width=16) (actual time=1089.841..5900.582 rows=42575 loops=1)
                           Buffers: shared hit=491372 read=51349, temp read=4415 written=4415
                           ->  Hash Join  (cost=479506.40..614929.51 rows=13325 width=20) (actual time=1089.584..1815.355 rows=123086 loops=1)
                                 Hash Cond: (ci.movie_id = t.id)
                                 Buffers: shared hit=27042 read=23335, temp read=4415 written=4415
                                 ->  Nested Loop  (cost=0.44..123965.00 rows=3020080 width=8) (actual time=0.104..329.289 rows=773674 loops=1)
                                       Buffers: shared hit=570 read=4522
                                       ->  Seq Scan on role_type rt  (cost=0.00..1.15 rows=1 width=4) (actual time=0.008..0.011 rows=1 loops=1)
                                             Filter: ((role)::text = 'composer'::text)
                                             Rows Removed by Filter: 11
                                             Buffers: shared hit=1
                                       ->  Index Scan using role_id_cast_info on cast_info ci  (cost=0.44..91017.52 rows=3294633 width=12) (actual time=0.093..213.823 rows=773674 loops=1)
                                             Index Cond: (role_id = rt.id)
                                             Buffers: shared hit=569 read=4522
                                 ->  Hash  (cost=479366.53..479366.53 rows=11155 width=12) (actual time=1089.036..1089.041 rows=257931 loops=1)
                                       Buckets: 262144 (originally 16384)  Batches: 2 (originally 1)  Memory Usage: 7580kB
                                       Buffers: shared hit=26472 read=18813, temp read=2587 written=3091
                                       ->  Hash Join  (cost=104057.28..479366.53 rows=11155 width=12) (actual time=748.284..1047.745 rows=257931 loops=1)
                                             Hash Cond: (mi1.movie_id = t.id)
                                             Buffers: shared hit=26472 read=18813, temp read=2587 written=2587
                                             ->  Bitmap Heap Scan on movie_info mi1  (cost=14225.71..386821.01 rows=56641 width=8) (actual time=37.312..241.614 rows=625627 loops=1)
                                                   Recheck Cond: (info_type_id = 8)
                                                   Filter: ((info)::text = ANY ('{Belgium,Cuba,"Czech Republic",Egypt,Estonia,Hungary,India,Mexico,"South Africa",Switzerland,Taiwan,USA}'::text[]))
                                                   Rows Removed by Filter: 699734
                                                   Heap Blocks: exact=7853
                                                   Buffers: shared hit=5641 read=3252
                                                   ->  Bitmap Index Scan on info_type_id_movie_info  (cost=0.00..14211.52 rows=1329478 width=0) (actual time=36.339..36.339 rows=1325361 loops=1)
                                                         Index Cond: (info_type_id = 8)
                                                         Buffers: shared read=1040
                                             ->  Hash  (cost=81661.48..81661.48 rows=497927 width=4) (actual time=626.236..626.239 rows=447278 loops=1)
                                                   Buckets: 262144  Batches: 4  Memory Usage: 5988kB
                                                   Buffers: shared hit=20831 read=15561, temp written=980
                                                   ->  Hash Join  (cost=1.11..81661.48 rows=497927 width=4) (actual time=20.948..565.491 rows=447278 loops=1)
                                                         Hash Cond: (t.kind_id = kt.id)
                                                         Buffers: shared hit=20831 read=15561
                                                         ->  Seq Scan on title t  (cost=0.00..74315.95 rows=1742744 width=8) (actual time=0.022..446.078 rows=1748995 loops=1)
                                                               Filter: ((production_year <= 2015) AND (1990 < production_year))
                                                               Rows Removed by Filter: 779317
                                                               Buffers: shared hit=20830 read=15561
                                                         ->  Hash  (cost=1.09..1.09 rows=2 width=4) (actual time=0.014..0.015 rows=2 loops=1)
                                                               Buckets: 1024  Batches: 1  Memory Usage: 9kB
                                                               Buffers: shared hit=1
                                                               ->  Seq Scan on kind_type kt  (cost=0.00..1.09 rows=2 width=4) (actual time=0.007..0.008 rows=2 loops=1)
                                                                     Filter: ((kind)::text = ANY ('{movie,"video movie"}'::text[]))
                                                                     Rows Removed by Filter: 5
                                                                     Buffers: shared hit=1
                           ->  Index Scan using name_pkey on name n  (cost=0.43..2.32 rows=1 width=4) (actual time=0.033..0.033 rows=0 loops=123086)
                                 Index Cond: (id = ci.person_id)
                                 Filter: ((gender)::text = 'm'::text)
                                 Rows Removed by Filter: 1
                                 Buffers: shared hit=464330 read=28014
                     ->  Index Scan using movie_id_movie_info on movie_info mi2  (cost=0.43..42.42 rows=1 width=8) (actual time=0.044..0.125 rows=1 loops=42575)
                           Index Cond: (movie_id = ci.movie_id)
                           Filter: ((info_type_id = 4) AND ((info)::text = ANY ('{Arabic,Bengali,English,Estonian,French,Japanese,Mandarin,Spanish,"Swiss German"}'::text[])))
                           Rows Removed by Filter: 31
                           Buffers: shared hit=454620 read=108124
 Planning:
   Buffers: shared hit=507 read=70
 Planning Time: 14.052 ms
 Execution Time: 11257.955 ms
(77 rows)

