                                                                                            QUERY PLAN                                                                                            
--------------------------------------------------------------------------------------------------------------------------------------------------------------------------------------------------
 Aggregate  (cost=584170.52..584170.53 rows=1 width=8) (actual time=724.837..724.845 rows=1 loops=1)
   Buffers: shared hit=9147 read=40173
   ->  Nested Loop  (cost=90145.67..584170.45 rows=31 width=0) (actual time=638.617..724.838 rows=1 loops=1)
         Buffers: shared hit=9147 read=40173
         ->  Seq Scan on info_type it2  (cost=0.00..2.41 rows=1 width=4) (actual time=0.047..0.051 rows=1 loops=1)
               Filter: (id = 4)
               Rows Removed by Filter: 112
               Buffers: shared read=1
         ->  Nested Loop  (cost=90145.67..584167.72 rows=31 width=4) (actual time=638.569..724.785 rows=1 loops=1)
               Buffers: shared hit=9147 read=40172
               ->  Seq Scan on info_type it1  (cost=0.00..2.41 rows=1 width=4) (actual time=0.010..0.017 rows=1 loops=1)
                     Filter: (id = 8)
                     Rows Removed by Filter: 112
                     Buffers: shared hit=1
               ->  Nested Loop  (cost=90145.67..584165.00 rows=31 width=8) (actual time=638.555..724.764 rows=1 loops=1)
                     Buffers: shared hit=9146 read=40172
                     ->  Hash Join  (cost=90145.24..583991.04 rows=75 width=12) (actual time=638.514..724.722 rows=1 loops=1)
                           Hash Cond: (ci.role_id = rt.id)
                           Buffers: shared hit=9143 read=40171
                           ->  Nested Loop  (cost=90144.08..583986.67 rows=903 width=16) (actual time=460.334..724.628 rows=338 loops=1)
                                 Buffers: shared hit=9142 read=40171
                                 ->  Nested Loop  (cost=90143.64..581159.27 rows=63 width=20) (actual time=460.299..719.043 rows=259 loops=1)
                                       Buffers: shared hit=8343 read=39861
                                       ->  Hash Join  (cost=90143.21..462639.31 rows=2741 width=12) (actual time=460.232..706.118 rows=296 loops=1)
                                             Hash Cond: (mi2.movie_id = t.id)
                                             Buffers: shared hit=7300 read=38504
                                             ->  Bitmap Heap Scan on movie_info mi2  (cost=13072.51..385284.03 rows=68581 width=8) (actual time=37.343..272.673 rows=873099 loops=1)
                                                   Recheck Cond: (info_type_id = 4)
                                                   Filter: ((info)::text = ANY ('{English,German,Portuguese,Turkish}'::text[]))
                                                   Rows Removed by Filter: 425890
                                                   Heap Blocks: exact=8393
                                                   Buffers: shared hit=1 read=9411
                                                   ->  Bitmap Index Scan on info_type_id_movie_info  (cost=0.00..13055.37 rows=1221191 width=0) (actual time=36.301..36.302 rows=1298989 loops=1)
                                                         Index Cond: (info_type_id = 4)
                                                         Buffers: shared read=1019
                                             ->  Hash  (cost=75807.56..75807.56 rows=101051 width=4) (actual time=370.898..370.902 rows=334 loops=1)
                                                   Buckets: 131072  Batches: 1  Memory Usage: 1036kB
                                                   Buffers: shared hit=7299 read=29093
                                                   ->  Hash Join  (cost=1.11..75807.56 rows=101051 width=4) (actual time=226.925..370.763 rows=334 loops=1)
                                                         Hash Cond: (t.kind_id = kt.id)
                                                         Buffers: shared hit=7299 read=29093
                                                         ->  Seq Scan on title t  (cost=0.00..74315.95 rows=353677 width=8) (actual time=0.021..351.430 rows=347589 loops=1)
                                                               Filter: ((production_year <= 1975) AND (1925 < production_year))
                                                               Rows Removed by Filter: 2180723
                                                               Buffers: shared hit=7298 read=29093
                                                         ->  Hash  (cost=1.09..1.09 rows=2 width=4) (actual time=0.014..0.015 rows=2 loops=1)
                                                               Buckets: 1024  Batches: 1  Memory Usage: 9kB
                                                               Buffers: shared hit=1
                                                               ->  Seq Scan on kind_type kt  (cost=0.00..1.09 rows=2 width=4) (actual time=0.007..0.008 rows=2 loops=1)
                                                                     Filter: ((kind)::text = ANY ('{"video game","video movie"}'::text[]))
                                                                     Rows Removed by Filter: 5
                                                                     Buffers: shared hit=1
                                       ->  Index Scan using movie_id_movie_info on movie_info mi1  (cost=0.43..43.23 rows=1 width=8) (actual time=0.038..0.043 rows=1 loops=296)
                                             Index Cond: (movie_id = t.id)
                                             Filter: ((info_type_id = 8) AND ((info)::text = ANY ('{Brazil,"East Germany",Germany,Turkey,USA,"West Germany"}'::text[])))
                                             Rows Removed by Filter: 4
                                             Buffers: shared hit=1043 read=1357
                                 ->  Index Scan using movie_id_cast_info on cast_info ci  (cost=0.44..44.50 rows=38 width=12) (actual time=0.016..0.021 rows=1 loops=259)
                                       Index Cond: (movie_id = t.id)
                                       Buffers: shared hit=799 read=310
                           ->  Hash  (cost=1.15..1.15 rows=1 width=4) (actual time=0.019..0.020 rows=1 loops=1)
                                 Buckets: 1024  Batches: 1  Memory Usage: 9kB
                                 Buffers: shared hit=1
                                 ->  Seq Scan on role_type rt  (cost=0.00..1.15 rows=1 width=4) (actual time=0.011..0.013 rows=1 loops=1)
                                       Filter: ((role)::text = 'composer'::text)
                                       Rows Removed by Filter: 11
                                       Buffers: shared hit=1
                     ->  Index Scan using name_pkey on name n  (cost=0.43..2.32 rows=1 width=4) (actual time=0.039..0.040 rows=1 loops=1)
                           Index Cond: (id = ci.person_id)
                           Filter: ((gender)::text = 'm'::text)
                           Buffers: shared hit=3 read=1
 Planning:
   Buffers: shared hit=486 read=88
 Planning Time: 14.566 ms
 Execution Time: 725.484 ms
(75 rows)

