                                                                                                QUERY PLAN                                                                                                
----------------------------------------------------------------------------------------------------------------------------------------------------------------------------------------------------------
 Aggregate  (cost=647888.85..647888.86 rows=1 width=8) (actual time=36583.622..36583.632 rows=1 loops=1)
   Buffers: shared hit=3297925 read=496680, temp read=2166 written=2166
   ->  Nested Loop  (cost=91933.23..647888.54 rows=124 width=0) (actual time=512.806..36562.724 rows=102684 loops=1)
         Buffers: shared hit=3297925 read=496680, temp read=2166 written=2166
         ->  Hash Join  (cost=91932.80..647201.96 rows=296 width=4) (actual time=512.719..30073.985 rows=183388 loops=1)
               Hash Cond: (ci.role_id = rt.id)
               Buffers: shared hit=2591791 read=469262, temp read=2166 written=2166
               ->  Nested Loop  (cost=91931.63..647194.47 rows=1777 width=8) (actual time=512.588..29737.521 rows=1714483 loops=1)
                     Buffers: shared hit=2591790 read=469262, temp read=2166 written=2166
                     ->  Nested Loop  (cost=91931.19..641629.42 rows=124 width=12) (actual time=512.555..11757.513 rows=85429 loops=1)
                           Buffers: shared hit=914821 read=226479, temp read=2166 written=2166
                           ->  Seq Scan on info_type it2  (cost=0.00..2.41 rows=1 width=4) (actual time=0.021..0.031 rows=1 loops=1)
                                 Filter: (id = 4)
                                 Rows Removed by Filter: 112
                                 Buffers: shared hit=1
                           ->  Nested Loop  (cost=91931.19..641625.77 rows=124 width=16) (actual time=512.532..11736.702 rows=85429 loops=1)
                                 Buffers: shared hit=914820 read=226479, temp read=2166 written=2166
                                 ->  Seq Scan on info_type it1  (cost=0.00..2.41 rows=1 width=4) (actual time=0.008..0.020 rows=1 loops=1)
                                       Filter: (id = 8)
                                       Rows Removed by Filter: 112
                                       Buffers: shared hit=1
                                 ->  Nested Loop  (cost=91931.19..641622.12 rows=124 width=20) (actual time=512.521..11714.939 rows=85429 loops=1)
                                       Buffers: shared hit=914819 read=226479, temp read=2166 written=2166
                                       ->  Hash Join  (cost=91930.75..464820.58 rows=4060 width=12) (actual time=512.436..1487.562 rows=97739 loops=1)
                                             Hash Cond: (mi1.movie_id = t.id)
                                             Buffers: shared hit=9350 read=35935, temp read=2166 written=2166
                                             ->  Bitmap Heap Scan on movie_info mi1  (cost=14228.47..386823.77 rows=67717 width=8) (actual time=38.738..498.475 rows=742306 loops=1)
                                                   Recheck Cond: (info_type_id = 8)
                                                   Filter: ((info)::text = ANY ('{Australia,Belgium,Canada,Egypt,France,"Hong Kong",India,Iran,Poland,USA}'::text[]))
                                                   Rows Removed by Filter: 583055
                                                   Heap Blocks: exact=7853
                                                   Buffers: shared hit=30 read=8863
                                                   ->  Bitmap Index Scan on info_type_id_movie_info  (cost=0.00..14211.52 rows=1329478 width=0) (actual time=37.759..37.760 rows=1325361 loops=1)
                                                         Index Cond: (info_type_id = 8)
                                                         Buffers: shared hit=1 read=1039
                                             ->  Hash  (cost=75807.58..75807.58 rows=151576 width=4) (actual time=472.413..472.417 rows=335746 loops=1)
                                                   Buckets: 262144 (originally 262144)  Batches: 2 (originally 1)  Memory Usage: 7957kB
                                                   Buffers: shared hit=9320 read=27072, temp written=491
                                                   ->  Hash Join  (cost=1.13..75807.58 rows=151576 width=4) (actual time=0.043..412.739 rows=335746 loops=1)
                                                         Hash Cond: (t.kind_id = kt.id)
                                                         Buffers: shared hit=9320 read=27072
                                                         ->  Seq Scan on title t  (cost=0.00..74315.95 rows=353677 width=8) (actual time=0.024..370.860 rows=347589 loops=1)
                                                               Filter: ((production_year <= 1975) AND (1925 < production_year))
                                                               Rows Removed by Filter: 2180723
                                                               Buffers: shared hit=9319 read=27072
                                                         ->  Hash  (cost=1.10..1.10 rows=3 width=4) (actual time=0.014..0.015 rows=3 loops=1)
                                                               Buckets: 1024  Batches: 1  Memory Usage: 9kB
                                                               Buffers: shared hit=1
                                                               ->  Seq Scan on kind_type kt  (cost=0.00..1.10 rows=3 width=4) (actual time=0.007..0.008 rows=3 loops=1)
                                                                     Filter: ((kind)::text = ANY ('{episode,movie,"tv movie"}'::text[]))
                                                                     Rows Removed by Filter: 4
                                                                     Buffers: shared hit=1
                                       ->  Index Scan using movie_id_movie_info on movie_info mi2  (cost=0.43..43.54 rows=1 width=8) (actual time=0.047..0.104 rows=1 loops=97739)
                                             Index Cond: (movie_id = t.id)
                                             Filter: ((info_type_id = 4) AND ((info)::text = ANY ('{Arabic,Bengali,Dutch,English,French,Italian,Mandarin,Persian,Polish,Spanish,Tamil,Telugu}'::text[])))
                                             Rows Removed by Filter: 13
                                             Buffers: shared hit=905469 read=190544
                     ->  Index Scan using movie_id_cast_info on cast_info ci  (cost=0.44..44.50 rows=38 width=12) (actual time=0.035..0.205 rows=20 loops=85429)
                           Index Cond: (movie_id = t.id)
                           Buffers: shared hit=1676969 read=242783
               ->  Hash  (cost=1.15..1.15 rows=2 width=4) (actual time=0.033..0.034 rows=2 loops=1)
                     Buckets: 1024  Batches: 1  Memory Usage: 9kB
                     Buffers: shared hit=1
                     ->  Seq Scan on role_type rt  (cost=0.00..1.15 rows=2 width=4) (actual time=0.025..0.028 rows=2 loops=1)
                           Filter: ((role)::text = ANY ('{director,producer}'::text[]))
                           Rows Removed by Filter: 10
                           Buffers: shared hit=1
         ->  Index Scan using name_pkey on name n  (cost=0.43..2.32 rows=1 width=4) (actual time=0.035..0.035 rows=1 loops=183388)
               Index Cond: (id = ci.person_id)
               Filter: ((gender)::text = 'm'::text)
               Rows Removed by Filter: 0
               Buffers: shared hit=706134 read=27418
 Planning:
   Buffers: shared hit=576 read=1
 Planning Time: 14.473 ms
 Execution Time: 36584.264 ms
(76 rows)

