                                                                                               QUERY PLAN                                                                                               
--------------------------------------------------------------------------------------------------------------------------------------------------------------------------------------------------------
 Aggregate  (cost=501772.88..501772.89 rows=1 width=8) (actual time=5455.975..5455.984 rows=1 loops=1)
   Buffers: shared hit=518960 read=44391
   ->  Nested Loop  (cost=14218.90..501772.83 rows=21 width=0) (actual time=113.972..5455.943 rows=73 loops=1)
         Buffers: shared hit=518960 read=44391
         ->  Hash Join  (cost=14218.47..501656.86 rows=50 width=4) (actual time=87.014..5449.192 rows=199 loops=1)
               Hash Cond: (ci.role_id = rt.id)
               Buffers: shared hit=518310 read=44245
               ->  Nested Loop  (cost=14217.29..501654.61 rows=301 width=8) (actual time=40.521..5448.623 rows=2691 loops=1)
                     Buffers: shared hit=518309 read=44245
                     ->  Nested Loop  (cost=14216.85..500712.14 rows=21 width=12) (actual time=40.478..5409.153 rows=262 loops=1)
                           Buffers: shared hit=516418 read=42735
                           ->  Seq Scan on info_type it2  (cost=0.00..2.41 rows=1 width=4) (actual time=0.020..0.031 rows=1 loops=1)
                                 Filter: (id = 4)
                                 Rows Removed by Filter: 112
                                 Buffers: shared hit=1
                           ->  Nested Loop  (cost=14216.85..500709.52 rows=21 width=16) (actual time=40.457..5409.054 rows=262 loops=1)
                                 Buffers: shared hit=516417 read=42735
                                 ->  Seq Scan on info_type it1  (cost=0.00..2.41 rows=1 width=4) (actual time=0.008..0.021 rows=1 loops=1)
                                       Filter: (id = 8)
                                       Rows Removed by Filter: 112
                                       Buffers: shared hit=1
                                 ->  Nested Loop  (cost=14216.85..500706.90 rows=21 width=20) (actual time=40.446..5408.958 rows=262 loops=1)
                                       Buffers: shared hit=516416 read=42735
                                       ->  Hash Join  (cost=14216.42..466326.57 rows=797 width=12) (actual time=39.577..5341.174 rows=721 loops=1)
                                             Hash Cond: (t.kind_id = kt.id)
                                             Buffers: shared hit=512711 read=39895
                                             ->  Nested Loop  (cost=14215.28..466317.59 rows=1860 width=16) (actual time=39.535..5335.391 rows=23700 loops=1)
                                                   Buffers: shared hit=512710 read=39895
                                                   ->  Bitmap Heap Scan on movie_info mi1  (cost=14214.84..386810.14 rows=13295 width=8) (actual time=37.653..558.397 rows=136993 loops=1)
                                                         Recheck Cond: (info_type_id = 8)
                                                         Filter: ((info)::text = ANY ('{Australia,France,India,Portugal}'::text[]))
                                                         Rows Removed by Filter: 1188368
                                                         Heap Blocks: exact=7853
                                                         Buffers: shared hit=2964 read=5929
                                                         ->  Bitmap Index Scan on info_type_id_movie_info  (cost=0.00..14211.52 rows=1329478 width=0) (actual time=36.666..36.666 rows=1325361 loops=1)
                                                               Index Cond: (info_type_id = 8)
                                                               Buffers: shared read=1040
                                                   ->  Memoize  (cost=0.44..6.07 rows=1 width=8) (actual time=0.034..0.034 rows=0 loops=136993)
                                                         Cache Key: mi1.movie_id
                                                         Cache Mode: logical
                                                         Hits: 1065  Misses: 135928  Evictions: 25861  Overflows: 0  Memory Usage: 8193kB
                                                         Buffers: shared hit=509746 read=33966
                                                         ->  Index Scan using title_pkey on title t  (cost=0.43..6.06 rows=1 width=8) (actual time=0.034..0.034 rows=0 loops=135928)
                                                               Index Cond: (id = mi1.movie_id)
                                                               Filter: ((production_year <= 1975) AND (1925 < production_year))
                                                               Rows Removed by Filter: 1
                                                               Buffers: shared hit=509746 read=33966
                                             ->  Hash  (cost=1.10..1.10 rows=3 width=4) (actual time=0.016..0.017 rows=3 loops=1)
                                                   Buckets: 1024  Batches: 1  Memory Usage: 9kB
                                                   Buffers: shared hit=1
                                                   ->  Seq Scan on kind_type kt  (cost=0.00..1.10 rows=3 width=4) (actual time=0.010..0.012 rows=3 loops=1)
                                                         Filter: ((kind)::text = ANY ('{"tv series","video game","video movie"}'::text[]))
                                                         Rows Removed by Filter: 4
                                                         Buffers: shared hit=1
                                       ->  Index Scan using movie_id_movie_info on movie_info mi2  (cost=0.43..43.13 rows=1 width=8) (actual time=0.081..0.093 rows=0 loops=721)
                                             Index Cond: (movie_id = t.id)
                                             Filter: ((info_type_id = 4) AND ((info)::text = ANY ('{English,Italian,Portuguese,Tamil}'::text[])))
                                             Rows Removed by Filter: 7
                                             Buffers: shared hit=3705 read=2840
                     ->  Index Scan using movie_id_cast_info on cast_info ci  (cost=0.44..44.50 rows=38 width=12) (actual time=0.050..0.148 rows=10 loops=262)
                           Index Cond: (movie_id = t.id)
                           Buffers: shared hit=1891 read=1510
               ->  Hash  (cost=1.15..1.15 rows=2 width=4) (actual time=0.033..0.033 rows=2 loops=1)
                     Buckets: 1024  Batches: 1  Memory Usage: 9kB
                     Buffers: shared hit=1
                     ->  Seq Scan on role_type rt  (cost=0.00..1.15 rows=2 width=4) (actual time=0.024..0.027 rows=2 loops=1)
                           Filter: ((role)::text = ANY ('{cinematographer,producer}'::text[]))
                           Rows Removed by Filter: 10
                           Buffers: shared hit=1
         ->  Index Scan using name_pkey on name n  (cost=0.43..2.32 rows=1 width=4) (actual time=0.033..0.033 rows=0 loops=199)
               Index Cond: (id = ci.person_id)
               Filter: ((gender)::text = 'm'::text)
               Rows Removed by Filter: 1
               Buffers: shared hit=650 read=146
 Planning:
   Buffers: shared hit=481 read=93
 Planning Time: 14.071 ms
 Execution Time: 5458.871 ms
(78 rows)

