                                                                                            QUERY PLAN                                                                                            
--------------------------------------------------------------------------------------------------------------------------------------------------------------------------------------------------
 Aggregate  (cost=597098.03..597098.04 rows=1 width=8) (actual time=23902.252..23902.262 rows=1 loops=1)
   Buffers: shared hit=2065102 read=381722, temp read=755 written=755
   ->  Nested Loop  (cost=93398.14..597097.84 rows=75 width=0) (actual time=598.053..23889.744 rows=65343 loops=1)
         Buffers: shared hit=2065102 read=381722, temp read=755 written=755
         ->  Hash Join  (cost=93397.71..596831.10 rows=115 width=4) (actual time=597.744..18498.394 rows=151642 loops=1)
               Hash Cond: (ci.role_id = rt.id)
               Buffers: shared hit=1507498 read=332758, temp read=755 written=755
               ->  Nested Loop  (cost=93396.53..596827.48 rows=688 width=8) (actual time=597.581..18286.826 rows=1052351 loops=1)
                     Buffers: shared hit=1507497 read=332758, temp read=755 written=755
                     ->  Nested Loop  (cost=93396.09..594697.53 rows=48 width=12) (actual time=597.550..7027.825 rows=50418 loops=1)
                           Buffers: shared hit=526589 read=132142, temp read=755 written=755
                           ->  Seq Scan on info_type it2  (cost=0.00..2.41 rows=1 width=4) (actual time=0.018..0.029 rows=1 loops=1)
                                 Filter: (id = 4)
                                 Rows Removed by Filter: 112
                                 Buffers: shared hit=1
                           ->  Nested Loop  (cost=93396.09..594694.64 rows=48 width=16) (actual time=597.530..7015.621 rows=50418 loops=1)
                                 Buffers: shared hit=526588 read=132142, temp read=755 written=755
                                 ->  Seq Scan on info_type it1  (cost=0.00..2.41 rows=1 width=4) (actual time=0.007..0.020 rows=1 loops=1)
                                       Filter: (id = 8)
                                       Rows Removed by Filter: 112
                                       Buffers: shared hit=1
                                 ->  Nested Loop  (cost=93396.09..594691.75 rows=48 width=20) (actual time=597.519..7002.740 rows=50418 loops=1)
                                       Buffers: shared hit=526587 read=132142, temp read=755 written=755
                                       ->  Hash Join  (cost=93395.66..527138.51 rows=1571 width=12) (actual time=597.410..1236.613 rows=62851 loops=1)
                                             Hash Cond: (mi1.movie_id = t.id)
                                             Buffers: shared hit=31999 read=13286, temp read=755 written=755
                                             ->  Bitmap Heap Scan on movie_info mi1  (cost=14217.89..447039.55 rows=25461 width=8) (actual time=36.231..625.454 rows=276801 loops=1)
                                                   Recheck Cond: (info_type_id = 8)
                                                   Filter: ((info)::text = ANY ('{Finland,India,Italy,Philippines,Poland,Spain,UK,"West Germany"}'::text[]))
                                                   Rows Removed by Filter: 1048560
                                                   Heap Blocks: exact=7853
                                                   Buffers: shared hit=4049 read=4844
                                                   ->  Bitmap Index Scan on info_type_id_movie_info  (cost=0.00..14211.52 rows=1329478 width=0) (actual time=35.270..35.270 rows=1325361 loops=1)
                                                         Index Cond: (info_type_id = 8)
                                                         Buffers: shared hit=1040
                                             ->  Hash  (cost=76617.91..76617.91 rows=155989 width=4) (actual time=455.092..455.095 rows=193386 loops=1)
                                                   Buckets: 262144  Batches: 2  Memory Usage: 5453kB
                                                   Buffers: shared hit=27950 read=8442, temp written=282
                                                   ->  Hash Join  (cost=1.11..76617.91 rows=155989 width=4) (actual time=226.469..425.187 rows=193386 loops=1)
                                                         Hash Cond: (t.kind_id = kt.id)
                                                         Buffers: shared hit=27950 read=8442
                                                         ->  Seq Scan on title t  (cost=0.00..74315.95 rows=545963 width=8) (actual time=0.020..384.198 rows=538239 loops=1)
                                                               Filter: ((production_year <= 1990) AND (1950 < production_year))
                                                               Rows Removed by Filter: 1990073
                                                               Buffers: shared hit=27949 read=8442
                                                         ->  Hash  (cost=1.09..1.09 rows=2 width=4) (actual time=0.013..0.014 rows=2 loops=1)
                                                               Buckets: 1024  Batches: 1  Memory Usage: 9kB
                                                               Buffers: shared hit=1
                                                               ->  Seq Scan on kind_type kt  (cost=0.00..1.09 rows=2 width=4) (actual time=0.006..0.007 rows=2 loops=1)
                                                                     Filter: ((kind)::text = ANY ('{movie,"tv movie"}'::text[]))
                                                                     Rows Removed by Filter: 5
                                                                     Buffers: shared hit=1
                                       ->  Index Scan using movie_id_movie_info on movie_info mi2  (cost=0.43..42.99 rows=1 width=8) (actual time=0.043..0.091 rows=1 loops=62851)
                                             Index Cond: (movie_id = t.id)
                                             Filter: ((info_type_id = 4) AND ((info)::text = ANY ('{English,Filipino,Finnish,German,Hindi,Italian,Polish,Spanish}'::text[])))
                                             Rows Removed by Filter: 11
                                             Buffers: shared hit=494588 read=118856
                     ->  Index Scan using movie_id_cast_info on cast_info ci  (cost=0.44..43.99 rows=38 width=12) (actual time=0.036..0.218 rows=21 loops=50418)
                           Index Cond: (movie_id = t.id)
                           Buffers: shared hit=980908 read=200616
               ->  Hash  (cost=1.15..1.15 rows=2 width=4) (actual time=0.032..0.033 rows=2 loops=1)
                     Buckets: 1024  Batches: 1  Memory Usage: 9kB
                     Buffers: shared hit=1
                     ->  Seq Scan on role_type rt  (cost=0.00..1.15 rows=2 width=4) (actual time=0.024..0.026 rows=2 loops=1)
                           Filter: ((role)::text = ANY ('{"miscellaneous crew",writer}'::text[]))
                           Rows Removed by Filter: 10
                           Buffers: shared hit=1
         ->  Index Scan using name_pkey on name n  (cost=0.43..2.32 rows=1 width=4) (actual time=0.035..0.035 rows=0 loops=151642)
               Index Cond: (id = ci.person_id)
               Filter: ((gender)::text = ANY ('{f,m}'::text[]))
               Rows Removed by Filter: 1
               Buffers: shared hit=557604 read=48964
 Planning:
   Buffers: shared hit=574
 Planning Time: 13.606 ms
 Execution Time: 23902.842 ms
(76 rows)

