                                                                                               QUERY PLAN                                                                                               
--------------------------------------------------------------------------------------------------------------------------------------------------------------------------------------------------------
 Aggregate  (cost=721763.29..721763.30 rows=1 width=8) (actual time=45346.553..45346.560 rows=1 loops=1)
   Buffers: shared hit=4042787 read=523564
   ->  Nested Loop  (cost=14219.47..721763.11 rows=70 width=0) (actual time=38.131..45337.158 rows=35440 loops=1)
         Buffers: shared hit=4042787 read=523564
         ->  Seq Scan on info_type it2  (cost=0.00..2.41 rows=1 width=4) (actual time=0.038..0.047 rows=1 loops=1)
               Filter: (id = 4)
               Rows Removed by Filter: 112
               Buffers: shared hit=1
         ->  Nested Loop  (cost=14219.47..721760.00 rows=70 width=4) (actual time=38.091..45328.795 rows=35440 loops=1)
               Buffers: shared hit=4042786 read=523564
               ->  Seq Scan on info_type it1  (cost=0.00..2.41 rows=1 width=4) (actual time=0.010..0.021 rows=1 loops=1)
                     Filter: (id = 8)
                     Rows Removed by Filter: 112
                     Buffers: shared hit=1
               ->  Nested Loop  (cost=14219.47..721756.89 rows=70 width=8) (actual time=38.078..45319.644 rows=35440 loops=1)
                     Buffers: shared hit=4042785 read=523564
                     ->  Hash Join  (cost=14219.04..721369.53 rows=167 width=12) (actual time=37.157..35008.687 rows=278541 loops=1)
                           Hash Cond: (ci.role_id = rt.id)
                           Buffers: shared hit=2982609 read=469576
                           ->  Nested Loop  (cost=14217.87..721361.24 rows=2007 width=16) (actual time=36.890..34625.960 rows=1606416 loops=1)
                                 Buffers: shared hit=2982608 read=469576
                                 ->  Nested Loop  (cost=14217.43..715243.56 rows=140 width=20) (actual time=36.851..16142.011 rows=77034 loops=1)
                                       Buffers: shared hit=1485751 read=157147
                                       ->  Hash Join  (cost=14217.00..490685.33 rows=5304 width=12) (actual time=36.769..7153.183 rows=101037 loops=1)
                                             Hash Cond: (t.kind_id = kt.id)
                                             Buffers: shared hit=635941 read=48925
                                             ->  Nested Loop  (cost=14215.87..490632.04 rows=12377 width=16) (actual time=36.668..7094.186 rows=126492 loops=1)
                                                   Buffers: shared hit=635940 read=48925
                                                   ->  Bitmap Heap Scan on movie_info mi1  (cost=14215.43..401867.31 rows=15623 width=8) (actual time=36.635..705.751 rows=170218 loops=1)
                                                         Recheck Cond: (info_type_id = 8)
                                                         Filter: ((info)::text = ANY ('{Belgium,India,Switzerland,Thailand,UK}'::text[]))
                                                         Rows Removed by Filter: 1155143
                                                         Heap Blocks: exact=7853
                                                         Buffers: shared hit=47 read=8846
                                                         ->  Bitmap Index Scan on info_type_id_movie_info  (cost=0.00..14211.52 rows=1329478 width=0) (actual time=35.654..35.654 rows=1325361 loops=1)
                                                               Index Cond: (info_type_id = 8)
                                                               Buffers: shared read=1040
                                                   ->  Memoize  (cost=0.44..5.79 rows=1 width=8) (actual time=0.037..0.037 rows=1 loops=170218)
                                                         Cache Key: mi1.movie_id
                                                         Cache Mode: logical
                                                         Hits: 1225  Misses: 168993  Evictions: 79927  Overflows: 0  Memory Usage: 8193kB
                                                         Buffers: shared hit=635893 read=40079
                                                         ->  Index Scan using title_pkey on title t  (cost=0.43..5.78 rows=1 width=8) (actual time=0.036..0.036 rows=1 loops=168993)
                                                               Index Cond: (id = mi1.movie_id)
                                                               Filter: ((production_year <= 2015) AND (1975 < production_year))
                                                               Rows Removed by Filter: 0
                                                               Buffers: shared hit=635893 read=40079
                                             ->  Hash  (cost=1.10..1.10 rows=3 width=4) (actual time=0.026..0.027 rows=3 loops=1)
                                                   Buckets: 1024  Batches: 1  Memory Usage: 9kB
                                                   Buffers: shared hit=1
                                                   ->  Seq Scan on kind_type kt  (cost=0.00..1.10 rows=3 width=4) (actual time=0.012..0.014 rows=3 loops=1)
                                                         Filter: ((kind)::text = ANY ('{episode,movie,"video movie"}'::text[]))
                                                         Rows Removed by Filter: 4
                                                         Buffers: shared hit=1
                                       ->  Index Scan using movie_id_movie_info on movie_info mi2  (cost=0.43..42.33 rows=1 width=8) (actual time=0.058..0.088 rows=1 loops=101037)
                                             Index Cond: (movie_id = t.id)
                                             Filter: ((info_type_id = 4) AND ((info)::text = ANY ('{English,French,Marathi,Thai}'::text[])))
                                             Rows Removed by Filter: 10
                                             Buffers: shared hit=849810 read=108222
                                 ->  Index Scan using movie_id_cast_info on cast_info ci  (cost=0.44..43.32 rows=38 width=12) (actual time=0.038..0.233 rows=21 loops=77034)
                                       Index Cond: (movie_id = t.id)
                                       Buffers: shared hit=1496857 read=312429
                           ->  Hash  (cost=1.15..1.15 rows=1 width=4) (actual time=0.017..0.017 rows=1 loops=1)
                                 Buckets: 1024  Batches: 1  Memory Usage: 9kB
                                 Buffers: shared hit=1
                                 ->  Seq Scan on role_type rt  (cost=0.00..1.15 rows=1 width=4) (actual time=0.010..0.011 rows=1 loops=1)
                                       Filter: ((role)::text = 'miscellaneous crew'::text)
                                       Rows Removed by Filter: 11
                                       Buffers: shared hit=1
                     ->  Index Scan using name_pkey on name n  (cost=0.43..2.32 rows=1 width=4) (actual time=0.036..0.036 rows=0 loops=278541)
                           Index Cond: (id = ci.person_id)
                           Filter: ((gender)::text = 'm'::text)
                           Rows Removed by Filter: 1
                           Buffers: shared hit=1060176 read=53988
 Planning:
   Buffers: shared hit=481 read=93
 Planning Time: 13.975 ms
 Execution Time: 45349.323 ms
(78 rows)

