                                                                                            QUERY PLAN                                                                                            
--------------------------------------------------------------------------------------------------------------------------------------------------------------------------------------------------
 Aggregate  (cost=541028.07..541028.08 rows=1 width=8) (actual time=10699.855..10699.864 rows=1 loops=1)
   Buffers: shared hit=881430 read=171437, temp read=1698 written=1698
   ->  Nested Loop  (cost=93677.98..541028.03 rows=17 width=0) (actual time=543.512..10697.538 rows=9685 loops=1)
         Buffers: shared hit=881430 read=171437, temp read=1698 written=1698
         ->  Seq Scan on info_type it2  (cost=0.00..2.41 rows=1 width=4) (actual time=0.030..0.040 rows=1 loops=1)
               Filter: (id = 4)
               Rows Removed by Filter: 112
               Buffers: shared hit=1
         ->  Nested Loop  (cost=93677.98..541025.45 rows=17 width=4) (actual time=543.480..10695.320 rows=9685 loops=1)
               Buffers: shared hit=881429 read=171437, temp read=1698 written=1698
               ->  Seq Scan on info_type it1  (cost=0.00..2.41 rows=1 width=4) (actual time=0.011..0.023 rows=1 loops=1)
                     Filter: (id = 8)
                     Rows Removed by Filter: 112
                     Buffers: shared hit=1
               ->  Nested Loop  (cost=93677.98..541022.86 rows=17 width=8) (actual time=543.467..10693.019 rows=9685 loops=1)
                     Buffers: shared hit=881428 read=171437, temp read=1698 written=1698
                     ->  Hash Join  (cost=93677.55..540927.76 rows=41 width=12) (actual time=543.437..9831.325 rows=23334 loops=1)
                           Hash Cond: (ci.role_id = rt.id)
                           Buffers: shared hit=794342 read=165187, temp read=1698 written=1698
                           ->  Nested Loop  (cost=93676.38..540924.87 rows=487 width=16) (actual time=543.331..9753.408 rows=409804 loops=1)
                                 Buffers: shared hit=794341 read=165187, temp read=1698 written=1698
                                 ->  Nested Loop  (cost=93675.94..539410.02 rows=34 width=20) (actual time=543.300..4994.140 rows=33053 loops=1)
                                       Buffers: shared hit=356342 read=100646, temp read=1698 written=1698
                                       ->  Hash Join  (cost=93675.51..482304.96 rows=1329 width=12) (actual time=543.224..1103.041 rows=43888 loops=1)
                                             Hash Cond: (mi1.movie_id = t.id)
                                             Buffers: shared hit=5578 read=39707, temp read=1698 written=1698
                                             ->  Bitmap Heap Scan on movie_info mi1  (cost=14215.80..401867.69 rows=17140 width=8) (actual time=36.517..450.326 rows=184420 loops=1)
                                                   Recheck Cond: (info_type_id = 8)
                                                   Filter: ((info)::text = ANY ('{Brazil,Greece,India,"South Korea",UK}'::text[]))
                                                   Rows Removed by Filter: 1140941
                                                   Heap Blocks: exact=7853
                                                   Buffers: shared hit=127 read=8766
                                                   ->  Bitmap Index Scan on info_type_id_movie_info  (cost=0.00..14211.52 rows=1329478 width=0) (actual time=35.547..35.547 rows=1325361 loops=1)
                                                         Index Cond: (info_type_id = 8)
                                                         Buffers: shared read=1040
                                             ->  Hash  (cost=76244.10..76244.10 rows=195968 width=4) (actual time=504.951..504.954 rows=439726 loops=1)
                                                   Buckets: 262144 (originally 262144)  Batches: 4 (originally 2)  Memory Usage: 6145kB
                                                   Buffers: shared hit=5451 read=30941, temp written=966
                                                   ->  Hash Join  (cost=1.13..76244.10 rows=195968 width=4) (actual time=0.037..432.504 rows=439726 loops=1)
                                                         Hash Cond: (t.kind_id = kt.id)
                                                         Buffers: shared hit=5451 read=30941
                                                         ->  Seq Scan on title t  (cost=0.00..74315.95 rows=457258 width=8) (actual time=0.021..377.973 rows=451569 loops=1)
                                                               Filter: ((production_year <= 1975) AND (1875 < production_year))
                                                               Rows Removed by Filter: 2076743
                                                               Buffers: shared hit=5450 read=30941
                                                         ->  Hash  (cost=1.10..1.10 rows=3 width=4) (actual time=0.012..0.013 rows=3 loops=1)
                                                               Buckets: 1024  Batches: 1  Memory Usage: 9kB
                                                               Buffers: shared hit=1
                                                               ->  Seq Scan on kind_type kt  (cost=0.00..1.10 rows=3 width=4) (actual time=0.006..0.007 rows=3 loops=1)
                                                                     Filter: ((kind)::text = ANY ('{episode,movie,"tv movie"}'::text[]))
                                                                     Rows Removed by Filter: 4
                                                                     Buffers: shared hit=1
                                       ->  Index Scan using movie_id_movie_info on movie_info mi2  (cost=0.43..42.96 rows=1 width=8) (actual time=0.045..0.088 rows=1 loops=43888)
                                             Index Cond: (movie_id = t.id)
                                             Filter: ((info_type_id = 4) AND ((info)::text = ANY ('{English,Greek,Hindi,Korean,Portuguese}'::text[])))
                                             Rows Removed by Filter: 9
                                             Buffers: shared hit=350764 read=60939
                                 ->  Index Scan using movie_id_cast_info on cast_info ci  (cost=0.44..44.17 rows=38 width=12) (actual time=0.035..0.140 rows=12 loops=33053)
                                       Index Cond: (movie_id = t.id)
                                       Buffers: shared hit=437999 read=64541
                           ->  Hash  (cost=1.15..1.15 rows=1 width=4) (actual time=0.016..0.016 rows=1 loops=1)
                                 Buckets: 1024  Batches: 1  Memory Usage: 9kB
                                 Buffers: shared hit=1
                                 ->  Seq Scan on role_type rt  (cost=0.00..1.15 rows=1 width=4) (actual time=0.008..0.009 rows=1 loops=1)
                                       Filter: ((role)::text = 'producer'::text)
                                       Rows Removed by Filter: 11
                                       Buffers: shared hit=1
                     ->  Index Scan using name_pkey on name n  (cost=0.43..2.32 rows=1 width=4) (actual time=0.036..0.036 rows=0 loops=23334)
                           Index Cond: (id = ci.person_id)
                           Filter: ((gender)::text = 'm'::text)
                           Rows Removed by Filter: 1
                           Buffers: shared hit=87086 read=6250
 Planning:
   Buffers: shared hit=483 read=91
 Planning Time: 13.199 ms
 Execution Time: 10700.394 ms
(76 rows)

