                                                                                             QUERY PLAN                                                                                             
----------------------------------------------------------------------------------------------------------------------------------------------------------------------------------------------------
 Aggregate  (cost=638310.78..638310.79 rows=1 width=8) (actual time=11221.313..11221.322 rows=1 loops=1)
   Buffers: shared hit=964096 read=174510, temp read=1252 written=1252
   ->  Nested Loop  (cost=90765.30..638310.75 rows=9 width=0) (actual time=664.253..11221.062 rows=418 loops=1)
         Buffers: shared hit=964096 read=174510, temp read=1252 written=1252
         ->  Seq Scan on info_type it2  (cost=0.00..2.41 rows=1 width=4) (actual time=0.036..0.045 rows=1 loops=1)
               Filter: (id = 4)
               Rows Removed by Filter: 112
               Buffers: shared hit=1
         ->  Nested Loop  (cost=90765.30..638308.25 rows=9 width=4) (actual time=664.216..11220.876 rows=418 loops=1)
               Buffers: shared hit=964095 read=174510, temp read=1252 written=1252
               ->  Seq Scan on info_type it1  (cost=0.00..2.41 rows=1 width=4) (actual time=0.016..0.029 rows=1 loops=1)
                     Filter: (id = 8)
                     Rows Removed by Filter: 112
                     Buffers: shared hit=1
               ->  Nested Loop  (cost=90765.30..638305.75 rows=9 width=8) (actual time=664.196..11220.700 rows=418 loops=1)
                     Buffers: shared hit=964094 read=174510, temp read=1252 written=1252
                     ->  Hash Join  (cost=90764.87..638217.61 rows=38 width=12) (actual time=513.837..11065.634 rows=4761 loops=1)
                           Hash Cond: (ci.role_id = rt.id)
                           Buffers: shared hit=946170 read=173390, temp read=1252 written=1252
                           ->  Nested Loop  (cost=90763.71..638214.82 rows=459 width=16) (actual time=512.617..10991.414 rows=452584 loops=1)
                                 Buffers: shared hit=946169 read=173390, temp read=1252 written=1252
                                 ->  Nested Loop  (cost=90763.27..636778.68 rows=32 width=20) (actual time=512.590..6241.617 rows=22333 loops=1)
                                       Buffers: shared hit=514605 read=95779, temp read=1252 written=1252
                                       ->  Hash Join  (cost=90762.81..583297.64 rows=1239 width=12) (actual time=510.955..1364.153 rows=53817 loops=1)
                                             Hash Cond: (mi2.movie_id = t.id)
                                             Buffers: shared hit=5059 read=40745, temp read=1252 written=1252
                                             ->  Bitmap Heap Scan on movie_info mi2  (cost=13060.53..505505.49 rows=20662 width=8) (actual time=38.046..685.995 rows=307932 loops=1)
                                                   Recheck Cond: (info_type_id = 4)
                                                   Filter: ((info)::text = ANY ('{Bengali,Dutch,French,German,Italian,Mandarin,Norwegian,Polish,Portuguese,Romanian,Spanish,Tamil}'::text[]))
                                                   Rows Removed by Filter: 991057
                                                   Heap Blocks: exact=8393
                                                   Buffers: shared hit=3664 read=5748
                                                   ->  Bitmap Index Scan on info_type_id_movie_info  (cost=0.00..13055.37 rows=1221191 width=0) (actual time=34.920..34.920 rows=1298989 loops=1)
                                                         Index Cond: (info_type_id = 4)
                                                         Buffers: shared read=1019
                                             ->  Hash  (cost=75807.58..75807.58 rows=151576 width=4) (actual time=471.747..471.751 rows=335746 loops=1)
                                                   Buckets: 262144 (originally 262144)  Batches: 2 (originally 1)  Memory Usage: 7957kB
                                                   Buffers: shared hit=1395 read=34997, temp written=491
                                                   ->  Hash Join  (cost=1.13..75807.58 rows=151576 width=4) (actual time=0.036..410.642 rows=335746 loops=1)
                                                         Hash Cond: (t.kind_id = kt.id)
                                                         Buffers: shared hit=1395 read=34997
                                                         ->  Seq Scan on title t  (cost=0.00..74315.95 rows=353677 width=8) (actual time=0.019..367.503 rows=347589 loops=1)
                                                               Filter: ((production_year <= 1975) AND (1925 < production_year))
                                                               Rows Removed by Filter: 2180723
                                                               Buffers: shared hit=1394 read=34997
                                                         ->  Hash  (cost=1.10..1.10 rows=3 width=4) (actual time=0.013..0.014 rows=3 loops=1)
                                                               Buckets: 1024  Batches: 1  Memory Usage: 9kB
                                                               Buffers: shared hit=1
                                                               ->  Seq Scan on kind_type kt  (cost=0.00..1.10 rows=3 width=4) (actual time=0.006..0.007 rows=3 loops=1)
                                                                     Filter: ((kind)::text = ANY ('{episode,movie,"tv movie"}'::text[]))
                                                                     Rows Removed by Filter: 4
                                                                     Buffers: shared hit=1
                                       ->  Index Scan using movie_id_movie_info on movie_info mi1  (cost=0.46..43.15 rows=1 width=8) (actual time=0.087..0.090 rows=0 loops=53817)
                                             Index Cond: (movie_id = t.id)
                                             Filter: ((info_type_id = 8) AND ((info)::text = ANY ('{Austria,Belgium,Canada,France,"Hong Kong",India,Norway,Poland,Portugal,Romania,USA}'::text[])))
                                             Rows Removed by Filter: 12
                                             Buffers: shared hit=509546 read=55034
                                 ->  Index Scan using movie_id_cast_info on cast_info ci  (cost=0.44..44.50 rows=38 width=12) (actual time=0.035..0.207 rows=20 loops=22333)
                                       Index Cond: (movie_id = t.id)
                                       Buffers: shared hit=431564 read=77611
                           ->  Hash  (cost=1.15..1.15 rows=1 width=4) (actual time=0.017..0.018 rows=1 loops=1)
                                 Buckets: 1024  Batches: 1  Memory Usage: 9kB
                                 Buffers: shared hit=1
                                 ->  Seq Scan on role_type rt  (cost=0.00..1.15 rows=1 width=4) (actual time=0.010..0.012 rows=1 loops=1)
                                       Filter: ((role)::text = 'costume designer'::text)
                                       Rows Removed by Filter: 11
                                       Buffers: shared hit=1
                     ->  Index Scan using name_pkey on name n  (cost=0.43..2.32 rows=1 width=4) (actual time=0.032..0.032 rows=0 loops=4761)
                           Index Cond: (id = ci.person_id)
                           Filter: ((gender)::text = 'f'::text)
                           Rows Removed by Filter: 1
                           Buffers: shared hit=17924 read=1120
 Planning:
   Buffers: shared hit=504 read=73
 Planning Time: 13.842 ms
 Execution Time: 11221.955 ms
(76 rows)

