                                                                                                 QUERY PLAN                                                                                                  
-------------------------------------------------------------------------------------------------------------------------------------------------------------------------------------------------------------
 Aggregate  (cost=661710.18..661710.19 rows=1 width=8) (actual time=2217.746..2217.751 rows=1 loops=1)
   Buffers: shared hit=120580 read=93146
   ->  Nested Loop  (cost=91934.56..661709.92 rows=104 width=0) (actual time=417.190..2217.568 rows=653 loops=1)
         Buffers: shared hit=120580 read=93146
         ->  Seq Scan on info_type it2  (cost=0.00..2.41 rows=1 width=4) (actual time=0.031..0.035 rows=1 loops=1)
               Filter: (id = 4)
               Rows Removed by Filter: 112
               Buffers: shared hit=1
         ->  Nested Loop  (cost=91934.56..661706.47 rows=104 width=4) (actual time=417.158..2217.417 rows=653 loops=1)
               Buffers: shared hit=120579 read=93146
               ->  Seq Scan on info_type it1  (cost=0.00..2.41 rows=1 width=4) (actual time=0.009..0.015 rows=1 loops=1)
                     Filter: (id = 8)
                     Rows Removed by Filter: 112
                     Buffers: shared hit=1
               ->  Nested Loop  (cost=91934.56..661703.01 rows=104 width=8) (actual time=417.146..2217.263 rows=653 loops=1)
                     Buffers: shared hit=120578 read=93146
                     ->  Hash Join  (cost=91934.13..661334.21 rows=159 width=12) (actual time=409.289..2125.453 rows=2474 loops=1)
                           Hash Cond: (ci.role_id = rt.id)
                           Buffers: shared hit=114074 read=89754
                           ->  Nested Loop  (cost=91932.97..661326.28 rows=1906 width=16) (actual time=409.229..2118.148 rows=57394 loops=1)
                                 Buffers: shared hit=114073 read=89754
                                 ->  Nested Loop  (cost=91932.53..655357.31 rows=133 width=20) (actual time=409.201..1393.087 rows=7655 loops=1)
                                       Buffers: shared hit=64507 read=60976
                                       ->  Hash Join  (cost=91932.09..464845.16 rows=4380 width=12) (actual time=409.103..752.494 rows=7895 loops=1)
                                             Hash Cond: (mi1.movie_id = t.id)
                                             Buffers: shared hit=3670 read=41615
                                             ->  Bitmap Heap Scan on movie_info mi1  (cost=14229.81..386825.11 rows=73059 width=8) (actual time=36.956..283.671 rows=839054 loops=1)
                                                   Recheck Cond: (info_type_id = 8)
                                                   Filter: ((info)::text = ANY ('{Czechoslovakia,Denmark,"East Germany",Finland,France,Japan,Philippines,Sweden,Turkey,UK,USA,Yugoslavia}'::text[]))
                                                   Rows Removed by Filter: 486307
                                                   Heap Blocks: exact=7853
                                                   Buffers: shared hit=3669 read=5224
                                                   ->  Bitmap Index Scan on info_type_id_movie_info  (cost=0.00..14211.52 rows=1329478 width=0) (actual time=35.980..35.980 rows=1325361 loops=1)
                                                         Index Cond: (info_type_id = 8)
                                                         Buffers: shared read=1040
                                             ->  Hash  (cost=75807.58..75807.58 rows=151576 width=4) (actual time=371.098..371.100 rows=11843 loops=1)
                                                   Buckets: 262144  Batches: 1  Memory Usage: 2465kB
                                                   Buffers: shared hit=1 read=36391
                                                   ->  Hash Join  (cost=1.13..75807.58 rows=151576 width=4) (actual time=0.127..368.198 rows=11843 loops=1)
                                                         Hash Cond: (t.kind_id = kt.id)
                                                         Buffers: shared hit=1 read=36391
                                                         ->  Seq Scan on title t  (cost=0.00..74315.95 rows=353677 width=8) (actual time=0.023..347.749 rows=347589 loops=1)
                                                               Filter: ((production_year <= 1975) AND (1925 < production_year))
                                                               Rows Removed by Filter: 2180723
                                                               Buffers: shared read=36391
                                                         ->  Hash  (cost=1.10..1.10 rows=3 width=4) (actual time=0.016..0.016 rows=3 loops=1)
                                                               Buckets: 1024  Batches: 1  Memory Usage: 9kB
                                                               Buffers: shared hit=1
                                                               ->  Seq Scan on kind_type kt  (cost=0.00..1.10 rows=3 width=4) (actual time=0.009..0.010 rows=3 loops=1)
                                                                     Filter: ((kind)::text = ANY ('{"tv series","video game","video movie"}'::text[]))
                                                                     Rows Removed by Filter: 4
                                                                     Buffers: shared hit=1
                                       ->  Index Scan using movie_id_movie_info on movie_info mi2  (cost=0.43..43.49 rows=1 width=8) (actual time=0.056..0.081 rows=1 loops=7895)
                                             Index Cond: (movie_id = t.id)
                                             Filter: ((info_type_id = 4) AND ((info)::text = ANY ('{Czech,Danish,English,Filipino,Finnish,French,German,Japanese,Serbo-Croatian,Swedish,Turkish}'::text[])))
                                             Rows Removed by Filter: 10
                                             Buffers: shared hit=60837 read=19361
                                 ->  Index Scan using movie_id_cast_info on cast_info ci  (cost=0.44..44.50 rows=38 width=12) (actual time=0.030..0.093 rows=7 loops=7655)
                                       Index Cond: (movie_id = t.id)
                                       Buffers: shared hit=49566 read=28778
                           ->  Hash  (cost=1.15..1.15 rows=1 width=4) (actual time=0.017..0.018 rows=1 loops=1)
                                 Buckets: 1024  Batches: 1  Memory Usage: 9kB
                                 Buffers: shared hit=1
                                 ->  Seq Scan on role_type rt  (cost=0.00..1.15 rows=1 width=4) (actual time=0.009..0.010 rows=1 loops=1)
                                       Filter: ((role)::text = 'miscellaneous crew'::text)
                                       Rows Removed by Filter: 11
                                       Buffers: shared hit=1
                     ->  Index Scan using name_pkey on name n  (cost=0.43..2.32 rows=1 width=4) (actual time=0.037..0.037 rows=0 loops=2474)
                           Index Cond: (id = ci.person_id)
                           Filter: ((gender)::text = ANY ('{f,m}'::text[]))
                           Rows Removed by Filter: 1
                           Buffers: shared hit=6504 read=3392
 Planning:
   Buffers: shared hit=501 read=76
 Planning Time: 13.826 ms
 Execution Time: 2218.308 ms
(76 rows)

