                                                                                                      QUERY PLAN                                                                                                      
----------------------------------------------------------------------------------------------------------------------------------------------------------------------------------------------------------------------
 Aggregate  (cost=507736.24..507736.25 rows=1 width=8) (actual time=26141.274..26141.282 rows=1 loops=1)
   Buffers: shared hit=2495109 read=215588
   ->  Nested Loop  (cost=14218.56..507736.23 rows=3 width=0) (actual time=1590.840..26140.304 rows=1784 loops=1)
         Buffers: shared hit=2495109 read=215588
         ->  Seq Scan on info_type it2  (cost=0.00..2.41 rows=1 width=4) (actual time=0.042..0.054 rows=1 loops=1)
               Filter: (id = 4)
               Rows Removed by Filter: 112
               Buffers: shared hit=1
         ->  Nested Loop  (cost=14218.56..507733.79 rows=3 width=4) (actual time=1590.795..26139.607 rows=1784 loops=1)
               Buffers: shared hit=2495108 read=215588
               ->  Seq Scan on info_type it1  (cost=0.00..2.41 rows=1 width=4) (actual time=0.013..0.026 rows=1 loops=1)
                     Filter: (id = 8)
                     Rows Removed by Filter: 112
                     Buffers: shared hit=1
               ->  Nested Loop  (cost=14218.56..507731.35 rows=3 width=8) (actual time=1590.777..26138.891 rows=1784 loops=1)
                     Buffers: shared hit=2495107 read=215588
                     ->  Hash Join  (cost=14218.13..507703.51 rows=12 width=12) (actual time=41.351..22854.414 rows=87702 loops=1)
                           Hash Cond: (ci.role_id = rt.id)
                           Buffers: shared hit=2162458 read=197429
                           ->  Nested Loop  (cost=14216.95..507702.08 rows=72 width=16) (actual time=36.585..22652.619 rows=922606 loops=1)
                                 Buffers: shared hit=2162457 read=197429
                                 ->  Nested Loop  (cost=14216.51..507480.21 rows=5 width=20) (actual time=36.551..12274.972 rows=55769 loops=1)
                                       Buffers: shared hit=1189604 read=96464
                                       ->  Hash Join  (cost=14216.08..460269.84 rows=1094 width=12) (actual time=36.498..6458.059 rows=71265 loops=1)
                                             Hash Cond: (t.kind_id = kt.id)
                                             Buffers: shared hit=616800 read=39514
                                             ->  Nested Loop  (cost=14214.94..460257.95 rows=2553 width=16) (actual time=35.075..6419.521 rows=78813 loops=1)
                                                   Buffers: shared hit=616799 read=39514
                                                   ->  Bitmap Heap Scan on movie_info mi1  (cost=14214.50..386809.80 rows=11824 width=8) (actual time=34.893..455.414 rows=163124 loops=1)
                                                         Recheck Cond: (info_type_id = 8)
                                                         Filter: ((info)::text = ANY ('{Brazil,"East Germany",Finland,"Hong Kong",India,Japan,Philippines,Poland,"Soviet Union","West Germany",Yugoslavia}'::text[]))
                                                         Rows Removed by Filter: 1162237
                                                         Heap Blocks: exact=7853
                                                         Buffers: shared hit=4545 read=4348
                                                         ->  Bitmap Index Scan on info_type_id_movie_info  (cost=0.00..14211.52 rows=1329478 width=0) (actual time=33.879..33.879 rows=1325361 loops=1)
                                                               Index Cond: (info_type_id = 8)
                                                               Buffers: shared hit=1040
                                                   ->  Memoize  (cost=0.44..6.30 rows=1 width=8) (actual time=0.036..0.036 rows=0 loops=163124)
                                                         Cache Key: mi1.movie_id
                                                         Cache Mode: logical
                                                         Hits: 1269  Misses: 161855  Evictions: 68178  Overflows: 0  Memory Usage: 8193kB
                                                         Buffers: shared hit=612254 read=35166
                                                         ->  Index Scan using title_pkey on title t  (cost=0.43..6.29 rows=1 width=8) (actual time=0.035..0.035 rows=0 loops=161855)
                                                               Index Cond: (id = mi1.movie_id)
                                                               Filter: ((production_year <= 1990) AND (1950 < production_year))
                                                               Rows Removed by Filter: 1
                                                               Buffers: shared hit=612254 read=35166
                                             ->  Hash  (cost=1.10..1.10 rows=3 width=4) (actual time=0.018..0.019 rows=3 loops=1)
                                                   Buckets: 1024  Batches: 1  Memory Usage: 9kB
                                                   Buffers: shared hit=1
                                                   ->  Seq Scan on kind_type kt  (cost=0.00..1.10 rows=3 width=4) (actual time=0.009..0.011 rows=3 loops=1)
                                                         Filter: ((kind)::text = ANY ('{episode,movie,"tv movie"}'::text[]))
                                                         Rows Removed by Filter: 4
                                                         Buffers: shared hit=1
                                       ->  Index Scan using movie_id_movie_info on movie_info mi2  (cost=0.43..43.14 rows=1 width=8) (actual time=0.045..0.081 rows=1 loops=71265)
                                             Index Cond: (movie_id = t.id)
                                             Filter: ((info_type_id = 4) AND ((info)::text = ANY ('{Cantonese,Filipino,Finnish,German,Hindi,Japanese,Malayalam,Polish,Portuguese,Russian,Serbo-Croatian}'::text[])))
                                             Rows Removed by Filter: 7
                                             Buffers: shared hit=572804 read=56950
                                 ->  Index Scan using movie_id_cast_info on cast_info ci  (cost=0.44..43.99 rows=38 width=12) (actual time=0.036..0.181 rows=17 loops=55769)
                                       Index Cond: (movie_id = t.id)
                                       Buffers: shared hit=972853 read=100965
                           ->  Hash  (cost=1.15..1.15 rows=2 width=4) (actual time=0.021..0.022 rows=2 loops=1)
                                 Buckets: 1024  Batches: 1  Memory Usage: 9kB
                                 Buffers: shared hit=1
                                 ->  Seq Scan on role_type rt  (cost=0.00..1.15 rows=2 width=4) (actual time=0.013..0.015 rows=2 loops=1)
                                       Filter: ((role)::text = ANY ('{composer,director}'::text[]))
                                       Rows Removed by Filter: 10
                                       Buffers: shared hit=1
                     ->  Index Scan using name_pkey on name n  (cost=0.43..2.32 rows=1 width=4) (actual time=0.037..0.037 rows=0 loops=87702)
                           Index Cond: (id = ci.person_id)
                           Filter: ((gender)::text = 'f'::text)
                           Rows Removed by Filter: 1
                           Buffers: shared hit=332649 read=18159
 Planning:
   Buffers: shared hit=577
 Planning Time: 12.243 ms
 Execution Time: 26143.924 ms
(78 rows)

