                                                                                               QUERY PLAN                                                                                               
--------------------------------------------------------------------------------------------------------------------------------------------------------------------------------------------------------
 Aggregate  (cost=582409.81..582409.82 rows=1 width=8) (actual time=32359.914..32359.921 rows=1 loops=1)
   Buffers: shared hit=2947497 read=428343
   ->  Nested Loop  (cost=14218.50..582409.75 rows=23 width=0) (actual time=169.675..32359.488 rows=658 loops=1)
         Buffers: shared hit=2947497 read=428343
         ->  Seq Scan on info_type it2  (cost=0.00..2.41 rows=1 width=4) (actual time=0.028..0.037 rows=1 loops=1)
               Filter: (id = 4)
               Rows Removed by Filter: 112
               Buffers: shared hit=1
         ->  Nested Loop  (cost=14218.50..582407.11 rows=23 width=4) (actual time=169.646..32359.185 rows=658 loops=1)
               Buffers: shared hit=2947496 read=428343
               ->  Seq Scan on info_type it1  (cost=0.00..2.41 rows=1 width=4) (actual time=0.007..0.017 rows=1 loops=1)
                     Filter: (id = 8)
                     Rows Removed by Filter: 112
                     Buffers: shared hit=1
               ->  Nested Loop  (cost=14218.50..582404.47 rows=23 width=8) (actual time=169.637..32358.930 rows=658 loops=1)
                     Buffers: shared hit=2947495 read=428343
                     ->  Hash Join  (cost=14218.07..582179.48 rows=97 width=12) (actual time=43.771..31215.207 rows=32858 loops=1)
                           Hash Cond: (ci.role_id = rt.id)
                           Buffers: shared hit=2826858 read=417548
                           ->  Nested Loop  (cost=14216.91..582174.19 rows=1161 width=16) (actual time=35.748..30926.565 rows=1624938 loops=1)
                                 Buffers: shared hit=2826857 read=417548
                                 ->  Nested Loop  (cost=14216.47..578637.75 rows=81 width=20) (actual time=35.717..13545.761 rows=75176 loops=1)
                                       Buffers: shared hit=1265098 read=154190
                                       ->  Hash Join  (cost=14216.04..445383.02 rows=3157 width=12) (actual time=35.636..5622.978 rows=86802 loops=1)
                                             Hash Cond: (t.kind_id = kt.id)
                                             Buffers: shared hit=505897 read=48645
                                             ->  Nested Loop  (cost=14214.92..445335.33 rows=11051 width=16) (actual time=35.551..5572.065 rows=122982 loops=1)
                                                   Buffers: shared hit=505896 read=48645
                                                   ->  Bitmap Heap Scan on movie_info mi1  (cost=14214.48..371753.19 rows=11856 width=8) (actual time=35.517..539.008 rows=137046 loops=1)
                                                         Recheck Cond: (info_type_id = 8)
                                                         Filter: ((info)::text = ANY ('{China,Sweden,UK}'::text[]))
                                                         Rows Removed by Filter: 1188315
                                                         Heap Blocks: exact=7853
                                                         Buffers: shared hit=44 read=8849
                                                         ->  Bitmap Index Scan on info_type_id_movie_info  (cost=0.00..14211.52 rows=1329478 width=0) (actual time=34.519..34.520 rows=1325361 loops=1)
                                                               Index Cond: (info_type_id = 8)
                                                               Buffers: shared read=1040
                                                   ->  Memoize  (cost=0.44..6.29 rows=1 width=8) (actual time=0.036..0.036 rows=1 loops=137046)
                                                         Cache Key: mi1.movie_id
                                                         Cache Mode: logical
                                                         Hits: 634  Misses: 136412  Evictions: 53635  Overflows: 0  Memory Usage: 8193kB
                                                         Buffers: shared hit=505852 read=39796
                                                         ->  Index Scan using title_pkey on title t  (cost=0.43..6.28 rows=1 width=8) (actual time=0.035..0.035 rows=1 loops=136412)
                                                               Index Cond: (id = mi1.movie_id)
                                                               Filter: ((production_year <= 2015) AND (1925 < production_year))
                                                               Rows Removed by Filter: 0
                                                               Buffers: shared hit=505852 read=39796
                                             ->  Hash  (cost=1.09..1.09 rows=2 width=4) (actual time=0.015..0.016 rows=2 loops=1)
                                                   Buckets: 1024  Batches: 1  Memory Usage: 9kB
                                                   Buffers: shared hit=1
                                                   ->  Seq Scan on kind_type kt  (cost=0.00..1.09 rows=2 width=4) (actual time=0.006..0.008 rows=2 loops=1)
                                                         Filter: ((kind)::text = ANY ('{episode,movie}'::text[]))
                                                         Rows Removed by Filter: 5
                                                         Buffers: shared hit=1
                                       ->  Index Scan using movie_id_movie_info on movie_info mi2  (cost=0.43..42.20 rows=1 width=8) (actual time=0.054..0.091 rows=1 loops=86802)
                                             Index Cond: (movie_id = t.id)
                                             Filter: (((info)::text = ANY ('{English,Italian}'::text[])) AND (info_type_id = 4))
                                             Rows Removed by Filter: 11
                                             Buffers: shared hit=759201 read=105545
                                 ->  Index Scan using movie_id_cast_info on cast_info ci  (cost=0.44..43.28 rows=38 width=12) (actual time=0.035..0.225 rows=22 loops=75176)
                                       Index Cond: (movie_id = t.id)
                                       Buffers: shared hit=1561759 read=263358
                           ->  Hash  (cost=1.15..1.15 rows=1 width=4) (actual time=0.012..0.013 rows=1 loops=1)
                                 Buckets: 1024  Batches: 1  Memory Usage: 9kB
                                 Buffers: shared hit=1
                                 ->  Seq Scan on role_type rt  (cost=0.00..1.15 rows=1 width=4) (actual time=0.007..0.008 rows=1 loops=1)
                                       Filter: ((role)::text = 'composer'::text)
                                       Rows Removed by Filter: 11
                                       Buffers: shared hit=1
                     ->  Index Scan using name_pkey on name n  (cost=0.43..2.32 rows=1 width=4) (actual time=0.034..0.034 rows=0 loops=32858)
                           Index Cond: (id = ci.person_id)
                           Filter: ((gender)::text = 'f'::text)
                           Rows Removed by Filter: 1
                           Buffers: shared hit=120637 read=10795
 Planning:
   Buffers: shared hit=483 read=91
 Planning Time: 11.538 ms
 Execution Time: 32362.076 ms
(78 rows)

