                                                                                               QUERY PLAN                                                                                               
--------------------------------------------------------------------------------------------------------------------------------------------------------------------------------------------------------
 Aggregate  (cost=573701.30..573701.31 rows=1 width=8) (actual time=14170.020..14170.028 rows=1 loops=1)
   Buffers: shared hit=1343920 read=124769
   ->  Nested Loop  (cost=13062.84..573701.28 rows=7 width=0) (actual time=734.133..14169.899 rows=147 loops=1)
         Buffers: shared hit=1343920 read=124769
         ->  Seq Scan on info_type it2  (cost=0.00..2.41 rows=1 width=4) (actual time=0.037..0.048 rows=1 loops=1)
               Filter: (id = 4)
               Rows Removed by Filter: 112
               Buffers: shared hit=1
         ->  Nested Loop  (cost=13062.84..573698.80 rows=7 width=4) (actual time=734.093..14169.786 rows=147 loops=1)
               Buffers: shared hit=1343919 read=124769
               ->  Seq Scan on info_type it1  (cost=0.00..2.41 rows=1 width=4) (actual time=0.012..0.029 rows=1 loops=1)
                     Filter: (id = 8)
                     Rows Removed by Filter: 112
                     Buffers: shared hit=1
               ->  Nested Loop  (cost=13062.84..573696.32 rows=7 width=8) (actual time=734.077..14169.678 rows=147 loops=1)
                     Buffers: shared hit=1343918 read=124769
                     ->  Hash Join  (cost=13062.41..573624.41 rows=31 width=12) (actual time=73.806..13903.182 rows=7170 loops=1)
                           Hash Cond: (ci.role_id = rt.id)
                           Buffers: shared hit=1319382 read=120625
                           ->  Nested Loop  (cost=13061.25..573621.93 rows=373 width=16) (actual time=73.675..13866.362 rows=191661 loops=1)
                                 Buffers: shared hit=1319381 read=120625
                                 ->  Nested Loop  (cost=13060.81..572463.51 rows=26 width=20) (actual time=73.621..11651.707 rows=8987 loops=1)
                                       Buffers: shared hit=1153791 read=72728
                                       ->  Hash Join  (cost=13060.37..526624.63 rows=1063 width=12) (actual time=49.703..8016.424 rows=38716 loops=1)
                                             Hash Cond: (t.kind_id = kt.id)
                                             Buffers: shared hit=799665 read=31864
                                             ->  Nested Loop  (cost=13059.24..526613.04 rows=2481 width=16) (actual time=39.550..7996.394 rows=41400 loops=1)
                                                   Buffers: shared hit=799664 read=31864
                                                   ->  Bitmap Heap Scan on movie_info mi2  (cost=13058.80..445387.04 rows=13720 width=8) (actual time=39.435..781.077 rows=208843 loops=1)
                                                         Recheck Cond: (info_type_id = 4)
                                                         Filter: ((info)::text = ANY ('{Dutch,French,Hungarian,Malayalam,Mandarin,Portuguese,Spanish,Telugu}'::text[]))
                                                         Rows Removed by Filter: 1090146
                                                         Heap Blocks: exact=8393
                                                         Buffers: shared hit=2502 read=6910
                                                         ->  Bitmap Index Scan on info_type_id_movie_info  (cost=0.00..13055.37 rows=1221191 width=0) (actual time=36.846..36.846 rows=1298989 loops=1)
                                                               Index Cond: (info_type_id = 4)
                                                               Buffers: shared hit=1 read=1018
                                                   ->  Memoize  (cost=0.44..6.02 rows=1 width=8) (actual time=0.034..0.034 rows=0 loops=208843)
                                                         Cache Key: mi2.movie_id
                                                         Cache Mode: logical
                                                         Hits: 3314  Misses: 205529  Evictions: 93603  Overflows: 0  Memory Usage: 8193kB
                                                         Buffers: shared hit=797162 read=24954
                                                         ->  Index Scan using title_pkey on title t  (cost=0.43..6.01 rows=1 width=8) (actual time=0.034..0.034 rows=0 loops=205529)
                                                               Index Cond: (id = mi2.movie_id)
                                                               Filter: ((production_year <= 1975) AND (1875 < production_year))
                                                               Rows Removed by Filter: 1
                                                               Buffers: shared hit=797162 read=24954
                                             ->  Hash  (cost=1.10..1.10 rows=3 width=4) (actual time=0.017..0.018 rows=3 loops=1)
                                                   Buckets: 1024  Batches: 1  Memory Usage: 9kB
                                                   Buffers: shared hit=1
                                                   ->  Seq Scan on kind_type kt  (cost=0.00..1.10 rows=3 width=4) (actual time=0.009..0.011 rows=3 loops=1)
                                                         Filter: ((kind)::text = ANY ('{episode,movie,"tv movie"}'::text[]))
                                                         Rows Removed by Filter: 4
                                                         Buffers: shared hit=1
                                       ->  Index Scan using movie_id_movie_info on movie_info mi1  (cost=0.43..43.11 rows=1 width=8) (actual time=0.092..0.093 rows=0 loops=38716)
                                             Index Cond: (movie_id = t.id)
                                             Filter: ((info_type_id = 8) AND ((info)::text = ANY ('{Canada,Hungary,India,Italy,Netherlands,Portugal,Taiwan,USA}'::text[])))
                                             Rows Removed by Filter: 11
                                             Buffers: shared hit=354126 read=40864
                                 ->  Index Scan using movie_id_cast_info on cast_info ci  (cost=0.44..44.17 rows=38 width=12) (actual time=0.039..0.240 rows=21 loops=8987)
                                       Index Cond: (movie_id = t.id)
                                       Buffers: shared hit=165590 read=47897
                           ->  Hash  (cost=1.15..1.15 rows=1 width=4) (actual time=0.019..0.020 rows=1 loops=1)
                                 Buckets: 1024  Batches: 1  Memory Usage: 9kB
                                 Buffers: shared hit=1
                                 ->  Seq Scan on role_type rt  (cost=0.00..1.15 rows=1 width=4) (actual time=0.009..0.011 rows=1 loops=1)
                                       Filter: ((role)::text = 'producer'::text)
                                       Rows Removed by Filter: 11
                                       Buffers: shared hit=1
                     ->  Index Scan using name_pkey on name n  (cost=0.43..2.32 rows=1 width=4) (actual time=0.037..0.037 rows=0 loops=7170)
                           Index Cond: (id = ci.person_id)
                           Filter: ((gender)::text = 'f'::text)
                           Rows Removed by Filter: 1
                           Buffers: shared hit=24536 read=4144
 Planning:
   Buffers: shared hit=574
 Planning Time: 13.853 ms
 Execution Time: 14172.774 ms
(78 rows)

