                                                                                               QUERY PLAN                                                                                               
--------------------------------------------------------------------------------------------------------------------------------------------------------------------------------------------------------
 Aggregate  (cost=406885.52..406885.53 rows=1 width=8) (actual time=6852.638..6852.645 rows=1 loops=1)
   Buffers: shared hit=656822 read=53736
   ->  Nested Loop  (cost=13059.85..406885.51 rows=1 width=0) (actual time=302.550..6852.502 rows=253 loops=1)
         Buffers: shared hit=656822 read=53736
         ->  Hash Join  (cost=13059.42..406883.19 rows=1 width=4) (actual time=226.903..6284.841 rows=16408 loops=1)
               Hash Cond: (ci.role_id = rt.id)
               Buffers: shared hit=596156 read=48770
               ->  Nested Loop  (cost=13058.26..406881.98 rows=14 width=8) (actual time=226.766..6242.357 rows=247465 loops=1)
                     Buffers: shared hit=596155 read=48770
                     ->  Nested Loop  (cost=13057.82..406837.61 rows=1 width=12) (actual time=226.715..3730.342 rows=13756 loops=1)
                           Buffers: shared hit=338956 read=22152
                           ->  Nested Loop  (cost=13057.82..406835.19 rows=1 width=16) (actual time=226.708..3442.846 rows=13756 loops=1)
                                 Buffers: shared hit=325200 read=22152
                                 ->  Nested Loop  (cost=13057.82..406832.76 rows=1 width=20) (actual time=226.686..3162.320 rows=13756 loops=1)
                                       Buffers: shared hit=311444 read=22152
                                       ->  Hash Join  (cost=13057.38..399685.97 rows=167 width=12) (actual time=136.111..2012.450 rows=15157 loops=1)
                                             Hash Cond: (t.kind_id = kt.id)
                                             Buffers: shared hit=191190 read=10323
                                             ->  Nested Loop  (cost=13056.25..399683.20 rows=389 width=16) (actual time=38.282..2005.016 rows=16532 loops=1)
                                                   Buffers: shared hit=191189 read=10323
                                                   ->  Bitmap Heap Scan on movie_info mi2  (cost=13055.82..385267.34 rows=1803 width=8) (actual time=38.225..493.808 rows=48025 loops=1)
                                                         Recheck Cond: (info_type_id = 4)
                                                         Filter: ((info)::text = ANY ('{Cantonese,Hindi,Portuguese,Turkish}'::text[]))
                                                         Rows Removed by Filter: 1250964
                                                         Heap Blocks: exact=8393
                                                         Buffers: shared hit=1168 read=8244
                                                         ->  Bitmap Index Scan on info_type_id_movie_info  (cost=0.00..13055.37 rows=1221191 width=0) (actual time=36.034..36.035 rows=1298989 loops=1)
                                                               Index Cond: (info_type_id = 4)
                                                               Buffers: shared read=1019
                                                   ->  Index Scan using title_pkey on title t  (cost=0.43..8.00 rows=1 width=8) (actual time=0.031..0.031 rows=0 loops=48025)
                                                         Index Cond: (id = mi2.movie_id)
                                                         Filter: ((production_year <= 1990) AND (1950 < production_year))
                                                         Rows Removed by Filter: 1
                                                         Buffers: shared hit=190021 read=2079
                                             ->  Hash  (cost=1.10..1.10 rows=3 width=4) (actual time=0.019..0.020 rows=3 loops=1)
                                                   Buckets: 1024  Batches: 1  Memory Usage: 9kB
                                                   Buffers: shared hit=1
                                                   ->  Seq Scan on kind_type kt  (cost=0.00..1.10 rows=3 width=4) (actual time=0.010..0.012 rows=3 loops=1)
                                                         Filter: ((kind)::text = ANY ('{episode,movie,"tv movie"}'::text[]))
                                                         Rows Removed by Filter: 4
                                                         Buffers: shared hit=1
                                       ->  Index Scan using movie_id_movie_info on movie_info mi1  (cost=0.43..42.79 rows=1 width=8) (actual time=0.068..0.075 rows=1 loops=15157)
                                             Index Cond: (movie_id = t.id)
                                             Filter: ((info_type_id = 8) AND ((info)::text = ANY ('{Brazil,"Hong Kong",India,Turkey}'::text[])))
                                             Rows Removed by Filter: 7
                                             Buffers: shared hit=120254 read=11829
                                 ->  Seq Scan on info_type it1  (cost=0.00..2.41 rows=1 width=4) (actual time=0.010..0.018 rows=1 loops=13756)
                                       Filter: (id = 8)
                                       Rows Removed by Filter: 112
                                       Buffers: shared hit=13756
                           ->  Seq Scan on info_type it2  (cost=0.00..2.41 rows=1 width=4) (actual time=0.010..0.019 rows=1 loops=13756)
                                 Filter: (id = 4)
                                 Rows Removed by Filter: 112
                                 Buffers: shared hit=13756
                     ->  Index Scan using movie_id_cast_info on cast_info ci  (cost=0.44..43.99 rows=38 width=12) (actual time=0.034..0.178 rows=18 loops=13756)
                           Index Cond: (movie_id = t.id)
                           Buffers: shared hit=257199 read=26618
               ->  Hash  (cost=1.15..1.15 rows=1 width=4) (actual time=0.035..0.035 rows=1 loops=1)
                     Buckets: 1024  Batches: 1  Memory Usage: 9kB
                     Buffers: shared hit=1
                     ->  Seq Scan on role_type rt  (cost=0.00..1.15 rows=1 width=4) (actual time=0.027..0.029 rows=1 loops=1)
                           Filter: ((role)::text = 'writer'::text)
                           Rows Removed by Filter: 11
                           Buffers: shared hit=1
         ->  Index Scan using name_pkey on name n  (cost=0.43..2.32 rows=1 width=4) (actual time=0.034..0.034 rows=0 loops=16408)
               Index Cond: (id = ci.person_id)
               Filter: ((gender)::text = 'f'::text)
               Rows Removed by Filter: 1
               Buffers: shared hit=60666 read=4966
 Planning:
   Buffers: shared hit=520 read=54
 Planning Time: 13.092 ms
 Execution Time: 6853.224 ms
(73 rows)

