                                                                                               QUERY PLAN                                                                                               
--------------------------------------------------------------------------------------------------------------------------------------------------------------------------------------------------------
 Aggregate  (cost=385852.36..385852.37 rows=1 width=8) (actual time=5665.241..5665.251 rows=1 loops=1)
   Buffers: shared hit=501495 read=86527
   ->  Nested Loop  (cost=13059.81..385852.36 rows=1 width=0) (actual time=238.374..5664.940 rows=692 loops=1)
         Buffers: shared hit=501495 read=86527
         ->  Hash Join  (cost=13059.38..385850.04 rows=1 width=4) (actual time=235.896..5222.987 rows=12636 loops=1)
               Hash Cond: (ci.role_id = rt.id)
               Buffers: shared hit=456201 read=81277
               ->  Nested Loop  (cost=13058.22..385848.83 rows=14 width=8) (actual time=235.693..5187.192 rows=227578 loops=1)
                     Buffers: shared hit=456200 read=81277
                     ->  Nested Loop  (cost=13057.78..385805.13 rows=1 width=12) (actual time=235.615..2966.768 rows=9994 loops=1)
                           Buffers: shared hit=239510 read=46709
                           ->  Nested Loop  (cost=13057.78..385802.71 rows=1 width=16) (actual time=235.604..2784.356 rows=9994 loops=1)
                                 Buffers: shared hit=229516 read=46709
                                 ->  Nested Loop  (cost=13057.78..385800.29 rows=1 width=20) (actual time=235.576..2592.734 rows=9994 loops=1)
                                       Buffers: shared hit=219522 read=46709
                                       ->  Hash Join  (cost=13057.35..369159.69 rows=394 width=12) (actual time=235.420..1468.780 rows=12931 loops=1)
                                             Hash Cond: (t.kind_id = kt.id)
                                             Buffers: shared hit=119277 read=21184
                                             ->  Nested Loop  (cost=13056.23..369152.77 rows=1379 width=16) (actual time=37.778..1461.092 rows=24921 loops=1)
                                                   Buffers: shared hit=119276 read=21184
                                                   ->  Bitmap Heap Scan on movie_info mi2  (cost=13055.80..355208.96 rows=1741 width=8) (actual time=37.713..394.306 rows=32762 loops=1)
                                                         Recheck Cond: (info_type_id = 4)
                                                         Filter: ((info)::text = ANY ('{Portuguese,Tagalog}'::text[]))
                                                         Rows Removed by Filter: 1266227
                                                         Heap Blocks: exact=8393
                                                         Buffers: shared hit=2060 read=7352
                                                         ->  Bitmap Index Scan on info_type_id_movie_info  (cost=0.00..13055.37 rows=1221191 width=0) (actual time=35.730..35.731 rows=1298989 loops=1)
                                                               Index Cond: (info_type_id = 4)
                                                               Buffers: shared read=1019
                                                   ->  Index Scan using title_pkey on title t  (cost=0.43..8.01 rows=1 width=8) (actual time=0.032..0.032 rows=1 loops=32762)
                                                         Index Cond: (id = mi2.movie_id)
                                                         Filter: ((production_year <= 2015) AND (1975 < production_year))
                                                         Rows Removed by Filter: 0
                                                         Buffers: shared hit=117216 read=13832
                                             ->  Hash  (cost=1.09..1.09 rows=2 width=4) (actual time=0.024..0.025 rows=2 loops=1)
                                                   Buckets: 1024  Batches: 1  Memory Usage: 9kB
                                                   Buffers: shared hit=1
                                                   ->  Seq Scan on kind_type kt  (cost=0.00..1.09 rows=2 width=4) (actual time=0.012..0.014 rows=2 loops=1)
                                                         Filter: ((kind)::text = ANY ('{movie,"video movie"}'::text[]))
                                                         Rows Removed by Filter: 5
                                                         Buffers: shared hit=1
                                       ->  Index Scan using movie_id_movie_info on movie_info mi1  (cost=0.43..42.23 rows=1 width=8) (actual time=0.080..0.086 rows=1 loops=12931)
                                             Index Cond: (movie_id = t.id)
                                             Filter: (((info)::text = ANY ('{Brazil,Philippines}'::text[])) AND (info_type_id = 8))
                                             Rows Removed by Filter: 10
                                             Buffers: shared hit=100245 read=25525
                                 ->  Seq Scan on info_type it1  (cost=0.00..2.41 rows=1 width=4) (actual time=0.010..0.017 rows=1 loops=9994)
                                       Filter: (id = 8)
                                       Rows Removed by Filter: 112
                                       Buffers: shared hit=9994
                           ->  Seq Scan on info_type it2  (cost=0.00..2.41 rows=1 width=4) (actual time=0.009..0.017 rows=1 loops=9994)
                                 Filter: (id = 4)
                                 Rows Removed by Filter: 112
                                 Buffers: shared hit=9994
                     ->  Index Scan using movie_id_cast_info on cast_info ci  (cost=0.44..43.32 rows=38 width=12) (actual time=0.034..0.217 rows=23 loops=9994)
                           Index Cond: (movie_id = t.id)
                           Buffers: shared hit=216690 read=34568
               ->  Hash  (cost=1.15..1.15 rows=1 width=4) (actual time=0.033..0.034 rows=1 loops=1)
                     Buckets: 1024  Batches: 1  Memory Usage: 9kB
                     Buffers: shared hit=1
                     ->  Seq Scan on role_type rt  (cost=0.00..1.15 rows=1 width=4) (actual time=0.023..0.025 rows=1 loops=1)
                           Filter: ((role)::text = 'writer'::text)
                           Rows Removed by Filter: 11
                           Buffers: shared hit=1
         ->  Index Scan using name_pkey on name n  (cost=0.43..2.32 rows=1 width=4) (actual time=0.035..0.035 rows=0 loops=12636)
               Index Cond: (id = ci.person_id)
               Filter: ((gender)::text = 'f'::text)
               Rows Removed by Filter: 1
               Buffers: shared hit=45294 read=5250
 Planning:
   Buffers: shared hit=519 read=55
 Planning Time: 13.251 ms
 Execution Time: 5665.775 ms
(73 rows)

