                                                                                               QUERY PLAN                                                                                               
--------------------------------------------------------------------------------------------------------------------------------------------------------------------------------------------------------
 Aggregate  (cost=650964.35..650964.36 rows=1 width=8) (actual time=42393.685..42393.693 rows=1 loops=1)
   Buffers: shared hit=3898107 read=517443
   ->  Nested Loop  (cost=14218.53..650964.26 rows=34 width=0) (actual time=99.808..42388.833 rows=15700 loops=1)
         Buffers: shared hit=3898107 read=517443
         ->  Seq Scan on info_type it2  (cost=0.00..2.41 rows=1 width=4) (actual time=0.037..0.045 rows=1 loops=1)
               Filter: (id = 4)
               Rows Removed by Filter: 112
               Buffers: shared hit=1
         ->  Nested Loop  (cost=14218.53..650961.51 rows=34 width=4) (actual time=99.770..42384.977 rows=15700 loops=1)
               Buffers: shared hit=3898106 read=517443
               ->  Seq Scan on info_type it1  (cost=0.00..2.41 rows=1 width=4) (actual time=0.013..0.024 rows=1 loops=1)
                     Filter: (id = 8)
                     Rows Removed by Filter: 112
                     Buffers: shared hit=1
               ->  Nested Loop  (cost=14218.53..650958.76 rows=34 width=8) (actual time=99.753..42380.466 rows=15700 loops=1)
                     Buffers: shared hit=3898105 read=517443
                     ->  Hash Join  (cost=14218.10..650620.11 rows=146 width=12) (actual time=38.344..32642.885 rows=269993 loops=1)
                           Hash Cond: (ci.role_id = rt.id)
                           Buffers: shared hit=2875204 read=460372
                           ->  Nested Loop  (cost=14216.93..650612.73 rows=1749 width=16) (actual time=38.085..32254.296 rows=1683496 loops=1)
                                 Buffers: shared hit=2875203 read=460372
                                 ->  Nested Loop  (cost=14216.49..645286.25 rows=122 width=20) (actual time=38.049..13770.110 rows=81461 loops=1)
                                       Buffers: shared hit=1283085 read=151682
                                       ->  Hash Join  (cost=14216.06..445383.04 rows=4736 width=12) (actual time=37.968..5497.681 rows=90406 loops=1)
                                             Hash Cond: (t.kind_id = kt.id)
                                             Buffers: shared hit=493750 read=43244
                                             ->  Nested Loop  (cost=14214.92..445335.33 rows=11051 width=16) (actual time=37.867..5445.790 rows=118902 loops=1)
                                                   Buffers: shared hit=493749 read=43244
                                                   ->  Bitmap Heap Scan on movie_info mi1  (cost=14214.48..371753.19 rows=11856 width=8) (actual time=37.832..552.090 rows=132637 loops=1)
                                                         Recheck Cond: (info_type_id = 8)
                                                         Filter: ((info)::text = ANY ('{Norway,Switzerland,UK}'::text[]))
                                                         Rows Removed by Filter: 1192724
                                                         Heap Blocks: exact=7853
                                                         Buffers: shared hit=41 read=8852
                                                         ->  Bitmap Index Scan on info_type_id_movie_info  (cost=0.00..14211.52 rows=1329478 width=0) (actual time=36.859..36.860 rows=1325361 loops=1)
                                                               Index Cond: (info_type_id = 8)
                                                               Buffers: shared read=1040
                                                   ->  Memoize  (cost=0.44..6.29 rows=1 width=8) (actual time=0.036..0.036 rows=1 loops=132637)
                                                         Cache Key: mi1.movie_id
                                                         Cache Mode: logical
                                                         Hits: 612  Misses: 132025  Evictions: 49359  Overflows: 0  Memory Usage: 8193kB
                                                         Buffers: shared hit=493708 read=34392
                                                         ->  Index Scan using title_pkey on title t  (cost=0.43..6.28 rows=1 width=8) (actual time=0.035..0.035 rows=1 loops=132025)
                                                               Index Cond: (id = mi1.movie_id)
                                                               Filter: ((production_year <= 2015) AND (1925 < production_year))
                                                               Rows Removed by Filter: 0
                                                               Buffers: shared hit=493708 read=34392
                                             ->  Hash  (cost=1.10..1.10 rows=3 width=4) (actual time=0.023..0.025 rows=3 loops=1)
                                                   Buckets: 1024  Batches: 1  Memory Usage: 9kB
                                                   Buffers: shared hit=1
                                                   ->  Seq Scan on kind_type kt  (cost=0.00..1.10 rows=3 width=4) (actual time=0.009..0.012 rows=3 loops=1)
                                                         Filter: ((kind)::text = ANY ('{episode,movie,"video movie"}'::text[]))
                                                         Rows Removed by Filter: 4
                                                         Buffers: shared hit=1
                                       ->  Index Scan using movie_id_movie_info on movie_info mi2  (cost=0.43..42.20 rows=1 width=8) (actual time=0.052..0.091 rows=1 loops=90406)
                                             Index Cond: (movie_id = t.id)
                                             Filter: (((info)::text = ANY ('{English,Italian}'::text[])) AND (info_type_id = 4))
                                             Rows Removed by Filter: 11
                                             Buffers: shared hit=789335 read=108438
                                 ->  Index Scan using movie_id_cast_info on cast_info ci  (cost=0.44..43.28 rows=38 width=12) (actual time=0.036..0.220 rows=21 loops=81461)
                                       Index Cond: (movie_id = t.id)
                                       Buffers: shared hit=1592118 read=308690
                           ->  Hash  (cost=1.15..1.15 rows=1 width=4) (actual time=0.017..0.018 rows=1 loops=1)
                                 Buckets: 1024  Batches: 1  Memory Usage: 9kB
                                 Buffers: shared hit=1
                                 ->  Seq Scan on role_type rt  (cost=0.00..1.15 rows=1 width=4) (actual time=0.011..0.012 rows=1 loops=1)
                                       Filter: ((role)::text = 'miscellaneous crew'::text)
                                       Rows Removed by Filter: 11
                                       Buffers: shared hit=1
                     ->  Index Scan using name_pkey on name n  (cost=0.43..2.32 rows=1 width=4) (actual time=0.036..0.036 rows=0 loops=269993)
                           Index Cond: (id = ci.person_id)
                           Filter: ((gender)::text = 'f'::text)
                           Rows Removed by Filter: 1
                           Buffers: shared hit=1022901 read=57071
 Planning:
   Buffers: shared hit=529 read=45
 Planning Time: 14.300 ms
 Execution Time: 42395.782 ms
(78 rows)

