                                                                                            QUERY PLAN                                                                                            
--------------------------------------------------------------------------------------------------------------------------------------------------------------------------------------------------
 Aggregate  (cost=539905.72..539905.73 rows=1 width=8) (actual time=7669.066..7669.076 rows=1 loops=1)
   Buffers: shared hit=626814 read=140793, temp read=1880 written=1880
   ->  Nested Loop  (cost=94675.12..539905.56 rows=64 width=0) (actual time=583.161..7667.739 rows=4853 loops=1)
         Buffers: shared hit=626814 read=140793, temp read=1880 written=1880
         ->  Hash Join  (cost=94674.69..539678.24 rows=98 width=4) (actual time=578.637..7296.515 rows=10228 loops=1)
               Hash Cond: (ci.role_id = rt.id)
               Buffers: shared hit=590501 read=136194, temp read=1880 written=1880
               ->  Nested Loop  (cost=94673.52..539674.98 rows=588 width=8) (actual time=578.372..7268.911 rows=142203 loops=1)
                     Buffers: shared hit=590500 read=136194, temp read=1880 written=1880
                     ->  Nested Loop  (cost=94673.08..537855.65 rows=41 width=12) (actual time=578.343..5609.661 rows=8078 loops=1)
                           Buffers: shared hit=471188 read=92823, temp read=1880 written=1880
                           ->  Seq Scan on info_type it2  (cost=0.00..2.41 rows=1 width=4) (actual time=0.023..0.035 rows=1 loops=1)
                                 Filter: (id = 4)
                                 Rows Removed by Filter: 112
                                 Buffers: shared hit=1
                           ->  Nested Loop  (cost=94673.08..537852.82 rows=41 width=16) (actual time=578.318..5607.549 rows=8078 loops=1)
                                 Buffers: shared hit=471187 read=92823, temp read=1880 written=1880
                                 ->  Seq Scan on info_type it1  (cost=0.00..2.41 rows=1 width=4) (actual time=0.009..0.023 rows=1 loops=1)
                                       Filter: (id = 8)
                                       Rows Removed by Filter: 112
                                       Buffers: shared hit=1
                                 ->  Nested Loop  (cost=94673.08..537850.00 rows=41 width=20) (actual time=578.305..5605.456 rows=8078 loops=1)
                                       Buffers: shared hit=471186 read=92823, temp read=1880 written=1880
                                       ->  Hash Join  (cost=94672.64..468401.63 rows=1617 width=12) (actual time=576.982..1002.183 rows=56154 loops=1)
                                             Hash Cond: (mi1.movie_id = t.id)
                                             Buffers: shared hit=4735 read=40550, temp read=1880 written=1880
                                             ->  Bitmap Heap Scan on movie_info mi1  (cost=14215.91..386811.21 rows=17473 width=8) (actual time=37.841..293.448 rows=200454 loops=1)
                                                   Recheck Cond: (info_type_id = 8)
                                                   Filter: ((info)::text = ANY ('{Egypt,France,India,Indonesia,Italy,Japan,Norway,Portugal,"Soviet Union"}'::text[]))
                                                   Rows Removed by Filter: 1124907
                                                   Heap Blocks: exact=7853
                                                   Buffers: shared hit=252 read=8641
                                                   ->  Bitmap Index Scan on info_type_id_movie_info  (cost=0.00..14211.52 rows=1329478 width=0) (actual time=36.865..36.866 rows=1325361 loops=1)
                                                         Index Cond: (info_type_id = 8)
                                                         Buffers: shared read=1040
                                             ->  Hash  (cost=76617.93..76617.93 rows=233984 width=4) (actual time=536.719..536.723 rows=504538 loops=1)
                                                   Buckets: 262144 (originally 262144)  Batches: 4 (originally 2)  Memory Usage: 6483kB
                                                   Buffers: shared hit=4483 read=31909, temp written=1107
                                                   ->  Hash Join  (cost=1.13..76617.93 rows=233984 width=4) (actual time=0.042..454.470 rows=504538 loops=1)
                                                         Hash Cond: (t.kind_id = kt.id)
                                                         Buffers: shared hit=4483 read=31909
                                                         ->  Seq Scan on title t  (cost=0.00..74315.95 rows=545963 width=8) (actual time=0.024..392.704 rows=538239 loops=1)
                                                               Filter: ((production_year <= 1990) AND (1950 < production_year))
                                                               Rows Removed by Filter: 1990073
                                                               Buffers: shared hit=4482 read=31909
                                                         ->  Hash  (cost=1.10..1.10 rows=3 width=4) (actual time=0.014..0.016 rows=3 loops=1)
                                                               Buckets: 1024  Batches: 1  Memory Usage: 9kB
                                                               Buffers: shared hit=1
                                                               ->  Seq Scan on kind_type kt  (cost=0.00..1.10 rows=3 width=4) (actual time=0.007..0.008 rows=3 loops=1)
                                                                     Filter: ((kind)::text = ANY ('{episode,movie,"tv movie"}'::text[]))
                                                                     Rows Removed by Filter: 4
                                                                     Buffers: shared hit=1
                                       ->  Index Scan using movie_id_movie_info on movie_info mi2  (cost=0.43..42.94 rows=1 width=8) (actual time=0.074..0.081 rows=0 loops=56154)
                                             Index Cond: (movie_id = t.id)
                                             Filter: ((info_type_id = 4) AND ((info)::text = ANY ('{Arabic,Bengali,English,Georgian,Indonesian,Norwegian,Portuguese}'::text[])))
                                             Rows Removed by Filter: 10
                                             Buffers: shared hit=466451 read=52273
                     ->  Index Scan using movie_id_cast_info on cast_info ci  (cost=0.44..43.99 rows=38 width=12) (actual time=0.039..0.200 rows=18 loops=8078)
                           Index Cond: (movie_id = t.id)
                           Buffers: shared hit=119312 read=43371
               ->  Hash  (cost=1.15..1.15 rows=2 width=4) (actual time=0.041..0.042 rows=2 loops=1)
                     Buckets: 1024  Batches: 1  Memory Usage: 9kB
                     Buffers: shared hit=1
                     ->  Seq Scan on role_type rt  (cost=0.00..1.15 rows=2 width=4) (actual time=0.030..0.032 rows=2 loops=1)
                           Filter: ((role)::text = ANY ('{director,"production designer"}'::text[]))
                           Rows Removed by Filter: 10
                           Buffers: shared hit=1
         ->  Index Scan using name_pkey on name n  (cost=0.43..2.32 rows=1 width=4) (actual time=0.036..0.036 rows=0 loops=10228)
               Index Cond: (id = ci.person_id)
               Filter: ((gender)::text = ANY ('{f,m}'::text[]))
               Rows Removed by Filter: 1
               Buffers: shared hit=36313 read=4599
 Planning:
   Buffers: shared hit=485 read=92
 Planning Time: 13.998 ms
 Execution Time: 7669.725 ms
(76 rows)

