                                                                                               QUERY PLAN                                                                                               
--------------------------------------------------------------------------------------------------------------------------------------------------------------------------------------------------------
 Aggregate  (cost=524346.42..524346.43 rows=1 width=8) (actual time=16410.540..16410.548 rows=1 loops=1)
   Buffers: shared hit=1529884 read=175331
   ->  Nested Loop  (cost=14218.15..524346.40 rows=7 width=0) (actual time=98.627..16406.858 rows=16332 loops=1)
         Buffers: shared hit=1529884 read=175331
         ->  Hash Join  (cost=14217.72..524323.21 rows=10 width=4) (actual time=52.500..14814.217 rows=42980 loops=1)
               Hash Cond: (ci.role_id = rt.id)
               Buffers: shared hit=1374762 read=158533
               ->  Nested Loop  (cost=14216.54..524321.82 rows=57 width=8) (actual time=42.664..14713.485 rows=529997 loops=1)
                     Buffers: shared hit=1374761 read=158533
                     ->  Nested Loop  (cost=14216.10..524144.33 rows=4 width=12) (actual time=42.623..8839.732 rows=31715 loops=1)
                           Buffers: shared hit=830325 read=88195
                           ->  Seq Scan on info_type it2  (cost=0.00..2.41 rows=1 width=4) (actual time=0.021..0.032 rows=1 loops=1)
                                 Filter: (id = 4)
                                 Rows Removed by Filter: 112
                                 Buffers: shared hit=1
                           ->  Nested Loop  (cost=14216.10..524141.88 rows=4 width=16) (actual time=42.601..8831.745 rows=31715 loops=1)
                                 Buffers: shared hit=830324 read=88195
                                 ->  Seq Scan on info_type it1  (cost=0.00..2.41 rows=1 width=4) (actual time=0.008..0.021 rows=1 loops=1)
                                       Filter: (id = 8)
                                       Rows Removed by Filter: 112
                                       Buffers: shared hit=1
                                 ->  Nested Loop  (cost=14216.10..524139.42 rows=4 width=20) (actual time=42.589..8823.478 rows=31715 loops=1)
                                       Buffers: shared hit=830323 read=88195
                                       ->  Hash Join  (cost=14215.67..483209.12 rows=953 width=12) (actual time=42.556..5190.708 rows=44380 loops=1)
                                             Hash Cond: (t.kind_id = kt.id)
                                             Buffers: shared hit=487631 read=37983
                                             ->  Nested Loop  (cost=14214.53..483198.62 rows=2223 width=16) (actual time=38.243..5167.717 rows=46908 loops=1)
                                                   Buffers: shared hit=487630 read=37983
                                                   ->  Bitmap Heap Scan on movie_info mi1  (cost=14214.09..416922.57 rows=10294 width=8) (actual time=38.071..643.237 rows=130148 loops=1)
                                                         Recheck Cond: (info_type_id = 8)
                                                         Filter: ((info)::text = ANY ('{Argentina,France,"Hong Kong",India,Turkey,Yugoslavia}'::text[]))
                                                         Rows Removed by Filter: 1195213
                                                         Heap Blocks: exact=7853
                                                         Buffers: shared hit=409 read=8484
                                                         ->  Bitmap Index Scan on info_type_id_movie_info  (cost=0.00..14211.52 rows=1329478 width=0) (actual time=37.050..37.050 rows=1325361 loops=1)
                                                               Index Cond: (info_type_id = 8)
                                                               Buffers: shared read=1040
                                                   ->  Memoize  (cost=0.44..6.51 rows=1 width=8) (actual time=0.034..0.034 rows=0 loops=130148)
                                                         Cache Key: mi1.movie_id
                                                         Cache Mode: logical
                                                         Hits: 968  Misses: 129180  Evictions: 28887  Overflows: 0  Memory Usage: 8193kB
                                                         Buffers: shared hit=487221 read=29499
                                                         ->  Index Scan using title_pkey on title t  (cost=0.43..6.50 rows=1 width=8) (actual time=0.033..0.033 rows=0 loops=129180)
                                                               Index Cond: (id = mi1.movie_id)
                                                               Filter: ((production_year <= 1990) AND (1950 < production_year))
                                                               Rows Removed by Filter: 1
                                                               Buffers: shared hit=487221 read=29499
                                             ->  Hash  (cost=1.10..1.10 rows=3 width=4) (actual time=0.024..0.025 rows=3 loops=1)
                                                   Buckets: 1024  Batches: 1  Memory Usage: 9kB
                                                   Buffers: shared hit=1
                                                   ->  Seq Scan on kind_type kt  (cost=0.00..1.10 rows=3 width=4) (actual time=0.013..0.015 rows=3 loops=1)
                                                         Filter: ((kind)::text = ANY ('{episode,movie,"tv movie"}'::text[]))
                                                         Rows Removed by Filter: 4
                                                         Buffers: shared hit=1
                                       ->  Index Scan using movie_id_movie_info on movie_info mi2  (cost=0.43..42.94 rows=1 width=8) (actual time=0.048..0.081 rows=1 loops=44380)
                                             Index Cond: (movie_id = t.id)
                                             Filter: ((info_type_id = 4) AND ((info)::text = ANY ('{Cantonese,French,Hindi,Malayalam,Serbo-Croatian,Spanish,Turkish}'::text[])))
                                             Rows Removed by Filter: 8
                                             Buffers: shared hit=342692 read=50212
                     ->  Index Scan using movie_id_cast_info on cast_info ci  (cost=0.44..43.99 rows=38 width=12) (actual time=0.035..0.180 rows=17 loops=31715)
                           Index Cond: (movie_id = t.id)
                           Buffers: shared hit=544436 read=70338
               ->  Hash  (cost=1.15..1.15 rows=2 width=4) (actual time=0.036..0.037 rows=2 loops=1)
                     Buckets: 1024  Batches: 1  Memory Usage: 9kB
                     Buffers: shared hit=1
                     ->  Seq Scan on role_type rt  (cost=0.00..1.15 rows=2 width=4) (actual time=0.028..0.030 rows=2 loops=1)
                           Filter: ((role)::text = ANY ('{"miscellaneous crew",producer}'::text[]))
                           Rows Removed by Filter: 10
                           Buffers: shared hit=1
         ->  Index Scan using name_pkey on name n  (cost=0.43..2.32 rows=1 width=4) (actual time=0.036..0.036 rows=0 loops=42980)
               Index Cond: (id = ci.person_id)
               Filter: ((gender)::text = ANY ('{f,m}'::text[]))
               Rows Removed by Filter: 1
               Buffers: shared hit=155122 read=16798
 Planning:
   Buffers: shared hit=483 read=91
 Planning Time: 13.548 ms
 Execution Time: 16413.466 ms
(78 rows)

