                                                                                                  QUERY PLAN                                                                                                  
--------------------------------------------------------------------------------------------------------------------------------------------------------------------------------------------------------------
 Aggregate  (cost=858512.29..858512.30 rows=1 width=8) (actual time=44399.638..44399.646 rows=1 loops=1)
   Buffers: shared hit=4030624 read=500339, temp read=8504 written=8471
   ->  Nested Loop  (cost=782665.01..858510.97 rows=528 width=0) (actual time=887.288..44387.331 rows=51862 loops=1)
         Buffers: shared hit=4030624 read=500339, temp read=8504 written=8471
         ->  Seq Scan on info_type it2  (cost=0.00..2.41 rows=1 width=4) (actual time=0.037..0.048 rows=1 loops=1)
               Filter: (id = 4)
               Rows Removed by Filter: 112
               Buffers: shared hit=1
         ->  Nested Loop  (cost=782665.01..858503.28 rows=528 width=4) (actual time=887.249..44376.008 rows=51862 loops=1)
               Buffers: shared hit=4030623 read=500339, temp read=8504 written=8471
               ->  Seq Scan on info_type it1  (cost=0.00..2.41 rows=1 width=4) (actual time=0.009..0.021 rows=1 loops=1)
                     Filter: (id = 8)
                     Rows Removed by Filter: 112
                     Buffers: shared hit=1
               ->  Nested Loop  (cost=782665.01..858495.59 rows=528 width=8) (actual time=887.238..44363.377 rows=51862 loops=1)
                     Buffers: shared hit=4030622 read=500339, temp read=8504 written=8471
                     ->  Hash Join  (cost=782664.58..856616.78 rows=810 width=12) (actual time=886.970..35841.918 rows=231857 loops=1)
                           Hash Cond: (ci.role_id = rt.id)
                           Buffers: shared hit=3172894 read=430639, temp read=8504 written=8471
                           ->  Nested Loop  (cost=782663.42..856581.09 rows=9718 width=16) (actual time=886.860..35519.829 rows=1349247 loops=1)
                                 Buffers: shared hit=3172893 read=430639, temp read=8504 written=8471
                                 ->  Nested Loop  (cost=782662.98..826979.83 rows=678 width=20) (actual time=886.844..20046.466 rows=68453 loops=1)
                                       Buffers: shared hit=2054981 read=43328, temp read=8504 written=8471
                                       ->  Nested Loop  (cost=782662.84..826940.94 rows=1581 width=24) (actual time=886.831..19719.014 rows=482233 loops=1)
                                             Join Filter: (t.id = mi1.movie_id)
                                             Buffers: shared hit=2054969 read=43328, temp read=8504 written=8471
                                             ->  Merge Join  (cost=782662.41..783446.21 rows=12477 width=16) (actual time=886.775..1585.210 rows=519998 loops=1)
                                                   Merge Cond: (mi1.movie_id = mi2.movie_id)
                                                   Buffers: shared hit=17183 read=1122, temp read=8504 written=8471
                                                   ->  Sort  (cost=391457.35..391603.71 rows=58544 width=8) (actual time=392.177..508.284 rows=638250 loops=1)
                                                         Sort Key: mi1.movie_id
                                                         Sort Method: external sort  Disk: 13792kB
                                                         Buffers: shared hit=7772 read=1121, temp read=3442 written=3450
                                                         ->  Bitmap Heap Scan on movie_info mi1  (cost=14226.18..386821.47 rows=58544 width=8) (actual time=36.977..236.542 rows=638250 loops=1)
                                                               Recheck Cond: (info_type_id = 8)
                                                               Filter: ((info)::text = ANY ('{Austria,"Czech Republic",Germany,Peru,Philippines,"South Africa",Sweden,USA,"West Germany"}'::text[]))
                                                               Rows Removed by Filter: 687111
                                                               Heap Blocks: exact=7853
                                                               Buffers: shared hit=7772 read=1121
                                                               ->  Bitmap Index Scan on info_type_id_movie_info  (cost=0.00..14211.52 rows=1329478 width=0) (actual time=36.002..36.002 rows=1325361 loops=1)
                                                                     Index Cond: (info_type_id = 8)
                                                                     Buffers: shared hit=1 read=1039
                                                   ->  Sort  (cost=391205.06..391388.21 rows=73262 width=8) (actual time=494.589..676.051 rows=935450 loops=1)
                                                         Sort Key: mi2.movie_id
                                                         Sort Method: external sort  Disk: 20072kB
                                                         Buffers: shared hit=9411 read=1, temp read=5035 written=5021
                                                         ->  Bitmap Heap Scan on movie_info mi2  (cost=13073.68..385285.20 rows=73262 width=8) (actual time=28.272..271.036 rows=928610 loops=1)
                                                               Recheck Cond: (info_type_id = 4)
                                                               Filter: ((info)::text = ANY ('{Arabic,English,French,Spanish}'::text[]))
                                                               Rows Removed by Filter: 370379
                                                               Heap Blocks: exact=8393
                                                               Buffers: shared hit=9411 read=1
                                                               ->  Bitmap Index Scan on info_type_id_movie_info  (cost=0.00..13055.37 rows=1221191 width=0) (actual time=27.248..27.248 rows=1298989 loops=1)
                                                                     Index Cond: (info_type_id = 4)
                                                                     Buffers: shared hit=1019
                                             ->  Index Scan using title_pkey on title t  (cost=0.43..3.47 rows=1 width=8) (actual time=0.034..0.034 rows=1 loops=519998)
                                                   Index Cond: (id = mi2.movie_id)
                                                   Filter: ((production_year <= 2015) AND (1925 < production_year))
                                                   Rows Removed by Filter: 0
                                                   Buffers: shared hit=2037786 read=42206
                                       ->  Memoize  (cost=0.14..0.16 rows=1 width=4) (actual time=0.000..0.000 rows=0 loops=482233)
                                             Cache Key: t.kind_id
                                             Cache Mode: logical
                                             Hits: 482227  Misses: 6  Evictions: 0  Overflows: 0  Memory Usage: 1kB
                                             Buffers: shared hit=12
                                             ->  Index Scan using kind_type_pkey on kind_type kt  (cost=0.13..0.15 rows=1 width=4) (actual time=0.010..0.010 rows=0 loops=6)
                                                   Index Cond: (id = t.kind_id)
                                                   Filter: ((kind)::text = ANY ('{"tv movie","tv series","video game"}'::text[]))
                                                   Rows Removed by Filter: 0
                                                   Buffers: shared hit=12
                                 ->  Index Scan using movie_id_cast_info on cast_info ci  (cost=0.44..43.28 rows=38 width=12) (actual time=0.037..0.220 rows=20 loops=68453)
                                       Index Cond: (movie_id = t.id)
                                       Buffers: shared hit=1117912 read=387311
                           ->  Hash  (cost=1.15..1.15 rows=1 width=4) (actual time=0.018..0.019 rows=1 loops=1)
                                 Buckets: 1024  Batches: 1  Memory Usage: 9kB
                                 Buffers: shared hit=1
                                 ->  Seq Scan on role_type rt  (cost=0.00..1.15 rows=1 width=4) (actual time=0.011..0.012 rows=1 loops=1)
                                       Filter: ((role)::text = 'miscellaneous crew'::text)
                                       Rows Removed by Filter: 11
                                       Buffers: shared hit=1
                     ->  Index Scan using name_pkey on name n  (cost=0.43..2.32 rows=1 width=4) (actual time=0.036..0.036 rows=0 loops=231857)
                           Index Cond: (id = ci.person_id)
                           Filter: ((gender)::text = ANY ('{f,m}'::text[]))
                           Rows Removed by Filter: 1
                           Buffers: shared hit=857728 read=69700
 Planning:
   Buffers: shared hit=576 read=1
 Planning Time: 12.860 ms
 Execution Time: 44409.840 ms
(89 rows)

