                                                                                               QUERY PLAN                                                                                               
--------------------------------------------------------------------------------------------------------------------------------------------------------------------------------------------------------
 Aggregate  (cost=516793.71..516793.72 rows=1 width=8) (actual time=6673.666..6673.675 rows=1 loops=1)
   Buffers: shared hit=631944 read=52977
   ->  Nested Loop  (cost=14218.78..516793.68 rows=9 width=0) (actual time=73.704..6673.628 rows=53 loops=1)
         Buffers: shared hit=631944 read=52977
         ->  Seq Scan on info_type it2  (cost=0.00..2.41 rows=1 width=4) (actual time=0.049..0.061 rows=1 loops=1)
               Filter: (id = 4)
               Rows Removed by Filter: 112
               Buffers: shared hit=1
         ->  Nested Loop  (cost=14218.78..516791.18 rows=9 width=4) (actual time=73.653..6673.545 rows=53 loops=1)
               Buffers: shared hit=631943 read=52977
               ->  Seq Scan on info_type it1  (cost=0.00..2.41 rows=1 width=4) (actual time=0.009..0.023 rows=1 loops=1)
                     Filter: (id = 8)
                     Rows Removed by Filter: 112
                     Buffers: shared hit=1
               ->  Nested Loop  (cost=14218.78..516788.68 rows=9 width=8) (actual time=73.640..6673.495 rows=53 loops=1)
                     Buffers: shared hit=631942 read=52977
                     ->  Hash Join  (cost=14218.35..516700.54 rows=38 width=12) (actual time=38.259..6600.143 rows=1761 loops=1)
                           Hash Cond: (ci.role_id = rt.id)
                           Buffers: shared hit=626067 read=51808
                           ->  Nested Loop  (cost=14217.19..516697.75 rows=459 width=16) (actual time=38.183..6594.798 rows=33694 loops=1)
                                 Buffers: shared hit=626066 read=51808
                                 ->  Nested Loop  (cost=14216.75..515277.78 rows=32 width=20) (actual time=38.146..6198.606 rows=1993 loops=1)
                                       Buffers: shared hit=599793 read=39469
                                       ->  Hash Join  (cost=14216.32..464304.92 rows=1184 width=12) (actual time=37.870..5962.406 rows=3003 loops=1)
                                             Hash Cond: (t.kind_id = kt.id)
                                             Buffers: shared hit=581501 read=31561
                                             ->  Nested Loop  (cost=14215.18..464292.14 rows=2764 width=16) (actual time=37.811..5949.951 rows=49843 loops=1)
                                                   Buffers: shared hit=581500 read=31561
                                                   ->  Bitmap Heap Scan on movie_info mi1  (cost=14214.74..386810.04 rows=12799 width=8) (actual time=37.653..462.256 rows=155799 loops=1)
                                                         Recheck Cond: (info_type_id = 8)
                                                         Filter: ((info)::text = ANY ('{Bulgaria,Czechoslovakia,Egypt,France,India,Italy,Portugal,Romania,Sweden}'::text[]))
                                                         Rows Removed by Filter: 1169562
                                                         Heap Blocks: exact=7853
                                                         Buffers: shared hit=6 read=8887
                                                         ->  Bitmap Index Scan on info_type_id_movie_info  (cost=0.00..14211.52 rows=1329478 width=0) (actual time=36.666..36.667 rows=1325361 loops=1)
                                                               Index Cond: (info_type_id = 8)
                                                               Buffers: shared read=1040
                                                   ->  Memoize  (cost=0.44..6.14 rows=1 width=8) (actual time=0.035..0.035 rows=0 loops=155799)
                                                         Cache Key: mi1.movie_id
                                                         Cache Mode: logical
                                                         Hits: 4757  Misses: 151042  Evictions: 47359  Overflows: 0  Memory Usage: 8193kB
                                                         Buffers: shared hit=581494 read=22674
                                                         ->  Index Scan using title_pkey on title t  (cost=0.43..6.13 rows=1 width=8) (actual time=0.035..0.035 rows=0 loops=151042)
                                                               Index Cond: (id = mi1.movie_id)
                                                               Filter: ((production_year <= 1990) AND (1950 < production_year))
                                                               Rows Removed by Filter: 1
                                                               Buffers: shared hit=581494 read=22674
                                             ->  Hash  (cost=1.10..1.10 rows=3 width=4) (actual time=0.025..0.027 rows=3 loops=1)
                                                   Buckets: 1024  Batches: 1  Memory Usage: 9kB
                                                   Buffers: shared hit=1
                                                   ->  Seq Scan on kind_type kt  (cost=0.00..1.10 rows=3 width=4) (actual time=0.011..0.013 rows=3 loops=1)
                                                         Filter: ((kind)::text = ANY ('{"tv series","video game","video movie"}'::text[]))
                                                         Rows Removed by Filter: 4
                                                         Buffers: shared hit=1
                                       ->  Index Scan using movie_id_movie_info on movie_info mi2  (cost=0.43..43.04 rows=1 width=8) (actual time=0.065..0.078 rows=1 loops=3003)
                                             Index Cond: (movie_id = t.id)
                                             Filter: ((info_type_id = 4) AND ((info)::text = ANY ('{Arabic,Bulgarian,Czech,English,French,Portuguese,Romanian,Swedish,Telugu}'::text[])))
                                             Rows Removed by Filter: 7
                                             Buffers: shared hit=18292 read=7908
                                 ->  Index Scan using movie_id_cast_info on cast_info ci  (cost=0.44..43.99 rows=38 width=12) (actual time=0.033..0.194 rows=17 loops=1993)
                                       Index Cond: (movie_id = t.id)
                                       Buffers: shared hit=26273 read=12339
                           ->  Hash  (cost=1.15..1.15 rows=1 width=4) (actual time=0.021..0.022 rows=1 loops=1)
                                 Buckets: 1024  Batches: 1  Memory Usage: 9kB
                                 Buffers: shared hit=1
                                 ->  Seq Scan on role_type rt  (cost=0.00..1.15 rows=1 width=4) (actual time=0.014..0.015 rows=1 loops=1)
                                       Filter: ((role)::text = 'director'::text)
                                       Rows Removed by Filter: 11
                                       Buffers: shared hit=1
                     ->  Index Scan using name_pkey on name n  (cost=0.43..2.32 rows=1 width=4) (actual time=0.041..0.041 rows=0 loops=1761)
                           Index Cond: (id = ci.person_id)
                           Filter: ((gender)::text = 'f'::text)
                           Rows Removed by Filter: 1
                           Buffers: shared hit=5875 read=1169
 Planning:
   Buffers: shared hit=487 read=90
 Planning Time: 14.415 ms
 Execution Time: 6677.130 ms
(78 rows)

