                                                                                               QUERY PLAN                                                                                               
--------------------------------------------------------------------------------------------------------------------------------------------------------------------------------------------------------
 Aggregate  (cost=410098.77..410098.78 rows=1 width=8) (actual time=5836.450..5836.458 rows=1 loops=1)
   Buffers: shared hit=550838 read=55371
   ->  Nested Loop  (cost=14216.48..410098.77 rows=1 width=0) (actual time=296.130..5836.382 rows=102 loops=1)
         Buffers: shared hit=550838 read=55371
         ->  Hash Join  (cost=14216.05..410096.45 rows=1 width=4) (actual time=257.497..5496.793 rows=10085 loops=1)
               Hash Cond: (ci.role_id = rt.id)
               Buffers: shared hit=511814 read=54055
               ->  Nested Loop  (cost=14214.89..410095.24 rows=14 width=8) (actual time=257.253..5461.348 rows=209916 loops=1)
                     Buffers: shared hit=511813 read=54055
                     ->  Nested Loop  (cost=14214.45..410050.86 rows=1 width=12) (actual time=255.950..3342.633 rows=13695 loops=1)
                           Buffers: shared hit=288069 read=29172
                           ->  Nested Loop  (cost=14214.45..410048.44 rows=1 width=16) (actual time=255.945..3075.513 rows=13695 loops=1)
                                 Buffers: shared hit=274374 read=29172
                                 ->  Nested Loop  (cost=14214.45..410046.02 rows=1 width=20) (actual time=255.932..2798.722 rows=13695 loops=1)
                                       Buffers: shared hit=260679 read=29172
                                       ->  Hash Join  (cost=14214.01..400129.43 rows=232 width=12) (actual time=255.896..1584.208 rows=14216 loops=1)
                                             Hash Cond: (t.kind_id = kt.id)
                                             Buffers: shared hit=156859 read=2619
                                             ->  Nested Loop  (cost=14212.90..400124.90 rows=811 width=16) (actual time=36.550..1577.626 rows=15120 loops=1)
                                                   Buffers: shared hit=156858 read=2619
                                                   ->  Bitmap Heap Scan on movie_info mi1  (cost=14212.46..371751.16 rows=3756 width=8) (actual time=35.837..384.657 rows=37783 loops=1)
                                                         Recheck Cond: (info_type_id = 8)
                                                         Filter: ((info)::text = ANY ('{Mexico,Philippines,"South Korea"}'::text[]))
                                                         Rows Removed by Filter: 1287578
                                                         Heap Blocks: exact=7853
                                                         Buffers: shared hit=8893
                                                         ->  Bitmap Index Scan on info_type_id_movie_info  (cost=0.00..14211.52 rows=1329478 width=0) (actual time=34.843..34.844 rows=1325361 loops=1)
                                                               Index Cond: (info_type_id = 8)
                                                               Buffers: shared hit=1040
                                                   ->  Memoize  (cost=0.44..7.58 rows=1 width=8) (actual time=0.031..0.031 rows=0 loops=37783)
                                                         Cache Key: mi1.movie_id
                                                         Cache Mode: logical
                                                         Hits: 137  Misses: 37646  Evictions: 0  Overflows: 0  Memory Usage: 3090kB
                                                         Buffers: shared hit=147965 read=2619
                                                         ->  Index Scan using title_pkey on title t  (cost=0.43..7.57 rows=1 width=8) (actual time=0.030..0.030 rows=0 loops=37646)
                                                               Index Cond: (id = mi1.movie_id)
                                                               Filter: ((production_year <= 1990) AND (1950 < production_year))
                                                               Rows Removed by Filter: 1
                                                               Buffers: shared hit=147965 read=2619
                                             ->  Hash  (cost=1.09..1.09 rows=2 width=4) (actual time=0.015..0.016 rows=2 loops=1)
                                                   Buckets: 1024  Batches: 1  Memory Usage: 9kB
                                                   Buffers: shared hit=1
                                                   ->  Seq Scan on kind_type kt  (cost=0.00..1.09 rows=2 width=4) (actual time=0.009..0.011 rows=2 loops=1)
                                                         Filter: ((kind)::text = ANY ('{movie,"tv movie"}'::text[]))
                                                         Rows Removed by Filter: 5
                                                         Buffers: shared hit=1
                                       ->  Index Scan using movie_id_movie_info on movie_info mi2  (cost=0.43..42.73 rows=1 width=8) (actual time=0.037..0.085 rows=1 loops=14216)
                                             Index Cond: (movie_id = t.id)
                                             Filter: ((info_type_id = 4) AND ((info)::text = ANY ('{Korean,Spanish,Tagalog}'::text[])))
                                             Rows Removed by Filter: 7
                                             Buffers: shared hit=103820 read=26553
                                 ->  Seq Scan on info_type it1  (cost=0.00..2.41 rows=1 width=4) (actual time=0.011..0.018 rows=1 loops=13695)
                                       Filter: (id = 8)
                                       Rows Removed by Filter: 112
                                       Buffers: shared hit=13695
                           ->  Seq Scan on info_type it2  (cost=0.00..2.41 rows=1 width=4) (actual time=0.010..0.018 rows=1 loops=13695)
                                 Filter: (id = 4)
                                 Rows Removed by Filter: 112
                                 Buffers: shared hit=13695
                     ->  Index Scan using movie_id_cast_info on cast_info ci  (cost=0.44..43.99 rows=38 width=12) (actual time=0.032..0.151 rows=15 loops=13695)
                           Index Cond: (movie_id = t.id)
                           Buffers: shared hit=223744 read=24883
               ->  Hash  (cost=1.15..1.15 rows=1 width=4) (actual time=0.034..0.035 rows=1 loops=1)
                     Buckets: 1024  Batches: 1  Memory Usage: 9kB
                     Buffers: shared hit=1
                     ->  Seq Scan on role_type rt  (cost=0.00..1.15 rows=1 width=4) (actual time=0.024..0.026 rows=1 loops=1)
                           Filter: ((role)::text = 'cinematographer'::text)
                           Rows Removed by Filter: 11
                           Buffers: shared hit=1
         ->  Index Scan using name_pkey on name n  (cost=0.43..2.32 rows=1 width=4) (actual time=0.033..0.033 rows=0 loops=10085)
               Index Cond: (id = ci.person_id)
               Filter: ((gender)::text = 'f'::text)
               Rows Removed by Filter: 1
               Buffers: shared hit=39024 read=1316
 Planning:
   Buffers: shared hit=574
 Planning Time: 13.881 ms
 Execution Time: 5837.756 ms
(78 rows)

