                                                                                               QUERY PLAN                                                                                               
--------------------------------------------------------------------------------------------------------------------------------------------------------------------------------------------------------
 Aggregate  (cost=520935.66..520935.67 rows=1 width=8) (actual time=20359.616..20359.625 rows=1 loops=1)
   Buffers: shared hit=1953522 read=177870
   ->  Nested Loop  (cost=14219.21..520935.58 rows=33 width=0) (actual time=61.416..20332.969 rows=166087 loops=1)
         Buffers: shared hit=1953522 read=177870
         ->  Hash Join  (cost=14218.78..520752.34 rows=79 width=4) (actual time=61.377..14076.295 rows=175484 loops=1)
               Hash Cond: (ci.role_id = rt.id)
               Buffers: shared hit=1277111 read=152345
               ->  Nested Loop  (cost=14217.61..520749.49 rows=473 width=8) (actual time=61.324..13962.205 rows=380850 loops=1)
                     Buffers: shared hit=1277110 read=152345
                     ->  Nested Loop  (cost=14217.17..519279.19 rows=33 width=12) (actual time=61.283..9435.073 rows=26254 loops=1)
                           Buffers: shared hit=884471 read=91872
                           ->  Seq Scan on info_type it2  (cost=0.00..2.41 rows=1 width=4) (actual time=0.029..0.040 rows=1 loops=1)
                                 Filter: (id = 4)
                                 Rows Removed by Filter: 112
                                 Buffers: shared hit=1
                           ->  Nested Loop  (cost=14217.17..519276.45 rows=33 width=16) (actual time=61.252..9428.262 rows=26254 loops=1)
                                 Buffers: shared hit=884470 read=91872
                                 ->  Seq Scan on info_type it1  (cost=0.00..2.41 rows=1 width=4) (actual time=0.011..0.024 rows=1 loops=1)
                                       Filter: (id = 8)
                                       Rows Removed by Filter: 112
                                       Buffers: shared hit=1
                                 ->  Nested Loop  (cost=14217.17..519273.71 rows=33 width=20) (actual time=61.238..9421.034 rows=26254 loops=1)
                                       Buffers: shared hit=884469 read=91872
                                       ->  Hash Join  (cost=14216.73..470976.86 rows=1120 width=12) (actual time=61.174..6447.786 rows=33989 loops=1)
                                             Hash Cond: (t.kind_id = kt.id)
                                             Buffers: shared hit=621524 read=46382
                                             ->  Nested Loop  (cost=14215.60..470964.71 rows=2613 width=16) (actual time=37.951..6429.069 rows=35681 loops=1)
                                                   Buffers: shared hit=621523 read=46382
                                                   ->  Bitmap Heap Scan on movie_info mi1  (cost=14215.16..386810.45 rows=14450 width=8) (actual time=37.328..475.418 rows=166132 loops=1)
                                                         Recheck Cond: (info_type_id = 8)
                                                         Filter: ((info)::text = ANY ('{Argentina,Austria,Canada,Denmark,"East Germany",Philippines,"South Korea",Spain,Turkey,Yugoslavia}'::text[]))
                                                         Rows Removed by Filter: 1159229
                                                         Heap Blocks: exact=7853
                                                         Buffers: shared hit=821 read=8072
                                                         ->  Bitmap Index Scan on info_type_id_movie_info  (cost=0.00..14211.52 rows=1329478 width=0) (actual time=36.349..36.349 rows=1325361 loops=1)
                                                               Index Cond: (info_type_id = 8)
                                                               Buffers: shared read=1040
                                                   ->  Memoize  (cost=0.44..5.92 rows=1 width=8) (actual time=0.035..0.035 rows=0 loops=166132)
                                                         Cache Key: mi1.movie_id
                                                         Cache Mode: logical
                                                         Hits: 1379  Misses: 164753  Evictions: 59802  Overflows: 0  Memory Usage: 8193kB
                                                         Buffers: shared hit=620702 read=38310
                                                         ->  Index Scan using title_pkey on title t  (cost=0.43..5.91 rows=1 width=8) (actual time=0.035..0.035 rows=0 loops=164753)
                                                               Index Cond: (id = mi1.movie_id)
                                                               Filter: ((production_year <= 1975) AND (1875 < production_year))
                                                               Rows Removed by Filter: 1
                                                               Buffers: shared hit=620702 read=38310
                                             ->  Hash  (cost=1.10..1.10 rows=3 width=4) (actual time=0.016..0.016 rows=3 loops=1)
                                                   Buckets: 1024  Batches: 1  Memory Usage: 9kB
                                                   Buffers: shared hit=1
                                                   ->  Seq Scan on kind_type kt  (cost=0.00..1.10 rows=3 width=4) (actual time=0.008..0.010 rows=3 loops=1)
                                                         Filter: ((kind)::text = ANY ('{episode,movie,"tv movie"}'::text[]))
                                                         Rows Removed by Filter: 4
                                                         Buffers: shared hit=1
                                       ->  Index Scan using movie_id_movie_info on movie_info mi2  (cost=0.43..43.11 rows=1 width=8) (actual time=0.048..0.087 rows=1 loops=33989)
                                             Index Cond: (movie_id = t.id)
                                             Filter: ((info_type_id = 4) AND ((info)::text = ANY ('{Danish,English,German,Korean,Serbo-Croatian,Spanish,Tagalog,Turkish}'::text[])))
                                             Rows Removed by Filter: 7
                                             Buffers: shared hit=262945 read=45490
                     ->  Index Scan using movie_id_cast_info on cast_info ci  (cost=0.44..44.17 rows=38 width=12) (actual time=0.037..0.168 rows=15 loops=26254)
                           Index Cond: (movie_id = t.id)
                           Buffers: shared hit=392639 read=60473
               ->  Hash  (cost=1.15..1.15 rows=2 width=4) (actual time=0.031..0.033 rows=2 loops=1)
                     Buckets: 1024  Batches: 1  Memory Usage: 9kB
                     Buffers: shared hit=1
                     ->  Seq Scan on role_type rt  (cost=0.00..1.15 rows=2 width=4) (actual time=0.023..0.026 rows=2 loops=1)
                           Filter: ((role)::text = ANY ('{actor,producer}'::text[]))
                           Rows Removed by Filter: 10
                           Buffers: shared hit=1
         ->  Index Scan using name_pkey on name n  (cost=0.43..2.32 rows=1 width=4) (actual time=0.035..0.035 rows=1 loops=175484)
               Index Cond: (id = ci.person_id)
               Filter: ((gender)::text = 'm'::text)
               Rows Removed by Filter: 0
               Buffers: shared hit=676411 read=25525
 Planning:
   Buffers: shared hit=484 read=93
 Planning Time: 14.035 ms
 Execution Time: 20362.448 ms
(78 rows)

