                                                                                                  QUERY PLAN                                                                                                  
--------------------------------------------------------------------------------------------------------------------------------------------------------------------------------------------------------------
 Aggregate  (cost=942823.71..942823.72 rows=1 width=8) (actual time=194273.163..194273.170 rows=1 loops=1)
   Buffers: shared hit=17967598 read=2208714, temp read=8995 written=8971
   ->  Nested Loop  (cost=858462.66..942823.18 rows=211 width=0) (actual time=1016.644..194236.487 rows=132960 loops=1)
         Buffers: shared hit=17967598 read=2208714, temp read=8995 written=8971
         ->  Seq Scan on info_type it2  (cost=0.00..2.41 rows=1 width=4) (actual time=0.046..0.057 rows=1 loops=1)
               Filter: (id = 4)
               Rows Removed by Filter: 112
               Buffers: shared hit=1
         ->  Nested Loop  (cost=858462.66..942818.66 rows=211 width=4) (actual time=1016.596..194201.545 rows=132960 loops=1)
               Buffers: shared hit=17967597 read=2208714, temp read=8995 written=8971
               ->  Seq Scan on info_type it1  (cost=0.00..2.41 rows=1 width=4) (actual time=0.013..0.026 rows=1 loops=1)
                     Filter: (id = 8)
                     Rows Removed by Filter: 112
                     Buffers: shared hit=1
               ->  Nested Loop  (cost=858462.66..942814.14 rows=211 width=8) (actual time=1016.582..194166.547 rows=132960 loops=1)
                     Buffers: shared hit=17967596 read=2208714, temp read=8995 written=8971
                     ->  Hash Join  (cost=858462.23..940708.01 rows=908 width=12) (actual time=1016.510..137050.240 rows=1564748 loops=1)
                           Hash Cond: (ci.role_id = rt.id)
                           Buffers: shared hit=12044651 read=1872667, temp read=8995 written=8971
                           ->  Nested Loop  (cost=858461.06..940668.15 rows=10894 width=16) (actual time=1016.236..134739.291 rows=10427427 loops=1)
                                 Buffers: shared hit=12044650 read=1872667, temp read=8995 written=8971
                                 ->  Nested Loop  (cost=858460.62..907486.80 rows=760 width=20) (actual time=1016.211..22796.267 rows=472017 loops=1)
                                       Buffers: shared hit=2310170 read=55471, temp read=8995 written=8971
                                       ->  Nested Loop  (cost=858460.48..907443.34 rows=1772 width=24) (actual time=1016.110..22317.480 rows=548665 loops=1)
                                             Join Filter: (t.id = mi1.movie_id)
                                             Buffers: shared hit=2310159 read=55470, temp read=8995 written=8971
                                             ->  Merge Join  (cost=858460.05..859296.20 rows=13986 width=16) (actual time=1016.058..1908.255 rows=586831 loops=1)
                                                   Merge Cond: (mi1.movie_id = mi2.movie_id)
                                                   Buffers: shared hit=6547 read=11758, temp read=8995 written=8971
                                                   ->  Sort  (cost=391867.76..392025.92 rows=63265 width=8) (actual time=427.069..559.534 rows=690216 loops=1)
                                                         Sort Key: mi1.movie_id
                                                         Sort Method: external sort  Disk: 14920kB
                                                         Buffers: shared hit=2723 read=6170, temp read=3723 written=3732
                                                         ->  Bitmap Heap Scan on movie_info mi1  (cost=14227.36..386822.66 rows=63265 width=8) (actual time=38.534..257.931 rows=690216 loops=1)
                                                               Recheck Cond: (info_type_id = 8)
                                                               Filter: ((info)::text = ANY ('{Albania,Croatia,France,Hungary,Israel,Mexico,Spain,Switzerland,Thailand,USA}'::text[]))
                                                               Rows Removed by Filter: 635145
                                                               Heap Blocks: exact=7853
                                                               Buffers: shared hit=2723 read=6170
                                                               ->  Bitmap Index Scan on info_type_id_movie_info  (cost=0.00..14211.52 rows=1329478 width=0) (actual time=37.557..37.557 rows=1325361 loops=1)
                                                                     Index Cond: (info_type_id = 8)
                                                                     Buffers: shared read=1040
                                                   ->  Sort  (cost=466592.29..466782.27 rows=75992 width=8) (actual time=588.981..844.935 rows=978616 loops=1)
                                                         Sort Key: mi2.movie_id
                                                         Sort Method: external sort  Disk: 20944kB
                                                         Buffers: shared hit=3824 read=5588, temp read=5249 written=5239
                                                         ->  Bitmap Heap Scan on movie_info mi2  (cost=13074.37..460431.79 rows=75992 width=8) (actual time=30.691..354.016 rows=969222 loops=1)
                                                               Recheck Cond: (info_type_id = 4)
                                                               Filter: ((info)::text = ANY ('{Albanian,Arabic,Croatian,English,German,Italian,Spanish,"Swiss German",Thai}'::text[]))
                                                               Rows Removed by Filter: 329767
                                                               Heap Blocks: exact=8393
                                                               Buffers: shared hit=3824 read=5588
                                                               ->  Bitmap Index Scan on info_type_id_movie_info  (cost=0.00..13055.37 rows=1221191 width=0) (actual time=29.656..29.656 rows=1298989 loops=1)
                                                                     Index Cond: (info_type_id = 4)
                                                                     Buffers: shared hit=1 read=1018
                                             ->  Index Scan using title_pkey on title t  (cost=0.43..3.43 rows=1 width=8) (actual time=0.034..0.034 rows=1 loops=586831)
                                                   Index Cond: (id = mi2.movie_id)
                                                   Filter: ((production_year <= 2015) AND (1925 < production_year))
                                                   Rows Removed by Filter: 0
                                                   Buffers: shared hit=2303612 read=43712
                                       ->  Memoize  (cost=0.14..0.16 rows=1 width=4) (actual time=0.000..0.000 rows=1 loops=548665)
                                             Cache Key: t.kind_id
                                             Cache Mode: logical
                                             Hits: 548659  Misses: 6  Evictions: 0  Overflows: 0  Memory Usage: 1kB
                                             Buffers: shared hit=11 read=1
                                             ->  Index Scan using kind_type_pkey on kind_type kt  (cost=0.13..0.15 rows=1 width=4) (actual time=0.012..0.012 rows=0 loops=6)
                                                   Index Cond: (id = t.kind_id)
                                                   Filter: ((kind)::text = ANY ('{episode,movie,"video movie"}'::text[]))
                                                   Rows Removed by Filter: 0
                                                   Buffers: shared hit=11 read=1
                                 ->  Index Scan using movie_id_cast_info on cast_info ci  (cost=0.44..43.28 rows=38 width=12) (actual time=0.035..0.230 rows=22 loops=472017)
                                       Index Cond: (movie_id = t.id)
                                       Buffers: shared hit=9734480 read=1817196
                           ->  Hash  (cost=1.15..1.15 rows=1 width=4) (actual time=0.020..0.021 rows=1 loops=1)
                                 Buckets: 1024  Batches: 1  Memory Usage: 9kB
                                 Buffers: shared hit=1
                                 ->  Seq Scan on role_type rt  (cost=0.00..1.15 rows=1 width=4) (actual time=0.010..0.011 rows=1 loops=1)
                                       Filter: ((role)::text = 'miscellaneous crew'::text)
                                       Rows Removed by Filter: 11
                                       Buffers: shared hit=1
                     ->  Index Scan using name_pkey on name n  (cost=0.43..2.32 rows=1 width=4) (actual time=0.036..0.036 rows=0 loops=1564748)
                           Index Cond: (id = ci.person_id)
                           Filter: ((gender)::text = 'f'::text)
                           Rows Removed by Filter: 1
                           Buffers: shared hit=5922945 read=336047
 Planning:
   Buffers: shared hit=504 read=73
 Planning Time: 14.340 ms
 Execution Time: 194282.928 ms
(89 rows)

