                                                                                               QUERY PLAN                                                                                               
--------------------------------------------------------------------------------------------------------------------------------------------------------------------------------------------------------
 Aggregate  (cost=414510.85..414510.86 rows=1 width=8) (actual time=1464.461..1464.468 rows=1 loops=1)
   Buffers: shared hit=133917 read=15674
   ->  Nested Loop  (cost=14215.85..414510.84 rows=3 width=0) (actual time=1049.021..1464.459 rows=2 loops=1)
         Buffers: shared hit=133917 read=15674
         ->  Seq Scan on info_type it2  (cost=0.00..2.41 rows=1 width=4) (actual time=0.041..0.051 rows=1 loops=1)
               Filter: (id = 4)
               Rows Removed by Filter: 112
               Buffers: shared hit=1
         ->  Nested Loop  (cost=14215.85..414508.40 rows=3 width=4) (actual time=1048.978..1464.405 rows=2 loops=1)
               Buffers: shared hit=133916 read=15674
               ->  Seq Scan on info_type it1  (cost=0.00..2.41 rows=1 width=4) (actual time=0.009..0.019 rows=1 loops=1)
                     Filter: (id = 8)
                     Rows Removed by Filter: 112
                     Buffers: shared hit=1
               ->  Nested Loop  (cost=14215.85..414505.96 rows=3 width=8) (actual time=1048.965..1464.381 rows=2 loops=1)
                     Buffers: shared hit=133915 read=15674
                     ->  Hash Join  (cost=14215.42..414478.13 rows=12 width=12) (actual time=38.699..1460.643 rows=156 loops=1)
                           Hash Cond: (ci.role_id = rt.id)
                           Buffers: shared hit=133519 read=15446
                           ->  Nested Loop  (cost=14214.26..414476.45 rows=143 width=16) (actual time=38.566..1459.717 rows=6783 loops=1)
                                 Buffers: shared hit=133518 read=15446
                                 ->  Nested Loop  (cost=14213.82..414039.48 rows=10 width=20) (actual time=38.535..1386.127 rows=344 loops=1)
                                       Buffers: shared hit=128990 read=12386
                                       ->  Hash Join  (cost=14213.39..396659.82 rows=411 width=12) (actual time=37.486..1143.835 rows=3052 loops=1)
                                             Hash Cond: (t.kind_id = kt.id)
                                             Buffers: shared hit=106508 read=6558
                                             ->  Nested Loop  (cost=14212.25..396654.64 rows=959 width=16) (actual time=37.444..1140.311 rows=17962 loops=1)
                                                   Buffers: shared hit=106507 read=6558
                                                   ->  Bitmap Heap Scan on movie_info mi1  (cost=14211.82..386807.12 rows=1210 width=8) (actual time=37.404..374.601 rows=26043 loops=1)
                                                         Recheck Cond: (info_type_id = 8)
                                                         Filter: ((info)::text = ANY ('{Belgium,Georgia,"Hong Kong",Hungary}'::text[]))
                                                         Rows Removed by Filter: 1299318
                                                         Heap Blocks: exact=7853
                                                         Buffers: shared hit=5177 read=3716
                                                         ->  Bitmap Index Scan on info_type_id_movie_info  (cost=0.00..14211.52 rows=1329478 width=0) (actual time=36.401..36.401 rows=1325361 loops=1)
                                                               Index Cond: (info_type_id = 8)
                                                               Buffers: shared read=1040
                                                   ->  Index Scan using title_pkey on title t  (cost=0.43..8.14 rows=1 width=8) (actual time=0.029..0.029 rows=1 loops=26043)
                                                         Index Cond: (id = mi1.movie_id)
                                                         Filter: ((production_year <= 2015) AND (1975 < production_year))
                                                         Rows Removed by Filter: 0
                                                         Buffers: shared hit=101330 read=2842
                                             ->  Hash  (cost=1.10..1.10 rows=3 width=4) (actual time=0.017..0.017 rows=3 loops=1)
                                                   Buckets: 1024  Batches: 1  Memory Usage: 9kB
                                                   Buffers: shared hit=1
                                                   ->  Seq Scan on kind_type kt  (cost=0.00..1.10 rows=3 width=4) (actual time=0.009..0.010 rows=3 loops=1)
                                                         Filter: ((kind)::text = ANY ('{"tv movie","tv series","video game"}'::text[]))
                                                         Rows Removed by Filter: 4
                                                         Buffers: shared hit=1
                                       ->  Index Scan using movie_id_movie_info on movie_info mi2  (cost=0.43..42.28 rows=1 width=8) (actual time=0.075..0.079 rows=0 loops=3052)
                                             Index Cond: (movie_id = t.id)
                                             Filter: ((info_type_id = 4) AND ((info)::text = ANY ('{English,Georgian,Mandarin}'::text[])))
                                             Rows Removed by Filter: 8
                                             Buffers: shared hit=22482 read=5828
                                 ->  Index Scan using movie_id_cast_info on cast_info ci  (cost=0.44..43.32 rows=38 width=12) (actual time=0.039..0.210 rows=20 loops=344)
                                       Index Cond: (movie_id = t.id)
                                       Buffers: shared hit=4528 read=3060
                           ->  Hash  (cost=1.15..1.15 rows=1 width=4) (actual time=0.016..0.017 rows=1 loops=1)
                                 Buckets: 1024  Batches: 1  Memory Usage: 9kB
                                 Buffers: shared hit=1
                                 ->  Seq Scan on role_type rt  (cost=0.00..1.15 rows=1 width=4) (actual time=0.010..0.011 rows=1 loops=1)
                                       Filter: ((role)::text = 'editor'::text)
                                       Rows Removed by Filter: 11
                                       Buffers: shared hit=1
                     ->  Index Scan using name_pkey on name n  (cost=0.43..2.32 rows=1 width=4) (actual time=0.023..0.023 rows=0 loops=156)
                           Index Cond: (id = ci.person_id)
                           Filter: ((gender)::text = 'f'::text)
                           Rows Removed by Filter: 1
                           Buffers: shared hit=396 read=228
 Planning:
   Buffers: shared hit=520 read=54
 Planning Time: 14.038 ms
 Execution Time: 1465.059 ms
(73 rows)

