                                                                                            QUERY PLAN                                                                                            
--------------------------------------------------------------------------------------------------------------------------------------------------------------------------------------------------
 Aggregate  (cost=597375.25..597375.26 rows=1 width=8) (actual time=1139.955..1139.961 rows=1 loops=1)
   Buffers: shared hit=62794 read=26194, temp read=397 written=397
   ->  Nested Loop  (cost=93678.74..597375.22 rows=14 width=0) (actual time=507.706..1139.951 rows=4 loops=1)
         Buffers: shared hit=62794 read=26194, temp read=397 written=397
         ->  Seq Scan on info_type it2  (cost=0.00..2.41 rows=1 width=4) (actual time=0.048..0.054 rows=1 loops=1)
               Filter: (id = 4)
               Rows Removed by Filter: 112
               Buffers: shared hit=1
         ->  Nested Loop  (cost=93678.74..597372.67 rows=14 width=4) (actual time=507.656..1139.893 rows=4 loops=1)
               Buffers: shared hit=62793 read=26194, temp read=397 written=397
               ->  Seq Scan on info_type it1  (cost=0.00..2.41 rows=1 width=4) (actual time=0.010..0.018 rows=1 loops=1)
                     Filter: (id = 8)
                     Rows Removed by Filter: 112
                     Buffers: shared hit=1
               ->  Nested Loop  (cost=93678.74..597370.11 rows=14 width=8) (actual time=507.642..1139.868 rows=4 loops=1)
                     Buffers: shared hit=62792 read=26194, temp read=397 written=397
                     ->  Hash Join  (cost=93678.31..597230.94 rows=60 width=12) (actual time=430.864..1136.030 rows=135 loops=1)
                           Hash Cond: (ci.role_id = rt.id)
                           Buffers: shared hit=62409 read=26037, temp read=397 written=397
                           ->  Nested Loop  (cost=93677.15..597227.23 rows=717 width=16) (actual time=427.016..1133.773 rows=19170 loops=1)
                                 Buffers: shared hit=62408 read=26037, temp read=397 written=397
                                 ->  Nested Loop  (cost=93676.71..594999.51 rows=50 width=20) (actual time=426.987..924.559 rows=2070 loops=1)
                                       Buffers: shared hit=46635 read=16912, temp read=397 written=397
                                       ->  Hash Join  (cost=93676.27..527513.29 rows=1565 width=12) (actual time=426.938..798.464 rows=2112 loops=1)
                                             Hash Cond: (mi1.movie_id = t.id)
                                             Buffers: shared hit=30837 read=14448, temp read=397 written=397
                                             ->  Bitmap Heap Scan on movie_info mi1  (cost=14216.57..447038.23 rows=20187 width=8) (actual time=34.942..355.731 rows=222528 loops=1)
                                                   Recheck Cond: (info_type_id = 8)
                                                   Filter: ((info)::text = ANY ('{Austria,Canada,Czechoslovakia,Finland,France,Greece,Italy,Spain}'::text[]))
                                                   Rows Removed by Filter: 1102833
                                                   Heap Blocks: exact=7853
                                                   Buffers: shared hit=8893
                                                   ->  Bitmap Index Scan on info_type_id_movie_info  (cost=0.00..14211.52 rows=1329478 width=0) (actual time=33.976..33.977 rows=1325361 loops=1)
                                                         Index Cond: (info_type_id = 8)
                                                         Buffers: shared hit=1040
                                             ->  Hash  (cost=76244.10..76244.10 rows=195968 width=4) (actual time=390.790..390.792 rows=11843 loops=1)
                                                   Buckets: 262144  Batches: 2  Memory Usage: 2260kB
                                                   Buffers: shared hit=21944 read=14448, temp written=17
                                                   ->  Hash Join  (cost=1.13..76244.10 rows=195968 width=4) (actual time=0.240..388.219 rows=11843 loops=1)
                                                         Hash Cond: (t.kind_id = kt.id)
                                                         Buffers: shared hit=21944 read=14448
                                                         ->  Seq Scan on title t  (cost=0.00..74315.95 rows=457258 width=8) (actual time=0.085..362.872 rows=451569 loops=1)
                                                               Filter: ((production_year <= 1975) AND (1875 < production_year))
                                                               Rows Removed by Filter: 2076743
                                                               Buffers: shared hit=21943 read=14448
                                                         ->  Hash  (cost=1.10..1.10 rows=3 width=4) (actual time=0.014..0.015 rows=3 loops=1)
                                                               Buckets: 1024  Batches: 1  Memory Usage: 9kB
                                                               Buffers: shared hit=1
                                                               ->  Seq Scan on kind_type kt  (cost=0.00..1.10 rows=3 width=4) (actual time=0.007..0.008 rows=3 loops=1)
                                                                     Filter: ((kind)::text = ANY ('{"tv series","video game","video movie"}'::text[]))
                                                                     Rows Removed by Filter: 4
                                                                     Buffers: shared hit=1
                                       ->  Index Scan using movie_id_movie_info on movie_info mi2  (cost=0.43..43.11 rows=1 width=8) (actual time=0.047..0.059 rows=1 loops=2112)
                                             Index Cond: (movie_id = t.id)
                                             Filter: ((info_type_id = 4) AND ((info)::text = ANY ('{Czech,English,Finnish,French,German,Greek,Italian,Spanish}'::text[])))
                                             Rows Removed by Filter: 6
                                             Buffers: shared hit=15798 read=2464
                                 ->  Index Scan using movie_id_cast_info on cast_info ci  (cost=0.44..44.17 rows=38 width=12) (actual time=0.029..0.099 rows=9 loops=2070)
                                       Index Cond: (movie_id = t.id)
                                       Buffers: shared hit=15773 read=9125
                           ->  Hash  (cost=1.15..1.15 rows=1 width=4) (actual time=0.018..0.018 rows=1 loops=1)
                                 Buckets: 1024  Batches: 1  Memory Usage: 9kB
                                 Buffers: shared hit=1
                                 ->  Seq Scan on role_type rt  (cost=0.00..1.15 rows=1 width=4) (actual time=0.011..0.012 rows=1 loops=1)
                                       Filter: ((role)::text = 'editor'::text)
                                       Rows Removed by Filter: 11
                                       Buffers: shared hit=1
                     ->  Index Scan using name_pkey on name n  (cost=0.43..2.32 rows=1 width=4) (actual time=0.028..0.028 rows=0 loops=135)
                           Index Cond: (id = ci.person_id)
                           Filter: ((gender)::text = 'f'::text)
                           Rows Removed by Filter: 1
                           Buffers: shared hit=383 read=157
 Planning:
   Buffers: shared hit=574
 Planning Time: 12.605 ms
 Execution Time: 1140.539 ms
(76 rows)

