                                                                                                  QUERY PLAN                                                                                                  
--------------------------------------------------------------------------------------------------------------------------------------------------------------------------------------------------------------
 Aggregate  (cost=920269.81..920269.82 rows=1 width=8) (actual time=154136.211..154136.219 rows=1 loops=1)
   Buffers: shared hit=14288636 read=1616570, temp read=9238 written=9213
   ->  Nested Loop  (cost=843652.23..920268.69 rows=450 width=0) (actual time=981.489..154022.146 rows=558187 loops=1)
         Buffers: shared hit=14288636 read=1616570, temp read=9238 written=9213
         ->  Seq Scan on info_type it2  (cost=0.00..2.41 rows=1 width=4) (actual time=0.048..0.058 rows=1 loops=1)
               Filter: (id = 4)
               Rows Removed by Filter: 112
               Buffers: shared hit=1
         ->  Nested Loop  (cost=843652.23..920261.78 rows=450 width=4) (actual time=981.439..153893.800 rows=558187 loops=1)
               Buffers: shared hit=14288635 read=1616570, temp read=9238 written=9213
               ->  Seq Scan on info_type it1  (cost=0.00..2.41 rows=1 width=4) (actual time=0.010..0.022 rows=1 loops=1)
                     Filter: (id = 8)
                     Rows Removed by Filter: 112
                     Buffers: shared hit=1
               ->  Nested Loop  (cost=843652.23..920254.86 rows=450 width=8) (actual time=981.428..153764.032 rows=558187 loops=1)
                     Buffers: shared hit=14288634 read=1616570, temp read=9238 written=9213
                     ->  Hash Join  (cost=843651.80..918654.39 rows=690 width=12) (actual time=981.358..112636.525 rows=1117098 loops=1)
                           Hash Cond: (ci.role_id = rt.id)
                           Buffers: shared hit=10035208 read=1401604, temp read=9238 written=9213
                           ->  Nested Loop  (cost=843650.63..918623.81 rows=8285 width=16) (actual time=981.236..110848.017 rows=8081228 loops=1)
                                 Buffers: shared hit=10035207 read=1401604, temp read=9238 written=9213
                                 ->  Nested Loop  (cost=843650.19..893344.66 rows=578 width=20) (actual time=981.216..23651.208 rows=367774 loops=1)
                                       Buffers: shared hit=2438655 read=47506, temp read=9238 written=9213
                                       ->  Nested Loop  (cost=843650.05..893311.32 rows=1349 width=24) (actual time=981.101..23268.073 rows=433494 loops=1)
                                             Join Filter: (t.id = mi1.movie_id)
                                             Buffers: shared hit=2438644 read=47505, temp read=9238 written=9213
                                             ->  Merge Join  (cost=843649.62..844502.05 rows=14390 width=16) (actual time=981.053..1872.944 rows=616961 loops=1)
                                                   Merge Cond: (mi1.movie_id = mi2.movie_id)
                                                   Buffers: shared hit=12579 read=5726, temp read=9238 written=9213
                                                   ->  Sort  (cost=391780.70..391936.36 rows=62266 width=8) (actual time=412.874..546.213 rows=689786 loops=1)
                                                         Sort Key: mi1.movie_id
                                                         Sort Method: external sort  Disk: 14904kB
                                                         Buffers: shared hit=8893, temp read=3720 written=3729
                                                         ->  Bitmap Heap Scan on movie_info mi1  (cost=14227.11..386822.41 rows=62266 width=8) (actual time=35.938..244.413 rows=689786 loops=1)
                                                               Recheck Cond: (info_type_id = 8)
                                                               Filter: ((info)::text = ANY ('{Argentina,Belgium,Chile,Greece,"Hong Kong",Italy,Japan,"New Zealand",Portugal,"South Korea",USA}'::text[]))
                                                               Rows Removed by Filter: 635575
                                                               Heap Blocks: exact=7853
                                                               Buffers: shared hit=8893
                                                               ->  Bitmap Index Scan on info_type_id_movie_info  (cost=0.00..14211.52 rows=1329478 width=0) (actual time=34.959..34.959 rows=1325361 loops=1)
                                                                     Index Cond: (info_type_id = 8)
                                                                     Buffers: shared hit=1040
                                                   ->  Sort  (cost=451868.92..452067.52 rows=79440 width=8) (actual time=568.169..817.590 rows=1022742 loops=1)
                                                         Sort Key: mi2.movie_id
                                                         Sort Method: external sort  Disk: 21920kB
                                                         Buffers: shared hit=3686 read=5726, temp read=5494 written=5484
                                                         ->  Bitmap Heap Scan on movie_info mi2  (cost=13075.23..445403.47 rows=79440 width=8) (actual time=30.797..324.120 rows=1014272 loops=1)
                                                               Recheck Cond: (info_type_id = 4)
                                                               Filter: ((info)::text = ANY ('{Cantonese,English,French,Greek,Japanese,Korean,Portuguese,Spanish}'::text[]))
                                                               Rows Removed by Filter: 284717
                                                               Heap Blocks: exact=8393
                                                               Buffers: shared hit=3686 read=5726
                                                               ->  Bitmap Index Scan on info_type_id_movie_info  (cost=0.00..13055.37 rows=1221191 width=0) (actual time=29.768..29.768 rows=1298989 loops=1)
                                                                     Index Cond: (info_type_id = 4)
                                                                     Buffers: shared hit=1 read=1018
                                             ->  Index Scan using title_pkey on title t  (cost=0.43..3.38 rows=1 width=8) (actual time=0.034..0.034 rows=1 loops=616961)
                                                   Index Cond: (id = mi2.movie_id)
                                                   Filter: ((production_year <= 2015) AND (1990 < production_year))
                                                   Rows Removed by Filter: 0
                                                   Buffers: shared hit=2426065 read=41779
                                       ->  Memoize  (cost=0.14..0.16 rows=1 width=4) (actual time=0.000..0.000 rows=1 loops=433494)
                                             Cache Key: t.kind_id
                                             Cache Mode: logical
                                             Hits: 433488  Misses: 6  Evictions: 0  Overflows: 0  Memory Usage: 1kB
                                             Buffers: shared hit=11 read=1
                                             ->  Index Scan using kind_type_pkey on kind_type kt  (cost=0.13..0.15 rows=1 width=4) (actual time=0.012..0.012 rows=0 loops=6)
                                                   Index Cond: (id = t.kind_id)
                                                   Filter: ((kind)::text = ANY ('{episode,movie,"video movie"}'::text[]))
                                                   Rows Removed by Filter: 0
                                                   Buffers: shared hit=11 read=1
                                 ->  Index Scan using movie_id_cast_info on cast_info ci  (cost=0.44..43.36 rows=38 width=12) (actual time=0.035..0.231 rows=22 loops=367774)
                                       Index Cond: (movie_id = t.id)
                                       Buffers: shared hit=7596552 read=1354098
                           ->  Hash  (cost=1.15..1.15 rows=1 width=4) (actual time=0.018..0.019 rows=1 loops=1)
                                 Buckets: 1024  Batches: 1  Memory Usage: 9kB
                                 Buffers: shared hit=1
                                 ->  Seq Scan on role_type rt  (cost=0.00..1.15 rows=1 width=4) (actual time=0.010..0.012 rows=1 loops=1)
                                       Filter: ((role)::text = 'producer'::text)
                                       Rows Removed by Filter: 11
                                       Buffers: shared hit=1
                     ->  Index Scan using name_pkey on name n  (cost=0.43..2.32 rows=1 width=4) (actual time=0.036..0.036 rows=0 loops=1117098)
                           Index Cond: (id = ci.person_id)
                           Filter: ((gender)::text = ANY ('{f,m}'::text[]))
                           Rows Removed by Filter: 1
                           Buffers: shared hit=4253426 read=214966
 Planning:
   Buffers: shared hit=576 read=1
 Planning Time: 14.118 ms
 Execution Time: 154147.071 ms
(89 rows)

