                                                                                               QUERY PLAN                                                                                               
--------------------------------------------------------------------------------------------------------------------------------------------------------------------------------------------------------
 Aggregate  (cost=741199.12..741199.13 rows=1 width=8) (actual time=29936.190..29936.198 rows=1 loops=1)
   Buffers: shared hit=2749415 read=359607
   ->  Nested Loop  (cost=14219.11..741198.59 rows=212 width=0) (actual time=212.071..29929.804 rows=30810 loops=1)
         Buffers: shared hit=2749415 read=359607
         ->  Hash Join  (cost=14218.68..740444.74 rows=325 width=4) (actual time=70.171..25222.920 rows=130386 loops=1)
               Hash Cond: (ci.role_id = rt.id)
               Buffers: shared hit=2272720 read=314758
               ->  Nested Loop  (cost=14217.50..740436.65 rows=1949 width=8) (actual time=67.743..25042.656 rows=853508 loops=1)
                     Buffers: shared hit=2272719 read=314758
                     ->  Nested Loop  (cost=14217.06..734493.76 rows=136 width=12) (actual time=67.698..15355.991 rows=51130 loops=1)
                           Buffers: shared hit=1469952 read=131064
                           ->  Seq Scan on info_type it2  (cost=0.00..2.41 rows=1 width=4) (actual time=0.029..0.040 rows=1 loops=1)
                                 Filter: (id = 4)
                                 Rows Removed by Filter: 112
                                 Buffers: shared hit=1
                           ->  Nested Loop  (cost=14217.06..734489.99 rows=136 width=16) (actual time=67.668..15342.477 rows=51130 loops=1)
                                 Buffers: shared hit=1469951 read=131064
                                 ->  Seq Scan on info_type it1  (cost=0.00..2.41 rows=1 width=4) (actual time=0.008..0.022 rows=1 loops=1)
                                       Filter: (id = 8)
                                       Rows Removed by Filter: 112
                                       Buffers: shared hit=1
                                 ->  Nested Loop  (cost=14217.06..734486.22 rows=136 width=20) (actual time=67.656..15328.578 rows=51130 loops=1)
                                       Buffers: shared hit=1469950 read=131064
                                       ->  Hash Join  (cost=14216.63..529993.50 rows=4801 width=12) (actual time=37.207..6915.450 rows=100272 loops=1)
                                             Hash Cond: (t.kind_id = kt.id)
                                             Buffers: shared hit=631367 read=42683
                                             ->  Nested Loop  (cost=14215.49..529945.17 rows=11201 width=16) (actual time=36.882..6860.665 rows=121176 loops=1)
                                                   Buffers: shared hit=631366 read=42683
                                                   ->  Bitmap Heap Scan on movie_info mi1  (cost=14215.05..447036.72 rows=14139 width=8) (actual time=36.846..779.336 rows=169171 loops=1)
                                                         Recheck Cond: (info_type_id = 8)
                                                         Filter: ((info)::text = ANY ('{Denmark,France,"Hong Kong",India,Malaysia,Nigeria,Spain,Switzerland}'::text[]))
                                                         Rows Removed by Filter: 1156190
                                                         Heap Blocks: exact=7853
                                                         Buffers: shared hit=91 read=8802
                                                         ->  Bitmap Index Scan on info_type_id_movie_info  (cost=0.00..14211.52 rows=1329478 width=0) (actual time=35.812..35.812 rows=1325361 loops=1)
                                                               Index Cond: (info_type_id = 8)
                                                               Buffers: shared read=1040
                                                   ->  Memoize  (cost=0.44..5.96 rows=1 width=8) (actual time=0.035..0.035 rows=1 loops=169171)
                                                         Cache Key: mi1.movie_id
                                                         Cache Mode: logical
                                                         Hits: 2882  Misses: 166289  Evictions: 76405  Overflows: 0  Memory Usage: 8193kB
                                                         Buffers: shared hit=631275 read=33881
                                                         ->  Index Scan using title_pkey on title t  (cost=0.43..5.95 rows=1 width=8) (actual time=0.035..0.035 rows=1 loops=166289)
                                                               Index Cond: (id = mi1.movie_id)
                                                               Filter: ((production_year <= 2015) AND (1975 < production_year))
                                                               Rows Removed by Filter: 0
                                                               Buffers: shared hit=631275 read=33881
                                             ->  Hash  (cost=1.10..1.10 rows=3 width=4) (actual time=0.019..0.020 rows=3 loops=1)
                                                   Buckets: 1024  Batches: 1  Memory Usage: 9kB
                                                   Buffers: shared hit=1
                                                   ->  Seq Scan on kind_type kt  (cost=0.00..1.10 rows=3 width=4) (actual time=0.008..0.010 rows=3 loops=1)
                                                         Filter: ((kind)::text = ANY ('{episode,movie,"video movie"}'::text[]))
                                                         Rows Removed by Filter: 4
                                                         Buffers: shared hit=1
                                       ->  Index Scan using movie_id_movie_info on movie_info mi2  (cost=0.43..42.58 rows=1 width=8) (actual time=0.064..0.083 rows=1 loops=100272)
                                             Index Cond: (movie_id = t.id)
                                             Filter: ((info_type_id = 4) AND ((info)::text = ANY ('{Bengali,English,Galician,Italian,Malay,Mandarin,Spanish,"Swiss German",Yoruba}'::text[])))
                                             Rows Removed by Filter: 10
                                             Buffers: shared hit=838583 read=88381
                     ->  Index Scan using movie_id_cast_info on cast_info ci  (cost=0.44..43.32 rows=38 width=12) (actual time=0.037..0.184 rows=17 loops=51130)
                           Index Cond: (movie_id = t.id)
                           Buffers: shared hit=802767 read=183694
               ->  Hash  (cost=1.15..1.15 rows=2 width=4) (actual time=0.032..0.033 rows=2 loops=1)
                     Buckets: 1024  Batches: 1  Memory Usage: 9kB
                     Buffers: shared hit=1
                     ->  Seq Scan on role_type rt  (cost=0.00..1.15 rows=2 width=4) (actual time=0.024..0.026 rows=2 loops=1)
                           Filter: ((role)::text = ANY ('{cinematographer,"miscellaneous crew"}'::text[]))
                           Rows Removed by Filter: 10
                           Buffers: shared hit=1
         ->  Index Scan using name_pkey on name n  (cost=0.43..2.32 rows=1 width=4) (actual time=0.036..0.036 rows=0 loops=130386)
               Index Cond: (id = ci.person_id)
               Filter: ((gender)::text = ANY ('{f,m}'::text[]))
               Rows Removed by Filter: 1
               Buffers: shared hit=476695 read=44849
 Planning:
   Buffers: shared hit=487 read=87
 Planning Time: 14.154 ms
 Execution Time: 29938.687 ms
(78 rows)

