                                                                                                     QUERY PLAN                                                                                                     
--------------------------------------------------------------------------------------------------------------------------------------------------------------------------------------------------------------------
 Aggregate  (cost=610641.95..610641.96 rows=1 width=8) (actual time=8844.762..8844.771 rows=1 loops=1)
   Buffers: shared hit=689340 read=210448, temp read=765 written=765
   ->  Nested Loop  (cost=70598.27..610641.81 rows=57 width=0) (actual time=250.359..8844.359 rows=799 loops=1)
         Buffers: shared hit=689340 read=210448, temp read=765 written=765
         ->  Seq Scan on info_type it2  (cost=0.00..2.41 rows=1 width=4) (actual time=0.043..0.054 rows=1 loops=1)
               Filter: (id = 4)
               Rows Removed by Filter: 112
               Buffers: shared hit=1
         ->  Nested Loop  (cost=70598.27..610638.83 rows=57 width=4) (actual time=250.314..8844.063 rows=799 loops=1)
               Buffers: shared hit=689339 read=210448, temp read=765 written=765
               ->  Seq Scan on info_type it1  (cost=0.00..2.41 rows=1 width=4) (actual time=0.008..0.022 rows=1 loops=1)
                     Filter: (id = 8)
                     Rows Removed by Filter: 112
                     Buffers: shared hit=1
               ->  Nested Loop  (cost=70598.27..610635.85 rows=57 width=8) (actual time=250.304..8843.795 rows=799 loops=1)
                     Buffers: shared hit=689338 read=210448, temp read=765 written=765
                     ->  Hash Join  (cost=70597.84..610069.88 rows=244 width=12) (actual time=246.011..8125.965 rows=20278 loops=1)
                           Hash Cond: (ci.role_id = rt.id)
                           Buffers: shared hit=613218 read=205456, temp read=765 written=765
                           ->  Nested Loop  (cost=70596.66..610063.51 rows=1462 width=16) (actual time=244.617..8053.030 rows=437952 loops=1)
                                 Buffers: shared hit=613217 read=205456, temp read=765 written=765
                                 ->  Nested Loop  (cost=70596.22..605606.35 rows=102 width=20) (actual time=244.581..3349.701 rows=22912 loops=1)
                                       Buffers: shared hit=238362 read=80786, temp read=765 written=765
                                       ->  Hash Join  (cost=70595.79..444734.38 rows=3786 width=12) (actual time=244.471..627.782 rows=31901 loops=1)
                                             Hash Cond: (mi1.movie_id = t.id)
                                             Buffers: shared hit=6928 read=14755, temp read=765 written=765
                                             ->  Bitmap Heap Scan on movie_info mi1  (cost=14219.92..386815.21 rows=33451 width=8) (actual time=37.502..349.254 rows=377067 loops=1)
                                                   Recheck Cond: (info_type_id = 8)
                                                   Filter: ((info)::text = ANY ('{Belgium,"Czech Republic",France,Germany,India,Israel,Netherlands,Nigeria,Poland,"South Korea",Spain,UK,"West Germany"}'::text[]))
                                                   Rows Removed by Filter: 948294
                                                   Heap Blocks: exact=7853
                                                   Buffers: shared hit=10 read=8883
                                                   ->  Bitmap Index Scan on info_type_id_movie_info  (cost=0.00..14211.52 rows=1329478 width=0) (actual time=36.509..36.509 rows=1325361 loops=1)
                                                         Index Cond: (info_type_id = 8)
                                                         Buffers: shared read=1040
                                             ->  Hash  (cost=51681.05..51681.05 rows=286146 width=4) (actual time=132.632..132.635 rows=82857 loops=1)
                                                   Buckets: 262144  Batches: 2  Memory Usage: 3503kB
                                                   Buffers: shared hit=6918 read=5872, temp written=121
                                                   ->  Nested Loop  (cost=4576.30..51681.05 rows=286146 width=4) (actual time=5.545..118.402 rows=82857 loops=1)
                                                         Buffers: shared hit=6918 read=5872
                                                         ->  Seq Scan on kind_type kt  (cost=0.00..1.09 rows=1 width=4) (actual time=0.010..0.014 rows=1 loops=1)
                                                               Filter: ((kind)::text = 'tv movie'::text)
                                                               Rows Removed by Filter: 6
                                                               Buffers: shared hit=1
                                                         ->  Bitmap Heap Scan on title t  (cost=4576.30..48341.59 rows=333837 width=8) (actual time=5.530..113.188 rows=82857 loops=1)
                                                               Recheck Cond: (kind_id = kt.id)
                                                               Filter: ((production_year <= 2015) AND (1975 < production_year))
                                                               Rows Removed by Filter: 17680
                                                               Heap Blocks: exact=12708
                                                               Buffers: shared hit=6917 read=5872
                                                               ->  Bitmap Index Scan on kind_id_title  (cost=0.00..4492.84 rows=421388 width=0) (actual time=3.996..3.996 rows=100537 loops=1)
                                                                     Index Cond: (kind_id = kt.id)
                                                                     Buffers: shared read=81
                                       ->  Index Scan using movie_id_movie_info on movie_info mi2  (cost=0.43..42.48 rows=1 width=8) (actual time=0.047..0.085 rows=1 loops=31901)
                                             Index Cond: (movie_id = t.id)
                                             Filter: ((info_type_id = 4) AND ((info)::text = ANY ('{Czech,Dutch,English,German,Hebrew,Korean,Polish}'::text[])))
                                             Rows Removed by Filter: 7
                                             Buffers: shared hit=231434 read=66031
                                 ->  Index Scan using movie_id_cast_info on cast_info ci  (cost=0.44..43.32 rows=38 width=12) (actual time=0.034..0.200 rows=19 loops=22912)
                                       Index Cond: (movie_id = t.id)
                                       Buffers: shared hit=374855 read=124670
                           ->  Hash  (cost=1.15..1.15 rows=2 width=4) (actual time=0.016..0.017 rows=2 loops=1)
                                 Buckets: 1024  Batches: 1  Memory Usage: 9kB
                                 Buffers: shared hit=1
                                 ->  Seq Scan on role_type rt  (cost=0.00..1.15 rows=2 width=4) (actual time=0.009..0.011 rows=2 loops=1)
                                       Filter: ((role)::text = ANY ('{cinematographer,"costume designer"}'::text[]))
                                       Rows Removed by Filter: 10
                                       Buffers: shared hit=1
                     ->  Index Scan using name_pkey on name n  (cost=0.43..2.32 rows=1 width=4) (actual time=0.035..0.035 rows=0 loops=20278)
                           Index Cond: (id = ci.person_id)
                           Filter: ((gender)::text = 'f'::text)
                           Rows Removed by Filter: 1
                           Buffers: shared hit=76120 read=4992
 Planning:
   Buffers: shared hit=485 read=92
 Planning Time: 13.591 ms
 Execution Time: 8845.472 ms
(77 rows)

