                                                                                               QUERY PLAN                                                                                               
--------------------------------------------------------------------------------------------------------------------------------------------------------------------------------------------------------
 Aggregate  (cost=595487.88..595487.89 rows=1 width=8) (actual time=10573.058..10573.065 rows=1 loops=1)
   Buffers: shared hit=980037 read=110178
   ->  Nested Loop  (cost=13062.15..595487.83 rows=20 width=0) (actual time=45.272..10572.903 rows=222 loops=1)
         Buffers: shared hit=980037 read=110178
         ->  Seq Scan on info_type it2  (cost=0.00..2.41 rows=1 width=4) (actual time=0.031..0.040 rows=1 loops=1)
               Filter: (id = 4)
               Rows Removed by Filter: 112
               Buffers: shared hit=1
         ->  Nested Loop  (cost=13062.15..595485.21 rows=20 width=4) (actual time=45.240..10572.779 rows=222 loops=1)
               Buffers: shared hit=980036 read=110178
               ->  Seq Scan on info_type it1  (cost=0.00..2.41 rows=1 width=4) (actual time=0.006..0.017 rows=1 loops=1)
                     Filter: (id = 8)
                     Rows Removed by Filter: 112
                     Buffers: shared hit=1
               ->  Nested Loop  (cost=13062.15..595482.60 rows=20 width=8) (actual time=45.232..10572.671 rows=222 loops=1)
                     Buffers: shared hit=980035 read=110178
                     ->  Hash Join  (cost=13061.72..595287.76 rows=84 width=12) (actual time=36.068..10472.275 rows=2944 loops=1)
                           Hash Cond: (ci.role_id = rt.id)
                           Buffers: shared hit=968808 read=109629
                           ->  Nested Loop  (cost=13060.56..595283.03 rows=1003 width=16) (actual time=35.963..10440.568 rows=180076 loops=1)
                                 Buffers: shared hit=968807 read=109629
                                 ->  Nested Loop  (cost=13060.12..592221.54 rows=70 width=20) (actual time=35.316..8253.370 rows=12435 loops=1)
                                       Buffers: shared hit=802611 read=62094
                                       ->  Hash Join  (cost=13059.68..454922.63 rows=3241 width=12) (actual time=35.210..6359.651 rows=21635 loops=1)
                                             Hash Cond: (t.kind_id = kt.id)
                                             Buffers: shared hit=632031 read=29366
                                             ->  Nested Loop  (cost=13058.55..454889.63 rows=7563 width=16) (actual time=35.181..6329.634 rows=112380 loops=1)
                                                   Buffers: shared hit=632030 read=29366
                                                   ->  Bitmap Heap Scan on movie_info mi2  (cost=13058.11..385269.63 rows=10972 width=8) (actual time=35.137..567.380 rows=164416 loops=1)
                                                         Recheck Cond: (info_type_id = 4)
                                                         Filter: ((info)::text = ANY ('{German,Mandarin,Persian,Spanish}'::text[]))
                                                         Rows Removed by Filter: 1134573
                                                         Heap Blocks: exact=8393
                                                         Buffers: shared hit=2565 read=6847
                                                         ->  Bitmap Index Scan on info_type_id_movie_info  (cost=0.00..13055.37 rows=1221191 width=0) (actual time=32.935..32.935 rows=1298989 loops=1)
                                                               Index Cond: (info_type_id = 4)
                                                               Buffers: shared read=1019
                                                   ->  Memoize  (cost=0.44..6.42 rows=1 width=8) (actual time=0.035..0.035 rows=1 loops=164416)
                                                         Cache Key: mi2.movie_id
                                                         Cache Mode: logical
                                                         Hits: 1420  Misses: 162996  Evictions: 77105  Overflows: 0  Memory Usage: 8193kB
                                                         Buffers: shared hit=629465 read=22519
                                                         ->  Index Scan using title_pkey on title t  (cost=0.43..6.41 rows=1 width=8) (actual time=0.034..0.034 rows=1 loops=162996)
                                                               Index Cond: (id = mi2.movie_id)
                                                               Filter: ((production_year <= 2015) AND (1990 < production_year))
                                                               Rows Removed by Filter: 0
                                                               Buffers: shared hit=629465 read=22519
                                             ->  Hash  (cost=1.10..1.10 rows=3 width=4) (actual time=0.011..0.012 rows=3 loops=1)
                                                   Buckets: 1024  Batches: 1  Memory Usage: 9kB
                                                   Buffers: shared hit=1
                                                   ->  Seq Scan on kind_type kt  (cost=0.00..1.10 rows=3 width=4) (actual time=0.006..0.007 rows=3 loops=1)
                                                         Filter: ((kind)::text = ANY ('{"tv movie","tv series","video game"}'::text[]))
                                                         Rows Removed by Filter: 4
                                                         Buffers: shared hit=1
                                       ->  Index Scan using movie_id_movie_info on movie_info mi1  (cost=0.43..42.35 rows=1 width=8) (actual time=0.082..0.087 rows=1 loops=21635)
                                             Index Cond: (movie_id = t.id)
                                             Filter: ((info_type_id = 8) AND ((info)::text = ANY ('{China,Germany,Iran,USA}'::text[])))
                                             Rows Removed by Filter: 7
                                             Buffers: shared hit=170580 read=32728
                                 ->  Index Scan using movie_id_cast_info on cast_info ci  (cost=0.44..43.36 rows=38 width=12) (actual time=0.037..0.171 rows=14 loops=12435)
                                       Index Cond: (movie_id = t.id)
                                       Buffers: shared hit=166196 read=47535
                           ->  Hash  (cost=1.15..1.15 rows=1 width=4) (actual time=0.011..0.012 rows=1 loops=1)
                                 Buckets: 1024  Batches: 1  Memory Usage: 9kB
                                 Buffers: shared hit=1
                                 ->  Seq Scan on role_type rt  (cost=0.00..1.15 rows=1 width=4) (actual time=0.006..0.007 rows=1 loops=1)
                                       Filter: ((role)::text = 'costume designer'::text)
                                       Rows Removed by Filter: 11
                                       Buffers: shared hit=1
                     ->  Index Scan using name_pkey on name n  (cost=0.43..2.32 rows=1 width=4) (actual time=0.033..0.033 rows=0 loops=2944)
                           Index Cond: (id = ci.person_id)
                           Filter: ((gender)::text = 'f'::text)
                           Rows Removed by Filter: 1
                           Buffers: shared hit=11227 read=549
 Planning:
   Buffers: shared hit=505 read=69
 Planning Time: 8.887 ms
 Execution Time: 10575.207 ms
(78 rows)

