                                                                                            QUERY PLAN                                                                                            
--------------------------------------------------------------------------------------------------------------------------------------------------------------------------------------------------
 Aggregate  (cost=961327.32..961327.33 rows=1 width=8) (actual time=7845.355..7845.365 rows=1 loops=1)
   Buffers: shared hit=590087 read=99624, temp read=11505 written=11505
   ->  Nested Loop  (cost=488331.98..961326.81 rows=204 width=0) (actual time=1603.922..7841.370 rows=21161 loops=1)
         Buffers: shared hit=590087 read=99624, temp read=11505 written=11505
         ->  Seq Scan on info_type it2  (cost=0.00..2.41 rows=1 width=4) (actual time=0.039..0.049 rows=1 loops=1)
               Filter: (id = 4)
               Rows Removed by Filter: 112
               Buffers: shared hit=1
         ->  Nested Loop  (cost=488331.98..961322.36 rows=204 width=4) (actual time=1603.881..7837.242 rows=21161 loops=1)
               Buffers: shared hit=590086 read=99624, temp read=11505 written=11505
               ->  Seq Scan on info_type it1  (cost=0.00..2.41 rows=1 width=4) (actual time=0.011..0.023 rows=1 loops=1)
                     Filter: (id = 8)
                     Rows Removed by Filter: 112
                     Buffers: shared hit=1
               ->  Nested Loop  (cost=488331.98..961317.90 rows=204 width=8) (actual time=1603.869..7832.784 rows=21161 loops=1)
                     Join Filter: (t.id = mi2.movie_id)
                     Buffers: shared hit=590085 read=99624, temp read=11505 written=11505
                     ->  Nested Loop  (cost=488331.54..687987.93 rows=6418 width=16) (actual time=1603.840..4931.753 rows=20290 loops=1)
                           Buffers: shared hit=381161 read=25613, temp read=11505 written=11505
                           ->  Hash Join  (cost=488331.11..623897.28 rows=27631 width=20) (actual time=1603.671..1932.595 rows=89923 loops=1)
                                 Hash Cond: (ci.movie_id = t.id)
                                 Buffers: shared hit=31170 read=15912, temp read=11505 written=11505
                                 ->  Nested Loop  (cost=0.44..123965.00 rows=3020080 width=8) (actual time=0.093..116.255 rows=276403 loops=1)
                                       Buffers: shared hit=497 read=1300
                                       ->  Seq Scan on role_type rt  (cost=0.00..1.15 rows=1 width=4) (actual time=0.008..0.011 rows=1 loops=1)
                                             Filter: ((role)::text = 'costume designer'::text)
                                             Rows Removed by Filter: 11
                                             Buffers: shared hit=1
                                       ->  Index Scan using role_id_cast_info on cast_info ci  (cost=0.44..91017.52 rows=3294633 width=12) (actual time=0.083..74.923 rows=276403 loops=1)
                                             Index Cond: (role_id = rt.id)
                                             Buffers: shared hit=496 read=1300
                                 ->  Hash  (cost=488041.52..488041.52 rows=23132 width=12) (actual time=1603.259..1603.265 rows=465005 loops=1)
                                       Buckets: 262144 (originally 32768)  Batches: 4 (originally 1)  Memory Usage: 7063kB
                                       Buffers: shared hit=30673 read=14612, temp read=9205 written=10565
                                       ->  Hash Join  (cost=111071.43..488041.52 rows=23132 width=12) (actual time=960.563..1528.794 rows=465005 loops=1)
                                             Hash Cond: (mi1.movie_id = t.id)
                                             Buffers: shared hit=30673 read=14612, temp read=9205 written=9205
                                             ->  Bitmap Heap Scan on movie_info mi1  (cost=14228.58..386823.87 rows=68129 width=8) (actual time=36.489..249.866 rows=741656 loops=1)
                                                   Recheck Cond: (info_type_id = 8)
                                                   Filter: ((info)::text = ANY ('{Cuba,Egypt,Georgia,India,Israel,Italy,Malaysia,Switzerland,Thailand,UK,USA}'::text[]))
                                                   Rows Removed by Filter: 583705
                                                   Heap Blocks: exact=7853
                                                   Buffers: shared hit=3092 read=5801
                                                   ->  Bitmap Index Scan on info_type_id_movie_info  (cost=0.00..14211.52 rows=1329478 width=0) (actual time=35.499..35.499 rows=1325361 loops=1)
                                                         Index Cond: (info_type_id = 8)
                                                         Buffers: shared read=1040
                                             ->  Hash  (cost=82758.38..82758.38 rows=858437 width=4) (actual time=922.847..922.851 rows=1830466 loops=1)
                                                   Buckets: 262144 (originally 262144)  Batches: 16 (originally 8)  Memory Usage: 6145kB
                                                   Buffers: shared hit=27581 read=8811, temp written=5019
                                                   ->  Hash Join  (cost=1.13..82758.38 rows=858437 width=4) (actual time=0.041..687.347 rows=1830466 loops=1)
                                                         Hash Cond: (t.kind_id = kt.id)
                                                         Buffers: shared hit=27581 read=8811
                                                         ->  Seq Scan on title t  (cost=0.00..74315.95 rows=2003019 width=8) (actual time=0.020..466.816 rows=2004612 loops=1)
                                                               Filter: ((production_year <= 2015) AND (1975 < production_year))
                                                               Rows Removed by Filter: 523700
                                                               Buffers: shared hit=27580 read=8811
                                                         ->  Hash  (cost=1.10..1.10 rows=3 width=4) (actual time=0.017..0.018 rows=3 loops=1)
                                                               Buckets: 1024  Batches: 1  Memory Usage: 9kB
                                                               Buffers: shared hit=1
                                                               ->  Seq Scan on kind_type kt  (cost=0.00..1.10 rows=3 width=4) (actual time=0.006..0.008 rows=3 loops=1)
                                                                     Filter: ((kind)::text = ANY ('{episode,movie,"video movie"}'::text[]))
                                                                     Rows Removed by Filter: 4
                                                                     Buffers: shared hit=1
                           ->  Index Scan using name_pkey on name n  (cost=0.43..2.32 rows=1 width=4) (actual time=0.033..0.033 rows=0 loops=89923)
                                 Index Cond: (id = ci.person_id)
                                 Filter: ((gender)::text = 'f'::text)
                                 Rows Removed by Filter: 1
                                 Buffers: shared hit=349991 read=9701
                     ->  Index Scan using movie_id_movie_info on movie_info mi2  (cost=0.43..42.58 rows=1 width=8) (actual time=0.054..0.142 rows=1 loops=20290)
                           Index Cond: (movie_id = ci.movie_id)
                           Filter: ((info_type_id = 4) AND ((info)::text = ANY ('{Arabic,Bengali,English,French,Georgian,German,Italian,Malay,Oriya,Spanish,"Swiss German",Thai}'::text[])))
                           Rows Removed by Filter: 41
                           Buffers: shared hit=208924 read=74011
 Planning:
   Buffers: shared hit=507 read=70
 Planning Time: 14.161 ms
 Execution Time: 7845.969 ms
(77 rows)

