                                                                                                  QUERY PLAN                                                                                                  
--------------------------------------------------------------------------------------------------------------------------------------------------------------------------------------------------------------
 Aggregate  (cost=950741.97..950741.98 rows=1 width=8) (actual time=123361.999..123362.007 rows=1 loops=1)
   Buffers: shared hit=11238112 read=1488782, temp read=5962 written=5941
   ->  Nested Loop  (cost=887108.85..950740.05 rows=769 width=0) (actual time=1047.873..123324.342 rows=165242 loops=1)
         Buffers: shared hit=11238112 read=1488782, temp read=5962 written=5941
         ->  Hash Join  (cost=887108.42..948003.02 rows=1180 width=4) (actual time=1047.848..107241.326 rows=430163 loops=1)
               Hash Cond: (ci.role_id = rt.id)
               Buffers: shared hit=9693717 read=1312525, temp read=5962 written=5941
               ->  Nested Loop  (cost=887107.24..947976.69 rows=7081 width=8) (actual time=1047.546..105691.236 rows=8092885 loops=1)
                     Buffers: shared hit=9693716 read=1312525, temp read=5962 written=5941
                     ->  Nested Loop  (cost=887106.80..926390.03 rows=494 width=12) (actual time=1047.525..20410.483 rows=350926 loops=1)
                           Buffers: shared hit=2038716 read=50755, temp read=5962 written=5941
                           ->  Nested Loop  (cost=887106.80..926381.44 rows=494 width=16) (actual time=1047.520..20161.521 rows=350926 loops=1)
                                 Buffers: shared hit=2038715 read=50755, temp read=5962 written=5941
                                 ->  Nested Loop  (cost=887106.80..926372.85 rows=494 width=20) (actual time=1047.504..19919.434 rows=350926 loops=1)
                                       Buffers: shared hit=2038714 read=50755, temp read=5962 written=5941
                                       ->  Nested Loop  (cost=887106.66..926344.22 rows=1152 width=24) (actual time=1047.401..19556.046 rows=412154 loops=1)
                                             Join Filter: (t.id = mi1.movie_id)
                                             Buffers: shared hit=2038703 read=50754, temp read=5962 written=5941
                                             ->  Merge Join  (cost=887106.23..887822.45 rows=10696 width=16) (actual time=1047.348..1828.882 rows=517788 loops=1)
                                                   Merge Cond: (mi1.movie_id = mi2.movie_id)
                                                   Buffers: shared hit=11010 read=7295, temp read=5962 written=5941
                                                   ->  Sort  (cost=451375.50..451512.95 rows=54978 width=8) (actual time=509.720..656.576 rows=611297 loops=1)
                                                         Sort Key: mi1.movie_id
                                                         Sort Method: external merge  Disk: 10800kB
                                                         Buffers: shared hit=5864 read=3029, temp read=1350 written=1358
                                                         ->  Bitmap Heap Scan on movie_info mi1  (cost=14225.26..447046.93 rows=54978 width=8) (actual time=41.990..404.076 rows=611297 loops=1)
                                                               Recheck Cond: (info_type_id = 8)
                                                               Filter: ((info)::text = ANY ('{Czechoslovakia,Georgia,Germany,Malaysia,"South Africa",Sweden,Switzerland,USA}'::text[]))
                                                               Rows Removed by Filter: 714064
                                                               Heap Blocks: exact=7853
                                                               Buffers: shared hit=5864 read=3029
                                                               ->  Bitmap Index Scan on info_type_id_movie_info  (cost=0.00..14211.52 rows=1329478 width=0) (actual time=41.009..41.010 rows=1325361 loops=1)
                                                                     Index Cond: (info_type_id = 8)
                                                                     Buffers: shared read=1040
                                                   ->  Sort  (cost=435730.73..435897.91 rows=66873 width=8) (actual time=537.619..737.814 rows=853885 loops=1)
                                                         Sort Key: mi2.movie_id
                                                         Sort Method: external sort  Disk: 18320kB
                                                         Buffers: shared hit=5146 read=4266, temp read=4592 written=4583
                                                         ->  Bitmap Heap Scan on movie_info mi2  (cost=13072.09..430371.15 rows=66873 width=8) (actual time=31.445..323.974 rows=847788 loops=1)
                                                               Recheck Cond: (info_type_id = 4)
                                                               Filter: ((info)::text = ANY ('{Czech,English,French,Georgian,Malay,None,"Swiss German"}'::text[]))
                                                               Rows Removed by Filter: 451201
                                                               Heap Blocks: exact=8393
                                                               Buffers: shared hit=5146 read=4266
                                                               ->  Bitmap Index Scan on info_type_id_movie_info  (cost=0.00..13055.37 rows=1221191 width=0) (actual time=30.412..30.412 rows=1298989 loops=1)
                                                                     Index Cond: (info_type_id = 4)
                                                                     Buffers: shared hit=1 read=1018
                                             ->  Index Scan using title_pkey on title t  (cost=0.43..3.59 rows=1 width=8) (actual time=0.033..0.033 rows=1 loops=517788)
                                                   Index Cond: (id = mi2.movie_id)
                                                   Filter: ((production_year <= 2015) AND (1975 < production_year))
                                                   Rows Removed by Filter: 0
                                                   Buffers: shared hit=2027693 read=43459
                                       ->  Memoize  (cost=0.14..0.16 rows=1 width=4) (actual time=0.000..0.000 rows=1 loops=412154)
                                             Cache Key: t.kind_id
                                             Cache Mode: logical
                                             Hits: 412148  Misses: 6  Evictions: 0  Overflows: 0  Memory Usage: 1kB
                                             Buffers: shared hit=11 read=1
                                             ->  Index Scan using kind_type_pkey on kind_type kt  (cost=0.13..0.15 rows=1 width=4) (actual time=0.013..0.013 rows=0 loops=6)
                                                   Index Cond: (id = t.kind_id)
                                                   Filter: ((kind)::text = ANY ('{episode,movie,"video movie"}'::text[]))
                                                   Rows Removed by Filter: 0
                                                   Buffers: shared hit=11 read=1
                                 ->  Materialize  (cost=0.00..2.42 rows=1 width=4) (actual time=0.000..0.000 rows=1 loops=350926)
                                       Buffers: shared hit=1
                                       ->  Seq Scan on info_type it1  (cost=0.00..2.41 rows=1 width=4) (actual time=0.013..0.017 rows=1 loops=1)
                                             Filter: (id = 8)
                                             Rows Removed by Filter: 112
                                             Buffers: shared hit=1
                           ->  Materialize  (cost=0.00..2.42 rows=1 width=4) (actual time=0.000..0.000 rows=1 loops=350926)
                                 Buffers: shared hit=1
                                 ->  Seq Scan on info_type it2  (cost=0.00..2.41 rows=1 width=4) (actual time=0.004..0.009 rows=1 loops=1)
                                       Filter: (id = 4)
                                       Rows Removed by Filter: 112
                                       Buffers: shared hit=1
                     ->  Index Scan using movie_id_cast_info on cast_info ci  (cost=0.44..43.32 rows=38 width=12) (actual time=0.035..0.237 rows=23 loops=350926)
                           Index Cond: (movie_id = t.id)
                           Buffers: shared hit=7655000 read=1261770
               ->  Hash  (cost=1.15..1.15 rows=2 width=4) (actual time=0.049..0.049 rows=2 loops=1)
                     Buckets: 1024  Batches: 1  Memory Usage: 9kB
                     Buffers: shared hit=1
                     ->  Seq Scan on role_type rt  (cost=0.00..1.15 rows=2 width=4) (actual time=0.032..0.036 rows=2 loops=1)
                           Filter: ((role)::text = ANY ('{composer,editor}'::text[]))
                           Rows Removed by Filter: 10
                           Buffers: shared hit=1
         ->  Index Scan using name_pkey on name n  (cost=0.43..2.32 rows=1 width=4) (actual time=0.037..0.037 rows=0 loops=430163)
               Index Cond: (id = ci.person_id)
               Filter: ((gender)::text = ANY ('{f,m}'::text[]))
               Rows Removed by Filter: 1
               Buffers: shared hit=1544395 read=176257
 Planning:
   Buffers: shared hit=520 read=54
 Planning Time: 18.870 ms
 Execution Time: 123371.014 ms
(93 rows)

