                                                                                               QUERY PLAN                                                                                               
--------------------------------------------------------------------------------------------------------------------------------------------------------------------------------------------------------
 Aggregate  (cost=485036.63..485036.64 rows=1 width=8) (actual time=6386.278..6386.285 rows=1 loops=1)
   Buffers: shared hit=558571 read=97243
   ->  Nested Loop  (cost=13061.06..485036.47 rows=65 width=0) (actual time=37.263..6382.943 rows=21885 loops=1)
         Buffers: shared hit=558571 read=97243
         ->  Hash Join  (cost=13060.63..484804.52 rows=100 width=4) (actual time=37.223..5527.899 rows=24090 loops=1)
               Hash Cond: (ci.role_id = rt.id)
               Buffers: shared hit=473075 read=86379
               ->  Nested Loop  (cost=13059.45..484801.21 rows=602 width=8) (actual time=37.175..5510.315 rows=76046 loops=1)
                     Buffers: shared hit=473074 read=86379
                     ->  Nested Loop  (cost=13059.01..482964.31 rows=42 width=12) (actual time=37.138..4576.814 rows=5018 loops=1)
                           Buffers: shared hit=408013 read=62471
                           ->  Seq Scan on info_type it2  (cost=0.00..2.41 rows=1 width=4) (actual time=0.022..0.030 rows=1 loops=1)
                                 Filter: (id = 4)
                                 Rows Removed by Filter: 112
                                 Buffers: shared read=1
                           ->  Nested Loop  (cost=13059.01..482961.48 rows=42 width=16) (actual time=37.115..4575.593 rows=5018 loops=1)
                                 Buffers: shared hit=408013 read=62470
                                 ->  Seq Scan on info_type it1  (cost=0.00..2.41 rows=1 width=4) (actual time=0.007..0.018 rows=1 loops=1)
                                       Filter: (id = 8)
                                       Rows Removed by Filter: 112
                                       Buffers: shared hit=1
                                 ->  Nested Loop  (cost=13059.01..482958.65 rows=42 width=20) (actual time=37.106..4574.286 rows=5018 loops=1)
                                       Buffers: shared hit=408012 read=62470
                                       ->  Hash Join  (cost=13058.58..401169.78 rows=1933 width=12) (actual time=36.870..3780.278 rows=9384 loops=1)
                                             Hash Cond: (t.kind_id = kt.id)
                                             Buffers: shared hit=343417 read=40456
                                             ->  Nested Loop  (cost=13057.44..401149.64 rows=4511 width=16) (actual time=36.834..3763.367 rows=71288 loops=1)
                                                   Buffers: shared hit=343416 read=40456
                                                   ->  Bitmap Heap Scan on movie_info mi2  (cost=13057.00..355210.16 rows=6544 width=8) (actual time=36.793..434.432 rows=93971 loops=1)
                                                         Recheck Cond: (info_type_id = 4)
                                                         Filter: ((info)::text = ANY ('{Polish,Spanish}'::text[]))
                                                         Rows Removed by Filter: 1205018
                                                         Heap Blocks: exact=8393
                                                         Buffers: shared hit=8 read=9404
                                                         ->  Bitmap Index Scan on info_type_id_movie_info  (cost=0.00..13055.37 rows=1221191 width=0) (actual time=34.855..34.856 rows=1298989 loops=1)
                                                               Index Cond: (info_type_id = 4)
                                                               Buffers: shared read=1019
                                                   ->  Memoize  (cost=0.44..7.07 rows=1 width=8) (actual time=0.035..0.035 rows=1 loops=93971)
                                                         Cache Key: mi2.movie_id
                                                         Cache Mode: logical
                                                         Hits: 356  Misses: 93615  Evictions: 8027  Overflows: 0  Memory Usage: 8193kB
                                                         Buffers: shared hit=343408 read=31052
                                                         ->  Index Scan using title_pkey on title t  (cost=0.43..7.06 rows=1 width=8) (actual time=0.034..0.034 rows=1 loops=93615)
                                                               Index Cond: (id = mi2.movie_id)
                                                               Filter: ((production_year <= 2015) AND (1990 < production_year))
                                                               Rows Removed by Filter: 0
                                                               Buffers: shared hit=343408 read=31052
                                             ->  Hash  (cost=1.10..1.10 rows=3 width=4) (actual time=0.014..0.015 rows=3 loops=1)
                                                   Buckets: 1024  Batches: 1  Memory Usage: 9kB
                                                   Buffers: shared hit=1
                                                   ->  Seq Scan on kind_type kt  (cost=0.00..1.10 rows=3 width=4) (actual time=0.007..0.008 rows=3 loops=1)
                                                         Filter: ((kind)::text = ANY ('{"tv movie","tv series","video game"}'::text[]))
                                                         Rows Removed by Filter: 4
                                                         Buffers: shared hit=1
                                       ->  Index Scan using movie_id_movie_info on movie_info mi1  (cost=0.43..42.30 rows=1 width=8) (actual time=0.078..0.084 rows=1 loops=9384)
                                             Index Cond: (movie_id = t.id)
                                             Filter: ((info_type_id = 8) AND ((info)::text = ANY ('{Poland,Spain,USA}'::text[])))
                                             Rows Removed by Filter: 7
                                             Buffers: shared hit=64595 read=22014
                     ->  Index Scan using movie_id_cast_info on cast_info ci  (cost=0.44..43.36 rows=38 width=12) (actual time=0.037..0.182 rows=15 loops=5018)
                           Index Cond: (movie_id = t.id)
                           Buffers: shared hit=65061 read=23908
               ->  Hash  (cost=1.15..1.15 rows=2 width=4) (actual time=0.028..0.029 rows=2 loops=1)
                     Buckets: 1024  Batches: 1  Memory Usage: 9kB
                     Buffers: shared hit=1
                     ->  Seq Scan on role_type rt  (cost=0.00..1.15 rows=2 width=4) (actual time=0.021..0.023 rows=2 loops=1)
                           Filter: ((role)::text = ANY ('{actress,writer}'::text[]))
                           Rows Removed by Filter: 10
                           Buffers: shared hit=1
         ->  Index Scan using name_pkey on name n  (cost=0.43..2.32 rows=1 width=4) (actual time=0.035..0.035 rows=1 loops=24090)
               Index Cond: (id = ci.person_id)
               Filter: ((gender)::text = ANY ('{f,m}'::text[]))
               Rows Removed by Filter: 0
               Buffers: shared hit=85496 read=10864
 Planning:
   Buffers: shared hit=486 read=88
 Planning Time: 13.057 ms
 Execution Time: 6388.280 ms
(78 rows)

