                                                                                                  QUERY PLAN                                                                                                  
--------------------------------------------------------------------------------------------------------------------------------------------------------------------------------------------------------------
 Aggregate  (cost=933448.33..933448.34 rows=1 width=8) (actual time=132424.795..132424.803 rows=1 loops=1)
   Buffers: shared hit=12157533 read=1501332, temp read=8546 written=8533
   ->  Nested Loop  (cost=857780.57..933447.48 rows=338 width=0) (actual time=1016.295..132399.150 rows=89855 loops=1)
         Buffers: shared hit=12157533 read=1501332, temp read=8546 written=8533
         ->  Seq Scan on info_type it2  (cost=0.00..2.41 rows=1 width=4) (actual time=0.028..0.038 rows=1 loops=1)
               Filter: (id = 4)
               Rows Removed by Filter: 112
               Buffers: shared hit=1
         ->  Nested Loop  (cost=857780.57..933441.69 rows=338 width=4) (actual time=1016.265..132376.690 rows=89855 loops=1)
               Buffers: shared hit=12157532 read=1501332, temp read=8546 written=8533
               ->  Seq Scan on info_type it1  (cost=0.00..2.41 rows=1 width=4) (actual time=0.010..0.022 rows=1 loops=1)
                     Filter: (id = 8)
                     Rows Removed by Filter: 112
                     Buffers: shared hit=1
               ->  Nested Loop  (cost=857780.57..933435.90 rows=338 width=8) (actual time=1016.254..132354.256 rows=89855 loops=1)
                     Buffers: shared hit=12157531 read=1501332, temp read=8546 written=8533
                     ->  Hash Join  (cost=857780.14..931566.36 rows=806 width=12) (actual time=988.975..122771.030 rows=251367 loops=1)
                           Hash Cond: (ci.role_id = rt.id)
                           Buffers: shared hit=11277126 read=1376269, temp read=8546 written=8533
                           ->  Nested Loop  (cost=857778.97..931530.84 rows=9675 width=16) (actual time=988.713..120942.287 rows=9557720 loops=1)
                                 Buffers: shared hit=11277125 read=1376269, temp read=8546 written=8533
                                 ->  Nested Loop  (cost=857778.53..902060.56 rows=675 width=20) (actual time=988.689..20384.866 rows=418499 loops=1)
                                       Buffers: shared hit=2069505 read=46612, temp read=8546 written=8533
                                       ->  Nested Loop  (cost=857778.39..902021.81 rows=1575 width=24) (actual time=988.589..19930.770 rows=486688 loops=1)
                                             Join Filter: (t.id = mi1.movie_id)
                                             Buffers: shared hit=2069494 read=46611, temp read=8546 written=8533
                                             ->  Merge Join  (cost=857777.96..858559.61 rows=12431 width=16) (actual time=988.545..1807.522 rows=524450 loops=1)
                                                   Merge Cond: (mi1.movie_id = mi2.movie_id)
                                                   Buffers: shared hit=7850 read=10455, temp read=8546 written=8533
                                                   ->  Sort  (cost=391481.53..391628.59 rows=58823 width=8) (actual time=412.401..539.443 rows=653918 loops=1)
                                                         Sort Key: mi1.movie_id
                                                         Sort Method: external sort  Disk: 14136kB
                                                         Buffers: shared hit=2210 read=6683, temp read=3527 written=3536
                                                         ->  Bitmap Heap Scan on movie_info mi1  (cost=14226.25..386821.55 rows=58823 width=8) (actual time=37.449..252.567 rows=653918 loops=1)
                                                               Recheck Cond: (info_type_id = 8)
                                                               Filter: ((info)::text = ANY ('{China,Croatia,Germany,Hungary,India,Nigeria,Peru,Philippines,Serbia,Sweden,USA}'::text[]))
                                                               Rows Removed by Filter: 671443
                                                               Heap Blocks: exact=7853
                                                               Buffers: shared hit=2210 read=6683
                                                               ->  Bitmap Index Scan on info_type_id_movie_info  (cost=0.00..14211.52 rows=1329478 width=0) (actual time=36.471..36.472 rows=1325361 loops=1)
                                                                     Index Cond: (info_type_id = 8)
                                                                     Buffers: shared read=1040
                                                   ->  Sort  (cost=466296.43..466478.04 rows=72644 width=8) (actual time=576.136..798.723 rows=931061 loops=1)
                                                         Sort Key: mi2.movie_id
                                                         Sort Method: external sort  Disk: 19976kB
                                                         Buffers: shared hit=5640 read=3772, temp read=5002 written=4997
                                                         ->  Bitmap Heap Scan on movie_info mi2  (cost=13073.53..460430.95 rows=72644 width=8) (actual time=30.453..350.953 rows=924390 loops=1)
                                                               Recheck Cond: (info_type_id = 4)
                                                               Filter: ((info)::text = ANY ('{Arabic,Croatian,English,Japanese,Marathi,None,Serbian,Spanish,Yoruba}'::text[]))
                                                               Rows Removed by Filter: 374599
                                                               Heap Blocks: exact=8393
                                                               Buffers: shared hit=5640 read=3772
                                                               ->  Bitmap Index Scan on info_type_id_movie_info  (cost=0.00..13055.37 rows=1221191 width=0) (actual time=29.415..29.416 rows=1298989 loops=1)
                                                                     Index Cond: (info_type_id = 4)
                                                                     Buffers: shared hit=1 read=1018
                                             ->  Index Scan using title_pkey on title t  (cost=0.43..3.48 rows=1 width=8) (actual time=0.034..0.034 rows=1 loops=524450)
                                                   Index Cond: (id = mi2.movie_id)
                                                   Filter: ((production_year <= 2015) AND (1925 < production_year))
                                                   Rows Removed by Filter: 0
                                                   Buffers: shared hit=2061644 read=36156
                                       ->  Memoize  (cost=0.14..0.16 rows=1 width=4) (actual time=0.000..0.000 rows=1 loops=486688)
                                             Cache Key: t.kind_id
                                             Cache Mode: logical
                                             Hits: 486682  Misses: 6  Evictions: 0  Overflows: 0  Memory Usage: 1kB
                                             Buffers: shared hit=11 read=1
                                             ->  Index Scan using kind_type_pkey on kind_type kt  (cost=0.13..0.15 rows=1 width=4) (actual time=0.013..0.013 rows=0 loops=6)
                                                   Index Cond: (id = t.kind_id)
                                                   Filter: ((kind)::text = ANY ('{episode,movie,"video movie"}'::text[]))
                                                   Rows Removed by Filter: 0
                                                   Buffers: shared hit=11 read=1
                                 ->  Index Scan using movie_id_cast_info on cast_info ci  (cost=0.44..43.28 rows=38 width=12) (actual time=0.035..0.233 rows=23 loops=418499)
                                       Index Cond: (movie_id = t.id)
                                       Buffers: shared hit=9207620 read=1329657
                           ->  Hash  (cost=1.15..1.15 rows=1 width=4) (actual time=0.015..0.016 rows=1 loops=1)
                                 Buckets: 1024  Batches: 1  Memory Usage: 9kB
                                 Buffers: shared hit=1
                                 ->  Seq Scan on role_type rt  (cost=0.00..1.15 rows=1 width=4) (actual time=0.007..0.008 rows=1 loops=1)
                                       Filter: ((role)::text = 'cinematographer'::text)
                                       Rows Removed by Filter: 11
                                       Buffers: shared hit=1
                     ->  Index Scan using name_pkey on name n  (cost=0.43..2.32 rows=1 width=4) (actual time=0.037..0.037 rows=0 loops=251367)
                           Index Cond: (id = ci.person_id)
                           Filter: ((gender)::text = 'm'::text)
                           Rows Removed by Filter: 1
                           Buffers: shared hit=880405 read=125063
 Planning:
   Buffers: shared hit=531 read=46
 Planning Time: 13.465 ms
 Execution Time: 132434.749 ms
(89 rows)

