                                                                                                   QUERY PLAN                                                                                                   
----------------------------------------------------------------------------------------------------------------------------------------------------------------------------------------------------------------
 Aggregate  (cost=697246.00..697246.01 rows=1 width=8) (actual time=14341.990..14341.997 rows=1 loops=1)
   Buffers: shared hit=1292877 read=175925
   ->  Nested Loop  (cost=13062.16..697245.98 rows=7 width=0) (actual time=47.402..14341.833 rows=187 loops=1)
         Buffers: shared hit=1292877 read=175925
         ->  Seq Scan on info_type it2  (cost=0.00..2.41 rows=1 width=4) (actual time=0.037..0.047 rows=1 loops=1)
               Filter: (id = 4)
               Rows Removed by Filter: 112
               Buffers: shared hit=1
         ->  Nested Loop  (cost=13062.16..697243.50 rows=7 width=4) (actual time=47.363..14341.698 rows=187 loops=1)
               Buffers: shared hit=1292876 read=175925
               ->  Seq Scan on info_type it1  (cost=0.00..2.41 rows=1 width=4) (actual time=0.007..0.018 rows=1 loops=1)
                     Filter: (id = 8)
                     Rows Removed by Filter: 112
                     Buffers: shared hit=1
               ->  Nested Loop  (cost=13062.16..697241.02 rows=7 width=8) (actual time=47.353..14341.581 rows=187 loops=1)
                     Buffers: shared hit=1292875 read=175925
                     ->  Hash Join  (cost=13061.73..697166.79 rows=32 width=12) (actual time=39.649..13850.746 rows=13136 loops=1)
                           Hash Cond: (ci.role_id = rt.id)
                           Buffers: shared hit=1243613 read=172643
                           ->  Nested Loop  (cost=13060.56..697164.26 rows=387 width=16) (actual time=37.585..13786.812 rows=369938 loops=1)
                                 Buffers: shared hit=1243612 read=172643
                                 ->  Nested Loop  (cost=13060.12..695983.40 rows=27 width=20) (actual time=37.493..9453.142 rows=25417 loops=1)
                                       Buffers: shared hit=886200 read=92140
                                       ->  Hash Join  (cost=13059.66..559697.51 rows=3215 width=12) (actual time=37.430..7113.484 rows=27646 loops=1)
                                             Hash Cond: (t.kind_id = kt.id)
                                             Buffers: shared hit=679181 read=44164
                                             ->  Nested Loop  (cost=13058.53..559664.76 rows=7502 width=16) (actual time=37.393..7085.084 rows=100613 loops=1)
                                                   Buffers: shared hit=679180 read=44164
                                                   ->  Bitmap Heap Scan on movie_info mi2  (cost=13058.09..490473.87 rows=10883 width=8) (actual time=37.305..881.258 rows=182171 loops=1)
                                                         Recheck Cond: (info_type_id = 4)
                                                         Filter: ((info)::text = ANY ('{Cantonese,Catalan,Danish,French,German,Greek,Hungarian,Korean,Malayalam,Tagalog,Turkish}'::text[]))
                                                         Rows Removed by Filter: 1116818
                                                         Heap Blocks: exact=8393
                                                         Buffers: shared hit=28 read=9384
                                                         ->  Bitmap Index Scan on info_type_id_movie_info  (cost=0.00..13055.37 rows=1221191 width=0) (actual time=34.410..34.410 rows=1298989 loops=1)
                                                               Index Cond: (info_type_id = 4)
                                                               Buffers: shared read=1019
                                                   ->  Memoize  (cost=0.44..6.44 rows=1 width=8) (actual time=0.034..0.034 rows=1 loops=182171)
                                                         Cache Key: mi2.movie_id
                                                         Cache Mode: logical
                                                         Hits: 3688  Misses: 178483  Evictions: 85609  Overflows: 0  Memory Usage: 8193kB
                                                         Buffers: shared hit=679152 read=34780
                                                         ->  Index Scan using title_pkey on title t  (cost=0.43..6.43 rows=1 width=8) (actual time=0.033..0.033 rows=1 loops=178483)
                                                               Index Cond: (id = mi2.movie_id)
                                                               Filter: ((production_year <= 2015) AND (1990 < production_year))
                                                               Rows Removed by Filter: 0
                                                               Buffers: shared hit=679152 read=34780
                                             ->  Hash  (cost=1.10..1.10 rows=3 width=4) (actual time=0.018..0.019 rows=3 loops=1)
                                                   Buckets: 1024  Batches: 1  Memory Usage: 9kB
                                                   Buffers: shared hit=1
                                                   ->  Seq Scan on kind_type kt  (cost=0.00..1.10 rows=3 width=4) (actual time=0.010..0.011 rows=3 loops=1)
                                                         Filter: ((kind)::text = ANY ('{"tv movie","tv series","video game"}'::text[]))
                                                         Rows Removed by Filter: 4
                                                         Buffers: shared hit=1
                                       ->  Index Scan using movie_id_movie_info on movie_info mi1  (cost=0.46..42.38 rows=1 width=8) (actual time=0.075..0.084 rows=1 loops=27646)
                                             Index Cond: (movie_id = t.id)
                                             Filter: ((info_type_id = 8) AND ((info)::text = ANY ('{Denmark,France,Germany,Greece,"Hong Kong",Hungary,India,Philippines,"South Korea",Spain,Turkey}'::text[])))
                                             Rows Removed by Filter: 7
                                             Buffers: shared hit=207019 read=47976
                                 ->  Index Scan using movie_id_cast_info on cast_info ci  (cost=0.44..43.36 rows=38 width=12) (actual time=0.035..0.166 rows=15 loops=25417)
                                       Index Cond: (movie_id = t.id)
                                       Buffers: shared hit=357412 read=80503
                           ->  Hash  (cost=1.15..1.15 rows=1 width=4) (actual time=0.013..0.014 rows=1 loops=1)
                                 Buckets: 1024  Batches: 1  Memory Usage: 9kB
                                 Buffers: shared hit=1
                                 ->  Seq Scan on role_type rt  (cost=0.00..1.15 rows=1 width=4) (actual time=0.007..0.009 rows=1 loops=1)
                                       Filter: ((role)::text = 'cinematographer'::text)
                                       Rows Removed by Filter: 11
                                       Buffers: shared hit=1
                     ->  Index Scan using name_pkey on name n  (cost=0.43..2.32 rows=1 width=4) (actual time=0.037..0.037 rows=0 loops=13136)
                           Index Cond: (id = ci.person_id)
                           Filter: ((gender)::text = 'f'::text)
                           Rows Removed by Filter: 1
                           Buffers: shared hit=49262 read=3282
 Planning:
   Buffers: shared hit=486 read=91
 Planning Time: 13.076 ms
 Execution Time: 14344.486 ms
(78 rows)

