                                                                                               QUERY PLAN                                                                                               
--------------------------------------------------------------------------------------------------------------------------------------------------------------------------------------------------------
 Aggregate  (cost=776392.41..776392.42 rows=1 width=8) (actual time=8330.325..8330.332 rows=1 loops=1)
   Buffers: shared hit=824443 read=24925
   ->  Nested Loop  (cost=532657.32..776392.27 rows=56 width=0) (actual time=7793.630..8330.295 rows=162 loops=1)
         Buffers: shared hit=824443 read=24925
         ->  Seq Scan on info_type it2  (cost=0.00..2.41 rows=1 width=4) (actual time=0.047..0.051 rows=1 loops=1)
               Filter: (id = 4)
               Rows Removed by Filter: 112
               Buffers: shared hit=1
         ->  Nested Loop  (cost=532657.32..776389.30 rows=56 width=4) (actual time=7793.581..8330.221 rows=162 loops=1)
               Buffers: shared hit=824442 read=24925
               ->  Seq Scan on info_type it1  (cost=0.00..2.41 rows=1 width=4) (actual time=0.009..0.014 rows=1 loops=1)
                     Filter: (id = 8)
                     Rows Removed by Filter: 112
                     Buffers: shared hit=1
               ->  Nested Loop  (cost=532657.32..776386.33 rows=56 width=8) (actual time=7793.571..8330.182 rows=162 loops=1)
                     Join Filter: (t.id = mi2.movie_id)
                     Buffers: shared hit=824441 read=24925
                     ->  Nested Loop  (cost=532656.89..688760.57 rows=2075 width=16) (actual time=7793.520..8315.867 rows=180 loops=1)
                           Buffers: shared hit=823149 read=24449
                           ->  Hash Join  (cost=532656.46..668035.66 rows=8935 width=20) (actual time=7791.164..8058.858 rows=12015 loops=1)
                                 Hash Cond: (ci.movie_id = t.id)
                                 Buffers: shared hit=779245 read=20293
                                 ->  Nested Loop  (cost=0.44..123965.00 rows=3020080 width=8) (actual time=0.141..185.983 rows=773674 loops=1)
                                       Buffers: shared hit=1200 read=3892
                                       ->  Seq Scan on role_type rt  (cost=0.00..1.15 rows=1 width=4) (actual time=0.009..0.012 rows=1 loops=1)
                                             Filter: ((role)::text = 'composer'::text)
                                             Rows Removed by Filter: 11
                                             Buffers: shared hit=1
                                       ->  Index Scan using role_id_cast_info on cast_info ci  (cost=0.44..91017.52 rows=3294633 width=12) (actual time=0.129..120.673 rows=773674 loops=1)
                                             Index Cond: (role_id = rt.id)
                                             Buffers: shared hit=1199 read=3892
                                 ->  Hash  (cost=532562.52..532562.52 rows=7480 width=12) (actual time=7790.375..7790.378 rows=30738 loops=1)
                                       Buckets: 32768 (originally 8192)  Batches: 1 (originally 1)  Memory Usage: 1577kB
                                       Buffers: shared hit=778045 read=16401
                                       ->  Hash Join  (cost=14217.77..532562.52 rows=7480 width=12) (actual time=38.284..7776.277 rows=30738 loops=1)
                                             Hash Cond: (t.kind_id = kt.id)
                                             Buffers: shared hit=778045 read=16401
                                             ->  Nested Loop  (cost=14216.64..532487.83 rows=17454 width=16) (actual time=38.240..7730.452 rows=179298 loops=1)
                                                   Buffers: shared hit=778044 read=16401
                                                   ->  Bitmap Heap Scan on movie_info mi1  (cost=14216.20..431981.27 rows=18725 width=8) (actual time=38.202..764.022 rows=199388 loops=1)
                                                         Recheck Cond: (info_type_id = 8)
                                                         Filter: ((info)::text = ANY ('{Australia,Brazil,Egypt,France,Germany,India,Ireland}'::text[]))
                                                         Rows Removed by Filter: 1125973
                                                         Heap Blocks: exact=7853
                                                         Buffers: shared hit=3134 read=5759
                                                         ->  Bitmap Index Scan on info_type_id_movie_info  (cost=0.00..14211.52 rows=1329478 width=0) (actual time=37.217..37.217 rows=1325361 loops=1)
                                                               Index Cond: (info_type_id = 8)
                                                               Buffers: shared read=1040
                                                   ->  Memoize  (cost=0.44..5.49 rows=1 width=8) (actual time=0.034..0.034 rows=1 loops=199388)
                                                         Cache Key: mi1.movie_id
                                                         Cache Mode: logical
                                                         Hits: 3000  Misses: 196388  Evictions: 114455  Overflows: 0  Memory Usage: 8193kB
                                                         Buffers: shared hit=774910 read=10642
                                                         ->  Index Scan using title_pkey on title t  (cost=0.43..5.48 rows=1 width=8) (actual time=0.034..0.034 rows=1 loops=196388)
                                                               Index Cond: (id = mi1.movie_id)
                                                               Filter: ((production_year <= 2015) AND (1925 < production_year))
                                                               Rows Removed by Filter: 0
                                                               Buffers: shared hit=774910 read=10642
                                             ->  Hash  (cost=1.10..1.10 rows=3 width=4) (actual time=0.019..0.020 rows=3 loops=1)
                                                   Buckets: 1024  Batches: 1  Memory Usage: 9kB
                                                   Buffers: shared hit=1
                                                   ->  Seq Scan on kind_type kt  (cost=0.00..1.10 rows=3 width=4) (actual time=0.011..0.013 rows=3 loops=1)
                                                         Filter: ((kind)::text = ANY ('{"tv movie","tv series","video game"}'::text[]))
                                                         Rows Removed by Filter: 4
                                                         Buffers: shared hit=1
                           ->  Index Scan using name_pkey on name n  (cost=0.43..2.32 rows=1 width=4) (actual time=0.021..0.021 rows=0 loops=12015)
                                 Index Cond: (id = ci.person_id)
                                 Filter: ((gender)::text = 'f'::text)
                                 Rows Removed by Filter: 1
                                 Buffers: shared hit=43904 read=4156
                     ->  Index Scan using movie_id_movie_info on movie_info mi2  (cost=0.43..42.22 rows=1 width=8) (actual time=0.047..0.079 rows=1 loops=180)
                           Index Cond: (movie_id = ci.movie_id)
                           Filter: ((info_type_id = 4) AND ((info)::text = ANY ('{Arabic,English,French,Malayalam,Portuguese}'::text[])))
                           Rows Removed by Filter: 9
                           Buffers: shared hit=1292 read=476
 Planning:
   Buffers: shared hit=503 read=71
 Planning Time: 14.347 ms
 Execution Time: 8332.329 ms
(79 rows)

