                                                                                               QUERY PLAN                                                                                               
--------------------------------------------------------------------------------------------------------------------------------------------------------------------------------------------------------
 Aggregate  (cost=494546.65..494546.66 rows=1 width=8) (actual time=15331.560..15331.568 rows=1 loops=1)
   Buffers: shared hit=1473208 read=116553
   ->  Nested Loop  (cost=13062.03..494546.65 rows=3 width=0) (actual time=48.013..15328.131 rows=13133 loops=1)
         Buffers: shared hit=1473208 read=116553
         ->  Hash Join  (cost=13061.60..494530.41 rows=7 width=4) (actual time=46.552..14081.906 rows=33954 loops=1)
               Hash Cond: (ci.role_id = rt.id)
               Buffers: shared hit=1341104 read=112841
               ->  Nested Loop  (cost=13060.43..494529.08 rows=43 width=8) (actual time=46.354..13993.030 rows=428768 loops=1)
                     Buffers: shared hit=1341103 read=112841
                     ->  Nested Loop  (cost=13059.99..494394.44 rows=3 width=12) (actual time=46.316..9353.937 rows=19196 loops=1)
                           Buffers: shared hit=912210 read=62674
                           ->  Seq Scan on info_type it2  (cost=0.00..2.41 rows=1 width=4) (actual time=0.033..0.043 rows=1 loops=1)
                                 Filter: (id = 4)
                                 Rows Removed by Filter: 112
                                 Buffers: shared hit=1
                           ->  Nested Loop  (cost=13059.99..494392.00 rows=3 width=16) (actual time=46.282..9348.658 rows=19196 loops=1)
                                 Buffers: shared hit=912209 read=62674
                                 ->  Seq Scan on info_type it1  (cost=0.00..2.41 rows=1 width=4) (actual time=0.009..0.021 rows=1 loops=1)
                                       Filter: (id = 8)
                                       Rows Removed by Filter: 112
                                       Buffers: shared hit=1
                                 ->  Nested Loop  (cost=13059.99..494389.55 rows=3 width=20) (actual time=46.270..9343.496 rows=19196 loops=1)
                                       Buffers: shared hit=912208 read=62674
                                       ->  Hash Join  (cost=13059.55..467321.52 rows=626 width=12) (actual time=46.183..6160.941 rows=31439 loops=1)
                                             Hash Cond: (t.kind_id = kt.id)
                                             Buffers: shared hit=624351 read=18278
                                             ->  Nested Loop  (cost=13058.42..467314.22 rows=1461 width=16) (actual time=38.190..6143.950 rows=33460 loops=1)
                                                   Buffers: shared hit=624350 read=18278
                                                   ->  Bitmap Heap Scan on movie_info mi2  (cost=13057.98..400298.68 rows=10442 width=8) (actual time=38.136..651.235 rows=161514 loops=1)
                                                         Recheck Cond: (info_type_id = 4)
                                                         Filter: ((info)::text = ANY ('{Czech,French,German,Portuguese,Swedish}'::text[]))
                                                         Rows Removed by Filter: 1137475
                                                         Heap Blocks: exact=8393
                                                         Buffers: shared hit=60 read=9352
                                                         ->  Bitmap Index Scan on info_type_id_movie_info  (cost=0.00..13055.37 rows=1221191 width=0) (actual time=35.869..35.869 rows=1298989 loops=1)
                                                               Index Cond: (info_type_id = 4)
                                                               Buffers: shared hit=1 read=1018
                                                   ->  Memoize  (cost=0.44..6.49 rows=1 width=8) (actual time=0.034..0.034 rows=0 loops=161514)
                                                         Cache Key: mi2.movie_id
                                                         Cache Mode: logical
                                                         Hits: 3210  Misses: 158304  Evictions: 48633  Overflows: 0  Memory Usage: 8193kB
                                                         Buffers: shared hit=624290 read=8926
                                                         ->  Index Scan using title_pkey on title t  (cost=0.43..6.48 rows=1 width=8) (actual time=0.033..0.033 rows=0 loops=158304)
                                                               Index Cond: (id = mi2.movie_id)
                                                               Filter: ((production_year <= 1975) AND (1925 < production_year))
                                                               Rows Removed by Filter: 1
                                                               Buffers: shared hit=624290 read=8926
                                             ->  Hash  (cost=1.10..1.10 rows=3 width=4) (actual time=0.015..0.015 rows=3 loops=1)
                                                   Buckets: 1024  Batches: 1  Memory Usage: 9kB
                                                   Buffers: shared hit=1
                                                   ->  Seq Scan on kind_type kt  (cost=0.00..1.10 rows=3 width=4) (actual time=0.008..0.010 rows=3 loops=1)
                                                         Filter: ((kind)::text = ANY ('{episode,movie,"tv movie"}'::text[]))
                                                         Rows Removed by Filter: 4
                                                         Buffers: shared hit=1
                                       ->  Index Scan using movie_id_movie_info on movie_info mi1  (cost=0.43..43.23 rows=1 width=8) (actual time=0.096..0.101 rows=1 loops=31439)
                                             Index Cond: (movie_id = t.id)
                                             Filter: ((info_type_id = 8) AND ((info)::text = ANY ('{Brazil,Czechoslovakia,"East Germany",France,Germany,Sweden}'::text[])))
                                             Rows Removed by Filter: 12
                                             Buffers: shared hit=287857 read=44396
                     ->  Index Scan using movie_id_cast_info on cast_info ci  (cost=0.44..44.50 rows=38 width=12) (actual time=0.037..0.235 rows=22 loops=19196)
                           Index Cond: (movie_id = t.id)
                           Buffers: shared hit=428893 read=50167
               ->  Hash  (cost=1.15..1.15 rows=2 width=4) (actual time=0.036..0.036 rows=2 loops=1)
                     Buckets: 1024  Batches: 1  Memory Usage: 9kB
                     Buffers: shared hit=1
                     ->  Seq Scan on role_type rt  (cost=0.00..1.15 rows=2 width=4) (actual time=0.027..0.030 rows=2 loops=1)
                           Filter: ((role)::text = ANY ('{cinematographer,composer}'::text[]))
                           Rows Removed by Filter: 10
                           Buffers: shared hit=1
         ->  Index Scan using name_pkey on name n  (cost=0.43..2.32 rows=1 width=4) (actual time=0.036..0.036 rows=0 loops=33954)
               Index Cond: (id = ci.person_id)
               Filter: ((gender)::text = 'm'::text)
               Rows Removed by Filter: 1
               Buffers: shared hit=132104 read=3712
 Planning:
   Buffers: shared hit=574
 Planning Time: 13.154 ms
 Execution Time: 15334.208 ms
(78 rows)

