                                                                                            QUERY PLAN                                                                                            
--------------------------------------------------------------------------------------------------------------------------------------------------------------------------------------------------
 Aggregate  (cost=622574.24..622574.25 rows=1 width=8) (actual time=31100.609..31100.617 rows=1 loops=1)
   Buffers: shared hit=2798889 read=413609, temp read=2700 written=2700
   ->  Nested Loop  (cost=93687.22..622574.10 rows=57 width=0) (actual time=1044.957..31099.800 rows=1612 loops=1)
         Buffers: shared hit=2798889 read=413609, temp read=2700 written=2700
         ->  Seq Scan on info_type it2  (cost=0.00..2.41 rows=1 width=4) (actual time=0.047..0.057 rows=1 loops=1)
               Filter: (id = 4)
               Rows Removed by Filter: 112
               Buffers: shared hit=1
         ->  Nested Loop  (cost=93687.22..622571.12 rows=57 width=4) (actual time=1044.907..31099.191 rows=1612 loops=1)
               Buffers: shared hit=2798888 read=413609, temp read=2700 written=2700
               ->  Seq Scan on info_type it1  (cost=0.00..2.41 rows=1 width=4) (actual time=0.010..0.022 rows=1 loops=1)
                     Filter: (id = 8)
                     Rows Removed by Filter: 112
                     Buffers: shared hit=1
               ->  Nested Loop  (cost=93687.22..622568.14 rows=57 width=8) (actual time=1044.894..31098.570 rows=1612 loops=1)
                     Buffers: shared hit=2798887 read=413609, temp read=2700 written=2700
                     ->  Hash Join  (cost=93686.79..622252.68 rows=136 width=12) (actual time=558.634..30658.913 rows=11950 loops=1)
                           Hash Cond: (ci.role_id = rt.id)
                           Buffers: shared hit=2752658 read=412038, temp read=2700 written=2700
                           ->  Nested Loop  (cost=93685.63..622245.72 rows=1634 width=16) (actual time=556.795..30397.636 rows=1501871 loops=1)
                                 Buffers: shared hit=2752657 read=412038, temp read=2700 written=2700
                                 ->  Nested Loop  (cost=93685.19..617166.52 rows=114 width=20) (actual time=556.768..14200.556 rows=96251 loops=1)
                                       Buffers: shared hit=1209386 read=207741, temp read=2700 written=2700
                                       ->  Hash Join  (cost=93684.75..437601.71 rows=4194 width=12) (actual time=556.693..1354.756 rows=119986 loops=1)
                                             Hash Cond: (mi1.movie_id = t.id)
                                             Buffers: shared hit=29244 read=16041, temp read=2700 written=2700
                                             ->  Bitmap Heap Scan on movie_info mi1  (cost=14225.05..356707.16 rows=54110 width=8) (actual time=36.782..438.744 rows=575187 loops=1)
                                                   Recheck Cond: (info_type_id = 8)
                                                   Filter: ((info)::text = ANY ('{Australia,USA}'::text[]))
                                                   Rows Removed by Filter: 750174
                                                   Heap Blocks: exact=7853
                                                   Buffers: shared hit=1443 read=7450
                                                   ->  Bitmap Index Scan on info_type_id_movie_info  (cost=0.00..14211.52 rows=1329478 width=0) (actual time=35.803..35.803 rows=1325361 loops=1)
                                                         Index Cond: (info_type_id = 8)
                                                         Buffers: shared read=1040
                                             ->  Hash  (cost=76244.10..76244.10 rows=195968 width=4) (actual time=518.131..518.134 rows=439726 loops=1)
                                                   Buckets: 262144 (originally 262144)  Batches: 4 (originally 2)  Memory Usage: 6145kB
                                                   Buffers: shared hit=27801 read=8591, temp written=966
                                                   ->  Hash Join  (cost=1.13..76244.10 rows=195968 width=4) (actual time=0.055..447.940 rows=439726 loops=1)
                                                         Hash Cond: (t.kind_id = kt.id)
                                                         Buffers: shared hit=27801 read=8591
                                                         ->  Seq Scan on title t  (cost=0.00..74315.95 rows=457258 width=8) (actual time=0.034..395.661 rows=451569 loops=1)
                                                               Filter: ((production_year <= 1975) AND (1875 < production_year))
                                                               Rows Removed by Filter: 2076743
                                                               Buffers: shared hit=27800 read=8591
                                                         ->  Hash  (cost=1.10..1.10 rows=3 width=4) (actual time=0.017..0.018 rows=3 loops=1)
                                                               Buckets: 1024  Batches: 1  Memory Usage: 9kB
                                                               Buffers: shared hit=1
                                                               ->  Seq Scan on kind_type kt  (cost=0.00..1.10 rows=3 width=4) (actual time=0.010..0.011 rows=3 loops=1)
                                                                     Filter: ((kind)::text = ANY ('{episode,movie,"tv movie"}'::text[]))
                                                                     Rows Removed by Filter: 4
                                                                     Buffers: shared hit=1
                                       ->  Index Scan using movie_id_movie_info on movie_info mi2  (cost=0.43..42.80 rows=1 width=8) (actual time=0.051..0.106 rows=1 loops=119986)
                                             Index Cond: (movie_id = t.id)
                                             Filter: (((info)::text = ANY ('{English,Spanish}'::text[])) AND (info_type_id = 4))
                                             Rows Removed by Filter: 14
                                             Buffers: shared hit=1180142 read=191700
                                 ->  Index Scan using movie_id_cast_info on cast_info ci  (cost=0.44..44.17 rows=38 width=12) (actual time=0.036..0.164 rows=16 loops=96251)
                                       Index Cond: (movie_id = t.id)
                                       Buffers: shared hit=1543271 read=204297
                           ->  Hash  (cost=1.15..1.15 rows=1 width=4) (actual time=0.018..0.019 rows=1 loops=1)
                                 Buckets: 1024  Batches: 1  Memory Usage: 9kB
                                 Buffers: shared hit=1
                                 ->  Seq Scan on role_type rt  (cost=0.00..1.15 rows=1 width=4) (actual time=0.011..0.012 rows=1 loops=1)
                                       Filter: ((role)::text = 'costume designer'::text)
                                       Rows Removed by Filter: 11
                                       Buffers: shared hit=1
                     ->  Index Scan using name_pkey on name n  (cost=0.43..2.32 rows=1 width=4) (actual time=0.036..0.036 rows=0 loops=11950)
                           Index Cond: (id = ci.person_id)
                           Filter: ((gender)::text = 'm'::text)
                           Rows Removed by Filter: 1
                           Buffers: shared hit=46229 read=1571
 Planning:
   Buffers: shared hit=520 read=54
 Planning Time: 12.816 ms
 Execution Time: 31101.240 ms
(76 rows)

