                                                                                               QUERY PLAN                                                                                               
--------------------------------------------------------------------------------------------------------------------------------------------------------------------------------------------------------
 Aggregate  (cost=409998.60..409998.61 rows=1 width=8) (actual time=2743.259..2743.265 rows=1 loops=1)
   Buffers: shared hit=249089 read=32872
   ->  Nested Loop  (cost=13060.47..409998.59 rows=1 width=0) (actual time=2497.086..2743.259 rows=1 loops=1)
         Buffers: shared hit=249089 read=32872
         ->  Hash Join  (cost=13060.04..409996.27 rows=1 width=4) (actual time=153.688..2742.299 rows=29 loops=1)
               Hash Cond: (ci.role_id = rt.id)
               Buffers: shared hit=249038 read=32807
               ->  Nested Loop  (cost=13058.88..409995.06 rows=14 width=8) (actual time=38.835..2741.913 rows=2209 loops=1)
                     Buffers: shared hit=249037 read=32807
                     ->  Nested Loop  (cost=13058.44..409950.18 rows=1 width=12) (actual time=38.791..2719.938 rows=147 loops=1)
                           Buffers: shared hit=247683 read=31548
                           ->  Nested Loop  (cost=13058.44..409947.76 rows=1 width=16) (actual time=38.786..2717.987 rows=147 loops=1)
                                 Buffers: shared hit=247536 read=31548
                                 ->  Nested Loop  (cost=13058.44..409945.34 rows=1 width=20) (actual time=38.762..2715.082 rows=147 loops=1)
                                       Buffers: shared hit=247389 read=31548
                                       ->  Hash Join  (cost=13058.00..402482.61 rows=173 width=12) (actual time=38.648..2670.192 rows=553 loops=1)
                                             Hash Cond: (t.kind_id = kt.id)
                                             Buffers: shared hit=244178 read=29867
                                             ->  Nested Loop  (cost=13056.89..402478.93 rows=607 width=16) (actual time=38.598..2667.185 rows=12591 loops=1)
                                                   Buffers: shared hit=244177 read=29867
                                                   ->  Bitmap Heap Scan on movie_info mi2  (cost=13056.45..370238.79 rows=4336 width=8) (actual time=38.142..423.091 rows=66565 loops=1)
                                                         Recheck Cond: (info_type_id = 4)
                                                         Filter: ((info)::text = ANY ('{French,Hungarian,Telugu}'::text[]))
                                                         Rows Removed by Filter: 1232424
                                                         Heap Blocks: exact=8393
                                                         Buffers: shared hit=3700 read=5712
                                                         ->  Bitmap Index Scan on info_type_id_movie_info  (cost=0.00..13055.37 rows=1221191 width=0) (actual time=36.090..36.091 rows=1298989 loops=1)
                                                               Index Cond: (info_type_id = 4)
                                                               Buffers: shared read=1019
                                                   ->  Memoize  (cost=0.44..7.46 rows=1 width=8) (actual time=0.033..0.033 rows=0 loops=66565)
                                                         Cache Key: mi2.movie_id
                                                         Cache Mode: logical
                                                         Hits: 407  Misses: 66158  Evictions: 0  Overflows: 0  Memory Usage: 4883kB
                                                         Buffers: shared hit=240477 read=24155
                                                         ->  Index Scan using title_pkey on title t  (cost=0.43..7.45 rows=1 width=8) (actual time=0.033..0.033 rows=0 loops=66158)
                                                               Index Cond: (id = mi2.movie_id)
                                                               Filter: ((production_year <= 1975) AND (1925 < production_year))
                                                               Rows Removed by Filter: 1
                                                               Buffers: shared hit=240477 read=24155
                                             ->  Hash  (cost=1.09..1.09 rows=2 width=4) (actual time=0.020..0.021 rows=2 loops=1)
                                                   Buckets: 1024  Batches: 1  Memory Usage: 9kB
                                                   Buffers: shared hit=1
                                                   ->  Seq Scan on kind_type kt  (cost=0.00..1.09 rows=2 width=4) (actual time=0.011..0.013 rows=2 loops=1)
                                                         Filter: ((kind)::text = ANY ('{"tv series","video movie"}'::text[]))
                                                         Rows Removed by Filter: 5
                                                         Buffers: shared hit=1
                                       ->  Index Scan using movie_id_movie_info on movie_info mi1  (cost=0.43..43.13 rows=1 width=8) (actual time=0.079..0.081 rows=0 loops=553)
                                             Index Cond: (movie_id = t.id)
                                             Filter: ((info_type_id = 8) AND ((info)::text = ANY ('{Canada,Hungary,India,Italy}'::text[])))
                                             Rows Removed by Filter: 10
                                             Buffers: shared hit=3211 read=1681
                                 ->  Seq Scan on info_type it1  (cost=0.00..2.41 rows=1 width=4) (actual time=0.012..0.018 rows=1 loops=147)
                                       Filter: (id = 8)
                                       Rows Removed by Filter: 112
                                       Buffers: shared hit=147
                           ->  Seq Scan on info_type it2  (cost=0.00..2.41 rows=1 width=4) (actual time=0.005..0.012 rows=1 loops=147)
                                 Filter: (id = 4)
                                 Rows Removed by Filter: 112
                                 Buffers: shared hit=147
                     ->  Index Scan using movie_id_cast_info on cast_info ci  (cost=0.44..44.50 rows=38 width=12) (actual time=0.028..0.146 rows=15 loops=147)
                           Index Cond: (movie_id = t.id)
                           Buffers: shared hit=1354 read=1259
               ->  Hash  (cost=1.15..1.15 rows=1 width=4) (actual time=0.034..0.035 rows=1 loops=1)
                     Buckets: 1024  Batches: 1  Memory Usage: 9kB
                     Buffers: shared hit=1
                     ->  Seq Scan on role_type rt  (cost=0.00..1.15 rows=1 width=4) (actual time=0.027..0.028 rows=1 loops=1)
                           Filter: ((role)::text = 'miscellaneous crew'::text)
                           Rows Removed by Filter: 11
                           Buffers: shared hit=1
         ->  Index Scan using name_pkey on name n  (cost=0.43..2.32 rows=1 width=4) (actual time=0.032..0.032 rows=0 loops=29)
               Index Cond: (id = ci.person_id)
               Filter: ((gender)::text = 'f'::text)
               Rows Removed by Filter: 1
               Buffers: shared hit=51 read=65
 Planning:
   Buffers: shared hit=483 read=91
 Planning Time: 13.375 ms
 Execution Time: 2744.619 ms
(78 rows)

