                                                                                            QUERY PLAN                                                                                            
--------------------------------------------------------------------------------------------------------------------------------------------------------------------------------------------------
 Aggregate  (cost=533541.36..533541.37 rows=1 width=8) (actual time=1084.962..1084.970 rows=1 loops=1)
   Buffers: shared hit=56650 read=36002, temp read=421 written=421
   ->  Nested Loop  (cost=93678.64..533541.34 rows=6 width=0) (actual time=472.982..1084.951 rows=14 loops=1)
         Buffers: shared hit=56650 read=36002, temp read=421 written=421
         ->  Seq Scan on info_type it2  (cost=0.00..2.41 rows=1 width=4) (actual time=0.047..0.054 rows=1 loops=1)
               Filter: (id = 4)
               Rows Removed by Filter: 112
               Buffers: shared hit=1
         ->  Nested Loop  (cost=93678.64..533538.87 rows=6 width=4) (actual time=472.934..1084.888 rows=14 loops=1)
               Buffers: shared hit=56649 read=36002, temp read=421 written=421
               ->  Seq Scan on info_type it1  (cost=0.00..2.41 rows=1 width=4) (actual time=0.009..0.020 rows=1 loops=1)
                     Filter: (id = 8)
                     Rows Removed by Filter: 112
                     Buffers: shared hit=1
               ->  Nested Loop  (cost=93678.64..533536.40 rows=6 width=8) (actual time=472.922..1084.858 rows=14 loops=1)
                     Buffers: shared hit=56648 read=36002, temp read=421 written=421
                     ->  Hash Join  (cost=93678.21..533480.73 rows=24 width=12) (actual time=442.283..1079.637 rows=207 loops=1)
                           Hash Cond: (ci.role_id = rt.id)
                           Buffers: shared hit=56080 read=35742, temp read=421 written=421
                           ->  Nested Loop  (cost=93677.03..533479.04 rows=143 width=16) (actual time=438.618..1077.040 rows=21779 loops=1)
                                 Buffers: shared hit=56079 read=35742, temp read=421 written=421
                                 ->  Nested Loop  (cost=93676.59..533033.50 rows=10 width=20) (actual time=438.591..823.526 rows=2160 loops=1)
                                       Buffers: shared hit=38231 read=25703, temp read=421 written=421
                                       ->  Hash Join  (cost=93676.16..467280.35 rows=1523 width=12) (actual time=438.528..682.363 rows=2259 loops=1)
                                             Hash Cond: (mi1.movie_id = t.id)
                                             Buffers: shared hit=23035 read=22250, temp read=421 written=421
                                             ->  Bitmap Heap Scan on movie_info mi1  (cost=14216.45..386811.75 rows=19645 width=8) (actual time=39.195..228.283 rows=236447 loops=1)
                                                   Recheck Cond: (info_type_id = 8)
                                                   Filter: ((info)::text = ANY ('{Brazil,Finland,France,India,Japan,"South Korea","Soviet Union",Spain,Turkey}'::text[]))
                                                   Rows Removed by Filter: 1088914
                                                   Heap Blocks: exact=7853
                                                   Buffers: shared hit=3669 read=5224
                                                   ->  Bitmap Index Scan on info_type_id_movie_info  (cost=0.00..14211.52 rows=1329478 width=0) (actual time=38.177..38.177 rows=1325361 loops=1)
                                                         Index Cond: (info_type_id = 8)
                                                         Buffers: shared hit=1 read=1039
                                             ->  Hash  (cost=76244.10..76244.10 rows=195968 width=4) (actual time=398.220..398.223 rows=11843 loops=1)
                                                   Buckets: 262144  Batches: 2  Memory Usage: 2260kB
                                                   Buffers: shared hit=19366 read=17026, temp written=17
                                                   ->  Hash Join  (cost=1.13..76244.10 rows=195968 width=4) (actual time=0.137..395.643 rows=11843 loops=1)
                                                         Hash Cond: (t.kind_id = kt.id)
                                                         Buffers: shared hit=19366 read=17026
                                                         ->  Seq Scan on title t  (cost=0.00..74315.95 rows=457258 width=8) (actual time=0.023..370.184 rows=451569 loops=1)
                                                               Filter: ((production_year <= 1975) AND (1875 < production_year))
                                                               Rows Removed by Filter: 2076743
                                                               Buffers: shared hit=19365 read=17026
                                                         ->  Hash  (cost=1.10..1.10 rows=3 width=4) (actual time=0.014..0.015 rows=3 loops=1)
                                                               Buckets: 1024  Batches: 1  Memory Usage: 9kB
                                                               Buffers: shared hit=1
                                                               ->  Seq Scan on kind_type kt  (cost=0.00..1.10 rows=3 width=4) (actual time=0.007..0.008 rows=3 loops=1)
                                                                     Filter: ((kind)::text = ANY ('{"tv series","video game","video movie"}'::text[]))
                                                                     Rows Removed by Filter: 4
                                                                     Buffers: shared hit=1
                                       ->  Index Scan using movie_id_movie_info on movie_info mi2  (cost=0.43..43.16 rows=1 width=8) (actual time=0.050..0.062 rows=1 loops=2259)
                                             Index Cond: (movie_id = t.id)
                                             Filter: ((info_type_id = 4) AND ((info)::text = ANY ('{Finnish,French,Hindi,Japanese,Korean,Portuguese,Russian,Spanish,Turkish}'::text[])))
                                             Rows Removed by Filter: 5
                                             Buffers: shared hit=15196 read=3453
                                 ->  Index Scan using movie_id_cast_info on cast_info ci  (cost=0.44..44.17 rows=38 width=12) (actual time=0.031..0.115 rows=10 loops=2160)
                                       Index Cond: (movie_id = t.id)
                                       Buffers: shared hit=17848 read=10039
                           ->  Hash  (cost=1.15..1.15 rows=2 width=4) (actual time=0.021..0.021 rows=2 loops=1)
                                 Buckets: 1024  Batches: 1  Memory Usage: 9kB
                                 Buffers: shared hit=1
                                 ->  Seq Scan on role_type rt  (cost=0.00..1.15 rows=2 width=4) (actual time=0.011..0.013 rows=2 loops=1)
                                       Filter: ((role)::text = ANY ('{"costume designer",editor}'::text[]))
                                       Rows Removed by Filter: 10
                                       Buffers: shared hit=1
                     ->  Index Scan using name_pkey on name n  (cost=0.43..2.32 rows=1 width=4) (actual time=0.025..0.025 rows=0 loops=207)
                           Index Cond: (id = ci.person_id)
                           Filter: ((gender)::text = 'f'::text)
                           Rows Removed by Filter: 1
                           Buffers: shared hit=568 read=260
 Planning:
   Buffers: shared hit=576 read=1
 Planning Time: 13.877 ms
 Execution Time: 1085.495 ms
(76 rows)

