                                                                                                  QUERY PLAN                                                                                                  
--------------------------------------------------------------------------------------------------------------------------------------------------------------------------------------------------------------
 Aggregate  (cost=956125.03..956125.04 rows=1 width=8) (actual time=177018.035..177018.043 rows=1 loops=1)
   Buffers: shared hit=15697592 read=1971011, temp read=9024 written=8982
   ->  Nested Loop  (cost=873363.37..956124.52 rows=206 width=0) (actual time=984.742..176996.860 rows=59674 loops=1)
         Buffers: shared hit=15697592 read=1971011, temp read=9024 written=8982
         ->  Seq Scan on info_type it2  (cost=0.00..2.41 rows=1 width=4) (actual time=0.044..0.054 rows=1 loops=1)
               Filter: (id = 4)
               Rows Removed by Filter: 112
               Buffers: shared hit=1
         ->  Nested Loop  (cost=873363.37..956120.04 rows=206 width=4) (actual time=984.696..176979.796 rows=59674 loops=1)
               Buffers: shared hit=15697591 read=1971011, temp read=9024 written=8982
               ->  Seq Scan on info_type it1  (cost=0.00..2.41 rows=1 width=4) (actual time=0.009..0.021 rows=1 loops=1)
                     Filter: (id = 8)
                     Rows Removed by Filter: 112
                     Buffers: shared hit=1
               ->  Nested Loop  (cost=873363.37..956115.57 rows=206 width=8) (actual time=984.685..176961.946 rows=59674 loops=1)
                     Buffers: shared hit=15697590 read=1971011, temp read=9024 written=8982
                     ->  Hash Join  (cost=873362.94..954053.52 rows=889 width=12) (actual time=984.657..145401.398 rows=810946 loops=1)
                           Hash Cond: (ci.role_id = rt.id)
                           Buffers: shared hit=12716771 read=1708046, temp read=9024 written=8982
                           ->  Nested Loop  (cost=873361.78..954014.47 rows=10664 width=16) (actual time=984.458..143056.252 rows=10883000 loops=1)
                                 Buffers: shared hit=12716770 read=1708046, temp read=9024 written=8982
                                 ->  Nested Loop  (cost=873361.34..921531.68 rows=744 width=20) (actual time=984.434..23661.670 rows=478986 loops=1)
                                       Buffers: shared hit=2371808 read=42513, temp read=9024 written=8982
                                       ->  Nested Loop  (cost=873361.19..921489.10 rows=1735 width=24) (actual time=984.324..23163.357 rows=560398 loops=1)
                                             Join Filter: (t.id = mi1.movie_id)
                                             Buffers: shared hit=2371797 read=42512, temp read=9024 written=8982
                                             ->  Merge Join  (cost=873360.76..874186.67 rows=13693 width=16) (actual time=984.283..1896.288 rows=599001 loops=1)
                                                   Merge Cond: (mi1.movie_id = mi2.movie_id)
                                                   Buffers: shared hit=18103 read=202, temp read=9024 written=8982
                                                   ->  Sort  (cost=391807.79..391964.23 rows=62577 width=8) (actual time=411.370..549.292 rows=689040 loops=1)
                                                         Sort Key: mi1.movie_id
                                                         Sort Method: external sort  Disk: 14888kB
                                                         Buffers: shared hit=8893, temp read=3716 written=3725
                                                         ->  Bitmap Heap Scan on movie_info mi1  (cost=14227.19..386822.48 rows=62577 width=8) (actual time=36.014..242.868 rows=689040 loops=1)
                                                               Recheck Cond: (info_type_id = 8)
                                                               Filter: ((info)::text = ANY ('{Canada,Egypt,Greece,"Hong Kong",India,Italy,Philippines,Poland,Russia,USA}'::text[]))
                                                               Rows Removed by Filter: 636321
                                                               Heap Blocks: exact=7853
                                                               Buffers: shared hit=8893
                                                               ->  Bitmap Index Scan on info_type_id_movie_info  (cost=0.00..14211.52 rows=1329478 width=0) (actual time=35.049..35.049 rows=1325361 loops=1)
                                                                     Index Cond: (info_type_id = 8)
                                                                     Buffers: shared hit=1040
                                                   ->  Sort  (cost=481552.98..481741.02 rows=75218 width=8) (actual time=572.904..827.682 rows=985857 loops=1)
                                                         Sort Key: mi2.movie_id
                                                         Sort Method: external sort  Disk: 21016kB
                                                         Buffers: shared hit=9210 read=202, temp read=5276 written=5257
                                                         ->  Bitmap Heap Scan on movie_info mi2  (cost=13074.17..475460.77 rows=75218 width=8) (actual time=28.802..338.380 rows=972562 loops=1)
                                                               Recheck Cond: (info_type_id = 4)
                                                               Filter: ((info)::text = ANY ('{Arabic,Cantonese,English,Filipino,French,Greek,Polish,Russian,Spanish,Tamil}'::text[]))
                                                               Rows Removed by Filter: 326427
                                                               Heap Blocks: exact=8393
                                                               Buffers: shared hit=9210 read=202
                                                               ->  Bitmap Index Scan on info_type_id_movie_info  (cost=0.00..13055.37 rows=1221191 width=0) (actual time=27.772..27.772 rows=1298989 loops=1)
                                                                     Index Cond: (info_type_id = 4)
                                                                     Buffers: shared hit=1019
                                             ->  Index Scan using title_pkey on title t  (cost=0.43..3.44 rows=1 width=8) (actual time=0.035..0.035 rows=1 loops=599001)
                                                   Index Cond: (id = mi2.movie_id)
                                                   Filter: ((production_year <= 2015) AND (1925 < production_year))
                                                   Rows Removed by Filter: 0
                                                   Buffers: shared hit=2353694 read=42310
                                       ->  Memoize  (cost=0.14..0.16 rows=1 width=4) (actual time=0.000..0.000 rows=1 loops=560398)
                                             Cache Key: t.kind_id
                                             Cache Mode: logical
                                             Hits: 560392  Misses: 6  Evictions: 0  Overflows: 0  Memory Usage: 1kB
                                             Buffers: shared hit=11 read=1
                                             ->  Index Scan using kind_type_pkey on kind_type kt  (cost=0.13..0.15 rows=1 width=4) (actual time=0.013..0.013 rows=0 loops=6)
                                                   Index Cond: (id = t.kind_id)
                                                   Filter: ((kind)::text = ANY ('{episode,movie,"video movie"}'::text[]))
                                                   Rows Removed by Filter: 0
                                                   Buffers: shared hit=11 read=1
                                 ->  Index Scan using movie_id_cast_info on cast_info ci  (cost=0.44..43.28 rows=38 width=12) (actual time=0.036..0.242 rows=23 loops=478986)
                                       Index Cond: (movie_id = t.id)
                                       Buffers: shared hit=10344962 read=1665533
                           ->  Hash  (cost=1.15..1.15 rows=1 width=4) (actual time=0.017..0.018 rows=1 loops=1)
                                 Buckets: 1024  Batches: 1  Memory Usage: 9kB
                                 Buffers: shared hit=1
                                 ->  Seq Scan on role_type rt  (cost=0.00..1.15 rows=1 width=4) (actual time=0.009..0.011 rows=1 loops=1)
                                       Filter: ((role)::text = 'writer'::text)
                                       Rows Removed by Filter: 11
                                       Buffers: shared hit=1
                     ->  Index Scan using name_pkey on name n  (cost=0.43..2.32 rows=1 width=4) (actual time=0.038..0.038 rows=0 loops=810946)
                           Index Cond: (id = ci.person_id)
                           Filter: ((gender)::text = 'f'::text)
                           Rows Removed by Filter: 1
                           Buffers: shared hit=2980819 read=262965
 Planning:
   Buffers: shared hit=577
 Planning Time: 13.979 ms
 Execution Time: 177027.956 ms
(89 rows)

