                                                                                            QUERY PLAN                                                                                            
--------------------------------------------------------------------------------------------------------------------------------------------------------------------------------------------------
 Aggregate  (cost=679007.11..679007.12 rows=1 width=8) (actual time=38495.388..38495.398 rows=1 loops=1)
   Buffers: shared hit=3408435 read=572465, temp read=2433 written=2433
   ->  Nested Loop  (cost=91936.24..679006.93 rows=71 width=0) (actual time=506.145..38488.032 rows=25948 loops=1)
         Buffers: shared hit=3408435 read=572465, temp read=2433 written=2433
         ->  Seq Scan on info_type it2  (cost=0.00..2.41 rows=1 width=4) (actual time=0.042..0.054 rows=1 loops=1)
               Filter: (id = 4)
               Rows Removed by Filter: 112
               Buffers: shared hit=1
         ->  Nested Loop  (cost=91936.24..679003.81 rows=71 width=4) (actual time=506.101..38481.661 rows=25948 loops=1)
               Buffers: shared hit=3408434 read=572465, temp read=2433 written=2433
               ->  Seq Scan on info_type it1  (cost=0.00..2.41 rows=1 width=4) (actual time=0.010..0.024 rows=1 loops=1)
                     Filter: (id = 8)
                     Rows Removed by Filter: 112
                     Buffers: shared hit=1
               ->  Nested Loop  (cost=91936.24..679000.69 rows=71 width=8) (actual time=506.088..38475.085 rows=25948 loops=1)
                     Buffers: shared hit=3408433 read=572465, temp read=2433 written=2433
                     ->  Hash Join  (cost=91935.81..678606.37 rows=170 width=12) (actual time=506.053..35491.947 rows=79163 loops=1)
                           Hash Cond: (ci.role_id = rt.id)
                           Buffers: shared hit=3131730 read=532516, temp read=2433 written=2433
                           ->  Nested Loop  (cost=91934.65..678597.97 rows=2035 width=16) (actual time=505.843..35135.793 rows=2050610 loops=1)
                                 Buffers: shared hit=3131729 read=532516, temp read=2433 written=2433
                                 ->  Nested Loop  (cost=91934.21..672225.10 rows=142 width=20) (actual time=505.810..13536.107 rows=105521 loops=1)
                                       Buffers: shared hit=1101779 read=245956, temp read=2433 written=2433
                                       ->  Hash Join  (cost=91933.77..464876.13 rows=4784 width=12) (actual time=505.721..1574.610 rows=117756 loops=1)
                                             Hash Cond: (mi1.movie_id = t.id)
                                             Buffers: shared hit=1734 read=43551, temp read=2433 written=2433
                                             ->  Bitmap Heap Scan on movie_info mi1  (cost=14231.50..386826.79 rows=79792 width=8) (actual time=35.563..513.735 rows=863544 loops=1)
                                                   Recheck Cond: (info_type_id = 8)
                                                   Filter: ((info)::text = ANY ('{Argentina,Brazil,Canada,Finland,Germany,India,Philippines,Turkey,UK,USA,"West Germany"}'::text[]))
                                                   Rows Removed by Filter: 461817
                                                   Heap Blocks: exact=7853
                                                   Buffers: shared hit=4 read=8889
                                                   ->  Bitmap Index Scan on info_type_id_movie_info  (cost=0.00..14211.52 rows=1329478 width=0) (actual time=34.573..34.573 rows=1325361 loops=1)
                                                         Index Cond: (info_type_id = 8)
                                                         Buffers: shared read=1040
                                             ->  Hash  (cost=75807.58..75807.58 rows=151576 width=4) (actual time=468.760..468.763 rows=335746 loops=1)
                                                   Buckets: 262144 (originally 262144)  Batches: 2 (originally 1)  Memory Usage: 7957kB
                                                   Buffers: shared hit=1730 read=34662, temp written=491
                                                   ->  Hash Join  (cost=1.13..75807.58 rows=151576 width=4) (actual time=0.038..407.756 rows=335746 loops=1)
                                                         Hash Cond: (t.kind_id = kt.id)
                                                         Buffers: shared hit=1730 read=34662
                                                         ->  Seq Scan on title t  (cost=0.00..74315.95 rows=353677 width=8) (actual time=0.020..366.292 rows=347589 loops=1)
                                                               Filter: ((production_year <= 1975) AND (1925 < production_year))
                                                               Rows Removed by Filter: 2180723
                                                               Buffers: shared hit=1729 read=34662
                                                         ->  Hash  (cost=1.10..1.10 rows=3 width=4) (actual time=0.013..0.015 rows=3 loops=1)
                                                               Buckets: 1024  Batches: 1  Memory Usage: 9kB
                                                               Buffers: shared hit=1
                                                               ->  Seq Scan on kind_type kt  (cost=0.00..1.10 rows=3 width=4) (actual time=0.007..0.008 rows=3 loops=1)
                                                                     Filter: ((kind)::text = ANY ('{episode,movie,"tv movie"}'::text[]))
                                                                     Rows Removed by Filter: 4
                                                                     Buffers: shared hit=1
                                       ->  Index Scan using movie_id_movie_info on movie_info mi2  (cost=0.43..43.33 rows=1 width=8) (actual time=0.044..0.101 rows=1 loops=117756)
                                             Index Cond: (movie_id = t.id)
                                             Filter: ((info_type_id = 4) AND ((info)::text = ANY ('{English,Finnish,German,Hindi,Portuguese,Spanish,Tagalog,Turkish}'::text[])))
                                             Rows Removed by Filter: 13
                                             Buffers: shared hit=1100045 read=202405
                                 ->  Index Scan using movie_id_cast_info on cast_info ci  (cost=0.44..44.50 rows=38 width=12) (actual time=0.035..0.199 rows=19 loops=105521)
                                       Index Cond: (movie_id = t.id)
                                       Buffers: shared hit=2029950 read=286560
                           ->  Hash  (cost=1.15..1.15 rows=1 width=4) (actual time=0.020..0.021 rows=1 loops=1)
                                 Buckets: 1024  Batches: 1  Memory Usage: 9kB
                                 Buffers: shared hit=1
                                 ->  Seq Scan on role_type rt  (cost=0.00..1.15 rows=1 width=4) (actual time=0.013..0.014 rows=1 loops=1)
                                       Filter: ((role)::text = 'miscellaneous crew'::text)
                                       Rows Removed by Filter: 11
                                       Buffers: shared hit=1
                     ->  Index Scan using name_pkey on name n  (cost=0.43..2.32 rows=1 width=4) (actual time=0.037..0.037 rows=0 loops=79163)
                           Index Cond: (id = ci.person_id)
                           Filter: ((gender)::text = 'm'::text)
                           Rows Removed by Filter: 1
                           Buffers: shared hit=276703 read=39949
 Planning:
   Buffers: shared hit=487 read=90
 Planning Time: 13.164 ms
 Execution Time: 38496.043 ms
(76 rows)

