                                                                                               QUERY PLAN                                                                                               
--------------------------------------------------------------------------------------------------------------------------------------------------------------------------------------------------------
 Aggregate  (cost=511780.42..511780.43 rows=1 width=8) (actual time=4959.778..4959.784 rows=1 loops=1)
   Buffers: shared hit=465039 read=46347
   ->  Nested Loop  (cost=13061.16..511780.42 rows=2 width=0) (actual time=39.152..4959.011 rows=6113 loops=1)
         Buffers: shared hit=465039 read=46347
         ->  Hash Join  (cost=13060.73..511768.82 rows=5 width=4) (actual time=39.107..4734.299 rows=6611 loops=1)
               Hash Cond: (ci.role_id = rt.id)
               Buffers: shared hit=443484 read=41458
               ->  Nested Loop  (cost=13059.55..511767.55 rows=29 width=8) (actual time=38.911..4731.513 rows=10929 loops=1)
                     Buffers: shared hit=443483 read=41458
                     ->  Nested Loop  (cost=13059.11..511677.79 rows=2 width=12) (actual time=38.873..4607.048 rows=666 loops=1)
                           Buffers: shared hit=435315 read=36903
                           ->  Seq Scan on info_type it2  (cost=0.00..2.41 rows=1 width=4) (actual time=0.031..0.037 rows=1 loops=1)
                                 Filter: (id = 4)
                                 Rows Removed by Filter: 112
                                 Buffers: shared hit=1
                           ->  Nested Loop  (cost=13059.11..511675.35 rows=2 width=16) (actual time=38.840..4606.867 rows=666 loops=1)
                                 Buffers: shared hit=435314 read=36903
                                 ->  Seq Scan on info_type it1  (cost=0.00..2.41 rows=1 width=4) (actual time=0.013..0.020 rows=1 loops=1)
                                       Filter: (id = 8)
                                       Rows Removed by Filter: 112
                                       Buffers: shared hit=1
                                 ->  Nested Loop  (cost=13059.11..511672.92 rows=2 width=20) (actual time=38.823..4606.680 rows=666 loops=1)
                                       Buffers: shared hit=435313 read=36903
                                       ->  Hash Join  (cost=13058.68..493663.90 rows=416 width=12) (actual time=37.823..4538.316 rows=918 loops=1)
                                             Hash Cond: (t.kind_id = kt.id)
                                             Buffers: shared hit=430097 read=34116
                                             ->  Nested Loop  (cost=13057.54..493658.67 rows=971 width=16) (actual time=37.778..4532.512 rows=24535 loops=1)
                                                   Buffers: shared hit=430096 read=34116
                                                   ->  Bitmap Heap Scan on movie_info mi2  (cost=13057.10..445385.34 rows=6944 width=8) (actual time=37.673..649.197 rows=115998 loops=1)
                                                         Recheck Cond: (info_type_id = 4)
                                                         Filter: ((info)::text = ANY ('{French,Hungarian,Italian,Malayalam,Mandarin,Norwegian,Polish,Tamil}'::text[]))
                                                         Rows Removed by Filter: 1182991
                                                         Heap Blocks: exact=8393
                                                         Buffers: shared hit=2956 read=6456
                                                         ->  Bitmap Index Scan on info_type_id_movie_info  (cost=0.00..13055.37 rows=1221191 width=0) (actual time=35.130..35.130 rows=1298989 loops=1)
                                                               Index Cond: (info_type_id = 4)
                                                               Buffers: shared read=1019
                                                   ->  Memoize  (cost=0.44..7.00 rows=1 width=8) (actual time=0.033..0.033 rows=0 loops=115998)
                                                         Cache Key: mi2.movie_id
                                                         Cache Mode: logical
                                                         Hits: 2298  Misses: 113700  Evictions: 4435  Overflows: 0  Memory Usage: 8193kB
                                                         Buffers: shared hit=427140 read=27660
                                                         ->  Index Scan using title_pkey on title t  (cost=0.43..6.99 rows=1 width=8) (actual time=0.033..0.033 rows=0 loops=113700)
                                                               Index Cond: (id = mi2.movie_id)
                                                               Filter: ((production_year <= 1975) AND (1925 < production_year))
                                                               Rows Removed by Filter: 1
                                                               Buffers: shared hit=427140 read=27660
                                             ->  Hash  (cost=1.10..1.10 rows=3 width=4) (actual time=0.020..0.020 rows=3 loops=1)
                                                   Buckets: 1024  Batches: 1  Memory Usage: 9kB
                                                   Buffers: shared hit=1
                                                   ->  Seq Scan on kind_type kt  (cost=0.00..1.10 rows=3 width=4) (actual time=0.008..0.010 rows=3 loops=1)
                                                         Filter: ((kind)::text = ANY ('{"tv series","video game","video movie"}'::text[]))
                                                         Rows Removed by Filter: 4
                                                         Buffers: shared hit=1
                                       ->  Index Scan using movie_id_movie_info on movie_info mi1  (cost=0.43..43.28 rows=1 width=8) (actual time=0.063..0.074 rows=1 loops=918)
                                             Index Cond: (movie_id = t.id)
                                             Filter: ((info_type_id = 8) AND ((info)::text = ANY ('{Canada,France,Hungary,India,Norway,Poland,Taiwan}'::text[])))
                                             Rows Removed by Filter: 10
                                             Buffers: shared hit=5216 read=2787
                     ->  Index Scan using movie_id_cast_info on cast_info ci  (cost=0.44..44.50 rows=38 width=12) (actual time=0.031..0.183 rows=16 loops=666)
                           Index Cond: (movie_id = t.id)
                           Buffers: shared hit=8168 read=4555
               ->  Hash  (cost=1.15..1.15 rows=2 width=4) (actual time=0.039..0.039 rows=2 loops=1)
                     Buckets: 1024  Batches: 1  Memory Usage: 9kB
                     Buffers: shared hit=1
                     ->  Seq Scan on role_type rt  (cost=0.00..1.15 rows=2 width=4) (actual time=0.026..0.029 rows=2 loops=1)
                           Filter: ((role)::text = ANY ('{actor,writer}'::text[]))
                           Rows Removed by Filter: 10
                           Buffers: shared hit=1
         ->  Index Scan using name_pkey on name n  (cost=0.43..2.32 rows=1 width=4) (actual time=0.033..0.033 rows=1 loops=6611)
               Index Cond: (id = ci.person_id)
               Filter: ((gender)::text = 'm'::text)
               Rows Removed by Filter: 0
               Buffers: shared hit=21555 read=4889
 Planning:
   Buffers: shared hit=481 read=93
 Planning Time: 13.564 ms
 Execution Time: 4961.643 ms
(78 rows)

