                                                                                                  QUERY PLAN                                                                                                  
--------------------------------------------------------------------------------------------------------------------------------------------------------------------------------------------------------------
 Aggregate  (cost=954663.36..954663.37 rows=1 width=8) (actual time=158410.145..158410.153 rows=1 loops=1)
   Buffers: shared hit=14482525 read=1845697, temp read=9865 written=9824
   ->  Nested Loop  (cost=859678.88..954662.81 rows=218 width=0) (actual time=1112.251..158397.540 rows=29929 loops=1)
         Buffers: shared hit=14482525 read=1845697, temp read=9865 written=9824
         ->  Seq Scan on info_type it2  (cost=0.00..2.41 rows=1 width=4) (actual time=0.033..0.042 rows=1 loops=1)
               Filter: (id = 4)
               Rows Removed by Filter: 112
               Buffers: shared hit=1
         ->  Nested Loop  (cost=859678.88..954658.22 rows=218 width=4) (actual time=1112.217..158388.895 rows=29929 loops=1)
               Buffers: shared hit=14482524 read=1845697, temp read=9865 written=9824
               ->  Seq Scan on info_type it1  (cost=0.00..2.41 rows=1 width=4) (actual time=0.008..0.019 rows=1 loops=1)
                     Filter: (id = 8)
                     Rows Removed by Filter: 112
                     Buffers: shared hit=1
               ->  Nested Loop  (cost=859678.88..954653.63 rows=218 width=8) (actual time=1112.207..158379.627 rows=29929 loops=1)
                     Buffers: shared hit=14482523 read=1845697, temp read=9865 written=9824
                     ->  Hash Join  (cost=859678.45..952477.92 rows=938 width=12) (actual time=1014.504..141856.058 rows=430709 loops=1)
                           Hash Cond: (ci.role_id = rt.id)
                           Buffers: shared hit=12998046 read=1607338, temp read=9865 written=9824
                           ->  Nested Loop  (cost=859677.29..952436.78 rows=11252 width=16) (actual time=1014.215..139708.767 rows=10623812 loops=1)
                                 Buffers: shared hit=12998045 read=1607338, temp read=9865 written=9824
                                 ->  Nested Loop  (cost=859676.85..918134.09 rows=785 width=20) (actual time=1014.194..26886.879 rows=462425 loops=1)
                                       Buffers: shared hit=2824906 read=47559, temp read=9865 written=9824
                                       ->  Nested Loop  (cost=859676.70..918089.22 rows=1831 width=24) (actual time=1014.067..26400.505 rows=560774 loops=1)
                                             Join Filter: (t.id = mi1.movie_id)
                                             Buffers: shared hit=2824895 read=47558, temp read=9865 written=9824
                                             ->  Merge Join  (cost=859676.27..860611.64 rows=17001 width=16) (actual time=1014.019..1989.063 rows=713537 loops=1)
                                                   Merge Cond: (mi1.movie_id = mi2.movie_id)
                                                   Buffers: shared hit=11930 read=6375, temp read=9865 written=9824
                                                   ->  Sort  (cost=392707.51..392889.60 rows=72837 width=8) (actual time=436.104..590.829 rows=786845 loops=1)
                                                         Sort Key: mi1.movie_id
                                                         Sort Method: external sort  Disk: 17008kB
                                                         Buffers: shared hit=8893, temp read=4244 written=4255
                                                         ->  Bitmap Heap Scan on movie_info mi1  (cost=14229.76..386825.05 rows=72837 width=8) (actual time=36.082..244.800 rows=786845 loops=1)
                                                               Recheck Cond: (info_type_id = 8)
                                                               Filter: ((info)::text = ANY ('{Colombia,Croatia,Germany,India,Israel,Italy,Serbia,Singapore,Taiwan,UK,USA}'::text[]))
                                                               Rows Removed by Filter: 538516
                                                               Heap Blocks: exact=7853
                                                               Buffers: shared hit=8893
                                                               ->  Bitmap Index Scan on info_type_id_movie_info  (cost=0.00..14211.52 rows=1329478 width=0) (actual time=35.106..35.106 rows=1325361 loops=1)
                                                                     Index Cond: (info_type_id = 8)
                                                                     Buffers: shared hit=1040
                                                   ->  Sort  (cost=466968.77..467169.35 rows=80235 width=8) (actual time=577.907..834.198 rows=1045019 loops=1)
                                                         Sort Key: mi2.movie_id
                                                         Sort Method: external sort  Disk: 22264kB
                                                         Buffers: shared hit=3037 read=6375, temp read=5588 written=5569
                                                         ->  Bitmap Heap Scan on movie_info mi2  (cost=13075.43..460432.85 rows=80235 width=8) (actual time=30.862..329.793 rows=1029909 loops=1)
                                                               Recheck Cond: (info_type_id = 4)
                                                               Filter: ((info)::text = ANY ('{Croatian,English,French,German,Italian,Mandarin,Marathi,Serbian,Spanish}'::text[]))
                                                               Rows Removed by Filter: 269080
                                                               Heap Blocks: exact=8393
                                                               Buffers: shared hit=3037 read=6375
                                                               ->  Bitmap Index Scan on info_type_id_movie_info  (cost=0.00..13055.37 rows=1221191 width=0) (actual time=29.837..29.837 rows=1298989 loops=1)
                                                                     Index Cond: (info_type_id = 4)
                                                                     Buffers: shared hit=1 read=1018
                                             ->  Index Scan using title_pkey on title t  (cost=0.43..3.37 rows=1 width=8) (actual time=0.033..0.033 rows=1 loops=713537)
                                                   Index Cond: (id = mi2.movie_id)
                                                   Filter: ((production_year <= 2015) AND (1975 < production_year))
                                                   Rows Removed by Filter: 0
                                                   Buffers: shared hit=2812965 read=41183
                                       ->  Memoize  (cost=0.14..0.16 rows=1 width=4) (actual time=0.000..0.000 rows=1 loops=560774)
                                             Cache Key: t.kind_id
                                             Cache Mode: logical
                                             Hits: 560768  Misses: 6  Evictions: 0  Overflows: 0  Memory Usage: 1kB
                                             Buffers: shared hit=11 read=1
                                             ->  Index Scan using kind_type_pkey on kind_type kt  (cost=0.13..0.15 rows=1 width=4) (actual time=0.012..0.012 rows=0 loops=6)
                                                   Index Cond: (id = t.kind_id)
                                                   Filter: ((kind)::text = ANY ('{episode,movie,"video movie"}'::text[]))
                                                   Rows Removed by Filter: 0
                                                   Buffers: shared hit=11 read=1
                                 ->  Index Scan using movie_id_cast_info on cast_info ci  (cost=0.44..43.32 rows=38 width=12) (actual time=0.035..0.237 rows=23 loops=462425)
                                       Index Cond: (movie_id = t.id)
                                       Buffers: shared hit=10173139 read=1559779
                           ->  Hash  (cost=1.15..1.15 rows=1 width=4) (actual time=0.016..0.016 rows=1 loops=1)
                                 Buckets: 1024  Batches: 1  Memory Usage: 9kB
                                 Buffers: shared hit=1
                                 ->  Seq Scan on role_type rt  (cost=0.00..1.15 rows=1 width=4) (actual time=0.010..0.011 rows=1 loops=1)
                                       Filter: ((role)::text = 'director'::text)
                                       Rows Removed by Filter: 11
                                       Buffers: shared hit=1
                     ->  Index Scan using name_pkey on name n  (cost=0.43..2.32 rows=1 width=4) (actual time=0.038..0.038 rows=0 loops=430709)
                           Index Cond: (id = ci.person_id)
                           Filter: ((gender)::text = 'f'::text)
                           Rows Removed by Filter: 1
                           Buffers: shared hit=1484477 read=238359
 Planning:
   Buffers: shared hit=576 read=1
 Planning Time: 14.427 ms
 Execution Time: 158420.565 ms
(89 rows)

