                                                                                               QUERY PLAN                                                                                               
--------------------------------------------------------------------------------------------------------------------------------------------------------------------------------------------------------
 Aggregate  (cost=356672.95..356672.96 rows=1 width=8) (actual time=2078.127..2078.132 rows=1 loops=1)
   Buffers: shared hit=165596 read=45939
   ->  Nested Loop  (cost=13059.41..356672.95 rows=1 width=0) (actual time=102.111..2078.067 rows=108 loops=1)
         Buffers: shared hit=165596 read=45939
         ->  Hash Join  (cost=13058.98..356670.63 rows=1 width=4) (actual time=82.836..2063.567 rows=427 loops=1)
               Hash Cond: (ci.role_id = rt.id)
               Buffers: shared hit=164164 read=45663
               ->  Nested Loop  (cost=13057.82..356669.42 rows=14 width=8) (actual time=41.521..2056.163 rows=58032 loops=1)
                     Buffers: shared hit=164163 read=45663
                     ->  Nested Loop  (cost=13057.38..356625.72 rows=1 width=12) (actual time=41.483..1495.779 rows=2152 loops=1)
                           Buffers: shared hit=108907 read=37785
                           ->  Nested Loop  (cost=13057.38..356623.30 rows=1 width=16) (actual time=41.478..1454.676 rows=2152 loops=1)
                                 Buffers: shared hit=106755 read=37785
                                 ->  Nested Loop  (cost=13057.38..356620.87 rows=1 width=20) (actual time=41.457..1417.715 rows=2152 loops=1)
                                       Buffers: shared hit=104603 read=37785
                                       ->  Hash Join  (cost=13056.95..355733.94 rows=21 width=12) (actual time=39.577..718.050 rows=7431 loops=1)
                                             Hash Cond: (t.kind_id = kt.id)
                                             Buffers: shared hit=46035 read=16966
                                             ->  Nested Loop  (cost=13055.81..355732.60 rows=49 width=16) (actual time=38.451..715.004 rows=8974 loops=1)
                                                   Buffers: shared hit=46034 read=16966
                                                   ->  Bitmap Heap Scan on movie_info mi2  (cost=13055.38..355208.54 rows=62 width=8) (actual time=38.392..309.847 rows=13397 loops=1)
                                                         Recheck Cond: (info_type_id = 4)
                                                         Filter: ((info)::text = ANY ('{Czech,Mandarin}'::text[]))
                                                         Rows Removed by Filter: 1285592
                                                         Heap Blocks: exact=8393
                                                         Buffers: shared hit=2191 read=7221
                                                         ->  Bitmap Index Scan on info_type_id_movie_info  (cost=0.00..13055.37 rows=1221191 width=0) (actual time=36.462..36.462 rows=1298989 loops=1)
                                                               Index Cond: (info_type_id = 4)
                                                               Buffers: shared hit=1 read=1018
                                                   ->  Index Scan using title_pkey on title t  (cost=0.43..8.45 rows=1 width=8) (actual time=0.030..0.030 rows=1 loops=13397)
                                                         Index Cond: (id = mi2.movie_id)
                                                         Filter: ((production_year <= 2015) AND (1975 < production_year))
                                                         Rows Removed by Filter: 0
                                                         Buffers: shared hit=43843 read=9745
                                             ->  Hash  (cost=1.10..1.10 rows=3 width=4) (actual time=0.019..0.020 rows=3 loops=1)
                                                   Buckets: 1024  Batches: 1  Memory Usage: 9kB
                                                   Buffers: shared hit=1
                                                   ->  Seq Scan on kind_type kt  (cost=0.00..1.10 rows=3 width=4) (actual time=0.010..0.012 rows=3 loops=1)
                                                         Filter: ((kind)::text = ANY ('{episode,movie,"video movie"}'::text[]))
                                                         Rows Removed by Filter: 4
                                                         Buffers: shared hit=1
                                       ->  Index Scan using movie_id_movie_info on movie_info mi1  (cost=0.43..42.23 rows=1 width=8) (actual time=0.091..0.094 rows=0 loops=7431)
                                             Index Cond: (movie_id = t.id)
                                             Filter: (((info)::text = ANY ('{Czechoslovakia,"Hong Kong"}'::text[])) AND (info_type_id = 8))
                                             Rows Removed by Filter: 16
                                             Buffers: shared hit=58568 read=20819
                                 ->  Seq Scan on info_type it1  (cost=0.00..2.41 rows=1 width=4) (actual time=0.009..0.015 rows=1 loops=2152)
                                       Filter: (id = 8)
                                       Rows Removed by Filter: 112
                                       Buffers: shared hit=2152
                           ->  Seq Scan on info_type it2  (cost=0.00..2.41 rows=1 width=4) (actual time=0.011..0.018 rows=1 loops=2152)
                                 Filter: (id = 4)
                                 Rows Removed by Filter: 112
                                 Buffers: shared hit=2152
                     ->  Index Scan using movie_id_cast_info on cast_info ci  (cost=0.44..43.32 rows=38 width=12) (actual time=0.034..0.255 rows=27 loops=2152)
                           Index Cond: (movie_id = t.id)
                           Buffers: shared hit=55256 read=7878
               ->  Hash  (cost=1.15..1.15 rows=1 width=4) (actual time=0.037..0.037 rows=1 loops=1)
                     Buckets: 1024  Batches: 1  Memory Usage: 9kB
                     Buffers: shared hit=1
                     ->  Seq Scan on role_type rt  (cost=0.00..1.15 rows=1 width=4) (actual time=0.030..0.031 rows=1 loops=1)
                           Filter: ((role)::text = 'production designer'::text)
                           Rows Removed by Filter: 11
                           Buffers: shared hit=1
         ->  Index Scan using name_pkey on name n  (cost=0.43..2.32 rows=1 width=4) (actual time=0.033..0.033 rows=0 loops=427)
               Index Cond: (id = ci.person_id)
               Filter: ((gender)::text = 'm'::text)
               Rows Removed by Filter: 1
               Buffers: shared hit=1432 read=276
 Planning:
   Buffers: shared hit=574
 Planning Time: 13.141 ms
 Execution Time: 2078.656 ms
(73 rows)

