                                                                                               QUERY PLAN                                                                                               
--------------------------------------------------------------------------------------------------------------------------------------------------------------------------------------------------------
 Aggregate  (cost=373256.88..373256.89 rows=1 width=8) (actual time=820.145..820.154 rows=1 loops=1)
   Buffers: shared hit=67814 read=13442
   ->  Nested Loop  (cost=14215.54..373256.87 rows=1 width=0) (actual time=285.693..820.147 rows=1 loops=1)
         Buffers: shared hit=67814 read=13442
         ->  Hash Join  (cost=14215.11..373254.55 rows=1 width=4) (actual time=40.806..816.635 rows=91 loops=1)
               Hash Cond: (ci.role_id = rt.id)
               Buffers: shared hit=67507 read=13385
               ->  Nested Loop  (cost=14213.95..373253.34 rows=14 width=8) (actual time=38.101..815.757 rows=9130 loops=1)
                     Buffers: shared hit=67506 read=13385
                     ->  Nested Loop  (cost=14213.51..373209.68 rows=1 width=12) (actual time=38.067..728.043 rows=418 loops=1)
                           Buffers: shared hit=59936 read=10718
                           ->  Nested Loop  (cost=14213.51..373207.26 rows=1 width=16) (actual time=38.061..723.069 rows=418 loops=1)
                                 Buffers: shared hit=59518 read=10718
                                 ->  Nested Loop  (cost=14213.51..373204.84 rows=1 width=20) (actual time=38.038..718.124 rows=418 loops=1)
                                       Buffers: shared hit=59100 read=10718
                                       ->  Hash Join  (cost=14213.08..372613.91 rows=14 width=12) (actual time=37.924..656.388 rows=1046 loops=1)
                                             Hash Cond: (t.kind_id = kt.id)
                                             Buffers: shared hit=50982 read=9560
                                             ->  Nested Loop  (cost=14211.98..372612.40 rows=95 width=16) (actual time=37.877..654.487 rows=12868 loops=1)
                                                   Buffers: shared hit=50981 read=9560
                                                   ->  Bitmap Heap Scan on movie_info mi1  (cost=14211.55..371750.25 rows=102 width=8) (actual time=37.843..292.927 rows=12912 loops=1)
                                                         Recheck Cond: (info_type_id = 8)
                                                         Filter: ((info)::text = ANY ('{"Hong Kong",Israel,Venezuela}'::text[]))
                                                         Rows Removed by Filter: 1312449
                                                         Heap Blocks: exact=7853
                                                         Buffers: shared hit=3733 read=5160
                                                         ->  Bitmap Index Scan on info_type_id_movie_info  (cost=0.00..14211.52 rows=1329478 width=0) (actual time=36.713..36.713 rows=1325361 loops=1)
                                                               Index Cond: (info_type_id = 8)
                                                               Buffers: shared read=1040
                                                   ->  Index Scan using title_pkey on title t  (cost=0.43..8.45 rows=1 width=8) (actual time=0.028..0.028 rows=1 loops=12912)
                                                         Index Cond: (id = mi1.movie_id)
                                                         Filter: ((production_year <= 2015) AND (1925 < production_year))
                                                         Rows Removed by Filter: 0
                                                         Buffers: shared hit=47248 read=4400
                                             ->  Hash  (cost=1.09..1.09 rows=1 width=4) (actual time=0.020..0.021 rows=1 loops=1)
                                                   Buckets: 1024  Batches: 1  Memory Usage: 9kB
                                                   Buffers: shared hit=1
                                                   ->  Seq Scan on kind_type kt  (cost=0.00..1.09 rows=1 width=4) (actual time=0.009..0.010 rows=1 loops=1)
                                                         Filter: ((kind)::text = 'tv series'::text)
                                                         Rows Removed by Filter: 6
                                                         Buffers: shared hit=1
                                       ->  Index Scan using movie_id_movie_info on movie_info mi2  (cost=0.43..42.20 rows=1 width=8) (actual time=0.055..0.059 rows=0 loops=1046)
                                             Index Cond: (movie_id = t.id)
                                             Filter: (((info)::text = ANY ('{English,Spanish}'::text[])) AND (info_type_id = 4))
                                             Rows Removed by Filter: 7
                                             Buffers: shared hit=8118 read=1158
                                 ->  Seq Scan on info_type it1  (cost=0.00..2.41 rows=1 width=4) (actual time=0.006..0.011 rows=1 loops=418)
                                       Filter: (id = 8)
                                       Rows Removed by Filter: 112
                                       Buffers: shared hit=418
                           ->  Seq Scan on info_type it2  (cost=0.00..2.41 rows=1 width=4) (actual time=0.006..0.011 rows=1 loops=418)
                                 Filter: (id = 4)
                                 Rows Removed by Filter: 112
                                 Buffers: shared hit=418
                     ->  Index Scan using movie_id_cast_info on cast_info ci  (cost=0.44..43.28 rows=38 width=12) (actual time=0.030..0.207 rows=22 loops=418)
                           Index Cond: (movie_id = t.id)
                           Buffers: shared hit=7570 read=2667
               ->  Hash  (cost=1.15..1.15 rows=1 width=4) (actual time=0.034..0.035 rows=1 loops=1)
                     Buckets: 1024  Batches: 1  Memory Usage: 9kB
                     Buffers: shared hit=1
                     ->  Seq Scan on role_type rt  (cost=0.00..1.15 rows=1 width=4) (actual time=0.027..0.028 rows=1 loops=1)
                           Filter: ((role)::text = 'composer'::text)
                           Rows Removed by Filter: 11
                           Buffers: shared hit=1
         ->  Index Scan using name_pkey on name n  (cost=0.43..2.32 rows=1 width=4) (actual time=0.038..0.038 rows=0 loops=91)
               Index Cond: (id = ci.person_id)
               Filter: ((gender)::text = 'f'::text)
               Rows Removed by Filter: 1
               Buffers: shared hit=307 read=57
 Planning:
   Buffers: shared hit=529 read=45
 Planning Time: 13.817 ms
 Execution Time: 820.759 ms
(73 rows)

