                                                                                               QUERY PLAN                                                                                               
--------------------------------------------------------------------------------------------------------------------------------------------------------------------------------------------------------
 Aggregate  (cost=436211.24..436211.25 rows=1 width=8) (actual time=4135.517..4135.523 rows=1 loops=1)
   Buffers: shared hit=386327 read=41117
   ->  Nested Loop  (cost=13061.14..436211.23 rows=1 width=0) (actual time=52.217..4135.504 rows=15 loops=1)
         Buffers: shared hit=386327 read=41117
         ->  Hash Join  (cost=13060.71..436208.91 rows=1 width=4) (actual time=52.167..4133.504 rows=25 loops=1)
               Hash Cond: (ci.role_id = rt.id)
               Buffers: shared hit=386248 read=41096
               ->  Nested Loop  (cost=13059.54..436207.70 rows=14 width=8) (actual time=48.965..4133.316 rows=694 loops=1)
                     Buffers: shared hit=386247 read=41096
                     ->  Nested Loop  (cost=13059.10..436162.82 rows=1 width=12) (actual time=48.386..4122.801 rows=83 loops=1)
                           Buffers: shared hit=385836 read=40603
                           ->  Nested Loop  (cost=13059.10..436160.40 rows=1 width=16) (actual time=48.378..4121.625 rows=83 loops=1)
                                 Buffers: shared hit=385753 read=40603
                                 ->  Nested Loop  (cost=13059.10..436157.98 rows=1 width=20) (actual time=48.357..4119.499 rows=83 loops=1)
                                       Buffers: shared hit=385670 read=40603
                                       ->  Hash Join  (cost=13058.67..418320.41 rows=414 width=12) (actual time=37.264..4032.192 rows=1058 loops=1)
                                             Hash Cond: (t.kind_id = kt.id)
                                             Buffers: shared hit=379639 read=37190
                                             ->  Nested Loop  (cost=13057.53..418315.20 rows=967 width=16) (actual time=37.226..4026.188 rows=25154 loops=1)
                                                   Buffers: shared hit=379638 read=37190
                                                   ->  Bitmap Heap Scan on movie_info mi2  (cost=13057.09..370239.43 rows=6910 width=8) (actual time=37.166..483.565 rows=103130 loops=1)
                                                         Recheck Cond: (info_type_id = 4)
                                                         Filter: ((info)::text = ANY ('{German,Italian,Mandarin}'::text[]))
                                                         Rows Removed by Filter: 1195859
                                                         Heap Blocks: exact=8393
                                                         Buffers: shared hit=2045 read=7367
                                                         ->  Bitmap Index Scan on info_type_id_movie_info  (cost=0.00..13055.37 rows=1221191 width=0) (actual time=35.079..35.080 rows=1298989 loops=1)
                                                               Index Cond: (info_type_id = 4)
                                                               Buffers: shared read=1019
                                                   ->  Memoize  (cost=0.44..7.01 rows=1 width=8) (actual time=0.034..0.034 rows=0 loops=103130)
                                                         Cache Key: mi2.movie_id
                                                         Cache Mode: logical
                                                         Hits: 1276  Misses: 101854  Evictions: 0  Overflows: 0  Memory Usage: 7737kB
                                                         Buffers: shared hit=377593 read=29823
                                                         ->  Index Scan using title_pkey on title t  (cost=0.43..7.00 rows=1 width=8) (actual time=0.033..0.033 rows=0 loops=101854)
                                                               Index Cond: (id = mi2.movie_id)
                                                               Filter: ((production_year <= 1975) AND (1925 < production_year))
                                                               Rows Removed by Filter: 1
                                                               Buffers: shared hit=377593 read=29823
                                             ->  Hash  (cost=1.10..1.10 rows=3 width=4) (actual time=0.017..0.017 rows=3 loops=1)
                                                   Buckets: 1024  Batches: 1  Memory Usage: 9kB
                                                   Buffers: shared hit=1
                                                   ->  Seq Scan on kind_type kt  (cost=0.00..1.10 rows=3 width=4) (actual time=0.009..0.010 rows=3 loops=1)
                                                         Filter: ((kind)::text = ANY ('{"tv series","video game","video movie"}'::text[]))
                                                         Rows Removed by Filter: 4
                                                         Buffers: shared hit=1
                                       ->  Index Scan using movie_id_movie_info on movie_info mi1  (cost=0.43..43.08 rows=1 width=8) (actual time=0.081..0.082 rows=0 loops=1058)
                                             Index Cond: (movie_id = t.id)
                                             Filter: ((info_type_id = 8) AND ((info)::text = ANY ('{Austria,France,"Hong Kong"}'::text[])))
                                             Rows Removed by Filter: 10
                                             Buffers: shared hit=6031 read=3413
                                 ->  Seq Scan on info_type it1  (cost=0.00..2.41 rows=1 width=4) (actual time=0.017..0.023 rows=1 loops=83)
                                       Filter: (id = 8)
                                       Rows Removed by Filter: 112
                                       Buffers: shared hit=83
                           ->  Seq Scan on info_type it2  (cost=0.00..2.41 rows=1 width=4) (actual time=0.005..0.012 rows=1 loops=83)
                                 Filter: (id = 4)
                                 Rows Removed by Filter: 112
                                 Buffers: shared hit=83
                     ->  Index Scan using movie_id_cast_info on cast_info ci  (cost=0.44..44.50 rows=38 width=12) (actual time=0.036..0.124 rows=8 loops=83)
                           Index Cond: (movie_id = t.id)
                           Buffers: shared hit=411 read=493
               ->  Hash  (cost=1.15..1.15 rows=1 width=4) (actual time=0.029..0.030 rows=1 loops=1)
                     Buckets: 1024  Batches: 1  Memory Usage: 9kB
                     Buffers: shared hit=1
                     ->  Seq Scan on role_type rt  (cost=0.00..1.15 rows=1 width=4) (actual time=0.023..0.024 rows=1 loops=1)
                           Filter: ((role)::text = 'director'::text)
                           Rows Removed by Filter: 11
                           Buffers: shared hit=1
         ->  Index Scan using name_pkey on name n  (cost=0.43..2.32 rows=1 width=4) (actual time=0.079..0.079 rows=1 loops=25)
               Index Cond: (id = ci.person_id)
               Filter: ((gender)::text = 'm'::text)
               Rows Removed by Filter: 0
               Buffers: shared hit=79 read=21
 Planning:
   Buffers: shared hit=483 read=91
 Planning Time: 12.714 ms
 Execution Time: 4137.262 ms
(78 rows)

