                                                                                               QUERY PLAN                                                                                               
--------------------------------------------------------------------------------------------------------------------------------------------------------------------------------------------------------
 Aggregate  (cost=356546.72..356546.73 rows=1 width=8) (actual time=1066.271..1066.276 rows=1 loops=1)
   Buffers: shared hit=83954 read=22186
   ->  Nested Loop  (cost=13059.41..356546.71 rows=1 width=0) (actual time=75.777..1066.212 rows=134 loops=1)
         Buffers: shared hit=83954 read=22186
         ->  Hash Join  (cost=13058.98..356544.39 rows=1 width=4) (actual time=51.790..1036.348 rows=890 loops=1)
               Hash Cond: (ci.role_id = rt.id)
               Buffers: shared hit=81112 read=21468
               ->  Nested Loop  (cost=13057.82..356543.18 rows=14 width=8) (actual time=51.482..1034.225 rows=16638 loops=1)
                     Buffers: shared hit=81111 read=21468
                     ->  Nested Loop  (cost=13057.38..356499.45 rows=1 width=12) (actual time=51.446..865.327 rows=987 loops=1)
                           Buffers: shared hit=69560 read=13859
                           ->  Nested Loop  (cost=13057.38..356497.03 rows=1 width=16) (actual time=51.441..853.083 rows=987 loops=1)
                                 Buffers: shared hit=68573 read=13859
                                 ->  Nested Loop  (cost=13057.38..356494.60 rows=1 width=20) (actual time=51.423..838.192 rows=987 loops=1)
                                       Buffers: shared hit=67586 read=13859
                                       ->  Hash Join  (cost=13056.95..355733.91 rows=18 width=12) (actual time=38.057..508.395 rows=3261 loops=1)
                                             Hash Cond: (t.kind_id = kt.id)
                                             Buffers: shared hit=42959 read=78
                                             ->  Nested Loop  (cost=13055.81..355732.60 rows=43 width=16) (actual time=37.291..507.139 rows=3846 loops=1)
                                                   Buffers: shared hit=42958 read=78
                                                   ->  Bitmap Heap Scan on movie_info mi2  (cost=13055.38..355208.54 rows=62 width=8) (actual time=37.263..263.352 rows=8406 loops=1)
                                                         Recheck Cond: (info_type_id = 4)
                                                         Filter: ((info)::text = ANY ('{Mandarin,"Swiss German"}'::text[]))
                                                         Rows Removed by Filter: 1290583
                                                         Heap Blocks: exact=8393
                                                         Buffers: shared hit=9359 read=53
                                                         ->  Bitmap Index Scan on info_type_id_movie_info  (cost=0.00..13055.37 rows=1221191 width=0) (actual time=35.315..35.316 rows=1298989 loops=1)
                                                               Index Cond: (info_type_id = 4)
                                                               Buffers: shared hit=1019
                                                   ->  Index Scan using title_pkey on title t  (cost=0.43..8.45 rows=1 width=8) (actual time=0.029..0.029 rows=0 loops=8406)
                                                         Index Cond: (id = mi2.movie_id)
                                                         Filter: ((production_year <= 2015) AND (1990 < production_year))
                                                         Rows Removed by Filter: 1
                                                         Buffers: shared hit=33599 read=25
                                             ->  Hash  (cost=1.10..1.10 rows=3 width=4) (actual time=0.016..0.017 rows=3 loops=1)
                                                   Buckets: 1024  Batches: 1  Memory Usage: 9kB
                                                   Buffers: shared hit=1
                                                   ->  Seq Scan on kind_type kt  (cost=0.00..1.10 rows=3 width=4) (actual time=0.009..0.010 rows=3 loops=1)
                                                         Filter: ((kind)::text = ANY ('{episode,movie,"video movie"}'::text[]))
                                                         Rows Removed by Filter: 4
                                                         Buffers: shared hit=1
                                       ->  Index Scan using movie_id_movie_info on movie_info mi1  (cost=0.43..42.25 rows=1 width=8) (actual time=0.098..0.101 rows=0 loops=3261)
                                             Index Cond: (movie_id = t.id)
                                             Filter: (((info)::text = ANY ('{Switzerland,Taiwan}'::text[])) AND (info_type_id = 8))
                                             Rows Removed by Filter: 23
                                             Buffers: shared hit=24627 read=13781
                                 ->  Seq Scan on info_type it1  (cost=0.00..2.41 rows=1 width=4) (actual time=0.008..0.014 rows=1 loops=987)
                                       Filter: (id = 8)
                                       Rows Removed by Filter: 112
                                       Buffers: shared hit=987
                           ->  Seq Scan on info_type it2  (cost=0.00..2.41 rows=1 width=4) (actual time=0.005..0.011 rows=1 loops=987)
                                 Filter: (id = 4)
                                 Rows Removed by Filter: 112
                                 Buffers: shared hit=987
                     ->  Index Scan using movie_id_cast_info on cast_info ci  (cost=0.44..43.36 rows=38 width=12) (actual time=0.031..0.168 rows=17 loops=987)
                           Index Cond: (movie_id = t.id)
                           Buffers: shared hit=11551 read=7609
               ->  Hash  (cost=1.15..1.15 rows=1 width=4) (actual time=0.030..0.031 rows=1 loops=1)
                     Buckets: 1024  Batches: 1  Memory Usage: 9kB
                     Buffers: shared hit=1
                     ->  Seq Scan on role_type rt  (cost=0.00..1.15 rows=1 width=4) (actual time=0.023..0.025 rows=1 loops=1)
                           Filter: ((role)::text = 'editor'::text)
                           Rows Removed by Filter: 11
                           Buffers: shared hit=1
         ->  Index Scan using name_pkey on name n  (cost=0.43..2.32 rows=1 width=4) (actual time=0.033..0.033 rows=0 loops=890)
               Index Cond: (id = ci.person_id)
               Filter: ((gender)::text = ANY ('{f,m}'::text[]))
               Rows Removed by Filter: 1
               Buffers: shared hit=2842 read=718
 Planning:
   Buffers: shared hit=574
 Planning Time: 13.956 ms
 Execution Time: 1066.766 ms
(73 rows)

