                                                                                                QUERY PLAN                                                                                                 
-----------------------------------------------------------------------------------------------------------------------------------------------------------------------------------------------------------
 Aggregate  (cost=466284.22..466284.23 rows=1 width=8) (actual time=6557.879..6557.887 rows=1 loops=1)
   Buffers: shared hit=618901 read=56137
   ->  Nested Loop  (cost=14217.67..466284.21 rows=4 width=0) (actual time=98.632..6557.794 rows=127 loops=1)
         Buffers: shared hit=618901 read=56137
         ->  Seq Scan on info_type it2  (cost=0.00..2.41 rows=1 width=4) (actual time=0.040..0.051 rows=1 loops=1)
               Filter: (id = 4)
               Rows Removed by Filter: 112
               Buffers: shared hit=1
         ->  Nested Loop  (cost=14217.67..466281.76 rows=4 width=4) (actual time=98.590..6557.692 rows=127 loops=1)
               Buffers: shared hit=618900 read=56137
               ->  Seq Scan on info_type it1  (cost=0.00..2.41 rows=1 width=4) (actual time=0.013..0.026 rows=1 loops=1)
                     Filter: (id = 8)
                     Rows Removed by Filter: 112
                     Buffers: shared hit=1
               ->  Nested Loop  (cost=14217.67..466279.30 rows=4 width=8) (actual time=98.573..6557.612 rows=127 loops=1)
                     Buffers: shared hit=618899 read=56137
                     ->  Hash Join  (cost=14217.24..466237.55 rows=18 width=12) (actual time=39.100..6429.893 rows=3371 loops=1)
                           Hash Cond: (ci.role_id = rt.id)
                           Buffers: shared hit=606748 read=54804
                           ->  Nested Loop  (cost=14216.08..466235.62 rows=215 width=16) (actual time=38.988..6401.617 rows=148562 loops=1)
                                 Buffers: shared hit=606747 read=54804
                                 ->  Nested Loop  (cost=14215.64..465570.02 rows=15 width=20) (actual time=38.947..4658.385 rows=9635 loops=1)
                                       Buffers: shared hit=458816 read=26841
                                       ->  Hash Join  (cost=14215.20..443242.84 rows=518 width=12) (actual time=38.888..3689.925 rows=11691 loops=1)
                                             Hash Cond: (t.kind_id = kt.id)
                                             Buffers: shared hit=372724 read=11918
                                             ->  Nested Loop  (cost=14214.09..443234.09 rows=1814 width=16) (actual time=38.311..3676.348 rows=43930 loops=1)
                                                   Buffers: shared hit=372723 read=11918
                                                   ->  Bitmap Heap Scan on movie_info mi1  (cost=14213.65..386808.94 rows=8402 width=8) (actual time=38.205..431.672 rows=96415 loops=1)
                                                         Recheck Cond: (info_type_id = 8)
                                                         Filter: ((info)::text = ANY ('{Austria,China,Hungary,Indonesia,Iran,Italy,Norway,Portugal,"Soviet Union",Taiwan,"West Germany"}'::text[]))
                                                         Rows Removed by Filter: 1228946
                                                         Heap Blocks: exact=7853
                                                         Buffers: shared hit=2295 read=6598
                                                         ->  Bitmap Index Scan on info_type_id_movie_info  (cost=0.00..14211.52 rows=1329478 width=0) (actual time=37.214..37.214 rows=1325361 loops=1)
                                                               Index Cond: (info_type_id = 8)
                                                               Buffers: shared hit=1 read=1039
                                                   ->  Memoize  (cost=0.44..6.78 rows=1 width=8) (actual time=0.033..0.033 rows=0 loops=96415)
                                                         Cache Key: mi1.movie_id
                                                         Cache Mode: logical
                                                         Hits: 2478  Misses: 93937  Evictions: 0  Overflows: 0  Memory Usage: 7892kB
                                                         Buffers: shared hit=370428 read=5320
                                                         ->  Index Scan using title_pkey on title t  (cost=0.43..6.77 rows=1 width=8) (actual time=0.033..0.033 rows=0 loops=93937)
                                                               Index Cond: (id = mi1.movie_id)
                                                               Filter: ((production_year <= 1990) AND (1950 < production_year))
                                                               Rows Removed by Filter: 1
                                                               Buffers: shared hit=370428 read=5320
                                             ->  Hash  (cost=1.09..1.09 rows=2 width=4) (actual time=0.020..0.021 rows=2 loops=1)
                                                   Buckets: 1024  Batches: 1  Memory Usage: 9kB
                                                   Buffers: shared hit=1
                                                   ->  Seq Scan on kind_type kt  (cost=0.00..1.09 rows=2 width=4) (actual time=0.009..0.011 rows=2 loops=1)
                                                         Filter: ((kind)::text = ANY ('{episode,"tv movie"}'::text[]))
                                                         Rows Removed by Filter: 5
                                                         Buffers: shared hit=1
                                       ->  Index Scan using movie_id_movie_info on movie_info mi2  (cost=0.43..43.09 rows=1 width=8) (actual time=0.048..0.082 rows=1 loops=11691)
                                             Index Cond: (movie_id = t.id)
                                             Filter: ((info_type_id = 4) AND ((info)::text = ANY ('{English,French,Georgian,German,Hungarian,Indonesian,Mandarin,Norwegian,Persian,Portuguese}'::text[])))
                                             Rows Removed by Filter: 6
                                             Buffers: shared hit=86092 read=14923
                                 ->  Index Scan using movie_id_cast_info on cast_info ci  (cost=0.44..43.99 rows=38 width=12) (actual time=0.038..0.176 rows=15 loops=9635)
                                       Index Cond: (movie_id = t.id)
                                       Buffers: shared hit=147931 read=27963
                           ->  Hash  (cost=1.15..1.15 rows=1 width=4) (actual time=0.018..0.018 rows=1 loops=1)
                                 Buckets: 1024  Batches: 1  Memory Usage: 9kB
                                 Buffers: shared hit=1
                                 ->  Seq Scan on role_type rt  (cost=0.00..1.15 rows=1 width=4) (actual time=0.010..0.012 rows=1 loops=1)
                                       Filter: ((role)::text = 'producer'::text)
                                       Rows Removed by Filter: 11
                                       Buffers: shared hit=1
                     ->  Index Scan using name_pkey on name n  (cost=0.43..2.32 rows=1 width=4) (actual time=0.037..0.037 rows=0 loops=3371)
                           Index Cond: (id = ci.person_id)
                           Filter: ((gender)::text = 'f'::text)
                           Rows Removed by Filter: 1
                           Buffers: shared hit=12151 read=1333
 Planning:
   Buffers: shared hit=576 read=1
 Planning Time: 14.009 ms
 Execution Time: 6560.411 ms
(78 rows)

