                                                                                                  QUERY PLAN                                                                                                  
--------------------------------------------------------------------------------------------------------------------------------------------------------------------------------------------------------------
 Aggregate  (cost=956094.02..956094.03 rows=1 width=8) (actual time=46266.262..46266.270 rows=1 loops=1)
   Buffers: shared hit=4238683 read=451729, temp read=9482 written=9441
   ->  Nested Loop  (cost=873828.74..956093.19 rows=332 width=0) (actual time=1035.656..46265.501 rows=1122 loops=1)
         Buffers: shared hit=4238683 read=451729, temp read=9482 written=9441
         ->  Seq Scan on info_type it2  (cost=0.00..2.41 rows=1 width=4) (actual time=0.038..0.050 rows=1 loops=1)
               Filter: (id = 4)
               Rows Removed by Filter: 112
               Buffers: shared hit=1
         ->  Nested Loop  (cost=873828.74..956087.45 rows=332 width=4) (actual time=1035.617..46265.055 rows=1122 loops=1)
               Buffers: shared hit=4238682 read=451729, temp read=9482 written=9441
               ->  Seq Scan on info_type it1  (cost=0.00..2.41 rows=1 width=4) (actual time=0.010..0.023 rows=1 loops=1)
                     Filter: (id = 8)
                     Rows Removed by Filter: 112
                     Buffers: shared hit=1
               ->  Nested Loop  (cost=873828.74..956081.72 rows=332 width=8) (actual time=1035.605..46264.567 rows=1122 loops=1)
                     Buffers: shared hit=4238681 read=451729, temp read=9482 written=9441
                     ->  Hash Join  (cost=873828.31..952767.13 rows=1429 width=12) (actual time=1035.384..43960.738 rows=60353 loops=1)
                           Hash Cond: (ci.role_id = rt.id)
                           Buffers: shared hit=4022308 read=426690, temp read=9482 written=9441
                           ->  Nested Loop  (cost=873827.14..952735.51 rows=8572 width=16) (actual time=1035.327..43669.284 rows=1414686 loops=1)
                                 Buffers: shared hit=4022307 read=426690, temp read=9482 written=9441
                                 ->  Nested Loop  (cost=873826.70..926581.65 rows=598 width=20) (actual time=1035.303..27187.272 rows=77224 loops=1)
                                       Buffers: shared hit=2794557 read=57664, temp read=9482 written=9441
                                       ->  Nested Loop  (cost=873826.56..926547.21 rows=1395 width=24) (actual time=1035.288..26830.440 rows=500123 loops=1)
                                             Join Filter: (t.id = mi1.movie_id)
                                             Buffers: shared hit=2794545 read=57664, temp read=9482 written=9441
                                             ->  Merge Join  (cost=873826.13..874690.66 rows=14889 width=16) (actual time=1035.236..1912.232 rows=708476 loops=1)
                                                   Merge Cond: (mi1.movie_id = mi2.movie_id)
                                                   Buffers: shared hit=4689 read=13616, temp read=9482 written=9441
                                                   ->  Sort  (cost=392429.48..392603.68 rows=69680 width=8) (actual time=451.320..602.866 rows=783663 loops=1)
                                                         Sort Key: mi1.movie_id
                                                         Sort Method: external sort  Disk: 16936kB
                                                         Buffers: shared hit=2419 read=6474, temp read=4226 written=4236
                                                         ->  Bitmap Heap Scan on movie_info mi1  (cost=14228.97..386824.26 rows=69680 width=8) (actual time=37.290..261.165 rows=783663 loops=1)
                                                               Recheck Cond: (info_type_id = 8)
                                                               Filter: ((info)::text = ANY ('{Chile,"Czech Republic",Finland,"Hong Kong",Hungary,India,Norway,Spain,Sweden,UK,USA}'::text[]))
                                                               Rows Removed by Filter: 541698
                                                               Heap Blocks: exact=7853
                                                               Buffers: shared hit=2419 read=6474
                                                               ->  Bitmap Index Scan on info_type_id_movie_info  (cost=0.00..14211.52 rows=1329478 width=0) (actual time=36.309..36.309 rows=1325361 loops=1)
                                                                     Index Cond: (info_type_id = 8)
                                                                     Buffers: shared read=1040
                                                   ->  Sort  (cost=481396.65..481580.27 rows=73449 width=8) (actual time=583.906..797.115 rows=975343 loops=1)
                                                         Sort Key: mi2.movie_id
                                                         Sort Method: external sort  Disk: 20808kB
                                                         Buffers: shared hit=2270 read=7142, temp read=5224 written=5205
                                                         ->  Bitmap Heap Scan on movie_info mi2  (cost=13073.73..475460.33 rows=73449 width=8) (actual time=30.623..351.827 rows=962881 loops=1)
                                                               Recheck Cond: (info_type_id = 4)
                                                               Filter: ((info)::text = ANY ('{Cantonese,Czech,English,Finnish,French,Hungarian,Malayalam,Norwegian,Spanish,Swedish}'::text[]))
                                                               Rows Removed by Filter: 336108
                                                               Heap Blocks: exact=8393
                                                               Buffers: shared hit=2270 read=7142
                                                               ->  Bitmap Index Scan on info_type_id_movie_info  (cost=0.00..13055.37 rows=1221191 width=0) (actual time=29.581..29.582 rows=1298989 loops=1)
                                                                     Index Cond: (info_type_id = 4)
                                                                     Buffers: shared hit=1 read=1018
                                             ->  Index Scan using title_pkey on title t  (cost=0.43..3.47 rows=1 width=8) (actual time=0.034..0.034 rows=1 loops=708476)
                                                   Index Cond: (id = mi2.movie_id)
                                                   Filter: ((production_year <= 2015) AND (1990 < production_year))
                                                   Rows Removed by Filter: 0
                                                   Buffers: shared hit=2789856 read=44048
                                       ->  Memoize  (cost=0.14..0.16 rows=1 width=4) (actual time=0.000..0.000 rows=0 loops=500123)
                                             Cache Key: t.kind_id
                                             Cache Mode: logical
                                             Hits: 500117  Misses: 6  Evictions: 0  Overflows: 0  Memory Usage: 1kB
                                             Buffers: shared hit=12
                                             ->  Index Scan using kind_type_pkey on kind_type kt  (cost=0.13..0.15 rows=1 width=4) (actual time=0.010..0.011 rows=0 loops=6)
                                                   Index Cond: (id = t.kind_id)
                                                   Filter: ((kind)::text = ANY ('{"tv movie","tv series","video game"}'::text[]))
                                                   Rows Removed by Filter: 0
                                                   Buffers: shared hit=12
                                 ->  Index Scan using movie_id_cast_info on cast_info ci  (cost=0.44..43.36 rows=38 width=12) (actual time=0.037..0.208 rows=18 loops=77224)
                                       Index Cond: (movie_id = t.id)
                                       Buffers: shared hit=1227750 read=369026
                           ->  Hash  (cost=1.15..1.15 rows=2 width=4) (actual time=0.026..0.027 rows=2 loops=1)
                                 Buckets: 1024  Batches: 1  Memory Usage: 9kB
                                 Buffers: shared hit=1
                                 ->  Seq Scan on role_type rt  (cost=0.00..1.15 rows=2 width=4) (actual time=0.011..0.013 rows=2 loops=1)
                                       Filter: ((role)::text = ANY ('{cinematographer,composer}'::text[]))
                                       Rows Removed by Filter: 10
                                       Buffers: shared hit=1
                     ->  Index Scan using name_pkey on name n  (cost=0.43..2.32 rows=1 width=4) (actual time=0.038..0.038 rows=0 loops=60353)
                           Index Cond: (id = ci.person_id)
                           Filter: ((gender)::text = 'f'::text)
                           Rows Removed by Filter: 1
                           Buffers: shared hit=216373 read=25039
 Planning:
   Buffers: shared hit=484 read=93
 Planning Time: 14.337 ms
 Execution Time: 46278.263 ms
(89 rows)

