                                                                                                          QUERY PLAN                                                                                                           
-------------------------------------------------------------------------------------------------------------------------------------------------------------------------------------------------------------------------------
 Aggregate  (cost=908699.45..908699.46 rows=1 width=8) (actual time=21862.740..21862.749 rows=1 loops=1)
   Buffers: shared hit=1913628 read=272506, temp read=6836 written=6816
   ->  Nested Loop  (cost=870186.55..908699.02 rows=170 width=0) (actual time=1113.529..21862.497 rows=345 loops=1)
         Buffers: shared hit=1913628 read=272506, temp read=6836 written=6816
         ->  Seq Scan on info_type it2  (cost=0.00..2.41 rows=1 width=4) (actual time=0.040..0.052 rows=1 loops=1)
               Filter: (id = 4)
               Rows Removed by Filter: 112
               Buffers: shared hit=1
         ->  Nested Loop  (cost=870186.55..908694.91 rows=170 width=4) (actual time=1113.487..21862.296 rows=345 loops=1)
               Buffers: shared hit=1913627 read=272506, temp read=6836 written=6816
               ->  Seq Scan on info_type it1  (cost=0.00..2.41 rows=1 width=4) (actual time=0.009..0.023 rows=1 loops=1)
                     Filter: (id = 8)
                     Rows Removed by Filter: 112
                     Buffers: shared hit=1
               ->  Nested Loop  (cost=870186.55..908690.80 rows=170 width=8) (actual time=1113.476..21862.107 rows=345 loops=1)
                     Buffers: shared hit=1913626 read=272506, temp read=6836 written=6816
                     ->  Hash Join  (cost=870186.12..907751.39 rows=405 width=12) (actual time=993.442..21523.340 rows=9074 loops=1)
                           Hash Cond: (ci.role_id = rt.id)
                           Buffers: shared hit=1879077 read=270759, temp read=6836 written=6816
                           ->  Nested Loop  (cost=870184.96..907732.97 rows=4859 width=16) (actual time=954.697..21364.054 rows=893273 loops=1)
                                 Buffers: shared hit=1879076 read=270759, temp read=6836 written=6816
                                 ->  Nested Loop  (cost=870184.52..892932.34 rows=339 width=20) (actual time=954.668..10967.788 rows=59791 loops=1)
                                       Buffers: shared hit=1040510 read=60999, temp read=6836 written=6816
                                       ->  Nested Loop  (cost=870184.38..892912.33 rows=792 width=24) (actual time=954.650..10793.269 rows=257154 loops=1)
                                             Join Filter: (t.id = mi1.movie_id)
                                             Buffers: shared hit=1040498 read=60999, temp read=6836 written=6816
                                             ->  Merge Join  (cost=870183.95..870749.33 rows=6250 width=16) (actual time=954.593..1440.848 rows=270798 loops=1)
                                                   Merge Cond: (mi1.movie_id = mi2.movie_id)
                                                   Buffers: shared hit=3 read=18302, temp read=6836 written=6816
                                                   ->  Sort  (cost=389109.23..389186.18 rows=30781 width=8) (actual time=325.981..387.884 rows=347502 loops=1)
                                                         Sort Key: mi1.movie_id
                                                         Sort Method: external sort  Disk: 7504kB
                                                         Buffers: shared hit=1 read=8892, temp read=1874 written=1878
                                                         ->  Bitmap Heap Scan on movie_info mi1  (cost=14219.25..386814.55 rows=30781 width=8) (actual time=38.183..238.962 rows=347502 loops=1)
                                                               Recheck Cond: (info_type_id = 8)
                                                               Filter: ((info)::text = ANY ('{Brazil,Canada,Denmark,Egypt,Germany,"Hong Kong",Portugal,Romania,Russia,"South Korea","Soviet Union",Spain,Sweden,UK}'::text[]))
                                                               Rows Removed by Filter: 977859
                                                               Heap Blocks: exact=7853
                                                               Buffers: shared hit=1 read=8892
                                                               ->  Bitmap Index Scan on info_type_id_movie_info  (cost=0.00..14211.52 rows=1329478 width=0) (actual time=37.204..37.205 rows=1325361 loops=1)
                                                                     Index Cond: (info_type_id = 8)
                                                                     Buffers: shared read=1040
                                                   ->  Sort  (cost=481074.72..481249.20 rows=69795 width=8) (actual time=628.600..789.918 rows=920791 loops=1)
                                                         Sort Key: mi2.movie_id
                                                         Sort Method: external sort  Disk: 19744kB
                                                         Buffers: shared hit=2 read=9410, temp read=4944 written=4938
                                                         ->  Bitmap Heap Scan on movie_info mi2  (cost=13072.82..475459.42 rows=69795 width=8) (actual time=30.875..399.958 rows=913459 loops=1)
                                                               Recheck Cond: (info_type_id = 4)
                                                               Filter: ((info)::text = ANY ('{Arabic,Cantonese,Danish,English,German,Korean,Portuguese,Romanian,Russian,Swedish}'::text[]))
                                                               Rows Removed by Filter: 385530
                                                               Heap Blocks: exact=8393
                                                               Buffers: shared hit=2 read=9410
                                                               ->  Bitmap Index Scan on info_type_id_movie_info  (cost=0.00..13055.37 rows=1221191 width=0) (actual time=29.837..29.837 rows=1298989 loops=1)
                                                                     Index Cond: (info_type_id = 4)
                                                                     Buffers: shared hit=1 read=1018
                                             ->  Index Scan using title_pkey on title t  (cost=0.43..3.53 rows=1 width=8) (actual time=0.034..0.034 rows=1 loops=270798)
                                                   Index Cond: (id = mi2.movie_id)
                                                   Filter: ((production_year <= 2015) AND (1925 < production_year))
                                                   Rows Removed by Filter: 0
                                                   Buffers: shared hit=1040495 read=42697
                                       ->  Memoize  (cost=0.14..0.16 rows=1 width=4) (actual time=0.000..0.000 rows=0 loops=257154)
                                             Cache Key: t.kind_id
                                             Cache Mode: logical
                                             Hits: 257148  Misses: 6  Evictions: 0  Overflows: 0  Memory Usage: 1kB
                                             Buffers: shared hit=12
                                             ->  Index Scan using kind_type_pkey on kind_type kt  (cost=0.13..0.15 rows=1 width=4) (actual time=0.010..0.010 rows=0 loops=6)
                                                   Index Cond: (id = t.kind_id)
                                                   Filter: ((kind)::text = ANY ('{"tv movie","tv series","video game"}'::text[]))
                                                   Rows Removed by Filter: 0
                                                   Buffers: shared hit=12
                                 ->  Index Scan using movie_id_cast_info on cast_info ci  (cost=0.44..43.28 rows=38 width=12) (actual time=0.036..0.169 rows=15 loops=59791)
                                       Index Cond: (movie_id = t.id)
                                       Buffers: shared hit=838566 read=209760
                           ->  Hash  (cost=1.15..1.15 rows=1 width=4) (actual time=0.022..0.023 rows=1 loops=1)
                                 Buckets: 1024  Batches: 1  Memory Usage: 9kB
                                 Buffers: shared hit=1
                                 ->  Seq Scan on role_type rt  (cost=0.00..1.15 rows=1 width=4) (actual time=0.013..0.014 rows=1 loops=1)
                                       Filter: ((role)::text = 'costume designer'::text)
                                       Rows Removed by Filter: 11
                                       Buffers: shared hit=1
                     ->  Index Scan using name_pkey on name n  (cost=0.43..2.32 rows=1 width=4) (actual time=0.037..0.037 rows=0 loops=9074)
                           Index Cond: (id = ci.person_id)
                           Filter: ((gender)::text = 'm'::text)
                           Rows Removed by Filter: 1
                           Buffers: shared hit=34549 read=1747
 Planning:
   Buffers: shared hit=487 read=90
 Planning Time: 14.504 ms
 Execution Time: 21873.864 ms
(89 rows)

