                                                                                                  QUERY PLAN                                                                                                  
--------------------------------------------------------------------------------------------------------------------------------------------------------------------------------------------------------------
 Aggregate  (cost=917776.73..917776.74 rows=1 width=8) (actual time=142960.561..142960.570 rows=1 loops=1)
   Buffers: shared hit=13161596 read=1656589, temp read=9717 written=9609
   ->  Nested Loop  (cost=829244.96..917775.84 rows=359 width=0) (actual time=1027.082..142952.023 rows=20070 loops=1)
         Buffers: shared hit=13161596 read=1656589, temp read=9717 written=9609
         ->  Seq Scan on info_type it2  (cost=0.00..2.41 rows=1 width=4) (actual time=0.042..0.053 rows=1 loops=1)
               Filter: (id = 4)
               Rows Removed by Filter: 112
               Buffers: shared hit=1
         ->  Nested Loop  (cost=829244.96..917769.83 rows=359 width=4) (actual time=1027.037..142945.684 rows=20070 loops=1)
               Buffers: shared hit=13161595 read=1656589, temp read=9717 written=9609
               ->  Seq Scan on info_type it1  (cost=0.00..2.41 rows=1 width=4) (actual time=0.008..0.020 rows=1 loops=1)
                     Filter: (id = 8)
                     Rows Removed by Filter: 112
                     Buffers: shared hit=1
               ->  Nested Loop  (cost=829244.96..917763.83 rows=359 width=8) (actual time=1027.028..142939.811 rows=20070 loops=1)
                     Buffers: shared hit=13161594 read=1656589, temp read=9717 written=9609
                     ->  Hash Join  (cost=829244.53..914177.85 rows=1546 width=12) (actual time=1003.253..122270.104 rows=560860 loops=1)
                           Hash Cond: (ci.role_id = rt.id)
                           Buffers: shared hit=11116875 read=1457868, temp read=9717 written=9609
                           ->  Nested Loop  (cost=829243.36..914143.74 rows=9274 width=16) (actual time=1003.008..120519.595 rows=8991198 loops=1)
                                 Buffers: shared hit=11116874 read=1457868, temp read=9717 written=9609
                                 ->  Nested Loop  (cost=829242.92..885846.84 rows=647 width=20) (actual time=1002.986..24896.546 rows=392186 loops=1)
                                       Buffers: shared hit=2604449 read=51896, temp read=9717 written=9609
                                       ->  Nested Loop  (cost=829242.78..885809.65 rows=1510 width=24) (actual time=1002.882..24491.396 rows=464167 loops=1)
                                             Buffers: shared hit=2604438 read=51895, temp read=9717 written=9609
                                             ->  Merge Join  (cost=829242.35..830147.68 rows=16112 width=16) (actual time=1002.827..1934.936 rows=659507 loops=1)
                                                   Merge Cond: (mi1.movie_id = mi2.movie_id)
                                                   Buffers: shared hit=10035 read=8270, temp read=9717 written=9609
                                                   ->  Sort  (cost=392847.20..393033.25 rows=74419 width=8) (actual time=444.015..600.859 rows=821667 loops=1)
                                                         Sort Key: mi1.movie_id
                                                         Sort Method: external sort  Disk: 17760kB
                                                         Buffers: shared hit=8893, temp read=4431 written=4442
                                                         ->  Bitmap Heap Scan on movie_info mi1  (cost=14230.15..386825.45 rows=74419 width=8) (actual time=35.532..244.263 rows=821668 loops=1)
                                                               Recheck Cond: (info_type_id = 8)
                                                               Filter: ((info)::text = ANY ('{Belgium,Canada,"Czech Republic",France,Germany,Hungary,India,Israel,Japan,Mexico,USA}'::text[]))
                                                               Rows Removed by Filter: 503693
                                                               Heap Blocks: exact=7853
                                                               Buffers: shared hit=8893
                                                               ->  Bitmap Index Scan on info_type_id_movie_info  (cost=0.00..14211.52 rows=1329478 width=0) (actual time=34.545..34.545 rows=1325361 loops=1)
                                                                     Index Cond: (info_type_id = 8)
                                                                     Buffers: shared hit=1040
                                                   ->  Sort  (cost=436395.14..436581.20 rows=74423 width=8) (actual time=558.803..796.422 rows=977818 loops=1)
                                                         Sort Key: mi2.movie_id
                                                         Sort Method: external sort  Disk: 20656kB
                                                         Buffers: shared hit=1142 read=8270, temp read=5220 written=5167
                                                         ->  Bitmap Heap Scan on movie_info mi2  (cost=13073.97..430373.03 rows=74423 width=8) (actual time=30.964..328.863 rows=955751 loops=1)
                                                               Recheck Cond: (info_type_id = 4)
                                                               Filter: ((info)::text = ANY ('{Czech,Dutch,English,French,Hebrew,Hungarian,Spanish}'::text[]))
                                                               Rows Removed by Filter: 343238
                                                               Heap Blocks: exact=8393
                                                               Buffers: shared hit=1142 read=8270
                                                               ->  Bitmap Index Scan on info_type_id_movie_info  (cost=0.00..13055.37 rows=1221191 width=0) (actual time=29.925..29.925 rows=1298989 loops=1)
                                                                     Index Cond: (info_type_id = 4)
                                                                     Buffers: shared hit=1 read=1018
                                             ->  Index Scan using title_pkey on title t  (cost=0.43..3.45 rows=1 width=8) (actual time=0.034..0.034 rows=1 loops=659507)
                                                   Index Cond: (id = mi1.movie_id)
                                                   Filter: ((production_year <= 2015) AND (1990 < production_year))
                                                   Rows Removed by Filter: 0
                                                   Buffers: shared hit=2594403 read=43625
                                       ->  Memoize  (cost=0.14..0.16 rows=1 width=4) (actual time=0.000..0.000 rows=1 loops=464167)
                                             Cache Key: t.kind_id
                                             Cache Mode: logical
                                             Hits: 464161  Misses: 6  Evictions: 0  Overflows: 0  Memory Usage: 1kB
                                             Buffers: shared hit=11 read=1
                                             ->  Index Scan using kind_type_pkey on kind_type kt  (cost=0.13..0.15 rows=1 width=4) (actual time=0.016..0.016 rows=0 loops=6)
                                                   Index Cond: (id = t.kind_id)
                                                   Filter: ((kind)::text = ANY ('{episode,movie,"video movie"}'::text[]))
                                                   Rows Removed by Filter: 0
                                                   Buffers: shared hit=11 read=1
                                 ->  Index Scan using movie_id_cast_info on cast_info ci  (cost=0.44..43.36 rows=38 width=12) (actual time=0.035..0.237 rows=23 loops=392186)
                                       Index Cond: (movie_id = t.id)
                                       Buffers: shared hit=8512425 read=1405972
                           ->  Hash  (cost=1.15..1.15 rows=2 width=4) (actual time=0.016..0.017 rows=2 loops=1)
                                 Buckets: 1024  Batches: 1  Memory Usage: 9kB
                                 Buffers: shared hit=1
                                 ->  Seq Scan on role_type rt  (cost=0.00..1.15 rows=2 width=4) (actual time=0.010..0.011 rows=2 loops=1)
                                       Filter: ((role)::text = ANY ('{cinematographer,editor}'::text[]))
                                       Rows Removed by Filter: 10
                                       Buffers: shared hit=1
                     ->  Index Scan using name_pkey on name n  (cost=0.43..2.32 rows=1 width=4) (actual time=0.036..0.036 rows=0 loops=560860)
                           Index Cond: (id = ci.person_id)
                           Filter: ((gender)::text = 'f'::text)
                           Rows Removed by Filter: 1
                           Buffers: shared hit=2044719 read=198721
 Planning:
   Buffers: shared hit=576 read=1
 Planning Time: 13.601 ms
 Execution Time: 142971.654 ms
(88 rows)

