                                                                                            QUERY PLAN                                                                                            
--------------------------------------------------------------------------------------------------------------------------------------------------------------------------------------------------
 Aggregate  (cost=575860.31..575860.32 rows=1 width=8) (actual time=24901.811..24901.822 rows=1 loops=1)
   Buffers: shared hit=2086966 read=481027, temp read=2154 written=2154
   ->  Nested Loop  (cost=94677.25..575860.12 rows=77 width=0) (actual time=563.548..24892.595 rows=46135 loops=1)
         Buffers: shared hit=2086966 read=481027, temp read=2154 written=2154
         ->  Hash Join  (cost=94676.82..575433.32 rows=184 width=4) (actual time=563.518..20279.025 rows=129944 loops=1)
               Hash Cond: (ci.role_id = rt.id)
               Buffers: shared hit=1612845 read=435372, temp read=2154 written=2154
               ->  Nested Loop  (cost=94675.64..575428.23 rows=1104 width=8) (actual time=563.340..20058.336 rows=1163280 loops=1)
                     Buffers: shared hit=1612844 read=435372, temp read=2154 written=2154
                     ->  Nested Loop  (cost=94675.20..572011.43 rows=77 width=12) (actual time=563.313..7596.274 rows=63243 loops=1)
                           Buffers: shared hit=507021 read=212119, temp read=2154 written=2154
                           ->  Seq Scan on info_type it2  (cost=0.00..2.41 rows=1 width=4) (actual time=0.027..0.039 rows=1 loops=1)
                                 Filter: (id = 4)
                                 Rows Removed by Filter: 112
                                 Buffers: shared hit=1
                           ->  Nested Loop  (cost=94675.20..572008.25 rows=77 width=16) (actual time=563.285..7581.173 rows=63243 loops=1)
                                 Buffers: shared hit=507020 read=212119, temp read=2154 written=2154
                                 ->  Seq Scan on info_type it1  (cost=0.00..2.41 rows=1 width=4) (actual time=0.007..0.021 rows=1 loops=1)
                                       Filter: (id = 8)
                                       Rows Removed by Filter: 112
                                       Buffers: shared hit=1
                                 ->  Nested Loop  (cost=94675.20..572005.07 rows=77 width=20) (actual time=563.275..7566.196 rows=63243 loops=1)
                                       Buffers: shared hit=507019 read=212119, temp read=2154 written=2154
                                       ->  Hash Join  (cost=94674.77..468509.50 rows=2404 width=12) (actual time=563.213..1169.217 rows=69172 loops=1)
                                             Hash Cond: (mi1.movie_id = t.id)
                                             Buffers: shared hit=1737 read=43548, temp read=2154 written=2154
                                             ->  Bitmap Heap Scan on movie_info mi1  (cost=14218.04..386813.33 rows=25972 width=8) (actual time=36.175..389.805 rows=306550 loops=1)
                                                   Recheck Cond: (info_type_id = 8)
                                                   Filter: ((info)::text = ANY ('{Argentina,Canada,Denmark,"East Germany",Italy,Japan,Poland,Turkey,UK,Yugoslavia}'::text[]))
                                                   Rows Removed by Filter: 1018811
                                                   Heap Blocks: exact=7853
                                                   Buffers: shared hit=7 read=8886
                                                   ->  Bitmap Index Scan on info_type_id_movie_info  (cost=0.00..14211.52 rows=1329478 width=0) (actual time=35.198..35.199 rows=1325361 loops=1)
                                                         Index Cond: (info_type_id = 8)
                                                         Buffers: shared read=1040
                                             ->  Hash  (cost=76617.93..76617.93 rows=233984 width=4) (actual time=526.011..526.015 rows=504538 loops=1)
                                                   Buckets: 262144 (originally 262144)  Batches: 4 (originally 2)  Memory Usage: 6483kB
                                                   Buffers: shared hit=1730 read=34662, temp written=1107
                                                   ->  Hash Join  (cost=1.13..76617.93 rows=233984 width=4) (actual time=0.039..443.983 rows=504538 loops=1)
                                                         Hash Cond: (t.kind_id = kt.id)
                                                         Buffers: shared hit=1730 read=34662
                                                         ->  Seq Scan on title t  (cost=0.00..74315.95 rows=545963 width=8) (actual time=0.022..379.400 rows=538239 loops=1)
                                                               Filter: ((production_year <= 1990) AND (1950 < production_year))
                                                               Rows Removed by Filter: 1990073
                                                               Buffers: shared hit=1729 read=34662
                                                         ->  Hash  (cost=1.10..1.10 rows=3 width=4) (actual time=0.013..0.014 rows=3 loops=1)
                                                               Buckets: 1024  Batches: 1  Memory Usage: 9kB
                                                               Buffers: shared hit=1
                                                               ->  Seq Scan on kind_type kt  (cost=0.00..1.10 rows=3 width=4) (actual time=0.006..0.007 rows=3 loops=1)
                                                                     Filter: ((kind)::text = ANY ('{episode,movie,"tv movie"}'::text[]))
                                                                     Rows Removed by Filter: 4
                                                                     Buffers: shared hit=1
                                       ->  Index Scan using movie_id_movie_info on movie_info mi2  (cost=0.43..43.04 rows=1 width=8) (actual time=0.046..0.092 rows=1 loops=69172)
                                             Index Cond: (movie_id = t.id)
                                             Filter: ((info_type_id = 4) AND ((info)::text = ANY ('{Danish,English,German,Italian,Japanese,Polish,Serbo-Croatian,Spanish,Turkish}'::text[])))
                                             Rows Removed by Filter: 10
                                             Buffers: shared hit=505282 read=168571
                     ->  Index Scan using movie_id_cast_info on cast_info ci  (cost=0.44..43.99 rows=38 width=12) (actual time=0.035..0.192 rows=18 loops=63243)
                           Index Cond: (movie_id = t.id)
                           Buffers: shared hit=1105823 read=223253
               ->  Hash  (cost=1.15..1.15 rows=2 width=4) (actual time=0.027..0.027 rows=2 loops=1)
                     Buckets: 1024  Batches: 1  Memory Usage: 9kB
                     Buffers: shared hit=1
                     ->  Seq Scan on role_type rt  (cost=0.00..1.15 rows=2 width=4) (actual time=0.020..0.022 rows=2 loops=1)
                           Filter: ((role)::text = ANY ('{director,"miscellaneous crew"}'::text[]))
                           Rows Removed by Filter: 10
                           Buffers: shared hit=1
         ->  Index Scan using name_pkey on name n  (cost=0.43..2.32 rows=1 width=4) (actual time=0.035..0.035 rows=0 loops=129944)
               Index Cond: (id = ci.person_id)
               Filter: ((gender)::text = 'm'::text)
               Rows Removed by Filter: 1
               Buffers: shared hit=474121 read=45655
 Planning:
   Buffers: shared hit=487 read=90
 Planning Time: 13.318 ms
 Execution Time: 24902.383 ms
(76 rows)

