                                                                                                          QUERY PLAN                                                                                                          
------------------------------------------------------------------------------------------------------------------------------------------------------------------------------------------------------------------------------
 Aggregate  (cost=648416.61..648416.62 rows=1 width=8) (actual time=1939.714..1939.721 rows=1 loops=1)
   Buffers: shared hit=99849 read=84709
   ->  Nested Loop  (cost=91933.23..648416.51 rows=38 width=0) (actual time=480.728..1939.688 rows=37 loops=1)
         Buffers: shared hit=99849 read=84709
         ->  Seq Scan on info_type it2  (cost=0.00..2.41 rows=1 width=4) (actual time=0.038..0.044 rows=1 loops=1)
               Filter: (id = 4)
               Rows Removed by Filter: 112
               Buffers: shared hit=1
         ->  Nested Loop  (cost=91933.23..648413.72 rows=38 width=4) (actual time=480.689..1939.630 rows=37 loops=1)
               Buffers: shared hit=99848 read=84709
               ->  Seq Scan on info_type it1  (cost=0.00..2.41 rows=1 width=4) (actual time=0.010..0.017 rows=1 loops=1)
                     Filter: (id = 8)
                     Rows Removed by Filter: 112
                     Buffers: shared hit=1
               ->  Nested Loop  (cost=91933.23..648410.93 rows=38 width=8) (actual time=480.676..1939.596 rows=37 loops=1)
                     Buffers: shared hit=99847 read=84709
                     ->  Hash Join  (cost=91932.80..648030.53 rows=164 width=12) (actual time=417.190..1931.494 rows=194 loops=1)
                           Hash Cond: (ci.role_id = rt.id)
                           Buffers: shared hit=99276 read=84504
                           ->  Nested Loop  (cost=91931.64..648022.39 rows=1964 width=16) (actual time=398.099..1924.949 rows=55953 loops=1)
                                 Buffers: shared hit=99275 read=84504
                                 ->  Nested Loop  (cost=91931.20..641873.91 rows=137 width=20) (actual time=398.070..1238.600 rows=6493 loops=1)
                                       Buffers: shared hit=50477 read=59755
                                       ->  Hash Join  (cost=91930.76..464820.70 rows=4061 width=12) (actual time=397.961..731.420 rows=6530 loops=1)
                                             Hash Cond: (mi1.movie_id = t.id)
                                             Buffers: shared hit=3143 read=42142
                                             ->  Bitmap Heap Scan on movie_info mi1  (cost=14228.49..386823.78 rows=67741 width=8) (actual time=34.942..278.007 rows=781452 loops=1)
                                                   Recheck Cond: (info_type_id = 8)
                                                   Filter: ((info)::text = ANY ('{Brazil,Denmark,"East Germany",Finland,France,Greece,Japan,"South Korea",Spain,Sweden,Turkey,USA,Yugoslavia}'::text[]))
                                                   Rows Removed by Filter: 543909
                                                   Heap Blocks: exact=7853
                                                   Buffers: shared hit=3142 read=5751
                                                   ->  Bitmap Index Scan on info_type_id_movie_info  (cost=0.00..14211.52 rows=1329478 width=0) (actual time=33.944..33.945 rows=1325361 loops=1)
                                                         Index Cond: (info_type_id = 8)
                                                         Buffers: shared read=1040
                                             ->  Hash  (cost=75807.58..75807.58 rows=151576 width=4) (actual time=361.964..361.967 rows=11843 loops=1)
                                                   Buckets: 262144  Batches: 1  Memory Usage: 2465kB
                                                   Buffers: shared hit=1 read=36391
                                                   ->  Hash Join  (cost=1.13..75807.58 rows=151576 width=4) (actual time=0.127..359.045 rows=11843 loops=1)
                                                         Hash Cond: (t.kind_id = kt.id)
                                                         Buffers: shared hit=1 read=36391
                                                         ->  Seq Scan on title t  (cost=0.00..74315.95 rows=353677 width=8) (actual time=0.023..338.682 rows=347589 loops=1)
                                                               Filter: ((production_year <= 1975) AND (1925 < production_year))
                                                               Rows Removed by Filter: 2180723
                                                               Buffers: shared read=36391
                                                         ->  Hash  (cost=1.10..1.10 rows=3 width=4) (actual time=0.014..0.014 rows=3 loops=1)
                                                               Buckets: 1024  Batches: 1  Memory Usage: 9kB
                                                               Buffers: shared hit=1
                                                               ->  Seq Scan on kind_type kt  (cost=0.00..1.10 rows=3 width=4) (actual time=0.006..0.008 rows=3 loops=1)
                                                                     Filter: ((kind)::text = ANY ('{"tv series","video game","video movie"}'::text[]))
                                                                     Rows Removed by Filter: 4
                                                                     Buffers: shared hit=1
                                       ->  Index Scan using movie_id_movie_info on movie_info mi2  (cost=0.43..43.59 rows=1 width=8) (actual time=0.053..0.077 rows=1 loops=6530)
                                             Index Cond: (movie_id = t.id)
                                             Filter: ((info_type_id = 4) AND ((info)::text = ANY ('{Danish,English,Finnish,French,German,Greek,Japanese,Korean,Portuguese,Serbo-Croatian,Spanish,Swedish,Turkish}'::text[])))
                                             Rows Removed by Filter: 9
                                             Buffers: shared hit=47334 read=17613
                                 ->  Index Scan using movie_id_cast_info on cast_info ci  (cost=0.44..44.50 rows=38 width=12) (actual time=0.032..0.104 rows=9 loops=6493)
                                       Index Cond: (movie_id = t.id)
                                       Buffers: shared hit=48798 read=24749
                           ->  Hash  (cost=1.15..1.15 rows=1 width=4) (actual time=0.014..0.014 rows=1 loops=1)
                                 Buckets: 1024  Batches: 1  Memory Usage: 9kB
                                 Buffers: shared hit=1
                                 ->  Seq Scan on role_type rt  (cost=0.00..1.15 rows=1 width=4) (actual time=0.008..0.009 rows=1 loops=1)
                                       Filter: ((role)::text = 'costume designer'::text)
                                       Rows Removed by Filter: 11
                                       Buffers: shared hit=1
                     ->  Index Scan using name_pkey on name n  (cost=0.43..2.32 rows=1 width=4) (actual time=0.041..0.041 rows=0 loops=194)
                           Index Cond: (id = ci.person_id)
                           Filter: ((gender)::text = 'f'::text)
                           Rows Removed by Filter: 1
                           Buffers: shared hit=571 read=205
 Planning:
   Buffers: shared hit=485 read=92
 Planning Time: 9.873 ms
 Execution Time: 1940.246 ms
(76 rows)

