                                                                                               QUERY PLAN                                                                                               
--------------------------------------------------------------------------------------------------------------------------------------------------------------------------------------------------------
 Aggregate  (cost=444449.17..444449.18 rows=1 width=8) (actual time=2345.941..2345.949 rows=1 loops=1)
   Buffers: shared hit=223998 read=11114
   ->  Nested Loop  (cost=14216.62..444449.17 rows=1 width=0) (actual time=521.224..2345.942 rows=1 loops=1)
         Buffers: shared hit=223998 read=11114
         ->  Hash Join  (cost=14216.19..444446.85 rows=1 width=4) (actual time=89.925..2344.400 rows=63 loops=1)
               Hash Cond: (ci.role_id = rt.id)
               Buffers: shared hit=223779 read=11081
               ->  Nested Loop  (cost=14215.03..444445.64 rows=14 width=8) (actual time=38.318..2343.667 rows=5089 loops=1)
                     Buffers: shared hit=223778 read=11081
                     ->  Nested Loop  (cost=14214.59..444400.76 rows=1 width=12) (actual time=38.282..2274.849 rows=566 loops=1)
                           Buffers: shared hit=219058 read=9086
                           ->  Nested Loop  (cost=14214.59..444398.33 rows=1 width=16) (actual time=38.277..2266.641 rows=566 loops=1)
                                 Buffers: shared hit=218492 read=9086
                                 ->  Nested Loop  (cost=14214.59..444395.91 rows=1 width=20) (actual time=38.255..2256.742 rows=566 loops=1)
                                       Buffers: shared hit=217926 read=9086
                                       ->  Hash Join  (cost=14214.15..433426.05 rows=254 width=12) (actual time=38.201..2208.999 rows=619 loops=1)
                                             Hash Cond: (t.kind_id = kt.id)
                                             Buffers: shared hit=214004 read=7722
                                             ->  Nested Loop  (cost=14213.02..433422.42 rows=592 width=16) (actual time=38.150..2205.804 rows=14663 loops=1)
                                                   Buffers: shared hit=214003 read=7722
                                                   ->  Bitmap Heap Scan on movie_info mi1  (cost=14212.58..401864.47 rows=4233 width=8) (actual time=37.954..517.521 rows=53439 loops=1)
                                                         Recheck Cond: (info_type_id = 8)
                                                         Filter: ((info)::text = ANY ('{Argentina,Greece,Philippines,Sweden,Yugoslavia}'::text[]))
                                                         Rows Removed by Filter: 1271922
                                                         Heap Blocks: exact=7853
                                                         Buffers: shared hit=3501 read=5392
                                                         ->  Bitmap Index Scan on info_type_id_movie_info  (cost=0.00..14211.52 rows=1329478 width=0) (actual time=36.950..36.951 rows=1325361 loops=1)
                                                               Index Cond: (info_type_id = 8)
                                                               Buffers: shared read=1040
                                                   ->  Memoize  (cost=0.44..7.48 rows=1 width=8) (actual time=0.031..0.031 rows=0 loops=53439)
                                                         Cache Key: mi1.movie_id
                                                         Cache Mode: logical
                                                         Hits: 231  Misses: 53208  Evictions: 0  Overflows: 0  Memory Usage: 4105kB
                                                         Buffers: shared hit=210502 read=2330
                                                         ->  Index Scan using title_pkey on title t  (cost=0.43..7.47 rows=1 width=8) (actual time=0.030..0.030 rows=0 loops=53208)
                                                               Index Cond: (id = mi1.movie_id)
                                                               Filter: ((production_year <= 1975) AND (1925 < production_year))
                                                               Rows Removed by Filter: 1
                                                               Buffers: shared hit=210502 read=2330
                                             ->  Hash  (cost=1.10..1.10 rows=3 width=4) (actual time=0.022..0.023 rows=3 loops=1)
                                                   Buckets: 1024  Batches: 1  Memory Usage: 9kB
                                                   Buffers: shared hit=1
                                                   ->  Seq Scan on kind_type kt  (cost=0.00..1.10 rows=3 width=4) (actual time=0.012..0.014 rows=3 loops=1)
                                                         Filter: ((kind)::text = ANY ('{"tv series","video game","video movie"}'::text[]))
                                                         Rows Removed by Filter: 4
                                                         Buffers: shared hit=1
                                       ->  Index Scan using movie_id_movie_info on movie_info mi2  (cost=0.43..43.18 rows=1 width=8) (actual time=0.062..0.077 rows=1 loops=619)
                                             Index Cond: (movie_id = t.id)
                                             Filter: ((info_type_id = 4) AND ((info)::text = ANY ('{Filipino,Greek,Serbo-Croatian,Spanish,Swedish}'::text[])))
                                             Rows Removed by Filter: 5
                                             Buffers: shared hit=3922 read=1364
                                 ->  Seq Scan on info_type it1  (cost=0.00..2.41 rows=1 width=4) (actual time=0.010..0.016 rows=1 loops=566)
                                       Filter: (id = 8)
                                       Rows Removed by Filter: 112
                                       Buffers: shared hit=566
                           ->  Seq Scan on info_type it2  (cost=0.00..2.41 rows=1 width=4) (actual time=0.007..0.013 rows=1 loops=566)
                                 Filter: (id = 4)
                                 Rows Removed by Filter: 112
                                 Buffers: shared hit=566
                     ->  Index Scan using movie_id_cast_info on cast_info ci  (cost=0.44..44.50 rows=38 width=12) (actual time=0.035..0.119 rows=9 loops=566)
                           Index Cond: (movie_id = t.id)
                           Buffers: shared hit=4720 read=1995
               ->  Hash  (cost=1.15..1.15 rows=1 width=4) (actual time=0.038..0.039 rows=1 loops=1)
                     Buckets: 1024  Batches: 1  Memory Usage: 9kB
                     Buffers: shared hit=1
                     ->  Seq Scan on role_type rt  (cost=0.00..1.15 rows=1 width=4) (actual time=0.028..0.029 rows=1 loops=1)
                           Filter: ((role)::text = 'editor'::text)
                           Rows Removed by Filter: 11
                           Buffers: shared hit=1
         ->  Index Scan using name_pkey on name n  (cost=0.43..2.32 rows=1 width=4) (actual time=0.024..0.024 rows=0 loops=63)
               Index Cond: (id = ci.person_id)
               Filter: ((gender)::text = 'f'::text)
               Rows Removed by Filter: 1
               Buffers: shared hit=219 read=33
 Planning:
   Buffers: shared hit=529 read=45
 Planning Time: 13.992 ms
 Execution Time: 2347.504 ms
(78 rows)

