                                                                                            QUERY PLAN                                                                                            
--------------------------------------------------------------------------------------------------------------------------------------------------------------------------------------------------
 Aggregate  (cost=616412.76..616412.77 rows=1 width=8) (actual time=1751.999..1752.005 rows=1 loops=1)
   Buffers: shared hit=117391 read=48122
   ->  Nested Loop  (cost=91930.42..616412.64 rows=48 width=0) (actual time=416.761..1751.741 rows=1303 loops=1)
         Buffers: shared hit=117391 read=48122
         ->  Seq Scan on info_type it2  (cost=0.00..2.41 rows=1 width=4) (actual time=0.045..0.050 rows=1 loops=1)
               Filter: (id = 4)
               Rows Removed by Filter: 112
               Buffers: shared hit=1
         ->  Nested Loop  (cost=91930.42..616409.75 rows=48 width=4) (actual time=416.714..1751.487 rows=1303 loops=1)
               Buffers: shared hit=117390 read=48122
               ->  Seq Scan on info_type it1  (cost=0.00..2.41 rows=1 width=4) (actual time=0.009..0.016 rows=1 loops=1)
                     Filter: (id = 8)
                     Rows Removed by Filter: 112
                     Buffers: shared hit=1
               ->  Nested Loop  (cost=91930.42..616406.86 rows=48 width=8) (actual time=416.701..1751.227 rows=1303 loops=1)
                     Buffers: shared hit=117389 read=48122
                     ->  Hash Join  (cost=91929.99..616142.43 rows=114 width=12) (actual time=416.669..1651.287 rows=2724 loops=1)
                           Hash Cond: (ci.role_id = rt.id)
                           Buffers: shared hit=109050 read=45565
                           ->  Nested Loop  (cost=91928.83..616136.43 rows=1362 width=16) (actual time=416.612..1645.501 rows=42507 loops=1)
                                 Buffers: shared hit=109049 read=45565
                                 ->  Nested Loop  (cost=91928.39..611872.88 rows=95 width=20) (actual time=416.585..1132.657 rows=5079 loops=1)
                                       Buffers: shared hit=76109 read=22271
                                       ->  Hash Join  (cost=91927.95..464769.17 rows=3390 width=12) (actual time=416.491..708.128 rows=5174 loops=1)
                                             Hash Cond: (mi1.movie_id = t.id)
                                             Buffers: shared hit=36882 read=8403
                                             ->  Bitmap Heap Scan on movie_info mi1  (cost=14225.68..386820.97 rows=56539 width=8) (actual time=36.909..252.260 rows=635223 loops=1)
                                                   Recheck Cond: (info_type_id = 8)
                                                   Filter: ((info)::text = ANY ('{Brazil,"East Germany",Finland,Italy,"Soviet Union",Sweden,Turkey,USA,Yugoslavia}'::text[]))
                                                   Rows Removed by Filter: 690138
                                                   Heap Blocks: exact=7853
                                                   Buffers: shared hit=8419 read=474
                                                   ->  Bitmap Index Scan on info_type_id_movie_info  (cost=0.00..14211.52 rows=1329478 width=0) (actual time=35.940..35.940 rows=1325361 loops=1)
                                                         Index Cond: (info_type_id = 8)
                                                         Buffers: shared hit=1040
                                             ->  Hash  (cost=75807.58..75807.58 rows=151576 width=4) (actual time=378.483..378.486 rows=11843 loops=1)
                                                   Buckets: 262144  Batches: 1  Memory Usage: 2465kB
                                                   Buffers: shared hit=28463 read=7929
                                                   ->  Hash Join  (cost=1.13..75807.58 rows=151576 width=4) (actual time=0.159..375.806 rows=11843 loops=1)
                                                         Hash Cond: (t.kind_id = kt.id)
                                                         Buffers: shared hit=28463 read=7929
                                                         ->  Seq Scan on title t  (cost=0.00..74315.95 rows=353677 width=8) (actual time=0.025..355.816 rows=347589 loops=1)
                                                               Filter: ((production_year <= 1975) AND (1925 < production_year))
                                                               Rows Removed by Filter: 2180723
                                                               Buffers: shared hit=28462 read=7929
                                                         ->  Hash  (cost=1.10..1.10 rows=3 width=4) (actual time=0.015..0.016 rows=3 loops=1)
                                                               Buckets: 1024  Batches: 1  Memory Usage: 9kB
                                                               Buffers: shared hit=1
                                                               ->  Seq Scan on kind_type kt  (cost=0.00..1.10 rows=3 width=4) (actual time=0.009..0.010 rows=3 loops=1)
                                                                     Filter: ((kind)::text = ANY ('{"tv series","video game","video movie"}'::text[]))
                                                                     Rows Removed by Filter: 4
                                                                     Buffers: shared hit=1
                                       ->  Index Scan using movie_id_movie_info on movie_info mi2  (cost=0.43..43.38 rows=1 width=8) (actual time=0.054..0.082 rows=1 loops=5174)
                                             Index Cond: (movie_id = t.id)
                                             Filter: ((info_type_id = 4) AND ((info)::text = ANY ('{English,Finnish,German,Italian,Portuguese,Russian,Serbo-Croatian,Swedish,Turkish}'::text[])))
                                             Rows Removed by Filter: 10
                                             Buffers: shared hit=39227 read=13868
                                 ->  Index Scan using movie_id_cast_info on cast_info ci  (cost=0.44..44.50 rows=38 width=12) (actual time=0.029..0.099 rows=8 loops=5079)
                                       Index Cond: (movie_id = t.id)
                                       Buffers: shared hit=32940 read=23294
                           ->  Hash  (cost=1.15..1.15 rows=1 width=4) (actual time=0.019..0.019 rows=1 loops=1)
                                 Buckets: 1024  Batches: 1  Memory Usage: 9kB
                                 Buffers: shared hit=1
                                 ->  Seq Scan on role_type rt  (cost=0.00..1.15 rows=1 width=4) (actual time=0.011..0.012 rows=1 loops=1)
                                       Filter: ((role)::text = 'director'::text)
                                       Rows Removed by Filter: 11
                                       Buffers: shared hit=1
                     ->  Index Scan using name_pkey on name n  (cost=0.43..2.32 rows=1 width=4) (actual time=0.036..0.036 rows=0 loops=2724)
                           Index Cond: (id = ci.person_id)
                           Filter: ((gender)::text = 'm'::text)
                           Rows Removed by Filter: 1
                           Buffers: shared hit=8339 read=2557
 Planning:
   Buffers: shared hit=576 read=1
 Planning Time: 14.408 ms
 Execution Time: 1752.665 ms
(76 rows)

