                                                                                            QUERY PLAN                                                                                            
--------------------------------------------------------------------------------------------------------------------------------------------------------------------------------------------------
 Aggregate  (cost=633287.65..633287.66 rows=1 width=8) (actual time=31846.963..31846.973 rows=1 loops=1)
   Buffers: shared hit=2815072 read=464434, temp read=2675 written=2675
   ->  Nested Loop  (cost=93686.91..633287.52 rows=52 width=0) (actual time=1359.977..31846.475 rows=772 loops=1)
         Buffers: shared hit=2815072 read=464434, temp read=2675 written=2675
         ->  Seq Scan on info_type it2  (cost=0.00..2.41 rows=1 width=4) (actual time=0.028..0.038 rows=1 loops=1)
               Filter: (id = 4)
               Rows Removed by Filter: 112
               Buffers: shared read=1
         ->  Nested Loop  (cost=93686.91..633284.58 rows=52 width=4) (actual time=1359.947..31846.143 rows=772 loops=1)
               Buffers: shared hit=2815072 read=464433, temp read=2675 written=2675
               ->  Seq Scan on info_type it1  (cost=0.00..2.41 rows=1 width=4) (actual time=0.007..0.019 rows=1 loops=1)
                     Filter: (id = 8)
                     Rows Removed by Filter: 112
                     Buffers: shared hit=1
               ->  Nested Loop  (cost=93686.91..633281.65 rows=52 width=8) (actual time=1359.938..31845.789 rows=772 loops=1)
                     Buffers: shared hit=2815071 read=464433, temp read=2675 written=2675
                     ->  Hash Join  (cost=93686.48..632991.71 rows=125 width=12) (actual time=538.261..31714.241 rows=3352 loops=1)
                           Hash Cond: (ci.role_id = rt.id)
                           Buffers: shared hit=2803631 read=462465, temp read=2675 written=2675
                           ->  Nested Loop  (cost=93685.32..632985.21 rows=1505 width=16) (actual time=536.332..31459.340 rows=1552102 loops=1)
                                 Buffers: shared hit=2803630 read=462465, temp read=2675 written=2675
                                 ->  Nested Loop  (cost=93684.88..628307.00 rows=105 width=20) (actual time=536.301..14491.455 rows=100645 loops=1)
                                       Buffers: shared hit=1204958 read=250500, temp read=2675 written=2675
                                       ->  Hash Join  (cost=93684.44..452642.38 rows=4098 width=12) (actual time=536.230..1383.104 rows=124827 loops=1)
                                             Hash Cond: (mi1.movie_id = t.id)
                                             Buffers: shared hit=1731 read=43554, temp read=2675 written=2675
                                             ->  Bitmap Heap Scan on movie_info mi1  (cost=14224.74..371763.44 rows=52869 width=8) (actual time=36.093..485.957 rows=565431 loops=1)
                                                   Recheck Cond: (info_type_id = 8)
                                                   Filter: ((info)::text = ANY ('{Brazil,Philippines,USA}'::text[]))
                                                   Rows Removed by Filter: 759930
                                                   Heap Blocks: exact=7853
                                                   Buffers: shared read=8893
                                                   ->  Bitmap Index Scan on info_type_id_movie_info  (cost=0.00..14211.52 rows=1329478 width=0) (actual time=35.120..35.120 rows=1325361 loops=1)
                                                         Index Cond: (info_type_id = 8)
                                                         Buffers: shared read=1040
                                             ->  Hash  (cost=76244.10..76244.10 rows=195968 width=4) (actual time=498.276..498.280 rows=439726 loops=1)
                                                   Buckets: 262144 (originally 262144)  Batches: 4 (originally 2)  Memory Usage: 6145kB
                                                   Buffers: shared hit=1731 read=34661, temp written=966
                                                   ->  Hash Join  (cost=1.13..76244.10 rows=195968 width=4) (actual time=0.038..423.991 rows=439726 loops=1)
                                                         Hash Cond: (t.kind_id = kt.id)
                                                         Buffers: shared hit=1731 read=34661
                                                         ->  Seq Scan on title t  (cost=0.00..74315.95 rows=457258 width=8) (actual time=0.022..371.438 rows=451569 loops=1)
                                                               Filter: ((production_year <= 1975) AND (1875 < production_year))
                                                               Rows Removed by Filter: 2076743
                                                               Buffers: shared hit=1730 read=34661
                                                         ->  Hash  (cost=1.10..1.10 rows=3 width=4) (actual time=0.013..0.014 rows=3 loops=1)
                                                               Buckets: 1024  Batches: 1  Memory Usage: 9kB
                                                               Buffers: shared hit=1
                                                               ->  Seq Scan on kind_type kt  (cost=0.00..1.10 rows=3 width=4) (actual time=0.006..0.007 rows=3 loops=1)
                                                                     Filter: ((kind)::text = ANY ('{episode,movie,"tv movie"}'::text[]))
                                                                     Rows Removed by Filter: 4
                                                                     Buffers: shared hit=1
                                       ->  Index Scan using movie_id_movie_info on movie_info mi2  (cost=0.43..42.86 rows=1 width=8) (actual time=0.050..0.104 rows=1 loops=124827)
                                             Index Cond: (movie_id = t.id)
                                             Filter: ((info_type_id = 4) AND ((info)::text = ANY ('{English,Filipino,Portuguese}'::text[])))
                                             Rows Removed by Filter: 14
                                             Buffers: shared hit=1203227 read=206946
                                 ->  Index Scan using movie_id_cast_info on cast_info ci  (cost=0.44..44.17 rows=38 width=12) (actual time=0.035..0.164 rows=15 loops=100645)
                                       Index Cond: (movie_id = t.id)
                                       Buffers: shared hit=1598672 read=211965
                           ->  Hash  (cost=1.15..1.15 rows=1 width=4) (actual time=0.012..0.012 rows=1 loops=1)
                                 Buckets: 1024  Batches: 1  Memory Usage: 9kB
                                 Buffers: shared hit=1
                                 ->  Seq Scan on role_type rt  (cost=0.00..1.15 rows=1 width=4) (actual time=0.007..0.008 rows=1 loops=1)
                                       Filter: ((role)::text = 'production designer'::text)
                                       Rows Removed by Filter: 11
                                       Buffers: shared hit=1
                     ->  Index Scan using name_pkey on name n  (cost=0.43..2.32 rows=1 width=4) (actual time=0.038..0.038 rows=0 loops=3352)
                           Index Cond: (id = ci.person_id)
                           Filter: ((gender)::text = 'm'::text)
                           Rows Removed by Filter: 1
                           Buffers: shared hit=11440 read=1968
 Planning:
   Buffers: shared hit=485 read=89
 Planning Time: 12.477 ms
 Execution Time: 31847.479 ms
(76 rows)

