                                                                                                   QUERY PLAN                                                                                                   
----------------------------------------------------------------------------------------------------------------------------------------------------------------------------------------------------------------
 Aggregate  (cost=703888.77..703888.78 rows=1 width=8) (actual time=70821.317..70821.325 rows=1 loops=1)
   Buffers: shared hit=7209224 read=187896
   ->  Nested Loop  (cost=476412.65..703888.64 rows=52 width=0) (actual time=7066.153..70764.820 rows=309986 loops=1)
         Buffers: shared hit=7209224 read=187896
         ->  Seq Scan on info_type it2  (cost=0.00..2.41 rows=1 width=4) (actual time=0.034..0.044 rows=1 loops=1)
               Filter: (id = 4)
               Rows Removed by Filter: 112
               Buffers: shared hit=1
         ->  Nested Loop  (cost=476412.65..703885.71 rows=52 width=4) (actual time=7066.118..70700.560 rows=309986 loops=1)
               Buffers: shared hit=7209223 read=187896
               ->  Seq Scan on info_type it1  (cost=0.00..2.41 rows=1 width=4) (actual time=0.009..0.020 rows=1 loops=1)
                     Filter: (id = 8)
                     Rows Removed by Filter: 112
                     Buffers: shared hit=1
               ->  Nested Loop  (cost=476412.65..703882.78 rows=52 width=8) (actual time=7066.107..70629.759 rows=309986 loops=1)
                     Join Filter: (t.id = mi2.movie_id)
                     Buffers: shared hit=7209222 read=187896
                     ->  Nested Loop  (cost=476412.22..629268.55 rows=1752 width=16) (actual time=7066.042..27960.810 rows=443186 loops=1)
                           Buffers: shared hit=2453584 read=110226
                           ->  Hash Join  (cost=476411.79..611777.05 rows=7541 width=20) (actual time=7065.972..13016.682 rows=443525 loops=1)
                                 Hash Cond: (ci.movie_id = t.id)
                                 Buffers: shared hit=695868 read=93842
                                 ->  Nested Loop  (cost=0.44..123965.00 rows=3020080 width=8) (actual time=0.103..3819.832 rows=7451973 loops=1)
                                       Buffers: shared hit=1611 read=53313
                                       ->  Seq Scan on role_type rt  (cost=0.00..1.15 rows=1 width=4) (actual time=0.008..0.012 rows=1 loops=1)
                                             Filter: ((role)::text = 'actress'::text)
                                             Rows Removed by Filter: 11
                                             Buffers: shared hit=1
                                       ->  Index Scan using role_id_cast_info on cast_info ci  (cost=0.44..91017.52 rows=3294633 width=12) (actual time=0.089..2419.661 rows=7451973 loops=1)
                                             Index Cond: (role_id = rt.id)
                                             Buffers: shared hit=1610 read=53313
                                 ->  Hash  (cost=476332.43..476332.43 rows=6313 width=12) (actual time=7065.663..7065.668 rows=141770 loops=1)
                                       Buckets: 262144 (originally 8192)  Batches: 1 (originally 1)  Memory Usage: 8140kB
                                       Buffers: shared hit=694257 read=40529
                                       ->  Hash Join  (cost=14217.08..476332.43 rows=6313 width=12) (actual time=37.093..7004.685 rows=141770 loops=1)
                                             Hash Cond: (t.kind_id = kt.id)
                                             Buffers: shared hit=694257 read=40529
                                             ->  Nested Loop  (cost=14215.94..476269.23 rows=14729 width=16) (actual time=36.715..6939.367 rows=172450 loops=1)
                                                   Buffers: shared hit=694256 read=40529
                                                   ->  Bitmap Heap Scan on movie_info mi1  (cost=14215.50..386810.80 rows=15802 width=8) (actual time=36.686..465.553 rows=186020 loops=1)
                                                         Recheck Cond: (info_type_id = 8)
                                                         Filter: ((info)::text = ANY ('{Austria,Belgium,Bulgaria,Greece,"Hong Kong",Hungary,India,Iran,Italy,Norway,Spain,"West Germany",Yugoslavia}'::text[]))
                                                         Rows Removed by Filter: 1139341
                                                         Heap Blocks: exact=7853
                                                         Buffers: shared hit=3806 read=5087
                                                         ->  Bitmap Index Scan on info_type_id_movie_info  (cost=0.00..14211.52 rows=1329478 width=0) (actual time=35.690..35.690 rows=1325361 loops=1)
                                                               Index Cond: (info_type_id = 8)
                                                               Buffers: shared read=1040
                                                   ->  Memoize  (cost=0.44..5.77 rows=1 width=8) (actual time=0.034..0.034 rows=1 loops=186020)
                                                         Cache Key: mi1.movie_id
                                                         Cache Mode: logical
                                                         Hits: 4547  Misses: 181473  Evictions: 101090  Overflows: 0  Memory Usage: 8193kB
                                                         Buffers: shared hit=690450 read=35442
                                                         ->  Index Scan using title_pkey on title t  (cost=0.43..5.76 rows=1 width=8) (actual time=0.034..0.034 rows=1 loops=181473)
                                                               Index Cond: (id = mi1.movie_id)
                                                               Filter: ((production_year <= 2015) AND (1925 < production_year))
                                                               Rows Removed by Filter: 0
                                                               Buffers: shared hit=690450 read=35442
                                             ->  Hash  (cost=1.10..1.10 rows=3 width=4) (actual time=0.020..0.021 rows=3 loops=1)
                                                   Buckets: 1024  Batches: 1  Memory Usage: 9kB
                                                   Buffers: shared hit=1
                                                   ->  Seq Scan on kind_type kt  (cost=0.00..1.10 rows=3 width=4) (actual time=0.009..0.012 rows=3 loops=1)
                                                         Filter: ((kind)::text = ANY ('{episode,movie,"video movie"}'::text[]))
                                                         Rows Removed by Filter: 4
                                                         Buffers: shared hit=1
                           ->  Index Scan using name_pkey on name n  (cost=0.43..2.32 rows=1 width=4) (actual time=0.033..0.033 rows=1 loops=443525)
                                 Index Cond: (id = ci.person_id)
                                 Filter: ((gender)::text = 'f'::text)
                                 Rows Removed by Filter: 0
                                 Buffers: shared hit=1757716 read=16384
                     ->  Index Scan using movie_id_movie_info on movie_info mi2  (cost=0.43..42.58 rows=1 width=8) (actual time=0.060..0.096 rows=1 loops=443186)
                           Index Cond: (movie_id = ci.movie_id)
                           Filter: ((info_type_id = 4) AND ((info)::text = ANY ('{Bulgarian,Cantonese,Dutch,English,German,Greek,Hungarian,Norwegian,Persian,Serbo-Croatian,Spanish,Telugu}'::text[])))
                           Rows Removed by Filter: 15
                           Buffers: shared hit=4755638 read=77670
 Planning:
   Buffers: shared hit=484 read=93
 Planning Time: 14.577 ms
 Execution Time: 70824.352 ms
(79 rows)

