                                                                                               QUERY PLAN                                                                                               
--------------------------------------------------------------------------------------------------------------------------------------------------------------------------------------------------------
 Aggregate  (cost=381380.49..381380.50 rows=1 width=8) (actual time=1142.311..1142.318 rows=1 loops=1)
   Buffers: shared hit=95619 read=19800
   ->  Nested Loop  (cost=14216.07..381380.48 rows=1 width=0) (actual time=93.317..1142.309 rows=2 loops=1)
         Buffers: shared hit=95619 read=19800
         ->  Hash Join  (cost=14215.64..381378.17 rows=1 width=4) (actual time=38.004..1140.343 rows=61 loops=1)
               Hash Cond: (ci.role_id = rt.id)
               Buffers: shared hit=95441 read=19734
               ->  Nested Loop  (cost=14214.48..381376.96 rows=14 width=8) (actual time=36.319..1139.422 rows=7949 loops=1)
                     Buffers: shared hit=95440 read=19734
                     ->  Nested Loop  (cost=14214.04..381332.58 rows=1 width=12) (actual time=36.281..1060.976 rows=617 loops=1)
                           Buffers: shared hit=88130 read=17348
                           ->  Nested Loop  (cost=14214.04..381330.16 rows=1 width=16) (actual time=36.276..1053.120 rows=617 loops=1)
                                 Buffers: shared hit=87513 read=17348
                                 ->  Nested Loop  (cost=14214.04..381327.74 rows=1 width=20) (actual time=36.245..1045.235 rows=617 loops=1)
                                       Buffers: shared hit=86896 read=17348
                                       ->  Hash Join  (cost=14213.60..373130.75 rows=192 width=12) (actual time=36.197..994.901 rows=633 loops=1)
                                             Hash Cond: (t.kind_id = kt.id)
                                             Buffers: shared hit=83528 read=15098
                                             ->  Nested Loop  (cost=14212.47..373127.73 rows=447 width=16) (actual time=36.167..993.857 rows=5487 loops=1)
                                                   Buffers: shared hit=83527 read=15098
                                                   ->  Bitmap Heap Scan on movie_info mi1  (cost=14212.04..356694.15 rows=2072 width=8) (actual time=36.134..315.520 rows=22433 loops=1)
                                                         Recheck Cond: (info_type_id = 8)
                                                         Filter: ((info)::text = ANY ('{Argentina,Poland}'::text[]))
                                                         Rows Removed by Filter: 1302928
                                                         Heap Blocks: exact=7853
                                                         Buffers: shared hit=1611 read=7282
                                                         ->  Bitmap Index Scan on info_type_id_movie_info  (cost=0.00..14211.52 rows=1329478 width=0) (actual time=35.103..35.103 rows=1325361 loops=1)
                                                               Index Cond: (info_type_id = 8)
                                                               Buffers: shared read=1040
                                                   ->  Index Scan using title_pkey on title t  (cost=0.43..7.93 rows=1 width=8) (actual time=0.030..0.030 rows=0 loops=22433)
                                                         Index Cond: (id = mi1.movie_id)
                                                         Filter: ((production_year <= 1990) AND (1950 < production_year))
                                                         Rows Removed by Filter: 1
                                                         Buffers: shared hit=81916 read=7816
                                             ->  Hash  (cost=1.10..1.10 rows=3 width=4) (actual time=0.013..0.014 rows=3 loops=1)
                                                   Buckets: 1024  Batches: 1  Memory Usage: 9kB
                                                   Buffers: shared hit=1
                                                   ->  Seq Scan on kind_type kt  (cost=0.00..1.10 rows=3 width=4) (actual time=0.007..0.009 rows=3 loops=1)
                                                         Filter: ((kind)::text = ANY ('{"tv series","video game","video movie"}'::text[]))
                                                         Rows Removed by Filter: 4
                                                         Buffers: shared hit=1
                                       ->  Index Scan using movie_id_movie_info on movie_info mi2  (cost=0.43..42.68 rows=1 width=8) (actual time=0.062..0.079 rows=1 loops=633)
                                             Index Cond: (movie_id = t.id)
                                             Filter: (((info)::text = ANY ('{Polish,Spanish}'::text[])) AND (info_type_id = 4))
                                             Rows Removed by Filter: 6
                                             Buffers: shared hit=3368 read=2250
                                 ->  Seq Scan on info_type it1  (cost=0.00..2.41 rows=1 width=4) (actual time=0.006..0.011 rows=1 loops=617)
                                       Filter: (id = 8)
                                       Rows Removed by Filter: 112
                                       Buffers: shared hit=617
                           ->  Seq Scan on info_type it2  (cost=0.00..2.41 rows=1 width=4) (actual time=0.006..0.011 rows=1 loops=617)
                                 Filter: (id = 4)
                                 Rows Removed by Filter: 112
                                 Buffers: shared hit=617
                     ->  Index Scan using movie_id_cast_info on cast_info ci  (cost=0.44..43.99 rows=38 width=12) (actual time=0.028..0.125 rows=13 loops=617)
                           Index Cond: (movie_id = t.id)
                           Buffers: shared hit=7310 read=2386
               ->  Hash  (cost=1.15..1.15 rows=1 width=4) (actual time=0.024..0.025 rows=1 loops=1)
                     Buckets: 1024  Batches: 1  Memory Usage: 9kB
                     Buffers: shared hit=1
                     ->  Seq Scan on role_type rt  (cost=0.00..1.15 rows=1 width=4) (actual time=0.019..0.020 rows=1 loops=1)
                           Filter: ((role)::text = 'costume designer'::text)
                           Rows Removed by Filter: 11
                           Buffers: shared hit=1
         ->  Index Scan using name_pkey on name n  (cost=0.43..2.32 rows=1 width=4) (actual time=0.032..0.032 rows=0 loops=61)
               Index Cond: (id = ci.person_id)
               Filter: ((gender)::text = 'm'::text)
               Rows Removed by Filter: 1
               Buffers: shared hit=178 read=66
 Planning:
   Buffers: shared hit=483 read=91
 Planning Time: 12.788 ms
 Execution Time: 1142.817 ms
(73 rows)

