                                                                                            QUERY PLAN                                                                                            
--------------------------------------------------------------------------------------------------------------------------------------------------------------------------------------------------
 Aggregate  (cost=778859.00..778859.01 rows=1 width=8) (actual time=3329.743..3329.754 rows=1 loops=1)
   Buffers: shared hit=215668 read=62720, temp read=3627 written=3627
   ->  Nested Loop  (cost=479517.13..778858.77 rows=90 width=0) (actual time=1068.984..3329.028 rows=4101 loops=1)
         Buffers: shared hit=215668 read=62720, temp read=3627 written=3627
         ->  Seq Scan on info_type it2  (cost=0.00..2.41 rows=1 width=4) (actual time=0.047..0.056 rows=1 loops=1)
               Filter: (id = 4)
               Rows Removed by Filter: 112
               Buffers: shared hit=1
         ->  Nested Loop  (cost=479517.13..778855.46 rows=90 width=4) (actual time=1068.936..3328.263 rows=4101 loops=1)
               Buffers: shared hit=215667 read=62720, temp read=3627 written=3627
               ->  Seq Scan on info_type it1  (cost=0.00..2.41 rows=1 width=4) (actual time=0.010..0.021 rows=1 loops=1)
                     Filter: (id = 8)
                     Rows Removed by Filter: 112
                     Buffers: shared hit=1
               ->  Nested Loop  (cost=479517.13..778852.15 rows=90 width=8) (actual time=1068.925..3327.497 rows=4101 loops=1)
                     Join Filter: (t.id = mi2.movie_id)
                     Buffers: shared hit=215666 read=62720, temp read=3627 written=3627
                     ->  Nested Loop  (cost=479516.69..646226.68 rows=3133 width=16) (actual time=1068.900..2730.035 rows=4346 loops=1)
                           Buffers: shared hit=183707 read=36769, temp read=3627 written=3627
                           ->  Hash Join  (cost=479516.26..614941.00 rows=13488 width=20) (actual time=1068.800..1325.207 rows=43252 loops=1)
                                 Hash Cond: (ci.movie_id = t.id)
                                 Buffers: shared hit=27678 read=19790, temp read=3627 written=3627
                                 ->  Nested Loop  (cost=0.44..123965.00 rows=3020080 width=8) (actual time=0.181..112.640 rows=316118 loops=1)
                                       Buffers: shared hit=607 read=1576
                                       ->  Seq Scan on role_type rt  (cost=0.00..1.15 rows=1 width=4) (actual time=0.010..0.012 rows=1 loops=1)
                                             Filter: ((role)::text = 'production designer'::text)
                                             Rows Removed by Filter: 11
                                             Buffers: shared hit=1
                                       ->  Index Scan using role_id_cast_info on cast_info ci  (cost=0.44..91017.52 rows=3294633 width=12) (actual time=0.169..72.860 rows=316118 loops=1)
                                             Index Cond: (role_id = rt.id)
                                             Buffers: shared hit=606 read=1576
                                 ->  Hash  (cost=479374.67..479374.67 rows=11292 width=12) (actual time=1068.273..1068.278 rows=252082 loops=1)
                                       Buckets: 262144 (originally 16384)  Batches: 2 (originally 1)  Memory Usage: 7452kB
                                       Buffers: shared hit=27071 read=18214, temp read=2592 written=3085
                                       ->  Hash Join  (cost=104057.44..479374.67 rows=11292 width=12) (actual time=737.099..1028.149 rows=252082 loops=1)
                                             Hash Cond: (mi1.movie_id = t.id)
                                             Buffers: shared hit=27071 read=18214, temp read=2592 written=2592
                                             ->  Bitmap Heap Scan on movie_info mi1  (cost=14225.88..386821.17 rows=57337 width=8) (actual time=35.689..232.375 rows=627577 loops=1)
                                                   Recheck Cond: (info_type_id = 8)
                                                   Filter: ((info)::text = ANY ('{Austria,Belgium,China,Hungary,Indonesia,Israel,Spain,Switzerland,USA}'::text[]))
                                                   Rows Removed by Filter: 697784
                                                   Heap Blocks: exact=7853
                                                   Buffers: shared hit=8893
                                                   ->  Bitmap Index Scan on info_type_id_movie_info  (cost=0.00..14211.52 rows=1329478 width=0) (actual time=34.709..34.710 rows=1325361 loops=1)
                                                         Index Cond: (info_type_id = 8)
                                                         Buffers: shared hit=1040
                                             ->  Hash  (cost=81661.48..81661.48 rows=497927 width=4) (actual time=620.199..620.202 rows=447278 loops=1)
                                                   Buckets: 262144  Batches: 4  Memory Usage: 5988kB
                                                   Buffers: shared hit=18178 read=18214, temp written=980
                                                   ->  Hash Join  (cost=1.11..81661.48 rows=497927 width=4) (actual time=21.698..559.827 rows=447278 loops=1)
                                                         Hash Cond: (t.kind_id = kt.id)
                                                         Buffers: shared hit=18178 read=18214
                                                         ->  Seq Scan on title t  (cost=0.00..74315.95 rows=1742744 width=8) (actual time=0.025..440.482 rows=1748995 loops=1)
                                                               Filter: ((production_year <= 2015) AND (1990 < production_year))
                                                               Rows Removed by Filter: 779317
                                                               Buffers: shared hit=18177 read=18214
                                                         ->  Hash  (cost=1.09..1.09 rows=2 width=4) (actual time=0.015..0.016 rows=2 loops=1)
                                                               Buckets: 1024  Batches: 1  Memory Usage: 9kB
                                                               Buffers: shared hit=1
                                                               ->  Seq Scan on kind_type kt  (cost=0.00..1.09 rows=2 width=4) (actual time=0.008..0.009 rows=2 loops=1)
                                                                     Filter: ((kind)::text = ANY ('{movie,"video movie"}'::text[]))
                                                                     Rows Removed by Filter: 5
                                                                     Buffers: shared hit=1
                           ->  Index Scan using name_pkey on name n  (cost=0.43..2.32 rows=1 width=4) (actual time=0.032..0.032 rows=0 loops=43252)
                                 Index Cond: (id = ci.person_id)
                                 Filter: ((gender)::text = 'f'::text)
                                 Rows Removed by Filter: 1
                                 Buffers: shared hit=156029 read=16979
                     ->  Index Scan using movie_id_movie_info on movie_info mi2  (cost=0.43..42.32 rows=1 width=8) (actual time=0.040..0.137 rows=1 loops=4346)
                           Index Cond: (movie_id = ci.movie_id)
                           Filter: ((info_type_id = 4) AND ((info)::text = ANY ('{English,Galician,German,Indonesian,Italian,Japanese,None}'::text[])))
                           Rows Removed by Filter: 33
                           Buffers: shared hit=31959 read=25951
 Planning:
   Buffers: shared hit=576 read=1
 Planning Time: 13.212 ms
 Execution Time: 3330.374 ms
(77 rows)

