                                                                                                  QUERY PLAN                                                                                                  
--------------------------------------------------------------------------------------------------------------------------------------------------------------------------------------------------------------
 Aggregate  (cost=888135.55..888135.56 rows=1 width=8) (actual time=40594.046..40594.056 rows=1 loops=1)
   Buffers: shared hit=3726125 read=416791, temp read=6423 written=6420
   ->  Nested Loop  (cost=855130.76..888135.19 rows=147 width=0) (actual time=950.196..40591.093 rows=7472 loops=1)
         Buffers: shared hit=3726125 read=416791, temp read=6423 written=6420
         ->  Seq Scan on info_type it2  (cost=0.00..2.41 rows=1 width=4) (actual time=0.044..0.055 rows=1 loops=1)
               Filter: (id = 4)
               Rows Removed by Filter: 112
               Buffers: shared hit=1
         ->  Nested Loop  (cost=855130.76..888131.30 rows=147 width=4) (actual time=950.151..40588.857 rows=7472 loops=1)
               Buffers: shared hit=3726124 read=416791, temp read=6423 written=6420
               ->  Seq Scan on info_type it1  (cost=0.00..2.41 rows=1 width=4) (actual time=0.010..0.022 rows=1 loops=1)
                     Filter: (id = 8)
                     Rows Removed by Filter: 112
                     Buffers: shared hit=1
               ->  Nested Loop  (cost=855130.76..888127.42 rows=147 width=8) (actual time=950.139..40586.611 rows=7472 loops=1)
                     Buffers: shared hit=3726123 read=416791, temp read=6423 written=6420
                     ->  Hash Join  (cost=855130.33..887315.59 rows=350 width=12) (actual time=949.637..39374.146 rows=33751 loops=1)
                           Hash Cond: (ci.role_id = rt.id)
                           Buffers: shared hit=3598933 read=408977, temp read=6423 written=6420
                           ->  Nested Loop  (cost=855129.16..887299.51 rows=4200 width=16) (actual time=949.374..38867.019 rows=2823001 loops=1)
                                 Buffers: shared hit=3598932 read=408977, temp read=6423 written=6420
                                 ->  Nested Loop  (cost=855128.72..874507.22 rows=293 width=20) (actual time=949.345..8434.712 rows=148013 loops=1)
                                       Buffers: shared hit=742064 read=50733, temp read=6423 written=6420
                                       ->  Nested Loop  (cost=855128.58..874489.80 rows=684 width=24) (actual time=949.263..8280.847 rows=183786 loops=1)
                                             Join Filter: (t.id = mi1.movie_id)
                                             Buffers: shared hit=742052 read=50733, temp read=6423 written=6420
                                             ->  Merge Join  (cost=855128.15..855675.18 rows=5398 width=16) (actual time=949.211..1407.399 rows=193620 loops=1)
                                                   Merge Cond: (mi1.movie_id = mi2.movie_id)
                                                   Buffers: shared hit=9065 read=9240, temp read=6423 written=6420
                                                   ->  Sort  (cost=448891.18..448954.47 rows=25317 width=8) (actual time=442.152..492.366 rows=262793 loops=1)
                                                         Sort Key: mi1.movie_id
                                                         Sort Method: external sort  Disk: 5680kB
                                                         Buffers: shared hit=5091 read=3802, temp read=1418 written=1421
                                                         ->  Bitmap Heap Scan on movie_info mi1  (cost=14217.85..447039.51 rows=25317 width=8) (actual time=36.237..375.406 rows=262793 loops=1)
                                                               Recheck Cond: (info_type_id = 8)
                                                               Filter: ((info)::text = ANY ('{"Czech Republic",Germany,Mexico,Nigeria,Philippines,"South Africa",Spain,UK}'::text[]))
                                                               Rows Removed by Filter: 1062568
                                                               Heap Blocks: exact=7853
                                                               Buffers: shared hit=5091 read=3802
                                                               ->  Bitmap Index Scan on info_type_id_movie_info  (cost=0.00..14211.52 rows=1329478 width=0) (actual time=35.255..35.256 rows=1325361 loops=1)
                                                                     Index Cond: (info_type_id = 8)
                                                                     Buffers: shared read=1040
                                                   ->  Sort  (cost=406236.97..406420.21 rows=73293 width=8) (actual time=507.047..675.163 rows=928098 loops=1)
                                                         Sort Key: mi2.movie_id
                                                         Sort Method: external sort  Disk: 19984kB
                                                         Buffers: shared hit=3974 read=5438, temp read=4996 written=4999
                                                         ->  Bitmap Heap Scan on movie_info mi2  (cost=13073.69..400314.39 rows=73293 width=8) (actual time=30.642..283.652 rows=924682 loops=1)
                                                               Recheck Cond: (info_type_id = 4)
                                                               Filter: ((info)::text = ANY ('{English,French,Galician,Spanish,Yoruba}'::text[]))
                                                               Rows Removed by Filter: 374307
                                                               Heap Blocks: exact=8393
                                                               Buffers: shared hit=3974 read=5438
                                                               ->  Bitmap Index Scan on info_type_id_movie_info  (cost=0.00..13055.37 rows=1221191 width=0) (actual time=29.606..29.606 rows=1298989 loops=1)
                                                                     Index Cond: (info_type_id = 4)
                                                                     Buffers: shared hit=1 read=1018
                                             ->  Index Scan using title_pkey on title t  (cost=0.43..3.47 rows=1 width=8) (actual time=0.035..0.035 rows=1 loops=193620)
                                                   Index Cond: (id = mi2.movie_id)
                                                   Filter: ((production_year <= 2015) AND (1925 < production_year))
                                                   Rows Removed by Filter: 0
                                                   Buffers: shared hit=732987 read=41493
                                       ->  Memoize  (cost=0.14..0.16 rows=1 width=4) (actual time=0.000..0.000 rows=1 loops=183786)
                                             Cache Key: t.kind_id
                                             Cache Mode: logical
                                             Hits: 183780  Misses: 6  Evictions: 0  Overflows: 0  Memory Usage: 1kB
                                             Buffers: shared hit=12
                                             ->  Index Scan using kind_type_pkey on kind_type kt  (cost=0.13..0.15 rows=1 width=4) (actual time=0.009..0.009 rows=0 loops=6)
                                                   Index Cond: (id = t.kind_id)
                                                   Filter: ((kind)::text = ANY ('{episode,movie,"video movie"}'::text[]))
                                                   Rows Removed by Filter: 0
                                                   Buffers: shared hit=12
                                 ->  Index Scan using movie_id_cast_info on cast_info ci  (cost=0.44..43.28 rows=38 width=12) (actual time=0.035..0.200 rows=19 loops=148013)
                                       Index Cond: (movie_id = t.id)
                                       Buffers: shared hit=2856868 read=358244
                           ->  Hash  (cost=1.15..1.15 rows=1 width=4) (actual time=0.022..0.023 rows=1 loops=1)
                                 Buckets: 1024  Batches: 1  Memory Usage: 9kB
                                 Buffers: shared hit=1
                                 ->  Seq Scan on role_type rt  (cost=0.00..1.15 rows=1 width=4) (actual time=0.013..0.015 rows=1 loops=1)
                                       Filter: ((role)::text = 'production designer'::text)
                                       Rows Removed by Filter: 11
                                       Buffers: shared hit=1
                     ->  Index Scan using name_pkey on name n  (cost=0.43..2.32 rows=1 width=4) (actual time=0.035..0.035 rows=0 loops=33751)
                           Index Cond: (id = ci.person_id)
                           Filter: ((gender)::text = 'm'::text)
                           Rows Removed by Filter: 1
                           Buffers: shared hit=127190 read=7814
 Planning:
   Buffers: shared hit=529 read=45
 Planning Time: 13.082 ms
 Execution Time: 40602.901 ms
(89 rows)

