                                                                                               QUERY PLAN                                                                                               
--------------------------------------------------------------------------------------------------------------------------------------------------------------------------------------------------------
 Aggregate  (cost=386711.37..386711.38 rows=1 width=8) (actual time=3012.621..3012.627 rows=1 loops=1)
   Buffers: shared hit=262853 read=45735
   ->  Nested Loop  (cost=13059.41..386711.37 rows=1 width=0) (actual time=496.134..3012.590 rows=35 loops=1)
         Buffers: shared hit=262853 read=45735
         ->  Hash Join  (cost=13058.98..386709.05 rows=1 width=4) (actual time=86.710..2916.872 rows=3266 loops=1)
               Hash Cond: (ci.role_id = rt.id)
               Buffers: shared hit=250711 read=44813
               ->  Nested Loop  (cost=13057.82..386707.84 rows=14 width=8) (actual time=86.441..2902.502 rows=103555 loops=1)
                     Buffers: shared hit=250710 read=44813
                     ->  Nested Loop  (cost=13057.38..386663.46 rows=1 width=12) (actual time=86.394..1890.776 rows=5195 loops=1)
                           Buffers: shared hit=143398 read=34479
                           ->  Nested Loop  (cost=13057.38..386661.04 rows=1 width=16) (actual time=86.389..1792.927 rows=5195 loops=1)
                                 Buffers: shared hit=138203 read=34479
                                 ->  Nested Loop  (cost=13057.38..386658.62 rows=1 width=20) (actual time=86.372..1702.868 rows=5195 loops=1)
                                       Buffers: shared hit=133008 read=34479
                                       ->  Hash Join  (cost=13056.94..386316.26 rows=8 width=12) (actual time=86.305..991.080 rows=8584 loops=1)
                                             Hash Cond: (t.kind_id = kt.id)
                                             Buffers: shared hit=68241 read=18848
                                             ->  Nested Loop  (cost=13055.83..386315.03 rows=27 width=16) (actual time=35.896..987.270 rows=8991 loops=1)
                                                   Buffers: shared hit=68240 read=18848
                                                   ->  Bitmap Heap Scan on movie_info mi2  (cost=13055.40..385266.92 rows=124 width=8) (actual time=35.857..394.237 rows=19419 loops=1)
                                                         Recheck Cond: (info_type_id = 4)
                                                         Filter: ((info)::text = ANY ('{Czech,Georgian,Hungarian,Mandarin}'::text[]))
                                                         Rows Removed by Filter: 1279570
                                                         Heap Blocks: exact=8393
                                                         Buffers: shared hit=2 read=9410
                                                         ->  Bitmap Index Scan on info_type_id_movie_info  (cost=0.00..13055.37 rows=1221191 width=0) (actual time=33.741..33.741 rows=1298989 loops=1)
                                                               Index Cond: (info_type_id = 4)
                                                               Buffers: shared read=1019
                                                   ->  Index Scan using title_pkey on title t  (cost=0.43..8.45 rows=1 width=8) (actual time=0.030..0.030 rows=0 loops=19419)
                                                         Index Cond: (id = mi2.movie_id)
                                                         Filter: ((production_year <= 1990) AND (1950 < production_year))
                                                         Rows Removed by Filter: 1
                                                         Buffers: shared hit=68238 read=9438
                                             ->  Hash  (cost=1.09..1.09 rows=2 width=4) (actual time=0.014..0.015 rows=2 loops=1)
                                                   Buckets: 1024  Batches: 1  Memory Usage: 9kB
                                                   Buffers: shared hit=1
                                                   ->  Seq Scan on kind_type kt  (cost=0.00..1.09 rows=2 width=4) (actual time=0.009..0.010 rows=2 loops=1)
                                                         Filter: ((kind)::text = ANY ('{movie,"tv movie"}'::text[]))
                                                         Rows Removed by Filter: 5
                                                         Buffers: shared hit=1
                                       ->  Index Scan using movie_id_movie_info on movie_info mi1  (cost=0.43..42.79 rows=1 width=8) (actual time=0.078..0.082 rows=1 loops=8584)
                                             Index Cond: (movie_id = t.id)
                                             Filter: ((info_type_id = 8) AND ((info)::text = ANY ('{China,Czechoslovakia,Hungary,"Soviet Union"}'::text[])))
                                             Rows Removed by Filter: 8
                                             Buffers: shared hit=64767 read=15631
                                 ->  Seq Scan on info_type it1  (cost=0.00..2.41 rows=1 width=4) (actual time=0.009..0.016 rows=1 loops=5195)
                                       Filter: (id = 8)
                                       Rows Removed by Filter: 112
                                       Buffers: shared hit=5195
                           ->  Seq Scan on info_type it2  (cost=0.00..2.41 rows=1 width=4) (actual time=0.010..0.017 rows=1 loops=5195)
                                 Filter: (id = 4)
                                 Rows Removed by Filter: 112
                                 Buffers: shared hit=5195
                     ->  Index Scan using movie_id_cast_info on cast_info ci  (cost=0.44..43.99 rows=38 width=12) (actual time=0.034..0.190 rows=20 loops=5195)
                           Index Cond: (movie_id = t.id)
                           Buffers: shared hit=107312 read=10334
               ->  Hash  (cost=1.15..1.15 rows=1 width=4) (actual time=0.030..0.031 rows=1 loops=1)
                     Buckets: 1024  Batches: 1  Memory Usage: 9kB
                     Buffers: shared hit=1
                     ->  Seq Scan on role_type rt  (cost=0.00..1.15 rows=1 width=4) (actual time=0.023..0.024 rows=1 loops=1)
                           Filter: ((role)::text = 'composer'::text)
                           Rows Removed by Filter: 11
                           Buffers: shared hit=1
         ->  Index Scan using name_pkey on name n  (cost=0.43..2.32 rows=1 width=4) (actual time=0.029..0.029 rows=0 loops=3266)
               Index Cond: (id = ci.person_id)
               Filter: ((gender)::text = 'f'::text)
               Rows Removed by Filter: 1
               Buffers: shared hit=12142 read=922
 Planning:
   Buffers: shared hit=484 read=90
 Planning Time: 10.528 ms
 Execution Time: 3013.133 ms
(73 rows)

