                                                                                            QUERY PLAN                                                                                            
--------------------------------------------------------------------------------------------------------------------------------------------------------------------------------------------------
 Aggregate  (cost=562487.94..562487.95 rows=1 width=8) (actual time=1066.036..1066.045 rows=1 loops=1)
   Buffers: shared hit=43314 read=37824, temp read=387 written=387
   ->  Nested Loop  (cost=92521.32..562487.87 rows=28 width=0) (actual time=441.346..1066.002 rows=97 loops=1)
         Buffers: shared hit=43314 read=37824, temp read=387 written=387
         ->  Hash Join  (cost=92520.89..562332.46 rows=67 width=4) (actual time=440.025..1056.777 rows=282 loops=1)
               Hash Cond: (ci.role_id = rt.id)
               Buffers: shared hit=42662 read=37348, temp read=387 written=387
               ->  Nested Loop  (cost=92519.72..562329.87 rows=401 width=8) (actual time=439.636..1055.577 rows=9923 loops=1)
                     Buffers: shared hit=42661 read=37348, temp read=387 written=387
                     ->  Nested Loop  (cost=92519.28..561082.35 rows=28 width=12) (actual time=439.604..951.929 rows=585 loops=1)
                           Buffers: shared hit=35133 read=33396, temp read=387 written=387
                           ->  Seq Scan on info_type it2  (cost=0.00..2.41 rows=1 width=4) (actual time=0.036..0.045 rows=1 loops=1)
                                 Filter: (id = 4)
                                 Rows Removed by Filter: 112
                                 Buffers: shared hit=1
                           ->  Nested Loop  (cost=92519.28..561079.65 rows=28 width=16) (actual time=439.567..951.774 rows=585 loops=1)
                                 Buffers: shared hit=35132 read=33396, temp read=387 written=387
                                 ->  Seq Scan on info_type it1  (cost=0.00..2.41 rows=1 width=4) (actual time=0.007..0.018 rows=1 loops=1)
                                       Filter: (id = 8)
                                       Rows Removed by Filter: 112
                                       Buffers: shared hit=1
                                 ->  Nested Loop  (cost=92519.28..561076.96 rows=28 width=20) (actual time=439.557..951.652 rows=585 loops=1)
                                       Buffers: shared hit=35131 read=33396, temp read=387 written=387
                                       ->  Hash Join  (cost=92518.84..510770.10 rows=1168 width=12) (actual time=438.996..806.088 rows=2704 loops=1)
                                             Hash Cond: (mi2.movie_id = t.id)
                                             Buffers: shared hit=14061 read=31743, temp read=387 written=387
                                             ->  Bitmap Heap Scan on movie_info mi2  (cost=13059.14..430358.20 rows=15073 width=8) (actual time=37.969..357.138 rows=216574 loops=1)
                                                   Recheck Cond: (info_type_id = 4)
                                                   Filter: ((info)::text = ANY ('{Bengali,Cantonese,French,Italian,Portuguese,Spanish,Swedish}'::text[]))
                                                   Rows Removed by Filter: 1082415
                                                   Heap Blocks: exact=8393
                                                   Buffers: shared hit=2973 read=6439
                                                   ->  Bitmap Index Scan on info_type_id_movie_info  (cost=0.00..13055.37 rows=1221191 width=0) (actual time=35.431..35.431 rows=1298989 loops=1)
                                                         Index Cond: (info_type_id = 4)
                                                         Buffers: shared read=1019
                                             ->  Hash  (cost=76244.10..76244.10 rows=195968 width=4) (actual time=400.020..400.023 rows=11843 loops=1)
                                                   Buckets: 262144  Batches: 2  Memory Usage: 2260kB
                                                   Buffers: shared hit=11088 read=25304, temp written=17
                                                   ->  Hash Join  (cost=1.13..76244.10 rows=195968 width=4) (actual time=0.114..397.330 rows=11843 loops=1)
                                                         Hash Cond: (t.kind_id = kt.id)
                                                         Buffers: shared hit=11088 read=25304
                                                         ->  Seq Scan on title t  (cost=0.00..74315.95 rows=457258 width=8) (actual time=0.027..371.837 rows=451569 loops=1)
                                                               Filter: ((production_year <= 1975) AND (1875 < production_year))
                                                               Rows Removed by Filter: 2076743
                                                               Buffers: shared hit=11087 read=25304
                                                         ->  Hash  (cost=1.10..1.10 rows=3 width=4) (actual time=0.014..0.015 rows=3 loops=1)
                                                               Buckets: 1024  Batches: 1  Memory Usage: 9kB
                                                               Buffers: shared hit=1
                                                               ->  Seq Scan on kind_type kt  (cost=0.00..1.10 rows=3 width=4) (actual time=0.007..0.008 rows=3 loops=1)
                                                                     Filter: ((kind)::text = ANY ('{"tv series","video game","video movie"}'::text[]))
                                                                     Rows Removed by Filter: 4
                                                                     Buffers: shared hit=1
                                       ->  Index Scan using movie_id_movie_info on movie_info mi1  (cost=0.43..43.06 rows=1 width=8) (actual time=0.052..0.053 rows=0 loops=2704)
                                             Index Cond: (movie_id = t.id)
                                             Filter: ((info_type_id = 8) AND ((info)::text = ANY ('{Belgium,France,"Hong Kong",India,Portugal,Sweden,USA}'::text[])))
                                             Rows Removed by Filter: 7
                                             Buffers: shared hit=21070 read=1653
                     ->  Index Scan using movie_id_cast_info on cast_info ci  (cost=0.44..44.17 rows=38 width=12) (actual time=0.026..0.174 rows=17 loops=585)
                           Index Cond: (movie_id = t.id)
                           Buffers: shared hit=7528 read=3952
               ->  Hash  (cost=1.15..1.15 rows=2 width=4) (actual time=0.032..0.033 rows=2 loops=1)
                     Buckets: 1024  Batches: 1  Memory Usage: 9kB
                     Buffers: shared hit=1
                     ->  Seq Scan on role_type rt  (cost=0.00..1.15 rows=2 width=4) (actual time=0.023..0.025 rows=2 loops=1)
                           Filter: ((role)::text = ANY ('{"miscellaneous crew",producer}'::text[]))
                           Rows Removed by Filter: 10
                           Buffers: shared hit=1
         ->  Index Scan using name_pkey on name n  (cost=0.43..2.32 rows=1 width=4) (actual time=0.032..0.032 rows=0 loops=282)
               Index Cond: (id = ci.person_id)
               Filter: ((gender)::text = 'm'::text)
               Rows Removed by Filter: 1
               Buffers: shared hit=652 read=476
 Planning:
   Buffers: shared hit=529 read=45
 Planning Time: 13.168 ms
 Execution Time: 1066.540 ms
(76 rows)

