                                                                                               QUERY PLAN                                                                                               
--------------------------------------------------------------------------------------------------------------------------------------------------------------------------------------------------------
 Aggregate  (cost=520918.32..520918.33 rows=1 width=8) (actual time=11419.023..11419.029 rows=1 loops=1)
   Buffers: shared hit=1068796 read=112892
   ->  Nested Loop  (cost=13061.89..520918.28 rows=13 width=0) (actual time=45.822..11416.747 rows=9221 loops=1)
         Buffers: shared hit=1068796 read=112892
         ->  Hash Join  (cost=13061.46..520846.38 rows=31 width=4) (actual time=45.779..10692.353 rows=19867 loops=1)
               Hash Cond: (ci.role_id = rt.id)
               Buffers: shared hit=996667 read=105553
               ->  Nested Loop  (cost=13060.29..520844.54 rows=186 width=8) (actual time=45.566..10661.601 rows=141583 loops=1)
                     Buffers: shared hit=996666 read=105553
                     ->  Nested Loop  (cost=13059.85..520261.11 rows=13 width=12) (actual time=45.540..9011.937 rows=8142 loops=1)
                           Buffers: shared hit=866656 read=72100
                           ->  Seq Scan on info_type it2  (cost=0.00..2.41 rows=1 width=4) (actual time=0.035..0.043 rows=1 loops=1)
                                 Filter: (id = 4)
                                 Rows Removed by Filter: 112
                                 Buffers: shared hit=1
                           ->  Nested Loop  (cost=13059.85..520258.56 rows=13 width=16) (actual time=45.503..9009.627 rows=8142 loops=1)
                                 Buffers: shared hit=866655 read=72100
                                 ->  Seq Scan on info_type it1  (cost=0.00..2.41 rows=1 width=4) (actual time=0.009..0.018 rows=1 loops=1)
                                       Filter: (id = 8)
                                       Rows Removed by Filter: 112
                                       Buffers: shared hit=1
                                 ->  Nested Loop  (cost=13059.85..520256.02 rows=13 width=20) (actual time=45.490..9007.450 rows=8142 loops=1)
                                       Buffers: shared hit=866654 read=72100
                                       ->  Hash Join  (cost=13059.41..494614.89 rows=593 width=12) (actual time=42.966..5990.840 rows=30989 loops=1)
                                             Hash Cond: (t.kind_id = kt.id)
                                             Buffers: shared hit=587930 read=30107
                                             ->  Nested Loop  (cost=13058.28..494607.92 rows=1384 width=16) (actual time=36.484..5975.092 rows=32646 loops=1)
                                                   Buffers: shared hit=587929 read=30107
                                                   ->  Bitmap Heap Scan on movie_info mi2  (cost=13057.84..430356.90 rows=9894 width=8) (actual time=35.325..659.057 rows=155387 loops=1)
                                                         Recheck Cond: (info_type_id = 4)
                                                         Filter: ((info)::text = ANY ('{Dutch,French,German,Hungarian,Persian,Tamil,Telugu}'::text[]))
                                                         Rows Removed by Filter: 1143602
                                                         Heap Blocks: exact=8393
                                                         Buffers: shared hit=6519 read=2893
                                                         ->  Bitmap Index Scan on info_type_id_movie_info  (cost=0.00..13055.37 rows=1221191 width=0) (actual time=32.965..32.965 rows=1298989 loops=1)
                                                               Index Cond: (info_type_id = 4)
                                                               Buffers: shared hit=1019
                                                   ->  Memoize  (cost=0.44..6.57 rows=1 width=8) (actual time=0.034..0.034 rows=0 loops=155387)
                                                         Cache Key: mi2.movie_id
                                                         Cache Mode: logical
                                                         Hits: 3231  Misses: 152156  Evictions: 42883  Overflows: 0  Memory Usage: 8193kB
                                                         Buffers: shared hit=581410 read=27214
                                                         ->  Index Scan using title_pkey on title t  (cost=0.43..6.56 rows=1 width=8) (actual time=0.033..0.033 rows=0 loops=152156)
                                                               Index Cond: (id = mi2.movie_id)
                                                               Filter: ((production_year <= 1975) AND (1925 < production_year))
                                                               Rows Removed by Filter: 1
                                                               Buffers: shared hit=581410 read=27214
                                             ->  Hash  (cost=1.10..1.10 rows=3 width=4) (actual time=0.016..0.017 rows=3 loops=1)
                                                   Buckets: 1024  Batches: 1  Memory Usage: 9kB
                                                   Buffers: shared hit=1
                                                   ->  Seq Scan on kind_type kt  (cost=0.00..1.10 rows=3 width=4) (actual time=0.010..0.012 rows=3 loops=1)
                                                         Filter: ((kind)::text = ANY ('{episode,movie,"tv movie"}'::text[]))
                                                         Rows Removed by Filter: 4
                                                         Buffers: shared hit=1
                                       ->  Index Scan using movie_id_movie_info on movie_info mi1  (cost=0.43..43.23 rows=1 width=8) (actual time=0.095..0.097 rows=0 loops=30989)
                                             Index Cond: (movie_id = t.id)
                                             Filter: ((info_type_id = 8) AND ((info)::text = ANY ('{Austria,Belgium,Hungary,India,Iran,USA}'::text[])))
                                             Rows Removed by Filter: 12
                                             Buffers: shared hit=278724 read=41993
                     ->  Index Scan using movie_id_cast_info on cast_info ci  (cost=0.44..44.50 rows=38 width=12) (actual time=0.039..0.197 rows=17 loops=8142)
                           Index Cond: (movie_id = t.id)
                           Buffers: shared hit=130010 read=33453
               ->  Hash  (cost=1.15..1.15 rows=2 width=4) (actual time=0.040..0.040 rows=2 loops=1)
                     Buckets: 1024  Batches: 1  Memory Usage: 9kB
                     Buffers: shared hit=1
                     ->  Seq Scan on role_type rt  (cost=0.00..1.15 rows=2 width=4) (actual time=0.030..0.033 rows=2 loops=1)
                           Filter: ((role)::text = ANY ('{director,writer}'::text[]))
                           Rows Removed by Filter: 10
                           Buffers: shared hit=1
         ->  Index Scan using name_pkey on name n  (cost=0.43..2.32 rows=1 width=4) (actual time=0.036..0.036 rows=0 loops=19867)
               Index Cond: (id = ci.person_id)
               Filter: ((gender)::text = 'm'::text)
               Rows Removed by Filter: 1
               Buffers: shared hit=72129 read=7339
 Planning:
   Buffers: shared hit=574
 Planning Time: 12.274 ms
 Execution Time: 11421.273 ms
(78 rows)

