                                                                                                  QUERY PLAN                                                                                                  
--------------------------------------------------------------------------------------------------------------------------------------------------------------------------------------------------------------
 Aggregate  (cost=935578.80..935578.81 rows=1 width=8) (actual time=169537.541..169537.550 rows=1 loops=1)
   Buffers: shared hit=15607500 read=1946275, temp read=7891 written=7889
   ->  Nested Loop  (cost=872074.11..935577.57 rows=494 width=0) (actual time=1056.701..169450.922 rows=422823 loops=1)
         Buffers: shared hit=15607500 read=1946275, temp read=7891 written=7889
         ->  Seq Scan on info_type it2  (cost=0.00..2.41 rows=1 width=4) (actual time=0.050..0.060 rows=1 loops=1)
               Filter: (id = 4)
               Rows Removed by Filter: 112
               Buffers: shared hit=1
         ->  Nested Loop  (cost=872074.11..935570.22 rows=494 width=4) (actual time=1056.650..169355.124 rows=422823 loops=1)
               Buffers: shared hit=15607499 read=1946275, temp read=7891 written=7889
               ->  Seq Scan on info_type it1  (cost=0.00..2.41 rows=1 width=4) (actual time=0.010..0.022 rows=1 loops=1)
                     Filter: (id = 8)
                     Rows Removed by Filter: 112
                     Buffers: shared hit=1
               ->  Nested Loop  (cost=872074.11..935562.86 rows=494 width=8) (actual time=1056.639..169253.961 rows=422823 loops=1)
                     Buffers: shared hit=15607498 read=1946275, temp read=7891 written=7889
                     ->  Hash Join  (cost=872073.68..932830.47 rows=1178 width=12) (actual time=1056.356..107816.994 rows=1686331 loops=1)
                           Hash Cond: (ci.role_id = rt.id)
                           Buffers: shared hit=9225462 read=1582987, temp read=7891 written=7889
                           ->  Nested Loop  (cost=872072.51..932804.19 rows=7067 width=16) (actual time=1056.079..105830.475 rows=7934224 loops=1)
                                 Buffers: shared hit=9225461 read=1582987, temp read=7891 written=7889
                                 ->  Nested Loop  (cost=872072.07..911261.23 rows=493 width=20) (actual time=1056.050..19666.989 rows=346694 loops=1)
                                       Buffers: shared hit=2011953 read=48220, temp read=7891 written=7889
                                       ->  Nested Loop  (cost=872071.92..911232.64 rows=1150 width=24) (actual time=1055.954..19301.113 rows=406654 loops=1)
                                             Join Filter: (t.id = mi1.movie_id)
                                             Buffers: shared hit=2011942 read=48219, temp read=7891 written=7889
                                             ->  Merge Join  (cost=872071.49..872787.22 rows=10680 width=16) (actual time=1055.920..1824.518 rows=510464 loops=1)
                                                   Merge Cond: (mi1.movie_id = mi2.movie_id)
                                                   Buffers: shared hit=8511 read=9794, temp read=7891 written=7889
                                                   ->  Sort  (cost=451361.97..451499.02 rows=54821 width=8) (actual time=548.975..663.354 rows=601598 loops=1)
                                                         Sort Key: mi1.movie_id
                                                         Sort Method: external sort  Disk: 13000kB
                                                         Buffers: shared hit=4191 read=4702, temp read=3244 written=3252
                                                         ->  Bitmap Heap Scan on movie_info mi1  (cost=14225.23..447046.89 rows=54821 width=8) (actual time=36.493..401.256 rows=601598 loops=1)
                                                               Recheck Cond: (info_type_id = 8)
                                                               Filter: ((info)::text = ANY ('{Belgium,Bulgaria,Denmark,India,Serbia,"South Africa",Switzerland,USA}'::text[]))
                                                               Rows Removed by Filter: 723763
                                                               Heap Blocks: exact=7853
                                                               Buffers: shared hit=4191 read=4702
                                                               ->  Bitmap Index Scan on info_type_id_movie_info  (cost=0.00..14211.52 rows=1329478 width=0) (actual time=35.522..35.523 rows=1325361 loops=1)
                                                                     Index Cond: (info_type_id = 8)
                                                                     Buffers: shared read=1040
                                                   ->  Sort  (cost=420709.52..420876.93 rows=66964 width=8) (actual time=506.937..721.989 rows=862108 loops=1)
                                                         Sort Key: mi2.movie_id
                                                         Sort Method: external sort  Disk: 18536kB
                                                         Buffers: shared hit=4320 read=5092, temp read=4636 written=4637
                                                         ->  Bitmap Heap Scan on movie_info mi2  (cost=13072.11..415341.99 rows=66964 width=8) (actual time=30.650..299.736 rows=857475 loops=1)
                                                               Recheck Cond: (info_type_id = 4)
                                                               Filter: ((info)::text = ANY ('{Bulgarian,English,German,Oriya,Russian,Serbian}'::text[]))
                                                               Rows Removed by Filter: 441514
                                                               Heap Blocks: exact=8393
                                                               Buffers: shared hit=4320 read=5092
                                                               ->  Bitmap Index Scan on info_type_id_movie_info  (cost=0.00..13055.37 rows=1221191 width=0) (actual time=29.597..29.597 rows=1298989 loops=1)
                                                                     Index Cond: (info_type_id = 4)
                                                                     Buffers: shared hit=1 read=1018
                                             ->  Index Scan using title_pkey on title t  (cost=0.43..3.59 rows=1 width=8) (actual time=0.033..0.033 rows=1 loops=510464)
                                                   Index Cond: (id = mi2.movie_id)
                                                   Filter: ((production_year <= 2015) AND (1975 < production_year))
                                                   Rows Removed by Filter: 0
                                                   Buffers: shared hit=2003431 read=38425
                                       ->  Memoize  (cost=0.14..0.16 rows=1 width=4) (actual time=0.000..0.000 rows=1 loops=406654)
                                             Cache Key: t.kind_id
                                             Cache Mode: logical
                                             Hits: 406648  Misses: 6  Evictions: 0  Overflows: 0  Memory Usage: 1kB
                                             Buffers: shared hit=11 read=1
                                             ->  Index Scan using kind_type_pkey on kind_type kt  (cost=0.13..0.15 rows=1 width=4) (actual time=0.012..0.012 rows=0 loops=6)
                                                   Index Cond: (id = t.kind_id)
                                                   Filter: ((kind)::text = ANY ('{episode,movie,"video movie"}'::text[]))
                                                   Rows Removed by Filter: 0
                                                   Buffers: shared hit=11 read=1
                                 ->  Index Scan using movie_id_cast_info on cast_info ci  (cost=0.44..43.32 rows=38 width=12) (actual time=0.035..0.241 rows=23 loops=346694)
                                       Index Cond: (movie_id = t.id)
                                       Buffers: shared hit=7213508 read=1534767
                           ->  Hash  (cost=1.15..1.15 rows=2 width=4) (actual time=0.035..0.036 rows=2 loops=1)
                                 Buckets: 1024  Batches: 1  Memory Usage: 9kB
                                 Buffers: shared hit=1
                                 ->  Seq Scan on role_type rt  (cost=0.00..1.15 rows=2 width=4) (actual time=0.012..0.013 rows=2 loops=1)
                                       Filter: ((role)::text = ANY ('{director,"miscellaneous crew"}'::text[]))
                                       Rows Removed by Filter: 10
                                       Buffers: shared hit=1
                     ->  Index Scan using name_pkey on name n  (cost=0.43..2.32 rows=1 width=4) (actual time=0.036..0.036 rows=0 loops=1686331)
                           Index Cond: (id = ci.person_id)
                           Filter: ((gender)::text = 'm'::text)
                           Rows Removed by Filter: 1
                           Buffers: shared hit=6382036 read=363288
 Planning:
   Buffers: shared hit=530 read=44
 Planning Time: 13.042 ms
 Execution Time: 169547.255 ms
(89 rows)

