                                                                                            QUERY PLAN                                                                                            
--------------------------------------------------------------------------------------------------------------------------------------------------------------------------------------------------
 Aggregate  (cost=676526.15..676526.16 rows=1 width=8) (actual time=1660.078..1660.085 rows=1 loops=1)
   Buffers: shared hit=67263 read=74433, temp read=1057 written=1057
   ->  Nested Loop  (cost=93687.80..676526.00 rows=60 width=0) (actual time=457.455..1659.980 rows=350 loops=1)
         Buffers: shared hit=67263 read=74433, temp read=1057 written=1057
         ->  Seq Scan on info_type it2  (cost=0.00..2.41 rows=1 width=4) (actual time=0.030..0.034 rows=1 loops=1)
               Filter: (id = 4)
               Rows Removed by Filter: 112
               Buffers: shared hit=1
         ->  Nested Loop  (cost=93687.80..676522.99 rows=60 width=4) (actual time=457.424..1659.882 rows=350 loops=1)
               Buffers: shared hit=67262 read=74433, temp read=1057 written=1057
               ->  Seq Scan on info_type it1  (cost=0.00..2.41 rows=1 width=4) (actual time=0.006..0.014 rows=1 loops=1)
                     Filter: (id = 8)
                     Rows Removed by Filter: 112
                     Buffers: shared hit=1
               ->  Nested Loop  (cost=93687.80..676519.98 rows=60 width=8) (actual time=457.415..1659.787 rows=350 loops=1)
                     Buffers: shared hit=67261 read=74433, temp read=1057 written=1057
                     ->  Hash Join  (cost=93687.37..676185.97 rows=144 width=12) (actual time=436.434..1608.312 rows=1663 loops=1)
                           Hash Cond: (ci.role_id = rt.id)
                           Buffers: shared hit=61197 read=73845, temp read=1057 written=1057
                           ->  Nested Loop  (cost=93686.21..676178.65 rows=1734 width=16) (actual time=431.249..1604.304 rows=33937 loops=1)
                                 Buffers: shared hit=61196 read=73845, temp read=1057 written=1057
                                 ->  Nested Loop  (cost=93685.77..670787.58 rows=121 width=20) (actual time=431.222..1207.865 rows=4078 loops=1)
                                       Buffers: shared hit=30893 read=59375, temp read=1057 written=1057
                                       ->  Hash Join  (cost=93685.34..482800.65 rows=4375 width=12) (actual time=431.156..858.543 rows=4081 loops=1)
                                             Hash Cond: (mi1.movie_id = t.id)
                                             Buffers: shared hit=1731 read=43554, temp read=1057 written=1057
                                             ->  Bitmap Heap Scan on movie_info mi1  (cost=14225.63..401877.52 rows=56448 width=8) (actual time=51.249..357.112 rows=607516 loops=1)
                                                   Recheck Cond: (info_type_id = 8)
                                                   Filter: ((info)::text = ANY ('{India,Mexico,Philippines,Turkey,USA}'::text[]))
                                                   Rows Removed by Filter: 717845
                                                   Heap Blocks: exact=7853
                                                   Buffers: shared hit=1 read=8892
                                                   ->  Bitmap Index Scan on info_type_id_movie_info  (cost=0.00..14211.52 rows=1329478 width=0) (actual time=50.276..50.277 rows=1325361 loops=1)
                                                         Index Cond: (info_type_id = 8)
                                                         Buffers: shared read=1040
                                             ->  Hash  (cost=76244.10..76244.10 rows=195968 width=4) (actual time=378.736..378.739 rows=11843 loops=1)
                                                   Buckets: 262144  Batches: 2  Memory Usage: 2260kB
                                                   Buffers: shared hit=1730 read=34662, temp written=17
                                                   ->  Hash Join  (cost=1.13..76244.10 rows=195968 width=4) (actual time=0.126..376.017 rows=11843 loops=1)
                                                         Hash Cond: (t.kind_id = kt.id)
                                                         Buffers: shared hit=1730 read=34662
                                                         ->  Seq Scan on title t  (cost=0.00..74315.95 rows=457258 width=8) (actual time=0.024..350.435 rows=451569 loops=1)
                                                               Filter: ((production_year <= 1975) AND (1875 < production_year))
                                                               Rows Removed by Filter: 2076743
                                                               Buffers: shared hit=1729 read=34662
                                                         ->  Hash  (cost=1.10..1.10 rows=3 width=4) (actual time=0.014..0.014 rows=3 loops=1)
                                                               Buckets: 1024  Batches: 1  Memory Usage: 9kB
                                                               Buffers: shared hit=1
                                                               ->  Seq Scan on kind_type kt  (cost=0.00..1.10 rows=3 width=4) (actual time=0.006..0.007 rows=3 loops=1)
                                                                     Filter: ((kind)::text = ANY ('{"tv series","video game","video movie"}'::text[]))
                                                                     Rows Removed by Filter: 4
                                                                     Buffers: shared hit=1
                                       ->  Index Scan using movie_id_movie_info on movie_info mi2  (cost=0.43..42.96 rows=1 width=8) (actual time=0.056..0.085 rows=1 loops=4081)
                                             Index Cond: (movie_id = t.id)
                                             Filter: ((info_type_id = 4) AND ((info)::text = ANY ('{English,Filipino,Hindi,Spanish,Turkish}'::text[])))
                                             Rows Removed by Filter: 12
                                             Buffers: shared hit=29162 read=15821
                                 ->  Index Scan using movie_id_cast_info on cast_info ci  (cost=0.44..44.17 rows=38 width=12) (actual time=0.028..0.095 rows=8 loops=4078)
                                       Index Cond: (movie_id = t.id)
                                       Buffers: shared hit=30303 read=14470
                           ->  Hash  (cost=1.15..1.15 rows=1 width=4) (actual time=0.011..0.012 rows=1 loops=1)
                                 Buckets: 1024  Batches: 1  Memory Usage: 9kB
                                 Buffers: shared hit=1
                                 ->  Seq Scan on role_type rt  (cost=0.00..1.15 rows=1 width=4) (actual time=0.007..0.007 rows=1 loops=1)
                                       Filter: ((role)::text = 'miscellaneous crew'::text)
                                       Rows Removed by Filter: 11
                                       Buffers: shared hit=1
                     ->  Index Scan using name_pkey on name n  (cost=0.43..2.32 rows=1 width=4) (actual time=0.031..0.031 rows=0 loops=1663)
                           Index Cond: (id = ci.person_id)
                           Filter: ((gender)::text = 'm'::text)
                           Rows Removed by Filter: 1
                           Buffers: shared hit=6064 read=588
 Planning:
   Buffers: shared hit=486 read=88
 Planning Time: 9.958 ms
 Execution Time: 1660.444 ms
(76 rows)

