                                                                                                   QUERY PLAN                                                                                                   
----------------------------------------------------------------------------------------------------------------------------------------------------------------------------------------------------------------
 Aggregate  (cost=566800.32..566800.33 rows=1 width=8) (actual time=1500.483..1500.490 rows=1 loops=1)
   Buffers: shared hit=97654 read=40318, temp read=564 written=564
   ->  Nested Loop  (cost=93680.87..566800.27 rows=20 width=0) (actual time=425.591..1500.462 rows=31 loops=1)
         Buffers: shared hit=97654 read=40318, temp read=564 written=564
         ->  Seq Scan on info_type it2  (cost=0.00..2.41 rows=1 width=4) (actual time=0.044..0.050 rows=1 loops=1)
               Filter: (id = 4)
               Rows Removed by Filter: 112
               Buffers: shared hit=1
         ->  Nested Loop  (cost=93680.87..566797.66 rows=20 width=4) (actual time=425.545..1500.395 rows=31 loops=1)
               Buffers: shared hit=97653 read=40318, temp read=564 written=564
               ->  Seq Scan on info_type it1  (cost=0.00..2.41 rows=1 width=4) (actual time=0.008..0.016 rows=1 loops=1)
                     Filter: (id = 8)
                     Rows Removed by Filter: 112
                     Buffers: shared hit=1
               ->  Nested Loop  (cost=93680.87..566795.04 rows=20 width=8) (actual time=425.534..1500.361 rows=31 loops=1)
                     Buffers: shared hit=97652 read=40318, temp read=564 written=564
                     ->  Hash Join  (cost=93680.44..566593.25 rows=87 width=12) (actual time=425.483..1496.461 rows=180 loops=1)
                           Hash Cond: (ci.role_id = rt.id)
                           Buffers: shared hit=97151 read=40099, temp read=564 written=564
                           ->  Nested Loop  (cost=93679.28..566588.37 rows=1046 width=16) (actual time=424.743..1492.433 rows=33011 loops=1)
                                 Buffers: shared hit=97150 read=40099, temp read=564 written=564
                                 ->  Nested Loop  (cost=93678.84..563335.90 rows=73 width=20) (actual time=424.715..1067.706 rows=4777 loops=1)
                                       Buffers: shared hit=68291 read=22169, temp read=564 written=564
                                       ->  Hash Join  (cost=93678.40..467393.14 rows=2217 width=12) (actual time=424.659..693.775 rows=5040 loops=1)
                                             Hash Cond: (mi1.movie_id = t.id)
                                             Buffers: shared hit=35330 read=9955, temp read=564 written=564
                                             ->  Bitmap Heap Scan on movie_info mi1  (cost=14218.70..386813.99 rows=28607 width=8) (actual time=35.659..231.434 rows=320055 loops=1)
                                                   Recheck Cond: (info_type_id = 8)
                                                   Filter: ((info)::text = ANY ('{Argentina,Brazil,Denmark,India,Italy,Japan,Philippines,"South Korea",UK,"West Germany",Yugoslavia}'::text[]))
                                                   Rows Removed by Filter: 1005306
                                                   Heap Blocks: exact=7853
                                                   Buffers: shared hit=6557 read=2336
                                                   ->  Bitmap Index Scan on info_type_id_movie_info  (cost=0.00..14211.52 rows=1329478 width=0) (actual time=34.687..34.687 rows=1325361 loops=1)
                                                         Index Cond: (info_type_id = 8)
                                                         Buffers: shared hit=1040
                                             ->  Hash  (cost=76244.10..76244.10 rows=195968 width=4) (actual time=387.868..387.871 rows=11843 loops=1)
                                                   Buckets: 262144  Batches: 2  Memory Usage: 2260kB
                                                   Buffers: shared hit=28773 read=7619, temp written=17
                                                   ->  Hash Join  (cost=1.13..76244.10 rows=195968 width=4) (actual time=0.215..385.418 rows=11843 loops=1)
                                                         Hash Cond: (t.kind_id = kt.id)
                                                         Buffers: shared hit=28773 read=7619
                                                         ->  Seq Scan on title t  (cost=0.00..74315.95 rows=457258 width=8) (actual time=0.050..360.324 rows=451569 loops=1)
                                                               Filter: ((production_year <= 1975) AND (1875 < production_year))
                                                               Rows Removed by Filter: 2076743
                                                               Buffers: shared hit=28772 read=7619
                                                         ->  Hash  (cost=1.10..1.10 rows=3 width=4) (actual time=0.014..0.014 rows=3 loops=1)
                                                               Buckets: 1024  Batches: 1  Memory Usage: 9kB
                                                               Buffers: shared hit=1
                                                               ->  Seq Scan on kind_type kt  (cost=0.00..1.10 rows=3 width=4) (actual time=0.007..0.009 rows=3 loops=1)
                                                                     Filter: ((kind)::text = ANY ('{"tv series","video game","video movie"}'::text[]))
                                                                     Rows Removed by Filter: 4
                                                                     Buffers: shared hit=1
                                       ->  Index Scan using movie_id_movie_info on movie_info mi2  (cost=0.43..43.27 rows=1 width=8) (actual time=0.054..0.074 rows=1 loops=5040)
                                             Index Cond: (movie_id = t.id)
                                             Filter: ((info_type_id = 4) AND ((info)::text = ANY ('{Danish,English,Filipino,German,Hindi,Italian,Japanese,Korean,Portuguese,Serbo-Croatian,Spanish}'::text[])))
                                             Rows Removed by Filter: 7
                                             Buffers: shared hit=32961 read=12214
                                 ->  Index Scan using movie_id_cast_info on cast_info ci  (cost=0.44..44.17 rows=38 width=12) (actual time=0.032..0.087 rows=7 loops=4777)
                                       Index Cond: (movie_id = t.id)
                                       Buffers: shared hit=28859 read=17930
                           ->  Hash  (cost=1.15..1.15 rows=1 width=4) (actual time=0.017..0.017 rows=1 loops=1)
                                 Buckets: 1024  Batches: 1  Memory Usage: 9kB
                                 Buffers: shared hit=1
                                 ->  Seq Scan on role_type rt  (cost=0.00..1.15 rows=1 width=4) (actual time=0.010..0.012 rows=1 loops=1)
                                       Filter: ((role)::text = 'costume designer'::text)
                                       Rows Removed by Filter: 11
                                       Buffers: shared hit=1
                     ->  Index Scan using name_pkey on name n  (cost=0.43..2.32 rows=1 width=4) (actual time=0.021..0.021 rows=0 loops=180)
                           Index Cond: (id = ci.person_id)
                           Filter: ((gender)::text = 'f'::text)
                           Rows Removed by Filter: 1
                           Buffers: shared hit=501 read=219
 Planning:
   Buffers: shared hit=576 read=1
 Planning Time: 14.048 ms
 Execution Time: 1500.983 ms
(76 rows)

