                                                                                                  QUERY PLAN                                                                                                  
--------------------------------------------------------------------------------------------------------------------------------------------------------------------------------------------------------------
 Aggregate  (cost=922670.70..922670.71 rows=1 width=8) (actual time=39364.792..39364.800 rows=1 loops=1)
   Buffers: shared hit=3583506 read=437635, temp read=8733 written=8723
   ->  Nested Loop  (cost=843041.86..922669.81 rows=357 width=0) (actual time=940.729..39357.848 rows=23526 loops=1)
         Buffers: shared hit=3583506 read=437635, temp read=8733 written=8723
         ->  Seq Scan on info_type it2  (cost=0.00..2.41 rows=1 width=4) (actual time=0.042..0.052 rows=1 loops=1)
               Filter: (id = 4)
               Rows Removed by Filter: 112
               Buffers: shared hit=1
         ->  Nested Loop  (cost=843041.86..922663.82 rows=357 width=4) (actual time=940.685..39352.173 rows=23526 loops=1)
               Buffers: shared hit=3583505 read=437635, temp read=8733 written=8723
               ->  Seq Scan on info_type it1  (cost=0.00..2.41 rows=1 width=4) (actual time=0.011..0.024 rows=1 loops=1)
                     Filter: (id = 8)
                     Rows Removed by Filter: 112
                     Buffers: shared hit=1
               ->  Nested Loop  (cost=843041.86..922657.84 rows=357 width=8) (actual time=940.673..39346.101 rows=23526 loops=1)
                     Buffers: shared hit=3583504 read=437635, temp read=8733 written=8723
                     ->  Hash Join  (cost=843041.43..920686.25 rows=850 width=12) (actual time=940.638..37402.766 rows=51544 loops=1)
                           Hash Cond: (ci.role_id = rt.id)
                           Buffers: shared hit=3407707 read=407256, temp read=8733 written=8723
                           ->  Nested Loop  (cost=843040.27..920648.84 rows=10206 width=16) (actual time=940.410..37133.736 rows=1385754 loops=1)
                                 Buffers: shared hit=3407706 read=407256, temp read=8733 written=8723
                                 ->  Nested Loop  (cost=843039.83..889563.15 rows=712 width=20) (actual time=940.383..21457.605 rows=72866 loops=1)
                                       Buffers: shared hit=2208966 read=51243, temp read=8733 written=8723
                                       ->  Nested Loop  (cost=843039.69..889522.32 rows=1662 width=24) (actual time=940.369..21101.933 rows=522548 loops=1)
                                             Join Filter: (t.id = mi1.movie_id)
                                             Buffers: shared hit=2208954 read=51243, temp read=8733 written=8723
                                             ->  Merge Join  (cost=843039.26..843844.37 rows=13111 width=16) (actual time=940.323..1683.701 rows=560473 loops=1)
                                                   Merge Cond: (mi1.movie_id = mi2.movie_id)
                                                   Buffers: shared hit=10862 read=7443, temp read=8733 written=8723
                                                   ->  Sort  (cost=391706.53..391860.07 rows=61414 width=8) (actual time=398.855..520.401 rows=667281 loops=1)
                                                         Sort Key: mi1.movie_id
                                                         Sort Method: external sort  Disk: 14424kB
                                                         Buffers: shared hit=7843 read=1050, temp read=3599 written=3608
                                                         ->  Bitmap Heap Scan on movie_info mi1  (cost=14226.90..386822.19 rows=61414 width=8) (actual time=38.302..235.901 rows=667281 loops=1)
                                                               Recheck Cond: (info_type_id = 8)
                                                               Filter: ((info)::text = ANY ('{Brazil,China,Finland,Israel,Italy,Malaysia,Philippines,Serbia,Spain,USA}'::text[]))
                                                               Rows Removed by Filter: 658080
                                                               Heap Blocks: exact=7853
                                                               Buffers: shared hit=7843 read=1050
                                                               ->  Bitmap Index Scan on info_type_id_movie_info  (cost=0.00..14211.52 rows=1329478 width=0) (actual time=37.311..37.311 rows=1325361 loops=1)
                                                                     Index Cond: (info_type_id = 8)
                                                                     Buffers: shared read=1040
                                                   ->  Sort  (cost=451332.72..451516.19 rows=73386 width=8) (actual time=541.457..737.673 rows=952983 loops=1)
                                                         Sort Key: mi2.movie_id
                                                         Sort Method: external sort  Disk: 20448kB
                                                         Buffers: shared hit=3019 read=6393, temp read=5118 written=5115
                                                         ->  Bitmap Heap Scan on movie_info mi2  (cost=13073.71..445401.95 rows=73386 width=8) (actual time=30.741..312.104 rows=946012 loops=1)
                                                               Recheck Cond: (info_type_id = 4)
                                                               Filter: ((info)::text = ANY ('{English,French,Galician,Malay,Russian,Serbian,Spanish,Swedish}'::text[]))
                                                               Rows Removed by Filter: 352977
                                                               Heap Blocks: exact=8393
                                                               Buffers: shared hit=3019 read=6393
                                                               ->  Bitmap Index Scan on info_type_id_movie_info  (cost=0.00..13055.37 rows=1221191 width=0) (actual time=29.705..29.705 rows=1298989 loops=1)
                                                                     Index Cond: (info_type_id = 4)
                                                                     Buffers: shared hit=1 read=1018
                                             ->  Index Scan using title_pkey on title t  (cost=0.43..3.47 rows=1 width=8) (actual time=0.034..0.034 rows=1 loops=560473)
                                                   Index Cond: (id = mi2.movie_id)
                                                   Filter: ((production_year <= 2015) AND (1925 < production_year))
                                                   Rows Removed by Filter: 0
                                                   Buffers: shared hit=2198092 read=43800
                                       ->  Memoize  (cost=0.14..0.16 rows=1 width=4) (actual time=0.000..0.000 rows=0 loops=522548)
                                             Cache Key: t.kind_id
                                             Cache Mode: logical
                                             Hits: 522542  Misses: 6  Evictions: 0  Overflows: 0  Memory Usage: 1kB
                                             Buffers: shared hit=12
                                             ->  Index Scan using kind_type_pkey on kind_type kt  (cost=0.13..0.15 rows=1 width=4) (actual time=0.010..0.010 rows=0 loops=6)
                                                   Index Cond: (id = t.kind_id)
                                                   Filter: ((kind)::text = ANY ('{"tv movie","tv series","video game"}'::text[]))
                                                   Rows Removed by Filter: 0
                                                   Buffers: shared hit=12
                                 ->  Index Scan using movie_id_cast_info on cast_info ci  (cost=0.44..43.28 rows=38 width=12) (actual time=0.036..0.209 rows=19 loops=72866)
                                       Index Cond: (movie_id = t.id)
                                       Buffers: shared hit=1198740 read=356013
                           ->  Hash  (cost=1.15..1.15 rows=1 width=4) (actual time=0.019..0.020 rows=1 loops=1)
                                 Buckets: 1024  Batches: 1  Memory Usage: 9kB
                                 Buffers: shared hit=1
                                 ->  Seq Scan on role_type rt  (cost=0.00..1.15 rows=1 width=4) (actual time=0.010..0.011 rows=1 loops=1)
                                       Filter: ((role)::text = 'director'::text)
                                       Rows Removed by Filter: 11
                                       Buffers: shared hit=1
                     ->  Index Scan using name_pkey on name n  (cost=0.43..2.32 rows=1 width=4) (actual time=0.037..0.037 rows=0 loops=51544)
                           Index Cond: (id = ci.person_id)
                           Filter: ((gender)::text = 'm'::text)
                           Rows Removed by Filter: 1
                           Buffers: shared hit=175797 read=30379
 Planning:
   Buffers: shared hit=531 read=46
 Planning Time: 13.546 ms
 Execution Time: 39375.387 ms
(89 rows)

