                                                                                             QUERY PLAN                                                                                              
-----------------------------------------------------------------------------------------------------------------------------------------------------------------------------------------------------
 Aggregate  (cost=672531.89..672531.90 rows=1 width=8) (actual time=35455.267..35455.276 rows=1 loops=1)
   Buffers: shared hit=3153054 read=510258, temp read=2871 written=2871
   ->  Nested Loop  (cost=93688.50..672531.36 rows=212 width=0) (actual time=570.050..35449.157 rows=20534 loops=1)
         Buffers: shared hit=3153054 read=510258, temp read=2871 written=2871
         ->  Hash Join  (cost=93688.07..671777.52 rows=325 width=4) (actual time=570.020..33696.610 rows=49437 loops=1)
               Hash Cond: (ci.role_id = rt.id)
               Buffers: shared hit=2964254 read=501310, temp read=2871 written=2871
               ->  Nested Loop  (cost=93686.89..671769.42 rows=1949 width=8) (actual time=568.176..33417.299 rows=1611848 loops=1)
                     Buffers: shared hit=2964253 read=501310, temp read=2871 written=2871
                     ->  Nested Loop  (cost=93686.45..665710.03 rows=136 width=12) (actual time=568.148..15772.572 rows=104743 loops=1)
                           Buffers: shared hit=1326256 read=258739, temp read=2871 written=2871
                           ->  Seq Scan on info_type it2  (cost=0.00..2.41 rows=1 width=4) (actual time=0.027..0.036 rows=1 loops=1)
                                 Filter: (id = 4)
                                 Rows Removed by Filter: 112
                                 Buffers: shared hit=1
                           ->  Nested Loop  (cost=93686.45..665706.26 rows=136 width=16) (actual time=568.120..15746.243 rows=104743 loops=1)
                                 Buffers: shared hit=1326255 read=258739, temp read=2871 written=2871
                                 ->  Seq Scan on info_type it1  (cost=0.00..2.41 rows=1 width=4) (actual time=0.007..0.018 rows=1 loops=1)
                                       Filter: (id = 8)
                                       Rows Removed by Filter: 112
                                       Buffers: shared hit=1
                                 ->  Nested Loop  (cost=93686.45..665702.49 rows=136 width=20) (actual time=568.110..15719.216 rows=104743 loops=1)
                                       Buffers: shared hit=1326254 read=258739, temp read=2871 written=2871
                                       ->  Hash Join  (cost=93686.02..467776.64 rows=4579 width=12) (actual time=568.026..1436.690 rows=141195 loops=1)
                                             Hash Cond: (mi1.movie_id = t.id)
                                             Buffers: shared hit=18768 read=26517, temp read=2871 written=2871
                                             ->  Bitmap Heap Scan on movie_info mi1  (cost=14226.31..386821.61 rows=59076 width=8) (actual time=37.590..454.306 rows=642504 loops=1)
                                                   Recheck Cond: (info_type_id = 8)
                                                   Filter: ((info)::text = ANY ('{Australia,Belgium,Egypt,"Hong Kong",India,Iran,Norway,Portugal,USA}'::text[]))
                                                   Rows Removed by Filter: 682857
                                                   Heap Blocks: exact=7853
                                                   Buffers: shared hit=36 read=8857
                                                   ->  Bitmap Index Scan on info_type_id_movie_info  (cost=0.00..14211.52 rows=1329478 width=0) (actual time=36.618..36.618 rows=1325361 loops=1)
                                                         Index Cond: (info_type_id = 8)
                                                         Buffers: shared read=1040
                                             ->  Hash  (cost=76244.10..76244.10 rows=195968 width=4) (actual time=528.701..528.704 rows=439726 loops=1)
                                                   Buckets: 262144 (originally 262144)  Batches: 4 (originally 2)  Memory Usage: 6145kB
                                                   Buffers: shared hit=18732 read=17660, temp written=966
                                                   ->  Hash Join  (cost=1.13..76244.10 rows=195968 width=4) (actual time=0.041..453.719 rows=439726 loops=1)
                                                         Hash Cond: (t.kind_id = kt.id)
                                                         Buffers: shared hit=18732 read=17660
                                                         ->  Seq Scan on title t  (cost=0.00..74315.95 rows=457258 width=8) (actual time=0.023..399.065 rows=451569 loops=1)
                                                               Filter: ((production_year <= 1975) AND (1875 < production_year))
                                                               Rows Removed by Filter: 2076743
                                                               Buffers: shared hit=18731 read=17660
                                                         ->  Hash  (cost=1.10..1.10 rows=3 width=4) (actual time=0.014..0.015 rows=3 loops=1)
                                                               Buckets: 1024  Batches: 1  Memory Usage: 9kB
                                                               Buffers: shared hit=1
                                                               ->  Seq Scan on kind_type kt  (cost=0.00..1.10 rows=3 width=4) (actual time=0.007..0.008 rows=3 loops=1)
                                                                     Filter: ((kind)::text = ANY ('{episode,movie,"tv movie"}'::text[]))
                                                                     Rows Removed by Filter: 4
                                                                     Buffers: shared hit=1
                                       ->  Index Scan using movie_id_movie_info on movie_info mi2  (cost=0.43..43.21 rows=1 width=8) (actual time=0.052..0.100 rows=1 loops=141195)
                                             Index Cond: (movie_id = t.id)
                                             Filter: ((info_type_id = 4) AND ((info)::text = ANY ('{Arabic,English,French,Malayalam,Mandarin,Norwegian,Persian,Portuguese,Spanish,Tamil}'::text[])))
                                             Rows Removed by Filter: 13
                                             Buffers: shared hit=1307486 read=232222
                     ->  Index Scan using movie_id_cast_info on cast_info ci  (cost=0.44..44.17 rows=38 width=12) (actual time=0.036..0.164 rows=15 loops=104743)
                           Index Cond: (movie_id = t.id)
                           Buffers: shared hit=1637997 read=242571
               ->  Hash  (cost=1.15..1.15 rows=2 width=4) (actual time=0.031..0.031 rows=2 loops=1)
                     Buckets: 1024  Batches: 1  Memory Usage: 9kB
                     Buffers: shared hit=1
                     ->  Seq Scan on role_type rt  (cost=0.00..1.15 rows=2 width=4) (actual time=0.024..0.025 rows=2 loops=1)
                           Filter: ((role)::text = ANY ('{composer,"costume designer"}'::text[]))
                           Rows Removed by Filter: 10
                           Buffers: shared hit=1
         ->  Index Scan using name_pkey on name n  (cost=0.43..2.32 rows=1 width=4) (actual time=0.035..0.035 rows=0 loops=49437)
               Index Cond: (id = ci.person_id)
               Filter: ((gender)::text = ANY ('{f,m}'::text[]))
               Rows Removed by Filter: 1
               Buffers: shared hit=188800 read=8948
 Planning:
   Buffers: shared hit=531 read=46
 Planning Time: 13.383 ms
 Execution Time: 35455.849 ms
(76 rows)

