                                                                                               QUERY PLAN                                                                                               
--------------------------------------------------------------------------------------------------------------------------------------------------------------------------------------------------------
 Aggregate  (cost=485952.59..485952.60 rows=1 width=8) (actual time=2868.294..2868.302 rows=1 loops=1)
   Buffers: shared hit=261741 read=35324
   ->  Nested Loop  (cost=14217.08..485952.42 rows=67 width=0) (actual time=37.723..2868.275 rows=47 loops=1)
         Buffers: shared hit=261741 read=35324
         ->  Hash Join  (cost=14216.65..485713.51 rows=103 width=4) (actual time=37.615..2859.277 rows=334 loops=1)
               Hash Cond: (ci.role_id = rt.id)
               Buffers: shared hit=260887 read=34842
               ->  Nested Loop  (cost=14215.47..485710.15 rows=616 width=8) (actual time=37.479..2858.525 rows=5649 loops=1)
                     Buffers: shared hit=260886 read=34842
                     ->  Nested Loop  (cost=14215.03..483832.78 rows=43 width=12) (actual time=37.452..2784.599 rows=496 loops=1)
                           Buffers: shared hit=257750 read=30942
                           ->  Seq Scan on info_type it2  (cost=0.00..2.41 rows=1 width=4) (actual time=0.028..0.037 rows=1 loops=1)
                                 Filter: (id = 4)
                                 Rows Removed by Filter: 112
                                 Buffers: shared hit=1
                           ->  Nested Loop  (cost=14215.03..483829.94 rows=43 width=16) (actual time=37.423..2784.463 rows=496 loops=1)
                                 Buffers: shared hit=257749 read=30942
                                 ->  Seq Scan on info_type it1  (cost=0.00..2.41 rows=1 width=4) (actual time=0.007..0.018 rows=1 loops=1)
                                       Filter: (id = 8)
                                       Rows Removed by Filter: 112
                                       Buffers: shared hit=1
                                 ->  Nested Loop  (cost=14215.03..483827.10 rows=43 width=20) (actual time=37.413..2784.348 rows=496 loops=1)
                                       Buffers: shared hit=257748 read=30942
                                       ->  Hash Join  (cost=14214.60..415111.45 rows=1626 width=12) (actual time=37.283..2607.676 rows=2541 loops=1)
                                             Hash Cond: (t.kind_id = kt.id)
                                             Buffers: shared hit=242256 read=24122
                                             ->  Nested Loop  (cost=14213.49..415086.36 rows=5691 width=16) (actual time=37.247..2597.081 rows=54312 loops=1)
                                                   Buffers: shared hit=242255 read=24122
                                                   ->  Bitmap Heap Scan on movie_info mi1  (cost=14213.05..371751.75 rows=6105 width=8) (actual time=37.214..425.069 rows=64863 loops=1)
                                                         Recheck Cond: (info_type_id = 8)
                                                         Filter: ((info)::text = ANY ('{India,Italy,"South Africa"}'::text[]))
                                                         Rows Removed by Filter: 1260498
                                                         Heap Blocks: exact=7853
                                                         Buffers: shared hit=4209 read=4684
                                                         ->  Bitmap Index Scan on info_type_id_movie_info  (cost=0.00..14211.52 rows=1329478 width=0) (actual time=36.223..36.223 rows=1325361 loops=1)
                                                               Index Cond: (info_type_id = 8)
                                                               Buffers: shared read=1040
                                                   ->  Memoize  (cost=0.44..7.14 rows=1 width=8) (actual time=0.033..0.033 rows=1 loops=64863)
                                                         Cache Key: mi1.movie_id
                                                         Cache Mode: logical
                                                         Hits: 492  Misses: 64371  Evictions: 0  Overflows: 0  Memory Usage: 6384kB
                                                         Buffers: shared hit=238046 read=19438
                                                         ->  Index Scan using title_pkey on title t  (cost=0.43..7.13 rows=1 width=8) (actual time=0.032..0.032 rows=1 loops=64371)
                                                               Index Cond: (id = mi1.movie_id)
                                                               Filter: ((production_year <= 2015) AND (1925 < production_year))
                                                               Rows Removed by Filter: 0
                                                               Buffers: shared hit=238046 read=19438
                                             ->  Hash  (cost=1.09..1.09 rows=2 width=4) (actual time=0.016..0.017 rows=2 loops=1)
                                                   Buckets: 1024  Batches: 1  Memory Usage: 9kB
                                                   Buffers: shared hit=1
                                                   ->  Seq Scan on kind_type kt  (cost=0.00..1.09 rows=2 width=4) (actual time=0.007..0.008 rows=2 loops=1)
                                                         Filter: ((kind)::text = ANY ('{"tv series","video game"}'::text[]))
                                                         Rows Removed by Filter: 5
                                                         Buffers: shared hit=1
                                       ->  Index Scan using movie_id_movie_info on movie_info mi2  (cost=0.43..42.25 rows=1 width=8) (actual time=0.063..0.069 rows=0 loops=2541)
                                             Index Cond: (movie_id = t.id)
                                             Filter: ((info_type_id = 4) AND ((info)::text = ANY ('{English,German,Kannada}'::text[])))
                                             Rows Removed by Filter: 8
                                             Buffers: shared hit=15492 read=6820
                     ->  Index Scan using movie_id_cast_info on cast_info ci  (cost=0.44..43.28 rows=38 width=12) (actual time=0.034..0.147 rows=11 loops=496)
                           Index Cond: (movie_id = t.id)
                           Buffers: shared hit=3136 read=3900
               ->  Hash  (cost=1.15..1.15 rows=2 width=4) (actual time=0.031..0.032 rows=2 loops=1)
                     Buckets: 1024  Batches: 1  Memory Usage: 9kB
                     Buffers: shared hit=1
                     ->  Seq Scan on role_type rt  (cost=0.00..1.15 rows=2 width=4) (actual time=0.024..0.026 rows=2 loops=1)
                           Filter: ((role)::text = ANY ('{cinematographer,editor}'::text[]))
                           Rows Removed by Filter: 10
                           Buffers: shared hit=1
         ->  Index Scan using name_pkey on name n  (cost=0.43..2.32 rows=1 width=4) (actual time=0.027..0.027 rows=0 loops=334)
               Index Cond: (id = ci.person_id)
               Filter: ((gender)::text = ANY ('{f,m}'::text[]))
               Rows Removed by Filter: 1
               Buffers: shared hit=854 read=482
 Planning:
   Buffers: shared hit=482 read=92
 Planning Time: 13.071 ms
 Execution Time: 2870.112 ms
(78 rows)

