                                                                                            QUERY PLAN                                                                                            
--------------------------------------------------------------------------------------------------------------------------------------------------------------------------------------------------
 Aggregate  (cost=546340.85..546340.86 rows=1 width=8) (actual time=1268.616..1268.624 rows=1 loops=1)
   Buffers: shared hit=71999 read=43008, temp read=451 written=451
   ->  Nested Loop  (cost=93679.43..546340.81 rows=15 width=0) (actual time=522.304..1268.609 rows=7 loops=1)
         Buffers: shared hit=71999 read=43008, temp read=451 written=451
         ->  Seq Scan on info_type it2  (cost=0.00..2.41 rows=1 width=4) (actual time=0.037..0.042 rows=1 loops=1)
               Filter: (id = 4)
               Rows Removed by Filter: 112
               Buffers: shared hit=1
         ->  Nested Loop  (cost=93679.43..546338.25 rows=15 width=4) (actual time=522.265..1268.561 rows=7 loops=1)
               Buffers: shared hit=71998 read=43008, temp read=451 written=451
               ->  Seq Scan on info_type it1  (cost=0.00..2.41 rows=1 width=4) (actual time=0.007..0.015 rows=1 loops=1)
                     Filter: (id = 8)
                     Rows Removed by Filter: 112
                     Buffers: shared hit=1
               ->  Nested Loop  (cost=93679.43..546335.68 rows=15 width=8) (actual time=522.256..1268.540 rows=7 loops=1)
                     Buffers: shared hit=71997 read=43008, temp read=451 written=451
                     ->  Hash Join  (cost=93679.00..546187.23 rows=64 width=12) (actual time=428.956..1259.369 rows=240 loops=1)
                           Hash Cond: (ci.role_id = rt.id)
                           Buffers: shared hit=71321 read=42724, temp read=451 written=451
                           ->  Nested Loop  (cost=93677.84..546183.33 rows=774 width=16) (actual time=428.290..1256.844 rows=20406 loops=1)
                                 Buffers: shared hit=71320 read=42724, temp read=451 written=451
                                 ->  Nested Loop  (cost=93677.40..543777.39 rows=54 width=20) (actual time=428.263..957.775 rows=3790 loops=1)
                                       Buffers: shared hit=53521 read=29150, temp read=451 written=451
                                       ->  Hash Join  (cost=93676.96..467321.75 rows=1773 width=12) (actual time=428.224..666.508 rows=4020 loops=1)
                                             Hash Cond: (mi1.movie_id = t.id)
                                             Buffers: shared hit=23944 read=21341, temp read=451 written=451
                                             ->  Bitmap Heap Scan on movie_info mi1  (cost=14217.26..386812.56 rows=22870 width=8) (actual time=34.183..213.524 rows=253613 loops=1)
                                                   Recheck Cond: (info_type_id = 8)
                                                   Filter: ((info)::text = ANY ('{Czechoslovakia,"East Germany",Italy,Philippines,"South Korea",Spain,Turkey,UK,"West Germany"}'::text[]))
                                                   Rows Removed by Filter: 1071748
                                                   Heap Blocks: exact=7853
                                                   Buffers: shared hit=8893
                                                   ->  Bitmap Index Scan on info_type_id_movie_info  (cost=0.00..14211.52 rows=1329478 width=0) (actual time=33.203..33.203 rows=1325361 loops=1)
                                                         Index Cond: (info_type_id = 8)
                                                         Buffers: shared hit=1040
                                             ->  Hash  (cost=76244.10..76244.10 rows=195968 width=4) (actual time=392.964..392.967 rows=11843 loops=1)
                                                   Buckets: 262144  Batches: 2  Memory Usage: 2260kB
                                                   Buffers: shared hit=15051 read=21341, temp written=17
                                                   ->  Hash Join  (cost=1.13..76244.10 rows=195968 width=4) (actual time=0.177..390.266 rows=11843 loops=1)
                                                         Hash Cond: (t.kind_id = kt.id)
                                                         Buffers: shared hit=15051 read=21341
                                                         ->  Seq Scan on title t  (cost=0.00..74315.95 rows=457258 width=8) (actual time=0.043..364.850 rows=451569 loops=1)
                                                               Filter: ((production_year <= 1975) AND (1875 < production_year))
                                                               Rows Removed by Filter: 2076743
                                                               Buffers: shared hit=15050 read=21341
                                                         ->  Hash  (cost=1.10..1.10 rows=3 width=4) (actual time=0.013..0.014 rows=3 loops=1)
                                                               Buckets: 1024  Batches: 1  Memory Usage: 9kB
                                                               Buffers: shared hit=1
                                                               ->  Seq Scan on kind_type kt  (cost=0.00..1.10 rows=3 width=4) (actual time=0.007..0.008 rows=3 loops=1)
                                                                     Filter: ((kind)::text = ANY ('{"tv series","video game","video movie"}'::text[]))
                                                                     Rows Removed by Filter: 4
                                                                     Buffers: shared hit=1
                                       ->  Index Scan using movie_id_movie_info on movie_info mi2  (cost=0.43..43.11 rows=1 width=8) (actual time=0.052..0.072 rows=1 loops=4020)
                                             Index Cond: (movie_id = t.id)
                                             Filter: ((info_type_id = 4) AND ((info)::text = ANY ('{Czech,English,Filipino,German,Italian,Korean,Spanish,Turkish}'::text[])))
                                             Rows Removed by Filter: 8
                                             Buffers: shared hit=29577 read=7809
                                 ->  Index Scan using movie_id_cast_info on cast_info ci  (cost=0.44..44.17 rows=38 width=12) (actual time=0.032..0.078 rows=5 loops=3790)
                                       Index Cond: (movie_id = t.id)
                                       Buffers: shared hit=17799 read=13574
                           ->  Hash  (cost=1.15..1.15 rows=1 width=4) (actual time=0.015..0.016 rows=1 loops=1)
                                 Buckets: 1024  Batches: 1  Memory Usage: 9kB
                                 Buffers: shared hit=1
                                 ->  Seq Scan on role_type rt  (cost=0.00..1.15 rows=1 width=4) (actual time=0.008..0.009 rows=1 loops=1)
                                       Filter: ((role)::text = 'production designer'::text)
                                       Rows Removed by Filter: 11
                                       Buffers: shared hit=1
                     ->  Index Scan using name_pkey on name n  (cost=0.43..2.32 rows=1 width=4) (actual time=0.038..0.038 rows=0 loops=240)
                           Index Cond: (id = ci.person_id)
                           Filter: ((gender)::text = 'f'::text)
                           Rows Removed by Filter: 1
                           Buffers: shared hit=676 read=284
 Planning:
   Buffers: shared hit=576 read=1
 Planning Time: 12.424 ms
 Execution Time: 1269.194 ms
(76 rows)

