                                                                                               QUERY PLAN                                                                                               
--------------------------------------------------------------------------------------------------------------------------------------------------------------------------------------------------------
 Aggregate  (cost=609555.73..609555.74 rows=1 width=8) (actual time=17381.232..17381.241 rows=1 loops=1)
   Buffers: shared hit=1705171 read=92445
   ->  Nested Loop  (cost=14219.09..609555.60 rows=53 width=0) (actual time=1605.716..17380.971 rows=631 loops=1)
         Buffers: shared hit=1705171 read=92445
         ->  Seq Scan on info_type it2  (cost=0.00..2.41 rows=1 width=4) (actual time=0.044..0.055 rows=1 loops=1)
               Filter: (id = 4)
               Rows Removed by Filter: 112
               Buffers: shared hit=1
         ->  Nested Loop  (cost=14219.09..609552.65 rows=53 width=4) (actual time=1605.671..17380.738 rows=631 loops=1)
               Buffers: shared hit=1705170 read=92445
               ->  Seq Scan on info_type it1  (cost=0.00..2.41 rows=1 width=4) (actual time=0.009..0.022 rows=1 loops=1)
                     Filter: (id = 8)
                     Rows Removed by Filter: 112
                     Buffers: shared hit=1
               ->  Nested Loop  (cost=14219.09..609549.71 rows=53 width=8) (actual time=1605.658..17380.519 rows=631 loops=1)
                     Buffers: shared hit=1705169 read=92445
                     ->  Hash Join  (cost=14218.66..609023.18 rows=227 width=12) (actual time=37.790..17145.188 rows=6310 loops=1)
                           Hash Cond: (ci.role_id = rt.id)
                           Buffers: shared hit=1680472 read=91902
                           ->  Nested Loop  (cost=14217.48..609017.16 rows=1362 width=16) (actual time=37.369..17034.789 rows=578253 loops=1)
                                 Buffers: shared hit=1680471 read=91902
                                 ->  Nested Loop  (cost=14217.04..604865.88 rows=95 width=20) (actual time=37.336..10265.388 rows=48982 loops=1)
                                       Buffers: shared hit=1016172 read=49076
                                       ->  Hash Join  (cost=14216.61..469417.68 rows=3180 width=12) (actual time=37.290..6745.289 rows=49904 loops=1)
                                             Hash Cond: (t.kind_id = kt.id)
                                             Buffers: shared hit=655486 read=31176
                                             ->  Nested Loop  (cost=14215.50..469369.65 rows=11132 width=16) (actual time=37.074..6699.053 rows=131131 loops=1)
                                                   Buffers: shared hit=655485 read=31176
                                                   ->  Bitmap Heap Scan on movie_info mi1  (cost=14215.06..386810.35 rows=14051 width=8) (actual time=37.034..463.032 rows=170464 loops=1)
                                                         Recheck Cond: (info_type_id = 8)
                                                         Filter: ((info)::text = ANY ('{Belgium,Brazil,Chile,"Czech Republic",India,Japan,"New Zealand",Spain,Yugoslavia}'::text[]))
                                                         Rows Removed by Filter: 1154897
                                                         Heap Blocks: exact=7853
                                                         Buffers: shared hit=4207 read=4686
                                                         ->  Bitmap Index Scan on info_type_id_movie_info  (cost=0.00..14211.52 rows=1329478 width=0) (actual time=36.029..36.029 rows=1325361 loops=1)
                                                               Index Cond: (info_type_id = 8)
                                                               Buffers: shared read=1040
                                                   ->  Memoize  (cost=0.44..5.97 rows=1 width=8) (actual time=0.036..0.036 rows=1 loops=170464)
                                                         Cache Key: mi1.movie_id
                                                         Cache Mode: logical
                                                         Hits: 1022  Misses: 169442  Evictions: 80846  Overflows: 0  Memory Usage: 8193kB
                                                         Buffers: shared hit=651278 read=26490
                                                         ->  Index Scan using title_pkey on title t  (cost=0.43..5.96 rows=1 width=8) (actual time=0.035..0.035 rows=1 loops=169442)
                                                               Index Cond: (id = mi1.movie_id)
                                                               Filter: ((production_year <= 2015) AND (1975 < production_year))
                                                               Rows Removed by Filter: 0
                                                               Buffers: shared hit=651278 read=26490
                                             ->  Hash  (cost=1.09..1.09 rows=2 width=4) (actual time=0.016..0.017 rows=2 loops=1)
                                                   Buckets: 1024  Batches: 1  Memory Usage: 9kB
                                                   Buffers: shared hit=1
                                                   ->  Seq Scan on kind_type kt  (cost=0.00..1.09 rows=2 width=4) (actual time=0.009..0.010 rows=2 loops=1)
                                                         Filter: ((kind)::text = ANY ('{episode,"video movie"}'::text[]))
                                                         Rows Removed by Filter: 5
                                                         Buffers: shared hit=1
                                       ->  Index Scan using movie_id_movie_info on movie_info mi2  (cost=0.43..42.58 rows=1 width=8) (actual time=0.055..0.070 rows=1 loops=49904)
                                             Index Cond: (movie_id = t.id)
                                             Filter: ((info_type_id = 4) AND ((info)::text = ANY ('{Catalan,Czech,Dutch,English,Japanese,Malayalam,Portuguese,Serbo-Croatian,Spanish}'::text[])))
                                             Rows Removed by Filter: 4
                                             Buffers: shared hit=360686 read=17900
                                 ->  Index Scan using movie_id_cast_info on cast_info ci  (cost=0.44..43.32 rows=38 width=12) (actual time=0.036..0.134 rows=12 loops=48982)
                                       Index Cond: (movie_id = t.id)
                                       Buffers: shared hit=664299 read=42826
                           ->  Hash  (cost=1.15..1.15 rows=2 width=4) (actual time=0.019..0.020 rows=2 loops=1)
                                 Buckets: 1024  Batches: 1  Memory Usage: 9kB
                                 Buffers: shared hit=1
                                 ->  Seq Scan on role_type rt  (cost=0.00..1.15 rows=2 width=4) (actual time=0.011..0.013 rows=2 loops=1)
                                       Filter: ((role)::text = ANY ('{"costume designer","production designer"}'::text[]))
                                       Rows Removed by Filter: 10
                                       Buffers: shared hit=1
                     ->  Index Scan using name_pkey on name n  (cost=0.43..2.32 rows=1 width=4) (actual time=0.037..0.037 rows=0 loops=6310)
                           Index Cond: (id = ci.person_id)
                           Filter: ((gender)::text = 'f'::text)
                           Rows Removed by Filter: 1
                           Buffers: shared hit=24697 read=543
 Planning:
   Buffers: shared hit=532 read=45
 Planning Time: 14.163 ms
 Execution Time: 17383.903 ms
(78 rows)

