                                                                                                  QUERY PLAN                                                                                                  
--------------------------------------------------------------------------------------------------------------------------------------------------------------------------------------------------------------
 Aggregate  (cost=949644.64..949644.65 rows=1 width=8) (actual time=50913.010..50913.018 rows=1 loops=1)
   Buffers: shared hit=4663876 read=546707, temp read=9479 written=9435
   ->  Nested Loop  (cost=859356.27..949644.13 rows=204 width=0) (actual time=1111.667..50911.143 rows=3587 loops=1)
         Buffers: shared hit=4663876 read=546707, temp read=9479 written=9435
         ->  Seq Scan on info_type it2  (cost=0.00..2.41 rows=1 width=4) (actual time=0.046..0.058 rows=1 loops=1)
               Filter: (id = 4)
               Rows Removed by Filter: 112
               Buffers: shared hit=1
         ->  Nested Loop  (cost=859356.27..949639.68 rows=204 width=4) (actual time=1111.619..50909.944 rows=3587 loops=1)
               Buffers: shared hit=4663875 read=546707, temp read=9479 written=9435
               ->  Seq Scan on info_type it1  (cost=0.00..2.41 rows=1 width=4) (actual time=0.010..0.023 rows=1 loops=1)
                     Filter: (id = 8)
                     Rows Removed by Filter: 112
                     Buffers: shared hit=1
               ->  Nested Loop  (cost=859356.27..949635.23 rows=204 width=8) (actual time=1111.608..50908.640 rows=3587 loops=1)
                     Buffers: shared hit=4663874 read=546707, temp read=9479 written=9435
                     ->  Hash Join  (cost=859355.84..947594.05 rows=880 width=12) (actual time=1109.879..48091.937 rows=72719 loops=1)
                           Hash Cond: (ci.role_id = rt.id)
                           Buffers: shared hit=4417428 read=502277, temp read=9479 written=9435
                           ->  Nested Loop  (cost=859354.67..947555.37 rows=10564 width=16) (actual time=1109.677..47750.098 rows=1771739 loops=1)
                                 Buffers: shared hit=4417427 read=502277, temp read=9479 written=9435
                                 ->  Nested Loop  (cost=859354.23..915350.16 rows=737 width=20) (actual time=1109.652..27570.559 rows=95434 loops=1)
                                       Buffers: shared hit=2869777 read=51584, temp read=9479 written=9435
                                       ->  Nested Loop  (cost=859354.09..915307.94 rows=1720 width=24) (actual time=1109.632..27158.956 rows=575488 loops=1)
                                             Buffers: shared hit=2869766 read=51583, temp read=9479 written=9435
                                             ->  Merge Join  (cost=859353.66..860254.38 rows=15972 width=16) (actual time=1109.588..1991.065 rows=725761 loops=1)
                                                   Merge Cond: (mi1.movie_id = mi2.movie_id)
                                                   Buffers: shared hit=10021 read=8284, temp read=9479 written=9435
                                                   ->  Sort  (cost=453116.69..453303.95 rows=74907 width=8) (actual time=590.658..751.547 rows=810866 loops=1)
                                                         Sort Key: mi1.movie_id
                                                         Sort Method: external sort  Disk: 17528kB
                                                         Buffers: shared hit=5618 read=3275, temp read=4373 written=4384
                                                         ->  Bitmap Heap Scan on movie_info mi1  (cost=14230.25..447051.91 rows=74907 width=8) (actual time=36.580..393.685 rows=810867 loops=1)
                                                               Recheck Cond: (info_type_id = 8)
                                                               Filter: ((info)::text = ANY ('{Australia,Chile,France,"Hong Kong",Italy,Poland,UK,USA}'::text[]))
                                                               Rows Removed by Filter: 514494
                                                               Heap Blocks: exact=7853
                                                               Buffers: shared hit=5618 read=3275
                                                               ->  Bitmap Index Scan on info_type_id_movie_info  (cost=0.00..14211.52 rows=1329478 width=0) (actual time=35.605..35.605 rows=1325361 loops=1)
                                                                     Index Cond: (info_type_id = 8)
                                                                     Buffers: shared read=1040
                                                   ->  Sort  (cost=406236.97..406420.21 rows=73293 width=8) (actual time=518.920..726.516 rows=950618 loops=1)
                                                         Sort Key: mi2.movie_id
                                                         Sort Method: external sort  Disk: 20192kB
                                                         Buffers: shared hit=4403 read=5009, temp read=5072 written=5051
                                                         ->  Bitmap Heap Scan on movie_info mi2  (cost=13073.69..400314.39 rows=73293 width=8) (actual time=30.505..294.177 rows=934240 loops=1)
                                                               Recheck Cond: (info_type_id = 4)
                                                               Filter: ((info)::text = ANY ('{Cantonese,English,French,Polish,Spanish}'::text[]))
                                                               Rows Removed by Filter: 364749
                                                               Heap Blocks: exact=8393
                                                               Buffers: shared hit=4403 read=5009
                                                               ->  Bitmap Index Scan on info_type_id_movie_info  (cost=0.00..13055.37 rows=1221191 width=0) (actual time=29.472..29.472 rows=1298989 loops=1)
                                                                     Index Cond: (info_type_id = 4)
                                                                     Buffers: shared hit=1 read=1018
                                             ->  Index Scan using title_pkey on title t  (cost=0.43..3.45 rows=1 width=8) (actual time=0.034..0.034 rows=1 loops=725761)
                                                   Index Cond: (id = mi1.movie_id)
                                                   Filter: ((production_year <= 2015) AND (1975 < production_year))
                                                   Rows Removed by Filter: 0
                                                   Buffers: shared hit=2859745 read=43299
                                       ->  Memoize  (cost=0.14..0.16 rows=1 width=4) (actual time=0.000..0.000 rows=0 loops=575488)
                                             Cache Key: t.kind_id
                                             Cache Mode: logical
                                             Hits: 575482  Misses: 6  Evictions: 0  Overflows: 0  Memory Usage: 1kB
                                             Buffers: shared hit=11 read=1
                                             ->  Index Scan using kind_type_pkey on kind_type kt  (cost=0.13..0.15 rows=1 width=4) (actual time=0.011..0.011 rows=0 loops=6)
                                                   Index Cond: (id = t.kind_id)
                                                   Filter: ((kind)::text = ANY ('{"tv movie","tv series","video game"}'::text[]))
                                                   Rows Removed by Filter: 0
                                                   Buffers: shared hit=11 read=1
                                 ->  Index Scan using movie_id_cast_info on cast_info ci  (cost=0.44..43.32 rows=38 width=12) (actual time=0.036..0.206 rows=19 loops=95434)
                                       Index Cond: (movie_id = t.id)
                                       Buffers: shared hit=1547650 read=450693
                           ->  Hash  (cost=1.15..1.15 rows=1 width=4) (actual time=0.019..0.020 rows=1 loops=1)
                                 Buckets: 1024  Batches: 1  Memory Usage: 9kB
                                 Buffers: shared hit=1
                                 ->  Seq Scan on role_type rt  (cost=0.00..1.15 rows=1 width=4) (actual time=0.010..0.011 rows=1 loops=1)
                                       Filter: ((role)::text = 'director'::text)
                                       Rows Removed by Filter: 11
                                       Buffers: shared hit=1
                     ->  Index Scan using name_pkey on name n  (cost=0.43..2.32 rows=1 width=4) (actual time=0.038..0.038 rows=0 loops=72719)
                           Index Cond: (id = ci.person_id)
                           Filter: ((gender)::text = 'f'::text)
                           Rows Removed by Filter: 1
                           Buffers: shared hit=246446 read=44430
 Planning:
   Buffers: shared hit=529 read=45
 Planning Time: 13.571 ms
 Execution Time: 50925.280 ms
(88 rows)

