                                                                                               QUERY PLAN                                                                                               
--------------------------------------------------------------------------------------------------------------------------------------------------------------------------------------------------------
 Aggregate  (cost=463782.95..463782.96 rows=1 width=8) (actual time=4982.981..4982.992 rows=1 loops=1)
   Buffers: shared hit=476665 read=40116
   ->  Nested Loop  (cost=14217.88..463782.95 rows=1 width=0) (actual time=112.424..4982.980 rows=4 loops=1)
         Buffers: shared hit=476665 read=40116
         ->  Hash Join  (cost=14217.45..463780.63 rows=1 width=4) (actual time=83.314..4980.828 rows=50 loops=1)
               Hash Cond: (ci.role_id = rt.id)
               Buffers: shared hit=476523 read=40058
               ->  Nested Loop  (cost=14216.28..463779.42 rows=14 width=8) (actual time=40.393..4980.207 rows=3771 loops=1)
                     Buffers: shared hit=476522 read=40058
                     ->  Nested Loop  (cost=14215.84..463734.54 rows=1 width=12) (actual time=40.354..4927.965 rows=301 loops=1)
                           Buffers: shared hit=473547 read=38442
                           ->  Nested Loop  (cost=14215.84..463732.12 rows=1 width=16) (actual time=40.349..4923.289 rows=301 loops=1)
                                 Buffers: shared hit=473246 read=38442
                                 ->  Nested Loop  (cost=14215.84..463729.70 rows=1 width=20) (actual time=40.325..4917.405 rows=301 loops=1)
                                       Buffers: shared hit=472945 read=38442
                                       ->  Hash Join  (cost=14215.41..447717.52 rows=369 width=12) (actual time=39.932..4841.013 rows=817 loops=1)
                                             Hash Cond: (t.kind_id = kt.id)
                                             Buffers: shared hit=469308 read=34874
                                             ->  Nested Loop  (cost=14214.30..447710.96 rows=1293 width=16) (actual time=39.880..4833.942 rows=27501 loops=1)
                                                   Buffers: shared hit=469307 read=34874
                                                   ->  Bitmap Heap Scan on movie_info mi1  (cost=14213.86..386809.15 rows=9244 width=8) (actual time=38.021..462.590 rows=125045 loops=1)
                                                         Recheck Cond: (info_type_id = 8)
                                                         Filter: ((info)::text = ANY ('{Belgium,Canada,Egypt,"Hong Kong",Hungary,India,Norway,Poland,Portugal,Romania}'::text[]))
                                                         Rows Removed by Filter: 1200316
                                                         Heap Blocks: exact=7853
                                                         Buffers: shared hit=2 read=8891
                                                         ->  Bitmap Index Scan on info_type_id_movie_info  (cost=0.00..14211.52 rows=1329478 width=0) (actual time=37.027..37.028 rows=1325361 loops=1)
                                                               Index Cond: (info_type_id = 8)
                                                               Buffers: shared read=1040
                                                   ->  Memoize  (cost=0.44..6.66 rows=1 width=8) (actual time=0.035..0.035 rows=0 loops=125045)
                                                         Cache Key: mi1.movie_id
                                                         Cache Mode: logical
                                                         Hits: 1223  Misses: 123822  Evictions: 16112  Overflows: 0  Memory Usage: 8193kB
                                                         Buffers: shared hit=469305 read=25983
                                                         ->  Index Scan using title_pkey on title t  (cost=0.43..6.65 rows=1 width=8) (actual time=0.034..0.034 rows=0 loops=123822)
                                                               Index Cond: (id = mi1.movie_id)
                                                               Filter: ((production_year <= 1975) AND (1925 < production_year))
                                                               Rows Removed by Filter: 1
                                                               Buffers: shared hit=469305 read=25983
                                             ->  Hash  (cost=1.09..1.09 rows=2 width=4) (actual time=0.022..0.023 rows=2 loops=1)
                                                   Buckets: 1024  Batches: 1  Memory Usage: 9kB
                                                   Buffers: shared hit=1
                                                   ->  Seq Scan on kind_type kt  (cost=0.00..1.09 rows=2 width=4) (actual time=0.010..0.012 rows=2 loops=1)
                                                         Filter: ((kind)::text = ANY ('{"tv series","video game"}'::text[]))
                                                         Rows Removed by Filter: 5
                                                         Buffers: shared hit=1
                                       ->  Index Scan using movie_id_movie_info on movie_info mi2  (cost=0.43..43.38 rows=1 width=8) (actual time=0.088..0.093 rows=0 loops=817)
                                             Index Cond: (movie_id = t.id)
                                             Filter: ((info_type_id = 4) AND ((info)::text = ANY ('{Arabic,Cantonese,French,Hungarian,Malayalam,Norwegian,Polish,Portuguese,Romanian}'::text[])))
                                             Rows Removed by Filter: 7
                                             Buffers: shared hit=3637 read=3568
                                 ->  Seq Scan on info_type it1  (cost=0.00..2.41 rows=1 width=4) (actual time=0.011..0.018 rows=1 loops=301)
                                       Filter: (id = 8)
                                       Rows Removed by Filter: 112
                                       Buffers: shared hit=301
                           ->  Seq Scan on info_type it2  (cost=0.00..2.41 rows=1 width=4) (actual time=0.007..0.014 rows=1 loops=301)
                                 Filter: (id = 4)
                                 Rows Removed by Filter: 112
                                 Buffers: shared hit=301
                     ->  Index Scan using movie_id_cast_info on cast_info ci  (cost=0.44..44.50 rows=38 width=12) (actual time=0.030..0.170 rows=13 loops=301)
                           Index Cond: (movie_id = t.id)
                           Buffers: shared hit=2975 read=1616
               ->  Hash  (cost=1.15..1.15 rows=1 width=4) (actual time=0.035..0.036 rows=1 loops=1)
                     Buckets: 1024  Batches: 1  Memory Usage: 9kB
                     Buffers: shared hit=1
                     ->  Seq Scan on role_type rt  (cost=0.00..1.15 rows=1 width=4) (actual time=0.029..0.029 rows=1 loops=1)
                           Filter: ((role)::text = 'production designer'::text)
                           Rows Removed by Filter: 11
                           Buffers: shared hit=1
         ->  Index Scan using name_pkey on name n  (cost=0.43..2.32 rows=1 width=4) (actual time=0.042..0.042 rows=0 loops=50)
               Index Cond: (id = ci.person_id)
               Filter: ((gender)::text = 'm'::text)
               Rows Removed by Filter: 1
               Buffers: shared hit=142 read=58
 Planning:
   Buffers: shared hit=487 read=90
 Planning Time: 14.493 ms
 Execution Time: 4985.856 ms
(78 rows)

