                                                                                              QUERY PLAN                                                                                              
------------------------------------------------------------------------------------------------------------------------------------------------------------------------------------------------------
 Aggregate  (cost=717008.46..717008.47 rows=1 width=8) (actual time=56106.071..56106.081 rows=1 loops=1)
   Buffers: shared hit=4982140 read=859906, temp read=3223 written=3223
   ->  Nested Loop  (cost=93691.66..717008.03 rows=175 width=0) (actual time=555.546..56082.857 rows=113809 loops=1)
         Buffers: shared hit=4982140 read=859906, temp read=3223 written=3223
         ->  Hash Join  (cost=93691.23..716038.47 rows=418 width=4) (actual time=554.678..46431.670 rows=272153 loops=1)
               Hash Cond: (ci.role_id = rt.id)
               Buffers: shared hit=3947483 read=805951, temp read=3223 written=3223
               ->  Nested Loop  (cost=93690.06..716028.38 rows=2508 width=8) (actual time=554.576..45970.913 rows=2334104 loops=1)
                     Buffers: shared hit=3947482 read=805951, temp read=3223 written=3223
                     ->  Nested Loop  (cost=93689.62..708231.37 rows=175 width=12) (actual time=554.545..20120.774 rows=148844 loops=1)
                           Buffers: shared hit=1655901 read=375114, temp read=3223 written=3223
                           ->  Seq Scan on info_type it2  (cost=0.00..2.41 rows=1 width=4) (actual time=0.030..0.041 rows=1 loops=1)
                                 Filter: (id = 4)
                                 Rows Removed by Filter: 112
                                 Buffers: shared hit=1
                           ->  Nested Loop  (cost=93689.62..708227.21 rows=175 width=16) (actual time=554.514..20084.041 rows=148844 loops=1)
                                 Buffers: shared hit=1655900 read=375114, temp read=3223 written=3223
                                 ->  Seq Scan on info_type it1  (cost=0.00..2.41 rows=1 width=4) (actual time=0.012..0.025 rows=1 loops=1)
                                       Filter: (id = 8)
                                       Rows Removed by Filter: 112
                                       Buffers: shared hit=1
                                 ->  Nested Loop  (cost=93689.62..708223.05 rows=175 width=20) (actual time=554.498..20045.752 rows=148844 loops=1)
                                       Buffers: shared hit=1655899 read=375114, temp read=3223 written=3223
                                       ->  Hash Join  (cost=93689.18..467937.00 rows=5559 width=12) (actual time=554.425..1559.423 rows=183809 loops=1)
                                             Hash Cond: (mi1.movie_id = t.id)
                                             Buffers: shared hit=30191 read=15094, temp read=3223 written=3223
                                             ->  Bitmap Heap Scan on movie_info mi1  (cost=14229.48..386824.77 rows=71716 width=8) (actual time=35.496..477.522 rows=779729 loops=1)
                                                   Recheck Cond: (info_type_id = 8)
                                                   Filter: ((info)::text = ANY ('{Czechoslovakia,Germany,Italy,Japan,Mexico,Philippines,"Soviet Union",Spain,Turkey,USA,Yugoslavia}'::text[]))
                                                   Rows Removed by Filter: 545632
                                                   Heap Blocks: exact=7853
                                                   Buffers: shared hit=3678 read=5215
                                                   ->  Bitmap Index Scan on info_type_id_movie_info  (cost=0.00..14211.52 rows=1329478 width=0) (actual time=34.529..34.529 rows=1325361 loops=1)
                                                         Index Cond: (info_type_id = 8)
                                                         Buffers: shared hit=1040
                                             ->  Hash  (cost=76244.10..76244.10 rows=195968 width=4) (actual time=517.155..517.158 rows=439726 loops=1)
                                                   Buckets: 262144 (originally 262144)  Batches: 4 (originally 2)  Memory Usage: 6145kB
                                                   Buffers: shared hit=26513 read=9879, temp written=966
                                                   ->  Hash Join  (cost=1.13..76244.10 rows=195968 width=4) (actual time=0.061..447.487 rows=439726 loops=1)
                                                         Hash Cond: (t.kind_id = kt.id)
                                                         Buffers: shared hit=26513 read=9879
                                                         ->  Seq Scan on title t  (cost=0.00..74315.95 rows=457258 width=8) (actual time=0.042..394.896 rows=451569 loops=1)
                                                               Filter: ((production_year <= 1975) AND (1875 < production_year))
                                                               Rows Removed by Filter: 2076743
                                                               Buffers: shared hit=26512 read=9879
                                                         ->  Hash  (cost=1.10..1.10 rows=3 width=4) (actual time=0.014..0.015 rows=3 loops=1)
                                                               Buckets: 1024  Batches: 1  Memory Usage: 9kB
                                                               Buffers: shared hit=1
                                                               ->  Seq Scan on kind_type kt  (cost=0.00..1.10 rows=3 width=4) (actual time=0.007..0.008 rows=3 loops=1)
                                                                     Filter: ((kind)::text = ANY ('{episode,movie,"tv movie"}'::text[]))
                                                                     Rows Removed by Filter: 4
                                                                     Buffers: shared hit=1
                                       ->  Index Scan using movie_id_movie_info on movie_info mi2  (cost=0.43..43.21 rows=1 width=8) (actual time=0.048..0.100 rows=1 loops=183809)
                                             Index Cond: (movie_id = t.id)
                                             Filter: ((info_type_id = 4) AND ((info)::text = ANY ('{Czech,English,German,Italian,Japanese,Russian,Serbo-Croatian,Spanish,Tagalog,Turkish}'::text[])))
                                             Rows Removed by Filter: 12
                                             Buffers: shared hit=1625708 read=360020
                     ->  Index Scan using movie_id_cast_info on cast_info ci  (cost=0.44..44.17 rows=38 width=12) (actual time=0.036..0.169 rows=16 loops=148844)
                           Index Cond: (movie_id = t.id)
                           Buffers: shared hit=2291581 read=430837
               ->  Hash  (cost=1.15..1.15 rows=2 width=4) (actual time=0.035..0.036 rows=2 loops=1)
                     Buckets: 1024  Batches: 1  Memory Usage: 9kB
                     Buffers: shared hit=1
                     ->  Seq Scan on role_type rt  (cost=0.00..1.15 rows=2 width=4) (actual time=0.027..0.029 rows=2 loops=1)
                           Filter: ((role)::text = ANY ('{composer,writer}'::text[]))
                           Rows Removed by Filter: 10
                           Buffers: shared hit=1
         ->  Index Scan using name_pkey on name n  (cost=0.43..2.32 rows=1 width=4) (actual time=0.035..0.035 rows=0 loops=272153)
               Index Cond: (id = ci.person_id)
               Filter: ((gender)::text = 'm'::text)
               Rows Removed by Filter: 1
               Buffers: shared hit=1034657 read=53955
 Planning:
   Buffers: shared hit=577
 Planning Time: 13.087 ms
 Execution Time: 56106.742 ms
(76 rows)

