                                                                                                  QUERY PLAN                                                                                                  
--------------------------------------------------------------------------------------------------------------------------------------------------------------------------------------------------------------
 Aggregate  (cost=950250.14..950250.15 rows=1 width=8) (actual time=40347.317..40347.325 rows=1 loops=1)
   Buffers: shared hit=3641536 read=438616, temp read=8859 written=8843
   ->  Nested Loop  (cost=873440.53..950249.70 rows=174 width=0) (actual time=1139.597..40346.303 rows=1537 loops=1)
         Buffers: shared hit=3641536 read=438616, temp read=8859 written=8843
         ->  Seq Scan on info_type it2  (cost=0.00..2.41 rows=1 width=4) (actual time=0.047..0.057 rows=1 loops=1)
               Filter: (id = 4)
               Rows Removed by Filter: 112
               Buffers: shared hit=1
         ->  Nested Loop  (cost=873440.53..950245.55 rows=174 width=4) (actual time=1139.549..40345.682 rows=1537 loops=1)
               Buffers: shared hit=3641535 read=438616, temp read=8859 written=8843
               ->  Seq Scan on info_type it1  (cost=0.00..2.41 rows=1 width=4) (actual time=0.013..0.025 rows=1 loops=1)
                     Filter: (id = 8)
                     Rows Removed by Filter: 112
                     Buffers: shared hit=1
               ->  Nested Loop  (cost=873440.53..950241.40 rows=174 width=8) (actual time=1139.535..40345.048 rows=1537 loops=1)
                     Buffers: shared hit=3641534 read=438616, temp read=8859 written=8843
                     ->  Hash Join  (cost=873440.10..948504.08 rows=749 width=12) (actual time=1114.007..38349.272 rows=52732 loops=1)
                           Hash Cond: (ci.role_id = rt.id)
                           Buffers: shared hit=3452413 read=416809, temp read=8859 written=8843
                           ->  Nested Loop  (cost=873438.93..948470.99 rows=8987 width=16) (actual time=1113.929..38055.783 rows=1429278 loops=1)
                                 Buffers: shared hit=3452412 read=416809, temp read=8859 written=8843
                                 ->  Nested Loop  (cost=873438.49..921072.53 rows=627 width=20) (actual time=1113.913..21759.794 rows=73475 loops=1)
                                       Buffers: shared hit=2214823 read=54014, temp read=8859 written=8843
                                       ->  Nested Loop  (cost=873438.35..921036.46 rows=1463 width=24) (actual time=1113.897..21445.281 rows=451911 loops=1)
                                             Join Filter: (t.id = mi1.movie_id)
                                             Buffers: shared hit=2214811 read=54014, temp read=8859 written=8843
                                             ->  Merge Join  (cost=873437.92..874260.80 rows=13582 width=16) (actual time=1113.849..1862.001 rows=562630 loops=1)
                                                   Merge Cond: (mi1.movie_id = mi2.movie_id)
                                                   Buffers: shared hit=7987 read=10318, temp read=8859 written=8843
                                                   ->  Sort  (cost=451941.49..452095.28 rows=61513 width=8) (actual time=571.306..696.510 rows=672465 loops=1)
                                                         Sort Key: mi1.movie_id
                                                         Sort Method: external sort  Disk: 14536kB
                                                         Buffers: shared hit=4274 read=4619, temp read=3627 written=3636
                                                         ->  Bitmap Heap Scan on movie_info mi1  (cost=14226.90..447048.56 rows=61513 width=8) (actual time=36.720..406.434 rows=672465 loops=1)
                                                               Recheck Cond: (info_type_id = 8)
                                                               Filter: ((info)::text = ANY ('{Belgium,Bulgaria,China,Estonia,France,Germany,Israel,USA}'::text[]))
                                                               Rows Removed by Filter: 652896
                                                               Heap Blocks: exact=7853
                                                               Buffers: shared hit=4274 read=4619
                                                               ->  Bitmap Index Scan on info_type_id_movie_info  (cost=0.00..14211.52 rows=1329478 width=0) (actual time=35.742..35.743 rows=1325361 loops=1)
                                                                     Index Cond: (info_type_id = 8)
                                                                     Buffers: shared read=1040
                                                   ->  Sort  (cost=421496.43..421686.17 rows=75898 width=8) (actual time=542.534..733.538 rows=972150 loops=1)
                                                         Sort Key: mi2.movie_id
                                                         Sort Method: external sort  Disk: 20816kB
                                                         Buffers: shared hit=3713 read=5699, temp read=5213 written=5207
                                                         ->  Bitmap Heap Scan on movie_info mi2  (cost=13074.34..415344.22 rows=75898 width=8) (actual time=30.528..309.255 rows=963100 loops=1)
                                                               Recheck Cond: (info_type_id = 4)
                                                               Filter: ((info)::text = ANY ('{Bulgarian,English,Estonian,German,Italian,Spanish}'::text[]))
                                                               Rows Removed by Filter: 335889
                                                               Heap Blocks: exact=8393
                                                               Buffers: shared hit=3713 read=5699
                                                               ->  Bitmap Index Scan on info_type_id_movie_info  (cost=0.00..13055.37 rows=1221191 width=0) (actual time=29.496..29.497 rows=1298989 loops=1)
                                                                     Index Cond: (info_type_id = 4)
                                                                     Buffers: shared hit=1 read=1018
                                             ->  Index Scan using title_pkey on title t  (cost=0.43..3.43 rows=1 width=8) (actual time=0.034..0.034 rows=1 loops=562630)
                                                   Index Cond: (id = mi2.movie_id)
                                                   Filter: ((production_year <= 2015) AND (1975 < production_year))
                                                   Rows Removed by Filter: 0
                                                   Buffers: shared hit=2206824 read=43696
                                       ->  Memoize  (cost=0.14..0.16 rows=1 width=4) (actual time=0.000..0.000 rows=0 loops=451911)
                                             Cache Key: t.kind_id
                                             Cache Mode: logical
                                             Hits: 451905  Misses: 6  Evictions: 0  Overflows: 0  Memory Usage: 1kB
                                             Buffers: shared hit=12
                                             ->  Index Scan using kind_type_pkey on kind_type kt  (cost=0.13..0.15 rows=1 width=4) (actual time=0.010..0.010 rows=0 loops=6)
                                                   Index Cond: (id = t.kind_id)
                                                   Filter: ((kind)::text = ANY ('{"tv movie","tv series","video game"}'::text[]))
                                                   Rows Removed by Filter: 0
                                                   Buffers: shared hit=12
                                 ->  Index Scan using movie_id_cast_info on cast_info ci  (cost=0.44..43.32 rows=38 width=12) (actual time=0.036..0.216 rows=19 loops=73475)
                                       Index Cond: (movie_id = t.id)
                                       Buffers: shared hit=1237589 read=362795
                           ->  Hash  (cost=1.15..1.15 rows=1 width=4) (actual time=0.020..0.020 rows=1 loops=1)
                                 Buckets: 1024  Batches: 1  Memory Usage: 9kB
                                 Buffers: shared hit=1
                                 ->  Seq Scan on role_type rt  (cost=0.00..1.15 rows=1 width=4) (actual time=0.010..0.011 rows=1 loops=1)
                                       Filter: ((role)::text = 'editor'::text)
                                       Rows Removed by Filter: 11
                                       Buffers: shared hit=1
                     ->  Index Scan using name_pkey on name n  (cost=0.43..2.32 rows=1 width=4) (actual time=0.037..0.037 rows=0 loops=52732)
                           Index Cond: (id = ci.person_id)
                           Filter: ((gender)::text = 'f'::text)
                           Rows Removed by Filter: 1
                           Buffers: shared hit=189121 read=21807
 Planning:
   Buffers: shared hit=481 read=93
 Planning Time: 13.887 ms
 Execution Time: 40359.442 ms
(89 rows)

