                                                                                               QUERY PLAN                                                                                               
--------------------------------------------------------------------------------------------------------------------------------------------------------------------------------------------------------
 Aggregate  (cost=607240.62..607240.63 rows=1 width=8) (actual time=29109.114..29109.122 rows=1 loops=1)
   Buffers: shared hit=2613182 read=413512
   ->  Nested Loop  (cost=14219.04..607240.51 rows=46 width=0) (actual time=2043.186..29100.565 rows=30862 loops=1)
         Buffers: shared hit=2613182 read=413512
         ->  Seq Scan on info_type it2  (cost=0.00..2.41 rows=1 width=4) (actual time=0.050..0.061 rows=1 loops=1)
               Filter: (id = 4)
               Rows Removed by Filter: 112
               Buffers: shared hit=1
         ->  Nested Loop  (cost=14219.04..607237.63 rows=46 width=4) (actual time=2043.134..29093.516 rows=30862 loops=1)
               Buffers: shared hit=2613181 read=413512
               ->  Seq Scan on info_type it1  (cost=0.00..2.41 rows=1 width=4) (actual time=0.014..0.027 rows=1 loops=1)
                     Filter: (id = 8)
                     Rows Removed by Filter: 112
                     Buffers: shared hit=1
               ->  Nested Loop  (cost=14219.04..607234.76 rows=46 width=8) (actual time=2043.116..29085.837 rows=30862 loops=1)
                     Buffers: shared hit=2613180 read=413512
                     ->  Hash Join  (cost=14218.61..606979.61 rows=110 width=12) (actual time=2042.614..26386.303 rows=70377 loops=1)
                           Hash Cond: (ci.role_id = rt.id)
                           Buffers: shared hit=2370030 read=375154
                           ->  Nested Loop  (cost=14217.45..606973.77 rows=1319 width=16) (actual time=2042.516..26146.982 rows=1238624 loops=1)
                                 Buffers: shared hit=2370029 read=375154
                                 ->  Nested Loop  (cost=14217.01..602953.58 rows=92 width=20) (actual time=2042.468..12566.507 rows=62620 loops=1)
                                       Buffers: shared hit=1218174 read=130309
                                       ->  Hash Join  (cost=14216.57..468792.33 rows=3146 width=12) (actual time=2042.417..6489.799 rows=65112 loops=1)
                                             Hash Cond: (t.kind_id = kt.id)
                                             Buffers: shared hit=625451 read=46007
                                             ->  Nested Loop  (cost=14215.46..468744.82 rows=11010 width=16) (actual time=37.450..6443.161 rows=130004 loops=1)
                                                   Buffers: shared hit=625450 read=46007
                                                   ->  Bitmap Heap Scan on movie_info mi1  (cost=14215.02..386810.31 rows=13897 width=8) (actual time=37.411..456.186 rows=168436 loops=1)
                                                         Recheck Cond: (info_type_id = 8)
                                                         Filter: ((info)::text = ANY ('{"Czech Republic",Germany,Israel,Mexico,Norway,Russia,Spain,Sweden,Turkey,"West Germany"}'::text[]))
                                                         Rows Removed by Filter: 1156925
                                                         Heap Blocks: exact=7853
                                                         Buffers: shared hit=73 read=8820
                                                         ->  Bitmap Index Scan on info_type_id_movie_info  (cost=0.00..14211.52 rows=1329478 width=0) (actual time=36.401..36.401 rows=1325361 loops=1)
                                                               Index Cond: (info_type_id = 8)
                                                               Buffers: shared read=1040
                                                   ->  Memoize  (cost=0.44..5.99 rows=1 width=8) (actual time=0.035..0.035 rows=1 loops=168436)
                                                         Cache Key: mi1.movie_id
                                                         Cache Mode: logical
                                                         Hits: 2795  Misses: 165641  Evictions: 78310  Overflows: 0  Memory Usage: 8193kB
                                                         Buffers: shared hit=625377 read=37187
                                                         ->  Index Scan using title_pkey on title t  (cost=0.43..5.98 rows=1 width=8) (actual time=0.034..0.034 rows=1 loops=165641)
                                                               Index Cond: (id = mi1.movie_id)
                                                               Filter: ((production_year <= 2015) AND (1975 < production_year))
                                                               Rows Removed by Filter: 0
                                                               Buffers: shared hit=625377 read=37187
                                             ->  Hash  (cost=1.09..1.09 rows=2 width=4) (actual time=0.021..0.022 rows=2 loops=1)
                                                   Buckets: 1024  Batches: 1  Memory Usage: 9kB
                                                   Buffers: shared hit=1
                                                   ->  Seq Scan on kind_type kt  (cost=0.00..1.09 rows=2 width=4) (actual time=0.012..0.014 rows=2 loops=1)
                                                         Filter: ((kind)::text = ANY ('{movie,"video movie"}'::text[]))
                                                         Rows Removed by Filter: 5
                                                         Buffers: shared hit=1
                                       ->  Index Scan using movie_id_movie_info on movie_info mi2  (cost=0.43..42.64 rows=1 width=8) (actual time=0.040..0.093 rows=1 loops=65112)
                                             Index Cond: (movie_id = t.id)
                                             Filter: ((info_type_id = 4) AND ((info)::text = ANY ('{Catalan,Czech,English,German,Hebrew,Norwegian,Russian,Spanish,Swedish,Turkish}'::text[])))
                                             Rows Removed by Filter: 12
                                             Buffers: shared hit=592723 read=84302
                                 ->  Index Scan using movie_id_cast_info on cast_info ci  (cost=0.44..43.32 rows=38 width=12) (actual time=0.036..0.211 rows=20 loops=62620)
                                       Index Cond: (movie_id = t.id)
                                       Buffers: shared hit=1151855 read=244845
                           ->  Hash  (cost=1.15..1.15 rows=1 width=4) (actual time=0.019..0.019 rows=1 loops=1)
                                 Buckets: 1024  Batches: 1  Memory Usage: 9kB
                                 Buffers: shared hit=1
                                 ->  Seq Scan on role_type rt  (cost=0.00..1.15 rows=1 width=4) (actual time=0.011..0.012 rows=1 loops=1)
                                       Filter: ((role)::text = 'director'::text)
                                       Rows Removed by Filter: 11
                                       Buffers: shared hit=1
                     ->  Index Scan using name_pkey on name n  (cost=0.43..2.32 rows=1 width=4) (actual time=0.038..0.038 rows=0 loops=70377)
                           Index Cond: (id = ci.person_id)
                           Filter: ((gender)::text = 'm'::text)
                           Rows Removed by Filter: 1
                           Buffers: shared hit=243150 read=38358
 Planning:
   Buffers: shared hit=488 read=89
 Planning Time: 14.357 ms
 Execution Time: 29111.772 ms
(78 rows)

