                                                                                               QUERY PLAN                                                                                               
--------------------------------------------------------------------------------------------------------------------------------------------------------------------------------------------------------
 Aggregate  (cost=432186.93..432186.94 rows=1 width=8) (actual time=4207.685..4207.692 rows=1 loops=1)
   Buffers: shared hit=367464 read=68447
   ->  Nested Loop  (cost=14216.71..432186.93 rows=1 width=0) (actual time=315.950..4207.198 rows=1957 loops=1)
         Buffers: shared hit=367464 read=68447
         ->  Hash Join  (cost=14216.28..432182.29 rows=2 width=4) (actual time=315.906..4029.774 rows=5122 loops=1)
               Hash Cond: (ci.role_id = rt.id)
               Buffers: shared hit=350326 read=65097
               ->  Nested Loop  (cost=14215.10..432181.07 rows=14 width=8) (actual time=315.566..4018.680 rows=67373 loops=1)
                     Buffers: shared hit=350325 read=65097
                     ->  Nested Loop  (cost=14214.66..432136.19 rows=1 width=12) (actual time=315.526..3294.413 rows=3142 loops=1)
                           Buffers: shared hit=288948 read=51329
                           ->  Nested Loop  (cost=14214.66..432133.77 rows=1 width=16) (actual time=315.521..3231.977 rows=3142 loops=1)
                                 Buffers: shared hit=285806 read=51329
                                 ->  Nested Loop  (cost=14214.66..432131.34 rows=1 width=20) (actual time=315.504..3173.214 rows=3142 loops=1)
                                       Buffers: shared hit=282664 read=51329
                                       ->  Hash Join  (cost=14214.23..420398.03 rows=272 width=12) (actual time=82.033..2056.368 rows=11605 loops=1)
                                             Hash Cond: (t.kind_id = kt.id)
                                             Buffers: shared hit=183183 read=26451
                                             ->  Nested Loop  (cost=14213.10..420394.22 rows=636 width=16) (actual time=36.389..2051.407 rows=11982 loops=1)
                                                   Buffers: shared hit=183182 read=26451
                                                   ->  Bitmap Heap Scan on movie_info mi1  (cost=14212.66..386807.95 rows=4544 width=8) (actual time=36.269..435.449 rows=50676 loops=1)
                                                         Recheck Cond: (info_type_id = 8)
                                                         Filter: ((info)::text = ANY ('{Italy,Norway,Portugal,Taiwan}'::text[]))
                                                         Rows Removed by Filter: 1274685
                                                         Heap Blocks: exact=7853
                                                         Buffers: shared hit=27 read=8866
                                                         ->  Bitmap Index Scan on info_type_id_movie_info  (cost=0.00..14211.52 rows=1329478 width=0) (actual time=35.273..35.273 rows=1325361 loops=1)
                                                               Index Cond: (info_type_id = 8)
                                                               Buffers: shared read=1040
                                                   ->  Memoize  (cost=0.44..7.42 rows=1 width=8) (actual time=0.032..0.032 rows=0 loops=50676)
                                                         Cache Key: mi1.movie_id
                                                         Cache Mode: logical
                                                         Hits: 491  Misses: 50185  Evictions: 0  Overflows: 0  Memory Usage: 3799kB
                                                         Buffers: shared hit=183155 read=17585
                                                         ->  Index Scan using title_pkey on title t  (cost=0.43..7.41 rows=1 width=8) (actual time=0.031..0.031 rows=0 loops=50185)
                                                               Index Cond: (id = mi1.movie_id)
                                                               Filter: ((production_year <= 1975) AND (1925 < production_year))
                                                               Rows Removed by Filter: 1
                                                               Buffers: shared hit=183155 read=17585
                                             ->  Hash  (cost=1.10..1.10 rows=3 width=4) (actual time=0.014..0.015 rows=3 loops=1)
                                                   Buckets: 1024  Batches: 1  Memory Usage: 9kB
                                                   Buffers: shared hit=1
                                                   ->  Seq Scan on kind_type kt  (cost=0.00..1.10 rows=3 width=4) (actual time=0.007..0.008 rows=3 loops=1)
                                                         Filter: ((kind)::text = ANY ('{episode,movie,"tv movie"}'::text[]))
                                                         Rows Removed by Filter: 4
                                                         Buffers: shared hit=1
                                       ->  Index Scan using movie_id_movie_info on movie_info mi2  (cost=0.43..43.13 rows=1 width=8) (actual time=0.078..0.096 rows=0 loops=11605)
                                             Index Cond: (movie_id = t.id)
                                             Filter: ((info_type_id = 4) AND ((info)::text = ANY ('{French,Mandarin,Norwegian,Portuguese}'::text[])))
                                             Rows Removed by Filter: 13
                                             Buffers: shared hit=99481 read=24878
                                 ->  Seq Scan on info_type it1  (cost=0.00..2.41 rows=1 width=4) (actual time=0.010..0.017 rows=1 loops=3142)
                                       Filter: (id = 8)
                                       Rows Removed by Filter: 112
                                       Buffers: shared hit=3142
                           ->  Seq Scan on info_type it2  (cost=0.00..2.41 rows=1 width=4) (actual time=0.011..0.018 rows=1 loops=3142)
                                 Filter: (id = 4)
                                 Rows Removed by Filter: 112
                                 Buffers: shared hit=3142
                     ->  Index Scan using movie_id_cast_info on cast_info ci  (cost=0.44..44.50 rows=38 width=12) (actual time=0.034..0.225 rows=21 loops=3142)
                           Index Cond: (movie_id = t.id)
                           Buffers: shared hit=61377 read=13768
               ->  Hash  (cost=1.15..1.15 rows=2 width=4) (actual time=0.028..0.029 rows=2 loops=1)
                     Buckets: 1024  Batches: 1  Memory Usage: 9kB
                     Buffers: shared hit=1
                     ->  Seq Scan on role_type rt  (cost=0.00..1.15 rows=2 width=4) (actual time=0.022..0.023 rows=2 loops=1)
                           Filter: ((role)::text = ANY ('{composer,"miscellaneous crew"}'::text[]))
                           Rows Removed by Filter: 10
                           Buffers: shared hit=1
         ->  Index Scan using name_pkey on name n  (cost=0.43..2.32 rows=1 width=4) (actual time=0.034..0.034 rows=0 loops=5122)
               Index Cond: (id = ci.person_id)
               Filter: ((gender)::text = ANY ('{f,m}'::text[]))
               Rows Removed by Filter: 1
               Buffers: shared hit=17138 read=3350
 Planning:
   Buffers: shared hit=483 read=91
 Planning Time: 12.672 ms
 Execution Time: 4209.100 ms
(78 rows)

