                                                                                                  QUERY PLAN                                                                                                  
--------------------------------------------------------------------------------------------------------------------------------------------------------------------------------------------------------------
 Aggregate  (cost=896417.24..896417.25 rows=1 width=8) (actual time=34858.313..34858.322 rows=1 loops=1)
   Buffers: shared hit=3172918 read=380435, temp read=8002 written=7993
   ->  Nested Loop  (cost=827103.62..896416.48 rows=305 width=0) (actual time=932.365..34856.756 rows=3047 loops=1)
         Buffers: shared hit=3172918 read=380435, temp read=8002 written=7993
         ->  Seq Scan on info_type it2  (cost=0.00..2.41 rows=1 width=4) (actual time=0.042..0.052 rows=1 loops=1)
               Filter: (id = 4)
               Rows Removed by Filter: 112
               Buffers: shared hit=1
         ->  Nested Loop  (cost=827103.62..896411.01 rows=305 width=4) (actual time=932.321..34855.761 rows=3047 loops=1)
               Buffers: shared hit=3172917 read=380435, temp read=8002 written=7993
               ->  Seq Scan on info_type it1  (cost=0.00..2.41 rows=1 width=4) (actual time=0.009..0.021 rows=1 loops=1)
                     Filter: (id = 8)
                     Rows Removed by Filter: 112
                     Buffers: shared hit=1
               ->  Nested Loop  (cost=827103.62..896405.55 rows=305 width=8) (actual time=932.310..34854.686 rows=3047 loops=1)
                     Buffers: shared hit=3172916 read=380435, temp read=8002 written=7993
                     ->  Hash Join  (cost=827103.19..894721.58 rows=726 width=12) (actual time=931.912..34473.237 rows=9694 loops=1)
                           Hash Cond: (ci.role_id = rt.id)
                           Buffers: shared hit=3138693 read=375882, temp read=8002 written=7993
                           ->  Nested Loop  (cost=827102.03..894689.46 rows=8715 width=16) (actual time=931.153..34237.247 rows=1304285 loops=1)
                                 Buffers: shared hit=3138692 read=375882, temp read=8002 written=7993
                                 ->  Nested Loop  (cost=827101.59..868144.38 rows=608 width=20) (actual time=931.128..19537.024 rows=66787 loops=1)
                                       Buffers: shared hit=2010196 read=47577, temp read=8002 written=7993
                                       ->  Nested Loop  (cost=827101.45..868109.39 rows=1418 width=24) (actual time=931.114..19215.311 rows=472202 loops=1)
                                             Join Filter: (t.id = mi1.movie_id)
                                             Buffers: shared hit=2010184 read=47577, temp read=8002 written=7993
                                             ->  Merge Join  (cost=827101.02..827834.97 rows=11190 width=16) (actual time=931.074..1597.225 rows=509864 loops=1)
                                                   Merge Cond: (mi1.movie_id = mi2.movie_id)
                                                   Buffers: shared hit=10376 read=7929, temp read=8002 written=7993
                                                   ->  Sort  (cost=391359.60..391503.14 rows=57415 width=8) (actual time=408.670..524.742 rows=628296 loops=1)
                                                         Sort Key: mi1.movie_id
                                                         Sort Method: external sort  Disk: 13576kB
                                                         Buffers: shared hit=4542 read=4351, temp read=3388 written=3396
                                                         ->  Bitmap Heap Scan on movie_info mi1  (cost=14225.90..386821.19 rows=57415 width=8) (actual time=36.823..254.218 rows=628297 loops=1)
                                                               Recheck Cond: (info_type_id = 8)
                                                               Filter: ((info)::text = ANY ('{Brazil,Croatia,Estonia,France,Hungary,Iceland,Serbia,Singapore,USA}'::text[]))
                                                               Rows Removed by Filter: 697064
                                                               Heap Blocks: exact=7853
                                                               Buffers: shared hit=4542 read=4351
                                                               ->  Bitmap Index Scan on info_type_id_movie_info  (cost=0.00..14211.52 rows=1329478 width=0) (actual time=35.854..35.854 rows=1325361 loops=1)
                                                                     Index Cond: (info_type_id = 8)
                                                                     Buffers: shared read=1040
                                                   ->  Sort  (cost=435741.42..435908.90 rows=66995 width=8) (actual time=522.396..687.121 rows=855985 loops=1)
                                                         Sort Key: mi2.movie_id
                                                         Sort Method: external sort  Disk: 18376kB
                                                         Buffers: shared hit=5834 read=3578, temp read=4600 written=4597
                                                         ->  Bitmap Heap Scan on movie_info mi2  (cost=13072.12..430371.18 rows=66995 width=8) (actual time=30.880..317.307 rows=850471 loops=1)
                                                               Recheck Cond: (info_type_id = 4)
                                                               Filter: ((info)::text = ANY ('{Arabic,Croatian,English,Estonian,German,Icelandic,Serbian}'::text[]))
                                                               Rows Removed by Filter: 448518
                                                               Heap Blocks: exact=8393
                                                               Buffers: shared hit=5834 read=3578
                                                               ->  Bitmap Index Scan on info_type_id_movie_info  (cost=0.00..13055.37 rows=1221191 width=0) (actual time=29.847..29.847 rows=1298989 loops=1)
                                                                     Index Cond: (info_type_id = 4)
                                                                     Buffers: shared hit=1 read=1018
                                             ->  Index Scan using title_pkey on title t  (cost=0.43..3.59 rows=1 width=8) (actual time=0.034..0.034 rows=1 loops=509864)
                                                   Index Cond: (id = mi2.movie_id)
                                                   Filter: ((production_year <= 2015) AND (1925 < production_year))
                                                   Rows Removed by Filter: 0
                                                   Buffers: shared hit=1999808 read=39648
                                       ->  Memoize  (cost=0.14..0.16 rows=1 width=4) (actual time=0.000..0.000 rows=0 loops=472202)
                                             Cache Key: t.kind_id
                                             Cache Mode: logical
                                             Hits: 472196  Misses: 6  Evictions: 0  Overflows: 0  Memory Usage: 1kB
                                             Buffers: shared hit=12
                                             ->  Index Scan using kind_type_pkey on kind_type kt  (cost=0.13..0.15 rows=1 width=4) (actual time=0.010..0.010 rows=0 loops=6)
                                                   Index Cond: (id = t.kind_id)
                                                   Filter: ((kind)::text = ANY ('{"tv movie","tv series","video game"}'::text[]))
                                                   Rows Removed by Filter: 0
                                                   Buffers: shared hit=12
                                 ->  Index Scan using movie_id_cast_info on cast_info ci  (cost=0.44..43.28 rows=38 width=12) (actual time=0.036..0.214 rows=20 loops=66787)
                                       Index Cond: (movie_id = t.id)
                                       Buffers: shared hit=1128496 read=328305
                           ->  Hash  (cost=1.15..1.15 rows=1 width=4) (actual time=0.022..0.023 rows=1 loops=1)
                                 Buckets: 1024  Batches: 1  Memory Usage: 9kB
                                 Buffers: shared hit=1
                                 ->  Seq Scan on role_type rt  (cost=0.00..1.15 rows=1 width=4) (actual time=0.011..0.012 rows=1 loops=1)
                                       Filter: ((role)::text = 'production designer'::text)
                                       Rows Removed by Filter: 11
                                       Buffers: shared hit=1
                     ->  Index Scan using name_pkey on name n  (cost=0.43..2.32 rows=1 width=4) (actual time=0.039..0.039 rows=0 loops=9694)
                           Index Cond: (id = ci.person_id)
                           Filter: ((gender)::text = 'm'::text)
                           Rows Removed by Filter: 1
                           Buffers: shared hit=34223 read=4553
 Planning:
   Buffers: shared hit=522 read=55
 Planning Time: 13.863 ms
 Execution Time: 34868.177 ms
(89 rows)

