                                                                                               QUERY PLAN                                                                                               
--------------------------------------------------------------------------------------------------------------------------------------------------------------------------------------------------------
 Aggregate  (cost=660764.19..660764.20 rows=1 width=8) (actual time=20329.849..20329.858 rows=1 loops=1)
   Buffers: shared hit=1862676 read=244440
   ->  Nested Loop  (cost=14217.79..660764.06 rows=52 width=0) (actual time=36.177..20328.828 rows=2476 loops=1)
         Buffers: shared hit=1862676 read=244440
         ->  Seq Scan on info_type it2  (cost=0.00..2.41 rows=1 width=4) (actual time=0.046..0.057 rows=1 loops=1)
               Filter: (id = 4)
               Rows Removed by Filter: 112
               Buffers: shared hit=1
         ->  Nested Loop  (cost=14217.79..660761.13 rows=52 width=4) (actual time=36.130..20328.132 rows=2476 loops=1)
               Buffers: shared hit=1862675 read=244440
               ->  Seq Scan on info_type it1  (cost=0.00..2.41 rows=1 width=4) (actual time=0.009..0.022 rows=1 loops=1)
                     Filter: (id = 8)
                     Rows Removed by Filter: 112
                     Buffers: shared hit=1
               ->  Nested Loop  (cost=14217.79..660758.19 rows=52 width=8) (actual time=36.118..20327.381 rows=2476 loops=1)
                     Buffers: shared hit=1862674 read=244440
                     ->  Hash Join  (cost=14217.36..660238.62 rows=224 width=12) (actual time=35.187..18675.664 rows=45216 loops=1)
                           Hash Cond: (ci.role_id = rt.id)
                           Buffers: shared hit=1700411 read=225839
                           ->  Nested Loop  (cost=14216.18..660232.66 rows=1347 width=16) (actual time=35.097..18566.597 rows=584320 loops=1)
                                 Buffers: shared hit=1700410 read=225839
                                 ->  Nested Loop  (cost=14215.74..656128.65 rows=94 width=20) (actual time=35.064..12161.232 rows=28721 loops=1)
                                       Buffers: shared hit=1177010 read=93180
                                       ->  Hash Join  (cost=14215.31..505928.03 rows=3537 width=12) (actual time=34.986..4787.753 rows=93347 loops=1)
                                             Hash Cond: (t.kind_id = kt.id)
                                             Buffers: shared hit=430832 read=16846
                                             ->  Nested Loop  (cost=14214.17..505892.11 rows=8254 width=16) (actual time=34.785..4740.129 rows=106929 loops=1)
                                                   Buffers: shared hit=430831 read=16846
                                                   ->  Bitmap Heap Scan on movie_info mi1  (cost=14213.73..447035.40 rows=8855 width=8) (actual time=34.742..768.102 rows=110306 loops=1)
                                                         Recheck Cond: (info_type_id = 8)
                                                         Filter: ((info)::text = ANY ('{Austria,Czechoslovakia,India,Nigeria,Russia,Spain,Sweden,Taiwan}'::text[]))
                                                         Rows Removed by Filter: 1215055
                                                         Heap Blocks: exact=7853
                                                         Buffers: shared hit=3830 read=5063
                                                         ->  Bitmap Index Scan on info_type_id_movie_info  (cost=0.00..14211.52 rows=1329478 width=0) (actual time=33.714..33.715 rows=1325361 loops=1)
                                                               Index Cond: (info_type_id = 8)
                                                               Buffers: shared hit=1040
                                                   ->  Memoize  (cost=0.44..6.71 rows=1 width=8) (actual time=0.035..0.035 rows=1 loops=110306)
                                                         Cache Key: mi1.movie_id
                                                         Cache Mode: logical
                                                         Hits: 610  Misses: 109696  Evictions: 30828  Overflows: 0  Memory Usage: 8193kB
                                                         Buffers: shared hit=427001 read=11783
                                                         ->  Index Scan using title_pkey on title t  (cost=0.43..6.70 rows=1 width=8) (actual time=0.034..0.034 rows=1 loops=109696)
                                                               Index Cond: (id = mi1.movie_id)
                                                               Filter: ((production_year <= 2015) AND (1925 < production_year))
                                                               Rows Removed by Filter: 0
                                                               Buffers: shared hit=427001 read=11783
                                             ->  Hash  (cost=1.10..1.10 rows=3 width=4) (actual time=0.019..0.020 rows=3 loops=1)
                                                   Buckets: 1024  Batches: 1  Memory Usage: 9kB
                                                   Buffers: shared hit=1
                                                   ->  Seq Scan on kind_type kt  (cost=0.00..1.10 rows=3 width=4) (actual time=0.008..0.010 rows=3 loops=1)
                                                         Filter: ((kind)::text = ANY ('{episode,movie,"video movie"}'::text[]))
                                                         Rows Removed by Filter: 4
                                                         Buffers: shared hit=1
                                       ->  Index Scan using movie_id_movie_info on movie_info mi2  (cost=0.43..42.46 rows=1 width=8) (actual time=0.063..0.078 rows=0 loops=93347)
                                             Index Cond: (movie_id = t.id)
                                             Filter: ((info_type_id = 4) AND ((info)::text = ANY ('{Czech,English,German,Mandarin,Russian,Swedish,Tamil}'::text[])))
                                             Rows Removed by Filter: 8
                                             Buffers: shared hit=746178 read=76334
                                 ->  Index Scan using movie_id_cast_info on cast_info ci  (cost=0.44..43.28 rows=38 width=12) (actual time=0.035..0.217 rows=20 loops=28721)
                                       Index Cond: (movie_id = t.id)
                                       Buffers: shared hit=523400 read=132659
                           ->  Hash  (cost=1.15..1.15 rows=2 width=4) (actual time=0.019..0.020 rows=2 loops=1)
                                 Buckets: 1024  Batches: 1  Memory Usage: 9kB
                                 Buffers: shared hit=1
                                 ->  Seq Scan on role_type rt  (cost=0.00..1.15 rows=2 width=4) (actual time=0.011..0.013 rows=2 loops=1)
                                       Filter: ((role)::text = ANY ('{"production designer",writer}'::text[]))
                                       Rows Removed by Filter: 10
                                       Buffers: shared hit=1
                     ->  Index Scan using name_pkey on name n  (cost=0.43..2.32 rows=1 width=4) (actual time=0.036..0.036 rows=0 loops=45216)
                           Index Cond: (id = ci.person_id)
                           Filter: ((gender)::text = 'f'::text)
                           Rows Removed by Filter: 1
                           Buffers: shared hit=162263 read=18601
 Planning:
   Buffers: shared hit=573 read=1
 Planning Time: 13.595 ms
 Execution Time: 20332.467 ms
(78 rows)

