                                                                                                  QUERY PLAN                                                                                                  
--------------------------------------------------------------------------------------------------------------------------------------------------------------------------------------------------------------
 Aggregate  (cost=873424.12..873424.13 rows=1 width=8) (actual time=184329.115..184329.124 rows=1 loops=1)
   Buffers: shared hit=17014419 read=2103145, temp read=7637 written=7619
   ->  Nested Loop  (cost=811462.24..873422.79 rows=531 width=0) (actual time=956.548..184250.361 rows=368470 loops=1)
         Buffers: shared hit=17014419 read=2103145, temp read=7637 written=7619
         ->  Seq Scan on info_type it2  (cost=0.00..2.41 rows=1 width=4) (actual time=0.044..0.054 rows=1 loops=1)
               Filter: (id = 4)
               Rows Removed by Filter: 112
               Buffers: shared hit=1
         ->  Nested Loop  (cost=811462.24..873415.07 rows=531 width=4) (actual time=956.503..184165.036 rows=368470 loops=1)
               Buffers: shared hit=17014418 read=2103145, temp read=7637 written=7619
               ->  Seq Scan on info_type it1  (cost=0.00..2.41 rows=1 width=4) (actual time=0.009..0.021 rows=1 loops=1)
                     Filter: (id = 8)
                     Rows Removed by Filter: 112
                     Buffers: shared hit=1
               ->  Nested Loop  (cost=811462.24..873407.34 rows=531 width=8) (actual time=956.493..184077.367 rows=368470 loops=1)
                     Buffers: shared hit=17014417 read=2103145, temp read=7637 written=7619
                     ->  Hash Join  (cost=811461.81..870470.83 rows=1266 width=12) (actual time=956.224..122647.956 rows=1683019 loops=1)
                           Hash Cond: (ci.role_id = rt.id)
                           Buffers: shared hit=10642769 read=1742717, temp read=7637 written=7619
                           ->  Nested Loop  (cost=811460.63..870442.67 rows=7597 width=16) (actual time=955.946..120396.491 rows=9330002 loops=1)
                                 Buffers: shared hit=10642768 read=1742717, temp read=7637 written=7619
                                 ->  Nested Loop  (cost=811460.19..847303.04 rows=530 width=20) (actual time=955.925..20156.845 rows=411496 loops=1)
                                       Buffers: shared hit=2039654 read=48567, temp read=7637 written=7619
                                       ->  Nested Loop  (cost=811460.05..847272.41 rows=1236 width=24) (actual time=955.819..19735.786 rows=479713 loops=1)
                                             Join Filter: (t.id = mi1.movie_id)
                                             Buffers: shared hit=2039643 read=48566, temp read=7637 written=7619
                                             ->  Merge Join  (cost=811459.62..812142.03 rows=9751 width=16) (actual time=955.767..1721.853 rows=517476 loops=1)
                                                   Merge Cond: (mi1.movie_id = mi2.movie_id)
                                                   Buffers: shared hit=13099 read=5206, temp read=7637 written=7619
                                                   ->  Sort  (cost=405792.69..405918.11 rows=50168 width=8) (actual time=459.280..569.357 rows=561403 loops=1)
                                                         Sort Key: mi1.movie_id
                                                         Sort Method: external sort  Disk: 12128kB
                                                         Buffers: shared hit=8825 read=68, temp read=3027 written=3034
                                                         ->  Bitmap Heap Scan on movie_info mi1  (cost=14224.06..401875.95 rows=50168 width=8) (actual time=36.900..321.570 rows=561403 loops=1)
                                                               Recheck Cond: (info_type_id = 8)
                                                               Filter: ((info)::text = ANY ('{"Hong Kong",Hungary,Ireland,Norway,USA}'::text[]))
                                                               Rows Removed by Filter: 763958
                                                               Heap Blocks: exact=7853
                                                               Buffers: shared hit=8825 read=68
                                                               ->  Bitmap Index Scan on info_type_id_movie_info  (cost=0.00..14211.52 rows=1329478 width=0) (actual time=35.929..35.930 rows=1325361 loops=1)
                                                                     Index Cond: (info_type_id = 8)
                                                                     Buffers: shared hit=1040
                                                   ->  Sort  (cost=405666.94..405833.96 rows=66811 width=8) (actual time=496.478..715.884 rows=852538 loops=1)
                                                         Sort Key: mi2.movie_id
                                                         Sort Method: external sort  Disk: 18328kB
                                                         Buffers: shared hit=4274 read=5138, temp read=4592 written=4585
                                                         ->  Bitmap Heap Scan on movie_info mi2  (cost=13072.07..400312.77 rows=66811 width=8) (actual time=31.111..291.250 rows=848260 loops=1)
                                                               Recheck Cond: (info_type_id = 4)
                                                               Filter: ((info)::text = ANY ('{Cantonese,English,French,Hungarian,Norwegian}'::text[]))
                                                               Rows Removed by Filter: 450729
                                                               Heap Blocks: exact=8393
                                                               Buffers: shared hit=4274 read=5138
                                                               ->  Bitmap Index Scan on info_type_id_movie_info  (cost=0.00..13055.37 rows=1221191 width=0) (actual time=30.074..30.074 rows=1298989 loops=1)
                                                                     Index Cond: (info_type_id = 4)
                                                                     Buffers: shared hit=1 read=1018
                                             ->  Index Scan using title_pkey on title t  (cost=0.43..3.59 rows=1 width=8) (actual time=0.034..0.034 rows=1 loops=517476)
                                                   Index Cond: (id = mi2.movie_id)
                                                   Filter: ((production_year <= 2015) AND (1925 < production_year))
                                                   Rows Removed by Filter: 0
                                                   Buffers: shared hit=2026544 read=43360
                                       ->  Memoize  (cost=0.14..0.16 rows=1 width=4) (actual time=0.000..0.000 rows=1 loops=479713)
                                             Cache Key: t.kind_id
                                             Cache Mode: logical
                                             Hits: 479707  Misses: 6  Evictions: 0  Overflows: 0  Memory Usage: 1kB
                                             Buffers: shared hit=11 read=1
                                             ->  Index Scan using kind_type_pkey on kind_type kt  (cost=0.13..0.15 rows=1 width=4) (actual time=0.013..0.013 rows=0 loops=6)
                                                   Index Cond: (id = t.kind_id)
                                                   Filter: ((kind)::text = ANY ('{episode,movie,"video movie"}'::text[]))
                                                   Rows Removed by Filter: 0
                                                   Buffers: shared hit=11 read=1
                                 ->  Index Scan using movie_id_cast_info on cast_info ci  (cost=0.44..43.28 rows=38 width=12) (actual time=0.035..0.237 rows=23 loops=411496)
                                       Index Cond: (movie_id = t.id)
                                       Buffers: shared hit=8603114 read=1694150
                           ->  Hash  (cost=1.15..1.15 rows=2 width=4) (actual time=0.019..0.020 rows=2 loops=1)
                                 Buckets: 1024  Batches: 1  Memory Usage: 9kB
                                 Buffers: shared hit=1
                                 ->  Seq Scan on role_type rt  (cost=0.00..1.15 rows=2 width=4) (actual time=0.011..0.013 rows=2 loops=1)
                                       Filter: ((role)::text = ANY ('{cinematographer,"miscellaneous crew"}'::text[]))
                                       Rows Removed by Filter: 10
                                       Buffers: shared hit=1
                     ->  Index Scan using name_pkey on name n  (cost=0.43..2.32 rows=1 width=4) (actual time=0.036..0.036 rows=0 loops=1683019)
                           Index Cond: (id = ci.person_id)
                           Filter: ((gender)::text = 'm'::text)
                           Rows Removed by Filter: 1
                           Buffers: shared hit=6371648 read=360428
 Planning:
   Buffers: shared hit=574
 Planning Time: 14.073 ms
 Execution Time: 184338.012 ms
(89 rows)

