                                                                                               QUERY PLAN                                                                                               
--------------------------------------------------------------------------------------------------------------------------------------------------------------------------------------------------------
 Aggregate  (cost=478901.83..478901.84 rows=1 width=8) (actual time=12887.865..12887.873 rows=1 loops=1)
   Buffers: shared hit=1242292 read=92139
   ->  Nested Loop  (cost=14218.42..478901.82 rows=1 width=0) (actual time=748.140..12887.302 rows=1120 loops=1)
         Buffers: shared hit=1242292 read=92139
         ->  Nested Loop  (cost=14218.42..478899.40 rows=1 width=4) (actual time=748.134..12859.223 rows=1120 loops=1)
               Buffers: shared hit=1241172 read=92139
               ->  Nested Loop  (cost=14218.42..478896.98 rows=1 width=8) (actual time=748.114..12831.048 rows=1120 loops=1)
                     Buffers: shared hit=1240052 read=92139
                     ->  Hash Join  (cost=14217.99..478892.34 rows=2 width=12) (actual time=123.090..12254.735 rows=16041 loops=1)
                           Hash Cond: (ci.role_id = rt.id)
                           Buffers: shared hit=1178384 read=89643
                           ->  Nested Loop  (cost=14216.83..478891.08 rows=29 width=16) (actual time=48.221..12164.265 rows=484096 loops=1)
                                 Buffers: shared hit=1178383 read=89643
                                 ->  Nested Loop  (cost=14216.39..478801.32 rows=2 width=20) (actual time=48.182..7055.796 rows=20617 loops=1)
                                       Buffers: shared hit=687982 read=45558
                                       ->  Hash Join  (cost=14215.95..458958.22 rows=460 width=12) (actual time=48.128..4751.432 rows=22077 loops=1)
                                             Hash Cond: (t.kind_id = kt.id)
                                             Buffers: shared hit=467786 read=19552
                                             ->  Nested Loop  (cost=14214.84..458950.32 rows=1610 width=16) (actual time=37.958..4738.732 rows=24766 loops=1)
                                                   Buffers: shared hit=467785 read=19552
                                                   ->  Bitmap Heap Scan on movie_info mi1  (cost=14214.40..386809.69 rows=11512 width=8) (actual time=37.767..535.599 rows=123482 loops=1)
                                                         Recheck Cond: (info_type_id = 8)
                                                         Filter: ((info)::text = ANY ('{France,Italy,Mexico,"South Korea"}'::text[]))
                                                         Rows Removed by Filter: 1201879
                                                         Heap Blocks: exact=7853
                                                         Buffers: shared hit=20 read=8873
                                                         ->  Bitmap Index Scan on info_type_id_movie_info  (cost=0.00..14211.52 rows=1329478 width=0) (actual time=36.785..36.785 rows=1325361 loops=1)
                                                               Index Cond: (info_type_id = 8)
                                                               Buffers: shared read=1040
                                                   ->  Memoize  (cost=0.44..6.35 rows=1 width=8) (actual time=0.034..0.034 rows=0 loops=123482)
                                                         Cache Key: mi1.movie_id
                                                         Cache Mode: logical
                                                         Hits: 3871  Misses: 119611  Evictions: 9103  Overflows: 0  Memory Usage: 8193kB
                                                         Buffers: shared hit=467765 read=10679
                                                         ->  Index Scan using title_pkey on title t  (cost=0.43..6.34 rows=1 width=8) (actual time=0.034..0.034 rows=0 loops=119611)
                                                               Index Cond: (id = mi1.movie_id)
                                                               Filter: ((production_year <= 1975) AND (1925 < production_year))
                                                               Rows Removed by Filter: 1
                                                               Buffers: shared hit=467765 read=10679
                                             ->  Hash  (cost=1.09..1.09 rows=2 width=4) (actual time=0.019..0.020 rows=2 loops=1)
                                                   Buckets: 1024  Batches: 1  Memory Usage: 9kB
                                                   Buffers: shared hit=1
                                                   ->  Seq Scan on kind_type kt  (cost=0.00..1.09 rows=2 width=4) (actual time=0.009..0.011 rows=2 loops=1)
                                                         Filter: ((kind)::text = ANY ('{episode,movie}'::text[]))
                                                         Rows Removed by Filter: 5
                                                         Buffers: shared hit=1
                                       ->  Index Scan using movie_id_movie_info on movie_info mi2  (cost=0.43..43.13 rows=1 width=8) (actual time=0.041..0.104 rows=1 loops=22077)
                                             Index Cond: (movie_id = t.id)
                                             Filter: ((info_type_id = 4) AND ((info)::text = ANY ('{French,Italian,Korean,Spanish}'::text[])))
                                             Rows Removed by Filter: 13
                                             Buffers: shared hit=220196 read=26006
                                 ->  Index Scan using movie_id_cast_info on cast_info ci  (cost=0.44..44.50 rows=38 width=12) (actual time=0.037..0.241 rows=23 loops=20617)
                                       Index Cond: (movie_id = t.id)
                                       Buffers: shared hit=490401 read=44085
                           ->  Hash  (cost=1.15..1.15 rows=1 width=4) (actual time=0.029..0.030 rows=1 loops=1)
                                 Buckets: 1024  Batches: 1  Memory Usage: 9kB
                                 Buffers: shared hit=1
                                 ->  Seq Scan on role_type rt  (cost=0.00..1.15 rows=1 width=4) (actual time=0.023..0.024 rows=1 loops=1)
                                       Filter: ((role)::text = 'editor'::text)
                                       Rows Removed by Filter: 11
                                       Buffers: shared hit=1
                     ->  Index Scan using name_pkey on name n  (cost=0.43..2.32 rows=1 width=4) (actual time=0.035..0.035 rows=0 loops=16041)
                           Index Cond: (id = ci.person_id)
                           Filter: ((gender)::text = 'f'::text)
                           Rows Removed by Filter: 1
                           Buffers: shared hit=61668 read=2496
               ->  Seq Scan on info_type it1  (cost=0.00..2.41 rows=1 width=4) (actual time=0.013..0.022 rows=1 loops=1120)
                     Filter: (id = 8)
                     Rows Removed by Filter: 112
                     Buffers: shared hit=1120
         ->  Seq Scan on info_type it2  (cost=0.00..2.41 rows=1 width=4) (actual time=0.013..0.023 rows=1 loops=1120)
               Filter: (id = 4)
               Rows Removed by Filter: 112
               Buffers: shared hit=1120
 Planning:
   Buffers: shared hit=504 read=70
 Planning Time: 13.512 ms
 Execution Time: 12890.660 ms
(78 rows)

