                                                                                               QUERY PLAN                                                                                               
--------------------------------------------------------------------------------------------------------------------------------------------------------------------------------------------------------
 Aggregate  (cost=553880.42..553880.43 rows=1 width=8) (actual time=3001.617..3001.626 rows=1 loops=1)
   Buffers: shared hit=226027 read=73912, temp read=430 written=430
   ->  Nested Loop  (cost=94675.91..553880.38 rows=17 width=0) (actual time=456.491..2998.379 rows=22794 loops=1)
         Buffers: shared hit=226027 read=73912, temp read=430 written=430
         ->  Seq Scan on info_type it2  (cost=0.00..2.41 rows=1 width=4) (actual time=0.046..0.054 rows=1 loops=1)
               Filter: (id = 4)
               Rows Removed by Filter: 112
               Buffers: shared hit=1
         ->  Nested Loop  (cost=94675.91..553877.80 rows=17 width=4) (actual time=456.443..2994.514 rows=22794 loops=1)
               Buffers: shared hit=226026 read=73912, temp read=430 written=430
               ->  Seq Scan on info_type it1  (cost=0.00..2.41 rows=1 width=4) (actual time=0.009..0.020 rows=1 loops=1)
                     Filter: (id = 8)
                     Rows Removed by Filter: 112
                     Buffers: shared hit=1
               ->  Nested Loop  (cost=94675.91..553875.22 rows=17 width=8) (actual time=456.430..2990.560 rows=22794 loops=1)
                     Buffers: shared hit=226025 read=73912, temp read=430 written=430
                     ->  Hash Join  (cost=94675.48..553705.89 rows=73 width=12) (actual time=456.396..2229.661 rows=22797 loops=1)
                           Hash Cond: (ci.role_id = rt.id)
                           Buffers: shared hit=144145 read=64604, temp read=430 written=430
                           ->  Nested Loop  (cost=94674.32..553701.62 rows=874 width=16) (actual time=456.336..2211.647 rows=86539 loops=1)
                                 Buffers: shared hit=144144 read=64604, temp read=430 written=430
                                 ->  Nested Loop  (cost=94673.88..550994.81 rows=61 width=20) (actual time=456.309..1245.449 rows=6568 loops=1)
                                       Buffers: shared hit=61080 read=43135, temp read=430 written=430
                                       ->  Hash Join  (cost=94673.44..468441.40 rows=1913 width=12) (actual time=456.230..745.164 rows=6635 loops=1)
                                             Hash Cond: (mi1.movie_id = t.id)
                                             Buffers: shared hit=15182 read=30103, temp read=430 written=430
                                             ->  Bitmap Heap Scan on movie_info mi1  (cost=14216.71..386812.01 rows=20675 width=8) (actual time=38.088..262.216 rows=223447 loops=1)
                                                   Recheck Cond: (info_type_id = 8)
                                                   Filter: ((info)::text = ANY ('{Australia,France,Greece,"Hong Kong",India,Italy,Mexico,Turkey,"West Germany"}'::text[]))
                                                   Rows Removed by Filter: 1101914
                                                   Heap Blocks: exact=7853
                                                   Buffers: shared hit=1399 read=7494
                                                   ->  Bitmap Index Scan on info_type_id_movie_info  (cost=0.00..14211.52 rows=1329478 width=0) (actual time=37.112..37.112 rows=1325361 loops=1)
                                                         Index Cond: (info_type_id = 8)
                                                         Buffers: shared read=1040
                                             ->  Hash  (cost=76617.93..76617.93 rows=233984 width=4) (actual time=417.067..417.070 rows=33701 loops=1)
                                                   Buckets: 262144  Batches: 2  Memory Usage: 2644kB
                                                   Buffers: shared hit=13783 read=22609, temp written=49
                                                   ->  Hash Join  (cost=1.13..76617.93 rows=233984 width=4) (actual time=0.064..410.327 rows=33701 loops=1)
                                                         Hash Cond: (t.kind_id = kt.id)
                                                         Buffers: shared hit=13783 read=22609
                                                         ->  Seq Scan on title t  (cost=0.00..74315.95 rows=545963 width=8) (actual time=0.025..378.597 rows=538239 loops=1)
                                                               Filter: ((production_year <= 1990) AND (1950 < production_year))
                                                               Rows Removed by Filter: 1990073
                                                               Buffers: shared hit=13782 read=22609
                                                         ->  Hash  (cost=1.10..1.10 rows=3 width=4) (actual time=0.014..0.015 rows=3 loops=1)
                                                               Buckets: 1024  Batches: 1  Memory Usage: 9kB
                                                               Buffers: shared hit=1
                                                               ->  Seq Scan on kind_type kt  (cost=0.00..1.10 rows=3 width=4) (actual time=0.007..0.008 rows=3 loops=1)
                                                                     Filter: ((kind)::text = ANY ('{"tv series","video game","video movie"}'::text[]))
                                                                     Rows Removed by Filter: 4
                                                                     Buffers: shared hit=1
                                       ->  Index Scan using movie_id_movie_info on movie_info mi2  (cost=0.43..43.14 rows=1 width=8) (actual time=0.057..0.075 rows=1 loops=6635)
                                             Index Cond: (movie_id = t.id)
                                             Filter: ((info_type_id = 4) AND ((info)::text = ANY ('{Cantonese,English,French,German,Greek,Hindi,Italian,Malayalam,Mandarin,Spanish,Turkish}'::text[])))
                                             Rows Removed by Filter: 6
                                             Buffers: shared hit=45898 read=13032
                                 ->  Index Scan using movie_id_cast_info on cast_info ci  (cost=0.44..43.99 rows=38 width=12) (actual time=0.034..0.144 rows=13 loops=6568)
                                       Index Cond: (movie_id = t.id)
                                       Buffers: shared hit=83064 read=21469
                           ->  Hash  (cost=1.15..1.15 rows=1 width=4) (actual time=0.020..0.021 rows=1 loops=1)
                                 Buckets: 1024  Batches: 1  Memory Usage: 9kB
                                 Buffers: shared hit=1
                                 ->  Seq Scan on role_type rt  (cost=0.00..1.15 rows=1 width=4) (actual time=0.012..0.014 rows=1 loops=1)
                                       Filter: ((role)::text = 'actress'::text)
                                       Rows Removed by Filter: 11
                                       Buffers: shared hit=1
                     ->  Index Scan using name_pkey on name n  (cost=0.43..2.32 rows=1 width=4) (actual time=0.033..0.033 rows=1 loops=22797)
                           Index Cond: (id = ci.person_id)
                           Filter: ((gender)::text = 'f'::text)
                           Rows Removed by Filter: 0
                           Buffers: shared hit=81880 read=9308
 Planning:
   Buffers: shared hit=522 read=55
 Planning Time: 14.246 ms
 Execution Time: 3002.186 ms
(76 rows)

