                                                                                               QUERY PLAN                                                                                               
--------------------------------------------------------------------------------------------------------------------------------------------------------------------------------------------------------
 Aggregate  (cost=402182.22..402182.23 rows=1 width=8) (actual time=2732.718..2732.724 rows=1 loops=1)
   Buffers: shared hit=249411 read=28934
   ->  Nested Loop  (cost=13059.45..402182.22 rows=1 width=0) (actual time=104.240..2732.651 rows=107 loops=1)
         Buffers: shared hit=249411 read=28934
         ->  Hash Join  (cost=13059.02..402177.58 rows=2 width=4) (actual time=93.533..2529.614 rows=5810 loops=1)
               Hash Cond: (ci.role_id = rt.id)
               Buffers: shared hit=228609 read=26496
               ->  Nested Loop  (cost=13057.85..402176.35 rows=14 width=8) (actual time=93.358..2516.532 rows=85093 loops=1)
                     Buffers: shared hit=228608 read=26496
                     ->  Nested Loop  (cost=13057.41..402131.80 rows=1 width=12) (actual time=93.324..1686.397 rows=4898 loops=1)
                           Buffers: shared hit=139991 read=16574
                           ->  Nested Loop  (cost=13057.41..402129.38 rows=1 width=16) (actual time=93.319..1598.651 rows=4898 loops=1)
                                 Buffers: shared hit=135093 read=16574
                                 ->  Nested Loop  (cost=13057.41..402126.95 rows=1 width=20) (actual time=93.300..1513.602 rows=4898 loops=1)
                                       Buffers: shared hit=130195 read=16574
                                       ->  Hash Join  (cost=13056.97..401611.95 rows=12 width=12) (actual time=39.997..1072.297 rows=5928 loops=1)
                                             Hash Cond: (t.kind_id = kt.id)
                                             Buffers: shared hit=86629 read=9252
                                             ->  Nested Loop  (cost=13055.84..401610.70 rows=28 width=16) (actual time=39.141..1069.557 rows=6033 loops=1)
                                                   Buffers: shared hit=86628 read=9252
                                                   ->  Bitmap Heap Scan on movie_info mi2  (cost=13055.41..400296.11 rows=156 width=8) (actual time=38.249..432.577 rows=21617 loops=1)
                                                         Recheck Cond: (info_type_id = 4)
                                                         Filter: ((info)::text = ANY ('{Bengali,Hungarian,Malayalam,Mandarin,Norwegian}'::text[]))
                                                         Rows Removed by Filter: 1277372
                                                         Heap Blocks: exact=8393
                                                         Buffers: shared hit=3409 read=6003
                                                         ->  Bitmap Index Scan on info_type_id_movie_info  (cost=0.00..13055.37 rows=1221191 width=0) (actual time=36.028..36.029 rows=1298989 loops=1)
                                                               Index Cond: (info_type_id = 4)
                                                               Buffers: shared hit=1 read=1018
                                                   ->  Index Scan using title_pkey on title t  (cost=0.43..8.43 rows=1 width=8) (actual time=0.029..0.029 rows=0 loops=21617)
                                                         Index Cond: (id = mi2.movie_id)
                                                         Filter: ((production_year <= 1975) AND (1875 < production_year))
                                                         Rows Removed by Filter: 1
                                                         Buffers: shared hit=83219 read=3249
                                             ->  Hash  (cost=1.10..1.10 rows=3 width=4) (actual time=0.025..0.026 rows=3 loops=1)
                                                   Buckets: 1024  Batches: 1  Memory Usage: 9kB
                                                   Buffers: shared hit=1
                                                   ->  Seq Scan on kind_type kt  (cost=0.00..1.10 rows=3 width=4) (actual time=0.016..0.018 rows=3 loops=1)
                                                         Filter: ((kind)::text = ANY ('{episode,movie,"tv movie"}'::text[]))
                                                         Rows Removed by Filter: 4
                                                         Buffers: shared hit=1
                                       ->  Index Scan using movie_id_movie_info on movie_info mi1  (cost=0.43..42.91 rows=1 width=8) (actual time=0.070..0.074 rows=1 loops=5928)
                                             Index Cond: (movie_id = t.id)
                                             Filter: ((info_type_id = 8) AND ((info)::text = ANY ('{"Hong Kong",Hungary,India,Norway}'::text[])))
                                             Rows Removed by Filter: 7
                                             Buffers: shared hit=43566 read=7322
                                 ->  Seq Scan on info_type it1  (cost=0.00..2.41 rows=1 width=4) (actual time=0.008..0.016 rows=1 loops=4898)
                                       Filter: (id = 8)
                                       Rows Removed by Filter: 112
                                       Buffers: shared hit=4898
                           ->  Seq Scan on info_type it2  (cost=0.00..2.41 rows=1 width=4) (actual time=0.009..0.016 rows=1 loops=4898)
                                 Filter: (id = 4)
                                 Rows Removed by Filter: 112
                                 Buffers: shared hit=4898
                     ->  Index Scan using movie_id_cast_info on cast_info ci  (cost=0.44..44.17 rows=38 width=12) (actual time=0.032..0.165 rows=17 loops=4898)
                           Index Cond: (movie_id = t.id)
                           Buffers: shared hit=88617 read=9922
               ->  Hash  (cost=1.15..1.15 rows=2 width=4) (actual time=0.037..0.038 rows=2 loops=1)
                     Buckets: 1024  Batches: 1  Memory Usage: 9kB
                     Buffers: shared hit=1
                     ->  Seq Scan on role_type rt  (cost=0.00..1.15 rows=2 width=4) (actual time=0.028..0.031 rows=2 loops=1)
                           Filter: ((role)::text = ANY ('{"production designer",writer}'::text[]))
                           Rows Removed by Filter: 10
                           Buffers: shared hit=1
         ->  Index Scan using name_pkey on name n  (cost=0.43..2.32 rows=1 width=4) (actual time=0.034..0.034 rows=0 loops=5810)
               Index Cond: (id = ci.person_id)
               Filter: ((gender)::text = 'f'::text)
               Rows Removed by Filter: 1
               Buffers: shared hit=20802 read=2438
 Planning:
   Buffers: shared hit=574
 Planning Time: 12.571 ms
 Execution Time: 2733.276 ms
(73 rows)

