                                                                                               QUERY PLAN                                                                                               
--------------------------------------------------------------------------------------------------------------------------------------------------------------------------------------------------------
 Aggregate  (cost=462572.15..462572.16 rows=1 width=8) (actual time=3450.684..3450.693 rows=1 loops=1)
   Buffers: shared hit=312091 read=40376
   ->  Nested Loop  (cost=14217.01..462572.15 rows=1 width=0) (actual time=398.717..3450.684 rows=2 loops=1)
         Buffers: shared hit=312091 read=40376
         ->  Hash Join  (cost=14216.58..462569.83 rows=1 width=4) (actual time=43.954..3448.063 rows=56 loops=1)
               Hash Cond: (ci.role_id = rt.id)
               Buffers: shared hit=311934 read=40309
               ->  Nested Loop  (cost=14215.42..462568.62 rows=14 width=8) (actual time=39.183..3447.044 rows=6343 loops=1)
                     Buffers: shared hit=311933 read=40309
                     ->  Nested Loop  (cost=14214.98..462524.06 rows=1 width=12) (actual time=39.146..3347.230 rows=822 loops=1)
                           Buffers: shared hit=307123 read=36489
                           ->  Nested Loop  (cost=14214.98..462521.64 rows=1 width=16) (actual time=39.140..3333.361 rows=822 loops=1)
                                 Buffers: shared hit=306301 read=36489
                                 ->  Nested Loop  (cost=14214.98..462519.22 rows=1 width=20) (actual time=39.118..3318.898 rows=822 loops=1)
                                       Buffers: shared hit=305479 read=36489
                                       ->  Hash Join  (cost=14214.54..443269.36 rows=448 width=12) (actual time=39.040..3243.090 rows=890 loops=1)
                                             Hash Cond: (t.kind_id = kt.id)
                                             Buffers: shared hit=301069 read=33221
                                             ->  Nested Loop  (cost=14213.41..443263.82 rows=1046 width=16) (actual time=38.993..3238.396 rows=21348 loops=1)
                                                   Buffers: shared hit=301068 read=33221
                                                   ->  Bitmap Heap Scan on movie_info mi1  (cost=14212.97..401864.85 rows=5785 width=8) (actual time=37.091..558.285 rows=81843 loops=1)
                                                         Recheck Cond: (info_type_id = 8)
                                                         Filter: ((info)::text = ANY ('{Austria,Czechoslovakia,Finland,Japan,Philippines}'::text[]))
                                                         Rows Removed by Filter: 1243518
                                                         Heap Blocks: exact=7853
                                                         Buffers: shared hit=1 read=8892
                                                         ->  Bitmap Index Scan on info_type_id_movie_info  (cost=0.00..14211.52 rows=1329478 width=0) (actual time=36.060..36.061 rows=1325361 loops=1)
                                                               Index Cond: (info_type_id = 8)
                                                               Buffers: shared read=1040
                                                   ->  Memoize  (cost=0.44..7.20 rows=1 width=8) (actual time=0.032..0.032 rows=0 loops=81843)
                                                         Cache Key: mi1.movie_id
                                                         Cache Mode: logical
                                                         Hits: 494  Misses: 81349  Evictions: 0  Overflows: 0  Memory Usage: 6233kB
                                                         Buffers: shared hit=301067 read=24329
                                                         ->  Index Scan using title_pkey on title t  (cost=0.43..7.19 rows=1 width=8) (actual time=0.032..0.032 rows=0 loops=81349)
                                                               Index Cond: (id = mi1.movie_id)
                                                               Filter: ((production_year <= 1975) AND (1875 < production_year))
                                                               Rows Removed by Filter: 1
                                                               Buffers: shared hit=301067 read=24329
                                             ->  Hash  (cost=1.10..1.10 rows=3 width=4) (actual time=0.020..0.021 rows=3 loops=1)
                                                   Buckets: 1024  Batches: 1  Memory Usage: 9kB
                                                   Buffers: shared hit=1
                                                   ->  Seq Scan on kind_type kt  (cost=0.00..1.10 rows=3 width=4) (actual time=0.010..0.012 rows=3 loops=1)
                                                         Filter: ((kind)::text = ANY ('{"tv series","video game","video movie"}'::text[]))
                                                         Rows Removed by Filter: 4
                                                         Buffers: shared hit=1
                                       ->  Index Scan using movie_id_movie_info on movie_info mi2  (cost=0.43..42.96 rows=1 width=8) (actual time=0.070..0.085 rows=1 loops=890)
                                             Index Cond: (movie_id = t.id)
                                             Filter: ((info_type_id = 4) AND ((info)::text = ANY ('{Czech,Finnish,German,Japanese,Tagalog}'::text[])))
                                             Rows Removed by Filter: 6
                                             Buffers: shared hit=4410 read=3268
                                 ->  Seq Scan on info_type it1  (cost=0.00..2.41 rows=1 width=4) (actual time=0.010..0.016 rows=1 loops=822)
                                       Filter: (id = 8)
                                       Rows Removed by Filter: 112
                                       Buffers: shared hit=822
                           ->  Seq Scan on info_type it2  (cost=0.00..2.41 rows=1 width=4) (actual time=0.009..0.015 rows=1 loops=822)
                                 Filter: (id = 4)
                                 Rows Removed by Filter: 112
                                 Buffers: shared hit=822
                     ->  Index Scan using movie_id_cast_info on cast_info ci  (cost=0.44..44.17 rows=38 width=12) (actual time=0.041..0.119 rows=8 loops=822)
                           Index Cond: (movie_id = t.id)
                           Buffers: shared hit=4810 read=3820
               ->  Hash  (cost=1.15..1.15 rows=1 width=4) (actual time=0.034..0.035 rows=1 loops=1)
                     Buckets: 1024  Batches: 1  Memory Usage: 9kB
                     Buffers: shared hit=1
                     ->  Seq Scan on role_type rt  (cost=0.00..1.15 rows=1 width=4) (actual time=0.026..0.028 rows=1 loops=1)
                           Filter: ((role)::text = 'editor'::text)
                           Rows Removed by Filter: 11
                           Buffers: shared hit=1
         ->  Index Scan using name_pkey on name n  (cost=0.43..2.32 rows=1 width=4) (actual time=0.046..0.046 rows=0 loops=56)
               Index Cond: (id = ci.person_id)
               Filter: ((gender)::text = 'f'::text)
               Rows Removed by Filter: 1
               Buffers: shared hit=157 read=67
 Planning:
   Buffers: shared hit=485 read=89
 Planning Time: 13.445 ms
 Execution Time: 3452.532 ms
(78 rows)

