                                                                                               QUERY PLAN                                                                                               
--------------------------------------------------------------------------------------------------------------------------------------------------------------------------------------------------------
 Aggregate  (cost=513637.42..513637.43 rows=1 width=8) (actual time=3843.922..3843.930 rows=1 loops=1)
   Buffers: shared hit=378453 read=17784
   ->  Nested Loop  (cost=14217.57..513637.35 rows=27 width=0) (actual time=89.403..3843.870 rows=171 loops=1)
         Buffers: shared hit=378453 read=17784
         ->  Hash Join  (cost=14217.14..513542.25 rows=41 width=4) (actual time=42.335..3830.381 rows=439 loops=1)
               Hash Cond: (ci.role_id = rt.id)
               Buffers: shared hit=377024 read=17457
               ->  Nested Loop  (cost=14215.96..513540.22 rows=244 width=8) (actual time=37.686..3829.457 rows=5213 loops=1)
                     Buffers: shared hit=377023 read=17457
                     ->  Nested Loop  (cost=14215.52..512782.79 rows=17 width=12) (actual time=37.652..3760.491 rows=541 loops=1)
                           Buffers: shared hit=374099 read=13677
                           ->  Seq Scan on info_type it2  (cost=0.00..2.41 rows=1 width=4) (actual time=0.040..0.049 rows=1 loops=1)
                                 Filter: (id = 4)
                                 Rows Removed by Filter: 112
                                 Buffers: shared hit=1
                           ->  Nested Loop  (cost=14215.52..512780.21 rows=17 width=16) (actual time=37.610..3760.332 rows=541 loops=1)
                                 Buffers: shared hit=374098 read=13677
                                 ->  Seq Scan on info_type it1  (cost=0.00..2.41 rows=1 width=4) (actual time=0.009..0.020 rows=1 loops=1)
                                       Filter: (id = 8)
                                       Rows Removed by Filter: 112
                                       Buffers: shared hit=1
                                 ->  Nested Loop  (cost=14215.52..512777.63 rows=17 width=20) (actual time=37.598..3760.202 rows=541 loops=1)
                                       Buffers: shared hit=374097 read=13677
                                       ->  Hash Join  (cost=14215.09..486096.44 rows=618 width=12) (actual time=37.511..3710.504 rows=573 loops=1)
                                             Hash Cond: (t.kind_id = kt.id)
                                             Buffers: shared hit=370531 read=11931
                                             ->  Nested Loop  (cost=14213.95..486089.23 rows=1443 width=16) (actual time=37.465..3706.034 rows=20010 loops=1)
                                                   Buffers: shared hit=370530 read=11931
                                                   ->  Bitmap Heap Scan on movie_info mi1  (cost=14213.51..431978.59 rows=7979 width=8) (actual time=36.905..626.143 rows=93851 loops=1)
                                                         Recheck Cond: (info_type_id = 8)
                                                         Filter: ((info)::text = ANY ('{Australia,Belgium,India,Iran,Romania,Sweden,Taiwan}'::text[]))
                                                         Rows Removed by Filter: 1231510
                                                         Heap Blocks: exact=7853
                                                         Buffers: shared hit=4830 read=4063
                                                         ->  Bitmap Index Scan on info_type_id_movie_info  (cost=0.00..14211.52 rows=1329478 width=0) (actual time=35.923..35.923 rows=1325361 loops=1)
                                                               Index Cond: (info_type_id = 8)
                                                               Buffers: shared read=1040
                                                   ->  Memoize  (cost=0.44..6.84 rows=1 width=8) (actual time=0.032..0.032 rows=0 loops=93851)
                                                         Cache Key: mi1.movie_id
                                                         Cache Mode: logical
                                                         Hits: 459  Misses: 93392  Evictions: 0  Overflows: 0  Memory Usage: 6982kB
                                                         Buffers: shared hit=365700 read=7868
                                                         ->  Index Scan using title_pkey on title t  (cost=0.43..6.83 rows=1 width=8) (actual time=0.032..0.032 rows=0 loops=93392)
                                                               Index Cond: (id = mi1.movie_id)
                                                               Filter: ((production_year <= 1975) AND (1875 < production_year))
                                                               Rows Removed by Filter: 1
                                                               Buffers: shared hit=365700 read=7868
                                             ->  Hash  (cost=1.10..1.10 rows=3 width=4) (actual time=0.021..0.022 rows=3 loops=1)
                                                   Buckets: 1024  Batches: 1  Memory Usage: 9kB
                                                   Buffers: shared hit=1
                                                   ->  Seq Scan on kind_type kt  (cost=0.00..1.10 rows=3 width=4) (actual time=0.010..0.012 rows=3 loops=1)
                                                         Filter: ((kind)::text = ANY ('{"tv series","video game","video movie"}'::text[]))
                                                         Rows Removed by Filter: 4
                                                         Buffers: shared hit=1
                                       ->  Index Scan using movie_id_movie_info on movie_info mi2  (cost=0.43..43.16 rows=1 width=8) (actual time=0.063..0.086 rows=1 loops=573)
                                             Index Cond: (movie_id = t.id)
                                             Filter: ((info_type_id = 4) AND ((info)::text = ANY ('{Bengali,Dutch,English,French,Malayalam,Mandarin,Persian,Romanian,Swedish}'::text[])))
                                             Rows Removed by Filter: 7
                                             Buffers: shared hit=3566 read=1746
                     ->  Index Scan using movie_id_cast_info on cast_info ci  (cost=0.44..44.17 rows=38 width=12) (actual time=0.036..0.125 rows=10 loops=541)
                           Index Cond: (movie_id = t.id)
                           Buffers: shared hit=2924 read=3780
               ->  Hash  (cost=1.15..1.15 rows=2 width=4) (actual time=0.034..0.035 rows=2 loops=1)
                     Buckets: 1024  Batches: 1  Memory Usage: 9kB
                     Buffers: shared hit=1
                     ->  Seq Scan on role_type rt  (cost=0.00..1.15 rows=2 width=4) (actual time=0.026..0.028 rows=2 loops=1)
                           Filter: ((role)::text = ANY ('{"costume designer",writer}'::text[]))
                           Rows Removed by Filter: 10
                           Buffers: shared hit=1
         ->  Index Scan using name_pkey on name n  (cost=0.43..2.32 rows=1 width=4) (actual time=0.030..0.030 rows=0 loops=439)
               Index Cond: (id = ci.person_id)
               Filter: ((gender)::text = ANY ('{f,m}'::text[]))
               Rows Removed by Filter: 1
               Buffers: shared hit=1429 read=327
 Planning:
   Buffers: shared hit=529 read=45
 Planning Time: 13.579 ms
 Execution Time: 3845.946 ms
(78 rows)

