                                                                                                  QUERY PLAN                                                                                                  
--------------------------------------------------------------------------------------------------------------------------------------------------------------------------------------------------------------
 Aggregate  (cost=914391.06..914391.07 rows=1 width=8) (actual time=42691.698..42691.707 rows=1 loops=1)
   Buffers: shared hit=3953990 read=423620, temp read=9207 written=9170
   ->  Nested Loop  (cost=828800.96..914390.58 rows=193 width=0) (actual time=988.525..42690.489 rows=1896 loops=1)
         Buffers: shared hit=3953990 read=423620, temp read=9207 written=9170
         ->  Seq Scan on info_type it2  (cost=0.00..2.41 rows=1 width=4) (actual time=0.053..0.065 rows=1 loops=1)
               Filter: (id = 4)
               Rows Removed by Filter: 112
               Buffers: shared hit=1
         ->  Nested Loop  (cost=828800.96..914386.24 rows=193 width=4) (actual time=988.470..42689.729 rows=1896 loops=1)
               Buffers: shared hit=3953989 read=423620, temp read=9207 written=9170
               ->  Seq Scan on info_type it1  (cost=0.00..2.41 rows=1 width=4) (actual time=0.013..0.027 rows=1 loops=1)
                     Filter: (id = 8)
                     Rows Removed by Filter: 112
                     Buffers: shared hit=1
               ->  Nested Loop  (cost=828800.96..914381.90 rows=193 width=8) (actual time=988.456..42689.013 rows=1896 loops=1)
                     Buffers: shared hit=3953988 read=423620, temp read=9207 written=9170
                     ->  Hash Join  (cost=828800.53..912459.01 rows=829 width=12) (actual time=988.418..42294.677 rows=10659 loops=1)
                           Hash Cond: (ci.role_id = rt.id)
                           Buffers: shared hit=3914550 read=420422, temp read=9207 written=9170
                           ->  Nested Loop  (cost=828799.37..912422.52 rows=9948 width=16) (actual time=988.356..42002.718 rows=1550488 loops=1)
                                 Buffers: shared hit=3914549 read=420422, temp read=9207 written=9170
                                 ->  Nested Loop  (cost=828798.93..882096.31 rows=694 width=20) (actual time=988.329..24329.232 rows=83093 loops=1)
                                       Buffers: shared hit=2550264 read=38069, temp read=9207 written=9170
                                       ->  Nested Loop  (cost=828798.79..882056.51 rows=1619 width=24) (actual time=988.315..23968.472 rows=510514 loops=1)
                                             Join Filter: (t.id = mi1.movie_id)
                                             Buffers: shared hit=2550252 read=38069, temp read=9207 written=9170
                                             ->  Merge Join  (cost=828798.36..829667.75 rows=15035 width=16) (actual time=988.269..1792.858 rows=642504 loops=1)
                                                   Merge Cond: (mi1.movie_id = mi2.movie_id)
                                                   Buffers: shared hit=13717 read=4588, temp read=9207 written=9170
                                                   ->  Sort  (cost=392497.55..392673.68 rows=70454 width=8) (actual time=432.881..575.488 rows=761545 loops=1)
                                                         Sort Key: mi1.movie_id
                                                         Sort Method: external sort  Disk: 16456kB
                                                         Buffers: shared hit=8893, temp read=4107 written=4117
                                                         ->  Bitmap Heap Scan on movie_info mi1  (cost=14229.16..386824.45 rows=70454 width=8) (actual time=35.896..246.172 rows=761545 loops=1)
                                                               Recheck Cond: (info_type_id = 8)
                                                               Filter: ((info)::text = ANY ('{Austria,Cuba,Egypt,Germany,India,Indonesia,Israel,Romania,UK,USA}'::text[]))
                                                               Rows Removed by Filter: 563816
                                                               Heap Blocks: exact=7853
                                                               Buffers: shared hit=8893
                                                               ->  Bitmap Index Scan on info_type_id_movie_info  (cost=0.00..14211.52 rows=1329478 width=0) (actual time=34.916..34.916 rows=1325361 loops=1)
                                                                     Index Cond: (info_type_id = 8)
                                                                     Buffers: shared hit=1040
                                                   ->  Sort  (cost=436300.81..436484.19 rows=73355 width=8) (actual time=555.378..747.293 rows=946831 loops=1)
                                                         Sort Key: mi2.movie_id
                                                         Sort Method: external sort  Disk: 20200kB
                                                         Buffers: shared hit=4824 read=4588, temp read=5070 written=5053
                                                         ->  Bitmap Heap Scan on movie_info mi2  (cost=13073.71..430372.77 rows=73355 width=8) (actual time=30.491..329.945 rows=934664 loops=1)
                                                               Recheck Cond: (info_type_id = 4)
                                                               Filter: ((info)::text = ANY ('{Arabic,Bengali,English,French,Indonesian,Romanian,Spanish}'::text[]))
                                                               Rows Removed by Filter: 364325
                                                               Heap Blocks: exact=8393
                                                               Buffers: shared hit=4824 read=4588
                                                               ->  Bitmap Index Scan on info_type_id_movie_info  (cost=0.00..13055.37 rows=1221191 width=0) (actual time=29.454..29.454 rows=1298989 loops=1)
                                                                     Index Cond: (info_type_id = 4)
                                                                     Buffers: shared hit=1 read=1018
                                             ->  Index Scan using title_pkey on title t  (cost=0.43..3.47 rows=1 width=8) (actual time=0.034..0.034 rows=1 loops=642504)
                                                   Index Cond: (id = mi2.movie_id)
                                                   Filter: ((production_year <= 2015) AND (1975 < production_year))
                                                   Rows Removed by Filter: 0
                                                   Buffers: shared hit=2536535 read=33481
                                       ->  Memoize  (cost=0.14..0.16 rows=1 width=4) (actual time=0.000..0.000 rows=0 loops=510514)
                                             Cache Key: t.kind_id
                                             Cache Mode: logical
                                             Hits: 510508  Misses: 6  Evictions: 0  Overflows: 0  Memory Usage: 1kB
                                             Buffers: shared hit=12
                                             ->  Index Scan using kind_type_pkey on kind_type kt  (cost=0.13..0.15 rows=1 width=4) (actual time=0.010..0.010 rows=0 loops=6)
                                                   Index Cond: (id = t.kind_id)
                                                   Filter: ((kind)::text = ANY ('{"tv movie","tv series","video game"}'::text[]))
                                                   Rows Removed by Filter: 0
                                                   Buffers: shared hit=12
                                 ->  Index Scan using movie_id_cast_info on cast_info ci  (cost=0.44..43.32 rows=38 width=12) (actual time=0.036..0.207 rows=19 loops=83093)
                                       Index Cond: (movie_id = t.id)
                                       Buffers: shared hit=1364285 read=382353
                           ->  Hash  (cost=1.15..1.15 rows=1 width=4) (actual time=0.017..0.018 rows=1 loops=1)
                                 Buckets: 1024  Batches: 1  Memory Usage: 9kB
                                 Buffers: shared hit=1
                                 ->  Seq Scan on role_type rt  (cost=0.00..1.15 rows=1 width=4) (actual time=0.010..0.012 rows=1 loops=1)
                                       Filter: ((role)::text = 'costume designer'::text)
                                       Rows Removed by Filter: 11
                                       Buffers: shared hit=1
                     ->  Index Scan using name_pkey on name n  (cost=0.43..2.32 rows=1 width=4) (actual time=0.036..0.036 rows=0 loops=10659)
                           Index Cond: (id = ci.person_id)
                           Filter: ((gender)::text = 'f'::text)
                           Rows Removed by Filter: 1
                           Buffers: shared hit=39438 read=3198
 Planning:
   Buffers: shared hit=576 read=1
 Planning Time: 13.986 ms
 Execution Time: 42703.460 ms
(89 rows)

