                                                                                               QUERY PLAN                                                                                               
--------------------------------------------------------------------------------------------------------------------------------------------------------------------------------------------------------
 Aggregate  (cost=512008.77..512008.78 rows=1 width=8) (actual time=7243.745..7243.753 rows=1 loops=1)
   Buffers: shared hit=688685 read=59969
   ->  Nested Loop  (cost=13062.11..512008.74 rows=9 width=0) (actual time=38.994..7243.349 rows=1407 loops=1)
         Buffers: shared hit=688685 read=59969
         ->  Hash Join  (cost=13061.68..511976.27 rows=14 width=4) (actual time=38.948..7129.714 rows=3171 loops=1)
               Hash Cond: (ci.role_id = rt.id)
               Buffers: shared hit=678376 read=57594
               ->  Nested Loop  (cost=13060.51..511974.79 rows=86 width=8) (actual time=38.694..7123.348 rows=34571 loops=1)
                     Buffers: shared hit=678375 read=57594
                     ->  Nested Loop  (cost=13060.07..511708.55 rows=6 width=12) (actual time=38.652..6693.676 rows=3253 loops=1)
                           Buffers: shared hit=645487 read=46581
                           ->  Seq Scan on info_type it2  (cost=0.00..2.41 rows=1 width=4) (actual time=0.031..0.041 rows=1 loops=1)
                                 Filter: (id = 4)
                                 Rows Removed by Filter: 112
                                 Buffers: shared hit=1
                           ->  Nested Loop  (cost=13060.07..511706.08 rows=6 width=16) (actual time=38.620..6692.865 rows=3253 loops=1)
                                 Buffers: shared hit=645486 read=46581
                                 ->  Seq Scan on info_type it1  (cost=0.00..2.41 rows=1 width=4) (actual time=0.009..0.020 rows=1 loops=1)
                                       Filter: (id = 8)
                                       Rows Removed by Filter: 112
                                       Buffers: shared hit=1
                                 ->  Nested Loop  (cost=13060.07..511703.60 rows=6 width=20) (actual time=38.607..6692.105 rows=3253 loops=1)
                                       Buffers: shared hit=645485 read=46581
                                       ->  Hash Join  (cost=13059.63..468934.65 rows=997 width=12) (actual time=38.552..6348.864 rows=4629 loops=1)
                                             Hash Cond: (t.kind_id = kt.id)
                                             Buffers: shared hit=615208 read=38349
                                             ->  Nested Loop  (cost=13058.50..468923.72 rows=2325 width=16) (actual time=38.508..6338.680 rows=39815 loops=1)
                                                   Buffers: shared hit=615207 read=38349
                                                   ->  Bitmap Heap Scan on movie_info mi2  (cost=13058.06..400298.76 rows=10768 width=8) (actual time=38.464..632.722 rows=162603 loops=1)
                                                         Recheck Cond: (info_type_id = 4)
                                                         Filter: ((info)::text = ANY ('{Hindi,Italian,Portuguese,Spanish,Tagalog}'::text[]))
                                                         Rows Removed by Filter: 1136386
                                                         Heap Blocks: exact=8393
                                                         Buffers: shared hit=1 read=9411
                                                         ->  Bitmap Index Scan on info_type_id_movie_info  (cost=0.00..13055.37 rows=1221191 width=0) (actual time=36.120..36.120 rows=1298989 loops=1)
                                                               Index Cond: (info_type_id = 4)
                                                               Buffers: shared read=1019
                                                   ->  Memoize  (cost=0.44..6.45 rows=1 width=8) (actual time=0.035..0.035 rows=0 loops=162603)
                                                         Cache Key: mi2.movie_id
                                                         Cache Mode: logical
                                                         Hits: 1567  Misses: 161036  Evictions: 52602  Overflows: 0  Memory Usage: 8193kB
                                                         Buffers: shared hit=615206 read=28938
                                                         ->  Index Scan using title_pkey on title t  (cost=0.43..6.44 rows=1 width=8) (actual time=0.034..0.034 rows=0 loops=161036)
                                                               Index Cond: (id = mi2.movie_id)
                                                               Filter: ((production_year <= 1990) AND (1950 < production_year))
                                                               Rows Removed by Filter: 1
                                                               Buffers: shared hit=615206 read=28938
                                             ->  Hash  (cost=1.10..1.10 rows=3 width=4) (actual time=0.020..0.022 rows=3 loops=1)
                                                   Buckets: 1024  Batches: 1  Memory Usage: 9kB
                                                   Buffers: shared hit=1
                                                   ->  Seq Scan on kind_type kt  (cost=0.00..1.10 rows=3 width=4) (actual time=0.009..0.011 rows=3 loops=1)
                                                         Filter: ((kind)::text = ANY ('{"tv series","video game","video movie"}'::text[]))
                                                         Rows Removed by Filter: 4
                                                         Buffers: shared hit=1
                                       ->  Index Scan using movie_id_movie_info on movie_info mi1  (cost=0.43..42.89 rows=1 width=8) (actual time=0.067..0.073 rows=1 loops=4629)
                                             Index Cond: (movie_id = t.id)
                                             Filter: ((info_type_id = 8) AND ((info)::text = ANY ('{Argentina,Brazil,India,Italy,Philippines,Spain}'::text[])))
                                             Rows Removed by Filter: 6
                                             Buffers: shared hit=30277 read=8232
                     ->  Index Scan using movie_id_cast_info on cast_info ci  (cost=0.44..43.99 rows=38 width=12) (actual time=0.034..0.129 rows=11 loops=3253)
                           Index Cond: (movie_id = t.id)
                           Buffers: shared hit=32888 read=11013
               ->  Hash  (cost=1.15..1.15 rows=2 width=4) (actual time=0.042..0.042 rows=2 loops=1)
                     Buckets: 1024  Batches: 1  Memory Usage: 9kB
                     Buffers: shared hit=1
                     ->  Seq Scan on role_type rt  (cost=0.00..1.15 rows=2 width=4) (actual time=0.032..0.035 rows=2 loops=1)
                           Filter: ((role)::text = ANY ('{"production designer",writer}'::text[]))
                           Rows Removed by Filter: 10
                           Buffers: shared hit=1
         ->  Index Scan using name_pkey on name n  (cost=0.43..2.32 rows=1 width=4) (actual time=0.035..0.035 rows=0 loops=3171)
               Index Cond: (id = ci.person_id)
               Filter: ((gender)::text = ANY ('{f,m}'::text[]))
               Rows Removed by Filter: 1
               Buffers: shared hit=10309 read=2375
 Planning:
   Buffers: shared hit=486 read=88
 Planning Time: 13.818 ms
 Execution Time: 7246.347 ms
(78 rows)

