                                                                                                  QUERY PLAN                                                                                                  
--------------------------------------------------------------------------------------------------------------------------------------------------------------------------------------------------------------
 Aggregate  (cost=895296.60..895296.61 rows=1 width=8) (actual time=52139.697..52139.706 rows=1 loops=1)
   Buffers: shared hit=4784260 read=559726, temp read=9069 written=9028
   ->  Nested Loop  (cost=813528.13..895296.14 rows=185 width=0) (actual time=947.387..52136.268 rows=8015 loops=1)
         Buffers: shared hit=4784260 read=559726, temp read=9069 written=9028
         ->  Seq Scan on info_type it2  (cost=0.00..2.41 rows=1 width=4) (actual time=0.034..0.045 rows=1 loops=1)
               Filter: (id = 4)
               Rows Removed by Filter: 112
               Buffers: shared hit=1
         ->  Nested Loop  (cost=813528.13..895291.88 rows=185 width=4) (actual time=947.352..52134.007 rows=8015 loops=1)
               Buffers: shared hit=4784259 read=559726, temp read=9069 written=9028
               ->  Seq Scan on info_type it1  (cost=0.00..2.41 rows=1 width=4) (actual time=0.007..0.020 rows=1 loops=1)
                     Filter: (id = 8)
                     Rows Removed by Filter: 112
                     Buffers: shared hit=1
               ->  Nested Loop  (cost=813528.13..895287.62 rows=185 width=8) (actual time=947.344..52131.422 rows=8015 loops=1)
                     Buffers: shared hit=4784258 read=559726, temp read=9069 written=9028
                     ->  Hash Join  (cost=813527.70..893441.28 rows=796 width=12) (actual time=945.453..48252.535 rows=100575 loops=1)
                           Hash Cond: (ci.role_id = rt.id)
                           Buffers: shared hit=4441579 read=500105, temp read=9069 written=9028
                           ->  Nested Loop  (cost=813526.54..893406.20 rows=9546 width=16) (actual time=945.237..47895.326 rows=1762474 loops=1)
                                 Buffers: shared hit=4441578 read=500105, temp read=9069 written=9028
                                 ->  Nested Loop  (cost=813526.10..864303.53 rows=666 width=20) (actual time=945.210..27598.301 rows=96474 loops=1)
                                       Buffers: shared hit=2905662 read=43143, temp read=9069 written=9028
                                       ->  Nested Loop  (cost=813525.96..864265.29 rows=1554 width=24) (actual time=945.191..27185.910 rows=580015 loops=1)
                                             Buffers: shared hit=2905652 read=43141, temp read=9069 written=9028
                                             ->  Merge Join  (cost=813525.53..814374.93 rows=14426 width=16) (actual time=945.147..1792.172 rows=732622 loops=1)
                                                   Merge Cond: (mi1.movie_id = mi2.movie_id)
                                                   Buffers: shared hit=9151 read=9154, temp read=9069 written=9028
                                                   ->  Sort  (cost=392826.70..393012.16 rows=74187 width=8) (actual time=458.933..614.108 rows=810226 loops=1)
                                                         Sort Key: mi1.movie_id
                                                         Sort Method: external sort  Disk: 17512kB
                                                         Buffers: shared hit=986 read=7907, temp read=4370 written=4381
                                                         ->  Bitmap Heap Scan on movie_info mi1  (cost=14230.09..386825.38 rows=74187 width=8) (actual time=35.862..261.732 rows=810227 loops=1)
                                                               Recheck Cond: (info_type_id = 8)
                                                               Filter: ((info)::text = ANY ('{Australia,France,India,Iran,Ireland,Norway,Sweden,UK,USA}'::text[]))
                                                               Rows Removed by Filter: 515134
                                                               Heap Blocks: exact=7853
                                                               Buffers: shared hit=986 read=7907
                                                               ->  Bitmap Index Scan on info_type_id_movie_info  (cost=0.00..14211.52 rows=1329478 width=0) (actual time=34.888..34.889 rows=1325361 loops=1)
                                                                     Index Cond: (info_type_id = 8)
                                                                     Buffers: shared hit=1 read=1039
                                                   ->  Sort  (cost=420698.83..420865.94 rows=66842 width=8) (actual time=486.205..676.144 rows=874423 loops=1)
                                                         Sort Key: mi2.movie_id
                                                         Sort Method: external sort  Disk: 18576kB
                                                         Buffers: shared hit=8165 read=1247, temp read=4667 written=4647
                                                         ->  Bitmap Heap Scan on movie_info mi2  (cost=13072.08..415341.96 rows=66842 width=8) (actual time=30.759..279.038 rows=859510 loops=1)
                                                               Recheck Cond: (info_type_id = 4)
                                                               Filter: ((info)::text = ANY ('{English,French,Hindi,Norwegian,Persian,Swedish}'::text[]))
                                                               Rows Removed by Filter: 439479
                                                               Heap Blocks: exact=8393
                                                               Buffers: shared hit=8165 read=1247
                                                               ->  Bitmap Index Scan on info_type_id_movie_info  (cost=0.00..13055.37 rows=1221191 width=0) (actual time=29.725..29.726 rows=1298989 loops=1)
                                                                     Index Cond: (info_type_id = 4)
                                                                     Buffers: shared hit=1 read=1018
                                             ->  Index Scan using title_pkey on title t  (cost=0.43..3.46 rows=1 width=8) (actual time=0.034..0.034 rows=1 loops=732622)
                                                   Index Cond: (id = mi1.movie_id)
                                                   Filter: ((production_year <= 2015) AND (1975 < production_year))
                                                   Rows Removed by Filter: 0
                                                   Buffers: shared hit=2896501 read=33987
                                       ->  Memoize  (cost=0.14..0.16 rows=1 width=4) (actual time=0.000..0.000 rows=0 loops=580015)
                                             Cache Key: t.kind_id
                                             Cache Mode: logical
                                             Hits: 580009  Misses: 6  Evictions: 0  Overflows: 0  Memory Usage: 1kB
                                             Buffers: shared hit=10 read=2
                                             ->  Index Scan using kind_type_pkey on kind_type kt  (cost=0.13..0.15 rows=1 width=4) (actual time=0.013..0.013 rows=0 loops=6)
                                                   Index Cond: (id = t.kind_id)
                                                   Filter: ((kind)::text = ANY ('{"tv movie","tv series","video game"}'::text[]))
                                                   Rows Removed by Filter: 0
                                                   Buffers: shared hit=10 read=2
                                 ->  Index Scan using movie_id_cast_info on cast_info ci  (cost=0.44..43.32 rows=38 width=12) (actual time=0.036..0.205 rows=18 loops=96474)
                                       Index Cond: (movie_id = t.id)
                                       Buffers: shared hit=1535916 read=456962
                           ->  Hash  (cost=1.15..1.15 rows=1 width=4) (actual time=0.012..0.013 rows=1 loops=1)
                                 Buckets: 1024  Batches: 1  Memory Usage: 9kB
                                 Buffers: shared hit=1
                                 ->  Seq Scan on role_type rt  (cost=0.00..1.15 rows=1 width=4) (actual time=0.007..0.008 rows=1 loops=1)
                                       Filter: ((role)::text = 'writer'::text)
                                       Rows Removed by Filter: 11
                                       Buffers: shared hit=1
                     ->  Index Scan using name_pkey on name n  (cost=0.43..2.32 rows=1 width=4) (actual time=0.038..0.038 rows=0 loops=100575)
                           Index Cond: (id = ci.person_id)
                           Filter: ((gender)::text = 'f'::text)
                           Rows Removed by Filter: 1
                           Buffers: shared hit=342679 read=59621
 Planning:
   Buffers: shared hit=576 read=1
 Planning Time: 12.854 ms
 Execution Time: 52151.233 ms
(88 rows)

