                                                                                            QUERY PLAN                                                                                            
--------------------------------------------------------------------------------------------------------------------------------------------------------------------------------------------------
 Aggregate  (cost=694752.47..694752.48 rows=1 width=8) (actual time=2096.941..2096.948 rows=1 loops=1)
   Buffers: shared hit=91225 read=74565, temp read=1246 written=1246
   ->  Nested Loop  (cost=93690.15..694751.94 rows=213 width=0) (actual time=683.106..2096.611 rows=2014 loops=1)
         Buffers: shared hit=91225 read=74565, temp read=1246 written=1246
         ->  Hash Join  (cost=93689.72..693993.45 rows=327 width=4) (actual time=680.118..1945.609 rows=4848 loops=1)
               Hash Cond: (ci.role_id = rt.id)
               Buffers: shared hit=74419 read=71979, temp read=1246 written=1246
               ->  Nested Loop  (cost=93688.54..693985.30 rows=1964 width=8) (actual time=679.081..1940.191 rows=36992 loops=1)
                     Buffers: shared hit=74418 read=71979, temp read=1246 written=1246
                     ->  Nested Loop  (cost=93688.10..687881.35 rows=137 width=12) (actual time=679.050..1483.919 rows=4541 loops=1)
                           Buffers: shared hit=40852 read=56488, temp read=1246 written=1246
                           ->  Seq Scan on info_type it2  (cost=0.00..2.41 rows=1 width=4) (actual time=0.026..0.031 rows=1 loops=1)
                                 Filter: (id = 4)
                                 Rows Removed by Filter: 112
                                 Buffers: shared hit=1
                           ->  Nested Loop  (cost=93688.10..687877.57 rows=137 width=16) (actual time=679.023..1483.134 rows=4541 loops=1)
                                 Buffers: shared hit=40851 read=56488, temp read=1246 written=1246
                                 ->  Seq Scan on info_type it1  (cost=0.00..2.41 rows=1 width=4) (actual time=0.006..0.014 rows=1 loops=1)
                                       Filter: (id = 8)
                                       Rows Removed by Filter: 112
                                       Buffers: shared hit=1
                                 ->  Nested Loop  (cost=93688.10..687873.79 rows=137 width=20) (actual time=679.013..1482.400 rows=4541 loops=1)
                                       Buffers: shared hit=40850 read=56488, temp read=1246 written=1246
                                       ->  Hash Join  (cost=93687.67..467860.12 rows=5090 width=12) (actual time=678.931..1057.133 rows=4884 loops=1)
                                             Hash Cond: (mi1.movie_id = t.id)
                                             Buffers: shared hit=5827 read=39458, temp read=1246 written=1246
                                             ->  Bitmap Heap Scan on movie_info mi1  (cost=14227.96..386823.26 rows=65668 width=8) (actual time=36.973..267.435 rows=718270 loops=1)
                                                   Recheck Cond: (info_type_id = 8)
                                                   Filter: ((info)::text = ANY ('{Australia,Belgium,Canada,Egypt,"Hong Kong",Hungary,India,Italy,Norway,Romania,USA}'::text[]))
                                                   Rows Removed by Filter: 607091
                                                   Heap Blocks: exact=7853
                                                   Buffers: shared hit=2 read=8891
                                                   ->  Bitmap Index Scan on info_type_id_movie_info  (cost=0.00..14211.52 rows=1329478 width=0) (actual time=35.978..35.978 rows=1325361 loops=1)
                                                         Index Cond: (info_type_id = 8)
                                                         Buffers: shared read=1040
                                             ->  Hash  (cost=76244.10..76244.10 rows=195968 width=4) (actual time=640.678..640.681 rows=11843 loops=1)
                                                   Buckets: 262144  Batches: 2  Memory Usage: 2260kB
                                                   Buffers: shared hit=5825 read=30567, temp written=17
                                                   ->  Hash Join  (cost=1.13..76244.10 rows=195968 width=4) (actual time=0.130..636.778 rows=11843 loops=1)
                                                         Hash Cond: (t.kind_id = kt.id)
                                                         Buffers: shared hit=5825 read=30567
                                                         ->  Seq Scan on title t  (cost=0.00..74315.95 rows=457258 width=8) (actual time=0.023..576.619 rows=451569 loops=1)
                                                               Filter: ((production_year <= 1975) AND (1875 < production_year))
                                                               Rows Removed by Filter: 2076743
                                                               Buffers: shared hit=5824 read=30567
                                                         ->  Hash  (cost=1.10..1.10 rows=3 width=4) (actual time=0.014..0.015 rows=3 loops=1)
                                                               Buckets: 1024  Batches: 1  Memory Usage: 9kB
                                                               Buffers: shared hit=1
                                                               ->  Seq Scan on kind_type kt  (cost=0.00..1.10 rows=3 width=4) (actual time=0.007..0.008 rows=3 loops=1)
                                                                     Filter: ((kind)::text = ANY ('{"tv series","video game","video movie"}'::text[]))
                                                                     Rows Removed by Filter: 4
                                                                     Buffers: shared hit=1
                                       ->  Index Scan using movie_id_movie_info on movie_info mi2  (cost=0.43..43.21 rows=1 width=8) (actual time=0.058..0.087 rows=1 loops=4884)
                                             Index Cond: (movie_id = t.id)
                                             Filter: ((info_type_id = 4) AND ((info)::text = ANY ('{Arabic,Dutch,English,French,Hungarian,Mandarin,Norwegian,Romanian,Tamil,Telugu}'::text[])))
                                             Rows Removed by Filter: 11
                                             Buffers: shared hit=35023 read=17030
                     ->  Index Scan using movie_id_cast_info on cast_info ci  (cost=0.44..44.17 rows=38 width=12) (actual time=0.031..0.099 rows=8 loops=4541)
                           Index Cond: (movie_id = t.id)
                           Buffers: shared hit=33566 read=15491
               ->  Hash  (cost=1.15..1.15 rows=2 width=4) (actual time=0.033..0.034 rows=2 loops=1)
                     Buckets: 1024  Batches: 1  Memory Usage: 9kB
                     Buffers: shared hit=1
                     ->  Seq Scan on role_type rt  (cost=0.00..1.15 rows=2 width=4) (actual time=0.025..0.027 rows=2 loops=1)
                           Filter: ((role)::text = ANY ('{editor,writer}'::text[]))
                           Rows Removed by Filter: 10
                           Buffers: shared hit=1
         ->  Index Scan using name_pkey on name n  (cost=0.43..2.32 rows=1 width=4) (actual time=0.031..0.031 rows=0 loops=4848)
               Index Cond: (id = ci.person_id)
               Filter: ((gender)::text = ANY ('{f,m}'::text[]))
               Rows Removed by Filter: 1
               Buffers: shared hit=16806 read=2586
 Planning:
   Buffers: shared hit=487 read=90
 Planning Time: 14.036 ms
 Execution Time: 2097.417 ms
(76 rows)

