                                                                                            QUERY PLAN                                                                                            
--------------------------------------------------------------------------------------------------------------------------------------------------------------------------------------------------
 Aggregate  (cost=573655.28..573655.29 rows=1 width=8) (actual time=1902.247..1902.257 rows=1 loops=1)
   Buffers: shared hit=109205 read=65994, temp read=455 written=455
   ->  Nested Loop  (cost=93518.43..573655.26 rows=9 width=0) (actual time=447.124..1902.145 rows=374 loops=1)
         Buffers: shared hit=109205 read=65994, temp read=455 written=455
         ->  Hash Join  (cost=93518.00..573604.23 rows=22 width=4) (actual time=441.240..1833.116 rows=2093 loops=1)
               Hash Cond: (ci.role_id = rt.id)
               Buffers: shared hit=103120 read=63707, temp read=455 written=455
               ->  Nested Loop  (cost=93516.82..573602.59 rows=129 width=8) (actual time=439.421..1827.272 rows=44323 loops=1)
                     Buffers: shared hit=103119 read=63707, temp read=455 written=455
                     ->  Nested Loop  (cost=93516.38..573203.22 rows=9 width=12) (actual time=439.391..1308.241 rows=5452 loops=1)
                           Buffers: shared hit=62160 read=44920, temp read=455 written=455
                           ->  Seq Scan on info_type it2  (cost=0.00..2.41 rows=1 width=4) (actual time=0.026..0.035 rows=1 loops=1)
                                 Filter: (id = 4)
                                 Rows Removed by Filter: 112
                                 Buffers: shared hit=1
                           ->  Nested Loop  (cost=93516.38..573200.72 rows=9 width=16) (actual time=439.363..1307.290 rows=5452 loops=1)
                                 Buffers: shared hit=62159 read=44920, temp read=455 written=455
                                 ->  Seq Scan on info_type it1  (cost=0.00..2.41 rows=1 width=4) (actual time=0.007..0.017 rows=1 loops=1)
                                       Filter: (id = 8)
                                       Rows Removed by Filter: 112
                                       Buffers: shared hit=1
                                 ->  Nested Loop  (cost=93516.38..573198.22 rows=9 width=20) (actual time=439.353..1306.327 rows=5452 loops=1)
                                       Buffers: shared hit=62158 read=44920, temp read=455 written=455
                                       ->  Hash Join  (cost=93515.95..511923.00 rows=1425 width=12) (actual time=439.287..844.767 rows=6985 loops=1)
                                             Hash Cond: (mi2.movie_id = t.id)
                                             Buffers: shared hit=8753 read=37051, temp read=455 written=455
                                             ->  Bitmap Heap Scan on movie_info mi2  (cost=13059.22..430358.28 rows=15399 width=8) (actual time=38.739..382.104 rows=236630 loops=1)
                                                   Recheck Cond: (info_type_id = 4)
                                                   Filter: ((info)::text = ANY ('{Filipino,Finnish,German,Hindi,Japanese,Mandarin,Spanish}'::text[]))
                                                   Rows Removed by Filter: 1062359
                                                   Heap Blocks: exact=8393
                                                   Buffers: shared hit=1696 read=7716
                                                   ->  Bitmap Index Scan on info_type_id_movie_info  (cost=0.00..13055.37 rows=1221191 width=0) (actual time=36.241..36.241 rows=1298989 loops=1)
                                                         Index Cond: (info_type_id = 4)
                                                         Buffers: shared hit=1 read=1018
                                             ->  Hash  (cost=76617.93..76617.93 rows=233984 width=4) (actual time=399.453..399.457 rows=33701 loops=1)
                                                   Buckets: 262144  Batches: 2  Memory Usage: 2644kB
                                                   Buffers: shared hit=7057 read=29335, temp written=49
                                                   ->  Hash Join  (cost=1.13..76617.93 rows=233984 width=4) (actual time=0.054..392.648 rows=33701 loops=1)
                                                         Hash Cond: (t.kind_id = kt.id)
                                                         Buffers: shared hit=7057 read=29335
                                                         ->  Seq Scan on title t  (cost=0.00..74315.95 rows=545963 width=8) (actual time=0.023..360.722 rows=538239 loops=1)
                                                               Filter: ((production_year <= 1990) AND (1950 < production_year))
                                                               Rows Removed by Filter: 1990073
                                                               Buffers: shared hit=7056 read=29335
                                                         ->  Hash  (cost=1.10..1.10 rows=3 width=4) (actual time=0.014..0.015 rows=3 loops=1)
                                                               Buckets: 1024  Batches: 1  Memory Usage: 9kB
                                                               Buffers: shared hit=1
                                                               ->  Seq Scan on kind_type kt  (cost=0.00..1.10 rows=3 width=4) (actual time=0.006..0.008 rows=3 loops=1)
                                                                     Filter: ((kind)::text = ANY ('{"tv series","video game","video movie"}'::text[]))
                                                                     Rows Removed by Filter: 4
                                                                     Buffers: shared hit=1
                                       ->  Index Scan using movie_id_movie_info on movie_info mi1  (cost=0.43..42.99 rows=1 width=8) (actual time=0.058..0.066 rows=1 loops=6985)
                                             Index Cond: (movie_id = t.id)
                                             Filter: ((info_type_id = 8) AND ((info)::text = ANY ('{Argentina,Finland,"Hong Kong",India,Japan,Philippines,Spain,"West Germany"}'::text[])))
                                             Rows Removed by Filter: 7
                                             Buffers: shared hit=53405 read=7869
                     ->  Index Scan using movie_id_cast_info on cast_info ci  (cost=0.44..43.99 rows=38 width=12) (actual time=0.030..0.093 rows=8 loops=5452)
                           Index Cond: (movie_id = t.id)
                           Buffers: shared hit=40959 read=18787
               ->  Hash  (cost=1.15..1.15 rows=2 width=4) (actual time=0.030..0.031 rows=2 loops=1)
                     Buckets: 1024  Batches: 1  Memory Usage: 9kB
                     Buffers: shared hit=1
                     ->  Seq Scan on role_type rt  (cost=0.00..1.15 rows=2 width=4) (actual time=0.023..0.025 rows=2 loops=1)
                           Filter: ((role)::text = ANY ('{cinematographer,"miscellaneous crew"}'::text[]))
                           Rows Removed by Filter: 10
                           Buffers: shared hit=1
         ->  Index Scan using name_pkey on name n  (cost=0.43..2.32 rows=1 width=4) (actual time=0.033..0.033 rows=0 loops=2093)
               Index Cond: (id = ci.person_id)
               Filter: ((gender)::text = 'm'::text)
               Rows Removed by Filter: 1
               Buffers: shared hit=6085 read=2287
 Planning:
   Buffers: shared hit=574
 Planning Time: 13.313 ms
 Execution Time: 1902.782 ms
(76 rows)

