                                                                                               QUERY PLAN                                                                                               
--------------------------------------------------------------------------------------------------------------------------------------------------------------------------------------------------------
 Aggregate  (cost=649249.97..649249.98 rows=1 width=8) (actual time=16087.482..16087.489 rows=1 loops=1)
   Buffers: shared hit=1403259 read=259937
   ->  Nested Loop  (cost=14217.67..649249.62 rows=141 width=0) (actual time=46.508..16086.209 rows=2949 loops=1)
         Buffers: shared hit=1403259 read=259937
         ->  Hash Join  (cost=14217.24..648746.28 rows=217 width=4) (actual time=46.469..15695.825 rows=10651 loops=1)
               Hash Cond: (ci.role_id = rt.id)
               Buffers: shared hit=1365031 read=255561
               ->  Nested Loop  (cost=14216.06..648740.47 rows=1304 width=8) (actual time=39.203..15600.937 rows=551482 loops=1)
                     Buffers: shared hit=1365030 read=255561
                     ->  Nested Loop  (cost=14215.62..644767.44 rows=91 width=12) (actual time=39.176..9557.771 rows=27707 loops=1)
                           Buffers: shared hit=884606 read=112938
                           ->  Seq Scan on info_type it2  (cost=0.00..2.41 rows=1 width=4) (actual time=0.032..0.042 rows=1 loops=1)
                                 Filter: (id = 4)
                                 Rows Removed by Filter: 112
                                 Buffers: shared hit=1
                           ->  Nested Loop  (cost=14215.62..644764.12 rows=91 width=16) (actual time=39.142..9550.800 rows=27707 loops=1)
                                 Buffers: shared hit=884605 read=112938
                                 ->  Seq Scan on info_type it1  (cost=0.00..2.41 rows=1 width=4) (actual time=0.009..0.019 rows=1 loops=1)
                                       Filter: (id = 8)
                                       Rows Removed by Filter: 112
                                       Buffers: shared hit=1
                                 ->  Nested Loop  (cost=14215.62..644760.80 rows=91 width=20) (actual time=39.130..9544.057 rows=27707 loops=1)
                                       Buffers: shared hit=884604 read=112938
                                       ->  Hash Join  (cost=14215.19..503312.47 rows=3343 width=12) (actual time=38.621..4065.845 rows=62811 loops=1)
                                             Hash Cond: (t.kind_id = kt.id)
                                             Buffers: shared hit=334931 read=37843
                                             ->  Nested Loop  (cost=14214.05..503278.47 rows=7800 width=16) (actual time=38.321..4032.562 rows=84156 loops=1)
                                                   Buffers: shared hit=334930 read=37843
                                                   ->  Bitmap Heap Scan on movie_info mi1  (cost=14213.61..447035.28 rows=8368 width=8) (actual time=38.282..723.039 rows=91886 loops=1)
                                                         Recheck Cond: (info_type_id = 8)
                                                         Filter: ((info)::text = ANY ('{Albania,Cuba,Denmark,Georgia,Germany,Israel,Mexico,Venezuela}'::text[]))
                                                         Rows Removed by Filter: 1233475
                                                         Heap Blocks: exact=7853
                                                         Buffers: shared hit=1466 read=7427
                                                         ->  Bitmap Index Scan on info_type_id_movie_info  (cost=0.00..14211.52 rows=1329478 width=0) (actual time=37.254..37.254 rows=1325361 loops=1)
                                                               Index Cond: (info_type_id = 8)
                                                               Buffers: shared hit=1 read=1039
                                                   ->  Memoize  (cost=0.44..6.78 rows=1 width=8) (actual time=0.035..0.035 rows=1 loops=91886)
                                                         Cache Key: mi1.movie_id
                                                         Cache Mode: logical
                                                         Hits: 916  Misses: 90970  Evictions: 10458  Overflows: 0  Memory Usage: 8193kB
                                                         Buffers: shared hit=333464 read=30416
                                                         ->  Index Scan using title_pkey on title t  (cost=0.43..6.77 rows=1 width=8) (actual time=0.034..0.034 rows=1 loops=90970)
                                                               Index Cond: (id = mi1.movie_id)
                                                               Filter: ((production_year <= 2015) AND (1925 < production_year))
                                                               Rows Removed by Filter: 0
                                                               Buffers: shared hit=333464 read=30416
                                             ->  Hash  (cost=1.10..1.10 rows=3 width=4) (actual time=0.014..0.015 rows=3 loops=1)
                                                   Buckets: 1024  Batches: 1  Memory Usage: 9kB
                                                   Buffers: shared hit=1
                                                   ->  Seq Scan on kind_type kt  (cost=0.00..1.10 rows=3 width=4) (actual time=0.008..0.010 rows=3 loops=1)
                                                         Filter: ((kind)::text = ANY ('{episode,movie,"video movie"}'::text[]))
                                                         Rows Removed by Filter: 4
                                                         Buffers: shared hit=1
                                       ->  Index Scan using movie_id_movie_info on movie_info mi2  (cost=0.43..42.30 rows=1 width=8) (actual time=0.062..0.087 rows=0 loops=62811)
                                             Index Cond: (movie_id = t.id)
                                             Filter: ((info_type_id = 4) AND ((info)::text = ANY ('{Albanian,English,Georgian,Spanish}'::text[])))
                                             Rows Removed by Filter: 11
                                             Buffers: shared hit=549673 read=75095
                     ->  Index Scan using movie_id_cast_info on cast_info ci  (cost=0.44..43.28 rows=38 width=12) (actual time=0.037..0.213 rows=20 loops=27707)
                           Index Cond: (movie_id = t.id)
                           Buffers: shared hit=480424 read=142623
               ->  Hash  (cost=1.15..1.15 rows=2 width=4) (actual time=0.035..0.035 rows=2 loops=1)
                     Buckets: 1024  Batches: 1  Memory Usage: 9kB
                     Buffers: shared hit=1
                     ->  Seq Scan on role_type rt  (cost=0.00..1.15 rows=2 width=4) (actual time=0.027..0.029 rows=2 loops=1)
                           Filter: ((role)::text = ANY ('{"costume designer","production designer"}'::text[]))
                           Rows Removed by Filter: 10
                           Buffers: shared hit=1
         ->  Index Scan using name_pkey on name n  (cost=0.43..2.32 rows=1 width=4) (actual time=0.036..0.036 rows=0 loops=10651)
               Index Cond: (id = ci.person_id)
               Filter: ((gender)::text = ANY ('{f,m}'::text[]))
               Rows Removed by Filter: 1
               Buffers: shared hit=38228 read=4376
 Planning:
   Buffers: shared hit=574
 Planning Time: 14.182 ms
 Execution Time: 16089.808 ms
(78 rows)

