                                                                                                  QUERY PLAN                                                                                                  
--------------------------------------------------------------------------------------------------------------------------------------------------------------------------------------------------------------
 Aggregate  (cost=913184.60..913184.61 rows=1 width=8) (actual time=54588.311..54588.320 rows=1 loops=1)
   Buffers: shared hit=5040784 read=592412, temp read=7275 written=7185
   ->  Nested Loop  (cost=829057.89..913182.17 rows=970 width=0) (actual time=938.044..54569.489 rows=90922 loops=1)
         Buffers: shared hit=5040784 read=592412, temp read=7275 written=7185
         ->  Hash Join  (cost=829057.46..909730.73 rows=1488 width=4) (actual time=937.844..42667.156 rows=324818 loops=1)
               Hash Cond: (ci.role_id = rt.id)
               Buffers: shared hit=3842348 read=491576, temp read=7275 written=7185
               ->  Nested Loop  (cost=829056.29..909697.83 rows=8930 width=8) (actual time=937.737..42322.809 rows=1440066 loops=1)
                     Buffers: shared hit=3842347 read=491576, temp read=7275 written=7185
                     ->  Nested Loop  (cost=829055.85..882450.59 rows=623 width=12) (actual time=937.713..25591.742 rows=75748 loops=1)
                           Buffers: shared hit=2661616 read=54147, temp read=7275 written=7185
                           ->  Nested Loop  (cost=829055.85..882440.38 rows=623 width=16) (actual time=937.703..25537.905 rows=75748 loops=1)
                                 Buffers: shared hit=2661615 read=54147, temp read=7275 written=7185
                                 ->  Nested Loop  (cost=829055.85..882430.18 rows=623 width=20) (actual time=937.689..25485.728 rows=75748 loops=1)
                                       Buffers: shared hit=2661614 read=54147, temp read=7275 written=7185
                                       ->  Nested Loop  (cost=829055.71..882394.35 rows=1453 width=24) (actual time=937.673..25147.352 rows=482293 loops=1)
                                             Join Filter: (t.id = mi1.movie_id)
                                             Buffers: shared hit=2661604 read=54145, temp read=7275 written=7185
                                             ->  Merge Join  (cost=829055.28..829943.74 rows=15510 width=16) (actual time=937.617..1821.322 rows=674361 loops=1)
                                                   Merge Cond: (mi1.movie_id = mi2.movie_id)
                                                   Buffers: shared hit=8092 read=10213, temp read=7275 written=7185
                                                   ->  Sort  (cost=392150.47..392316.72 rows=66500 width=8) (actual time=385.178..553.886 rows=733652 loops=1)
                                                         Sort Key: mi1.movie_id
                                                         Sort Method: external merge  Disk: 12968kB
                                                         Buffers: shared hit=3357 read=5536, temp read=1621 written=1631
                                                         ->  Bitmap Heap Scan on movie_info mi1  (cost=14228.17..386823.47 rows=66500 width=8) (actual time=36.628..258.777 rows=733652 loops=1)
                                                               Recheck Cond: (info_type_id = 8)
                                                               Filter: ((info)::text = ANY ('{Austria,China,Cuba,"Czech Republic",France,Germany,Spain,Sweden,Switzerland,Taiwan,USA}'::text[]))
                                                               Rows Removed by Filter: 591709
                                                               Heap Blocks: exact=7853
                                                               Buffers: shared hit=3357 read=5536
                                                               ->  Bitmap Index Scan on info_type_id_movie_info  (cost=0.00..14211.52 rows=1329478 width=0) (actual time=35.652..35.653 rows=1325361 loops=1)
                                                                     Index Cond: (info_type_id = 8)
                                                                     Buffers: shared read=1040
                                                   ->  Sort  (cost=436904.80..437105.23 rows=80172 width=8) (actual time=552.430..765.948 rows=1043634 loops=1)
                                                         Sort Key: mi2.movie_id
                                                         Sort Method: external sort  Disk: 22200kB
                                                         Buffers: shared hit=4735 read=4677, temp read=5597 written=5554
                                                         ->  Bitmap Heap Scan on movie_info mi2  (cost=13075.41..430374.47 rows=80172 width=8) (actual time=31.521..303.781 rows=1027278 loops=1)
                                                               Recheck Cond: (info_type_id = 4)
                                                               Filter: ((info)::text = ANY ('{English,French,Galician,German,Italian,Mandarin,Spanish}'::text[]))
                                                               Rows Removed by Filter: 271711
                                                               Heap Blocks: exact=8393
                                                               Buffers: shared hit=4735 read=4677
                                                               ->  Bitmap Index Scan on info_type_id_movie_info  (cost=0.00..13055.37 rows=1221191 width=0) (actual time=30.486..30.486 rows=1298989 loops=1)
                                                                     Index Cond: (info_type_id = 4)
                                                                     Buffers: shared hit=1 read=1018
                                             ->  Index Scan using title_pkey on title t  (cost=0.43..3.37 rows=1 width=8) (actual time=0.034..0.034 rows=1 loops=674361)
                                                   Index Cond: (id = mi2.movie_id)
                                                   Filter: ((production_year <= 2015) AND (1990 < production_year))
                                                   Rows Removed by Filter: 0
                                                   Buffers: shared hit=2653512 read=43932
                                       ->  Memoize  (cost=0.14..0.16 rows=1 width=4) (actual time=0.000..0.000 rows=0 loops=482293)
                                             Cache Key: t.kind_id
                                             Cache Mode: logical
                                             Hits: 482287  Misses: 6  Evictions: 0  Overflows: 0  Memory Usage: 1kB
                                             Buffers: shared hit=10 read=2
                                             ->  Index Scan using kind_type_pkey on kind_type kt  (cost=0.13..0.15 rows=1 width=4) (actual time=0.012..0.012 rows=0 loops=6)
                                                   Index Cond: (id = t.kind_id)
                                                   Filter: ((kind)::text = ANY ('{"tv movie","tv series","video game"}'::text[]))
                                                   Rows Removed by Filter: 0
                                                   Buffers: shared hit=10 read=2
                                 ->  Materialize  (cost=0.00..2.42 rows=1 width=4) (actual time=0.000..0.000 rows=1 loops=75748)
                                       Buffers: shared hit=1
                                       ->  Seq Scan on info_type it1  (cost=0.00..2.41 rows=1 width=4) (actual time=0.012..0.016 rows=1 loops=1)
                                             Filter: (id = 8)
                                             Rows Removed by Filter: 112
                                             Buffers: shared hit=1
                           ->  Materialize  (cost=0.00..2.42 rows=1 width=4) (actual time=0.000..0.000 rows=1 loops=75748)
                                 Buffers: shared hit=1
                                 ->  Seq Scan on info_type it2  (cost=0.00..2.41 rows=1 width=4) (actual time=0.009..0.013 rows=1 loops=1)
                                       Filter: (id = 4)
                                       Rows Removed by Filter: 112
                                       Buffers: shared hit=1
                     ->  Index Scan using movie_id_cast_info on cast_info ci  (cost=0.44..43.36 rows=38 width=12) (actual time=0.037..0.215 rows=19 loops=75748)
                           Index Cond: (movie_id = t.id)
                           Buffers: shared hit=1180731 read=437429
               ->  Hash  (cost=1.15..1.15 rows=2 width=4) (actual time=0.030..0.031 rows=2 loops=1)
                     Buckets: 1024  Batches: 1  Memory Usage: 9kB
                     Buffers: shared hit=1
                     ->  Seq Scan on role_type rt  (cost=0.00..1.15 rows=2 width=4) (actual time=0.021..0.023 rows=2 loops=1)
                           Filter: ((role)::text = ANY ('{"miscellaneous crew",writer}'::text[]))
                           Rows Removed by Filter: 10
                           Buffers: shared hit=1
         ->  Index Scan using name_pkey on name n  (cost=0.43..2.32 rows=1 width=4) (actual time=0.036..0.036 rows=0 loops=324818)
               Index Cond: (id = ci.person_id)
               Filter: ((gender)::text = ANY ('{f,m}'::text[]))
               Rows Removed by Filter: 1
               Buffers: shared hit=1198436 read=100836
 Planning:
   Buffers: shared hit=521 read=56
 Planning Time: 13.080 ms
 Execution Time: 54598.998 ms
(93 rows)

