                                                                                            QUERY PLAN                                                                                            
--------------------------------------------------------------------------------------------------------------------------------------------------------------------------------------------------
 Aggregate  (cost=557758.51..557758.52 rows=1 width=8) (actual time=1518.831..1518.838 rows=1 loops=1)
   Buffers: shared hit=72187 read=67967
   ->  Nested Loop  (cost=91924.96..557758.26 rows=100 width=0) (actual time=415.443..1518.783 rows=122 loops=1)
         Buffers: shared hit=72187 read=67967
         ->  Hash Join  (cost=91924.53..557403.38 rows=153 width=4) (actual time=413.964..1492.434 rows=718 loops=1)
               Hash Cond: (ci.role_id = rt.id)
               Buffers: shared hit=69967 read=67315
               ->  Nested Loop  (cost=91923.36..557398.95 rows=917 width=8) (actual time=413.587..1488.092 rows=35543 loops=1)
                     Buffers: shared hit=69966 read=67315
                     ->  Nested Loop  (cost=91922.92..554526.67 rows=64 width=12) (actual time=413.559..1028.737 rows=4484 loops=1)
                           Buffers: shared hit=36657 read=52408
                           ->  Seq Scan on info_type it2  (cost=0.00..2.41 rows=1 width=4) (actual time=0.024..0.029 rows=1 loops=1)
                                 Filter: (id = 4)
                                 Rows Removed by Filter: 112
                                 Buffers: shared read=1
                           ->  Nested Loop  (cost=91922.92..554523.61 rows=64 width=16) (actual time=413.534..1028.036 rows=4484 loops=1)
                                 Buffers: shared hit=36657 read=52407
                                 ->  Seq Scan on info_type it1  (cost=0.00..2.41 rows=1 width=4) (actual time=0.009..0.015 rows=1 loops=1)
                                       Filter: (id = 8)
                                       Rows Removed by Filter: 112
                                       Buffers: shared hit=1
                                 ->  Nested Loop  (cost=91922.92..554520.56 rows=64 width=20) (actual time=413.522..1027.326 rows=4484 loops=1)
                                       Buffers: shared hit=36656 read=52407
                                       ->  Hash Join  (cost=91922.48..464668.51 rows=2078 width=12) (actual time=413.463..678.110 rows=4703 loops=1)
                                             Hash Cond: (mi1.movie_id = t.id)
                                             Buffers: shared hit=5847 read=39438
                                             ->  Bitmap Heap Scan on movie_info mi1  (cost=14220.21..386815.50 rows=34655 width=8) (actual time=37.661..255.270 rows=353486 loops=1)
                                                   Recheck Cond: (info_type_id = 8)
                                                   Filter: ((info)::text = ANY ('{Argentina,Canada,France,Germany,Mexico,Philippines,"Soviet Union",UK,"West Germany"}'::text[]))
                                                   Rows Removed by Filter: 971875
                                                   Heap Blocks: exact=7853
                                                   Buffers: shared hit=3 read=8890
                                                   ->  Bitmap Index Scan on info_type_id_movie_info  (cost=0.00..14211.52 rows=1329478 width=0) (actual time=36.664..36.665 rows=1325361 loops=1)
                                                         Index Cond: (info_type_id = 8)
                                                         Buffers: shared read=1040
                                             ->  Hash  (cost=75807.58..75807.58 rows=151576 width=4) (actual time=374.737..374.739 rows=11843 loops=1)
                                                   Buckets: 262144  Batches: 1  Memory Usage: 2465kB
                                                   Buffers: shared hit=5844 read=30548
                                                   ->  Hash Join  (cost=1.13..75807.58 rows=151576 width=4) (actual time=0.125..371.784 rows=11843 loops=1)
                                                         Hash Cond: (t.kind_id = kt.id)
                                                         Buffers: shared hit=5844 read=30548
                                                         ->  Seq Scan on title t  (cost=0.00..74315.95 rows=353677 width=8) (actual time=0.023..351.620 rows=347589 loops=1)
                                                               Filter: ((production_year <= 1975) AND (1925 < production_year))
                                                               Rows Removed by Filter: 2180723
                                                               Buffers: shared hit=5843 read=30548
                                                         ->  Hash  (cost=1.10..1.10 rows=3 width=4) (actual time=0.015..0.016 rows=3 loops=1)
                                                               Buckets: 1024  Batches: 1  Memory Usage: 9kB
                                                               Buffers: shared hit=1
                                                               ->  Seq Scan on kind_type kt  (cost=0.00..1.10 rows=3 width=4) (actual time=0.009..0.010 rows=3 loops=1)
                                                                     Filter: ((kind)::text = ANY ('{"tv series","video game","video movie"}'::text[]))
                                                                     Rows Removed by Filter: 4
                                                                     Buffers: shared hit=1
                                       ->  Index Scan using movie_id_movie_info on movie_info mi2  (cost=0.43..43.23 rows=1 width=8) (actual time=0.054..0.074 rows=1 loops=4703)
                                             Index Cond: (movie_id = t.id)
                                             Filter: ((info_type_id = 4) AND ((info)::text = ANY ('{English,French,German,Russian,Spanish,Tagalog}'::text[])))
                                             Rows Removed by Filter: 7
                                             Buffers: shared hit=30809 read=12969
                     ->  Index Scan using movie_id_cast_info on cast_info ci  (cost=0.44..44.50 rows=38 width=12) (actual time=0.034..0.101 rows=8 loops=4484)
                           Index Cond: (movie_id = t.id)
                           Buffers: shared hit=33309 read=14907
               ->  Hash  (cost=1.15..1.15 rows=2 width=4) (actual time=0.034..0.035 rows=2 loops=1)
                     Buckets: 1024  Batches: 1  Memory Usage: 9kB
                     Buffers: shared hit=1
                     ->  Seq Scan on role_type rt  (cost=0.00..1.15 rows=2 width=4) (actual time=0.027..0.028 rows=2 loops=1)
                           Filter: ((role)::text = ANY ('{editor,"production designer"}'::text[]))
                           Rows Removed by Filter: 10
                           Buffers: shared hit=1
         ->  Index Scan using name_pkey on name n  (cost=0.43..2.32 rows=1 width=4) (actual time=0.036..0.036 rows=0 loops=718)
               Index Cond: (id = ci.person_id)
               Filter: ((gender)::text = ANY ('{f,m}'::text[]))
               Rows Removed by Filter: 1
               Buffers: shared hit=2220 read=652
 Planning:
   Buffers: shared hit=487 read=90
 Planning Time: 14.561 ms
 Execution Time: 1519.475 ms
(76 rows)

