                                                                                               QUERY PLAN                                                                                               
--------------------------------------------------------------------------------------------------------------------------------------------------------------------------------------------------------
 Aggregate  (cost=405406.42..405406.43 rows=1 width=8) (actual time=1387.481..1387.488 rows=1 loops=1)
   Buffers: shared hit=112899 read=28054
   ->  Nested Loop  (cost=14216.32..405406.41 rows=1 width=0) (actual time=216.702..1387.479 rows=4 loops=1)
         Buffers: shared hit=112899 read=28054
         ->  Hash Join  (cost=14215.89..405404.09 rows=1 width=4) (actual time=39.032..1384.117 rows=109 loops=1)
               Hash Cond: (ci.role_id = rt.id)
               Buffers: shared hit=112538 read=27979
               ->  Nested Loop  (cost=14214.73..405402.88 rows=14 width=8) (actual time=35.167..1383.511 rows=4674 loops=1)
                     Buffers: shared hit=112537 read=27979
                     ->  Nested Loop  (cost=14214.29..405358.33 rows=1 width=12) (actual time=35.130..1324.166 rows=420 loops=1)
                           Buffers: shared hit=108697 read=25987
                           ->  Nested Loop  (cost=14214.29..405355.91 rows=1 width=16) (actual time=35.125..1319.217 rows=420 loops=1)
                                 Buffers: shared hit=108277 read=25987
                                 ->  Nested Loop  (cost=14214.29..405353.48 rows=1 width=20) (actual time=35.105..1313.524 rows=420 loops=1)
                                       Buffers: shared hit=107857 read=25987
                                       ->  Hash Join  (cost=14213.86..395237.12 rows=236 width=12) (actual time=35.058..1280.145 rows=427 loops=1)
                                             Hash Cond: (t.kind_id = kt.id)
                                             Buffers: shared hit=105850 read=24328
                                             ->  Nested Loop  (cost=14212.72..395233.66 rows=551 width=16) (actual time=35.029..1278.903 rows=6912 loops=1)
                                                   Buffers: shared hit=105849 read=24328
                                                   ->  Bitmap Heap Scan on movie_info mi1  (cost=14212.28..371750.98 rows=3047 width=8) (actual time=34.944..348.961 rows=30426 loops=1)
                                                         Recheck Cond: (info_type_id = 8)
                                                         Filter: ((info)::text = ANY ('{Argentina,"East Germany",Greece}'::text[]))
                                                         Rows Removed by Filter: 1294935
                                                         Heap Blocks: exact=7853
                                                         Buffers: shared hit=1 read=8892
                                                         ->  Bitmap Index Scan on info_type_id_movie_info  (cost=0.00..14211.52 rows=1329478 width=0) (actual time=33.932..33.932 rows=1325361 loops=1)
                                                               Index Cond: (info_type_id = 8)
                                                               Buffers: shared read=1040
                                                   ->  Memoize  (cost=0.44..7.72 rows=1 width=8) (actual time=0.030..0.030 rows=0 loops=30426)
                                                         Cache Key: mi1.movie_id
                                                         Cache Mode: logical
                                                         Hits: 105  Misses: 30321  Evictions: 0  Overflows: 0  Memory Usage: 2283kB
                                                         Buffers: shared hit=105848 read=15436
                                                         ->  Index Scan using title_pkey on title t  (cost=0.43..7.71 rows=1 width=8) (actual time=0.030..0.030 rows=0 loops=30321)
                                                               Index Cond: (id = mi1.movie_id)
                                                               Filter: ((production_year <= 1975) AND (1875 < production_year))
                                                               Rows Removed by Filter: 1
                                                               Buffers: shared hit=105848 read=15436
                                             ->  Hash  (cost=1.10..1.10 rows=3 width=4) (actual time=0.012..0.013 rows=3 loops=1)
                                                   Buckets: 1024  Batches: 1  Memory Usage: 9kB
                                                   Buffers: shared hit=1
                                                   ->  Seq Scan on kind_type kt  (cost=0.00..1.10 rows=3 width=4) (actual time=0.008..0.009 rows=3 loops=1)
                                                         Filter: ((kind)::text = ANY ('{"tv series","video game","video movie"}'::text[]))
                                                         Rows Removed by Filter: 4
                                                         Buffers: shared hit=1
                                       ->  Index Scan using movie_id_movie_info on movie_info mi2  (cost=0.43..42.86 rows=1 width=8) (actual time=0.057..0.078 rows=1 loops=427)
                                             Index Cond: (movie_id = t.id)
                                             Filter: ((info_type_id = 4) AND ((info)::text = ANY ('{German,Greek,Spanish}'::text[])))
                                             Rows Removed by Filter: 5
                                             Buffers: shared hit=2007 read=1659
                                 ->  Seq Scan on info_type it1  (cost=0.00..2.41 rows=1 width=4) (actual time=0.007..0.012 rows=1 loops=420)
                                       Filter: (id = 8)
                                       Rows Removed by Filter: 112
                                       Buffers: shared hit=420
                           ->  Seq Scan on info_type it2  (cost=0.00..2.41 rows=1 width=4) (actual time=0.005..0.011 rows=1 loops=420)
                                 Filter: (id = 4)
                                 Rows Removed by Filter: 112
                                 Buffers: shared hit=420
                     ->  Index Scan using movie_id_cast_info on cast_info ci  (cost=0.44..44.17 rows=38 width=12) (actual time=0.037..0.139 rows=11 loops=420)
                           Index Cond: (movie_id = t.id)
                           Buffers: shared hit=3840 read=1992
               ->  Hash  (cost=1.15..1.15 rows=1 width=4) (actual time=0.025..0.026 rows=1 loops=1)
                     Buckets: 1024  Batches: 1  Memory Usage: 9kB
                     Buffers: shared hit=1
                     ->  Seq Scan on role_type rt  (cost=0.00..1.15 rows=1 width=4) (actual time=0.018..0.020 rows=1 loops=1)
                           Filter: ((role)::text = 'producer'::text)
                           Rows Removed by Filter: 11
                           Buffers: shared hit=1
         ->  Index Scan using name_pkey on name n  (cost=0.43..2.32 rows=1 width=4) (actual time=0.030..0.030 rows=0 loops=109)
               Index Cond: (id = ci.person_id)
               Filter: ((gender)::text = 'f'::text)
               Rows Removed by Filter: 1
               Buffers: shared hit=361 read=75
 Planning:
   Buffers: shared hit=486 read=88
 Planning Time: 10.647 ms
 Execution Time: 1388.279 ms
(78 rows)

