                                                                                            QUERY PLAN                                                                                            
--------------------------------------------------------------------------------------------------------------------------------------------------------------------------------------------------
 Aggregate  (cost=662096.26..662096.27 rows=1 width=8) (actual time=746.281..746.288 rows=1 loops=1)
   Buffers: shared hit=19603 read=5921, temp read=1110 written=1110
   ->  Nested Loop  (cost=443917.44..662096.14 rows=48 width=0) (actual time=460.054..746.275 rows=12 loops=1)
         Buffers: shared hit=19603 read=5921, temp read=1110 written=1110
         ->  Seq Scan on info_type it2  (cost=0.00..2.41 rows=1 width=4) (actual time=0.049..0.054 rows=1 loops=1)
               Filter: (id = 4)
               Rows Removed by Filter: 112
               Buffers: shared hit=1
         ->  Nested Loop  (cost=443917.44..662093.25 rows=48 width=4) (actual time=460.003..746.215 rows=12 loops=1)
               Buffers: shared hit=19602 read=5921, temp read=1110 written=1110
               ->  Seq Scan on info_type it1  (cost=0.00..2.41 rows=1 width=4) (actual time=0.013..0.020 rows=1 loops=1)
                     Filter: (id = 8)
                     Rows Removed by Filter: 112
                     Buffers: shared hit=1
               ->  Nested Loop  (cost=443917.44..662090.36 rows=48 width=8) (actual time=459.988..746.190 rows=12 loops=1)
                     Join Filter: (t.id = mi2.movie_id)
                     Buffers: shared hit=19601 read=5921, temp read=1110 written=1110
                     ->  Nested Loop  (cost=443917.00..595114.72 rows=1586 width=16) (actual time=459.947..745.374 rows=12 loops=1)
                           Buffers: shared hit=19576 read=5828, temp read=1110 written=1110
                           ->  Hash Join  (cost=443916.57..579274.72 rows=6829 width=20) (actual time=430.815..738.977 rows=381 loops=1)
                                 Hash Cond: (ci.movie_id = t.id)
                                 Buffers: shared hit=18476 read=5404, temp read=1110 written=1110
                                 ->  Nested Loop  (cost=0.44..123965.00 rows=3020080 width=8) (actual time=0.173..242.229 rows=1093558 loops=1)
                                       Buffers: shared hit=2452 read=4619
                                       ->  Seq Scan on role_type rt  (cost=0.00..1.15 rows=1 width=4) (actual time=0.010..0.012 rows=1 loops=1)
                                             Filter: ((role)::text = 'editor'::text)
                                             Rows Removed by Filter: 11
                                             Buffers: shared hit=1
                                       ->  Index Scan using role_id_cast_info on cast_info ci  (cost=0.44..91017.52 rows=3294633 width=12) (actual time=0.161..156.658 rows=1093558 loops=1)
                                             Index Cond: (role_id = rt.id)
                                             Buffers: shared hit=2451 read=4619
                                 ->  Hash  (cost=443844.67..443844.67 rows=5717 width=12) (actual time=426.314..426.317 rows=4476 loops=1)
                                       Buckets: 8192  Batches: 1  Memory Usage: 257kB
                                       Buffers: shared hit=16024 read=785, temp read=1110 written=1110
                                       ->  Hash Join  (cost=69547.50..443844.67 rows=5717 width=12) (actual time=203.455..425.374 rows=4476 loops=1)
                                             Hash Cond: (mi1.movie_id = t.id)
                                             Buffers: shared hit=16024 read=785, temp read=1110 written=1110
                                             ->  Bitmap Heap Scan on movie_info mi1  (cost=14226.06..386821.35 rows=58056 width=8) (actual time=36.251..238.895 rows=640324 loops=1)
                                                   Recheck Cond: (info_type_id = 8)
                                                   Filter: ((info)::text = ANY ('{Belgium,Colombia,"Czech Republic",Denmark,Germany,Nigeria,Philippines,Sweden,USA}'::text[]))
                                                   Rows Removed by Filter: 685037
                                                   Heap Blocks: exact=7853
                                                   Buffers: shared hit=8893
                                                   ->  Bitmap Index Scan on info_type_id_movie_info  (cost=0.00..14211.52 rows=1329478 width=0) (actual time=35.265..35.265 rows=1325361 loops=1)
                                                         Index Cond: (info_type_id = 8)
                                                         Buffers: shared hit=1040
                                             ->  Hash  (cost=51236.40..51236.40 rows=248963 width=4) (actual time=84.108..84.111 rows=8520 loops=1)
                                                   Buckets: 262144  Batches: 2  Memory Usage: 2202kB
                                                   Buffers: shared hit=7131 read=785, temp written=12
                                                   ->  Nested Loop  (cost=4565.45..51236.40 rows=248963 width=4) (actual time=2.610..81.695 rows=8520 loops=1)
                                                         Buffers: shared hit=7131 read=785
                                                         ->  Seq Scan on kind_type kt  (cost=0.00..1.09 rows=1 width=4) (actual time=0.010..0.011 rows=1 loops=1)
                                                               Filter: ((kind)::text = 'video game'::text)
                                                               Rows Removed by Filter: 6
                                                               Buffers: shared hit=1
                                                         ->  Bitmap Heap Scan on title t  (cost=4565.45..48330.74 rows=290457 width=8) (actual time=2.596..80.836 rows=8520 loops=1)
                                                               Recheck Cond: (kind_id = kt.id)
                                                               Filter: ((production_year <= 2015) AND (1990 < production_year))
                                                               Rows Removed by Filter: 4080
                                                               Heap Blocks: exact=7903
                                                               Buffers: shared hit=7130 read=785
                                                               ->  Bitmap Index Scan on kind_id_title  (cost=0.00..4492.84 rows=421388 width=0) (actual time=1.613..1.613 rows=12600 loops=1)
                                                                     Index Cond: (kind_id = kt.id)
                                                                     Buffers: shared read=12
                           ->  Index Scan using name_pkey on name n  (cost=0.43..2.32 rows=1 width=4) (actual time=0.016..0.016 rows=0 loops=381)
                                 Index Cond: (id = ci.person_id)
                                 Filter: ((gender)::text = 'f'::text)
                                 Rows Removed by Filter: 1
                                 Buffers: shared hit=1100 read=424
                     ->  Index Scan using movie_id_movie_info on movie_info mi2  (cost=0.43..42.22 rows=1 width=8) (actual time=0.027..0.067 rows=1 loops=12)
                           Index Cond: (movie_id = ci.movie_id)
                           Filter: ((info_type_id = 4) AND ((info)::text = ANY ('{English,French,Japanese,Spanish,Yoruba}'::text[])))
                           Rows Removed by Filter: 9
                           Buffers: shared hit=25 read=93
 Planning:
   Buffers: shared hit=576 read=1
 Planning Time: 13.532 ms
 Execution Time: 746.901 ms
(78 rows)

