                                                                                            QUERY PLAN                                                                                            
--------------------------------------------------------------------------------------------------------------------------------------------------------------------------------------------------
 Aggregate  (cost=663235.24..663235.25 rows=1 width=8) (actual time=32927.240..32927.249 rows=1 loops=1)
   Buffers: shared hit=2905414 read=441482, temp read=2793 written=2793
   ->  Nested Loop  (cost=93687.89..663235.08 rows=64 width=0) (actual time=1401.236..32926.807 rows=625 loops=1)
         Buffers: shared hit=2905414 read=441482, temp read=2793 written=2793
         ->  Seq Scan on info_type it2  (cost=0.00..2.41 rows=1 width=4) (actual time=0.046..0.056 rows=1 loops=1)
               Filter: (id = 4)
               Rows Removed by Filter: 112
               Buffers: shared hit=1
         ->  Nested Loop  (cost=93687.89..663232.03 rows=64 width=4) (actual time=1401.188..32926.506 rows=625 loops=1)
               Buffers: shared hit=2905413 read=441482, temp read=2793 written=2793
               ->  Seq Scan on info_type it1  (cost=0.00..2.41 rows=1 width=4) (actual time=0.010..0.021 rows=1 loops=1)
                     Filter: (id = 8)
                     Rows Removed by Filter: 112
                     Buffers: shared hit=1
               ->  Nested Loop  (cost=93687.89..663228.98 rows=64 width=8) (actual time=1401.175..32926.213 rows=625 loops=1)
                     Buffers: shared hit=2905412 read=441482, temp read=2793 written=2793
                     ->  Hash Join  (cost=93687.46..662874.09 rows=153 width=12) (actual time=550.941..32801.420 rows=3079 loops=1)
                           Hash Cond: (ci.role_id = rt.id)
                           Buffers: shared hit=2894809 read=439769, temp read=2793 written=2793
                           ->  Nested Loop  (cost=93686.30..662866.41 rows=1835 width=16) (actual time=549.056..32522.602 rows=1566069 loops=1)
                                 Buffers: shared hit=2894808 read=439769, temp read=2793 written=2793
                                 ->  Nested Loop  (cost=93685.86..657163.45 rows=128 width=20) (actual time=549.029..15225.277 rows=100319 loops=1)
                                       Buffers: shared hit=1284110 read=228455, temp read=2793 written=2793
                                       ->  Hash Join  (cost=93685.43..467747.76 rows=4403 width=12) (actual time=548.955..1468.185 rows=132977 loops=1)
                                             Hash Cond: (mi1.movie_id = t.id)
                                             Buffers: shared hit=25742 read=19543, temp read=2793 written=2793
                                             ->  Bitmap Heap Scan on movie_info mi1  (cost=14225.72..386821.02 rows=56803 width=8) (actual time=36.082..523.095 rows=612053 loops=1)
                                                   Recheck Cond: (info_type_id = 8)
                                                   Filter: ((info)::text = ANY ('{Australia,"Hong Kong",India,USA}'::text[]))
                                                   Rows Removed by Filter: 713308
                                                   Heap Blocks: exact=7853
                                                   Buffers: shared hit=6390 read=2503
                                                   ->  Bitmap Index Scan on info_type_id_movie_info  (cost=0.00..14211.52 rows=1329478 width=0) (actual time=35.111..35.111 rows=1325361 loops=1)
                                                         Index Cond: (info_type_id = 8)
                                                         Buffers: shared hit=1040
                                             ->  Hash  (cost=76244.10..76244.10 rows=195968 width=4) (actual time=511.066..511.069 rows=439726 loops=1)
                                                   Buckets: 262144 (originally 262144)  Batches: 4 (originally 2)  Memory Usage: 6145kB
                                                   Buffers: shared hit=19352 read=17040, temp written=966
                                                   ->  Hash Join  (cost=1.13..76244.10 rows=195968 width=4) (actual time=0.038..439.491 rows=439726 loops=1)
                                                         Hash Cond: (t.kind_id = kt.id)
                                                         Buffers: shared hit=19352 read=17040
                                                         ->  Seq Scan on title t  (cost=0.00..74315.95 rows=457258 width=8) (actual time=0.022..386.532 rows=451569 loops=1)
                                                               Filter: ((production_year <= 1975) AND (1875 < production_year))
                                                               Rows Removed by Filter: 2076743
                                                               Buffers: shared hit=19351 read=17040
                                                         ->  Hash  (cost=1.10..1.10 rows=3 width=4) (actual time=0.012..0.014 rows=3 loops=1)
                                                               Buckets: 1024  Batches: 1  Memory Usage: 9kB
                                                               Buffers: shared hit=1
                                                               ->  Seq Scan on kind_type kt  (cost=0.00..1.10 rows=3 width=4) (actual time=0.005..0.007 rows=3 loops=1)
                                                                     Filter: ((kind)::text = ANY ('{episode,movie,"tv movie"}'::text[]))
                                                                     Rows Removed by Filter: 4
                                                                     Buffers: shared hit=1
                                       ->  Index Scan using movie_id_movie_info on movie_info mi2  (cost=0.43..43.01 rows=1 width=8) (actual time=0.052..0.103 rows=1 loops=132977)
                                             Index Cond: (movie_id = t.id)
                                             Filter: ((info_type_id = 4) AND ((info)::text = ANY ('{Bengali,Cantonese,English,French,Spanish,Telugu}'::text[])))
                                             Rows Removed by Filter: 13
                                             Buffers: shared hit=1258368 read=208912
                                 ->  Index Scan using movie_id_cast_info on cast_info ci  (cost=0.44..44.17 rows=38 width=12) (actual time=0.037..0.167 rows=16 loops=100319)
                                       Index Cond: (movie_id = t.id)
                                       Buffers: shared hit=1610698 read=211314
                           ->  Hash  (cost=1.15..1.15 rows=1 width=4) (actual time=0.017..0.018 rows=1 loops=1)
                                 Buckets: 1024  Batches: 1  Memory Usage: 9kB
                                 Buffers: shared hit=1
                                 ->  Seq Scan on role_type rt  (cost=0.00..1.15 rows=1 width=4) (actual time=0.010..0.011 rows=1 loops=1)
                                       Filter: ((role)::text = 'production designer'::text)
                                       Rows Removed by Filter: 11
                                       Buffers: shared hit=1
                     ->  Index Scan using name_pkey on name n  (cost=0.43..2.32 rows=1 width=4) (actual time=0.040..0.040 rows=0 loops=3079)
                           Index Cond: (id = ci.person_id)
                           Filter: ((gender)::text = 'm'::text)
                           Rows Removed by Filter: 1
                           Buffers: shared hit=10603 read=1713
 Planning:
   Buffers: shared hit=574
 Planning Time: 12.935 ms
 Execution Time: 32927.867 ms
(76 rows)

