                                                                                               QUERY PLAN                                                                                               
--------------------------------------------------------------------------------------------------------------------------------------------------------------------------------------------------------
 Aggregate  (cost=519015.71..519015.72 rows=1 width=8) (actual time=13932.934..13932.942 rows=1 loops=1)
   Buffers: shared hit=1248668 read=202327
   ->  Nested Loop  (cost=13061.32..519015.51 rows=81 width=0) (actual time=39.427..13931.765 rows=3787 loops=1)
         Buffers: shared hit=1248668 read=202327
         ->  Hash Join  (cost=13060.89..518727.89 rows=124 width=4) (actual time=38.136..13519.761 rows=11710 loops=1)
               Hash Cond: (ci.role_id = rt.id)
               Buffers: shared hit=1210525 read=193630
               ->  Nested Loop  (cost=13059.72..518724.07 rows=745 width=8) (actual time=37.832..13479.997 rows=228874 loops=1)
                     Buffers: shared hit=1210524 read=193630
                     ->  Nested Loop  (cost=13059.28..516451.78 rows=52 width=12) (actual time=37.797..10935.596 rows=7744 loops=1)
                           Buffers: shared hit=1054160 read=103069
                           ->  Seq Scan on info_type it2  (cost=0.00..2.41 rows=1 width=4) (actual time=0.019..0.029 rows=1 loops=1)
                                 Filter: (id = 4)
                                 Rows Removed by Filter: 112
                                 Buffers: shared hit=1
                           ->  Nested Loop  (cost=13059.28..516448.85 rows=52 width=16) (actual time=37.777..10933.530 rows=7744 loops=1)
                                 Buffers: shared hit=1054159 read=103069
                                 ->  Seq Scan on info_type it1  (cost=0.00..2.41 rows=1 width=4) (actual time=0.007..0.020 rows=1 loops=1)
                                       Filter: (id = 8)
                                       Rows Removed by Filter: 112
                                       Buffers: shared hit=1
                                 ->  Nested Loop  (cost=13059.28..516445.92 rows=52 width=20) (actual time=37.768..10931.358 rows=7744 loops=1)
                                       Buffers: shared hit=1054158 read=103069
                                       ->  Hash Join  (cost=13058.84..407310.62 rows=2584 width=12) (actual time=37.400..4393.962 rows=78533 loops=1)
                                             Hash Cond: (t.kind_id = kt.id)
                                             Buffers: shared hit=391504 read=43673
                                             ->  Nested Loop  (cost=13057.71..407284.08 rows=6030 width=16) (actual time=37.242..4354.048 rows=91937 loops=1)
                                                   Buffers: shared hit=391503 read=43673
                                                   ->  Bitmap Heap Scan on movie_info mi2  (cost=13057.27..355210.43 rows=7612 width=8) (actual time=37.201..440.571 rows=106885 loops=1)
                                                         Recheck Cond: (info_type_id = 4)
                                                         Filter: ((info)::text = ANY ('{Dutch,Spanish}'::text[]))
                                                         Rows Removed by Filter: 1192104
                                                         Heap Blocks: exact=8393
                                                         Buffers: shared hit=2013 read=7399
                                                         ->  Bitmap Index Scan on info_type_id_movie_info  (cost=0.00..13055.37 rows=1221191 width=0) (actual time=35.241..35.241 rows=1298989 loops=1)
                                                               Index Cond: (info_type_id = 4)
                                                               Buffers: shared read=1019
                                                   ->  Memoize  (cost=0.44..6.90 rows=1 width=8) (actual time=0.036..0.036 rows=1 loops=106885)
                                                         Cache Key: mi2.movie_id
                                                         Cache Mode: logical
                                                         Hits: 444  Misses: 106441  Evictions: 24538  Overflows: 0  Memory Usage: 8193kB
                                                         Buffers: shared hit=389490 read=36274
                                                         ->  Index Scan using title_pkey on title t  (cost=0.43..6.89 rows=1 width=8) (actual time=0.035..0.035 rows=1 loops=106441)
                                                               Index Cond: (id = mi2.movie_id)
                                                               Filter: ((production_year <= 2015) AND (1975 < production_year))
                                                               Rows Removed by Filter: 0
                                                               Buffers: shared hit=389490 read=36274
                                             ->  Hash  (cost=1.10..1.10 rows=3 width=4) (actual time=0.016..0.017 rows=3 loops=1)
                                                   Buckets: 1024  Batches: 1  Memory Usage: 9kB
                                                   Buffers: shared hit=1
                                                   ->  Seq Scan on kind_type kt  (cost=0.00..1.10 rows=3 width=4) (actual time=0.007..0.008 rows=3 loops=1)
                                                         Filter: ((kind)::text = ANY ('{episode,movie,"video movie"}'::text[]))
                                                         Rows Removed by Filter: 4
                                                         Buffers: shared hit=1
                                       ->  Index Scan using movie_id_movie_info on movie_info mi1  (cost=0.43..42.23 rows=1 width=8) (actual time=0.082..0.083 rows=0 loops=78533)
                                             Index Cond: (movie_id = t.id)
                                             Filter: (((info)::text = ANY ('{Belgium,USA}'::text[])) AND (info_type_id = 8))
                                             Rows Removed by Filter: 9
                                             Buffers: shared hit=662654 read=59396
                     ->  Index Scan using movie_id_cast_info on cast_info ci  (cost=0.44..43.32 rows=38 width=12) (actual time=0.038..0.321 rows=30 loops=7744)
                           Index Cond: (movie_id = t.id)
                           Buffers: shared hit=156364 read=90561
               ->  Hash  (cost=1.15..1.15 rows=2 width=4) (actual time=0.028..0.029 rows=2 loops=1)
                     Buckets: 1024  Batches: 1  Memory Usage: 9kB
                     Buffers: shared hit=1
                     ->  Seq Scan on role_type rt  (cost=0.00..1.15 rows=2 width=4) (actual time=0.022..0.023 rows=2 loops=1)
                           Filter: ((role)::text = ANY ('{cinematographer,editor}'::text[]))
                           Rows Removed by Filter: 10
                           Buffers: shared hit=1
         ->  Index Scan using name_pkey on name n  (cost=0.43..2.32 rows=1 width=4) (actual time=0.035..0.035 rows=0 loops=11710)
               Index Cond: (id = ci.person_id)
               Filter: ((gender)::text = ANY ('{f,m}'::text[]))
               Rows Removed by Filter: 1
               Buffers: shared hit=38143 read=8697
 Planning:
   Buffers: shared hit=498 read=76
 Planning Time: 13.687 ms
 Execution Time: 13935.338 ms
(78 rows)

