                                                                                               QUERY PLAN                                                                                               
--------------------------------------------------------------------------------------------------------------------------------------------------------------------------------------------------------
 Aggregate  (cost=367409.55..367409.56 rows=1 width=8) (actual time=1504.377..1504.383 rows=1 loops=1)
   Buffers: shared hit=133087 read=19723
   ->  Nested Loop  (cost=13059.68..367409.55 rows=1 width=0) (actual time=257.070..1504.331 rows=106 loops=1)
         Buffers: shared hit=133087 read=19723
         ->  Hash Join  (cost=13059.25..367407.23 rows=1 width=4) (actual time=256.874..1478.136 rows=816 loops=1)
               Hash Cond: (ci.role_id = rt.id)
               Buffers: shared hit=130053 read=19493
               ->  Nested Loop  (cost=13058.09..367406.02 rows=14 width=8) (actual time=126.074..1475.779 rows=16753 loops=1)
                     Buffers: shared hit=130052 read=19493
                     ->  Nested Loop  (cost=13057.65..367361.14 rows=1 width=12) (actual time=126.025..1290.726 rows=2124 loops=1)
                           Buffers: shared hit=111713 read=14963
                           ->  Nested Loop  (cost=13057.65..367358.72 rows=1 width=16) (actual time=126.018..1254.775 rows=2124 loops=1)
                                 Buffers: shared hit=109589 read=14963
                                 ->  Nested Loop  (cost=13057.65..367356.30 rows=1 width=20) (actual time=125.999..1223.337 rows=2124 loops=1)
                                       Buffers: shared hit=107465 read=14963
                                       ->  Hash Join  (cost=13057.21..364429.94 rows=68 width=12) (actual time=38.858..984.669 rows=3115 loops=1)
                                             Hash Cond: (t.kind_id = kt.id)
                                             Buffers: shared hit=81337 read=11276
                                             ->  Nested Loop  (cost=13056.08..364428.14 rows=158 width=16) (actual time=38.797..983.357 rows=3427 loops=1)
                                                   Buffers: shared hit=81336 read=11276
                                                   ->  Bitmap Heap Scan on movie_info mi2  (cost=13055.65..355208.81 rows=1130 width=8) (actual time=37.461..333.859 rows=20800 loops=1)
                                                         Recheck Cond: (info_type_id = 4)
                                                         Filter: ((info)::text = ANY ('{Dutch,Persian}'::text[]))
                                                         Rows Removed by Filter: 1278189
                                                         Heap Blocks: exact=8393
                                                         Buffers: shared hit=2581 read=6831
                                                         ->  Bitmap Index Scan on info_type_id_movie_info  (cost=0.00..13055.37 rows=1221191 width=0) (actual time=35.455..35.455 rows=1298989 loops=1)
                                                               Index Cond: (info_type_id = 4)
                                                               Buffers: shared read=1019
                                                   ->  Index Scan using title_pkey on title t  (cost=0.43..8.16 rows=1 width=8) (actual time=0.031..0.031 rows=0 loops=20800)
                                                         Index Cond: (id = mi2.movie_id)
                                                         Filter: ((production_year <= 1975) AND (1925 < production_year))
                                                         Rows Removed by Filter: 1
                                                         Buffers: shared hit=78755 read=4445
                                             ->  Hash  (cost=1.10..1.10 rows=3 width=4) (actual time=0.019..0.020 rows=3 loops=1)
                                                   Buckets: 1024  Batches: 1  Memory Usage: 9kB
                                                   Buffers: shared hit=1
                                                   ->  Seq Scan on kind_type kt  (cost=0.00..1.10 rows=3 width=4) (actual time=0.010..0.012 rows=3 loops=1)
                                                         Filter: ((kind)::text = ANY ('{episode,movie,"tv movie"}'::text[]))
                                                         Rows Removed by Filter: 4
                                                         Buffers: shared hit=1
                                       ->  Index Scan using movie_id_movie_info on movie_info mi1  (cost=0.43..43.02 rows=1 width=8) (actual time=0.071..0.076 rows=1 loops=3115)
                                             Index Cond: (movie_id = t.id)
                                             Filter: (((info)::text = ANY ('{Belgium,Iran}'::text[])) AND (info_type_id = 8))
                                             Rows Removed by Filter: 7
                                             Buffers: shared hit=26128 read=3687
                                 ->  Seq Scan on info_type it1  (cost=0.00..2.41 rows=1 width=4) (actual time=0.008..0.013 rows=1 loops=2124)
                                       Filter: (id = 8)
                                       Rows Removed by Filter: 112
                                       Buffers: shared hit=2124
                           ->  Seq Scan on info_type it2  (cost=0.00..2.41 rows=1 width=4) (actual time=0.009..0.016 rows=1 loops=2124)
                                 Filter: (id = 4)
                                 Rows Removed by Filter: 112
                                 Buffers: shared hit=2124
                     ->  Index Scan using movie_id_cast_info on cast_info ci  (cost=0.44..44.50 rows=38 width=12) (actual time=0.026..0.085 rows=8 loops=2124)
                           Index Cond: (movie_id = t.id)
                           Buffers: shared hit=18339 read=4530
               ->  Hash  (cost=1.15..1.15 rows=1 width=4) (actual time=0.031..0.032 rows=1 loops=1)
                     Buckets: 1024  Batches: 1  Memory Usage: 9kB
                     Buffers: shared hit=1
                     ->  Seq Scan on role_type rt  (cost=0.00..1.15 rows=1 width=4) (actual time=0.024..0.026 rows=1 loops=1)
                           Filter: ((role)::text = 'cinematographer'::text)
                           Rows Removed by Filter: 11
                           Buffers: shared hit=1
         ->  Index Scan using name_pkey on name n  (cost=0.43..2.32 rows=1 width=4) (actual time=0.032..0.032 rows=0 loops=816)
               Index Cond: (id = ci.person_id)
               Filter: ((gender)::text = 'm'::text)
               Rows Removed by Filter: 1
               Buffers: shared hit=3034 read=230
 Planning:
   Buffers: shared hit=487 read=87
 Planning Time: 13.615 ms
 Execution Time: 1504.921 ms
(73 rows)

