                                                                                            QUERY PLAN                                                                                            
--------------------------------------------------------------------------------------------------------------------------------------------------------------------------------------------------
 Aggregate  (cost=512749.33..512749.34 rows=1 width=8) (actual time=1106.575..1106.581 rows=1 loops=1)
   Buffers: shared hit=66729 read=32218
   ->  Nested Loop  (cost=91920.88..512749.32 rows=5 width=0) (actual time=425.439..1106.524 rows=188 loops=1)
         Buffers: shared hit=66729 read=32218
         ->  Seq Scan on info_type it2  (cost=0.00..2.41 rows=1 width=4) (actual time=0.039..0.043 rows=1 loops=1)
               Filter: (id = 4)
               Rows Removed by Filter: 112
               Buffers: shared hit=1
         ->  Nested Loop  (cost=91920.88..512746.86 rows=5 width=4) (actual time=425.399..1106.440 rows=188 loops=1)
               Buffers: shared hit=66728 read=32218
               ->  Seq Scan on info_type it1  (cost=0.00..2.41 rows=1 width=4) (actual time=0.010..0.017 rows=1 loops=1)
                     Filter: (id = 8)
                     Rows Removed by Filter: 112
                     Buffers: shared hit=1
               ->  Nested Loop  (cost=91920.88..512744.39 rows=5 width=8) (actual time=425.386..1106.382 rows=188 loops=1)
                     Buffers: shared hit=66727 read=32218
                     ->  Hash Join  (cost=91920.45..512718.88 rows=11 width=12) (actual time=425.357..1088.391 rows=445 loops=1)
                           Hash Cond: (ci.role_id = rt.id)
                           Buffers: shared hit=65396 read=31769
                           ->  Nested Loop  (cost=91919.29..512717.25 rows=129 width=16) (actual time=425.061..1085.805 rows=21854 loops=1)
                                 Buffers: shared hit=65395 read=31769
                                 ->  Nested Loop  (cost=91918.85..512313.34 rows=9 width=20) (actual time=425.034..820.909 rows=2587 loops=1)
                                       Buffers: shared hit=47913 read=20114
                                       ->  Hash Join  (cost=91918.41..464593.60 rows=1101 width=12) (actual time=424.981..647.596 rows=2610 loops=1)
                                             Hash Cond: (mi1.movie_id = t.id)
                                             Buffers: shared hit=29918 read=15367
                                             ->  Bitmap Heap Scan on movie_info mi1  (cost=14216.13..386811.43 rows=18370 width=8) (actual time=38.050..233.490 rows=206218 loops=1)
                                                   Recheck Cond: (info_type_id = 8)
                                                   Filter: ((info)::text = ANY ('{Denmark,"East Germany",Finland,France,Greece,Italy,Philippines,Spain,"West Germany"}'::text[]))
                                                   Rows Removed by Filter: 1119143
                                                   Heap Blocks: exact=7853
                                                   Buffers: shared hit=3770 read=5123
                                                   ->  Bitmap Index Scan on info_type_id_movie_info  (cost=0.00..14211.52 rows=1329478 width=0) (actual time=37.060..37.060 rows=1325361 loops=1)
                                                         Index Cond: (info_type_id = 8)
                                                         Buffers: shared hit=1 read=1039
                                             ->  Hash  (cost=75807.58..75807.58 rows=151576 width=4) (actual time=385.889..385.892 rows=11843 loops=1)
                                                   Buckets: 262144  Batches: 1  Memory Usage: 2465kB
                                                   Buffers: shared hit=26148 read=10244
                                                   ->  Hash Join  (cost=1.13..75807.58 rows=151576 width=4) (actual time=0.181..383.182 rows=11843 loops=1)
                                                         Hash Cond: (t.kind_id = kt.id)
                                                         Buffers: shared hit=26148 read=10244
                                                         ->  Seq Scan on title t  (cost=0.00..74315.95 rows=353677 width=8) (actual time=0.026..363.330 rows=347589 loops=1)
                                                               Filter: ((production_year <= 1975) AND (1925 < production_year))
                                                               Rows Removed by Filter: 2180723
                                                               Buffers: shared hit=26147 read=10244
                                                         ->  Hash  (cost=1.10..1.10 rows=3 width=4) (actual time=0.015..0.016 rows=3 loops=1)
                                                               Buckets: 1024  Batches: 1  Memory Usage: 9kB
                                                               Buffers: shared hit=1
                                                               ->  Seq Scan on kind_type kt  (cost=0.00..1.10 rows=3 width=4) (actual time=0.008..0.009 rows=3 loops=1)
                                                                     Filter: ((kind)::text = ANY ('{"tv series","video game","video movie"}'::text[]))
                                                                     Rows Removed by Filter: 4
                                                                     Buffers: shared hit=1
                                       ->  Index Scan using movie_id_movie_info on movie_info mi2  (cost=0.43..43.33 rows=1 width=8) (actual time=0.054..0.066 rows=1 loops=2610)
                                             Index Cond: (movie_id = t.id)
                                             Filter: ((info_type_id = 4) AND ((info)::text = ANY ('{Danish,Finnish,French,German,Greek,Italian,Spanish,Tagalog}'::text[])))
                                             Rows Removed by Filter: 6
                                             Buffers: shared hit=17995 read=4747
                                 ->  Index Scan using movie_id_cast_info on cast_info ci  (cost=0.44..44.50 rows=38 width=12) (actual time=0.031..0.101 rows=8 loops=2587)
                                       Index Cond: (movie_id = t.id)
                                       Buffers: shared hit=17482 read=11655
                           ->  Hash  (cost=1.15..1.15 rows=1 width=4) (actual time=0.024..0.024 rows=1 loops=1)
                                 Buckets: 1024  Batches: 1  Memory Usage: 9kB
                                 Buffers: shared hit=1
                                 ->  Seq Scan on role_type rt  (cost=0.00..1.15 rows=1 width=4) (actual time=0.013..0.015 rows=1 loops=1)
                                       Filter: ((role)::text = 'producer'::text)
                                       Rows Removed by Filter: 11
                                       Buffers: shared hit=1
                     ->  Index Scan using name_pkey on name n  (cost=0.43..2.32 rows=1 width=4) (actual time=0.040..0.040 rows=0 loops=445)
                           Index Cond: (id = ci.person_id)
                           Filter: ((gender)::text = 'm'::text)
                           Rows Removed by Filter: 1
                           Buffers: shared hit=1331 read=449
 Planning:
   Buffers: shared hit=576 read=1
 Planning Time: 13.064 ms
 Execution Time: 1107.230 ms
(76 rows)

