                                                                                               QUERY PLAN                                                                                               
--------------------------------------------------------------------------------------------------------------------------------------------------------------------------------------------------------
 Aggregate  (cost=525553.49..525553.50 rows=1 width=8) (actual time=4501.776..4501.783 rows=1 loops=1)
   Buffers: shared hit=456937 read=9111
   ->  Nested Loop  (cost=13060.96..525553.48 rows=5 width=0) (actual time=126.317..4501.772 rows=5 loops=1)
         Buffers: shared hit=456937 read=9111
         ->  Seq Scan on info_type it2  (cost=0.00..2.41 rows=1 width=4) (actual time=0.041..0.050 rows=1 loops=1)
               Filter: (id = 4)
               Rows Removed by Filter: 112
               Buffers: shared hit=1
         ->  Nested Loop  (cost=13060.96..525551.02 rows=5 width=4) (actual time=126.275..4501.718 rows=5 loops=1)
               Buffers: shared hit=456936 read=9111
               ->  Seq Scan on info_type it1  (cost=0.00..2.41 rows=1 width=4) (actual time=0.010..0.020 rows=1 loops=1)
                     Filter: (id = 8)
                     Rows Removed by Filter: 112
                     Buffers: shared hit=1
               ->  Nested Loop  (cost=13060.96..525548.56 rows=5 width=8) (actual time=126.261..4501.691 rows=5 loops=1)
                     Buffers: shared hit=456935 read=9111
                     ->  Hash Join  (cost=13060.53..525520.72 rows=12 width=12) (actual time=126.206..4498.850 rows=68 loops=1)
                           Hash Cond: (ci.role_id = rt.id)
                           Buffers: shared hit=456732 read=9042
                           ->  Nested Loop  (cost=13059.37..525519.05 rows=143 width=16) (actual time=38.326..4498.365 rows=2704 loops=1)
                                 Buffers: shared hit=456731 read=9042
                                 ->  Nested Loop  (cost=13058.93..525073.51 rows=10 width=20) (actual time=38.295..4465.107 rows=292 loops=1)
                                       Buffers: shared hit=454739 read=7517
                                       ->  Hash Join  (cost=13058.49..504331.73 rows=481 width=12) (actual time=37.208..4380.866 rows=1332 loops=1)
                                             Hash Cond: (t.kind_id = kt.id)
                                             Buffers: shared hit=444313 read=7248
                                             ->  Nested Loop  (cost=13057.36..504325.87 rows=1122 width=16) (actual time=37.159..4374.147 rows=29543 loops=1)
                                                   Buffers: shared hit=444312 read=7248
                                                   ->  Bitmap Heap Scan on movie_info mi2  (cost=13056.92..460414.34 rows=6202 width=8) (actual time=36.987..738.282 rows=112155 loops=1)
                                                         Recheck Cond: (info_type_id = 4)
                                                         Filter: ((info)::text = ANY ('{Bengali,French,Hungarian,Malayalam,Norwegian,Persian,Polish,Portuguese,Swedish}'::text[]))
                                                         Rows Removed by Filter: 1186834
                                                         Heap Blocks: exact=8393
                                                         Buffers: shared hit=7707 read=1705
                                                         ->  Bitmap Index Scan on info_type_id_movie_info  (cost=0.00..13055.37 rows=1221191 width=0) (actual time=34.303..34.304 rows=1298989 loops=1)
                                                               Index Cond: (info_type_id = 4)
                                                               Buffers: shared hit=1019
                                                   ->  Memoize  (cost=0.44..7.12 rows=1 width=8) (actual time=0.032..0.032 rows=0 loops=112155)
                                                         Cache Key: mi2.movie_id
                                                         Cache Mode: logical
                                                         Hits: 1618  Misses: 110537  Evictions: 4270  Overflows: 0  Memory Usage: 8193kB
                                                         Buffers: shared hit=436605 read=5543
                                                         ->  Index Scan using title_pkey on title t  (cost=0.43..7.11 rows=1 width=8) (actual time=0.032..0.032 rows=0 loops=110537)
                                                               Index Cond: (id = mi2.movie_id)
                                                               Filter: ((production_year <= 1975) AND (1875 < production_year))
                                                               Rows Removed by Filter: 1
                                                               Buffers: shared hit=436605 read=5543
                                             ->  Hash  (cost=1.10..1.10 rows=3 width=4) (actual time=0.025..0.026 rows=3 loops=1)
                                                   Buckets: 1024  Batches: 1  Memory Usage: 9kB
                                                   Buffers: shared hit=1
                                                   ->  Seq Scan on kind_type kt  (cost=0.00..1.10 rows=3 width=4) (actual time=0.017..0.019 rows=3 loops=1)
                                                         Filter: ((kind)::text = ANY ('{"tv series","video game","video movie"}'::text[]))
                                                         Rows Removed by Filter: 4
                                                         Buffers: shared hit=1
                                       ->  Index Scan using movie_id_movie_info on movie_info mi1  (cost=0.43..43.11 rows=1 width=8) (actual time=0.061..0.063 rows=0 loops=1332)
                                             Index Cond: (movie_id = t.id)
                                             Filter: ((info_type_id = 8) AND ((info)::text = ANY ('{Hungary,India,Iran,Norway,Poland,Portugal,Sweden,USA}'::text[])))
                                             Rows Removed by Filter: 8
                                             Buffers: shared hit=10426 read=269
                                 ->  Index Scan using movie_id_cast_info on cast_info ci  (cost=0.44..44.17 rows=38 width=12) (actual time=0.034..0.111 rows=9 loops=292)
                                       Index Cond: (movie_id = t.id)
                                       Buffers: shared hit=1992 read=1525
                           ->  Hash  (cost=1.15..1.15 rows=1 width=4) (actual time=0.017..0.018 rows=1 loops=1)
                                 Buckets: 1024  Batches: 1  Memory Usage: 9kB
                                 Buffers: shared hit=1
                                 ->  Seq Scan on role_type rt  (cost=0.00..1.15 rows=1 width=4) (actual time=0.011..0.011 rows=1 loops=1)
                                       Filter: ((role)::text = 'production designer'::text)
                                       Rows Removed by Filter: 11
                                       Buffers: shared hit=1
                     ->  Index Scan using name_pkey on name n  (cost=0.43..2.32 rows=1 width=4) (actual time=0.041..0.041 rows=0 loops=68)
                           Index Cond: (id = ci.person_id)
                           Filter: ((gender)::text = 'm'::text)
                           Rows Removed by Filter: 1
                           Buffers: shared hit=203 read=69
 Planning:
   Buffers: shared hit=574
 Planning Time: 14.070 ms
 Execution Time: 4504.014 ms
(78 rows)

