                                                                                               QUERY PLAN                                                                                               
--------------------------------------------------------------------------------------------------------------------------------------------------------------------------------------------------------
 Aggregate  (cost=535155.44..535155.45 rows=1 width=8) (actual time=6092.857..6092.866 rows=1 loops=1)
   Buffers: shared hit=625788 read=5681
   ->  Nested Loop  (cost=14219.17..535155.33 rows=45 width=0) (actual time=98.052..6092.822 rows=67 loops=1)
         Buffers: shared hit=625788 read=5681
         ->  Hash Join  (cost=14218.74..534995.29 rows=69 width=4) (actual time=97.968..6086.835 rows=166 loops=1)
               Hash Cond: (ci.role_id = rt.id)
               Buffers: shared hit=625336 read=5469
               ->  Nested Loop  (cost=14217.57..534992.63 rows=416 width=8) (actual time=37.207..6085.722 rows=6121 loops=1)
                     Buffers: shared hit=625335 read=5469
                     ->  Nested Loop  (cost=14217.13..533700.55 rows=29 width=12) (actual time=37.101..6008.605 rows=633 loops=1)
                           Buffers: shared hit=619348 read=3622
                           ->  Seq Scan on info_type it2  (cost=0.00..2.41 rows=1 width=4) (actual time=0.025..0.036 rows=1 loops=1)
                                 Filter: (id = 4)
                                 Rows Removed by Filter: 112
                                 Buffers: shared hit=1
                           ->  Nested Loop  (cost=14217.13..533697.85 rows=29 width=16) (actual time=37.074..6008.411 rows=633 loops=1)
                                 Buffers: shared hit=619347 read=3622
                                 ->  Seq Scan on info_type it1  (cost=0.00..2.41 rows=1 width=4) (actual time=0.009..0.020 rows=1 loops=1)
                                       Filter: (id = 8)
                                       Rows Removed by Filter: 112
                                       Buffers: shared hit=1
                                 ->  Nested Loop  (cost=14217.13..533695.15 rows=29 width=20) (actual time=37.062..6008.230 rows=633 loops=1)
                                       Buffers: shared hit=619346 read=3622
                                       ->  Hash Join  (cost=14216.69..485799.56 rows=1116 width=12) (actual time=34.804..5934.147 rows=944 loops=1)
                                             Hash Cond: (t.kind_id = kt.id)
                                             Buffers: shared hit=611434 read=3336
                                             ->  Nested Loop  (cost=14215.56..485787.46 rows=2603 width=16) (actual time=34.761..5924.932 rows=36899 loops=1)
                                                   Buffers: shared hit=611433 read=3336
                                                   ->  Bitmap Heap Scan on movie_info mi1  (cost=14215.12..401867.01 rows=14392 width=8) (actual time=34.142..617.046 rows=152894 loops=1)
                                                         Recheck Cond: (info_type_id = 8)
                                                         Filter: ((info)::text = ANY ('{Australia,Canada,"Hong Kong",India,Italy}'::text[]))
                                                         Rows Removed by Filter: 1172467
                                                         Heap Blocks: exact=7853
                                                         Buffers: shared hit=8893
                                                         ->  Bitmap Index Scan on info_type_id_movie_info  (cost=0.00..14211.52 rows=1329478 width=0) (actual time=33.161..33.162 rows=1325361 loops=1)
                                                               Index Cond: (info_type_id = 8)
                                                               Buffers: shared hit=1040
                                                   ->  Memoize  (cost=0.44..5.93 rows=1 width=8) (actual time=0.034..0.034 rows=0 loops=152894)
                                                         Cache Key: mi1.movie_id
                                                         Cache Mode: logical
                                                         Hits: 1425  Misses: 151469  Evictions: 47041  Overflows: 0  Memory Usage: 8193kB
                                                         Buffers: shared hit=602540 read=3336
                                                         ->  Index Scan using title_pkey on title t  (cost=0.43..5.92 rows=1 width=8) (actual time=0.034..0.034 rows=0 loops=151469)
                                                               Index Cond: (id = mi1.movie_id)
                                                               Filter: ((production_year <= 1975) AND (1875 < production_year))
                                                               Rows Removed by Filter: 1
                                                               Buffers: shared hit=602540 read=3336
                                             ->  Hash  (cost=1.10..1.10 rows=3 width=4) (actual time=0.015..0.016 rows=3 loops=1)
                                                   Buckets: 1024  Batches: 1  Memory Usage: 9kB
                                                   Buffers: shared hit=1
                                                   ->  Seq Scan on kind_type kt  (cost=0.00..1.10 rows=3 width=4) (actual time=0.009..0.011 rows=3 loops=1)
                                                         Filter: ((kind)::text = ANY ('{"tv series","video game","video movie"}'::text[]))
                                                         Rows Removed by Filter: 4
                                                         Buffers: shared hit=1
                                       ->  Index Scan using movie_id_movie_info on movie_info mi2  (cost=0.43..42.91 rows=1 width=8) (actual time=0.060..0.078 rows=1 loops=944)
                                             Index Cond: (movie_id = t.id)
                                             Filter: ((info_type_id = 4) AND ((info)::text = ANY ('{English,French,Mandarin,Telugu}'::text[])))
                                             Rows Removed by Filter: 7
                                             Buffers: shared hit=7912 read=286
                     ->  Index Scan using movie_id_cast_info on cast_info ci  (cost=0.44..44.17 rows=38 width=12) (actual time=0.029..0.119 rows=10 loops=633)
                           Index Cond: (movie_id = t.id)
                           Buffers: shared hit=5987 read=1847
               ->  Hash  (cost=1.15..1.15 rows=2 width=4) (actual time=0.036..0.037 rows=2 loops=1)
                     Buckets: 1024  Batches: 1  Memory Usage: 9kB
                     Buffers: shared hit=1
                     ->  Seq Scan on role_type rt  (cost=0.00..1.15 rows=2 width=4) (actual time=0.028..0.030 rows=2 loops=1)
                           Filter: ((role)::text = ANY ('{composer,editor}'::text[]))
                           Rows Removed by Filter: 10
                           Buffers: shared hit=1
         ->  Index Scan using name_pkey on name n  (cost=0.43..2.32 rows=1 width=4) (actual time=0.035..0.035 rows=0 loops=166)
               Index Cond: (id = ci.person_id)
               Filter: ((gender)::text = ANY ('{f,m}'::text[]))
               Rows Removed by Filter: 1
               Buffers: shared hit=452 read=212
 Planning:
   Buffers: shared hit=574
 Planning Time: 12.432 ms
 Execution Time: 6095.878 ms
(78 rows)

