                                                                                               QUERY PLAN                                                                                               
--------------------------------------------------------------------------------------------------------------------------------------------------------------------------------------------------------
 Aggregate  (cost=428090.81..428090.82 rows=1 width=8) (actual time=4532.689..4532.696 rows=1 loops=1)
   Buffers: shared hit=397820 read=71725
   ->  Nested Loop  (cost=14216.52..428090.80 rows=1 width=0) (actual time=499.780..4532.155 rows=1849 loops=1)
         Buffers: shared hit=397820 read=71725
         ->  Hash Join  (cost=14216.09..428086.17 rows=2 width=4) (actual time=56.585..4312.747 rows=6784 loops=1)
               Hash Cond: (ci.role_id = rt.id)
               Buffers: shared hit=372061 read=70348
               ->  Nested Loop  (cost=14214.92..428084.94 rows=14 width=8) (actual time=53.970..4291.285 rows=136235 loops=1)
                     Buffers: shared hit=372060 read=70348
                     ->  Nested Loop  (cost=14214.48..428040.39 rows=1 width=12) (actual time=53.932..2922.926 rows=8519 loops=1)
                           Buffers: shared hit=229905 read=52687
                           ->  Nested Loop  (cost=14214.48..428037.97 rows=1 width=16) (actual time=53.927..2768.216 rows=8519 loops=1)
                                 Buffers: shared hit=221386 read=52687
                                 ->  Nested Loop  (cost=14214.48..428035.54 rows=1 width=20) (actual time=53.905..2612.490 rows=8519 loops=1)
                                       Buffers: shared hit=212867 read=52687
                                       ->  Hash Join  (cost=14214.04..415417.89 rows=294 width=12) (actual time=53.852..1840.064 rows=9568 loops=1)
                                             Hash Cond: (t.kind_id = kt.id)
                                             Buffers: shared hit=147127 read=32303
                                             ->  Nested Loop  (cost=14212.91..415413.87 rows=685 width=16) (actual time=37.019..1835.763 rows=10420 loops=1)
                                                   Buffers: shared hit=147126 read=32303
                                                   ->  Bitmap Heap Scan on movie_info mi1  (cost=14212.47..386807.76 rows=3790 width=8) (actual time=36.887..453.934 rows=42846 loops=1)
                                                         Recheck Cond: (info_type_id = 8)
                                                         Filter: ((info)::text = ANY ('{Argentina,Brazil,Czechoslovakia,"South Korea"}'::text[]))
                                                         Rows Removed by Filter: 1282515
                                                         Heap Blocks: exact=7853
                                                         Buffers: shared hit=5 read=8888
                                                         ->  Bitmap Index Scan on info_type_id_movie_info  (cost=0.00..14211.52 rows=1329478 width=0) (actual time=35.876..35.877 rows=1325361 loops=1)
                                                               Index Cond: (info_type_id = 8)
                                                               Buffers: shared read=1040
                                                   ->  Memoize  (cost=0.44..7.57 rows=1 width=8) (actual time=0.032..0.032 rows=0 loops=42846)
                                                         Cache Key: mi1.movie_id
                                                         Cache Mode: logical
                                                         Hits: 212  Misses: 42634  Evictions: 0  Overflows: 0  Memory Usage: 3237kB
                                                         Buffers: shared hit=147121 read=23415
                                                         ->  Index Scan using title_pkey on title t  (cost=0.43..7.56 rows=1 width=8) (actual time=0.031..0.031 rows=0 loops=42634)
                                                               Index Cond: (id = mi1.movie_id)
                                                               Filter: ((production_year <= 1975) AND (1875 < production_year))
                                                               Rows Removed by Filter: 1
                                                               Buffers: shared hit=147121 read=23415
                                             ->  Hash  (cost=1.10..1.10 rows=3 width=4) (actual time=0.028..0.028 rows=3 loops=1)
                                                   Buckets: 1024  Batches: 1  Memory Usage: 9kB
                                                   Buffers: shared hit=1
                                                   ->  Seq Scan on kind_type kt  (cost=0.00..1.10 rows=3 width=4) (actual time=0.014..0.016 rows=3 loops=1)
                                                         Filter: ((kind)::text = ANY ('{episode,movie,"tv movie"}'::text[]))
                                                         Rows Removed by Filter: 4
                                                         Buffers: shared hit=1
                                       ->  Index Scan using movie_id_movie_info on movie_info mi2  (cost=0.43..42.91 rows=1 width=8) (actual time=0.038..0.080 rows=1 loops=9568)
                                             Index Cond: (movie_id = t.id)
                                             Filter: ((info_type_id = 4) AND ((info)::text = ANY ('{Czech,Korean,Portuguese,Spanish}'::text[])))
                                             Rows Removed by Filter: 6
                                             Buffers: shared hit=65740 read=20384
                                 ->  Seq Scan on info_type it1  (cost=0.00..2.41 rows=1 width=4) (actual time=0.010..0.017 rows=1 loops=8519)
                                       Filter: (id = 8)
                                       Rows Removed by Filter: 112
                                       Buffers: shared hit=8519
                           ->  Seq Scan on info_type it2  (cost=0.00..2.41 rows=1 width=4) (actual time=0.009..0.017 rows=1 loops=8519)
                                 Filter: (id = 4)
                                 Rows Removed by Filter: 112
                                 Buffers: shared hit=8519
                     ->  Index Scan using movie_id_cast_info on cast_info ci  (cost=0.44..44.17 rows=38 width=12) (actual time=0.030..0.157 rows=16 loops=8519)
                           Index Cond: (movie_id = t.id)
                           Buffers: shared hit=142155 read=17661
               ->  Hash  (cost=1.15..1.15 rows=2 width=4) (actual time=0.033..0.034 rows=2 loops=1)
                     Buckets: 1024  Batches: 1  Memory Usage: 9kB
                     Buffers: shared hit=1
                     ->  Seq Scan on role_type rt  (cost=0.00..1.15 rows=2 width=4) (actual time=0.026..0.028 rows=2 loops=1)
                           Filter: ((role)::text = ANY ('{"costume designer",editor}'::text[]))
                           Rows Removed by Filter: 10
                           Buffers: shared hit=1
         ->  Index Scan using name_pkey on name n  (cost=0.43..2.32 rows=1 width=4) (actual time=0.032..0.032 rows=0 loops=6784)
               Index Cond: (id = ci.person_id)
               Filter: ((gender)::text = 'm'::text)
               Rows Removed by Filter: 1
               Buffers: shared hit=25759 read=1377
 Planning:
   Buffers: shared hit=484 read=90
 Planning Time: 13.352 ms
 Execution Time: 4533.915 ms
(78 rows)

