                                                                                            QUERY PLAN                                                                                            
--------------------------------------------------------------------------------------------------------------------------------------------------------------------------------------------------
 Aggregate  (cost=653797.83..653797.84 rows=1 width=8) (actual time=81615.116..81615.127 rows=1 loops=1)
   Buffers: shared hit=7488968 read=620416, temp read=2248 written=2248
   ->  Nested Loop  (cost=91933.79..653797.49 rows=138 width=0) (actual time=521.610..81430.488 rows=1071016 loops=1)
         Buffers: shared hit=7488968 read=620416, temp read=2248 written=2248
         ->  Hash Join  (cost=91933.36..653032.05 rows=330 width=4) (actual time=521.586..39843.339 rows=1103853 loops=1)
               Hash Cond: (ci.role_id = rt.id)
               Buffers: shared hit=3137508 read=556464, temp read=2248 written=2248
               ->  Nested Loop  (cost=91932.18..653023.85 rows=1978 width=8) (actual time=521.518..39107.891 rows=2139543 loops=1)
                     Buffers: shared hit=3137507 read=556464, temp read=2248 written=2248
                     ->  Nested Loop  (cost=91931.74..646830.49 rows=138 width=12) (actual time=521.495..14301.197 rows=104710 loops=1)
                           Buffers: shared hit=1070893 read=222044, temp read=2248 written=2248
                           ->  Seq Scan on info_type it2  (cost=0.00..2.41 rows=1 width=4) (actual time=0.030..0.043 rows=1 loops=1)
                                 Filter: (id = 4)
                                 Rows Removed by Filter: 112
                                 Buffers: shared hit=1
                           ->  Nested Loop  (cost=91931.74..646826.69 rows=138 width=16) (actual time=521.463..14271.801 rows=104710 loops=1)
                                 Buffers: shared hit=1070892 read=222044, temp read=2248 written=2248
                                 ->  Seq Scan on info_type it1  (cost=0.00..2.41 rows=1 width=4) (actual time=0.009..0.024 rows=1 loops=1)
                                       Filter: (id = 8)
                                       Rows Removed by Filter: 112
                                       Buffers: shared hit=1
                                 ->  Nested Loop  (cost=91931.74..646822.90 rows=138 width=20) (actual time=521.451..14241.481 rows=104710 loops=1)
                                       Buffers: shared hit=1070891 read=222044, temp read=2248 written=2248
                                       ->  Hash Join  (cost=91931.31..464830.87 rows=4194 width=12) (actual time=521.362..1647.491 rows=109827 loops=1)
                                             Hash Cond: (mi1.movie_id = t.id)
                                             Buffers: shared hit=22180 read=23105, temp read=2248 written=2248
                                             ->  Bitmap Heap Scan on movie_info mi1  (cost=14229.03..386824.33 rows=69954 width=8) (actual time=35.693..561.365 rows=774753 loops=1)
                                                   Recheck Cond: (info_type_id = 8)
                                                   Filter: ((info)::text = ANY ('{France,Germany,Greece,Japan,Mexico,Philippines,Sweden,Turkey,USA,"West Germany"}'::text[]))
                                                   Rows Removed by Filter: 550608
                                                   Heap Blocks: exact=7853
                                                   Buffers: shared hit=1071 read=7822
                                                   ->  Bitmap Index Scan on info_type_id_movie_info  (cost=0.00..14211.52 rows=1329478 width=0) (actual time=34.714..34.714 rows=1325361 loops=1)
                                                         Index Cond: (info_type_id = 8)
                                                         Buffers: shared hit=1040
                                             ->  Hash  (cost=75807.58..75807.58 rows=151576 width=4) (actual time=484.296..484.300 rows=335746 loops=1)
                                                   Buckets: 262144 (originally 262144)  Batches: 2 (originally 1)  Memory Usage: 7957kB
                                                   Buffers: shared hit=21109 read=15283, temp written=491
                                                   ->  Hash Join  (cost=1.13..75807.58 rows=151576 width=4) (actual time=0.038..427.193 rows=335746 loops=1)
                                                         Hash Cond: (t.kind_id = kt.id)
                                                         Buffers: shared hit=21109 read=15283
                                                         ->  Seq Scan on title t  (cost=0.00..74315.95 rows=353677 width=8) (actual time=0.023..382.142 rows=347589 loops=1)
                                                               Filter: ((production_year <= 1975) AND (1925 < production_year))
                                                               Rows Removed by Filter: 2180723
                                                               Buffers: shared hit=21108 read=15283
                                                         ->  Hash  (cost=1.10..1.10 rows=3 width=4) (actual time=0.013..0.014 rows=3 loops=1)
                                                               Buckets: 1024  Batches: 1  Memory Usage: 9kB
                                                               Buffers: shared hit=1
                                                               ->  Seq Scan on kind_type kt  (cost=0.00..1.10 rows=3 width=4) (actual time=0.006..0.007 rows=3 loops=1)
                                                                     Filter: ((kind)::text = ANY ('{episode,movie,"tv movie"}'::text[]))
                                                                     Rows Removed by Filter: 4
                                                                     Buffers: shared hit=1
                                       ->  Index Scan using movie_id_movie_info on movie_info mi2  (cost=0.43..43.38 rows=1 width=8) (actual time=0.048..0.114 rows=1 loops=109827)
                                             Index Cond: (movie_id = t.id)
                                             Filter: ((info_type_id = 4) AND ((info)::text = ANY ('{English,Filipino,French,German,Greek,Japanese,Spanish,Swedish,Turkish}'::text[])))
                                             Rows Removed by Filter: 13
                                             Buffers: shared hit=1048711 read=198939
                     ->  Index Scan using movie_id_cast_info on cast_info ci  (cost=0.44..44.50 rows=38 width=12) (actual time=0.038..0.230 rows=20 loops=104710)
                           Index Cond: (movie_id = t.id)
                           Buffers: shared hit=2066614 read=334420
               ->  Hash  (cost=1.15..1.15 rows=2 width=4) (actual time=0.040..0.041 rows=2 loops=1)
                     Buckets: 1024  Batches: 1  Memory Usage: 9kB
                     Buffers: shared hit=1
                     ->  Seq Scan on role_type rt  (cost=0.00..1.15 rows=2 width=4) (actual time=0.026..0.030 rows=2 loops=1)
                           Filter: ((role)::text = ANY ('{actor,composer}'::text[]))
                           Rows Removed by Filter: 10
                           Buffers: shared hit=1
         ->  Index Scan using name_pkey on name n  (cost=0.43..2.32 rows=1 width=4) (actual time=0.037..0.037 rows=1 loops=1103853)
               Index Cond: (id = ci.person_id)
               Filter: ((gender)::text = 'm'::text)
               Rows Removed by Filter: 0
               Buffers: shared hit=4351460 read=63952
 Planning:
   Buffers: shared hit=576 read=1
 Planning Time: 13.822 ms
 Execution Time: 81615.805 ms
(76 rows)

