                                                                                               QUERY PLAN                                                                                               
--------------------------------------------------------------------------------------------------------------------------------------------------------------------------------------------------------
 Aggregate  (cost=503999.93..503999.94 rows=1 width=8) (actual time=5224.920..5224.927 rows=1 loops=1)
   Buffers: shared hit=520615 read=17378
   ->  Nested Loop  (cost=13061.21..503999.92 rows=3 width=0) (actual time=37.438..5224.791 rows=421 loops=1)
         Buffers: shared hit=520615 read=17378
         ->  Hash Join  (cost=13060.78..503988.32 rows=5 width=4) (actual time=36.892..5198.726 rows=669 loops=1)
               Hash Cond: (ci.role_id = rt.id)
               Buffers: shared hit=518420 read=16897
               ->  Nested Loop  (cost=13059.61..503987.05 rows=29 width=8) (actual time=36.208..5197.036 rows=9540 loops=1)
                     Buffers: shared hit=518419 read=16897
                     ->  Nested Loop  (cost=13059.17..503897.94 rows=2 width=12) (actual time=36.172..5069.772 rows=922 loops=1)
                           Buffers: shared hit=510072 read=13022
                           ->  Seq Scan on info_type it2  (cost=0.00..2.41 rows=1 width=4) (actual time=0.032..0.040 rows=1 loops=1)
                                 Filter: (id = 4)
                                 Rows Removed by Filter: 112
                                 Buffers: shared hit=1
                           ->  Nested Loop  (cost=13059.17..503895.51 rows=2 width=16) (actual time=36.138..5069.521 rows=922 loops=1)
                                 Buffers: shared hit=510071 read=13022
                                 ->  Seq Scan on info_type it1  (cost=0.00..2.41 rows=1 width=4) (actual time=0.009..0.019 rows=1 loops=1)
                                       Filter: (id = 8)
                                       Rows Removed by Filter: 112
                                       Buffers: shared hit=1
                                 ->  Nested Loop  (cost=13059.17..503893.08 rows=2 width=20) (actual time=36.126..5069.272 rows=922 loops=1)
                                       Buffers: shared hit=510070 read=13022
                                       ->  Hash Join  (cost=13058.73..479917.14 rows=556 width=12) (actual time=36.018..4950.417 rows=1647 loops=1)
                                             Hash Cond: (t.kind_id = kt.id)
                                             Buffers: shared hit=498887 read=10650
                                             ->  Nested Loop  (cost=13057.60..479910.55 rows=1296 width=16) (actual time=35.972..4941.649 rows=35607 loops=1)
                                                   Buffers: shared hit=498886 read=10650
                                                   ->  Bitmap Heap Scan on movie_info mi2  (cost=13057.16..430356.22 rows=7167 width=8) (actual time=35.875..654.566 rows=126032 loops=1)
                                                         Recheck Cond: (info_type_id = 4)
                                                         Filter: ((info)::text = ANY ('{Czech,German,Greek,Korean,Portuguese,Serbo-Croatian,Tagalog}'::text[]))
                                                         Rows Removed by Filter: 1172957
                                                         Heap Blocks: exact=8393
                                                         Buffers: shared hit=9412
                                                         ->  Bitmap Index Scan on info_type_id_movie_info  (cost=0.00..13055.37 rows=1221191 width=0) (actual time=33.505..33.505 rows=1298989 loops=1)
                                                               Index Cond: (info_type_id = 4)
                                                               Buffers: shared hit=1019
                                                   ->  Memoize  (cost=0.44..6.97 rows=1 width=8) (actual time=0.034..0.034 rows=0 loops=126032)
                                                         Cache Key: mi2.movie_id
                                                         Cache Mode: logical
                                                         Hits: 1001  Misses: 125031  Evictions: 20568  Overflows: 0  Memory Usage: 8193kB
                                                         Buffers: shared hit=489474 read=10650
                                                         ->  Index Scan using title_pkey on title t  (cost=0.43..6.96 rows=1 width=8) (actual time=0.033..0.033 rows=0 loops=125031)
                                                               Index Cond: (id = mi2.movie_id)
                                                               Filter: ((production_year <= 1975) AND (1875 < production_year))
                                                               Rows Removed by Filter: 1
                                                               Buffers: shared hit=489474 read=10650
                                             ->  Hash  (cost=1.10..1.10 rows=3 width=4) (actual time=0.015..0.016 rows=3 loops=1)
                                                   Buckets: 1024  Batches: 1  Memory Usage: 9kB
                                                   Buffers: shared hit=1
                                                   ->  Seq Scan on kind_type kt  (cost=0.00..1.10 rows=3 width=4) (actual time=0.009..0.011 rows=3 loops=1)
                                                         Filter: ((kind)::text = ANY ('{"tv series","video game","video movie"}'::text[]))
                                                         Rows Removed by Filter: 4
                                                         Buffers: shared hit=1
                                       ->  Index Scan using movie_id_movie_info on movie_info mi1  (cost=0.43..43.11 rows=1 width=8) (actual time=0.067..0.072 rows=1 loops=1647)
                                             Index Cond: (movie_id = t.id)
                                             Filter: ((info_type_id = 8) AND ((info)::text = ANY ('{Austria,Brazil,Czechoslovakia,Germany,Greece,Philippines,"South Korea",Yugoslavia}'::text[])))
                                             Rows Removed by Filter: 6
                                             Buffers: shared hit=11183 read=2372
                     ->  Index Scan using movie_id_cast_info on cast_info ci  (cost=0.44..44.17 rows=38 width=12) (actual time=0.043..0.135 rows=10 loops=922)
                           Index Cond: (movie_id = t.id)
                           Buffers: shared hit=8347 read=3875
               ->  Hash  (cost=1.15..1.15 rows=2 width=4) (actual time=0.035..0.035 rows=2 loops=1)
                     Buckets: 1024  Batches: 1  Memory Usage: 9kB
                     Buffers: shared hit=1
                     ->  Seq Scan on role_type rt  (cost=0.00..1.15 rows=2 width=4) (actual time=0.027..0.029 rows=2 loops=1)
                           Filter: ((role)::text = ANY ('{director,"miscellaneous crew"}'::text[]))
                           Rows Removed by Filter: 10
                           Buffers: shared hit=1
         ->  Index Scan using name_pkey on name n  (cost=0.43..2.32 rows=1 width=4) (actual time=0.038..0.038 rows=1 loops=669)
               Index Cond: (id = ci.person_id)
               Filter: ((gender)::text = ANY ('{f,m}'::text[]))
               Rows Removed by Filter: 0
               Buffers: shared hit=2195 read=481
 Planning:
   Buffers: shared hit=574
 Planning Time: 13.273 ms
 Execution Time: 5227.110 ms
(78 rows)

