                                                                                               QUERY PLAN                                                                                               
--------------------------------------------------------------------------------------------------------------------------------------------------------------------------------------------------------
 Aggregate  (cost=358294.44..358294.45 rows=1 width=8) (actual time=1975.098..1975.105 rows=1 loops=1)
   Buffers: shared hit=144036 read=58721
   ->  Nested Loop  (cost=14215.57..358294.44 rows=1 width=0) (actual time=84.025..1975.066 rows=43 loops=1)
         Buffers: shared hit=144036 read=58721
         ->  Hash Join  (cost=14215.14..358292.12 rows=1 width=4) (actual time=38.299..1947.084 rows=983 loops=1)
               Hash Cond: (ci.role_id = rt.id)
               Buffers: shared hit=140845 read=57980
               ->  Nested Loop  (cost=14213.98..358290.91 rows=14 width=8) (actual time=37.846..1938.692 rows=74427 loops=1)
                     Buffers: shared hit=140844 read=57980
                     ->  Nested Loop  (cost=14213.54..358247.21 rows=1 width=12) (actual time=37.739..1180.952 rows=3512 loops=1)
                           Buffers: shared hit=89010 read=26512
                           ->  Nested Loop  (cost=14213.54..358244.79 rows=1 width=16) (actual time=37.734..1131.610 rows=3512 loops=1)
                                 Buffers: shared hit=85498 read=26512
                                 ->  Nested Loop  (cost=14213.54..358242.37 rows=1 width=20) (actual time=37.714..1078.075 rows=3512 loops=1)
                                       Buffers: shared hit=81986 read=26512
                                       ->  Hash Join  (cost=14213.10..357269.78 rows=23 width=12) (actual time=37.654..524.078 rows=6340 loops=1)
                                             Hash Cond: (t.kind_id = kt.id)
                                             Buffers: shared hit=39700 read=3458
                                             ->  Nested Loop  (cost=14211.97..357268.42 rows=54 width=16) (actual time=35.011..521.760 rows=7958 loops=1)
                                                   Buffers: shared hit=39699 read=3458
                                                   ->  Bitmap Heap Scan on movie_info mi1  (cost=14211.54..356693.65 rows=68 width=8) (actual time=34.979..288.448 rows=8566 loops=1)
                                                         Recheck Cond: (info_type_id = 8)
                                                         Filter: ((info)::text = ANY ('{"Czech Republic",Switzerland}'::text[]))
                                                         Rows Removed by Filter: 1316795
                                                         Heap Blocks: exact=7853
                                                         Buffers: shared hit=5452 read=3441
                                                         ->  Bitmap Index Scan on info_type_id_movie_info  (cost=0.00..14211.52 rows=1329478 width=0) (actual time=33.900..33.901 rows=1325361 loops=1)
                                                               Index Cond: (info_type_id = 8)
                                                               Buffers: shared hit=1040
                                                   ->  Index Scan using title_pkey on title t  (cost=0.43..8.45 rows=1 width=8) (actual time=0.027..0.027 rows=1 loops=8566)
                                                         Index Cond: (id = mi1.movie_id)
                                                         Filter: ((production_year <= 2015) AND (1975 < production_year))
                                                         Rows Removed by Filter: 0
                                                         Buffers: shared hit=34247 read=17
                                             ->  Hash  (cost=1.10..1.10 rows=3 width=4) (actual time=0.016..0.017 rows=3 loops=1)
                                                   Buckets: 1024  Batches: 1  Memory Usage: 9kB
                                                   Buffers: shared hit=1
                                                   ->  Seq Scan on kind_type kt  (cost=0.00..1.10 rows=3 width=4) (actual time=0.010..0.012 rows=3 loops=1)
                                                         Filter: ((kind)::text = ANY ('{episode,movie,"video movie"}'::text[]))
                                                         Rows Removed by Filter: 4
                                                         Buffers: shared hit=1
                                       ->  Index Scan using movie_id_movie_info on movie_info mi2  (cost=0.43..42.28 rows=1 width=8) (actual time=0.055..0.087 rows=1 loops=6340)
                                             Index Cond: (movie_id = t.id)
                                             Filter: ((info_type_id = 4) AND ((info)::text = ANY ('{English,French,German}'::text[])))
                                             Rows Removed by Filter: 13
                                             Buffers: shared hit=42286 read=23054
                                 ->  Seq Scan on info_type it1  (cost=0.00..2.41 rows=1 width=4) (actual time=0.009..0.014 rows=1 loops=3512)
                                       Filter: (id = 8)
                                       Rows Removed by Filter: 112
                                       Buffers: shared hit=3512
                           ->  Seq Scan on info_type it2  (cost=0.00..2.41 rows=1 width=4) (actual time=0.007..0.013 rows=1 loops=3512)
                                 Filter: (id = 4)
                                 Rows Removed by Filter: 112
                                 Buffers: shared hit=3512
                     ->  Index Scan using movie_id_cast_info on cast_info ci  (cost=0.44..43.32 rows=38 width=12) (actual time=0.033..0.212 rows=21 loops=3512)
                           Index Cond: (movie_id = t.id)
                           Buffers: shared hit=51834 read=31468
               ->  Hash  (cost=1.15..1.15 rows=1 width=4) (actual time=0.032..0.032 rows=1 loops=1)
                     Buckets: 1024  Batches: 1  Memory Usage: 9kB
                     Buffers: shared hit=1
                     ->  Seq Scan on role_type rt  (cost=0.00..1.15 rows=1 width=4) (actual time=0.025..0.026 rows=1 loops=1)
                           Filter: ((role)::text = 'production designer'::text)
                           Rows Removed by Filter: 11
                           Buffers: shared hit=1
         ->  Index Scan using name_pkey on name n  (cost=0.43..2.32 rows=1 width=4) (actual time=0.028..0.028 rows=0 loops=983)
               Index Cond: (id = ci.person_id)
               Filter: ((gender)::text = 'f'::text)
               Rows Removed by Filter: 1
               Buffers: shared hit=3191 read=741
 Planning:
   Buffers: shared hit=574
 Planning Time: 12.866 ms
 Execution Time: 1975.664 ms
(73 rows)

