                                                                                            QUERY PLAN                                                                                            
--------------------------------------------------------------------------------------------------------------------------------------------------------------------------------------------------
 Aggregate  (cost=834420.14..834420.15 rows=1 width=8) (actual time=92586.928..92586.937 rows=1 loops=1)
   Buffers: shared hit=8651078 read=859823, temp read=6895 written=6895
   ->  Nested Loop  (cost=69451.11..834419.27 rows=349 width=0) (actual time=746.370..92509.110 rows=406381 loops=1)
         Buffers: shared hit=8651078 read=859823, temp read=6895 written=6895
         ->  Hash Join  (cost=69450.68..833178.33 rows=535 width=4) (actual time=746.254..65100.621 rows=764872 loops=1)
               Hash Cond: (ci.role_id = rt.id)
               Buffers: shared hit=5642500 read=808913, temp read=6895 written=6895
               ->  Nested Loop  (cost=69449.51..833165.74 rows=3211 width=8) (actual time=745.986..64097.452 rows=4244740 loops=1)
                     Buffers: shared hit=5642499 read=808913, temp read=6895 written=6895
                     ->  Nested Loop  (cost=69449.07..823377.46 rows=224 width=12) (actual time=745.929..18723.414 rows=156997 loops=1)
                           Buffers: shared hit=1650137 read=179113, temp read=6895 written=6895
                           ->  Seq Scan on info_type it2  (cost=0.00..2.41 rows=1 width=4) (actual time=0.026..0.036 rows=1 loops=1)
                                 Filter: (id = 4)
                                 Rows Removed by Filter: 112
                                 Buffers: shared hit=1
                           ->  Nested Loop  (cost=69449.07..823372.81 rows=224 width=16) (actual time=745.902..18679.226 rows=156997 loops=1)
                                 Buffers: shared hit=1650136 read=179113, temp read=6895 written=6895
                                 ->  Seq Scan on info_type it1  (cost=0.00..2.41 rows=1 width=4) (actual time=0.006..0.018 rows=1 loops=1)
                                       Filter: (id = 8)
                                       Rows Removed by Filter: 112
                                       Buffers: shared hit=1
                                 ->  Nested Loop  (cost=69449.07..823368.15 rows=224 width=20) (actual time=745.893..18635.036 rows=156997 loops=1)
                                       Buffers: shared hit=1650135 read=179113, temp read=6895 written=6895
                                       ->  Hash Join  (cost=69448.63..488749.37 rows=7875 width=12) (actual time=695.607..1800.631 rows=209585 loops=1)
                                             Hash Cond: (mi2.movie_id = t.id)
                                             Buffers: shared hit=7193 read=28145, temp read=6895 written=6895
                                             ->  Bitmap Heap Scan on movie_info mi2  (cost=13072.76..430371.82 rows=69579 width=8) (actual time=35.700..466.208 rows=881583 loops=1)
                                                   Recheck Cond: (info_type_id = 4)
                                                   Filter: ((info)::text = ANY ('{Catalan,Danish,English,French,Portuguese,Swedish,Telugu}'::text[]))
                                                   Rows Removed by Filter: 417406
                                                   Heap Blocks: exact=8393
                                                   Buffers: shared hit=2189 read=7223
                                                   ->  Bitmap Index Scan on info_type_id_movie_info  (cost=0.00..13055.37 rows=1221191 width=0) (actual time=34.655..34.655 rows=1298989 loops=1)
                                                         Index Cond: (info_type_id = 4)
                                                         Buffers: shared read=1019
                                             ->  Hash  (cost=51681.05..51681.05 rows=286146 width=4) (actual time=658.868..658.871 rows=1308896 loops=1)
                                                   Buckets: 262144 (originally 262144)  Batches: 8 (originally 2)  Memory Usage: 7812kB
                                                   Buffers: shared hit=5004 read=20922, temp written=3350
                                                   ->  Nested Loop  (cost=4576.30..51681.05 rows=286146 width=4) (actual time=42.246..476.319 rows=1308896 loops=1)
                                                         Buffers: shared hit=5004 read=20922
                                                         ->  Seq Scan on kind_type kt  (cost=0.00..1.09 rows=1 width=4) (actual time=0.010..0.012 rows=1 loops=1)
                                                               Filter: ((kind)::text = 'episode'::text)
                                                               Rows Removed by Filter: 6
                                                               Buffers: shared hit=1
                                                         ->  Bitmap Heap Scan on title t  (cost=4576.30..48341.59 rows=333837 width=8) (actual time=42.232..396.258 rows=1308896 loops=1)
                                                               Recheck Cond: (kind_id = kt.id)
                                                               Filter: ((production_year <= 2015) AND (1975 < production_year))
                                                               Rows Removed by Filter: 234368
                                                               Heap Blocks: exact=24715
                                                               Buffers: shared hit=5003 read=20922
                                                               ->  Bitmap Index Scan on kind_id_title  (cost=0.00..4492.84 rows=421388 width=0) (actual time=38.967..38.968 rows=1543264 loops=1)
                                                                     Index Cond: (kind_id = kt.id)
                                                                     Buffers: shared read=1210
                                       ->  Index Scan using movie_id_movie_info on movie_info mi1  (cost=0.43..42.48 rows=1 width=8) (actual time=0.076..0.080 rows=1 loops=209585)
                                             Index Cond: (movie_id = t.id)
                                             Filter: ((info_type_id = 8) AND ((info)::text = ANY ('{Brazil,Denmark,India,Spain,Sweden,UK,USA}'::text[])))
                                             Rows Removed by Filter: 6
                                             Buffers: shared hit=1642942 read=150968
                     ->  Index Scan using movie_id_cast_info on cast_info ci  (cost=0.44..43.32 rows=38 width=12) (actual time=0.038..0.281 rows=27 loops=156997)
                           Index Cond: (movie_id = t.id)
                           Buffers: shared hit=3992362 read=629800
               ->  Hash  (cost=1.15..1.15 rows=2 width=4) (actual time=0.027..0.028 rows=2 loops=1)
                     Buckets: 1024  Batches: 1  Memory Usage: 9kB
                     Buffers: shared hit=1
                     ->  Seq Scan on role_type rt  (cost=0.00..1.15 rows=2 width=4) (actual time=0.021..0.023 rows=2 loops=1)
                           Filter: ((role)::text = ANY ('{composer,producer}'::text[]))
                           Rows Removed by Filter: 10
                           Buffers: shared hit=1
         ->  Index Scan using name_pkey on name n  (cost=0.43..2.32 rows=1 width=4) (actual time=0.035..0.035 rows=1 loops=764872)
               Index Cond: (id = ci.person_id)
               Filter: ((gender)::text = ANY ('{f,m}'::text[]))
               Rows Removed by Filter: 0
               Buffers: shared hit=3008578 read=50910
 Planning:
   Buffers: shared hit=529 read=45
 Planning Time: 12.859 ms
 Execution Time: 92587.769 ms
(77 rows)

