                                                                                            QUERY PLAN                                                                                            
--------------------------------------------------------------------------------------------------------------------------------------------------------------------------------------------------
 Aggregate  (cost=797516.84..797516.85 rows=1 width=8) (actual time=3686.516..3686.524 rows=1 loops=1)
   Buffers: shared hit=243870 read=86337, temp read=1874 written=1874
   ->  Nested Loop  (cost=476906.70..797516.56 rows=112 width=0) (actual time=657.723..3684.745 rows=13524 loops=1)
         Buffers: shared hit=243870 read=86337, temp read=1874 written=1874
         ->  Seq Scan on info_type it2  (cost=0.00..2.41 rows=1 width=4) (actual time=0.043..0.050 rows=1 loops=1)
               Filter: (id = 4)
               Rows Removed by Filter: 112
               Buffers: shared hit=1
         ->  Nested Loop  (cost=476906.70..797513.03 rows=112 width=4) (actual time=657.679..3682.957 rows=13524 loops=1)
               Buffers: shared hit=243869 read=86337, temp read=1874 written=1874
               ->  Seq Scan on info_type it1  (cost=0.00..2.41 rows=1 width=4) (actual time=0.009..0.017 rows=1 loops=1)
                     Filter: (id = 8)
                     Rows Removed by Filter: 112
                     Buffers: shared hit=1
               ->  Nested Loop  (cost=476906.70..797509.50 rows=112 width=8) (actual time=657.669..3680.845 rows=13524 loops=1)
                     Join Filter: (t.id = mi2.movie_id)
                     Buffers: shared hit=243868 read=86337, temp read=1874 written=1874
                     ->  Nested Loop  (cost=476906.26..633685.51 rows=3870 width=16) (actual time=657.618..2326.956 rows=13792 loops=1)
                           Buffers: shared hit=141003 read=40414, temp read=1874 written=1874
                           ->  Hash Join  (cost=476905.83..612287.94 rows=9225 width=20) (actual time=657.584..1254.376 rows=38161 loops=1)
                                 Hash Cond: (ci.movie_id = t.id)
                                 Buffers: shared hit=2764 read=26009, temp read=1874 written=1874
                                 ->  Nested Loop  (cost=0.44..123965.00 rows=3020080 width=8) (actual time=0.129..372.011 rows=1093558 loops=1)
                                       Buffers: shared hit=1089 read=5982
                                       ->  Seq Scan on role_type rt  (cost=0.00..1.15 rows=1 width=4) (actual time=0.009..0.012 rows=1 loops=1)
                                             Filter: ((role)::text = 'editor'::text)
                                             Rows Removed by Filter: 11
                                             Buffers: shared hit=1
                                       ->  Index Scan using role_id_cast_info on cast_info ci  (cost=0.44..91017.52 rows=3294633 width=12) (actual time=0.118..240.600 rows=1093558 loops=1)
                                             Index Cond: (role_id = rt.id)
                                             Buffers: shared hit=1088 read=5982
                                 ->  Hash  (cost=476808.86..476808.86 rows=7723 width=12) (actual time=657.331..657.335 rows=86890 loops=1)
                                       Buckets: 131072 (originally 8192)  Batches: 1 (originally 1)  Memory Usage: 4758kB
                                       Buffers: shared hit=1675 read=20027, temp read=1874 written=1874
                                       ->  Hash Join  (cost=72035.65..476808.86 rows=7723 width=12) (actual time=298.848..643.713 rows=86890 loops=1)
                                             Hash Cond: (mi1.movie_id = t.id)
                                             Buffers: shared hit=1675 read=20027, temp read=1874 written=1874
                                             ->  Bitmap Heap Scan on movie_info mi1  (cost=14226.02..416934.50 rows=57999 width=8) (actual time=37.230..362.540 rows=629329 loops=1)
                                                   Recheck Cond: (info_type_id = 8)
                                                   Filter: ((info)::text = ANY ('{Argentina,Japan,Philippines,Poland,"Soviet Union",USA}'::text[]))
                                                   Rows Removed by Filter: 696032
                                                   Heap Blocks: exact=7853
                                                   Buffers: shared hit=1674 read=7219
                                                   ->  Bitmap Index Scan on info_type_id_movie_info  (cost=0.00..14211.52 rows=1329478 width=0) (actual time=36.234..36.234 rows=1325361 loops=1)
                                                         Index Cond: (info_type_id = 8)
                                                         Buffers: shared read=1040
                                             ->  Hash  (cost=52285.24..52285.24 rows=336671 width=4) (actual time=142.249..142.251 rows=117920 loops=1)
                                                   Buckets: 262144  Batches: 4  Memory Usage: 3090kB
                                                   Buffers: shared hit=1 read=12808, temp written=257
                                                   ->  Nested Loop  (cost=4591.04..52285.24 rows=336671 width=4) (actual time=5.873..124.524 rows=117920 loops=1)
                                                         Buffers: shared hit=1 read=12808
                                                         ->  Seq Scan on kind_type kt  (cost=0.00..1.09 rows=1 width=4) (actual time=0.009..0.013 rows=1 loops=1)
                                                               Filter: ((kind)::text = 'video movie'::text)
                                                               Rows Removed by Filter: 6
                                                               Buffers: shared hit=1
                                                         ->  Bitmap Heap Scan on title t  (cost=4591.04..48356.33 rows=392783 width=8) (actual time=5.860..117.382 rows=117920 loops=1)
                                                               Recheck Cond: (kind_id = kt.id)
                                                               Filter: ((production_year <= 2015) AND (1925 < production_year))
                                                               Rows Removed by Filter: 314
                                                               Heap Blocks: exact=12713
                                                               Buffers: shared read=12808
                                                               ->  Bitmap Index Scan on kind_id_title  (cost=0.00..4492.84 rows=421388 width=0) (actual time=4.322..4.322 rows=118234 loops=1)
                                                                     Index Cond: (kind_id = kt.id)
                                                                     Buffers: shared read=95
                           ->  Index Scan using name_pkey on name n  (cost=0.43..2.32 rows=1 width=4) (actual time=0.028..0.028 rows=0 loops=38161)
                                 Index Cond: (id = ci.person_id)
                                 Filter: ((gender)::text = 'm'::text)
                                 Rows Removed by Filter: 1
                                 Buffers: shared hit=138239 read=14405
                     ->  Index Scan using movie_id_movie_info on movie_info mi2  (cost=0.43..42.32 rows=1 width=8) (actual time=0.037..0.098 rows=1 loops=13792)
                           Index Cond: (movie_id = ci.movie_id)
                           Filter: ((info_type_id = 4) AND ((info)::text = ANY ('{English,Filipino,Japanese,Polish,Russian,Spanish,Tagalog}'::text[])))
                           Rows Removed by Filter: 10
                           Buffers: shared hit=102865 read=45923
 Planning:
   Buffers: shared hit=482 read=92
 Planning Time: 14.181 ms
 Execution Time: 3687.156 ms
(78 rows)

