                                                                                            QUERY PLAN                                                                                            
--------------------------------------------------------------------------------------------------------------------------------------------------------------------------------------------------
 Aggregate  (cost=648939.30..648939.31 rows=1 width=8) (actual time=1470.527..1470.533 rows=1 loops=1)
   Buffers: shared hit=56674 read=71654, temp read=1005 written=1005
   ->  Nested Loop  (cost=93686.88..648939.17 rows=54 width=0) (actual time=415.909..1470.426 rows=348 loops=1)
         Buffers: shared hit=56674 read=71654, temp read=1005 written=1005
         ->  Seq Scan on info_type it2  (cost=0.00..2.41 rows=1 width=4) (actual time=0.048..0.053 rows=1 loops=1)
               Filter: (id = 4)
               Rows Removed by Filter: 112
               Buffers: shared hit=1
         ->  Nested Loop  (cost=93686.88..648936.22 rows=54 width=4) (actual time=415.860..1470.310 rows=348 loops=1)
               Buffers: shared hit=56673 read=71654, temp read=1005 written=1005
               ->  Seq Scan on info_type it1  (cost=0.00..2.41 rows=1 width=4) (actual time=0.010..0.018 rows=1 loops=1)
                     Filter: (id = 8)
                     Rows Removed by Filter: 112
                     Buffers: shared hit=1
               ->  Nested Loop  (cost=93686.88..648933.26 rows=54 width=8) (actual time=415.846..1470.215 rows=348 loops=1)
                     Buffers: shared hit=56672 read=71654, temp read=1005 written=1005
                     ->  Hash Join  (cost=93686.45..648634.05 rows=129 width=12) (actual time=415.800..1439.902 rows=804 loops=1)
                           Hash Cond: (ci.role_id = rt.id)
                           Buffers: shared hit=53834 read=71276, temp read=1005 written=1005
                           ->  Nested Loop  (cost=93685.29..648627.39 rows=1548 width=16) (actual time=406.508..1436.476 rows=28729 loops=1)
                                 Buffers: shared hit=53833 read=71276, temp read=1005 written=1005
                                 ->  Nested Loop  (cost=93684.85..643815.52 rows=108 width=20) (actual time=406.480..1083.950 rows=3655 loops=1)
                                       Buffers: shared hit=34451 read=52309, temp read=1005 written=1005
                                       ->  Hash Join  (cost=93684.41..467698.45 rows=4089 width=12) (actual time=406.385..784.093 rows=3689 loops=1)
                                             Hash Cond: (mi1.movie_id = t.id)
                                             Buffers: shared hit=5376 read=39909, temp read=1005 written=1005
                                             ->  Bitmap Heap Scan on movie_info mi1  (cost=14224.71..386820.00 rows=52759 width=8) (actual time=36.570..301.337 rows=576737 loops=1)
                                                   Recheck Cond: (info_type_id = 8)
                                                   Filter: ((info)::text = ANY ('{Hungary,India,Romania,USA}'::text[]))
                                                   Rows Removed by Filter: 748624
                                                   Heap Blocks: exact=7853
                                                   Buffers: shared hit=5237 read=3656
                                                   ->  Bitmap Index Scan on info_type_id_movie_info  (cost=0.00..14211.52 rows=1329478 width=0) (actual time=35.583..35.584 rows=1325361 loops=1)
                                                         Index Cond: (info_type_id = 8)
                                                         Buffers: shared read=1040
                                             ->  Hash  (cost=76244.10..76244.10 rows=195968 width=4) (actual time=368.617..368.620 rows=11843 loops=1)
                                                   Buckets: 262144  Batches: 2  Memory Usage: 2260kB
                                                   Buffers: shared hit=139 read=36253, temp written=17
                                                   ->  Hash Join  (cost=1.13..76244.10 rows=195968 width=4) (actual time=0.130..365.954 rows=11843 loops=1)
                                                         Hash Cond: (t.kind_id = kt.id)
                                                         Buffers: shared hit=139 read=36253
                                                         ->  Seq Scan on title t  (cost=0.00..74315.95 rows=457258 width=8) (actual time=0.026..340.462 rows=451569 loops=1)
                                                               Filter: ((production_year <= 1975) AND (1875 < production_year))
                                                               Rows Removed by Filter: 2076743
                                                               Buffers: shared hit=138 read=36253
                                                         ->  Hash  (cost=1.10..1.10 rows=3 width=4) (actual time=0.014..0.015 rows=3 loops=1)
                                                               Buckets: 1024  Batches: 1  Memory Usage: 9kB
                                                               Buffers: shared hit=1
                                                               ->  Seq Scan on kind_type kt  (cost=0.00..1.10 rows=3 width=4) (actual time=0.007..0.008 rows=3 loops=1)
                                                                     Filter: ((kind)::text = ANY ('{"tv series","video game","video movie"}'::text[]))
                                                                     Rows Removed by Filter: 4
                                                                     Buffers: shared hit=1
                                       ->  Index Scan using movie_id_movie_info on movie_info mi2  (cost=0.43..43.06 rows=1 width=8) (actual time=0.052..0.081 rows=1 loops=3689)
                                             Index Cond: (movie_id = t.id)
                                             Filter: ((info_type_id = 4) AND ((info)::text = ANY ('{Bengali,English,French,Hungarian,Malayalam,Romanian,Telugu}'::text[])))
                                             Rows Removed by Filter: 13
                                             Buffers: shared hit=29075 read=12400
                                 ->  Index Scan using movie_id_cast_info on cast_info ci  (cost=0.44..44.17 rows=38 width=12) (actual time=0.028..0.095 rows=8 loops=3655)
                                       Index Cond: (movie_id = t.id)
                                       Buffers: shared hit=19382 read=18967
                           ->  Hash  (cost=1.15..1.15 rows=1 width=4) (actual time=0.019..0.019 rows=1 loops=1)
                                 Buckets: 1024  Batches: 1  Memory Usage: 9kB
                                 Buffers: shared hit=1
                                 ->  Seq Scan on role_type rt  (cost=0.00..1.15 rows=1 width=4) (actual time=0.011..0.012 rows=1 loops=1)
                                       Filter: ((role)::text = 'composer'::text)
                                       Rows Removed by Filter: 11
                                       Buffers: shared hit=1
                     ->  Index Scan using name_pkey on name n  (cost=0.43..2.32 rows=1 width=4) (actual time=0.037..0.037 rows=0 loops=804)
                           Index Cond: (id = ci.person_id)
                           Filter: ((gender)::text = 'm'::text)
                           Rows Removed by Filter: 1
                           Buffers: shared hit=2838 read=378
 Planning:
   Buffers: shared hit=530 read=44
 Planning Time: 13.065 ms
 Execution Time: 1471.062 ms
(76 rows)

