                                                                                               QUERY PLAN                                                                                               
--------------------------------------------------------------------------------------------------------------------------------------------------------------------------------------------------------
 Aggregate  (cost=802648.22..802648.23 rows=1 width=8) (actual time=45742.945..45742.953 rows=1 loops=1)
   Buffers: shared hit=4213681 read=515448
   ->  Nested Loop  (cost=14219.58..802648.01 rows=85 width=0) (actual time=96.916..45730.391 rows=50762 loops=1)
         Buffers: shared hit=4213681 read=515448
         ->  Seq Scan on info_type it2  (cost=0.00..2.41 rows=1 width=4) (actual time=0.046..0.058 rows=1 loops=1)
               Filter: (id = 4)
               Rows Removed by Filter: 112
               Buffers: shared hit=1
         ->  Nested Loop  (cost=14219.58..802644.74 rows=85 width=4) (actual time=96.868..45719.047 rows=50762 loops=1)
               Buffers: shared hit=4213680 read=515448
               ->  Seq Scan on info_type it1  (cost=0.00..2.41 rows=1 width=4) (actual time=0.013..0.026 rows=1 loops=1)
                     Filter: (id = 8)
                     Rows Removed by Filter: 112
                     Buffers: shared hit=1
               ->  Nested Loop  (cost=14219.58..802641.48 rows=85 width=8) (actual time=96.851..45706.365 rows=50762 loops=1)
                     Buffers: shared hit=4213679 read=515448
                     ->  Hash Join  (cost=14219.15..802170.62 rows=203 width=12) (actual time=35.114..39456.923 rows=169505 loops=1)
                           Hash Cond: (ci.role_id = rt.id)
                           Buffers: shared hit=3580005 read=471102
                           ->  Nested Loop  (cost=14217.99..802160.80 rows=2437 width=16) (actual time=34.888..39092.613 rows=1709945 loops=1)
                                 Buffers: shared hit=3580004 read=471102
                                 ->  Nested Loop  (cost=14217.55..794738.66 rows=170 width=20) (actual time=34.854..19975.854 rows=94640 loops=1)
                                       Buffers: shared hit=1982277 read=133020
                                       ->  Hash Join  (cost=14217.11..522523.72 rows=6418 width=12) (actual time=34.744..7929.715 rows=144356 loops=1)
                                             Hash Cond: (t.kind_id = kt.id)
                                             Buffers: shared hit=750158 read=24676
                                             ->  Nested Loop  (cost=14215.98..522459.48 rows=14975 width=16) (actual time=34.559..7847.904 rows=183569 loops=1)
                                                   Buffers: shared hit=750157 read=24676
                                                   ->  Bitmap Heap Scan on movie_info mi1  (cost=14215.54..431980.61 rows=16066 width=8) (actual time=34.518..793.523 rows=193676 loops=1)
                                                         Recheck Cond: (info_type_id = 8)
                                                         Filter: ((info)::text = ANY ('{Canada,China,Denmark,Germany,India,Japan,Nigeria}'::text[]))
                                                         Rows Removed by Filter: 1131685
                                                         Heap Blocks: exact=7853
                                                         Buffers: shared hit=3386 read=5507
                                                         ->  Bitmap Index Scan on info_type_id_movie_info  (cost=0.00..14211.52 rows=1329478 width=0) (actual time=33.549..33.550 rows=1325361 loops=1)
                                                               Index Cond: (info_type_id = 8)
                                                               Buffers: shared hit=1040
                                                   ->  Memoize  (cost=0.44..5.74 rows=1 width=8) (actual time=0.036..0.036 rows=1 loops=193676)
                                                         Cache Key: mi1.movie_id
                                                         Cache Mode: logical
                                                         Hits: 2191  Misses: 191485  Evictions: 112324  Overflows: 0  Memory Usage: 8193kB
                                                         Buffers: shared hit=746771 read=19169
                                                         ->  Index Scan using title_pkey on title t  (cost=0.43..5.73 rows=1 width=8) (actual time=0.035..0.035 rows=1 loops=191485)
                                                               Index Cond: (id = mi1.movie_id)
                                                               Filter: ((production_year <= 2015) AND (1925 < production_year))
                                                               Rows Removed by Filter: 0
                                                               Buffers: shared hit=746771 read=19169
                                             ->  Hash  (cost=1.10..1.10 rows=3 width=4) (actual time=0.018..0.019 rows=3 loops=1)
                                                   Buckets: 1024  Batches: 1  Memory Usage: 9kB
                                                   Buffers: shared hit=1
                                                   ->  Seq Scan on kind_type kt  (cost=0.00..1.10 rows=3 width=4) (actual time=0.009..0.011 rows=3 loops=1)
                                                         Filter: ((kind)::text = ANY ('{episode,movie,"video movie"}'::text[]))
                                                         Rows Removed by Filter: 4
                                                         Buffers: shared hit=1
                                       ->  Index Scan using movie_id_movie_info on movie_info mi2  (cost=0.43..42.40 rows=1 width=8) (actual time=0.053..0.083 rows=1 loops=144356)
                                             Index Cond: (movie_id = t.id)
                                             Filter: ((info_type_id = 4) AND ((info)::text = ANY ('{Danish,English,Hindi,Japanese,Mandarin,Telugu}'::text[])))
                                             Rows Removed by Filter: 9
                                             Buffers: shared hit=1232119 read=108344
                                 ->  Index Scan using movie_id_cast_info on cast_info ci  (cost=0.44..43.28 rows=38 width=12) (actual time=0.036..0.196 rows=18 loops=94640)
                                       Index Cond: (movie_id = t.id)
                                       Buffers: shared hit=1597727 read=338082
                           ->  Hash  (cost=1.15..1.15 rows=1 width=4) (actual time=0.018..0.018 rows=1 loops=1)
                                 Buckets: 1024  Batches: 1  Memory Usage: 9kB
                                 Buffers: shared hit=1
                                 ->  Seq Scan on role_type rt  (cost=0.00..1.15 rows=1 width=4) (actual time=0.010..0.012 rows=1 loops=1)
                                       Filter: ((role)::text = 'producer'::text)
                                       Rows Removed by Filter: 11
                                       Buffers: shared hit=1
                     ->  Index Scan using name_pkey on name n  (cost=0.43..2.32 rows=1 width=4) (actual time=0.036..0.036 rows=0 loops=169505)
                           Index Cond: (id = ci.person_id)
                           Filter: ((gender)::text = 'm'::text)
                           Rows Removed by Filter: 1
                           Buffers: shared hit=633674 read=44346
 Planning:
   Buffers: shared hit=574
 Planning Time: 13.253 ms
 Execution Time: 45746.147 ms
(78 rows)

