                                                                                                  QUERY PLAN                                                                                                  
--------------------------------------------------------------------------------------------------------------------------------------------------------------------------------------------------------------
 Aggregate  (cost=926873.96..926873.97 rows=1 width=8) (actual time=44757.040..44757.049 rows=1 loops=1)
   Buffers: shared hit=4062383 read=502394, temp read=8474 written=8467
   ->  Nested Loop  (cost=857756.89..926873.58 rows=155 width=0) (actual time=1051.670..44751.997 rows=14667 loops=1)
         Buffers: shared hit=4062383 read=502394, temp read=8474 written=8467
         ->  Seq Scan on info_type it2  (cost=0.00..2.41 rows=1 width=4) (actual time=0.047..0.058 rows=1 loops=1)
               Filter: (id = 4)
               Rows Removed by Filter: 112
               Buffers: shared hit=1
         ->  Nested Loop  (cost=857756.89..926869.61 rows=155 width=4) (actual time=1051.621..44748.053 rows=14667 loops=1)
               Buffers: shared hit=4062382 read=502394, temp read=8474 written=8467
               ->  Seq Scan on info_type it1  (cost=0.00..2.41 rows=1 width=4) (actual time=0.013..0.025 rows=1 loops=1)
                     Filter: (id = 8)
                     Rows Removed by Filter: 112
                     Buffers: shared hit=1
               ->  Nested Loop  (cost=857756.89..926865.65 rows=155 width=8) (actual time=1051.607..44743.803 rows=14667 loops=1)
                     Buffers: shared hit=4062381 read=502394, temp read=8474 written=8467
                     ->  Hash Join  (cost=857756.46..925313.89 rows=669 width=12) (actual time=1051.341..36591.589 rows=221445 loops=1)
                           Hash Cond: (ci.role_id = rt.id)
                           Buffers: shared hit=3242539 read=436456, temp read=8474 written=8467
                           ->  Nested Loop  (cost=857755.29..925284.22 rows=8027 width=16) (actual time=1051.231..36289.991 rows=1291581 loops=1)
                                 Buffers: shared hit=3242538 read=436456, temp read=8474 written=8467
                                 ->  Nested Loop  (cost=857754.85..900813.50 rows=560 width=20) (actual time=1051.214..21436.653 rows=66552 loops=1)
                                       Buffers: shared hit=2179647 read=54518, temp read=8474 written=8467
                                       ->  Nested Loop  (cost=857754.71..900781.17 rows=1307 width=24) (actual time=1051.199..21134.105 rows=434496 loops=1)
                                             Join Filter: (t.id = mi1.movie_id)
                                             Buffers: shared hit=2179637 read=54516, temp read=8474 written=8467
                                             ->  Merge Join  (cost=857754.28..858526.74 rows=12132 width=16) (actual time=1051.145..1774.875 rows=553962 loops=1)
                                                   Merge Cond: (mi1.movie_id = mi2.movie_id)
                                                   Buffers: shared hit=7540 read=10765, temp read=8474 written=8467
                                                   ->  Sort  (cost=436474.62..436616.58 rows=56782 width=8) (actual time=526.890..642.856 rows=619003 loops=1)
                                                         Sort Key: mi1.movie_id
                                                         Sort Method: external sort  Disk: 13376kB
                                                         Buffers: shared hit=3938 read=4955, temp read=3338 written=3346
                                                         ->  Bitmap Heap Scan on movie_info mi1  (cost=14225.72..431990.79 rows=56782 width=8) (actual time=37.872..375.332 rows=619003 loops=1)
                                                               Recheck Cond: (info_type_id = 8)
                                                               Filter: ((info)::text = ANY ('{China,India,Mexico,Norway,"South Korea",USA,"West Germany"}'::text[]))
                                                               Rows Removed by Filter: 706358
                                                               Heap Blocks: exact=7853
                                                               Buffers: shared hit=3938 read=4955
                                                               ->  Bitmap Index Scan on info_type_id_movie_info  (cost=0.00..14211.52 rows=1329478 width=0) (actual time=36.898..36.898 rows=1325361 loops=1)
                                                                     Index Cond: (info_type_id = 8)
                                                                     Buffers: shared read=1040
                                                   ->  Sort  (cost=421279.66..421463.28 rows=73446 width=8) (actual time=524.245..711.564 rows=952876 loops=1)
                                                         Sort Key: mi2.movie_id
                                                         Sort Method: external sort  Disk: 20472kB
                                                         Buffers: shared hit=3602 read=5810, temp read=5122 written=5121
                                                         ->  Bitmap Heap Scan on movie_info mi2  (cost=13073.73..415343.61 rows=73446 width=8) (actual time=30.497..295.546 rows=946988 loops=1)
                                                               Recheck Cond: (info_type_id = 4)
                                                               Filter: ((info)::text = ANY ('{English,German,Korean,Mandarin,Norwegian,Spanish}'::text[]))
                                                               Rows Removed by Filter: 352001
                                                               Heap Blocks: exact=8393
                                                               Buffers: shared hit=3602 read=5810
                                                               ->  Bitmap Index Scan on info_type_id_movie_info  (cost=0.00..13055.37 rows=1221191 width=0) (actual time=29.468..29.468 rows=1298989 loops=1)
                                                                     Index Cond: (info_type_id = 4)
                                                                     Buffers: shared hit=1 read=1018
                                             ->  Index Scan using title_pkey on title t  (cost=0.43..3.47 rows=1 width=8) (actual time=0.034..0.034 rows=1 loops=553962)
                                                   Index Cond: (id = mi2.movie_id)
                                                   Filter: ((production_year <= 2015) AND (1975 < production_year))
                                                   Rows Removed by Filter: 0
                                                   Buffers: shared hit=2172097 read=43751
                                       ->  Memoize  (cost=0.14..0.16 rows=1 width=4) (actual time=0.000..0.000 rows=0 loops=434496)
                                             Cache Key: t.kind_id
                                             Cache Mode: logical
                                             Hits: 434490  Misses: 6  Evictions: 0  Overflows: 0  Memory Usage: 1kB
                                             Buffers: shared hit=10 read=2
                                             ->  Index Scan using kind_type_pkey on kind_type kt  (cost=0.13..0.15 rows=1 width=4) (actual time=0.013..0.013 rows=0 loops=6)
                                                   Index Cond: (id = t.kind_id)
                                                   Filter: ((kind)::text = ANY ('{"tv movie","tv series","video game"}'::text[]))
                                                   Rows Removed by Filter: 0
                                                   Buffers: shared hit=10 read=2
                                 ->  Index Scan using movie_id_cast_info on cast_info ci  (cost=0.44..43.32 rows=38 width=12) (actual time=0.037..0.217 rows=19 loops=66552)
                                       Index Cond: (movie_id = t.id)
                                       Buffers: shared hit=1062891 read=381938
                           ->  Hash  (cost=1.15..1.15 rows=1 width=4) (actual time=0.027..0.028 rows=1 loops=1)
                                 Buckets: 1024  Batches: 1  Memory Usage: 9kB
                                 Buffers: shared hit=1
                                 ->  Seq Scan on role_type rt  (cost=0.00..1.15 rows=1 width=4) (actual time=0.011..0.012 rows=1 loops=1)
                                       Filter: ((role)::text = 'miscellaneous crew'::text)
                                       Rows Removed by Filter: 11
                                       Buffers: shared hit=1
                     ->  Index Scan using name_pkey on name n  (cost=0.43..2.32 rows=1 width=4) (actual time=0.036..0.036 rows=0 loops=221445)
                           Index Cond: (id = ci.person_id)
                           Filter: ((gender)::text = 'f'::text)
                           Rows Removed by Filter: 1
                           Buffers: shared hit=819842 read=65938
 Planning:
   Buffers: shared hit=482 read=92
 Planning Time: 14.573 ms
 Execution Time: 44768.034 ms
(89 rows)

