                                                                                               QUERY PLAN                                                                                               
--------------------------------------------------------------------------------------------------------------------------------------------------------------------------------------------------------
 Aggregate  (cost=427443.88..427443.89 rows=1 width=8) (actual time=6799.770..6799.778 rows=1 loops=1)
   Buffers: shared hit=603586 read=102876
   ->  Nested Loop  (cost=14216.98..427443.87 rows=3 width=0) (actual time=1047.519..6799.715 rows=61 loops=1)
         Buffers: shared hit=603586 read=102876
         ->  Seq Scan on info_type it2  (cost=0.00..2.41 rows=1 width=4) (actual time=0.032..0.044 rows=1 loops=1)
               Filter: (id = 4)
               Rows Removed by Filter: 112
               Buffers: shared hit=1
         ->  Nested Loop  (cost=14216.98..427441.43 rows=3 width=4) (actual time=1047.486..6799.635 rows=61 loops=1)
               Buffers: shared hit=603585 read=102876
               ->  Seq Scan on info_type it1  (cost=0.00..2.41 rows=1 width=4) (actual time=0.006..0.020 rows=1 loops=1)
                     Filter: (id = 8)
                     Rows Removed by Filter: 112
                     Buffers: shared hit=1
               ->  Nested Loop  (cost=14216.98..427438.98 rows=3 width=8) (actual time=1047.477..6799.577 rows=61 loops=1)
                     Buffers: shared hit=603584 read=102876
                     ->  Hash Join  (cost=14216.55..427413.47 rows=11 width=12) (actual time=45.743..6505.125 rows=8726 loops=1)
                           Hash Cond: (ci.role_id = rt.id)
                           Buffers: shared hit=570605 read=100951
                           ->  Nested Loop  (cost=14215.38..427411.84 rows=129 width=16) (actual time=37.512..6469.495 rows=208269 loops=1)
                                 Buffers: shared hit=570604 read=100951
                                 ->  Nested Loop  (cost=14214.94..427007.93 rows=9 width=20) (actual time=37.480..4185.543 rows=11658 loops=1)
                                       Buffers: shared hit=362544 read=68762
                                       ->  Hash Join  (cost=14214.51..412401.80 rows=339 width=12) (actual time=37.411..2827.761 rows=14049 loops=1)
                                             Hash Cond: (t.kind_id = kt.id)
                                             Buffers: shared hit=257434 read=35088
                                             ->  Nested Loop  (cost=14213.38..412397.33 rows=792 width=16) (actual time=34.454..2820.856 rows=15263 loops=1)
                                                   Buffers: shared hit=257433 read=35088
                                                   ->  Bitmap Heap Scan on movie_info mi1  (cost=14212.94..371751.64 rows=5662 width=8) (actual time=33.923..469.353 rows=71334 loops=1)
                                                         Recheck Cond: (info_type_id = 8)
                                                         Filter: ((info)::text = ANY ('{Canada,Sweden,"West Germany"}'::text[]))
                                                         Rows Removed by Filter: 1254027
                                                         Heap Blocks: exact=7853
                                                         Buffers: shared hit=7 read=8886
                                                         ->  Bitmap Index Scan on info_type_id_movie_info  (cost=0.00..14211.52 rows=1329478 width=0) (actual time=32.951..32.951 rows=1325361 loops=1)
                                                               Index Cond: (info_type_id = 8)
                                                               Buffers: shared read=1040
                                                   ->  Memoize  (cost=0.44..7.22 rows=1 width=8) (actual time=0.033..0.033 rows=0 loops=71334)
                                                         Cache Key: mi1.movie_id
                                                         Cache Mode: logical
                                                         Hits: 427  Misses: 70907  Evictions: 0  Overflows: 0  Memory Usage: 5302kB
                                                         Buffers: shared hit=257426 read=26202
                                                         ->  Index Scan using title_pkey on title t  (cost=0.43..7.21 rows=1 width=8) (actual time=0.032..0.032 rows=0 loops=70907)
                                                               Index Cond: (id = mi1.movie_id)
                                                               Filter: ((production_year <= 1975) AND (1925 < production_year))
                                                               Rows Removed by Filter: 1
                                                               Buffers: shared hit=257426 read=26202
                                             ->  Hash  (cost=1.10..1.10 rows=3 width=4) (actual time=0.013..0.014 rows=3 loops=1)
                                                   Buckets: 1024  Batches: 1  Memory Usage: 9kB
                                                   Buffers: shared hit=1
                                                   ->  Seq Scan on kind_type kt  (cost=0.00..1.10 rows=3 width=4) (actual time=0.006..0.007 rows=3 loops=1)
                                                         Filter: ((kind)::text = ANY ('{episode,movie,"tv movie"}'::text[]))
                                                         Rows Removed by Filter: 4
                                                         Buffers: shared hit=1
                                       ->  Index Scan using movie_id_movie_info on movie_info mi2  (cost=0.43..43.08 rows=1 width=8) (actual time=0.046..0.096 rows=1 loops=14049)
                                             Index Cond: (movie_id = t.id)
                                             Filter: ((info_type_id = 4) AND ((info)::text = ANY ('{English,German,Swedish}'::text[])))
                                             Rows Removed by Filter: 9
                                             Buffers: shared hit=105110 read=33674
                                 ->  Index Scan using movie_id_cast_info on cast_info ci  (cost=0.44..44.50 rows=38 width=12) (actual time=0.035..0.191 rows=18 loops=11658)
                                       Index Cond: (movie_id = t.id)
                                       Buffers: shared hit=208060 read=32189
                           ->  Hash  (cost=1.15..1.15 rows=1 width=4) (actual time=0.011..0.012 rows=1 loops=1)
                                 Buckets: 1024  Batches: 1  Memory Usage: 9kB
                                 Buffers: shared hit=1
                                 ->  Seq Scan on role_type rt  (cost=0.00..1.15 rows=1 width=4) (actual time=0.007..0.008 rows=1 loops=1)
                                       Filter: ((role)::text = 'cinematographer'::text)
                                       Rows Removed by Filter: 11
                                       Buffers: shared hit=1
                     ->  Index Scan using name_pkey on name n  (cost=0.43..2.32 rows=1 width=4) (actual time=0.033..0.033 rows=0 loops=8726)
                           Index Cond: (id = ci.person_id)
                           Filter: ((gender)::text = 'f'::text)
                           Rows Removed by Filter: 1
                           Buffers: shared hit=32979 read=1925
 Planning:
   Buffers: shared hit=486 read=88
 Planning Time: 9.001 ms
 Execution Time: 6801.456 ms
(78 rows)

