                                                                                               QUERY PLAN                                                                                               
--------------------------------------------------------------------------------------------------------------------------------------------------------------------------------------------------------
 Aggregate  (cost=418077.48..418077.49 rows=1 width=8) (actual time=6704.770..6704.779 rows=1 loops=1)
   Buffers: shared hit=627751 read=65002
   ->  Nested Loop  (cost=13061.04..418077.48 rows=1 width=0) (actual time=434.565..6704.643 rows=238 loops=1)
         Buffers: shared hit=627751 read=65002
         ->  Hash Join  (cost=13060.61..418075.16 rows=1 width=4) (actual time=86.987..6640.068 rows=1924 loops=1)
               Hash Cond: (ci.role_id = rt.id)
               Buffers: shared hit=620651 read=64406
               ->  Nested Loop  (cost=13059.45..418073.95 rows=14 width=8) (actual time=44.958..6621.849 rows=113303 loops=1)
                     Buffers: shared hit=620650 read=64406
                     ->  Nested Loop  (cost=13059.01..418029.07 rows=1 width=12) (actual time=44.919..5424.813 rows=5645 loops=1)
                           Buffers: shared hit=514335 read=44096
                           ->  Nested Loop  (cost=13059.01..418026.65 rows=1 width=16) (actual time=44.914..5308.269 rows=5645 loops=1)
                                 Buffers: shared hit=508690 read=44096
                                 ->  Nested Loop  (cost=13059.01..418024.22 rows=1 width=20) (actual time=44.892..5192.163 rows=5645 loops=1)
                                       Buffers: shared hit=503045 read=44096
                                       ->  Hash Join  (cost=13058.58..401154.63 rows=392 width=12) (actual time=44.826..3908.826 rows=12801 loops=1)
                                             Hash Cond: (t.kind_id = kt.id)
                                             Buffers: shared hit=385431 read=23930
                                             ->  Nested Loop  (cost=13057.44..401149.64 rows=915 width=16) (actual time=38.321..3902.498 rows=14084 loops=1)
                                                   Buffers: shared hit=385430 read=23930
                                                   ->  Bitmap Heap Scan on movie_info mi2  (cost=13057.00..355210.16 rows=6544 width=8) (actual time=37.450..441.675 rows=100522 loops=1)
                                                         Recheck Cond: (info_type_id = 4)
                                                         Filter: ((info)::text = ANY ('{Russian,Spanish}'::text[]))
                                                         Rows Removed by Filter: 1198467
                                                         Heap Blocks: exact=8393
                                                         Buffers: shared hit=2631 read=6781
                                                         ->  Bitmap Index Scan on info_type_id_movie_info  (cost=0.00..13055.37 rows=1221191 width=0) (actual time=35.441..35.441 rows=1298989 loops=1)
                                                               Index Cond: (info_type_id = 4)
                                                               Buffers: shared read=1019
                                                   ->  Memoize  (cost=0.44..7.07 rows=1 width=8) (actual time=0.034..0.034 rows=0 loops=100522)
                                                         Cache Key: mi2.movie_id
                                                         Cache Mode: logical
                                                         Hits: 535  Misses: 99987  Evictions: 0  Overflows: 0  Memory Usage: 7189kB
                                                         Buffers: shared hit=382799 read=17149
                                                         ->  Index Scan using title_pkey on title t  (cost=0.43..7.06 rows=1 width=8) (actual time=0.033..0.033 rows=0 loops=99987)
                                                               Index Cond: (id = mi2.movie_id)
                                                               Filter: ((production_year <= 1975) AND (1925 < production_year))
                                                               Rows Removed by Filter: 1
                                                               Buffers: shared hit=382799 read=17149
                                             ->  Hash  (cost=1.10..1.10 rows=3 width=4) (actual time=0.022..0.023 rows=3 loops=1)
                                                   Buckets: 1024  Batches: 1  Memory Usage: 9kB
                                                   Buffers: shared hit=1
                                                   ->  Seq Scan on kind_type kt  (cost=0.00..1.10 rows=3 width=4) (actual time=0.010..0.012 rows=3 loops=1)
                                                         Filter: ((kind)::text = ANY ('{episode,movie,"tv movie"}'::text[]))
                                                         Rows Removed by Filter: 4
                                                         Buffers: shared hit=1
                                       ->  Index Scan using movie_id_movie_info on movie_info mi1  (cost=0.43..43.02 rows=1 width=8) (actual time=0.096..0.100 rows=0 loops=12801)
                                             Index Cond: (movie_id = t.id)
                                             Filter: (((info)::text = ANY ('{"Soviet Union",Spain}'::text[])) AND (info_type_id = 8))
                                             Rows Removed by Filter: 12
                                             Buffers: shared hit=117614 read=20166
                                 ->  Seq Scan on info_type it1  (cost=0.00..2.41 rows=1 width=4) (actual time=0.010..0.018 rows=1 loops=5645)
                                       Filter: (id = 8)
                                       Rows Removed by Filter: 112
                                       Buffers: shared hit=5645
                           ->  Seq Scan on info_type it2  (cost=0.00..2.41 rows=1 width=4) (actual time=0.010..0.019 rows=1 loops=5645)
                                 Filter: (id = 4)
                                 Rows Removed by Filter: 112
                                 Buffers: shared hit=5645
                     ->  Index Scan using movie_id_cast_info on cast_info ci  (cost=0.44..44.50 rows=38 width=12) (actual time=0.036..0.207 rows=20 loops=5645)
                           Index Cond: (movie_id = t.id)
                           Buffers: shared hit=106315 read=20310
               ->  Hash  (cost=1.15..1.15 rows=1 width=4) (actual time=0.032..0.033 rows=1 loops=1)
                     Buckets: 1024  Batches: 1  Memory Usage: 9kB
                     Buffers: shared hit=1
                     ->  Seq Scan on role_type rt  (cost=0.00..1.15 rows=1 width=4) (actual time=0.026..0.027 rows=1 loops=1)
                           Filter: ((role)::text = 'production designer'::text)
                           Rows Removed by Filter: 11
                           Buffers: shared hit=1
         ->  Index Scan using name_pkey on name n  (cost=0.43..2.32 rows=1 width=4) (actual time=0.033..0.033 rows=0 loops=1924)
               Index Cond: (id = ci.person_id)
               Filter: ((gender)::text = 'm'::text)
               Rows Removed by Filter: 1
               Buffers: shared hit=7100 read=596
 Planning:
   Buffers: shared hit=529 read=45
 Planning Time: 12.988 ms
 Execution Time: 6707.180 ms
(78 rows)

