                                                                                               QUERY PLAN                                                                                               
--------------------------------------------------------------------------------------------------------------------------------------------------------------------------------------------------------
 Aggregate  (cost=450442.99..450443.00 rows=1 width=8) (actual time=3155.761..3155.767 rows=1 loops=1)
   Buffers: shared hit=314681 read=10548
   ->  Nested Loop  (cost=13060.52..450442.98 rows=1 width=0) (actual time=68.761..3155.744 rows=25 loops=1)
         Buffers: shared hit=314681 read=10548
         ->  Hash Join  (cost=13060.09..450438.34 rows=2 width=4) (actual time=54.597..3150.746 rows=129 loops=1)
               Hash Cond: (ci.role_id = rt.id)
               Buffers: shared hit=314321 read=10392
               ->  Nested Loop  (cost=13058.92..450437.12 rows=14 width=8) (actual time=37.326..3150.140 rows=4056 loops=1)
                     Buffers: shared hit=314320 read=10392
                     ->  Nested Loop  (cost=13058.48..450392.75 rows=1 width=12) (actual time=37.286..3109.314 rows=299 loops=1)
                           Buffers: shared hit=311078 read=8784
                           ->  Nested Loop  (cost=13058.48..450390.32 rows=1 width=16) (actual time=37.281..3105.497 rows=299 loops=1)
                                 Buffers: shared hit=310779 read=8784
                                 ->  Nested Loop  (cost=13058.48..450387.90 rows=1 width=20) (actual time=37.258..3101.450 rows=299 loops=1)
                                       Buffers: shared hit=310480 read=8784
                                       ->  Hash Join  (cost=13058.04..432949.42 rows=407 width=12) (actual time=36.651..2960.676 rows=1666 loops=1)
                                             Hash Cond: (t.kind_id = kt.id)
                                             Buffers: shared hit=299906 read=4175
                                             ->  Nested Loop  (cost=13056.91..432944.28 rows=950 width=16) (actual time=36.619..2955.807 rows=20332 loops=1)
                                                   Buffers: shared hit=299905 read=4175
                                                   ->  Bitmap Heap Scan on movie_info mi2  (cost=13056.47..400297.17 rows=4399 width=8) (actual time=36.184..513.392 rows=74824 loops=1)
                                                         Recheck Cond: (info_type_id = 4)
                                                         Filter: ((info)::text = ANY ('{Arabic,Bengali,French,Georgian,Swedish}'::text[]))
                                                         Rows Removed by Filter: 1224165
                                                         Heap Blocks: exact=8393
                                                         Buffers: shared hit=8194 read=1218
                                                         ->  Bitmap Index Scan on info_type_id_movie_info  (cost=0.00..13055.37 rows=1221191 width=0) (actual time=33.908..33.908 rows=1298989 loops=1)
                                                               Index Cond: (info_type_id = 4)
                                                               Buffers: shared hit=69 read=950
                                                   ->  Memoize  (cost=0.44..7.45 rows=1 width=8) (actual time=0.032..0.032 rows=0 loops=74824)
                                                         Cache Key: mi2.movie_id
                                                         Cache Mode: logical
                                                         Hits: 1157  Misses: 73667  Evictions: 0  Overflows: 0  Memory Usage: 5678kB
                                                         Buffers: shared hit=291711 read=2957
                                                         ->  Index Scan using title_pkey on title t  (cost=0.43..7.44 rows=1 width=8) (actual time=0.032..0.032 rows=0 loops=73667)
                                                               Index Cond: (id = mi2.movie_id)
                                                               Filter: ((production_year <= 1990) AND (1950 < production_year))
                                                               Rows Removed by Filter: 1
                                                               Buffers: shared hit=291711 read=2957
                                             ->  Hash  (cost=1.10..1.10 rows=3 width=4) (actual time=0.017..0.017 rows=3 loops=1)
                                                   Buckets: 1024  Batches: 1  Memory Usage: 9kB
                                                   Buffers: shared hit=1
                                                   ->  Seq Scan on kind_type kt  (cost=0.00..1.10 rows=3 width=4) (actual time=0.009..0.010 rows=3 loops=1)
                                                         Filter: ((kind)::text = ANY ('{"tv series","video game","video movie"}'::text[]))
                                                         Rows Removed by Filter: 4
                                                         Buffers: shared hit=1
                                       ->  Index Scan using movie_id_movie_info on movie_info mi1  (cost=0.43..42.84 rows=1 width=8) (actual time=0.082..0.084 rows=0 loops=1666)
                                             Index Cond: (movie_id = t.id)
                                             Filter: ((info_type_id = 8) AND ((info)::text = ANY ('{Egypt,India,Italy,"Soviet Union",Sweden}'::text[])))
                                             Rows Removed by Filter: 11
                                             Buffers: shared hit=10574 read=4609
                                 ->  Seq Scan on info_type it1  (cost=0.00..2.41 rows=1 width=4) (actual time=0.006..0.012 rows=1 loops=299)
                                       Filter: (id = 8)
                                       Rows Removed by Filter: 112
                                       Buffers: shared hit=299
                           ->  Seq Scan on info_type it2  (cost=0.00..2.41 rows=1 width=4) (actual time=0.005..0.011 rows=1 loops=299)
                                 Filter: (id = 4)
                                 Rows Removed by Filter: 112
                                 Buffers: shared hit=299
                     ->  Index Scan using movie_id_cast_info on cast_info ci  (cost=0.44..43.99 rows=38 width=12) (actual time=0.023..0.133 rows=14 loops=299)
                           Index Cond: (movie_id = t.id)
                           Buffers: shared hit=3242 read=1608
               ->  Hash  (cost=1.15..1.15 rows=2 width=4) (actual time=0.026..0.026 rows=2 loops=1)
                     Buckets: 1024  Batches: 1  Memory Usage: 9kB
                     Buffers: shared hit=1
                     ->  Seq Scan on role_type rt  (cost=0.00..1.15 rows=2 width=4) (actual time=0.020..0.021 rows=2 loops=1)
                           Filter: ((role)::text = ANY ('{"costume designer",editor}'::text[]))
                           Rows Removed by Filter: 10
                           Buffers: shared hit=1
         ->  Index Scan using name_pkey on name n  (cost=0.43..2.32 rows=1 width=4) (actual time=0.038..0.038 rows=0 loops=129)
               Index Cond: (id = ci.person_id)
               Filter: ((gender)::text = 'm'::text)
               Rows Removed by Filter: 1
               Buffers: shared hit=360 read=156
 Planning:
   Buffers: shared hit=520 read=54
 Planning Time: 12.457 ms
 Execution Time: 3157.136 ms
(78 rows)

