                                                                                               QUERY PLAN                                                                                               
--------------------------------------------------------------------------------------------------------------------------------------------------------------------------------------------------------
 Aggregate  (cost=472678.70..472678.71 rows=1 width=8) (actual time=3633.700..3633.708 rows=1 loops=1)
   Buffers: shared hit=345133 read=30574
   ->  Nested Loop  (cost=14216.55..472678.55 rows=59 width=0) (actual time=34.652..3633.302 rows=1195 loops=1)
         Buffers: shared hit=345133 read=30574
         ->  Hash Join  (cost=14216.12..472467.48 rows=91 width=4) (actual time=34.605..3502.237 rows=3233 loops=1)
               Hash Cond: (ci.role_id = rt.id)
               Buffers: shared hit=334462 read=28313
               ->  Nested Loop  (cost=14214.95..472464.37 rows=545 width=8) (actual time=34.500..3493.725 rows=48299 loops=1)
                     Buffers: shared hit=334461 read=28313
                     ->  Nested Loop  (cost=14214.51..470803.86 rows=38 width=12) (actual time=34.469..2931.591 rows=3013 loops=1)
                           Buffers: shared hit=293471 read=13190
                           ->  Seq Scan on info_type it2  (cost=0.00..2.41 rows=1 width=4) (actual time=0.031..0.041 rows=1 loops=1)
                                 Filter: (id = 4)
                                 Rows Removed by Filter: 112
                                 Buffers: shared hit=1
                           ->  Nested Loop  (cost=14214.51..470801.06 rows=38 width=16) (actual time=34.436..2930.818 rows=3013 loops=1)
                                 Buffers: shared hit=293470 read=13190
                                 ->  Seq Scan on info_type it1  (cost=0.00..2.41 rows=1 width=4) (actual time=0.009..0.021 rows=1 loops=1)
                                       Filter: (id = 8)
                                       Rows Removed by Filter: 112
                                       Buffers: shared hit=1
                                 ->  Nested Loop  (cost=14214.51..470798.27 rows=38 width=20) (actual time=34.424..2930.114 rows=3013 loops=1)
                                       Buffers: shared hit=293469 read=13190
                                       ->  Hash Join  (cost=14214.07..415596.74 rows=1296 width=12) (actual time=34.294..2323.949 rows=7440 loops=1)
                                             Hash Cond: (t.kind_id = kt.id)
                                             Buffers: shared hit=240268 read=926
                                             ->  Nested Loop  (cost=14212.94..415582.86 rows=3023 width=16) (actual time=34.251..2314.115 rows=39313 loops=1)
                                                   Buffers: shared hit=240267 read=926
                                                   ->  Bitmap Heap Scan on movie_info mi1  (cost=14212.50..386807.79 rows=3816 width=8) (actual time=34.208..356.855 rows=58399 loops=1)
                                                         Recheck Cond: (info_type_id = 8)
                                                         Filter: ((info)::text = ANY ('{Albania,Colombia,Croatia,Denmark,"East Germany",India,Malaysia,Peru,Romania,Switzerland}'::text[]))
                                                         Rows Removed by Filter: 1266962
                                                         Heap Blocks: exact=7853
                                                         Buffers: shared hit=8759 read=134
                                                         ->  Bitmap Index Scan on info_type_id_movie_info  (cost=0.00..14211.52 rows=1329478 width=0) (actual time=33.221..33.222 rows=1325361 loops=1)
                                                               Index Cond: (info_type_id = 8)
                                                               Buffers: shared hit=1040
                                                   ->  Memoize  (cost=0.44..7.57 rows=1 width=8) (actual time=0.033..0.033 rows=1 loops=58399)
                                                         Cache Key: mi1.movie_id
                                                         Cache Mode: logical
                                                         Hits: 324  Misses: 58075  Evictions: 0  Overflows: 0  Memory Usage: 5381kB
                                                         Buffers: shared hit=231508 read=792
                                                         ->  Index Scan using title_pkey on title t  (cost=0.43..7.56 rows=1 width=8) (actual time=0.032..0.032 rows=1 loops=58075)
                                                               Index Cond: (id = mi1.movie_id)
                                                               Filter: ((production_year <= 2015) AND (1975 < production_year))
                                                               Rows Removed by Filter: 0
                                                               Buffers: shared hit=231508 read=792
                                             ->  Hash  (cost=1.10..1.10 rows=3 width=4) (actual time=0.021..0.021 rows=3 loops=1)
                                                   Buckets: 1024  Batches: 1  Memory Usage: 9kB
                                                   Buffers: shared hit=1
                                                   ->  Seq Scan on kind_type kt  (cost=0.00..1.10 rows=3 width=4) (actual time=0.009..0.011 rows=3 loops=1)
                                                         Filter: ((kind)::text = ANY ('{"tv movie","tv series","video game"}'::text[]))
                                                         Rows Removed by Filter: 4
                                                         Buffers: shared hit=1
                                       ->  Index Scan using movie_id_movie_info on movie_info mi2  (cost=0.43..42.58 rows=1 width=8) (actual time=0.067..0.081 rows=0 loops=7440)
                                             Index Cond: (movie_id = t.id)
                                             Filter: ((info_type_id = 4) AND ((info)::text = ANY ('{Albanian,Croatian,English,German,Malay,Oriya,Romanian,Spanish,"Swiss German"}'::text[])))
                                             Rows Removed by Filter: 6
                                             Buffers: shared hit=53201 read=12264
                     ->  Index Scan using movie_id_cast_info on cast_info ci  (cost=0.44..43.32 rows=38 width=12) (actual time=0.036..0.182 rows=16 loops=3013)
                           Index Cond: (movie_id = t.id)
                           Buffers: shared hit=40990 read=15123
               ->  Hash  (cost=1.15..1.15 rows=2 width=4) (actual time=0.039..0.040 rows=2 loops=1)
                     Buckets: 1024  Batches: 1  Memory Usage: 9kB
                     Buffers: shared hit=1
                     ->  Seq Scan on role_type rt  (cost=0.00..1.15 rows=2 width=4) (actual time=0.031..0.033 rows=2 loops=1)
                           Filter: ((role)::text = ANY ('{director,"production designer"}'::text[]))
                           Rows Removed by Filter: 10
                           Buffers: shared hit=1
         ->  Index Scan using name_pkey on name n  (cost=0.43..2.32 rows=1 width=4) (actual time=0.040..0.040 rows=0 loops=3233)
               Index Cond: (id = ci.person_id)
               Filter: ((gender)::text = ANY ('{f,m}'::text[]))
               Rows Removed by Filter: 1
               Buffers: shared hit=10671 read=2261
 Planning:
   Buffers: shared hit=576 read=1
 Planning Time: 12.756 ms
 Execution Time: 3635.641 ms
(78 rows)

