                                                                                               QUERY PLAN                                                                                               
--------------------------------------------------------------------------------------------------------------------------------------------------------------------------------------------------------
 Aggregate  (cost=525228.02..525228.03 rows=1 width=8) (actual time=9327.382..9327.389 rows=1 loops=1)
   Buffers: shared hit=891932 read=77419
   ->  Nested Loop  (cost=14218.13..525227.98 rows=17 width=0) (actual time=36.146..9320.910 rows=37973 loops=1)
         Buffers: shared hit=891932 read=77419
         ->  Hash Join  (cost=14217.70..525132.88 rows=41 width=4) (actual time=36.111..7804.541 rows=42032 loops=1)
               Hash Cond: (ci.role_id = rt.id)
               Buffers: shared hit=738435 read=62788
               ->  Nested Loop  (cost=14216.52..525130.84 rows=244 width=8) (actual time=36.047..7775.863 rows=98736 loops=1)
                     Buffers: shared hit=738434 read=62788
                     ->  Nested Loop  (cost=14216.08..524367.89 rows=17 width=12) (actual time=36.014..6497.511 rows=10244 loops=1)
                           Buffers: shared hit=637765 read=37060
                           ->  Seq Scan on info_type it2  (cost=0.00..2.41 rows=1 width=4) (actual time=0.039..0.048 rows=1 loops=1)
                                 Filter: (id = 4)
                                 Rows Removed by Filter: 112
                                 Buffers: shared hit=1
                           ->  Nested Loop  (cost=14216.08..524365.31 rows=17 width=16) (actual time=35.974..6494.851 rows=10244 loops=1)
                                 Buffers: shared hit=637764 read=37060
                                 ->  Seq Scan on info_type it1  (cost=0.00..2.41 rows=1 width=4) (actual time=0.009..0.021 rows=1 loops=1)
                                       Filter: (id = 8)
                                       Rows Removed by Filter: 112
                                       Buffers: shared hit=1
                                 ->  Nested Loop  (cost=14216.08..524362.73 rows=17 width=20) (actual time=35.962..6492.218 rows=10244 loops=1)
                                       Buffers: shared hit=637763 read=37060
                                       ->  Hash Join  (cost=14215.65..497868.68 rows=612 width=12) (actual time=35.893..4759.098 rows=22781 loops=1)
                                             Hash Cond: (t.kind_id = kt.id)
                                             Buffers: shared hit=481695 read=9547
                                             ->  Nested Loop  (cost=14214.51..497861.52 rows=1429 width=16) (actual time=35.763..4747.694 rows=23610 loops=1)
                                                   Buffers: shared hit=481694 read=9547
                                                   ->  Bitmap Heap Scan on movie_info mi1  (cost=14214.07..431979.15 rows=10216 width=8) (actual time=35.124..705.001 rows=121952 loops=1)
                                                         Recheck Cond: (info_type_id = 8)
                                                         Filter: ((info)::text = ANY ('{Belgium,Canada,"Hong Kong",India,Netherlands,Portugal,Romania}'::text[]))
                                                         Rows Removed by Filter: 1203409
                                                         Heap Blocks: exact=7853
                                                         Buffers: shared hit=4907 read=3986
                                                         ->  Bitmap Index Scan on info_type_id_movie_info  (cost=0.00..14211.52 rows=1329478 width=0) (actual time=34.135..34.135 rows=1325361 loops=1)
                                                               Index Cond: (info_type_id = 8)
                                                               Buffers: shared hit=1040
                                                   ->  Memoize  (cost=0.44..6.52 rows=1 width=8) (actual time=0.033..0.033 rows=0 loops=121952)
                                                         Cache Key: mi1.movie_id
                                                         Cache Mode: logical
                                                         Hits: 1365  Misses: 120587  Evictions: 10757  Overflows: 0  Memory Usage: 8193kB
                                                         Buffers: shared hit=476787 read=5561
                                                         ->  Index Scan using title_pkey on title t  (cost=0.43..6.51 rows=1 width=8) (actual time=0.032..0.032 rows=0 loops=120587)
                                                               Index Cond: (id = mi1.movie_id)
                                                               Filter: ((production_year <= 1975) AND (1925 < production_year))
                                                               Rows Removed by Filter: 1
                                                               Buffers: shared hit=476787 read=5561
                                             ->  Hash  (cost=1.10..1.10 rows=3 width=4) (actual time=0.015..0.016 rows=3 loops=1)
                                                   Buckets: 1024  Batches: 1  Memory Usage: 9kB
                                                   Buffers: shared hit=1
                                                   ->  Seq Scan on kind_type kt  (cost=0.00..1.10 rows=3 width=4) (actual time=0.009..0.011 rows=3 loops=1)
                                                         Filter: ((kind)::text = ANY ('{episode,movie,"tv movie"}'::text[]))
                                                         Rows Removed by Filter: 4
                                                         Buffers: shared hit=1
                                       ->  Index Scan using movie_id_movie_info on movie_info mi2  (cost=0.43..43.28 rows=1 width=8) (actual time=0.055..0.075 rows=0 loops=22781)
                                             Index Cond: (movie_id = t.id)
                                             Filter: ((info_type_id = 4) AND ((info)::text = ANY ('{Cantonese,Dutch,English,French,Portuguese,Romanian,Tamil}'::text[])))
                                             Rows Removed by Filter: 6
                                             Buffers: shared hit=156068 read=27513
                     ->  Index Scan using movie_id_cast_info on cast_info ci  (cost=0.44..44.50 rows=38 width=12) (actual time=0.038..0.122 rows=10 loops=10244)
                           Index Cond: (movie_id = t.id)
                           Buffers: shared hit=100669 read=25728
               ->  Hash  (cost=1.15..1.15 rows=2 width=4) (actual time=0.039..0.040 rows=2 loops=1)
                     Buckets: 1024  Batches: 1  Memory Usage: 9kB
                     Buffers: shared hit=1
                     ->  Seq Scan on role_type rt  (cost=0.00..1.15 rows=2 width=4) (actual time=0.029..0.033 rows=2 loops=1)
                           Filter: ((role)::text = ANY ('{actor,cinematographer}'::text[]))
                           Rows Removed by Filter: 10
                           Buffers: shared hit=1
         ->  Index Scan using name_pkey on name n  (cost=0.43..2.32 rows=1 width=4) (actual time=0.035..0.035 rows=1 loops=42032)
               Index Cond: (id = ci.person_id)
               Filter: ((gender)::text = 'm'::text)
               Rows Removed by Filter: 0
               Buffers: shared hit=153497 read=14631
 Planning:
   Buffers: shared hit=574
 Planning Time: 14.665 ms
 Execution Time: 9330.142 ms
(78 rows)

