                                                                                               QUERY PLAN                                                                                               
--------------------------------------------------------------------------------------------------------------------------------------------------------------------------------------------------------
 Aggregate  (cost=502314.50..502314.51 rows=1 width=8) (actual time=4610.864..4610.873 rows=1 loops=1)
   Buffers: shared hit=458233 read=20197
   ->  Nested Loop  (cost=14217.90..502314.48 rows=5 width=0) (actual time=49.897..4610.845 rows=35 loops=1)
         Buffers: shared hit=458233 read=20197
         ->  Hash Join  (cost=14217.47..502298.25 rows=7 width=4) (actual time=49.856..4603.194 rows=223 loops=1)
               Hash Cond: (ci.role_id = rt.id)
               Buffers: shared hit=457603 read=19935
               ->  Nested Loop  (cost=14216.29..502296.92 rows=43 width=8) (actual time=37.728..4600.822 rows=17285 loops=1)
                     Buffers: shared hit=457602 read=19935
                     ->  Nested Loop  (cost=14215.85..502162.28 rows=3 width=12) (actual time=37.694..4396.530 rows=1343 loops=1)
                           Buffers: shared hit=441812 read=14730
                           ->  Seq Scan on info_type it2  (cost=0.00..2.41 rows=1 width=4) (actual time=0.034..0.047 rows=1 loops=1)
                                 Filter: (id = 4)
                                 Rows Removed by Filter: 112
                                 Buffers: shared hit=1
                           ->  Nested Loop  (cost=14215.85..502159.83 rows=3 width=16) (actual time=37.659..4396.202 rows=1343 loops=1)
                                 Buffers: shared hit=441811 read=14730
                                 ->  Seq Scan on info_type it1  (cost=0.00..2.41 rows=1 width=4) (actual time=0.009..0.023 rows=1 loops=1)
                                       Filter: (id = 8)
                                       Rows Removed by Filter: 112
                                       Buffers: shared hit=1
                                 ->  Nested Loop  (cost=14215.85..502157.39 rows=3 width=20) (actual time=37.646..4395.916 rows=1343 loops=1)
                                       Buffers: shared hit=441810 read=14730
                                       ->  Hash Join  (cost=14215.42..478044.35 rows=557 width=12) (actual time=37.575..4306.670 rows=1351 loops=1)
                                             Hash Cond: (t.kind_id = kt.id)
                                             Buffers: shared hit=433545 read=12381
                                             ->  Nested Loop  (cost=14214.28..478037.73 rows=1299 width=16) (actual time=37.530..4301.277 rows=22129 loops=1)
                                                   Buffers: shared hit=433544 read=12381
                                                   ->  Bitmap Heap Scan on movie_info mi1  (cost=14213.84..416922.32 rows=9285 width=8) (actual time=37.178..622.651 rows=110064 loops=1)
                                                         Recheck Cond: (info_type_id = 8)
                                                         Filter: ((info)::text = ANY ('{Brazil,Denmark,"East Germany",France,Philippines,"South Korea"}'::text[]))
                                                         Rows Removed by Filter: 1215297
                                                         Heap Blocks: exact=7853
                                                         Buffers: shared hit=3915 read=4978
                                                         ->  Bitmap Index Scan on info_type_id_movie_info  (cost=0.00..14211.52 rows=1329478 width=0) (actual time=36.168..36.168 rows=1325361 loops=1)
                                                               Index Cond: (info_type_id = 8)
                                                               Buffers: shared read=1040
                                                   ->  Memoize  (cost=0.44..6.65 rows=1 width=8) (actual time=0.033..0.033 rows=0 loops=110064)
                                                         Cache Key: mi1.movie_id
                                                         Cache Mode: logical
                                                         Hits: 806  Misses: 109258  Evictions: 0  Overflows: 0  Memory Usage: 8117kB
                                                         Buffers: shared hit=429629 read=7403
                                                         ->  Index Scan using title_pkey on title t  (cost=0.43..6.64 rows=1 width=8) (actual time=0.032..0.032 rows=0 loops=109258)
                                                               Index Cond: (id = mi1.movie_id)
                                                               Filter: ((production_year <= 1975) AND (1925 < production_year))
                                                               Rows Removed by Filter: 1
                                                               Buffers: shared hit=429629 read=7403
                                             ->  Hash  (cost=1.10..1.10 rows=3 width=4) (actual time=0.019..0.020 rows=3 loops=1)
                                                   Buckets: 1024  Batches: 1  Memory Usage: 9kB
                                                   Buffers: shared hit=1
                                                   ->  Seq Scan on kind_type kt  (cost=0.00..1.10 rows=3 width=4) (actual time=0.008..0.010 rows=3 loops=1)
                                                         Filter: ((kind)::text = ANY ('{"tv series","video game","video movie"}'::text[]))
                                                         Rows Removed by Filter: 4
                                                         Buffers: shared hit=1
                                       ->  Index Scan using movie_id_movie_info on movie_info mi2  (cost=0.43..43.28 rows=1 width=8) (actual time=0.056..0.065 rows=1 loops=1351)
                                             Index Cond: (movie_id = t.id)
                                             Filter: ((info_type_id = 4) AND ((info)::text = ANY ('{Danish,Filipino,French,German,Korean,Portuguese,Tagalog}'::text[])))
                                             Rows Removed by Filter: 5
                                             Buffers: shared hit=8265 read=2349
                     ->  Index Scan using movie_id_cast_info on cast_info ci  (cost=0.44..44.50 rows=38 width=12) (actual time=0.031..0.149 rows=13 loops=1343)
                           Index Cond: (movie_id = t.id)
                           Buffers: shared hit=15790 read=5205
               ->  Hash  (cost=1.15..1.15 rows=2 width=4) (actual time=0.035..0.035 rows=2 loops=1)
                     Buckets: 1024  Batches: 1  Memory Usage: 9kB
                     Buffers: shared hit=1
                     ->  Seq Scan on role_type rt  (cost=0.00..1.15 rows=2 width=4) (actual time=0.026..0.028 rows=2 loops=1)
                           Filter: ((role)::text = ANY ('{"costume designer",editor}'::text[]))
                           Rows Removed by Filter: 10
                           Buffers: shared hit=1
         ->  Index Scan using name_pkey on name n  (cost=0.43..2.32 rows=1 width=4) (actual time=0.034..0.034 rows=0 loops=223)
               Index Cond: (id = ci.person_id)
               Filter: ((gender)::text = ANY ('{f,m}'::text[]))
               Rows Removed by Filter: 1
               Buffers: shared hit=630 read=262
 Planning:
   Buffers: shared hit=530 read=44
 Planning Time: 13.581 ms
 Execution Time: 4613.888 ms
(78 rows)

