                                                                                               QUERY PLAN                                                                                               
--------------------------------------------------------------------------------------------------------------------------------------------------------------------------------------------------------
 Aggregate  (cost=701649.38..701649.39 rows=1 width=8) (actual time=15029.002..15029.009 rows=1 loops=1)
   Buffers: shared hit=1369074 read=171370
   ->  Nested Loop  (cost=14218.60..701648.94 rows=176 width=0) (actual time=37.543..15026.505 rows=9965 loops=1)
         Buffers: shared hit=1369074 read=171370
         ->  Hash Join  (cost=14218.17..701022.67 rows=270 width=4) (actual time=36.575..11896.667 rows=86969 loops=1)
               Hash Cond: (ci.role_id = rt.id)
               Buffers: shared hit=1040757 read=151811
               ->  Nested Loop  (cost=14216.99..701015.74 rows=1620 width=8) (actual time=36.308..11810.974 rows=359232 loops=1)
                     Buffers: shared hit=1040756 read=151811
                     ->  Nested Loop  (cost=14216.55..696077.90 rows=113 width=12) (actual time=36.283..7725.398 rows=22038 loops=1)
                           Buffers: shared hit=723278 read=62357
                           ->  Seq Scan on info_type it2  (cost=0.00..2.41 rows=1 width=4) (actual time=0.033..0.043 rows=1 loops=1)
                                 Filter: (id = 4)
                                 Rows Removed by Filter: 112
                                 Buffers: shared hit=1
                           ->  Nested Loop  (cost=14216.55..696074.36 rows=113 width=16) (actual time=36.249..7720.079 rows=22038 loops=1)
                                 Buffers: shared hit=723277 read=62357
                                 ->  Seq Scan on info_type it1  (cost=0.00..2.41 rows=1 width=4) (actual time=0.009..0.020 rows=1 loops=1)
                                       Filter: (id = 8)
                                       Rows Removed by Filter: 112
                                       Buffers: shared hit=1
                                 ->  Nested Loop  (cost=14216.55..696070.81 rows=113 width=20) (actual time=36.237..7714.708 rows=22038 loops=1)
                                       Buffers: shared hit=723276 read=62357
                                       ->  Hash Join  (cost=14216.12..521684.75 rows=4109 width=12) (actual time=36.131..5779.084 rows=21628 loops=1)
                                             Hash Cond: (t.kind_id = kt.id)
                                             Buffers: shared hit=568776 read=17390
                                             ->  Nested Loop  (cost=14214.99..521643.21 rows=9587 width=16) (actual time=36.090..5749.895 rows=107281 loops=1)
                                                   Buffers: shared hit=568775 read=17390
                                                   ->  Bitmap Heap Scan on movie_info mi1  (cost=14214.55..447036.21 rows=12101 width=8) (actual time=36.011..762.241 rows=145574 loops=1)
                                                         Recheck Cond: (info_type_id = 8)
                                                         Filter: ((info)::text = ANY ('{Australia,Greece,Iran,Italy,Japan,"New Zealand",Nigeria,Yugoslavia}'::text[]))
                                                         Rows Removed by Filter: 1179787
                                                         Heap Blocks: exact=7853
                                                         Buffers: shared hit=2490 read=6403
                                                         ->  Bitmap Index Scan on info_type_id_movie_info  (cost=0.00..14211.52 rows=1329478 width=0) (actual time=35.050..35.051 rows=1325361 loops=1)
                                                               Index Cond: (info_type_id = 8)
                                                               Buffers: shared hit=1040
                                                   ->  Memoize  (cost=0.44..6.25 rows=1 width=8) (actual time=0.034..0.034 rows=1 loops=145574)
                                                         Cache Key: mi1.movie_id
                                                         Cache Mode: logical
                                                         Hits: 1256  Misses: 144318  Evictions: 54511  Overflows: 0  Memory Usage: 8193kB
                                                         Buffers: shared hit=566285 read=10987
                                                         ->  Index Scan using title_pkey on title t  (cost=0.43..6.24 rows=1 width=8) (actual time=0.033..0.033 rows=1 loops=144318)
                                                               Index Cond: (id = mi1.movie_id)
                                                               Filter: ((production_year <= 2015) AND (1975 < production_year))
                                                               Rows Removed by Filter: 0
                                                               Buffers: shared hit=566285 read=10987
                                             ->  Hash  (cost=1.10..1.10 rows=3 width=4) (actual time=0.014..0.015 rows=3 loops=1)
                                                   Buckets: 1024  Batches: 1  Memory Usage: 9kB
                                                   Buffers: shared hit=1
                                                   ->  Seq Scan on kind_type kt  (cost=0.00..1.10 rows=3 width=4) (actual time=0.008..0.010 rows=3 loops=1)
                                                         Filter: ((kind)::text = ANY ('{"tv movie","tv series","video game"}'::text[]))
                                                         Rows Removed by Filter: 4
                                                         Buffers: shared hit=1
                                       ->  Index Scan using movie_id_movie_info on movie_info mi2  (cost=0.43..42.43 rows=1 width=8) (actual time=0.051..0.089 rows=1 loops=21628)
                                             Index Cond: (movie_id = t.id)
                                             Filter: ((info_type_id = 4) AND ((info)::text = ANY ('{English,Greek,Italian,Japanese,Persian,Serbo-Croatian}'::text[])))
                                             Rows Removed by Filter: 7
                                             Buffers: shared hit=154500 read=44967
                     ->  Index Scan using movie_id_cast_info on cast_info ci  (cost=0.44..43.32 rows=38 width=12) (actual time=0.037..0.181 rows=16 loops=22038)
                           Index Cond: (movie_id = t.id)
                           Buffers: shared hit=317478 read=89454
               ->  Hash  (cost=1.15..1.15 rows=2 width=4) (actual time=0.035..0.035 rows=2 loops=1)
                     Buckets: 1024  Batches: 1  Memory Usage: 9kB
                     Buffers: shared hit=1
                     ->  Seq Scan on role_type rt  (cost=0.00..1.15 rows=2 width=4) (actual time=0.027..0.028 rows=2 loops=1)
                           Filter: ((role)::text = ANY ('{composer,"miscellaneous crew"}'::text[]))
                           Rows Removed by Filter: 10
                           Buffers: shared hit=1
         ->  Index Scan using name_pkey on name n  (cost=0.43..2.32 rows=1 width=4) (actual time=0.035..0.035 rows=0 loops=86969)
               Index Cond: (id = ci.person_id)
               Filter: ((gender)::text = ANY ('{f,m}'::text[]))
               Rows Removed by Filter: 1
               Buffers: shared hit=328317 read=19559
 Planning:
   Buffers: shared hit=574
 Planning Time: 13.925 ms
 Execution Time: 15031.423 ms
(78 rows)

