                                                                                               QUERY PLAN                                                                                               
--------------------------------------------------------------------------------------------------------------------------------------------------------------------------------------------------------
 Aggregate  (cost=448438.63..448438.64 rows=1 width=8) (actual time=6922.180..6922.188 rows=1 loops=1)
   Buffers: shared hit=644687 read=70114
   ->  Nested Loop  (cost=13060.93..448438.63 rows=1 width=0) (actual time=623.702..6922.091 rows=110 loops=1)
         Buffers: shared hit=644687 read=70114
         ->  Hash Join  (cost=13060.50..448433.99 rows=2 width=4) (actual time=447.599..6825.355 rows=2598 loops=1)
               Hash Cond: (ci.role_id = rt.id)
               Buffers: shared hit=635400 read=69009
               ->  Nested Loop  (cost=13059.33..448432.76 rows=14 width=8) (actual time=441.445..6812.223 rows=72041 loops=1)
                     Buffers: shared hit=635399 read=69009
                     ->  Nested Loop  (cost=13058.89..448388.21 rows=1 width=12) (actual time=441.397..6004.327 rows=3629 loops=1)
                           Buffers: shared hit=570599 read=52886
                           ->  Nested Loop  (cost=13058.89..448385.79 rows=1 width=16) (actual time=441.389..5932.000 rows=3629 loops=1)
                                 Buffers: shared hit=566970 read=52886
                                 ->  Nested Loop  (cost=13058.89..448383.36 rows=1 width=20) (actual time=441.367..5856.376 rows=3629 loops=1)
                                       Buffers: shared hit=563341 read=52886
                                       ->  Hash Join  (cost=13058.45..428255.20 rows=469 width=12) (actual time=39.788..3598.205 rows=23888 loops=1)
                                             Hash Cond: (t.kind_id = kt.id)
                                             Buffers: shared hit=355850 read=18787
                                             ->  Nested Loop  (cost=13057.32..428249.46 rows=1093 width=16) (actual time=37.783..3586.883 rows=24962 loops=1)
                                                   Buffers: shared hit=355849 read=18787
                                                   ->  Bitmap Heap Scan on movie_info mi2  (cost=13056.88..385268.40 rows=6046 width=8) (actual time=37.736..511.693 rows=92197 loops=1)
                                                         Recheck Cond: (info_type_id = 4)
                                                         Filter: ((info)::text = ANY ('{Bengali,French,Mandarin,Portuguese}'::text[]))
                                                         Rows Removed by Filter: 1206792
                                                         Heap Blocks: exact=8393
                                                         Buffers: shared hit=2590 read=6822
                                                         ->  Bitmap Index Scan on info_type_id_movie_info  (cost=0.00..13055.37 rows=1221191 width=0) (actual time=35.589..35.590 rows=1298989 loops=1)
                                                               Index Cond: (info_type_id = 4)
                                                               Buffers: shared read=1019
                                                   ->  Memoize  (cost=0.44..7.15 rows=1 width=8) (actual time=0.033..0.033 rows=0 loops=92197)
                                                         Cache Key: mi2.movie_id
                                                         Cache Mode: logical
                                                         Hits: 891  Misses: 91306  Evictions: 0  Overflows: 0  Memory Usage: 7034kB
                                                         Buffers: shared hit=353259 read=11965
                                                         ->  Index Scan using title_pkey on title t  (cost=0.43..7.14 rows=1 width=8) (actual time=0.032..0.032 rows=0 loops=91306)
                                                               Index Cond: (id = mi2.movie_id)
                                                               Filter: ((production_year <= 1975) AND (1875 < production_year))
                                                               Rows Removed by Filter: 1
                                                               Buffers: shared hit=353259 read=11965
                                             ->  Hash  (cost=1.10..1.10 rows=3 width=4) (actual time=0.014..0.014 rows=3 loops=1)
                                                   Buckets: 1024  Batches: 1  Memory Usage: 9kB
                                                   Buffers: shared hit=1
                                                   ->  Seq Scan on kind_type kt  (cost=0.00..1.10 rows=3 width=4) (actual time=0.007..0.008 rows=3 loops=1)
                                                         Filter: ((kind)::text = ANY ('{episode,movie,"tv movie"}'::text[]))
                                                         Rows Removed by Filter: 4
                                                         Buffers: shared hit=1
                                       ->  Index Scan using movie_id_movie_info on movie_info mi1  (cost=0.43..42.91 rows=1 width=8) (actual time=0.093..0.094 rows=0 loops=23888)
                                             Index Cond: (movie_id = t.id)
                                             Filter: ((info_type_id = 8) AND ((info)::text = ANY ('{India,Italy,Portugal,Taiwan}'::text[])))
                                             Rows Removed by Filter: 12
                                             Buffers: shared hit=207491 read=34099
                                 ->  Seq Scan on info_type it1  (cost=0.00..2.41 rows=1 width=4) (actual time=0.010..0.019 rows=1 loops=3629)
                                       Filter: (id = 8)
                                       Rows Removed by Filter: 112
                                       Buffers: shared hit=3629
                           ->  Seq Scan on info_type it2  (cost=0.00..2.41 rows=1 width=4) (actual time=0.009..0.018 rows=1 loops=3629)
                                 Filter: (id = 4)
                                 Rows Removed by Filter: 112
                                 Buffers: shared hit=3629
                     ->  Index Scan using movie_id_cast_info on cast_info ci  (cost=0.44..44.17 rows=38 width=12) (actual time=0.038..0.217 rows=20 loops=3629)
                           Index Cond: (movie_id = t.id)
                           Buffers: shared hit=64800 read=16123
               ->  Hash  (cost=1.15..1.15 rows=2 width=4) (actual time=0.029..0.029 rows=2 loops=1)
                     Buckets: 1024  Batches: 1  Memory Usage: 9kB
                     Buffers: shared hit=1
                     ->  Seq Scan on role_type rt  (cost=0.00..1.15 rows=2 width=4) (actual time=0.023..0.024 rows=2 loops=1)
                           Filter: ((role)::text = ANY ('{editor,"production designer"}'::text[]))
                           Rows Removed by Filter: 10
                           Buffers: shared hit=1
         ->  Index Scan using name_pkey on name n  (cost=0.43..2.32 rows=1 width=4) (actual time=0.037..0.037 rows=0 loops=2598)
               Index Cond: (id = ci.person_id)
               Filter: ((gender)::text = 'f'::text)
               Rows Removed by Filter: 1
               Buffers: shared hit=9287 read=1105
 Planning:
   Buffers: shared hit=528 read=46
 Planning Time: 12.274 ms
 Execution Time: 6923.649 ms
(78 rows)

