                                                                                               QUERY PLAN                                                                                               
--------------------------------------------------------------------------------------------------------------------------------------------------------------------------------------------------------
 Aggregate  (cost=530465.22..530465.23 rows=1 width=8) (actual time=7090.718..7090.726 rows=1 loops=1)
   Buffers: shared hit=704349 read=21770
   ->  Nested Loop  (cost=13062.42..530465.19 rows=12 width=0) (actual time=39.215..7090.503 rows=949 loops=1)
         Buffers: shared hit=704349 read=21770
         ->  Seq Scan on info_type it2  (cost=0.00..2.41 rows=1 width=4) (actual time=0.045..0.055 rows=1 loops=1)
               Filter: (id = 4)
               Rows Removed by Filter: 112
               Buffers: shared hit=1
         ->  Nested Loop  (cost=13062.42..530462.66 rows=12 width=4) (actual time=39.168..7090.256 rows=949 loops=1)
               Buffers: shared hit=704348 read=21770
               ->  Seq Scan on info_type it1  (cost=0.00..2.41 rows=1 width=4) (actual time=0.012..0.024 rows=1 loops=1)
                     Filter: (id = 8)
                     Rows Removed by Filter: 112
                     Buffers: shared hit=1
               ->  Nested Loop  (cost=13062.42..530460.13 rows=12 width=8) (actual time=39.153..7090.017 rows=949 loops=1)
                     Buffers: shared hit=704347 read=21770
                     ->  Hash Join  (cost=13061.99..530344.15 rows=50 width=12) (actual time=39.114..7044.430 rows=1054 loops=1)
                           Hash Cond: (ci.role_id = rt.id)
                           Buffers: shared hit=701408 read=20493
                           ->  Nested Loop  (cost=13060.81..530341.91 rows=301 width=16) (actual time=38.965..7043.327 rows=3836 loops=1)
                                 Buffers: shared hit=701407 read=20493
                                 ->  Nested Loop  (cost=13060.37..529406.27 rows=21 width=20) (actual time=38.926..6988.810 rows=315 loops=1)
                                       Buffers: shared hit=699036 read=18196
                                       ->  Hash Join  (cost=13059.94..489440.98 rows=929 width=12) (actual time=38.777..6818.463 rows=2128 loops=1)
                                             Hash Cond: (t.kind_id = kt.id)
                                             Buffers: shared hit=684883 read=13450
                                             ->  Nested Loop  (cost=13058.80..489430.71 rows=2167 width=16) (actual time=38.734..6809.112 rows=34843 loops=1)
                                                   Buffers: shared hit=684882 read=13450
                                                   ->  Bitmap Heap Scan on movie_info mi2  (cost=13058.36..415328.24 rows=11980 width=8) (actual time=37.892..692.412 rows=174780 loops=1)
                                                         Recheck Cond: (info_type_id = 4)
                                                         Filter: ((info)::text = ANY ('{Bengali,Dutch,French,Hungarian,Romanian,Spanish}'::text[]))
                                                         Rows Removed by Filter: 1124209
                                                         Heap Blocks: exact=8393
                                                         Buffers: shared hit=6558 read=2854
                                                         ->  Bitmap Index Scan on info_type_id_movie_info  (cost=0.00..13055.37 rows=1221191 width=0) (actual time=35.491..35.492 rows=1298989 loops=1)
                                                               Index Cond: (info_type_id = 4)
                                                               Buffers: shared read=1019
                                                   ->  Memoize  (cost=0.44..6.27 rows=1 width=8) (actual time=0.035..0.035 rows=0 loops=174780)
                                                         Cache Key: mi2.movie_id
                                                         Cache Mode: logical
                                                         Hits: 2550  Misses: 172230  Evictions: 61973  Overflows: 0  Memory Usage: 8193kB
                                                         Buffers: shared hit=678324 read=10596
                                                         ->  Index Scan using title_pkey on title t  (cost=0.43..6.26 rows=1 width=8) (actual time=0.034..0.034 rows=0 loops=172230)
                                                               Index Cond: (id = mi2.movie_id)
                                                               Filter: ((production_year <= 1975) AND (1875 < production_year))
                                                               Rows Removed by Filter: 1
                                                               Buffers: shared hit=678324 read=10596
                                             ->  Hash  (cost=1.10..1.10 rows=3 width=4) (actual time=0.016..0.017 rows=3 loops=1)
                                                   Buckets: 1024  Batches: 1  Memory Usage: 9kB
                                                   Buffers: shared hit=1
                                                   ->  Seq Scan on kind_type kt  (cost=0.00..1.10 rows=3 width=4) (actual time=0.008..0.010 rows=3 loops=1)
                                                         Filter: ((kind)::text = ANY ('{"tv series","video game","video movie"}'::text[]))
                                                         Rows Removed by Filter: 4
                                                         Buffers: shared hit=1
                                       ->  Index Scan using movie_id_movie_info on movie_info mi1  (cost=0.43..43.01 rows=1 width=8) (actual time=0.078..0.079 rows=0 loops=2128)
                                             Index Cond: (movie_id = t.id)
                                             Filter: ((info_type_id = 8) AND ((info)::text = ANY ('{Canada,Hungary,India,Netherlands,Romania,USA}'::text[])))
                                             Rows Removed by Filter: 8
                                             Buffers: shared hit=14153 read=4746
                                 ->  Index Scan using movie_id_cast_info on cast_info ci  (cost=0.44..44.17 rows=38 width=12) (actual time=0.036..0.169 rows=12 loops=315)
                                       Index Cond: (movie_id = t.id)
                                       Buffers: shared hit=2371 read=2297
                           ->  Hash  (cost=1.15..1.15 rows=2 width=4) (actual time=0.018..0.019 rows=2 loops=1)
                                 Buckets: 1024  Batches: 1  Memory Usage: 9kB
                                 Buffers: shared hit=1
                                 ->  Seq Scan on role_type rt  (cost=0.00..1.15 rows=2 width=4) (actual time=0.010..0.013 rows=2 loops=1)
                                       Filter: ((role)::text = ANY ('{actress,producer}'::text[]))
                                       Rows Removed by Filter: 10
                                       Buffers: shared hit=1
                     ->  Index Scan using name_pkey on name n  (cost=0.43..2.32 rows=1 width=4) (actual time=0.043..0.043 rows=1 loops=1054)
                           Index Cond: (id = ci.person_id)
                           Filter: ((gender)::text = 'f'::text)
                           Rows Removed by Filter: 0
                           Buffers: shared hit=2939 read=1277
 Planning:
   Buffers: shared hit=520 read=54
 Planning Time: 13.563 ms
 Execution Time: 7093.383 ms
(78 rows)

