                                                                                            QUERY PLAN                                                                                            
--------------------------------------------------------------------------------------------------------------------------------------------------------------------------------------------------
 Aggregate  (cost=685346.16..685346.17 rows=1 width=8) (actual time=1088.645..1088.652 rows=1 loops=1)
   Buffers: shared hit=27772 read=36660, temp read=1184 written=1184
   ->  Nested Loop  (cost=469017.20..685346.04 rows=46 width=0) (actual time=813.368..1088.640 rows=28 loops=1)
         Buffers: shared hit=27772 read=36660, temp read=1184 written=1184
         ->  Seq Scan on info_type it2  (cost=0.00..2.41 rows=1 width=4) (actual time=0.042..0.047 rows=1 loops=1)
               Filter: (id = 4)
               Rows Removed by Filter: 112
               Buffers: shared hit=1
         ->  Nested Loop  (cost=469017.20..685343.17 rows=46 width=4) (actual time=813.324..1088.584 rows=28 loops=1)
               Buffers: shared hit=27771 read=36660, temp read=1184 written=1184
               ->  Seq Scan on info_type it1  (cost=0.00..2.41 rows=1 width=4) (actual time=0.009..0.014 rows=1 loops=1)
                     Filter: (id = 8)
                     Rows Removed by Filter: 112
                     Buffers: shared hit=1
               ->  Nested Loop  (cost=469017.20..685340.30 rows=46 width=8) (actual time=813.314..1088.562 rows=28 loops=1)
                     Join Filter: (t.id = mi2.movie_id)
                     Buffers: shared hit=27770 read=36660, temp read=1184 written=1184
                     ->  Nested Loop  (cost=469016.77..619816.14 rows=1546 width=16) (actual time=813.285..1086.774 rows=30 loops=1)
                           Buffers: shared hit=27620 read=36492, temp read=1184 written=1184
                           ->  Hash Join  (cost=469016.34..604372.77 rows=6658 width=20) (actual time=774.306..1048.886 rows=3128 loops=1)
                                 Hash Cond: (ci.movie_id = t.id)
                                 Buffers: shared hit=16745 read=34855, temp read=1184 written=1184
                                 ->  Nested Loop  (cost=0.44..123965.00 rows=3020080 width=8) (actual time=0.090..202.770 rows=898389 loops=1)
                                       Buffers: shared hit=1008 read=5307
                                       ->  Seq Scan on role_type rt  (cost=0.00..1.15 rows=1 width=4) (actual time=0.008..0.010 rows=1 loops=1)
                                             Filter: ((role)::text = 'cinematographer'::text)
                                             Rows Removed by Filter: 11
                                             Buffers: shared hit=1
                                       ->  Index Scan using role_id_cast_info on cast_info ci  (cost=0.44..91017.52 rows=3294633 width=12) (actual time=0.080..131.883 rows=898389 loops=1)
                                             Index Cond: (role_id = rt.id)
                                             Buffers: shared hit=1007 read=5307
                                 ->  Hash  (cost=468946.22..468946.22 rows=5574 width=12) (actual time=773.898..773.903 rows=14876 loops=1)
                                       Buckets: 16384 (originally 8192)  Batches: 1 (originally 1)  Memory Usage: 768kB
                                       Buffers: shared hit=15737 read=29548, temp read=1184 written=1184
                                       ->  Hash Join  (cost=94683.33..468946.22 rows=5574 width=12) (actual time=450.551..771.075 rows=14876 loops=1)
                                             Hash Cond: (mi1.movie_id = t.id)
                                             Buffers: shared hit=15737 read=29548, temp read=1184 written=1184
                                             ->  Bitmap Heap Scan on movie_info mi1  (cost=14226.60..386821.89 rows=60228 width=8) (actual time=36.770..246.748 rows=662957 loops=1)
                                                   Recheck Cond: (info_type_id = 8)
                                                   Filter: ((info)::text = ANY ('{"East Germany","Hong Kong",India,Italy,Mexico,Poland,"South Korea",USA,"West Germany"}'::text[]))
                                                   Rows Removed by Filter: 662404
                                                   Heap Blocks: exact=7853
                                                   Buffers: shared hit=2292 read=6601
                                                   ->  Bitmap Index Scan on info_type_id_movie_info  (cost=0.00..14211.52 rows=1329478 width=0) (actual time=35.790..35.790 rows=1325361 loops=1)
                                                         Index Cond: (info_type_id = 8)
                                                         Buffers: shared read=1040
                                             ->  Hash  (cost=76617.93..76617.93 rows=233984 width=4) (actual time=412.693..412.696 rows=33701 loops=1)
                                                   Buckets: 262144  Batches: 2  Memory Usage: 2644kB
                                                   Buffers: shared hit=13445 read=22947, temp written=49
                                                   ->  Hash Join  (cost=1.13..76617.93 rows=233984 width=4) (actual time=0.062..405.992 rows=33701 loops=1)
                                                         Hash Cond: (t.kind_id = kt.id)
                                                         Buffers: shared hit=13445 read=22947
                                                         ->  Seq Scan on title t  (cost=0.00..74315.95 rows=545963 width=8) (actual time=0.023..373.973 rows=538239 loops=1)
                                                               Filter: ((production_year <= 1990) AND (1950 < production_year))
                                                               Rows Removed by Filter: 1990073
                                                               Buffers: shared hit=13444 read=22947
                                                         ->  Hash  (cost=1.10..1.10 rows=3 width=4) (actual time=0.015..0.016 rows=3 loops=1)
                                                               Buckets: 1024  Batches: 1  Memory Usage: 9kB
                                                               Buffers: shared hit=1
                                                               ->  Seq Scan on kind_type kt  (cost=0.00..1.10 rows=3 width=4) (actual time=0.007..0.008 rows=3 loops=1)
                                                                     Filter: ((kind)::text = ANY ('{"tv series","video game","video movie"}'::text[]))
                                                                     Rows Removed by Filter: 4
                                                                     Buffers: shared hit=1
                           ->  Index Scan using name_pkey on name n  (cost=0.43..2.32 rows=1 width=4) (actual time=0.012..0.012 rows=0 loops=3128)
                                 Index Cond: (id = ci.person_id)
                                 Filter: ((gender)::text = 'f'::text)
                                 Rows Removed by Filter: 1
                                 Buffers: shared hit=10875 read=1637
                     ->  Index Scan using movie_id_movie_info on movie_info mi2  (cost=0.43..42.37 rows=1 width=8) (actual time=0.039..0.059 rows=1 loops=30)
                           Index Cond: (movie_id = ci.movie_id)
                           Filter: ((info_type_id = 4) AND ((info)::text = ANY ('{English,German,Italian,Korean,Malayalam,Mandarin,Polish,Spanish}'::text[])))
                           Rows Removed by Filter: 9
                           Buffers: shared hit=150 read=168
 Planning:
   Buffers: shared hit=487 read=90
 Planning Time: 13.533 ms
 Execution Time: 1089.138 ms
(77 rows)

