                                                                                                  QUERY PLAN                                                                                                   
---------------------------------------------------------------------------------------------------------------------------------------------------------------------------------------------------------------
 Aggregate  (cost=927672.49..927672.50 rows=1 width=8) (actual time=241372.724..241372.732 rows=1 loops=1)
   Buffers: shared hit=23151246 read=1927636, temp read=9430 written=9361
   ->  Nested Loop  (cost=844028.35..927671.71 rows=312 width=0) (actual time=1016.740..240876.964 rows=2870857 loops=1)
         Buffers: shared hit=23151246 read=1927636, temp read=9430 written=9361
         ->  Seq Scan on info_type it2  (cost=0.00..2.41 rows=1 width=4) (actual time=0.050..0.060 rows=1 loops=1)
               Filter: (id = 4)
               Rows Removed by Filter: 112
               Buffers: shared hit=1
         ->  Nested Loop  (cost=844028.35..927666.18 rows=312 width=4) (actual time=1016.688..240254.807 rows=2870857 loops=1)
               Buffers: shared hit=23151245 read=1927636, temp read=9430 written=9361
               ->  Seq Scan on info_type it1  (cost=0.00..2.41 rows=1 width=4) (actual time=0.009..0.021 rows=1 loops=1)
                     Filter: (id = 8)
                     Rows Removed by Filter: 112
                     Buffers: shared hit=1
               ->  Nested Loop  (cost=844028.35..927660.64 rows=312 width=8) (actual time=1016.678..239615.996 rows=2870857 loops=1)
                     Buffers: shared hit=23151244 read=1927636, temp read=9430 written=9361
                     ->  Hash Join  (cost=844027.92..925934.92 rows=744 width=12) (actual time=1016.651..136526.013 rows=2870857 loops=1)
                           Hash Cond: (ci.role_id = rt.id)
                           Buffers: shared hit=11805461 read=1789991, temp read=9430 written=9361
                           ->  Nested Loop  (cost=844026.76..925902.04 rows=8930 width=16) (actual time=1016.606..133993.533 rows=9661986 loops=1)
                                 Buffers: shared hit=11805460 read=1789991, temp read=9430 written=9361
                                 ->  Nested Loop  (cost=844026.32..898654.80 rows=623 width=20) (actual time=1016.580..27797.046 rows=426658 loops=1)
                                       Buffers: shared hit=2853870 read=54419, temp read=9430 written=9361
                                       ->  Nested Loop  (cost=844026.18..898618.94 rows=1454 width=24) (actual time=1016.486..27322.813 rows=507494 loops=1)
                                             Buffers: shared hit=2853859 read=54418, temp read=9430 written=9361
                                             ->  Merge Join  (cost=844025.75..844911.17 rows=15513 width=16) (actual time=1016.435..2024.709 rows=722493 loops=1)
                                                   Merge Cond: (mi1.movie_id = mi2.movie_id)
                                                   Buffers: shared hit=7523 read=10782, temp read=9430 written=9361
                                                   ->  Sort  (cost=392806.21..392991.10 rows=73955 width=8) (actual time=461.013..626.445 rows=809750 loops=1)
                                                         Sort Key: mi1.movie_id
                                                         Sort Method: external sort  Disk: 17504kB
                                                         Buffers: shared hit=3263 read=5630, temp read=4367 written=4378
                                                         ->  Bitmap Heap Scan on movie_info mi1  (cost=14230.04..386825.33 rows=73955 width=8) (actual time=37.807..263.816 rows=809750 loops=1)
                                                               Recheck Cond: (info_type_id = 8)
                                                               Filter: ((info)::text = ANY ('{Australia,Denmark,Germany,Ireland,Netherlands,"New Zealand",Nigeria,Norway,Philippines,Sweden,UK,USA}'::text[]))
                                                               Rows Removed by Filter: 515611
                                                               Heap Blocks: exact=7853
                                                               Buffers: shared hit=3263 read=5630
                                                               ->  Bitmap Index Scan on info_type_id_movie_info  (cost=0.00..14211.52 rows=1329478 width=0) (actual time=36.831..36.832 rows=1325361 loops=1)
                                                                     Index Cond: (info_type_id = 8)
                                                                     Buffers: shared read=1040
                                                   ->  Sort  (cost=451219.54..451399.80 rows=72103 width=8) (actual time=555.412..818.969 rows=937194 loops=1)
                                                         Sort Key: mi2.movie_id
                                                         Sort Method: external sort  Disk: 19920kB
                                                         Buffers: shared hit=4260 read=5152, temp read=5017 written=4983
                                                         ->  Bitmap Heap Scan on movie_info mi2  (cost=13073.39..445401.63 rows=72103 width=8) (actual time=30.653..332.695 rows=921744 loops=1)
                                                               Recheck Cond: (info_type_id = 4)
                                                               Filter: ((info)::text = ANY ('{Danish,Dutch,English,Filipino,Norwegian,Spanish,Swedish,Tagalog}'::text[]))
                                                               Rows Removed by Filter: 377245
                                                               Heap Blocks: exact=8393
                                                               Buffers: shared hit=4260 read=5152
                                                               ->  Bitmap Index Scan on info_type_id_movie_info  (cost=0.00..13055.37 rows=1221191 width=0) (actual time=29.586..29.586 rows=1298989 loops=1)
                                                                     Index Cond: (info_type_id = 4)
                                                                     Buffers: shared hit=1 read=1018
                                             ->  Index Scan using title_pkey on title t  (cost=0.43..3.46 rows=1 width=8) (actual time=0.034..0.034 rows=1 loops=722493)
                                                   Index Cond: (id = mi1.movie_id)
                                                   Filter: ((production_year <= 2015) AND (1990 < production_year))
                                                   Rows Removed by Filter: 0
                                                   Buffers: shared hit=2846336 read=43636
                                       ->  Memoize  (cost=0.14..0.16 rows=1 width=4) (actual time=0.000..0.000 rows=1 loops=507494)
                                             Cache Key: t.kind_id
                                             Cache Mode: logical
                                             Hits: 507488  Misses: 6  Evictions: 0  Overflows: 0  Memory Usage: 1kB
                                             Buffers: shared hit=11 read=1
                                             ->  Index Scan using kind_type_pkey on kind_type kt  (cost=0.13..0.15 rows=1 width=4) (actual time=0.013..0.013 rows=0 loops=6)
                                                   Index Cond: (id = t.kind_id)
                                                   Filter: ((kind)::text = ANY ('{episode,movie,"video movie"}'::text[]))
                                                   Rows Removed by Filter: 0
                                                   Buffers: shared hit=11 read=1
                                 ->  Index Scan using movie_id_cast_info on cast_info ci  (cost=0.44..43.36 rows=38 width=12) (actual time=0.036..0.242 rows=23 loops=426658)
                                       Index Cond: (movie_id = t.id)
                                       Buffers: shared hit=8951590 read=1735572
                           ->  Hash  (cost=1.15..1.15 rows=1 width=4) (actual time=0.020..0.021 rows=1 loops=1)
                                 Buckets: 1024  Batches: 1  Memory Usage: 9kB
                                 Buffers: shared hit=1
                                 ->  Seq Scan on role_type rt  (cost=0.00..1.15 rows=1 width=4) (actual time=0.010..0.012 rows=1 loops=1)
                                       Filter: ((role)::text = 'actor'::text)
                                       Rows Removed by Filter: 11
                                       Buffers: shared hit=1
                     ->  Index Scan using name_pkey on name n  (cost=0.43..2.32 rows=1 width=4) (actual time=0.035..0.035 rows=1 loops=2870857)
                           Index Cond: (id = ci.person_id)
                           Filter: ((gender)::text = 'm'::text)
                           Buffers: shared hit=11345783 read=137645
 Planning:
   Buffers: shared hit=532 read=45
 Planning Time: 14.255 ms
 Execution Time: 241383.101 ms
(87 rows)

