                                                                                                  QUERY PLAN                                                                                                  
--------------------------------------------------------------------------------------------------------------------------------------------------------------------------------------------------------------
 Aggregate  (cost=920263.17..920263.18 rows=1 width=8) (actual time=206632.330..206632.339 rows=1 loops=1)
   Buffers: shared hit=19704012 read=1784303, temp read=7915 written=7918
   ->  Nested Loop  (cost=857213.44..920262.05 rows=448 width=0) (actual time=1055.417..206201.940 rows=2508161 loops=1)
         Buffers: shared hit=19704012 read=1784303, temp read=7915 written=7918
         ->  Seq Scan on info_type it2  (cost=0.00..2.41 rows=1 width=4) (actual time=0.036..0.046 rows=1 loops=1)
               Filter: (id = 4)
               Rows Removed by Filter: 112
               Buffers: shared hit=1
         ->  Nested Loop  (cost=857213.44..920255.15 rows=448 width=4) (actual time=1055.379..205664.422 rows=2508161 loops=1)
               Buffers: shared hit=19704011 read=1784303, temp read=7915 written=7918
               ->  Seq Scan on info_type it1  (cost=0.00..2.41 rows=1 width=4) (actual time=0.010..0.023 rows=1 loops=1)
                     Filter: (id = 8)
                     Rows Removed by Filter: 112
                     Buffers: shared hit=1
               ->  Nested Loop  (cost=857213.44..920248.26 rows=448 width=8) (actual time=1055.368..205081.100 rows=2508161 loops=1)
                     Buffers: shared hit=19704010 read=1784303, temp read=7915 written=7918
                     ->  Hash Join  (cost=857213.01..917771.01 rows=1068 width=12) (actual time=1055.332..106181.491 rows=2755599 loops=1)
                           Hash Cond: (ci.role_id = rt.id)
                           Buffers: shared hit=8885767 read=1580150, temp read=7915 written=7918
                           ->  Nested Loop  (cost=857211.83..917747.08 rows=6407 width=16) (actual time=1055.295..104019.049 rows=7488331 loops=1)
                                 Buffers: shared hit=8885766 read=1580150, temp read=7915 written=7918
                                 ->  Nested Loop  (cost=857211.39..898197.29 rows=447 width=20) (actual time=1055.268..21245.133 rows=328595 loops=1)
                                       Buffers: shared hit=2140604 read=61945, temp read=7915 written=7918
                                       ->  Nested Loop  (cost=857211.25..898171.25 rows=1044 width=24) (actual time=1055.152..20885.382 rows=385507 loops=1)
                                             Join Filter: (t.id = mi1.movie_id)
                                             Buffers: shared hit=2140593 read=61944, temp read=7915 written=7918
                                             ->  Merge Join  (cost=857210.82..857942.52 rows=11139 width=16) (actual time=1055.098..1872.615 rows=546058 loops=1)
                                                   Merge Cond: (mi1.movie_id = mi2.movie_id)
                                                   Buffers: shared hit=3 read=18302, temp read=7915 written=7918
                                                   ->  Sort  (cost=436553.06..436697.29 rows=57689 width=8) (actual time=532.179..661.784 rows=624353 loops=1)
                                                         Sort Key: mi1.movie_id
                                                         Sort Method: external sort  Disk: 13496kB
                                                         Buffers: shared hit=1 read=8892, temp read=3368 written=3376
                                                         ->  Bitmap Heap Scan on movie_info mi1  (cost=14225.94..431991.01 rows=57689 width=8) (actual time=36.381..379.728 rows=624353 loops=1)
                                                               Recheck Cond: (info_type_id = 8)
                                                               Filter: ((info)::text = ANY ('{Denmark,Israel,Italy,Netherlands,Philippines,Portugal,USA}'::text[]))
                                                               Rows Removed by Filter: 701008
                                                               Heap Blocks: exact=7853
                                                               Buffers: shared hit=1 read=8892
                                                               ->  Bitmap Index Scan on info_type_id_movie_info  (cost=0.00..14211.52 rows=1329478 width=0) (actual time=35.411..35.412 rows=1325361 loops=1)
                                                                     Index Cond: (info_type_id = 8)
                                                                     Buffers: shared read=1040
                                                   ->  Sort  (cost=420657.76..420823.69 rows=66373 width=8) (actual time=522.908..744.563 rows=845753 loops=1)
                                                         Sort Key: mi2.movie_id
                                                         Sort Method: external sort  Disk: 18160kB
                                                         Buffers: shared hit=2 read=9410, temp read=4539 written=4542
                                                         ->  Bitmap Heap Scan on movie_info mi2  (cost=13071.96..415341.84 rows=66373 width=8) (actual time=30.601..318.746 rows=840147 loops=1)
                                                               Recheck Cond: (info_type_id = 4)
                                                               Filter: ((info)::text = ANY ('{Danish,Dutch,English,Hebrew,Portuguese,Tagalog}'::text[]))
                                                               Rows Removed by Filter: 458842
                                                               Heap Blocks: exact=8393
                                                               Buffers: shared hit=2 read=9410
                                                               ->  Bitmap Index Scan on info_type_id_movie_info  (cost=0.00..13055.37 rows=1221191 width=0) (actual time=29.559..29.559 rows=1298989 loops=1)
                                                                     Index Cond: (info_type_id = 4)
                                                                     Buffers: shared hit=1 read=1018
                                             ->  Index Scan using title_pkey on title t  (cost=0.43..3.60 rows=1 width=8) (actual time=0.034..0.034 rows=1 loops=546058)
                                                   Index Cond: (id = mi2.movie_id)
                                                   Filter: ((production_year <= 2015) AND (1990 < production_year))
                                                   Rows Removed by Filter: 0
                                                   Buffers: shared hit=2140590 read=43642
                                       ->  Memoize  (cost=0.14..0.16 rows=1 width=4) (actual time=0.000..0.000 rows=1 loops=385507)
                                             Cache Key: t.kind_id
                                             Cache Mode: logical
                                             Hits: 385501  Misses: 6  Evictions: 0  Overflows: 0  Memory Usage: 1kB
                                             Buffers: shared hit=11 read=1
                                             ->  Index Scan using kind_type_pkey on kind_type kt  (cost=0.13..0.15 rows=1 width=4) (actual time=0.012..0.012 rows=0 loops=6)
                                                   Index Cond: (id = t.kind_id)
                                                   Filter: ((kind)::text = ANY ('{episode,movie,"video movie"}'::text[]))
                                                   Rows Removed by Filter: 0
                                                   Buffers: shared hit=11 read=1
                                 ->  Index Scan using movie_id_cast_info on cast_info ci  (cost=0.44..43.36 rows=38 width=12) (actual time=0.036..0.245 rows=23 loops=328595)
                                       Index Cond: (movie_id = t.id)
                                       Buffers: shared hit=6745162 read=1518205
                           ->  Hash  (cost=1.15..1.15 rows=2 width=4) (actual time=0.017..0.018 rows=2 loops=1)
                                 Buckets: 1024  Batches: 1  Memory Usage: 9kB
                                 Buffers: shared hit=1
                                 ->  Seq Scan on role_type rt  (cost=0.00..1.15 rows=2 width=4) (actual time=0.008..0.010 rows=2 loops=1)
                                       Filter: ((role)::text = ANY ('{actor,writer}'::text[]))
                                       Rows Removed by Filter: 10
                                       Buffers: shared hit=1
                     ->  Index Scan using name_pkey on name n  (cost=0.43..2.32 rows=1 width=4) (actual time=0.035..0.035 rows=1 loops=2755599)
                           Index Cond: (id = ci.person_id)
                           Filter: ((gender)::text = 'm'::text)
                           Rows Removed by Filter: 0
                           Buffers: shared hit=10818243 read=204153
 Planning:
   Buffers: shared hit=485 read=89
 Planning Time: 13.254 ms
 Execution Time: 206642.116 ms
(89 rows)

