                                                                                            QUERY PLAN                                                                                            
--------------------------------------------------------------------------------------------------------------------------------------------------------------------------------------------------
 Aggregate  (cost=727217.42..727217.43 rows=1 width=8) (actual time=4451.450..4451.461 rows=1 loops=1)
   Buffers: shared hit=333544 read=55225, temp read=5348 written=5348
   ->  Nested Loop  (cost=497671.70..727217.31 rows=41 width=0) (actual time=1161.437..4451.262 rows=569 loops=1)
         Buffers: shared hit=333544 read=55225, temp read=5348 written=5348
         ->  Seq Scan on info_type it2  (cost=0.00..2.41 rows=1 width=4) (actual time=0.030..0.040 rows=1 loops=1)
               Filter: (id = 4)
               Rows Removed by Filter: 112
               Buffers: shared hit=1
         ->  Nested Loop  (cost=497671.70..727214.49 rows=41 width=4) (actual time=1161.405..4451.084 rows=569 loops=1)
               Buffers: shared hit=333543 read=55225, temp read=5348 written=5348
               ->  Seq Scan on info_type it1  (cost=0.00..2.41 rows=1 width=4) (actual time=0.006..0.019 rows=1 loops=1)
                     Filter: (id = 8)
                     Rows Removed by Filter: 112
                     Buffers: shared hit=1
               ->  Nested Loop  (cost=497671.70..727211.67 rows=41 width=8) (actual time=1161.398..4450.921 rows=569 loops=1)
                     Join Filter: (t.id = mi1.movie_id)
                     Buffers: shared hit=333542 read=55225, temp read=5348 written=5348
                     ->  Nested Loop  (cost=497671.26..651014.47 rows=1800 width=16) (actual time=1161.307..4325.519 rows=908 loops=1)
                           Buffers: shared hit=327883 read=50189, temp read=5348 written=5348
                           ->  Hash Join  (cost=497670.83..633038.19 rows=7750 width=20) (actual time=1141.042..1723.302 rows=81794 loops=1)
                                 Hash Cond: (ci.movie_id = t.id)
                                 Buffers: shared hit=3671 read=47225, temp read=5348 written=5348
                                 ->  Nested Loop  (cost=0.44..123965.00 rows=3020080 width=8) (actual time=0.067..295.365 rows=773674 loops=1)
                                       Buffers: shared hit=1940 read=3152
                                       ->  Seq Scan on role_type rt  (cost=0.00..1.15 rows=1 width=4) (actual time=0.009..0.011 rows=1 loops=1)
                                             Filter: ((role)::text = 'composer'::text)
                                             Rows Removed by Filter: 11
                                             Buffers: shared hit=1
                                       ->  Index Scan using role_id_cast_info on cast_info ci  (cost=0.44..91017.52 rows=3294633 width=12) (actual time=0.057..194.049 rows=773674 loops=1)
                                             Index Cond: (role_id = rt.id)
                                             Buffers: shared hit=1939 read=3152
                                 ->  Hash  (cost=497589.29..497589.29 rows=6488 width=12) (actual time=1140.854..1140.861 rows=188187 loops=1)
                                       Buckets: 262144 (originally 8192)  Batches: 2 (originally 1)  Memory Usage: 6145kB
                                       Buffers: shared hit=1731 read=44073, temp read=3658 written=4024
                                       ->  Hash Join  (cost=93529.63..497589.29 rows=6488 width=12) (actual time=569.694..1110.587 rows=188187 loops=1)
                                             Hash Cond: (mi2.movie_id = t.id)
                                             Buffers: shared hit=1731 read=44073, temp read=3658 written=3658
                                             ->  Bitmap Heap Scan on movie_info mi2  (cost=13072.89..415342.77 rows=70108 width=8) (actual time=33.756..330.380 rows=893605 loops=1)
                                                   Recheck Cond: (info_type_id = 4)
                                                   Filter: ((info)::text = ANY ('{Cantonese,Danish,English,Finnish,Polish,Spanish}'::text[]))
                                                   Rows Removed by Filter: 405384
                                                   Heap Blocks: exact=8393
                                                   Buffers: shared hit=1 read=9411
                                                   ->  Bitmap Index Scan on info_type_id_movie_info  (cost=0.00..13055.37 rows=1221191 width=0) (actual time=32.723..32.724 rows=1298989 loops=1)
                                                         Index Cond: (info_type_id = 4)
                                                         Buffers: shared read=1019
                                             ->  Hash  (cost=76617.93..76617.93 rows=233984 width=4) (actual time=534.901..534.905 rows=504538 loops=1)
                                                   Buckets: 262144 (originally 262144)  Batches: 4 (originally 2)  Memory Usage: 6483kB
                                                   Buffers: shared hit=1730 read=34662, temp written=1107
                                                   ->  Hash Join  (cost=1.13..76617.93 rows=233984 width=4) (actual time=0.040..452.883 rows=504538 loops=1)
                                                         Hash Cond: (t.kind_id = kt.id)
                                                         Buffers: shared hit=1730 read=34662
                                                         ->  Seq Scan on title t  (cost=0.00..74315.95 rows=545963 width=8) (actual time=0.022..391.207 rows=538239 loops=1)
                                                               Filter: ((production_year <= 1990) AND (1950 < production_year))
                                                               Rows Removed by Filter: 1990073
                                                               Buffers: shared hit=1729 read=34662
                                                         ->  Hash  (cost=1.10..1.10 rows=3 width=4) (actual time=0.014..0.015 rows=3 loops=1)
                                                               Buckets: 1024  Batches: 1  Memory Usage: 9kB
                                                               Buffers: shared hit=1
                                                               ->  Seq Scan on kind_type kt  (cost=0.00..1.10 rows=3 width=4) (actual time=0.006..0.007 rows=3 loops=1)
                                                                     Filter: ((kind)::text = ANY ('{episode,movie,"tv movie"}'::text[]))
                                                                     Rows Removed by Filter: 4
                                                                     Buffers: shared hit=1
                           ->  Index Scan using name_pkey on name n  (cost=0.43..2.32 rows=1 width=4) (actual time=0.031..0.031 rows=0 loops=81794)
                                 Index Cond: (id = ci.person_id)
                                 Filter: ((gender)::text = 'f'::text)
                                 Rows Removed by Filter: 1
                                 Buffers: shared hit=324212 read=2964
                     ->  Index Scan using movie_id_movie_info on movie_info mi1  (cost=0.43..42.32 rows=1 width=8) (actual time=0.130..0.137 rows=1 loops=908)
                           Index Cond: (movie_id = ci.movie_id)
                           Filter: ((info_type_id = 8) AND ((info)::text = ANY ('{Argentina,Canada,Denmark,Finland,"Hong Kong",Poland,USA}'::text[])))
                           Rows Removed by Filter: 17
                           Buffers: shared hit=5659 read=5036
 Planning:
   Buffers: shared hit=485 read=89
 Planning Time: 10.498 ms
 Execution Time: 4451.934 ms
(77 rows)

