                                                                                               QUERY PLAN                                                                                               
--------------------------------------------------------------------------------------------------------------------------------------------------------------------------------------------------------
 Aggregate  (cost=357493.77..357493.78 rows=1 width=8) (actual time=1627.373..1627.380 rows=1 loops=1)
   Buffers: shared hit=126345 read=34697
   ->  Nested Loop  (cost=14215.55..357493.77 rows=1 width=0) (actual time=102.765..1627.362 rows=14 loops=1)
         Buffers: shared hit=126345 read=34697
         ->  Hash Join  (cost=14215.12..357491.45 rows=1 width=4) (actual time=45.453..1596.072 rows=848 loops=1)
               Hash Cond: (ci.role_id = rt.id)
               Buffers: shared hit=123147 read=34503
               ->  Nested Loop  (cost=14213.95..357490.24 rows=14 width=8) (actual time=38.210..1587.841 rows=68210 loops=1)
                     Buffers: shared hit=123146 read=34503
                     ->  Nested Loop  (cost=14213.51..357445.69 rows=1 width=12) (actual time=38.167..952.951 rows=3077 loops=1)
                           Buffers: shared hit=57001 read=24262
                           ->  Nested Loop  (cost=14213.51..357443.26 rows=1 width=16) (actual time=38.161..902.899 rows=3077 loops=1)
                                 Buffers: shared hit=53924 read=24262
                                 ->  Nested Loop  (cost=14213.51..357440.84 rows=1 width=20) (actual time=38.139..852.504 rows=3077 loops=1)
                                       Buffers: shared hit=50847 read=24262
                                       ->  Hash Join  (cost=14213.08..357269.58 rows=4 width=12) (actual time=38.086..554.741 rows=3613 loops=1)
                                             Hash Cond: (t.kind_id = kt.id)
                                             Buffers: shared hit=26302 read=15000
                                             ->  Nested Loop  (cost=14211.97..357268.42 rows=12 width=16) (actual time=37.314..553.050 rows=4804 loops=1)
                                                   Buffers: shared hit=26301 read=15000
                                                   ->  Bitmap Heap Scan on movie_info mi1  (cost=14211.54..356693.65 rows=68 width=8) (actual time=37.279..305.464 rows=8102 loops=1)
                                                         Recheck Cond: (info_type_id = 8)
                                                         Filter: ((info)::text = ANY ('{Czechoslovakia,"East Germany"}'::text[]))
                                                         Rows Removed by Filter: 1317259
                                                         Heap Blocks: exact=7853
                                                         Buffers: shared hit=478 read=8415
                                                         ->  Bitmap Index Scan on info_type_id_movie_info  (cost=0.00..14211.52 rows=1329478 width=0) (actual time=35.911..35.912 rows=1325361 loops=1)
                                                               Index Cond: (info_type_id = 8)
                                                               Buffers: shared hit=1 read=1039
                                                   ->  Index Scan using title_pkey on title t  (cost=0.43..8.45 rows=1 width=8) (actual time=0.030..0.030 rows=1 loops=8102)
                                                         Index Cond: (id = mi1.movie_id)
                                                         Filter: ((production_year <= 1975) AND (1875 < production_year))
                                                         Rows Removed by Filter: 0
                                                         Buffers: shared hit=25823 read=6585
                                             ->  Hash  (cost=1.09..1.09 rows=2 width=4) (actual time=0.018..0.019 rows=2 loops=1)
                                                   Buckets: 1024  Batches: 1  Memory Usage: 9kB
                                                   Buffers: shared hit=1
                                                   ->  Seq Scan on kind_type kt  (cost=0.00..1.09 rows=2 width=4) (actual time=0.010..0.011 rows=2 loops=1)
                                                         Filter: ((kind)::text = ANY ('{episode,movie}'::text[]))
                                                         Rows Removed by Filter: 5
                                                         Buffers: shared hit=1
                                       ->  Index Scan using movie_id_movie_info on movie_info mi2  (cost=0.43..42.80 rows=1 width=8) (actual time=0.036..0.082 rows=1 loops=3613)
                                             Index Cond: (movie_id = t.id)
                                             Filter: (((info)::text = ANY ('{Czech,German}'::text[])) AND (info_type_id = 4))
                                             Rows Removed by Filter: 8
                                             Buffers: shared hit=24545 read=9262
                                 ->  Seq Scan on info_type it1  (cost=0.00..2.41 rows=1 width=4) (actual time=0.009..0.015 rows=1 loops=3077)
                                       Filter: (id = 8)
                                       Rows Removed by Filter: 112
                                       Buffers: shared hit=3077
                           ->  Seq Scan on info_type it2  (cost=0.00..2.41 rows=1 width=4) (actual time=0.008..0.015 rows=1 loops=3077)
                                 Filter: (id = 4)
                                 Rows Removed by Filter: 112
                                 Buffers: shared hit=3077
                     ->  Index Scan using movie_id_cast_info on cast_info ci  (cost=0.44..44.17 rows=38 width=12) (actual time=0.034..0.202 rows=22 loops=3077)
                           Index Cond: (movie_id = t.id)
                           Buffers: shared hit=66145 read=10241
               ->  Hash  (cost=1.15..1.15 rows=1 width=4) (actual time=0.034..0.035 rows=1 loops=1)
                     Buckets: 1024  Batches: 1  Memory Usage: 9kB
                     Buffers: shared hit=1
                     ->  Seq Scan on role_type rt  (cost=0.00..1.15 rows=1 width=4) (actual time=0.027..0.028 rows=1 loops=1)
                           Filter: ((role)::text = 'production designer'::text)
                           Rows Removed by Filter: 11
                           Buffers: shared hit=1
         ->  Index Scan using name_pkey on name n  (cost=0.43..2.32 rows=1 width=4) (actual time=0.036..0.036 rows=0 loops=848)
               Index Cond: (id = ci.person_id)
               Filter: ((gender)::text = 'f'::text)
               Rows Removed by Filter: 1
               Buffers: shared hit=3198 read=194
 Planning:
   Buffers: shared hit=574
 Planning Time: 12.375 ms
 Execution Time: 1627.988 ms
(73 rows)

