                                                                                               QUERY PLAN                                                                                               
--------------------------------------------------------------------------------------------------------------------------------------------------------------------------------------------------------
 Aggregate  (cost=787896.47..787896.48 rows=1 width=8) (actual time=16057.452..16057.459 rows=1 loops=1)
   Buffers: shared hit=1397259 read=276421
   ->  Nested Loop  (cost=14219.42..787896.05 rows=168 width=0) (actual time=36.313..16054.270 rows=14402 loops=1)
         Buffers: shared hit=1397259 read=276421
         ->  Hash Join  (cost=14218.99..786965.93 rows=401 width=4) (actual time=36.262..13805.842 rows=63026 loops=1)
               Hash Cond: (ci.role_id = rt.id)
               Buffers: shared hit=1173348 read=248228
               ->  Nested Loop  (cost=14217.81..786956.19 rows=2408 width=8) (actual time=36.116..13733.696 rows=347918 loops=1)
                     Buffers: shared hit=1173347 read=248228
                     ->  Nested Loop  (cost=14217.37..779621.37 rows=168 width=12) (actual time=36.084..9502.083 rows=26310 loops=1)
                           Buffers: shared hit=887867 read=115000
                           ->  Seq Scan on info_type it2  (cost=0.00..2.41 rows=1 width=4) (actual time=0.040..0.049 rows=1 loops=1)
                                 Filter: (id = 4)
                                 Rows Removed by Filter: 112
                                 Buffers: shared hit=1
                           ->  Nested Loop  (cost=14217.37..779617.28 rows=168 width=16) (actual time=36.042..9496.108 rows=26310 loops=1)
                                 Buffers: shared hit=887866 read=115000
                                 ->  Seq Scan on info_type it1  (cost=0.00..2.41 rows=1 width=4) (actual time=0.009..0.020 rows=1 loops=1)
                                       Filter: (id = 8)
                                       Rows Removed by Filter: 112
                                       Buffers: shared hit=1
                                 ->  Nested Loop  (cost=14217.37..779613.18 rows=168 width=20) (actual time=36.030..9490.157 rows=26310 loops=1)
                                       Buffers: shared hit=887865 read=115000
                                       ->  Hash Join  (cost=14216.94..519818.78 rows=6140 width=12) (actual time=35.834..6706.212 rows=32288 loops=1)
                                             Hash Cond: (t.kind_id = kt.id)
                                             Buffers: shared hit=649461 read=46269
                                             ->  Nested Loop  (cost=14215.80..519757.26 rows=14327 width=16) (actual time=35.793..6668.511 rows=149201 loops=1)
                                                   Buffers: shared hit=649460 read=46269
                                                   ->  Bitmap Heap Scan on movie_info mi1  (cost=14215.36..431980.43 rows=15370 width=8) (actual time=35.704..722.602 rows=173346 loops=1)
                                                         Recheck Cond: (info_type_id = 8)
                                                         Filter: ((info)::text = ANY ('{Colombia,Hungary,Israel,Italy,Malaysia,Nigeria,UK}'::text[]))
                                                         Rows Removed by Filter: 1152015
                                                         Heap Blocks: exact=7853
                                                         Buffers: shared hit=1827 read=7066
                                                         ->  Bitmap Index Scan on info_type_id_movie_info  (cost=0.00..14211.52 rows=1329478 width=0) (actual time=34.134..34.134 rows=1325361 loops=1)
                                                               Index Cond: (info_type_id = 8)
                                                               Buffers: shared hit=1040
                                                   ->  Memoize  (cost=0.44..5.82 rows=1 width=8) (actual time=0.034..0.034 rows=1 loops=173346)
                                                         Cache Key: mi1.movie_id
                                                         Cache Mode: logical
                                                         Hits: 1637  Misses: 171709  Evictions: 87162  Overflows: 0  Memory Usage: 8193kB
                                                         Buffers: shared hit=647633 read=39203
                                                         ->  Index Scan using title_pkey on title t  (cost=0.43..5.81 rows=1 width=8) (actual time=0.033..0.033 rows=1 loops=171709)
                                                               Index Cond: (id = mi1.movie_id)
                                                               Filter: ((production_year <= 2015) AND (1925 < production_year))
                                                               Rows Removed by Filter: 0
                                                               Buffers: shared hit=647633 read=39203
                                             ->  Hash  (cost=1.10..1.10 rows=3 width=4) (actual time=0.015..0.016 rows=3 loops=1)
                                                   Buckets: 1024  Batches: 1  Memory Usage: 9kB
                                                   Buffers: shared hit=1
                                                   ->  Seq Scan on kind_type kt  (cost=0.00..1.10 rows=3 width=4) (actual time=0.009..0.011 rows=3 loops=1)
                                                         Filter: ((kind)::text = ANY ('{"tv movie","tv series","video game"}'::text[]))
                                                         Rows Removed by Filter: 4
                                                         Buffers: shared hit=1
                                       ->  Index Scan using movie_id_movie_info on movie_info mi2  (cost=0.43..42.30 rows=1 width=8) (actual time=0.053..0.086 rows=1 loops=32288)
                                             Index Cond: (movie_id = t.id)
                                             Filter: ((info_type_id = 4) AND ((info)::text = ANY ('{English,Malay,Spanish,Yoruba}'::text[])))
                                             Rows Removed by Filter: 8
                                             Buffers: shared hit=238404 read=68731
                     ->  Index Scan using movie_id_cast_info on cast_info ci  (cost=0.44..43.28 rows=38 width=12) (actual time=0.035..0.157 rows=13 loops=26310)
                           Index Cond: (movie_id = t.id)
                           Buffers: shared hit=285480 read=133228
               ->  Hash  (cost=1.15..1.15 rows=2 width=4) (actual time=0.038..0.039 rows=2 loops=1)
                     Buckets: 1024  Batches: 1  Memory Usage: 9kB
                     Buffers: shared hit=1
                     ->  Seq Scan on role_type rt  (cost=0.00..1.15 rows=2 width=4) (actual time=0.030..0.032 rows=2 loops=1)
                           Filter: ((role)::text = ANY ('{"miscellaneous crew",writer}'::text[]))
                           Rows Removed by Filter: 10
                           Buffers: shared hit=1
         ->  Index Scan using name_pkey on name n  (cost=0.43..2.32 rows=1 width=4) (actual time=0.035..0.035 rows=0 loops=63026)
               Index Cond: (id = ci.person_id)
               Filter: ((gender)::text = 'm'::text)
               Rows Removed by Filter: 1
               Buffers: shared hit=223911 read=28193
 Planning:
   Buffers: shared hit=574
 Planning Time: 13.028 ms
 Execution Time: 16060.427 ms
(78 rows)

