                                                                                               QUERY PLAN                                                                                               
--------------------------------------------------------------------------------------------------------------------------------------------------------------------------------------------------------
 Aggregate  (cost=576289.43..576289.44 rows=1 width=8) (actual time=7743.350..7743.357 rows=1 loops=1)
   Buffers: shared hit=766461 read=35413
   ->  Nested Loop  (cost=13062.44..576289.35 rows=31 width=0) (actual time=73.741..7743.290 rows=128 loops=1)
         Buffers: shared hit=766461 read=35413
         ->  Hash Join  (cost=13062.01..576178.02 rows=48 width=4) (actual time=39.036..7734.085 rows=264 loops=1)
               Hash Cond: (ci.role_id = rt.id)
               Buffers: shared hit=765619 read=35199
               ->  Nested Loop  (cost=13060.83..576175.82 rows=287 width=8) (actual time=38.949..7733.222 rows=4114 loops=1)
                     Buffers: shared hit=765618 read=35199
                     ->  Nested Loop  (cost=13060.39..575284.73 rows=20 width=12) (actual time=38.911..7671.391 rows=422 loops=1)
                           Buffers: shared hit=762890 read=32624
                           ->  Seq Scan on info_type it2  (cost=0.00..2.41 rows=1 width=4) (actual time=0.031..0.040 rows=1 loops=1)
                                 Filter: (id = 4)
                                 Rows Removed by Filter: 112
                                 Buffers: shared hit=1
                           ->  Nested Loop  (cost=13060.39..575282.12 rows=20 width=16) (actual time=38.878..7671.238 rows=422 loops=1)
                                 Buffers: shared hit=762889 read=32624
                                 ->  Seq Scan on info_type it1  (cost=0.00..2.41 rows=1 width=4) (actual time=0.012..0.023 rows=1 loops=1)
                                       Filter: (id = 8)
                                       Rows Removed by Filter: 112
                                       Buffers: shared hit=1
                                 ->  Nested Loop  (cost=13060.39..575279.51 rows=20 width=20) (actual time=38.863..7671.083 rows=422 loops=1)
                                       Buffers: shared hit=762888 read=32624
                                       ->  Hash Join  (cost=13059.96..534917.14 rows=936 width=12) (actual time=38.291..7482.840 rows=2278 loops=1)
                                             Hash Cond: (t.kind_id = kt.id)
                                             Buffers: shared hit=747424 read=27789
                                             ->  Nested Loop  (cost=13058.83..534906.80 rows=2183 width=16) (actual time=38.248..7473.253 rows=39312 loops=1)
                                                   Buffers: shared hit=747423 read=27789
                                                   ->  Bitmap Heap Scan on movie_info mi2  (cost=13058.39..460415.81 rows=12073 width=8) (actual time=37.232..811.832 rows=195450 loops=1)
                                                         Recheck Cond: (info_type_id = 4)
                                                         Filter: ((info)::text = ANY ('{Arabic,Cantonese,Dutch,French,Norwegian,Polish,Spanish,Swedish,Telugu}'::text[]))
                                                         Rows Removed by Filter: 1103539
                                                         Heap Blocks: exact=8393
                                                         Buffers: shared hit=3571 read=5841
                                                         ->  Bitmap Index Scan on info_type_id_movie_info  (cost=0.00..13055.37 rows=1221191 width=0) (actual time=34.523..34.524 rows=1298989 loops=1)
                                                               Index Cond: (info_type_id = 4)
                                                               Buffers: shared read=1019
                                                   ->  Memoize  (cost=0.44..6.26 rows=1 width=8) (actual time=0.034..0.034 rows=0 loops=195450)
                                                         Cache Key: mi2.movie_id
                                                         Cache Mode: logical
                                                         Hits: 4000  Misses: 191450  Evictions: 80489  Overflows: 0  Memory Usage: 8193kB
                                                         Buffers: shared hit=743852 read=21948
                                                         ->  Index Scan using title_pkey on title t  (cost=0.43..6.25 rows=1 width=8) (actual time=0.033..0.033 rows=0 loops=191450)
                                                               Index Cond: (id = mi2.movie_id)
                                                               Filter: ((production_year <= 1975) AND (1875 < production_year))
                                                               Rows Removed by Filter: 1
                                                               Buffers: shared hit=743852 read=21948
                                             ->  Hash  (cost=1.10..1.10 rows=3 width=4) (actual time=0.020..0.021 rows=3 loops=1)
                                                   Buckets: 1024  Batches: 1  Memory Usage: 9kB
                                                   Buffers: shared hit=1
                                                   ->  Seq Scan on kind_type kt  (cost=0.00..1.10 rows=3 width=4) (actual time=0.009..0.011 rows=3 loops=1)
                                                         Filter: ((kind)::text = ANY ('{"tv series","video game","video movie"}'::text[]))
                                                         Rows Removed by Filter: 4
                                                         Buffers: shared hit=1
                                       ->  Index Scan using movie_id_movie_info on movie_info mi1  (cost=0.43..43.11 rows=1 width=8) (actual time=0.080..0.082 rows=0 loops=2278)
                                             Index Cond: (movie_id = t.id)
                                             Filter: ((info_type_id = 8) AND ((info)::text = ANY ('{Belgium,Egypt,"Hong Kong",India,Norway,Poland,Sweden,USA}'::text[])))
                                             Rows Removed by Filter: 9
                                             Buffers: shared hit=15464 read=4835
                     ->  Index Scan using movie_id_cast_info on cast_info ci  (cost=0.44..44.17 rows=38 width=12) (actual time=0.035..0.143 rows=10 loops=422)
                           Index Cond: (movie_id = t.id)
                           Buffers: shared hit=2728 read=2575
               ->  Hash  (cost=1.15..1.15 rows=2 width=4) (actual time=0.035..0.036 rows=2 loops=1)
                     Buckets: 1024  Batches: 1  Memory Usage: 9kB
                     Buffers: shared hit=1
                     ->  Seq Scan on role_type rt  (cost=0.00..1.15 rows=2 width=4) (actual time=0.027..0.029 rows=2 loops=1)
                           Filter: ((role)::text = ANY ('{composer,producer}'::text[]))
                           Rows Removed by Filter: 10
                           Buffers: shared hit=1
         ->  Index Scan using name_pkey on name n  (cost=0.43..2.32 rows=1 width=4) (actual time=0.034..0.034 rows=0 loops=264)
               Index Cond: (id = ci.person_id)
               Filter: ((gender)::text = ANY ('{f,m}'::text[]))
               Rows Removed by Filter: 1
               Buffers: shared hit=842 read=214
 Planning:
   Buffers: shared hit=483 read=91
 Planning Time: 13.467 ms
 Execution Time: 7745.858 ms
(78 rows)

