                                                                                            QUERY PLAN                                                                                            
--------------------------------------------------------------------------------------------------------------------------------------------------------------------------------------------------
 Aggregate  (cost=741450.66..741450.67 rows=1 width=8) (actual time=22307.340..22307.349 rows=1 loops=1)
   Buffers: shared hit=2029051 read=156205, temp read=14897 written=14897
   ->  Nested Loop  (cost=484168.69..741450.48 rows=70 width=0) (actual time=1529.799..22302.237 rows=26603 loops=1)
         Buffers: shared hit=2029051 read=156205, temp read=14897 written=14897
         ->  Seq Scan on info_type it2  (cost=0.00..2.41 rows=1 width=4) (actual time=0.045..0.053 rows=1 loops=1)
               Filter: (id = 4)
               Rows Removed by Filter: 112
               Buffers: shared hit=1
         ->  Nested Loop  (cost=484168.69..741447.37 rows=70 width=4) (actual time=1529.752..22297.039 rows=26603 loops=1)
               Buffers: shared hit=2029050 read=156205, temp read=14897 written=14897
               ->  Seq Scan on info_type it1  (cost=0.00..2.41 rows=1 width=4) (actual time=0.009..0.020 rows=1 loops=1)
                     Filter: (id = 8)
                     Rows Removed by Filter: 112
                     Buffers: shared hit=1
               ->  Nested Loop  (cost=484168.69..741444.26 rows=70 width=8) (actual time=1529.741..22291.482 rows=26603 loops=1)
                     Join Filter: (t.id = mi2.movie_id)
                     Buffers: shared hit=2029049 read=156205, temp read=14897 written=14897
                     ->  Nested Loop  (cost=484168.26..642846.06 rows=2332 width=16) (actual time=1529.699..18043.695 rows=25125 loops=1)
                           Buffers: shared hit=1650269 read=94334, temp read=14897 written=14897
                           ->  Hash Join  (cost=484167.83..619558.09 rows=10040 width=20) (actual time=1526.577..4916.466 rows=414503 loops=1)
                                 Hash Cond: (ci.movie_id = t.id)
                                 Buffers: shared hit=35356 read=51235, temp read=14897 written=14897
                                 ->  Nested Loop  (cost=0.44..123965.00 rows=3020080 width=8) (actual time=0.172..1818.568 rows=4323018 loops=1)
                                       Buffers: shared hit=1637 read=39669
                                       ->  Seq Scan on role_type rt  (cost=0.00..1.15 rows=1 width=4) (actual time=0.010..0.012 rows=1 loops=1)
                                             Filter: ((role)::text = 'miscellaneous crew'::text)
                                             Rows Removed by Filter: 11
                                             Buffers: shared hit=1
                                       ->  Index Scan using role_id_cast_info on cast_info ci  (cost=0.44..91017.52 rows=3294633 width=12) (actual time=0.156..1216.109 rows=4323018 loops=1)
                                             Index Cond: (role_id = rt.id)
                                             Buffers: shared hit=1636 read=39669
                                 ->  Hash  (cost=484062.33..484062.33 rows=8405 width=12) (actual time=1526.194..1526.199 rows=145844 loops=1)
                                       Buckets: 262144 (originally 16384)  Batches: 2 (originally 1)  Memory Usage: 6145kB
                                       Buffers: shared hit=33719 read=11566, temp read=7203 written=7486
                                       ->  Hash Join  (cost=108134.28..484062.33 rows=8405 width=12) (actual time=923.931..1500.128 rows=145844 loops=1)
                                             Hash Cond: (mi1.movie_id = t.id)
                                             Buffers: shared hit=33719 read=11566, temp read=7203 written=7203
                                             ->  Bitmap Heap Scan on movie_info mi1  (cost=14218.66..386813.95 rows=28453 width=8) (actual time=37.608..355.000 rows=305171 loops=1)
                                                   Recheck Cond: (info_type_id = 8)
                                                   Filter: ((info)::text = ANY ('{Austria,"Czech Republic",Estonia,France,Germany,India,Mexico,"South Africa",Switzerland,UK}'::text[]))
                                                   Rows Removed by Filter: 1020190
                                                   Heap Blocks: exact=7853
                                                   Buffers: shared hit=1506 read=7387
                                                   ->  Bitmap Index Scan on info_type_id_movie_info  (cost=0.00..14211.52 rows=1329478 width=0) (actual time=36.639..36.639 rows=1325361 loops=1)
                                                         Index Cond: (info_type_id = 8)
                                                         Buffers: shared hit=1 read=1039
                                             ->  Hash  (cost=81661.50..81661.50 rows=746890 width=4) (actual time=885.203..885.206 rows=1610551 loops=1)
                                                   Buckets: 262144 (originally 262144)  Batches: 16 (originally 8)  Memory Usage: 6145kB
                                                   Buffers: shared hit=32213 read=4179, temp written=4414
                                                   ->  Hash Join  (cost=1.13..81661.50 rows=746890 width=4) (actual time=0.037..671.196 rows=1610551 loops=1)
                                                         Hash Cond: (t.kind_id = kt.id)
                                                         Buffers: shared hit=32213 read=4179
                                                         ->  Seq Scan on title t  (cost=0.00..74315.95 rows=1742744 width=8) (actual time=0.017..471.567 rows=1748995 loops=1)
                                                               Filter: ((production_year <= 2015) AND (1990 < production_year))
                                                               Rows Removed by Filter: 779317
                                                               Buffers: shared hit=32212 read=4179
                                                         ->  Hash  (cost=1.10..1.10 rows=3 width=4) (actual time=0.015..0.016 rows=3 loops=1)
                                                               Buckets: 1024  Batches: 1  Memory Usage: 9kB
                                                               Buffers: shared hit=1
                                                               ->  Seq Scan on kind_type kt  (cost=0.00..1.10 rows=3 width=4) (actual time=0.007..0.008 rows=3 loops=1)
                                                                     Filter: ((kind)::text = ANY ('{episode,movie,"video movie"}'::text[]))
                                                                     Rows Removed by Filter: 4
                                                                     Buffers: shared hit=1
                           ->  Index Scan using name_pkey on name n  (cost=0.43..2.32 rows=1 width=4) (actual time=0.031..0.031 rows=0 loops=414503)
                                 Index Cond: (id = ci.person_id)
                                 Filter: ((gender)::text = 'f'::text)
                                 Rows Removed by Filter: 1
                                 Buffers: shared hit=1614913 read=43099
                     ->  Index Scan using movie_id_movie_info on movie_info mi2  (cost=0.43..42.27 rows=1 width=8) (actual time=0.052..0.168 rows=1 loops=25125)
                           Index Cond: (movie_id = ci.movie_id)
                           Filter: ((info_type_id = 4) AND ((info)::text = ANY ('{English,Estonian,French,Italian,Spanish,Tamil}'::text[])))
                           Rows Removed by Filter: 91
                           Buffers: shared hit=378780 read=61871
 Planning:
   Buffers: shared hit=576 read=1
 Planning Time: 14.064 ms
 Execution Time: 22307.946 ms
(77 rows)

