                                                                                            QUERY PLAN                                                                                            
--------------------------------------------------------------------------------------------------------------------------------------------------------------------------------------------------
 Aggregate  (cost=937579.27..937579.28 rows=1 width=8) (actual time=38755.251..38755.258 rows=1 loops=1)
   Buffers: shared hit=3815377 read=177638, temp read=2599 written=2599
   ->  Nested Loop  (cost=488239.92..937578.83 rows=174 width=0) (actual time=1016.248..38716.329 rows=233679 loops=1)
         Buffers: shared hit=3815377 read=177638, temp read=2599 written=2599
         ->  Seq Scan on info_type it2  (cost=0.00..2.41 rows=1 width=4) (actual time=0.052..0.058 rows=1 loops=1)
               Filter: (id = 4)
               Rows Removed by Filter: 112
               Buffers: shared hit=1
         ->  Nested Loop  (cost=488239.92..937574.68 rows=174 width=4) (actual time=1016.193..38674.090 rows=233679 loops=1)
               Buffers: shared hit=3815376 read=177638, temp read=2599 written=2599
               ->  Seq Scan on info_type it1  (cost=0.00..2.41 rows=1 width=4) (actual time=0.010..0.017 rows=1 loops=1)
                     Filter: (id = 8)
                     Rows Removed by Filter: 112
                     Buffers: shared hit=1
               ->  Nested Loop  (cost=488239.92..937570.53 rows=174 width=8) (actual time=1016.182..38623.524 rows=233679 loops=1)
                     Join Filter: (t.id = mi2.movie_id)
                     Buffers: shared hit=3815375 read=177638, temp read=2599 written=2599
                     ->  Nested Loop  (cost=488239.49..683507.06 rows=5980 width=16) (actual time=1016.155..14702.945 rows=261004 loops=1)
                           Buffers: shared hit=1048271 read=96802, temp read=2599 written=2599
                           ->  Hash Join  (cost=488239.06..623786.39 rows=25747 width=20) (actual time=1016.104..6419.305 rows=261216 loops=1)
                                 Hash Cond: (ci.movie_id = t.id)
                                 Buffers: shared hit=18093 read=82116, temp read=2599 written=2599
                                 ->  Nested Loop  (cost=0.44..123965.00 rows=3020080 width=8) (actual time=0.106..3659.512 rows=7451973 loops=1)
                                       Buffers: shared hit=1 read=54923
                                       ->  Seq Scan on role_type rt  (cost=0.00..1.15 rows=1 width=4) (actual time=0.009..0.012 rows=1 loops=1)
                                             Filter: ((role)::text = 'actress'::text)
                                             Rows Removed by Filter: 11
                                             Buffers: shared hit=1
                                       ->  Index Scan using role_id_cast_info on cast_info ci  (cost=0.44..91017.52 rows=3294633 width=12) (actual time=0.094..2357.980 rows=7451973 loops=1)
                                             Index Cond: (role_id = rt.id)
                                             Buffers: shared read=54923
                                 ->  Hash  (cost=487969.18..487969.18 rows=21555 width=12) (actual time=1015.720..1015.724 rows=79835 loops=1)
                                       Buckets: 131072 (originally 32768)  Batches: 1 (originally 1)  Memory Usage: 4455kB
                                       Buffers: shared hit=18092 read=27193, temp read=2599 written=2599
                                       ->  Hash Join  (cost=111070.26..487969.18 rows=21555 width=12) (actual time=624.688..1001.945 rows=79835 loops=1)
                                             Hash Cond: (mi1.movie_id = t.id)
                                             Buffers: shared hit=18092 read=27193, temp read=2599 written=2599
                                             ->  Bitmap Heap Scan on movie_info mi1  (cost=14227.42..386822.71 rows=63486 width=8) (actual time=37.036..251.163 rows=716800 loops=1)
                                                   Recheck Cond: (info_type_id = 8)
                                                   Filter: ((info)::text = ANY ('{Brazil,"Czech Republic",Finland,France,"Hong Kong",Hungary,India,Italy,Nigeria,"South Korea",USA}'::text[]))
                                                   Rows Removed by Filter: 608561
                                                   Heap Blocks: exact=7853
                                                   Buffers: shared hit=3714 read=5179
                                                   ->  Bitmap Index Scan on info_type_id_movie_info  (cost=0.00..14211.52 rows=1329478 width=0) (actual time=36.053..36.053 rows=1325361 loops=1)
                                                         Index Cond: (info_type_id = 8)
                                                         Buffers: shared read=1040
                                             ->  Hash  (cost=82758.38..82758.38 rows=858437 width=4) (actual time=586.474..586.477 rows=174146 loops=1)
                                                   Buckets: 262144  Batches: 8  Memory Usage: 2813kB
                                                   Buffers: shared hit=14378 read=22014, temp written=443
                                                   ->  Hash Join  (cost=1.13..82758.38 rows=858437 width=4) (actual time=0.049..560.803 rows=174146 loops=1)
                                                         Hash Cond: (t.kind_id = kt.id)
                                                         Buffers: shared hit=14378 read=22014
                                                         ->  Seq Scan on title t  (cost=0.00..74315.95 rows=2003019 width=8) (actual time=0.024..442.168 rows=2004612 loops=1)
                                                               Filter: ((production_year <= 2015) AND (1975 < production_year))
                                                               Rows Removed by Filter: 523700
                                                               Buffers: shared hit=14377 read=22014
                                                         ->  Hash  (cost=1.10..1.10 rows=3 width=4) (actual time=0.017..0.018 rows=3 loops=1)
                                                               Buckets: 1024  Batches: 1  Memory Usage: 9kB
                                                               Buffers: shared hit=1
                                                               ->  Seq Scan on kind_type kt  (cost=0.00..1.10 rows=3 width=4) (actual time=0.007..0.008 rows=3 loops=1)
                                                                     Filter: ((kind)::text = ANY ('{"tv movie","tv series","video game"}'::text[]))
                                                                     Rows Removed by Filter: 4
                                                                     Buffers: shared hit=1
                           ->  Index Scan using name_pkey on name n  (cost=0.43..2.32 rows=1 width=4) (actual time=0.031..0.031 rows=1 loops=261216)
                                 Index Cond: (id = ci.person_id)
                                 Filter: ((gender)::text = 'f'::text)
                                 Rows Removed by Filter: 0
                                 Buffers: shared hit=1030178 read=14686
                     ->  Index Scan using movie_id_movie_info on movie_info mi2  (cost=0.43..42.47 rows=1 width=8) (actual time=0.043..0.091 rows=1 loops=261004)
                           Index Cond: (movie_id = ci.movie_id)
                           Filter: ((info_type_id = 4) AND ((info)::text = ANY ('{Cantonese,Czech,English,Finnish,Hindi,Hungarian,Italian,Korean,Portuguese,Spanish}'::text[])))
                           Rows Removed by Filter: 12
                           Buffers: shared hit=2767104 read=80836
 Planning:
   Buffers: shared hit=521 read=56
 Planning Time: 13.399 ms
 Execution Time: 38756.006 ms
(77 rows)

