                                                                                               QUERY PLAN                                                                                               
--------------------------------------------------------------------------------------------------------------------------------------------------------------------------------------------------------
 Aggregate  (cost=525075.01..525075.02 rows=1 width=8) (actual time=7171.330..7171.338 rows=1 loops=1)
   Buffers: shared hit=700195 read=33583
   ->  Nested Loop  (cost=13062.05..525075.00 rows=3 width=0) (actual time=136.518..7171.299 rows=40 loops=1)
         Buffers: shared hit=700195 read=33583
         ->  Hash Join  (cost=13061.62..525063.40 rows=5 width=4) (actual time=92.809..7162.628 rows=192 loops=1)
               Hash Cond: (ci.role_id = rt.id)
               Buffers: shared hit=699656 read=33354
               ->  Nested Loop  (cost=13060.44..525062.13 rows=29 width=8) (actual time=38.440..7160.336 rows=14069 loops=1)
                     Buffers: shared hit=699655 read=33354
                     ->  Nested Loop  (cost=13060.00..524972.37 rows=2 width=12) (actual time=38.403..6948.371 rows=1785 loops=1)
                           Buffers: shared hit=687072 read=26817
                           ->  Seq Scan on info_type it2  (cost=0.00..2.41 rows=1 width=4) (actual time=0.025..0.037 rows=1 loops=1)
                                 Filter: (id = 4)
                                 Rows Removed by Filter: 112
                                 Buffers: shared hit=1
                           ->  Nested Loop  (cost=13060.00..524969.94 rows=2 width=16) (actual time=38.376..6947.926 rows=1785 loops=1)
                                 Buffers: shared hit=687071 read=26817
                                 ->  Seq Scan on info_type it1  (cost=0.00..2.41 rows=1 width=4) (actual time=0.007..0.020 rows=1 loops=1)
                                       Filter: (id = 8)
                                       Rows Removed by Filter: 112
                                       Buffers: shared hit=1
                                 ->  Nested Loop  (cost=13060.00..524967.51 rows=2 width=20) (actual time=38.367..6947.472 rows=1785 loops=1)
                                       Buffers: shared hit=687070 read=26817
                                       ->  Hash Join  (cost=13059.57..497694.22 rows=630 width=12) (actual time=38.322..6801.244 rows=1886 loops=1)
                                             Hash Cond: (t.kind_id = kt.id)
                                             Buffers: shared hit=673223 read=24010
                                             ->  Nested Loop  (cost=13058.43..497686.90 rows=1469 width=16) (actual time=38.284..6791.085 rows=39405 loops=1)
                                                   Buffers: shared hit=673222 read=24010
                                                   ->  Bitmap Heap Scan on movie_info mi2  (cost=13057.99..430357.05 rows=10505 width=8) (actual time=37.454..725.133 rows=175436 loops=1)
                                                         Recheck Cond: (info_type_id = 4)
                                                         Filter: ((info)::text = ANY ('{Finnish,German,Italian,Japanese,Korean,Russian,Swedish}'::text[]))
                                                         Rows Removed by Filter: 1123553
                                                         Heap Blocks: exact=8393
                                                         Buffers: shared hit=4279 read=5133
                                                         ->  Bitmap Index Scan on info_type_id_movie_info  (cost=0.00..13055.37 rows=1221191 width=0) (actual time=34.969..34.969 rows=1298989 loops=1)
                                                               Index Cond: (info_type_id = 4)
                                                               Buffers: shared read=1019
                                                   ->  Memoize  (cost=0.44..6.49 rows=1 width=8) (actual time=0.034..0.034 rows=0 loops=175436)
                                                         Cache Key: mi2.movie_id
                                                         Cache Mode: logical
                                                         Hits: 3481  Misses: 171955  Evictions: 63241  Overflows: 0  Memory Usage: 8193kB
                                                         Buffers: shared hit=668943 read=18877
                                                         ->  Index Scan using title_pkey on title t  (cost=0.43..6.48 rows=1 width=8) (actual time=0.034..0.034 rows=0 loops=171955)
                                                               Index Cond: (id = mi2.movie_id)
                                                               Filter: ((production_year <= 1975) AND (1925 < production_year))
                                                               Rows Removed by Filter: 1
                                                               Buffers: shared hit=668943 read=18877
                                             ->  Hash  (cost=1.10..1.10 rows=3 width=4) (actual time=0.014..0.014 rows=3 loops=1)
                                                   Buckets: 1024  Batches: 1  Memory Usage: 9kB
                                                   Buffers: shared hit=1
                                                   ->  Seq Scan on kind_type kt  (cost=0.00..1.10 rows=3 width=4) (actual time=0.007..0.008 rows=3 loops=1)
                                                         Filter: ((kind)::text = ANY ('{"tv series","video game","video movie"}'::text[]))
                                                         Rows Removed by Filter: 4
                                                         Buffers: shared hit=1
                                       ->  Index Scan using movie_id_movie_info on movie_info mi1  (cost=0.43..43.28 rows=1 width=8) (actual time=0.067..0.077 rows=1 loops=1886)
                                             Index Cond: (movie_id = t.id)
                                             Filter: ((info_type_id = 8) AND ((info)::text = ANY ('{Finland,Italy,Japan,"South Korea","Soviet Union",Sweden,"West Germany"}'::text[])))
                                             Rows Removed by Filter: 8
                                             Buffers: shared hit=13847 read=2807
                     ->  Index Scan using movie_id_cast_info on cast_info ci  (cost=0.44..44.50 rows=38 width=12) (actual time=0.036..0.116 rows=8 loops=1785)
                           Index Cond: (movie_id = t.id)
                           Buffers: shared hit=12583 read=6537
               ->  Hash  (cost=1.15..1.15 rows=2 width=4) (actual time=0.027..0.028 rows=2 loops=1)
                     Buckets: 1024  Batches: 1  Memory Usage: 9kB
                     Buffers: shared hit=1
                     ->  Seq Scan on role_type rt  (cost=0.00..1.15 rows=2 width=4) (actual time=0.021..0.022 rows=2 loops=1)
                           Filter: ((role)::text = ANY ('{"costume designer","production designer"}'::text[]))
                           Rows Removed by Filter: 10
                           Buffers: shared hit=1
         ->  Index Scan using name_pkey on name n  (cost=0.43..2.32 rows=1 width=4) (actual time=0.044..0.044 rows=0 loops=192)
               Index Cond: (id = ci.person_id)
               Filter: ((gender)::text = ANY ('{f,m}'::text[]))
               Rows Removed by Filter: 1
               Buffers: shared hit=539 read=229
 Planning:
   Buffers: shared hit=502 read=72
 Planning Time: 12.800 ms
 Execution Time: 7174.150 ms
(78 rows)

