                                                                                               QUERY PLAN                                                                                               
--------------------------------------------------------------------------------------------------------------------------------------------------------------------------------------------------------
 Aggregate  (cost=563086.29..563086.30 rows=1 width=8) (actual time=10193.560..10193.568 rows=1 loops=1)
   Buffers: shared hit=972529 read=86902
   ->  Nested Loop  (cost=14218.92..563086.27 rows=6 width=0) (actual time=211.188..10193.467 rows=128 loops=1)
         Buffers: shared hit=972529 read=86902
         ->  Seq Scan on info_type it2  (cost=0.00..2.41 rows=1 width=4) (actual time=0.047..0.059 rows=1 loops=1)
               Filter: (id = 4)
               Rows Removed by Filter: 112
               Buffers: shared hit=1
         ->  Nested Loop  (cost=14218.92..563083.80 rows=6 width=4) (actual time=211.139..10193.347 rows=128 loops=1)
               Buffers: shared hit=972528 read=86902
               ->  Seq Scan on info_type it1  (cost=0.00..2.41 rows=1 width=4) (actual time=0.012..0.026 rows=1 loops=1)
                     Filter: (id = 8)
                     Rows Removed by Filter: 112
                     Buffers: shared hit=1
               ->  Nested Loop  (cost=14218.92..563081.33 rows=6 width=8) (actual time=211.123..10193.267 rows=128 loops=1)
                     Buffers: shared hit=972527 read=86902
                     ->  Hash Join  (cost=14218.49..563021.02 rows=26 width=12) (actual time=132.249..9954.760 rows=6125 loops=1)
                           Hash Cond: (ci.role_id = rt.id)
                           Buffers: shared hit=951602 read=83327
                           ->  Nested Loop  (cost=14217.33..563018.74 rows=315 width=16) (actual time=95.428..9924.720 rows=167299 loops=1)
                                 Buffers: shared hit=951601 read=83327
                                 ->  Nested Loop  (cost=14216.89..562031.40 rows=22 width=20) (actual time=95.353..8034.264 rows=10270 loops=1)
                                       Buffers: shared hit=794596 read=45622
                                       ->  Hash Join  (cost=14216.45..527099.69 rows=805 width=12) (actual time=95.249..5783.883 rows=26602 loops=1)
                                             Hash Cond: (t.kind_id = kt.id)
                                             Buffers: shared hit=589536 read=11270
                                             ->  Nested Loop  (cost=14215.32..527090.64 rows=1879 width=16) (actual time=40.485..5770.754 rows=27458 loops=1)
                                                   Buffers: shared hit=589535 read=11270
                                                   ->  Bitmap Heap Scan on movie_info mi1  (cost=14214.88..447036.54 rows=13430 width=8) (actual time=38.336..743.434 rows=149502 loops=1)
                                                         Recheck Cond: (info_type_id = 8)
                                                         Filter: ((info)::text = ANY ('{Australia,Austria,Egypt,France,India,Norway,Poland,Taiwan}'::text[]))
                                                         Rows Removed by Filter: 1175859
                                                         Heap Blocks: exact=7853
                                                         Buffers: shared hit=917 read=7976
                                                         ->  Bitmap Index Scan on info_type_id_movie_info  (cost=0.00..14211.52 rows=1329478 width=0) (actual time=37.335..37.336 rows=1325361 loops=1)
                                                               Index Cond: (info_type_id = 8)
                                                               Buffers: shared hit=1 read=1039
                                                   ->  Memoize  (cost=0.44..6.05 rows=1 width=8) (actual time=0.033..0.033 rows=0 loops=149502)
                                                         Cache Key: mi1.movie_id
                                                         Cache Mode: logical
                                                         Hits: 1524  Misses: 147978  Evictions: 39159  Overflows: 0  Memory Usage: 8193kB
                                                         Buffers: shared hit=588618 read=3294
                                                         ->  Index Scan using title_pkey on title t  (cost=0.43..6.04 rows=1 width=8) (actual time=0.032..0.032 rows=0 loops=147978)
                                                               Index Cond: (id = mi1.movie_id)
                                                               Filter: ((production_year <= 1975) AND (1925 < production_year))
                                                               Rows Removed by Filter: 1
                                                               Buffers: shared hit=588618 read=3294
                                             ->  Hash  (cost=1.10..1.10 rows=3 width=4) (actual time=0.018..0.019 rows=3 loops=1)
                                                   Buckets: 1024  Batches: 1  Memory Usage: 9kB
                                                   Buffers: shared hit=1
                                                   ->  Seq Scan on kind_type kt  (cost=0.00..1.10 rows=3 width=4) (actual time=0.009..0.011 rows=3 loops=1)
                                                         Filter: ((kind)::text = ANY ('{episode,movie,"tv movie"}'::text[]))
                                                         Rows Removed by Filter: 4
                                                         Buffers: shared hit=1
                                       ->  Index Scan using movie_id_movie_info on movie_info mi2  (cost=0.43..43.38 rows=1 width=8) (actual time=0.064..0.084 rows=0 loops=26602)
                                             Index Cond: (movie_id = t.id)
                                             Filter: ((info_type_id = 4) AND ((info)::text = ANY ('{Arabic,English,German,Italian,Malayalam,Mandarin,Norwegian,Polish,Tamil}'::text[])))
                                             Rows Removed by Filter: 9
                                             Buffers: shared hit=205060 read=34352
                                 ->  Index Scan using movie_id_cast_info on cast_info ci  (cost=0.44..44.50 rows=38 width=12) (actual time=0.037..0.179 rows=16 loops=10270)
                                       Index Cond: (movie_id = t.id)
                                       Buffers: shared hit=157005 read=37705
                           ->  Hash  (cost=1.15..1.15 rows=1 width=4) (actual time=0.017..0.018 rows=1 loops=1)
                                 Buckets: 1024  Batches: 1  Memory Usage: 9kB
                                 Buffers: shared hit=1
                                 ->  Seq Scan on role_type rt  (cost=0.00..1.15 rows=1 width=4) (actual time=0.010..0.012 rows=1 loops=1)
                                       Filter: ((role)::text = 'producer'::text)
                                       Rows Removed by Filter: 11
                                       Buffers: shared hit=1
                     ->  Index Scan using name_pkey on name n  (cost=0.43..2.32 rows=1 width=4) (actual time=0.038..0.038 rows=0 loops=6125)
                           Index Cond: (id = ci.person_id)
                           Filter: ((gender)::text = 'f'::text)
                           Rows Removed by Filter: 1
                           Buffers: shared hit=20925 read=3575
 Planning:
   Buffers: shared hit=574
 Planning Time: 14.415 ms
 Execution Time: 10196.570 ms
(78 rows)

