                                                                                                  QUERY PLAN                                                                                                  
--------------------------------------------------------------------------------------------------------------------------------------------------------------------------------------------------------------
 Aggregate  (cost=950793.90..950793.91 rows=1 width=8) (actual time=184161.809..184161.818 rows=1 loops=1)
   Buffers: shared hit=17408330 read=1542065, temp read=8612 written=8587
   ->  Nested Loop  (cost=888114.67..950793.41 rows=195 width=0) (actual time=1099.974..183786.911 rows=2162120 loops=1)
         Buffers: shared hit=17408330 read=1542065, temp read=8612 written=8587
         ->  Seq Scan on info_type it2  (cost=0.00..2.41 rows=1 width=4) (actual time=0.043..0.062 rows=1 loops=1)
               Filter: (id = 4)
               Rows Removed by Filter: 112
               Buffers: shared hit=1
         ->  Nested Loop  (cost=888114.67..950789.05 rows=195 width=4) (actual time=1099.929..183322.746 rows=2162120 loops=1)
               Buffers: shared hit=17408329 read=1542065, temp read=8612 written=8587
               ->  Seq Scan on info_type it1  (cost=0.00..2.41 rows=1 width=4) (actual time=0.012..0.026 rows=1 loops=1)
                     Filter: (id = 8)
                     Rows Removed by Filter: 112
                     Buffers: shared hit=1
               ->  Nested Loop  (cost=888114.67..950784.68 rows=195 width=8) (actual time=1099.915..182840.152 rows=2162120 loops=1)
                     Buffers: shared hit=17408328 read=1542065, temp read=8612 written=8587
                     ->  Hash Join  (cost=888114.24..949703.79 rows=466 width=12) (actual time=1099.876..104744.722 rows=2162120 loops=1)
                           Hash Cond: (ci.role_id = rt.id)
                           Buffers: shared hit=8875938 read=1425975, temp read=8612 written=8587
                           ->  Nested Loop  (cost=888113.08..949682.77 rows=5590 width=16) (actual time=1099.834..102758.657 rows=7465373 loops=1)
                                 Buffers: shared hit=8875937 read=1425975, temp read=8612 written=8587
                                 ->  Nested Loop  (cost=888112.64..932640.66 rows=390 width=20) (actual time=1099.812..21390.158 rows=285456 loops=1)
                                       Buffers: shared hit=2141470 read=52599, temp read=8612 written=8587
                                       ->  Nested Loop  (cost=888112.50..932606.43 rows=1366 width=24) (actual time=1099.712..21011.038 rows=432859 loops=1)
                                             Join Filter: (t.id = mi1.movie_id)
                                             Buffers: shared hit=2141459 read=52598, temp read=8612 written=8587
                                             ->  Merge Join  (cost=888112.07..888905.51 rows=12684 width=16) (actual time=1099.667..1936.260 rows=543938 loops=1)
                                                   Merge Cond: (mi1.movie_id = mi2.movie_id)
                                                   Buffers: shared hit=8454 read=9851, temp read=8612 written=8587
                                                   ->  Sort  (cost=451594.51..451738.30 rows=57514 width=8) (actual time=551.878..675.798 rows=620288 loops=1)
                                                         Sort Key: mi1.movie_id
                                                         Sort Method: external sort  Disk: 13408kB
                                                         Buffers: shared hit=4472 read=4421, temp read=3346 written=3354
                                                         ->  Bitmap Heap Scan on movie_info mi1  (cost=14225.90..447047.56 rows=57514 width=8) (actual time=37.276..401.034 rows=620288 loops=1)
                                                               Recheck Cond: (info_type_id = 8)
                                                               Filter: ((info)::text = ANY ('{Cuba,Egypt,Germany,Indonesia,Mexico,Singapore,Taiwan,USA}'::text[]))
                                                               Rows Removed by Filter: 705073
                                                               Heap Blocks: exact=7853
                                                               Buffers: shared hit=4472 read=4421
                                                               ->  Bitmap Index Scan on info_type_id_movie_info  (cost=0.00..14211.52 rows=1329478 width=0) (actual time=36.301..36.302 rows=1325361 loops=1)
                                                                     Index Cond: (info_type_id = 8)
                                                                     Buffers: shared read=1040
                                                   ->  Sort  (cost=436517.55..436707.07 rows=75807 width=8) (actual time=547.780..788.455 rows=974715 loops=1)
                                                         Sort Key: mi2.movie_id
                                                         Sort Method: external sort  Disk: 20920kB
                                                         Buffers: shared hit=3982 read=5430, temp read=5243 written=5233
                                                         ->  Bitmap Heap Scan on movie_info mi2  (cost=13074.32..430373.38 rows=75807 width=8) (actual time=30.304..313.416 rows=967875 loops=1)
                                                               Recheck Cond: (info_type_id = 4)
                                                               Filter: ((info)::text = ANY ('{Arabic,English,French,Indonesian,Italian,Mandarin,Spanish}'::text[]))
                                                               Rows Removed by Filter: 331114
                                                               Heap Blocks: exact=8393
                                                               Buffers: shared hit=3982 read=5430
                                                               ->  Bitmap Index Scan on info_type_id_movie_info  (cost=0.00..13055.37 rows=1221191 width=0) (actual time=29.268..29.268 rows=1298989 loops=1)
                                                                     Index Cond: (info_type_id = 4)
                                                                     Buffers: shared hit=1 read=1018
                                             ->  Index Scan using title_pkey on title t  (cost=0.43..3.43 rows=1 width=8) (actual time=0.034..0.034 rows=1 loops=543938)
                                                   Index Cond: (id = mi2.movie_id)
                                                   Filter: ((production_year <= 2015) AND (1975 < production_year))
                                                   Rows Removed by Filter: 0
                                                   Buffers: shared hit=2133005 read=42747
                                       ->  Memoize  (cost=0.14..0.16 rows=1 width=4) (actual time=0.000..0.000 rows=1 loops=432859)
                                             Cache Key: t.kind_id
                                             Cache Mode: logical
                                             Hits: 432853  Misses: 6  Evictions: 0  Overflows: 0  Memory Usage: 1kB
                                             Buffers: shared hit=11 read=1
                                             ->  Index Scan using kind_type_pkey on kind_type kt  (cost=0.13..0.15 rows=1 width=4) (actual time=0.013..0.013 rows=0 loops=6)
                                                   Index Cond: (id = t.kind_id)
                                                   Filter: ((kind)::text = ANY ('{episode,movie}'::text[]))
                                                   Rows Removed by Filter: 1
                                                   Buffers: shared hit=11 read=1
                                 ->  Index Scan using movie_id_cast_info on cast_info ci  (cost=0.44..43.32 rows=38 width=12) (actual time=0.036..0.277 rows=26 loops=285456)
                                       Index Cond: (movie_id = t.id)
                                       Buffers: shared hit=6734467 read=1373376
                           ->  Hash  (cost=1.15..1.15 rows=1 width=4) (actual time=0.018..0.019 rows=1 loops=1)
                                 Buckets: 1024  Batches: 1  Memory Usage: 9kB
                                 Buffers: shared hit=1
                                 ->  Seq Scan on role_type rt  (cost=0.00..1.15 rows=1 width=4) (actual time=0.008..0.010 rows=1 loops=1)
                                       Filter: ((role)::text = 'actor'::text)
                                       Rows Removed by Filter: 11
                                       Buffers: shared hit=1
                     ->  Index Scan using name_pkey on name n  (cost=0.43..2.32 rows=1 width=4) (actual time=0.035..0.035 rows=1 loops=2162120)
                           Index Cond: (id = ci.person_id)
                           Filter: ((gender)::text = 'm'::text)
                           Buffers: shared hit=8532390 read=116090
 Planning:
   Buffers: shared hit=529 read=45
 Planning Time: 14.388 ms
 Execution Time: 184171.718 ms
(88 rows)

