                                                                                                  QUERY PLAN                                                                                                  
--------------------------------------------------------------------------------------------------------------------------------------------------------------------------------------------------------------
 Aggregate  (cost=966768.85..966768.86 rows=1 width=8) (actual time=53240.001..53240.010 rows=1 loops=1)
   Buffers: shared hit=4901282 read=525623, temp read=7057 written=6998
   ->  Nested Loop  (cost=888657.78..966766.61 rows=894 width=0) (actual time=1017.952..53189.148 rows=272969 loops=1)
         Buffers: shared hit=4901282 read=525623, temp read=7057 written=6998
         ->  Hash Join  (cost=888657.35..963586.55 rows=1371 width=4) (actual time=1017.919..41918.428 rows=310370 loops=1)
               Hash Cond: (ci.role_id = rt.id)
               Buffers: shared hit=3728616 read=456809, temp read=7057 written=6998
               ->  Nested Loop  (cost=888656.17..963556.14 rows=8228 width=8) (actual time=1017.733..41580.321 rows=1373243 loops=1)
                     Buffers: shared hit=3728615 read=456809, temp read=7057 written=6998
                     ->  Nested Loop  (cost=888655.73..938451.94 rows=574 width=12) (actual time=1017.710..25448.203 rows=71498 loops=1)
                           Buffers: shared hit=2586536 read=62283, temp read=7057 written=6998
                           ->  Nested Loop  (cost=888655.73..938442.35 rows=574 width=16) (actual time=1017.701..25395.675 rows=71498 loops=1)
                                 Buffers: shared hit=2586535 read=62283, temp read=7057 written=6998
                                 ->  Nested Loop  (cost=888655.73..938432.76 rows=574 width=20) (actual time=1017.681..25343.859 rows=71498 loops=1)
                                       Buffers: shared hit=2586534 read=62283, temp read=7057 written=6998
                                       ->  Nested Loop  (cost=888655.59..938399.68 rows=1338 width=24) (actual time=1017.664..25000.418 rows=470962 loops=1)
                                             Join Filter: (t.id = mi1.movie_id)
                                             Buffers: shared hit=2586524 read=62281, temp read=7057 written=6998
                                             ->  Merge Join  (cost=888655.16..889502.02 rows=14283 width=16) (actual time=1017.609..1878.464 rows=657625 loops=1)
                                                   Merge Cond: (mi1.movie_id = mi2.movie_id)
                                                   Buffers: shared hit=3 read=18302, temp read=7057 written=6998
                                                   ->  Sort  (cost=391892.80..392051.68 rows=63552 width=8) (actual time=378.618..542.240 rows=705301 loops=1)
                                                         Sort Key: mi1.movie_id
                                                         Sort Method: external merge  Disk: 12464kB
                                                         Buffers: shared hit=1 read=8892, temp read=1558 written=1567
                                                         ->  Bitmap Heap Scan on movie_info mi1  (cost=14227.44..386822.73 rows=63552 width=8) (actual time=37.151..256.816 rows=705301 loops=1)
                                                               Recheck Cond: (info_type_id = 8)
                                                               Filter: ((info)::text = ANY ('{Canada,Chile,Denmark,"Hong Kong",Hungary,Netherlands,Philippines,Portugal,Spain,Turkey,USA}'::text[]))
                                                               Rows Removed by Filter: 620060
                                                               Heap Blocks: exact=7853
                                                               Buffers: shared hit=1 read=8892
                                                               ->  Bitmap Index Scan on info_type_id_movie_info  (cost=0.00..14211.52 rows=1329478 width=0) (actual time=36.173..36.174 rows=1325361 loops=1)
                                                                     Index Cond: (info_type_id = 8)
                                                                     Buffers: shared read=1040
                                                   ->  Sort  (cost=496762.36..496955.50 rows=77253 width=8) (actual time=638.982..854.591 rows=1017720 loops=1)
                                                         Sort Key: mi2.movie_id
                                                         Sort Method: external sort  Disk: 21712kB
                                                         Buffers: shared hit=2 read=9410, temp read=5458 written=5431
                                                         ->  Bitmap Heap Scan on movie_info mi2  (cost=13074.68..490490.46 rows=77253 width=8) (actual time=32.230..395.050 rows=1004315 loops=1)
                                                               Recheck Cond: (info_type_id = 4)
                                                               Filter: ((info)::text = ANY ('{Cantonese,Catalan,Danish,Dutch,English,French,Hungarian,Portuguese,Spanish,Tagalog,Turkish}'::text[]))
                                                               Rows Removed by Filter: 294674
                                                               Heap Blocks: exact=8393
                                                               Buffers: shared hit=2 read=9410
                                                               ->  Bitmap Index Scan on info_type_id_movie_info  (cost=0.00..13055.37 rows=1221191 width=0) (actual time=31.180..31.181 rows=1298989 loops=1)
                                                                     Index Cond: (info_type_id = 4)
                                                                     Buffers: shared hit=1 read=1018
                                             ->  Index Scan using title_pkey on title t  (cost=0.43..3.41 rows=1 width=8) (actual time=0.034..0.034 rows=1 loops=657625)
                                                   Index Cond: (id = mi2.movie_id)
                                                   Filter: ((production_year <= 2015) AND (1990 < production_year))
                                                   Rows Removed by Filter: 0
                                                   Buffers: shared hit=2586521 read=43979
                                       ->  Memoize  (cost=0.14..0.16 rows=1 width=4) (actual time=0.000..0.000 rows=0 loops=470962)
                                             Cache Key: t.kind_id
                                             Cache Mode: logical
                                             Hits: 470956  Misses: 6  Evictions: 0  Overflows: 0  Memory Usage: 1kB
                                             Buffers: shared hit=10 read=2
                                             ->  Index Scan using kind_type_pkey on kind_type kt  (cost=0.13..0.15 rows=1 width=4) (actual time=0.013..0.013 rows=0 loops=6)
                                                   Index Cond: (id = t.kind_id)
                                                   Filter: ((kind)::text = ANY ('{"tv movie","tv series","video game"}'::text[]))
                                                   Rows Removed by Filter: 0
                                                   Buffers: shared hit=10 read=2
                                 ->  Materialize  (cost=0.00..2.42 rows=1 width=4) (actual time=0.000..0.000 rows=1 loops=71498)
                                       Buffers: shared hit=1
                                       ->  Seq Scan on info_type it1  (cost=0.00..2.41 rows=1 width=4) (actual time=0.018..0.022 rows=1 loops=1)
                                             Filter: (id = 8)
                                             Rows Removed by Filter: 112
                                             Buffers: shared hit=1
                           ->  Materialize  (cost=0.00..2.42 rows=1 width=4) (actual time=0.000..0.000 rows=1 loops=71498)
                                 Buffers: shared hit=1
                                 ->  Seq Scan on info_type it2  (cost=0.00..2.41 rows=1 width=4) (actual time=0.007..0.012 rows=1 loops=1)
                                       Filter: (id = 4)
                                       Rows Removed by Filter: 112
                                       Buffers: shared hit=1
                     ->  Index Scan using movie_id_cast_info on cast_info ci  (cost=0.44..43.36 rows=38 width=12) (actual time=0.037..0.220 rows=19 loops=71498)
                           Index Cond: (movie_id = t.id)
                           Buffers: shared hit=1142079 read=394526
               ->  Hash  (cost=1.15..1.15 rows=2 width=4) (actual time=0.034..0.035 rows=2 loops=1)
                     Buckets: 1024  Batches: 1  Memory Usage: 9kB
                     Buffers: shared hit=1
                     ->  Seq Scan on role_type rt  (cost=0.00..1.15 rows=2 width=4) (actual time=0.023..0.025 rows=2 loops=1)
                           Filter: ((role)::text = ANY ('{actress,writer}'::text[]))
                           Rows Removed by Filter: 10
                           Buffers: shared hit=1
         ->  Index Scan using name_pkey on name n  (cost=0.43..2.32 rows=1 width=4) (actual time=0.036..0.036 rows=1 loops=310370)
               Index Cond: (id = ci.person_id)
               Filter: ((gender)::text = ANY ('{f,m}'::text[]))
               Rows Removed by Filter: 0
               Buffers: shared hit=1172666 read=68814
 Planning:
   Buffers: shared hit=488 read=89
 Planning Time: 14.427 ms
 Execution Time: 53251.650 ms
(93 rows)

