                                                                                               QUERY PLAN                                                                                               
--------------------------------------------------------------------------------------------------------------------------------------------------------------------------------------------------------
 Aggregate  (cost=466294.78..466294.79 rows=1 width=8) (actual time=4294.735..4294.742 rows=1 loops=1)
   Buffers: shared hit=410023 read=29083
   ->  Nested Loop  (cost=13060.73..466294.78 rows=1 width=0) (actual time=69.969..4294.579 rows=504 loops=1)
         Buffers: shared hit=410023 read=29083
         ->  Hash Join  (cost=13060.30..466292.46 rows=1 width=4) (actual time=69.906..4276.871 rows=718 loops=1)
               Hash Cond: (ci.role_id = rt.id)
               Buffers: shared hit=407472 read=28762
               ->  Nested Loop  (cost=13059.14..466291.25 rows=14 width=8) (actual time=45.784..4272.086 rows=29332 loops=1)
                     Buffers: shared hit=407471 read=28762
                     ->  Nested Loop  (cost=13058.70..466246.70 rows=1 width=12) (actual time=41.355..3919.715 rows=2403 loops=1)
                           Buffers: shared hit=378263 read=21855
                           ->  Nested Loop  (cost=13058.70..466244.27 rows=1 width=16) (actual time=41.350..3868.023 rows=2403 loops=1)
                                 Buffers: shared hit=375860 read=21855
                                 ->  Nested Loop  (cost=13058.70..466241.85 rows=1 width=20) (actual time=41.333..3815.776 rows=2403 loops=1)
                                       Buffers: shared hit=373457 read=21855
                                       ->  Hash Join  (cost=13058.27..454268.13 rows=278 width=12) (actual time=38.554..3541.979 rows=3265 loops=1)
                                             Hash Cond: (t.kind_id = kt.id)
                                             Buffers: shared hit=349680 read=15281
                                             ->  Nested Loop  (cost=13057.15..454262.91 rows=974 width=16) (actual time=38.335..3535.027 rows=27918 loops=1)
                                                   Buffers: shared hit=349679 read=15281
                                                   ->  Bitmap Heap Scan on movie_info mi2  (cost=13056.71..415326.59 rows=5385 width=8) (actual time=38.219..595.258 rows=89823 loops=1)
                                                         Recheck Cond: (info_type_id = 4)
                                                         Filter: ((info)::text = ANY ('{Arabic,Dutch,Hungarian,Italian,Portuguese,Swedish}'::text[]))
                                                         Rows Removed by Filter: 1209166
                                                         Heap Blocks: exact=8393
                                                         Buffers: shared hit=2750 read=6662
                                                         ->  Bitmap Index Scan on info_type_id_movie_info  (cost=0.00..13055.37 rows=1221191 width=0) (actual time=35.867..35.867 rows=1298989 loops=1)
                                                               Index Cond: (info_type_id = 4)
                                                               Buffers: shared read=1019
                                                   ->  Memoize  (cost=0.44..7.27 rows=1 width=8) (actual time=0.032..0.032 rows=0 loops=89823)
                                                         Cache Key: mi2.movie_id
                                                         Cache Mode: logical
                                                         Hits: 936  Misses: 88887  Evictions: 0  Overflows: 0  Memory Usage: 6988kB
                                                         Buffers: shared hit=346929 read=8619
                                                         ->  Index Scan using title_pkey on title t  (cost=0.43..7.26 rows=1 width=8) (actual time=0.032..0.032 rows=0 loops=88887)
                                                               Index Cond: (id = mi2.movie_id)
                                                               Filter: ((production_year <= 1975) AND (1875 < production_year))
                                                               Rows Removed by Filter: 1
                                                               Buffers: shared hit=346929 read=8619
                                             ->  Hash  (cost=1.09..1.09 rows=2 width=4) (actual time=0.025..0.026 rows=2 loops=1)
                                                   Buckets: 1024  Batches: 1  Memory Usage: 9kB
                                                   Buffers: shared hit=1
                                                   ->  Seq Scan on kind_type kt  (cost=0.00..1.09 rows=2 width=4) (actual time=0.014..0.015 rows=2 loops=1)
                                                         Filter: ((kind)::text = ANY ('{episode,"tv movie"}'::text[]))
                                                         Rows Removed by Filter: 5
                                                         Buffers: shared hit=1
                                       ->  Index Scan using movie_id_movie_info on movie_info mi1  (cost=0.43..43.06 rows=1 width=8) (actual time=0.075..0.083 rows=1 loops=3265)
                                             Index Cond: (movie_id = t.id)
                                             Filter: ((info_type_id = 8) AND ((info)::text = ANY ('{Belgium,Egypt,France,Hungary,Netherlands,Portugal,Sweden}'::text[])))
                                             Rows Removed by Filter: 6
                                             Buffers: shared hit=23777 read=6574
                                 ->  Seq Scan on info_type it1  (cost=0.00..2.41 rows=1 width=4) (actual time=0.012..0.020 rows=1 loops=2403)
                                       Filter: (id = 8)
                                       Rows Removed by Filter: 112
                                       Buffers: shared hit=2403
                           ->  Seq Scan on info_type it2  (cost=0.00..2.41 rows=1 width=4) (actual time=0.011..0.020 rows=1 loops=2403)
                                 Filter: (id = 4)
                                 Rows Removed by Filter: 112
                                 Buffers: shared hit=2403
                     ->  Index Scan using movie_id_cast_info on cast_info ci  (cost=0.44..44.17 rows=38 width=12) (actual time=0.039..0.143 rows=12 loops=2403)
                           Index Cond: (movie_id = t.id)
                           Buffers: shared hit=29208 read=6907
               ->  Hash  (cost=1.15..1.15 rows=1 width=4) (actual time=0.033..0.034 rows=1 loops=1)
                     Buckets: 1024  Batches: 1  Memory Usage: 9kB
                     Buffers: shared hit=1
                     ->  Seq Scan on role_type rt  (cost=0.00..1.15 rows=1 width=4) (actual time=0.026..0.027 rows=1 loops=1)
                           Filter: ((role)::text = 'composer'::text)
                           Rows Removed by Filter: 11
                           Buffers: shared hit=1
         ->  Index Scan using name_pkey on name n  (cost=0.43..2.32 rows=1 width=4) (actual time=0.024..0.024 rows=1 loops=718)
               Index Cond: (id = ci.person_id)
               Filter: ((gender)::text = 'm'::text)
               Rows Removed by Filter: 0
               Buffers: shared hit=2551 read=321
 Planning:
   Buffers: shared hit=506 read=68
 Planning Time: 13.312 ms
 Execution Time: 4296.761 ms
(78 rows)

