                                                                                                  QUERY PLAN                                                                                                  
--------------------------------------------------------------------------------------------------------------------------------------------------------------------------------------------------------------
 Aggregate  (cost=912590.09..912590.10 rows=1 width=8) (actual time=188341.560..188341.568 rows=1 loops=1)
   Buffers: shared hit=17504705 read=1981145, temp read=9600 written=9514
   ->  Nested Loop  (cost=829004.86..912589.31 rows=312 width=0) (actual time=980.840..188278.198 rows=278424 loops=1)
         Buffers: shared hit=17504705 read=1981145, temp read=9600 written=9514
         ->  Seq Scan on info_type it2  (cost=0.00..2.41 rows=1 width=4) (actual time=0.031..0.041 rows=1 loops=1)
               Filter: (id = 4)
               Rows Removed by Filter: 112
               Buffers: shared hit=1
         ->  Nested Loop  (cost=829004.86..912583.78 rows=312 width=4) (actual time=980.807..188212.425 rows=278424 loops=1)
               Buffers: shared hit=17504704 read=1981145, temp read=9600 written=9514
               ->  Seq Scan on info_type it1  (cost=0.00..2.41 rows=1 width=4) (actual time=0.010..0.022 rows=1 loops=1)
                     Filter: (id = 8)
                     Rows Removed by Filter: 112
                     Buffers: shared hit=1
               ->  Nested Loop  (cost=829004.86..912578.25 rows=312 width=8) (actual time=980.796..188142.969 rows=278424 loops=1)
                     Buffers: shared hit=17504703 read=1981145, temp read=9600 written=9514
                     ->  Hash Join  (cost=829004.43..910852.52 rows=744 width=12) (actual time=980.559..130329.483 rows=1576903 loops=1)
                           Hash Cond: (ci.role_id = rt.id)
                           Buffers: shared hit=11495498 read=1682738, temp read=9600 written=9514
                           ->  Nested Loop  (cost=829003.26..910819.64 rows=8930 width=16) (actual time=980.285..128126.331 rows=9378068 loops=1)
                                 Buffers: shared hit=11495497 read=1682738, temp read=9600 written=9514
                                 ->  Nested Loop  (cost=829002.82..883572.40 rows=623 width=20) (actual time=980.263..26404.808 rows=419440 loops=1)
                                       Buffers: shared hit=2752044 read=43409, temp read=9600 written=9514
                                       ->  Nested Loop  (cost=829002.68..883536.54 rows=1454 width=24) (actual time=980.164..25973.571 rows=494231 loops=1)
                                             Join Filter: (t.id = mi1.movie_id)
                                             Buffers: shared hit=2752033 read=43408, temp read=9600 written=9514
                                             ->  Merge Join  (cost=829002.25..829888.02 rows=15517 width=16) (actual time=980.112..1943.781 rows=694284 loops=1)
                                                   Merge Cond: (mi1.movie_id = mi2.movie_id)
                                                   Buffers: shared hit=14549 read=3756, temp read=9600 written=9514
                                                   ->  Sort  (cost=392553.09..392730.80 rows=71085 width=8) (actual time=448.671..603.644 rows=795787 loops=1)
                                                         Sort Key: mi1.movie_id
                                                         Sort Method: external sort  Disk: 17200kB
                                                         Buffers: shared hit=5137 read=3756, temp read=4292 written=4303
                                                         ->  Bitmap Heap Scan on movie_info mi1  (cost=14229.32..386824.61 rows=71085 width=8) (actual time=37.849..254.418 rows=795788 loops=1)
                                                               Recheck Cond: (info_type_id = 8)
                                                               Filter: ((info)::text = ANY ('{Brazil,Canada,France,"Hong Kong",Japan,"New Zealand",Norway,Portugal,Spain,Sweden,USA}'::text[]))
                                                               Rows Removed by Filter: 529573
                                                               Heap Blocks: exact=7853
                                                               Buffers: shared hit=5137 read=3756
                                                               ->  Bitmap Index Scan on info_type_id_movie_info  (cost=0.00..14211.52 rows=1329478 width=0) (actual time=36.859..36.859 rows=1325361 loops=1)
                                                                     Index Cond: (info_type_id = 8)
                                                                     Buffers: shared hit=1 read=1039
                                                   ->  Sort  (cost=436449.16..436636.75 rows=75034 width=8) (actual time=531.432..784.959 rows=982951 loops=1)
                                                         Sort Key: mi2.movie_id
                                                         Sort Method: external sort  Disk: 20832kB
                                                         Buffers: shared hit=9412, temp read=5253 written=5211
                                                         ->  Bitmap Heap Scan on movie_info mi2  (cost=13074.13..430373.19 rows=75034 width=8) (actual time=28.925..298.015 rows=963807 loops=1)
                                                               Recheck Cond: (info_type_id = 4)
                                                               Filter: ((info)::text = ANY ('{Cantonese,English,French,Norwegian,Portuguese,Spanish,Swedish}'::text[]))
                                                               Rows Removed by Filter: 335182
                                                               Heap Blocks: exact=8393
                                                               Buffers: shared hit=9412
                                                               ->  Bitmap Index Scan on info_type_id_movie_info  (cost=0.00..13055.37 rows=1221191 width=0) (actual time=27.888..27.889 rows=1298989 loops=1)
                                                                     Index Cond: (info_type_id = 4)
                                                                     Buffers: shared hit=1019
                                             ->  Index Scan using title_pkey on title t  (cost=0.43..3.44 rows=1 width=8) (actual time=0.034..0.034 rows=1 loops=694284)
                                                   Index Cond: (id = mi2.movie_id)
                                                   Filter: ((production_year <= 2015) AND (1990 < production_year))
                                                   Rows Removed by Filter: 0
                                                   Buffers: shared hit=2737484 read=39652
                                       ->  Memoize  (cost=0.14..0.16 rows=1 width=4) (actual time=0.000..0.000 rows=1 loops=494231)
                                             Cache Key: t.kind_id
                                             Cache Mode: logical
                                             Hits: 494225  Misses: 6  Evictions: 0  Overflows: 0  Memory Usage: 1kB
                                             Buffers: shared hit=11 read=1
                                             ->  Index Scan using kind_type_pkey on kind_type kt  (cost=0.13..0.15 rows=1 width=4) (actual time=0.012..0.012 rows=0 loops=6)
                                                   Index Cond: (id = t.kind_id)
                                                   Filter: ((kind)::text = ANY ('{episode,movie,"video movie"}'::text[]))
                                                   Rows Removed by Filter: 0
                                                   Buffers: shared hit=11 read=1
                                 ->  Index Scan using movie_id_cast_info on cast_info ci  (cost=0.44..43.36 rows=38 width=12) (actual time=0.035..0.236 rows=22 loops=419440)
                                       Index Cond: (movie_id = t.id)
                                       Buffers: shared hit=8743453 read=1639329
                           ->  Hash  (cost=1.15..1.15 rows=1 width=4) (actual time=0.014..0.015 rows=1 loops=1)
                                 Buckets: 1024  Batches: 1  Memory Usage: 9kB
                                 Buffers: shared hit=1
                                 ->  Seq Scan on role_type rt  (cost=0.00..1.15 rows=1 width=4) (actual time=0.008..0.009 rows=1 loops=1)
                                       Filter: ((role)::text = 'miscellaneous crew'::text)
                                       Rows Removed by Filter: 11
                                       Buffers: shared hit=1
                     ->  Index Scan using name_pkey on name n  (cost=0.43..2.32 rows=1 width=4) (actual time=0.036..0.036 rows=0 loops=1576903)
                           Index Cond: (id = ci.person_id)
                           Filter: ((gender)::text = 'm'::text)
                           Rows Removed by Filter: 1
                           Buffers: shared hit=6009205 read=298407
 Planning:
   Buffers: shared hit=576 read=1
 Planning Time: 13.639 ms
 Execution Time: 188351.176 ms
(89 rows)

