                                                                                                  QUERY PLAN                                                                                                  
--------------------------------------------------------------------------------------------------------------------------------------------------------------------------------------------------------------
 Aggregate  (cost=825553.28..825553.29 rows=1 width=8) (actual time=117362.358..117362.366 rows=1 loops=1)
   Buffers: shared hit=11022224 read=1158628, temp read=7265 written=7264
   ->  Nested Loop  (cost=766121.93..825552.92 rows=142 width=0) (actual time=961.048..117353.849 rows=19692 loops=1)
         Buffers: shared hit=11022224 read=1158628, temp read=7265 written=7264
         ->  Seq Scan on info_type it2  (cost=0.00..2.41 rows=1 width=4) (actual time=0.030..0.042 rows=1 loops=1)
               Filter: (id = 4)
               Rows Removed by Filter: 112
               Buffers: shared hit=1
         ->  Nested Loop  (cost=766121.93..825549.09 rows=142 width=4) (actual time=961.016..117347.529 rows=19692 loops=1)
               Buffers: shared hit=11022223 read=1158628, temp read=7265 written=7264
               ->  Seq Scan on info_type it1  (cost=0.00..2.41 rows=1 width=4) (actual time=0.008..0.020 rows=1 loops=1)
                     Filter: (id = 8)
                     Rows Removed by Filter: 112
                     Buffers: shared hit=1
               ->  Nested Loop  (cost=766121.93..825545.26 rows=142 width=8) (actual time=961.006..117341.157 rows=19692 loops=1)
                     Buffers: shared hit=11022222 read=1158628, temp read=7265 written=7264
                     ->  Hash Join  (cost=766121.50..824123.39 rows=613 width=12) (actual time=910.744..114518.875 rows=74117 loops=1)
                           Hash Cond: (ci.role_id = rt.id)
                           Buffers: shared hit=10743811 read=1140571, temp read=7265 written=7264
                           ->  Nested Loop  (cost=766120.34..824096.11 rows=7353 width=16) (actual time=910.450..112897.447 rows=8939290 loops=1)
                                 Buffers: shared hit=10743810 read=1140571, temp read=7265 written=7264
                                 ->  Nested Loop  (cost=766119.90..801698.70 rows=513 width=20) (actual time=910.428..19375.903 rows=396484 loops=1)
                                       Buffers: shared hit=1952604 read=61637, temp read=7265 written=7264
                                       ->  Nested Loop  (cost=766119.76..801668.99 rows=1197 width=24) (actual time=910.323..18972.753 rows=461458 loops=1)
                                             Join Filter: (t.id = mi1.movie_id)
                                             Buffers: shared hit=1952593 read=61636, temp read=7265 written=7264
                                             ->  Merge Join  (cost=766119.33..766785.93 rows=9443 width=16) (actual time=910.267..1639.127 rows=498981 loops=1)
                                                   Merge Cond: (mi1.movie_id = mi2.movie_id)
                                                   Buffers: shared hit=3 read=18302, temp read=7265 written=7264
                                                   ->  Sort  (cost=390886.86..391016.68 rows=51928 width=8) (actual time=443.633..556.526 rows=561947 loops=1)
                                                         Sort Key: mi1.movie_id
                                                         Sort Method: external sort  Disk: 12144kB
                                                         Buffers: shared hit=1 read=8892, temp read=3031 written=3038
                                                         ->  Bitmap Heap Scan on movie_info mi1  (cost=14224.50..386819.80 rows=51928 width=8) (actual time=36.932..305.656 rows=561947 loops=1)
                                                               Recheck Cond: (info_type_id = 8)
                                                               Filter: ((info)::text = ANY ('{Denmark,Greece,Iceland,USA}'::text[]))
                                                               Rows Removed by Filter: 763414
                                                               Heap Blocks: exact=7853
                                                               Buffers: shared hit=1 read=8892
                                                               ->  Bitmap Index Scan on info_type_id_movie_info  (cost=0.00..14211.52 rows=1329478 width=0) (actual time=35.962..35.962 rows=1325361 loops=1)
                                                                     Index Cond: (info_type_id = 8)
                                                                     Buffers: shared read=1040
                                                   ->  Sort  (cost=375232.47..375388.74 rows=62506 width=8) (actual time=466.625..659.616 rows=785522 loops=1)
                                                         Sort Key: mi2.movie_id
                                                         Sort Method: external sort  Disk: 16896kB
                                                         Buffers: shared hit=2 read=9410, temp read=4225 written=4226
                                                         ->  Bitmap Heap Scan on movie_info mi2  (cost=13070.99..370253.33 rows=62506 width=8) (actual time=30.687..277.617 rows=781879 loops=1)
                                                               Recheck Cond: (info_type_id = 4)
                                                               Filter: ((info)::text = ANY ('{Arabic,English,Icelandic}'::text[]))
                                                               Rows Removed by Filter: 517110
                                                               Heap Blocks: exact=8393
                                                               Buffers: shared hit=2 read=9410
                                                               ->  Bitmap Index Scan on info_type_id_movie_info  (cost=0.00..13055.37 rows=1221191 width=0) (actual time=29.656..29.656 rows=1298989 loops=1)
                                                                     Index Cond: (info_type_id = 4)
                                                                     Buffers: shared hit=1 read=1018
                                             ->  Index Scan using title_pkey on title t  (cost=0.43..3.68 rows=1 width=8) (actual time=0.034..0.034 rows=1 loops=498981)
                                                   Index Cond: (id = mi2.movie_id)
                                                   Filter: ((production_year <= 2015) AND (1925 < production_year))
                                                   Rows Removed by Filter: 0
                                                   Buffers: shared hit=1952590 read=43334
                                       ->  Memoize  (cost=0.14..0.16 rows=1 width=4) (actual time=0.000..0.000 rows=1 loops=461458)
                                             Cache Key: t.kind_id
                                             Cache Mode: logical
                                             Hits: 461452  Misses: 6  Evictions: 0  Overflows: 0  Memory Usage: 1kB
                                             Buffers: shared hit=11 read=1
                                             ->  Index Scan using kind_type_pkey on kind_type kt  (cost=0.13..0.15 rows=1 width=4) (actual time=0.011..0.011 rows=0 loops=6)
                                                   Index Cond: (id = t.kind_id)
                                                   Filter: ((kind)::text = ANY ('{episode,movie,"video movie"}'::text[]))
                                                   Rows Removed by Filter: 0
                                                   Buffers: shared hit=11 read=1
                                 ->  Index Scan using movie_id_cast_info on cast_info ci  (cost=0.44..43.28 rows=38 width=12) (actual time=0.035..0.229 rows=23 loops=396484)
                                       Index Cond: (movie_id = t.id)
                                       Buffers: shared hit=8791206 read=1078934
                           ->  Hash  (cost=1.15..1.15 rows=1 width=4) (actual time=0.018..0.019 rows=1 loops=1)
                                 Buckets: 1024  Batches: 1  Memory Usage: 9kB
                                 Buffers: shared hit=1
                                 ->  Seq Scan on role_type rt  (cost=0.00..1.15 rows=1 width=4) (actual time=0.010..0.011 rows=1 loops=1)
                                       Filter: ((role)::text = 'costume designer'::text)
                                       Rows Removed by Filter: 11
                                       Buffers: shared hit=1
                     ->  Index Scan using name_pkey on name n  (cost=0.43..2.32 rows=1 width=4) (actual time=0.037..0.037 rows=0 loops=74117)
                           Index Cond: (id = ci.person_id)
                           Filter: ((gender)::text = 'f'::text)
                           Rows Removed by Filter: 1
                           Buffers: shared hit=278411 read=18057
 Planning:
   Buffers: shared hit=485 read=89
 Planning Time: 13.735 ms
 Execution Time: 117371.054 ms
(89 rows)

