                                                                                            QUERY PLAN                                                                                            
--------------------------------------------------------------------------------------------------------------------------------------------------------------------------------------------------
 Aggregate  (cost=503460.13..503460.14 rows=1 width=8) (actual time=13101.340..13101.350 rows=1 loops=1)
   Buffers: shared hit=1180954 read=160358, temp read=919 written=919
   ->  Nested Loop  (cost=91920.01..503460.12 rows=6 width=0) (actual time=563.114..13099.795 rows=3968 loops=1)
         Buffers: shared hit=1180954 read=160358, temp read=919 written=919
         ->  Hash Join  (cost=91919.58..503427.65 rows=14 width=4) (actual time=531.188..12261.152 rows=22517 loops=1)
               Hash Cond: (ci.role_id = rt.id)
               Buffers: shared hit=1093412 read=157832, temp read=919 written=919
               ->  Nested Loop  (cost=91918.41..503426.17 rows=86 width=8) (actual time=525.023..12138.640 rows=704239 loops=1)
                     Buffers: shared hit=1093411 read=157832, temp read=919 written=919
                     ->  Nested Loop  (cost=91917.97..503156.89 rows=6 width=12) (actual time=524.997..4821.943 rows=35020 loops=1)
                           Buffers: shared hit=354928 read=97854, temp read=919 written=919
                           ->  Seq Scan on info_type it2  (cost=0.00..2.41 rows=1 width=4) (actual time=0.031..0.042 rows=1 loops=1)
                                 Filter: (id = 4)
                                 Rows Removed by Filter: 112
                                 Buffers: shared hit=1
                           ->  Nested Loop  (cost=91917.97..503154.42 rows=6 width=16) (actual time=524.965..4813.278 rows=35020 loops=1)
                                 Buffers: shared hit=354927 read=97854, temp read=919 written=919
                                 ->  Seq Scan on info_type it1  (cost=0.00..2.41 rows=1 width=4) (actual time=0.008..0.022 rows=1 loops=1)
                                       Filter: (id = 8)
                                       Rows Removed by Filter: 112
                                       Buffers: shared hit=1
                                 ->  Nested Loop  (cost=91917.97..503151.94 rows=6 width=20) (actual time=524.954..4803.934 rows=35020 loops=1)
                                       Buffers: shared hit=354926 read=97854, temp read=919 written=919
                                       ->  Hash Join  (cost=91917.53..464577.41 rows=890 width=12) (actual time=524.903..999.569 rows=39731 loops=1)
                                             Hash Cond: (mi1.movie_id = t.id)
                                             Buffers: shared hit=5345 read=39940, temp read=919 written=919
                                             ->  Bitmap Heap Scan on movie_info mi1  (cost=14215.26..386810.55 rows=14848 width=8) (actual time=37.670..368.511 rows=174045 loops=1)
                                                   Recheck Cond: (info_type_id = 8)
                                                   Filter: ((info)::text = ANY ('{Brazil,Czechoslovakia,Denmark,"East Germany",Germany,Italy,Mexico,Sweden,"West Germany",Yugoslavia}'::text[]))
                                                   Rows Removed by Filter: 1151316
                                                   Heap Blocks: exact=7853
                                                   Buffers: shared hit=12 read=8881
                                                   ->  Bitmap Index Scan on info_type_id_movie_info  (cost=0.00..14211.52 rows=1329478 width=0) (actual time=36.689..36.690 rows=1325361 loops=1)
                                                         Index Cond: (info_type_id = 8)
                                                         Buffers: shared read=1040
                                             ->  Hash  (cost=75807.58..75807.58 rows=151576 width=4) (actual time=485.705..485.708 rows=335746 loops=1)
                                                   Buckets: 262144 (originally 262144)  Batches: 2 (originally 1)  Memory Usage: 7957kB
                                                   Buffers: shared hit=5333 read=31059, temp written=491
                                                   ->  Hash Join  (cost=1.13..75807.58 rows=151576 width=4) (actual time=0.040..425.136 rows=335746 loops=1)
                                                         Hash Cond: (t.kind_id = kt.id)
                                                         Buffers: shared hit=5333 read=31059
                                                         ->  Seq Scan on title t  (cost=0.00..74315.95 rows=353677 width=8) (actual time=0.022..383.440 rows=347589 loops=1)
                                                               Filter: ((production_year <= 1975) AND (1925 < production_year))
                                                               Rows Removed by Filter: 2180723
                                                               Buffers: shared hit=5332 read=31059
                                                         ->  Hash  (cost=1.10..1.10 rows=3 width=4) (actual time=0.015..0.016 rows=3 loops=1)
                                                               Buckets: 1024  Batches: 1  Memory Usage: 9kB
                                                               Buffers: shared hit=1
                                                               ->  Seq Scan on kind_type kt  (cost=0.00..1.10 rows=3 width=4) (actual time=0.007..0.009 rows=3 loops=1)
                                                                     Filter: ((kind)::text = ANY ('{episode,movie,"tv movie"}'::text[]))
                                                                     Rows Removed by Filter: 4
                                                                     Buffers: shared hit=1
                                       ->  Index Scan using movie_id_movie_info on movie_info mi2  (cost=0.43..43.33 rows=1 width=8) (actual time=0.044..0.095 rows=1 loops=39731)
                                             Index Cond: (movie_id = t.id)
                                             Filter: ((info_type_id = 4) AND ((info)::text = ANY ('{Czech,Danish,German,Italian,Portuguese,Serbo-Croatian,Spanish,Swedish}'::text[])))
                                             Rows Removed by Filter: 10
                                             Buffers: shared hit=349581 read=57914
                     ->  Index Scan using movie_id_cast_info on cast_info ci  (cost=0.44..44.50 rows=38 width=12) (actual time=0.036..0.203 rows=20 loops=35020)
                           Index Cond: (movie_id = t.id)
                           Buffers: shared hit=738483 read=59978
               ->  Hash  (cost=1.15..1.15 rows=2 width=4) (actual time=0.031..0.032 rows=2 loops=1)
                     Buckets: 1024  Batches: 1  Memory Usage: 9kB
                     Buffers: shared hit=1
                     ->  Seq Scan on role_type rt  (cost=0.00..1.15 rows=2 width=4) (actual time=0.023..0.025 rows=2 loops=1)
                           Filter: ((role)::text = ANY ('{"costume designer","production designer"}'::text[]))
                           Rows Removed by Filter: 10
                           Buffers: shared hit=1
         ->  Index Scan using name_pkey on name n  (cost=0.43..2.32 rows=1 width=4) (actual time=0.037..0.037 rows=0 loops=22517)
               Index Cond: (id = ci.person_id)
               Filter: ((gender)::text = 'm'::text)
               Rows Removed by Filter: 1
               Buffers: shared hit=87542 read=2526
 Planning:
   Buffers: shared hit=486 read=91
 Planning Time: 13.523 ms
 Execution Time: 13101.938 ms
(76 rows)

