                                                                                               QUERY PLAN                                                                                               
--------------------------------------------------------------------------------------------------------------------------------------------------------------------------------------------------------
 Aggregate  (cost=437630.79..437630.80 rows=1 width=8) (actual time=8447.415..8447.423 rows=1 loops=1)
   Buffers: shared hit=770175 read=100474
   ->  Nested Loop  (cost=14217.16..437630.79 rows=3 width=0) (actual time=227.775..8445.646 rows=6999 loops=1)
         Buffers: shared hit=770175 read=100474
         ->  Hash Join  (cost=14216.73..437619.19 rows=5 width=4) (actual time=227.709..7859.166 rows=15604 loops=1)
               Hash Cond: (ci.role_id = rt.id)
               Buffers: shared hit=712310 read=95923
               ->  Nested Loop  (cost=14215.55..437617.92 rows=29 width=8) (actual time=51.535..7811.825 rows=251685 loops=1)
                     Buffers: shared hit=712309 read=95923
                     ->  Nested Loop  (cost=14215.11..437528.81 rows=2 width=12) (actual time=51.499..4889.683 rows=19766 loops=1)
                           Buffers: shared hit=440666 read=61807
                           ->  Seq Scan on info_type it2  (cost=0.00..2.41 rows=1 width=4) (actual time=0.035..0.046 rows=1 loops=1)
                                 Filter: (id = 4)
                                 Rows Removed by Filter: 112
                                 Buffers: shared hit=1
                           ->  Nested Loop  (cost=14215.11..437526.37 rows=2 width=16) (actual time=51.462..4884.645 rows=19766 loops=1)
                                 Buffers: shared hit=440665 read=61807
                                 ->  Seq Scan on info_type it1  (cost=0.00..2.41 rows=1 width=4) (actual time=0.009..0.022 rows=1 loops=1)
                                       Filter: (id = 8)
                                       Rows Removed by Filter: 112
                                       Buffers: shared hit=1
                                 ->  Nested Loop  (cost=14215.11..437523.94 rows=2 width=20) (actual time=51.450..4879.699 rows=19766 loops=1)
                                       Buffers: shared hit=440664 read=61807
                                       ->  Hash Join  (cost=14214.68..416476.77 rows=491 width=12) (actual time=51.388..2646.616 rows=24004 loops=1)
                                             Hash Cond: (t.kind_id = kt.id)
                                             Buffers: shared hit=227189 read=30613
                                             ->  Nested Loop  (cost=14213.54..416470.80 rows=1146 width=16) (actual time=38.068..2634.693 rows=24750 loops=1)
                                                   Buffers: shared hit=227188 read=30613
                                                   ->  Bitmap Heap Scan on movie_info mi1  (cost=14213.10..371751.81 rows=6337 width=8) (actual time=37.914..465.233 rows=62795 loops=1)
                                                         Recheck Cond: (info_type_id = 8)
                                                         Filter: ((info)::text = ANY ('{Argentina,Denmark,Italy}'::text[]))
                                                         Rows Removed by Filter: 1262566
                                                         Heap Blocks: exact=7853
                                                         Buffers: shared hit=18 read=8875
                                                         ->  Bitmap Index Scan on info_type_id_movie_info  (cost=0.00..14211.52 rows=1329478 width=0) (actual time=36.939..36.940 rows=1325361 loops=1)
                                                               Index Cond: (info_type_id = 8)
                                                               Buffers: shared read=1040
                                                   ->  Memoize  (cost=0.44..7.10 rows=1 width=8) (actual time=0.034..0.034 rows=0 loops=62795)
                                                         Cache Key: mi1.movie_id
                                                         Cache Mode: logical
                                                         Hits: 568  Misses: 62227  Evictions: 0  Overflows: 0  Memory Usage: 5090kB
                                                         Buffers: shared hit=227170 read=21738
                                                         ->  Index Scan using title_pkey on title t  (cost=0.43..7.09 rows=1 width=8) (actual time=0.033..0.033 rows=0 loops=62227)
                                                               Index Cond: (id = mi1.movie_id)
                                                               Filter: ((production_year <= 1975) AND (1875 < production_year))
                                                               Rows Removed by Filter: 1
                                                               Buffers: shared hit=227170 read=21738
                                             ->  Hash  (cost=1.10..1.10 rows=3 width=4) (actual time=0.018..0.019 rows=3 loops=1)
                                                   Buckets: 1024  Batches: 1  Memory Usage: 9kB
                                                   Buffers: shared hit=1
                                                   ->  Seq Scan on kind_type kt  (cost=0.00..1.10 rows=3 width=4) (actual time=0.009..0.011 rows=3 loops=1)
                                                         Filter: ((kind)::text = ANY ('{episode,movie,"tv movie"}'::text[]))
                                                         Rows Removed by Filter: 4
                                                         Buffers: shared hit=1
                                       ->  Index Scan using movie_id_movie_info on movie_info mi2  (cost=0.43..42.86 rows=1 width=8) (actual time=0.045..0.092 rows=1 loops=24004)
                                             Index Cond: (movie_id = t.id)
                                             Filter: ((info_type_id = 4) AND ((info)::text = ANY ('{Danish,Italian,Spanish}'::text[])))
                                             Rows Removed by Filter: 11
                                             Buffers: shared hit=213475 read=31194
                     ->  Index Scan using movie_id_cast_info on cast_info ci  (cost=0.44..44.17 rows=38 width=12) (actual time=0.034..0.144 rows=13 loops=19766)
                           Index Cond: (movie_id = t.id)
                           Buffers: shared hit=271643 read=34116
               ->  Hash  (cost=1.15..1.15 rows=2 width=4) (actual time=0.037..0.038 rows=2 loops=1)
                     Buckets: 1024  Batches: 1  Memory Usage: 9kB
                     Buffers: shared hit=1
                     ->  Seq Scan on role_type rt  (cost=0.00..1.15 rows=2 width=4) (actual time=0.028..0.030 rows=2 loops=1)
                           Filter: ((role)::text = ANY ('{composer,"miscellaneous crew"}'::text[]))
                           Rows Removed by Filter: 10
                           Buffers: shared hit=1
         ->  Index Scan using name_pkey on name n  (cost=0.43..2.32 rows=1 width=4) (actual time=0.037..0.037 rows=0 loops=15604)
               Index Cond: (id = ci.person_id)
               Filter: ((gender)::text = ANY ('{f,m}'::text[]))
               Rows Removed by Filter: 1
               Buffers: shared hit=57865 read=4551
 Planning:
   Buffers: shared hit=483 read=91
 Planning Time: 14.173 ms
 Execution Time: 8449.347 ms
(78 rows)

