                                                                                               QUERY PLAN                                                                                               
--------------------------------------------------------------------------------------------------------------------------------------------------------------------------------------------------------
 Aggregate  (cost=657721.66..657721.67 rows=1 width=8) (actual time=23822.460..23822.468 rows=1 loops=1)
   Buffers: shared hit=2180645 read=281997
   ->  Nested Loop  (cost=14218.22..657721.59 rows=27 width=0) (actual time=153.394..23821.309 rows=2682 loops=1)
         Buffers: shared hit=2180645 read=281997
         ->  Seq Scan on info_type it2  (cost=0.00..2.41 rows=1 width=4) (actual time=0.042..0.054 rows=1 loops=1)
               Filter: (id = 4)
               Rows Removed by Filter: 112
               Buffers: shared hit=1
         ->  Nested Loop  (cost=14218.22..657718.91 rows=27 width=4) (actual time=153.351..23820.465 rows=2682 loops=1)
               Buffers: shared hit=2180644 read=281997
               ->  Seq Scan on info_type it1  (cost=0.00..2.41 rows=1 width=4) (actual time=0.009..0.023 rows=1 loops=1)
                     Filter: (id = 8)
                     Rows Removed by Filter: 112
                     Buffers: shared hit=1
               ->  Nested Loop  (cost=14218.22..657716.23 rows=27 width=8) (actual time=153.339..23819.678 rows=2682 loops=1)
                     Buffers: shared hit=2180643 read=281997
                     ->  Hash Join  (cost=14217.79..657442.53 rows=118 width=12) (actual time=38.180..22238.369 rows=43101 loops=1)
                           Hash Cond: (ci.role_id = rt.id)
                           Buffers: shared hit=2029669 read=260567
                           ->  Nested Loop  (cost=14216.63..657436.33 rows=1419 width=16) (actual time=37.887..22085.215 rows=817312 loops=1)
                                 Buffers: shared hit=2029668 read=260567
                                 ->  Nested Loop  (cost=14216.19..653110.25 rows=99 width=20) (actual time=37.855..12775.569 rows=58113 loops=1)
                                       Buffers: shared hit=1207531 read=109497
                                       ->  Hash Join  (cost=14215.75..500002.00 rows=3612 width=12) (actual time=37.807..5701.519 rows=87496 loops=1)
                                             Hash Cond: (t.kind_id = kt.id)
                                             Buffers: shared hit=492365 read=39689
                                             ->  Nested Loop  (cost=14214.62..499965.35 rows=8428 width=16) (actual time=37.662..5652.300 rows=109195 loops=1)
                                                   Buffers: shared hit=492364 read=39689
                                                   ->  Bitmap Heap Scan on movie_info mi1  (cost=14214.18..431979.25 rows=10638 width=8) (actual time=37.622..744.995 rows=132018 loops=1)
                                                         Recheck Cond: (info_type_id = 8)
                                                         Filter: ((info)::text = ANY ('{Argentina,China,Japan,"New Zealand",Poland,Russia,Spain}'::text[]))
                                                         Rows Removed by Filter: 1193343
                                                         Heap Blocks: exact=7853
                                                         Buffers: shared hit=50 read=8843
                                                         ->  Bitmap Index Scan on info_type_id_movie_info  (cost=0.00..14211.52 rows=1329478 width=0) (actual time=36.579..36.579 rows=1325361 loops=1)
                                                               Index Cond: (info_type_id = 8)
                                                               Buffers: shared read=1040
                                                   ->  Memoize  (cost=0.44..6.47 rows=1 width=8) (actual time=0.037..0.037 rows=1 loops=132018)
                                                         Cache Key: mi1.movie_id
                                                         Cache Mode: logical
                                                         Hits: 1228  Misses: 130790  Evictions: 45227  Overflows: 0  Memory Usage: 8193kB
                                                         Buffers: shared hit=492314 read=30846
                                                         ->  Index Scan using title_pkey on title t  (cost=0.43..6.46 rows=1 width=8) (actual time=0.035..0.035 rows=1 loops=130790)
                                                               Index Cond: (id = mi1.movie_id)
                                                               Filter: ((production_year <= 2015) AND (1975 < production_year))
                                                               Rows Removed by Filter: 0
                                                               Buffers: shared hit=492314 read=30846
                                             ->  Hash  (cost=1.10..1.10 rows=3 width=4) (actual time=0.018..0.019 rows=3 loops=1)
                                                   Buckets: 1024  Batches: 1  Memory Usage: 9kB
                                                   Buffers: shared hit=1
                                                   ->  Seq Scan on kind_type kt  (cost=0.00..1.10 rows=3 width=4) (actual time=0.008..0.010 rows=3 loops=1)
                                                         Filter: ((kind)::text = ANY ('{episode,movie,"video movie"}'::text[]))
                                                         Rows Removed by Filter: 4
                                                         Buffers: shared hit=1
                                       ->  Index Scan using movie_id_movie_info on movie_info mi2  (cost=0.43..42.38 rows=1 width=8) (actual time=0.059..0.080 rows=1 loops=87496)
                                             Index Cond: (movie_id = t.id)
                                             Filter: ((info_type_id = 4) AND ((info)::text = ANY ('{English,Mandarin,Polish,Russian,Spanish}'::text[])))
                                             Rows Removed by Filter: 8
                                             Buffers: shared hit=715166 read=69808
                                 ->  Index Scan using movie_id_cast_info on cast_info ci  (cost=0.44..43.32 rows=38 width=12) (actual time=0.035..0.156 rows=14 loops=58113)
                                       Index Cond: (movie_id = t.id)
                                       Buffers: shared hit=822137 read=151070
                           ->  Hash  (cost=1.15..1.15 rows=1 width=4) (actual time=0.015..0.016 rows=1 loops=1)
                                 Buckets: 1024  Batches: 1  Memory Usage: 9kB
                                 Buffers: shared hit=1
                                 ->  Seq Scan on role_type rt  (cost=0.00..1.15 rows=1 width=4) (actual time=0.009..0.010 rows=1 loops=1)
                                       Filter: ((role)::text = 'director'::text)
                                       Rows Removed by Filter: 11
                                       Buffers: shared hit=1
                     ->  Index Scan using name_pkey on name n  (cost=0.43..2.32 rows=1 width=4) (actual time=0.036..0.036 rows=0 loops=43101)
                           Index Cond: (id = ci.person_id)
                           Filter: ((gender)::text = 'f'::text)
                           Rows Removed by Filter: 1
                           Buffers: shared hit=150974 read=21430
 Planning:
   Buffers: shared hit=529 read=45
 Planning Time: 14.303 ms
 Execution Time: 23825.029 ms
(78 rows)

