                                                                                                  QUERY PLAN                                                                                                  
--------------------------------------------------------------------------------------------------------------------------------------------------------------------------------------------------------------
 Aggregate  (cost=888537.46..888537.47 rows=1 width=8) (actual time=22611.113..22611.122 rows=1 loops=1)
   Buffers: shared hit=1963599 read=281873, temp read=6620 written=6574
   ->  Nested Loop  (cost=855001.79..888537.08 rows=149 width=0) (actual time=992.167..22610.093 rows=2159 loops=1)
         Buffers: shared hit=1963599 read=281873, temp read=6620 written=6574
         ->  Seq Scan on info_type it2  (cost=0.00..2.41 rows=1 width=4) (actual time=0.040..0.052 rows=1 loops=1)
               Filter: (id = 4)
               Rows Removed by Filter: 112
               Buffers: shared hit=1
         ->  Nested Loop  (cost=855001.79..888533.18 rows=149 width=4) (actual time=992.125..22609.345 rows=2159 loops=1)
               Buffers: shared hit=1963598 read=281873, temp read=6620 written=6574
               ->  Seq Scan on info_type it1  (cost=0.00..2.41 rows=1 width=4) (actual time=0.007..0.021 rows=1 loops=1)
                     Filter: (id = 8)
                     Rows Removed by Filter: 112
                     Buffers: shared hit=1
               ->  Nested Loop  (cost=855001.79..888529.28 rows=149 width=8) (actual time=992.115..22608.604 rows=2159 loops=1)
                     Buffers: shared hit=1963597 read=281873, temp read=6620 written=6574
                     ->  Hash Join  (cost=855001.36..887708.17 rows=354 width=12) (actual time=982.566..22156.518 rows=11587 loops=1)
                           Hash Cond: (ci.role_id = rt.id)
                           Buffers: shared hit=1920593 read=278529, temp read=6620 written=6574
                           ->  Nested Loop  (cost=855000.20..887691.93 rows=4243 width=16) (actual time=954.361..21988.278 rows=944732 loops=1)
                                 Buffers: shared hit=1920592 read=278529, temp read=6620 written=6574
                                 ->  Nested Loop  (cost=854999.76..874768.67 rows=296 width=20) (actual time=954.332..11062.836 rows=60777 loops=1)
                                       Buffers: shared hit=1039877 read=56236, temp read=6620 written=6574
                                       ->  Nested Loop  (cost=854999.61..874751.07 rows=691 width=24) (actual time=954.316..10891.557 rows=250482 loops=1)
                                             Join Filter: (t.id = mi1.movie_id)
                                             Buffers: shared hit=1039865 read=56236, temp read=6620 written=6574
                                             ->  Merge Join  (cost=854999.18..855541.46 rows=5456 width=16) (actual time=954.261..1431.063 rows=269449 loops=1)
                                                   Merge Cond: (mi1.movie_id = mi2.movie_id)
                                                   Buffers: shared hit=4477 read=13828, temp read=6620 written=6574
                                                   ->  Sort  (cost=433916.95..433982.79 rows=26337 width=8) (actual time=427.603..483.153 rows=295281 loops=1)
                                                         Sort Key: mi1.movie_id
                                                         Sort Method: external sort  Disk: 6384kB
                                                         Buffers: shared hit=1341 read=7552, temp read=1593 written=1597
                                                         ->  Bitmap Heap Scan on movie_info mi1  (cost=14218.10..431983.18 rows=26337 width=8) (actual time=36.719..353.509 rows=295283 loops=1)
                                                               Recheck Cond: (info_type_id = 8)
                                                               Filter: ((info)::text = ANY ('{Bulgaria,Canada,France,Germany,Russia,UK,Yugoslavia}'::text[]))
                                                               Rows Removed by Filter: 1030078
                                                               Heap Blocks: exact=7853
                                                               Buffers: shared hit=1341 read=7552
                                                               ->  Bitmap Index Scan on info_type_id_movie_info  (cost=0.00..14211.52 rows=1329478 width=0) (actual time=35.742..35.742 rows=1325361 loops=1)
                                                                     Index Cond: (info_type_id = 8)
                                                                     Buffers: shared read=1040
                                                   ->  Sort  (cost=421082.24..421260.26 rows=71207 width=8) (actual time=526.647..689.501 rows=929256 loops=1)
                                                         Sort Key: mi2.movie_id
                                                         Sort Method: external sort  Disk: 19896kB
                                                         Buffers: shared hit=3136 read=6276, temp read=4996 written=4977
                                                         ->  Bitmap Heap Scan on movie_info mi2  (cost=13073.17..415343.05 rows=71207 width=8) (actual time=30.610..304.125 rows=920590 loops=1)
                                                               Recheck Cond: (info_type_id = 4)
                                                               Filter: ((info)::text = ANY ('{Bulgarian,English,French,German,Russian,Serbo-Croatian}'::text[]))
                                                               Rows Removed by Filter: 378399
                                                               Heap Blocks: exact=8393
                                                               Buffers: shared hit=3136 read=6276
                                                               ->  Bitmap Index Scan on info_type_id_movie_info  (cost=0.00..13055.37 rows=1221191 width=0) (actual time=29.573..29.574 rows=1298989 loops=1)
                                                                     Index Cond: (info_type_id = 4)
                                                                     Buffers: shared hit=1 read=1018
                                             ->  Index Scan using title_pkey on title t  (cost=0.43..3.51 rows=1 width=8) (actual time=0.034..0.034 rows=1 loops=269449)
                                                   Index Cond: (id = mi2.movie_id)
                                                   Filter: ((production_year <= 2015) AND (1925 < production_year))
                                                   Rows Removed by Filter: 0
                                                   Buffers: shared hit=1035388 read=42408
                                       ->  Memoize  (cost=0.14..0.16 rows=1 width=4) (actual time=0.000..0.000 rows=0 loops=250482)
                                             Cache Key: t.kind_id
                                             Cache Mode: logical
                                             Hits: 250476  Misses: 6  Evictions: 0  Overflows: 0  Memory Usage: 1kB
                                             Buffers: shared hit=12
                                             ->  Index Scan using kind_type_pkey on kind_type kt  (cost=0.13..0.15 rows=1 width=4) (actual time=0.010..0.010 rows=0 loops=6)
                                                   Index Cond: (id = t.kind_id)
                                                   Filter: ((kind)::text = ANY ('{"tv movie","tv series","video game"}'::text[]))
                                                   Rows Removed by Filter: 0
                                                   Buffers: shared hit=12
                                 ->  Index Scan using movie_id_cast_info on cast_info ci  (cost=0.44..43.28 rows=38 width=12) (actual time=0.036..0.175 rows=16 loops=60777)
                                       Index Cond: (movie_id = t.id)
                                       Buffers: shared hit=880715 read=222293
                           ->  Hash  (cost=1.15..1.15 rows=1 width=4) (actual time=0.018..0.019 rows=1 loops=1)
                                 Buckets: 1024  Batches: 1  Memory Usage: 9kB
                                 Buffers: shared hit=1
                                 ->  Seq Scan on role_type rt  (cost=0.00..1.15 rows=1 width=4) (actual time=0.011..0.012 rows=1 loops=1)
                                       Filter: ((role)::text = 'production designer'::text)
                                       Rows Removed by Filter: 11
                                       Buffers: shared hit=1
                     ->  Index Scan using name_pkey on name n  (cost=0.43..2.32 rows=1 width=4) (actual time=0.038..0.038 rows=0 loops=11587)
                           Index Cond: (id = ci.person_id)
                           Filter: ((gender)::text = 'm'::text)
                           Rows Removed by Filter: 1
                           Buffers: shared hit=43004 read=3344
 Planning:
   Buffers: shared hit=484 read=90
 Planning Time: 13.275 ms
 Execution Time: 22622.001 ms
(89 rows)

