                                                                                             QUERY PLAN                                                                                             
----------------------------------------------------------------------------------------------------------------------------------------------------------------------------------------------------
 Aggregate  (cost=538346.94..538346.95 rows=1 width=8) (actual time=2116.516..2116.525 rows=1 loops=1)
   Buffers: shared hit=134884 read=75445, temp read=403 written=403
   ->  Nested Loop  (cost=94674.98..538346.88 rows=25 width=0) (actual time=503.124..2116.473 rows=84 loops=1)
         Buffers: shared hit=134884 read=75445, temp read=403 written=403
         ->  Seq Scan on info_type it2  (cost=0.00..2.41 rows=1 width=4) (actual time=0.050..0.058 rows=1 loops=1)
               Filter: (id = 4)
               Rows Removed by Filter: 112
               Buffers: shared hit=1
         ->  Nested Loop  (cost=94674.98..538344.22 rows=25 width=4) (actual time=503.072..2116.388 rows=84 loops=1)
               Buffers: shared hit=134883 read=75445, temp read=403 written=403
               ->  Seq Scan on info_type it1  (cost=0.00..2.41 rows=1 width=4) (actual time=0.010..0.020 rows=1 loops=1)
                     Filter: (id = 8)
                     Rows Removed by Filter: 112
                     Buffers: shared hit=1
               ->  Nested Loop  (cost=94674.98..538341.56 rows=25 width=8) (actual time=503.059..2116.335 rows=84 loops=1)
                     Buffers: shared hit=134882 read=75445, temp read=403 written=403
                     ->  Hash Join  (cost=94674.55..538202.39 rows=60 width=12) (actual time=456.884..2100.852 rows=381 loops=1)
                           Hash Cond: (ci.role_id = rt.id)
                           Buffers: shared hit=133517 read=75286, temp read=403 written=403
                           ->  Nested Loop  (cost=94673.39..538198.67 rows=717 width=16) (actual time=455.420..2091.948 rows=70280 loops=1)
                                 Buffers: shared hit=133516 read=75286, temp read=403 written=403
                                 ->  Nested Loop  (cost=94672.95..535979.97 rows=50 width=20) (actual time=455.392..1298.042 rows=7754 loops=1)
                                       Buffers: shared hit=63810 read=53220, temp read=403 written=403
                                       ->  Hash Join  (cost=94672.51..468395.02 rows=1568 width=12) (actual time=455.336..722.315 rows=8148 loops=1)
                                             Hash Cond: (mi1.movie_id = t.id)
                                             Buffers: shared hit=13342 read=31943, temp read=403 written=403
                                             ->  Bitmap Heap Scan on movie_info mi1  (cost=14215.78..386811.08 rows=16942 width=8) (actual time=37.443..245.930 rows=206448 loops=1)
                                                   Recheck Cond: (info_type_id = 8)
                                                   Filter: ((info)::text = ANY ('{Argentina,Canada,"East Germany","Hong Kong",Italy,Japan,Netherlands,Philippines,Turkey,"West Germany"}'::text[]))
                                                   Rows Removed by Filter: 1118913
                                                   Heap Blocks: exact=7853
                                                   Buffers: shared hit=4 read=8889
                                                   ->  Bitmap Index Scan on info_type_id_movie_info  (cost=0.00..14211.52 rows=1329478 width=0) (actual time=36.444..36.444 rows=1325361 loops=1)
                                                         Index Cond: (info_type_id = 8)
                                                         Buffers: shared read=1040
                                             ->  Hash  (cost=76617.93..76617.93 rows=233984 width=4) (actual time=416.772..416.775 rows=33701 loops=1)
                                                   Buckets: 262144  Batches: 2  Memory Usage: 2644kB
                                                   Buffers: shared hit=13338 read=23054, temp written=49
                                                   ->  Hash Join  (cost=1.13..76617.93 rows=233984 width=4) (actual time=0.061..409.931 rows=33701 loops=1)
                                                         Hash Cond: (t.kind_id = kt.id)
                                                         Buffers: shared hit=13338 read=23054
                                                         ->  Seq Scan on title t  (cost=0.00..74315.95 rows=545963 width=8) (actual time=0.022..378.089 rows=538239 loops=1)
                                                               Filter: ((production_year <= 1990) AND (1950 < production_year))
                                                               Rows Removed by Filter: 1990073
                                                               Buffers: shared hit=13337 read=23054
                                                         ->  Hash  (cost=1.10..1.10 rows=3 width=4) (actual time=0.015..0.016 rows=3 loops=1)
                                                               Buckets: 1024  Batches: 1  Memory Usage: 9kB
                                                               Buffers: shared hit=1
                                                               ->  Seq Scan on kind_type kt  (cost=0.00..1.10 rows=3 width=4) (actual time=0.008..0.009 rows=3 loops=1)
                                                                     Filter: ((kind)::text = ANY ('{"tv series","video game","video movie"}'::text[]))
                                                                     Rows Removed by Filter: 4
                                                                     Buffers: shared hit=1
                                       ->  Index Scan using movie_id_movie_info on movie_info mi2  (cost=0.43..43.09 rows=1 width=8) (actual time=0.049..0.070 rows=1 loops=8148)
                                             Index Cond: (movie_id = t.id)
                                             Filter: ((info_type_id = 4) AND ((info)::text = ANY ('{Cantonese,Dutch,English,German,Italian,Japanese,Mandarin,Spanish,Tagalog,Turkish}'::text[])))
                                             Rows Removed by Filter: 7
                                             Buffers: shared hit=50468 read=21277
                                 ->  Index Scan using movie_id_cast_info on cast_info ci  (cost=0.44..43.99 rows=38 width=12) (actual time=0.029..0.100 rows=9 loops=7754)
                                       Index Cond: (movie_id = t.id)
                                       Buffers: shared hit=69706 read=22066
                           ->  Hash  (cost=1.15..1.15 rows=1 width=4) (actual time=0.018..0.018 rows=1 loops=1)
                                 Buckets: 1024  Batches: 1  Memory Usage: 9kB
                                 Buffers: shared hit=1
                                 ->  Seq Scan on role_type rt  (cost=0.00..1.15 rows=1 width=4) (actual time=0.010..0.011 rows=1 loops=1)
                                       Filter: ((role)::text = 'production designer'::text)
                                       Rows Removed by Filter: 11
                                       Buffers: shared hit=1
                     ->  Index Scan using name_pkey on name n  (cost=0.43..2.32 rows=1 width=4) (actual time=0.040..0.040 rows=0 loops=381)
                           Index Cond: (id = ci.person_id)
                           Filter: ((gender)::text = 'm'::text)
                           Rows Removed by Filter: 1
                           Buffers: shared hit=1365 read=159
 Planning:
   Buffers: shared hit=487 read=90
 Planning Time: 13.713 ms
 Execution Time: 2117.111 ms
(76 rows)

