                                                                                               QUERY PLAN                                                                                               
--------------------------------------------------------------------------------------------------------------------------------------------------------------------------------------------------------
 Aggregate  (cost=560476.95..560476.96 rows=1 width=8) (actual time=7453.081..7453.089 rows=1 loops=1)
   Buffers: shared hit=682869 read=87851
   ->  Nested Loop  (cost=13060.76..560476.92 rows=11 width=0) (actual time=42.340..7452.187 rows=2871 loops=1)
         Buffers: shared hit=682869 read=87851
         ->  Hash Join  (cost=13060.33..560437.49 rows=17 width=4) (actual time=40.322..7055.637 rows=11719 loops=1)
               Hash Cond: (ci.role_id = rt.id)
               Buffers: shared hit=639925 read=83919
               ->  Nested Loop  (cost=13059.16..560435.97 rows=100 width=8) (actual time=39.009..7022.973 rows=199553 loops=1)
                     Buffers: shared hit=639924 read=83919
                     ->  Nested Loop  (cost=13058.72..560130.35 rows=7 width=12) (actual time=38.892..4855.727 rows=12841 loops=1)
                           Buffers: shared hit=440185 read=54803
                           ->  Seq Scan on info_type it2  (cost=0.00..2.41 rows=1 width=4) (actual time=0.032..0.042 rows=1 loops=1)
                                 Filter: (id = 4)
                                 Rows Removed by Filter: 112
                                 Buffers: shared hit=1
                           ->  Nested Loop  (cost=13058.72..560127.87 rows=7 width=16) (actual time=38.858..4852.668 rows=12841 loops=1)
                                 Buffers: shared hit=440184 read=54803
                                 ->  Seq Scan on info_type it1  (cost=0.00..2.41 rows=1 width=4) (actual time=0.007..0.018 rows=1 loops=1)
                                       Filter: (id = 8)
                                       Rows Removed by Filter: 112
                                       Buffers: shared hit=1
                                 ->  Nested Loop  (cost=13058.72..560125.38 rows=7 width=20) (actual time=38.849..4849.753 rows=12841 loops=1)
                                       Buffers: shared hit=440183 read=54803
                                       ->  Hash Join  (cost=13058.28..469189.14 rows=2144 width=12) (actual time=38.788..3675.581 rows=15170 loops=1)
                                             Hash Cond: (t.kind_id = kt.id)
                                             Buffers: shared hit=325151 read=33714
                                             ->  Nested Loop  (cost=13057.15..469166.92 rows=5002 width=16) (actual time=38.752..3655.815 rows=84641 loops=1)
                                                   Buffers: shared hit=325150 read=33714
                                                   ->  Bitmap Heap Scan on movie_info mi2  (cost=13056.71..430355.77 rows=5366 width=8) (actual time=38.708..649.042 rows=88005 loops=1)
                                                         Recheck Cond: (info_type_id = 4)
                                                         Filter: ((info)::text = ANY ('{Bengali,Cantonese,Hungarian,Japanese,Persian,Portuguese,Telugu}'::text[]))
                                                         Rows Removed by Filter: 1210984
                                                         Heap Blocks: exact=8393
                                                         Buffers: shared hit=2068 read=7344
                                                         ->  Bitmap Index Scan on info_type_id_movie_info  (cost=0.00..13055.37 rows=1221191 width=0) (actual time=36.262..36.262 rows=1298989 loops=1)
                                                               Index Cond: (info_type_id = 4)
                                                               Buffers: shared hit=1 read=1018
                                                   ->  Memoize  (cost=0.44..7.27 rows=1 width=8) (actual time=0.034..0.034 rows=1 loops=88005)
                                                         Cache Key: mi2.movie_id
                                                         Cache Mode: logical
                                                         Hits: 642  Misses: 87363  Evictions: 8460  Overflows: 0  Memory Usage: 8193kB
                                                         Buffers: shared hit=323082 read=26370
                                                         ->  Index Scan using title_pkey on title t  (cost=0.43..7.26 rows=1 width=8) (actual time=0.033..0.033 rows=1 loops=87363)
                                                               Index Cond: (id = mi2.movie_id)
                                                               Filter: ((production_year <= 2015) AND (1925 < production_year))
                                                               Rows Removed by Filter: 0
                                                               Buffers: shared hit=323082 read=26370
                                             ->  Hash  (cost=1.10..1.10 rows=3 width=4) (actual time=0.017..0.018 rows=3 loops=1)
                                                   Buckets: 1024  Batches: 1  Memory Usage: 9kB
                                                   Buffers: shared hit=1
                                                   ->  Seq Scan on kind_type kt  (cost=0.00..1.10 rows=3 width=4) (actual time=0.008..0.009 rows=3 loops=1)
                                                         Filter: ((kind)::text = ANY ('{"tv movie","tv series","video game"}'::text[]))
                                                         Rows Removed by Filter: 4
                                                         Buffers: shared hit=1
                                       ->  Index Scan using movie_id_movie_info on movie_info mi1  (cost=0.43..42.40 rows=1 width=8) (actual time=0.068..0.077 rows=1 loops=15170)
                                             Index Cond: (movie_id = t.id)
                                             Filter: ((info_type_id = 8) AND ((info)::text = ANY ('{Brazil,"Hong Kong",Hungary,India,Iran,Japan}'::text[])))
                                             Rows Removed by Filter: 7
                                             Buffers: shared hit=115032 read=21089
                     ->  Index Scan using movie_id_cast_info on cast_info ci  (cost=0.44..43.28 rows=38 width=12) (actual time=0.034..0.165 rows=16 loops=12841)
                           Index Cond: (movie_id = t.id)
                           Buffers: shared hit=199739 read=29116
               ->  Hash  (cost=1.15..1.15 rows=2 width=4) (actual time=0.034..0.035 rows=2 loops=1)
                     Buckets: 1024  Batches: 1  Memory Usage: 9kB
                     Buffers: shared hit=1
                     ->  Seq Scan on role_type rt  (cost=0.00..1.15 rows=2 width=4) (actual time=0.027..0.028 rows=2 loops=1)
                           Filter: ((role)::text = ANY ('{director,"production designer"}'::text[]))
                           Rows Removed by Filter: 10
                           Buffers: shared hit=1
         ->  Index Scan using name_pkey on name n  (cost=0.43..2.32 rows=1 width=4) (actual time=0.033..0.033 rows=0 loops=11719)
               Index Cond: (id = ci.person_id)
               Filter: ((gender)::text = ANY ('{f,m}'::text[]))
               Rows Removed by Filter: 1
               Buffers: shared hit=42944 read=3932
 Planning:
   Buffers: shared hit=574
 Planning Time: 13.181 ms
 Execution Time: 7455.370 ms
(78 rows)

