                                                                                            QUERY PLAN                                                                                            
--------------------------------------------------------------------------------------------------------------------------------------------------------------------------------------------------
 Aggregate  (cost=532109.86..532109.87 rows=1 width=8) (actual time=27620.588..27620.598 rows=1 loops=1)
   Buffers: shared hit=2554075 read=236046, temp read=1816 written=1816
   ->  Nested Loop  (cost=94674.63..532109.77 rows=39 width=0) (actual time=658.523..27567.275 rows=319281 loops=1)
         Buffers: shared hit=2554075 read=236046, temp read=1816 written=1816
         ->  Hash Join  (cost=94674.20..531894.05 rows=93 width=4) (actual time=658.498..15253.172 rows=336795 loops=1)
               Hash Cond: (ci.role_id = rt.id)
               Buffers: shared hit=1242476 read=200465, temp read=1816 written=1816
               ->  Nested Loop  (cost=94673.03..531890.89 rows=559 width=8) (actual time=658.437..15027.681 rows=706605 loops=1)
                     Buffers: shared hit=1242475 read=200465, temp read=1816 written=1816
                     ->  Nested Loop  (cost=94672.59..530160.30 rows=39 width=12) (actual time=658.421..7171.526 rows=31142 loops=1)
                           Buffers: shared hit=560385 read=98393, temp read=1816 written=1816
                           ->  Seq Scan on info_type it2  (cost=0.00..2.41 rows=1 width=4) (actual time=0.036..0.047 rows=1 loops=1)
                                 Filter: (id = 4)
                                 Rows Removed by Filter: 112
                                 Buffers: shared hit=1
                           ->  Nested Loop  (cost=94672.59..530157.50 rows=39 width=16) (actual time=658.384..7162.736 rows=31142 loops=1)
                                 Buffers: shared hit=560384 read=98393, temp read=1816 written=1816
                                 ->  Seq Scan on info_type it1  (cost=0.00..2.41 rows=1 width=4) (actual time=0.009..0.022 rows=1 loops=1)
                                       Filter: (id = 8)
                                       Rows Removed by Filter: 112
                                       Buffers: shared hit=1
                                 ->  Nested Loop  (cost=94672.59..530154.70 rows=39 width=20) (actual time=658.371..7154.072 rows=31142 loops=1)
                                       Buffers: shared hit=560383 read=98393, temp read=1816 written=1816
                                       ->  Hash Join  (cost=94672.15..468375.94 rows=1435 width=12) (actual time=657.074..1223.611 rows=65032 loops=1)
                                             Hash Cond: (mi1.movie_id = t.id)
                                             Buffers: shared hit=27413 read=17872, temp read=1816 written=1816
                                             ->  Bitmap Heap Scan on movie_info mi1  (cost=14215.42..386810.72 rows=15503 width=8) (actual time=36.444..409.527 rows=175112 loops=1)
                                                   Recheck Cond: (info_type_id = 8)
                                                   Filter: ((info)::text = ANY ('{Albania,Belgium,Bulgaria,China,France,Hungary,India,Italy,Romania,"Soviet Union","West Germany"}'::text[]))
                                                   Rows Removed by Filter: 1150249
                                                   Heap Blocks: exact=7853
                                                   Buffers: shared hit=1995 read=6898
                                                   ->  Bitmap Index Scan on info_type_id_movie_info  (cost=0.00..14211.52 rows=1329478 width=0) (actual time=35.472..35.472 rows=1325361 loops=1)
                                                         Index Cond: (info_type_id = 8)
                                                         Buffers: shared read=1040
                                             ->  Hash  (cost=76617.93..76617.93 rows=233984 width=4) (actual time=618.684..618.688 rows=504538 loops=1)
                                                   Buckets: 262144 (originally 262144)  Batches: 4 (originally 2)  Memory Usage: 6483kB
                                                   Buffers: shared hit=25418 read=10974, temp written=1107
                                                   ->  Hash Join  (cost=1.13..76617.93 rows=233984 width=4) (actual time=0.039..524.656 rows=504538 loops=1)
                                                         Hash Cond: (t.kind_id = kt.id)
                                                         Buffers: shared hit=25418 read=10974
                                                         ->  Seq Scan on title t  (cost=0.00..74315.95 rows=545963 width=8) (actual time=0.021..446.392 rows=538239 loops=1)
                                                               Filter: ((production_year <= 1990) AND (1950 < production_year))
                                                               Rows Removed by Filter: 1990073
                                                               Buffers: shared hit=25417 read=10974
                                                         ->  Hash  (cost=1.10..1.10 rows=3 width=4) (actual time=0.015..0.016 rows=3 loops=1)
                                                               Buckets: 1024  Batches: 1  Memory Usage: 9kB
                                                               Buffers: shared hit=1
                                                               ->  Seq Scan on kind_type kt  (cost=0.00..1.10 rows=3 width=4) (actual time=0.007..0.009 rows=3 loops=1)
                                                                     Filter: ((kind)::text = ANY ('{episode,movie,"tv movie"}'::text[]))
                                                                     Rows Removed by Filter: 4
                                                                     Buffers: shared hit=1
                                       ->  Index Scan using movie_id_movie_info on movie_info mi2  (cost=0.43..43.04 rows=1 width=8) (actual time=0.062..0.091 rows=0 loops=65032)
                                             Index Cond: (movie_id = t.id)
                                             Filter: ((info_type_id = 4) AND ((info)::text = ANY ('{Albanian,Bulgarian,English,French,Georgian,Hungarian,Italian,Mandarin,Romanian}'::text[])))
                                             Rows Removed by Filter: 9
                                             Buffers: shared hit=532970 read=80521
                     ->  Index Scan using movie_id_cast_info on cast_info ci  (cost=0.44..43.99 rows=38 width=12) (actual time=0.038..0.245 rows=23 loops=31142)
                           Index Cond: (movie_id = t.id)
                           Buffers: shared hit=682090 read=102072
               ->  Hash  (cost=1.15..1.15 rows=2 width=4) (actual time=0.034..0.035 rows=2 loops=1)
                     Buckets: 1024  Batches: 1  Memory Usage: 9kB
                     Buffers: shared hit=1
                     ->  Seq Scan on role_type rt  (cost=0.00..1.15 rows=2 width=4) (actual time=0.024..0.028 rows=2 loops=1)
                           Filter: ((role)::text = ANY ('{actor,cinematographer}'::text[]))
                           Rows Removed by Filter: 10
                           Buffers: shared hit=1
         ->  Index Scan using name_pkey on name n  (cost=0.43..2.32 rows=1 width=4) (actual time=0.036..0.036 rows=1 loops=336795)
               Index Cond: (id = ci.person_id)
               Filter: ((gender)::text = 'm'::text)
               Rows Removed by Filter: 0
               Buffers: shared hit=1311599 read=35581
 Planning:
   Buffers: shared hit=531 read=46
 Planning Time: 13.117 ms
 Execution Time: 27621.262 ms
(76 rows)

