                                                                                                           QUERY PLAN                                                                                                           
--------------------------------------------------------------------------------------------------------------------------------------------------------------------------------------------------------------------------------
 Aggregate  (cost=962703.42..962703.43 rows=1 width=8) (actual time=166049.905..166049.913 rows=1 loops=1)
   Buffers: shared hit=15258475 read=1917369, temp read=9188 written=9139
   ->  Nested Loop  (cost=888538.91..962702.78 rows=257 width=0) (actual time=1041.222..165958.142 rows=437873 loops=1)
         Buffers: shared hit=15258475 read=1917369, temp read=9188 written=9139
         ->  Seq Scan on info_type it2  (cost=0.00..2.41 rows=1 width=4) (actual time=0.046..0.057 rows=1 loops=1)
               Filter: (id = 4)
               Rows Removed by Filter: 112
               Buffers: shared hit=1
         ->  Nested Loop  (cost=888538.91..962697.80 rows=257 width=4) (actual time=1041.174..165851.189 rows=437873 loops=1)
               Buffers: shared hit=15258474 read=1917369, temp read=9188 written=9139
               ->  Seq Scan on info_type it1  (cost=0.00..2.41 rows=1 width=4) (actual time=0.009..0.021 rows=1 loops=1)
                     Filter: (id = 8)
                     Rows Removed by Filter: 112
                     Buffers: shared hit=1
               ->  Nested Loop  (cost=888538.91..962692.81 rows=257 width=8) (actual time=1041.164..165747.670 rows=437873 loops=1)
                     Buffers: shared hit=15258473 read=1917369, temp read=9188 written=9139
                     ->  Hash Join  (cost=888538.48..961273.27 rows=612 width=12) (actual time=1041.098..135138.227 rows=820467 loops=1)
                           Hash Cond: (ci.role_id = rt.id)
                           Buffers: shared hit=12220532 read=1673442, temp read=9188 written=9139
                           ->  Nested Loop  (cost=888537.31..961246.03 rows=7339 width=16) (actual time=1040.901..133081.252 rows=10291466 loops=1)
                                 Buffers: shared hit=12220531 read=1673442, temp read=9188 written=9139
                                 ->  Nested Loop  (cost=888536.87..938892.28 rows=512 width=20) (actual time=1040.880..24831.217 rows=419242 loops=1)
                                       Buffers: shared hit=2571988 read=54029, temp read=9188 written=9139
                                       ->  Nested Loop  (cost=888536.73..938847.73 rows=1791 width=24) (actual time=1040.781..24329.094 rows=605201 loops=1)
                                             Join Filter: (t.id = mi1.movie_id)
                                             Buffers: shared hit=2571977 read=54028, temp read=9188 written=9139
                                             ->  Merge Join  (cost=888536.30..889375.13 rows=14133 width=16) (actual time=1040.717..1943.874 rows=651925 loops=1)
                                                   Merge Cond: (mi1.movie_id = mi2.movie_id)
                                                   Buffers: shared hit=8172 read=10133, temp read=9188 written=9139
                                                   ->  Sort  (cost=392203.91..392371.69 rows=67110 width=8) (actual time=442.751..588.227 rows=748061 loops=1)
                                                         Sort Key: mi1.movie_id
                                                         Sort Method: external sort  Disk: 16168kB
                                                         Buffers: shared hit=4255 read=4638, temp read=4034 written=4044
                                                         ->  Bitmap Heap Scan on movie_info mi1  (cost=14228.33..386823.63 rows=67110 width=8) (actual time=38.402..260.321 rows=748061 loops=1)
                                                               Recheck Cond: (info_type_id = 8)
                                                               Filter: ((info)::text = ANY ('{Australia,"Czech Republic",Czechoslovakia,Denmark,France,Hungary,Israel,Norway,Poland,Spain,Turkey,USA,"West Germany"}'::text[]))
                                                               Rows Removed by Filter: 577300
                                                               Heap Blocks: exact=7853
                                                               Buffers: shared hit=4255 read=4638
                                                               ->  Bitmap Index Scan on info_type_id_movie_info  (cost=0.00..14211.52 rows=1329478 width=0) (actual time=37.419..37.419 rows=1325361 loops=1)
                                                                     Index Cond: (info_type_id = 8)
                                                                     Buffers: shared read=1040
                                                   ->  Sort  (cost=496332.39..496513.36 rows=72390 width=8) (actual time=597.958..836.986 rows=954309 loops=1)
                                                         Sort Key: mi2.movie_id
                                                         Sort Method: external sort  Disk: 20368kB
                                                         Buffers: shared hit=3917 read=5495, temp read=5118 written=5095
                                                         ->  Bitmap Heap Scan on movie_info mi2  (cost=13073.46..490489.25 rows=72390 width=8) (actual time=30.527..368.805 rows=942338 loops=1)
                                                               Recheck Cond: (info_type_id = 4)
                                                               Filter: ((info)::text = ANY ('{Catalan,Czech,Danish,English,French,German,Hebrew,Hungarian,Norwegian,Polish,Turkish}'::text[]))
                                                               Rows Removed by Filter: 356651
                                                               Heap Blocks: exact=8393
                                                               Buffers: shared hit=3917 read=5495
                                                               ->  Bitmap Index Scan on info_type_id_movie_info  (cost=0.00..13055.37 rows=1221191 width=0) (actual time=29.471..29.471 rows=1298989 loops=1)
                                                                     Index Cond: (info_type_id = 4)
                                                                     Buffers: shared hit=1 read=1018
                                             ->  Index Scan using title_pkey on title t  (cost=0.43..3.49 rows=1 width=8) (actual time=0.034..0.034 rows=1 loops=651925)
                                                   Index Cond: (id = mi2.movie_id)
                                                   Filter: ((production_year <= 2015) AND (1925 < production_year))
                                                   Rows Removed by Filter: 0
                                                   Buffers: shared hit=2563805 read=43895
                                       ->  Memoize  (cost=0.14..0.16 rows=1 width=4) (actual time=0.000..0.000 rows=1 loops=605201)
                                             Cache Key: t.kind_id
                                             Cache Mode: logical
                                             Hits: 605195  Misses: 6  Evictions: 0  Overflows: 0  Memory Usage: 1kB
                                             Buffers: shared hit=11 read=1
                                             ->  Index Scan using kind_type_pkey on kind_type kt  (cost=0.13..0.15 rows=1 width=4) (actual time=0.013..0.013 rows=0 loops=6)
                                                   Index Cond: (id = t.kind_id)
                                                   Filter: ((kind)::text = ANY ('{episode,movie}'::text[]))
                                                   Rows Removed by Filter: 1
                                                   Buffers: shared hit=11 read=1
                                 ->  Index Scan using movie_id_cast_info on cast_info ci  (cost=0.44..43.28 rows=38 width=12) (actual time=0.035..0.251 rows=25 loops=419242)
                                       Index Cond: (movie_id = t.id)
                                       Buffers: shared hit=9648543 read=1619413
                           ->  Hash  (cost=1.15..1.15 rows=1 width=4) (actual time=0.025..0.026 rows=1 loops=1)
                                 Buckets: 1024  Batches: 1  Memory Usage: 9kB
                                 Buffers: shared hit=1
                                 ->  Seq Scan on role_type rt  (cost=0.00..1.15 rows=1 width=4) (actual time=0.013..0.014 rows=1 loops=1)
                                       Filter: ((role)::text = 'writer'::text)
                                       Rows Removed by Filter: 11
                                       Buffers: shared hit=1
                     ->  Index Scan using name_pkey on name n  (cost=0.43..2.32 rows=1 width=4) (actual time=0.037..0.037 rows=1 loops=820467)
                           Index Cond: (id = ci.person_id)
                           Filter: ((gender)::text = 'm'::text)
                           Rows Removed by Filter: 0
                           Buffers: shared hit=3037941 read=243927
 Planning:
   Buffers: shared hit=486 read=91
 Planning Time: 14.593 ms
 Execution Time: 166060.028 ms
(89 rows)

