                                                                                               QUERY PLAN                                                                                               
--------------------------------------------------------------------------------------------------------------------------------------------------------------------------------------------------------
 Aggregate  (cost=701181.05..701181.06 rows=1 width=8) (actual time=12114.047..12114.055 rows=1 loops=1)
   Buffers: shared hit=1075960 read=176790
   ->  Nested Loop  (cost=14219.83..701180.87 rows=72 width=0) (actual time=36.394..12112.364 rows=5117 loops=1)
         Buffers: shared hit=1075960 read=176790
         ->  Seq Scan on info_type it2  (cost=0.00..2.41 rows=1 width=4) (actual time=0.037..0.047 rows=1 loops=1)
               Filter: (id = 4)
               Rows Removed by Filter: 112
               Buffers: shared read=1
         ->  Nested Loop  (cost=14219.83..701177.74 rows=72 width=4) (actual time=36.356..12111.126 rows=5117 loops=1)
               Buffers: shared hit=1075960 read=176789
               ->  Seq Scan on info_type it1  (cost=0.00..2.41 rows=1 width=4) (actual time=0.007..0.020 rows=1 loops=1)
                     Filter: (id = 8)
                     Rows Removed by Filter: 112
                     Buffers: shared hit=1
               ->  Nested Loop  (cost=14219.83..701174.61 rows=72 width=8) (actual time=36.346..12109.821 rows=5117 loops=1)
                     Buffers: shared hit=1075959 read=176789
                     ->  Hash Join  (cost=14219.40..700775.65 rows=172 width=12) (actual time=36.301..11669.035 rows=11820 loops=1)
                           Hash Cond: (ci.role_id = rt.id)
                           Buffers: shared hit=1036352 read=169116
                           ->  Nested Loop  (cost=14218.24..700767.16 rows=2064 width=16) (actual time=36.156..11624.696 rows=246730 loops=1)
                                 Buffers: shared hit=1036351 read=169116
                                 ->  Nested Loop  (cost=14217.80..694469.24 rows=144 width=20) (actual time=36.132..8654.464 rows=16410 loops=1)
                                       Buffers: shared hit=824403 read=92120
                                       ->  Hash Join  (cost=14217.37..480862.35 rows=5018 width=12) (actual time=35.997..7058.282 rows=18567 loops=1)
                                             Hash Cond: (t.kind_id = kt.id)
                                             Buffers: shared hit=697241 read=46905
                                             ->  Nested Loop  (cost=14216.23..480811.87 rows=11708 width=16) (actual time=35.960..7027.111 rows=119422 loops=1)
                                                   Buffers: shared hit=697240 read=46905
                                                   ->  Bitmap Heap Scan on movie_info mi1  (cost=14215.79..386811.09 rows=16986 width=8) (actual time=35.929..445.392 rows=187457 loops=1)
                                                         Recheck Cond: (info_type_id = 8)
                                                         Filter: ((info)::text = ANY ('{Australia,Belgium,Finland,Italy,Netherlands,"New Zealand",Philippines,Portugal,Spain,Sweden}'::text[]))
                                                         Rows Removed by Filter: 1137904
                                                         Heap Blocks: exact=7853
                                                         Buffers: shared hit=7 read=8886
                                                         ->  Bitmap Index Scan on info_type_id_movie_info  (cost=0.00..14211.52 rows=1329478 width=0) (actual time=34.962..34.962 rows=1325361 loops=1)
                                                               Index Cond: (info_type_id = 8)
                                                               Buffers: shared read=1040
                                                   ->  Memoize  (cost=0.44..5.65 rows=1 width=8) (actual time=0.035..0.035 rows=1 loops=187457)
                                                         Cache Key: mi1.movie_id
                                                         Cache Mode: logical
                                                         Hits: 3644  Misses: 183813  Evictions: 89747  Overflows: 0  Memory Usage: 8193kB
                                                         Buffers: shared hit=697233 read=38019
                                                         ->  Index Scan using title_pkey on title t  (cost=0.43..5.64 rows=1 width=8) (actual time=0.034..0.034 rows=1 loops=183813)
                                                               Index Cond: (id = mi1.movie_id)
                                                               Filter: ((production_year <= 2015) AND (1990 < production_year))
                                                               Rows Removed by Filter: 0
                                                               Buffers: shared hit=697233 read=38019
                                             ->  Hash  (cost=1.10..1.10 rows=3 width=4) (actual time=0.017..0.018 rows=3 loops=1)
                                                   Buckets: 1024  Batches: 1  Memory Usage: 9kB
                                                   Buffers: shared hit=1
                                                   ->  Seq Scan on kind_type kt  (cost=0.00..1.10 rows=3 width=4) (actual time=0.010..0.012 rows=3 loops=1)
                                                         Filter: ((kind)::text = ANY ('{"tv movie","tv series","video game"}'::text[]))
                                                         Rows Removed by Filter: 4
                                                         Buffers: shared hit=1
                                       ->  Index Scan using movie_id_movie_info on movie_info mi2  (cost=0.43..42.56 rows=1 width=8) (actual time=0.058..0.085 rows=1 loops=18567)
                                             Index Cond: (movie_id = t.id)
                                             Filter: ((info_type_id = 4) AND ((info)::text = ANY ('{Dutch,English,Filipino,Finnish,Portuguese,Spanish,Swedish,Tagalog}'::text[])))
                                             Rows Removed by Filter: 7
                                             Buffers: shared hit=127162 read=45215
                                 ->  Index Scan using movie_id_cast_info on cast_info ci  (cost=0.44..43.36 rows=38 width=12) (actual time=0.039..0.177 rows=15 loops=16410)
                                       Index Cond: (movie_id = t.id)
                                       Buffers: shared hit=211948 read=76996
                           ->  Hash  (cost=1.15..1.15 rows=1 width=4) (actual time=0.014..0.015 rows=1 loops=1)
                                 Buckets: 1024  Batches: 1  Memory Usage: 9kB
                                 Buffers: shared hit=1
                                 ->  Seq Scan on role_type rt  (cost=0.00..1.15 rows=1 width=4) (actual time=0.008..0.009 rows=1 loops=1)
                                       Filter: ((role)::text = 'director'::text)
                                       Rows Removed by Filter: 11
                                       Buffers: shared hit=1
                     ->  Index Scan using name_pkey on name n  (cost=0.43..2.32 rows=1 width=4) (actual time=0.037..0.037 rows=0 loops=11820)
                           Index Cond: (id = ci.person_id)
                           Filter: ((gender)::text = 'm'::text)
                           Rows Removed by Filter: 1
                           Buffers: shared hit=39607 read=7673
 Planning:
   Buffers: shared hit=487 read=90
 Planning Time: 13.397 ms
 Execution Time: 12116.711 ms
(78 rows)

