                                                                                                 QUERY PLAN                                                                                                 
------------------------------------------------------------------------------------------------------------------------------------------------------------------------------------------------------------
 Aggregate  (cost=454854.48..454854.49 rows=1 width=8) (actual time=319.029..319.035 rows=1 loops=1)
   Buffers: shared hit=13189 read=4901
   ->  Nested Loop  (cost=64384.10..454854.45 rows=12 width=0) (actual time=204.999..319.028 rows=2 loops=1)
         Buffers: shared hit=13189 read=4901
         ->  Hash Join  (cost=64383.67..454787.19 rows=29 width=4) (actual time=190.850..318.555 rows=19 loops=1)
               Hash Cond: (ci.role_id = rt.id)
               Buffers: shared hit=13147 read=4867
               ->  Nested Loop  (cost=64382.50..454785.40 rows=172 width=8) (actual time=190.785..318.472 rows=39 loops=1)
                     Buffers: shared hit=13146 read=4867
                     ->  Nested Loop  (cost=64382.06..454252.92 rows=12 width=12) (actual time=180.468..317.559 rows=41 loops=1)
                           Buffers: shared hit=13035 read=4816
                           ->  Seq Scan on info_type it2  (cost=0.00..2.41 rows=1 width=4) (actual time=0.023..0.028 rows=1 loops=1)
                                 Filter: (id = 4)
                                 Rows Removed by Filter: 112
                                 Buffers: shared hit=1
                           ->  Nested Loop  (cost=64382.06..454250.38 rows=12 width=16) (actual time=180.443..317.515 rows=41 loops=1)
                                 Buffers: shared hit=13034 read=4816
                                 ->  Seq Scan on info_type it1  (cost=0.00..2.41 rows=1 width=4) (actual time=0.009..0.015 rows=1 loops=1)
                                       Filter: (id = 8)
                                       Rows Removed by Filter: 112
                                       Buffers: shared hit=1
                                 ->  Nested Loop  (cost=64382.06..454247.85 rows=12 width=20) (actual time=180.431..317.487 rows=41 loops=1)
                                       Buffers: shared hit=13033 read=4816
                                       ->  Hash Join  (cost=64381.62..437029.45 rows=399 width=12) (actual time=172.947..313.020 rows=137 loops=1)
                                             Hash Cond: (mi1.movie_id = t.id)
                                             Buffers: shared hit=12250 read=4559
                                             ->  Bitmap Heap Scan on movie_info mi1  (cost=14214.78..386810.08 rows=12943 width=8) (actual time=36.792..215.450 rows=159058 loops=1)
                                                   Recheck Cond: (info_type_id = 8)
                                                   Filter: ((info)::text = ANY ('{Austria,Belgium,China,France,Hungary,India,Norway,Portugal,Sweden,"West Germany"}'::text[]))
                                                   Rows Removed by Filter: 1166303
                                                   Heap Blocks: exact=7853
                                                   Buffers: shared hit=4359 read=4534
                                                   ->  Bitmap Index Scan on info_type_id_movie_info  (cost=0.00..14211.52 rows=1329478 width=0) (actual time=35.788..35.788 rows=1325361 loops=1)
                                                         Index Cond: (info_type_id = 8)
                                                         Buffers: shared read=1040
                                             ->  Hash  (cost=49191.91..49191.91 rows=77995 width=4) (actual time=80.372..80.374 rows=3914 loops=1)
                                                   Buckets: 131072  Batches: 1  Memory Usage: 1162kB
                                                   Buffers: shared hit=7891 read=25
                                                   ->  Nested Loop  (cost=4515.59..49191.91 rows=77995 width=4) (actual time=2.575..79.578 rows=3914 loops=1)
                                                         Buffers: shared hit=7891 read=25
                                                         ->  Seq Scan on kind_type kt  (cost=0.00..1.09 rows=1 width=4) (actual time=0.008..0.010 rows=1 loops=1)
                                                               Filter: ((kind)::text = 'video game'::text)
                                                               Rows Removed by Filter: 6
                                                               Buffers: shared hit=1
                                                         ->  Bitmap Heap Scan on title t  (cost=4515.59..48280.88 rows=90994 width=8) (actual time=2.562..79.233 rows=3914 loops=1)
                                                               Recheck Cond: (kind_id = kt.id)
                                                               Filter: ((production_year <= 1990) AND (1950 < production_year))
                                                               Rows Removed by Filter: 8686
                                                               Heap Blocks: exact=7903
                                                               Buffers: shared hit=7890 read=25
                                                               ->  Bitmap Index Scan on kind_id_title  (cost=0.00..4492.84 rows=421388 width=0) (actual time=1.556..1.556 rows=12600 loops=1)
                                                                     Index Cond: (kind_id = kt.id)
                                                                     Buffers: shared read=12
                                       ->  Index Scan using movie_id_movie_info on movie_info mi2  (cost=0.43..43.14 rows=1 width=8) (actual time=0.025..0.032 rows=0 loops=137)
                                             Index Cond: (movie_id = t.id)
                                             Filter: ((info_type_id = 4) AND ((info)::text = ANY ('{Dutch,English,French,German,Hungarian,Italian,Mandarin,Norwegian,Portuguese,Swedish,Telugu}'::text[])))
                                             Rows Removed by Filter: 5
                                             Buffers: shared hit=783 read=257
                     ->  Index Scan using movie_id_cast_info on cast_info ci  (cost=0.44..43.99 rows=38 width=12) (actual time=0.017..0.022 rows=1 loops=41)
                           Index Cond: (movie_id = t.id)
                           Buffers: shared hit=111 read=51
               ->  Hash  (cost=1.15..1.15 rows=2 width=4) (actual time=0.036..0.036 rows=2 loops=1)
                     Buckets: 1024  Batches: 1  Memory Usage: 9kB
                     Buffers: shared hit=1
                     ->  Seq Scan on role_type rt  (cost=0.00..1.15 rows=2 width=4) (actual time=0.027..0.029 rows=2 loops=1)
                           Filter: ((role)::text = ANY ('{"miscellaneous crew",writer}'::text[]))
                           Rows Removed by Filter: 10
                           Buffers: shared hit=1
         ->  Index Scan using name_pkey on name n  (cost=0.43..2.32 rows=1 width=4) (actual time=0.024..0.024 rows=0 loops=19)
               Index Cond: (id = ci.person_id)
               Filter: ((gender)::text = 'm'::text)
               Rows Removed by Filter: 1
               Buffers: shared hit=42 read=34
 Planning:
   Buffers: shared hit=506 read=71
 Planning Time: 13.478 ms
 Execution Time: 319.647 ms
(77 rows)

