                                                                                               QUERY PLAN                                                                                               
--------------------------------------------------------------------------------------------------------------------------------------------------------------------------------------------------------
 Aggregate  (cost=398383.19..398383.20 rows=1 width=8) (actual time=4358.835..4358.841 rows=1 loops=1)
   Buffers: shared hit=399243 read=52927
   ->  Nested Loop  (cost=14216.07..398383.19 rows=1 width=0) (actual time=39.992..4357.043 rows=8772 loops=1)
         Buffers: shared hit=399243 read=52927
         ->  Hash Join  (cost=14215.64..398378.55 rows=2 width=4) (actual time=39.952..3728.777 rows=17180 loops=1)
               Hash Cond: (ci.role_id = rt.id)
               Buffers: shared hit=335860 read=47590
               ->  Nested Loop  (cost=14214.47..398377.33 rows=14 width=8) (actual time=39.339..3695.641 rows=185825 loops=1)
                     Buffers: shared hit=335859 read=47590
                     ->  Nested Loop  (cost=14214.03..398333.59 rows=1 width=12) (actual time=39.301..1888.323 rows=7147 loops=1)
                           Buffers: shared hit=149904 read=28164
                           ->  Nested Loop  (cost=14214.03..398331.17 rows=1 width=16) (actual time=39.296..1747.426 rows=7147 loops=1)
                                 Buffers: shared hit=142757 read=28164
                                 ->  Nested Loop  (cost=14214.03..398328.75 rows=1 width=20) (actual time=39.280..1612.673 rows=7147 loops=1)
                                       Buffers: shared hit=135610 read=28164
                                       ->  Hash Join  (cost=14213.59..372887.85 rows=602 width=12) (actual time=39.234..982.277 rows=8204 loops=1)
                                             Hash Cond: (t.kind_id = kt.id)
                                             Buffers: shared hit=73621 read=15265
                                             ->  Nested Loop  (cost=14212.46..372880.79 rows=1405 width=16) (actual time=36.671..978.115 rows=11299 loops=1)
                                                   Buffers: shared hit=73620 read=15265
                                                   ->  Bitmap Heap Scan on movie_info mi1  (cost=14212.03..356694.14 rows=2039 width=8) (actual time=36.636..360.130 rows=19998 loops=1)
                                                         Recheck Cond: (info_type_id = 8)
                                                         Filter: ((info)::text = ANY ('{Greece,Portugal}'::text[]))
                                                         Rows Removed by Filter: 1305363
                                                         Heap Blocks: exact=7853
                                                         Buffers: shared hit=753 read=8140
                                                         ->  Bitmap Index Scan on info_type_id_movie_info  (cost=0.00..14211.52 rows=1329478 width=0) (actual time=35.615..35.615 rows=1325361 loops=1)
                                                               Index Cond: (info_type_id = 8)
                                                               Buffers: shared read=1040
                                                   ->  Index Scan using title_pkey on title t  (cost=0.43..7.94 rows=1 width=8) (actual time=0.030..0.030 rows=1 loops=19998)
                                                         Index Cond: (id = mi1.movie_id)
                                                         Filter: ((production_year <= 2015) AND (1990 < production_year))
                                                         Rows Removed by Filter: 0
                                                         Buffers: shared hit=72867 read=7125
                                             ->  Hash  (cost=1.10..1.10 rows=3 width=4) (actual time=0.021..0.022 rows=3 loops=1)
                                                   Buckets: 1024  Batches: 1  Memory Usage: 9kB
                                                   Buffers: shared hit=1
                                                   ->  Seq Scan on kind_type kt  (cost=0.00..1.10 rows=3 width=4) (actual time=0.009..0.011 rows=3 loops=1)
                                                         Filter: ((kind)::text = ANY ('{episode,movie,"video movie"}'::text[]))
                                                         Rows Removed by Filter: 4
                                                         Buffers: shared hit=1
                                       ->  Index Scan using movie_id_movie_info on movie_info mi2  (cost=0.43..42.25 rows=1 width=8) (actual time=0.043..0.076 rows=1 loops=8204)
                                             Index Cond: (movie_id = t.id)
                                             Filter: (((info)::text = ANY ('{Greek,Portuguese}'::text[])) AND (info_type_id = 4))
                                             Rows Removed by Filter: 7
                                             Buffers: shared hit=61989 read=12899
                                 ->  Seq Scan on info_type it1  (cost=0.00..2.41 rows=1 width=4) (actual time=0.010..0.017 rows=1 loops=7147)
                                       Filter: (id = 8)
                                       Rows Removed by Filter: 112
                                       Buffers: shared hit=7147
                           ->  Seq Scan on info_type it2  (cost=0.00..2.41 rows=1 width=4) (actual time=0.010..0.018 rows=1 loops=7147)
                                 Filter: (id = 4)
                                 Rows Removed by Filter: 112
                                 Buffers: shared hit=7147
                     ->  Index Scan using movie_id_cast_info on cast_info ci  (cost=0.44..43.36 rows=38 width=12) (actual time=0.033..0.246 rows=26 loops=7147)
                           Index Cond: (movie_id = t.id)
                           Buffers: shared hit=185955 read=19426
               ->  Hash  (cost=1.15..1.15 rows=2 width=4) (actual time=0.035..0.036 rows=2 loops=1)
                     Buckets: 1024  Batches: 1  Memory Usage: 9kB
                     Buffers: shared hit=1
                     ->  Seq Scan on role_type rt  (cost=0.00..1.15 rows=2 width=4) (actual time=0.027..0.029 rows=2 loops=1)
                           Filter: ((role)::text = ANY ('{composer,"miscellaneous crew"}'::text[]))
                           Rows Removed by Filter: 10
                           Buffers: shared hit=1
         ->  Index Scan using name_pkey on name n  (cost=0.43..2.32 rows=1 width=4) (actual time=0.036..0.036 rows=1 loops=17180)
               Index Cond: (id = ci.person_id)
               Filter: ((gender)::text = ANY ('{f,m}'::text[]))
               Rows Removed by Filter: 0
               Buffers: shared hit=63383 read=5337
 Planning:
   Buffers: shared hit=519 read=55
 Planning Time: 13.385 ms
 Execution Time: 4359.453 ms
(73 rows)

