                                                                                               QUERY PLAN                                                                                               
--------------------------------------------------------------------------------------------------------------------------------------------------------------------------------------------------------
 Aggregate  (cost=445511.33..445511.34 rows=1 width=8) (actual time=10187.883..10187.889 rows=1 loops=1)
   Buffers: shared hit=970620 read=90032
   ->  Nested Loop  (cost=13060.54..445511.33 rows=1 width=0) (actual time=60.826..10186.769 rows=3520 loops=1)
         Buffers: shared hit=970620 read=90032
         ->  Hash Join  (cost=13060.11..445509.01 rows=1 width=4) (actual time=60.717..9870.825 rows=8855 loops=1)
               Hash Cond: (ci.role_id = rt.id)
               Buffers: shared hit=937854 read=87378
               ->  Nested Loop  (cost=13058.95..445507.80 rows=14 width=8) (actual time=60.480..9820.033 rows=308961 loops=1)
                     Buffers: shared hit=937853 read=87378
                     ->  Nested Loop  (cost=13058.51..445462.92 rows=1 width=12) (actual time=60.401..6530.091 rows=18897 loops=1)
                           Buffers: shared hit=613312 read=49413
                           ->  Nested Loop  (cost=13058.51..445460.50 rows=1 width=16) (actual time=60.385..6131.888 rows=18897 loops=1)
                                 Buffers: shared hit=594415 read=49413
                                 ->  Nested Loop  (cost=13058.51..445458.08 rows=1 width=20) (actual time=60.350..5733.028 rows=18897 loops=1)
                                       Buffers: shared hit=575518 read=49413
                                       ->  Hash Join  (cost=13058.07..433740.12 rows=271 width=12) (actual time=47.290..3630.905 rows=24323 loops=1)
                                             Hash Cond: (t.kind_id = kt.id)
                                             Buffers: shared hit=360488 read=24053
                                             ->  Nested Loop  (cost=13056.94..433736.33 rows=632 width=16) (actual time=38.372..3619.303 rows=25444 loops=1)
                                                   Buffers: shared hit=360487 read=24053
                                                   ->  Bitmap Heap Scan on movie_info mi2  (cost=13056.50..400297.20 rows=4521 width=8) (actual time=38.322..556.902 rows=94409 loops=1)
                                                         Recheck Cond: (info_type_id = 4)
                                                         Filter: ((info)::text = ANY ('{Czech,Finnish,German,Korean,Tagalog}'::text[]))
                                                         Rows Removed by Filter: 1204580
                                                         Heap Blocks: exact=8393
                                                         Buffers: shared hit=2750 read=6662
                                                         ->  Bitmap Index Scan on info_type_id_movie_info  (cost=0.00..13055.37 rows=1221191 width=0) (actual time=36.070..36.070 rows=1298989 loops=1)
                                                               Index Cond: (info_type_id = 4)
                                                               Buffers: shared hit=1 read=1018
                                                   ->  Memoize  (cost=0.44..7.43 rows=1 width=8) (actual time=0.032..0.032 rows=0 loops=94409)
                                                         Cache Key: mi2.movie_id
                                                         Cache Mode: logical
                                                         Hits: 627  Misses: 93782  Evictions: 0  Overflows: 0  Memory Usage: 7218kB
                                                         Buffers: shared hit=357737 read=17391
                                                         ->  Index Scan using title_pkey on title t  (cost=0.43..7.42 rows=1 width=8) (actual time=0.031..0.031 rows=0 loops=93782)
                                                               Index Cond: (id = mi2.movie_id)
                                                               Filter: ((production_year <= 1975) AND (1925 < production_year))
                                                               Rows Removed by Filter: 1
                                                               Buffers: shared hit=357737 read=17391
                                             ->  Hash  (cost=1.10..1.10 rows=3 width=4) (actual time=0.016..0.017 rows=3 loops=1)
                                                   Buckets: 1024  Batches: 1  Memory Usage: 9kB
                                                   Buffers: shared hit=1
                                                   ->  Seq Scan on kind_type kt  (cost=0.00..1.10 rows=3 width=4) (actual time=0.010..0.012 rows=3 loops=1)
                                                         Filter: ((kind)::text = ANY ('{episode,movie,"tv movie"}'::text[]))
                                                         Rows Removed by Filter: 4
                                                         Buffers: shared hit=1
                                       ->  Index Scan using movie_id_movie_info on movie_info mi1  (cost=0.43..43.23 rows=1 width=8) (actual time=0.081..0.086 rows=1 loops=24323)
                                             Index Cond: (movie_id = t.id)
                                             Filter: ((info_type_id = 8) AND ((info)::text = ANY ('{Czechoslovakia,"East Germany",Finland,Philippines,"South Korea","West Germany"}'::text[])))
                                             Rows Removed by Filter: 10
                                             Buffers: shared hit=215030 read=25360
                                 ->  Seq Scan on info_type it1  (cost=0.00..2.41 rows=1 width=4) (actual time=0.011..0.019 rows=1 loops=18897)
                                       Filter: (id = 8)
                                       Rows Removed by Filter: 112
                                       Buffers: shared hit=18897
                           ->  Seq Scan on info_type it2  (cost=0.00..2.41 rows=1 width=4) (actual time=0.011..0.019 rows=1 loops=18897)
                                 Filter: (id = 4)
                                 Rows Removed by Filter: 112
                                 Buffers: shared hit=18897
                     ->  Index Scan using movie_id_cast_info on cast_info ci  (cost=0.44..44.50 rows=38 width=12) (actual time=0.034..0.170 rows=16 loops=18897)
                           Index Cond: (movie_id = t.id)
                           Buffers: shared hit=324541 read=37965
               ->  Hash  (cost=1.15..1.15 rows=1 width=4) (actual time=0.035..0.036 rows=1 loops=1)
                     Buckets: 1024  Batches: 1  Memory Usage: 9kB
                     Buffers: shared hit=1
                     ->  Seq Scan on role_type rt  (cost=0.00..1.15 rows=1 width=4) (actual time=0.025..0.027 rows=1 loops=1)
                           Filter: ((role)::text = 'producer'::text)
                           Rows Removed by Filter: 11
                           Buffers: shared hit=1
         ->  Index Scan using name_pkey on name n  (cost=0.43..2.32 rows=1 width=4) (actual time=0.035..0.035 rows=0 loops=8855)
               Index Cond: (id = ci.person_id)
               Filter: ((gender)::text = ANY ('{f,m}'::text[]))
               Rows Removed by Filter: 1
               Buffers: shared hit=32766 read=2654
 Planning:
   Buffers: shared hit=574
 Planning Time: 13.152 ms
 Execution Time: 10189.547 ms
(78 rows)

