                                                                                               QUERY PLAN                                                                                               
--------------------------------------------------------------------------------------------------------------------------------------------------------------------------------------------------------
 Aggregate  (cost=437450.23..437450.24 rows=1 width=8) (actual time=1799.629..1799.636 rows=1 loops=1)
   Buffers: shared hit=142061 read=42052
   ->  Nested Loop  (cost=14215.98..437450.22 rows=3 width=0) (actual time=1124.831..1799.627 rows=2 loops=1)
         Buffers: shared hit=142061 read=42052
         ->  Seq Scan on info_type it2  (cost=0.00..2.41 rows=1 width=4) (actual time=0.036..0.044 rows=1 loops=1)
               Filter: (id = 4)
               Rows Removed by Filter: 112
               Buffers: shared read=1
         ->  Nested Loop  (cost=14215.98..437447.78 rows=3 width=4) (actual time=1124.794..1799.580 rows=2 loops=1)
               Buffers: shared hit=142061 read=42051
               ->  Seq Scan on info_type it1  (cost=0.00..2.41 rows=1 width=4) (actual time=0.009..0.020 rows=1 loops=1)
                     Filter: (id = 8)
                     Rows Removed by Filter: 112
                     Buffers: shared hit=1
               ->  Nested Loop  (cost=14215.98..437445.34 rows=3 width=8) (actual time=1124.782..1799.556 rows=2 loops=1)
                     Buffers: shared hit=142060 read=42051
                     ->  Hash Join  (cost=14215.55..437412.86 rows=14 width=12) (actual time=83.309..1795.069 rows=122 loops=1)
                           Hash Cond: (ci.role_id = rt.id)
                           Buffers: shared hit=141763 read=41860
                           ->  Nested Loop  (cost=14214.39..437411.09 rows=172 width=16) (actual time=37.070..1794.355 rows=5316 loops=1)
                                 Buffers: shared hit=141762 read=41860
                                 ->  Nested Loop  (cost=14213.95..436887.18 rows=12 width=20) (actual time=37.039..1733.297 rows=231 loops=1)
                                       Buffers: shared hit=138075 read=39667
                                       ->  Hash Join  (cost=14213.52..416415.67 rows=485 width=12) (actual time=36.869..1376.326 rows=4883 loops=1)
                                             Hash Cond: (t.kind_id = kt.id)
                                             Buffers: shared hit=111931 read=24159
                                             ->  Nested Loop  (cost=14212.40..416407.41 rows=1696 width=16) (actual time=36.824..1371.056 rows=29989 loops=1)
                                                   Buffers: shared hit=111930 read=24159
                                                   ->  Bitmap Heap Scan on movie_info mi1  (cost=14211.97..401863.86 rows=1820 width=8) (actual time=36.791..424.596 rows=31799 loops=1)
                                                         Recheck Cond: (info_type_id = 8)
                                                         Filter: ((info)::text = ANY ('{Brazil,"Czech Republic",Hungary,Switzerland,Thailand}'::text[]))
                                                         Rows Removed by Filter: 1293562
                                                         Heap Blocks: exact=7853
                                                         Buffers: shared hit=3 read=8890
                                                         ->  Bitmap Index Scan on info_type_id_movie_info  (cost=0.00..14211.52 rows=1329478 width=0) (actual time=35.775..35.775 rows=1325361 loops=1)
                                                               Index Cond: (info_type_id = 8)
                                                               Buffers: shared read=1040
                                                   ->  Index Scan using title_pkey on title t  (cost=0.43..7.99 rows=1 width=8) (actual time=0.029..0.029 rows=1 loops=31799)
                                                         Index Cond: (id = mi1.movie_id)
                                                         Filter: ((production_year <= 2015) AND (1925 < production_year))
                                                         Rows Removed by Filter: 0
                                                         Buffers: shared hit=111927 read=15269
                                             ->  Hash  (cost=1.09..1.09 rows=2 width=4) (actual time=0.017..0.018 rows=2 loops=1)
                                                   Buckets: 1024  Batches: 1  Memory Usage: 9kB
                                                   Buffers: shared hit=1
                                                   ->  Seq Scan on kind_type kt  (cost=0.00..1.09 rows=2 width=4) (actual time=0.010..0.011 rows=2 loops=1)
                                                         Filter: ((kind)::text = ANY ('{"tv movie","tv series"}'::text[]))
                                                         Rows Removed by Filter: 5
                                                         Buffers: shared hit=1
                                       ->  Index Scan using movie_id_movie_info on movie_info mi2  (cost=0.43..42.20 rows=1 width=8) (actual time=0.071..0.073 rows=0 loops=4883)
                                             Index Cond: (movie_id = t.id)
                                             Filter: (((info)::text = ANY ('{English,Thai}'::text[])) AND (info_type_id = 4))
                                             Rows Removed by Filter: 7
                                             Buffers: shared hit=26144 read=15508
                                 ->  Index Scan using movie_id_cast_info on cast_info ci  (cost=0.44..43.28 rows=38 width=12) (actual time=0.041..0.259 rows=23 loops=231)
                                       Index Cond: (movie_id = t.id)
                                       Buffers: shared hit=3687 read=2193
                           ->  Hash  (cost=1.15..1.15 rows=1 width=4) (actual time=0.015..0.016 rows=1 loops=1)
                                 Buckets: 1024  Batches: 1  Memory Usage: 9kB
                                 Buffers: shared hit=1
                                 ->  Seq Scan on role_type rt  (cost=0.00..1.15 rows=1 width=4) (actual time=0.009..0.010 rows=1 loops=1)
                                       Filter: ((role)::text = 'composer'::text)
                                       Rows Removed by Filter: 11
                                       Buffers: shared hit=1
                     ->  Index Scan using name_pkey on name n  (cost=0.43..2.32 rows=1 width=4) (actual time=0.036..0.036 rows=0 loops=122)
                           Index Cond: (id = ci.person_id)
                           Filter: ((gender)::text = 'f'::text)
                           Rows Removed by Filter: 1
                           Buffers: shared hit=297 read=191
 Planning:
   Buffers: shared hit=484 read=90
 Planning Time: 14.115 ms
 Execution Time: 1800.168 ms
(73 rows)

