                                                                                               QUERY PLAN                                                                                               
--------------------------------------------------------------------------------------------------------------------------------------------------------------------------------------------------------
 Aggregate  (cost=471395.77..471395.78 rows=1 width=8) (actual time=4765.428..4765.434 rows=1 loops=1)
   Buffers: shared hit=456661 read=35744
   ->  Nested Loop  (cost=13061.03..471395.76 rows=3 width=0) (actual time=38.420..4765.215 rows=689 loops=1)
         Buffers: shared hit=456661 read=35744
         ->  Hash Join  (cost=13060.60..471384.17 rows=5 width=4) (actual time=37.563..4708.536 rows=1560 loops=1)
               Hash Cond: (ci.role_id = rt.id)
               Buffers: shared hit=452156 read=34009
               ->  Nested Loop  (cost=13059.43..471382.89 rows=29 width=8) (actual time=37.492..4705.167 rows=18591 loops=1)
                     Buffers: shared hit=452155 read=34009
                     ->  Nested Loop  (cost=13058.99..471294.15 rows=2 width=12) (actual time=37.297..4444.400 rows=2143 loops=1)
                           Buffers: shared hit=437274 read=24253
                           ->  Seq Scan on info_type it2  (cost=0.00..2.41 rows=1 width=4) (actual time=0.022..0.029 rows=1 loops=1)
                                 Filter: (id = 4)
                                 Rows Removed by Filter: 112
                                 Buffers: shared hit=1
                           ->  Nested Loop  (cost=13058.99..471291.71 rows=2 width=16) (actual time=37.274..4443.888 rows=2143 loops=1)
                                 Buffers: shared hit=437273 read=24253
                                 ->  Seq Scan on info_type it1  (cost=0.00..2.41 rows=1 width=4) (actual time=0.007..0.015 rows=1 loops=1)
                                       Filter: (id = 8)
                                       Rows Removed by Filter: 112
                                       Buffers: shared hit=1
                                 ->  Nested Loop  (cost=13058.99..471289.28 rows=2 width=20) (actual time=37.264..4443.410 rows=2143 loops=1)
                                       Buffers: shared hit=437272 read=24253
                                       ->  Hash Join  (cost=13058.55..445709.98 rows=597 width=12) (actual time=37.212..4247.701 rows=2583 loops=1)
                                             Hash Cond: (t.kind_id = kt.id)
                                             Buffers: shared hit=417854 read=20507
                                             ->  Nested Loop  (cost=13057.42..445702.97 rows=1393 width=16) (actual time=37.176..4239.047 rows=36566 loops=1)
                                                   Buffers: shared hit=417853 read=20507
                                                   ->  Bitmap Heap Scan on movie_info mi2  (cost=13056.98..400297.68 rows=6453 width=8) (actual time=36.621..569.385 rows=107911 loops=1)
                                                         Recheck Cond: (info_type_id = 4)
                                                         Filter: ((info)::text = ANY ('{Dutch,Filipino,German,Hindi,Malayalam}'::text[]))
                                                         Rows Removed by Filter: 1191078
                                                         Heap Blocks: exact=8393
                                                         Buffers: shared hit=2131 read=7281
                                                         ->  Bitmap Index Scan on info_type_id_movie_info  (cost=0.00..13055.37 rows=1221191 width=0) (actual time=34.353..34.353 rows=1298989 loops=1)
                                                               Index Cond: (info_type_id = 4)
                                                               Buffers: shared hit=1 read=1018
                                                   ->  Memoize  (cost=0.44..7.08 rows=1 width=8) (actual time=0.034..0.034 rows=0 loops=107911)
                                                         Cache Key: mi2.movie_id
                                                         Cache Mode: logical
                                                         Hits: 674  Misses: 107237  Evictions: 4670  Overflows: 0  Memory Usage: 8193kB
                                                         Buffers: shared hit=415722 read=13226
                                                         ->  Index Scan using title_pkey on title t  (cost=0.43..7.07 rows=1 width=8) (actual time=0.033..0.033 rows=0 loops=107237)
                                                               Index Cond: (id = mi2.movie_id)
                                                               Filter: ((production_year <= 1990) AND (1950 < production_year))
                                                               Rows Removed by Filter: 1
                                                               Buffers: shared hit=415722 read=13226
                                             ->  Hash  (cost=1.10..1.10 rows=3 width=4) (actual time=0.013..0.013 rows=3 loops=1)
                                                   Buckets: 1024  Batches: 1  Memory Usage: 9kB
                                                   Buffers: shared hit=1
                                                   ->  Seq Scan on kind_type kt  (cost=0.00..1.10 rows=3 width=4) (actual time=0.008..0.009 rows=3 loops=1)
                                                         Filter: ((kind)::text = ANY ('{"tv series","video game","video movie"}'::text[]))
                                                         Rows Removed by Filter: 4
                                                         Buffers: shared hit=1
                                       ->  Index Scan using movie_id_movie_info on movie_info mi1  (cost=0.43..42.84 rows=1 width=8) (actual time=0.067..0.075 rows=1 loops=2583)
                                             Index Cond: (movie_id = t.id)
                                             Filter: ((info_type_id = 8) AND ((info)::text = ANY ('{"East Germany",India,Netherlands,Philippines,"West Germany"}'::text[])))
                                             Rows Removed by Filter: 7
                                             Buffers: shared hit=19418 read=3746
                     ->  Index Scan using movie_id_cast_info on cast_info ci  (cost=0.44..43.99 rows=38 width=12) (actual time=0.035..0.119 rows=9 loops=2143)
                           Index Cond: (movie_id = t.id)
                           Buffers: shared hit=14881 read=9756
               ->  Hash  (cost=1.15..1.15 rows=2 width=4) (actual time=0.033..0.034 rows=2 loops=1)
                     Buckets: 1024  Batches: 1  Memory Usage: 9kB
                     Buffers: shared hit=1
                     ->  Seq Scan on role_type rt  (cost=0.00..1.15 rows=2 width=4) (actual time=0.026..0.028 rows=2 loops=1)
                           Filter: ((role)::text = ANY ('{"production designer",writer}'::text[]))
                           Rows Removed by Filter: 10
                           Buffers: shared hit=1
         ->  Index Scan using name_pkey on name n  (cost=0.43..2.32 rows=1 width=4) (actual time=0.036..0.036 rows=0 loops=1560)
               Index Cond: (id = ci.person_id)
               Filter: ((gender)::text = ANY ('{f,m}'::text[]))
               Rows Removed by Filter: 1
               Buffers: shared hit=4505 read=1735
 Planning:
   Buffers: shared hit=574
 Planning Time: 10.562 ms
 Execution Time: 4767.267 ms
(78 rows)

