                                                                                            QUERY PLAN                                                                                            
--------------------------------------------------------------------------------------------------------------------------------------------------------------------------------------------------
 Aggregate  (cost=781932.65..781932.66 rows=1 width=8) (actual time=61184.917..61184.925 rows=1 loops=1)
   Buffers: shared hit=5645631 read=558229, temp read=6612 written=6612
   ->  Nested Loop  (cost=68397.19..781932.41 rows=96 width=0) (actual time=798.570..61179.442 rows=12529 loops=1)
         Buffers: shared hit=5645631 read=558229, temp read=6612 written=6612
         ->  Seq Scan on info_type it2  (cost=0.00..2.41 rows=1 width=4) (actual time=0.034..0.043 rows=1 loops=1)
               Filter: (id = 4)
               Rows Removed by Filter: 112
               Buffers: shared hit=1
         ->  Nested Loop  (cost=68397.19..781929.04 rows=96 width=4) (actual time=798.534..61175.839 rows=12529 loops=1)
               Buffers: shared hit=5645630 read=558229, temp read=6612 written=6612
               ->  Seq Scan on info_type it1  (cost=0.00..2.41 rows=1 width=4) (actual time=0.008..0.019 rows=1 loops=1)
                     Filter: (id = 8)
                     Rows Removed by Filter: 112
                     Buffers: shared hit=1
               ->  Nested Loop  (cost=68397.19..781925.66 rows=96 width=8) (actual time=798.522..61171.951 rows=12529 loops=1)
                     Buffers: shared hit=5645629 read=558229, temp read=6612 written=6612
                     ->  Hash Join  (cost=68396.76..781392.17 rows=230 width=12) (actual time=741.843..58303.721 rows=79972 loops=1)
                           Hash Cond: (ci.role_id = rt.id)
                           Buffers: shared hit=5337439 read=546531, temp read=6612 written=6612
                           ->  Nested Loop  (cost=68395.60..781381.19 rows=2766 width=16) (actual time=657.472..57571.653 rows=3911285 loops=1)
                                 Buffers: shared hit=5337438 read=546531, temp read=6612 written=6612
                                 ->  Nested Loop  (cost=68395.16..772940.23 rows=193 width=20) (actual time=657.439..16403.641 rows=141483 loops=1)
                                       Buffers: shared hit=1500199 read=127255, temp read=6612 written=6612
                                       ->  Hash Join  (cost=68394.72..472536.92 rows=7057 width=12) (actual time=657.377..1697.637 rows=190105 loops=1)
                                             Hash Cond: (mi2.movie_id = t.id)
                                             Buffers: shared hit=4478 read=30860, temp read=6612 written=6612
                                             ->  Bitmap Heap Scan on movie_info mi2  (cost=13073.28..415343.16 rows=71665 width=8) (actual time=37.447..410.850 rows=912507 loops=1)
                                                   Recheck Cond: (info_type_id = 4)
                                                   Filter: ((info)::text = ANY ('{English,Greek,Polish,Portuguese,Spanish,Tagalog}'::text[]))
                                                   Rows Removed by Filter: 386482
                                                   Heap Blocks: exact=8393
                                                   Buffers: shared hit=2091 read=7321
                                                   ->  Bitmap Index Scan on info_type_id_movie_info  (cost=0.00..13055.37 rows=1221191 width=0) (actual time=36.405..36.405 rows=1298989 loops=1)
                                                         Index Cond: (info_type_id = 4)
                                                         Buffers: shared read=1019
                                             ->  Hash  (cost=51236.40..51236.40 rows=248963 width=4) (actual time=618.881..618.883 rows=1163273 loops=1)
                                                   Buckets: 262144 (originally 262144)  Batches: 8 (originally 2)  Memory Usage: 7170kB
                                                   Buffers: shared hit=2387 read=23539, temp written=2978
                                                   ->  Nested Loop  (cost=4565.45..51236.40 rows=248963 width=4) (actual time=42.455..455.241 rows=1163273 loops=1)
                                                         Buffers: shared hit=2387 read=23539
                                                         ->  Seq Scan on kind_type kt  (cost=0.00..1.09 rows=1 width=4) (actual time=0.011..0.013 rows=1 loops=1)
                                                               Filter: ((kind)::text = 'episode'::text)
                                                               Rows Removed by Filter: 6
                                                               Buffers: shared hit=1
                                                         ->  Bitmap Heap Scan on title t  (cost=4565.45..48330.74 rows=290457 width=8) (actual time=42.439..384.959 rows=1163273 loops=1)
                                                               Recheck Cond: (kind_id = kt.id)
                                                               Filter: ((production_year <= 2015) AND (1990 < production_year))
                                                               Rows Removed by Filter: 379991
                                                               Heap Blocks: exact=24715
                                                               Buffers: shared hit=2386 read=23539
                                                               ->  Bitmap Index Scan on kind_id_title  (cost=0.00..4492.84 rows=421388 width=0) (actual time=39.025..39.025 rows=1543264 loops=1)
                                                                     Index Cond: (kind_id = kt.id)
                                                                     Buffers: shared read=1210
                                       ->  Index Scan using movie_id_movie_info on movie_info mi1  (cost=0.43..42.56 rows=1 width=8) (actual time=0.073..0.077 rows=1 loops=190105)
                                             Index Cond: (movie_id = t.id)
                                             Filter: ((info_type_id = 8) AND ((info)::text = ANY ('{Australia,Greece,Nigeria,Philippines,Poland,Portugal,UK,USA}'::text[])))
                                             Rows Removed by Filter: 6
                                             Buffers: shared hit=1495721 read=96395
                                 ->  Index Scan using movie_id_cast_info on cast_info ci  (cost=0.44..43.36 rows=38 width=12) (actual time=0.037..0.282 rows=28 loops=141483)
                                       Index Cond: (movie_id = t.id)
                                       Buffers: shared hit=3837239 read=419276
                           ->  Hash  (cost=1.15..1.15 rows=1 width=4) (actual time=0.019..0.019 rows=1 loops=1)
                                 Buckets: 1024  Batches: 1  Memory Usage: 9kB
                                 Buffers: shared hit=1
                                 ->  Seq Scan on role_type rt  (cost=0.00..1.15 rows=1 width=4) (actual time=0.009..0.010 rows=1 loops=1)
                                       Filter: ((role)::text = 'editor'::text)
                                       Rows Removed by Filter: 11
                                       Buffers: shared hit=1
                     ->  Index Scan using name_pkey on name n  (cost=0.43..2.32 rows=1 width=4) (actual time=0.035..0.035 rows=0 loops=79972)
                           Index Cond: (id = ci.person_id)
                           Filter: ((gender)::text = 'm'::text)
                           Rows Removed by Filter: 1
                           Buffers: shared hit=308190 read=11698
 Planning:
   Buffers: shared hit=529 read=45
 Planning Time: 13.646 ms
 Execution Time: 61185.678 ms
(77 rows)

