                                                                                            QUERY PLAN                                                                                            
--------------------------------------------------------------------------------------------------------------------------------------------------------------------------------------------------
 Aggregate  (cost=796375.66..796375.67 rows=1 width=8) (actual time=35527.901..35527.910 rows=1 loops=1)
   Buffers: shared hit=2726007 read=889640, temp read=7570 written=7570
   ->  Nested Loop  (cost=111062.05..796374.89 rows=308 width=0) (actual time=931.661..35521.656 rows=21754 loops=1)
         Buffers: shared hit=2726007 read=889640, temp read=7570 written=7570
         ->  Hash Join  (cost=111061.62..795277.75 rows=473 width=4) (actual time=931.626..33190.580 rows=67169 loops=1)
               Hash Cond: (ci.role_id = rt.id)
               Buffers: shared hit=2482391 read=864580, temp read=7570 written=7570
               ->  Nested Loop  (cost=111060.45..795266.50 rows=2838 width=8) (actual time=931.458..32888.225 rows=1739848 loops=1)
                     Buffers: shared hit=2482390 read=864580, temp read=7570 written=7570
                     ->  Nested Loop  (cost=111060.01..786614.36 rows=198 width=12) (actual time=931.432..14386.237 rows=78161 loops=1)
                           Buffers: shared hit=1063047 read=358163, temp read=7570 written=7570
                           ->  Seq Scan on info_type it2  (cost=0.00..2.41 rows=1 width=4) (actual time=0.018..0.028 rows=1 loops=1)
                                 Filter: (id = 4)
                                 Rows Removed by Filter: 112
                                 Buffers: shared hit=1
                           ->  Nested Loop  (cost=111060.01..786609.96 rows=198 width=16) (actual time=931.412..14367.650 rows=78161 loops=1)
                                 Buffers: shared hit=1063046 read=358163, temp read=7570 written=7570
                                 ->  Seq Scan on info_type it1  (cost=0.00..2.41 rows=1 width=4) (actual time=0.006..0.016 rows=1 loops=1)
                                       Filter: (id = 8)
                                       Rows Removed by Filter: 112
                                       Buffers: shared hit=1
                                 ->  Nested Loop  (cost=111060.01..786605.57 rows=198 width=20) (actual time=931.404..14349.483 rows=78161 loops=1)
                                       Buffers: shared hit=1063045 read=358163, temp read=7570 written=7570
                                       ->  Hash Join  (cost=111059.57..487318.91 rows=7035 width=12) (actual time=931.339..1615.430 rows=144695 loops=1)
                                             Hash Cond: (mi1.movie_id = t.id)
                                             Buffers: shared hit=1749 read=43536, temp read=7570 written=7570
                                             ->  Bitmap Heap Scan on movie_info mi1  (cost=14216.72..386812.02 rows=20719 width=8) (actual time=36.732..299.553 rows=232378 loops=1)
                                                   Recheck Cond: (info_type_id = 8)
                                                   Filter: ((info)::text = ANY ('{Argentina,Canada,Germany,India,Iran,Japan,Netherlands,Philippines,Poland,"Soviet Union"}'::text[]))
                                                   Rows Removed by Filter: 1092983
                                                   Heap Blocks: exact=7853
                                                   Buffers: shared hit=1747 read=7146
                                                   ->  Bitmap Index Scan on info_type_id_movie_info  (cost=0.00..14211.52 rows=1329478 width=0) (actual time=35.746..35.746 rows=1325361 loops=1)
                                                         Index Cond: (info_type_id = 8)
                                                         Buffers: shared read=1040
                                             ->  Hash  (cost=82758.38..82758.38 rows=858437 width=4) (actual time=893.374..893.377 rows=1830466 loops=1)
                                                   Buckets: 262144 (originally 262144)  Batches: 16 (originally 8)  Memory Usage: 6145kB
                                                   Buffers: shared hit=2 read=36390, temp written=5019
                                                   ->  Hash Join  (cost=1.13..82758.38 rows=858437 width=4) (actual time=0.044..653.327 rows=1830466 loops=1)
                                                         Hash Cond: (t.kind_id = kt.id)
                                                         Buffers: shared hit=2 read=36390
                                                         ->  Seq Scan on title t  (cost=0.00..74315.95 rows=2003019 width=8) (actual time=0.026..433.387 rows=2004612 loops=1)
                                                               Filter: ((production_year <= 2015) AND (1975 < production_year))
                                                               Rows Removed by Filter: 523700
                                                               Buffers: shared hit=1 read=36390
                                                         ->  Hash  (cost=1.10..1.10 rows=3 width=4) (actual time=0.014..0.015 rows=3 loops=1)
                                                               Buckets: 1024  Batches: 1  Memory Usage: 9kB
                                                               Buffers: shared hit=1
                                                               ->  Seq Scan on kind_type kt  (cost=0.00..1.10 rows=3 width=4) (actual time=0.007..0.008 rows=3 loops=1)
                                                                     Filter: ((kind)::text = ANY ('{episode,movie,"video movie"}'::text[]))
                                                                     Rows Removed by Filter: 4
                                                                     Buffers: shared hit=1
                                       ->  Index Scan using movie_id_movie_info on movie_info mi2  (cost=0.43..42.53 rows=1 width=8) (actual time=0.060..0.087 rows=1 loops=144695)
                                             Index Cond: (movie_id = t.id)
                                             Filter: ((info_type_id = 4) AND ((info)::text = ANY ('{Dutch,English,Filipino,Hindi,Persian,Polish,Russian,Spanish}'::text[])))
                                             Rows Removed by Filter: 10
                                             Buffers: shared hit=1061296 read=314627
                     ->  Index Scan using movie_id_cast_info on cast_info ci  (cost=0.44..43.32 rows=38 width=12) (actual time=0.035..0.231 rows=22 loops=78161)
                           Index Cond: (movie_id = t.id)
                           Buffers: shared hit=1419343 read=506417
               ->  Hash  (cost=1.15..1.15 rows=2 width=4) (actual time=0.032..0.033 rows=2 loops=1)
                     Buckets: 1024  Batches: 1  Memory Usage: 9kB
                     Buffers: shared hit=1
                     ->  Seq Scan on role_type rt  (cost=0.00..1.15 rows=2 width=4) (actual time=0.026..0.028 rows=2 loops=1)
                           Filter: ((role)::text = ANY ('{composer,"costume designer"}'::text[]))
                           Rows Removed by Filter: 10
                           Buffers: shared hit=1
         ->  Index Scan using name_pkey on name n  (cost=0.43..2.32 rows=1 width=4) (actual time=0.034..0.034 rows=0 loops=67169)
               Index Cond: (id = ci.person_id)
               Filter: ((gender)::text = ANY ('{f,m}'::text[]))
               Rows Removed by Filter: 1
               Buffers: shared hit=243616 read=25060
 Planning:
   Buffers: shared hit=485 read=92
 Planning Time: 12.654 ms
 Execution Time: 35528.415 ms
(76 rows)

