                                                                                               QUERY PLAN                                                                                               
--------------------------------------------------------------------------------------------------------------------------------------------------------------------------------------------------------
 Aggregate  (cost=472958.46..472958.47 rows=1 width=8) (actual time=3141.994..3142.002 rows=1 loops=1)
   Buffers: shared hit=286009 read=38261
   ->  Nested Loop  (cost=14217.28..472958.43 rows=13 width=0) (actual time=39.124..3141.813 rows=1332 loops=1)
         Buffers: shared hit=286009 read=38261
         ->  Hash Join  (cost=14216.85..472886.52 rows=31 width=4) (actual time=39.075..3100.177 rows=1351 loops=1)
               Hash Cond: (ci.role_id = rt.id)
               Buffers: shared hit=282199 read=36667
               ->  Nested Loop  (cost=14215.68..472884.68 rows=186 width=8) (actual time=39.024..3099.478 rows=2769 loops=1)
                     Buffers: shared hit=282198 read=36667
                     ->  Nested Loop  (cost=14215.24..472305.47 rows=13 width=12) (actual time=38.985..3063.594 rows=290 loops=1)
                           Buffers: shared hit=280419 read=34882
                           ->  Seq Scan on info_type it2  (cost=0.00..2.41 rows=1 width=4) (actual time=0.018..0.026 rows=1 loops=1)
                                 Filter: (id = 4)
                                 Rows Removed by Filter: 112
                                 Buffers: shared hit=1
                           ->  Nested Loop  (cost=14215.24..472302.93 rows=13 width=16) (actual time=38.966..3063.505 rows=290 loops=1)
                                 Buffers: shared hit=280418 read=34882
                                 ->  Seq Scan on info_type it1  (cost=0.00..2.41 rows=1 width=4) (actual time=0.006..0.016 rows=1 loops=1)
                                       Filter: (id = 8)
                                       Rows Removed by Filter: 112
                                       Buffers: shared hit=1
                                 ->  Nested Loop  (cost=14215.24..472300.39 rows=13 width=20) (actual time=38.958..3063.425 rows=290 loops=1)
                                       Buffers: shared hit=280417 read=34882
                                       ->  Hash Join  (cost=14214.80..449527.12 rows=530 width=12) (actual time=38.911..3038.900 rows=317 loops=1)
                                             Hash Cond: (t.kind_id = kt.id)
                                             Buffers: shared hit=279041 read=33457
                                             ->  Nested Loop  (cost=14213.67..449520.77 rows=1237 width=16) (actual time=38.879..3035.723 rows=15686 loops=1)
                                                   Buffers: shared hit=279040 read=33457
                                                   ->  Bitmap Heap Scan on movie_info mi1  (cost=14213.23..401865.12 rows=6838 width=8) (actual time=36.619..517.617 rows=76236 loops=1)
                                                         Recheck Cond: (info_type_id = 8)
                                                         Filter: ((info)::text = ANY ('{Australia,Hungary,India,Iran,Romania}'::text[]))
                                                         Rows Removed by Filter: 1249125
                                                         Heap Blocks: exact=7853
                                                         Buffers: shared hit=4444 read=4449
                                                         ->  Bitmap Index Scan on info_type_id_movie_info  (cost=0.00..14211.52 rows=1329478 width=0) (actual time=35.636..35.636 rows=1325361 loops=1)
                                                               Index Cond: (info_type_id = 8)
                                                               Buffers: shared read=1040
                                                   ->  Memoize  (cost=0.44..7.02 rows=1 width=8) (actual time=0.033..0.033 rows=0 loops=76236)
                                                         Cache Key: mi1.movie_id
                                                         Cache Mode: logical
                                                         Hits: 335  Misses: 75901  Evictions: 0  Overflows: 0  Memory Usage: 5652kB
                                                         Buffers: shared hit=274596 read=29008
                                                         ->  Index Scan using title_pkey on title t  (cost=0.43..7.01 rows=1 width=8) (actual time=0.032..0.032 rows=0 loops=75901)
                                                               Index Cond: (id = mi1.movie_id)
                                                               Filter: ((production_year <= 1975) AND (1875 < production_year))
                                                               Rows Removed by Filter: 1
                                                               Buffers: shared hit=274596 read=29008
                                             ->  Hash  (cost=1.10..1.10 rows=3 width=4) (actual time=0.015..0.016 rows=3 loops=1)
                                                   Buckets: 1024  Batches: 1  Memory Usage: 9kB
                                                   Buffers: shared hit=1
                                                   ->  Seq Scan on kind_type kt  (cost=0.00..1.10 rows=3 width=4) (actual time=0.006..0.008 rows=3 loops=1)
                                                         Filter: ((kind)::text = ANY ('{"tv series","video game","video movie"}'::text[]))
                                                         Rows Removed by Filter: 4
                                                         Buffers: shared hit=1
                                       ->  Index Scan using movie_id_movie_info on movie_info mi2  (cost=0.43..42.96 rows=1 width=8) (actual time=0.051..0.077 rows=1 loops=317)
                                             Index Cond: (movie_id = t.id)
                                             Filter: ((info_type_id = 4) AND ((info)::text = ANY ('{English,Hungarian,Persian,Romanian,Tamil}'::text[])))
                                             Rows Removed by Filter: 6
                                             Buffers: shared hit=1376 read=1425
                     ->  Index Scan using movie_id_cast_info on cast_info ci  (cost=0.44..44.17 rows=38 width=12) (actual time=0.031..0.121 rows=10 loops=290)
                           Index Cond: (movie_id = t.id)
                           Buffers: shared hit=1779 read=1785
               ->  Hash  (cost=1.15..1.15 rows=2 width=4) (actual time=0.029..0.030 rows=2 loops=1)
                     Buckets: 1024  Batches: 1  Memory Usage: 9kB
                     Buffers: shared hit=1
                     ->  Seq Scan on role_type rt  (cost=0.00..1.15 rows=2 width=4) (actual time=0.022..0.025 rows=2 loops=1)
                           Filter: ((role)::text = ANY ('{actor,composer}'::text[]))
                           Rows Removed by Filter: 10
                           Buffers: shared hit=1
         ->  Index Scan using name_pkey on name n  (cost=0.43..2.32 rows=1 width=4) (actual time=0.030..0.030 rows=1 loops=1351)
               Index Cond: (id = ci.person_id)
               Filter: ((gender)::text = 'm'::text)
               Rows Removed by Filter: 0
               Buffers: shared hit=3810 read=1594
 Planning:
   Buffers: shared hit=483 read=91
 Planning Time: 12.850 ms
 Execution Time: 3143.480 ms
(78 rows)

