                                                                                                     QUERY PLAN                                                                                                     
--------------------------------------------------------------------------------------------------------------------------------------------------------------------------------------------------------------------
 Aggregate  (cost=611988.34..611988.35 rows=1 width=8) (actual time=39231.575..39231.583 rows=1 loops=1)
   Buffers: shared hit=3641416 read=443736
   ->  Nested Loop  (cost=14219.14..611987.96 rows=151 width=0) (actual time=1535.537..39214.345 rows=83865 loops=1)
         Buffers: shared hit=3641416 read=443736
         ->  Hash Join  (cost=14218.71..611449.83 rows=232 width=4) (actual time=1534.177..28734.923 rows=286452 loops=1)
               Hash Cond: (ci.role_id = rt.id)
               Buffers: shared hit=2564891 read=374453
               ->  Nested Loop  (cost=14217.53..611443.72 rows=1390 width=8) (actual time=1534.096..28416.971 rows=1375401 loops=1)
                     Buffers: shared hit=2564890 read=374453
                     ->  Nested Loop  (cost=14217.09..607205.04 rows=97 width=12) (actual time=1534.051..13412.355 rows=60296 loops=1)
                           Buffers: shared hit=1305815 read=109939
                           ->  Seq Scan on info_type it2  (cost=0.00..2.41 rows=1 width=4) (actual time=0.024..0.035 rows=1 loops=1)
                                 Filter: (id = 4)
                                 Rows Removed by Filter: 112
                                 Buffers: shared hit=1
                           ->  Nested Loop  (cost=14217.09..607201.66 rows=97 width=16) (actual time=1534.025..13396.395 rows=60296 loops=1)
                                 Buffers: shared hit=1305814 read=109939
                                 ->  Seq Scan on info_type it1  (cost=0.00..2.41 rows=1 width=4) (actual time=0.008..0.021 rows=1 loops=1)
                                       Filter: (id = 8)
                                       Rows Removed by Filter: 112
                                       Buffers: shared hit=1
                                 ->  Nested Loop  (cost=14217.09..607198.28 rows=97 width=20) (actual time=1534.014..13380.496 rows=60296 loops=1)
                                       Buffers: shared hit=1305813 read=109939
                                       ->  Hash Join  (cost=14216.66..470051.88 rows=3216 width=12) (actual time=1533.961..6667.651 rows=69483 loops=1)
                                             Hash Cond: (t.kind_id = kt.id)
                                             Buffers: shared hit=663929 read=24965
                                             ->  Nested Loop  (cost=14215.54..470003.33 rows=11258 width=16) (actual time=36.153..6619.162 rows=118253 loops=1)
                                                   Buffers: shared hit=663928 read=24965
                                                   ->  Bitmap Heap Scan on movie_info mi1  (cost=14215.10..386810.40 rows=14210 width=8) (actual time=36.118..465.452 rows=177117 loops=1)
                                                         Recheck Cond: (info_type_id = 8)
                                                         Filter: ((info)::text = ANY ('{Czechoslovakia,Egypt,Estonia,France,"Hong Kong",Hungary,Indonesia,Israel,Italy,Peru,"South Africa",Spain,Taiwan}'::text[]))
                                                         Rows Removed by Filter: 1148244
                                                         Heap Blocks: exact=7853
                                                         Buffers: shared hit=3859 read=5034
                                                         ->  Bitmap Index Scan on info_type_id_movie_info  (cost=0.00..14211.52 rows=1329478 width=0) (actual time=35.131..35.131 rows=1325361 loops=1)
                                                               Index Cond: (info_type_id = 8)
                                                               Buffers: shared hit=1040
                                                   ->  Memoize  (cost=0.44..5.95 rows=1 width=8) (actual time=0.034..0.034 rows=1 loops=177117)
                                                         Cache Key: mi1.movie_id
                                                         Cache Mode: logical
                                                         Hits: 7117  Misses: 170000  Evictions: 77951  Overflows: 0  Memory Usage: 8193kB
                                                         Buffers: shared hit=660069 read=19931
                                                         ->  Index Scan using title_pkey on title t  (cost=0.43..5.94 rows=1 width=8) (actual time=0.034..0.034 rows=1 loops=170000)
                                                               Index Cond: (id = mi1.movie_id)
                                                               Filter: ((production_year <= 2015) AND (1975 < production_year))
                                                               Rows Removed by Filter: 0
                                                               Buffers: shared hit=660069 read=19931
                                             ->  Hash  (cost=1.09..1.09 rows=2 width=4) (actual time=0.014..0.014 rows=2 loops=1)
                                                   Buckets: 1024  Batches: 1  Memory Usage: 9kB
                                                   Buffers: shared hit=1
                                                   ->  Seq Scan on kind_type kt  (cost=0.00..1.09 rows=2 width=4) (actual time=0.008..0.010 rows=2 loops=1)
                                                         Filter: ((kind)::text = ANY ('{movie,"video movie"}'::text[]))
                                                         Rows Removed by Filter: 5
                                                         Buffers: shared hit=1
                                       ->  Index Scan using movie_id_movie_info on movie_info mi2  (cost=0.43..42.64 rows=1 width=8) (actual time=0.046..0.096 rows=1 loops=69483)
                                             Index Cond: (movie_id = t.id)
                                             Filter: ((info_type_id = 4) AND ((info)::text = ANY ('{Arabic,Czech,English,Estonian,French,Galician,Indonesian,Italian,Mandarin,Spanish}'::text[])))
                                             Rows Removed by Filter: 13
                                             Buffers: shared hit=641884 read=84974
                     ->  Index Scan using movie_id_cast_info on cast_info ci  (cost=0.44..43.32 rows=38 width=12) (actual time=0.036..0.242 rows=23 loops=60296)
                           Index Cond: (movie_id = t.id)
                           Buffers: shared hit=1259075 read=264514
               ->  Hash  (cost=1.15..1.15 rows=2 width=4) (actual time=0.039..0.040 rows=2 loops=1)
                     Buckets: 1024  Batches: 1  Memory Usage: 9kB
                     Buffers: shared hit=1
                     ->  Seq Scan on role_type rt  (cost=0.00..1.15 rows=2 width=4) (actual time=0.029..0.032 rows=2 loops=1)
                           Filter: ((role)::text = ANY ('{"miscellaneous crew",producer}'::text[]))
                           Rows Removed by Filter: 10
                           Buffers: shared hit=1
         ->  Index Scan using name_pkey on name n  (cost=0.43..2.32 rows=1 width=4) (actual time=0.036..0.036 rows=0 loops=286452)
               Index Cond: (id = ci.person_id)
               Filter: ((gender)::text = ANY ('{f,m}'::text[]))
               Rows Removed by Filter: 1
               Buffers: shared hit=1076525 read=69283
 Planning:
   Buffers: shared hit=576 read=1
 Planning Time: 14.419 ms
 Execution Time: 39234.933 ms
(78 rows)

