                                                                                                  QUERY PLAN                                                                                                  
--------------------------------------------------------------------------------------------------------------------------------------------------------------------------------------------------------------
 Aggregate  (cost=960078.19..960078.20 rows=1 width=8) (actual time=168717.571..168717.579 rows=1 loops=1)
   Buffers: shared hit=15117823 read=1933537, temp read=10213 written=10102
   ->  Nested Loop  (cost=860044.48..960077.62 rows=230 width=0) (actual time=1133.153..168703.720 rows=32325 loops=1)
         Buffers: shared hit=15117823 read=1933537, temp read=10213 written=10102
         ->  Seq Scan on info_type it2  (cost=0.00..2.41 rows=1 width=4) (actual time=0.027..0.037 rows=1 loops=1)
               Filter: (id = 4)
               Rows Removed by Filter: 112
               Buffers: shared hit=1
         ->  Nested Loop  (cost=860044.48..960072.90 rows=230 width=4) (actual time=1133.124..168694.309 rows=32325 loops=1)
               Buffers: shared hit=15117822 read=1933537, temp read=10213 written=10102
               ->  Seq Scan on info_type it1  (cost=0.00..2.41 rows=1 width=4) (actual time=0.009..0.021 rows=1 loops=1)
                     Filter: (id = 8)
                     Rows Removed by Filter: 112
                     Buffers: shared hit=1
               ->  Nested Loop  (cost=860044.48..960068.19 rows=230 width=8) (actual time=1133.114..168683.292 rows=32325 loops=1)
                     Buffers: shared hit=15117821 read=1933537, temp read=10213 written=10102
                     ->  Hash Join  (cost=860044.05..957771.87 rows=990 width=12) (actual time=1032.628..150799.712 rows=454090 loops=1)
                           Hash Cond: (ci.role_id = rt.id)
                           Buffers: shared hit=13552908 read=1682090, temp read=10213 written=10102
                           ->  Nested Loop  (cost=860042.89..957728.50 rows=11883 width=16) (actual time=1032.363..148550.286 rows=11075679 loops=1)
                                 Buffers: shared hit=13552907 read=1682090, temp read=10213 written=10102
                                 ->  Nested Loop  (cost=860042.45..921503.10 rows=829 width=20) (actual time=1032.339..28526.671 rows=483447 loops=1)
                                       Buffers: shared hit=2935637 read=58824, temp read=10213 written=10102
                                       ->  Nested Loop  (cost=860042.30..921455.76 rows=1934 width=24) (actual time=1032.242..28001.978 rows=589511 loops=1)
                                             Join Filter: (t.id = mi1.movie_id)
                                             Buffers: shared hit=2935626 read=58823, temp read=10213 written=10102
                                             ->  Merge Join  (cost=860041.87..861007.41 rows=17953 width=16) (actual time=1032.191..2077.127 rows=744036 loops=1)
                                                   Merge Cond: (mi1.movie_id = mi2.movie_id)
                                                   Buffers: shared hit=3502 read=14803, temp read=10213 written=10102
                                                   ->  Sort  (cost=392982.63..393172.50 rows=75950 width=8) (actual time=462.081..633.410 rows=822936 loops=1)
                                                         Sort Key: mi1.movie_id
                                                         Sort Method: external sort  Disk: 17784kB
                                                         Buffers: shared hit=898 read=7995, temp read=4438 written=4449
                                                         ->  Bitmap Heap Scan on movie_info mi1  (cost=14230.53..386825.83 rows=75950 width=8) (actual time=35.357..262.128 rows=822936 loops=1)
                                                               Recheck Cond: (info_type_id = 8)
                                                               Filter: ((info)::text = ANY ('{Austria,France,Germany,India,Indonesia,Malaysia,Switzerland,Taiwan,UK,USA,Venezuela}'::text[]))
                                                               Rows Removed by Filter: 502425
                                                               Heap Blocks: exact=7853
                                                               Buffers: shared hit=898 read=7995
                                                               ->  Bitmap Index Scan on info_type_id_movie_info  (cost=0.00..14211.52 rows=1329478 width=0) (actual time=34.379..34.380 rows=1325361 loops=1)
                                                                     Index Cond: (info_type_id = 8)
                                                                     Buffers: shared read=1040
                                                   ->  Sort  (cost=467059.25..467262.38 rows=81252 width=8) (actual time=570.101..839.934 rows=1064951 loops=1)
                                                         Sort Key: mi2.movie_id
                                                         Sort Method: external sort  Disk: 22600kB
                                                         Buffers: shared hit=2604 read=6808, temp read=5707 written=5653
                                                         ->  Bitmap Heap Scan on movie_info mi2  (cost=13075.68..460433.10 rows=81252 width=8) (actual time=30.662..318.295 rows=1045529 loops=1)
                                                               Recheck Cond: (info_type_id = 4)
                                                               Filter: ((info)::text = ANY ('{English,French,German,Indonesian,Japanese,Malay,Mandarin,Oriya,Spanish}'::text[]))
                                                               Rows Removed by Filter: 253460
                                                               Heap Blocks: exact=8393
                                                               Buffers: shared hit=2604 read=6808
                                                               ->  Bitmap Index Scan on info_type_id_movie_info  (cost=0.00..13055.37 rows=1221191 width=0) (actual time=29.627..29.627 rows=1298989 loops=1)
                                                                     Index Cond: (info_type_id = 4)
                                                                     Buffers: shared hit=1 read=1018
                                             ->  Index Scan using title_pkey on title t  (cost=0.43..3.35 rows=1 width=8) (actual time=0.034..0.034 rows=1 loops=744036)
                                                   Index Cond: (id = mi2.movie_id)
                                                   Filter: ((production_year <= 2015) AND (1975 < production_year))
                                                   Rows Removed by Filter: 0
                                                   Buffers: shared hit=2932124 read=44020
                                       ->  Memoize  (cost=0.14..0.16 rows=1 width=4) (actual time=0.000..0.000 rows=1 loops=589511)
                                             Cache Key: t.kind_id
                                             Cache Mode: logical
                                             Hits: 589505  Misses: 6  Evictions: 0  Overflows: 0  Memory Usage: 1kB
                                             Buffers: shared hit=11 read=1
                                             ->  Index Scan using kind_type_pkey on kind_type kt  (cost=0.13..0.15 rows=1 width=4) (actual time=0.012..0.012 rows=0 loops=6)
                                                   Index Cond: (id = t.kind_id)
                                                   Filter: ((kind)::text = ANY ('{episode,movie,"video movie"}'::text[]))
                                                   Rows Removed by Filter: 0
                                                   Buffers: shared hit=11 read=1
                                 ->  Index Scan using movie_id_cast_info on cast_info ci  (cost=0.44..43.32 rows=38 width=12) (actual time=0.036..0.241 rows=23 loops=483447)
                                       Index Cond: (movie_id = t.id)
                                       Buffers: shared hit=10617270 read=1623266
                           ->  Hash  (cost=1.15..1.15 rows=1 width=4) (actual time=0.014..0.015 rows=1 loops=1)
                                 Buckets: 1024  Batches: 1  Memory Usage: 9kB
                                 Buffers: shared hit=1
                                 ->  Seq Scan on role_type rt  (cost=0.00..1.15 rows=1 width=4) (actual time=0.007..0.008 rows=1 loops=1)
                                       Filter: ((role)::text = 'director'::text)
                                       Rows Removed by Filter: 11
                                       Buffers: shared hit=1
                     ->  Index Scan using name_pkey on name n  (cost=0.43..2.32 rows=1 width=4) (actual time=0.039..0.039 rows=0 loops=454090)
                           Index Cond: (id = ci.person_id)
                           Filter: ((gender)::text = 'f'::text)
                           Rows Removed by Filter: 1
                           Buffers: shared hit=1564913 read=251447
 Planning:
   Buffers: shared hit=485 read=92
 Planning Time: 12.665 ms
 Execution Time: 168727.916 ms
(89 rows)

