                                                                                               QUERY PLAN                                                                                               
--------------------------------------------------------------------------------------------------------------------------------------------------------------------------------------------------------
 Aggregate  (cost=523841.62..523841.63 rows=1 width=8) (actual time=7849.407..7849.416 rows=1 loops=1)
   Buffers: shared hit=731604 read=77214
   ->  Nested Loop  (cost=14219.05..523841.61 rows=7 width=0) (actual time=37.342..7844.770 rows=29940 loops=1)
         Buffers: shared hit=731604 read=77214
         ->  Hash Join  (cost=14218.62..523802.18 rows=17 width=4) (actual time=37.296..6761.611 rows=30801 loops=1)
               Hash Cond: (ci.role_id = rt.id)
               Buffers: shared hit=618260 read=67354
               ->  Nested Loop  (cost=14217.45..523800.65 rows=100 width=8) (actual time=37.242..6743.398 rows=65377 loops=1)
                     Buffers: shared hit=618259 read=67354
                     ->  Nested Loop  (cost=14217.01..523490.03 rows=7 width=12) (actual time=37.211..5930.518 rows=5060 loops=1)
                           Buffers: shared hit=554395 read=51465
                           ->  Seq Scan on info_type it2  (cost=0.00..2.41 rows=1 width=4) (actual time=0.033..0.044 rows=1 loops=1)
                                 Filter: (id = 4)
                                 Rows Removed by Filter: 112
                                 Buffers: shared hit=1
                           ->  Nested Loop  (cost=14217.01..523487.55 rows=7 width=16) (actual time=37.177..5929.200 rows=5060 loops=1)
                                 Buffers: shared hit=554394 read=51465
                                 ->  Seq Scan on info_type it1  (cost=0.00..2.41 rows=1 width=4) (actual time=0.008..0.023 rows=1 loops=1)
                                       Filter: (id = 8)
                                       Rows Removed by Filter: 112
                                       Buffers: shared hit=1
                                 ->  Nested Loop  (cost=14217.01..523485.07 rows=7 width=20) (actual time=37.166..5927.920 rows=5060 loops=1)
                                       Buffers: shared hit=554393 read=51465
                                       ->  Hash Join  (cost=14216.57..468399.88 rows=1278 width=12) (actual time=37.100..5465.402 rows=5428 loops=1)
                                             Hash Cond: (t.kind_id = kt.id)
                                             Buffers: shared hit=519879 read=39839
                                             ->  Nested Loop  (cost=14215.44..468386.18 rows=2981 width=16) (actual time=37.057..5448.574 rows=64929 loops=1)
                                                   Buffers: shared hit=519878 read=39839
                                                   ->  Bitmap Heap Scan on movie_info mi1  (cost=14215.00..386810.29 rows=13806 width=8) (actual time=36.960..458.945 rows=138649 loops=1)
                                                         Recheck Cond: (info_type_id = 8)
                                                         Filter: ((info)::text = ANY ('{Argentina,Brazil,Greece,India,Mexico,Philippines,Poland,"South Korea","Soviet Union","West Germany"}'::text[]))
                                                         Rows Removed by Filter: 1186712
                                                         Heap Blocks: exact=7853
                                                         Buffers: shared hit=3 read=8890
                                                         ->  Bitmap Index Scan on info_type_id_movie_info  (cost=0.00..14211.52 rows=1329478 width=0) (actual time=35.961..35.961 rows=1325361 loops=1)
                                                               Index Cond: (info_type_id = 8)
                                                               Buffers: shared read=1040
                                                   ->  Memoize  (cost=0.44..6.00 rows=1 width=8) (actual time=0.036..0.036 rows=0 loops=138649)
                                                         Cache Key: mi1.movie_id
                                                         Cache Mode: logical
                                                         Hits: 943  Misses: 137706  Evictions: 43413  Overflows: 0  Memory Usage: 8193kB
                                                         Buffers: shared hit=519875 read=30949
                                                         ->  Index Scan using title_pkey on title t  (cost=0.43..5.99 rows=1 width=8) (actual time=0.035..0.035 rows=0 loops=137706)
                                                               Index Cond: (id = mi1.movie_id)
                                                               Filter: ((production_year <= 1990) AND (1950 < production_year))
                                                               Rows Removed by Filter: 1
                                                               Buffers: shared hit=519875 read=30949
                                             ->  Hash  (cost=1.10..1.10 rows=3 width=4) (actual time=0.019..0.020 rows=3 loops=1)
                                                   Buckets: 1024  Batches: 1  Memory Usage: 9kB
                                                   Buffers: shared hit=1
                                                   ->  Seq Scan on kind_type kt  (cost=0.00..1.10 rows=3 width=4) (actual time=0.008..0.010 rows=3 loops=1)
                                                         Filter: ((kind)::text = ANY ('{"tv series","video game","video movie"}'::text[]))
                                                         Rows Removed by Filter: 4
                                                         Buffers: shared hit=1
                                       ->  Index Scan using movie_id_movie_info on movie_info mi2  (cost=0.43..43.09 rows=1 width=8) (actual time=0.062..0.084 rows=1 loops=5428)
                                             Index Cond: (movie_id = t.id)
                                             Filter: ((info_type_id = 4) AND ((info)::text = ANY ('{Filipino,German,Greek,Korean,Malayalam,Polish,Portuguese,Russian,Spanish,Tagalog}'::text[])))
                                             Rows Removed by Filter: 5
                                             Buffers: shared hit=34514 read=11626
                     ->  Index Scan using movie_id_cast_info on cast_info ci  (cost=0.44..43.99 rows=38 width=12) (actual time=0.037..0.157 rows=13 loops=5060)
                           Index Cond: (movie_id = t.id)
                           Buffers: shared hit=63864 read=15889
               ->  Hash  (cost=1.15..1.15 rows=2 width=4) (actual time=0.031..0.033 rows=2 loops=1)
                     Buckets: 1024  Batches: 1  Memory Usage: 9kB
                     Buffers: shared hit=1
                     ->  Seq Scan on role_type rt  (cost=0.00..1.15 rows=2 width=4) (actual time=0.022..0.026 rows=2 loops=1)
                           Filter: ((role)::text = ANY ('{actor,producer}'::text[]))
                           Rows Removed by Filter: 10
                           Buffers: shared hit=1
         ->  Index Scan using name_pkey on name n  (cost=0.43..2.32 rows=1 width=4) (actual time=0.035..0.035 rows=1 loops=30801)
               Index Cond: (id = ci.person_id)
               Filter: ((gender)::text = 'm'::text)
               Rows Removed by Filter: 0
               Buffers: shared hit=113344 read=9860
 Planning:
   Buffers: shared hit=487 read=90
 Planning Time: 14.436 ms
 Execution Time: 7852.390 ms
(78 rows)

