                                                                                               QUERY PLAN                                                                                               
--------------------------------------------------------------------------------------------------------------------------------------------------------------------------------------------------------
 Aggregate  (cost=471139.41..471139.42 rows=1 width=8) (actual time=10555.427..10555.435 rows=1 loops=1)
   Buffers: shared hit=990629 read=100442
   ->  Nested Loop  (cost=13060.36..471139.40 rows=1 width=0) (actual time=42.123..10543.810 rows=76984 loops=1)
         Buffers: shared hit=990629 read=100442
         ->  Hash Join  (cost=13059.93..471134.77 rows=2 width=4) (actual time=42.092..7641.407 rows=81998 loops=1)
               Hash Cond: (ci.role_id = rt.id)
               Buffers: shared hit=681638 read=81441
               ->  Nested Loop  (cost=13058.75..471133.54 rows=14 width=8) (actual time=42.039..7594.840 rows=160864 loops=1)
                     Buffers: shared hit=681637 read=81441
                     ->  Nested Loop  (cost=13058.31..471088.99 rows=1 width=12) (actual time=39.039..5832.287 rows=8321 loops=1)
                           Buffers: shared hit=526278 read=53925
                           ->  Nested Loop  (cost=13058.31..471086.57 rows=1 width=16) (actual time=39.033..5656.304 rows=8321 loops=1)
                                 Buffers: shared hit=517957 read=53925
                                 ->  Nested Loop  (cost=13058.31..471084.14 rows=1 width=20) (actual time=39.012..5475.360 rows=8321 loops=1)
                                       Buffers: shared hit=509636 read=53925
                                       ->  Hash Join  (cost=13057.88..458608.43 rows=290 width=12) (actual time=36.510..3121.560 rows=25406 loops=1)
                                             Hash Cond: (t.kind_id = kt.id)
                                             Buffers: shared hit=288027 read=18358
                                             ->  Nested Loop  (cost=13056.74..458604.45 rows=676 width=16) (actual time=36.377..3109.231 rows=26132 loops=1)
                                                   Buffers: shared hit=288026 read=18358
                                                   ->  Bitmap Heap Scan on movie_info mi2  (cost=13056.30..430355.36 rows=3738 width=8) (actual time=36.309..646.626 rows=74928 loops=1)
                                                         Recheck Cond: (info_type_id = 4)
                                                         Filter: ((info)::text = ANY ('{Bengali,Dutch,Italian,Malayalam,Mandarin,Polish,Swedish}'::text[]))
                                                         Rows Removed by Filter: 1224061
                                                         Heap Blocks: exact=8393
                                                         Buffers: shared hit=2138 read=7274
                                                         ->  Bitmap Index Scan on info_type_id_movie_info  (cost=0.00..13055.37 rows=1221191 width=0) (actual time=33.840..33.841 rows=1298989 loops=1)
                                                               Index Cond: (info_type_id = 4)
                                                               Buffers: shared read=1019
                                                   ->  Memoize  (cost=0.44..7.58 rows=1 width=8) (actual time=0.032..0.032 rows=0 loops=74928)
                                                         Cache Key: mi2.movie_id
                                                         Cache Mode: logical
                                                         Hits: 685  Misses: 74243  Evictions: 0  Overflows: 0  Memory Usage: 5946kB
                                                         Buffers: shared hit=285888 read=11084
                                                         ->  Index Scan using title_pkey on title t  (cost=0.43..7.57 rows=1 width=8) (actual time=0.032..0.032 rows=0 loops=74243)
                                                               Index Cond: (id = mi2.movie_id)
                                                               Filter: ((production_year <= 1975) AND (1875 < production_year))
                                                               Rows Removed by Filter: 1
                                                               Buffers: shared hit=285888 read=11084
                                             ->  Hash  (cost=1.10..1.10 rows=3 width=4) (actual time=0.017..0.018 rows=3 loops=1)
                                                   Buckets: 1024  Batches: 1  Memory Usage: 9kB
                                                   Buffers: shared hit=1
                                                   ->  Seq Scan on kind_type kt  (cost=0.00..1.10 rows=3 width=4) (actual time=0.007..0.009 rows=3 loops=1)
                                                         Filter: ((kind)::text = ANY ('{episode,movie,"tv movie"}'::text[]))
                                                         Rows Removed by Filter: 4
                                                         Buffers: shared hit=1
                                       ->  Index Scan using movie_id_movie_info on movie_info mi1  (cost=0.43..43.01 rows=1 width=8) (actual time=0.090..0.092 rows=0 loops=25406)
                                             Index Cond: (movie_id = t.id)
                                             Filter: ((info_type_id = 8) AND ((info)::text = ANY ('{France,"Hong Kong",India,Netherlands,Poland,Sweden}'::text[])))
                                             Rows Removed by Filter: 12
                                             Buffers: shared hit=221609 read=35567
                                 ->  Seq Scan on info_type it1  (cost=0.00..2.41 rows=1 width=4) (actual time=0.011..0.020 rows=1 loops=8321)
                                       Filter: (id = 8)
                                       Rows Removed by Filter: 112
                                       Buffers: shared hit=8321
                           ->  Seq Scan on info_type it2  (cost=0.00..2.41 rows=1 width=4) (actual time=0.010..0.019 rows=1 loops=8321)
                                 Filter: (id = 4)
                                 Rows Removed by Filter: 112
                                 Buffers: shared hit=8321
                     ->  Index Scan using movie_id_cast_info on cast_info ci  (cost=0.44..44.17 rows=38 width=12) (actual time=0.036..0.206 rows=19 loops=8321)
                           Index Cond: (movie_id = t.id)
                           Buffers: shared hit=155359 read=27516
               ->  Hash  (cost=1.15..1.15 rows=2 width=4) (actual time=0.031..0.031 rows=2 loops=1)
                     Buckets: 1024  Batches: 1  Memory Usage: 9kB
                     Buffers: shared hit=1
                     ->  Seq Scan on role_type rt  (cost=0.00..1.15 rows=2 width=4) (actual time=0.021..0.023 rows=2 loops=1)
                           Filter: ((role)::text = ANY ('{actor,"miscellaneous crew"}'::text[]))
                           Rows Removed by Filter: 10
                           Buffers: shared hit=1
         ->  Index Scan using name_pkey on name n  (cost=0.43..2.32 rows=1 width=4) (actual time=0.035..0.035 rows=1 loops=81998)
               Index Cond: (id = ci.person_id)
               Filter: ((gender)::text = 'm'::text)
               Rows Removed by Filter: 0
               Buffers: shared hit=308991 read=19001
 Planning:
   Buffers: shared hit=482 read=92
 Planning Time: 9.871 ms
 Execution Time: 10557.255 ms
(78 rows)

