                                                                                               QUERY PLAN                                                                                               
--------------------------------------------------------------------------------------------------------------------------------------------------------------------------------------------------------
 Aggregate  (cost=386442.25..386442.26 rows=1 width=8) (actual time=1975.733..1975.738 rows=1 loops=1)
   Buffers: shared hit=174589 read=29632
   ->  Nested Loop  (cost=14215.86..386442.25 rows=1 width=0) (actual time=37.689..1975.447 rows=1314 loops=1)
         Buffers: shared hit=174589 read=29632
         ->  Hash Join  (cost=14215.43..386437.61 rows=2 width=4) (actual time=37.566..1758.024 rows=6450 loops=1)
               Hash Cond: (ci.role_id = rt.id)
               Buffers: shared hit=151877 read=26544
               ->  Nested Loop  (cost=14214.26..386436.39 rows=14 width=8) (actual time=36.215..1750.831 rows=50180 loops=1)
                     Buffers: shared hit=151876 read=26544
                     ->  Nested Loop  (cost=14213.82..386392.73 rows=1 width=12) (actual time=36.185..1265.256 rows=3125 loops=1)
                           Buffers: shared hit=105035 read=15633
                           ->  Nested Loop  (cost=14213.82..386390.30 rows=1 width=16) (actual time=36.180..1216.461 rows=3125 loops=1)
                                 Buffers: shared hit=101910 read=15633
                                 ->  Nested Loop  (cost=14213.82..386387.88 rows=1 width=20) (actual time=36.159..1171.179 rows=3125 loops=1)
                                       Buffers: shared hit=98785 read=15633
                                       ->  Hash Join  (cost=14213.38..366356.38 rows=474 width=12) (actual time=36.109..937.132 rows=3037 loops=1)
                                             Hash Cond: (t.kind_id = kt.id)
                                             Buffers: shared hit=79404 read=8310
                                             ->  Nested Loop  (cost=14212.25..366350.59 rows=1105 width=16) (actual time=36.077..933.314 rows=19185 loops=1)
                                                   Buffers: shared hit=79403 read=8310
                                                   ->  Bitmap Heap Scan on movie_info mi1  (cost=14211.82..356693.93 rows=1186 width=8) (actual time=36.041..352.687 rows=19705 loops=1)
                                                         Recheck Cond: (info_type_id = 8)
                                                         Filter: ((info)::text = ANY ('{Philippines,Sweden}'::text[]))
                                                         Rows Removed by Filter: 1305656
                                                         Heap Blocks: exact=7853
                                                         Buffers: shared hit=2982 read=5911
                                                         ->  Bitmap Index Scan on info_type_id_movie_info  (cost=0.00..14211.52 rows=1329478 width=0) (actual time=35.031..35.032 rows=1325361 loops=1)
                                                               Index Cond: (info_type_id = 8)
                                                               Buffers: shared read=1040
                                                   ->  Index Scan using title_pkey on title t  (cost=0.43..8.14 rows=1 width=8) (actual time=0.029..0.029 rows=1 loops=19705)
                                                         Index Cond: (id = mi1.movie_id)
                                                         Filter: ((production_year <= 2015) AND (1925 < production_year))
                                                         Rows Removed by Filter: 0
                                                         Buffers: shared hit=76421 read=2399
                                             ->  Hash  (cost=1.10..1.10 rows=3 width=4) (actual time=0.015..0.016 rows=3 loops=1)
                                                   Buckets: 1024  Batches: 1  Memory Usage: 9kB
                                                   Buffers: shared hit=1
                                                   ->  Seq Scan on kind_type kt  (cost=0.00..1.10 rows=3 width=4) (actual time=0.007..0.008 rows=3 loops=1)
                                                         Filter: ((kind)::text = ANY ('{"tv movie","tv series","video game"}'::text[]))
                                                         Rows Removed by Filter: 4
                                                         Buffers: shared hit=1
                                       ->  Index Scan using movie_id_movie_info on movie_info mi2  (cost=0.43..42.25 rows=1 width=8) (actual time=0.052..0.076 rows=1 loops=3037)
                                             Index Cond: (movie_id = t.id)
                                             Filter: ((info_type_id = 4) AND ((info)::text = ANY ('{Filipino,Swedish,Tagalog}'::text[])))
                                             Rows Removed by Filter: 7
                                             Buffers: shared hit=19381 read=7323
                                 ->  Seq Scan on info_type it1  (cost=0.00..2.41 rows=1 width=4) (actual time=0.007..0.013 rows=1 loops=3125)
                                       Filter: (id = 8)
                                       Rows Removed by Filter: 112
                                       Buffers: shared hit=3125
                           ->  Seq Scan on info_type it2  (cost=0.00..2.41 rows=1 width=4) (actual time=0.008..0.014 rows=1 loops=3125)
                                 Filter: (id = 4)
                                 Rows Removed by Filter: 112
                                 Buffers: shared hit=3125
                     ->  Index Scan using movie_id_cast_info on cast_info ci  (cost=0.44..43.28 rows=38 width=12) (actual time=0.031..0.152 rows=16 loops=3125)
                           Index Cond: (movie_id = t.id)
                           Buffers: shared hit=46841 read=10911
               ->  Hash  (cost=1.15..1.15 rows=2 width=4) (actual time=0.030..0.030 rows=2 loops=1)
                     Buckets: 1024  Batches: 1  Memory Usage: 9kB
                     Buffers: shared hit=1
                     ->  Seq Scan on role_type rt  (cost=0.00..1.15 rows=2 width=4) (actual time=0.020..0.021 rows=2 loops=1)
                           Filter: ((role)::text = ANY ('{"miscellaneous crew",producer}'::text[]))
                           Rows Removed by Filter: 10
                           Buffers: shared hit=1
         ->  Index Scan using name_pkey on name n  (cost=0.43..2.32 rows=1 width=4) (actual time=0.033..0.033 rows=0 loops=6450)
               Index Cond: (id = ci.person_id)
               Filter: ((gender)::text = ANY ('{f,m}'::text[]))
               Rows Removed by Filter: 1
               Buffers: shared hit=22712 read=3088
 Planning:
   Buffers: shared hit=520 read=54
 Planning Time: 12.370 ms
 Execution Time: 1976.144 ms
(73 rows)

