                                                                                               QUERY PLAN                                                                                               
--------------------------------------------------------------------------------------------------------------------------------------------------------------------------------------------------------
 Aggregate  (cost=386587.23..386587.24 rows=1 width=8) (actual time=842.967..842.971 rows=1 loops=1)
   Buffers: shared hit=72290 read=8260
   ->  Nested Loop  (cost=13059.42..386587.22 rows=1 width=0) (actual time=84.139..842.936 rows=64 loops=1)
         Buffers: shared hit=72290 read=8260
         ->  Hash Join  (cost=13058.99..386582.58 rows=2 width=4) (actual time=83.118..838.935 rows=192 loops=1)
               Hash Cond: (ci.role_id = rt.id)
               Buffers: shared hit=71602 read=8180
               ->  Nested Loop  (cost=13057.82..386581.36 rows=14 width=8) (actual time=82.915..838.365 rows=4182 loops=1)
                     Buffers: shared hit=71601 read=8180
                     ->  Nested Loop  (cost=13057.38..386536.48 rows=1 width=12) (actual time=82.880..793.272 rows=197 loops=1)
                           Buffers: shared hit=68135 read=6918
                           ->  Nested Loop  (cost=13057.38..386534.06 rows=1 width=16) (actual time=82.875..790.096 rows=197 loops=1)
                                 Buffers: shared hit=67938 read=6918
                                 ->  Nested Loop  (cost=13057.38..386531.64 rows=1 width=20) (actual time=82.857..786.524 rows=197 loops=1)
                                       Buffers: shared hit=67741 read=6918
                                       ->  Hash Join  (cost=13056.94..386316.21 rows=5 width=12) (actual time=82.809..774.493 rows=198 loops=1)
                                             Hash Cond: (t.kind_id = kt.id)
                                             Buffers: shared hit=66486 read=6627
                                             ->  Nested Loop  (cost=13055.83..386315.03 rows=17 width=16) (actual time=44.073..773.660 rows=4504 loops=1)
                                                   Buffers: shared hit=66485 read=6627
                                                   ->  Bitmap Heap Scan on movie_info mi2  (cost=13055.40..385266.92 rows=124 width=8) (actual time=39.059..348.019 rows=15925 loops=1)
                                                         Recheck Cond: (info_type_id = 4)
                                                         Filter: ((info)::text = ANY ('{Arabic,Bengali,Hungarian,Malayalam}'::text[]))
                                                         Rows Removed by Filter: 1283064
                                                         Heap Blocks: exact=8393
                                                         Buffers: shared hit=3842 read=5570
                                                         ->  Bitmap Index Scan on info_type_id_movie_info  (cost=0.00..13055.37 rows=1221191 width=0) (actual time=36.953..36.953 rows=1298989 loops=1)
                                                               Index Cond: (info_type_id = 4)
                                                               Buffers: shared hit=1 read=1018
                                                   ->  Index Scan using title_pkey on title t  (cost=0.43..8.45 rows=1 width=8) (actual time=0.026..0.026 rows=0 loops=15925)
                                                         Index Cond: (id = mi2.movie_id)
                                                         Filter: ((production_year <= 1975) AND (1925 < production_year))
                                                         Rows Removed by Filter: 1
                                                         Buffers: shared hit=62643 read=1057
                                             ->  Hash  (cost=1.09..1.09 rows=2 width=4) (actual time=0.022..0.023 rows=2 loops=1)
                                                   Buckets: 1024  Batches: 1  Memory Usage: 9kB
                                                   Buffers: shared hit=1
                                                   ->  Seq Scan on kind_type kt  (cost=0.00..1.09 rows=2 width=4) (actual time=0.014..0.015 rows=2 loops=1)
                                                         Filter: ((kind)::text = ANY ('{episode,"tv movie"}'::text[]))
                                                         Rows Removed by Filter: 5
                                                         Buffers: shared hit=1
                                       ->  Index Scan using movie_id_movie_info on movie_info mi1  (cost=0.43..43.08 rows=1 width=8) (actual time=0.056..0.060 rows=1 loops=198)
                                             Index Cond: (movie_id = t.id)
                                             Filter: ((info_type_id = 8) AND ((info)::text = ANY ('{Egypt,Hungary,India}'::text[])))
                                             Rows Removed by Filter: 4
                                             Buffers: shared hit=1255 read=291
                                 ->  Seq Scan on info_type it1  (cost=0.00..2.41 rows=1 width=4) (actual time=0.011..0.016 rows=1 loops=197)
                                       Filter: (id = 8)
                                       Rows Removed by Filter: 112
                                       Buffers: shared hit=197
                           ->  Seq Scan on info_type it2  (cost=0.00..2.41 rows=1 width=4) (actual time=0.010..0.015 rows=1 loops=197)
                                 Filter: (id = 4)
                                 Rows Removed by Filter: 112
                                 Buffers: shared hit=197
                     ->  Index Scan using movie_id_cast_info on cast_info ci  (cost=0.44..44.50 rows=38 width=12) (actual time=0.046..0.225 rows=21 loops=197)
                           Index Cond: (movie_id = t.id)
                           Buffers: shared hit=3466 read=1262
               ->  Hash  (cost=1.15..1.15 rows=2 width=4) (actual time=0.039..0.039 rows=2 loops=1)
                     Buckets: 1024  Batches: 1  Memory Usage: 9kB
                     Buffers: shared hit=1
                     ->  Seq Scan on role_type rt  (cost=0.00..1.15 rows=2 width=4) (actual time=0.028..0.030 rows=2 loops=1)
                           Filter: ((role)::text = ANY ('{director,producer}'::text[]))
                           Rows Removed by Filter: 10
                           Buffers: shared hit=1
         ->  Index Scan using name_pkey on name n  (cost=0.43..2.32 rows=1 width=4) (actual time=0.020..0.020 rows=0 loops=192)
               Index Cond: (id = ci.person_id)
               Filter: ((gender)::text = ANY ('{f,m}'::text[]))
               Rows Removed by Filter: 1
               Buffers: shared hit=688 read=80
 Planning:
   Buffers: shared hit=574
 Planning Time: 13.856 ms
 Execution Time: 843.530 ms
(73 rows)

