                                                                                                  QUERY PLAN                                                                                                  
--------------------------------------------------------------------------------------------------------------------------------------------------------------------------------------------------------------
 Aggregate  (cost=579581.29..579581.30 rows=1 width=8) (actual time=22693.214..22693.224 rows=1 loops=1)
   Buffers: shared hit=1947622 read=389218, temp read=2150 written=2150
   ->  Nested Loop  (cost=94677.46..579581.23 rows=22 width=0) (actual time=590.389..22692.410 rows=1653 loops=1)
         Buffers: shared hit=1947622 read=389218, temp read=2150 written=2150
         ->  Seq Scan on info_type it2  (cost=0.00..2.41 rows=1 width=4) (actual time=0.044..0.053 rows=1 loops=1)
               Filter: (id = 4)
               Rows Removed by Filter: 112
               Buffers: shared hit=1
         ->  Nested Loop  (cost=94677.46..579578.60 rows=22 width=4) (actual time=590.344..22691.843 rows=1653 loops=1)
               Buffers: shared hit=1947621 read=389218, temp read=2150 written=2150
               ->  Seq Scan on info_type it1  (cost=0.00..2.41 rows=1 width=4) (actual time=0.010..0.021 rows=1 loops=1)
                     Filter: (id = 8)
                     Rows Removed by Filter: 112
                     Buffers: shared hit=1
               ->  Nested Loop  (cost=94677.46..579575.97 rows=22 width=8) (actual time=590.330..22691.304 rows=1653 loops=1)
                     Buffers: shared hit=1947620 read=389218, temp read=2150 written=2150
                     ->  Hash Join  (cost=94677.03..579353.29 rows=96 width=12) (actual time=578.625..22217.986 rows=13438 loops=1)
                           Hash Cond: (ci.role_id = rt.id)
                           Buffers: shared hit=1896193 read=386893, temp read=2150 written=2150
                           ->  Nested Loop  (cost=94675.86..579348.05 rows=1147 width=16) (actual time=578.461..22013.916 rows=1247235 loops=1)
                                 Buffers: shared hit=1896192 read=386893, temp read=2150 written=2150
                                 ->  Nested Loop  (cost=94675.42..575798.13 rows=80 width=20) (actual time=578.433..8505.824 rows=71532 loops=1)
                                       Buffers: shared hit=687684 read=155955, temp read=2150 written=2150
                                       ->  Hash Join  (cost=94674.99..468519.75 rows=2483 width=12) (actual time=578.382..1191.027 rows=86273 loops=1)
                                             Hash Cond: (mi1.movie_id = t.id)
                                             Buffers: shared hit=24405 read=20880, temp read=2150 written=2150
                                             ->  Bitmap Heap Scan on movie_info mi1  (cost=14218.26..386813.55 rows=26835 width=8) (actual time=35.874..396.056 rows=305342 loops=1)
                                                   Recheck Cond: (info_type_id = 8)
                                                   Filter: ((info)::text = ANY ('{Argentina,Denmark,Finland,Greece,India,Japan,Netherlands,Philippines,Poland,"Soviet Union",UK,"West Germany"}'::text[]))
                                                   Rows Removed by Filter: 1020019
                                                   Heap Blocks: exact=7853
                                                   Buffers: shared hit=2988 read=5905
                                                   ->  Bitmap Index Scan on info_type_id_movie_info  (cost=0.00..14211.52 rows=1329478 width=0) (actual time=34.892..34.892 rows=1325361 loops=1)
                                                         Index Cond: (info_type_id = 8)
                                                         Buffers: shared read=1040
                                             ->  Hash  (cost=76617.93..76617.93 rows=233984 width=4) (actual time=541.422..541.427 rows=504538 loops=1)
                                                   Buckets: 262144 (originally 262144)  Batches: 4 (originally 2)  Memory Usage: 6483kB
                                                   Buffers: shared hit=21417 read=14975, temp written=1107
                                                   ->  Hash Join  (cost=1.13..76617.93 rows=233984 width=4) (actual time=0.042..461.826 rows=504538 loops=1)
                                                         Hash Cond: (t.kind_id = kt.id)
                                                         Buffers: shared hit=21417 read=14975
                                                         ->  Seq Scan on title t  (cost=0.00..74315.95 rows=545963 width=8) (actual time=0.023..398.971 rows=538239 loops=1)
                                                               Filter: ((production_year <= 1990) AND (1950 < production_year))
                                                               Rows Removed by Filter: 1990073
                                                               Buffers: shared hit=21416 read=14975
                                                         ->  Hash  (cost=1.10..1.10 rows=3 width=4) (actual time=0.015..0.017 rows=3 loops=1)
                                                               Buckets: 1024  Batches: 1  Memory Usage: 9kB
                                                               Buffers: shared hit=1
                                                               ->  Seq Scan on kind_type kt  (cost=0.00..1.10 rows=3 width=4) (actual time=0.007..0.009 rows=3 loops=1)
                                                                     Filter: ((kind)::text = ANY ('{episode,movie,"tv movie"}'::text[]))
                                                                     Rows Removed by Filter: 4
                                                                     Buffers: shared hit=1
                                       ->  Index Scan using movie_id_movie_info on movie_info mi2  (cost=0.43..43.20 rows=1 width=8) (actual time=0.045..0.084 rows=1 loops=86273)
                                             Index Cond: (movie_id = t.id)
                                             Filter: ((info_type_id = 4) AND ((info)::text = ANY ('{Danish,Dutch,English,Filipino,Finnish,German,Greek,Japanese,Malayalam,Polish,Russian,Spanish}'::text[])))
                                             Rows Removed by Filter: 8
                                             Buffers: shared hit=663279 read=135075
                                 ->  Index Scan using movie_id_cast_info on cast_info ci  (cost=0.44..43.99 rows=38 width=12) (actual time=0.035..0.184 rows=17 loops=71532)
                                       Index Cond: (movie_id = t.id)
                                       Buffers: shared hit=1208508 read=230938
                           ->  Hash  (cost=1.15..1.15 rows=1 width=4) (actual time=0.018..0.018 rows=1 loops=1)
                                 Buckets: 1024  Batches: 1  Memory Usage: 9kB
                                 Buffers: shared hit=1
                                 ->  Seq Scan on role_type rt  (cost=0.00..1.15 rows=1 width=4) (actual time=0.010..0.012 rows=1 loops=1)
                                       Filter: ((role)::text = 'costume designer'::text)
                                       Rows Removed by Filter: 11
                                       Buffers: shared hit=1
                     ->  Index Scan using name_pkey on name n  (cost=0.43..2.32 rows=1 width=4) (actual time=0.035..0.035 rows=0 loops=13438)
                           Index Cond: (id = ci.person_id)
                           Filter: ((gender)::text = 'f'::text)
                           Rows Removed by Filter: 1
                           Buffers: shared hit=51427 read=2325
 Planning:
   Buffers: shared hit=532 read=45
 Planning Time: 13.129 ms
 Execution Time: 22693.867 ms
(76 rows)

