                                                                                            QUERY PLAN                                                                                            
--------------------------------------------------------------------------------------------------------------------------------------------------------------------------------------------------
 Aggregate  (cost=554551.77..554551.78 rows=1 width=8) (actual time=2154.348..2154.356 rows=1 loops=1)
   Buffers: shared hit=130814 read=71430, temp read=403 written=403
   ->  Nested Loop  (cost=94675.08..554551.66 rows=43 width=0) (actual time=458.650..2153.976 rows=1968 loops=1)
         Buffers: shared hit=130814 read=71430, temp read=403 written=403
         ->  Hash Join  (cost=94674.65..554312.75 rows=103 width=4) (actual time=458.611..2012.193 rows=4542 loops=1)
               Hash Cond: (ci.role_id = rt.id)
               Buffers: shared hit=115748 read=68328, temp read=403 written=403
               ->  Nested Loop  (cost=94673.47..554309.39 rows=616 width=8) (actual time=458.196..2004.888 rows=53649 loops=1)
                     Buffers: shared hit=115747 read=68328, temp read=403 written=403
                     ->  Nested Loop  (cost=94673.03..552401.31 rows=43 width=12) (actual time=458.168..1337.430 rows=6493 loops=1)
                           Buffers: shared hit=72673 read=39650, temp read=403 written=403
                           ->  Seq Scan on info_type it2  (cost=0.00..2.41 rows=1 width=4) (actual time=0.027..0.033 rows=1 loops=1)
                                 Filter: (id = 4)
                                 Rows Removed by Filter: 112
                                 Buffers: shared hit=1
                           ->  Nested Loop  (cost=94673.03..552398.47 rows=43 width=16) (actual time=458.140..1336.292 rows=6493 loops=1)
                                 Buffers: shared hit=72672 read=39650, temp read=403 written=403
                                 ->  Seq Scan on info_type it1  (cost=0.00..2.41 rows=1 width=4) (actual time=0.010..0.019 rows=1 loops=1)
                                       Filter: (id = 8)
                                       Rows Removed by Filter: 112
                                       Buffers: shared hit=1
                                 ->  Nested Loop  (cost=94673.03..552395.63 rows=43 width=20) (actual time=458.127..1335.210 rows=6493 loops=1)
                                       Buffers: shared hit=72671 read=39650, temp read=403 written=403
                                       ->  Hash Join  (cost=94672.60..483455.77 rows=1609 width=12) (actual time=457.999..797.707 rows=7182 loops=1)
                                             Hash Cond: (mi1.movie_id = t.id)
                                             Buffers: shared hit=22914 read=22371, temp read=403 written=403
                                             ->  Bitmap Heap Scan on movie_info mi1  (cost=14215.87..401867.75 rows=17385 width=8) (actual time=37.282..321.689 rows=206631 loops=1)
                                                   Recheck Cond: (info_type_id = 8)
                                                   Filter: ((info)::text = ANY ('{France,"Hong Kong","South Korea",UK,Yugoslavia}'::text[]))
                                                   Rows Removed by Filter: 1118730
                                                   Heap Blocks: exact=7853
                                                   Buffers: shared hit=2600 read=6293
                                                   ->  Bitmap Index Scan on info_type_id_movie_info  (cost=0.00..14211.52 rows=1329478 width=0) (actual time=36.304..36.305 rows=1325361 loops=1)
                                                         Index Cond: (info_type_id = 8)
                                                         Buffers: shared read=1040
                                             ->  Hash  (cost=76617.93..76617.93 rows=233984 width=4) (actual time=419.712..419.714 rows=33701 loops=1)
                                                   Buckets: 262144  Batches: 2  Memory Usage: 2644kB
                                                   Buffers: shared hit=20314 read=16078, temp written=49
                                                   ->  Hash Join  (cost=1.13..76617.93 rows=233984 width=4) (actual time=0.072..413.048 rows=33701 loops=1)
                                                         Hash Cond: (t.kind_id = kt.id)
                                                         Buffers: shared hit=20314 read=16078
                                                         ->  Seq Scan on title t  (cost=0.00..74315.95 rows=545963 width=8) (actual time=0.027..381.180 rows=538239 loops=1)
                                                               Filter: ((production_year <= 1990) AND (1950 < production_year))
                                                               Rows Removed by Filter: 1990073
                                                               Buffers: shared hit=20313 read=16078
                                                         ->  Hash  (cost=1.10..1.10 rows=3 width=4) (actual time=0.014..0.015 rows=3 loops=1)
                                                               Buckets: 1024  Batches: 1  Memory Usage: 9kB
                                                               Buffers: shared hit=1
                                                               ->  Seq Scan on kind_type kt  (cost=0.00..1.10 rows=3 width=4) (actual time=0.007..0.008 rows=3 loops=1)
                                                                     Filter: ((kind)::text = ANY ('{"tv series","video game","video movie"}'::text[]))
                                                                     Rows Removed by Filter: 4
                                                                     Buffers: shared hit=1
                                       ->  Index Scan using movie_id_movie_info on movie_info mi2  (cost=0.43..42.84 rows=1 width=8) (actual time=0.051..0.074 rows=1 loops=7182)
                                             Index Cond: (movie_id = t.id)
                                             Filter: ((info_type_id = 4) AND ((info)::text = ANY ('{English,French,Korean,Mandarin,Serbo-Croatian}'::text[])))
                                             Rows Removed by Filter: 8
                                             Buffers: shared hit=49757 read=17279
                     ->  Index Scan using movie_id_cast_info on cast_info ci  (cost=0.44..43.99 rows=38 width=12) (actual time=0.031..0.101 rows=8 loops=6493)
                           Index Cond: (movie_id = t.id)
                           Buffers: shared hit=43074 read=28678
               ->  Hash  (cost=1.15..1.15 rows=2 width=4) (actual time=0.029..0.030 rows=2 loops=1)
                     Buckets: 1024  Batches: 1  Memory Usage: 9kB
                     Buffers: shared hit=1
                     ->  Seq Scan on role_type rt  (cost=0.00..1.15 rows=2 width=4) (actual time=0.022..0.024 rows=2 loops=1)
                           Filter: ((role)::text = ANY ('{composer,producer}'::text[]))
                           Rows Removed by Filter: 10
                           Buffers: shared hit=1
         ->  Index Scan using name_pkey on name n  (cost=0.43..2.32 rows=1 width=4) (actual time=0.031..0.031 rows=0 loops=4542)
               Index Cond: (id = ci.person_id)
               Filter: ((gender)::text = 'm'::text)
               Rows Removed by Filter: 1
               Buffers: shared hit=15066 read=3102
 Planning:
   Buffers: shared hit=484 read=90
 Planning Time: 13.299 ms
 Execution Time: 2154.833 ms
(76 rows)

