                                                                                               QUERY PLAN                                                                                               
--------------------------------------------------------------------------------------------------------------------------------------------------------------------------------------------------------
 Aggregate  (cost=460865.97..460865.98 rows=1 width=8) (actual time=5989.461..5989.468 rows=1 loops=1)
   Buffers: shared hit=569553 read=48114
   ->  Nested Loop  (cost=13061.14..460865.97 rows=1 width=0) (actual time=57.541..5988.992 rows=1449 loops=1)
         Buffers: shared hit=569553 read=48114
         ->  Hash Join  (cost=13060.71..460861.33 rows=2 width=4) (actual time=39.262..5886.008 rows=2716 loops=1)
               Hash Cond: (ci.role_id = rt.id)
               Buffers: shared hit=560021 read=46782
               ->  Nested Loop  (cost=13059.54..460860.11 rows=14 width=8) (actual time=38.955..5879.833 rows=29347 loops=1)
                     Buffers: shared hit=560020 read=46782
                     ->  Nested Loop  (cost=13059.10..460815.23 rows=1 width=12) (actual time=38.919..5502.699 rows=1967 loops=1)
                           Buffers: shared hit=533727 read=38056
                           ->  Nested Loop  (cost=13059.10..460812.81 rows=1 width=16) (actual time=38.911..5459.331 rows=1967 loops=1)
                                 Buffers: shared hit=531760 read=38056
                                 ->  Nested Loop  (cost=13059.10..460810.38 rows=1 width=20) (actual time=38.892..5415.252 rows=1967 loops=1)
                                       Buffers: shared hit=529793 read=38056
                                       ->  Hash Join  (cost=13058.66..448746.51 rows=279 width=12) (actual time=38.821..4803.803 rows=7134 loops=1)
                                             Hash Cond: (t.kind_id = kt.id)
                                             Buffers: shared hit=476591 read=28710
                                             ->  Nested Loop  (cost=13057.55..448741.30 rows=975 width=16) (actual time=38.208..4794.591 rows=31570 loops=1)
                                                   Buffers: shared hit=476590 read=28710
                                                   ->  Bitmap Heap Scan on movie_info mi2  (cost=13057.11..400297.81 rows=6973 width=8) (actual time=38.131..592.993 rows=126245 loops=1)
                                                         Recheck Cond: (info_type_id = 4)
                                                         Filter: ((info)::text = ANY ('{German,Hindi,Italian,Russian,Swedish}'::text[]))
                                                         Rows Removed by Filter: 1172744
                                                         Heap Blocks: exact=8393
                                                         Buffers: shared hit=1920 read=7492
                                                         ->  Bitmap Index Scan on info_type_id_movie_info  (cost=0.00..13055.37 rows=1221191 width=0) (actual time=35.792..35.793 rows=1298989 loops=1)
                                                               Index Cond: (info_type_id = 4)
                                                               Buffers: shared hit=1 read=1018
                                                   ->  Memoize  (cost=0.44..7.00 rows=1 width=8) (actual time=0.033..0.033 rows=0 loops=126245)
                                                         Cache Key: mi2.movie_id
                                                         Cache Mode: logical
                                                         Hits: 2273  Misses: 123972  Evictions: 17354  Overflows: 0  Memory Usage: 8193kB
                                                         Buffers: shared hit=474670 read=21218
                                                         ->  Index Scan using title_pkey on title t  (cost=0.43..6.99 rows=1 width=8) (actual time=0.032..0.032 rows=0 loops=123972)
                                                               Index Cond: (id = mi2.movie_id)
                                                               Filter: ((production_year <= 1975) AND (1925 < production_year))
                                                               Rows Removed by Filter: 1
                                                               Buffers: shared hit=474670 read=21218
                                             ->  Hash  (cost=1.09..1.09 rows=2 width=4) (actual time=0.013..0.014 rows=2 loops=1)
                                                   Buckets: 1024  Batches: 1  Memory Usage: 9kB
                                                   Buffers: shared hit=1
                                                   ->  Seq Scan on kind_type kt  (cost=0.00..1.09 rows=2 width=4) (actual time=0.009..0.010 rows=2 loops=1)
                                                         Filter: ((kind)::text = ANY ('{episode,"tv movie"}'::text[]))
                                                         Rows Removed by Filter: 5
                                                         Buffers: shared hit=1
                                       ->  Index Scan using movie_id_movie_info on movie_info mi1  (cost=0.43..43.23 rows=1 width=8) (actual time=0.083..0.085 rows=0 loops=7134)
                                             Index Cond: (movie_id = t.id)
                                             Filter: ((info_type_id = 8) AND ((info)::text = ANY ('{"East Germany",Germany,India,Italy,"Soviet Union",Sweden}'::text[])))
                                             Rows Removed by Filter: 6
                                             Buffers: shared hit=53202 read=9346
                                 ->  Seq Scan on info_type it1  (cost=0.00..2.41 rows=1 width=4) (actual time=0.012..0.020 rows=1 loops=1967)
                                       Filter: (id = 8)
                                       Rows Removed by Filter: 112
                                       Buffers: shared hit=1967
                           ->  Seq Scan on info_type it2  (cost=0.00..2.41 rows=1 width=4) (actual time=0.011..0.020 rows=1 loops=1967)
                                 Filter: (id = 4)
                                 Rows Removed by Filter: 112
                                 Buffers: shared hit=1967
                     ->  Index Scan using movie_id_cast_info on cast_info ci  (cost=0.44..44.50 rows=38 width=12) (actual time=0.040..0.187 rows=15 loops=1967)
                           Index Cond: (movie_id = t.id)
                           Buffers: shared hit=26293 read=8726
               ->  Hash  (cost=1.15..1.15 rows=2 width=4) (actual time=0.034..0.035 rows=2 loops=1)
                     Buckets: 1024  Batches: 1  Memory Usage: 9kB
                     Buffers: shared hit=1
                     ->  Seq Scan on role_type rt  (cost=0.00..1.15 rows=2 width=4) (actual time=0.025..0.026 rows=2 loops=1)
                           Filter: ((role)::text = ANY ('{composer,director}'::text[]))
                           Rows Removed by Filter: 10
                           Buffers: shared hit=1
         ->  Index Scan using name_pkey on name n  (cost=0.43..2.32 rows=1 width=4) (actual time=0.037..0.037 rows=1 loops=2716)
               Index Cond: (id = ci.person_id)
               Filter: ((gender)::text = 'm'::text)
               Rows Removed by Filter: 0
               Buffers: shared hit=9532 read=1332
 Planning:
   Buffers: shared hit=574
 Planning Time: 12.650 ms
 Execution Time: 5991.560 ms
(78 rows)

