                                                                                               QUERY PLAN                                                                                               
--------------------------------------------------------------------------------------------------------------------------------------------------------------------------------------------------------
 Aggregate  (cost=355829.07..355829.08 rows=1 width=8) (actual time=1063.070..1063.078 rows=1 loops=1)
   Buffers: shared hit=91854 read=3556
   ->  Nested Loop  (cost=13059.38..355829.06 rows=1 width=0) (actual time=101.379..1063.059 rows=23 loops=1)
         Buffers: shared hit=91854 read=3556
         ->  Nested Loop  (cost=13058.95..355826.74 rows=1 width=4) (actual time=75.794..1040.756 rows=856 loops=1)
               Buffers: shared hit=88634 read=3352
               ->  Nested Loop  (cost=13058.95..355824.32 rows=1 width=8) (actual time=75.787..1022.464 rows=856 loops=1)
                     Buffers: shared hit=87778 read=3352
                     ->  Nested Loop  (cost=13058.95..355821.90 rows=1 width=12) (actual time=75.773..1007.396 rows=856 loops=1)
                           Join Filter: (t.id = mi1.movie_id)
                           Buffers: shared hit=86922 read=3352
                           ->  Hash Join  (cost=13058.52..355779.82 rows=1 width=20) (actual time=75.725..943.624 rows=863 loops=1)
                                 Hash Cond: (ci.role_id = rt.id)
                                 Buffers: shared hit=81070 read=2189
                                 ->  Nested Loop  (cost=13057.35..355778.61 rows=14 width=24) (actual time=75.593..941.890 rows=9136 loops=1)
                                       Buffers: shared hit=81069 read=2189
                                       ->  Hash Join  (cost=13056.91..355733.73 rows=1 width=12) (actual time=75.559..824.064 rows=880 loops=1)
                                             Hash Cond: (t.kind_id = kt.id)
                                             Buffers: shared hit=71099 read=426
                                             ->  Nested Loop  (cost=13055.81..355732.60 rows=9 width=16) (actual time=35.395..822.574 rows=6709 loops=1)
                                                   Buffers: shared hit=71098 read=426
                                                   ->  Bitmap Heap Scan on movie_info mi2  (cost=13055.38..355208.54 rows=62 width=8) (actual time=35.260..387.831 rows=15528 loops=1)
                                                         Recheck Cond: (info_type_id = 4)
                                                         Filter: ((info)::text = ANY ('{Serbo-Croatian,Tagalog}'::text[]))
                                                         Rows Removed by Filter: 1283461
                                                         Heap Blocks: exact=8393
                                                         Buffers: shared hit=9412
                                                         ->  Bitmap Index Scan on info_type_id_movie_info  (cost=0.00..13055.37 rows=1221191 width=0) (actual time=33.391..33.391 rows=1298989 loops=1)
                                                               Index Cond: (info_type_id = 4)
                                                               Buffers: shared hit=1019
                                                   ->  Index Scan using title_pkey on title t  (cost=0.43..8.45 rows=1 width=8) (actual time=0.028..0.028 rows=0 loops=15528)
                                                         Index Cond: (id = mi2.movie_id)
                                                         Filter: ((production_year <= 1975) AND (1925 < production_year))
                                                         Rows Removed by Filter: 1
                                                         Buffers: shared hit=61686 read=426
                                             ->  Hash  (cost=1.09..1.09 rows=1 width=4) (actual time=0.016..0.017 rows=1 loops=1)
                                                   Buckets: 1024  Batches: 1  Memory Usage: 9kB
                                                   Buffers: shared hit=1
                                                   ->  Seq Scan on kind_type kt  (cost=0.00..1.09 rows=1 width=4) (actual time=0.009..0.010 rows=1 loops=1)
                                                         Filter: ((kind)::text = 'tv movie'::text)
                                                         Rows Removed by Filter: 6
                                                         Buffers: shared hit=1
                                       ->  Index Scan using movie_id_cast_info on cast_info ci  (cost=0.44..44.50 rows=38 width=12) (actual time=0.040..0.131 rows=10 loops=880)
                                             Index Cond: (movie_id = t.id)
                                             Buffers: shared hit=9970 read=1763
                                 ->  Hash  (cost=1.15..1.15 rows=1 width=4) (actual time=0.034..0.034 rows=1 loops=1)
                                       Buckets: 1024  Batches: 1  Memory Usage: 9kB
                                       Buffers: shared hit=1
                                       ->  Seq Scan on role_type rt  (cost=0.00..1.15 rows=1 width=4) (actual time=0.026..0.028 rows=1 loops=1)
                                             Filter: ((role)::text = 'director'::text)
                                             Rows Removed by Filter: 11
                                             Buffers: shared hit=1
                           ->  Index Scan using movie_id_movie_info on movie_info mi1  (cost=0.43..42.06 rows=1 width=8) (actual time=0.062..0.073 rows=1 loops=863)
                                 Index Cond: (movie_id = ci.movie_id)
                                 Filter: (((info)::text = ANY ('{Philippines,Yugoslavia}'::text[])) AND (info_type_id = 8))
                                 Rows Removed by Filter: 4
                                 Buffers: shared hit=5852 read=1163
                     ->  Seq Scan on info_type it1  (cost=0.00..2.41 rows=1 width=4) (actual time=0.008..0.016 rows=1 loops=856)
                           Filter: (id = 8)
                           Rows Removed by Filter: 112
                           Buffers: shared hit=856
               ->  Seq Scan on info_type it2  (cost=0.00..2.41 rows=1 width=4) (actual time=0.012..0.020 rows=1 loops=856)
                     Filter: (id = 4)
                     Rows Removed by Filter: 112
                     Buffers: shared hit=856
         ->  Index Scan using name_pkey on name n  (cost=0.43..2.32 rows=1 width=4) (actual time=0.026..0.026 rows=0 loops=856)
               Index Cond: (id = ci.person_id)
               Filter: ((gender)::text = 'f'::text)
               Rows Removed by Filter: 1
               Buffers: shared hit=3220 read=204
 Planning:
   Buffers: shared hit=574
 Planning Time: 12.258 ms
 Execution Time: 1063.615 ms
(74 rows)

