                                                                                               QUERY PLAN                                                                                               
--------------------------------------------------------------------------------------------------------------------------------------------------------------------------------------------------------
 Aggregate  (cost=432331.84..432331.85 rows=1 width=8) (actual time=6498.915..6498.921 rows=1 loops=1)
   Buffers: shared hit=565006 read=62667
   ->  Nested Loop  (cost=13060.50..432331.84 rows=1 width=0) (actual time=284.889..6498.479 rows=974 loops=1)
         Buffers: shared hit=565006 read=62667
         ->  Hash Join  (cost=13060.07..432329.52 rows=1 width=4) (actual time=284.490..6364.247 rows=3533 loops=1)
               Hash Cond: (ci.role_id = rt.id)
               Buffers: shared hit=551873 read=61668
               ->  Nested Loop  (cost=13058.91..432328.31 rows=14 width=8) (actual time=190.885..6345.381 rows=93783 loops=1)
                     Buffers: shared hit=551872 read=61668
                     ->  Nested Loop  (cost=13058.47..432283.75 rows=1 width=12) (actual time=190.831..5239.349 rows=5294 loops=1)
                           Buffers: shared hit=463186 read=43346
                           ->  Nested Loop  (cost=13058.47..432281.33 rows=1 width=16) (actual time=190.823..5120.797 rows=5294 loops=1)
                                 Buffers: shared hit=457892 read=43346
                                 ->  Nested Loop  (cost=13058.47..432278.91 rows=1 width=20) (actual time=190.793..4998.301 rows=5294 loops=1)
                                       Buffers: shared hit=452598 read=43346
                                       ->  Hash Join  (cost=13058.03..417712.61 rows=339 width=12) (actual time=39.877..2951.113 rows=20408 loops=1)
                                             Hash Cond: (t.kind_id = kt.id)
                                             Buffers: shared hit=273162 read=15479
                                             ->  Nested Loop  (cost=13056.90..417708.14 rows=790 width=16) (actual time=38.725..2940.558 rows=20976 loops=1)
                                                   Buffers: shared hit=273161 read=15479
                                                   ->  Bitmap Heap Scan on movie_info mi2  (cost=13056.46..385267.98 rows=4368 width=8) (actual time=38.196..511.970 rows=70913 loops=1)
                                                         Recheck Cond: (info_type_id = 4)
                                                         Filter: ((info)::text = ANY ('{Arabic,French,Hungarian,Romanian}'::text[]))
                                                         Rows Removed by Filter: 1228076
                                                         Heap Blocks: exact=8393
                                                         Buffers: shared hit=3328 read=6084
                                                         ->  Bitmap Index Scan on info_type_id_movie_info  (cost=0.00..13055.37 rows=1221191 width=0) (actual time=36.092..36.092 rows=1298989 loops=1)
                                                               Index Cond: (info_type_id = 4)
                                                               Buffers: shared read=1019
                                                   ->  Memoize  (cost=0.44..7.46 rows=1 width=8) (actual time=0.034..0.034 rows=0 loops=70913)
                                                         Cache Key: mi2.movie_id
                                                         Cache Mode: logical
                                                         Hits: 1106  Misses: 69807  Evictions: 0  Overflows: 0  Memory Usage: 5451kB
                                                         Buffers: shared hit=269833 read=9395
                                                         ->  Index Scan using title_pkey on title t  (cost=0.43..7.45 rows=1 width=8) (actual time=0.033..0.033 rows=0 loops=69807)
                                                               Index Cond: (id = mi2.movie_id)
                                                               Filter: ((production_year <= 1975) AND (1875 < production_year))
                                                               Rows Removed by Filter: 1
                                                               Buffers: shared hit=269833 read=9395
                                             ->  Hash  (cost=1.10..1.10 rows=3 width=4) (actual time=0.020..0.021 rows=3 loops=1)
                                                   Buckets: 1024  Batches: 1  Memory Usage: 9kB
                                                   Buffers: shared hit=1
                                                   ->  Seq Scan on kind_type kt  (cost=0.00..1.10 rows=3 width=4) (actual time=0.010..0.012 rows=3 loops=1)
                                                         Filter: ((kind)::text = ANY ('{episode,movie,"tv movie"}'::text[]))
                                                         Rows Removed by Filter: 4
                                                         Buffers: shared hit=1
                                       ->  Index Scan using movie_id_movie_info on movie_info mi1  (cost=0.43..42.96 rows=1 width=8) (actual time=0.098..0.100 rows=0 loops=20408)
                                             Index Cond: (movie_id = t.id)
                                             Filter: ((info_type_id = 8) AND ((info)::text = ANY ('{Canada,Egypt,Hungary,Italy,Romania}'::text[])))
                                             Rows Removed by Filter: 12
                                             Buffers: shared hit=179436 read=27867
                                 ->  Seq Scan on info_type it1  (cost=0.00..2.41 rows=1 width=4) (actual time=0.012..0.021 rows=1 loops=5294)
                                       Filter: (id = 8)
                                       Rows Removed by Filter: 112
                                       Buffers: shared hit=5294
                           ->  Seq Scan on info_type it2  (cost=0.00..2.41 rows=1 width=4) (actual time=0.011..0.021 rows=1 loops=5294)
                                 Filter: (id = 4)
                                 Rows Removed by Filter: 112
                                 Buffers: shared hit=5294
                     ->  Index Scan using movie_id_cast_info on cast_info ci  (cost=0.44..44.17 rows=38 width=12) (actual time=0.038..0.203 rows=18 loops=5294)
                           Index Cond: (movie_id = t.id)
                           Buffers: shared hit=88686 read=18322
               ->  Hash  (cost=1.15..1.15 rows=1 width=4) (actual time=0.037..0.037 rows=1 loops=1)
                     Buckets: 1024  Batches: 1  Memory Usage: 9kB
                     Buffers: shared hit=1
                     ->  Seq Scan on role_type rt  (cost=0.00..1.15 rows=1 width=4) (actual time=0.026..0.027 rows=1 loops=1)
                           Filter: ((role)::text = 'cinematographer'::text)
                           Rows Removed by Filter: 11
                           Buffers: shared hit=1
         ->  Index Scan using name_pkey on name n  (cost=0.43..2.32 rows=1 width=4) (actual time=0.037..0.037 rows=0 loops=3533)
               Index Cond: (id = ci.person_id)
               Filter: ((gender)::text = 'm'::text)
               Rows Removed by Filter: 1
               Buffers: shared hit=13133 read=999
 Planning:
   Buffers: shared hit=529 read=45
 Planning Time: 13.420 ms
 Execution Time: 6500.261 ms
(78 rows)

