                                                                                            QUERY PLAN                                                                                            
--------------------------------------------------------------------------------------------------------------------------------------------------------------------------------------------------
 Aggregate  (cost=546002.85..546002.86 rows=1 width=8) (actual time=1340.234..1340.240 rows=1 loops=1)
   Buffers: shared hit=50559 read=60947, temp read=367 written=367
   ->  Nested Loop  (cost=93678.33..546002.80 rows=23 width=0) (actual time=440.066..1340.193 rows=103 loops=1)
         Buffers: shared hit=50559 read=60947, temp read=367 written=367
         ->  Seq Scan on info_type it2  (cost=0.00..2.41 rows=1 width=4) (actual time=0.047..0.052 rows=1 loops=1)
               Filter: (id = 4)
               Rows Removed by Filter: 112
               Buffers: shared hit=1
         ->  Nested Loop  (cost=93678.33..546000.15 rows=23 width=4) (actual time=440.018..1340.115 rows=103 loops=1)
               Buffers: shared hit=50558 read=60947, temp read=367 written=367
               ->  Seq Scan on info_type it1  (cost=0.00..2.41 rows=1 width=4) (actual time=0.010..0.018 rows=1 loops=1)
                     Filter: (id = 8)
                     Rows Removed by Filter: 112
                     Buffers: shared hit=1
               ->  Nested Loop  (cost=93678.33..545997.51 rows=23 width=8) (actual time=440.004..1340.064 rows=103 loops=1)
                     Buffers: shared hit=50557 read=60947, temp read=367 written=367
                     ->  Hash Join  (cost=93677.90..545770.20 rows=98 width=12) (actual time=439.934..1264.386 rows=2415 loops=1)
                           Hash Cond: (ci.role_id = rt.id)
                           Buffers: shared hit=43057 read=58787, temp read=367 written=367
                           ->  Nested Loop  (cost=93676.73..545766.93 rows=588 width=16) (actual time=439.684..1261.677 rows=19927 loops=1)
                                 Buffers: shared hit=43056 read=58787, temp read=367 written=367
                                 ->  Nested Loop  (cost=93676.29..543940.21 rows=41 width=20) (actual time=438.791..1009.388 rows=2810 loops=1)
                                       Buffers: shared hit=26586 read=47370, temp read=367 written=367
                                       ->  Hash Join  (cost=93675.85..482323.46 rows=1434 width=12) (actual time=438.704..775.146 rows=3024 loops=1)
                                             Hash Cond: (mi1.movie_id = t.id)
                                             Buffers: shared hit=8256 read=37029, temp read=367 written=367
                                             ->  Bitmap Heap Scan on movie_info mi1  (cost=14216.15..401868.03 rows=18503 width=8) (actual time=37.262..324.783 rows=203874 loops=1)
                                                   Recheck Cond: (info_type_id = 8)
                                                   Filter: ((info)::text = ANY ('{Czechoslovakia,"East Germany",France,Philippines,UK}'::text[]))
                                                   Rows Removed by Filter: 1121487
                                                   Heap Blocks: exact=7853
                                                   Buffers: shared hit=787 read=8106
                                                   ->  Bitmap Index Scan on info_type_id_movie_info  (cost=0.00..14211.52 rows=1329478 width=0) (actual time=36.281..36.281 rows=1325361 loops=1)
                                                         Index Cond: (info_type_id = 8)
                                                         Buffers: shared read=1040
                                             ->  Hash  (cost=76244.10..76244.10 rows=195968 width=4) (actual time=399.772..399.775 rows=11843 loops=1)
                                                   Buckets: 262144  Batches: 2  Memory Usage: 2260kB
                                                   Buffers: shared hit=7469 read=28923, temp written=17
                                                   ->  Hash Join  (cost=1.13..76244.10 rows=195968 width=4) (actual time=0.131..397.071 rows=11843 loops=1)
                                                         Hash Cond: (t.kind_id = kt.id)
                                                         Buffers: shared hit=7469 read=28923
                                                         ->  Seq Scan on title t  (cost=0.00..74315.95 rows=457258 width=8) (actual time=0.024..371.571 rows=451569 loops=1)
                                                               Filter: ((production_year <= 1975) AND (1875 < production_year))
                                                               Rows Removed by Filter: 2076743
                                                               Buffers: shared hit=7468 read=28923
                                                         ->  Hash  (cost=1.10..1.10 rows=3 width=4) (actual time=0.014..0.015 rows=3 loops=1)
                                                               Buckets: 1024  Batches: 1  Memory Usage: 9kB
                                                               Buffers: shared hit=1
                                                               ->  Seq Scan on kind_type kt  (cost=0.00..1.10 rows=3 width=4) (actual time=0.007..0.008 rows=3 loops=1)
                                                                     Filter: ((kind)::text = ANY ('{"tv series","video game","video movie"}'::text[]))
                                                                     Rows Removed by Filter: 4
                                                                     Buffers: shared hit=1
                                       ->  Index Scan using movie_id_movie_info on movie_info mi2  (cost=0.43..42.96 rows=1 width=8) (actual time=0.054..0.077 rows=1 loops=3024)
                                             Index Cond: (movie_id = t.id)
                                             Filter: ((info_type_id = 4) AND ((info)::text = ANY ('{Czech,English,Filipino,French,German}'::text[])))
                                             Rows Removed by Filter: 8
                                             Buffers: shared hit=18330 read=10341
                                 ->  Index Scan using movie_id_cast_info on cast_info ci  (cost=0.44..44.17 rows=38 width=12) (actual time=0.028..0.088 rows=7 loops=2810)
                                       Index Cond: (movie_id = t.id)
                                       Buffers: shared hit=16470 read=11417
                           ->  Hash  (cost=1.15..1.15 rows=2 width=4) (actual time=0.020..0.020 rows=2 loops=1)
                                 Buckets: 1024  Batches: 1  Memory Usage: 9kB
                                 Buffers: shared hit=1
                                 ->  Seq Scan on role_type rt  (cost=0.00..1.15 rows=2 width=4) (actual time=0.011..0.014 rows=2 loops=1)
                                       Filter: ((role)::text = ANY ('{cinematographer,writer}'::text[]))
                                       Rows Removed by Filter: 10
                                       Buffers: shared hit=1
                     ->  Index Scan using name_pkey on name n  (cost=0.43..2.32 rows=1 width=4) (actual time=0.031..0.031 rows=0 loops=2415)
                           Index Cond: (id = ci.person_id)
                           Filter: ((gender)::text = 'f'::text)
                           Rows Removed by Filter: 1
                           Buffers: shared hit=7500 read=2160
 Planning:
   Buffers: shared hit=484 read=90
 Planning Time: 13.641 ms
 Execution Time: 1340.811 ms
(76 rows)

