                                                                                               QUERY PLAN                                                                                               
--------------------------------------------------------------------------------------------------------------------------------------------------------------------------------------------------------
 Aggregate  (cost=493107.76..493107.77 rows=1 width=8) (actual time=9901.181..9901.188 rows=1 loops=1)
   Buffers: shared hit=911269 read=101817
   ->  Nested Loop  (cost=14217.71..493107.75 rows=3 width=0) (actual time=273.155..9898.238 rows=14756 loops=1)
         Buffers: shared hit=911269 read=101817
         ->  Hash Join  (cost=14217.28..493091.52 rows=7 width=4) (actual time=273.064..8603.445 rows=34683 loops=1)
               Hash Cond: (ci.role_id = rt.id)
               Buffers: shared hit=785584 read=88770
               ->  Nested Loop  (cost=14216.10..493090.18 rows=43 width=8) (actual time=128.273..8548.009 rows=275839 loops=1)
                     Buffers: shared hit=785583 read=88770
                     ->  Nested Loop  (cost=14215.66..492957.06 rows=3 width=12) (actual time=128.206..5557.230 rows=15214 loops=1)
                           Buffers: shared hit=509602 read=48862
                           ->  Seq Scan on info_type it2  (cost=0.00..2.41 rows=1 width=4) (actual time=0.030..0.041 rows=1 loops=1)
                                 Filter: (id = 4)
                                 Rows Removed by Filter: 112
                                 Buffers: shared hit=1
                           ->  Nested Loop  (cost=14215.66..492954.62 rows=3 width=16) (actual time=128.174..5553.356 rows=15214 loops=1)
                                 Buffers: shared hit=509601 read=48862
                                 ->  Seq Scan on info_type it1  (cost=0.00..2.41 rows=1 width=4) (actual time=0.009..0.021 rows=1 loops=1)
                                       Filter: (id = 8)
                                       Rows Removed by Filter: 112
                                       Buffers: shared hit=1
                                 ->  Nested Loop  (cost=14215.66..492952.18 rows=3 width=20) (actual time=128.162..5549.383 rows=15214 loops=1)
                                       Buffers: shared hit=509600 read=48862
                                       ->  Hash Join  (cost=14215.23..459060.67 rows=791 width=12) (actual time=39.282..3847.112 rows=18732 loops=1)
                                             Hash Cond: (t.kind_id = kt.id)
                                             Buffers: shared hit=355100 read=22706
                                             ->  Nested Loop  (cost=14214.10..459051.76 rows=1845 width=16) (actual time=38.442..3836.368 rows=22556 loops=1)
                                                   Buffers: shared hit=355099 read=22706
                                                   ->  Bitmap Heap Scan on movie_info mi1  (cost=14213.66..401865.54 rows=8543 width=8) (actual time=38.270..603.113 rows=92621 loops=1)
                                                         Recheck Cond: (info_type_id = 8)
                                                         Filter: ((info)::text = ANY ('{Brazil,Denmark,Greece,"South Korea",Spain}'::text[]))
                                                         Rows Removed by Filter: 1232740
                                                         Heap Blocks: exact=7853
                                                         Buffers: shared hit=1157 read=7736
                                                         ->  Bitmap Index Scan on info_type_id_movie_info  (cost=0.00..14211.52 rows=1329478 width=0) (actual time=37.246..37.246 rows=1325361 loops=1)
                                                               Index Cond: (info_type_id = 8)
                                                               Buffers: shared read=1040
                                                   ->  Memoize  (cost=0.44..6.76 rows=1 width=8) (actual time=0.034..0.034 rows=0 loops=92621)
                                                         Cache Key: mi1.movie_id
                                                         Cache Mode: logical
                                                         Hits: 393  Misses: 92228  Evictions: 0  Overflows: 0  Memory Usage: 7004kB
                                                         Buffers: shared hit=353942 read=14970
                                                         ->  Index Scan using title_pkey on title t  (cost=0.43..6.75 rows=1 width=8) (actual time=0.034..0.034 rows=0 loops=92228)
                                                               Index Cond: (id = mi1.movie_id)
                                                               Filter: ((production_year <= 1990) AND (1950 < production_year))
                                                               Rows Removed by Filter: 1
                                                               Buffers: shared hit=353942 read=14970
                                             ->  Hash  (cost=1.10..1.10 rows=3 width=4) (actual time=0.025..0.026 rows=3 loops=1)
                                                   Buckets: 1024  Batches: 1  Memory Usage: 9kB
                                                   Buffers: shared hit=1
                                                   ->  Seq Scan on kind_type kt  (cost=0.00..1.10 rows=3 width=4) (actual time=0.008..0.010 rows=3 loops=1)
                                                         Filter: ((kind)::text = ANY ('{episode,movie,"tv movie"}'::text[]))
                                                         Rows Removed by Filter: 4
                                                         Buffers: shared hit=1
                                       ->  Index Scan using movie_id_movie_info on movie_info mi2  (cost=0.43..42.84 rows=1 width=8) (actual time=0.047..0.090 rows=1 loops=18732)
                                             Index Cond: (movie_id = t.id)
                                             Filter: ((info_type_id = 4) AND ((info)::text = ANY ('{Danish,Greek,Korean,Portuguese,Spanish}'::text[])))
                                             Rows Removed by Filter: 8
                                             Buffers: shared hit=154500 read=26156
                     ->  Index Scan using movie_id_cast_info on cast_info ci  (cost=0.44..43.99 rows=38 width=12) (actual time=0.034..0.191 rows=18 loops=15214)
                           Index Cond: (movie_id = t.id)
                           Buffers: shared hit=275981 read=39908
               ->  Hash  (cost=1.15..1.15 rows=2 width=4) (actual time=0.035..0.035 rows=2 loops=1)
                     Buckets: 1024  Batches: 1  Memory Usage: 9kB
                     Buffers: shared hit=1
                     ->  Seq Scan on role_type rt  (cost=0.00..1.15 rows=2 width=4) (actual time=0.026..0.028 rows=2 loops=1)
                           Filter: ((role)::text = ANY ('{"miscellaneous crew",writer}'::text[]))
                           Rows Removed by Filter: 10
                           Buffers: shared hit=1
         ->  Index Scan using name_pkey on name n  (cost=0.43..2.32 rows=1 width=4) (actual time=0.037..0.037 rows=0 loops=34683)
               Index Cond: (id = ci.person_id)
               Filter: ((gender)::text = 'm'::text)
               Rows Removed by Filter: 1
               Buffers: shared hit=125685 read=13047
 Planning:
   Buffers: shared hit=519 read=55
 Planning Time: 11.101 ms
 Execution Time: 9903.436 ms
(78 rows)

