                                                                                            QUERY PLAN                                                                                            
--------------------------------------------------------------------------------------------------------------------------------------------------------------------------------------------------
 Aggregate  (cost=710808.73..710808.74 rows=1 width=8) (actual time=48265.606..48265.616 rows=1 loops=1)
   Buffers: shared hit=4194016 read=794646, temp read=3557 written=3557
   ->  Nested Loop  (cost=92535.33..710808.54 rows=76 width=0) (actual time=556.418..48261.737 rows=9582 loops=1)
         Buffers: shared hit=4194016 read=794646, temp read=3557 written=3557
         ->  Seq Scan on info_type it2  (cost=0.00..2.41 rows=1 width=4) (actual time=0.040..0.050 rows=1 loops=1)
               Filter: (id = 4)
               Rows Removed by Filter: 112
               Buffers: shared hit=1
         ->  Nested Loop  (cost=92535.33..710805.37 rows=76 width=4) (actual time=556.376..48258.825 rows=9582 loops=1)
               Buffers: shared hit=4194015 read=794646, temp read=3557 written=3557
               ->  Seq Scan on info_type it1  (cost=0.00..2.41 rows=1 width=4) (actual time=0.012..0.025 rows=1 loops=1)
                     Filter: (id = 8)
                     Rows Removed by Filter: 112
                     Buffers: shared hit=1
               ->  Nested Loop  (cost=92535.33..710802.20 rows=76 width=8) (actual time=556.361..48255.812 rows=9582 loops=1)
                     Buffers: shared hit=4194014 read=794646, temp read=3557 written=3557
                     ->  Hash Join  (cost=92534.90..710380.05 rows=182 width=12) (actual time=552.943..46430.233 rows=50336 loops=1)
                           Hash Cond: (ci.role_id = rt.id)
                           Buffers: shared hit=4004700 read=782616, temp read=3557 written=3557
                           ->  Nested Loop  (cost=92533.73..710371.14 rows=2179 width=16) (actual time=552.097..46060.578 rows=2107316 loops=1)
                                 Buffers: shared hit=4004699 read=782616, temp read=3557 written=3557
                                 ->  Nested Loop  (cost=92533.29..703598.88 rows=152 width=20) (actual time=552.069..22648.577 rows=140203 loops=1)
                                       Buffers: shared hit=1917999 read=394575, temp read=3557 written=3557
                                       ->  Hash Join  (cost=92532.86..466388.31 rows=5514 width=12) (actual time=551.999..1675.929 rows=208039 loops=1)
                                             Hash Cond: (mi2.movie_id = t.id)
                                             Buffers: shared hit=21297 read=24507, temp read=3557 written=3557
                                             ->  Bitmap Heap Scan on movie_info mi2  (cost=13073.15..385284.67 rows=71145 width=8) (actual time=37.111..527.506 rows=909172 loops=1)
                                                   Recheck Cond: (info_type_id = 4)
                                                   Filter: ((info)::text = ANY ('{English,French,German,Tagalog}'::text[]))
                                                   Rows Removed by Filter: 389817
                                                   Heap Blocks: exact=8393
                                                   Buffers: shared hit=1372 read=8040
                                                   ->  Bitmap Index Scan on info_type_id_movie_info  (cost=0.00..13055.37 rows=1221191 width=0) (actual time=36.071..36.071 rows=1298989 loops=1)
                                                         Index Cond: (info_type_id = 4)
                                                         Buffers: shared read=1019
                                             ->  Hash  (cost=76244.10..76244.10 rows=195968 width=4) (actual time=511.994..511.997 rows=439726 loops=1)
                                                   Buckets: 262144 (originally 262144)  Batches: 4 (originally 2)  Memory Usage: 6145kB
                                                   Buffers: shared hit=19925 read=16467, temp written=966
                                                   ->  Hash Join  (cost=1.13..76244.10 rows=195968 width=4) (actual time=0.041..439.788 rows=439726 loops=1)
                                                         Hash Cond: (t.kind_id = kt.id)
                                                         Buffers: shared hit=19925 read=16467
                                                         ->  Seq Scan on title t  (cost=0.00..74315.95 rows=457258 width=8) (actual time=0.025..385.742 rows=451569 loops=1)
                                                               Filter: ((production_year <= 1975) AND (1875 < production_year))
                                                               Rows Removed by Filter: 2076743
                                                               Buffers: shared hit=19924 read=16467
                                                         ->  Hash  (cost=1.10..1.10 rows=3 width=4) (actual time=0.013..0.014 rows=3 loops=1)
                                                               Buckets: 1024  Batches: 1  Memory Usage: 9kB
                                                               Buffers: shared hit=1
                                                               ->  Seq Scan on kind_type kt  (cost=0.00..1.10 rows=3 width=4) (actual time=0.006..0.007 rows=3 loops=1)
                                                                     Filter: ((kind)::text = ANY ('{episode,movie,"tv movie"}'::text[]))
                                                                     Rows Removed by Filter: 4
                                                                     Buffers: shared hit=1
                                       ->  Index Scan using movie_id_movie_info on movie_info mi1  (cost=0.43..43.01 rows=1 width=8) (actual time=0.094..0.100 rows=1 loops=208039)
                                             Index Cond: (movie_id = t.id)
                                             Filter: ((info_type_id = 8) AND ((info)::text = ANY ('{Austria,"East Germany",France,Philippines,UK,USA}'::text[])))
                                             Rows Removed by Filter: 12
                                             Buffers: shared hit=1896702 read=370068
                                 ->  Index Scan using movie_id_cast_info on cast_info ci  (cost=0.44..44.17 rows=38 width=12) (actual time=0.035..0.162 rows=15 loops=140203)
                                       Index Cond: (movie_id = t.id)
                                       Buffers: shared hit=2086700 read=388041
                           ->  Hash  (cost=1.15..1.15 rows=1 width=4) (actual time=0.016..0.017 rows=1 loops=1)
                                 Buckets: 1024  Batches: 1  Memory Usage: 9kB
                                 Buffers: shared hit=1
                                 ->  Seq Scan on role_type rt  (cost=0.00..1.15 rows=1 width=4) (actual time=0.010..0.011 rows=1 loops=1)
                                       Filter: ((role)::text = 'editor'::text)
                                       Rows Removed by Filter: 11
                                       Buffers: shared hit=1
                     ->  Index Scan using name_pkey on name n  (cost=0.43..2.32 rows=1 width=4) (actual time=0.036..0.036 rows=0 loops=50336)
                           Index Cond: (id = ci.person_id)
                           Filter: ((gender)::text = 'm'::text)
                           Rows Removed by Filter: 1
                           Buffers: shared hit=189314 read=12030
 Planning:
   Buffers: shared hit=520 read=54
 Planning Time: 14.153 ms
 Execution Time: 48266.201 ms
(76 rows)

