                                                                                                  QUERY PLAN                                                                                                  
--------------------------------------------------------------------------------------------------------------------------------------------------------------------------------------------------------------
 Aggregate  (cost=878660.70..878660.71 rows=1 width=8) (actual time=200967.745..200967.754 rows=1 loops=1)
   Buffers: shared hit=19189380 read=1705480, temp read=8236 written=8216
   ->  Nested Loop  (cost=812343.60..878660.03 rows=268 width=0) (actual time=990.929..200549.363 rows=2446025 loops=1)
         Buffers: shared hit=19189380 read=1705480, temp read=8236 written=8216
         ->  Seq Scan on info_type it2  (cost=0.00..2.41 rows=1 width=4) (actual time=0.047..0.058 rows=1 loops=1)
               Filter: (id = 4)
               Rows Removed by Filter: 112
               Buffers: shared hit=1
         ->  Nested Loop  (cost=812343.60..878654.94 rows=268 width=4) (actual time=990.880..200039.748 rows=2446025 loops=1)
               Buffers: shared hit=19189379 read=1705480, temp read=8236 written=8216
               ->  Seq Scan on info_type it1  (cost=0.00..2.41 rows=1 width=4) (actual time=0.015..0.027 rows=1 loops=1)
                     Filter: (id = 8)
                     Rows Removed by Filter: 112
                     Buffers: shared hit=1
               ->  Nested Loop  (cost=812343.60..878649.85 rows=268 width=8) (actual time=990.864..199499.495 rows=2446025 loops=1)
                     Buffers: shared hit=19189378 read=1705480, temp read=8236 written=8216
                     ->  Hash Join  (cost=812343.17..877169.99 rows=638 width=12) (actual time=990.830..112028.837 rows=2446025 loops=1)
                           Hash Cond: (ci.role_id = rt.id)
                           Buffers: shared hit=9530931 read=1579827, temp read=8236 written=8216
                           ->  Nested Loop  (cost=812342.01..877141.64 rows=7654 width=16) (actual time=990.785..109853.814 rows=8190676 loops=1)
                                 Buffers: shared hit=9530930 read=1579827, temp read=8236 written=8216
                                 ->  Nested Loop  (cost=812341.57..853807.07 rows=534 width=20) (actual time=990.763..20430.751 rows=352088 loops=1)
                                       Buffers: shared hit=2042524 read=53153, temp read=8236 written=8216
                                       ->  Nested Loop  (cost=812341.42..853776.19 rows=1246 width=24) (actual time=990.665..20056.656 rows=413232 loops=1)
                                             Join Filter: (t.id = mi1.movie_id)
                                             Buffers: shared hit=2042513 read=53152, temp read=8236 written=8216
                                             ->  Merge Join  (cost=812340.99..813092.37 rows=11572 width=16) (actual time=990.616..1810.995 rows=519340 loops=1)
                                                   Merge Cond: (mi1.movie_id = mi2.movie_id)
                                                   Buffers: shared hit=8625 read=9680, temp read=8236 written=8216
                                                   ->  Sort  (cost=406261.95..406401.03 rows=55630 width=8) (actual time=487.759..609.070 rows=612741 loops=1)
                                                         Sort Key: mi1.movie_id
                                                         Sort Method: external sort  Disk: 13240kB
                                                         Buffers: shared hit=4261 read=4632, temp read=3304 written=3312
                                                         ->  Bitmap Heap Scan on movie_info mi1  (cost=14225.43..401877.32 rows=55630 width=8) (actual time=37.256..337.026 rows=612741 loops=1)
                                                               Recheck Cond: (info_type_id = 8)
                                                               Filter: ((info)::text = ANY ('{Cuba,France,"Hong Kong","South Africa",USA}'::text[]))
                                                               Rows Removed by Filter: 712620
                                                               Heap Blocks: exact=7853
                                                               Buffers: shared hit=4261 read=4632
                                                               ->  Bitmap Index Scan on info_type_id_movie_info  (cost=0.00..14211.52 rows=1329478 width=0) (actual time=36.283..36.283 rows=1325361 loops=1)
                                                                     Index Cond: (info_type_id = 8)
                                                                     Buffers: shared read=1040
                                                   ->  Sort  (cost=406079.04..406257.80 rows=71502 width=8) (actual time=502.847..736.779 rows=912691 loops=1)
                                                         Sort Key: mi2.movie_id
                                                         Sort Method: external sort  Disk: 19608kB
                                                         Buffers: shared hit=4364 read=5048, temp read=4912 written=4904
                                                         ->  Bitmap Heap Scan on movie_info mi2  (cost=13073.24..400313.94 rows=71502 width=8) (actual time=30.425..283.530 rows=907111 loops=1)
                                                               Recheck Cond: (info_type_id = 4)
                                                               Filter: ((info)::text = ANY ('{English,Italian,Mandarin,None,Spanish}'::text[]))
                                                               Rows Removed by Filter: 391878
                                                               Heap Blocks: exact=8393
                                                               Buffers: shared hit=4364 read=5048
                                                               ->  Bitmap Index Scan on info_type_id_movie_info  (cost=0.00..13055.37 rows=1221191 width=0) (actual time=29.380..29.380 rows=1298989 loops=1)
                                                                     Index Cond: (info_type_id = 4)
                                                                     Buffers: shared hit=1 read=1018
                                             ->  Index Scan using title_pkey on title t  (cost=0.43..3.50 rows=1 width=8) (actual time=0.034..0.034 rows=1 loops=519340)
                                                   Index Cond: (id = mi2.movie_id)
                                                   Filter: ((production_year <= 2015) AND (1975 < production_year))
                                                   Rows Removed by Filter: 0
                                                   Buffers: shared hit=2033888 read=43472
                                       ->  Memoize  (cost=0.14..0.16 rows=1 width=4) (actual time=0.000..0.000 rows=1 loops=413232)
                                             Cache Key: t.kind_id
                                             Cache Mode: logical
                                             Hits: 413226  Misses: 6  Evictions: 0  Overflows: 0  Memory Usage: 1kB
                                             Buffers: shared hit=11 read=1
                                             ->  Index Scan using kind_type_pkey on kind_type kt  (cost=0.13..0.15 rows=1 width=4) (actual time=0.013..0.013 rows=0 loops=6)
                                                   Index Cond: (id = t.kind_id)
                                                   Filter: ((kind)::text = ANY ('{episode,movie,"video movie"}'::text[]))
                                                   Rows Removed by Filter: 0
                                                   Buffers: shared hit=11 read=1
                                 ->  Index Scan using movie_id_cast_info on cast_info ci  (cost=0.44..43.32 rows=38 width=12) (actual time=0.036..0.247 rows=23 loops=352088)
                                       Index Cond: (movie_id = t.id)
                                       Buffers: shared hit=7488406 read=1526674
                           ->  Hash  (cost=1.15..1.15 rows=1 width=4) (actual time=0.019..0.020 rows=1 loops=1)
                                 Buckets: 1024  Batches: 1  Memory Usage: 9kB
                                 Buffers: shared hit=1
                                 ->  Seq Scan on role_type rt  (cost=0.00..1.15 rows=1 width=4) (actual time=0.009..0.011 rows=1 loops=1)
                                       Filter: ((role)::text = 'actor'::text)
                                       Rows Removed by Filter: 11
                                       Buffers: shared hit=1
                     ->  Index Scan using name_pkey on name n  (cost=0.43..2.32 rows=1 width=4) (actual time=0.035..0.035 rows=1 loops=2446025)
                           Index Cond: (id = ci.person_id)
                           Filter: ((gender)::text = 'm'::text)
                           Buffers: shared hit=9658447 read=125653
 Planning:
   Buffers: shared hit=483 read=91
 Planning Time: 14.366 ms
 Execution Time: 200977.744 ms
(88 rows)

