                                                                                                  QUERY PLAN                                                                                                  
--------------------------------------------------------------------------------------------------------------------------------------------------------------------------------------------------------------
 Aggregate  (cost=937847.58..937847.59 rows=1 width=8) (actual time=52452.041..52452.049 rows=1 loops=1)
   Buffers: shared hit=4689527 read=540461, temp read=8725 written=8705
   ->  Nested Loop  (cost=858426.49..937846.78 rows=319 width=0) (actual time=1113.417..52441.889 rows=39070 loops=1)
         Buffers: shared hit=4689527 read=540461, temp read=8725 written=8705
         ->  Seq Scan on info_type it2  (cost=0.00..2.41 rows=1 width=4) (actual time=0.035..0.045 rows=1 loops=1)
               Filter: (id = 4)
               Rows Removed by Filter: 112
               Buffers: shared hit=1
         ->  Nested Loop  (cost=858426.49..937841.18 rows=319 width=4) (actual time=1113.381..52432.362 rows=39070 loops=1)
               Buffers: shared hit=4689526 read=540461, temp read=8725 written=8705
               ->  Seq Scan on info_type it1  (cost=0.00..2.41 rows=1 width=4) (actual time=0.008..0.021 rows=1 loops=1)
                     Filter: (id = 8)
                     Rows Removed by Filter: 112
                     Buffers: shared hit=1
               ->  Nested Loop  (cost=858426.49..937835.58 rows=319 width=8) (actual time=1113.372..52422.611 rows=39070 loops=1)
                     Buffers: shared hit=4689525 read=540461, temp read=8725 written=8705
                     ->  Hash Join  (cost=858426.06..936072.74 rows=760 width=12) (actual time=1113.047..42726.488 rows=257798 loops=1)
                           Hash Cond: (ci.role_id = rt.id)
                           Buffers: shared hit=3731110 read=467684, temp read=8725 written=8705
                           ->  Nested Loop  (cost=858424.89..936039.20 rows=9116 width=16) (actual time=1112.945..42364.497 rows=1498623 loops=1)
                                 Buffers: shared hit=3731109 read=467684, temp read=8725 written=8705
                                 ->  Nested Loop  (cost=858424.45..908247.46 rows=636 width=20) (actual time=1112.921..24599.852 rows=80719 loops=1)
                                       Buffers: shared hit=2447284 read=61941, temp read=8725 written=8705
                                       ->  Nested Loop  (cost=858424.31..908210.89 rows=1484 width=24) (actual time=1112.906..24248.101 rows=493909 loops=1)
                                             Join Filter: (t.id = mi1.movie_id)
                                             Buffers: shared hit=2447274 read=61939, temp read=8725 written=8705
                                             ->  Merge Join  (cost=858423.88..859249.89 rows=13778 width=16) (actual time=1112.852..1924.891 rows=622727 loops=1)
                                                   Merge Cond: (mi1.movie_id = mi2.movie_id)
                                                   Buffers: shared hit=3 read=18302, temp read=8725 written=8705
                                                   ->  Sort  (cost=452531.10..452701.75 rows=68260 width=8) (actual time=583.553..730.952 rows=734913 loops=1)
                                                         Sort Key: mi1.movie_id
                                                         Sort Method: external sort  Disk: 15888kB
                                                         Buffers: shared hit=1 read=8892, temp read=3964 written=3974
                                                         ->  Bitmap Heap Scan on movie_info mi1  (cost=14228.58..447050.25 rows=68260 width=8) (actual time=34.145..404.012 rows=734913 loops=1)
                                                               Recheck Cond: (info_type_id = 8)
                                                               Filter: ((info)::text = ANY ('{Albania,Belgium,"Hong Kong",India,Mexico,Singapore,UK,USA}'::text[]))
                                                               Rows Removed by Filter: 590448
                                                               Heap Blocks: exact=7853
                                                               Buffers: shared hit=1 read=8892
                                                               ->  Bitmap Index Scan on info_type_id_movie_info  (cost=0.00..14211.52 rows=1329478 width=0) (actual time=33.176..33.176 rows=1325361 loops=1)
                                                                     Index Cond: (info_type_id = 8)
                                                                     Buffers: shared read=1040
                                                   ->  Sort  (cost=405892.78..406066.24 rows=69385 width=8) (actual time=529.290..719.408 rows=884385 loops=1)
                                                         Sort Key: mi2.movie_id
                                                         Sort Method: external sort  Disk: 18912kB
                                                         Buffers: shared hit=2 read=9410, temp read=4740 written=4731
                                                         ->  Bitmap Heap Scan on movie_info mi2  (cost=13072.71..400313.41 rows=69385 width=8) (actual time=30.730..317.829 rows=874991 loops=1)
                                                               Recheck Cond: (info_type_id = 4)
                                                               Filter: ((info)::text = ANY ('{Albanian,Bengali,English,German,Italian}'::text[]))
                                                               Rows Removed by Filter: 423998
                                                               Heap Blocks: exact=8393
                                                               Buffers: shared hit=2 read=9410
                                                               ->  Bitmap Index Scan on info_type_id_movie_info  (cost=0.00..13055.37 rows=1221191 width=0) (actual time=29.694..29.694 rows=1298989 loops=1)
                                                                     Index Cond: (info_type_id = 4)
                                                                     Buffers: shared hit=1 read=1018
                                             ->  Index Scan using title_pkey on title t  (cost=0.43..3.54 rows=1 width=8) (actual time=0.035..0.035 rows=1 loops=622727)
                                                   Index Cond: (id = mi2.movie_id)
                                                   Filter: ((production_year <= 2015) AND (1975 < production_year))
                                                   Rows Removed by Filter: 0
                                                   Buffers: shared hit=2447271 read=43637
                                       ->  Memoize  (cost=0.14..0.16 rows=1 width=4) (actual time=0.000..0.000 rows=0 loops=493909)
                                             Cache Key: t.kind_id
                                             Cache Mode: logical
                                             Hits: 493903  Misses: 6  Evictions: 0  Overflows: 0  Memory Usage: 1kB
                                             Buffers: shared hit=10 read=2
                                             ->  Index Scan using kind_type_pkey on kind_type kt  (cost=0.13..0.15 rows=1 width=4) (actual time=0.013..0.013 rows=0 loops=6)
                                                   Index Cond: (id = t.kind_id)
                                                   Filter: ((kind)::text = ANY ('{"tv movie","tv series","video game"}'::text[]))
                                                   Rows Removed by Filter: 0
                                                   Buffers: shared hit=10 read=2
                                 ->  Index Scan using movie_id_cast_info on cast_info ci  (cost=0.44..43.32 rows=38 width=12) (actual time=0.037..0.214 rows=19 loops=80719)
                                       Index Cond: (movie_id = t.id)
                                       Buffers: shared hit=1283825 read=405743
                           ->  Hash  (cost=1.15..1.15 rows=1 width=4) (actual time=0.018..0.018 rows=1 loops=1)
                                 Buckets: 1024  Batches: 1  Memory Usage: 9kB
                                 Buffers: shared hit=1
                                 ->  Seq Scan on role_type rt  (cost=0.00..1.15 rows=1 width=4) (actual time=0.010..0.011 rows=1 loops=1)
                                       Filter: ((role)::text = 'miscellaneous crew'::text)
                                       Rows Removed by Filter: 11
                                       Buffers: shared hit=1
                     ->  Index Scan using name_pkey on name n  (cost=0.43..2.32 rows=1 width=4) (actual time=0.037..0.037 rows=0 loops=257798)
                           Index Cond: (id = ci.person_id)
                           Filter: ((gender)::text = 'm'::text)
                           Rows Removed by Filter: 1
                           Buffers: shared hit=958415 read=72777
 Planning:
   Buffers: shared hit=486 read=88
 Planning Time: 9.145 ms
 Execution Time: 52462.656 ms
(89 rows)

