                                                                                                  QUERY PLAN                                                                                                  
--------------------------------------------------------------------------------------------------------------------------------------------------------------------------------------------------------------
 Aggregate  (cost=934409.20..934409.21 rows=1 width=8) (actual time=46446.051..46446.059 rows=1 loops=1)
   Buffers: shared hit=4286793 read=478659, temp read=9487 written=9451
   ->  Nested Loop  (cost=843887.56..934408.17 rows=410 width=0) (actual time=1004.013..46441.750 rows=11016 loops=1)
         Buffers: shared hit=4286793 read=478659, temp read=9487 written=9451
         ->  Seq Scan on info_type it2  (cost=0.00..2.41 rows=1 width=4) (actual time=0.049..0.059 rows=1 loops=1)
               Filter: (id = 4)
               Rows Removed by Filter: 112
               Buffers: shared hit=1
         ->  Nested Loop  (cost=843887.56..934401.66 rows=410 width=4) (actual time=1003.962..46438.594 rows=11016 loops=1)
               Buffers: shared hit=4286792 read=478659, temp read=9487 written=9451
               ->  Seq Scan on info_type it1  (cost=0.00..2.41 rows=1 width=4) (actual time=0.009..0.021 rows=1 loops=1)
                     Filter: (id = 8)
                     Rows Removed by Filter: 112
                     Buffers: shared hit=1
               ->  Nested Loop  (cost=843887.56..934395.15 rows=410 width=8) (actual time=1003.951..46435.486 rows=11016 loops=1)
                     Buffers: shared hit=4286791 read=478659, temp read=9487 written=9451
                     ->  Hash Join  (cost=843887.13..932126.66 rows=978 width=12) (actual time=1003.692..44105.757 rows=60941 loops=1)
                           Hash Cond: (ci.role_id = rt.id)
                           Buffers: shared hit=4066449 read=455237, temp read=9487 written=9451
                           ->  Nested Loop  (cost=843885.97..932083.80 rows=11740 width=16) (actual time=1003.617..43779.226 rows=1693147 loops=1)
                                 Buffers: shared hit=4066448 read=455237, temp read=9487 written=9451
                                 ->  Nested Loop  (cost=843885.53..896326.52 rows=819 width=20) (actual time=1003.593..24574.723 rows=94496 loops=1)
                                       Buffers: shared hit=2540232 read=62093, temp read=9487 written=9451
                                       ->  Nested Loop  (cost=843885.39..896279.73 rows=1911 width=24) (actual time=1003.577..24156.316 rows=598993 loops=1)
                                             Join Filter: (t.id = mi1.movie_id)
                                             Buffers: shared hit=2540221 read=62092, temp read=9487 written=9451
                                             ->  Merge Join  (cost=843884.96..844757.92 rows=15082 width=16) (actual time=1003.528..1827.061 rows=646002 loops=1)
                                                   Merge Cond: (mi1.movie_id = mi2.movie_id)
                                                   Buffers: shared hit=3 read=18302, temp read=9487 written=9451
                                                   ->  Sort  (cost=392165.97..392332.67 rows=66677 width=8) (actual time=443.300..584.038 rows=745074 loops=1)
                                                         Sort Key: mi1.movie_id
                                                         Sort Method: external sort  Disk: 16104kB
                                                         Buffers: shared hit=1 read=8892, temp read=4018 written=4028
                                                         ->  Bitmap Heap Scan on movie_info mi1  (cost=14228.22..386823.51 rows=66677 width=8) (actual time=37.040..260.875 rows=745074 loops=1)
                                                               Recheck Cond: (info_type_id = 8)
                                                               Filter: ((info)::text = ANY ('{Belgium,Cuba,Denmark,Hungary,India,Israel,Nigeria,Sweden,Switzerland,UK,USA}'::text[]))
                                                               Rows Removed by Filter: 580287
                                                               Heap Blocks: exact=7853
                                                               Buffers: shared hit=1 read=8892
                                                               ->  Bitmap Index Scan on info_type_id_movie_info  (cost=0.00..14211.52 rows=1329478 width=0) (actual time=36.065..36.065 rows=1325361 loops=1)
                                                                     Index Cond: (info_type_id = 8)
                                                                     Buffers: shared read=1040
                                                   ->  Sort  (cost=451718.98..451913.36 rows=77751 width=8) (actual time=560.219..760.461 rows=1013876 loops=1)
                                                         Sort Key: mi2.movie_id
                                                         Sort Method: external sort  Disk: 21680kB
                                                         Buffers: shared hit=2 read=9410, temp read=5439 written=5423
                                                         ->  Bitmap Heap Scan on movie_info mi2  (cost=13074.81..445403.05 rows=77751 width=8) (actual time=30.953..317.014 rows=1002866 loops=1)
                                                               Recheck Cond: (info_type_id = 4)
                                                               Filter: ((info)::text = ANY ('{English,French,German,Kannada,Marathi,Russian,Spanish,Yoruba}'::text[]))
                                                               Rows Removed by Filter: 296123
                                                               Heap Blocks: exact=8393
                                                               Buffers: shared hit=2 read=9410
                                                               ->  Bitmap Index Scan on info_type_id_movie_info  (cost=0.00..13055.37 rows=1221191 width=0) (actual time=29.921..29.921 rows=1298989 loops=1)
                                                                     Index Cond: (info_type_id = 4)
                                                                     Buffers: shared hit=1 read=1018
                                             ->  Index Scan using title_pkey on title t  (cost=0.43..3.40 rows=1 width=8) (actual time=0.034..0.034 rows=1 loops=646002)
                                                   Index Cond: (id = mi2.movie_id)
                                                   Filter: ((production_year <= 2015) AND (1925 < production_year))
                                                   Rows Removed by Filter: 0
                                                   Buffers: shared hit=2540218 read=43790
                                       ->  Memoize  (cost=0.14..0.16 rows=1 width=4) (actual time=0.000..0.000 rows=0 loops=598993)
                                             Cache Key: t.kind_id
                                             Cache Mode: logical
                                             Hits: 598987  Misses: 6  Evictions: 0  Overflows: 0  Memory Usage: 1kB
                                             Buffers: shared hit=11 read=1
                                             ->  Index Scan using kind_type_pkey on kind_type kt  (cost=0.13..0.15 rows=1 width=4) (actual time=0.012..0.012 rows=0 loops=6)
                                                   Index Cond: (id = t.kind_id)
                                                   Filter: ((kind)::text = ANY ('{"tv movie","tv series","video game"}'::text[]))
                                                   Rows Removed by Filter: 0
                                                   Buffers: shared hit=11 read=1
                                 ->  Index Scan using movie_id_cast_info on cast_info ci  (cost=0.44..43.28 rows=38 width=12) (actual time=0.035..0.198 rows=18 loops=94496)
                                       Index Cond: (movie_id = t.id)
                                       Buffers: shared hit=1526216 read=393144
                           ->  Hash  (cost=1.15..1.15 rows=1 width=4) (actual time=0.021..0.022 rows=1 loops=1)
                                 Buckets: 1024  Batches: 1  Memory Usage: 9kB
                                 Buffers: shared hit=1
                                 ->  Seq Scan on role_type rt  (cost=0.00..1.15 rows=1 width=4) (actual time=0.011..0.012 rows=1 loops=1)
                                       Filter: ((role)::text = 'editor'::text)
                                       Rows Removed by Filter: 11
                                       Buffers: shared hit=1
                     ->  Index Scan using name_pkey on name n  (cost=0.43..2.32 rows=1 width=4) (actual time=0.038..0.038 rows=0 loops=60941)
                           Index Cond: (id = ci.person_id)
                           Filter: ((gender)::text = 'm'::text)
                           Rows Removed by Filter: 1
                           Buffers: shared hit=220342 read=23422
 Planning:
   Buffers: shared hit=488 read=89
 Planning Time: 13.772 ms
 Execution Time: 46457.514 ms
(89 rows)

