                                                                                            QUERY PLAN                                                                                            
--------------------------------------------------------------------------------------------------------------------------------------------------------------------------------------------------
 Aggregate  (cost=637044.96..637044.97 rows=1 width=8) (actual time=26048.703..26048.713 rows=1 loops=1)
   Buffers: shared hit=2298863 read=399456, temp read=2030 written=2030
   ->  Nested Loop  (cost=91932.36..637044.88 rows=31 width=0) (actual time=640.912..26047.653 rows=3012 loops=1)
         Buffers: shared hit=2298863 read=399456, temp read=2030 written=2030
         ->  Seq Scan on info_type it2  (cost=0.00..2.41 rows=1 width=4) (actual time=0.045..0.054 rows=1 loops=1)
               Filter: (id = 4)
               Rows Removed by Filter: 112
               Buffers: shared hit=1
         ->  Nested Loop  (cost=91932.36..637042.16 rows=31 width=4) (actual time=640.865..26046.761 rows=3012 loops=1)
               Buffers: shared hit=2298862 read=399456, temp read=2030 written=2030
               ->  Seq Scan on info_type it1  (cost=0.00..2.41 rows=1 width=4) (actual time=0.014..0.025 rows=1 loops=1)
                     Filter: (id = 8)
                     Rows Removed by Filter: 112
                     Buffers: shared hit=1
               ->  Nested Loop  (cost=91932.36..637039.44 rows=31 width=8) (actual time=640.847..26045.841 rows=3012 loops=1)
                     Buffers: shared hit=2298861 read=399456, temp read=2030 written=2030
                     ->  Hash Join  (cost=91931.93..636726.30 rows=135 width=12) (actual time=530.538..25566.594 rows=13086 loops=1)
                           Hash Cond: (ci.role_id = rt.id)
                           Buffers: shared hit=2248089 read=397884, temp read=2030 written=2030
                           ->  Nested Loop  (cost=91930.76..636719.38 rows=1620 width=16) (actual time=513.259..25329.530 rows=1435750 loops=1)
                                 Buffers: shared hit=2248088 read=397884, temp read=2030 written=2030
                                 ->  Nested Loop  (cost=91930.32..631648.01 rows=113 width=20) (actual time=513.239..10471.990 rows=73007 loops=1)
                                       Buffers: shared hit=818799 read=217048, temp read=2030 written=2030
                                       ->  Hash Join  (cost=91929.89..464804.78 rows=3854 width=12) (actual time=513.143..1410.828 rows=87965 loops=1)
                                             Hash Cond: (mi1.movie_id = t.id)
                                             Buffers: shared hit=6402 read=38883, temp read=2030 written=2030
                                             ->  Bitmap Heap Scan on movie_info mi1  (cost=14227.61..386822.91 rows=64282 width=8) (actual time=36.449..474.633 rows=684634 loops=1)
                                                   Recheck Cond: (info_type_id = 8)
                                                   Filter: ((info)::text = ANY ('{Australia,Austria,Belgium,Canada,Egypt,India,Portugal,Romania,USA}'::text[]))
                                                   Rows Removed by Filter: 640727
                                                   Heap Blocks: exact=7853
                                                   Buffers: shared hit=3 read=8890
                                                   ->  Bitmap Index Scan on info_type_id_movie_info  (cost=0.00..14211.52 rows=1329478 width=0) (actual time=35.458..35.458 rows=1325361 loops=1)
                                                         Index Cond: (info_type_id = 8)
                                                         Buffers: shared read=1040
                                             ->  Hash  (cost=75807.58..75807.58 rows=151576 width=4) (actual time=475.472..475.477 rows=335746 loops=1)
                                                   Buckets: 262144 (originally 262144)  Batches: 2 (originally 1)  Memory Usage: 7957kB
                                                   Buffers: shared hit=6399 read=29993, temp written=491
                                                   ->  Hash Join  (cost=1.13..75807.58 rows=151576 width=4) (actual time=0.038..415.129 rows=335746 loops=1)
                                                         Hash Cond: (t.kind_id = kt.id)
                                                         Buffers: shared hit=6399 read=29993
                                                         ->  Seq Scan on title t  (cost=0.00..74315.95 rows=353677 width=8) (actual time=0.021..372.168 rows=347589 loops=1)
                                                               Filter: ((production_year <= 1975) AND (1925 < production_year))
                                                               Rows Removed by Filter: 2180723
                                                               Buffers: shared hit=6398 read=29993
                                                         ->  Hash  (cost=1.10..1.10 rows=3 width=4) (actual time=0.014..0.015 rows=3 loops=1)
                                                               Buckets: 1024  Batches: 1  Memory Usage: 9kB
                                                               Buffers: shared hit=1
                                                               ->  Seq Scan on kind_type kt  (cost=0.00..1.10 rows=3 width=4) (actual time=0.007..0.008 rows=3 loops=1)
                                                                     Filter: ((kind)::text = ANY ('{episode,movie,"tv movie"}'::text[]))
                                                                     Rows Removed by Filter: 4
                                                                     Buffers: shared hit=1
                                       ->  Index Scan using movie_id_movie_info on movie_info mi2  (cost=0.43..43.28 rows=1 width=8) (actual time=0.047..0.102 rows=1 loops=87965)
                                             Index Cond: (movie_id = t.id)
                                             Filter: ((info_type_id = 4) AND ((info)::text = ANY ('{Arabic,Dutch,English,French,German,Portuguese,Romanian}'::text[])))
                                             Rows Removed by Filter: 14
                                             Buffers: shared hit=812397 read=178165
                                 ->  Index Scan using movie_id_cast_info on cast_info ci  (cost=0.44..44.50 rows=38 width=12) (actual time=0.035..0.198 rows=20 loops=73007)
                                       Index Cond: (movie_id = t.id)
                                       Buffers: shared hit=1429289 read=180836
                           ->  Hash  (cost=1.15..1.15 rows=1 width=4) (actual time=0.018..0.018 rows=1 loops=1)
                                 Buckets: 1024  Batches: 1  Memory Usage: 9kB
                                 Buffers: shared hit=1
                                 ->  Seq Scan on role_type rt  (cost=0.00..1.15 rows=1 width=4) (actual time=0.011..0.012 rows=1 loops=1)
                                       Filter: ((role)::text = 'costume designer'::text)
                                       Rows Removed by Filter: 11
                                       Buffers: shared hit=1
                     ->  Index Scan using name_pkey on name n  (cost=0.43..2.32 rows=1 width=4) (actual time=0.036..0.036 rows=0 loops=13086)
                           Index Cond: (id = ci.person_id)
                           Filter: ((gender)::text = 'f'::text)
                           Rows Removed by Filter: 1
                           Buffers: shared hit=50772 read=1572
 Planning:
   Buffers: shared hit=488 read=89
 Planning Time: 13.538 ms
 Execution Time: 26049.315 ms
(76 rows)

