                                                                                               QUERY PLAN                                                                                               
--------------------------------------------------------------------------------------------------------------------------------------------------------------------------------------------------------
 Aggregate  (cost=439877.97..439877.98 rows=1 width=8) (actual time=2671.366..2671.374 rows=1 loops=1)
   Buffers: shared hit=237822 read=31929
   ->  Nested Loop  (cost=14216.52..439877.95 rows=8 width=0) (actual time=52.146..2671.337 rows=118 loops=1)
         Buffers: shared hit=237822 read=31929
         ->  Hash Join  (cost=14216.09..439850.12 rows=12 width=4) (actual time=49.425..2660.828 rows=273 loops=1)
               Hash Cond: (ci.role_id = rt.id)
               Buffers: shared hit=237162 read=31497
               ->  Nested Loop  (cost=14214.91..439848.68 rows=72 width=8) (actual time=37.253..2660.424 rows=2253 loops=1)
                     Buffers: shared hit=237161 read=31497
                     ->  Nested Loop  (cost=14214.47..439625.91 rows=5 width=12) (actual time=37.217..2628.391 rows=259 loops=1)
                           Buffers: shared hit=235605 read=30110
                           ->  Seq Scan on info_type it2  (cost=0.00..2.41 rows=1 width=4) (actual time=0.033..0.042 rows=1 loops=1)
                                 Filter: (id = 4)
                                 Rows Removed by Filter: 112
                                 Buffers: shared hit=1
                           ->  Nested Loop  (cost=14214.47..439623.45 rows=5 width=16) (actual time=37.183..2628.298 rows=259 loops=1)
                                 Buffers: shared hit=235604 read=30110
                                 ->  Seq Scan on info_type it1  (cost=0.00..2.41 rows=1 width=4) (actual time=0.009..0.020 rows=1 loops=1)
                                       Filter: (id = 8)
                                       Rows Removed by Filter: 112
                                       Buffers: shared hit=1
                                 ->  Nested Loop  (cost=14214.47..439620.99 rows=5 width=20) (actual time=37.171..2628.222 rows=259 loops=1)
                                       Buffers: shared hit=235603 read=30110
                                       ->  Hash Join  (cost=14214.04..430996.55 rows=200 width=12) (actual time=37.115..2606.153 rows=299 loops=1)
                                             Hash Cond: (t.kind_id = kt.id)
                                             Buffers: shared hit=234342 read=28848
                                             ->  Nested Loop  (cost=14212.93..430992.49 rows=700 width=16) (actual time=37.071..2602.372 rows=18112 loops=1)
                                                   Buffers: shared hit=234341 read=28848
                                                   ->  Bitmap Heap Scan on movie_info mi1  (cost=14212.49..401864.37 rows=3868 width=8) (actual time=37.033..509.284 rows=63921 loops=1)
                                                         Recheck Cond: (info_type_id = 8)
                                                         Filter: ((info)::text = ANY ('{"Hong Kong",India,Netherlands,Romania,Sweden}'::text[]))
                                                         Rows Removed by Filter: 1261440
                                                         Heap Blocks: exact=7853
                                                         Buffers: shared hit=4105 read=4788
                                                         ->  Bitmap Index Scan on info_type_id_movie_info  (cost=0.00..14211.52 rows=1329478 width=0) (actual time=36.021..36.021 rows=1325361 loops=1)
                                                               Index Cond: (info_type_id = 8)
                                                               Buffers: shared read=1040
                                                   ->  Memoize  (cost=0.44..7.55 rows=1 width=8) (actual time=0.032..0.032 rows=0 loops=63921)
                                                         Cache Key: mi1.movie_id
                                                         Cache Mode: logical
                                                         Hits: 347  Misses: 63574  Evictions: 0  Overflows: 0  Memory Usage: 4928kB
                                                         Buffers: shared hit=230236 read=24060
                                                         ->  Index Scan using title_pkey on title t  (cost=0.43..7.54 rows=1 width=8) (actual time=0.032..0.032 rows=0 loops=63574)
                                                               Index Cond: (id = mi1.movie_id)
                                                               Filter: ((production_year <= 1975) AND (1875 < production_year))
                                                               Rows Removed by Filter: 1
                                                               Buffers: shared hit=230236 read=24060
                                             ->  Hash  (cost=1.09..1.09 rows=2 width=4) (actual time=0.015..0.016 rows=2 loops=1)
                                                   Buckets: 1024  Batches: 1  Memory Usage: 9kB
                                                   Buffers: shared hit=1
                                                   ->  Seq Scan on kind_type kt  (cost=0.00..1.09 rows=2 width=4) (actual time=0.009..0.011 rows=2 loops=1)
                                                         Filter: ((kind)::text = ANY ('{"tv series","video game"}'::text[]))
                                                         Rows Removed by Filter: 5
                                                         Buffers: shared hit=1
                                       ->  Index Scan using movie_id_movie_info on movie_info mi2  (cost=0.43..43.11 rows=1 width=8) (actual time=0.059..0.073 rows=1 loops=299)
                                             Index Cond: (movie_id = t.id)
                                             Filter: ((info_type_id = 4) AND ((info)::text = ANY ('{Bengali,Cantonese,Dutch,English,Malayalam,Mandarin,Romanian,Swedish}'::text[])))
                                             Rows Removed by Filter: 6
                                             Buffers: shared hit=1261 read=1262
                     ->  Index Scan using movie_id_cast_info on cast_info ci  (cost=0.44..44.17 rows=38 width=12) (actual time=0.040..0.122 rows=9 loops=259)
                           Index Cond: (movie_id = t.id)
                           Buffers: shared hit=1556 read=1387
               ->  Hash  (cost=1.15..1.15 rows=2 width=4) (actual time=0.043..0.044 rows=2 loops=1)
                     Buckets: 1024  Batches: 1  Memory Usage: 9kB
                     Buffers: shared hit=1
                     ->  Seq Scan on role_type rt  (cost=0.00..1.15 rows=2 width=4) (actual time=0.028..0.031 rows=2 loops=1)
                           Filter: ((role)::text = ANY ('{"miscellaneous crew",writer}'::text[]))
                           Rows Removed by Filter: 10
                           Buffers: shared hit=1
         ->  Index Scan using name_pkey on name n  (cost=0.43..2.32 rows=1 width=4) (actual time=0.038..0.038 rows=0 loops=273)
               Index Cond: (id = ci.person_id)
               Filter: ((gender)::text = ANY ('{f,m}'::text[]))
               Rows Removed by Filter: 1
               Buffers: shared hit=660 read=432
 Planning:
   Buffers: shared hit=481 read=93
 Planning Time: 13.903 ms
 Execution Time: 2673.122 ms
(78 rows)

