                                                                                            QUERY PLAN                                                                                            
--------------------------------------------------------------------------------------------------------------------------------------------------------------------------------------------------
 Aggregate  (cost=765962.11..765962.12 rows=1 width=8) (actual time=6847.948..6847.956 rows=1 loops=1)
   Buffers: shared hit=481730 read=205906, temp read=1088 written=1088
   ->  Nested Loop  (cost=108135.09..765961.89 rows=91 width=0) (actual time=636.614..6847.209 rows=2033 loops=1)
         Buffers: shared hit=481730 read=205906, temp read=1088 written=1088
         ->  Seq Scan on info_type it2  (cost=0.00..2.41 rows=1 width=4) (actual time=0.039..0.048 rows=1 loops=1)
               Filter: (id = 4)
               Rows Removed by Filter: 112
               Buffers: shared hit=1
         ->  Nested Loop  (cost=108135.09..765958.56 rows=91 width=4) (actual time=636.573..6846.663 rows=2033 loops=1)
               Buffers: shared hit=481729 read=205906, temp read=1088 written=1088
               ->  Seq Scan on info_type it1  (cost=0.00..2.41 rows=1 width=4) (actual time=0.008..0.018 rows=1 loops=1)
                     Filter: (id = 8)
                     Rows Removed by Filter: 112
                     Buffers: shared hit=1
               ->  Nested Loop  (cost=108135.09..765955.24 rows=91 width=8) (actual time=636.563..6846.124 rows=2033 loops=1)
                     Buffers: shared hit=481728 read=205906, temp read=1088 written=1088
                     ->  Hash Join  (cost=108134.66..765454.22 rows=216 width=12) (actual time=606.947..6625.688 rows=6370 loops=1)
                           Hash Cond: (ci.role_id = rt.id)
                           Buffers: shared hit=459789 read=202365, temp read=1088 written=1088
                           ->  Nested Loop  (cost=108133.49..765443.85 rows=2594 width=16) (actual time=605.406..6582.396 rows=302746 loops=1)
                                 Buffers: shared hit=459788 read=202365, temp read=1088 written=1088
                                 ->  Nested Loop  (cost=108133.05..757527.71 rows=181 width=20) (actual time=605.378..3229.119 rows=20144 loops=1)
                                       Buffers: shared hit=219694 read=86704, temp read=1088 written=1088
                                       ->  Hash Join  (cost=108132.62..483964.11 rows=6442 width=12) (actual time=605.321..907.134 rows=27710 loops=1)
                                             Hash Cond: (mi1.movie_id = t.id)
                                             Buffers: shared hit=28241 read=17044, temp read=1088 written=1088
                                             ->  Bitmap Heap Scan on movie_info mi1  (cost=14216.99..386812.29 rows=21806 width=8) (actual time=34.640..227.515 rows=243767 loops=1)
                                                   Recheck Cond: (info_type_id = 8)
                                                   Filter: ((info)::text = ANY ('{Belgium,Egypt,India,Israel,Philippines,Spain,Sweden,Switzerland,UK}'::text[]))
                                                   Rows Removed by Filter: 1081594
                                                   Heap Blocks: exact=7853
                                                   Buffers: shared hit=8849 read=44
                                                   ->  Bitmap Index Scan on info_type_id_movie_info  (cost=0.00..14211.52 rows=1329478 width=0) (actual time=33.672..33.672 rows=1325361 loops=1)
                                                         Index Cond: (info_type_id = 8)
                                                         Buffers: shared hit=1040
                                             ->  Hash  (cost=81661.50..81661.50 rows=746890 width=4) (actual time=569.524..569.527 rows=138444 loops=1)
                                                   Buckets: 262144  Batches: 8  Memory Usage: 2656kB
                                                   Buffers: shared hit=19392 read=17000, temp written=350
                                                   ->  Hash Join  (cost=1.13..81661.50 rows=746890 width=4) (actual time=0.072..549.310 rows=138444 loops=1)
                                                         Hash Cond: (t.kind_id = kt.id)
                                                         Buffers: shared hit=19392 read=17000
                                                         ->  Seq Scan on title t  (cost=0.00..74315.95 rows=1742744 width=8) (actual time=0.044..448.060 rows=1748995 loops=1)
                                                               Filter: ((production_year <= 2015) AND (1990 < production_year))
                                                               Rows Removed by Filter: 779317
                                                               Buffers: shared hit=19391 read=17000
                                                         ->  Hash  (cost=1.10..1.10 rows=3 width=4) (actual time=0.013..0.014 rows=3 loops=1)
                                                               Buckets: 1024  Batches: 1  Memory Usage: 9kB
                                                               Buffers: shared hit=1
                                                               ->  Seq Scan on kind_type kt  (cost=0.00..1.10 rows=3 width=4) (actual time=0.007..0.008 rows=3 loops=1)
                                                                     Filter: ((kind)::text = ANY ('{"tv movie","tv series","video game"}'::text[]))
                                                                     Rows Removed by Filter: 4
                                                                     Buffers: shared hit=1
                                       ->  Index Scan using movie_id_movie_info on movie_info mi2  (cost=0.43..42.46 rows=1 width=8) (actual time=0.055..0.083 rows=1 loops=27710)
                                             Index Cond: (movie_id = t.id)
                                             Filter: ((info_type_id = 4) AND ((info)::text = ANY ('{Arabic,Bengali,English,French,Galician,German}'::text[])))
                                             Rows Removed by Filter: 8
                                             Buffers: shared hit=191453 read=69660
                                 ->  Index Scan using movie_id_cast_info on cast_info ci  (cost=0.44..43.36 rows=38 width=12) (actual time=0.034..0.163 rows=15 loops=20144)
                                       Index Cond: (movie_id = t.id)
                                       Buffers: shared hit=240094 read=115661
                           ->  Hash  (cost=1.15..1.15 rows=1 width=4) (actual time=0.015..0.015 rows=1 loops=1)
                                 Buckets: 1024  Batches: 1  Memory Usage: 9kB
                                 Buffers: shared hit=1
                                 ->  Seq Scan on role_type rt  (cost=0.00..1.15 rows=1 width=4) (actual time=0.009..0.010 rows=1 loops=1)
                                       Filter: ((role)::text = 'composer'::text)
                                       Rows Removed by Filter: 11
                                       Buffers: shared hit=1
                     ->  Index Scan using name_pkey on name n  (cost=0.43..2.32 rows=1 width=4) (actual time=0.034..0.034 rows=0 loops=6370)
                           Index Cond: (id = ci.person_id)
                           Filter: ((gender)::text = 'm'::text)
                           Rows Removed by Filter: 1
                           Buffers: shared hit=21939 read=3541
 Planning:
   Buffers: shared hit=576 read=1
 Planning Time: 13.304 ms
 Execution Time: 6848.455 ms
(76 rows)

