                                                                                            QUERY PLAN                                                                                            
--------------------------------------------------------------------------------------------------------------------------------------------------------------------------------------------------
 Aggregate  (cost=919141.73..919141.74 rows=1 width=8) (actual time=55549.049..55549.059 rows=1 loops=1)
   Buffers: shared hit=5406166 read=261692, temp read=19779 written=19779
   ->  Nested Loop  (cost=544897.46..919141.40 rows=133 width=0) (actual time=1611.275..55524.544 rows=113467 loops=1)
         Buffers: shared hit=5406166 read=261692, temp read=19779 written=19779
         ->  Seq Scan on info_type it2  (cost=0.00..2.41 rows=1 width=4) (actual time=0.042..0.051 rows=1 loops=1)
               Filter: (id = 4)
               Rows Removed by Filter: 112
               Buffers: shared hit=1
         ->  Nested Loop  (cost=544897.46..919137.66 rows=133 width=4) (actual time=1611.232..55499.174 rows=113467 loops=1)
               Buffers: shared hit=5406165 read=261692, temp read=19779 written=19779
               ->  Seq Scan on info_type it1  (cost=0.00..2.41 rows=1 width=4) (actual time=0.010..0.023 rows=1 loops=1)
                     Filter: (id = 8)
                     Rows Removed by Filter: 112
                     Buffers: shared hit=1
               ->  Nested Loop  (cost=544897.46..919133.91 rows=133 width=8) (actual time=1611.221..55472.394 rows=113467 loops=1)
                     Join Filter: (t.id = mi2.movie_id)
                     Buffers: shared hit=5406164 read=261692, temp read=19779 written=19779
                     ->  Nested Loop  (cost=544897.02..725996.45 rows=4568 width=16) (actual time=1611.190..43173.532 rows=114196 loops=1)
                           Buffers: shared hit=4288707 read=128059, temp read=19779 written=19779
                           ->  Hash Join  (cost=544896.59..680383.10 rows=19665 width=20) (actual time=1610.685..5769.134 rows=1083985 loops=1)
                                 Hash Cond: (ci.movie_id = t.id)
                                 Buffers: shared hit=11331 read=69495, temp read=19779 written=19779
                                 ->  Nested Loop  (cost=0.44..123965.00 rows=3020080 width=8) (actual time=0.117..1788.342 rows=4008037 loops=1)
                                       Buffers: shared hit=3906 read=31635
                                       ->  Seq Scan on role_type rt  (cost=0.00..1.15 rows=1 width=4) (actual time=0.012..0.015 rows=1 loops=1)
                                             Filter: ((role)::text = 'producer'::text)
                                             Rows Removed by Filter: 11
                                             Buffers: shared hit=1
                                       ->  Index Scan using role_id_cast_info on cast_info ci  (cost=0.44..91017.52 rows=3294633 width=12) (actual time=0.103..1188.266 rows=4008037 loops=1)
                                             Index Cond: (role_id = rt.id)
                                             Buffers: shared hit=3905 read=31635
                                 ->  Hash  (cost=544690.36..544690.36 rows=16463 width=12) (actual time=1610.211..1610.216 rows=352969 loops=1)
                                       Buckets: 262144 (originally 32768)  Batches: 4 (originally 1)  Memory Usage: 6145kB
                                       Buffers: shared hit=7425 read=37860, temp read=8210 written=9241
                                       ->  Hash Join  (cost=108141.08..544690.36 rows=16463 width=12) (actual time=878.140..1551.387 rows=352969 loops=1)
                                             Hash Cond: (mi1.movie_id = t.id)
                                             Buffers: shared hit=7425 read=37860, temp read=8210 written=8210
                                             ->  Bitmap Heap Scan on movie_info mi1  (cost=14225.45..447047.12 rows=55731 width=8) (actual time=37.423..403.021 rows=618926 loops=1)
                                                   Recheck Cond: (info_type_id = 8)
                                                   Filter: ((info)::text = ANY ('{China,Colombia,France,Israel,Romania,Singapore,Switzerland,USA}'::text[]))
                                                   Rows Removed by Filter: 706435
                                                   Heap Blocks: exact=7853
                                                   Buffers: shared hit=4812 read=4081
                                                   ->  Bitmap Index Scan on info_type_id_movie_info  (cost=0.00..14211.52 rows=1329478 width=0) (actual time=36.433..36.433 rows=1325361 loops=1)
                                                         Index Cond: (info_type_id = 8)
                                                         Buffers: shared read=1040
                                             ->  Hash  (cost=81661.50..81661.50 rows=746890 width=4) (actual time=839.333..839.336 rows=1610551 loops=1)
                                                   Buckets: 262144 (originally 262144)  Batches: 16 (originally 8)  Memory Usage: 6145kB
                                                   Buffers: shared hit=2613 read=33779, temp written=4414
                                                   ->  Hash Join  (cost=1.13..81661.50 rows=746890 width=4) (actual time=0.041..625.537 rows=1610551 loops=1)
                                                         Hash Cond: (t.kind_id = kt.id)
                                                         Buffers: shared hit=2613 read=33779
                                                         ->  Seq Scan on title t  (cost=0.00..74315.95 rows=1742744 width=8) (actual time=0.022..430.780 rows=1748995 loops=1)
                                                               Filter: ((production_year <= 2015) AND (1990 < production_year))
                                                               Rows Removed by Filter: 779317
                                                               Buffers: shared hit=2612 read=33779
                                                         ->  Hash  (cost=1.10..1.10 rows=3 width=4) (actual time=0.015..0.017 rows=3 loops=1)
                                                               Buckets: 1024  Batches: 1  Memory Usage: 9kB
                                                               Buffers: shared hit=1
                                                               ->  Seq Scan on kind_type kt  (cost=0.00..1.10 rows=3 width=4) (actual time=0.006..0.008 rows=3 loops=1)
                                                                     Filter: ((kind)::text = ANY ('{episode,movie,"video movie"}'::text[]))
                                                                     Rows Removed by Filter: 4
                                                                     Buffers: shared hit=1
                           ->  Index Scan using name_pkey on name n  (cost=0.43..2.32 rows=1 width=4) (actual time=0.034..0.034 rows=0 loops=1083985)
                                 Index Cond: (id = ci.person_id)
                                 Filter: ((gender)::text = 'f'::text)
                                 Rows Removed by Filter: 1
                                 Buffers: shared hit=4277376 read=58564
                     ->  Index Scan using movie_id_movie_info on movie_info mi2  (cost=0.43..42.27 rows=1 width=8) (actual time=0.056..0.107 rows=1 loops=114196)
                           Index Cond: (movie_id = ci.movie_id)
                           Filter: ((info_type_id = 4) AND ((info)::text = ANY ('{English,German,Mandarin,Romanian,Russian,Spanish}'::text[])))
                           Rows Removed by Filter: 17
                           Buffers: shared hit=1117457 read=133633
 Planning:
   Buffers: shared hit=484 read=90
 Planning Time: 14.439 ms
 Execution Time: 55549.669 ms
(77 rows)

