                                                                                                          QUERY PLAN                                                                                                          
------------------------------------------------------------------------------------------------------------------------------------------------------------------------------------------------------------------------------
 Aggregate  (cost=616675.78..616675.79 rows=1 width=8) (actual time=30426.347..30426.358 rows=1 loops=1)
   Buffers: shared hit=2705219 read=451060, temp read=1892 written=1892
   ->  Nested Loop  (cost=91930.34..616675.64 rows=57 width=0) (actual time=586.238..30425.718 rows=1323 loops=1)
         Buffers: shared hit=2705219 read=451060, temp read=1892 written=1892
         ->  Seq Scan on info_type it2  (cost=0.00..2.41 rows=1 width=4) (actual time=0.038..0.048 rows=1 loops=1)
               Filter: (id = 4)
               Rows Removed by Filter: 112
               Buffers: shared hit=1
         ->  Nested Loop  (cost=91930.34..616672.65 rows=57 width=4) (actual time=586.198..30425.251 rows=1323 loops=1)
               Buffers: shared hit=2705218 read=451060, temp read=1892 written=1892
               ->  Seq Scan on info_type it1  (cost=0.00..2.41 rows=1 width=4) (actual time=0.010..0.022 rows=1 loops=1)
                     Filter: (id = 8)
                     Rows Removed by Filter: 112
                     Buffers: shared hit=1
               ->  Nested Loop  (cost=91930.34..616669.67 rows=57 width=8) (actual time=586.185..30424.733 rows=1323 loops=1)
                     Buffers: shared hit=2705217 read=451060, temp read=1892 written=1892
                     ->  Hash Join  (cost=91929.91..616103.71 rows=244 width=12) (actual time=519.268..26527.181 rows=110865 loops=1)
                           Hash Cond: (ci.role_id = rt.id)
                           Buffers: shared hit=2278917 read=433900, temp read=1892 written=1892
                           ->  Nested Loop  (cost=91928.73..616097.34 rows=1462 width=16) (actual time=519.014..26241.057 rows=1496978 loops=1)
                                 Buffers: shared hit=2278916 read=433900, temp read=1892 written=1892
                                 ->  Nested Loop  (cost=91928.29..611519.64 rows=102 width=20) (actual time=518.979..10568.555 rows=75783 loops=1)
                                       Buffers: shared hit=817411 read=214949, temp read=1892 written=1892
                                       ->  Hash Join  (cost=91927.86..464767.34 rows=3366 width=12) (actual time=518.887..1382.290 rows=87570 loops=1)
                                             Hash Cond: (mi1.movie_id = t.id)
                                             Buffers: shared hit=2108 read=43177, temp read=1892 written=1892
                                             ->  Bitmap Heap Scan on movie_info mi1  (cost=14225.58..386820.88 rows=56140 width=8) (actual time=36.877..467.843 rows=626518 loops=1)
                                                   Recheck Cond: (info_type_id = 8)
                                                   Filter: ((info)::text = ANY ('{Belgium,Egypt,"Hong Kong",Hungary,India,Iran,Netherlands,Portugal,Taiwan,USA}'::text[]))
                                                   Rows Removed by Filter: 698843
                                                   Heap Blocks: exact=7853
                                                   Buffers: shared hit=2107 read=6786
                                                   ->  Bitmap Index Scan on info_type_id_movie_info  (cost=0.00..14211.52 rows=1329478 width=0) (actual time=35.879..35.880 rows=1325361 loops=1)
                                                         Index Cond: (info_type_id = 8)
                                                         Buffers: shared read=1040
                                             ->  Hash  (cost=75807.58..75807.58 rows=151576 width=4) (actual time=480.733..480.737 rows=335746 loops=1)
                                                   Buckets: 262144 (originally 262144)  Batches: 2 (originally 1)  Memory Usage: 7957kB
                                                   Buffers: shared hit=1 read=36391, temp written=491
                                                   ->  Hash Join  (cost=1.13..75807.58 rows=151576 width=4) (actual time=0.042..418.942 rows=335746 loops=1)
                                                         Hash Cond: (t.kind_id = kt.id)
                                                         Buffers: shared hit=1 read=36391
                                                         ->  Seq Scan on title t  (cost=0.00..74315.95 rows=353677 width=8) (actual time=0.024..375.890 rows=347589 loops=1)
                                                               Filter: ((production_year <= 1975) AND (1925 < production_year))
                                                               Rows Removed by Filter: 2180723
                                                               Buffers: shared read=36391
                                                         ->  Hash  (cost=1.10..1.10 rows=3 width=4) (actual time=0.014..0.016 rows=3 loops=1)
                                                               Buckets: 1024  Batches: 1  Memory Usage: 9kB
                                                               Buffers: shared hit=1
                                                               ->  Seq Scan on kind_type kt  (cost=0.00..1.10 rows=3 width=4) (actual time=0.007..0.008 rows=3 loops=1)
                                                                     Filter: ((kind)::text = ANY ('{episode,movie,"tv movie"}'::text[]))
                                                                     Rows Removed by Filter: 4
                                                                     Buffers: shared hit=1
                                       ->  Index Scan using movie_id_movie_info on movie_info mi2  (cost=0.43..43.59 rows=1 width=8) (actual time=0.047..0.104 rows=1 loops=87570)
                                             Index Cond: (movie_id = t.id)
                                             Filter: ((info_type_id = 4) AND ((info)::text = ANY ('{Arabic,Bengali,Cantonese,Dutch,English,French,Hungarian,Malayalam,Mandarin,Persian,Portuguese,Spanish,Telugu}'::text[])))
                                             Rows Removed by Filter: 14
                                             Buffers: shared hit=815303 read=171772
                                 ->  Index Scan using movie_id_cast_info on cast_info ci  (cost=0.44..44.50 rows=38 width=12) (actual time=0.036..0.201 rows=20 loops=75783)
                                       Index Cond: (movie_id = t.id)
                                       Buffers: shared hit=1461505 read=218951
                           ->  Hash  (cost=1.15..1.15 rows=2 width=4) (actual time=0.015..0.016 rows=2 loops=1)
                                 Buckets: 1024  Batches: 1  Memory Usage: 9kB
                                 Buffers: shared hit=1
                                 ->  Seq Scan on role_type rt  (cost=0.00..1.15 rows=2 width=4) (actual time=0.009..0.010 rows=2 loops=1)
                                       Filter: ((role)::text = ANY ('{composer,director}'::text[]))
                                       Rows Removed by Filter: 10
                                       Buffers: shared hit=1
                     ->  Index Scan using name_pkey on name n  (cost=0.43..2.32 rows=1 width=4) (actual time=0.035..0.035 rows=0 loops=110865)
                           Index Cond: (id = ci.person_id)
                           Filter: ((gender)::text = 'f'::text)
                           Rows Removed by Filter: 1
                           Buffers: shared hit=426300 read=17160
 Planning:
   Buffers: shared hit=484 read=93
 Planning Time: 13.289 ms
 Execution Time: 30426.956 ms
(76 rows)

