                                                                                               QUERY PLAN                                                                                               
--------------------------------------------------------------------------------------------------------------------------------------------------------------------------------------------------------
 Aggregate  (cost=460651.58..460651.59 rows=1 width=8) (actual time=9415.656..9415.663 rows=1 loops=1)
   Buffers: shared hit=767717 read=206536
   ->  Nested Loop  (cost=14216.93..460651.48 rows=40 width=0) (actual time=445.631..9413.620 rows=10429 loops=1)
         Buffers: shared hit=767717 read=206536
         ->  Hash Join  (cost=14216.50..460428.81 rows=96 width=4) (actual time=445.524..8533.710 rows=26118 loops=1)
               Hash Cond: (ci.role_id = rt.id)
               Buffers: shared hit=678562 read=191219
               ->  Nested Loop  (cost=14215.33..460425.60 rows=573 width=8) (actual time=445.280..8497.533 rows=199914 loops=1)
                     Buffers: shared hit=678561 read=191219
                     ->  Nested Loop  (cost=14214.89..458679.21 rows=40 width=12) (actual time=445.242..6232.753 rows=5709 loops=1)
                           Buffers: shared hit=562263 read=95521
                           ->  Seq Scan on info_type it2  (cost=0.00..2.41 rows=1 width=4) (actual time=0.031..0.042 rows=1 loops=1)
                                 Filter: (id = 4)
                                 Rows Removed by Filter: 112
                                 Buffers: shared hit=1
                           ->  Nested Loop  (cost=14214.89..458676.40 rows=40 width=16) (actual time=445.209..6231.256 rows=5709 loops=1)
                                 Buffers: shared hit=562262 read=95521
                                 ->  Seq Scan on info_type it1  (cost=0.00..2.41 rows=1 width=4) (actual time=0.009..0.022 rows=1 loops=1)
                                       Filter: (id = 8)
                                       Rows Removed by Filter: 112
                                       Buffers: shared hit=1
                                 ->  Nested Loop  (cost=14214.89..458673.58 rows=40 width=20) (actual time=445.196..6229.765 rows=5709 loops=1)
                                       Buffers: shared hit=562261 read=95521
                                       ->  Hash Join  (cost=14214.45..396541.50 rows=1472 width=12) (actual time=445.141..2677.949 rows=35811 loops=1)
                                             Hash Cond: (t.kind_id = kt.id)
                                             Buffers: shared hit=238002 read=31676
                                             ->  Nested Loop  (cost=14213.34..396518.67 rows=5154 width=16) (actual time=38.599..2659.230 rows=53006 loops=1)
                                                   Buffers: shared hit=238001 read=31676
                                                   ->  Bitmap Heap Scan on movie_info mi1  (cost=14212.90..356695.01 rows=5529 width=8) (actual time=38.560..393.766 rows=65701 loops=1)
                                                         Recheck Cond: (info_type_id = 8)
                                                         Filter: ((info)::text = ANY ('{France,Israel}'::text[]))
                                                         Rows Removed by Filter: 1259660
                                                         Heap Blocks: exact=7853
                                                         Buffers: shared hit=441 read=8452
                                                         ->  Bitmap Index Scan on info_type_id_movie_info  (cost=0.00..14211.52 rows=1329478 width=0) (actual time=37.543..37.544 rows=1325361 loops=1)
                                                               Index Cond: (info_type_id = 8)
                                                               Buffers: shared read=1040
                                                   ->  Memoize  (cost=0.44..7.24 rows=1 width=8) (actual time=0.034..0.034 rows=1 loops=65701)
                                                         Cache Key: mi1.movie_id
                                                         Cache Mode: logical
                                                         Hits: 505  Misses: 65196  Evictions: 0  Overflows: 0  Memory Usage: 6384kB
                                                         Buffers: shared hit=237560 read=23224
                                                         ->  Index Scan using title_pkey on title t  (cost=0.43..7.23 rows=1 width=8) (actual time=0.033..0.033 rows=1 loops=65196)
                                                               Index Cond: (id = mi1.movie_id)
                                                               Filter: ((production_year <= 2015) AND (1925 < production_year))
                                                               Rows Removed by Filter: 0
                                                               Buffers: shared hit=237560 read=23224
                                             ->  Hash  (cost=1.09..1.09 rows=2 width=4) (actual time=0.020..0.021 rows=2 loops=1)
                                                   Buckets: 1024  Batches: 1  Memory Usage: 9kB
                                                   Buffers: shared hit=1
                                                   ->  Seq Scan on kind_type kt  (cost=0.00..1.09 rows=2 width=4) (actual time=0.009..0.010 rows=2 loops=1)
                                                         Filter: ((kind)::text = ANY ('{movie,"video movie"}'::text[]))
                                                         Rows Removed by Filter: 5
                                                         Buffers: shared hit=1
                                       ->  Index Scan using movie_id_movie_info on movie_info mi2  (cost=0.43..42.20 rows=1 width=8) (actual time=0.084..0.099 rows=0 loops=35811)
                                             Index Cond: (movie_id = t.id)
                                             Filter: (((info)::text = ANY ('{English,Spanish}'::text[])) AND (info_type_id = 4))
                                             Rows Removed by Filter: 16
                                             Buffers: shared hit=324259 read=63845
                     ->  Index Scan using movie_id_cast_info on cast_info ci  (cost=0.44..43.28 rows=38 width=12) (actual time=0.041..0.388 rows=35 loops=5709)
                           Index Cond: (movie_id = t.id)
                           Buffers: shared hit=116298 read=95698
               ->  Hash  (cost=1.15..1.15 rows=2 width=4) (actual time=0.037..0.038 rows=2 loops=1)
                     Buckets: 1024  Batches: 1  Memory Usage: 9kB
                     Buffers: shared hit=1
                     ->  Seq Scan on role_type rt  (cost=0.00..1.15 rows=2 width=4) (actual time=0.028..0.030 rows=2 loops=1)
                           Filter: ((role)::text = ANY ('{director,producer}'::text[]))
                           Rows Removed by Filter: 10
                           Buffers: shared hit=1
         ->  Index Scan using name_pkey on name n  (cost=0.43..2.32 rows=1 width=4) (actual time=0.033..0.033 rows=0 loops=26118)
               Index Cond: (id = ci.person_id)
               Filter: ((gender)::text = 'm'::text)
               Rows Removed by Filter: 1
               Buffers: shared hit=89155 read=15317
 Planning:
   Buffers: shared hit=481 read=93
 Planning Time: 13.283 ms
 Execution Time: 9417.820 ms
(78 rows)

