                                                                                               QUERY PLAN                                                                                               
--------------------------------------------------------------------------------------------------------------------------------------------------------------------------------------------------------
 Aggregate  (cost=445986.01..445986.02 rows=1 width=8) (actual time=4461.765..4461.773 rows=1 loops=1)
   Buffers: shared hit=426255 read=37292
   ->  Nested Loop  (cost=14217.53..445985.96 rows=19 width=0) (actual time=1301.761..4461.739 rows=36 loops=1)
         Buffers: shared hit=426255 read=37292
         ->  Hash Join  (cost=14217.10..445918.69 rows=29 width=4) (actual time=982.187..4455.231 rows=180 loops=1)
               Hash Cond: (ci.role_id = rt.id)
               Buffers: shared hit=425757 read=37070
               ->  Nested Loop  (cost=14215.93..445916.91 rows=172 width=8) (actual time=120.589..4448.946 rows=37395 loops=1)
                     Buffers: shared hit=425756 read=37070
                     ->  Nested Loop  (cost=14215.49..445378.36 rows=12 width=12) (actual time=120.535..3973.990 rows=3308 loops=1)
                           Buffers: shared hit=391428 read=25314
                           ->  Seq Scan on info_type it2  (cost=0.00..2.41 rows=1 width=4) (actual time=0.022..0.032 rows=1 loops=1)
                                 Filter: (id = 4)
                                 Rows Removed by Filter: 112
                                 Buffers: shared hit=1
                           ->  Nested Loop  (cost=14215.49..445375.83 rows=12 width=16) (actual time=120.511..3973.169 rows=3308 loops=1)
                                 Buffers: shared hit=391427 read=25314
                                 ->  Seq Scan on info_type it1  (cost=0.00..2.41 rows=1 width=4) (actual time=0.006..0.017 rows=1 loops=1)
                                       Filter: (id = 8)
                                       Rows Removed by Filter: 112
                                       Buffers: shared hit=1
                                 ->  Nested Loop  (cost=14215.49..445373.29 rows=12 width=20) (actual time=120.502..3972.323 rows=3308 loops=1)
                                       Buffers: shared hit=391426 read=25314
                                       ->  Hash Join  (cost=14215.05..425122.91 rows=470 width=12) (actual time=120.407..3032.781 rows=13383 loops=1)
                                             Hash Cond: (t.kind_id = kt.id)
                                             Buffers: shared hit=300324 read=12410
                                             ->  Nested Loop  (cost=14213.92..425117.15 rows=1097 width=16) (actual time=36.452..3026.410 rows=13823 loops=1)
                                                   Buffers: shared hit=300323 read=12410
                                                   ->  Bitmap Heap Scan on movie_info mi1  (cost=14213.48..371752.18 rows=7844 width=8) (actual time=36.013..458.379 rows=76234 loops=1)
                                                         Recheck Cond: (info_type_id = 8)
                                                         Filter: ((info)::text = ANY ('{Australia,Belgium,India}'::text[]))
                                                         Rows Removed by Filter: 1249127
                                                         Heap Blocks: exact=7853
                                                         Buffers: shared hit=6450 read=2443
                                                         ->  Bitmap Index Scan on info_type_id_movie_info  (cost=0.00..14211.52 rows=1329478 width=0) (actual time=35.037..35.037 rows=1325361 loops=1)
                                                               Index Cond: (info_type_id = 8)
                                                               Buffers: shared read=1040
                                                   ->  Memoize  (cost=0.44..6.86 rows=1 width=8) (actual time=0.033..0.033 rows=0 loops=76234)
                                                         Cache Key: mi1.movie_id
                                                         Cache Mode: logical
                                                         Hits: 274  Misses: 75960  Evictions: 0  Overflows: 0  Memory Usage: 5584kB
                                                         Buffers: shared hit=293873 read=9967
                                                         ->  Index Scan using title_pkey on title t  (cost=0.43..6.85 rows=1 width=8) (actual time=0.033..0.033 rows=0 loops=75960)
                                                               Index Cond: (id = mi1.movie_id)
                                                               Filter: ((production_year <= 1975) AND (1925 < production_year))
                                                               Rows Removed by Filter: 1
                                                               Buffers: shared hit=293873 read=9967
                                             ->  Hash  (cost=1.10..1.10 rows=3 width=4) (actual time=0.014..0.015 rows=3 loops=1)
                                                   Buckets: 1024  Batches: 1  Memory Usage: 9kB
                                                   Buffers: shared hit=1
                                                   ->  Seq Scan on kind_type kt  (cost=0.00..1.10 rows=3 width=4) (actual time=0.006..0.008 rows=3 loops=1)
                                                         Filter: ((kind)::text = ANY ('{episode,movie,"tv movie"}'::text[]))
                                                         Rows Removed by Filter: 4
                                                         Buffers: shared hit=1
                                       ->  Index Scan using movie_id_movie_info on movie_info mi2  (cost=0.43..43.08 rows=1 width=8) (actual time=0.059..0.070 rows=0 loops=13383)
                                             Index Cond: (movie_id = t.id)
                                             Filter: ((info_type_id = 4) AND ((info)::text = ANY ('{Bengali,English,French}'::text[])))
                                             Rows Removed by Filter: 6
                                             Buffers: shared hit=91102 read=12904
                     ->  Index Scan using movie_id_cast_info on cast_info ci  (cost=0.44..44.50 rows=38 width=12) (actual time=0.038..0.140 rows=11 loops=3308)
                           Index Cond: (movie_id = t.id)
                           Buffers: shared hit=34328 read=11756
               ->  Hash  (cost=1.15..1.15 rows=2 width=4) (actual time=0.025..0.026 rows=2 loops=1)
                     Buckets: 1024  Batches: 1  Memory Usage: 9kB
                     Buffers: shared hit=1
                     ->  Seq Scan on role_type rt  (cost=0.00..1.15 rows=2 width=4) (actual time=0.019..0.021 rows=2 loops=1)
                           Filter: ((role)::text = ANY ('{"costume designer","production designer"}'::text[]))
                           Rows Removed by Filter: 10
                           Buffers: shared hit=1
         ->  Index Scan using name_pkey on name n  (cost=0.43..2.32 rows=1 width=4) (actual time=0.035..0.035 rows=0 loops=180)
               Index Cond: (id = ci.person_id)
               Filter: ((gender)::text = ANY ('{f,m}'::text[]))
               Rows Removed by Filter: 1
               Buffers: shared hit=498 read=222
 Planning:
   Buffers: shared hit=529 read=45
 Planning Time: 12.589 ms
 Execution Time: 4463.689 ms
(78 rows)

