                                                                                            QUERY PLAN                                                                                            
--------------------------------------------------------------------------------------------------------------------------------------------------------------------------------------------------
 Aggregate  (cost=849096.48..849096.49 rows=1 width=8) (actual time=20470.214..20470.223 rows=1 loops=1)
   Buffers: shared hit=1854865 read=158212, temp read=15367 written=15367
   ->  Nested Loop  (cost=532610.46..849096.23 rows=100 width=0) (actual time=1491.872..20462.868 rows=41544 loops=1)
         Buffers: shared hit=1854865 read=158212, temp read=15367 written=15367
         ->  Seq Scan on info_type it2  (cost=0.00..2.41 rows=1 width=4) (actual time=0.048..0.054 rows=1 loops=1)
               Filter: (id = 4)
               Rows Removed by Filter: 112
               Buffers: shared hit=1
         ->  Nested Loop  (cost=532610.46..849092.82 rows=100 width=4) (actual time=1491.822..20455.327 rows=41544 loops=1)
               Buffers: shared hit=1854864 read=158212, temp read=15367 written=15367
               ->  Seq Scan on info_type it1  (cost=0.00..2.41 rows=1 width=4) (actual time=0.010..0.019 rows=1 loops=1)
                     Filter: (id = 8)
                     Rows Removed by Filter: 112
                     Buffers: shared hit=1
               ->  Nested Loop  (cost=532610.46..849089.41 rows=100 width=8) (actual time=1491.811..20447.368 rows=41544 loops=1)
                     Join Filter: (t.id = mi2.movie_id)
                     Buffers: shared hit=1854863 read=158212, temp read=15367 written=15367
                     ->  Nested Loop  (cost=532610.02..688981.60 rows=3796 width=16) (actual time=1491.786..14343.369 rows=43073 loops=1)
                           Buffers: shared hit=1244486 read=96761, temp read=15367 written=15367
                           ->  Hash Join  (cost=532609.59..667989.95 rows=9050 width=20) (actual time=1491.190..4712.046 rows=313664 loops=1)
                                 Hash Cond: (ci.movie_id = t.id)
                                 Buffers: shared hit=36895 read=49696, temp read=15367 written=15367
                                 ->  Nested Loop  (cost=0.44..123965.00 rows=3020080 width=8) (actual time=0.261..1695.069 rows=4323018 loops=1)
                                       Buffers: shared hit=1294 read=40012
                                       ->  Seq Scan on role_type rt  (cost=0.00..1.15 rows=1 width=4) (actual time=0.009..0.012 rows=1 loops=1)
                                             Filter: ((role)::text = 'miscellaneous crew'::text)
                                             Rows Removed by Filter: 11
                                             Buffers: shared hit=1
                                       ->  Index Scan using role_id_cast_info on cast_info ci  (cost=0.44..91017.52 rows=3294633 width=12) (actual time=0.250..1151.537 rows=4323018 loops=1)
                                             Index Cond: (role_id = rt.id)
                                             Buffers: shared hit=1293 read=40012
                                 ->  Hash  (cost=532514.45..532514.45 rows=7576 width=12) (actual time=1490.777..1490.782 rows=162513 loops=1)
                                       Buckets: 262144 (originally 8192)  Batches: 2 (originally 1)  Memory Usage: 6145kB
                                       Buffers: shared hit=35601 read=9684, temp read=7640 written=7956
                                       ->  Hash Join  (cost=111059.94..532514.45 rows=7576 width=12) (actual time=955.685..1463.795 rows=162513 loops=1)
                                             Hash Cond: (mi1.movie_id = t.id)
                                             Buffers: shared hit=35601 read=9684, temp read=7640 written=7640
                                             ->  Bitmap Heap Scan on movie_info mi1  (cost=14217.10..431982.17 rows=22314 width=8) (actual time=35.265..327.900 rows=253559 loops=1)
                                                   Recheck Cond: (info_type_id = 8)
                                                   Filter: ((info)::text = ANY ('{Australia,Canada,France,Japan,Norway,Spain,Turkey}'::text[]))
                                                   Rows Removed by Filter: 1071802
                                                   Heap Blocks: exact=7853
                                                   Buffers: shared hit=8893
                                                   ->  Bitmap Index Scan on info_type_id_movie_info  (cost=0.00..14211.52 rows=1329478 width=0) (actual time=34.292..34.293 rows=1325361 loops=1)
                                                         Index Cond: (info_type_id = 8)
                                                         Buffers: shared hit=1040
                                             ->  Hash  (cost=82758.38..82758.38 rows=858437 width=4) (actual time=919.195..919.198 rows=1830466 loops=1)
                                                   Buckets: 262144 (originally 262144)  Batches: 16 (originally 8)  Memory Usage: 6145kB
                                                   Buffers: shared hit=26708 read=9684, temp written=5019
                                                   ->  Hash Join  (cost=1.13..82758.38 rows=858437 width=4) (actual time=0.039..682.293 rows=1830466 loops=1)
                                                         Hash Cond: (t.kind_id = kt.id)
                                                         Buffers: shared hit=26708 read=9684
                                                         ->  Seq Scan on title t  (cost=0.00..74315.95 rows=2003019 width=8) (actual time=0.020..464.480 rows=2004612 loops=1)
                                                               Filter: ((production_year <= 2015) AND (1975 < production_year))
                                                               Rows Removed by Filter: 523700
                                                               Buffers: shared hit=26707 read=9684
                                                         ->  Hash  (cost=1.10..1.10 rows=3 width=4) (actual time=0.013..0.014 rows=3 loops=1)
                                                               Buckets: 1024  Batches: 1  Memory Usage: 9kB
                                                               Buffers: shared hit=1
                                                               ->  Seq Scan on kind_type kt  (cost=0.00..1.10 rows=3 width=4) (actual time=0.006..0.007 rows=3 loops=1)
                                                                     Filter: ((kind)::text = ANY ('{episode,movie,"video movie"}'::text[]))
                                                                     Rows Removed by Filter: 4
                                                                     Buffers: shared hit=1
                           ->  Index Scan using name_pkey on name n  (cost=0.43..2.32 rows=1 width=4) (actual time=0.030..0.030 rows=0 loops=313664)
                                 Index Cond: (id = ci.person_id)
                                 Filter: ((gender)::text = 'm'::text)
                                 Rows Removed by Filter: 1
                                 Buffers: shared hit=1207591 read=47065
                     ->  Index Scan using movie_id_movie_info on movie_info mi2  (cost=0.43..42.17 rows=1 width=8) (actual time=0.052..0.141 rows=1 loops=43073)
                           Index Cond: (movie_id = ci.movie_id)
                           Filter: ((info_type_id = 4) AND ((info)::text = ANY ('{English,French,Norwegian,Turkish}'::text[])))
                           Rows Removed by Filter: 64
                           Buffers: shared hit=610377 read=61451
 Planning:
   Buffers: shared hit=574
 Planning Time: 13.581 ms
 Execution Time: 20470.805 ms
(77 rows)

