                                                                                                  QUERY PLAN                                                                                                  
--------------------------------------------------------------------------------------------------------------------------------------------------------------------------------------------------------------
 Aggregate  (cost=878600.93..878600.94 rows=1 width=8) (actual time=19533.584..19533.592 rows=1 loops=1)
   Buffers: shared hit=1720194 read=251382, temp read=6725 written=6715
   ->  Nested Loop  (cost=840148.91..878600.47 rows=184 width=0) (actual time=903.269..19533.151 rows=722 loops=1)
         Buffers: shared hit=1720194 read=251382, temp read=6725 written=6715
         ->  Seq Scan on info_type it2  (cost=0.00..2.41 rows=1 width=4) (actual time=0.037..0.048 rows=1 loops=1)
               Filter: (id = 4)
               Rows Removed by Filter: 112
               Buffers: shared hit=1
         ->  Nested Loop  (cost=840148.91..878596.22 rows=184 width=4) (actual time=903.230..19532.855 rows=722 loops=1)
               Buffers: shared hit=1720193 read=251382, temp read=6725 written=6715
               ->  Seq Scan on info_type it1  (cost=0.00..2.41 rows=1 width=4) (actual time=0.009..0.022 rows=1 loops=1)
                     Filter: (id = 8)
                     Rows Removed by Filter: 112
                     Buffers: shared hit=1
               ->  Nested Loop  (cost=840148.91..878591.96 rows=184 width=8) (actual time=903.219..19532.559 rows=722 loops=1)
                     Buffers: shared hit=1720192 read=251382, temp read=6725 written=6715
                     ->  Hash Join  (cost=840148.48..876752.58 rows=793 width=12) (actual time=869.857..18880.080 rows=18390 loops=1)
                           Hash Cond: (ci.role_id = rt.id)
                           Buffers: shared hit=1652818 read=245196, temp read=6725 written=6715
                           ->  Nested Loop  (cost=840147.31..876734.50 rows=4759 width=16) (actual time=869.787..18738.952 rows=789545 loops=1)
                                 Buffers: shared hit=1652817 read=245196, temp read=6725 written=6715
                                 ->  Nested Loop  (cost=840146.87..862239.49 rows=332 width=20) (actual time=869.764..9776.173 rows=51466 loops=1)
                                       Buffers: shared hit=934403 read=51514, temp read=6725 written=6715
                                       ->  Nested Loop  (cost=840146.73..862219.91 rows=774 width=24) (actual time=869.747..9622.471 rows=229944 loops=1)
                                             Join Filter: (t.id = mi1.movie_id)
                                             Buffers: shared hit=934391 read=51514, temp read=6725 written=6715
                                             ->  Merge Join  (cost=840146.30..840711.00 rows=6110 width=16) (actual time=869.691..1326.809 rows=241900 loops=1)
                                                   Merge Cond: (mi1.movie_id = mi2.movie_id)
                                                   Buffers: shared hit=9219 read=9086, temp read=6725 written=6715
                                                   ->  Sort  (cost=389002.97..389076.68 rows=29483 width=8) (actual time=316.033..375.537 rows=334390 loops=1)
                                                         Sort Key: mi1.movie_id
                                                         Sort Method: external sort  Disk: 7224kB
                                                         Buffers: shared hit=4785 read=4108, temp read=1803 written=1807
                                                         ->  Bitmap Heap Scan on movie_info mi1  (cost=14218.92..386814.21 rows=29483 width=8) (actual time=35.763..232.968 rows=334390 loops=1)
                                                               Recheck Cond: (info_type_id = 8)
                                                               Filter: ((info)::text = ANY ('{Belgium,Bulgaria,Canada,"Hong Kong",India,Japan,Philippines,"South Korea",Spain,UK}'::text[]))
                                                               Rows Removed by Filter: 990971
                                                               Heap Blocks: exact=7853
                                                               Buffers: shared hit=4785 read=4108
                                                               ->  Bitmap Index Scan on info_type_id_movie_info  (cost=0.00..14211.52 rows=1329478 width=0) (actual time=34.778..34.778 rows=1325361 loops=1)
                                                                     Index Cond: (info_type_id = 8)
                                                                     Buffers: shared read=1040
                                                   ->  Sort  (cost=451143.33..451321.42 rows=71238 width=8) (actual time=553.646..706.256 rows=912842 loops=1)
                                                         Sort Key: mi2.movie_id
                                                         Sort Method: external sort  Disk: 19624kB
                                                         Buffers: shared hit=4434 read=4978, temp read=4909 written=4908
                                                         ->  Bitmap Heap Scan on movie_info mi2  (cost=13073.18..445401.42 rows=71238 width=8) (actual time=30.613..333.900 rows=907872 loops=1)
                                                               Recheck Cond: (info_type_id = 4)
                                                               Filter: ((info)::text = ANY ('{Bulgarian,Catalan,English,Filipino,French,Japanese,Korean,Mandarin}'::text[]))
                                                               Rows Removed by Filter: 391117
                                                               Heap Blocks: exact=8393
                                                               Buffers: shared hit=4434 read=4978
                                                               ->  Bitmap Index Scan on info_type_id_movie_info  (cost=0.00..13055.37 rows=1221191 width=0) (actual time=29.578..29.579 rows=1298989 loops=1)
                                                                     Index Cond: (info_type_id = 4)
                                                                     Buffers: shared hit=1 read=1018
                                             ->  Index Scan using title_pkey on title t  (cost=0.43..3.51 rows=1 width=8) (actual time=0.034..0.034 rows=1 loops=241900)
                                                   Index Cond: (id = mi2.movie_id)
                                                   Filter: ((production_year <= 2015) AND (1925 < production_year))
                                                   Rows Removed by Filter: 0
                                                   Buffers: shared hit=925172 read=42428
                                       ->  Memoize  (cost=0.14..0.16 rows=1 width=4) (actual time=0.000..0.000 rows=0 loops=229944)
                                             Cache Key: t.kind_id
                                             Cache Mode: logical
                                             Hits: 229938  Misses: 6  Evictions: 0  Overflows: 0  Memory Usage: 1kB
                                             Buffers: shared hit=12
                                             ->  Index Scan using kind_type_pkey on kind_type kt  (cost=0.13..0.15 rows=1 width=4) (actual time=0.010..0.010 rows=0 loops=6)
                                                   Index Cond: (id = t.kind_id)
                                                   Filter: ((kind)::text = ANY ('{"tv movie","tv series","video game"}'::text[]))
                                                   Rows Removed by Filter: 0
                                                   Buffers: shared hit=12
                                 ->  Index Scan using movie_id_cast_info on cast_info ci  (cost=0.44..43.28 rows=38 width=12) (actual time=0.035..0.170 rows=15 loops=51466)
                                       Index Cond: (movie_id = t.id)
                                       Buffers: shared hit=718414 read=193682
                           ->  Hash  (cost=1.15..1.15 rows=2 width=4) (actual time=0.017..0.018 rows=2 loops=1)
                                 Buckets: 1024  Batches: 1  Memory Usage: 9kB
                                 Buffers: shared hit=1
                                 ->  Seq Scan on role_type rt  (cost=0.00..1.15 rows=2 width=4) (actual time=0.009..0.010 rows=2 loops=1)
                                       Filter: ((role)::text = ANY ('{cinematographer,"costume designer"}'::text[]))
                                       Rows Removed by Filter: 10
                                       Buffers: shared hit=1
                     ->  Index Scan using name_pkey on name n  (cost=0.43..2.32 rows=1 width=4) (actual time=0.035..0.035 rows=0 loops=18390)
                           Index Cond: (id = ci.person_id)
                           Filter: ((gender)::text = 'f'::text)
                           Rows Removed by Filter: 1
                           Buffers: shared hit=67374 read=6186
 Planning:
   Buffers: shared hit=486 read=91
 Planning Time: 11.773 ms
 Execution Time: 19544.405 ms
(89 rows)

