                                                                                                  QUERY PLAN                                                                                                  
--------------------------------------------------------------------------------------------------------------------------------------------------------------------------------------------------------------
 Aggregate  (cost=885460.29..885460.30 rows=1 width=8) (actual time=236706.069..236706.078 rows=1 loops=1)
   Buffers: shared hit=22199800 read=2267638, temp read=6022 written=6007
   ->  Nested Loop  (cost=812297.96..885457.84 rows=980 width=0) (actual time=954.528..236345.563 rows=2029000 loops=1)
         Buffers: shared hit=22199800 read=2267638, temp read=6022 written=6007
         ->  Hash Join  (cost=812297.53..881971.61 rows=1503 width=4) (actual time=954.489..125001.970 rows=3059910 loops=1)
               Hash Cond: (ci.role_id = rt.id)
               Buffers: shared hit=10320295 read=1907503, temp read=6022 written=6007
               ->  Nested Loop  (cost=812296.36..881938.41 rows=9016 width=8) (actual time=954.397..122551.959 rows=9226466 loops=1)
                     Buffers: shared hit=10320294 read=1907503, temp read=6022 written=6007
                     ->  Nested Loop  (cost=812295.92..854476.47 rows=629 width=12) (actual time=954.375..20795.116 rows=404756 loops=1)
                           Buffers: shared hit=1990543 read=61720, temp read=6022 written=6007
                           ->  Nested Loop  (cost=812295.92..854466.20 rows=629 width=16) (actual time=954.365..20491.679 rows=404756 loops=1)
                                 Buffers: shared hit=1990542 read=61720, temp read=6022 written=6007
                                 ->  Nested Loop  (cost=812295.92..854455.92 rows=629 width=20) (actual time=954.339..20203.616 rows=404756 loops=1)
                                       Buffers: shared hit=1990541 read=61720, temp read=6022 written=6007
                                       ->  Nested Loop  (cost=812295.78..854419.71 rows=1469 width=24) (actual time=954.223..19764.239 rows=470821 loops=1)
                                             Join Filter: (t.id = mi1.movie_id)
                                             Buffers: shared hit=1990530 read=61719, temp read=6022 written=6007
                                             ->  Merge Join  (cost=812295.35..813044.52 rows=11589 width=16) (actual time=954.170..1799.231 rows=508486 loops=1)
                                                   Merge Cond: (mi1.movie_id = mi2.movie_id)
                                                   Buffers: shared hit=3 read=18302, temp read=6022 written=6007
                                                   ->  Sort  (cost=406481.17..406626.59 rows=58166 width=8) (actual time=444.733..596.386 rows=624957 loops=1)
                                                         Sort Key: mi1.movie_id
                                                         Sort Method: external merge  Disk: 11040kB
                                                         Buffers: shared hit=1 read=8892, temp read=1380 written=1388
                                                         ->  Bitmap Heap Scan on movie_info mi1  (cost=14226.06..401877.95 rows=58166 width=8) (actual time=36.687..337.220 rows=624957 loops=1)
                                                               Recheck Cond: (info_type_id = 8)
                                                               Filter: ((info)::text = ANY ('{Albania,France,Mexico,Thailand,USA}'::text[]))
                                                               Rows Removed by Filter: 700404
                                                               Heap Blocks: exact=7853
                                                               Buffers: shared hit=1 read=8892
                                                               ->  Bitmap Index Scan on info_type_id_movie_info  (cost=0.00..14211.52 rows=1329478 width=0) (actual time=35.705..35.706 rows=1325361 loops=1)
                                                                     Index Cond: (info_type_id = 8)
                                                                     Buffers: shared read=1040
                                                   ->  Sort  (cost=405814.17..405985.40 rows=68490 width=8) (actual time=509.425..734.706 rows=859920 loops=1)
                                                         Sort Key: mi2.movie_id
                                                         Sort Method: external sort  Disk: 18464kB
                                                         Buffers: shared hit=2 read=9410, temp read=4625 written=4619
                                                         ->  Bitmap Heap Scan on movie_info mi2  (cost=13072.49..400313.19 rows=68490 width=8) (actual time=31.799..300.925 rows=854440 loops=1)
                                                               Recheck Cond: (info_type_id = 4)
                                                               Filter: ((info)::text = ANY ('{Albanian,English,Italian,Japanese,Thai}'::text[]))
                                                               Rows Removed by Filter: 444549
                                                               Heap Blocks: exact=8393
                                                               Buffers: shared hit=2 read=9410
                                                               ->  Bitmap Index Scan on info_type_id_movie_info  (cost=0.00..13055.37 rows=1221191 width=0) (actual time=30.763..30.764 rows=1298989 loops=1)
                                                                     Index Cond: (info_type_id = 4)
                                                                     Buffers: shared hit=1 read=1018
                                             ->  Index Scan using title_pkey on title t  (cost=0.43..3.56 rows=1 width=8) (actual time=0.035..0.035 rows=1 loops=508486)
                                                   Index Cond: (id = mi2.movie_id)
                                                   Filter: ((production_year <= 2015) AND (1925 < production_year))
                                                   Rows Removed by Filter: 0
                                                   Buffers: shared hit=1990527 read=43417
                                       ->  Memoize  (cost=0.14..0.16 rows=1 width=4) (actual time=0.000..0.000 rows=1 loops=470821)
                                             Cache Key: t.kind_id
                                             Cache Mode: logical
                                             Hits: 470815  Misses: 6  Evictions: 0  Overflows: 0  Memory Usage: 1kB
                                             Buffers: shared hit=11 read=1
                                             ->  Index Scan using kind_type_pkey on kind_type kt  (cost=0.13..0.15 rows=1 width=4) (actual time=0.012..0.012 rows=0 loops=6)
                                                   Index Cond: (id = t.kind_id)
                                                   Filter: ((kind)::text = ANY ('{episode,movie,"video movie"}'::text[]))
                                                   Rows Removed by Filter: 0
                                                   Buffers: shared hit=11 read=1
                                 ->  Materialize  (cost=0.00..2.42 rows=1 width=4) (actual time=0.000..0.000 rows=1 loops=404756)
                                       Buffers: shared hit=1
                                       ->  Seq Scan on info_type it1  (cost=0.00..2.41 rows=1 width=4) (actual time=0.023..0.027 rows=1 loops=1)
                                             Filter: (id = 8)
                                             Rows Removed by Filter: 112
                                             Buffers: shared hit=1
                           ->  Materialize  (cost=0.00..2.42 rows=1 width=4) (actual time=0.000..0.000 rows=1 loops=404756)
                                 Buffers: shared hit=1
                                 ->  Seq Scan on info_type it2  (cost=0.00..2.41 rows=1 width=4) (actual time=0.008..0.013 rows=1 loops=1)
                                       Filter: (id = 4)
                                       Rows Removed by Filter: 112
                                       Buffers: shared hit=1
                     ->  Index Scan using movie_id_cast_info on cast_info ci  (cost=0.44..43.28 rows=38 width=12) (actual time=0.036..0.245 rows=23 loops=404756)
                           Index Cond: (movie_id = t.id)
                           Buffers: shared hit=8329751 read=1845783
               ->  Hash  (cost=1.15..1.15 rows=2 width=4) (actual time=0.035..0.036 rows=2 loops=1)
                     Buckets: 1024  Batches: 1  Memory Usage: 9kB
                     Buffers: shared hit=1
                     ->  Seq Scan on role_type rt  (cost=0.00..1.15 rows=2 width=4) (actual time=0.020..0.022 rows=2 loops=1)
                           Filter: ((role)::text = ANY ('{actress,"miscellaneous crew"}'::text[]))
                           Rows Removed by Filter: 10
                           Buffers: shared hit=1
         ->  Index Scan using name_pkey on name n  (cost=0.43..2.32 rows=1 width=4) (actual time=0.036..0.036 rows=1 loops=3059910)
               Index Cond: (id = ci.person_id)
               Filter: ((gender)::text = ANY ('{f,m}'::text[]))
               Rows Removed by Filter: 0
               Buffers: shared hit=11879505 read=360135
 Planning:
   Buffers: shared hit=486 read=88
 Planning Time: 13.102 ms
 Execution Time: 236714.634 ms
(93 rows)

