                                                                                            QUERY PLAN                                                                                            
--------------------------------------------------------------------------------------------------------------------------------------------------------------------------------------------------
 Aggregate  (cost=501525.47..501525.48 rows=1 width=8) (actual time=1068.056..1068.063 rows=1 loops=1)
   Buffers: shared hit=36473 read=60049
   ->  Nested Loop  (cost=92095.14..501525.46 rows=7 width=0) (actual time=514.597..1068.055 rows=2 loops=1)
         Buffers: shared hit=36473 read=60049
         ->  Seq Scan on info_type it2  (cost=0.00..2.41 rows=1 width=4) (actual time=0.039..0.044 rows=1 loops=1)
               Filter: (id = 4)
               Rows Removed by Filter: 112
               Buffers: shared read=1
         ->  Nested Loop  (cost=92095.14..501522.97 rows=7 width=4) (actual time=514.556..1068.008 rows=2 loops=1)
               Buffers: shared hit=36473 read=60048
               ->  Seq Scan on info_type it1  (cost=0.00..2.41 rows=1 width=4) (actual time=0.010..0.017 rows=1 loops=1)
                     Filter: (id = 8)
                     Rows Removed by Filter: 112
                     Buffers: shared hit=1
               ->  Nested Loop  (cost=92095.14..501520.49 rows=7 width=8) (actual time=514.542..1067.985 rows=2 loops=1)
                     Buffers: shared hit=36472 read=60048
                     ->  Hash Join  (cost=92094.71..501448.59 rows=31 width=12) (actual time=410.248..1053.834 rows=402 loops=1)
                           Hash Cond: (ci.role_id = rt.id)
                           Buffers: shared hit=35210 read=59702
                           ->  Nested Loop  (cost=92093.55..501446.10 rows=373 width=16) (actual time=409.968..1051.503 rows=20796 loops=1)
                                 Buffers: shared hit=35209 read=59702
                                 ->  Nested Loop  (cost=92093.11..500287.69 rows=26 width=20) (actual time=409.941..798.779 rows=2383 loops=1)
                                       Buffers: shared hit=16518 read=50922
                                       ->  Hash Join  (cost=92092.67..464755.95 rows=823 width=12) (actual time=409.879..633.863 rows=2505 loops=1)
                                             Hash Cond: (mi1.movie_id = t.id)
                                             Buffers: shared hit=1731 read=43554
                                             ->  Bitmap Heap Scan on movie_info mi1  (cost=14215.53..386810.82 rows=15933 width=8) (actual time=36.044..236.056 rows=182929 loops=1)
                                                   Recheck Cond: (info_type_id = 8)
                                                   Filter: ((info)::text = ANY ('{Argentina,Canada,Greece,Japan,Mexico,Philippines,"South Korea","West Germany",Yugoslavia}'::text[]))
                                                   Rows Removed by Filter: 1142432
                                                   Heap Blocks: exact=7853
                                                   Buffers: shared hit=1 read=8892
                                                   ->  Bitmap Index Scan on info_type_id_movie_info  (cost=0.00..14211.52 rows=1329478 width=0) (actual time=35.059..35.060 rows=1325361 loops=1)
                                                         Index Cond: (info_type_id = 8)
                                                         Buffers: shared read=1040
                                             ->  Hash  (cost=76244.08..76244.08 rows=130645 width=4) (actual time=373.322..373.324 rows=11798 loops=1)
                                                   Buckets: 131072  Batches: 1  Memory Usage: 1439kB
                                                   Buffers: shared hit=1730 read=34662
                                                   ->  Hash Join  (cost=1.11..76244.08 rows=130645 width=4) (actual time=0.120..370.487 rows=11798 loops=1)
                                                         Hash Cond: (t.kind_id = kt.id)
                                                         Buffers: shared hit=1730 read=34662
                                                         ->  Seq Scan on title t  (cost=0.00..74315.95 rows=457258 width=8) (actual time=0.019..344.677 rows=451569 loops=1)
                                                               Filter: ((production_year <= 1975) AND (1875 < production_year))
                                                               Rows Removed by Filter: 2076743
                                                               Buffers: shared hit=1729 read=34662
                                                         ->  Hash  (cost=1.09..1.09 rows=2 width=4) (actual time=0.013..0.013 rows=2 loops=1)
                                                               Buckets: 1024  Batches: 1  Memory Usage: 9kB
                                                               Buffers: shared hit=1
                                                               ->  Seq Scan on kind_type kt  (cost=0.00..1.09 rows=2 width=4) (actual time=0.007..0.008 rows=2 loops=1)
                                                                     Filter: ((kind)::text = ANY ('{"tv series","video game"}'::text[]))
                                                                     Rows Removed by Filter: 5
                                                                     Buffers: shared hit=1
                                       ->  Index Scan using movie_id_movie_info on movie_info mi2  (cost=0.43..43.16 rows=1 width=8) (actual time=0.053..0.065 rows=1 loops=2505)
                                             Index Cond: (movie_id = t.id)
                                             Filter: ((info_type_id = 4) AND ((info)::text = ANY ('{English,Filipino,German,Greek,Japanese,Korean,Serbo-Croatian,Spanish,Tagalog}'::text[])))
                                             Rows Removed by Filter: 6
                                             Buffers: shared hit=14787 read=7368
                                 ->  Index Scan using movie_id_cast_info on cast_info ci  (cost=0.44..44.17 rows=38 width=12) (actual time=0.033..0.104 rows=9 loops=2383)
                                       Index Cond: (movie_id = t.id)
                                       Buffers: shared hit=18691 read=8780
                           ->  Hash  (cost=1.15..1.15 rows=1 width=4) (actual time=0.016..0.017 rows=1 loops=1)
                                 Buckets: 1024  Batches: 1  Memory Usage: 9kB
                                 Buffers: shared hit=1
                                 ->  Seq Scan on role_type rt  (cost=0.00..1.15 rows=1 width=4) (actual time=0.009..0.011 rows=1 loops=1)
                                       Filter: ((role)::text = 'cinematographer'::text)
                                       Rows Removed by Filter: 11
                                       Buffers: shared hit=1
                     ->  Index Scan using name_pkey on name n  (cost=0.43..2.32 rows=1 width=4) (actual time=0.035..0.035 rows=0 loops=402)
                           Index Cond: (id = ci.person_id)
                           Filter: ((gender)::text = 'f'::text)
                           Rows Removed by Filter: 1
                           Buffers: shared hit=1262 read=346
 Planning:
   Buffers: shared hit=487 read=90
 Planning Time: 13.580 ms
 Execution Time: 1068.644 ms
(76 rows)

