                                                                                               QUERY PLAN                                                                                               
--------------------------------------------------------------------------------------------------------------------------------------------------------------------------------------------------------
 Aggregate  (cost=474591.82..474591.83 rows=1 width=8) (actual time=4202.526..4202.533 rows=1 loops=1)
   Buffers: shared hit=336211 read=98201
   ->  Nested Loop  (cost=14216.45..474591.79 rows=13 width=0) (actual time=731.435..4202.505 rows=23 loops=1)
         Buffers: shared hit=336211 read=98201
         ->  Seq Scan on info_type it2  (cost=0.00..2.41 rows=1 width=4) (actual time=0.030..0.039 rows=1 loops=1)
               Filter: (id = 4)
               Rows Removed by Filter: 112
               Buffers: shared hit=1
         ->  Nested Loop  (cost=14216.45..474589.25 rows=13 width=4) (actual time=731.403..4202.452 rows=23 loops=1)
               Buffers: shared hit=336210 read=98201
               ->  Seq Scan on info_type it1  (cost=0.00..2.41 rows=1 width=4) (actual time=0.013..0.023 rows=1 loops=1)
                     Filter: (id = 8)
                     Rows Removed by Filter: 112
                     Buffers: shared hit=1
               ->  Nested Loop  (cost=14216.45..474586.70 rows=13 width=8) (actual time=731.387..4202.414 rows=23 loops=1)
                     Buffers: shared hit=336209 read=98201
                     ->  Hash Join  (cost=14216.02..474514.80 rows=31 width=12) (actual time=86.669..4170.877 rows=731 loops=1)
                           Hash Cond: (ci.role_id = rt.id)
                           Buffers: shared hit=333721 read=97765
                           ->  Nested Loop  (cost=14214.86..474512.31 rows=373 width=16) (actual time=65.903..4160.941 rows=68641 loops=1)
                                 Buffers: shared hit=333720 read=97765
                                 ->  Nested Loop  (cost=14214.42..473375.19 rows=26 width=20) (actual time=65.860..3410.032 rows=3180 loops=1)
                                       Buffers: shared hit=289678 read=65921
                                       ->  Hash Join  (cost=14213.98..428905.40 rows=1051 width=12) (actual time=37.752..1812.825 rows=18597 loops=1)
                                             Hash Cond: (t.kind_id = kt.id)
                                             Buffers: shared hit=150782 read=22624
                                             ->  Nested Loop  (cost=14212.85..428893.93 rows=2452 width=16) (actual time=36.487..1804.919 rows=24830 loops=1)
                                                   Buffers: shared hit=150781 read=22624
                                                   ->  Bitmap Heap Scan on movie_info mi1  (cost=14212.41..401864.30 rows=3558 width=8) (actual time=36.379..465.464 rows=41296 loops=1)
                                                         Recheck Cond: (info_type_id = 8)
                                                         Filter: ((info)::text = ANY ('{Denmark,Israel,Mexico,Serbia,Taiwan}'::text[]))
                                                         Rows Removed by Filter: 1284065
                                                         Heap Blocks: exact=7853
                                                         Buffers: shared hit=7138 read=1755
                                                         ->  Bitmap Index Scan on info_type_id_movie_info  (cost=0.00..14211.52 rows=1329478 width=0) (actual time=35.366..35.366 rows=1325361 loops=1)
                                                               Index Cond: (info_type_id = 8)
                                                               Buffers: shared hit=1040
                                                   ->  Memoize  (cost=0.44..7.62 rows=1 width=8) (actual time=0.032..0.032 rows=1 loops=41296)
                                                         Cache Key: mi1.movie_id
                                                         Cache Mode: logical
                                                         Hits: 168  Misses: 41128  Evictions: 0  Overflows: 0  Memory Usage: 3697kB
                                                         Buffers: shared hit=143643 read=20869
                                                         ->  Index Scan using title_pkey on title t  (cost=0.43..7.61 rows=1 width=8) (actual time=0.031..0.031 rows=1 loops=41128)
                                                               Index Cond: (id = mi1.movie_id)
                                                               Filter: ((production_year <= 2015) AND (1990 < production_year))
                                                               Rows Removed by Filter: 0
                                                               Buffers: shared hit=143643 read=20869
                                             ->  Hash  (cost=1.10..1.10 rows=3 width=4) (actual time=0.018..0.019 rows=3 loops=1)
                                                   Buckets: 1024  Batches: 1  Memory Usage: 9kB
                                                   Buffers: shared hit=1
                                                   ->  Seq Scan on kind_type kt  (cost=0.00..1.10 rows=3 width=4) (actual time=0.009..0.011 rows=3 loops=1)
                                                         Filter: ((kind)::text = ANY ('{episode,movie,"video movie"}'::text[]))
                                                         Rows Removed by Filter: 4
                                                         Buffers: shared hit=1
                                       ->  Index Scan using movie_id_movie_info on movie_info mi2  (cost=0.43..42.30 rows=1 width=8) (actual time=0.075..0.085 rows=0 loops=18597)
                                             Index Cond: (movie_id = t.id)
                                             Filter: ((info_type_id = 4) AND ((info)::text = ANY ('{English,Mandarin,Serbian}'::text[])))
                                             Rows Removed by Filter: 10
                                             Buffers: shared hit=138896 read=43297
                                 ->  Index Scan using movie_id_cast_info on cast_info ci  (cost=0.44..43.36 rows=38 width=12) (actual time=0.032..0.231 rows=22 loops=3180)
                                       Index Cond: (movie_id = t.id)
                                       Buffers: shared hit=44042 read=31844
                           ->  Hash  (cost=1.15..1.15 rows=1 width=4) (actual time=0.023..0.023 rows=1 loops=1)
                                 Buckets: 1024  Batches: 1  Memory Usage: 9kB
                                 Buffers: shared hit=1
                                 ->  Seq Scan on role_type rt  (cost=0.00..1.15 rows=1 width=4) (actual time=0.010..0.012 rows=1 loops=1)
                                       Filter: ((role)::text = 'costume designer'::text)
                                       Rows Removed by Filter: 11
                                       Buffers: shared hit=1
                     ->  Index Scan using name_pkey on name n  (cost=0.43..2.32 rows=1 width=4) (actual time=0.043..0.043 rows=0 loops=731)
                           Index Cond: (id = ci.person_id)
                           Filter: ((gender)::text = 'm'::text)
                           Rows Removed by Filter: 1
                           Buffers: shared hit=2488 read=436
 Planning:
   Buffers: shared hit=574
 Planning Time: 13.954 ms
 Execution Time: 4203.905 ms
(78 rows)

