                                                                                                  QUERY PLAN                                                                                                  
--------------------------------------------------------------------------------------------------------------------------------------------------------------------------------------------------------------
 Aggregate  (cost=900066.92..900066.93 rows=1 width=8) (actual time=135784.730..135784.738 rows=1 loops=1)
   Buffers: shared hit=12695279 read=1309667, temp read=9563 written=9509
   ->  Nested Loop  (cost=814138.99..900066.48 rows=177 width=0) (actual time=1413.386..135780.891 rows=6413 loops=1)
         Buffers: shared hit=12695279 read=1309667, temp read=9563 written=9509
         ->  Seq Scan on info_type it2  (cost=0.00..2.41 rows=1 width=4) (actual time=0.036..0.046 rows=1 loops=1)
               Filter: (id = 4)
               Rows Removed by Filter: 112
               Buffers: shared hit=1
         ->  Nested Loop  (cost=814138.99..900062.29 rows=177 width=4) (actual time=1413.348..135778.705 rows=6413 loops=1)
               Buffers: shared hit=12695278 read=1309667, temp read=9563 written=9509
               ->  Seq Scan on info_type it1  (cost=0.00..2.41 rows=1 width=4) (actual time=0.013..0.025 rows=1 loops=1)
                     Filter: (id = 8)
                     Rows Removed by Filter: 112
                     Buffers: shared hit=1
               ->  Nested Loop  (cost=814138.99..900058.11 rows=177 width=8) (actual time=1413.334..135776.231 rows=6413 loops=1)
                     Buffers: shared hit=12695277 read=1309667, temp read=9563 written=9509
                     ->  Hash Join  (cost=814138.56..898286.00 rows=764 width=12) (actual time=979.110..132189.152 rows=91246 loops=1)
                           Hash Cond: (ci.role_id = rt.id)
                           Buffers: shared hit=12374540 read=1265420, temp read=9563 written=9509
                           ->  Nested Loop  (cost=814137.40..898252.25 rows=9174 width=16) (actual time=978.617..130425.273 rows=9569433 loops=1)
                                 Buffers: shared hit=12374539 read=1265420, temp read=9563 written=9509
                                 ->  Nested Loop  (cost=814136.96..870261.50 rows=640 width=20) (actual time=978.596..28176.154 rows=444689 loops=1)
                                       Buffers: shared hit=2939863 read=51070, temp read=9563 written=9509
                                       ->  Nested Loop  (cost=814136.82..870224.74 rows=1492 width=24) (actual time=978.492..27703.394 rows=528997 loops=1)
                                             Buffers: shared hit=2939852 read=51069, temp read=9563 written=9509
                                             ->  Merge Join  (cost=814136.39..815035.50 rows=15925 width=16) (actual time=978.439..1970.971 rows=743154 loops=1)
                                                   Merge Cond: (mi1.movie_id = mi2.movie_id)
                                                   Buffers: shared hit=10975 read=7330, temp read=9563 written=9509
                                                   ->  Sort  (cost=392787.57..392971.93 rows=73744 width=8) (actual time=443.832..606.405 rows=806443 loops=1)
                                                         Sort Key: mi1.movie_id
                                                         Sort Method: external sort  Disk: 17432kB
                                                         Buffers: shared hit=6669 read=2224, temp read=4349 written=4360
                                                         ->  Bitmap Heap Scan on movie_info mi1  (cost=14229.98..386825.28 rows=73744 width=8) (actual time=36.549..247.383 rows=806443 loops=1)
                                                               Recheck Cond: (info_type_id = 8)
                                                               Filter: ((info)::text = ANY ('{Argentina,Australia,"Czech Republic",Ireland,Japan,Netherlands,Nigeria,Portugal,Russia,UK,USA}'::text[]))
                                                               Rows Removed by Filter: 518918
                                                               Heap Blocks: exact=7853
                                                               Buffers: shared hit=6669 read=2224
                                                               ->  Bitmap Index Scan on info_type_id_movie_info  (cost=0.00..14211.52 rows=1329478 width=0) (actual time=35.565..35.566 rows=1325361 loops=1)
                                                                     Index Cond: (info_type_id = 8)
                                                                     Buffers: shared read=1040
                                                   ->  Sort  (cost=421348.82..421534.39 rows=74229 width=8) (actual time=534.599..783.115 rows=965732 loops=1)
                                                         Sort Key: mi2.movie_id
                                                         Sort Method: external sort  Disk: 20584kB
                                                         Buffers: shared hit=4306 read=5106, temp read=5175 written=5149
                                                         ->  Bitmap Heap Scan on movie_info mi2  (cost=13073.92..415343.80 rows=74229 width=8) (actual time=30.502..305.524 rows=952353 loops=1)
                                                               Recheck Cond: (info_type_id = 4)
                                                               Filter: ((info)::text = ANY ('{Czech,English,Japanese,Portuguese,Russian,Spanish}'::text[]))
                                                               Rows Removed by Filter: 346636
                                                               Heap Blocks: exact=8393
                                                               Buffers: shared hit=4306 read=5106
                                                               ->  Bitmap Index Scan on info_type_id_movie_info  (cost=0.00..13055.37 rows=1221191 width=0) (actual time=29.470..29.470 rows=1298989 loops=1)
                                                                     Index Cond: (info_type_id = 4)
                                                                     Buffers: shared hit=1 read=1018
                                             ->  Index Scan using title_pkey on title t  (cost=0.43..3.47 rows=1 width=8) (actual time=0.034..0.034 rows=1 loops=743154)
                                                   Index Cond: (id = mi1.movie_id)
                                                   Filter: ((production_year <= 2015) AND (1990 < production_year))
                                                   Rows Removed by Filter: 0
                                                   Buffers: shared hit=2928877 read=43739
                                       ->  Memoize  (cost=0.14..0.16 rows=1 width=4) (actual time=0.000..0.000 rows=1 loops=528997)
                                             Cache Key: t.kind_id
                                             Cache Mode: logical
                                             Hits: 528991  Misses: 6  Evictions: 0  Overflows: 0  Memory Usage: 1kB
                                             Buffers: shared hit=11 read=1
                                             ->  Index Scan using kind_type_pkey on kind_type kt  (cost=0.13..0.15 rows=1 width=4) (actual time=0.013..0.013 rows=0 loops=6)
                                                   Index Cond: (id = t.kind_id)
                                                   Filter: ((kind)::text = ANY ('{episode,movie,"video movie"}'::text[]))
                                                   Rows Removed by Filter: 0
                                                   Buffers: shared hit=11 read=1
                                 ->  Index Scan using movie_id_cast_info on cast_info ci  (cost=0.44..43.36 rows=38 width=12) (actual time=0.035..0.223 rows=22 loops=444689)
                                       Index Cond: (movie_id = t.id)
                                       Buffers: shared hit=9434676 read=1214350
                           ->  Hash  (cost=1.15..1.15 rows=1 width=4) (actual time=0.020..0.021 rows=1 loops=1)
                                 Buckets: 1024  Batches: 1  Memory Usage: 9kB
                                 Buffers: shared hit=1
                                 ->  Seq Scan on role_type rt  (cost=0.00..1.15 rows=1 width=4) (actual time=0.011..0.012 rows=1 loops=1)
                                       Filter: ((role)::text = 'production designer'::text)
                                       Rows Removed by Filter: 11
                                       Buffers: shared hit=1
                     ->  Index Scan using name_pkey on name n  (cost=0.43..2.32 rows=1 width=4) (actual time=0.039..0.039 rows=0 loops=91246)
                           Index Cond: (id = ci.person_id)
                           Filter: ((gender)::text = 'f'::text)
                           Rows Removed by Filter: 1
                           Buffers: shared hit=320737 read=44247
 Planning:
   Buffers: shared hit=531 read=46
 Planning Time: 13.640 ms
 Execution Time: 135795.291 ms
(88 rows)

