                                                                                            QUERY PLAN                                                                                            
--------------------------------------------------------------------------------------------------------------------------------------------------------------------------------------------------
 Aggregate  (cost=539384.15..539384.16 rows=1 width=8) (actual time=14426.872..14426.881 rows=1 loops=1)
   Buffers: shared hit=1235738 read=231328, temp read=1061 written=1061
   ->  Nested Loop  (cost=91291.01..539384.13 rows=9 width=0) (actual time=508.214..14425.744 rows=3245 loops=1)
         Buffers: shared hit=1235738 read=231328, temp read=1061 written=1061
         ->  Seq Scan on info_type it2  (cost=0.00..2.41 rows=1 width=4) (actual time=0.046..0.057 rows=1 loops=1)
               Filter: (id = 4)
               Rows Removed by Filter: 112
               Buffers: shared hit=1
         ->  Nested Loop  (cost=91291.01..539381.63 rows=9 width=4) (actual time=508.166..14424.878 rows=3245 loops=1)
               Buffers: shared hit=1235737 read=231328, temp read=1061 written=1061
               ->  Seq Scan on info_type it1  (cost=0.00..2.41 rows=1 width=4) (actual time=0.009..0.022 rows=1 loops=1)
                     Filter: (id = 8)
                     Rows Removed by Filter: 112
                     Buffers: shared hit=1
               ->  Nested Loop  (cost=91291.01..539379.12 rows=9 width=8) (actual time=508.153..14423.955 rows=3245 loops=1)
                     Buffers: shared hit=1235736 read=231328, temp read=1061 written=1061
                     ->  Hash Join  (cost=91290.58..539290.98 rows=38 width=12) (actual time=508.085..13284.559 rows=30859 loops=1)
                           Hash Cond: (ci.role_id = rt.id)
                           Buffers: shared hit=1125550 read=218078, temp read=1061 written=1061
                           ->  Nested Loop  (cost=91289.42..539288.19 rows=459 width=16) (actual time=500.161..13144.005 rows=809842 loops=1)
                                 Buffers: shared hit=1125549 read=218078, temp read=1061 written=1061
                                 ->  Nested Loop  (cost=91288.98..537852.05 rows=32 width=20) (actual time=500.133..4983.701 rows=34844 loops=1)
                                       Buffers: shared hit=315957 read=129726, temp read=1061 written=1061
                                       ->  Hash Join  (cost=91288.55..494102.17 rows=1013 width=12) (actual time=500.061..1199.524 rows=35446 loops=1)
                                             Hash Cond: (mi1.movie_id = t.id)
                                             Buffers: shared hit=1739 read=43546, temp read=1061 written=1061
                                             ->  Bitmap Heap Scan on movie_info mi1  (cost=14217.85..416926.33 rows=25338 width=8) (actual time=35.872..555.762 rows=261919 loops=1)
                                                   Recheck Cond: (info_type_id = 8)
                                                   Filter: ((info)::text = ANY ('{Argentina,"East Germany",France,Italy,Mexico,UK}'::text[]))
                                                   Rows Removed by Filter: 1063442
                                                   Heap Blocks: exact=7853
                                                   Buffers: shared hit=8 read=8885
                                                   ->  Bitmap Index Scan on info_type_id_movie_info  (cost=0.00..14211.52 rows=1329478 width=0) (actual time=34.900..34.900 rows=1325361 loops=1)
                                                         Index Cond: (info_type_id = 8)
                                                         Buffers: shared read=1040
                                             ->  Hash  (cost=75807.56..75807.56 rows=101051 width=4) (actual time=462.899..462.902 rows=318145 loops=1)
                                                   Buckets: 262144 (originally 131072)  Batches: 2 (originally 1)  Memory Usage: 7652kB
                                                   Buffers: shared hit=1731 read=34661, temp written=465
                                                   ->  Hash Join  (cost=1.11..75807.56 rows=101051 width=4) (actual time=0.036..407.345 rows=318145 loops=1)
                                                         Hash Cond: (t.kind_id = kt.id)
                                                         Buffers: shared hit=1731 read=34661
                                                         ->  Seq Scan on title t  (cost=0.00..74315.95 rows=353677 width=8) (actual time=0.020..366.462 rows=347589 loops=1)
                                                               Filter: ((production_year <= 1975) AND (1925 < production_year))
                                                               Rows Removed by Filter: 2180723
                                                               Buffers: shared hit=1730 read=34661
                                                         ->  Hash  (cost=1.09..1.09 rows=2 width=4) (actual time=0.013..0.014 rows=2 loops=1)
                                                               Buckets: 1024  Batches: 1  Memory Usage: 9kB
                                                               Buffers: shared hit=1
                                                               ->  Seq Scan on kind_type kt  (cost=0.00..1.09 rows=2 width=4) (actual time=0.006..0.007 rows=2 loops=1)
                                                                     Filter: ((kind)::text = ANY ('{episode,movie}'::text[]))
                                                                     Rows Removed by Filter: 5
                                                                     Buffers: shared hit=1
                                       ->  Index Scan using movie_id_movie_info on movie_info mi2  (cost=0.43..43.18 rows=1 width=8) (actual time=0.041..0.106 rows=1 loops=35446)
                                             Index Cond: (movie_id = t.id)
                                             Filter: ((info_type_id = 4) AND ((info)::text = ANY ('{English,French,German,Italian,Spanish}'::text[])))
                                             Rows Removed by Filter: 14
                                             Buffers: shared hit=314218 read=86180
                                 ->  Index Scan using movie_id_cast_info on cast_info ci  (cost=0.44..44.50 rows=38 width=12) (actual time=0.036..0.228 rows=23 loops=34844)
                                       Index Cond: (movie_id = t.id)
                                       Buffers: shared hit=809592 read=88352
                           ->  Hash  (cost=1.15..1.15 rows=1 width=4) (actual time=0.017..0.017 rows=1 loops=1)
                                 Buckets: 1024  Batches: 1  Memory Usage: 9kB
                                 Buffers: shared hit=1
                                 ->  Seq Scan on role_type rt  (cost=0.00..1.15 rows=1 width=4) (actual time=0.010..0.011 rows=1 loops=1)
                                       Filter: ((role)::text = 'miscellaneous crew'::text)
                                       Rows Removed by Filter: 11
                                       Buffers: shared hit=1
                     ->  Index Scan using name_pkey on name n  (cost=0.43..2.32 rows=1 width=4) (actual time=0.036..0.036 rows=0 loops=30859)
                           Index Cond: (id = ci.person_id)
                           Filter: ((gender)::text = 'f'::text)
                           Rows Removed by Filter: 1
                           Buffers: shared hit=110186 read=13250
 Planning:
   Buffers: shared hit=486 read=88
 Planning Time: 12.988 ms
 Execution Time: 14427.507 ms
(76 rows)

