                                                                                                      QUERY PLAN                                                                                                      
----------------------------------------------------------------------------------------------------------------------------------------------------------------------------------------------------------------------
 Aggregate  (cost=656852.09..656852.10 rows=1 width=8) (actual time=4413.757..4413.764 rows=1 loops=1)
   Buffers: shared hit=298906 read=149607, temp read=1343 written=1343
   ->  Nested Loop  (cost=93408.94..656851.58 rows=205 width=0) (actual time=431.637..4412.541 rows=6904 loops=1)
         Buffers: shared hit=298906 read=149607, temp read=1343 written=1343
         ->  Hash Join  (cost=93408.51..656120.93 rows=315 width=4) (actual time=430.973..3639.360 rows=23516 loops=1)
               Hash Cond: (ci.role_id = rt.id)
               Buffers: shared hit=219455 read=134994, temp read=1343 written=1343
               ->  Nested Loop  (cost=93407.34..656113.03 rows=1892 width=8) (actual time=430.508..3616.443 rows=136355 loops=1)
                     Buffers: shared hit=219454 read=134994, temp read=1343 written=1343
                     ->  Nested Loop  (cost=93406.90..650255.66 rows=132 width=12) (actual time=430.475..1987.778 rows=13618 loops=1)
                           Buffers: shared hit=106008 read=76083, temp read=1343 written=1343
                           ->  Seq Scan on info_type it2  (cost=0.00..2.41 rows=1 width=4) (actual time=0.025..0.032 rows=1 loops=1)
                                 Filter: (id = 4)
                                 Rows Removed by Filter: 112
                                 Buffers: shared hit=1
                           ->  Nested Loop  (cost=93406.90..650251.93 rows=132 width=16) (actual time=430.450..1985.267 rows=13618 loops=1)
                                 Buffers: shared hit=106007 read=76083, temp read=1343 written=1343
                                 ->  Seq Scan on info_type it1  (cost=0.00..2.41 rows=1 width=4) (actual time=0.006..0.016 rows=1 loops=1)
                                       Filter: (id = 8)
                                       Rows Removed by Filter: 112
                                       Buffers: shared hit=1
                                 ->  Nested Loop  (cost=93406.90..650248.20 rows=132 width=20) (actual time=430.441..1982.879 rows=13618 loops=1)
                                       Buffers: shared hit=106006 read=76083, temp read=1343 written=1343
                                       ->  Hash Join  (cost=93406.46..467447.21 rows=4231 width=12) (actual time=430.389..874.442 rows=14031 loops=1)
                                             Hash Cond: (mi1.movie_id = t.id)
                                             Buffers: shared hit=2307 read=42978, temp read=1343 written=1343
                                             ->  Bitmap Heap Scan on movie_info mi1  (cost=14228.69..386823.99 rows=68570 width=8) (actual time=36.157..287.095 rows=760762 loops=1)
                                                   Recheck Cond: (info_type_id = 8)
                                                   Filter: ((info)::text = ANY ('{Australia,Denmark,"East Germany",France,Greece,"Hong Kong",Japan,Netherlands,Philippines,"Soviet Union",USA,Yugoslavia}'::text[]))
                                                   Rows Removed by Filter: 564599
                                                   Heap Blocks: exact=7853
                                                   Buffers: shared hit=2306 read=6587
                                                   ->  Bitmap Index Scan on info_type_id_movie_info  (cost=0.00..14211.52 rows=1329478 width=0) (actual time=35.177..35.177 rows=1325361 loops=1)
                                                         Index Cond: (info_type_id = 8)
                                                         Buffers: shared read=1040
                                             ->  Hash  (cost=76617.91..76617.91 rows=155989 width=4) (actual time=393.125..393.128 rows=27810 loops=1)
                                                   Buckets: 262144  Batches: 2  Memory Usage: 2541kB
                                                   Buffers: shared hit=1 read=36391, temp written=40
                                                   ->  Hash Join  (cost=1.11..76617.91 rows=155989 width=4) (actual time=0.055..387.426 rows=27810 loops=1)
                                                         Hash Cond: (t.kind_id = kt.id)
                                                         Buffers: shared hit=1 read=36391
                                                         ->  Seq Scan on title t  (cost=0.00..74315.95 rows=545963 width=8) (actual time=0.022..355.767 rows=538239 loops=1)
                                                               Filter: ((production_year <= 1990) AND (1950 < production_year))
                                                               Rows Removed by Filter: 1990073
                                                               Buffers: shared read=36391
                                                         ->  Hash  (cost=1.09..1.09 rows=2 width=4) (actual time=0.013..0.014 rows=2 loops=1)
                                                               Buckets: 1024  Batches: 1  Memory Usage: 9kB
                                                               Buffers: shared hit=1
                                                               ->  Seq Scan on kind_type kt  (cost=0.00..1.09 rows=2 width=4) (actual time=0.007..0.008 rows=2 loops=1)
                                                                     Filter: ((kind)::text = ANY ('{"tv series","video game"}'::text[]))
                                                                     Rows Removed by Filter: 5
                                                                     Buffers: shared hit=1
                                       ->  Index Scan using movie_id_movie_info on movie_info mi2  (cost=0.43..43.20 rows=1 width=8) (actual time=0.053..0.078 rows=1 loops=14031)
                                             Index Cond: (movie_id = t.id)
                                             Filter: ((info_type_id = 4) AND ((info)::text = ANY ('{Cantonese,Danish,Dutch,English,Filipino,French,German,Greek,Japanese,Mandarin,Russian,Serbo-Croatian}'::text[])))
                                             Rows Removed by Filter: 9
                                             Buffers: shared hit=103699 read=33105
                     ->  Index Scan using movie_id_cast_info on cast_info ci  (cost=0.44..43.99 rows=38 width=12) (actual time=0.031..0.117 rows=10 loops=13618)
                           Index Cond: (movie_id = t.id)
                           Buffers: shared hit=113446 read=58911
               ->  Hash  (cost=1.15..1.15 rows=2 width=4) (actual time=0.032..0.033 rows=2 loops=1)
                     Buckets: 1024  Batches: 1  Memory Usage: 9kB
                     Buffers: shared hit=1
                     ->  Seq Scan on role_type rt  (cost=0.00..1.15 rows=2 width=4) (actual time=0.023..0.025 rows=2 loops=1)
                           Filter: ((role)::text = ANY ('{"miscellaneous crew",producer}'::text[]))
                           Rows Removed by Filter: 10
                           Buffers: shared hit=1
         ->  Index Scan using name_pkey on name n  (cost=0.43..2.32 rows=1 width=4) (actual time=0.032..0.032 rows=0 loops=23516)
               Index Cond: (id = ci.person_id)
               Filter: ((gender)::text = ANY ('{f,m}'::text[]))
               Rows Removed by Filter: 1
               Buffers: shared hit=79451 read=14613
 Planning:
   Buffers: shared hit=484 read=93
 Planning Time: 12.987 ms
 Execution Time: 4414.236 ms
(76 rows)

