                                                                                               QUERY PLAN                                                                                               
--------------------------------------------------------------------------------------------------------------------------------------------------------------------------------------------------------
 Aggregate  (cost=526669.36..526669.37 rows=1 width=8) (actual time=6163.976..6163.984 rows=1 loops=1)
   Buffers: shared hit=587204 read=49990
   ->  Nested Loop  (cost=14218.51..526669.31 rows=20 width=0) (actual time=94.038..6161.208 rows=19243 loops=1)
         Buffers: shared hit=587204 read=49990
         ->  Hash Join  (cost=14218.08..526597.41 rows=31 width=4) (actual time=93.963..5475.104 rows=19243 loops=1)
               Hash Cond: (ci.role_id = rt.id)
               Buffers: shared hit=519308 read=40914
               ->  Nested Loop  (cost=14216.91..526595.57 rows=186 width=8) (actual time=93.908..5466.596 rows=25752 loops=1)
                     Buffers: shared hit=519307 read=40914
                     ->  Nested Loop  (cost=14216.47..526012.13 rows=13 width=12) (actual time=93.842..5142.071 rows=2171 loops=1)
                           Buffers: shared hit=494794 read=33863
                           ->  Seq Scan on info_type it2  (cost=0.00..2.41 rows=1 width=4) (actual time=0.028..0.040 rows=1 loops=1)
                                 Filter: (id = 4)
                                 Rows Removed by Filter: 112
                                 Buffers: shared hit=1
                           ->  Nested Loop  (cost=14216.47..526009.59 rows=13 width=16) (actual time=93.812..5141.467 rows=2171 loops=1)
                                 Buffers: shared hit=494793 read=33863
                                 ->  Seq Scan on info_type it1  (cost=0.00..2.41 rows=1 width=4) (actual time=0.011..0.025 rows=1 loops=1)
                                       Filter: (id = 8)
                                       Rows Removed by Filter: 112
                                       Buffers: shared hit=1
                                 ->  Nested Loop  (cost=14216.47..526007.05 rows=13 width=20) (actual time=93.798..5140.804 rows=2171 loops=1)
                                       Buffers: shared hit=494792 read=33863
                                       ->  Hash Join  (cost=14216.03..505530.44 rows=473 width=12) (actual time=93.684..4844.748 rows=3540 loops=1)
                                             Hash Cond: (t.kind_id = kt.id)
                                             Buffers: shared hit=468661 read=29837
                                             ->  Nested Loop  (cost=14214.92..505522.34 rows=1657 width=16) (actual time=38.012..4839.213 rows=18901 loops=1)
                                                   Buffers: shared hit=468660 read=29837
                                                   ->  Bitmap Heap Scan on movie_info mi1  (cost=14214.48..431979.55 rows=11845 width=8) (actual time=37.410..670.998 rows=124934 loops=1)
                                                         Recheck Cond: (info_type_id = 8)
                                                         Filter: ((info)::text = ANY ('{Australia,Austria,Belgium,Egypt,France,Romania,Taiwan}'::text[]))
                                                         Rows Removed by Filter: 1200427
                                                         Heap Blocks: exact=7853
                                                         Buffers: shared hit=1879 read=7014
                                                         ->  Bitmap Index Scan on info_type_id_movie_info  (cost=0.00..14211.52 rows=1329478 width=0) (actual time=36.415..36.415 rows=1325361 loops=1)
                                                               Index Cond: (info_type_id = 8)
                                                               Buffers: shared read=1040
                                                   ->  Memoize  (cost=0.44..6.29 rows=1 width=8) (actual time=0.033..0.033 rows=0 loops=124934)
                                                         Cache Key: mi1.movie_id
                                                         Cache Mode: logical
                                                         Hits: 2533  Misses: 122401  Evictions: 9528  Overflows: 0  Memory Usage: 8193kB
                                                         Buffers: shared hit=466781 read=22823
                                                         ->  Index Scan using title_pkey on title t  (cost=0.43..6.28 rows=1 width=8) (actual time=0.033..0.033 rows=0 loops=122401)
                                                               Index Cond: (id = mi1.movie_id)
                                                               Filter: ((production_year <= 1975) AND (1925 < production_year))
                                                               Rows Removed by Filter: 1
                                                               Buffers: shared hit=466781 read=22823
                                             ->  Hash  (cost=1.09..1.09 rows=2 width=4) (actual time=0.017..0.018 rows=2 loops=1)
                                                   Buckets: 1024  Batches: 1  Memory Usage: 9kB
                                                   Buffers: shared hit=1
                                                   ->  Seq Scan on kind_type kt  (cost=0.00..1.09 rows=2 width=4) (actual time=0.008..0.009 rows=2 loops=1)
                                                         Filter: ((kind)::text = ANY ('{episode,"tv movie"}'::text[]))
                                                         Rows Removed by Filter: 5
                                                         Buffers: shared hit=1
                                       ->  Index Scan using movie_id_movie_info on movie_info mi2  (cost=0.43..43.28 rows=1 width=8) (actual time=0.054..0.083 rows=1 loops=3540)
                                             Index Cond: (movie_id = t.id)
                                             Filter: ((info_type_id = 4) AND ((info)::text = ANY ('{Arabic,Dutch,English,German,Italian,Mandarin,Romanian}'::text[])))
                                             Rows Removed by Filter: 5
                                             Buffers: shared hit=26131 read=4026
                     ->  Index Scan using movie_id_cast_info on cast_info ci  (cost=0.44..44.50 rows=38 width=12) (actual time=0.034..0.146 rows=12 loops=2171)
                           Index Cond: (movie_id = t.id)
                           Buffers: shared hit=24513 read=7051
               ->  Hash  (cost=1.15..1.15 rows=2 width=4) (actual time=0.033..0.034 rows=2 loops=1)
                     Buckets: 1024  Batches: 1  Memory Usage: 9kB
                     Buffers: shared hit=1
                     ->  Seq Scan on role_type rt  (cost=0.00..1.15 rows=2 width=4) (actual time=0.025..0.028 rows=2 loops=1)
                           Filter: ((role)::text = ANY ('{actor,actress}'::text[]))
                           Rows Removed by Filter: 10
                           Buffers: shared hit=1
         ->  Index Scan using name_pkey on name n  (cost=0.43..2.32 rows=1 width=4) (actual time=0.035..0.035 rows=1 loops=19243)
               Index Cond: (id = ci.person_id)
               Filter: ((gender)::text = ANY ('{f,m}'::text[]))
               Buffers: shared hit=67896 read=9076
 Planning:
   Buffers: shared hit=505 read=69
 Planning Time: 13.492 ms
 Execution Time: 6166.828 ms
(77 rows)

