                                                                                               QUERY PLAN                                                                                               
--------------------------------------------------------------------------------------------------------------------------------------------------------------------------------------------------------
 Aggregate  (cost=393656.59..393656.60 rows=1 width=8) (actual time=3222.430..3222.438 rows=1 loops=1)
   Buffers: shared hit=288099 read=42379
   ->  Nested Loop  (cost=14215.93..393656.57 rows=8 width=0) (actual time=39.387..3222.327 rows=188 loops=1)
         Buffers: shared hit=288099 read=42379
         ->  Seq Scan on info_type it2  (cost=0.00..2.41 rows=1 width=4) (actual time=0.039..0.051 rows=1 loops=1)
               Filter: (id = 4)
               Rows Removed by Filter: 112
               Buffers: shared hit=1
         ->  Nested Loop  (cost=14215.93..393654.08 rows=8 width=4) (actual time=39.346..3222.224 rows=188 loops=1)
               Buffers: shared hit=288098 read=42379
               ->  Seq Scan on info_type it1  (cost=0.00..2.41 rows=1 width=4) (actual time=0.008..0.022 rows=1 loops=1)
                     Filter: (id = 8)
                     Rows Removed by Filter: 112
                     Buffers: shared hit=1
               ->  Nested Loop  (cost=14215.93..393651.58 rows=8 width=8) (actual time=39.336..3222.136 rows=188 loops=1)
                     Buffers: shared hit=288097 read=42379
                     ->  Hash Join  (cost=14215.50..393568.08 rows=36 width=12) (actual time=34.812..2888.583 rows=9314 loops=1)
                           Hash Cond: (ci.role_id = rt.id)
                           Buffers: shared hit=254279 read=38941
                           ->  Nested Loop  (cost=14214.32..393566.14 rows=215 width=16) (actual time=34.669..2869.131 rows=106489 loops=1)
                                 Buffers: shared hit=254278 read=38941
                                 ->  Nested Loop  (cost=14213.88..392911.25 rows=15 width=20) (actual time=34.636..1662.330 rows=7975 loops=1)
                                       Buffers: shared hit=149709 read=14385
                                       ->  Hash Join  (cost=14213.45..368429.86 rows=580 width=12) (actual time=34.502..1007.637 rows=8359 loops=1)
                                             Hash Cond: (t.kind_id = kt.id)
                                             Buffers: shared hit=87451 read=1947
                                             ->  Nested Loop  (cost=14212.31..368423.02 rows=1353 width=16) (actual time=34.459..1001.541 rows=20009 loops=1)
                                                   Buffers: shared hit=87450 read=1947
                                                   ->  Bitmap Heap Scan on movie_info mi1  (cost=14211.88..356693.99 rows=1452 width=8) (actual time=34.428..357.783 rows=20126 loops=1)
                                                         Recheck Cond: (info_type_id = 8)
                                                         Filter: ((info)::text = ANY ('{Ireland,"West Germany"}'::text[]))
                                                         Rows Removed by Filter: 1305235
                                                         Heap Blocks: exact=7853
                                                         Buffers: shared hit=8285 read=608
                                                         ->  Bitmap Index Scan on info_type_id_movie_info  (cost=0.00..14211.52 rows=1329478 width=0) (actual time=33.428..33.428 rows=1325361 loops=1)
                                                               Index Cond: (info_type_id = 8)
                                                               Buffers: shared hit=1040
                                                   ->  Index Scan using title_pkey on title t  (cost=0.43..8.08 rows=1 width=8) (actual time=0.031..0.031 rows=1 loops=20126)
                                                         Index Cond: (id = mi1.movie_id)
                                                         Filter: ((production_year <= 2015) AND (1925 < production_year))
                                                         Rows Removed by Filter: 0
                                                         Buffers: shared hit=79165 read=1339
                                             ->  Hash  (cost=1.10..1.10 rows=3 width=4) (actual time=0.015..0.016 rows=3 loops=1)
                                                   Buckets: 1024  Batches: 1  Memory Usage: 9kB
                                                   Buffers: shared hit=1
                                                   ->  Seq Scan on kind_type kt  (cost=0.00..1.10 rows=3 width=4) (actual time=0.007..0.009 rows=3 loops=1)
                                                         Filter: ((kind)::text = ANY ('{"tv movie","tv series","video game"}'::text[]))
                                                         Rows Removed by Filter: 4
                                                         Buffers: shared hit=1
                                       ->  Index Scan using movie_id_movie_info on movie_info mi2  (cost=0.43..42.20 rows=1 width=8) (actual time=0.043..0.078 rows=1 loops=8359)
                                             Index Cond: (movie_id = t.id)
                                             Filter: (((info)::text = ANY ('{English,German}'::text[])) AND (info_type_id = 4))
                                             Rows Removed by Filter: 6
                                             Buffers: shared hit=62258 read=12438
                                 ->  Index Scan using movie_id_cast_info on cast_info ci  (cost=0.44..43.28 rows=38 width=12) (actual time=0.035..0.148 rows=13 loops=7975)
                                       Index Cond: (movie_id = t.id)
                                       Buffers: shared hit=104569 read=24556
                           ->  Hash  (cost=1.15..1.15 rows=2 width=4) (actual time=0.017..0.018 rows=2 loops=1)
                                 Buckets: 1024  Batches: 1  Memory Usage: 9kB
                                 Buffers: shared hit=1
                                 ->  Seq Scan on role_type rt  (cost=0.00..1.15 rows=2 width=4) (actual time=0.010..0.012 rows=2 loops=1)
                                       Filter: ((role)::text = ANY ('{composer,director}'::text[]))
                                       Rows Removed by Filter: 10
                                       Buffers: shared hit=1
                     ->  Index Scan using name_pkey on name n  (cost=0.43..2.32 rows=1 width=4) (actual time=0.035..0.035 rows=0 loops=9314)
                           Index Cond: (id = ci.person_id)
                           Filter: ((gender)::text = 'f'::text)
                           Rows Removed by Filter: 1
                           Buffers: shared hit=33818 read=3438
 Planning:
   Buffers: shared hit=574
 Planning Time: 13.694 ms
 Execution Time: 3223.003 ms
(73 rows)

