                                                                                               QUERY PLAN                                                                                               
--------------------------------------------------------------------------------------------------------------------------------------------------------------------------------------------------------
 Aggregate  (cost=427083.56..427083.57 rows=1 width=8) (actual time=4243.830..4243.839 rows=1 loops=1)
   Buffers: shared hit=413882 read=24393
   ->  Nested Loop  (cost=13061.06..427083.56 rows=1 width=0) (actual time=38.663..4243.479 rows=1764 loops=1)
         Buffers: shared hit=413882 read=24393
         ->  Hash Join  (cost=13060.63..427078.92 rows=2 width=4) (actual time=38.620..4168.171 rows=1910 loops=1)
               Hash Cond: (ci.role_id = rt.id)
               Buffers: shared hit=407718 read=22917
               ->  Nested Loop  (cost=13059.45..427077.69 rows=14 width=8) (actual time=38.552..4166.947 rows=3583 loops=1)
                     Buffers: shared hit=407717 read=22917
                     ->  Nested Loop  (cost=13059.01..427033.32 rows=1 width=12) (actual time=38.211..4101.920 rows=1047 loops=1)
                           Buffers: shared hit=403880 read=20095
                           ->  Nested Loop  (cost=13059.01..427030.90 rows=1 width=16) (actual time=38.205..4079.872 rows=1047 loops=1)
                                 Buffers: shared hit=402833 read=20095
                                 ->  Nested Loop  (cost=13059.01..427028.47 rows=1 width=20) (actual time=38.184..4058.708 rows=1047 loops=1)
                                       Buffers: shared hit=401786 read=20095
                                       ->  Hash Join  (cost=13058.58..401156.73 rows=606 width=12) (actual time=38.117..3858.152 rows=2711 loops=1)
                                             Hash Cond: (t.kind_id = kt.id)
                                             Buffers: shared hit=381742 read=16703
                                             ->  Nested Loop  (cost=13057.44..401149.64 rows=1413 width=16) (actual time=38.075..3852.540 rows=21300 loops=1)
                                                   Buffers: shared hit=381741 read=16703
                                                   ->  Bitmap Heap Scan on movie_info mi2  (cost=13057.00..355210.16 rows=6544 width=8) (actual time=37.603..461.735 rows=97605 loops=1)
                                                         Recheck Cond: (info_type_id = 4)
                                                         Filter: ((info)::text = ANY ('{Spanish,Tagalog}'::text[]))
                                                         Rows Removed by Filter: 1201384
                                                         Heap Blocks: exact=8393
                                                         Buffers: shared hit=3912 read=5500
                                                         ->  Bitmap Index Scan on info_type_id_movie_info  (cost=0.00..13055.37 rows=1221191 width=0) (actual time=35.607..35.608 rows=1298989 loops=1)
                                                               Index Cond: (info_type_id = 4)
                                                               Buffers: shared hit=1 read=1018
                                                   ->  Memoize  (cost=0.44..7.07 rows=1 width=8) (actual time=0.034..0.034 rows=0 loops=97605)
                                                         Cache Key: mi2.movie_id
                                                         Cache Mode: logical
                                                         Hits: 347  Misses: 97258  Evictions: 0  Overflows: 0  Memory Usage: 7289kB
                                                         Buffers: shared hit=377829 read=11203
                                                         ->  Index Scan using title_pkey on title t  (cost=0.43..7.06 rows=1 width=8) (actual time=0.034..0.034 rows=0 loops=97258)
                                                               Index Cond: (id = mi2.movie_id)
                                                               Filter: ((production_year <= 1990) AND (1950 < production_year))
                                                               Rows Removed by Filter: 1
                                                               Buffers: shared hit=377829 read=11203
                                             ->  Hash  (cost=1.10..1.10 rows=3 width=4) (actual time=0.016..0.017 rows=3 loops=1)
                                                   Buckets: 1024  Batches: 1  Memory Usage: 9kB
                                                   Buffers: shared hit=1
                                                   ->  Seq Scan on kind_type kt  (cost=0.00..1.10 rows=3 width=4) (actual time=0.010..0.012 rows=3 loops=1)
                                                         Filter: ((kind)::text = ANY ('{"tv series","video game","video movie"}'::text[]))
                                                         Rows Removed by Filter: 4
                                                         Buffers: shared hit=1
                                       ->  Index Scan using movie_id_movie_info on movie_info mi1  (cost=0.43..42.68 rows=1 width=8) (actual time=0.069..0.073 rows=0 loops=2711)
                                             Index Cond: (movie_id = t.id)
                                             Filter: (((info)::text = ANY ('{Philippines,Spain}'::text[])) AND (info_type_id = 8))
                                             Rows Removed by Filter: 7
                                             Buffers: shared hit=20044 read=3392
                                 ->  Seq Scan on info_type it1  (cost=0.00..2.41 rows=1 width=4) (actual time=0.011..0.018 rows=1 loops=1047)
                                       Filter: (id = 8)
                                       Rows Removed by Filter: 112
                                       Buffers: shared hit=1047
                           ->  Seq Scan on info_type it2  (cost=0.00..2.41 rows=1 width=4) (actual time=0.011..0.019 rows=1 loops=1047)
                                 Filter: (id = 4)
                                 Rows Removed by Filter: 112
                                 Buffers: shared hit=1047
                     ->  Index Scan using movie_id_cast_info on cast_info ci  (cost=0.44..43.99 rows=38 width=12) (actual time=0.032..0.061 rows=3 loops=1047)
                           Index Cond: (movie_id = t.id)
                           Buffers: shared hit=3837 read=2822
               ->  Hash  (cost=1.15..1.15 rows=2 width=4) (actual time=0.041..0.042 rows=2 loops=1)
                     Buckets: 1024  Batches: 1  Memory Usage: 9kB
                     Buffers: shared hit=1
                     ->  Seq Scan on role_type rt  (cost=0.00..1.15 rows=2 width=4) (actual time=0.028..0.031 rows=2 loops=1)
                           Filter: ((role)::text = ANY ('{actor,director}'::text[]))
                           Rows Removed by Filter: 10
                           Buffers: shared hit=1
         ->  Index Scan using name_pkey on name n  (cost=0.43..2.32 rows=1 width=4) (actual time=0.039..0.039 rows=1 loops=1910)
               Index Cond: (id = ci.person_id)
               Filter: ((gender)::text = 'm'::text)
               Rows Removed by Filter: 0
               Buffers: shared hit=6164 read=1476
 Planning:
   Buffers: shared hit=574
 Planning Time: 12.441 ms
 Execution Time: 4246.232 ms
(78 rows)

