                                                                                            QUERY PLAN                                                                                            
--------------------------------------------------------------------------------------------------------------------------------------------------------------------------------------------------
 Aggregate  (cost=756143.99..756144.00 rows=1 width=8) (actual time=47685.996..47686.005 rows=1 loops=1)
   Buffers: shared hit=4171288 read=767959, temp read=3063 written=3063
   ->  Nested Loop  (cost=93690.15..756143.76 rows=90 width=0) (actual time=616.167..47685.029 rows=1888 loops=1)
         Buffers: shared hit=4171288 read=767959, temp read=3063 written=3063
         ->  Seq Scan on info_type it2  (cost=0.00..2.41 rows=1 width=4) (actual time=0.046..0.057 rows=1 loops=1)
               Filter: (id = 4)
               Rows Removed by Filter: 112
               Buffers: shared hit=1
         ->  Nested Loop  (cost=93690.15..756140.45 rows=90 width=4) (actual time=616.120..47684.336 rows=1888 loops=1)
               Buffers: shared hit=4171287 read=767959, temp read=3063 written=3063
               ->  Seq Scan on info_type it1  (cost=0.00..2.41 rows=1 width=4) (actual time=0.010..0.024 rows=1 loops=1)
                     Filter: (id = 8)
                     Rows Removed by Filter: 112
                     Buffers: shared hit=1
               ->  Nested Loop  (cost=93690.15..756137.14 rows=90 width=8) (actual time=616.106..47683.621 rows=1888 loops=1)
                     Buffers: shared hit=4171286 read=767959, temp read=3063 written=3063
                     ->  Hash Join  (cost=93689.72..755239.48 rows=387 width=12) (actual time=551.905..41754.457 rows=167407 loops=1)
                           Hash Cond: (ci.role_id = rt.id)
                           Buffers: shared hit=3539299 read=730318, temp read=3063 written=3063
                           ->  Nested Loop  (cost=93688.55..755230.05 rows=2322 width=16) (actual time=551.808..41351.247 rows=2060159 loops=1)
                                 Buffers: shared hit=3539298 read=730318, temp read=3063 written=3063
                                 ->  Nested Loop  (cost=93688.11..748012.25 rows=162 width=20) (actual time=551.783..18600.951 rows=135319 loops=1)
                                       Buffers: shared hit=1498063 read=357083, temp read=3063 written=3063
                                       ->  Hash Join  (cost=93687.67..528089.09 rows=5100 width=12) (actual time=551.712..1735.538 rows=165677 loops=1)
                                             Hash Cond: (mi1.movie_id = t.id)
                                             Buffers: shared hit=30681 read=14604, temp read=3063 written=3063
                                             ->  Bitmap Heap Scan on movie_info mi1  (cost=14227.97..447049.63 rows=65799 width=8) (actual time=36.322..716.431 rows=717211 loops=1)
                                                   Recheck Cond: (info_type_id = 8)
                                                   Filter: ((info)::text = ANY ('{Argentina,Denmark,Germany,Italy,Japan,Philippines,"South Korea",USA}'::text[]))
                                                   Rows Removed by Filter: 608150
                                                   Heap Blocks: exact=7853
                                                   Buffers: shared hit=751 read=8142
                                                   ->  Bitmap Index Scan on info_type_id_movie_info  (cost=0.00..14211.52 rows=1329478 width=0) (actual time=35.353..35.353 rows=1325361 loops=1)
                                                         Index Cond: (info_type_id = 8)
                                                         Buffers: shared hit=1 read=1039
                                             ->  Hash  (cost=76244.10..76244.10 rows=195968 width=4) (actual time=513.269..513.272 rows=439726 loops=1)
                                                   Buckets: 262144 (originally 262144)  Batches: 4 (originally 2)  Memory Usage: 6145kB
                                                   Buffers: shared hit=29930 read=6462, temp written=966
                                                   ->  Hash Join  (cost=1.13..76244.10 rows=195968 width=4) (actual time=0.042..443.761 rows=439726 loops=1)
                                                         Hash Cond: (t.kind_id = kt.id)
                                                         Buffers: shared hit=29930 read=6462
                                                         ->  Seq Scan on title t  (cost=0.00..74315.95 rows=457258 width=8) (actual time=0.024..391.840 rows=451569 loops=1)
                                                               Filter: ((production_year <= 1975) AND (1875 < production_year))
                                                               Rows Removed by Filter: 2076743
                                                               Buffers: shared hit=29929 read=6462
                                                         ->  Hash  (cost=1.10..1.10 rows=3 width=4) (actual time=0.014..0.015 rows=3 loops=1)
                                                               Buckets: 1024  Batches: 1  Memory Usage: 9kB
                                                               Buffers: shared hit=1
                                                               ->  Seq Scan on kind_type kt  (cost=0.00..1.10 rows=3 width=4) (actual time=0.007..0.008 rows=3 loops=1)
                                                                     Filter: ((kind)::text = ANY ('{episode,movie,"tv movie"}'::text[]))
                                                                     Rows Removed by Filter: 4
                                                                     Buffers: shared hit=1
                                       ->  Index Scan using movie_id_movie_info on movie_info mi2  (cost=0.43..43.11 rows=1 width=8) (actual time=0.048..0.101 rows=1 loops=165677)
                                             Index Cond: (movie_id = t.id)
                                             Filter: ((info_type_id = 4) AND ((info)::text = ANY ('{Danish,English,German,Italian,Japanese,Korean,Spanish,Tagalog}'::text[])))
                                             Rows Removed by Filter: 13
                                             Buffers: shared hit=1467382 read=342479
                                 ->  Index Scan using movie_id_cast_info on cast_info ci  (cost=0.44..44.17 rows=38 width=12) (actual time=0.035..0.163 rows=15 loops=135319)
                                       Index Cond: (movie_id = t.id)
                                       Buffers: shared hit=2041235 read=373235
                           ->  Hash  (cost=1.15..1.15 rows=2 width=4) (actual time=0.019..0.020 rows=2 loops=1)
                                 Buckets: 1024  Batches: 1  Memory Usage: 9kB
                                 Buffers: shared hit=1
                                 ->  Seq Scan on role_type rt  (cost=0.00..1.15 rows=2 width=4) (actual time=0.011..0.013 rows=2 loops=1)
                                       Filter: ((role)::text = ANY ('{composer,director}'::text[]))
                                       Rows Removed by Filter: 10
                                       Buffers: shared hit=1
                     ->  Index Scan using name_pkey on name n  (cost=0.43..2.32 rows=1 width=4) (actual time=0.035..0.035 rows=0 loops=167407)
                           Index Cond: (id = ci.person_id)
                           Filter: ((gender)::text = 'f'::text)
                           Rows Removed by Filter: 1
                           Buffers: shared hit=631987 read=37641
 Planning:
   Buffers: shared hit=574
 Planning Time: 12.349 ms
 Execution Time: 47686.637 ms
(76 rows)

