                                                                                               QUERY PLAN                                                                                               
--------------------------------------------------------------------------------------------------------------------------------------------------------------------------------------------------------
 Aggregate  (cost=619969.26..619969.27 rows=1 width=8) (actual time=26587.350..26587.357 rows=1 loops=1)
   Buffers: shared hit=2437318 read=338105
   ->  Nested Loop  (cost=13061.68..619969.12 rows=56 width=0) (actual time=36.961..26583.709 rows=9821 loops=1)
         Buffers: shared hit=2437318 read=338105
         ->  Seq Scan on info_type it2  (cost=0.00..2.41 rows=1 width=4) (actual time=0.033..0.042 rows=1 loops=1)
               Filter: (id = 4)
               Rows Removed by Filter: 112
               Buffers: shared hit=1
         ->  Nested Loop  (cost=13061.68..619966.14 rows=56 width=4) (actual time=36.926..26581.094 rows=9821 loops=1)
               Buffers: shared hit=2437317 read=338105
               ->  Seq Scan on info_type it1  (cost=0.00..2.41 rows=1 width=4) (actual time=0.006..0.017 rows=1 loops=1)
                     Filter: (id = 8)
                     Rows Removed by Filter: 112
                     Buffers: shared hit=1
               ->  Nested Loop  (cost=13061.68..619963.17 rows=56 width=8) (actual time=36.918..26578.464 rows=9821 loops=1)
                     Buffers: shared hit=2437316 read=338105
                     ->  Hash Join  (cost=13061.25..619654.67 rows=133 width=12) (actual time=36.875..25718.524 rows=22997 loops=1)
                           Hash Cond: (ci.role_id = rt.id)
                           Buffers: shared hit=2353506 read=329927
                           ->  Nested Loop  (cost=13060.09..619647.86 rows=1591 width=16) (actual time=35.203..25535.465 rows=987619 loops=1)
                                 Buffers: shared hit=2353505 read=329927
                                 ->  Nested Loop  (cost=13059.65..614801.63 rows=111 width=20) (actual time=35.166..14799.029 rows=49228 loops=1)
                                       Buffers: shared hit=1436503 read=136072
                                       ->  Hash Join  (cost=13059.21..460423.16 rows=3631 width=12) (actual time=35.102..5598.761 rows=105179 loops=1)
                                             Hash Cond: (t.kind_id = kt.id)
                                             Buffers: shared hit=490618 read=44235
                                             ->  Nested Loop  (cost=13058.08..460386.32 rows=8472 width=16) (actual time=34.992..5543.352 rows=123237 loops=1)
                                                   Buffers: shared hit=490617 read=44235
                                                   ->  Bitmap Heap Scan on movie_info mi2  (cost=13057.64..400298.34 rows=9089 width=8) (actual time=34.953..635.993 rows=132734 loops=1)
                                                         Recheck Cond: (info_type_id = 4)
                                                         Filter: ((info)::text = ANY ('{Icelandic,Indonesian,Italian,Russian,Spanish}'::text[]))
                                                         Rows Removed by Filter: 1166255
                                                         Heap Blocks: exact=8393
                                                         Buffers: shared hit=59 read=9353
                                                         ->  Bitmap Index Scan on info_type_id_movie_info  (cost=0.00..13055.37 rows=1221191 width=0) (actual time=32.625..32.626 rows=1298989 loops=1)
                                                               Index Cond: (info_type_id = 4)
                                                               Buffers: shared read=1019
                                                   ->  Memoize  (cost=0.44..6.68 rows=1 width=8) (actual time=0.036..0.036 rows=1 loops=132734)
                                                         Cache Key: mi2.movie_id
                                                         Cache Mode: logical
                                                         Hits: 1374  Misses: 131360  Evictions: 52052  Overflows: 0  Memory Usage: 8193kB
                                                         Buffers: shared hit=490558 read=34882
                                                         ->  Index Scan using title_pkey on title t  (cost=0.43..6.67 rows=1 width=8) (actual time=0.035..0.035 rows=1 loops=131360)
                                                               Index Cond: (id = mi2.movie_id)
                                                               Filter: ((production_year <= 2015) AND (1925 < production_year))
                                                               Rows Removed by Filter: 0
                                                               Buffers: shared hit=490558 read=34882
                                             ->  Hash  (cost=1.10..1.10 rows=3 width=4) (actual time=0.013..0.014 rows=3 loops=1)
                                                   Buckets: 1024  Batches: 1  Memory Usage: 9kB
                                                   Buffers: shared hit=1
                                                   ->  Seq Scan on kind_type kt  (cost=0.00..1.10 rows=3 width=4) (actual time=0.008..0.009 rows=3 loops=1)
                                                         Filter: ((kind)::text = ANY ('{episode,movie,"video movie"}'::text[]))
                                                         Rows Removed by Filter: 4
                                                         Buffers: shared hit=1
                                       ->  Index Scan using movie_id_movie_info on movie_info mi1  (cost=0.43..42.51 rows=1 width=8) (actual time=0.083..0.087 rows=0 loops=105179)
                                             Index Cond: (movie_id = t.id)
                                             Filter: ((info_type_id = 8) AND ((info)::text = ANY ('{France,Germany,Iceland,Indonesia,Spain,UK,USA,Venezuela}'::text[])))
                                             Rows Removed by Filter: 11
                                             Buffers: shared hit=945885 read=91837
                                 ->  Index Scan using movie_id_cast_info on cast_info ci  (cost=0.44..43.28 rows=38 width=12) (actual time=0.037..0.212 rows=20 loops=49228)
                                       Index Cond: (movie_id = t.id)
                                       Buffers: shared hit=917002 read=193855
                           ->  Hash  (cost=1.15..1.15 rows=1 width=4) (actual time=0.010..0.011 rows=1 loops=1)
                                 Buckets: 1024  Batches: 1  Memory Usage: 9kB
                                 Buffers: shared hit=1
                                 ->  Seq Scan on role_type rt  (cost=0.00..1.15 rows=1 width=4) (actual time=0.006..0.007 rows=1 loops=1)
                                       Filter: ((role)::text = 'composer'::text)
                                       Rows Removed by Filter: 11
                                       Buffers: shared hit=1
                     ->  Index Scan using name_pkey on name n  (cost=0.43..2.32 rows=1 width=4) (actual time=0.037..0.037 rows=0 loops=22997)
                           Index Cond: (id = ci.person_id)
                           Filter: ((gender)::text = 'm'::text)
                           Rows Removed by Filter: 1
                           Buffers: shared hit=83810 read=8178
 Planning:
   Buffers: shared hit=485 read=89
 Planning Time: 10.360 ms
 Execution Time: 26589.262 ms
(78 rows)

