                                                                                               QUERY PLAN                                                                                               
--------------------------------------------------------------------------------------------------------------------------------------------------------------------------------------------------------
 Aggregate  (cost=397523.04..397523.05 rows=1 width=8) (actual time=1897.987..1897.993 rows=1 loops=1)
   Buffers: shared hit=176612 read=18026
   ->  Nested Loop  (cost=14216.71..397523.04 rows=1 width=0) (actual time=399.641..1897.921 rows=286 loops=1)
         Buffers: shared hit=176612 read=18026
         ->  Hash Join  (cost=14216.28..397518.40 rows=2 width=4) (actual time=399.604..1886.191 rows=288 loops=1)
               Hash Cond: (ci.role_id = rt.id)
               Buffers: shared hit=175813 read=17673
               ->  Nested Loop  (cost=14215.11..397517.18 rows=14 width=8) (actual time=399.532..1885.889 rows=921 loops=1)
                     Buffers: shared hit=175812 read=17673
                     ->  Nested Loop  (cost=14214.67..397472.81 rows=1 width=12) (actual time=399.496..1871.377 rows=97 loops=1)
                           Buffers: shared hit=174963 read=17316
                           ->  Nested Loop  (cost=14214.67..397470.38 rows=1 width=16) (actual time=399.491..1869.855 rows=97 loops=1)
                                 Buffers: shared hit=174866 read=17316
                                 ->  Nested Loop  (cost=14214.67..397467.96 rows=1 width=20) (actual time=399.478..1868.224 rows=97 loops=1)
                                       Buffers: shared hit=174769 read=17316
                                       ->  Hash Join  (cost=14214.23..391277.53 rows=145 width=12) (actual time=399.429..1854.128 rows=157 loops=1)
                                             Hash Cond: (t.kind_id = kt.id)
                                             Buffers: shared hit=174083 read=16799
                                             ->  Nested Loop  (cost=14213.13..391272.15 rows=1014 width=16) (actual time=36.959..1850.892 rows=16681 loops=1)
                                                   Buffers: shared hit=174082 read=16799
                                                   ->  Bitmap Heap Scan on movie_info mi1  (cost=14212.69..356694.80 rows=4697 width=8) (actual time=36.929..378.032 rows=45627 loops=1)
                                                         Recheck Cond: (info_type_id = 8)
                                                         Filter: ((info)::text = ANY ('{Argentina,India}'::text[]))
                                                         Rows Removed by Filter: 1279734
                                                         Heap Blocks: exact=7853
                                                         Buffers: shared hit=2551 read=6342
                                                         ->  Bitmap Index Scan on info_type_id_movie_info  (cost=0.00..14211.52 rows=1329478 width=0) (actual time=35.892..35.892 rows=1325361 loops=1)
                                                               Index Cond: (info_type_id = 8)
                                                               Buffers: shared read=1040
                                                   ->  Memoize  (cost=0.44..7.39 rows=1 width=8) (actual time=0.032..0.032 rows=0 loops=45627)
                                                         Cache Key: mi1.movie_id
                                                         Cache Mode: logical
                                                         Hits: 130  Misses: 45497  Evictions: 0  Overflows: 0  Memory Usage: 3672kB
                                                         Buffers: shared hit=171531 read=10457
                                                         ->  Index Scan using title_pkey on title t  (cost=0.43..7.38 rows=1 width=8) (actual time=0.031..0.031 rows=0 loops=45497)
                                                               Index Cond: (id = mi1.movie_id)
                                                               Filter: ((production_year <= 1990) AND (1950 < production_year))
                                                               Rows Removed by Filter: 1
                                                               Buffers: shared hit=171531 read=10457
                                             ->  Hash  (cost=1.09..1.09 rows=1 width=4) (actual time=0.018..0.019 rows=1 loops=1)
                                                   Buckets: 1024  Batches: 1  Memory Usage: 9kB
                                                   Buffers: shared hit=1
                                                   ->  Seq Scan on kind_type kt  (cost=0.00..1.09 rows=1 width=4) (actual time=0.007..0.008 rows=1 loops=1)
                                                         Filter: ((kind)::text = 'tv movie'::text)
                                                         Rows Removed by Filter: 6
                                                         Buffers: shared hit=1
                                       ->  Index Scan using movie_id_movie_info on movie_info mi2  (cost=0.43..42.68 rows=1 width=8) (actual time=0.056..0.089 rows=1 loops=157)
                                             Index Cond: (movie_id = t.id)
                                             Filter: (((info)::text = ANY ('{Malayalam,Spanish}'::text[])) AND (info_type_id = 4))
                                             Rows Removed by Filter: 4
                                             Buffers: shared hit=686 read=517
                                 ->  Seq Scan on info_type it1  (cost=0.00..2.41 rows=1 width=4) (actual time=0.007..0.014 rows=1 loops=97)
                                       Filter: (id = 8)
                                       Rows Removed by Filter: 112
                                       Buffers: shared hit=97
                           ->  Seq Scan on info_type it2  (cost=0.00..2.41 rows=1 width=4) (actual time=0.006..0.014 rows=1 loops=97)
                                 Filter: (id = 4)
                                 Rows Removed by Filter: 112
                                 Buffers: shared hit=97
                     ->  Index Scan using movie_id_cast_info on cast_info ci  (cost=0.44..43.99 rows=38 width=12) (actual time=0.046..0.146 rows=9 loops=97)
                           Index Cond: (movie_id = t.id)
                           Buffers: shared hit=849 read=357
               ->  Hash  (cost=1.15..1.15 rows=2 width=4) (actual time=0.032..0.032 rows=2 loops=1)
                     Buckets: 1024  Batches: 1  Memory Usage: 9kB
                     Buffers: shared hit=1
                     ->  Seq Scan on role_type rt  (cost=0.00..1.15 rows=2 width=4) (actual time=0.024..0.026 rows=2 loops=1)
                           Filter: ((role)::text = ANY ('{actress,composer}'::text[]))
                           Rows Removed by Filter: 10
                           Buffers: shared hit=1
         ->  Index Scan using name_pkey on name n  (cost=0.43..2.32 rows=1 width=4) (actual time=0.040..0.040 rows=1 loops=288)
               Index Cond: (id = ci.person_id)
               Filter: ((gender)::text = ANY ('{f,m}'::text[]))
               Rows Removed by Filter: 0
               Buffers: shared hit=799 read=353
 Planning:
   Buffers: shared hit=487 read=87
 Planning Time: 12.943 ms
 Execution Time: 1899.256 ms
(78 rows)

