                                                                                            QUERY PLAN                                                                                            
--------------------------------------------------------------------------------------------------------------------------------------------------------------------------------------------------
 Aggregate  (cost=598053.94..598053.95 rows=1 width=8) (actual time=1563.344..1563.351 rows=1 loops=1)
   Buffers: shared hit=103086 read=39640, temp read=696 written=696
   ->  Nested Loop  (cost=93683.15..598053.83 rows=47 width=0) (actual time=514.625..1563.324 rows=36 loops=1)
         Buffers: shared hit=103086 read=39640, temp read=696 written=696
         ->  Seq Scan on info_type it2  (cost=0.00..2.41 rows=1 width=4) (actual time=0.041..0.046 rows=1 loops=1)
               Filter: (id = 4)
               Rows Removed by Filter: 112
               Buffers: shared hit=1
         ->  Nested Loop  (cost=93683.15..598050.94 rows=47 width=4) (actual time=514.582..1563.261 rows=36 loops=1)
               Buffers: shared hit=103085 read=39640, temp read=696 written=696
               ->  Seq Scan on info_type it1  (cost=0.00..2.41 rows=1 width=4) (actual time=0.008..0.016 rows=1 loops=1)
                     Filter: (id = 8)
                     Rows Removed by Filter: 112
                     Buffers: shared hit=1
               ->  Nested Loop  (cost=93683.15..598048.06 rows=47 width=8) (actual time=514.571..1563.229 rows=36 loops=1)
                     Buffers: shared hit=103084 read=39640, temp read=696 written=696
                     ->  Hash Join  (cost=93682.72..597790.59 rows=111 width=12) (actual time=432.733..1554.256 rows=271 loops=1)
                           Hash Cond: (ci.role_id = rt.id)
                           Buffers: shared hit=102316 read=39324, temp read=696 written=696
                           ->  Nested Loop  (cost=93681.56..597784.70 rows=1333 width=16) (actual time=429.064..1549.458 rows=37413 loops=1)
                                 Buffers: shared hit=102315 read=39324, temp read=696 written=696
                                 ->  Nested Loop  (cost=93681.12..593641.14 rows=93 width=20) (actual time=429.040..1082.941 rows=4790 loops=1)
                                       Buffers: shared hit=68478 read=22120, temp read=696 written=696
                                       ->  Hash Join  (cost=93680.69..467508.74 rows=2925 width=12) (actual time=428.993..716.591 rows=5058 loops=1)
                                             Hash Cond: (mi1.movie_id = t.id)
                                             Buffers: shared hit=34074 read=11211, temp read=696 written=696
                                             ->  Bitmap Heap Scan on movie_info mi1  (cost=14220.98..386816.28 rows=37736 width=8) (actual time=35.251..231.915 rows=397267 loops=1)
                                                   Recheck Cond: (info_type_id = 8)
                                                   Filter: ((info)::text = ANY ('{Austria,Brazil,Canada,Czechoslovakia,France,Germany,Mexico,Philippines,Spain,UK,Yugoslavia}'::text[]))
                                                   Rows Removed by Filter: 928094
                                                   Heap Blocks: exact=7853
                                                   Buffers: shared hit=8893
                                                   ->  Bitmap Index Scan on info_type_id_movie_info  (cost=0.00..14211.52 rows=1329478 width=0) (actual time=34.278..34.278 rows=1325361 loops=1)
                                                         Index Cond: (info_type_id = 8)
                                                         Buffers: shared hit=1040
                                             ->  Hash  (cost=76244.10..76244.10 rows=195968 width=4) (actual time=392.540..392.543 rows=11843 loops=1)
                                                   Buckets: 262144  Batches: 2  Memory Usage: 2260kB
                                                   Buffers: shared hit=25181 read=11211, temp written=17
                                                   ->  Hash Join  (cost=1.13..76244.10 rows=195968 width=4) (actual time=0.207..390.015 rows=11843 loops=1)
                                                         Hash Cond: (t.kind_id = kt.id)
                                                         Buffers: shared hit=25181 read=11211
                                                         ->  Seq Scan on title t  (cost=0.00..74315.95 rows=457258 width=8) (actual time=0.026..364.803 rows=451569 loops=1)
                                                               Filter: ((production_year <= 1975) AND (1875 < production_year))
                                                               Rows Removed by Filter: 2076743
                                                               Buffers: shared hit=25180 read=11211
                                                         ->  Hash  (cost=1.10..1.10 rows=3 width=4) (actual time=0.014..0.015 rows=3 loops=1)
                                                               Buckets: 1024  Batches: 1  Memory Usage: 9kB
                                                               Buffers: shared hit=1
                                                               ->  Seq Scan on kind_type kt  (cost=0.00..1.10 rows=3 width=4) (actual time=0.007..0.008 rows=3 loops=1)
                                                                     Filter: ((kind)::text = ANY ('{"tv series","video game","video movie"}'::text[]))
                                                                     Rows Removed by Filter: 4
                                                                     Buffers: shared hit=1
                                       ->  Index Scan using movie_id_movie_info on movie_info mi2  (cost=0.43..43.11 rows=1 width=8) (actual time=0.054..0.072 rows=1 loops=5058)
                                             Index Cond: (movie_id = t.id)
                                             Filter: ((info_type_id = 4) AND ((info)::text = ANY ('{Czech,English,Filipino,French,German,Portuguese,Serbo-Croatian,Spanish}'::text[])))
                                             Rows Removed by Filter: 7
                                             Buffers: shared hit=34404 read=10909
                                 ->  Index Scan using movie_id_cast_info on cast_info ci  (cost=0.44..44.17 rows=38 width=12) (actual time=0.033..0.095 rows=8 loops=4790)
                                       Index Cond: (movie_id = t.id)
                                       Buffers: shared hit=33837 read=17204
                           ->  Hash  (cost=1.15..1.15 rows=1 width=4) (actual time=0.016..0.016 rows=1 loops=1)
                                 Buckets: 1024  Batches: 1  Memory Usage: 9kB
                                 Buffers: shared hit=1
                                 ->  Seq Scan on role_type rt  (cost=0.00..1.15 rows=1 width=4) (actual time=0.010..0.011 rows=1 loops=1)
                                       Filter: ((role)::text = 'production designer'::text)
                                       Rows Removed by Filter: 11
                                       Buffers: shared hit=1
                     ->  Index Scan using name_pkey on name n  (cost=0.43..2.32 rows=1 width=4) (actual time=0.033..0.033 rows=0 loops=271)
                           Index Cond: (id = ci.person_id)
                           Filter: ((gender)::text = 'm'::text)
                           Rows Removed by Filter: 1
                           Buffers: shared hit=768 read=316
 Planning:
   Buffers: shared hit=576 read=1
 Planning Time: 13.610 ms
 Execution Time: 1563.836 ms
(76 rows)

