                                                                                            QUERY PLAN                                                                                            
--------------------------------------------------------------------------------------------------------------------------------------------------------------------------------------------------
 Aggregate  (cost=724019.86..724019.87 rows=1 width=8) (actual time=4420.539..4420.551 rows=1 loops=1)
   Buffers: shared hit=381553 read=9939, temp read=5679 written=5679
   ->  Nested Loop  (cost=496662.23..724019.67 rows=73 width=0) (actual time=1142.684..4420.450 rows=206 loops=1)
         Buffers: shared hit=381553 read=9939, temp read=5679 written=5679
         ->  Seq Scan on info_type it2  (cost=0.00..2.41 rows=1 width=4) (actual time=0.046..0.058 rows=1 loops=1)
               Filter: (id = 4)
               Rows Removed by Filter: 112
               Buffers: shared hit=1
         ->  Nested Loop  (cost=496662.23..724016.53 rows=73 width=4) (actual time=1142.636..4420.331 rows=206 loops=1)
               Buffers: shared hit=381552 read=9939, temp read=5679 written=5679
               ->  Seq Scan on info_type it1  (cost=0.00..2.41 rows=1 width=4) (actual time=0.009..0.024 rows=1 loops=1)
                     Filter: (id = 3)
                     Rows Removed by Filter: 112
                     Buffers: shared hit=1
               ->  Nested Loop  (cost=496662.23..724013.39 rows=73 width=8) (actual time=1142.625..4420.242 rows=206 loops=1)
                     Join Filter: (t.id = mi1.movie_id)
                     Buffers: shared hit=381551 read=9939, temp read=5679 written=5679
                     ->  Nested Loop  (cost=496661.80..649599.66 rows=1760 width=16) (actual time=1136.844..4381.039 rows=262 loops=1)
                           Buffers: shared hit=379957 read=8371, temp read=5679 written=5679
                           ->  Hash Join  (cost=496661.37..632026.97 rows=7576 width=20) (actual time=1089.709..1677.632 rows=84358 loops=1)
                                 Hash Cond: (ci.movie_id = t.id)
                                 Buffers: shared hit=45332 read=5564, temp read=5679 written=5679
                                 ->  Nested Loop  (cost=0.44..123965.00 rows=3020080 width=8) (actual time=0.120..285.102 rows=773674 loops=1)
                                       Buffers: shared hit=5091 read=1
                                       ->  Seq Scan on role_type rt  (cost=0.00..1.15 rows=1 width=4) (actual time=0.010..0.012 rows=1 loops=1)
                                             Filter: ((role)::text = 'composer'::text)
                                             Rows Removed by Filter: 11
                                             Buffers: shared hit=1
                                       ->  Index Scan using role_id_cast_info on cast_info ci  (cost=0.44..91017.52 rows=3294633 width=12) (actual time=0.105..177.666 rows=773674 loops=1)
                                             Index Cond: (role_id = rt.id)
                                             Buffers: shared hit=5090 read=1
                                 ->  Hash  (cost=496581.65..496581.65 rows=6342 width=12) (actual time=1089.451..1089.458 rows=234300 loops=1)
                                       Buckets: 262144 (originally 8192)  Batches: 2 (originally 1)  Memory Usage: 7082kB
                                       Buffers: shared hit=40241 read=5563, temp read=3898 written=4355
                                       ->  Hash Join  (cost=92535.53..496581.65 rows=6342 width=12) (actual time=549.664..1052.964 rows=234300 loops=1)
                                             Hash Cond: (mi2.movie_id = t.id)
                                             Buffers: shared hit=40241 read=5563, temp read=3898 written=3898
                                             ->  Bitmap Heap Scan on movie_info mi2  (cost=13075.82..415345.70 rows=81820 width=8) (actual time=34.278..281.091 rows=1042853 loops=1)
                                                   Recheck Cond: (info_type_id = 4)
                                                   Filter: ((info)::text = ANY ('{English,French,German,Italian,Portuguese,Spanish}'::text[]))
                                                   Rows Removed by Filter: 256136
                                                   Heap Blocks: exact=8393
                                                   Buffers: shared hit=9238 read=174
                                                   ->  Bitmap Index Scan on info_type_id_movie_info  (cost=0.00..13055.37 rows=1221191 width=0) (actual time=33.250..33.250 rows=1298989 loops=1)
                                                         Index Cond: (info_type_id = 4)
                                                         Buffers: shared hit=1019
                                             ->  Hash  (cost=76244.10..76244.10 rows=195968 width=4) (actual time=512.627..512.631 rows=439726 loops=1)
                                                   Buckets: 262144 (originally 262144)  Batches: 4 (originally 2)  Memory Usage: 6145kB
                                                   Buffers: shared hit=31003 read=5389, temp written=966
                                                   ->  Hash Join  (cost=1.13..76244.10 rows=195968 width=4) (actual time=0.033..443.107 rows=439726 loops=1)
                                                         Hash Cond: (t.kind_id = kt.id)
                                                         Buffers: shared hit=31003 read=5389
                                                         ->  Seq Scan on title t  (cost=0.00..74315.95 rows=457258 width=8) (actual time=0.014..391.006 rows=451569 loops=1)
                                                               Filter: ((production_year <= 1975) AND (1875 < production_year))
                                                               Rows Removed by Filter: 2076743
                                                               Buffers: shared hit=31002 read=5389
                                                         ->  Hash  (cost=1.10..1.10 rows=3 width=4) (actual time=0.013..0.014 rows=3 loops=1)
                                                               Buckets: 1024  Batches: 1  Memory Usage: 9kB
                                                               Buffers: shared hit=1
                                                               ->  Seq Scan on kind_type kt  (cost=0.00..1.10 rows=3 width=4) (actual time=0.005..0.007 rows=3 loops=1)
                                                                     Filter: ((kind)::text = ANY ('{episode,movie,"tv movie"}'::text[]))
                                                                     Rows Removed by Filter: 4
                                                                     Buffers: shared hit=1
                           ->  Index Scan using name_pkey on name n  (cost=0.43..2.32 rows=1 width=4) (actual time=0.032..0.032 rows=0 loops=84358)
                                 Index Cond: (id = ci.person_id)
                                 Filter: ((gender)::text = 'f'::text)
                                 Rows Removed by Filter: 1
                                 Buffers: shared hit=334625 read=2807
                     ->  Index Scan using movie_id_movie_info on movie_info mi1  (cost=0.43..42.27 rows=1 width=8) (actual time=0.148..0.149 rows=1 loops=262)
                           Index Cond: (movie_id = ci.movie_id)
                           Filter: ((info_type_id = 3) AND ((info)::text = ANY ('{Comedy,Documentary,Drama,Short,Sport,Thriller}'::text[])))
                           Rows Removed by Filter: 15
                           Buffers: shared hit=1594 read=1568
 Planning:
   Buffers: shared hit=574
 Planning Time: 12.836 ms
 Execution Time: 4422.173 ms
(77 rows)

