                                                                                            QUERY PLAN                                                                                            
--------------------------------------------------------------------------------------------------------------------------------------------------------------------------------------------------
 Aggregate  (cost=595236.47..595236.48 rows=1 width=8) (actual time=1907.776..1907.784 rows=1 loops=1)
   Buffers: shared hit=106805 read=71649
   ->  Nested Loop  (cost=90146.94..595236.06 rows=162 width=0) (actual time=465.004..1907.718 rows=136 loops=1)
         Buffers: shared hit=106805 read=71649
         ->  Hash Join  (cost=90146.51..594660.82 rows=248 width=4) (actual time=405.387..1888.687 rows=547 loops=1)
               Hash Cond: (ci.role_id = rt.id)
               Buffers: shared hit=105205 read=71061
               ->  Nested Loop  (cost=90145.33..594654.36 rows=1491 width=8) (actual time=404.382..1883.905 rows=39820 loops=1)
                     Buffers: shared hit=105204 read=71061
                     ->  Nested Loop  (cost=90144.89..589986.90 rows=104 width=12) (actual time=404.260..1375.111 rows=4452 loops=1)
                           Buffers: shared hit=71707 read=52481
                           ->  Seq Scan on info_type it2  (cost=0.00..2.41 rows=1 width=4) (actual time=0.031..0.039 rows=1 loops=1)
                                 Filter: (id = 4)
                                 Rows Removed by Filter: 112
                                 Buffers: shared hit=1
                           ->  Nested Loop  (cost=90144.89..589983.44 rows=104 width=16) (actual time=404.227..1374.357 rows=4452 loops=1)
                                 Buffers: shared hit=71706 read=52481
                                 ->  Seq Scan on info_type it1  (cost=0.00..2.41 rows=1 width=4) (actual time=0.008..0.018 rows=1 loops=1)
                                       Filter: (id = 3)
                                       Rows Removed by Filter: 112
                                       Buffers: shared hit=1
                                 ->  Nested Loop  (cost=90144.89..589979.99 rows=104 width=20) (actual time=404.216..1373.597 rows=4452 loops=1)
                                       Buffers: shared hit=71705 read=52481
                                       ->  Hash Join  (cost=90144.46..462661.38 rows=2941 width=12) (actual time=404.059..779.746 rows=7563 loops=1)
                                             Hash Cond: (mi2.movie_id = t.id)
                                             Buffers: shared hit=4299 read=41505
                                             ->  Bitmap Heap Scan on movie_info mi2  (cost=13073.77..385285.29 rows=73597 width=8) (actual time=37.338..312.955 rows=930296 loops=1)
                                                   Recheck Cond: (info_type_id = 4)
                                                   Filter: ((info)::text = ANY ('{English,French,German,Italian}'::text[]))
                                                   Rows Removed by Filter: 368693
                                                   Heap Blocks: exact=8393
                                                   Buffers: shared hit=4298 read=5114
                                                   ->  Bitmap Index Scan on info_type_id_movie_info  (cost=0.00..13055.37 rows=1221191 width=0) (actual time=36.296..36.297 rows=1298989 loops=1)
                                                         Index Cond: (info_type_id = 4)
                                                         Buffers: shared read=1019
                                             ->  Hash  (cost=75807.56..75807.56 rows=101051 width=4) (actual time=364.463..364.467 rows=11554 loops=1)
                                                   Buckets: 131072  Batches: 1  Memory Usage: 1431kB
                                                   Buffers: shared hit=1 read=36391
                                                   ->  Hash Join  (cost=1.11..75807.56 rows=101051 width=4) (actual time=0.131..361.615 rows=11554 loops=1)
                                                         Hash Cond: (t.kind_id = kt.id)
                                                         Buffers: shared hit=1 read=36391
                                                         ->  Seq Scan on title t  (cost=0.00..74315.95 rows=353677 width=8) (actual time=0.021..341.367 rows=347589 loops=1)
                                                               Filter: ((production_year <= 1975) AND (1925 < production_year))
                                                               Rows Removed by Filter: 2180723
                                                               Buffers: shared read=36391
                                                         ->  Hash  (cost=1.09..1.09 rows=2 width=4) (actual time=0.016..0.017 rows=2 loops=1)
                                                               Buckets: 1024  Batches: 1  Memory Usage: 9kB
                                                               Buffers: shared hit=1
                                                               ->  Seq Scan on kind_type kt  (cost=0.00..1.09 rows=2 width=4) (actual time=0.009..0.010 rows=2 loops=1)
                                                                     Filter: ((kind)::text = ANY ('{"tv series","video movie"}'::text[]))
                                                                     Rows Removed by Filter: 5
                                                                     Buffers: shared hit=1
                                       ->  Index Scan using movie_id_movie_info on movie_info mi1  (cost=0.43..43.28 rows=1 width=8) (actual time=0.076..0.078 rows=1 loops=7563)
                                             Index Cond: (movie_id = t.id)
                                             Filter: ((info_type_id = 3) AND ((info)::text = ANY ('{Comedy,Drama,Music,Mystery,Sci-Fi,Short,War}'::text[])))
                                             Rows Removed by Filter: 11
                                             Buffers: shared hit=67406 read=10976
                     ->  Index Scan using movie_id_cast_info on cast_info ci  (cost=0.44..44.50 rows=38 width=12) (actual time=0.030..0.112 rows=9 loops=4452)
                           Index Cond: (movie_id = t.id)
                           Buffers: shared hit=33497 read=18580
               ->  Hash  (cost=1.15..1.15 rows=2 width=4) (actual time=0.033..0.034 rows=2 loops=1)
                     Buckets: 1024  Batches: 1  Memory Usage: 9kB
                     Buffers: shared hit=1
                     ->  Seq Scan on role_type rt  (cost=0.00..1.15 rows=2 width=4) (actual time=0.025..0.027 rows=2 loops=1)
                           Filter: ((role)::text = ANY ('{cinematographer,"costume designer"}'::text[]))
                           Rows Removed by Filter: 10
                           Buffers: shared hit=1
         ->  Index Scan using name_pkey on name n  (cost=0.43..2.32 rows=1 width=4) (actual time=0.034..0.034 rows=0 loops=547)
               Index Cond: (id = ci.person_id)
               Filter: ((gender)::text = ANY ('{f,m}'::text[]))
               Rows Removed by Filter: 1
               Buffers: shared hit=1600 read=588
 Planning:
   Buffers: shared hit=484 read=90
 Planning Time: 13.794 ms
 Execution Time: 1908.445 ms
(76 rows)

