                                                                                               QUERY PLAN                                                                                               
--------------------------------------------------------------------------------------------------------------------------------------------------------------------------------------------------------
 Aggregate  (cost=688723.91..688723.92 rows=1 width=8) (actual time=39847.689..39847.696 rows=1 loops=1)
   Buffers: shared hit=3685549 read=436656
   ->  Nested Loop  (cost=13063.01..688723.79 rows=49 width=0) (actual time=1501.426..39846.772 rows=1621 loops=1)
         Buffers: shared hit=3685549 read=436656
         ->  Seq Scan on info_type it2  (cost=0.00..2.41 rows=1 width=4) (actual time=0.047..0.057 rows=1 loops=1)
               Filter: (id = 4)
               Rows Removed by Filter: 112
               Buffers: shared hit=1
         ->  Nested Loop  (cost=13063.01..688720.89 rows=49 width=4) (actual time=1501.377..39846.195 rows=1621 loops=1)
               Buffers: shared hit=3685548 read=436656
               ->  Seq Scan on info_type it1  (cost=0.00..2.41 rows=1 width=4) (actual time=0.012..0.024 rows=1 loops=1)
                     Filter: (id = 3)
                     Rows Removed by Filter: 112
                     Buffers: shared hit=1
               ->  Nested Loop  (cost=13063.01..688717.98 rows=49 width=8) (actual time=1501.361..39845.566 rows=1621 loops=1)
                     Buffers: shared hit=3685547 read=436656
                     ->  Hash Join  (cost=13062.58..688448.92 rows=116 width=12) (actual time=155.072..39053.670 rows=21953 loops=1)
                           Hash Cond: (ci.role_id = rt.id)
                           Buffers: shared hit=3601694 read=432697
                           ->  Nested Loop  (cost=13061.42..688442.82 rows=1390 width=16) (actual time=37.883..38724.853 rows=1795947 loops=1)
                                 Buffers: shared hit=3601693 read=432697
                                 ->  Nested Loop  (cost=13060.98..684204.14 rows=97 width=20) (actual time=37.855..19834.983 rows=69238 loops=1)
                                       Buffers: shared hit=1930294 read=144949
                                       ->  Hash Join  (cost=13060.54..544749.74 rows=3278 width=12) (actual time=36.942..8993.987 rows=122177 loops=1)
                                             Hash Cond: (t.kind_id = kt.id)
                                             Buffers: shared hit=832913 read=44768
                                             ->  Nested Loop  (cost=13059.43..544700.28 rows=11475 width=16) (actual time=36.663..8923.537 rows=162168 loops=1)
                                                   Buffers: shared hit=832912 read=44768
                                                   ->  Bitmap Heap Scan on movie_info mi2  (cost=13058.99..460416.41 rows=14484 width=8) (actual time=36.515..908.683 rows=222150 loops=1)
                                                         Recheck Cond: (info_type_id = 4)
                                                         Filter: ((info)::text = ANY ('{Czech,Danish,French,Hebrew,Italian,Russian,Serbo-Croatian,Spanish,Turkish}'::text[]))
                                                         Rows Removed by Filter: 1076839
                                                         Heap Blocks: exact=8393
                                                         Buffers: shared hit=2798 read=6614
                                                         ->  Bitmap Index Scan on info_type_id_movie_info  (cost=0.00..13055.37 rows=1221191 width=0) (actual time=33.753..33.753 rows=1298989 loops=1)
                                                               Index Cond: (info_type_id = 4)
                                                               Buffers: shared hit=1019
                                                   ->  Memoize  (cost=0.44..5.92 rows=1 width=8) (actual time=0.036..0.036 rows=1 loops=222150)
                                                         Cache Key: mi2.movie_id
                                                         Cache Mode: logical
                                                         Hits: 5083  Misses: 217067  Evictions: 133370  Overflows: 0  Memory Usage: 8193kB
                                                         Buffers: shared hit=830114 read=38154
                                                         ->  Index Scan using title_pkey on title t  (cost=0.43..5.91 rows=1 width=8) (actual time=0.035..0.035 rows=1 loops=217067)
                                                               Index Cond: (id = mi2.movie_id)
                                                               Filter: ((production_year <= 2015) AND (1975 < production_year))
                                                               Rows Removed by Filter: 0
                                                               Buffers: shared hit=830114 read=38154
                                             ->  Hash  (cost=1.09..1.09 rows=2 width=4) (actual time=0.018..0.019 rows=2 loops=1)
                                                   Buckets: 1024  Batches: 1  Memory Usage: 9kB
                                                   Buffers: shared hit=1
                                                   ->  Seq Scan on kind_type kt  (cost=0.00..1.09 rows=2 width=4) (actual time=0.009..0.011 rows=2 loops=1)
                                                         Filter: ((kind)::text = ANY ('{episode,movie}'::text[]))
                                                         Rows Removed by Filter: 5
                                                         Buffers: shared hit=1
                                       ->  Index Scan using movie_id_movie_info on movie_info mi1  (cost=0.43..42.53 rows=1 width=8) (actual time=0.088..0.088 rows=1 loops=122177)
                                             Index Cond: (movie_id = t.id)
                                             Filter: ((info_type_id = 3) AND ((info)::text = ANY ('{Comedy,Crime,Documentary,Drama,Family,Mystery,Romance,Talk-Show}'::text[])))
                                             Rows Removed by Filter: 12
                                             Buffers: shared hit=1097381 read=100181
                                 ->  Index Scan using movie_id_cast_info on cast_info ci  (cost=0.44..43.32 rows=38 width=12) (actual time=0.035..0.265 rows=26 loops=69238)
                                       Index Cond: (movie_id = t.id)
                                       Buffers: shared hit=1671399 read=287748
                           ->  Hash  (cost=1.15..1.15 rows=1 width=4) (actual time=0.020..0.021 rows=1 loops=1)
                                 Buckets: 1024  Batches: 1  Memory Usage: 9kB
                                 Buffers: shared hit=1
                                 ->  Seq Scan on role_type rt  (cost=0.00..1.15 rows=1 width=4) (actual time=0.011..0.012 rows=1 loops=1)
                                       Filter: ((role)::text = 'costume designer'::text)
                                       Rows Removed by Filter: 11
                                       Buffers: shared hit=1
                     ->  Index Scan using name_pkey on name n  (cost=0.43..2.32 rows=1 width=4) (actual time=0.035..0.035 rows=0 loops=21953)
                           Index Cond: (id = ci.person_id)
                           Filter: ((gender)::text = 'm'::text)
                           Rows Removed by Filter: 1
                           Buffers: shared hit=83853 read=3959
 Planning:
   Buffers: shared hit=574
 Planning Time: 12.865 ms
 Execution Time: 39850.043 ms
(78 rows)

