                                                                                               QUERY PLAN                                                                                               
--------------------------------------------------------------------------------------------------------------------------------------------------------------------------------------------------------
 Aggregate  (cost=796173.55..796173.56 rows=1 width=8) (actual time=58943.159..58943.166 rows=1 loops=1)
   Buffers: shared hit=5462788 read=645747
   ->  Nested Loop  (cost=13062.82..796173.11 rows=177 width=0) (actual time=60.300..58928.419 rows=64586 loops=1)
         Buffers: shared hit=5462788 read=645747
         ->  Hash Join  (cost=13062.39..795191.95 rows=423 width=4) (actual time=50.249..47479.374 rows=315325 loops=1)
               Hash Cond: (ci.role_id = rt.id)
               Buffers: shared hit=4296792 read=550443
               ->  Nested Loop  (cost=13061.22..795181.77 rows=2537 width=8) (actual time=50.147..47006.780 rows=2125196 loops=1)
                     Buffers: shared hit=4296791 read=550443
                     ->  Nested Loop  (cost=13060.78..787454.01 rows=177 width=12) (actual time=50.092..23753.807 rows=93151 loops=1)
                           Buffers: shared hit=2332347 read=160230
                           ->  Seq Scan on info_type it2  (cost=0.00..2.41 rows=1 width=4) (actual time=0.031..0.040 rows=1 loops=1)
                                 Filter: (id = 4)
                                 Rows Removed by Filter: 112
                                 Buffers: shared hit=1
                           ->  Nested Loop  (cost=13060.78..787449.83 rows=177 width=16) (actual time=50.059..23729.151 rows=93151 loops=1)
                                 Buffers: shared hit=2332346 read=160230
                                 ->  Seq Scan on info_type it1  (cost=0.00..2.41 rows=1 width=4) (actual time=0.012..0.024 rows=1 loops=1)
                                       Filter: (id = 3)
                                       Rows Removed by Filter: 112
                                       Buffers: shared hit=1
                                 ->  Nested Loop  (cost=13060.78..787445.64 rows=177 width=20) (actual time=50.044..23702.627 rows=93151 loops=1)
                                       Buffers: shared hit=2332345 read=160230
                                       ->  Hash Join  (cost=13060.34..556281.84 rows=5437 width=12) (actual time=39.923..9156.616 rows=161461 loops=1)
                                             Hash Cond: (t.kind_id = kt.id)
                                             Buffers: shared hit=831213 read=48432
                                             ->  Nested Loop  (cost=13059.21..556227.25 rows=12686 width=16) (actual time=39.585..9064.488 rows=209727 loops=1)
                                                   Buffers: shared hit=831212 read=48432
                                                   ->  Bitmap Heap Scan on movie_info mi2  (cost=13058.77..475445.37 rows=13610 width=8) (actual time=39.527..981.829 rows=222214 loops=1)
                                                         Recheck Cond: (info_type_id = 4)
                                                         Filter: ((info)::text = ANY ('{Czech,Finnish,Georgian,German,Italian,Norwegian,Polish,Romanian,Russian,Spanish}'::text[]))
                                                         Rows Removed by Filter: 1076775
                                                         Heap Blocks: exact=8393
                                                         Buffers: shared hit=93 read=9319
                                                         ->  Bitmap Index Scan on info_type_id_movie_info  (cost=0.00..13055.37 rows=1221191 width=0) (actual time=36.618..36.619 rows=1298989 loops=1)
                                                               Index Cond: (info_type_id = 4)
                                                               Buffers: shared read=1019
                                                   ->  Memoize  (cost=0.44..6.03 rows=1 width=8) (actual time=0.036..0.036 rows=1 loops=222214)
                                                         Cache Key: mi2.movie_id
                                                         Cache Mode: logical
                                                         Hits: 4656  Misses: 217558  Evictions: 139131  Overflows: 0  Memory Usage: 8193kB
                                                         Buffers: shared hit=831119 read=39113
                                                         ->  Index Scan using title_pkey on title t  (cost=0.43..6.02 rows=1 width=8) (actual time=0.035..0.035 rows=1 loops=217558)
                                                               Index Cond: (id = mi2.movie_id)
                                                               Filter: ((production_year <= 2015) AND (1925 < production_year))
                                                               Rows Removed by Filter: 0
                                                               Buffers: shared hit=831119 read=39113
                                             ->  Hash  (cost=1.10..1.10 rows=3 width=4) (actual time=0.018..0.019 rows=3 loops=1)
                                                   Buckets: 1024  Batches: 1  Memory Usage: 9kB
                                                   Buffers: shared hit=1
                                                   ->  Seq Scan on kind_type kt  (cost=0.00..1.10 rows=3 width=4) (actual time=0.009..0.011 rows=3 loops=1)
                                                         Filter: ((kind)::text = ANY ('{episode,movie,"video movie"}'::text[]))
                                                         Rows Removed by Filter: 4
                                                         Buffers: shared hit=1
                                       ->  Index Scan using movie_id_movie_info on movie_info mi1  (cost=0.43..42.51 rows=1 width=8) (actual time=0.089..0.089 rows=1 loops=161461)
                                             Index Cond: (movie_id = t.id)
                                             Filter: ((info_type_id = 3) AND ((info)::text = ANY ('{Action,Adult,Animation,Biography,Comedy,Documentary,Drama,Music}'::text[])))
                                             Rows Removed by Filter: 11
                                             Buffers: shared hit=1501132 read=111798
                     ->  Index Scan using movie_id_cast_info on cast_info ci  (cost=0.44..43.28 rows=38 width=12) (actual time=0.036..0.243 rows=23 loops=93151)
                           Index Cond: (movie_id = t.id)
                           Buffers: shared hit=1964444 read=390213
               ->  Hash  (cost=1.15..1.15 rows=2 width=4) (actual time=0.040..0.041 rows=2 loops=1)
                     Buckets: 1024  Batches: 1  Memory Usage: 9kB
                     Buffers: shared hit=1
                     ->  Seq Scan on role_type rt  (cost=0.00..1.15 rows=2 width=4) (actual time=0.027..0.029 rows=2 loops=1)
                           Filter: ((role)::text = ANY ('{cinematographer,"miscellaneous crew"}'::text[]))
                           Rows Removed by Filter: 10
                           Buffers: shared hit=1
         ->  Index Scan using name_pkey on name n  (cost=0.43..2.32 rows=1 width=4) (actual time=0.036..0.036 rows=0 loops=315325)
               Index Cond: (id = ci.person_id)
               Filter: ((gender)::text = 'm'::text)
               Rows Removed by Filter: 1
               Buffers: shared hit=1165996 read=95304
 Planning:
   Buffers: shared hit=488 read=86
 Planning Time: 14.922 ms
 Execution Time: 58945.468 ms
(78 rows)

