                                                                                               QUERY PLAN                                                                                               
--------------------------------------------------------------------------------------------------------------------------------------------------------------------------------------------------------
 Aggregate  (cost=700298.39..700298.40 rows=1 width=8) (actual time=63118.100..63118.107 rows=1 loops=1)
   Buffers: shared hit=5971089 read=539862
   ->  Nested Loop  (cost=13062.05..700298.30 rows=36 width=0) (actual time=46.654..63040.835 rows=428637 loops=1)
         Buffers: shared hit=5971089 read=539862
         ->  Seq Scan on info_type it2  (cost=0.00..2.41 rows=1 width=4) (actual time=0.039..0.046 rows=1 loops=1)
               Filter: (id = 4)
               Rows Removed by Filter: 112
               Buffers: shared hit=1
         ->  Nested Loop  (cost=13062.05..700295.53 rows=36 width=4) (actual time=46.613..62949.221 rows=428637 loops=1)
               Buffers: shared hit=5971088 read=539862
               ->  Seq Scan on info_type it1  (cost=0.00..2.41 rows=1 width=4) (actual time=0.006..0.016 rows=1 loops=1)
                     Filter: (id = 3)
                     Rows Removed by Filter: 112
                     Buffers: shared hit=1
               ->  Nested Loop  (cost=13062.05..700292.76 rows=36 width=8) (actual time=46.604..62855.045 rows=428637 loops=1)
                     Buffers: shared hit=5971087 read=539862
                     ->  Hash Join  (cost=13061.62..699937.87 rows=153 width=12) (actual time=46.560..47405.895 rows=428723 loops=1)
                           Hash Cond: (ci.role_id = rt.id)
                           Buffers: shared hit=4281195 read=514862
                           ->  Nested Loop  (cost=13060.46..699930.19 rows=1835 width=16) (actual time=40.692..46848.024 rows=2399581 loops=1)
                                 Buffers: shared hit=4281194 read=514862
                                 ->  Nested Loop  (cost=13060.02..694341.75 rows=128 width=20) (actual time=40.651..20678.305 rows=111678 loops=1)
                                       Buffers: shared hit=1967161 read=153628
                                       ->  Hash Join  (cost=13059.58..573636.58 rows=2839 width=12) (actual time=38.524..8321.563 rows=132956 loops=1)
                                             Hash Cond: (t.kind_id = kt.id)
                                             Buffers: shared hit=732648 read=46001
                                             ->  Nested Loop  (cost=13058.47..573593.60 rows=9936 width=16) (actual time=38.164..8241.068 rows=185785 loops=1)
                                                   Buffers: shared hit=732647 read=46001
                                                   ->  Bitmap Heap Scan on movie_info mi2  (cost=13058.03..505502.99 rows=10660 width=8) (actual time=38.114..1054.798 rows=197351 loops=1)
                                                         Recheck Cond: (info_type_id = 4)
                                                         Filter: ((info)::text = ANY ('{Albanian,Bulgarian,Czech,French,German,Hindi,Hungarian,Persian,Portuguese,Romanian,Russian,Swedish}'::text[]))
                                                         Rows Removed by Filter: 1101638
                                                         Heap Blocks: exact=8393
                                                         Buffers: shared hit=928 read=8484
                                                         ->  Bitmap Index Scan on info_type_id_movie_info  (cost=0.00..13055.37 rows=1221191 width=0) (actual time=35.027..35.028 rows=1298989 loops=1)
                                                               Index Cond: (info_type_id = 4)
                                                               Buffers: shared read=1019
                                                   ->  Memoize  (cost=0.44..6.47 rows=1 width=8) (actual time=0.036..0.036 rows=1 loops=197351)
                                                         Cache Key: mi2.movie_id
                                                         Cache Mode: logical
                                                         Hits: 5042  Misses: 192309  Evictions: 113336  Overflows: 0  Memory Usage: 8193kB
                                                         Buffers: shared hit=731719 read=37517
                                                         ->  Index Scan using title_pkey on title t  (cost=0.43..6.46 rows=1 width=8) (actual time=0.035..0.035 rows=1 loops=192309)
                                                               Index Cond: (id = mi2.movie_id)
                                                               Filter: ((production_year <= 2015) AND (1925 < production_year))
                                                               Rows Removed by Filter: 0
                                                               Buffers: shared hit=731719 read=37517
                                             ->  Hash  (cost=1.09..1.09 rows=2 width=4) (actual time=0.014..0.014 rows=2 loops=1)
                                                   Buckets: 1024  Batches: 1  Memory Usage: 9kB
                                                   Buffers: shared hit=1
                                                   ->  Seq Scan on kind_type kt  (cost=0.00..1.09 rows=2 width=4) (actual time=0.008..0.009 rows=2 loops=1)
                                                         Filter: ((kind)::text = ANY ('{episode,movie}'::text[]))
                                                         Rows Removed by Filter: 5
                                                         Buffers: shared hit=1
                                       ->  Index Scan using movie_id_movie_info on movie_info mi1  (cost=0.43..42.51 rows=1 width=8) (actual time=0.092..0.092 rows=1 loops=132956)
                                             Index Cond: (movie_id = t.id)
                                             Filter: ((info_type_id = 3) AND ((info)::text = ANY ('{Action,Comedy,Documentary,Drama,Family,Fantasy,Music,Short}'::text[])))
                                             Rows Removed by Filter: 12
                                             Buffers: shared hit=1234513 read=107627
                                 ->  Index Scan using movie_id_cast_info on cast_info ci  (cost=0.44..43.28 rows=38 width=12) (actual time=0.036..0.227 rows=21 loops=111678)
                                       Index Cond: (movie_id = t.id)
                                       Buffers: shared hit=2314033 read=361234
                           ->  Hash  (cost=1.15..1.15 rows=1 width=4) (actual time=0.013..0.014 rows=1 loops=1)
                                 Buckets: 1024  Batches: 1  Memory Usage: 9kB
                                 Buffers: shared hit=1
                                 ->  Seq Scan on role_type rt  (cost=0.00..1.15 rows=1 width=4) (actual time=0.007..0.009 rows=1 loops=1)
                                       Filter: ((role)::text = 'actress'::text)
                                       Rows Removed by Filter: 11
                                       Buffers: shared hit=1
                     ->  Index Scan using name_pkey on name n  (cost=0.43..2.32 rows=1 width=4) (actual time=0.035..0.035 rows=1 loops=428723)
                           Index Cond: (id = ci.person_id)
                           Filter: ((gender)::text = 'f'::text)
                           Rows Removed by Filter: 0
                           Buffers: shared hit=1689892 read=25000
 Planning:
   Buffers: shared hit=529 read=45
 Planning Time: 13.094 ms
 Execution Time: 63120.217 ms
(78 rows)

