                                                                                               QUERY PLAN                                                                                               
--------------------------------------------------------------------------------------------------------------------------------------------------------------------------------------------------------
 Aggregate  (cost=699849.20..699849.21 rows=1 width=8) (actual time=17352.132..17352.139 rows=1 loops=1)
   Buffers: shared hit=1591078 read=205970
   ->  Nested Loop  (cost=13062.06..699848.79 rows=162 width=0) (actual time=39.683..17348.925 rows=13085 loops=1)
         Buffers: shared hit=1591078 read=205970
         ->  Hash Join  (cost=13061.63..698951.14 rows=387 width=4) (actual time=38.316..14402.173 rows=79896 loops=1)
               Hash Cond: (ci.role_id = rt.id)
               Buffers: shared hit=1296195 read=181269
               ->  Nested Loop  (cost=13060.45..698941.71 rows=2322 width=8) (actual time=37.920..14323.144 rows=349905 loops=1)
                     Buffers: shared hit=1296194 read=181269
                     ->  Nested Loop  (cost=13060.01..691868.84 rows=162 width=12) (actual time=37.878..10258.913 rows=23007 loops=1)
                           Buffers: shared hit=971813 read=101089
                           ->  Seq Scan on info_type it2  (cost=0.00..2.41 rows=1 width=4) (actual time=0.026..0.035 rows=1 loops=1)
                                 Filter: (id = 4)
                                 Rows Removed by Filter: 112
                                 Buffers: shared hit=1
                           ->  Nested Loop  (cost=13060.01..691864.81 rows=162 width=16) (actual time=37.851..10253.463 rows=23007 loops=1)
                                 Buffers: shared hit=971812 read=101089
                                 ->  Seq Scan on info_type it1  (cost=0.00..2.41 rows=1 width=4) (actual time=0.006..0.018 rows=1 loops=1)
                                       Filter: (id = 3)
                                       Rows Removed by Filter: 112
                                       Buffers: shared hit=1
                                 ->  Nested Loop  (cost=13060.01..691860.78 rows=162 width=20) (actual time=37.842..10247.455 rows=23007 loops=1)
                                       Buffers: shared hit=971811 read=101089
                                       ->  Hash Join  (cost=13059.58..512907.60 rows=4209 width=12) (actual time=37.722..6679.054 rows=43311 loops=1)
                                             Hash Cond: (t.kind_id = kt.id)
                                             Buffers: shared hit=633726 read=45911
                                             ->  Nested Loop  (cost=13058.44..512865.07 rows=9821 width=16) (actual time=37.686..6634.630 rows=157264 loops=1)
                                                   Buffers: shared hit=633725 read=45911
                                                   ->  Bitmap Heap Scan on movie_info mi2  (cost=13058.00..445386.24 rows=10536 width=8) (actual time=37.636..771.294 rows=170636 loops=1)
                                                         Recheck Cond: (info_type_id = 4)
                                                         Filter: ((info)::text = ANY ('{Arabic,Cantonese,Finnish,German,Hebrew,Italian,Japanese,Serbo-Croatian}'::text[]))
                                                         Rows Removed by Filter: 1128353
                                                         Heap Blocks: exact=8393
                                                         Buffers: shared hit=26 read=9386
                                                         ->  Bitmap Index Scan on info_type_id_movie_info  (cost=0.00..13055.37 rows=1221191 width=0) (actual time=35.046..35.046 rows=1298989 loops=1)
                                                               Index Cond: (info_type_id = 4)
                                                               Buffers: shared read=1019
                                                   ->  Memoize  (cost=0.44..6.48 rows=1 width=8) (actual time=0.034..0.034 rows=1 loops=170636)
                                                         Cache Key: mi2.movie_id
                                                         Cache Mode: logical
                                                         Hits: 3080  Misses: 167556  Evictions: 88124  Overflows: 0  Memory Usage: 8193kB
                                                         Buffers: shared hit=633699 read=36525
                                                         ->  Index Scan using title_pkey on title t  (cost=0.43..6.47 rows=1 width=8) (actual time=0.033..0.033 rows=1 loops=167556)
                                                               Index Cond: (id = mi2.movie_id)
                                                               Filter: ((production_year <= 2015) AND (1925 < production_year))
                                                               Rows Removed by Filter: 0
                                                               Buffers: shared hit=633699 read=36525
                                             ->  Hash  (cost=1.10..1.10 rows=3 width=4) (actual time=0.016..0.016 rows=3 loops=1)
                                                   Buckets: 1024  Batches: 1  Memory Usage: 9kB
                                                   Buffers: shared hit=1
                                                   ->  Seq Scan on kind_type kt  (cost=0.00..1.10 rows=3 width=4) (actual time=0.009..0.010 rows=3 loops=1)
                                                         Filter: ((kind)::text = ANY ('{"tv movie","tv series","video game"}'::text[]))
                                                         Rows Removed by Filter: 4
                                                         Buffers: shared hit=1
                                       ->  Index Scan using movie_id_movie_info on movie_info mi1  (cost=0.43..42.51 rows=1 width=8) (actual time=0.081..0.082 rows=1 loops=43311)
                                             Index Cond: (movie_id = t.id)
                                             Filter: ((info_type_id = 3) AND ((info)::text = ANY ('{Action,Adult,Animation,Comedy,Documentary,Music,Musical,Short}'::text[])))
                                             Rows Removed by Filter: 7
                                             Buffers: shared hit=338085 read=55178
                     ->  Index Scan using movie_id_cast_info on cast_info ci  (cost=0.44..43.28 rows=38 width=12) (actual time=0.036..0.172 rows=15 loops=23007)
                           Index Cond: (movie_id = t.id)
                           Buffers: shared hit=324381 read=80180
               ->  Hash  (cost=1.15..1.15 rows=2 width=4) (actual time=0.029..0.030 rows=2 loops=1)
                     Buckets: 1024  Batches: 1  Memory Usage: 9kB
                     Buffers: shared hit=1
                     ->  Seq Scan on role_type rt  (cost=0.00..1.15 rows=2 width=4) (actual time=0.022..0.024 rows=2 loops=1)
                           Filter: ((role)::text = ANY ('{"miscellaneous crew",writer}'::text[]))
                           Rows Removed by Filter: 10
                           Buffers: shared hit=1
         ->  Index Scan using name_pkey on name n  (cost=0.43..2.32 rows=1 width=4) (actual time=0.036..0.036 rows=0 loops=79896)
               Index Cond: (id = ci.person_id)
               Filter: ((gender)::text = 'm'::text)
               Rows Removed by Filter: 1
               Buffers: shared hit=294883 read=24701
 Planning:
   Buffers: shared hit=486 read=88
 Planning Time: 13.322 ms
 Execution Time: 17354.421 ms
(78 rows)

