                                                                                                  QUERY PLAN                                                                                                  
--------------------------------------------------------------------------------------------------------------------------------------------------------------------------------------------------------------
 Aggregate  (cost=1009923.38..1009923.39 rows=1 width=8) (actual time=46318.607..46318.616 rows=1 loops=1)
   Buffers: shared hit=4259716 read=461718, temp read=11747 written=10564
   ->  Nested Loop  (cost=880208.01..1009922.52 rows=344 width=0) (actual time=1269.871..46318.100 rows=638 loops=1)
         Buffers: shared hit=4259716 read=461718, temp read=11747 written=10564
         ->  Seq Scan on info_type it2  (cost=0.00..2.41 rows=1 width=4) (actual time=0.040..0.052 rows=1 loops=1)
               Filter: (id = 4)
               Rows Removed by Filter: 112
               Buffers: shared hit=1
         ->  Nested Loop  (cost=880208.01..1009916.67 rows=344 width=4) (actual time=1269.829..46317.782 rows=638 loops=1)
               Buffers: shared hit=4259715 read=461718, temp read=11747 written=10564
               ->  Seq Scan on info_type it1  (cost=0.00..2.41 rows=1 width=4) (actual time=0.007..0.021 rows=1 loops=1)
                     Filter: (id = 3)
                     Rows Removed by Filter: 112
                     Buffers: shared hit=1
               ->  Nested Loop  (cost=880208.01..1009910.82 rows=344 width=8) (actual time=1269.820..46317.452 rows=638 loops=1)
                     Buffers: shared hit=4259714 read=461718, temp read=11747 written=10564
                     ->  Hash Join  (cost=880207.58..1006480.25 rows=1479 width=12) (actual time=1229.472..45092.573 rows=32023 loops=1)
                           Hash Cond: (ci.role_id = rt.id)
                           Buffers: shared hit=4144504 read=448836, temp read=11747 written=10564
                           ->  Nested Loop  (cost=880206.42..1006416.05 rows=17745 width=16) (actual time=1229.294..44797.040 rows=1594350 loops=1)
                                 Buffers: shared hit=4144503 read=448836, temp read=11747 written=10564
                                 ->  Nested Loop  (cost=880205.98..952365.38 rows=1238 width=20) (actual time=1229.275..26721.415 rows=84665 loops=1)
                                       Buffers: shared hit=2754222 read=49429, temp read=11747 written=10564
                                       ->  Nested Loop  (cost=880205.84..952295.21 rows=2888 width=24) (actual time=1229.258..26306.933 rows=605281 loops=1)
                                             Buffers: shared hit=2754210 read=49429, temp read=11747 written=10564
                                             ->  Merge Join  (cost=880205.41..881330.14 rows=22787 width=16) (actual time=1229.209..2192.292 rows=695813 loops=1)
                                                   Merge Cond: (mi1.movie_id = mi2.movie_id)
                                                   Buffers: shared hit=4837 read=15550, temp read=11747 written=10564
                                                   ->  Sort  (cost=428715.48..428976.00 rows=104207 width=8) (actual time=659.854..847.739 rows=1003292 loops=1)
                                                         Sort Key: mi1.movie_id
                                                         Sort Method: external sort  Disk: 21688kB
                                                         Buffers: shared hit=3037 read=7938, temp read=5411 written=5425
                                                         ->  Bitmap Heap Scan on movie_info mi1  (cost=16474.52..420030.30 rows=104207 width=8) (actual time=40.622..411.679 rows=1003295 loops=1)
                                                               Recheck Cond: (info_type_id = 3)
                                                               Filter: ((info)::text = ANY ('{Action,Comedy,Documentary,Drama,News,Short}'::text[]))
                                                               Rows Removed by Filter: 530614
                                                               Heap Blocks: exact=9772
                                                               Buffers: shared hit=3037 read=7938
                                                               ->  Bitmap Index Scan on info_type_id_movie_info  (cost=0.00..16448.47 rows=1538671 width=0) (actual time=39.441..39.441 rows=1533909 loops=1)
                                                                     Index Cond: (info_type_id = 3)
                                                                     Buffers: shared read=1203
                                                   ->  Sort  (cost=451489.93..451677.84 rows=75165 width=8) (actual time=569.347..790.412 rows=1168495 loops=1)
                                                         Sort Key: mi2.movie_id
                                                         Sort Method: external sort  Disk: 20544kB
                                                         Buffers: shared hit=1800 read=7612, temp read=5731 written=5139
                                                         ->  Bitmap Heap Scan on movie_info mi2  (cost=13074.16..445402.40 rows=75165 width=8) (actual time=30.375..338.997 rows=950615 loops=1)
                                                               Recheck Cond: (info_type_id = 4)
                                                               Filter: ((info)::text = ANY ('{Cantonese,Danish,English,Filipino,Italian,Portuguese,Spanish,Turkish}'::text[]))
                                                               Rows Removed by Filter: 348374
                                                               Heap Blocks: exact=8393
                                                               Buffers: shared hit=1800 read=7612
                                                               ->  Bitmap Index Scan on info_type_id_movie_info  (cost=0.00..13055.37 rows=1221191 width=0) (actual time=29.337..29.337 rows=1298989 loops=1)
                                                                     Index Cond: (info_type_id = 4)
                                                                     Buffers: shared hit=1 read=1018
                                             ->  Index Scan using title_pkey on title t  (cost=0.43..3.11 rows=1 width=8) (actual time=0.034..0.034 rows=1 loops=695813)
                                                   Index Cond: (id = mi1.movie_id)
                                                   Filter: ((production_year <= 2015) AND (1925 < production_year))
                                                   Rows Removed by Filter: 0
                                                   Buffers: shared hit=2749373 read=33879
                                       ->  Memoize  (cost=0.14..0.16 rows=1 width=4) (actual time=0.000..0.000 rows=0 loops=605281)
                                             Cache Key: t.kind_id
                                             Cache Mode: logical
                                             Hits: 605275  Misses: 6  Evictions: 0  Overflows: 0  Memory Usage: 1kB
                                             Buffers: shared hit=12
                                             ->  Index Scan using kind_type_pkey on kind_type kt  (cost=0.13..0.15 rows=1 width=4) (actual time=0.011..0.011 rows=0 loops=6)
                                                   Index Cond: (id = t.kind_id)
                                                   Filter: ((kind)::text = ANY ('{"tv movie","tv series","video game"}'::text[]))
                                                   Rows Removed by Filter: 0
                                                   Buffers: shared hit=12
                                 ->  Index Scan using movie_id_cast_info on cast_info ci  (cost=0.44..43.28 rows=38 width=12) (actual time=0.036..0.208 rows=19 loops=84665)
                                       Index Cond: (movie_id = t.id)
                                       Buffers: shared hit=1390281 read=399407
                           ->  Hash  (cost=1.15..1.15 rows=1 width=4) (actual time=0.022..0.023 rows=1 loops=1)
                                 Buckets: 1024  Batches: 1  Memory Usage: 9kB
                                 Buffers: shared hit=1
                                 ->  Seq Scan on role_type rt  (cost=0.00..1.15 rows=1 width=4) (actual time=0.011..0.013 rows=1 loops=1)
                                       Filter: ((role)::text = 'composer'::text)
                                       Rows Removed by Filter: 11
                                       Buffers: shared hit=1
                     ->  Index Scan using name_pkey on name n  (cost=0.43..2.32 rows=1 width=4) (actual time=0.038..0.038 rows=0 loops=32023)
                           Index Cond: (id = ci.person_id)
                           Filter: ((gender)::text = 'f'::text)
                           Rows Removed by Filter: 1
                           Buffers: shared hit=115210 read=12882
 Planning:
   Buffers: shared hit=489 read=85
 Planning Time: 11.067 ms
 Execution Time: 46332.408 ms
(88 rows)

