                                                                                               QUERY PLAN                                                                                               
--------------------------------------------------------------------------------------------------------------------------------------------------------------------------------------------------------
 Aggregate  (cost=634530.36..634530.37 rows=1 width=8) (actual time=9352.874..9352.881 rows=1 loops=1)
   Buffers: shared hit=838168 read=123828
   ->  Nested Loop  (cost=13061.59..634529.86 rows=199 width=0) (actual time=40.083..9352.315 rows=1398 loops=1)
         Buffers: shared hit=838168 read=123828
         ->  Hash Join  (cost=13061.16..633820.09 rows=306 width=4) (actual time=40.038..9206.082 rows=4044 loops=1)
               Hash Cond: (ci.role_id = rt.id)
               Buffers: shared hit=823966 read=121854
               ->  Nested Loop  (cost=13059.98..633812.40 rows=1835 width=8) (actual time=38.966..9173.702 rows=201927 loops=1)
                     Buffers: shared hit=823965 read=121854
                     ->  Nested Loop  (cost=13059.54..628219.09 rows=128 width=12) (actual time=38.927..6916.189 rows=12180 loops=1)
                           Buffers: shared hit=636441 read=76466
                           ->  Seq Scan on info_type it2  (cost=0.00..2.41 rows=1 width=4) (actual time=0.033..0.041 rows=1 loops=1)
                                 Filter: (id = 4)
                                 Rows Removed by Filter: 112
                                 Buffers: shared hit=1
                           ->  Nested Loop  (cost=13059.54..628215.40 rows=128 width=16) (actual time=38.893..6913.348 rows=12180 loops=1)
                                 Buffers: shared hit=636440 read=76466
                                 ->  Seq Scan on info_type it1  (cost=0.00..2.41 rows=1 width=4) (actual time=0.009..0.020 rows=1 loops=1)
                                       Filter: (id = 3)
                                       Rows Removed by Filter: 112
                                       Buffers: shared hit=1
                                 ->  Nested Loop  (cost=13059.54..628211.71 rows=128 width=20) (actual time=38.881..6910.571 rows=12180 loops=1)
                                       Buffers: shared hit=636439 read=76466
                                       ->  Hash Join  (cost=13059.11..503244.87 rows=2941 width=12) (actual time=38.693..5439.692 rows=17734 loops=1)
                                             Hash Cond: (t.kind_id = kt.id)
                                             Buffers: shared hit=509072 read=41901
                                             ->  Nested Loop  (cost=13057.97..503214.82 rows=6863 width=16) (actual time=38.647..5412.157 rows=118405 loops=1)
                                                   Buffers: shared hit=509071 read=41901
                                                   ->  Bitmap Heap Scan on movie_info mi2  (cost=13057.53..445385.77 rows=8663 width=8) (actual time=38.586..728.012 rows=145014 loops=1)
                                                         Recheck Cond: (info_type_id = 4)
                                                         Filter: ((info)::text = ANY ('{Cantonese,Czech,Dutch,Filipino,Hebrew,Polish,Spanish,Tagalog}'::text[]))
                                                         Rows Removed by Filter: 1153975
                                                         Heap Blocks: exact=8393
                                                         Buffers: shared hit=15 read=9397
                                                         ->  Bitmap Index Scan on info_type_id_movie_info  (cost=0.00..13055.37 rows=1221191 width=0) (actual time=35.960..35.960 rows=1298989 loops=1)
                                                               Index Cond: (info_type_id = 4)
                                                               Buffers: shared read=1019
                                                   ->  Memoize  (cost=0.44..6.74 rows=1 width=8) (actual time=0.032..0.032 rows=1 loops=145014)
                                                         Cache Key: mi2.movie_id
                                                         Cache Mode: logical
                                                         Hits: 9624  Misses: 135390  Evictions: 53056  Overflows: 0  Memory Usage: 8193kB
                                                         Buffers: shared hit=509056 read=32504
                                                         ->  Index Scan using title_pkey on title t  (cost=0.43..6.73 rows=1 width=8) (actual time=0.033..0.033 rows=1 loops=135390)
                                                               Index Cond: (id = mi2.movie_id)
                                                               Filter: ((production_year <= 2015) AND (1975 < production_year))
                                                               Rows Removed by Filter: 0
                                                               Buffers: shared hit=509056 read=32504
                                             ->  Hash  (cost=1.10..1.10 rows=3 width=4) (actual time=0.018..0.019 rows=3 loops=1)
                                                   Buckets: 1024  Batches: 1  Memory Usage: 9kB
                                                   Buffers: shared hit=1
                                                   ->  Seq Scan on kind_type kt  (cost=0.00..1.10 rows=3 width=4) (actual time=0.009..0.011 rows=3 loops=1)
                                                         Filter: ((kind)::text = ANY ('{"tv movie","tv series","video game"}'::text[]))
                                                         Rows Removed by Filter: 4
                                                         Buffers: shared hit=1
                                       ->  Index Scan using movie_id_movie_info on movie_info mi1  (cost=0.43..42.48 rows=1 width=8) (actual time=0.080..0.082 rows=1 loops=17734)
                                             Index Cond: (movie_id = t.id)
                                             Filter: ((info_type_id = 3) AND ((info)::text = ANY ('{Action,Comedy,Documentary,Drama,Musical,Romance,Short}'::text[])))
                                             Rows Removed by Filter: 7
                                             Buffers: shared hit=127367 read=34565
                     ->  Index Scan using movie_id_cast_info on cast_info ci  (cost=0.44..43.32 rows=38 width=12) (actual time=0.035..0.181 rows=17 loops=12180)
                           Index Cond: (movie_id = t.id)
                           Buffers: shared hit=187524 read=45388
               ->  Hash  (cost=1.15..1.15 rows=2 width=4) (actual time=0.040..0.041 rows=2 loops=1)
                     Buckets: 1024  Batches: 1  Memory Usage: 9kB
                     Buffers: shared hit=1
                     ->  Seq Scan on role_type rt  (cost=0.00..1.15 rows=2 width=4) (actual time=0.032..0.034 rows=2 loops=1)
                           Filter: ((role)::text = ANY ('{composer,"production designer"}'::text[]))
                           Rows Removed by Filter: 10
                           Buffers: shared hit=1
         ->  Index Scan using name_pkey on name n  (cost=0.43..2.32 rows=1 width=4) (actual time=0.035..0.035 rows=0 loops=4044)
               Index Cond: (id = ci.person_id)
               Filter: ((gender)::text = ANY ('{f,m}'::text[]))
               Rows Removed by Filter: 1
               Buffers: shared hit=14202 read=1974
 Planning:
   Buffers: shared hit=486 read=88
 Planning Time: 14.363 ms
 Execution Time: 9355.167 ms
(78 rows)

