                                                                                               QUERY PLAN                                                                                               
--------------------------------------------------------------------------------------------------------------------------------------------------------------------------------------------------------
 Aggregate  (cost=430590.68..430590.69 rows=1 width=8) (actual time=4908.421..4908.428 rows=1 loops=1)
   Buffers: shared hit=432318 read=69876
   ->  Nested Loop  (cost=13059.69..430590.66 rows=7 width=0) (actual time=38.521..4903.304 rows=35024 loops=1)
         Buffers: shared hit=432318 read=69876
         ->  Seq Scan on info_type it2  (cost=0.00..2.41 rows=1 width=4) (actual time=0.042..0.051 rows=1 loops=1)
               Filter: (id = 4)
               Rows Removed by Filter: 112
               Buffers: shared hit=1
         ->  Nested Loop  (cost=13059.69..430588.18 rows=7 width=4) (actual time=38.477..4897.244 rows=35024 loops=1)
               Buffers: shared hit=432317 read=69876
               ->  Seq Scan on info_type it1  (cost=0.00..2.41 rows=1 width=4) (actual time=0.008..0.019 rows=1 loops=1)
                     Filter: (id = 3)
                     Rows Removed by Filter: 112
                     Buffers: shared hit=1
               ->  Nested Loop  (cost=13059.69..430585.69 rows=7 width=8) (actual time=38.467..4891.159 rows=35024 loops=1)
                     Buffers: shared hit=432316 read=69876
                     ->  Hash Join  (cost=13059.26..430548.58 rows=16 width=12) (actual time=38.430..3694.270 rows=35024 loops=1)
                           Hash Cond: (ci.role_id = rt.id)
                           Buffers: shared hit=306343 read=55753
                           ->  Nested Loop  (cost=13058.10..430546.75 rows=186 width=16) (actual time=38.386..3671.742 rows=89559 loops=1)
                                 Buffers: shared hit=306342 read=55753
                                 ->  Nested Loop  (cost=13057.66..429979.18 rows=13 width=20) (actual time=38.348..2627.239 rows=6034 loops=1)
                                       Buffers: shared hit=226919 read=30099
                                       ->  Hash Join  (cost=13057.23..409941.46 rows=473 width=12) (actual time=38.302..1827.868 rows=9665 loops=1)
                                             Hash Cond: (t.kind_id = kt.id)
                                             Buffers: shared hit=158004 read=13253
                                             ->  Nested Loop  (cost=13056.09..409935.67 rows=1103 width=16) (actual time=38.266..1817.838 rows=39386 loops=1)
                                                   Buffers: shared hit=158003 read=13253
                                                   ->  Bitmap Heap Scan on movie_info mi2  (cost=13055.66..400296.36 rows=1183 width=8) (actual time=38.178..550.880 rows=40461 loops=1)
                                                         Recheck Cond: (info_type_id = 4)
                                                         Filter: ((info)::text = ANY ('{Danish,Hindi,Hungarian,Norwegian,Russian}'::text[]))
                                                         Rows Removed by Filter: 1258528
                                                         Heap Blocks: exact=8393
                                                         Buffers: shared hit=23 read=9389
                                                         ->  Bitmap Index Scan on info_type_id_movie_info  (cost=0.00..13055.37 rows=1221191 width=0) (actual time=35.910..35.910 rows=1298989 loops=1)
                                                               Index Cond: (info_type_id = 4)
                                                               Buffers: shared read=1019
                                                   ->  Index Scan using title_pkey on title t  (cost=0.43..8.15 rows=1 width=8) (actual time=0.031..0.031 rows=1 loops=40461)
                                                         Index Cond: (id = mi2.movie_id)
                                                         Filter: ((production_year <= 2015) AND (1925 < production_year))
                                                         Rows Removed by Filter: 0
                                                         Buffers: shared hit=157980 read=3864
                                             ->  Hash  (cost=1.10..1.10 rows=3 width=4) (actual time=0.014..0.014 rows=3 loops=1)
                                                   Buckets: 1024  Batches: 1  Memory Usage: 9kB
                                                   Buffers: shared hit=1
                                                   ->  Seq Scan on kind_type kt  (cost=0.00..1.10 rows=3 width=4) (actual time=0.008..0.010 rows=3 loops=1)
                                                         Filter: ((kind)::text = ANY ('{"tv movie","tv series","video game"}'::text[]))
                                                         Rows Removed by Filter: 4
                                                         Buffers: shared hit=1
                                       ->  Index Scan using movie_id_movie_info on movie_info mi1  (cost=0.43..42.35 rows=1 width=8) (actual time=0.081..0.082 rows=1 loops=9665)
                                             Index Cond: (movie_id = t.id)
                                             Filter: ((info_type_id = 3) AND ((info)::text = ANY ('{Comedy,Crime,Documentary,Drama,Thriller}'::text[])))
                                             Rows Removed by Filter: 7
                                             Buffers: shared hit=68915 read=16846
                                 ->  Index Scan using movie_id_cast_info on cast_info ci  (cost=0.44..43.28 rows=38 width=12) (actual time=0.036..0.169 rows=15 loops=6034)
                                       Index Cond: (movie_id = t.id)
                                       Buffers: shared hit=79423 read=25654
                           ->  Hash  (cost=1.15..1.15 rows=1 width=4) (actual time=0.016..0.016 rows=1 loops=1)
                                 Buckets: 1024  Batches: 1  Memory Usage: 9kB
                                 Buffers: shared hit=1
                                 ->  Seq Scan on role_type rt  (cost=0.00..1.15 rows=1 width=4) (actual time=0.009..0.011 rows=1 loops=1)
                                       Filter: ((role)::text = 'actor'::text)
                                       Rows Removed by Filter: 11
                                       Buffers: shared hit=1
                     ->  Index Scan using name_pkey on name n  (cost=0.43..2.32 rows=1 width=4) (actual time=0.034..0.034 rows=1 loops=35024)
                           Index Cond: (id = ci.person_id)
                           Filter: ((gender)::text = 'm'::text)
                           Buffers: shared hit=125973 read=14123
 Planning:
   Buffers: shared hit=519 read=55
 Planning Time: 13.792 ms
 Execution Time: 4908.974 ms
(72 rows)

