                                                                                               QUERY PLAN                                                                                               
--------------------------------------------------------------------------------------------------------------------------------------------------------------------------------------------------------
 Aggregate  (cost=730373.07..730373.08 rows=1 width=8) (actual time=39388.799..39388.807 rows=1 loops=1)
   Buffers: shared hit=3597676 read=414831
   ->  Nested Loop  (cost=13062.83..730372.88 rows=78 width=0) (actual time=1590.585..39386.619 rows=4560 loops=1)
         Buffers: shared hit=3597676 read=414831
         ->  Seq Scan on info_type it2  (cost=0.00..2.41 rows=1 width=4) (actual time=0.039..0.048 rows=1 loops=1)
               Filter: (id = 4)
               Rows Removed by Filter: 112
               Buffers: shared hit=1
         ->  Nested Loop  (cost=13062.83..730369.68 rows=78 width=4) (actual time=1590.545..39385.222 rows=4560 loops=1)
               Buffers: shared hit=3597675 read=414831
               ->  Seq Scan on info_type it1  (cost=0.00..2.41 rows=1 width=4) (actual time=0.007..0.020 rows=1 loops=1)
                     Filter: (id = 3)
                     Rows Removed by Filter: 112
                     Buffers: shared hit=1
               ->  Nested Loop  (cost=13062.83..730366.49 rows=78 width=8) (actual time=1590.534..39383.714 rows=4560 loops=1)
                     Buffers: shared hit=3597674 read=414831
                     ->  Hash Join  (cost=13062.40..729937.38 rows=185 width=12) (actual time=53.882..38617.322 rows=19587 loops=1)
                           Hash Cond: (ci.role_id = rt.id)
                           Buffers: shared hit=3527165 read=406992
                           ->  Nested Loop  (cost=13061.24..729928.33 rows=2222 width=16) (actual time=53.715..38339.971 rows=1574672 loops=1)
                                 Buffers: shared hit=3527164 read=406992
                                 ->  Nested Loop  (cost=13060.80..723155.18 rows=155 width=20) (actual time=53.665..20823.725 rows=81341 loops=1)
                                       Buffers: shared hit=2005948 read=147490
                                       ->  Hash Join  (cost=13060.36..526497.38 rows=4645 width=12) (actual time=36.231..8819.501 rows=135574 loops=1)
                                             Hash Cond: (t.kind_id = kt.id)
                                             Buffers: shared hit=798558 read=48079
                                             ->  Nested Loop  (cost=13059.23..526450.58 rows=10838 width=16) (actual time=36.069..8743.969 rows=166982 loops=1)
                                                   Buffers: shared hit=798557 read=48079
                                                   ->  Bitmap Heap Scan on movie_info mi2  (cost=13058.79..445387.03 rows=13680 width=8) (actual time=36.028..888.927 rows=213402 loops=1)
                                                         Recheck Cond: (info_type_id = 4)
                                                         Filter: ((info)::text = ANY ('{Cantonese,Danish,French,Portuguese,Russian,Spanish,Swedish,Turkish}'::text[]))
                                                         Rows Removed by Filter: 1085587
                                                         Heap Blocks: exact=8393
                                                         Buffers: shared hit=638 read=8774
                                                         ->  Bitmap Index Scan on info_type_id_movie_info  (cost=0.00..13055.37 rows=1221191 width=0) (actual time=33.257..33.257 rows=1298989 loops=1)
                                                               Index Cond: (info_type_id = 4)
                                                               Buffers: shared read=1019
                                                   ->  Memoize  (cost=0.44..6.02 rows=1 width=8) (actual time=0.036..0.036 rows=1 loops=213402)
                                                         Cache Key: mi2.movie_id
                                                         Cache Mode: logical
                                                         Hits: 4096  Misses: 209306  Evictions: 127080  Overflows: 0  Memory Usage: 8193kB
                                                         Buffers: shared hit=797919 read=39305
                                                         ->  Index Scan using title_pkey on title t  (cost=0.43..6.01 rows=1 width=8) (actual time=0.035..0.035 rows=1 loops=209306)
                                                               Index Cond: (id = mi2.movie_id)
                                                               Filter: ((production_year <= 2015) AND (1975 < production_year))
                                                               Rows Removed by Filter: 0
                                                               Buffers: shared hit=797919 read=39305
                                             ->  Hash  (cost=1.10..1.10 rows=3 width=4) (actual time=0.020..0.020 rows=3 loops=1)
                                                   Buckets: 1024  Batches: 1  Memory Usage: 9kB
                                                   Buffers: shared hit=1
                                                   ->  Seq Scan on kind_type kt  (cost=0.00..1.10 rows=3 width=4) (actual time=0.012..0.014 rows=3 loops=1)
                                                         Filter: ((kind)::text = ANY ('{episode,movie,"video movie"}'::text[]))
                                                         Rows Removed by Filter: 4
                                                         Buffers: shared hit=1
                                       ->  Index Scan using movie_id_movie_info on movie_info mi1  (cost=0.43..42.33 rows=1 width=8) (actual time=0.088..0.088 rows=1 loops=135574)
                                             Index Cond: (movie_id = t.id)
                                             Filter: ((info_type_id = 3) AND ((info)::text = ANY ('{Comedy,Drama,Music,Short}'::text[])))
                                             Rows Removed by Filter: 11
                                             Buffers: shared hit=1207390 read=99411
                                 ->  Index Scan using movie_id_cast_info on cast_info ci  (cost=0.44..43.32 rows=38 width=12) (actual time=0.036..0.209 rows=19 loops=81341)
                                       Index Cond: (movie_id = t.id)
                                       Buffers: shared hit=1521216 read=259502
                           ->  Hash  (cost=1.15..1.15 rows=1 width=4) (actual time=0.014..0.015 rows=1 loops=1)
                                 Buckets: 1024  Batches: 1  Memory Usage: 9kB
                                 Buffers: shared hit=1
                                 ->  Seq Scan on role_type rt  (cost=0.00..1.15 rows=1 width=4) (actual time=0.008..0.009 rows=1 loops=1)
                                       Filter: ((role)::text = 'production designer'::text)
                                       Rows Removed by Filter: 11
                                       Buffers: shared hit=1
                     ->  Index Scan using name_pkey on name n  (cost=0.43..2.32 rows=1 width=4) (actual time=0.038..0.038 rows=0 loops=19587)
                           Index Cond: (id = ci.person_id)
                           Filter: ((gender)::text = 'm'::text)
                           Rows Removed by Filter: 1
                           Buffers: shared hit=70509 read=7839
 Planning:
   Buffers: shared hit=483 read=91
 Planning Time: 9.924 ms
 Execution Time: 39390.965 ms
(78 rows)

