                                                                                               QUERY PLAN                                                                                               
--------------------------------------------------------------------------------------------------------------------------------------------------------------------------------------------------------
 Aggregate  (cost=956267.88..956267.89 rows=1 width=8) (actual time=20948.719..20948.729 rows=1 loops=1)
   Buffers: shared hit=1719903 read=395265, temp read=3783 written=3783
   ->  Nested Loop  (cost=501907.00..956267.11 rows=308 width=0) (actual time=1203.395..20948.252 rows=651 loops=1)
         Buffers: shared hit=1719903 read=395265, temp read=3783 written=3783
         ->  Seq Scan on info_type it2  (cost=0.00..2.41 rows=1 width=4) (actual time=0.047..0.056 rows=1 loops=1)
               Filter: (id = 4)
               Rows Removed by Filter: 112
               Buffers: shared hit=1
         ->  Nested Loop  (cost=501907.00..956261.62 rows=308 width=4) (actual time=1203.347..20947.960 rows=651 loops=1)
               Buffers: shared hit=1719902 read=395265, temp read=3783 written=3783
               ->  Seq Scan on info_type it1  (cost=0.00..2.41 rows=1 width=4) (actual time=0.012..0.023 rows=1 loops=1)
                     Filter: (id = 3)
                     Rows Removed by Filter: 112
                     Buffers: shared hit=1
               ->  Nested Loop  (cost=501907.00..956256.12 rows=308 width=8) (actual time=1203.331..20947.672 rows=651 loops=1)
                     Buffers: shared hit=1719901 read=395265, temp read=3783 written=3783
                     ->  Hash Join  (cost=501906.57..953175.80 rows=1328 width=12) (actual time=1179.908..19458.155 rows=42626 loops=1)
                           Hash Cond: (ci.role_id = rt.id)
                           Buffers: shared hit=1566997 read=377665, temp read=3783 written=3783
                           ->  Nested Loop  (cost=501905.41..953118.03 rows=15939 width=16) (actual time=1178.626..19182.966 rows=1693753 loops=1)
                                 Buffers: shared hit=1566996 read=377665, temp read=3783 written=3783
                                 ->  Hash Join  (cost=501904.97..904484.10 rows=1112 width=20) (actual time=1178.585..2060.116 rows=84734 loops=1)
                                       Hash Cond: (mi2.movie_id = t.id)
                                       Buffers: shared hit=19145 read=37634, temp read=3783 written=3783
                                       ->  Bitmap Heap Scan on movie_info mi2  (cost=13075.24..415345.12 rows=79500 width=8) (actual time=36.607..577.598 rows=1009821 loops=1)
                                             Recheck Cond: (info_type_id = 4)
                                             Filter: ((info)::text = ANY ('{English,German,Greek,Japanese,Portuguese,Spanish}'::text[]))
                                             Rows Removed by Filter: 289168
                                             Heap Blocks: exact=8393
                                             Buffers: shared hit=1 read=9411
                                             ->  Bitmap Index Scan on info_type_id_movie_info  (cost=0.00..13055.37 rows=1221191 width=0) (actual time=35.569..35.569 rows=1298989 loops=1)
                                                   Index Cond: (info_type_id = 4)
                                                   Buffers: shared read=1019
                                       ->  Hash  (cost=488387.54..488387.54 rows=35375 width=12) (actual time=1140.169..1140.174 rows=104235 loops=1)
                                             Buckets: 131072 (originally 65536)  Batches: 1 (originally 1)  Memory Usage: 5503kB
                                             Buffers: shared hit=19144 read=28223, temp read=3783 written=3783
                                             ->  Hash Join  (cost=110394.05..488387.54 rows=35375 width=12) (actual time=595.012..1122.298 rows=104235 loops=1)
                                                   Hash Cond: (mi1.movie_id = t.id)
                                                   Buffers: shared hit=19144 read=28223, temp read=3783 written=3783
                                                   ->  Bitmap Heap Scan on movie_info mi1  (cost=16478.43..389815.11 rows=119748 width=8) (actual time=38.065..323.003 rows=1144284 loops=1)
                                                         Recheck Cond: (info_type_id = 3)
                                                         Filter: ((info)::text = ANY ('{Adult,Comedy,Crime,Documentary,Drama,Music,Sci-Fi,Short,Talk-Show,Thriller}'::text[]))
                                                         Rows Removed by Filter: 389625
                                                         Heap Blocks: exact=9772
                                                         Buffers: shared hit=2061 read=8914
                                                         ->  Bitmap Index Scan on info_type_id_movie_info  (cost=0.00..16448.47 rows=1538671 width=0) (actual time=36.876..36.876 rows=1533909 loops=1)
                                                               Index Cond: (info_type_id = 3)
                                                               Buffers: shared hit=1 read=1202
                                                   ->  Hash  (cost=81661.50..81661.50 rows=746890 width=4) (actual time=555.911..555.914 rows=138444 loops=1)
                                                         Buckets: 262144  Batches: 8  Memory Usage: 2656kB
                                                         Buffers: shared hit=17083 read=19309, temp written=350
                                                         ->  Hash Join  (cost=1.13..81661.50 rows=746890 width=4) (actual time=0.052..535.877 rows=138444 loops=1)
                                                               Hash Cond: (t.kind_id = kt.id)
                                                               Buffers: shared hit=17083 read=19309
                                                               ->  Seq Scan on title t  (cost=0.00..74315.95 rows=1742744 width=8) (actual time=0.027..433.359 rows=1748995 loops=1)
                                                                     Filter: ((production_year <= 2015) AND (1990 < production_year))
                                                                     Rows Removed by Filter: 779317
                                                                     Buffers: shared hit=17082 read=19309
                                                               ->  Hash  (cost=1.10..1.10 rows=3 width=4) (actual time=0.012..0.014 rows=3 loops=1)
                                                                     Buckets: 1024  Batches: 1  Memory Usage: 9kB
                                                                     Buffers: shared hit=1
                                                                     ->  Seq Scan on kind_type kt  (cost=0.00..1.10 rows=3 width=4) (actual time=0.007..0.009 rows=3 loops=1)
                                                                           Filter: ((kind)::text = ANY ('{"tv movie","tv series","video game"}'::text[]))
                                                                           Rows Removed by Filter: 4
                                                                           Buffers: shared hit=1
                                 ->  Index Scan using movie_id_cast_info on cast_info ci  (cost=0.44..43.36 rows=38 width=12) (actual time=0.033..0.196 rows=20 loops=84734)
                                       Index Cond: (movie_id = t.id)
                                       Buffers: shared hit=1547851 read=340031
                           ->  Hash  (cost=1.15..1.15 rows=1 width=4) (actual time=0.022..0.022 rows=1 loops=1)
                                 Buckets: 1024  Batches: 1  Memory Usage: 9kB
                                 Buffers: shared hit=1
                                 ->  Seq Scan on role_type rt  (cost=0.00..1.15 rows=1 width=4) (actual time=0.011..0.013 rows=1 loops=1)
                                       Filter: ((role)::text = 'cinematographer'::text)
                                       Rows Removed by Filter: 11
                                       Buffers: shared hit=1
                     ->  Index Scan using name_pkey on name n  (cost=0.43..2.32 rows=1 width=4) (actual time=0.034..0.034 rows=0 loops=42626)
                           Index Cond: (id = ci.person_id)
                           Filter: ((gender)::text = 'f'::text)
                           Rows Removed by Filter: 1
                           Buffers: shared hit=152904 read=17600
 Planning:
   Buffers: shared hit=488 read=89
 Planning Time: 13.745 ms
 Execution Time: 20949.638 ms
(84 rows)

