                                                                                            QUERY PLAN                                                                                            
--------------------------------------------------------------------------------------------------------------------------------------------------------------------------------------------------
 Aggregate  (cost=761095.35..761095.36 rows=1 width=8) (actual time=2268.113..2268.122 rows=1 loops=1)
   Buffers: shared hit=120443 read=87291, temp read=1759 written=1759
   ->  Nested Loop  (cost=92537.57..761095.03 rows=128 width=0) (actual time=412.734..2267.851 rows=1164 loops=1)
         Buffers: shared hit=120443 read=87291, temp read=1759 written=1759
         ->  Seq Scan on info_type it2  (cost=0.00..2.41 rows=1 width=4) (actual time=0.050..0.058 rows=1 loops=1)
               Filter: (id = 4)
               Rows Removed by Filter: 112
               Buffers: shared hit=1
         ->  Nested Loop  (cost=92537.57..761091.34 rows=128 width=4) (actual time=412.683..2267.593 rows=1164 loops=1)
               Buffers: shared hit=120442 read=87291, temp read=1759 written=1759
               ->  Seq Scan on info_type it1  (cost=0.00..2.41 rows=1 width=4) (actual time=0.010..0.021 rows=1 loops=1)
                     Filter: (id = 3)
                     Rows Removed by Filter: 112
                     Buffers: shared hit=1
               ->  Nested Loop  (cost=92537.57..761087.65 rows=128 width=8) (actual time=412.670..2267.349 rows=1164 loops=1)
                     Buffers: shared hit=120441 read=87291, temp read=1759 written=1759
                     ->  Hash Join  (cost=92537.14..760377.87 rows=306 width=12) (actual time=412.628..2179.797 rows=2361 loops=1)
                           Hash Cond: (ci.role_id = rt.id)
                           Buffers: shared hit=113174 read=85114, temp read=1759 written=1759
                           ->  Nested Loop  (cost=92535.97..760363.68 rows=3669 width=16) (actual time=412.519..2173.717 rows=47188 loops=1)
                                 Buffers: shared hit=113173 read=85114, temp read=1759 written=1759
                                 ->  Nested Loop  (cost=92535.53..748957.76 rows=256 width=20) (actual time=412.401..1601.358 rows=4996 loops=1)
                                       Buffers: shared hit=70864 read=66396, temp read=1759 written=1759
                                       ->  Hash Join  (cost=92535.10..481530.30 rows=6209 width=12) (actual time=412.262..896.341 rows=9077 loops=1)
                                             Hash Cond: (mi2.movie_id = t.id)
                                             Buffers: shared hit=672 read=45132, temp read=1759 written=1759
                                             ->  Bitmap Heap Scan on movie_info mi2  (cost=13075.39..400316.10 rows=80110 width=8) (actual time=37.162..317.782 rows=1018996 loops=1)
                                                   Recheck Cond: (info_type_id = 4)
                                                   Filter: ((info)::text = ANY ('{English,French,German,Italian,Spanish}'::text[]))
                                                   Rows Removed by Filter: 279993
                                                   Heap Blocks: exact=8393
                                                   Buffers: shared hit=671 read=8741
                                                   ->  Bitmap Index Scan on info_type_id_movie_info  (cost=0.00..13055.37 rows=1221191 width=0) (actual time=36.118..36.118 rows=1298989 loops=1)
                                                         Index Cond: (info_type_id = 4)
                                                         Buffers: shared read=1019
                                             ->  Hash  (cost=76244.10..76244.10 rows=195968 width=4) (actual time=372.213..372.216 rows=11843 loops=1)
                                                   Buckets: 262144  Batches: 2  Memory Usage: 2260kB
                                                   Buffers: shared hit=1 read=36391, temp written=17
                                                   ->  Hash Join  (cost=1.13..76244.10 rows=195968 width=4) (actual time=0.128..369.517 rows=11843 loops=1)
                                                         Hash Cond: (t.kind_id = kt.id)
                                                         Buffers: shared hit=1 read=36391
                                                         ->  Seq Scan on title t  (cost=0.00..74315.95 rows=457258 width=8) (actual time=0.024..344.117 rows=451569 loops=1)
                                                               Filter: ((production_year <= 1975) AND (1875 < production_year))
                                                               Rows Removed by Filter: 2076743
                                                               Buffers: shared read=36391
                                                         ->  Hash  (cost=1.10..1.10 rows=3 width=4) (actual time=0.015..0.016 rows=3 loops=1)
                                                               Buckets: 1024  Batches: 1  Memory Usage: 9kB
                                                               Buffers: shared hit=1
                                                               ->  Seq Scan on kind_type kt  (cost=0.00..1.10 rows=3 width=4) (actual time=0.007..0.008 rows=3 loops=1)
                                                                     Filter: ((kind)::text = ANY ('{"tv series","video game","video movie"}'::text[]))
                                                                     Rows Removed by Filter: 4
                                                                     Buffers: shared hit=1
                                       ->  Index Scan using movie_id_movie_info on movie_info mi1  (cost=0.43..43.06 rows=1 width=8) (actual time=0.075..0.077 rows=1 loops=9077)
                                             Index Cond: (movie_id = t.id)
                                             Filter: ((info_type_id = 3) AND ((info)::text = ANY ('{Comedy,Documentary,Drama,Mystery,Sci-Fi,Short,War}'::text[])))
                                             Rows Removed by Filter: 10
                                             Buffers: shared hit=70192 read=21264
                                 ->  Index Scan using movie_id_cast_info on cast_info ci  (cost=0.44..44.17 rows=38 width=12) (actual time=0.032..0.112 rows=9 loops=4996)
                                       Index Cond: (movie_id = t.id)
                                       Buffers: shared hit=42309 read=18718
                           ->  Hash  (cost=1.15..1.15 rows=1 width=4) (actual time=0.019..0.019 rows=1 loops=1)
                                 Buckets: 1024  Batches: 1  Memory Usage: 9kB
                                 Buffers: shared hit=1
                                 ->  Seq Scan on role_type rt  (cost=0.00..1.15 rows=1 width=4) (actual time=0.010..0.012 rows=1 loops=1)
                                       Filter: ((role)::text = 'producer'::text)
                                       Rows Removed by Filter: 11
                                       Buffers: shared hit=1
                     ->  Index Scan using name_pkey on name n  (cost=0.43..2.32 rows=1 width=4) (actual time=0.037..0.037 rows=0 loops=2361)
                           Index Cond: (id = ci.person_id)
                           Filter: ((gender)::text = 'm'::text)
                           Rows Removed by Filter: 1
                           Buffers: shared hit=7267 read=2177
 Planning:
   Buffers: shared hit=483 read=91
 Planning Time: 14.071 ms
 Execution Time: 2268.702 ms
(76 rows)

