                                                                                            QUERY PLAN                                                                                            
--------------------------------------------------------------------------------------------------------------------------------------------------------------------------------------------------
 Aggregate  (cost=890710.85..890710.86 rows=1 width=8) (actual time=47366.799..47366.809 rows=1 loops=1)
   Buffers: shared hit=3871811 read=887652, temp read=7336 written=7336
   ->  Nested Loop  (cost=106979.04..890710.20 rows=260 width=0) (actual time=905.079..47353.680 rows=54776 loops=1)
         Buffers: shared hit=3871811 read=887652, temp read=7336 written=7336
         ->  Hash Join  (cost=106978.61..889784.71 rows=399 width=4) (actual time=905.052..43083.975 rows=115571 loops=1)
               Hash Cond: (ci.role_id = rt.id)
               Buffers: shared hit=3473030 read=824149, temp read=7336 written=7336
               ->  Nested Loop  (cost=106977.43..889775.02 rows=2394 width=8) (actual time=904.915..42645.804 rows=2485581 loops=1)
                     Buffers: shared hit=3473029 read=824149, temp read=7336 written=7336
                     ->  Nested Loop  (cost=106976.99..882471.19 rows=167 width=12) (actual time=904.890..17478.824 rows=77793 loops=1)
                           Buffers: shared hit=1327246 read=326675, temp read=7336 written=7336
                           ->  Seq Scan on info_type it2  (cost=0.00..2.41 rows=1 width=4) (actual time=0.026..0.037 rows=1 loops=1)
                                 Filter: (id = 4)
                                 Rows Removed by Filter: 112
                                 Buffers: shared hit=1
                           ->  Nested Loop  (cost=106976.99..882467.10 rows=167 width=16) (actual time=904.863..17460.482 rows=77793 loops=1)
                                 Buffers: shared hit=1327245 read=326675, temp read=7336 written=7336
                                 ->  Seq Scan on info_type it1  (cost=0.00..2.41 rows=1 width=4) (actual time=0.007..0.020 rows=1 loops=1)
                                       Filter: (id = 3)
                                       Rows Removed by Filter: 112
                                       Buffers: shared hit=1
                                 ->  Nested Loop  (cost=106976.99..882463.02 rows=167 width=20) (actual time=904.853..17440.517 rows=77793 loops=1)
                                       Buffers: shared hit=1327244 read=326675, temp read=7336 written=7336
                                       ->  Hash Join  (cost=106976.56..602662.68 rows=6573 width=12) (actual time=896.619..1969.179 rows=166299 loops=1)
                                             Hash Cond: (mi2.movie_id = t.id)
                                             Buffers: shared hit=35411 read=10393, temp read=7336 written=7336
                                             ->  Bitmap Heap Scan on movie_info mi2  (cost=13060.93..505505.89 rows=22250 width=8) (actual time=36.534..609.279 rows=346446 loops=1)
                                                   Recheck Cond: (info_type_id = 4)
                                                   Filter: ((info)::text = ANY ('{Cantonese,Filipino,Finnish,French,German,Hindi,Italian,Japanese,Persian,Russian,Spanish,Tagalog}'::text[]))
                                                   Rows Removed by Filter: 952543
                                                   Heap Blocks: exact=8393
                                                   Buffers: shared hit=4861 read=4551
                                                   ->  Bitmap Index Scan on info_type_id_movie_info  (cost=0.00..13055.37 rows=1221191 width=0) (actual time=33.486..33.486 rows=1298989 loops=1)
                                                         Index Cond: (info_type_id = 4)
                                                         Buffers: shared hit=1019
                                             ->  Hash  (cost=81661.50..81661.50 rows=746890 width=4) (actual time=858.934..858.937 rows=1610551 loops=1)
                                                   Buckets: 262144 (originally 262144)  Batches: 16 (originally 8)  Memory Usage: 6145kB
                                                   Buffers: shared hit=30550 read=5842, temp written=4414
                                                   ->  Hash Join  (cost=1.13..81661.50 rows=746890 width=4) (actual time=0.027..648.035 rows=1610551 loops=1)
                                                         Hash Cond: (t.kind_id = kt.id)
                                                         Buffers: shared hit=30550 read=5842
                                                         ->  Seq Scan on title t  (cost=0.00..74315.95 rows=1742744 width=8) (actual time=0.011..454.870 rows=1748995 loops=1)
                                                               Filter: ((production_year <= 2015) AND (1990 < production_year))
                                                               Rows Removed by Filter: 779317
                                                               Buffers: shared hit=30549 read=5842
                                                         ->  Hash  (cost=1.10..1.10 rows=3 width=4) (actual time=0.012..0.013 rows=3 loops=1)
                                                               Buckets: 1024  Batches: 1  Memory Usage: 9kB
                                                               Buffers: shared hit=1
                                                               ->  Seq Scan on kind_type kt  (cost=0.00..1.10 rows=3 width=4) (actual time=0.005..0.007 rows=3 loops=1)
                                                                     Filter: ((kind)::text = ANY ('{episode,movie,"video movie"}'::text[]))
                                                                     Rows Removed by Filter: 4
                                                                     Buffers: shared hit=1
                                       ->  Index Scan using movie_id_movie_info on movie_info mi1  (cost=0.43..42.56 rows=1 width=8) (actual time=0.092..0.092 rows=0 loops=166299)
                                             Index Cond: (movie_id = t.id)
                                             Filter: ((info_type_id = 3) AND ((info)::text = ANY ('{Animation,Biography,Comedy,Crime,Drama,Horror,Romance,Thriller}'::text[])))
                                             Rows Removed by Filter: 11
                                             Buffers: shared hit=1291833 read=316282
                     ->  Index Scan using movie_id_cast_info on cast_info ci  (cost=0.44..43.36 rows=38 width=12) (actual time=0.036..0.315 rows=32 loops=77793)
                           Index Cond: (movie_id = t.id)
                           Buffers: shared hit=2145783 read=497474
               ->  Hash  (cost=1.15..1.15 rows=2 width=4) (actual time=0.028..0.029 rows=2 loops=1)
                     Buckets: 1024  Batches: 1  Memory Usage: 9kB
                     Buffers: shared hit=1
                     ->  Seq Scan on role_type rt  (cost=0.00..1.15 rows=2 width=4) (actual time=0.022..0.023 rows=2 loops=1)
                           Filter: ((role)::text = ANY ('{"costume designer",director}'::text[]))
                           Rows Removed by Filter: 10
                           Buffers: shared hit=1
         ->  Index Scan using name_pkey on name n  (cost=0.43..2.32 rows=1 width=4) (actual time=0.036..0.036 rows=0 loops=115571)
               Index Cond: (id = ci.person_id)
               Filter: ((gender)::text = ANY ('{f,m}'::text[]))
               Rows Removed by Filter: 1
               Buffers: shared hit=398781 read=63503
 Planning:
   Buffers: shared hit=574
 Planning Time: 12.821 ms
 Execution Time: 47367.374 ms
(76 rows)

