                                                                                               QUERY PLAN                                                                                               
--------------------------------------------------------------------------------------------------------------------------------------------------------------------------------------------------------
 Aggregate  (cost=629692.41..629692.42 rows=1 width=8) (actual time=40886.488..40886.497 rows=1 loops=1)
   Buffers: shared hit=3857880 read=396098
   ->  Nested Loop  (cost=13062.37..629692.24 rows=65 width=0) (actual time=148.010..40884.548 rows=3988 loops=1)
         Buffers: shared hit=3857880 read=396098
         ->  Seq Scan on info_type it2  (cost=0.00..2.41 rows=1 width=4) (actual time=0.039..0.050 rows=1 loops=1)
               Filter: (id = 4)
               Rows Removed by Filter: 112
               Buffers: shared hit=1
         ->  Nested Loop  (cost=13062.37..629689.18 rows=65 width=4) (actual time=147.970..40883.273 rows=3988 loops=1)
               Buffers: shared hit=3857879 read=396098
               ->  Seq Scan on info_type it1  (cost=0.00..2.41 rows=1 width=4) (actual time=0.006..0.020 rows=1 loops=1)
                     Filter: (id = 3)
                     Rows Removed by Filter: 112
                     Buffers: shared hit=1
               ->  Nested Loop  (cost=13062.37..629686.12 rows=65 width=8) (actual time=147.961..40882.045 rows=3988 loops=1)
                     Buffers: shared hit=3857878 read=396098
                     ->  Hash Join  (cost=13061.94..629032.01 rows=282 width=12) (actual time=77.615..39181.200 rows=46274 loops=1)
                           Hash Cond: (ci.role_id = rt.id)
                           Buffers: shared hit=3682243 read=386637
                           ->  Nested Loop  (cost=13060.77..629024.83 rows=1691 width=16) (actual time=64.802..38821.310 rows=1888432 loops=1)
                                 Buffers: shared hit=3682242 read=386637
                                 ->  Nested Loop  (cost=13060.33..623872.99 rows=118 width=20) (actual time=64.750..18858.558 rows=85480 loops=1)
                                       Buffers: shared hit=1823019 read=145204
                                       ->  Hash Join  (cost=13059.89..489137.27 rows=3169 width=12) (actual time=37.043..7340.229 rows=129441 loops=1)
                                             Hash Cond: (t.kind_id = kt.id)
                                             Buffers: shared hit=659691 read=47546
                                             ->  Nested Loop  (cost=13058.78..489089.43 rows=11090 width=16) (actual time=36.870..7265.556 rows=172784 loops=1)
                                                   Buffers: shared hit=659690 read=47546
                                                   ->  Bitmap Heap Scan on movie_info mi2  (cost=13058.34..415328.22 rows=11898 width=8) (actual time=36.830..743.916 rows=176092 loops=1)
                                                         Recheck Cond: (info_type_id = 4)
                                                         Filter: ((info)::text = ANY ('{Bulgarian,Filipino,German,Mandarin,Norwegian,Spanish}'::text[]))
                                                         Rows Removed by Filter: 1122897
                                                         Heap Blocks: exact=8393
                                                         Buffers: shared hit=577 read=8835
                                                         ->  Bitmap Index Scan on info_type_id_movie_info  (cost=0.00..13055.37 rows=1221191 width=0) (actual time=34.425..34.425 rows=1298989 loops=1)
                                                               Index Cond: (info_type_id = 4)
                                                               Buffers: shared read=1019
                                                   ->  Memoize  (cost=0.44..6.28 rows=1 width=8) (actual time=0.036..0.036 rows=1 loops=176092)
                                                         Cache Key: mi2.movie_id
                                                         Cache Mode: logical
                                                         Hits: 1636  Misses: 174456  Evictions: 96490  Overflows: 0  Memory Usage: 8193kB
                                                         Buffers: shared hit=659113 read=38711
                                                         ->  Index Scan using title_pkey on title t  (cost=0.43..6.27 rows=1 width=8) (actual time=0.035..0.035 rows=1 loops=174456)
                                                               Index Cond: (id = mi2.movie_id)
                                                               Filter: ((production_year <= 2015) AND (1925 < production_year))
                                                               Rows Removed by Filter: 0
                                                               Buffers: shared hit=659113 read=38711
                                             ->  Hash  (cost=1.09..1.09 rows=2 width=4) (actual time=0.014..0.015 rows=2 loops=1)
                                                   Buckets: 1024  Batches: 1  Memory Usage: 9kB
                                                   Buffers: shared hit=1
                                                   ->  Seq Scan on kind_type kt  (cost=0.00..1.09 rows=2 width=4) (actual time=0.006..0.008 rows=2 loops=1)
                                                         Filter: ((kind)::text = ANY ('{episode,movie}'::text[]))
                                                         Rows Removed by Filter: 5
                                                         Buffers: shared hit=1
                                       ->  Index Scan using movie_id_movie_info on movie_info mi1  (cost=0.43..42.51 rows=1 width=8) (actual time=0.088..0.088 rows=1 loops=129441)
                                             Index Cond: (movie_id = t.id)
                                             Filter: ((info_type_id = 3) AND ((info)::text = ANY ('{Adventure,Biography,Comedy,Drama,Fantasy,History,Romance,Short}'::text[])))
                                             Rows Removed by Filter: 10
                                             Buffers: shared hit=1163328 read=97658
                                 ->  Index Scan using movie_id_cast_info on cast_info ci  (cost=0.44..43.28 rows=38 width=12) (actual time=0.036..0.227 rows=22 loops=85480)
                                       Index Cond: (movie_id = t.id)
                                       Buffers: shared hit=1859223 read=241433
                           ->  Hash  (cost=1.15..1.15 rows=2 width=4) (actual time=0.014..0.015 rows=2 loops=1)
                                 Buckets: 1024  Batches: 1  Memory Usage: 9kB
                                 Buffers: shared hit=1
                                 ->  Seq Scan on role_type rt  (cost=0.00..1.15 rows=2 width=4) (actual time=0.008..0.010 rows=2 loops=1)
                                       Filter: ((role)::text = ANY ('{"costume designer","production designer"}'::text[]))
                                       Rows Removed by Filter: 10
                                       Buffers: shared hit=1
                     ->  Index Scan using name_pkey on name n  (cost=0.43..2.32 rows=1 width=4) (actual time=0.036..0.036 rows=0 loops=46274)
                           Index Cond: (id = ci.person_id)
                           Filter: ((gender)::text = 'f'::text)
                           Rows Removed by Filter: 1
                           Buffers: shared hit=175635 read=9461
 Planning:
   Buffers: shared hit=482 read=92
 Planning Time: 12.694 ms
 Execution Time: 40888.932 ms
(78 rows)

