                                                                                                  QUERY PLAN                                                                                                  
--------------------------------------------------------------------------------------------------------------------------------------------------------------------------------------------------------------
 Aggregate  (cost=968320.60..968320.61 rows=1 width=8) (actual time=46307.589..46307.598 rows=1 loops=1)
   Buffers: shared hit=4176752 read=406086, temp read=11687 written=10541
   ->  Nested Loop  (cost=850194.15..968319.89 rows=286 width=0) (actual time=1222.726..46306.433 rows=2033 loops=1)
         Buffers: shared hit=4176752 read=406086, temp read=11687 written=10541
         ->  Seq Scan on info_type it2  (cost=0.00..2.41 rows=1 width=4) (actual time=0.048..0.061 rows=1 loops=1)
               Filter: (id = 4)
               Rows Removed by Filter: 112
               Buffers: shared hit=1
         ->  Nested Loop  (cost=850194.15..968314.62 rows=286 width=4) (actual time=1222.676..46305.663 rows=2033 loops=1)
               Buffers: shared hit=4176751 read=406086, temp read=11687 written=10541
               ->  Seq Scan on info_type it1  (cost=0.00..2.41 rows=1 width=4) (actual time=0.009..0.022 rows=1 loops=1)
                     Filter: (id = 3)
                     Rows Removed by Filter: 112
                     Buffers: shared hit=1
               ->  Nested Loop  (cost=850194.15..968309.34 rows=286 width=8) (actual time=1222.665..46304.912 rows=2033 loops=1)
                     Buffers: shared hit=4176750 read=406086, temp read=11687 written=10541
                     ->  Hash Join  (cost=850193.72..965451.70 rows=1232 width=12) (actual time=1222.623..45807.044 rows=13209 loops=1)
                           Hash Cond: (ci.role_id = rt.id)
                           Buffers: shared hit=4126491 read=403509, temp read=11687 written=10541
                           ->  Nested Loop  (cost=850192.56..965398.03 rows=14778 width=16) (actual time=1200.992..45491.990 rows=1660443 loops=1)
                                 Buffers: shared hit=4126490 read=403509, temp read=11687 written=10541
                                 ->  Nested Loop  (cost=850192.12..920345.70 rows=1031 width=20) (actual time=1200.975..26440.037 rows=85447 loops=1)
                                       Buffers: shared hit=2641899 read=45364, temp read=11687 written=10541
                                       ->  Nested Loop  (cost=850191.98..920287.10 rows=2405 width=24) (actual time=1200.957..26074.772 rows=497883 loops=1)
                                             Buffers: shared hit=2641887 read=45364, temp read=11687 written=10541
                                             ->  Merge Join  (cost=850191.55..851309.20 rows=22330 width=16) (actual time=1200.911..2190.324 rows=666716 loops=1)
                                                   Merge Cond: (mi1.movie_id = mi2.movie_id)
                                                   Buffers: shared hit=3673 read=16714, temp read=11687 written=10541
                                                   ->  Sort  (cost=444115.24..444383.74 rows=107399 width=8) (actual time=684.292..882.698 rows=1036437 loops=1)
                                                         Sort Key: mi1.movie_id
                                                         Sort Method: external sort  Disk: 22400kB
                                                         Buffers: shared hit=1873 read=9102, temp read=5589 written=5603
                                                         ->  Bitmap Heap Scan on movie_info mi1  (cost=16475.32..435140.65 rows=107399 width=8) (actual time=41.831..428.934 rows=1036438 loops=1)
                                                               Recheck Cond: (info_type_id = 3)
                                                               Filter: ((info)::text = ANY ('{Animation,Comedy,Documentary,Drama,Fantasy,Sci-Fi,Short}'::text[]))
                                                               Rows Removed by Filter: 497471
                                                               Heap Blocks: exact=9772
                                                               Buffers: shared hit=1873 read=9102
                                                               ->  Bitmap Index Scan on info_type_id_movie_info  (cost=0.00..16448.47 rows=1538671 width=0) (actual time=40.635..40.635 rows=1533909 loops=1)
                                                                     Index Cond: (info_type_id = 3)
                                                                     Buffers: shared read=1203
                                                   ->  Sort  (cost=406076.31..406254.99 rows=71471 width=8) (actual time=516.608..745.416 rows=1137554 loops=1)
                                                         Sort Key: mi2.movie_id
                                                         Sort Method: external sort  Disk: 19744kB
                                                         Buffers: shared hit=1800 read=7612, temp read=5512 written=4938
                                                         ->  Bitmap Heap Scan on movie_info mi2  (cost=13073.24..400313.94 rows=71471 width=8) (actual time=30.779..296.452 rows=913452 loops=1)
                                                               Recheck Cond: (info_type_id = 4)
                                                               Filter: ((info)::text = ANY ('{Dutch,English,German,Japanese,Turkish}'::text[]))
                                                               Rows Removed by Filter: 385537
                                                               Heap Blocks: exact=8393
                                                               Buffers: shared hit=1800 read=7612
                                                               ->  Bitmap Index Scan on info_type_id_movie_info  (cost=0.00..13055.37 rows=1221191 width=0) (actual time=29.744..29.744 rows=1298989 loops=1)
                                                                     Index Cond: (info_type_id = 4)
                                                                     Buffers: shared hit=1 read=1018
                                             ->  Index Scan using title_pkey on title t  (cost=0.43..3.09 rows=1 width=8) (actual time=0.035..0.035 rows=1 loops=666716)
                                                   Index Cond: (id = mi1.movie_id)
                                                   Filter: ((production_year <= 2015) AND (1975 < production_year))
                                                   Rows Removed by Filter: 0
                                                   Buffers: shared hit=2638214 read=28650
                                       ->  Memoize  (cost=0.14..0.16 rows=1 width=4) (actual time=0.000..0.000 rows=0 loops=497883)
                                             Cache Key: t.kind_id
                                             Cache Mode: logical
                                             Hits: 497877  Misses: 6  Evictions: 0  Overflows: 0  Memory Usage: 1kB
                                             Buffers: shared hit=12
                                             ->  Index Scan using kind_type_pkey on kind_type kt  (cost=0.13..0.15 rows=1 width=4) (actual time=0.012..0.012 rows=0 loops=6)
                                                   Index Cond: (id = t.kind_id)
                                                   Filter: ((kind)::text = ANY ('{"tv movie","tv series","video game"}'::text[]))
                                                   Rows Removed by Filter: 0
                                                   Buffers: shared hit=12
                                 ->  Index Scan using movie_id_cast_info on cast_info ci  (cost=0.44..43.32 rows=38 width=12) (actual time=0.037..0.217 rows=19 loops=85447)
                                       Index Cond: (movie_id = t.id)
                                       Buffers: shared hit=1484591 read=358145
                           ->  Hash  (cost=1.15..1.15 rows=1 width=4) (actual time=0.020..0.021 rows=1 loops=1)
                                 Buckets: 1024  Batches: 1  Memory Usage: 9kB
                                 Buffers: shared hit=1
                                 ->  Seq Scan on role_type rt  (cost=0.00..1.15 rows=1 width=4) (actual time=0.010..0.012 rows=1 loops=1)
                                       Filter: ((role)::text = 'costume designer'::text)
                                       Rows Removed by Filter: 11
                                       Buffers: shared hit=1
                     ->  Index Scan using name_pkey on name n  (cost=0.43..2.32 rows=1 width=4) (actual time=0.037..0.037 rows=0 loops=13209)
                           Index Cond: (id = ci.person_id)
                           Filter: ((gender)::text = 'f'::text)
                           Rows Removed by Filter: 1
                           Buffers: shared hit=50259 read=2577
 Planning:
   Buffers: shared hit=487 read=87
 Planning Time: 13.524 ms
 Execution Time: 46321.518 ms
(88 rows)

