                                                                                                  QUERY PLAN                                                                                                  
--------------------------------------------------------------------------------------------------------------------------------------------------------------------------------------------------------------
 Aggregate  (cost=1027227.33..1027227.34 rows=1 width=8) (actual time=305781.602..305781.612 rows=1 loops=1)
   Buffers: shared hit=28983277 read=2708178, temp read=11071 written=9899
   ->  Nested Loop  (cost=896166.99..1027222.94 rows=1755 width=0) (actual time=1250.516..305038.561 rows=4580991 loops=1)
         Buffers: shared hit=28983277 read=2708178, temp read=11071 written=9899
         ->  Hash Join  (cost=896166.56..1020978.80 rows=2692 width=4) (actual time=1250.482..139266.634 rows=4580991 loops=1)
               Hash Cond: (ci.role_id = rt.id)
               Buffers: shared hit=11014215 read=2353276, temp read=11071 written=9899
               ->  Nested Loop  (cost=896165.39..1020920.24 rows=16154 width=8) (actual time=1250.425..136562.228 rows=9147062 loops=1)
                     Buffers: shared hit=11014214 read=2353276, temp read=11071 written=9899
                     ->  Nested Loop  (cost=896164.95..971672.93 rows=1127 width=12) (actual time=1250.394..29706.290 rows=499849 loops=1)
                           Buffers: shared hit=2941723 read=59990, temp read=11071 written=9899
                           ->  Nested Loop  (cost=896164.95..971656.43 rows=1127 width=16) (actual time=1250.388..29326.871 rows=499849 loops=1)
                                 Buffers: shared hit=2941722 read=59990, temp read=11071 written=9899
                                 ->  Nested Loop  (cost=896164.95..971639.93 rows=1127 width=20) (actual time=1250.364..28970.550 rows=499849 loops=1)
                                       Buffers: shared hit=2941721 read=59990, temp read=11071 written=9899
                                       ->  Nested Loop  (cost=896164.81..971575.91 rows=2631 width=24) (actual time=1249.334..28433.533 rows=579791 loops=1)
                                             Buffers: shared hit=2941709 read=59990, temp read=11071 written=9899
                                             ->  Merge Join  (cost=896164.38..897347.40 rows=24424 width=16) (actual time=1249.285..2462.033 rows=745328 loops=1)
                                                   Merge Cond: (mi1.movie_id = mi2.movie_id)
                                                   Buffers: shared hit=4 read=20383, temp read=11071 written=9899
                                                   ->  Sort  (cost=459855.54..460141.31 rows=114311 width=8) (actual time=702.381..952.871 rows=1092293 loops=1)
                                                         Sort Key: mi1.movie_id
                                                         Sort Method: external merge  Disk: 19304kB
                                                         Buffers: shared hit=1 read=10974, temp read=4819 written=4834
                                                         ->  Bitmap Heap Scan on movie_info mi1  (cost=16477.05..450251.92 rows=114311 width=8) (actual time=40.566..453.413 rows=1092293 loops=1)
                                                               Recheck Cond: (info_type_id = 3)
                                                               Filter: ((info)::text = ANY ('{Action,Adult,Comedy,Documentary,Drama,Horror,Short,Talk-Show}'::text[]))
                                                               Rows Removed by Filter: 441616
                                                               Heap Blocks: exact=9772
                                                               Buffers: shared hit=1 read=10974
                                                               ->  Bitmap Index Scan on info_type_id_movie_info  (cost=0.00..16448.47 rows=1538671 width=0) (actual time=39.386..39.387 rows=1533909 loops=1)
                                                                     Index Cond: (info_type_id = 3)
                                                                     Buffers: shared read=1203
                                                   ->  Sort  (cost=436308.84..436492.46 rows=73446 width=8) (actual time=546.894..838.155 rows=1162804 loops=1)
                                                         Sort Key: mi2.movie_id
                                                         Sort Method: external sort  Disk: 20248kB
                                                         Buffers: shared hit=3 read=9409, temp read=5652 written=5065
                                                         ->  Bitmap Heap Scan on movie_info mi2  (cost=13073.73..430372.79 rows=73446 width=8) (actual time=31.675..320.473 rows=936694 loops=1)
                                                               Recheck Cond: (info_type_id = 4)
                                                               Filter: ((info)::text = ANY ('{Cantonese,English,Filipino,Hebrew,Japanese,Spanish,Turkish}'::text[]))
                                                               Rows Removed by Filter: 362295
                                                               Heap Blocks: exact=8393
                                                               Buffers: shared hit=3 read=9409
                                                               ->  Bitmap Index Scan on info_type_id_movie_info  (cost=0.00..13055.37 rows=1221191 width=0) (actual time=30.623..30.623 rows=1298989 loops=1)
                                                                     Index Cond: (info_type_id = 4)
                                                                     Buffers: shared hit=1 read=1018
                                             ->  Index Scan using title_pkey on title t  (cost=0.43..3.04 rows=1 width=8) (actual time=0.034..0.034 rows=1 loops=745328)
                                                   Index Cond: (id = mi1.movie_id)
                                                   Filter: ((production_year <= 2015) AND (1975 < production_year))
                                                   Rows Removed by Filter: 0
                                                   Buffers: shared hit=2941705 read=39607
                                       ->  Memoize  (cost=0.14..0.16 rows=1 width=4) (actual time=0.000..0.000 rows=1 loops=579791)
                                             Cache Key: t.kind_id
                                             Cache Mode: logical
                                             Hits: 579785  Misses: 6  Evictions: 0  Overflows: 0  Memory Usage: 1kB
                                             Buffers: shared hit=12
                                             ->  Index Scan using kind_type_pkey on kind_type kt  (cost=0.13..0.15 rows=1 width=4) (actual time=0.011..0.011 rows=0 loops=6)
                                                   Index Cond: (id = t.kind_id)
                                                   Filter: ((kind)::text = ANY ('{episode,movie,"video movie"}'::text[]))
                                                   Rows Removed by Filter: 0
                                                   Buffers: shared hit=12
                                 ->  Materialize  (cost=0.00..2.42 rows=1 width=4) (actual time=0.000..0.000 rows=1 loops=499849)
                                       Buffers: shared hit=1
                                       ->  Seq Scan on info_type it1  (cost=0.00..2.41 rows=1 width=4) (actual time=0.018..0.022 rows=1 loops=1)
                                             Filter: (id = 3)
                                             Rows Removed by Filter: 112
                                             Buffers: shared hit=1
                           ->  Materialize  (cost=0.00..2.42 rows=1 width=4) (actual time=0.000..0.000 rows=1 loops=499849)
                                 Buffers: shared hit=1
                                 ->  Seq Scan on info_type it2  (cost=0.00..2.41 rows=1 width=4) (actual time=0.004..0.009 rows=1 loops=1)
                                       Filter: (id = 4)
                                       Rows Removed by Filter: 112
                                       Buffers: shared hit=1
                     ->  Index Scan using movie_id_cast_info on cast_info ci  (cost=0.44..43.32 rows=38 width=12) (actual time=0.036..0.208 rows=18 loops=499849)
                           Index Cond: (movie_id = t.id)
                           Buffers: shared hit=8072491 read=2293286
               ->  Hash  (cost=1.15..1.15 rows=2 width=4) (actual time=0.033..0.034 rows=2 loops=1)
                     Buckets: 1024  Batches: 1  Memory Usage: 9kB
                     Buffers: shared hit=1
                     ->  Seq Scan on role_type rt  (cost=0.00..1.15 rows=2 width=4) (actual time=0.022..0.025 rows=2 loops=1)
                           Filter: ((role)::text = ANY ('{actor,actress}'::text[]))
                           Rows Removed by Filter: 10
                           Buffers: shared hit=1
         ->  Index Scan using name_pkey on name n  (cost=0.43..2.32 rows=1 width=4) (actual time=0.035..0.035 rows=1 loops=4580991)
               Index Cond: (id = ci.person_id)
               Filter: ((gender)::text = ANY ('{f,m}'::text[]))
               Buffers: shared hit=17969062 read=354902
 Planning:
   Buffers: shared hit=486 read=88
 Planning Time: 10.416 ms
 Execution Time: 305793.628 ms
(91 rows)

