                                                                                            QUERY PLAN                                                                                            
--------------------------------------------------------------------------------------------------------------------------------------------------------------------------------------------------
 Aggregate  (cost=664675.53..664675.54 rows=1 width=8) (actual time=1671.343..1671.350 rows=1 loops=1)
   Buffers: shared hit=75777 read=76133, temp read=1423 written=1423
   ->  Nested Loop  (cost=92534.03..664675.18 rows=140 width=0) (actual time=466.671..1671.319 rows=26 loops=1)
         Buffers: shared hit=75777 read=76133, temp read=1423 written=1423
         ->  Seq Scan on info_type it2  (cost=0.00..2.41 rows=1 width=4) (actual time=0.038..0.045 rows=1 loops=1)
               Filter: (id = 4)
               Rows Removed by Filter: 112
               Buffers: shared hit=1
         ->  Nested Loop  (cost=92534.03..664671.37 rows=140 width=4) (actual time=466.631..1671.261 rows=26 loops=1)
               Buffers: shared hit=75776 read=76133, temp read=1423 written=1423
               ->  Seq Scan on info_type it1  (cost=0.00..2.41 rows=1 width=4) (actual time=0.009..0.019 rows=1 loops=1)
                     Filter: (id = 3)
                     Rows Removed by Filter: 112
                     Buffers: shared hit=1
               ->  Nested Loop  (cost=92534.03..664667.55 rows=140 width=8) (actual time=466.618..1671.228 rows=26 loops=1)
                     Buffers: shared hit=75775 read=76133, temp read=1423 written=1423
                     ->  Hash Join  (cost=92533.60..664168.86 rows=215 width=12) (actual time=410.459..1668.542 rows=105 loops=1)
                           Hash Cond: (ci.role_id = rt.id)
                           Buffers: shared hit=75411 read=76077, temp read=1423 written=1423
                           ->  Nested Loop  (cost=92532.43..664158.53 rows=2580 width=16) (actual time=410.341..1665.355 rows=27769 loops=1)
                                 Buffers: shared hit=75410 read=76077, temp read=1423 written=1423
                                 ->  Nested Loop  (cost=92531.99..656138.75 rows=180 width=20) (actual time=410.310..1318.788 rows=2954 loops=1)
                                       Buffers: shared hit=56556 read=59488, temp read=1423 written=1423
                                       ->  Hash Join  (cost=92531.56..436265.12 rows=5111 width=12) (actual time=410.126..806.654 rows=6683 loops=1)
                                             Hash Cond: (mi2.movie_id = t.id)
                                             Buffers: shared hit=4103 read=41701, temp read=1423 written=1423
                                             ->  Bitmap Heap Scan on movie_info mi2  (cost=13071.85..355225.01 rows=65944 width=8) (actual time=35.807..273.115 rows=822213 loops=1)
                                                   Recheck Cond: (info_type_id = 4)
                                                   Filter: ((info)::text = ANY ('{English,Japanese}'::text[]))
                                                   Rows Removed by Filter: 476776
                                                   Heap Blocks: exact=8393
                                                   Buffers: shared hit=4102 read=5310
                                                   ->  Bitmap Index Scan on info_type_id_movie_info  (cost=0.00..13055.37 rows=1221191 width=0) (actual time=34.769..34.769 rows=1298989 loops=1)
                                                         Index Cond: (info_type_id = 4)
                                                         Buffers: shared read=1019
                                             ->  Hash  (cost=76244.10..76244.10 rows=195968 width=4) (actual time=371.422..371.425 rows=11843 loops=1)
                                                   Buckets: 262144  Batches: 2  Memory Usage: 2260kB
                                                   Buffers: shared hit=1 read=36391, temp written=17
                                                   ->  Hash Join  (cost=1.13..76244.10 rows=195968 width=4) (actual time=0.129..368.865 rows=11843 loops=1)
                                                         Hash Cond: (t.kind_id = kt.id)
                                                         Buffers: shared hit=1 read=36391
                                                         ->  Seq Scan on title t  (cost=0.00..74315.95 rows=457258 width=8) (actual time=0.026..342.882 rows=451569 loops=1)
                                                               Filter: ((production_year <= 1975) AND (1875 < production_year))
                                                               Rows Removed by Filter: 2076743
                                                               Buffers: shared read=36391
                                                         ->  Hash  (cost=1.10..1.10 rows=3 width=4) (actual time=0.014..0.015 rows=3 loops=1)
                                                               Buckets: 1024  Batches: 1  Memory Usage: 9kB
                                                               Buffers: shared hit=1
                                                               ->  Seq Scan on kind_type kt  (cost=0.00..1.10 rows=3 width=4) (actual time=0.007..0.008 rows=3 loops=1)
                                                                     Filter: ((kind)::text = ANY ('{"tv series","video game","video movie"}'::text[]))
                                                                     Rows Removed by Filter: 4
                                                                     Buffers: shared hit=1
                                       ->  Index Scan using movie_id_movie_info on movie_info mi1  (cost=0.43..43.01 rows=1 width=8) (actual time=0.075..0.076 rows=0 loops=6683)
                                             Index Cond: (movie_id = t.id)
                                             Filter: ((info_type_id = 3) AND ((info)::text = ANY ('{Documentary,Drama,Family,Musical,Romance,Short}'::text[])))
                                             Rows Removed by Filter: 11
                                             Buffers: shared hit=52453 read=17787
                                 ->  Index Scan using movie_id_cast_info on cast_info ci  (cost=0.44..44.17 rows=38 width=12) (actual time=0.029..0.115 rows=9 loops=2954)
                                       Index Cond: (movie_id = t.id)
                                       Buffers: shared hit=18854 read=16589
                           ->  Hash  (cost=1.15..1.15 rows=1 width=4) (actual time=0.017..0.017 rows=1 loops=1)
                                 Buckets: 1024  Batches: 1  Memory Usage: 9kB
                                 Buffers: shared hit=1
                                 ->  Seq Scan on role_type rt  (cost=0.00..1.15 rows=1 width=4) (actual time=0.010..0.011 rows=1 loops=1)
                                       Filter: ((role)::text = 'costume designer'::text)
                                       Rows Removed by Filter: 11
                                       Buffers: shared hit=1
                     ->  Index Scan using name_pkey on name n  (cost=0.43..2.32 rows=1 width=4) (actual time=0.025..0.025 rows=0 loops=105)
                           Index Cond: (id = ci.person_id)
                           Filter: ((gender)::text = ANY ('{f,m}'::text[]))
                           Rows Removed by Filter: 1
                           Buffers: shared hit=364 read=56
 Planning:
   Buffers: shared hit=483 read=91
 Planning Time: 13.031 ms
 Execution Time: 1671.896 ms
(76 rows)

