                                                                                            QUERY PLAN                                                                                            
--------------------------------------------------------------------------------------------------------------------------------------------------------------------------------------------------
 Aggregate  (cost=550164.00..550164.01 rows=1 width=8) (actual time=38513.176..38513.183 rows=1 loops=1)
   Buffers: shared hit=3514644 read=466270, temp read=2685 written=2685
   ->  Nested Loop  (cost=62932.98..550163.82 rows=71 width=0) (actual time=320.674..38499.201 rows=58978 loops=1)
         Buffers: shared hit=3514644 read=466270, temp read=2685 written=2685
         ->  Hash Join  (cost=62932.55..549769.50 rows=170 width=4) (actual time=320.639..33489.670 rows=136558 loops=1)
               Hash Cond: (ci.role_id = rt.id)
               Buffers: shared hit=3011580 read=423102, temp read=2685 written=2685
               ->  Nested Loop  (cost=62931.37..549764.71 rows=1018 width=8) (actual time=320.445..33193.749 rows=1503279 loops=1)
                     Buffers: shared hit=3011579 read=423102, temp read=2685 written=2685
                     ->  Nested Loop  (cost=62930.93..546601.35 rows=71 width=12) (actual time=320.414..15289.381 rows=140887 loops=1)
                           Buffers: shared hit=1342486 read=192743, temp read=2685 written=2685
                           ->  Seq Scan on info_type it2  (cost=0.00..2.41 rows=1 width=4) (actual time=0.025..0.030 rows=1 loops=1)
                                 Filter: (id = 4)
                                 Rows Removed by Filter: 112
                                 Buffers: shared hit=1
                           ->  Nested Loop  (cost=62930.93..546598.23 rows=71 width=16) (actual time=320.387..15255.440 rows=140887 loops=1)
                                 Buffers: shared hit=1342485 read=192743, temp read=2685 written=2685
                                 ->  Seq Scan on info_type it1  (cost=0.00..2.41 rows=1 width=4) (actual time=0.008..0.017 rows=1 loops=1)
                                       Filter: (id = 3)
                                       Rows Removed by Filter: 112
                                       Buffers: shared hit=1
                                 ->  Nested Loop  (cost=62930.93..546595.11 rows=71 width=20) (actual time=320.376..15220.842 rows=140887 loops=1)
                                       Buffers: shared hit=1342484 read=192743, temp read=2685 written=2685
                                       ->  Hash Join  (cost=62930.50..465492.53 rows=1883 width=12) (actual time=320.188..1276.477 rows=132665 loops=1)
                                             Hash Cond: (mi2.movie_id = t.id)
                                             Buffers: shared hit=13038 read=9761, temp read=2685 written=2685
                                             ->  Bitmap Heap Scan on movie_info mi2  (cost=13073.59..415343.47 rows=72886 width=8) (actual time=36.012..515.271 rows=936152 loops=1)
                                                   Recheck Cond: (info_type_id = 4)
                                                   Filter: ((info)::text = ANY ('{English,German,Italian,Japanese,Russian,Serbo-Croatian}'::text[]))
                                                   Rows Removed by Filter: 362837
                                                   Heap Blocks: exact=8393
                                                   Buffers: shared hit=2949 read=6463
                                                   ->  Bitmap Index Scan on info_type_id_movie_info  (cost=0.00..13055.37 rows=1221191 width=0) (actual time=34.977..34.977 rows=1298989 loops=1)
                                                         Index Cond: (info_type_id = 4)
                                                         Buffers: shared hit=1019
                                             ->  Hash  (cost=49040.37..49040.37 rows=65323 width=4) (actual time=228.849..228.851 rows=252581 loops=1)
                                                   Buckets: 262144 (originally 65536)  Batches: 2 (originally 1)  Memory Usage: 6494kB
                                                   Buffers: shared hit=10089 read=3298, temp written=369
                                                   ->  Nested Loop  (cost=4511.89..49040.37 rows=65323 width=4) (actual time=19.279..190.060 rows=252581 loops=1)
                                                         Buffers: shared hit=10089 read=3298
                                                         ->  Seq Scan on kind_type kt  (cost=0.00..1.09 rows=1 width=4) (actual time=0.012..0.015 rows=1 loops=1)
                                                               Filter: ((kind)::text = 'movie'::text)
                                                               Rows Removed by Filter: 6
                                                               Buffers: shared hit=1
                                                         ->  Bitmap Heap Scan on title t  (cost=4511.89..48277.18 rows=76210 width=8) (actual time=19.263..174.431 rows=252581 loops=1)
                                                               Recheck Cond: (kind_id = kt.id)
                                                               Filter: ((production_year <= 1975) AND (1875 < production_year))
                                                               Rows Removed by Filter: 410244
                                                               Heap Blocks: exact=12865
                                                               Buffers: shared hit=10088 read=3298
                                                               ->  Bitmap Index Scan on kind_id_title  (cost=0.00..4492.84 rows=421388 width=0) (actual time=17.694..17.695 rows=662825 loops=1)
                                                                     Index Cond: (kind_id = kt.id)
                                                                     Buffers: shared read=521
                                       ->  Index Scan using movie_id_movie_info on movie_info mi1  (cost=0.43..43.06 rows=1 width=8) (actual time=0.104..0.104 rows=1 loops=132665)
                                             Index Cond: (movie_id = t.id)
                                             Filter: ((info_type_id = 3) AND ((info)::text = ANY ('{Action,Adventure,Documentary,Drama,Family,Horror,Short}'::text[])))
                                             Rows Removed by Filter: 14
                                             Buffers: shared hit=1329446 read=182982
                     ->  Index Scan using movie_id_cast_info on cast_info ci  (cost=0.44..44.17 rows=38 width=12) (actual time=0.035..0.124 rows=11 loops=140887)
                           Index Cond: (movie_id = t.id)
                           Buffers: shared hit=1669093 read=230359
               ->  Hash  (cost=1.15..1.15 rows=2 width=4) (actual time=0.043..0.044 rows=2 loops=1)
                     Buckets: 1024  Batches: 1  Memory Usage: 9kB
                     Buffers: shared hit=1
                     ->  Seq Scan on role_type rt  (cost=0.00..1.15 rows=2 width=4) (actual time=0.029..0.031 rows=2 loops=1)
                           Filter: ((role)::text = ANY ('{"miscellaneous crew",producer}'::text[]))
                           Rows Removed by Filter: 10
                           Buffers: shared hit=1
         ->  Index Scan using name_pkey on name n  (cost=0.43..2.32 rows=1 width=4) (actual time=0.036..0.036 rows=0 loops=136558)
               Index Cond: (id = ci.person_id)
               Filter: ((gender)::text = 'm'::text)
               Rows Removed by Filter: 1
               Buffers: shared hit=503064 read=43168
 Planning:
   Buffers: shared hit=574
 Planning Time: 13.817 ms
 Execution Time: 38513.836 ms
(77 rows)

