                                                                                            QUERY PLAN                                                                                            
--------------------------------------------------------------------------------------------------------------------------------------------------------------------------------------------------
 Aggregate  (cost=680660.90..680660.91 rows=1 width=8) (actual time=60893.147..60893.158 rows=1 loops=1)
   Buffers: shared hit=5600747 read=695362, temp read=3354 written=3354
   ->  Nested Loop  (cost=92534.20..680660.71 rows=76 width=0) (actual time=545.949..60788.322 rows=643703 loops=1)
         Buffers: shared hit=5600747 read=695362, temp read=3354 written=3354
         ->  Seq Scan on info_type it2  (cost=0.00..2.41 rows=1 width=4) (actual time=0.033..0.044 rows=1 loops=1)
               Filter: (id = 4)
               Rows Removed by Filter: 112
               Buffers: shared hit=1
         ->  Nested Loop  (cost=92534.20..680657.54 rows=76 width=4) (actual time=545.914..60655.038 rows=643703 loops=1)
               Buffers: shared hit=5600746 read=695362, temp read=3354 written=3354
               ->  Seq Scan on info_type it1  (cost=0.00..2.41 rows=1 width=4) (actual time=0.010..0.024 rows=1 loops=1)
                     Filter: (id = 3)
                     Rows Removed by Filter: 112
                     Buffers: shared hit=1
               ->  Nested Loop  (cost=92534.20..680654.37 rows=76 width=8) (actual time=545.900..60517.362 rows=643703 loops=1)
                     Buffers: shared hit=5600745 read=695362, temp read=3354 written=3354
                     ->  Hash Join  (cost=92533.77..680236.85 rows=180 width=12) (actual time=545.866..37714.107 rows=643703 loops=1)
                           Hash Cond: (ci.role_id = rt.id)
                           Buffers: shared hit=3089947 read=631348, temp read=3354 written=3354
                           ->  Nested Loop  (cost=92532.61..680228.01 rows=2164 width=16) (actual time=545.825..37297.460 rows=1335041 loops=1)
                                 Buffers: shared hit=3089946 read=631348, temp read=3354 written=3354
                                 ->  Nested Loop  (cost=92532.17..673500.30 rows=151 width=20) (actual time=545.787..21367.718 rows=94819 loops=1)
                                       Buffers: shared hit=1773080 read=354145, temp read=3354 written=3354
                                       ->  Hash Join  (cost=92531.73..451303.61 rows=5165 width=12) (actual time=535.651..1632.841 rows=190000 loops=1)
                                             Hash Cond: (mi2.movie_id = t.id)
                                             Buffers: shared hit=8 read=45796, temp read=3354 written=3354
                                             ->  Bitmap Heap Scan on movie_info mi2  (cost=13072.03..370254.37 rows=66636 width=8) (actual time=36.312..530.552 rows=830074 loops=1)
                                                   Recheck Cond: (info_type_id = 4)
                                                   Filter: ((info)::text = ANY ('{English,Italian,Portuguese}'::text[]))
                                                   Rows Removed by Filter: 468915
                                                   Heap Blocks: exact=8393
                                                   Buffers: shared hit=6 read=9406
                                                   ->  Bitmap Index Scan on info_type_id_movie_info  (cost=0.00..13055.37 rows=1221191 width=0) (actual time=35.266..35.266 rows=1298989 loops=1)
                                                         Index Cond: (info_type_id = 4)
                                                         Buffers: shared read=1019
                                             ->  Hash  (cost=76244.10..76244.10 rows=195968 width=4) (actual time=496.379..496.383 rows=439726 loops=1)
                                                   Buckets: 262144 (originally 262144)  Batches: 4 (originally 2)  Memory Usage: 6145kB
                                                   Buffers: shared hit=2 read=36390, temp written=966
                                                   ->  Hash Join  (cost=1.13..76244.10 rows=195968 width=4) (actual time=0.041..421.162 rows=439726 loops=1)
                                                         Hash Cond: (t.kind_id = kt.id)
                                                         Buffers: shared hit=2 read=36390
                                                         ->  Seq Scan on title t  (cost=0.00..74315.95 rows=457258 width=8) (actual time=0.023..365.588 rows=451569 loops=1)
                                                               Filter: ((production_year <= 1975) AND (1875 < production_year))
                                                               Rows Removed by Filter: 2076743
                                                               Buffers: shared hit=1 read=36390
                                                         ->  Hash  (cost=1.10..1.10 rows=3 width=4) (actual time=0.013..0.015 rows=3 loops=1)
                                                               Buckets: 1024  Batches: 1  Memory Usage: 9kB
                                                               Buffers: shared hit=1
                                                               ->  Seq Scan on kind_type kt  (cost=0.00..1.10 rows=3 width=4) (actual time=0.006..0.007 rows=3 loops=1)
                                                                     Filter: ((kind)::text = ANY ('{episode,movie,"tv movie"}'::text[]))
                                                                     Rows Removed by Filter: 4
                                                                     Buffers: shared hit=1
                                       ->  Index Scan using movie_id_movie_info on movie_info mi1  (cost=0.43..43.01 rows=1 width=8) (actual time=0.103..0.103 rows=0 loops=190000)
                                             Index Cond: (movie_id = t.id)
                                             Filter: ((info_type_id = 3) AND ((info)::text = ANY ('{Adult,Animation,Comedy,Documentary,Drama,War}'::text[])))
                                             Rows Removed by Filter: 13
                                             Buffers: shared hit=1773072 read=308349
                                 ->  Index Scan using movie_id_cast_info on cast_info ci  (cost=0.44..44.17 rows=38 width=12) (actual time=0.036..0.163 rows=14 loops=94819)
                                       Index Cond: (movie_id = t.id)
                                       Buffers: shared hit=1316866 read=277203
                           ->  Hash  (cost=1.15..1.15 rows=1 width=4) (actual time=0.015..0.016 rows=1 loops=1)
                                 Buckets: 1024  Batches: 1  Memory Usage: 9kB
                                 Buffers: shared hit=1
                                 ->  Seq Scan on role_type rt  (cost=0.00..1.15 rows=1 width=4) (actual time=0.008..0.010 rows=1 loops=1)
                                       Filter: ((role)::text = 'actor'::text)
                                       Rows Removed by Filter: 11
                                       Buffers: shared hit=1
                     ->  Index Scan using name_pkey on name n  (cost=0.43..2.32 rows=1 width=4) (actual time=0.035..0.035 rows=1 loops=643703)
                           Index Cond: (id = ci.person_id)
                           Filter: ((gender)::text = 'm'::text)
                           Buffers: shared hit=2510798 read=64014
 Planning:
   Buffers: shared hit=481 read=93
 Planning Time: 12.986 ms
 Execution Time: 60893.735 ms
(75 rows)

