                                                                                               QUERY PLAN                                                                                               
--------------------------------------------------------------------------------------------------------------------------------------------------------------------------------------------------------
 Aggregate  (cost=447258.07..447258.08 rows=1 width=8) (actual time=7387.007..7387.015 rows=1 loops=1)
   Buffers: shared hit=669354 read=96853
   ->  Nested Loop  (cost=13060.80..447258.06 rows=6 width=0) (actual time=648.949..7385.655 rows=5486 loops=1)
         Buffers: shared hit=669354 read=96853
         ->  Hash Join  (cost=13060.37..447225.58 rows=14 width=4) (actual time=648.523..6948.149 rows=12025 loops=1)
               Hash Cond: (ci.role_id = rt.id)
               Buffers: shared hit=623957 read=94150
               ->  Nested Loop  (cost=13059.20..447224.10 rows=86 width=8) (actual time=648.263..6919.580 rows=156353 loops=1)
                     Buffers: shared hit=623956 read=94150
                     ->  Nested Loop  (cost=13058.76..446957.86 rows=6 width=12) (actual time=648.209..5263.465 rows=6611 loops=1)
                           Buffers: shared hit=478671 read=67217
                           ->  Seq Scan on info_type it2  (cost=0.00..2.41 rows=1 width=4) (actual time=0.029..0.037 rows=1 loops=1)
                                 Filter: (id = 4)
                                 Rows Removed by Filter: 112
                                 Buffers: shared hit=1
                           ->  Nested Loop  (cost=13058.76..446955.39 rows=6 width=16) (actual time=648.178..5261.822 rows=6611 loops=1)
                                 Buffers: shared hit=478670 read=67217
                                 ->  Seq Scan on info_type it1  (cost=0.00..2.41 rows=1 width=4) (actual time=0.008..0.017 rows=1 loops=1)
                                       Filter: (id = 3)
                                       Rows Removed by Filter: 112
                                       Buffers: shared hit=1
                                 ->  Nested Loop  (cost=13058.76..446952.92 rows=6 width=20) (actual time=648.167..5260.203 rows=6611 loops=1)
                                       Buffers: shared hit=478669 read=67217
                                       ->  Hash Join  (cost=13058.32..425084.59 rows=511 width=12) (actual time=44.235..3445.393 rows=22447 loops=1)
                                             Hash Cond: (t.kind_id = kt.id)
                                             Buffers: shared hit=306181 read=39648
                                             ->  Nested Loop  (cost=13057.19..425078.44 rows=1193 width=16) (actual time=37.004..3434.641 rows=24965 loops=1)
                                                   Buffers: shared hit=306180 read=39648
                                                   ->  Bitmap Heap Scan on movie_info mi2  (cost=13056.75..385268.27 rows=5526 width=8) (actual time=36.157..500.540 rows=84571 loops=1)
                                                         Recheck Cond: (info_type_id = 4)
                                                         Filter: ((info)::text = ANY ('{Dutch,Filipino,Hindi,Japanese}'::text[]))
                                                         Rows Removed by Filter: 1214418
                                                         Heap Blocks: exact=8393
                                                         Buffers: shared hit=3070 read=6342
                                                         ->  Bitmap Index Scan on info_type_id_movie_info  (cost=0.00..13055.37 rows=1221191 width=0) (actual time=34.069..34.070 rows=1298989 loops=1)
                                                               Index Cond: (info_type_id = 4)
                                                               Buffers: shared read=1019
                                                   ->  Memoize  (cost=0.44..7.24 rows=1 width=8) (actual time=0.034..0.034 rows=0 loops=84571)
                                                         Cache Key: mi2.movie_id
                                                         Cache Mode: logical
                                                         Hits: 467  Misses: 84104  Evictions: 0  Overflows: 0  Memory Usage: 6557kB
                                                         Buffers: shared hit=303110 read=33306
                                                         ->  Index Scan using title_pkey on title t  (cost=0.43..7.23 rows=1 width=8) (actual time=0.033..0.033 rows=0 loops=84104)
                                                               Index Cond: (id = mi2.movie_id)
                                                               Filter: ((production_year <= 1990) AND (1950 < production_year))
                                                               Rows Removed by Filter: 1
                                                               Buffers: shared hit=303110 read=33306
                                             ->  Hash  (cost=1.10..1.10 rows=3 width=4) (actual time=0.034..0.035 rows=3 loops=1)
                                                   Buckets: 1024  Batches: 1  Memory Usage: 9kB
                                                   Buffers: shared hit=1
                                                   ->  Seq Scan on kind_type kt  (cost=0.00..1.10 rows=3 width=4) (actual time=0.007..0.009 rows=3 loops=1)
                                                         Filter: ((kind)::text = ANY ('{episode,movie,"tv movie"}'::text[]))
                                                         Rows Removed by Filter: 4
                                                         Buffers: shared hit=1
                                       ->  Index Scan using movie_id_movie_info on movie_info mi1  (cost=0.43..42.79 rows=1 width=8) (actual time=0.080..0.080 rows=0 loops=22447)
                                             Index Cond: (movie_id = t.id)
                                             Filter: ((info_type_id = 3) AND ((info)::text = ANY ('{Action,Comedy,Family,Sci-Fi}'::text[])))
                                             Rows Removed by Filter: 8
                                             Buffers: shared hit=172488 read=27569
                     ->  Index Scan using movie_id_cast_info on cast_info ci  (cost=0.44..43.99 rows=38 width=12) (actual time=0.040..0.244 rows=24 loops=6611)
                           Index Cond: (movie_id = t.id)
                           Buffers: shared hit=145285 read=26933
               ->  Hash  (cost=1.15..1.15 rows=2 width=4) (actual time=0.032..0.033 rows=2 loops=1)
                     Buckets: 1024  Batches: 1  Memory Usage: 9kB
                     Buffers: shared hit=1
                     ->  Seq Scan on role_type rt  (cost=0.00..1.15 rows=2 width=4) (actual time=0.025..0.026 rows=2 loops=1)
                           Filter: ((role)::text = ANY ('{composer,director}'::text[]))
                           Rows Removed by Filter: 10
                           Buffers: shared hit=1
         ->  Index Scan using name_pkey on name n  (cost=0.43..2.32 rows=1 width=4) (actual time=0.036..0.036 rows=0 loops=12025)
               Index Cond: (id = ci.person_id)
               Filter: ((gender)::text = 'm'::text)
               Rows Removed by Filter: 1
               Buffers: shared hit=45397 read=2703
 Planning:
   Buffers: shared hit=483 read=91
 Planning Time: 11.575 ms
 Execution Time: 7388.730 ms
(78 rows)

