                                                                                               QUERY PLAN                                                                                               
--------------------------------------------------------------------------------------------------------------------------------------------------------------------------------------------------------
 Aggregate  (cost=529134.15..529134.16 rows=1 width=8) (actual time=21032.129..21032.137 rows=1 loops=1)
   Buffers: shared hit=2060780 read=128204
   ->  Nested Loop  (cost=13062.38..529134.10 rows=20 width=0) (actual time=66.265..21001.598 rows=180848 loops=1)
         Buffers: shared hit=2060780 read=128204
         ->  Hash Join  (cost=13061.95..529022.76 rows=48 width=4) (actual time=66.210..14189.216 rows=188898 loops=1)
               Hash Cond: (ci.role_id = rt.id)
               Buffers: shared hit=1321551 read=111841
               ->  Nested Loop  (cost=13060.77..529020.57 rows=287 width=8) (actual time=66.157..14070.068 rows=374137 loops=1)
                     Buffers: shared hit=1321550 read=111841
                     ->  Nested Loop  (cost=13060.33..528129.48 rows=20 width=12) (actual time=66.110..9917.380 rows=16760 loops=1)
                           Buffers: shared hit=950613 read=64288
                           ->  Seq Scan on info_type it2  (cost=0.00..2.41 rows=1 width=4) (actual time=0.021..0.031 rows=1 loops=1)
                                 Filter: (id = 4)
                                 Rows Removed by Filter: 112
                                 Buffers: shared hit=1
                           ->  Nested Loop  (cost=13060.33..528126.87 rows=20 width=16) (actual time=66.088..9912.819 rows=16760 loops=1)
                                 Buffers: shared hit=950612 read=64288
                                 ->  Seq Scan on info_type it1  (cost=0.00..2.41 rows=1 width=4) (actual time=0.006..0.031 rows=1 loops=1)
                                       Filter: (id = 3)
                                       Rows Removed by Filter: 112
                                       Buffers: shared hit=1
                                 ->  Nested Loop  (cost=13060.33..528124.25 rows=20 width=20) (actual time=66.079..9907.624 rows=16760 loops=1)
                                       Buffers: shared hit=950611 read=64288
                                       ->  Hash Join  (cost=13059.90..488765.16 rows=916 width=12) (actual time=65.975..7180.563 rows=30160 loops=1)
                                             Hash Cond: (t.kind_id = kt.id)
                                             Buffers: shared hit=692358 read=33359
                                             ->  Nested Loop  (cost=13058.76..488755.03 rows=2137 width=16) (actual time=38.355..7163.338 rows=32421 loops=1)
                                                   Buffers: shared hit=692357 read=33359
                                                   ->  Bitmap Heap Scan on movie_info mi2  (cost=13058.32..415328.20 rows=11817 width=8) (actual time=37.539..731.718 rows=180958 loops=1)
                                                         Recheck Cond: (info_type_id = 4)
                                                         Filter: ((info)::text = ANY ('{Japanese,Korean,Mandarin,Portuguese,Spanish,Tagalog}'::text[]))
                                                         Rows Removed by Filter: 1118031
                                                         Heap Blocks: exact=8393
                                                         Buffers: shared hit=14 read=9398
                                                         ->  Bitmap Index Scan on info_type_id_movie_info  (cost=0.00..13055.37 rows=1221191 width=0) (actual time=35.150..35.150 rows=1298989 loops=1)
                                                               Index Cond: (info_type_id = 4)
                                                               Buffers: shared read=1019
                                                   ->  Memoize  (cost=0.44..6.30 rows=1 width=8) (actual time=0.035..0.035 rows=0 loops=180958)
                                                         Cache Key: mi2.movie_id
                                                         Cache Mode: logical
                                                         Hits: 1882  Misses: 179076  Evictions: 67059  Overflows: 0  Memory Usage: 8193kB
                                                         Buffers: shared hit=692343 read=23961
                                                         ->  Index Scan using title_pkey on title t  (cost=0.43..6.29 rows=1 width=8) (actual time=0.034..0.034 rows=0 loops=179076)
                                                               Index Cond: (id = mi2.movie_id)
                                                               Filter: ((production_year <= 1975) AND (1875 < production_year))
                                                               Rows Removed by Filter: 1
                                                               Buffers: shared hit=692343 read=23961
                                             ->  Hash  (cost=1.10..1.10 rows=3 width=4) (actual time=0.014..0.015 rows=3 loops=1)
                                                   Buckets: 1024  Batches: 1  Memory Usage: 9kB
                                                   Buffers: shared hit=1
                                                   ->  Seq Scan on kind_type kt  (cost=0.00..1.10 rows=3 width=4) (actual time=0.007..0.008 rows=3 loops=1)
                                                         Filter: ((kind)::text = ANY ('{episode,movie,"tv movie"}'::text[]))
                                                         Rows Removed by Filter: 4
                                                         Buffers: shared hit=1
                                       ->  Index Scan using movie_id_movie_info on movie_info mi1  (cost=0.43..42.96 rows=1 width=8) (actual time=0.089..0.090 rows=1 loops=30160)
                                             Index Cond: (movie_id = t.id)
                                             Filter: ((info_type_id = 3) AND ((info)::text = ANY ('{Action,Animation,Comedy,Drama,Western}'::text[])))
                                             Rows Removed by Filter: 9
                                             Buffers: shared hit=258253 read=30929
                     ->  Index Scan using movie_id_cast_info on cast_info ci  (cost=0.44..44.17 rows=38 width=12) (actual time=0.037..0.241 rows=22 loops=16760)
                           Index Cond: (movie_id = t.id)
                           Buffers: shared hit=370937 read=47553
               ->  Hash  (cost=1.15..1.15 rows=2 width=4) (actual time=0.030..0.031 rows=2 loops=1)
                     Buckets: 1024  Batches: 1  Memory Usage: 9kB
                     Buffers: shared hit=1
                     ->  Seq Scan on role_type rt  (cost=0.00..1.15 rows=2 width=4) (actual time=0.022..0.025 rows=2 loops=1)
                           Filter: ((role)::text = ANY ('{actor,composer}'::text[]))
                           Rows Removed by Filter: 10
                           Buffers: shared hit=1
         ->  Index Scan using name_pkey on name n  (cost=0.43..2.32 rows=1 width=4) (actual time=0.035..0.035 rows=1 loops=188898)
               Index Cond: (id = ci.person_id)
               Filter: ((gender)::text = 'm'::text)
               Rows Removed by Filter: 0
               Buffers: shared hit=739229 read=16363
 Planning:
   Buffers: shared hit=520 read=54
 Planning Time: 13.159 ms
 Execution Time: 21034.939 ms
(78 rows)

