                                                                                               QUERY PLAN                                                                                               
--------------------------------------------------------------------------------------------------------------------------------------------------------------------------------------------------------
 Aggregate  (cost=721641.77..721641.78 rows=1 width=8) (actual time=14005.734..14005.741 rows=1 loops=1)
   Buffers: shared hit=1311125 read=150922
   ->  Nested Loop  (cost=13062.51..721641.30 rows=187 width=0) (actual time=67.589..14005.234 rows=1197 loops=1)
         Buffers: shared hit=1311125 read=150922
         ->  Hash Join  (cost=13062.08..720975.60 rows=287 width=4) (actual time=38.911..13781.732 rows=6446 loops=1)
               Hash Cond: (ci.role_id = rt.id)
               Buffers: shared hit=1286993 read=149270
               ->  Nested Loop  (cost=13060.90..720968.32 rows=1720 width=8) (actual time=37.190..13740.742 rows=236372 loops=1)
                     Buffers: shared hit=1286992 read=149270
                     ->  Nested Loop  (cost=13060.46..715729.15 rows=120 width=12) (actual time=37.150..11057.576 rows=11250 loops=1)
                           Buffers: shared hit=1091516 read=83281
                           ->  Seq Scan on info_type it2  (cost=0.00..2.41 rows=1 width=4) (actual time=0.021..0.030 rows=1 loops=1)
                                 Filter: (id = 4)
                                 Rows Removed by Filter: 112
                                 Buffers: shared hit=1
                           ->  Nested Loop  (cost=13060.46..715725.54 rows=120 width=16) (actual time=37.128..11054.480 rows=11250 loops=1)
                                 Buffers: shared hit=1091515 read=83281
                                 ->  Seq Scan on info_type it1  (cost=0.00..2.41 rows=1 width=4) (actual time=0.006..0.016 rows=1 loops=1)
                                       Filter: (id = 3)
                                       Rows Removed by Filter: 112
                                       Buffers: shared hit=1
                                 ->  Nested Loop  (cost=13060.46..715721.93 rows=120 width=20) (actual time=37.119..11051.501 rows=11250 loops=1)
                                       Buffers: shared hit=1091514 read=83281
                                       ->  Hash Join  (cost=13060.03..506029.11 rows=4932 width=12) (actual time=37.005..7346.373 rows=44753 loops=1)
                                             Hash Cond: (t.kind_id = kt.id)
                                             Buffers: shared hit=735839 read=29838
                                             ->  Nested Loop  (cost=13058.89..505979.48 rows=11508 width=16) (actual time=36.973..7297.460 rows=176261 loops=1)
                                                   Buffers: shared hit=735838 read=29838
                                                   ->  Bitmap Heap Scan on movie_info mi2  (cost=13058.45..430357.51 rows=12346 width=8) (actual time=36.926..722.947 rows=195227 loops=1)
                                                         Recheck Cond: (info_type_id = 4)
                                                         Filter: ((info)::text = ANY ('{Dutch,French,German,Hebrew,Italian,Mandarin,Russian}'::text[]))
                                                         Rows Removed by Filter: 1103762
                                                         Heap Blocks: exact=8393
                                                         Buffers: shared hit=758 read=8654
                                                         ->  Bitmap Index Scan on info_type_id_movie_info  (cost=0.00..13055.37 rows=1221191 width=0) (actual time=34.396..34.396 rows=1298989 loops=1)
                                                               Index Cond: (info_type_id = 4)
                                                               Buffers: shared read=1019
                                                   ->  Memoize  (cost=0.44..6.21 rows=1 width=8) (actual time=0.033..0.033 rows=1 loops=195227)
                                                         Cache Key: mi2.movie_id
                                                         Cache Mode: logical
                                                         Hits: 6161  Misses: 189066  Evictions: 109180  Overflows: 0  Memory Usage: 8193kB
                                                         Buffers: shared hit=735080 read=21184
                                                         ->  Index Scan using title_pkey on title t  (cost=0.43..6.20 rows=1 width=8) (actual time=0.033..0.033 rows=1 loops=189066)
                                                               Index Cond: (id = mi2.movie_id)
                                                               Filter: ((production_year <= 2015) AND (1925 < production_year))
                                                               Rows Removed by Filter: 0
                                                               Buffers: shared hit=735080 read=21184
                                             ->  Hash  (cost=1.10..1.10 rows=3 width=4) (actual time=0.014..0.015 rows=3 loops=1)
                                                   Buckets: 1024  Batches: 1  Memory Usage: 9kB
                                                   Buffers: shared hit=1
                                                   ->  Seq Scan on kind_type kt  (cost=0.00..1.10 rows=3 width=4) (actual time=0.006..0.007 rows=3 loops=1)
                                                         Filter: ((kind)::text = ANY ('{"tv movie","tv series","video game"}'::text[]))
                                                         Rows Removed by Filter: 4
                                                         Buffers: shared hit=1
                                       ->  Index Scan using movie_id_movie_info on movie_info mi1  (cost=0.43..42.51 rows=1 width=8) (actual time=0.082..0.082 rows=0 loops=44753)
                                             Index Cond: (movie_id = t.id)
                                             Filter: ((info_type_id = 3) AND ((info)::text = ANY ('{Adventure,Crime,Fantasy,Music,Romance,Sci-Fi,Short,Thriller}'::text[])))
                                             Rows Removed by Filter: 8
                                             Buffers: shared hit=355675 read=53443
                     ->  Index Scan using movie_id_cast_info on cast_info ci  (cost=0.44..43.28 rows=38 width=12) (actual time=0.036..0.232 rows=21 loops=11250)
                           Index Cond: (movie_id = t.id)
                           Buffers: shared hit=195476 read=65989
               ->  Hash  (cost=1.15..1.15 rows=2 width=4) (actual time=0.027..0.028 rows=2 loops=1)
                     Buckets: 1024  Batches: 1  Memory Usage: 9kB
                     Buffers: shared hit=1
                     ->  Seq Scan on role_type rt  (cost=0.00..1.15 rows=2 width=4) (actual time=0.022..0.023 rows=2 loops=1)
                           Filter: ((role)::text = ANY ('{"costume designer","production designer"}'::text[]))
                           Rows Removed by Filter: 10
                           Buffers: shared hit=1
         ->  Index Scan using name_pkey on name n  (cost=0.43..2.32 rows=1 width=4) (actual time=0.034..0.034 rows=0 loops=6446)
               Index Cond: (id = ci.person_id)
               Filter: ((gender)::text = ANY ('{f,m}'::text[]))
               Rows Removed by Filter: 1
               Buffers: shared hit=24132 read=1652
 Planning:
   Buffers: shared hit=529 read=45
 Planning Time: 12.809 ms
 Execution Time: 14007.931 ms
(78 rows)

