                                                                                               QUERY PLAN                                                                                               
--------------------------------------------------------------------------------------------------------------------------------------------------------------------------------------------------------
 Aggregate  (cost=557805.69..557805.70 rows=1 width=8) (actual time=33111.008..33111.017 rows=1 loops=1)
   Buffers: shared hit=3061848 read=242538
   ->  Nested Loop  (cost=13062.59..557805.65 rows=15 width=0) (actual time=638.073..33071.392 rows=204418 loops=1)
         Buffers: shared hit=3061848 read=242538
         ->  Seq Scan on info_type it2  (cost=0.00..2.41 rows=1 width=4) (actual time=0.038..0.048 rows=1 loops=1)
               Filter: (id = 4)
               Rows Removed by Filter: 112
               Buffers: shared hit=1
         ->  Nested Loop  (cost=13062.59..557803.09 rows=15 width=4) (actual time=638.033..33026.697 rows=204418 loops=1)
               Buffers: shared hit=3061847 read=242538
               ->  Seq Scan on info_type it1  (cost=0.00..2.41 rows=1 width=4) (actual time=0.012..0.024 rows=1 loops=1)
                     Filter: (id = 3)
                     Rows Removed by Filter: 112
                     Buffers: shared hit=1
               ->  Nested Loop  (cost=13062.59..557800.53 rows=15 width=8) (actual time=638.018..32977.876 rows=204418 loops=1)
                     Buffers: shared hit=3061846 read=242538
                     ->  Hash Join  (cost=13062.16..557652.08 rows=64 width=12) (actual time=637.967..23332.485 rows=258026 loops=1)
                           Hash Cond: (ci.role_id = rt.id)
                           Buffers: shared hit=2067702 read=204578
                           ->  Nested Loop  (cost=13060.98..557649.53 rows=387 width=16) (actual time=637.808..23068.126 rows=926993 loops=1)
                                 Buffers: shared hit=2067701 read=204578
                                 ->  Nested Loop  (cost=13060.54..556451.43 rows=27 width=20) (actual time=637.755..12709.675 rows=40638 loops=1)
                                       Buffers: shared hit=1157107 read=86524
                                       ->  Hash Join  (cost=13060.11..522653.31 rows=786 width=12) (actual time=637.520..8141.739 rows=48112 loops=1)
                                             Hash Cond: (t.kind_id = kt.id)
                                             Buffers: shared hit=755034 read=29535
                                             ->  Nested Loop  (cost=13058.99..522640.61 rows=2752 width=16) (actual time=37.570..8113.775 rows=55678 loops=1)
                                                   Buffers: shared hit=755033 read=29535
                                                   ->  Bitmap Heap Scan on movie_info mi2  (cost=13058.55..445386.79 rows=12743 width=8) (actual time=36.574..847.596 rows=196417 loops=1)
                                                         Recheck Cond: (info_type_id = 4)
                                                         Filter: ((info)::text = ANY ('{Filipino,Finnish,French,Greek,Hindi,Spanish,Telugu,Turkish}'::text[]))
                                                         Rows Removed by Filter: 1102572
                                                         Heap Blocks: exact=8393
                                                         Buffers: shared hit=2881 read=6531
                                                         ->  Bitmap Index Scan on info_type_id_movie_info  (cost=0.00..13055.37 rows=1221191 width=0) (actual time=34.046..34.046 rows=1298989 loops=1)
                                                               Index Cond: (info_type_id = 4)
                                                               Buffers: shared hit=1019
                                                   ->  Memoize  (cost=0.44..6.15 rows=1 width=8) (actual time=0.037..0.037 rows=0 loops=196417)
                                                         Cache Key: mi2.movie_id
                                                         Cache Mode: logical
                                                         Hits: 2628  Misses: 193789  Evictions: 86752  Overflows: 0  Memory Usage: 8193kB
                                                         Buffers: shared hit=752152 read=23004
                                                         ->  Index Scan using title_pkey on title t  (cost=0.43..6.14 rows=1 width=8) (actual time=0.036..0.036 rows=0 loops=193789)
                                                               Index Cond: (id = mi2.movie_id)
                                                               Filter: ((production_year <= 1990) AND (1950 < production_year))
                                                               Rows Removed by Filter: 1
                                                               Buffers: shared hit=752152 read=23004
                                             ->  Hash  (cost=1.09..1.09 rows=2 width=4) (actual time=0.015..0.016 rows=2 loops=1)
                                                   Buckets: 1024  Batches: 1  Memory Usage: 9kB
                                                   Buffers: shared hit=1
                                                   ->  Seq Scan on kind_type kt  (cost=0.00..1.09 rows=2 width=4) (actual time=0.008..0.009 rows=2 loops=1)
                                                         Filter: ((kind)::text = ANY ('{movie,"tv movie"}'::text[]))
                                                         Rows Removed by Filter: 5
                                                         Buffers: shared hit=1
                                       ->  Index Scan using movie_id_movie_info on movie_info mi1  (cost=0.43..42.99 rows=1 width=8) (actual time=0.093..0.094 rows=1 loops=48112)
                                             Index Cond: (movie_id = t.id)
                                             Filter: ((info_type_id = 3) AND ((info)::text = ANY ('{Action,Adult,Adventure,Comedy,Documentary,Drama,Romance,Thriller}'::text[])))
                                             Rows Removed by Filter: 9
                                             Buffers: shared hit=402073 read=56989
                                 ->  Index Scan using movie_id_cast_info on cast_info ci  (cost=0.44..43.99 rows=38 width=12) (actual time=0.038..0.247 rows=23 loops=40638)
                                       Index Cond: (movie_id = t.id)
                                       Buffers: shared hit=910594 read=118054
                           ->  Hash  (cost=1.15..1.15 rows=2 width=4) (actual time=0.021..0.022 rows=2 loops=1)
                                 Buckets: 1024  Batches: 1  Memory Usage: 9kB
                                 Buffers: shared hit=1
                                 ->  Seq Scan on role_type rt  (cost=0.00..1.15 rows=2 width=4) (actual time=0.010..0.013 rows=2 loops=1)
                                       Filter: ((role)::text = ANY ('{actress,"miscellaneous crew"}'::text[]))
                                       Rows Removed by Filter: 10
                                       Buffers: shared hit=1
                     ->  Index Scan using name_pkey on name n  (cost=0.43..2.32 rows=1 width=4) (actual time=0.037..0.037 rows=1 loops=258026)
                           Index Cond: (id = ci.person_id)
                           Filter: ((gender)::text = 'f'::text)
                           Rows Removed by Filter: 0
                           Buffers: shared hit=994144 read=37960
 Planning:
   Buffers: shared hit=574
 Planning Time: 14.231 ms
 Execution Time: 33113.469 ms
(78 rows)

