                                                                                               QUERY PLAN                                                                                               
--------------------------------------------------------------------------------------------------------------------------------------------------------------------------------------------------------
 Aggregate  (cost=732134.95..732134.96 rows=1 width=8) (actual time=57105.066..57105.073 rows=1 loops=1)
   Buffers: shared hit=5426444 read=529086
   ->  Nested Loop  (cost=13062.81..732134.55 rows=162 width=0) (actual time=47.363..57019.591 rows=531781 loops=1)
         Buffers: shared hit=5426444 read=529086
         ->  Hash Join  (cost=13062.38..731236.89 rows=387 width=4) (actual time=47.320..36684.389 rows=567642 loops=1)
               Hash Cond: (ci.role_id = rt.id)
               Buffers: shared hit=3218015 read=466947
               ->  Nested Loop  (cost=13061.20..731227.47 rows=2322 width=8) (actual time=47.272..36259.689 rows=1568161 loops=1)
                     Buffers: shared hit=3218014 read=466947
                     ->  Nested Loop  (cost=13060.76..724142.31 rows=162 width=12) (actual time=47.228..18768.331 rows=78202 loops=1)
                           Buffers: shared hit=1776530 read=150159
                           ->  Seq Scan on info_type it2  (cost=0.00..2.41 rows=1 width=4) (actual time=0.019..0.029 rows=1 loops=1)
                                 Filter: (id = 4)
                                 Rows Removed by Filter: 112
                                 Buffers: shared hit=1
                           ->  Nested Loop  (cost=13060.76..724138.27 rows=162 width=16) (actual time=47.208..18748.744 rows=78202 loops=1)
                                 Buffers: shared hit=1776529 read=150159
                                 ->  Seq Scan on info_type it1  (cost=0.00..2.41 rows=1 width=4) (actual time=0.006..0.018 rows=1 loops=1)
                                       Filter: (id = 3)
                                       Rows Removed by Filter: 112
                                       Buffers: shared hit=1
                                 ->  Nested Loop  (cost=13060.76..724134.24 rows=162 width=20) (actual time=47.200..18727.522 rows=78202 loops=1)
                                       Buffers: shared hit=1776528 read=150159
                                       ->  Hash Join  (cost=13060.31..555651.35 rows=3975 width=12) (actual time=38.046..9264.556 rows=104227 loops=1)
                                             Hash Cond: (t.kind_id = kt.id)
                                             Buffers: shared hit=857586 read=48471
                                             ->  Nested Loop  (cost=13059.17..555611.13 rows=9276 width=16) (actual time=37.940..9202.523 rows=136775 loops=1)
                                                   Buffers: shared hit=857585 read=48471
                                                   ->  Bitmap Heap Scan on movie_info mi2  (cost=13058.73..475445.33 rows=13457 width=8) (actual time=37.894..923.039 rows=230060 loops=1)
                                                         Recheck Cond: (info_type_id = 4)
                                                         Filter: ((info)::text = ANY ('{Arabic,Dutch,French,German,Hindi,Hungarian,Japanese,Mandarin,Polish,Swedish}'::text[]))
                                                         Rows Removed by Filter: 1068929
                                                         Heap Blocks: exact=8393
                                                         Buffers: shared hit=92 read=9320
                                                         ->  Bitmap Index Scan on info_type_id_movie_info  (cost=0.00..13055.37 rows=1221191 width=0) (actual time=35.139..35.139 rows=1298989 loops=1)
                                                               Index Cond: (info_type_id = 4)
                                                               Buffers: shared read=1019
                                                   ->  Memoize  (cost=0.44..6.05 rows=1 width=8) (actual time=0.035..0.035 rows=1 loops=230060)
                                                         Cache Key: mi2.movie_id
                                                         Cache Mode: logical
                                                         Hits: 5899  Misses: 224161  Evictions: 133805  Overflows: 0  Memory Usage: 8193kB
                                                         Buffers: shared hit=857493 read=39151
                                                         ->  Index Scan using title_pkey on title t  (cost=0.43..6.04 rows=1 width=8) (actual time=0.035..0.035 rows=1 loops=224161)
                                                               Index Cond: (id = mi2.movie_id)
                                                               Filter: ((production_year <= 2015) AND (1990 < production_year))
                                                               Rows Removed by Filter: 0
                                                               Buffers: shared hit=857493 read=39151
                                             ->  Hash  (cost=1.10..1.10 rows=3 width=4) (actual time=0.012..0.013 rows=3 loops=1)
                                                   Buckets: 1024  Batches: 1  Memory Usage: 9kB
                                                   Buffers: shared hit=1
                                                   ->  Seq Scan on kind_type kt  (cost=0.00..1.10 rows=3 width=4) (actual time=0.007..0.008 rows=3 loops=1)
                                                         Filter: ((kind)::text = ANY ('{episode,movie,"video movie"}'::text[]))
                                                         Rows Removed by Filter: 4
                                                         Buffers: shared hit=1
                                       ->  Index Scan using movie_id_movie_info on movie_info mi1  (cost=0.46..42.38 rows=1 width=8) (actual time=0.090..0.090 rows=1 loops=104227)
                                             Index Cond: (movie_id = t.id)
                                             Filter: ((info_type_id = 3) AND ((info)::text = ANY ('{Action,Adult,Animation,Documentary,Drama,History,Mystery,Romance,Short}'::text[])))
                                             Rows Removed by Filter: 11
                                             Buffers: shared hit=918942 read=101688
                     ->  Index Scan using movie_id_cast_info on cast_info ci  (cost=0.44..43.36 rows=38 width=12) (actual time=0.037..0.217 rows=20 loops=78202)
                           Index Cond: (movie_id = t.id)
                           Buffers: shared hit=1441484 read=316788
               ->  Hash  (cost=1.15..1.15 rows=2 width=4) (actual time=0.030..0.031 rows=2 loops=1)
                     Buckets: 1024  Batches: 1  Memory Usage: 9kB
                     Buffers: shared hit=1
                     ->  Seq Scan on role_type rt  (cost=0.00..1.15 rows=2 width=4) (actual time=0.021..0.024 rows=2 loops=1)
                           Filter: ((role)::text = ANY ('{actor,composer}'::text[]))
                           Rows Removed by Filter: 10
                           Buffers: shared hit=1
         ->  Index Scan using name_pkey on name n  (cost=0.43..2.32 rows=1 width=4) (actual time=0.035..0.035 rows=1 loops=567642)
               Index Cond: (id = ci.person_id)
               Filter: ((gender)::text = 'm'::text)
               Rows Removed by Filter: 0
               Buffers: shared hit=2208429 read=62139
 Planning:
   Buffers: shared hit=487 read=90
 Planning Time: 13.308 ms
 Execution Time: 57107.427 ms
(78 rows)

