                                                                                            QUERY PLAN                                                                                            
--------------------------------------------------------------------------------------------------------------------------------------------------------------------------------------------------
 Aggregate  (cost=755941.49..755941.50 rows=1 width=8) (actual time=2369.393..2369.401 rows=1 loops=1)
   Buffers: shared hit=137078 read=84260
   ->  Nested Loop  (cost=90780.23..755941.24 rows=100 width=0) (actual time=484.076..2369.364 rows=43 loops=1)
         Buffers: shared hit=137078 read=84260
         ->  Seq Scan on info_type it2  (cost=0.00..2.41 rows=1 width=4) (actual time=0.048..0.056 rows=1 loops=1)
               Filter: (id = 4)
               Rows Removed by Filter: 112
               Buffers: shared hit=1
         ->  Nested Loop  (cost=90780.23..755937.83 rows=100 width=4) (actual time=484.026..2369.290 rows=43 loops=1)
               Buffers: shared hit=137077 read=84260
               ->  Seq Scan on info_type it1  (cost=0.00..2.41 rows=1 width=4) (actual time=0.010..0.019 rows=1 loops=1)
                     Filter: (id = 3)
                     Rows Removed by Filter: 112
                     Buffers: shared hit=1
               ->  Nested Loop  (cost=90780.23..755934.42 rows=100 width=8) (actual time=484.012..2369.248 rows=43 loops=1)
                     Buffers: shared hit=137076 read=84260
                     ->  Hash Join  (cost=90779.80..755382.37 rows=238 width=12) (actual time=420.306..2359.884 rows=286 loops=1)
                           Hash Cond: (ci.role_id = rt.id)
                           Buffers: shared hit=136156 read=84036
                           ->  Nested Loop  (cost=90778.64..755371.08 rows=2852 width=16) (actual time=418.907..2352.416 rows=61501 loops=1)
                                 Buffers: shared hit=136155 read=84036
                                 ->  Nested Loop  (cost=90778.20..746440.07 rows=199 width=20) (actual time=418.874..1613.421 rows=6732 loops=1)
                                       Buffers: shared hit=79331 read=60668
                                       ->  Hash Join  (cost=90777.74..538484.71 rows=4818 width=12) (actual time=418.702..872.976 rows=9496 loops=1)
                                             Hash Cond: (mi2.movie_id = t.id)
                                             Buffers: shared hit=6700 read=39104
                                             ->  Bitmap Heap Scan on movie_info mi2  (cost=13075.46..460432.88 rows=80366 width=8) (actual time=36.655..369.650 rows=1042193 loops=1)
                                                   Recheck Cond: (info_type_id = 4)
                                                   Filter: ((info)::text = ANY ('{English,French,German,Greek,Mandarin,None,Portuguese,Spanish,Turkish}'::text[]))
                                                   Rows Removed by Filter: 256796
                                                   Heap Blocks: exact=8393
                                                   Buffers: shared hit=2 read=9410
                                                   ->  Bitmap Index Scan on info_type_id_movie_info  (cost=0.00..13055.37 rows=1221191 width=0) (actual time=35.610..35.610 rows=1298989 loops=1)
                                                         Index Cond: (info_type_id = 4)
                                                         Buffers: shared read=1019
                                             ->  Hash  (cost=75807.58..75807.58 rows=151576 width=4) (actual time=379.252..379.254 rows=11843 loops=1)
                                                   Buckets: 262144  Batches: 1  Memory Usage: 2465kB
                                                   Buffers: shared hit=6698 read=29694
                                                   ->  Hash Join  (cost=1.13..75807.58 rows=151576 width=4) (actual time=0.134..376.175 rows=11843 loops=1)
                                                         Hash Cond: (t.kind_id = kt.id)
                                                         Buffers: shared hit=6698 read=29694
                                                         ->  Seq Scan on title t  (cost=0.00..74315.95 rows=353677 width=8) (actual time=0.024..355.817 rows=347589 loops=1)
                                                               Filter: ((production_year <= 1975) AND (1925 < production_year))
                                                               Rows Removed by Filter: 2180723
                                                               Buffers: shared hit=6697 read=29694
                                                         ->  Hash  (cost=1.10..1.10 rows=3 width=4) (actual time=0.015..0.016 rows=3 loops=1)
                                                               Buckets: 1024  Batches: 1  Memory Usage: 9kB
                                                               Buffers: shared hit=1
                                                               ->  Seq Scan on kind_type kt  (cost=0.00..1.10 rows=3 width=4) (actual time=0.008..0.009 rows=3 loops=1)
                                                                     Filter: ((kind)::text = ANY ('{"tv series","video game","video movie"}'::text[]))
                                                                     Rows Removed by Filter: 4
                                                                     Buffers: shared hit=1
                                       ->  Index Scan using movie_id_movie_info on movie_info mi1  (cost=0.46..43.15 rows=1 width=8) (actual time=0.076..0.078 rows=1 loops=9496)
                                             Index Cond: (movie_id = t.id)
                                             Filter: ((info_type_id = 3) AND ((info)::text = ANY ('{Action,Adventure,Biography,Comedy,Crime,Drama,Music,Musical,Romance,Short}'::text[])))
                                             Rows Removed by Filter: 10
                                             Buffers: shared hit=72631 read=21564
                                 ->  Index Scan using movie_id_cast_info on cast_info ci  (cost=0.44..44.50 rows=38 width=12) (actual time=0.031..0.108 rows=9 loops=6732)
                                       Index Cond: (movie_id = t.id)
                                       Buffers: shared hit=56824 read=23368
                           ->  Hash  (cost=1.15..1.15 rows=1 width=4) (actual time=0.022..0.022 rows=1 loops=1)
                                 Buckets: 1024  Batches: 1  Memory Usage: 9kB
                                 Buffers: shared hit=1
                                 ->  Seq Scan on role_type rt  (cost=0.00..1.15 rows=1 width=4) (actual time=0.015..0.016 rows=1 loops=1)
                                       Filter: ((role)::text = 'production designer'::text)
                                       Rows Removed by Filter: 11
                                       Buffers: shared hit=1
                     ->  Index Scan using name_pkey on name n  (cost=0.43..2.32 rows=1 width=4) (actual time=0.032..0.032 rows=0 loops=286)
                           Index Cond: (id = ci.person_id)
                           Filter: ((gender)::text = 'm'::text)
                           Rows Removed by Filter: 1
                           Buffers: shared hit=920 read=224
 Planning:
   Buffers: shared hit=488 read=89
 Planning Time: 14.296 ms
 Execution Time: 2370.192 ms
(76 rows)

