                                                                                               QUERY PLAN                                                                                               
--------------------------------------------------------------------------------------------------------------------------------------------------------------------------------------------------------
 Aggregate  (cost=1040311.75..1040311.76 rows=1 width=8) (actual time=21574.384..21574.394 rows=1 loops=1)
   Buffers: shared hit=1784927 read=382985, temp read=3072 written=3072
   ->  Nested Loop  (cost=546781.60..1040309.42 rows=931 width=0) (actual time=1225.929..21566.293 rows=40743 loops=1)
         Buffers: shared hit=1784927 read=382985, temp read=3072 written=3072
         ->  Seq Scan on info_type it2  (cost=0.00..2.41 rows=1 width=4) (actual time=0.043..0.054 rows=1 loops=1)
               Filter: (id = 4)
               Rows Removed by Filter: 112
               Buffers: shared hit=1
         ->  Nested Loop  (cost=546781.60..1040297.70 rows=931 width=4) (actual time=1225.884..21558.190 rows=40743 loops=1)
               Buffers: shared hit=1784926 read=382985, temp read=3072 written=3072
               ->  Seq Scan on info_type it1  (cost=0.00..2.41 rows=1 width=4) (actual time=0.012..0.025 rows=1 loops=1)
                     Filter: (id = 3)
                     Rows Removed by Filter: 112
                     Buffers: shared hit=1
               ->  Nested Loop  (cost=546781.60..1040285.97 rows=931 width=8) (actual time=1225.868..21549.469 rows=40743 loops=1)
                     Buffers: shared hit=1784925 read=382985, temp read=3072 written=3072
                     ->  Hash Join  (cost=546781.17..1035138.96 rows=2219 width=12) (actual time=1224.913..15905.652 rows=168799 loops=1)
                           Hash Cond: (ci.role_id = rt.id)
                           Buffers: shared hit=1150407 read=342307, temp read=3072 written=3072
                           ->  Nested Loop  (cost=546780.00..1035090.48 rows=13316 width=16) (actual time=1224.866..15656.063 rows=1318812 loops=1)
                                 Buffers: shared hit=1150406 read=342307, temp read=3072 written=3072
                                 ->  Hash Join  (cost=546779.56..994460.16 rows=929 width=20) (actual time=1224.829..2108.555 rows=59854 loops=1)
                                       Hash Cond: (mi2.movie_id = t.id)
                                       Buffers: shared hit=30056 read=26723, temp read=3072 written=3072
                                       ->  Bitmap Heap Scan on movie_info mi2  (cost=13076.29..460433.71 rows=83704 width=8) (actual time=36.050..609.724 rows=1083050 loops=1)
                                             Recheck Cond: (info_type_id = 4)
                                             Filter: ((info)::text = ANY ('{English,French,German,Italian,Japanese,Korean,Mandarin,None,Spanish}'::text[]))
                                             Rows Removed by Filter: 215939
                                             Heap Blocks: exact=8393
                                             Buffers: shared hit=2 read=9410
                                             ->  Bitmap Index Scan on info_type_id_movie_info  (cost=0.00..13055.37 rows=1221191 width=0) (actual time=35.017..35.017 rows=1298989 loops=1)
                                                   Index Cond: (info_type_id = 4)
                                                   Buffers: shared read=1019
                                       ->  Hash  (cost=533352.33..533352.33 rows=28075 width=12) (actual time=1187.199..1187.204 rows=67568 loops=1)
                                             Buckets: 131072 (originally 32768)  Batches: 1 (originally 1)  Memory Usage: 3928kB
                                             Buffers: shared hit=30054 read=17313, temp read=3072 written=3072
                                             ->  Hash Join  (cost=110387.85..533352.33 rows=28075 width=12) (actual time=592.471..1175.413 rows=67568 loops=1)
                                                   Hash Cond: (mi1.movie_id = t.id)
                                                   Buffers: shared hit=30054 read=17313, temp read=3072 written=3072
                                                   ->  Bitmap Heap Scan on movie_info mi1  (cost=16472.23..435137.56 rows=95039 width=8) (actual time=37.645..428.578 rows=906466 loops=1)
                                                         Recheck Cond: (info_type_id = 3)
                                                         Filter: ((info)::text = ANY ('{Action,Adult,Documentary,Drama,Musical,Sci-Fi,Short}'::text[]))
                                                         Rows Removed by Filter: 627443
                                                         Heap Blocks: exact=9772
                                                         Buffers: shared hit=3106 read=7869
                                                         ->  Bitmap Index Scan on info_type_id_movie_info  (cost=0.00..16448.47 rows=1538671 width=0) (actual time=36.457..36.457 rows=1533909 loops=1)
                                                               Index Cond: (info_type_id = 3)
                                                               Buffers: shared hit=1 read=1202
                                                   ->  Hash  (cost=81661.50..81661.50 rows=746890 width=4) (actual time=553.693..553.696 rows=138444 loops=1)
                                                         Buckets: 262144  Batches: 8  Memory Usage: 2656kB
                                                         Buffers: shared hit=26948 read=9444, temp written=350
                                                         ->  Hash Join  (cost=1.13..81661.50 rows=746890 width=4) (actual time=0.047..533.990 rows=138444 loops=1)
                                                               Hash Cond: (t.kind_id = kt.id)
                                                               Buffers: shared hit=26948 read=9444
                                                               ->  Seq Scan on title t  (cost=0.00..74315.95 rows=1742744 width=8) (actual time=0.023..432.250 rows=1748995 loops=1)
                                                                     Filter: ((production_year <= 2015) AND (1990 < production_year))
                                                                     Rows Removed by Filter: 779317
                                                                     Buffers: shared hit=26947 read=9444
                                                               ->  Hash  (cost=1.10..1.10 rows=3 width=4) (actual time=0.014..0.015 rows=3 loops=1)
                                                                     Buckets: 1024  Batches: 1  Memory Usage: 9kB
                                                                     Buffers: shared hit=1
                                                                     ->  Seq Scan on kind_type kt  (cost=0.00..1.10 rows=3 width=4) (actual time=0.009..0.010 rows=3 loops=1)
                                                                           Filter: ((kind)::text = ANY ('{"tv movie","tv series","video game"}'::text[]))
                                                                           Rows Removed by Filter: 4
                                                                           Buffers: shared hit=1
                                 ->  Index Scan using movie_id_cast_info on cast_info ci  (cost=0.44..43.36 rows=38 width=12) (actual time=0.033..0.220 rows=22 loops=59854)
                                       Index Cond: (movie_id = t.id)
                                       Buffers: shared hit=1120350 read=315584
                           ->  Hash  (cost=1.15..1.15 rows=2 width=4) (actual time=0.022..0.023 rows=2 loops=1)
                                 Buckets: 1024  Batches: 1  Memory Usage: 9kB
                                 Buffers: shared hit=1
                                 ->  Seq Scan on role_type rt  (cost=0.00..1.15 rows=2 width=4) (actual time=0.011..0.013 rows=2 loops=1)
                                       Filter: ((role)::text = ANY ('{cinematographer,producer}'::text[]))
                                       Rows Removed by Filter: 10
                                       Buffers: shared hit=1
                     ->  Index Scan using name_pkey on name n  (cost=0.43..2.32 rows=1 width=4) (actual time=0.033..0.033 rows=0 loops=168799)
                           Index Cond: (id = ci.person_id)
                           Filter: ((gender)::text = 'm'::text)
                           Rows Removed by Filter: 1
                           Buffers: shared hit=634518 read=40678
 Planning:
   Buffers: shared hit=520 read=54
 Planning Time: 13.466 ms
 Execution Time: 21575.961 ms
(84 rows)

