                                                                                                  QUERY PLAN                                                                                                  
--------------------------------------------------------------------------------------------------------------------------------------------------------------------------------------------------------------
 Aggregate  (cost=989636.34..989636.35 rows=1 width=8) (actual time=34528.324..34528.332 rows=1 loops=1)
   Buffers: shared hit=3234498 read=255654, temp read=7839 written=7256
   ->  Nested Loop  (cost=893320.12..989633.54 rows=1120 width=0) (actual time=1162.154..34525.118 rows=9110 loops=1)
         Buffers: shared hit=3234498 read=255654, temp read=7839 written=7256
         ->  Hash Join  (cost=893319.69..985648.60 rows=1718 width=4) (actual time=1162.124..33442.017 rows=28857 loops=1)
               Hash Cond: (ci.role_id = rt.id)
               Buffers: shared hit=3128103 read=246621, temp read=7839 written=7256
               ->  Nested Loop  (cost=893318.52..985610.82 rows=10306 width=8) (actual time=1161.948..33229.210 rows=1157887 loops=1)
                     Buffers: shared hit=3128102 read=246621, temp read=7839 written=7256
                     ->  Nested Loop  (cost=893318.08..954164.96 rows=719 width=12) (actual time=1161.925..20875.040 rows=51354 loops=1)
                           Buffers: shared hit=2084178 read=52427, temp read=7839 written=7256
                           ->  Nested Loop  (cost=893318.08..954153.56 rows=719 width=16) (actual time=1161.915..20837.290 rows=51354 loops=1)
                                 Buffers: shared hit=2084177 read=52427, temp read=7839 written=7256
                                 ->  Nested Loop  (cost=893318.08..954142.16 rows=719 width=20) (actual time=1161.895..20800.332 rows=51354 loops=1)
                                       Buffers: shared hit=2084176 read=52427, temp read=7839 written=7256
                                       ->  Nested Loop  (cost=893317.93..954100.95 rows=1678 width=24) (actual time=1161.879..20519.910 rows=378564 loops=1)
                                             Join Filter: (t.id = mi1.movie_id)
                                             Buffers: shared hit=2084164 read=52427, temp read=7839 written=7256
                                             ->  Merge Join  (cost=893317.50..894282.34 rows=17902 width=16) (actual time=1161.822..1995.530 rows=529051 loops=1)
                                                   Merge Cond: (mi1.movie_id = mi2.movie_id)
                                                   Buffers: shared hit=1292 read=19095, temp read=7839 written=7256
                                                   ->  Sort  (cost=441113.51..441298.41 rows=73959 width=8) (actual time=565.277..726.866 rows=691766 loops=1)
                                                         Sort Key: mi1.movie_id
                                                         Sort Method: external merge  Disk: 12224kB
                                                         Buffers: shared hit=1 read=10974, temp read=1528 written=1537
                                                         ->  Bitmap Heap Scan on movie_info mi1  (cost=16466.96..435132.29 rows=73959 width=8) (actual time=42.521..443.533 rows=691766 loops=1)
                                                               Recheck Cond: (info_type_id = 3)
                                                               Filter: ((info)::text = ANY ('{Action,Adventure,Documentary,Horror,Mystery,Short,Thriller}'::text[]))
                                                               Rows Removed by Filter: 842143
                                                               Heap Blocks: exact=9772
                                                               Buffers: shared hit=1 read=10974
                                                               ->  Bitmap Index Scan on info_type_id_movie_info  (cost=0.00..16448.47 rows=1538671 width=0) (actual time=41.322..41.322 rows=1533909 loops=1)
                                                                     Index Cond: (info_type_id = 3)
                                                                     Buffers: shared read=1203
                                                   ->  Sort  (cost=452203.99..452412.00 rows=83204 width=8) (actual time=596.535..813.708 rows=1173297 loops=1)
                                                         Sort Key: mi2.movie_id
                                                         Sort Method: external sort  Disk: 22864kB
                                                         Buffers: shared hit=1291 read=8121, temp read=6008 written=5719
                                                         ->  Bitmap Heap Scan on movie_info mi2  (cost=13076.17..445404.41 rows=83204 width=8) (actual time=31.664..341.260 rows=1057985 loops=1)
                                                               Recheck Cond: (info_type_id = 4)
                                                               Filter: ((info)::text = ANY ('{Danish,Dutch,English,German,Italian,Japanese,Portuguese,Spanish}'::text[]))
                                                               Rows Removed by Filter: 241004
                                                               Heap Blocks: exact=8393
                                                               Buffers: shared hit=1291 read=8121
                                                               ->  Bitmap Index Scan on info_type_id_movie_info  (cost=0.00..13055.37 rows=1221191 width=0) (actual time=30.621..30.621 rows=1298989 loops=1)
                                                                     Index Cond: (info_type_id = 4)
                                                                     Buffers: shared hit=1 read=1018
                                             ->  Index Scan using title_pkey on title t  (cost=0.43..3.33 rows=1 width=8) (actual time=0.034..0.034 rows=1 loops=529051)
                                                   Index Cond: (id = mi2.movie_id)
                                                   Filter: ((production_year <= 2015) AND (1990 < production_year))
                                                   Rows Removed by Filter: 0
                                                   Buffers: shared hit=2082872 read=33332
                                       ->  Memoize  (cost=0.14..0.16 rows=1 width=4) (actual time=0.000..0.000 rows=0 loops=378564)
                                             Cache Key: t.kind_id
                                             Cache Mode: logical
                                             Hits: 378558  Misses: 6  Evictions: 0  Overflows: 0  Memory Usage: 1kB
                                             Buffers: shared hit=12
                                             ->  Index Scan using kind_type_pkey on kind_type kt  (cost=0.13..0.15 rows=1 width=4) (actual time=0.011..0.011 rows=0 loops=6)
                                                   Index Cond: (id = t.kind_id)
                                                   Filter: ((kind)::text = ANY ('{"tv movie","tv series","video game"}'::text[]))
                                                   Rows Removed by Filter: 0
                                                   Buffers: shared hit=12
                                 ->  Materialize  (cost=0.00..2.42 rows=1 width=4) (actual time=0.000..0.000 rows=1 loops=51354)
                                       Buffers: shared hit=1
                                       ->  Seq Scan on info_type it1  (cost=0.00..2.41 rows=1 width=4) (actual time=0.017..0.021 rows=1 loops=1)
                                             Filter: (id = 3)
                                             Rows Removed by Filter: 112
                                             Buffers: shared hit=1
                           ->  Materialize  (cost=0.00..2.42 rows=1 width=4) (actual time=0.000..0.000 rows=1 loops=51354)
                                 Buffers: shared hit=1
                                 ->  Seq Scan on info_type it2  (cost=0.00..2.41 rows=1 width=4) (actual time=0.008..0.013 rows=1 loops=1)
                                       Filter: (id = 4)
                                       Rows Removed by Filter: 112
                                       Buffers: shared hit=1
                     ->  Index Scan using movie_id_cast_info on cast_info ci  (cost=0.44..43.36 rows=38 width=12) (actual time=0.037..0.234 rows=23 loops=51354)
                           Index Cond: (movie_id = t.id)
                           Buffers: shared hit=1043924 read=194194
               ->  Hash  (cost=1.15..1.15 rows=2 width=4) (actual time=0.039..0.040 rows=2 loops=1)
                     Buckets: 1024  Batches: 1  Memory Usage: 9kB
                     Buffers: shared hit=1
                     ->  Seq Scan on role_type rt  (cost=0.00..1.15 rows=2 width=4) (actual time=0.027..0.029 rows=2 loops=1)
                           Filter: ((role)::text = ANY ('{composer,"production designer"}'::text[]))
                           Rows Removed by Filter: 10
                           Buffers: shared hit=1
         ->  Index Scan using name_pkey on name n  (cost=0.43..2.32 rows=1 width=4) (actual time=0.037..0.037 rows=0 loops=28857)
               Index Cond: (id = ci.person_id)
               Filter: ((gender)::text = ANY ('{f,m}'::text[]))
               Rows Removed by Filter: 1
               Buffers: shared hit=106395 read=9033
 Planning:
   Buffers: shared hit=481 read=93
 Planning Time: 13.691 ms
 Execution Time: 34539.454 ms
(93 rows)

