                                                                                            QUERY PLAN                                                                                            
--------------------------------------------------------------------------------------------------------------------------------------------------------------------------------------------------
 Aggregate  (cost=665073.48..665073.49 rows=1 width=8) (actual time=20135.060..20135.071 rows=1 loops=1)
   Buffers: shared hit=1769589 read=253053, temp read=1996 written=1996
   ->  Nested Loop  (cost=92252.56..665073.42 rows=26 width=0) (actual time=622.975..20123.935 rows=67035 loops=1)
         Buffers: shared hit=1769589 read=253053, temp read=1996 written=1996
         ->  Seq Scan on info_type it2  (cost=0.00..2.41 rows=1 width=4) (actual time=0.037..0.050 rows=1 loops=1)
               Filter: (id = 4)
               Rows Removed by Filter: 112
               Buffers: shared read=1
         ->  Nested Loop  (cost=92252.56..665070.74 rows=26 width=4) (actual time=622.936..20112.211 rows=67035 loops=1)
               Buffers: shared hit=1769589 read=253052, temp read=1996 written=1996
               ->  Seq Scan on info_type it1  (cost=0.00..2.41 rows=1 width=4) (actual time=0.009..0.025 rows=1 loops=1)
                     Filter: (id = 3)
                     Rows Removed by Filter: 112
                     Buffers: shared hit=1
               ->  Nested Loop  (cost=92252.56..665068.07 rows=26 width=8) (actual time=622.923..20099.569 rows=67035 loops=1)
                     Buffers: shared hit=1769588 read=253052, temp read=1996 written=1996
                     ->  Hash Join  (cost=92252.13..664803.65 rows=114 width=12) (actual time=622.845..17810.972 rows=67084 loops=1)
                           Hash Cond: (ci.role_id = rt.id)
                           Buffers: shared hit=1518369 read=235935, temp read=1996 written=1996
                           ->  Nested Loop  (cost=92250.96..664797.64 rows=1362 width=16) (actual time=622.632..17740.565 rows=336753 loops=1)
                                 Buffers: shared hit=1518368 read=235935, temp read=1996 written=1996
                                 ->  Nested Loop  (cost=92250.52..660582.11 rows=95 width=20) (actual time=622.551..14035.514 rows=15648 loops=1)
                                       Buffers: shared hit=1234350 read=141728, temp read=1996 written=1996
                                       ->  Hash Join  (cost=92250.09..480926.86 rows=4183 width=12) (actual time=537.988..1554.519 rows=137199 loops=1)
                                             Hash Cond: (mi2.movie_id = t.id)
                                             Buffers: shared hit=10014 read=35790, temp read=1996 written=1996
                                             ->  Bitmap Heap Scan on movie_info mi2  (cost=13072.32..400313.02 rows=67798 width=8) (actual time=37.279..547.797 rows=869347 loops=1)
                                                   Recheck Cond: (info_type_id = 4)
                                                   Filter: ((info)::text = ANY ('{English,Filipino,German,Russian,Serbo-Croatian}'::text[]))
                                                   Rows Removed by Filter: 429642
                                                   Heap Blocks: exact=8393
                                                   Buffers: shared hit=6 read=9406
                                                   ->  Bitmap Index Scan on info_type_id_movie_info  (cost=0.00..13055.37 rows=1221191 width=0) (actual time=36.226..36.227 rows=1298989 loops=1)
                                                         Index Cond: (info_type_id = 4)
                                                         Buffers: shared read=1019
                                             ->  Hash  (cost=76617.91..76617.91 rows=155989 width=4) (actual time=499.648..499.652 rows=347340 loops=1)
                                                   Buckets: 262144  Batches: 2  Memory Usage: 8150kB
                                                   Buffers: shared hit=10008 read=26384, temp written=509
                                                   ->  Hash Join  (cost=1.11..76617.91 rows=155989 width=4) (actual time=0.041..442.869 rows=347340 loops=1)
                                                         Hash Cond: (t.kind_id = kt.id)
                                                         Buffers: shared hit=10008 read=26384
                                                         ->  Seq Scan on title t  (cost=0.00..74315.95 rows=545963 width=8) (actual time=0.022..390.697 rows=538239 loops=1)
                                                               Filter: ((production_year <= 1990) AND (1950 < production_year))
                                                               Rows Removed by Filter: 1990073
                                                               Buffers: shared hit=10007 read=26384
                                                         ->  Hash  (cost=1.09..1.09 rows=2 width=4) (actual time=0.014..0.015 rows=2 loops=1)
                                                               Buckets: 1024  Batches: 1  Memory Usage: 9kB
                                                               Buffers: shared hit=1
                                                               ->  Seq Scan on kind_type kt  (cost=0.00..1.09 rows=2 width=4) (actual time=0.007..0.008 rows=2 loops=1)
                                                                     Filter: ((kind)::text = ANY ('{episode,"tv movie"}'::text[]))
                                                                     Rows Removed by Filter: 5
                                                                     Buffers: shared hit=1
                                       ->  Index Scan using movie_id_movie_info on movie_info mi1  (cost=0.43..42.94 rows=1 width=8) (actual time=0.090..0.090 rows=0 loops=137199)
                                             Index Cond: (movie_id = t.id)
                                             Filter: ((info_type_id = 3) AND ((info)::text = ANY ('{Action,Biography,Crime,Documentary,Drama,Fantasy,Music}'::text[])))
                                             Rows Removed by Filter: 9
                                             Buffers: shared hit=1224336 read=105938
                                 ->  Index Scan using movie_id_cast_info on cast_info ci  (cost=0.44..43.99 rows=38 width=12) (actual time=0.036..0.231 rows=22 loops=15648)
                                       Index Cond: (movie_id = t.id)
                                       Buffers: shared hit=284018 read=94207
                           ->  Hash  (cost=1.15..1.15 rows=1 width=4) (actual time=0.016..0.017 rows=1 loops=1)
                                 Buckets: 1024  Batches: 1  Memory Usage: 9kB
                                 Buffers: shared hit=1
                                 ->  Seq Scan on role_type rt  (cost=0.00..1.15 rows=1 width=4) (actual time=0.009..0.011 rows=1 loops=1)
                                       Filter: ((role)::text = 'actress'::text)
                                       Rows Removed by Filter: 11
                                       Buffers: shared hit=1
                     ->  Index Scan using name_pkey on name n  (cost=0.43..2.32 rows=1 width=4) (actual time=0.033..0.033 rows=1 loops=67084)
                           Index Cond: (id = ci.person_id)
                           Filter: ((gender)::text = 'f'::text)
                           Rows Removed by Filter: 0
                           Buffers: shared hit=251219 read=17117
 Planning:
   Buffers: shared hit=485 read=89
 Planning Time: 14.335 ms
 Execution Time: 20135.709 ms
(76 rows)

