                                                                                            QUERY PLAN                                                                                             
---------------------------------------------------------------------------------------------------------------------------------------------------------------------------------------------------
 Aggregate  (cost=843985.51..843985.52 rows=1 width=8) (actual time=8531.720..8531.730 rows=1 loops=1)
   Buffers: shared hit=689638 read=147104, temp read=1211 written=1211
   ->  Nested Loop  (cost=108359.63..843985.17 rows=137 width=0) (actual time=605.565..8529.332 rows=11674 loops=1)
         Buffers: shared hit=689638 read=147104, temp read=1211 written=1211
         ->  Hash Join  (cost=108359.20..843226.68 rows=327 width=4) (actual time=605.534..6629.991 rows=52847 loops=1)
               Hash Cond: (ci.role_id = rt.id)
               Buffers: shared hit=497640 read=127714, temp read=1211 written=1211
               ->  Nested Loop  (cost=108358.03..843218.53 rows=1964 width=8) (actual time=605.356..6570.643 rows=284942 loops=1)
                     Buffers: shared hit=497639 read=127714, temp read=1211 written=1211
                     ->  Nested Loop  (cost=108357.59..837237.15 rows=137 width=12) (actual time=605.319..3391.113 rows=17353 loops=1)
                           Buffers: shared hit=241852 read=57180, temp read=1211 written=1211
                           ->  Seq Scan on info_type it2  (cost=0.00..2.41 rows=1 width=4) (actual time=0.018..0.029 rows=1 loops=1)
                                 Filter: (id = 4)
                                 Rows Removed by Filter: 112
                                 Buffers: shared hit=1
                           ->  Nested Loop  (cost=108357.59..837233.37 rows=137 width=16) (actual time=605.300..3387.063 rows=17353 loops=1)
                                 Buffers: shared hit=241851 read=57180, temp read=1211 written=1211
                                 ->  Seq Scan on info_type it1  (cost=0.00..2.41 rows=1 width=4) (actual time=0.006..0.019 rows=1 loops=1)
                                       Filter: (id = 3)
                                       Rows Removed by Filter: 112
                                       Buffers: shared hit=1
                                 ->  Nested Loop  (cost=108357.59..837229.59 rows=137 width=20) (actual time=605.292..3382.755 rows=17353 loops=1)
                                       Buffers: shared hit=241850 read=57180, temp read=1211 written=1211
                                       ->  Hash Join  (cost=108357.15..603727.36 rows=5492 width=12) (actual time=605.206..1219.574 rows=28018 loops=1)
                                             Hash Cond: (mi2.movie_id = t.id)
                                             Buffers: shared hit=4808 read=40996, temp read=1211 written=1211
                                             ->  Bitmap Heap Scan on movie_info mi2  (cost=13060.52..505505.48 rows=20621 width=8) (actual time=37.887..515.239 rows=314710 loops=1)
                                                   Recheck Cond: (info_type_id = 4)
                                                   Filter: ((info)::text = ANY ('{Arabic,Danish,Finnish,French,German,Indonesian,Italian,Malayalam,Mandarin,Portuguese,Russian,Spanish}'::text[]))
                                                   Rows Removed by Filter: 984279
                                                   Heap Blocks: exact=8393
                                                   Buffers: shared hit=4807 read=4605
                                                   ->  Bitmap Index Scan on info_type_id_movie_info  (cost=0.00..13055.37 rows=1221191 width=0) (actual time=34.898..34.898 rows=1298989 loops=1)
                                                         Index Cond: (info_type_id = 4)
                                                         Buffers: shared read=1019
                                             ->  Hash  (cost=84248.85..84248.85 rows=673342 width=4) (actual time=566.330..566.333 rows=103087 loops=1)
                                                   Buckets: 262144  Batches: 8  Memory Usage: 2504kB
                                                   Buffers: shared hit=1 read=36391, temp written=260
                                                   ->  Hash Join  (cost=1.11..84248.85 rows=673342 width=4) (actual time=0.040..550.836 rows=103087 loops=1)
                                                         Hash Cond: (t.kind_id = kt.id)
                                                         Buffers: shared hit=1 read=36391
                                                         ->  Seq Scan on title t  (cost=0.00..74315.95 rows=2356696 width=8) (actual time=0.021..421.427 rows=2352201 loops=1)
                                                               Filter: ((production_year <= 2015) AND (1925 < production_year))
                                                               Rows Removed by Filter: 176111
                                                               Buffers: shared read=36391
                                                         ->  Hash  (cost=1.09..1.09 rows=2 width=4) (actual time=0.013..0.015 rows=2 loops=1)
                                                               Buckets: 1024  Batches: 1  Memory Usage: 9kB
                                                               Buffers: shared hit=1
                                                               ->  Seq Scan on kind_type kt  (cost=0.00..1.09 rows=2 width=4) (actual time=0.006..0.007 rows=2 loops=1)
                                                                     Filter: ((kind)::text = ANY ('{"tv series","video game"}'::text[]))
                                                                     Rows Removed by Filter: 5
                                                                     Buffers: shared hit=1
                                       ->  Index Scan using movie_id_movie_info on movie_info mi1  (cost=0.43..42.51 rows=1 width=8) (actual time=0.074..0.077 rows=1 loops=28018)
                                             Index Cond: (movie_id = t.id)
                                             Filter: ((info_type_id = 3) AND ((info)::text = ANY ('{Comedy,Drama,Family,Fantasy,History,Music,Romance,Thriller}'::text[])))
                                             Rows Removed by Filter: 8
                                             Buffers: shared hit=237042 read=16184
                     ->  Index Scan using movie_id_cast_info on cast_info ci  (cost=0.44..43.28 rows=38 width=12) (actual time=0.035..0.179 rows=16 loops=17353)
                           Index Cond: (movie_id = t.id)
                           Buffers: shared hit=255787 read=70534
               ->  Hash  (cost=1.15..1.15 rows=2 width=4) (actual time=0.030..0.030 rows=2 loops=1)
                     Buckets: 1024  Batches: 1  Memory Usage: 9kB
                     Buffers: shared hit=1
                     ->  Seq Scan on role_type rt  (cost=0.00..1.15 rows=2 width=4) (actual time=0.021..0.023 rows=2 loops=1)
                           Filter: ((role)::text = ANY ('{"miscellaneous crew",writer}'::text[]))
                           Rows Removed by Filter: 10
                           Buffers: shared hit=1
         ->  Index Scan using name_pkey on name n  (cost=0.43..2.32 rows=1 width=4) (actual time=0.035..0.035 rows=0 loops=52847)
               Index Cond: (id = ci.person_id)
               Filter: ((gender)::text = 'm'::text)
               Rows Removed by Filter: 1
               Buffers: shared hit=191998 read=19390
 Planning:
   Buffers: shared hit=483 read=91
 Planning Time: 12.816 ms
 Execution Time: 8532.222 ms
(76 rows)

