                                                                                            QUERY PLAN                                                                                            
--------------------------------------------------------------------------------------------------------------------------------------------------------------------------------------------------
 Aggregate  (cost=684354.68..684354.69 rows=1 width=8) (actual time=10397.288..10397.298 rows=1 loops=1)
   Buffers: shared hit=958132 read=109533, temp read=2849 written=2849
   ->  Nested Loop  (cost=90955.44..684354.45 rows=92 width=0) (actual time=538.677..10396.873 rows=1332 loops=1)
         Buffers: shared hit=958132 read=109533, temp read=2849 written=2849
         ->  Seq Scan on info_type it2  (cost=0.00..2.41 rows=1 width=4) (actual time=0.037..0.048 rows=1 loops=1)
               Filter: (id = 4)
               Rows Removed by Filter: 112
               Buffers: shared hit=1
         ->  Nested Loop  (cost=90955.44..684351.12 rows=92 width=4) (actual time=538.637..10396.532 rows=1332 loops=1)
               Buffers: shared hit=958131 read=109533, temp read=2849 written=2849
               ->  Seq Scan on info_type it1  (cost=0.00..2.41 rows=1 width=4) (actual time=0.009..0.025 rows=1 loops=1)
                     Filter: (id = 3)
                     Rows Removed by Filter: 112
                     Buffers: shared hit=1
               ->  Nested Loop  (cost=90955.44..684347.79 rows=92 width=8) (actual time=538.625..10396.209 rows=1332 loops=1)
                     Buffers: shared hit=958130 read=109533, temp read=2849 written=2849
                     ->  Hash Join  (cost=90955.01..683839.81 rows=219 width=12) (actual time=530.254..10320.317 rows=2502 loops=1)
                           Hash Cond: (ci.role_id = rt.id)
                           Buffers: shared hit=949208 read=108447, temp read=2849 written=2849
                           ->  Nested Loop  (cost=90953.84..683829.33 rows=2623 width=16) (actual time=506.051..10303.092 rows=129931 loops=1)
                                 Buffers: shared hit=949207 read=108447, temp read=2849 written=2849
                                 ->  Nested Loop  (cost=90953.40..675675.89 rows=183 width=20) (actual time=506.026..8959.429 rows=8320 loops=1)
                                       Buffers: shared hit=837120 read=67823, temp read=2849 written=2849
                                       ->  Hash Join  (cost=90952.97..493571.95 rows=4228 width=12) (actual time=493.112..1402.646 rows=86493 loops=1)
                                             Hash Cond: (mi2.movie_id = t.id)
                                             Buffers: shared hit=22750 read=23054, temp read=2849 written=2849
                                             ->  Bitmap Heap Scan on movie_info mi2  (cost=13075.82..415345.70 rows=81820 width=8) (actual time=36.069..428.668 rows=1042853 loops=1)
                                                   Recheck Cond: (info_type_id = 4)
                                                   Filter: ((info)::text = ANY ('{English,French,German,Italian,Portuguese,Spanish}'::text[]))
                                                   Rows Removed by Filter: 256136
                                                   Heap Blocks: exact=8393
                                                   Buffers: shared hit=1435 read=7977
                                                   ->  Bitmap Index Scan on info_type_id_movie_info  (cost=0.00..13055.37 rows=1221191 width=0) (actual time=35.030..35.031 rows=1298989 loops=1)
                                                         Index Cond: (info_type_id = 4)
                                                         Buffers: shared read=1019
                                             ->  Hash  (cost=76244.08..76244.08 rows=130645 width=4) (actual time=454.868..454.872 rows=187145 loops=1)
                                                   Buckets: 262144 (originally 131072)  Batches: 2 (originally 1)  Memory Usage: 6145kB
                                                   Buffers: shared hit=21315 read=15077, temp written=274
                                                   ->  Hash Join  (cost=1.11..76244.08 rows=130645 width=4) (actual time=0.040..419.506 rows=187145 loops=1)
                                                         Hash Cond: (t.kind_id = kt.id)
                                                         Buffers: shared hit=21315 read=15077
                                                         ->  Seq Scan on title t  (cost=0.00..74315.95 rows=457258 width=8) (actual time=0.021..382.287 rows=451569 loops=1)
                                                               Filter: ((production_year <= 1975) AND (1875 < production_year))
                                                               Rows Removed by Filter: 2076743
                                                               Buffers: shared hit=21314 read=15077
                                                         ->  Hash  (cost=1.09..1.09 rows=2 width=4) (actual time=0.014..0.016 rows=2 loops=1)
                                                               Buckets: 1024  Batches: 1  Memory Usage: 9kB
                                                               Buffers: shared hit=1
                                                               ->  Seq Scan on kind_type kt  (cost=0.00..1.09 rows=2 width=4) (actual time=0.007..0.008 rows=2 loops=1)
                                                                     Filter: ((kind)::text = ANY ('{episode,"tv movie"}'::text[]))
                                                                     Rows Removed by Filter: 5
                                                                     Buffers: shared hit=1
                                       ->  Index Scan using movie_id_movie_info on movie_info mi1  (cost=0.43..43.06 rows=1 width=8) (actual time=0.087..0.087 rows=0 loops=86493)
                                             Index Cond: (movie_id = t.id)
                                             Filter: ((info_type_id = 3) AND ((info)::text = ANY ('{Action,Adventure,Comedy,Documentary,Drama,Short,War}'::text[])))
                                             Rows Removed by Filter: 9
                                             Buffers: shared hit=814370 read=44769
                                 ->  Index Scan using movie_id_cast_info on cast_info ci  (cost=0.44..44.17 rows=38 width=12) (actual time=0.032..0.158 rows=16 loops=8320)
                                       Index Cond: (movie_id = t.id)
                                       Buffers: shared hit=112087 read=40624
                           ->  Hash  (cost=1.15..1.15 rows=1 width=4) (actual time=0.017..0.018 rows=1 loops=1)
                                 Buckets: 1024  Batches: 1  Memory Usage: 9kB
                                 Buffers: shared hit=1
                                 ->  Seq Scan on role_type rt  (cost=0.00..1.15 rows=1 width=4) (actual time=0.010..0.012 rows=1 loops=1)
                                       Filter: ((role)::text = 'composer'::text)
                                       Rows Removed by Filter: 11
                                       Buffers: shared hit=1
                     ->  Index Scan using name_pkey on name n  (cost=0.43..2.32 rows=1 width=4) (actual time=0.030..0.030 rows=1 loops=2502)
                           Index Cond: (id = ci.person_id)
                           Filter: ((gender)::text = 'm'::text)
                           Rows Removed by Filter: 0
                           Buffers: shared hit=8922 read=1086
 Planning:
   Buffers: shared hit=520 read=54
 Planning Time: 13.289 ms
 Execution Time: 10397.995 ms
(76 rows)

