                                                                                            QUERY PLAN                                                                                            
--------------------------------------------------------------------------------------------------------------------------------------------------------------------------------------------------
 Aggregate  (cost=700655.53..700655.54 rows=1 width=8) (actual time=3898.176..3898.189 rows=1 loops=1)
   Buffers: shared hit=241070 read=93893, temp read=1637 written=1637
   ->  Nested Loop  (cost=481532.67..700655.44 rows=36 width=0) (actual time=849.671..3897.121 rows=13436 loops=1)
         Buffers: shared hit=241070 read=93893, temp read=1637 written=1637
         ->  Seq Scan on info_type it2  (cost=0.00..2.41 rows=1 width=4) (actual time=0.030..0.035 rows=1 loops=1)
               Filter: (id = 4)
               Rows Removed by Filter: 112
               Buffers: shared hit=1
         ->  Nested Loop  (cost=481532.67..700652.66 rows=36 width=4) (actual time=849.639..3895.956 rows=13436 loops=1)
               Buffers: shared hit=241069 read=93893, temp read=1637 written=1637
               ->  Seq Scan on info_type it1  (cost=0.00..2.41 rows=1 width=4) (actual time=0.007..0.013 rows=1 loops=1)
                     Filter: (id = 3)
                     Rows Removed by Filter: 112
                     Buffers: shared hit=1
               ->  Nested Loop  (cost=481532.67..700649.89 rows=36 width=8) (actual time=849.631..3894.676 rows=13436 loops=1)
                     Join Filter: (t.id = mi1.movie_id)
                     Buffers: shared hit=241068 read=93893, temp read=1637 written=1637
                     ->  Nested Loop  (cost=481532.23..632876.71 rows=1601 width=16) (actual time=849.524..3279.785 rows=13915 loops=1)
                           Buffers: shared hit=71923 read=84465, temp read=1637 written=1637
                           ->  Hash Join  (cost=481531.80..616890.58 rows=6892 width=20) (actual time=849.487..3086.486 rows=13915 loops=1)
                                 Hash Cond: (ci.movie_id = t.id)
                                 Buffers: shared hit=25272 read=75456, temp read=1637 written=1637
                                 ->  Nested Loop  (cost=0.44..123965.00 rows=3020080 width=8) (actual time=0.079..1703.173 rows=7451973 loops=1)
                                       Buffers: shared hit=6286 read=48638
                                       ->  Seq Scan on role_type rt  (cost=0.00..1.15 rows=1 width=4) (actual time=0.009..0.012 rows=1 loops=1)
                                             Filter: ((role)::text = 'actress'::text)
                                             Rows Removed by Filter: 11
                                             Buffers: shared hit=1
                                       ->  Index Scan using role_id_cast_info on cast_info ci  (cost=0.44..91017.52 rows=3294633 width=12) (actual time=0.068..1104.986 rows=7451973 loops=1)
                                             Index Cond: (role_id = rt.id)
                                             Buffers: shared hit=6285 read=48638
                                 ->  Hash  (cost=481459.24..481459.24 rows=5770 width=12) (actual time=849.087..849.097 rows=8526 loops=1)
                                       Buckets: 16384 (originally 8192)  Batches: 1 (originally 1)  Memory Usage: 495kB
                                       Buffers: shared hit=18986 read=26818, temp read=1637 written=1637
                                       ->  Hash Join  (cost=92533.68..481459.24 rows=5770 width=12) (actual time=436.539..847.310 rows=8526 loops=1)
                                             Hash Cond: (mi2.movie_id = t.id)
                                             Buffers: shared hit=18986 read=26818, temp read=1637 written=1637
                                             ->  Bitmap Heap Scan on movie_info mi2  (cost=13073.98..400314.68 rows=74442 width=8) (actual time=35.995..301.226 rows=947525 loops=1)
                                                   Recheck Cond: (info_type_id = 4)
                                                   Filter: ((info)::text = ANY ('{Danish,English,German,Mandarin,Spanish}'::text[]))
                                                   Rows Removed by Filter: 351464
                                                   Heap Blocks: exact=8393
                                                   Buffers: shared hit=2200 read=7212
                                                   ->  Bitmap Index Scan on info_type_id_movie_info  (cost=0.00..13055.37 rows=1221191 width=0) (actual time=34.934..34.934 rows=1298989 loops=1)
                                                         Index Cond: (info_type_id = 4)
                                                         Buffers: shared read=1019
                                             ->  Hash  (cost=76244.10..76244.10 rows=195968 width=4) (actual time=397.531..397.534 rows=11843 loops=1)
                                                   Buckets: 262144  Batches: 2  Memory Usage: 2260kB
                                                   Buffers: shared hit=16786 read=19606, temp written=17
                                                   ->  Hash Join  (cost=1.13..76244.10 rows=195968 width=4) (actual time=0.171..394.945 rows=11843 loops=1)
                                                         Hash Cond: (t.kind_id = kt.id)
                                                         Buffers: shared hit=16786 read=19606
                                                         ->  Seq Scan on title t  (cost=0.00..74315.95 rows=457258 width=8) (actual time=0.024..369.540 rows=451569 loops=1)
                                                               Filter: ((production_year <= 1975) AND (1875 < production_year))
                                                               Rows Removed by Filter: 2076743
                                                               Buffers: shared hit=16785 read=19606
                                                         ->  Hash  (cost=1.10..1.10 rows=3 width=4) (actual time=0.015..0.016 rows=3 loops=1)
                                                               Buckets: 1024  Batches: 1  Memory Usage: 9kB
                                                               Buffers: shared hit=1
                                                               ->  Seq Scan on kind_type kt  (cost=0.00..1.10 rows=3 width=4) (actual time=0.007..0.008 rows=3 loops=1)
                                                                     Filter: ((kind)::text = ANY ('{"tv series","video game","video movie"}'::text[]))
                                                                     Rows Removed by Filter: 4
                                                                     Buffers: shared hit=1
                           ->  Index Scan using name_pkey on name n  (cost=0.43..2.32 rows=1 width=4) (actual time=0.014..0.014 rows=1 loops=13915)
                                 Index Cond: (id = ci.person_id)
                                 Filter: ((gender)::text = 'f'::text)
                                 Buffers: shared hit=46651 read=9009
                     ->  Index Scan using movie_id_movie_info on movie_info mi1  (cost=0.43..42.32 rows=1 width=8) (actual time=0.043..0.044 rows=1 loops=13915)
                           Index Cond: (movie_id = ci.movie_id)
                           Filter: ((info_type_id = 3) AND ((info)::text = ANY ('{Comedy,Crime,Drama,Fantasy,History,Musical,Romance}'::text[])))
                           Rows Removed by Filter: 33
                           Buffers: shared hit=169145 read=9428
 Planning:
   Buffers: shared hit=487 read=87
 Planning Time: 12.528 ms
 Execution Time: 3898.611 ms
(76 rows)

