                                                                                               QUERY PLAN                                                                                               
--------------------------------------------------------------------------------------------------------------------------------------------------------------------------------------------------------
 Aggregate  (cost=355959.16..355959.17 rows=1 width=8) (actual time=1019.518..1019.522 rows=1 loops=1)
   Buffers: shared hit=83289 read=18559
   ->  Nested Loop  (cost=13059.41..355959.16 rows=1 width=0) (actual time=42.762..1019.513 rows=5 loops=1)
         Buffers: shared hit=83289 read=18559
         ->  Hash Join  (cost=13058.98..355956.84 rows=1 width=4) (actual time=42.722..1019.188 rows=12 loops=1)
               Hash Cond: (ci.role_id = rt.id)
               Buffers: shared hit=83261 read=18539
               ->  Nested Loop  (cost=13057.82..355955.63 rows=14 width=8) (actual time=42.598..1019.092 rows=271 loops=1)
                     Buffers: shared hit=83260 read=18539
                     ->  Nested Loop  (cost=13057.38..355910.75 rows=1 width=12) (actual time=42.559..1016.808 rows=11 loops=1)
                           Buffers: shared hit=83071 read=18427
                           ->  Nested Loop  (cost=13057.38..355908.33 rows=1 width=16) (actual time=42.554..1016.705 rows=11 loops=1)
                                 Buffers: shared hit=83060 read=18427
                                 ->  Nested Loop  (cost=13057.38..355905.91 rows=1 width=20) (actual time=42.535..1016.564 rows=11 loops=1)
                                       Buffers: shared hit=83049 read=18427
                                       ->  Hash Join  (cost=13056.95..355733.77 rows=4 width=12) (actual time=38.978..1014.375 rows=34 loops=1)
                                             Hash Cond: (t.kind_id = kt.id)
                                             Buffers: shared hit=82818 read=18331
                                             ->  Nested Loop  (cost=13055.81..355732.60 rows=9 width=16) (actual time=38.926..1013.059 rows=6910 loops=1)
                                                   Buffers: shared hit=82817 read=18331
                                                   ->  Bitmap Heap Scan on movie_info mi2  (cost=13055.38..355208.54 rows=62 width=8) (actual time=37.727..331.812 rows=22934 loops=1)
                                                         Recheck Cond: (info_type_id = 4)
                                                         Filter: ((info)::text = ANY ('{Hindi,Russian}'::text[]))
                                                         Rows Removed by Filter: 1276055
                                                         Heap Blocks: exact=8393
                                                         Buffers: shared hit=2034 read=7378
                                                         ->  Bitmap Index Scan on info_type_id_movie_info  (cost=0.00..13055.37 rows=1221191 width=0) (actual time=35.718..35.718 rows=1298989 loops=1)
                                                               Index Cond: (info_type_id = 4)
                                                               Buffers: shared read=1019
                                                   ->  Index Scan using title_pkey on title t  (cost=0.43..8.45 rows=1 width=8) (actual time=0.029..0.029 rows=0 loops=22934)
                                                         Index Cond: (id = mi2.movie_id)
                                                         Filter: ((production_year <= 1975) AND (1925 < production_year))
                                                         Rows Removed by Filter: 1
                                                         Buffers: shared hit=80783 read=10953
                                             ->  Hash  (cost=1.10..1.10 rows=3 width=4) (actual time=0.022..0.023 rows=3 loops=1)
                                                   Buckets: 1024  Batches: 1  Memory Usage: 9kB
                                                   Buffers: shared hit=1
                                                   ->  Seq Scan on kind_type kt  (cost=0.00..1.10 rows=3 width=4) (actual time=0.010..0.012 rows=3 loops=1)
                                                         Filter: ((kind)::text = ANY ('{"tv series","video game","video movie"}'::text[]))
                                                         Rows Removed by Filter: 4
                                                         Buffers: shared hit=1
                                       ->  Index Scan using movie_id_movie_info on movie_info mi1  (cost=0.43..43.02 rows=1 width=8) (actual time=0.063..0.064 rows=0 loops=34)
                                             Index Cond: (movie_id = t.id)
                                             Filter: ((info_type_id = 3) AND ((info)::text = 'Drama'::text))
                                             Rows Removed by Filter: 39
                                             Buffers: shared hit=231 read=96
                                 ->  Seq Scan on info_type it1  (cost=0.00..2.41 rows=1 width=4) (actual time=0.006..0.010 rows=1 loops=11)
                                       Filter: (id = 3)
                                       Rows Removed by Filter: 112
                                       Buffers: shared hit=11
                           ->  Seq Scan on info_type it2  (cost=0.00..2.41 rows=1 width=4) (actual time=0.004..0.008 rows=1 loops=11)
                                 Filter: (id = 4)
                                 Rows Removed by Filter: 112
                                 Buffers: shared hit=11
                     ->  Index Scan using movie_id_cast_info on cast_info ci  (cost=0.44..44.50 rows=38 width=12) (actual time=0.028..0.203 rows=25 loops=11)
                           Index Cond: (movie_id = t.id)
                           Buffers: shared hit=189 read=112
               ->  Hash  (cost=1.15..1.15 rows=1 width=4) (actual time=0.036..0.036 rows=1 loops=1)
                     Buckets: 1024  Batches: 1  Memory Usage: 9kB
                     Buffers: shared hit=1
                     ->  Seq Scan on role_type rt  (cost=0.00..1.15 rows=1 width=4) (actual time=0.028..0.030 rows=1 loops=1)
                           Filter: ((role)::text = 'composer'::text)
                           Rows Removed by Filter: 11
                           Buffers: shared hit=1
         ->  Index Scan using name_pkey on name n  (cost=0.43..2.32 rows=1 width=4) (actual time=0.026..0.026 rows=0 loops=12)
               Index Cond: (id = ci.person_id)
               Filter: ((gender)::text = 'm'::text)
               Rows Removed by Filter: 1
               Buffers: shared hit=28 read=20
 Planning:
   Buffers: shared hit=529 read=45
 Planning Time: 13.534 ms
 Execution Time: 1020.089 ms
(73 rows)

