                                                                                                  QUERY PLAN                                                                                                  
--------------------------------------------------------------------------------------------------------------------------------------------------------------------------------------------------------------
 Aggregate  (cost=1040869.55..1040869.56 rows=1 width=8) (actual time=148646.599..148646.607 rows=1 loops=1)
   Buffers: shared hit=13416886 read=1939881, temp read=8766 written=7741
   ->  Nested Loop  (cost=925316.71..1040866.30 rows=1300 width=0) (actual time=1376.811..148605.111 rows=169611 loops=1)
         Buffers: shared hit=13416886 read=1939881, temp read=8766 written=7741
         ->  Hash Join  (cost=925316.28..1036238.86 rows=1995 width=4) (actual time=1376.751..129605.946 rows=509341 loops=1)
               Hash Cond: (ci.role_id = rt.id)
               Buffers: shared hit=11601945 read=1717458, temp read=8766 written=7741
               ->  Nested Loop  (cost=925315.11..1036195.17 rows=11969 width=8) (actual time=1376.620..127843.101 rows=9045889 loops=1)
                     Buffers: shared hit=11601944 read=1717458, temp read=8766 written=7741
                     ->  Nested Loop  (cost=925314.67..999739.35 rows=835 width=12) (actual time=1376.564..27856.812 rows=549111 loops=1)
                           Buffers: shared hit=2846871 read=40726, temp read=8766 written=7741
                           ->  Nested Loop  (cost=925314.67..999726.49 rows=835 width=16) (actual time=1376.545..27472.112 rows=549111 loops=1)
                                 Buffers: shared hit=2846870 read=40726, temp read=8766 written=7741
                                 ->  Nested Loop  (cost=925314.67..999713.64 rows=835 width=20) (actual time=1376.513..27099.861 rows=549111 loops=1)
                                       Buffers: shared hit=2846869 read=40726, temp read=8766 written=7741
                                       ->  Nested Loop  (cost=925314.52..999641.57 rows=2924 width=24) (actual time=1188.494..26543.004 rows=636192 loops=1)
                                             Buffers: shared hit=2846857 read=40726, temp read=8766 written=7741
                                             ->  Merge Join  (cost=925314.09..926439.03 rows=23072 width=16) (actual time=1188.435..2253.020 rows=716799 loops=1)
                                                   Merge Cond: (mi1.movie_id = mi2.movie_id)
                                                   Buffers: shared hit=11054 read=9333, temp read=8766 written=7741
                                                   ->  Sort  (cost=443217.56..443461.31 rows=97500 width=8) (actual time=617.506..829.057 rows=934797 loops=1)
                                                         Sort Key: mi1.movie_id
                                                         Sort Method: external merge  Disk: 16520kB
                                                         Buffers: shared hit=1642 read=9333, temp read=2065 written=2078
                                                         ->  Bitmap Heap Scan on movie_info mi1  (cost=16472.84..435138.17 rows=97500 width=8) (actual time=43.347..455.080 rows=934798 loops=1)
                                                               Recheck Cond: (info_type_id = 3)
                                                               Filter: ((info)::text = ANY ('{Action,Adult,Animation,Documentary,Drama,Sci-Fi,Short}'::text[]))
                                                               Rows Removed by Filter: 599111
                                                               Heap Blocks: exact=9772
                                                               Buffers: shared hit=1642 read=9333
                                                               ->  Bitmap Index Scan on info_type_id_movie_info  (cost=0.00..16448.47 rows=1538671 width=0) (actual time=42.144..42.145 rows=1533909 loops=1)
                                                                     Index Cond: (info_type_id = 3)
                                                                     Buffers: shared hit=1 read=1202
                                                   ->  Sort  (cost=482096.53..482299.89 rows=81343 width=8) (actual time=570.919..834.913 rows=1226018 loops=1)
                                                         Sort Key: mi2.movie_id
                                                         Sort Method: external sort  Disk: 22640kB
                                                         Buffers: shared hit=9412, temp read=6175 written=5663
                                                         ->  Bitmap Heap Scan on movie_info mi2  (cost=13075.70..475462.30 rows=81343 width=8) (actual time=29.649..318.088 rows=1047602 loops=1)
                                                               Recheck Cond: (info_type_id = 4)
                                                               Filter: ((info)::text = ANY ('{Dutch,English,French,Greek,Italian,Japanese,Korean,Serbo-Croatian,Spanish,Swedish}'::text[]))
                                                               Rows Removed by Filter: 251387
                                                               Heap Blocks: exact=8393
                                                               Buffers: shared hit=9412
                                                               ->  Bitmap Index Scan on info_type_id_movie_info  (cost=0.00..13055.37 rows=1221191 width=0) (actual time=28.612..28.613 rows=1298989 loops=1)
                                                                     Index Cond: (info_type_id = 4)
                                                                     Buffers: shared hit=1019
                                             ->  Index Scan using title_pkey on title t  (cost=0.43..3.17 rows=1 width=8) (actual time=0.033..0.033 rows=1 loops=716799)
                                                   Index Cond: (id = mi1.movie_id)
                                                   Filter: ((production_year <= 2015) AND (1925 < production_year))
                                                   Rows Removed by Filter: 0
                                                   Buffers: shared hit=2835803 read=31393
                                       ->  Memoize  (cost=0.14..0.16 rows=1 width=4) (actual time=0.000..0.000 rows=1 loops=636192)
                                             Cache Key: t.kind_id
                                             Cache Mode: logical
                                             Hits: 636186  Misses: 6  Evictions: 0  Overflows: 0  Memory Usage: 1kB
                                             Buffers: shared hit=12
                                             ->  Index Scan using kind_type_pkey on kind_type kt  (cost=0.13..0.15 rows=1 width=4) (actual time=0.010..0.010 rows=0 loops=6)
                                                   Index Cond: (id = t.kind_id)
                                                   Filter: ((kind)::text = ANY ('{movie,"video movie"}'::text[]))
                                                   Rows Removed by Filter: 1
                                                   Buffers: shared hit=12
                                 ->  Materialize  (cost=0.00..2.42 rows=1 width=4) (actual time=0.000..0.000 rows=1 loops=549111)
                                       Buffers: shared hit=1
                                       ->  Seq Scan on info_type it1  (cost=0.00..2.41 rows=1 width=4) (actual time=0.027..0.036 rows=1 loops=1)
                                             Filter: (id = 3)
                                             Rows Removed by Filter: 112
                                             Buffers: shared hit=1
                           ->  Materialize  (cost=0.00..2.42 rows=1 width=4) (actual time=0.000..0.000 rows=1 loops=549111)
                                 Buffers: shared hit=1
                                 ->  Seq Scan on info_type it2  (cost=0.00..2.41 rows=1 width=4) (actual time=0.010..0.020 rows=1 loops=1)
                                       Filter: (id = 4)
                                       Rows Removed by Filter: 112
                                       Buffers: shared hit=1
                     ->  Index Scan using movie_id_cast_info on cast_info ci  (cost=0.44..43.28 rows=38 width=12) (actual time=0.034..0.177 rows=16 loops=549111)
                           Index Cond: (movie_id = t.id)
                           Buffers: shared hit=8755073 read=1676732
               ->  Hash  (cost=1.15..1.15 rows=2 width=4) (actual time=0.041..0.042 rows=2 loops=1)
                     Buckets: 1024  Batches: 1  Memory Usage: 9kB
                     Buffers: shared hit=1
                     ->  Seq Scan on role_type rt  (cost=0.00..1.15 rows=2 width=4) (actual time=0.033..0.034 rows=2 loops=1)
                           Filter: ((role)::text = ANY ('{"costume designer",editor}'::text[]))
                           Rows Removed by Filter: 10
                           Buffers: shared hit=1
         ->  Index Scan using name_pkey on name n  (cost=0.43..2.32 rows=1 width=4) (actual time=0.037..0.037 rows=0 loops=509341)
               Index Cond: (id = ci.person_id)
               Filter: ((gender)::text = ANY ('{f,m}'::text[]))
               Rows Removed by Filter: 1
               Buffers: shared hit=1814941 read=222423
 Planning:
   Buffers: shared hit=574
 Planning Time: 13.572 ms
 Execution Time: 148657.297 ms
(92 rows)

