                                                                                            QUERY PLAN                                                                                            
--------------------------------------------------------------------------------------------------------------------------------------------------------------------------------------------------
 Aggregate  (cost=634135.37..634135.38 rows=1 width=8) (actual time=2208.998..2209.005 rows=1 loops=1)
   Buffers: shared hit=136046 read=73160
   ->  Nested Loop  (cost=90147.96..634135.18 rows=75 width=0) (actual time=453.477..2208.985 rows=13 loops=1)
         Buffers: shared hit=136046 read=73160
         ->  Seq Scan on info_type it2  (cost=0.00..2.41 rows=1 width=4) (actual time=0.037..0.044 rows=1 loops=1)
               Filter: (id = 4)
               Rows Removed by Filter: 112
               Buffers: shared hit=1
         ->  Nested Loop  (cost=90147.96..634132.02 rows=75 width=4) (actual time=453.439..2208.933 rows=13 loops=1)
               Buffers: shared hit=136045 read=73160
               ->  Seq Scan on info_type it1  (cost=0.00..2.41 rows=1 width=4) (actual time=0.010..0.019 rows=1 loops=1)
                     Filter: (id = 3)
                     Rows Removed by Filter: 112
                     Buffers: shared hit=1
               ->  Nested Loop  (cost=90147.96..634128.85 rows=75 width=8) (actual time=453.426..2208.902 rows=13 loops=1)
                     Buffers: shared hit=136044 read=73160
                     ->  Hash Join  (cost=90147.53..633381.97 rows=322 width=12) (actual time=409.151..2178.018 rows=998 loops=1)
                           Hash Cond: (ci.role_id = rt.id)
                           Buffers: shared hit=132535 read=72677
                           ->  Nested Loop  (cost=90146.36..633373.92 rows=1935 width=16) (actual time=408.374..2171.069 rows=55209 loops=1)
                                 Buffers: shared hit=132534 read=72677
                                 ->  Nested Loop  (cost=90145.92..627315.20 rows=135 width=20) (actual time=408.252..1517.290 rows=5732 loops=1)
                                       Buffers: shared hit=81463 read=52706
                                       ->  Hash Join  (cost=90145.48..492737.75 rows=3105 width=12) (actual time=408.189..795.935 rows=8696 loops=1)
                                             Hash Cond: (mi2.movie_id = t.id)
                                             Buffers: shared hit=13164 read=32640
                                             ->  Bitmap Heap Scan on movie_info mi2  (cost=13074.79..415344.67 rows=77689 width=8) (actual time=36.172..317.860 rows=1003179 loops=1)
                                                   Recheck Cond: (info_type_id = 4)
                                                   Filter: ((info)::text = ANY ('{English,French,German,Serbo-Croatian,Spanish,Turkish}'::text[]))
                                                   Rows Removed by Filter: 295810
                                                   Heap Blocks: exact=8393
                                                   Buffers: shared hit=9412
                                                   ->  Bitmap Index Scan on info_type_id_movie_info  (cost=0.00..13055.37 rows=1221191 width=0) (actual time=35.144..35.144 rows=1298989 loops=1)
                                                         Index Cond: (info_type_id = 4)
                                                         Buffers: shared hit=1019
                                             ->  Hash  (cost=75807.56..75807.56 rows=101051 width=4) (actual time=369.841..369.844 rows=11554 loops=1)
                                                   Buckets: 131072  Batches: 1  Memory Usage: 1431kB
                                                   Buffers: shared hit=3752 read=32640
                                                   ->  Hash Join  (cost=1.11..75807.56 rows=101051 width=4) (actual time=0.120..367.068 rows=11554 loops=1)
                                                         Hash Cond: (t.kind_id = kt.id)
                                                         Buffers: shared hit=3752 read=32640
                                                         ->  Seq Scan on title t  (cost=0.00..74315.95 rows=353677 width=8) (actual time=0.019..346.874 rows=347589 loops=1)
                                                               Filter: ((production_year <= 1975) AND (1925 < production_year))
                                                               Rows Removed by Filter: 2180723
                                                               Buffers: shared hit=3751 read=32640
                                                         ->  Hash  (cost=1.09..1.09 rows=2 width=4) (actual time=0.012..0.013 rows=2 loops=1)
                                                               Buckets: 1024  Batches: 1  Memory Usage: 9kB
                                                               Buffers: shared hit=1
                                                               ->  Seq Scan on kind_type kt  (cost=0.00..1.09 rows=2 width=4) (actual time=0.006..0.007 rows=2 loops=1)
                                                                     Filter: ((kind)::text = ANY ('{"tv series","video movie"}'::text[]))
                                                                     Rows Removed by Filter: 5
                                                                     Buffers: shared hit=1
                                       ->  Index Scan using movie_id_movie_info on movie_info mi1  (cost=0.43..43.33 rows=1 width=8) (actual time=0.081..0.082 rows=1 loops=8696)
                                             Index Cond: (movie_id = t.id)
                                             Filter: ((info_type_id = 3) AND ((info)::text = ANY ('{Adventure,Comedy,Documentary,Drama,Romance,Short,Sport,War}'::text[])))
                                             Rows Removed by Filter: 10
                                             Buffers: shared hit=68299 read=20066
                                 ->  Index Scan using movie_id_cast_info on cast_info ci  (cost=0.44..44.50 rows=38 width=12) (actual time=0.029..0.112 rows=10 loops=5732)
                                       Index Cond: (movie_id = t.id)
                                       Buffers: shared hit=51071 read=19971
                           ->  Hash  (cost=1.15..1.15 rows=2 width=4) (actual time=0.023..0.023 rows=2 loops=1)
                                 Buckets: 1024  Batches: 1  Memory Usage: 9kB
                                 Buffers: shared hit=1
                                 ->  Seq Scan on role_type rt  (cost=0.00..1.15 rows=2 width=4) (actual time=0.012..0.013 rows=2 loops=1)
                                       Filter: ((role)::text = ANY ('{editor,"production designer"}'::text[]))
                                       Rows Removed by Filter: 10
                                       Buffers: shared hit=1
                     ->  Index Scan using name_pkey on name n  (cost=0.43..2.32 rows=1 width=4) (actual time=0.030..0.030 rows=0 loops=998)
                           Index Cond: (id = ci.person_id)
                           Filter: ((gender)::text = 'f'::text)
                           Rows Removed by Filter: 1
                           Buffers: shared hit=3509 read=483
 Planning:
   Buffers: shared hit=574
 Planning Time: 14.347 ms
 Execution Time: 2209.671 ms
(76 rows)

