                                                                                            QUERY PLAN                                                                                             
---------------------------------------------------------------------------------------------------------------------------------------------------------------------------------------------------
 Aggregate  (cost=912957.47..912957.48 rows=1 width=8) (actual time=15116.150..15116.160 rows=1 loops=1)
   Buffers: shared hit=1291791 read=261211, temp read=1362 written=1362
   ->  Nested Loop  (cost=106979.08..912956.45 rows=411 width=0) (actual time=582.307..15097.487 rows=117837 loops=1)
         Buffers: shared hit=1291791 read=261211, temp read=1362 written=1362
         ->  Hash Join  (cost=106978.65..911492.83 rows=631 width=4) (actual time=582.269..10540.626 rows=133032 loops=1)
               Hash Cond: (ci.role_id = rt.id)
               Buffers: shared hit=788832 read=232042, temp read=1362 written=1362
               ->  Nested Loop  (cost=106977.48..911478.22 rows=3784 width=8) (actual time=582.200..10425.995 rows=499516 loops=1)
                     Buffers: shared hit=788831 read=232042, temp read=1362 written=1362
                     ->  Nested Loop  (cost=106977.04..899932.03 rows=264 width=12) (actual time=582.170..5070.988 rows=24571 loops=1)
                           Buffers: shared hit=361292 read=106682, temp read=1362 written=1362
                           ->  Seq Scan on info_type it2  (cost=0.00..2.41 rows=1 width=4) (actual time=0.023..0.033 rows=1 loops=1)
                                 Filter: (id = 4)
                                 Rows Removed by Filter: 112
                                 Buffers: shared hit=1
                           ->  Nested Loop  (cost=106977.04..899926.98 rows=264 width=16) (actual time=582.146..5065.307 rows=24571 loops=1)
                                 Buffers: shared hit=361291 read=106682, temp read=1362 written=1362
                                 ->  Seq Scan on info_type it1  (cost=0.00..2.41 rows=1 width=4) (actual time=0.008..0.021 rows=1 loops=1)
                                       Filter: (id = 3)
                                       Rows Removed by Filter: 112
                                       Buffers: shared hit=1
                                 ->  Nested Loop  (cost=106977.04..899921.93 rows=264 width=20) (actual time=582.135..5059.175 rows=24571 loops=1)
                                       Buffers: shared hit=361290 read=106682, temp read=1362 written=1362
                                       ->  Hash Join  (cost=106976.60..617695.20 rows=6630 width=12) (actual time=582.072..1265.474 rows=45364 loops=1)
                                             Hash Cond: (mi2.movie_id = t.id)
                                             Buffers: shared hit=14601 read=31203, temp read=1362 written=1362
                                             ->  Bitmap Heap Scan on movie_info mi2  (cost=13060.98..520535.12 rows=22443 width=8) (actual time=38.888..556.825 rows=334506 loops=1)
                                                   Recheck Cond: (info_type_id = 4)
                                                   Filter: ((info)::text = ANY ('{Danish,Finnish,French,German,Hebrew,Hungarian,Italian,Japanese,Korean,Persian,Spanish,Swedish,Telugu}'::text[]))
                                                   Rows Removed by Filter: 964483
                                                   Heap Blocks: exact=8393
                                                   Buffers: shared hit=9058 read=354
                                                   ->  Bitmap Index Scan on info_type_id_movie_info  (cost=0.00..13055.37 rows=1221191 width=0) (actual time=35.614..35.615 rows=1298989 loops=1)
                                                         Index Cond: (info_type_id = 4)
                                                         Buffers: shared hit=1019
                                             ->  Hash  (cost=81661.50..81661.50 rows=746890 width=4) (actual time=542.072..542.075 rows=138444 loops=1)
                                                   Buckets: 262144  Batches: 8  Memory Usage: 2656kB
                                                   Buffers: shared hit=5543 read=30849, temp written=350
                                                   ->  Hash Join  (cost=1.13..81661.50 rows=746890 width=4) (actual time=0.037..521.543 rows=138444 loops=1)
                                                         Hash Cond: (t.kind_id = kt.id)
                                                         Buffers: shared hit=5543 read=30849
                                                         ->  Seq Scan on title t  (cost=0.00..74315.95 rows=1742744 width=8) (actual time=0.018..419.431 rows=1748995 loops=1)
                                                               Filter: ((production_year <= 2015) AND (1990 < production_year))
                                                               Rows Removed by Filter: 779317
                                                               Buffers: shared hit=5542 read=30849
                                                         ->  Hash  (cost=1.10..1.10 rows=3 width=4) (actual time=0.013..0.013 rows=3 loops=1)
                                                               Buckets: 1024  Batches: 1  Memory Usage: 9kB
                                                               Buffers: shared hit=1
                                                               ->  Seq Scan on kind_type kt  (cost=0.00..1.10 rows=3 width=4) (actual time=0.006..0.007 rows=3 loops=1)
                                                                     Filter: ((kind)::text = ANY ('{"tv movie","tv series","video game"}'::text[]))
                                                                     Rows Removed by Filter: 4
                                                                     Buffers: shared hit=1
                                       ->  Index Scan using movie_id_movie_info on movie_info mi1  (cost=0.43..42.56 rows=1 width=8) (actual time=0.081..0.083 rows=1 loops=45364)
                                             Index Cond: (movie_id = t.id)
                                             Filter: ((info_type_id = 3) AND ((info)::text = ANY ('{Adult,Adventure,Animation,Comedy,Drama,Music,Musical,Short}'::text[])))
                                             Rows Removed by Filter: 8
                                             Buffers: shared hit=346689 read=75479
                     ->  Index Scan using movie_id_cast_info on cast_info ci  (cost=0.44..43.36 rows=38 width=12) (actual time=0.035..0.212 rows=20 loops=24571)
                           Index Cond: (movie_id = t.id)
                           Buffers: shared hit=427539 read=125360
               ->  Hash  (cost=1.15..1.15 rows=2 width=4) (actual time=0.035..0.036 rows=2 loops=1)
                     Buckets: 1024  Batches: 1  Memory Usage: 9kB
                     Buffers: shared hit=1
                     ->  Seq Scan on role_type rt  (cost=0.00..1.15 rows=2 width=4) (actual time=0.026..0.029 rows=2 loops=1)
                           Filter: ((role)::text = ANY ('{actress,director}'::text[]))
                           Rows Removed by Filter: 10
                           Buffers: shared hit=1
         ->  Index Scan using name_pkey on name n  (cost=0.43..2.32 rows=1 width=4) (actual time=0.034..0.034 rows=1 loops=133032)
               Index Cond: (id = ci.person_id)
               Filter: ((gender)::text = ANY ('{f,m}'::text[]))
               Rows Removed by Filter: 0
               Buffers: shared hit=502959 read=29169
 Planning:
   Buffers: shared hit=574
 Planning Time: 13.998 ms
 Execution Time: 15116.769 ms
(76 rows)

