                                                                                            QUERY PLAN                                                                                            
--------------------------------------------------------------------------------------------------------------------------------------------------------------------------------------------------
 Aggregate  (cost=616185.19..616185.20 rows=1 width=8) (actual time=26518.669..26518.679 rows=1 loops=1)
   Buffers: shared hit=2348795 read=390686, temp read=2627 written=2627
   ->  Nested Loop  (cost=90777.35..616185.08 rows=44 width=0) (actual time=537.890..26518.004 rows=1533 loops=1)
         Buffers: shared hit=2348795 read=390686, temp read=2627 written=2627
         ->  Seq Scan on info_type it2  (cost=0.00..2.41 rows=1 width=4) (actual time=0.035..0.048 rows=1 loops=1)
               Filter: (id = 4)
               Rows Removed by Filter: 112
               Buffers: shared hit=1
         ->  Nested Loop  (cost=90777.35..616182.22 rows=44 width=4) (actual time=537.853..26517.500 rows=1533 loops=1)
               Buffers: shared hit=2348794 read=390686, temp read=2627 written=2627
               ->  Seq Scan on info_type it1  (cost=0.00..2.41 rows=1 width=4) (actual time=0.009..0.024 rows=1 loops=1)
                     Filter: (id = 3)
                     Rows Removed by Filter: 112
                     Buffers: shared hit=1
               ->  Nested Loop  (cost=90777.35..616179.37 rows=44 width=8) (actual time=537.841..26517.007 rows=1533 loops=1)
                     Buffers: shared hit=2348793 read=390686, temp read=2627 written=2627
                     ->  Hash Join  (cost=90776.92..615935.82 rows=105 width=12) (actual time=537.788..26327.077 rows=5322 loops=1)
                           Hash Cond: (ci.role_id = rt.id)
                           Buffers: shared hit=2329439 read=388752, temp read=2627 written=2627
                           ->  Nested Loop  (cost=90775.76..615930.18 rows=1261 width=16) (actual time=503.656..26169.569 rows=1022395 loops=1)
                                 Buffers: shared hit=2329438 read=388752, temp read=2627 written=2627
                                 ->  Nested Loop  (cost=90775.32..611980.79 rows=88 width=20) (actual time=503.623..15700.845 rows=39367 loops=1)
                                       Buffers: shared hit=1374764 read=218253, temp read=2627 written=2627
                                       ->  Hash Join  (cost=90774.88..433227.97 rows=4134 width=12) (actual time=502.293..1590.859 rows=138193 loops=1)
                                             Hash Cond: (mi2.movie_id = t.id)
                                             Buffers: shared hit=1571 read=44233, temp read=2627 written=2627
                                             ->  Bitmap Heap Scan on movie_info mi2  (cost=13072.61..355225.77 rows=68957 width=8) (actual time=37.111..508.259 rows=864888 loops=1)
                                                   Recheck Cond: (info_type_id = 4)
                                                   Filter: ((info)::text = ANY ('{English,Spanish}'::text[]))
                                                   Rows Removed by Filter: 434101
                                                   Heap Blocks: exact=8393
                                                   Buffers: shared hit=1570 read=7842
                                                   ->  Bitmap Index Scan on info_type_id_movie_info  (cost=0.00..13055.37 rows=1221191 width=0) (actual time=36.070..36.071 rows=1298989 loops=1)
                                                         Index Cond: (info_type_id = 4)
                                                         Buffers: shared read=1019
                                             ->  Hash  (cost=75807.58..75807.58 rows=151576 width=4) (actual time=462.186..462.190 rows=335746 loops=1)
                                                   Buckets: 262144 (originally 262144)  Batches: 2 (originally 1)  Memory Usage: 7957kB
                                                   Buffers: shared hit=1 read=36391, temp written=491
                                                   ->  Hash Join  (cost=1.13..75807.58 rows=151576 width=4) (actual time=0.040..401.518 rows=335746 loops=1)
                                                         Hash Cond: (t.kind_id = kt.id)
                                                         Buffers: shared hit=1 read=36391
                                                         ->  Seq Scan on title t  (cost=0.00..74315.95 rows=353677 width=8) (actual time=0.021..359.322 rows=347589 loops=1)
                                                               Filter: ((production_year <= 1975) AND (1925 < production_year))
                                                               Rows Removed by Filter: 2180723
                                                               Buffers: shared read=36391
                                                         ->  Hash  (cost=1.10..1.10 rows=3 width=4) (actual time=0.014..0.015 rows=3 loops=1)
                                                               Buckets: 1024  Batches: 1  Memory Usage: 9kB
                                                               Buffers: shared hit=1
                                                               ->  Seq Scan on kind_type kt  (cost=0.00..1.10 rows=3 width=4) (actual time=0.007..0.008 rows=3 loops=1)
                                                                     Filter: ((kind)::text = ANY ('{episode,movie,"tv movie"}'::text[]))
                                                                     Rows Removed by Filter: 4
                                                                     Buffers: shared hit=1
                                       ->  Index Scan using movie_id_movie_info on movie_info mi1  (cost=0.43..43.23 rows=1 width=8) (actual time=0.101..0.102 rows=0 loops=138193)
                                             Index Cond: (movie_id = t.id)
                                             Filter: ((info_type_id = 3) AND ((info)::text = ANY ('{Documentary,Drama,Horror,Music,Mystery,Romance}'::text[])))
                                             Rows Removed by Filter: 13
                                             Buffers: shared hit=1373193 read=174020
                                 ->  Index Scan using movie_id_cast_info on cast_info ci  (cost=0.44..44.50 rows=38 width=12) (actual time=0.036..0.259 rows=26 loops=39367)
                                       Index Cond: (movie_id = t.id)
                                       Buffers: shared hit=954674 read=170499
                           ->  Hash  (cost=1.15..1.15 rows=1 width=4) (actual time=0.021..0.022 rows=1 loops=1)
                                 Buckets: 1024  Batches: 1  Memory Usage: 9kB
                                 Buffers: shared hit=1
                                 ->  Seq Scan on role_type rt  (cost=0.00..1.15 rows=1 width=4) (actual time=0.013..0.014 rows=1 loops=1)
                                       Filter: ((role)::text = 'production designer'::text)
                                       Rows Removed by Filter: 11
                                       Buffers: shared hit=1
                     ->  Index Scan using name_pkey on name n  (cost=0.43..2.32 rows=1 width=4) (actual time=0.035..0.035 rows=0 loops=5322)
                           Index Cond: (id = ci.person_id)
                           Filter: ((gender)::text = 'm'::text)
                           Rows Removed by Filter: 1
                           Buffers: shared hit=19354 read=1934
 Planning:
   Buffers: shared hit=520 read=54
 Planning Time: 14.014 ms
 Execution Time: 26519.313 ms
(76 rows)

