                                                                                               QUERY PLAN                                                                                               
--------------------------------------------------------------------------------------------------------------------------------------------------------------------------------------------------------
 Aggregate  (cost=476830.18..476830.19 rows=1 width=8) (actual time=5778.864..5778.871 rows=1 loops=1)
   Buffers: shared hit=561301 read=34504
   ->  Nested Loop  (cost=13061.88..476830.16 rows=10 width=0) (actual time=103.341..5778.860 rows=4 loops=1)
         Buffers: shared hit=561301 read=34504
         ->  Seq Scan on info_type it2  (cost=0.00..2.41 rows=1 width=4) (actual time=0.045..0.055 rows=1 loops=1)
               Filter: (id = 4)
               Rows Removed by Filter: 112
               Buffers: shared hit=1
         ->  Nested Loop  (cost=13061.88..476827.65 rows=10 width=4) (actual time=103.294..5778.800 rows=4 loops=1)
               Buffers: shared hit=561300 read=34504
               ->  Seq Scan on info_type it1  (cost=0.00..2.41 rows=1 width=4) (actual time=0.012..0.025 rows=1 loops=1)
                     Filter: (id = 3)
                     Rows Removed by Filter: 112
                     Buffers: shared hit=1
               ->  Nested Loop  (cost=13061.88..476825.13 rows=10 width=8) (actual time=103.279..5778.769 rows=4 loops=1)
                     Buffers: shared hit=561299 read=34504
                     ->  Hash Join  (cost=13061.45..476720.75 rows=45 width=12) (actual time=55.393..5768.709 rows=215 loops=1)
                           Hash Cond: (ci.role_id = rt.id)
                           Buffers: shared hit=560761 read=34182
                           ->  Nested Loop  (cost=13060.28..476718.61 rows=272 width=16) (actual time=38.173..5767.166 rows=8215 loops=1)
                                 Buffers: shared hit=560760 read=34182
                                 ->  Nested Loop  (cost=13059.84..475875.50 rows=19 width=20) (actual time=38.134..5631.980 rows=953 loops=1)
                                       Buffers: shared hit=555201 read=28955
                                       ->  Hash Join  (cost=13059.40..449684.87 rows=612 width=12) (actual time=38.039..5361.623 rows=3931 loops=1)
                                             Hash Cond: (t.kind_id = kt.id)
                                             Buffers: shared hit=527928 read=22689
                                             ->  Nested Loop  (cost=13058.29..449674.73 rows=2143 width=16) (actual time=37.996..5352.758 rows=33929 loops=1)
                                                   Buffers: shared hit=527927 read=22689
                                                   ->  Bitmap Heap Scan on movie_info mi2  (cost=13057.85..385269.37 rows=9923 width=8) (actual time=37.947..577.278 rows=136421 loops=1)
                                                         Recheck Cond: (info_type_id = 4)
                                                         Filter: ((info)::text = ANY ('{Filipino,Finnish,Italian,Spanish}'::text[]))
                                                         Rows Removed by Filter: 1162568
                                                         Heap Blocks: exact=8393
                                                         Buffers: shared hit=3463 read=5949
                                                         ->  Bitmap Index Scan on info_type_id_movie_info  (cost=0.00..13055.37 rows=1221191 width=0) (actual time=35.738..35.738 rows=1298989 loops=1)
                                                               Index Cond: (info_type_id = 4)
                                                               Buffers: shared read=1019
                                                   ->  Memoize  (cost=0.44..6.56 rows=1 width=8) (actual time=0.035..0.035 rows=0 loops=136421)
                                                         Cache Key: mi2.movie_id
                                                         Cache Mode: logical
                                                         Hits: 1120  Misses: 135301  Evictions: 27670  Overflows: 0  Memory Usage: 8193kB
                                                         Buffers: shared hit=524464 read=16740
                                                         ->  Index Scan using title_pkey on title t  (cost=0.43..6.55 rows=1 width=8) (actual time=0.034..0.034 rows=0 loops=135301)
                                                               Index Cond: (id = mi2.movie_id)
                                                               Filter: ((production_year <= 1990) AND (1950 < production_year))
                                                               Rows Removed by Filter: 1
                                                               Buffers: shared hit=524464 read=16740
                                             ->  Hash  (cost=1.09..1.09 rows=2 width=4) (actual time=0.017..0.018 rows=2 loops=1)
                                                   Buckets: 1024  Batches: 1  Memory Usage: 9kB
                                                   Buffers: shared hit=1
                                                   ->  Seq Scan on kind_type kt  (cost=0.00..1.09 rows=2 width=4) (actual time=0.008..0.010 rows=2 loops=1)
                                                         Filter: ((kind)::text = ANY ('{"tv series","video game"}'::text[]))
                                                         Rows Removed by Filter: 5
                                                         Buffers: shared hit=1
                                       ->  Index Scan using movie_id_movie_info on movie_info mi1  (cost=0.43..42.79 rows=1 width=8) (actual time=0.067..0.068 rows=0 loops=3931)
                                             Index Cond: (movie_id = t.id)
                                             Filter: ((info_type_id = 3) AND ((info)::text = ANY ('{Adventure,Comedy,Documentary,Short}'::text[])))
                                             Rows Removed by Filter: 7
                                             Buffers: shared hit=27273 read=6266
                                 ->  Index Scan using movie_id_cast_info on cast_info ci  (cost=0.44..43.99 rows=38 width=12) (actual time=0.046..0.139 rows=9 loops=953)
                                       Index Cond: (movie_id = t.id)
                                       Buffers: shared hit=5559 read=5227
                           ->  Hash  (cost=1.15..1.15 rows=2 width=4) (actual time=0.019..0.020 rows=2 loops=1)
                                 Buckets: 1024  Batches: 1  Memory Usage: 9kB
                                 Buffers: shared hit=1
                                 ->  Seq Scan on role_type rt  (cost=0.00..1.15 rows=2 width=4) (actual time=0.011..0.013 rows=2 loops=1)
                                       Filter: ((role)::text = ANY ('{editor,"production designer"}'::text[]))
                                       Rows Removed by Filter: 10
                                       Buffers: shared hit=1
                     ->  Index Scan using name_pkey on name n  (cost=0.43..2.32 rows=1 width=4) (actual time=0.046..0.046 rows=0 loops=215)
                           Index Cond: (id = ci.person_id)
                           Filter: ((gender)::text = 'f'::text)
                           Rows Removed by Filter: 1
                           Buffers: shared hit=538 read=322
 Planning:
   Buffers: shared hit=504 read=70
 Planning Time: 13.982 ms
 Execution Time: 5781.567 ms
(78 rows)

