                                                                                               QUERY PLAN                                                                                               
--------------------------------------------------------------------------------------------------------------------------------------------------------------------------------------------------------
 Aggregate  (cost=605274.67..605274.68 rows=1 width=8) (actual time=23166.266..23166.275 rows=1 loops=1)
   Buffers: shared hit=2095514 read=314045
   ->  Nested Loop  (cost=13061.65..605274.37 rows=121 width=0) (actual time=125.502..23160.471 rows=27265 loops=1)
         Buffers: shared hit=2095514 read=314045
         ->  Hash Join  (cost=13061.22..604842.94 rows=186 width=4) (actual time=125.270..18812.572 rows=122524 loops=1)
               Hash Cond: (ci.role_id = rt.id)
               Buffers: shared hit=1644179 read=275284
               ->  Nested Loop  (cost=13060.05..604837.80 rows=1118 width=8) (actual time=124.847..18674.581 rows=630103 loops=1)
                     Buffers: shared hit=1644178 read=275284
                     ->  Nested Loop  (cost=13059.61..601426.42 rows=78 width=12) (actual time=124.781..11860.265 rows=27183 loops=1)
                           Buffers: shared hit=1105746 read=120561
                           ->  Seq Scan on info_type it2  (cost=0.00..2.41 rows=1 width=4) (actual time=0.030..0.043 rows=1 loops=1)
                                 Filter: (id = 4)
                                 Rows Removed by Filter: 112
                                 Buffers: shared hit=1
                           ->  Nested Loop  (cost=13059.61..601423.23 rows=78 width=16) (actual time=124.749..11853.509 rows=27183 loops=1)
                                 Buffers: shared hit=1105745 read=120561
                                 ->  Seq Scan on info_type it1  (cost=0.00..2.41 rows=1 width=4) (actual time=0.008..0.022 rows=1 loops=1)
                                       Filter: (id = 3)
                                       Rows Removed by Filter: 112
                                       Buffers: shared hit=1
                                 ->  Nested Loop  (cost=13059.61..601420.04 rows=78 width=20) (actual time=124.739..11846.707 rows=27183 loops=1)
                                       Buffers: shared hit=1105744 read=120561
                                       ->  Hash Join  (cost=13059.17..489565.56 rows=2634 width=12) (actual time=37.295..6170.504 rows=64594 loops=1)
                                             Hash Cond: (t.kind_id = kt.id)
                                             Buffers: shared hit=564758 read=43203
                                             ->  Nested Loop  (cost=13058.04..489538.53 rows=6146 width=16) (actual time=37.159..6134.772 rows=88595 loops=1)
                                                   Buffers: shared hit=564757 read=43203
                                                   ->  Bitmap Heap Scan on movie_info mi2  (cost=13057.60..430356.66 rows=8917 width=8) (actual time=37.023..754.065 rows=151746 loops=1)
                                                         Recheck Cond: (info_type_id = 4)
                                                         Filter: ((info)::text = ANY ('{Czech,Filipino,German,Japanese,Korean,Russian,Turkish}'::text[]))
                                                         Rows Removed by Filter: 1147243
                                                         Heap Blocks: exact=8393
                                                         Buffers: shared hit=2739 read=6673
                                                         ->  Bitmap Index Scan on info_type_id_movie_info  (cost=0.00..13055.37 rows=1221191 width=0) (actual time=34.596..34.596 rows=1298989 loops=1)
                                                               Index Cond: (info_type_id = 4)
                                                               Buffers: shared hit=1019
                                                   ->  Memoize  (cost=0.44..6.70 rows=1 width=8) (actual time=0.035..0.035 rows=1 loops=151746)
                                                         Cache Key: mi2.movie_id
                                                         Cache Mode: logical
                                                         Hits: 2109  Misses: 149637  Evictions: 57441  Overflows: 0  Memory Usage: 8193kB
                                                         Buffers: shared hit=562018 read=36530
                                                         ->  Index Scan using title_pkey on title t  (cost=0.43..6.69 rows=1 width=8) (actual time=0.034..0.034 rows=1 loops=149637)
                                                               Index Cond: (id = mi2.movie_id)
                                                               Filter: ((production_year <= 2015) AND (1990 < production_year))
                                                               Rows Removed by Filter: 0
                                                               Buffers: shared hit=562018 read=36530
                                             ->  Hash  (cost=1.10..1.10 rows=3 width=4) (actual time=0.014..0.015 rows=3 loops=1)
                                                   Buckets: 1024  Batches: 1  Memory Usage: 9kB
                                                   Buffers: shared hit=1
                                                   ->  Seq Scan on kind_type kt  (cost=0.00..1.10 rows=3 width=4) (actual time=0.008..0.010 rows=3 loops=1)
                                                         Filter: ((kind)::text = ANY ('{episode,movie,"video movie"}'::text[]))
                                                         Rows Removed by Filter: 4
                                                         Buffers: shared hit=1
                                       ->  Index Scan using movie_id_movie_info on movie_info mi1  (cost=0.43..42.46 rows=1 width=8) (actual time=0.087..0.087 rows=0 loops=64594)
                                             Index Cond: (movie_id = t.id)
                                             Filter: ((info_type_id = 3) AND ((info)::text = ANY ('{Animation,Comedy,Crime,Romance,Short,Thriller}'::text[])))
                                             Rows Removed by Filter: 11
                                             Buffers: shared hit=540986 read=77358
                     ->  Index Scan using movie_id_cast_info on cast_info ci  (cost=0.44..43.36 rows=38 width=12) (actual time=0.037..0.244 rows=23 loops=27183)
                           Index Cond: (movie_id = t.id)
                           Buffers: shared hit=538432 read=154723
               ->  Hash  (cost=1.15..1.15 rows=2 width=4) (actual time=0.033..0.034 rows=2 loops=1)
                     Buckets: 1024  Batches: 1  Memory Usage: 9kB
                     Buffers: shared hit=1
                     ->  Seq Scan on role_type rt  (cost=0.00..1.15 rows=2 width=4) (actual time=0.026..0.028 rows=2 loops=1)
                           Filter: ((role)::text = ANY ('{cinematographer,"miscellaneous crew"}'::text[]))
                           Rows Removed by Filter: 10
                           Buffers: shared hit=1
         ->  Index Scan using name_pkey on name n  (cost=0.43..2.32 rows=1 width=4) (actual time=0.035..0.035 rows=0 loops=122524)
               Index Cond: (id = ci.person_id)
               Filter: ((gender)::text = ANY ('{f,m}'::text[]))
               Rows Removed by Filter: 1
               Buffers: shared hit=451335 read=38761
 Planning:
   Buffers: shared hit=574
 Planning Time: 13.317 ms
 Execution Time: 23169.359 ms
(78 rows)

