                                                                                               QUERY PLAN                                                                                               
--------------------------------------------------------------------------------------------------------------------------------------------------------------------------------------------------------
 Aggregate  (cost=560235.14..560235.15 rows=1 width=8) (actual time=8220.738..8220.746 rows=1 loops=1)
   Buffers: shared hit=837164 read=17300
   ->  Nested Loop  (cost=13062.89..560234.99 rows=59 width=0) (actual time=38.902..8219.557 rows=6515 loops=1)
         Buffers: shared hit=837164 read=17300
         ->  Hash Join  (cost=13062.46..560023.91 rows=91 width=4) (actual time=38.857..7986.799 rows=6592 loops=1)
               Hash Cond: (ci.role_id = rt.id)
               Buffers: shared hit=813627 read=14469
               ->  Nested Loop  (cost=13061.28..560020.81 rows=545 width=8) (actual time=38.158..7981.873 rows=17876 loops=1)
                     Buffers: shared hit=813626 read=14469
                     ->  Nested Loop  (cost=13060.84..558327.74 rows=38 width=12) (actual time=38.117..7773.212 rows=1595 loops=1)
                           Buffers: shared hit=793277 read=12462
                           ->  Seq Scan on info_type it2  (cost=0.00..2.41 rows=1 width=4) (actual time=0.036..0.046 rows=1 loops=1)
                                 Filter: (id = 4)
                                 Rows Removed by Filter: 112
                                 Buffers: shared hit=1
                           ->  Nested Loop  (cost=13060.84..558324.95 rows=38 width=16) (actual time=38.080..7772.750 rows=1595 loops=1)
                                 Buffers: shared hit=793276 read=12462
                                 ->  Seq Scan on info_type it1  (cost=0.00..2.41 rows=1 width=4) (actual time=0.009..0.021 rows=1 loops=1)
                                       Filter: (id = 3)
                                       Rows Removed by Filter: 112
                                       Buffers: shared hit=1
                                 ->  Nested Loop  (cost=13060.84..558322.16 rows=38 width=20) (actual time=38.068..7772.300 rows=1595 loops=1)
                                       Buffers: shared hit=793275 read=12462
                                       ->  Hash Join  (cost=13060.41..512174.05 rows=1074 width=12) (actual time=37.101..7590.298 rows=2372 loops=1)
                                             Hash Cond: (t.kind_id = kt.id)
                                             Buffers: shared hit=773183 read=11734
                                             ->  Nested Loop  (cost=13059.27..512162.36 rows=2507 width=16) (actual time=37.057..7579.323 rows=43220 loops=1)
                                                   Buffers: shared hit=773182 read=11734
                                                   ->  Bitmap Heap Scan on movie_info mi2  (cost=13058.83..430357.89 rows=13862 width=8) (actual time=36.282..734.349 rows=195960 loops=1)
                                                         Recheck Cond: (info_type_id = 4)
                                                         Filter: ((info)::text = ANY ('{Danish,Filipino,German,Greek,Korean,Spanish,Turkish}'::text[]))
                                                         Rows Removed by Filter: 1103029
                                                         Heap Blocks: exact=8393
                                                         Buffers: shared hit=9412
                                                         ->  Bitmap Index Scan on info_type_id_movie_info  (cost=0.00..13055.37 rows=1221191 width=0) (actual time=33.848..33.848 rows=1298989 loops=1)
                                                               Index Cond: (info_type_id = 4)
                                                               Buffers: shared hit=1019
                                                   ->  Memoize  (cost=0.44..6.00 rows=1 width=8) (actual time=0.035..0.035 rows=0 loops=195960)
                                                         Cache Key: mi2.movie_id
                                                         Cache Mode: logical
                                                         Hits: 2084  Misses: 193876  Evictions: 82757  Overflows: 0  Memory Usage: 8193kB
                                                         Buffers: shared hit=763770 read=11734
                                                         ->  Index Scan using title_pkey on title t  (cost=0.43..5.99 rows=1 width=8) (actual time=0.034..0.034 rows=0 loops=193876)
                                                               Index Cond: (id = mi2.movie_id)
                                                               Filter: ((production_year <= 1975) AND (1875 < production_year))
                                                               Rows Removed by Filter: 1
                                                               Buffers: shared hit=763770 read=11734
                                             ->  Hash  (cost=1.10..1.10 rows=3 width=4) (actual time=0.015..0.016 rows=3 loops=1)
                                                   Buckets: 1024  Batches: 1  Memory Usage: 9kB
                                                   Buffers: shared hit=1
                                                   ->  Seq Scan on kind_type kt  (cost=0.00..1.10 rows=3 width=4) (actual time=0.008..0.010 rows=3 loops=1)
                                                         Filter: ((kind)::text = ANY ('{"tv series","video game","video movie"}'::text[]))
                                                         Rows Removed by Filter: 4
                                                         Buffers: shared hit=1
                                       ->  Index Scan using movie_id_movie_info on movie_info mi1  (cost=0.43..42.96 rows=1 width=8) (actual time=0.072..0.076 rows=1 loops=2372)
                                             Index Cond: (movie_id = t.id)
                                             Filter: ((info_type_id = 3) AND ((info)::text = ANY ('{Adventure,Comedy,Drama,Romance,Short}'::text[])))
                                             Rows Removed by Filter: 7
                                             Buffers: shared hit=20092 read=728
                     ->  Index Scan using movie_id_cast_info on cast_info ci  (cost=0.44..44.17 rows=38 width=12) (actual time=0.032..0.127 rows=11 loops=1595)
                           Index Cond: (movie_id = t.id)
                           Buffers: shared hit=20349 read=2007
               ->  Hash  (cost=1.15..1.15 rows=2 width=4) (actual time=0.038..0.039 rows=2 loops=1)
                     Buckets: 1024  Batches: 1  Memory Usage: 9kB
                     Buffers: shared hit=1
                     ->  Seq Scan on role_type rt  (cost=0.00..1.15 rows=2 width=4) (actual time=0.028..0.031 rows=2 loops=1)
                           Filter: ((role)::text = ANY ('{actress,"miscellaneous crew"}'::text[]))
                           Rows Removed by Filter: 10
                           Buffers: shared hit=1
         ->  Index Scan using name_pkey on name n  (cost=0.43..2.32 rows=1 width=4) (actual time=0.035..0.035 rows=1 loops=6592)
               Index Cond: (id = ci.person_id)
               Filter: ((gender)::text = ANY ('{f,m}'::text[]))
               Rows Removed by Filter: 0
               Buffers: shared hit=23537 read=2831
 Planning:
   Buffers: shared hit=574
 Planning Time: 12.775 ms
 Execution Time: 8223.818 ms
(78 rows)

