                                                                                                  QUERY PLAN                                                                                                  
--------------------------------------------------------------------------------------------------------------------------------------------------------------------------------------------------------------
 Aggregate  (cost=952013.41..952013.42 rows=1 width=8) (actual time=50393.169..50393.177 rows=1 loops=1)
   Buffers: shared hit=4685033 read=482034, temp read=10697 written=10030
   ->  Nested Loop  (cost=833814.31..952012.04 rows=549 width=0) (actual time=1107.712..50392.404 rows=1270 loops=1)
         Buffers: shared hit=4685033 read=482034, temp read=10697 written=10030
         ->  Seq Scan on info_type it2  (cost=0.00..2.41 rows=1 width=4) (actual time=0.046..0.057 rows=1 loops=1)
               Filter: (id = 4)
               Rows Removed by Filter: 112
               Buffers: shared hit=1
         ->  Nested Loop  (cost=833814.31..952004.13 rows=549 width=4) (actual time=1107.664..50391.881 rows=1270 loops=1)
               Buffers: shared hit=4685032 read=482034, temp read=10697 written=10030
               ->  Seq Scan on info_type it1  (cost=0.00..2.41 rows=1 width=4) (actual time=0.009..0.021 rows=1 loops=1)
                     Filter: (id = 3)
                     Rows Removed by Filter: 112
                     Buffers: shared hit=1
               ->  Nested Loop  (cost=833814.31..951996.23 rows=549 width=8) (actual time=1107.654..50391.402 rows=1270 loops=1)
                     Buffers: shared hit=4685031 read=482034, temp read=10697 written=10030
                     ->  Hash Join  (cost=833813.88..948959.98 rows=1309 width=12) (actual time=1052.543..49585.657 rows=21367 loops=1)
                           Hash Cond: (ci.role_id = rt.id)
                           Buffers: shared hit=4603237 read=478360, temp read=10697 written=10030
                           ->  Nested Loop  (cost=833812.72..948903.02 rows=15710 width=16) (actual time=1047.430..49169.086 rows=2267672 loops=1)
                                 Buffers: shared hit=4603236 read=478360, temp read=10697 written=10030
                                 ->  Nested Loop  (cost=833812.28..901052.01 rows=1096 width=20) (actual time=1047.398..24330.012 rows=111817 loops=1)
                                       Buffers: shared hit=2519674 read=37241, temp read=10697 written=10030
                                       ->  Nested Loop  (cost=833812.14..900989.76 rows=2557 width=24) (actual time=1047.383..23917.559 rows=585582 loops=1)
                                             Buffers: shared hit=2519662 read=37241, temp read=10697 written=10030
                                             ->  Merge Join  (cost=833811.71..834847.18 rows=20175 width=16) (actual time=1047.339..1940.368 rows=634129 loops=1)
                                                   Merge Cond: (mi1.movie_id = mi2.movie_id)
                                                   Buffers: shared hit=11419 read=8968, temp read=10697 written=10030
                                                   ->  Sort  (cost=396975.61..397193.97 rows=87345 width=8) (actual time=515.987..674.563 rows=832683 loops=1)
                                                         Sort Key: mi1.movie_id
                                                         Sort Method: external sort  Disk: 17992kB
                                                         Buffers: shared hit=2007 read=8968, temp read=4490 written=4501
                                                         ->  Bitmap Heap Scan on movie_info mi1  (cost=16470.33..389807.01 rows=87345 width=8) (actual time=41.936..308.773 rows=832683 loops=1)
                                                               Recheck Cond: (info_type_id = 3)
                                                               Filter: ((info)::text = ANY ('{Adult,Adventure,Biography,Comedy,Crime,Documentary,Drama,History,Romance,Thriller}'::text[]))
                                                               Rows Removed by Filter: 701226
                                                               Heap Blocks: exact=9772
                                                               Buffers: shared hit=2007 read=8968
                                                               ->  Bitmap Index Scan on info_type_id_movie_info  (cost=0.00..16448.47 rows=1538671 width=0) (actual time=40.749..40.749 rows=1533909 loops=1)
                                                                     Index Cond: (info_type_id = 3)
                                                                     Buffers: shared hit=1 read=1202
                                                   ->  Sort  (cost=436836.10..437034.60 rows=79399 width=8) (actual time=531.344..753.540 rows=1155204 loops=1)
                                                         Sort Key: mi2.movie_id
                                                         Sort Method: external sort  Disk: 22104kB
                                                         Buffers: shared hit=9412, temp read=5861 written=5529
                                                         ->  Bitmap Heap Scan on movie_info mi2  (cost=13075.22..430374.28 rows=79399 width=8) (actual time=28.697..285.291 rows=1022486 loops=1)
                                                               Recheck Cond: (info_type_id = 4)
                                                               Filter: ((info)::text = ANY ('{English,Finnish,German,Italian,Japanese,Mandarin,Spanish}'::text[]))
                                                               Rows Removed by Filter: 276503
                                                               Heap Blocks: exact=8393
                                                               Buffers: shared hit=9412
                                                               ->  Bitmap Index Scan on info_type_id_movie_info  (cost=0.00..13055.37 rows=1221191 width=0) (actual time=27.663..27.663 rows=1298989 loops=1)
                                                                     Index Cond: (info_type_id = 4)
                                                                     Buffers: shared hit=1019
                                             ->  Index Scan using title_pkey on title t  (cost=0.43..3.28 rows=1 width=8) (actual time=0.034..0.034 rows=1 loops=634129)
                                                   Index Cond: (id = mi1.movie_id)
                                                   Filter: ((production_year <= 2015) AND (1925 < production_year))
                                                   Rows Removed by Filter: 0
                                                   Buffers: shared hit=2508243 read=28273
                                       ->  Memoize  (cost=0.14..0.16 rows=1 width=4) (actual time=0.000..0.000 rows=0 loops=585582)
                                             Cache Key: t.kind_id
                                             Cache Mode: logical
                                             Hits: 585576  Misses: 6  Evictions: 0  Overflows: 0  Memory Usage: 1kB
                                             Buffers: shared hit=12
                                             ->  Index Scan using kind_type_pkey on kind_type kt  (cost=0.13..0.15 rows=1 width=4) (actual time=0.011..0.011 rows=0 loops=6)
                                                   Index Cond: (id = t.kind_id)
                                                   Filter: ((kind)::text = ANY ('{"tv movie","tv series","video game"}'::text[]))
                                                   Rows Removed by Filter: 0
                                                   Buffers: shared hit=12
                                 ->  Index Scan using movie_id_cast_info on cast_info ci  (cost=0.44..43.28 rows=38 width=12) (actual time=0.036..0.216 rows=20 loops=111817)
                                       Index Cond: (movie_id = t.id)
                                       Buffers: shared hit=2083562 read=441119
                           ->  Hash  (cost=1.15..1.15 rows=1 width=4) (actual time=0.017..0.018 rows=1 loops=1)
                                 Buckets: 1024  Batches: 1  Memory Usage: 9kB
                                 Buffers: shared hit=1
                                 ->  Seq Scan on role_type rt  (cost=0.00..1.15 rows=1 width=4) (actual time=0.010..0.012 rows=1 loops=1)
                                       Filter: ((role)::text = 'costume designer'::text)
                                       Rows Removed by Filter: 11
                                       Buffers: shared hit=1
                     ->  Index Scan using name_pkey on name n  (cost=0.43..2.32 rows=1 width=4) (actual time=0.037..0.037 rows=0 loops=21367)
                           Index Cond: (id = ci.person_id)
                           Filter: ((gender)::text = 'm'::text)
                           Rows Removed by Filter: 1
                           Buffers: shared hit=81794 read=3674
 Planning:
   Buffers: shared hit=576 read=1
 Planning Time: 13.398 ms
 Execution Time: 50405.073 ms
(88 rows)

