                                                                                                  QUERY PLAN                                                                                                  
--------------------------------------------------------------------------------------------------------------------------------------------------------------------------------------------------------------
 Aggregate  (cost=957186.71..957186.72 rows=1 width=8) (actual time=145480.334..145480.343 rows=1 loops=1)
   Buffers: shared hit=13122104 read=1911777, temp read=10532 written=9650
   ->  Nested Loop  (cost=848455.67..957185.44 rows=508 width=0) (actual time=1138.384..145425.019 rows=238998 loops=1)
         Buffers: shared hit=13122104 read=1911777, temp read=10532 written=9650
         ->  Seq Scan on info_type it2  (cost=0.00..2.41 rows=1 width=4) (actual time=0.037..0.047 rows=1 loops=1)
               Filter: (id = 4)
               Rows Removed by Filter: 112
               Buffers: shared hit=1
         ->  Nested Loop  (cost=848455.67..957177.95 rows=508 width=4) (actual time=1138.346..145366.911 rows=238998 loops=1)
               Buffers: shared hit=13122103 read=1911777, temp read=10532 written=9650
               ->  Seq Scan on info_type it1  (cost=0.00..2.41 rows=1 width=4) (actual time=0.006..0.019 rows=1 loops=1)
                     Filter: (id = 3)
                     Rows Removed by Filter: 112
                     Buffers: shared hit=1
               ->  Nested Loop  (cost=848455.67..957170.45 rows=508 width=8) (actual time=1138.338..145312.190 rows=238998 loops=1)
                     Buffers: shared hit=13122102 read=1911777, temp read=10532 written=9650
                     ->  Hash Join  (cost=848455.24..954361.52 rows=1211 width=12) (actual time=1137.994..126704.255 rows=490097 loops=1)
                           Hash Cond: (ci.role_id = rt.id)
                           Buffers: shared hit=11417857 read=1655634, temp read=10532 written=9650
                           ->  Nested Loop  (cost=848454.08..954308.73 rows=14535 width=16) (actual time=1137.837..124864.098 rows=9603387 loops=1)
                                 Buffers: shared hit=11417856 read=1655634, temp read=10532 written=9650
                                 ->  Nested Loop  (cost=848453.64..910037.82 rows=1014 width=20) (actual time=1137.794..22327.697 rows=460630 loops=1)
                                       Buffers: shared hit=2321645 read=55978, temp read=10532 written=9650
                                       ->  Nested Loop  (cost=848453.50..909980.14 rows=2366 width=24) (actual time=1137.096..21880.627 rows=518136 loops=1)
                                             Buffers: shared hit=2321633 read=55978, temp read=10532 written=9650
                                             ->  Merge Join  (cost=848453.07..849446.77 rows=18667 width=16) (actual time=1137.042..2055.828 rows=589306 loops=1)
                                                   Merge Cond: (mi1.movie_id = mi2.movie_id)
                                                   Buffers: shared hit=4 read=20383, temp read=10532 written=9650
                                                   ->  Sort  (cost=412370.27..412596.58 rows=90525 width=8) (actual time=604.783..765.192 rows=875631 loops=1)
                                                         Sort Key: mi1.movie_id
                                                         Sort Method: external sort  Disk: 18928kB
                                                         Buffers: shared hit=1 read=10974, temp read=4723 written=4735
                                                         ->  Bitmap Heap Scan on movie_info mi1  (cost=16471.10..404917.33 rows=90525 width=8) (actual time=41.244..387.692 rows=875634 loops=1)
                                                               Recheck Cond: (info_type_id = 3)
                                                               Filter: ((info)::text = ANY ('{Action,Comedy,Drama,Short,Thriller}'::text[]))
                                                               Rows Removed by Filter: 658275
                                                               Heap Blocks: exact=9772
                                                               Buffers: shared hit=1 read=10974
                                                               ->  Bitmap Index Scan on info_type_id_movie_info  (cost=0.00..16448.47 rows=1538671 width=0) (actual time=40.041..40.041 rows=1533909 loops=1)
                                                                     Index Cond: (info_type_id = 3)
                                                                     Buffers: shared read=1203
                                                   ->  Sort  (cost=436082.80..436260.01 rows=70882 width=8) (actual time=532.250..771.490 rows=1096752 loops=1)
                                                         Sort Key: mi2.movie_id
                                                         Sort Method: external sort  Disk: 19648kB
                                                         Buffers: shared hit=3 read=9409, temp read=5356 written=4915
                                                         ->  Bitmap Heap Scan on movie_info mi2  (cost=13073.09..430372.15 rows=70882 width=8) (actual time=30.910..312.411 rows=909275 loops=1)
                                                               Recheck Cond: (info_type_id = 4)
                                                               Filter: ((info)::text = ANY ('{English,Filipino,Greek,Hindi,Serbo-Croatian,Spanish,Swedish}'::text[]))
                                                               Rows Removed by Filter: 389714
                                                               Heap Blocks: exact=8393
                                                               Buffers: shared hit=3 read=9409
                                                               ->  Bitmap Index Scan on info_type_id_movie_info  (cost=0.00..13055.37 rows=1221191 width=0) (actual time=29.868..29.868 rows=1298989 loops=1)
                                                                     Index Cond: (info_type_id = 4)
                                                                     Buffers: shared hit=1 read=1018
                                             ->  Index Scan using title_pkey on title t  (cost=0.43..3.24 rows=1 width=8) (actual time=0.033..0.033 rows=1 loops=589306)
                                                   Index Cond: (id = mi1.movie_id)
                                                   Filter: ((production_year <= 2015) AND (1925 < production_year))
                                                   Rows Removed by Filter: 0
                                                   Buffers: shared hit=2321629 read=35595
                                       ->  Memoize  (cost=0.14..0.16 rows=1 width=4) (actual time=0.000..0.000 rows=1 loops=518136)
                                             Cache Key: t.kind_id
                                             Cache Mode: logical
                                             Hits: 518130  Misses: 6  Evictions: 0  Overflows: 0  Memory Usage: 1kB
                                             Buffers: shared hit=12
                                             ->  Index Scan using kind_type_pkey on kind_type kt  (cost=0.13..0.15 rows=1 width=4) (actual time=0.010..0.010 rows=0 loops=6)
                                                   Index Cond: (id = t.kind_id)
                                                   Filter: ((kind)::text = ANY ('{episode,movie,"video movie"}'::text[]))
                                                   Rows Removed by Filter: 0
                                                   Buffers: shared hit=12
                                 ->  Index Scan using movie_id_cast_info on cast_info ci  (cost=0.44..43.28 rows=38 width=12) (actual time=0.034..0.217 rows=21 loops=460630)
                                       Index Cond: (movie_id = t.id)
                                       Buffers: shared hit=9096211 read=1599656
                           ->  Hash  (cost=1.15..1.15 rows=1 width=4) (actual time=0.017..0.018 rows=1 loops=1)
                                 Buckets: 1024  Batches: 1  Memory Usage: 9kB
                                 Buffers: shared hit=1
                                 ->  Seq Scan on role_type rt  (cost=0.00..1.15 rows=1 width=4) (actual time=0.010..0.011 rows=1 loops=1)
                                       Filter: ((role)::text = 'director'::text)
                                       Rows Removed by Filter: 11
                                       Buffers: shared hit=1
                     ->  Index Scan using name_pkey on name n  (cost=0.43..2.32 rows=1 width=4) (actual time=0.037..0.037 rows=0 loops=490097)
                           Index Cond: (id = ci.person_id)
                           Filter: ((gender)::text = 'm'::text)
                           Rows Removed by Filter: 1
                           Buffers: shared hit=1704245 read=256143
 Planning:
   Buffers: shared hit=485 read=89
 Planning Time: 12.987 ms
 Execution Time: 145492.110 ms
(88 rows)

