                                                                                               QUERY PLAN                                                                                               
--------------------------------------------------------------------------------------------------------------------------------------------------------------------------------------------------------
 Aggregate  (cost=425070.22..425070.23 rows=1 width=8) (actual time=4366.908..4366.915 rows=1 loops=1)
   Buffers: shared hit=337398 read=106786
   ->  Nested Loop  (cost=16454.00..425070.22 rows=3 width=0) (actual time=79.986..4366.694 rows=692 loops=1)
         Buffers: shared hit=337398 read=106786
         ->  Hash Join  (cost=16453.57..425058.62 rows=5 width=4) (actual time=59.511..4292.387 rows=2056 loops=1)
               Hash Cond: (ci.role_id = rt.id)
               Buffers: shared hit=330409 read=105551
               ->  Nested Loop  (cost=16452.39..425057.34 rows=29 width=8) (actual time=59.322..4285.612 rows=47110 loops=1)
                     Buffers: shared hit=330408 read=105551
                     ->  Nested Loop  (cost=16451.95..424968.60 rows=2 width=12) (actual time=59.285..3764.799 rows=1530 loops=1)
                           Buffers: shared hit=295492 read=89878
                           ->  Seq Scan on info_type it2  (cost=0.00..2.41 rows=1 width=4) (actual time=0.032..0.040 rows=1 loops=1)
                                 Filter: (id = 4)
                                 Rows Removed by Filter: 112
                                 Buffers: shared hit=1
                           ->  Nested Loop  (cost=16451.95..424966.16 rows=2 width=16) (actual time=59.252..3764.399 rows=1530 loops=1)
                                 Buffers: shared hit=295491 read=89878
                                 ->  Seq Scan on info_type it1  (cost=0.00..2.41 rows=1 width=4) (actual time=0.009..0.019 rows=1 loops=1)
                                       Filter: (id = 3)
                                       Rows Removed by Filter: 112
                                       Buffers: shared hit=1
                                 ->  Nested Loop  (cost=16451.95..424963.73 rows=2 width=20) (actual time=59.240..3764.004 rows=1530 loops=1)
                                       Buffers: shared hit=295490 read=89878
                                       ->  Hash Join  (cost=16451.52..401653.54 rows=546 width=12) (actual time=41.229..2245.362 rows=11603 loops=1)
                                             Hash Cond: (t.kind_id = kt.id)
                                             Buffers: shared hit=196819 read=33305
                                             ->  Nested Loop  (cost=16450.38..401647.04 rows=1274 width=16) (actual time=41.074..2240.479 rows=14092 loops=1)
                                                   Buffers: shared hit=196818 read=33305
                                                   ->  Bitmap Heap Scan on movie_info mi1  (cost=16449.94..359567.53 rows=5898 width=8) (actual time=41.004..479.141 rows=55388 loops=1)
                                                         Recheck Cond: (info_type_id = 3)
                                                         Filter: ((info)::text = ANY ('{Crime,Sci-Fi}'::text[]))
                                                         Rows Removed by Filter: 1478521
                                                         Heap Blocks: exact=9772
                                                         Buffers: shared hit=53 read=10922
                                                         ->  Bitmap Index Scan on info_type_id_movie_info  (cost=0.00..16448.47 rows=1538671 width=0) (actual time=39.806..39.807 rows=1533909 loops=1)
                                                               Index Cond: (info_type_id = 3)
                                                               Buffers: shared read=1203
                                                   ->  Memoize  (cost=0.44..7.18 rows=1 width=8) (actual time=0.031..0.031 rows=0 loops=55388)
                                                         Cache Key: mi1.movie_id
                                                         Cache Mode: logical
                                                         Hits: 601  Misses: 54787  Evictions: 0  Overflows: 0  Memory Usage: 4184kB
                                                         Buffers: shared hit=196765 read=22383
                                                         ->  Index Scan using title_pkey on title t  (cost=0.43..7.17 rows=1 width=8) (actual time=0.031..0.031 rows=0 loops=54787)
                                                               Index Cond: (id = mi1.movie_id)
                                                               Filter: ((production_year <= 1990) AND (1950 < production_year))
                                                               Rows Removed by Filter: 1
                                                               Buffers: shared hit=196765 read=22383
                                             ->  Hash  (cost=1.10..1.10 rows=3 width=4) (actual time=0.017..0.018 rows=3 loops=1)
                                                   Buckets: 1024  Batches: 1  Memory Usage: 9kB
                                                   Buffers: shared hit=1
                                                   ->  Seq Scan on kind_type kt  (cost=0.00..1.10 rows=3 width=4) (actual time=0.008..0.010 rows=3 loops=1)
                                                         Filter: ((kind)::text = ANY ('{episode,movie,"tv movie"}'::text[]))
                                                         Rows Removed by Filter: 4
                                                         Buffers: shared hit=1
                                       ->  Index Scan using movie_id_movie_info on movie_info mi2  (cost=0.43..42.68 rows=1 width=8) (actual time=0.119..0.130 rows=0 loops=11603)
                                             Index Cond: (movie_id = t.id)
                                             Filter: (((info)::text = ANY ('{French,Japanese}'::text[])) AND (info_type_id = 4))
                                             Rows Removed by Filter: 27
                                             Buffers: shared hit=98671 read=56573
                     ->  Index Scan using movie_id_cast_info on cast_info ci  (cost=0.44..43.99 rows=38 width=12) (actual time=0.038..0.334 rows=31 loops=1530)
                           Index Cond: (movie_id = t.id)
                           Buffers: shared hit=34916 read=15673
               ->  Hash  (cost=1.15..1.15 rows=2 width=4) (actual time=0.033..0.034 rows=2 loops=1)
                     Buckets: 1024  Batches: 1  Memory Usage: 9kB
                     Buffers: shared hit=1
                     ->  Seq Scan on role_type rt  (cost=0.00..1.15 rows=2 width=4) (actual time=0.025..0.027 rows=2 loops=1)
                           Filter: ((role)::text = ANY ('{cinematographer,"production designer"}'::text[]))
                           Rows Removed by Filter: 10
                           Buffers: shared hit=1
         ->  Index Scan using name_pkey on name n  (cost=0.43..2.32 rows=1 width=4) (actual time=0.036..0.036 rows=0 loops=2056)
               Index Cond: (id = ci.person_id)
               Filter: ((gender)::text = ANY ('{f,m}'::text[]))
               Rows Removed by Filter: 1
               Buffers: shared hit=6989 read=1235
 Planning:
   Buffers: shared hit=486 read=88
 Planning Time: 13.153 ms
 Execution Time: 4368.396 ms
(78 rows)

