                                                                                                  QUERY PLAN                                                                                                  
--------------------------------------------------------------------------------------------------------------------------------------------------------------------------------------------------------------
 Aggregate  (cost=916275.79..916275.80 rows=1 width=8) (actual time=108663.900..108663.909 rows=1 loops=1)
   Buffers: shared hit=9808702 read=1400353, temp read=7490 written=6751
   ->  Nested Loop  (cost=818411.70..916272.91 rows=1151 width=0) (actual time=1049.826..108615.299 rows=222363 loops=1)
         Buffers: shared hit=9808702 read=1400353, temp read=7490 written=6751
         ->  Hash Join  (cost=818411.27..912176.64 rows=1766 width=4) (actual time=1049.798..86539.285 rows=607121 loops=1)
               Hash Cond: (ci.role_id = rt.id)
               Buffers: shared hit=7553420 read=1227151, temp read=7490 written=6751
               ->  Nested Loop  (cost=818410.09..912137.83 rows=10593 width=8) (actual time=1049.699..85343.587 rows=5766627 loops=1)
                     Buffers: shared hit=7553419 read=1227151, temp read=7490 written=6751
                     ->  Nested Loop  (cost=818409.65..879817.26 rows=739 width=12) (actual time=1049.672..21272.203 rows=335332 loops=1)
                           Buffers: shared hit=2157958 read=45667, temp read=7490 written=6751
                           ->  Nested Loop  (cost=818409.65..879805.61 rows=739 width=16) (actual time=1049.665..21035.104 rows=335332 loops=1)
                                 Buffers: shared hit=2157957 read=45667, temp read=7490 written=6751
                                 ->  Nested Loop  (cost=818409.65..879793.96 rows=739 width=20) (actual time=1049.649..20808.731 rows=335332 loops=1)
                                       Buffers: shared hit=2157956 read=45667, temp read=7490 written=6751
                                       ->  Nested Loop  (cost=818409.51..879751.62 rows=1725 width=24) (actual time=1049.455..20473.546 rows=389540 loops=1)
                                             Buffers: shared hit=2157944 read=45667, temp read=7490 written=6751
                                             ->  Merge Join  (cost=818409.08..819392.20 rows=18411 width=16) (actual time=1049.403..1927.635 rows=545806 loops=1)
                                                   Merge Cond: (mi1.movie_id = mi2.movie_id)
                                                   Buffers: shared hit=10849 read=9538, temp read=7490 written=6751
                                                   ->  Sort  (cost=442304.23..442522.59 rows=87345 width=8) (actual time=562.823..744.148 rows=821698 loops=1)
                                                         Sort Key: mi1.movie_id
                                                         Sort Method: external merge  Disk: 14520kB
                                                         Buffers: shared hit=7049 read=3926, temp read=1815 written=1826
                                                         ->  Bitmap Heap Scan on movie_info mi1  (cost=16470.30..435135.63 rows=87345 width=8) (actual time=42.673..419.296 rows=821698 loops=1)
                                                               Recheck Cond: (info_type_id = 3)
                                                               Filter: ((info)::text = ANY ('{Comedy,Documentary,Music,Mystery,Sci-Fi,Short,Thriller}'::text[]))
                                                               Rows Removed by Filter: 712211
                                                               Heap Blocks: exact=9772
                                                               Buffers: shared hit=7049 read=3926
                                                               ->  Bitmap Index Scan on info_type_id_movie_info  (cost=0.00..16448.47 rows=1538671 width=0) (actual time=41.465..41.465 rows=1533909 loops=1)
                                                                     Index Cond: (info_type_id = 3)
                                                                     Buffers: shared read=1203
                                                   ->  Sort  (cost=376104.85..376286.00 rows=72457 width=8) (actual time=486.569..701.453 rows=1062636 loops=1)
                                                         Sort Key: mi2.movie_id
                                                         Sort Method: external sort  Disk: 19688kB
                                                         Buffers: shared hit=3800 read=5612, temp read=5294 written=4925
                                                         ->  Bitmap Heap Scan on movie_info mi2  (cost=13073.48..370255.82 rows=72457 width=8) (actual time=31.315..265.149 rows=910913 loops=1)
                                                               Recheck Cond: (info_type_id = 4)
                                                               Filter: ((info)::text = ANY ('{English,Japanese,Spanish}'::text[]))
                                                               Rows Removed by Filter: 388076
                                                               Heap Blocks: exact=8393
                                                               Buffers: shared hit=3800 read=5612
                                                               ->  Bitmap Index Scan on info_type_id_movie_info  (cost=0.00..13055.37 rows=1221191 width=0) (actual time=30.275..30.276 rows=1298989 loops=1)
                                                                     Index Cond: (info_type_id = 4)
                                                                     Buffers: shared hit=1 read=1018
                                             ->  Index Scan using title_pkey on title t  (cost=0.43..3.28 rows=1 width=8) (actual time=0.033..0.033 rows=1 loops=545806)
                                                   Index Cond: (id = mi1.movie_id)
                                                   Filter: ((production_year <= 2015) AND (1990 < production_year))
                                                   Rows Removed by Filter: 0
                                                   Buffers: shared hit=2147095 read=36129
                                       ->  Memoize  (cost=0.14..0.16 rows=1 width=4) (actual time=0.000..0.000 rows=1 loops=389540)
                                             Cache Key: t.kind_id
                                             Cache Mode: logical
                                             Hits: 389534  Misses: 6  Evictions: 0  Overflows: 0  Memory Usage: 1kB
                                             Buffers: shared hit=12
                                             ->  Index Scan using kind_type_pkey on kind_type kt  (cost=0.13..0.15 rows=1 width=4) (actual time=0.010..0.010 rows=0 loops=6)
                                                   Index Cond: (id = t.kind_id)
                                                   Filter: ((kind)::text = ANY ('{episode,movie,"video movie"}'::text[]))
                                                   Rows Removed by Filter: 0
                                                   Buffers: shared hit=12
                                 ->  Materialize  (cost=0.00..2.42 rows=1 width=4) (actual time=0.000..0.000 rows=1 loops=335332)
                                       Buffers: shared hit=1
                                       ->  Seq Scan on info_type it1  (cost=0.00..2.41 rows=1 width=4) (actual time=0.013..0.017 rows=1 loops=1)
                                             Filter: (id = 3)
                                             Rows Removed by Filter: 112
                                             Buffers: shared hit=1
                           ->  Materialize  (cost=0.00..2.42 rows=1 width=4) (actual time=0.000..0.000 rows=1 loops=335332)
                                 Buffers: shared hit=1
                                 ->  Seq Scan on info_type it2  (cost=0.00..2.41 rows=1 width=4) (actual time=0.006..0.011 rows=1 loops=1)
                                       Filter: (id = 4)
                                       Rows Removed by Filter: 112
                                       Buffers: shared hit=1
                     ->  Index Scan using movie_id_cast_info on cast_info ci  (cost=0.44..43.36 rows=38 width=12) (actual time=0.035..0.186 rows=17 loops=335332)
                           Index Cond: (movie_id = t.id)
                           Buffers: shared hit=5395461 read=1181484
               ->  Hash  (cost=1.15..1.15 rows=2 width=4) (actual time=0.034..0.034 rows=2 loops=1)
                     Buckets: 1024  Batches: 1  Memory Usage: 9kB
                     Buffers: shared hit=1
                     ->  Seq Scan on role_type rt  (cost=0.00..1.15 rows=2 width=4) (actual time=0.023..0.025 rows=2 loops=1)
                           Filter: ((role)::text = ANY ('{cinematographer,editor}'::text[]))
                           Rows Removed by Filter: 10
                           Buffers: shared hit=1
         ->  Index Scan using name_pkey on name n  (cost=0.43..2.32 rows=1 width=4) (actual time=0.036..0.036 rows=0 loops=607121)
               Index Cond: (id = ci.person_id)
               Filter: ((gender)::text = ANY ('{f,m}'::text[]))
               Rows Removed by Filter: 1
               Buffers: shared hit=2255282 read=173202
 Planning:
   Buffers: shared hit=519 read=55
 Planning Time: 14.504 ms
 Execution Time: 108673.904 ms
(92 rows)

