                                                                                                  QUERY PLAN                                                                                                  
--------------------------------------------------------------------------------------------------------------------------------------------------------------------------------------------------------------
 Aggregate  (cost=880930.45..880930.46 rows=1 width=8) (actual time=96334.110..96334.118 rows=1 loops=1)
   Buffers: shared hit=8404719 read=1258046, temp read=9207 written=8657
   ->  Nested Loop  (cost=787034.25..880929.38 rows=429 width=0) (actual time=1047.485..96310.410 rows=90724 loops=1)
         Buffers: shared hit=8404719 read=1258046, temp read=9207 written=8657
         ->  Seq Scan on info_type it2  (cost=0.00..2.41 rows=1 width=4) (actual time=0.039..0.049 rows=1 loops=1)
               Filter: (id = 4)
               Rows Removed by Filter: 112
               Buffers: shared read=1
         ->  Nested Loop  (cost=787034.25..880922.68 rows=429 width=4) (actual time=1047.444..96286.719 rows=90724 loops=1)
               Buffers: shared hit=8404719 read=1258045, temp read=9207 written=8657
               ->  Seq Scan on info_type it1  (cost=0.00..2.41 rows=1 width=4) (actual time=0.009..0.022 rows=1 loops=1)
                     Filter: (id = 3)
                     Rows Removed by Filter: 112
                     Buffers: shared hit=1
               ->  Nested Loop  (cost=787034.25..880915.97 rows=429 width=8) (actual time=1047.433..96264.051 rows=90724 loops=1)
                     Buffers: shared hit=8404718 read=1258045, temp read=9207 written=8657
                     ->  Hash Join  (cost=787033.82..878545.43 rows=1022 width=12) (actual time=1046.645..85064.071 rows=290068 loops=1)
                           Hash Cond: (ci.role_id = rt.id)
                           Buffers: shared hit=7359770 read=1142721, temp read=9207 written=8657
                           ->  Nested Loop  (cost=787032.66..878500.68 rows=12270 width=16) (actual time=1046.493..83904.983 rows=5685697 loops=1)
                                 Buffers: shared hit=7359769 read=1142721, temp read=9207 written=8657
                                 ->  Nested Loop  (cost=787032.22..841128.00 rows=856 width=20) (actual time=1046.464..18791.019 rows=353993 loops=1)
                                       Buffers: shared hit=1874169 read=55758, temp read=9207 written=8657
                                       ->  Nested Loop  (cost=787032.08..841079.18 rows=1996 width=24) (actual time=1045.763..18438.767 rows=407644 loops=1)
                                             Buffers: shared hit=1874157 read=55758, temp read=9207 written=8657
                                             ->  Merge Join  (cost=787031.65..787927.44 rows=15752 width=16) (actual time=1045.710..1824.395 rows=477382 loops=1)
                                                   Merge Cond: (mi1.movie_id = mi2.movie_id)
                                                   Buffers: shared hit=4 read=20383, temp read=9207 written=8657
                                                   ->  Sort  (cost=396302.99..396502.50 rows=79806 width=8) (actual time=549.101..688.420 rows=741325 loops=1)
                                                         Sort Key: mi1.movie_id
                                                         Sort Method: external sort  Disk: 16024kB
                                                         Buffers: shared hit=1 read=10974, temp read=3998 written=4008
                                                         ->  Bitmap Heap Scan on movie_info mi1  (cost=16468.42..389805.10 rows=79806 width=8) (actual time=41.482..366.010 rows=741329 loops=1)
                                                               Recheck Cond: (info_type_id = 3)
                                                               Filter: ((info)::text = ANY ('{Comedy,Crime,Documentary,Short}'::text[]))
                                                               Rows Removed by Filter: 792580
                                                               Heap Blocks: exact=9772
                                                               Buffers: shared hit=1 read=10974
                                                               ->  Bitmap Index Scan on info_type_id_movie_info  (cost=0.00..16448.47 rows=1538671 width=0) (actual time=40.296..40.297 rows=1533909 loops=1)
                                                                     Index Cond: (info_type_id = 3)
                                                                     Buffers: shared read=1203
                                                   ->  Sort  (cost=390728.66..390898.28 rows=67848 width=8) (actual time=496.597..698.578 rows=973347 loops=1)
                                                         Sort Key: mi2.movie_id
                                                         Sort Method: external sort  Disk: 18584kB
                                                         Buffers: shared hit=3 read=9409, temp read=4923 written=4649
                                                         ->  Bitmap Heap Scan on movie_info mi2  (cost=13072.33..385283.85 rows=67848 width=8) (actual time=30.663..288.076 rows=859610 loops=1)
                                                               Recheck Cond: (info_type_id = 4)
                                                               Filter: ((info)::text = ANY ('{Dutch,English,French,Serbo-Croatian}'::text[]))
                                                               Rows Removed by Filter: 439379
                                                               Heap Blocks: exact=8393
                                                               Buffers: shared hit=3 read=9409
                                                               ->  Bitmap Index Scan on info_type_id_movie_info  (cost=0.00..13055.37 rows=1221191 width=0) (actual time=29.635..29.636 rows=1298989 loops=1)
                                                                     Index Cond: (info_type_id = 4)
                                                                     Buffers: shared hit=1 read=1018
                                             ->  Index Scan using title_pkey on title t  (cost=0.43..3.37 rows=1 width=8) (actual time=0.034..0.034 rows=1 loops=477382)
                                                   Index Cond: (id = mi1.movie_id)
                                                   Filter: ((production_year <= 2015) AND (1925 < production_year))
                                                   Rows Removed by Filter: 0
                                                   Buffers: shared hit=1874153 read=35375
                                       ->  Memoize  (cost=0.14..0.16 rows=1 width=4) (actual time=0.000..0.000 rows=1 loops=407644)
                                             Cache Key: t.kind_id
                                             Cache Mode: logical
                                             Hits: 407638  Misses: 6  Evictions: 0  Overflows: 0  Memory Usage: 1kB
                                             Buffers: shared hit=12
                                             ->  Index Scan using kind_type_pkey on kind_type kt  (cost=0.13..0.15 rows=1 width=4) (actual time=0.010..0.010 rows=0 loops=6)
                                                   Index Cond: (id = t.kind_id)
                                                   Filter: ((kind)::text = ANY ('{episode,movie,"video movie"}'::text[]))
                                                   Rows Removed by Filter: 0
                                                   Buffers: shared hit=12
                                 ->  Index Scan using movie_id_cast_info on cast_info ci  (cost=0.44..43.28 rows=38 width=12) (actual time=0.036..0.179 rows=16 loops=353993)
                                       Index Cond: (movie_id = t.id)
                                       Buffers: shared hit=5485600 read=1086963
                           ->  Hash  (cost=1.15..1.15 rows=1 width=4) (actual time=0.019..0.020 rows=1 loops=1)
                                 Buckets: 1024  Batches: 1  Memory Usage: 9kB
                                 Buffers: shared hit=1
                                 ->  Seq Scan on role_type rt  (cost=0.00..1.15 rows=1 width=4) (actual time=0.010..0.011 rows=1 loops=1)
                                       Filter: ((role)::text = 'cinematographer'::text)
                                       Rows Removed by Filter: 11
                                       Buffers: shared hit=1
                     ->  Index Scan using name_pkey on name n  (cost=0.43..2.32 rows=1 width=4) (actual time=0.038..0.038 rows=0 loops=290068)
                           Index Cond: (id = ci.person_id)
                           Filter: ((gender)::text = 'm'::text)
                           Rows Removed by Filter: 1
                           Buffers: shared hit=1044948 read=115324
 Planning:
   Buffers: shared hit=486 read=88
 Planning Time: 13.956 ms
 Execution Time: 96344.323 ms
(88 rows)

