                                                                                               QUERY PLAN                                                                                               
--------------------------------------------------------------------------------------------------------------------------------------------------------------------------------------------------------
 Aggregate  (cost=544562.11..544562.12 rows=1 width=8) (actual time=41270.466..41270.473 rows=1 loops=1)
   Buffers: shared hit=3507947 read=742849
   ->  Nested Loop  (cost=16454.68..544561.91 rows=77 width=0) (actual time=44.498..41212.589 rows=363729 loops=1)
         Buffers: shared hit=3507947 read=742849
         ->  Hash Join  (cost=16454.25..544135.12 rows=184 width=4) (actual time=44.467..21582.634 rows=552485 loops=1)
               Hash Cond: (ci.role_id = rt.id)
               Buffers: shared hit=1433674 read=607182
               ->  Nested Loop  (cost=16453.07..544130.03 rows=1104 width=8) (actual time=44.405..21275.146 rows=1014260 loops=1)
                     Buffers: shared hit=1433673 read=607182
                     ->  Nested Loop  (cost=16452.63..540765.30 rows=77 width=12) (actual time=44.370..9322.594 rows=35359 loops=1)
                           Buffers: shared hit=819921 read=139002
                           ->  Seq Scan on info_type it2  (cost=0.00..2.41 rows=1 width=4) (actual time=0.034..0.044 rows=1 loops=1)
                                 Filter: (id = 4)
                                 Rows Removed by Filter: 112
                                 Buffers: shared hit=1
                           ->  Nested Loop  (cost=16452.63..540762.12 rows=77 width=16) (actual time=44.334..9313.203 rows=35359 loops=1)
                                 Buffers: shared hit=819920 read=139002
                                 ->  Seq Scan on info_type it1  (cost=0.00..2.41 rows=1 width=4) (actual time=0.009..0.020 rows=1 loops=1)
                                       Filter: (id = 3)
                                       Rows Removed by Filter: 112
                                       Buffers: shared hit=1
                                 ->  Nested Loop  (cost=16452.63..540758.94 rows=77 width=20) (actual time=44.322..9303.983 rows=35359 loops=1)
                                       Buffers: shared hit=819919 read=139002
                                       ->  Hash Join  (cost=16452.20..417179.26 rows=2926 width=12) (actual time=44.016..3506.646 rows=53789 loops=1)
                                             Hash Cond: (t.kind_id = kt.id)
                                             Buffers: shared hit=310660 read=34912
                                             ->  Nested Loop  (cost=16451.06..417149.35 rows=6827 width=16) (actual time=43.165..3477.192 rows=65522 loops=1)
                                                   Buffers: shared hit=310659 read=34912
                                                   ->  Bitmap Heap Scan on movie_info mi1  (cost=16450.62..359568.21 rows=8617 width=8) (actual time=43.124..542.365 rows=84502 loops=1)
                                                         Recheck Cond: (info_type_id = 3)
                                                         Filter: ((info)::text = ANY ('{Animation,Thriller}'::text[]))
                                                         Rows Removed by Filter: 1449407
                                                         Heap Blocks: exact=9772
                                                         Buffers: shared hit=995 read=9980
                                                         ->  Bitmap Index Scan on info_type_id_movie_info  (cost=0.00..16448.47 rows=1538671 width=0) (actual time=41.898..41.898 rows=1533909 loops=1)
                                                               Index Cond: (info_type_id = 3)
                                                               Buffers: shared hit=1 read=1202
                                                   ->  Memoize  (cost=0.44..6.75 rows=1 width=8) (actual time=0.034..0.034 rows=1 loops=84502)
                                                         Cache Key: mi1.movie_id
                                                         Cache Mode: logical
                                                         Hits: 853  Misses: 83649  Evictions: 0  Overflows: 0  Memory Usage: 8084kB
                                                         Buffers: shared hit=309664 read=24932
                                                         ->  Index Scan using title_pkey on title t  (cost=0.43..6.74 rows=1 width=8) (actual time=0.033..0.033 rows=1 loops=83649)
                                                               Index Cond: (id = mi1.movie_id)
                                                               Filter: ((production_year <= 2015) AND (1975 < production_year))
                                                               Rows Removed by Filter: 0
                                                               Buffers: shared hit=309664 read=24932
                                             ->  Hash  (cost=1.10..1.10 rows=3 width=4) (actual time=0.016..0.017 rows=3 loops=1)
                                                   Buckets: 1024  Batches: 1  Memory Usage: 9kB
                                                   Buffers: shared hit=1
                                                   ->  Seq Scan on kind_type kt  (cost=0.00..1.10 rows=3 width=4) (actual time=0.009..0.011 rows=3 loops=1)
                                                         Filter: ((kind)::text = ANY ('{episode,movie,"video movie"}'::text[]))
                                                         Rows Removed by Filter: 4
                                                         Buffers: shared hit=1
                                       ->  Index Scan using movie_id_movie_info on movie_info mi2  (cost=0.43..42.23 rows=1 width=8) (actual time=0.054..0.107 rows=1 loops=53789)
                                             Index Cond: (movie_id = t.id)
                                             Filter: (((info)::text = ANY ('{English,French}'::text[])) AND (info_type_id = 4))
                                             Rows Removed by Filter: 20
                                             Buffers: shared hit=509259 read=104090
                     ->  Index Scan using movie_id_cast_info on cast_info ci  (cost=0.44..43.32 rows=38 width=12) (actual time=0.037..0.330 rows=29 loops=35359)
                           Index Cond: (movie_id = t.id)
                           Buffers: shared hit=613752 read=468180
               ->  Hash  (cost=1.15..1.15 rows=2 width=4) (actual time=0.037..0.037 rows=2 loops=1)
                     Buckets: 1024  Batches: 1  Memory Usage: 9kB
                     Buffers: shared hit=1
                     ->  Seq Scan on role_type rt  (cost=0.00..1.15 rows=2 width=4) (actual time=0.027..0.030 rows=2 loops=1)
                           Filter: ((role)::text = ANY ('{actor,"miscellaneous crew"}'::text[]))
                           Rows Removed by Filter: 10
                           Buffers: shared hit=1
         ->  Index Scan using name_pkey on name n  (cost=0.43..2.32 rows=1 width=4) (actual time=0.035..0.035 rows=1 loops=552485)
               Index Cond: (id = ci.person_id)
               Filter: ((gender)::text = 'm'::text)
               Rows Removed by Filter: 0
               Buffers: shared hit=2074273 read=135667
 Planning:
   Buffers: shared hit=574
 Planning Time: 13.619 ms
 Execution Time: 41272.822 ms
(78 rows)

