                                                                                            QUERY PLAN                                                                                            
--------------------------------------------------------------------------------------------------------------------------------------------------------------------------------------------------
 Aggregate  (cost=568437.51..568437.52 rows=1 width=8) (actual time=1071.482..1071.488 rows=1 loops=1)
   Buffers: shared hit=40719 read=45308
   ->  Nested Loop  (cost=94164.14..568437.47 rows=18 width=0) (actual time=427.500..1071.465 rows=47 loops=1)
         Buffers: shared hit=40719 read=45308
         ->  Seq Scan on info_type it2  (cost=0.00..2.41 rows=1 width=4) (actual time=0.041..0.046 rows=1 loops=1)
               Filter: (id = 4)
               Rows Removed by Filter: 112
               Buffers: shared hit=1
         ->  Nested Loop  (cost=94164.14..568434.87 rows=18 width=4) (actual time=427.458..1071.404 rows=47 loops=1)
               Buffers: shared hit=40718 read=45308
               ->  Seq Scan on info_type it1  (cost=0.00..2.41 rows=1 width=4) (actual time=0.010..0.016 rows=1 loops=1)
                     Filter: (id = 3)
                     Rows Removed by Filter: 112
                     Buffers: shared hit=1
               ->  Nested Loop  (cost=94164.14..568432.28 rows=18 width=8) (actual time=427.445..1071.370 rows=47 loops=1)
                     Buffers: shared hit=40717 read=45308
                     ->  Hash Join  (cost=94163.71..568251.36 rows=78 width=12) (actual time=417.604..1034.633 rows=1061 loops=1)
                           Hash Cond: (ci.role_id = rt.id)
                           Buffers: shared hit=37229 read=44552
                           ->  Nested Loop  (cost=94162.54..568246.88 rows=932 width=16) (actual time=411.849..1033.144 rows=9577 loops=1)
                                 Buffers: shared hit=37228 read=44552
                                 ->  Nested Loop  (cost=94162.10..565329.72 rows=65 width=20) (actual time=411.818..920.428 rows=1341 loops=1)
                                       Buffers: shared hit=28880 read=40083
                                       ->  Hash Join  (cost=94161.67..452578.87 rows=2620 width=12) (actual time=411.758..749.015 rows=2115 loops=1)
                                             Hash Cond: (mi1.movie_id = t.id)
                                             Buffers: shared hit=7771 read=39596
                                             ->  Bitmap Heap Scan on movie_info mi1  (cost=16459.39..374686.53 rows=43698 width=8) (actual time=42.626..335.240 rows=415444 loops=1)
                                                   Recheck Cond: (info_type_id = 3)
                                                   Filter: ((info)::text = ANY ('{Family,Short,Sport}'::text[]))
                                                   Rows Removed by Filter: 1118465
                                                   Heap Blocks: exact=9772
                                                   Buffers: shared hit=1139 read=9836
                                                   ->  Bitmap Index Scan on info_type_id_movie_info  (cost=0.00..16448.47 rows=1538671 width=0) (actual time=41.403..41.403 rows=1533909 loops=1)
                                                         Index Cond: (info_type_id = 3)
                                                         Buffers: shared hit=1 read=1202
                                             ->  Hash  (cost=75807.58..75807.58 rows=151576 width=4) (actual time=368.071..368.074 rows=11843 loops=1)
                                                   Buckets: 262144  Batches: 1  Memory Usage: 2465kB
                                                   Buffers: shared hit=6632 read=29760
                                                   ->  Hash Join  (cost=1.13..75807.58 rows=151576 width=4) (actual time=0.116..365.063 rows=11843 loops=1)
                                                         Hash Cond: (t.kind_id = kt.id)
                                                         Buffers: shared hit=6632 read=29760
                                                         ->  Seq Scan on title t  (cost=0.00..74315.95 rows=353677 width=8) (actual time=0.026..344.300 rows=347589 loops=1)
                                                               Filter: ((production_year <= 1975) AND (1925 < production_year))
                                                               Rows Removed by Filter: 2180723
                                                               Buffers: shared hit=6631 read=29760
                                                         ->  Hash  (cost=1.10..1.10 rows=3 width=4) (actual time=0.012..0.013 rows=3 loops=1)
                                                               Buckets: 1024  Batches: 1  Memory Usage: 9kB
                                                               Buffers: shared hit=1
                                                               ->  Seq Scan on kind_type kt  (cost=0.00..1.10 rows=3 width=4) (actual time=0.008..0.009 rows=3 loops=1)
                                                                     Filter: ((kind)::text = ANY ('{"tv series","video game","video movie"}'::text[]))
                                                                     Rows Removed by Filter: 4
                                                                     Buffers: shared hit=1
                                       ->  Index Scan using movie_id_movie_info on movie_info mi2  (cost=0.43..43.02 rows=1 width=8) (actual time=0.060..0.081 rows=1 loops=2115)
                                             Index Cond: (movie_id = t.id)
                                             Filter: ((info_type_id = 4) AND ((info)::text = 'English'::text))
                                             Rows Removed by Filter: 11
                                             Buffers: shared hit=21109 read=487
                                 ->  Index Scan using movie_id_cast_info on cast_info ci  (cost=0.44..44.50 rows=38 width=12) (actual time=0.027..0.082 rows=7 loops=1341)
                                       Index Cond: (movie_id = t.id)
                                       Buffers: shared hit=8348 read=4469
                           ->  Hash  (cost=1.15..1.15 rows=1 width=4) (actual time=0.014..0.015 rows=1 loops=1)
                                 Buckets: 1024  Batches: 1  Memory Usage: 9kB
                                 Buffers: shared hit=1
                                 ->  Seq Scan on role_type rt  (cost=0.00..1.15 rows=1 width=4) (actual time=0.008..0.009 rows=1 loops=1)
                                       Filter: ((role)::text = 'writer'::text)
                                       Rows Removed by Filter: 11
                                       Buffers: shared hit=1
                     ->  Index Scan using name_pkey on name n  (cost=0.43..2.32 rows=1 width=4) (actual time=0.034..0.034 rows=0 loops=1061)
                           Index Cond: (id = ci.person_id)
                           Filter: ((gender)::text = 'f'::text)
                           Rows Removed by Filter: 1
                           Buffers: shared hit=3488 read=756
 Planning:
   Buffers: shared hit=574
 Planning Time: 13.285 ms
 Execution Time: 1072.097 ms
(76 rows)

