                                                                                            QUERY PLAN                                                                                            
--------------------------------------------------------------------------------------------------------------------------------------------------------------------------------------------------
 Aggregate  (cost=885780.91..885780.92 rows=1 width=8) (actual time=51704.629..51704.640 rows=1 loops=1)
   Buffers: shared hit=4277018 read=1103126, temp read=4139 written=4139
   ->  Nested Loop  (cost=93535.16..885779.65 rows=503 width=0) (actual time=588.098..51696.728 rows=28024 loops=1)
         Buffers: shared hit=4277018 read=1103126, temp read=4139 written=4139
         ->  Hash Join  (cost=93534.73..883988.98 rows=772 width=4) (actual time=588.054..48413.475 rows=94186 loops=1)
               Hash Cond: (ci.role_id = rt.id)
               Buffers: shared hit=3935198 read=1068202, temp read=4139 written=4139
               ->  Nested Loop  (cost=93533.55..883971.36 rows=4630 width=8) (actual time=587.024..48035.393 rows=2262260 loops=1)
                     Buffers: shared hit=3935197 read=1068202, temp read=4139 written=4139
                     ->  Nested Loop  (cost=93533.11..869638.56 rows=323 width=12) (actual time=586.974..24191.022 rows=102893 loops=1)
                           Buffers: shared hit=2017299 read=461414, temp read=4139 written=4139
                           ->  Seq Scan on info_type it2  (cost=0.00..2.41 rows=1 width=4) (actual time=0.025..0.037 rows=1 loops=1)
                                 Filter: (id = 4)
                                 Rows Removed by Filter: 112
                                 Buffers: shared hit=1
                           ->  Nested Loop  (cost=93533.11..869632.92 rows=323 width=16) (actual time=586.948..24168.120 rows=102893 loops=1)
                                 Buffers: shared hit=2017298 read=461414, temp read=4139 written=4139
                                 ->  Seq Scan on info_type it1  (cost=0.00..2.41 rows=1 width=4) (actual time=0.006..0.021 rows=1 loops=1)
                                       Filter: (id = 3)
                                       Rows Removed by Filter: 112
                                       Buffers: shared hit=1
                                 ->  Nested Loop  (cost=93533.11..869627.28 rows=323 width=20) (actual time=586.940..24144.681 rows=102893 loops=1)
                                       Buffers: shared hit=2017297 read=461414, temp read=4139 written=4139
                                       ->  Hash Join  (cost=93532.68..542832.98 rows=7618 width=12) (actual time=561.531..1901.469 rows=236743 loops=1)
                                             Hash Cond: (mi2.movie_id = t.id)
                                             Buffers: shared hit=13 read=45791, temp read=4139 written=4139
                                             ->  Bitmap Heap Scan on movie_info mi2  (cost=13075.95..460433.37 rows=82320 width=8) (actual time=35.572..638.355 rows=1080830 loops=1)
                                                   Recheck Cond: (info_type_id = 4)
                                                   Filter: ((info)::text = ANY ('{Dutch,English,French,German,Hindi,Japanese,Mandarin,Spanish,Tagalog}'::text[]))
                                                   Rows Removed by Filter: 218159
                                                   Heap Blocks: exact=8393
                                                   Buffers: shared hit=12 read=9400
                                                   ->  Bitmap Index Scan on info_type_id_movie_info  (cost=0.00..13055.37 rows=1221191 width=0) (actual time=34.528..34.528 rows=1298989 loops=1)
                                                         Index Cond: (info_type_id = 4)
                                                         Buffers: shared read=1019
                                             ->  Hash  (cost=76617.93..76617.93 rows=233984 width=4) (actual time=524.849..524.853 rows=504538 loops=1)
                                                   Buckets: 262144 (originally 262144)  Batches: 4 (originally 2)  Memory Usage: 6483kB
                                                   Buffers: shared hit=1 read=36391, temp written=1107
                                                   ->  Hash Join  (cost=1.13..76617.93 rows=233984 width=4) (actual time=0.039..441.911 rows=504538 loops=1)
                                                         Hash Cond: (t.kind_id = kt.id)
                                                         Buffers: shared hit=1 read=36391
                                                         ->  Seq Scan on title t  (cost=0.00..74315.95 rows=545963 width=8) (actual time=0.022..380.135 rows=538239 loops=1)
                                                               Filter: ((production_year <= 1990) AND (1950 < production_year))
                                                               Rows Removed by Filter: 1990073
                                                               Buffers: shared read=36391
                                                         ->  Hash  (cost=1.10..1.10 rows=3 width=4) (actual time=0.013..0.015 rows=3 loops=1)
                                                               Buckets: 1024  Batches: 1  Memory Usage: 9kB
                                                               Buffers: shared hit=1
                                                               ->  Seq Scan on kind_type kt  (cost=0.00..1.10 rows=3 width=4) (actual time=0.006..0.007 rows=3 loops=1)
                                                                     Filter: ((kind)::text = ANY ('{episode,movie,"tv movie"}'::text[]))
                                                                     Rows Removed by Filter: 4
                                                                     Buffers: shared hit=1
                                       ->  Index Scan using movie_id_movie_info on movie_info mi1  (cost=0.43..42.89 rows=1 width=8) (actual time=0.093..0.093 rows=0 loops=236743)
                                             Index Cond: (movie_id = t.id)
                                             Filter: ((info_type_id = 3) AND ((info)::text = ANY ('{Action,Comedy,Documentary,Drama,Horror,Short}'::text[])))
                                             Rows Removed by Filter: 12
                                             Buffers: shared hit=2017284 read=415623
                     ->  Index Scan using movie_id_cast_info on cast_info ci  (cost=0.44..43.99 rows=38 width=12) (actual time=0.035..0.226 rows=22 loops=102893)
                           Index Cond: (movie_id = t.id)
                           Buffers: shared hit=1917898 read=606788
               ->  Hash  (cost=1.15..1.15 rows=2 width=4) (actual time=0.027..0.028 rows=2 loops=1)
                     Buckets: 1024  Batches: 1  Memory Usage: 9kB
                     Buffers: shared hit=1
                     ->  Seq Scan on role_type rt  (cost=0.00..1.15 rows=2 width=4) (actual time=0.020..0.021 rows=2 loops=1)
                           Filter: ((role)::text = ANY ('{editor,"production designer"}'::text[]))
                           Rows Removed by Filter: 10
                           Buffers: shared hit=1
         ->  Index Scan using name_pkey on name n  (cost=0.43..2.32 rows=1 width=4) (actual time=0.034..0.034 rows=0 loops=94186)
               Index Cond: (id = ci.person_id)
               Filter: ((gender)::text = ANY ('{f,m}'::text[]))
               Rows Removed by Filter: 1
               Buffers: shared hit=341820 read=34924
 Planning:
   Buffers: shared hit=482 read=92
 Planning Time: 12.853 ms
 Execution Time: 51705.205 ms
(76 rows)

