                                                                                            QUERY PLAN                                                                                            
--------------------------------------------------------------------------------------------------------------------------------------------------------------------------------------------------
 Aggregate  (cost=710646.43..710646.44 rows=1 width=8) (actual time=30802.000..30802.010 rows=1 loops=1)
   Buffers: shared hit=2525308 read=648800, temp read=3711 written=3711
   ->  Nested Loop  (cost=92253.75..710646.24 rows=77 width=0) (actual time=647.683..30800.630 rows=3255 loops=1)
         Buffers: shared hit=2525308 read=648800, temp read=3711 written=3711
         ->  Seq Scan on info_type it2  (cost=0.00..2.41 rows=1 width=4) (actual time=0.041..0.053 rows=1 loops=1)
               Filter: (id = 4)
               Rows Removed by Filter: 112
               Buffers: shared hit=1
         ->  Nested Loop  (cost=92253.75..710643.05 rows=77 width=4) (actual time=647.641..30799.711 rows=3255 loops=1)
               Buffers: shared hit=2525307 read=648800, temp read=3711 written=3711
               ->  Seq Scan on info_type it1  (cost=0.00..2.41 rows=1 width=4) (actual time=0.012..0.026 rows=1 loops=1)
                     Filter: (id = 3)
                     Rows Removed by Filter: 112
                     Buffers: shared hit=1
               ->  Nested Loop  (cost=92253.75..710639.87 rows=77 width=8) (actual time=647.626..30798.709 rows=3255 loops=1)
                     Buffers: shared hit=2525306 read=648800, temp read=3711 written=3711
                     ->  Hash Join  (cost=92253.32..710213.08 rows=184 width=12) (actual time=607.449..30492.397 rows=9160 loops=1)
                           Hash Cond: (ci.role_id = rt.id)
                           Buffers: shared hit=2493583 read=643883, temp read=3711 written=3711
                           ->  Nested Loop  (cost=92252.16..710204.08 rows=2207 width=16) (actual time=603.539..30338.860 rows=1018120 loops=1)
                                 Buffers: shared hit=2493582 read=643883, temp read=3711 written=3711
                                 ->  Nested Loop  (cost=92251.72..703370.48 rows=154 width=20) (actual time=603.501..19423.519 rows=53688 loops=1)
                                       Buffers: shared hit=1677216 read=304163, temp read=3711 written=3711
                                       ->  Hash Join  (cost=92251.29..511045.31 rows=4478 width=12) (actual time=577.839..1700.653 rows=186862 loops=1)
                                             Hash Cond: (mi2.movie_id = t.id)
                                             Buffers: shared hit=22041 read=23763, temp read=3711 written=3711
                                             ->  Bitmap Heap Scan on movie_info mi2  (cost=13073.51..430372.57 rows=72582 width=8) (actual time=36.164..543.092 rows=945390 loops=1)
                                                   Recheck Cond: (info_type_id = 4)
                                                   Filter: ((info)::text = ANY ('{English,Finnish,Japanese,Russian,Serbo-Croatian,Spanish,Turkish}'::text[]))
                                                   Rows Removed by Filter: 353599
                                                   Heap Blocks: exact=8393
                                                   Buffers: shared hit=10 read=9402
                                                   ->  Bitmap Index Scan on info_type_id_movie_info  (cost=0.00..13055.37 rows=1221191 width=0) (actual time=35.135..35.136 rows=1298989 loops=1)
                                                         Index Cond: (info_type_id = 4)
                                                         Buffers: shared read=1019
                                             ->  Hash  (cost=76617.91..76617.91 rows=155989 width=4) (actual time=540.627..540.630 rows=468350 loops=1)
                                                   Buckets: 262144 (originally 262144)  Batches: 4 (originally 2)  Memory Usage: 6167kB
                                                   Buffers: shared hit=22031 read=14361, temp written=1027
                                                   ->  Hash Join  (cost=1.11..76617.91 rows=155989 width=4) (actual time=0.037..465.777 rows=468350 loops=1)
                                                         Hash Cond: (t.kind_id = kt.id)
                                                         Buffers: shared hit=22031 read=14361
                                                         ->  Seq Scan on title t  (cost=0.00..74315.95 rows=545963 width=8) (actual time=0.021..404.248 rows=538239 loops=1)
                                                               Filter: ((production_year <= 1990) AND (1950 < production_year))
                                                               Rows Removed by Filter: 1990073
                                                               Buffers: shared hit=22030 read=14361
                                                         ->  Hash  (cost=1.09..1.09 rows=2 width=4) (actual time=0.013..0.014 rows=2 loops=1)
                                                               Buckets: 1024  Batches: 1  Memory Usage: 9kB
                                                               Buffers: shared hit=1
                                                               ->  Seq Scan on kind_type kt  (cost=0.00..1.09 rows=2 width=4) (actual time=0.006..0.007 rows=2 loops=1)
                                                                     Filter: ((kind)::text = ANY ('{episode,movie}'::text[]))
                                                                     Rows Removed by Filter: 5
                                                                     Buffers: shared hit=1
                                       ->  Index Scan using movie_id_movie_info on movie_info mi1  (cost=0.43..42.94 rows=1 width=8) (actual time=0.094..0.094 rows=0 loops=186862)
                                             Index Cond: (movie_id = t.id)
                                             Filter: ((info_type_id = 3) AND ((info)::text = ANY ('{Adventure,Comedy,Documentary,History,Sci-Fi,Short,Thriller}'::text[])))
                                             Rows Removed by Filter: 12
                                             Buffers: shared hit=1655175 read=280400
                                 ->  Index Scan using movie_id_cast_info on cast_info ci  (cost=0.44..43.99 rows=38 width=12) (actual time=0.035..0.198 rows=19 loops=53688)
                                       Index Cond: (movie_id = t.id)
                                       Buffers: shared hit=816366 read=339720
                           ->  Hash  (cost=1.15..1.15 rows=1 width=4) (actual time=0.015..0.016 rows=1 loops=1)
                                 Buckets: 1024  Batches: 1  Memory Usage: 9kB
                                 Buffers: shared hit=1
                                 ->  Seq Scan on role_type rt  (cost=0.00..1.15 rows=1 width=4) (actual time=0.009..0.010 rows=1 loops=1)
                                       Filter: ((role)::text = 'production designer'::text)
                                       Rows Removed by Filter: 11
                                       Buffers: shared hit=1
                     ->  Index Scan using name_pkey on name n  (cost=0.43..2.32 rows=1 width=4) (actual time=0.033..0.033 rows=0 loops=9160)
                           Index Cond: (id = ci.person_id)
                           Filter: ((gender)::text = 'm'::text)
                           Rows Removed by Filter: 1
                           Buffers: shared hit=31723 read=4917
 Planning:
   Buffers: shared hit=506 read=68
 Planning Time: 13.788 ms
 Execution Time: 30802.638 ms
(76 rows)

