                                                                                            QUERY PLAN                                                                                            
--------------------------------------------------------------------------------------------------------------------------------------------------------------------------------------------------
 Aggregate  (cost=637092.05..637092.06 rows=1 width=8) (actual time=16422.595..16422.605 rows=1 loops=1)
   Buffers: shared hit=1497948 read=196926, temp read=1871 written=1871
   ->  Nested Loop  (cost=92251.25..637091.74 rows=123 width=0) (actual time=604.549..16419.919 rows=15677 loops=1)
         Buffers: shared hit=1497948 read=196926, temp read=1871 written=1871
         ->  Hash Join  (cost=92250.82..636409.80 rows=294 width=4) (actual time=604.405..15326.270 rows=33825 loops=1)
               Hash Cond: (ci.role_id = rt.id)
               Buffers: shared hit=1378194 read=181380, temp read=1871 written=1871
               ->  Nested Loop  (cost=92249.65..636402.36 rows=1763 width=8) (actual time=604.323..15286.106 rows=229449 loops=1)
                     Buffers: shared hit=1378193 read=181380, temp read=1871 written=1871
                     ->  Nested Loop  (cost=92249.21..630944.36 rows=123 width=12) (actual time=604.242..12869.834 rows=10342 loops=1)
                           Buffers: shared hit=1194350 read=109141, temp read=1871 written=1871
                           ->  Seq Scan on info_type it2  (cost=0.00..2.41 rows=1 width=4) (actual time=0.031..0.042 rows=1 loops=1)
                                 Filter: (id = 4)
                                 Rows Removed by Filter: 112
                                 Buffers: shared hit=1
                           ->  Nested Loop  (cost=92249.21..630940.72 rows=123 width=16) (actual time=604.209..12867.607 rows=10342 loops=1)
                                 Buffers: shared hit=1194349 read=109141, temp read=1871 written=1871
                                 ->  Seq Scan on info_type it1  (cost=0.00..2.41 rows=1 width=4) (actual time=0.008..0.022 rows=1 loops=1)
                                       Filter: (id = 3)
                                       Rows Removed by Filter: 112
                                       Buffers: shared hit=1
                                 ->  Nested Loop  (cost=92249.21..630937.08 rows=123 width=20) (actual time=604.198..12865.235 rows=10342 loops=1)
                                       Buffers: shared hit=1194348 read=109141, temp read=1871 written=1871
                                       ->  Hash Join  (cost=92248.77..465833.39 rows=3858 width=12) (actual time=522.189..1399.250 rows=128831 loops=1)
                                             Hash Cond: (mi2.movie_id = t.id)
                                             Buffers: shared hit=4126 read=41678, temp read=1871 written=1871
                                             ->  Bitmap Heap Scan on movie_info mi2  (cost=13071.00..385282.52 rows=62537 width=8) (actual time=37.672..467.476 rows=796525 loops=1)
                                                   Recheck Cond: (info_type_id = 4)
                                                   Filter: ((info)::text = ANY ('{English,Finnish,Polish,Serbo-Croatian}'::text[]))
                                                   Rows Removed by Filter: 502464
                                                   Heap Blocks: exact=8393
                                                   Buffers: shared hit=4125 read=5287
                                                   ->  Bitmap Index Scan on info_type_id_movie_info  (cost=0.00..13055.37 rows=1221191 width=0) (actual time=36.623..36.623 rows=1298989 loops=1)
                                                         Index Cond: (info_type_id = 4)
                                                         Buffers: shared read=1019
                                             ->  Hash  (cost=76617.91..76617.91 rows=155989 width=4) (actual time=483.401..483.405 rows=347340 loops=1)
                                                   Buckets: 262144  Batches: 2  Memory Usage: 8150kB
                                                   Buffers: shared hit=1 read=36391, temp written=509
                                                   ->  Hash Join  (cost=1.11..76617.91 rows=155989 width=4) (actual time=0.044..425.995 rows=347340 loops=1)
                                                         Hash Cond: (t.kind_id = kt.id)
                                                         Buffers: shared hit=1 read=36391
                                                         ->  Seq Scan on title t  (cost=0.00..74315.95 rows=545963 width=8) (actual time=0.025..373.672 rows=538239 loops=1)
                                                               Filter: ((production_year <= 1990) AND (1950 < production_year))
                                                               Rows Removed by Filter: 1990073
                                                               Buffers: shared read=36391
                                                         ->  Hash  (cost=1.09..1.09 rows=2 width=4) (actual time=0.015..0.016 rows=2 loops=1)
                                                               Buckets: 1024  Batches: 1  Memory Usage: 9kB
                                                               Buffers: shared hit=1
                                                               ->  Seq Scan on kind_type kt  (cost=0.00..1.09 rows=2 width=4) (actual time=0.008..0.009 rows=2 loops=1)
                                                                     Filter: ((kind)::text = ANY ('{episode,"tv movie"}'::text[]))
                                                                     Rows Removed by Filter: 5
                                                                     Buffers: shared hit=1
                                       ->  Index Scan using movie_id_movie_info on movie_info mi1  (cost=0.43..42.79 rows=1 width=8) (actual time=0.088..0.088 rows=0 loops=128831)
                                             Index Cond: (movie_id = t.id)
                                             Filter: ((info_type_id = 3) AND ((info)::text = ANY ('{Comedy,Drama,Game-Show,Short}'::text[])))
                                             Rows Removed by Filter: 9
                                             Buffers: shared hit=1190222 read=67463
                     ->  Index Scan using movie_id_cast_info on cast_info ci  (cost=0.44..43.99 rows=38 width=12) (actual time=0.034..0.228 rows=22 loops=10342)
                           Index Cond: (movie_id = t.id)
                           Buffers: shared hit=183843 read=72239
               ->  Hash  (cost=1.15..1.15 rows=2 width=4) (actual time=0.035..0.036 rows=2 loops=1)
                     Buckets: 1024  Batches: 1  Memory Usage: 9kB
                     Buffers: shared hit=1
                     ->  Seq Scan on role_type rt  (cost=0.00..1.15 rows=2 width=4) (actual time=0.026..0.029 rows=2 loops=1)
                           Filter: ((role)::text = ANY ('{producer,writer}'::text[]))
                           Rows Removed by Filter: 10
                           Buffers: shared hit=1
         ->  Index Scan using name_pkey on name n  (cost=0.43..2.32 rows=1 width=4) (actual time=0.032..0.032 rows=0 loops=33825)
               Index Cond: (id = ci.person_id)
               Filter: ((gender)::text = 'm'::text)
               Rows Removed by Filter: 1
               Buffers: shared hit=119754 read=15546
 Planning:
   Buffers: shared hit=483 read=91
 Planning Time: 14.008 ms
 Execution Time: 16423.251 ms
(76 rows)

