                                                                                            QUERY PLAN                                                                                             
---------------------------------------------------------------------------------------------------------------------------------------------------------------------------------------------------
 Aggregate  (cost=659970.11..659970.12 rows=1 width=8) (actual time=40991.084..40991.094 rows=1 loops=1)
   Buffers: shared hit=3658942 read=478031, temp read=2804 written=2804
   ->  Nested Loop  (cost=90778.48..659969.94 rows=71 width=0) (actual time=536.262..40984.829 rows=20349 loops=1)
         Buffers: shared hit=3658942 read=478031, temp read=2804 written=2804
         ->  Seq Scan on info_type it2  (cost=0.00..2.41 rows=1 width=4) (actual time=0.045..0.056 rows=1 loops=1)
               Filter: (id = 4)
               Rows Removed by Filter: 112
               Buffers: shared hit=1
         ->  Nested Loop  (cost=90778.48..659966.81 rows=71 width=4) (actual time=536.216..40979.719 rows=20349 loops=1)
               Buffers: shared hit=3658941 read=478031, temp read=2804 written=2804
               ->  Seq Scan on info_type it1  (cost=0.00..2.41 rows=1 width=4) (actual time=0.013..0.027 rows=1 loops=1)
                     Filter: (id = 3)
                     Rows Removed by Filter: 112
                     Buffers: shared hit=1
               ->  Nested Loop  (cost=90778.48..659963.69 rows=71 width=8) (actual time=536.200..40974.615 rows=20349 loops=1)
                     Buffers: shared hit=3658940 read=478031, temp read=2804 written=2804
                     ->  Hash Join  (cost=90778.05..659569.37 rows=170 width=12) (actual time=515.148..38648.314 rows=63168 loops=1)
                           Hash Cond: (ci.role_id = rt.id)
                           Buffers: shared hit=3415390 read=468909, temp read=2804 written=2804
                           ->  Nested Loop  (cost=90776.89..659560.98 rows=2035 width=16) (actual time=514.967..38289.347 rows=1906801 loops=1)
                                 Buffers: shared hit=3415389 read=468909, temp read=2804 written=2804
                                 ->  Nested Loop  (cost=90776.45..653188.10 rows=142 width=20) (actual time=514.934..18048.838 rows=75580 loops=1)
                                       Buffers: shared hit=1558604 read=224377, temp read=2804 written=2804
                                       ->  Hash Join  (cost=90775.99..463306.69 rows=4399 width=12) (actual time=513.741..1754.518 rows=156683 loops=1)
                                             Hash Cond: (mi2.movie_id = t.id)
                                             Buffers: shared hit=30121 read=15683, temp read=2804 written=2804
                                             ->  Bitmap Heap Scan on movie_info mi2  (cost=13073.71..385285.23 rows=73384 width=8) (actual time=34.853..577.977 rows=936976 loops=1)
                                                   Recheck Cond: (info_type_id = 4)
                                                   Filter: ((info)::text = ANY ('{English,German,Serbo-Croatian,Spanish}'::text[]))
                                                   Rows Removed by Filter: 362013
                                                   Heap Blocks: exact=8393
                                                   Buffers: shared hit=869 read=8543
                                                   ->  Bitmap Index Scan on info_type_id_movie_info  (cost=0.00..13055.37 rows=1221191 width=0) (actual time=33.817..33.817 rows=1298989 loops=1)
                                                         Index Cond: (info_type_id = 4)
                                                         Buffers: shared read=1019
                                             ->  Hash  (cost=75807.58..75807.58 rows=151576 width=4) (actual time=476.175..476.179 rows=335746 loops=1)
                                                   Buckets: 262144 (originally 262144)  Batches: 2 (originally 1)  Memory Usage: 7957kB
                                                   Buffers: shared hit=29252 read=7140, temp written=491
                                                   ->  Hash Join  (cost=1.13..75807.58 rows=151576 width=4) (actual time=0.051..421.789 rows=335746 loops=1)
                                                         Hash Cond: (t.kind_id = kt.id)
                                                         Buffers: shared hit=29252 read=7140
                                                         ->  Seq Scan on title t  (cost=0.00..74315.95 rows=353677 width=8) (actual time=0.034..379.240 rows=347589 loops=1)
                                                               Filter: ((production_year <= 1975) AND (1925 < production_year))
                                                               Rows Removed by Filter: 2180723
                                                               Buffers: shared hit=29251 read=7140
                                                         ->  Hash  (cost=1.10..1.10 rows=3 width=4) (actual time=0.014..0.015 rows=3 loops=1)
                                                               Buckets: 1024  Batches: 1  Memory Usage: 9kB
                                                               Buffers: shared hit=1
                                                               ->  Seq Scan on kind_type kt  (cost=0.00..1.10 rows=3 width=4) (actual time=0.007..0.008 rows=3 loops=1)
                                                                     Filter: ((kind)::text = ANY ('{episode,movie,"tv movie"}'::text[]))
                                                                     Rows Removed by Filter: 4
                                                                     Buffers: shared hit=1
                                       ->  Index Scan using movie_id_movie_info on movie_info mi1  (cost=0.46..43.15 rows=1 width=8) (actual time=0.103..0.103 rows=0 loops=156683)
                                             Index Cond: (movie_id = t.id)
                                             Filter: ((info_type_id = 3) AND ((info)::text = ANY ('{Action,Adventure,Comedy,Documentary,Drama,Horror,Musical,Mystery,Sci-Fi,Sport,War}'::text[])))
                                             Rows Removed by Filter: 13
                                             Buffers: shared hit=1528483 read=208694
                                 ->  Index Scan using movie_id_cast_info on cast_info ci  (cost=0.44..44.50 rows=38 width=12) (actual time=0.037..0.260 rows=25 loops=75580)
                                       Index Cond: (movie_id = t.id)
                                       Buffers: shared hit=1856785 read=244532
                           ->  Hash  (cost=1.15..1.15 rows=1 width=4) (actual time=0.018..0.018 rows=1 loops=1)
                                 Buckets: 1024  Batches: 1  Memory Usage: 9kB
                                 Buffers: shared hit=1
                                 ->  Seq Scan on role_type rt  (cost=0.00..1.15 rows=1 width=4) (actual time=0.011..0.012 rows=1 loops=1)
                                       Filter: ((role)::text = 'cinematographer'::text)
                                       Rows Removed by Filter: 11
                                       Buffers: shared hit=1
                     ->  Index Scan using name_pkey on name n  (cost=0.43..2.32 rows=1 width=4) (actual time=0.036..0.036 rows=0 loops=63168)
                           Index Cond: (id = ci.person_id)
                           Filter: ((gender)::text = 'm'::text)
                           Rows Removed by Filter: 1
                           Buffers: shared hit=243550 read=9122
 Planning:
   Buffers: shared hit=521 read=56
 Planning Time: 12.634 ms
 Execution Time: 40991.767 ms
(76 rows)

