                                                                                               QUERY PLAN                                                                                               
--------------------------------------------------------------------------------------------------------------------------------------------------------------------------------------------------------
 Aggregate  (cost=418459.62..418459.63 rows=1 width=8) (actual time=6941.745..6941.754 rows=1 loops=1)
   Buffers: shared hit=634337 read=86307
   ->  Nested Loop  (cost=13061.04..418459.62 rows=1 width=0) (actual time=362.367..6937.652 rows=27081 loops=1)
         Buffers: shared hit=634337 read=86307
         ->  Hash Join  (cost=13060.61..418454.98 rows=2 width=4) (actual time=362.314..5951.340 rows=27867 loops=1)
               Hash Cond: (ci.role_id = rt.id)
               Buffers: shared hit=533619 read=75557
               ->  Nested Loop  (cost=13059.43..418453.76 rows=14 width=8) (actual time=362.252..5936.000 rows=52258 loops=1)
                     Buffers: shared hit=533618 read=75557
                     ->  Nested Loop  (cost=13058.99..418409.38 rows=1 width=12) (actual time=362.207..5336.434 rows=2022 loops=1)
                           Buffers: shared hit=488264 read=63722
                           ->  Nested Loop  (cost=13058.99..418406.96 rows=1 width=16) (actual time=362.201..5293.861 rows=2022 loops=1)
                                 Buffers: shared hit=486242 read=63722
                                 ->  Nested Loop  (cost=13058.99..418404.54 rows=1 width=20) (actual time=362.182..5254.165 rows=2022 loops=1)
                                       Buffers: shared hit=484220 read=63722
                                       ->  Hash Join  (cost=13058.56..401156.71 rows=404 width=12) (actual time=43.328..3684.832 rows=15607 loops=1)
                                             Hash Cond: (t.kind_id = kt.id)
                                             Buffers: shared hit=345029 read=39688
                                             ->  Nested Loop  (cost=13057.44..401149.64 rows=1413 width=16) (actual time=36.984..3677.068 rows=18793 loops=1)
                                                   Buffers: shared hit=345028 read=39688
                                                   ->  Bitmap Heap Scan on movie_info mi2  (cost=13057.00..355210.16 rows=6544 width=8) (actual time=36.557..434.026 rows=94167 loops=1)
                                                         Recheck Cond: (info_type_id = 4)
                                                         Filter: ((info)::text = ANY ('{Cantonese,Spanish}'::text[]))
                                                         Rows Removed by Filter: 1204822
                                                         Heap Blocks: exact=8393
                                                         Buffers: shared hit=2590 read=6822
                                                         ->  Bitmap Index Scan on info_type_id_movie_info  (cost=0.00..13055.37 rows=1221191 width=0) (actual time=34.537..34.537 rows=1298989 loops=1)
                                                               Index Cond: (info_type_id = 4)
                                                               Buffers: shared read=1019
                                                   ->  Memoize  (cost=0.44..7.07 rows=1 width=8) (actual time=0.034..0.034 rows=0 loops=94167)
                                                         Cache Key: mi2.movie_id
                                                         Cache Mode: logical
                                                         Hits: 341  Misses: 93826  Evictions: 0  Overflows: 0  Memory Usage: 6964kB
                                                         Buffers: shared hit=342438 read=32866
                                                         ->  Index Scan using title_pkey on title t  (cost=0.43..7.06 rows=1 width=8) (actual time=0.033..0.033 rows=0 loops=93826)
                                                               Index Cond: (id = mi2.movie_id)
                                                               Filter: ((production_year <= 1990) AND (1950 < production_year))
                                                               Rows Removed by Filter: 1
                                                               Buffers: shared hit=342438 read=32866
                                             ->  Hash  (cost=1.09..1.09 rows=2 width=4) (actual time=0.018..0.019 rows=2 loops=1)
                                                   Buckets: 1024  Batches: 1  Memory Usage: 9kB
                                                   Buffers: shared hit=1
                                                   ->  Seq Scan on kind_type kt  (cost=0.00..1.09 rows=2 width=4) (actual time=0.008..0.010 rows=2 loops=1)
                                                         Filter: ((kind)::text = ANY ('{episode,movie}'::text[]))
                                                         Rows Removed by Filter: 5
                                                         Buffers: shared hit=1
                                       ->  Index Scan using movie_id_movie_info on movie_info mi1  (cost=0.43..42.68 rows=1 width=8) (actual time=0.100..0.100 rows=0 loops=15607)
                                             Index Cond: (movie_id = t.id)
                                             Filter: (((info)::text = ANY ('{Action,Horror}'::text[])) AND (info_type_id = 3))
                                             Rows Removed by Filter: 12
                                             Buffers: shared hit=139191 read=24034
                                 ->  Seq Scan on info_type it1  (cost=0.00..2.41 rows=1 width=4) (actual time=0.009..0.017 rows=1 loops=2022)
                                       Filter: (id = 3)
                                       Rows Removed by Filter: 112
                                       Buffers: shared hit=2022
                           ->  Seq Scan on info_type it2  (cost=0.00..2.41 rows=1 width=4) (actual time=0.010..0.019 rows=1 loops=2022)
                                 Filter: (id = 4)
                                 Rows Removed by Filter: 112
                                 Buffers: shared hit=2022
                     ->  Index Scan using movie_id_cast_info on cast_info ci  (cost=0.44..43.99 rows=38 width=12) (actual time=0.038..0.289 rows=26 loops=2022)
                           Index Cond: (movie_id = t.id)
                           Buffers: shared hit=45354 read=11835
               ->  Hash  (cost=1.15..1.15 rows=2 width=4) (actual time=0.036..0.036 rows=2 loops=1)
                     Buckets: 1024  Batches: 1  Memory Usage: 9kB
                     Buffers: shared hit=1
                     ->  Seq Scan on role_type rt  (cost=0.00..1.15 rows=2 width=4) (actual time=0.025..0.028 rows=2 loops=1)
                           Filter: ((role)::text = ANY ('{actor,composer}'::text[]))
                           Rows Removed by Filter: 10
                           Buffers: shared hit=1
         ->  Index Scan using name_pkey on name n  (cost=0.43..2.32 rows=1 width=4) (actual time=0.035..0.035 rows=1 loops=27867)
               Index Cond: (id = ci.person_id)
               Filter: ((gender)::text = 'm'::text)
               Rows Removed by Filter: 0
               Buffers: shared hit=100718 read=10750
 Planning:
   Buffers: shared hit=482 read=92
 Planning Time: 10.503 ms
 Execution Time: 6943.752 ms
(78 rows)

