                                                                                                  QUERY PLAN                                                                                                  
--------------------------------------------------------------------------------------------------------------------------------------------------------------------------------------------------------------
 Aggregate  (cost=941909.60..941909.61 rows=1 width=8) (actual time=121800.935..121800.943 rows=1 loops=1)
   Buffers: shared hit=10672584 read=1838130, temp read=9383 written=8995
   ->  Nested Loop  (cost=847253.18..941909.01 rows=237 width=0) (actual time=1137.448..121790.601 rows=23476 loops=1)
         Buffers: shared hit=10672584 read=1838130, temp read=9383 written=8995
         ->  Seq Scan on info_type it2  (cost=0.00..2.41 rows=1 width=4) (actual time=0.047..0.057 rows=1 loops=1)
               Filter: (id = 4)
               Rows Removed by Filter: 112
               Buffers: shared hit=1
         ->  Nested Loop  (cost=847253.18..941904.22 rows=237 width=4) (actual time=1137.399..121783.758 rows=23476 loops=1)
               Buffers: shared hit=10672583 read=1838130, temp read=9383 written=8995
               ->  Seq Scan on info_type it1  (cost=0.00..2.41 rows=1 width=4) (actual time=0.009..0.021 rows=1 loops=1)
                     Filter: (id = 3)
                     Rows Removed by Filter: 112
                     Buffers: shared hit=1
               ->  Nested Loop  (cost=847253.18..941899.44 rows=237 width=8) (actual time=1137.389..121776.862 rows=23476 loops=1)
                     Buffers: shared hit=10672582 read=1838130, temp read=9383 written=8995
                     ->  Hash Join  (cost=847252.75..939535.85 rows=1019 width=12) (actual time=1098.572..107214.586 rows=376901 loops=1)
                           Hash Cond: (ci.role_id = rt.id)
                           Buffers: shared hit=9404953 read=1598155, temp read=9383 written=8995
                           ->  Nested Loop  (cost=847251.59..939491.26 rows=12227 width=16) (actual time=1098.402..105670.441 rows=8229908 loops=1)
                                 Buffers: shared hit=9404952 read=1598155, temp read=9383 written=8995
                                 ->  Nested Loop  (cost=847251.15..902249.55 rows=853 width=20) (actual time=1098.372..18471.928 rows=349136 loops=1)
                                       Buffers: shared hit=1924014 read=39957, temp read=9383 written=8995
                                       ->  Nested Loop  (cost=847251.01..902200.87 rows=1990 width=24) (actual time=1097.486..18108.343 rows=443416 loops=1)
                                             Join Filter: (t.id = mi1.movie_id)
                                             Buffers: shared hit=1924002 read=39957, temp read=9383 written=8995
                                             ->  Merge Join  (cost=847250.58..848142.73 rows=15703 width=16) (actual time=1097.445..1885.147 rows=485893 loops=1)
                                                   Merge Cond: (mi1.movie_id = mi2.movie_id)
                                                   Buffers: shared hit=8463 read=11924, temp read=9383 written=8995
                                                   ->  Sort  (cost=425746.09..425923.68 rows=71035 width=8) (actual time=572.517..700.234 rows=691479 loops=1)
                                                         Sort Key: mi1.movie_id
                                                         Sort Method: external sort  Disk: 14944kB
                                                         Buffers: shared hit=3712 read=7263, temp read=3729 written=3738
                                                         ->  Bitmap Heap Scan on movie_info mi1  (cost=16466.23..420022.01 rows=71035 width=8) (actual time=42.467..401.115 rows=691479 loops=1)
                                                               Recheck Cond: (info_type_id = 3)
                                                               Filter: ((info)::text = ANY ('{Biography,Comedy,Documentary,Drama,Family,Romance}'::text[]))
                                                               Rows Removed by Filter: 842430
                                                               Heap Blocks: exact=9772
                                                               Buffers: shared hit=3712 read=7263
                                                               ->  Bitmap Index Scan on info_type_id_movie_info  (cost=0.00..16448.47 rows=1538671 width=0) (actual time=41.272..41.272 rows=1533909 loops=1)
                                                                     Index Cond: (info_type_id = 3)
                                                                     Buffers: shared read=1203
                                                   ->  Sort  (cost=421504.48..421694.46 rows=75989 width=8) (actual time=524.918..743.382 rows=1055899 loops=1)
                                                         Sort Key: mi2.movie_id
                                                         Sort Method: external sort  Disk: 21016kB
                                                         Buffers: shared hit=4751 read=4661, temp read=5449 written=5257
                                                         ->  Bitmap Heap Scan on movie_info mi2  (cost=13074.36..415344.24 rows=75989 width=8) (actual time=30.584..290.782 rows=972364 loops=1)
                                                               Recheck Cond: (info_type_id = 4)
                                                               Filter: ((info)::text = ANY ('{English,Filipino,German,Portuguese,Spanish,Tagalog}'::text[]))
                                                               Rows Removed by Filter: 326625
                                                               Heap Blocks: exact=8393
                                                               Buffers: shared hit=4751 read=4661
                                                               ->  Bitmap Index Scan on info_type_id_movie_info  (cost=0.00..13055.37 rows=1221191 width=0) (actual time=29.549..29.549 rows=1298989 loops=1)
                                                                     Index Cond: (info_type_id = 4)
                                                                     Buffers: shared hit=1 read=1018
                                             ->  Index Scan using title_pkey on title t  (cost=0.43..3.43 rows=1 width=8) (actual time=0.033..0.033 rows=1 loops=485893)
                                                   Index Cond: (id = mi2.movie_id)
                                                   Filter: ((production_year <= 2015) AND (1925 < production_year))
                                                   Rows Removed by Filter: 0
                                                   Buffers: shared hit=1915539 read=28033
                                       ->  Memoize  (cost=0.14..0.16 rows=1 width=4) (actual time=0.000..0.000 rows=1 loops=443416)
                                             Cache Key: t.kind_id
                                             Cache Mode: logical
                                             Hits: 443410  Misses: 6  Evictions: 0  Overflows: 0  Memory Usage: 1kB
                                             Buffers: shared hit=12
                                             ->  Index Scan using kind_type_pkey on kind_type kt  (cost=0.13..0.15 rows=1 width=4) (actual time=0.011..0.011 rows=0 loops=6)
                                                   Index Cond: (id = t.kind_id)
                                                   Filter: ((kind)::text = ANY ('{episode,movie,"video movie"}'::text[]))
                                                   Rows Removed by Filter: 0
                                                   Buffers: shared hit=12
                                 ->  Index Scan using movie_id_cast_info on cast_info ci  (cost=0.44..43.28 rows=38 width=12) (actual time=0.035..0.243 rows=24 loops=349136)
                                       Index Cond: (movie_id = t.id)
                                       Buffers: shared hit=7480938 read=1558198
                           ->  Hash  (cost=1.15..1.15 rows=1 width=4) (actual time=0.020..0.021 rows=1 loops=1)
                                 Buckets: 1024  Batches: 1  Memory Usage: 9kB
                                 Buffers: shared hit=1
                                 ->  Seq Scan on role_type rt  (cost=0.00..1.15 rows=1 width=4) (actual time=0.011..0.012 rows=1 loops=1)
                                       Filter: ((role)::text = 'director'::text)
                                       Rows Removed by Filter: 11
                                       Buffers: shared hit=1
                     ->  Index Scan using name_pkey on name n  (cost=0.43..2.32 rows=1 width=4) (actual time=0.038..0.038 rows=0 loops=376901)
                           Index Cond: (id = ci.person_id)
                           Filter: ((gender)::text = 'f'::text)
                           Rows Removed by Filter: 1
                           Buffers: shared hit=1267629 read=239975
 Planning:
   Buffers: shared hit=520 read=54
 Planning Time: 14.177 ms
 Execution Time: 121811.504 ms
(89 rows)

