                                                                                               QUERY PLAN                                                                                               
--------------------------------------------------------------------------------------------------------------------------------------------------------------------------------------------------------
 Aggregate  (cost=356549.05..356549.06 rows=1 width=8) (actual time=1099.954..1099.960 rows=1 loops=1)
   Buffers: shared hit=64057 read=43838
   ->  Nested Loop  (cost=13059.43..356549.05 rows=1 width=0) (actual time=122.234..1099.927 rows=34 loops=1)
         Buffers: shared hit=64057 read=43838
         ->  Hash Join  (cost=13059.00..356544.41 rows=2 width=4) (actual time=109.330..1036.610 rows=2184 loops=1)
               Hash Cond: (ci.role_id = rt.id)
               Buffers: shared hit=57012 read=42147
               ->  Nested Loop  (cost=13057.82..356543.18 rows=14 width=8) (actual time=108.398..1034.568 rows=15042 loops=1)
                     Buffers: shared hit=57011 read=42147
                     ->  Nested Loop  (cost=13057.38..356499.45 rows=1 width=12) (actual time=108.343..866.331 rows=1518 loops=1)
                           Buffers: shared hit=43314 read=36667
                           ->  Nested Loop  (cost=13057.38..356497.03 rows=1 width=16) (actual time=108.330..843.566 rows=1518 loops=1)
                                 Buffers: shared hit=41796 read=36667
                                 ->  Nested Loop  (cost=13057.38..356494.60 rows=1 width=20) (actual time=108.286..821.860 rows=1518 loops=1)
                                       Buffers: shared hit=40278 read=36667
                                       ->  Hash Join  (cost=13056.95..355733.91 rows=18 width=12) (actual time=45.119..482.435 rows=3859 loops=1)
                                             Hash Cond: (t.kind_id = kt.id)
                                             Buffers: shared hit=18901 read=17072
                                             ->  Nested Loop  (cost=13055.81..355732.60 rows=43 width=16) (actual time=37.188..481.133 rows=5098 loops=1)
                                                   Buffers: shared hit=18900 read=17072
                                                   ->  Bitmap Heap Scan on movie_info mi2  (cost=13055.38..355208.54 rows=62 width=8) (actual time=37.150..279.328 rows=6640 loops=1)
                                                         Recheck Cond: (info_type_id = 4)
                                                         Filter: ((info)::text = ANY ('{Hebrew,Norwegian}'::text[]))
                                                         Rows Removed by Filter: 1292349
                                                         Heap Blocks: exact=8393
                                                         Buffers: shared hit=7 read=9405
                                                         ->  Bitmap Index Scan on info_type_id_movie_info  (cost=0.00..13055.37 rows=1221191 width=0) (actual time=35.173..35.173 rows=1298989 loops=1)
                                                               Index Cond: (info_type_id = 4)
                                                               Buffers: shared read=1019
                                                   ->  Index Scan using title_pkey on title t  (cost=0.43..8.45 rows=1 width=8) (actual time=0.030..0.030 rows=1 loops=6640)
                                                         Index Cond: (id = mi2.movie_id)
                                                         Filter: ((production_year <= 2015) AND (1990 < production_year))
                                                         Rows Removed by Filter: 0
                                                         Buffers: shared hit=18893 read=7667
                                             ->  Hash  (cost=1.10..1.10 rows=3 width=4) (actual time=0.020..0.021 rows=3 loops=1)
                                                   Buckets: 1024  Batches: 1  Memory Usage: 9kB
                                                   Buffers: shared hit=1
                                                   ->  Seq Scan on kind_type kt  (cost=0.00..1.10 rows=3 width=4) (actual time=0.010..0.012 rows=3 loops=1)
                                                         Filter: ((kind)::text = ANY ('{episode,movie,"video movie"}'::text[]))
                                                         Rows Removed by Filter: 4
                                                         Buffers: shared hit=1
                                       ->  Index Scan using movie_id_movie_info on movie_info mi1  (cost=0.43..42.25 rows=1 width=8) (actual time=0.088..0.088 rows=0 loops=3859)
                                             Index Cond: (movie_id = t.id)
                                             Filter: ((info_type_id = 3) AND ((info)::text = 'Short'::text))
                                             Rows Removed by Filter: 15
                                             Buffers: shared hit=21377 read=19595
                                 ->  Seq Scan on info_type it1  (cost=0.00..2.41 rows=1 width=4) (actual time=0.008..0.013 rows=1 loops=1518)
                                       Filter: (id = 3)
                                       Rows Removed by Filter: 112
                                       Buffers: shared hit=1518
                           ->  Seq Scan on info_type it2  (cost=0.00..2.41 rows=1 width=4) (actual time=0.009..0.014 rows=1 loops=1518)
                                 Filter: (id = 4)
                                 Rows Removed by Filter: 112
                                 Buffers: shared hit=1518
                     ->  Index Scan using movie_id_cast_info on cast_info ci  (cost=0.44..43.36 rows=38 width=12) (actual time=0.031..0.109 rows=10 loops=1518)
                           Index Cond: (movie_id = t.id)
                           Buffers: shared hit=13697 read=5480
               ->  Hash  (cost=1.15..1.15 rows=2 width=4) (actual time=0.031..0.031 rows=2 loops=1)
                     Buckets: 1024  Batches: 1  Memory Usage: 9kB
                     Buffers: shared hit=1
                     ->  Seq Scan on role_type rt  (cost=0.00..1.15 rows=2 width=4) (actual time=0.022..0.023 rows=2 loops=1)
                           Filter: ((role)::text = ANY ('{cinematographer,composer}'::text[]))
                           Rows Removed by Filter: 10
                           Buffers: shared hit=1
         ->  Index Scan using name_pkey on name n  (cost=0.43..2.32 rows=1 width=4) (actual time=0.029..0.029 rows=0 loops=2184)
               Index Cond: (id = ci.person_id)
               Filter: ((gender)::text = 'f'::text)
               Rows Removed by Filter: 1
               Buffers: shared hit=7045 read=1691
 Planning:
   Buffers: shared hit=484 read=90
 Planning Time: 13.333 ms
 Execution Time: 1100.416 ms
(73 rows)

