                                                                                               QUERY PLAN                                                                                               
--------------------------------------------------------------------------------------------------------------------------------------------------------------------------------------------------------
 Aggregate  (cost=513537.94..513537.95 rows=1 width=8) (actual time=15098.839..15098.850 rows=1 loops=1)
   Buffers: shared hit=1400474 read=172412
   ->  Nested Loop  (cost=13061.06..513537.83 rows=41 width=0) (actual time=540.958..15096.434 rows=9923 loops=1)
         Buffers: shared hit=1400474 read=172412
         ->  Hash Join  (cost=13060.63..513310.52 rows=98 width=4) (actual time=540.880..13796.495 rows=34119 loops=1)
               Hash Cond: (ci.role_id = rt.id)
               Buffers: shared hit=1278798 read=157612
               ->  Nested Loop  (cost=13059.45..513307.26 rows=588 width=8) (actual time=540.148..13748.662 rows=212139 loops=1)
                     Buffers: shared hit=1278797 read=157612
                     ->  Nested Loop  (cost=13059.01..511517.21 rows=41 width=12) (actual time=540.076..10984.113 rows=21748 loops=1)
                           Buffers: shared hit=1076589 read=87731
                           ->  Seq Scan on info_type it2  (cost=0.00..2.41 rows=1 width=4) (actual time=0.032..0.045 rows=1 loops=1)
                                 Filter: (id = 4)
                                 Rows Removed by Filter: 112
                                 Buffers: shared hit=1
                           ->  Nested Loop  (cost=13059.01..511514.39 rows=41 width=16) (actual time=540.042..10978.929 rows=21748 loops=1)
                                 Buffers: shared hit=1076588 read=87731
                                 ->  Seq Scan on info_type it1  (cost=0.00..2.41 rows=1 width=4) (actual time=0.009..0.023 rows=1 loops=1)
                                       Filter: (id = 3)
                                       Rows Removed by Filter: 112
                                       Buffers: shared hit=1
                                 ->  Nested Loop  (cost=13059.01..511511.57 rows=41 width=20) (actual time=540.029..10973.531 rows=21748 loops=1)
                                       Buffers: shared hit=1076587 read=87731
                                       ->  Hash Join  (cost=13058.58..401176.47 rows=2614 width=12) (actual time=38.581..4018.254 rows=81698 loops=1)
                                             Hash Cond: (t.kind_id = kt.id)
                                             Buffers: shared hit=346497 read=39772
                                             ->  Nested Loop  (cost=13057.44..401149.64 rows=6100 width=16) (actual time=38.402..3978.650 rows=93900 loops=1)
                                                   Buffers: shared hit=346496 read=39772
                                                   ->  Bitmap Heap Scan on movie_info mi2  (cost=13057.00..355210.16 rows=6544 width=8) (actual time=38.353..455.388 rows=94535 loops=1)
                                                         Recheck Cond: (info_type_id = 4)
                                                         Filter: ((info)::text = ANY ('{Korean,Spanish}'::text[]))
                                                         Rows Removed by Filter: 1204454
                                                         Heap Blocks: exact=8393
                                                         Buffers: shared hit=2432 read=6980
                                                         ->  Bitmap Index Scan on info_type_id_movie_info  (cost=0.00..13055.37 rows=1221191 width=0) (actual time=36.362..36.363 rows=1298989 loops=1)
                                                               Index Cond: (info_type_id = 4)
                                                               Buffers: shared read=1019
                                                   ->  Memoize  (cost=0.44..7.07 rows=1 width=8) (actual time=0.037..0.037 rows=1 loops=94535)
                                                         Cache Key: mi2.movie_id
                                                         Cache Mode: logical
                                                         Hits: 321  Misses: 94214  Evictions: 16397  Overflows: 0  Memory Usage: 8193kB
                                                         Buffers: shared hit=344064 read=32792
                                                         ->  Index Scan using title_pkey on title t  (cost=0.43..7.06 rows=1 width=8) (actual time=0.035..0.035 rows=1 loops=94214)
                                                               Index Cond: (id = mi2.movie_id)
                                                               Filter: ((production_year <= 2015) AND (1925 < production_year))
                                                               Rows Removed by Filter: 0
                                                               Buffers: shared hit=344064 read=32792
                                             ->  Hash  (cost=1.10..1.10 rows=3 width=4) (actual time=0.021..0.022 rows=3 loops=1)
                                                   Buckets: 1024  Batches: 1  Memory Usage: 9kB
                                                   Buffers: shared hit=1
                                                   ->  Seq Scan on kind_type kt  (cost=0.00..1.10 rows=3 width=4) (actual time=0.010..0.012 rows=3 loops=1)
                                                         Filter: ((kind)::text = ANY ('{episode,movie,"video movie"}'::text[]))
                                                         Rows Removed by Filter: 4
                                                         Buffers: shared hit=1
                                       ->  Index Scan using movie_id_movie_info on movie_info mi1  (cost=0.43..42.20 rows=1 width=8) (actual time=0.084..0.085 rows=0 loops=81698)
                                             Index Cond: (movie_id = t.id)
                                             Filter: (((info)::text = ANY ('{Sci-Fi,Short}'::text[])) AND (info_type_id = 3))
                                             Rows Removed by Filter: 10
                                             Buffers: shared hit=730090 read=47959
                     ->  Index Scan using movie_id_cast_info on cast_info ci  (cost=0.44..43.28 rows=38 width=12) (actual time=0.036..0.124 rows=10 loops=21748)
                           Index Cond: (movie_id = t.id)
                           Buffers: shared hit=202208 read=69881
               ->  Hash  (cost=1.15..1.15 rows=2 width=4) (actual time=0.037..0.038 rows=2 loops=1)
                     Buckets: 1024  Batches: 1  Memory Usage: 9kB
                     Buffers: shared hit=1
                     ->  Seq Scan on role_type rt  (cost=0.00..1.15 rows=2 width=4) (actual time=0.028..0.030 rows=2 loops=1)
                           Filter: ((role)::text = ANY ('{composer,writer}'::text[]))
                           Rows Removed by Filter: 10
                           Buffers: shared hit=1
         ->  Index Scan using name_pkey on name n  (cost=0.43..2.32 rows=1 width=4) (actual time=0.038..0.038 rows=0 loops=34119)
               Index Cond: (id = ci.person_id)
               Filter: ((gender)::text = 'm'::text)
               Rows Removed by Filter: 1
               Buffers: shared hit=121676 read=14800
 Planning:
   Buffers: shared hit=529 read=45
 Planning Time: 13.884 ms
 Execution Time: 15101.277 ms
(78 rows)

