                                                                                               QUERY PLAN                                                                                               
--------------------------------------------------------------------------------------------------------------------------------------------------------------------------------------------------------
 Aggregate  (cost=1034371.80..1034371.81 rows=1 width=8) (actual time=26357.344..26357.356 rows=1 loops=1)
   Buffers: shared hit=2181321 read=487835, temp read=3844 written=3844
   ->  Nested Loop  (cost=505373.67..1034366.57 rows=2093 width=0) (actual time=1197.108..26352.394 rows=17597 loops=1)
         Buffers: shared hit=2181321 read=487835, temp read=3844 written=3844
         ->  Hash Join  (cost=505373.24..1026918.59 rows=3211 width=4) (actual time=1196.544..23527.958 rows=82800 loops=1)
               Hash Cond: (ci.role_id = rt.id)
               Buffers: shared hit=1879814 read=458142, temp read=3844 written=3844
               ->  Nested Loop  (cost=505372.06..1026848.99 rows=19265 width=8) (actual time=1196.458..23200.024 rows=2047637 loops=1)
                     Buffers: shared hit=1879813 read=458142, temp read=3844 written=3844
                     ->  Nested Loop  (cost=505371.62..968119.28 rows=1344 width=12) (actual time=1196.414..2282.449 rows=103305 loops=1)
                           Buffers: shared hit=26594 read=30187, temp read=3844 written=3844
                           ->  Seq Scan on info_type it2  (cost=0.00..2.41 rows=1 width=4) (actual time=0.028..0.040 rows=1 loops=1)
                                 Filter: (id = 4)
                                 Rows Removed by Filter: 112
                                 Buffers: shared hit=1
                           ->  Nested Loop  (cost=505371.62..968103.43 rows=1344 width=16) (actual time=1196.384..2261.411 rows=103305 loops=1)
                                 Buffers: shared hit=26593 read=30187, temp read=3844 written=3844
                                 ->  Seq Scan on info_type it1  (cost=0.00..2.41 rows=1 width=4) (actual time=0.010..0.024 rows=1 loops=1)
                                       Filter: (id = 3)
                                       Rows Removed by Filter: 112
                                       Buffers: shared hit=1
                                 ->  Hash Join  (cost=505371.62..968087.58 rows=1344 width=20) (actual time=1196.369..2239.089 rows=103305 loops=1)
                                       Hash Cond: (mi2.movie_id = t.id)
                                       Buffers: shared hit=26592 read=30187, temp read=3844 written=3844
                                       ->  Bitmap Heap Scan on movie_info mi2  (cost=13076.43..475463.03 rows=84243 width=8) (actual time=37.233..688.449 rows=1091601 loops=1)
                                             Recheck Cond: (info_type_id = 4)
                                             Filter: ((info)::text = ANY ('{Danish,Dutch,English,Filipino,French,German,Japanese,Russian,Spanish,Swedish}'::text[]))
                                             Rows Removed by Filter: 207388
                                             Heap Blocks: exact=8393
                                             Buffers: shared hit=1 read=9411
                                             ->  Bitmap Index Scan on info_type_id_movie_info  (cost=0.00..13055.37 rows=1221191 width=0) (actual time=36.186..36.186 rows=1298989 loops=1)
                                                   Index Cond: (info_type_id = 4)
                                                   Buffers: shared read=1019
                                       ->  Hash  (cost=491790.85..491790.85 rows=40348 width=12) (actual time=1157.118..1157.124 rows=116827 loops=1)
                                             Buckets: 131072 (originally 65536)  Batches: 1 (originally 1)  Memory Usage: 6044kB
                                             Buffers: shared hit=26591 read=20776, temp read=3844 written=3844
                                             ->  Hash Join  (cost=113321.04..491790.85 rows=40348 width=12) (actual time=625.429..1137.305 rows=116827 loops=1)
                                                   Hash Cond: (mi1.movie_id = t.id)
                                                   Buffers: shared hit=26591 read=20776, temp read=3844 written=3844
                                                   ->  Bitmap Heap Scan on movie_info mi1  (cost=16478.20..389814.88 rows=118837 width=8) (actual time=37.791..308.608 rows=1133889 loops=1)
                                                         Recheck Cond: (info_type_id = 3)
                                                         Filter: ((info)::text = ANY ('{Action,Adult,Biography,Comedy,Documentary,Drama,Musical,Romance,Short}'::text[]))
                                                         Rows Removed by Filter: 400020
                                                         Heap Blocks: exact=9772
                                                         Buffers: shared hit=4882 read=6093
                                                         ->  Bitmap Index Scan on info_type_id_movie_info  (cost=0.00..16448.47 rows=1538671 width=0) (actual time=36.600..36.600 rows=1533909 loops=1)
                                                               Index Cond: (info_type_id = 3)
                                                               Buffers: shared hit=1 read=1202
                                                   ->  Hash  (cost=82758.38..82758.38 rows=858437 width=4) (actual time=586.549..586.553 rows=174146 loops=1)
                                                         Buckets: 262144  Batches: 8  Memory Usage: 2813kB
                                                         Buffers: shared hit=21709 read=14683, temp written=443
                                                         ->  Hash Join  (cost=1.13..82758.38 rows=858437 width=4) (actual time=0.047..561.712 rows=174146 loops=1)
                                                               Hash Cond: (t.kind_id = kt.id)
                                                               Buffers: shared hit=21709 read=14683
                                                               ->  Seq Scan on title t  (cost=0.00..74315.95 rows=2003019 width=8) (actual time=0.024..445.024 rows=2004612 loops=1)
                                                                     Filter: ((production_year <= 2015) AND (1975 < production_year))
                                                                     Rows Removed by Filter: 523700
                                                                     Buffers: shared hit=21708 read=14683
                                                               ->  Hash  (cost=1.10..1.10 rows=3 width=4) (actual time=0.013..0.014 rows=3 loops=1)
                                                                     Buckets: 1024  Batches: 1  Memory Usage: 9kB
                                                                     Buffers: shared hit=1
                                                                     ->  Seq Scan on kind_type kt  (cost=0.00..1.10 rows=3 width=4) (actual time=0.008..0.009 rows=3 loops=1)
                                                                           Filter: ((kind)::text = ANY ('{"tv movie","tv series","video game"}'::text[]))
                                                                           Rows Removed by Filter: 4
                                                                           Buffers: shared hit=1
                     ->  Index Scan using movie_id_cast_info on cast_info ci  (cost=0.44..43.32 rows=38 width=12) (actual time=0.033..0.197 rows=20 loops=103305)
                           Index Cond: (movie_id = t.id)
                           Buffers: shared hit=1853219 read=427955
               ->  Hash  (cost=1.15..1.15 rows=2 width=4) (actual time=0.032..0.033 rows=2 loops=1)
                     Buckets: 1024  Batches: 1  Memory Usage: 9kB
                     Buffers: shared hit=1
                     ->  Seq Scan on role_type rt  (cost=0.00..1.15 rows=2 width=4) (actual time=0.025..0.026 rows=2 loops=1)
                           Filter: ((role)::text = ANY ('{editor,"production designer"}'::text[]))
                           Rows Removed by Filter: 10
                           Buffers: shared hit=1
         ->  Index Scan using name_pkey on name n  (cost=0.43..2.32 rows=1 width=4) (actual time=0.034..0.034 rows=0 loops=82800)
               Index Cond: (id = ci.person_id)
               Filter: ((gender)::text = ANY ('{f,m}'::text[]))
               Rows Removed by Filter: 1
               Buffers: shared hit=301507 read=29693
 Planning:
   Buffers: shared hit=489 read=88
 Planning Time: 14.231 ms
 Execution Time: 26358.273 ms
(84 rows)

