                                                                                            QUERY PLAN                                                                                            
--------------------------------------------------------------------------------------------------------------------------------------------------------------------------------------------------
 Aggregate  (cost=780348.33..780348.34 rows=1 width=8) (actual time=2173.509..2173.518 rows=1 loops=1)
   Buffers: shared hit=112799 read=83042, temp read=1694 written=1694
   ->  Nested Loop  (cost=92536.83..780348.01 rows=129 width=0) (actual time=604.836..2173.498 rows=16 loops=1)
         Buffers: shared hit=112799 read=83042, temp read=1694 written=1694
         ->  Seq Scan on info_type it2  (cost=0.00..2.41 rows=1 width=4) (actual time=0.045..0.054 rows=1 loops=1)
               Filter: (id = 4)
               Rows Removed by Filter: 112
               Buffers: shared hit=1
         ->  Nested Loop  (cost=92536.83..780344.31 rows=129 width=4) (actual time=604.789..2173.435 rows=16 loops=1)
               Buffers: shared hit=112798 read=83042, temp read=1694 written=1694
               ->  Seq Scan on info_type it1  (cost=0.00..2.41 rows=1 width=4) (actual time=0.010..0.021 rows=1 loops=1)
                     Filter: (id = 3)
                     Rows Removed by Filter: 112
                     Buffers: shared hit=1
               ->  Nested Loop  (cost=92536.83..780340.61 rows=129 width=8) (actual time=604.776..2173.403 rows=16 loops=1)
                     Buffers: shared hit=112797 read=83042, temp read=1694 written=1694
                     ->  Hash Join  (cost=92536.40..779626.19 rows=308 width=12) (actual time=420.580..2169.246 rows=149 loops=1)
                           Hash Cond: (ci.role_id = rt.id)
                           Buffers: shared hit=112371 read=82872, temp read=1694 written=1694
                           ->  Nested Loop  (cost=92535.24..779611.90 rows=3698 width=16) (actual time=419.618..2164.072 rows=43787 loops=1)
                                 Buffers: shared hit=112370 read=82872, temp read=1694 written=1694
                                 ->  Nested Loop  (cost=92534.80..768116.88 rows=258 width=20) (actual time=419.579..1613.829 rows=5210 loops=1)
                                       Buffers: shared hit=70391 read=66560, temp read=1694 written=1694
                                       ->  Hash Join  (cost=92534.34..511552.23 rows=5975 width=12) (actual time=419.516..923.149 rows=9179 loops=1)
                                             Hash Cond: (mi2.movie_id = t.id)
                                             Buffers: shared hit=527 read=45277, temp read=1694 written=1694
                                             ->  Bitmap Heap Scan on movie_info mi2  (cost=13074.64..430373.70 rows=77088 width=8) (actual time=36.292..342.436 rows=980968 loops=1)
                                                   Recheck Cond: (info_type_id = 4)
                                                   Filter: ((info)::text = ANY ('{Danish,English,German,Greek,Mandarin,Portuguese,Spanish}'::text[]))
                                                   Rows Removed by Filter: 318021
                                                   Heap Blocks: exact=8393
                                                   Buffers: shared hit=526 read=8886
                                                   ->  Bitmap Index Scan on info_type_id_movie_info  (cost=0.00..13055.37 rows=1221191 width=0) (actual time=35.249..35.249 rows=1298989 loops=1)
                                                         Index Cond: (info_type_id = 4)
                                                         Buffers: shared read=1019
                                             ->  Hash  (cost=76244.10..76244.10 rows=195968 width=4) (actual time=380.204..380.207 rows=11843 loops=1)
                                                   Buckets: 262144  Batches: 2  Memory Usage: 2260kB
                                                   Buffers: shared hit=1 read=36391, temp written=17
                                                   ->  Hash Join  (cost=1.13..76244.10 rows=195968 width=4) (actual time=0.142..377.549 rows=11843 loops=1)
                                                         Hash Cond: (t.kind_id = kt.id)
                                                         Buffers: shared hit=1 read=36391
                                                         ->  Seq Scan on title t  (cost=0.00..74315.95 rows=457258 width=8) (actual time=0.022..351.574 rows=451569 loops=1)
                                                               Filter: ((production_year <= 1975) AND (1875 < production_year))
                                                               Rows Removed by Filter: 2076743
                                                               Buffers: shared read=36391
                                                         ->  Hash  (cost=1.10..1.10 rows=3 width=4) (actual time=0.014..0.015 rows=3 loops=1)
                                                               Buckets: 1024  Batches: 1  Memory Usage: 9kB
                                                               Buffers: shared hit=1
                                                               ->  Seq Scan on kind_type kt  (cost=0.00..1.10 rows=3 width=4) (actual time=0.006..0.008 rows=3 loops=1)
                                                                     Filter: ((kind)::text = ANY ('{"tv series","video game","video movie"}'::text[]))
                                                                     Rows Removed by Filter: 4
                                                                     Buffers: shared hit=1
                                       ->  Index Scan using movie_id_movie_info on movie_info mi1  (cost=0.46..42.93 rows=1 width=8) (actual time=0.073..0.075 rows=1 loops=9179)
                                             Index Cond: (movie_id = t.id)
                                             Filter: ((info_type_id = 3) AND ((info)::text = ANY ('{Biography,Comedy,Crime,Documentary,Drama,History,Musical,Short,Western}'::text[])))
                                             Rows Removed by Filter: 10
                                             Buffers: shared hit=69864 read=21283
                                 ->  Index Scan using movie_id_cast_info on cast_info ci  (cost=0.44..44.17 rows=38 width=12) (actual time=0.032..0.104 rows=8 loops=5210)
                                       Index Cond: (movie_id = t.id)
                                       Buffers: shared hit=41979 read=16312
                           ->  Hash  (cost=1.15..1.15 rows=1 width=4) (actual time=0.017..0.018 rows=1 loops=1)
                                 Buckets: 1024  Batches: 1  Memory Usage: 9kB
                                 Buffers: shared hit=1
                                 ->  Seq Scan on role_type rt  (cost=0.00..1.15 rows=1 width=4) (actual time=0.010..0.011 rows=1 loops=1)
                                       Filter: ((role)::text = 'costume designer'::text)
                                       Rows Removed by Filter: 11
                                       Buffers: shared hit=1
                     ->  Index Scan using name_pkey on name n  (cost=0.43..2.32 rows=1 width=4) (actual time=0.027..0.027 rows=0 loops=149)
                           Index Cond: (id = ci.person_id)
                           Filter: ((gender)::text = 'm'::text)
                           Rows Removed by Filter: 1
                           Buffers: shared hit=426 read=170
 Planning:
   Buffers: shared hit=483 read=94
 Planning Time: 14.385 ms
 Execution Time: 2174.108 ms
(76 rows)

