                                                                                               QUERY PLAN                                                                                               
--------------------------------------------------------------------------------------------------------------------------------------------------------------------------------------------------------
 Aggregate  (cost=979063.76..979063.77 rows=1 width=8) (actual time=21681.040..21681.051 rows=1 loops=1)
   Buffers: shared hit=1854289 read=320507, temp read=3356 written=3356
   ->  Nested Loop  (cost=502658.74..979060.31 rows=1383 width=0) (actual time=1210.833..21676.505 rows=15237 loops=1)
         Buffers: shared hit=1854289 read=320507, temp read=3356 written=3356
         ->  Hash Join  (cost=502658.31..974138.29 rows=2122 width=4) (actual time=1210.720..19677.666 rows=58834 loops=1)
               Hash Cond: (ci.role_id = rt.id)
               Buffers: shared hit=1636237 read=303223, temp read=3356 written=3356
               ->  Nested Loop  (cost=502657.14..974091.89 rows=12729 width=8) (actual time=1210.480..19382.111 rows=1800138 loops=1)
                     Buffers: shared hit=1636236 read=303223, temp read=3356 written=3356
                     ->  Nested Loop  (cost=502656.70..935322.10 rows=888 width=12) (actual time=1210.439..2006.487 rows=60021 loops=1)
                           Buffers: shared hit=5579 read=51202, temp read=3356 written=3356
                           ->  Nested Loop  (cost=502656.70..935308.59 rows=888 width=16) (actual time=1210.430..1966.726 rows=60021 loops=1)
                                 Buffers: shared hit=5578 read=51202, temp read=3356 written=3356
                                 ->  Hash Join  (cost=502656.70..935295.07 rows=888 width=20) (actual time=1210.411..1929.243 rows=60021 loops=1)
                                       Hash Cond: (mi2.movie_id = t.id)
                                       Buffers: shared hit=5577 read=51202, temp read=3356 written=3356
                                       ->  Bitmap Heap Scan on movie_info mi2  (cost=13075.45..445403.69 rows=80335 width=8) (actual time=35.274..558.428 rows=1025659 loops=1)
                                             Recheck Cond: (info_type_id = 4)
                                             Filter: ((info)::text = ANY ('{Arabic,English,German,Greek,Italian,Japanese,None,Spanish}'::text[]))
                                             Rows Removed by Filter: 273330
                                             Heap Blocks: exact=8393
                                             Buffers: shared hit=2560 read=6852
                                             ->  Bitmap Index Scan on info_type_id_movie_info  (cost=0.00..13055.37 rows=1221191 width=0) (actual time=34.237..34.238 rows=1298989 loops=1)
                                                   Index Cond: (info_type_id = 4)
                                                   Buffers: shared hit=1019
                                       ->  Hash  (cost=489231.95..489231.95 rows=27944 width=12) (actual time=1118.607..1118.612 rows=73798 loops=1)
                                             Buckets: 131072 (originally 32768)  Batches: 1 (originally 1)  Memory Usage: 4196kB
                                             Buffers: shared hit=3017 read=44350, temp read=3356 written=3356
                                             ->  Hash Join  (cost=111771.36..489231.95 rows=27944 width=12) (actual time=640.074..1105.880 rows=73798 loops=1)
                                                   Hash Cond: (mi1.movie_id = t.id)
                                                   Buffers: shared hit=3017 read=44350, temp read=3356 written=3356
                                                   ->  Bitmap Heap Scan on movie_info mi1  (cost=16474.73..389811.41 rows=104925 width=8) (actual time=38.445..319.901 rows=1022738 loops=1)
                                                         Recheck Cond: (info_type_id = 3)
                                                         Filter: ((info)::text = ANY ('{Action,Adventure,Animation,Comedy,Drama,History,Music,News,Sci-Fi,Short,Thriller}'::text[]))
                                                         Rows Removed by Filter: 511171
                                                         Heap Blocks: exact=9772
                                                         Buffers: shared hit=993 read=9982
                                                         ->  Bitmap Index Scan on info_type_id_movie_info  (cost=0.00..16448.47 rows=1538671 width=0) (actual time=37.252..37.253 rows=1533909 loops=1)
                                                               Index Cond: (info_type_id = 3)
                                                               Buffers: shared hit=1 read=1202
                                                   ->  Hash  (cost=84248.85..84248.85 rows=673342 width=4) (actual time=570.018..570.021 rows=112892 loops=1)
                                                         Buckets: 262144  Batches: 8  Memory Usage: 2543kB
                                                         Buffers: shared hit=2024 read=34368, temp written=286
                                                         ->  Hash Join  (cost=1.11..84248.85 rows=673342 width=4) (actual time=306.617..553.811 rows=112892 loops=1)
                                                               Hash Cond: (t.kind_id = kt.id)
                                                               Buffers: shared hit=2024 read=34368
                                                               ->  Seq Scan on title t  (cost=0.00..74315.95 rows=2356696 width=8) (actual time=0.019..424.253 rows=2352201 loops=1)
                                                                     Filter: ((production_year <= 2015) AND (1925 < production_year))
                                                                     Rows Removed by Filter: 176111
                                                                     Buffers: shared hit=2023 read=34368
                                                               ->  Hash  (cost=1.09..1.09 rows=2 width=4) (actual time=0.011..0.013 rows=2 loops=1)
                                                                     Buckets: 1024  Batches: 1  Memory Usage: 9kB
                                                                     Buffers: shared hit=1
                                                                     ->  Seq Scan on kind_type kt  (cost=0.00..1.09 rows=2 width=4) (actual time=0.007..0.008 rows=2 loops=1)
                                                                           Filter: ((kind)::text = ANY ('{"tv movie","video game"}'::text[]))
                                                                           Rows Removed by Filter: 5
                                                                           Buffers: shared hit=1
                                 ->  Materialize  (cost=0.00..2.42 rows=1 width=4) (actual time=0.000..0.000 rows=1 loops=60021)
                                       Buffers: shared hit=1
                                       ->  Seq Scan on info_type it1  (cost=0.00..2.41 rows=1 width=4) (actual time=0.014..0.018 rows=1 loops=1)
                                             Filter: (id = 3)
                                             Rows Removed by Filter: 112
                                             Buffers: shared hit=1
                           ->  Materialize  (cost=0.00..2.42 rows=1 width=4) (actual time=0.000..0.000 rows=1 loops=60021)
                                 Buffers: shared hit=1
                                 ->  Seq Scan on info_type it2  (cost=0.00..2.41 rows=1 width=4) (actual time=0.008..0.012 rows=1 loops=1)
                                       Filter: (id = 4)
                                       Rows Removed by Filter: 112
                                       Buffers: shared hit=1
                     ->  Index Scan using movie_id_cast_info on cast_info ci  (cost=0.44..43.28 rows=38 width=12) (actual time=0.034..0.281 rows=30 loops=60021)
                           Index Cond: (movie_id = t.id)
                           Buffers: shared hit=1630657 read=252021
               ->  Hash  (cost=1.15..1.15 rows=2 width=4) (actual time=0.032..0.033 rows=2 loops=1)
                     Buckets: 1024  Batches: 1  Memory Usage: 9kB
                     Buffers: shared hit=1
                     ->  Seq Scan on role_type rt  (cost=0.00..1.15 rows=2 width=4) (actual time=0.025..0.027 rows=2 loops=1)
                           Filter: ((role)::text = ANY ('{cinematographer,editor}'::text[]))
                           Rows Removed by Filter: 10
                           Buffers: shared hit=1
         ->  Index Scan using name_pkey on name n  (cost=0.43..2.32 rows=1 width=4) (actual time=0.033..0.033 rows=0 loops=58834)
               Index Cond: (id = ci.person_id)
               Filter: ((gender)::text = ANY ('{f,m}'::text[]))
               Rows Removed by Filter: 1
               Buffers: shared hit=218052 read=17284
 Planning:
   Buffers: shared hit=577
 Planning Time: 13.141 ms
 Execution Time: 21681.835 ms
(88 rows)

