                                                                                            QUERY PLAN                                                                                            
--------------------------------------------------------------------------------------------------------------------------------------------------------------------------------------------------
 Aggregate  (cost=679947.60..679947.61 rows=1 width=8) (actual time=36007.672..36007.682 rows=1 loops=1)
   Buffers: shared hit=3301458 read=417676, temp read=2695 written=2695
   ->  Nested Loop  (cost=95925.86..679947.51 rows=37 width=0) (actual time=577.760..36006.388 rows=2668 loops=1)
         Buffers: shared hit=3301458 read=417676, temp read=2695 written=2695
         ->  Seq Scan on info_type it2  (cost=0.00..2.41 rows=1 width=4) (actual time=0.027..0.039 rows=1 loops=1)
               Filter: (id = 4)
               Rows Removed by Filter: 112
               Buffers: shared read=1
         ->  Nested Loop  (cost=95925.86..679944.72 rows=37 width=4) (actual time=577.731..36005.481 rows=2668 loops=1)
               Buffers: shared hit=3301458 read=417675, temp read=2695 written=2695
               ->  Seq Scan on info_type it1  (cost=0.00..2.41 rows=1 width=4) (actual time=0.008..0.022 rows=1 loops=1)
                     Filter: (id = 3)
                     Rows Removed by Filter: 112
                     Buffers: shared hit=1
               ->  Nested Loop  (cost=95925.86..679941.94 rows=37 width=8) (actual time=577.721..36004.488 rows=2668 loops=1)
                     Buffers: shared hit=3301457 read=417675, temp read=2695 written=2695
                     ->  Hash Join  (cost=95925.43..679568.50 rows=161 width=12) (actual time=555.942..32674.694 rows=89899 loops=1)
                           Hash Cond: (ci.role_id = rt.id)
                           Buffers: shared hit=2964407 read=395129, temp read=2695 written=2695
                           ->  Nested Loop  (cost=95924.27..679560.47 rows=1935 width=16) (actual time=555.823..32458.497 rows=1016974 loops=1)
                                 Buffers: shared hit=2964406 read=395129, temp read=2695 written=2695
                                 ->  Nested Loop  (cost=95923.83..673545.63 rows=135 width=20) (actual time=555.788..19838.291 rows=102251 loops=1)
                                       Buffers: shared hit=1837970 read=218970, temp read=2695 written=2695
                                       ->  Hash Join  (cost=95923.39..470777.56 rows=4719 width=12) (actual time=555.700..1602.904 rows=192662 loops=1)
                                             Hash Cond: (mi1.movie_id = t.id)
                                             Buffers: shared hit=103 read=47264, temp read=2695 written=2695
                                             ->  Bitmap Heap Scan on movie_info mi1  (cost=16463.69..389800.37 rows=60880 width=8) (actual time=39.255..644.516 rows=573842 loops=1)
                                                   Recheck Cond: (info_type_id = 3)
                                                   Filter: ((info)::text = ANY ('{Comedy,History,Musical,Short}'::text[]))
                                                   Rows Removed by Filter: 960067
                                                   Heap Blocks: exact=9772
                                                   Buffers: shared hit=102 read=10873
                                                   ->  Bitmap Index Scan on info_type_id_movie_info  (cost=0.00..16448.47 rows=1538671 width=0) (actual time=38.053..38.054 rows=1533909 loops=1)
                                                         Index Cond: (info_type_id = 3)
                                                         Buffers: shared read=1203
                                             ->  Hash  (cost=76244.10..76244.10 rows=195968 width=4) (actual time=514.877..514.881 rows=439726 loops=1)
                                                   Buckets: 262144 (originally 262144)  Batches: 4 (originally 2)  Memory Usage: 6145kB
                                                   Buffers: shared hit=1 read=36391, temp written=966
                                                   ->  Hash Join  (cost=1.13..76244.10 rows=195968 width=4) (actual time=0.040..434.392 rows=439726 loops=1)
                                                         Hash Cond: (t.kind_id = kt.id)
                                                         Buffers: shared hit=1 read=36391
                                                         ->  Seq Scan on title t  (cost=0.00..74315.95 rows=457258 width=8) (actual time=0.021..374.914 rows=451569 loops=1)
                                                               Filter: ((production_year <= 1975) AND (1875 < production_year))
                                                               Rows Removed by Filter: 2076743
                                                               Buffers: shared read=36391
                                                         ->  Hash  (cost=1.10..1.10 rows=3 width=4) (actual time=0.012..0.013 rows=3 loops=1)
                                                               Buckets: 1024  Batches: 1  Memory Usage: 9kB
                                                               Buffers: shared hit=1
                                                               ->  Seq Scan on kind_type kt  (cost=0.00..1.10 rows=3 width=4) (actual time=0.007..0.008 rows=3 loops=1)
                                                                     Filter: ((kind)::text = ANY ('{episode,movie,"tv movie"}'::text[]))
                                                                     Rows Removed by Filter: 4
                                                                     Buffers: shared hit=1
                                       ->  Index Scan using movie_id_movie_info on movie_info mi2  (cost=0.43..42.96 rows=1 width=8) (actual time=0.059..0.094 rows=1 loops=192662)
                                             Index Cond: (movie_id = t.id)
                                             Filter: ((info_type_id = 4) AND ((info)::text = ANY ('{Czech,English,Japanese,None,Spanish}'::text[])))
                                             Rows Removed by Filter: 12
                                             Buffers: shared hit=1837867 read=171706
                                 ->  Index Scan using movie_id_cast_info on cast_info ci  (cost=0.44..44.17 rows=38 width=12) (actual time=0.036..0.120 rows=10 loops=102251)
                                       Index Cond: (movie_id = t.id)
                                       Buffers: shared hit=1126436 read=176159
                           ->  Hash  (cost=1.15..1.15 rows=1 width=4) (actual time=0.012..0.013 rows=1 loops=1)
                                 Buckets: 1024  Batches: 1  Memory Usage: 9kB
                                 Buffers: shared hit=1
                                 ->  Seq Scan on role_type rt  (cost=0.00..1.15 rows=1 width=4) (actual time=0.006..0.007 rows=1 loops=1)
                                       Filter: ((role)::text = 'writer'::text)
                                       Rows Removed by Filter: 11
                                       Buffers: shared hit=1
                     ->  Index Scan using name_pkey on name n  (cost=0.43..2.32 rows=1 width=4) (actual time=0.036..0.036 rows=0 loops=89899)
                           Index Cond: (id = ci.person_id)
                           Filter: ((gender)::text = 'f'::text)
                           Rows Removed by Filter: 1
                           Buffers: shared hit=337050 read=22546
 Planning:
   Buffers: shared hit=479 read=95
 Planning Time: 10.467 ms
 Execution Time: 36008.161 ms
(76 rows)

