                                                                                                   QUERY PLAN                                                                                                    
-----------------------------------------------------------------------------------------------------------------------------------------------------------------------------------------------------------------
 Aggregate  (cost=924979.61..924979.62 rows=1 width=8) (actual time=65642.812..65642.819 rows=1 loops=1)
   Buffers: shared hit=6215490 read=626649
   ->  Nested Loop  (cost=13064.37..924979.24 rows=145 width=0) (actual time=119.330..65632.520 rows=32444 loops=1)
         Buffers: shared hit=6215490 read=626649
         ->  Seq Scan on info_type it2  (cost=0.00..2.41 rows=1 width=4) (actual time=0.035..0.044 rows=1 loops=1)
               Filter: (id = 4)
               Rows Removed by Filter: 112
               Buffers: shared hit=1
         ->  Nested Loop  (cost=13064.37..924975.38 rows=145 width=4) (actual time=119.294..65624.206 rows=32444 loops=1)
               Buffers: shared hit=6215489 read=626649
               ->  Seq Scan on info_type it1  (cost=0.00..2.41 rows=1 width=4) (actual time=0.007..0.019 rows=1 loops=1)
                     Filter: (id = 3)
                     Rows Removed by Filter: 112
                     Buffers: shared hit=1
               ->  Nested Loop  (cost=13064.37..924971.52 rows=145 width=8) (actual time=119.283..65615.728 rows=32444 loops=1)
                     Buffers: shared hit=6215488 read=626649
                     ->  Hash Join  (cost=13063.94..924171.28 rows=345 width=12) (actual time=119.201..62134.092 rows=94455 loops=1)
                           Hash Cond: (ci.role_id = rt.id)
                           Buffers: shared hit=5863271 read=601046
                           ->  Nested Loop  (cost=13062.77..924155.41 rows=4143 width=16) (actual time=48.366..61583.916 rows=2938336 loops=1)
                                 Buffers: shared hit=5863270 read=601046
                                 ->  Nested Loop  (cost=13062.33..911526.77 rows=289 width=20) (actual time=48.325..30125.355 rows=144338 loops=1)
                                       Buffers: shared hit=3000741 read=169840
                                       ->  Hash Join  (cost=13061.90..625130.50 rows=6732 width=12) (actual time=38.724..13260.061 rows=193793 loops=1)
                                             Hash Cond: (t.kind_id = kt.id)
                                             Buffers: shared hit=1254185 read=51124
                                             ->  Nested Loop  (cost=13060.76..625063.16 rows=15709 width=16) (actual time=38.600..13147.266 rows=249486 loops=1)
                                                   Buffers: shared hit=1254184 read=51124
                                                   ->  Bitmap Heap Scan on movie_info mi2  (cost=13060.32..520534.46 rows=19829 width=8) (actual time=38.549..1163.147 rows=332219 loops=1)
                                                         Recheck Cond: (info_type_id = 4)
                                                         Filter: ((info)::text = ANY ('{Filipino,Finnish,French,German,Hindi,Japanese,Mandarin,Russian,Serbo-Croatian,Spanish,Swedish,Telugu,Turkish}'::text[]))
                                                         Rows Removed by Filter: 966770
                                                         Heap Blocks: exact=8393
                                                         Buffers: shared hit=164 read=9248
                                                         ->  Bitmap Index Scan on info_type_id_movie_info  (cost=0.00..13055.37 rows=1221191 width=0) (actual time=35.205..35.205 rows=1298989 loops=1)
                                                               Index Cond: (info_type_id = 4)
                                                               Buffers: shared read=1019
                                                   ->  Memoize  (cost=0.44..5.40 rows=1 width=8) (actual time=0.036..0.036 rows=1 loops=332219)
                                                         Cache Key: mi2.movie_id
                                                         Cache Mode: logical
                                                         Hits: 8245  Misses: 323974  Evictions: 242393  Overflows: 0  Memory Usage: 8193kB
                                                         Buffers: shared hit=1254020 read=41876
                                                         ->  Index Scan using title_pkey on title t  (cost=0.43..5.39 rows=1 width=8) (actual time=0.035..0.035 rows=1 loops=323974)
                                                               Index Cond: (id = mi2.movie_id)
                                                               Filter: ((production_year <= 2015) AND (1975 < production_year))
                                                               Rows Removed by Filter: 0
                                                               Buffers: shared hit=1254020 read=41876
                                             ->  Hash  (cost=1.10..1.10 rows=3 width=4) (actual time=0.018..0.019 rows=3 loops=1)
                                                   Buckets: 1024  Batches: 1  Memory Usage: 9kB
                                                   Buffers: shared hit=1
                                                   ->  Seq Scan on kind_type kt  (cost=0.00..1.10 rows=3 width=4) (actual time=0.008..0.009 rows=3 loops=1)
                                                         Filter: ((kind)::text = ANY ('{episode,movie,"video movie"}'::text[]))
                                                         Rows Removed by Filter: 4
                                                         Buffers: shared hit=1
                                       ->  Index Scan using movie_id_movie_info on movie_info mi1  (cost=0.43..42.53 rows=1 width=8) (actual time=0.086..0.086 rows=1 loops=193793)
                                             Index Cond: (movie_id = t.id)
                                             Filter: ((info_type_id = 3) AND ((info)::text = ANY ('{Biography,Comedy,Crime,Documentary,Drama,Fantasy,Mystery,Short}'::text[])))
                                             Rows Removed by Filter: 11
                                             Buffers: shared hit=1746556 read=118716
                                 ->  Index Scan using movie_id_cast_info on cast_info ci  (cost=0.44..43.32 rows=38 width=12) (actual time=0.035..0.212 rows=20 loops=144338)
                                       Index Cond: (movie_id = t.id)
                                       Buffers: shared hit=2862529 read=431206
                           ->  Hash  (cost=1.15..1.15 rows=1 width=4) (actual time=0.017..0.018 rows=1 loops=1)
                                 Buckets: 1024  Batches: 1  Memory Usage: 9kB
                                 Buffers: shared hit=1
                                 ->  Seq Scan on role_type rt  (cost=0.00..1.15 rows=1 width=4) (actual time=0.011..0.012 rows=1 loops=1)
                                       Filter: ((role)::text = 'composer'::text)
                                       Rows Removed by Filter: 11
                                       Buffers: shared hit=1
                     ->  Index Scan using name_pkey on name n  (cost=0.43..2.32 rows=1 width=4) (actual time=0.036..0.036 rows=0 loops=94455)
                           Index Cond: (id = ci.person_id)
                           Filter: ((gender)::text = 'm'::text)
                           Rows Removed by Filter: 1
                           Buffers: shared hit=352217 read=25603
 Planning:
   Buffers: shared hit=481 read=93
 Planning Time: 13.162 ms
 Execution Time: 65645.338 ms
(78 rows)

