                                                                                                  QUERY PLAN                                                                                                  
--------------------------------------------------------------------------------------------------------------------------------------------------------------------------------------------------------------
 Aggregate  (cost=966309.93..966309.94 rows=1 width=8) (actual time=130367.140..130367.151 rows=1 loops=1)
   Buffers: shared hit=10148782 read=1212757, temp read=11544 written=10418
   ->  Nested Loop  (cost=849851.35..966308.66 rows=506 width=0) (actual time=1195.172..130363.669 rows=5402 loops=1)
         Buffers: shared hit=10148782 read=1212757, temp read=11544 written=10418
         ->  Seq Scan on info_type it2  (cost=0.00..2.41 rows=1 width=4) (actual time=0.042..0.057 rows=1 loops=1)
               Filter: (id = 4)
               Rows Removed by Filter: 112
               Buffers: shared hit=1
         ->  Nested Loop  (cost=849851.35..966301.19 rows=506 width=4) (actual time=1195.128..130361.632 rows=5402 loops=1)
               Buffers: shared hit=10148781 read=1212757, temp read=11544 written=10418
               ->  Seq Scan on info_type it1  (cost=0.00..2.41 rows=1 width=4) (actual time=0.009..0.027 rows=1 loops=1)
                     Filter: (id = 3)
                     Rows Removed by Filter: 112
                     Buffers: shared hit=1
               ->  Nested Loop  (cost=849851.35..966293.72 rows=506 width=8) (actual time=1195.118..130359.449 rows=5402 loops=1)
                     Buffers: shared hit=10148780 read=1212757, temp read=11544 written=10418
                     ->  Hash Join  (cost=849850.92..963496.38 rows=1206 width=12) (actual time=1173.434..127515.484 rows=62025 loops=1)
                           Hash Cond: (ci.role_id = rt.id)
                           Buffers: shared hit=9921750 read=1191687, temp read=11544 written=10418
                           ->  Nested Loop  (cost=849849.76..963443.80 rows=14477 width=16) (actual time=1173.291..126130.215 rows=7420127 loops=1)
                                 Buffers: shared hit=9921749 read=1191687, temp read=11544 written=10418
                                 ->  Nested Loop  (cost=849849.32..919309.12 rows=1010 width=20) (actual time=1173.259..29705.312 rows=413202 loops=1)
                                       Buffers: shared hit=2655263 read=39628, temp read=11544 written=10418
                                       ->  Nested Loop  (cost=849849.18..919251.68 rows=2356 width=24) (actual time=1172.353..29272.425 rows=493430 loops=1)
                                             Buffers: shared hit=2655251 read=39628, temp read=11544 written=10418
                                             ->  Merge Join  (cost=849848.75..850947.57 rows=21870 width=16) (actual time=1172.309..2213.392 rows=668623 loops=1)
                                                   Merge Cond: (mi1.movie_id = mi2.movie_id)
                                                   Buffers: shared hit=7402 read=12985, temp read=11544 written=10418
                                                   ->  Sort  (cost=428617.72..428875.54 rows=103130 width=8) (actual time=660.037..853.569 rows=1001475 loops=1)
                                                         Sort Key: mi1.movie_id
                                                         Sort Method: external sort  Disk: 21648kB
                                                         Buffers: shared hit=3129 read=7846, temp read=5401 written=5415
                                                         ->  Bitmap Heap Scan on movie_info mi1  (cost=16474.25..420030.03 rows=103130 width=8) (actual time=42.201..412.857 rows=1001476 loops=1)
                                                               Recheck Cond: (info_type_id = 3)
                                                               Filter: ((info)::text = ANY ('{Animation,Comedy,Documentary,Drama,Reality-TV,Short}'::text[]))
                                                               Rows Removed by Filter: 532433
                                                               Heap Blocks: exact=9772
                                                               Buffers: shared hit=3129 read=7846
                                                               ->  Bitmap Index Scan on info_type_id_movie_info  (cost=0.00..16448.47 rows=1538671 width=0) (actual time=41.003..41.003 rows=1533909 loops=1)
                                                                     Index Cond: (info_type_id = 3)
                                                                     Buffers: shared read=1203
                                                   ->  Sort  (cost=421231.03..421413.27 rows=72895 width=8) (actual time=512.262..758.422 rows=1136182 loops=1)
                                                         Sort Key: mi2.movie_id
                                                         Sort Method: external sort  Disk: 20000kB
                                                         Buffers: shared hit=4273 read=5139, temp read=5567 written=5003
                                                         ->  Bitmap Heap Scan on movie_info mi2  (cost=13073.59..415343.47 rows=72895 width=8) (actual time=30.468..288.891 rows=925382 loops=1)
                                                               Recheck Cond: (info_type_id = 4)
                                                               Filter: ((info)::text = ANY ('{English,French,Greek,Hindi,Japanese,Portuguese}'::text[]))
                                                               Rows Removed by Filter: 373607
                                                               Heap Blocks: exact=8393
                                                               Buffers: shared hit=4273 read=5139
                                                               ->  Bitmap Index Scan on info_type_id_movie_info  (cost=0.00..13055.37 rows=1221191 width=0) (actual time=29.438..29.439 rows=1298989 loops=1)
                                                                     Index Cond: (info_type_id = 4)
                                                                     Buffers: shared hit=1 read=1018
                                             ->  Index Scan using title_pkey on title t  (cost=0.43..3.12 rows=1 width=8) (actual time=0.040..0.040 rows=1 loops=668623)
                                                   Index Cond: (id = mi1.movie_id)
                                                   Filter: ((production_year <= 2015) AND (1975 < production_year))
                                                   Rows Removed by Filter: 0
                                                   Buffers: shared hit=2647849 read=26643
                                       ->  Memoize  (cost=0.14..0.16 rows=1 width=4) (actual time=0.000..0.000 rows=1 loops=493430)
                                             Cache Key: t.kind_id
                                             Cache Mode: logical
                                             Hits: 493424  Misses: 6  Evictions: 0  Overflows: 0  Memory Usage: 1kB
                                             Buffers: shared hit=12
                                             ->  Index Scan using kind_type_pkey on kind_type kt  (cost=0.13..0.15 rows=1 width=4) (actual time=0.011..0.011 rows=0 loops=6)
                                                   Index Cond: (id = t.kind_id)
                                                   Filter: ((kind)::text = ANY ('{episode,movie,"video movie"}'::text[]))
                                                   Rows Removed by Filter: 0
                                                   Buffers: shared hit=12
                                 ->  Index Scan using movie_id_cast_info on cast_info ci  (cost=0.44..43.32 rows=38 width=12) (actual time=0.042..0.228 rows=18 loops=413202)
                                       Index Cond: (movie_id = t.id)
                                       Buffers: shared hit=7266486 read=1152059
                           ->  Hash  (cost=1.15..1.15 rows=1 width=4) (actual time=0.021..0.022 rows=1 loops=1)
                                 Buckets: 1024  Batches: 1  Memory Usage: 9kB
                                 Buffers: shared hit=1
                                 ->  Seq Scan on role_type rt  (cost=0.00..1.15 rows=1 width=4) (actual time=0.011..0.012 rows=1 loops=1)
                                       Filter: ((role)::text = 'costume designer'::text)
                                       Rows Removed by Filter: 11
                                       Buffers: shared hit=1
                     ->  Index Scan using name_pkey on name n  (cost=0.43..2.32 rows=1 width=4) (actual time=0.045..0.045 rows=0 loops=62025)
                           Index Cond: (id = ci.person_id)
                           Filter: ((gender)::text = 'm'::text)
                           Rows Removed by Filter: 1
                           Buffers: shared hit=227030 read=21070
 Planning:
   Buffers: shared hit=520 read=54
 Planning Time: 13.915 ms
 Execution Time: 130375.276 ms
(88 rows)

