                                                                                               QUERY PLAN                                                                                               
--------------------------------------------------------------------------------------------------------------------------------------------------------------------------------------------------------
 Aggregate  (cost=802960.94..802960.95 rows=1 width=8) (actual time=22264.468..22264.476 rows=1 loops=1)
   Buffers: shared hit=1835426 read=207399
   ->  Nested Loop  (cost=13063.34..802960.63 rows=124 width=0) (actual time=46.809..22261.931 rows=6636 loops=1)
         Buffers: shared hit=1835426 read=207399
         ->  Seq Scan on info_type it2  (cost=0.00..2.41 rows=1 width=4) (actual time=0.041..0.050 rows=1 loops=1)
               Filter: (id = 4)
               Rows Removed by Filter: 112
               Buffers: shared hit=1
         ->  Nested Loop  (cost=13063.34..802956.97 rows=124 width=4) (actual time=46.767..22260.248 rows=6636 loops=1)
               Buffers: shared hit=1835425 read=207399
               ->  Seq Scan on info_type it1  (cost=0.00..2.41 rows=1 width=4) (actual time=0.006..0.018 rows=1 loops=1)
                     Filter: (id = 3)
                     Rows Removed by Filter: 112
                     Buffers: shared hit=1
               ->  Nested Loop  (cost=13063.34..802953.32 rows=124 width=8) (actual time=46.758..22258.424 rows=6636 loops=1)
                     Buffers: shared hit=1835424 read=207399
                     ->  Hash Join  (cost=13062.91..802266.74 rows=296 width=12) (actual time=39.205..20898.556 rows=33853 loops=1)
                           Hash Cond: (ci.role_id = rt.id)
                           Buffers: shared hit=1708382 read=199029
                           ->  Nested Loop  (cost=13061.74..802252.96 rows=3555 width=16) (actual time=38.073..20798.335 rows=546693 loops=1)
                                 Buffers: shared hit=1708381 read=199029
                                 ->  Nested Loop  (cost=13061.30..791415.93 rows=248 width=20) (actual time=37.964..13941.927 rows=28615 loops=1)
                                       Buffers: shared hit=1206676 read=91023
                                       ->  Hash Join  (cost=13060.87..564579.19 rows=5332 width=12) (actual time=37.899..10075.085 rows=41496 loops=1)
                                             Hash Cond: (t.kind_id = kt.id)
                                             Buffers: shared hit=882270 read=37591
                                             ->  Nested Loop  (cost=13059.73..564525.62 rows=12442 width=16) (actual time=37.863..10030.184 rows=162629 loops=1)
                                                   Buffers: shared hit=882269 read=37591
                                                   ->  Bitmap Heap Scan on movie_info mi2  (cost=13059.29..475445.89 rows=15705 width=8) (actual time=37.814..894.602 rows=234282 loops=1)
                                                         Recheck Cond: (info_type_id = 4)
                                                         Filter: ((info)::text = ANY ('{Arabic,Filipino,French,German,Hebrew,Hungarian,Italian,Japanese,Malayalam,Turkish}'::text[]))
                                                         Rows Removed by Filter: 1064707
                                                         Heap Blocks: exact=8393
                                                         Buffers: shared hit=35 read=9377
                                                         ->  Bitmap Index Scan on info_type_id_movie_info  (cost=0.00..13055.37 rows=1221191 width=0) (actual time=35.025..35.025 rows=1298989 loops=1)
                                                               Index Cond: (info_type_id = 4)
                                                               Buffers: shared read=1019
                                                   ->  Memoize  (cost=0.44..5.78 rows=1 width=8) (actual time=0.039..0.039 rows=1 loops=234282)
                                                         Cache Key: mi2.movie_id
                                                         Cache Mode: logical
                                                         Hits: 6670  Misses: 227612  Evictions: 141701  Overflows: 0  Memory Usage: 8193kB
                                                         Buffers: shared hit=882234 read=28214
                                                         ->  Index Scan using title_pkey on title t  (cost=0.43..5.77 rows=1 width=8) (actual time=0.038..0.038 rows=1 loops=227612)
                                                               Index Cond: (id = mi2.movie_id)
                                                               Filter: ((production_year <= 2015) AND (1975 < production_year))
                                                               Rows Removed by Filter: 0
                                                               Buffers: shared hit=882234 read=28214
                                             ->  Hash  (cost=1.10..1.10 rows=3 width=4) (actual time=0.014..0.015 rows=3 loops=1)
                                                   Buckets: 1024  Batches: 1  Memory Usage: 9kB
                                                   Buffers: shared hit=1
                                                   ->  Seq Scan on kind_type kt  (cost=0.00..1.10 rows=3 width=4) (actual time=0.008..0.009 rows=3 loops=1)
                                                         Filter: ((kind)::text = ANY ('{"tv movie","tv series","video game"}'::text[]))
                                                         Rows Removed by Filter: 4
                                                         Buffers: shared hit=1
                                       ->  Index Scan using movie_id_movie_info on movie_info mi1  (cost=0.43..42.53 rows=1 width=8) (actual time=0.091..0.093 rows=1 loops=41496)
                                             Index Cond: (movie_id = t.id)
                                             Filter: ((info_type_id = 3) AND ((info)::text = ANY ('{Action,Adult,Comedy,Documentary,Drama,Sci-Fi,Short,Thriller}'::text[])))
                                             Rows Removed by Filter: 8
                                             Buffers: shared hit=324406 read=53432
                                 ->  Index Scan using movie_id_cast_info on cast_info ci  (cost=0.44..43.32 rows=38 width=12) (actual time=0.043..0.234 rows=19 loops=28615)
                                       Index Cond: (movie_id = t.id)
                                       Buffers: shared hit=501705 read=108006
                           ->  Hash  (cost=1.15..1.15 rows=1 width=4) (actual time=0.013..0.014 rows=1 loops=1)
                                 Buckets: 1024  Batches: 1  Memory Usage: 9kB
                                 Buffers: shared hit=1
                                 ->  Seq Scan on role_type rt  (cost=0.00..1.15 rows=1 width=4) (actual time=0.007..0.009 rows=1 loops=1)
                                       Filter: ((role)::text = 'producer'::text)
                                       Rows Removed by Filter: 11
                                       Buffers: shared hit=1
                     ->  Index Scan using name_pkey on name n  (cost=0.43..2.32 rows=1 width=4) (actual time=0.040..0.040 rows=0 loops=33853)
                           Index Cond: (id = ci.person_id)
                           Filter: ((gender)::text = 'm'::text)
                           Rows Removed by Filter: 1
                           Buffers: shared hit=127042 read=8370
 Planning:
   Buffers: shared hit=504 read=70
 Planning Time: 13.478 ms
 Execution Time: 22267.162 ms
(78 rows)

