                                                                                            QUERY PLAN                                                                                            
--------------------------------------------------------------------------------------------------------------------------------------------------------------------------------------------------
 Aggregate  (cost=777400.42..777400.43 rows=1 width=8) (actual time=72482.655..72482.667 rows=1 loops=1)
   Buffers: shared hit=4889295 read=837733, temp read=3857 written=3857
   ->  Nested Loop  (cost=92537.59..777400.04 rows=151 width=0) (actual time=2505.409..72481.197 rows=2077 loops=1)
         Buffers: shared hit=4889295 read=837733, temp read=3857 written=3857
         ->  Seq Scan on info_type it2  (cost=0.00..2.41 rows=1 width=4) (actual time=0.035..0.050 rows=1 loops=1)
               Filter: (id = 4)
               Rows Removed by Filter: 112
               Buffers: shared hit=1
         ->  Nested Loop  (cost=92537.59..777396.12 rows=151 width=4) (actual time=2505.372..72480.218 rows=2077 loops=1)
               Buffers: shared hit=4889294 read=837733, temp read=3857 written=3857
               ->  Seq Scan on info_type it1  (cost=0.00..2.41 rows=1 width=4) (actual time=0.008..0.026 rows=1 loops=1)
                     Filter: (id = 3)
                     Rows Removed by Filter: 112
                     Buffers: shared hit=1
               ->  Nested Loop  (cost=92537.59..777392.20 rows=151 width=8) (actual time=2505.361..72479.215 rows=2077 loops=1)
                     Buffers: shared hit=4889293 read=837733, temp read=3857 written=3857
                     ->  Hash Join  (cost=92537.16..775889.15 rows=648 width=12) (actual time=1040.282..67172.381 rows=114712 loops=1)
                           Hash Cond: (ci.role_id = rt.id)
                           Buffers: shared hit=4457569 read=810609, temp read=3857 written=3857
                           ->  Nested Loop  (cost=92535.98..775874.17 rows=3885 width=16) (actual time=1033.383..66722.355 rows=2134938 loops=1)
                                 Buffers: shared hit=4457568 read=810609, temp read=3857 written=3857
                                 ->  Nested Loop  (cost=92535.54..763799.95 rows=271 width=20) (actual time=1033.341..34481.011 rows=196104 loops=1)
                                       Buffers: shared hit=2168326 read=417237, temp read=3857 written=3857
                                       ->  Hash Join  (cost=92535.11..496561.64 rows=6212 width=12) (actual time=1015.937..2500.299 rows=233746 loops=1)
                                             Hash Cond: (mi2.movie_id = t.id)
                                             Buffers: shared hit=21942 read=23862, temp read=3857 written=3857
                                             ->  Bitmap Heap Scan on movie_info mi2  (cost=13075.40..415345.28 rows=80141 width=8) (actual time=34.108..729.667 rows=1026585 loops=1)
                                                   Recheck Cond: (info_type_id = 4)
                                                   Filter: ((info)::text = ANY ('{English,French,German,Italian,Spanish,Turkish}'::text[]))
                                                   Rows Removed by Filter: 272404
                                                   Heap Blocks: exact=8393
                                                   Buffers: shared hit=11 read=9401
                                                   ->  Bitmap Index Scan on info_type_id_movie_info  (cost=0.00..13055.37 rows=1221191 width=0) (actual time=33.069..33.070 rows=1298989 loops=1)
                                                         Index Cond: (info_type_id = 4)
                                                         Buffers: shared read=1019
                                             ->  Hash  (cost=76244.10..76244.10 rows=195968 width=4) (actual time=973.576..973.581 rows=439726 loops=1)
                                                   Buckets: 262144 (originally 262144)  Batches: 4 (originally 2)  Memory Usage: 6145kB
                                                   Buffers: shared hit=21931 read=14461, temp written=966
                                                   ->  Hash Join  (cost=1.13..76244.10 rows=195968 width=4) (actual time=0.039..852.838 rows=439726 loops=1)
                                                         Hash Cond: (t.kind_id = kt.id)
                                                         Buffers: shared hit=21931 read=14461
                                                         ->  Seq Scan on title t  (cost=0.00..74315.95 rows=457258 width=8) (actual time=0.022..748.210 rows=451569 loops=1)
                                                               Filter: ((production_year <= 1975) AND (1875 < production_year))
                                                               Rows Removed by Filter: 2076743
                                                               Buffers: shared hit=21930 read=14461
                                                         ->  Hash  (cost=1.10..1.10 rows=3 width=4) (actual time=0.013..0.015 rows=3 loops=1)
                                                               Buckets: 1024  Batches: 1  Memory Usage: 9kB
                                                               Buffers: shared hit=1
                                                               ->  Seq Scan on kind_type kt  (cost=0.00..1.10 rows=3 width=4) (actual time=0.006..0.008 rows=3 loops=1)
                                                                     Filter: ((kind)::text = ANY ('{episode,movie,"tv movie"}'::text[]))
                                                                     Rows Removed by Filter: 4
                                                                     Buffers: shared hit=1
                                       ->  Index Scan using movie_id_movie_info on movie_info mi1  (cost=0.43..43.01 rows=1 width=8) (actual time=0.136..0.136 rows=1 loops=233746)
                                             Index Cond: (movie_id = t.id)
                                             Filter: ((info_type_id = 3) AND ((info)::text = ANY ('{Adult,Animation,Comedy,Documentary,Drama,Short}'::text[])))
                                             Rows Removed by Filter: 12
                                             Buffers: shared hit=2146384 read=393375
                                 ->  Index Scan using movie_id_cast_info on cast_info ci  (cost=0.44..44.17 rows=38 width=12) (actual time=0.043..0.160 rows=11 loops=196104)
                                       Index Cond: (movie_id = t.id)
                                       Buffers: shared hit=2289242 read=393372
                           ->  Hash  (cost=1.15..1.15 rows=2 width=4) (actual time=0.014..0.014 rows=2 loops=1)
                                 Buckets: 1024  Batches: 1  Memory Usage: 9kB
                                 Buffers: shared hit=1
                                 ->  Seq Scan on role_type rt  (cost=0.00..1.15 rows=2 width=4) (actual time=0.008..0.009 rows=2 loops=1)
                                       Filter: ((role)::text = ANY ('{composer,editor}'::text[]))
                                       Rows Removed by Filter: 10
                                       Buffers: shared hit=1
                     ->  Index Scan using name_pkey on name n  (cost=0.43..2.32 rows=1 width=4) (actual time=0.046..0.046 rows=0 loops=114712)
                           Index Cond: (id = ci.person_id)
                           Filter: ((gender)::text = 'f'::text)
                           Rows Removed by Filter: 1
                           Buffers: shared hit=431724 read=27124
 Planning:
   Buffers: shared hit=489 read=85
 Planning Time: 9.264 ms
 Execution Time: 72483.126 ms
(76 rows)

