                                                                                               QUERY PLAN                                                                                               
--------------------------------------------------------------------------------------------------------------------------------------------------------------------------------------------------------
 Aggregate  (cost=465547.43..465547.44 rows=1 width=8) (actual time=5779.347..5779.354 rows=1 loops=1)
   Buffers: shared hit=342723 read=71997
   ->  Nested Loop  (cost=13060.31..465547.39 rows=15 width=0) (actual time=430.489..5779.280 rows=52 loops=1)
         Buffers: shared hit=342723 read=71997
         ->  Seq Scan on info_type it2  (cost=0.00..2.41 rows=1 width=4) (actual time=0.036..0.052 rows=1 loops=1)
               Filter: (id = 4)
               Rows Removed by Filter: 112
               Buffers: shared hit=1
         ->  Nested Loop  (cost=13060.31..465544.83 rows=15 width=4) (actual time=430.451..5779.192 rows=52 loops=1)
               Buffers: shared hit=342722 read=71997
               ->  Seq Scan on info_type it1  (cost=0.00..2.41 rows=1 width=4) (actual time=0.010..0.026 rows=1 loops=1)
                     Filter: (id = 3)
                     Rows Removed by Filter: 112
                     Buffers: shared hit=1
               ->  Nested Loop  (cost=13060.31..465542.27 rows=15 width=8) (actual time=430.438..5779.122 rows=52 loops=1)
                     Buffers: shared hit=342721 read=71997
                     ->  Hash Join  (cost=13059.88..465458.77 rows=36 width=12) (actual time=124.835..5756.025 rows=529 loops=1)
                           Hash Cond: (ci.role_id = rt.id)
                           Buffers: shared hit=341147 read=71455
                           ->  Nested Loop  (cost=13058.71..465456.07 rows=430 width=16) (actual time=90.696..5747.282 rows=44726 loops=1)
                                 Buffers: shared hit=341146 read=71455
                                 ->  Nested Loop  (cost=13058.27..464145.14 rows=30 width=20) (actual time=90.595..5115.030 rows=2190 loops=1)
                                       Buffers: shared hit=309495 read=54700
                                       ->  Hash Join  (cost=13057.84..412555.89 rows=1220 width=12) (actual time=84.318..3812.366 rows=11687 loops=1)
                                             Hash Cond: (t.kind_id = kt.id)
                                             Buffers: shared hit=223832 read=35429
                                             ->  Nested Loop  (cost=13056.71..412542.75 rows=2847 width=16) (actual time=84.281..3797.469 rows=47821 loops=1)
                                                   Buffers: shared hit=223831 read=35429
                                                   ->  Bitmap Heap Scan on movie_info mi2  (cost=13056.27..385267.79 rows=3594 width=8) (actual time=84.086..688.297 rows=62851 loops=1)
                                                         Recheck Cond: (info_type_id = 4)
                                                         Filter: ((info)::text = ANY ('{Czech,Hebrew,Japanese,Turkish}'::text[]))
                                                         Rows Removed by Filter: 1236138
                                                         Heap Blocks: exact=8393
                                                         Buffers: shared hit=3556 read=5856
                                                         ->  Bitmap Index Scan on info_type_id_movie_info  (cost=0.00..13055.37 rows=1221191 width=0) (actual time=77.690..77.690 rows=1298989 loops=1)
                                                               Index Cond: (info_type_id = 4)
                                                               Buffers: shared read=1019
                                                   ->  Memoize  (cost=0.44..7.61 rows=1 width=8) (actual time=0.049..0.049 rows=1 loops=62851)
                                                         Cache Key: mi2.movie_id
                                                         Cache Mode: logical
                                                         Hits: 389  Misses: 62462  Evictions: 0  Overflows: 0  Memory Usage: 6003kB
                                                         Buffers: shared hit=220275 read=29573
                                                         ->  Index Scan using title_pkey on title t  (cost=0.43..7.60 rows=1 width=8) (actual time=0.048..0.048 rows=1 loops=62462)
                                                               Index Cond: (id = mi2.movie_id)
                                                               Filter: ((production_year <= 2015) AND (1975 < production_year))
                                                               Rows Removed by Filter: 0
                                                               Buffers: shared hit=220275 read=29573
                                             ->  Hash  (cost=1.10..1.10 rows=3 width=4) (actual time=0.014..0.015 rows=3 loops=1)
                                                   Buckets: 1024  Batches: 1  Memory Usage: 9kB
                                                   Buffers: shared hit=1
                                                   ->  Seq Scan on kind_type kt  (cost=0.00..1.10 rows=3 width=4) (actual time=0.008..0.011 rows=3 loops=1)
                                                         Filter: ((kind)::text = ANY ('{"tv movie","tv series","video game"}'::text[]))
                                                         Rows Removed by Filter: 4
                                                         Buffers: shared hit=1
                                       ->  Index Scan using movie_id_movie_info on movie_info mi1  (cost=0.43..42.28 rows=1 width=8) (actual time=0.110..0.111 rows=0 loops=11687)
                                             Index Cond: (movie_id = t.id)
                                             Filter: ((info_type_id = 3) AND ((info)::text = ANY ('{Comedy,Short,Thriller}'::text[])))
                                             Rows Removed by Filter: 8
                                             Buffers: shared hit=85663 read=19271
                                 ->  Index Scan using movie_id_cast_info on cast_info ci  (cost=0.44..43.32 rows=38 width=12) (actual time=0.044..0.282 rows=20 loops=2190)
                                       Index Cond: (movie_id = t.id)
                                       Buffers: shared hit=31651 read=16755
                           ->  Hash  (cost=1.15..1.15 rows=1 width=4) (actual time=0.015..0.016 rows=1 loops=1)
                                 Buckets: 1024  Batches: 1  Memory Usage: 9kB
                                 Buffers: shared hit=1
                                 ->  Seq Scan on role_type rt  (cost=0.00..1.15 rows=1 width=4) (actual time=0.009..0.011 rows=1 loops=1)
                                       Filter: ((role)::text = 'cinematographer'::text)
                                       Rows Removed by Filter: 11
                                       Buffers: shared hit=1
                     ->  Index Scan using name_pkey on name n  (cost=0.43..2.32 rows=1 width=4) (actual time=0.043..0.043 rows=0 loops=529)
                           Index Cond: (id = ci.person_id)
                           Filter: ((gender)::text = 'm'::text)
                           Rows Removed by Filter: 1
                           Buffers: shared hit=1574 read=542
 Planning:
   Buffers: shared hit=482 read=92
 Planning Time: 8.304 ms
 Execution Time: 5780.728 ms
(78 rows)

