                                                                                               QUERY PLAN                                                                                               
--------------------------------------------------------------------------------------------------------------------------------------------------------------------------------------------------------
 Aggregate  (cost=644870.98..644870.99 rows=1 width=8) (actual time=16367.745..16367.751 rows=1 loops=1)
   Buffers: shared hit=1343538 read=181817
   ->  Nested Loop  (cost=13062.19..644870.54 rows=176 width=0) (actual time=57.308..16356.256 rows=66435 loops=1)
         Buffers: shared hit=1343538 read=181817
         ->  Hash Join  (cost=13061.76..644244.27 rows=270 width=4) (actual time=57.259..12907.721 rows=84863 loops=1)
               Hash Cond: (ci.role_id = rt.id)
               Buffers: shared hit=1038865 read=147038
               ->  Nested Loop  (cost=13060.58..644237.34 rows=1620 width=8) (actual time=57.217..12850.430 rows=189191 loops=1)
                     Buffers: shared hit=1038864 read=147038
                     ->  Nested Loop  (cost=13060.14..639295.22 rows=113 width=12) (actual time=57.167..10221.127 rows=12632 loops=1)
                           Buffers: shared hit=890703 read=72466
                           ->  Seq Scan on info_type it2  (cost=0.00..2.41 rows=1 width=4) (actual time=0.029..0.039 rows=1 loops=1)
                                 Filter: (id = 4)
                                 Rows Removed by Filter: 112
                                 Buffers: shared hit=1
                           ->  Nested Loop  (cost=13060.14..639291.68 rows=113 width=16) (actual time=57.136..10217.867 rows=12632 loops=1)
                                 Buffers: shared hit=890702 read=72466
                                 ->  Seq Scan on info_type it1  (cost=0.00..2.41 rows=1 width=4) (actual time=0.010..0.020 rows=1 loops=1)
                                       Filter: (id = 3)
                                       Rows Removed by Filter: 112
                                       Buffers: shared hit=1
                                 ->  Nested Loop  (cost=13060.14..639288.14 rows=113 width=20) (actual time=57.124..10214.284 rows=12632 loops=1)
                                       Buffers: shared hit=890701 read=72466
                                       ->  Hash Join  (cost=13059.71..500467.98 rows=3269 width=12) (actual time=56.749..7888.238 rows=24102 loops=1)
                                             Hash Cond: (t.kind_id = kt.id)
                                             Buffers: shared hit=703791 read=34786
                                             ->  Nested Loop  (cost=13058.57..500434.70 rows=7627 width=16) (actual time=56.710..7853.443 rows=122787 loops=1)
                                                   Buffers: shared hit=703790 read=34786
                                                   ->  Bitmap Heap Scan on movie_info mi2  (cost=13058.13..430357.19 rows=11065 width=8) (actual time=56.599..800.697 rows=184612 loops=1)
                                                         Recheck Cond: (info_type_id = 4)
                                                         Filter: ((info)::text = ANY ('{Czech,German,Hebrew,Hindi,Hungarian,Polish,Spanish}'::text[]))
                                                         Rows Removed by Filter: 1114377
                                                         Heap Blocks: exact=8393
                                                         Buffers: shared hit=606 read=8806
                                                         ->  Bitmap Index Scan on info_type_id_movie_info  (cost=0.00..13055.37 rows=1221191 width=0) (actual time=51.419..51.419 rows=1298989 loops=1)
                                                               Index Cond: (info_type_id = 4)
                                                               Buffers: shared read=1019
                                                   ->  Memoize  (cost=0.44..6.41 rows=1 width=8) (actual time=0.038..0.038 rows=1 loops=184612)
                                                         Cache Key: mi2.movie_id
                                                         Cache Mode: logical
                                                         Hits: 2321  Misses: 182291  Evictions: 96118  Overflows: 0  Memory Usage: 8193kB
                                                         Buffers: shared hit=703184 read=25980
                                                         ->  Index Scan using title_pkey on title t  (cost=0.43..6.40 rows=1 width=8) (actual time=0.037..0.037 rows=1 loops=182291)
                                                               Index Cond: (id = mi2.movie_id)
                                                               Filter: ((production_year <= 2015) AND (1990 < production_year))
                                                               Rows Removed by Filter: 0
                                                               Buffers: shared hit=703184 read=25980
                                             ->  Hash  (cost=1.10..1.10 rows=3 width=4) (actual time=0.017..0.018 rows=3 loops=1)
                                                   Buckets: 1024  Batches: 1  Memory Usage: 9kB
                                                   Buffers: shared hit=1
                                                   ->  Seq Scan on kind_type kt  (cost=0.00..1.10 rows=3 width=4) (actual time=0.008..0.010 rows=3 loops=1)
                                                         Filter: ((kind)::text = ANY ('{"tv movie","tv series","video game"}'::text[]))
                                                         Rows Removed by Filter: 4
                                                         Buffers: shared hit=1
                                       ->  Index Scan using movie_id_movie_info on movie_info mi1  (cost=0.43..42.46 rows=1 width=8) (actual time=0.095..0.096 rows=1 loops=24102)
                                             Index Cond: (movie_id = t.id)
                                             Filter: ((info_type_id = 3) AND ((info)::text = ANY ('{Adventure,Documentary,Drama,Reality-TV,Short,Thriller}'::text[])))
                                             Rows Removed by Filter: 7
                                             Buffers: shared hit=186910 read=37680
                     ->  Index Scan using movie_id_cast_info on cast_info ci  (cost=0.44..43.36 rows=38 width=12) (actual time=0.042..0.203 rows=15 loops=12632)
                           Index Cond: (movie_id = t.id)
                           Buffers: shared hit=148161 read=74572
               ->  Hash  (cost=1.15..1.15 rows=2 width=4) (actual time=0.027..0.027 rows=2 loops=1)
                     Buckets: 1024  Batches: 1  Memory Usage: 9kB
                     Buffers: shared hit=1
                     ->  Seq Scan on role_type rt  (cost=0.00..1.15 rows=2 width=4) (actual time=0.018..0.022 rows=2 loops=1)
                           Filter: ((role)::text = ANY ('{actor,"miscellaneous crew"}'::text[]))
                           Rows Removed by Filter: 10
                           Buffers: shared hit=1
         ->  Index Scan using name_pkey on name n  (cost=0.43..2.32 rows=1 width=4) (actual time=0.040..0.040 rows=1 loops=84863)
               Index Cond: (id = ci.person_id)
               Filter: ((gender)::text = ANY ('{f,m}'::text[]))
               Rows Removed by Filter: 0
               Buffers: shared hit=304673 read=34779
 Planning:
   Buffers: shared hit=529 read=45
 Planning Time: 9.374 ms
 Execution Time: 16369.818 ms
(78 rows)

