                                                                                               QUERY PLAN                                                                                               
--------------------------------------------------------------------------------------------------------------------------------------------------------------------------------------------------------
 Aggregate  (cost=668578.58..668578.59 rows=1 width=8) (actual time=18632.576..18632.582 rows=1 loops=1)
   Buffers: shared hit=1708995 read=190724
   ->  Nested Loop  (cost=13061.66..668578.43 rows=60 width=0) (actual time=39.102..18611.170 rows=134276 loops=1)
         Buffers: shared hit=1708995 read=190724
         ->  Seq Scan on info_type it2  (cost=0.00..2.41 rows=1 width=4) (actual time=0.048..0.054 rows=1 loops=1)
               Filter: (id = 4)
               Rows Removed by Filter: 112
               Buffers: shared hit=1
         ->  Nested Loop  (cost=13061.66..668575.42 rows=60 width=4) (actual time=39.053..18585.312 rows=134276 loops=1)
               Buffers: shared hit=1708994 read=190724
               ->  Seq Scan on info_type it1  (cost=0.00..2.41 rows=1 width=4) (actual time=0.009..0.017 rows=1 loops=1)
                     Filter: (id = 3)
                     Rows Removed by Filter: 112
                     Buffers: shared hit=1
               ->  Nested Loop  (cost=13061.66..668572.41 rows=60 width=8) (actual time=39.040..18559.650 rows=134276 loops=1)
                     Buffers: shared hit=1708993 read=190724
                     ->  Hash Join  (cost=13061.23..668238.40 rows=144 width=12) (actual time=38.999..13722.150 rows=134276 loops=1)
                           Hash Cond: (ci.role_id = rt.id)
                           Buffers: shared hit=1190188 read=172425
                           ->  Nested Loop  (cost=13060.07..668231.08 rows=1734 width=16) (actual time=38.952..13629.416 rows=352520 loops=1)
                                 Buffers: shared hit=1190187 read=172425
                                 ->  Nested Loop  (cost=13059.63..662943.66 rows=121 width=20) (actual time=38.910..9441.792 rows=19358 loops=1)
                                       Buffers: shared hit=877715 read=82653
                                       ->  Hash Join  (cost=13059.17..534669.94 rows=3028 width=12) (actual time=38.751..6748.779 rows=31823 loops=1)
                                             Hash Cond: (t.kind_id = kt.id)
                                             Buffers: shared hit=634422 read=36183
                                             ->  Nested Loop  (cost=13058.04..534639.03 rows=7066 width=16) (actual time=38.696..6715.223 rows=119009 loops=1)
                                                   Buffers: shared hit=634421 read=36183
                                                   ->  Bitmap Heap Scan on movie_info mi2  (cost=13057.60..475444.20 rows=8919 width=8) (actual time=38.627..839.773 rows=169884 loops=1)
                                                         Recheck Cond: (info_type_id = 4)
                                                         Filter: ((info)::text = ANY ('{Czech,French,German,Hebrew,Hindi,Romanian,Russian,Serbian,Serbo-Croatian,Telugu}'::text[]))
                                                         Rows Removed by Filter: 1129105
                                                         Heap Blocks: exact=8393
                                                         Buffers: shared hit=30 read=9382
                                                         ->  Bitmap Index Scan on info_type_id_movie_info  (cost=0.00..13055.37 rows=1221191 width=0) (actual time=35.811..35.812 rows=1298989 loops=1)
                                                               Index Cond: (info_type_id = 4)
                                                               Buffers: shared read=1019
                                                   ->  Memoize  (cost=0.44..6.70 rows=1 width=8) (actual time=0.034..0.034 rows=1 loops=169884)
                                                         Cache Key: mi2.movie_id
                                                         Cache Mode: logical
                                                         Hits: 4586  Misses: 165298  Evictions: 77810  Overflows: 0  Memory Usage: 8193kB
                                                         Buffers: shared hit=634391 read=26801
                                                         ->  Index Scan using title_pkey on title t  (cost=0.43..6.69 rows=1 width=8) (actual time=0.034..0.034 rows=1 loops=165298)
                                                               Index Cond: (id = mi2.movie_id)
                                                               Filter: ((production_year <= 2015) AND (1975 < production_year))
                                                               Rows Removed by Filter: 0
                                                               Buffers: shared hit=634391 read=26801
                                             ->  Hash  (cost=1.10..1.10 rows=3 width=4) (actual time=0.019..0.020 rows=3 loops=1)
                                                   Buckets: 1024  Batches: 1  Memory Usage: 9kB
                                                   Buffers: shared hit=1
                                                   ->  Seq Scan on kind_type kt  (cost=0.00..1.10 rows=3 width=4) (actual time=0.010..0.012 rows=3 loops=1)
                                                         Filter: ((kind)::text = ANY ('{"tv movie","tv series","video game"}'::text[]))
                                                         Rows Removed by Filter: 4
                                                         Buffers: shared hit=1
                                       ->  Index Scan using movie_id_movie_info on movie_info mi1  (cost=0.46..42.35 rows=1 width=8) (actual time=0.083..0.084 rows=1 loops=31823)
                                             Index Cond: (movie_id = t.id)
                                             Filter: ((info_type_id = 3) AND ((info)::text = ANY ('{Action,Adventure,Crime,Documentary,Drama,History,Romance,Sci-Fi,Short,War}'::text[])))
                                             Rows Removed by Filter: 7
                                             Buffers: shared hit=243293 read=46470
                                 ->  Index Scan using movie_id_cast_info on cast_info ci  (cost=0.44..43.32 rows=38 width=12) (actual time=0.039..0.211 rows=18 loops=19358)
                                       Index Cond: (movie_id = t.id)
                                       Buffers: shared hit=312472 read=89772
                           ->  Hash  (cost=1.15..1.15 rows=1 width=4) (actual time=0.019..0.020 rows=1 loops=1)
                                 Buckets: 1024  Batches: 1  Memory Usage: 9kB
                                 Buffers: shared hit=1
                                 ->  Seq Scan on role_type rt  (cost=0.00..1.15 rows=1 width=4) (actual time=0.012..0.014 rows=1 loops=1)
                                       Filter: ((role)::text = 'actor'::text)
                                       Rows Removed by Filter: 11
                                       Buffers: shared hit=1
                     ->  Index Scan using name_pkey on name n  (cost=0.43..2.32 rows=1 width=4) (actual time=0.035..0.035 rows=1 loops=134276)
                           Index Cond: (id = ci.person_id)
                           Filter: ((gender)::text = 'm'::text)
                           Buffers: shared hit=518805 read=18299
 Planning:
   Buffers: shared hit=508 read=69
 Planning Time: 14.210 ms
 Execution Time: 18634.423 ms
(77 rows)

