                                                                                                  QUERY PLAN                                                                                                  
--------------------------------------------------------------------------------------------------------------------------------------------------------------------------------------------------------------
 Aggregate  (cost=851479.14..851479.15 rows=1 width=8) (actual time=31157.922..31157.939 rows=1 loops=1)
   Buffers: shared hit=2149750 read=294790, temp read=7372 written=7236
   ->  Nested Loop  (cost=799261.13..851478.20 rows=375 width=0) (actual time=936.732..31150.255 rows=31770 loops=1)
         Buffers: shared hit=2149750 read=294790, temp read=7372 written=7236
         ->  Seq Scan on info_type it2  (cost=0.00..2.41 rows=1 width=4) (actual time=0.043..0.080 rows=1 loops=1)
               Filter: (id = 4)
               Rows Removed by Filter: 112
               Buffers: shared hit=1
         ->  Nested Loop  (cost=799261.13..851472.04 rows=375 width=4) (actual time=936.687..31143.618 rows=31770 loops=1)
               Buffers: shared hit=2149749 read=294790, temp read=7372 written=7236
               ->  Seq Scan on info_type it1  (cost=0.00..2.41 rows=1 width=4) (actual time=0.008..0.050 rows=1 loops=1)
                     Filter: (id = 3)
                     Rows Removed by Filter: 112
                     Buffers: shared hit=1
               ->  Nested Loop  (cost=799261.13..851465.88 rows=375 width=8) (actual time=936.677..31136.589 rows=31770 loops=1)
                     Buffers: shared hit=2149748 read=294790, temp read=7372 written=7236
                     ->  Hash Join  (cost=799260.70..849392.23 rows=894 width=12) (actual time=936.646..26597.300 rows=93415 loops=1)
                           Hash Cond: (ci.role_id = rt.id)
                           Buffers: shared hit=1805603 read=265275, temp read=7372 written=7236
                           ->  Nested Loop  (cost=799259.52..849372.01 rows=5361 width=16) (actual time=936.549..26416.793 rows=791432 loops=1)
                                 Buffers: shared hit=1805602 read=265275, temp read=7372 written=7236
                                 ->  Nested Loop  (cost=799259.08..833014.91 rows=374 width=20) (actual time=936.533..15110.310 rows=30844 loops=1)
                                       Buffers: shared hit=1177910 read=36593, temp read=7372 written=7236
                                       ->  Nested Loop  (cost=799258.94..832992.99 rows=872 width=24) (actual time=936.517..14965.374 rows=197484 loops=1)
                                             Join Filter: (t.id = mi1.movie_id)
                                             Buffers: shared hit=1177898 read=36593, temp read=7372 written=7236
                                             ->  Merge Join  (cost=799258.51..799928.85 rows=9303 width=16) (actual time=936.470..1505.004 rows=298526 loops=1)
                                                   Merge Cond: (mi1.movie_id = mi2.movie_id)
                                                   Buffers: shared hit=12597 read=7790, temp read=7372 written=7236
                                                   ->  Sort  (cost=393368.46..393483.73 rows=46109 width=8) (actual time=441.817..526.183 rows=461491 loops=1)
                                                         Sort Key: mi1.movie_id
                                                         Sort Method: external sort  Disk: 9976kB
                                                         Buffers: shared hit=10975, temp read=2489 written=2495
                                                         ->  Bitmap Heap Scan on movie_info mi1  (cost=16459.99..389796.68 rows=46109 width=8) (actual time=41.434..326.789 rows=461492 loops=1)
                                                               Recheck Cond: (info_type_id = 3)
                                                               Filter: ((info)::text = ANY ('{Comedy,Drama,History,Mystery}'::text[]))
                                                               Rows Removed by Filter: 1072417
                                                               Heap Blocks: exact=9772
                                                               Buffers: shared hit=10975
                                                               ->  Bitmap Index Scan on info_type_id_movie_info  (cost=0.00..16448.47 rows=1538671 width=0) (actual time=40.228..40.228 rows=1533909 loops=1)
                                                                     Index Cond: (info_type_id = 3)
                                                                     Buffers: shared hit=1203
                                                   ->  Sort  (cost=405890.05..406063.44 rows=69354 width=8) (actual time=494.643..661.331 rows=907859 loops=1)
                                                         Sort Key: mi2.movie_id
                                                         Sort Method: external sort  Disk: 18952kB
                                                         Buffers: shared hit=1622 read=7790, temp read=4806 written=4741
                                                         ->  Bitmap Heap Scan on movie_info mi2  (cost=13072.71..400313.41 rows=69354 width=8) (actual time=30.713..282.148 rows=876813 loops=1)
                                                               Recheck Cond: (info_type_id = 4)
                                                               Filter: ((info)::text = ANY ('{English,Filipino,French,Portuguese,Tagalog}'::text[]))
                                                               Rows Removed by Filter: 422176
                                                               Heap Blocks: exact=8393
                                                               Buffers: shared hit=1622 read=7790
                                                               ->  Bitmap Index Scan on info_type_id_movie_info  (cost=0.00..13055.37 rows=1221191 width=0) (actual time=29.677..29.677 rows=1298989 loops=1)
                                                                     Index Cond: (info_type_id = 4)
                                                                     Buffers: shared hit=1 read=1018
                                             ->  Index Scan using title_pkey on title t  (cost=0.43..3.54 rows=1 width=8) (actual time=0.044..0.044 rows=1 loops=298526)
                                                   Index Cond: (id = mi2.movie_id)
                                                   Filter: ((production_year <= 2015) AND (1990 < production_year))
                                                   Rows Removed by Filter: 0
                                                   Buffers: shared hit=1165301 read=28803
                                       ->  Memoize  (cost=0.14..0.16 rows=1 width=4) (actual time=0.000..0.000 rows=0 loops=197484)
                                             Cache Key: t.kind_id
                                             Cache Mode: logical
                                             Hits: 197478  Misses: 6  Evictions: 0  Overflows: 0  Memory Usage: 1kB
                                             Buffers: shared hit=12
                                             ->  Index Scan using kind_type_pkey on kind_type kt  (cost=0.13..0.15 rows=1 width=4) (actual time=0.012..0.012 rows=0 loops=6)
                                                   Index Cond: (id = t.kind_id)
                                                   Filter: ((kind)::text = ANY ('{"tv movie","tv series","video game"}'::text[]))
                                                   Rows Removed by Filter: 0
                                                   Buffers: shared hit=12
                                 ->  Index Scan using movie_id_cast_info on cast_info ci  (cost=0.44..43.36 rows=38 width=12) (actual time=0.050..0.359 rows=26 loops=30844)
                                       Index Cond: (movie_id = t.id)
                                       Buffers: shared hit=627692 read=228682
                           ->  Hash  (cost=1.15..1.15 rows=2 width=4) (actual time=0.020..0.022 rows=2 loops=1)
                                 Buckets: 1024  Batches: 1  Memory Usage: 9kB
                                 Buffers: shared hit=1
                                 ->  Seq Scan on role_type rt  (cost=0.00..1.15 rows=2 width=4) (actual time=0.010..0.013 rows=2 loops=1)
                                       Filter: ((role)::text = ANY ('{composer,producer}'::text[]))
                                       Rows Removed by Filter: 10
                                       Buffers: shared hit=1
                     ->  Index Scan using name_pkey on name n  (cost=0.43..2.32 rows=1 width=4) (actual time=0.048..0.048 rows=0 loops=93415)
                           Index Cond: (id = ci.person_id)
                           Filter: ((gender)::text = 'm'::text)
                           Rows Removed by Filter: 1
                           Buffers: shared hit=344145 read=29515
 Planning:
   Buffers: shared hit=574
 Planning Time: 13.893 ms
 Execution Time: 31174.557 ms
(89 rows)

