                                                                                               QUERY PLAN                                                                                               
--------------------------------------------------------------------------------------------------------------------------------------------------------------------------------------------------------
 Aggregate  (cost=637220.36..637220.37 rows=1 width=8) (actual time=38675.918..38675.924 rows=1 loops=1)
   Buffers: shared hit=2788002 read=354284
   ->  Nested Loop  (cost=13062.07..637220.16 rows=81 width=0) (actual time=663.297..38668.770 rows=26762 loops=1)
         Buffers: shared hit=2788002 read=354284
         ->  Hash Join  (cost=13061.64..636770.17 rows=194 width=4) (actual time=662.487..34453.174 rows=92026 loops=1)
               Hash Cond: (ci.role_id = rt.id)
               Buffers: shared hit=2440503 read=333679
               ->  Nested Loop  (cost=13060.47..636764.87 rows=1161 width=8) (actual time=662.375..34179.504 rows=1414635 loops=1)
                     Buffers: shared hit=2440502 read=333679
                     ->  Nested Loop  (cost=13060.03..633222.29 rows=81 width=12) (actual time=662.334..15272.713 rows=56246 loops=1)
                           Buffers: shared hit=1104456 read=125850
                           ->  Seq Scan on info_type it2  (cost=0.00..2.41 rows=1 width=4) (actual time=0.030..0.036 rows=1 loops=1)
                                 Filter: (id = 4)
                                 Rows Removed by Filter: 112
                                 Buffers: shared hit=1
                           ->  Nested Loop  (cost=13060.03..633219.06 rows=81 width=16) (actual time=662.303..15259.874 rows=56246 loops=1)
                                 Buffers: shared hit=1104455 read=125850
                                 ->  Seq Scan on info_type it1  (cost=0.00..2.41 rows=1 width=4) (actual time=0.012..0.021 rows=1 loops=1)
                                       Filter: (id = 3)
                                       Rows Removed by Filter: 112
                                       Buffers: shared hit=1
                                 ->  Nested Loop  (cost=13060.03..633215.84 rows=81 width=20) (actual time=662.288..15245.130 rows=56246 loops=1)
                                       Buffers: shared hit=1104454 read=125850
                                       ->  Hash Join  (cost=13059.59..543717.80 rows=2105 width=12) (actual time=662.179..8351.364 rows=54138 loops=1)
                                             Hash Cond: (t.kind_id = kt.id)
                                             Buffers: shared hit=609120 read=43845
                                             ->  Nested Loop  (cost=13058.48..543685.64 rows=7368 width=16) (actual time=77.404..8312.948 rows=95593 loops=1)
                                                   Buffers: shared hit=609119 read=43845
                                                   ->  Bitmap Heap Scan on movie_info mi2  (cost=13058.04..475444.64 rows=10689 width=8) (actual time=77.357..901.391 rows=173097 loops=1)
                                                         Recheck Cond: (info_type_id = 4)
                                                         Filter: ((info)::text = ANY ('{Cantonese,Filipino,French,German,Greek,Hebrew,Malayalam,Norwegian,Polish,Tagalog}'::text[]))
                                                         Rows Removed by Filter: 1125892
                                                         Heap Blocks: exact=8393
                                                         Buffers: shared hit=78 read=9334
                                                         ->  Bitmap Index Scan on info_type_id_movie_info  (cost=0.00..13055.37 rows=1221191 width=0) (actual time=74.540..74.541 rows=1298989 loops=1)
                                                               Index Cond: (info_type_id = 4)
                                                               Buffers: shared read=1019
                                                   ->  Memoize  (cost=0.44..6.46 rows=1 width=8) (actual time=0.042..0.042 rows=1 loops=173097)
                                                         Cache Key: mi2.movie_id
                                                         Cache Mode: logical
                                                         Hits: 12209  Misses: 160888  Evictions: 67735  Overflows: 0  Memory Usage: 8193kB
                                                         Buffers: shared hit=609041 read=34511
                                                         ->  Index Scan using title_pkey on title t  (cost=0.43..6.45 rows=1 width=8) (actual time=0.044..0.044 rows=1 loops=160888)
                                                               Index Cond: (id = mi2.movie_id)
                                                               Filter: ((production_year <= 2015) AND (1990 < production_year))
                                                               Rows Removed by Filter: 0
                                                               Buffers: shared hit=609041 read=34511
                                             ->  Hash  (cost=1.09..1.09 rows=2 width=4) (actual time=0.016..0.016 rows=2 loops=1)
                                                   Buckets: 1024  Batches: 1  Memory Usage: 9kB
                                                   Buffers: shared hit=1
                                                   ->  Seq Scan on kind_type kt  (cost=0.00..1.09 rows=2 width=4) (actual time=0.008..0.010 rows=2 loops=1)
                                                         Filter: ((kind)::text = ANY ('{movie,"video movie"}'::text[]))
                                                         Rows Removed by Filter: 5
                                                         Buffers: shared hit=1
                                       ->  Index Scan using movie_id_movie_info on movie_info mi1  (cost=0.43..42.51 rows=1 width=8) (actual time=0.126..0.127 rows=1 loops=54138)
                                             Index Cond: (movie_id = t.id)
                                             Filter: ((info_type_id = 3) AND ((info)::text = ANY ('{Action,Animation,Comedy,Drama,Music,Romance,Short}'::text[])))
                                             Rows Removed by Filter: 14
                                             Buffers: shared hit=495334 read=82005
                     ->  Index Scan using movie_id_cast_info on cast_info ci  (cost=0.44..43.36 rows=38 width=12) (actual time=0.046..0.329 rows=25 loops=56246)
                           Index Cond: (movie_id = t.id)
                           Buffers: shared hit=1336046 read=207829
               ->  Hash  (cost=1.15..1.15 rows=2 width=4) (actual time=0.032..0.032 rows=2 loops=1)
                     Buckets: 1024  Batches: 1  Memory Usage: 9kB
                     Buffers: shared hit=1
                     ->  Seq Scan on role_type rt  (cost=0.00..1.15 rows=2 width=4) (actual time=0.023..0.026 rows=2 loops=1)
                           Filter: ((role)::text = ANY ('{cinematographer,composer}'::text[]))
                           Rows Removed by Filter: 10
                           Buffers: shared hit=1
         ->  Index Scan using name_pkey on name n  (cost=0.43..2.32 rows=1 width=4) (actual time=0.045..0.045 rows=0 loops=92026)
               Index Cond: (id = ci.person_id)
               Filter: ((gender)::text = 'm'::text)
               Rows Removed by Filter: 1
               Buffers: shared hit=347499 read=20605
 Planning:
   Buffers: shared hit=488 read=86
 Planning Time: 15.113 ms
 Execution Time: 38677.753 ms
(78 rows)

