                                                                                               QUERY PLAN                                                                                               
--------------------------------------------------------------------------------------------------------------------------------------------------------------------------------------------------------
 Aggregate  (cost=728373.67..728373.68 rows=1 width=8) (actual time=21172.475..21172.482 rows=1 loops=1)
   Buffers: shared hit=1666212 read=159073
   ->  Nested Loop  (cost=13063.27..728373.52 rows=63 width=0) (actual time=58.620..21155.398 rows=93179 loops=1)
         Buffers: shared hit=1666212 read=159073
         ->  Seq Scan on info_type it2  (cost=0.00..2.41 rows=1 width=4) (actual time=0.037..0.051 rows=1 loops=1)
               Filter: (id = 4)
               Rows Removed by Filter: 112
               Buffers: shared hit=1
         ->  Nested Loop  (cost=13063.27..728370.47 rows=63 width=4) (actual time=58.582..21136.208 rows=93179 loops=1)
               Buffers: shared hit=1666211 read=159073
               ->  Seq Scan on info_type it1  (cost=0.00..2.41 rows=1 width=4) (actual time=0.012..0.029 rows=1 loops=1)
                     Filter: (id = 3)
                     Rows Removed by Filter: 112
                     Buffers: shared hit=1
               ->  Nested Loop  (cost=13063.27..728367.43 rows=63 width=8) (actual time=58.567..21116.566 rows=93179 loops=1)
                     Buffers: shared hit=1666210 read=159073
                     ->  Hash Join  (cost=13062.84..728019.50 rows=150 width=12) (actual time=58.519..17096.543 rows=93179 loops=1)
                           Hash Cond: (ci.role_id = rt.id)
                           Buffers: shared hit=1317962 read=134605
                           ->  Nested Loop  (cost=13061.68..728011.93 rows=1806 width=16) (actual time=58.262..17016.146 rows=255302 loops=1)
                                 Buffers: shared hit=1317961 read=134605
                                 ->  Nested Loop  (cost=13061.24..722501.25 rows=126 width=20) (actual time=58.209..13603.121 rows=13379 loops=1)
                                       Buffers: shared hit=1098781 read=64471
                                       ->  Hash Join  (cost=13060.78..593606.54 rows=3041 width=12) (actual time=58.139..11096.850 rows=25092 loops=1)
                                             Hash Cond: (t.kind_id = kt.id)
                                             Buffers: shared hit=902317 read=31248
                                             ->  Nested Loop  (cost=13059.67..593560.57 rows=10644 width=16) (actual time=58.104..11056.739 rows=143900 loops=1)
                                                   Buffers: shared hit=902316 read=31248
                                                   ->  Bitmap Heap Scan on movie_info mi2  (cost=13059.23..505504.19 rows=15442 width=8) (actual time=57.963..1116.547 rows=244269 loops=1)
                                                         Recheck Cond: (info_type_id = 4)
                                                         Filter: ((info)::text = ANY ('{Danish,Filipino,French,Hindi,Italian,Korean,Malayalam,Mandarin,Norwegian,Spanish,Tagalog,Turkish}'::text[]))
                                                         Rows Removed by Filter: 1054720
                                                         Heap Blocks: exact=8393
                                                         Buffers: shared hit=37 read=9375
                                                         ->  Bitmap Index Scan on info_type_id_movie_info  (cost=0.00..13055.37 rows=1221191 width=0) (actual time=51.279..51.279 rows=1298989 loops=1)
                                                               Index Cond: (info_type_id = 4)
                                                               Buffers: shared hit=1 read=1018
                                                   ->  Memoize  (cost=0.44..5.81 rows=1 width=8) (actual time=0.040..0.040 rows=1 loops=244269)
                                                         Cache Key: mi2.movie_id
                                                         Cache Mode: logical
                                                         Hits: 13231  Misses: 231038  Evictions: 143271  Overflows: 0  Memory Usage: 8193kB
                                                         Buffers: shared hit=902279 read=21873
                                                         ->  Index Scan using title_pkey on title t  (cost=0.43..5.80 rows=1 width=8) (actual time=0.041..0.041 rows=1 loops=231038)
                                                               Index Cond: (id = mi2.movie_id)
                                                               Filter: ((production_year <= 2015) AND (1990 < production_year))
                                                               Rows Removed by Filter: 0
                                                               Buffers: shared hit=902279 read=21873
                                             ->  Hash  (cost=1.09..1.09 rows=2 width=4) (actual time=0.018..0.019 rows=2 loops=1)
                                                   Buckets: 1024  Batches: 1  Memory Usage: 9kB
                                                   Buffers: shared hit=1
                                                   ->  Seq Scan on kind_type kt  (cost=0.00..1.09 rows=2 width=4) (actual time=0.009..0.011 rows=2 loops=1)
                                                         Filter: ((kind)::text = ANY ('{"tv movie","tv series"}'::text[]))
                                                         Rows Removed by Filter: 5
                                                         Buffers: shared hit=1
                                       ->  Index Scan using movie_id_movie_info on movie_info mi1  (cost=0.46..42.38 rows=1 width=8) (actual time=0.097..0.099 rows=1 loops=25092)
                                             Index Cond: (movie_id = t.id)
                                             Filter: ((info_type_id = 3) AND ((info)::text = ANY ('{Action,Adult,Animation,Comedy,Drama,History,Mystery,Romance,Short}'::text[])))
                                             Rows Removed by Filter: 7
                                             Buffers: shared hit=196464 read=33223
                                 ->  Index Scan using movie_id_cast_info on cast_info ci  (cost=0.44..43.36 rows=38 width=12) (actual time=0.041..0.248 rows=19 loops=13379)
                                       Index Cond: (movie_id = t.id)
                                       Buffers: shared hit=219180 read=70134
                           ->  Hash  (cost=1.15..1.15 rows=1 width=4) (actual time=0.017..0.018 rows=1 loops=1)
                                 Buckets: 1024  Batches: 1  Memory Usage: 9kB
                                 Buffers: shared hit=1
                                 ->  Seq Scan on role_type rt  (cost=0.00..1.15 rows=1 width=4) (actual time=0.008..0.011 rows=1 loops=1)
                                       Filter: ((role)::text = 'actor'::text)
                                       Rows Removed by Filter: 11
                                       Buffers: shared hit=1
                     ->  Index Scan using name_pkey on name n  (cost=0.43..2.32 rows=1 width=4) (actual time=0.042..0.042 rows=1 loops=93179)
                           Index Cond: (id = ci.person_id)
                           Filter: ((gender)::text = 'm'::text)
                           Buffers: shared hit=348248 read=24468
 Planning:
   Buffers: shared hit=576 read=1
 Planning Time: 8.039 ms
 Execution Time: 21174.485 ms
(77 rows)

