                                                                                            QUERY PLAN                                                                                            
--------------------------------------------------------------------------------------------------------------------------------------------------------------------------------------------------
 Aggregate  (cost=693986.18..693986.19 rows=1 width=8) (actual time=48865.720..48865.728 rows=1 loops=1)
   Buffers: shared hit=4055560 read=544364, temp read=2821 written=2821
   ->  Nested Loop  (cost=90778.54..693985.92 rows=104 width=0) (actual time=543.568..48863.526 rows=4475 loops=1)
         Buffers: shared hit=4055560 read=544364, temp read=2821 written=2821
         ->  Seq Scan on info_type it2  (cost=0.00..2.41 rows=1 width=4) (actual time=0.039..0.045 rows=1 loops=1)
               Filter: (id = 4)
               Rows Removed by Filter: 112
               Buffers: shared hit=1
         ->  Nested Loop  (cost=90778.54..693982.47 rows=104 width=4) (actual time=543.529..48862.181 rows=4475 loops=1)
               Buffers: shared hit=4055559 read=544364, temp read=2821 written=2821
               ->  Seq Scan on info_type it1  (cost=0.00..2.41 rows=1 width=4) (actual time=0.008..0.017 rows=1 loops=1)
                     Filter: (id = 3)
                     Rows Removed by Filter: 112
                     Buffers: shared hit=1
               ->  Nested Loop  (cost=90778.54..693979.02 rows=104 width=8) (actual time=543.518..48860.695 rows=4475 loops=1)
                     Buffers: shared hit=4055558 read=544364, temp read=2821 written=2821
                     ->  Hash Join  (cost=90778.11..692942.19 rows=447 width=12) (actual time=532.937..42195.411 rows=167138 loops=1)
                           Hash Cond: (ci.role_id = rt.id)
                           Buffers: shared hit=3420124 read=511246, temp read=2821 written=2821
                           ->  Nested Loop  (cost=90776.93..692931.50 rows=2680 width=16) (actual time=532.613..41835.237 rows=1791205 loops=1)
                                 Buffers: shared hit=3420123 read=511246, temp read=2821 written=2821
                                 ->  Nested Loop  (cost=90776.49..684539.05 rows=187 width=20) (actual time=532.584..20597.121 rows=96659 loops=1)
                                       Buffers: shared hit=1648669 read=235554, temp read=2821 written=2821
                                       ->  Hash Join  (cost=90776.06..493366.32 rows=4416 width=12) (actual time=530.960..1836.732 rows=166499 loops=1)
                                             Hash Cond: (mi2.movie_id = t.id)
                                             Buffers: shared hit=26425 read=19379, temp read=2821 written=2821
                                             ->  Bitmap Heap Scan on movie_info mi2  (cost=13073.78..415343.66 rows=73659 width=8) (actual time=35.105..639.650 rows=944508 loops=1)
                                                   Recheck Cond: (info_type_id = 4)
                                                   Filter: ((info)::text = ANY ('{English,French,German,Italian,Serbo-Croatian,Turkish}'::text[]))
                                                   Rows Removed by Filter: 354481
                                                   Heap Blocks: exact=8393
                                                   Buffers: shared hit=17 read=9395
                                                   ->  Bitmap Index Scan on info_type_id_movie_info  (cost=0.00..13055.37 rows=1221191 width=0) (actual time=34.074..34.074 rows=1298989 loops=1)
                                                         Index Cond: (info_type_id = 4)
                                                         Buffers: shared read=1019
                                             ->  Hash  (cost=75807.58..75807.58 rows=151576 width=4) (actual time=493.027..493.030 rows=335746 loops=1)
                                                   Buckets: 262144 (originally 262144)  Batches: 2 (originally 1)  Memory Usage: 7957kB
                                                   Buffers: shared hit=26408 read=9984, temp written=491
                                                   ->  Hash Join  (cost=1.13..75807.58 rows=151576 width=4) (actual time=0.045..433.906 rows=335746 loops=1)
                                                         Hash Cond: (t.kind_id = kt.id)
                                                         Buffers: shared hit=26408 read=9984
                                                         ->  Seq Scan on title t  (cost=0.00..74315.95 rows=353677 width=8) (actual time=0.026..392.449 rows=347589 loops=1)
                                                               Filter: ((production_year <= 1975) AND (1925 < production_year))
                                                               Rows Removed by Filter: 2180723
                                                               Buffers: shared hit=26407 read=9984
                                                         ->  Hash  (cost=1.10..1.10 rows=3 width=4) (actual time=0.013..0.014 rows=3 loops=1)
                                                               Buckets: 1024  Batches: 1  Memory Usage: 9kB
                                                               Buffers: shared hit=1
                                                               ->  Seq Scan on kind_type kt  (cost=0.00..1.10 rows=3 width=4) (actual time=0.006..0.007 rows=3 loops=1)
                                                                     Filter: ((kind)::text = ANY ('{episode,movie,"tv movie"}'::text[]))
                                                                     Rows Removed by Filter: 4
                                                                     Buffers: shared hit=1
                                       ->  Index Scan using movie_id_movie_info on movie_info mi1  (cost=0.43..43.28 rows=1 width=8) (actual time=0.112..0.112 rows=1 loops=166499)
                                             Index Cond: (movie_id = t.id)
                                             Filter: ((info_type_id = 3) AND ((info)::text = ANY ('{Comedy,Documentary,Drama,Horror,Music,Musical,Short}'::text[])))
                                             Rows Removed by Filter: 13
                                             Buffers: shared hit=1622244 read=216175
                                 ->  Index Scan using movie_id_cast_info on cast_info ci  (cost=0.44..44.50 rows=38 width=12) (actual time=0.040..0.214 rows=19 loops=96659)
                                       Index Cond: (movie_id = t.id)
                                       Buffers: shared hit=1771454 read=275692
                           ->  Hash  (cost=1.15..1.15 rows=2 width=4) (actual time=0.016..0.016 rows=2 loops=1)
                                 Buckets: 1024  Batches: 1  Memory Usage: 9kB
                                 Buffers: shared hit=1
                                 ->  Seq Scan on role_type rt  (cost=0.00..1.15 rows=2 width=4) (actual time=0.009..0.010 rows=2 loops=1)
                                       Filter: ((role)::text = ANY ('{"production designer",writer}'::text[]))
                                       Rows Removed by Filter: 10
                                       Buffers: shared hit=1
                     ->  Index Scan using name_pkey on name n  (cost=0.43..2.32 rows=1 width=4) (actual time=0.039..0.039 rows=0 loops=167138)
                           Index Cond: (id = ci.person_id)
                           Filter: ((gender)::text = 'f'::text)
                           Rows Removed by Filter: 1
                           Buffers: shared hit=635434 read=33118
 Planning:
   Buffers: shared hit=489 read=85
 Planning Time: 13.105 ms
 Execution Time: 48866.204 ms
(76 rows)

