                                                                                                  QUERY PLAN                                                                                                  
--------------------------------------------------------------------------------------------------------------------------------------------------------------------------------------------------------------
 Aggregate  (cost=1027781.71..1027781.72 rows=1 width=8) (actual time=176728.135..176728.143 rows=1 loops=1)
   Buffers: shared hit=12724371 read=1627820, temp read=13736 written=13034
   ->  Nested Loop  (cost=909222.06..1027780.95 rows=302 width=0) (actual time=2052.298..176724.107 rows=5473 loops=1)
         Buffers: shared hit=12724371 read=1627820, temp read=13736 written=13034
         ->  Seq Scan on info_type it2  (cost=0.00..2.41 rows=1 width=4) (actual time=0.047..0.061 rows=1 loops=1)
               Filter: (id = 4)
               Rows Removed by Filter: 112
               Buffers: shared hit=1
         ->  Nested Loop  (cost=909222.06..1027775.52 rows=302 width=4) (actual time=2052.250..176721.644 rows=5473 loops=1)
               Buffers: shared hit=12724370 read=1627820, temp read=13736 written=13034
               ->  Seq Scan on info_type it1  (cost=0.00..2.41 rows=1 width=4) (actual time=0.008..0.025 rows=1 loops=1)
                     Filter: (id = 3)
                     Rows Removed by Filter: 112
                     Buffers: shared hit=1
               ->  Nested Loop  (cost=909222.06..1027770.09 rows=302 width=8) (actual time=2052.240..176719.322 rows=5473 loops=1)
                     Buffers: shared hit=12724369 read=1627820, temp read=13736 written=13034
                     ->  Hash Join  (cost=909221.63..1024750.07 rows=1302 width=12) (actual time=1968.537..163716.481 rows=272051 loops=1)
                           Hash Cond: (ci.role_id = rt.id)
                           Buffers: shared hit=11726574 read=1537411, temp read=13736 written=13034
                           ->  Nested Loop  (cost=909220.46..1024693.41 rows=15624 width=16) (actual time=1963.794..161877.189 rows=9517134 loops=1)
                                 Buffers: shared hit=11726573 read=1537411, temp read=13736 written=13034
                                 ->  Nested Loop  (cost=909220.02..977104.37 rows=1090 width=20) (actual time=1963.640..31136.234 rows=494859 loops=1)
                                       Buffers: shared hit=2463829 read=47650, temp read=13736 written=13034
                                       ->  Nested Loop  (cost=909219.88..977042.46 rows=2543 width=24) (actual time=1959.672..30624.559 rows=553446 loops=1)
                                             Buffers: shared hit=2463817 read=47650, temp read=13736 written=13034
                                             ->  Merge Join  (cost=909219.45..910250.54 rows=20063 width=16) (actual time=1959.411..3021.490 rows=622770 loops=1)
                                                   Merge Cond: (mi1.movie_id = mi2.movie_id)
                                                   Buffers: shared hit=7165 read=13222, temp read=13736 written=13034
                                                   ->  Sort  (cost=457042.57..457250.55 rows=83191 width=8) (actual time=652.779..815.676 rows=804006 loops=1)
                                                         Sort Key: mi1.movie_id
                                                         Sort Method: external sort  Disk: 17376kB
                                                         Buffers: shared hit=3794 read=7181, temp read=4336 written=4347
                                                         ->  Bitmap Heap Scan on movie_info mi1  (cost=16469.27..450244.14 rows=83191 width=8) (actual time=42.265..454.304 rows=804006 loops=1)
                                                               Recheck Cond: (info_type_id = 3)
                                                               Filter: ((info)::text = ANY ('{Adult,Adventure,Crime,Drama,Musical,Romance,Short,Sport}'::text[]))
                                                               Rows Removed by Filter: 729903
                                                               Heap Blocks: exact=9772
                                                               Buffers: shared hit=3794 read=7181
                                                               ->  Bitmap Index Scan on info_type_id_movie_info  (cost=0.00..16448.47 rows=1538671 width=0) (actual time=41.068..41.069 rows=1533909 loops=1)
                                                                     Index Cond: (info_type_id = 3)
                                                                     Buffers: shared read=1203
                                                   ->  Sort  (cost=452176.88..452384.13 rows=82900 width=8) (actual time=1306.618..1589.294 rows=1214969 loops=1)
                                                         Sort Key: mi2.movie_id
                                                         Sort Method: external sort  Disk: 23184kB
                                                         Buffers: shared hit=3371 read=6041, temp read=9036 written=8687
                                                         ->  Bitmap Heap Scan on movie_info mi2  (cost=13076.09..445404.33 rows=82900 width=8) (actual time=30.368..654.029 rows=1072563 loops=1)
                                                               Recheck Cond: (info_type_id = 4)
                                                               Filter: ((info)::text = ANY ('{English,Finnish,French,German,Japanese,Polish,Portuguese,Spanish}'::text[]))
                                                               Rows Removed by Filter: 226426
                                                               Heap Blocks: exact=8393
                                                               Buffers: shared hit=3371 read=6041
                                                               ->  Bitmap Index Scan on info_type_id_movie_info  (cost=0.00..13055.37 rows=1221191 width=0) (actual time=29.329..29.330 rows=1298989 loops=1)
                                                                     Index Cond: (info_type_id = 4)
                                                                     Buffers: shared hit=1 read=1018
                                             ->  Index Scan using title_pkey on title t  (cost=0.43..3.33 rows=1 width=8) (actual time=0.044..0.044 rows=1 loops=622770)
                                                   Index Cond: (id = mi1.movie_id)
                                                   Filter: ((production_year <= 2015) AND (1925 < production_year))
                                                   Rows Removed by Filter: 0
                                                   Buffers: shared hit=2456652 read=34428
                                       ->  Memoize  (cost=0.14..0.16 rows=1 width=4) (actual time=0.000..0.000 rows=1 loops=553446)
                                             Cache Key: t.kind_id
                                             Cache Mode: logical
                                             Hits: 553440  Misses: 6  Evictions: 0  Overflows: 0  Memory Usage: 1kB
                                             Buffers: shared hit=12
                                             ->  Index Scan using kind_type_pkey on kind_type kt  (cost=0.13..0.15 rows=1 width=4) (actual time=0.031..0.031 rows=0 loops=6)
                                                   Index Cond: (id = t.kind_id)
                                                   Filter: ((kind)::text = ANY ('{episode,movie,"video movie"}'::text[]))
                                                   Rows Removed by Filter: 0
                                                   Buffers: shared hit=12
                                 ->  Index Scan using movie_id_cast_info on cast_info ci  (cost=0.44..43.28 rows=38 width=12) (actual time=0.044..0.258 rows=19 loops=494859)
                                       Index Cond: (movie_id = t.id)
                                       Buffers: shared hit=9262744 read=1489761
                           ->  Hash  (cost=1.15..1.15 rows=1 width=4) (actual time=0.021..0.022 rows=1 loops=1)
                                 Buckets: 1024  Batches: 1  Memory Usage: 9kB
                                 Buffers: shared hit=1
                                 ->  Seq Scan on role_type rt  (cost=0.00..1.15 rows=1 width=4) (actual time=0.012..0.013 rows=1 loops=1)
                                       Filter: ((role)::text = 'composer'::text)
                                       Rows Removed by Filter: 11
                                       Buffers: shared hit=1
                     ->  Index Scan using name_pkey on name n  (cost=0.43..2.32 rows=1 width=4) (actual time=0.047..0.047 rows=0 loops=272051)
                           Index Cond: (id = ci.person_id)
                           Filter: ((gender)::text = 'f'::text)
                           Rows Removed by Filter: 1
                           Buffers: shared hit=997795 read=90409
 Planning:
   Buffers: shared hit=482 read=92
 Planning Time: 13.303 ms
 Execution Time: 176736.811 ms
(88 rows)

