                                                                                            QUERY PLAN                                                                                            
--------------------------------------------------------------------------------------------------------------------------------------------------------------------------------------------------
 Aggregate  (cost=841069.63..841069.64 rows=1 width=8) (actual time=8089.200..8089.210 rows=1 loops=1)
   Buffers: shared hit=591577 read=185380, temp read=1322 written=1322
   ->  Nested Loop  (cost=106979.00..841069.49 rows=56 width=0) (actual time=591.121..8088.951 rows=273 loops=1)
         Buffers: shared hit=591577 read=185380, temp read=1322 written=1322
         ->  Seq Scan on info_type it2  (cost=0.00..2.41 rows=1 width=4) (actual time=0.044..0.055 rows=1 loops=1)
               Filter: (id = 4)
               Rows Removed by Filter: 112
               Buffers: shared hit=1
         ->  Nested Loop  (cost=106979.00..841066.52 rows=56 width=4) (actual time=591.075..8088.744 rows=273 loops=1)
               Buffers: shared hit=591576 read=185380, temp read=1322 written=1322
               ->  Seq Scan on info_type it1  (cost=0.00..2.41 rows=1 width=4) (actual time=0.012..0.025 rows=1 loops=1)
                     Filter: (id = 3)
                     Rows Removed by Filter: 112
                     Buffers: shared hit=1
               ->  Nested Loop  (cost=106979.00..841063.55 rows=56 width=8) (actual time=591.059..8088.569 rows=273 loops=1)
                     Buffers: shared hit=591575 read=185380, temp read=1322 written=1322
                     ->  Hash Join  (cost=106978.57..840752.73 rows=134 width=12) (actual time=591.024..8025.987 rows=1647 loops=1)
                           Hash Cond: (ci.role_id = rt.id)
                           Buffers: shared hit=586108 read=184259, temp read=1322 written=1322
                           ->  Nested Loop  (cost=106977.41..840745.87 rows=1605 width=16) (actual time=589.859..7974.947 rows=322589 loops=1)
                                 Buffers: shared hit=586107 read=184259, temp read=1322 written=1322
                                 ->  Nested Loop  (cost=106976.97..835847.49 rows=112 width=20) (actual time=589.827..4570.299 rows=15727 loops=1)
                                       Buffers: shared hit=307276 read=111883, temp read=1322 written=1322
                                       ->  Hash Join  (cost=106976.53..557574.49 rows=6545 width=12) (actual time=589.629..1265.551 rows=40250 loops=1)
                                             Hash Cond: (mi2.movie_id = t.id)
                                             Buffers: shared hit=1740 read=44064, temp read=1322 written=1322
                                             ->  Bitmap Heap Scan on movie_info mi2  (cost=13060.91..460418.33 rows=22156 width=8) (actual time=38.448..551.650 rows=321575 loops=1)
                                                   Recheck Cond: (info_type_id = 4)
                                                   Filter: ((info)::text = ANY ('{Filipino,French,German,Hebrew,Hindi,Italian,Japanese,Spanish,Tagalog}'::text[]))
                                                   Rows Removed by Filter: 977414
                                                   Heap Blocks: exact=8393
                                                   Buffers: shared hit=9 read=9403
                                                   ->  Bitmap Index Scan on info_type_id_movie_info  (cost=0.00..13055.37 rows=1221191 width=0) (actual time=35.706..35.707 rows=1298989 loops=1)
                                                         Index Cond: (info_type_id = 4)
                                                         Buffers: shared read=1019
                                             ->  Hash  (cost=81661.50..81661.50 rows=746890 width=4) (actual time=550.143..550.146 rows=138444 loops=1)
                                                   Buckets: 262144  Batches: 8  Memory Usage: 2656kB
                                                   Buffers: shared hit=1731 read=34661, temp written=350
                                                   ->  Hash Join  (cost=1.13..81661.50 rows=746890 width=4) (actual time=0.038..529.433 rows=138444 loops=1)
                                                         Hash Cond: (t.kind_id = kt.id)
                                                         Buffers: shared hit=1731 read=34661
                                                         ->  Seq Scan on title t  (cost=0.00..74315.95 rows=1742744 width=8) (actual time=0.019..426.563 rows=1748995 loops=1)
                                                               Filter: ((production_year <= 2015) AND (1990 < production_year))
                                                               Rows Removed by Filter: 779317
                                                               Buffers: shared hit=1730 read=34661
                                                         ->  Hash  (cost=1.10..1.10 rows=3 width=4) (actual time=0.013..0.014 rows=3 loops=1)
                                                               Buckets: 1024  Batches: 1  Memory Usage: 9kB
                                                               Buffers: shared hit=1
                                                               ->  Seq Scan on kind_type kt  (cost=0.00..1.10 rows=3 width=4) (actual time=0.006..0.008 rows=3 loops=1)
                                                                     Filter: ((kind)::text = ANY ('{"tv movie","tv series","video game"}'::text[]))
                                                                     Rows Removed by Filter: 4
                                                                     Buffers: shared hit=1
                                       ->  Index Scan using movie_id_movie_info on movie_info mi1  (cost=0.43..42.51 rows=1 width=8) (actual time=0.081..0.082 rows=0 loops=40250)
                                             Index Cond: (movie_id = t.id)
                                             Filter: ((info_type_id = 3) AND ((info)::text = ANY ('{Action,Adult,Biography,Documentary,Fantasy,Romance,Thriller}'::text[])))
                                             Rows Removed by Filter: 8
                                             Buffers: shared hit=305536 read=67819
                                 ->  Index Scan using movie_id_cast_info on cast_info ci  (cost=0.44..43.36 rows=38 width=12) (actual time=0.034..0.211 rows=21 loops=15727)
                                       Index Cond: (movie_id = t.id)
                                       Buffers: shared hit=278831 read=72376
                           ->  Hash  (cost=1.15..1.15 rows=1 width=4) (actual time=0.016..0.017 rows=1 loops=1)
                                 Buckets: 1024  Batches: 1  Memory Usage: 9kB
                                 Buffers: shared hit=1
                                 ->  Seq Scan on role_type rt  (cost=0.00..1.15 rows=1 width=4) (actual time=0.010..0.011 rows=1 loops=1)
                                       Filter: ((role)::text = 'production designer'::text)
                                       Rows Removed by Filter: 11
                                       Buffers: shared hit=1
                     ->  Index Scan using name_pkey on name n  (cost=0.43..2.32 rows=1 width=4) (actual time=0.037..0.037 rows=0 loops=1647)
                           Index Cond: (id = ci.person_id)
                           Filter: ((gender)::text = 'm'::text)
                           Rows Removed by Filter: 1
                           Buffers: shared hit=5467 read=1121
 Planning:
   Buffers: shared hit=487 read=87
 Planning Time: 14.446 ms
 Execution Time: 8089.780 ms
(76 rows)

