                                                                                            QUERY PLAN                                                                                            
--------------------------------------------------------------------------------------------------------------------------------------------------------------------------------------------------
 Aggregate  (cost=867249.56..867249.57 rows=1 width=8) (actual time=2393.302..2393.311 rows=1 loops=1)
   Buffers: shared hit=138382 read=76329, temp read=1777 written=1777
   ->  Nested Loop  (cost=92537.54..867248.42 rows=456 width=0) (actual time=480.194..2393.253 rows=111 loops=1)
         Buffers: shared hit=138382 read=76329, temp read=1777 written=1777
         ->  Hash Join  (cost=92537.11..865624.76 rows=700 width=4) (actual time=426.626..2372.427 rows=511 loops=1)
               Hash Cond: (ci.role_id = rt.id)
               Buffers: shared hit=136726 read=75941, temp read=1777 written=1777
               ->  Nested Loop  (cost=92535.94..865608.66 rows=4200 width=8) (actual time=425.889..2365.637 rows=56342 loops=1)
                     Buffers: shared hit=136725 read=75941, temp read=1777 written=1777
                     ->  Nested Loop  (cost=92535.50..852554.24 rows=293 width=12) (actual time=425.847..1686.527 rows=6314 loops=1)
                           Buffers: shared hit=86964 read=52204, temp read=1777 written=1777
                           ->  Seq Scan on info_type it2  (cost=0.00..2.41 rows=1 width=4) (actual time=0.035..0.044 rows=1 loops=1)
                                 Filter: (id = 4)
                                 Rows Removed by Filter: 112
                                 Buffers: shared hit=1
                           ->  Nested Loop  (cost=92535.50..852548.90 rows=293 width=16) (actual time=425.810..1685.441 rows=6314 loops=1)
                                 Buffers: shared hit=86963 read=52204, temp read=1777 written=1777
                                 ->  Seq Scan on info_type it1  (cost=0.00..2.41 rows=1 width=4) (actual time=0.008..0.020 rows=1 loops=1)
                                       Filter: (id = 3)
                                       Rows Removed by Filter: 112
                                       Buffers: shared hit=1
                                 ->  Nested Loop  (cost=92535.50..852543.56 rows=293 width=20) (actual time=425.799..1684.376 rows=6314 loops=1)
                                       Buffers: shared hit=86962 read=52204, temp read=1777 written=1777
                                       ->  Hash Join  (cost=92535.04..586731.40 rows=6190 width=12) (actual time=425.747..991.756 rows=9442 loops=1)
                                             Hash Cond: (mi2.movie_id = t.id)
                                             Buffers: shared hit=5005 read=40799, temp read=1777 written=1777
                                             ->  Bitmap Heap Scan on movie_info mi2  (cost=13075.33..505520.29 rows=79868 width=8) (actual time=36.889..395.083 rows=1029753 loops=1)
                                                   Recheck Cond: (info_type_id = 4)
                                                   Filter: ((info)::text = ANY ('{Danish,Dutch,English,Greek,Italian,Japanese,Korean,Mandarin,Polish,Portuguese,Spanish,Tagalog}'::text[]))
                                                   Rows Removed by Filter: 269236
                                                   Heap Blocks: exact=8393
                                                   Buffers: shared hit=4650 read=4762
                                                   ->  Bitmap Index Scan on info_type_id_movie_info  (cost=0.00..13055.37 rows=1221191 width=0) (actual time=35.853..35.854 rows=1298989 loops=1)
                                                         Index Cond: (info_type_id = 4)
                                                         Buffers: shared read=1019
                                             ->  Hash  (cost=76244.10..76244.10 rows=195968 width=4) (actual time=385.818..385.821 rows=11843 loops=1)
                                                   Buckets: 262144  Batches: 2  Memory Usage: 2260kB
                                                   Buffers: shared hit=355 read=36037, temp written=17
                                                   ->  Hash Join  (cost=1.13..76244.10 rows=195968 width=4) (actual time=0.125..383.093 rows=11843 loops=1)
                                                         Hash Cond: (t.kind_id = kt.id)
                                                         Buffers: shared hit=355 read=36037
                                                         ->  Seq Scan on title t  (cost=0.00..74315.95 rows=457258 width=8) (actual time=0.022..357.211 rows=451569 loops=1)
                                                               Filter: ((production_year <= 1975) AND (1875 < production_year))
                                                               Rows Removed by Filter: 2076743
                                                               Buffers: shared hit=354 read=36037
                                                         ->  Hash  (cost=1.10..1.10 rows=3 width=4) (actual time=0.015..0.016 rows=3 loops=1)
                                                               Buckets: 1024  Batches: 1  Memory Usage: 9kB
                                                               Buffers: shared hit=1
                                                               ->  Seq Scan on kind_type kt  (cost=0.00..1.10 rows=3 width=4) (actual time=0.008..0.010 rows=3 loops=1)
                                                                     Filter: ((kind)::text = ANY ('{"tv series","video game","video movie"}'::text[]))
                                                                     Rows Removed by Filter: 4
                                                                     Buffers: shared hit=1
                                       ->  Index Scan using movie_id_movie_info on movie_info mi1  (cost=0.46..42.93 rows=1 width=8) (actual time=0.071..0.073 rows=1 loops=9442)
                                             Index Cond: (movie_id = t.id)
                                             Filter: ((info_type_id = 3) AND ((info)::text = ANY ('{Action,Adventure,Animation,Comedy,Crime,Documentary,Drama,Fantasy,Musical,Short}'::text[])))
                                             Rows Removed by Filter: 10
                                             Buffers: shared hit=81957 read=11405
                     ->  Index Scan using movie_id_cast_info on cast_info ci  (cost=0.44..44.17 rows=38 width=12) (actual time=0.031..0.106 rows=9 loops=6314)
                           Index Cond: (movie_id = t.id)
                           Buffers: shared hit=49761 read=23737
               ->  Hash  (cost=1.15..1.15 rows=2 width=4) (actual time=0.031..0.032 rows=2 loops=1)
                     Buckets: 1024  Batches: 1  Memory Usage: 9kB
                     Buffers: shared hit=1
                     ->  Seq Scan on role_type rt  (cost=0.00..1.15 rows=2 width=4) (actual time=0.024..0.025 rows=2 loops=1)
                           Filter: ((role)::text = ANY ('{"costume designer","production designer"}'::text[]))
                           Rows Removed by Filter: 10
                           Buffers: shared hit=1
         ->  Index Scan using name_pkey on name n  (cost=0.43..2.32 rows=1 width=4) (actual time=0.040..0.040 rows=0 loops=511)
               Index Cond: (id = ci.person_id)
               Filter: ((gender)::text = ANY ('{f,m}'::text[]))
               Rows Removed by Filter: 1
               Buffers: shared hit=1656 read=388
 Planning:
   Buffers: shared hit=505 read=72
 Planning Time: 13.820 ms
 Execution Time: 2393.838 ms
(76 rows)

