                                                                                                 QUERY PLAN                                                                                                  
-------------------------------------------------------------------------------------------------------------------------------------------------------------------------------------------------------------
 Aggregate  (cost=799772.64..799772.65 rows=1 width=8) (actual time=50854.815..50854.821 rows=1 loops=1)
   Buffers: shared hit=4693896 read=473040
   ->  Nested Loop  (cost=13062.93..799772.35 rows=117 width=0) (actual time=448.524..50850.988 rows=8393 loops=1)
         Buffers: shared hit=4693896 read=473040
         ->  Seq Scan on info_type it2  (cost=0.00..2.41 rows=1 width=4) (actual time=0.059..0.067 rows=1 loops=1)
               Filter: (id = 4)
               Rows Removed by Filter: 112
               Buffers: shared hit=1
         ->  Nested Loop  (cost=13062.93..799768.77 rows=117 width=4) (actual time=448.463..50848.414 rows=8393 loops=1)
               Buffers: shared hit=4693895 read=473040
               ->  Seq Scan on info_type it1  (cost=0.00..2.41 rows=1 width=4) (actual time=0.016..0.026 rows=1 loops=1)
                     Filter: (id = 3)
                     Rows Removed by Filter: 112
                     Buffers: shared hit=1
               ->  Nested Loop  (cost=13062.93..799765.19 rows=117 width=8) (actual time=448.443..50845.610 rows=8393 loops=1)
                     Buffers: shared hit=4693894 read=473040
                     ->  Hash Join  (cost=13062.50..799115.72 rows=280 width=12) (actual time=59.976..49520.858 rows=33483 loops=1)
                           Hash Cond: (ci.role_id = rt.id)
                           Buffers: shared hit=4569169 read=463833
                           ->  Nested Loop  (cost=13061.34..799102.64 rows=3354 width=16) (actual time=38.330..49008.556 rows=2693035 loops=1)
                                 Buffers: shared hit=4569168 read=463833
                                 ->  Nested Loop  (cost=13060.90..788877.38 rows=234 width=20) (actual time=38.288..20504.375 rows=114074 loops=1)
                                       Buffers: shared hit=1924743 read=148214
                                       ->  Hash Join  (cost=13060.44..587812.97 rows=4746 width=12) (actual time=36.621..9606.850 rows=117199 loops=1)
                                             Hash Cond: (t.kind_id = kt.id)
                                             Buffers: shared hit=859427 read=44978
                                             ->  Nested Loop  (cost=13059.30..587765.17 rows=11073 width=16) (actual time=36.335..9536.471 rows=155691 loops=1)
                                                   Buffers: shared hit=859426 read=44978
                                                   ->  Bitmap Heap Scan on movie_info mi2  (cost=13058.86..505503.82 rows=13977 width=8) (actual time=36.204..1091.917 rows=229916 loops=1)
                                                         Recheck Cond: (info_type_id = 4)
                                                         Filter: ((info)::text = ANY ('{Cantonese,Filipino,French,German,Hebrew,Hindi,Italian,Norwegian,Polish,Portuguese,Serbo-Croatian,Turkish}'::text[]))
                                                         Rows Removed by Filter: 1069073
                                                         Heap Blocks: exact=8393
                                                         Buffers: shared hit=2700 read=6712
                                                         ->  Bitmap Index Scan on info_type_id_movie_info  (cost=0.00..13055.37 rows=1221191 width=0) (actual time=33.202..33.202 rows=1298989 loops=1)
                                                               Index Cond: (info_type_id = 4)
                                                               Buffers: shared hit=1019
                                                   ->  Memoize  (cost=0.44..5.98 rows=1 width=8) (actual time=0.036..0.036 rows=1 loops=229916)
                                                         Cache Key: mi2.movie_id
                                                         Cache Mode: logical
                                                         Hits: 6168  Misses: 223748  Evictions: 137048  Overflows: 0  Memory Usage: 8193kB
                                                         Buffers: shared hit=856726 read=38266
                                                         ->  Index Scan using title_pkey on title t  (cost=0.43..5.97 rows=1 width=8) (actual time=0.036..0.036 rows=1 loops=223748)
                                                               Index Cond: (id = mi2.movie_id)
                                                               Filter: ((production_year <= 2015) AND (1975 < production_year))
                                                               Rows Removed by Filter: 0
                                                               Buffers: shared hit=856726 read=38266
                                             ->  Hash  (cost=1.10..1.10 rows=3 width=4) (actual time=0.023..0.024 rows=3 loops=1)
                                                   Buckets: 1024  Batches: 1  Memory Usage: 9kB
                                                   Buffers: shared hit=1
                                                   ->  Seq Scan on kind_type kt  (cost=0.00..1.10 rows=3 width=4) (actual time=0.011..0.014 rows=3 loops=1)
                                                         Filter: ((kind)::text = ANY ('{episode,movie,"video movie"}'::text[]))
                                                         Rows Removed by Filter: 4
                                                         Buffers: shared hit=1
                                       ->  Index Scan using movie_id_movie_info on movie_info mi1  (cost=0.46..42.36 rows=1 width=8) (actual time=0.092..0.092 rows=1 loops=117199)
                                             Index Cond: (movie_id = t.id)
                                             Filter: ((info_type_id = 3) AND ((info)::text = ANY ('{Action,Adventure,Animation,Comedy,Crime,Documentary,Drama,History,Music,Romance,Short}'::text[])))
                                             Rows Removed by Filter: 12
                                             Buffers: shared hit=1065316 read=103236
                                 ->  Index Scan using movie_id_cast_info on cast_info ci  (cost=0.44..43.32 rows=38 width=12) (actual time=0.036..0.242 rows=24 loops=114074)
                                       Index Cond: (movie_id = t.id)
                                       Buffers: shared hit=2644425 read=315619
                           ->  Hash  (cost=1.15..1.15 rows=1 width=4) (actual time=0.018..0.018 rows=1 loops=1)
                                 Buckets: 1024  Batches: 1  Memory Usage: 9kB
                                 Buffers: shared hit=1
                                 ->  Seq Scan on role_type rt  (cost=0.00..1.15 rows=1 width=4) (actual time=0.011..0.012 rows=1 loops=1)
                                       Filter: ((role)::text = 'production designer'::text)
                                       Rows Removed by Filter: 11
                                       Buffers: shared hit=1
                     ->  Index Scan using name_pkey on name n  (cost=0.43..2.32 rows=1 width=4) (actual time=0.039..0.039 rows=0 loops=33483)
                           Index Cond: (id = ci.person_id)
                           Filter: ((gender)::text = 'm'::text)
                           Rows Removed by Filter: 1
                           Buffers: shared hit=124725 read=9207
 Planning:
   Buffers: shared hit=577
 Planning Time: 12.945 ms
 Execution Time: 50856.989 ms
(78 rows)

