                                                                                               QUERY PLAN                                                                                               
--------------------------------------------------------------------------------------------------------------------------------------------------------------------------------------------------------
 Aggregate  (cost=530618.50..530618.51 rows=1 width=8) (actual time=16612.288..16612.297 rows=1 loops=1)
   Buffers: shared hit=1309457 read=213384
   ->  Nested Loop  (cost=13061.07..530618.49 rows=6 width=0) (actual time=751.796..16611.275 rows=2232 loops=1)
         Buffers: shared hit=1309457 read=213384
         ->  Seq Scan on info_type it2  (cost=0.00..2.41 rows=1 width=4) (actual time=0.044..0.055 rows=1 loops=1)
               Filter: (id = 4)
               Rows Removed by Filter: 112
               Buffers: shared hit=1
         ->  Nested Loop  (cost=13061.07..530616.02 rows=6 width=4) (actual time=751.750..16610.606 rows=2232 loops=1)
               Buffers: shared hit=1309456 read=213384
               ->  Seq Scan on info_type it1  (cost=0.00..2.41 rows=1 width=4) (actual time=0.012..0.025 rows=1 loops=1)
                     Filter: (id = 3)
                     Rows Removed by Filter: 112
                     Buffers: shared hit=1
               ->  Nested Loop  (cost=13061.07..530613.54 rows=6 width=8) (actual time=751.734..16609.834 rows=2232 loops=1)
                     Buffers: shared hit=1309455 read=213384
                     ->  Hash Join  (cost=13060.64..530557.87 rows=24 width=12) (actual time=112.728..15403.096 rows=31234 loops=1)
                           Hash Cond: (ci.role_id = rt.id)
                           Buffers: shared hit=1201671 read=196232
                           ->  Nested Loop  (cost=13059.48..530555.69 rows=287 width=16) (actual time=112.367..15341.978 rows=299430 loops=1)
                                 Buffers: shared hit=1201670 read=196232
                                 ->  Nested Loop  (cost=13059.04..529680.98 rows=20 width=20) (actual time=112.311..11888.443 rows=12056 loops=1)
                                       Buffers: shared hit=976808 read=93588
                                       ->  Hash Join  (cost=13058.60..446807.88 rows=1961 width=12) (actual time=34.629..5028.718 rows=67855 loops=1)
                                             Hash Cond: (t.kind_id = kt.id)
                                             Buffers: shared hit=410508 read=24205
                                             ->  Nested Loop  (cost=13057.47..446787.46 rows=4575 width=16) (actual time=34.491..4995.062 rows=78060 loops=1)
                                                   Buffers: shared hit=410507 read=24205
                                                   ->  Bitmap Heap Scan on movie_info mi2  (cost=13057.03..400297.73 rows=6637 width=8) (actual time=34.363..587.426 rows=106880 loops=1)
                                                         Recheck Cond: (info_type_id = 4)
                                                         Filter: ((info)::text = ANY ('{Cantonese,Hungarian,Persian,Polish,Spanish}'::text[]))
                                                         Rows Removed by Filter: 1192109
                                                         Heap Blocks: exact=8393
                                                         Buffers: shared hit=2906 read=6506
                                                         ->  Bitmap Index Scan on info_type_id_movie_info  (cost=0.00..13055.37 rows=1221191 width=0) (actual time=32.236..32.237 rows=1298989 loops=1)
                                                               Index Cond: (info_type_id = 4)
                                                               Buffers: shared hit=1019
                                                   ->  Memoize  (cost=0.44..7.05 rows=1 width=8) (actual time=0.041..0.041 rows=1 loops=106880)
                                                         Cache Key: mi2.movie_id
                                                         Cache Mode: logical
                                                         Hits: 555  Misses: 106325  Evictions: 19982  Overflows: 0  Memory Usage: 8193kB
                                                         Buffers: shared hit=407601 read=17699
                                                         ->  Index Scan using title_pkey on title t  (cost=0.43..7.04 rows=1 width=8) (actual time=0.040..0.040 rows=1 loops=106325)
                                                               Index Cond: (id = mi2.movie_id)
                                                               Filter: ((production_year <= 2015) AND (1990 < production_year))
                                                               Rows Removed by Filter: 0
                                                               Buffers: shared hit=407601 read=17699
                                             ->  Hash  (cost=1.10..1.10 rows=3 width=4) (actual time=0.018..0.019 rows=3 loops=1)
                                                   Buckets: 1024  Batches: 1  Memory Usage: 9kB
                                                   Buffers: shared hit=1
                                                   ->  Seq Scan on kind_type kt  (cost=0.00..1.10 rows=3 width=4) (actual time=0.009..0.011 rows=3 loops=1)
                                                         Filter: ((kind)::text = ANY ('{episode,movie,"video movie"}'::text[]))
                                                         Rows Removed by Filter: 4
                                                         Buffers: shared hit=1
                                       ->  Index Scan using movie_id_movie_info on movie_info mi1  (cost=0.43..42.25 rows=1 width=8) (actual time=0.100..0.101 rows=0 loops=67855)
                                             Index Cond: (movie_id = t.id)
                                             Filter: (((info)::text = ANY ('{Drama,Horror}'::text[])) AND (info_type_id = 3))
                                             Rows Removed by Filter: 10
                                             Buffers: shared hit=566300 read=69383
                                 ->  Index Scan using movie_id_cast_info on cast_info ci  (cost=0.44..43.36 rows=38 width=12) (actual time=0.038..0.279 rows=25 loops=12056)
                                       Index Cond: (movie_id = t.id)
                                       Buffers: shared hit=224862 read=102644
                           ->  Hash  (cost=1.15..1.15 rows=1 width=4) (actual time=0.017..0.018 rows=1 loops=1)
                                 Buckets: 1024  Batches: 1  Memory Usage: 9kB
                                 Buffers: shared hit=1
                                 ->  Seq Scan on role_type rt  (cost=0.00..1.15 rows=1 width=4) (actual time=0.009..0.011 rows=1 loops=1)
                                       Filter: ((role)::text = 'producer'::text)
                                       Rows Removed by Filter: 11
                                       Buffers: shared hit=1
                     ->  Index Scan using name_pkey on name n  (cost=0.43..2.32 rows=1 width=4) (actual time=0.038..0.038 rows=0 loops=31234)
                           Index Cond: (id = ci.person_id)
                           Filter: ((gender)::text = 'f'::text)
                           Rows Removed by Filter: 1
                           Buffers: shared hit=107784 read=17152
 Planning:
   Buffers: shared hit=574
 Planning Time: 12.751 ms
 Execution Time: 16614.624 ms
(78 rows)

