                                                                                                  QUERY PLAN                                                                                                  
--------------------------------------------------------------------------------------------------------------------------------------------------------------------------------------------------------------
 Aggregate  (cost=985035.49..985035.50 rows=1 width=8) (actual time=144797.398..144797.416 rows=1 loops=1)
   Buffers: shared hit=11372766 read=1667171, temp read=11635 written=10626
   ->  Nested Loop  (cost=864865.17..985034.77 rows=287 width=0) (actual time=2503.589..144789.230 rows=18259 loops=1)
         Buffers: shared hit=11372766 read=1667171, temp read=11635 written=10626
         ->  Seq Scan on info_type it2  (cost=0.00..2.41 rows=1 width=4) (actual time=0.054..0.070 rows=1 loops=1)
               Filter: (id = 4)
               Rows Removed by Filter: 112
               Buffers: shared hit=1
         ->  Nested Loop  (cost=864865.17..985029.49 rows=287 width=4) (actual time=2503.533..144783.750 rows=18259 loops=1)
               Buffers: shared hit=11372765 read=1667171, temp read=11635 written=10626
               ->  Seq Scan on info_type it1  (cost=0.00..2.41 rows=1 width=4) (actual time=0.015..0.033 rows=1 loops=1)
                     Filter: (id = 3)
                     Rows Removed by Filter: 112
                     Buffers: shared hit=1
               ->  Nested Loop  (cost=864865.17..985024.21 rows=287 width=8) (actual time=2503.517..144777.720 rows=18259 loops=1)
                     Buffers: shared hit=11372764 read=1667171, temp read=11635 written=10626
                     ->  Hash Join  (cost=864864.74..982157.28 rows=1236 width=12) (actual time=2384.371..127370.425 rows=403106 loops=1)
                           Hash Cond: (ci.role_id = rt.id)
                           Buffers: shared hit=9944545 read=1482966, temp read=11635 written=10626
                           ->  Nested Loop  (cost=864863.58..982103.42 rows=14836 width=16) (actual time=2384.128..125851.128 rows=7613322 loops=1)
                                 Buffers: shared hit=9944544 read=1482966, temp read=11635 written=10626
                                 ->  Nested Loop  (cost=864863.14..936876.30 rows=1035 width=20) (actual time=2384.078..30421.541 rows=430202 loops=1)
                                       Buffers: shared hit=2707711 read=50388, temp read=11635 written=10626
                                       ->  Nested Loop  (cost=864862.99..936817.45 rows=2415 width=24) (actual time=2373.812..29966.109 rows=512944 loops=1)
                                             Buffers: shared hit=2707699 read=50388, temp read=11635 written=10626
                                             ->  Merge Join  (cost=864862.56..865971.11 rows=22425 width=16) (actual time=2373.518..3424.141 rows=684425 loops=1)
                                                   Merge Cond: (mi1.movie_id = mi2.movie_id)
                                                   Buffers: shared hit=10181 read=10206, temp read=11635 written=10626
                                                   ->  Sort  (cost=413131.87..413379.31 rows=98976 width=8) (actual time=1539.097..1723.327 rows=955578 loops=1)
                                                         Sort Key: mi1.movie_id
                                                         Sort Method: external sort  Disk: 20656kB
                                                         Buffers: shared hit=5730 read=5245, temp read=5154 written=5167
                                                         ->  Bitmap Heap Scan on movie_info mi1  (cost=16473.21..404919.44 rows=98976 width=8) (actual time=74.692..1085.645 rows=955578 loops=1)
                                                               Recheck Cond: (info_type_id = 3)
                                                               Filter: ((info)::text = ANY ('{Comedy,Documentary,Drama,Short,Talk-Show}'::text[]))
                                                               Rows Removed by Filter: 578331
                                                               Heap Blocks: exact=9772
                                                               Buffers: shared hit=5730 read=5245
                                                               ->  Bitmap Index Scan on info_type_id_movie_info  (cost=0.00..16448.47 rows=1538671 width=0) (actual time=72.419..72.419 rows=1533909 loops=1)
                                                                     Index Cond: (info_type_id = 3)
                                                                     Buffers: shared read=1203
                                                   ->  Sort  (cost=451730.69..451925.40 rows=77883 width=8) (actual time=834.402..1098.110 rows=1206730 loops=1)
                                                         Sort Key: mi2.movie_id
                                                         Sort Method: external sort  Disk: 21824kB
                                                         Buffers: shared hit=4451 read=4961, temp read=5963 written=5459
                                                         ->  Bitmap Heap Scan on movie_info mi2  (cost=13074.84..445403.08 rows=77883 width=8) (actual time=30.984..477.398 rows=1009705 loops=1)
                                                               Recheck Cond: (info_type_id = 4)
                                                               Filter: ((info)::text = ANY ('{English,Finnish,German,Greek,Hebrew,Japanese,Russian,Spanish}'::text[]))
                                                               Rows Removed by Filter: 289284
                                                               Heap Blocks: exact=8393
                                                               Buffers: shared hit=4451 read=4961
                                                               ->  Bitmap Index Scan on info_type_id_movie_info  (cost=0.00..13055.37 rows=1221191 width=0) (actual time=29.916..29.916 rows=1298989 loops=1)
                                                                     Index Cond: (info_type_id = 4)
                                                                     Buffers: shared hit=1 read=1018
                                             ->  Index Scan using title_pkey on title t  (cost=0.43..3.16 rows=1 width=8) (actual time=0.038..0.038 rows=1 loops=684425)
                                                   Index Cond: (id = mi1.movie_id)
                                                   Filter: ((production_year <= 2015) AND (1975 < production_year))
                                                   Rows Removed by Filter: 0
                                                   Buffers: shared hit=2697518 read=40182
                                       ->  Memoize  (cost=0.14..0.16 rows=1 width=4) (actual time=0.000..0.000 rows=1 loops=512944)
                                             Cache Key: t.kind_id
                                             Cache Mode: logical
                                             Hits: 512938  Misses: 6  Evictions: 0  Overflows: 0  Memory Usage: 1kB
                                             Buffers: shared hit=12
                                             ->  Index Scan using kind_type_pkey on kind_type kt  (cost=0.13..0.15 rows=1 width=4) (actual time=0.025..0.025 rows=0 loops=6)
                                                   Index Cond: (id = t.kind_id)
                                                   Filter: ((kind)::text = ANY ('{episode,movie,"video movie"}'::text[]))
                                                   Rows Removed by Filter: 0
                                                   Buffers: shared hit=12
                                 ->  Index Scan using movie_id_cast_info on cast_info ci  (cost=0.44..43.32 rows=38 width=12) (actual time=0.040..0.216 rows=18 loops=430202)
                                       Index Cond: (movie_id = t.id)
                                       Buffers: shared hit=7236833 read=1432578
                           ->  Hash  (cost=1.15..1.15 rows=1 width=4) (actual time=0.028..0.028 rows=1 loops=1)
                                 Buckets: 1024  Batches: 1  Memory Usage: 9kB
                                 Buffers: shared hit=1
                                 ->  Seq Scan on role_type rt  (cost=0.00..1.15 rows=1 width=4) (actual time=0.015..0.017 rows=1 loops=1)
                                       Filter: ((role)::text = 'editor'::text)
                                       Rows Removed by Filter: 11
                                       Buffers: shared hit=1
                     ->  Index Scan using name_pkey on name n  (cost=0.43..2.32 rows=1 width=4) (actual time=0.043..0.043 rows=0 loops=403106)
                           Index Cond: (id = ci.person_id)
                           Filter: ((gender)::text = 'f'::text)
                           Rows Removed by Filter: 1
                           Buffers: shared hit=1428219 read=184205
 Planning:
   Buffers: shared hit=484 read=90
 Planning Time: 15.198 ms
 Execution Time: 144808.504 ms
(88 rows)

