                                                                                               QUERY PLAN                                                                                               
--------------------------------------------------------------------------------------------------------------------------------------------------------------------------------------------------------
 Aggregate  (cost=561630.89..561630.90 rows=1 width=8) (actual time=10141.900..10141.908 rows=1 loops=1)
   Buffers: shared hit=806622 read=58070
   ->  Nested Loop  (cost=13062.15..561630.83 rows=22 width=0) (actual time=69.059..10140.838 rows=5094 loops=1)
         Buffers: shared hit=806622 read=58070
         ->  Hash Join  (cost=13061.72..561551.97 rows=34 width=4) (actual time=66.266..9879.518 rows=5486 loops=1)
               Hash Cond: (ci.role_id = rt.id)
               Buffers: shared hit=789826 read=52922
               ->  Nested Loop  (cost=13060.54..561550.08 rows=201 width=8) (actual time=66.172..9873.925 rows=20324 loops=1)
                     Buffers: shared hit=789825 read=52922
                     ->  Nested Loop  (cost=13060.10..560937.78 rows=14 width=12) (actual time=60.853..9552.938 rows=1341 loops=1)
                           Buffers: shared hit=775463 read=43490
                           ->  Seq Scan on info_type it2  (cost=0.00..2.41 rows=1 width=4) (actual time=0.035..0.046 rows=1 loops=1)
                                 Filter: (id = 4)
                                 Rows Removed by Filter: 112
                                 Buffers: shared hit=1
                           ->  Nested Loop  (cost=13060.10..560935.23 rows=14 width=16) (actual time=60.817..9552.444 rows=1341 loops=1)
                                 Buffers: shared hit=775462 read=43490
                                 ->  Seq Scan on info_type it1  (cost=0.00..2.41 rows=1 width=4) (actual time=0.010..0.023 rows=1 loops=1)
                                       Filter: (id = 3)
                                       Rows Removed by Filter: 112
                                       Buffers: shared hit=1
                                 ->  Nested Loop  (cost=13060.10..560932.67 rows=14 width=20) (actual time=60.804..9551.892 rows=1341 loops=1)
                                       Buffers: shared hit=775461 read=43490
                                       ->  Hash Join  (cost=13059.67..424561.47 rows=3223 width=12) (actual time=60.325..7280.566 rows=21090 loops=1)
                                             Hash Cond: (t.kind_id = kt.id)
                                             Buffers: shared hit=603240 read=18069
                                             ->  Nested Loop  (cost=13058.53..424528.66 rows=7519 width=16) (actual time=60.277..7250.708 rows=107600 loops=1)
                                                   Buffers: shared hit=603239 read=18069
                                                   ->  Bitmap Heap Scan on movie_info mi2  (cost=13058.09..355211.25 rows=10909 width=8) (actual time=60.158..584.360 rows=154165 loops=1)
                                                         Recheck Cond: (info_type_id = 4)
                                                         Filter: ((info)::text = ANY ('{German,Spanish}'::text[]))
                                                         Rows Removed by Filter: 1144824
                                                         Heap Blocks: exact=8393
                                                         Buffers: shared hit=383 read=9029
                                                         ->  Bitmap Index Scan on info_type_id_movie_info  (cost=0.00..13055.37 rows=1221191 width=0) (actual time=57.204..57.204 rows=1298989 loops=1)
                                                               Index Cond: (info_type_id = 4)
                                                               Buffers: shared read=1019
                                                   ->  Memoize  (cost=0.44..6.43 rows=1 width=8) (actual time=0.043..0.043 rows=1 loops=154165)
                                                         Cache Key: mi2.movie_id
                                                         Cache Mode: logical
                                                         Hits: 1191  Misses: 152974  Evictions: 67373  Overflows: 0  Memory Usage: 8193kB
                                                         Buffers: shared hit=602856 read=9040
                                                         ->  Index Scan using title_pkey on title t  (cost=0.43..6.42 rows=1 width=8) (actual time=0.042..0.042 rows=1 loops=152974)
                                                               Index Cond: (id = mi2.movie_id)
                                                               Filter: ((production_year <= 2015) AND (1990 < production_year))
                                                               Rows Removed by Filter: 0
                                                               Buffers: shared hit=602856 read=9040
                                             ->  Hash  (cost=1.10..1.10 rows=3 width=4) (actual time=0.022..0.023 rows=3 loops=1)
                                                   Buckets: 1024  Batches: 1  Memory Usage: 9kB
                                                   Buffers: shared hit=1
                                                   ->  Seq Scan on kind_type kt  (cost=0.00..1.10 rows=3 width=4) (actual time=0.010..0.012 rows=3 loops=1)
                                                         Filter: ((kind)::text = ANY ('{"tv movie","tv series","video game"}'::text[]))
                                                         Rows Removed by Filter: 4
                                                         Buffers: shared hit=1
                                       ->  Index Scan using movie_id_movie_info on movie_info mi1  (cost=0.43..42.30 rows=1 width=8) (actual time=0.107..0.107 rows=0 loops=21090)
                                             Index Cond: (movie_id = t.id)
                                             Filter: ((info_type_id = 3) AND ((info)::text = ANY ('{Animation,Family,Horror}'::text[])))
                                             Rows Removed by Filter: 8
                                             Buffers: shared hit=172221 read=25421
                     ->  Index Scan using movie_id_cast_info on cast_info ci  (cost=0.44..43.36 rows=38 width=12) (actual time=0.046..0.234 rows=15 loops=1341)
                           Index Cond: (movie_id = t.id)
                           Buffers: shared hit=14362 read=9432
               ->  Hash  (cost=1.15..1.15 rows=2 width=4) (actual time=0.038..0.039 rows=2 loops=1)
                     Buckets: 1024  Batches: 1  Memory Usage: 9kB
                     Buffers: shared hit=1
                     ->  Seq Scan on role_type rt  (cost=0.00..1.15 rows=2 width=4) (actual time=0.028..0.032 rows=2 loops=1)
                           Filter: ((role)::text = ANY ('{actress,cinematographer}'::text[]))
                           Rows Removed by Filter: 10
                           Buffers: shared hit=1
         ->  Index Scan using name_pkey on name n  (cost=0.43..2.32 rows=1 width=4) (actual time=0.047..0.047 rows=1 loops=5486)
               Index Cond: (id = ci.person_id)
               Filter: ((gender)::text = ANY ('{f,m}'::text[]))
               Rows Removed by Filter: 0
               Buffers: shared hit=16796 read=5148
 Planning:
   Buffers: shared hit=506 read=68
 Planning Time: 14.492 ms
 Execution Time: 10144.360 ms
(78 rows)

