                                                                                               QUERY PLAN                                                                                               
--------------------------------------------------------------------------------------------------------------------------------------------------------------------------------------------------------
 Aggregate  (cost=787906.24..787906.25 rows=1 width=8) (actual time=22170.445..22170.454 rows=1 loops=1)
   Buffers: shared hit=2043158 read=235817
   ->  Nested Loop  (cost=13063.46..787905.81 rows=170 width=0) (actual time=32.787..22145.798 rows=144215 loops=1)
         Buffers: shared hit=2043158 read=235817
         ->  Hash Join  (cost=13063.03..786964.09 rows=406 width=4) (actual time=32.738..16287.349 rows=161361 loops=1)
               Hash Cond: (ci.role_id = rt.id)
               Buffers: shared hit=1435705 read=197826
               ->  Nested Loop  (cost=13061.85..786954.26 rows=2437 width=8) (actual time=32.694..16178.778 rows=374680 loops=1)
                     Buffers: shared hit=1435704 read=197826
                     ->  Nested Loop  (cost=13061.41..779532.11 rows=170 width=12) (actual time=32.604..11725.957 rows=21194 loops=1)
                           Buffers: shared hit=1116858 read=93855
                           ->  Seq Scan on info_type it2  (cost=0.00..2.41 rows=1 width=4) (actual time=0.024..0.035 rows=1 loops=1)
                                 Filter: (id = 4)
                                 Rows Removed by Filter: 112
                                 Buffers: shared hit=1
                           ->  Nested Loop  (cost=13061.41..779528.00 rows=170 width=16) (actual time=32.578..11720.359 rows=21194 loops=1)
                                 Buffers: shared hit=1116857 read=93855
                                 ->  Seq Scan on info_type it1  (cost=0.00..2.41 rows=1 width=4) (actual time=0.005..0.018 rows=1 loops=1)
                                       Filter: (id = 3)
                                       Rows Removed by Filter: 112
                                       Buffers: shared hit=1
                                 ->  Nested Loop  (cost=13061.41..779523.89 rows=170 width=20) (actual time=32.571..11714.741 rows=21194 loops=1)
                                       Buffers: shared hit=1116856 read=93855
                                       ->  Hash Join  (cost=13060.98..506197.54 rows=6452 width=12) (actual time=32.505..8725.011 rows=35873 loops=1)
                                             Hash Cond: (t.kind_id = kt.id)
                                             Buffers: shared hit=843549 read=46968
                                             ->  Nested Loop  (cost=13059.85..506132.95 rows=15055 width=16) (actual time=32.481..8669.506 rows=213062 loops=1)
                                                   Buffers: shared hit=843548 read=46968
                                                   ->  Bitmap Heap Scan on movie_info mi2  (cost=13059.41..415329.29 rows=16151 width=8) (actual time=32.354..723.158 rows=223286 loops=1)
                                                         Recheck Cond: (info_type_id = 4)
                                                         Filter: ((info)::text = ANY ('{Filipino,French,Greek,Hindi,Japanese,Spanish}'::text[]))
                                                         Rows Removed by Filter: 1075703
                                                         Heap Blocks: exact=8393
                                                         Buffers: shared hit=2408 read=7004
                                                         ->  Bitmap Index Scan on info_type_id_movie_info  (cost=0.00..13055.37 rows=1221191 width=0) (actual time=30.025..30.025 rows=1298989 loops=1)
                                                               Index Cond: (info_type_id = 4)
                                                               Buffers: shared hit=1019
                                                   ->  Memoize  (cost=0.44..5.73 rows=1 width=8) (actual time=0.035..0.035 rows=1 loops=223286)
                                                         Cache Key: mi2.movie_id
                                                         Cache Mode: logical
                                                         Hits: 3010  Misses: 220276  Evictions: 141713  Overflows: 0  Memory Usage: 8193kB
                                                         Buffers: shared hit=841140 read=39964
                                                         ->  Index Scan using title_pkey on title t  (cost=0.43..5.72 rows=1 width=8) (actual time=0.034..0.034 rows=1 loops=220276)
                                                               Index Cond: (id = mi2.movie_id)
                                                               Filter: ((production_year <= 2015) AND (1925 < production_year))
                                                               Rows Removed by Filter: 0
                                                               Buffers: shared hit=841140 read=39964
                                             ->  Hash  (cost=1.10..1.10 rows=3 width=4) (actual time=0.009..0.010 rows=3 loops=1)
                                                   Buckets: 1024  Batches: 1  Memory Usage: 9kB
                                                   Buffers: shared hit=1
                                                   ->  Seq Scan on kind_type kt  (cost=0.00..1.10 rows=3 width=4) (actual time=0.006..0.007 rows=3 loops=1)
                                                         Filter: ((kind)::text = ANY ('{"tv movie","tv series","video game"}'::text[]))
                                                         Rows Removed by Filter: 4
                                                         Buffers: shared hit=1
                                       ->  Index Scan using movie_id_movie_info on movie_info mi1  (cost=0.43..42.35 rows=1 width=8) (actual time=0.081..0.083 rows=1 loops=35873)
                                             Index Cond: (movie_id = t.id)
                                             Filter: ((info_type_id = 3) AND ((info)::text = ANY ('{Comedy,Documentary,Drama,Fantasy,Music}'::text[])))
                                             Rows Removed by Filter: 7
                                             Buffers: shared hit=273307 read=46887
                     ->  Index Scan using movie_id_cast_info on cast_info ci  (cost=0.44..43.28 rows=38 width=12) (actual time=0.038..0.205 rows=18 loops=21194)
                           Index Cond: (movie_id = t.id)
                           Buffers: shared hit=318846 read=103971
               ->  Hash  (cost=1.15..1.15 rows=2 width=4) (actual time=0.030..0.031 rows=2 loops=1)
                     Buckets: 1024  Batches: 1  Memory Usage: 9kB
                     Buffers: shared hit=1
                     ->  Seq Scan on role_type rt  (cost=0.00..1.15 rows=2 width=4) (actual time=0.023..0.025 rows=2 loops=1)
                           Filter: ((role)::text = ANY ('{actor,producer}'::text[]))
                           Rows Removed by Filter: 10
                           Buffers: shared hit=1
         ->  Index Scan using name_pkey on name n  (cost=0.43..2.32 rows=1 width=4) (actual time=0.036..0.036 rows=1 loops=161361)
               Index Cond: (id = ci.person_id)
               Filter: ((gender)::text = 'm'::text)
               Rows Removed by Filter: 0
               Buffers: shared hit=607453 read=37991
 Planning:
   Buffers: shared hit=574
 Planning Time: 14.077 ms
 Execution Time: 22172.803 ms
(78 rows)

