                                                                                               QUERY PLAN                                                                                                
---------------------------------------------------------------------------------------------------------------------------------------------------------------------------------------------------------
 Aggregate  (cost=788515.33..788515.34 rows=1 width=8) (actual time=60700.434..60700.443 rows=1 loops=1)
   Buffers: shared hit=5288965 read=530595
   ->  Nested Loop  (cost=13063.17..788514.51 rows=328 width=0) (actual time=138.925..60678.220 rows=100724 loops=1)
         Buffers: shared hit=5288965 read=530595
         ->  Hash Join  (cost=13062.74..787345.47 rows=504 width=4) (actual time=48.747..49522.585 rows=288836 loops=1)
               Hash Cond: (ci.role_id = rt.id)
               Buffers: shared hit=4179886 read=484330
               ->  Nested Loop  (cost=13061.57..787333.56 rows=3024 width=8) (actual time=48.675..49009.275 rows=2368372 loops=1)
                     Buffers: shared hit=4179885 read=484330
                     ->  Nested Loop  (cost=13061.13..778105.36 rows=211 width=12) (actual time=48.634..22455.124 rows=100653 loops=1)
                           Buffers: shared hit=1911205 read=152638
                           ->  Seq Scan on info_type it2  (cost=0.00..2.41 rows=1 width=4) (actual time=0.033..0.049 rows=1 loops=1)
                                 Filter: (id = 4)
                                 Rows Removed by Filter: 112
                                 Buffers: shared hit=1
                           ->  Nested Loop  (cost=13061.13..778100.83 rows=211 width=16) (actual time=48.599..22430.338 rows=100653 loops=1)
                                 Buffers: shared hit=1911204 read=152638
                                 ->  Seq Scan on info_type it1  (cost=0.00..2.41 rows=1 width=4) (actual time=0.009..0.027 rows=1 loops=1)
                                       Filter: (id = 3)
                                       Rows Removed by Filter: 112
                                       Buffers: shared hit=1
                                 ->  Nested Loop  (cost=13061.13..778096.31 rows=211 width=20) (actual time=48.587..22404.263 rows=100653 loops=1)
                                       Buffers: shared hit=1911203 read=152638
                                       ->  Hash Join  (cost=13060.67..591492.74 rows=4402 width=12) (actual time=39.431..11190.854 rows=107985 loops=1)
                                             Hash Cond: (t.kind_id = kt.id)
                                             Buffers: shared hit=932833 read=47476
                                             ->  Nested Loop  (cost=13059.53..591448.33 rows=10272 width=16) (actual time=39.306..11124.609 rows=140863 loops=1)
                                                   Buffers: shared hit=932832 read=47476
                                                   ->  Bitmap Heap Scan on movie_info mi2  (cost=13059.09..505504.05 rows=14903 width=8) (actual time=39.256..1081.183 rows=250904 loops=1)
                                                         Recheck Cond: (info_type_id = 4)
                                                         Filter: ((info)::text = ANY ('{Arabic,Cantonese,French,German,Hebrew,Hindi,Hungarian,Italian,Japanese,Korean,Russian,Telugu}'::text[]))
                                                         Rows Removed by Filter: 1048085
                                                         Heap Blocks: exact=8393
                                                         Buffers: shared hit=94 read=9318
                                                         ->  Bitmap Index Scan on info_type_id_movie_info  (cost=0.00..13055.37 rows=1221191 width=0) (actual time=36.208..36.208 rows=1298989 loops=1)
                                                               Index Cond: (info_type_id = 4)
                                                               Buffers: shared read=1019
                                                   ->  Memoize  (cost=0.44..5.87 rows=1 width=8) (actual time=0.039..0.039 rows=1 loops=250904)
                                                         Cache Key: mi2.movie_id
                                                         Cache Mode: logical
                                                         Hits: 8180  Misses: 242724  Evictions: 151439  Overflows: 0  Memory Usage: 8193kB
                                                         Buffers: shared hit=932738 read=38158
                                                         ->  Index Scan using title_pkey on title t  (cost=0.43..5.86 rows=1 width=8) (actual time=0.039..0.039 rows=1 loops=242724)
                                                               Index Cond: (id = mi2.movie_id)
                                                               Filter: ((production_year <= 2015) AND (1990 < production_year))
                                                               Rows Removed by Filter: 0
                                                               Buffers: shared hit=932738 read=38158
                                             ->  Hash  (cost=1.10..1.10 rows=3 width=4) (actual time=0.031..0.032 rows=3 loops=1)
                                                   Buckets: 1024  Batches: 1  Memory Usage: 9kB
                                                   Buffers: shared hit=1
                                                   ->  Seq Scan on kind_type kt  (cost=0.00..1.10 rows=3 width=4) (actual time=0.011..0.013 rows=3 loops=1)
                                                         Filter: ((kind)::text = ANY ('{episode,movie,"video movie"}'::text[]))
                                                         Rows Removed by Filter: 4
                                                         Buffers: shared hit=1
                                       ->  Index Scan using movie_id_movie_info on movie_info mi1  (cost=0.46..42.38 rows=1 width=8) (actual time=0.102..0.103 rows=1 loops=107985)
                                             Index Cond: (movie_id = t.id)
                                             Filter: ((info_type_id = 3) AND ((info)::text = ANY ('{Action,Adventure,Comedy,Crime,Documentary,Drama,Fantasy,Horror,Reality-TV,Romance,Short}'::text[])))
                                             Rows Removed by Filter: 12
                                             Buffers: shared hit=978370 read=105162
                     ->  Index Scan using movie_id_cast_info on cast_info ci  (cost=0.44..43.36 rows=38 width=12) (actual time=0.038..0.257 rows=24 loops=100653)
                           Index Cond: (movie_id = t.id)
                           Buffers: shared hit=2268680 read=331692
               ->  Hash  (cost=1.15..1.15 rows=2 width=4) (actual time=0.037..0.038 rows=2 loops=1)
                     Buckets: 1024  Batches: 1  Memory Usage: 9kB
                     Buffers: shared hit=1
                     ->  Seq Scan on role_type rt  (cost=0.00..1.15 rows=2 width=4) (actual time=0.028..0.030 rows=2 loops=1)
                           Filter: ((role)::text = ANY ('{composer,producer}'::text[]))
                           Rows Removed by Filter: 10
                           Buffers: shared hit=1
         ->  Index Scan using name_pkey on name n  (cost=0.43..2.32 rows=1 width=4) (actual time=0.038..0.038 rows=0 loops=288836)
               Index Cond: (id = ci.person_id)
               Filter: ((gender)::text = ANY ('{f,m}'::text[]))
               Rows Removed by Filter: 1
               Buffers: shared hit=1109079 read=46265
 Planning:
   Buffers: shared hit=490 read=87
 Planning Time: 14.484 ms
 Execution Time: 60702.943 ms
(78 rows)

