                                                                                               QUERY PLAN                                                                                               
--------------------------------------------------------------------------------------------------------------------------------------------------------------------------------------------------------
 Aggregate  (cost=391092.34..391092.35 rows=1 width=8) (actual time=3045.407..3045.417 rows=1 loops=1)
   Buffers: shared hit=157998 read=45888
   ->  Nested Loop  (cost=13059.65..391092.34 rows=1 width=0) (actual time=2127.853..3045.405 rows=3 loops=1)
         Buffers: shared hit=157998 read=45888
         ->  Nested Loop  (cost=13059.65..391089.92 rows=1 width=4) (actual time=2127.846..3045.344 rows=3 loops=1)
               Buffers: shared hit=157995 read=45888
               ->  Nested Loop  (cost=13059.65..391087.50 rows=1 width=8) (actual time=2127.828..3045.261 rows=3 loops=1)
                     Buffers: shared hit=157992 read=45888
                     ->  Hash Join  (cost=13059.22..391075.90 rows=5 width=12) (actual time=67.817..2995.346 rows=780 loops=1)
                           Hash Cond: (ci.role_id = rt.id)
                           Buffers: shared hit=155510 read=45250
                           ->  Nested Loop  (cost=13058.06..391074.53 rows=57 width=16) (actual time=67.535..2989.552 rows=34295 loops=1)
                                 Buffers: shared hit=155509 read=45250
                                 ->  Nested Loop  (cost=13057.62..390899.59 rows=4 width=20) (actual time=67.415..2487.582 rows=1465 loops=1)
                                       Buffers: shared hit=130769 read=32216
                                       ->  Hash Join  (cost=13057.18..378417.58 rows=295 width=12) (actual time=66.330..2077.965 rows=3598 loops=1)
                                             Hash Cond: (t.kind_id = kt.id)
                                             Buffers: shared hit=106789 read=23876
                                             ->  Nested Loop  (cost=13056.05..378413.55 rows=688 width=16) (actual time=66.278..2073.464 rows=13934 loops=1)
                                                   Buffers: shared hit=106788 read=23876
                                                   ->  Bitmap Heap Scan on movie_info mi2  (cost=13055.62..370237.96 rows=998 width=8) (actual time=66.167..544.460 rows=30313 loops=1)
                                                         Recheck Cond: (info_type_id = 4)
                                                         Filter: ((info)::text = ANY ('{Greek,Russian,Tagalog}'::text[]))
                                                         Rows Removed by Filter: 1268676
                                                         Heap Blocks: exact=8393
                                                         Buffers: shared hit=3979 read=5433
                                                         ->  Bitmap Index Scan on info_type_id_movie_info  (cost=0.00..13055.37 rows=1221191 width=0) (actual time=63.043..63.043 rows=1298989 loops=1)
                                                               Index Cond: (info_type_id = 4)
                                                               Buffers: shared read=1019
                                                   ->  Index Scan using title_pkey on title t  (cost=0.43..8.19 rows=1 width=8) (actual time=0.050..0.050 rows=0 loops=30313)
                                                         Index Cond: (id = mi2.movie_id)
                                                         Filter: ((production_year <= 2015) AND (1990 < production_year))
                                                         Rows Removed by Filter: 1
                                                         Buffers: shared hit=102809 read=18443
                                             ->  Hash  (cost=1.10..1.10 rows=3 width=4) (actual time=0.019..0.021 rows=3 loops=1)
                                                   Buckets: 1024  Batches: 1  Memory Usage: 9kB
                                                   Buffers: shared hit=1
                                                   ->  Seq Scan on kind_type kt  (cost=0.00..1.10 rows=3 width=4) (actual time=0.010..0.013 rows=3 loops=1)
                                                         Filter: ((kind)::text = ANY ('{"tv movie","tv series","video game"}'::text[]))
                                                         Rows Removed by Filter: 4
                                                         Buffers: shared hit=1
                                       ->  Index Scan using movie_id_movie_info on movie_info mi1  (cost=0.43..42.30 rows=1 width=8) (actual time=0.111..0.113 rows=0 loops=3598)
                                             Index Cond: (movie_id = t.id)
                                             Filter: ((info_type_id = 3) AND ((info)::text = ANY ('{Action,Crime,Drama}'::text[])))
                                             Rows Removed by Filter: 8
                                             Buffers: shared hit=23980 read=8340
                                 ->  Index Scan using movie_id_cast_info on cast_info ci  (cost=0.44..43.36 rows=38 width=12) (actual time=0.051..0.336 rows=23 loops=1465)
                                       Index Cond: (movie_id = t.id)
                                       Buffers: shared hit=24740 read=13034
                           ->  Hash  (cost=1.15..1.15 rows=1 width=4) (actual time=0.033..0.034 rows=1 loops=1)
                                 Buckets: 1024  Batches: 1  Memory Usage: 9kB
                                 Buffers: shared hit=1
                                 ->  Seq Scan on role_type rt  (cost=0.00..1.15 rows=1 width=4) (actual time=0.025..0.027 rows=1 loops=1)
                                       Filter: ((role)::text = 'cinematographer'::text)
                                       Rows Removed by Filter: 11
                                       Buffers: shared hit=1
                     ->  Index Scan using name_pkey on name n  (cost=0.43..2.32 rows=1 width=4) (actual time=0.063..0.063 rows=0 loops=780)
                           Index Cond: (id = ci.person_id)
                           Filter: ((gender)::text = 'f'::text)
                           Rows Removed by Filter: 1
                           Buffers: shared hit=2482 read=638
               ->  Seq Scan on info_type it1  (cost=0.00..2.41 rows=1 width=4) (actual time=0.013..0.023 rows=1 loops=3)
                     Filter: (id = 3)
                     Rows Removed by Filter: 112
                     Buffers: shared hit=3
         ->  Seq Scan on info_type it2  (cost=0.00..2.41 rows=1 width=4) (actual time=0.007..0.018 rows=1 loops=3)
               Filter: (id = 4)
               Rows Removed by Filter: 112
               Buffers: shared hit=3
 Planning:
   Buffers: shared hit=482 read=92
 Planning Time: 14.768 ms
 Execution Time: 3046.029 ms
(73 rows)

