                                                                                            QUERY PLAN                                                                                            
--------------------------------------------------------------------------------------------------------------------------------------------------------------------------------------------------
 Aggregate  (cost=749642.34..749642.35 rows=1 width=8) (actual time=2339.639..2339.648 rows=1 loops=1)
   Buffers: shared hit=128463 read=89361, temp read=1687 written=1687
   ->  Nested Loop  (cost=92536.91..749641.82 rows=206 width=0) (actual time=410.340..2339.116 rows=3343 loops=1)
         Buffers: shared hit=128463 read=89361, temp read=1687 written=1687
         ->  Hash Join  (cost=92536.48..748505.26 rows=490 width=4) (actual time=410.292..2096.861 rows=7531 loops=1)
               Hash Cond: (ci.role_id = rt.id)
               Buffers: shared hit=100774 read=86926, temp read=1687 written=1687
               ->  Nested Loop  (cost=92535.30..748493.64 rows=2938 width=8) (actual time=410.162..2090.492 rows=41364 loops=1)
                     Buffers: shared hit=100773 read=86926, temp read=1687 written=1687
                     ->  Nested Loop  (cost=92534.86..739360.00 rows=205 width=12) (actual time=410.129..1573.217 rows=4429 loops=1)
                           Buffers: shared hit=71911 read=62129, temp read=1687 written=1687
                           ->  Seq Scan on info_type it2  (cost=0.00..2.41 rows=1 width=4) (actual time=0.034..0.042 rows=1 loops=1)
                                 Filter: (id = 4)
                                 Rows Removed by Filter: 112
                                 Buffers: shared hit=1
                           ->  Nested Loop  (cost=92534.86..739355.54 rows=205 width=16) (actual time=410.094..1572.439 rows=4429 loops=1)
                                 Buffers: shared hit=71910 read=62129, temp read=1687 written=1687
                                 ->  Seq Scan on info_type it1  (cost=0.00..2.41 rows=1 width=4) (actual time=0.007..0.018 rows=1 loops=1)
                                       Filter: (id = 3)
                                       Rows Removed by Filter: 112
                                       Buffers: shared hit=1
                                 ->  Nested Loop  (cost=92534.86..739351.08 rows=205 width=20) (actual time=410.083..1571.711 rows=4429 loops=1)
                                       Buffers: shared hit=71909 read=62129, temp read=1687 written=1687
                                       ->  Hash Join  (cost=92534.43..481497.47 rows=6001 width=12) (actual time=409.888..878.164 rows=8853 loops=1)
                                             Hash Cond: (mi2.movie_id = t.id)
                                             Buffers: shared hit=3493 read=42311, temp read=1687 written=1687
                                             ->  Bitmap Heap Scan on movie_info mi2  (cost=13074.72..400315.42 rows=77423 width=8) (actual time=35.645..310.239 rows=977388 loops=1)
                                                   Recheck Cond: (info_type_id = 4)
                                                   Filter: ((info)::text = ANY ('{English,French,Italian,Portuguese,Spanish}'::text[]))
                                                   Rows Removed by Filter: 321601
                                                   Heap Blocks: exact=8393
                                                   Buffers: shared hit=3492 read=5920
                                                   ->  Bitmap Index Scan on info_type_id_movie_info  (cost=0.00..13055.37 rows=1221191 width=0) (actual time=34.162..34.162 rows=1298989 loops=1)
                                                         Index Cond: (info_type_id = 4)
                                                         Buffers: shared read=1019
                                             ->  Hash  (cost=76244.10..76244.10 rows=195968 width=4) (actual time=371.432..371.435 rows=11843 loops=1)
                                                   Buckets: 262144  Batches: 2  Memory Usage: 2260kB
                                                   Buffers: shared hit=1 read=36391, temp written=17
                                                   ->  Hash Join  (cost=1.13..76244.10 rows=195968 width=4) (actual time=0.129..368.799 rows=11843 loops=1)
                                                         Hash Cond: (t.kind_id = kt.id)
                                                         Buffers: shared hit=1 read=36391
                                                         ->  Seq Scan on title t  (cost=0.00..74315.95 rows=457258 width=8) (actual time=0.028..342.871 rows=451569 loops=1)
                                                               Filter: ((production_year <= 1975) AND (1875 < production_year))
                                                               Rows Removed by Filter: 2076743
                                                               Buffers: shared read=36391
                                                         ->  Hash  (cost=1.10..1.10 rows=3 width=4) (actual time=0.016..0.017 rows=3 loops=1)
                                                               Buckets: 1024  Batches: 1  Memory Usage: 9kB
                                                               Buffers: shared hit=1
                                                               ->  Seq Scan on kind_type kt  (cost=0.00..1.10 rows=3 width=4) (actual time=0.007..0.009 rows=3 loops=1)
                                                                     Filter: ((kind)::text = ANY ('{"tv series","video game","video movie"}'::text[]))
                                                                     Rows Removed by Filter: 4
                                                                     Buffers: shared hit=1
                                       ->  Index Scan using movie_id_movie_info on movie_info mi1  (cost=0.43..42.96 rows=1 width=8) (actual time=0.076..0.078 rows=1 loops=8853)
                                             Index Cond: (movie_id = t.id)
                                             Filter: ((info_type_id = 3) AND ((info)::text = ANY ('{Comedy,Crime,Drama,Short,Western}'::text[])))
                                             Rows Removed by Filter: 10
                                             Buffers: shared hit=68416 read=19818
                     ->  Index Scan using movie_id_cast_info on cast_info ci  (cost=0.44..44.17 rows=38 width=12) (actual time=0.033..0.115 rows=9 loops=4429)
                           Index Cond: (movie_id = t.id)
                           Buffers: shared hit=28862 read=24797
               ->  Hash  (cost=1.15..1.15 rows=2 width=4) (actual time=0.034..0.035 rows=2 loops=1)
                     Buckets: 1024  Batches: 1  Memory Usage: 9kB
                     Buffers: shared hit=1
                     ->  Seq Scan on role_type rt  (cost=0.00..1.15 rows=2 width=4) (actual time=0.026..0.028 rows=2 loops=1)
                           Filter: ((role)::text = ANY ('{producer,writer}'::text[]))
                           Rows Removed by Filter: 10
                           Buffers: shared hit=1
         ->  Index Scan using name_pkey on name n  (cost=0.43..2.32 rows=1 width=4) (actual time=0.032..0.032 rows=0 loops=7531)
               Index Cond: (id = ci.person_id)
               Filter: ((gender)::text = 'm'::text)
               Rows Removed by Filter: 1
               Buffers: shared hit=27689 read=2435
 Planning:
   Buffers: shared hit=520 read=54
 Planning Time: 10.274 ms
 Execution Time: 2340.163 ms
(76 rows)

