                                                                                               QUERY PLAN                                                                                               
--------------------------------------------------------------------------------------------------------------------------------------------------------------------------------------------------------
 Aggregate  (cost=991710.44..991710.45 rows=1 width=8) (actual time=6587.137..6587.145 rows=1 loops=1)
   Buffers: shared hit=397382 read=196944, temp read=2811 written=2811
   ->  Nested Loop  (cost=539912.97..991707.86 rows=1032 width=0) (actual time=1077.010..6586.542 rows=1348 loops=1)
         Buffers: shared hit=397382 read=196944, temp read=2811 written=2811
         ->  Hash Join  (cost=539912.54..988033.74 rows=1584 width=4) (actual time=1076.982..6383.664 rows=5790 loops=1)
               Hash Cond: (ci.role_id = rt.id)
               Buffers: shared hit=376471 read=194695, temp read=2811 written=2811
               ->  Nested Loop  (cost=539911.37..987998.81 rows=9503 width=8) (actual time=1076.858..6327.553 rows=427604 loops=1)
                     Buffers: shared hit=376470 read=194695, temp read=2811 written=2811
                     ->  Nested Loop  (cost=539910.93..959002.14 rows=663 width=12) (actual time=1076.826..1674.134 rows=34954 loops=1)
                           Buffers: shared hit=12097 read=44684, temp read=2811 written=2811
                           ->  Nested Loop  (cost=539910.93..958991.44 rows=663 width=16) (actual time=1076.819..1656.384 rows=34954 loops=1)
                                 Buffers: shared hit=12096 read=44684, temp read=2811 written=2811
                                 ->  Hash Join  (cost=539910.93..958980.73 rows=663 width=20) (actual time=1076.782..1639.689 rows=34954 loops=1)
                                       Hash Cond: (mi1.movie_id = t.id)
                                       Buffers: shared hit=12095 read=44684, temp read=2811 written=2811
                                       ->  Bitmap Heap Scan on movie_info mi1  (cost=16474.99..435140.32 rows=106093 width=8) (actual time=42.109..464.328 rows=1022609 loops=1)
                                             Recheck Cond: (info_type_id = 3)
                                             Filter: ((info)::text = ANY ('{Adult,Comedy,Documentary,Drama,Game-Show,Reality-TV,Short}'::text[]))
                                             Rows Removed by Filter: 511300
                                             Heap Blocks: exact=9772
                                             Buffers: shared hit=712 read=10263
                                             ->  Bitmap Index Scan on info_type_id_movie_info  (cost=0.00..16448.47 rows=1538671 width=0) (actual time=40.904..40.905 rows=1533909 loops=1)
                                                   Index Cond: (info_type_id = 3)
                                                   Buffers: shared hit=1 read=1202
                                       ->  Hash  (cost=523238.57..523238.57 rows=15789 width=12) (actual time=1034.615..1034.620 rows=56093 loops=1)
                                             Buckets: 65536 (originally 16384)  Batches: 1 (originally 1)  Memory Usage: 2923kB
                                             Buffers: shared hit=11383 read=34421, temp read=2811 written=2811
                                             ->  Hash Join  (cost=102906.98..523238.57 rows=15789 width=12) (actual time=557.436..1024.855 rows=56093 loops=1)
                                                   Hash Cond: (mi2.movie_id = t.id)
                                                   Buffers: shared hit=11383 read=34421, temp read=2811 written=2811
                                                   ->  Bitmap Heap Scan on movie_info mi2  (cost=13075.41..430374.47 rows=80172 width=8) (actual time=30.885..298.653 rows=1031371 loops=1)
                                                         Recheck Cond: (info_type_id = 4)
                                                         Filter: ((info)::text = ANY ('{English,French,German,Italian,None,Spanish,Swedish}'::text[]))
                                                         Rows Removed by Filter: 267618
                                                         Heap Blocks: exact=8393
                                                         Buffers: shared hit=9359 read=53
                                                         ->  Bitmap Index Scan on info_type_id_movie_info  (cost=0.00..13055.37 rows=1221191 width=0) (actual time=29.858..29.858 rows=1298989 loops=1)
                                                               Index Cond: (info_type_id = 4)
                                                               Buffers: shared hit=1019
                                                   ->  Hash  (cost=81661.48..81661.48 rows=497927 width=4) (actual time=523.791..523.794 rows=74675 loops=1)
                                                         Buckets: 262144  Batches: 4  Memory Usage: 2705kB
                                                         Buffers: shared hit=2024 read=34368, temp written=162
                                                         ->  Hash Join  (cost=1.11..81661.48 rows=497927 width=4) (actual time=0.034..511.178 rows=74675 loops=1)
                                                               Hash Cond: (t.kind_id = kt.id)
                                                               Buffers: shared hit=2024 read=34368
                                                               ->  Seq Scan on title t  (cost=0.00..74315.95 rows=1742744 width=8) (actual time=0.014..413.232 rows=1748995 loops=1)
                                                                     Filter: ((production_year <= 2015) AND (1990 < production_year))
                                                                     Rows Removed by Filter: 779317
                                                                     Buffers: shared hit=2023 read=34368
                                                               ->  Hash  (cost=1.09..1.09 rows=2 width=4) (actual time=0.013..0.015 rows=2 loops=1)
                                                                     Buckets: 1024  Batches: 1  Memory Usage: 9kB
                                                                     Buffers: shared hit=1
                                                                     ->  Seq Scan on kind_type kt  (cost=0.00..1.09 rows=2 width=4) (actual time=0.006..0.007 rows=2 loops=1)
                                                                           Filter: ((kind)::text = ANY ('{"tv series","video game"}'::text[]))
                                                                           Rows Removed by Filter: 5
                                                                           Buffers: shared hit=1
                                 ->  Materialize  (cost=0.00..2.42 rows=1 width=4) (actual time=0.000..0.000 rows=1 loops=34954)
                                       Buffers: shared hit=1
                                       ->  Seq Scan on info_type it1  (cost=0.00..2.41 rows=1 width=4) (actual time=0.032..0.037 rows=1 loops=1)
                                             Filter: (id = 3)
                                             Rows Removed by Filter: 112
                                             Buffers: shared hit=1
                           ->  Materialize  (cost=0.00..2.42 rows=1 width=4) (actual time=0.000..0.000 rows=1 loops=34954)
                                 Buffers: shared hit=1
                                 ->  Seq Scan on info_type it2  (cost=0.00..2.41 rows=1 width=4) (actual time=0.005..0.010 rows=1 loops=1)
                                       Filter: (id = 4)
                                       Rows Removed by Filter: 112
                                       Buffers: shared hit=1
                     ->  Index Scan using movie_id_cast_info on cast_info ci  (cost=0.44..43.36 rows=38 width=12) (actual time=0.032..0.130 rows=12 loops=34954)
                           Index Cond: (movie_id = t.id)
                           Buffers: shared hit=364373 read=150011
               ->  Hash  (cost=1.15..1.15 rows=2 width=4) (actual time=0.035..0.036 rows=2 loops=1)
                     Buckets: 1024  Batches: 1  Memory Usage: 9kB
                     Buffers: shared hit=1
                     ->  Seq Scan on role_type rt  (cost=0.00..1.15 rows=2 width=4) (actual time=0.028..0.030 rows=2 loops=1)
                           Filter: ((role)::text = ANY ('{"costume designer","production designer"}'::text[]))
                           Rows Removed by Filter: 10
                           Buffers: shared hit=1
         ->  Index Scan using name_pkey on name n  (cost=0.43..2.32 rows=1 width=4) (actual time=0.034..0.034 rows=0 loops=5790)
               Index Cond: (id = ci.person_id)
               Filter: ((gender)::text = ANY ('{f,m}'::text[]))
               Rows Removed by Filter: 1
               Buffers: shared hit=20911 read=2249
 Planning:
   Buffers: shared hit=574
 Planning Time: 13.195 ms
 Execution Time: 6587.969 ms
(88 rows)

