                                                                                            QUERY PLAN                                                                                            
--------------------------------------------------------------------------------------------------------------------------------------------------------------------------------------------------
 Aggregate  (cost=593188.74..593188.75 rows=1 width=8) (actual time=1202.647..1202.654 rows=1 loops=1)
   Buffers: shared hit=37925 read=57286
   ->  Nested Loop  (cost=90763.82..593188.70 rows=16 width=0) (actual time=400.421..1202.240 rows=4367 loops=1)
         Buffers: shared hit=37925 read=57286
         ->  Seq Scan on info_type it2  (cost=0.00..2.41 rows=1 width=4) (actual time=0.044..0.049 rows=1 loops=1)
               Filter: (id = 4)
               Rows Removed by Filter: 112
               Buffers: shared hit=1
         ->  Nested Loop  (cost=90763.82..593186.12 rows=16 width=4) (actual time=400.375..1201.734 rows=4367 loops=1)
               Buffers: shared hit=37924 read=57286
               ->  Seq Scan on info_type it1  (cost=0.00..2.41 rows=1 width=4) (actual time=0.010..0.016 rows=1 loops=1)
                     Filter: (id = 3)
                     Rows Removed by Filter: 112
                     Buffers: shared hit=1
               ->  Nested Loop  (cost=90763.82..593183.55 rows=16 width=8) (actual time=400.362..1201.234 rows=4367 loops=1)
                     Buffers: shared hit=37923 read=57286
                     ->  Hash Join  (cost=90763.39..593093.09 rows=39 width=12) (actual time=400.333..1072.148 rows=4367 loops=1)
                           Hash Cond: (ci.role_id = rt.id)
                           Buffers: shared hit=24972 read=52769
                           ->  Nested Loop  (cost=90762.22..593090.25 rows=473 width=16) (actual time=400.287..1070.592 rows=8426 loops=1)
                                 Buffers: shared hit=24971 read=52769
                                 ->  Nested Loop  (cost=90761.78..591609.23 rows=33 width=20) (actual time=400.249..976.857 rows=760 loops=1)
                                       Buffers: shared hit=17976 read=49153
                                       ->  Hash Join  (cost=90761.35..553212.40 rows=888 width=12) (actual time=399.890..832.808 rows=2529 loops=1)
                                             Hash Cond: (mi2.movie_id = t.id)
                                             Buffers: shared hit=1208 read=44596
                                             ->  Bitmap Heap Scan on movie_info mi2  (cost=13059.07..475445.67 rows=14819 width=8) (actual time=37.415..441.652 rows=230536 loops=1)
                                                   Recheck Cond: (info_type_id = 4)
                                                   Filter: ((info)::text = ANY ('{Filipino,Finnish,French,German,Greek,Italian,Korean,Mandarin,Portuguese,Russian}'::text[]))
                                                   Rows Removed by Filter: 1068453
                                                   Heap Blocks: exact=8393
                                                   Buffers: shared hit=1207 read=8205
                                                   ->  Bitmap Index Scan on info_type_id_movie_info  (cost=0.00..13055.37 rows=1221191 width=0) (actual time=34.615..34.615 rows=1298989 loops=1)
                                                         Index Cond: (info_type_id = 4)
                                                         Buffers: shared read=1019
                                             ->  Hash  (cost=75807.58..75807.58 rows=151576 width=4) (actual time=361.516..361.519 rows=11843 loops=1)
                                                   Buckets: 262144  Batches: 1  Memory Usage: 2465kB
                                                   Buffers: shared hit=1 read=36391
                                                   ->  Hash Join  (cost=1.13..75807.58 rows=151576 width=4) (actual time=0.120..358.608 rows=11843 loops=1)
                                                         Hash Cond: (t.kind_id = kt.id)
                                                         Buffers: shared hit=1 read=36391
                                                         ->  Seq Scan on title t  (cost=0.00..74315.95 rows=353677 width=8) (actual time=0.019..338.308 rows=347589 loops=1)
                                                               Filter: ((production_year <= 1975) AND (1925 < production_year))
                                                               Rows Removed by Filter: 2180723
                                                               Buffers: shared read=36391
                                                         ->  Hash  (cost=1.10..1.10 rows=3 width=4) (actual time=0.013..0.014 rows=3 loops=1)
                                                               Buckets: 1024  Batches: 1  Memory Usage: 9kB
                                                               Buffers: shared hit=1
                                                               ->  Seq Scan on kind_type kt  (cost=0.00..1.10 rows=3 width=4) (actual time=0.007..0.008 rows=3 loops=1)
                                                                     Filter: ((kind)::text = ANY ('{"tv series","video game","video movie"}'::text[]))
                                                                     Rows Removed by Filter: 4
                                                                     Buffers: shared hit=1
                                       ->  Index Scan using movie_id_movie_info on movie_info mi1  (cost=0.43..43.23 rows=1 width=8) (actual time=0.055..0.057 rows=0 loops=2529)
                                             Index Cond: (movie_id = t.id)
                                             Filter: ((info_type_id = 3) AND ((info)::text = ANY ('{Action,Crime,Documentary,Drama,Romance,Short}'::text[])))
                                             Rows Removed by Filter: 8
                                             Buffers: shared hit=16768 read=4557
                                 ->  Index Scan using movie_id_cast_info on cast_info ci  (cost=0.44..44.50 rows=38 width=12) (actual time=0.029..0.121 rows=11 loops=760)
                                       Index Cond: (movie_id = t.id)
                                       Buffers: shared hit=6995 read=3616
                           ->  Hash  (cost=1.15..1.15 rows=1 width=4) (actual time=0.016..0.017 rows=1 loops=1)
                                 Buckets: 1024  Batches: 1  Memory Usage: 9kB
                                 Buffers: shared hit=1
                                 ->  Seq Scan on role_type rt  (cost=0.00..1.15 rows=1 width=4) (actual time=0.009..0.011 rows=1 loops=1)
                                       Filter: ((role)::text = 'actor'::text)
                                       Rows Removed by Filter: 11
                                       Buffers: shared hit=1
                     ->  Index Scan using name_pkey on name n  (cost=0.43..2.32 rows=1 width=4) (actual time=0.029..0.029 rows=1 loops=4367)
                           Index Cond: (id = ci.person_id)
                           Filter: ((gender)::text = 'm'::text)
                           Buffers: shared hit=12951 read=4517
 Planning:
   Buffers: shared hit=520 read=54
 Planning Time: 13.140 ms
 Execution Time: 1203.282 ms
(75 rows)

