                                                                                               QUERY PLAN                                                                                               
--------------------------------------------------------------------------------------------------------------------------------------------------------------------------------------------------------
 Aggregate  (cost=356000.79..356000.80 rows=1 width=8) (actual time=702.890..702.895 rows=1 loops=1)
   Buffers: shared hit=57004 read=11856
   ->  Nested Loop  (cost=13059.41..356000.79 rows=1 width=0) (actual time=36.435..702.888 rows=2 loops=1)
         Buffers: shared hit=57004 read=11856
         ->  Hash Join  (cost=13058.98..355998.47 rows=1 width=4) (actual time=36.394..702.782 rows=4 loops=1)
               Hash Cond: (ci.role_id = rt.id)
               Buffers: shared hit=56992 read=11852
               ->  Nested Loop  (cost=13057.82..355997.26 rows=14 width=8) (actual time=35.406..702.700 rows=152 loops=1)
                     Buffers: shared hit=56991 read=11852
                     ->  Nested Loop  (cost=13057.38..355952.70 rows=1 width=12) (actual time=35.372..701.184 rows=23 loops=1)
                           Buffers: shared hit=56896 read=11730
                           ->  Nested Loop  (cost=13057.38..355950.28 rows=1 width=16) (actual time=35.367..700.982 rows=23 loops=1)
                                 Buffers: shared hit=56873 read=11730
                                 ->  Nested Loop  (cost=13057.38..355947.86 rows=1 width=20) (actual time=35.348..700.738 rows=23 loops=1)
                                       Buffers: shared hit=56850 read=11730
                                       ->  Hash Join  (cost=13056.95..355733.78 rows=5 width=12) (actual time=34.796..696.417 rows=63 loops=1)
                                             Hash Cond: (t.kind_id = kt.id)
                                             Buffers: shared hit=56443 read=11634
                                             ->  Nested Loop  (cost=13055.81..355732.60 rows=11 width=16) (actual time=34.753..695.620 rows=5159 loops=1)
                                                   Buffers: shared hit=56442 read=11634
                                                   ->  Bitmap Heap Scan on movie_info mi2  (cost=13055.38..355208.54 rows=62 width=8) (actual time=34.647..269.681 rows=14666 loops=1)
                                                         Recheck Cond: (info_type_id = 4)
                                                         Filter: ((info)::text = ANY ('{Czech,Tagalog}'::text[]))
                                                         Rows Removed by Filter: 1284323
                                                         Heap Blocks: exact=8393
                                                         Buffers: shared hit=9412
                                                         ->  Bitmap Index Scan on info_type_id_movie_info  (cost=0.00..13055.37 rows=1221191 width=0) (actual time=32.812..32.813 rows=1298989 loops=1)
                                                               Index Cond: (info_type_id = 4)
                                                               Buffers: shared hit=1019
                                                   ->  Index Scan using title_pkey on title t  (cost=0.43..8.45 rows=1 width=8) (actual time=0.029..0.029 rows=0 loops=14666)
                                                         Index Cond: (id = mi2.movie_id)
                                                         Filter: ((production_year <= 1975) AND (1875 < production_year))
                                                         Rows Removed by Filter: 1
                                                         Buffers: shared hit=47030 read=11634
                                             ->  Hash  (cost=1.10..1.10 rows=3 width=4) (actual time=0.019..0.019 rows=3 loops=1)
                                                   Buckets: 1024  Batches: 1  Memory Usage: 9kB
                                                   Buffers: shared hit=1
                                                   ->  Seq Scan on kind_type kt  (cost=0.00..1.10 rows=3 width=4) (actual time=0.010..0.012 rows=3 loops=1)
                                                         Filter: ((kind)::text = ANY ('{"tv series","video game","video movie"}'::text[]))
                                                         Rows Removed by Filter: 4
                                                         Buffers: shared hit=1
                                       ->  Index Scan using movie_id_movie_info on movie_info mi1  (cost=0.43..42.80 rows=1 width=8) (actual time=0.067..0.068 rows=0 loops=63)
                                             Index Cond: (movie_id = t.id)
                                             Filter: (((info)::text = ANY ('{Action,Comedy}'::text[])) AND (info_type_id = 3))
                                             Rows Removed by Filter: 6
                                             Buffers: shared hit=407 read=96
                                 ->  Seq Scan on info_type it1  (cost=0.00..2.41 rows=1 width=4) (actual time=0.005..0.009 rows=1 loops=23)
                                       Filter: (id = 3)
                                       Rows Removed by Filter: 112
                                       Buffers: shared hit=23
                           ->  Seq Scan on info_type it2  (cost=0.00..2.41 rows=1 width=4) (actual time=0.003..0.008 rows=1 loops=23)
                                 Filter: (id = 4)
                                 Rows Removed by Filter: 112
                                 Buffers: shared hit=23
                     ->  Index Scan using movie_id_cast_info on cast_info ci  (cost=0.44..44.17 rows=38 width=12) (actual time=0.023..0.064 rows=7 loops=23)
                           Index Cond: (movie_id = t.id)
                           Buffers: shared hit=95 read=122
               ->  Hash  (cost=1.15..1.15 rows=1 width=4) (actual time=0.033..0.034 rows=1 loops=1)
                     Buckets: 1024  Batches: 1  Memory Usage: 9kB
                     Buffers: shared hit=1
                     ->  Seq Scan on role_type rt  (cost=0.00..1.15 rows=1 width=4) (actual time=0.025..0.027 rows=1 loops=1)
                           Filter: ((role)::text = 'composer'::text)
                           Rows Removed by Filter: 11
                           Buffers: shared hit=1
         ->  Index Scan using name_pkey on name n  (cost=0.43..2.32 rows=1 width=4) (actual time=0.025..0.025 rows=0 loops=4)
               Index Cond: (id = ci.person_id)
               Filter: ((gender)::text = 'm'::text)
               Rows Removed by Filter: 0
               Buffers: shared hit=12 read=4
 Planning:
   Buffers: shared hit=574
 Planning Time: 12.398 ms
 Execution Time: 703.404 ms
(73 rows)

