                                                                                               QUERY PLAN                                                                                               
--------------------------------------------------------------------------------------------------------------------------------------------------------------------------------------------------------
 Aggregate  (cost=655917.35..655917.36 rows=1 width=8) (actual time=10523.321..10523.329 rows=1 loops=1)
   Buffers: shared hit=1024046 read=64104
   ->  Nested Loop  (cost=13062.47..655917.30 rows=19 width=0) (actual time=49.272..10523.180 rows=268 loops=1)
         Buffers: shared hit=1024046 read=64104
         ->  Seq Scan on info_type it2  (cost=0.00..2.41 rows=1 width=4) (actual time=0.043..0.052 rows=1 loops=1)
               Filter: (id = 4)
               Rows Removed by Filter: 112
               Buffers: shared hit=1
         ->  Nested Loop  (cost=13062.47..655914.70 rows=19 width=4) (actual time=49.227..10523.040 rows=268 loops=1)
               Buffers: shared hit=1024045 read=64104
               ->  Seq Scan on info_type it1  (cost=0.00..2.41 rows=1 width=4) (actual time=0.012..0.023 rows=1 loops=1)
                     Filter: (id = 3)
                     Rows Removed by Filter: 112
                     Buffers: shared hit=1
               ->  Nested Loop  (cost=13062.47..655912.09 rows=19 width=8) (actual time=49.212..10522.912 rows=268 loops=1)
                     Buffers: shared hit=1024044 read=64104
                     ->  Hash Join  (cost=13062.04..655726.53 rows=80 width=12) (actual time=36.423..10275.095 rows=6691 loops=1)
                           Hash Cond: (ci.role_id = rt.id)
                           Buffers: shared hit=1000949 read=60435
                           ->  Nested Loop  (cost=13060.88..655721.96 rows=960 width=16) (actual time=36.346..10252.336 rows=132138 loops=1)
                                 Buffers: shared hit=1000948 read=60435
                                 ->  Nested Loop  (cost=13060.44..652791.68 rows=67 width=20) (actual time=35.674..8819.807 rows=7405 loops=1)
                                       Buffers: shared hit=877691 read=35289
                                       ->  Hash Join  (cost=13059.98..550642.30 rows=2410 width=12) (actual time=35.570..7940.991 rows=11148 loops=1)
                                             Hash Cond: (t.kind_id = kt.id)
                                             Buffers: shared hit=788672 read=22261
                                             ->  Nested Loop  (cost=13058.87..550605.65 rows=8434 width=16) (actual time=35.530..7915.253 rows=106371 loops=1)
                                                   Buffers: shared hit=788671 read=22261
                                                   ->  Bitmap Heap Scan on movie_info mi2  (cost=13058.43..475445.03 rows=12236 width=8) (actual time=35.418..860.344 rows=205310 loops=1)
                                                         Recheck Cond: (info_type_id = 4)
                                                         Filter: ((info)::text = ANY ('{Filipino,Finnish,French,German,Hindi,Italian,Mandarin,None,Persian,Turkish}'::text[]))
                                                         Rows Removed by Filter: 1093679
                                                         Heap Blocks: exact=8393
                                                         Buffers: shared hit=9412
                                                         ->  Bitmap Index Scan on info_type_id_movie_info  (cost=0.00..13055.37 rows=1221191 width=0) (actual time=32.640..32.640 rows=1298989 loops=1)
                                                               Index Cond: (info_type_id = 4)
                                                               Buffers: shared hit=1019
                                                   ->  Memoize  (cost=0.44..6.23 rows=1 width=8) (actual time=0.034..0.034 rows=1 loops=205310)
                                                         Cache Key: mi2.movie_id
                                                         Cache Mode: logical
                                                         Hits: 4930  Misses: 200380  Evictions: 106624  Overflows: 0  Memory Usage: 8193kB
                                                         Buffers: shared hit=779259 read=22261
                                                         ->  Index Scan using title_pkey on title t  (cost=0.43..6.22 rows=1 width=8) (actual time=0.033..0.033 rows=1 loops=200380)
                                                               Index Cond: (id = mi2.movie_id)
                                                               Filter: ((production_year <= 2015) AND (1990 < production_year))
                                                               Rows Removed by Filter: 0
                                                               Buffers: shared hit=779259 read=22261
                                             ->  Hash  (cost=1.09..1.09 rows=2 width=4) (actual time=0.018..0.019 rows=2 loops=1)
                                                   Buckets: 1024  Batches: 1  Memory Usage: 9kB
                                                   Buffers: shared hit=1
                                                   ->  Seq Scan on kind_type kt  (cost=0.00..1.09 rows=2 width=4) (actual time=0.010..0.011 rows=2 loops=1)
                                                         Filter: ((kind)::text = ANY ('{"tv series","video game"}'::text[]))
                                                         Rows Removed by Filter: 5
                                                         Buffers: shared hit=1
                                       ->  Index Scan using movie_id_movie_info on movie_info mi1  (cost=0.46..42.38 rows=1 width=8) (actual time=0.075..0.078 rows=1 loops=11148)
                                             Index Cond: (movie_id = t.id)
                                             Filter: ((info_type_id = 3) AND ((info)::text = ANY ('{Action,Animation,Biography,Comedy,Crime,Drama,Family,Romance,Thriller}'::text[])))
                                             Rows Removed by Filter: 8
                                             Buffers: shared hit=89019 read=13028
                                 ->  Index Scan using movie_id_cast_info on cast_info ci  (cost=0.44..43.36 rows=38 width=12) (actual time=0.034..0.188 rows=18 loops=7405)
                                       Index Cond: (movie_id = t.id)
                                       Buffers: shared hit=123257 read=25146
                           ->  Hash  (cost=1.15..1.15 rows=1 width=4) (actual time=0.016..0.017 rows=1 loops=1)
                                 Buckets: 1024  Batches: 1  Memory Usage: 9kB
                                 Buffers: shared hit=1
                                 ->  Seq Scan on role_type rt  (cost=0.00..1.15 rows=1 width=4) (actual time=0.010..0.011 rows=1 loops=1)
                                       Filter: ((role)::text = 'director'::text)
                                       Rows Removed by Filter: 11
                                       Buffers: shared hit=1
                     ->  Index Scan using name_pkey on name n  (cost=0.43..2.32 rows=1 width=4) (actual time=0.037..0.037 rows=0 loops=6691)
                           Index Cond: (id = ci.person_id)
                           Filter: ((gender)::text = 'f'::text)
                           Rows Removed by Filter: 1
                           Buffers: shared hit=23095 read=3669
 Planning:
   Buffers: shared hit=576 read=1
 Planning Time: 13.151 ms
 Execution Time: 10525.851 ms
(78 rows)

