                                                                                            QUERY PLAN                                                                                            
--------------------------------------------------------------------------------------------------------------------------------------------------------------------------------------------------
 Aggregate  (cost=680443.20..680443.21 rows=1 width=8) (actual time=6749.865..6749.874 rows=1 loops=1)
   Buffers: shared hit=501231 read=109017, temp read=11261 written=11261
   ->  Nested Loop  (cost=466444.23..680443.10 rows=41 width=0) (actual time=1085.335..6749.276 rows=2582 loops=1)
         Buffers: shared hit=501231 read=109017, temp read=11261 written=11261
         ->  Seq Scan on info_type it2  (cost=0.00..2.41 rows=1 width=4) (actual time=0.041..0.049 rows=1 loops=1)
               Filter: (id = 4)
               Rows Removed by Filter: 112
               Buffers: shared hit=1
         ->  Nested Loop  (cost=466444.23..680440.28 rows=41 width=4) (actual time=1085.293..6748.768 rows=2582 loops=1)
               Buffers: shared hit=501230 read=109017, temp read=11261 written=11261
               ->  Seq Scan on info_type it1  (cost=0.00..2.41 rows=1 width=4) (actual time=0.008..0.020 rows=1 loops=1)
                     Filter: (id = 3)
                     Rows Removed by Filter: 112
                     Buffers: shared hit=1
               ->  Nested Loop  (cost=466444.23..680437.46 rows=41 width=8) (actual time=1085.284..6748.232 rows=2582 loops=1)
                     Join Filter: (t.id = mi1.movie_id)
                     Buffers: shared hit=501229 read=109017, temp read=11261 written=11261
                     ->  Nested Loop  (cost=466443.80..616840.16 rows=1506 width=16) (actual time=1085.111..6057.605 rows=5377 loops=1)
                           Buffers: shared hit=440352 read=84474, temp read=11261 written=11261
                           ->  Hash Join  (cost=466443.37..601798.08 rows=6485 width=20) (actual time=1083.412..3329.645 rows=109429 loops=1)
                                 Hash Cond: (ci.movie_id = t.id)
                                 Buffers: shared hit=23912 read=63198, temp read=11261 written=11261
                                 ->  Nested Loop  (cost=0.44..123965.00 rows=3020080 width=8) (actual time=0.090..1183.460 rows=4323018 loops=1)
                                       Buffers: shared hit=2610 read=38696
                                       ->  Seq Scan on role_type rt  (cost=0.00..1.15 rows=1 width=4) (actual time=0.008..0.011 rows=1 loops=1)
                                             Filter: ((role)::text = 'miscellaneous crew'::text)
                                             Rows Removed by Filter: 11
                                             Buffers: shared hit=1
                                       ->  Index Scan using role_id_cast_info on cast_info ci  (cost=0.44..91017.52 rows=3294633 width=12) (actual time=0.076..801.296 rows=4323018 loops=1)
                                             Index Cond: (role_id = rt.id)
                                             Buffers: shared hit=2609 read=38696
                                 ->  Hash  (cost=466375.07..466375.07 rows=5429 width=12) (actual time=1083.127..1083.132 rows=186035 loops=1)
                                       Buckets: 262144 (originally 8192)  Batches: 2 (originally 1)  Memory Usage: 6145kB
                                       Buffers: shared hit=21302 read=24502, temp read=3487 written=3850
                                       ->  Hash Join  (cost=92532.58..466375.07 rows=5429 width=12) (actual time=561.882..1052.919 rows=186035 loops=1)
                                             Hash Cond: (mi2.movie_id = t.id)
                                             Buffers: shared hit=21302 read=24502, temp read=3487 written=3487
                                             ->  Bitmap Heap Scan on movie_info mi2  (cost=13072.88..385284.40 rows=70046 width=8) (actual time=37.174..289.652 rows=882060 loops=1)
                                                   Recheck Cond: (info_type_id = 4)
                                                   Filter: ((info)::text = ANY ('{Danish,English,Mandarin,Spanish}'::text[]))
                                                   Rows Removed by Filter: 416929
                                                   Heap Blocks: exact=8393
                                                   Buffers: shared hit=4772 read=4640
                                                   ->  Bitmap Index Scan on info_type_id_movie_info  (cost=0.00..13055.37 rows=1221191 width=0) (actual time=36.132..36.132 rows=1298989 loops=1)
                                                         Index Cond: (info_type_id = 4)
                                                         Buffers: shared read=1019
                                             ->  Hash  (cost=76244.10..76244.10 rows=195968 width=4) (actual time=521.568..521.571 rows=439726 loops=1)
                                                   Buckets: 262144 (originally 262144)  Batches: 4 (originally 2)  Memory Usage: 6145kB
                                                   Buffers: shared hit=16530 read=19862, temp written=966
                                                   ->  Hash Join  (cost=1.13..76244.10 rows=195968 width=4) (actual time=0.043..448.058 rows=439726 loops=1)
                                                         Hash Cond: (t.kind_id = kt.id)
                                                         Buffers: shared hit=16530 read=19862
                                                         ->  Seq Scan on title t  (cost=0.00..74315.95 rows=457258 width=8) (actual time=0.023..394.788 rows=451569 loops=1)
                                                               Filter: ((production_year <= 1975) AND (1875 < production_year))
                                                               Rows Removed by Filter: 2076743
                                                               Buffers: shared hit=16529 read=19862
                                                         ->  Hash  (cost=1.10..1.10 rows=3 width=4) (actual time=0.014..0.015 rows=3 loops=1)
                                                               Buckets: 1024  Batches: 1  Memory Usage: 9kB
                                                               Buffers: shared hit=1
                                                               ->  Seq Scan on kind_type kt  (cost=0.00..1.10 rows=3 width=4) (actual time=0.006..0.008 rows=3 loops=1)
                                                                     Filter: ((kind)::text = ANY ('{episode,movie,"tv movie"}'::text[]))
                                                                     Rows Removed by Filter: 4
                                                                     Buffers: shared hit=1
                           ->  Index Scan using name_pkey on name n  (cost=0.43..2.32 rows=1 width=4) (actual time=0.025..0.025 rows=0 loops=109429)
                                 Index Cond: (id = ci.person_id)
                                 Filter: ((gender)::text = 'f'::text)
                                 Rows Removed by Filter: 1
                                 Buffers: shared hit=416440 read=21276
                     ->  Index Scan using movie_id_movie_info on movie_info mi1  (cost=0.43..42.22 rows=1 width=8) (actual time=0.128..0.128 rows=0 loops=5377)
                           Index Cond: (movie_id = ci.movie_id)
                           Filter: ((info_type_id = 3) AND ((info)::text = ANY ('{Crime,Drama,Fantasy,Short,Western}'::text[])))
                           Rows Removed by Filter: 46
                           Buffers: shared hit=60877 read=24543
 Planning:
   Buffers: shared hit=529 read=45
 Planning Time: 13.739 ms
 Execution Time: 6750.406 ms
(77 rows)

