                                                                                                  QUERY PLAN                                                                                                  
--------------------------------------------------------------------------------------------------------------------------------------------------------------------------------------------------------------
 Aggregate  (cost=963977.09..963977.10 rows=1 width=8) (actual time=37338.941..37338.950 rows=1 loops=1)
   Buffers: shared hit=2946046 read=316176, temp read=9214 written=8736
   ->  Nested Loop  (cost=891727.29..963976.41 rows=273 width=0) (actual time=1208.068..37338.400 rows=654 loops=1)
         Buffers: shared hit=2946046 read=316176, temp read=9214 written=8736
         ->  Seq Scan on info_type it2  (cost=0.00..2.41 rows=1 width=4) (actual time=0.051..0.064 rows=1 loops=1)
               Filter: (id = 4)
               Rows Removed by Filter: 112
               Buffers: shared hit=1
         ->  Nested Loop  (cost=891727.29..963971.26 rows=273 width=4) (actual time=1208.015..37338.036 rows=654 loops=1)
               Buffers: shared hit=2946045 read=316176, temp read=9214 written=8736
               ->  Seq Scan on info_type it1  (cost=0.00..2.41 rows=1 width=4) (actual time=0.009..0.024 rows=1 loops=1)
                     Filter: (id = 3)
                     Rows Removed by Filter: 112
                     Buffers: shared hit=1
               ->  Nested Loop  (cost=891727.29..963966.12 rows=273 width=8) (actual time=1208.005..37337.738 rows=654 loops=1)
                     Buffers: shared hit=2946044 read=316176, temp read=9214 written=8736
                     ->  Hash Join  (cost=891726.86..962456.12 rows=651 width=12) (actual time=1165.397..36735.728 rows=14086 loops=1)
                           Hash Cond: (ci.role_id = rt.id)
                           Buffers: shared hit=2891888 read=313988, temp read=9214 written=8736
                           ->  Nested Loop  (cost=891725.70..962427.20 rows=7812 width=16) (actual time=1160.854..36483.587 rows=1295894 loops=1)
                                 Buffers: shared hit=2891887 read=313988, temp read=9214 written=8736
                                 ->  Nested Loop  (cost=891725.26..938591.33 rows=545 width=20) (actual time=1160.822..20537.781 rows=54763 loops=1)
                                       Buffers: shared hit=1753524 read=41955, temp read=9214 written=8736
                                       ->  Nested Loop  (cost=891725.12..938559.86 rows=1271 width=24) (actual time=1160.807..20319.908 rows=286329 loops=1)
                                             Join Filter: (t.id = mi1.movie_id)
                                             Buffers: shared hit=1753512 read=41955, temp read=9214 written=8736
                                             ->  Merge Join  (cost=891724.69..892550.87 rows=13562 width=16) (actual time=1160.759..1940.049 rows=443770 loops=1)
                                                   Merge Cond: (mi1.movie_id = mi2.movie_id)
                                                   Buffers: shared hit=6400 read=13987, temp read=9214 written=8736
                                                   ->  Sort  (cost=454888.59..455035.37 rows=58714 width=8) (actual time=610.884..727.070 rows=595835 loops=1)
                                                         Sort Key: mi1.movie_id
                                                         Sort Method: external sort  Disk: 12880kB
                                                         Buffers: shared hit=3359 read=7616, temp read=3214 written=3222
                                                         ->  Bitmap Heap Scan on movie_info mi1  (cost=16463.15..450238.02 rows=58714 width=8) (actual time=43.054..460.532 rows=595835 loops=1)
                                                               Recheck Cond: (info_type_id = 3)
                                                               Filter: ((info)::text = ANY ('{Animation,Biography,Comedy,Crime,Drama,Mystery,News,Romance}'::text[]))
                                                               Rows Removed by Filter: 938074
                                                               Heap Blocks: exact=9772
                                                               Buffers: shared hit=3359 read=7616
                                                               ->  Bitmap Index Scan on info_type_id_movie_info  (cost=0.00..16448.47 rows=1538671 width=0) (actual time=41.859..41.860 rows=1533909 loops=1)
                                                                     Index Cond: (info_type_id = 3)
                                                                     Buffers: shared read=1203
                                                   ->  Sort  (cost=436836.10..437034.60 rows=79399 width=8) (actual time=549.865..768.382 rows=1116605 loops=1)
                                                         Sort Key: mi2.movie_id
                                                         Sort Method: external sort  Disk: 22040kB
                                                         Buffers: shared hit=3041 read=6371, temp read=5750 written=5514
                                                         ->  Bitmap Heap Scan on movie_info mi2  (cost=13075.22..430374.28 rows=79399 width=8) (actual time=30.459..302.033 rows=1019831 loops=1)
                                                               Recheck Cond: (info_type_id = 4)
                                                               Filter: ((info)::text = ANY ('{English,German,Italian,Japanese,Korean,Spanish,Turkish}'::text[]))
                                                               Rows Removed by Filter: 279158
                                                               Heap Blocks: exact=8393
                                                               Buffers: shared hit=3041 read=6371
                                                               ->  Bitmap Index Scan on info_type_id_movie_info  (cost=0.00..13055.37 rows=1221191 width=0) (actual time=29.429..29.429 rows=1298989 loops=1)
                                                                     Index Cond: (info_type_id = 4)
                                                                     Buffers: shared hit=1 read=1018
                                             ->  Index Scan using title_pkey on title t  (cost=0.43..3.38 rows=1 width=8) (actual time=0.041..0.041 rows=1 loops=443770)
                                                   Index Cond: (id = mi2.movie_id)
                                                   Filter: ((production_year <= 2015) AND (1990 < production_year))
                                                   Rows Removed by Filter: 0
                                                   Buffers: shared hit=1747112 read=27968
                                       ->  Memoize  (cost=0.14..0.16 rows=1 width=4) (actual time=0.000..0.000 rows=0 loops=286329)
                                             Cache Key: t.kind_id
                                             Cache Mode: logical
                                             Hits: 286323  Misses: 6  Evictions: 0  Overflows: 0  Memory Usage: 1kB
                                             Buffers: shared hit=12
                                             ->  Index Scan using kind_type_pkey on kind_type kt  (cost=0.13..0.15 rows=1 width=4) (actual time=0.011..0.011 rows=0 loops=6)
                                                   Index Cond: (id = t.kind_id)
                                                   Filter: ((kind)::text = ANY ('{"tv movie","tv series","video game"}'::text[]))
                                                   Rows Removed by Filter: 0
                                                   Buffers: shared hit=12
                                 ->  Index Scan using movie_id_cast_info on cast_info ci  (cost=0.44..43.36 rows=38 width=12) (actual time=0.039..0.284 rows=24 loops=54763)
                                       Index Cond: (movie_id = t.id)
                                       Buffers: shared hit=1138363 read=272033
                           ->  Hash  (cost=1.15..1.15 rows=1 width=4) (actual time=0.019..0.020 rows=1 loops=1)
                                 Buckets: 1024  Batches: 1  Memory Usage: 9kB
                                 Buffers: shared hit=1
                                 ->  Seq Scan on role_type rt  (cost=0.00..1.15 rows=1 width=4) (actual time=0.010..0.011 rows=1 loops=1)
                                       Filter: ((role)::text = 'costume designer'::text)
                                       Rows Removed by Filter: 11
                                       Buffers: shared hit=1
                     ->  Index Scan using name_pkey on name n  (cost=0.43..2.32 rows=1 width=4) (actual time=0.042..0.042 rows=0 loops=14086)
                           Index Cond: (id = ci.person_id)
                           Filter: ((gender)::text = 'm'::text)
                           Rows Removed by Filter: 1
                           Buffers: shared hit=54156 read=2188
 Planning:
   Buffers: shared hit=502 read=72
 Planning Time: 14.578 ms
 Execution Time: 37351.662 ms
(89 rows)

