                                                                                               QUERY PLAN                                                                                               
--------------------------------------------------------------------------------------------------------------------------------------------------------------------------------------------------------
 Aggregate  (cost=566961.40..566961.41 rows=1 width=8) (actual time=7440.707..7440.713 rows=1 loops=1)
   Buffers: shared hit=666632 read=88809
   ->  Nested Loop  (cost=13061.13..566961.32 rows=32 width=0) (actual time=68.562..7440.588 rows=179 loops=1)
         Buffers: shared hit=666632 read=88809
         ->  Seq Scan on info_type it2  (cost=0.00..2.41 rows=1 width=4) (actual time=0.049..0.056 rows=1 loops=1)
               Filter: (id = 4)
               Rows Removed by Filter: 112
               Buffers: shared hit=1
         ->  Nested Loop  (cost=13061.13..566958.59 rows=32 width=4) (actual time=68.511..7440.462 rows=179 loops=1)
               Buffers: shared hit=666631 read=88809
               ->  Seq Scan on info_type it1  (cost=0.00..2.41 rows=1 width=4) (actual time=0.013..0.020 rows=1 loops=1)
                     Filter: (id = 3)
                     Rows Removed by Filter: 112
                     Buffers: shared hit=1
               ->  Nested Loop  (cost=13061.13..566955.85 rows=32 width=8) (actual time=68.495..7440.364 rows=179 loops=1)
                     Buffers: shared hit=666630 read=88809
                     ->  Hash Join  (cost=13060.70..566640.40 rows=136 width=12) (actual time=37.833..7131.467 rows=8414 loops=1)
                           Hash Cond: (ci.role_id = rt.id)
                           Buffers: shared hit=637938 read=83845
                           ->  Nested Loop  (cost=13059.53..566636.32 rows=817 width=16) (actual time=37.441..7107.850 rows=120692 loops=1)
                                 Buffers: shared hit=637937 read=83845
                                 ->  Nested Loop  (cost=13059.09..564147.72 rows=57 width=20) (actual time=37.399..5651.722 rows=7444 loops=1)
                                       Buffers: shared hit=537354 read=45000
                                       ->  Hash Join  (cost=13058.65..448059.80 rows=2737 width=12) (actual time=37.257..4157.454 rows=17546 loops=1)
                                             Hash Cond: (t.kind_id = kt.id)
                                             Buffers: shared hit=415534 read=9531
                                             ->  Nested Loop  (cost=13057.52..448031.76 rows=6386 width=16) (actual time=37.214..4133.968 rows=90634 loops=1)
                                                   Buffers: shared hit=415533 read=9531
                                                   ->  Bitmap Heap Scan on movie_info mi2  (cost=13057.08..400297.78 rows=6851 width=8) (actual time=37.116..602.743 rows=106792 loops=1)
                                                         Recheck Cond: (info_type_id = 4)
                                                         Filter: ((info)::text = ANY ('{Albanian,Arabic,French,Italian,Russian}'::text[]))
                                                         Rows Removed by Filter: 1192197
                                                         Heap Blocks: exact=8393
                                                         Buffers: shared hit=4824 read=4588
                                                         ->  Bitmap Index Scan on info_type_id_movie_info  (cost=0.00..13055.37 rows=1221191 width=0) (actual time=34.914..34.915 rows=1298989 loops=1)
                                                               Index Cond: (info_type_id = 4)
                                                               Buffers: shared hit=1019
                                                   ->  Memoize  (cost=0.44..7.02 rows=1 width=8) (actual time=0.033..0.033 rows=1 loops=106792)
                                                         Cache Key: mi2.movie_id
                                                         Cache Mode: logical
                                                         Hits: 2879  Misses: 103913  Evictions: 21157  Overflows: 0  Memory Usage: 8193kB
                                                         Buffers: shared hit=410709 read=4943
                                                         ->  Index Scan using title_pkey on title t  (cost=0.43..7.01 rows=1 width=8) (actual time=0.032..0.032 rows=1 loops=103913)
                                                               Index Cond: (id = mi2.movie_id)
                                                               Filter: ((production_year <= 2015) AND (1925 < production_year))
                                                               Rows Removed by Filter: 0
                                                               Buffers: shared hit=410709 read=4943
                                             ->  Hash  (cost=1.10..1.10 rows=3 width=4) (actual time=0.017..0.018 rows=3 loops=1)
                                                   Buckets: 1024  Batches: 1  Memory Usage: 9kB
                                                   Buffers: shared hit=1
                                                   ->  Seq Scan on kind_type kt  (cost=0.00..1.10 rows=3 width=4) (actual time=0.009..0.011 rows=3 loops=1)
                                                         Filter: ((kind)::text = ANY ('{"tv movie","tv series","video game"}'::text[]))
                                                         Rows Removed by Filter: 4
                                                         Buffers: shared hit=1
                                       ->  Index Scan using movie_id_movie_info on movie_info mi1  (cost=0.43..42.40 rows=1 width=8) (actual time=0.084..0.085 rows=0 loops=17546)
                                             Index Cond: (movie_id = t.id)
                                             Filter: ((info_type_id = 3) AND ((info)::text = ANY ('{Adventure,Animation,Comedy,Documentary,Horror,Romance}'::text[])))
                                             Rows Removed by Filter: 8
                                             Buffers: shared hit=121820 read=35469
                                 ->  Index Scan using movie_id_cast_info on cast_info ci  (cost=0.44..43.28 rows=38 width=12) (actual time=0.038..0.191 rows=16 loops=7444)
                                       Index Cond: (movie_id = t.id)
                                       Buffers: shared hit=100583 read=38845
                           ->  Hash  (cost=1.15..1.15 rows=2 width=4) (actual time=0.020..0.021 rows=2 loops=1)
                                 Buckets: 1024  Batches: 1  Memory Usage: 9kB
                                 Buffers: shared hit=1
                                 ->  Seq Scan on role_type rt  (cost=0.00..1.15 rows=2 width=4) (actual time=0.012..0.014 rows=2 loops=1)
                                       Filter: ((role)::text = ANY ('{cinematographer,editor}'::text[]))
                                       Rows Removed by Filter: 10
                                       Buffers: shared hit=1
                     ->  Index Scan using name_pkey on name n  (cost=0.43..2.32 rows=1 width=4) (actual time=0.036..0.036 rows=0 loops=8414)
                           Index Cond: (id = ci.person_id)
                           Filter: ((gender)::text = 'f'::text)
                           Rows Removed by Filter: 1
                           Buffers: shared hit=28692 read=4964
 Planning:
   Buffers: shared hit=574
 Planning Time: 13.576 ms
 Execution Time: 7442.449 ms
(78 rows)

