                                                                                                  QUERY PLAN                                                                                                  
--------------------------------------------------------------------------------------------------------------------------------------------------------------------------------------------------------------
 Aggregate  (cost=1023045.17..1023045.18 rows=1 width=8) (actual time=183391.109..183391.114 rows=1 loops=1)
   Buffers: shared hit=14018853 read=1644504, temp read=14715 written=13492
   ->  Nested Loop  (cost=895503.58..1023043.63 rows=616 width=0) (actual time=1294.609..183356.460 rows=108648 loops=1)
         Buffers: shared hit=14018853 read=1644504, temp read=14715 written=13492
         ->  Seq Scan on info_type it2  (cost=0.00..2.41 rows=1 width=4) (actual time=0.042..0.047 rows=1 loops=1)
               Filter: (id = 4)
               Rows Removed by Filter: 112
               Buffers: shared hit=1
         ->  Nested Loop  (cost=895503.58..1023035.06 rows=616 width=4) (actual time=1294.565..183327.084 rows=108648 loops=1)
               Buffers: shared hit=14018852 read=1644504, temp read=14715 written=13492
               ->  Seq Scan on info_type it1  (cost=0.00..2.41 rows=1 width=4) (actual time=0.008..0.016 rows=1 loops=1)
                     Filter: (id = 3)
                     Rows Removed by Filter: 112
                     Buffers: shared hit=1
               ->  Nested Loop  (cost=895503.58..1023026.48 rows=616 width=8) (actual time=1294.556..183300.324 rows=108648 loops=1)
                     Buffers: shared hit=14018851 read=1644504, temp read=14715 written=13492
                     ->  Hash Join  (cost=895503.15..1019621.43 rows=1468 width=12) (actual time=1294.209..169162.584 rows=309697 loops=1)
                           Hash Cond: (ci.role_id = rt.id)
                           Buffers: shared hit=12870309 read=1554258, temp read=14715 written=13492
                           ->  Nested Loop  (cost=895501.99..1019557.69 rows=17616 width=16) (actual time=1294.059..167112.380 rows=10396109 loops=1)
                                 Buffers: shared hit=12870308 read=1554258, temp read=14715 written=13492
                                 ->  Nested Loop  (cost=895501.55..965899.95 rows=1229 width=20) (actual time=1294.030..31882.497 rows=521766 loops=1)
                                       Buffers: shared hit=2730982 read=48881, temp read=14715 written=13492
                                       ->  Nested Loop  (cost=895501.41..965830.29 rows=2867 width=24) (actual time=1293.183..31327.132 rows=606936 loops=1)
                                             Buffers: shared hit=2730970 read=48881, temp read=14715 written=13492
                                             ->  Merge Join  (cost=895500.98..896633.43 rows=22623 width=16) (actual time=1293.114..2420.950 rows=689866 loops=1)
                                                   Merge Cond: (mi1.movie_id = mi2.movie_id)
                                                   Buffers: shared hit=9844 read=10543, temp read=14715 written=13492
                                                   ->  Sort  (cost=444489.28..444768.04 rows=111502 width=8) (actual time=758.394..964.507 rows=1073535 loops=1)
                                                         Sort Key: mi1.movie_id
                                                         Sort Method: external sort  Disk: 23200kB
                                                         Buffers: shared hit=5698 read=5277, temp read=8679 written=8694
                                                         ->  Bitmap Heap Scan on movie_info mi1  (cost=16476.34..435141.67 rows=111502 width=8) (actual time=41.684..426.897 rows=1073535 loops=1)
                                                               Recheck Cond: (info_type_id = 3)
                                                               Filter: ((info)::text = ANY ('{Action,Comedy,Documentary,Drama,Horror,Romance,Short}'::text[]))
                                                               Rows Removed by Filter: 460374
                                                               Heap Blocks: exact=9772
                                                               Buffers: shared hit=5698 read=5277
                                                               ->  Bitmap Index Scan on info_type_id_movie_info  (cost=0.00..16448.47 rows=1538671 width=0) (actual time=40.497..40.497 rows=1533909 loops=1)
                                                                     Index Cond: (info_type_id = 3)
                                                                     Buffers: shared read=1203
                                                   ->  Sort  (cost=451011.70..451186.05 rows=69742 width=8) (actual time=534.709..801.774 rows=1129942 loops=1)
                                                         Sort Key: mi2.movie_id
                                                         Sort Method: external sort  Disk: 19184kB
                                                         Buffers: shared hit=4146 read=5266, temp read=5411 written=4798
                                                         ->  Bitmap Heap Scan on movie_info mi2  (cost=13072.80..445401.04 rows=69742 width=8) (actual time=30.759..320.348 rows=887416 loops=1)
                                                               Recheck Cond: (info_type_id = 4)
                                                               Filter: ((info)::text = ANY ('{Danish,English,Greek,Hebrew,Hindi,Japanese,Mandarin,Portuguese}'::text[]))
                                                               Rows Removed by Filter: 411573
                                                               Heap Blocks: exact=8393
                                                               Buffers: shared hit=4146 read=5266
                                                               ->  Bitmap Index Scan on info_type_id_movie_info  (cost=0.00..13055.37 rows=1221191 width=0) (actual time=29.716..29.717 rows=1298989 loops=1)
                                                                     Index Cond: (info_type_id = 4)
                                                                     Buffers: shared hit=1 read=1018
                                             ->  Index Scan using title_pkey on title t  (cost=0.43..3.06 rows=1 width=8) (actual time=0.041..0.041 rows=1 loops=689866)
                                                   Index Cond: (id = mi1.movie_id)
                                                   Filter: ((production_year <= 2015) AND (1925 < production_year))
                                                   Rows Removed by Filter: 0
                                                   Buffers: shared hit=2721126 read=38338
                                       ->  Memoize  (cost=0.14..0.16 rows=1 width=4) (actual time=0.000..0.000 rows=1 loops=606936)
                                             Cache Key: t.kind_id
                                             Cache Mode: logical
                                             Hits: 606930  Misses: 6  Evictions: 0  Overflows: 0  Memory Usage: 1kB
                                             Buffers: shared hit=12
                                             ->  Index Scan using kind_type_pkey on kind_type kt  (cost=0.13..0.15 rows=1 width=4) (actual time=0.011..0.011 rows=0 loops=6)
                                                   Index Cond: (id = t.kind_id)
                                                   Filter: ((kind)::text = ANY ('{episode,movie,"video movie"}'::text[]))
                                                   Rows Removed by Filter: 0
                                                   Buffers: shared hit=12
                                 ->  Index Scan using movie_id_cast_info on cast_info ci  (cost=0.44..43.28 rows=38 width=12) (actual time=0.043..0.253 rows=20 loops=521766)
                                       Index Cond: (movie_id = t.id)
                                       Buffers: shared hit=10139326 read=1505377
                           ->  Hash  (cost=1.15..1.15 rows=1 width=4) (actual time=0.022..0.022 rows=1 loops=1)
                                 Buckets: 1024  Batches: 1  Memory Usage: 9kB
                                 Buffers: shared hit=1
                                 ->  Seq Scan on role_type rt  (cost=0.00..1.15 rows=1 width=4) (actual time=0.009..0.010 rows=1 loops=1)
                                       Filter: ((role)::text = 'composer'::text)
                                       Rows Removed by Filter: 11
                                       Buffers: shared hit=1
                     ->  Index Scan using name_pkey on name n  (cost=0.43..2.32 rows=1 width=4) (actual time=0.045..0.045 rows=0 loops=309697)
                           Index Cond: (id = ci.person_id)
                           Filter: ((gender)::text = 'm'::text)
                           Rows Removed by Filter: 1
                           Buffers: shared hit=1148542 read=90246
 Planning:
   Buffers: shared hit=480 read=94
 Planning Time: 13.640 ms
 Execution Time: 183399.551 ms
(88 rows)

