                                                                                               QUERY PLAN                                                                                               
--------------------------------------------------------------------------------------------------------------------------------------------------------------------------------------------------------
 Aggregate  (cost=1022366.83..1022366.84 rows=1 width=8) (actual time=152681.461..152681.473 rows=1 loops=1)
   Buffers: shared hit=10738312 read=2248006, temp read=17381 written=17381
   ->  Nested Loop  (cost=548606.45..1022365.36 rows=589 width=0) (actual time=3677.118..152620.530 rows=275740 loops=1)
         Buffers: shared hit=10738312 read=2248006, temp read=17381 written=17381
         ->  Seq Scan on info_type it2  (cost=0.00..2.41 rows=1 width=4) (actual time=0.030..0.041 rows=1 loops=1)
               Filter: (id = 4)
               Rows Removed by Filter: 112
               Buffers: shared hit=1
         ->  Nested Loop  (cost=548606.45..1022357.06 rows=589 width=4) (actual time=3677.087..152562.868 rows=275740 loops=1)
               Buffers: shared hit=10738311 read=2248006, temp read=17381 written=17381
               ->  Seq Scan on info_type it1  (cost=0.00..2.41 rows=1 width=4) (actual time=0.006..0.021 rows=1 loops=1)
                     Filter: (id = 3)
                     Rows Removed by Filter: 112
                     Buffers: shared hit=1
               ->  Nested Loop  (cost=548606.45..1022348.76 rows=589 width=8) (actual time=3677.078..152501.872 rows=275740 loops=1)
                     Buffers: shared hit=10738310 read=2248006, temp read=17381 written=17381
                     ->  Hash Join  (cost=548606.02..1019092.15 rows=1404 width=12) (actual time=3675.875..126053.366 rows=605291 loops=1)
                           Hash Cond: (ci.role_id = rt.id)
                           Buffers: shared hit=8606086 read=1959066, temp read=17381 written=17381
                           ->  Nested Loop  (cost=548604.86..1019031.16 rows=16842 width=16) (actual time=3675.376..124223.961 rows=9342202 loops=1)
                                 Buffers: shared hit=8606085 read=1959066, temp read=17381 written=17381
                                 ->  Hash Join  (cost=548604.42..967686.36 rows=1175 width=20) (actual time=3675.324..5643.026 rows=486413 loops=1)
                                       Hash Cond: (mi1.movie_id = t.id)
                                       Buffers: shared hit=1734 read=55045, temp read=17381 written=17381
                                       ->  Bitmap Heap Scan on movie_info mi1  (cost=16475.46..435140.79 rows=107963 width=8) (actual time=90.768..910.941 rows=1034710 loops=1)
                                             Recheck Cond: (info_type_id = 3)
                                             Filter: ((info)::text = ANY ('{Comedy,Documentary,Drama,Horror,Short,Thriller,Western}'::text[]))
                                             Rows Removed by Filter: 499199
                                             Heap Blocks: exact=9772
                                             Buffers: shared read=10975
                                             ->  Bitmap Index Scan on info_type_id_movie_info  (cost=0.00..16448.47 rows=1538671 width=0) (actual time=88.255..88.256 rows=1533909 loops=1)
                                                   Index Cond: (info_type_id = 3)
                                                   Buffers: shared read=1203
                                       ->  Hash  (cost=531784.86..531784.86 rows=27528 width=12) (actual time=3583.884..3583.890 rows=654273 loops=1)
                                             Buckets: 262144 (originally 32768)  Batches: 8 (originally 1)  Memory Usage: 6145kB
                                             Buffers: shared hit=1734 read=44070, temp read=10156 written=12388
                                             ->  Hash Join  (cost=109918.48..531784.86 rows=27528 width=12) (actual time=1868.104..3414.757 rows=654273 loops=1)
                                                   Hash Cond: (mi2.movie_id = t.id)
                                                   Buffers: shared hit=1734 read=44070, temp read=10156 written=10156
                                                   ->  Bitmap Heap Scan on movie_info mi2  (cost=13075.64..430374.70 rows=81077 width=8) (actual time=59.152..755.444 rows=1038081 loops=1)
                                                         Recheck Cond: (info_type_id = 4)
                                                         Filter: ((info)::text = ANY ('{English,German,Italian,Japanese,Portuguese,Spanish,Swedish}'::text[]))
                                                         Rows Removed by Filter: 260908
                                                         Heap Blocks: exact=8393
                                                         Buffers: shared hit=3 read=9409
                                                         ->  Bitmap Index Scan on info_type_id_movie_info  (cost=0.00..13055.37 rows=1221191 width=0) (actual time=58.117..58.118 rows=1298989 loops=1)
                                                               Index Cond: (info_type_id = 4)
                                                               Buffers: shared hit=1 read=1018
                                                   ->  Hash  (cost=82758.38..82758.38 rows=858437 width=4) (actual time=1807.791..1807.794 rows=1830466 loops=1)
                                                         Buckets: 262144 (originally 262144)  Batches: 16 (originally 8)  Memory Usage: 6145kB
                                                         Buffers: shared hit=1731 read=34661, temp written=5019
                                                         ->  Hash Join  (cost=1.13..82758.38 rows=858437 width=4) (actual time=0.042..1409.791 rows=1830466 loops=1)
                                                               Hash Cond: (t.kind_id = kt.id)
                                                               Buffers: shared hit=1731 read=34661
                                                               ->  Seq Scan on title t  (cost=0.00..74315.95 rows=2003019 width=8) (actual time=0.023..991.927 rows=2004612 loops=1)
                                                                     Filter: ((production_year <= 2015) AND (1975 < production_year))
                                                                     Rows Removed by Filter: 523700
                                                                     Buffers: shared hit=1730 read=34661
                                                               ->  Hash  (cost=1.10..1.10 rows=3 width=4) (actual time=0.015..0.017 rows=3 loops=1)
                                                                     Buckets: 1024  Batches: 1  Memory Usage: 9kB
                                                                     Buffers: shared hit=1
                                                                     ->  Seq Scan on kind_type kt  (cost=0.00..1.10 rows=3 width=4) (actual time=0.007..0.008 rows=3 loops=1)
                                                                           Filter: ((kind)::text = ANY ('{episode,movie,"video movie"}'::text[]))
                                                                           Rows Removed by Filter: 4
                                                                           Buffers: shared hit=1
                                 ->  Index Scan using movie_id_cast_info on cast_info ci  (cost=0.44..43.32 rows=38 width=12) (actual time=0.042..0.238 rows=19 loops=486413)
                                       Index Cond: (movie_id = t.id)
                                       Buffers: shared hit=8604351 read=1904021
                           ->  Hash  (cost=1.15..1.15 rows=1 width=4) (actual time=0.013..0.014 rows=1 loops=1)
                                 Buckets: 1024  Batches: 1  Memory Usage: 9kB
                                 Buffers: shared hit=1
                                 ->  Seq Scan on role_type rt  (cost=0.00..1.15 rows=1 width=4) (actual time=0.006..0.008 rows=1 loops=1)
                                       Filter: ((role)::text = 'writer'::text)
                                       Rows Removed by Filter: 11
                                       Buffers: shared hit=1
                     ->  Index Scan using name_pkey on name n  (cost=0.43..2.32 rows=1 width=4) (actual time=0.043..0.043 rows=0 loops=605291)
                           Index Cond: (id = ci.person_id)
                           Filter: ((gender)::text = 'm'::text)
                           Rows Removed by Filter: 1
                           Buffers: shared hit=2132224 read=288940
 Planning:
   Buffers: shared hit=487 read=87
 Planning Time: 7.341 ms
 Execution Time: 152682.146 ms
(84 rows)

