                                                                                            QUERY PLAN                                                                                            
--------------------------------------------------------------------------------------------------------------------------------------------------------------------------------------------------
 Aggregate  (cost=633107.78..633107.79 rows=1 width=8) (actual time=46614.006..46614.016 rows=1 loops=1)
   Buffers: shared hit=3138995 read=503931, temp read=2641 written=2641
   ->  Nested Loop  (cost=90777.45..633107.51 rows=106 width=0) (actual time=709.071..46602.526 rows=45793 loops=1)
         Buffers: shared hit=3138995 read=503931, temp read=2641 written=2641
         ->  Hash Join  (cost=90777.02..632520.67 rows=253 width=4) (actual time=709.041..41091.353 rows=111978 loops=1)
               Hash Cond: (ci.role_id = rt.id)
               Buffers: shared hit=2737658 read=457356, temp read=2641 written=2641
               ->  Nested Loop  (cost=90775.85..632514.10 rows=1519 width=8) (actual time=708.858..40825.575 rows=1335664 loops=1)
                     Buffers: shared hit=2737657 read=457356, temp read=2641 written=2641
                     ->  Nested Loop  (cost=90775.41..627756.88 rows=106 width=12) (actual time=708.821..21964.075 rows=54736 loops=1)
                           Buffers: shared hit=1501701 read=216226, temp read=2641 written=2641
                           ->  Seq Scan on info_type it2  (cost=0.00..2.41 rows=1 width=4) (actual time=0.025..0.037 rows=1 loops=1)
                                 Filter: (id = 4)
                                 Rows Removed by Filter: 112
                                 Buffers: shared hit=1
                           ->  Nested Loop  (cost=90775.41..627753.41 rows=106 width=16) (actual time=708.794..21951.525 rows=54736 loops=1)
                                 Buffers: shared hit=1501700 read=216226, temp read=2641 written=2641
                                 ->  Seq Scan on info_type it1  (cost=0.00..2.41 rows=1 width=4) (actual time=0.008..0.023 rows=1 loops=1)
                                       Filter: (id = 3)
                                       Rows Removed by Filter: 112
                                       Buffers: shared hit=1
                                 ->  Nested Loop  (cost=90775.41..627749.93 rows=106 width=20) (actual time=708.782..21937.438 rows=54736 loops=1)
                                       Buffers: shared hit=1501699 read=216226, temp read=2641 written=2641
                                       ->  Hash Join  (cost=90774.97..448258.84 rows=4156 width=12) (actual time=706.527..1940.455 rows=149860 loops=1)
                                             Hash Cond: (mi2.movie_id = t.id)
                                             Buffers: shared hit=35997 read=9807, temp read=2641 written=2641
                                             ->  Bitmap Heap Scan on movie_info mi2  (cost=13072.70..370255.04 rows=69323 width=8) (actual time=33.857..597.284 rows=871682 loops=1)
                                                   Recheck Cond: (info_type_id = 4)
                                                   Filter: ((info)::text = ANY ('{English,German,Italian}'::text[]))
                                                   Rows Removed by Filter: 427307
                                                   Heap Blocks: exact=8393
                                                   Buffers: shared hit=2892 read=6520
                                                   ->  Bitmap Index Scan on info_type_id_movie_info  (cost=0.00..13055.37 rows=1221191 width=0) (actual time=32.830..32.830 rows=1298989 loops=1)
                                                         Index Cond: (info_type_id = 4)
                                                         Buffers: shared hit=1019
                                             ->  Hash  (cost=75807.58..75807.58 rows=151576 width=4) (actual time=669.551..669.555 rows=335746 loops=1)
                                                   Buckets: 262144 (originally 262144)  Batches: 2 (originally 1)  Memory Usage: 7957kB
                                                   Buffers: shared hit=33105 read=3287, temp written=491
                                                   ->  Hash Join  (cost=1.13..75807.58 rows=151576 width=4) (actual time=0.045..597.775 rows=335746 loops=1)
                                                         Hash Cond: (t.kind_id = kt.id)
                                                         Buffers: shared hit=33105 read=3287
                                                         ->  Seq Scan on title t  (cost=0.00..74315.95 rows=353677 width=8) (actual time=0.027..541.309 rows=347589 loops=1)
                                                               Filter: ((production_year <= 1975) AND (1925 < production_year))
                                                               Rows Removed by Filter: 2180723
                                                               Buffers: shared hit=33104 read=3287
                                                         ->  Hash  (cost=1.10..1.10 rows=3 width=4) (actual time=0.014..0.015 rows=3 loops=1)
                                                               Buckets: 1024  Batches: 1  Memory Usage: 9kB
                                                               Buffers: shared hit=1
                                                               ->  Seq Scan on kind_type kt  (cost=0.00..1.10 rows=3 width=4) (actual time=0.006..0.008 rows=3 loops=1)
                                                                     Filter: ((kind)::text = ANY ('{episode,movie,"tv movie"}'::text[]))
                                                                     Rows Removed by Filter: 4
                                                                     Buffers: shared hit=1
                                       ->  Index Scan using movie_id_movie_info on movie_info mi1  (cost=0.43..43.18 rows=1 width=8) (actual time=0.132..0.133 rows=0 loops=149860)
                                             Index Cond: (movie_id = t.id)
                                             Filter: ((info_type_id = 3) AND ((info)::text = ANY ('{Comedy,Documentary,Drama,Sci-Fi,Western}'::text[])))
                                             Rows Removed by Filter: 13
                                             Buffers: shared hit=1465702 read=206419
                     ->  Index Scan using movie_id_cast_info on cast_info ci  (cost=0.44..44.50 rows=38 width=12) (actual time=0.049..0.337 rows=24 loops=54736)
                           Index Cond: (movie_id = t.id)
                           Buffers: shared hit=1235956 read=241130
               ->  Hash  (cost=1.15..1.15 rows=2 width=4) (actual time=0.034..0.035 rows=2 loops=1)
                     Buckets: 1024  Batches: 1  Memory Usage: 9kB
                     Buffers: shared hit=1
                     ->  Seq Scan on role_type rt  (cost=0.00..1.15 rows=2 width=4) (actual time=0.025..0.027 rows=2 loops=1)
                           Filter: ((role)::text = ANY ('{"miscellaneous crew",producer}'::text[]))
                           Rows Removed by Filter: 10
                           Buffers: shared hit=1
         ->  Index Scan using name_pkey on name n  (cost=0.43..2.32 rows=1 width=4) (actual time=0.049..0.049 rows=0 loops=111978)
               Index Cond: (id = ci.person_id)
               Filter: ((gender)::text = 'm'::text)
               Rows Removed by Filter: 1
               Buffers: shared hit=401337 read=46575
 Planning:
   Buffers: shared hit=574
 Planning Time: 12.421 ms
 Execution Time: 46614.663 ms
(76 rows)

