                                                                                               QUERY PLAN                                                                                               
--------------------------------------------------------------------------------------------------------------------------------------------------------------------------------------------------------
 Aggregate  (cost=482324.97..482324.98 rows=1 width=8) (actual time=7517.034..7517.043 rows=1 loops=1)
   Buffers: shared hit=561887 read=22359
   ->  Nested Loop  (cost=13061.58..482324.96 rows=3 width=0) (actual time=1159.357..7517.016 rows=15 loops=1)
         Buffers: shared hit=561887 read=22359
         ->  Seq Scan on info_type it2  (cost=0.00..2.41 rows=1 width=4) (actual time=0.032..0.043 rows=1 loops=1)
               Filter: (id = 4)
               Rows Removed by Filter: 112
               Buffers: shared hit=1
         ->  Nested Loop  (cost=13061.58..482322.52 rows=3 width=4) (actual time=1159.323..7516.962 rows=15 loops=1)
               Buffers: shared hit=561886 read=22359
               ->  Seq Scan on info_type it1  (cost=0.00..2.41 rows=1 width=4) (actual time=0.006..0.018 rows=1 loops=1)
                     Filter: (id = 3)
                     Rows Removed by Filter: 112
                     Buffers: shared hit=1
               ->  Nested Loop  (cost=13061.58..482320.08 rows=3 width=8) (actual time=1159.315..7516.931 rows=15 loops=1)
                     Buffers: shared hit=561885 read=22359
                     ->  Hash Join  (cost=13061.15..482292.24 rows=12 width=12) (actual time=522.166..7488.065 rows=295 loops=1)
                           Hash Cond: (ci.role_id = rt.id)
                           Buffers: shared hit=561129 read=21935
                           ->  Nested Loop  (cost=13059.99..482290.57 rows=143 width=16) (actual time=77.565..7484.888 rows=14453 loops=1)
                                 Buffers: shared hit=561128 read=21935
                                 ->  Nested Loop  (cost=13059.55..481846.83 rows=10 width=20) (actual time=77.517..7237.037 rows=986 loops=1)
                                       Buffers: shared hit=547423 read=18608
                                       ->  Hash Join  (cost=13059.11..458722.38 rows=541 width=12) (actual time=46.850..6769.862 rows=5157 loops=1)
                                             Hash Cond: (t.kind_id = kt.id)
                                             Buffers: shared hit=510974 read=14983
                                             ->  Nested Loop  (cost=13058.00..458713.28 rows=1894 width=16) (actual time=35.537..6758.855 rows=39543 loops=1)
                                                   Buffers: shared hit=510973 read=14983
                                                   ->  Bitmap Heap Scan on movie_info mi2  (cost=13057.56..400298.26 rows=8773 width=8) (actual time=34.631..681.245 rows=130766 loops=1)
                                                         Recheck Cond: (info_type_id = 4)
                                                         Filter: ((info)::text = ANY ('{French,Greek,Japanese,Mandarin,Tagalog}'::text[]))
                                                         Rows Removed by Filter: 1168223
                                                         Heap Blocks: exact=8393
                                                         Buffers: shared hit=1610 read=7802
                                                         ->  Bitmap Index Scan on info_type_id_movie_info  (cost=0.00..13055.37 rows=1221191 width=0) (actual time=32.348..32.348 rows=1298989 loops=1)
                                                               Index Cond: (info_type_id = 4)
                                                               Buffers: shared read=1019
                                                   ->  Memoize  (cost=0.44..6.72 rows=1 width=8) (actual time=0.046..0.046 rows=0 loops=130766)
                                                         Cache Key: mi2.movie_id
                                                         Cache Mode: logical
                                                         Hits: 1630  Misses: 129136  Evictions: 25738  Overflows: 0  Memory Usage: 8193kB
                                                         Buffers: shared hit=509363 read=7181
                                                         ->  Index Scan using title_pkey on title t  (cost=0.43..6.71 rows=1 width=8) (actual time=0.046..0.046 rows=0 loops=129136)
                                                               Index Cond: (id = mi2.movie_id)
                                                               Filter: ((production_year <= 1990) AND (1950 < production_year))
                                                               Rows Removed by Filter: 1
                                                               Buffers: shared hit=509363 read=7181
                                             ->  Hash  (cost=1.09..1.09 rows=2 width=4) (actual time=0.015..0.016 rows=2 loops=1)
                                                   Buckets: 1024  Batches: 1  Memory Usage: 9kB
                                                   Buffers: shared hit=1
                                                   ->  Seq Scan on kind_type kt  (cost=0.00..1.09 rows=2 width=4) (actual time=0.008..0.009 rows=2 loops=1)
                                                         Filter: ((kind)::text = ANY ('{episode,"tv movie"}'::text[]))
                                                         Rows Removed by Filter: 5
                                                         Buffers: shared hit=1
                                       ->  Index Scan using movie_id_movie_info on movie_info mi1  (cost=0.43..42.73 rows=1 width=8) (actual time=0.090..0.090 rows=0 loops=5157)
                                             Index Cond: (movie_id = t.id)
                                             Filter: ((info_type_id = 3) AND ((info)::text = ANY ('{Action,Comedy,Drama}'::text[])))
                                             Rows Removed by Filter: 5
                                             Buffers: shared hit=36449 read=3625
                                 ->  Index Scan using movie_id_cast_info on cast_info ci  (cost=0.44..43.99 rows=38 width=12) (actual time=0.046..0.246 rows=15 loops=986)
                                       Index Cond: (movie_id = t.id)
                                       Buffers: shared hit=13705 read=3327
                           ->  Hash  (cost=1.15..1.15 rows=1 width=4) (actual time=0.013..0.014 rows=1 loops=1)
                                 Buckets: 1024  Batches: 1  Memory Usage: 9kB
                                 Buffers: shared hit=1
                                 ->  Seq Scan on role_type rt  (cost=0.00..1.15 rows=1 width=4) (actual time=0.008..0.009 rows=1 loops=1)
                                       Filter: ((role)::text = 'producer'::text)
                                       Rows Removed by Filter: 11
                                       Buffers: shared hit=1
                     ->  Index Scan using name_pkey on name n  (cost=0.43..2.32 rows=1 width=4) (actual time=0.097..0.097 rows=0 loops=295)
                           Index Cond: (id = ci.person_id)
                           Filter: ((gender)::text = 'f'::text)
                           Rows Removed by Filter: 1
                           Buffers: shared hit=756 read=424
 Planning:
   Buffers: shared hit=504 read=70
 Planning Time: 7.756 ms
 Execution Time: 7519.763 ms
(78 rows)

