                                                                                               QUERY PLAN                                                                                               
--------------------------------------------------------------------------------------------------------------------------------------------------------------------------------------------------------
 Aggregate  (cost=669130.96..669130.97 rows=1 width=8) (actual time=19068.428..19068.436 rows=1 loops=1)
   Buffers: shared hit=1315880 read=178571
   ->  Nested Loop  (cost=13061.66..669130.79 rows=67 width=0) (actual time=34.826..19065.207 rows=8804 loops=1)
         Buffers: shared hit=1315880 read=178571
         ->  Seq Scan on info_type it2  (cost=0.00..2.41 rows=1 width=4) (actual time=0.029..0.038 rows=1 loops=1)
               Filter: (id = 4)
               Rows Removed by Filter: 112
               Buffers: shared hit=1
         ->  Nested Loop  (cost=13061.66..669127.71 rows=67 width=4) (actual time=34.797..19062.995 rows=8804 loops=1)
               Buffers: shared hit=1315879 read=178571
               ->  Seq Scan on info_type it1  (cost=0.00..2.41 rows=1 width=4) (actual time=0.005..0.017 rows=1 loops=1)
                     Filter: (id = 3)
                     Rows Removed by Filter: 112
                     Buffers: shared hit=1
               ->  Nested Loop  (cost=13061.66..669124.62 rows=67 width=8) (actual time=34.790..19060.625 rows=8804 loops=1)
                     Buffers: shared hit=1315878 read=178571
                     ->  Hash Join  (cost=13061.23..668755.82 rows=159 width=12) (actual time=34.751..17890.755 rows=23227 loops=1)
                           Hash Cond: (ci.role_id = rt.id)
                           Buffers: shared hit=1235479 read=166062
                           ->  Nested Loop  (cost=13060.07..668747.88 rows=1906 width=16) (actual time=34.620..17816.523 rows=365975 loops=1)
                                 Buffers: shared hit=1235478 read=166062
                                 ->  Nested Loop  (cost=13059.63..662936.09 rows=133 width=20) (actual time=34.584..12311.575 rows=22851 loops=1)
                                       Buffers: shared hit=901283 read=74194
                                       ->  Hash Join  (cost=13059.17..534669.94 rows=3028 width=12) (actual time=34.509..8844.748 rows=31745 loops=1)
                                             Hash Cond: (t.kind_id = kt.id)
                                             Buffers: shared hit=657375 read=28862
                                             ->  Nested Loop  (cost=13058.04..534639.03 rows=7066 width=16) (actual time=34.484..8810.051 rows=120390 loops=1)
                                                   Buffers: shared hit=657374 read=28862
                                                   ->  Bitmap Heap Scan on movie_info mi2  (cost=13057.60..475444.20 rows=8919 width=8) (actual time=34.419..891.911 rows=172672 loops=1)
                                                         Recheck Cond: (info_type_id = 4)
                                                         Filter: ((info)::text = ANY ('{Czech,French,German,Hungarian,Malayalam,Mandarin,Serbo-Croatian,Swedish,Tagalog,Telugu}'::text[]))
                                                         Rows Removed by Filter: 1126317
                                                         Heap Blocks: exact=8393
                                                         Buffers: shared hit=31 read=9381
                                                         ->  Bitmap Index Scan on info_type_id_movie_info  (cost=0.00..13055.37 rows=1221191 width=0) (actual time=31.671..31.671 rows=1298989 loops=1)
                                                               Index Cond: (info_type_id = 4)
                                                               Buffers: shared read=1019
                                                   ->  Memoize  (cost=0.44..6.70 rows=1 width=8) (actual time=0.045..0.045 rows=1 loops=172672)
                                                         Cache Key: mi2.movie_id
                                                         Cache Mode: logical
                                                         Hits: 3466  Misses: 169206  Evictions: 81714  Overflows: 0  Memory Usage: 8193kB
                                                         Buffers: shared hit=657343 read=19481
                                                         ->  Index Scan using title_pkey on title t  (cost=0.43..6.69 rows=1 width=8) (actual time=0.045..0.045 rows=1 loops=169206)
                                                               Index Cond: (id = mi2.movie_id)
                                                               Filter: ((production_year <= 2015) AND (1975 < production_year))
                                                               Rows Removed by Filter: 0
                                                               Buffers: shared hit=657343 read=19481
                                             ->  Hash  (cost=1.10..1.10 rows=3 width=4) (actual time=0.010..0.011 rows=3 loops=1)
                                                   Buckets: 1024  Batches: 1  Memory Usage: 9kB
                                                   Buffers: shared hit=1
                                                   ->  Seq Scan on kind_type kt  (cost=0.00..1.10 rows=3 width=4) (actual time=0.005..0.006 rows=3 loops=1)
                                                         Filter: ((kind)::text = ANY ('{"tv movie","tv series","video game"}'::text[]))
                                                         Rows Removed by Filter: 4
                                                         Buffers: shared hit=1
                                       ->  Index Scan using movie_id_movie_info on movie_info mi1  (cost=0.46..42.35 rows=1 width=8) (actual time=0.107..0.108 rows=1 loops=31745)
                                             Index Cond: (movie_id = t.id)
                                             Filter: ((info_type_id = 3) AND ((info)::text = ANY ('{Adventure,Biography,Comedy,Documentary,Drama,Horror,Reality-TV,Romance,Short}'::text[])))
                                             Rows Removed by Filter: 7
                                             Buffers: shared hit=243908 read=45332
                                 ->  Index Scan using movie_id_cast_info on cast_info ci  (cost=0.44..43.32 rows=38 width=12) (actual time=0.046..0.236 rows=16 loops=22851)
                                       Index Cond: (movie_id = t.id)
                                       Buffers: shared hit=334195 read=91868
                           ->  Hash  (cost=1.15..1.15 rows=1 width=4) (actual time=0.010..0.011 rows=1 loops=1)
                                 Buckets: 1024  Batches: 1  Memory Usage: 9kB
                                 Buffers: shared hit=1
                                 ->  Seq Scan on role_type rt  (cost=0.00..1.15 rows=1 width=4) (actual time=0.006..0.007 rows=1 loops=1)
                                       Filter: ((role)::text = 'director'::text)
                                       Rows Removed by Filter: 11
                                       Buffers: shared hit=1
                     ->  Index Scan using name_pkey on name n  (cost=0.43..2.32 rows=1 width=4) (actual time=0.050..0.050 rows=0 loops=23227)
                           Index Cond: (id = ci.person_id)
                           Filter: ((gender)::text = 'm'::text)
                           Rows Removed by Filter: 1
                           Buffers: shared hit=80399 read=12509
 Planning:
   Buffers: shared hit=522 read=55
 Planning Time: 9.237 ms
 Execution Time: 19070.484 ms
(78 rows)

