                                                                                                  QUERY PLAN                                                                                                  
--------------------------------------------------------------------------------------------------------------------------------------------------------------------------------------------------------------
 Aggregate  (cost=888986.41..888986.42 rows=1 width=8) (actual time=128902.416..128902.424 rows=1 loops=1)
   Buffers: shared hit=8894502 read=1517250, temp read=8162 written=7961
   ->  Nested Loop  (cost=815621.40..888985.59 rows=329 width=0) (actual time=1763.936..128858.720 rows=196587 loops=1)
         Buffers: shared hit=8894502 read=1517250, temp read=8162 written=7961
         ->  Seq Scan on info_type it2  (cost=0.00..2.41 rows=1 width=4) (actual time=0.030..0.040 rows=1 loops=1)
               Filter: (id = 4)
               Rows Removed by Filter: 112
               Buffers: shared hit=1
         ->  Nested Loop  (cost=815621.40..888979.89 rows=329 width=4) (actual time=1763.905..128816.264 rows=196587 loops=1)
               Buffers: shared hit=8894501 read=1517250, temp read=8162 written=7961
               ->  Seq Scan on info_type it1  (cost=0.00..2.41 rows=1 width=4) (actual time=0.006..0.018 rows=1 loops=1)
                     Filter: (id = 3)
                     Rows Removed by Filter: 112
                     Buffers: shared hit=1
               ->  Nested Loop  (cost=815621.40..888974.19 rows=329 width=8) (actual time=1763.898..128773.551 rows=196587 loops=1)
                     Buffers: shared hit=8894500 read=1517250, temp read=8162 written=7961
                     ->  Hash Join  (cost=815620.97..887155.68 rows=784 width=12) (actual time=1763.435..101959.707 rows=568457 loops=1)
                           Hash Cond: (ci.role_id = rt.id)
                           Buffers: shared hit=6811201 read=1326721, temp read=8162 written=7961
                           ->  Nested Loop  (cost=815619.81..887121.11 rows=9403 width=16) (actual time=1763.367..100691.300 rows=5955130 loops=1)
                                 Buffers: shared hit=6811200 read=1326721, temp read=8162 written=7961
                                 ->  Nested Loop  (cost=815619.37..858480.37 rows=656 width=20) (actual time=1763.332..18797.329 rows=282512 loops=1)
                                       Buffers: shared hit=1423376 read=54331, temp read=8162 written=7961
                                       ->  Nested Loop  (cost=815619.23..858442.70 rows=1530 width=24) (actual time=1762.684..18486.871 rows=337765 loops=1)
                                             Join Filter: (t.id = mi1.movie_id)
                                             Buffers: shared hit=1423364 read=54331, temp read=8162 written=7961
                                             ->  Merge Join  (cost=815618.80..816389.26 rows=12073 width=16) (actual time=1762.629..2478.749 rows=364327 loops=1)
                                                   Merge Cond: (mi1.movie_id = mi2.movie_id)
                                                   Buffers: shared hit=792 read=19595, temp read=8162 written=7961
                                                   ->  Sort  (cost=409370.17..409511.48 rows=56521 width=8) (actual time=1130.160..1239.331 rows=545831 loops=1)
                                                         Sort Key: mi1.movie_id
                                                         Sort Method: external sort  Disk: 11792kB
                                                         Buffers: shared hit=1 read=10974, temp read=2943 written=2950
                                                         ->  Bitmap Heap Scan on movie_info mi1  (cost=16462.60..404908.83 rows=56521 width=8) (actual time=45.300..859.455 rows=545831 loops=1)
                                                               Recheck Cond: (info_type_id = 3)
                                                               Filter: ((info)::text = ANY ('{Adult,Crime,Documentary,Drama,Romance}'::text[]))
                                                               Rows Removed by Filter: 988078
                                                               Heap Blocks: exact=9772
                                                               Buffers: shared hit=1 read=10974
                                                               ->  Bitmap Index Scan on info_type_id_movie_info  (cost=0.00..16448.47 rows=1538671 width=0) (actual time=44.016..44.016 rows=1533909 loops=1)
                                                                     Index Cond: (info_type_id = 3)
                                                                     Buffers: shared read=1203
                                                   ->  Sort  (cost=406248.63..406432.19 rows=73425 width=8) (actual time=632.456..834.481 rows=965918 loops=1)
                                                         Sort Key: mi2.movie_id
                                                         Sort Method: external sort  Disk: 20032kB
                                                         Buffers: shared hit=791 read=8621, temp read=5109 written=5011
                                                         ->  Bitmap Heap Scan on movie_info mi2  (cost=13073.72..400314.42 rows=73425 width=8) (actual time=52.442..383.205 rows=927122 loops=1)
                                                               Recheck Cond: (info_type_id = 4)
                                                               Filter: ((info)::text = ANY ('{English,Greek,Japanese,Serbo-Croatian,Spanish}'::text[]))
                                                               Rows Removed by Filter: 371867
                                                               Heap Blocks: exact=8393
                                                               Buffers: shared hit=791 read=8621
                                                               ->  Bitmap Index Scan on info_type_id_movie_info  (cost=0.00..13055.37 rows=1221191 width=0) (actual time=51.404..51.404 rows=1298989 loops=1)
                                                                     Index Cond: (info_type_id = 4)
                                                                     Buffers: shared hit=1 read=1018
                                             ->  Index Scan using title_pkey on title t  (cost=0.43..3.47 rows=1 width=8) (actual time=0.043..0.043 rows=1 loops=364327)
                                                   Index Cond: (id = mi2.movie_id)
                                                   Filter: ((production_year <= 2015) AND (1925 < production_year))
                                                   Rows Removed by Filter: 0
                                                   Buffers: shared hit=1422572 read=34736
                                       ->  Memoize  (cost=0.14..0.16 rows=1 width=4) (actual time=0.000..0.000 rows=1 loops=337765)
                                             Cache Key: t.kind_id
                                             Cache Mode: logical
                                             Hits: 337759  Misses: 6  Evictions: 0  Overflows: 0  Memory Usage: 1kB
                                             Buffers: shared hit=12
                                             ->  Index Scan using kind_type_pkey on kind_type kt  (cost=0.13..0.15 rows=1 width=4) (actual time=0.010..0.010 rows=0 loops=6)
                                                   Index Cond: (id = t.kind_id)
                                                   Filter: ((kind)::text = ANY ('{episode,movie,"video movie"}'::text[]))
                                                   Rows Removed by Filter: 0
                                                   Buffers: shared hit=12
                                 ->  Index Scan using movie_id_cast_info on cast_info ci  (cost=0.44..43.28 rows=38 width=12) (actual time=0.044..0.283 rows=21 loops=282512)
                                       Index Cond: (movie_id = t.id)
                                       Buffers: shared hit=5387824 read=1272390
                           ->  Hash  (cost=1.15..1.15 rows=1 width=4) (actual time=0.013..0.013 rows=1 loops=1)
                                 Buckets: 1024  Batches: 1  Memory Usage: 9kB
                                 Buffers: shared hit=1
                                 ->  Seq Scan on role_type rt  (cost=0.00..1.15 rows=1 width=4) (actual time=0.006..0.008 rows=1 loops=1)
                                       Filter: ((role)::text = 'producer'::text)
                                       Rows Removed by Filter: 11
                                       Buffers: shared hit=1
                     ->  Index Scan using name_pkey on name n  (cost=0.43..2.32 rows=1 width=4) (actual time=0.047..0.047 rows=0 loops=568457)
                           Index Cond: (id = ci.person_id)
                           Filter: ((gender)::text = 'm'::text)
                           Rows Removed by Filter: 1
                           Buffers: shared hit=2083299 read=190529
 Planning:
   Buffers: shared hit=481 read=93
 Planning Time: 7.359 ms
 Execution Time: 128911.700 ms
(89 rows)

