                                                                                               QUERY PLAN                                                                                               
--------------------------------------------------------------------------------------------------------------------------------------------------------------------------------------------------------
 Aggregate  (cost=1008256.70..1008256.71 rows=1 width=8) (actual time=151757.066..151757.084 rows=1 loops=1)
   Buffers: shared hit=10786701 read=1803741, temp read=15028 written=15028
   ->  Nested Loop  (cost=501495.95..1008256.04 rows=262 width=0) (actual time=1840.374..151731.820 rows=84684 loops=1)
         Buffers: shared hit=10786701 read=1803741, temp read=15028 written=15028
         ->  Seq Scan on info_type it2  (cost=0.00..2.41 rows=1 width=4) (actual time=0.053..0.058 rows=1 loops=1)
               Filter: (id = 4)
               Rows Removed by Filter: 112
               Buffers: shared hit=1
         ->  Nested Loop  (cost=501495.95..1008251.01 rows=262 width=4) (actual time=1840.319..151710.909 rows=84684 loops=1)
               Buffers: shared hit=10786700 read=1803741, temp read=15028 written=15028
               ->  Seq Scan on info_type it1  (cost=0.00..2.41 rows=1 width=4) (actual time=0.014..0.024 rows=1 loops=1)
                     Filter: (id = 3)
                     Rows Removed by Filter: 112
                     Buffers: shared hit=1
               ->  Nested Loop  (cost=501495.95..1008245.98 rows=262 width=8) (actual time=1840.302..151688.678 rows=84684 loops=1)
                     Buffers: shared hit=10786699 read=1803741, temp read=15028 written=15028
                     ->  Hash Join  (cost=501495.52..1005624.92 rows=1130 width=12) (actual time=1832.179..108121.629 rows=965838 loops=1)
                           Hash Cond: (ci.role_id = rt.id)
                           Buffers: shared hit=7151917 read=1575171, temp read=15028 written=15028
                           ->  Nested Loop  (cost=501494.35..1005575.59 rows=13560 width=16) (actual time=1832.120..106472.754 rows=7640817 loops=1)
                                 Buffers: shared hit=7151916 read=1575171, temp read=15028 written=15028
                                 ->  Hash Join  (cost=501493.91..964201.76 rows=946 width=20) (actual time=1832.068..3583.549 rows=426342 loops=1)
                                       Hash Cond: (mi2.movie_id = t.id)
                                       Buffers: shared hit=1733 read=55046, temp read=15028 written=15028
                                       ->  Bitmap Heap Scan on movie_info mi2  (cost=13076.15..475462.75 rows=83144 width=8) (actual time=36.764..718.092 rows=1075692 loops=1)
                                             Recheck Cond: (info_type_id = 4)
                                             Filter: ((info)::text = ANY ('{Dutch,English,German,Greek,Italian,Japanese,Korean,Portuguese,Russian,Spanish}'::text[]))
                                             Rows Removed by Filter: 223297
                                             Heap Blocks: exact=8393
                                             Buffers: shared hit=1 read=9411
                                             ->  Bitmap Index Scan on info_type_id_movie_info  (cost=0.00..13055.37 rows=1221191 width=0) (actual time=35.700..35.701 rows=1298989 loops=1)
                                                   Index Cond: (info_type_id = 4)
                                                   Buffers: shared read=1019
                                       ->  Hash  (cost=488058.11..488058.11 rows=28772 width=12) (actual time=1793.108..1793.120 rows=515641 loops=1)
                                             Buckets: 262144 (originally 32768)  Batches: 4 (originally 1)  Memory Usage: 7590kB
                                             Buffers: shared hit=1732 read=45635, temp read=9274 written=10783
                                             ->  Hash Join  (cost=110388.46..488058.11 rows=28772 width=12) (actual time=909.626..1704.570 rows=515641 loops=1)
                                                   Hash Cond: (mi1.movie_id = t.id)
                                                   Buffers: shared hit=1732 read=45635, temp read=9274 written=9274
                                                   ->  Bitmap Heap Scan on movie_info mi1  (cost=16472.84..389809.52 rows=97398 width=8) (actual time=38.071..319.399 rows=951511 loops=1)
                                                         Recheck Cond: (info_type_id = 3)
                                                         Filter: ((info)::text = ANY ('{Animation,Biography,Crime,Documentary,Drama,Fantasy,Romance,Sci-Fi,Short}'::text[]))
                                                         Rows Removed by Filter: 582398
                                                         Heap Blocks: exact=9772
                                                         Buffers: shared hit=2 read=10973
                                                         ->  Bitmap Index Scan on info_type_id_movie_info  (cost=0.00..16448.47 rows=1538671 width=0) (actual time=36.848..36.849 rows=1533909 loops=1)
                                                               Index Cond: (info_type_id = 3)
                                                               Buffers: shared hit=1 read=1202
                                                   ->  Hash  (cost=81661.50..81661.50 rows=746890 width=4) (actual time=869.748..869.751 rows=1610551 loops=1)
                                                         Buckets: 262144 (originally 262144)  Batches: 16 (originally 8)  Memory Usage: 6145kB
                                                         Buffers: shared hit=1730 read=34662, temp written=4414
                                                         ->  Hash Join  (cost=1.13..81661.50 rows=746890 width=4) (actual time=0.060..643.245 rows=1610551 loops=1)
                                                               Hash Cond: (t.kind_id = kt.id)
                                                               Buffers: shared hit=1730 read=34662
                                                               ->  Seq Scan on title t  (cost=0.00..74315.95 rows=1742744 width=8) (actual time=0.031..447.169 rows=1748995 loops=1)
                                                                     Filter: ((production_year <= 2015) AND (1990 < production_year))
                                                                     Rows Removed by Filter: 779317
                                                                     Buffers: shared hit=1729 read=34662
                                                               ->  Hash  (cost=1.10..1.10 rows=3 width=4) (actual time=0.016..0.017 rows=3 loops=1)
                                                                     Buckets: 1024  Batches: 1  Memory Usage: 9kB
                                                                     Buffers: shared hit=1
                                                                     ->  Seq Scan on kind_type kt  (cost=0.00..1.10 rows=3 width=4) (actual time=0.010..0.011 rows=3 loops=1)
                                                                           Filter: ((kind)::text = ANY ('{episode,movie,"video movie"}'::text[]))
                                                                           Rows Removed by Filter: 4
                                                                           Buffers: shared hit=1
                                 ->  Index Scan using movie_id_cast_info on cast_info ci  (cost=0.44..43.36 rows=38 width=12) (actual time=0.044..0.235 rows=18 loops=426342)
                                       Index Cond: (movie_id = t.id)
                                       Buffers: shared hit=7150183 read=1520125
                           ->  Hash  (cost=1.15..1.15 rows=1 width=4) (actual time=0.022..0.023 rows=1 loops=1)
                                 Buckets: 1024  Batches: 1  Memory Usage: 9kB
                                 Buffers: shared hit=1
                                 ->  Seq Scan on role_type rt  (cost=0.00..1.15 rows=1 width=4) (actual time=0.011..0.014 rows=1 loops=1)
                                       Filter: ((role)::text = 'producer'::text)
                                       Rows Removed by Filter: 11
                                       Buffers: shared hit=1
                     ->  Index Scan using name_pkey on name n  (cost=0.43..2.32 rows=1 width=4) (actual time=0.045..0.045 rows=0 loops=965838)
                           Index Cond: (id = ci.person_id)
                           Filter: ((gender)::text = 'f'::text)
                           Rows Removed by Filter: 1
                           Buffers: shared hit=3634782 read=228570
 Planning:
   Buffers: shared hit=486 read=91
 Planning Time: 14.694 ms
 Execution Time: 151757.821 ms
(84 rows)

