                                                                                               QUERY PLAN                                                                                               
--------------------------------------------------------------------------------------------------------------------------------------------------------------------------------------------------------
 Aggregate  (cost=633407.18..633407.19 rows=1 width=8) (actual time=11240.753..11240.761 rows=1 loops=1)
   Buffers: shared hit=1036242 read=118019
   ->  Nested Loop  (cost=13062.97..633407.13 rows=20 width=0) (actual time=215.946..11240.685 rows=74 loops=1)
         Buffers: shared hit=1036242 read=118019
         ->  Seq Scan on info_type it2  (cost=0.00..2.41 rows=1 width=4) (actual time=0.044..0.054 rows=1 loops=1)
               Filter: (id = 4)
               Rows Removed by Filter: 112
               Buffers: shared hit=1
         ->  Nested Loop  (cost=13062.97..633404.52 rows=20 width=4) (actual time=215.900..11240.590 rows=74 loops=1)
               Buffers: shared hit=1036241 read=118019
               ->  Seq Scan on info_type it1  (cost=0.00..2.41 rows=1 width=4) (actual time=0.009..0.021 rows=1 loops=1)
                     Filter: (id = 3)
                     Rows Removed by Filter: 112
                     Buffers: shared hit=1
               ->  Nested Loop  (cost=13062.97..633401.90 rows=20 width=8) (actual time=215.888..11240.530 rows=74 loops=1)
                     Buffers: shared hit=1036240 read=118019
                     ->  Hash Join  (cost=13062.54..633204.75 rows=85 width=12) (actual time=39.040..11206.276 rows=930 loops=1)
                           Hash Cond: (ci.role_id = rt.id)
                           Buffers: shared hit=1033102 read=117437
                           ->  Nested Loop  (cost=13061.37..633199.96 rows=1018 width=16) (actual time=37.924..11180.063 rows=157822 loops=1)
                                 Buffers: shared hit=1033101 read=117437
                                 ->  Nested Loop  (cost=13060.93..630100.13 rows=71 width=20) (actual time=37.827..9326.860 rows=8979 loops=1)
                                       Buffers: shared hit=903337 read=69016
                                       ->  Hash Join  (cost=13060.50..468960.68 rows=3813 width=12) (actual time=37.766..7717.721 rows=19703 loops=1)
                                             Hash Cond: (t.kind_id = kt.id)
                                             Buffers: shared hit=746286 read=46455
                                             ->  Nested Loop  (cost=13059.39..468903.31 rows=13347 width=16) (actual time=37.723..7673.955 rows=188390 loops=1)
                                                   Buffers: shared hit=746285 read=46455
                                                   ->  Bitmap Heap Scan on movie_info mi2  (cost=13058.95..385270.47 rows=14319 width=8) (actual time=37.683..583.265 rows=198610 loops=1)
                                                         Recheck Cond: (info_type_id = 4)
                                                         Filter: ((info)::text = ANY ('{French,Japanese,Polish,Spanish}'::text[]))
                                                         Rows Removed by Filter: 1100379
                                                         Heap Blocks: exact=8393
                                                         Buffers: shared hit=2295 read=7117
                                                         ->  Bitmap Index Scan on info_type_id_movie_info  (cost=0.00..13055.37 rows=1221191 width=0) (actual time=35.539..35.539 rows=1298989 loops=1)
                                                               Index Cond: (info_type_id = 4)
                                                               Buffers: shared read=1019
                                                   ->  Memoize  (cost=0.44..5.94 rows=1 width=8) (actual time=0.035..0.035 rows=1 loops=198610)
                                                         Cache Key: mi2.movie_id
                                                         Cache Mode: logical
                                                         Hits: 2778  Misses: 195832  Evictions: 117110  Overflows: 0  Memory Usage: 8193kB
                                                         Buffers: shared hit=743990 read=39338
                                                         ->  Index Scan using title_pkey on title t  (cost=0.43..5.93 rows=1 width=8) (actual time=0.034..0.034 rows=1 loops=195832)
                                                               Index Cond: (id = mi2.movie_id)
                                                               Filter: ((production_year <= 2015) AND (1925 < production_year))
                                                               Rows Removed by Filter: 0
                                                               Buffers: shared hit=743990 read=39338
                                             ->  Hash  (cost=1.09..1.09 rows=2 width=4) (actual time=0.019..0.020 rows=2 loops=1)
                                                   Buckets: 1024  Batches: 1  Memory Usage: 9kB
                                                   Buffers: shared hit=1
                                                   ->  Seq Scan on kind_type kt  (cost=0.00..1.09 rows=2 width=4) (actual time=0.009..0.011 rows=2 loops=1)
                                                         Filter: ((kind)::text = ANY ('{"tv series","video game"}'::text[]))
                                                         Rows Removed by Filter: 5
                                                         Buffers: shared hit=1
                                       ->  Index Scan using movie_id_movie_info on movie_info mi1  (cost=0.43..42.25 rows=1 width=8) (actual time=0.079..0.081 rows=0 loops=19703)
                                             Index Cond: (movie_id = t.id)
                                             Filter: ((info_type_id = 3) AND ((info)::text = ANY ('{Comedy,Crime,Drama}'::text[])))
                                             Rows Removed by Filter: 8
                                             Buffers: shared hit=157051 read=22561
                                 ->  Index Scan using movie_id_cast_info on cast_info ci  (cost=0.44..43.28 rows=38 width=12) (actual time=0.036..0.201 rows=18 loops=8979)
                                       Index Cond: (movie_id = t.id)
                                       Buffers: shared hit=129764 read=48421
                           ->  Hash  (cost=1.15..1.15 rows=1 width=4) (actual time=0.016..0.017 rows=1 loops=1)
                                 Buckets: 1024  Batches: 1  Memory Usage: 9kB
                                 Buffers: shared hit=1
                                 ->  Seq Scan on role_type rt  (cost=0.00..1.15 rows=1 width=4) (actual time=0.009..0.010 rows=1 loops=1)
                                       Filter: ((role)::text = 'costume designer'::text)
                                       Rows Removed by Filter: 11
                                       Buffers: shared hit=1
                     ->  Index Scan using name_pkey on name n  (cost=0.43..2.32 rows=1 width=4) (actual time=0.036..0.036 rows=0 loops=930)
                           Index Cond: (id = ci.person_id)
                           Filter: ((gender)::text = 'f'::text)
                           Rows Removed by Filter: 1
                           Buffers: shared hit=3138 read=582
 Planning:
   Buffers: shared hit=484 read=90
 Planning Time: 14.514 ms
 Execution Time: 11243.247 ms
(78 rows)

