                                                                                               QUERY PLAN                                                                                               
--------------------------------------------------------------------------------------------------------------------------------------------------------------------------------------------------------
 Aggregate  (cost=435192.85..435192.86 rows=1 width=8) (actual time=2198.259..2198.265 rows=1 loops=1)
   Buffers: shared hit=211189 read=11629
   ->  Nested Loop  (cost=13060.03..435192.83 rows=8 width=0) (actual time=185.856..2198.244 rows=18 loops=1)
         Buffers: shared hit=211189 read=11629
         ->  Seq Scan on info_type it2  (cost=0.00..2.41 rows=1 width=4) (actual time=0.039..0.045 rows=1 loops=1)
               Filter: (id = 4)
               Rows Removed by Filter: 112
               Buffers: shared hit=1
         ->  Nested Loop  (cost=13060.03..435190.34 rows=8 width=4) (actual time=185.816..2198.190 rows=18 loops=1)
               Buffers: shared hit=211188 read=11629
               ->  Seq Scan on info_type it1  (cost=0.00..2.41 rows=1 width=4) (actual time=0.010..0.017 rows=1 loops=1)
                     Filter: (id = 3)
                     Rows Removed by Filter: 112
                     Buffers: shared hit=1
               ->  Nested Loop  (cost=13060.03..435187.84 rows=8 width=8) (actual time=185.804..2198.163 rows=18 loops=1)
                     Buffers: shared hit=211187 read=11629
                     ->  Hash Join  (cost=13059.60..435141.45 rows=20 width=12) (actual time=55.548..2192.452 rows=152 loops=1)
                           Hash Cond: (ci.role_id = rt.id)
                           Buffers: shared hit=210639 read=11569
                           ->  Nested Loop  (cost=13058.44..435139.43 rows=244 width=16) (actual time=55.385..2190.798 rows=9664 loops=1)
                                 Buffers: shared hit=210638 read=11569
                                 ->  Nested Loop  (cost=13058.00..434397.21 rows=17 width=20) (actual time=55.345..2075.800 rows=725 loops=1)
                                       Buffers: shared hit=203509 read=7109
                                       ->  Hash Join  (cost=13057.56..405406.48 rows=686 width=12) (actual time=35.890..1822.430 rows=2859 loops=1)
                                             Hash Cond: (t.kind_id = kt.id)
                                             Buffers: shared hit=183214 read=491
                                             ->  Nested Loop  (cost=13056.45..405395.25 rows=2401 width=16) (actual time=35.695..1815.303 rows=35051 loops=1)
                                                   Buffers: shared hit=183213 read=491
                                                   ->  Bitmap Heap Scan on movie_info mi2  (cost=13056.01..385267.53 rows=2576 width=8) (actual time=35.617..417.929 rows=43855 loops=1)
                                                         Recheck Cond: (info_type_id = 4)
                                                         Filter: ((info)::text = ANY ('{Hungarian,Italian,Korean,Norwegian}'::text[]))
                                                         Rows Removed by Filter: 1255134
                                                         Heap Blocks: exact=8393
                                                         Buffers: shared hit=9411 read=1
                                                         ->  Bitmap Index Scan on info_type_id_movie_info  (cost=0.00..13055.37 rows=1221191 width=0) (actual time=33.566..33.566 rows=1298989 loops=1)
                                                               Index Cond: (info_type_id = 4)
                                                               Buffers: shared hit=1019
                                                   ->  Memoize  (cost=0.44..7.83 rows=1 width=8) (actual time=0.031..0.031 rows=1 loops=43855)
                                                         Cache Key: mi2.movie_id
                                                         Cache Mode: logical
                                                         Hits: 282  Misses: 43573  Evictions: 0  Overflows: 0  Memory Usage: 4253kB
                                                         Buffers: shared hit=173802 read=490
                                                         ->  Index Scan using title_pkey on title t  (cost=0.43..7.82 rows=1 width=8) (actual time=0.031..0.031 rows=1 loops=43573)
                                                               Index Cond: (id = mi2.movie_id)
                                                               Filter: ((production_year <= 2015) AND (1925 < production_year))
                                                               Rows Removed by Filter: 0
                                                               Buffers: shared hit=173802 read=490
                                             ->  Hash  (cost=1.09..1.09 rows=2 width=4) (actual time=0.014..0.014 rows=2 loops=1)
                                                   Buckets: 1024  Batches: 1  Memory Usage: 9kB
                                                   Buffers: shared hit=1
                                                   ->  Seq Scan on kind_type kt  (cost=0.00..1.09 rows=2 width=4) (actual time=0.008..0.009 rows=2 loops=1)
                                                         Filter: ((kind)::text = ANY ('{episode,"video movie"}'::text[]))
                                                         Rows Removed by Filter: 5
                                                         Buffers: shared hit=1
                                       ->  Index Scan using movie_id_movie_info on movie_info mi1  (cost=0.43..42.25 rows=1 width=8) (actual time=0.087..0.088 rows=0 loops=2859)
                                             Index Cond: (movie_id = t.id)
                                             Filter: ((info_type_id = 3) AND ((info)::text = ANY ('{Drama,Music,Short}'::text[])))
                                             Rows Removed by Filter: 9
                                             Buffers: shared hit=20295 read=6618
                                 ->  Index Scan using movie_id_cast_info on cast_info ci  (cost=0.44..43.28 rows=38 width=12) (actual time=0.038..0.155 rows=13 loops=725)
                                       Index Cond: (movie_id = t.id)
                                       Buffers: shared hit=7129 read=4460
                           ->  Hash  (cost=1.15..1.15 rows=1 width=4) (actual time=0.014..0.014 rows=1 loops=1)
                                 Buckets: 1024  Batches: 1  Memory Usage: 9kB
                                 Buffers: shared hit=1
                                 ->  Seq Scan on role_type rt  (cost=0.00..1.15 rows=1 width=4) (actual time=0.008..0.009 rows=1 loops=1)
                                       Filter: ((role)::text = 'costume designer'::text)
                                       Rows Removed by Filter: 11
                                       Buffers: shared hit=1
                     ->  Index Scan using name_pkey on name n  (cost=0.43..2.32 rows=1 width=4) (actual time=0.037..0.037 rows=0 loops=152)
                           Index Cond: (id = ci.person_id)
                           Filter: ((gender)::text = 'm'::text)
                           Rows Removed by Filter: 1
                           Buffers: shared hit=548 read=60
 Planning:
   Buffers: shared hit=574
 Planning Time: 13.230 ms
 Execution Time: 2199.308 ms
(78 rows)

