                                                                                                  QUERY PLAN                                                                                                  
--------------------------------------------------------------------------------------------------------------------------------------------------------------------------------------------------------------
 Aggregate  (cost=825892.63..825892.64 rows=1 width=8) (actual time=93449.150..93449.159 rows=1 loops=1)
   Buffers: shared hit=8498923 read=1167832, temp read=5686 written=5524
   ->  Nested Loop  (cost=783295.59..825891.20 rows=572 width=0) (actual time=904.333..93297.793 rows=877985 loops=1)
         Buffers: shared hit=8498923 read=1167832, temp read=5686 written=5524
         ->  Hash Join  (cost=783295.16..823856.98 rows=877 width=4) (actual time=904.304..59764.224 rows=946744 loops=1)
               Hash Cond: (ci.role_id = rt.id)
               Buffers: shared hit=4802568 read=1077211, temp read=5686 written=5524
               ->  Nested Loop  (cost=783293.99..823837.12 rows=5261 width=8) (actual time=904.205..58708.566 rows=4678336 loops=1)
                     Buffers: shared hit=4802567 read=1077211, temp read=5686 written=5524
                     ->  Nested Loop  (cost=783293.55..807814.02 rows=367 width=12) (actual time=904.175..8897.097 rows=157049 loops=1)
                           Buffers: shared hit=825505 read=27332, temp read=5686 written=5524
                           ->  Nested Loop  (cost=783293.55..807807.02 rows=367 width=16) (actual time=904.169..8783.290 rows=157049 loops=1)
                                 Buffers: shared hit=825504 read=27332, temp read=5686 written=5524
                                 ->  Nested Loop  (cost=783293.55..807800.01 rows=367 width=20) (actual time=904.150..8675.004 rows=157049 loops=1)
                                       Buffers: shared hit=825503 read=27332, temp read=5686 written=5524
                                       ->  Nested Loop  (cost=783293.41..807778.47 rows=856 width=24) (actual time=903.634..8509.208 rows=187798 loops=1)
                                             Join Filter: (t.id = mi1.movie_id)
                                             Buffers: shared hit=825491 read=27332, temp read=5686 written=5524
                                             ->  Merge Join  (cost=783292.98..783876.96 rows=6755 width=16) (actual time=903.590..1404.609 rows=208109 loops=1)
                                                   Merge Cond: (mi1.movie_id = mi2.movie_id)
                                                   Buffers: shared hit=12972 read=7415, temp read=5686 written=5524
                                                   ->  Sort  (cost=407385.32..407467.99 rows=33069 width=8) (actual time=438.420..511.824 rows=342922 loops=1)
                                                         Sort Key: mi1.movie_id
                                                         Sort Method: external merge  Disk: 6056kB
                                                         Buffers: shared hit=3560 read=7415, temp read=757 written=761
                                                         ->  Bitmap Heap Scan on movie_info mi1  (cost=16456.73..404902.97 rows=33069 width=8) (actual time=43.380..375.910 rows=342922 loops=1)
                                                               Recheck Cond: (info_type_id = 3)
                                                               Filter: ((info)::text = ANY ('{Crime,Drama,Game-Show,Musical,Romance}'::text[]))
                                                               Rows Removed by Filter: 1190987
                                                               Heap Blocks: exact=9772
                                                               Buffers: shared hit=3560 read=7415
                                                               ->  Bitmap Index Scan on info_type_id_movie_info  (cost=0.00..16448.47 rows=1538671 width=0) (actual time=42.190..42.191 rows=1533909 loops=1)
                                                                     Index Cond: (info_type_id = 3)
                                                                     Buffers: shared hit=1 read=1202
                                                   ->  Sort  (cost=375907.65..376083.20 rows=70218 width=8) (actual time=465.160..631.173 rows=912552 loops=1)
                                                         Sort Key: mi2.movie_id
                                                         Sort Method: external sort  Disk: 19040kB
                                                         Buffers: shared hit=9412, temp read=4840 written=4763
                                                         ->  Bitmap Heap Scan on movie_info mi2  (cost=13072.92..370255.26 rows=70218 width=8) (actual time=29.449..249.329 rows=880827 loops=1)
                                                               Recheck Cond: (info_type_id = 4)
                                                               Filter: ((info)::text = ANY ('{English,French,Japanese}'::text[]))
                                                               Rows Removed by Filter: 418162
                                                               Heap Blocks: exact=8393
                                                               Buffers: shared hit=9412
                                                               ->  Bitmap Index Scan on info_type_id_movie_info  (cost=0.00..13055.37 rows=1221191 width=0) (actual time=28.422..28.422 rows=1298989 loops=1)
                                                                     Index Cond: (info_type_id = 4)
                                                                     Buffers: shared hit=1019
                                             ->  Index Scan using title_pkey on title t  (cost=0.43..3.53 rows=1 width=8) (actual time=0.033..0.033 rows=1 loops=208109)
                                                   Index Cond: (id = mi2.movie_id)
                                                   Filter: ((production_year <= 2015) AND (1925 < production_year))
                                                   Rows Removed by Filter: 0
                                                   Buffers: shared hit=812519 read=19917
                                       ->  Memoize  (cost=0.14..0.16 rows=1 width=4) (actual time=0.000..0.000 rows=1 loops=187798)
                                             Cache Key: t.kind_id
                                             Cache Mode: logical
                                             Hits: 187792  Misses: 6  Evictions: 0  Overflows: 0  Memory Usage: 1kB
                                             Buffers: shared hit=12
                                             ->  Index Scan using kind_type_pkey on kind_type kt  (cost=0.13..0.15 rows=1 width=4) (actual time=0.009..0.009 rows=0 loops=6)
                                                   Index Cond: (id = t.kind_id)
                                                   Filter: ((kind)::text = ANY ('{episode,movie,"video movie"}'::text[]))
                                                   Rows Removed by Filter: 0
                                                   Buffers: shared hit=12
                                 ->  Materialize  (cost=0.00..2.42 rows=1 width=4) (actual time=0.000..0.000 rows=1 loops=157049)
                                       Buffers: shared hit=1
                                       ->  Seq Scan on info_type it1  (cost=0.00..2.41 rows=1 width=4) (actual time=0.016..0.021 rows=1 loops=1)
                                             Filter: (id = 3)
                                             Rows Removed by Filter: 112
                                             Buffers: shared hit=1
                           ->  Materialize  (cost=0.00..2.42 rows=1 width=4) (actual time=0.000..0.000 rows=1 loops=157049)
                                 Buffers: shared hit=1
                                 ->  Seq Scan on info_type it2  (cost=0.00..2.41 rows=1 width=4) (actual time=0.005..0.009 rows=1 loops=1)
                                       Filter: (id = 4)
                                       Rows Removed by Filter: 112
                                       Buffers: shared hit=1
                     ->  Index Scan using movie_id_cast_info on cast_info ci  (cost=0.44..43.28 rows=38 width=12) (actual time=0.035..0.309 rows=30 loops=157049)
                           Index Cond: (movie_id = t.id)
                           Buffers: shared hit=3977062 read=1049879
               ->  Hash  (cost=1.15..1.15 rows=2 width=4) (actual time=0.042..0.043 rows=2 loops=1)
                     Buckets: 1024  Batches: 1  Memory Usage: 9kB
                     Buffers: shared hit=1
                     ->  Seq Scan on role_type rt  (cost=0.00..1.15 rows=2 width=4) (actual time=0.030..0.032 rows=2 loops=1)
                           Filter: ((role)::text = ANY ('{actress,composer}'::text[]))
                           Rows Removed by Filter: 10
                           Buffers: shared hit=1
         ->  Index Scan using name_pkey on name n  (cost=0.43..2.32 rows=1 width=4) (actual time=0.035..0.035 rows=1 loops=946744)
               Index Cond: (id = ci.person_id)
               Filter: ((gender)::text = ANY ('{f,m}'::text[]))
               Rows Removed by Filter: 0
               Buffers: shared hit=3696355 read=90621
 Planning:
   Buffers: shared hit=574
 Planning Time: 13.761 ms
 Execution Time: 93457.089 ms
(93 rows)

