                                                                                               QUERY PLAN                                                                                               
--------------------------------------------------------------------------------------------------------------------------------------------------------------------------------------------------------
 Aggregate  (cost=547700.84..547700.85 rows=1 width=8) (actual time=17399.279..17399.287 rows=1 loops=1)
   Buffers: shared hit=1615557 read=188430
   ->  Nested Loop  (cost=13062.23..547700.76 rows=33 width=0) (actual time=709.964..17397.660 rows=4728 loops=1)
         Buffers: shared hit=1615557 read=188430
         ->  Hash Join  (cost=13061.80..547584.78 rows=50 width=4) (actual time=707.299..16813.784 rows=16163 loops=1)
               Hash Cond: (ci.role_id = rt.id)
               Buffers: shared hit=1553844 read=185491
               ->  Nested Loop  (cost=13060.62..547582.54 rows=301 width=8) (actual time=702.138..16711.221 rows=584520 loops=1)
                     Buffers: shared hit=1553843 read=185491
                     ->  Nested Loop  (cost=13060.18..546650.69 rows=21 width=12) (actual time=702.089..10432.676 rows=26460 loops=1)
                           Buffers: shared hit=986469 read=101605
                           ->  Seq Scan on info_type it2  (cost=0.00..2.41 rows=1 width=4) (actual time=0.023..0.031 rows=1 loops=1)
                                 Filter: (id = 4)
                                 Rows Removed by Filter: 112
                                 Buffers: shared read=1
                           ->  Nested Loop  (cost=13060.18..546648.06 rows=21 width=16) (actual time=702.065..10426.161 rows=26460 loops=1)
                                 Buffers: shared hit=986469 read=101604
                                 ->  Seq Scan on info_type it1  (cost=0.00..2.41 rows=1 width=4) (actual time=0.007..0.017 rows=1 loops=1)
                                       Filter: (id = 3)
                                       Rows Removed by Filter: 112
                                       Buffers: shared hit=1
                                 ->  Nested Loop  (cost=13060.18..546645.44 rows=21 width=20) (actual time=702.055..10419.082 rows=26460 loops=1)
                                       Buffers: shared hit=986468 read=101604
                                       ->  Hash Join  (cost=13059.75..516702.88 rows=698 width=12) (actual time=701.756..6534.347 rows=42210 loops=1)
                                             Hash Cond: (t.kind_id = kt.id)
                                             Buffers: shared hit=619992 read=45181
                                             ->  Nested Loop  (cost=13058.64..516691.47 rows=2444 width=16) (actual time=38.528..6511.806 rows=50443 loops=1)
                                                   Buffers: shared hit=619991 read=45181
                                                   ->  Bitmap Heap Scan on movie_info mi2  (cost=13058.20..445386.44 rows=11319 width=8) (actual time=37.639..739.699 rows=167089 loops=1)
                                                         Recheck Cond: (info_type_id = 4)
                                                         Filter: ((info)::text = ANY ('{French,Greek,Italian,Japanese,Polish,Serbo-Croatian,Swedish,Telugu}'::text[]))
                                                         Rows Removed by Filter: 1131900
                                                         Heap Blocks: exact=8393
                                                         Buffers: shared hit=15 read=9397
                                                         ->  Bitmap Index Scan on info_type_id_movie_info  (cost=0.00..13055.37 rows=1221191 width=0) (actual time=35.065..35.065 rows=1298989 loops=1)
                                                               Index Cond: (info_type_id = 4)
                                                               Buffers: shared read=1019
                                                   ->  Memoize  (cost=0.44..6.38 rows=1 width=8) (actual time=0.034..0.034 rows=0 loops=167089)
                                                         Cache Key: mi2.movie_id
                                                         Cache Mode: logical
                                                         Hits: 3149  Misses: 163940  Evictions: 60161  Overflows: 0  Memory Usage: 8193kB
                                                         Buffers: shared hit=619976 read=35784
                                                         ->  Index Scan using title_pkey on title t  (cost=0.43..6.37 rows=1 width=8) (actual time=0.034..0.034 rows=0 loops=163940)
                                                               Index Cond: (id = mi2.movie_id)
                                                               Filter: ((production_year <= 1990) AND (1950 < production_year))
                                                               Rows Removed by Filter: 1
                                                               Buffers: shared hit=619976 read=35784
                                             ->  Hash  (cost=1.09..1.09 rows=2 width=4) (actual time=0.016..0.017 rows=2 loops=1)
                                                   Buckets: 1024  Batches: 1  Memory Usage: 9kB
                                                   Buffers: shared hit=1
                                                   ->  Seq Scan on kind_type kt  (cost=0.00..1.09 rows=2 width=4) (actual time=0.009..0.010 rows=2 loops=1)
                                                         Filter: ((kind)::text = ANY ('{movie,"tv movie"}'::text[]))
                                                         Rows Removed by Filter: 5
                                                         Buffers: shared hit=1
                                       ->  Index Scan using movie_id_movie_info on movie_info mi1  (cost=0.43..42.89 rows=1 width=8) (actual time=0.091..0.091 rows=1 loops=42210)
                                             Index Cond: (movie_id = t.id)
                                             Filter: ((info_type_id = 3) AND ((info)::text = ANY ('{Adult,Adventure,Animation,Comedy,Documentary,Drama}'::text[])))
                                             Rows Removed by Filter: 11
                                             Buffers: shared hit=366476 read=56423
                     ->  Index Scan using movie_id_cast_info on cast_info ci  (cost=0.44..43.99 rows=38 width=12) (actual time=0.038..0.231 rows=22 loops=26460)
                           Index Cond: (movie_id = t.id)
                           Buffers: shared hit=567374 read=83886
               ->  Hash  (cost=1.15..1.15 rows=2 width=4) (actual time=0.029..0.030 rows=2 loops=1)
                     Buckets: 1024  Batches: 1  Memory Usage: 9kB
                     Buffers: shared hit=1
                     ->  Seq Scan on role_type rt  (cost=0.00..1.15 rows=2 width=4) (actual time=0.023..0.024 rows=2 loops=1)
                           Filter: ((role)::text = ANY ('{"costume designer","production designer"}'::text[]))
                           Rows Removed by Filter: 10
                           Buffers: shared hit=1
         ->  Index Scan using name_pkey on name n  (cost=0.43..2.32 rows=1 width=4) (actual time=0.035..0.035 rows=0 loops=16163)
               Index Cond: (id = ci.person_id)
               Filter: ((gender)::text = ANY ('{f,m}'::text[]))
               Rows Removed by Filter: 1
               Buffers: shared hit=61713 read=2939
 Planning:
   Buffers: shared hit=485 read=89
 Planning Time: 13.123 ms
 Execution Time: 17401.406 ms
(78 rows)

