                                                                                               QUERY PLAN                                                                                               
--------------------------------------------------------------------------------------------------------------------------------------------------------------------------------------------------------
 Aggregate  (cost=678372.19..678372.20 rows=1 width=8) (actual time=11432.864..11432.871 rows=1 loops=1)
   Buffers: shared hit=1070690 read=117423
   ->  Nested Loop  (cost=13062.39..678372.11 rows=29 width=0) (actual time=39.143..11431.612 rows=3968 loops=1)
         Buffers: shared hit=1070690 read=117423
         ->  Seq Scan on info_type it2  (cost=0.00..2.41 rows=1 width=4) (actual time=0.038..0.047 rows=1 loops=1)
               Filter: (id = 4)
               Rows Removed by Filter: 112
               Buffers: shared hit=1
         ->  Nested Loop  (cost=13062.39..678369.41 rows=29 width=4) (actual time=39.103..11430.567 rows=3968 loops=1)
               Buffers: shared hit=1070689 read=117423
               ->  Seq Scan on info_type it1  (cost=0.00..2.41 rows=1 width=4) (actual time=0.009..0.019 rows=1 loops=1)
                     Filter: (id = 3)
                     Rows Removed by Filter: 112
                     Buffers: shared hit=1
               ->  Nested Loop  (cost=13062.39..678366.71 rows=29 width=8) (actual time=39.091..11429.521 rows=3968 loops=1)
                     Buffers: shared hit=1070688 read=117423
                     ->  Hash Join  (cost=13061.96..678206.66 rows=69 width=12) (actual time=39.061..10989.454 rows=11884 loops=1)
                           Hash Cond: (ci.role_id = rt.id)
                           Buffers: shared hit=1030186 read=110389
                           ->  Nested Loop  (cost=13060.79..678202.55 rows=831 width=16) (actual time=39.003..10956.883 rows=168324 loops=1)
                                 Buffers: shared hit=1030185 read=110389
                                 ->  Nested Loop  (cost=13060.35..675670.29 rows=58 width=20) (actual time=38.927..8920.541 rows=10930 loops=1)
                                       Buffers: shared hit=887857 read=57216
                                       ->  Hash Join  (cost=13059.92..474149.30 rows=4757 width=12) (actual time=38.506..6477.021 rows=29569 loops=1)
                                             Hash Cond: (t.kind_id = kt.id)
                                             Buffers: shared hit=657870 read=21843
                                             ->  Nested Loop  (cost=13058.78..474101.38 rows=11100 width=16) (actual time=38.464..6434.729 rows=161393 loops=1)
                                                   Buffers: shared hit=657869 read=21843
                                                   ->  Bitmap Heap Scan on movie_info mi2  (cost=13058.34..400299.04 rows=11908 width=8) (actual time=38.413..618.819 rows=170134 loops=1)
                                                         Recheck Cond: (info_type_id = 4)
                                                         Filter: ((info)::text = ANY ('{Cantonese,Danish,French,Spanish,Swedish}'::text[]))
                                                         Rows Removed by Filter: 1128855
                                                         Heap Blocks: exact=8393
                                                         Buffers: shared hit=46 read=9366
                                                         ->  Bitmap Index Scan on info_type_id_movie_info  (cost=0.00..13055.37 rows=1221191 width=0) (actual time=36.107..36.108 rows=1298989 loops=1)
                                                               Index Cond: (info_type_id = 4)
                                                               Buffers: shared read=1019
                                                   ->  Memoize  (cost=0.44..6.28 rows=1 width=8) (actual time=0.034..0.034 rows=1 loops=170134)
                                                         Cache Key: mi2.movie_id
                                                         Cache Mode: logical
                                                         Hits: 2559  Misses: 167575  Evictions: 88901  Overflows: 0  Memory Usage: 8193kB
                                                         Buffers: shared hit=657823 read=12477
                                                         ->  Index Scan using title_pkey on title t  (cost=0.43..6.27 rows=1 width=8) (actual time=0.033..0.033 rows=1 loops=167575)
                                                               Index Cond: (id = mi2.movie_id)
                                                               Filter: ((production_year <= 2015) AND (1925 < production_year))
                                                               Rows Removed by Filter: 0
                                                               Buffers: shared hit=657823 read=12477
                                             ->  Hash  (cost=1.10..1.10 rows=3 width=4) (actual time=0.020..0.021 rows=3 loops=1)
                                                   Buckets: 1024  Batches: 1  Memory Usage: 9kB
                                                   Buffers: shared hit=1
                                                   ->  Seq Scan on kind_type kt  (cost=0.00..1.10 rows=3 width=4) (actual time=0.009..0.011 rows=3 loops=1)
                                                         Filter: ((kind)::text = ANY ('{"tv movie","tv series","video game"}'::text[]))
                                                         Rows Removed by Filter: 4
                                                         Buffers: shared hit=1
                                       ->  Index Scan using movie_id_movie_info on movie_info mi1  (cost=0.43..42.35 rows=1 width=8) (actual time=0.081..0.082 rows=0 loops=29569)
                                             Index Cond: (movie_id = t.id)
                                             Filter: ((info_type_id = 3) AND ((info)::text = ANY ('{Adventure,Biography,Documentary,Music,Romance}'::text[])))
                                             Rows Removed by Filter: 7
                                             Buffers: shared hit=229987 read=35373
                                 ->  Index Scan using movie_id_cast_info on cast_info ci  (cost=0.44..43.28 rows=38 width=12) (actual time=0.037..0.181 rows=15 loops=10930)
                                       Index Cond: (movie_id = t.id)
                                       Buffers: shared hit=142328 read=53173
                           ->  Hash  (cost=1.15..1.15 rows=1 width=4) (actual time=0.019..0.019 rows=1 loops=1)
                                 Buckets: 1024  Batches: 1  Memory Usage: 9kB
                                 Buffers: shared hit=1
                                 ->  Seq Scan on role_type rt  (cost=0.00..1.15 rows=1 width=4) (actual time=0.009..0.011 rows=1 loops=1)
                                       Filter: ((role)::text = 'writer'::text)
                                       Rows Removed by Filter: 11
                                       Buffers: shared hit=1
                     ->  Index Scan using name_pkey on name n  (cost=0.43..2.32 rows=1 width=4) (actual time=0.036..0.036 rows=0 loops=11884)
                           Index Cond: (id = ci.person_id)
                           Filter: ((gender)::text = 'm'::text)
                           Rows Removed by Filter: 1
                           Buffers: shared hit=40502 read=7034
 Planning:
   Buffers: shared hit=529 read=45
 Planning Time: 14.227 ms
 Execution Time: 11435.162 ms
(78 rows)

