                                                                                            QUERY PLAN                                                                                            
--------------------------------------------------------------------------------------------------------------------------------------------------------------------------------------------------
 Aggregate  (cost=702697.36..702697.37 rows=1 width=8) (actual time=71073.507..71073.517 rows=1 loops=1)
   Buffers: shared hit=6730829 read=613005, temp read=2940 written=2940
   ->  Nested Loop  (cost=90779.35..702696.88 rows=193 width=0) (actual time=539.948..70930.909 rows=848595 loops=1)
         Buffers: shared hit=6730829 read=613005, temp read=2940 written=2940
         ->  Hash Join  (cost=90778.92..701632.22 rows=459 width=4) (actual time=539.918..38956.065 rows=885539 loops=1)
               Hash Cond: (ci.role_id = rt.id)
               Buffers: shared hit=3260023 read=541655, temp read=2940 written=2940
               ->  Nested Loop  (cost=90777.75..701621.27 rows=2752 width=8) (actual time=539.879..38414.089 rows=1676792 loops=1)
                     Buffers: shared hit=3260022 read=541655, temp read=2940 written=2940
                     ->  Nested Loop  (cost=90777.31..693004.42 rows=192 width=12) (actual time=539.851..19205.096 rows=93680 loops=1)
                           Buffers: shared hit=1638612 read=234274, temp read=2940 written=2940
                           ->  Seq Scan on info_type it2  (cost=0.00..2.41 rows=1 width=4) (actual time=0.017..0.026 rows=1 loops=1)
                                 Filter: (id = 4)
                                 Rows Removed by Filter: 112
                                 Buffers: shared hit=1
                           ->  Nested Loop  (cost=90777.31..693000.09 rows=192 width=16) (actual time=539.833..19180.226 rows=93680 loops=1)
                                 Buffers: shared hit=1638611 read=234274, temp read=2940 written=2940
                                 ->  Seq Scan on info_type it1  (cost=0.00..2.41 rows=1 width=4) (actual time=0.005..0.017 rows=1 loops=1)
                                       Filter: (id = 3)
                                       Rows Removed by Filter: 112
                                       Buffers: shared hit=1
                                 ->  Nested Loop  (cost=90777.31..692995.76 rows=192 width=20) (actual time=539.826..19155.435 rows=93680 loops=1)
                                       Buffers: shared hit=1638610 read=234274, temp read=2940 written=2940
                                       ->  Hash Join  (cost=90776.87..493381.30 rows=4611 width=12) (actual time=538.575..1911.508 rows=166955 loops=1)
                                             Hash Cond: (mi2.movie_id = t.id)
                                             Buffers: shared hit=25016 read=20788, temp read=2940 written=2940
                                             ->  Bitmap Heap Scan on movie_info mi2  (cost=13074.60..415344.48 rows=76916 width=8) (actual time=34.011..645.570 rows=990590 loops=1)
                                                   Recheck Cond: (info_type_id = 4)
                                                   Filter: ((info)::text = ANY ('{English,German,Japanese,Serbo-Croatian,Spanish,Turkish}'::text[]))
                                                   Rows Removed by Filter: 308399
                                                   Heap Blocks: exact=8393
                                                   Buffers: shared hit=13 read=9399
                                                   ->  Bitmap Index Scan on info_type_id_movie_info  (cost=0.00..13055.37 rows=1221191 width=0) (actual time=32.984..32.985 rows=1298989 loops=1)
                                                         Index Cond: (info_type_id = 4)
                                                         Buffers: shared read=1019
                                             ->  Hash  (cost=75807.58..75807.58 rows=151576 width=4) (actual time=501.759..501.762 rows=335746 loops=1)
                                                   Buckets: 262144 (originally 262144)  Batches: 2 (originally 1)  Memory Usage: 7957kB
                                                   Buffers: shared hit=25003 read=11389, temp written=491
                                                   ->  Hash Join  (cost=1.13..75807.58 rows=151576 width=4) (actual time=0.040..444.257 rows=335746 loops=1)
                                                         Hash Cond: (t.kind_id = kt.id)
                                                         Buffers: shared hit=25003 read=11389
                                                         ->  Seq Scan on title t  (cost=0.00..74315.95 rows=353677 width=8) (actual time=0.025..399.751 rows=347589 loops=1)
                                                               Filter: ((production_year <= 1975) AND (1925 < production_year))
                                                               Rows Removed by Filter: 2180723
                                                               Buffers: shared hit=25002 read=11389
                                                         ->  Hash  (cost=1.10..1.10 rows=3 width=4) (actual time=0.012..0.013 rows=3 loops=1)
                                                               Buckets: 1024  Batches: 1  Memory Usage: 9kB
                                                               Buffers: shared hit=1
                                                               ->  Seq Scan on kind_type kt  (cost=0.00..1.10 rows=3 width=4) (actual time=0.006..0.007 rows=3 loops=1)
                                                                     Filter: ((kind)::text = ANY ('{episode,movie,"tv movie"}'::text[]))
                                                                     Rows Removed by Filter: 4
                                                                     Buffers: shared hit=1
                                       ->  Index Scan using movie_id_movie_info on movie_info mi1  (cost=0.43..43.28 rows=1 width=8) (actual time=0.102..0.103 rows=1 loops=166955)
                                             Index Cond: (movie_id = t.id)
                                             Filter: ((info_type_id = 3) AND ((info)::text = ANY ('{Comedy,Documentary,Drama,Horror,Mystery,Short,Sport}'::text[])))
                                             Rows Removed by Filter: 12
                                             Buffers: shared hit=1613594 read=213486
                     ->  Index Scan using movie_id_cast_info on cast_info ci  (cost=0.44..44.50 rows=38 width=12) (actual time=0.036..0.199 rows=18 loops=93680)
                           Index Cond: (movie_id = t.id)
                           Buffers: shared hit=1621410 read=307381
               ->  Hash  (cost=1.15..1.15 rows=2 width=4) (actual time=0.022..0.024 rows=2 loops=1)
                     Buckets: 1024  Batches: 1  Memory Usage: 9kB
                     Buffers: shared hit=1
                     ->  Seq Scan on role_type rt  (cost=0.00..1.15 rows=2 width=4) (actual time=0.016..0.019 rows=2 loops=1)
                           Filter: ((role)::text = ANY ('{actor,director}'::text[]))
                           Rows Removed by Filter: 10
                           Buffers: shared hit=1
         ->  Index Scan using name_pkey on name n  (cost=0.43..2.32 rows=1 width=4) (actual time=0.035..0.035 rows=1 loops=885539)
               Index Cond: (id = ci.person_id)
               Filter: ((gender)::text = 'm'::text)
               Rows Removed by Filter: 0
               Buffers: shared hit=3470806 read=71350
 Planning:
   Buffers: shared hit=520 read=54
 Planning Time: 10.027 ms
 Execution Time: 71074.006 ms
(76 rows)

