                                                                                            QUERY PLAN                                                                                            
--------------------------------------------------------------------------------------------------------------------------------------------------------------------------------------------------
 Aggregate  (cost=652615.02..652615.03 rows=1 width=8) (actual time=36996.539..36996.548 rows=1 loops=1)
   Buffers: shared hit=3324171 read=472985, temp read=2759 written=2759
   ->  Nested Loop  (cost=90146.46..652614.94 rows=33 width=0) (actual time=3356.841..36996.362 rows=183 loops=1)
         Buffers: shared hit=3324171 read=472985, temp read=2759 written=2759
         ->  Seq Scan on info_type it2  (cost=0.00..2.41 rows=1 width=4) (actual time=0.028..0.037 rows=1 loops=1)
               Filter: (id = 4)
               Rows Removed by Filter: 112
               Buffers: shared hit=1
         ->  Nested Loop  (cost=90146.46..652612.20 rows=33 width=4) (actual time=3356.811..36996.224 rows=183 loops=1)
               Buffers: shared hit=3324170 read=472985, temp read=2759 written=2759
               ->  Seq Scan on info_type it1  (cost=0.00..2.41 rows=1 width=4) (actual time=0.005..0.019 rows=1 loops=1)
                     Filter: (id = 3)
                     Rows Removed by Filter: 112
                     Buffers: shared hit=1
               ->  Nested Loop  (cost=90146.46..652609.45 rows=33 width=8) (actual time=3356.804..36996.101 rows=183 loops=1)
                     Buffers: shared hit=3324169 read=472985, temp read=2759 written=2759
                     ->  Hash Join  (cost=90146.03..652277.76 rows=143 width=12) (actual time=509.928..34685.624 rows=65525 loops=1)
                           Hash Cond: (ci.role_id = rt.id)
                           Buffers: shared hit=3070263 read=464791, temp read=2759 written=2759
                           ->  Nested Loop  (cost=90144.87..652270.49 rows=1720 width=16) (actual time=501.216..34395.724 rows=1632238 loops=1)
                                 Buffers: shared hit=3070262 read=464791, temp read=2759 written=2759
                                 ->  Nested Loop  (cost=90144.43..646884.96 rows=120 width=20) (actual time=501.184..16973.657 rows=87724 loops=1)
                                       Buffers: shared hit=1418074 read=251678, temp read=2759 written=2759
                                       ->  Hash Join  (cost=90143.99..522769.88 rows=2867 width=12) (actual time=488.884..1792.242 rows=147339 loops=1)
                                             Hash Cond: (mi2.movie_id = t.id)
                                             Buffers: shared hit=10 read=45794, temp read=2759 written=2759
                                             ->  Bitmap Heap Scan on movie_info mi2  (cost=13073.30..445401.54 rows=71727 width=8) (actual time=32.705..661.836 rows=926821 loops=1)
                                                   Recheck Cond: (info_type_id = 4)
                                                   Filter: ((info)::text = ANY ('{English,Finnish,Greek,Korean,Portuguese,Serbo-Croatian,Spanish,Turkish}'::text[]))
                                                   Rows Removed by Filter: 372168
                                                   Heap Blocks: exact=8393
                                                   Buffers: shared hit=9 read=9403
                                                   ->  Bitmap Index Scan on info_type_id_movie_info  (cost=0.00..13055.37 rows=1221191 width=0) (actual time=31.678..31.678 rows=1298989 loops=1)
                                                         Index Cond: (info_type_id = 4)
                                                         Buffers: shared read=1019
                                             ->  Hash  (cost=75807.56..75807.56 rows=101051 width=4) (actual time=453.675..453.679 rows=318145 loops=1)
                                                   Buckets: 262144 (originally 131072)  Batches: 2 (originally 1)  Memory Usage: 7652kB
                                                   Buffers: shared hit=1 read=36391, temp written=465
                                                   ->  Hash Join  (cost=1.11..75807.56 rows=101051 width=4) (actual time=0.037..398.916 rows=318145 loops=1)
                                                         Hash Cond: (t.kind_id = kt.id)
                                                         Buffers: shared hit=1 read=36391
                                                         ->  Seq Scan on title t  (cost=0.00..74315.95 rows=353677 width=8) (actual time=0.019..358.100 rows=347589 loops=1)
                                                               Filter: ((production_year <= 1975) AND (1925 < production_year))
                                                               Rows Removed by Filter: 2180723
                                                               Buffers: shared read=36391
                                                         ->  Hash  (cost=1.09..1.09 rows=2 width=4) (actual time=0.013..0.014 rows=2 loops=1)
                                                               Buckets: 1024  Batches: 1  Memory Usage: 9kB
                                                               Buffers: shared hit=1
                                                               ->  Seq Scan on kind_type kt  (cost=0.00..1.09 rows=2 width=4) (actual time=0.006..0.007 rows=2 loops=1)
                                                                     Filter: ((kind)::text = ANY ('{episode,movie}'::text[]))
                                                                     Rows Removed by Filter: 5
                                                                     Buffers: shared hit=1
                                       ->  Index Scan using movie_id_movie_info on movie_info mi1  (cost=0.43..43.28 rows=1 width=8) (actual time=0.102..0.102 rows=1 loops=147339)
                                             Index Cond: (movie_id = t.id)
                                             Filter: ((info_type_id = 3) AND ((info)::text = ANY ('{Adventure,Comedy,Documentary,Drama,History,Musical,Short}'::text[])))
                                             Rows Removed by Filter: 13
                                             Buffers: shared hit=1418064 read=205884
                                 ->  Index Scan using movie_id_cast_info on cast_info ci  (cost=0.44..44.50 rows=38 width=12) (actual time=0.035..0.193 rows=19 loops=87724)
                                       Index Cond: (movie_id = t.id)
                                       Buffers: shared hit=1652188 read=213113
                           ->  Hash  (cost=1.15..1.15 rows=1 width=4) (actual time=0.011..0.012 rows=1 loops=1)
                                 Buckets: 1024  Batches: 1  Memory Usage: 9kB
                                 Buffers: shared hit=1
                                 ->  Seq Scan on role_type rt  (cost=0.00..1.15 rows=1 width=4) (actual time=0.007..0.008 rows=1 loops=1)
                                       Filter: ((role)::text = 'cinematographer'::text)
                                       Rows Removed by Filter: 11
                                       Buffers: shared hit=1
                     ->  Index Scan using name_pkey on name n  (cost=0.43..2.32 rows=1 width=4) (actual time=0.035..0.035 rows=0 loops=65525)
                           Index Cond: (id = ci.person_id)
                           Filter: ((gender)::text = 'f'::text)
                           Rows Removed by Filter: 1
                           Buffers: shared hit=253906 read=8194
 Planning:
   Buffers: shared hit=480 read=94
 Planning Time: 7.717 ms
 Execution Time: 36996.983 ms
(76 rows)

