                                                                                               QUERY PLAN                                                                                               
--------------------------------------------------------------------------------------------------------------------------------------------------------------------------------------------------------
 Aggregate  (cost=524674.48..524674.49 rows=1 width=8) (actual time=5985.298..5985.304 rows=1 loops=1)
   Buffers: shared hit=550134 read=67738
   ->  Nested Loop  (cost=13060.52..524674.44 rows=17 width=0) (actual time=36.973..5984.408 rows=3253 loops=1)
         Buffers: shared hit=550134 read=67738
         ->  Seq Scan on info_type it2  (cost=0.00..2.41 rows=1 width=4) (actual time=0.037..0.045 rows=1 loops=1)
               Filter: (id = 4)
               Rows Removed by Filter: 112
               Buffers: shared hit=1
         ->  Nested Loop  (cost=13060.52..524671.85 rows=17 width=4) (actual time=36.935..5983.649 rows=3253 loops=1)
               Buffers: shared hit=550133 read=67738
               ->  Seq Scan on info_type it1  (cost=0.00..2.41 rows=1 width=4) (actual time=0.007..0.017 rows=1 loops=1)
                     Filter: (id = 3)
                     Rows Removed by Filter: 112
                     Buffers: shared hit=1
               ->  Nested Loop  (cost=13060.52..524669.27 rows=17 width=8) (actual time=36.925..5982.898 rows=3253 loops=1)
                     Buffers: shared hit=550132 read=67738
                     ->  Hash Join  (cost=13060.09..524574.17 rows=41 width=12) (actual time=36.883..5686.687 rows=8419 loops=1)
                           Hash Cond: (ci.role_id = rt.id)
                           Buffers: shared hit=520757 read=63437
                           ->  Nested Loop  (cost=13058.92..524571.27 rows=487 width=16) (actual time=36.851..5667.592 rows=107890 loops=1)
                                 Buffers: shared hit=520756 read=63437
                                 ->  Nested Loop  (cost=13058.48..523086.84 rows=34 width=20) (actual time=36.812..4470.059 rows=4964 loops=1)
                                       Buffers: shared hit=434497 read=30089
                                       ->  Hash Join  (cost=13058.05..448194.97 rows=1770 width=12) (actual time=36.755..3367.735 rows=14119 loops=1)
                                             Hash Cond: (t.kind_id = kt.id)
                                             Buffers: shared hit=328414 read=12759
                                             ->  Nested Loop  (cost=13056.91..448176.43 rows=4129 width=16) (actual time=36.717..3349.087 rows=76112 loops=1)
                                                   Buffers: shared hit=328413 read=12759
                                                   ->  Bitmap Heap Scan on movie_info mi2  (cost=13056.47..415326.35 rows=4430 width=8) (actual time=36.667..586.423 rows=83661 loops=1)
                                                         Recheck Cond: (info_type_id = 4)
                                                         Filter: ((info)::text = ANY ('{French,Hindi,Indonesian,Malayalam,Norwegian,Polish}'::text[]))
                                                         Rows Removed by Filter: 1215328
                                                         Heap Blocks: exact=8393
                                                         Buffers: shared hit=901 read=8511
                                                         ->  Bitmap Index Scan on info_type_id_movie_info  (cost=0.00..13055.37 rows=1221191 width=0) (actual time=34.297..34.297 rows=1298989 loops=1)
                                                               Index Cond: (info_type_id = 4)
                                                               Buffers: shared read=1019
                                                   ->  Memoize  (cost=0.44..7.44 rows=1 width=8) (actual time=0.033..0.033 rows=1 loops=83661)
                                                         Cache Key: mi2.movie_id
                                                         Cache Mode: logical
                                                         Hits: 721  Misses: 82940  Evictions: 2537  Overflows: 0  Memory Usage: 8193kB
                                                         Buffers: shared hit=327512 read=4248
                                                         ->  Index Scan using title_pkey on title t  (cost=0.43..7.43 rows=1 width=8) (actual time=0.032..0.032 rows=1 loops=82940)
                                                               Index Cond: (id = mi2.movie_id)
                                                               Filter: ((production_year <= 2015) AND (1925 < production_year))
                                                               Rows Removed by Filter: 0
                                                               Buffers: shared hit=327512 read=4248
                                             ->  Hash  (cost=1.10..1.10 rows=3 width=4) (actual time=0.017..0.018 rows=3 loops=1)
                                                   Buckets: 1024  Batches: 1  Memory Usage: 9kB
                                                   Buffers: shared hit=1
                                                   ->  Seq Scan on kind_type kt  (cost=0.00..1.10 rows=3 width=4) (actual time=0.007..0.008 rows=3 loops=1)
                                                         Filter: ((kind)::text = ANY ('{"tv movie","tv series","video game"}'::text[]))
                                                         Rows Removed by Filter: 4
                                                         Buffers: shared hit=1
                                       ->  Index Scan using movie_id_movie_info on movie_info mi1  (cost=0.43..42.30 rows=1 width=8) (actual time=0.077..0.078 rows=0 loops=14119)
                                             Index Cond: (movie_id = t.id)
                                             Filter: ((info_type_id = 3) AND ((info)::text = ANY ('{Biography,Comedy,Drama,Family}'::text[])))
                                             Rows Removed by Filter: 8
                                             Buffers: shared hit=106083 read=17330
                                 ->  Index Scan using movie_id_cast_info on cast_info ci  (cost=0.44..43.28 rows=38 width=12) (actual time=0.037..0.235 rows=22 loops=4964)
                                       Index Cond: (movie_id = t.id)
                                       Buffers: shared hit=86259 read=33348
                           ->  Hash  (cost=1.15..1.15 rows=1 width=4) (actual time=0.013..0.013 rows=1 loops=1)
                                 Buckets: 1024  Batches: 1  Memory Usage: 9kB
                                 Buffers: shared hit=1
                                 ->  Seq Scan on role_type rt  (cost=0.00..1.15 rows=1 width=4) (actual time=0.007..0.009 rows=1 loops=1)
                                       Filter: ((role)::text = 'writer'::text)
                                       Rows Removed by Filter: 11
                                       Buffers: shared hit=1
                     ->  Index Scan using name_pkey on name n  (cost=0.43..2.32 rows=1 width=4) (actual time=0.035..0.035 rows=0 loops=8419)
                           Index Cond: (id = ci.person_id)
                           Filter: ((gender)::text = 'm'::text)
                           Rows Removed by Filter: 1
                           Buffers: shared hit=29375 read=4301
 Planning:
   Buffers: shared hit=504 read=70
 Planning Time: 13.101 ms
 Execution Time: 5987.209 ms
(78 rows)

