                                                                                            QUERY PLAN                                                                                            
--------------------------------------------------------------------------------------------------------------------------------------------------------------------------------------------------
 Aggregate  (cost=612868.83..612868.84 rows=1 width=8) (actual time=1897.461..1897.468 rows=1 loops=1)
   Buffers: shared hit=125165 read=49085
   ->  Nested Loop  (cost=90952.84..612868.68 rows=62 width=0) (actual time=431.956..1897.395 rows=104 loops=1)
         Buffers: shared hit=125165 read=49085
         ->  Seq Scan on info_type it2  (cost=0.00..2.41 rows=1 width=4) (actual time=0.041..0.049 rows=1 loops=1)
               Filter: (id = 4)
               Rows Removed by Filter: 112
               Buffers: shared hit=1
         ->  Nested Loop  (cost=90952.84..612865.64 rows=62 width=4) (actual time=431.913..1897.306 rows=104 loops=1)
               Buffers: shared hit=125164 read=49085
               ->  Seq Scan on info_type it1  (cost=0.00..2.41 rows=1 width=4) (actual time=0.009..0.019 rows=1 loops=1)
                     Filter: (id = 3)
                     Rows Removed by Filter: 112
                     Buffers: shared hit=1
               ->  Nested Loop  (cost=90952.84..612862.61 rows=62 width=8) (actual time=431.900..1897.252 rows=104 loops=1)
                     Buffers: shared hit=125163 read=49085
                     ->  Hash Join  (cost=90952.41..612521.64 rows=147 width=12) (actual time=430.311..1884.802 rows=333 loops=1)
                           Hash Cond: (ci.role_id = rt.id)
                           Buffers: shared hit=124134 read=48782
                           ->  Nested Loop  (cost=90951.25..612514.22 rows=1763 width=16) (actual time=429.994..1879.883 rows=36721 loops=1)
                                 Buffers: shared hit=124133 read=48782
                                 ->  Nested Loop  (cost=90950.81..607034.03 rows=123 width=20) (actual time=429.890..1422.128 rows=3965 loops=1)
                                       Buffers: shared hit=96112 read=29128
                                       ->  Hash Join  (cost=90950.37..448437.52 rows=3691 width=12) (actual time=429.754..796.105 rows=7746 loops=1)
                                             Hash Cond: (mi2.movie_id = t.id)
                                             Buffers: shared hit=29526 read=16278
                                             ->  Bitmap Heap Scan on movie_info mi2  (cost=13073.23..370255.57 rows=71440 width=8) (actual time=37.235..303.571 rows=894917 loops=1)
                                                   Recheck Cond: (info_type_id = 4)
                                                   Filter: ((info)::text = ANY ('{English,Italian,Spanish}'::text[]))
                                                   Rows Removed by Filter: 404072
                                                   Heap Blocks: exact=8393
                                                   Buffers: shared hit=4809 read=4603
                                                   ->  Bitmap Index Scan on info_type_id_movie_info  (cost=0.00..13055.37 rows=1221191 width=0) (actual time=36.198..36.198 rows=1298989 loops=1)
                                                         Index Cond: (info_type_id = 4)
                                                         Buffers: shared hit=151 read=868
                                             ->  Hash  (cost=76244.08..76244.08 rows=130645 width=4) (actual time=390.410..390.413 rows=11798 loops=1)
                                                   Buckets: 131072  Batches: 1  Memory Usage: 1439kB
                                                   Buffers: shared hit=24717 read=11675
                                                   ->  Hash Join  (cost=1.11..76244.08 rows=130645 width=4) (actual time=0.146..387.789 rows=11798 loops=1)
                                                         Hash Cond: (t.kind_id = kt.id)
                                                         Buffers: shared hit=24717 read=11675
                                                         ->  Seq Scan on title t  (cost=0.00..74315.95 rows=457258 width=8) (actual time=0.025..362.439 rows=451569 loops=1)
                                                               Filter: ((production_year <= 1975) AND (1875 < production_year))
                                                               Rows Removed by Filter: 2076743
                                                               Buffers: shared hit=24716 read=11675
                                                         ->  Hash  (cost=1.09..1.09 rows=2 width=4) (actual time=0.014..0.015 rows=2 loops=1)
                                                               Buckets: 1024  Batches: 1  Memory Usage: 9kB
                                                               Buffers: shared hit=1
                                                               ->  Seq Scan on kind_type kt  (cost=0.00..1.09 rows=2 width=4) (actual time=0.007..0.008 rows=2 loops=1)
                                                                     Filter: ((kind)::text = ANY ('{"tv series","video game"}'::text[]))
                                                                     Rows Removed by Filter: 5
                                                                     Buffers: shared hit=1
                                       ->  Index Scan using movie_id_movie_info on movie_info mi1  (cost=0.43..42.96 rows=1 width=8) (actual time=0.079..0.080 rows=1 loops=7746)
                                             Index Cond: (movie_id = t.id)
                                             Filter: ((info_type_id = 3) AND ((info)::text = ANY ('{Comedy,Drama,Mystery,Short,War}'::text[])))
                                             Rows Removed by Filter: 11
                                             Buffers: shared hit=66586 read=12850
                                 ->  Index Scan using movie_id_cast_info on cast_info ci  (cost=0.44..44.17 rows=38 width=12) (actual time=0.032..0.113 rows=9 loops=3965)
                                       Index Cond: (movie_id = t.id)
                                       Buffers: shared hit=28021 read=19654
                           ->  Hash  (cost=1.15..1.15 rows=1 width=4) (actual time=0.017..0.018 rows=1 loops=1)
                                 Buckets: 1024  Batches: 1  Memory Usage: 9kB
                                 Buffers: shared hit=1
                                 ->  Seq Scan on role_type rt  (cost=0.00..1.15 rows=1 width=4) (actual time=0.010..0.011 rows=1 loops=1)
                                       Filter: ((role)::text = 'cinematographer'::text)
                                       Rows Removed by Filter: 11
                                       Buffers: shared hit=1
                     ->  Index Scan using name_pkey on name n  (cost=0.43..2.32 rows=1 width=4) (actual time=0.037..0.037 rows=0 loops=333)
                           Index Cond: (id = ci.person_id)
                           Filter: ((gender)::text = 'm'::text)
                           Rows Removed by Filter: 1
                           Buffers: shared hit=1029 read=303
 Planning:
   Buffers: shared hit=529 read=45
 Planning Time: 14.433 ms
 Execution Time: 1898.181 ms
(76 rows)

