                                                                                               QUERY PLAN                                                                                               
--------------------------------------------------------------------------------------------------------------------------------------------------------------------------------------------------------
 Aggregate  (cost=356675.28..356675.29 rows=1 width=8) (actual time=2293.408..2293.414 rows=1 loops=1)
   Buffers: shared hit=163772 read=71718
   ->  Nested Loop  (cost=13059.43..356675.28 rows=1 width=0) (actual time=132.104..2293.307 rows=256 loops=1)
         Buffers: shared hit=163772 read=71718
         ->  Hash Join  (cost=13059.00..356670.64 rows=2 width=4) (actual time=40.919..2161.370 rows=3865 loops=1)
               Hash Cond: (ci.role_id = rt.id)
               Buffers: shared hit=152346 read=67684
               ->  Nested Loop  (cost=13057.82..356669.42 rows=14 width=8) (actual time=40.778..2155.924 rows=38079 loops=1)
                     Buffers: shared hit=152345 read=67684
                     ->  Nested Loop  (cost=13057.38..356625.72 rows=1 width=12) (actual time=40.737..1724.938 rows=1932 loops=1)
                           Buffers: shared hit=130745 read=46327
                           ->  Nested Loop  (cost=13057.38..356623.30 rows=1 width=16) (actual time=40.732..1692.036 rows=1932 loops=1)
                                 Buffers: shared hit=128813 read=46327
                                 ->  Nested Loop  (cost=13057.38..356620.87 rows=1 width=20) (actual time=40.712..1662.643 rows=1932 loops=1)
                                       Buffers: shared hit=126881 read=46327
                                       ->  Hash Join  (cost=13056.95..355733.94 rows=21 width=12) (actual time=37.484..858.083 rows=9207 loops=1)
                                             Hash Cond: (t.kind_id = kt.id)
                                             Buffers: shared hit=55827 read=20182
                                             ->  Nested Loop  (cost=13055.81..355732.60 rows=49 width=16) (actual time=37.422..854.568 rows=12137 loops=1)
                                                   Buffers: shared hit=55826 read=20182
                                                   ->  Bitmap Heap Scan on movie_info mi2  (cost=13055.38..355208.54 rows=62 width=8) (actual time=37.342..313.508 rows=16649 loops=1)
                                                         Recheck Cond: (info_type_id = 4)
                                                         Filter: ((info)::text = ANY ('{Hungarian,Russian}'::text[]))
                                                         Rows Removed by Filter: 1282340
                                                         Heap Blocks: exact=8393
                                                         Buffers: shared hit=2723 read=6689
                                                         ->  Bitmap Index Scan on info_type_id_movie_info  (cost=0.00..13055.37 rows=1221191 width=0) (actual time=35.339..35.339 rows=1298989 loops=1)
                                                               Index Cond: (info_type_id = 4)
                                                               Buffers: shared read=1019
                                                   ->  Index Scan using title_pkey on title t  (cost=0.43..8.45 rows=1 width=8) (actual time=0.032..0.032 rows=1 loops=16649)
                                                         Index Cond: (id = mi2.movie_id)
                                                         Filter: ((production_year <= 2015) AND (1975 < production_year))
                                                         Rows Removed by Filter: 0
                                                         Buffers: shared hit=53103 read=13493
                                             ->  Hash  (cost=1.10..1.10 rows=3 width=4) (actual time=0.017..0.018 rows=3 loops=1)
                                                   Buckets: 1024  Batches: 1  Memory Usage: 9kB
                                                   Buffers: shared hit=1
                                                   ->  Seq Scan on kind_type kt  (cost=0.00..1.10 rows=3 width=4) (actual time=0.008..0.009 rows=3 loops=1)
                                                         Filter: ((kind)::text = ANY ('{episode,movie,"video movie"}'::text[]))
                                                         Rows Removed by Filter: 4
                                                         Buffers: shared hit=1
                                       ->  Index Scan using movie_id_movie_info on movie_info mi1  (cost=0.43..42.23 rows=1 width=8) (actual time=0.087..0.087 rows=0 loops=9207)
                                             Index Cond: (movie_id = t.id)
                                             Filter: (((info)::text = ANY ('{Crime,Documentary}'::text[])) AND (info_type_id = 3))
                                             Rows Removed by Filter: 17
                                             Buffers: shared hit=71054 read=26145
                                 ->  Seq Scan on info_type it1  (cost=0.00..2.41 rows=1 width=4) (actual time=0.008..0.014 rows=1 loops=1932)
                                       Filter: (id = 3)
                                       Rows Removed by Filter: 112
                                       Buffers: shared hit=1932
                           ->  Seq Scan on info_type it2  (cost=0.00..2.41 rows=1 width=4) (actual time=0.010..0.016 rows=1 loops=1932)
                                 Filter: (id = 4)
                                 Rows Removed by Filter: 112
                                 Buffers: shared hit=1932
                     ->  Index Scan using movie_id_cast_info on cast_info ci  (cost=0.44..43.32 rows=38 width=12) (actual time=0.034..0.219 rows=20 loops=1932)
                           Index Cond: (movie_id = t.id)
                           Buffers: shared hit=21600 read=21357
               ->  Hash  (cost=1.15..1.15 rows=2 width=4) (actual time=0.030..0.031 rows=2 loops=1)
                     Buckets: 1024  Batches: 1  Memory Usage: 9kB
                     Buffers: shared hit=1
                     ->  Seq Scan on role_type rt  (cost=0.00..1.15 rows=2 width=4) (actual time=0.024..0.025 rows=2 loops=1)
                           Filter: ((role)::text = ANY ('{director,editor}'::text[]))
                           Rows Removed by Filter: 10
                           Buffers: shared hit=1
         ->  Index Scan using name_pkey on name n  (cost=0.43..2.32 rows=1 width=4) (actual time=0.034..0.034 rows=0 loops=3865)
               Index Cond: (id = ci.person_id)
               Filter: ((gender)::text = 'f'::text)
               Rows Removed by Filter: 1
               Buffers: shared hit=11426 read=4034
 Planning:
   Buffers: shared hit=482 read=92
 Planning Time: 12.962 ms
 Execution Time: 2293.864 ms
(73 rows)

