                                                                                            QUERY PLAN                                                                                            
--------------------------------------------------------------------------------------------------------------------------------------------------------------------------------------------------
 Aggregate  (cost=564267.27..564267.28 rows=1 width=8) (actual time=2238.596..2238.605 rows=1 loops=1)
   Buffers: shared hit=163178 read=61353, temp read=567 written=567
   ->  Nested Loop  (cost=96915.22..564267.10 rows=70 width=0) (actual time=440.268..2238.170 rows=2069 loops=1)
         Buffers: shared hit=163178 read=61353, temp read=567 written=567
         ->  Hash Join  (cost=96914.79..563879.74 rows=167 width=4) (actual time=440.234..2037.697 rows=5746 loops=1)
               Hash Cond: (ci.role_id = rt.id)
               Buffers: shared hit=141688 read=59859, temp read=567 written=567
               ->  Nested Loop  (cost=96913.61..563874.99 rows=1003 width=8) (actual time=440.164..2027.919 rows=63339 loops=1)
                     Buffers: shared hit=141687 read=59859, temp read=567 written=567
                     ->  Nested Loop  (cost=96913.17..560768.82 rows=70 width=12) (actual time=440.092..1408.445 rows=4762 loops=1)
                           Buffers: shared hit=75592 read=49309, temp read=567 written=567
                           ->  Seq Scan on info_type it2  (cost=0.00..2.41 rows=1 width=4) (actual time=0.037..0.048 rows=1 loops=1)
                                 Filter: (id = 4)
                                 Rows Removed by Filter: 112
                                 Buffers: shared hit=1
                           ->  Nested Loop  (cost=96913.17..560765.70 rows=70 width=16) (actual time=440.053..1407.437 rows=4762 loops=1)
                                 Buffers: shared hit=75591 read=49309, temp read=567 written=567
                                 ->  Seq Scan on info_type it1  (cost=0.00..2.41 rows=1 width=4) (actual time=0.009..0.023 rows=1 loops=1)
                                       Filter: (id = 3)
                                       Rows Removed by Filter: 112
                                       Buffers: shared hit=1
                                 ->  Nested Loop  (cost=96913.17..560762.59 rows=70 width=20) (actual time=440.040..1406.497 rows=4762 loops=1)
                                       Buffers: shared hit=75590 read=49309, temp read=567 written=567
                                       ->  Hash Join  (cost=96912.74..441321.33 rows=2791 width=12) (actual time=439.829..792.780 rows=7819 loops=1)
                                             Hash Cond: (mi1.movie_id = t.id)
                                             Buffers: shared hit=4230 read=43137, temp read=567 written=567
                                             ->  Bitmap Heap Scan on movie_info mi1  (cost=16456.01..359573.59 rows=30158 width=8) (actual time=43.112..315.404 rows=301840 loops=1)
                                                   Recheck Cond: (info_type_id = 3)
                                                   Filter: ((info)::text = ANY ('{Adult,Drama}'::text[]))
                                                   Rows Removed by Filter: 1232069
                                                   Heap Blocks: exact=9772
                                                   Buffers: shared hit=3538 read=7437
                                                   ->  Bitmap Index Scan on info_type_id_movie_info  (cost=0.00..16448.47 rows=1538671 width=0) (actual time=41.917..41.917 rows=1533909 loops=1)
                                                         Index Cond: (info_type_id = 3)
                                                         Buffers: shared read=1203
                                             ->  Hash  (cost=76617.93..76617.93 rows=233984 width=4) (actual time=395.592..395.596 rows=33701 loops=1)
                                                   Buckets: 262144  Batches: 2  Memory Usage: 2644kB
                                                   Buffers: shared hit=692 read=35700, temp written=49
                                                   ->  Hash Join  (cost=1.13..76617.93 rows=233984 width=4) (actual time=0.068..388.566 rows=33701 loops=1)
                                                         Hash Cond: (t.kind_id = kt.id)
                                                         Buffers: shared hit=692 read=35700
                                                         ->  Seq Scan on title t  (cost=0.00..74315.95 rows=545963 width=8) (actual time=0.029..356.593 rows=538239 loops=1)
                                                               Filter: ((production_year <= 1990) AND (1950 < production_year))
                                                               Rows Removed by Filter: 1990073
                                                               Buffers: shared hit=691 read=35700
                                                         ->  Hash  (cost=1.10..1.10 rows=3 width=4) (actual time=0.013..0.014 rows=3 loops=1)
                                                               Buckets: 1024  Batches: 1  Memory Usage: 9kB
                                                               Buffers: shared hit=1
                                                               ->  Seq Scan on kind_type kt  (cost=0.00..1.10 rows=3 width=4) (actual time=0.008..0.009 rows=3 loops=1)
                                                                     Filter: ((kind)::text = ANY ('{"tv series","video game","video movie"}'::text[]))
                                                                     Rows Removed by Filter: 4
                                                                     Buffers: shared hit=1
                                       ->  Index Scan using movie_id_movie_info on movie_info mi2  (cost=0.43..42.79 rows=1 width=8) (actual time=0.058..0.078 rows=1 loops=7819)
                                             Index Cond: (movie_id = t.id)
                                             Filter: ((info_type_id = 4) AND ((info)::text = ANY ('{Dutch,English,Mandarin,Tagalog}'::text[])))
                                             Rows Removed by Filter: 9
                                             Buffers: shared hit=71360 read=6172
                     ->  Index Scan using movie_id_cast_info on cast_info ci  (cost=0.44..43.99 rows=38 width=12) (actual time=0.027..0.127 rows=13 loops=4762)
                           Index Cond: (movie_id = t.id)
                           Buffers: shared hit=66095 read=10550
               ->  Hash  (cost=1.15..1.15 rows=2 width=4) (actual time=0.037..0.037 rows=2 loops=1)
                     Buckets: 1024  Batches: 1  Memory Usage: 9kB
                     Buffers: shared hit=1
                     ->  Seq Scan on role_type rt  (cost=0.00..1.15 rows=2 width=4) (actual time=0.028..0.030 rows=2 loops=1)
                           Filter: ((role)::text = ANY ('{cinematographer,writer}'::text[]))
                           Rows Removed by Filter: 10
                           Buffers: shared hit=1
         ->  Index Scan using name_pkey on name n  (cost=0.43..2.32 rows=1 width=4) (actual time=0.034..0.034 rows=0 loops=5746)
               Index Cond: (id = ci.person_id)
               Filter: ((gender)::text = 'm'::text)
               Rows Removed by Filter: 1
               Buffers: shared hit=21490 read=1494
 Planning:
   Buffers: shared hit=520 read=54
 Planning Time: 14.276 ms
 Execution Time: 2239.229 ms
(76 rows)

