                                                                                            QUERY PLAN                                                                                            
--------------------------------------------------------------------------------------------------------------------------------------------------------------------------------------------------
 Aggregate  (cost=652382.33..652382.34 rows=1 width=8) (actual time=30582.512..30582.522 rows=1 loops=1)
   Buffers: shared hit=2624942 read=530071, temp read=2425 written=2425
   ->  Nested Loop  (cost=95922.72..652382.06 rows=110 width=0) (actual time=534.911..30575.745 rows=28705 loops=1)
         Buffers: shared hit=2624942 read=530071, temp read=2425 written=2425
         ->  Hash Join  (cost=95922.29..651772.02 rows=263 width=4) (actual time=534.841..27895.299 rows=76004 loops=1)
               Hash Cond: (ci.role_id = rt.id)
               Buffers: shared hit=2338271 read=512726, temp read=2425 written=2425
               ->  Nested Loop  (cost=95921.11..651765.25 rows=1577 width=8) (actual time=534.277..27666.635 rows=1251290 loops=1)
                     Buffers: shared hit=2338270 read=512726, temp read=2425 written=2425
                     ->  Nested Loop  (cost=95920.67..646864.27 rows=110 width=12) (actual time=534.249..13866.922 rows=70290 loops=1)
                           Buffers: shared hit=1154468 read=251977, temp read=2425 written=2425
                           ->  Seq Scan on info_type it2  (cost=0.00..2.41 rows=1 width=4) (actual time=0.033..0.043 rows=1 loops=1)
                                 Filter: (id = 4)
                                 Rows Removed by Filter: 112
                                 Buffers: shared hit=1
                           ->  Nested Loop  (cost=95920.67..646860.76 rows=110 width=16) (actual time=534.214..13849.825 rows=70290 loops=1)
                                 Buffers: shared hit=1154467 read=251977, temp read=2425 written=2425
                                 ->  Seq Scan on info_type it1  (cost=0.00..2.41 rows=1 width=4) (actual time=0.008..0.021 rows=1 loops=1)
                                       Filter: (id = 3)
                                       Rows Removed by Filter: 112
                                       Buffers: shared hit=1
                                 ->  Nested Loop  (cost=95920.67..646857.25 rows=110 width=20) (actual time=534.203..13832.188 rows=70290 loops=1)
                                       Buffers: shared hit=1154466 read=251977, temp read=2425 written=2425
                                       ->  Hash Join  (cost=95920.24..485728.87 rows=3741 width=12) (actual time=534.135..1465.302 rows=124420 loops=1)
                                             Hash Cond: (mi1.movie_id = t.id)
                                             Buffers: shared hit=7618 read=39749, temp read=2425 written=2425
                                             ->  Bitmap Heap Scan on movie_info mi1  (cost=16460.53..404906.76 rows=48263 width=8) (actual time=40.266..632.148 rows=468052 loops=1)
                                                   Recheck Cond: (info_type_id = 3)
                                                   Filter: ((info)::text = ANY ('{Crime,Documentary,Drama,History,Musical}'::text[]))
                                                   Rows Removed by Filter: 1065857
                                                   Heap Blocks: exact=9772
                                                   Buffers: shared hit=4890 read=6085
                                                   ->  Bitmap Index Scan on info_type_id_movie_info  (cost=0.00..16448.47 rows=1538671 width=0) (actual time=39.085..39.086 rows=1533909 loops=1)
                                                         Index Cond: (info_type_id = 3)
                                                         Buffers: shared hit=1203
                                             ->  Hash  (cost=76244.10..76244.10 rows=195968 width=4) (actual time=492.151..492.154 rows=439726 loops=1)
                                                   Buckets: 262144 (originally 262144)  Batches: 4 (originally 2)  Memory Usage: 6145kB
                                                   Buffers: shared hit=2728 read=33664, temp written=966
                                                   ->  Hash Join  (cost=1.13..76244.10 rows=195968 width=4) (actual time=0.036..418.580 rows=439726 loops=1)
                                                         Hash Cond: (t.kind_id = kt.id)
                                                         Buffers: shared hit=2728 read=33664
                                                         ->  Seq Scan on title t  (cost=0.00..74315.95 rows=457258 width=8) (actual time=0.019..365.895 rows=451569 loops=1)
                                                               Filter: ((production_year <= 1975) AND (1875 < production_year))
                                                               Rows Removed by Filter: 2076743
                                                               Buffers: shared hit=2727 read=33664
                                                         ->  Hash  (cost=1.10..1.10 rows=3 width=4) (actual time=0.011..0.012 rows=3 loops=1)
                                                               Buckets: 1024  Batches: 1  Memory Usage: 9kB
                                                               Buffers: shared hit=1
                                                               ->  Seq Scan on kind_type kt  (cost=0.00..1.10 rows=3 width=4) (actual time=0.006..0.007 rows=3 loops=1)
                                                                     Filter: ((kind)::text = ANY ('{episode,movie,"tv movie"}'::text[]))
                                                                     Rows Removed by Filter: 4
                                                                     Buffers: shared hit=1
                                       ->  Index Scan using movie_id_movie_info on movie_info mi2  (cost=0.43..43.06 rows=1 width=8) (actual time=0.058..0.099 rows=1 loops=124420)
                                             Index Cond: (movie_id = t.id)
                                             Filter: ((info_type_id = 4) AND ((info)::text = ANY ('{Dutch,English,Finnish,German,Korean,Spanish,Tagalog}'::text[])))
                                             Rows Removed by Filter: 13
                                             Buffers: shared hit=1146848 read=212228
                     ->  Index Scan using movie_id_cast_info on cast_info ci  (cost=0.44..44.17 rows=38 width=12) (actual time=0.036..0.191 rows=18 loops=70290)
                           Index Cond: (movie_id = t.id)
                           Buffers: shared hit=1183802 read=260749
               ->  Hash  (cost=1.15..1.15 rows=2 width=4) (actual time=0.035..0.037 rows=2 loops=1)
                     Buckets: 1024  Batches: 1  Memory Usage: 9kB
                     Buffers: shared hit=1
                     ->  Seq Scan on role_type rt  (cost=0.00..1.15 rows=2 width=4) (actual time=0.027..0.029 rows=2 loops=1)
                           Filter: ((role)::text = ANY ('{cinematographer,composer}'::text[]))
                           Rows Removed by Filter: 10
                           Buffers: shared hit=1
         ->  Index Scan using name_pkey on name n  (cost=0.43..2.32 rows=1 width=4) (actual time=0.035..0.035 rows=0 loops=76004)
               Index Cond: (id = ci.person_id)
               Filter: ((gender)::text = 'm'::text)
               Rows Removed by Filter: 1
               Buffers: shared hit=286671 read=17345
 Planning:
   Buffers: shared hit=574
 Planning Time: 13.552 ms
 Execution Time: 30583.151 ms
(76 rows)

