                                                                                               QUERY PLAN                                                                                               
--------------------------------------------------------------------------------------------------------------------------------------------------------------------------------------------------------
 Aggregate  (cost=417848.75..417848.76 rows=1 width=8) (actual time=2251.105..2251.110 rows=1 loops=1)
   Buffers: shared hit=182913 read=46612
   ->  Nested Loop  (cost=13060.04..417848.74 rows=3 width=0) (actual time=281.054..2251.087 rows=18 loops=1)
         Buffers: shared hit=182913 read=46612
         ->  Seq Scan on info_type it2  (cost=0.00..2.41 rows=1 width=4) (actual time=0.045..0.050 rows=1 loops=1)
               Filter: (id = 4)
               Rows Removed by Filter: 112
               Buffers: shared hit=1
         ->  Nested Loop  (cost=13060.04..417846.30 rows=3 width=4) (actual time=281.007..2251.027 rows=18 loops=1)
               Buffers: shared hit=182912 read=46612
               ->  Seq Scan on info_type it1  (cost=0.00..2.41 rows=1 width=4) (actual time=0.009..0.015 rows=1 loops=1)
                     Filter: (id = 3)
                     Rows Removed by Filter: 112
                     Buffers: shared hit=1
               ->  Nested Loop  (cost=13060.04..417843.85 rows=3 width=8) (actual time=280.994..2250.998 rows=18 loops=1)
                     Buffers: shared hit=182911 read=46612
                     ->  Hash Join  (cost=13059.61..417813.70 rows=13 width=12) (actual time=39.351..2228.468 rows=644 loops=1)
                           Hash Cond: (ci.role_id = rt.id)
                           Buffers: shared hit=180884 read=46063
                           ->  Nested Loop  (cost=13058.44..417811.98 rows=158 width=16) (actual time=38.064..2223.618 rows=35154 loops=1)
                                 Buffers: shared hit=180883 read=46063
                                 ->  Nested Loop  (cost=13058.00..417331.72 rows=11 width=20) (actual time=38.023..1811.126 rows=1932 loops=1)
                                       Buffers: shared hit=154195 read=32523
                                       ->  Hash Join  (cost=13057.57..374902.14 rows=1004 width=12) (actual time=37.507..1437.274 rows=5022 loops=1)
                                             Hash Cond: (t.kind_id = kt.id)
                                             Buffers: shared hit=118558 read=22859
                                             ->  Nested Loop  (cost=13056.44..374891.13 rows=2343 width=16) (actual time=37.464..1432.001 rows=24498 loops=1)
                                                   Buffers: shared hit=118557 read=22859
                                                   ->  Bitmap Heap Scan on movie_info mi2  (cost=13056.00..355209.16 rows=2514 width=8) (actual time=37.419..344.189 rows=33193 loops=1)
                                                         Recheck Cond: (info_type_id = 4)
                                                         Filter: ((info)::text = ANY ('{Italian,Norwegian}'::text[]))
                                                         Rows Removed by Filter: 1265796
                                                         Heap Blocks: exact=8393
                                                         Buffers: shared hit=4137 read=5275
                                                         ->  Bitmap Index Scan on info_type_id_movie_info  (cost=0.00..13055.37 rows=1221191 width=0) (actual time=35.415..35.415 rows=1298989 loops=1)
                                                               Index Cond: (info_type_id = 4)
                                                               Buffers: shared read=1019
                                                   ->  Memoize  (cost=0.44..7.84 rows=1 width=8) (actual time=0.032..0.032 rows=1 loops=33193)
                                                         Cache Key: mi2.movie_id
                                                         Cache Mode: logical
                                                         Hits: 192  Misses: 33001  Evictions: 0  Overflows: 0  Memory Usage: 3142kB
                                                         Buffers: shared hit=114420 read=17584
                                                         ->  Index Scan using title_pkey on title t  (cost=0.43..7.83 rows=1 width=8) (actual time=0.032..0.032 rows=1 loops=33001)
                                                               Index Cond: (id = mi2.movie_id)
                                                               Filter: ((production_year <= 2015) AND (1925 < production_year))
                                                               Rows Removed by Filter: 0
                                                               Buffers: shared hit=114420 read=17584
                                             ->  Hash  (cost=1.10..1.10 rows=3 width=4) (actual time=0.018..0.018 rows=3 loops=1)
                                                   Buckets: 1024  Batches: 1  Memory Usage: 9kB
                                                   Buffers: shared hit=1
                                                   ->  Seq Scan on kind_type kt  (cost=0.00..1.10 rows=3 width=4) (actual time=0.009..0.011 rows=3 loops=1)
                                                         Filter: ((kind)::text = ANY ('{"tv movie","tv series","video game"}'::text[]))
                                                         Rows Removed by Filter: 4
                                                         Buffers: shared hit=1
                                       ->  Index Scan using movie_id_movie_info on movie_info mi1  (cost=0.43..42.25 rows=1 width=8) (actual time=0.074..0.074 rows=0 loops=5022)
                                             Index Cond: (movie_id = t.id)
                                             Filter: ((info_type_id = 3) AND ((info)::text = ANY ('{Comedy,Music,Thriller}'::text[])))
                                             Rows Removed by Filter: 8
                                             Buffers: shared hit=35637 read=9664
                                 ->  Index Scan using movie_id_cast_info on cast_info ci  (cost=0.44..43.28 rows=38 width=12) (actual time=0.034..0.209 rows=18 loops=1932)
                                       Index Cond: (movie_id = t.id)
                                       Buffers: shared hit=26688 read=13540
                           ->  Hash  (cost=1.15..1.15 rows=1 width=4) (actual time=0.017..0.018 rows=1 loops=1)
                                 Buckets: 1024  Batches: 1  Memory Usage: 9kB
                                 Buffers: shared hit=1
                                 ->  Seq Scan on role_type rt  (cost=0.00..1.15 rows=1 width=4) (actual time=0.010..0.011 rows=1 loops=1)
                                       Filter: ((role)::text = 'production designer'::text)
                                       Rows Removed by Filter: 11
                                       Buffers: shared hit=1
                     ->  Index Scan using name_pkey on name n  (cost=0.43..2.32 rows=1 width=4) (actual time=0.034..0.034 rows=0 loops=644)
                           Index Cond: (id = ci.person_id)
                           Filter: ((gender)::text = 'f'::text)
                           Rows Removed by Filter: 1
                           Buffers: shared hit=2027 read=549
 Planning:
   Buffers: shared hit=482 read=92
 Planning Time: 14.266 ms
 Execution Time: 2252.070 ms
(78 rows)

