                                                                                               QUERY PLAN                                                                                               
--------------------------------------------------------------------------------------------------------------------------------------------------------------------------------------------------------
 Aggregate  (cost=508150.88..508150.89 rows=1 width=8) (actual time=7429.305..7429.313 rows=1 loops=1)
   Buffers: shared hit=732940 read=29768
   ->  Nested Loop  (cost=13062.68..508150.86 rows=8 width=0) (actual time=70.575..7429.188 rows=313 loops=1)
         Buffers: shared hit=732940 read=29768
         ->  Seq Scan on info_type it2  (cost=0.00..2.41 rows=1 width=4) (actual time=0.045..0.055 rows=1 loops=1)
               Filter: (id = 4)
               Rows Removed by Filter: 112
               Buffers: shared hit=1
         ->  Nested Loop  (cost=13062.68..508148.37 rows=8 width=4) (actual time=70.528..7429.050 rows=313 loops=1)
               Buffers: shared hit=732939 read=29768
               ->  Seq Scan on info_type it1  (cost=0.00..2.41 rows=1 width=4) (actual time=0.012..0.023 rows=1 loops=1)
                     Filter: (id = 3)
                     Rows Removed by Filter: 112
                     Buffers: shared hit=1
               ->  Nested Loop  (cost=13062.68..508145.88 rows=8 width=8) (actual time=70.514..7428.933 rows=313 loops=1)
                     Buffers: shared hit=732938 read=29768
                     ->  Hash Join  (cost=13062.25..508099.49 rows=20 width=12) (actual time=59.749..7402.260 rows=648 loops=1)
                           Hash Cond: (ci.role_id = rt.id)
                           Buffers: shared hit=731062 read=29052
                           ->  Nested Loop  (cost=13061.08..508097.46 rows=244 width=16) (actual time=40.470..7400.999 rows=5025 loops=1)
                                 Buffers: shared hit=731061 read=29052
                                 ->  Nested Loop  (cost=13060.64..507340.04 rows=17 width=20) (actual time=38.386..7309.671 rows=794 loops=1)
                                       Buffers: shared hit=726677 read=26211
                                       ->  Hash Join  (cost=13060.21..463864.92 rows=1013 width=12) (actual time=38.328..7096.524 rows=2573 loops=1)
                                             Hash Cond: (t.kind_id = kt.id)
                                             Buffers: shared hit=707485 read=22592
                                             ->  Nested Loop  (cost=13059.07..463853.83 rows=2363 width=16) (actual time=38.288..7086.841 rows=35417 loops=1)
                                                   Buffers: shared hit=707484 read=22592
                                                   ->  Bitmap Heap Scan on movie_info mi2  (cost=13058.63..385270.15 rows=13067 width=8) (actual time=37.560..593.384 rows=181886 loops=1)
                                                         Recheck Cond: (info_type_id = 4)
                                                         Filter: ((info)::text = ANY ('{Danish,Dutch,German,Spanish}'::text[]))
                                                         Rows Removed by Filter: 1117103
                                                         Heap Blocks: exact=8393
                                                         Buffers: shared hit=9287 read=125
                                                         ->  Bitmap Index Scan on info_type_id_movie_info  (cost=0.00..13055.37 rows=1221191 width=0) (actual time=35.468..35.469 rows=1298989 loops=1)
                                                               Index Cond: (info_type_id = 4)
                                                               Buffers: shared hit=1019
                                                   ->  Memoize  (cost=0.44..6.11 rows=1 width=8) (actual time=0.035..0.035 rows=0 loops=181886)
                                                         Cache Key: mi2.movie_id
                                                         Cache Mode: logical
                                                         Hits: 1720  Misses: 180166  Evictions: 68018  Overflows: 0  Memory Usage: 8193kB
                                                         Buffers: shared hit=698197 read=22467
                                                         ->  Index Scan using title_pkey on title t  (cost=0.43..6.10 rows=1 width=8) (actual time=0.035..0.035 rows=0 loops=180166)
                                                               Index Cond: (id = mi2.movie_id)
                                                               Filter: ((production_year <= 1975) AND (1875 < production_year))
                                                               Rows Removed by Filter: 1
                                                               Buffers: shared hit=698197 read=22467
                                             ->  Hash  (cost=1.10..1.10 rows=3 width=4) (actual time=0.017..0.018 rows=3 loops=1)
                                                   Buckets: 1024  Batches: 1  Memory Usage: 9kB
                                                   Buffers: shared hit=1
                                                   ->  Seq Scan on kind_type kt  (cost=0.00..1.10 rows=3 width=4) (actual time=0.009..0.010 rows=3 loops=1)
                                                         Filter: ((kind)::text = ANY ('{"tv series","video game","video movie"}'::text[]))
                                                         Rows Removed by Filter: 4
                                                         Buffers: shared hit=1
                                       ->  Index Scan using movie_id_movie_info on movie_info mi1  (cost=0.43..42.91 rows=1 width=8) (actual time=0.081..0.082 rows=0 loops=2573)
                                             Index Cond: (movie_id = t.id)
                                             Filter: ((info_type_id = 3) AND ((info)::text = ANY ('{Comedy,Documentary,Music,Musical}'::text[])))
                                             Rows Removed by Filter: 8
                                             Buffers: shared hit=19192 read=3619
                                 ->  Index Scan using movie_id_cast_info on cast_info ci  (cost=0.44..44.17 rows=38 width=12) (actual time=0.042..0.112 rows=6 loops=794)
                                       Index Cond: (movie_id = t.id)
                                       Buffers: shared hit=4384 read=2841
                           ->  Hash  (cost=1.15..1.15 rows=1 width=4) (actual time=0.016..0.017 rows=1 loops=1)
                                 Buckets: 1024  Batches: 1  Memory Usage: 9kB
                                 Buffers: shared hit=1
                                 ->  Seq Scan on role_type rt  (cost=0.00..1.15 rows=1 width=4) (actual time=0.009..0.011 rows=1 loops=1)
                                       Filter: ((role)::text = 'writer'::text)
                                       Rows Removed by Filter: 11
                                       Buffers: shared hit=1
                     ->  Index Scan using name_pkey on name n  (cost=0.43..2.32 rows=1 width=4) (actual time=0.040..0.040 rows=0 loops=648)
                           Index Cond: (id = ci.person_id)
                           Filter: ((gender)::text = 'm'::text)
                           Rows Removed by Filter: 1
                           Buffers: shared hit=1876 read=716
 Planning:
   Buffers: shared hit=574
 Planning Time: 14.074 ms
 Execution Time: 7432.038 ms
(78 rows)

