                                                                                               QUERY PLAN                                                                                               
--------------------------------------------------------------------------------------------------------------------------------------------------------------------------------------------------------
 Aggregate  (cost=440786.65..440786.66 rows=1 width=8) (actual time=3603.130..3603.136 rows=1 loops=1)
   Buffers: shared hit=335296 read=34232
   ->  Nested Loop  (cost=13060.49..440786.63 rows=6 width=0) (actual time=37.265..3601.661 rows=9035 loops=1)
         Buffers: shared hit=335296 read=34232
         ->  Hash Join  (cost=13060.06..440754.16 rows=14 width=4) (actual time=37.230..3250.383 rows=9245 loops=1)
               Hash Cond: (ci.role_id = rt.id)
               Buffers: shared hit=305556 read=26992
               ->  Nested Loop  (cost=13058.88..440752.68 rows=86 width=8) (actual time=37.176..3244.123 rows=24002 loops=1)
                     Buffers: shared hit=305555 read=26992
                     ->  Nested Loop  (cost=13058.44..440490.27 rows=6 width=12) (actual time=37.140..2967.114 rows=869 loops=1)
                           Buffers: shared hit=293191 read=14547
                           ->  Seq Scan on info_type it2  (cost=0.00..2.41 rows=1 width=4) (actual time=0.031..0.039 rows=1 loops=1)
                                 Filter: (id = 4)
                                 Rows Removed by Filter: 112
                                 Buffers: shared hit=1
                           ->  Nested Loop  (cost=13058.44..440487.80 rows=6 width=16) (actual time=37.107..2966.817 rows=869 loops=1)
                                 Buffers: shared hit=293190 read=14547
                                 ->  Seq Scan on info_type it1  (cost=0.00..2.41 rows=1 width=4) (actual time=0.008..0.017 rows=1 loops=1)
                                       Filter: (id = 3)
                                       Rows Removed by Filter: 112
                                       Buffers: shared hit=1
                                 ->  Nested Loop  (cost=13058.44..440485.32 rows=6 width=20) (actual time=37.096..2966.544 rows=869 loops=1)
                                       Buffers: shared hit=293189 read=14547
                                       ->  Hash Join  (cost=13058.01..387045.42 rows=1263 width=12) (actual time=36.101..2338.383 rows=7071 loops=1)
                                             Hash Cond: (t.kind_id = kt.id)
                                             Buffers: shared hit=241875 read=790
                                             ->  Nested Loop  (cost=13056.88..387031.86 rows=2946 width=16) (actual time=36.062..2329.404 rows=33284 loops=1)
                                                   Buffers: shared hit=241874 read=790
                                                   ->  Bitmap Heap Scan on movie_info mi2  (cost=13056.44..355209.60 rows=4274 width=8) (actual time=36.022..333.295 rows=58614 loops=1)
                                                         Recheck Cond: (info_type_id = 4)
                                                         Filter: ((info)::text = 'French'::text)
                                                         Rows Removed by Filter: 1240375
                                                         Heap Blocks: exact=8393
                                                         Buffers: shared hit=9285 read=127
                                                         ->  Bitmap Index Scan on info_type_id_movie_info  (cost=0.00..13055.37 rows=1221191 width=0) (actual time=34.304..34.304 rows=1298989 loops=1)
                                                               Index Cond: (info_type_id = 4)
                                                               Buffers: shared hit=1019
                                                   ->  Memoize  (cost=0.44..7.47 rows=1 width=8) (actual time=0.034..0.034 rows=1 loops=58614)
                                                         Cache Key: mi2.movie_id
                                                         Cache Mode: logical
                                                         Hits: 301  Misses: 58313  Evictions: 0  Overflows: 0  Memory Usage: 5165kB
                                                         Buffers: shared hit=232589 read=663
                                                         ->  Index Scan using title_pkey on title t  (cost=0.43..7.46 rows=1 width=8) (actual time=0.033..0.033 rows=1 loops=58313)
                                                               Index Cond: (id = mi2.movie_id)
                                                               Filter: ((production_year <= 2015) AND (1990 < production_year))
                                                               Rows Removed by Filter: 0
                                                               Buffers: shared hit=232589 read=663
                                             ->  Hash  (cost=1.10..1.10 rows=3 width=4) (actual time=0.014..0.014 rows=3 loops=1)
                                                   Buckets: 1024  Batches: 1  Memory Usage: 9kB
                                                   Buffers: shared hit=1
                                                   ->  Seq Scan on kind_type kt  (cost=0.00..1.10 rows=3 width=4) (actual time=0.008..0.010 rows=3 loops=1)
                                                         Filter: ((kind)::text = ANY ('{"tv movie","tv series","video game"}'::text[]))
                                                         Rows Removed by Filter: 4
                                                         Buffers: shared hit=1
                                       ->  Index Scan using movie_id_movie_info on movie_info mi1  (cost=0.43..42.30 rows=1 width=8) (actual time=0.088..0.088 rows=0 loops=7071)
                                             Index Cond: (movie_id = t.id)
                                             Filter: ((info_type_id = 3) AND ((info)::text = ANY ('{Action,Animation,Music}'::text[])))
                                             Rows Removed by Filter: 8
                                             Buffers: shared hit=51314 read=13757
                     ->  Index Scan using movie_id_cast_info on cast_info ci  (cost=0.44..43.36 rows=38 width=12) (actual time=0.037..0.311 rows=28 loops=869)
                           Index Cond: (movie_id = t.id)
                           Buffers: shared hit=12364 read=12445
               ->  Hash  (cost=1.15..1.15 rows=2 width=4) (actual time=0.033..0.033 rows=2 loops=1)
                     Buckets: 1024  Batches: 1  Memory Usage: 9kB
                     Buffers: shared hit=1
                     ->  Seq Scan on role_type rt  (cost=0.00..1.15 rows=2 width=4) (actual time=0.023..0.026 rows=2 loops=1)
                           Filter: ((role)::text = ANY ('{actor,cinematographer}'::text[]))
                           Rows Removed by Filter: 10
                           Buffers: shared hit=1
         ->  Index Scan using name_pkey on name n  (cost=0.43..2.32 rows=1 width=4) (actual time=0.037..0.037 rows=1 loops=9245)
               Index Cond: (id = ci.person_id)
               Filter: ((gender)::text = 'm'::text)
               Rows Removed by Filter: 0
               Buffers: shared hit=29740 read=7240
 Planning:
   Buffers: shared hit=574
 Planning Time: 13.728 ms
 Execution Time: 3604.775 ms
(78 rows)

