                                                                                                  QUERY PLAN                                                                                                  
--------------------------------------------------------------------------------------------------------------------------------------------------------------------------------------------------------------
 Aggregate  (cost=984302.98..984302.99 rows=1 width=8) (actual time=37427.623..37427.632 rows=1 loops=1)
   Buffers: shared hit=3359496 read=447995, temp read=12253 written=11892
   ->  Nested Loop  (cost=906906.03..984302.17 rows=322 width=0) (actual time=1215.914..37423.089 rows=12553 loops=1)
         Buffers: shared hit=3359496 read=447995, temp read=12253 written=11892
         ->  Seq Scan on info_type it2  (cost=0.00..2.41 rows=1 width=4) (actual time=0.048..0.060 rows=1 loops=1)
               Filter: (id = 4)
               Rows Removed by Filter: 112
               Buffers: shared hit=1
         ->  Nested Loop  (cost=906906.03..984296.54 rows=322 width=4) (actual time=1215.865..37419.604 rows=12553 loops=1)
               Buffers: shared hit=3359495 read=447995, temp read=12253 written=11892
               ->  Seq Scan on info_type it1  (cost=0.00..2.41 rows=1 width=4) (actual time=0.014..0.028 rows=1 loops=1)
                     Filter: (id = 3)
                     Rows Removed by Filter: 112
                     Buffers: shared hit=1
               ->  Nested Loop  (cost=906906.03..984290.91 rows=322 width=8) (actual time=1215.849..37415.961 rows=12553 loops=1)
                     Buffers: shared hit=3359494 read=447995, temp read=12253 written=11892
                     ->  Hash Join  (cost=906905.60..982509.51 rows=768 width=12) (actual time=1214.997..36090.066 rows=35598 loops=1)
                           Hash Cond: (ci.role_id = rt.id)
                           Buffers: shared hit=3229033 read=436064, temp read=12253 written=11892
                           ->  Nested Loop  (cost=906904.43..982475.61 rows=9217 width=16) (actual time=1214.801..35788.868 rows=1633157 loops=1)
                                 Buffers: shared hit=3229032 read=436064, temp read=12253 written=11892
                                 ->  Nested Loop  (cost=906903.99..954377.99 rows=643 width=20) (actual time=1214.765..17602.041 rows=86302 loops=1)
                                       Buffers: shared hit=1786531 read=38916, temp read=12253 written=11892
                                       ->  Nested Loop  (cost=906903.85..954341.03 rows=1500 width=24) (actual time=1214.749..17358.085 rows=347556 loops=1)
                                             Join Filter: (t.id = mi1.movie_id)
                                             Buffers: shared hit=1786521 read=38914, temp read=12253 written=11892
                                             ->  Merge Join  (cost=906903.42..907746.07 rows=13930 width=16) (actual time=1214.704..1921.948 rows=451262 loops=1)
                                                   Merge Cond: (mi1.movie_id = mi2.movie_id)
                                                   Buffers: shared hit=12391 read=7996, temp read=12253 written=11892
                                                   ->  Sort  (cost=439694.59..439838.94 rows=57739 width=8) (actual time=576.459..683.988 rows=577857 loops=1)
                                                         Sort Key: mi1.movie_id
                                                         Sort Method: external sort  Disk: 12488kB
                                                         Buffers: shared hit=2979 read=7996, temp read=3116 written=3124
                                                         ->  Bitmap Heap Scan on movie_info mi1  (cost=16462.90..435128.23 rows=57739 width=8) (actual time=44.161..431.696 rows=577857 loops=1)
                                                               Recheck Cond: (info_type_id = 3)
                                                               Filter: ((info)::text = ANY ('{Animation,Crime,Documentary,Drama,Family,Reality-TV,Romance}'::text[]))
                                                               Rows Removed by Filter: 956052
                                                               Heap Blocks: exact=9772
                                                               Buffers: shared hit=2979 read=7996
                                                               ->  Bitmap Index Scan on info_type_id_movie_info  (cost=0.00..16448.47 rows=1538671 width=0) (actual time=42.972..42.972 rows=1533909 loops=1)
                                                                     Index Cond: (info_type_id = 3)
                                                                     Buffers: shared hit=1 read=1202
                                                   ->  Sort  (cost=467208.83..467416.15 rows=82931 width=8) (actual time=638.234..840.171 rows=1151249 loops=1)
                                                         Sort Key: mi2.movie_id
                                                         Sort Method: external sort  Disk: 23400kB
                                                         Buffers: shared hit=9412, temp read=8945 written=8768
                                                         ->  Bitmap Heap Scan on movie_info mi2  (cost=13076.10..460433.52 rows=82931 width=8) (actual time=28.604..315.239 rows=1082705 loops=1)
                                                               Recheck Cond: (info_type_id = 4)
                                                               Filter: ((info)::text = ANY ('{Arabic,English,French,German,Hindi,Japanese,Mandarin,Portuguese,Spanish}'::text[]))
                                                               Rows Removed by Filter: 216284
                                                               Heap Blocks: exact=8393
                                                               Buffers: shared hit=9412
                                                               ->  Bitmap Index Scan on info_type_id_movie_info  (cost=0.00..13055.37 rows=1221191 width=0) (actual time=27.580..27.580 rows=1298989 loops=1)
                                                                     Index Cond: (info_type_id = 4)
                                                                     Buffers: shared hit=1019
                                             ->  Index Scan using title_pkey on title t  (cost=0.43..3.33 rows=1 width=8) (actual time=0.034..0.034 rows=1 loops=451262)
                                                   Index Cond: (id = mi2.movie_id)
                                                   Filter: ((production_year <= 2015) AND (1975 < production_year))
                                                   Rows Removed by Filter: 0
                                                   Buffers: shared hit=1774130 read=30918
                                       ->  Memoize  (cost=0.14..0.16 rows=1 width=4) (actual time=0.000..0.000 rows=0 loops=347556)
                                             Cache Key: t.kind_id
                                             Cache Mode: logical
                                             Hits: 347550  Misses: 6  Evictions: 0  Overflows: 0  Memory Usage: 1kB
                                             Buffers: shared hit=10 read=2
                                             ->  Index Scan using kind_type_pkey on kind_type kt  (cost=0.13..0.15 rows=1 width=4) (actual time=0.013..0.013 rows=0 loops=6)
                                                   Index Cond: (id = t.kind_id)
                                                   Filter: ((kind)::text = ANY ('{"tv movie","tv series","video game"}'::text[]))
                                                   Rows Removed by Filter: 0
                                                   Buffers: shared hit=10 read=2
                                 ->  Index Scan using movie_id_cast_info on cast_info ci  (cost=0.44..43.32 rows=38 width=12) (actual time=0.036..0.205 rows=19 loops=86302)
                                       Index Cond: (movie_id = t.id)
                                       Buffers: shared hit=1442501 read=397148
                           ->  Hash  (cost=1.15..1.15 rows=1 width=4) (actual time=0.018..0.019 rows=1 loops=1)
                                 Buckets: 1024  Batches: 1  Memory Usage: 9kB
                                 Buffers: shared hit=1
                                 ->  Seq Scan on role_type rt  (cost=0.00..1.15 rows=1 width=4) (actual time=0.010..0.012 rows=1 loops=1)
                                       Filter: ((role)::text = 'composer'::text)
                                       Rows Removed by Filter: 11
                                       Buffers: shared hit=1
                     ->  Index Scan using name_pkey on name n  (cost=0.43..2.32 rows=1 width=4) (actual time=0.037..0.037 rows=0 loops=35598)
                           Index Cond: (id = ci.person_id)
                           Filter: ((gender)::text = 'm'::text)
                           Rows Removed by Filter: 1
                           Buffers: shared hit=130461 read=11931
 Planning:
   Buffers: shared hit=574
 Planning Time: 14.217 ms
 Execution Time: 37439.221 ms
(89 rows)

