                                                                                               QUERY PLAN                                                                                               
--------------------------------------------------------------------------------------------------------------------------------------------------------------------------------------------------------
 Aggregate  (cost=398299.60..398299.61 rows=1 width=8) (actual time=1947.641..1947.649 rows=1 loops=1)
   Buffers: shared hit=167411 read=31677
   ->  Nested Loop  (cost=13060.06..398299.60 rows=2 width=0) (actual time=78.863..1947.638 rows=6 loops=1)
         Buffers: shared hit=167411 read=31677
         ->  Seq Scan on info_type it2  (cost=0.00..2.41 rows=1 width=4) (actual time=0.039..0.046 rows=1 loops=1)
               Filter: (id = 4)
               Rows Removed by Filter: 112
               Buffers: shared hit=1
         ->  Nested Loop  (cost=13060.06..398297.17 rows=2 width=4) (actual time=78.823..1947.587 rows=6 loops=1)
               Buffers: shared hit=167410 read=31677
               ->  Seq Scan on info_type it1  (cost=0.00..2.41 rows=1 width=4) (actual time=0.007..0.017 rows=1 loops=1)
                     Filter: (id = 3)
                     Rows Removed by Filter: 112
                     Buffers: shared hit=1
               ->  Nested Loop  (cost=13060.06..398294.73 rows=2 width=8) (actual time=78.814..1947.564 rows=6 loops=1)
                     Buffers: shared hit=167409 read=31677
                     ->  Hash Join  (cost=13059.63..398285.46 rows=4 width=12) (actual time=69.377..1947.208 rows=10 loops=1)
                           Hash Cond: (ci.role_id = rt.id)
                           Buffers: shared hit=167384 read=31662
                           ->  Nested Loop  (cost=13058.46..398284.14 rows=43 width=16) (actual time=43.334..1947.037 rows=926 loops=1)
                                 Buffers: shared hit=167383 read=31662
                                 ->  Nested Loop  (cost=13058.02..398151.01 rows=3 width=20) (actual time=43.290..1933.370 rows=54 loops=1)
                                       Buffers: shared hit=166954 read=31013
                                       ->  Hash Join  (cost=13057.59..391098.27 rows=165 width=12) (actual time=37.062..1838.611 rows=1435 loops=1)
                                             Hash Cond: (t.kind_id = kt.id)
                                             Buffers: shared hit=159257 read=27648
                                             ->  Nested Loop  (cost=13056.48..391094.72 rows=578 width=16) (actual time=37.022..1835.600 rows=14873 loops=1)
                                                   Buffers: shared hit=159256 read=27648
                                                   ->  Bitmap Heap Scan on movie_info mi2  (cost=13056.04..370238.38 rows=2677 width=8) (actual time=36.974..400.562 rows=44555 loops=1)
                                                         Recheck Cond: (info_type_id = 4)
                                                         Filter: ((info)::text = ANY ('{Greek,Hindi,Portuguese}'::text[]))
                                                         Rows Removed by Filter: 1254434
                                                         Heap Blocks: exact=8393
                                                         Buffers: shared hit=2 read=9410
                                                         ->  Bitmap Index Scan on info_type_id_movie_info  (cost=0.00..13055.37 rows=1221191 width=0) (actual time=34.922..34.922 rows=1298989 loops=1)
                                                               Index Cond: (info_type_id = 4)
                                                               Buffers: shared read=1019
                                                   ->  Memoize  (cost=0.44..7.81 rows=1 width=8) (actual time=0.032..0.032 rows=0 loops=44555)
                                                         Cache Key: mi2.movie_id
                                                         Cache Mode: logical
                                                         Hits: 182  Misses: 44373  Evictions: 0  Overflows: 0  Memory Usage: 3526kB
                                                         Buffers: shared hit=159254 read=18238
                                                         ->  Index Scan using title_pkey on title t  (cost=0.43..7.80 rows=1 width=8) (actual time=0.031..0.031 rows=0 loops=44373)
                                                               Index Cond: (id = mi2.movie_id)
                                                               Filter: ((production_year <= 1990) AND (1950 < production_year))
                                                               Rows Removed by Filter: 1
                                                               Buffers: shared hit=159254 read=18238
                                             ->  Hash  (cost=1.09..1.09 rows=2 width=4) (actual time=0.013..0.014 rows=2 loops=1)
                                                   Buckets: 1024  Batches: 1  Memory Usage: 9kB
                                                   Buffers: shared hit=1
                                                   ->  Seq Scan on kind_type kt  (cost=0.00..1.09 rows=2 width=4) (actual time=0.008..0.009 rows=2 loops=1)
                                                         Filter: ((kind)::text = ANY ('{"tv series","video game"}'::text[]))
                                                         Rows Removed by Filter: 5
                                                         Buffers: shared hit=1
                                       ->  Index Scan using movie_id_movie_info on movie_info mi1  (cost=0.43..42.73 rows=1 width=8) (actual time=0.065..0.066 rows=0 loops=1435)
                                             Index Cond: (movie_id = t.id)
                                             Filter: ((info_type_id = 3) AND ((info)::text = ANY ('{Action,Romance,Short}'::text[])))
                                             Rows Removed by Filter: 5
                                             Buffers: shared hit=7697 read=3365
                                 ->  Index Scan using movie_id_cast_info on cast_info ci  (cost=0.44..43.99 rows=38 width=12) (actual time=0.051..0.249 rows=17 loops=54)
                                       Index Cond: (movie_id = t.id)
                                       Buffers: shared hit=429 read=649
                           ->  Hash  (cost=1.15..1.15 rows=1 width=4) (actual time=0.013..0.014 rows=1 loops=1)
                                 Buckets: 1024  Batches: 1  Memory Usage: 9kB
                                 Buffers: shared hit=1
                                 ->  Seq Scan on role_type rt  (cost=0.00..1.15 rows=1 width=4) (actual time=0.008..0.009 rows=1 loops=1)
                                       Filter: ((role)::text = 'composer'::text)
                                       Rows Removed by Filter: 11
                                       Buffers: shared hit=1
                     ->  Index Scan using name_pkey on name n  (cost=0.43..2.32 rows=1 width=4) (actual time=0.034..0.034 rows=1 loops=10)
                           Index Cond: (id = ci.person_id)
                           Filter: ((gender)::text = 'm'::text)
                           Rows Removed by Filter: 0
                           Buffers: shared hit=25 read=15
 Planning:
   Buffers: shared hit=485 read=89
 Planning Time: 12.907 ms
 Execution Time: 1948.729 ms
(78 rows)

