                                                                                               QUERY PLAN                                                                                               
--------------------------------------------------------------------------------------------------------------------------------------------------------------------------------------------------------
 Aggregate  (cost=415113.77..415113.78 rows=1 width=8) (actual time=4577.152..4577.159 rows=1 loops=1)
   Buffers: shared hit=437980 read=28222
   ->  Nested Loop  (cost=13061.12..415113.77 rows=3 width=0) (actual time=162.579..4577.103 rows=75 loops=1)
         Buffers: shared hit=437980 read=28222
         ->  Hash Join  (cost=13060.69..415097.53 rows=7 width=4) (actual time=43.543..4546.715 rows=679 loops=1)
               Hash Cond: (ci.role_id = rt.id)
               Buffers: shared hit=435824 read=27662
               ->  Nested Loop  (cost=13059.51..415096.20 rows=43 width=8) (actual time=43.292..4543.381 rows=17065 loops=1)
                     Buffers: shared hit=435823 read=27662
                     ->  Nested Loop  (cost=13059.07..414961.56 rows=3 width=12) (actual time=43.252..4294.111 rows=1123 loops=1)
                           Buffers: shared hit=422050 read=21172
                           ->  Seq Scan on info_type it2  (cost=0.00..2.41 rows=1 width=4) (actual time=0.031..0.038 rows=1 loops=1)
                                 Filter: (id = 4)
                                 Rows Removed by Filter: 112
                                 Buffers: shared hit=1
                           ->  Nested Loop  (cost=13059.07..414959.12 rows=3 width=16) (actual time=43.221..4293.722 rows=1123 loops=1)
                                 Buffers: shared hit=422049 read=21172
                                 ->  Seq Scan on info_type it1  (cost=0.00..2.41 rows=1 width=4) (actual time=0.008..0.017 rows=1 loops=1)
                                       Filter: (id = 3)
                                       Rows Removed by Filter: 112
                                       Buffers: shared hit=1
                                 ->  Nested Loop  (cost=13059.07..414956.67 rows=3 width=20) (actual time=43.210..4293.364 rows=1123 loops=1)
                                       Buffers: shared hit=422048 read=21172
                                       ->  Hash Join  (cost=13058.64..403108.05 rows=275 width=12) (actual time=34.547..3768.364 rows=6416 loops=1)
                                             Hash Cond: (t.kind_id = kt.id)
                                             Buffers: shared hit=372575 read=14298
                                             ->  Nested Loop  (cost=13057.53..403102.88 rows=962 width=16) (actual time=34.001..3760.825 rows=22731 loops=1)
                                                   Buffers: shared hit=372574 read=14298
                                                   ->  Bitmap Heap Scan on movie_info mi2  (cost=13057.09..355210.25 rows=6879 width=8) (actual time=33.882..452.639 rows=95494 loops=1)
                                                         Recheck Cond: (info_type_id = 4)
                                                         Filter: ((info)::text = ANY ('{German,Italian}'::text[]))
                                                         Rows Removed by Filter: 1203495
                                                         Heap Blocks: exact=8393
                                                         Buffers: shared hit=5731 read=3681
                                                         ->  Bitmap Index Scan on info_type_id_movie_info  (cost=0.00..13055.37 rows=1221191 width=0) (actual time=32.056..32.056 rows=1298989 loops=1)
                                                               Index Cond: (info_type_id = 4)
                                                               Buffers: shared hit=1019
                                                   ->  Memoize  (cost=0.44..7.01 rows=1 width=8) (actual time=0.034..0.034 rows=0 loops=95494)
                                                         Cache Key: mi2.movie_id
                                                         Cache Mode: logical
                                                         Hits: 1129  Misses: 94365  Evictions: 0  Overflows: 0  Memory Usage: 7146kB
                                                         Buffers: shared hit=366843 read=10617
                                                         ->  Index Scan using title_pkey on title t  (cost=0.43..7.00 rows=1 width=8) (actual time=0.034..0.034 rows=0 loops=94365)
                                                               Index Cond: (id = mi2.movie_id)
                                                               Filter: ((production_year <= 1975) AND (1925 < production_year))
                                                               Rows Removed by Filter: 1
                                                               Buffers: shared hit=366843 read=10617
                                             ->  Hash  (cost=1.09..1.09 rows=2 width=4) (actual time=0.013..0.014 rows=2 loops=1)
                                                   Buckets: 1024  Batches: 1  Memory Usage: 9kB
                                                   Buffers: shared hit=1
                                                   ->  Seq Scan on kind_type kt  (cost=0.00..1.09 rows=2 width=4) (actual time=0.008..0.009 rows=2 loops=1)
                                                         Filter: ((kind)::text = ANY ('{episode,"tv movie"}'::text[]))
                                                         Rows Removed by Filter: 5
                                                         Buffers: shared hit=1
                                       ->  Index Scan using movie_id_movie_info on movie_info mi1  (cost=0.43..43.08 rows=1 width=8) (actual time=0.081..0.081 rows=0 loops=6416)
                                             Index Cond: (movie_id = t.id)
                                             Filter: ((info_type_id = 3) AND ((info)::text = ANY ('{Crime,Documentary,Music}'::text[])))
                                             Rows Removed by Filter: 6
                                             Buffers: shared hit=49473 read=6874
                     ->  Index Scan using movie_id_cast_info on cast_info ci  (cost=0.44..44.50 rows=38 width=12) (actual time=0.041..0.217 rows=15 loops=1123)
                           Index Cond: (movie_id = t.id)
                           Buffers: shared hit=13773 read=6490
               ->  Hash  (cost=1.15..1.15 rows=2 width=4) (actual time=0.032..0.033 rows=2 loops=1)
                     Buckets: 1024  Batches: 1  Memory Usage: 9kB
                     Buffers: shared hit=1
                     ->  Seq Scan on role_type rt  (cost=0.00..1.15 rows=2 width=4) (actual time=0.025..0.027 rows=2 loops=1)
                           Filter: ((role)::text = ANY ('{editor,"production designer"}'::text[]))
                           Rows Removed by Filter: 10
                           Buffers: shared hit=1
         ->  Index Scan using name_pkey on name n  (cost=0.43..2.32 rows=1 width=4) (actual time=0.044..0.044 rows=0 loops=679)
               Index Cond: (id = ci.person_id)
               Filter: ((gender)::text = 'm'::text)
               Rows Removed by Filter: 1
               Buffers: shared hit=2156 read=560
 Planning:
   Buffers: shared hit=574
 Planning Time: 11.105 ms
 Execution Time: 4578.884 ms
(78 rows)

