                                                                                            QUERY PLAN                                                                                            
--------------------------------------------------------------------------------------------------------------------------------------------------------------------------------------------------
 Aggregate  (cost=571681.56..571681.57 rows=1 width=8) (actual time=27413.894..27413.904 rows=1 loops=1)
   Buffers: shared hit=2420069 read=413502, temp read=2599 written=2599
   ->  Nested Loop  (cost=90145.84..571681.19 rows=146 width=0) (actual time=514.570..27406.598 rows=32955 loops=1)
         Buffers: shared hit=2420069 read=413502, temp read=2599 written=2599
         ->  Hash Join  (cost=90145.41..571161.62 rows=224 width=4) (actual time=514.538..24896.238 rows=72146 loops=1)
               Hash Cond: (ci.role_id = rt.id)
               Buffers: shared hit=2155183 read=389804, temp read=2599 written=2599
               ->  Nested Loop  (cost=90144.24..571155.66 rows=1347 width=8) (actual time=514.435..24751.504 rows=802507 loops=1)
                     Buffers: shared hit=2155182 read=389804, temp read=2599 written=2599
                     ->  Nested Loop  (cost=90143.80..566937.00 rows=94 width=12) (actual time=514.403..15877.611 rows=50156 loops=1)
                           Buffers: shared hit=1398605 read=208464, temp read=2599 written=2599
                           ->  Seq Scan on info_type it2  (cost=0.00..2.41 rows=1 width=4) (actual time=0.031..0.040 rows=1 loops=1)
                                 Filter: (id = 4)
                                 Rows Removed by Filter: 112
                                 Buffers: shared hit=1
                           ->  Nested Loop  (cost=90143.80..566933.65 rows=94 width=16) (actual time=514.371..15866.455 rows=50156 loops=1)
                                 Buffers: shared hit=1398604 read=208464, temp read=2599 written=2599
                                 ->  Seq Scan on info_type it1  (cost=0.00..2.41 rows=1 width=4) (actual time=0.008..0.022 rows=1 loops=1)
                                       Filter: (id = 3)
                                       Rows Removed by Filter: 112
                                       Buffers: shared hit=1
                                 ->  Nested Loop  (cost=90143.80..566930.29 rows=94 width=20) (actual time=514.359..15854.196 rows=50156 loops=1)
                                       Buffers: shared hit=1398603 read=208464, temp read=2599 written=2599
                                       ->  Hash Join  (cost=90143.36..447612.86 rows=2766 width=12) (actual time=501.275..1606.239 rows=138252 loops=1)
                                             Hash Cond: (mi2.movie_id = t.id)
                                             Buffers: shared hit=29752 read=16052, temp read=2599 written=2599
                                             ->  Bitmap Heap Scan on movie_info mi2  (cost=13072.67..370255.01 rows=69201 width=8) (actual time=33.219..521.671 rows=864831 loops=1)
                                                   Recheck Cond: (info_type_id = 4)
                                                   Filter: ((info)::text = ANY ('{English,French,Italian}'::text[]))
                                                   Rows Removed by Filter: 434158
                                                   Heap Blocks: exact=8393
                                                   Buffers: shared hit=2849 read=6563
                                                   ->  Bitmap Index Scan on info_type_id_movie_info  (cost=0.00..13055.37 rows=1221191 width=0) (actual time=32.191..32.191 rows=1298989 loops=1)
                                                         Index Cond: (info_type_id = 4)
                                                         Buffers: shared hit=1019
                                             ->  Hash  (cost=75807.56..75807.56 rows=101051 width=4) (actual time=465.908..465.911 rows=318145 loops=1)
                                                   Buckets: 262144 (originally 131072)  Batches: 2 (originally 1)  Memory Usage: 7652kB
                                                   Buffers: shared hit=26903 read=9489, temp written=465
                                                   ->  Hash Join  (cost=1.11..75807.56 rows=101051 width=4) (actual time=0.093..414.958 rows=318145 loops=1)
                                                         Hash Cond: (t.kind_id = kt.id)
                                                         Buffers: shared hit=26903 read=9489
                                                         ->  Seq Scan on title t  (cost=0.00..74315.95 rows=353677 width=8) (actual time=0.076..374.022 rows=347589 loops=1)
                                                               Filter: ((production_year <= 1975) AND (1925 < production_year))
                                                               Rows Removed by Filter: 2180723
                                                               Buffers: shared hit=26902 read=9489
                                                         ->  Hash  (cost=1.09..1.09 rows=2 width=4) (actual time=0.014..0.015 rows=2 loops=1)
                                                               Buckets: 1024  Batches: 1  Memory Usage: 9kB
                                                               Buffers: shared hit=1
                                                               ->  Seq Scan on kind_type kt  (cost=0.00..1.09 rows=2 width=4) (actual time=0.007..0.008 rows=2 loops=1)
                                                                     Filter: ((kind)::text = ANY ('{episode,movie}'::text[]))
                                                                     Rows Removed by Filter: 5
                                                                     Buffers: shared hit=1
                                       ->  Index Scan using movie_id_movie_info on movie_info mi1  (cost=0.43..43.13 rows=1 width=8) (actual time=0.102..0.102 rows=0 loops=138252)
                                             Index Cond: (movie_id = t.id)
                                             Filter: ((info_type_id = 3) AND ((info)::text = ANY ('{Adult,Documentary,Drama,Short}'::text[])))
                                             Rows Removed by Filter: 14
                                             Buffers: shared hit=1368851 read=192412
                     ->  Index Scan using movie_id_cast_info on cast_info ci  (cost=0.44..44.50 rows=38 width=12) (actual time=0.035..0.173 rows=16 loops=50156)
                           Index Cond: (movie_id = t.id)
                           Buffers: shared hit=756577 read=181340
               ->  Hash  (cost=1.15..1.15 rows=2 width=4) (actual time=0.034..0.035 rows=2 loops=1)
                     Buckets: 1024  Batches: 1  Memory Usage: 9kB
                     Buffers: shared hit=1
                     ->  Seq Scan on role_type rt  (cost=0.00..1.15 rows=2 width=4) (actual time=0.026..0.028 rows=2 loops=1)
                           Filter: ((role)::text = ANY ('{"production designer",writer}'::text[]))
                           Rows Removed by Filter: 10
                           Buffers: shared hit=1
         ->  Index Scan using name_pkey on name n  (cost=0.43..2.32 rows=1 width=4) (actual time=0.034..0.034 rows=0 loops=72146)
               Index Cond: (id = ci.person_id)
               Filter: ((gender)::text = ANY ('{f,m}'::text[]))
               Rows Removed by Filter: 1
               Buffers: shared hit=264886 read=23698
 Planning:
   Buffers: shared hit=574
 Planning Time: 12.449 ms
 Execution Time: 27414.534 ms
(76 rows)

