                                                                                            QUERY PLAN                                                                                            
--------------------------------------------------------------------------------------------------------------------------------------------------------------------------------------------------
 Aggregate  (cost=543936.71..543936.72 rows=1 width=8) (actual time=1271.425..1271.432 rows=1 loops=1)
   Buffers: shared hit=53623 read=56385
   ->  Nested Loop  (cost=90764.80..543936.66 rows=22 width=0) (actual time=400.683..1271.322 rows=441 loops=1)
         Buffers: shared hit=53623 read=56385
         ->  Seq Scan on info_type it2  (cost=0.00..2.41 rows=1 width=4) (actual time=0.033..0.040 rows=1 loops=1)
               Filter: (id = 4)
               Rows Removed by Filter: 112
               Buffers: shared hit=1
         ->  Nested Loop  (cost=90764.80..543934.02 rows=22 width=4) (actual time=400.648..1271.203 rows=441 loops=1)
               Buffers: shared hit=53622 read=56385
               ->  Seq Scan on info_type it1  (cost=0.00..2.41 rows=1 width=4) (actual time=0.006..0.015 rows=1 loops=1)
                     Filter: (id = 3)
                     Rows Removed by Filter: 112
                     Buffers: shared hit=1
               ->  Nested Loop  (cost=90764.80..543931.39 rows=22 width=8) (actual time=400.639..1271.106 rows=441 loops=1)
                     Buffers: shared hit=53621 read=56385
                     ->  Hash Join  (cost=90764.37..543808.46 rows=53 width=12) (actual time=400.608..1251.391 rows=782 loops=1)
                           Hash Cond: (ci.role_id = rt.id)
                           Buffers: shared hit=50834 read=56044
                           ->  Nested Loop  (cost=90763.21..543805.05 rows=631 width=16) (actual time=399.462..1248.281 rows=28071 loops=1)
                                 Buffers: shared hit=50833 read=56044
                                 ->  Nested Loop  (cost=90762.77..541830.35 rows=44 width=20) (actual time=399.432..951.903 rows=2267 loops=1)
                                       Buffers: shared hit=25165 read=47400
                                       ->  Hash Join  (cost=90762.33..493113.75 rows=1124 width=12) (actual time=399.292..757.378 rows=3003 loops=1)
                                             Hash Cond: (mi2.movie_id = t.id)
                                             Buffers: shared hit=4118 read=41686
                                             ->  Bitmap Heap Scan on movie_info mi2  (cost=13060.05..415329.93 rows=18746 width=8) (actual time=36.690..359.474 rows=276461 loops=1)
                                                   Recheck Cond: (info_type_id = 4)
                                                   Filter: ((info)::text = ANY ('{French,German,Japanese,Korean,Russian,Spanish}'::text[]))
                                                   Rows Removed by Filter: 1022528
                                                   Heap Blocks: exact=8393
                                                   Buffers: shared hit=4117 read=5295
                                                   ->  Bitmap Index Scan on info_type_id_movie_info  (cost=0.00..13055.37 rows=1221191 width=0) (actual time=34.289..34.289 rows=1298989 loops=1)
                                                         Index Cond: (info_type_id = 4)
                                                         Buffers: shared read=1019
                                             ->  Hash  (cost=75807.58..75807.58 rows=151576 width=4) (actual time=361.542..361.544 rows=11843 loops=1)
                                                   Buckets: 262144  Batches: 1  Memory Usage: 2465kB
                                                   Buffers: shared hit=1 read=36391
                                                   ->  Hash Join  (cost=1.13..75807.58 rows=151576 width=4) (actual time=0.122..358.484 rows=11843 loops=1)
                                                         Hash Cond: (t.kind_id = kt.id)
                                                         Buffers: shared hit=1 read=36391
                                                         ->  Seq Scan on title t  (cost=0.00..74315.95 rows=353677 width=8) (actual time=0.020..338.229 rows=347589 loops=1)
                                                               Filter: ((production_year <= 1975) AND (1925 < production_year))
                                                               Rows Removed by Filter: 2180723
                                                               Buffers: shared read=36391
                                                         ->  Hash  (cost=1.10..1.10 rows=3 width=4) (actual time=0.013..0.014 rows=3 loops=1)
                                                               Buckets: 1024  Batches: 1  Memory Usage: 9kB
                                                               Buffers: shared hit=1
                                                               ->  Seq Scan on kind_type kt  (cost=0.00..1.10 rows=3 width=4) (actual time=0.006..0.007 rows=3 loops=1)
                                                                     Filter: ((kind)::text = ANY ('{"tv series","video game","video movie"}'::text[]))
                                                                     Rows Removed by Filter: 4
                                                                     Buffers: shared hit=1
                                       ->  Index Scan using movie_id_movie_info on movie_info mi1  (cost=0.43..43.33 rows=1 width=8) (actual time=0.062..0.064 rows=1 loops=3003)
                                             Index Cond: (movie_id = t.id)
                                             Filter: ((info_type_id = 3) AND ((info)::text = ANY ('{Action,Adventure,Comedy,Crime,Drama,Romance,Short,Western}'::text[])))
                                             Rows Removed by Filter: 8
                                             Buffers: shared hit=21047 read=5714
                                 ->  Index Scan using movie_id_cast_info on cast_info ci  (cost=0.44..44.50 rows=38 width=12) (actual time=0.029..0.128 rows=12 loops=2267)
                                       Index Cond: (movie_id = t.id)
                                       Buffers: shared hit=25668 read=8644
                           ->  Hash  (cost=1.15..1.15 rows=1 width=4) (actual time=0.014..0.015 rows=1 loops=1)
                                 Buckets: 1024  Batches: 1  Memory Usage: 9kB
                                 Buffers: shared hit=1
                                 ->  Seq Scan on role_type rt  (cost=0.00..1.15 rows=1 width=4) (actual time=0.009..0.011 rows=1 loops=1)
                                       Filter: ((role)::text = 'producer'::text)
                                       Rows Removed by Filter: 11
                                       Buffers: shared hit=1
                     ->  Index Scan using name_pkey on name n  (cost=0.43..2.32 rows=1 width=4) (actual time=0.025..0.025 rows=1 loops=782)
                           Index Cond: (id = ci.person_id)
                           Filter: ((gender)::text = 'm'::text)
                           Rows Removed by Filter: 0
                           Buffers: shared hit=2787 read=341
 Planning:
   Buffers: shared hit=482 read=92
 Planning Time: 12.840 ms
 Execution Time: 1272.013 ms
(76 rows)

