                                                                                               QUERY PLAN                                                                                               
--------------------------------------------------------------------------------------------------------------------------------------------------------------------------------------------------------
 Aggregate  (cost=1100842.02..1100842.03 rows=1 width=8) (actual time=153773.189..153773.198 rows=1 loops=1)
   Buffers: shared hit=13141018 read=2590825, temp read=19340 written=19340
   ->  Nested Loop  (cost=570449.61..1100841.01 rows=404 width=0) (actual time=2127.521..153762.725 rows=24598 loops=1)
         Buffers: shared hit=13141018 read=2590825, temp read=19340 written=19340
         ->  Seq Scan on info_type it2  (cost=0.00..2.41 rows=1 width=4) (actual time=0.046..0.053 rows=1 loops=1)
               Filter: (id = 4)
               Rows Removed by Filter: 112
               Buffers: shared hit=1
         ->  Nested Loop  (cost=570449.61..1100834.56 rows=404 width=4) (actual time=2127.473..153755.425 rows=24598 loops=1)
               Buffers: shared hit=13141017 read=2590825, temp read=19340 written=19340
               ->  Seq Scan on info_type it1  (cost=0.00..2.41 rows=1 width=4) (actual time=0.013..0.022 rows=1 loops=1)
                     Filter: (id = 3)
                     Rows Removed by Filter: 112
                     Buffers: shared hit=1
               ->  Nested Loop  (cost=570449.61..1100828.11 rows=404 width=8) (actual time=2127.457..153747.716 rows=24598 loops=1)
                     Buffers: shared hit=13141016 read=2590825, temp read=19340 written=19340
                     ->  Hash Join  (cost=570449.18..1096794.46 rows=1739 width=12) (actual time=2071.350..134018.735 rows=539731 loops=1)
                           Hash Cond: (ci.role_id = rt.id)
                           Buffers: shared hit=11226306 read=2346611, temp read=19340 written=19340
                           ->  Nested Loop  (cost=570448.02..1096719.17 rows=20870 width=16) (actual time=2071.109..131841.839 rows=11896422 loops=1)
                                 Buffers: shared hit=11226305 read=2346611, temp read=19340 written=19340
                                 ->  Hash Join  (cost=570447.58..1033150.69 rows=1456 width=20) (actual time=2071.062..3741.394 rows=649873 loops=1)
                                       Hash Cond: (mi2.movie_id = t.id)
                                       Buffers: shared hit=9012 read=47767, temp read=19340 written=19340
                                       ->  Bitmap Heap Scan on movie_info mi2  (cost=13075.50..475462.10 rows=80520 width=8) (actual time=35.547..584.644 rows=1052615 loops=1)
                                             Recheck Cond: (info_type_id = 4)
                                             Filter: ((info)::text = ANY ('{Danish,English,Finnish,French,German,Mandarin,Polish,Portuguese,Spanish,Tagalog}'::text[]))
                                             Rows Removed by Filter: 246374
                                             Heap Blocks: exact=8393
                                             Buffers: shared hit=2689 read=6723
                                             ->  Bitmap Index Scan on info_type_id_movie_info  (cost=0.00..13055.37 rows=1221191 width=0) (actual time=34.509..34.509 rows=1298989 loops=1)
                                                   Index Cond: (info_type_id = 4)
                                                   Buffers: shared hit=1019
                                       ->  Hash  (cost=556800.50..556800.50 rows=45726 width=12) (actual time=2032.279..2032.283 rows=806537 loops=1)
                                             Buckets: 262144 (originally 65536)  Batches: 8 (originally 1)  Memory Usage: 6376kB
                                             Buffers: shared hit=6323 read=41044, temp read=11241 written=13995
                                             ->  Hash Join  (cost=117297.12..556800.50 rows=45726 width=12) (actual time=1019.799..1907.528 rows=806537 loops=1)
                                                   Hash Cond: (mi1.movie_id = t.id)
                                                   Buffers: shared hit=6323 read=41044, temp read=11241 written=11241
                                                   ->  Bitmap Heap Scan on movie_info mi1  (cost=16477.08..450251.96 rows=114465 width=8) (actual time=38.753..449.971 rows=1102495 loops=1)
                                                         Recheck Cond: (info_type_id = 3)
                                                         Filter: ((info)::text = ANY ('{Adult,Comedy,Documentary,Drama,Family,News,Romance,Short}'::text[]))
                                                         Rows Removed by Filter: 431414
                                                         Heap Blocks: exact=9772
                                                         Buffers: shared hit=4299 read=6676
                                                         ->  Bitmap Index Scan on info_type_id_movie_info  (cost=0.00..16448.47 rows=1538671 width=0) (actual time=37.561..37.561 rows=1533909 loops=1)
                                                               Index Cond: (info_type_id = 3)
                                                               Buffers: shared hit=1 read=1202
                                                   ->  Hash  (cost=84248.88..84248.88 rows=1010013 width=4) (actual time=978.998..979.001 rows=2148656 loops=1)
                                                         Buckets: 262144 (originally 262144)  Batches: 16 (originally 8)  Memory Usage: 6773kB
                                                         Buffers: shared hit=2024 read=34368, temp written=5895
                                                         ->  Hash Join  (cost=1.13..84248.88 rows=1010013 width=4) (actual time=0.041..698.489 rows=2148656 loops=1)
                                                               Hash Cond: (t.kind_id = kt.id)
                                                               Buffers: shared hit=2024 read=34368
                                                               ->  Seq Scan on title t  (cost=0.00..74315.95 rows=2356696 width=8) (actual time=0.020..433.791 rows=2352201 loops=1)
                                                                     Filter: ((production_year <= 2015) AND (1925 < production_year))
                                                                     Rows Removed by Filter: 176111
                                                                     Buffers: shared hit=2023 read=34368
                                                               ->  Hash  (cost=1.10..1.10 rows=3 width=4) (actual time=0.014..0.015 rows=3 loops=1)
                                                                     Buckets: 1024  Batches: 1  Memory Usage: 9kB
                                                                     Buffers: shared hit=1
                                                                     ->  Seq Scan on kind_type kt  (cost=0.00..1.10 rows=3 width=4) (actual time=0.009..0.010 rows=3 loops=1)
                                                                           Filter: ((kind)::text = ANY ('{episode,movie,"video movie"}'::text[]))
                                                                           Rows Removed by Filter: 4
                                                                           Buffers: shared hit=1
                                 ->  Index Scan using movie_id_cast_info on cast_info ci  (cost=0.44..43.28 rows=38 width=12) (actual time=0.035..0.191 rows=18 loops=649873)
                                       Index Cond: (movie_id = t.id)
                                       Buffers: shared hit=11217293 read=2298844
                           ->  Hash  (cost=1.15..1.15 rows=1 width=4) (actual time=0.019..0.019 rows=1 loops=1)
                                 Buckets: 1024  Batches: 1  Memory Usage: 9kB
                                 Buffers: shared hit=1
                                 ->  Seq Scan on role_type rt  (cost=0.00..1.15 rows=1 width=4) (actual time=0.011..0.012 rows=1 loops=1)
                                       Filter: ((role)::text = 'editor'::text)
                                       Rows Removed by Filter: 11
                                       Buffers: shared hit=1
                     ->  Index Scan using name_pkey on name n  (cost=0.43..2.32 rows=1 width=4) (actual time=0.036..0.036 rows=0 loops=539731)
                           Index Cond: (id = ci.person_id)
                           Filter: ((gender)::text = 'f'::text)
                           Rows Removed by Filter: 1
                           Buffers: shared hit=1914710 read=244214
 Planning:
   Buffers: shared hit=574
 Planning Time: 13.891 ms
 Execution Time: 153773.914 ms
(84 rows)

