                                                                                               QUERY PLAN                                                                                               
--------------------------------------------------------------------------------------------------------------------------------------------------------------------------------------------------------
 Aggregate  (cost=417433.71..417433.72 rows=1 width=8) (actual time=2390.663..2390.668 rows=1 loops=1)
   Buffers: shared hit=193694 read=52947
   ->  Nested Loop  (cost=13060.05..417433.70 rows=5 width=0) (actual time=58.670..2390.614 rows=75 loops=1)
         Buffers: shared hit=193694 read=52947
         ->  Hash Join  (cost=13059.62..417417.46 rows=7 width=4) (actual time=40.551..2368.558 rows=580 loops=1)
               Hash Cond: (ci.role_id = rt.id)
               Buffers: shared hit=191965 read=52356
               ->  Nested Loop  (cost=13058.44..417416.13 rows=43 width=8) (actual time=37.988..2366.776 rows=11595 loops=1)
                     Buffers: shared hit=191964 read=52356
                     ->  Nested Loop  (cost=13058.00..417285.15 rows=3 width=12) (actual time=37.947..2224.268 rows=634 loops=1)
                           Buffers: shared hit=183606 read=47414
                           ->  Seq Scan on info_type it2  (cost=0.00..2.41 rows=1 width=4) (actual time=0.021..0.025 rows=1 loops=1)
                                 Filter: (id = 4)
                                 Rows Removed by Filter: 112
                                 Buffers: shared hit=1
                           ->  Nested Loop  (cost=13058.00..417282.71 rows=3 width=16) (actual time=37.925..2224.080 rows=634 loops=1)
                                 Buffers: shared hit=183605 read=47414
                                 ->  Seq Scan on info_type it1  (cost=0.00..2.41 rows=1 width=4) (actual time=0.007..0.014 rows=1 loops=1)
                                       Filter: (id = 3)
                                       Rows Removed by Filter: 112
                                       Buffers: shared hit=1
                                 ->  Nested Loop  (cost=13058.00..417280.27 rows=3 width=20) (actual time=37.915..2223.914 rows=634 loops=1)
                                       Buffers: shared hit=183604 read=47414
                                       ->  Hash Join  (cost=13057.57..374902.14 rows=1004 width=12) (actual time=37.823..1713.876 rows=6017 loops=1)
                                             Hash Cond: (t.kind_id = kt.id)
                                             Buffers: shared hit=146925 read=28400
                                             ->  Nested Loop  (cost=13056.44..374891.13 rows=2343 width=16) (actual time=37.787..1707.241 rows=32989 loops=1)
                                                   Buffers: shared hit=146924 read=28400
                                                   ->  Bitmap Heap Scan on movie_info mi2  (cost=13056.00..355209.16 rows=2514 width=8) (actual time=37.748..364.234 rows=41851 loops=1)
                                                         Recheck Cond: (info_type_id = 4)
                                                         Filter: ((info)::text = ANY ('{Italian,Russian}'::text[]))
                                                         Rows Removed by Filter: 1257138
                                                         Heap Blocks: exact=8393
                                                         Buffers: shared hit=7 read=9405
                                                         ->  Bitmap Index Scan on info_type_id_movie_info  (cost=0.00..13055.37 rows=1221191 width=0) (actual time=35.732..35.732 rows=1298989 loops=1)
                                                               Index Cond: (info_type_id = 4)
                                                               Buffers: shared read=1019
                                                   ->  Memoize  (cost=0.44..7.84 rows=1 width=8) (actual time=0.032..0.032 rows=1 loops=41851)
                                                         Cache Key: mi2.movie_id
                                                         Cache Mode: logical
                                                         Hits: 373  Misses: 41478  Evictions: 0  Overflows: 0  Memory Usage: 4029kB
                                                         Buffers: shared hit=146917 read=18995
                                                         ->  Index Scan using title_pkey on title t  (cost=0.43..7.83 rows=1 width=8) (actual time=0.031..0.031 rows=1 loops=41478)
                                                               Index Cond: (id = mi2.movie_id)
                                                               Filter: ((production_year <= 2015) AND (1925 < production_year))
                                                               Rows Removed by Filter: 0
                                                               Buffers: shared hit=146917 read=18995
                                             ->  Hash  (cost=1.10..1.10 rows=3 width=4) (actual time=0.015..0.016 rows=3 loops=1)
                                                   Buckets: 1024  Batches: 1  Memory Usage: 9kB
                                                   Buffers: shared hit=1
                                                   ->  Seq Scan on kind_type kt  (cost=0.00..1.10 rows=3 width=4) (actual time=0.008..0.010 rows=3 loops=1)
                                                         Filter: ((kind)::text = ANY ('{"tv movie","tv series","video game"}'::text[]))
                                                         Rows Removed by Filter: 4
                                                         Buffers: shared hit=1
                                       ->  Index Scan using movie_id_movie_info on movie_info mi1  (cost=0.43..42.20 rows=1 width=8) (actual time=0.084..0.084 rows=0 loops=6017)
                                             Index Cond: (movie_id = t.id)
                                             Filter: (((info)::text = ANY ('{Family,Romance}'::text[])) AND (info_type_id = 3))
                                             Rows Removed by Filter: 9
                                             Buffers: shared hit=36679 read=19014
                     ->  Index Scan using movie_id_cast_info on cast_info ci  (cost=0.44..43.28 rows=38 width=12) (actual time=0.035..0.220 rows=18 loops=634)
                           Index Cond: (movie_id = t.id)
                           Buffers: shared hit=8358 read=4942
               ->  Hash  (cost=1.15..1.15 rows=2 width=4) (actual time=0.034..0.034 rows=2 loops=1)
                     Buckets: 1024  Batches: 1  Memory Usage: 9kB
                     Buffers: shared hit=1
                     ->  Seq Scan on role_type rt  (cost=0.00..1.15 rows=2 width=4) (actual time=0.026..0.028 rows=2 loops=1)
                           Filter: ((role)::text = ANY ('{cinematographer,"costume designer"}'::text[]))
                           Rows Removed by Filter: 10
                           Buffers: shared hit=1
         ->  Index Scan using name_pkey on name n  (cost=0.43..2.32 rows=1 width=4) (actual time=0.037..0.037 rows=0 loops=580)
               Index Cond: (id = ci.person_id)
               Filter: ((gender)::text = ANY ('{f,m}'::text[]))
               Rows Removed by Filter: 1
               Buffers: shared hit=1729 read=591
 Planning:
   Buffers: shared hit=480 read=94
 Planning Time: 14.061 ms
 Execution Time: 2391.628 ms
(78 rows)

