                                                                                               QUERY PLAN                                                                                               
--------------------------------------------------------------------------------------------------------------------------------------------------------------------------------------------------------
 Aggregate  (cost=1028270.69..1028270.70 rows=1 width=8) (actual time=30023.681..30023.691 rows=1 loops=1)
   Buffers: shared hit=2558311 read=457179, temp read=3714 written=3714
   ->  Nested Loop  (cost=509887.15..1028268.70 rows=796 width=0) (actual time=1346.441..30022.689 rows=1887 loops=1)
         Buffers: shared hit=2558311 read=457179, temp read=3714 written=3714
         ->  Seq Scan on info_type it2  (cost=0.00..2.41 rows=1 width=4) (actual time=0.038..0.048 rows=1 loops=1)
               Filter: (id = 4)
               Rows Removed by Filter: 112
               Buffers: shared hit=1
         ->  Nested Loop  (cost=509887.15..1028258.32 rows=796 width=4) (actual time=1346.401..30022.073 rows=1887 loops=1)
               Buffers: shared hit=2558310 read=457179, temp read=3714 written=3714
               ->  Seq Scan on info_type it1  (cost=0.00..2.41 rows=1 width=4) (actual time=0.009..0.020 rows=1 loops=1)
                     Filter: (id = 3)
                     Rows Removed by Filter: 112
                     Buffers: shared hit=1
               ->  Nested Loop  (cost=509887.15..1028247.95 rows=796 width=8) (actual time=1346.388..30021.394 rows=1887 loops=1)
                     Buffers: shared hit=2558309 read=457179, temp read=3714 written=3714
                     ->  Hash Join  (cost=509886.72..1020296.64 rows=3428 width=12) (actual time=1240.364..27317.608 rows=75816 loops=1)
                           Hash Cond: (ci.role_id = rt.id)
                           Buffers: shared hit=2275376 read=436848, temp read=3714 written=3714
                           ->  Nested Loop  (cost=509885.55..1020222.40 rows=20569 width=16) (actual time=1240.019..26916.645 rows=2423327 loops=1)
                                 Buffers: shared hit=2275375 read=436848, temp read=3714 written=3714
                                 ->  Hash Join  (cost=509885.11..957570.77 rows=1435 width=20) (actual time=1239.964..2218.371 rows=112629 loops=1)
                                       Hash Cond: (mi2.movie_id = t.id)
                                       Buffers: shared hit=17940 read=38839, temp read=3714 written=3714
                                       ->  Bitmap Heap Scan on movie_info mi2  (cost=13076.29..460433.71 rows=83704 width=8) (actual time=35.961..650.992 rows=1084985 loops=1)
                                             Recheck Cond: (info_type_id = 4)
                                             Filter: ((info)::text = ANY ('{English,French,German,Italian,Japanese,None,Spanish,Swedish,Turkish}'::text[]))
                                             Rows Removed by Filter: 214004
                                             Heap Blocks: exact=8393
                                             Buffers: shared hit=1073 read=8339
                                             ->  Bitmap Index Scan on info_type_id_movie_info  (cost=0.00..13055.37 rows=1221191 width=0) (actual time=34.934..34.934 rows=1298989 loops=1)
                                                   Index Cond: (info_type_id = 4)
                                                   Buffers: shared hit=1019
                                       ->  Hash  (cost=496266.88..496266.88 rows=43355 width=12) (actual time=1202.336..1202.341 rows=134214 loops=1)
                                             Buckets: 262144 (originally 65536)  Batches: 1 (originally 1)  Memory Usage: 7816kB
                                             Buffers: shared hit=16867 read=30500, temp read=3714 written=3714
                                             ->  Hash Join  (cost=117295.67..496266.88 rows=43355 width=12) (actual time=670.565..1179.379 rows=134214 loops=1)
                                                   Hash Cond: (mi1.movie_id = t.id)
                                                   Buffers: shared hit=16867 read=30500, temp read=3714 written=3714
                                                   ->  Bitmap Heap Scan on movie_info mi1  (cost=16475.63..389812.31 rows=108528 width=8) (actual time=38.203..315.161 rows=1065114 loops=1)
                                                         Recheck Cond: (info_type_id = 3)
                                                         Filter: ((info)::text = ANY ('{Animation,Comedy,Drama,Family,Fantasy,Horror,Music,Romance,Sci-Fi,Short,Thriller}'::text[]))
                                                         Rows Removed by Filter: 468795
                                                         Heap Blocks: exact=9772
                                                         Buffers: shared hit=2131 read=8844
                                                         ->  Bitmap Index Scan on info_type_id_movie_info  (cost=0.00..16448.47 rows=1538671 width=0) (actual time=37.001..37.001 rows=1533909 loops=1)
                                                               Index Cond: (info_type_id = 3)
                                                               Buffers: shared hit=1 read=1202
                                                   ->  Hash  (cost=84248.88..84248.88 rows=1010013 width=4) (actual time=631.330..631.333 rows=203545 loops=1)
                                                         Buckets: 262144  Batches: 8  Memory Usage: 2942kB
                                                         Buffers: shared hit=14736 read=21656, temp written=519
                                                         ->  Hash Join  (cost=1.13..84248.88 rows=1010013 width=4) (actual time=0.046..602.309 rows=203545 loops=1)
                                                               Hash Cond: (t.kind_id = kt.id)
                                                               Buffers: shared hit=14736 read=21656
                                                               ->  Seq Scan on title t  (cost=0.00..74315.95 rows=2356696 width=8) (actual time=0.023..459.552 rows=2352201 loops=1)
                                                                     Filter: ((production_year <= 2015) AND (1925 < production_year))
                                                                     Rows Removed by Filter: 176111
                                                                     Buffers: shared hit=14735 read=21656
                                                               ->  Hash  (cost=1.10..1.10 rows=3 width=4) (actual time=0.012..0.013 rows=3 loops=1)
                                                                     Buckets: 1024  Batches: 1  Memory Usage: 9kB
                                                                     Buffers: shared hit=1
                                                                     ->  Seq Scan on kind_type kt  (cost=0.00..1.10 rows=3 width=4) (actual time=0.007..0.009 rows=3 loops=1)
                                                                           Filter: ((kind)::text = ANY ('{"tv movie","tv series","video game"}'::text[]))
                                                                           Rows Removed by Filter: 4
                                                                           Buffers: shared hit=1
                                 ->  Index Scan using movie_id_cast_info on cast_info ci  (cost=0.44..43.28 rows=38 width=12) (actual time=0.034..0.213 rows=22 loops=112629)
                                       Index Cond: (movie_id = t.id)
                                       Buffers: shared hit=2257435 read=398009
                           ->  Hash  (cost=1.15..1.15 rows=2 width=4) (actual time=0.025..0.026 rows=2 loops=1)
                                 Buckets: 1024  Batches: 1  Memory Usage: 9kB
                                 Buffers: shared hit=1
                                 ->  Seq Scan on role_type rt  (cost=0.00..1.15 rows=2 width=4) (actual time=0.012..0.014 rows=2 loops=1)
                                       Filter: ((role)::text = ANY ('{composer,"production designer"}'::text[]))
                                       Rows Removed by Filter: 10
                                       Buffers: shared hit=1
                     ->  Index Scan using name_pkey on name n  (cost=0.43..2.32 rows=1 width=4) (actual time=0.035..0.035 rows=0 loops=75816)
                           Index Cond: (id = ci.person_id)
                           Filter: ((gender)::text = 'f'::text)
                           Rows Removed by Filter: 1
                           Buffers: shared hit=282933 read=20331
 Planning:
   Buffers: shared hit=576 read=1
 Planning Time: 14.190 ms
 Execution Time: 30024.639 ms
(84 rows)

