                                                                                               QUERY PLAN                                                                                               
--------------------------------------------------------------------------------------------------------------------------------------------------------------------------------------------------------
 Aggregate  (cost=553211.04..553211.05 rows=1 width=8) (actual time=24326.108..24326.113 rows=1 loops=1)
   Buffers: shared hit=2108654 read=321726
   ->  Nested Loop  (cost=13061.35..553210.87 rows=70 width=0) (actual time=305.610..24318.469 rows=34248 loops=1)
         Buffers: shared hit=2108654 read=321726
         ->  Hash Join  (cost=13060.92..552823.51 rows=167 width=4) (actual time=305.555..17675.729 rows=177342 loops=1)
               Hash Cond: (ci.role_id = rt.id)
               Buffers: shared hit=1450960 read=270052
               ->  Nested Loop  (cost=13059.74..552818.76 rows=1003 width=8) (actual time=305.379..17486.652 rows=774478 loops=1)
                     Buffers: shared hit=1450959 read=270052
                     ->  Nested Loop  (cost=13059.30..549757.27 rows=70 width=12) (actual time=305.331..8856.482 rows=32971 loops=1)
                           Buffers: shared hit=764804 read=103874
                           ->  Seq Scan on info_type it2  (cost=0.00..2.41 rows=1 width=4) (actual time=0.031..0.037 rows=1 loops=1)
                                 Filter: (id = 4)
                                 Rows Removed by Filter: 112
                                 Buffers: shared hit=1
                           ->  Nested Loop  (cost=13059.30..549754.16 rows=70 width=16) (actual time=305.298..8848.455 rows=32971 loops=1)
                                 Buffers: shared hit=764803 read=103874
                                 ->  Seq Scan on info_type it1  (cost=0.00..2.41 rows=1 width=4) (actual time=0.008..0.017 rows=1 loops=1)
                                       Filter: (id = 3)
                                       Rows Removed by Filter: 112
                                       Buffers: shared hit=1
                                 ->  Nested Loop  (cost=13059.30..549751.05 rows=70 width=20) (actual time=305.286..8839.925 rows=32971 loops=1)
                                       Buffers: shared hit=764802 read=103874
                                       ->  Hash Join  (cost=13058.87..452971.87 rows=2279 width=12) (actual time=37.671..4486.008 rows=42510 loops=1)
                                             Hash Cond: (t.kind_id = kt.id)
                                             Buffers: shared hit=395093 read=29508
                                             ->  Nested Loop  (cost=13057.74..452948.32 rows=5318 width=16) (actual time=37.319..4461.302 rows=53424 loops=1)
                                                   Buffers: shared hit=395092 read=29508
                                                   ->  Bitmap Heap Scan on movie_info mi2  (cost=13057.30..400298.00 rows=7715 width=8) (actual time=37.203..603.510 rows=106164 loops=1)
                                                         Recheck Cond: (info_type_id = 4)
                                                         Filter: ((info)::text = ANY ('{Arabic,Filipino,French,Italian,Norwegian}'::text[]))
                                                         Rows Removed by Filter: 1192825
                                                         Heap Blocks: exact=8393
                                                         Buffers: shared hit=61 read=9351
                                                         ->  Bitmap Index Scan on info_type_id_movie_info  (cost=0.00..13055.37 rows=1221191 width=0) (actual time=34.973..34.973 rows=1298989 loops=1)
                                                               Index Cond: (info_type_id = 4)
                                                               Buffers: shared read=1019
                                                   ->  Memoize  (cost=0.44..6.88 rows=1 width=8) (actual time=0.036..0.036 rows=1 loops=106164)
                                                         Cache Key: mi2.movie_id
                                                         Cache Mode: logical
                                                         Hits: 2367  Misses: 103797  Evictions: 7364  Overflows: 0  Memory Usage: 8193kB
                                                         Buffers: shared hit=395031 read=20157
                                                         ->  Index Scan using title_pkey on title t  (cost=0.43..6.87 rows=1 width=8) (actual time=0.035..0.035 rows=0 loops=103797)
                                                               Index Cond: (id = mi2.movie_id)
                                                               Filter: ((production_year <= 2015) AND (1990 < production_year))
                                                               Rows Removed by Filter: 1
                                                               Buffers: shared hit=395031 read=20157
                                             ->  Hash  (cost=1.10..1.10 rows=3 width=4) (actual time=0.020..0.020 rows=3 loops=1)
                                                   Buckets: 1024  Batches: 1  Memory Usage: 9kB
                                                   Buffers: shared hit=1
                                                   ->  Seq Scan on kind_type kt  (cost=0.00..1.10 rows=3 width=4) (actual time=0.008..0.010 rows=3 loops=1)
                                                         Filter: ((kind)::text = ANY ('{episode,movie,"video movie"}'::text[]))
                                                         Rows Removed by Filter: 4
                                                         Buffers: shared hit=1
                                       ->  Index Scan using movie_id_movie_info on movie_info mi1  (cost=0.43..42.46 rows=1 width=8) (actual time=0.101..0.102 rows=1 loops=42510)
                                             Index Cond: (movie_id = t.id)
                                             Filter: ((info_type_id = 3) AND ((info)::text = ANY ('{Drama,Family,Music,Romance,Short,Thriller}'::text[])))
                                             Rows Removed by Filter: 15
                                             Buffers: shared hit=369709 read=74366
                     ->  Index Scan using movie_id_cast_info on cast_info ci  (cost=0.44..43.36 rows=38 width=12) (actual time=0.038..0.255 rows=23 loops=32971)
                           Index Cond: (movie_id = t.id)
                           Buffers: shared hit=686155 read=166178
               ->  Hash  (cost=1.15..1.15 rows=2 width=4) (actual time=0.034..0.034 rows=2 loops=1)
                     Buckets: 1024  Batches: 1  Memory Usage: 9kB
                     Buffers: shared hit=1
                     ->  Seq Scan on role_type rt  (cost=0.00..1.15 rows=2 width=4) (actual time=0.026..0.028 rows=2 loops=1)
                           Filter: ((role)::text = ANY ('{director,"miscellaneous crew"}'::text[]))
                           Rows Removed by Filter: 10
                           Buffers: shared hit=1
         ->  Index Scan using name_pkey on name n  (cost=0.43..2.32 rows=1 width=4) (actual time=0.037..0.037 rows=0 loops=177342)
               Index Cond: (id = ci.person_id)
               Filter: ((gender)::text = 'm'::text)
               Rows Removed by Filter: 1
               Buffers: shared hit=657694 read=51674
 Planning:
   Buffers: shared hit=529 read=45
 Planning Time: 12.859 ms
 Execution Time: 24327.991 ms
(78 rows)

