                                                                                                     QUERY PLAN                                                                                                     
--------------------------------------------------------------------------------------------------------------------------------------------------------------------------------------------------------------------
 Aggregate  (cost=737656.32..737656.33 rows=1 width=8) (actual time=18925.084..18925.092 rows=1 loops=1)
   Buffers: shared hit=1501139 read=164423
   ->  Nested Loop  (cost=13063.92..737656.11 rows=83 width=0) (actual time=1347.998..18924.792 rows=430 loops=1)
         Buffers: shared hit=1501139 read=164423
         ->  Seq Scan on info_type it2  (cost=0.00..2.41 rows=1 width=4) (actual time=0.044..0.058 rows=1 loops=1)
               Filter: (id = 4)
               Rows Removed by Filter: 112
               Buffers: shared hit=1
         ->  Nested Loop  (cost=13063.92..737652.87 rows=83 width=4) (actual time=1347.953..18924.556 rows=430 loops=1)
               Buffers: shared hit=1501138 read=164423
               ->  Seq Scan on info_type it1  (cost=0.00..2.41 rows=1 width=4) (actual time=0.011..0.028 rows=1 loops=1)
                     Filter: (id = 3)
                     Rows Removed by Filter: 112
                     Buffers: shared hit=1
               ->  Nested Loop  (cost=13063.92..737649.63 rows=83 width=8) (actual time=1347.937..18924.341 rows=430 loops=1)
                     Buffers: shared hit=1501137 read=164423
                     ->  Hash Join  (cost=13063.49..736823.88 rows=356 width=12) (actual time=1336.020..18725.244 rows=5004 loops=1)
                           Hash Cond: (ci.role_id = rt.id)
                           Buffers: shared hit=1482928 read=162616
                           ->  Nested Loop  (cost=13062.31..736815.12 rows=2136 width=16) (actual time=1326.211..18651.969 rows=416502 loops=1)
                                 Buffers: shared hit=1482927 read=162616
                                 ->  Nested Loop  (cost=13061.87..730304.16 rows=149 width=20) (actual time=1326.124..13750.211 rows=14869 loops=1)
                                       Buffers: shared hit=1128038 read=82027
                                       ->  Hash Join  (cost=13061.41..558122.54 rows=4064 width=12) (actual time=1325.959..11874.258 rows=18835 loops=1)
                                             Hash Cond: (t.kind_id = kt.id)
                                             Buffers: shared hit=991474 read=47475
                                             ->  Nested Loop  (cost=13060.30..558061.48 rows=14224 width=16) (actual time=63.958..11827.678 rows=197007 loops=1)
                                                   Buffers: shared hit=991473 read=47475
                                                   ->  Bitmap Heap Scan on movie_info mi2  (cost=13059.86..460417.28 rows=17954 width=8) (actual time=63.784..892.035 rows=262862 loops=1)
                                                         Recheck Cond: (info_type_id = 4)
                                                         Filter: ((info)::text = ANY ('{Danish,French,Hindi,Italian,Japanese,Malayalam,Russian,Spanish,Telugu}'::text[]))
                                                         Rows Removed by Filter: 1036127
                                                         Heap Blocks: exact=8393
                                                         Buffers: shared hit=2287 read=7125
                                                         ->  Bitmap Index Scan on info_type_id_movie_info  (cost=0.00..13055.37 rows=1221191 width=0) (actual time=58.312..58.312 rows=1298989 loops=1)
                                                               Index Cond: (info_type_id = 4)
                                                               Buffers: shared read=1019
                                                   ->  Memoize  (cost=0.44..5.56 rows=1 width=8) (actual time=0.041..0.041 rows=1 loops=262862)
                                                         Cache Key: mi2.movie_id
                                                         Cache Mode: logical
                                                         Hits: 5478  Misses: 257384  Evictions: 175062  Overflows: 0  Memory Usage: 8193kB
                                                         Buffers: shared hit=989186 read=40350
                                                         ->  Index Scan using title_pkey on title t  (cost=0.43..5.55 rows=1 width=8) (actual time=0.041..0.041 rows=1 loops=257384)
                                                               Index Cond: (id = mi2.movie_id)
                                                               Filter: ((production_year <= 2015) AND (1975 < production_year))
                                                               Rows Removed by Filter: 0
                                                               Buffers: shared hit=989186 read=40350
                                             ->  Hash  (cost=1.09..1.09 rows=2 width=4) (actual time=0.017..0.018 rows=2 loops=1)
                                                   Buckets: 1024  Batches: 1  Memory Usage: 9kB
                                                   Buffers: shared hit=1
                                                   ->  Seq Scan on kind_type kt  (cost=0.00..1.09 rows=2 width=4) (actual time=0.010..0.012 rows=2 loops=1)
                                                         Filter: ((kind)::text = ANY ('{"tv movie","video game"}'::text[]))
                                                         Rows Removed by Filter: 5
                                                         Buffers: shared hit=1
                                       ->  Index Scan using movie_id_movie_info on movie_info mi1  (cost=0.46..42.36 rows=1 width=8) (actual time=0.098..0.099 rows=1 loops=18835)
                                             Index Cond: (movie_id = t.id)
                                             Filter: ((info_type_id = 3) AND ((info)::text = ANY ('{Action,Adult,Adventure,Animation,Comedy,Crime,Documentary,Drama,History,Mystery,Talk-Show,Thriller}'::text[])))
                                             Rows Removed by Filter: 7
                                             Buffers: shared hit=136564 read=34552
                                 ->  Index Scan using movie_id_cast_info on cast_info ci  (cost=0.44..43.32 rows=38 width=12) (actual time=0.042..0.321 rows=28 loops=14869)
                                       Index Cond: (movie_id = t.id)
                                       Buffers: shared hit=354889 read=80589
                           ->  Hash  (cost=1.15..1.15 rows=2 width=4) (actual time=0.022..0.023 rows=2 loops=1)
                                 Buckets: 1024  Batches: 1  Memory Usage: 9kB
                                 Buffers: shared hit=1
                                 ->  Seq Scan on role_type rt  (cost=0.00..1.15 rows=2 width=4) (actual time=0.015..0.017 rows=2 loops=1)
                                       Filter: ((role)::text = ANY ('{"costume designer","production designer"}'::text[]))
                                       Rows Removed by Filter: 10
                                       Buffers: shared hit=1
                     ->  Index Scan using name_pkey on name n  (cost=0.43..2.32 rows=1 width=4) (actual time=0.039..0.039 rows=0 loops=5004)
                           Index Cond: (id = ci.person_id)
                           Filter: ((gender)::text = 'f'::text)
                           Rows Removed by Filter: 1
                           Buffers: shared hit=18209 read=1807
 Planning:
   Buffers: shared hit=486 read=91
 Planning Time: 10.539 ms
 Execution Time: 18927.280 ms
(78 rows)

