                                                                                               QUERY PLAN                                                                                               
--------------------------------------------------------------------------------------------------------------------------------------------------------------------------------------------------------
 Aggregate  (cost=692719.13..692719.14 rows=1 width=8) (actual time=20811.188..20811.195 rows=1 loops=1)
   Buffers: shared hit=1568340 read=168501
   ->  Nested Loop  (cost=13061.84..692718.76 rows=148 width=0) (actual time=97.680..20788.128 rows=131597 loops=1)
         Buffers: shared hit=1568340 read=168501
         ->  Hash Join  (cost=13061.41..692192.23 rows=227 width=4) (actual time=97.611..14401.739 rows=141763 loops=1)
               Hash Cond: (ci.role_id = rt.id)
               Buffers: shared hit=1033695 read=136094
               ->  Nested Loop  (cost=13060.24..692186.21 rows=1362 width=8) (actual time=97.546..14304.807 rows=310428 loops=1)
                     Buffers: shared hit=1033694 read=136094
                     ->  Nested Loop  (cost=13059.80..688038.54 rows=95 width=12) (actual time=97.487..9962.269 rows=14600 loops=1)
                           Buffers: shared hit=762975 read=62870
                           ->  Seq Scan on info_type it2  (cost=0.00..2.41 rows=1 width=4) (actual time=0.035..0.050 rows=1 loops=1)
                                 Filter: (id = 4)
                                 Rows Removed by Filter: 112
                                 Buffers: shared hit=1
                           ->  Nested Loop  (cost=13059.80..688035.18 rows=95 width=16) (actual time=97.450..9958.186 rows=14600 loops=1)
                                 Buffers: shared hit=762974 read=62870
                                 ->  Seq Scan on info_type it1  (cost=0.00..2.41 rows=1 width=4) (actual time=0.011..0.027 rows=1 loops=1)
                                       Filter: (id = 3)
                                       Rows Removed by Filter: 112
                                       Buffers: shared hit=1
                                 ->  Nested Loop  (cost=13059.80..688031.81 rows=95 width=20) (actual time=97.435..9954.147 rows=14600 loops=1)
                                       Buffers: shared hit=762973 read=62870
                                       ->  Hash Join  (cost=13059.36..523619.38 rows=3867 width=12) (actual time=97.336..7346.149 rows=26185 loops=1)
                                             Hash Cond: (t.kind_id = kt.id)
                                             Buffers: shared hit=570423 read=23570
                                             ->  Nested Loop  (cost=13058.23..523580.21 rows=9024 width=16) (actual time=97.292..7309.504 rows=130894 loops=1)
                                                   Buffers: shared hit=570422 read=23570
                                                   ->  Bitmap Heap Scan on movie_info mi2  (cost=13057.79..460415.21 rows=9681 width=8) (actual time=97.159..945.050 rows=148878 loops=1)
                                                         Recheck Cond: (info_type_id = 4)
                                                         Filter: ((info)::text = ANY ('{Cantonese,Danish,French,Hungarian,Italian,Korean,Portuguese,Telugu,Turkish}'::text[]))
                                                         Rows Removed by Filter: 1150111
                                                         Heap Blocks: exact=8393
                                                         Buffers: shared hit=22 read=9390
                                                         ->  Bitmap Index Scan on info_type_id_movie_info  (cost=0.00..13055.37 rows=1221191 width=0) (actual time=91.764..91.764 rows=1298989 loops=1)
                                                               Index Cond: (info_type_id = 4)
                                                               Buffers: shared read=1019
                                                   ->  Memoize  (cost=0.44..6.60 rows=1 width=8) (actual time=0.042..0.042 rows=1 loops=148878)
                                                         Cache Key: mi2.movie_id
                                                         Cache Mode: logical
                                                         Hits: 2733  Misses: 146145  Evictions: 64754  Overflows: 0  Memory Usage: 8193kB
                                                         Buffers: shared hit=570400 read=14180
                                                         ->  Index Scan using title_pkey on title t  (cost=0.43..6.59 rows=1 width=8) (actual time=0.041..0.041 rows=1 loops=146145)
                                                               Index Cond: (id = mi2.movie_id)
                                                               Filter: ((production_year <= 2015) AND (1925 < production_year))
                                                               Rows Removed by Filter: 0
                                                               Buffers: shared hit=570400 read=14180
                                             ->  Hash  (cost=1.10..1.10 rows=3 width=4) (actual time=0.021..0.022 rows=3 loops=1)
                                                   Buckets: 1024  Batches: 1  Memory Usage: 9kB
                                                   Buffers: shared hit=1
                                                   ->  Seq Scan on kind_type kt  (cost=0.00..1.10 rows=3 width=4) (actual time=0.009..0.012 rows=3 loops=1)
                                                         Filter: ((kind)::text = ANY ('{"tv movie","tv series","video game"}'::text[]))
                                                         Rows Removed by Filter: 4
                                                         Buffers: shared hit=1
                                       ->  Index Scan using movie_id_movie_info on movie_info mi1  (cost=0.43..42.51 rows=1 width=8) (actual time=0.097..0.099 rows=1 loops=26185)
                                             Index Cond: (movie_id = t.id)
                                             Filter: ((info_type_id = 3) AND ((info)::text = ANY ('{Action,Adventure,Comedy,Drama,Family,History,Music,Mystery}'::text[])))
                                             Rows Removed by Filter: 7
                                             Buffers: shared hit=192550 read=39300
                     ->  Index Scan using movie_id_cast_info on cast_info ci  (cost=0.44..43.28 rows=38 width=12) (actual time=0.050..0.291 rows=21 loops=14600)
                           Index Cond: (movie_id = t.id)
                           Buffers: shared hit=270719 read=73224
               ->  Hash  (cost=1.15..1.15 rows=2 width=4) (actual time=0.039..0.040 rows=2 loops=1)
                     Buckets: 1024  Batches: 1  Memory Usage: 9kB
                     Buffers: shared hit=1
                     ->  Seq Scan on role_type rt  (cost=0.00..1.15 rows=2 width=4) (actual time=0.028..0.033 rows=2 loops=1)
                           Filter: ((role)::text = ANY ('{actor,producer}'::text[]))
                           Rows Removed by Filter: 10
                           Buffers: shared hit=1
         ->  Index Scan using name_pkey on name n  (cost=0.43..2.32 rows=1 width=4) (actual time=0.044..0.044 rows=1 loops=141763)
               Index Cond: (id = ci.person_id)
               Filter: ((gender)::text = ANY ('{f,m}'::text[]))
               Rows Removed by Filter: 0
               Buffers: shared hit=534645 read=32407
 Planning:
   Buffers: shared hit=503 read=71
 Planning Time: 10.466 ms
 Execution Time: 20813.275 ms
(78 rows)

