                                                                                               QUERY PLAN                                                                                               
--------------------------------------------------------------------------------------------------------------------------------------------------------------------------------------------------------
 Aggregate  (cost=552684.20..552684.21 rows=1 width=8) (actual time=22035.615..22035.625 rows=1 loops=1)
   Buffers: shared hit=1632905 read=171244
   ->  Nested Loop  (cost=13062.37..552684.15 rows=19 width=0) (actual time=1410.858..22033.748 rows=3769 loops=1)
         Buffers: shared hit=1632905 read=171244
         ->  Seq Scan on info_type it2  (cost=0.00..2.41 rows=1 width=4) (actual time=0.035..0.049 rows=1 loops=1)
               Filter: (id = 4)
               Rows Removed by Filter: 112
               Buffers: shared hit=1
         ->  Nested Loop  (cost=13062.37..552681.55 rows=19 width=4) (actual time=1410.822..22032.544 rows=3769 loops=1)
               Buffers: shared hit=1632904 read=171244
               ->  Seq Scan on info_type it1  (cost=0.00..2.41 rows=1 width=4) (actual time=0.010..0.028 rows=1 loops=1)
                     Filter: (id = 3)
                     Rows Removed by Filter: 112
                     Buffers: shared hit=1
               ->  Nested Loop  (cost=13062.37..552678.94 rows=19 width=8) (actual time=1410.809..22031.193 rows=3769 loops=1)
                     Buffers: shared hit=1632903 read=171244
                     ->  Hash Join  (cost=13061.94..552574.57 rows=45 width=12) (actual time=1410.768..21259.435 rows=16573 loops=1)
                           Hash Cond: (ci.role_id = rt.id)
                           Buffers: shared hit=1569687 read=168168
                           ->  Nested Loop  (cost=13060.78..552571.47 rows=545 width=16) (actual time=103.781..21157.737 rows=545364 loops=1)
                                 Buffers: shared hit=1569686 read=168168
                                 ->  Nested Loop  (cost=13060.34..550885.26 rows=38 width=20) (actual time=103.696..13748.602 rows=26901 loops=1)
                                       Buffers: shared hit=1029779 read=91303
                                       ->  Hash Join  (cost=13059.90..503925.61 rows=1096 width=12) (actual time=58.293..9253.632 rows=39175 loops=1)
                                             Hash Cond: (t.kind_id = kt.id)
                                             Buffers: shared hit=705736 read=42517
                                             ->  Nested Loop  (cost=13058.77..503913.70 rows=2558 width=16) (actual time=45.185..9231.105 rows=45001 loops=1)
                                                   Buffers: shared hit=705735 read=42517
                                                   ->  Bitmap Heap Scan on movie_info mi2  (cost=13058.33..430357.39 rows=11848 width=8) (actual time=44.355..840.699 rows=186584 loops=1)
                                                         Recheck Cond: (info_type_id = 4)
                                                         Filter: ((info)::text = ANY ('{Cantonese,Japanese,Portuguese,Russian,Spanish,Telugu,Turkish}'::text[]))
                                                         Rows Removed by Filter: 1112405
                                                         Heap Blocks: exact=8393
                                                         Buffers: shared hit=10 read=9402
                                                         ->  Bitmap Index Scan on info_type_id_movie_info  (cost=0.00..13055.37 rows=1221191 width=0) (actual time=41.912..41.912 rows=1298989 loops=1)
                                                               Index Cond: (info_type_id = 4)
                                                               Buffers: shared read=1019
                                                   ->  Memoize  (cost=0.44..6.29 rows=1 width=8) (actual time=0.045..0.045 rows=0 loops=186584)
                                                         Cache Key: mi2.movie_id
                                                         Cache Mode: logical
                                                         Hits: 1874  Misses: 184710  Evictions: 75770  Overflows: 0  Memory Usage: 8193kB
                                                         Buffers: shared hit=705725 read=33115
                                                         ->  Index Scan using title_pkey on title t  (cost=0.43..6.28 rows=1 width=8) (actual time=0.044..0.044 rows=0 loops=184710)
                                                               Index Cond: (id = mi2.movie_id)
                                                               Filter: ((production_year <= 1990) AND (1950 < production_year))
                                                               Rows Removed by Filter: 1
                                                               Buffers: shared hit=705725 read=33115
                                             ->  Hash  (cost=1.10..1.10 rows=3 width=4) (actual time=0.017..0.018 rows=3 loops=1)
                                                   Buckets: 1024  Batches: 1  Memory Usage: 9kB
                                                   Buffers: shared hit=1
                                                   ->  Seq Scan on kind_type kt  (cost=0.00..1.10 rows=3 width=4) (actual time=0.008..0.011 rows=3 loops=1)
                                                         Filter: ((kind)::text = ANY ('{episode,movie,"tv movie"}'::text[]))
                                                         Rows Removed by Filter: 4
                                                         Buffers: shared hit=1
                                       ->  Index Scan using movie_id_movie_info on movie_info mi1  (cost=0.43..42.84 rows=1 width=8) (actual time=0.114..0.114 rows=1 loops=39175)
                                             Index Cond: (movie_id = t.id)
                                             Filter: ((info_type_id = 3) AND ((info)::text = ANY ('{Comedy,Crime,Drama,Horror,Short}'::text[])))
                                             Rows Removed by Filter: 9
                                             Buffers: shared hit=324043 read=48786
                                 ->  Index Scan using movie_id_cast_info on cast_info ci  (cost=0.44..43.99 rows=38 width=12) (actual time=0.045..0.269 rows=20 loops=26901)
                                       Index Cond: (movie_id = t.id)
                                       Buffers: shared hit=539907 read=76865
                           ->  Hash  (cost=1.15..1.15 rows=1 width=4) (actual time=0.015..0.016 rows=1 loops=1)
                                 Buckets: 1024  Batches: 1  Memory Usage: 9kB
                                 Buffers: shared hit=1
                                 ->  Seq Scan on role_type rt  (cost=0.00..1.15 rows=1 width=4) (actual time=0.010..0.011 rows=1 loops=1)
                                       Filter: ((role)::text = 'editor'::text)
                                       Rows Removed by Filter: 11
                                       Buffers: shared hit=1
                     ->  Index Scan using name_pkey on name n  (cost=0.43..2.32 rows=1 width=4) (actual time=0.046..0.046 rows=0 loops=16573)
                           Index Cond: (id = ci.person_id)
                           Filter: ((gender)::text = 'm'::text)
                           Rows Removed by Filter: 1
                           Buffers: shared hit=63216 read=3076
 Planning:
   Buffers: shared hit=491 read=83
 Planning Time: 9.529 ms
 Execution Time: 22038.239 ms
(78 rows)

