                                                                                            QUERY PLAN                                                                                            
--------------------------------------------------------------------------------------------------------------------------------------------------------------------------------------------------
 Aggregate  (cost=766581.71..766581.72 rows=1 width=8) (actual time=2586.617..2586.624 rows=1 loops=1)
   Buffers: shared hit=48897 read=24925, temp read=1971 written=1971
   ->  Nested Loop  (cost=472792.20..766581.46 rows=100 width=0) (actual time=1858.413..2586.599 rows=38 loops=1)
         Buffers: shared hit=48897 read=24925, temp read=1971 written=1971
         ->  Seq Scan on info_type it2  (cost=0.00..2.41 rows=1 width=4) (actual time=0.026..0.030 rows=1 loops=1)
               Filter: (id = 4)
               Rows Removed by Filter: 112
               Buffers: shared hit=1
         ->  Nested Loop  (cost=472792.20..766578.04 rows=100 width=4) (actual time=1858.386..2586.554 rows=38 loops=1)
               Buffers: shared hit=48896 read=24925, temp read=1971 written=1971
               ->  Seq Scan on info_type it1  (cost=0.00..2.41 rows=1 width=4) (actual time=0.006..0.012 rows=1 loops=1)
                     Filter: (id = 3)
                     Rows Removed by Filter: 112
                     Buffers: shared hit=1
               ->  Nested Loop  (cost=472792.20..766574.63 rows=100 width=8) (actual time=1858.378..2586.531 rows=38 loops=1)
                     Join Filter: (t.id = mi2.movie_id)
                     Buffers: shared hit=48895 read=24925, temp read=1971 written=1971
                     ->  Nested Loop  (cost=472791.77..638353.30 rows=3018 width=16) (actual time=1748.689..2577.855 rows=40 loops=1)
                           Buffers: shared hit=48642 read=24760, temp read=1971 written=1971
                           ->  Hash Join  (cost=472791.34..608211.14 rows=12995 width=20) (actual time=1739.783..2345.207 rows=4930 loops=1)
                                 Hash Cond: (ci.movie_id = t.id)
                                 Buffers: shared hit=31712 read=21970, temp read=1971 written=1971
                                 ->  Nested Loop  (cost=0.44..123965.00 rows=3020080 width=8) (actual time=0.056..455.613 rows=898389 loops=1)
                                       Buffers: shared hit=1562 read=4753
                                       ->  Seq Scan on role_type rt  (cost=0.00..1.15 rows=1 width=4) (actual time=0.005..0.008 rows=1 loops=1)
                                             Filter: ((role)::text = 'cinematographer'::text)
                                             Rows Removed by Filter: 11
                                             Buffers: shared hit=1
                                       ->  Index Scan using role_id_cast_info on cast_info ci  (cost=0.44..91017.52 rows=3294633 width=12) (actual time=0.049..294.064 rows=898389 loops=1)
                                             Index Cond: (role_id = rt.id)
                                             Buffers: shared hit=1561 read=4753
                                 ->  Hash  (cost=472654.91..472654.91 rows=10879 width=12) (actual time=1739.324..1739.328 rows=23060 loops=1)
                                       Buckets: 32768 (originally 16384)  Batches: 1 (originally 1)  Memory Usage: 1247kB
                                       Buffers: shared hit=30150 read=17217, temp read=1971 written=1971
                                       ->  Hash Join  (cost=96934.61..472654.91 rows=10879 width=12) (actual time=1016.342..1732.971 rows=23060 loops=1)
                                             Hash Cond: (mi1.movie_id = t.id)
                                             Buffers: shared hit=30150 read=17217, temp read=1971 written=1971
                                             ->  Bitmap Heap Scan on movie_info mi1  (cost=16477.88..389814.56 rows=117554 width=8) (actual time=52.525..526.716 rows=1124076 loops=1)
                                                   Recheck Cond: (info_type_id = 3)
                                                   Filter: ((info)::text = ANY ('{Adult,Comedy,Documentary,Drama,Family,History,Musical,Romance,Short}'::text[]))
                                                   Rows Removed by Filter: 409833
                                                   Heap Blocks: exact=9772
                                                   Buffers: shared hit=3434 read=7541
                                                   ->  Bitmap Index Scan on info_type_id_movie_info  (cost=0.00..16448.47 rows=1538671 width=0) (actual time=49.763..49.763 rows=1533909 loops=1)
                                                         Index Cond: (info_type_id = 3)
                                                         Buffers: shared read=1203
                                             ->  Hash  (cost=76617.93..76617.93 rows=233984 width=4) (actual time=961.755..961.758 rows=33701 loops=1)
                                                   Buckets: 262144  Batches: 2  Memory Usage: 2644kB
                                                   Buffers: shared hit=26716 read=9676, temp written=49
                                                   ->  Hash Join  (cost=1.13..76617.93 rows=233984 width=4) (actual time=0.255..949.486 rows=33701 loops=1)
                                                         Hash Cond: (t.kind_id = kt.id)
                                                         Buffers: shared hit=26716 read=9676
                                                         ->  Seq Scan on title t  (cost=0.00..74315.95 rows=545963 width=8) (actual time=0.091..878.347 rows=538239 loops=1)
                                                               Filter: ((production_year <= 1990) AND (1950 < production_year))
                                                               Rows Removed by Filter: 1990073
                                                               Buffers: shared hit=26715 read=9676
                                                         ->  Hash  (cost=1.10..1.10 rows=3 width=4) (actual time=0.062..0.062 rows=3 loops=1)
                                                               Buckets: 1024  Batches: 1  Memory Usage: 9kB
                                                               Buffers: shared hit=1
                                                               ->  Seq Scan on kind_type kt  (cost=0.00..1.10 rows=3 width=4) (actual time=0.047..0.050 rows=3 loops=1)
                                                                     Filter: ((kind)::text = ANY ('{"tv series","video game","video movie"}'::text[]))
                                                                     Rows Removed by Filter: 4
                                                                     Buffers: shared hit=1
                           ->  Index Scan using name_pkey on name n  (cost=0.43..2.32 rows=1 width=4) (actual time=0.047..0.047 rows=0 loops=4930)
                                 Index Cond: (id = ci.person_id)
                                 Filter: ((gender)::text = 'f'::text)
                                 Rows Removed by Filter: 1
                                 Buffers: shared hit=16930 read=2790
                     ->  Index Scan using movie_id_movie_info on movie_info mi2  (cost=0.43..42.47 rows=1 width=8) (actual time=0.161..0.216 rows=1 loops=40)
                           Index Cond: (movie_id = ci.movie_id)
                           Filter: ((info_type_id = 4) AND ((info)::text = ANY ('{Danish,English,French,German,Japanese,Polish,Portuguese,Spanish,Telugu,Turkish}'::text[])))
                           Rows Removed by Filter: 9
                           Buffers: shared hit=253 read=165
 Planning:
   Buffers: shared hit=502 read=75
 Planning Time: 6.083 ms
 Execution Time: 2586.982 ms
(77 rows)

