                                                                                            QUERY PLAN                                                                                            
--------------------------------------------------------------------------------------------------------------------------------------------------------------------------------------------------
 Aggregate  (cost=665909.29..665909.30 rows=1 width=8) (actual time=3000.490..3000.499 rows=1 loops=1)
   Buffers: shared hit=106875 read=53390, temp read=1423 written=1423
   ->  Nested Loop  (cost=92534.03..665909.05 rows=98 width=0) (actual time=909.854..3000.428 rows=87 loops=1)
         Buffers: shared hit=106875 read=53390, temp read=1423 written=1423
         ->  Seq Scan on info_type it2  (cost=0.00..2.41 rows=1 width=4) (actual time=0.031..0.039 rows=1 loops=1)
               Filter: (id = 4)
               Rows Removed by Filter: 112
               Buffers: shared hit=1
         ->  Nested Loop  (cost=92534.03..665905.66 rows=98 width=4) (actual time=909.822..3000.355 rows=87 loops=1)
               Buffers: shared hit=106874 read=53390, temp read=1423 written=1423
               ->  Seq Scan on info_type it1  (cost=0.00..2.41 rows=1 width=4) (actual time=0.010..0.021 rows=1 loops=1)
                     Filter: (id = 3)
                     Rows Removed by Filter: 112
                     Buffers: shared hit=1
               ->  Nested Loop  (cost=92534.03..665902.26 rows=98 width=8) (actual time=909.810..3000.293 rows=87 loops=1)
                     Buffers: shared hit=106873 read=53390, temp read=1423 written=1423
                     ->  Hash Join  (cost=92533.60..665361.82 rows=233 width=12) (actual time=833.982..2973.539 rows=428 loops=1)
                           Hash Cond: (ci.role_id = rt.id)
                           Buffers: shared hit=105455 read=53096, temp read=1423 written=1423
                           ->  Nested Loop  (cost=92532.43..665350.72 rows=2795 width=16) (actual time=827.693..2967.489 rows=32643 loops=1)
                                 Buffers: shared hit=105454 read=53096, temp read=1423 written=1423
                                 ->  Nested Loop  (cost=92531.99..656662.63 rows=195 width=20) (actual time=827.661..2401.891 rows=3642 loops=1)
                                       Buffers: shared hit=82261 read=33783, temp read=1423 written=1423
                                       ->  Hash Join  (cost=92531.56..436265.12 rows=5111 width=12) (actual time=827.609..1541.115 rows=6683 loops=1)
                                             Hash Cond: (mi2.movie_id = t.id)
                                             Buffers: shared hit=29468 read=16336, temp read=1423 written=1423
                                             ->  Bitmap Heap Scan on movie_info mi2  (cost=13071.85..355225.01 rows=65944 width=8) (actual time=57.771..502.525 rows=822213 loops=1)
                                                   Recheck Cond: (info_type_id = 4)
                                                   Filter: ((info)::text = ANY ('{English,Japanese}'::text[]))
                                                   Rows Removed by Filter: 476776
                                                   Heap Blocks: exact=8393
                                                   Buffers: shared hit=692 read=8720
                                                   ->  Bitmap Index Scan on info_type_id_movie_info  (cost=0.00..13055.37 rows=1221191 width=0) (actual time=55.494..55.494 rows=1298989 loops=1)
                                                         Index Cond: (info_type_id = 4)
                                                         Buffers: shared hit=1 read=1018
                                             ->  Hash  (cost=76244.10..76244.10 rows=195968 width=4) (actual time=766.087..766.090 rows=11843 loops=1)
                                                   Buckets: 262144  Batches: 2  Memory Usage: 2260kB
                                                   Buffers: shared hit=28776 read=7616, temp written=17
                                                   ->  Hash Join  (cost=1.13..76244.10 rows=195968 width=4) (actual time=0.607..761.894 rows=11843 loops=1)
                                                         Hash Cond: (t.kind_id = kt.id)
                                                         Buffers: shared hit=28776 read=7616
                                                         ->  Seq Scan on title t  (cost=0.00..74315.95 rows=457258 width=8) (actual time=0.084..711.244 rows=451569 loops=1)
                                                               Filter: ((production_year <= 1975) AND (1875 < production_year))
                                                               Rows Removed by Filter: 2076743
                                                               Buffers: shared hit=28775 read=7616
                                                         ->  Hash  (cost=1.10..1.10 rows=3 width=4) (actual time=0.061..0.063 rows=3 loops=1)
                                                               Buckets: 1024  Batches: 1  Memory Usage: 9kB
                                                               Buffers: shared hit=1
                                                               ->  Seq Scan on kind_type kt  (cost=0.00..1.10 rows=3 width=4) (actual time=0.045..0.048 rows=3 loops=1)
                                                                     Filter: ((kind)::text = ANY ('{"tv series","video game","video movie"}'::text[]))
                                                                     Rows Removed by Filter: 4
                                                                     Buffers: shared hit=1
                                       ->  Index Scan using movie_id_movie_info on movie_info mi1  (cost=0.43..43.11 rows=1 width=8) (actual time=0.126..0.128 rows=1 loops=6683)
                                             Index Cond: (movie_id = t.id)
                                             Filter: ((info_type_id = 3) AND ((info)::text = ANY ('{Comedy,Drama,Horror,Mystery,Romance,Sci-Fi,Short,Thriller}'::text[])))
                                             Rows Removed by Filter: 11
                                             Buffers: shared hit=52793 read=17447
                                 ->  Index Scan using movie_id_cast_info on cast_info ci  (cost=0.44..44.17 rows=38 width=12) (actual time=0.041..0.152 rows=9 loops=3642)
                                       Index Cond: (movie_id = t.id)
                                       Buffers: shared hit=23193 read=19313
                           ->  Hash  (cost=1.15..1.15 rows=1 width=4) (actual time=0.013..0.014 rows=1 loops=1)
                                 Buckets: 1024  Batches: 1  Memory Usage: 9kB
                                 Buffers: shared hit=1
                                 ->  Seq Scan on role_type rt  (cost=0.00..1.15 rows=1 width=4) (actual time=0.009..0.010 rows=1 loops=1)
                                       Filter: ((role)::text = 'editor'::text)
                                       Rows Removed by Filter: 11
                                       Buffers: shared hit=1
                     ->  Index Scan using name_pkey on name n  (cost=0.43..2.32 rows=1 width=4) (actual time=0.062..0.062 rows=0 loops=428)
                           Index Cond: (id = ci.person_id)
                           Filter: ((gender)::text = 'm'::text)
                           Rows Removed by Filter: 1
                           Buffers: shared hit=1418 read=294
 Planning:
   Buffers: shared hit=574
 Planning Time: 7.942 ms
 Execution Time: 3000.958 ms
(76 rows)

