                                                                                                  QUERY PLAN                                                                                                  
--------------------------------------------------------------------------------------------------------------------------------------------------------------------------------------------------------------
 Aggregate  (cost=953586.20..953586.21 rows=1 width=8) (actual time=38176.045..38176.059 rows=1 loops=1)
   Buffers: shared hit=3392735 read=336036, temp read=10160 written=9443
   ->  Nested Loop  (cost=863189.31..953585.40 rows=319 width=0) (actual time=1163.569..38168.987 rows=26824 loops=1)
         Buffers: shared hit=3392735 read=336036, temp read=10160 written=9443
         ->  Seq Scan on info_type it2  (cost=0.00..2.41 rows=1 width=4) (actual time=0.036..0.070 rows=1 loops=1)
               Filter: (id = 4)
               Rows Removed by Filter: 112
               Buffers: shared hit=1
         ->  Nested Loop  (cost=863189.31..953579.80 rows=319 width=4) (actual time=1163.531..38162.409 rows=26824 loops=1)
               Buffers: shared hit=3392734 read=336036, temp read=10160 written=9443
               ->  Seq Scan on info_type it1  (cost=0.00..2.41 rows=1 width=4) (actual time=0.006..0.044 rows=1 loops=1)
                     Filter: (id = 3)
                     Rows Removed by Filter: 112
                     Buffers: shared hit=1
               ->  Nested Loop  (cost=863189.31..953574.20 rows=319 width=8) (actual time=1163.524..38156.180 rows=26824 loops=1)
                     Buffers: shared hit=3392733 read=336036, temp read=10160 written=9443
                     ->  Hash Join  (cost=863188.88..951811.36 rows=760 width=12) (actual time=1163.491..35601.220 rows=67127 loops=1)
                           Hash Cond: (ci.role_id = rt.id)
                           Buffers: shared hit=3153650 read=306611, temp read=10160 written=9443
                           ->  Nested Loop  (cost=863187.72..951777.82 rows=9116 width=16) (actual time=1163.391..35378.378 rows=1130999 loops=1)
                                 Buffers: shared hit=3153649 read=306611, temp read=10160 written=9443
                                 ->  Nested Loop  (cost=863187.28..924010.27 rows=636 width=20) (actual time=1163.365..22396.014 rows=46836 loops=1)
                                       Buffers: shared hit=2156686 read=53457, temp read=10160 written=9443
                                       ->  Nested Loop  (cost=863187.13..923955.10 rows=2228 width=24) (actual time=1163.349..22064.964 rows=477587 loops=1)
                                             Buffers: shared hit=2156674 read=53457, temp read=10160 written=9443
                                             ->  Merge Join  (cost=863186.70..864139.80 rows=17578 width=16) (actual time=1163.291..1987.083 rows=547436 loops=1)
                                                   Merge Cond: (mi1.movie_id = mi2.movie_id)
                                                   Buffers: shared hit=4 read=20383, temp read=10160 written=9443
                                                   ->  Sort  (cost=456563.51..456758.02 rows=77805 width=8) (actual time=626.902..768.750 rows=752414 loops=1)
                                                         Sort Key: mi1.movie_id
                                                         Sort Method: external sort  Disk: 16264kB
                                                         Buffers: shared hit=1 read=10974, temp read=4058 written=4068
                                                         ->  Bitmap Heap Scan on movie_info mi1  (cost=16467.92..450242.80 rows=77805 width=8) (actual time=39.565..440.362 rows=752417 loops=1)
                                                               Recheck Cond: (info_type_id = 3)
                                                               Filter: ((info)::text = ANY ('{Adventure,Crime,Drama,Musical,Short,Sport,Thriller,Western}'::text[]))
                                                               Rows Removed by Filter: 781492
                                                               Heap Blocks: exact=9772
                                                               Buffers: shared hit=1 read=10974
                                                               ->  Bitmap Index Scan on info_type_id_movie_info  (cost=0.00..16448.47 rows=1538671 width=0) (actual time=38.369..38.370 rows=1533909 loops=1)
                                                                     Index Cond: (info_type_id = 3)
                                                                     Buffers: shared read=1203
                                                   ->  Sort  (cost=406623.19..406817.34 rows=77658 width=8) (actual time=536.379..747.233 rows=1134158 loops=1)
                                                         Sort Key: mi2.movie_id
                                                         Sort Method: external sort  Disk: 21488kB
                                                         Buffers: shared hit=3 read=9409, temp read=5732 written=5375
                                                         ->  Bitmap Heap Scan on movie_info mi2  (cost=13074.78..400315.48 rows=77658 width=8) (actual time=33.322..296.209 rows=994238 loops=1)
                                                               Recheck Cond: (info_type_id = 4)
                                                               Filter: ((info)::text = ANY ('{English,French,German,Polish,Spanish}'::text[]))
                                                               Rows Removed by Filter: 304751
                                                               Heap Blocks: exact=8393
                                                               Buffers: shared hit=3 read=9409
                                                               ->  Bitmap Index Scan on info_type_id_movie_info  (cost=0.00..13055.37 rows=1221191 width=0) (actual time=32.287..32.287 rows=1298989 loops=1)
                                                                     Index Cond: (info_type_id = 4)
                                                                     Buffers: shared hit=1 read=1018
                                             ->  Index Scan using title_pkey on title t  (cost=0.43..3.40 rows=1 width=8) (actual time=0.036..0.036 rows=1 loops=547436)
                                                   Index Cond: (id = mi1.movie_id)
                                                   Filter: ((production_year <= 2015) AND (1925 < production_year))
                                                   Rows Removed by Filter: 0
                                                   Buffers: shared hit=2156670 read=33074
                                       ->  Memoize  (cost=0.14..0.16 rows=1 width=4) (actual time=0.000..0.000 rows=0 loops=477587)
                                             Cache Key: t.kind_id
                                             Cache Mode: logical
                                             Hits: 477581  Misses: 6  Evictions: 0  Overflows: 0  Memory Usage: 1kB
                                             Buffers: shared hit=12
                                             ->  Index Scan using kind_type_pkey on kind_type kt  (cost=0.13..0.15 rows=1 width=4) (actual time=0.011..0.011 rows=0 loops=6)
                                                   Index Cond: (id = t.kind_id)
                                                   Filter: ((kind)::text = ANY ('{"tv movie","tv series"}'::text[]))
                                                   Rows Removed by Filter: 1
                                                   Buffers: shared hit=12
                                 ->  Index Scan using movie_id_cast_info on cast_info ci  (cost=0.44..43.28 rows=38 width=12) (actual time=0.038..0.270 rows=24 loops=46836)
                                       Index Cond: (movie_id = t.id)
                                       Buffers: shared hit=996963 read=253154
                           ->  Hash  (cost=1.15..1.15 rows=1 width=4) (actual time=0.017..0.018 rows=1 loops=1)
                                 Buckets: 1024  Batches: 1  Memory Usage: 9kB
                                 Buffers: shared hit=1
                                 ->  Seq Scan on role_type rt  (cost=0.00..1.15 rows=1 width=4) (actual time=0.009..0.011 rows=1 loops=1)
                                       Filter: ((role)::text = 'writer'::text)
                                       Rows Removed by Filter: 11
                                       Buffers: shared hit=1
                     ->  Index Scan using name_pkey on name n  (cost=0.43..2.32 rows=1 width=4) (actual time=0.037..0.037 rows=0 loops=67127)
                           Index Cond: (id = ci.person_id)
                           Filter: ((gender)::text = 'm'::text)
                           Rows Removed by Filter: 1
                           Buffers: shared hit=239083 read=29425
 Planning:
   Buffers: shared hit=485 read=89
 Planning Time: 10.336 ms
 Execution Time: 38194.353 ms
(88 rows)

