                                                                                               QUERY PLAN                                                                                               
--------------------------------------------------------------------------------------------------------------------------------------------------------------------------------------------------------
 Aggregate  (cost=450612.35..450612.36 rows=1 width=8) (actual time=3113.613..3113.619 rows=1 loops=1)
   Buffers: shared hit=282162 read=38647
   ->  Nested Loop  (cost=13060.05..450612.34 rows=6 width=0) (actual time=59.005..3113.607 rows=6 loops=1)
         Buffers: shared hit=282162 read=38647
         ->  Seq Scan on info_type it2  (cost=0.00..2.41 rows=1 width=4) (actual time=0.046..0.052 rows=1 loops=1)
               Filter: (id = 4)
               Rows Removed by Filter: 112
               Buffers: shared hit=1
         ->  Nested Loop  (cost=13060.05..450609.86 rows=6 width=4) (actual time=58.957..3113.550 rows=6 loops=1)
               Buffers: shared hit=282161 read=38647
               ->  Seq Scan on info_type it1  (cost=0.00..2.41 rows=1 width=4) (actual time=0.009..0.017 rows=1 loops=1)
                     Filter: (id = 3)
                     Rows Removed by Filter: 112
                     Buffers: shared hit=1
               ->  Nested Loop  (cost=13060.05..450607.39 rows=6 width=8) (actual time=58.944..3113.526 rows=6 loops=1)
                     Buffers: shared hit=282160 read=38647
                     ->  Hash Join  (cost=13059.62..450551.72 rows=24 width=12) (actual time=39.049..3094.311 rows=388 loops=1)
                           Hash Cond: (ci.role_id = rt.id)
                           Buffers: shared hit=281102 read=38153
                           ->  Nested Loop  (cost=13058.45..450550.04 rows=143 width=16) (actual time=37.888..3092.579 rows=13037 loops=1)
                                 Buffers: shared hit=281101 read=38153
                                 ->  Nested Loop  (cost=13058.01..450113.44 rows=10 width=20) (actual time=37.847..2932.777 rows=987 loops=1)
                                       Buffers: shared hit=272114 read=31664
                                       ->  Hash Join  (cost=13057.57..420671.13 rows=695 width=12) (actual time=37.756..2601.343 rows=4682 loops=1)
                                             Hash Cond: (t.kind_id = kt.id)
                                             Buffers: shared hit=240545 read=21052
                                             ->  Nested Loop  (cost=13056.46..420659.77 rows=2431 width=16) (actual time=37.721..2590.565 rows=54823 loops=1)
                                                   Buffers: shared hit=240544 read=21052
                                                   ->  Bitmap Heap Scan on movie_info mi2  (cost=13056.02..400296.72 rows=2608 width=8) (actual time=37.680..545.454 rows=63770 loops=1)
                                                         Recheck Cond: (info_type_id = 4)
                                                         Filter: ((info)::text = ANY ('{Finnish,Hindi,Italian,Romanian,Russian}'::text[]))
                                                         Rows Removed by Filter: 1235219
                                                         Heap Blocks: exact=8393
                                                         Buffers: shared hit=8 read=9404
                                                         ->  Bitmap Index Scan on info_type_id_movie_info  (cost=0.00..13055.37 rows=1221191 width=0) (actual time=35.263..35.263 rows=1298989 loops=1)
                                                               Index Cond: (info_type_id = 4)
                                                               Buffers: shared read=1019
                                                   ->  Memoize  (cost=0.44..7.82 rows=1 width=8) (actual time=0.032..0.032 rows=1 loops=63770)
                                                         Cache Key: mi2.movie_id
                                                         Cache Mode: logical
                                                         Hits: 724  Misses: 63046  Evictions: 0  Overflows: 0  Memory Usage: 6301kB
                                                         Buffers: shared hit=240536 read=11648
                                                         ->  Index Scan using title_pkey on title t  (cost=0.43..7.81 rows=1 width=8) (actual time=0.031..0.031 rows=1 loops=63046)
                                                               Index Cond: (id = mi2.movie_id)
                                                               Filter: ((production_year <= 2015) AND (1925 < production_year))
                                                               Rows Removed by Filter: 0
                                                               Buffers: shared hit=240536 read=11648
                                             ->  Hash  (cost=1.09..1.09 rows=2 width=4) (actual time=0.014..0.014 rows=2 loops=1)
                                                   Buckets: 1024  Batches: 1  Memory Usage: 9kB
                                                   Buffers: shared hit=1
                                                   ->  Seq Scan on kind_type kt  (cost=0.00..1.09 rows=2 width=4) (actual time=0.008..0.010 rows=2 loops=1)
                                                         Filter: ((kind)::text = ANY ('{"tv series","video game"}'::text[]))
                                                         Rows Removed by Filter: 5
                                                         Buffers: shared hit=1
                                       ->  Index Scan using movie_id_movie_info on movie_info mi1  (cost=0.43..42.35 rows=1 width=8) (actual time=0.070..0.070 rows=0 loops=4682)
                                             Index Cond: (movie_id = t.id)
                                             Filter: ((info_type_id = 3) AND ((info)::text = ANY ('{Adult,Adventure,Documentary,Family,Music}'::text[])))
                                             Rows Removed by Filter: 9
                                             Buffers: shared hit=31569 read=10612
                                 ->  Index Scan using movie_id_cast_info on cast_info ci  (cost=0.44..43.28 rows=38 width=12) (actual time=0.034..0.159 rows=13 loops=987)
                                       Index Cond: (movie_id = t.id)
                                       Buffers: shared hit=8987 read=6489
                           ->  Hash  (cost=1.15..1.15 rows=2 width=4) (actual time=0.022..0.022 rows=2 loops=1)
                                 Buckets: 1024  Batches: 1  Memory Usage: 9kB
                                 Buffers: shared hit=1
                                 ->  Seq Scan on role_type rt  (cost=0.00..1.15 rows=2 width=4) (actual time=0.011..0.013 rows=2 loops=1)
                                       Filter: ((role)::text = ANY ('{composer,"production designer"}'::text[]))
                                       Rows Removed by Filter: 10
                                       Buffers: shared hit=1
                     ->  Index Scan using name_pkey on name n  (cost=0.43..2.32 rows=1 width=4) (actual time=0.049..0.049 rows=0 loops=388)
                           Index Cond: (id = ci.person_id)
                           Filter: ((gender)::text = 'f'::text)
                           Rows Removed by Filter: 1
                           Buffers: shared hit=1058 read=494
 Planning:
   Buffers: shared hit=485 read=89
 Planning Time: 14.206 ms
 Execution Time: 3115.005 ms
(78 rows)

