                                                                                                  QUERY PLAN                                                                                                  
--------------------------------------------------------------------------------------------------------------------------------------------------------------------------------------------------------------
 Aggregate  (cost=905941.34..905941.35 rows=1 width=8) (actual time=39316.487..39316.496 rows=1 loops=1)
   Buffers: shared hit=3052540 read=258500, temp read=9875 written=9131
   ->  Nested Loop  (cost=817425.82..905940.51 rows=335 width=0) (actual time=991.956..39311.897 rows=13376 loops=1)
         Buffers: shared hit=3052540 read=258500, temp read=9875 written=9131
         ->  Seq Scan on info_type it2  (cost=0.00..2.41 rows=1 width=4) (actual time=0.041..0.055 rows=1 loops=1)
               Filter: (id = 4)
               Rows Removed by Filter: 112
               Buffers: shared hit=1
         ->  Nested Loop  (cost=817425.82..905934.74 rows=335 width=4) (actual time=991.914..39308.452 rows=13376 loops=1)
               Buffers: shared hit=3052539 read=258500, temp read=9875 written=9131
               ->  Seq Scan on info_type it1  (cost=0.00..2.41 rows=1 width=4) (actual time=0.006..0.024 rows=1 loops=1)
                     Filter: (id = 3)
                     Rows Removed by Filter: 112
                     Buffers: shared hit=1
               ->  Nested Loop  (cost=817425.82..905928.98 rows=335 width=8) (actual time=991.906..39304.954 rows=13376 loops=1)
                     Buffers: shared hit=3052538 read=258500, temp read=9875 written=9131
                     ->  Hash Join  (cost=817425.39..904075.69 rows=799 width=12) (actual time=991.873..37913.057 rows=29734 loops=1)
                           Hash Cond: (ci.role_id = rt.id)
                           Buffers: shared hit=2949523 read=242579, temp read=9875 written=9131
                           ->  Nested Loop  (cost=817424.23..904040.46 rows=9589 width=16) (actual time=991.748..37710.483 rows=1031967 loops=1)
                                 Buffers: shared hit=2949522 read=242579, temp read=9875 written=9131
                                 ->  Nested Loop  (cost=817423.79..874781.38 rows=669 width=20) (actual time=991.726..24999.799 rows=35455 loops=1)
                                       Buffers: shared hit=2071139 read=39004, temp read=9875 written=9131
                                       ->  Nested Loop  (cost=817423.65..874742.97 rows=1561 width=24) (actual time=991.712..24736.872 rows=366533 loops=1)
                                             Buffers: shared hit=2071127 read=39004, temp read=9875 written=9131
                                             ->  Merge Join  (cost=817423.22..818346.99 rows=16652 width=16) (actual time=991.669..1816.364 rows=522436 loops=1)
                                                   Merge Cond: (mi1.movie_id = mi2.movie_id)
                                                   Buffers: shared hit=10145 read=10242, temp read=9875 written=9131
                                                   ->  Sort  (cost=396224.47..396421.78 rows=78922 width=8) (actual time=492.500..640.308 rows=776966 loops=1)
                                                         Sort Key: mi1.movie_id
                                                         Sort Method: external sort  Disk: 16792kB
                                                         Buffers: shared hit=733 read=10242, temp read=4190 written=4200
                                                         ->  Bitmap Heap Scan on movie_info mi1  (cost=16468.22..389804.90 rows=78922 width=8) (actual time=39.870..299.227 rows=776969 loops=1)
                                                               Recheck Cond: (info_type_id = 3)
                                                               Filter: ((info)::text = ANY ('{Adventure,Crime,Drama,Fantasy,News,Sci-Fi,Short,Sport,Thriller}'::text[]))
                                                               Rows Removed by Filter: 756940
                                                               Heap Blocks: exact=9772
                                                               Buffers: shared hit=733 read=10242
                                                               ->  Bitmap Index Scan on info_type_id_movie_info  (cost=0.00..16448.47 rows=1538671 width=0) (actual time=38.674..38.674 rows=1533909 loops=1)
                                                                     Index Cond: (info_type_id = 3)
                                                                     Buffers: shared hit=1 read=1202
                                                   ->  Sort  (cost=421198.74..421380.07 rows=72529 width=8) (actual time=499.159..700.495 rows=1059318 loops=1)
                                                         Sort Key: mi2.movie_id
                                                         Sort Method: external sort  Disk: 19712kB
                                                         Buffers: shared hit=9412, temp read=5302 written=4931
                                                         ->  Bitmap Heap Scan on movie_info mi2  (cost=13073.50..415343.38 rows=72529 width=8) (actual time=28.701..279.226 rows=912138 loops=1)
                                                               Recheck Cond: (info_type_id = 4)
                                                               Filter: ((info)::text = ANY ('{English,Filipino,Greek,None,Portuguese,Spanish}'::text[]))
                                                               Rows Removed by Filter: 386851
                                                               Heap Blocks: exact=8393
                                                               Buffers: shared hit=9412
                                                               ->  Bitmap Index Scan on info_type_id_movie_info  (cost=0.00..13055.37 rows=1221191 width=0) (actual time=27.674..27.675 rows=1298989 loops=1)
                                                                     Index Cond: (info_type_id = 4)
                                                                     Buffers: shared hit=1019
                                             ->  Index Scan using title_pkey on title t  (cost=0.43..3.39 rows=1 width=8) (actual time=0.043..0.043 rows=1 loops=522436)
                                                   Index Cond: (id = mi1.movie_id)
                                                   Filter: ((production_year <= 2015) AND (1990 < production_year))
                                                   Rows Removed by Filter: 0
                                                   Buffers: shared hit=2060982 read=28762
                                       ->  Memoize  (cost=0.14..0.16 rows=1 width=4) (actual time=0.000..0.000 rows=0 loops=366533)
                                             Cache Key: t.kind_id
                                             Cache Mode: logical
                                             Hits: 366527  Misses: 6  Evictions: 0  Overflows: 0  Memory Usage: 1kB
                                             Buffers: shared hit=12
                                             ->  Index Scan using kind_type_pkey on kind_type kt  (cost=0.13..0.15 rows=1 width=4) (actual time=0.010..0.011 rows=0 loops=6)
                                                   Index Cond: (id = t.kind_id)
                                                   Filter: ((kind)::text = ANY ('{"tv movie","tv series","video game"}'::text[]))
                                                   Rows Removed by Filter: 0
                                                   Buffers: shared hit=12
                                 ->  Index Scan using movie_id_cast_info on cast_info ci  (cost=0.44..43.36 rows=38 width=12) (actual time=0.042..0.350 rows=29 loops=35455)
                                       Index Cond: (movie_id = t.id)
                                       Buffers: shared hit=878383 read=203575
                           ->  Hash  (cost=1.15..1.15 rows=1 width=4) (actual time=0.015..0.016 rows=1 loops=1)
                                 Buckets: 1024  Batches: 1  Memory Usage: 9kB
                                 Buffers: shared hit=1
                                 ->  Seq Scan on role_type rt  (cost=0.00..1.15 rows=1 width=4) (actual time=0.010..0.011 rows=1 loops=1)
                                       Filter: ((role)::text = 'director'::text)
                                       Rows Removed by Filter: 11
                                       Buffers: shared hit=1
                     ->  Index Scan using name_pkey on name n  (cost=0.43..2.32 rows=1 width=4) (actual time=0.046..0.046 rows=0 loops=29734)
                           Index Cond: (id = ci.person_id)
                           Filter: ((gender)::text = 'm'::text)
                           Rows Removed by Filter: 1
                           Buffers: shared hit=103015 read=15921
 Planning:
   Buffers: shared hit=576 read=1
 Planning Time: 10.275 ms
 Execution Time: 39325.594 ms
(88 rows)

