                                                                                                  QUERY PLAN                                                                                                  
--------------------------------------------------------------------------------------------------------------------------------------------------------------------------------------------------------------
 Aggregate  (cost=970424.90..970424.91 rows=1 width=8) (actual time=153330.267..153330.277 rows=1 loops=1)
   Buffers: shared hit=11648029 read=1419178, temp read=10746 written=9706
   ->  Nested Loop  (cost=863569.05..970423.65 rows=500 width=0) (actual time=1196.420..153316.798 rows=27518 loops=1)
         Buffers: shared hit=11648029 read=1419178, temp read=10746 written=9706
         ->  Seq Scan on info_type it2  (cost=0.00..2.41 rows=1 width=4) (actual time=0.037..0.049 rows=1 loops=1)
               Filter: (id = 4)
               Rows Removed by Filter: 112
               Buffers: shared hit=1
         ->  Nested Loop  (cost=863569.05..970416.24 rows=500 width=4) (actual time=1196.382..153308.044 rows=27518 loops=1)
               Buffers: shared hit=11648028 read=1419178, temp read=10746 written=9706
               ->  Seq Scan on info_type it1  (cost=0.00..2.41 rows=1 width=4) (actual time=0.006..0.021 rows=1 loops=1)
                     Filter: (id = 3)
                     Rows Removed by Filter: 112
                     Buffers: shared hit=1
               ->  Nested Loop  (cost=863569.05..970408.83 rows=500 width=8) (actual time=1196.374..153298.850 rows=27518 loops=1)
                     Buffers: shared hit=11648027 read=1419178, temp read=10746 written=9706
                     ->  Hash Join  (cost=863568.62..967643.96 rows=1192 width=12) (actual time=1178.875..148290.831 rows=105720 loops=1)
                           Hash Cond: (ci.role_id = rt.id)
                           Buffers: shared hit=11278606 read=1365719, temp read=10746 written=9706
                           ->  Nested Loop  (cost=863567.46..967591.99 rows=14305 width=16) (actual time=1178.641..146583.783 rows=9147903 loops=1)
                                 Buffers: shared hit=11278605 read=1365719, temp read=10746 written=9706
                                 ->  Nested Loop  (cost=863567.02..924019.63 rows=998 width=20) (actual time=1178.610..27534.463 rows=462361 loops=1)
                                       Buffers: shared hit=2337052 read=56787, temp read=10746 written=9706
                                       ->  Nested Loop  (cost=863566.88..923962.84 rows=2329 width=24) (actual time=1177.843..27066.922 rows=522025 loops=1)
                                             Buffers: shared hit=2337040 read=56787, temp read=10746 written=9706
                                             ->  Merge Join  (cost=863566.45..864552.79 rows=18376 width=16) (actual time=1177.789..2166.122 rows=593360 loops=1)
                                                   Merge Cond: (mi1.movie_id = mi2.movie_id)
                                                   Buffers: shared hit=4 read=20383, temp read=10746 written=9706
                                                   ->  Sort  (cost=442671.20..442899.79 rows=91436 width=8) (actual time=647.697..827.230 rows=899795 loops=1)
                                                         Sort Key: mi1.movie_id
                                                         Sort Method: external sort  Disk: 19448kB
                                                         Buffers: shared hit=1 read=10974, temp read=4853 written=4865
                                                         ->  Bitmap Heap Scan on movie_info mi1  (cost=16471.33..435136.66 rows=91436 width=8) (actual time=40.813..422.169 rows=899800 loops=1)
                                                               Recheck Cond: (info_type_id = 3)
                                                               Filter: ((info)::text = ANY ('{Animation,Comedy,Drama,News,Sci-Fi,Short,Thriller}'::text[]))
                                                               Rows Removed by Filter: 634109
                                                               Heap Blocks: exact=9772
                                                               Buffers: shared hit=1 read=10974
                                                               ->  Bitmap Index Scan on info_type_id_movie_info  (cost=0.00..16448.47 rows=1538671 width=0) (actual time=39.603..39.604 rows=1533909 loops=1)
                                                                     Index Cond: (info_type_id = 3)
                                                                     Buffers: shared read=1203
                                                   ->  Sort  (cost=420895.25..421067.95 rows=69081 width=8) (actual time=530.081..774.913 rows=1094871 loops=1)
                                                         Sort Key: mi2.movie_id
                                                         Sort Method: external sort  Disk: 19352kB
                                                         Buffers: shared hit=3 read=9409, temp read=5361 written=4841
                                                         ->  Bitmap Heap Scan on movie_info mi2  (cost=13072.64..415342.52 rows=69081 width=8) (actual time=30.809..312.427 rows=895281 loops=1)
                                                               Recheck Cond: (info_type_id = 4)
                                                               Filter: ((info)::text = ANY ('{Arabic,English,None,Russian,Spanish,Tagalog}'::text[]))
                                                               Rows Removed by Filter: 403708
                                                               Heap Blocks: exact=8393
                                                               Buffers: shared hit=3 read=9409
                                                               ->  Bitmap Index Scan on info_type_id_movie_info  (cost=0.00..13055.37 rows=1221191 width=0) (actual time=29.767..29.767 rows=1298989 loops=1)
                                                                     Index Cond: (info_type_id = 4)
                                                                     Buffers: shared hit=1 read=1018
                                             ->  Index Scan using title_pkey on title t  (cost=0.43..3.23 rows=1 width=8) (actual time=0.041..0.041 rows=1 loops=593360)
                                                   Index Cond: (id = mi1.movie_id)
                                                   Filter: ((production_year <= 2015) AND (1925 < production_year))
                                                   Rows Removed by Filter: 0
                                                   Buffers: shared hit=2337036 read=36404
                                       ->  Memoize  (cost=0.14..0.16 rows=1 width=4) (actual time=0.000..0.000 rows=1 loops=522025)
                                             Cache Key: t.kind_id
                                             Cache Mode: logical
                                             Hits: 522019  Misses: 6  Evictions: 0  Overflows: 0  Memory Usage: 1kB
                                             Buffers: shared hit=12
                                             ->  Index Scan using kind_type_pkey on kind_type kt  (cost=0.13..0.15 rows=1 width=4) (actual time=0.011..0.011 rows=0 loops=6)
                                                   Index Cond: (id = t.kind_id)
                                                   Filter: ((kind)::text = ANY ('{episode,movie,"video movie"}'::text[]))
                                                   Rows Removed by Filter: 0
                                                   Buffers: shared hit=12
                                 ->  Index Scan using movie_id_cast_info on cast_info ci  (cost=0.44..43.28 rows=38 width=12) (actual time=0.043..0.251 rows=20 loops=462361)
                                       Index Cond: (movie_id = t.id)
                                       Buffers: shared hit=8941553 read=1308932
                           ->  Hash  (cost=1.15..1.15 rows=1 width=4) (actual time=0.014..0.015 rows=1 loops=1)
                                 Buckets: 1024  Batches: 1  Memory Usage: 9kB
                                 Buffers: shared hit=1
                                 ->  Seq Scan on role_type rt  (cost=0.00..1.15 rows=1 width=4) (actual time=0.008..0.008 rows=1 loops=1)
                                       Filter: ((role)::text = 'production designer'::text)
                                       Rows Removed by Filter: 11
                                       Buffers: shared hit=1
                     ->  Index Scan using name_pkey on name n  (cost=0.43..2.32 rows=1 width=4) (actual time=0.047..0.047 rows=0 loops=105720)
                           Index Cond: (id = ci.person_id)
                           Filter: ((gender)::text = 'm'::text)
                           Rows Removed by Filter: 1
                           Buffers: shared hit=369421 read=53459
 Planning:
   Buffers: shared hit=486 read=88
 Planning Time: 13.054 ms
 Execution Time: 153342.909 ms
(88 rows)

