                                                                                               QUERY PLAN                                                                                               
--------------------------------------------------------------------------------------------------------------------------------------------------------------------------------------------------------
 Aggregate  (cost=684883.61..684883.62 rows=1 width=8) (actual time=14347.065..14347.074 rows=1 loops=1)
   Buffers: shared hit=1185756 read=66768
   ->  Nested Loop  (cost=476916.81..684883.57 rows=16 width=0) (actual time=9288.069..14346.788 rows=829 loops=1)
         Buffers: shared hit=1185756 read=66768
         ->  Seq Scan on info_type it2  (cost=0.00..2.41 rows=1 width=4) (actual time=0.086..0.098 rows=1 loops=1)
               Filter: (id = 4)
               Rows Removed by Filter: 112
               Buffers: shared hit=1
         ->  Nested Loop  (cost=476916.81..684881.00 rows=16 width=4) (actual time=9287.981..14346.515 rows=829 loops=1)
               Buffers: shared hit=1185755 read=66768
               ->  Seq Scan on info_type it1  (cost=0.00..2.41 rows=1 width=4) (actual time=0.043..0.055 rows=1 loops=1)
                     Filter: (id = 3)
                     Rows Removed by Filter: 112
                     Buffers: shared hit=1
               ->  Nested Loop  (cost=476916.81..684878.43 rows=16 width=8) (actual time=9287.937..14346.255 rows=829 loops=1)
                     Join Filter: (t.id = mi1.movie_id)
                     Buffers: shared hit=1185754 read=66768
                     ->  Nested Loop  (cost=476916.37..626166.61 rows=1392 width=16) (actual time=9274.756..13922.328 rows=4449 loops=1)
                           Buffers: shared hit=1155393 read=51465
                           ->  Hash Join  (cost=476915.94..612265.73 rows=5993 width=20) (actual time=9269.823..10360.416 rows=117291 loops=1)
                                 Hash Cond: (ci.movie_id = t.id)
                                 Buffers: shared hit=711496 read=26198
                                 ->  Nested Loop  (cost=0.44..123965.00 rows=3020080 width=8) (actual time=0.272..678.432 rows=1703543 loops=1)
                                       Buffers: shared hit=2201 read=8840
                                       ->  Seq Scan on role_type rt  (cost=0.00..1.15 rows=1 width=4) (actual time=0.044..0.047 rows=1 loops=1)
                                             Filter: ((role)::text = 'director'::text)
                                             Rows Removed by Filter: 11
                                             Buffers: shared hit=1
                                       ->  Index Scan using role_id_cast_info on cast_info ci  (cost=0.44..91017.52 rows=3294633 width=12) (actual time=0.222..429.181 rows=1703543 loops=1)
                                             Index Cond: (role_id = rt.id)
                                             Buffers: shared hit=2200 read=8840
                                 ->  Hash  (cost=476852.79..476852.79 rows=5017 width=12) (actual time=9269.457..9269.461 rows=142521 loops=1)
                                       Buckets: 262144 (originally 8192)  Batches: 1 (originally 1)  Memory Usage: 8172kB
                                       Buffers: shared hit=709295 read=17358
                                       ->  Hash Join  (cost=13060.08..476852.79 rows=5017 width=12) (actual time=106.667..9201.048 rows=142521 loops=1)
                                             Hash Cond: (t.kind_id = kt.id)
                                             Buffers: shared hit=709295 read=17358
                                             ->  Nested Loop  (cost=13058.95..476802.33 rows=11706 width=16) (actual time=106.217..9125.424 rows=169479 loops=1)
                                                   Buffers: shared hit=709294 read=17358
                                                   ->  Bitmap Heap Scan on movie_info mi2  (cost=13058.51..400299.21 rows=12559 width=8) (actual time=106.008..852.444 rows=181137 loops=1)
                                                         Recheck Cond: (info_type_id = 4)
                                                         Filter: ((info)::text = ANY ('{Hindi,Italian,Japanese,Polish,Spanish}'::text[]))
                                                         Rows Removed by Filter: 1117852
                                                         Heap Blocks: exact=8393
                                                         Buffers: shared hit=2339 read=7073
                                                         ->  Bitmap Index Scan on info_type_id_movie_info  (cost=0.00..13055.37 rows=1221191 width=0) (actual time=99.155..99.155 rows=1298989 loops=1)
                                                               Index Cond: (info_type_id = 4)
                                                               Buffers: shared read=1019
                                                   ->  Memoize  (cost=0.44..6.18 rows=1 width=8) (actual time=0.045..0.045 rows=1 loops=181137)
                                                         Cache Key: mi2.movie_id
                                                         Cache Mode: logical
                                                         Hits: 1827  Misses: 179310  Evictions: 100457  Overflows: 0  Memory Usage: 8193kB
                                                         Buffers: shared hit=706955 read=10285
                                                         ->  Index Scan using title_pkey on title t  (cost=0.43..6.17 rows=1 width=8) (actual time=0.044..0.044 rows=1 loops=179310)
                                                               Index Cond: (id = mi2.movie_id)
                                                               Filter: ((production_year <= 2015) AND (1925 < production_year))
                                                               Rows Removed by Filter: 0
                                                               Buffers: shared hit=706955 read=10285
                                             ->  Hash  (cost=1.10..1.10 rows=3 width=4) (actual time=0.054..0.055 rows=3 loops=1)
                                                   Buckets: 1024  Batches: 1  Memory Usage: 9kB
                                                   Buffers: shared hit=1
                                                   ->  Seq Scan on kind_type kt  (cost=0.00..1.10 rows=3 width=4) (actual time=0.043..0.047 rows=3 loops=1)
                                                         Filter: ((kind)::text = ANY ('{episode,movie,"video movie"}'::text[]))
                                                         Rows Removed by Filter: 4
                                                         Buffers: shared hit=1
                           ->  Index Scan using name_pkey on name n  (cost=0.43..2.32 rows=1 width=4) (actual time=0.030..0.030 rows=0 loops=117291)
                                 Index Cond: (id = ci.person_id)
                                 Filter: ((gender)::text = 'f'::text)
                                 Rows Removed by Filter: 1
                                 Buffers: shared hit=443897 read=25267
                     ->  Index Scan using movie_id_movie_info on movie_info mi1  (cost=0.43..42.17 rows=1 width=8) (actual time=0.095..0.095 rows=0 loops=4449)
                           Index Cond: (movie_id = ci.movie_id)
                           Filter: ((info_type_id = 3) AND ((info)::text = ANY ('{Comedy,Family,History,Romance}'::text[])))
                           Rows Removed by Filter: 14
                           Buffers: shared hit=30361 read=15303
 Planning:
   Buffers: shared hit=505 read=69
 Planning Time: 17.666 ms
 Execution Time: 14350.495 ms
(79 rows)

