                                                                                               QUERY PLAN                                                                                               
--------------------------------------------------------------------------------------------------------------------------------------------------------------------------------------------------------
 Aggregate  (cost=356675.28..356675.29 rows=1 width=8) (actual time=4247.542..4247.548 rows=1 loops=1)
   Buffers: shared hit=325031 read=70913
   ->  Nested Loop  (cost=13059.43..356675.28 rows=1 width=0) (actual time=197.816..4246.291 rows=6031 loops=1)
         Buffers: shared hit=325031 read=70913
         ->  Hash Join  (cost=13059.00..356670.64 rows=2 width=4) (actual time=197.753..3503.993 rows=19989 loops=1)
               Hash Cond: (ci.role_id = rt.id)
               Buffers: shared hit=253441 read=62547
               ->  Nested Loop  (cost=13057.82..356669.42 rows=14 width=8) (actual time=116.119..3482.435 rows=115953 loops=1)
                     Buffers: shared hit=253440 read=62547
                     ->  Nested Loop  (cost=13057.38..356625.72 rows=1 width=12) (actual time=116.058..2271.896 rows=4613 loops=1)
                           Buffers: shared hit=152726 read=37929
                           ->  Nested Loop  (cost=13057.38..356623.30 rows=1 width=16) (actual time=116.048..2184.592 rows=4613 loops=1)
                                 Buffers: shared hit=148113 read=37929
                                 ->  Nested Loop  (cost=13057.38..356620.87 rows=1 width=20) (actual time=116.026..2094.757 rows=4613 loops=1)
                                       Buffers: shared hit=143500 read=37929
                                       ->  Hash Join  (cost=13056.95..355733.94 rows=21 width=12) (actual time=76.388..1050.285 rows=9882 loops=1)
                                             Hash Cond: (t.kind_id = kt.id)
                                             Buffers: shared hit=65140 read=12061
                                             ->  Nested Loop  (cost=13055.81..355732.60 rows=49 width=16) (actual time=76.156..1045.553 rows=10949 loops=1)
                                                   Buffers: shared hit=65139 read=12061
                                                   ->  Bitmap Heap Scan on movie_info mi2  (cost=13055.38..355208.54 rows=62 width=8) (actual time=76.077..461.898 rows=16947 loops=1)
                                                         Recheck Cond: (info_type_id = 4)
                                                         Filter: ((info)::text = ANY ('{Hindi,Korean}'::text[]))
                                                         Rows Removed by Filter: 1282042
                                                         Heap Blocks: exact=8393
                                                         Buffers: shared hit=2555 read=6857
                                                         ->  Bitmap Index Scan on info_type_id_movie_info  (cost=0.00..13055.37 rows=1221191 width=0) (actual time=71.938..71.939 rows=1298989 loops=1)
                                                               Index Cond: (info_type_id = 4)
                                                               Buffers: shared read=1019
                                                   ->  Index Scan using title_pkey on title t  (cost=0.43..8.45 rows=1 width=8) (actual time=0.034..0.034 rows=1 loops=16947)
                                                         Index Cond: (id = mi2.movie_id)
                                                         Filter: ((production_year <= 2015) AND (1975 < production_year))
                                                         Rows Removed by Filter: 0
                                                         Buffers: shared hit=62584 read=5204
                                             ->  Hash  (cost=1.10..1.10 rows=3 width=4) (actual time=0.024..0.025 rows=3 loops=1)
                                                   Buckets: 1024  Batches: 1  Memory Usage: 9kB
                                                   Buffers: shared hit=1
                                                   ->  Seq Scan on kind_type kt  (cost=0.00..1.10 rows=3 width=4) (actual time=0.010..0.014 rows=3 loops=1)
                                                         Filter: ((kind)::text = ANY ('{episode,movie,"video movie"}'::text[]))
                                                         Rows Removed by Filter: 4
                                                         Buffers: shared hit=1
                                       ->  Index Scan using movie_id_movie_info on movie_info mi1  (cost=0.43..42.23 rows=1 width=8) (actual time=0.105..0.105 rows=0 loops=9882)
                                             Index Cond: (movie_id = t.id)
                                             Filter: ((info_type_id = 3) AND ((info)::text = 'Drama'::text))
                                             Rows Removed by Filter: 13
                                             Buffers: shared hit=78360 read=25868
                                 ->  Seq Scan on info_type it1  (cost=0.00..2.41 rows=1 width=4) (actual time=0.010..0.018 rows=1 loops=4613)
                                       Filter: (id = 3)
                                       Rows Removed by Filter: 112
                                       Buffers: shared hit=4613
                           ->  Seq Scan on info_type it2  (cost=0.00..2.41 rows=1 width=4) (actual time=0.009..0.017 rows=1 loops=4613)
                                 Filter: (id = 4)
                                 Rows Removed by Filter: 112
                                 Buffers: shared hit=4613
                     ->  Index Scan using movie_id_cast_info on cast_info ci  (cost=0.44..43.32 rows=38 width=12) (actual time=0.036..0.256 rows=25 loops=4613)
                           Index Cond: (movie_id = t.id)
                           Buffers: shared hit=100714 read=24618
               ->  Hash  (cost=1.15..1.15 rows=2 width=4) (actual time=0.039..0.040 rows=2 loops=1)
                     Buckets: 1024  Batches: 1  Memory Usage: 9kB
                     Buffers: shared hit=1
                     ->  Seq Scan on role_type rt  (cost=0.00..1.15 rows=2 width=4) (actual time=0.029..0.032 rows=2 loops=1)
                           Filter: ((role)::text = ANY ('{composer,"miscellaneous crew"}'::text[]))
                           Rows Removed by Filter: 10
                           Buffers: shared hit=1
         ->  Index Scan using name_pkey on name n  (cost=0.43..2.32 rows=1 width=4) (actual time=0.037..0.037 rows=0 loops=19989)
               Index Cond: (id = ci.person_id)
               Filter: ((gender)::text = ANY ('{f,m}'::text[]))
               Rows Removed by Filter: 1
               Buffers: shared hit=71590 read=8366
 Planning:
   Buffers: shared hit=529 read=45
 Planning Time: 14.998 ms
 Execution Time: 4248.135 ms
(73 rows)

