                                                                                            QUERY PLAN                                                                                            
--------------------------------------------------------------------------------------------------------------------------------------------------------------------------------------------------
 Aggregate  (cost=666632.95..666632.96 rows=1 width=8) (actual time=10460.629..10460.639 rows=1 loops=1)
   Buffers: shared hit=950855 read=108293, temp read=2827 written=2827
   ->  Nested Loop  (cost=90955.26..666632.84 rows=44 width=0) (actual time=627.729..10460.560 rows=89 loops=1)
         Buffers: shared hit=950855 read=108293, temp read=2827 written=2827
         ->  Seq Scan on info_type it2  (cost=0.00..2.41 rows=1 width=4) (actual time=0.045..0.057 rows=1 loops=1)
               Filter: (id = 4)
               Rows Removed by Filter: 112
               Buffers: shared hit=1
         ->  Nested Loop  (cost=90955.26..666629.98 rows=44 width=4) (actual time=627.683..10460.464 rows=89 loops=1)
               Buffers: shared hit=950854 read=108293, temp read=2827 written=2827
               ->  Seq Scan on info_type it1  (cost=0.00..2.41 rows=1 width=4) (actual time=0.009..0.026 rows=1 loops=1)
                     Filter: (id = 3)
                     Rows Removed by Filter: 112
                     Buffers: shared hit=1
               ->  Nested Loop  (cost=90955.26..666627.13 rows=44 width=8) (actual time=627.670..10460.392 rows=89 loops=1)
                     Buffers: shared hit=950853 read=108293, temp read=2827 written=2827
                     ->  Hash Join  (cost=90954.83..666186.42 rows=190 width=12) (actual time=504.723..10429.795 rows=1092 loops=1)
                           Hash Cond: (ci.role_id = rt.id)
                           Buffers: shared hit=946921 read=107857, temp read=2827 written=2827
                           ->  Nested Loop  (cost=90953.67..666177.16 rows=2279 width=16) (actual time=500.392..10410.706 rows=135093 loops=1)
                                 Buffers: shared hit=946920 read=107857, temp read=2827 written=2827
                                 ->  Nested Loop  (cost=90953.23..659093.02 rows=159 width=20) (actual time=500.368..9024.729 rows=7797 loops=1)
                                       Buffers: shared hit=832519 read=65969, temp read=2827 written=2827
                                       ->  Hash Join  (cost=90952.80..478539.65 rows=4192 width=12) (actual time=488.271..1391.059 rows=85779 loops=1)
                                             Hash Cond: (mi2.movie_id = t.id)
                                             Buffers: shared hit=20534 read=25270, temp read=2827 written=2827
                                             ->  Bitmap Heap Scan on movie_info mi2  (cost=13075.65..400316.35 rows=81128 width=8) (actual time=35.168..410.286 rows=1034992 loops=1)
                                                   Recheck Cond: (info_type_id = 4)
                                                   Filter: ((info)::text = ANY ('{English,French,German,Japanese,Spanish}'::text[]))
                                                   Rows Removed by Filter: 263997
                                                   Heap Blocks: exact=8393
                                                   Buffers: shared hit=8865 read=547
                                                   ->  Bitmap Index Scan on info_type_id_movie_info  (cost=0.00..13055.37 rows=1221191 width=0) (actual time=34.130..34.130 rows=1298989 loops=1)
                                                         Index Cond: (info_type_id = 4)
                                                         Buffers: shared hit=1019
                                             ->  Hash  (cost=76244.08..76244.08 rows=130645 width=4) (actual time=450.717..450.721 rows=187145 loops=1)
                                                   Buckets: 262144 (originally 131072)  Batches: 2 (originally 1)  Memory Usage: 6145kB
                                                   Buffers: shared hit=11669 read=24723, temp written=274
                                                   ->  Hash Join  (cost=1.11..76244.08 rows=130645 width=4) (actual time=0.081..413.380 rows=187145 loops=1)
                                                         Hash Cond: (t.kind_id = kt.id)
                                                         Buffers: shared hit=11669 read=24723
                                                         ->  Seq Scan on title t  (cost=0.00..74315.95 rows=457258 width=8) (actual time=0.064..376.129 rows=451569 loops=1)
                                                               Filter: ((production_year <= 1975) AND (1875 < production_year))
                                                               Rows Removed by Filter: 2076743
                                                               Buffers: shared hit=11668 read=24723
                                                         ->  Hash  (cost=1.09..1.09 rows=2 width=4) (actual time=0.014..0.015 rows=2 loops=1)
                                                               Buckets: 1024  Batches: 1  Memory Usage: 9kB
                                                               Buffers: shared hit=1
                                                               ->  Seq Scan on kind_type kt  (cost=0.00..1.09 rows=2 width=4) (actual time=0.007..0.008 rows=2 loops=1)
                                                                     Filter: ((kind)::text = ANY ('{episode,"tv movie"}'::text[]))
                                                                     Rows Removed by Filter: 5
                                                                     Buffers: shared hit=1
                                       ->  Index Scan using movie_id_movie_info on movie_info mi1  (cost=0.43..43.06 rows=1 width=8) (actual time=0.088..0.088 rows=0 loops=85779)
                                             Index Cond: (movie_id = t.id)
                                             Filter: ((info_type_id = 3) AND ((info)::text = ANY ('{Action,Animation,Comedy,Crime,Drama,Short,Sport}'::text[])))
                                             Rows Removed by Filter: 9
                                             Buffers: shared hit=811985 read=40699
                                 ->  Index Scan using movie_id_cast_info on cast_info ci  (cost=0.44..44.17 rows=38 width=12) (actual time=0.031..0.173 rows=17 loops=7797)
                                       Index Cond: (movie_id = t.id)
                                       Buffers: shared hit=114401 read=41888
                           ->  Hash  (cost=1.15..1.15 rows=1 width=4) (actual time=0.016..0.017 rows=1 loops=1)
                                 Buckets: 1024  Batches: 1  Memory Usage: 9kB
                                 Buffers: shared hit=1
                                 ->  Seq Scan on role_type rt  (cost=0.00..1.15 rows=1 width=4) (actual time=0.010..0.011 rows=1 loops=1)
                                       Filter: ((role)::text = 'costume designer'::text)
                                       Rows Removed by Filter: 11
                                       Buffers: shared hit=1
                     ->  Index Scan using name_pkey on name n  (cost=0.43..2.32 rows=1 width=4) (actual time=0.027..0.027 rows=0 loops=1092)
                           Index Cond: (id = ci.person_id)
                           Filter: ((gender)::text = 'f'::text)
                           Rows Removed by Filter: 1
                           Buffers: shared hit=3932 read=436
 Planning:
   Buffers: shared hit=574
 Planning Time: 14.434 ms
 Execution Time: 10461.288 ms
(76 rows)

