                                                                                               QUERY PLAN                                                                                               
--------------------------------------------------------------------------------------------------------------------------------------------------------------------------------------------------------
 Aggregate  (cost=476487.99..476488.00 rows=1 width=8) (actual time=14844.129..14844.135 rows=1 loops=1)
   Buffers: shared hit=991837 read=201001
   ->  Nested Loop  (cost=13060.49..476487.97 rows=8 width=0) (actual time=850.062..14843.088 rows=1639 loops=1)
         Buffers: shared hit=991837 read=201001
         ->  Seq Scan on info_type it2  (cost=0.00..2.41 rows=1 width=4) (actual time=0.047..0.053 rows=1 loops=1)
               Filter: (id = 4)
               Rows Removed by Filter: 112
               Buffers: shared hit=1
         ->  Nested Loop  (cost=13060.49..476485.48 rows=8 width=4) (actual time=850.013..14842.447 rows=1639 loops=1)
               Buffers: shared hit=991836 read=201001
               ->  Seq Scan on info_type it1  (cost=0.00..2.41 rows=1 width=4) (actual time=0.010..0.018 rows=1 loops=1)
                     Filter: (id = 3)
                     Rows Removed by Filter: 112
                     Buffers: shared hit=1
               ->  Nested Loop  (cost=13060.49..476482.99 rows=8 width=8) (actual time=849.999..14841.754 rows=1639 loops=1)
                     Buffers: shared hit=991835 read=201001
                     ->  Hash Join  (cost=13060.06..476436.60 rows=20 width=12) (actual time=679.097..14442.510 rows=8319 loops=1)
                           Hash Cond: (ci.role_id = rt.id)
                           Buffers: shared hit=963601 read=195959
                           ->  Nested Loop  (cost=13058.90..476434.57 rows=244 width=16) (actual time=676.570..14380.642 rows=331833 loops=1)
                                 Buffers: shared hit=963600 read=195959
                                 ->  Nested Loop  (cost=13058.46..475692.36 rows=17 width=20) (actual time=676.520..9825.615 rows=9736 loops=1)
                                       Buffers: shared hit=708538 read=98340
                                       ->  Hash Join  (cost=13058.03..402497.10 rows=1732 width=12) (actual time=85.132..3788.319 rows=50321 loops=1)
                                             Hash Cond: (t.kind_id = kt.id)
                                             Buffers: shared hit=258750 read=32643
                                             ->  Nested Loop  (cost=13056.89..402478.93 rows=4042 width=16) (actual time=85.004..3761.141 rows=63622 loops=1)
                                                   Buffers: shared hit=258749 read=32643
                                                   ->  Bitmap Heap Scan on movie_info mi2  (cost=13056.45..370238.79 rows=4336 width=8) (actual time=84.781..561.926 rows=71030 loops=1)
                                                         Recheck Cond: (info_type_id = 4)
                                                         Filter: ((info)::text = ANY ('{French,Hungarian,Turkish}'::text[]))
                                                         Rows Removed by Filter: 1227959
                                                         Heap Blocks: exact=8393
                                                         Buffers: shared hit=1571 read=7841
                                                         ->  Bitmap Index Scan on info_type_id_movie_info  (cost=0.00..13055.37 rows=1221191 width=0) (actual time=80.450..80.451 rows=1298989 loops=1)
                                                               Index Cond: (info_type_id = 4)
                                                               Buffers: shared read=1019
                                                   ->  Memoize  (cost=0.44..7.46 rows=1 width=8) (actual time=0.044..0.044 rows=1 loops=71030)
                                                         Cache Key: mi2.movie_id
                                                         Cache Mode: logical
                                                         Hits: 535  Misses: 70495  Evictions: 0  Overflows: 0  Memory Usage: 7147kB
                                                         Buffers: shared hit=257178 read=24802
                                                         ->  Index Scan using title_pkey on title t  (cost=0.43..7.45 rows=1 width=8) (actual time=0.043..0.043 rows=1 loops=70495)
                                                               Index Cond: (id = mi2.movie_id)
                                                               Filter: ((production_year <= 2015) AND (1925 < production_year))
                                                               Rows Removed by Filter: 0
                                                               Buffers: shared hit=257178 read=24802
                                             ->  Hash  (cost=1.10..1.10 rows=3 width=4) (actual time=0.023..0.023 rows=3 loops=1)
                                                   Buckets: 1024  Batches: 1  Memory Usage: 9kB
                                                   Buffers: shared hit=1
                                                   ->  Seq Scan on kind_type kt  (cost=0.00..1.10 rows=3 width=4) (actual time=0.010..0.013 rows=3 loops=1)
                                                         Filter: ((kind)::text = ANY ('{episode,movie,"video movie"}'::text[]))
                                                         Rows Removed by Filter: 4
                                                         Buffers: shared hit=1
                                       ->  Index Scan using movie_id_movie_info on movie_info mi1  (cost=0.43..42.25 rows=1 width=8) (actual time=0.119..0.119 rows=0 loops=50321)
                                             Index Cond: (movie_id = t.id)
                                             Filter: ((info_type_id = 3) AND ((info)::text = ANY ('{Adventure,Comedy,History}'::text[])))
                                             Rows Removed by Filter: 14
                                             Buffers: shared hit=449788 read=65697
                                 ->  Index Scan using movie_id_cast_info on cast_info ci  (cost=0.44..43.28 rows=38 width=12) (actual time=0.048..0.457 rows=34 loops=9736)
                                       Index Cond: (movie_id = t.id)
                                       Buffers: shared hit=255062 read=97619
                           ->  Hash  (cost=1.15..1.15 rows=1 width=4) (actual time=0.019..0.020 rows=1 loops=1)
                                 Buckets: 1024  Batches: 1  Memory Usage: 9kB
                                 Buffers: shared hit=1
                                 ->  Seq Scan on role_type rt  (cost=0.00..1.15 rows=1 width=4) (actual time=0.012..0.013 rows=1 loops=1)
                                       Filter: ((role)::text = 'editor'::text)
                                       Rows Removed by Filter: 11
                                       Buffers: shared hit=1
                     ->  Index Scan using name_pkey on name n  (cost=0.43..2.32 rows=1 width=4) (actual time=0.047..0.047 rows=0 loops=8319)
                           Index Cond: (id = ci.person_id)
                           Filter: ((gender)::text = 'm'::text)
                           Rows Removed by Filter: 1
                           Buffers: shared hit=28234 read=5042
 Planning:
   Buffers: shared hit=529 read=45
 Planning Time: 17.682 ms
 Execution Time: 14845.844 ms
(78 rows)

