                                                                                                  QUERY PLAN                                                                                                  
--------------------------------------------------------------------------------------------------------------------------------------------------------------------------------------------------------------
 Aggregate  (cost=903701.69..903701.70 rows=1 width=8) (actual time=117620.967..117620.975 rows=1 loops=1)
   Buffers: shared hit=8732217 read=1533025, temp read=8602 written=8403
   ->  Nested Loop  (cost=831190.80..903701.02 rows=270 width=0) (actual time=1041.265..117589.169 rows=130645 loops=1)
         Buffers: shared hit=8732217 read=1533025, temp read=8602 written=8403
         ->  Seq Scan on info_type it2  (cost=0.00..2.41 rows=1 width=4) (actual time=0.043..0.052 rows=1 loops=1)
               Filter: (id = 4)
               Rows Removed by Filter: 112
               Buffers: shared hit=1
         ->  Nested Loop  (cost=831190.80..903695.91 rows=270 width=4) (actual time=1041.221..117559.608 rows=130645 loops=1)
               Buffers: shared hit=8732216 read=1533025, temp read=8602 written=8403
               ->  Seq Scan on info_type it1  (cost=0.00..2.41 rows=1 width=4) (actual time=0.014..0.026 rows=1 loops=1)
                     Filter: (id = 3)
                     Rows Removed by Filter: 112
                     Buffers: shared hit=1
               ->  Nested Loop  (cost=831190.80..903690.79 rows=270 width=8) (actual time=1041.206..117529.221 rows=130645 loops=1)
                     Buffers: shared hit=8732215 read=1533025, temp read=8602 written=8403
                     ->  Hash Join  (cost=831190.37..902199.34 rows=643 width=12) (actual time=1040.484..83914.808 rows=772238 loops=1)
                           Hash Cond: (ci.role_id = rt.id)
                           Buffers: shared hit=5874734 read=1301554, temp read=8602 written=8403
                           ->  Nested Loop  (cost=831189.20..902170.78 rows=7712 width=16) (actual time=1040.318..82778.062 rows=4932261 loops=1)
                                 Buffers: shared hit=5874733 read=1301554, temp read=8602 written=8403
                                 ->  Nested Loop  (cost=831188.76..878641.06 rows=538 width=20) (actual time=1040.290..19033.971 rows=224229 loops=1)
                                       Buffers: shared hit=1683029 read=46398, temp read=8602 written=8403
                                       ->  Nested Loop  (cost=831188.62..878609.96 rows=1255 width=24) (actual time=1039.302..18779.720 rows=286658 loops=1)
                                             Join Filter: (t.id = mi1.movie_id)
                                             Buffers: shared hit=1683017 read=46398, temp read=8602 written=8403
                                             ->  Merge Join  (cost=831188.19..832002.98 rows=13395 width=16) (actual time=1039.258..1784.115 rows=427257 loops=1)
                                                   Merge Cond: (mi1.movie_id = mi2.movie_id)
                                                   Buffers: shared hit=7840 read=12547, temp read=8602 written=8403
                                                   ->  Sort  (cost=409889.72..410046.00 rows=62509 width=8) (actual time=521.735..640.369 rows=609537 loops=1)
                                                         Sort Key: mi1.movie_id
                                                         Sort Method: external sort  Disk: 13176kB
                                                         Buffers: shared hit=4529 read=6446, temp read=3288 written=3296
                                                         ->  Bitmap Heap Scan on movie_info mi1  (cost=16464.09..404910.33 rows=62509 width=8) (actual time=43.208..370.757 rows=609538 loops=1)
                                                               Recheck Cond: (info_type_id = 3)
                                                               Filter: ((info)::text = ANY ('{Comedy,Documentary,Drama,History,Talk-Show}'::text[]))
                                                               Rows Removed by Filter: 924371
                                                               Heap Blocks: exact=9772
                                                               Buffers: shared hit=4529 read=6446
                                                               ->  Bitmap Index Scan on info_type_id_movie_info  (cost=0.00..16448.47 rows=1538671 width=0) (actual time=42.021..42.021 rows=1533909 loops=1)
                                                                     Index Cond: (info_type_id = 3)
                                                                     Buffers: shared read=1203
                                                   ->  Sort  (cost=421298.47..421482.61 rows=73659 width=8) (actual time=517.514..725.362 rows=982574 loops=1)
                                                         Sort Key: mi2.movie_id
                                                         Sort Method: external sort  Disk: 20416kB
                                                         Buffers: shared hit=3311 read=6101, temp read=5204 written=5107
                                                         ->  Bitmap Heap Scan on movie_info mi2  (cost=13073.78..415343.66 rows=73659 width=8) (actual time=30.386..289.461 rows=944574 loops=1)
                                                               Recheck Cond: (info_type_id = 4)
                                                               Filter: ((info)::text = ANY ('{English,Finnish,French,German,Italian,Korean}'::text[]))
                                                               Rows Removed by Filter: 354415
                                                               Heap Blocks: exact=8393
                                                               Buffers: shared hit=3311 read=6101
                                                               ->  Bitmap Index Scan on info_type_id_movie_info  (cost=0.00..13055.37 rows=1221191 width=0) (actual time=29.355..29.355 rows=1298989 loops=1)
                                                                     Index Cond: (info_type_id = 4)
                                                                     Buffers: shared hit=1 read=1018
                                             ->  Index Scan using title_pkey on title t  (cost=0.43..3.47 rows=1 width=8) (actual time=0.039..0.039 rows=1 loops=427257)
                                                   Index Cond: (id = mi2.movie_id)
                                                   Filter: ((production_year <= 2015) AND (1990 < production_year))
                                                   Rows Removed by Filter: 0
                                                   Buffers: shared hit=1675177 read=33851
                                       ->  Memoize  (cost=0.14..0.16 rows=1 width=4) (actual time=0.000..0.000 rows=1 loops=286658)
                                             Cache Key: t.kind_id
                                             Cache Mode: logical
                                             Hits: 286652  Misses: 6  Evictions: 0  Overflows: 0  Memory Usage: 1kB
                                             Buffers: shared hit=12
                                             ->  Index Scan using kind_type_pkey on kind_type kt  (cost=0.13..0.15 rows=1 width=4) (actual time=0.011..0.011 rows=0 loops=6)
                                                   Index Cond: (id = t.kind_id)
                                                   Filter: ((kind)::text = ANY ('{episode,movie,"video movie"}'::text[]))
                                                   Rows Removed by Filter: 0
                                                   Buffers: shared hit=12
                                 ->  Index Scan using movie_id_cast_info on cast_info ci  (cost=0.44..43.36 rows=38 width=12) (actual time=0.042..0.277 rows=22 loops=224229)
                                       Index Cond: (movie_id = t.id)
                                       Buffers: shared hit=4191704 read=1255156
                           ->  Hash  (cost=1.15..1.15 rows=1 width=4) (actual time=0.018..0.019 rows=1 loops=1)
                                 Buckets: 1024  Batches: 1  Memory Usage: 9kB
                                 Buffers: shared hit=1
                                 ->  Seq Scan on role_type rt  (cost=0.00..1.15 rows=1 width=4) (actual time=0.009..0.010 rows=1 loops=1)
                                       Filter: ((role)::text = 'miscellaneous crew'::text)
                                       Rows Removed by Filter: 11
                                       Buffers: shared hit=1
                     ->  Index Scan using name_pkey on name n  (cost=0.43..2.32 rows=1 width=4) (actual time=0.043..0.043 rows=0 loops=772238)
                           Index Cond: (id = ci.person_id)
                           Filter: ((gender)::text = 'm'::text)
                           Rows Removed by Filter: 1
                           Buffers: shared hit=2857481 read=231471
 Planning:
   Buffers: shared hit=486 read=88
 Planning Time: 14.053 ms
 Execution Time: 117628.086 ms
(89 rows)

