                                                                                               QUERY PLAN                                                                                               
--------------------------------------------------------------------------------------------------------------------------------------------------------------------------------------------------------
 Aggregate  (cost=686354.19..686354.20 rows=1 width=8) (actual time=38818.971..38818.981 rows=1 loops=1)
   Buffers: shared hit=3430460 read=417526
   ->  Nested Loop  (cost=13063.30..686354.09 rows=39 width=0) (actual time=141.690..38791.244 rows=152178 loops=1)
         Buffers: shared hit=3430460 read=417526
         ->  Seq Scan on info_type it2  (cost=0.00..2.41 rows=1 width=4) (actual time=0.046..0.058 rows=1 loops=1)
               Filter: (id = 4)
               Rows Removed by Filter: 112
               Buffers: shared hit=1
         ->  Nested Loop  (cost=13063.30..686351.29 rows=39 width=4) (actual time=141.643..38759.622 rows=152178 loops=1)
               Buffers: shared hit=3430459 read=417526
               ->  Seq Scan on info_type it1  (cost=0.00..2.41 rows=1 width=4) (actual time=0.009..0.025 rows=1 loops=1)
                     Filter: (id = 3)
                     Rows Removed by Filter: 112
                     Buffers: shared hit=1
               ->  Nested Loop  (cost=13063.30..686348.49 rows=39 width=8) (actual time=141.630..38728.530 rows=152178 loops=1)
                     Buffers: shared hit=3430458 read=417526
                     ->  Hash Join  (cost=13062.87..685954.17 rows=170 width=12) (actual time=135.819..29890.021 rows=230547 loops=1)
                           Hash Cond: (ci.role_id = rt.id)
                           Buffers: shared hit=2561005 read=364791
                           ->  Nested Loop  (cost=13061.69..685949.38 rows=1018 width=16) (actual time=135.692..29667.256 rows=878119 loops=1)
                                 Buffers: shared hit=2561004 read=364791
                                 ->  Nested Loop  (cost=13061.25..682844.15 rows=71 width=20) (actual time=135.610..19685.473 rows=29650 loops=1)
                                       Buffers: shared hit=1839054 read=144750
                                       ->  Hash Join  (cost=13060.82..488628.69 rows=4579 width=12) (actual time=38.344..9241.884 rows=117811 loops=1)
                                             Hash Cond: (t.kind_id = kt.id)
                                             Buffers: shared hit=834051 read=50190
                                             ->  Nested Loop  (cost=13059.68..488582.54 rows=10684 width=16) (actual time=38.251..9173.693 rows=150902 loops=1)
                                                   Buffers: shared hit=834050 read=50190
                                                   ->  Bitmap Heap Scan on movie_info mi2  (cost=13059.24..400299.94 rows=15500 width=8) (actual time=38.208..696.794 rows=221548 loops=1)
                                                         Recheck Cond: (info_type_id = 4)
                                                         Filter: ((info)::text = ANY ('{Danish,German,Japanese,Russian,Spanish}'::text[]))
                                                         Rows Removed by Filter: 1077441
                                                         Heap Blocks: exact=8393
                                                         Buffers: shared hit=75 read=9337
                                                         ->  Bitmap Index Scan on info_type_id_movie_info  (cost=0.00..13055.37 rows=1221191 width=0) (actual time=35.892..35.892 rows=1298989 loops=1)
                                                               Index Cond: (info_type_id = 4)
                                                               Buffers: shared read=1019
                                                   ->  Memoize  (cost=0.44..5.80 rows=1 width=8) (actual time=0.038..0.038 rows=1 loops=221548)
                                                         Cache Key: mi2.movie_id
                                                         Cache Mode: logical
                                                         Hits: 2841  Misses: 218707  Evictions: 133808  Overflows: 0  Memory Usage: 8193kB
                                                         Buffers: shared hit=833975 read=40853
                                                         ->  Index Scan using title_pkey on title t  (cost=0.43..5.79 rows=1 width=8) (actual time=0.037..0.037 rows=1 loops=218707)
                                                               Index Cond: (id = mi2.movie_id)
                                                               Filter: ((production_year <= 2015) AND (1990 < production_year))
                                                               Rows Removed by Filter: 0
                                                               Buffers: shared hit=833975 read=40853
                                             ->  Hash  (cost=1.10..1.10 rows=3 width=4) (actual time=0.020..0.021 rows=3 loops=1)
                                                   Buckets: 1024  Batches: 1  Memory Usage: 9kB
                                                   Buffers: shared hit=1
                                                   ->  Seq Scan on kind_type kt  (cost=0.00..1.10 rows=3 width=4) (actual time=0.009..0.011 rows=3 loops=1)
                                                         Filter: ((kind)::text = ANY ('{episode,movie,"video movie"}'::text[]))
                                                         Rows Removed by Filter: 4
                                                         Buffers: shared hit=1
                                       ->  Index Scan using movie_id_movie_info on movie_info mi1  (cost=0.43..42.40 rows=1 width=8) (actual time=0.088..0.088 rows=0 loops=117811)
                                             Index Cond: (movie_id = t.id)
                                             Filter: ((info_type_id = 3) AND ((info)::text = ANY ('{Action,Adventure,Drama,Horror,Thriller}'::text[])))
                                             Rows Removed by Filter: 10
                                             Buffers: shared hit=1005003 read=94560
                                 ->  Index Scan using movie_id_cast_info on cast_info ci  (cost=0.44..43.36 rows=38 width=12) (actual time=0.039..0.327 rows=30 loops=29650)
                                       Index Cond: (movie_id = t.id)
                                       Buffers: shared hit=721950 read=220041
                           ->  Hash  (cost=1.15..1.15 rows=2 width=4) (actual time=0.021..0.022 rows=2 loops=1)
                                 Buckets: 1024  Batches: 1  Memory Usage: 9kB
                                 Buffers: shared hit=1
                                 ->  Seq Scan on role_type rt  (cost=0.00..1.15 rows=2 width=4) (actual time=0.011..0.014 rows=2 loops=1)
                                       Filter: ((role)::text = ANY ('{actress,producer}'::text[]))
                                       Rows Removed by Filter: 10
                                       Buffers: shared hit=1
                     ->  Index Scan using name_pkey on name n  (cost=0.43..2.32 rows=1 width=4) (actual time=0.038..0.038 rows=1 loops=230547)
                           Index Cond: (id = ci.person_id)
                           Filter: ((gender)::text = 'f'::text)
                           Rows Removed by Filter: 0
                           Buffers: shared hit=869453 read=52735
 Planning:
   Buffers: shared hit=486 read=88
 Planning Time: 14.056 ms
 Execution Time: 38822.458 ms
(78 rows)

