                                                                                               QUERY PLAN                                                                                               
--------------------------------------------------------------------------------------------------------------------------------------------------------------------------------------------------------
 Aggregate  (cost=945779.08..945779.09 rows=1 width=8) (actual time=139677.388..139677.397 rows=1 loops=1)
   Buffers: shared hit=10680877 read=1833278, temp read=8964 written=8964
   ->  Nested Loop  (cost=496282.11..945777.46 rows=647 width=0) (actual time=1365.576..139611.638 rows=305434 loops=1)
         Buffers: shared hit=10680877 read=1833278, temp read=8964 written=8964
         ->  Seq Scan on info_type it2  (cost=0.00..2.41 rows=1 width=4) (actual time=0.048..0.053 rows=1 loops=1)
               Filter: (id = 4)
               Rows Removed by Filter: 112
               Buffers: shared hit=1
         ->  Nested Loop  (cost=496282.11..945768.58 rows=647 width=4) (actual time=1365.526..139547.830 rows=305434 loops=1)
               Buffers: shared hit=10680876 read=1833278, temp read=8964 written=8964
               ->  Seq Scan on info_type it1  (cost=0.00..2.41 rows=1 width=4) (actual time=0.013..0.020 rows=1 loops=1)
                     Filter: (id = 3)
                     Rows Removed by Filter: 112
                     Buffers: shared hit=1
               ->  Nested Loop  (cost=496282.11..945759.69 rows=647 width=8) (actual time=1365.511..139480.087 rows=305434 loops=1)
                     Buffers: shared hit=10680875 read=1833278, temp read=8964 written=8964
                     ->  Hash Join  (cost=496281.68..942180.68 rows=1543 width=12) (actual time=1365.476..104000.555 rows=856796 loops=1)
                           Hash Cond: (ci.role_id = rt.id)
                           Buffers: shared hit=7508389 read=1578580, temp read=8964 written=8964
                           ->  Nested Loop  (cost=496280.50..942146.60 rows=9260 width=16) (actual time=1365.399..102296.181 rows=7975613 loops=1)
                                 Buffers: shared hit=7508388 read=1578580, temp read=8964 written=8964
                                 ->  Hash Join  (cost=496280.06..913893.44 rows=646 width=20) (actual time=1365.363..2747.157 rows=437785 loops=1)
                                       Hash Cond: (mi2.movie_id = t.id)
                                       Buffers: shared hit=25588 read=31191, temp read=8964 written=8964
                                       ->  Bitmap Heap Scan on movie_info mi2  (cost=13075.89..430374.95 rows=82095 width=8) (actual time=37.669..558.264 rows=1053483 loops=1)
                                             Recheck Cond: (info_type_id = 4)
                                             Filter: ((info)::text = ANY ('{English,French,German,Greek,Japanese,Spanish,Tagalog}'::text[]))
                                             Rows Removed by Filter: 245506
                                             Heap Blocks: exact=8393
                                             Buffers: shared hit=574 read=8838
                                             ->  Bitmap Index Scan on info_type_id_movie_info  (cost=0.00..13055.37 rows=1221191 width=0) (actual time=36.607..36.608 rows=1298989 loops=1)
                                                   Index Cond: (info_type_id = 4)
                                                   Buffers: shared hit=1 read=1018
                                       ->  Hash  (cost=482955.57..482955.57 rows=19888 width=12) (actual time=1267.267..1267.272 rows=530907 loops=1)
                                             Buckets: 262144 (originally 32768)  Batches: 4 (originally 1)  Memory Usage: 7762kB
                                             Buffers: shared hit=25014 read=22353, temp read=3510 written=5063
                                             ->  Hash Join  (cost=106305.31..482955.57 rows=19888 width=12) (actual time=691.015..1186.271 rows=530907 loops=1)
                                                   Hash Cond: (mi1.movie_id = t.id)
                                                   Buffers: shared hit=25014 read=22353, temp read=3510 written=3510
                                                   ->  Bitmap Heap Scan on movie_info mi1  (cost=16473.74..389810.42 rows=100988 width=8) (actual time=36.339..285.543 rows=985447 loops=1)
                                                         Recheck Cond: (info_type_id = 3)
                                                         Filter: ((info)::text = ANY ('{Animation,Biography,Documentary,Drama,Fantasy,Music,Romance,Short,Sport,Thriller}'::text[]))
                                                         Rows Removed by Filter: 548462
                                                         Heap Blocks: exact=9772
                                                         Buffers: shared hit=10975
                                                         ->  Bitmap Index Scan on info_type_id_movie_info  (cost=0.00..16448.47 rows=1538671 width=0) (actual time=35.156..35.156 rows=1533909 loops=1)
                                                               Index Cond: (info_type_id = 3)
                                                               Buffers: shared hit=1203
                                                   ->  Hash  (cost=81661.48..81661.48 rows=497927 width=4) (actual time=626.432..626.435 rows=447278 loops=1)
                                                         Buckets: 262144  Batches: 4  Memory Usage: 5988kB
                                                         Buffers: shared hit=14039 read=22353, temp written=980
                                                         ->  Hash Join  (cost=1.11..81661.48 rows=497927 width=4) (actual time=23.287..564.306 rows=447278 loops=1)
                                                               Hash Cond: (t.kind_id = kt.id)
                                                               Buffers: shared hit=14039 read=22353
                                                               ->  Seq Scan on title t  (cost=0.00..74315.95 rows=1742744 width=8) (actual time=0.018..443.690 rows=1748995 loops=1)
                                                                     Filter: ((production_year <= 2015) AND (1990 < production_year))
                                                                     Rows Removed by Filter: 779317
                                                                     Buffers: shared hit=14038 read=22353
                                                               ->  Hash  (cost=1.09..1.09 rows=2 width=4) (actual time=0.014..0.015 rows=2 loops=1)
                                                                     Buckets: 1024  Batches: 1  Memory Usage: 9kB
                                                                     Buffers: shared hit=1
                                                                     ->  Seq Scan on kind_type kt  (cost=0.00..1.09 rows=2 width=4) (actual time=0.009..0.011 rows=2 loops=1)
                                                                           Filter: ((kind)::text = ANY ('{movie,"video movie"}'::text[]))
                                                                           Rows Removed by Filter: 5
                                                                           Buffers: shared hit=1
                                 ->  Index Scan using movie_id_cast_info on cast_info ci  (cost=0.44..43.36 rows=38 width=12) (actual time=0.040..0.222 rows=18 loops=437785)
                                       Index Cond: (movie_id = t.id)
                                       Buffers: shared hit=7482800 read=1547389
                           ->  Hash  (cost=1.15..1.15 rows=2 width=4) (actual time=0.021..0.021 rows=2 loops=1)
                                 Buckets: 1024  Batches: 1  Memory Usage: 9kB
                                 Buffers: shared hit=1
                                 ->  Seq Scan on role_type rt  (cost=0.00..1.15 rows=2 width=4) (actual time=0.012..0.014 rows=2 loops=1)
                                       Filter: ((role)::text = ANY ('{cinematographer,director}'::text[]))
                                       Rows Removed by Filter: 10
                                       Buffers: shared hit=1
                     ->  Index Scan using name_pkey on name n  (cost=0.43..2.32 rows=1 width=4) (actual time=0.041..0.041 rows=0 loops=856796)
                           Index Cond: (id = ci.person_id)
                           Filter: ((gender)::text = 'm'::text)
                           Rows Removed by Filter: 1
                           Buffers: shared hit=3172486 read=254698
 Planning:
   Buffers: shared hit=576 read=1
 Planning Time: 13.829 ms
 Execution Time: 139678.075 ms
(84 rows)

