                                                                                            QUERY PLAN                                                                                            
--------------------------------------------------------------------------------------------------------------------------------------------------------------------------------------------------
 Aggregate  (cost=530023.44..530023.45 rows=1 width=8) (actual time=1366.020..1366.027 rows=1 loops=1)
   Buffers: shared hit=41512 read=70958
   ->  Nested Loop  (cost=94160.51..530023.41 rows=13 width=0) (actual time=424.486..1366.022 rows=1 loops=1)
         Buffers: shared hit=41512 read=70958
         ->  Seq Scan on info_type it2  (cost=0.00..2.41 rows=1 width=4) (actual time=0.035..0.041 rows=1 loops=1)
               Filter: (id = 4)
               Rows Removed by Filter: 112
               Buffers: shared hit=1
         ->  Nested Loop  (cost=94160.51..530020.87 rows=13 width=4) (actual time=424.450..1365.979 rows=1 loops=1)
               Buffers: shared hit=41511 read=70958
               ->  Seq Scan on info_type it1  (cost=0.00..2.41 rows=1 width=4) (actual time=0.007..0.013 rows=1 loops=1)
                     Filter: (id = 3)
                     Rows Removed by Filter: 112
                     Buffers: shared hit=1
               ->  Nested Loop  (cost=94160.51..530018.32 rows=13 width=8) (actual time=424.441..1365.962 rows=1 loops=1)
                     Buffers: shared hit=41510 read=70958
                     ->  Hash Join  (cost=94160.08..529890.75 rows=55 width=12) (actual time=408.983..1346.107 rows=413 loops=1)
                           Hash Cond: (ci.role_id = rt.id)
                           Buffers: shared hit=40163 read=70653
                           ->  Nested Loop  (cost=94158.91..529887.25 rows=659 width=16) (actual time=402.021..1342.846 rows=23416 loops=1)
                                 Buffers: shared hit=40162 read=70653
                                 ->  Nested Loop  (cost=94158.47..527822.79 rows=46 width=20) (actual time=401.984..1049.201 rows=2063 loops=1)
                                       Buffers: shared hit=21742 read=60357
                                       ->  Hash Join  (cost=94158.04..452512.11 rows=1750 width=12) (actual time=401.884..733.179 rows=3283 loops=1)
                                             Hash Cond: (mi1.movie_id = t.id)
                                             Buffers: shared hit=11 read=47356
                                             ->  Bitmap Heap Scan on movie_info mi1  (cost=16455.76..374682.90 rows=29183 width=8) (actual time=39.907..332.438 rows=305694 loops=1)
                                                   Recheck Cond: (info_type_id = 3)
                                                   Filter: ((info)::text = ANY ('{Animation,Drama,Sci-Fi}'::text[]))
                                                   Rows Removed by Filter: 1228215
                                                   Heap Blocks: exact=9772
                                                   Buffers: shared hit=10 read=10965
                                                   ->  Bitmap Index Scan on info_type_id_movie_info  (cost=0.00..16448.47 rows=1538671 width=0) (actual time=38.718..38.718 rows=1533909 loops=1)
                                                         Index Cond: (info_type_id = 3)
                                                         Buffers: shared read=1203
                                             ->  Hash  (cost=75807.58..75807.58 rows=151576 width=4) (actual time=360.944..360.946 rows=11843 loops=1)
                                                   Buckets: 262144  Batches: 1  Memory Usage: 2465kB
                                                   Buffers: shared hit=1 read=36391
                                                   ->  Hash Join  (cost=1.13..75807.58 rows=151576 width=4) (actual time=0.122..357.946 rows=11843 loops=1)
                                                         Hash Cond: (t.kind_id = kt.id)
                                                         Buffers: shared hit=1 read=36391
                                                         ->  Seq Scan on title t  (cost=0.00..74315.95 rows=353677 width=8) (actual time=0.021..337.450 rows=347589 loops=1)
                                                               Filter: ((production_year <= 1975) AND (1925 < production_year))
                                                               Rows Removed by Filter: 2180723
                                                               Buffers: shared read=36391
                                                         ->  Hash  (cost=1.10..1.10 rows=3 width=4) (actual time=0.011..0.012 rows=3 loops=1)
                                                               Buckets: 1024  Batches: 1  Memory Usage: 9kB
                                                               Buffers: shared hit=1
                                                               ->  Seq Scan on kind_type kt  (cost=0.00..1.10 rows=3 width=4) (actual time=0.006..0.007 rows=3 loops=1)
                                                                     Filter: ((kind)::text = ANY ('{"tv series","video game","video movie"}'::text[]))
                                                                     Rows Removed by Filter: 4
                                                                     Buffers: shared hit=1
                                       ->  Index Scan using movie_id_movie_info on movie_info mi2  (cost=0.43..43.02 rows=1 width=8) (actual time=0.072..0.096 rows=1 loops=3283)
                                             Index Cond: (movie_id = t.id)
                                             Filter: (((info)::text = ANY ('{English,Japanese}'::text[])) AND (info_type_id = 4))
                                             Rows Removed by Filter: 13
                                             Buffers: shared hit=21731 read=13001
                                 ->  Index Scan using movie_id_cast_info on cast_info ci  (cost=0.44..44.50 rows=38 width=12) (actual time=0.030..0.140 rows=11 loops=2063)
                                       Index Cond: (movie_id = t.id)
                                       Buffers: shared hit=18420 read=10296
                           ->  Hash  (cost=1.15..1.15 rows=1 width=4) (actual time=0.012..0.013 rows=1 loops=1)
                                 Buckets: 1024  Batches: 1  Memory Usage: 9kB
                                 Buffers: shared hit=1
                                 ->  Seq Scan on role_type rt  (cost=0.00..1.15 rows=1 width=4) (actual time=0.007..0.008 rows=1 loops=1)
                                       Filter: ((role)::text = 'editor'::text)
                                       Rows Removed by Filter: 11
                                       Buffers: shared hit=1
                     ->  Index Scan using name_pkey on name n  (cost=0.43..2.32 rows=1 width=4) (actual time=0.048..0.048 rows=0 loops=413)
                           Index Cond: (id = ci.person_id)
                           Filter: ((gender)::text = 'f'::text)
                           Rows Removed by Filter: 1
                           Buffers: shared hit=1347 read=305
 Planning:
   Buffers: shared hit=481 read=93
 Planning Time: 9.385 ms
 Execution Time: 1366.594 ms
(76 rows)

