                                                                                                  QUERY PLAN                                                                                                  
--------------------------------------------------------------------------------------------------------------------------------------------------------------------------------------------------------------
 Aggregate  (cost=953991.37..953991.38 rows=1 width=8) (actual time=170915.674..170915.682 rows=1 loops=1)
   Buffers: shared hit=12727821 read=1765535, temp read=10649 written=9596
   ->  Nested Loop  (cost=863642.81..953990.54 rows=332 width=0) (actual time=1320.991..170854.268 rows=271425 loops=1)
         Buffers: shared hit=12727821 read=1765535, temp read=10649 written=9596
         ->  Seq Scan on info_type it2  (cost=0.00..2.41 rows=1 width=4) (actual time=0.044..0.055 rows=1 loops=1)
               Filter: (id = 4)
               Rows Removed by Filter: 112
               Buffers: shared hit=1
         ->  Nested Loop  (cost=863642.81..953984.81 rows=332 width=4) (actual time=1320.946..170795.558 rows=271425 loops=1)
               Buffers: shared hit=12727820 read=1765535, temp read=10649 written=9596
               ->  Seq Scan on info_type it1  (cost=0.00..2.41 rows=1 width=4) (actual time=0.008..0.021 rows=1 loops=1)
                     Filter: (id = 3)
                     Rows Removed by Filter: 112
                     Buffers: shared hit=1
               ->  Nested Loop  (cost=863642.81..953979.07 rows=332 width=8) (actual time=1320.936..170734.355 rows=271425 loops=1)
                     Buffers: shared hit=12727819 read=1765535, temp read=10649 written=9596
                     ->  Hash Join  (cost=863642.38..952142.01 rows=792 width=12) (actual time=1320.888..143607.849 rows=593623 loops=1)
                           Hash Cond: (ci.role_id = rt.id)
                           Buffers: shared hit=10591249 read=1527613, temp read=10649 written=9596
                           ->  Nested Loop  (cost=863641.22..952107.10 rows=9503 width=16) (actual time=1320.818..141813.407 rows=8759176 loops=1)
                                 Buffers: shared hit=10591248 read=1527613, temp read=10649 written=9596
                                 ->  Nested Loop  (cost=863640.78..923160.73 rows=663 width=20) (actual time=1320.762..27084.703 rows=434479 loops=1)
                                       Buffers: shared hit=2298622 read=43957, temp read=10649 written=9596
                                       ->  Nested Loop  (cost=863640.64..923103.36 rows=2319 width=24) (actual time=1148.322..26629.039 rows=500843 loops=1)
                                             Buffers: shared hit=2298610 read=43957, temp read=10649 written=9596
                                             ->  Merge Join  (cost=863640.21..864629.51 rows=18300 width=16) (actual time=1148.272..2119.800 rows=580545 loops=1)
                                                   Merge Cond: (mi1.movie_id = mi2.movie_id)
                                                   Buffers: shared hit=12279 read=8108, temp read=10649 written=9596
                                                   ->  Sort  (cost=443004.69..443242.54 rows=95141 width=8) (actual time=635.279..815.638 rows=927485 loops=1)
                                                         Sort Key: mi1.movie_id
                                                         Sort Method: external sort  Disk: 20040kB
                                                         Buffers: shared hit=10975, temp read=5001 written=5013
                                                         ->  Bitmap Heap Scan on movie_info mi1  (cost=16472.25..435137.58 rows=95141 width=8) (actual time=41.988..405.774 rows=927492 loops=1)
                                                               Recheck Cond: (info_type_id = 3)
                                                               Filter: ((info)::text = ANY ('{Animation,Biography,Comedy,Drama,Family,Short,Thriller}'::text[]))
                                                               Rows Removed by Filter: 606417
                                                               Heap Blocks: exact=9772
                                                               Buffers: shared hit=10975
                                                               ->  Bitmap Index Scan on info_type_id_movie_info  (cost=0.00..16448.47 rows=1538671 width=0) (actual time=40.797..40.797 rows=1533909 loops=1)
                                                                     Index Cond: (info_type_id = 3)
                                                                     Buffers: shared hit=1203
                                                   ->  Sort  (cost=420635.52..420800.82 rows=66119 width=8) (actual time=512.983..752.730 rows=1053177 loops=1)
                                                         Sort Key: mi2.movie_id
                                                         Sort Method: external sort  Disk: 18320kB
                                                         Buffers: shared hit=1304 read=8108, temp read=5110 written=4583
                                                         ->  Bitmap Heap Scan on movie_info mi2  (cost=13071.90..415341.78 rows=66119 width=8) (actual time=31.174..307.506 rows=847895 loops=1)
                                                               Recheck Cond: (info_type_id = 4)
                                                               Filter: ((info)::text = ANY ('{Dutch,English,Hebrew,Hindi,Italian,Tagalog}'::text[]))
                                                               Rows Removed by Filter: 451094
                                                               Heap Blocks: exact=8393
                                                               Buffers: shared hit=1304 read=8108
                                                               ->  Bitmap Index Scan on info_type_id_movie_info  (cost=0.00..13055.37 rows=1221191 width=0) (actual time=30.103..30.104 rows=1298989 loops=1)
                                                                     Index Cond: (info_type_id = 4)
                                                                     Buffers: shared hit=1 read=1018
                                             ->  Index Scan using title_pkey on title t  (cost=0.43..3.20 rows=1 width=8) (actual time=0.041..0.041 rows=1 loops=580545)
                                                   Index Cond: (id = mi1.movie_id)
                                                   Filter: ((production_year <= 2015) AND (1925 < production_year))
                                                   Rows Removed by Filter: 0
                                                   Buffers: shared hit=2286331 read=35849
                                       ->  Memoize  (cost=0.14..0.16 rows=1 width=4) (actual time=0.000..0.000 rows=1 loops=500843)
                                             Cache Key: t.kind_id
                                             Cache Mode: logical
                                             Hits: 500837  Misses: 6  Evictions: 0  Overflows: 0  Memory Usage: 1kB
                                             Buffers: shared hit=12
                                             ->  Index Scan using kind_type_pkey on kind_type kt  (cost=0.13..0.15 rows=1 width=4) (actual time=0.011..0.011 rows=0 loops=6)
                                                   Index Cond: (id = t.kind_id)
                                                   Filter: ((kind)::text = ANY ('{movie,"video movie"}'::text[]))
                                                   Rows Removed by Filter: 1
                                                   Buffers: shared hit=12
                                 ->  Index Scan using movie_id_cast_info on cast_info ci  (cost=0.44..43.28 rows=38 width=12) (actual time=0.043..0.258 rows=20 loops=434479)
                                       Index Cond: (movie_id = t.id)
                                       Buffers: shared hit=8292626 read=1483656
                           ->  Hash  (cost=1.15..1.15 rows=1 width=4) (actual time=0.016..0.017 rows=1 loops=1)
                                 Buckets: 1024  Batches: 1  Memory Usage: 9kB
                                 Buffers: shared hit=1
                                 ->  Seq Scan on role_type rt  (cost=0.00..1.15 rows=1 width=4) (actual time=0.010..0.011 rows=1 loops=1)
                                       Filter: ((role)::text = 'writer'::text)
                                       Rows Removed by Filter: 11
                                       Buffers: shared hit=1
                     ->  Index Scan using name_pkey on name n  (cost=0.43..2.32 rows=1 width=4) (actual time=0.045..0.045 rows=0 loops=593623)
                           Index Cond: (id = ci.person_id)
                           Filter: ((gender)::text = 'm'::text)
                           Rows Removed by Filter: 1
                           Buffers: shared hit=2136570 read=237922
 Planning:
   Buffers: shared hit=574
 Planning Time: 13.802 ms
 Execution Time: 170927.117 ms
(88 rows)

