                                                                                            QUERY PLAN                                                                                            
--------------------------------------------------------------------------------------------------------------------------------------------------------------------------------------------------
 Aggregate  (cost=610941.91..610941.92 rows=1 width=8) (actual time=34499.625..34499.633 rows=1 loops=1)
   Buffers: shared hit=2769991 read=453107, temp read=2566 written=2566
   ->  Nested Loop  (cost=90776.82..610941.78 rows=51 width=0) (actual time=546.877..34491.645 rows=35512 loops=1)
         Buffers: shared hit=2769991 read=453107, temp read=2566 written=2566
         ->  Seq Scan on info_type it2  (cost=0.00..2.41 rows=1 width=4) (actual time=0.029..0.037 rows=1 loops=1)
               Filter: (id = 4)
               Rows Removed by Filter: 112
               Buffers: shared hit=1
         ->  Nested Loop  (cost=90776.82..610938.86 rows=51 width=4) (actual time=546.847..34483.854 rows=35512 loops=1)
               Buffers: shared hit=2769990 read=453107, temp read=2566 written=2566
               ->  Seq Scan on info_type it1  (cost=0.00..2.41 rows=1 width=4) (actual time=0.005..0.020 rows=1 loops=1)
                     Filter: (id = 3)
                     Rows Removed by Filter: 112
                     Buffers: shared hit=1
               ->  Nested Loop  (cost=90776.82..610935.94 rows=51 width=8) (actual time=546.839..34475.803 rows=35512 loops=1)
                     Buffers: shared hit=2769989 read=453107, temp read=2566 written=2566
                     ->  Hash Join  (cost=90776.39..610652.96 rows=122 width=12) (actual time=546.781..31190.999 rows=86481 loops=1)
                           Hash Cond: (ci.role_id = rt.id)
                           Buffers: shared hit=2445232 read=431940, temp read=2566 written=2566
                           ->  Nested Loop  (cost=90775.23..610646.60 rows=1462 width=16) (actual time=531.860..30983.191 rows=1108389 loops=1)
                                 Buffers: shared hit=2445231 read=431940, temp read=2566 written=2566
                                 ->  Nested Loop  (cost=90774.79..606068.90 rows=102 width=20) (actual time=531.820..18666.749 rows=48198 loops=1)
                                       Buffers: shared hit=1396801 read=245573, temp read=2566 written=2566
                                       ->  Hash Join  (cost=90774.35..433218.23 rows=4007 width=12) (actual time=511.666..1677.471 rows=143271 loops=1)
                                             Hash Cond: (mi2.movie_id = t.id)
                                             Buffers: shared hit=1742 read=44062, temp read=2566 written=2566
                                             ->  Bitmap Heap Scan on movie_info mi2  (cost=13072.08..355225.24 rows=66840 width=8) (actual time=34.217..561.836 rows=841653 loops=1)
                                                   Recheck Cond: (info_type_id = 4)
                                                   Filter: ((info)::text = ANY ('{English,German}'::text[]))
                                                   Rows Removed by Filter: 457336
                                                   Heap Blocks: exact=8393
                                                   Buffers: shared hit=12 read=9400
                                                   ->  Bitmap Index Scan on info_type_id_movie_info  (cost=0.00..13055.37 rows=1221191 width=0) (actual time=33.183..33.183 rows=1298989 loops=1)
                                                         Index Cond: (info_type_id = 4)
                                                         Buffers: shared read=1019
                                             ->  Hash  (cost=75807.58..75807.58 rows=151576 width=4) (actual time=474.422..474.425 rows=335746 loops=1)
                                                   Buckets: 262144 (originally 262144)  Batches: 2 (originally 1)  Memory Usage: 7957kB
                                                   Buffers: shared hit=1730 read=34662, temp written=491
                                                   ->  Hash Join  (cost=1.13..75807.58 rows=151576 width=4) (actual time=0.044..411.241 rows=335746 loops=1)
                                                         Hash Cond: (t.kind_id = kt.id)
                                                         Buffers: shared hit=1730 read=34662
                                                         ->  Seq Scan on title t  (cost=0.00..74315.95 rows=353677 width=8) (actual time=0.024..369.432 rows=347589 loops=1)
                                                               Filter: ((production_year <= 1975) AND (1925 < production_year))
                                                               Rows Removed by Filter: 2180723
                                                               Buffers: shared hit=1729 read=34662
                                                         ->  Hash  (cost=1.10..1.10 rows=3 width=4) (actual time=0.015..0.016 rows=3 loops=1)
                                                               Buckets: 1024  Batches: 1  Memory Usage: 9kB
                                                               Buffers: shared hit=1
                                                               ->  Seq Scan on kind_type kt  (cost=0.00..1.10 rows=3 width=4) (actual time=0.007..0.009 rows=3 loops=1)
                                                                     Filter: ((kind)::text = ANY ('{episode,movie,"tv movie"}'::text[]))
                                                                     Rows Removed by Filter: 4
                                                                     Buffers: shared hit=1
                                       ->  Index Scan using movie_id_movie_info on movie_info mi1  (cost=0.43..43.13 rows=1 width=8) (actual time=0.118..0.118 rows=0 loops=143271)
                                             Index Cond: (movie_id = t.id)
                                             Filter: ((info_type_id = 3) AND ((info)::text = ANY ('{Comedy,Documentary,Drama,Music}'::text[])))
                                             Rows Removed by Filter: 13
                                             Buffers: shared hit=1395059 read=201511
                                 ->  Index Scan using movie_id_cast_info on cast_info ci  (cost=0.44..44.50 rows=38 width=12) (actual time=0.038..0.249 rows=23 loops=48198)
                                       Index Cond: (movie_id = t.id)
                                       Buffers: shared hit=1048430 read=186367
                           ->  Hash  (cost=1.15..1.15 rows=1 width=4) (actual time=0.010..0.011 rows=1 loops=1)
                                 Buckets: 1024  Batches: 1  Memory Usage: 9kB
                                 Buffers: shared hit=1
                                 ->  Seq Scan on role_type rt  (cost=0.00..1.15 rows=1 width=4) (actual time=0.006..0.007 rows=1 loops=1)
                                       Filter: ((role)::text = 'writer'::text)
                                       Rows Removed by Filter: 11
                                       Buffers: shared hit=1
                     ->  Index Scan using name_pkey on name n  (cost=0.43..2.32 rows=1 width=4) (actual time=0.037..0.037 rows=0 loops=86481)
                           Index Cond: (id = ci.person_id)
                           Filter: ((gender)::text = 'm'::text)
                           Rows Removed by Filter: 1
                           Buffers: shared hit=324757 read=21167
 Planning:
   Buffers: shared hit=486 read=88
 Planning Time: 6.943 ms
 Execution Time: 34500.048 ms
(76 rows)

