                                                                                            QUERY PLAN                                                                                            
--------------------------------------------------------------------------------------------------------------------------------------------------------------------------------------------------
 Aggregate  (cost=869536.30..869536.31 rows=1 width=8) (actual time=8902.214..8902.222 rows=1 loops=1)
   Buffers: shared hit=428209 read=151759, temp read=1707 written=1707
   ->  Nested Loop  (cost=93533.19..869535.09 rows=483 width=0) (actual time=838.699..8900.661 rows=6382 loops=1)
         Buffers: shared hit=428209 read=151759, temp read=1707 written=1707
         ->  Hash Join  (cost=93532.76..867816.33 rows=741 width=4) (actual time=837.366..8045.537 rows=16513 loops=1)
               Hash Cond: (ci.role_id = rt.id)
               Buffers: shared hit=371926 read=141990, temp read=1707 written=1707
               ->  Nested Loop  (cost=93531.58..867799.37 rows=4444 width=8) (actual time=837.291..8010.241 rows=186016 loops=1)
                     Buffers: shared hit=371925 read=141990, temp read=1707 written=1707
                     ->  Nested Loop  (cost=93531.14..854043.44 rows=310 width=12) (actual time=837.229..4864.297 rows=16181 loops=1)
                           Buffers: shared hit=218002 read=67518, temp read=1707 written=1707
                           ->  Seq Scan on info_type it2  (cost=0.00..2.41 rows=1 width=4) (actual time=0.020..0.025 rows=1 loops=1)
                                 Filter: (id = 4)
                                 Rows Removed by Filter: 112
                                 Buffers: shared hit=1
                           ->  Nested Loop  (cost=93531.14..854037.93 rows=310 width=16) (actual time=837.208..4861.045 rows=16181 loops=1)
                                 Buffers: shared hit=218001 read=67518, temp read=1707 written=1707
                                 ->  Seq Scan on info_type it1  (cost=0.00..2.41 rows=1 width=4) (actual time=0.005..0.013 rows=1 loops=1)
                                       Filter: (id = 3)
                                       Rows Removed by Filter: 112
                                       Buffers: shared hit=1
                                 ->  Nested Loop  (cost=93531.14..854032.41 rows=310 width=20) (actual time=837.201..4857.746 rows=16181 loops=1)
                                       Buffers: shared hit=218000 read=67518, temp read=1707 written=1707
                                       ->  Hash Join  (cost=93530.71..557761.38 rows=6890 width=12) (actual time=837.075..1783.402 rows=24970 loops=1)
                                             Hash Cond: (mi2.movie_id = t.id)
                                             Buffers: shared hit=37679 read=8125, temp read=1707 written=1707
                                             ->  Bitmap Heap Scan on movie_info mi2  (cost=13073.98..475460.58 rows=74445 width=8) (actual time=41.065..634.521 rows=969330 loops=1)
                                                   Recheck Cond: (info_type_id = 4)
                                                   Filter: ((info)::text = ANY ('{Cantonese,English,Filipino,Greek,Hindi,Japanese,None,Russian,Serbo-Croatian,Spanish}'::text[]))
                                                   Rows Removed by Filter: 329659
                                                   Heap Blocks: exact=8393
                                                   Buffers: shared hit=4423 read=4989
                                                   ->  Bitmap Index Scan on info_type_id_movie_info  (cost=0.00..13055.37 rows=1221191 width=0) (actual time=39.951..39.952 rows=1298989 loops=1)
                                                         Index Cond: (info_type_id = 4)
                                                         Buffers: shared hit=1019
                                             ->  Hash  (cost=76617.93..76617.93 rows=233984 width=4) (actual time=789.217..789.220 rows=33701 loops=1)
                                                   Buckets: 262144  Batches: 2  Memory Usage: 2644kB
                                                   Buffers: shared hit=33256 read=3136, temp written=49
                                                   ->  Hash Join  (cost=1.13..76617.93 rows=233984 width=4) (actual time=0.072..778.858 rows=33701 loops=1)
                                                         Hash Cond: (t.kind_id = kt.id)
                                                         Buffers: shared hit=33256 read=3136
                                                         ->  Seq Scan on title t  (cost=0.00..74315.95 rows=545963 width=8) (actual time=0.027..716.470 rows=538239 loops=1)
                                                               Filter: ((production_year <= 1990) AND (1950 < production_year))
                                                               Rows Removed by Filter: 1990073
                                                               Buffers: shared hit=33255 read=3136
                                                         ->  Hash  (cost=1.10..1.10 rows=3 width=4) (actual time=0.015..0.016 rows=3 loops=1)
                                                               Buckets: 1024  Batches: 1  Memory Usage: 9kB
                                                               Buffers: shared hit=1
                                                               ->  Seq Scan on kind_type kt  (cost=0.00..1.10 rows=3 width=4) (actual time=0.007..0.009 rows=3 loops=1)
                                                                     Filter: ((kind)::text = ANY ('{"tv series","video game","video movie"}'::text[]))
                                                                     Rows Removed by Filter: 4
                                                                     Buffers: shared hit=1
                                       ->  Index Scan using movie_id_movie_info on movie_info mi1  (cost=0.43..42.99 rows=1 width=8) (actual time=0.120..0.123 rows=1 loops=24970)
                                             Index Cond: (movie_id = t.id)
                                             Filter: ((info_type_id = 3) AND ((info)::text = ANY ('{Action,Animation,Comedy,Crime,Documentary,Drama,History,Short}'::text[])))
                                             Rows Removed by Filter: 9
                                             Buffers: shared hit=180321 read=59393
                     ->  Index Scan using movie_id_cast_info on cast_info ci  (cost=0.44..43.99 rows=38 width=12) (actual time=0.049..0.191 rows=11 loops=16181)
                           Index Cond: (movie_id = t.id)
                           Buffers: shared hit=153923 read=74472
               ->  Hash  (cost=1.15..1.15 rows=2 width=4) (actual time=0.027..0.027 rows=2 loops=1)
                     Buckets: 1024  Batches: 1  Memory Usage: 9kB
                     Buffers: shared hit=1
                     ->  Seq Scan on role_type rt  (cost=0.00..1.15 rows=2 width=4) (actual time=0.021..0.022 rows=2 loops=1)
                           Filter: ((role)::text = ANY ('{cinematographer,producer}'::text[]))
                           Rows Removed by Filter: 10
                           Buffers: shared hit=1
         ->  Index Scan using name_pkey on name n  (cost=0.43..2.32 rows=1 width=4) (actual time=0.051..0.051 rows=0 loops=16513)
               Index Cond: (id = ci.person_id)
               Filter: ((gender)::text = ANY ('{f,m}'::text[]))
               Rows Removed by Filter: 1
               Buffers: shared hit=56283 read=9769
 Planning:
   Buffers: shared hit=574
 Planning Time: 5.795 ms
 Execution Time: 8902.605 ms
(76 rows)

