                                                                                            QUERY PLAN                                                                                            
--------------------------------------------------------------------------------------------------------------------------------------------------------------------------------------------------
 Aggregate  (cost=706690.85..706690.86 rows=1 width=8) (actual time=12324.376..12324.382 rows=1 loops=1)
   Buffers: shared hit=1013408 read=109225, temp read=2783 written=2783
   ->  Nested Loop  (cost=90954.69..706690.25 rows=240 width=0) (actual time=1233.420..12322.985 rows=6878 loops=1)
         Buffers: shared hit=1013408 read=109225, temp read=2783 written=2783
         ->  Hash Join  (cost=90954.26..705836.66 rows=368 width=4) (actual time=1233.373..11788.617 rows=15458 loops=1)
               Hash Cond: (ci.role_id = rt.id)
               Buffers: shared hit=958214 read=102587, temp read=2783 written=2783
               ->  Nested Loop  (cost=90953.08..705827.65 rows=2207 width=8) (actual time=1231.991..11766.309 rows=135749 loops=1)
                     Buffers: shared hit=958213 read=102587, temp read=2783 written=2783
                     ->  Nested Loop  (cost=90952.64..698966.28 rows=154 width=12) (actual time=1231.947..10353.733 rows=7983 loops=1)
                           Buffers: shared hit=838644 read=64402, temp read=2783 written=2783
                           ->  Seq Scan on info_type it2  (cost=0.00..2.41 rows=1 width=4) (actual time=0.023..0.028 rows=1 loops=1)
                                 Filter: (id = 4)
                                 Rows Removed by Filter: 112
                                 Buffers: shared hit=1
                           ->  Nested Loop  (cost=90952.64..698962.33 rows=154 width=16) (actual time=1231.923..10352.141 rows=7983 loops=1)
                                 Buffers: shared hit=838643 read=64402, temp read=2783 written=2783
                                 ->  Seq Scan on info_type it1  (cost=0.00..2.41 rows=1 width=4) (actual time=0.005..0.013 rows=1 loops=1)
                                       Filter: (id = 3)
                                       Rows Removed by Filter: 112
                                       Buffers: shared hit=1
                                 ->  Nested Loop  (cost=90952.64..698958.37 rows=154 width=20) (actual time=1231.916..10350.399 rows=7983 loops=1)
                                       Buffers: shared hit=838642 read=64402, temp read=2783 written=2783
                                       ->  Hash Join  (cost=90952.21..523616.58 rows=4071 width=12) (actual time=1217.875..2231.483 rows=86307 loops=1)
                                             Hash Cond: (mi2.movie_id = t.id)
                                             Buffers: shared hit=23403 read=22401, temp read=2783 written=2783
                                             ->  Bitmap Heap Scan on movie_info mi2  (cost=13075.06..445403.30 rows=78779 width=8) (actual time=67.317..554.519 rows=1019004 loops=1)
                                                   Recheck Cond: (info_type_id = 4)
                                                   Filter: ((info)::text = ANY ('{Czech,Danish,English,French,German,Korean,Spanish,Tagalog}'::text[]))
                                                   Rows Removed by Filter: 279985
                                                   Heap Blocks: exact=8393
                                                   Buffers: shared hit=2919 read=6493
                                                   ->  Bitmap Index Scan on info_type_id_movie_info  (cost=0.00..13055.37 rows=1221191 width=0) (actual time=64.967..64.967 rows=1298989 loops=1)
                                                         Index Cond: (info_type_id = 4)
                                                         Buffers: shared read=1019
                                             ->  Hash  (cost=76244.08..76244.08 rows=130645 width=4) (actual time=1144.593..1144.595 rows=187145 loops=1)
                                                   Buckets: 262144 (originally 131072)  Batches: 2 (originally 1)  Memory Usage: 6145kB
                                                   Buffers: shared hit=20484 read=15908, temp written=274
                                                   ->  Hash Join  (cost=1.11..76244.08 rows=130645 width=4) (actual time=0.164..1058.577 rows=187145 loops=1)
                                                         Hash Cond: (t.kind_id = kt.id)
                                                         Buffers: shared hit=20484 read=15908
                                                         ->  Seq Scan on title t  (cost=0.00..74315.95 rows=457258 width=8) (actual time=0.090..931.673 rows=451569 loops=1)
                                                               Filter: ((production_year <= 1975) AND (1875 < production_year))
                                                               Rows Removed by Filter: 2076743
                                                               Buffers: shared hit=20483 read=15908
                                                         ->  Hash  (cost=1.09..1.09 rows=2 width=4) (actual time=0.061..0.062 rows=2 loops=1)
                                                               Buckets: 1024  Batches: 1  Memory Usage: 9kB
                                                               Buffers: shared hit=1
                                                               ->  Seq Scan on kind_type kt  (cost=0.00..1.09 rows=2 width=4) (actual time=0.045..0.048 rows=2 loops=1)
                                                                     Filter: ((kind)::text = ANY ('{episode,"tv movie"}'::text[]))
                                                                     Rows Removed by Filter: 5
                                                                     Buffers: shared hit=1
                                       ->  Index Scan using movie_id_movie_info on movie_info mi1  (cost=0.43..43.06 rows=1 width=8) (actual time=0.093..0.094 rows=0 loops=86307)
                                             Index Cond: (movie_id = t.id)
                                             Filter: ((info_type_id = 3) AND ((info)::text = ANY ('{Action,Biography,Comedy,Crime,Drama,Romance,Short}'::text[])))
                                             Rows Removed by Filter: 9
                                             Buffers: shared hit=815239 read=42001
                     ->  Index Scan using movie_id_cast_info on cast_info ci  (cost=0.44..44.17 rows=38 width=12) (actual time=0.033..0.173 rows=17 loops=7983)
                           Index Cond: (movie_id = t.id)
                           Buffers: shared hit=119569 read=38185
               ->  Hash  (cost=1.15..1.15 rows=2 width=4) (actual time=0.027..0.027 rows=2 loops=1)
                     Buckets: 1024  Batches: 1  Memory Usage: 9kB
                     Buffers: shared hit=1
                     ->  Seq Scan on role_type rt  (cost=0.00..1.15 rows=2 width=4) (actual time=0.021..0.022 rows=2 loops=1)
                           Filter: ((role)::text = ANY ('{editor,writer}'::text[]))
                           Rows Removed by Filter: 10
                           Buffers: shared hit=1
         ->  Index Scan using name_pkey on name n  (cost=0.43..2.32 rows=1 width=4) (actual time=0.034..0.034 rows=0 loops=15458)
               Index Cond: (id = ci.person_id)
               Filter: ((gender)::text = ANY ('{f,m}'::text[]))
               Rows Removed by Filter: 1
               Buffers: shared hit=55194 read=6638
 Planning:
   Buffers: shared hit=520 read=54
 Planning Time: 7.312 ms
 Execution Time: 12324.799 ms
(76 rows)

