                                                                                            QUERY PLAN                                                                                            
--------------------------------------------------------------------------------------------------------------------------------------------------------------------------------------------------
 Aggregate  (cost=646582.07..646582.08 rows=1 width=8) (actual time=5020.224..5020.231 rows=1 loops=1)
   Buffers: shared hit=209663 read=79579
   ->  Nested Loop  (cost=90778.48..646581.42 rows=261 width=0) (actual time=1007.492..5016.428 rows=21773 loops=1)
         Buffers: shared hit=209663 read=79579
         ->  Hash Join  (cost=90778.05..645651.29 rows=401 width=4) (actual time=1007.290..3829.751 rows=23236 loops=1)
               Hash Cond: (ci.role_id = rt.id)
               Buffers: shared hit=129232 read=67066
               ->  Nested Loop  (cost=90776.88..645641.56 rows=2408 width=8) (actual time=1007.246..3813.041 rows=50078 loops=1)
                     Buffers: shared hit=129231 read=67066
                     ->  Nested Loop  (cost=90776.44..638101.82 rows=168 width=12) (actual time=1007.061..2834.740 rows=5889 loops=1)
                           Buffers: shared hit=82510 read=47968
                           ->  Seq Scan on info_type it2  (cost=0.00..2.41 rows=1 width=4) (actual time=0.028..0.037 rows=1 loops=1)
                                 Filter: (id = 4)
                                 Rows Removed by Filter: 112
                                 Buffers: shared hit=1
                           ->  Nested Loop  (cost=90776.44..638097.72 rows=168 width=16) (actual time=1007.031..2833.304 rows=5889 loops=1)
                                 Buffers: shared hit=82509 read=47968
                                 ->  Seq Scan on info_type it1  (cost=0.00..2.41 rows=1 width=4) (actual time=0.009..0.018 rows=1 loops=1)
                                       Filter: (id = 3)
                                       Rows Removed by Filter: 112
                                       Buffers: shared hit=1
                                 ->  Nested Loop  (cost=90776.44..638093.63 rows=168 width=20) (actual time=1007.019..2831.800 rows=5889 loops=1)
                                       Buffers: shared hit=82508 read=47968
                                       ->  Hash Join  (cost=90775.98..448277.38 rows=4398 width=12) (actual time=1006.627..1856.873 rows=8305 loops=1)
                                             Hash Cond: (mi2.movie_id = t.id)
                                             Buffers: shared hit=4875 read=40929
                                             ->  Bitmap Heap Scan on movie_info mi2  (cost=13073.71..370256.05 rows=73353 width=8) (actual time=52.624..698.553 rows=930353 loops=1)
                                                   Recheck Cond: (info_type_id = 4)
                                                   Filter: ((info)::text = ANY ('{English,German,Spanish}'::text[]))
                                                   Rows Removed by Filter: 368636
                                                   Heap Blocks: exact=8393
                                                   Buffers: shared hit=4874 read=4538
                                                   ->  Bitmap Index Scan on info_type_id_movie_info  (cost=0.00..13055.37 rows=1221191 width=0) (actual time=50.678..50.678 rows=1298989 loops=1)
                                                         Index Cond: (info_type_id = 4)
                                                         Buffers: shared read=1019
                                             ->  Hash  (cost=75807.58..75807.58 rows=151576 width=4) (actual time=947.654..947.657 rows=11843 loops=1)
                                                   Buckets: 262144  Batches: 1  Memory Usage: 2465kB
                                                   Buffers: shared hit=1 read=36391
                                                   ->  Hash Join  (cost=1.13..75807.58 rows=151576 width=4) (actual time=0.232..941.625 rows=11843 loops=1)
                                                         Hash Cond: (t.kind_id = kt.id)
                                                         Buffers: shared hit=1 read=36391
                                                         ->  Seq Scan on title t  (cost=0.00..74315.95 rows=353677 width=8) (actual time=0.027..892.406 rows=347589 loops=1)
                                                               Filter: ((production_year <= 1975) AND (1925 < production_year))
                                                               Rows Removed by Filter: 2180723
                                                               Buffers: shared read=36391
                                                         ->  Hash  (cost=1.10..1.10 rows=3 width=4) (actual time=0.022..0.023 rows=3 loops=1)
                                                               Buckets: 1024  Batches: 1  Memory Usage: 9kB
                                                               Buffers: shared hit=1
                                                               ->  Seq Scan on kind_type kt  (cost=0.00..1.10 rows=3 width=4) (actual time=0.011..0.013 rows=3 loops=1)
                                                                     Filter: ((kind)::text = ANY ('{"tv series","video game","video movie"}'::text[]))
                                                                     Rows Removed by Filter: 4
                                                                     Buffers: shared hit=1
                                       ->  Index Scan using movie_id_movie_info on movie_info mi1  (cost=0.46..43.15 rows=1 width=8) (actual time=0.114..0.117 rows=1 loops=8305)
                                             Index Cond: (movie_id = t.id)
                                             Filter: ((info_type_id = 3) AND ((info)::text = ANY ('{Comedy,Drama,Family,Musical,Sci-Fi,Short,Sport,Thriller,War}'::text[])))
                                             Rows Removed by Filter: 10
                                             Buffers: shared hit=77633 read=7039
                     ->  Index Scan using movie_id_cast_info on cast_info ci  (cost=0.44..44.50 rows=38 width=12) (actual time=0.050..0.163 rows=9 loops=5889)
                           Index Cond: (movie_id = t.id)
                           Buffers: shared hit=46721 read=19098
               ->  Hash  (cost=1.15..1.15 rows=2 width=4) (actual time=0.028..0.028 rows=2 loops=1)
                     Buckets: 1024  Batches: 1  Memory Usage: 9kB
                     Buffers: shared hit=1
                     ->  Seq Scan on role_type rt  (cost=0.00..1.15 rows=2 width=4) (actual time=0.018..0.023 rows=2 loops=1)
                           Filter: ((role)::text = ANY ('{actor,producer}'::text[]))
                           Rows Removed by Filter: 10
                           Buffers: shared hit=1
         ->  Index Scan using name_pkey on name n  (cost=0.43..2.32 rows=1 width=4) (actual time=0.050..0.050 rows=1 loops=23236)
               Index Cond: (id = ci.person_id)
               Filter: ((gender)::text = ANY ('{f,m}'::text[]))
               Rows Removed by Filter: 0
               Buffers: shared hit=80431 read=12513
 Planning:
   Buffers: shared hit=531 read=46
 Planning Time: 9.282 ms
 Execution Time: 5020.764 ms
(76 rows)

